<?xml version="1.0" encoding="UTF-8"?>
<testsuite xmlns:xsi="http://www.w3.org/2001/XMLSchema-instance" xsi:noNamespaceSchemaLocation="https://maven.apache.org/surefire/maven-surefire-plugin/xsd/surefire-test-report.xsd" version="3.0.2" name="org.apache.hadoop.ozone.s3.awssdk.v2.TestS3SDKV2" time="24.432" tests="5" errors="5" skipped="0" failures="0">
  <properties>
    <property name="java.specification.version" value="21"/>
    <property name="sun.jnu.encoding" value="UTF-8"/>
    <property name="java.class.path" value="/home/runner/work/ozone/ozone/hadoop-ozone/integration-test-s3/target/test-classes:/home/runner/work/ozone/ozone/hadoop-ozone/integration-test-s3/target/classes:/home/runner/.m2/repository/com/amazonaws/aws-java-sdk-core/1.12.661/aws-java-sdk-core-1.12.661.jar:/home/runner/.m2/repository/commons-codec/commons-codec/1.17.1/commons-codec-1.17.1.jar:/home/runner/.m2/repository/org/apache/httpcomponents/httpclient/4.5.14/httpclient-4.5.14.jar:/home/runner/.m2/repository/com/fasterxml/jackson/core/jackson-databind/2.16.2/jackson-databind-2.16.2.jar:/home/runner/.m2/repository/com/fasterxml/jackson/dataformat/jackson-dataformat-cbor/2.16.2/jackson-dataformat-cbor-2.16.2.jar:/home/runner/.m2/repository/joda-time/joda-time/2.12.7/joda-time-2.12.7.jar:/home/runner/.m2/repository/com/amazonaws/aws-java-sdk-s3/1.12.661/aws-java-sdk-s3-1.12.661.jar:/home/runner/.m2/repository/com/amazonaws/aws-java-sdk-kms/1.12.661/aws-java-sdk-kms-1.12.661.jar:/home/runner/.m2/repository/com/amazonaws/jmespath-java/1.12.661/jmespath-java-1.12.661.jar:/home/runner/.m2/repository/jakarta/xml/bind/jakarta.xml.bind-api/2.3.3/jakarta.xml.bind-api-2.3.3.jar:/home/runner/.m2/repository/jakarta/activation/jakarta.activation-api/1.2.2/jakarta.activation-api-1.2.2.jar:/home/runner/.m2/repository/org/apache/commons/commons-lang3/3.17.0/commons-lang3-3.17.0.jar:/home/runner/work/ozone/ozone/hadoop-hdds/common/target/hdds-common-2.1.0-SNAPSHOT.jar:/home/runner/.m2/repository/com/fasterxml/jackson/core/jackson-annotations/2.16.2/jackson-annotations-2.16.2.jar:/home/runner/.m2/repository/com/fasterxml/jackson/core/jackson-core/2.16.2/jackson-core-2.16.2.jar:/home/runner/.m2/repository/com/fasterxml/jackson/datatype/jackson-datatype-jsr310/2.16.2/jackson-datatype-jsr310-2.16.2.jar:/home/runner/.m2/repository/com/github/stephenc/jcip/jcip-annotations/1.0-1/jcip-annotations-1.0-1.jar:/home/runner/.m2/repository/com/google/guava/guava/32.1.3-jre/guava-32.1.3-jre.jar:/home/runner/.m2/repository/com/google/guava/failureaccess/1.0.1/failureaccess-1.0.1.jar:/home/runner/.m2/repository/com/google/guava/listenablefuture/9999.0-empty-to-avoid-conflict-with-guava/listenablefuture-9999.0-empty-to-avoid-conflict-with-guava.jar:/home/runner/.m2/repository/org/checkerframework/checker-qual/3.37.0/checker-qual-3.37.0.jar:/home/runner/.m2/repository/com/google/errorprone/error_prone_annotations/2.29.2/error_prone_annotations-2.29.2.jar:/home/runner/.m2/repository/com/google/j2objc/j2objc-annotations/2.8/j2objc-annotations-2.8.jar:/home/runner/.m2/repository/com/google/protobuf/protobuf-java/2.5.0/protobuf-java-2.5.0.jar:/home/runner/.m2/repository/commons-collections/commons-collections/3.2.2/commons-collections-3.2.2.jar:/home/runner/.m2/repository/commons-io/commons-io/2.18.0/commons-io-2.18.0.jar:/home/runner/.m2/repository/commons-validator/commons-validator/1.6/commons-validator-1.6.jar:/home/runner/.m2/repository/commons-beanutils/commons-beanutils/1.9.4/commons-beanutils-1.9.4.jar:/home/runner/.m2/repository/commons-digester/commons-digester/1.8.1/commons-digester-1.8.1.jar:/home/runner/.m2/repository/info/picocli/picocli/4.7.7/picocli-4.7.7.jar:/home/runner/.m2/repository/io/dropwizard/metrics/metrics-core/3.2.6/metrics-core-3.2.6.jar:/home/runner/.m2/repository/io/jaegertracing/jaeger-client/1.8.1/jaeger-client-1.8.1.jar:/home/runner/.m2/repository/io/jaegertracing/jaeger-thrift/1.8.1/jaeger-thrift-1.8.1.jar:/home/runner/.m2/repository/org/apache/thrift/libthrift/0.15.0/libthrift-0.15.0.jar:/home/runner/.m2/repository/com/squareup/okhttp3/okhttp/4.12.0/okhttp-4.12.0.jar:/home/runner/.m2/repository/com/squareup/okio/okio/3.6.0/okio-3.6.0.jar:/home/runner/.m2/repository/com/squareup/okio/okio-jvm/3.6.0/okio-jvm-3.6.0.jar:/home/runner/.m2/repository/org/jetbrains/kotlin/kotlin-stdlib-common/1.9.25/kotlin-stdlib-common-1.9.25.jar:/home/runner/.m2/repository/org/jetbrains/kotlin/kotlin-stdlib-jdk8/1.9.25/kotlin-stdlib-jdk8-1.9.25.jar:/home/runner/.m2/repository/org/jetbrains/kotlin/kotlin-stdlib-jdk7/1.9.25/kotlin-stdlib-jdk7-1.9.25.jar:/home/runner/.m2/repository/io/jaegertracing/jaeger-tracerresolver/1.8.1/jaeger-tracerresolver-1.8.1.jar:/home/runner/.m2/repository/io/opentracing/contrib/opentracing-tracerresolver/0.1.8/opentracing-tracerresolver-0.1.8.jar:/home/runner/.m2/repository/io/jaegertracing/jaeger-core/1.8.1/jaeger-core-1.8.1.jar:/home/runner/.m2/repository/io/opentracing/opentracing-api/0.33.0/opentracing-api-0.33.0.jar:/home/runner/.m2/repository/io/opentracing/opentracing-util/0.33.0/opentracing-util-0.33.0.jar:/home/runner/.m2/repository/jakarta/annotation/jakarta.annotation-api/2.1.1/jakarta.annotation-api-2.1.1.jar:/home/runner/.m2/repository/javax/annotation/javax.annotation-api/1.3.2/javax.annotation-api-1.3.2.jar:/home/runner/.m2/repository/org/apache/hadoop/hadoop-common/3.4.1/hadoop-common-3.4.1.jar:/home/runner/.m2/repository/org/apache/hadoop/thirdparty/hadoop-shaded-protobuf_3_25/1.4.0/hadoop-shaded-protobuf_3_25-1.4.0.jar:/home/runner/.m2/repository/org/apache/hadoop/hadoop-annotations/3.4.1/hadoop-annotations-3.4.1.jar:/home/runner/.m2/repository/org/apache/hadoop/thirdparty/hadoop-shaded-guava/1.3.0/hadoop-shaded-guava-1.3.0.jar:/home/runner/.m2/repository/org/codehaus/jettison/jettison/1.5.4/jettison-1.5.4.jar:/home/runner/.m2/repository/org/apache/commons/commons-text/1.12.0/commons-text-1.12.0.jar:/home/runner/.m2/repository/com/google/re2j/re2j/1.7/re2j-1.7.jar:/home/runner/.m2/repository/io/netty/netty-handler/4.1.109.Final/netty-handler-4.1.109.Final.jar:/home/runner/.m2/repository/io/netty/netty-transport-native-unix-common/4.1.109.Final/netty-transport-native-unix-common-4.1.109.Final.jar:/home/runner/.m2/repository/io/netty/netty-transport-native-epoll/4.1.109.Final/netty-transport-native-epoll-4.1.109.Final.jar:/home/runner/.m2/repository/org/codehaus/woodstox/stax2-api/4.2.1/stax2-api-4.2.1.jar:/home/runner/.m2/repository/com/fasterxml/woodstox/woodstox-core/5.4.0/woodstox-core-5.4.0.jar:/home/runner/work/ozone/ozone/hadoop-hdds/annotations/target/hdds-annotation-processing-2.1.0-SNAPSHOT.jar:/home/runner/work/ozone/ozone/hadoop-hdds/interface-admin/target/hdds-interface-admin-2.1.0-SNAPSHOT.jar:/home/runner/work/ozone/ozone/hadoop-hdds/interface-client/target/hdds-interface-client-2.1.0-SNAPSHOT.jar:/home/runner/.m2/repository/org/apache/ratis/ratis-client/3.1.2/ratis-client-3.1.2.jar:/home/runner/.m2/repository/org/apache/ratis/ratis-grpc/3.1.2/ratis-grpc-3.1.2.jar:/home/runner/.m2/repository/org/apache/ratis/ratis-metrics-dropwizard3/3.1.2/ratis-metrics-dropwizard3-3.1.2.jar:/home/runner/.m2/repository/org/apache/ratis/ratis-netty/3.1.2/ratis-netty-3.1.2.jar:/home/runner/.m2/repository/org/apache/ratis/ratis-proto/3.1.2/ratis-proto-3.1.2.jar:/home/runner/.m2/repository/org/apache/ratis/ratis-server-api/3.1.2/ratis-server-api-3.1.2.jar:/home/runner/.m2/repository/org/apache/ratis/ratis-thirdparty-misc/1.0.6/ratis-thirdparty-misc-1.0.6.jar:/home/runner/.m2/repository/org/bouncycastle/bcpkix-jdk18on/1.80/bcpkix-jdk18on-1.80.jar:/home/runner/.m2/repository/org/bouncycastle/bcprov-jdk18on/1.80/bcprov-jdk18on-1.80.jar:/home/runner/.m2/repository/org/bouncycastle/bcutil-jdk18on/1.80/bcutil-jdk18on-1.80.jar:/home/runner/.m2/repository/org/jetbrains/kotlin/kotlin-stdlib/1.9.25/kotlin-stdlib-1.9.25.jar:/home/runner/.m2/repository/org/jetbrains/annotations/13.0/annotations-13.0.jar:/home/runner/.m2/repository/org/reflections/reflections/0.10.2/reflections-0.10.2.jar:/home/runner/.m2/repository/org/slf4j/jcl-over-slf4j/2.0.17/jcl-over-slf4j-2.0.17.jar:/home/runner/.m2/repository/org/yaml/snakeyaml/2.0/snakeyaml-2.0.jar:/home/runner/.m2/repository/org/slf4j/slf4j-reload4j/2.0.17/slf4j-reload4j-2.0.17.jar:/home/runner/work/ozone/ozone/hadoop-hdds/config/target/hdds-config-2.1.0-SNAPSHOT.jar:/home/runner/work/ozone/ozone/hadoop-hdds/framework/target/hdds-server-framework-2.1.0-SNAPSHOT.jar:/home/runner/.m2/repository/ch/qos/reload4j/reload4j/1.2.26/reload4j-1.2.26.jar:/home/runner/.m2/repository/com/github/jnr/jnr-constants/0.10.4/jnr-constants-0.10.4.jar:/home/runner/.m2/repository/com/github/jnr/jnr-posix/3.1.20/jnr-posix-3.1.20.jar:/home/runner/.m2/repository/com/github/jnr/jnr-ffi/2.2.17/jnr-ffi-2.2.17.jar:/home/runner/.m2/repository/com/github/jnr/jffi/1.3.13/jffi-1.3.13.jar:/home/runner/.m2/repository/com/github/jnr/jffi/1.3.13/jffi-1.3.13-native.jar:/home/runner/.m2/repository/org/ow2/asm/asm/9.7.1/asm-9.7.1.jar:/home/runner/.m2/repository/org/ow2/asm/asm-commons/9.7.1/asm-commons-9.7.1.jar:/home/runner/.m2/repository/org/ow2/asm/asm-analysis/9.7.1/asm-analysis-9.7.1.jar:/home/runner/.m2/repository/org/ow2/asm/asm-tree/9.7.1/asm-tree-9.7.1.jar:/home/runner/.m2/repository/org/ow2/asm/asm-util/9.7.1/asm-util-9.7.1.jar:/home/runner/.m2/repository/com/github/jnr/jnr-a64asm/1.0.0/jnr-a64asm-1.0.0.jar:/home/runner/.m2/repository/com/github/jnr/jnr-x86asm/1.0.2/jnr-x86asm-1.0.2.jar:/home/runner/.m2/repository/com/google/code/gson/gson/2.10.1/gson-2.10.1.jar:/home/runner/.m2/repository/commons-fileupload/commons-fileupload/1.5/commons-fileupload-1.5.jar:/home/runner/.m2/repository/io/grpc/grpc-api/1.58.0/grpc-api-1.58.0.jar:/home/runner/.m2/repository/io/prometheus/simpleclient/0.16.0/simpleclient-0.16.0.jar:/home/runner/.m2/repository/io/prometheus/simpleclient_common/0.16.0/simpleclient_common-0.16.0.jar:/home/runner/.m2/repository/io/prometheus/simpleclient_dropwizard/0.16.0/simpleclient_dropwizard-0.16.0.jar:/home/runner/.m2/repository/jakarta/ws/rs/jakarta.ws.rs-api/2.1.6/jakarta.ws.rs-api-2.1.6.jar:/home/runner/.m2/repository/javax/servlet/javax.servlet-api/3.1.0/javax.servlet-api-3.1.0.jar:/home/runner/.m2/repository/org/apache/commons/commons-compress/1.27.1/commons-compress-1.27.1.jar:/home/runner/.m2/repository/org/apache/commons/commons-configuration2/2.11.0/commons-configuration2-2.11.0.jar:/home/runner/.m2/repository/org/apache/hadoop/hadoop-auth/3.4.1/hadoop-auth-3.4.1.jar:/home/runner/.m2/repository/org/apache/logging/log4j/log4j-api/2.24.2/log4j-api-2.24.2.jar:/home/runner/.m2/repository/org/apache/logging/log4j/log4j-core/2.24.2/log4j-core-2.24.2.jar:/home/runner/work/ozone/ozone/hadoop-hdds/interface-server/target/hdds-interface-server-2.1.0-SNAPSHOT.jar:/home/runner/work/ozone/ozone/hadoop-hdds/managed-rocksdb/target/hdds-managed-rocksdb-2.1.0-SNAPSHOT.jar:/home/runner/work/ozone/ozone/hadoop-hdds/rocksdb-checkpoint-differ/target/rocksdb-checkpoint-differ-2.1.0-SNAPSHOT.jar:/home/runner/.m2/repository/com/github/vlsi/mxgraph/jgraphx/3.9.12/jgraphx-3.9.12.jar:/home/runner/work/ozone/ozone/hadoop-hdds/rocks-native/target/hdds-rocks-native-2.1.0-SNAPSHOT.jar:/home/runner/.m2/repository/org/jgrapht/jgrapht-core/1.4.0/jgrapht-core-1.4.0.jar:/home/runner/.m2/repository/org/jheaps/jheaps/0.11/jheaps-0.11.jar:/home/runner/.m2/repository/org/jgrapht/jgrapht-ext/1.4.0/jgrapht-ext-1.4.0.jar:/home/runner/.m2/repository/org/apache/ratis/ratis-metrics-api/3.1.2/ratis-metrics-api-3.1.2.jar:/home/runner/.m2/repository/org/apache/ratis/ratis-server/3.1.2/ratis-server-3.1.2.jar:/home/runner/.m2/repository/org/eclipse/jetty/jetty-http/9.4.57.v20241219/jetty-http-9.4.57.v20241219.jar:/home/runner/.m2/repository/org/eclipse/jetty/jetty-io/9.4.57.v20241219/jetty-io-9.4.57.v20241219.jar:/home/runner/.m2/repository/org/eclipse/jetty/jetty-server/9.4.57.v20241219/jetty-server-9.4.57.v20241219.jar:/home/runner/.m2/repository/org/eclipse/jetty/jetty-servlet/9.4.57.v20241219/jetty-servlet-9.4.57.v20241219.jar:/home/runner/.m2/repository/org/eclipse/jetty/jetty-security/9.4.57.v20241219/jetty-security-9.4.57.v20241219.jar:/home/runner/.m2/repository/org/eclipse/jetty/jetty-util-ajax/9.4.57.v20241219/jetty-util-ajax-9.4.57.v20241219.jar:/home/runner/.m2/repository/org/eclipse/jetty/jetty-util/9.4.57.v20241219/jetty-util-9.4.57.v20241219.jar:/home/runner/.m2/repository/org/eclipse/jetty/jetty-webapp/9.4.57.v20241219/jetty-webapp-9.4.57.v20241219.jar:/home/runner/.m2/repository/org/eclipse/jetty/jetty-xml/9.4.57.v20241219/jetty-xml-9.4.57.v20241219.jar:/home/runner/.m2/repository/org/glassfish/jersey/containers/jersey-container-servlet-core/2.46/jersey-container-servlet-core-2.46.jar:/home/runner/.m2/repository/org/glassfish/hk2/external/jakarta.inject/2.6.1/jakarta.inject-2.6.1.jar:/home/runner/.m2/repository/org/glassfish/jersey/core/jersey-server/2.46/jersey-server-2.46.jar:/home/runner/.m2/repository/org/glassfish/jersey/core/jersey-client/2.46/jersey-client-2.46.jar:/home/runner/.m2/repository/jakarta/validation/jakarta.validation-api/2.0.2/jakarta.validation-api-2.0.2.jar:/home/runner/.m2/repository/org/rocksdb/rocksdbjni/7.7.3/rocksdbjni-7.7.3.jar:/home/runner/.m2/repository/com/lmax/disruptor/3.4.4/disruptor-3.4.4.jar:/home/runner/.m2/repository/com/nimbusds/nimbus-jose-jwt/9.40/nimbus-jose-jwt-9.40.jar:/home/runner/.m2/repository/commons-cli/commons-cli/1.8.0/commons-cli-1.8.0.jar:/home/runner/.m2/repository/log4j/apache-log4j-extras/1.2.17/apache-log4j-extras-1.2.17.jar:/home/runner/.m2/repository/org/apache/kerby/kerb-core/1.0.1/kerb-core-1.0.1.jar:/home/runner/.m2/repository/org/apache/kerby/kerby-pkix/1.0.1/kerby-pkix-1.0.1.jar:/home/runner/.m2/repository/org/apache/kerby/kerby-asn1/1.0.1/kerby-asn1-1.0.1.jar:/home/runner/.m2/repository/org/apache/kerby/kerb-util/1.0.1/kerb-util-1.0.1.jar:/home/runner/.m2/repository/org/apache/kerby/kerby-config/1.0.1/kerby-config-1.0.1.jar:/home/runner/.m2/repository/org/apache/kerby/kerb-crypto/1.0.1/kerb-crypto-1.0.1.jar:/home/runner/.m2/repository/org/xerial/snappy/snappy-java/1.1.10.7/snappy-java-1.1.10.7.jar:/home/runner/work/ozone/ozone/hadoop-hdds/test-utils/target/hdds-test-utils-2.1.0-SNAPSHOT-tests.jar:/home/runner/work/ozone/ozone/hadoop-ozone/client/target/ozone-client-2.1.0-SNAPSHOT.jar:/home/runner/work/ozone/ozone/hadoop-hdds/client/target/hdds-client-2.1.0-SNAPSHOT.jar:/home/runner/work/ozone/ozone/hadoop-hdds/erasurecode/target/hdds-erasurecode-2.1.0-SNAPSHOT.jar:/home/runner/work/ozone/ozone/hadoop-ozone/common/target/ozone-common-2.1.0-SNAPSHOT.jar:/home/runner/.m2/repository/io/grpc/grpc-netty/1.58.0/grpc-netty-1.58.0.jar:/home/runner/.m2/repository/io/grpc/grpc-core/1.58.0/grpc-core-1.58.0.jar:/home/runner/.m2/repository/com/google/android/annotations/4.1.1.4/annotations-4.1.1.4.jar:/home/runner/.m2/repository/org/codehaus/mojo/animal-sniffer-annotations/1.23/animal-sniffer-annotations-1.23.jar:/home/runner/.m2/repository/io/grpc/grpc-context/1.58.0/grpc-context-1.58.0.jar:/home/runner/.m2/repository/io/grpc/grpc-util/1.58.0/grpc-util-1.58.0.jar:/home/runner/.m2/repository/io/perfmark/perfmark-api/0.26.0/perfmark-api-0.26.0.jar:/home/runner/.m2/repository/io/netty/netty-common/4.1.109.Final/netty-common-4.1.109.Final.jar:/home/runner/.m2/repository/io/netty/netty-handler-proxy/4.1.109.Final/netty-handler-proxy-4.1.109.Final.jar:/home/runner/.m2/repository/io/netty/netty-codec-socks/4.1.109.Final/netty-codec-socks-4.1.109.Final.jar:/home/runner/.m2/repository/org/apache/hadoop/hadoop-hdfs-client/3.4.1/hadoop-hdfs-client-3.4.1.jar:/home/runner/.m2/repository/io/netty/netty-tcnative-boringssl-static/2.0.65.Final/netty-tcnative-boringssl-static-2.0.65.Final.jar:/home/runner/.m2/repository/io/netty/netty-tcnative-classes/2.0.65.Final/netty-tcnative-classes-2.0.65.Final.jar:/home/runner/.m2/repository/io/netty/netty-tcnative-boringssl-static/2.0.65.Final/netty-tcnative-boringssl-static-2.0.65.Final-linux-x86_64.jar:/home/runner/.m2/repository/io/netty/netty-tcnative-boringssl-static/2.0.65.Final/netty-tcnative-boringssl-static-2.0.65.Final-linux-aarch_64.jar:/home/runner/.m2/repository/io/netty/netty-tcnative-boringssl-static/2.0.65.Final/netty-tcnative-boringssl-static-2.0.65.Final-osx-x86_64.jar:/home/runner/.m2/repository/io/netty/netty-tcnative-boringssl-static/2.0.65.Final/netty-tcnative-boringssl-static-2.0.65.Final-osx-aarch_64.jar:/home/runner/.m2/repository/io/netty/netty-tcnative-boringssl-static/2.0.65.Final/netty-tcnative-boringssl-static-2.0.65.Final-windows-x86_64.jar:/home/runner/work/ozone/ozone/hadoop-ozone/interface-client/target/ozone-interface-client-2.1.0-SNAPSHOT.jar:/home/runner/.m2/repository/io/grpc/grpc-protobuf/1.58.0/grpc-protobuf-1.58.0.jar:/home/runner/.m2/repository/com/google/api/grpc/proto-google-common-protos/2.22.0/proto-google-common-protos-2.22.0.jar:/home/runner/.m2/repository/io/grpc/grpc-protobuf-lite/1.58.0/grpc-protobuf-lite-1.58.0.jar:/home/runner/.m2/repository/io/grpc/grpc-stub/1.58.0/grpc-stub-1.58.0.jar:/home/runner/work/ozone/ozone/hadoop-ozone/mini-cluster/target/ozone-mini-cluster-2.1.0-SNAPSHOT.jar:/home/runner/work/ozone/ozone/hadoop-hdds/common/target/hdds-common-2.1.0-SNAPSHOT-tests.jar:/home/runner/work/ozone/ozone/hadoop-hdds/container-service/target/hdds-container-service-2.1.0-SNAPSHOT.jar:/home/runner/.m2/repository/com/github/luben/zstd-jni/1.5.7-3/zstd-jni-1.5.7-3.jar:/home/runner/.m2/repository/io/netty/netty-buffer/4.1.109.Final/netty-buffer-4.1.109.Final.jar:/home/runner/.m2/repository/io/netty/netty-codec/4.1.109.Final/netty-codec-4.1.109.Final.jar:/home/runner/.m2/repository/org/apache/hadoop/hadoop-hdfs/3.4.1/hadoop-hdfs-3.4.1.jar:/home/runner/.m2/repository/commons-daemon/commons-daemon/1.4.0/commons-daemon-1.4.0.jar:/home/runner/work/ozone/ozone/hadoop-hdds/server-scm/target/hdds-server-scm-2.1.0-SNAPSHOT.jar:/home/runner/work/ozone/ozone/hadoop-hdds/server-scm/target/hdds-server-scm-2.1.0-SNAPSHOT-tests.jar:/home/runner/work/ozone/ozone/hadoop-ozone/ozone-manager/target/ozone-manager-2.1.0-SNAPSHOT.jar:/home/runner/.m2/repository/com/sun/jersey/jersey-client/1.19.4/jersey-client-1.19.4.jar:/home/runner/.m2/repository/com/sun/jersey/jersey-core/1.19.4/jersey-core-1.19.4.jar:/home/runner/.m2/repository/javax/ws/rs/jsr311-api/1.1.1/jsr311-api-1.1.1.jar:/home/runner/work/ozone/ozone/hadoop-ozone/interface-storage/target/ozone-interface-storage-2.1.0-SNAPSHOT.jar:/home/runner/.m2/repository/org/apache/ranger/ranger-intg/2.6.0/ranger-intg-2.6.0.jar:/home/runner/.m2/repository/org/apache/ranger/ranger-plugins-common/2.6.0/ranger-plugins-common-2.6.0.jar:/home/runner/.m2/repository/com/fasterxml/jackson/jaxrs/jackson-jaxrs-base/2.16.2/jackson-jaxrs-base-2.16.2.jar:/home/runner/.m2/repository/com/fasterxml/jackson/jaxrs/jackson-jaxrs-json-provider/2.16.2/jackson-jaxrs-json-provider-2.16.2.jar:/home/runner/.m2/repository/com/kstruct/gethostname4j/1.0.0/gethostname4j-1.0.0.jar:/home/runner/.m2/repository/commons-lang/commons-lang/2.6/commons-lang-2.6.jar:/home/runner/.m2/repository/net/java/dev/jna/jna/5.2.0/jna-5.2.0.jar:/home/runner/.m2/repository/net/java/dev/jna/jna-platform/5.2.0/jna-platform-5.2.0.jar:/home/runner/.m2/repository/org/apache/ranger/ranger-plugin-classloader/2.6.0/ranger-plugin-classloader-2.6.0.jar:/home/runner/.m2/repository/org/apache/ranger/ranger-plugins-audit/2.6.0/ranger-plugins-audit-2.6.0.jar:/home/runner/.m2/repository/com/amazonaws/aws-java-sdk-logs/1.12.765/aws-java-sdk-logs-1.12.765.jar:/home/runner/.m2/repository/com/carrotsearch/hppc/0.8.0/hppc-0.8.0.jar:/home/runner/.m2/repository/io/airlift/aircompressor/0.27/aircompressor-0.27.jar:/home/runner/.m2/repository/org/apache/httpcomponents/httpasyncclient/4.1.4/httpasyncclient-4.1.4.jar:/home/runner/.m2/repository/org/apache/httpcomponents/httpcore-nio/4.4.16/httpcore-nio-4.4.16.jar:/home/runner/.m2/repository/org/apache/httpcomponents/httpmime/4.5.13/httpmime-4.5.13.jar:/home/runner/.m2/repository/org/apache/orc/orc-core/1.5.8/orc-core-1.5.8.jar:/home/runner/.m2/repository/org/apache/orc/orc-shims/1.5.8/orc-shims-1.5.8.jar:/home/runner/.m2/repository/org/eclipse/jetty/jetty-client/9.4.57.v20241219/jetty-client-9.4.57.v20241219.jar:/home/runner/.m2/repository/org/apache/ranger/ranger-plugins-cred/2.6.0/ranger-plugins-cred-2.6.0.jar:/home/runner/.m2/repository/org/aspectj/aspectjrt/1.9.7/aspectjrt-1.9.7.jar:/home/runner/.m2/repository/org/aspectj/aspectjweaver/1.9.7/aspectjweaver-1.9.7.jar:/home/runner/work/ozone/ozone/hadoop-ozone/recon/target/ozone-recon-2.1.0-SNAPSHOT.jar:/home/runner/.m2/repository/aopalliance/aopalliance/1.0/aopalliance-1.0.jar:/home/runner/.m2/repository/com/google/inject/guice/6.0.0/guice-6.0.0.jar:/home/runner/.m2/repository/jakarta/inject/jakarta.inject-api/2.0.1/jakarta.inject-api-2.0.1.jar:/home/runner/.m2/repository/com/google/inject/extensions/guice-assistedinject/6.0.0/guice-assistedinject-6.0.0.jar:/home/runner/.m2/repository/com/google/inject/extensions/guice-servlet/6.0.0/guice-servlet-6.0.0.jar:/home/runner/.m2/repository/com/jolbox/bonecp/0.8.0.RELEASE/bonecp-0.8.0.RELEASE.jar:/home/runner/.m2/repository/org/apache/derby/derby/10.14.2.0/derby-10.14.2.0.jar:/home/runner/work/ozone/ozone/hadoop-ozone/cli-admin/target/ozone-cli-admin-2.1.0-SNAPSHOT.jar:/home/runner/.m2/repository/org/glassfish/hk2/guice-bridge/2.6.1/guice-bridge-2.6.1.jar:/home/runner/.m2/repository/org/glassfish/jersey/containers/jersey-container-servlet/2.46/jersey-container-servlet-2.46.jar:/home/runner/.m2/repository/org/glassfish/jersey/media/jersey-media-json-jackson/2.46/jersey-media-json-jackson-2.46.jar:/home/runner/.m2/repository/org/glassfish/jersey/ext/jersey-entity-filtering/2.46/jersey-entity-filtering-2.46.jar:/home/runner/.m2/repository/org/jooq/jooq/3.11.10/jooq-3.11.10.jar:/home/runner/.m2/repository/org/jooq/jooq-codegen/3.11.10/jooq-codegen-3.11.10.jar:/home/runner/.m2/repository/org/jooq/jooq-meta/3.11.10/jooq-meta-3.11.10.jar:/home/runner/.m2/repository/org/springframework/spring-core/5.3.39/spring-core-5.3.39.jar:/home/runner/.m2/repository/org/springframework/spring-jdbc/5.3.39/spring-jdbc-5.3.39.jar:/home/runner/.m2/repository/org/springframework/spring-beans/5.3.39/spring-beans-5.3.39.jar:/home/runner/.m2/repository/org/springframework/spring-tx/5.3.39/spring-tx-5.3.39.jar:/home/runner/.m2/repository/org/xerial/sqlite-jdbc/3.49.1.0/sqlite-jdbc-3.49.1.0.jar:/home/runner/work/ozone/ozone/hadoop-ozone/recon-codegen/target/ozone-reconcodegen-2.1.0-SNAPSHOT.jar:/home/runner/work/ozone/ozone/hadoop-ozone/s3gateway/target/ozone-s3gateway-2.1.0-SNAPSHOT.jar:/home/runner/.m2/repository/com/fasterxml/jackson/dataformat/jackson-dataformat-xml/2.16.2/jackson-dataformat-xml-2.16.2.jar:/home/runner/.m2/repository/com/fasterxml/jackson/module/jackson-module-jaxb-annotations/2.16.2/jackson-module-jaxb-annotations-2.16.2.jar:/home/runner/.m2/repository/io/netty/netty-codec-http2/4.1.109.Final/netty-codec-http2-4.1.109.Final.jar:/home/runner/.m2/repository/io/netty/netty-codec-http/4.1.109.Final/netty-codec-http-4.1.109.Final.jar:/home/runner/.m2/repository/io/netty/netty-transport/4.1.109.Final/netty-transport-4.1.109.Final.jar:/home/runner/.m2/repository/io/netty/netty-resolver/4.1.109.Final/netty-resolver-4.1.109.Final.jar:/home/runner/.m2/repository/io/opentracing/opentracing-noop/0.33.0/opentracing-noop-0.33.0.jar:/home/runner/.m2/repository/javax/enterprise/cdi-api/2.0/cdi-api-2.0.jar:/home/runner/.m2/repository/javax/el/javax.el-api/3.0.0/javax.el-api-3.0.0.jar:/home/runner/.m2/repository/javax/interceptor/javax.interceptor-api/1.2/javax.interceptor-api-1.2.jar:/home/runner/.m2/repository/javax/inject/javax.inject/1/javax.inject-1.jar:/home/runner/.m2/repository/org/apache/httpcomponents/httpcore/4.4.16/httpcore-4.4.16.jar:/home/runner/.m2/repository/org/apache/kerby/kerby-util/1.0.1/kerby-util-1.0.1.jar:/home/runner/.m2/repository/org/glassfish/hk2/hk2-api/2.6.1/hk2-api-2.6.1.jar:/home/runner/.m2/repository/org/glassfish/hk2/hk2-utils/2.6.1/hk2-utils-2.6.1.jar:/home/runner/.m2/repository/org/glassfish/hk2/external/aopalliance-repackaged/2.6.1/aopalliance-repackaged-2.6.1.jar:/home/runner/.m2/repository/org/glassfish/jaxb/jaxb-runtime/2.3.9/jaxb-runtime-2.3.9.jar:/home/runner/.m2/repository/org/glassfish/jaxb/txw2/2.3.9/txw2-2.3.9.jar:/home/runner/.m2/repository/com/sun/istack/istack-commons-runtime/3.0.12/istack-commons-runtime-3.0.12.jar:/home/runner/.m2/repository/com/sun/activation/jakarta.activation/1.2.2/jakarta.activation-1.2.2.jar:/home/runner/.m2/repository/org/glassfish/jersey/core/jersey-common/2.46/jersey-common-2.46.jar:/home/runner/.m2/repository/org/glassfish/hk2/osgi-resource-locator/1.0.3/osgi-resource-locator-1.0.3.jar:/home/runner/.m2/repository/org/glassfish/jersey/ext/cdi/jersey-cdi1x/2.46/jersey-cdi1x-2.46.jar:/home/runner/.m2/repository/org/glassfish/jersey/inject/jersey-hk2/2.46/jersey-hk2-2.46.jar:/home/runner/.m2/repository/org/glassfish/hk2/hk2-locator/2.6.1/hk2-locator-2.6.1.jar:/home/runner/.m2/repository/org/glassfish/jersey/media/jersey-media-jaxb/2.46/jersey-media-jaxb-2.46.jar:/home/runner/.m2/repository/org/javassist/javassist/3.30.2-GA/javassist-3.30.2-GA.jar:/home/runner/.m2/repository/org/jboss/weld/servlet/weld-servlet-shaded/3.1.9.Final/weld-servlet-shaded-3.1.9.Final.jar:/home/runner/.m2/repository/org/apache/ratis/ratis-common/3.1.2/ratis-common-3.1.2.jar:/home/runner/.m2/repository/org/slf4j/slf4j-api/2.0.17/slf4j-api-2.0.17.jar:/home/runner/.m2/repository/software/amazon/awssdk/auth/2.31.25/auth-2.31.25.jar:/home/runner/.m2/repository/software/amazon/awssdk/annotations/2.31.25/annotations-2.31.25.jar:/home/runner/.m2/repository/software/amazon/awssdk/utils/2.31.25/utils-2.31.25.jar:/home/runner/.m2/repository/software/amazon/awssdk/identity-spi/2.31.25/identity-spi-2.31.25.jar:/home/runner/.m2/repository/software/amazon/awssdk/profiles/2.31.25/profiles-2.31.25.jar:/home/runner/.m2/repository/software/amazon/awssdk/http-client-spi/2.31.25/http-client-spi-2.31.25.jar:/home/runner/.m2/repository/software/amazon/awssdk/json-utils/2.31.25/json-utils-2.31.25.jar:/home/runner/.m2/repository/software/amazon/awssdk/third-party-jackson-core/2.31.25/third-party-jackson-core-2.31.25.jar:/home/runner/.m2/repository/software/amazon/awssdk/http-auth-aws/2.31.25/http-auth-aws-2.31.25.jar:/home/runner/.m2/repository/software/amazon/awssdk/http-auth-aws-eventstream/2.31.25/http-auth-aws-eventstream-2.31.25.jar:/home/runner/.m2/repository/software/amazon/awssdk/http-auth/2.31.25/http-auth-2.31.25.jar:/home/runner/.m2/repository/software/amazon/awssdk/http-auth-spi/2.31.25/http-auth-spi-2.31.25.jar:/home/runner/.m2/repository/software/amazon/eventstream/eventstream/1.0.1/eventstream-1.0.1.jar:/home/runner/.m2/repository/software/amazon/awssdk/aws-core/2.31.25/aws-core-2.31.25.jar:/home/runner/.m2/repository/software/amazon/awssdk/metrics-spi/2.31.25/metrics-spi-2.31.25.jar:/home/runner/.m2/repository/software/amazon/awssdk/endpoints-spi/2.31.25/endpoints-spi-2.31.25.jar:/home/runner/.m2/repository/software/amazon/awssdk/retries-spi/2.31.25/retries-spi-2.31.25.jar:/home/runner/.m2/repository/software/amazon/awssdk/retries/2.31.25/retries-2.31.25.jar:/home/runner/.m2/repository/software/amazon/awssdk/regions/2.31.25/regions-2.31.25.jar:/home/runner/.m2/repository/software/amazon/awssdk/s3/2.31.25/s3-2.31.25.jar:/home/runner/.m2/repository/software/amazon/awssdk/aws-xml-protocol/2.31.25/aws-xml-protocol-2.31.25.jar:/home/runner/.m2/repository/software/amazon/awssdk/aws-query-protocol/2.31.25/aws-query-protocol-2.31.25.jar:/home/runner/.m2/repository/software/amazon/awssdk/protocol-core/2.31.25/protocol-core-2.31.25.jar:/home/runner/.m2/repository/software/amazon/awssdk/arns/2.31.25/arns-2.31.25.jar:/home/runner/.m2/repository/software/amazon/awssdk/crt-core/2.31.25/crt-core-2.31.25.jar:/home/runner/.m2/repository/software/amazon/awssdk/checksums/2.31.25/checksums-2.31.25.jar:/home/runner/.m2/repository/software/amazon/awssdk/checksums-spi/2.31.25/checksums-spi-2.31.25.jar:/home/runner/.m2/repository/software/amazon/awssdk/apache-client/2.31.25/apache-client-2.31.25.jar:/home/runner/.m2/repository/software/amazon/awssdk/netty-nio-client/2.31.25/netty-nio-client-2.31.25.jar:/home/runner/.m2/repository/io/netty/netty-transport-classes-epoll/4.1.109.Final/netty-transport-classes-epoll-4.1.109.Final.jar:/home/runner/.m2/repository/software/amazon/awssdk/sdk-core/2.31.25/sdk-core-2.31.25.jar:/home/runner/.m2/repository/org/reactivestreams/reactive-streams/1.0.4/reactive-streams-1.0.4.jar:/home/runner/.m2/repository/org/assertj/assertj-core/3.27.3/assertj-core-3.27.3.jar:/home/runner/.m2/repository/net/bytebuddy/byte-buddy/1.15.11/byte-buddy-1.15.11.jar:/home/runner/.m2/repository/org/junit/jupiter/junit-jupiter-api/5.12.2/junit-jupiter-api-5.12.2.jar:/home/runner/.m2/repository/org/opentest4j/opentest4j/1.3.0/opentest4j-1.3.0.jar:/home/runner/.m2/repository/org/junit/platform/junit-platform-commons/1.12.2/junit-platform-commons-1.12.2.jar:/home/runner/.m2/repository/org/apiguardian/apiguardian-api/1.1.2/apiguardian-api-1.1.2.jar:/home/runner/.m2/repository/org/junit/jupiter/junit-jupiter-params/5.12.2/junit-jupiter-params-5.12.2.jar:/home/runner/.m2/repository/org/mockito/mockito-core/4.11.0/mockito-core-4.11.0.jar:/home/runner/.m2/repository/net/bytebuddy/byte-buddy-agent/1.12.19/byte-buddy-agent-1.12.19.jar:/home/runner/.m2/repository/org/objenesis/objenesis/3.3/objenesis-3.3.jar:/home/runner/.m2/repository/org/mockito/mockito-inline/4.11.0/mockito-inline-4.11.0.jar:/home/runner/.m2/repository/org/mockito/mockito-junit-jupiter/4.11.0/mockito-junit-jupiter-4.11.0.jar:/home/runner/work/ozone/ozone/hadoop-ozone/integration-test-s3/target/gradle-enterprise/test-listeners.jar:"/>
    <property name="java.vm.vendor" value="Eclipse Adoptium"/>
    <property name="sun.arch.data.model" value="64"/>
    <property name="test.build.dir" value="/home/runner/work/ozone/ozone/hadoop-ozone/integration-test-s3/target/test-dir"/>
    <property name="test.cache.data" value=""/>
    <property name="java.vendor.url" value="https://adoptium.net/"/>
    <property name="user.timezone" value="Etc/UTC"/>
    <property name="maven-surefire-plugin.argLineAccessArgs" value=" --add-opens java.management/com.sun.jmx.mbeanserver=ALL-UNNAMED --add-exports java.management/com.sun.jmx.mbeanserver=ALL-UNNAMED --add-opens java.base/java.nio=ALL-UNNAMED --add-opens java.base/java.lang=ALL-UNNAMED --add-opens java.base/java.lang.reflect=ALL-UNNAMED"/>
    <property name="os.name" value="Linux"/>
    <property name="java.vm.specification.version" value="21"/>
    <property name="test.build.data" value="/home/runner/work/ozone/ozone/hadoop-ozone/integration-test-s3/target/test-dir"/>
    <property name="sun.java.launcher" value="SUN_STANDARD"/>
    <property name="sun.boot.library.path" value="/usr/lib/jvm/temurin-21-jdk-amd64/lib"/>
    <property name="sun.java.command" value="/home/runner/work/ozone/ozone/hadoop-ozone/integration-test-s3/target/surefire/surefirebooter-20250513080711196_1200.jar /home/runner/work/ozone/ozone/hadoop-ozone/integration-test-s3/target/surefire 2025-05-13T07-33-12_829-jvmRun1 surefire-20250513080711196_1198tmp surefire_137-20250513080711196_1199tmp"/>
    <property name="jdk.debug" value="release"/>
    <property name="native.lib.tmp.dir" value="/tmp"/>
    <property name="surefire.test.class.path" value="/home/runner/work/ozone/ozone/hadoop-ozone/integration-test-s3/target/test-classes:/home/runner/work/ozone/ozone/hadoop-ozone/integration-test-s3/target/classes:/home/runner/.m2/repository/com/amazonaws/aws-java-sdk-core/1.12.661/aws-java-sdk-core-1.12.661.jar:/home/runner/.m2/repository/commons-codec/commons-codec/1.17.1/commons-codec-1.17.1.jar:/home/runner/.m2/repository/org/apache/httpcomponents/httpclient/4.5.14/httpclient-4.5.14.jar:/home/runner/.m2/repository/com/fasterxml/jackson/core/jackson-databind/2.16.2/jackson-databind-2.16.2.jar:/home/runner/.m2/repository/com/fasterxml/jackson/dataformat/jackson-dataformat-cbor/2.16.2/jackson-dataformat-cbor-2.16.2.jar:/home/runner/.m2/repository/joda-time/joda-time/2.12.7/joda-time-2.12.7.jar:/home/runner/.m2/repository/com/amazonaws/aws-java-sdk-s3/1.12.661/aws-java-sdk-s3-1.12.661.jar:/home/runner/.m2/repository/com/amazonaws/aws-java-sdk-kms/1.12.661/aws-java-sdk-kms-1.12.661.jar:/home/runner/.m2/repository/com/amazonaws/jmespath-java/1.12.661/jmespath-java-1.12.661.jar:/home/runner/.m2/repository/jakarta/xml/bind/jakarta.xml.bind-api/2.3.3/jakarta.xml.bind-api-2.3.3.jar:/home/runner/.m2/repository/jakarta/activation/jakarta.activation-api/1.2.2/jakarta.activation-api-1.2.2.jar:/home/runner/.m2/repository/org/apache/commons/commons-lang3/3.17.0/commons-lang3-3.17.0.jar:/home/runner/work/ozone/ozone/hadoop-hdds/common/target/hdds-common-2.1.0-SNAPSHOT.jar:/home/runner/.m2/repository/com/fasterxml/jackson/core/jackson-annotations/2.16.2/jackson-annotations-2.16.2.jar:/home/runner/.m2/repository/com/fasterxml/jackson/core/jackson-core/2.16.2/jackson-core-2.16.2.jar:/home/runner/.m2/repository/com/fasterxml/jackson/datatype/jackson-datatype-jsr310/2.16.2/jackson-datatype-jsr310-2.16.2.jar:/home/runner/.m2/repository/com/github/stephenc/jcip/jcip-annotations/1.0-1/jcip-annotations-1.0-1.jar:/home/runner/.m2/repository/com/google/guava/guava/32.1.3-jre/guava-32.1.3-jre.jar:/home/runner/.m2/repository/com/google/guava/failureaccess/1.0.1/failureaccess-1.0.1.jar:/home/runner/.m2/repository/com/google/guava/listenablefuture/9999.0-empty-to-avoid-conflict-with-guava/listenablefuture-9999.0-empty-to-avoid-conflict-with-guava.jar:/home/runner/.m2/repository/org/checkerframework/checker-qual/3.37.0/checker-qual-3.37.0.jar:/home/runner/.m2/repository/com/google/errorprone/error_prone_annotations/2.29.2/error_prone_annotations-2.29.2.jar:/home/runner/.m2/repository/com/google/j2objc/j2objc-annotations/2.8/j2objc-annotations-2.8.jar:/home/runner/.m2/repository/com/google/protobuf/protobuf-java/2.5.0/protobuf-java-2.5.0.jar:/home/runner/.m2/repository/commons-collections/commons-collections/3.2.2/commons-collections-3.2.2.jar:/home/runner/.m2/repository/commons-io/commons-io/2.18.0/commons-io-2.18.0.jar:/home/runner/.m2/repository/commons-validator/commons-validator/1.6/commons-validator-1.6.jar:/home/runner/.m2/repository/commons-beanutils/commons-beanutils/1.9.4/commons-beanutils-1.9.4.jar:/home/runner/.m2/repository/commons-digester/commons-digester/1.8.1/commons-digester-1.8.1.jar:/home/runner/.m2/repository/info/picocli/picocli/4.7.7/picocli-4.7.7.jar:/home/runner/.m2/repository/io/dropwizard/metrics/metrics-core/3.2.6/metrics-core-3.2.6.jar:/home/runner/.m2/repository/io/jaegertracing/jaeger-client/1.8.1/jaeger-client-1.8.1.jar:/home/runner/.m2/repository/io/jaegertracing/jaeger-thrift/1.8.1/jaeger-thrift-1.8.1.jar:/home/runner/.m2/repository/org/apache/thrift/libthrift/0.15.0/libthrift-0.15.0.jar:/home/runner/.m2/repository/com/squareup/okhttp3/okhttp/4.12.0/okhttp-4.12.0.jar:/home/runner/.m2/repository/com/squareup/okio/okio/3.6.0/okio-3.6.0.jar:/home/runner/.m2/repository/com/squareup/okio/okio-jvm/3.6.0/okio-jvm-3.6.0.jar:/home/runner/.m2/repository/org/jetbrains/kotlin/kotlin-stdlib-common/1.9.25/kotlin-stdlib-common-1.9.25.jar:/home/runner/.m2/repository/org/jetbrains/kotlin/kotlin-stdlib-jdk8/1.9.25/kotlin-stdlib-jdk8-1.9.25.jar:/home/runner/.m2/repository/org/jetbrains/kotlin/kotlin-stdlib-jdk7/1.9.25/kotlin-stdlib-jdk7-1.9.25.jar:/home/runner/.m2/repository/io/jaegertracing/jaeger-tracerresolver/1.8.1/jaeger-tracerresolver-1.8.1.jar:/home/runner/.m2/repository/io/opentracing/contrib/opentracing-tracerresolver/0.1.8/opentracing-tracerresolver-0.1.8.jar:/home/runner/.m2/repository/io/jaegertracing/jaeger-core/1.8.1/jaeger-core-1.8.1.jar:/home/runner/.m2/repository/io/opentracing/opentracing-api/0.33.0/opentracing-api-0.33.0.jar:/home/runner/.m2/repository/io/opentracing/opentracing-util/0.33.0/opentracing-util-0.33.0.jar:/home/runner/.m2/repository/jakarta/annotation/jakarta.annotation-api/2.1.1/jakarta.annotation-api-2.1.1.jar:/home/runner/.m2/repository/javax/annotation/javax.annotation-api/1.3.2/javax.annotation-api-1.3.2.jar:/home/runner/.m2/repository/org/apache/hadoop/hadoop-common/3.4.1/hadoop-common-3.4.1.jar:/home/runner/.m2/repository/org/apache/hadoop/thirdparty/hadoop-shaded-protobuf_3_25/1.4.0/hadoop-shaded-protobuf_3_25-1.4.0.jar:/home/runner/.m2/repository/org/apache/hadoop/hadoop-annotations/3.4.1/hadoop-annotations-3.4.1.jar:/home/runner/.m2/repository/org/apache/hadoop/thirdparty/hadoop-shaded-guava/1.3.0/hadoop-shaded-guava-1.3.0.jar:/home/runner/.m2/repository/org/codehaus/jettison/jettison/1.5.4/jettison-1.5.4.jar:/home/runner/.m2/repository/org/apache/commons/commons-text/1.12.0/commons-text-1.12.0.jar:/home/runner/.m2/repository/com/google/re2j/re2j/1.7/re2j-1.7.jar:/home/runner/.m2/repository/io/netty/netty-handler/4.1.109.Final/netty-handler-4.1.109.Final.jar:/home/runner/.m2/repository/io/netty/netty-transport-native-unix-common/4.1.109.Final/netty-transport-native-unix-common-4.1.109.Final.jar:/home/runner/.m2/repository/io/netty/netty-transport-native-epoll/4.1.109.Final/netty-transport-native-epoll-4.1.109.Final.jar:/home/runner/.m2/repository/org/codehaus/woodstox/stax2-api/4.2.1/stax2-api-4.2.1.jar:/home/runner/.m2/repository/com/fasterxml/woodstox/woodstox-core/5.4.0/woodstox-core-5.4.0.jar:/home/runner/work/ozone/ozone/hadoop-hdds/annotations/target/hdds-annotation-processing-2.1.0-SNAPSHOT.jar:/home/runner/work/ozone/ozone/hadoop-hdds/interface-admin/target/hdds-interface-admin-2.1.0-SNAPSHOT.jar:/home/runner/work/ozone/ozone/hadoop-hdds/interface-client/target/hdds-interface-client-2.1.0-SNAPSHOT.jar:/home/runner/.m2/repository/org/apache/ratis/ratis-client/3.1.2/ratis-client-3.1.2.jar:/home/runner/.m2/repository/org/apache/ratis/ratis-grpc/3.1.2/ratis-grpc-3.1.2.jar:/home/runner/.m2/repository/org/apache/ratis/ratis-metrics-dropwizard3/3.1.2/ratis-metrics-dropwizard3-3.1.2.jar:/home/runner/.m2/repository/org/apache/ratis/ratis-netty/3.1.2/ratis-netty-3.1.2.jar:/home/runner/.m2/repository/org/apache/ratis/ratis-proto/3.1.2/ratis-proto-3.1.2.jar:/home/runner/.m2/repository/org/apache/ratis/ratis-server-api/3.1.2/ratis-server-api-3.1.2.jar:/home/runner/.m2/repository/org/apache/ratis/ratis-thirdparty-misc/1.0.6/ratis-thirdparty-misc-1.0.6.jar:/home/runner/.m2/repository/org/bouncycastle/bcpkix-jdk18on/1.80/bcpkix-jdk18on-1.80.jar:/home/runner/.m2/repository/org/bouncycastle/bcprov-jdk18on/1.80/bcprov-jdk18on-1.80.jar:/home/runner/.m2/repository/org/bouncycastle/bcutil-jdk18on/1.80/bcutil-jdk18on-1.80.jar:/home/runner/.m2/repository/org/jetbrains/kotlin/kotlin-stdlib/1.9.25/kotlin-stdlib-1.9.25.jar:/home/runner/.m2/repository/org/jetbrains/annotations/13.0/annotations-13.0.jar:/home/runner/.m2/repository/org/reflections/reflections/0.10.2/reflections-0.10.2.jar:/home/runner/.m2/repository/org/slf4j/jcl-over-slf4j/2.0.17/jcl-over-slf4j-2.0.17.jar:/home/runner/.m2/repository/org/yaml/snakeyaml/2.0/snakeyaml-2.0.jar:/home/runner/.m2/repository/org/slf4j/slf4j-reload4j/2.0.17/slf4j-reload4j-2.0.17.jar:/home/runner/work/ozone/ozone/hadoop-hdds/config/target/hdds-config-2.1.0-SNAPSHOT.jar:/home/runner/work/ozone/ozone/hadoop-hdds/framework/target/hdds-server-framework-2.1.0-SNAPSHOT.jar:/home/runner/.m2/repository/ch/qos/reload4j/reload4j/1.2.26/reload4j-1.2.26.jar:/home/runner/.m2/repository/com/github/jnr/jnr-constants/0.10.4/jnr-constants-0.10.4.jar:/home/runner/.m2/repository/com/github/jnr/jnr-posix/3.1.20/jnr-posix-3.1.20.jar:/home/runner/.m2/repository/com/github/jnr/jnr-ffi/2.2.17/jnr-ffi-2.2.17.jar:/home/runner/.m2/repository/com/github/jnr/jffi/1.3.13/jffi-1.3.13.jar:/home/runner/.m2/repository/com/github/jnr/jffi/1.3.13/jffi-1.3.13-native.jar:/home/runner/.m2/repository/org/ow2/asm/asm/9.7.1/asm-9.7.1.jar:/home/runner/.m2/repository/org/ow2/asm/asm-commons/9.7.1/asm-commons-9.7.1.jar:/home/runner/.m2/repository/org/ow2/asm/asm-analysis/9.7.1/asm-analysis-9.7.1.jar:/home/runner/.m2/repository/org/ow2/asm/asm-tree/9.7.1/asm-tree-9.7.1.jar:/home/runner/.m2/repository/org/ow2/asm/asm-util/9.7.1/asm-util-9.7.1.jar:/home/runner/.m2/repository/com/github/jnr/jnr-a64asm/1.0.0/jnr-a64asm-1.0.0.jar:/home/runner/.m2/repository/com/github/jnr/jnr-x86asm/1.0.2/jnr-x86asm-1.0.2.jar:/home/runner/.m2/repository/com/google/code/gson/gson/2.10.1/gson-2.10.1.jar:/home/runner/.m2/repository/commons-fileupload/commons-fileupload/1.5/commons-fileupload-1.5.jar:/home/runner/.m2/repository/io/grpc/grpc-api/1.58.0/grpc-api-1.58.0.jar:/home/runner/.m2/repository/io/prometheus/simpleclient/0.16.0/simpleclient-0.16.0.jar:/home/runner/.m2/repository/io/prometheus/simpleclient_common/0.16.0/simpleclient_common-0.16.0.jar:/home/runner/.m2/repository/io/prometheus/simpleclient_dropwizard/0.16.0/simpleclient_dropwizard-0.16.0.jar:/home/runner/.m2/repository/jakarta/ws/rs/jakarta.ws.rs-api/2.1.6/jakarta.ws.rs-api-2.1.6.jar:/home/runner/.m2/repository/javax/servlet/javax.servlet-api/3.1.0/javax.servlet-api-3.1.0.jar:/home/runner/.m2/repository/org/apache/commons/commons-compress/1.27.1/commons-compress-1.27.1.jar:/home/runner/.m2/repository/org/apache/commons/commons-configuration2/2.11.0/commons-configuration2-2.11.0.jar:/home/runner/.m2/repository/org/apache/hadoop/hadoop-auth/3.4.1/hadoop-auth-3.4.1.jar:/home/runner/.m2/repository/org/apache/logging/log4j/log4j-api/2.24.2/log4j-api-2.24.2.jar:/home/runner/.m2/repository/org/apache/logging/log4j/log4j-core/2.24.2/log4j-core-2.24.2.jar:/home/runner/work/ozone/ozone/hadoop-hdds/interface-server/target/hdds-interface-server-2.1.0-SNAPSHOT.jar:/home/runner/work/ozone/ozone/hadoop-hdds/managed-rocksdb/target/hdds-managed-rocksdb-2.1.0-SNAPSHOT.jar:/home/runner/work/ozone/ozone/hadoop-hdds/rocksdb-checkpoint-differ/target/rocksdb-checkpoint-differ-2.1.0-SNAPSHOT.jar:/home/runner/.m2/repository/com/github/vlsi/mxgraph/jgraphx/3.9.12/jgraphx-3.9.12.jar:/home/runner/work/ozone/ozone/hadoop-hdds/rocks-native/target/hdds-rocks-native-2.1.0-SNAPSHOT.jar:/home/runner/.m2/repository/org/jgrapht/jgrapht-core/1.4.0/jgrapht-core-1.4.0.jar:/home/runner/.m2/repository/org/jheaps/jheaps/0.11/jheaps-0.11.jar:/home/runner/.m2/repository/org/jgrapht/jgrapht-ext/1.4.0/jgrapht-ext-1.4.0.jar:/home/runner/.m2/repository/org/apache/ratis/ratis-metrics-api/3.1.2/ratis-metrics-api-3.1.2.jar:/home/runner/.m2/repository/org/apache/ratis/ratis-server/3.1.2/ratis-server-3.1.2.jar:/home/runner/.m2/repository/org/eclipse/jetty/jetty-http/9.4.57.v20241219/jetty-http-9.4.57.v20241219.jar:/home/runner/.m2/repository/org/eclipse/jetty/jetty-io/9.4.57.v20241219/jetty-io-9.4.57.v20241219.jar:/home/runner/.m2/repository/org/eclipse/jetty/jetty-server/9.4.57.v20241219/jetty-server-9.4.57.v20241219.jar:/home/runner/.m2/repository/org/eclipse/jetty/jetty-servlet/9.4.57.v20241219/jetty-servlet-9.4.57.v20241219.jar:/home/runner/.m2/repository/org/eclipse/jetty/jetty-security/9.4.57.v20241219/jetty-security-9.4.57.v20241219.jar:/home/runner/.m2/repository/org/eclipse/jetty/jetty-util-ajax/9.4.57.v20241219/jetty-util-ajax-9.4.57.v20241219.jar:/home/runner/.m2/repository/org/eclipse/jetty/jetty-util/9.4.57.v20241219/jetty-util-9.4.57.v20241219.jar:/home/runner/.m2/repository/org/eclipse/jetty/jetty-webapp/9.4.57.v20241219/jetty-webapp-9.4.57.v20241219.jar:/home/runner/.m2/repository/org/eclipse/jetty/jetty-xml/9.4.57.v20241219/jetty-xml-9.4.57.v20241219.jar:/home/runner/.m2/repository/org/glassfish/jersey/containers/jersey-container-servlet-core/2.46/jersey-container-servlet-core-2.46.jar:/home/runner/.m2/repository/org/glassfish/hk2/external/jakarta.inject/2.6.1/jakarta.inject-2.6.1.jar:/home/runner/.m2/repository/org/glassfish/jersey/core/jersey-server/2.46/jersey-server-2.46.jar:/home/runner/.m2/repository/org/glassfish/jersey/core/jersey-client/2.46/jersey-client-2.46.jar:/home/runner/.m2/repository/jakarta/validation/jakarta.validation-api/2.0.2/jakarta.validation-api-2.0.2.jar:/home/runner/.m2/repository/org/rocksdb/rocksdbjni/7.7.3/rocksdbjni-7.7.3.jar:/home/runner/.m2/repository/com/lmax/disruptor/3.4.4/disruptor-3.4.4.jar:/home/runner/.m2/repository/com/nimbusds/nimbus-jose-jwt/9.40/nimbus-jose-jwt-9.40.jar:/home/runner/.m2/repository/commons-cli/commons-cli/1.8.0/commons-cli-1.8.0.jar:/home/runner/.m2/repository/log4j/apache-log4j-extras/1.2.17/apache-log4j-extras-1.2.17.jar:/home/runner/.m2/repository/org/apache/kerby/kerb-core/1.0.1/kerb-core-1.0.1.jar:/home/runner/.m2/repository/org/apache/kerby/kerby-pkix/1.0.1/kerby-pkix-1.0.1.jar:/home/runner/.m2/repository/org/apache/kerby/kerby-asn1/1.0.1/kerby-asn1-1.0.1.jar:/home/runner/.m2/repository/org/apache/kerby/kerb-util/1.0.1/kerb-util-1.0.1.jar:/home/runner/.m2/repository/org/apache/kerby/kerby-config/1.0.1/kerby-config-1.0.1.jar:/home/runner/.m2/repository/org/apache/kerby/kerb-crypto/1.0.1/kerb-crypto-1.0.1.jar:/home/runner/.m2/repository/org/xerial/snappy/snappy-java/1.1.10.7/snappy-java-1.1.10.7.jar:/home/runner/work/ozone/ozone/hadoop-hdds/test-utils/target/hdds-test-utils-2.1.0-SNAPSHOT-tests.jar:/home/runner/work/ozone/ozone/hadoop-ozone/client/target/ozone-client-2.1.0-SNAPSHOT.jar:/home/runner/work/ozone/ozone/hadoop-hdds/client/target/hdds-client-2.1.0-SNAPSHOT.jar:/home/runner/work/ozone/ozone/hadoop-hdds/erasurecode/target/hdds-erasurecode-2.1.0-SNAPSHOT.jar:/home/runner/work/ozone/ozone/hadoop-ozone/common/target/ozone-common-2.1.0-SNAPSHOT.jar:/home/runner/.m2/repository/io/grpc/grpc-netty/1.58.0/grpc-netty-1.58.0.jar:/home/runner/.m2/repository/io/grpc/grpc-core/1.58.0/grpc-core-1.58.0.jar:/home/runner/.m2/repository/com/google/android/annotations/4.1.1.4/annotations-4.1.1.4.jar:/home/runner/.m2/repository/org/codehaus/mojo/animal-sniffer-annotations/1.23/animal-sniffer-annotations-1.23.jar:/home/runner/.m2/repository/io/grpc/grpc-context/1.58.0/grpc-context-1.58.0.jar:/home/runner/.m2/repository/io/grpc/grpc-util/1.58.0/grpc-util-1.58.0.jar:/home/runner/.m2/repository/io/perfmark/perfmark-api/0.26.0/perfmark-api-0.26.0.jar:/home/runner/.m2/repository/io/netty/netty-common/4.1.109.Final/netty-common-4.1.109.Final.jar:/home/runner/.m2/repository/io/netty/netty-handler-proxy/4.1.109.Final/netty-handler-proxy-4.1.109.Final.jar:/home/runner/.m2/repository/io/netty/netty-codec-socks/4.1.109.Final/netty-codec-socks-4.1.109.Final.jar:/home/runner/.m2/repository/org/apache/hadoop/hadoop-hdfs-client/3.4.1/hadoop-hdfs-client-3.4.1.jar:/home/runner/.m2/repository/io/netty/netty-tcnative-boringssl-static/2.0.65.Final/netty-tcnative-boringssl-static-2.0.65.Final.jar:/home/runner/.m2/repository/io/netty/netty-tcnative-classes/2.0.65.Final/netty-tcnative-classes-2.0.65.Final.jar:/home/runner/.m2/repository/io/netty/netty-tcnative-boringssl-static/2.0.65.Final/netty-tcnative-boringssl-static-2.0.65.Final-linux-x86_64.jar:/home/runner/.m2/repository/io/netty/netty-tcnative-boringssl-static/2.0.65.Final/netty-tcnative-boringssl-static-2.0.65.Final-linux-aarch_64.jar:/home/runner/.m2/repository/io/netty/netty-tcnative-boringssl-static/2.0.65.Final/netty-tcnative-boringssl-static-2.0.65.Final-osx-x86_64.jar:/home/runner/.m2/repository/io/netty/netty-tcnative-boringssl-static/2.0.65.Final/netty-tcnative-boringssl-static-2.0.65.Final-osx-aarch_64.jar:/home/runner/.m2/repository/io/netty/netty-tcnative-boringssl-static/2.0.65.Final/netty-tcnative-boringssl-static-2.0.65.Final-windows-x86_64.jar:/home/runner/work/ozone/ozone/hadoop-ozone/interface-client/target/ozone-interface-client-2.1.0-SNAPSHOT.jar:/home/runner/.m2/repository/io/grpc/grpc-protobuf/1.58.0/grpc-protobuf-1.58.0.jar:/home/runner/.m2/repository/com/google/api/grpc/proto-google-common-protos/2.22.0/proto-google-common-protos-2.22.0.jar:/home/runner/.m2/repository/io/grpc/grpc-protobuf-lite/1.58.0/grpc-protobuf-lite-1.58.0.jar:/home/runner/.m2/repository/io/grpc/grpc-stub/1.58.0/grpc-stub-1.58.0.jar:/home/runner/work/ozone/ozone/hadoop-ozone/mini-cluster/target/ozone-mini-cluster-2.1.0-SNAPSHOT.jar:/home/runner/work/ozone/ozone/hadoop-hdds/common/target/hdds-common-2.1.0-SNAPSHOT-tests.jar:/home/runner/work/ozone/ozone/hadoop-hdds/container-service/target/hdds-container-service-2.1.0-SNAPSHOT.jar:/home/runner/.m2/repository/com/github/luben/zstd-jni/1.5.7-3/zstd-jni-1.5.7-3.jar:/home/runner/.m2/repository/io/netty/netty-buffer/4.1.109.Final/netty-buffer-4.1.109.Final.jar:/home/runner/.m2/repository/io/netty/netty-codec/4.1.109.Final/netty-codec-4.1.109.Final.jar:/home/runner/.m2/repository/org/apache/hadoop/hadoop-hdfs/3.4.1/hadoop-hdfs-3.4.1.jar:/home/runner/.m2/repository/commons-daemon/commons-daemon/1.4.0/commons-daemon-1.4.0.jar:/home/runner/work/ozone/ozone/hadoop-hdds/server-scm/target/hdds-server-scm-2.1.0-SNAPSHOT.jar:/home/runner/work/ozone/ozone/hadoop-hdds/server-scm/target/hdds-server-scm-2.1.0-SNAPSHOT-tests.jar:/home/runner/work/ozone/ozone/hadoop-ozone/ozone-manager/target/ozone-manager-2.1.0-SNAPSHOT.jar:/home/runner/.m2/repository/com/sun/jersey/jersey-client/1.19.4/jersey-client-1.19.4.jar:/home/runner/.m2/repository/com/sun/jersey/jersey-core/1.19.4/jersey-core-1.19.4.jar:/home/runner/.m2/repository/javax/ws/rs/jsr311-api/1.1.1/jsr311-api-1.1.1.jar:/home/runner/work/ozone/ozone/hadoop-ozone/interface-storage/target/ozone-interface-storage-2.1.0-SNAPSHOT.jar:/home/runner/.m2/repository/org/apache/ranger/ranger-intg/2.6.0/ranger-intg-2.6.0.jar:/home/runner/.m2/repository/org/apache/ranger/ranger-plugins-common/2.6.0/ranger-plugins-common-2.6.0.jar:/home/runner/.m2/repository/com/fasterxml/jackson/jaxrs/jackson-jaxrs-base/2.16.2/jackson-jaxrs-base-2.16.2.jar:/home/runner/.m2/repository/com/fasterxml/jackson/jaxrs/jackson-jaxrs-json-provider/2.16.2/jackson-jaxrs-json-provider-2.16.2.jar:/home/runner/.m2/repository/com/kstruct/gethostname4j/1.0.0/gethostname4j-1.0.0.jar:/home/runner/.m2/repository/commons-lang/commons-lang/2.6/commons-lang-2.6.jar:/home/runner/.m2/repository/net/java/dev/jna/jna/5.2.0/jna-5.2.0.jar:/home/runner/.m2/repository/net/java/dev/jna/jna-platform/5.2.0/jna-platform-5.2.0.jar:/home/runner/.m2/repository/org/apache/ranger/ranger-plugin-classloader/2.6.0/ranger-plugin-classloader-2.6.0.jar:/home/runner/.m2/repository/org/apache/ranger/ranger-plugins-audit/2.6.0/ranger-plugins-audit-2.6.0.jar:/home/runner/.m2/repository/com/amazonaws/aws-java-sdk-logs/1.12.765/aws-java-sdk-logs-1.12.765.jar:/home/runner/.m2/repository/com/carrotsearch/hppc/0.8.0/hppc-0.8.0.jar:/home/runner/.m2/repository/io/airlift/aircompressor/0.27/aircompressor-0.27.jar:/home/runner/.m2/repository/org/apache/httpcomponents/httpasyncclient/4.1.4/httpasyncclient-4.1.4.jar:/home/runner/.m2/repository/org/apache/httpcomponents/httpcore-nio/4.4.16/httpcore-nio-4.4.16.jar:/home/runner/.m2/repository/org/apache/httpcomponents/httpmime/4.5.13/httpmime-4.5.13.jar:/home/runner/.m2/repository/org/apache/orc/orc-core/1.5.8/orc-core-1.5.8.jar:/home/runner/.m2/repository/org/apache/orc/orc-shims/1.5.8/orc-shims-1.5.8.jar:/home/runner/.m2/repository/org/eclipse/jetty/jetty-client/9.4.57.v20241219/jetty-client-9.4.57.v20241219.jar:/home/runner/.m2/repository/org/apache/ranger/ranger-plugins-cred/2.6.0/ranger-plugins-cred-2.6.0.jar:/home/runner/.m2/repository/org/aspectj/aspectjrt/1.9.7/aspectjrt-1.9.7.jar:/home/runner/.m2/repository/org/aspectj/aspectjweaver/1.9.7/aspectjweaver-1.9.7.jar:/home/runner/work/ozone/ozone/hadoop-ozone/recon/target/ozone-recon-2.1.0-SNAPSHOT.jar:/home/runner/.m2/repository/aopalliance/aopalliance/1.0/aopalliance-1.0.jar:/home/runner/.m2/repository/com/google/inject/guice/6.0.0/guice-6.0.0.jar:/home/runner/.m2/repository/jakarta/inject/jakarta.inject-api/2.0.1/jakarta.inject-api-2.0.1.jar:/home/runner/.m2/repository/com/google/inject/extensions/guice-assistedinject/6.0.0/guice-assistedinject-6.0.0.jar:/home/runner/.m2/repository/com/google/inject/extensions/guice-servlet/6.0.0/guice-servlet-6.0.0.jar:/home/runner/.m2/repository/com/jolbox/bonecp/0.8.0.RELEASE/bonecp-0.8.0.RELEASE.jar:/home/runner/.m2/repository/org/apache/derby/derby/10.14.2.0/derby-10.14.2.0.jar:/home/runner/work/ozone/ozone/hadoop-ozone/cli-admin/target/ozone-cli-admin-2.1.0-SNAPSHOT.jar:/home/runner/.m2/repository/org/glassfish/hk2/guice-bridge/2.6.1/guice-bridge-2.6.1.jar:/home/runner/.m2/repository/org/glassfish/jersey/containers/jersey-container-servlet/2.46/jersey-container-servlet-2.46.jar:/home/runner/.m2/repository/org/glassfish/jersey/media/jersey-media-json-jackson/2.46/jersey-media-json-jackson-2.46.jar:/home/runner/.m2/repository/org/glassfish/jersey/ext/jersey-entity-filtering/2.46/jersey-entity-filtering-2.46.jar:/home/runner/.m2/repository/org/jooq/jooq/3.11.10/jooq-3.11.10.jar:/home/runner/.m2/repository/org/jooq/jooq-codegen/3.11.10/jooq-codegen-3.11.10.jar:/home/runner/.m2/repository/org/jooq/jooq-meta/3.11.10/jooq-meta-3.11.10.jar:/home/runner/.m2/repository/org/springframework/spring-core/5.3.39/spring-core-5.3.39.jar:/home/runner/.m2/repository/org/springframework/spring-jdbc/5.3.39/spring-jdbc-5.3.39.jar:/home/runner/.m2/repository/org/springframework/spring-beans/5.3.39/spring-beans-5.3.39.jar:/home/runner/.m2/repository/org/springframework/spring-tx/5.3.39/spring-tx-5.3.39.jar:/home/runner/.m2/repository/org/xerial/sqlite-jdbc/3.49.1.0/sqlite-jdbc-3.49.1.0.jar:/home/runner/work/ozone/ozone/hadoop-ozone/recon-codegen/target/ozone-reconcodegen-2.1.0-SNAPSHOT.jar:/home/runner/work/ozone/ozone/hadoop-ozone/s3gateway/target/ozone-s3gateway-2.1.0-SNAPSHOT.jar:/home/runner/.m2/repository/com/fasterxml/jackson/dataformat/jackson-dataformat-xml/2.16.2/jackson-dataformat-xml-2.16.2.jar:/home/runner/.m2/repository/com/fasterxml/jackson/module/jackson-module-jaxb-annotations/2.16.2/jackson-module-jaxb-annotations-2.16.2.jar:/home/runner/.m2/repository/io/netty/netty-codec-http2/4.1.109.Final/netty-codec-http2-4.1.109.Final.jar:/home/runner/.m2/repository/io/netty/netty-codec-http/4.1.109.Final/netty-codec-http-4.1.109.Final.jar:/home/runner/.m2/repository/io/netty/netty-transport/4.1.109.Final/netty-transport-4.1.109.Final.jar:/home/runner/.m2/repository/io/netty/netty-resolver/4.1.109.Final/netty-resolver-4.1.109.Final.jar:/home/runner/.m2/repository/io/opentracing/opentracing-noop/0.33.0/opentracing-noop-0.33.0.jar:/home/runner/.m2/repository/javax/enterprise/cdi-api/2.0/cdi-api-2.0.jar:/home/runner/.m2/repository/javax/el/javax.el-api/3.0.0/javax.el-api-3.0.0.jar:/home/runner/.m2/repository/javax/interceptor/javax.interceptor-api/1.2/javax.interceptor-api-1.2.jar:/home/runner/.m2/repository/javax/inject/javax.inject/1/javax.inject-1.jar:/home/runner/.m2/repository/org/apache/httpcomponents/httpcore/4.4.16/httpcore-4.4.16.jar:/home/runner/.m2/repository/org/apache/kerby/kerby-util/1.0.1/kerby-util-1.0.1.jar:/home/runner/.m2/repository/org/glassfish/hk2/hk2-api/2.6.1/hk2-api-2.6.1.jar:/home/runner/.m2/repository/org/glassfish/hk2/hk2-utils/2.6.1/hk2-utils-2.6.1.jar:/home/runner/.m2/repository/org/glassfish/hk2/external/aopalliance-repackaged/2.6.1/aopalliance-repackaged-2.6.1.jar:/home/runner/.m2/repository/org/glassfish/jaxb/jaxb-runtime/2.3.9/jaxb-runtime-2.3.9.jar:/home/runner/.m2/repository/org/glassfish/jaxb/txw2/2.3.9/txw2-2.3.9.jar:/home/runner/.m2/repository/com/sun/istack/istack-commons-runtime/3.0.12/istack-commons-runtime-3.0.12.jar:/home/runner/.m2/repository/com/sun/activation/jakarta.activation/1.2.2/jakarta.activation-1.2.2.jar:/home/runner/.m2/repository/org/glassfish/jersey/core/jersey-common/2.46/jersey-common-2.46.jar:/home/runner/.m2/repository/org/glassfish/hk2/osgi-resource-locator/1.0.3/osgi-resource-locator-1.0.3.jar:/home/runner/.m2/repository/org/glassfish/jersey/ext/cdi/jersey-cdi1x/2.46/jersey-cdi1x-2.46.jar:/home/runner/.m2/repository/org/glassfish/jersey/inject/jersey-hk2/2.46/jersey-hk2-2.46.jar:/home/runner/.m2/repository/org/glassfish/hk2/hk2-locator/2.6.1/hk2-locator-2.6.1.jar:/home/runner/.m2/repository/org/glassfish/jersey/media/jersey-media-jaxb/2.46/jersey-media-jaxb-2.46.jar:/home/runner/.m2/repository/org/javassist/javassist/3.30.2-GA/javassist-3.30.2-GA.jar:/home/runner/.m2/repository/org/jboss/weld/servlet/weld-servlet-shaded/3.1.9.Final/weld-servlet-shaded-3.1.9.Final.jar:/home/runner/.m2/repository/org/apache/ratis/ratis-common/3.1.2/ratis-common-3.1.2.jar:/home/runner/.m2/repository/org/slf4j/slf4j-api/2.0.17/slf4j-api-2.0.17.jar:/home/runner/.m2/repository/software/amazon/awssdk/auth/2.31.25/auth-2.31.25.jar:/home/runner/.m2/repository/software/amazon/awssdk/annotations/2.31.25/annotations-2.31.25.jar:/home/runner/.m2/repository/software/amazon/awssdk/utils/2.31.25/utils-2.31.25.jar:/home/runner/.m2/repository/software/amazon/awssdk/identity-spi/2.31.25/identity-spi-2.31.25.jar:/home/runner/.m2/repository/software/amazon/awssdk/profiles/2.31.25/profiles-2.31.25.jar:/home/runner/.m2/repository/software/amazon/awssdk/http-client-spi/2.31.25/http-client-spi-2.31.25.jar:/home/runner/.m2/repository/software/amazon/awssdk/json-utils/2.31.25/json-utils-2.31.25.jar:/home/runner/.m2/repository/software/amazon/awssdk/third-party-jackson-core/2.31.25/third-party-jackson-core-2.31.25.jar:/home/runner/.m2/repository/software/amazon/awssdk/http-auth-aws/2.31.25/http-auth-aws-2.31.25.jar:/home/runner/.m2/repository/software/amazon/awssdk/http-auth-aws-eventstream/2.31.25/http-auth-aws-eventstream-2.31.25.jar:/home/runner/.m2/repository/software/amazon/awssdk/http-auth/2.31.25/http-auth-2.31.25.jar:/home/runner/.m2/repository/software/amazon/awssdk/http-auth-spi/2.31.25/http-auth-spi-2.31.25.jar:/home/runner/.m2/repository/software/amazon/eventstream/eventstream/1.0.1/eventstream-1.0.1.jar:/home/runner/.m2/repository/software/amazon/awssdk/aws-core/2.31.25/aws-core-2.31.25.jar:/home/runner/.m2/repository/software/amazon/awssdk/metrics-spi/2.31.25/metrics-spi-2.31.25.jar:/home/runner/.m2/repository/software/amazon/awssdk/endpoints-spi/2.31.25/endpoints-spi-2.31.25.jar:/home/runner/.m2/repository/software/amazon/awssdk/retries-spi/2.31.25/retries-spi-2.31.25.jar:/home/runner/.m2/repository/software/amazon/awssdk/retries/2.31.25/retries-2.31.25.jar:/home/runner/.m2/repository/software/amazon/awssdk/regions/2.31.25/regions-2.31.25.jar:/home/runner/.m2/repository/software/amazon/awssdk/s3/2.31.25/s3-2.31.25.jar:/home/runner/.m2/repository/software/amazon/awssdk/aws-xml-protocol/2.31.25/aws-xml-protocol-2.31.25.jar:/home/runner/.m2/repository/software/amazon/awssdk/aws-query-protocol/2.31.25/aws-query-protocol-2.31.25.jar:/home/runner/.m2/repository/software/amazon/awssdk/protocol-core/2.31.25/protocol-core-2.31.25.jar:/home/runner/.m2/repository/software/amazon/awssdk/arns/2.31.25/arns-2.31.25.jar:/home/runner/.m2/repository/software/amazon/awssdk/crt-core/2.31.25/crt-core-2.31.25.jar:/home/runner/.m2/repository/software/amazon/awssdk/checksums/2.31.25/checksums-2.31.25.jar:/home/runner/.m2/repository/software/amazon/awssdk/checksums-spi/2.31.25/checksums-spi-2.31.25.jar:/home/runner/.m2/repository/software/amazon/awssdk/apache-client/2.31.25/apache-client-2.31.25.jar:/home/runner/.m2/repository/software/amazon/awssdk/netty-nio-client/2.31.25/netty-nio-client-2.31.25.jar:/home/runner/.m2/repository/io/netty/netty-transport-classes-epoll/4.1.109.Final/netty-transport-classes-epoll-4.1.109.Final.jar:/home/runner/.m2/repository/software/amazon/awssdk/sdk-core/2.31.25/sdk-core-2.31.25.jar:/home/runner/.m2/repository/org/reactivestreams/reactive-streams/1.0.4/reactive-streams-1.0.4.jar:/home/runner/.m2/repository/org/assertj/assertj-core/3.27.3/assertj-core-3.27.3.jar:/home/runner/.m2/repository/net/bytebuddy/byte-buddy/1.15.11/byte-buddy-1.15.11.jar:/home/runner/.m2/repository/org/junit/jupiter/junit-jupiter-api/5.12.2/junit-jupiter-api-5.12.2.jar:/home/runner/.m2/repository/org/opentest4j/opentest4j/1.3.0/opentest4j-1.3.0.jar:/home/runner/.m2/repository/org/junit/platform/junit-platform-commons/1.12.2/junit-platform-commons-1.12.2.jar:/home/runner/.m2/repository/org/apiguardian/apiguardian-api/1.1.2/apiguardian-api-1.1.2.jar:/home/runner/.m2/repository/org/junit/jupiter/junit-jupiter-params/5.12.2/junit-jupiter-params-5.12.2.jar:/home/runner/.m2/repository/org/mockito/mockito-core/4.11.0/mockito-core-4.11.0.jar:/home/runner/.m2/repository/net/bytebuddy/byte-buddy-agent/1.12.19/byte-buddy-agent-1.12.19.jar:/home/runner/.m2/repository/org/objenesis/objenesis/3.3/objenesis-3.3.jar:/home/runner/.m2/repository/org/mockito/mockito-inline/4.11.0/mockito-inline-4.11.0.jar:/home/runner/.m2/repository/org/mockito/mockito-junit-jupiter/4.11.0/mockito-junit-jupiter-4.11.0.jar:/home/runner/work/ozone/ozone/hadoop-ozone/integration-test-s3/target/gradle-enterprise/test-listeners.jar:"/>
    <property name="sun.cpu.endian" value="little"/>
    <property name="user.home" value="/home/runner"/>
    <property name="user.language" value="en"/>
    <property name="java.specification.vendor" value="Oracle Corporation"/>
    <property name="skipRecon" value="true"/>
    <property name="java.version.date" value="2025-04-15"/>
    <property name="java.home" value="/usr/lib/jvm/temurin-21-jdk-amd64"/>
    <property name="java.security.krb5.conf" value="/home/runner/work/ozone/ozone/hadoop-ozone/integration-test-s3/target/test-classes/krb5.conf"/>
    <property name="file.separator" value="/"/>
    <property name="basedir" value="/home/runner/work/ozone/ozone/hadoop-ozone/integration-test-s3"/>
    <property name="java.vm.compressedOopsMode" value="Zero based"/>
    <property name="line.separator" value="&#10;"/>
    <property name="java.vm.specification.vendor" value="Oracle Corporation"/>
    <property name="java.specification.name" value="Java Platform API Specification"/>
    <property name="surefire.real.class.path" value="/home/runner/work/ozone/ozone/hadoop-ozone/integration-test-s3/target/surefire/surefirebooter-20250513080711196_1200.jar"/>
    <property name="hadoop.log.dir" value="/home/runner/work/ozone/ozone/hadoop-ozone/integration-test-s3/target/log"/>
    <property name="sun.management.compiler" value="HotSpot 64-Bit Tiered Compilers"/>
    <property name="skipShade" value="true"/>
    <property name="java.runtime.version" value="21.0.7+6-LTS"/>
    <property name="user.name" value="runner"/>
    <property name="java.net.preferIPv4Stack" value="true"/>
    <property name="stdout.encoding" value="UTF-8"/>
    <property name="path.separator" value=":"/>
    <property name="java.security.egd" value="file:///dev/urandom"/>
    <property name="os.version" value="6.11.0-1012-azure"/>
    <property name="java.runtime.name" value="OpenJDK Runtime Environment"/>
    <property name="com.gradle.maven.scan.extension.test.listener.junitplatform.NestedExecutionSafeDelegatingTestExecutionListener" value="6bbe85a8"/>
    <property name="file.encoding" value="UTF-8"/>
    <property name="java.vm.name" value="OpenJDK 64-Bit Server VM"/>
    <property name="rocks_tools_native" value="true"/>
    <property name="java.vendor.version" value="Temurin-21.0.7+6"/>
    <property name="test.build.webapps" value=""/>
    <property name="develocity.listener.surefire.forkId" value="1"/>
    <property name="localRepository" value="/home/runner/.m2/repository"/>
    <property name="java.vendor.url.bug" value="https://github.com/adoptium/adoptium-support/issues"/>
    <property name="jetty.git.hash" value="df524e6b29271c2e09ba9aea83c18dc9db464a31"/>
    <property name="java.io.tmpdir" value="/tmp"/>
    <property name="require.test.libhadoop" value=""/>
    <property name="java.version" value="21.0.7"/>
    <property name="user.dir" value="/home/runner/work/ozone/ozone/hadoop-ozone/integration-test-s3"/>
    <property name="os.arch" value="amd64"/>
    <property name="java.vm.specification.name" value="Java Virtual Machine Specification"/>
    <property name="test.build.classes" value="/home/runner/work/ozone/ozone/hadoop-ozone/integration-test-s3/target/test-classes"/>
    <property name="org.apache.ratis.thirdparty.io.netty.allocator.useCacheForAllThreads" value="false"/>
    <property name="native.encoding" value="UTF-8"/>
    <property name="hadoop.tmp.dir" value="/home/runner/work/ozone/ozone/hadoop-ozone/integration-test-s3/target/tmp"/>
    <property name="java.library.path" value="/usr/java/packages/lib:/usr/lib64:/lib64:/lib:/usr/lib"/>
    <property name="java.vm.info" value="mixed mode, sharing"/>
    <property name="stderr.encoding" value="UTF-8"/>
    <property name="java.vendor" value="Eclipse Adoptium"/>
    <property name="java.vm.version" value="21.0.7+6-LTS"/>
    <property name="sun.io.unicode.encoding" value="UnicodeLittle"/>
    <property name="develocity.listener.port" value="34221"/>
    <property name="java.class.version" value="65.0"/>
  </properties>
  <testcase name="testCopyObject" classname="org.apache.hadoop.ozone.s3.awssdk.v2.TestS3SDKV2" time="0.416">
    <error message="Unable to execute HTTP request: Connect to 0.0.0.0:15050 [/0.0.0.0] failed: Connection refused (SDK Attempt Count: 4)" type="software.amazon.awssdk.core.exception.SdkClientException"><![CDATA[software.amazon.awssdk.core.exception.SdkClientException: Unable to execute HTTP request: Connect to 0.0.0.0:15050 [/0.0.0.0] failed: Connection refused (SDK Attempt Count: 4)
	at software.amazon.awssdk.core.exception.SdkClientException$BuilderImpl.build(SdkClientException.java:130)
	at software.amazon.awssdk.core.exception.SdkClientException$BuilderImpl.build(SdkClientException.java:95)
	at software.amazon.awssdk.core.internal.http.pipeline.stages.utils.RetryableStageHelper.retryPolicyDisallowedRetryException(RetryableStageHelper.java:168)
	at software.amazon.awssdk.core.internal.http.pipeline.stages.RetryableStage.execute(RetryableStage.java:73)
	at software.amazon.awssdk.core.internal.http.pipeline.stages.RetryableStage.execute(RetryableStage.java:36)
	at software.amazon.awssdk.core.internal.http.pipeline.RequestPipelineBuilder$ComposingRequestPipelineStage.execute(RequestPipelineBuilder.java:206)
	at software.amazon.awssdk.core.internal.http.StreamManagingStage.execute(StreamManagingStage.java:53)
	at software.amazon.awssdk.core.internal.http.StreamManagingStage.execute(StreamManagingStage.java:35)
	at software.amazon.awssdk.core.internal.http.pipeline.stages.ApiCallTimeoutTrackingStage.executeWithTimer(ApiCallTimeoutTrackingStage.java:82)
	at software.amazon.awssdk.core.internal.http.pipeline.stages.ApiCallTimeoutTrackingStage.execute(ApiCallTimeoutTrackingStage.java:62)
	at software.amazon.awssdk.core.internal.http.pipeline.stages.ApiCallTimeoutTrackingStage.execute(ApiCallTimeoutTrackingStage.java:43)
	at software.amazon.awssdk.core.internal.http.pipeline.stages.ApiCallMetricCollectionStage.execute(ApiCallMetricCollectionStage.java:50)
	at software.amazon.awssdk.core.internal.http.pipeline.stages.ApiCallMetricCollectionStage.execute(ApiCallMetricCollectionStage.java:32)
	at software.amazon.awssdk.core.internal.http.pipeline.RequestPipelineBuilder$ComposingRequestPipelineStage.execute(RequestPipelineBuilder.java:206)
	at software.amazon.awssdk.core.internal.http.pipeline.RequestPipelineBuilder$ComposingRequestPipelineStage.execute(RequestPipelineBuilder.java:206)
	at software.amazon.awssdk.core.internal.http.pipeline.stages.ExecutionFailureExceptionReportingStage.execute(ExecutionFailureExceptionReportingStage.java:37)
	at software.amazon.awssdk.core.internal.http.pipeline.stages.ExecutionFailureExceptionReportingStage.execute(ExecutionFailureExceptionReportingStage.java:26)
	at software.amazon.awssdk.core.internal.http.AmazonSyncHttpClient$RequestExecutionBuilderImpl.execute(AmazonSyncHttpClient.java:210)
	at software.amazon.awssdk.core.internal.handler.BaseSyncClientHandler.invoke(BaseSyncClientHandler.java:103)
	at software.amazon.awssdk.core.internal.handler.BaseSyncClientHandler.doExecute(BaseSyncClientHandler.java:173)
	at software.amazon.awssdk.core.internal.handler.BaseSyncClientHandler.lambda$execute$1(BaseSyncClientHandler.java:80)
	at software.amazon.awssdk.core.internal.handler.BaseSyncClientHandler.measureApiCallSuccess(BaseSyncClientHandler.java:182)
	at software.amazon.awssdk.core.internal.handler.BaseSyncClientHandler.execute(BaseSyncClientHandler.java:74)
	at software.amazon.awssdk.core.client.handler.SdkSyncClientHandler.execute(SdkSyncClientHandler.java:45)
	at software.amazon.awssdk.awscore.client.handler.AwsSyncClientHandler.execute(AwsSyncClientHandler.java:53)
	at software.amazon.awssdk.services.s3.DefaultS3Client.createBucket(DefaultS3Client.java:1261)
	at software.amazon.awssdk.services.s3.S3Client.createBucket(S3Client.java:1879)
	at org.apache.hadoop.ozone.s3.awssdk.v2.AbstractS3SDKV2Tests.testCopyObject(AbstractS3SDKV2Tests.java:272)
	at java.base/java.lang.reflect.Method.invoke(Method.java:580)
	at java.base/java.util.ArrayList.forEach(ArrayList.java:1596)
	at java.base/java.util.ArrayList.forEach(ArrayList.java:1596)
	Suppressed: software.amazon.awssdk.core.exception.SdkClientException: Request attempt 1 failure: Unable to execute HTTP request: Connect to 0.0.0.0:15050 [/0.0.0.0] failed: Connection refused
	Suppressed: software.amazon.awssdk.core.exception.SdkClientException: Request attempt 2 failure: Unable to execute HTTP request: Connect to 0.0.0.0:15050 [/0.0.0.0] failed: Connection refused
	Suppressed: software.amazon.awssdk.core.exception.SdkClientException: Request attempt 3 failure: Unable to execute HTTP request: Connect to 0.0.0.0:15050 [/0.0.0.0] failed: Connection refused
Caused by: org.apache.http.conn.HttpHostConnectException: Connect to 0.0.0.0:15050 [/0.0.0.0] failed: Connection refused
	at org.apache.http.impl.conn.DefaultHttpClientConnectionOperator.connect(DefaultHttpClientConnectionOperator.java:156)
	at org.apache.http.impl.conn.PoolingHttpClientConnectionManager.connect(PoolingHttpClientConnectionManager.java:376)
	at software.amazon.awssdk.http.apache.internal.conn.ClientConnectionManagerFactory$DelegatingHttpClientConnectionManager.connect(ClientConnectionManagerFactory.java:86)
	at org.apache.http.impl.execchain.MainClientExec.establishRoute(MainClientExec.java:393)
	at org.apache.http.impl.execchain.MainClientExec.execute(MainClientExec.java:236)
	at org.apache.http.impl.execchain.ProtocolExec.execute(ProtocolExec.java:186)
	at org.apache.http.impl.client.InternalHttpClient.doExecute(InternalHttpClient.java:185)
	at org.apache.http.impl.client.CloseableHttpClient.execute(CloseableHttpClient.java:83)
	at org.apache.http.impl.client.CloseableHttpClient.execute(CloseableHttpClient.java:56)
	at software.amazon.awssdk.http.apache.internal.impl.ApacheSdkHttpClient.execute(ApacheSdkHttpClient.java:72)
	at software.amazon.awssdk.http.apache.ApacheHttpClient.execute(ApacheHttpClient.java:259)
	at software.amazon.awssdk.http.apache.ApacheHttpClient.access$600(ApacheHttpClient.java:104)
	at software.amazon.awssdk.http.apache.ApacheHttpClient$1.call(ApacheHttpClient.java:236)
	at software.amazon.awssdk.http.apache.ApacheHttpClient$1.call(ApacheHttpClient.java:233)
	at software.amazon.awssdk.core.internal.util.MetricUtils.measureDurationUnsafe(MetricUtils.java:102)
	at software.amazon.awssdk.core.internal.http.pipeline.stages.MakeHttpRequestStage.executeHttpRequest(MakeHttpRequestStage.java:88)
	at software.amazon.awssdk.core.internal.http.pipeline.stages.MakeHttpRequestStage.execute(MakeHttpRequestStage.java:64)
	at software.amazon.awssdk.core.internal.http.pipeline.stages.MakeHttpRequestStage.execute(MakeHttpRequestStage.java:46)
	at software.amazon.awssdk.core.internal.http.pipeline.RequestPipelineBuilder$ComposingRequestPipelineStage.execute(RequestPipelineBuilder.java:206)
	at software.amazon.awssdk.core.internal.http.pipeline.RequestPipelineBuilder$ComposingRequestPipelineStage.execute(RequestPipelineBuilder.java:206)
	at software.amazon.awssdk.core.internal.http.pipeline.RequestPipelineBuilder$ComposingRequestPipelineStage.execute(RequestPipelineBuilder.java:206)
	at software.amazon.awssdk.core.internal.http.pipeline.RequestPipelineBuilder$ComposingRequestPipelineStage.execute(RequestPipelineBuilder.java:206)
	at software.amazon.awssdk.core.internal.http.pipeline.stages.ApiCallAttemptTimeoutTrackingStage.execute(ApiCallAttemptTimeoutTrackingStage.java:74)
	at software.amazon.awssdk.core.internal.http.pipeline.stages.ApiCallAttemptTimeoutTrackingStage.execute(ApiCallAttemptTimeoutTrackingStage.java:43)
	at software.amazon.awssdk.core.internal.http.pipeline.stages.TimeoutExceptionHandlingStage.execute(TimeoutExceptionHandlingStage.java:79)
	at software.amazon.awssdk.core.internal.http.pipeline.stages.TimeoutExceptionHandlingStage.execute(TimeoutExceptionHandlingStage.java:41)
	at software.amazon.awssdk.core.internal.http.pipeline.stages.ApiCallAttemptMetricCollectionStage.execute(ApiCallAttemptMetricCollectionStage.java:55)
	at software.amazon.awssdk.core.internal.http.pipeline.stages.ApiCallAttemptMetricCollectionStage.execute(ApiCallAttemptMetricCollectionStage.java:39)
	at software.amazon.awssdk.core.internal.http.pipeline.stages.RetryableStage.executeRequest(RetryableStage.java:93)
	at software.amazon.awssdk.core.internal.http.pipeline.stages.RetryableStage.execute(RetryableStage.java:56)
	... 27 more
Caused by: java.net.ConnectException: Connection refused
	at java.base/sun.nio.ch.Net.pollConnect(Native Method)
	at java.base/sun.nio.ch.Net.pollConnectNow(Net.java:682)
	at java.base/sun.nio.ch.NioSocketImpl.timedFinishConnect(NioSocketImpl.java:549)
	at java.base/sun.nio.ch.NioSocketImpl.connect(NioSocketImpl.java:592)
	at java.base/java.net.SocksSocketImpl.connect(SocksSocketImpl.java:327)
	at java.base/java.net.Socket.connect(Socket.java:751)
	at org.apache.http.conn.socket.PlainConnectionSocketFactory.connectSocket(PlainConnectionSocketFactory.java:75)
	at org.apache.http.impl.conn.DefaultHttpClientConnectionOperator.connect(DefaultHttpClientConnectionOperator.java:142)
	... 56 more
]]></error>
    <system-out><![CDATA[2025-05-13 08:08:35,421 [main] WARN  server.ServerUtils (ServerUtils.java:getScmDbDir(138)) - ozone.scm.db.dirs is not configured. We recommend adding this setting. Falling back to ozone.metadata.dirs instead.
2025-05-13 08:08:35,576 [main] INFO  reflections.Reflections (Reflections.java:scan(219)) - Reflections took 127 ms to scan 5 urls, producing 132 keys and 292 values
2025-05-13 08:08:35,678 [main] INFO  ha.SCMHANodeDetails (SCMHANodeDetails.java:loadSCMHAConfig(162)) - ServiceID for StorageContainerManager is null
2025-05-13 08:08:35,679 [main] INFO  ha.SCMHANodeDetails (SCMHANodeDetails.java:loadSCMHAConfig(166)) - ozone.scm.default.service.id is not defined, falling back to ozone.scm.service.ids to find serviceID for StorageContainerManager if it is HA enabled cluster
2025-05-13 08:08:35,800 [main] INFO  server.RaftServerConfigKeys (ConfUtils.java:logGet(46)) - raft.server.log.appender.buffer.byte-limit = 4194304 (custom)
2025-05-13 08:08:35,821 [main] INFO  server.RaftServer (ConfUtils.java:logGet(46)) - raft.rpc.type = GRPC (default)
2025-05-13 08:08:35,867 [main] INFO  grpc.GrpcConfigKeys (ConfUtils.java:logFallback(53)) - raft.grpc.admin.host = null (fallback to raft.grpc.server.host)
2025-05-13 08:08:35,868 [main] INFO  grpc.GrpcConfigKeys (ConfUtils.java:logFallback(53)) - raft.grpc.admin.port = 15004 (fallback to raft.grpc.server.port)
2025-05-13 08:08:35,869 [main] INFO  grpc.GrpcConfigKeys (ConfUtils.java:logFallback(53)) - raft.grpc.client.host = null (fallback to raft.grpc.server.host)
2025-05-13 08:08:35,869 [main] INFO  grpc.GrpcConfigKeys (ConfUtils.java:logFallback(53)) - raft.grpc.client.port = 15004 (fallback to raft.grpc.server.port)
2025-05-13 08:08:35,870 [main] INFO  grpc.GrpcConfigKeys (ConfUtils.java:logGet(46)) - raft.grpc.server.host = null (default)
2025-05-13 08:08:35,870 [main] INFO  grpc.GrpcConfigKeys (ConfUtils.java:logGet(46)) - raft.grpc.server.port = 15004 (custom)
2025-05-13 08:08:35,871 [main] INFO  server.GrpcService (ConfUtils.java:logGet(46)) - raft.grpc.message.size.max = 5242880 (custom)
2025-05-13 08:08:35,871 [main] INFO  server.GrpcService (ConfUtils.java:logGet(46)) - raft.grpc.flow.control.window = 1MB (=1048576) (default)
2025-05-13 08:08:35,872 [main] INFO  server.RaftServerConfigKeys (ConfUtils.java:logGet(46)) - raft.server.rpc.request.timeout = 30000ms (custom)
2025-05-13 08:08:35,878 [main] INFO  grpc.GrpcConfigKeys (ConfUtils.java:logGet(46)) - raft.grpc.server.heartbeat.channel = true (default)
2025-05-13 08:08:35,879 [main] INFO  server.RaftServerConfigKeys (ConfUtils.java:logGet(46)) - raft.server.log.appender.buffer.byte-limit = 4194304 (custom)
2025-05-13 08:08:35,881 [main] INFO  grpc.GrpcConfigKeys (ConfUtils.java:logGet(46)) - raft.grpc.server.async.request.thread.pool.cached = true (default)
2025-05-13 08:08:35,882 [main] INFO  grpc.GrpcConfigKeys (ConfUtils.java:logGet(46)) - raft.grpc.server.async.request.thread.pool.size = 32 (default)
2025-05-13 08:08:36,041 [main] INFO  impl.DataStreamServerImpl (ConfUtils.java:logGet(46)) - raft.datastream.type = DISABLED (default)
2025-05-13 08:08:36,043 [main] INFO  server.RaftServerConfigKeys (ConfUtils.java:logGet(46)) - raft.server.sleep.deviation.threshold = 300ms (default)
2025-05-13 08:08:36,044 [main] INFO  server.RaftServerConfigKeys (ConfUtils.java:logGet(46)) - raft.server.close.threshold = 60s (default)
2025-05-13 08:08:36,044 [main] INFO  server.RaftServerConfigKeys (ConfUtils.java:logGet(46)) - raft.server.leaderelection.leader.step-down.wait-time = 10s (default)
2025-05-13 08:08:36,048 [main] INFO  server.RaftServerConfigKeys (ConfUtils.java:logGet(46)) - raft.server.storage.dir = [/home/runner/work/ozone/ozone/hadoop-ozone/integration-test-s3/target/test-dir/MiniOzoneClusterImpl-51e975e3-87ca-4f9c-b22e-f289b69b5230/ozone-meta/scm-ha] (custom)
2025-05-13 08:08:36,049 [main] INFO  server.RaftServerConfigKeys (ConfUtils.java:logGet(46)) - raft.server.threadpool.proxy.cached = true (default)
2025-05-13 08:08:36,050 [main] INFO  server.RaftServerConfigKeys (ConfUtils.java:logGet(46)) - raft.server.threadpool.proxy.size = 0 (default)
2025-05-13 08:08:36,056 [main] INFO  server.RaftServer (RaftServerProxy.java:addNew(100)) - c3acf90a-cae3-4912-9a93-76f770441a06: addNew group-F289B69B5230:[c3acf90a-cae3-4912-9a93-76f770441a06|pkrvmberfyhpb9w:15004] returns group-F289B69B5230:java.util.concurrent.CompletableFuture@5e1d03d7[Not completed]
2025-05-13 08:08:36,071 [c3acf90a-cae3-4912-9a93-76f770441a06-groupManagement] INFO  server.RaftServer$Division (RaftServerImpl.java:<init>(255)) - c3acf90a-cae3-4912-9a93-76f770441a06: new RaftServerImpl for group-F289B69B5230:[c3acf90a-cae3-4912-9a93-76f770441a06|pkrvmberfyhpb9w:15004] with SCMStateMachine:uninitialized
2025-05-13 08:08:36,073 [c3acf90a-cae3-4912-9a93-76f770441a06-groupManagement] INFO  server.RaftServerConfigKeys (ConfUtils.java:logGet(46)) - raft.server.rpc.timeout.min = 5000ms (custom)
2025-05-13 08:08:36,073 [c3acf90a-cae3-4912-9a93-76f770441a06-groupManagement] INFO  server.RaftServerConfigKeys (ConfUtils.java:logGet(46)) - raft.server.rpc.timeout.max = 5200ms (custom)
2025-05-13 08:08:36,073 [c3acf90a-cae3-4912-9a93-76f770441a06-groupManagement] INFO  server.RaftServerConfigKeys (ConfUtils.java:logGet(46)) - raft.server.rpc.sleep.time = 25ms (default)
2025-05-13 08:08:36,074 [c3acf90a-cae3-4912-9a93-76f770441a06-groupManagement] INFO  server.RaftServerConfigKeys (ConfUtils.java:logGet(46)) - raft.server.rpc.slowness.timeout = 120000ms (custom)
2025-05-13 08:08:36,074 [c3acf90a-cae3-4912-9a93-76f770441a06-groupManagement] INFO  server.RaftServerConfigKeys (ConfUtils.java:logGet(46)) - raft.server.leaderelection.leader.step-down.wait-time = 10s (default)
2025-05-13 08:08:36,074 [c3acf90a-cae3-4912-9a93-76f770441a06-groupManagement] INFO  server.RaftServerConfigKeys (ConfUtils.java:logGet(46)) - raft.server.leaderelection.member.majority-add = false (default)
2025-05-13 08:08:36,075 [c3acf90a-cae3-4912-9a93-76f770441a06-groupManagement] INFO  server.RaftServerConfigKeys (ConfUtils.java:logGet(46)) - raft.server.sleep.deviation.threshold = 300ms (default)
2025-05-13 08:08:36,081 [c3acf90a-cae3-4912-9a93-76f770441a06-groupManagement] INFO  server.RaftServer$Division (ServerState.java:<init>(114)) - c3acf90a-cae3-4912-9a93-76f770441a06@group-F289B69B5230: ConfigurationManager, init=conf: {index: -1, cur=peers:[c3acf90a-cae3-4912-9a93-76f770441a06|pkrvmberfyhpb9w:15004]|listeners:[], old=null}, confs=<EMPTY_MAP>
2025-05-13 08:08:36,085 [c3acf90a-cae3-4912-9a93-76f770441a06-groupManagement] INFO  server.RaftServerConfigKeys (ConfUtils.java:logGet(46)) - raft.server.notification.no-leader.timeout = 60s (default)
2025-05-13 08:08:36,088 [c3acf90a-cae3-4912-9a93-76f770441a06-groupManagement] INFO  server.RaftServerConfigKeys (ConfUtils.java:logGet(46)) - raft.server.read.timeout = 10s (default)
2025-05-13 08:08:36,091 [c3acf90a-cae3-4912-9a93-76f770441a06-groupManagement] INFO  server.RaftServerConfigKeys (ConfUtils.java:logGet(46)) - raft.server.retrycache.expirytime = 60000ms (default)
2025-05-13 08:08:36,091 [c3acf90a-cae3-4912-9a93-76f770441a06-groupManagement] INFO  server.RaftServerConfigKeys (ConfUtils.java:logGet(46)) - raft.server.retrycache.statistics.expirytime = 100ms (default)
2025-05-13 08:08:36,095 [c3acf90a-cae3-4912-9a93-76f770441a06-groupManagement] INFO  server.RaftServerConfigKeys (ConfUtils.java:logGet(46)) - raft.server.read.option = DEFAULT (default)
2025-05-13 08:08:36,096 [c3acf90a-cae3-4912-9a93-76f770441a06-groupManagement] INFO  server.RaftServerConfigKeys (ConfUtils.java:logGet(46)) - raft.server.read.read-after-write-consistent.write-index-cache.expiry-time = 60s (default)
2025-05-13 08:08:36,229 [c3acf90a-cae3-4912-9a93-76f770441a06-groupManagement] INFO  server.RaftServerConfigKeys (ConfUtils.java:logGet(46)) - raft.server.rpc.request.timeout = 30000ms (custom)
2025-05-13 08:08:36,231 [c3acf90a-cae3-4912-9a93-76f770441a06-groupManagement] INFO  server.RaftServerConfigKeys (ConfUtils.java:logGet(46)) - raft.server.log.appender.install.snapshot.enabled = false (custom)
2025-05-13 08:08:36,232 [c3acf90a-cae3-4912-9a93-76f770441a06-groupManagement] INFO  server.RaftServerConfigKeys (ConfUtils.java:logGet(46)) - raft.server.threadpool.server.cached = true (default)
2025-05-13 08:08:36,232 [c3acf90a-cae3-4912-9a93-76f770441a06-groupManagement] INFO  server.RaftServerConfigKeys (ConfUtils.java:logGet(46)) - raft.server.threadpool.server.size = 0 (default)
2025-05-13 08:08:36,232 [c3acf90a-cae3-4912-9a93-76f770441a06-groupManagement] INFO  server.RaftServerConfigKeys (ConfUtils.java:logGet(46)) - raft.server.threadpool.client.cached = true (default)
2025-05-13 08:08:36,233 [c3acf90a-cae3-4912-9a93-76f770441a06-groupManagement] INFO  server.RaftServerConfigKeys (ConfUtils.java:logGet(46)) - raft.server.threadpool.client.size = 0 (default)
2025-05-13 08:08:36,234 [c3acf90a-cae3-4912-9a93-76f770441a06-impl-thread1] INFO  server.RaftServerConfigKeys (ConfUtils.java:logGet(46)) - raft.server.storage.free-space.min = 0MB (=0) (default)
2025-05-13 08:08:36,235 [c3acf90a-cae3-4912-9a93-76f770441a06-impl-thread1] INFO  server.RaftServerConfigKeys (ConfUtils.java:logGet(46)) - raft.server.log.corruption.policy = EXCEPTION (default)
2025-05-13 08:08:36,235 [c3acf90a-cae3-4912-9a93-76f770441a06-impl-thread1] INFO  server.RaftServerConfigKeys (ConfUtils.java:logGet(46)) - raft.server.storage.dir = [/home/runner/work/ozone/ozone/hadoop-ozone/integration-test-s3/target/test-dir/MiniOzoneClusterImpl-51e975e3-87ca-4f9c-b22e-f289b69b5230/ozone-meta/scm-ha] (custom)
2025-05-13 08:08:36,240 [c3acf90a-cae3-4912-9a93-76f770441a06-impl-thread1] INFO  storage.RaftStorageDirectory (RaftStorageDirectoryImpl.java:analyzeStorage(138)) - The storage directory /home/runner/work/ozone/ozone/hadoop-ozone/integration-test-s3/target/test-dir/MiniOzoneClusterImpl-51e975e3-87ca-4f9c-b22e-f289b69b5230/ozone-meta/scm-ha/51e975e3-87ca-4f9c-b22e-f289b69b5230 does not exist. Creating ...
2025-05-13 08:08:36,243 [c3acf90a-cae3-4912-9a93-76f770441a06-impl-thread1] INFO  storage.RaftStorageDirectory (RaftStorageDirectoryImpl.java:tryLock(229)) - Lock on /home/runner/work/ozone/ozone/hadoop-ozone/integration-test-s3/target/test-dir/MiniOzoneClusterImpl-51e975e3-87ca-4f9c-b22e-f289b69b5230/ozone-meta/scm-ha/51e975e3-87ca-4f9c-b22e-f289b69b5230/in_use.lock acquired by nodename 74288@pkrvmberfyhpb9w
2025-05-13 08:08:36,248 [c3acf90a-cae3-4912-9a93-76f770441a06-impl-thread1] INFO  storage.RaftStorage (RaftStorageImpl.java:format(98)) - Storage directory /home/runner/work/ozone/ozone/hadoop-ozone/integration-test-s3/target/test-dir/MiniOzoneClusterImpl-51e975e3-87ca-4f9c-b22e-f289b69b5230/ozone-meta/scm-ha/51e975e3-87ca-4f9c-b22e-f289b69b5230 has been successfully formatted.
2025-05-13 08:08:36,250 [c3acf90a-cae3-4912-9a93-76f770441a06-impl-thread1] INFO  ha.SCMStateMachine (SCMStateMachine.java:lambda$initialize$0(135)) - c3acf90a-cae3-4912-9a93-76f770441a06: initialize group-F289B69B5230
2025-05-13 08:08:36,251 [c3acf90a-cae3-4912-9a93-76f770441a06-impl-thread1] INFO  server.RaftServerConfigKeys (ConfUtils.java:logGet(46)) - raft.server.log.use.memory = false (default)
2025-05-13 08:08:36,257 [c3acf90a-cae3-4912-9a93-76f770441a06-impl-thread1] INFO  server.RaftServerConfigKeys (ConfUtils.java:logGet(46)) - raft.server.log.purge.gap = 1000000 (custom)
2025-05-13 08:08:36,257 [c3acf90a-cae3-4912-9a93-76f770441a06-impl-thread1] INFO  server.RaftServerConfigKeys (ConfUtils.java:logGet(46)) - raft.server.log.appender.buffer.byte-limit = 4194304 (custom)
2025-05-13 08:08:36,259 [c3acf90a-cae3-4912-9a93-76f770441a06-impl-thread1] INFO  server.RaftServerConfigKeys (ConfUtils.java:logGet(46)) - raft.server.log.statemachine.data.read.timeout = 1000ms (default)
2025-05-13 08:08:36,259 [c3acf90a-cae3-4912-9a93-76f770441a06-impl-thread1] INFO  server.RaftServerConfigKeys (ConfUtils.java:logGet(46)) - raft.server.log.purge.preservation.log.num = 0 (default)
2025-05-13 08:08:36,262 [c3acf90a-cae3-4912-9a93-76f770441a06-impl-thread1] INFO  server.RaftServerConfigKeys (ConfUtils.java:logGet(46)) - raft.server.log.segment.size.max = 4194304 (custom)
2025-05-13 08:08:36,266 [c3acf90a-cae3-4912-9a93-76f770441a06-impl-thread1] INFO  server.RaftServerConfigKeys (ConfUtils.java:logGet(46)) - raft.server.log.segment.cache.num.max = 2 (custom)
2025-05-13 08:08:36,266 [c3acf90a-cae3-4912-9a93-76f770441a06-impl-thread1] INFO  server.RaftServerConfigKeys (ConfUtils.java:logGet(46)) - raft.server.log.segment.cache.size.max = 200MB (=209715200) (default)
2025-05-13 08:08:36,267 [c3acf90a-cae3-4912-9a93-76f770441a06-impl-thread1] INFO  server.RaftServerConfigKeys (ConfUtils.java:logGet(46)) - raft.server.log.appender.buffer.byte-limit = 4194304 (custom)
2025-05-13 08:08:36,269 [c3acf90a-cae3-4912-9a93-76f770441a06-impl-thread1] INFO  util.AwaitToRun (AwaitToRun.java:start(81)) - Thread[#39,c3acf90a-cae3-4912-9a93-76f770441a06@group-F289B69B5230-cacheEviction-AwaitToRun,5,main] started
2025-05-13 08:08:36,273 [c3acf90a-cae3-4912-9a93-76f770441a06-impl-thread1] INFO  segmented.SegmentedRaftLogWorker (SegmentedRaftLogWorker.java:<init>(188)) - new c3acf90a-cae3-4912-9a93-76f770441a06@group-F289B69B5230-SegmentedRaftLogWorker for RaftStorageImpl:Storage Directory /home/runner/work/ozone/ozone/hadoop-ozone/integration-test-s3/target/test-dir/MiniOzoneClusterImpl-51e975e3-87ca-4f9c-b22e-f289b69b5230/ozone-meta/scm-ha/51e975e3-87ca-4f9c-b22e-f289b69b5230
2025-05-13 08:08:36,274 [c3acf90a-cae3-4912-9a93-76f770441a06-impl-thread1] INFO  server.RaftServerConfigKeys (ConfUtils.java:logGet(46)) - raft.server.log.queue.byte-limit = 64MB (=67108864) (default)
2025-05-13 08:08:36,275 [c3acf90a-cae3-4912-9a93-76f770441a06-impl-thread1] INFO  server.RaftServerConfigKeys (ConfUtils.java:logGet(46)) - raft.server.log.queue.element-limit = 4096 (default)
2025-05-13 08:08:36,277 [c3acf90a-cae3-4912-9a93-76f770441a06-impl-thread1] INFO  server.RaftServerConfigKeys (ConfUtils.java:logGet(46)) - raft.server.log.segment.size.max = 4194304 (custom)
2025-05-13 08:08:36,277 [c3acf90a-cae3-4912-9a93-76f770441a06-impl-thread1] INFO  server.RaftServerConfigKeys (ConfUtils.java:logGet(46)) - raft.server.log.preallocated.size = 4194304 (custom)
2025-05-13 08:08:36,278 [c3acf90a-cae3-4912-9a93-76f770441a06-impl-thread1] INFO  server.RaftServerConfigKeys (ConfUtils.java:logGet(46)) - raft.server.log.force.sync.num = 128 (default)
2025-05-13 08:08:36,278 [c3acf90a-cae3-4912-9a93-76f770441a06-impl-thread1] INFO  server.RaftServerConfigKeys (ConfUtils.java:logGet(46)) - raft.server.log.statemachine.data.sync = true (default)
2025-05-13 08:08:36,278 [c3acf90a-cae3-4912-9a93-76f770441a06-impl-thread1] INFO  server.RaftServerConfigKeys (ConfUtils.java:logGet(46)) - raft.server.log.statemachine.data.sync.timeout = 10s (default)
2025-05-13 08:08:36,279 [c3acf90a-cae3-4912-9a93-76f770441a06-impl-thread1] INFO  server.RaftServerConfigKeys (ConfUtils.java:logGet(46)) - raft.server.log.statemachine.data.sync.timeout.retry = -1 (default)
2025-05-13 08:08:36,280 [c3acf90a-cae3-4912-9a93-76f770441a06-impl-thread1] INFO  server.RaftServerConfigKeys (ConfUtils.java:logGet(46)) - raft.server.log.write.buffer.size = 4194312 (custom)
2025-05-13 08:08:36,282 [c3acf90a-cae3-4912-9a93-76f770441a06-impl-thread1] INFO  server.RaftServerConfigKeys (ConfUtils.java:logGet(46)) - raft.server.log.appender.buffer.byte-limit = 4194304 (custom)
2025-05-13 08:08:36,283 [c3acf90a-cae3-4912-9a93-76f770441a06-impl-thread1] INFO  server.RaftServerConfigKeys (ConfUtils.java:logGet(46)) - raft.server.log.unsafe-flush.enabled = false (default)
2025-05-13 08:08:36,283 [c3acf90a-cae3-4912-9a93-76f770441a06-impl-thread1] INFO  server.RaftServerConfigKeys (ConfUtils.java:logGet(46)) - raft.server.log.async-flush.enabled = false (default)
2025-05-13 08:08:36,283 [c3acf90a-cae3-4912-9a93-76f770441a06-impl-thread1] INFO  server.RaftServerConfigKeys (ConfUtils.java:logGet(46)) - raft.server.log.statemachine.data.caching.enabled = false (default)
2025-05-13 08:08:36,288 [c3acf90a-cae3-4912-9a93-76f770441a06-impl-thread1] INFO  segmented.SegmentedRaftLogWorker (SegmentedRaftLogWorker.java:lambda$new$0(139)) - c3acf90a-cae3-4912-9a93-76f770441a06@group-F289B69B5230-SegmentedRaftLogWorker: flushIndex: setUnconditionally 0 -> -1
2025-05-13 08:08:36,289 [c3acf90a-cae3-4912-9a93-76f770441a06-impl-thread1] INFO  segmented.SegmentedRaftLogWorker (SegmentedRaftLogWorker.java:lambda$new$0(139)) - c3acf90a-cae3-4912-9a93-76f770441a06@group-F289B69B5230-SegmentedRaftLogWorker: safeCacheEvictIndex: setUnconditionally 0 -> -1
2025-05-13 08:08:36,290 [c3acf90a-cae3-4912-9a93-76f770441a06-impl-thread1] INFO  server.RaftServer$Division (RaftServerImpl.java:start(391)) - c3acf90a-cae3-4912-9a93-76f770441a06@group-F289B69B5230: start as a follower, conf=conf: {index: -1, cur=peers:[c3acf90a-cae3-4912-9a93-76f770441a06|pkrvmberfyhpb9w:15004]|listeners:[], old=null}
2025-05-13 08:08:36,290 [c3acf90a-cae3-4912-9a93-76f770441a06-impl-thread1] INFO  server.RaftServer$Division (RaftServerImpl.java:setRole(378)) - c3acf90a-cae3-4912-9a93-76f770441a06@group-F289B69B5230: changes role from      null to FOLLOWER at term 0 for startAsFollower
2025-05-13 08:08:36,291 [c3acf90a-cae3-4912-9a93-76f770441a06-impl-thread1] INFO  impl.RoleInfo (RoleInfo.java:updateAndGet(148)) - c3acf90a-cae3-4912-9a93-76f770441a06: start c3acf90a-cae3-4912-9a93-76f770441a06@group-F289B69B5230-FollowerState
2025-05-13 08:08:36,292 [c3acf90a-cae3-4912-9a93-76f770441a06@group-F289B69B5230-FollowerState] INFO  server.RaftServerConfigKeys (ConfUtils.java:logGet(46)) - raft.server.rpc.first-election.timeout.min = 1000ms (custom)
2025-05-13 08:08:36,293 [c3acf90a-cae3-4912-9a93-76f770441a06@group-F289B69B5230-FollowerState] INFO  server.RaftServerConfigKeys (ConfUtils.java:logGet(46)) - raft.server.rpc.first-election.timeout.max = 1200ms (custom)
2025-05-13 08:08:36,294 [c3acf90a-cae3-4912-9a93-76f770441a06-impl-thread1] INFO  util.JmxRegister (JmxRegister.java:tryRegister(44)) - Successfully registered JMX Bean with object name Ratis:service=RaftServer,group=group-F289B69B5230,id=c3acf90a-cae3-4912-9a93-76f770441a06
2025-05-13 08:08:36,294 [c3acf90a-cae3-4912-9a93-76f770441a06-impl-thread1] INFO  util.JmxRegister (JmxRegister.java:register(58)) - register mxBean class org.apache.ratis.server.impl.RaftServerJmxAdapter as Ratis:service=RaftServer,group=group-F289B69B5230,id=c3acf90a-cae3-4912-9a93-76f770441a06
2025-05-13 08:08:36,296 [c3acf90a-cae3-4912-9a93-76f770441a06-impl-thread1] INFO  server.RaftServerConfigKeys (ConfUtils.java:logGet(46)) - raft.server.snapshot.trigger-when-stop.enabled = true (default)
2025-05-13 08:08:36,297 [c3acf90a-cae3-4912-9a93-76f770441a06-impl-thread1] INFO  server.RaftServerConfigKeys (ConfUtils.java:logGet(46)) - raft.server.snapshot.trigger-when-remove.enabled = true (default)
2025-05-13 08:08:36,297 [c3acf90a-cae3-4912-9a93-76f770441a06-impl-thread1] INFO  server.RaftServerConfigKeys (ConfUtils.java:logGet(46)) - raft.server.snapshot.auto.trigger.enabled = true (custom)
2025-05-13 08:08:36,297 [c3acf90a-cae3-4912-9a93-76f770441a06-impl-thread1] INFO  server.RaftServerConfigKeys (ConfUtils.java:logGet(46)) - raft.server.snapshot.auto.trigger.threshold = 1000 (custom)
2025-05-13 08:08:36,298 [c3acf90a-cae3-4912-9a93-76f770441a06-impl-thread1] INFO  server.RaftServerConfigKeys (ConfUtils.java:logGet(46)) - raft.server.snapshot.retention.file.num = -1 (default)
2025-05-13 08:08:36,298 [c3acf90a-cae3-4912-9a93-76f770441a06-impl-thread1] INFO  server.RaftServerConfigKeys (ConfUtils.java:logGet(46)) - raft.server.log.purge.upto.snapshot.index = false (default)
2025-05-13 08:08:36,301 [c3acf90a-cae3-4912-9a93-76f770441a06-impl-thread1] INFO  server.RaftServer$Division (RaftServerImpl.java:start(405)) - c3acf90a-cae3-4912-9a93-76f770441a06@group-F289B69B5230: Successfully started.
2025-05-13 08:08:36,301 [main] INFO  server.RaftServer (RaftServerProxy.java:startImpl(407)) - c3acf90a-cae3-4912-9a93-76f770441a06: start RPC server
2025-05-13 08:08:36,336 [main] INFO  server.GrpcService (GrpcService.java:startImpl(334)) - c3acf90a-cae3-4912-9a93-76f770441a06: GrpcService started, listening on 15004
2025-05-13 08:08:36,338 [JvmPauseMonitor0] INFO  util.JvmPauseMonitor (JvmPauseMonitor.java:run(146)) - JvmPauseMonitor-c3acf90a-cae3-4912-9a93-76f770441a06: Started
2025-05-13 08:08:37,315 [c3acf90a-cae3-4912-9a93-76f770441a06@group-F289B69B5230-FollowerState] INFO  impl.FollowerState (FollowerState.java:runImpl(161)) - c3acf90a-cae3-4912-9a93-76f770441a06@group-F289B69B5230-FollowerState: change to CANDIDATE, lastRpcElapsedTime:1023977508ns, electionTimeout:1021ms
2025-05-13 08:08:37,316 [c3acf90a-cae3-4912-9a93-76f770441a06@group-F289B69B5230-FollowerState] INFO  impl.RoleInfo (RoleInfo.java:shutdownFollowerState(121)) - c3acf90a-cae3-4912-9a93-76f770441a06: shutdown c3acf90a-cae3-4912-9a93-76f770441a06@group-F289B69B5230-FollowerState
2025-05-13 08:08:37,316 [c3acf90a-cae3-4912-9a93-76f770441a06@group-F289B69B5230-FollowerState] INFO  server.RaftServer$Division (RaftServerImpl.java:setRole(378)) - c3acf90a-cae3-4912-9a93-76f770441a06@group-F289B69B5230: changes role from  FOLLOWER to CANDIDATE at term 0 for changeToCandidate
2025-05-13 08:08:37,318 [c3acf90a-cae3-4912-9a93-76f770441a06@group-F289B69B5230-FollowerState] INFO  server.RaftServerConfigKeys (ConfUtils.java:logGet(46)) - raft.server.leaderelection.pre-vote = true (default)
2025-05-13 08:08:37,318 [c3acf90a-cae3-4912-9a93-76f770441a06@group-F289B69B5230-FollowerState] INFO  impl.RoleInfo (RoleInfo.java:updateAndGet(148)) - c3acf90a-cae3-4912-9a93-76f770441a06: start c3acf90a-cae3-4912-9a93-76f770441a06@group-F289B69B5230-LeaderElection1
2025-05-13 08:08:37,321 [c3acf90a-cae3-4912-9a93-76f770441a06@group-F289B69B5230-LeaderElection1] INFO  impl.LeaderElection (LeaderElection.java:askForVotes(332)) - c3acf90a-cae3-4912-9a93-76f770441a06@group-F289B69B5230-LeaderElection1 PRE_VOTE round 0: submit vote requests at term 0 for conf: {index: -1, cur=peers:[c3acf90a-cae3-4912-9a93-76f770441a06|pkrvmberfyhpb9w:15004]|listeners:[], old=null}
2025-05-13 08:08:37,322 [c3acf90a-cae3-4912-9a93-76f770441a06@group-F289B69B5230-LeaderElection1] INFO  impl.LeaderElection (LeaderElection.java:askForVotes(334)) - c3acf90a-cae3-4912-9a93-76f770441a06@group-F289B69B5230-LeaderElection1 PRE_VOTE round 0: result PASSED (term=0)
2025-05-13 08:08:37,324 [c3acf90a-cae3-4912-9a93-76f770441a06@group-F289B69B5230-LeaderElection1] INFO  impl.LeaderElection (LeaderElection.java:askForVotes(332)) - c3acf90a-cae3-4912-9a93-76f770441a06@group-F289B69B5230-LeaderElection1 ELECTION round 0: submit vote requests at term 1 for conf: {index: -1, cur=peers:[c3acf90a-cae3-4912-9a93-76f770441a06|pkrvmberfyhpb9w:15004]|listeners:[], old=null}
2025-05-13 08:08:37,324 [c3acf90a-cae3-4912-9a93-76f770441a06@group-F289B69B5230-LeaderElection1] INFO  impl.LeaderElection (LeaderElection.java:askForVotes(334)) - c3acf90a-cae3-4912-9a93-76f770441a06@group-F289B69B5230-LeaderElection1 ELECTION round 0: result PASSED (term=1)
2025-05-13 08:08:37,324 [c3acf90a-cae3-4912-9a93-76f770441a06@group-F289B69B5230-LeaderElection1] INFO  impl.RoleInfo (RoleInfo.java:shutdownLeaderElection(141)) - c3acf90a-cae3-4912-9a93-76f770441a06: shutdown c3acf90a-cae3-4912-9a93-76f770441a06@group-F289B69B5230-LeaderElection1
2025-05-13 08:08:37,325 [c3acf90a-cae3-4912-9a93-76f770441a06@group-F289B69B5230-LeaderElection1] INFO  server.RaftServer$Division (RaftServerImpl.java:setRole(378)) - c3acf90a-cae3-4912-9a93-76f770441a06@group-F289B69B5230: changes role from CANDIDATE to LEADER at term 1 for changeToLeader
2025-05-13 08:08:37,328 [c3acf90a-cae3-4912-9a93-76f770441a06@group-F289B69B5230-LeaderElection1] INFO  server.RaftServerConfigKeys (ConfUtils.java:logGet(46)) - raft.server.staging.catchup.gap = 1000 (default)
2025-05-13 08:08:37,330 [c3acf90a-cae3-4912-9a93-76f770441a06@group-F289B69B5230-LeaderElection1] INFO  server.RaftServerConfigKeys (ConfUtils.java:logGet(46)) - raft.server.write.element-limit = 4096 (default)
2025-05-13 08:08:37,331 [c3acf90a-cae3-4912-9a93-76f770441a06@group-F289B69B5230-LeaderElection1] INFO  server.RaftServerConfigKeys (ConfUtils.java:logGet(46)) - raft.server.write.byte-limit = 64MB (=67108864) (default)
2025-05-13 08:08:37,333 [c3acf90a-cae3-4912-9a93-76f770441a06@group-F289B69B5230-LeaderElection1] INFO  server.RaftServerConfigKeys (ConfUtils.java:logGet(46)) - raft.server.watch.timeout = 10s (default)
2025-05-13 08:08:37,333 [c3acf90a-cae3-4912-9a93-76f770441a06@group-F289B69B5230-LeaderElection1] INFO  server.RaftServerConfigKeys (ConfUtils.java:logGet(46)) - raft.server.watch.timeout.denomination = 1s (default)
2025-05-13 08:08:37,334 [c3acf90a-cae3-4912-9a93-76f770441a06@group-F289B69B5230-LeaderElection1] INFO  server.RaftServerConfigKeys (ConfUtils.java:logGet(46)) - raft.server.watch.element-limit = 65536 (default)
2025-05-13 08:08:37,338 [c3acf90a-cae3-4912-9a93-76f770441a06@group-F289B69B5230-LeaderElection1] INFO  server.RaftServerConfigKeys (ConfUtils.java:logGet(46)) - raft.server.read.leader.lease.enabled = false (default)
2025-05-13 08:08:37,340 [c3acf90a-cae3-4912-9a93-76f770441a06@group-F289B69B5230-LeaderElection1] INFO  server.RaftServerConfigKeys (ConfUtils.java:logGet(46)) - raft.server.read.leader.lease.timeout.ratio = 0.9 (default)
2025-05-13 08:08:37,340 [c3acf90a-cae3-4912-9a93-76f770441a06@group-F289B69B5230-LeaderElection1] INFO  server.RaftServerConfigKeys (ConfUtils.java:logGet(46)) - raft.server.rpc.timeout.min = 5000ms (custom)
2025-05-13 08:08:37,340 [c3acf90a-cae3-4912-9a93-76f770441a06@group-F289B69B5230-LeaderElection1] INFO  server.RaftServerConfigKeys (ConfUtils.java:logGet(46)) - raft.server.log.log-metadata.enabled = true (default)
2025-05-13 08:08:37,340 [c3acf90a-cae3-4912-9a93-76f770441a06@group-F289B69B5230-LeaderElection1] INFO  server.RaftServerConfigKeys (ConfUtils.java:logGet(46)) - raft.server.write.element-limit = 4096 (default)
2025-05-13 08:08:37,341 [c3acf90a-cae3-4912-9a93-76f770441a06@group-F289B69B5230-LeaderElection1] INFO  server.RaftServerConfigKeys (ConfUtils.java:logGet(46)) - raft.server.write.follower.gap.ratio.max = -1.0 (default)
2025-05-13 08:08:37,342 [c3acf90a-cae3-4912-9a93-76f770441a06@group-F289B69B5230-LeaderElection1] INFO  impl.RoleInfo (RoleInfo.java:updateAndGet(148)) - c3acf90a-cae3-4912-9a93-76f770441a06: start c3acf90a-cae3-4912-9a93-76f770441a06@group-F289B69B5230-LeaderStateImpl
2025-05-13 08:08:37,342 [c3acf90a-cae3-4912-9a93-76f770441a06@group-F289B69B5230-LeaderElection1] INFO  server.RaftServer$Division (RaftServerImpl.java:setFirstElection(562)) - c3acf90a-cae3-4912-9a93-76f770441a06@group-F289B69B5230: set firstElectionSinceStartup to false for becomeLeader
2025-05-13 08:08:37,342 [c3acf90a-cae3-4912-9a93-76f770441a06@group-F289B69B5230-LeaderElection1] INFO  server.RaftServer$Division (ServerState.java:setLeader(272)) - c3acf90a-cae3-4912-9a93-76f770441a06@group-F289B69B5230: change Leader from null to c3acf90a-cae3-4912-9a93-76f770441a06 at term 1 for becomeLeader, leader elected after 1257ms
2025-05-13 08:08:37,355 [c3acf90a-cae3-4912-9a93-76f770441a06@group-F289B69B5230-LeaderElection1] INFO  segmented.SegmentedRaftLogWorker (SegmentedRaftLogWorker.java:startLogSegment(438)) - c3acf90a-cae3-4912-9a93-76f770441a06@group-F289B69B5230-SegmentedRaftLogWorker: Starting segment from index:0
2025-05-13 08:08:37,366 [c3acf90a-cae3-4912-9a93-76f770441a06@group-F289B69B5230-LeaderElection1] INFO  server.RaftServer$Division (ServerState.java:setRaftConf(386)) - c3acf90a-cae3-4912-9a93-76f770441a06@group-F289B69B5230: set configuration conf: {index: 0, cur=peers:[c3acf90a-cae3-4912-9a93-76f770441a06|pkrvmberfyhpb9w:15004]|listeners:[], old=null}
2025-05-13 08:08:37,374 [c3acf90a-cae3-4912-9a93-76f770441a06@group-F289B69B5230-SegmentedRaftLogWorker] INFO  segmented.BufferedWriteChannel (BufferedWriteChannel.java:open(61)) - open log_inprogress_0 at position 0
2025-05-13 08:08:37,380 [c3acf90a-cae3-4912-9a93-76f770441a06@group-F289B69B5230-SegmentedRaftLogWorker] INFO  segmented.SegmentedRaftLogWorker (SegmentedRaftLogWorker.java:execute(644)) - c3acf90a-cae3-4912-9a93-76f770441a06@group-F289B69B5230-SegmentedRaftLogWorker: created new log segment /home/runner/work/ozone/ozone/hadoop-ozone/integration-test-s3/target/test-dir/MiniOzoneClusterImpl-51e975e3-87ca-4f9c-b22e-f289b69b5230/ozone-meta/scm-ha/51e975e3-87ca-4f9c-b22e-f289b69b5230/current/log_inprogress_0
2025-05-13 08:08:37,389 [c3acf90a-cae3-4912-9a93-76f770441a06@group-F289B69B5230-StateMachineUpdater] INFO  server.RaftServer$Division (LeaderStateImpl.java:checkStartIndex(313)) - Leader c3acf90a-cae3-4912-9a93-76f770441a06@group-F289B69B5230-LeaderStateImpl is ready since appliedIndex == startIndex == 0
2025-05-13 08:08:38,339 [main] INFO  server.RaftServer (RaftServerProxy.java:lambda$close$9(417)) - c3acf90a-cae3-4912-9a93-76f770441a06: close
2025-05-13 08:08:38,340 [main] INFO  server.GrpcService (GrpcService.java:closeImpl(343)) - c3acf90a-cae3-4912-9a93-76f770441a06: shutdown server GrpcServerProtocolService now
2025-05-13 08:08:38,340 [c3acf90a-cae3-4912-9a93-76f770441a06-impl-thread1] INFO  server.RaftServer$Division (RaftServerImpl.java:lambda$close$1(513)) - c3acf90a-cae3-4912-9a93-76f770441a06@group-F289B69B5230: shutdown
2025-05-13 08:08:38,340 [c3acf90a-cae3-4912-9a93-76f770441a06-impl-thread1] INFO  util.JmxRegister (JmxRegister.java:unregister(74)) - Successfully un-registered JMX Bean with object name Ratis:service=RaftServer,group=group-F289B69B5230,id=c3acf90a-cae3-4912-9a93-76f770441a06
2025-05-13 08:08:38,340 [c3acf90a-cae3-4912-9a93-76f770441a06-impl-thread1] INFO  impl.RoleInfo (RoleInfo.java:shutdownLeaderState(103)) - c3acf90a-cae3-4912-9a93-76f770441a06: shutdown c3acf90a-cae3-4912-9a93-76f770441a06@group-F289B69B5230-LeaderStateImpl
2025-05-13 08:08:38,344 [c3acf90a-cae3-4912-9a93-76f770441a06-impl-thread1] INFO  impl.PendingRequests (PendingRequests.java:sendNotLeaderResponses(287)) - c3acf90a-cae3-4912-9a93-76f770441a06@group-F289B69B5230-PendingRequests: sendNotLeaderResponses
2025-05-13 08:08:38,345 [main] INFO  server.GrpcService (GrpcService.java:closeImpl(352)) - c3acf90a-cae3-4912-9a93-76f770441a06: shutdown server GrpcServerProtocolService successfully
2025-05-13 08:08:38,346 [c3acf90a-cae3-4912-9a93-76f770441a06-impl-thread1] INFO  impl.StateMachineUpdater (StateMachineUpdater.java:stopAndJoin(164)) - c3acf90a-cae3-4912-9a93-76f770441a06@group-F289B69B5230-StateMachineUpdater: set stopIndex = 0
2025-05-13 08:08:38,347 [c3acf90a-cae3-4912-9a93-76f770441a06@group-F289B69B5230-StateMachineUpdater] INFO  impl.StateMachineUpdater (StateMachineUpdater.java:takeSnapshot(303)) - c3acf90a-cae3-4912-9a93-76f770441a06@group-F289B69B5230-StateMachineUpdater: Took a snapshot at index 0
2025-05-13 08:08:38,347 [c3acf90a-cae3-4912-9a93-76f770441a06@group-F289B69B5230-StateMachineUpdater] INFO  impl.StateMachineUpdater (StateMachineUpdater.java:lambda$new$0(102)) - c3acf90a-cae3-4912-9a93-76f770441a06@group-F289B69B5230-StateMachineUpdater: snapshotIndex: updateIncreasingly -1 -> 0
2025-05-13 08:08:38,349 [c3acf90a-cae3-4912-9a93-76f770441a06@group-F289B69B5230-StateMachineUpdater] INFO  impl.StateMachineUpdater (StateMachineUpdater.java:stop(141)) - c3acf90a-cae3-4912-9a93-76f770441a06@group-F289B69B5230-StateMachineUpdater: closing SCMStateMachine, lastApplied=(t:1, i:0)
2025-05-13 08:08:38,349 [c3acf90a-cae3-4912-9a93-76f770441a06@group-F289B69B5230-cacheEviction-AwaitToRun] INFO  util.AwaitToRun (AwaitToRun.java:run(49)) - c3acf90a-cae3-4912-9a93-76f770441a06@group-F289B69B5230-cacheEviction-AwaitToRun-AwaitForSignal is interrupted
2025-05-13 08:08:38,385 [c3acf90a-cae3-4912-9a93-76f770441a06-impl-thread1] INFO  segmented.SegmentedRaftLogWorker (SegmentedRaftLogWorker.java:close(252)) - c3acf90a-cae3-4912-9a93-76f770441a06@group-F289B69B5230-SegmentedRaftLogWorker close()
2025-05-13 08:08:38,390 [JvmPauseMonitor0] INFO  util.JvmPauseMonitor (JvmPauseMonitor.java:run(152)) - JvmPauseMonitor-c3acf90a-cae3-4912-9a93-76f770441a06: Stopped
2025-05-13 08:08:38,421 [main] WARN  server.ServerUtils (ServerUtils.java:getScmDbDir(138)) - ozone.scm.db.dirs is not configured. We recommend adding this setting. Falling back to ozone.metadata.dirs instead.
2025-05-13 08:08:38,423 [main] INFO  ha.SCMHANodeDetails (SCMHANodeDetails.java:loadSCMHAConfig(162)) - ServiceID for StorageContainerManager is null
2025-05-13 08:08:38,424 [main] INFO  ha.SCMHANodeDetails (SCMHANodeDetails.java:loadSCMHAConfig(166)) - ozone.scm.default.service.id is not defined, falling back to ozone.scm.service.ids to find serviceID for StorageContainerManager if it is HA enabled cluster
2025-05-13 08:08:38,793 [main] WARN  utils.HAUtils (HAUtils.java:getMetaDir(311)) - ozone.scm.db.dirs is not configured. We recommend adding this setting. Falling back to ozone.metadata.dirs instead.
2025-05-13 08:08:38,915 [main] WARN  db.DBStoreBuilder (DBStoreBuilder.java:getDBDirPath(160)) - ozone.scm.db.dirs is not configured. We recommend adding this setting. Falling back to ozone.metadata.dirs instead.
2025-05-13 08:08:39,074 [main] INFO  net.NodeSchemaLoader (NodeSchemaLoader.java:loadSchemaFromFile(128)) - Loading schema from [jar:file:/home/runner/work/ozone/ozone/hadoop-hdds/common/target/hdds-common-2.1.0-SNAPSHOT.jar!/network-topology-default.xml]
2025-05-13 08:08:39,075 [main] INFO  net.NodeSchemaLoader (NodeSchemaLoader.java:loadSchema(175)) - Loading network topology layer schema file
2025-05-13 08:08:39,178 [main] INFO  ha.SCMRatisServerImpl (SCMRatisServerImpl.java:<init>(100)) - starting Raft server for scm:c3acf90a-cae3-4912-9a93-76f770441a06
2025-05-13 08:08:39,181 [main] INFO  server.RaftServerConfigKeys (ConfUtils.java:logGet(46)) - raft.server.log.appender.buffer.byte-limit = 4194304 (custom)
2025-05-13 08:08:39,183 [main] INFO  server.RaftServer (ConfUtils.java:logGet(46)) - raft.rpc.type = GRPC (default)
2025-05-13 08:08:39,184 [main] INFO  grpc.GrpcConfigKeys (ConfUtils.java:logFallback(53)) - raft.grpc.admin.host = null (fallback to raft.grpc.server.host)
2025-05-13 08:08:39,184 [main] INFO  grpc.GrpcConfigKeys (ConfUtils.java:logFallback(53)) - raft.grpc.admin.port = 15004 (fallback to raft.grpc.server.port)
2025-05-13 08:08:39,184 [main] INFO  grpc.GrpcConfigKeys (ConfUtils.java:logFallback(53)) - raft.grpc.client.host = null (fallback to raft.grpc.server.host)
2025-05-13 08:08:39,185 [main] INFO  grpc.GrpcConfigKeys (ConfUtils.java:logFallback(53)) - raft.grpc.client.port = 15004 (fallback to raft.grpc.server.port)
2025-05-13 08:08:39,185 [main] INFO  grpc.GrpcConfigKeys (ConfUtils.java:logGet(46)) - raft.grpc.server.host = null (default)
2025-05-13 08:08:39,185 [main] INFO  grpc.GrpcConfigKeys (ConfUtils.java:logGet(46)) - raft.grpc.server.port = 15004 (custom)
2025-05-13 08:08:39,186 [main] INFO  server.GrpcService (ConfUtils.java:logGet(46)) - raft.grpc.message.size.max = 5242880 (custom)
2025-05-13 08:08:39,186 [main] INFO  server.GrpcService (ConfUtils.java:logGet(46)) - raft.grpc.flow.control.window = 1MB (=1048576) (default)
2025-05-13 08:08:39,186 [main] INFO  server.RaftServerConfigKeys (ConfUtils.java:logGet(46)) - raft.server.rpc.request.timeout = 30000ms (custom)
2025-05-13 08:08:39,187 [main] INFO  grpc.GrpcConfigKeys (ConfUtils.java:logGet(46)) - raft.grpc.server.heartbeat.channel = true (default)
2025-05-13 08:08:39,187 [main] INFO  server.RaftServerConfigKeys (ConfUtils.java:logGet(46)) - raft.server.log.appender.buffer.byte-limit = 4194304 (custom)
2025-05-13 08:08:39,187 [main] INFO  grpc.GrpcConfigKeys (ConfUtils.java:logGet(46)) - raft.grpc.server.async.request.thread.pool.cached = true (default)
2025-05-13 08:08:39,187 [main] INFO  grpc.GrpcConfigKeys (ConfUtils.java:logGet(46)) - raft.grpc.server.async.request.thread.pool.size = 32 (default)
2025-05-13 08:08:39,188 [main] INFO  impl.DataStreamServerImpl (ConfUtils.java:logGet(46)) - raft.datastream.type = DISABLED (default)
2025-05-13 08:08:39,189 [main] INFO  server.RaftServerConfigKeys (ConfUtils.java:logGet(46)) - raft.server.sleep.deviation.threshold = 300ms (default)
2025-05-13 08:08:39,189 [main] INFO  server.RaftServerConfigKeys (ConfUtils.java:logGet(46)) - raft.server.close.threshold = 60s (default)
2025-05-13 08:08:39,189 [main] INFO  server.RaftServerConfigKeys (ConfUtils.java:logGet(46)) - raft.server.leaderelection.leader.step-down.wait-time = 10s (default)
2025-05-13 08:08:39,189 [main] INFO  server.RaftServerConfigKeys (ConfUtils.java:logGet(46)) - raft.server.storage.dir = [/home/runner/work/ozone/ozone/hadoop-ozone/integration-test-s3/target/test-dir/MiniOzoneClusterImpl-51e975e3-87ca-4f9c-b22e-f289b69b5230/ozone-meta/scm-ha] (custom)
2025-05-13 08:08:39,190 [main] INFO  server.RaftServerConfigKeys (ConfUtils.java:logGet(46)) - raft.server.threadpool.proxy.cached = true (default)
2025-05-13 08:08:39,190 [main] INFO  server.RaftServerConfigKeys (ConfUtils.java:logGet(46)) - raft.server.threadpool.proxy.size = 0 (default)
2025-05-13 08:08:39,190 [c3acf90a-cae3-4912-9a93-76f770441a06-impl-thread1] INFO  server.RaftServer (RaftServerProxy.java:initGroupDir(265)) - c3acf90a-cae3-4912-9a93-76f770441a06: found a subdirectory /home/runner/work/ozone/ozone/hadoop-ozone/integration-test-s3/target/test-dir/MiniOzoneClusterImpl-51e975e3-87ca-4f9c-b22e-f289b69b5230/ozone-meta/scm-ha/51e975e3-87ca-4f9c-b22e-f289b69b5230
2025-05-13 08:08:39,191 [main] INFO  server.RaftServer (RaftServerProxy.java:addNew(100)) - c3acf90a-cae3-4912-9a93-76f770441a06: addNew group-F289B69B5230:[] returns group-F289B69B5230:java.util.concurrent.CompletableFuture@53ea380b[Not completed]
2025-05-13 08:08:39,193 [c3acf90a-cae3-4912-9a93-76f770441a06-groupManagement] INFO  server.RaftServer$Division (RaftServerImpl.java:<init>(255)) - c3acf90a-cae3-4912-9a93-76f770441a06: new RaftServerImpl for group-F289B69B5230:[] with SCMStateMachine:uninitialized
2025-05-13 08:08:39,193 [c3acf90a-cae3-4912-9a93-76f770441a06-groupManagement] INFO  server.RaftServerConfigKeys (ConfUtils.java:logGet(46)) - raft.server.rpc.timeout.min = 5000ms (custom)
2025-05-13 08:08:39,193 [c3acf90a-cae3-4912-9a93-76f770441a06-groupManagement] INFO  server.RaftServerConfigKeys (ConfUtils.java:logGet(46)) - raft.server.rpc.timeout.max = 5200ms (custom)
2025-05-13 08:08:39,194 [c3acf90a-cae3-4912-9a93-76f770441a06-groupManagement] INFO  server.RaftServerConfigKeys (ConfUtils.java:logGet(46)) - raft.server.rpc.sleep.time = 25ms (default)
2025-05-13 08:08:39,194 [c3acf90a-cae3-4912-9a93-76f770441a06-groupManagement] INFO  server.RaftServerConfigKeys (ConfUtils.java:logGet(46)) - raft.server.rpc.slowness.timeout = 120000ms (custom)
2025-05-13 08:08:39,194 [c3acf90a-cae3-4912-9a93-76f770441a06-groupManagement] INFO  server.RaftServerConfigKeys (ConfUtils.java:logGet(46)) - raft.server.leaderelection.leader.step-down.wait-time = 10s (default)
2025-05-13 08:08:39,194 [c3acf90a-cae3-4912-9a93-76f770441a06-groupManagement] INFO  server.RaftServerConfigKeys (ConfUtils.java:logGet(46)) - raft.server.leaderelection.member.majority-add = false (default)
2025-05-13 08:08:39,194 [c3acf90a-cae3-4912-9a93-76f770441a06-groupManagement] INFO  server.RaftServerConfigKeys (ConfUtils.java:logGet(46)) - raft.server.sleep.deviation.threshold = 300ms (default)
2025-05-13 08:08:39,194 [c3acf90a-cae3-4912-9a93-76f770441a06-groupManagement] INFO  server.RaftServer$Division (ServerState.java:<init>(114)) - c3acf90a-cae3-4912-9a93-76f770441a06@group-F289B69B5230: ConfigurationManager, init=conf: {index: -1, cur=peers:[]|listeners:[], old=null}, confs=<EMPTY_MAP>
2025-05-13 08:08:39,194 [c3acf90a-cae3-4912-9a93-76f770441a06-groupManagement] INFO  server.RaftServerConfigKeys (ConfUtils.java:logGet(46)) - raft.server.notification.no-leader.timeout = 60s (default)
2025-05-13 08:08:39,195 [c3acf90a-cae3-4912-9a93-76f770441a06-groupManagement] INFO  server.RaftServerConfigKeys (ConfUtils.java:logGet(46)) - raft.server.read.timeout = 10s (default)
2025-05-13 08:08:39,195 [c3acf90a-cae3-4912-9a93-76f770441a06-groupManagement] INFO  server.RaftServerConfigKeys (ConfUtils.java:logGet(46)) - raft.server.retrycache.expirytime = 60000ms (default)
2025-05-13 08:08:39,195 [c3acf90a-cae3-4912-9a93-76f770441a06-groupManagement] INFO  server.RaftServerConfigKeys (ConfUtils.java:logGet(46)) - raft.server.retrycache.statistics.expirytime = 100ms (default)
2025-05-13 08:08:39,195 [c3acf90a-cae3-4912-9a93-76f770441a06-groupManagement] INFO  server.RaftServerConfigKeys (ConfUtils.java:logGet(46)) - raft.server.read.option = DEFAULT (default)
2025-05-13 08:08:39,195 [c3acf90a-cae3-4912-9a93-76f770441a06-groupManagement] INFO  server.RaftServerConfigKeys (ConfUtils.java:logGet(46)) - raft.server.read.read-after-write-consistent.write-index-cache.expiry-time = 60s (default)
2025-05-13 08:08:39,203 [c3acf90a-cae3-4912-9a93-76f770441a06-groupManagement] INFO  server.RaftServerConfigKeys (ConfUtils.java:logGet(46)) - raft.server.rpc.request.timeout = 30000ms (custom)
2025-05-13 08:08:39,203 [c3acf90a-cae3-4912-9a93-76f770441a06-groupManagement] INFO  server.RaftServerConfigKeys (ConfUtils.java:logGet(46)) - raft.server.log.appender.install.snapshot.enabled = false (custom)
2025-05-13 08:08:39,203 [c3acf90a-cae3-4912-9a93-76f770441a06-groupManagement] INFO  server.RaftServerConfigKeys (ConfUtils.java:logGet(46)) - raft.server.threadpool.server.cached = true (default)
2025-05-13 08:08:39,203 [c3acf90a-cae3-4912-9a93-76f770441a06-groupManagement] INFO  server.RaftServerConfigKeys (ConfUtils.java:logGet(46)) - raft.server.threadpool.server.size = 0 (default)
2025-05-13 08:08:39,204 [c3acf90a-cae3-4912-9a93-76f770441a06-groupManagement] INFO  server.RaftServerConfigKeys (ConfUtils.java:logGet(46)) - raft.server.threadpool.client.cached = true (default)
2025-05-13 08:08:39,204 [c3acf90a-cae3-4912-9a93-76f770441a06-groupManagement] INFO  server.RaftServerConfigKeys (ConfUtils.java:logGet(46)) - raft.server.threadpool.client.size = 0 (default)
2025-05-13 08:08:39,205 [main] INFO  ha.SCMSnapshotProvider (SCMSnapshotProvider.java:<init>(61)) - Initializing SCM Snapshot Provider
2025-05-13 08:08:39,205 [main] WARN  server.ServerUtils (ServerUtils.java:getDefaultRatisDirectory(304)) - Storage directory for Ratis is not configured. It is a good idea to map this to an SSD disk. Falling back to ozone.metadata.dirs
2025-05-13 08:08:39,206 [main] WARN  ha.SCMHAUtils (SCMHAUtils.java:getSCMRatisSnapshotDirectory(120)) - SCM snapshot dir is not configured. Falling back to ozone.metadata.dirs config
2025-05-13 08:08:39,229 [main] INFO  upgrade.AbstractLayoutVersionManager (AbstractLayoutVersionManager.java:init(80)) - Initializing Layout version manager with metadata layout = HBASE_SUPPORT (version = 8), software layout = HBASE_SUPPORT (version = 8)
2025-05-13 08:08:39,255 [main] INFO  ha.SequenceIdGenerator (SequenceIdGenerator.java:upgradeToSequenceId(355)) - upgrade localId to 115816896921600000
2025-05-13 08:08:39,256 [main] INFO  ha.SequenceIdGenerator (SequenceIdGenerator.java:upgradeToSequenceId(365)) - upgrade delTxnId to 0
2025-05-13 08:08:39,261 [main] INFO  ha.SequenceIdGenerator (SequenceIdGenerator.java:upgradeToSequenceId(382)) - upgrade containerId to 0
2025-05-13 08:08:39,262 [main] INFO  ha.SequenceIdGenerator (SequenceIdGenerator.java:upgradeToCertificateSequenceId(419)) - upgrade CertificateId to 2
2025-05-13 08:08:39,264 [main] INFO  ha.SequenceIdGenerator (SequenceIdGenerator.java:<init>(232)) - Init the HA SequenceIdGenerator.
2025-05-13 08:08:39,301 [main] WARN  server.ServerUtils (ServerUtils.java:sanitizeUserArgs(76)) - ozone.scm.stale.node.interval value = 300000 is larger than max = 100000 based on the key value of ozone.scm.heartbeat.thread.interval, reset to the max value 100000.
2025-05-13 08:08:39,302 [main] WARN  server.ServerUtils (ServerUtils.java:sanitizeUserArgs(76)) - ozone.scm.stale.node.interval value = 300000 is larger than max = 100000 based on the key value of ozone.scm.heartbeat.thread.interval, reset to the max value 100000.
2025-05-13 08:08:39,306 [main] INFO  node.SCMNodeManager (SCMNodeManager.java:<init>(182)) - Entering startup safe mode.
2025-05-13 08:08:39,320 [main] INFO  algorithms.ContainerPlacementPolicyFactory (ContainerPlacementPolicyFactory.java:getPolicyInternal(84)) - Create container placement policy of type org.apache.hadoop.hdds.scm.container.placement.algorithms.SCMContainerPlacementRackAware
2025-05-13 08:08:39,326 [main] INFO  algorithms.ContainerPlacementPolicyFactory (ContainerPlacementPolicyFactory.java:getPolicyInternal(84)) - Create container placement policy of type org.apache.hadoop.hdds.scm.container.placement.algorithms.SCMContainerPlacementRackScatter
2025-05-13 08:08:39,335 [main] INFO  pipeline.PipelineStateManagerImpl (PipelineStateManagerImpl.java:initialize(75)) - No pipeline exists in current db
2025-05-13 08:08:39,348 [main] INFO  algorithms.LeaderChoosePolicyFactory (LeaderChoosePolicyFactory.java:getPolicy(55)) - Create leader choose policy of type org.apache.hadoop.hdds.scm.pipeline.leader.choose.algorithms.MinLeaderCountChoosePolicy
2025-05-13 08:08:39,349 [main] INFO  algorithms.ContainerPlacementPolicyFactory (ContainerPlacementPolicyFactory.java:getPolicyInternal(84)) - Create container placement policy of type org.apache.hadoop.hdds.scm.container.placement.algorithms.SCMContainerPlacementRackScatter
2025-05-13 08:08:39,357 [main] INFO  ha.SCMServiceManager (SCMServiceManager.java:register(42)) - Registering service BackgroundPipelineCreator.
2025-05-13 08:08:39,357 [main] INFO  pipeline.BackgroundPipelineCreator (BackgroundPipelineCreator.java:start(126)) - Starting RatisPipelineUtilsThread.
2025-05-13 08:08:39,359 [main] INFO  BackgroundPipelineScrubber (BackgroundSCMService.java:start(64)) - Starting BackgroundPipelineScrubber Service.
2025-05-13 08:08:39,360 [main] INFO  ha.SCMServiceManager (SCMServiceManager.java:register(42)) - Registering service BackgroundPipelineScrubber.
2025-05-13 08:08:39,366 [main] INFO  ExpiredContainerReplicaOpScrubber (BackgroundSCMService.java:start(64)) - Starting ExpiredContainerReplicaOpScrubber Service.
2025-05-13 08:08:39,367 [main] INFO  ha.SCMServiceManager (SCMServiceManager.java:register(42)) - Registering service ExpiredContainerReplicaOpScrubber.
2025-05-13 08:08:39,395 [main] INFO  algorithms.PipelineChoosePolicyFactory (PipelineChoosePolicyFactory.java:createPipelineChoosePolicyFromClass(78)) - Create pipeline choose policy of type org.apache.hadoop.hdds.scm.pipeline.choose.algorithms.RandomPipelineChoosePolicy
2025-05-13 08:08:39,395 [main] INFO  algorithms.PipelineChoosePolicyFactory (PipelineChoosePolicyFactory.java:createPipelineChoosePolicyFromClass(78)) - Create pipeline choose policy of type org.apache.hadoop.hdds.scm.pipeline.choose.algorithms.RandomPipelineChoosePolicy
2025-05-13 08:08:39,429 [main] INFO  ha.SCMServiceManager (SCMServiceManager.java:register(42)) - Registering service SCMBlockDeletingService.
2025-05-13 08:08:39,481 [main] INFO  replication.ReplicationManager (ReplicationManager.java:start(285)) - Starting Replication Monitor Thread.
2025-05-13 08:08:39,483 [main] INFO  ha.SCMServiceManager (SCMServiceManager.java:register(42)) - Registering service ReplicationManager.
2025-05-13 08:08:39,493 [main] INFO  safemode.RatisContainerSafeModeRule (RatisContainerSafeModeRule.java:initializeRule(160)) - Refreshed Containers with one replica threshold count 0.
2025-05-13 08:08:39,494 [main] INFO  safemode.ECContainerSafeModeRule (ECContainerSafeModeRule.java:initializeRule(205)) - Refreshed Containers with ec n replica threshold count 0.
2025-05-13 08:08:39,499 [main] INFO  safemode.HealthyPipelineSafeModeRule (HealthyPipelineSafeModeRule.java:initializeRule(177)) - Total pipeline count is 0, healthy pipeline threshold count is 1
2025-05-13 08:08:39,501 [main] INFO  safemode.OneReplicaPipelineSafeModeRule (OneReplicaPipelineSafeModeRule.java:initializeRule(190)) - Total pipeline count is 0, pipeline's with at least one datanode reported threshold count is 0
2025-05-13 08:08:39,525 [main] WARN  util.NativeCodeLoader (NativeCodeLoader.java:<clinit>(60)) - Unable to load native-hadoop library for your platform... using builtin-java classes where applicable
2025-05-13 08:08:39,542 [main] INFO  server.StorageContainerManager (StorageContainerManager.java:<init>(430)) - SCM start with adminUsers: [runner]
2025-05-13 08:08:39,795 [main] INFO  audit.AuditLogger (AuditLogger.java:refreshDebugCmdSet(133)) - Refresh DebugCmdSet for SCMAudit to [].
2025-05-13 08:08:39,818 [main] INFO  ipc.CallQueueManager (CallQueueManager.java:<init>(93)) - Using callQueue: class java.util.concurrent.LinkedBlockingQueue, queueCapacity: 10000, scheduler: class org.apache.hadoop.ipc.DefaultRpcScheduler, ipcBackoff: false, ipcFailOver: false.
2025-05-13 08:08:39,843 [main] INFO  ipc.Server (Server.java:<init>(1438)) - Listener at 0.0.0.0:15002
2025-05-13 08:08:39,845 [Socket Reader #1 for port 15002] INFO  ipc.Server (Server.java:run(1474)) - Starting Socket Reader #1 for port 15002
2025-05-13 08:08:39,846 [Socket Reader #2 for port 15002] INFO  ipc.Server (Server.java:run(1474)) - Starting Socket Reader #2 for port 15002
2025-05-13 08:08:39,847 [Socket Reader #3 for port 15002] INFO  ipc.Server (Server.java:run(1474)) - Starting Socket Reader #3 for port 15002
2025-05-13 08:08:39,848 [Socket Reader #4 for port 15002] INFO  ipc.Server (Server.java:run(1474)) - Starting Socket Reader #4 for port 15002
2025-05-13 08:08:39,849 [Socket Reader #5 for port 15002] INFO  ipc.Server (Server.java:run(1474)) - Starting Socket Reader #5 for port 15002
2025-05-13 08:08:39,850 [Socket Reader #7 for port 15002] INFO  ipc.Server (Server.java:run(1474)) - Starting Socket Reader #7 for port 15002
2025-05-13 08:08:39,851 [Socket Reader #8 for port 15002] INFO  ipc.Server (Server.java:run(1474)) - Starting Socket Reader #8 for port 15002
2025-05-13 08:08:39,852 [Socket Reader #9 for port 15002] INFO  ipc.Server (Server.java:run(1474)) - Starting Socket Reader #9 for port 15002
2025-05-13 08:08:39,853 [Socket Reader #6 for port 15002] INFO  ipc.Server (Server.java:run(1474)) - Starting Socket Reader #6 for port 15002
2025-05-13 08:08:39,853 [Socket Reader #10 for port 15002] INFO  ipc.Server (Server.java:run(1474)) - Starting Socket Reader #10 for port 15002
2025-05-13 08:08:39,884 [main] INFO  audit.AuditLogger (AuditLogger.java:refreshDebugCmdSet(133)) - Refresh DebugCmdSet for SCMAudit to [].
2025-05-13 08:08:39,889 [main] INFO  ipc.CallQueueManager (CallQueueManager.java:<init>(93)) - Using callQueue: class java.util.concurrent.LinkedBlockingQueue, queueCapacity: 10000, scheduler: class org.apache.hadoop.ipc.DefaultRpcScheduler, ipcBackoff: false, ipcFailOver: false.
2025-05-13 08:08:39,889 [main] INFO  ipc.Server (Server.java:<init>(1438)) - Listener at 0.0.0.0:15001
2025-05-13 08:08:39,891 [Socket Reader #1 for port 15001] INFO  ipc.Server (Server.java:run(1474)) - Starting Socket Reader #1 for port 15001
2025-05-13 08:08:39,892 [Socket Reader #2 for port 15001] INFO  ipc.Server (Server.java:run(1474)) - Starting Socket Reader #2 for port 15001
2025-05-13 08:08:39,892 [Socket Reader #3 for port 15001] INFO  ipc.Server (Server.java:run(1474)) - Starting Socket Reader #3 for port 15001
2025-05-13 08:08:39,893 [Socket Reader #4 for port 15001] INFO  ipc.Server (Server.java:run(1474)) - Starting Socket Reader #4 for port 15001
2025-05-13 08:08:39,894 [Socket Reader #5 for port 15001] INFO  ipc.Server (Server.java:run(1474)) - Starting Socket Reader #5 for port 15001
2025-05-13 08:08:39,895 [Socket Reader #6 for port 15001] INFO  ipc.Server (Server.java:run(1474)) - Starting Socket Reader #6 for port 15001
2025-05-13 08:08:39,896 [Socket Reader #7 for port 15001] INFO  ipc.Server (Server.java:run(1474)) - Starting Socket Reader #7 for port 15001
2025-05-13 08:08:39,896 [Socket Reader #8 for port 15001] INFO  ipc.Server (Server.java:run(1474)) - Starting Socket Reader #8 for port 15001
2025-05-13 08:08:39,896 [Socket Reader #9 for port 15001] INFO  ipc.Server (Server.java:run(1474)) - Starting Socket Reader #9 for port 15001
2025-05-13 08:08:39,898 [Socket Reader #10 for port 15001] INFO  ipc.Server (Server.java:run(1474)) - Starting Socket Reader #10 for port 15001
2025-05-13 08:08:39,919 [main] INFO  audit.AuditLogger (AuditLogger.java:refreshDebugCmdSet(133)) - Refresh DebugCmdSet for SCMAudit to [].
2025-05-13 08:08:39,927 [main] INFO  ipc.CallQueueManager (CallQueueManager.java:<init>(93)) - Using callQueue: class java.util.concurrent.LinkedBlockingQueue, queueCapacity: 10000, scheduler: class org.apache.hadoop.ipc.DefaultRpcScheduler, ipcBackoff: false, ipcFailOver: false.
2025-05-13 08:08:39,928 [main] INFO  ipc.Server (Server.java:<init>(1438)) - Listener at 0.0.0.0:15000
2025-05-13 08:08:39,928 [Socket Reader #1 for port 15000] INFO  ipc.Server (Server.java:run(1474)) - Starting Socket Reader #1 for port 15000
2025-05-13 08:08:39,928 [Socket Reader #2 for port 15000] INFO  ipc.Server (Server.java:run(1474)) - Starting Socket Reader #2 for port 15000
2025-05-13 08:08:39,929 [Socket Reader #3 for port 15000] INFO  ipc.Server (Server.java:run(1474)) - Starting Socket Reader #3 for port 15000
2025-05-13 08:08:39,930 [Socket Reader #4 for port 15000] INFO  ipc.Server (Server.java:run(1474)) - Starting Socket Reader #4 for port 15000
2025-05-13 08:08:39,930 [Socket Reader #5 for port 15000] INFO  ipc.Server (Server.java:run(1474)) - Starting Socket Reader #5 for port 15000
2025-05-13 08:08:39,931 [Socket Reader #6 for port 15000] INFO  ipc.Server (Server.java:run(1474)) - Starting Socket Reader #6 for port 15000
2025-05-13 08:08:39,931 [Socket Reader #7 for port 15000] INFO  ipc.Server (Server.java:run(1474)) - Starting Socket Reader #7 for port 15000
2025-05-13 08:08:39,931 [Socket Reader #8 for port 15000] INFO  ipc.Server (Server.java:run(1474)) - Starting Socket Reader #8 for port 15000
2025-05-13 08:08:39,932 [Socket Reader #9 for port 15000] INFO  ipc.Server (Server.java:run(1474)) - Starting Socket Reader #9 for port 15000
2025-05-13 08:08:39,932 [Socket Reader #10 for port 15000] INFO  ipc.Server (Server.java:run(1474)) - Starting Socket Reader #10 for port 15000
2025-05-13 08:08:39,973 [main] INFO  ha.SCMServiceManager (SCMServiceManager.java:register(42)) - Registering service ContainerBalancer.
2025-05-13 08:08:39,974 [main] INFO  ha.SCMContext (SCMContext.java:updateSafeModeStatus(224)) - Update SafeModeStatus from SafeModeStatus{safeModeStatus=true, preCheckPassed=false} to SafeModeStatus{safeModeStatus=true, preCheckPassed=false}.
2025-05-13 08:08:39,986 [main] INFO  server.StorageContainerManager (StorageContainerManager.java:start(1507)) - StorageContainerLocationProtocol RPC server is listening at /0.0.0.0:15000
2025-05-13 08:08:39,987 [main] INFO  ha.SCMRatisServerImpl (SCMRatisServerImpl.java:start(203)) - starting ratis server 0.0.0.0:15004
2025-05-13 08:08:39,987 [c3acf90a-cae3-4912-9a93-76f770441a06-impl-thread1] INFO  server.RaftServerConfigKeys (ConfUtils.java:logGet(46)) - raft.server.storage.free-space.min = 0MB (=0) (default)
2025-05-13 08:08:39,987 [c3acf90a-cae3-4912-9a93-76f770441a06-impl-thread1] INFO  server.RaftServerConfigKeys (ConfUtils.java:logGet(46)) - raft.server.log.corruption.policy = EXCEPTION (default)
2025-05-13 08:08:39,988 [c3acf90a-cae3-4912-9a93-76f770441a06-impl-thread1] INFO  server.RaftServerConfigKeys (ConfUtils.java:logGet(46)) - raft.server.storage.dir = [/home/runner/work/ozone/ozone/hadoop-ozone/integration-test-s3/target/test-dir/MiniOzoneClusterImpl-51e975e3-87ca-4f9c-b22e-f289b69b5230/ozone-meta/scm-ha] (custom)
2025-05-13 08:08:39,990 [c3acf90a-cae3-4912-9a93-76f770441a06-impl-thread1] INFO  storage.RaftStorageDirectory (RaftStorageDirectoryImpl.java:tryLock(229)) - Lock on /home/runner/work/ozone/ozone/hadoop-ozone/integration-test-s3/target/test-dir/MiniOzoneClusterImpl-51e975e3-87ca-4f9c-b22e-f289b69b5230/ozone-meta/scm-ha/51e975e3-87ca-4f9c-b22e-f289b69b5230/in_use.lock acquired by nodename 74288@pkrvmberfyhpb9w
2025-05-13 08:08:39,991 [c3acf90a-cae3-4912-9a93-76f770441a06-impl-thread1] INFO  storage.RaftStorage (RaftStorageImpl.java:analyzeAndRecoverStorage(118)) - Read RaftStorageMetadata{term=1, votedFor=c3acf90a-cae3-4912-9a93-76f770441a06} from /home/runner/work/ozone/ozone/hadoop-ozone/integration-test-s3/target/test-dir/MiniOzoneClusterImpl-51e975e3-87ca-4f9c-b22e-f289b69b5230/ozone-meta/scm-ha/51e975e3-87ca-4f9c-b22e-f289b69b5230/current/raft-meta
2025-05-13 08:08:39,994 [c3acf90a-cae3-4912-9a93-76f770441a06-impl-thread1] INFO  server.RaftServer$Division (ServerState.java:setRaftConf(386)) - c3acf90a-cae3-4912-9a93-76f770441a06@group-F289B69B5230: set configuration conf: {index: 0, cur=peers:[c3acf90a-cae3-4912-9a93-76f770441a06|pkrvmberfyhpb9w:15004]|listeners:[], old=null}
2025-05-13 08:08:39,994 [c3acf90a-cae3-4912-9a93-76f770441a06-impl-thread1] INFO  ha.SCMStateMachine (SCMStateMachine.java:lambda$initialize$0(135)) - c3acf90a-cae3-4912-9a93-76f770441a06: initialize group-F289B69B5230
2025-05-13 08:08:39,994 [c3acf90a-cae3-4912-9a93-76f770441a06-impl-thread1] INFO  server.RaftServerConfigKeys (ConfUtils.java:logGet(46)) - raft.server.log.use.memory = false (default)
2025-05-13 08:08:39,994 [c3acf90a-cae3-4912-9a93-76f770441a06-impl-thread1] INFO  server.RaftServerConfigKeys (ConfUtils.java:logGet(46)) - raft.server.log.purge.gap = 1000000 (custom)
2025-05-13 08:08:39,995 [c3acf90a-cae3-4912-9a93-76f770441a06-impl-thread1] INFO  server.RaftServerConfigKeys (ConfUtils.java:logGet(46)) - raft.server.log.appender.buffer.byte-limit = 4194304 (custom)
2025-05-13 08:08:39,995 [c3acf90a-cae3-4912-9a93-76f770441a06-impl-thread1] INFO  server.RaftServerConfigKeys (ConfUtils.java:logGet(46)) - raft.server.log.statemachine.data.read.timeout = 1000ms (default)
2025-05-13 08:08:39,995 [c3acf90a-cae3-4912-9a93-76f770441a06-impl-thread1] INFO  server.RaftServerConfigKeys (ConfUtils.java:logGet(46)) - raft.server.log.purge.preservation.log.num = 0 (default)
2025-05-13 08:08:39,997 [c3acf90a-cae3-4912-9a93-76f770441a06-impl-thread1] INFO  server.RaftServerConfigKeys (ConfUtils.java:logGet(46)) - raft.server.log.segment.size.max = 4194304 (custom)
2025-05-13 08:08:39,998 [c3acf90a-cae3-4912-9a93-76f770441a06-impl-thread1] INFO  server.RaftServerConfigKeys (ConfUtils.java:logGet(46)) - raft.server.log.segment.cache.num.max = 2 (custom)
2025-05-13 08:08:39,999 [c3acf90a-cae3-4912-9a93-76f770441a06-impl-thread1] INFO  server.RaftServerConfigKeys (ConfUtils.java:logGet(46)) - raft.server.log.segment.cache.size.max = 200MB (=209715200) (default)
2025-05-13 08:08:39,999 [c3acf90a-cae3-4912-9a93-76f770441a06-impl-thread1] INFO  server.RaftServerConfigKeys (ConfUtils.java:logGet(46)) - raft.server.log.appender.buffer.byte-limit = 4194304 (custom)
2025-05-13 08:08:40,000 [c3acf90a-cae3-4912-9a93-76f770441a06-impl-thread1] INFO  util.AwaitToRun (AwaitToRun.java:start(81)) - Thread[#112,c3acf90a-cae3-4912-9a93-76f770441a06@group-F289B69B5230-cacheEviction-AwaitToRun,5,main] started
2025-05-13 08:08:40,001 [c3acf90a-cae3-4912-9a93-76f770441a06-impl-thread1] INFO  segmented.SegmentedRaftLogWorker (SegmentedRaftLogWorker.java:<init>(188)) - new c3acf90a-cae3-4912-9a93-76f770441a06@group-F289B69B5230-SegmentedRaftLogWorker for RaftStorageImpl:Storage Directory /home/runner/work/ozone/ozone/hadoop-ozone/integration-test-s3/target/test-dir/MiniOzoneClusterImpl-51e975e3-87ca-4f9c-b22e-f289b69b5230/ozone-meta/scm-ha/51e975e3-87ca-4f9c-b22e-f289b69b5230
2025-05-13 08:08:40,001 [c3acf90a-cae3-4912-9a93-76f770441a06-impl-thread1] INFO  server.RaftServerConfigKeys (ConfUtils.java:logGet(46)) - raft.server.log.queue.byte-limit = 64MB (=67108864) (default)
2025-05-13 08:08:40,001 [c3acf90a-cae3-4912-9a93-76f770441a06-impl-thread1] INFO  server.RaftServerConfigKeys (ConfUtils.java:logGet(46)) - raft.server.log.queue.element-limit = 4096 (default)
2025-05-13 08:08:40,001 [c3acf90a-cae3-4912-9a93-76f770441a06-impl-thread1] INFO  server.RaftServerConfigKeys (ConfUtils.java:logGet(46)) - raft.server.log.segment.size.max = 4194304 (custom)
2025-05-13 08:08:40,001 [c3acf90a-cae3-4912-9a93-76f770441a06-impl-thread1] INFO  server.RaftServerConfigKeys (ConfUtils.java:logGet(46)) - raft.server.log.preallocated.size = 4194304 (custom)
2025-05-13 08:08:40,001 [c3acf90a-cae3-4912-9a93-76f770441a06-impl-thread1] INFO  server.RaftServerConfigKeys (ConfUtils.java:logGet(46)) - raft.server.log.force.sync.num = 128 (default)
2025-05-13 08:08:40,001 [c3acf90a-cae3-4912-9a93-76f770441a06-impl-thread1] INFO  server.RaftServerConfigKeys (ConfUtils.java:logGet(46)) - raft.server.log.statemachine.data.sync = true (default)
2025-05-13 08:08:40,002 [c3acf90a-cae3-4912-9a93-76f770441a06-impl-thread1] INFO  server.RaftServerConfigKeys (ConfUtils.java:logGet(46)) - raft.server.log.statemachine.data.sync.timeout = 10s (default)
2025-05-13 08:08:40,002 [c3acf90a-cae3-4912-9a93-76f770441a06-impl-thread1] INFO  server.RaftServerConfigKeys (ConfUtils.java:logGet(46)) - raft.server.log.statemachine.data.sync.timeout.retry = -1 (default)
2025-05-13 08:08:40,002 [c3acf90a-cae3-4912-9a93-76f770441a06-impl-thread1] INFO  server.RaftServerConfigKeys (ConfUtils.java:logGet(46)) - raft.server.log.write.buffer.size = 4194312 (custom)
2025-05-13 08:08:40,004 [c3acf90a-cae3-4912-9a93-76f770441a06-impl-thread1] INFO  server.RaftServerConfigKeys (ConfUtils.java:logGet(46)) - raft.server.log.appender.buffer.byte-limit = 4194304 (custom)
2025-05-13 08:08:40,004 [c3acf90a-cae3-4912-9a93-76f770441a06-impl-thread1] INFO  server.RaftServerConfigKeys (ConfUtils.java:logGet(46)) - raft.server.log.unsafe-flush.enabled = false (default)
2025-05-13 08:08:40,004 [c3acf90a-cae3-4912-9a93-76f770441a06-impl-thread1] INFO  server.RaftServerConfigKeys (ConfUtils.java:logGet(46)) - raft.server.log.async-flush.enabled = false (default)
2025-05-13 08:08:40,005 [c3acf90a-cae3-4912-9a93-76f770441a06-impl-thread1] INFO  server.RaftServerConfigKeys (ConfUtils.java:logGet(46)) - raft.server.log.statemachine.data.caching.enabled = false (default)
2025-05-13 08:08:40,010 [c3acf90a-cae3-4912-9a93-76f770441a06-impl-thread1] INFO  server.RaftServer$Division (ServerState.java:setRaftConf(386)) - c3acf90a-cae3-4912-9a93-76f770441a06@group-F289B69B5230: set configuration conf: {index: 0, cur=peers:[c3acf90a-cae3-4912-9a93-76f770441a06|pkrvmberfyhpb9w:15004]|listeners:[], old=null}
2025-05-13 08:08:40,011 [c3acf90a-cae3-4912-9a93-76f770441a06-impl-thread1] INFO  segmented.LogSegment (LogSegment.java:loadSegment(171)) - Successfully read 1 entries from segment file /home/runner/work/ozone/ozone/hadoop-ozone/integration-test-s3/target/test-dir/MiniOzoneClusterImpl-51e975e3-87ca-4f9c-b22e-f289b69b5230/ozone-meta/scm-ha/51e975e3-87ca-4f9c-b22e-f289b69b5230/current/log_inprogress_0
2025-05-13 08:08:40,011 [c3acf90a-cae3-4912-9a93-76f770441a06-impl-thread1] INFO  segmented.SegmentedRaftLogWorker (SegmentedRaftLogWorker.java:lambda$new$0(139)) - c3acf90a-cae3-4912-9a93-76f770441a06@group-F289B69B5230-SegmentedRaftLogWorker: safeCacheEvictIndex: setUnconditionally 0 -> -1
2025-05-13 08:08:40,011 [c3acf90a-cae3-4912-9a93-76f770441a06-impl-thread1] INFO  segmented.BufferedWriteChannel (BufferedWriteChannel.java:open(61)) - open log_inprogress_0 (append) at position 82
2025-05-13 08:08:40,012 [c3acf90a-cae3-4912-9a93-76f770441a06-impl-thread1] INFO  server.RaftServer$Division (RaftServerImpl.java:start(391)) - c3acf90a-cae3-4912-9a93-76f770441a06@group-F289B69B5230: start as a follower, conf=conf: {index: 0, cur=peers:[c3acf90a-cae3-4912-9a93-76f770441a06|pkrvmberfyhpb9w:15004]|listeners:[], old=null}
2025-05-13 08:08:40,013 [c3acf90a-cae3-4912-9a93-76f770441a06-impl-thread1] INFO  server.RaftServer$Division (RaftServerImpl.java:setRole(378)) - c3acf90a-cae3-4912-9a93-76f770441a06@group-F289B69B5230: changes role from      null to FOLLOWER at term 1 for startAsFollower
2025-05-13 08:08:40,013 [c3acf90a-cae3-4912-9a93-76f770441a06-impl-thread1] INFO  impl.RoleInfo (RoleInfo.java:updateAndGet(148)) - c3acf90a-cae3-4912-9a93-76f770441a06: start c3acf90a-cae3-4912-9a93-76f770441a06@group-F289B69B5230-FollowerState
2025-05-13 08:08:40,014 [c3acf90a-cae3-4912-9a93-76f770441a06@group-F289B69B5230-FollowerState] INFO  server.RaftServerConfigKeys (ConfUtils.java:logGet(46)) - raft.server.rpc.first-election.timeout.min = 1000ms (custom)
2025-05-13 08:08:40,014 [c3acf90a-cae3-4912-9a93-76f770441a06@group-F289B69B5230-FollowerState] INFO  server.RaftServerConfigKeys (ConfUtils.java:logGet(46)) - raft.server.rpc.first-election.timeout.max = 1200ms (custom)
2025-05-13 08:08:40,015 [c3acf90a-cae3-4912-9a93-76f770441a06-impl-thread1] INFO  util.JmxRegister (JmxRegister.java:tryRegister(44)) - Successfully registered JMX Bean with object name Ratis:service=RaftServer,group=group-F289B69B5230,id=c3acf90a-cae3-4912-9a93-76f770441a06
2025-05-13 08:08:40,015 [c3acf90a-cae3-4912-9a93-76f770441a06-impl-thread1] INFO  util.JmxRegister (JmxRegister.java:register(58)) - register mxBean class org.apache.ratis.server.impl.RaftServerJmxAdapter as Ratis:service=RaftServer,group=group-F289B69B5230,id=c3acf90a-cae3-4912-9a93-76f770441a06
2025-05-13 08:08:40,015 [c3acf90a-cae3-4912-9a93-76f770441a06-impl-thread1] INFO  server.RaftServerConfigKeys (ConfUtils.java:logGet(46)) - raft.server.snapshot.trigger-when-stop.enabled = true (default)
2025-05-13 08:08:40,016 [c3acf90a-cae3-4912-9a93-76f770441a06-impl-thread1] INFO  server.RaftServerConfigKeys (ConfUtils.java:logGet(46)) - raft.server.snapshot.trigger-when-remove.enabled = true (default)
2025-05-13 08:08:40,016 [c3acf90a-cae3-4912-9a93-76f770441a06-impl-thread1] INFO  server.RaftServerConfigKeys (ConfUtils.java:logGet(46)) - raft.server.snapshot.auto.trigger.enabled = true (custom)
2025-05-13 08:08:40,016 [c3acf90a-cae3-4912-9a93-76f770441a06-impl-thread1] INFO  server.RaftServerConfigKeys (ConfUtils.java:logGet(46)) - raft.server.snapshot.auto.trigger.threshold = 1000 (custom)
2025-05-13 08:08:40,016 [c3acf90a-cae3-4912-9a93-76f770441a06-impl-thread1] INFO  server.RaftServerConfigKeys (ConfUtils.java:logGet(46)) - raft.server.snapshot.retention.file.num = -1 (default)
2025-05-13 08:08:40,016 [c3acf90a-cae3-4912-9a93-76f770441a06-impl-thread1] INFO  server.RaftServerConfigKeys (ConfUtils.java:logGet(46)) - raft.server.log.purge.upto.snapshot.index = false (default)
2025-05-13 08:08:40,018 [c3acf90a-cae3-4912-9a93-76f770441a06-impl-thread1] INFO  server.RaftServer$Division (RaftServerImpl.java:start(405)) - c3acf90a-cae3-4912-9a93-76f770441a06@group-F289B69B5230: Successfully started.
2025-05-13 08:08:40,018 [main] INFO  server.RaftServer (RaftServerProxy.java:startImpl(407)) - c3acf90a-cae3-4912-9a93-76f770441a06: start RPC server
2025-05-13 08:08:40,020 [main] INFO  server.GrpcService (GrpcService.java:startImpl(334)) - c3acf90a-cae3-4912-9a93-76f770441a06: GrpcService started, listening on 15004
2025-05-13 08:08:40,021 [JvmPauseMonitor1] INFO  util.JvmPauseMonitor (JvmPauseMonitor.java:run(146)) - JvmPauseMonitor-c3acf90a-cae3-4912-9a93-76f770441a06: Started
2025-05-13 08:08:40,027 [main] INFO  ha.SCMHAManagerImpl (SCMHAManagerImpl.java:start(131)) -  scm role is FOLLOWER peers [c3acf90a-cae3-4912-9a93-76f770441a06|pkrvmberfyhpb9w:15004]
2025-05-13 08:08:40,027 [main] INFO  ha.InterSCMGrpcService (InterSCMGrpcProtocolService.java:start(98)) - Starting SCM Grpc Service at port 15005
2025-05-13 08:08:40,028 [main] INFO  SCMHATransactionMonitor (BackgroundSCMService.java:start(64)) - Starting SCMHATransactionMonitor Service.
2025-05-13 08:08:40,029 [main] INFO  ha.SCMServiceManager (SCMServiceManager.java:register(42)) - Registering service SCMHATransactionMonitor.
2025-05-13 08:08:40,030 [main] INFO  SCMHATransactionMonitor (BackgroundSCMService.java:start(61)) - SCMHATransactionMonitor Service is already running, skip start.
2025-05-13 08:08:40,065 [main] WARN  impl.MetricsConfig (MetricsConfig.java:loadFirst(138)) - Cannot locate configuration: tried hadoop-metrics2-storagecontainermanager.properties,hadoop-metrics2.properties
2025-05-13 08:08:40,072 [main] INFO  impl.MetricsSystemImpl (MetricsSystemImpl.java:startTimer(378)) - Scheduled Metric snapshot period at 10 second(s).
2025-05-13 08:08:40,073 [main] INFO  impl.MetricsSystemImpl (MetricsSystemImpl.java:start(191)) - StorageContainerManager metrics system started
2025-05-13 08:08:40,189 [main] INFO  server.SCMClientProtocolServer (SCMClientProtocolServer.java:start(207)) - RPC server for Client  is listening at /0.0.0.0:15000
2025-05-13 08:08:40,190 [IPC Server Responder] INFO  ipc.Server (Server.java:run(1713)) - IPC Server Responder: starting
2025-05-13 08:08:40,190 [IPC Server listener on 15000] INFO  ipc.Server (Server.java:run(1553)) - IPC Server listener on 15000: starting
2025-05-13 08:08:40,204 [main] INFO  server.StorageContainerManager (StorageContainerManager.java:start(1520)) - ScmBlockLocationProtocol RPC server is listening at /0.0.0.0:15001
2025-05-13 08:08:40,205 [main] INFO  server.SCMBlockProtocolServer (SCMBlockProtocolServer.java:start(166)) - RPC server for Block Protocol is listening at /0.0.0.0:15001
2025-05-13 08:08:40,206 [IPC Server Responder] INFO  ipc.Server (Server.java:run(1713)) - IPC Server Responder: starting
2025-05-13 08:08:40,206 [IPC Server listener on 15001] INFO  ipc.Server (Server.java:run(1553)) - IPC Server listener on 15001: starting
2025-05-13 08:08:40,233 [main] INFO  http.BaseHttpServer (BaseHttpServer.java:newHttpServer2BuilderForOzone(229)) - Starting Web-server for scm at: http://0.0.0.0:15003
2025-05-13 08:08:40,233 [main] INFO  http.BaseHttpServer (BaseHttpServer.java:<init>(107)) - Hadoop Security Enabled: false Ozone Security Enabled: false Ozone HTTP Security Enabled: false 
2025-05-13 08:08:40,251 [main] INFO  util.log (Log.java:initialized(170)) - Logging initialized @5943ms to org.eclipse.jetty.util.log.Slf4jLog
2025-05-13 08:08:40,309 [main] WARN  server.AuthenticationFilter (AuthenticationFilter.java:constructSecretProvider(240)) - Unable to initialize FileSignerSecretProvider, falling back to use random secrets. Reason: Could not read signature secret file: /home/runner/hadoop-http-auth-signature-secret
2025-05-13 08:08:40,329 [main] INFO  http.HttpServer2 (HttpServer2.java:addGlobalFilter(1042)) - Added global filter 'safety' (class=org.apache.hadoop.hdds.server.http.HttpServer2$QuotingInputFilter)
2025-05-13 08:08:40,331 [main] INFO  http.HttpServer2 (HttpServer2.java:addFilter(1018)) - Added filter static_user_filter (class=org.apache.hadoop.http.lib.StaticUserWebFilter$StaticUserFilter) to context scm
2025-05-13 08:08:40,331 [main] INFO  http.HttpServer2 (HttpServer2.java:addFilter(1026)) - Added filter static_user_filter (class=org.apache.hadoop.http.lib.StaticUserWebFilter$StaticUserFilter) to context logs
2025-05-13 08:08:40,331 [main] INFO  http.HttpServer2 (HttpServer2.java:addFilter(1026)) - Added filter static_user_filter (class=org.apache.hadoop.http.lib.StaticUserWebFilter$StaticUserFilter) to context static
2025-05-13 08:08:40,353 [main] INFO  http.BaseHttpServer (BaseHttpServer.java:<init>(195)) - HTTP server of scm uses base directory /home/runner/work/ozone/ozone/hadoop-ozone/integration-test-s3/target/test-dir/MiniOzoneClusterImpl-51e975e3-87ca-4f9c-b22e-f289b69b5230/ozone-meta/webserver
2025-05-13 08:08:40,354 [main] INFO  http.HttpServer2 (HttpServer2.java:bindListener(1242)) - Jetty bound to port 15003
2025-05-13 08:08:40,355 [main] INFO  server.Server (Server.java:doStart(375)) - jetty-9.4.57.v20241219; built: 2025-01-08T21:24:30.412Z; git: df524e6b29271c2e09ba9aea83c18dc9db464a31; jvm 21.0.7+6-LTS
2025-05-13 08:08:40,374 [main] INFO  server.session (DefaultSessionIdManager.java:doStart(334)) - DefaultSessionIdManager workerName=node0
2025-05-13 08:08:40,374 [main] INFO  server.session (DefaultSessionIdManager.java:doStart(339)) - No SessionScavenger set, using defaults
2025-05-13 08:08:40,375 [main] INFO  server.session (HouseKeeper.java:startScavenging(132)) - node0 Scavenging every 600000ms
2025-05-13 08:08:40,383 [main] INFO  handler.ContextHandler (ContextHandler.java:doStart(921)) - Started o.e.j.s.ServletContextHandler@19542115{logs,/logs,file:///home/runner/work/ozone/ozone/hadoop-ozone/integration-test-s3/target/log,AVAILABLE}
2025-05-13 08:08:40,383 [main] INFO  handler.ContextHandler (ContextHandler.java:doStart(921)) - Started o.e.j.s.ServletContextHandler@6dd1f239{static,/static,jar:file:/home/runner/work/ozone/ozone/hadoop-hdds/server-scm/target/hdds-server-scm-2.1.0-SNAPSHOT.jar!/webapps/static,AVAILABLE}
2025-05-13 08:08:40,565 [main] INFO  handler.ContextHandler (ContextHandler.java:doStart(921)) - Started o.e.j.w.WebAppContext@2b85edc7{scm,/,file:///home/runner/work/ozone/ozone/hadoop-ozone/integration-test-s3/target/test-dir/MiniOzoneClusterImpl-51e975e3-87ca-4f9c-b22e-f289b69b5230/ozone-meta/webserver/jetty-0_0_0_0-15003-hdds-server-scm-2_1_0-SNAPSHOT_jar-_-any-1154689065912601575/webapp/,AVAILABLE}{jar:file:/home/runner/work/ozone/ozone/hadoop-hdds/server-scm/target/hdds-server-scm-2.1.0-SNAPSHOT.jar!/webapps/scm}
2025-05-13 08:08:40,569 [main] INFO  server.AbstractConnector (AbstractConnector.java:doStart(333)) - Started ServerConnector@1248f83{HTTP/1.1, (http/1.1)}{0.0.0.0:15003}
2025-05-13 08:08:40,569 [main] INFO  server.Server (Server.java:doStart(415)) - Started @6262ms
2025-05-13 08:08:40,571 [main] INFO  impl.MetricsSinkAdapter (MetricsSinkAdapter.java:start(204)) - Sink prometheus started
2025-05-13 08:08:40,571 [main] INFO  impl.MetricsSystemImpl (MetricsSystemImpl.java:registerSink(305)) - Registered sink prometheus
2025-05-13 08:08:40,572 [main] INFO  http.BaseHttpServer (BaseHttpServer.java:updateConnectorAddress(359)) - HTTP server of scm listening at http://0.0.0.0:15003
2025-05-13 08:08:40,578 [main] WARN  server.ServerUtils (ServerUtils.java:getDBPath(292)) - ozone.om.db.dirs is not configured. We recommend adding this setting. Falling back to ozone.metadata.dirs instead.
2025-05-13 08:08:40,635 [main] INFO  audit.AuditLogger (AuditLogger.java:refreshDebugCmdSet(133)) - Refresh DebugCmdSet for OMAudit to [].
2025-05-13 08:08:40,649 [main] INFO  audit.AuditLogger (AuditLogger.java:refreshDebugCmdSet(133)) - Refresh DebugCmdSet for OMSystemAudit to [].
2025-05-13 08:08:40,685 [main] INFO  ha.OMHANodeDetails (OMHANodeDetails.java:loadOMHAConfig(113)) - ozone.om.internal.service.id is not defined, falling back to ozone.om.service.ids to find serviceID for OzoneManager if it is HA enabled cluster
2025-05-13 08:08:40,688 [main] INFO  ha.OMHANodeDetails (OMHANodeDetails.java:loadOMHAConfig(224)) - Configuration does not have ozone.om.address set. Falling back to the default OM address /127.0.0.1:15006
2025-05-13 08:08:40,688 [main] INFO  ha.OMHANodeDetails (OMHANodeDetails.java:getOMNodeDetailsForNonHA(252)) - OM Service ID is not set. Setting it to the default ID: omServiceIdDefault
2025-05-13 08:08:40,688 [main] INFO  ha.OMHANodeDetails (OMHANodeDetails.java:getOMNodeDetailsForNonHA(259)) - OM Node ID is not set. Setting it to the default ID: om1
2025-05-13 08:08:40,691 [main] WARN  server.ServerUtils (ServerUtils.java:getDBPath(292)) - ozone.om.db.dirs is not configured. We recommend adding this setting. Falling back to ozone.metadata.dirs instead.
2025-05-13 08:08:40,695 [main] INFO  upgrade.AbstractLayoutVersionManager (AbstractLayoutVersionManager.java:init(80)) - Initializing Layout version manager with metadata layout = DELEGATION_TOKEN_SYMMETRIC_SIGN (version = 8), software layout = DELEGATION_TOKEN_SYMMETRIC_SIGN (version = 8)
2025-05-13 08:08:40,755 [main] INFO  reflections.Reflections (Reflections.java:scan(219)) - Reflections took 59 ms to scan 1 urls, producing 147 keys and 458 values
2025-05-13 08:08:40,758 [main] INFO  upgrade.OMLayoutVersionManager (OMLayoutVersionManager.java:lambda$0(110)) - Skipping Upgrade Action QuotaRepairUpgradeAction since it has been finalized.
2025-05-13 08:08:40,760 [main] WARN  server.ServerUtils (ServerUtils.java:getDBPath(292)) - ozone.om.db.dirs is not configured. We recommend adding this setting. Falling back to ozone.metadata.dirs instead.
2025-05-13 08:08:40,765 [main] INFO  om.OzoneManager (OzoneManager.java:setReplicationFromConfig(4596)) - Set default replication in OM: RATIS/3 -> RATIS/THREE
2025-05-13 08:08:40,771 [main] INFO  proxy.SCMContainerLocationFailoverProxyProvider (SCMFailoverProxyProviderBase.java:<init>(120)) - Created fail-over proxy for protocol StorageContainerLocationProtocolPB with 1 nodes: [nodeId=scmNodeId,nodeAddress=/0.0.0.0:15000]
2025-05-13 08:08:40,800 [main] INFO  proxy.SCMBlockLocationFailoverProxyProvider (SCMFailoverProxyProviderBase.java:<init>(120)) - Created fail-over proxy for protocol ScmBlockLocationProtocolPB with 1 nodes: [nodeId=scmNodeId,nodeAddress=/0.0.0.0:15001]
2025-05-13 08:08:40,814 [main] INFO  proxy.SCMBlockLocationFailoverProxyProvider (SCMFailoverProxyProviderBase.java:<init>(120)) - Created fail-over proxy for protocol ScmBlockLocationProtocolPB with 1 nodes: [nodeId=scmNodeId,nodeAddress=/0.0.0.0:15001]
2025-05-13 08:08:41,122 [c3acf90a-cae3-4912-9a93-76f770441a06@group-F289B69B5230-FollowerState] INFO  impl.FollowerState (FollowerState.java:runImpl(161)) - c3acf90a-cae3-4912-9a93-76f770441a06@group-F289B69B5230-FollowerState: change to CANDIDATE, lastRpcElapsedTime:1108706630ns, electionTimeout:1107ms
2025-05-13 08:08:41,122 [c3acf90a-cae3-4912-9a93-76f770441a06@group-F289B69B5230-FollowerState] INFO  impl.RoleInfo (RoleInfo.java:shutdownFollowerState(121)) - c3acf90a-cae3-4912-9a93-76f770441a06: shutdown c3acf90a-cae3-4912-9a93-76f770441a06@group-F289B69B5230-FollowerState
2025-05-13 08:08:41,122 [c3acf90a-cae3-4912-9a93-76f770441a06@group-F289B69B5230-FollowerState] INFO  server.RaftServer$Division (RaftServerImpl.java:setRole(378)) - c3acf90a-cae3-4912-9a93-76f770441a06@group-F289B69B5230: changes role from  FOLLOWER to CANDIDATE at term 1 for changeToCandidate
2025-05-13 08:08:41,122 [c3acf90a-cae3-4912-9a93-76f770441a06@group-F289B69B5230-FollowerState] INFO  server.RaftServerConfigKeys (ConfUtils.java:logGet(46)) - raft.server.leaderelection.pre-vote = true (default)
2025-05-13 08:08:41,122 [c3acf90a-cae3-4912-9a93-76f770441a06@group-F289B69B5230-FollowerState] INFO  impl.RoleInfo (RoleInfo.java:updateAndGet(148)) - c3acf90a-cae3-4912-9a93-76f770441a06: start c3acf90a-cae3-4912-9a93-76f770441a06@group-F289B69B5230-LeaderElection2
2025-05-13 08:08:41,124 [c3acf90a-cae3-4912-9a93-76f770441a06@group-F289B69B5230-LeaderElection2] INFO  impl.LeaderElection (LeaderElection.java:askForVotes(332)) - c3acf90a-cae3-4912-9a93-76f770441a06@group-F289B69B5230-LeaderElection2 PRE_VOTE round 0: submit vote requests at term 1 for conf: {index: 0, cur=peers:[c3acf90a-cae3-4912-9a93-76f770441a06|pkrvmberfyhpb9w:15004]|listeners:[], old=null}
2025-05-13 08:08:41,124 [c3acf90a-cae3-4912-9a93-76f770441a06@group-F289B69B5230-LeaderElection2] INFO  impl.LeaderElection (LeaderElection.java:askForVotes(334)) - c3acf90a-cae3-4912-9a93-76f770441a06@group-F289B69B5230-LeaderElection2 PRE_VOTE round 0: result PASSED (term=1)
2025-05-13 08:08:41,126 [c3acf90a-cae3-4912-9a93-76f770441a06@group-F289B69B5230-LeaderElection2] INFO  impl.LeaderElection (LeaderElection.java:askForVotes(332)) - c3acf90a-cae3-4912-9a93-76f770441a06@group-F289B69B5230-LeaderElection2 ELECTION round 0: submit vote requests at term 2 for conf: {index: 0, cur=peers:[c3acf90a-cae3-4912-9a93-76f770441a06|pkrvmberfyhpb9w:15004]|listeners:[], old=null}
2025-05-13 08:08:41,126 [c3acf90a-cae3-4912-9a93-76f770441a06@group-F289B69B5230-LeaderElection2] INFO  impl.LeaderElection (LeaderElection.java:askForVotes(334)) - c3acf90a-cae3-4912-9a93-76f770441a06@group-F289B69B5230-LeaderElection2 ELECTION round 0: result PASSED (term=2)
2025-05-13 08:08:41,126 [c3acf90a-cae3-4912-9a93-76f770441a06@group-F289B69B5230-LeaderElection2] INFO  impl.RoleInfo (RoleInfo.java:shutdownLeaderElection(141)) - c3acf90a-cae3-4912-9a93-76f770441a06: shutdown c3acf90a-cae3-4912-9a93-76f770441a06@group-F289B69B5230-LeaderElection2
2025-05-13 08:08:41,126 [c3acf90a-cae3-4912-9a93-76f770441a06@group-F289B69B5230-LeaderElection2] INFO  server.RaftServer$Division (RaftServerImpl.java:setRole(378)) - c3acf90a-cae3-4912-9a93-76f770441a06@group-F289B69B5230: changes role from CANDIDATE to LEADER at term 2 for changeToLeader
2025-05-13 08:08:41,126 [c3acf90a-cae3-4912-9a93-76f770441a06@group-F289B69B5230-LeaderElection2] INFO  server.RaftServerConfigKeys (ConfUtils.java:logGet(46)) - raft.server.staging.catchup.gap = 1000 (default)
2025-05-13 08:08:41,127 [c3acf90a-cae3-4912-9a93-76f770441a06@group-F289B69B5230-LeaderElection2] INFO  server.RaftServerConfigKeys (ConfUtils.java:logGet(46)) - raft.server.write.element-limit = 4096 (default)
2025-05-13 08:08:41,127 [c3acf90a-cae3-4912-9a93-76f770441a06@group-F289B69B5230-LeaderElection2] INFO  server.RaftServerConfigKeys (ConfUtils.java:logGet(46)) - raft.server.write.byte-limit = 64MB (=67108864) (default)
2025-05-13 08:08:41,128 [c3acf90a-cae3-4912-9a93-76f770441a06@group-F289B69B5230-LeaderElection2] INFO  server.RaftServerConfigKeys (ConfUtils.java:logGet(46)) - raft.server.watch.timeout = 10s (default)
2025-05-13 08:08:41,128 [c3acf90a-cae3-4912-9a93-76f770441a06@group-F289B69B5230-LeaderElection2] INFO  server.RaftServerConfigKeys (ConfUtils.java:logGet(46)) - raft.server.watch.timeout.denomination = 1s (default)
2025-05-13 08:08:41,128 [c3acf90a-cae3-4912-9a93-76f770441a06@group-F289B69B5230-LeaderElection2] INFO  server.RaftServerConfigKeys (ConfUtils.java:logGet(46)) - raft.server.watch.element-limit = 65536 (default)
2025-05-13 08:08:41,129 [c3acf90a-cae3-4912-9a93-76f770441a06@group-F289B69B5230-LeaderElection2] INFO  server.RaftServerConfigKeys (ConfUtils.java:logGet(46)) - raft.server.read.leader.lease.enabled = false (default)
2025-05-13 08:08:41,129 [c3acf90a-cae3-4912-9a93-76f770441a06@group-F289B69B5230-LeaderElection2] INFO  server.RaftServerConfigKeys (ConfUtils.java:logGet(46)) - raft.server.read.leader.lease.timeout.ratio = 0.9 (default)
2025-05-13 08:08:41,129 [c3acf90a-cae3-4912-9a93-76f770441a06@group-F289B69B5230-LeaderElection2] INFO  server.RaftServerConfigKeys (ConfUtils.java:logGet(46)) - raft.server.rpc.timeout.min = 5000ms (custom)
2025-05-13 08:08:41,129 [c3acf90a-cae3-4912-9a93-76f770441a06@group-F289B69B5230-LeaderElection2] INFO  server.RaftServerConfigKeys (ConfUtils.java:logGet(46)) - raft.server.log.log-metadata.enabled = true (default)
2025-05-13 08:08:41,129 [c3acf90a-cae3-4912-9a93-76f770441a06@group-F289B69B5230-LeaderElection2] INFO  server.RaftServerConfigKeys (ConfUtils.java:logGet(46)) - raft.server.write.element-limit = 4096 (default)
2025-05-13 08:08:41,129 [c3acf90a-cae3-4912-9a93-76f770441a06@group-F289B69B5230-LeaderElection2] INFO  server.RaftServerConfigKeys (ConfUtils.java:logGet(46)) - raft.server.write.follower.gap.ratio.max = -1.0 (default)
2025-05-13 08:08:41,130 [c3acf90a-cae3-4912-9a93-76f770441a06@group-F289B69B5230-LeaderElection2] INFO  impl.RoleInfo (RoleInfo.java:updateAndGet(148)) - c3acf90a-cae3-4912-9a93-76f770441a06: start c3acf90a-cae3-4912-9a93-76f770441a06@group-F289B69B5230-LeaderStateImpl
2025-05-13 08:08:41,130 [c3acf90a-cae3-4912-9a93-76f770441a06@group-F289B69B5230-LeaderElection2] INFO  server.RaftServer$Division (RaftServerImpl.java:setFirstElection(562)) - c3acf90a-cae3-4912-9a93-76f770441a06@group-F289B69B5230: set firstElectionSinceStartup to false for becomeLeader
2025-05-13 08:08:41,130 [c3acf90a-cae3-4912-9a93-76f770441a06@group-F289B69B5230-LeaderElection2] INFO  ha.SCMStateMachine (SCMStateMachine.java:notifyLeaderChanged(291)) - current SCM becomes leader of term 2.
2025-05-13 08:08:41,130 [c3acf90a-cae3-4912-9a93-76f770441a06@group-F289B69B5230-LeaderElection2] INFO  ha.SCMContext (SCMContext.java:updateLeaderAndTerm(95)) - update <isLeader,term> from <false,0> to <true,2>
2025-05-13 08:08:41,132 [c3acf90a-cae3-4912-9a93-76f770441a06@group-F289B69B5230-LeaderElection2] INFO  server.RaftServer$Division (ServerState.java:setLeader(272)) - c3acf90a-cae3-4912-9a93-76f770441a06@group-F289B69B5230: change Leader from null to c3acf90a-cae3-4912-9a93-76f770441a06 at term 2 for becomeLeader, leader elected after 1935ms
2025-05-13 08:08:41,133 [c3acf90a-cae3-4912-9a93-76f770441a06@group-F289B69B5230-LeaderElection2] INFO  segmented.SegmentedRaftLogWorker (SegmentedRaftLogWorker.java:rollLogSegment(443)) - c3acf90a-cae3-4912-9a93-76f770441a06@group-F289B69B5230-SegmentedRaftLogWorker: Rolling segment log-0_0 to index:0
2025-05-13 08:08:41,133 [c3acf90a-cae3-4912-9a93-76f770441a06@group-F289B69B5230-LeaderElection2] INFO  server.RaftServer$Division (ServerState.java:setRaftConf(386)) - c3acf90a-cae3-4912-9a93-76f770441a06@group-F289B69B5230: set configuration conf: {index: 1, cur=peers:[c3acf90a-cae3-4912-9a93-76f770441a06|pkrvmberfyhpb9w:15004]|listeners:[], old=null}
2025-05-13 08:08:41,134 [c3acf90a-cae3-4912-9a93-76f770441a06@group-F289B69B5230-SegmentedRaftLogWorker] INFO  segmented.SegmentedRaftLogWorker (SegmentedRaftLogWorker.java:execute(601)) - c3acf90a-cae3-4912-9a93-76f770441a06@group-F289B69B5230-SegmentedRaftLogWorker: Rolled log segment from /home/runner/work/ozone/ozone/hadoop-ozone/integration-test-s3/target/test-dir/MiniOzoneClusterImpl-51e975e3-87ca-4f9c-b22e-f289b69b5230/ozone-meta/scm-ha/51e975e3-87ca-4f9c-b22e-f289b69b5230/current/log_inprogress_0 to /home/runner/work/ozone/ozone/hadoop-ozone/integration-test-s3/target/test-dir/MiniOzoneClusterImpl-51e975e3-87ca-4f9c-b22e-f289b69b5230/ozone-meta/scm-ha/51e975e3-87ca-4f9c-b22e-f289b69b5230/current/log_0-0
2025-05-13 08:08:41,136 [c3acf90a-cae3-4912-9a93-76f770441a06@group-F289B69B5230-SegmentedRaftLogWorker] INFO  segmented.BufferedWriteChannel (BufferedWriteChannel.java:open(61)) - open log_inprogress_1 at position 0
2025-05-13 08:08:41,143 [c3acf90a-cae3-4912-9a93-76f770441a06@group-F289B69B5230-SegmentedRaftLogWorker] INFO  segmented.SegmentedRaftLogWorker (SegmentedRaftLogWorker.java:execute(644)) - c3acf90a-cae3-4912-9a93-76f770441a06@group-F289B69B5230-SegmentedRaftLogWorker: created new log segment /home/runner/work/ozone/ozone/hadoop-ozone/integration-test-s3/target/test-dir/MiniOzoneClusterImpl-51e975e3-87ca-4f9c-b22e-f289b69b5230/ozone-meta/scm-ha/51e975e3-87ca-4f9c-b22e-f289b69b5230/current/log_inprogress_1
2025-05-13 08:08:41,149 [c3acf90a-cae3-4912-9a93-76f770441a06@group-F289B69B5230-StateMachineUpdater] INFO  server.RaftServer$Division (LeaderStateImpl.java:checkStartIndex(313)) - Leader c3acf90a-cae3-4912-9a93-76f770441a06@group-F289B69B5230-LeaderStateImpl is ready since appliedIndex == startIndex == 1
2025-05-13 08:08:41,149 [c3acf90a-cae3-4912-9a93-76f770441a06@group-F289B69B5230-StateMachineUpdater] INFO  ha.SCMContext (SCMContext.java:setLeaderReady(122)) - update <isLeaderReady> from <false> to <true>
2025-05-13 08:08:41,149 [c3acf90a-cae3-4912-9a93-76f770441a06@group-F289B69B5230-StateMachineUpdater] INFO  pipeline.BackgroundPipelineCreator (BackgroundPipelineCreator.java:notifyStatusChanged(268)) - Service BackgroundPipelineCreator transitions to RUNNING.
2025-05-13 08:08:41,150 [c3acf90a-cae3-4912-9a93-76f770441a06@group-F289B69B5230-StateMachineUpdater] INFO  safemode.RatisContainerSafeModeRule (RatisContainerSafeModeRule.java:initializeRule(160)) - Refreshed Containers with one replica threshold count 0.
2025-05-13 08:08:41,150 [c3acf90a-cae3-4912-9a93-76f770441a06@group-F289B69B5230-StateMachineUpdater] INFO  safemode.HealthyPipelineSafeModeRule (HealthyPipelineSafeModeRule.java:initializeRule(173)) - Refreshed total pipeline count is 0, healthy pipeline threshold count is 1
2025-05-13 08:08:41,151 [c3acf90a-cae3-4912-9a93-76f770441a06@group-F289B69B5230-StateMachineUpdater] INFO  safemode.ECContainerSafeModeRule (ECContainerSafeModeRule.java:initializeRule(205)) - Refreshed Containers with ec n replica threshold count 0.
2025-05-13 08:08:41,151 [c3acf90a-cae3-4912-9a93-76f770441a06@group-F289B69B5230-StateMachineUpdater] INFO  safemode.OneReplicaPipelineSafeModeRule (OneReplicaPipelineSafeModeRule.java:initializeRule(186)) - Refreshed Total pipeline count is 0, pipeline's with at least one datanode reported threshold count is 0
2025-05-13 08:08:41,151 [c3acf90a-cae3-4912-9a93-76f770441a06@group-F289B69B5230-StateMachineUpdater] INFO  server.SCMDatanodeProtocolServer (SCMDatanodeProtocolServer.java:start(193)) - ScmDatanodeProtocol RPC server for DataNodes is listening at /0.0.0.0:15002
2025-05-13 08:08:41,152 [IPC Server Responder] INFO  ipc.Server (Server.java:run(1713)) - IPC Server Responder: starting
2025-05-13 08:08:41,152 [IPC Server listener on 15002] INFO  ipc.Server (Server.java:run(1553)) - IPC Server listener on 15002: starting
2025-05-13 08:08:43,023 [main] INFO  om.OzoneManager (OzoneManager.java:<init>(670)) - OM start with adminUsers: [runner]
2025-05-13 08:08:43,040 [main] WARN  server.ServerUtils (ServerUtils.java:getDBPath(292)) - ozone.om.db.dirs is not configured. We recommend adding this setting. Falling back to ozone.metadata.dirs instead.
2025-05-13 08:08:43,336 [main] INFO  om.OzoneManager (OzoneManager.java:instantiateServices(914)) - S3 Multi-Tenancy is disabled
2025-05-13 08:08:43,366 [main] INFO  om.OmSnapshotManager (OmSnapshotManager.java:<init>(187)) - Ozone filesystem snapshot feature is enabled.
2025-05-13 08:08:43,376 [main] WARN  server.ServerUtils (ServerUtils.java:getDBPath(292)) - ozone.om.snapshot.diff.db.dir is not configured. We recommend adding this setting. Falling back to ozone.metadata.dirs instead.
2025-05-13 08:08:43,421 [main] INFO  utils.NativeLibraryLoader (NativeLibraryLoader.java:loadLibrary(120)) - Loading Library: ozone_rocksdb_tools
2025-05-13 08:08:43,567 [main] INFO  om.OzoneManager (OzoneManager.java:addS3GVolumeToDB(4654)) - Created Volume s3v With Owner runner required for S3Gateway operations.
2025-05-13 08:08:43,617 [main] WARN  server.ServerUtils (ServerUtils.java:getDefaultRatisDirectory(304)) - Storage directory for Ratis is not configured. It is a good idea to map this to an SSD disk. Falling back to ozone.metadata.dirs
2025-05-13 08:08:43,617 [main] WARN  utils.OzoneManagerRatisUtils (OzoneManagerRatisUtils.java:getOMRatisSnapshotDirectory(488)) - ozone.om.ratis.snapshot.dir is not configured. Falling back to ozone.metadata.dirs config
2025-05-13 08:08:43,622 [main] WARN  dropwizard3.Dm3MetricRegistriesImpl (Dm3MetricRegistriesImpl.java:addReporterRegistration(114)) - New reporters are added after registries were created. Some metrics will be missing from the reporter. Please add reporter before adding any new registry.
2025-05-13 08:08:43,622 [main] WARN  dropwizard3.Dm3MetricRegistriesImpl (Dm3MetricRegistriesImpl.java:addReporterRegistration(114)) - New reporters are added after registries were created. Some metrics will be missing from the reporter. Please add reporter before adding any new registry.
2025-05-13 08:08:43,622 [main] WARN  server.ServerUtils (ServerUtils.java:getDefaultRatisDirectory(304)) - Storage directory for Ratis is not configured. It is a good idea to map this to an SSD disk. Falling back to ozone.metadata.dirs
2025-05-13 08:08:43,623 [main] INFO  server.RaftServerConfigKeys (ConfUtils.java:logGet(46)) - raft.server.log.appender.buffer.byte-limit = 4194304 (custom)
2025-05-13 08:08:43,625 [main] INFO  ratis.OzoneManagerRatisServer (OzoneManagerRatisServer.java:<init>(167)) - Instantiating OM Ratis server with groupID: omServiceIdDefault and peers: localhost:15009
2025-05-13 08:08:43,630 [main] INFO  ratis.OzoneManagerStateMachine (OzoneManagerStateMachine.java:loadSnapshotInfoFromDB(618)) - TransactionInfo not found in OM DB.
2025-05-13 08:08:43,667 [main] INFO  server.RaftServer (ConfUtils.java:logGet(46)) - raft.rpc.type = GRPC (default)
2025-05-13 08:08:43,668 [main] INFO  grpc.GrpcConfigKeys (ConfUtils.java:logFallback(53)) - raft.grpc.admin.host = null (fallback to raft.grpc.server.host)
2025-05-13 08:08:43,668 [main] INFO  grpc.GrpcConfigKeys (ConfUtils.java:logFallback(53)) - raft.grpc.admin.port = 15009 (fallback to raft.grpc.server.port)
2025-05-13 08:08:43,668 [main] INFO  grpc.GrpcConfigKeys (ConfUtils.java:logFallback(53)) - raft.grpc.client.host = null (fallback to raft.grpc.server.host)
2025-05-13 08:08:43,668 [main] INFO  grpc.GrpcConfigKeys (ConfUtils.java:logFallback(53)) - raft.grpc.client.port = 15009 (fallback to raft.grpc.server.port)
2025-05-13 08:08:43,668 [main] INFO  grpc.GrpcConfigKeys (ConfUtils.java:logGet(46)) - raft.grpc.server.host = null (default)
2025-05-13 08:08:43,668 [main] INFO  grpc.GrpcConfigKeys (ConfUtils.java:logGet(46)) - raft.grpc.server.port = 15009 (custom)
2025-05-13 08:08:43,669 [main] INFO  server.GrpcService (ConfUtils.java:logGet(46)) - raft.grpc.message.size.max = 5242880 (custom)
2025-05-13 08:08:43,669 [main] INFO  server.GrpcService (ConfUtils.java:logGet(46)) - raft.grpc.flow.control.window = 1MB (=1048576) (default)
2025-05-13 08:08:43,669 [main] INFO  server.RaftServerConfigKeys (ConfUtils.java:logGet(46)) - raft.server.rpc.request.timeout = 3000ms (default)
2025-05-13 08:08:43,669 [main] INFO  grpc.GrpcConfigKeys (ConfUtils.java:logGet(46)) - raft.grpc.server.heartbeat.channel = true (default)
2025-05-13 08:08:43,669 [main] INFO  server.RaftServerConfigKeys (ConfUtils.java:logGet(46)) - raft.server.log.appender.buffer.byte-limit = 4194304 (custom)
2025-05-13 08:08:43,669 [main] INFO  grpc.GrpcConfigKeys (ConfUtils.java:logGet(46)) - raft.grpc.server.async.request.thread.pool.cached = true (default)
2025-05-13 08:08:43,670 [main] INFO  grpc.GrpcConfigKeys (ConfUtils.java:logGet(46)) - raft.grpc.server.async.request.thread.pool.size = 32 (default)
2025-05-13 08:08:43,670 [main] INFO  impl.DataStreamServerImpl (ConfUtils.java:logGet(46)) - raft.datastream.type = DISABLED (default)
2025-05-13 08:08:43,671 [main] INFO  server.RaftServerConfigKeys (ConfUtils.java:logGet(46)) - raft.server.sleep.deviation.threshold = 300ms (default)
2025-05-13 08:08:43,671 [main] INFO  server.RaftServerConfigKeys (ConfUtils.java:logGet(46)) - raft.server.close.threshold = 60s (default)
2025-05-13 08:08:43,671 [main] INFO  server.RaftServerConfigKeys (ConfUtils.java:logGet(46)) - raft.server.leaderelection.leader.step-down.wait-time = 10s (default)
2025-05-13 08:08:43,671 [main] INFO  server.RaftServerConfigKeys (ConfUtils.java:logGet(46)) - raft.server.storage.dir = [/home/runner/work/ozone/ozone/hadoop-ozone/integration-test-s3/target/test-dir/MiniOzoneClusterImpl-51e975e3-87ca-4f9c-b22e-f289b69b5230/ozone-meta/ratis] (custom)
2025-05-13 08:08:43,671 [main] INFO  server.RaftServerConfigKeys (ConfUtils.java:logGet(46)) - raft.server.threadpool.proxy.cached = true (default)
2025-05-13 08:08:43,672 [main] INFO  server.RaftServerConfigKeys (ConfUtils.java:logGet(46)) - raft.server.threadpool.proxy.size = 0 (default)
2025-05-13 08:08:43,673 [main] INFO  server.RaftServer (RaftServerProxy.java:addNew(100)) - om1: addNew group-C5BA1605619E:[om1|localhost:15009] returns group-C5BA1605619E:java.util.concurrent.CompletableFuture@329cdafa[Not completed]
2025-05-13 08:08:43,673 [main] INFO  om.OzoneManager (OzoneManager.java:initializeRatisServer(2284)) - OzoneManager Ratis server initialized at port 15009
2025-05-13 08:08:43,674 [om1-groupManagement] INFO  server.RaftServer$Division (RaftServerImpl.java:<init>(255)) - om1: new RaftServerImpl for group-C5BA1605619E:[om1|localhost:15009] with OzoneManagerStateMachine:uninitialized
2025-05-13 08:08:43,674 [om1-groupManagement] INFO  server.RaftServerConfigKeys (ConfUtils.java:logGet(46)) - raft.server.rpc.timeout.min = 1s (custom)
2025-05-13 08:08:43,674 [om1-groupManagement] INFO  server.RaftServerConfigKeys (ConfUtils.java:logGet(46)) - raft.server.rpc.timeout.max = 1200ms (custom)
2025-05-13 08:08:43,674 [om1-groupManagement] INFO  server.RaftServerConfigKeys (ConfUtils.java:logGet(46)) - raft.server.rpc.sleep.time = 25ms (default)
2025-05-13 08:08:43,674 [om1-groupManagement] INFO  server.RaftServerConfigKeys (ConfUtils.java:logGet(46)) - raft.server.rpc.slowness.timeout = 120s (custom)
2025-05-13 08:08:43,675 [om1-groupManagement] INFO  server.RaftServerConfigKeys (ConfUtils.java:logGet(46)) - raft.server.leaderelection.leader.step-down.wait-time = 10s (default)
2025-05-13 08:08:43,676 [om1-groupManagement] INFO  server.RaftServerConfigKeys (ConfUtils.java:logGet(46)) - raft.server.leaderelection.member.majority-add = false (default)
2025-05-13 08:08:43,676 [om1-groupManagement] INFO  server.RaftServerConfigKeys (ConfUtils.java:logGet(46)) - raft.server.sleep.deviation.threshold = 300ms (default)
2025-05-13 08:08:43,677 [om1-groupManagement] INFO  server.RaftServer$Division (ServerState.java:<init>(114)) - om1@group-C5BA1605619E: ConfigurationManager, init=conf: {index: -1, cur=peers:[om1|localhost:15009]|listeners:[], old=null}, confs=<EMPTY_MAP>
2025-05-13 08:08:43,677 [om1-groupManagement] INFO  server.RaftServerConfigKeys (ConfUtils.java:logGet(46)) - raft.server.notification.no-leader.timeout = 120s (custom)
2025-05-13 08:08:43,677 [om1-groupManagement] INFO  server.RaftServerConfigKeys (ConfUtils.java:logGet(46)) - raft.server.read.timeout = 10s (default)
2025-05-13 08:08:43,677 [om1-groupManagement] INFO  server.RaftServerConfigKeys (ConfUtils.java:logGet(46)) - raft.server.retrycache.expirytime = 300s (custom)
2025-05-13 08:08:43,678 [om1-groupManagement] INFO  server.RaftServerConfigKeys (ConfUtils.java:logGet(46)) - raft.server.retrycache.statistics.expirytime = 100ms (default)
2025-05-13 08:08:43,678 [om1-groupManagement] INFO  server.RaftServerConfigKeys (ConfUtils.java:logGet(46)) - raft.server.read.option = DEFAULT (default)
2025-05-13 08:08:43,678 [om1-groupManagement] INFO  server.RaftServerConfigKeys (ConfUtils.java:logGet(46)) - raft.server.read.read-after-write-consistent.write-index-cache.expiry-time = 60s (default)
2025-05-13 08:08:43,680 [main] INFO  om.OzoneManager (OzoneManager.java:getRpcServer(1340)) - Creating RPC Server
2025-05-13 08:08:43,686 [om1-groupManagement] INFO  server.RaftServerConfigKeys (ConfUtils.java:logGet(46)) - raft.server.rpc.request.timeout = 3000ms (default)
2025-05-13 08:08:43,686 [om1-groupManagement] INFO  server.RaftServerConfigKeys (ConfUtils.java:logGet(46)) - raft.server.log.appender.install.snapshot.enabled = false (custom)
2025-05-13 08:08:43,686 [om1-groupManagement] INFO  server.RaftServerConfigKeys (ConfUtils.java:logGet(46)) - raft.server.threadpool.server.cached = true (default)
2025-05-13 08:08:43,687 [om1-groupManagement] INFO  server.RaftServerConfigKeys (ConfUtils.java:logGet(46)) - raft.server.threadpool.server.size = 0 (default)
2025-05-13 08:08:43,687 [om1-groupManagement] INFO  server.RaftServerConfigKeys (ConfUtils.java:logGet(46)) - raft.server.threadpool.client.cached = true (default)
2025-05-13 08:08:43,687 [om1-groupManagement] INFO  server.RaftServerConfigKeys (ConfUtils.java:logGet(46)) - raft.server.threadpool.client.size = 0 (default)
2025-05-13 08:08:44,289 [main] INFO  reflections.Reflections (Reflections.java:scan(219)) - Reflections took 570 ms to scan 17 urls, producing 55 keys and 3272 values
2025-05-13 08:08:44,467 [main] INFO  ipc.CallQueueManager (CallQueueManager.java:<init>(93)) - Using callQueue: class java.util.concurrent.LinkedBlockingQueue, queueCapacity: 2000, scheduler: class org.apache.hadoop.ipc.DefaultRpcScheduler, ipcBackoff: false, ipcFailOver: false.
2025-05-13 08:08:44,468 [main] INFO  ipc.Server (Server.java:<init>(1438)) - Listener at 127.0.0.1:15006
2025-05-13 08:08:44,468 [Socket Reader #1 for port 15006] INFO  ipc.Server (Server.java:run(1474)) - Starting Socket Reader #1 for port 15006
2025-05-13 08:08:44,469 [Socket Reader #2 for port 15006] INFO  ipc.Server (Server.java:run(1474)) - Starting Socket Reader #2 for port 15006
2025-05-13 08:08:44,469 [Socket Reader #3 for port 15006] INFO  ipc.Server (Server.java:run(1474)) - Starting Socket Reader #3 for port 15006
2025-05-13 08:08:44,469 [Socket Reader #4 for port 15006] INFO  ipc.Server (Server.java:run(1474)) - Starting Socket Reader #4 for port 15006
2025-05-13 08:08:44,470 [Socket Reader #6 for port 15006] INFO  ipc.Server (Server.java:run(1474)) - Starting Socket Reader #6 for port 15006
2025-05-13 08:08:44,470 [Socket Reader #5 for port 15006] INFO  ipc.Server (Server.java:run(1474)) - Starting Socket Reader #5 for port 15006
2025-05-13 08:08:44,470 [Socket Reader #7 for port 15006] INFO  ipc.Server (Server.java:run(1474)) - Starting Socket Reader #7 for port 15006
2025-05-13 08:08:44,471 [Socket Reader #8 for port 15006] INFO  ipc.Server (Server.java:run(1474)) - Starting Socket Reader #8 for port 15006
2025-05-13 08:08:44,471 [Socket Reader #9 for port 15006] INFO  ipc.Server (Server.java:run(1474)) - Starting Socket Reader #9 for port 15006
2025-05-13 08:08:44,471 [Socket Reader #10 for port 15006] INFO  ipc.Server (Server.java:run(1474)) - Starting Socket Reader #10 for port 15006
2025-05-13 08:08:44,496 [main] INFO  impl.MetricsSystemImpl (MetricsSystemImpl.java:init(158)) - OzoneManager metrics system started (again)
2025-05-13 08:08:44,505 [main] INFO  om.OzoneManager (OzoneManager.java:start(1768)) - OzoneManager RPC server is listening at localhost/127.0.0.1:15006
2025-05-13 08:08:44,506 [main] INFO  ratis.OzoneManagerRatisServer (OzoneManagerRatisServer.java:start(628)) - Starting OzoneManagerRatisServer om1 at port 15009
2025-05-13 08:08:44,506 [om1-impl-thread1] INFO  server.RaftServerConfigKeys (ConfUtils.java:logGet(46)) - raft.server.storage.free-space.min = 0MB (=0) (default)
2025-05-13 08:08:44,506 [om1-impl-thread1] INFO  server.RaftServerConfigKeys (ConfUtils.java:logGet(46)) - raft.server.log.corruption.policy = EXCEPTION (default)
2025-05-13 08:08:44,507 [om1-impl-thread1] INFO  server.RaftServerConfigKeys (ConfUtils.java:logGet(46)) - raft.server.storage.dir = [/home/runner/work/ozone/ozone/hadoop-ozone/integration-test-s3/target/test-dir/MiniOzoneClusterImpl-51e975e3-87ca-4f9c-b22e-f289b69b5230/ozone-meta/ratis] (custom)
2025-05-13 08:08:44,507 [om1-impl-thread1] INFO  storage.RaftStorageDirectory (RaftStorageDirectoryImpl.java:analyzeStorage(138)) - The storage directory /home/runner/work/ozone/ozone/hadoop-ozone/integration-test-s3/target/test-dir/MiniOzoneClusterImpl-51e975e3-87ca-4f9c-b22e-f289b69b5230/ozone-meta/ratis/bf265839-605b-3f16-9796-c5ba1605619e does not exist. Creating ...
2025-05-13 08:08:44,509 [om1-impl-thread1] INFO  storage.RaftStorageDirectory (RaftStorageDirectoryImpl.java:tryLock(229)) - Lock on /home/runner/work/ozone/ozone/hadoop-ozone/integration-test-s3/target/test-dir/MiniOzoneClusterImpl-51e975e3-87ca-4f9c-b22e-f289b69b5230/ozone-meta/ratis/bf265839-605b-3f16-9796-c5ba1605619e/in_use.lock acquired by nodename 74288@pkrvmberfyhpb9w
2025-05-13 08:08:44,512 [om1-impl-thread1] INFO  storage.RaftStorage (RaftStorageImpl.java:format(98)) - Storage directory /home/runner/work/ozone/ozone/hadoop-ozone/integration-test-s3/target/test-dir/MiniOzoneClusterImpl-51e975e3-87ca-4f9c-b22e-f289b69b5230/ozone-meta/ratis/bf265839-605b-3f16-9796-c5ba1605619e has been successfully formatted.
2025-05-13 08:08:44,513 [om1-impl-thread1] INFO  ratis.OzoneManagerStateMachine (OzoneManagerStateMachine.java:lambda$0(138)) - om1: initialize group-C5BA1605619E with (t:0, i:~)
2025-05-13 08:08:44,513 [om1-impl-thread1] INFO  server.RaftServerConfigKeys (ConfUtils.java:logGet(46)) - raft.server.log.use.memory = false (default)
2025-05-13 08:08:44,513 [om1-impl-thread1] INFO  server.RaftServerConfigKeys (ConfUtils.java:logGet(46)) - raft.server.log.purge.gap = 1000000 (custom)
2025-05-13 08:08:44,513 [om1-impl-thread1] INFO  server.RaftServerConfigKeys (ConfUtils.java:logGet(46)) - raft.server.log.appender.buffer.byte-limit = 4194304 (custom)
2025-05-13 08:08:44,513 [om1-impl-thread1] INFO  server.RaftServerConfigKeys (ConfUtils.java:logGet(46)) - raft.server.log.statemachine.data.read.timeout = 1000ms (default)
2025-05-13 08:08:44,513 [om1-impl-thread1] INFO  server.RaftServerConfigKeys (ConfUtils.java:logGet(46)) - raft.server.log.purge.preservation.log.num = 0 (default)
2025-05-13 08:08:44,516 [om1-impl-thread1] INFO  server.RaftServerConfigKeys (ConfUtils.java:logGet(46)) - raft.server.log.segment.size.max = 4194304 (custom)
2025-05-13 08:08:44,516 [om1-impl-thread1] INFO  server.RaftServerConfigKeys (ConfUtils.java:logGet(46)) - raft.server.log.segment.cache.num.max = 2 (custom)
2025-05-13 08:08:44,517 [om1-impl-thread1] INFO  server.RaftServerConfigKeys (ConfUtils.java:logGet(46)) - raft.server.log.segment.cache.size.max = 200MB (=209715200) (default)
2025-05-13 08:08:44,517 [om1-impl-thread1] INFO  server.RaftServerConfigKeys (ConfUtils.java:logGet(46)) - raft.server.log.appender.buffer.byte-limit = 4194304 (custom)
2025-05-13 08:08:44,518 [om1-impl-thread1] INFO  util.AwaitToRun (AwaitToRun.java:start(81)) - Thread[#462,om1@group-C5BA1605619E-cacheEviction-AwaitToRun,5,main] started
2025-05-13 08:08:44,518 [om1-impl-thread1] INFO  segmented.SegmentedRaftLogWorker (SegmentedRaftLogWorker.java:<init>(188)) - new om1@group-C5BA1605619E-SegmentedRaftLogWorker for RaftStorageImpl:Storage Directory /home/runner/work/ozone/ozone/hadoop-ozone/integration-test-s3/target/test-dir/MiniOzoneClusterImpl-51e975e3-87ca-4f9c-b22e-f289b69b5230/ozone-meta/ratis/bf265839-605b-3f16-9796-c5ba1605619e
2025-05-13 08:08:44,518 [om1-impl-thread1] INFO  server.RaftServerConfigKeys (ConfUtils.java:logGet(46)) - raft.server.log.queue.byte-limit = 64MB (=67108864) (default)
2025-05-13 08:08:44,519 [om1-impl-thread1] INFO  server.RaftServerConfigKeys (ConfUtils.java:logGet(46)) - raft.server.log.queue.element-limit = 4096 (default)
2025-05-13 08:08:44,519 [om1-impl-thread1] INFO  server.RaftServerConfigKeys (ConfUtils.java:logGet(46)) - raft.server.log.segment.size.max = 4194304 (custom)
2025-05-13 08:08:44,519 [om1-impl-thread1] INFO  server.RaftServerConfigKeys (ConfUtils.java:logGet(46)) - raft.server.log.preallocated.size = 4194304 (custom)
2025-05-13 08:08:44,519 [om1-impl-thread1] INFO  server.RaftServerConfigKeys (ConfUtils.java:logGet(46)) - raft.server.log.force.sync.num = 128 (default)
2025-05-13 08:08:44,519 [om1-impl-thread1] INFO  server.RaftServerConfigKeys (ConfUtils.java:logGet(46)) - raft.server.log.statemachine.data.sync = true (default)
2025-05-13 08:08:44,519 [om1-impl-thread1] INFO  server.RaftServerConfigKeys (ConfUtils.java:logGet(46)) - raft.server.log.statemachine.data.sync.timeout = 10s (default)
2025-05-13 08:08:44,519 [om1-impl-thread1] INFO  server.RaftServerConfigKeys (ConfUtils.java:logGet(46)) - raft.server.log.statemachine.data.sync.timeout.retry = -1 (default)
2025-05-13 08:08:44,522 [om1-impl-thread1] INFO  server.RaftServerConfigKeys (ConfUtils.java:logGet(46)) - raft.server.log.write.buffer.size = 4194312 (custom)
2025-05-13 08:08:44,524 [om1-impl-thread1] INFO  server.RaftServerConfigKeys (ConfUtils.java:logGet(46)) - raft.server.log.appender.buffer.byte-limit = 4194304 (custom)
2025-05-13 08:08:44,525 [om1-impl-thread1] INFO  server.RaftServerConfigKeys (ConfUtils.java:logGet(46)) - raft.server.log.unsafe-flush.enabled = false (default)
2025-05-13 08:08:44,525 [om1-impl-thread1] INFO  server.RaftServerConfigKeys (ConfUtils.java:logGet(46)) - raft.server.log.async-flush.enabled = false (default)
2025-05-13 08:08:44,525 [om1-impl-thread1] INFO  server.RaftServerConfigKeys (ConfUtils.java:logGet(46)) - raft.server.log.statemachine.data.caching.enabled = false (default)
2025-05-13 08:08:44,525 [om1-impl-thread1] INFO  segmented.SegmentedRaftLogWorker (SegmentedRaftLogWorker.java:lambda$new$0(139)) - om1@group-C5BA1605619E-SegmentedRaftLogWorker: flushIndex: setUnconditionally 0 -> -1
2025-05-13 08:08:44,526 [om1-impl-thread1] INFO  segmented.SegmentedRaftLogWorker (SegmentedRaftLogWorker.java:lambda$new$0(139)) - om1@group-C5BA1605619E-SegmentedRaftLogWorker: safeCacheEvictIndex: setUnconditionally 0 -> -1
2025-05-13 08:08:44,526 [om1-impl-thread1] INFO  server.RaftServer$Division (RaftServerImpl.java:start(391)) - om1@group-C5BA1605619E: start as a follower, conf=conf: {index: -1, cur=peers:[om1|localhost:15009]|listeners:[], old=null}
2025-05-13 08:08:44,526 [om1-impl-thread1] INFO  server.RaftServer$Division (RaftServerImpl.java:setRole(378)) - om1@group-C5BA1605619E: changes role from      null to FOLLOWER at term 0 for startAsFollower
2025-05-13 08:08:44,527 [om1-impl-thread1] INFO  impl.RoleInfo (RoleInfo.java:updateAndGet(148)) - om1: start om1@group-C5BA1605619E-FollowerState
2025-05-13 08:08:44,527 [om1-impl-thread1] INFO  util.JmxRegister (JmxRegister.java:tryRegister(44)) - Successfully registered JMX Bean with object name Ratis:service=RaftServer,group=group-C5BA1605619E,id=om1
2025-05-13 08:08:44,527 [om1-impl-thread1] INFO  util.JmxRegister (JmxRegister.java:register(58)) - register mxBean class org.apache.ratis.server.impl.RaftServerJmxAdapter as Ratis:service=RaftServer,group=group-C5BA1605619E,id=om1
2025-05-13 08:08:44,527 [om1-impl-thread1] INFO  server.RaftServerConfigKeys (ConfUtils.java:logGet(46)) - raft.server.snapshot.trigger-when-stop.enabled = true (default)
2025-05-13 08:08:44,527 [om1-impl-thread1] INFO  server.RaftServerConfigKeys (ConfUtils.java:logGet(46)) - raft.server.snapshot.trigger-when-remove.enabled = true (default)
2025-05-13 08:08:44,528 [om1-impl-thread1] INFO  server.RaftServerConfigKeys (ConfUtils.java:logGet(46)) - raft.server.snapshot.auto.trigger.enabled = true (custom)
2025-05-13 08:08:44,528 [om1-impl-thread1] INFO  server.RaftServerConfigKeys (ConfUtils.java:logGet(46)) - raft.server.snapshot.auto.trigger.threshold = 400000 (default)
2025-05-13 08:08:44,528 [om1-impl-thread1] INFO  server.RaftServerConfigKeys (ConfUtils.java:logGet(46)) - raft.server.snapshot.retention.file.num = -1 (default)
2025-05-13 08:08:44,528 [om1-impl-thread1] INFO  server.RaftServerConfigKeys (ConfUtils.java:logGet(46)) - raft.server.log.purge.upto.snapshot.index = true (custom)
2025-05-13 08:08:44,529 [om1@group-C5BA1605619E-FollowerState] INFO  server.RaftServerConfigKeys (ConfUtils.java:logFallback(53)) - raft.server.rpc.first-election.timeout.min = 1s (fallback to raft.server.rpc.timeout.min)
2025-05-13 08:08:44,529 [om1@group-C5BA1605619E-FollowerState] INFO  server.RaftServerConfigKeys (ConfUtils.java:logFallback(53)) - raft.server.rpc.first-election.timeout.max = 1200ms (fallback to raft.server.rpc.timeout.max)
2025-05-13 08:08:44,529 [om1-impl-thread1] INFO  server.RaftServer$Division (RaftServerImpl.java:start(405)) - om1@group-C5BA1605619E: Successfully started.
2025-05-13 08:08:44,529 [main] INFO  server.RaftServer (RaftServerProxy.java:startImpl(407)) - om1: start RPC server
2025-05-13 08:08:44,530 [main] INFO  server.GrpcService (GrpcService.java:startImpl(334)) - om1: GrpcService started, listening on 15009
2025-05-13 08:08:44,531 [JvmPauseMonitor2] INFO  util.JvmPauseMonitor (JvmPauseMonitor.java:run(146)) - JvmPauseMonitor-om1: Started
2025-05-13 08:08:44,534 [main] INFO  om.OzoneManager (OzoneManager.java:start(1783)) - Version File has different layout version (8) than OM DB (null). That is expected if this OM has never been finalized to a newer layout version.
2025-05-13 08:08:44,549 [main] INFO  client.ScmTopologyClient (ScmTopologyClient.java:start(70)) - Initial network topology fetched from SCM: /.
2025-05-13 08:08:44,550 [main] INFO  net.NodeSchemaLoader (NodeSchemaLoader.java:loadSchemaFromFile(128)) - Loading schema from [jar:file:/home/runner/work/ozone/ozone/hadoop-hdds/common/target/hdds-common-2.1.0-SNAPSHOT.jar!/network-topology-default.xml]
2025-05-13 08:08:44,550 [main] INFO  net.NodeSchemaLoader (NodeSchemaLoader.java:loadSchema(175)) - Loading network topology layer schema file
2025-05-13 08:08:44,566 [main] INFO  http.BaseHttpServer (BaseHttpServer.java:newHttpServer2BuilderForOzone(229)) - Starting Web-server for ozoneManager at: http://0.0.0.0:15007
2025-05-13 08:08:44,566 [main] INFO  http.BaseHttpServer (BaseHttpServer.java:<init>(107)) - Hadoop Security Enabled: false Ozone Security Enabled: false Ozone HTTP Security Enabled: false 
2025-05-13 08:08:44,568 [main] WARN  server.AuthenticationFilter (AuthenticationFilter.java:constructSecretProvider(240)) - Unable to initialize FileSignerSecretProvider, falling back to use random secrets. Reason: Could not read signature secret file: /home/runner/hadoop-http-auth-signature-secret
2025-05-13 08:08:44,570 [main] INFO  http.HttpServer2 (HttpServer2.java:addGlobalFilter(1042)) - Added global filter 'safety' (class=org.apache.hadoop.hdds.server.http.HttpServer2$QuotingInputFilter)
2025-05-13 08:08:44,571 [main] INFO  http.HttpServer2 (HttpServer2.java:addFilter(1018)) - Added filter static_user_filter (class=org.apache.hadoop.http.lib.StaticUserWebFilter$StaticUserFilter) to context ozoneManager
2025-05-13 08:08:44,571 [main] INFO  http.HttpServer2 (HttpServer2.java:addFilter(1026)) - Added filter static_user_filter (class=org.apache.hadoop.http.lib.StaticUserWebFilter$StaticUserFilter) to context static
2025-05-13 08:08:44,572 [main] INFO  http.HttpServer2 (HttpServer2.java:addFilter(1026)) - Added filter static_user_filter (class=org.apache.hadoop.http.lib.StaticUserWebFilter$StaticUserFilter) to context logs
2025-05-13 08:08:44,573 [main] INFO  http.BaseHttpServer (BaseHttpServer.java:<init>(195)) - HTTP server of ozoneManager uses base directory /home/runner/work/ozone/ozone/hadoop-ozone/integration-test-s3/target/test-dir/MiniOzoneClusterImpl-51e975e3-87ca-4f9c-b22e-f289b69b5230/ozone-meta/webserver
2025-05-13 08:08:44,576 [main] INFO  http.HttpServer2 (HttpServer2.java:bindListener(1242)) - Jetty bound to port 15007
2025-05-13 08:08:44,576 [main] INFO  server.Server (Server.java:doStart(375)) - jetty-9.4.57.v20241219; built: 2025-01-08T21:24:30.412Z; git: df524e6b29271c2e09ba9aea83c18dc9db464a31; jvm 21.0.7+6-LTS
2025-05-13 08:08:44,578 [main] INFO  server.session (DefaultSessionIdManager.java:doStart(334)) - DefaultSessionIdManager workerName=node0
2025-05-13 08:08:44,578 [main] INFO  server.session (DefaultSessionIdManager.java:doStart(339)) - No SessionScavenger set, using defaults
2025-05-13 08:08:44,579 [main] INFO  server.session (HouseKeeper.java:startScavenging(132)) - node0 Scavenging every 600000ms
2025-05-13 08:08:44,579 [main] INFO  handler.ContextHandler (ContextHandler.java:doStart(921)) - Started o.e.j.s.ServletContextHandler@cc4d929{logs,/logs,file:///home/runner/work/ozone/ozone/hadoop-ozone/integration-test-s3/target/log,AVAILABLE}
2025-05-13 08:08:44,580 [main] INFO  handler.ContextHandler (ContextHandler.java:doStart(921)) - Started o.e.j.s.ServletContextHandler@3296b4ba{static,/static,jar:file:/home/runner/work/ozone/ozone/hadoop-ozone/ozone-manager/target/ozone-manager-2.1.0-SNAPSHOT.jar!/webapps/static,AVAILABLE}
2025-05-13 08:08:44,727 [main] INFO  handler.ContextHandler (ContextHandler.java:doStart(921)) - Started o.e.j.w.WebAppContext@7b4b2dcd{ozoneManager,/,file:///home/runner/work/ozone/ozone/hadoop-ozone/integration-test-s3/target/test-dir/MiniOzoneClusterImpl-51e975e3-87ca-4f9c-b22e-f289b69b5230/ozone-meta/webserver/jetty-0_0_0_0-15007-ozone-manager-2_1_0-SNAPSHOT_jar-_-any-2769562367204343806/webapp/,AVAILABLE}{jar:file:/home/runner/work/ozone/ozone/hadoop-ozone/ozone-manager/target/ozone-manager-2.1.0-SNAPSHOT.jar!/webapps/ozoneManager}
2025-05-13 08:08:44,728 [main] INFO  server.AbstractConnector (AbstractConnector.java:doStart(333)) - Started ServerConnector@2ca9368b{HTTP/1.1, (http/1.1)}{0.0.0.0:15007}
2025-05-13 08:08:44,728 [main] INFO  server.Server (Server.java:doStart(415)) - Started @10421ms
2025-05-13 08:08:44,728 [main] WARN  impl.MetricsSystemImpl (MetricsSystemImpl.java:register(279)) - Sink prometheus already exists!
2025-05-13 08:08:44,729 [main] INFO  http.BaseHttpServer (BaseHttpServer.java:updateConnectorAddress(359)) - HTTP server of ozoneManager listening at http://0.0.0.0:15007
2025-05-13 08:08:44,729 [IPC Server Responder] INFO  ipc.Server (Server.java:run(1713)) - IPC Server Responder: starting
2025-05-13 08:08:44,729 [IPC Server listener on 15006] INFO  ipc.Server (Server.java:run(1553)) - IPC Server listener on 15006: starting
2025-05-13 08:08:44,731 [main] INFO  om.OzoneManager (OzoneManager.java:startTrashEmptier(2238)) - Trash Interval set to 0. Files deleted won't move to trash
2025-05-13 08:08:44,745 [main] INFO  db.CodecBuffer (CodecBuffer.java:set(85)) - Successfully set constructor to LeakDetector::newCodecBuffer: org.apache.hadoop.hdds.utils.db.CodecBuffer$$Lambda/0x00007f2e347b2e20@39198a86
2025-05-13 08:08:44,813 [main] WARN  dropwizard3.Dm3MetricRegistriesImpl (Dm3MetricRegistriesImpl.java:addReporterRegistration(114)) - New reporters are added after registries were created. Some metrics will be missing from the reporter. Please add reporter before adding any new registry.
2025-05-13 08:08:44,813 [main] WARN  dropwizard3.Dm3MetricRegistriesImpl (Dm3MetricRegistriesImpl.java:addReporterRegistration(114)) - New reporters are added after registries were created. Some metrics will be missing from the reporter. Please add reporter before adding any new registry.
2025-05-13 08:08:44,813 [main] INFO  impl.MetricsSystemImpl (MetricsSystemImpl.java:init(158)) - HddsDatanode metrics system started (again)
2025-05-13 08:08:44,825 [main] INFO  protocol.DatanodeDetails (DatanodeDetails.java:validateDatanodeIpAddress(199)) - Updating IP address of datanode 408a00a1-9245-41fc-8d00-8f9b4b0cd246(pkrvmberfyhpb9w.internal.cloudapp.net/null) to 10.1.0.150
2025-05-13 08:08:44,826 [main] INFO  ozone.HddsDatanodeService (HddsDatanodeService.java:start(234)) - HddsDatanodeService 408a00a1-9245-41fc-8d00-8f9b4b0cd246(pkrvmberfyhpb9w.internal.cloudapp.net/10.1.0.150)
2025-05-13 08:08:44,831 [main] INFO  upgrade.AbstractLayoutVersionManager (AbstractLayoutVersionManager.java:init(80)) - Initializing Layout version manager with metadata layout = HBASE_SUPPORT (version = 8), software layout = HBASE_SUPPORT (version = 8)
2025-05-13 08:08:44,833 [main] INFO  statemachine.DatanodeStateMachine (DatanodeStateMachine.java:getEndPointTaskThreadPoolSize(298)) - Datanode State Machine Task Thread Pool size 2
2025-05-13 08:08:44,884 [main] INFO  fs.SaveSpaceUsageToFile (SaveSpaceUsageToFile.java:load(92)) - Cached usage info file /home/runner/work/ozone/ozone/hadoop-ozone/integration-test-s3/target/test-dir/MiniOzoneClusterImpl-51e975e3-87ca-4f9c-b22e-f289b69b5230/ozone-meta/datanode-1/data-0/scmUsed not found
2025-05-13 08:08:44,896 [main] INFO  volume.HddsVolume (HddsVolume.java:<init>(158)) - HddsVolume: { id=DS-0653e280-0b25-4588-bda9-f25cd7925cdd dir=/home/runner/work/ozone/ozone/hadoop-ozone/integration-test-s3/target/test-dir/MiniOzoneClusterImpl-51e975e3-87ca-4f9c-b22e-f289b69b5230/ozone-meta/datanode-1/data-0/hdds type=DISK capacity=76879465972 used=4096 available=21331464192 minFree=5368709120 committed=0 }
2025-05-13 08:08:44,896 [main] INFO  volume.MutableVolumeSet (MutableVolumeSet.java:initializeVolumeSet(166)) - Added Volume : /home/runner/work/ozone/ozone/hadoop-ozone/integration-test-s3/target/test-dir/MiniOzoneClusterImpl-51e975e3-87ca-4f9c-b22e-f289b69b5230/ozone-meta/datanode-1/data-0/hdds to VolumeSet
2025-05-13 08:08:44,899 [main] INFO  fs.SaveSpaceUsageToFile (SaveSpaceUsageToFile.java:load(92)) - Cached usage info file /home/runner/work/ozone/ozone/hadoop-ozone/integration-test-s3/target/test-dir/MiniOzoneClusterImpl-51e975e3-87ca-4f9c-b22e-f289b69b5230/ozone-meta/datanode-1/ratis/scmUsed not found
2025-05-13 08:08:44,903 [main] INFO  volume.MutableVolumeSet (MutableVolumeSet.java:initializeVolumeSet(166)) - Added Volume : /home/runner/work/ozone/ozone/hadoop-ozone/integration-test-s3/target/test-dir/MiniOzoneClusterImpl-51e975e3-87ca-4f9c-b22e-f289b69b5230/ozone-meta/datanode-1/ratis to VolumeSet
2025-05-13 08:08:44,908 [main] INFO  ozoneimpl.OzoneContainer (HddsVolumeUtil.java:loadAllHddsVolumeDbStore(102)) - Load 1 volumes DbStore cost: 1ms
2025-05-13 08:08:44,911 [main] WARN  db.DBStoreBuilder (DBStoreBuilder.java:getDBDirPath(160)) - ozone.scm.datanode.id.dir is not configured. We recommend adding this setting. Falling back to ozone.metadata.dirs instead.
2025-05-13 08:08:44,916 [main] WARN  db.DBStoreBuilder (DBStoreBuilder.java:getDBDirPath(160)) - ozone.scm.datanode.id.dir is not configured. We recommend adding this setting. Falling back to ozone.metadata.dirs instead.
2025-05-13 08:08:44,955 [main] INFO  impl.FilePerChunkStrategy (FilePerChunkStrategy.java:<init>(79)) - ozone.chunk.read.mapped.buffer.max.count is load with 0
2025-05-13 08:08:44,957 [main] INFO  impl.FilePerBlockStrategy (FilePerBlockStrategy.java:<init>(87)) - ozone.chunk.read.mapped.buffer.max.count is load with 0
2025-05-13 08:08:44,981 [main] INFO  audit.AuditLogger (AuditLogger.java:refreshDebugCmdSet(133)) - Refresh DebugCmdSet for DNAudit to [].
2025-05-13 08:08:44,997 [main] INFO  server.RaftServerConfigKeys (ConfUtils.java:logGet(46)) - raft.server.log.appender.buffer.byte-limit = 33554432 (custom)
2025-05-13 08:08:45,007 [main] INFO  server.RaftServer (ConfUtils.java:logGet(46)) - raft.rpc.type = GRPC (default)
2025-05-13 08:08:45,007 [main] INFO  grpc.GrpcConfigKeys (ConfUtils.java:logFallback(53)) - raft.grpc.admin.host = null (fallback to raft.grpc.server.host)
2025-05-13 08:08:45,008 [main] INFO  grpc.GrpcConfigKeys (ConfUtils.java:logGet(46)) - raft.grpc.admin.port = 15014 (custom)
2025-05-13 08:08:45,008 [main] INFO  grpc.GrpcConfigKeys (ConfUtils.java:logFallback(53)) - raft.grpc.client.host = null (fallback to raft.grpc.server.host)
2025-05-13 08:08:45,008 [main] INFO  grpc.GrpcConfigKeys (ConfUtils.java:logGet(46)) - raft.grpc.client.port = 15013 (custom)
2025-05-13 08:08:45,008 [main] INFO  grpc.GrpcConfigKeys (ConfUtils.java:logGet(46)) - raft.grpc.server.host = null (default)
2025-05-13 08:08:45,008 [main] INFO  grpc.GrpcConfigKeys (ConfUtils.java:logGet(46)) - raft.grpc.server.port = 15015 (custom)
2025-05-13 08:08:45,009 [main] INFO  server.GrpcService (ConfUtils.java:logGet(46)) - raft.grpc.message.size.max = 34603008 (custom)
2025-05-13 08:08:45,009 [main] INFO  server.GrpcService (ConfUtils.java:logGet(46)) - raft.grpc.flow.control.window = 5MB (=5242880) (custom)
2025-05-13 08:08:45,009 [main] INFO  server.RaftServerConfigKeys (ConfUtils.java:logGet(46)) - raft.server.rpc.request.timeout = 60s (custom)
2025-05-13 08:08:45,009 [main] INFO  grpc.GrpcConfigKeys (ConfUtils.java:logGet(46)) - raft.grpc.server.heartbeat.channel = true (default)
2025-05-13 08:08:45,009 [main] INFO  server.RaftServerConfigKeys (ConfUtils.java:logGet(46)) - raft.server.log.appender.buffer.byte-limit = 33554432 (custom)
2025-05-13 08:08:45,009 [main] INFO  grpc.GrpcConfigKeys (ConfUtils.java:logGet(46)) - raft.grpc.server.async.request.thread.pool.cached = true (default)
2025-05-13 08:08:45,009 [main] INFO  grpc.GrpcConfigKeys (ConfUtils.java:logGet(46)) - raft.grpc.server.async.request.thread.pool.size = 32 (default)
2025-05-13 08:08:45,011 [main] INFO  impl.DataStreamServerImpl (ConfUtils.java:logGet(46)) - raft.datastream.type = NETTY (custom)
2025-05-13 08:08:45,021 [main] INFO  server.RaftServerConfigKeys (ConfUtils.java:logGet(46)) - raft.server.data-stream.async.request.thread.pool.cached = false (default)
2025-05-13 08:08:45,021 [main] INFO  server.RaftServerConfigKeys (ConfUtils.java:logGet(46)) - raft.server.data-stream.async.request.thread.pool.size = 20 (custom)
2025-05-13 08:08:45,022 [main] INFO  server.RaftServerConfigKeys (ConfUtils.java:logGet(46)) - raft.server.data-stream.async.write.thread.pool.size = 16 (default)
2025-05-13 08:08:45,023 [main] INFO  netty.NettyConfigKeys$DataStream (ConfUtils.java:logGet(46)) - raft.netty.dataStream.server.channel.inactive.grace-period = 10min (default)
2025-05-13 08:08:45,024 [main] INFO  server.RaftServerConfigKeys (ConfUtils.java:logGet(46)) - raft.server.data-stream.client.pool.size = 10 (default)
2025-05-13 08:08:45,025 [main] INFO  netty.NettyConfigKeys$DataStream (ConfUtils.java:logGet(46)) - raft.netty.dataStream.server.use-epoll = true (default)
2025-05-13 08:08:45,026 [main] INFO  netty.NettyConfigKeys$DataStream (ConfUtils.java:logGet(46)) - raft.netty.dataStream.server.boss-group.size = 0 (default)
2025-05-13 08:08:45,026 [main] INFO  netty.NettyUtils (NettyUtils.java:newEventLoopGroup(74)) - Create EpollEventLoopGroup for 408a00a1-9245-41fc-8d00-8f9b4b0cd246-NettyServerStreamRpc-bossGroup; Thread size is 0.
2025-05-13 08:08:45,027 [main] INFO  netty.NettyConfigKeys$DataStream (ConfUtils.java:logGet(46)) - raft.netty.dataStream.server.worker-group.size = 0 (default)
2025-05-13 08:08:45,027 [main] INFO  netty.NettyUtils (NettyUtils.java:newEventLoopGroup(74)) - Create EpollEventLoopGroup for 408a00a1-9245-41fc-8d00-8f9b4b0cd246-NettyServerStreamRpc-workerGroup; Thread size is 0.
2025-05-13 08:08:45,028 [main] INFO  netty.NettyConfigKeys$DataStream (ConfUtils.java:logGet(46)) - raft.netty.dataStream.server.tls.conf = null (default)
2025-05-13 08:08:45,029 [main] INFO  netty.NettyConfigKeys$DataStream (ConfUtils.java:logGet(46)) - raft.netty.dataStream.host = null (default)
2025-05-13 08:08:45,030 [main] INFO  netty.NettyConfigKeys$DataStream (ConfUtils.java:logGet(46)) - raft.netty.dataStream.port = 15016 (custom)
2025-05-13 08:08:45,033 [main] INFO  server.RaftServerConfigKeys (ConfUtils.java:logGet(46)) - raft.server.sleep.deviation.threshold = 300ms (default)
2025-05-13 08:08:45,033 [main] INFO  server.RaftServerConfigKeys (ConfUtils.java:logGet(46)) - raft.server.close.threshold = 60s (default)
2025-05-13 08:08:45,033 [main] INFO  server.RaftServerConfigKeys (ConfUtils.java:logGet(46)) - raft.server.leaderelection.leader.step-down.wait-time = 10s (default)
2025-05-13 08:08:45,033 [main] INFO  server.RaftServerConfigKeys (ConfUtils.java:logGet(46)) - raft.server.storage.dir = [/home/runner/work/ozone/ozone/hadoop-ozone/integration-test-s3/target/test-dir/MiniOzoneClusterImpl-51e975e3-87ca-4f9c-b22e-f289b69b5230/ozone-meta/datanode-1/ratis] (custom)
2025-05-13 08:08:45,033 [main] INFO  server.RaftServerConfigKeys (ConfUtils.java:logGet(46)) - raft.server.threadpool.proxy.cached = true (default)
2025-05-13 08:08:45,034 [main] INFO  server.RaftServerConfigKeys (ConfUtils.java:logGet(46)) - raft.server.threadpool.proxy.size = 0 (default)
2025-05-13 08:08:45,034 [408a00a1-9245-41fc-8d00-8f9b4b0cd246-impl-thread1] INFO  server.RaftServer (RaftServerProxy.java:initGroupDir(265)) - 408a00a1-9245-41fc-8d00-8f9b4b0cd246: found a subdirectory /home/runner/work/ozone/ozone/hadoop-ozone/integration-test-s3/target/test-dir/MiniOzoneClusterImpl-51e975e3-87ca-4f9c-b22e-f289b69b5230/ozone-meta/datanode-1/ratis/tmp
2025-05-13 08:08:45,034 [408a00a1-9245-41fc-8d00-8f9b4b0cd246-impl-thread1] INFO  server.RaftServer (RaftServerProxy.java:initGroupDir(270)) - 408a00a1-9245-41fc-8d00-8f9b4b0cd246: The directory /home/runner/work/ozone/ozone/hadoop-ozone/integration-test-s3/target/test-dir/MiniOzoneClusterImpl-51e975e3-87ca-4f9c-b22e-f289b69b5230/ozone-meta/datanode-1/ratis/tmp is not a group directory; ignoring it. 
2025-05-13 08:08:45,037 [main] INFO  replication.ReplicationServer (ReplicationServer.java:<init>(84)) - Initializing replication server with thread count = 10 queue length = 4096
2025-05-13 08:08:45,044 [408a00a1-9245-41fc-8d00-8f9b4b0cd246-NettyServerStreamRpc-bossGroup--thread1] INFO  logging.LoggingHandler (AbstractInternalLogger.java:log(148)) - [id: 0x96f608de] REGISTERED
2025-05-13 08:08:45,045 [408a00a1-9245-41fc-8d00-8f9b4b0cd246-NettyServerStreamRpc-bossGroup--thread1] INFO  logging.LoggingHandler (AbstractInternalLogger.java:log(148)) - [id: 0x96f608de] BIND: 0.0.0.0/0.0.0.0:15016
2025-05-13 08:08:45,046 [408a00a1-9245-41fc-8d00-8f9b4b0cd246-NettyServerStreamRpc-bossGroup--thread1] INFO  logging.LoggingHandler (AbstractInternalLogger.java:log(148)) - [id: 0x96f608de, L:/0.0.0.0:15016] ACTIVE
2025-05-13 08:08:45,059 [main] INFO  server.XceiverServerGrpc (XceiverServerGrpc.java:<init>(131)) - GrpcServer channel type EpollServerSocketChannel
2025-05-13 08:08:45,088 [main] INFO  replication.ReplicationSupervisor (ReplicationSupervisor.java:build(169)) - Initializing replication supervisor with thread count = 10
2025-05-13 08:08:45,089 [main] INFO  replication.ReplicationSupervisor (ReplicationSupervisor.java:nodeStateUpdated(358)) - Node state updated to IN_SERVICE, scaling executor pool size to 10
2025-05-13 08:08:45,113 [main] INFO  lib.Interns (Interns.java:removeEldestEntry(50)) - Metrics intern cache overflow at 2011 for MetricsSystem={MetricsSystem=MetricsInfoImpl{name=MetricsSystem, description=MetricsSystem}, MetricsSystem record=MetricsInfoImpl{name=MetricsSystem, description=MetricsSystem record}}
2025-05-13 08:08:45,133 [main] INFO  http.BaseHttpServer (BaseHttpServer.java:newHttpServer2BuilderForOzone(229)) - Starting Web-server for hddsDatanode at: http://0.0.0.0:15010
2025-05-13 08:08:45,133 [main] INFO  http.BaseHttpServer (BaseHttpServer.java:<init>(107)) - Hadoop Security Enabled: false Ozone Security Enabled: false Ozone HTTP Security Enabled: false 
2025-05-13 08:08:45,138 [main] WARN  server.AuthenticationFilter (AuthenticationFilter.java:constructSecretProvider(240)) - Unable to initialize FileSignerSecretProvider, falling back to use random secrets. Reason: Could not read signature secret file: /home/runner/hadoop-http-auth-signature-secret
2025-05-13 08:08:45,141 [main] INFO  http.HttpServer2 (HttpServer2.java:addGlobalFilter(1042)) - Added global filter 'safety' (class=org.apache.hadoop.hdds.server.http.HttpServer2$QuotingInputFilter)
2025-05-13 08:08:45,142 [main] INFO  http.HttpServer2 (HttpServer2.java:addFilter(1018)) - Added filter static_user_filter (class=org.apache.hadoop.http.lib.StaticUserWebFilter$StaticUserFilter) to context hddsDatanode
2025-05-13 08:08:45,142 [main] INFO  http.HttpServer2 (HttpServer2.java:addFilter(1026)) - Added filter static_user_filter (class=org.apache.hadoop.http.lib.StaticUserWebFilter$StaticUserFilter) to context static
2025-05-13 08:08:45,142 [main] INFO  http.HttpServer2 (HttpServer2.java:addFilter(1026)) - Added filter static_user_filter (class=org.apache.hadoop.http.lib.StaticUserWebFilter$StaticUserFilter) to context logs
2025-05-13 08:08:45,143 [main] INFO  http.BaseHttpServer (BaseHttpServer.java:<init>(195)) - HTTP server of hddsDatanode uses base directory /home/runner/work/ozone/ozone/hadoop-ozone/integration-test-s3/target/test-dir/MiniOzoneClusterImpl-51e975e3-87ca-4f9c-b22e-f289b69b5230/ozone-meta/datanode-1/meta/webserver
2025-05-13 08:08:45,144 [main] INFO  http.HttpServer2 (HttpServer2.java:bindListener(1242)) - Jetty bound to port 15010
2025-05-13 08:08:45,144 [main] INFO  server.Server (Server.java:doStart(375)) - jetty-9.4.57.v20241219; built: 2025-01-08T21:24:30.412Z; git: df524e6b29271c2e09ba9aea83c18dc9db464a31; jvm 21.0.7+6-LTS
2025-05-13 08:08:45,146 [main] INFO  server.session (DefaultSessionIdManager.java:doStart(334)) - DefaultSessionIdManager workerName=node0
2025-05-13 08:08:45,147 [main] INFO  server.session (DefaultSessionIdManager.java:doStart(339)) - No SessionScavenger set, using defaults
2025-05-13 08:08:45,147 [main] INFO  server.session (HouseKeeper.java:startScavenging(132)) - node0 Scavenging every 600000ms
2025-05-13 08:08:45,148 [main] INFO  handler.ContextHandler (ContextHandler.java:doStart(921)) - Started o.e.j.s.ServletContextHandler@5e231326{logs,/logs,file:///home/runner/work/ozone/ozone/hadoop-ozone/integration-test-s3/target/log,AVAILABLE}
2025-05-13 08:08:45,148 [main] INFO  handler.ContextHandler (ContextHandler.java:doStart(921)) - Started o.e.j.s.ServletContextHandler@24fb3e2a{static,/static,jar:file:/home/runner/work/ozone/ozone/hadoop-hdds/container-service/target/hdds-container-service-2.1.0-SNAPSHOT.jar!/webapps/static,AVAILABLE}
2025-05-13 08:08:45,295 [main] INFO  handler.ContextHandler (ContextHandler.java:doStart(921)) - Started o.e.j.w.WebAppContext@771f4556{hddsDatanode,/,file:///home/runner/work/ozone/ozone/hadoop-ozone/integration-test-s3/target/test-dir/MiniOzoneClusterImpl-51e975e3-87ca-4f9c-b22e-f289b69b5230/ozone-meta/datanode-1/meta/webserver/jetty-0_0_0_0-15010-hdds-container-service-2_1_0-SNAPSHOT_jar-_-any-2823136360297894944/webapp/,AVAILABLE}{jar:file:/home/runner/work/ozone/ozone/hadoop-hdds/container-service/target/hdds-container-service-2.1.0-SNAPSHOT.jar!/webapps/hddsDatanode}
2025-05-13 08:08:45,296 [main] INFO  server.AbstractConnector (AbstractConnector.java:doStart(333)) - Started ServerConnector@4c00efa{HTTP/1.1, (http/1.1)}{0.0.0.0:15010}
2025-05-13 08:08:45,296 [main] INFO  server.Server (Server.java:doStart(415)) - Started @10989ms
2025-05-13 08:08:45,296 [main] WARN  impl.MetricsSystemImpl (MetricsSystemImpl.java:register(279)) - Sink prometheus already exists!
2025-05-13 08:08:45,297 [main] INFO  http.BaseHttpServer (BaseHttpServer.java:updateConnectorAddress(359)) - HTTP server of hddsDatanode listening at http://0.0.0.0:15010
2025-05-13 08:08:45,299 [main] INFO  ipc.CallQueueManager (CallQueueManager.java:<init>(93)) - Using callQueue: class java.util.concurrent.LinkedBlockingQueue, queueCapacity: 1000, scheduler: class org.apache.hadoop.ipc.DefaultRpcScheduler, ipcBackoff: false, ipcFailOver: false.
2025-05-13 08:08:45,300 [main] INFO  ipc.Server (Server.java:<init>(1438)) - Listener at 0.0.0.0:15011
2025-05-13 08:08:45,300 [Socket Reader #1 for port 15011] INFO  ipc.Server (Server.java:run(1474)) - Starting Socket Reader #1 for port 15011
2025-05-13 08:08:45,300 [Socket Reader #2 for port 15011] INFO  ipc.Server (Server.java:run(1474)) - Starting Socket Reader #2 for port 15011
2025-05-13 08:08:45,301 [Socket Reader #3 for port 15011] INFO  ipc.Server (Server.java:run(1474)) - Starting Socket Reader #3 for port 15011
2025-05-13 08:08:45,301 [Socket Reader #4 for port 15011] INFO  ipc.Server (Server.java:run(1474)) - Starting Socket Reader #4 for port 15011
2025-05-13 08:08:45,301 [Socket Reader #5 for port 15011] INFO  ipc.Server (Server.java:run(1474)) - Starting Socket Reader #5 for port 15011
2025-05-13 08:08:45,301 [Socket Reader #6 for port 15011] INFO  ipc.Server (Server.java:run(1474)) - Starting Socket Reader #6 for port 15011
2025-05-13 08:08:45,301 [Socket Reader #7 for port 15011] INFO  ipc.Server (Server.java:run(1474)) - Starting Socket Reader #7 for port 15011
2025-05-13 08:08:45,301 [Socket Reader #8 for port 15011] INFO  ipc.Server (Server.java:run(1474)) - Starting Socket Reader #8 for port 15011
2025-05-13 08:08:45,302 [Socket Reader #9 for port 15011] INFO  ipc.Server (Server.java:run(1474)) - Starting Socket Reader #9 for port 15011
2025-05-13 08:08:45,302 [Socket Reader #10 for port 15011] INFO  ipc.Server (Server.java:run(1474)) - Starting Socket Reader #10 for port 15011
2025-05-13 08:08:45,305 [main] INFO  ozone.HddsDatanodeService (HddsDatanodeService.java:start(325)) - Datanode start with admins: [runner]
2025-05-13 08:08:45,305 [main] INFO  ozone.HddsDatanodeClientProtocolServer (HddsDatanodeClientProtocolServer.java:start(76)) - RPC server for Client /0.0.0.0:15011
2025-05-13 08:08:45,306 [IPC Server listener on 15011] INFO  ipc.Server (Server.java:run(1553)) - IPC Server listener on 15011: starting
2025-05-13 08:08:45,306 [IPC Server Responder] INFO  ipc.Server (Server.java:run(1713)) - IPC Server Responder: starting
2025-05-13 08:08:45,316 [main] WARN  dropwizard3.Dm3MetricRegistriesImpl (Dm3MetricRegistriesImpl.java:addReporterRegistration(114)) - New reporters are added after registries were created. Some metrics will be missing from the reporter. Please add reporter before adding any new registry.
2025-05-13 08:08:45,316 [main] WARN  dropwizard3.Dm3MetricRegistriesImpl (Dm3MetricRegistriesImpl.java:addReporterRegistration(114)) - New reporters are added after registries were created. Some metrics will be missing from the reporter. Please add reporter before adding any new registry.
2025-05-13 08:08:45,316 [main] INFO  impl.MetricsSystemImpl (MetricsSystemImpl.java:init(158)) - HddsDatanode metrics system started (again)
2025-05-13 08:08:45,321 [408a00a1-9245-41fc-8d00-8f9b4b0cd246-DatanodeStateMachineDaemonThread] INFO  statemachine.DatanodeStateMachine (DatanodeStateMachine.java:startStateMachineThread(340)) - Ozone container server started.
2025-05-13 08:08:45,325 [main] INFO  protocol.DatanodeDetails (DatanodeDetails.java:validateDatanodeIpAddress(199)) - Updating IP address of datanode d9a075f3-fd90-436c-93e2-379adbc01ef0(pkrvmberfyhpb9w.internal.cloudapp.net/null) to 10.1.0.150
2025-05-13 08:08:45,325 [main] INFO  ozone.HddsDatanodeService (HddsDatanodeService.java:start(234)) - HddsDatanodeService d9a075f3-fd90-436c-93e2-379adbc01ef0(pkrvmberfyhpb9w.internal.cloudapp.net/10.1.0.150)
2025-05-13 08:08:45,332 [main] INFO  upgrade.AbstractLayoutVersionManager (AbstractLayoutVersionManager.java:init(80)) - Initializing Layout version manager with metadata layout = HBASE_SUPPORT (version = 8), software layout = HBASE_SUPPORT (version = 8)
2025-05-13 08:08:45,333 [main] INFO  statemachine.DatanodeStateMachine (DatanodeStateMachine.java:getEndPointTaskThreadPoolSize(298)) - Datanode State Machine Task Thread Pool size 2
2025-05-13 08:08:45,336 [main] INFO  fs.SaveSpaceUsageToFile (SaveSpaceUsageToFile.java:load(92)) - Cached usage info file /home/runner/work/ozone/ozone/hadoop-ozone/integration-test-s3/target/test-dir/MiniOzoneClusterImpl-51e975e3-87ca-4f9c-b22e-f289b69b5230/ozone-meta/datanode-2/data-0/scmUsed not found
2025-05-13 08:08:45,342 [main] INFO  volume.HddsVolume (HddsVolume.java:<init>(158)) - HddsVolume: { id=DS-b2b1547c-4a17-45aa-8621-018e3a09be52 dir=/home/runner/work/ozone/ozone/hadoop-ozone/integration-test-s3/target/test-dir/MiniOzoneClusterImpl-51e975e3-87ca-4f9c-b22e-f289b69b5230/ozone-meta/datanode-2/data-0/hdds type=DISK capacity=76879465972 used=0 available=21311647744 minFree=5368709120 committed=0 }
2025-05-13 08:08:45,342 [main] INFO  volume.MutableVolumeSet (MutableVolumeSet.java:initializeVolumeSet(166)) - Added Volume : /home/runner/work/ozone/ozone/hadoop-ozone/integration-test-s3/target/test-dir/MiniOzoneClusterImpl-51e975e3-87ca-4f9c-b22e-f289b69b5230/ozone-meta/datanode-2/data-0/hdds to VolumeSet
2025-05-13 08:08:45,344 [main] INFO  fs.SaveSpaceUsageToFile (SaveSpaceUsageToFile.java:load(92)) - Cached usage info file /home/runner/work/ozone/ozone/hadoop-ozone/integration-test-s3/target/test-dir/MiniOzoneClusterImpl-51e975e3-87ca-4f9c-b22e-f289b69b5230/ozone-meta/datanode-2/ratis/scmUsed not found
2025-05-13 08:08:45,350 [main] INFO  volume.MutableVolumeSet (MutableVolumeSet.java:initializeVolumeSet(166)) - Added Volume : /home/runner/work/ozone/ozone/hadoop-ozone/integration-test-s3/target/test-dir/MiniOzoneClusterImpl-51e975e3-87ca-4f9c-b22e-f289b69b5230/ozone-meta/datanode-2/ratis to VolumeSet
2025-05-13 08:08:45,352 [main] INFO  ozoneimpl.OzoneContainer (HddsVolumeUtil.java:loadAllHddsVolumeDbStore(102)) - Load 1 volumes DbStore cost: 1ms
2025-05-13 08:08:45,353 [main] WARN  db.DBStoreBuilder (DBStoreBuilder.java:getDBDirPath(160)) - ozone.scm.datanode.id.dir is not configured. We recommend adding this setting. Falling back to ozone.metadata.dirs instead.
2025-05-13 08:08:45,357 [main] WARN  db.DBStoreBuilder (DBStoreBuilder.java:getDBDirPath(160)) - ozone.scm.datanode.id.dir is not configured. We recommend adding this setting. Falling back to ozone.metadata.dirs instead.
2025-05-13 08:08:45,379 [main] INFO  impl.FilePerChunkStrategy (FilePerChunkStrategy.java:<init>(79)) - ozone.chunk.read.mapped.buffer.max.count is load with 0
2025-05-13 08:08:45,379 [main] INFO  impl.FilePerBlockStrategy (FilePerBlockStrategy.java:<init>(87)) - ozone.chunk.read.mapped.buffer.max.count is load with 0
2025-05-13 08:08:45,381 [main] INFO  server.RaftServerConfigKeys (ConfUtils.java:logGet(46)) - raft.server.log.appender.buffer.byte-limit = 33554432 (custom)
2025-05-13 08:08:45,382 [main] INFO  server.RaftServer (ConfUtils.java:logGet(46)) - raft.rpc.type = GRPC (default)
2025-05-13 08:08:45,382 [main] INFO  grpc.GrpcConfigKeys (ConfUtils.java:logFallback(53)) - raft.grpc.admin.host = null (fallback to raft.grpc.server.host)
2025-05-13 08:08:45,383 [main] INFO  grpc.GrpcConfigKeys (ConfUtils.java:logGet(46)) - raft.grpc.admin.port = 15022 (custom)
2025-05-13 08:08:45,383 [main] INFO  grpc.GrpcConfigKeys (ConfUtils.java:logFallback(53)) - raft.grpc.client.host = null (fallback to raft.grpc.server.host)
2025-05-13 08:08:45,383 [main] INFO  grpc.GrpcConfigKeys (ConfUtils.java:logGet(46)) - raft.grpc.client.port = 15021 (custom)
2025-05-13 08:08:45,383 [main] INFO  grpc.GrpcConfigKeys (ConfUtils.java:logGet(46)) - raft.grpc.server.host = null (default)
2025-05-13 08:08:45,383 [main] INFO  grpc.GrpcConfigKeys (ConfUtils.java:logGet(46)) - raft.grpc.server.port = 15023 (custom)
2025-05-13 08:08:45,383 [main] INFO  server.GrpcService (ConfUtils.java:logGet(46)) - raft.grpc.message.size.max = 34603008 (custom)
2025-05-13 08:08:45,383 [main] INFO  server.GrpcService (ConfUtils.java:logGet(46)) - raft.grpc.flow.control.window = 5MB (=5242880) (custom)
2025-05-13 08:08:45,384 [main] INFO  server.RaftServerConfigKeys (ConfUtils.java:logGet(46)) - raft.server.rpc.request.timeout = 60s (custom)
2025-05-13 08:08:45,384 [main] INFO  grpc.GrpcConfigKeys (ConfUtils.java:logGet(46)) - raft.grpc.server.heartbeat.channel = true (default)
2025-05-13 08:08:45,384 [main] INFO  server.RaftServerConfigKeys (ConfUtils.java:logGet(46)) - raft.server.log.appender.buffer.byte-limit = 33554432 (custom)
2025-05-13 08:08:45,384 [main] INFO  grpc.GrpcConfigKeys (ConfUtils.java:logGet(46)) - raft.grpc.server.async.request.thread.pool.cached = true (default)
2025-05-13 08:08:45,384 [main] INFO  grpc.GrpcConfigKeys (ConfUtils.java:logGet(46)) - raft.grpc.server.async.request.thread.pool.size = 32 (default)
2025-05-13 08:08:45,386 [main] INFO  impl.DataStreamServerImpl (ConfUtils.java:logGet(46)) - raft.datastream.type = NETTY (custom)
2025-05-13 08:08:45,386 [main] INFO  server.RaftServerConfigKeys (ConfUtils.java:logGet(46)) - raft.server.data-stream.async.request.thread.pool.cached = false (default)
2025-05-13 08:08:45,386 [main] INFO  server.RaftServerConfigKeys (ConfUtils.java:logGet(46)) - raft.server.data-stream.async.request.thread.pool.size = 20 (custom)
2025-05-13 08:08:45,386 [main] INFO  server.RaftServerConfigKeys (ConfUtils.java:logGet(46)) - raft.server.data-stream.async.write.thread.pool.size = 16 (default)
2025-05-13 08:08:45,387 [main] INFO  netty.NettyConfigKeys$DataStream (ConfUtils.java:logGet(46)) - raft.netty.dataStream.server.channel.inactive.grace-period = 10min (default)
2025-05-13 08:08:45,387 [main] INFO  server.RaftServerConfigKeys (ConfUtils.java:logGet(46)) - raft.server.data-stream.client.pool.size = 10 (default)
2025-05-13 08:08:45,387 [main] INFO  netty.NettyConfigKeys$DataStream (ConfUtils.java:logGet(46)) - raft.netty.dataStream.server.use-epoll = true (default)
2025-05-13 08:08:45,387 [main] INFO  netty.NettyConfigKeys$DataStream (ConfUtils.java:logGet(46)) - raft.netty.dataStream.server.boss-group.size = 0 (default)
2025-05-13 08:08:45,387 [main] INFO  netty.NettyUtils (NettyUtils.java:newEventLoopGroup(74)) - Create EpollEventLoopGroup for d9a075f3-fd90-436c-93e2-379adbc01ef0-NettyServerStreamRpc-bossGroup; Thread size is 0.
2025-05-13 08:08:45,388 [main] INFO  netty.NettyConfigKeys$DataStream (ConfUtils.java:logGet(46)) - raft.netty.dataStream.server.worker-group.size = 0 (default)
2025-05-13 08:08:45,388 [main] INFO  netty.NettyUtils (NettyUtils.java:newEventLoopGroup(74)) - Create EpollEventLoopGroup for d9a075f3-fd90-436c-93e2-379adbc01ef0-NettyServerStreamRpc-workerGroup; Thread size is 0.
2025-05-13 08:08:45,388 [main] INFO  netty.NettyConfigKeys$DataStream (ConfUtils.java:logGet(46)) - raft.netty.dataStream.server.tls.conf = null (default)
2025-05-13 08:08:45,388 [main] INFO  netty.NettyConfigKeys$DataStream (ConfUtils.java:logGet(46)) - raft.netty.dataStream.host = null (default)
2025-05-13 08:08:45,388 [main] INFO  netty.NettyConfigKeys$DataStream (ConfUtils.java:logGet(46)) - raft.netty.dataStream.port = 15024 (custom)
2025-05-13 08:08:45,389 [main] INFO  server.RaftServerConfigKeys (ConfUtils.java:logGet(46)) - raft.server.sleep.deviation.threshold = 300ms (default)
2025-05-13 08:08:45,389 [main] INFO  server.RaftServerConfigKeys (ConfUtils.java:logGet(46)) - raft.server.close.threshold = 60s (default)
2025-05-13 08:08:45,390 [main] INFO  server.RaftServerConfigKeys (ConfUtils.java:logGet(46)) - raft.server.leaderelection.leader.step-down.wait-time = 10s (default)
2025-05-13 08:08:45,390 [d9a075f3-fd90-436c-93e2-379adbc01ef0-NettyServerStreamRpc-bossGroup--thread1] INFO  logging.LoggingHandler (AbstractInternalLogger.java:log(148)) - [id: 0xace56ec8] REGISTERED
2025-05-13 08:08:45,390 [main] INFO  server.RaftServerConfigKeys (ConfUtils.java:logGet(46)) - raft.server.storage.dir = [/home/runner/work/ozone/ozone/hadoop-ozone/integration-test-s3/target/test-dir/MiniOzoneClusterImpl-51e975e3-87ca-4f9c-b22e-f289b69b5230/ozone-meta/datanode-2/ratis] (custom)
2025-05-13 08:08:45,390 [main] INFO  server.RaftServerConfigKeys (ConfUtils.java:logGet(46)) - raft.server.threadpool.proxy.cached = true (default)
2025-05-13 08:08:45,390 [408a00a1-9245-41fc-8d00-8f9b4b0cd246-DatanodeStateMachineTaskThread-0] INFO  datanode.InitDatanodeState (InitDatanodeState.java:persistContainerDatanodeDetails(139)) - DatanodeDetails is persisted to /home/runner/work/ozone/ozone/hadoop-ozone/integration-test-s3/target/test-dir/MiniOzoneClusterImpl-51e975e3-87ca-4f9c-b22e-f289b69b5230/ozone-meta/datanode-1/meta/datanode.id
2025-05-13 08:08:45,390 [main] INFO  server.RaftServerConfigKeys (ConfUtils.java:logGet(46)) - raft.server.threadpool.proxy.size = 0 (default)
2025-05-13 08:08:45,390 [d9a075f3-fd90-436c-93e2-379adbc01ef0-NettyServerStreamRpc-bossGroup--thread1] INFO  logging.LoggingHandler (AbstractInternalLogger.java:log(148)) - [id: 0xace56ec8] BIND: 0.0.0.0/0.0.0.0:15024
2025-05-13 08:08:45,391 [d9a075f3-fd90-436c-93e2-379adbc01ef0-NettyServerStreamRpc-bossGroup--thread1] INFO  logging.LoggingHandler (AbstractInternalLogger.java:log(148)) - [id: 0xace56ec8, L:/0.0.0.0:15024] ACTIVE
2025-05-13 08:08:45,391 [d9a075f3-fd90-436c-93e2-379adbc01ef0-impl-thread1] INFO  server.RaftServer (RaftServerProxy.java:initGroupDir(265)) - d9a075f3-fd90-436c-93e2-379adbc01ef0: found a subdirectory /home/runner/work/ozone/ozone/hadoop-ozone/integration-test-s3/target/test-dir/MiniOzoneClusterImpl-51e975e3-87ca-4f9c-b22e-f289b69b5230/ozone-meta/datanode-2/ratis/tmp
2025-05-13 08:08:45,392 [d9a075f3-fd90-436c-93e2-379adbc01ef0-impl-thread1] INFO  server.RaftServer (RaftServerProxy.java:initGroupDir(270)) - d9a075f3-fd90-436c-93e2-379adbc01ef0: The directory /home/runner/work/ozone/ozone/hadoop-ozone/integration-test-s3/target/test-dir/MiniOzoneClusterImpl-51e975e3-87ca-4f9c-b22e-f289b69b5230/ozone-meta/datanode-2/ratis/tmp is not a group directory; ignoring it. 
2025-05-13 08:08:45,392 [main] INFO  replication.ReplicationServer (ReplicationServer.java:<init>(84)) - Initializing replication server with thread count = 10 queue length = 4096
2025-05-13 08:08:45,393 [main] INFO  server.XceiverServerGrpc (XceiverServerGrpc.java:<init>(131)) - GrpcServer channel type EpollServerSocketChannel
2025-05-13 08:08:45,396 [main] INFO  replication.ReplicationSupervisor (ReplicationSupervisor.java:build(169)) - Initializing replication supervisor with thread count = 10
2025-05-13 08:08:45,396 [main] INFO  replication.ReplicationSupervisor (ReplicationSupervisor.java:nodeStateUpdated(358)) - Node state updated to IN_SERVICE, scaling executor pool size to 10
2025-05-13 08:08:45,399 [main] INFO  http.BaseHttpServer (BaseHttpServer.java:newHttpServer2BuilderForOzone(229)) - Starting Web-server for hddsDatanode at: http://0.0.0.0:15018
2025-05-13 08:08:45,399 [main] INFO  http.BaseHttpServer (BaseHttpServer.java:<init>(107)) - Hadoop Security Enabled: false Ozone Security Enabled: false Ozone HTTP Security Enabled: false 
2025-05-13 08:08:45,401 [main] WARN  server.AuthenticationFilter (AuthenticationFilter.java:constructSecretProvider(240)) - Unable to initialize FileSignerSecretProvider, falling back to use random secrets. Reason: Could not read signature secret file: /home/runner/hadoop-http-auth-signature-secret
2025-05-13 08:08:45,403 [main] INFO  http.HttpServer2 (HttpServer2.java:addGlobalFilter(1042)) - Added global filter 'safety' (class=org.apache.hadoop.hdds.server.http.HttpServer2$QuotingInputFilter)
2025-05-13 08:08:45,404 [main] INFO  http.HttpServer2 (HttpServer2.java:addFilter(1018)) - Added filter static_user_filter (class=org.apache.hadoop.http.lib.StaticUserWebFilter$StaticUserFilter) to context hddsDatanode
2025-05-13 08:08:45,405 [main] INFO  http.HttpServer2 (HttpServer2.java:addFilter(1026)) - Added filter static_user_filter (class=org.apache.hadoop.http.lib.StaticUserWebFilter$StaticUserFilter) to context logs
2025-05-13 08:08:45,405 [main] INFO  http.HttpServer2 (HttpServer2.java:addFilter(1026)) - Added filter static_user_filter (class=org.apache.hadoop.http.lib.StaticUserWebFilter$StaticUserFilter) to context static
2025-05-13 08:08:45,406 [main] INFO  http.BaseHttpServer (BaseHttpServer.java:<init>(195)) - HTTP server of hddsDatanode uses base directory /home/runner/work/ozone/ozone/hadoop-ozone/integration-test-s3/target/test-dir/MiniOzoneClusterImpl-51e975e3-87ca-4f9c-b22e-f289b69b5230/ozone-meta/datanode-2/meta/webserver
2025-05-13 08:08:45,406 [main] INFO  http.HttpServer2 (HttpServer2.java:bindListener(1242)) - Jetty bound to port 15018
2025-05-13 08:08:45,406 [main] INFO  server.Server (Server.java:doStart(375)) - jetty-9.4.57.v20241219; built: 2025-01-08T21:24:30.412Z; git: df524e6b29271c2e09ba9aea83c18dc9db464a31; jvm 21.0.7+6-LTS
2025-05-13 08:08:45,408 [main] INFO  server.session (DefaultSessionIdManager.java:doStart(334)) - DefaultSessionIdManager workerName=node0
2025-05-13 08:08:45,408 [main] INFO  server.session (DefaultSessionIdManager.java:doStart(339)) - No SessionScavenger set, using defaults
2025-05-13 08:08:45,408 [main] INFO  server.session (HouseKeeper.java:startScavenging(132)) - node0 Scavenging every 660000ms
2025-05-13 08:08:45,409 [main] INFO  handler.ContextHandler (ContextHandler.java:doStart(921)) - Started o.e.j.s.ServletContextHandler@41b7ebec{logs,/logs,file:///home/runner/work/ozone/ozone/hadoop-ozone/integration-test-s3/target/log,AVAILABLE}
2025-05-13 08:08:45,410 [main] INFO  handler.ContextHandler (ContextHandler.java:doStart(921)) - Started o.e.j.s.ServletContextHandler@7b6cb223{static,/static,jar:file:/home/runner/work/ozone/ozone/hadoop-hdds/container-service/target/hdds-container-service-2.1.0-SNAPSHOT.jar!/webapps/static,AVAILABLE}
2025-05-13 08:08:45,565 [main] INFO  handler.ContextHandler (ContextHandler.java:doStart(921)) - Started o.e.j.w.WebAppContext@28e6f5c7{hddsDatanode,/,file:///home/runner/work/ozone/ozone/hadoop-ozone/integration-test-s3/target/test-dir/MiniOzoneClusterImpl-51e975e3-87ca-4f9c-b22e-f289b69b5230/ozone-meta/datanode-2/meta/webserver/jetty-0_0_0_0-15018-hdds-container-service-2_1_0-SNAPSHOT_jar-_-any-7281226421397254876/webapp/,AVAILABLE}{jar:file:/home/runner/work/ozone/ozone/hadoop-hdds/container-service/target/hdds-container-service-2.1.0-SNAPSHOT.jar!/webapps/hddsDatanode}
2025-05-13 08:08:45,566 [main] INFO  server.AbstractConnector (AbstractConnector.java:doStart(333)) - Started ServerConnector@3b6ccd61{HTTP/1.1, (http/1.1)}{0.0.0.0:15018}
2025-05-13 08:08:45,566 [main] INFO  server.Server (Server.java:doStart(415)) - Started @11259ms
2025-05-13 08:08:45,566 [main] WARN  impl.MetricsSystemImpl (MetricsSystemImpl.java:register(279)) - Sink prometheus already exists!
2025-05-13 08:08:45,567 [main] INFO  http.BaseHttpServer (BaseHttpServer.java:updateConnectorAddress(359)) - HTTP server of hddsDatanode listening at http://0.0.0.0:15018
2025-05-13 08:08:45,567 [main] INFO  ipc.CallQueueManager (CallQueueManager.java:<init>(93)) - Using callQueue: class java.util.concurrent.LinkedBlockingQueue, queueCapacity: 1000, scheduler: class org.apache.hadoop.ipc.DefaultRpcScheduler, ipcBackoff: false, ipcFailOver: false.
2025-05-13 08:08:45,567 [main] INFO  ipc.Server (Server.java:<init>(1438)) - Listener at 0.0.0.0:15019
2025-05-13 08:08:45,568 [Socket Reader #1 for port 15019] INFO  ipc.Server (Server.java:run(1474)) - Starting Socket Reader #1 for port 15019
2025-05-13 08:08:45,568 [Socket Reader #2 for port 15019] INFO  ipc.Server (Server.java:run(1474)) - Starting Socket Reader #2 for port 15019
2025-05-13 08:08:45,568 [Socket Reader #3 for port 15019] INFO  ipc.Server (Server.java:run(1474)) - Starting Socket Reader #3 for port 15019
2025-05-13 08:08:45,568 [Socket Reader #4 for port 15019] INFO  ipc.Server (Server.java:run(1474)) - Starting Socket Reader #4 for port 15019
2025-05-13 08:08:45,569 [Socket Reader #5 for port 15019] INFO  ipc.Server (Server.java:run(1474)) - Starting Socket Reader #5 for port 15019
2025-05-13 08:08:45,570 [Socket Reader #6 for port 15019] INFO  ipc.Server (Server.java:run(1474)) - Starting Socket Reader #6 for port 15019
2025-05-13 08:08:45,570 [Socket Reader #7 for port 15019] INFO  ipc.Server (Server.java:run(1474)) - Starting Socket Reader #7 for port 15019
2025-05-13 08:08:45,570 [Socket Reader #8 for port 15019] INFO  ipc.Server (Server.java:run(1474)) - Starting Socket Reader #8 for port 15019
2025-05-13 08:08:45,571 [Socket Reader #9 for port 15019] INFO  ipc.Server (Server.java:run(1474)) - Starting Socket Reader #9 for port 15019
2025-05-13 08:08:45,572 [Socket Reader #10 for port 15019] INFO  ipc.Server (Server.java:run(1474)) - Starting Socket Reader #10 for port 15019
2025-05-13 08:08:45,574 [main] INFO  ozone.HddsDatanodeService (HddsDatanodeService.java:start(325)) - Datanode start with admins: [runner]
2025-05-13 08:08:45,574 [main] INFO  ozone.HddsDatanodeClientProtocolServer (HddsDatanodeClientProtocolServer.java:start(76)) - RPC server for Client /0.0.0.0:15019
2025-05-13 08:08:45,575 [IPC Server Responder] INFO  ipc.Server (Server.java:run(1713)) - IPC Server Responder: starting
2025-05-13 08:08:45,576 [IPC Server listener on 15019] INFO  ipc.Server (Server.java:run(1553)) - IPC Server listener on 15019: starting
2025-05-13 08:08:45,578 [main] WARN  dropwizard3.Dm3MetricRegistriesImpl (Dm3MetricRegistriesImpl.java:addReporterRegistration(114)) - New reporters are added after registries were created. Some metrics will be missing from the reporter. Please add reporter before adding any new registry.
2025-05-13 08:08:45,579 [main] WARN  dropwizard3.Dm3MetricRegistriesImpl (Dm3MetricRegistriesImpl.java:addReporterRegistration(114)) - New reporters are added after registries were created. Some metrics will be missing from the reporter. Please add reporter before adding any new registry.
2025-05-13 08:08:45,579 [main] INFO  impl.MetricsSystemImpl (MetricsSystemImpl.java:init(158)) - HddsDatanode metrics system started (again)
2025-05-13 08:08:45,581 [d9a075f3-fd90-436c-93e2-379adbc01ef0-DatanodeStateMachineDaemonThread] INFO  statemachine.DatanodeStateMachine (DatanodeStateMachine.java:startStateMachineThread(340)) - Ozone container server started.
2025-05-13 08:08:45,588 [d9a075f3-fd90-436c-93e2-379adbc01ef0-DatanodeStateMachineTaskThread-0] INFO  datanode.InitDatanodeState (InitDatanodeState.java:persistContainerDatanodeDetails(139)) - DatanodeDetails is persisted to /home/runner/work/ozone/ozone/hadoop-ozone/integration-test-s3/target/test-dir/MiniOzoneClusterImpl-51e975e3-87ca-4f9c-b22e-f289b69b5230/ozone-meta/datanode-2/meta/datanode.id
2025-05-13 08:08:45,592 [main] INFO  protocol.DatanodeDetails (DatanodeDetails.java:validateDatanodeIpAddress(199)) - Updating IP address of datanode 4fab203c-b5a4-47f8-9680-c8b7d06953a5(pkrvmberfyhpb9w.internal.cloudapp.net/null) to 10.1.0.150
2025-05-13 08:08:45,592 [main] INFO  ozone.HddsDatanodeService (HddsDatanodeService.java:start(234)) - HddsDatanodeService 4fab203c-b5a4-47f8-9680-c8b7d06953a5(pkrvmberfyhpb9w.internal.cloudapp.net/10.1.0.150)
2025-05-13 08:08:45,595 [main] INFO  upgrade.AbstractLayoutVersionManager (AbstractLayoutVersionManager.java:init(80)) - Initializing Layout version manager with metadata layout = HBASE_SUPPORT (version = 8), software layout = HBASE_SUPPORT (version = 8)
2025-05-13 08:08:45,596 [main] INFO  statemachine.DatanodeStateMachine (DatanodeStateMachine.java:getEndPointTaskThreadPoolSize(298)) - Datanode State Machine Task Thread Pool size 2
2025-05-13 08:08:45,599 [main] INFO  fs.SaveSpaceUsageToFile (SaveSpaceUsageToFile.java:load(92)) - Cached usage info file /home/runner/work/ozone/ozone/hadoop-ozone/integration-test-s3/target/test-dir/MiniOzoneClusterImpl-51e975e3-87ca-4f9c-b22e-f289b69b5230/ozone-meta/datanode-3/data-0/scmUsed not found
2025-05-13 08:08:45,610 [main] INFO  volume.HddsVolume (HddsVolume.java:<init>(158)) - HddsVolume: { id=DS-202803f0-44e7-4f4b-994b-943e1a4adad9 dir=/home/runner/work/ozone/ozone/hadoop-ozone/integration-test-s3/target/test-dir/MiniOzoneClusterImpl-51e975e3-87ca-4f9c-b22e-f289b69b5230/ozone-meta/datanode-3/data-0/hdds type=DISK capacity=76879465972 used=0 available=21291954176 minFree=5368709120 committed=0 }
2025-05-13 08:08:45,610 [main] INFO  volume.MutableVolumeSet (MutableVolumeSet.java:initializeVolumeSet(166)) - Added Volume : /home/runner/work/ozone/ozone/hadoop-ozone/integration-test-s3/target/test-dir/MiniOzoneClusterImpl-51e975e3-87ca-4f9c-b22e-f289b69b5230/ozone-meta/datanode-3/data-0/hdds to VolumeSet
2025-05-13 08:08:45,612 [main] INFO  fs.SaveSpaceUsageToFile (SaveSpaceUsageToFile.java:load(92)) - Cached usage info file /home/runner/work/ozone/ozone/hadoop-ozone/integration-test-s3/target/test-dir/MiniOzoneClusterImpl-51e975e3-87ca-4f9c-b22e-f289b69b5230/ozone-meta/datanode-3/ratis/scmUsed not found
2025-05-13 08:08:45,617 [main] INFO  volume.MutableVolumeSet (MutableVolumeSet.java:initializeVolumeSet(166)) - Added Volume : /home/runner/work/ozone/ozone/hadoop-ozone/integration-test-s3/target/test-dir/MiniOzoneClusterImpl-51e975e3-87ca-4f9c-b22e-f289b69b5230/ozone-meta/datanode-3/ratis to VolumeSet
2025-05-13 08:08:45,619 [main] INFO  ozoneimpl.OzoneContainer (HddsVolumeUtil.java:loadAllHddsVolumeDbStore(102)) - Load 1 volumes DbStore cost: 0ms
2025-05-13 08:08:45,620 [main] WARN  db.DBStoreBuilder (DBStoreBuilder.java:getDBDirPath(160)) - ozone.scm.datanode.id.dir is not configured. We recommend adding this setting. Falling back to ozone.metadata.dirs instead.
2025-05-13 08:08:45,622 [main] WARN  db.DBStoreBuilder (DBStoreBuilder.java:getDBDirPath(160)) - ozone.scm.datanode.id.dir is not configured. We recommend adding this setting. Falling back to ozone.metadata.dirs instead.
2025-05-13 08:08:45,639 [main] INFO  impl.FilePerChunkStrategy (FilePerChunkStrategy.java:<init>(79)) - ozone.chunk.read.mapped.buffer.max.count is load with 0
2025-05-13 08:08:45,640 [main] INFO  impl.FilePerBlockStrategy (FilePerBlockStrategy.java:<init>(87)) - ozone.chunk.read.mapped.buffer.max.count is load with 0
2025-05-13 08:08:45,641 [main] INFO  server.RaftServerConfigKeys (ConfUtils.java:logGet(46)) - raft.server.log.appender.buffer.byte-limit = 33554432 (custom)
2025-05-13 08:08:45,643 [main] INFO  server.RaftServer (ConfUtils.java:logGet(46)) - raft.rpc.type = GRPC (default)
2025-05-13 08:08:45,643 [main] INFO  grpc.GrpcConfigKeys (ConfUtils.java:logFallback(53)) - raft.grpc.admin.host = null (fallback to raft.grpc.server.host)
2025-05-13 08:08:45,643 [main] INFO  grpc.GrpcConfigKeys (ConfUtils.java:logGet(46)) - raft.grpc.admin.port = 15030 (custom)
2025-05-13 08:08:45,644 [main] INFO  grpc.GrpcConfigKeys (ConfUtils.java:logFallback(53)) - raft.grpc.client.host = null (fallback to raft.grpc.server.host)
2025-05-13 08:08:45,644 [main] INFO  grpc.GrpcConfigKeys (ConfUtils.java:logGet(46)) - raft.grpc.client.port = 15029 (custom)
2025-05-13 08:08:45,644 [main] INFO  grpc.GrpcConfigKeys (ConfUtils.java:logGet(46)) - raft.grpc.server.host = null (default)
2025-05-13 08:08:45,644 [main] INFO  grpc.GrpcConfigKeys (ConfUtils.java:logGet(46)) - raft.grpc.server.port = 15031 (custom)
2025-05-13 08:08:45,644 [main] INFO  server.GrpcService (ConfUtils.java:logGet(46)) - raft.grpc.message.size.max = 34603008 (custom)
2025-05-13 08:08:45,644 [main] INFO  server.GrpcService (ConfUtils.java:logGet(46)) - raft.grpc.flow.control.window = 5MB (=5242880) (custom)
2025-05-13 08:08:45,644 [main] INFO  server.RaftServerConfigKeys (ConfUtils.java:logGet(46)) - raft.server.rpc.request.timeout = 60s (custom)
2025-05-13 08:08:45,645 [main] INFO  grpc.GrpcConfigKeys (ConfUtils.java:logGet(46)) - raft.grpc.server.heartbeat.channel = true (default)
2025-05-13 08:08:45,645 [main] INFO  server.RaftServerConfigKeys (ConfUtils.java:logGet(46)) - raft.server.log.appender.buffer.byte-limit = 33554432 (custom)
2025-05-13 08:08:45,645 [main] INFO  grpc.GrpcConfigKeys (ConfUtils.java:logGet(46)) - raft.grpc.server.async.request.thread.pool.cached = true (default)
2025-05-13 08:08:45,645 [main] INFO  grpc.GrpcConfigKeys (ConfUtils.java:logGet(46)) - raft.grpc.server.async.request.thread.pool.size = 32 (default)
2025-05-13 08:08:45,646 [main] INFO  impl.DataStreamServerImpl (ConfUtils.java:logGet(46)) - raft.datastream.type = NETTY (custom)
2025-05-13 08:08:45,647 [main] INFO  server.RaftServerConfigKeys (ConfUtils.java:logGet(46)) - raft.server.data-stream.async.request.thread.pool.cached = false (default)
2025-05-13 08:08:45,647 [main] INFO  server.RaftServerConfigKeys (ConfUtils.java:logGet(46)) - raft.server.data-stream.async.request.thread.pool.size = 20 (custom)
2025-05-13 08:08:45,647 [main] INFO  server.RaftServerConfigKeys (ConfUtils.java:logGet(46)) - raft.server.data-stream.async.write.thread.pool.size = 16 (default)
2025-05-13 08:08:45,647 [main] INFO  netty.NettyConfigKeys$DataStream (ConfUtils.java:logGet(46)) - raft.netty.dataStream.server.channel.inactive.grace-period = 10min (default)
2025-05-13 08:08:45,647 [main] INFO  server.RaftServerConfigKeys (ConfUtils.java:logGet(46)) - raft.server.data-stream.client.pool.size = 10 (default)
2025-05-13 08:08:45,648 [main] INFO  netty.NettyConfigKeys$DataStream (ConfUtils.java:logGet(46)) - raft.netty.dataStream.server.use-epoll = true (default)
2025-05-13 08:08:45,648 [main] INFO  netty.NettyConfigKeys$DataStream (ConfUtils.java:logGet(46)) - raft.netty.dataStream.server.boss-group.size = 0 (default)
2025-05-13 08:08:45,648 [main] INFO  netty.NettyUtils (NettyUtils.java:newEventLoopGroup(74)) - Create EpollEventLoopGroup for 4fab203c-b5a4-47f8-9680-c8b7d06953a5-NettyServerStreamRpc-bossGroup; Thread size is 0.
2025-05-13 08:08:45,648 [main] INFO  netty.NettyConfigKeys$DataStream (ConfUtils.java:logGet(46)) - raft.netty.dataStream.server.worker-group.size = 0 (default)
2025-05-13 08:08:45,648 [main] INFO  netty.NettyUtils (NettyUtils.java:newEventLoopGroup(74)) - Create EpollEventLoopGroup for 4fab203c-b5a4-47f8-9680-c8b7d06953a5-NettyServerStreamRpc-workerGroup; Thread size is 0.
2025-05-13 08:08:45,649 [main] INFO  netty.NettyConfigKeys$DataStream (ConfUtils.java:logGet(46)) - raft.netty.dataStream.server.tls.conf = null (default)
2025-05-13 08:08:45,649 [main] INFO  netty.NettyConfigKeys$DataStream (ConfUtils.java:logGet(46)) - raft.netty.dataStream.host = null (default)
2025-05-13 08:08:45,649 [main] INFO  netty.NettyConfigKeys$DataStream (ConfUtils.java:logGet(46)) - raft.netty.dataStream.port = 15032 (custom)
2025-05-13 08:08:45,650 [main] INFO  server.RaftServerConfigKeys (ConfUtils.java:logGet(46)) - raft.server.sleep.deviation.threshold = 300ms (default)
2025-05-13 08:08:45,650 [main] INFO  server.RaftServerConfigKeys (ConfUtils.java:logGet(46)) - raft.server.close.threshold = 60s (default)
2025-05-13 08:08:45,650 [main] INFO  server.RaftServerConfigKeys (ConfUtils.java:logGet(46)) - raft.server.leaderelection.leader.step-down.wait-time = 10s (default)
2025-05-13 08:08:45,650 [main] INFO  server.RaftServerConfigKeys (ConfUtils.java:logGet(46)) - raft.server.storage.dir = [/home/runner/work/ozone/ozone/hadoop-ozone/integration-test-s3/target/test-dir/MiniOzoneClusterImpl-51e975e3-87ca-4f9c-b22e-f289b69b5230/ozone-meta/datanode-3/ratis] (custom)
2025-05-13 08:08:45,650 [main] INFO  server.RaftServerConfigKeys (ConfUtils.java:logGet(46)) - raft.server.threadpool.proxy.cached = true (default)
2025-05-13 08:08:45,650 [main] INFO  server.RaftServerConfigKeys (ConfUtils.java:logGet(46)) - raft.server.threadpool.proxy.size = 0 (default)
2025-05-13 08:08:45,651 [4fab203c-b5a4-47f8-9680-c8b7d06953a5-NettyServerStreamRpc-bossGroup--thread1] INFO  logging.LoggingHandler (AbstractInternalLogger.java:log(148)) - [id: 0x3649fd5f] REGISTERED
2025-05-13 08:08:45,651 [4fab203c-b5a4-47f8-9680-c8b7d06953a5-NettyServerStreamRpc-bossGroup--thread1] INFO  logging.LoggingHandler (AbstractInternalLogger.java:log(148)) - [id: 0x3649fd5f] BIND: 0.0.0.0/0.0.0.0:15032
2025-05-13 08:08:45,651 [4fab203c-b5a4-47f8-9680-c8b7d06953a5-NettyServerStreamRpc-bossGroup--thread1] INFO  logging.LoggingHandler (AbstractInternalLogger.java:log(148)) - [id: 0x3649fd5f, L:/0.0.0.0:15032] ACTIVE
2025-05-13 08:08:45,652 [4fab203c-b5a4-47f8-9680-c8b7d06953a5-impl-thread1] INFO  server.RaftServer (RaftServerProxy.java:initGroupDir(265)) - 4fab203c-b5a4-47f8-9680-c8b7d06953a5: found a subdirectory /home/runner/work/ozone/ozone/hadoop-ozone/integration-test-s3/target/test-dir/MiniOzoneClusterImpl-51e975e3-87ca-4f9c-b22e-f289b69b5230/ozone-meta/datanode-3/ratis/tmp
2025-05-13 08:08:45,652 [4fab203c-b5a4-47f8-9680-c8b7d06953a5-impl-thread1] INFO  server.RaftServer (RaftServerProxy.java:initGroupDir(270)) - 4fab203c-b5a4-47f8-9680-c8b7d06953a5: The directory /home/runner/work/ozone/ozone/hadoop-ozone/integration-test-s3/target/test-dir/MiniOzoneClusterImpl-51e975e3-87ca-4f9c-b22e-f289b69b5230/ozone-meta/datanode-3/ratis/tmp is not a group directory; ignoring it. 
2025-05-13 08:08:45,652 [main] INFO  replication.ReplicationServer (ReplicationServer.java:<init>(84)) - Initializing replication server with thread count = 10 queue length = 4096
2025-05-13 08:08:45,654 [main] INFO  server.XceiverServerGrpc (XceiverServerGrpc.java:<init>(131)) - GrpcServer channel type EpollServerSocketChannel
2025-05-13 08:08:45,656 [main] INFO  replication.ReplicationSupervisor (ReplicationSupervisor.java:build(169)) - Initializing replication supervisor with thread count = 10
2025-05-13 08:08:45,656 [main] INFO  replication.ReplicationSupervisor (ReplicationSupervisor.java:nodeStateUpdated(358)) - Node state updated to IN_SERVICE, scaling executor pool size to 10
2025-05-13 08:08:45,659 [main] INFO  http.BaseHttpServer (BaseHttpServer.java:newHttpServer2BuilderForOzone(229)) - Starting Web-server for hddsDatanode at: http://0.0.0.0:15026
2025-05-13 08:08:45,659 [main] INFO  http.BaseHttpServer (BaseHttpServer.java:<init>(107)) - Hadoop Security Enabled: false Ozone Security Enabled: false Ozone HTTP Security Enabled: false 
2025-05-13 08:08:45,661 [main] WARN  server.AuthenticationFilter (AuthenticationFilter.java:constructSecretProvider(240)) - Unable to initialize FileSignerSecretProvider, falling back to use random secrets. Reason: Could not read signature secret file: /home/runner/hadoop-http-auth-signature-secret
2025-05-13 08:08:45,664 [main] INFO  http.HttpServer2 (HttpServer2.java:addGlobalFilter(1042)) - Added global filter 'safety' (class=org.apache.hadoop.hdds.server.http.HttpServer2$QuotingInputFilter)
2025-05-13 08:08:45,666 [main] INFO  http.HttpServer2 (HttpServer2.java:addFilter(1018)) - Added filter static_user_filter (class=org.apache.hadoop.http.lib.StaticUserWebFilter$StaticUserFilter) to context hddsDatanode
2025-05-13 08:08:45,666 [main] INFO  http.HttpServer2 (HttpServer2.java:addFilter(1026)) - Added filter static_user_filter (class=org.apache.hadoop.http.lib.StaticUserWebFilter$StaticUserFilter) to context logs
2025-05-13 08:08:45,666 [main] INFO  http.HttpServer2 (HttpServer2.java:addFilter(1026)) - Added filter static_user_filter (class=org.apache.hadoop.http.lib.StaticUserWebFilter$StaticUserFilter) to context static
2025-05-13 08:08:45,667 [main] INFO  http.BaseHttpServer (BaseHttpServer.java:<init>(195)) - HTTP server of hddsDatanode uses base directory /home/runner/work/ozone/ozone/hadoop-ozone/integration-test-s3/target/test-dir/MiniOzoneClusterImpl-51e975e3-87ca-4f9c-b22e-f289b69b5230/ozone-meta/datanode-3/meta/webserver
2025-05-13 08:08:45,668 [main] INFO  http.HttpServer2 (HttpServer2.java:bindListener(1242)) - Jetty bound to port 15026
2025-05-13 08:08:45,668 [main] INFO  server.Server (Server.java:doStart(375)) - jetty-9.4.57.v20241219; built: 2025-01-08T21:24:30.412Z; git: df524e6b29271c2e09ba9aea83c18dc9db464a31; jvm 21.0.7+6-LTS
2025-05-13 08:08:45,670 [main] INFO  server.session (DefaultSessionIdManager.java:doStart(334)) - DefaultSessionIdManager workerName=node0
2025-05-13 08:08:45,670 [main] INFO  server.session (DefaultSessionIdManager.java:doStart(339)) - No SessionScavenger set, using defaults
2025-05-13 08:08:45,670 [main] INFO  server.session (HouseKeeper.java:startScavenging(132)) - node0 Scavenging every 660000ms
2025-05-13 08:08:45,671 [main] INFO  handler.ContextHandler (ContextHandler.java:doStart(921)) - Started o.e.j.s.ServletContextHandler@6c8057d1{logs,/logs,file:///home/runner/work/ozone/ozone/hadoop-ozone/integration-test-s3/target/log,AVAILABLE}
2025-05-13 08:08:45,672 [main] INFO  handler.ContextHandler (ContextHandler.java:doStart(921)) - Started o.e.j.s.ServletContextHandler@281a5139{static,/static,jar:file:/home/runner/work/ozone/ozone/hadoop-hdds/container-service/target/hdds-container-service-2.1.0-SNAPSHOT.jar!/webapps/static,AVAILABLE}
2025-05-13 08:08:45,677 [om1@group-C5BA1605619E-FollowerState] INFO  impl.FollowerState (FollowerState.java:runImpl(161)) - om1@group-C5BA1605619E-FollowerState: change to CANDIDATE, lastRpcElapsedTime:1150578165ns, electionTimeout:1148ms
2025-05-13 08:08:45,677 [om1@group-C5BA1605619E-FollowerState] INFO  impl.RoleInfo (RoleInfo.java:shutdownFollowerState(121)) - om1: shutdown om1@group-C5BA1605619E-FollowerState
2025-05-13 08:08:45,678 [om1@group-C5BA1605619E-FollowerState] INFO  server.RaftServer$Division (RaftServerImpl.java:setRole(378)) - om1@group-C5BA1605619E: changes role from  FOLLOWER to CANDIDATE at term 0 for changeToCandidate
2025-05-13 08:08:45,678 [om1@group-C5BA1605619E-FollowerState] INFO  server.RaftServerConfigKeys (ConfUtils.java:logGet(46)) - raft.server.leaderelection.pre-vote = true (default)
2025-05-13 08:08:45,678 [om1@group-C5BA1605619E-FollowerState] INFO  impl.RoleInfo (RoleInfo.java:updateAndGet(148)) - om1: start om1@group-C5BA1605619E-LeaderElection3
2025-05-13 08:08:45,679 [om1@group-C5BA1605619E-LeaderElection3] INFO  impl.LeaderElection (LeaderElection.java:askForVotes(332)) - om1@group-C5BA1605619E-LeaderElection3 PRE_VOTE round 0: submit vote requests at term 0 for conf: {index: -1, cur=peers:[om1|localhost:15009]|listeners:[], old=null}
2025-05-13 08:08:45,679 [om1@group-C5BA1605619E-LeaderElection3] INFO  impl.LeaderElection (LeaderElection.java:askForVotes(334)) - om1@group-C5BA1605619E-LeaderElection3 PRE_VOTE round 0: result PASSED (term=0)
2025-05-13 08:08:45,681 [om1@group-C5BA1605619E-LeaderElection3] INFO  impl.LeaderElection (LeaderElection.java:askForVotes(332)) - om1@group-C5BA1605619E-LeaderElection3 ELECTION round 0: submit vote requests at term 1 for conf: {index: -1, cur=peers:[om1|localhost:15009]|listeners:[], old=null}
2025-05-13 08:08:45,681 [om1@group-C5BA1605619E-LeaderElection3] INFO  impl.LeaderElection (LeaderElection.java:askForVotes(334)) - om1@group-C5BA1605619E-LeaderElection3 ELECTION round 0: result PASSED (term=1)
2025-05-13 08:08:45,681 [om1@group-C5BA1605619E-LeaderElection3] INFO  impl.RoleInfo (RoleInfo.java:shutdownLeaderElection(141)) - om1: shutdown om1@group-C5BA1605619E-LeaderElection3
2025-05-13 08:08:45,681 [om1@group-C5BA1605619E-LeaderElection3] INFO  server.RaftServer$Division (RaftServerImpl.java:setRole(378)) - om1@group-C5BA1605619E: changes role from CANDIDATE to LEADER at term 1 for changeToLeader
2025-05-13 08:08:45,681 [om1@group-C5BA1605619E-LeaderElection3] INFO  server.RaftServerConfigKeys (ConfUtils.java:logGet(46)) - raft.server.staging.catchup.gap = 1000 (default)
2025-05-13 08:08:45,682 [om1@group-C5BA1605619E-LeaderElection3] INFO  server.RaftServerConfigKeys (ConfUtils.java:logGet(46)) - raft.server.write.element-limit = 4096 (default)
2025-05-13 08:08:45,682 [om1@group-C5BA1605619E-LeaderElection3] INFO  server.RaftServerConfigKeys (ConfUtils.java:logGet(46)) - raft.server.write.byte-limit = 64MB (=67108864) (default)
2025-05-13 08:08:45,682 [om1@group-C5BA1605619E-LeaderElection3] INFO  server.RaftServerConfigKeys (ConfUtils.java:logGet(46)) - raft.server.watch.timeout = 10s (default)
2025-05-13 08:08:45,682 [om1@group-C5BA1605619E-LeaderElection3] INFO  server.RaftServerConfigKeys (ConfUtils.java:logGet(46)) - raft.server.watch.timeout.denomination = 1s (default)
2025-05-13 08:08:45,683 [om1@group-C5BA1605619E-LeaderElection3] INFO  server.RaftServerConfigKeys (ConfUtils.java:logGet(46)) - raft.server.watch.element-limit = 65536 (default)
2025-05-13 08:08:45,683 [om1@group-C5BA1605619E-LeaderElection3] INFO  server.RaftServerConfigKeys (ConfUtils.java:logGet(46)) - raft.server.read.leader.lease.enabled = false (default)
2025-05-13 08:08:45,683 [om1@group-C5BA1605619E-LeaderElection3] INFO  server.RaftServerConfigKeys (ConfUtils.java:logGet(46)) - raft.server.read.leader.lease.timeout.ratio = 0.9 (default)
2025-05-13 08:08:45,683 [om1@group-C5BA1605619E-LeaderElection3] INFO  server.RaftServerConfigKeys (ConfUtils.java:logGet(46)) - raft.server.rpc.timeout.min = 1s (custom)
2025-05-13 08:08:45,683 [om1@group-C5BA1605619E-LeaderElection3] INFO  server.RaftServerConfigKeys (ConfUtils.java:logGet(46)) - raft.server.log.log-metadata.enabled = true (default)
2025-05-13 08:08:45,685 [om1@group-C5BA1605619E-LeaderElection3] INFO  server.RaftServerConfigKeys (ConfUtils.java:logGet(46)) - raft.server.write.element-limit = 4096 (default)
2025-05-13 08:08:45,686 [om1@group-C5BA1605619E-LeaderElection3] INFO  server.RaftServerConfigKeys (ConfUtils.java:logGet(46)) - raft.server.write.follower.gap.ratio.max = -1.0 (default)
2025-05-13 08:08:45,687 [om1@group-C5BA1605619E-LeaderElection3] INFO  impl.RoleInfo (RoleInfo.java:updateAndGet(148)) - om1: start om1@group-C5BA1605619E-LeaderStateImpl
2025-05-13 08:08:45,687 [om1@group-C5BA1605619E-LeaderElection3] INFO  server.RaftServer$Division (RaftServerImpl.java:setFirstElection(562)) - om1@group-C5BA1605619E: set firstElectionSinceStartup to false for becomeLeader
2025-05-13 08:08:45,690 [om1@group-C5BA1605619E-LeaderElection3] INFO  ratis.OzoneManagerStateMachine (OzoneManagerStateMachine.java:notifyLeaderChanged(174)) - om1@group-C5BA1605619E: leader changed to om1
2025-05-13 08:08:45,690 [om1@group-C5BA1605619E-LeaderElection3] INFO  server.RaftServer$Division (ServerState.java:setLeader(272)) - om1@group-C5BA1605619E: change Leader from null to om1 at term 1 for becomeLeader, leader elected after 2010ms
2025-05-13 08:08:45,691 [om1@group-C5BA1605619E-LeaderElection3] INFO  segmented.SegmentedRaftLogWorker (SegmentedRaftLogWorker.java:startLogSegment(438)) - om1@group-C5BA1605619E-SegmentedRaftLogWorker: Starting segment from index:0
2025-05-13 08:08:45,691 [om1@group-C5BA1605619E-LeaderElection3] INFO  server.RaftServer$Division (ServerState.java:setRaftConf(386)) - om1@group-C5BA1605619E: set configuration conf: {index: 0, cur=peers:[om1|localhost:15009]|listeners:[], old=null}
2025-05-13 08:08:45,692 [om1@group-C5BA1605619E-SegmentedRaftLogWorker] INFO  segmented.BufferedWriteChannel (BufferedWriteChannel.java:open(61)) - open log_inprogress_0 at position 0
2025-05-13 08:08:45,701 [om1@group-C5BA1605619E-SegmentedRaftLogWorker] INFO  segmented.SegmentedRaftLogWorker (SegmentedRaftLogWorker.java:execute(644)) - om1@group-C5BA1605619E-SegmentedRaftLogWorker: created new log segment /home/runner/work/ozone/ozone/hadoop-ozone/integration-test-s3/target/test-dir/MiniOzoneClusterImpl-51e975e3-87ca-4f9c-b22e-f289b69b5230/ozone-meta/ratis/bf265839-605b-3f16-9796-c5ba1605619e/current/log_inprogress_0
2025-05-13 08:08:45,704 [om1@group-C5BA1605619E-StateMachineUpdater] INFO  ratis.OzoneManagerStateMachine (OzoneManagerStateMachine.java:notifyConfigurationChanged(236)) - notifyConfigurationChanged from Ratis: term=1, index=0, New Peer list: om1(localhost:15009)
2025-05-13 08:08:45,704 [om1@group-C5BA1605619E-StateMachineUpdater] INFO  server.RaftServer$Division (LeaderStateImpl.java:checkStartIndex(313)) - Leader om1@group-C5BA1605619E-LeaderStateImpl is ready since appliedIndex == startIndex == 0
2025-05-13 08:08:45,816 [main] INFO  handler.ContextHandler (ContextHandler.java:doStart(921)) - Started o.e.j.w.WebAppContext@56048e4d{hddsDatanode,/,file:///home/runner/work/ozone/ozone/hadoop-ozone/integration-test-s3/target/test-dir/MiniOzoneClusterImpl-51e975e3-87ca-4f9c-b22e-f289b69b5230/ozone-meta/datanode-3/meta/webserver/jetty-0_0_0_0-15026-hdds-container-service-2_1_0-SNAPSHOT_jar-_-any-10546192407910336025/webapp/,AVAILABLE}{jar:file:/home/runner/work/ozone/ozone/hadoop-hdds/container-service/target/hdds-container-service-2.1.0-SNAPSHOT.jar!/webapps/hddsDatanode}
2025-05-13 08:08:45,817 [main] INFO  server.AbstractConnector (AbstractConnector.java:doStart(333)) - Started ServerConnector@b7e20f2{HTTP/1.1, (http/1.1)}{0.0.0.0:15026}
2025-05-13 08:08:45,817 [main] INFO  server.Server (Server.java:doStart(415)) - Started @11510ms
2025-05-13 08:08:45,818 [main] WARN  impl.MetricsSystemImpl (MetricsSystemImpl.java:register(279)) - Sink prometheus already exists!
2025-05-13 08:08:45,818 [main] INFO  http.BaseHttpServer (BaseHttpServer.java:updateConnectorAddress(359)) - HTTP server of hddsDatanode listening at http://0.0.0.0:15026
2025-05-13 08:08:45,819 [main] INFO  ipc.CallQueueManager (CallQueueManager.java:<init>(93)) - Using callQueue: class java.util.concurrent.LinkedBlockingQueue, queueCapacity: 1000, scheduler: class org.apache.hadoop.ipc.DefaultRpcScheduler, ipcBackoff: false, ipcFailOver: false.
2025-05-13 08:08:45,819 [main] INFO  ipc.Server (Server.java:<init>(1438)) - Listener at 0.0.0.0:15027
2025-05-13 08:08:45,819 [Socket Reader #1 for port 15027] INFO  ipc.Server (Server.java:run(1474)) - Starting Socket Reader #1 for port 15027
2025-05-13 08:08:45,819 [Socket Reader #2 for port 15027] INFO  ipc.Server (Server.java:run(1474)) - Starting Socket Reader #2 for port 15027
2025-05-13 08:08:45,820 [Socket Reader #3 for port 15027] INFO  ipc.Server (Server.java:run(1474)) - Starting Socket Reader #3 for port 15027
2025-05-13 08:08:45,820 [Socket Reader #4 for port 15027] INFO  ipc.Server (Server.java:run(1474)) - Starting Socket Reader #4 for port 15027
2025-05-13 08:08:45,820 [Socket Reader #5 for port 15027] INFO  ipc.Server (Server.java:run(1474)) - Starting Socket Reader #5 for port 15027
2025-05-13 08:08:45,820 [Socket Reader #6 for port 15027] INFO  ipc.Server (Server.java:run(1474)) - Starting Socket Reader #6 for port 15027
2025-05-13 08:08:45,821 [Socket Reader #7 for port 15027] INFO  ipc.Server (Server.java:run(1474)) - Starting Socket Reader #7 for port 15027
2025-05-13 08:08:45,821 [Socket Reader #8 for port 15027] INFO  ipc.Server (Server.java:run(1474)) - Starting Socket Reader #8 for port 15027
2025-05-13 08:08:45,821 [Socket Reader #9 for port 15027] INFO  ipc.Server (Server.java:run(1474)) - Starting Socket Reader #9 for port 15027
2025-05-13 08:08:45,822 [Socket Reader #10 for port 15027] INFO  ipc.Server (Server.java:run(1474)) - Starting Socket Reader #10 for port 15027
2025-05-13 08:08:45,824 [main] INFO  ozone.HddsDatanodeService (HddsDatanodeService.java:start(325)) - Datanode start with admins: [runner]
2025-05-13 08:08:45,825 [main] INFO  ozone.HddsDatanodeClientProtocolServer (HddsDatanodeClientProtocolServer.java:start(76)) - RPC server for Client /0.0.0.0:15027
2025-05-13 08:08:45,826 [IPC Server Responder] INFO  ipc.Server (Server.java:run(1713)) - IPC Server Responder: starting
2025-05-13 08:08:45,826 [IPC Server listener on 15027] INFO  ipc.Server (Server.java:run(1553)) - IPC Server listener on 15027: starting
2025-05-13 08:08:45,830 [main] WARN  dropwizard3.Dm3MetricRegistriesImpl (Dm3MetricRegistriesImpl.java:addReporterRegistration(114)) - New reporters are added after registries were created. Some metrics will be missing from the reporter. Please add reporter before adding any new registry.
2025-05-13 08:08:45,830 [main] WARN  dropwizard3.Dm3MetricRegistriesImpl (Dm3MetricRegistriesImpl.java:addReporterRegistration(114)) - New reporters are added after registries were created. Some metrics will be missing from the reporter. Please add reporter before adding any new registry.
2025-05-13 08:08:45,830 [main] INFO  impl.MetricsSystemImpl (MetricsSystemImpl.java:init(158)) - HddsDatanode metrics system started (again)
2025-05-13 08:08:45,833 [4fab203c-b5a4-47f8-9680-c8b7d06953a5-DatanodeStateMachineDaemonThread] INFO  statemachine.DatanodeStateMachine (DatanodeStateMachine.java:startStateMachineThread(340)) - Ozone container server started.
2025-05-13 08:08:45,841 [main] INFO  protocol.DatanodeDetails (DatanodeDetails.java:validateDatanodeIpAddress(199)) - Updating IP address of datanode 0cacbd4a-5010-47a3-9155-fc9857e0e4f0(pkrvmberfyhpb9w.internal.cloudapp.net/null) to 10.1.0.150
2025-05-13 08:08:45,841 [main] INFO  ozone.HddsDatanodeService (HddsDatanodeService.java:start(234)) - HddsDatanodeService 0cacbd4a-5010-47a3-9155-fc9857e0e4f0(pkrvmberfyhpb9w.internal.cloudapp.net/10.1.0.150)
2025-05-13 08:08:45,843 [4fab203c-b5a4-47f8-9680-c8b7d06953a5-DatanodeStateMachineTaskThread-0] INFO  datanode.InitDatanodeState (InitDatanodeState.java:persistContainerDatanodeDetails(139)) - DatanodeDetails is persisted to /home/runner/work/ozone/ozone/hadoop-ozone/integration-test-s3/target/test-dir/MiniOzoneClusterImpl-51e975e3-87ca-4f9c-b22e-f289b69b5230/ozone-meta/datanode-3/meta/datanode.id
2025-05-13 08:08:45,848 [main] INFO  upgrade.AbstractLayoutVersionManager (AbstractLayoutVersionManager.java:init(80)) - Initializing Layout version manager with metadata layout = HBASE_SUPPORT (version = 8), software layout = HBASE_SUPPORT (version = 8)
2025-05-13 08:08:45,848 [main] INFO  statemachine.DatanodeStateMachine (DatanodeStateMachine.java:getEndPointTaskThreadPoolSize(298)) - Datanode State Machine Task Thread Pool size 2
2025-05-13 08:08:45,858 [main] INFO  fs.SaveSpaceUsageToFile (SaveSpaceUsageToFile.java:load(92)) - Cached usage info file /home/runner/work/ozone/ozone/hadoop-ozone/integration-test-s3/target/test-dir/MiniOzoneClusterImpl-51e975e3-87ca-4f9c-b22e-f289b69b5230/ozone-meta/datanode-4/data-0/scmUsed not found
2025-05-13 08:08:45,863 [main] INFO  volume.HddsVolume (HddsVolume.java:<init>(158)) - HddsVolume: { id=DS-50873cae-21c6-4dc6-8b24-8c3813421186 dir=/home/runner/work/ozone/ozone/hadoop-ozone/integration-test-s3/target/test-dir/MiniOzoneClusterImpl-51e975e3-87ca-4f9c-b22e-f289b69b5230/ozone-meta/datanode-4/data-0/hdds type=DISK capacity=76879465972 used=0 available=21268066304 minFree=5368709120 committed=0 }
2025-05-13 08:08:45,863 [main] INFO  volume.MutableVolumeSet (MutableVolumeSet.java:initializeVolumeSet(166)) - Added Volume : /home/runner/work/ozone/ozone/hadoop-ozone/integration-test-s3/target/test-dir/MiniOzoneClusterImpl-51e975e3-87ca-4f9c-b22e-f289b69b5230/ozone-meta/datanode-4/data-0/hdds to VolumeSet
2025-05-13 08:08:45,865 [main] INFO  fs.SaveSpaceUsageToFile (SaveSpaceUsageToFile.java:load(92)) - Cached usage info file /home/runner/work/ozone/ozone/hadoop-ozone/integration-test-s3/target/test-dir/MiniOzoneClusterImpl-51e975e3-87ca-4f9c-b22e-f289b69b5230/ozone-meta/datanode-4/ratis/scmUsed not found
2025-05-13 08:08:45,867 [main] INFO  volume.MutableVolumeSet (MutableVolumeSet.java:initializeVolumeSet(166)) - Added Volume : /home/runner/work/ozone/ozone/hadoop-ozone/integration-test-s3/target/test-dir/MiniOzoneClusterImpl-51e975e3-87ca-4f9c-b22e-f289b69b5230/ozone-meta/datanode-4/ratis to VolumeSet
2025-05-13 08:08:45,870 [main] INFO  ozoneimpl.OzoneContainer (HddsVolumeUtil.java:loadAllHddsVolumeDbStore(102)) - Load 1 volumes DbStore cost: 2ms
2025-05-13 08:08:45,872 [main] WARN  db.DBStoreBuilder (DBStoreBuilder.java:getDBDirPath(160)) - ozone.scm.datanode.id.dir is not configured. We recommend adding this setting. Falling back to ozone.metadata.dirs instead.
2025-05-13 08:08:45,873 [main] WARN  db.DBStoreBuilder (DBStoreBuilder.java:getDBDirPath(160)) - ozone.scm.datanode.id.dir is not configured. We recommend adding this setting. Falling back to ozone.metadata.dirs instead.
2025-05-13 08:08:45,887 [main] INFO  impl.FilePerChunkStrategy (FilePerChunkStrategy.java:<init>(79)) - ozone.chunk.read.mapped.buffer.max.count is load with 0
2025-05-13 08:08:45,887 [main] INFO  impl.FilePerBlockStrategy (FilePerBlockStrategy.java:<init>(87)) - ozone.chunk.read.mapped.buffer.max.count is load with 0
2025-05-13 08:08:45,888 [main] INFO  server.RaftServerConfigKeys (ConfUtils.java:logGet(46)) - raft.server.log.appender.buffer.byte-limit = 33554432 (custom)
2025-05-13 08:08:45,890 [main] INFO  server.RaftServer (ConfUtils.java:logGet(46)) - raft.rpc.type = GRPC (default)
2025-05-13 08:08:45,890 [main] INFO  grpc.GrpcConfigKeys (ConfUtils.java:logFallback(53)) - raft.grpc.admin.host = null (fallback to raft.grpc.server.host)
2025-05-13 08:08:45,890 [main] INFO  grpc.GrpcConfigKeys (ConfUtils.java:logGet(46)) - raft.grpc.admin.port = 15038 (custom)
2025-05-13 08:08:45,890 [main] INFO  grpc.GrpcConfigKeys (ConfUtils.java:logFallback(53)) - raft.grpc.client.host = null (fallback to raft.grpc.server.host)
2025-05-13 08:08:45,890 [main] INFO  grpc.GrpcConfigKeys (ConfUtils.java:logGet(46)) - raft.grpc.client.port = 15037 (custom)
2025-05-13 08:08:45,890 [main] INFO  grpc.GrpcConfigKeys (ConfUtils.java:logGet(46)) - raft.grpc.server.host = null (default)
2025-05-13 08:08:45,890 [main] INFO  grpc.GrpcConfigKeys (ConfUtils.java:logGet(46)) - raft.grpc.server.port = 15039 (custom)
2025-05-13 08:08:45,891 [main] INFO  server.GrpcService (ConfUtils.java:logGet(46)) - raft.grpc.message.size.max = 34603008 (custom)
2025-05-13 08:08:45,891 [main] INFO  server.GrpcService (ConfUtils.java:logGet(46)) - raft.grpc.flow.control.window = 5MB (=5242880) (custom)
2025-05-13 08:08:45,891 [main] INFO  server.RaftServerConfigKeys (ConfUtils.java:logGet(46)) - raft.server.rpc.request.timeout = 60s (custom)
2025-05-13 08:08:45,891 [main] INFO  grpc.GrpcConfigKeys (ConfUtils.java:logGet(46)) - raft.grpc.server.heartbeat.channel = true (default)
2025-05-13 08:08:45,891 [main] INFO  server.RaftServerConfigKeys (ConfUtils.java:logGet(46)) - raft.server.log.appender.buffer.byte-limit = 33554432 (custom)
2025-05-13 08:08:45,891 [main] INFO  grpc.GrpcConfigKeys (ConfUtils.java:logGet(46)) - raft.grpc.server.async.request.thread.pool.cached = true (default)
2025-05-13 08:08:45,891 [main] INFO  grpc.GrpcConfigKeys (ConfUtils.java:logGet(46)) - raft.grpc.server.async.request.thread.pool.size = 32 (default)
2025-05-13 08:08:45,893 [main] INFO  impl.DataStreamServerImpl (ConfUtils.java:logGet(46)) - raft.datastream.type = NETTY (custom)
2025-05-13 08:08:45,893 [main] INFO  server.RaftServerConfigKeys (ConfUtils.java:logGet(46)) - raft.server.data-stream.async.request.thread.pool.cached = false (default)
2025-05-13 08:08:45,893 [main] INFO  server.RaftServerConfigKeys (ConfUtils.java:logGet(46)) - raft.server.data-stream.async.request.thread.pool.size = 20 (custom)
2025-05-13 08:08:45,894 [main] INFO  server.RaftServerConfigKeys (ConfUtils.java:logGet(46)) - raft.server.data-stream.async.write.thread.pool.size = 16 (default)
2025-05-13 08:08:45,894 [main] INFO  netty.NettyConfigKeys$DataStream (ConfUtils.java:logGet(46)) - raft.netty.dataStream.server.channel.inactive.grace-period = 10min (default)
2025-05-13 08:08:45,894 [main] INFO  server.RaftServerConfigKeys (ConfUtils.java:logGet(46)) - raft.server.data-stream.client.pool.size = 10 (default)
2025-05-13 08:08:45,894 [main] INFO  netty.NettyConfigKeys$DataStream (ConfUtils.java:logGet(46)) - raft.netty.dataStream.server.use-epoll = true (default)
2025-05-13 08:08:45,894 [main] INFO  netty.NettyConfigKeys$DataStream (ConfUtils.java:logGet(46)) - raft.netty.dataStream.server.boss-group.size = 0 (default)
2025-05-13 08:08:45,894 [main] INFO  netty.NettyUtils (NettyUtils.java:newEventLoopGroup(74)) - Create EpollEventLoopGroup for 0cacbd4a-5010-47a3-9155-fc9857e0e4f0-NettyServerStreamRpc-bossGroup; Thread size is 0.
2025-05-13 08:08:45,895 [main] INFO  netty.NettyConfigKeys$DataStream (ConfUtils.java:logGet(46)) - raft.netty.dataStream.server.worker-group.size = 0 (default)
2025-05-13 08:08:45,895 [main] INFO  netty.NettyUtils (NettyUtils.java:newEventLoopGroup(74)) - Create EpollEventLoopGroup for 0cacbd4a-5010-47a3-9155-fc9857e0e4f0-NettyServerStreamRpc-workerGroup; Thread size is 0.
2025-05-13 08:08:45,895 [main] INFO  netty.NettyConfigKeys$DataStream (ConfUtils.java:logGet(46)) - raft.netty.dataStream.server.tls.conf = null (default)
2025-05-13 08:08:45,895 [main] INFO  netty.NettyConfigKeys$DataStream (ConfUtils.java:logGet(46)) - raft.netty.dataStream.host = null (default)
2025-05-13 08:08:45,896 [main] INFO  netty.NettyConfigKeys$DataStream (ConfUtils.java:logGet(46)) - raft.netty.dataStream.port = 15040 (custom)
2025-05-13 08:08:45,897 [0cacbd4a-5010-47a3-9155-fc9857e0e4f0-NettyServerStreamRpc-bossGroup--thread1] INFO  logging.LoggingHandler (AbstractInternalLogger.java:log(148)) - [id: 0xcb433e1c] REGISTERED
2025-05-13 08:08:45,897 [main] INFO  server.RaftServerConfigKeys (ConfUtils.java:logGet(46)) - raft.server.sleep.deviation.threshold = 300ms (default)
2025-05-13 08:08:45,897 [main] INFO  server.RaftServerConfigKeys (ConfUtils.java:logGet(46)) - raft.server.close.threshold = 60s (default)
2025-05-13 08:08:45,897 [main] INFO  server.RaftServerConfigKeys (ConfUtils.java:logGet(46)) - raft.server.leaderelection.leader.step-down.wait-time = 10s (default)
2025-05-13 08:08:45,897 [main] INFO  server.RaftServerConfigKeys (ConfUtils.java:logGet(46)) - raft.server.storage.dir = [/home/runner/work/ozone/ozone/hadoop-ozone/integration-test-s3/target/test-dir/MiniOzoneClusterImpl-51e975e3-87ca-4f9c-b22e-f289b69b5230/ozone-meta/datanode-4/ratis] (custom)
2025-05-13 08:08:45,898 [main] INFO  server.RaftServerConfigKeys (ConfUtils.java:logGet(46)) - raft.server.threadpool.proxy.cached = true (default)
2025-05-13 08:08:45,898 [main] INFO  server.RaftServerConfigKeys (ConfUtils.java:logGet(46)) - raft.server.threadpool.proxy.size = 0 (default)
2025-05-13 08:08:45,898 [0cacbd4a-5010-47a3-9155-fc9857e0e4f0-NettyServerStreamRpc-bossGroup--thread1] INFO  logging.LoggingHandler (AbstractInternalLogger.java:log(148)) - [id: 0xcb433e1c] BIND: 0.0.0.0/0.0.0.0:15040
2025-05-13 08:08:45,898 [0cacbd4a-5010-47a3-9155-fc9857e0e4f0-NettyServerStreamRpc-bossGroup--thread1] INFO  logging.LoggingHandler (AbstractInternalLogger.java:log(148)) - [id: 0xcb433e1c, L:/0.0.0.0:15040] ACTIVE
2025-05-13 08:08:45,899 [0cacbd4a-5010-47a3-9155-fc9857e0e4f0-impl-thread1] INFO  server.RaftServer (RaftServerProxy.java:initGroupDir(265)) - 0cacbd4a-5010-47a3-9155-fc9857e0e4f0: found a subdirectory /home/runner/work/ozone/ozone/hadoop-ozone/integration-test-s3/target/test-dir/MiniOzoneClusterImpl-51e975e3-87ca-4f9c-b22e-f289b69b5230/ozone-meta/datanode-4/ratis/tmp
2025-05-13 08:08:45,899 [0cacbd4a-5010-47a3-9155-fc9857e0e4f0-impl-thread1] INFO  server.RaftServer (RaftServerProxy.java:initGroupDir(270)) - 0cacbd4a-5010-47a3-9155-fc9857e0e4f0: The directory /home/runner/work/ozone/ozone/hadoop-ozone/integration-test-s3/target/test-dir/MiniOzoneClusterImpl-51e975e3-87ca-4f9c-b22e-f289b69b5230/ozone-meta/datanode-4/ratis/tmp is not a group directory; ignoring it. 
2025-05-13 08:08:45,899 [main] INFO  replication.ReplicationServer (ReplicationServer.java:<init>(84)) - Initializing replication server with thread count = 10 queue length = 4096
2025-05-13 08:08:45,902 [main] INFO  server.XceiverServerGrpc (XceiverServerGrpc.java:<init>(131)) - GrpcServer channel type EpollServerSocketChannel
2025-05-13 08:08:45,905 [main] INFO  replication.ReplicationSupervisor (ReplicationSupervisor.java:build(169)) - Initializing replication supervisor with thread count = 10
2025-05-13 08:08:45,905 [main] INFO  replication.ReplicationSupervisor (ReplicationSupervisor.java:nodeStateUpdated(358)) - Node state updated to IN_SERVICE, scaling executor pool size to 10
2025-05-13 08:08:45,908 [main] INFO  http.BaseHttpServer (BaseHttpServer.java:newHttpServer2BuilderForOzone(229)) - Starting Web-server for hddsDatanode at: http://0.0.0.0:15034
2025-05-13 08:08:45,908 [main] INFO  http.BaseHttpServer (BaseHttpServer.java:<init>(107)) - Hadoop Security Enabled: false Ozone Security Enabled: false Ozone HTTP Security Enabled: false 
2025-05-13 08:08:45,911 [main] WARN  server.AuthenticationFilter (AuthenticationFilter.java:constructSecretProvider(240)) - Unable to initialize FileSignerSecretProvider, falling back to use random secrets. Reason: Could not read signature secret file: /home/runner/hadoop-http-auth-signature-secret
2025-05-13 08:08:45,915 [main] INFO  http.HttpServer2 (HttpServer2.java:addGlobalFilter(1042)) - Added global filter 'safety' (class=org.apache.hadoop.hdds.server.http.HttpServer2$QuotingInputFilter)
2025-05-13 08:08:45,917 [main] INFO  http.HttpServer2 (HttpServer2.java:addFilter(1018)) - Added filter static_user_filter (class=org.apache.hadoop.http.lib.StaticUserWebFilter$StaticUserFilter) to context hddsDatanode
2025-05-13 08:08:45,917 [main] INFO  http.HttpServer2 (HttpServer2.java:addFilter(1026)) - Added filter static_user_filter (class=org.apache.hadoop.http.lib.StaticUserWebFilter$StaticUserFilter) to context static
2025-05-13 08:08:45,917 [main] INFO  http.HttpServer2 (HttpServer2.java:addFilter(1026)) - Added filter static_user_filter (class=org.apache.hadoop.http.lib.StaticUserWebFilter$StaticUserFilter) to context logs
2025-05-13 08:08:45,918 [main] INFO  http.BaseHttpServer (BaseHttpServer.java:<init>(195)) - HTTP server of hddsDatanode uses base directory /home/runner/work/ozone/ozone/hadoop-ozone/integration-test-s3/target/test-dir/MiniOzoneClusterImpl-51e975e3-87ca-4f9c-b22e-f289b69b5230/ozone-meta/datanode-4/meta/webserver
2025-05-13 08:08:45,919 [main] INFO  http.HttpServer2 (HttpServer2.java:bindListener(1242)) - Jetty bound to port 15034
2025-05-13 08:08:45,919 [main] INFO  server.Server (Server.java:doStart(375)) - jetty-9.4.57.v20241219; built: 2025-01-08T21:24:30.412Z; git: df524e6b29271c2e09ba9aea83c18dc9db464a31; jvm 21.0.7+6-LTS
2025-05-13 08:08:45,922 [main] INFO  server.session (DefaultSessionIdManager.java:doStart(334)) - DefaultSessionIdManager workerName=node0
2025-05-13 08:08:45,923 [main] INFO  server.session (DefaultSessionIdManager.java:doStart(339)) - No SessionScavenger set, using defaults
2025-05-13 08:08:45,924 [main] INFO  server.session (HouseKeeper.java:startScavenging(132)) - node0 Scavenging every 660000ms
2025-05-13 08:08:45,926 [main] INFO  handler.ContextHandler (ContextHandler.java:doStart(921)) - Started o.e.j.s.ServletContextHandler@98e2a07{logs,/logs,file:///home/runner/work/ozone/ozone/hadoop-ozone/integration-test-s3/target/log,AVAILABLE}
2025-05-13 08:08:45,926 [main] INFO  handler.ContextHandler (ContextHandler.java:doStart(921)) - Started o.e.j.s.ServletContextHandler@3bc59637{static,/static,jar:file:/home/runner/work/ozone/ozone/hadoop-hdds/container-service/target/hdds-container-service-2.1.0-SNAPSHOT.jar!/webapps/static,AVAILABLE}
2025-05-13 08:08:45,959 [408a00a1-9245-41fc-8d00-8f9b4b0cd246-EndpointStateMachineTaskThread-/0.0.0.0:15002-0 ] INFO  utils.DatanodeStoreCache (DatanodeStoreCache.java:addDB(70)) - Added db /home/runner/work/ozone/ozone/hadoop-ozone/integration-test-s3/target/test-dir/MiniOzoneClusterImpl-51e975e3-87ca-4f9c-b22e-f289b69b5230/ozone-meta/datanode-1/data-0/hdds/51e975e3-87ca-4f9c-b22e-f289b69b5230/DS-95cca788-5876-44af-9fe3-d332140abd0f/container.db to cache
2025-05-13 08:08:45,959 [408a00a1-9245-41fc-8d00-8f9b4b0cd246-EndpointStateMachineTaskThread-/0.0.0.0:15002-0 ] INFO  volume.HddsVolume (HddsVolume.java:createDbStore(510)) - SchemaV3 db is created and loaded at /home/runner/work/ozone/ozone/hadoop-ozone/integration-test-s3/target/test-dir/MiniOzoneClusterImpl-51e975e3-87ca-4f9c-b22e-f289b69b5230/ozone-meta/datanode-1/data-0/hdds/51e975e3-87ca-4f9c-b22e-f289b69b5230/DS-95cca788-5876-44af-9fe3-d332140abd0f/container.db for volume DS-95cca788-5876-44af-9fe3-d332140abd0f
2025-05-13 08:08:45,968 [408a00a1-9245-41fc-8d00-8f9b4b0cd246-ContainerReader-0] INFO  ozoneimpl.ContainerReader (ContainerReader.java:readVolume(144)) - Start to verify containers on volume /home/runner/work/ozone/ozone/hadoop-ozone/integration-test-s3/target/test-dir/MiniOzoneClusterImpl-51e975e3-87ca-4f9c-b22e-f289b69b5230/ozone-meta/datanode-1/data-0/hdds
2025-05-13 08:08:45,969 [408a00a1-9245-41fc-8d00-8f9b4b0cd246-ContainerReader-0] INFO  ozoneimpl.ContainerReader (ContainerReader.java:readVolume(174)) - Finish verifying containers on volume /home/runner/work/ozone/ozone/hadoop-ozone/integration-test-s3/target/test-dir/MiniOzoneClusterImpl-51e975e3-87ca-4f9c-b22e-f289b69b5230/ozone-meta/datanode-1/data-0/hdds
2025-05-13 08:08:45,969 [408a00a1-9245-41fc-8d00-8f9b4b0cd246-EndpointStateMachineTaskThread-/0.0.0.0:15002-0 ] INFO  ozoneimpl.OzoneContainer (OzoneContainer.java:buildContainerSet(364)) - Build ContainerSet costs 0s
2025-05-13 08:08:45,970 [408a00a1-9245-41fc-8d00-8f9b4b0cd246-EndpointStateMachineTaskThread-/0.0.0.0:15002-0 ] INFO  volume.ThrottledAsyncChecker (ThrottledAsyncChecker.java:schedule(138)) - Scheduling a check for /home/runner/work/ozone/ozone/hadoop-ozone/integration-test-s3/target/test-dir/MiniOzoneClusterImpl-51e975e3-87ca-4f9c-b22e-f289b69b5230/ozone-meta/datanode-1/data-0/hdds
2025-05-13 08:08:45,980 [408a00a1-9245-41fc-8d00-8f9b4b0cd246-EndpointStateMachineTaskThread-/0.0.0.0:15002-0 ] INFO  volume.StorageVolumeChecker (StorageVolumeChecker.java:checkAllVolumes(215)) - Scheduled health check for volume /home/runner/work/ozone/ozone/hadoop-ozone/integration-test-s3/target/test-dir/MiniOzoneClusterImpl-51e975e3-87ca-4f9c-b22e-f289b69b5230/ozone-meta/datanode-1/data-0/hdds
2025-05-13 08:08:45,990 [408a00a1-9245-41fc-8d00-8f9b4b0cd246-EndpointStateMachineTaskThread-/0.0.0.0:15002-0 ] INFO  volume.ThrottledAsyncChecker (ThrottledAsyncChecker.java:schedule(138)) - Scheduling a check for /home/runner/work/ozone/ozone/hadoop-ozone/integration-test-s3/target/test-dir/MiniOzoneClusterImpl-51e975e3-87ca-4f9c-b22e-f289b69b5230/ozone-meta/datanode-1/ratis
2025-05-13 08:08:45,990 [408a00a1-9245-41fc-8d00-8f9b4b0cd246-EndpointStateMachineTaskThread-/0.0.0.0:15002-0 ] INFO  volume.StorageVolumeChecker (StorageVolumeChecker.java:checkAllVolumes(215)) - Scheduled health check for volume /home/runner/work/ozone/ozone/hadoop-ozone/integration-test-s3/target/test-dir/MiniOzoneClusterImpl-51e975e3-87ca-4f9c-b22e-f289b69b5230/ozone-meta/datanode-1/ratis
2025-05-13 08:08:45,991 [408a00a1-9245-41fc-8d00-8f9b4b0cd246-EndpointStateMachineTaskThread-/0.0.0.0:15002-0 ] INFO  ozoneimpl.OzoneContainer (OzoneContainer.java:start(512)) - Attempting to start container services.
2025-05-13 08:08:45,999 [ContainerMetadataScanner] INFO  ozoneimpl.AbstractBackgroundContainerScanner (AbstractBackgroundContainerScanner.java:runIteration(89)) - Completed an iteration in 0 minutes. Number of iterations (since the data-node restart) : 1, Number of containers scanned in this iteration : 0, Number of unhealthy containers found in this iteration : 0
2025-05-13 08:08:46,002 [408a00a1-9245-41fc-8d00-8f9b4b0cd246-EndpointStateMachineTaskThread-/0.0.0.0:15002-0 ] INFO  replication.ReplicationServer (ReplicationServer.java:start(137)) - ReplicationServer is started using port 15017
2025-05-13 08:08:46,003 [ContainerDataScanner(/home/runner/work/ozone/ozone/hadoop-ozone/integration-test-s3/target/test-dir/MiniOzoneClusterImpl-51e975e3-87ca-4f9c-b22e-f289b69b5230/ozone-meta/datanode-1/data-0/hdds)] INFO  ozoneimpl.AbstractBackgroundContainerScanner (AbstractBackgroundContainerScanner.java:runIteration(89)) - Completed an iteration in 0 minutes. Number of iterations (since the data-node restart) : 1, Number of containers scanned in this iteration : 0, Number of unhealthy containers found in this iteration : 0
2025-05-13 08:08:46,004 [408a00a1-9245-41fc-8d00-8f9b4b0cd246-EndpointStateMachineTaskThread-/0.0.0.0:15002-0 ] INFO  ratis.XceiverServerRatis (XceiverServerRatis.java:start(559)) - Starting XceiverServerRatis(408a00a1-9245-41fc-8d00-8f9b4b0cd246)
2025-05-13 08:08:46,005 [408a00a1-9245-41fc-8d00-8f9b4b0cd246-EndpointStateMachineTaskThread-/0.0.0.0:15002-0 ] INFO  server.RaftServer (RaftServerProxy.java:startImpl(407)) - 408a00a1-9245-41fc-8d00-8f9b4b0cd246: start RPC server
2025-05-13 08:08:46,006 [408a00a1-9245-41fc-8d00-8f9b4b0cd246-EndpointStateMachineTaskThread-/0.0.0.0:15002-0 ] INFO  server.GrpcService (GrpcService.java:startImpl(334)) - 408a00a1-9245-41fc-8d00-8f9b4b0cd246: GrpcService started, listening on 15013
2025-05-13 08:08:46,007 [408a00a1-9245-41fc-8d00-8f9b4b0cd246-EndpointStateMachineTaskThread-/0.0.0.0:15002-0 ] INFO  server.GrpcService (GrpcService.java:startImpl(334)) - 408a00a1-9245-41fc-8d00-8f9b4b0cd246: GrpcService started, listening on 15015
2025-05-13 08:08:46,007 [408a00a1-9245-41fc-8d00-8f9b4b0cd246-EndpointStateMachineTaskThread-/0.0.0.0:15002-0 ] INFO  server.GrpcService (GrpcService.java:startImpl(334)) - 408a00a1-9245-41fc-8d00-8f9b4b0cd246: GrpcService started, listening on 15014
2025-05-13 08:08:46,008 [408a00a1-9245-41fc-8d00-8f9b4b0cd246-EndpointStateMachineTaskThread-/0.0.0.0:15002-0 ] INFO  ratis.XceiverServerRatis (XceiverServerRatis.java:getRealPort(586)) - XceiverServerRatis(408a00a1-9245-41fc-8d00-8f9b4b0cd246) is started using port RATIS=15013
2025-05-13 08:08:46,008 [408a00a1-9245-41fc-8d00-8f9b4b0cd246-EndpointStateMachineTaskThread-/0.0.0.0:15002-0 ] INFO  ratis.XceiverServerRatis (XceiverServerRatis.java:getRealPort(586)) - XceiverServerRatis(408a00a1-9245-41fc-8d00-8f9b4b0cd246) is started using port RATIS_ADMIN=15014
2025-05-13 08:08:46,008 [408a00a1-9245-41fc-8d00-8f9b4b0cd246-EndpointStateMachineTaskThread-/0.0.0.0:15002-0 ] INFO  ratis.XceiverServerRatis (XceiverServerRatis.java:getRealPort(586)) - XceiverServerRatis(408a00a1-9245-41fc-8d00-8f9b4b0cd246) is started using port RATIS_SERVER=15015
2025-05-13 08:08:46,008 [408a00a1-9245-41fc-8d00-8f9b4b0cd246-EndpointStateMachineTaskThread-/0.0.0.0:15002-0 ] INFO  ratis.XceiverServerRatis (XceiverServerRatis.java:getRealPort(586)) - XceiverServerRatis(408a00a1-9245-41fc-8d00-8f9b4b0cd246) is started using port RATIS_DATASTREAM=15016
2025-05-13 08:08:46,008 [JvmPauseMonitor3] INFO  util.JvmPauseMonitor (JvmPauseMonitor.java:run(146)) - JvmPauseMonitor-408a00a1-9245-41fc-8d00-8f9b4b0cd246: Started
2025-05-13 08:08:46,011 [408a00a1-9245-41fc-8d00-8f9b4b0cd246-BlockDeletingService#0] INFO  interfaces.ContainerDeletionChoosingPolicyTemplate (ContainerDeletionChoosingPolicyTemplate.java:chooseContainerForBlockDeletion(83)) - Chosen 0/5000 blocks from 0 candidate containers.
2025-05-13 08:08:46,081 [main] INFO  handler.ContextHandler (ContextHandler.java:doStart(921)) - Started o.e.j.w.WebAppContext@265b5f05{hddsDatanode,/,file:///home/runner/work/ozone/ozone/hadoop-ozone/integration-test-s3/target/test-dir/MiniOzoneClusterImpl-51e975e3-87ca-4f9c-b22e-f289b69b5230/ozone-meta/datanode-4/meta/webserver/jetty-0_0_0_0-15034-hdds-container-service-2_1_0-SNAPSHOT_jar-_-any-12380887524940758060/webapp/,AVAILABLE}{jar:file:/home/runner/work/ozone/ozone/hadoop-hdds/container-service/target/hdds-container-service-2.1.0-SNAPSHOT.jar!/webapps/hddsDatanode}
2025-05-13 08:08:46,082 [main] INFO  server.AbstractConnector (AbstractConnector.java:doStart(333)) - Started ServerConnector@25d44c7{HTTP/1.1, (http/1.1)}{0.0.0.0:15034}
2025-05-13 08:08:46,083 [main] INFO  server.Server (Server.java:doStart(415)) - Started @11775ms
2025-05-13 08:08:46,083 [main] WARN  impl.MetricsSystemImpl (MetricsSystemImpl.java:register(279)) - Sink prometheus already exists!
2025-05-13 08:08:46,083 [main] INFO  http.BaseHttpServer (BaseHttpServer.java:updateConnectorAddress(359)) - HTTP server of hddsDatanode listening at http://0.0.0.0:15034
2025-05-13 08:08:46,084 [main] INFO  ipc.CallQueueManager (CallQueueManager.java:<init>(93)) - Using callQueue: class java.util.concurrent.LinkedBlockingQueue, queueCapacity: 1000, scheduler: class org.apache.hadoop.ipc.DefaultRpcScheduler, ipcBackoff: false, ipcFailOver: false.
2025-05-13 08:08:46,084 [main] INFO  ipc.Server (Server.java:<init>(1438)) - Listener at 0.0.0.0:15035
2025-05-13 08:08:46,085 [Socket Reader #1 for port 15035] INFO  ipc.Server (Server.java:run(1474)) - Starting Socket Reader #1 for port 15035
2025-05-13 08:08:46,085 [Socket Reader #2 for port 15035] INFO  ipc.Server (Server.java:run(1474)) - Starting Socket Reader #2 for port 15035
2025-05-13 08:08:46,086 [Socket Reader #3 for port 15035] INFO  ipc.Server (Server.java:run(1474)) - Starting Socket Reader #3 for port 15035
2025-05-13 08:08:46,086 [Socket Reader #4 for port 15035] INFO  ipc.Server (Server.java:run(1474)) - Starting Socket Reader #4 for port 15035
2025-05-13 08:08:46,086 [Socket Reader #5 for port 15035] INFO  ipc.Server (Server.java:run(1474)) - Starting Socket Reader #5 for port 15035
2025-05-13 08:08:46,087 [Socket Reader #6 for port 15035] INFO  ipc.Server (Server.java:run(1474)) - Starting Socket Reader #6 for port 15035
2025-05-13 08:08:46,087 [Socket Reader #7 for port 15035] INFO  ipc.Server (Server.java:run(1474)) - Starting Socket Reader #7 for port 15035
2025-05-13 08:08:46,087 [Socket Reader #8 for port 15035] INFO  ipc.Server (Server.java:run(1474)) - Starting Socket Reader #8 for port 15035
2025-05-13 08:08:46,088 [Socket Reader #9 for port 15035] INFO  ipc.Server (Server.java:run(1474)) - Starting Socket Reader #9 for port 15035
2025-05-13 08:08:46,088 [Socket Reader #10 for port 15035] INFO  ipc.Server (Server.java:run(1474)) - Starting Socket Reader #10 for port 15035
2025-05-13 08:08:46,091 [main] INFO  ozone.HddsDatanodeService (HddsDatanodeService.java:start(325)) - Datanode start with admins: [runner]
2025-05-13 08:08:46,092 [main] INFO  ozone.HddsDatanodeClientProtocolServer (HddsDatanodeClientProtocolServer.java:start(76)) - RPC server for Client /0.0.0.0:15035
2025-05-13 08:08:46,092 [IPC Server Responder] INFO  ipc.Server (Server.java:run(1713)) - IPC Server Responder: starting
2025-05-13 08:08:46,092 [IPC Server listener on 15035] INFO  ipc.Server (Server.java:run(1553)) - IPC Server listener on 15035: starting
2025-05-13 08:08:46,094 [main] WARN  dropwizard3.Dm3MetricRegistriesImpl (Dm3MetricRegistriesImpl.java:addReporterRegistration(114)) - New reporters are added after registries were created. Some metrics will be missing from the reporter. Please add reporter before adding any new registry.
2025-05-13 08:08:46,094 [main] WARN  dropwizard3.Dm3MetricRegistriesImpl (Dm3MetricRegistriesImpl.java:addReporterRegistration(114)) - New reporters are added after registries were created. Some metrics will be missing from the reporter. Please add reporter before adding any new registry.
2025-05-13 08:08:46,094 [main] INFO  impl.MetricsSystemImpl (MetricsSystemImpl.java:init(158)) - HddsDatanode metrics system started (again)
2025-05-13 08:08:46,100 [0cacbd4a-5010-47a3-9155-fc9857e0e4f0-DatanodeStateMachineDaemonThread] INFO  statemachine.DatanodeStateMachine (DatanodeStateMachine.java:startStateMachineThread(340)) - Ozone container server started.
2025-05-13 08:08:46,103 [main] INFO  protocol.DatanodeDetails (DatanodeDetails.java:validateDatanodeIpAddress(199)) - Updating IP address of datanode 9d757f8d-7764-4ec4-a5e9-2e6ef5bbd552(pkrvmberfyhpb9w.internal.cloudapp.net/null) to 10.1.0.150
2025-05-13 08:08:46,103 [main] INFO  ozone.HddsDatanodeService (HddsDatanodeService.java:start(234)) - HddsDatanodeService 9d757f8d-7764-4ec4-a5e9-2e6ef5bbd552(pkrvmberfyhpb9w.internal.cloudapp.net/10.1.0.150)
2025-05-13 08:08:46,106 [main] INFO  upgrade.AbstractLayoutVersionManager (AbstractLayoutVersionManager.java:init(80)) - Initializing Layout version manager with metadata layout = HBASE_SUPPORT (version = 8), software layout = HBASE_SUPPORT (version = 8)
2025-05-13 08:08:46,107 [0cacbd4a-5010-47a3-9155-fc9857e0e4f0-DatanodeStateMachineTaskThread-0] INFO  datanode.InitDatanodeState (InitDatanodeState.java:persistContainerDatanodeDetails(139)) - DatanodeDetails is persisted to /home/runner/work/ozone/ozone/hadoop-ozone/integration-test-s3/target/test-dir/MiniOzoneClusterImpl-51e975e3-87ca-4f9c-b22e-f289b69b5230/ozone-meta/datanode-4/meta/datanode.id
2025-05-13 08:08:46,108 [main] INFO  statemachine.DatanodeStateMachine (DatanodeStateMachine.java:getEndPointTaskThreadPoolSize(298)) - Datanode State Machine Task Thread Pool size 2
2025-05-13 08:08:46,110 [main] INFO  fs.SaveSpaceUsageToFile (SaveSpaceUsageToFile.java:load(92)) - Cached usage info file /home/runner/work/ozone/ozone/hadoop-ozone/integration-test-s3/target/test-dir/MiniOzoneClusterImpl-51e975e3-87ca-4f9c-b22e-f289b69b5230/ozone-meta/datanode-5/data-0/scmUsed not found
2025-05-13 08:08:46,112 [main] INFO  volume.HddsVolume (HddsVolume.java:<init>(158)) - HddsVolume: { id=DS-018bdc5f-e786-4dd3-9698-f6ef18d6e4f4 dir=/home/runner/work/ozone/ozone/hadoop-ozone/integration-test-s3/target/test-dir/MiniOzoneClusterImpl-51e975e3-87ca-4f9c-b22e-f289b69b5230/ozone-meta/datanode-5/data-0/hdds type=DISK capacity=76879465972 used=0 available=21239611392 minFree=5368709120 committed=0 }
2025-05-13 08:08:46,113 [main] INFO  volume.MutableVolumeSet (MutableVolumeSet.java:initializeVolumeSet(166)) - Added Volume : /home/runner/work/ozone/ozone/hadoop-ozone/integration-test-s3/target/test-dir/MiniOzoneClusterImpl-51e975e3-87ca-4f9c-b22e-f289b69b5230/ozone-meta/datanode-5/data-0/hdds to VolumeSet
2025-05-13 08:08:46,114 [main] INFO  fs.SaveSpaceUsageToFile (SaveSpaceUsageToFile.java:load(92)) - Cached usage info file /home/runner/work/ozone/ozone/hadoop-ozone/integration-test-s3/target/test-dir/MiniOzoneClusterImpl-51e975e3-87ca-4f9c-b22e-f289b69b5230/ozone-meta/datanode-5/ratis/scmUsed not found
2025-05-13 08:08:46,115 [main] INFO  volume.MutableVolumeSet (MutableVolumeSet.java:initializeVolumeSet(166)) - Added Volume : /home/runner/work/ozone/ozone/hadoop-ozone/integration-test-s3/target/test-dir/MiniOzoneClusterImpl-51e975e3-87ca-4f9c-b22e-f289b69b5230/ozone-meta/datanode-5/ratis to VolumeSet
2025-05-13 08:08:46,117 [main] INFO  ozoneimpl.OzoneContainer (HddsVolumeUtil.java:loadAllHddsVolumeDbStore(102)) - Load 1 volumes DbStore cost: 0ms
2025-05-13 08:08:46,118 [main] WARN  db.DBStoreBuilder (DBStoreBuilder.java:getDBDirPath(160)) - ozone.scm.datanode.id.dir is not configured. We recommend adding this setting. Falling back to ozone.metadata.dirs instead.
2025-05-13 08:08:46,119 [main] WARN  db.DBStoreBuilder (DBStoreBuilder.java:getDBDirPath(160)) - ozone.scm.datanode.id.dir is not configured. We recommend adding this setting. Falling back to ozone.metadata.dirs instead.
2025-05-13 08:08:46,138 [main] INFO  impl.FilePerChunkStrategy (FilePerChunkStrategy.java:<init>(79)) - ozone.chunk.read.mapped.buffer.max.count is load with 0
2025-05-13 08:08:46,139 [main] INFO  impl.FilePerBlockStrategy (FilePerBlockStrategy.java:<init>(87)) - ozone.chunk.read.mapped.buffer.max.count is load with 0
2025-05-13 08:08:46,140 [main] INFO  server.RaftServerConfigKeys (ConfUtils.java:logGet(46)) - raft.server.log.appender.buffer.byte-limit = 33554432 (custom)
2025-05-13 08:08:46,142 [main] INFO  server.RaftServer (ConfUtils.java:logGet(46)) - raft.rpc.type = GRPC (default)
2025-05-13 08:08:46,142 [main] INFO  grpc.GrpcConfigKeys (ConfUtils.java:logFallback(53)) - raft.grpc.admin.host = null (fallback to raft.grpc.server.host)
2025-05-13 08:08:46,142 [main] INFO  grpc.GrpcConfigKeys (ConfUtils.java:logGet(46)) - raft.grpc.admin.port = 15046 (custom)
2025-05-13 08:08:46,142 [main] INFO  grpc.GrpcConfigKeys (ConfUtils.java:logFallback(53)) - raft.grpc.client.host = null (fallback to raft.grpc.server.host)
2025-05-13 08:08:46,142 [main] INFO  grpc.GrpcConfigKeys (ConfUtils.java:logGet(46)) - raft.grpc.client.port = 15045 (custom)
2025-05-13 08:08:46,142 [main] INFO  grpc.GrpcConfigKeys (ConfUtils.java:logGet(46)) - raft.grpc.server.host = null (default)
2025-05-13 08:08:46,142 [main] INFO  grpc.GrpcConfigKeys (ConfUtils.java:logGet(46)) - raft.grpc.server.port = 15047 (custom)
2025-05-13 08:08:46,142 [main] INFO  server.GrpcService (ConfUtils.java:logGet(46)) - raft.grpc.message.size.max = 34603008 (custom)
2025-05-13 08:08:46,143 [main] INFO  server.GrpcService (ConfUtils.java:logGet(46)) - raft.grpc.flow.control.window = 5MB (=5242880) (custom)
2025-05-13 08:08:46,143 [main] INFO  server.RaftServerConfigKeys (ConfUtils.java:logGet(46)) - raft.server.rpc.request.timeout = 60s (custom)
2025-05-13 08:08:46,143 [main] INFO  grpc.GrpcConfigKeys (ConfUtils.java:logGet(46)) - raft.grpc.server.heartbeat.channel = true (default)
2025-05-13 08:08:46,143 [main] INFO  server.RaftServerConfigKeys (ConfUtils.java:logGet(46)) - raft.server.log.appender.buffer.byte-limit = 33554432 (custom)
2025-05-13 08:08:46,143 [main] INFO  grpc.GrpcConfigKeys (ConfUtils.java:logGet(46)) - raft.grpc.server.async.request.thread.pool.cached = true (default)
2025-05-13 08:08:46,143 [main] INFO  grpc.GrpcConfigKeys (ConfUtils.java:logGet(46)) - raft.grpc.server.async.request.thread.pool.size = 32 (default)
2025-05-13 08:08:46,145 [main] INFO  impl.DataStreamServerImpl (ConfUtils.java:logGet(46)) - raft.datastream.type = NETTY (custom)
2025-05-13 08:08:46,146 [main] INFO  server.RaftServerConfigKeys (ConfUtils.java:logGet(46)) - raft.server.data-stream.async.request.thread.pool.cached = false (default)
2025-05-13 08:08:46,146 [main] INFO  server.RaftServerConfigKeys (ConfUtils.java:logGet(46)) - raft.server.data-stream.async.request.thread.pool.size = 20 (custom)
2025-05-13 08:08:46,146 [main] INFO  server.RaftServerConfigKeys (ConfUtils.java:logGet(46)) - raft.server.data-stream.async.write.thread.pool.size = 16 (default)
2025-05-13 08:08:46,146 [main] INFO  netty.NettyConfigKeys$DataStream (ConfUtils.java:logGet(46)) - raft.netty.dataStream.server.channel.inactive.grace-period = 10min (default)
2025-05-13 08:08:46,146 [main] INFO  server.RaftServerConfigKeys (ConfUtils.java:logGet(46)) - raft.server.data-stream.client.pool.size = 10 (default)
2025-05-13 08:08:46,146 [main] INFO  netty.NettyConfigKeys$DataStream (ConfUtils.java:logGet(46)) - raft.netty.dataStream.server.use-epoll = true (default)
2025-05-13 08:08:46,147 [main] INFO  netty.NettyConfigKeys$DataStream (ConfUtils.java:logGet(46)) - raft.netty.dataStream.server.boss-group.size = 0 (default)
2025-05-13 08:08:46,147 [main] INFO  netty.NettyUtils (NettyUtils.java:newEventLoopGroup(74)) - Create EpollEventLoopGroup for 9d757f8d-7764-4ec4-a5e9-2e6ef5bbd552-NettyServerStreamRpc-bossGroup; Thread size is 0.
2025-05-13 08:08:46,147 [main] INFO  netty.NettyConfigKeys$DataStream (ConfUtils.java:logGet(46)) - raft.netty.dataStream.server.worker-group.size = 0 (default)
2025-05-13 08:08:46,147 [main] INFO  netty.NettyUtils (NettyUtils.java:newEventLoopGroup(74)) - Create EpollEventLoopGroup for 9d757f8d-7764-4ec4-a5e9-2e6ef5bbd552-NettyServerStreamRpc-workerGroup; Thread size is 0.
2025-05-13 08:08:46,148 [main] INFO  netty.NettyConfigKeys$DataStream (ConfUtils.java:logGet(46)) - raft.netty.dataStream.server.tls.conf = null (default)
2025-05-13 08:08:46,148 [main] INFO  netty.NettyConfigKeys$DataStream (ConfUtils.java:logGet(46)) - raft.netty.dataStream.host = null (default)
2025-05-13 08:08:46,148 [main] INFO  netty.NettyConfigKeys$DataStream (ConfUtils.java:logGet(46)) - raft.netty.dataStream.port = 15048 (custom)
2025-05-13 08:08:46,149 [main] INFO  server.RaftServerConfigKeys (ConfUtils.java:logGet(46)) - raft.server.sleep.deviation.threshold = 300ms (default)
2025-05-13 08:08:46,149 [main] INFO  server.RaftServerConfigKeys (ConfUtils.java:logGet(46)) - raft.server.close.threshold = 60s (default)
2025-05-13 08:08:46,149 [main] INFO  server.RaftServerConfigKeys (ConfUtils.java:logGet(46)) - raft.server.leaderelection.leader.step-down.wait-time = 10s (default)
2025-05-13 08:08:46,150 [main] INFO  server.RaftServerConfigKeys (ConfUtils.java:logGet(46)) - raft.server.storage.dir = [/home/runner/work/ozone/ozone/hadoop-ozone/integration-test-s3/target/test-dir/MiniOzoneClusterImpl-51e975e3-87ca-4f9c-b22e-f289b69b5230/ozone-meta/datanode-5/ratis] (custom)
2025-05-13 08:08:46,150 [main] INFO  server.RaftServerConfigKeys (ConfUtils.java:logGet(46)) - raft.server.threadpool.proxy.cached = true (default)
2025-05-13 08:08:46,149 [9d757f8d-7764-4ec4-a5e9-2e6ef5bbd552-NettyServerStreamRpc-bossGroup--thread1] INFO  logging.LoggingHandler (AbstractInternalLogger.java:log(148)) - [id: 0xc5718ca4] REGISTERED
2025-05-13 08:08:46,150 [9d757f8d-7764-4ec4-a5e9-2e6ef5bbd552-NettyServerStreamRpc-bossGroup--thread1] INFO  logging.LoggingHandler (AbstractInternalLogger.java:log(148)) - [id: 0xc5718ca4] BIND: 0.0.0.0/0.0.0.0:15048
2025-05-13 08:08:46,150 [9d757f8d-7764-4ec4-a5e9-2e6ef5bbd552-NettyServerStreamRpc-bossGroup--thread1] INFO  logging.LoggingHandler (AbstractInternalLogger.java:log(148)) - [id: 0xc5718ca4, L:/0.0.0.0:15048] ACTIVE
2025-05-13 08:08:46,150 [main] INFO  server.RaftServerConfigKeys (ConfUtils.java:logGet(46)) - raft.server.threadpool.proxy.size = 0 (default)
2025-05-13 08:08:46,151 [9d757f8d-7764-4ec4-a5e9-2e6ef5bbd552-impl-thread1] INFO  server.RaftServer (RaftServerProxy.java:initGroupDir(265)) - 9d757f8d-7764-4ec4-a5e9-2e6ef5bbd552: found a subdirectory /home/runner/work/ozone/ozone/hadoop-ozone/integration-test-s3/target/test-dir/MiniOzoneClusterImpl-51e975e3-87ca-4f9c-b22e-f289b69b5230/ozone-meta/datanode-5/ratis/tmp
2025-05-13 08:08:46,151 [9d757f8d-7764-4ec4-a5e9-2e6ef5bbd552-impl-thread1] INFO  server.RaftServer (RaftServerProxy.java:initGroupDir(270)) - 9d757f8d-7764-4ec4-a5e9-2e6ef5bbd552: The directory /home/runner/work/ozone/ozone/hadoop-ozone/integration-test-s3/target/test-dir/MiniOzoneClusterImpl-51e975e3-87ca-4f9c-b22e-f289b69b5230/ozone-meta/datanode-5/ratis/tmp is not a group directory; ignoring it. 
2025-05-13 08:08:46,151 [main] INFO  replication.ReplicationServer (ReplicationServer.java:<init>(84)) - Initializing replication server with thread count = 10 queue length = 4096
2025-05-13 08:08:46,152 [d9a075f3-fd90-436c-93e2-379adbc01ef0-EndpointStateMachineTaskThread-/0.0.0.0:15002-0 ] INFO  utils.DatanodeStoreCache (DatanodeStoreCache.java:addDB(70)) - Added db /home/runner/work/ozone/ozone/hadoop-ozone/integration-test-s3/target/test-dir/MiniOzoneClusterImpl-51e975e3-87ca-4f9c-b22e-f289b69b5230/ozone-meta/datanode-2/data-0/hdds/51e975e3-87ca-4f9c-b22e-f289b69b5230/DS-89f54833-eab1-456f-948b-f323244e68f4/container.db to cache
2025-05-13 08:08:46,153 [d9a075f3-fd90-436c-93e2-379adbc01ef0-EndpointStateMachineTaskThread-/0.0.0.0:15002-0 ] INFO  volume.HddsVolume (HddsVolume.java:createDbStore(510)) - SchemaV3 db is created and loaded at /home/runner/work/ozone/ozone/hadoop-ozone/integration-test-s3/target/test-dir/MiniOzoneClusterImpl-51e975e3-87ca-4f9c-b22e-f289b69b5230/ozone-meta/datanode-2/data-0/hdds/51e975e3-87ca-4f9c-b22e-f289b69b5230/DS-89f54833-eab1-456f-948b-f323244e68f4/container.db for volume DS-89f54833-eab1-456f-948b-f323244e68f4
2025-05-13 08:08:46,153 [main] INFO  server.XceiverServerGrpc (XceiverServerGrpc.java:<init>(131)) - GrpcServer channel type EpollServerSocketChannel
2025-05-13 08:08:46,157 [main] INFO  replication.ReplicationSupervisor (ReplicationSupervisor.java:build(169)) - Initializing replication supervisor with thread count = 10
2025-05-13 08:08:46,158 [main] INFO  replication.ReplicationSupervisor (ReplicationSupervisor.java:nodeStateUpdated(358)) - Node state updated to IN_SERVICE, scaling executor pool size to 10
2025-05-13 08:08:46,160 [d9a075f3-fd90-436c-93e2-379adbc01ef0-ContainerReader-0] INFO  ozoneimpl.ContainerReader (ContainerReader.java:readVolume(144)) - Start to verify containers on volume /home/runner/work/ozone/ozone/hadoop-ozone/integration-test-s3/target/test-dir/MiniOzoneClusterImpl-51e975e3-87ca-4f9c-b22e-f289b69b5230/ozone-meta/datanode-2/data-0/hdds
2025-05-13 08:08:46,160 [d9a075f3-fd90-436c-93e2-379adbc01ef0-ContainerReader-0] INFO  ozoneimpl.ContainerReader (ContainerReader.java:readVolume(174)) - Finish verifying containers on volume /home/runner/work/ozone/ozone/hadoop-ozone/integration-test-s3/target/test-dir/MiniOzoneClusterImpl-51e975e3-87ca-4f9c-b22e-f289b69b5230/ozone-meta/datanode-2/data-0/hdds
2025-05-13 08:08:46,160 [d9a075f3-fd90-436c-93e2-379adbc01ef0-EndpointStateMachineTaskThread-/0.0.0.0:15002-0 ] INFO  ozoneimpl.OzoneContainer (OzoneContainer.java:buildContainerSet(364)) - Build ContainerSet costs 0s
2025-05-13 08:08:46,162 [d9a075f3-fd90-436c-93e2-379adbc01ef0-EndpointStateMachineTaskThread-/0.0.0.0:15002-0 ] INFO  volume.ThrottledAsyncChecker (ThrottledAsyncChecker.java:schedule(138)) - Scheduling a check for /home/runner/work/ozone/ozone/hadoop-ozone/integration-test-s3/target/test-dir/MiniOzoneClusterImpl-51e975e3-87ca-4f9c-b22e-f289b69b5230/ozone-meta/datanode-2/data-0/hdds
2025-05-13 08:08:46,164 [d9a075f3-fd90-436c-93e2-379adbc01ef0-EndpointStateMachineTaskThread-/0.0.0.0:15002-0 ] INFO  volume.StorageVolumeChecker (StorageVolumeChecker.java:checkAllVolumes(215)) - Scheduled health check for volume /home/runner/work/ozone/ozone/hadoop-ozone/integration-test-s3/target/test-dir/MiniOzoneClusterImpl-51e975e3-87ca-4f9c-b22e-f289b69b5230/ozone-meta/datanode-2/data-0/hdds
2025-05-13 08:08:46,164 [main] INFO  http.BaseHttpServer (BaseHttpServer.java:newHttpServer2BuilderForOzone(229)) - Starting Web-server for hddsDatanode at: http://0.0.0.0:15042
2025-05-13 08:08:46,164 [main] INFO  http.BaseHttpServer (BaseHttpServer.java:<init>(107)) - Hadoop Security Enabled: false Ozone Security Enabled: false Ozone HTTP Security Enabled: false 
2025-05-13 08:08:46,167 [main] WARN  server.AuthenticationFilter (AuthenticationFilter.java:constructSecretProvider(240)) - Unable to initialize FileSignerSecretProvider, falling back to use random secrets. Reason: Could not read signature secret file: /home/runner/hadoop-http-auth-signature-secret
2025-05-13 08:08:46,169 [d9a075f3-fd90-436c-93e2-379adbc01ef0-EndpointStateMachineTaskThread-/0.0.0.0:15002-0 ] INFO  volume.ThrottledAsyncChecker (ThrottledAsyncChecker.java:schedule(138)) - Scheduling a check for /home/runner/work/ozone/ozone/hadoop-ozone/integration-test-s3/target/test-dir/MiniOzoneClusterImpl-51e975e3-87ca-4f9c-b22e-f289b69b5230/ozone-meta/datanode-2/ratis
2025-05-13 08:08:46,169 [d9a075f3-fd90-436c-93e2-379adbc01ef0-EndpointStateMachineTaskThread-/0.0.0.0:15002-0 ] INFO  volume.StorageVolumeChecker (StorageVolumeChecker.java:checkAllVolumes(215)) - Scheduled health check for volume /home/runner/work/ozone/ozone/hadoop-ozone/integration-test-s3/target/test-dir/MiniOzoneClusterImpl-51e975e3-87ca-4f9c-b22e-f289b69b5230/ozone-meta/datanode-2/ratis
2025-05-13 08:08:46,171 [d9a075f3-fd90-436c-93e2-379adbc01ef0-EndpointStateMachineTaskThread-/0.0.0.0:15002-0 ] INFO  ozoneimpl.OzoneContainer (OzoneContainer.java:start(512)) - Attempting to start container services.
2025-05-13 08:08:46,172 [d9a075f3-fd90-436c-93e2-379adbc01ef0-EndpointStateMachineTaskThread-/0.0.0.0:15002-0 ] WARN  ozoneimpl.OnDemandContainerDataScanner (OnDemandContainerDataScanner.java:init(74)) - Trying to initialize on demand scanner a second time on a datanode.
2025-05-13 08:08:46,172 [main] INFO  http.HttpServer2 (HttpServer2.java:addGlobalFilter(1042)) - Added global filter 'safety' (class=org.apache.hadoop.hdds.server.http.HttpServer2$QuotingInputFilter)
2025-05-13 08:08:46,173 [ContainerMetadataScanner] INFO  ozoneimpl.AbstractBackgroundContainerScanner (AbstractBackgroundContainerScanner.java:runIteration(89)) - Completed an iteration in 0 minutes. Number of iterations (since the data-node restart) : 1, Number of containers scanned in this iteration : 0, Number of unhealthy containers found in this iteration : 0
2025-05-13 08:08:46,173 [main] INFO  http.HttpServer2 (HttpServer2.java:addFilter(1018)) - Added filter static_user_filter (class=org.apache.hadoop.http.lib.StaticUserWebFilter$StaticUserFilter) to context hddsDatanode
2025-05-13 08:08:46,173 [main] INFO  http.HttpServer2 (HttpServer2.java:addFilter(1026)) - Added filter static_user_filter (class=org.apache.hadoop.http.lib.StaticUserWebFilter$StaticUserFilter) to context static
2025-05-13 08:08:46,173 [main] INFO  http.HttpServer2 (HttpServer2.java:addFilter(1026)) - Added filter static_user_filter (class=org.apache.hadoop.http.lib.StaticUserWebFilter$StaticUserFilter) to context logs
2025-05-13 08:08:46,174 [main] INFO  http.BaseHttpServer (BaseHttpServer.java:<init>(195)) - HTTP server of hddsDatanode uses base directory /home/runner/work/ozone/ozone/hadoop-ozone/integration-test-s3/target/test-dir/MiniOzoneClusterImpl-51e975e3-87ca-4f9c-b22e-f289b69b5230/ozone-meta/datanode-5/meta/webserver
2025-05-13 08:08:46,175 [ContainerDataScanner(/home/runner/work/ozone/ozone/hadoop-ozone/integration-test-s3/target/test-dir/MiniOzoneClusterImpl-51e975e3-87ca-4f9c-b22e-f289b69b5230/ozone-meta/datanode-2/data-0/hdds)] INFO  ozoneimpl.AbstractBackgroundContainerScanner (AbstractBackgroundContainerScanner.java:runIteration(89)) - Completed an iteration in 0 minutes. Number of iterations (since the data-node restart) : 1, Number of containers scanned in this iteration : 0, Number of unhealthy containers found in this iteration : 0
2025-05-13 08:08:46,175 [main] INFO  http.HttpServer2 (HttpServer2.java:bindListener(1242)) - Jetty bound to port 15042
2025-05-13 08:08:46,176 [d9a075f3-fd90-436c-93e2-379adbc01ef0-EndpointStateMachineTaskThread-/0.0.0.0:15002-0 ] INFO  replication.ReplicationServer (ReplicationServer.java:start(137)) - ReplicationServer is started using port 15025
2025-05-13 08:08:46,176 [main] INFO  server.Server (Server.java:doStart(375)) - jetty-9.4.57.v20241219; built: 2025-01-08T21:24:30.412Z; git: df524e6b29271c2e09ba9aea83c18dc9db464a31; jvm 21.0.7+6-LTS
2025-05-13 08:08:46,176 [d9a075f3-fd90-436c-93e2-379adbc01ef0-EndpointStateMachineTaskThread-/0.0.0.0:15002-0 ] INFO  ratis.XceiverServerRatis (XceiverServerRatis.java:start(559)) - Starting XceiverServerRatis(d9a075f3-fd90-436c-93e2-379adbc01ef0)
2025-05-13 08:08:46,179 [d9a075f3-fd90-436c-93e2-379adbc01ef0-EndpointStateMachineTaskThread-/0.0.0.0:15002-0 ] INFO  server.RaftServer (RaftServerProxy.java:startImpl(407)) - d9a075f3-fd90-436c-93e2-379adbc01ef0: start RPC server
2025-05-13 08:08:46,180 [d9a075f3-fd90-436c-93e2-379adbc01ef0-EndpointStateMachineTaskThread-/0.0.0.0:15002-0 ] INFO  server.GrpcService (GrpcService.java:startImpl(334)) - d9a075f3-fd90-436c-93e2-379adbc01ef0: GrpcService started, listening on 15021
2025-05-13 08:08:46,181 [main] INFO  server.session (DefaultSessionIdManager.java:doStart(334)) - DefaultSessionIdManager workerName=node0
2025-05-13 08:08:46,181 [main] INFO  server.session (DefaultSessionIdManager.java:doStart(339)) - No SessionScavenger set, using defaults
2025-05-13 08:08:46,181 [main] INFO  server.session (HouseKeeper.java:startScavenging(132)) - node0 Scavenging every 600000ms
2025-05-13 08:08:46,182 [d9a075f3-fd90-436c-93e2-379adbc01ef0-EndpointStateMachineTaskThread-/0.0.0.0:15002-0 ] INFO  server.GrpcService (GrpcService.java:startImpl(334)) - d9a075f3-fd90-436c-93e2-379adbc01ef0: GrpcService started, listening on 15023
2025-05-13 08:08:46,182 [d9a075f3-fd90-436c-93e2-379adbc01ef0-EndpointStateMachineTaskThread-/0.0.0.0:15002-0 ] INFO  server.GrpcService (GrpcService.java:startImpl(334)) - d9a075f3-fd90-436c-93e2-379adbc01ef0: GrpcService started, listening on 15022
2025-05-13 08:08:46,183 [d9a075f3-fd90-436c-93e2-379adbc01ef0-EndpointStateMachineTaskThread-/0.0.0.0:15002-0 ] INFO  ratis.XceiverServerRatis (XceiverServerRatis.java:getRealPort(586)) - XceiverServerRatis(d9a075f3-fd90-436c-93e2-379adbc01ef0) is started using port RATIS=15021
2025-05-13 08:08:46,183 [d9a075f3-fd90-436c-93e2-379adbc01ef0-EndpointStateMachineTaskThread-/0.0.0.0:15002-0 ] INFO  ratis.XceiverServerRatis (XceiverServerRatis.java:getRealPort(586)) - XceiverServerRatis(d9a075f3-fd90-436c-93e2-379adbc01ef0) is started using port RATIS_ADMIN=15022
2025-05-13 08:08:46,183 [d9a075f3-fd90-436c-93e2-379adbc01ef0-EndpointStateMachineTaskThread-/0.0.0.0:15002-0 ] INFO  ratis.XceiverServerRatis (XceiverServerRatis.java:getRealPort(586)) - XceiverServerRatis(d9a075f3-fd90-436c-93e2-379adbc01ef0) is started using port RATIS_SERVER=15023
2025-05-13 08:08:46,183 [JvmPauseMonitor4] INFO  util.JvmPauseMonitor (JvmPauseMonitor.java:run(146)) - JvmPauseMonitor-d9a075f3-fd90-436c-93e2-379adbc01ef0: Started
2025-05-13 08:08:46,183 [main] INFO  handler.ContextHandler (ContextHandler.java:doStart(921)) - Started o.e.j.s.ServletContextHandler@a26daf9{logs,/logs,file:///home/runner/work/ozone/ozone/hadoop-ozone/integration-test-s3/target/log,AVAILABLE}
2025-05-13 08:08:46,183 [d9a075f3-fd90-436c-93e2-379adbc01ef0-EndpointStateMachineTaskThread-/0.0.0.0:15002-0 ] INFO  ratis.XceiverServerRatis (XceiverServerRatis.java:getRealPort(586)) - XceiverServerRatis(d9a075f3-fd90-436c-93e2-379adbc01ef0) is started using port RATIS_DATASTREAM=15024
2025-05-13 08:08:46,184 [main] INFO  handler.ContextHandler (ContextHandler.java:doStart(921)) - Started o.e.j.s.ServletContextHandler@7ce069de{static,/static,jar:file:/home/runner/work/ozone/ozone/hadoop-hdds/container-service/target/hdds-container-service-2.1.0-SNAPSHOT.jar!/webapps/static,AVAILABLE}
2025-05-13 08:08:46,189 [d9a075f3-fd90-436c-93e2-379adbc01ef0-BlockDeletingService#0] INFO  interfaces.ContainerDeletionChoosingPolicyTemplate (ContainerDeletionChoosingPolicyTemplate.java:chooseContainerForBlockDeletion(83)) - Chosen 0/5000 blocks from 0 candidate containers.
2025-05-13 08:08:46,322 [main] INFO  handler.ContextHandler (ContextHandler.java:doStart(921)) - Started o.e.j.w.WebAppContext@6580f76c{hddsDatanode,/,file:///home/runner/work/ozone/ozone/hadoop-ozone/integration-test-s3/target/test-dir/MiniOzoneClusterImpl-51e975e3-87ca-4f9c-b22e-f289b69b5230/ozone-meta/datanode-5/meta/webserver/jetty-0_0_0_0-15042-hdds-container-service-2_1_0-SNAPSHOT_jar-_-any-3380585409352612654/webapp/,AVAILABLE}{jar:file:/home/runner/work/ozone/ozone/hadoop-hdds/container-service/target/hdds-container-service-2.1.0-SNAPSHOT.jar!/webapps/hddsDatanode}
2025-05-13 08:08:46,323 [main] INFO  server.AbstractConnector (AbstractConnector.java:doStart(333)) - Started ServerConnector@72416c9a{HTTP/1.1, (http/1.1)}{0.0.0.0:15042}
2025-05-13 08:08:46,323 [main] INFO  server.Server (Server.java:doStart(415)) - Started @12016ms
2025-05-13 08:08:46,323 [main] WARN  impl.MetricsSystemImpl (MetricsSystemImpl.java:register(279)) - Sink prometheus already exists!
2025-05-13 08:08:46,324 [main] INFO  http.BaseHttpServer (BaseHttpServer.java:updateConnectorAddress(359)) - HTTP server of hddsDatanode listening at http://0.0.0.0:15042
2025-05-13 08:08:46,324 [main] INFO  ipc.CallQueueManager (CallQueueManager.java:<init>(93)) - Using callQueue: class java.util.concurrent.LinkedBlockingQueue, queueCapacity: 1000, scheduler: class org.apache.hadoop.ipc.DefaultRpcScheduler, ipcBackoff: false, ipcFailOver: false.
2025-05-13 08:08:46,325 [main] INFO  ipc.Server (Server.java:<init>(1438)) - Listener at 0.0.0.0:15043
2025-05-13 08:08:46,325 [Socket Reader #1 for port 15043] INFO  ipc.Server (Server.java:run(1474)) - Starting Socket Reader #1 for port 15043
2025-05-13 08:08:46,325 [Socket Reader #2 for port 15043] INFO  ipc.Server (Server.java:run(1474)) - Starting Socket Reader #2 for port 15043
2025-05-13 08:08:46,326 [Socket Reader #3 for port 15043] INFO  ipc.Server (Server.java:run(1474)) - Starting Socket Reader #3 for port 15043
2025-05-13 08:08:46,326 [Socket Reader #4 for port 15043] INFO  ipc.Server (Server.java:run(1474)) - Starting Socket Reader #4 for port 15043
2025-05-13 08:08:46,326 [Socket Reader #5 for port 15043] INFO  ipc.Server (Server.java:run(1474)) - Starting Socket Reader #5 for port 15043
2025-05-13 08:08:46,327 [Socket Reader #6 for port 15043] INFO  ipc.Server (Server.java:run(1474)) - Starting Socket Reader #6 for port 15043
2025-05-13 08:08:46,327 [Socket Reader #7 for port 15043] INFO  ipc.Server (Server.java:run(1474)) - Starting Socket Reader #7 for port 15043
2025-05-13 08:08:46,327 [Socket Reader #8 for port 15043] INFO  ipc.Server (Server.java:run(1474)) - Starting Socket Reader #8 for port 15043
2025-05-13 08:08:46,327 [Socket Reader #9 for port 15043] INFO  ipc.Server (Server.java:run(1474)) - Starting Socket Reader #9 for port 15043
2025-05-13 08:08:46,327 [Socket Reader #10 for port 15043] INFO  ipc.Server (Server.java:run(1474)) - Starting Socket Reader #10 for port 15043
2025-05-13 08:08:46,329 [main] INFO  ozone.HddsDatanodeService (HddsDatanodeService.java:start(325)) - Datanode start with admins: [runner]
2025-05-13 08:08:46,330 [main] INFO  ozone.HddsDatanodeClientProtocolServer (HddsDatanodeClientProtocolServer.java:start(76)) - RPC server for Client /0.0.0.0:15043
2025-05-13 08:08:46,330 [IPC Server Responder] INFO  ipc.Server (Server.java:run(1713)) - IPC Server Responder: starting
2025-05-13 08:08:46,330 [IPC Server listener on 15043] INFO  ipc.Server (Server.java:run(1553)) - IPC Server listener on 15043: starting
2025-05-13 08:08:46,333 [9d757f8d-7764-4ec4-a5e9-2e6ef5bbd552-DatanodeStateMachineDaemonThread] INFO  statemachine.DatanodeStateMachine (DatanodeStateMachine.java:startStateMachineThread(340)) - Ozone container server started.
2025-05-13 08:08:46,339 [9d757f8d-7764-4ec4-a5e9-2e6ef5bbd552-DatanodeStateMachineTaskThread-0] INFO  datanode.InitDatanodeState (InitDatanodeState.java:persistContainerDatanodeDetails(139)) - DatanodeDetails is persisted to /home/runner/work/ozone/ozone/hadoop-ozone/integration-test-s3/target/test-dir/MiniOzoneClusterImpl-51e975e3-87ca-4f9c-b22e-f289b69b5230/ozone-meta/datanode-5/meta/datanode.id
2025-05-13 08:08:46,356 [IPC Server handler 1 on default port 15002] INFO  net.NetworkTopologyImpl (NetworkTopologyImpl.java:add(133)) - Added a new node: /default-rack/408a00a1-9245-41fc-8d00-8f9b4b0cd246
2025-05-13 08:08:46,358 [IPC Server handler 1 on default port 15002] INFO  node.SCMNodeManager (SCMNodeManager.java:register(426)) - Registered datanode: 408a00a1-9245-41fc-8d00-8f9b4b0cd246{ip: 127.0.0.1, host: localhost, ports: [HTTP=15010, CLIENT_RPC=15011, REPLICATION=15017, RATIS=15013, RATIS_ADMIN=15014, RATIS_SERVER=15015, RATIS_DATASTREAM=15016, STANDALONE=15012], networkLocation: /default-rack, certSerialId: null, persistedOpState: null, persistedOpStateExpiryEpochSec: 0}
2025-05-13 08:08:46,360 [EventQueue-NewNodeForNewNodeHandler] INFO  pipeline.BackgroundPipelineCreator (BackgroundPipelineCreator.java:notifyEventTriggered(290)) - trigger a one-shot run on RatisPipelineUtilsThread.
2025-05-13 08:08:46,361 [EventQueue-NodeRegistrationContainerReportForDataNodeSafeModeRule] INFO  safemode.SCMSafeModeManager (DataNodeSafeModeRule.java:process(79)) - SCM in safe mode. 1 DataNodes registered, 3 required.
2025-05-13 08:08:46,362 [EventQueue-PipelineReportForOneReplicaPipelineSafeModeRule] INFO  safemode.SCMSafeModeManager (SCMSafeModeManager.java:validateSafeModeExitRules(140)) - AtleastOneDatanodeReportedRule rule is successfully validated
2025-05-13 08:08:46,363 [main] INFO  http.BaseHttpServer (BaseHttpServer.java:newHttpServer2BuilderForOzone(229)) - Starting Web-server for s3gateway at: http://0.0.0.0:15050
2025-05-13 08:08:46,363 [main] INFO  http.BaseHttpServer (BaseHttpServer.java:<init>(107)) - Hadoop Security Enabled: false Ozone Security Enabled: false Ozone HTTP Security Enabled: false 
2025-05-13 08:08:46,365 [EventQueue-ContainerRegistrationReportForRatisContainerSafeModeRule] INFO  safemode.SCMSafeModeManager (SCMSafeModeManager.java:validateSafeModeExitRules(140)) - RatisContainerSafeModeRule rule is successfully validated
2025-05-13 08:08:46,365 [EventQueue-ContainerRegistrationReportForECContainerSafeModeRule] INFO  safemode.SCMSafeModeManager (SCMSafeModeManager.java:validateSafeModeExitRules(140)) - ECContainerSafeModeRule rule is successfully validated
2025-05-13 08:08:46,365 [main] WARN  server.AuthenticationFilter (AuthenticationFilter.java:constructSecretProvider(240)) - Unable to initialize FileSignerSecretProvider, falling back to use random secrets. Reason: Could not read signature secret file: /home/runner/hadoop-http-auth-signature-secret
2025-05-13 08:08:46,368 [main] INFO  http.HttpServer2 (HttpServer2.java:addGlobalFilter(1042)) - Added global filter 'safety' (class=org.apache.hadoop.hdds.server.http.HttpServer2$QuotingInputFilter)
2025-05-13 08:08:46,369 [main] INFO  http.HttpServer2 (HttpServer2.java:addFilter(1018)) - Added filter static_user_filter (class=org.apache.hadoop.http.lib.StaticUserWebFilter$StaticUserFilter) to context s3gateway
2025-05-13 08:08:46,369 [RatisPipelineUtilsThread-0] INFO  pipeline.RatisPipelineProvider (RatisPipelineProvider.java:lambda$create$0(208)) - Sending CreatePipelineCommand for pipeline:PipelineID=33d055a4-c1d5-4f25-92f0-df169f23f538 to datanode:408a00a1-9245-41fc-8d00-8f9b4b0cd246(localhost/127.0.0.1)
2025-05-13 08:08:46,369 [main] INFO  http.BaseHttpServer (BaseHttpServer.java:<init>(195)) - HTTP server of s3gateway uses base directory /home/runner/work/ozone/ozone/hadoop-ozone/integration-test-s3/ozone_http_tmp_base_dir17730327578942028961
2025-05-13 08:08:46,370 [main] INFO  http.BaseHttpServer (BaseHttpServer.java:newHttpServer2BuilderForOzone(229)) - Starting Web-server for s3g-web at: http://0.0.0.0:19878
2025-05-13 08:08:46,370 [main] INFO  http.BaseHttpServer (BaseHttpServer.java:<init>(107)) - Hadoop Security Enabled: false Ozone Security Enabled: false Ozone HTTP Security Enabled: false 
2025-05-13 08:08:46,372 [main] WARN  server.AuthenticationFilter (AuthenticationFilter.java:constructSecretProvider(240)) - Unable to initialize FileSignerSecretProvider, falling back to use random secrets. Reason: Could not read signature secret file: /home/runner/hadoop-http-auth-signature-secret
2025-05-13 08:08:46,376 [main] INFO  http.HttpServer2 (HttpServer2.java:addGlobalFilter(1042)) - Added global filter 'safety' (class=org.apache.hadoop.hdds.server.http.HttpServer2$QuotingInputFilter)
2025-05-13 08:08:46,377 [main] INFO  http.HttpServer2 (HttpServer2.java:addFilter(1018)) - Added filter static_user_filter (class=org.apache.hadoop.http.lib.StaticUserWebFilter$StaticUserFilter) to context s3g-web
2025-05-13 08:08:46,378 [main] INFO  http.HttpServer2 (HttpServer2.java:addFilter(1026)) - Added filter static_user_filter (class=org.apache.hadoop.http.lib.StaticUserWebFilter$StaticUserFilter) to context logs
2025-05-13 08:08:46,378 [main] INFO  http.HttpServer2 (HttpServer2.java:addFilter(1026)) - Added filter static_user_filter (class=org.apache.hadoop.http.lib.StaticUserWebFilter$StaticUserFilter) to context static
2025-05-13 08:08:46,379 [main] INFO  http.BaseHttpServer (BaseHttpServer.java:<init>(195)) - HTTP server of s3g-web uses base directory /home/runner/work/ozone/ozone/hadoop-ozone/integration-test-s3/ozone_http_tmp_base_dir17730327578942028961
2025-05-13 08:08:46,387 [4fab203c-b5a4-47f8-9680-c8b7d06953a5-EndpointStateMachineTaskThread-/0.0.0.0:15002-0 ] INFO  utils.DatanodeStoreCache (DatanodeStoreCache.java:addDB(70)) - Added db /home/runner/work/ozone/ozone/hadoop-ozone/integration-test-s3/target/test-dir/MiniOzoneClusterImpl-51e975e3-87ca-4f9c-b22e-f289b69b5230/ozone-meta/datanode-3/data-0/hdds/51e975e3-87ca-4f9c-b22e-f289b69b5230/DS-b488a424-80f7-407c-a4ff-f25c04823479/container.db to cache
2025-05-13 08:08:46,388 [4fab203c-b5a4-47f8-9680-c8b7d06953a5-EndpointStateMachineTaskThread-/0.0.0.0:15002-0 ] INFO  volume.HddsVolume (HddsVolume.java:createDbStore(510)) - SchemaV3 db is created and loaded at /home/runner/work/ozone/ozone/hadoop-ozone/integration-test-s3/target/test-dir/MiniOzoneClusterImpl-51e975e3-87ca-4f9c-b22e-f289b69b5230/ozone-meta/datanode-3/data-0/hdds/51e975e3-87ca-4f9c-b22e-f289b69b5230/DS-b488a424-80f7-407c-a4ff-f25c04823479/container.db for volume DS-b488a424-80f7-407c-a4ff-f25c04823479
2025-05-13 08:08:46,394 [4fab203c-b5a4-47f8-9680-c8b7d06953a5-ContainerReader-0] INFO  ozoneimpl.ContainerReader (ContainerReader.java:readVolume(144)) - Start to verify containers on volume /home/runner/work/ozone/ozone/hadoop-ozone/integration-test-s3/target/test-dir/MiniOzoneClusterImpl-51e975e3-87ca-4f9c-b22e-f289b69b5230/ozone-meta/datanode-3/data-0/hdds
2025-05-13 08:08:46,394 [4fab203c-b5a4-47f8-9680-c8b7d06953a5-ContainerReader-0] INFO  ozoneimpl.ContainerReader (ContainerReader.java:readVolume(174)) - Finish verifying containers on volume /home/runner/work/ozone/ozone/hadoop-ozone/integration-test-s3/target/test-dir/MiniOzoneClusterImpl-51e975e3-87ca-4f9c-b22e-f289b69b5230/ozone-meta/datanode-3/data-0/hdds
2025-05-13 08:08:46,395 [4fab203c-b5a4-47f8-9680-c8b7d06953a5-EndpointStateMachineTaskThread-/0.0.0.0:15002-0 ] INFO  ozoneimpl.OzoneContainer (OzoneContainer.java:buildContainerSet(364)) - Build ContainerSet costs 0s
2025-05-13 08:08:46,397 [4fab203c-b5a4-47f8-9680-c8b7d06953a5-EndpointStateMachineTaskThread-/0.0.0.0:15002-0 ] INFO  volume.ThrottledAsyncChecker (ThrottledAsyncChecker.java:schedule(138)) - Scheduling a check for /home/runner/work/ozone/ozone/hadoop-ozone/integration-test-s3/target/test-dir/MiniOzoneClusterImpl-51e975e3-87ca-4f9c-b22e-f289b69b5230/ozone-meta/datanode-3/data-0/hdds
2025-05-13 08:08:46,400 [4fab203c-b5a4-47f8-9680-c8b7d06953a5-EndpointStateMachineTaskThread-/0.0.0.0:15002-0 ] INFO  volume.StorageVolumeChecker (StorageVolumeChecker.java:checkAllVolumes(215)) - Scheduled health check for volume /home/runner/work/ozone/ozone/hadoop-ozone/integration-test-s3/target/test-dir/MiniOzoneClusterImpl-51e975e3-87ca-4f9c-b22e-f289b69b5230/ozone-meta/datanode-3/data-0/hdds
2025-05-13 08:08:46,407 [4fab203c-b5a4-47f8-9680-c8b7d06953a5-EndpointStateMachineTaskThread-/0.0.0.0:15002-0 ] INFO  volume.ThrottledAsyncChecker (ThrottledAsyncChecker.java:schedule(138)) - Scheduling a check for /home/runner/work/ozone/ozone/hadoop-ozone/integration-test-s3/target/test-dir/MiniOzoneClusterImpl-51e975e3-87ca-4f9c-b22e-f289b69b5230/ozone-meta/datanode-3/ratis
2025-05-13 08:08:46,408 [4fab203c-b5a4-47f8-9680-c8b7d06953a5-EndpointStateMachineTaskThread-/0.0.0.0:15002-0 ] INFO  volume.StorageVolumeChecker (StorageVolumeChecker.java:checkAllVolumes(215)) - Scheduled health check for volume /home/runner/work/ozone/ozone/hadoop-ozone/integration-test-s3/target/test-dir/MiniOzoneClusterImpl-51e975e3-87ca-4f9c-b22e-f289b69b5230/ozone-meta/datanode-3/ratis
2025-05-13 08:08:46,412 [4fab203c-b5a4-47f8-9680-c8b7d06953a5-EndpointStateMachineTaskThread-/0.0.0.0:15002-0 ] INFO  ozoneimpl.OzoneContainer (OzoneContainer.java:start(512)) - Attempting to start container services.
2025-05-13 08:08:46,412 [4fab203c-b5a4-47f8-9680-c8b7d06953a5-EndpointStateMachineTaskThread-/0.0.0.0:15002-0 ] WARN  ozoneimpl.OnDemandContainerDataScanner (OnDemandContainerDataScanner.java:init(74)) - Trying to initialize on demand scanner a second time on a datanode.
2025-05-13 08:08:46,415 [ContainerMetadataScanner] INFO  ozoneimpl.AbstractBackgroundContainerScanner (AbstractBackgroundContainerScanner.java:runIteration(89)) - Completed an iteration in 0 minutes. Number of iterations (since the data-node restart) : 1, Number of containers scanned in this iteration : 0, Number of unhealthy containers found in this iteration : 0
2025-05-13 08:08:46,418 [ContainerDataScanner(/home/runner/work/ozone/ozone/hadoop-ozone/integration-test-s3/target/test-dir/MiniOzoneClusterImpl-51e975e3-87ca-4f9c-b22e-f289b69b5230/ozone-meta/datanode-3/data-0/hdds)] INFO  ozoneimpl.AbstractBackgroundContainerScanner (AbstractBackgroundContainerScanner.java:runIteration(89)) - Completed an iteration in 0 minutes. Number of iterations (since the data-node restart) : 1, Number of containers scanned in this iteration : 0, Number of unhealthy containers found in this iteration : 0
2025-05-13 08:08:46,419 [4fab203c-b5a4-47f8-9680-c8b7d06953a5-EndpointStateMachineTaskThread-/0.0.0.0:15002-0 ] INFO  replication.ReplicationServer (ReplicationServer.java:start(137)) - ReplicationServer is started using port 15033
2025-05-13 08:08:46,420 [4fab203c-b5a4-47f8-9680-c8b7d06953a5-EndpointStateMachineTaskThread-/0.0.0.0:15002-0 ] INFO  ratis.XceiverServerRatis (XceiverServerRatis.java:start(559)) - Starting XceiverServerRatis(4fab203c-b5a4-47f8-9680-c8b7d06953a5)
2025-05-13 08:08:46,421 [4fab203c-b5a4-47f8-9680-c8b7d06953a5-EndpointStateMachineTaskThread-/0.0.0.0:15002-0 ] INFO  server.RaftServer (RaftServerProxy.java:startImpl(407)) - 4fab203c-b5a4-47f8-9680-c8b7d06953a5: start RPC server
2025-05-13 08:08:46,424 [4fab203c-b5a4-47f8-9680-c8b7d06953a5-EndpointStateMachineTaskThread-/0.0.0.0:15002-0 ] INFO  server.GrpcService (GrpcService.java:startImpl(334)) - 4fab203c-b5a4-47f8-9680-c8b7d06953a5: GrpcService started, listening on 15029
2025-05-13 08:08:46,425 [4fab203c-b5a4-47f8-9680-c8b7d06953a5-EndpointStateMachineTaskThread-/0.0.0.0:15002-0 ] INFO  server.GrpcService (GrpcService.java:startImpl(334)) - 4fab203c-b5a4-47f8-9680-c8b7d06953a5: GrpcService started, listening on 15031
2025-05-13 08:08:46,425 [4fab203c-b5a4-47f8-9680-c8b7d06953a5-EndpointStateMachineTaskThread-/0.0.0.0:15002-0 ] INFO  server.GrpcService (GrpcService.java:startImpl(334)) - 4fab203c-b5a4-47f8-9680-c8b7d06953a5: GrpcService started, listening on 15030
2025-05-13 08:08:46,426 [JvmPauseMonitor5] INFO  util.JvmPauseMonitor (JvmPauseMonitor.java:run(146)) - JvmPauseMonitor-4fab203c-b5a4-47f8-9680-c8b7d06953a5: Started
2025-05-13 08:08:46,429 [4fab203c-b5a4-47f8-9680-c8b7d06953a5-EndpointStateMachineTaskThread-/0.0.0.0:15002-0 ] INFO  ratis.XceiverServerRatis (XceiverServerRatis.java:getRealPort(586)) - XceiverServerRatis(4fab203c-b5a4-47f8-9680-c8b7d06953a5) is started using port RATIS=15029
2025-05-13 08:08:46,429 [4fab203c-b5a4-47f8-9680-c8b7d06953a5-EndpointStateMachineTaskThread-/0.0.0.0:15002-0 ] INFO  ratis.XceiverServerRatis (XceiverServerRatis.java:getRealPort(586)) - XceiverServerRatis(4fab203c-b5a4-47f8-9680-c8b7d06953a5) is started using port RATIS_ADMIN=15030
2025-05-13 08:08:46,429 [4fab203c-b5a4-47f8-9680-c8b7d06953a5-EndpointStateMachineTaskThread-/0.0.0.0:15002-0 ] INFO  ratis.XceiverServerRatis (XceiverServerRatis.java:getRealPort(586)) - XceiverServerRatis(4fab203c-b5a4-47f8-9680-c8b7d06953a5) is started using port RATIS_SERVER=15031
2025-05-13 08:08:46,429 [4fab203c-b5a4-47f8-9680-c8b7d06953a5-EndpointStateMachineTaskThread-/0.0.0.0:15002-0 ] INFO  ratis.XceiverServerRatis (XceiverServerRatis.java:getRealPort(586)) - XceiverServerRatis(4fab203c-b5a4-47f8-9680-c8b7d06953a5) is started using port RATIS_DATASTREAM=15032
2025-05-13 08:08:46,431 [4fab203c-b5a4-47f8-9680-c8b7d06953a5-BlockDeletingService#0] INFO  interfaces.ContainerDeletionChoosingPolicyTemplate (ContainerDeletionChoosingPolicyTemplate.java:chooseContainerForBlockDeletion(83)) - Chosen 0/5000 blocks from 0 candidate containers.
2025-05-13 08:08:46,447 [c3acf90a-cae3-4912-9a93-76f770441a06@group-F289B69B5230-StateMachineUpdater] INFO  safemode.SCMSafeModeManager (SCMSafeModeManager.java:validateSafeModeExitRules(140)) - RatisContainerSafeModeRule rule is successfully validated
2025-05-13 08:08:46,448 [c3acf90a-cae3-4912-9a93-76f770441a06@group-F289B69B5230-StateMachineUpdater] INFO  safemode.HealthyPipelineSafeModeRule (HealthyPipelineSafeModeRule.java:initializeRule(173)) - Refreshed total pipeline count is 0, healthy pipeline threshold count is 1
2025-05-13 08:08:46,448 [c3acf90a-cae3-4912-9a93-76f770441a06@group-F289B69B5230-StateMachineUpdater] INFO  safemode.SCMSafeModeManager (SCMSafeModeManager.java:validateSafeModeExitRules(140)) - ECContainerSafeModeRule rule is successfully validated
2025-05-13 08:08:46,448 [c3acf90a-cae3-4912-9a93-76f770441a06@group-F289B69B5230-StateMachineUpdater] INFO  safemode.SCMSafeModeManager (SCMSafeModeManager.java:validateSafeModeExitRules(140)) - AtleastOneDatanodeReportedRule rule is successfully validated
2025-05-13 08:08:46,452 [RatisPipelineUtilsThread-0] INFO  pipeline.BackgroundPipelineCreator (BackgroundPipelineCreator.java:createPipelines(246)) - Created new pipeline Pipeline{ Id: 33d055a4-c1d5-4f25-92f0-df169f23f538, Nodes: [ {408a00a1-9245-41fc-8d00-8f9b4b0cd246(localhost/127.0.0.1), ReplicaIndex: 0},], ReplicationConfig: RATIS/ONE, State:ALLOCATED, leaderId:, CreationTimestamp2025-05-13T08:08:46.367942743Z[Etc/UTC]}
2025-05-13 08:08:46,504 [main] INFO  s3.Gateway (HddsServerUtil.java:startupShutdownMessage(683)) - STARTUP_MSG: 
/************************************************************
STARTUP_MSG: Starting Gateway
STARTUP_MSG:   host = pkrvmberfyhpb9w/10.1.0.150
STARTUP_MSG:   args = []
STARTUP_MSG:   version = 2.1.0-SNAPSHOT
STARTUP_MSG:   classpath = /home/runner/work/ozone/ozone/hadoop-ozone/integration-test-s3/target/test-classes:/home/runner/work/ozone/ozone/hadoop-ozone/integration-test-s3/target/classes:/home/runner/.m2/repository/com/amazonaws/aws-java-sdk-core/1.12.661/aws-java-sdk-core-1.12.661.jar:/home/runner/.m2/repository/commons-codec/commons-codec/1.17.1/commons-codec-1.17.1.jar:/home/runner/.m2/repository/org/apache/httpcomponents/httpclient/4.5.14/httpclient-4.5.14.jar:/home/runner/.m2/repository/com/fasterxml/jackson/core/jackson-databind/2.16.2/jackson-databind-2.16.2.jar:/home/runner/.m2/repository/com/fasterxml/jackson/dataformat/jackson-dataformat-cbor/2.16.2/jackson-dataformat-cbor-2.16.2.jar:/home/runner/.m2/repository/joda-time/joda-time/2.12.7/joda-time-2.12.7.jar:/home/runner/.m2/repository/com/amazonaws/aws-java-sdk-s3/1.12.661/aws-java-sdk-s3-1.12.661.jar:/home/runner/.m2/repository/com/amazonaws/aws-java-sdk-kms/1.12.661/aws-java-sdk-kms-1.12.661.jar:/home/runner/.m2/repository/com/amazonaws/jmespath-java/1.12.661/jmespath-java-1.12.661.jar:/home/runner/.m2/repository/jakarta/xml/bind/jakarta.xml.bind-api/2.3.3/jakarta.xml.bind-api-2.3.3.jar:/home/runner/.m2/repository/jakarta/activation/jakarta.activation-api/1.2.2/jakarta.activation-api-1.2.2.jar:/home/runner/.m2/repository/org/apache/commons/commons-lang3/3.17.0/commons-lang3-3.17.0.jar:/home/runner/work/ozone/ozone/hadoop-hdds/common/target/hdds-common-2.1.0-SNAPSHOT.jar:/home/runner/.m2/repository/com/fasterxml/jackson/core/jackson-annotations/2.16.2/jackson-annotations-2.16.2.jar:/home/runner/.m2/repository/com/fasterxml/jackson/core/jackson-core/2.16.2/jackson-core-2.16.2.jar:/home/runner/.m2/repository/com/fasterxml/jackson/datatype/jackson-datatype-jsr310/2.16.2/jackson-datatype-jsr310-2.16.2.jar:/home/runner/.m2/repository/com/github/stephenc/jcip/jcip-annotations/1.0-1/jcip-annotations-1.0-1.jar:/home/runner/.m2/repository/com/google/guava/guava/32.1.3-jre/guava-32.1.3-jre.jar:/home/runner/.m2/repository/com/google/guava/failureaccess/1.0.1/failureaccess-1.0.1.jar:/home/runner/.m2/repository/com/google/guava/listenablefuture/9999.0-empty-to-avoid-conflict-with-guava/listenablefuture-9999.0-empty-to-avoid-conflict-with-guava.jar:/home/runner/.m2/repository/org/checkerframework/checker-qual/3.37.0/checker-qual-3.37.0.jar:/home/runner/.m2/repository/com/google/errorprone/error_prone_annotations/2.29.2/error_prone_annotations-2.29.2.jar:/home/runner/.m2/repository/com/google/j2objc/j2objc-annotations/2.8/j2objc-annotations-2.8.jar:/home/runner/.m2/repository/com/google/protobuf/protobuf-java/2.5.0/protobuf-java-2.5.0.jar:/home/runner/.m2/repository/commons-collections/commons-collections/3.2.2/commons-collections-3.2.2.jar:/home/runner/.m2/repository/commons-io/commons-io/2.18.0/commons-io-2.18.0.jar:/home/runner/.m2/repository/commons-validator/commons-validator/1.6/commons-validator-1.6.jar:/home/runner/.m2/repository/commons-beanutils/commons-beanutils/1.9.4/commons-beanutils-1.9.4.jar:/home/runner/.m2/repository/commons-digester/commons-digester/1.8.1/commons-digester-1.8.1.jar:/home/runner/.m2/repository/info/picocli/picocli/4.7.7/picocli-4.7.7.jar:/home/runner/.m2/repository/io/dropwizard/metrics/metrics-core/3.2.6/metrics-core-3.2.6.jar:/home/runner/.m2/repository/io/jaegertracing/jaeger-client/1.8.1/jaeger-client-1.8.1.jar:/home/runner/.m2/repository/io/jaegertracing/jaeger-thrift/1.8.1/jaeger-thrift-1.8.1.jar:/home/runner/.m2/repository/org/apache/thrift/libthrift/0.15.0/libthrift-0.15.0.jar:/home/runner/.m2/repository/com/squareup/okhttp3/okhttp/4.12.0/okhttp-4.12.0.jar:/home/runner/.m2/repository/com/squareup/okio/okio/3.6.0/okio-3.6.0.jar:/home/runner/.m2/repository/com/squareup/okio/okio-jvm/3.6.0/okio-jvm-3.6.0.jar:/home/runner/.m2/repository/org/jetbrains/kotlin/kotlin-stdlib-common/1.9.25/kotlin-stdlib-common-1.9.25.jar:/home/runner/.m2/repository/org/jetbrains/kotlin/kotlin-stdlib-jdk8/1.9.25/kotlin-stdlib-jdk8-1.9.25.jar:/home/runner/.m2/repository/org/jetbrains/kotlin/kotlin-stdlib-jdk7/1.9.25/kotlin-stdlib-jdk7-1.9.25.jar:/home/runner/.m2/repository/io/jaegertracing/jaeger-tracerresolver/1.8.1/jaeger-tracerresolver-1.8.1.jar:/home/runner/.m2/repository/io/opentracing/contrib/opentracing-tracerresolver/0.1.8/opentracing-tracerresolver-0.1.8.jar:/home/runner/.m2/repository/io/jaegertracing/jaeger-core/1.8.1/jaeger-core-1.8.1.jar:/home/runner/.m2/repository/io/opentracing/opentracing-api/0.33.0/opentracing-api-0.33.0.jar:/home/runner/.m2/repository/io/opentracing/opentracing-util/0.33.0/opentracing-util-0.33.0.jar:/home/runner/.m2/repository/jakarta/annotation/jakarta.annotation-api/2.1.1/jakarta.annotation-api-2.1.1.jar:/home/runner/.m2/repository/javax/annotation/javax.annotation-api/1.3.2/javax.annotation-api-1.3.2.jar:/home/runner/.m2/repository/org/apache/hadoop/hadoop-common/3.4.1/hadoop-common-3.4.1.jar:/home/runner/.m2/repository/org/apache/hadoop/thirdparty/hadoop-shaded-protobuf_3_25/1.4.0/hadoop-shaded-protobuf_3_25-1.4.0.jar:/home/runner/.m2/repository/org/apache/hadoop/hadoop-annotations/3.4.1/hadoop-annotations-3.4.1.jar:/home/runner/.m2/repository/org/apache/hadoop/thirdparty/hadoop-shaded-guava/1.3.0/hadoop-shaded-guava-1.3.0.jar:/home/runner/.m2/repository/org/codehaus/jettison/jettison/1.5.4/jettison-1.5.4.jar:/home/runner/.m2/repository/org/apache/commons/commons-text/1.12.0/commons-text-1.12.0.jar:/home/runner/.m2/repository/com/google/re2j/re2j/1.7/re2j-1.7.jar:/home/runner/.m2/repository/io/netty/netty-handler/4.1.109.Final/netty-handler-4.1.109.Final.jar:/home/runner/.m2/repository/io/netty/netty-transport-native-unix-common/4.1.109.Final/netty-transport-native-unix-common-4.1.109.Final.jar:/home/runner/.m2/repository/io/netty/netty-transport-native-epoll/4.1.109.Final/netty-transport-native-epoll-4.1.109.Final.jar:/home/runner/.m2/repository/org/codehaus/woodstox/stax2-api/4.2.1/stax2-api-4.2.1.jar:/home/runner/.m2/repository/com/fasterxml/woodstox/woodstox-core/5.4.0/woodstox-core-5.4.0.jar:/home/runner/work/ozone/ozone/hadoop-hdds/annotations/target/hdds-annotation-processing-2.1.0-SNAPSHOT.jar:/home/runner/work/ozone/ozone/hadoop-hdds/interface-admin/target/hdds-interface-admin-2.1.0-SNAPSHOT.jar:/home/runner/work/ozone/ozone/hadoop-hdds/interface-client/target/hdds-interface-client-2.1.0-SNAPSHOT.jar:/home/runner/.m2/repository/org/apache/ratis/ratis-client/3.1.2/ratis-client-3.1.2.jar:/home/runner/.m2/repository/org/apache/ratis/ratis-grpc/3.1.2/ratis-grpc-3.1.2.jar:/home/runner/.m2/repository/org/apache/ratis/ratis-metrics-dropwizard3/3.1.2/ratis-metrics-dropwizard3-3.1.2.jar:/home/runner/.m2/repository/org/apache/ratis/ratis-netty/3.1.2/ratis-netty-3.1.2.jar:/home/runner/.m2/repository/org/apache/ratis/ratis-proto/3.1.2/ratis-proto-3.1.2.jar:/home/runner/.m2/repository/org/apache/ratis/ratis-server-api/3.1.2/ratis-server-api-3.1.2.jar:/home/runner/.m2/repository/org/apache/ratis/ratis-thirdparty-misc/1.0.6/ratis-thirdparty-misc-1.0.6.jar:/home/runner/.m2/repository/org/bouncycastle/bcpkix-jdk18on/1.80/bcpkix-jdk18on-1.80.jar:/home/runner/.m2/repository/org/bouncycastle/bcprov-jdk18on/1.80/bcprov-jdk18on-1.80.jar:/home/runner/.m2/repository/org/bouncycastle/bcutil-jdk18on/1.80/bcutil-jdk18on-1.80.jar:/home/runner/.m2/repository/org/jetbrains/kotlin/kotlin-stdlib/1.9.25/kotlin-stdlib-1.9.25.jar:/home/runner/.m2/repository/org/jetbrains/annotations/13.0/annotations-13.0.jar:/home/runner/.m2/repository/org/reflections/reflections/0.10.2/reflections-0.10.2.jar:/home/runner/.m2/repository/org/slf4j/jcl-over-slf4j/2.0.17/jcl-over-slf4j-2.0.17.jar:/home/runner/.m2/repository/org/yaml/snakeyaml/2.0/snakeyaml-2.0.jar:/home/runner/.m2/repository/org/slf4j/slf4j-reload4j/2.0.17/slf4j-reload4j-2.0.17.jar:/home/runner/work/ozone/ozone/hadoop-hdds/config/target/hdds-config-2.1.0-SNAPSHOT.jar:/home/runner/work/ozone/ozone/hadoop-hdds/framework/target/hdds-server-framework-2.1.0-SNAPSHOT.jar:/home/runner/.m2/repository/ch/qos/reload4j/reload4j/1.2.26/reload4j-1.2.26.jar:/home/runner/.m2/repository/com/github/jnr/jnr-constants/0.10.4/jnr-constants-0.10.4.jar:/home/runner/.m2/repository/com/github/jnr/jnr-posix/3.1.20/jnr-posix-3.1.20.jar:/home/runner/.m2/repository/com/github/jnr/jnr-ffi/2.2.17/jnr-ffi-2.2.17.jar:/home/runner/.m2/repository/com/github/jnr/jffi/1.3.13/jffi-1.3.13.jar:/home/runner/.m2/repository/com/github/jnr/jffi/1.3.13/jffi-1.3.13-native.jar:/home/runner/.m2/repository/org/ow2/asm/asm/9.7.1/asm-9.7.1.jar:/home/runner/.m2/repository/org/ow2/asm/asm-commons/9.7.1/asm-commons-9.7.1.jar:/home/runner/.m2/repository/org/ow2/asm/asm-analysis/9.7.1/asm-analysis-9.7.1.jar:/home/runner/.m2/repository/org/ow2/asm/asm-tree/9.7.1/asm-tree-9.7.1.jar:/home/runner/.m2/repository/org/ow2/asm/asm-util/9.7.1/asm-util-9.7.1.jar:/home/runner/.m2/repository/com/github/jnr/jnr-a64asm/1.0.0/jnr-a64asm-1.0.0.jar:/home/runner/.m2/repository/com/github/jnr/jnr-x86asm/1.0.2/jnr-x86asm-1.0.2.jar:/home/runner/.m2/repository/com/google/code/gson/gson/2.10.1/gson-2.10.1.jar:/home/runner/.m2/repository/commons-fileupload/commons-fileupload/1.5/commons-fileupload-1.5.jar:/home/runner/.m2/repository/io/grpc/grpc-api/1.58.0/grpc-api-1.58.0.jar:/home/runner/.m2/repository/io/prometheus/simpleclient/0.16.0/simpleclient-0.16.0.jar:/home/runner/.m2/repository/io/prometheus/simpleclient_common/0.16.0/simpleclient_common-0.16.0.jar:/home/runner/.m2/repository/io/prometheus/simpleclient_dropwizard/0.16.0/simpleclient_dropwizard-0.16.0.jar:/home/runner/.m2/repository/jakarta/ws/rs/jakarta.ws.rs-api/2.1.6/jakarta.ws.rs-api-2.1.6.jar:/home/runner/.m2/repository/javax/servlet/javax.servlet-api/3.1.0/javax.servlet-api-3.1.0.jar:/home/runner/.m2/repository/org/apache/commons/commons-compress/1.27.1/commons-compress-1.27.1.jar:/home/runner/.m2/repository/org/apache/commons/commons-configuration2/2.11.0/commons-configuration2-2.11.0.jar:/home/runner/.m2/repository/org/apache/hadoop/hadoop-auth/3.4.1/hadoop-auth-3.4.1.jar:/home/runner/.m2/repository/org/apache/logging/log4j/log4j-api/2.24.2/log4j-api-2.24.2.jar:/home/runner/.m2/repository/org/apache/logging/log4j/log4j-core/2.24.2/log4j-core-2.24.2.jar:/home/runner/work/ozone/ozone/hadoop-hdds/interface-server/target/hdds-interface-server-2.1.0-SNAPSHOT.jar:/home/runner/work/ozone/ozone/hadoop-hdds/managed-rocksdb/target/hdds-managed-rocksdb-2.1.0-SNAPSHOT.jar:/home/runner/work/ozone/ozone/hadoop-hdds/rocksdb-checkpoint-differ/target/rocksdb-checkpoint-differ-2.1.0-SNAPSHOT.jar:/home/runner/.m2/repository/com/github/vlsi/mxgraph/jgraphx/3.9.12/jgraphx-3.9.12.jar:/home/runner/work/ozone/ozone/hadoop-hdds/rocks-native/target/hdds-rocks-native-2.1.0-SNAPSHOT.jar:/home/runner/.m2/repository/org/jgrapht/jgrapht-core/1.4.0/jgrapht-core-1.4.0.jar:/home/runner/.m2/repository/org/jheaps/jheaps/0.11/jheaps-0.11.jar:/home/runner/.m2/repository/org/jgrapht/jgrapht-ext/1.4.0/jgrapht-ext-1.4.0.jar:/home/runner/.m2/repository/org/apache/ratis/ratis-metrics-api/3.1.2/ratis-metrics-api-3.1.2.jar:/home/runner/.m2/repository/org/apache/ratis/ratis-server/3.1.2/ratis-server-3.1.2.jar:/home/runner/.m2/repository/org/eclipse/jetty/jetty-http/9.4.57.v20241219/jetty-http-9.4.57.v20241219.jar:/home/runner/.m2/repository/org/eclipse/jetty/jetty-io/9.4.57.v20241219/jetty-io-9.4.57.v20241219.jar:/home/runner/.m2/repository/org/eclipse/jetty/jetty-server/9.4.57.v20241219/jetty-server-9.4.57.v20241219.jar:/home/runner/.m2/repository/org/eclipse/jetty/jetty-servlet/9.4.57.v20241219/jetty-servlet-9.4.57.v20241219.jar:/home/runner/.m2/repository/org/eclipse/jetty/jetty-security/9.4.57.v20241219/jetty-security-9.4.57.v20241219.jar:/home/runner/.m2/repository/org/eclipse/jetty/jetty-util-ajax/9.4.57.v20241219/jetty-util-ajax-9.4.57.v20241219.jar:/home/runner/.m2/repository/org/eclipse/jetty/jetty-util/9.4.57.v20241219/jetty-util-9.4.57.v20241219.jar:/home/runner/.m2/repository/org/eclipse/jetty/jetty-webapp/9.4.57.v20241219/jetty-webapp-9.4.57.v20241219.jar:/home/runner/.m2/repository/org/eclipse/jetty/jetty-xml/9.4.57.v20241219/jetty-xml-9.4.57.v20241219.jar:/home/runner/.m2/repository/org/glassfish/jersey/containers/jersey-container-servlet-core/2.46/jersey-container-servlet-core-2.46.jar:/home/runner/.m2/repository/org/glassfish/hk2/external/jakarta.inject/2.6.1/jakarta.inject-2.6.1.jar:/home/runner/.m2/repository/org/glassfish/jersey/core/jersey-server/2.46/jersey-server-2.46.jar:/home/runner/.m2/repository/org/glassfish/jersey/core/jersey-client/2.46/jersey-client-2.46.jar:/home/runner/.m2/repository/jakarta/validation/jakarta.validation-api/2.0.2/jakarta.validation-api-2.0.2.jar:/home/runner/.m2/repository/org/rocksdb/rocksdbjni/7.7.3/rocksdbjni-7.7.3.jar:/home/runner/.m2/repository/com/lmax/disruptor/3.4.4/disruptor-3.4.4.jar:/home/runner/.m2/repository/com/nimbusds/nimbus-jose-jwt/9.40/nimbus-jose-jwt-9.40.jar:/home/runner/.m2/repository/commons-cli/commons-cli/1.8.0/commons-cli-1.8.0.jar:/home/runner/.m2/repository/log4j/apache-log4j-extras/1.2.17/apache-log4j-extras-1.2.17.jar:/home/runner/.m2/repository/org/apache/kerby/kerb-core/1.0.1/kerb-core-1.0.1.jar:/home/runner/.m2/repository/org/apache/kerby/kerby-pkix/1.0.1/kerby-pkix-1.0.1.jar:/home/runner/.m2/repository/org/apache/kerby/kerby-asn1/1.0.1/kerby-asn1-1.0.1.jar:/home/runner/.m2/repository/org/apache/kerby/kerb-util/1.0.1/kerb-util-1.0.1.jar:/home/runner/.m2/repository/org/apache/kerby/kerby-config/1.0.1/kerby-config-1.0.1.jar:/home/runner/.m2/repository/org/apache/kerby/kerb-crypto/1.0.1/kerb-crypto-1.0.1.jar:/home/runner/.m2/repository/org/xerial/snappy/snappy-java/1.1.10.7/snappy-java-1.1.10.7.jar:/home/runner/work/ozone/ozone/hadoop-hdds/test-utils/target/hdds-test-utils-2.1.0-SNAPSHOT-tests.jar:/home/runner/work/ozone/ozone/hadoop-ozone/client/target/ozone-client-2.1.0-SNAPSHOT.jar:/home/runner/work/ozone/ozone/hadoop-hdds/client/target/hdds-client-2.1.0-SNAPSHOT.jar:/home/runner/work/ozone/ozone/hadoop-hdds/erasurecode/target/hdds-erasurecode-2.1.0-SNAPSHOT.jar:/home/runner/work/ozone/ozone/hadoop-ozone/common/target/ozone-common-2.1.0-SNAPSHOT.jar:/home/runner/.m2/repository/io/grpc/grpc-netty/1.58.0/grpc-netty-1.58.0.jar:/home/runner/.m2/repository/io/grpc/grpc-core/1.58.0/grpc-core-1.58.0.jar:/home/runner/.m2/repository/com/google/android/annotations/4.1.1.4/annotations-4.1.1.4.jar:/home/runner/.m2/repository/org/codehaus/mojo/animal-sniffer-annotations/1.23/animal-sniffer-annotations-1.23.jar:/home/runner/.m2/repository/io/grpc/grpc-context/1.58.0/grpc-context-1.58.0.jar:/home/runner/.m2/repository/io/grpc/grpc-util/1.58.0/grpc-util-1.58.0.jar:/home/runner/.m2/repository/io/perfmark/perfmark-api/0.26.0/perfmark-api-0.26.0.jar:/home/runner/.m2/repository/io/netty/netty-common/4.1.109.Final/netty-common-4.1.109.Final.jar:/home/runner/.m2/repository/io/netty/netty-handler-proxy/4.1.109.Final/netty-handler-proxy-4.1.109.Final.jar:/home/runner/.m2/repository/io/netty/netty-codec-socks/4.1.109.Final/netty-codec-socks-4.1.109.Final.jar:/home/runner/.m2/repository/org/apache/hadoop/hadoop-hdfs-client/3.4.1/hadoop-hdfs-client-3.4.1.jar:/home/runner/.m2/repository/io/netty/netty-tcnative-boringssl-static/2.0.65.Final/netty-tcnative-boringssl-static-2.0.65.Final.jar:/home/runner/.m2/repository/io/netty/netty-tcnative-classes/2.0.65.Final/netty-tcnative-classes-2.0.65.Final.jar:/home/runner/.m2/repository/io/netty/netty-tcnative-boringssl-static/2.0.65.Final/netty-tcnative-boringssl-static-2.0.65.Final-linux-x86_64.jar:/home/runner/.m2/repository/io/netty/netty-tcnative-boringssl-static/2.0.65.Final/netty-tcnative-boringssl-static-2.0.65.Final-linux-aarch_64.jar:/home/runner/.m2/repository/io/netty/netty-tcnative-boringssl-static/2.0.65.Final/netty-tcnative-boringssl-static-2.0.65.Final-osx-x86_64.jar:/home/runner/.m2/repository/io/netty/netty-tcnative-boringssl-static/2.0.65.Final/netty-tcnative-boringssl-static-2.0.65.Final-osx-aarch_64.jar:/home/runner/.m2/repository/io/netty/netty-tcnative-boringssl-static/2.0.65.Final/netty-tcnative-boringssl-static-2.0.65.Final-windows-x86_64.jar:/home/runner/work/ozone/ozone/hadoop-ozone/interface-client/target/ozone-interface-client-2.1.0-SNAPSHOT.jar:/home/runner/.m2/repository/io/grpc/grpc-protobuf/1.58.0/grpc-protobuf-1.58.0.jar:/home/runner/.m2/repository/com/google/api/grpc/proto-google-common-protos/2.22.0/proto-google-common-protos-2.22.0.jar:/home/runner/.m2/repository/io/grpc/grpc-protobuf-lite/1.58.0/grpc-protobuf-lite-1.58.0.jar:/home/runner/.m2/repository/io/grpc/grpc-stub/1.58.0/grpc-stub-1.58.0.jar:/home/runner/work/ozone/ozone/hadoop-ozone/mini-cluster/target/ozone-mini-cluster-2.1.0-SNAPSHOT.jar:/home/runner/work/ozone/ozone/hadoop-hdds/common/target/hdds-common-2.1.0-SNAPSHOT-tests.jar:/home/runner/work/ozone/ozone/hadoop-hdds/container-service/target/hdds-container-service-2.1.0-SNAPSHOT.jar:/home/runner/.m2/repository/com/github/luben/zstd-jni/1.5.7-3/zstd-jni-1.5.7-3.jar:/home/runner/.m2/repository/io/netty/netty-buffer/4.1.109.Final/netty-buffer-4.1.109.Final.jar:/home/runner/.m2/repository/io/netty/netty-codec/4.1.109.Final/netty-codec-4.1.109.Final.jar:/home/runner/.m2/repository/org/apache/hadoop/hadoop-hdfs/3.4.1/hadoop-hdfs-3.4.1.jar:/home/runner/.m2/repository/commons-daemon/commons-daemon/1.4.0/commons-daemon-1.4.0.jar:/home/runner/work/ozone/ozone/hadoop-hdds/server-scm/target/hdds-server-scm-2.1.0-SNAPSHOT.jar:/home/runner/work/ozone/ozone/hadoop-hdds/server-scm/target/hdds-server-scm-2.1.0-SNAPSHOT-tests.jar:/home/runner/work/ozone/ozone/hadoop-ozone/ozone-manager/target/ozone-manager-2.1.0-SNAPSHOT.jar:/home/runner/.m2/repository/com/sun/jersey/jersey-client/1.19.4/jersey-client-1.19.4.jar:/home/runner/.m2/repository/com/sun/jersey/jersey-core/1.19.4/jersey-core-1.19.4.jar:/home/runner/.m2/repository/javax/ws/rs/jsr311-api/1.1.1/jsr311-api-1.1.1.jar:/home/runner/work/ozone/ozone/hadoop-ozone/interface-storage/target/ozone-interface-storage-2.1.0-SNAPSHOT.jar:/home/runner/.m2/repository/org/apache/ranger/ranger-intg/2.6.0/ranger-intg-2.6.0.jar:/home/runner/.m2/repository/org/apache/ranger/ranger-plugins-common/2.6.0/ranger-plugins-common-2.6.0.jar:/home/runner/.m2/repository/com/fasterxml/jackson/jaxrs/jackson-jaxrs-base/2.16.2/jackson-jaxrs-base-2.16.2.jar:/home/runner/.m2/repository/com/fasterxml/jackson/jaxrs/jackson-jaxrs-json-provider/2.16.2/jackson-jaxrs-json-provider-2.16.2.jar:/home/runner/.m2/repository/com/kstruct/gethostname4j/1.0.0/gethostname4j-1.0.0.jar:/home/runner/.m2/repository/commons-lang/commons-lang/2.6/commons-lang-2.6.jar:/home/runner/.m2/repository/net/java/dev/jna/jna/5.2.0/jna-5.2.0.jar:/home/runner/.m2/repository/net/java/dev/jna/jna-platform/5.2.0/jna-platform-5.2.0.jar:/home/runner/.m2/repository/org/apache/ranger/ranger-plugin-classloader/2.6.0/ranger-plugin-classloader-2.6.0.jar:/home/runner/.m2/repository/org/apache/ranger/ranger-plugins-audit/2.6.0/ranger-plugins-audit-2.6.0.jar:/home/runner/.m2/repository/com/amazonaws/aws-java-sdk-logs/1.12.765/aws-java-sdk-logs-1.12.765.jar:/home/runner/.m2/repository/com/carrotsearch/hppc/0.8.0/hppc-0.8.0.jar:/home/runner/.m2/repository/io/airlift/aircompressor/0.27/aircompressor-0.27.jar:/home/runner/.m2/repository/org/apache/httpcomponents/httpasyncclient/4.1.4/httpasyncclient-4.1.4.jar:/home/runner/.m2/repository/org/apache/httpcomponents/httpcore-nio/4.4.16/httpcore-nio-4.4.16.jar:/home/runner/.m2/repository/org/apache/httpcomponents/httpmime/4.5.13/httpmime-4.5.13.jar:/home/runner/.m2/repository/org/apache/orc/orc-core/1.5.8/orc-core-1.5.8.jar:/home/runner/.m2/repository/org/apache/orc/orc-shims/1.5.8/orc-shims-1.5.8.jar:/home/runner/.m2/repository/org/eclipse/jetty/jetty-client/9.4.57.v20241219/jetty-client-9.4.57.v20241219.jar:/home/runner/.m2/repository/org/apache/ranger/ranger-plugins-cred/2.6.0/ranger-plugins-cred-2.6.0.jar:/home/runner/.m2/repository/org/aspectj/aspectjrt/1.9.7/aspectjrt-1.9.7.jar:/home/runner/.m2/repository/org/aspectj/aspectjweaver/1.9.7/aspectjweaver-1.9.7.jar:/home/runner/work/ozone/ozone/hadoop-ozone/recon/target/ozone-recon-2.1.0-SNAPSHOT.jar:/home/runner/.m2/repository/aopalliance/aopalliance/1.0/aopalliance-1.0.jar:/home/runner/.m2/repository/com/google/inject/guice/6.0.0/guice-6.0.0.jar:/home/runner/.m2/repository/jakarta/inject/jakarta.inject-api/2.0.1/jakarta.inject-api-2.0.1.jar:/home/runner/.m2/repository/com/google/inject/extensions/guice-assistedinject/6.0.0/guice-assistedinject-6.0.0.jar:/home/runner/.m2/repository/com/google/inject/extensions/guice-servlet/6.0.0/guice-servlet-6.0.0.jar:/home/runner/.m2/repository/com/jolbox/bonecp/0.8.0.RELEASE/bonecp-0.8.0.RELEASE.jar:/home/runner/.m2/repository/org/apache/derby/derby/10.14.2.0/derby-10.14.2.0.jar:/home/runner/work/ozone/ozone/hadoop-ozone/cli-admin/target/ozone-cli-admin-2.1.0-SNAPSHOT.jar:/home/runner/.m2/repository/org/glassfish/hk2/guice-bridge/2.6.1/guice-bridge-2.6.1.jar:/home/runner/.m2/repository/org/glassfish/jersey/containers/jersey-container-servlet/2.46/jersey-container-servlet-2.46.jar:/home/runner/.m2/repository/org/glassfish/jersey/media/jersey-media-json-jackson/2.46/jersey-media-json-jackson-2.46.jar:/home/runner/.m2/repository/org/glassfish/jersey/ext/jersey-entity-filtering/2.46/jersey-entity-filtering-2.46.jar:/home/runner/.m2/repository/org/jooq/jooq/3.11.10/jooq-3.11.10.jar:/home/runner/.m2/repository/org/jooq/jooq-codegen/3.11.10/jooq-codegen-3.11.10.jar:/home/runner/.m2/repository/org/jooq/jooq-meta/3.11.10/jooq-meta-3.11.10.jar:/home/runner/.m2/repository/org/springframework/spring-core/5.3.39/spring-core-5.3.39.jar:/home/runner/.m2/repository/org/springframework/spring-jdbc/5.3.39/spring-jdbc-5.3.39.jar:/home/runner/.m2/repository/org/springframework/spring-beans/5.3.39/spring-beans-5.3.39.jar:/home/runner/.m2/repository/org/springframework/spring-tx/5.3.39/spring-tx-5.3.39.jar:/home/runner/.m2/repository/org/xerial/sqlite-jdbc/3.49.1.0/sqlite-jdbc-3.49.1.0.jar:/home/runner/work/ozone/ozone/hadoop-ozone/recon-codegen/target/ozone-reconcodegen-2.1.0-SNAPSHOT.jar:/home/runner/work/ozone/ozone/hadoop-ozone/s3gateway/target/ozone-s3gateway-2.1.0-SNAPSHOT.jar:/home/runner/.m2/repository/com/fasterxml/jackson/dataformat/jackson-dataformat-xml/2.16.2/jackson-dataformat-xml-2.16.2.jar:/home/runner/.m2/repository/com/fasterxml/jackson/module/jackson-module-jaxb-annotations/2.16.2/jackson-module-jaxb-annotations-2.16.2.jar:/home/runner/.m2/repository/io/netty/netty-codec-http2/4.1.109.Final/netty-codec-http2-4.1.109.Final.jar:/home/runner/.m2/repository/io/netty/netty-codec-http/4.1.109.Final/netty-codec-http-4.1.109.Final.jar:/home/runner/.m2/repository/io/netty/netty-transport/4.1.109.Final/netty-transport-4.1.109.Final.jar:/home/runner/.m2/repository/io/netty/netty-resolver/4.1.109.Final/netty-resolver-4.1.109.Final.jar:/home/runner/.m2/repository/io/opentracing/opentracing-noop/0.33.0/opentracing-noop-0.33.0.jar:/home/runner/.m2/repository/javax/enterprise/cdi-api/2.0/cdi-api-2.0.jar:/home/runner/.m2/repository/javax/el/javax.el-api/3.0.0/javax.el-api-3.0.0.jar:/home/runner/.m2/repository/javax/interceptor/javax.interceptor-api/1.2/javax.interceptor-api-1.2.jar:/home/runner/.m2/repository/javax/inject/javax.inject/1/javax.inject-1.jar:/home/runner/.m2/repository/org/apache/httpcomponents/httpcore/4.4.16/httpcore-4.4.16.jar:/home/runner/.m2/repository/org/apache/kerby/kerby-util/1.0.1/kerby-util-1.0.1.jar:/home/runner/.m2/repository/org/glassfish/hk2/hk2-api/2.6.1/hk2-api-2.6.1.jar:/home/runner/.m2/repository/org/glassfish/hk2/hk2-utils/2.6.1/hk2-utils-2.6.1.jar:/home/runner/.m2/repository/org/glassfish/hk2/external/aopalliance-repackaged/2.6.1/aopalliance-repackaged-2.6.1.jar:/home/runner/.m2/repository/org/glassfish/jaxb/jaxb-runtime/2.3.9/jaxb-runtime-2.3.9.jar:/home/runner/.m2/repository/org/glassfish/jaxb/txw2/2.3.9/txw2-2.3.9.jar:/home/runner/.m2/repository/com/sun/istack/istack-commons-runtime/3.0.12/istack-commons-runtime-3.0.12.jar:/home/runner/.m2/repository/com/sun/activation/jakarta.activation/1.2.2/jakarta.activation-1.2.2.jar:/home/runner/.m2/repository/org/glassfish/jersey/core/jersey-common/2.46/jersey-common-2.46.jar:/home/runner/.m2/repository/org/glassfish/hk2/osgi-resource-locator/1.0.3/osgi-resource-locator-1.0.3.jar:/home/runner/.m2/repository/org/glassfish/jersey/ext/cdi/jersey-cdi1x/2.46/jersey-cdi1x-2.46.jar:/home/runner/.m2/repository/org/glassfish/jersey/inject/jersey-hk2/2.46/jersey-hk2-2.46.jar:/home/runner/.m2/repository/org/glassfish/hk2/hk2-locator/2.6.1/hk2-locator-2.6.1.jar:/home/runner/.m2/repository/org/glassfish/jersey/media/jersey-media-jaxb/2.46/jersey-media-jaxb-2.46.jar:/home/runner/.m2/repository/org/javassist/javassist/3.30.2-GA/javassist-3.30.2-GA.jar:/home/runner/.m2/repository/org/jboss/weld/servlet/weld-servlet-shaded/3.1.9.Final/weld-servlet-shaded-3.1.9.Final.jar:/home/runner/.m2/repository/org/apache/ratis/ratis-common/3.1.2/ratis-common-3.1.2.jar:/home/runner/.m2/repository/org/slf4j/slf4j-api/2.0.17/slf4j-api-2.0.17.jar:/home/runner/.m2/repository/software/amazon/awssdk/auth/2.31.25/auth-2.31.25.jar:/home/runner/.m2/repository/software/amazon/awssdk/annotations/2.31.25/annotations-2.31.25.jar:/home/runner/.m2/repository/software/amazon/awssdk/utils/2.31.25/utils-2.31.25.jar:/home/runner/.m2/repository/software/amazon/awssdk/identity-spi/2.31.25/identity-spi-2.31.25.jar:/home/runner/.m2/repository/software/amazon/awssdk/profiles/2.31.25/profiles-2.31.25.jar:/home/runner/.m2/repository/software/amazon/awssdk/http-client-spi/2.31.25/http-client-spi-2.31.25.jar:/home/runner/.m2/repository/software/amazon/awssdk/json-utils/2.31.25/json-utils-2.31.25.jar:/home/runner/.m2/repository/software/amazon/awssdk/third-party-jackson-core/2.31.25/third-party-jackson-core-2.31.25.jar:/home/runner/.m2/repository/software/amazon/awssdk/http-auth-aws/2.31.25/http-auth-aws-2.31.25.jar:/home/runner/.m2/repository/software/amazon/awssdk/http-auth-aws-eventstream/2.31.25/http-auth-aws-eventstream-2.31.25.jar:/home/runner/.m2/repository/software/amazon/awssdk/http-auth/2.31.25/http-auth-2.31.25.jar:/home/runner/.m2/repository/software/amazon/awssdk/http-auth-spi/2.31.25/http-auth-spi-2.31.25.jar:/home/runner/.m2/repository/software/amazon/eventstream/eventstream/1.0.1/eventstream-1.0.1.jar:/home/runner/.m2/repository/software/amazon/awssdk/aws-core/2.31.25/aws-core-2.31.25.jar:/home/runner/.m2/repository/software/amazon/awssdk/metrics-spi/2.31.25/metrics-spi-2.31.25.jar:/home/runner/.m2/repository/software/amazon/awssdk/endpoints-spi/2.31.25/endpoints-spi-2.31.25.jar:/home/runner/.m2/repository/software/amazon/awssdk/retries-spi/2.31.25/retries-spi-2.31.25.jar:/home/runner/.m2/repository/software/amazon/awssdk/retries/2.31.25/retries-2.31.25.jar:/home/runner/.m2/repository/software/amazon/awssdk/regions/2.31.25/regions-2.31.25.jar:/home/runner/.m2/repository/software/amazon/awssdk/s3/2.31.25/s3-2.31.25.jar:/home/runner/.m2/repository/software/amazon/awssdk/aws-xml-protocol/2.31.25/aws-xml-protocol-2.31.25.jar:/home/runner/.m2/repository/software/amazon/awssdk/aws-query-protocol/2.31.25/aws-query-protocol-2.31.25.jar:/home/runner/.m2/repository/software/amazon/awssdk/protocol-core/2.31.25/protocol-core-2.31.25.jar:/home/runner/.m2/repository/software/amazon/awssdk/arns/2.31.25/arns-2.31.25.jar:/home/runner/.m2/repository/software/amazon/awssdk/crt-core/2.31.25/crt-core-2.31.25.jar:/home/runner/.m2/repository/software/amazon/awssdk/checksums/2.31.25/checksums-2.31.25.jar:/home/runner/.m2/repository/software/amazon/awssdk/checksums-spi/2.31.25/checksums-spi-2.31.25.jar:/home/runner/.m2/repository/software/amazon/awssdk/apache-client/2.31.25/apache-client-2.31.25.jar:/home/runner/.m2/repository/software/amazon/awssdk/netty-nio-client/2.31.25/netty-nio-client-2.31.25.jar:/home/runner/.m2/repository/io/netty/netty-transport-classes-epoll/4.1.109.Final/netty-transport-classes-epoll-4.1.109.Final.jar:/home/runner/.m2/repository/software/amazon/awssdk/sdk-core/2.31.25/sdk-core-2.31.25.jar:/home/runner/.m2/repository/org/reactivestreams/reactive-streams/1.0.4/reactive-streams-1.0.4.jar:/home/runner/.m2/repository/org/assertj/assertj-core/3.27.3/assertj-core-3.27.3.jar:/home/runner/.m2/repository/net/bytebuddy/byte-buddy/1.15.11/byte-buddy-1.15.11.jar:/home/runner/.m2/repository/org/junit/jupiter/junit-jupiter-api/5.12.2/junit-jupiter-api-5.12.2.jar:/home/runner/.m2/repository/org/opentest4j/opentest4j/1.3.0/opentest4j-1.3.0.jar:/home/runner/.m2/repository/org/junit/platform/junit-platform-commons/1.12.2/junit-platform-commons-1.12.2.jar:/home/runner/.m2/repository/org/apiguardian/apiguardian-api/1.1.2/apiguardian-api-1.1.2.jar:/home/runner/.m2/repository/org/junit/jupiter/junit-jupiter-params/5.12.2/junit-jupiter-params-5.12.2.jar:/home/runner/.m2/repository/org/mockito/mockito-core/4.11.0/mockito-core-4.11.0.jar:/home/runner/.m2/repository/net/bytebuddy/byte-buddy-agent/1.12.19/byte-buddy-agent-1.12.19.jar:/home/runner/.m2/repository/org/objenesis/objenesis/3.3/objenesis-3.3.jar:/home/runner/.m2/repository/org/mockito/mockito-inline/4.11.0/mockito-inline-4.11.0.jar:/home/runner/.m2/repository/org/mockito/mockito-junit-jupiter/4.11.0/mockito-junit-jupiter-4.11.0.jar:/home/runner/work/ozone/ozone/hadoop-ozone/integration-test-s3/target/gradle-enterprise/test-listeners.jar:
STARTUP_MSG:   build = https://github.com/apache/ozone/0d5f93381914a388de458f8da4784ebd9bcf14eb
STARTUP_MSG:   java = 21.0.7
STARTUP_MSG:   conf = {hadoop.hdds.db.rocksdb.WAL_size_limit_MB=0MB, hadoop.hdds.db.rocksdb.WAL_ttl_seconds=1200, hadoop.hdds.db.rocksdb.keep.log.file.num=10, hadoop.hdds.db.rocksdb.logging.enabled=false, hadoop.hdds.db.rocksdb.logging.level=INFO, hadoop.hdds.db.rocksdb.max.log.file.size=100MB, hadoop.hdds.db.rocksdb.writeoption.sync=false, hdds.block.token.enabled=false, hdds.block.token.expiry.time=1d, hdds.command.status.report.interval=30s, hdds.container.action.max.limit=20, hdds.container.balancer.balancing.iteration.interval=70m, hdds.container.balancer.datanodes.involved.max.percentage.per.iteration=20, hdds.container.balancer.iterations=10, hdds.container.balancer.move.networkTopology.enable=false, hdds.container.balancer.move.replication.timeout=50m, hdds.container.balancer.move.timeout=65m, hdds.container.balancer.size.entering.target.max=26GB, hdds.container.balancer.size.leaving.source.max=26GB, hdds.container.balancer.size.moved.max.per.iteration=500GB, hdds.container.balancer.trigger.du.before.move.enable=false, hdds.container.balancer.utilization.threshold=10, hdds.container.checksum.verification.enabled=true, hdds.container.chunk.write.sync=false, hdds.container.close.threshold=0.9f, hdds.container.ipc.port=9859, hdds.container.ipc.random.port=false, hdds.container.ratis.admin.port=9857, hdds.container.ratis.datastream.enabled=true, hdds.container.ratis.datastream.port=9855, hdds.container.ratis.datastream.random.port=false, hdds.container.ratis.enabled=false, hdds.container.ratis.ipc.port=9858, hdds.container.ratis.ipc.random.port=false, hdds.container.ratis.leader.pending.bytes.limit=1GB, hdds.container.ratis.log.appender.queue.byte-limit=32MB, hdds.container.ratis.log.appender.queue.num-elements=1024, hdds.container.ratis.log.purge.gap=1000000, hdds.container.ratis.log.queue.byte-limit=4GB, hdds.container.ratis.log.queue.num-elements=1024, hdds.container.ratis.num.container.op.executors=10, hdds.container.ratis.num.write.chunk.threads.per.volume=4, hdds.container.ratis.rpc.type=GRPC, hdds.container.ratis.segment.preallocated.size=4MB, hdds.container.ratis.segment.size=64MB, hdds.container.ratis.server.port=9856, hdds.container.ratis.statemachine.max.pending.apply-transactions=100000, hdds.container.ratis.statemachine.write.wait.interval=10m, hdds.container.ratis.statemachinedata.sync.timeout=10s, hdds.container.replication.compression=NO_COMPRESSION, hdds.container.report.interval=60m, hdds.container.scrub.data.scan.interval=7d, hdds.container.scrub.dev.data.scan.enabled=true, hdds.container.scrub.dev.metadata.scan.enabled=true, hdds.container.scrub.enabled=true, hdds.container.scrub.metadata.scan.interval=3h, hdds.container.scrub.min.gap=15m, hdds.container.scrub.on.demand.volume.bytes.per.second=5242880, hdds.container.scrub.volume.bytes.per.second=5242880, hdds.container.token.enabled=false, hdds.datanode.block.delete.command.worker.interval=2s, hdds.datanode.block.delete.max.lock.wait.timeout=100ms, hdds.datanode.block.delete.queue.limit=5, hdds.datanode.block.delete.threads.max=5, hdds.datanode.block.deleting.limit.per.interval=5000, hdds.datanode.block.deleting.max.lock.holding.time=1s, hdds.datanode.block.deleting.service.interval=60s, hdds.datanode.check.empty.container.dir.on.delete=false, hdds.datanode.chunk.data.validation.check=false, hdds.datanode.client.bind.host=0.0.0.0, hdds.datanode.client.port=19864, hdds.datanode.command.queue.limit=5000, hdds.datanode.container.close.threads.max=3, hdds.datanode.container.delete.threads.max=2, hdds.datanode.container.schema.v3.enabled=true, hdds.datanode.container.schema.v3.key.separator=|, hdds.datanode.delete.container.timeout=60s, hdds.datanode.df.refresh.period=5m, hdds.datanode.dir=file:///home/runner/work/ozone/ozone/hadoop-ozone/integration-test-s3/target/tmp/dfs/data, hdds.datanode.disk.check.io.failures.tolerated=1, hdds.datanode.disk.check.io.file.size=100B, hdds.datanode.disk.check.io.test.count=3, hdds.datanode.disk.check.min.gap=10m, hdds.datanode.disk.check.timeout=10m, hdds.datanode.dns.interface=default, hdds.datanode.dns.nameserver=default, hdds.datanode.du.refresh.period=1h, hdds.datanode.failed.data.volumes.tolerated=-1, hdds.datanode.failed.db.volumes.tolerated=-1, hdds.datanode.failed.metadata.volumes.tolerated=-1, hdds.datanode.handler.count=10, hdds.datanode.http-address=0.0.0.0:9882, hdds.datanode.http-bind-host=0.0.0.0, hdds.datanode.http.auth.kerberos.keytab=/etc/security/keytabs/HTTP.keytab, hdds.datanode.http.auth.kerberos.principal=HTTP/_HOST@REALM, hdds.datanode.http.auth.type=simple, hdds.datanode.http.enabled=true, hdds.datanode.https-address=0.0.0.0:9883, hdds.datanode.https-bind-host=0.0.0.0, hdds.datanode.metadata.rocksdb.cache.size=1GB, hdds.datanode.periodic.disk.check.interval.minutes=60, hdds.datanode.ratis.server.request.timeout=2m, hdds.datanode.read.chunk.threads.per.volume=10, hdds.datanode.read.threadpool=10, hdds.datanode.recovering.container.scrubbing.service.interval=1m, hdds.datanode.replication.outofservice.limit.factor=2.0, hdds.datanode.replication.port=9886, hdds.datanode.replication.queue.limit=4096, hdds.datanode.replication.streams.limit=10, hdds.datanode.rocksdb.auto-compaction-small-sst-file=true, hdds.datanode.rocksdb.auto-compaction-small-sst-file-num-threshold=512, hdds.datanode.rocksdb.auto-compaction-small-sst-file-size-threshold=1MB, hdds.datanode.rocksdb.auto-compaction-small-sst-file.interval.minutes=120, hdds.datanode.rocksdb.auto-compaction-small-sst-file.threads=1, hdds.datanode.rocksdb.delete-obsolete-files-period=1h, hdds.datanode.rocksdb.log.level=INFO, hdds.datanode.rocksdb.log.max-file-num=64, hdds.datanode.rocksdb.log.max-file-size=32MB, hdds.datanode.rocksdb.max-open-files=1024, hdds.datanode.slow.op.warning.threshold=500ms, hdds.datanode.storage.utilization.critical.threshold=0.95, hdds.datanode.storage.utilization.warning.threshold=0.75, hdds.datanode.use.datanode.hostname=false, hdds.datanode.volume.choosing.policy=org.apache.hadoop.ozone.container.common.volume.CapacityVolumeChoosingPolicy, hdds.datanode.volume.min.free.space=-1, hdds.datanode.volume.min.free.space.percent=-1, hdds.datanode.wait.on.all.followers=false, hdds.db.profile=DISK, hdds.grpc.tls.enabled=false, hdds.grpc.tls.provider=OPENSSL, hdds.heartbeat.initial-interval=2s, hdds.heartbeat.interval=1s, hdds.heartbeat.recon.initial-interval=60s, hdds.heartbeat.recon.interval=60s, hdds.key.algo=RSA, hdds.key.dir.name=keys, hdds.key.len=2048, hdds.node.report.interval=60000ms, hdds.pipeline.action.max.limit=20, hdds.pipeline.report.interval=60000ms, hdds.priv.key.file.name=private.pem, hdds.profiler.endpoint.enabled=false, hdds.prometheus.endpoint.enabled=true, hdds.public.key.file.name=public.pem, hdds.ratis.client.exponential.backoff.base.sleep=4s, hdds.ratis.client.exponential.backoff.max.retries=2147483647, hdds.ratis.client.exponential.backoff.max.sleep=40s, hdds.ratis.client.multilinear.random.retry.policy=5s, 5, 10s, 5, 15s, 5, 20s, 5, 25s, 5, 60s, 10, hdds.ratis.client.request.watch.timeout=3m, hdds.ratis.client.request.watch.type=ALL_COMMITTED, hdds.ratis.client.request.write.timeout=5m, hdds.ratis.client.retry.policy=org.apache.hadoop.hdds.ratis.retrypolicy.RequestTypeDependentRetryPolicyCreator, hdds.ratis.client.retrylimited.max.retries=180, hdds.ratis.client.retrylimited.retry.interval=1s, hdds.ratis.leader.election.minimum.timeout.duration=5s, hdds.ratis.raft.client.async.outstanding-requests.max=32, hdds.ratis.raft.client.rpc.request.timeout=60s, hdds.ratis.raft.client.rpc.watch.request.timeout=180s, hdds.ratis.raft.grpc.flow.control.window=5MB, hdds.ratis.raft.server.datastream.client.pool.size=10, hdds.ratis.raft.server.datastream.request.threads=20, hdds.ratis.raft.server.delete.ratis.log.directory=true, hdds.ratis.raft.server.leaderelection.pre-vote=true, hdds.ratis.raft.server.log.appender.wait-time.min=0us, hdds.ratis.raft.server.notification.no-leader.timeout=300s, hdds.ratis.raft.server.rpc.request.timeout=60s, hdds.ratis.raft.server.rpc.slowness.timeout=300s, hdds.ratis.raft.server.watch.timeout=30s, hdds.ratis.raft.server.write.element-limit=1024, hdds.ratis.server.num.snapshots.retained=5, hdds.ratis.server.retry-cache.timeout.duration=600000ms, hdds.ratis.snapshot.threshold=100000, hdds.scm.block.deleting.service.interval=60s, hdds.scm.block.deletion.per-interval.max=100000, hdds.scm.block.deletion.txn.dn.commit.map.limit=5000000, hdds.scm.ec.pipeline.choose.policy.impl=org.apache.hadoop.hdds.scm.pipeline.choose.algorithms.RandomPipelineChoosePolicy, hdds.scm.http.auth.kerberos.keytab=/etc/security/keytabs/HTTP.keytab, hdds.scm.http.auth.kerberos.principal=HTTP/_HOST@REALM, hdds.scm.http.auth.type=simple, hdds.scm.kerberos.keytab.file=/etc/security/keytabs/SCM.keytab, hdds.scm.kerberos.principal=SCM/_HOST@REALM, hdds.scm.pipeline.choose.policy.impl=org.apache.hadoop.hdds.scm.pipeline.choose.algorithms.RandomPipelineChoosePolicy, hdds.scm.replication.datanode.delete.container.limit=40, hdds.scm.replication.datanode.reconstruction.weight=3, hdds.scm.replication.datanode.replication.limit=20, hdds.scm.replication.event.timeout=12m, hdds.scm.replication.event.timeout.datanode.offset=6m, hdds.scm.replication.inflight.limit.factor=0.75, hdds.scm.replication.maintenance.remaining.redundancy=1, hdds.scm.replication.maintenance.replica.minimum=2, hdds.scm.replication.over.replicated.interval=30s, hdds.scm.replication.push=true, hdds.scm.replication.thread.interval=300s, hdds.scm.replication.under.replicated.interval=30s, hdds.scm.safemode.atleast.one.node.reported.pipeline.pct=0.90, hdds.scm.safemode.enabled=true, hdds.scm.safemode.healthy.pipeline.pct=0.10, hdds.scm.safemode.min.datanode=3, hdds.scm.safemode.pipeline.creation=true, hdds.scm.safemode.threshold.pct=0.99, hdds.scm.unknown-container.action=WARN, hdds.scm.wait.time.after.safemode.exit=3s, hdds.scmclient.failover.max.retry=15, hdds.scmclient.failover.retry.interval=2000ms, hdds.scmclient.max.retry.timeout=30000ms, hdds.scmclient.rpc.timeout=900000ms, hdds.secret.key.algorithm=HmacSHA256, hdds.secret.key.expiry.duration=7d, hdds.secret.key.file.name=secret_keys.json, hdds.secret.key.rotate.check.duration=10m, hdds.secret.key.rotate.duration=1d, hdds.security.client.datanode.container.protocol.acl=*, hdds.security.client.scm.block.protocol.acl=*, hdds.security.client.scm.certificate.protocol.acl=*, hdds.security.client.scm.container.protocol.acl=*, hdds.security.client.scm.secretkey.datanode.protocol.acl=*, hdds.security.client.scm.secretkey.om.protocol.acl=*, hdds.security.client.scm.secretkey.scm.protocol.acl=*, hdds.security.provider=BC, hdds.tracing.enabled=false, hdds.x509.ca.rotation.ack.timeout=PT15M, hdds.x509.ca.rotation.check.interval=P1D, hdds.x509.ca.rotation.enabled=false, hdds.x509.ca.rotation.time-of-day=02:00:00, hdds.x509.default.duration=P365D, hdds.x509.dir.name=certs, hdds.x509.expired.certificate.check.interval=P1D, hdds.x509.file.name=certificate.crt, hdds.x509.max.duration=P1865D, hdds.x509.renew.grace.duration=P28D, hdds.x509.rootca.certificate.polling.interval=PT2h, hdds.x509.signature.algorithm=SHA256withRSA, hdds.xframe.enabled=true, hdds.xframe.value=SAMEORIGIN, ozone.UnsafeByteOperations.enabled=true, ozone.acl.authorizer.class=org.apache.hadoop.ozone.security.acl.OzoneAccessAuthorizer, ozone.acl.enabled=false, ozone.block.deleting.service.interval=1m, ozone.block.deleting.service.timeout=300000ms, ozone.block.deleting.service.workers=10, ozone.chunk.read.buffer.default.size=1MB, ozone.chunk.read.mapped.buffer.max.count=0, ozone.chunk.read.mapped.buffer.threshold=32KB, ozone.client.bucket.replication.config.refresh.time.ms=30000, ozone.client.bytes.per.checksum=16KB, ozone.client.checksum.combine.mode=COMPOSITE_CRC, ozone.client.checksum.type=CRC32, ozone.client.connection.timeout=5000ms, ozone.client.datastream.buffer.flush.size=4MB, ozone.client.datastream.min.packet.size=256KB, ozone.client.datastream.pipeline.mode=true, ozone.client.datastream.window.size=8MB, ozone.client.ec.grpc.retries.enabled=true, ozone.client.ec.grpc.retries.max=3, ozone.client.ec.grpc.write.timeout=30s, ozone.client.ec.reconstruct.stripe.read.pool.limit=30, ozone.client.ec.reconstruct.stripe.write.pool.limit=30, ozone.client.ec.stripe.queue.size=2, ozone.client.exclude.nodes.expiry.time=600000, ozone.client.failover.max.attempts=500, ozone.client.fs.default.bucket.layout=FILE_SYSTEM_OPTIMIZED, ozone.client.hbase.enhancements.allowed=false, ozone.client.incremental.chunk.list=false, ozone.client.key.latest.version.location=true, ozone.client.key.provider.cache.expiry=10d, ozone.client.key.write.concurrency=1, ozone.client.list.cache=1000, ozone.client.max.ec.stripe.write.retries=10, ozone.client.max.retries=5, ozone.client.read.max.retries=3, ozone.client.read.retry.interval=1, ozone.client.read.timeout=30s, ozone.client.retry.interval=0, ozone.client.server-defaults.validity.period.ms=3600000, ozone.client.socket.timeout=5000ms, ozone.client.stream.buffer.flush.delay=true, ozone.client.stream.buffer.flush.size=1MB, ozone.client.stream.buffer.increment=0B, ozone.client.stream.buffer.max.size=2MB, ozone.client.stream.buffer.size=1MB, ozone.client.stream.putblock.piggybacking=false, ozone.client.verify.checksum=true, ozone.client.wait.between.retries.millis=2000, ozone.compaction.service.enabled=false, ozone.container.cache.lock.stripes=1024, ozone.container.cache.size=1024, ozone.directory.deleting.service.interval=1m, ozone.filesystem.snapshot.enabled=true, ozone.freon.http-address=0.0.0.0:9884, ozone.freon.http-bind-host=0.0.0.0, ozone.freon.http.auth.kerberos.keytab=/etc/security/keytabs/HTTP.keytab, ozone.freon.http.auth.kerberos.principal=HTTP/_HOST@REALM, ozone.freon.http.auth.type=simple, ozone.freon.http.enabled=true, ozone.freon.https-address=0.0.0.0:9885, ozone.freon.https-bind-host=0.0.0.0, ozone.fs.datastream.auto.threshold=4MB, ozone.fs.datastream.enabled=false, ozone.fs.hsync.enabled=false, ozone.fs.iterate.batch-size=100, ozone.fs.listing.page.size=1024, ozone.fs.listing.page.size.max=5000, ozone.hbase.enhancements.allowed=false, ozone.http.basedir=/home/runner/work/ozone/ozone/hadoop-ozone/integration-test-s3/ozone_http_tmp_base_dir17730327578942028961, ozone.http.policy=HTTP_ONLY, ozone.https.client.keystore.resource=ssl-client.xml, ozone.https.client.need-auth=false, ozone.https.server.keystore.resource=ssl-server.xml, ozone.key.deleting.limit.per.task=20000, ozone.key.preallocation.max.blocks=64, ozone.manager.delegation.remover.scan.interval=3600000, ozone.manager.delegation.token.max-lifetime=7d, ozone.manager.delegation.token.renew-interval=1d, ozone.metadata.dirs=/home/runner/work/ozone/ozone/hadoop-ozone/integration-test-s3/target/test-dir/MiniOzoneClusterImpl-51e975e3-87ca-4f9c-b22e-f289b69b5230/ozone-meta, ozone.metadata.dirs.permissions=750, ozone.metastore.rocksdb.cf.write.buffer.size=128MB, ozone.metastore.rocksdb.statistics=OFF, ozone.network.flexible.fqdn.resolution.enabled=false, ozone.network.jvm.address.cache.enabled=true, ozone.network.topology.aware.read=true, ozone.om.address=localhost:15006, ozone.om.admin.protocol.max.retries=20, ozone.om.admin.protocol.wait.between.retries=1000, ozone.om.client.rpc.timeout=15m, ozone.om.client.trash.core.pool.size=5, ozone.om.compaction.service.columnfamilies=keyTable,fileTable,directoryTable,deletedTable,deletedDirectoryTable,multipartInfoTable, ozone.om.compaction.service.run.interval=6h, ozone.om.compaction.service.timeout=10m, ozone.om.container.location.cache.size=100000, ozone.om.container.location.cache.ttl=360m, ozone.om.db.dirs.permissions=750, ozone.om.db.max.open.files=-1, ozone.om.delta.update.data.size.max.limit=1024MB, ozone.om.edekcacheloader.initial.delay.ms=3000, ozone.om.edekcacheloader.interval.ms=1000, ozone.om.edekcacheloader.max-retries=10, ozone.om.enable.filesystem.paths=false, ozone.om.enable.ofs.shared.tmp.dir=false, ozone.om.fs.snapshot.max.limit=1000, ozone.om.group.rights=READ, LIST, ozone.om.grpc.bossgroup.size=8, ozone.om.grpc.maximum.response.length=134217728, ozone.om.grpc.port=8981, ozone.om.grpc.read.thread.num=32, ozone.om.grpc.workergroup.size=32, ozone.om.ha.raft.server.log.appender.wait-time.min=0ms, ozone.om.ha.raft.server.retrycache.expirytime=300s, ozone.om.handler.count.key=20, ozone.om.http-address=0.0.0.0:15007, ozone.om.http-bind-host=0.0.0.0, ozone.om.http.auth.kerberos.keytab=/etc/security/keytabs/HTTP.keytab, ozone.om.http.auth.kerberos.principal=HTTP/_HOST@REALM, ozone.om.http.auth.type=simple, ozone.om.http.enabled=true, ozone.om.https-address=127.0.0.1:15008, ozone.om.https-bind-host=0.0.0.0, ozone.om.kerberos.keytab.file=/etc/security/keytabs/OM.keytab, ozone.om.kerberos.principal=OM/_HOST@REALM, ozone.om.kerberos.principal.pattern=*, ozone.om.key.path.lock.enabled=false, ozone.om.keyname.character.check.enabled=false, ozone.om.leader.election.minimum.timeout.duration=5s, ozone.om.lease.hard.limit=7d, ozone.om.lease.soft.limit=60s, ozone.om.lock.fair=false, ozone.om.max.buckets=100000, ozone.om.multitenancy.enabled=false, ozone.om.multitenancy.ranger.sync.interval=10m, ozone.om.multitenancy.ranger.sync.timeout=10s, ozone.om.namespace.s3.strict=true, ozone.om.network.topology.refresh.duration=1h, ozone.om.open.key.cleanup.limit.per.task=1000, ozone.om.open.key.cleanup.service.interval=24h, ozone.om.open.key.cleanup.service.timeout=300s, ozone.om.open.key.expire.threshold=7d, ozone.om.open.mpu.cleanup.service.interval=24h, ozone.om.open.mpu.cleanup.service.timeout=300s, ozone.om.open.mpu.expire.threshold=30d, ozone.om.open.mpu.parts.cleanup.limit.per.task=1000, ozone.om.ratis.log.appender.queue.byte-limit=4MB, ozone.om.ratis.log.appender.queue.num-elements=1024, ozone.om.ratis.log.purge.gap=1000000, ozone.om.ratis.log.purge.preservation.log.num=0, ozone.om.ratis.log.purge.upto.snapshot.index=true, ozone.om.ratis.minimum.timeout=1s, ozone.om.ratis.port=15009, ozone.om.ratis.rpc.type=GRPC, ozone.om.ratis.segment.preallocated.size=4MB, ozone.om.ratis.segment.size=4MB, ozone.om.ratis.server.close.threshold=60s, ozone.om.ratis.server.failure.timeout.duration=120s, ozone.om.ratis.server.leaderelection.pre-vote=true, ozone.om.ratis.server.request.timeout=3s, ozone.om.ratis.server.retry.cache.timeout=600000ms, ozone.om.ratis.snapshot.max.total.sst.size=100000000, ozone.om.read.threadpool=10, ozone.om.s3.grpc.server_enabled=false, ozone.om.save.metrics.interval=5m, ozone.om.security.admin.protocol.acl=*, ozone.om.security.client.protocol.acl=*, ozone.om.server.list.max.size=1000, ozone.om.snapshot.cache.cleanup.service.run.interval=1m, ozone.om.snapshot.cache.max.size=10, ozone.om.snapshot.checkpoint.dir.creation.poll.timeout=20s, ozone.om.snapshot.compaction.dag.max.time.allowed=30d, ozone.om.snapshot.compaction.dag.prune.daemon.run.interval=3600s, ozone.om.snapshot.db.max.open.files=100, ozone.om.snapshot.diff.cleanup.service.run.interval=1m, ozone.om.snapshot.diff.cleanup.service.timeout=5m, ozone.om.snapshot.diff.disable.native.libs=false, ozone.om.snapshot.diff.job.default.wait.time=1s, ozone.om.snapshot.diff.job.report.persistent.time=7d, ozone.om.snapshot.diff.max.allowed.keys.changed.per.job=10000000, ozone.om.snapshot.diff.max.jobs.purge.per.task=100, ozone.om.snapshot.diff.max.page.size=1000, ozone.om.snapshot.diff.thread.pool.size=10, ozone.om.snapshot.force.full.diff=false, ozone.om.snapshot.load.native.lib=true, ozone.om.snapshot.provider.connection.timeout=5000s, ozone.om.snapshot.provider.request.timeout=300000ms, ozone.om.snapshot.provider.socket.timeout=5000s, ozone.om.snapshot.rocksdb.metrics.enabled=false, ozone.om.transport.class=org.apache.hadoop.ozone.om.protocolPB.Hadoop3OmTransportFactory, ozone.om.unflushed.transaction.max.count=10000, ozone.om.upgrade.finalization.ratis.based.timeout=30s, ozone.om.upgrade.quota.recalculate.enabled=true, ozone.om.user.max.volume=1024, ozone.om.user.rights=ALL, ozone.om.volume.listall.allowed=true, ozone.recon.containerkey.flush.db.max.threshold=150000, ozone.recon.db.dirs.permissions=750, ozone.recon.heatmap.enable=false, ozone.recon.http-address=0.0.0.0:9888, ozone.recon.http-bind-host=0.0.0.0, ozone.recon.http.auth.kerberos.keytab=/etc/security/keytabs/HTTP.keytab, ozone.recon.http.auth.kerberos.principal=HTTP/_HOST@REALM, ozone.recon.http.auth.type=simple, ozone.recon.http.enabled=true, ozone.recon.https-address=0.0.0.0:9889, ozone.recon.https-bind-host=0.0.0.0, ozone.recon.nssummary.flush.db.max.threshold=150000, ozone.recon.om.connection.request.timeout=5000, ozone.recon.om.connection.timeout=5s, ozone.recon.om.snapshot.task.flush.param=false, ozone.recon.om.snapshot.task.initial.delay=1m, ozone.recon.om.snapshot.task.interval.delay=5s, ozone.recon.om.socket.timeout=5s, ozone.recon.scm.connection.request.timeout=5s, ozone.recon.scm.connection.timeout=5s, ozone.recon.scm.container.threshold=100, ozone.recon.scm.snapshot.enabled=true, ozone.recon.scm.snapshot.task.initial.delay=1m, ozone.recon.scm.snapshot.task.interval.delay=24h, ozone.recon.scmclient.failover.max.retry=3, ozone.recon.scmclient.max.retry.timeout=6s, ozone.recon.scmclient.rpc.timeout=1m, ozone.recon.security.client.datanode.container.protocol.acl=*, ozone.recon.sql.db.auto.commit=true, ozone.recon.sql.db.conn.idle.max.age=3600s, ozone.recon.sql.db.conn.idle.test=SELECT 1, ozone.recon.sql.db.conn.idle.test.period=60s, ozone.recon.sql.db.conn.max.active=5, ozone.recon.sql.db.conn.max.age=1800s, ozone.recon.sql.db.conn.timeout=30000ms, ozone.recon.sql.db.driver=org.apache.derby.jdbc.EmbeddedDriver, ozone.recon.sql.db.jdbc.url=jdbc:derby:${ozone.recon.db.dir}/ozone_recon_derby.db, ozone.recon.sql.db.jooq.dialect=DERBY, ozone.recon.task.containercounttask.interval=60s, ozone.recon.task.missingcontainer.interval=300s, ozone.recon.task.pipelinesync.interval=300s, ozone.recon.task.safemode.wait.threshold=300s, ozone.recon.task.thread.count=1, ozone.replication.allowed-configs=^((STANDALONE|RATIS)/(ONE|THREE))|(EC/(3-2|6-3|10-4)-(512|1024|2048|4096)k)$, ozone.rest.client.http.connection.max=100, ozone.rest.client.http.connection.per-route.max=20, ozone.s3g.client.buffer.size=4MB, ozone.s3g.default.bucket.layout=OBJECT_STORE, ozone.s3g.http-address=127.0.0.1:15050, ozone.s3g.http-bind-host=0.0.0.0, ozone.s3g.http.auth.kerberos.keytab=/etc/security/keytabs/HTTP.keytab, ozone.s3g.http.auth.kerberos.principal=HTTP/_HOST@REALM, ozone.s3g.http.auth.type=simple, ozone.s3g.http.enabled=true, ozone.s3g.https-address=127.0.0.1:15051, ozone.s3g.kerberos.keytab.file=/etc/security/keytabs/s3g.keytab, ozone.s3g.kerberos.principal=s3g/_HOST@REALM, ozone.s3g.list-keys.shallow.enabled=true, ozone.s3g.metrics.percentiles.intervals.seconds=60, ozone.s3g.secret.http.auth.type=kerberos, ozone.s3g.secret.http.enabled=false, ozone.s3g.volume.name=s3v, ozone.s3g.webadmin.http-address=0.0.0.0:19878, ozone.s3g.webadmin.http-bind-host=0.0.0.0, ozone.s3g.webadmin.http.enabled=true, ozone.s3g.webadmin.https-address=0.0.0.0:19879, ozone.scm.block.client.address=0.0.0.0:15001, ozone.scm.block.client.bind.host=0.0.0.0, ozone.scm.block.client.port=9863, ozone.scm.block.deletion.max.retry=4096, ozone.scm.block.handler.count.key=100, ozone.scm.block.read.threadpool=10, ozone.scm.block.size=4MB, ozone.scm.ca.list.retry.interval=10s, ozone.scm.chunk.size=1MB, ozone.scm.client.address=0.0.0.0:15000, ozone.scm.client.bind.host=0.0.0.0, ozone.scm.client.handler.count.key=100, ozone.scm.client.port=9860, ozone.scm.client.read.threadpool=10, ozone.scm.close.container.wait.duration=1s, ozone.scm.container.layout=FILE_PER_BLOCK, ozone.scm.container.list.max.count=4096, ozone.scm.container.lock.stripes=512, ozone.scm.container.placement.ec.impl=org.apache.hadoop.hdds.scm.container.placement.algorithms.SCMContainerPlacementRackScatter, ozone.scm.container.placement.impl=org.apache.hadoop.hdds.scm.container.placement.algorithms.SCMContainerPlacementRackAware, ozone.scm.container.size=128MB, ozone.scm.datanode.address=0.0.0.0:15002, ozone.scm.datanode.admin.monitor.interval=30s, ozone.scm.datanode.admin.monitor.logging.limit=1000, ozone.scm.datanode.disallow.same.peers=false, ozone.scm.datanode.handler.count.key=100, ozone.scm.datanode.pipeline.limit=2, ozone.scm.datanode.port=9861, ozone.scm.datanode.ratis.volume.free-space.min=1GB, ozone.scm.datanode.read.threadpool=10, ozone.scm.db.dirs.permissions=750, ozone.scm.dead.node.interval=10m, ozone.scm.ec.pipeline.minimum=5, ozone.scm.ec.pipeline.per.volume.factor=1, ozone.scm.event.ContainerReport.thread.pool.size=10, ozone.scm.expired.container.replica.op.scrub.interval=5m, ozone.scm.grpc.port=15005, ozone.scm.ha.dbtransactionbuffer.flush.interval=600s, ozone.scm.ha.grpc.deadline.interval=30m, ozone.scm.ha.raft.server.log.appender.wait-time.min=0ms, ozone.scm.ha.raft.server.rpc.first-election.timeout=1s, ozone.scm.ha.ratis.leader.election.timeout=5s, ozone.scm.ha.ratis.leader.ready.check.interval=2s, ozone.scm.ha.ratis.leader.ready.wait.timeout=60s, ozone.scm.ha.ratis.log.appender.queue.byte-limit=4MB, ozone.scm.ha.ratis.log.appender.queue.num-elements=1024, ozone.scm.ha.ratis.log.purge.enabled=false, ozone.scm.ha.ratis.log.purge.gap=1000000, ozone.scm.ha.ratis.request.timeout=30s, ozone.scm.ha.ratis.rpc.type=GRPC, ozone.scm.ha.ratis.segment.preallocated.size=4MB, ozone.scm.ha.ratis.segment.size=4MB, ozone.scm.ha.ratis.server.failure.timeout.duration=120s, ozone.scm.ha.ratis.server.leaderelection.pre-vote=true, ozone.scm.ha.ratis.server.retry.cache.timeout=60s, ozone.scm.ha.ratis.server.snapshot.creation.gap=1024, ozone.scm.ha.ratis.snapshot.threshold=1000, ozone.scm.handler.count.key=20, ozone.scm.heartbeat.log.warn.interval.count=10, ozone.scm.heartbeat.rpc-retry-count=15, ozone.scm.heartbeat.rpc-retry-interval=1s, ozone.scm.heartbeat.rpc-timeout=5s, ozone.scm.heartbeat.thread.interval=100ms, ozone.scm.http-address=0.0.0.0:15003, ozone.scm.http-bind-host=0.0.0.0, ozone.scm.http.enabled=true, ozone.scm.https-address=0.0.0.0:9877, ozone.scm.https-bind-host=0.0.0.0, ozone.scm.info.wait.duration=10m, ozone.scm.keyvalue.container.deletion-choosing.policy=org.apache.hadoop.ozone.container.common.impl.TopNOrderedContainerDeletionChoosingPolicy, ozone.scm.names=0.0.0.0:15002, ozone.scm.network.topology.schema.file=network-topology-default.xml, ozone.scm.pipeline.allocated.timeout=5m, ozone.scm.pipeline.creation.auto.factor.one=true, ozone.scm.pipeline.creation.interval=120s, ozone.scm.pipeline.destroy.timeout=66s, ozone.scm.pipeline.leader-choose.policy=org.apache.hadoop.hdds.scm.pipeline.leader.choose.algorithms.MinLeaderCountChoosePolicy, ozone.scm.pipeline.owner.container.count=1, ozone.scm.pipeline.per.metadata.disk=2, ozone.scm.pipeline.scrub.interval=5m, ozone.scm.ratis.pipeline.limit=3, ozone.scm.ratis.port=15004, ozone.scm.security.handler.count.key=2, ozone.scm.security.read.threadpool=1, ozone.scm.security.service.bind.host=0.0.0.0, ozone.scm.security.service.port=9961, ozone.scm.sequence.id.batch.size=1000, ozone.scm.skip.bootstrap.validation=false, ozone.scm.stale.node.interval=5m, ozone.security.crypto.compliance.mode=unrestricted, ozone.security.enabled=false, ozone.security.http.kerberos.enabled=false, ozone.security.reconfigure.protocol.acl=*, ozone.server.default.replication=3, ozone.server.default.replication.type=RATIS, ozone.service.shutdown.timeout=60s, ozone.snapshot.deep.cleaning.enabled=false, ozone.snapshot.deleting.limit.per.task=10, ozone.snapshot.deleting.service.interval=30s, ozone.snapshot.deleting.service.timeout=300s, ozone.snapshot.directory.service.interval=24h, ozone.snapshot.directory.service.timeout=300s, ozone.snapshot.filtering.limit.per.task=2, ozone.snapshot.filtering.service.interval=1m, ozone.snapshot.key.deleting.limit.per.task=20000, ozone.sst.filtering.service.timeout=300000ms, ozone.volume.io.percentiles.intervals.seconds=60, ozone.xceiver.client.metrics.percentiles.intervals.seconds=60, recon.om.delta.update.lag.threshold=0, recon.om.delta.update.limit=50000, rpc.engine.org.apache.hadoop.hdds.protocolPB.ReconfigureProtocolOmPB=org.apache.hadoop.ipc.ProtobufRpcEngine, rpc.engine.org.apache.hadoop.hdds.protocolPB.ReconfigureProtocolPB=org.apache.hadoop.ipc.ProtobufRpcEngine, rpc.engine.org.apache.hadoop.hdds.scm.protocolPB.ScmBlockLocationProtocolPB=org.apache.hadoop.ipc.ProtobufRpcEngine, rpc.engine.org.apache.hadoop.hdds.scm.protocolPB.StorageContainerLocationProtocolPB=org.apache.hadoop.ipc.ProtobufRpcEngine, rpc.engine.org.apache.hadoop.ozone.om.protocolPB.OMAdminProtocolPB=org.apache.hadoop.ipc.ProtobufRpcEngine, rpc.engine.org.apache.hadoop.ozone.om.protocolPB.OMInterServiceProtocolPB=org.apache.hadoop.ipc.ProtobufRpcEngine, rpc.engine.org.apache.hadoop.ozone.om.protocolPB.OzoneManagerProtocolPB=org.apache.hadoop.ipc.ProtobufRpcEngine, rpc.engine.org.apache.hadoop.ozone.protocolPB.StorageContainerDatanodeProtocolPB=org.apache.hadoop.ipc.ProtobufRpcEngine, scm.container.client.idle.threshold=10s, scm.container.client.max.size=256, test.scm.client.address=localhost, test.scm.client.bind.host=0.0.0.0, test.scm.client.class=java.lang.Object, test.scm.client.compression.enabled=true, test.scm.client.duration=1h, test.scm.client.enabled=true, test.scm.client.port=9878, test.scm.client.threshold=10, test.scm.client.wait=30m}
************************************************************/
2025-05-13 08:08:46,523 [main] INFO  s3.Gateway (SignalLogger.java:register(99)) - registered UNIX signal handlers for [SIGHUP, SIGINT, SIGTERM]
2025-05-13 08:08:46,535 [main] INFO  s3.Gateway (Gateway.java:start(102)) - Starting Ozone S3 gateway
2025-05-13 08:08:46,535 [main] INFO  impl.MetricsSystemImpl (MetricsSystemImpl.java:init(158)) - S3Gateway metrics system started (again)
2025-05-13 08:08:46,548 [JvmPauseMonitor6] INFO  util.JvmPauseMonitor (JvmPauseMonitor.java:run(146)) - JvmPauseMonitor-S3G: Started
2025-05-13 08:08:46,549 [main] INFO  http.HttpServer2 (HttpServer2.java:bindListener(1242)) - Jetty bound to port 15050
2025-05-13 08:08:46,549 [main] INFO  server.Server (Server.java:doStart(375)) - jetty-9.4.57.v20241219; built: 2025-01-08T21:24:30.412Z; git: df524e6b29271c2e09ba9aea83c18dc9db464a31; jvm 21.0.7+6-LTS
2025-05-13 08:08:46,583 [IPC Server handler 10 on default port 15002] INFO  net.NetworkTopologyImpl (NetworkTopologyImpl.java:add(133)) - Added a new node: /default-rack/d9a075f3-fd90-436c-93e2-379adbc01ef0
2025-05-13 08:08:46,583 [IPC Server handler 10 on default port 15002] INFO  node.SCMNodeManager (SCMNodeManager.java:register(426)) - Registered datanode: d9a075f3-fd90-436c-93e2-379adbc01ef0{ip: 127.0.0.1, host: localhost, ports: [HTTP=15018, CLIENT_RPC=15019, REPLICATION=15025, RATIS=15021, RATIS_ADMIN=15022, RATIS_SERVER=15023, RATIS_DATASTREAM=15024, STANDALONE=15020], networkLocation: /default-rack, certSerialId: null, persistedOpState: null, persistedOpStateExpiryEpochSec: 0}
2025-05-13 08:08:46,584 [EventQueue-ContainerRegistrationReportForRatisContainerSafeModeRule] INFO  safemode.SCMSafeModeManager (SCMSafeModeManager.java:validateSafeModeExitRules(140)) - RatisContainerSafeModeRule rule is successfully validated
2025-05-13 08:08:46,584 [EventQueue-ContainerRegistrationReportForECContainerSafeModeRule] INFO  safemode.SCMSafeModeManager (SCMSafeModeManager.java:validateSafeModeExitRules(140)) - ECContainerSafeModeRule rule is successfully validated
2025-05-13 08:08:46,585 [EventQueue-NodeRegistrationContainerReportForDataNodeSafeModeRule] INFO  safemode.SCMSafeModeManager (DataNodeSafeModeRule.java:process(79)) - SCM in safe mode. 2 DataNodes registered, 3 required.
2025-05-13 08:08:46,585 [EventQueue-PipelineReportForOneReplicaPipelineSafeModeRule] INFO  safemode.SCMSafeModeManager (SCMSafeModeManager.java:validateSafeModeExitRules(140)) - AtleastOneDatanodeReportedRule rule is successfully validated
2025-05-13 08:08:46,586 [EventQueue-NewNodeForNewNodeHandler] INFO  pipeline.BackgroundPipelineCreator (BackgroundPipelineCreator.java:notifyEventTriggered(290)) - trigger a one-shot run on RatisPipelineUtilsThread.
2025-05-13 08:08:46,587 [RatisPipelineUtilsThread-0] INFO  pipeline.RatisPipelineProvider (RatisPipelineProvider.java:lambda$create$0(208)) - Sending CreatePipelineCommand for pipeline:PipelineID=52b1cad3-e50f-4069-a1eb-040dd8d60fac to datanode:d9a075f3-fd90-436c-93e2-379adbc01ef0(localhost/127.0.0.1)
2025-05-13 08:08:46,593 [c3acf90a-cae3-4912-9a93-76f770441a06@group-F289B69B5230-StateMachineUpdater] INFO  safemode.SCMSafeModeManager (SCMSafeModeManager.java:validateSafeModeExitRules(140)) - RatisContainerSafeModeRule rule is successfully validated
2025-05-13 08:08:46,593 [c3acf90a-cae3-4912-9a93-76f770441a06@group-F289B69B5230-StateMachineUpdater] INFO  safemode.HealthyPipelineSafeModeRule (HealthyPipelineSafeModeRule.java:initializeRule(173)) - Refreshed total pipeline count is 0, healthy pipeline threshold count is 1
2025-05-13 08:08:46,593 [c3acf90a-cae3-4912-9a93-76f770441a06@group-F289B69B5230-StateMachineUpdater] INFO  safemode.SCMSafeModeManager (SCMSafeModeManager.java:validateSafeModeExitRules(140)) - ECContainerSafeModeRule rule is successfully validated
2025-05-13 08:08:46,593 [c3acf90a-cae3-4912-9a93-76f770441a06@group-F289B69B5230-StateMachineUpdater] INFO  safemode.SCMSafeModeManager (SCMSafeModeManager.java:validateSafeModeExitRules(140)) - AtleastOneDatanodeReportedRule rule is successfully validated
2025-05-13 08:08:46,594 [RatisPipelineUtilsThread-0] INFO  pipeline.BackgroundPipelineCreator (BackgroundPipelineCreator.java:createPipelines(246)) - Created new pipeline Pipeline{ Id: 52b1cad3-e50f-4069-a1eb-040dd8d60fac, Nodes: [ {d9a075f3-fd90-436c-93e2-379adbc01ef0(localhost/127.0.0.1), ReplicaIndex: 0},], ReplicationConfig: RATIS/ONE, State:ALLOCATED, leaderId:, CreationTimestamp2025-05-13T08:08:46.587115632Z[Etc/UTC]}
2025-05-13 08:08:46,655 [0cacbd4a-5010-47a3-9155-fc9857e0e4f0-EndpointStateMachineTaskThread-/0.0.0.0:15002-0 ] INFO  utils.DatanodeStoreCache (DatanodeStoreCache.java:addDB(70)) - Added db /home/runner/work/ozone/ozone/hadoop-ozone/integration-test-s3/target/test-dir/MiniOzoneClusterImpl-51e975e3-87ca-4f9c-b22e-f289b69b5230/ozone-meta/datanode-4/data-0/hdds/51e975e3-87ca-4f9c-b22e-f289b69b5230/DS-72bdd01c-1139-4bee-b3f6-e17cfaced464/container.db to cache
2025-05-13 08:08:46,655 [0cacbd4a-5010-47a3-9155-fc9857e0e4f0-EndpointStateMachineTaskThread-/0.0.0.0:15002-0 ] INFO  volume.HddsVolume (HddsVolume.java:createDbStore(510)) - SchemaV3 db is created and loaded at /home/runner/work/ozone/ozone/hadoop-ozone/integration-test-s3/target/test-dir/MiniOzoneClusterImpl-51e975e3-87ca-4f9c-b22e-f289b69b5230/ozone-meta/datanode-4/data-0/hdds/51e975e3-87ca-4f9c-b22e-f289b69b5230/DS-72bdd01c-1139-4bee-b3f6-e17cfaced464/container.db for volume DS-72bdd01c-1139-4bee-b3f6-e17cfaced464
2025-05-13 08:08:46,660 [0cacbd4a-5010-47a3-9155-fc9857e0e4f0-ContainerReader-0] INFO  ozoneimpl.ContainerReader (ContainerReader.java:readVolume(144)) - Start to verify containers on volume /home/runner/work/ozone/ozone/hadoop-ozone/integration-test-s3/target/test-dir/MiniOzoneClusterImpl-51e975e3-87ca-4f9c-b22e-f289b69b5230/ozone-meta/datanode-4/data-0/hdds
2025-05-13 08:08:46,660 [0cacbd4a-5010-47a3-9155-fc9857e0e4f0-ContainerReader-0] INFO  ozoneimpl.ContainerReader (ContainerReader.java:readVolume(174)) - Finish verifying containers on volume /home/runner/work/ozone/ozone/hadoop-ozone/integration-test-s3/target/test-dir/MiniOzoneClusterImpl-51e975e3-87ca-4f9c-b22e-f289b69b5230/ozone-meta/datanode-4/data-0/hdds
2025-05-13 08:08:46,660 [0cacbd4a-5010-47a3-9155-fc9857e0e4f0-EndpointStateMachineTaskThread-/0.0.0.0:15002-0 ] INFO  ozoneimpl.OzoneContainer (OzoneContainer.java:buildContainerSet(364)) - Build ContainerSet costs 0s
2025-05-13 08:08:46,661 [0cacbd4a-5010-47a3-9155-fc9857e0e4f0-EndpointStateMachineTaskThread-/0.0.0.0:15002-0 ] INFO  volume.ThrottledAsyncChecker (ThrottledAsyncChecker.java:schedule(138)) - Scheduling a check for /home/runner/work/ozone/ozone/hadoop-ozone/integration-test-s3/target/test-dir/MiniOzoneClusterImpl-51e975e3-87ca-4f9c-b22e-f289b69b5230/ozone-meta/datanode-4/data-0/hdds
2025-05-13 08:08:46,662 [0cacbd4a-5010-47a3-9155-fc9857e0e4f0-EndpointStateMachineTaskThread-/0.0.0.0:15002-0 ] INFO  volume.StorageVolumeChecker (StorageVolumeChecker.java:checkAllVolumes(215)) - Scheduled health check for volume /home/runner/work/ozone/ozone/hadoop-ozone/integration-test-s3/target/test-dir/MiniOzoneClusterImpl-51e975e3-87ca-4f9c-b22e-f289b69b5230/ozone-meta/datanode-4/data-0/hdds
2025-05-13 08:08:46,665 [0cacbd4a-5010-47a3-9155-fc9857e0e4f0-EndpointStateMachineTaskThread-/0.0.0.0:15002-0 ] INFO  volume.ThrottledAsyncChecker (ThrottledAsyncChecker.java:schedule(138)) - Scheduling a check for /home/runner/work/ozone/ozone/hadoop-ozone/integration-test-s3/target/test-dir/MiniOzoneClusterImpl-51e975e3-87ca-4f9c-b22e-f289b69b5230/ozone-meta/datanode-4/ratis
2025-05-13 08:08:46,665 [0cacbd4a-5010-47a3-9155-fc9857e0e4f0-EndpointStateMachineTaskThread-/0.0.0.0:15002-0 ] INFO  volume.StorageVolumeChecker (StorageVolumeChecker.java:checkAllVolumes(215)) - Scheduled health check for volume /home/runner/work/ozone/ozone/hadoop-ozone/integration-test-s3/target/test-dir/MiniOzoneClusterImpl-51e975e3-87ca-4f9c-b22e-f289b69b5230/ozone-meta/datanode-4/ratis
2025-05-13 08:08:46,666 [0cacbd4a-5010-47a3-9155-fc9857e0e4f0-EndpointStateMachineTaskThread-/0.0.0.0:15002-0 ] INFO  ozoneimpl.OzoneContainer (OzoneContainer.java:start(512)) - Attempting to start container services.
2025-05-13 08:08:46,666 [0cacbd4a-5010-47a3-9155-fc9857e0e4f0-EndpointStateMachineTaskThread-/0.0.0.0:15002-0 ] WARN  ozoneimpl.OnDemandContainerDataScanner (OnDemandContainerDataScanner.java:init(74)) - Trying to initialize on demand scanner a second time on a datanode.
2025-05-13 08:08:46,667 [ContainerMetadataScanner] INFO  ozoneimpl.AbstractBackgroundContainerScanner (AbstractBackgroundContainerScanner.java:runIteration(89)) - Completed an iteration in 0 minutes. Number of iterations (since the data-node restart) : 1, Number of containers scanned in this iteration : 0, Number of unhealthy containers found in this iteration : 0
2025-05-13 08:08:46,668 [ContainerDataScanner(/home/runner/work/ozone/ozone/hadoop-ozone/integration-test-s3/target/test-dir/MiniOzoneClusterImpl-51e975e3-87ca-4f9c-b22e-f289b69b5230/ozone-meta/datanode-4/data-0/hdds)] INFO  ozoneimpl.AbstractBackgroundContainerScanner (AbstractBackgroundContainerScanner.java:runIteration(89)) - Completed an iteration in 0 minutes. Number of iterations (since the data-node restart) : 1, Number of containers scanned in this iteration : 0, Number of unhealthy containers found in this iteration : 0
2025-05-13 08:08:46,670 [0cacbd4a-5010-47a3-9155-fc9857e0e4f0-EndpointStateMachineTaskThread-/0.0.0.0:15002-0 ] INFO  replication.ReplicationServer (ReplicationServer.java:start(137)) - ReplicationServer is started using port 15041
2025-05-13 08:08:46,671 [0cacbd4a-5010-47a3-9155-fc9857e0e4f0-EndpointStateMachineTaskThread-/0.0.0.0:15002-0 ] INFO  ratis.XceiverServerRatis (XceiverServerRatis.java:start(559)) - Starting XceiverServerRatis(0cacbd4a-5010-47a3-9155-fc9857e0e4f0)
2025-05-13 08:08:46,673 [0cacbd4a-5010-47a3-9155-fc9857e0e4f0-EndpointStateMachineTaskThread-/0.0.0.0:15002-0 ] INFO  server.RaftServer (RaftServerProxy.java:startImpl(407)) - 0cacbd4a-5010-47a3-9155-fc9857e0e4f0: start RPC server
2025-05-13 08:08:46,674 [0cacbd4a-5010-47a3-9155-fc9857e0e4f0-EndpointStateMachineTaskThread-/0.0.0.0:15002-0 ] INFO  server.GrpcService (GrpcService.java:startImpl(334)) - 0cacbd4a-5010-47a3-9155-fc9857e0e4f0: GrpcService started, listening on 15037
2025-05-13 08:08:46,674 [0cacbd4a-5010-47a3-9155-fc9857e0e4f0-EndpointStateMachineTaskThread-/0.0.0.0:15002-0 ] INFO  server.GrpcService (GrpcService.java:startImpl(334)) - 0cacbd4a-5010-47a3-9155-fc9857e0e4f0: GrpcService started, listening on 15039
2025-05-13 08:08:46,675 [0cacbd4a-5010-47a3-9155-fc9857e0e4f0-EndpointStateMachineTaskThread-/0.0.0.0:15002-0 ] INFO  server.GrpcService (GrpcService.java:startImpl(334)) - 0cacbd4a-5010-47a3-9155-fc9857e0e4f0: GrpcService started, listening on 15038
2025-05-13 08:08:46,678 [0cacbd4a-5010-47a3-9155-fc9857e0e4f0-EndpointStateMachineTaskThread-/0.0.0.0:15002-0 ] INFO  ratis.XceiverServerRatis (XceiverServerRatis.java:getRealPort(586)) - XceiverServerRatis(0cacbd4a-5010-47a3-9155-fc9857e0e4f0) is started using port RATIS=15037
2025-05-13 08:08:46,678 [0cacbd4a-5010-47a3-9155-fc9857e0e4f0-EndpointStateMachineTaskThread-/0.0.0.0:15002-0 ] INFO  ratis.XceiverServerRatis (XceiverServerRatis.java:getRealPort(586)) - XceiverServerRatis(0cacbd4a-5010-47a3-9155-fc9857e0e4f0) is started using port RATIS_ADMIN=15038
2025-05-13 08:08:46,678 [0cacbd4a-5010-47a3-9155-fc9857e0e4f0-EndpointStateMachineTaskThread-/0.0.0.0:15002-0 ] INFO  ratis.XceiverServerRatis (XceiverServerRatis.java:getRealPort(586)) - XceiverServerRatis(0cacbd4a-5010-47a3-9155-fc9857e0e4f0) is started using port RATIS_SERVER=15039
2025-05-13 08:08:46,678 [JvmPauseMonitor7] INFO  util.JvmPauseMonitor (JvmPauseMonitor.java:run(146)) - JvmPauseMonitor-0cacbd4a-5010-47a3-9155-fc9857e0e4f0: Started
2025-05-13 08:08:46,679 [0cacbd4a-5010-47a3-9155-fc9857e0e4f0-EndpointStateMachineTaskThread-/0.0.0.0:15002-0 ] INFO  ratis.XceiverServerRatis (XceiverServerRatis.java:getRealPort(586)) - XceiverServerRatis(0cacbd4a-5010-47a3-9155-fc9857e0e4f0) is started using port RATIS_DATASTREAM=15040
2025-05-13 08:08:46,679 [main] INFO  server.session (DefaultSessionIdManager.java:doStart(334)) - DefaultSessionIdManager workerName=node0
2025-05-13 08:08:46,679 [main] INFO  server.session (DefaultSessionIdManager.java:doStart(339)) - No SessionScavenger set, using defaults
2025-05-13 08:08:46,679 [main] INFO  server.session (HouseKeeper.java:startScavenging(132)) - node0 Scavenging every 600000ms
2025-05-13 08:08:46,682 [0cacbd4a-5010-47a3-9155-fc9857e0e4f0-BlockDeletingService#0] INFO  interfaces.ContainerDeletionChoosingPolicyTemplate (ContainerDeletionChoosingPolicyTemplate.java:chooseContainerForBlockDeletion(83)) - Chosen 0/5000 blocks from 0 candidate containers.
2025-05-13 08:08:46,837 [IPC Server handler 3 on default port 15002] INFO  net.NetworkTopologyImpl (NetworkTopologyImpl.java:add(133)) - Added a new node: /default-rack/4fab203c-b5a4-47f8-9680-c8b7d06953a5
2025-05-13 08:08:46,837 [IPC Server handler 3 on default port 15002] INFO  node.SCMNodeManager (SCMNodeManager.java:register(426)) - Registered datanode: 4fab203c-b5a4-47f8-9680-c8b7d06953a5{ip: 127.0.0.1, host: localhost, ports: [HTTP=15026, CLIENT_RPC=15027, REPLICATION=15033, RATIS=15029, RATIS_ADMIN=15030, RATIS_SERVER=15031, RATIS_DATASTREAM=15032, STANDALONE=15028], networkLocation: /default-rack, certSerialId: null, persistedOpState: null, persistedOpStateExpiryEpochSec: 0}
2025-05-13 08:08:46,838 [EventQueue-NewNodeForNewNodeHandler] INFO  pipeline.BackgroundPipelineCreator (BackgroundPipelineCreator.java:notifyEventTriggered(290)) - trigger a one-shot run on RatisPipelineUtilsThread.
2025-05-13 08:08:46,840 [EventQueue-NodeRegistrationContainerReportForDataNodeSafeModeRule] INFO  safemode.SCMSafeModeManager (DataNodeSafeModeRule.java:process(79)) - SCM in safe mode. 3 DataNodes registered, 3 required.
2025-05-13 08:08:46,840 [EventQueue-NodeRegistrationContainerReportForDataNodeSafeModeRule] INFO  safemode.SCMSafeModeManager (SCMSafeModeManager.java:validateSafeModeExitRules(140)) - DataNodeSafeModeRule rule is successfully validated
2025-05-13 08:08:46,840 [EventQueue-NodeRegistrationContainerReportForDataNodeSafeModeRule] INFO  safemode.SCMSafeModeManager (SCMSafeModeManager.java:completePreCheck(167)) - All SCM safe mode pre check rules have passed
2025-05-13 08:08:46,840 [EventQueue-NodeRegistrationContainerReportForDataNodeSafeModeRule] INFO  ha.SCMContext (SCMContext.java:updateSafeModeStatus(224)) - Update SafeModeStatus from SafeModeStatus{safeModeStatus=true, preCheckPassed=false} to SafeModeStatus{safeModeStatus=true, preCheckPassed=true}.
2025-05-13 08:08:46,840 [EventQueue-NodeRegistrationContainerReportForDataNodeSafeModeRule] INFO  pipeline.BackgroundPipelineCreator (BackgroundPipelineCreator.java:notifyEventTriggered(290)) - trigger a one-shot run on RatisPipelineUtilsThread.
2025-05-13 08:08:46,840 [RatisPipelineUtilsThread-0] INFO  pipeline.RatisPipelineProvider (RatisPipelineProvider.java:lambda$create$0(208)) - Sending CreatePipelineCommand for pipeline:PipelineID=d31bf8a3-743c-44ee-a08d-2f7d8030d9bb to datanode:4fab203c-b5a4-47f8-9680-c8b7d06953a5(localhost/127.0.0.1)
2025-05-13 08:08:46,840 [EventQueue-PipelineReportForOneReplicaPipelineSafeModeRule] INFO  safemode.SCMSafeModeManager (SCMSafeModeManager.java:validateSafeModeExitRules(140)) - AtleastOneDatanodeReportedRule rule is successfully validated
2025-05-13 08:08:46,840 [EventQueue-ContainerRegistrationReportForECContainerSafeModeRule] INFO  safemode.SCMSafeModeManager (SCMSafeModeManager.java:validateSafeModeExitRules(140)) - ECContainerSafeModeRule rule is successfully validated
2025-05-13 08:08:46,840 [EventQueue-ContainerRegistrationReportForRatisContainerSafeModeRule] INFO  safemode.SCMSafeModeManager (SCMSafeModeManager.java:validateSafeModeExitRules(140)) - RatisContainerSafeModeRule rule is successfully validated
2025-05-13 08:08:46,851 [c3acf90a-cae3-4912-9a93-76f770441a06@group-F289B69B5230-StateMachineUpdater] INFO  safemode.SCMSafeModeManager (SCMSafeModeManager.java:validateSafeModeExitRules(140)) - DataNodeSafeModeRule rule is successfully validated
2025-05-13 08:08:46,852 [c3acf90a-cae3-4912-9a93-76f770441a06@group-F289B69B5230-StateMachineUpdater] INFO  safemode.SCMSafeModeManager (SCMSafeModeManager.java:validateSafeModeExitRules(140)) - RatisContainerSafeModeRule rule is successfully validated
2025-05-13 08:08:46,853 [c3acf90a-cae3-4912-9a93-76f770441a06@group-F289B69B5230-StateMachineUpdater] INFO  safemode.HealthyPipelineSafeModeRule (HealthyPipelineSafeModeRule.java:initializeRule(173)) - Refreshed total pipeline count is 0, healthy pipeline threshold count is 1
2025-05-13 08:08:46,853 [c3acf90a-cae3-4912-9a93-76f770441a06@group-F289B69B5230-StateMachineUpdater] INFO  safemode.SCMSafeModeManager (SCMSafeModeManager.java:validateSafeModeExitRules(140)) - ECContainerSafeModeRule rule is successfully validated
2025-05-13 08:08:46,853 [c3acf90a-cae3-4912-9a93-76f770441a06@group-F289B69B5230-StateMachineUpdater] INFO  safemode.SCMSafeModeManager (SCMSafeModeManager.java:validateSafeModeExitRules(140)) - AtleastOneDatanodeReportedRule rule is successfully validated
2025-05-13 08:08:46,856 [RatisPipelineUtilsThread-0] INFO  pipeline.BackgroundPipelineCreator (BackgroundPipelineCreator.java:createPipelines(246)) - Created new pipeline Pipeline{ Id: d31bf8a3-743c-44ee-a08d-2f7d8030d9bb, Nodes: [ {4fab203c-b5a4-47f8-9680-c8b7d06953a5(localhost/127.0.0.1), ReplicaIndex: 0},], ReplicationConfig: RATIS/ONE, State:ALLOCATED, leaderId:, CreationTimestamp2025-05-13T08:08:46.839485649Z[Etc/UTC]}
2025-05-13 08:08:46,866 [RatisPipelineUtilsThread-0] INFO  pipeline.RatisPipelineProvider (RatisPipelineProvider.java:lambda$create$0(208)) - Sending CreatePipelineCommand for pipeline:PipelineID=44e939c1-ecf5-490d-8799-d61d47490dc1 to datanode:4fab203c-b5a4-47f8-9680-c8b7d06953a5(localhost/127.0.0.1)
2025-05-13 08:08:46,866 [RatisPipelineUtilsThread-0] INFO  pipeline.RatisPipelineProvider (RatisPipelineProvider.java:lambda$create$0(208)) - Sending CreatePipelineCommand for pipeline:PipelineID=44e939c1-ecf5-490d-8799-d61d47490dc1 to datanode:408a00a1-9245-41fc-8d00-8f9b4b0cd246(localhost/127.0.0.1)
2025-05-13 08:08:46,866 [RatisPipelineUtilsThread-0] INFO  pipeline.RatisPipelineProvider (RatisPipelineProvider.java:lambda$create$0(208)) - Sending CreatePipelineCommand for pipeline:PipelineID=44e939c1-ecf5-490d-8799-d61d47490dc1 to datanode:d9a075f3-fd90-436c-93e2-379adbc01ef0(localhost/127.0.0.1)
2025-05-13 08:08:46,872 [c3acf90a-cae3-4912-9a93-76f770441a06@group-F289B69B5230-StateMachineUpdater] INFO  safemode.SCMSafeModeManager (SCMSafeModeManager.java:validateSafeModeExitRules(140)) - DataNodeSafeModeRule rule is successfully validated
2025-05-13 08:08:46,872 [c3acf90a-cae3-4912-9a93-76f770441a06@group-F289B69B5230-StateMachineUpdater] INFO  safemode.SCMSafeModeManager (SCMSafeModeManager.java:validateSafeModeExitRules(140)) - RatisContainerSafeModeRule rule is successfully validated
2025-05-13 08:08:46,872 [c3acf90a-cae3-4912-9a93-76f770441a06@group-F289B69B5230-StateMachineUpdater] INFO  safemode.HealthyPipelineSafeModeRule (HealthyPipelineSafeModeRule.java:initializeRule(173)) - Refreshed total pipeline count is 0, healthy pipeline threshold count is 1
2025-05-13 08:08:46,872 [c3acf90a-cae3-4912-9a93-76f770441a06@group-F289B69B5230-StateMachineUpdater] INFO  safemode.SCMSafeModeManager (SCMSafeModeManager.java:validateSafeModeExitRules(140)) - ECContainerSafeModeRule rule is successfully validated
2025-05-13 08:08:46,872 [c3acf90a-cae3-4912-9a93-76f770441a06@group-F289B69B5230-StateMachineUpdater] INFO  safemode.SCMSafeModeManager (SCMSafeModeManager.java:validateSafeModeExitRules(140)) - AtleastOneDatanodeReportedRule rule is successfully validated
2025-05-13 08:08:46,873 [RatisPipelineUtilsThread-0] INFO  pipeline.BackgroundPipelineCreator (BackgroundPipelineCreator.java:createPipelines(246)) - Created new pipeline Pipeline{ Id: 44e939c1-ecf5-490d-8799-d61d47490dc1, Nodes: [ {4fab203c-b5a4-47f8-9680-c8b7d06953a5(localhost/127.0.0.1), ReplicaIndex: 0}, {408a00a1-9245-41fc-8d00-8f9b4b0cd246(localhost/127.0.0.1), ReplicaIndex: 0}, {d9a075f3-fd90-436c-93e2-379adbc01ef0(localhost/127.0.0.1), ReplicaIndex: 0},], ReplicationConfig: RATIS/THREE, State:ALLOCATED, leaderId:, CreationTimestamp2025-05-13T08:08:46.866076776Z[Etc/UTC]}
2025-05-13 08:08:46,874 [RatisPipelineUtilsThread-0] INFO  pipeline.RatisPipelineProvider (RatisPipelineProvider.java:lambda$create$0(208)) - Sending CreatePipelineCommand for pipeline:PipelineID=6b135c00-0d00-4153-8b1b-fd863bc0d192 to datanode:d9a075f3-fd90-436c-93e2-379adbc01ef0(localhost/127.0.0.1)
2025-05-13 08:08:46,874 [RatisPipelineUtilsThread-0] INFO  pipeline.RatisPipelineProvider (RatisPipelineProvider.java:lambda$create$0(208)) - Sending CreatePipelineCommand for pipeline:PipelineID=6b135c00-0d00-4153-8b1b-fd863bc0d192 to datanode:408a00a1-9245-41fc-8d00-8f9b4b0cd246(localhost/127.0.0.1)
2025-05-13 08:08:46,874 [RatisPipelineUtilsThread-0] INFO  pipeline.RatisPipelineProvider (RatisPipelineProvider.java:lambda$create$0(208)) - Sending CreatePipelineCommand for pipeline:PipelineID=6b135c00-0d00-4153-8b1b-fd863bc0d192 to datanode:4fab203c-b5a4-47f8-9680-c8b7d06953a5(localhost/127.0.0.1)
2025-05-13 08:08:46,879 [c3acf90a-cae3-4912-9a93-76f770441a06@group-F289B69B5230-StateMachineUpdater] INFO  safemode.SCMSafeModeManager (SCMSafeModeManager.java:validateSafeModeExitRules(140)) - DataNodeSafeModeRule rule is successfully validated
2025-05-13 08:08:46,879 [c3acf90a-cae3-4912-9a93-76f770441a06@group-F289B69B5230-StateMachineUpdater] INFO  safemode.SCMSafeModeManager (SCMSafeModeManager.java:validateSafeModeExitRules(140)) - RatisContainerSafeModeRule rule is successfully validated
2025-05-13 08:08:46,879 [c3acf90a-cae3-4912-9a93-76f770441a06@group-F289B69B5230-StateMachineUpdater] INFO  safemode.HealthyPipelineSafeModeRule (HealthyPipelineSafeModeRule.java:initializeRule(173)) - Refreshed total pipeline count is 0, healthy pipeline threshold count is 1
2025-05-13 08:08:46,879 [c3acf90a-cae3-4912-9a93-76f770441a06@group-F289B69B5230-StateMachineUpdater] INFO  safemode.SCMSafeModeManager (SCMSafeModeManager.java:validateSafeModeExitRules(140)) - ECContainerSafeModeRule rule is successfully validated
2025-05-13 08:08:46,879 [c3acf90a-cae3-4912-9a93-76f770441a06@group-F289B69B5230-StateMachineUpdater] INFO  safemode.SCMSafeModeManager (SCMSafeModeManager.java:validateSafeModeExitRules(140)) - AtleastOneDatanodeReportedRule rule is successfully validated
2025-05-13 08:08:46,880 [RatisPipelineUtilsThread-0] INFO  pipeline.PipelineManagerImpl (PipelineManagerImpl.java:recordMetricsForPipeline(907)) - Pipeline: PipelineID=6b135c00-0d00-4153-8b1b-fd863bc0d192 contains same datanodes as previous pipelines: PipelineID=44e939c1-ecf5-490d-8799-d61d47490dc1 nodeIds: d9a075f3-fd90-436c-93e2-379adbc01ef0, 408a00a1-9245-41fc-8d00-8f9b4b0cd246, 4fab203c-b5a4-47f8-9680-c8b7d06953a5
2025-05-13 08:08:46,880 [RatisPipelineUtilsThread-0] INFO  pipeline.BackgroundPipelineCreator (BackgroundPipelineCreator.java:createPipelines(246)) - Created new pipeline Pipeline{ Id: 6b135c00-0d00-4153-8b1b-fd863bc0d192, Nodes: [ {d9a075f3-fd90-436c-93e2-379adbc01ef0(localhost/127.0.0.1), ReplicaIndex: 0}, {408a00a1-9245-41fc-8d00-8f9b4b0cd246(localhost/127.0.0.1), ReplicaIndex: 0}, {4fab203c-b5a4-47f8-9680-c8b7d06953a5(localhost/127.0.0.1), ReplicaIndex: 0},], ReplicationConfig: RATIS/THREE, State:ALLOCATED, leaderId:, CreationTimestamp2025-05-13T08:08:46.874477629Z[Etc/UTC]}
2025-05-13 08:08:46,916 [9d757f8d-7764-4ec4-a5e9-2e6ef5bbd552-EndpointStateMachineTaskThread-/0.0.0.0:15002-0 ] INFO  utils.DatanodeStoreCache (DatanodeStoreCache.java:addDB(70)) - Added db /home/runner/work/ozone/ozone/hadoop-ozone/integration-test-s3/target/test-dir/MiniOzoneClusterImpl-51e975e3-87ca-4f9c-b22e-f289b69b5230/ozone-meta/datanode-5/data-0/hdds/51e975e3-87ca-4f9c-b22e-f289b69b5230/DS-1c7781ff-9f02-4e09-ab1a-f30806745179/container.db to cache
2025-05-13 08:08:46,917 [9d757f8d-7764-4ec4-a5e9-2e6ef5bbd552-EndpointStateMachineTaskThread-/0.0.0.0:15002-0 ] INFO  volume.HddsVolume (HddsVolume.java:createDbStore(510)) - SchemaV3 db is created and loaded at /home/runner/work/ozone/ozone/hadoop-ozone/integration-test-s3/target/test-dir/MiniOzoneClusterImpl-51e975e3-87ca-4f9c-b22e-f289b69b5230/ozone-meta/datanode-5/data-0/hdds/51e975e3-87ca-4f9c-b22e-f289b69b5230/DS-1c7781ff-9f02-4e09-ab1a-f30806745179/container.db for volume DS-1c7781ff-9f02-4e09-ab1a-f30806745179
2025-05-13 08:08:46,922 [9d757f8d-7764-4ec4-a5e9-2e6ef5bbd552-ContainerReader-0] INFO  ozoneimpl.ContainerReader (ContainerReader.java:readVolume(144)) - Start to verify containers on volume /home/runner/work/ozone/ozone/hadoop-ozone/integration-test-s3/target/test-dir/MiniOzoneClusterImpl-51e975e3-87ca-4f9c-b22e-f289b69b5230/ozone-meta/datanode-5/data-0/hdds
2025-05-13 08:08:46,922 [9d757f8d-7764-4ec4-a5e9-2e6ef5bbd552-ContainerReader-0] INFO  ozoneimpl.ContainerReader (ContainerReader.java:readVolume(174)) - Finish verifying containers on volume /home/runner/work/ozone/ozone/hadoop-ozone/integration-test-s3/target/test-dir/MiniOzoneClusterImpl-51e975e3-87ca-4f9c-b22e-f289b69b5230/ozone-meta/datanode-5/data-0/hdds
2025-05-13 08:08:46,922 [9d757f8d-7764-4ec4-a5e9-2e6ef5bbd552-EndpointStateMachineTaskThread-/0.0.0.0:15002-0 ] INFO  ozoneimpl.OzoneContainer (OzoneContainer.java:buildContainerSet(364)) - Build ContainerSet costs 0s
2025-05-13 08:08:46,923 [9d757f8d-7764-4ec4-a5e9-2e6ef5bbd552-EndpointStateMachineTaskThread-/0.0.0.0:15002-0 ] INFO  volume.ThrottledAsyncChecker (ThrottledAsyncChecker.java:schedule(138)) - Scheduling a check for /home/runner/work/ozone/ozone/hadoop-ozone/integration-test-s3/target/test-dir/MiniOzoneClusterImpl-51e975e3-87ca-4f9c-b22e-f289b69b5230/ozone-meta/datanode-5/data-0/hdds
2025-05-13 08:08:46,924 [9d757f8d-7764-4ec4-a5e9-2e6ef5bbd552-EndpointStateMachineTaskThread-/0.0.0.0:15002-0 ] INFO  volume.StorageVolumeChecker (StorageVolumeChecker.java:checkAllVolumes(215)) - Scheduled health check for volume /home/runner/work/ozone/ozone/hadoop-ozone/integration-test-s3/target/test-dir/MiniOzoneClusterImpl-51e975e3-87ca-4f9c-b22e-f289b69b5230/ozone-meta/datanode-5/data-0/hdds
2025-05-13 08:08:46,929 [9d757f8d-7764-4ec4-a5e9-2e6ef5bbd552-EndpointStateMachineTaskThread-/0.0.0.0:15002-0 ] INFO  volume.ThrottledAsyncChecker (ThrottledAsyncChecker.java:schedule(138)) - Scheduling a check for /home/runner/work/ozone/ozone/hadoop-ozone/integration-test-s3/target/test-dir/MiniOzoneClusterImpl-51e975e3-87ca-4f9c-b22e-f289b69b5230/ozone-meta/datanode-5/ratis
2025-05-13 08:08:46,929 [9d757f8d-7764-4ec4-a5e9-2e6ef5bbd552-EndpointStateMachineTaskThread-/0.0.0.0:15002-0 ] INFO  volume.StorageVolumeChecker (StorageVolumeChecker.java:checkAllVolumes(215)) - Scheduled health check for volume /home/runner/work/ozone/ozone/hadoop-ozone/integration-test-s3/target/test-dir/MiniOzoneClusterImpl-51e975e3-87ca-4f9c-b22e-f289b69b5230/ozone-meta/datanode-5/ratis
2025-05-13 08:08:46,936 [9d757f8d-7764-4ec4-a5e9-2e6ef5bbd552-EndpointStateMachineTaskThread-/0.0.0.0:15002-0 ] INFO  ozoneimpl.OzoneContainer (OzoneContainer.java:start(512)) - Attempting to start container services.
2025-05-13 08:08:46,936 [9d757f8d-7764-4ec4-a5e9-2e6ef5bbd552-EndpointStateMachineTaskThread-/0.0.0.0:15002-0 ] WARN  ozoneimpl.OnDemandContainerDataScanner (OnDemandContainerDataScanner.java:init(74)) - Trying to initialize on demand scanner a second time on a datanode.
2025-05-13 08:08:46,939 [ContainerMetadataScanner] INFO  ozoneimpl.AbstractBackgroundContainerScanner (AbstractBackgroundContainerScanner.java:runIteration(89)) - Completed an iteration in 0 minutes. Number of iterations (since the data-node restart) : 1, Number of containers scanned in this iteration : 0, Number of unhealthy containers found in this iteration : 0
2025-05-13 08:08:46,939 [ContainerDataScanner(/home/runner/work/ozone/ozone/hadoop-ozone/integration-test-s3/target/test-dir/MiniOzoneClusterImpl-51e975e3-87ca-4f9c-b22e-f289b69b5230/ozone-meta/datanode-5/data-0/hdds)] INFO  ozoneimpl.AbstractBackgroundContainerScanner (AbstractBackgroundContainerScanner.java:runIteration(89)) - Completed an iteration in 0 minutes. Number of iterations (since the data-node restart) : 1, Number of containers scanned in this iteration : 0, Number of unhealthy containers found in this iteration : 0
2025-05-13 08:08:46,940 [9d757f8d-7764-4ec4-a5e9-2e6ef5bbd552-EndpointStateMachineTaskThread-/0.0.0.0:15002-0 ] INFO  replication.ReplicationServer (ReplicationServer.java:start(137)) - ReplicationServer is started using port 15049
2025-05-13 08:08:46,940 [9d757f8d-7764-4ec4-a5e9-2e6ef5bbd552-EndpointStateMachineTaskThread-/0.0.0.0:15002-0 ] INFO  ratis.XceiverServerRatis (XceiverServerRatis.java:start(559)) - Starting XceiverServerRatis(9d757f8d-7764-4ec4-a5e9-2e6ef5bbd552)
2025-05-13 08:08:46,941 [9d757f8d-7764-4ec4-a5e9-2e6ef5bbd552-EndpointStateMachineTaskThread-/0.0.0.0:15002-0 ] INFO  server.RaftServer (RaftServerProxy.java:startImpl(407)) - 9d757f8d-7764-4ec4-a5e9-2e6ef5bbd552: start RPC server
2025-05-13 08:08:46,942 [9d757f8d-7764-4ec4-a5e9-2e6ef5bbd552-EndpointStateMachineTaskThread-/0.0.0.0:15002-0 ] INFO  server.GrpcService (GrpcService.java:startImpl(334)) - 9d757f8d-7764-4ec4-a5e9-2e6ef5bbd552: GrpcService started, listening on 15045
2025-05-13 08:08:46,942 [9d757f8d-7764-4ec4-a5e9-2e6ef5bbd552-EndpointStateMachineTaskThread-/0.0.0.0:15002-0 ] INFO  server.GrpcService (GrpcService.java:startImpl(334)) - 9d757f8d-7764-4ec4-a5e9-2e6ef5bbd552: GrpcService started, listening on 15047
2025-05-13 08:08:46,942 [9d757f8d-7764-4ec4-a5e9-2e6ef5bbd552-EndpointStateMachineTaskThread-/0.0.0.0:15002-0 ] INFO  server.GrpcService (GrpcService.java:startImpl(334)) - 9d757f8d-7764-4ec4-a5e9-2e6ef5bbd552: GrpcService started, listening on 15046
2025-05-13 08:08:46,943 [JvmPauseMonitor8] INFO  util.JvmPauseMonitor (JvmPauseMonitor.java:run(146)) - JvmPauseMonitor-9d757f8d-7764-4ec4-a5e9-2e6ef5bbd552: Started
2025-05-13 08:08:46,943 [9d757f8d-7764-4ec4-a5e9-2e6ef5bbd552-EndpointStateMachineTaskThread-/0.0.0.0:15002-0 ] INFO  ratis.XceiverServerRatis (XceiverServerRatis.java:getRealPort(586)) - XceiverServerRatis(9d757f8d-7764-4ec4-a5e9-2e6ef5bbd552) is started using port RATIS=15045
2025-05-13 08:08:46,944 [9d757f8d-7764-4ec4-a5e9-2e6ef5bbd552-EndpointStateMachineTaskThread-/0.0.0.0:15002-0 ] INFO  ratis.XceiverServerRatis (XceiverServerRatis.java:getRealPort(586)) - XceiverServerRatis(9d757f8d-7764-4ec4-a5e9-2e6ef5bbd552) is started using port RATIS_ADMIN=15046
2025-05-13 08:08:46,944 [9d757f8d-7764-4ec4-a5e9-2e6ef5bbd552-EndpointStateMachineTaskThread-/0.0.0.0:15002-0 ] INFO  ratis.XceiverServerRatis (XceiverServerRatis.java:getRealPort(586)) - XceiverServerRatis(9d757f8d-7764-4ec4-a5e9-2e6ef5bbd552) is started using port RATIS_SERVER=15047
2025-05-13 08:08:46,944 [9d757f8d-7764-4ec4-a5e9-2e6ef5bbd552-EndpointStateMachineTaskThread-/0.0.0.0:15002-0 ] INFO  ratis.XceiverServerRatis (XceiverServerRatis.java:getRealPort(586)) - XceiverServerRatis(9d757f8d-7764-4ec4-a5e9-2e6ef5bbd552) is started using port RATIS_DATASTREAM=15048
2025-05-13 08:08:46,945 [9d757f8d-7764-4ec4-a5e9-2e6ef5bbd552-BlockDeletingService#0] INFO  interfaces.ContainerDeletionChoosingPolicyTemplate (ContainerDeletionChoosingPolicyTemplate.java:chooseContainerForBlockDeletion(83)) - Chosen 0/5000 blocks from 0 candidate containers.
2025-05-13 08:08:47,105 [IPC Server handler 7 on default port 15002] INFO  net.NetworkTopologyImpl (NetworkTopologyImpl.java:add(133)) - Added a new node: /default-rack/0cacbd4a-5010-47a3-9155-fc9857e0e4f0
2025-05-13 08:08:47,106 [IPC Server handler 7 on default port 15002] INFO  node.SCMNodeManager (SCMNodeManager.java:register(426)) - Registered datanode: 0cacbd4a-5010-47a3-9155-fc9857e0e4f0{ip: 127.0.0.1, host: localhost, ports: [HTTP=15034, CLIENT_RPC=15035, REPLICATION=15041, RATIS=15037, RATIS_ADMIN=15038, RATIS_SERVER=15039, RATIS_DATASTREAM=15040, STANDALONE=15036], networkLocation: /default-rack, certSerialId: null, persistedOpState: null, persistedOpStateExpiryEpochSec: 0}
2025-05-13 08:08:47,106 [EventQueue-ContainerRegistrationReportForECContainerSafeModeRule] INFO  safemode.SCMSafeModeManager (SCMSafeModeManager.java:validateSafeModeExitRules(140)) - ECContainerSafeModeRule rule is successfully validated
2025-05-13 08:08:47,106 [EventQueue-ContainerRegistrationReportForRatisContainerSafeModeRule] INFO  safemode.SCMSafeModeManager (SCMSafeModeManager.java:validateSafeModeExitRules(140)) - RatisContainerSafeModeRule rule is successfully validated
2025-05-13 08:08:47,107 [EventQueue-NodeRegistrationContainerReportForDataNodeSafeModeRule] INFO  safemode.SCMSafeModeManager (SCMSafeModeManager.java:validateSafeModeExitRules(140)) - DataNodeSafeModeRule rule is successfully validated
2025-05-13 08:08:47,107 [EventQueue-PipelineReportForOneReplicaPipelineSafeModeRule] INFO  safemode.SCMSafeModeManager (SCMSafeModeManager.java:validateSafeModeExitRules(140)) - AtleastOneDatanodeReportedRule rule is successfully validated
2025-05-13 08:08:47,108 [EventQueue-NewNodeForNewNodeHandler] INFO  pipeline.BackgroundPipelineCreator (BackgroundPipelineCreator.java:notifyEventTriggered(290)) - trigger a one-shot run on RatisPipelineUtilsThread.
2025-05-13 08:08:47,110 [RatisPipelineUtilsThread-0] INFO  pipeline.RatisPipelineProvider (RatisPipelineProvider.java:lambda$create$0(208)) - Sending CreatePipelineCommand for pipeline:PipelineID=9672ac3a-8b32-4112-b5e6-0bc055138327 to datanode:0cacbd4a-5010-47a3-9155-fc9857e0e4f0(localhost/127.0.0.1)
2025-05-13 08:08:47,115 [c3acf90a-cae3-4912-9a93-76f770441a06@group-F289B69B5230-StateMachineUpdater] INFO  safemode.SCMSafeModeManager (SCMSafeModeManager.java:validateSafeModeExitRules(140)) - DataNodeSafeModeRule rule is successfully validated
2025-05-13 08:08:47,116 [c3acf90a-cae3-4912-9a93-76f770441a06@group-F289B69B5230-StateMachineUpdater] INFO  safemode.SCMSafeModeManager (SCMSafeModeManager.java:validateSafeModeExitRules(140)) - RatisContainerSafeModeRule rule is successfully validated
2025-05-13 08:08:47,116 [c3acf90a-cae3-4912-9a93-76f770441a06@group-F289B69B5230-StateMachineUpdater] INFO  safemode.HealthyPipelineSafeModeRule (HealthyPipelineSafeModeRule.java:initializeRule(173)) - Refreshed total pipeline count is 0, healthy pipeline threshold count is 1
2025-05-13 08:08:47,116 [c3acf90a-cae3-4912-9a93-76f770441a06@group-F289B69B5230-StateMachineUpdater] INFO  safemode.SCMSafeModeManager (SCMSafeModeManager.java:validateSafeModeExitRules(140)) - ECContainerSafeModeRule rule is successfully validated
2025-05-13 08:08:47,116 [c3acf90a-cae3-4912-9a93-76f770441a06@group-F289B69B5230-StateMachineUpdater] INFO  safemode.SCMSafeModeManager (SCMSafeModeManager.java:validateSafeModeExitRules(140)) - AtleastOneDatanodeReportedRule rule is successfully validated
2025-05-13 08:08:47,118 [RatisPipelineUtilsThread-0] INFO  pipeline.BackgroundPipelineCreator (BackgroundPipelineCreator.java:createPipelines(246)) - Created new pipeline Pipeline{ Id: 9672ac3a-8b32-4112-b5e6-0bc055138327, Nodes: [ {0cacbd4a-5010-47a3-9155-fc9857e0e4f0(localhost/127.0.0.1), ReplicaIndex: 0},], ReplicationConfig: RATIS/ONE, State:ALLOCATED, leaderId:, CreationTimestamp2025-05-13T08:08:47.110108013Z[Etc/UTC]}
2025-05-13 08:08:47,339 [IPC Server handler 1 on default port 15002] INFO  net.NetworkTopologyImpl (NetworkTopologyImpl.java:add(133)) - Added a new node: /default-rack/9d757f8d-7764-4ec4-a5e9-2e6ef5bbd552
2025-05-13 08:08:47,339 [IPC Server handler 1 on default port 15002] INFO  node.SCMNodeManager (SCMNodeManager.java:register(426)) - Registered datanode: 9d757f8d-7764-4ec4-a5e9-2e6ef5bbd552{ip: 127.0.0.1, host: localhost, ports: [HTTP=15042, CLIENT_RPC=15043, REPLICATION=15049, RATIS=15045, RATIS_ADMIN=15046, RATIS_SERVER=15047, RATIS_DATASTREAM=15048, STANDALONE=15044], networkLocation: /default-rack, certSerialId: null, persistedOpState: null, persistedOpStateExpiryEpochSec: 0}
2025-05-13 08:08:47,340 [EventQueue-NewNodeForNewNodeHandler] INFO  pipeline.BackgroundPipelineCreator (BackgroundPipelineCreator.java:notifyEventTriggered(290)) - trigger a one-shot run on RatisPipelineUtilsThread.
2025-05-13 08:08:47,341 [EventQueue-ContainerRegistrationReportForRatisContainerSafeModeRule] INFO  safemode.SCMSafeModeManager (SCMSafeModeManager.java:validateSafeModeExitRules(140)) - RatisContainerSafeModeRule rule is successfully validated
2025-05-13 08:08:47,341 [EventQueue-PipelineReportForOneReplicaPipelineSafeModeRule] INFO  safemode.SCMSafeModeManager (SCMSafeModeManager.java:validateSafeModeExitRules(140)) - AtleastOneDatanodeReportedRule rule is successfully validated
2025-05-13 08:08:47,341 [EventQueue-NodeRegistrationContainerReportForDataNodeSafeModeRule] INFO  safemode.SCMSafeModeManager (SCMSafeModeManager.java:validateSafeModeExitRules(140)) - DataNodeSafeModeRule rule is successfully validated
2025-05-13 08:08:47,341 [EventQueue-ContainerRegistrationReportForECContainerSafeModeRule] INFO  safemode.SCMSafeModeManager (SCMSafeModeManager.java:validateSafeModeExitRules(140)) - ECContainerSafeModeRule rule is successfully validated
2025-05-13 08:08:47,342 [RatisPipelineUtilsThread-0] INFO  pipeline.RatisPipelineProvider (RatisPipelineProvider.java:lambda$create$0(208)) - Sending CreatePipelineCommand for pipeline:PipelineID=e3e7ea0f-7641-4247-929f-7d6745a3166b to datanode:9d757f8d-7764-4ec4-a5e9-2e6ef5bbd552(localhost/127.0.0.1)
2025-05-13 08:08:47,346 [c3acf90a-cae3-4912-9a93-76f770441a06@group-F289B69B5230-StateMachineUpdater] INFO  safemode.SCMSafeModeManager (SCMSafeModeManager.java:validateSafeModeExitRules(140)) - DataNodeSafeModeRule rule is successfully validated
2025-05-13 08:08:47,346 [c3acf90a-cae3-4912-9a93-76f770441a06@group-F289B69B5230-StateMachineUpdater] INFO  safemode.SCMSafeModeManager (SCMSafeModeManager.java:validateSafeModeExitRules(140)) - RatisContainerSafeModeRule rule is successfully validated
2025-05-13 08:08:47,347 [c3acf90a-cae3-4912-9a93-76f770441a06@group-F289B69B5230-StateMachineUpdater] INFO  safemode.HealthyPipelineSafeModeRule (HealthyPipelineSafeModeRule.java:initializeRule(173)) - Refreshed total pipeline count is 0, healthy pipeline threshold count is 1
2025-05-13 08:08:47,347 [c3acf90a-cae3-4912-9a93-76f770441a06@group-F289B69B5230-StateMachineUpdater] INFO  safemode.SCMSafeModeManager (SCMSafeModeManager.java:validateSafeModeExitRules(140)) - ECContainerSafeModeRule rule is successfully validated
2025-05-13 08:08:47,348 [c3acf90a-cae3-4912-9a93-76f770441a06@group-F289B69B5230-StateMachineUpdater] INFO  safemode.SCMSafeModeManager (SCMSafeModeManager.java:validateSafeModeExitRules(140)) - AtleastOneDatanodeReportedRule rule is successfully validated
2025-05-13 08:08:47,348 [RatisPipelineUtilsThread-0] INFO  pipeline.BackgroundPipelineCreator (BackgroundPipelineCreator.java:createPipelines(246)) - Created new pipeline Pipeline{ Id: e3e7ea0f-7641-4247-929f-7d6745a3166b, Nodes: [ {9d757f8d-7764-4ec4-a5e9-2e6ef5bbd552(localhost/127.0.0.1), ReplicaIndex: 0},], ReplicationConfig: RATIS/ONE, State:ALLOCATED, leaderId:, CreationTimestamp2025-05-13T08:08:47.342290441Z[Etc/UTC]}
2025-05-13 08:08:48,073 [main] INFO  audit.AuditLogger (AuditLogger.java:refreshDebugCmdSet(133)) - Refresh DebugCmdSet for S3GAudit to [].
2025-05-13 08:08:48,143 [main] INFO  handler.ContextHandler (ContextHandler.java:doStart(921)) - Started o.e.j.w.WebAppContext@4d02f95{s3gateway,/,file:///home/runner/work/ozone/ozone/hadoop-ozone/integration-test-s3/ozone_http_tmp_base_dir17730327578942028961/jetty-0_0_0_0-15050-ozone-s3gateway-2_1_0-SNAPSHOT_jar-_-any-7929234291331397553/webapp/,AVAILABLE}{jar:file:/home/runner/work/ozone/ozone/hadoop-ozone/s3gateway/target/ozone-s3gateway-2.1.0-SNAPSHOT.jar!/webapps/s3gateway}
2025-05-13 08:08:48,144 [main] INFO  server.AbstractConnector (AbstractConnector.java:doStart(333)) - Started ServerConnector@bca34d{HTTP/1.1, (http/1.1)}{0.0.0.0:15050}
2025-05-13 08:08:48,144 [main] INFO  server.Server (Server.java:doStart(415)) - Started @13837ms
2025-05-13 08:08:48,145 [main] INFO  http.BaseHttpServer (BaseHttpServer.java:updateConnectorAddress(359)) - HTTP server of s3gateway listening at http://0.0.0.0:15050
2025-05-13 08:08:48,145 [main] INFO  http.HttpServer2 (HttpServer2.java:bindListener(1242)) - Jetty bound to port 19878
2025-05-13 08:08:48,145 [main] INFO  server.Server (Server.java:doStart(375)) - jetty-9.4.57.v20241219; built: 2025-01-08T21:24:30.412Z; git: df524e6b29271c2e09ba9aea83c18dc9db464a31; jvm 21.0.7+6-LTS
2025-05-13 08:08:48,146 [main] INFO  server.session (DefaultSessionIdManager.java:doStart(334)) - DefaultSessionIdManager workerName=node0
2025-05-13 08:08:48,146 [main] INFO  server.session (DefaultSessionIdManager.java:doStart(339)) - No SessionScavenger set, using defaults
2025-05-13 08:08:48,147 [main] INFO  server.session (HouseKeeper.java:startScavenging(132)) - node0 Scavenging every 600000ms
2025-05-13 08:08:48,147 [main] INFO  handler.ContextHandler (ContextHandler.java:doStart(921)) - Started o.e.j.s.ServletContextHandler@756fd0aa{logs,/logs,file:///home/runner/work/ozone/ozone/hadoop-ozone/integration-test-s3/target/log,AVAILABLE}
2025-05-13 08:08:48,148 [main] INFO  handler.ContextHandler (ContextHandler.java:doStart(921)) - Started o.e.j.s.ServletContextHandler@59ca0db6{static,/static,jar:file:/home/runner/work/ozone/ozone/hadoop-ozone/s3gateway/target/ozone-s3gateway-2.1.0-SNAPSHOT.jar!/webapps/static,AVAILABLE}
2025-05-13 08:08:48,502 [main] INFO  handler.ContextHandler (ContextHandler.java:doStart(921)) - Started o.e.j.w.WebAppContext@448dcc13{s3g-web,/,file:///home/runner/work/ozone/ozone/hadoop-ozone/integration-test-s3/ozone_http_tmp_base_dir17730327578942028961/jetty-0_0_0_0-19878-ozone-s3gateway-2_1_0-SNAPSHOT_jar-_-any-11943530320368051811/webapp/,AVAILABLE}{jar:file:/home/runner/work/ozone/ozone/hadoop-ozone/s3gateway/target/ozone-s3gateway-2.1.0-SNAPSHOT.jar!/webapps/s3g-web}
2025-05-13 08:08:48,503 [main] INFO  server.AbstractConnector (AbstractConnector.java:doStart(333)) - Started ServerConnector@5eb20abb{HTTP/1.1, (http/1.1)}{0.0.0.0:19878}
2025-05-13 08:08:48,503 [main] INFO  server.Server (Server.java:doStart(415)) - Started @14196ms
2025-05-13 08:08:48,503 [main] WARN  impl.MetricsSystemImpl (MetricsSystemImpl.java:register(279)) - Sink prometheus already exists!
2025-05-13 08:08:48,504 [main] INFO  http.BaseHttpServer (BaseHttpServer.java:updateConnectorAddress(359)) - HTTP server of s3g-web listening at http://0.0.0.0:19878
2025-05-13 08:08:48,525 [main] INFO  ozone.MiniOzoneClusterImpl (MiniOzoneClusterImpl.java:lambda$waitForClusterToBeReady$0(191)) - Nodes are ready. Got 5 of 5 DN Heartbeats.
2025-05-13 08:08:48,525 [main] INFO  ozone.MiniOzoneClusterImpl (MiniOzoneClusterImpl.java:lambda$waitForClusterToBeReady$0(194)) - Waiting for cluster to exit safe mode
2025-05-13 08:08:48,525 [main] INFO  ozone.MiniOzoneClusterImpl (MiniOzoneClusterImpl.java:lambda$waitForClusterToBeReady$0(196)) - SCM became leader
2025-05-13 08:08:48,837 [408a00a1-9245-41fc-8d00-8f9b4b0cd246-PipelineCommandHandlerThread-0] INFO  server.RaftServer (RaftServerProxy.java:addNew(100)) - 408a00a1-9245-41fc-8d00-8f9b4b0cd246: addNew group-DF169F23F538:[408a00a1-9245-41fc-8d00-8f9b4b0cd246|127.0.0.1:15015] returns group-DF169F23F538:java.util.concurrent.CompletableFuture@792f50e2[Not completed]
2025-05-13 08:08:48,844 [408a00a1-9245-41fc-8d00-8f9b4b0cd246-groupManagement] INFO  server.RaftServer$Division (RaftServerImpl.java:<init>(255)) - 408a00a1-9245-41fc-8d00-8f9b4b0cd246: new RaftServerImpl for group-DF169F23F538:[408a00a1-9245-41fc-8d00-8f9b4b0cd246|127.0.0.1:15015] with ContainerStateMachine:uninitialized
2025-05-13 08:08:48,844 [408a00a1-9245-41fc-8d00-8f9b4b0cd246-groupManagement] INFO  server.RaftServerConfigKeys (ConfUtils.java:logGet(46)) - raft.server.rpc.timeout.min = 5s (custom)
2025-05-13 08:08:48,845 [408a00a1-9245-41fc-8d00-8f9b4b0cd246-groupManagement] INFO  server.RaftServerConfigKeys (ConfUtils.java:logGet(46)) - raft.server.rpc.timeout.max = 5200ms (custom)
2025-05-13 08:08:48,845 [408a00a1-9245-41fc-8d00-8f9b4b0cd246-groupManagement] INFO  server.RaftServerConfigKeys (ConfUtils.java:logGet(46)) - raft.server.rpc.sleep.time = 25ms (default)
2025-05-13 08:08:48,845 [408a00a1-9245-41fc-8d00-8f9b4b0cd246-groupManagement] INFO  server.RaftServerConfigKeys (ConfUtils.java:logGet(46)) - raft.server.rpc.slowness.timeout = 300s (custom)
2025-05-13 08:08:48,845 [408a00a1-9245-41fc-8d00-8f9b4b0cd246-groupManagement] INFO  server.RaftServerConfigKeys (ConfUtils.java:logGet(46)) - raft.server.leaderelection.leader.step-down.wait-time = 10s (default)
2025-05-13 08:08:48,845 [408a00a1-9245-41fc-8d00-8f9b4b0cd246-groupManagement] INFO  server.RaftServerConfigKeys (ConfUtils.java:logGet(46)) - raft.server.leaderelection.member.majority-add = false (default)
2025-05-13 08:08:48,845 [408a00a1-9245-41fc-8d00-8f9b4b0cd246-groupManagement] INFO  server.RaftServerConfigKeys (ConfUtils.java:logGet(46)) - raft.server.sleep.deviation.threshold = 300ms (default)
2025-05-13 08:08:48,845 [408a00a1-9245-41fc-8d00-8f9b4b0cd246-groupManagement] INFO  server.RaftServer$Division (ServerState.java:<init>(114)) - 408a00a1-9245-41fc-8d00-8f9b4b0cd246@group-DF169F23F538: ConfigurationManager, init=conf: {index: -1, cur=peers:[408a00a1-9245-41fc-8d00-8f9b4b0cd246|127.0.0.1:15015]|listeners:[], old=null}, confs=<EMPTY_MAP>
2025-05-13 08:08:48,845 [408a00a1-9245-41fc-8d00-8f9b4b0cd246-groupManagement] INFO  server.RaftServerConfigKeys (ConfUtils.java:logGet(46)) - raft.server.notification.no-leader.timeout = 300s (custom)
2025-05-13 08:08:48,845 [408a00a1-9245-41fc-8d00-8f9b4b0cd246-groupManagement] INFO  server.RaftServerConfigKeys (ConfUtils.java:logGet(46)) - raft.server.read.timeout = 10s (default)
2025-05-13 08:08:48,845 [408a00a1-9245-41fc-8d00-8f9b4b0cd246-groupManagement] INFO  server.RaftServerConfigKeys (ConfUtils.java:logGet(46)) - raft.server.retrycache.expirytime = 600000ms (custom)
2025-05-13 08:08:48,846 [408a00a1-9245-41fc-8d00-8f9b4b0cd246-groupManagement] INFO  server.RaftServerConfigKeys (ConfUtils.java:logGet(46)) - raft.server.retrycache.statistics.expirytime = 100ms (default)
2025-05-13 08:08:48,846 [408a00a1-9245-41fc-8d00-8f9b4b0cd246-groupManagement] INFO  server.RaftServerConfigKeys (ConfUtils.java:logGet(46)) - raft.server.read.option = DEFAULT (default)
2025-05-13 08:08:48,846 [408a00a1-9245-41fc-8d00-8f9b4b0cd246-groupManagement] INFO  server.RaftServerConfigKeys (ConfUtils.java:logGet(46)) - raft.server.read.read-after-write-consistent.write-index-cache.expiry-time = 60s (default)
2025-05-13 08:08:48,859 [408a00a1-9245-41fc-8d00-8f9b4b0cd246-groupManagement] INFO  server.RaftServerConfigKeys (ConfUtils.java:logGet(46)) - raft.server.rpc.request.timeout = 60s (custom)
2025-05-13 08:08:48,859 [408a00a1-9245-41fc-8d00-8f9b4b0cd246-groupManagement] INFO  server.RaftServerConfigKeys (ConfUtils.java:logGet(46)) - raft.server.log.appender.install.snapshot.enabled = false (custom)
2025-05-13 08:08:48,859 [408a00a1-9245-41fc-8d00-8f9b4b0cd246-groupManagement] INFO  server.RaftServerConfigKeys (ConfUtils.java:logGet(46)) - raft.server.threadpool.server.cached = true (default)
2025-05-13 08:08:48,860 [408a00a1-9245-41fc-8d00-8f9b4b0cd246-groupManagement] INFO  server.RaftServerConfigKeys (ConfUtils.java:logGet(46)) - raft.server.threadpool.server.size = 0 (default)
2025-05-13 08:08:48,860 [408a00a1-9245-41fc-8d00-8f9b4b0cd246-groupManagement] INFO  server.RaftServerConfigKeys (ConfUtils.java:logGet(46)) - raft.server.threadpool.client.cached = true (default)
2025-05-13 08:08:48,860 [408a00a1-9245-41fc-8d00-8f9b4b0cd246-groupManagement] INFO  server.RaftServerConfigKeys (ConfUtils.java:logGet(46)) - raft.server.threadpool.client.size = 0 (default)
2025-05-13 08:08:48,860 [408a00a1-9245-41fc-8d00-8f9b4b0cd246-groupManagement] INFO  server.RaftServerConfigKeys (ConfUtils.java:logGet(46)) - raft.server.storage.free-space.min = 0MB (=0) (default)
2025-05-13 08:08:48,860 [408a00a1-9245-41fc-8d00-8f9b4b0cd246-groupManagement] INFO  server.RaftServerConfigKeys (ConfUtils.java:logGet(46)) - raft.server.log.corruption.policy = EXCEPTION (default)
2025-05-13 08:08:48,860 [408a00a1-9245-41fc-8d00-8f9b4b0cd246-groupManagement] INFO  server.RaftServerConfigKeys (ConfUtils.java:logGet(46)) - raft.server.storage.dir = [/home/runner/work/ozone/ozone/hadoop-ozone/integration-test-s3/target/test-dir/MiniOzoneClusterImpl-51e975e3-87ca-4f9c-b22e-f289b69b5230/ozone-meta/datanode-1/ratis] (custom)
2025-05-13 08:08:48,860 [408a00a1-9245-41fc-8d00-8f9b4b0cd246-groupManagement] INFO  storage.RaftStorageDirectory (RaftStorageDirectoryImpl.java:analyzeStorage(138)) - The storage directory /home/runner/work/ozone/ozone/hadoop-ozone/integration-test-s3/target/test-dir/MiniOzoneClusterImpl-51e975e3-87ca-4f9c-b22e-f289b69b5230/ozone-meta/datanode-1/ratis/33d055a4-c1d5-4f25-92f0-df169f23f538 does not exist. Creating ...
2025-05-13 08:08:48,862 [408a00a1-9245-41fc-8d00-8f9b4b0cd246-groupManagement] INFO  storage.RaftStorageDirectory (RaftStorageDirectoryImpl.java:tryLock(229)) - Lock on /home/runner/work/ozone/ozone/hadoop-ozone/integration-test-s3/target/test-dir/MiniOzoneClusterImpl-51e975e3-87ca-4f9c-b22e-f289b69b5230/ozone-meta/datanode-1/ratis/33d055a4-c1d5-4f25-92f0-df169f23f538/in_use.lock acquired by nodename 74288@pkrvmberfyhpb9w
2025-05-13 08:08:48,864 [408a00a1-9245-41fc-8d00-8f9b4b0cd246-groupManagement] INFO  storage.RaftStorage (RaftStorageImpl.java:format(98)) - Storage directory /home/runner/work/ozone/ozone/hadoop-ozone/integration-test-s3/target/test-dir/MiniOzoneClusterImpl-51e975e3-87ca-4f9c-b22e-f289b69b5230/ozone-meta/datanode-1/ratis/33d055a4-c1d5-4f25-92f0-df169f23f538 has been successfully formatted.
2025-05-13 08:08:48,867 [408a00a1-9245-41fc-8d00-8f9b4b0cd246-groupManagement] INFO  ratis.ContainerStateMachine (ContainerStateMachine.java:initialize(339)) - 408a00a1-9245-41fc-8d00-8f9b4b0cd246: initialize group-DF169F23F538
2025-05-13 08:08:48,867 [408a00a1-9245-41fc-8d00-8f9b4b0cd246-groupManagement] INFO  ratis.ContainerStateMachine (ContainerStateMachine.java:loadSnapshot(347)) - group-DF169F23F538: The snapshot info is null. Setting the last applied index to:(t:0, i:~)
2025-05-13 08:08:48,867 [408a00a1-9245-41fc-8d00-8f9b4b0cd246-groupManagement] INFO  server.RaftServerConfigKeys (ConfUtils.java:logGet(46)) - raft.server.log.use.memory = false (default)
2025-05-13 08:08:48,868 [408a00a1-9245-41fc-8d00-8f9b4b0cd246-groupManagement] INFO  server.RaftServerConfigKeys (ConfUtils.java:logGet(46)) - raft.server.log.purge.gap = 1000000 (custom)
2025-05-13 08:08:48,868 [408a00a1-9245-41fc-8d00-8f9b4b0cd246-groupManagement] INFO  server.RaftServerConfigKeys (ConfUtils.java:logGet(46)) - raft.server.log.appender.buffer.byte-limit = 33554432 (custom)
2025-05-13 08:08:48,868 [408a00a1-9245-41fc-8d00-8f9b4b0cd246-groupManagement] INFO  server.RaftServerConfigKeys (ConfUtils.java:logGet(46)) - raft.server.log.statemachine.data.read.timeout = 1000ms (default)
2025-05-13 08:08:48,868 [408a00a1-9245-41fc-8d00-8f9b4b0cd246-groupManagement] INFO  server.RaftServerConfigKeys (ConfUtils.java:logGet(46)) - raft.server.log.purge.preservation.log.num = 0 (default)
2025-05-13 08:08:48,871 [408a00a1-9245-41fc-8d00-8f9b4b0cd246-groupManagement] INFO  server.RaftServerConfigKeys (ConfUtils.java:logGet(46)) - raft.server.log.segment.size.max = 67108864 (custom)
2025-05-13 08:08:48,871 [408a00a1-9245-41fc-8d00-8f9b4b0cd246-groupManagement] INFO  server.RaftServerConfigKeys (ConfUtils.java:logGet(46)) - raft.server.log.segment.cache.num.max = 2 (custom)
2025-05-13 08:08:48,871 [408a00a1-9245-41fc-8d00-8f9b4b0cd246-groupManagement] INFO  server.RaftServerConfigKeys (ConfUtils.java:logGet(46)) - raft.server.log.segment.cache.size.max = 200MB (=209715200) (default)
2025-05-13 08:08:48,872 [408a00a1-9245-41fc-8d00-8f9b4b0cd246-groupManagement] INFO  server.RaftServerConfigKeys (ConfUtils.java:logGet(46)) - raft.server.log.appender.buffer.byte-limit = 33554432 (custom)
2025-05-13 08:08:48,872 [408a00a1-9245-41fc-8d00-8f9b4b0cd246-groupManagement] INFO  util.AwaitToRun (AwaitToRun.java:start(81)) - Thread[#911,408a00a1-9245-41fc-8d00-8f9b4b0cd246@group-DF169F23F538-cacheEviction-AwaitToRun,5,main] started
2025-05-13 08:08:48,872 [408a00a1-9245-41fc-8d00-8f9b4b0cd246-groupManagement] INFO  segmented.SegmentedRaftLogWorker (SegmentedRaftLogWorker.java:<init>(188)) - new 408a00a1-9245-41fc-8d00-8f9b4b0cd246@group-DF169F23F538-SegmentedRaftLogWorker for RaftStorageImpl:Storage Directory /home/runner/work/ozone/ozone/hadoop-ozone/integration-test-s3/target/test-dir/MiniOzoneClusterImpl-51e975e3-87ca-4f9c-b22e-f289b69b5230/ozone-meta/datanode-1/ratis/33d055a4-c1d5-4f25-92f0-df169f23f538
2025-05-13 08:08:48,872 [408a00a1-9245-41fc-8d00-8f9b4b0cd246-groupManagement] INFO  server.RaftServerConfigKeys (ConfUtils.java:logGet(46)) - raft.server.log.queue.byte-limit = 4294967296 (custom)
2025-05-13 08:08:48,872 [408a00a1-9245-41fc-8d00-8f9b4b0cd246-groupManagement] INFO  server.RaftServerConfigKeys (ConfUtils.java:logGet(46)) - raft.server.log.queue.element-limit = 1024 (custom)
2025-05-13 08:08:48,872 [408a00a1-9245-41fc-8d00-8f9b4b0cd246-groupManagement] INFO  server.RaftServerConfigKeys (ConfUtils.java:logGet(46)) - raft.server.log.segment.size.max = 67108864 (custom)
2025-05-13 08:08:48,872 [408a00a1-9245-41fc-8d00-8f9b4b0cd246-groupManagement] INFO  server.RaftServerConfigKeys (ConfUtils.java:logGet(46)) - raft.server.log.preallocated.size = 4194304 (custom)
2025-05-13 08:08:48,872 [408a00a1-9245-41fc-8d00-8f9b4b0cd246-groupManagement] INFO  server.RaftServerConfigKeys (ConfUtils.java:logGet(46)) - raft.server.log.force.sync.num = 128 (default)
2025-05-13 08:08:48,873 [408a00a1-9245-41fc-8d00-8f9b4b0cd246-groupManagement] INFO  server.RaftServerConfigKeys (ConfUtils.java:logGet(46)) - raft.server.log.statemachine.data.sync = true (default)
2025-05-13 08:08:48,873 [408a00a1-9245-41fc-8d00-8f9b4b0cd246-groupManagement] INFO  server.RaftServerConfigKeys (ConfUtils.java:logGet(46)) - raft.server.log.statemachine.data.sync.timeout = 10s (default)
2025-05-13 08:08:48,873 [408a00a1-9245-41fc-8d00-8f9b4b0cd246-groupManagement] INFO  server.RaftServerConfigKeys (ConfUtils.java:logGet(46)) - raft.server.log.statemachine.data.sync.timeout.retry = 30 (custom)
2025-05-13 08:08:48,873 [408a00a1-9245-41fc-8d00-8f9b4b0cd246-groupManagement] INFO  server.RaftServerConfigKeys (ConfUtils.java:logGet(46)) - raft.server.log.write.buffer.size = 33554440 (custom)
2025-05-13 08:08:48,880 [408a00a1-9245-41fc-8d00-8f9b4b0cd246-groupManagement] INFO  server.RaftServerConfigKeys (ConfUtils.java:logGet(46)) - raft.server.log.appender.buffer.byte-limit = 33554432 (custom)
2025-05-13 08:08:48,880 [408a00a1-9245-41fc-8d00-8f9b4b0cd246-groupManagement] INFO  server.RaftServerConfigKeys (ConfUtils.java:logGet(46)) - raft.server.log.unsafe-flush.enabled = false (default)
2025-05-13 08:08:48,880 [408a00a1-9245-41fc-8d00-8f9b4b0cd246-groupManagement] INFO  server.RaftServerConfigKeys (ConfUtils.java:logGet(46)) - raft.server.log.async-flush.enabled = false (default)
2025-05-13 08:08:48,880 [408a00a1-9245-41fc-8d00-8f9b4b0cd246-groupManagement] INFO  server.RaftServerConfigKeys (ConfUtils.java:logGet(46)) - raft.server.log.statemachine.data.caching.enabled = true (custom)
2025-05-13 08:08:48,880 [408a00a1-9245-41fc-8d00-8f9b4b0cd246-groupManagement] INFO  segmented.SegmentedRaftLogWorker (SegmentedRaftLogWorker.java:lambda$new$0(139)) - 408a00a1-9245-41fc-8d00-8f9b4b0cd246@group-DF169F23F538-SegmentedRaftLogWorker: flushIndex: setUnconditionally 0 -> -1
2025-05-13 08:08:48,881 [408a00a1-9245-41fc-8d00-8f9b4b0cd246-groupManagement] INFO  segmented.SegmentedRaftLogWorker (SegmentedRaftLogWorker.java:lambda$new$0(139)) - 408a00a1-9245-41fc-8d00-8f9b4b0cd246@group-DF169F23F538-SegmentedRaftLogWorker: safeCacheEvictIndex: setUnconditionally 0 -> -1
2025-05-13 08:08:48,881 [408a00a1-9245-41fc-8d00-8f9b4b0cd246-groupManagement] INFO  server.RaftServer$Division (RaftServerImpl.java:start(391)) - 408a00a1-9245-41fc-8d00-8f9b4b0cd246@group-DF169F23F538: start as a follower, conf=conf: {index: -1, cur=peers:[408a00a1-9245-41fc-8d00-8f9b4b0cd246|127.0.0.1:15015]|listeners:[], old=null}
2025-05-13 08:08:48,881 [408a00a1-9245-41fc-8d00-8f9b4b0cd246-groupManagement] INFO  server.RaftServer$Division (RaftServerImpl.java:setRole(378)) - 408a00a1-9245-41fc-8d00-8f9b4b0cd246@group-DF169F23F538: changes role from      null to FOLLOWER at term 0 for startAsFollower
2025-05-13 08:08:48,881 [408a00a1-9245-41fc-8d00-8f9b4b0cd246-groupManagement] INFO  impl.RoleInfo (RoleInfo.java:updateAndGet(148)) - 408a00a1-9245-41fc-8d00-8f9b4b0cd246: start 408a00a1-9245-41fc-8d00-8f9b4b0cd246@group-DF169F23F538-FollowerState
2025-05-13 08:08:48,882 [408a00a1-9245-41fc-8d00-8f9b4b0cd246@group-DF169F23F538-FollowerState] INFO  server.RaftServerConfigKeys (ConfUtils.java:logGet(46)) - raft.server.rpc.first-election.timeout.min = 1000ms (custom)
2025-05-13 08:08:48,882 [408a00a1-9245-41fc-8d00-8f9b4b0cd246@group-DF169F23F538-FollowerState] INFO  server.RaftServerConfigKeys (ConfUtils.java:logGet(46)) - raft.server.rpc.first-election.timeout.max = 1200ms (custom)
2025-05-13 08:08:48,882 [408a00a1-9245-41fc-8d00-8f9b4b0cd246-groupManagement] INFO  util.JmxRegister (JmxRegister.java:tryRegister(44)) - Successfully registered JMX Bean with object name Ratis:service=RaftServer,group=group-DF169F23F538,id=408a00a1-9245-41fc-8d00-8f9b4b0cd246
2025-05-13 08:08:48,882 [408a00a1-9245-41fc-8d00-8f9b4b0cd246-groupManagement] INFO  util.JmxRegister (JmxRegister.java:register(58)) - register mxBean class org.apache.ratis.server.impl.RaftServerJmxAdapter as Ratis:service=RaftServer,group=group-DF169F23F538,id=408a00a1-9245-41fc-8d00-8f9b4b0cd246
2025-05-13 08:08:48,882 [408a00a1-9245-41fc-8d00-8f9b4b0cd246-groupManagement] INFO  server.RaftServerConfigKeys (ConfUtils.java:logGet(46)) - raft.server.snapshot.trigger-when-stop.enabled = true (default)
2025-05-13 08:08:48,883 [408a00a1-9245-41fc-8d00-8f9b4b0cd246-groupManagement] INFO  server.RaftServerConfigKeys (ConfUtils.java:logGet(46)) - raft.server.snapshot.trigger-when-remove.enabled = true (default)
2025-05-13 08:08:48,883 [408a00a1-9245-41fc-8d00-8f9b4b0cd246-groupManagement] INFO  server.RaftServerConfigKeys (ConfUtils.java:logGet(46)) - raft.server.snapshot.auto.trigger.enabled = true (custom)
2025-05-13 08:08:48,883 [408a00a1-9245-41fc-8d00-8f9b4b0cd246-groupManagement] INFO  server.RaftServerConfigKeys (ConfUtils.java:logGet(46)) - raft.server.snapshot.auto.trigger.threshold = 100000 (custom)
2025-05-13 08:08:48,883 [408a00a1-9245-41fc-8d00-8f9b4b0cd246-groupManagement] INFO  server.RaftServerConfigKeys (ConfUtils.java:logGet(46)) - raft.server.snapshot.retention.file.num = 5 (custom)
2025-05-13 08:08:48,883 [408a00a1-9245-41fc-8d00-8f9b4b0cd246-groupManagement] INFO  server.RaftServerConfigKeys (ConfUtils.java:logGet(46)) - raft.server.log.purge.upto.snapshot.index = false (default)
2025-05-13 08:08:48,883 [EventQueue-PipelineReportForOneReplicaPipelineSafeModeRule] INFO  safemode.SCMSafeModeManager (SCMSafeModeManager.java:validateSafeModeExitRules(140)) - AtleastOneDatanodeReportedRule rule is successfully validated
2025-05-13 08:08:48,886 [408a00a1-9245-41fc-8d00-8f9b4b0cd246-groupManagement] INFO  server.RaftServer$Division (RaftServerImpl.java:start(405)) - 408a00a1-9245-41fc-8d00-8f9b4b0cd246@group-DF169F23F538: Successfully started.
2025-05-13 08:08:48,887 [408a00a1-9245-41fc-8d00-8f9b4b0cd246-PipelineCommandHandlerThread-0] INFO  ratis.XceiverServerRatis (XceiverServerRatis.java:addGroup(843)) - Created group PipelineID=33d055a4-c1d5-4f25-92f0-df169f23f538
2025-05-13 08:08:48,888 [408a00a1-9245-41fc-8d00-8f9b4b0cd246-PipelineCommandHandlerThread-0] INFO  commandhandler.CreatePipelineCommandHandler (CreatePipelineCommandHandler.java:lambda$handle$2(128)) - Created Pipeline RATIS ONE PipelineID=33d055a4-c1d5-4f25-92f0-df169f23f538.
2025-05-13 08:08:48,888 [408a00a1-9245-41fc-8d00-8f9b4b0cd246-PipelineCommandHandlerThread-0] INFO  server.RaftServer (RaftServerProxy.java:addNew(100)) - 408a00a1-9245-41fc-8d00-8f9b4b0cd246: addNew group-D61D47490DC1:[408a00a1-9245-41fc-8d00-8f9b4b0cd246|127.0.0.1:15015, 4fab203c-b5a4-47f8-9680-c8b7d06953a5|127.0.0.1:15031, d9a075f3-fd90-436c-93e2-379adbc01ef0|127.0.0.1:15023] returns group-D61D47490DC1:java.util.concurrent.CompletableFuture@20733de1[Not completed]
2025-05-13 08:08:48,890 [408a00a1-9245-41fc-8d00-8f9b4b0cd246-groupManagement] INFO  server.RaftServer$Division (RaftServerImpl.java:<init>(255)) - 408a00a1-9245-41fc-8d00-8f9b4b0cd246: new RaftServerImpl for group-D61D47490DC1:[408a00a1-9245-41fc-8d00-8f9b4b0cd246|127.0.0.1:15015, 4fab203c-b5a4-47f8-9680-c8b7d06953a5|127.0.0.1:15031, d9a075f3-fd90-436c-93e2-379adbc01ef0|127.0.0.1:15023] with ContainerStateMachine:uninitialized
2025-05-13 08:08:48,890 [408a00a1-9245-41fc-8d00-8f9b4b0cd246-groupManagement] INFO  server.RaftServerConfigKeys (ConfUtils.java:logGet(46)) - raft.server.rpc.timeout.min = 5s (custom)
2025-05-13 08:08:48,890 [408a00a1-9245-41fc-8d00-8f9b4b0cd246-groupManagement] INFO  server.RaftServerConfigKeys (ConfUtils.java:logGet(46)) - raft.server.rpc.timeout.max = 5200ms (custom)
2025-05-13 08:08:48,891 [408a00a1-9245-41fc-8d00-8f9b4b0cd246-groupManagement] INFO  server.RaftServerConfigKeys (ConfUtils.java:logGet(46)) - raft.server.rpc.sleep.time = 25ms (default)
2025-05-13 08:08:48,891 [408a00a1-9245-41fc-8d00-8f9b4b0cd246-groupManagement] INFO  server.RaftServerConfigKeys (ConfUtils.java:logGet(46)) - raft.server.rpc.slowness.timeout = 300s (custom)
2025-05-13 08:08:48,891 [408a00a1-9245-41fc-8d00-8f9b4b0cd246-groupManagement] INFO  server.RaftServerConfigKeys (ConfUtils.java:logGet(46)) - raft.server.leaderelection.leader.step-down.wait-time = 10s (default)
2025-05-13 08:08:48,891 [408a00a1-9245-41fc-8d00-8f9b4b0cd246-groupManagement] INFO  server.RaftServerConfigKeys (ConfUtils.java:logGet(46)) - raft.server.leaderelection.member.majority-add = false (default)
2025-05-13 08:08:48,891 [408a00a1-9245-41fc-8d00-8f9b4b0cd246-groupManagement] INFO  server.RaftServerConfigKeys (ConfUtils.java:logGet(46)) - raft.server.sleep.deviation.threshold = 300ms (default)
2025-05-13 08:08:48,891 [408a00a1-9245-41fc-8d00-8f9b4b0cd246-groupManagement] INFO  server.RaftServer$Division (ServerState.java:<init>(114)) - 408a00a1-9245-41fc-8d00-8f9b4b0cd246@group-D61D47490DC1: ConfigurationManager, init=conf: {index: -1, cur=peers:[408a00a1-9245-41fc-8d00-8f9b4b0cd246|127.0.0.1:15015, 4fab203c-b5a4-47f8-9680-c8b7d06953a5|127.0.0.1:15031, d9a075f3-fd90-436c-93e2-379adbc01ef0|127.0.0.1:15023]|listeners:[], old=null}, confs=<EMPTY_MAP>
2025-05-13 08:08:48,891 [408a00a1-9245-41fc-8d00-8f9b4b0cd246-groupManagement] INFO  server.RaftServerConfigKeys (ConfUtils.java:logGet(46)) - raft.server.notification.no-leader.timeout = 300s (custom)
2025-05-13 08:08:48,891 [408a00a1-9245-41fc-8d00-8f9b4b0cd246-groupManagement] INFO  server.RaftServerConfigKeys (ConfUtils.java:logGet(46)) - raft.server.read.timeout = 10s (default)
2025-05-13 08:08:48,891 [408a00a1-9245-41fc-8d00-8f9b4b0cd246-groupManagement] INFO  server.RaftServerConfigKeys (ConfUtils.java:logGet(46)) - raft.server.retrycache.expirytime = 600000ms (custom)
2025-05-13 08:08:48,891 [408a00a1-9245-41fc-8d00-8f9b4b0cd246-groupManagement] INFO  server.RaftServerConfigKeys (ConfUtils.java:logGet(46)) - raft.server.retrycache.statistics.expirytime = 100ms (default)
2025-05-13 08:08:48,891 [408a00a1-9245-41fc-8d00-8f9b4b0cd246-groupManagement] INFO  server.RaftServerConfigKeys (ConfUtils.java:logGet(46)) - raft.server.read.option = DEFAULT (default)
2025-05-13 08:08:48,891 [408a00a1-9245-41fc-8d00-8f9b4b0cd246-groupManagement] INFO  server.RaftServerConfigKeys (ConfUtils.java:logGet(46)) - raft.server.read.read-after-write-consistent.write-index-cache.expiry-time = 60s (default)
2025-05-13 08:08:48,891 [c3acf90a-cae3-4912-9a93-76f770441a06@group-F289B69B5230-StateMachineUpdater] INFO  safemode.SCMSafeModeManager (SCMSafeModeManager.java:validateSafeModeExitRules(140)) - DataNodeSafeModeRule rule is successfully validated
2025-05-13 08:08:48,892 [c3acf90a-cae3-4912-9a93-76f770441a06@group-F289B69B5230-StateMachineUpdater] INFO  safemode.SCMSafeModeManager (SCMSafeModeManager.java:validateSafeModeExitRules(140)) - RatisContainerSafeModeRule rule is successfully validated
2025-05-13 08:08:48,892 [c3acf90a-cae3-4912-9a93-76f770441a06@group-F289B69B5230-StateMachineUpdater] INFO  safemode.HealthyPipelineSafeModeRule (HealthyPipelineSafeModeRule.java:initializeRule(173)) - Refreshed total pipeline count is 0, healthy pipeline threshold count is 1
2025-05-13 08:08:48,892 [c3acf90a-cae3-4912-9a93-76f770441a06@group-F289B69B5230-StateMachineUpdater] INFO  safemode.SCMSafeModeManager (SCMSafeModeManager.java:validateSafeModeExitRules(140)) - ECContainerSafeModeRule rule is successfully validated
2025-05-13 08:08:48,892 [c3acf90a-cae3-4912-9a93-76f770441a06@group-F289B69B5230-StateMachineUpdater] INFO  safemode.SCMSafeModeManager (SCMSafeModeManager.java:validateSafeModeExitRules(140)) - AtleastOneDatanodeReportedRule rule is successfully validated
2025-05-13 08:08:48,892 [EventQueue-PipelineReportForPipelineReportHandler] INFO  pipeline.PipelineReportHandler (PipelineReportHandler.java:processPipelineReport(134)) - Opened pipeline PipelineID=33d055a4-c1d5-4f25-92f0-df169f23f538
2025-05-13 08:08:48,894 [EventQueue-OpenPipelineForHealthyPipelineSafeModeRule] INFO  safemode.SCMSafeModeManager (HealthyPipelineSafeModeRule.java:process(141)) - SCM in safe mode. Healthy pipelines reported count is 0, required healthy pipeline reported count is 1
2025-05-13 08:08:48,897 [408a00a1-9245-41fc-8d00-8f9b4b0cd246-groupManagement] INFO  server.RaftServerConfigKeys (ConfUtils.java:logGet(46)) - raft.server.rpc.request.timeout = 60s (custom)
2025-05-13 08:08:48,897 [408a00a1-9245-41fc-8d00-8f9b4b0cd246-groupManagement] INFO  server.RaftServerConfigKeys (ConfUtils.java:logGet(46)) - raft.server.log.appender.install.snapshot.enabled = false (custom)
2025-05-13 08:08:48,897 [408a00a1-9245-41fc-8d00-8f9b4b0cd246-groupManagement] INFO  server.RaftServerConfigKeys (ConfUtils.java:logGet(46)) - raft.server.threadpool.server.cached = true (default)
2025-05-13 08:08:48,897 [408a00a1-9245-41fc-8d00-8f9b4b0cd246-groupManagement] INFO  server.RaftServerConfigKeys (ConfUtils.java:logGet(46)) - raft.server.threadpool.server.size = 0 (default)
2025-05-13 08:08:48,897 [408a00a1-9245-41fc-8d00-8f9b4b0cd246-groupManagement] INFO  server.RaftServerConfigKeys (ConfUtils.java:logGet(46)) - raft.server.threadpool.client.cached = true (default)
2025-05-13 08:08:48,897 [408a00a1-9245-41fc-8d00-8f9b4b0cd246-groupManagement] INFO  server.RaftServerConfigKeys (ConfUtils.java:logGet(46)) - raft.server.threadpool.client.size = 0 (default)
2025-05-13 08:08:48,897 [408a00a1-9245-41fc-8d00-8f9b4b0cd246-groupManagement] INFO  server.RaftServerConfigKeys (ConfUtils.java:logGet(46)) - raft.server.storage.free-space.min = 0MB (=0) (default)
2025-05-13 08:08:48,897 [408a00a1-9245-41fc-8d00-8f9b4b0cd246-groupManagement] INFO  server.RaftServerConfigKeys (ConfUtils.java:logGet(46)) - raft.server.log.corruption.policy = EXCEPTION (default)
2025-05-13 08:08:48,897 [408a00a1-9245-41fc-8d00-8f9b4b0cd246-groupManagement] INFO  server.RaftServerConfigKeys (ConfUtils.java:logGet(46)) - raft.server.storage.dir = [/home/runner/work/ozone/ozone/hadoop-ozone/integration-test-s3/target/test-dir/MiniOzoneClusterImpl-51e975e3-87ca-4f9c-b22e-f289b69b5230/ozone-meta/datanode-1/ratis] (custom)
2025-05-13 08:08:48,898 [408a00a1-9245-41fc-8d00-8f9b4b0cd246-groupManagement] INFO  storage.RaftStorageDirectory (RaftStorageDirectoryImpl.java:analyzeStorage(138)) - The storage directory /home/runner/work/ozone/ozone/hadoop-ozone/integration-test-s3/target/test-dir/MiniOzoneClusterImpl-51e975e3-87ca-4f9c-b22e-f289b69b5230/ozone-meta/datanode-1/ratis/44e939c1-ecf5-490d-8799-d61d47490dc1 does not exist. Creating ...
2025-05-13 08:08:48,899 [408a00a1-9245-41fc-8d00-8f9b4b0cd246-groupManagement] INFO  storage.RaftStorageDirectory (RaftStorageDirectoryImpl.java:tryLock(229)) - Lock on /home/runner/work/ozone/ozone/hadoop-ozone/integration-test-s3/target/test-dir/MiniOzoneClusterImpl-51e975e3-87ca-4f9c-b22e-f289b69b5230/ozone-meta/datanode-1/ratis/44e939c1-ecf5-490d-8799-d61d47490dc1/in_use.lock acquired by nodename 74288@pkrvmberfyhpb9w
2025-05-13 08:08:48,900 [408a00a1-9245-41fc-8d00-8f9b4b0cd246-groupManagement] INFO  storage.RaftStorage (RaftStorageImpl.java:format(98)) - Storage directory /home/runner/work/ozone/ozone/hadoop-ozone/integration-test-s3/target/test-dir/MiniOzoneClusterImpl-51e975e3-87ca-4f9c-b22e-f289b69b5230/ozone-meta/datanode-1/ratis/44e939c1-ecf5-490d-8799-d61d47490dc1 has been successfully formatted.
2025-05-13 08:08:48,900 [408a00a1-9245-41fc-8d00-8f9b4b0cd246-groupManagement] INFO  ratis.ContainerStateMachine (ContainerStateMachine.java:initialize(339)) - 408a00a1-9245-41fc-8d00-8f9b4b0cd246: initialize group-D61D47490DC1
2025-05-13 08:08:48,900 [408a00a1-9245-41fc-8d00-8f9b4b0cd246-groupManagement] INFO  ratis.ContainerStateMachine (ContainerStateMachine.java:loadSnapshot(347)) - group-D61D47490DC1: The snapshot info is null. Setting the last applied index to:(t:0, i:~)
2025-05-13 08:08:48,900 [408a00a1-9245-41fc-8d00-8f9b4b0cd246-groupManagement] INFO  server.RaftServerConfigKeys (ConfUtils.java:logGet(46)) - raft.server.log.use.memory = false (default)
2025-05-13 08:08:48,900 [408a00a1-9245-41fc-8d00-8f9b4b0cd246-groupManagement] INFO  server.RaftServerConfigKeys (ConfUtils.java:logGet(46)) - raft.server.log.purge.gap = 1000000 (custom)
2025-05-13 08:08:48,900 [408a00a1-9245-41fc-8d00-8f9b4b0cd246-groupManagement] INFO  server.RaftServerConfigKeys (ConfUtils.java:logGet(46)) - raft.server.log.appender.buffer.byte-limit = 33554432 (custom)
2025-05-13 08:08:48,900 [408a00a1-9245-41fc-8d00-8f9b4b0cd246-groupManagement] INFO  server.RaftServerConfigKeys (ConfUtils.java:logGet(46)) - raft.server.log.statemachine.data.read.timeout = 1000ms (default)
2025-05-13 08:08:48,901 [408a00a1-9245-41fc-8d00-8f9b4b0cd246-groupManagement] INFO  server.RaftServerConfigKeys (ConfUtils.java:logGet(46)) - raft.server.log.purge.preservation.log.num = 0 (default)
2025-05-13 08:08:48,903 [EventQueue-PipelineReportForOneReplicaPipelineSafeModeRule] INFO  safemode.SCMSafeModeManager (SCMSafeModeManager.java:validateSafeModeExitRules(140)) - AtleastOneDatanodeReportedRule rule is successfully validated
2025-05-13 08:08:48,903 [408a00a1-9245-41fc-8d00-8f9b4b0cd246-groupManagement] INFO  server.RaftServerConfigKeys (ConfUtils.java:logGet(46)) - raft.server.log.segment.size.max = 67108864 (custom)
2025-05-13 08:08:48,903 [408a00a1-9245-41fc-8d00-8f9b4b0cd246-groupManagement] INFO  server.RaftServerConfigKeys (ConfUtils.java:logGet(46)) - raft.server.log.segment.cache.num.max = 2 (custom)
2025-05-13 08:08:48,903 [408a00a1-9245-41fc-8d00-8f9b4b0cd246-groupManagement] INFO  server.RaftServerConfigKeys (ConfUtils.java:logGet(46)) - raft.server.log.segment.cache.size.max = 200MB (=209715200) (default)
2025-05-13 08:08:48,903 [408a00a1-9245-41fc-8d00-8f9b4b0cd246-groupManagement] INFO  server.RaftServerConfigKeys (ConfUtils.java:logGet(46)) - raft.server.log.appender.buffer.byte-limit = 33554432 (custom)
2025-05-13 08:08:48,903 [EventQueue-OpenPipelineForHealthyPipelineSafeModeRule] INFO  safemode.SCMSafeModeManager (HealthyPipelineSafeModeRule.java:process(141)) - SCM in safe mode. Healthy pipelines reported count is 0, required healthy pipeline reported count is 1
2025-05-13 08:08:48,904 [408a00a1-9245-41fc-8d00-8f9b4b0cd246-groupManagement] INFO  util.AwaitToRun (AwaitToRun.java:start(81)) - Thread[#916,408a00a1-9245-41fc-8d00-8f9b4b0cd246@group-D61D47490DC1-cacheEviction-AwaitToRun,5,main] started
2025-05-13 08:08:48,904 [408a00a1-9245-41fc-8d00-8f9b4b0cd246-groupManagement] INFO  segmented.SegmentedRaftLogWorker (SegmentedRaftLogWorker.java:<init>(188)) - new 408a00a1-9245-41fc-8d00-8f9b4b0cd246@group-D61D47490DC1-SegmentedRaftLogWorker for RaftStorageImpl:Storage Directory /home/runner/work/ozone/ozone/hadoop-ozone/integration-test-s3/target/test-dir/MiniOzoneClusterImpl-51e975e3-87ca-4f9c-b22e-f289b69b5230/ozone-meta/datanode-1/ratis/44e939c1-ecf5-490d-8799-d61d47490dc1
2025-05-13 08:08:48,904 [408a00a1-9245-41fc-8d00-8f9b4b0cd246-groupManagement] INFO  server.RaftServerConfigKeys (ConfUtils.java:logGet(46)) - raft.server.log.queue.byte-limit = 4294967296 (custom)
2025-05-13 08:08:48,904 [408a00a1-9245-41fc-8d00-8f9b4b0cd246-groupManagement] INFO  server.RaftServerConfigKeys (ConfUtils.java:logGet(46)) - raft.server.log.queue.element-limit = 1024 (custom)
2025-05-13 08:08:48,904 [408a00a1-9245-41fc-8d00-8f9b4b0cd246-groupManagement] INFO  server.RaftServerConfigKeys (ConfUtils.java:logGet(46)) - raft.server.log.segment.size.max = 67108864 (custom)
2025-05-13 08:08:48,904 [408a00a1-9245-41fc-8d00-8f9b4b0cd246-groupManagement] INFO  server.RaftServerConfigKeys (ConfUtils.java:logGet(46)) - raft.server.log.preallocated.size = 4194304 (custom)
2025-05-13 08:08:48,904 [408a00a1-9245-41fc-8d00-8f9b4b0cd246-groupManagement] INFO  server.RaftServerConfigKeys (ConfUtils.java:logGet(46)) - raft.server.log.force.sync.num = 128 (default)
2025-05-13 08:08:48,904 [408a00a1-9245-41fc-8d00-8f9b4b0cd246-groupManagement] INFO  server.RaftServerConfigKeys (ConfUtils.java:logGet(46)) - raft.server.log.statemachine.data.sync = true (default)
2025-05-13 08:08:48,904 [408a00a1-9245-41fc-8d00-8f9b4b0cd246-groupManagement] INFO  server.RaftServerConfigKeys (ConfUtils.java:logGet(46)) - raft.server.log.statemachine.data.sync.timeout = 10s (default)
2025-05-13 08:08:48,904 [408a00a1-9245-41fc-8d00-8f9b4b0cd246-groupManagement] INFO  server.RaftServerConfigKeys (ConfUtils.java:logGet(46)) - raft.server.log.statemachine.data.sync.timeout.retry = 30 (custom)
2025-05-13 08:08:48,905 [408a00a1-9245-41fc-8d00-8f9b4b0cd246-groupManagement] INFO  server.RaftServerConfigKeys (ConfUtils.java:logGet(46)) - raft.server.log.write.buffer.size = 33554440 (custom)
2025-05-13 08:08:48,910 [408a00a1-9245-41fc-8d00-8f9b4b0cd246-groupManagement] INFO  server.RaftServerConfigKeys (ConfUtils.java:logGet(46)) - raft.server.log.appender.buffer.byte-limit = 33554432 (custom)
2025-05-13 08:08:48,911 [408a00a1-9245-41fc-8d00-8f9b4b0cd246-groupManagement] INFO  server.RaftServerConfigKeys (ConfUtils.java:logGet(46)) - raft.server.log.unsafe-flush.enabled = false (default)
2025-05-13 08:08:48,911 [408a00a1-9245-41fc-8d00-8f9b4b0cd246-groupManagement] INFO  server.RaftServerConfigKeys (ConfUtils.java:logGet(46)) - raft.server.log.async-flush.enabled = false (default)
2025-05-13 08:08:48,911 [408a00a1-9245-41fc-8d00-8f9b4b0cd246-groupManagement] INFO  server.RaftServerConfigKeys (ConfUtils.java:logGet(46)) - raft.server.log.statemachine.data.caching.enabled = true (custom)
2025-05-13 08:08:48,911 [408a00a1-9245-41fc-8d00-8f9b4b0cd246-groupManagement] INFO  segmented.SegmentedRaftLogWorker (SegmentedRaftLogWorker.java:lambda$new$0(139)) - 408a00a1-9245-41fc-8d00-8f9b4b0cd246@group-D61D47490DC1-SegmentedRaftLogWorker: flushIndex: setUnconditionally 0 -> -1
2025-05-13 08:08:48,911 [408a00a1-9245-41fc-8d00-8f9b4b0cd246-groupManagement] INFO  segmented.SegmentedRaftLogWorker (SegmentedRaftLogWorker.java:lambda$new$0(139)) - 408a00a1-9245-41fc-8d00-8f9b4b0cd246@group-D61D47490DC1-SegmentedRaftLogWorker: safeCacheEvictIndex: setUnconditionally 0 -> -1
2025-05-13 08:08:48,911 [408a00a1-9245-41fc-8d00-8f9b4b0cd246-groupManagement] INFO  server.RaftServer$Division (RaftServerImpl.java:start(391)) - 408a00a1-9245-41fc-8d00-8f9b4b0cd246@group-D61D47490DC1: start as a follower, conf=conf: {index: -1, cur=peers:[408a00a1-9245-41fc-8d00-8f9b4b0cd246|127.0.0.1:15015, 4fab203c-b5a4-47f8-9680-c8b7d06953a5|127.0.0.1:15031, d9a075f3-fd90-436c-93e2-379adbc01ef0|127.0.0.1:15023]|listeners:[], old=null}
2025-05-13 08:08:48,911 [408a00a1-9245-41fc-8d00-8f9b4b0cd246-groupManagement] INFO  server.RaftServer$Division (RaftServerImpl.java:setRole(378)) - 408a00a1-9245-41fc-8d00-8f9b4b0cd246@group-D61D47490DC1: changes role from      null to FOLLOWER at term 0 for startAsFollower
2025-05-13 08:08:48,911 [408a00a1-9245-41fc-8d00-8f9b4b0cd246-groupManagement] INFO  impl.RoleInfo (RoleInfo.java:updateAndGet(148)) - 408a00a1-9245-41fc-8d00-8f9b4b0cd246: start 408a00a1-9245-41fc-8d00-8f9b4b0cd246@group-D61D47490DC1-FollowerState
2025-05-13 08:08:48,912 [408a00a1-9245-41fc-8d00-8f9b4b0cd246-groupManagement] INFO  util.JmxRegister (JmxRegister.java:tryRegister(44)) - Successfully registered JMX Bean with object name Ratis:service=RaftServer,group=group-D61D47490DC1,id=408a00a1-9245-41fc-8d00-8f9b4b0cd246
2025-05-13 08:08:48,912 [408a00a1-9245-41fc-8d00-8f9b4b0cd246-groupManagement] INFO  util.JmxRegister (JmxRegister.java:register(58)) - register mxBean class org.apache.ratis.server.impl.RaftServerJmxAdapter as Ratis:service=RaftServer,group=group-D61D47490DC1,id=408a00a1-9245-41fc-8d00-8f9b4b0cd246
2025-05-13 08:08:48,912 [408a00a1-9245-41fc-8d00-8f9b4b0cd246-groupManagement] INFO  server.RaftServerConfigKeys (ConfUtils.java:logGet(46)) - raft.server.snapshot.trigger-when-stop.enabled = true (default)
2025-05-13 08:08:48,912 [408a00a1-9245-41fc-8d00-8f9b4b0cd246-groupManagement] INFO  server.RaftServerConfigKeys (ConfUtils.java:logGet(46)) - raft.server.snapshot.trigger-when-remove.enabled = true (default)
2025-05-13 08:08:48,912 [408a00a1-9245-41fc-8d00-8f9b4b0cd246-groupManagement] INFO  server.RaftServerConfigKeys (ConfUtils.java:logGet(46)) - raft.server.snapshot.auto.trigger.enabled = true (custom)
2025-05-13 08:08:48,912 [408a00a1-9245-41fc-8d00-8f9b4b0cd246-groupManagement] INFO  server.RaftServerConfigKeys (ConfUtils.java:logGet(46)) - raft.server.snapshot.auto.trigger.threshold = 100000 (custom)
2025-05-13 08:08:48,912 [408a00a1-9245-41fc-8d00-8f9b4b0cd246-groupManagement] INFO  server.RaftServerConfigKeys (ConfUtils.java:logGet(46)) - raft.server.snapshot.retention.file.num = 5 (custom)
2025-05-13 08:08:48,912 [408a00a1-9245-41fc-8d00-8f9b4b0cd246-groupManagement] INFO  server.RaftServerConfigKeys (ConfUtils.java:logGet(46)) - raft.server.log.purge.upto.snapshot.index = false (default)
2025-05-13 08:08:48,913 [408a00a1-9245-41fc-8d00-8f9b4b0cd246@group-D61D47490DC1-FollowerState] INFO  server.RaftServerConfigKeys (ConfUtils.java:logGet(46)) - raft.server.rpc.first-election.timeout.min = 1000ms (custom)
2025-05-13 08:08:48,913 [408a00a1-9245-41fc-8d00-8f9b4b0cd246@group-D61D47490DC1-FollowerState] INFO  server.RaftServerConfigKeys (ConfUtils.java:logGet(46)) - raft.server.rpc.first-election.timeout.max = 1200ms (custom)
2025-05-13 08:08:48,913 [408a00a1-9245-41fc-8d00-8f9b4b0cd246-groupManagement] INFO  server.RaftServer$Division (RaftServerImpl.java:start(405)) - 408a00a1-9245-41fc-8d00-8f9b4b0cd246@group-D61D47490DC1: Successfully started.
2025-05-13 08:08:48,914 [408a00a1-9245-41fc-8d00-8f9b4b0cd246-PipelineCommandHandlerThread-0] INFO  ratis.XceiverServerRatis (XceiverServerRatis.java:addGroup(843)) - Created group PipelineID=44e939c1-ecf5-490d-8799-d61d47490dc1
2025-05-13 08:08:49,082 [d9a075f3-fd90-436c-93e2-379adbc01ef0-PipelineCommandHandlerThread-0] INFO  server.RaftServer (RaftServerProxy.java:addNew(100)) - d9a075f3-fd90-436c-93e2-379adbc01ef0: addNew group-040DD8D60FAC:[d9a075f3-fd90-436c-93e2-379adbc01ef0|127.0.0.1:15023] returns group-040DD8D60FAC:java.util.concurrent.CompletableFuture@590dafb0[Not completed]
2025-05-13 08:08:49,084 [d9a075f3-fd90-436c-93e2-379adbc01ef0-groupManagement] INFO  server.RaftServer$Division (RaftServerImpl.java:<init>(255)) - d9a075f3-fd90-436c-93e2-379adbc01ef0: new RaftServerImpl for group-040DD8D60FAC:[d9a075f3-fd90-436c-93e2-379adbc01ef0|127.0.0.1:15023] with ContainerStateMachine:uninitialized
2025-05-13 08:08:49,084 [d9a075f3-fd90-436c-93e2-379adbc01ef0-groupManagement] INFO  server.RaftServerConfigKeys (ConfUtils.java:logGet(46)) - raft.server.rpc.timeout.min = 5s (custom)
2025-05-13 08:08:49,084 [d9a075f3-fd90-436c-93e2-379adbc01ef0-groupManagement] INFO  server.RaftServerConfigKeys (ConfUtils.java:logGet(46)) - raft.server.rpc.timeout.max = 5200ms (custom)
2025-05-13 08:08:49,084 [d9a075f3-fd90-436c-93e2-379adbc01ef0-groupManagement] INFO  server.RaftServerConfigKeys (ConfUtils.java:logGet(46)) - raft.server.rpc.sleep.time = 25ms (default)
2025-05-13 08:08:49,084 [d9a075f3-fd90-436c-93e2-379adbc01ef0-groupManagement] INFO  server.RaftServerConfigKeys (ConfUtils.java:logGet(46)) - raft.server.rpc.slowness.timeout = 300s (custom)
2025-05-13 08:08:49,084 [d9a075f3-fd90-436c-93e2-379adbc01ef0-groupManagement] INFO  server.RaftServerConfigKeys (ConfUtils.java:logGet(46)) - raft.server.leaderelection.leader.step-down.wait-time = 10s (default)
2025-05-13 08:08:49,084 [d9a075f3-fd90-436c-93e2-379adbc01ef0-groupManagement] INFO  server.RaftServerConfigKeys (ConfUtils.java:logGet(46)) - raft.server.leaderelection.member.majority-add = false (default)
2025-05-13 08:08:49,084 [d9a075f3-fd90-436c-93e2-379adbc01ef0-groupManagement] INFO  server.RaftServerConfigKeys (ConfUtils.java:logGet(46)) - raft.server.sleep.deviation.threshold = 300ms (default)
2025-05-13 08:08:49,084 [d9a075f3-fd90-436c-93e2-379adbc01ef0-groupManagement] INFO  server.RaftServer$Division (ServerState.java:<init>(114)) - d9a075f3-fd90-436c-93e2-379adbc01ef0@group-040DD8D60FAC: ConfigurationManager, init=conf: {index: -1, cur=peers:[d9a075f3-fd90-436c-93e2-379adbc01ef0|127.0.0.1:15023]|listeners:[], old=null}, confs=<EMPTY_MAP>
2025-05-13 08:08:49,084 [d9a075f3-fd90-436c-93e2-379adbc01ef0-groupManagement] INFO  server.RaftServerConfigKeys (ConfUtils.java:logGet(46)) - raft.server.notification.no-leader.timeout = 300s (custom)
2025-05-13 08:08:49,084 [d9a075f3-fd90-436c-93e2-379adbc01ef0-groupManagement] INFO  server.RaftServerConfigKeys (ConfUtils.java:logGet(46)) - raft.server.read.timeout = 10s (default)
2025-05-13 08:08:49,084 [d9a075f3-fd90-436c-93e2-379adbc01ef0-groupManagement] INFO  server.RaftServerConfigKeys (ConfUtils.java:logGet(46)) - raft.server.retrycache.expirytime = 600000ms (custom)
2025-05-13 08:08:49,084 [d9a075f3-fd90-436c-93e2-379adbc01ef0-groupManagement] INFO  server.RaftServerConfigKeys (ConfUtils.java:logGet(46)) - raft.server.retrycache.statistics.expirytime = 100ms (default)
2025-05-13 08:08:49,085 [d9a075f3-fd90-436c-93e2-379adbc01ef0-groupManagement] INFO  server.RaftServerConfigKeys (ConfUtils.java:logGet(46)) - raft.server.read.option = DEFAULT (default)
2025-05-13 08:08:49,085 [d9a075f3-fd90-436c-93e2-379adbc01ef0-groupManagement] INFO  server.RaftServerConfigKeys (ConfUtils.java:logGet(46)) - raft.server.read.read-after-write-consistent.write-index-cache.expiry-time = 60s (default)
2025-05-13 08:08:49,092 [d9a075f3-fd90-436c-93e2-379adbc01ef0-groupManagement] INFO  server.RaftServerConfigKeys (ConfUtils.java:logGet(46)) - raft.server.rpc.request.timeout = 60s (custom)
2025-05-13 08:08:49,092 [d9a075f3-fd90-436c-93e2-379adbc01ef0-groupManagement] INFO  server.RaftServerConfigKeys (ConfUtils.java:logGet(46)) - raft.server.log.appender.install.snapshot.enabled = false (custom)
2025-05-13 08:08:49,092 [d9a075f3-fd90-436c-93e2-379adbc01ef0-groupManagement] INFO  server.RaftServerConfigKeys (ConfUtils.java:logGet(46)) - raft.server.threadpool.server.cached = true (default)
2025-05-13 08:08:49,093 [d9a075f3-fd90-436c-93e2-379adbc01ef0-groupManagement] INFO  server.RaftServerConfigKeys (ConfUtils.java:logGet(46)) - raft.server.threadpool.server.size = 0 (default)
2025-05-13 08:08:49,093 [d9a075f3-fd90-436c-93e2-379adbc01ef0-groupManagement] INFO  server.RaftServerConfigKeys (ConfUtils.java:logGet(46)) - raft.server.threadpool.client.cached = true (default)
2025-05-13 08:08:49,093 [d9a075f3-fd90-436c-93e2-379adbc01ef0-groupManagement] INFO  server.RaftServerConfigKeys (ConfUtils.java:logGet(46)) - raft.server.threadpool.client.size = 0 (default)
2025-05-13 08:08:49,093 [d9a075f3-fd90-436c-93e2-379adbc01ef0-groupManagement] INFO  server.RaftServerConfigKeys (ConfUtils.java:logGet(46)) - raft.server.storage.free-space.min = 0MB (=0) (default)
2025-05-13 08:08:49,093 [d9a075f3-fd90-436c-93e2-379adbc01ef0-groupManagement] INFO  server.RaftServerConfigKeys (ConfUtils.java:logGet(46)) - raft.server.log.corruption.policy = EXCEPTION (default)
2025-05-13 08:08:49,093 [d9a075f3-fd90-436c-93e2-379adbc01ef0-groupManagement] INFO  server.RaftServerConfigKeys (ConfUtils.java:logGet(46)) - raft.server.storage.dir = [/home/runner/work/ozone/ozone/hadoop-ozone/integration-test-s3/target/test-dir/MiniOzoneClusterImpl-51e975e3-87ca-4f9c-b22e-f289b69b5230/ozone-meta/datanode-2/ratis] (custom)
2025-05-13 08:08:49,093 [d9a075f3-fd90-436c-93e2-379adbc01ef0-groupManagement] INFO  storage.RaftStorageDirectory (RaftStorageDirectoryImpl.java:analyzeStorage(138)) - The storage directory /home/runner/work/ozone/ozone/hadoop-ozone/integration-test-s3/target/test-dir/MiniOzoneClusterImpl-51e975e3-87ca-4f9c-b22e-f289b69b5230/ozone-meta/datanode-2/ratis/52b1cad3-e50f-4069-a1eb-040dd8d60fac does not exist. Creating ...
2025-05-13 08:08:49,095 [d9a075f3-fd90-436c-93e2-379adbc01ef0-groupManagement] INFO  storage.RaftStorageDirectory (RaftStorageDirectoryImpl.java:tryLock(229)) - Lock on /home/runner/work/ozone/ozone/hadoop-ozone/integration-test-s3/target/test-dir/MiniOzoneClusterImpl-51e975e3-87ca-4f9c-b22e-f289b69b5230/ozone-meta/datanode-2/ratis/52b1cad3-e50f-4069-a1eb-040dd8d60fac/in_use.lock acquired by nodename 74288@pkrvmberfyhpb9w
2025-05-13 08:08:49,098 [d9a075f3-fd90-436c-93e2-379adbc01ef0-groupManagement] INFO  storage.RaftStorage (RaftStorageImpl.java:format(98)) - Storage directory /home/runner/work/ozone/ozone/hadoop-ozone/integration-test-s3/target/test-dir/MiniOzoneClusterImpl-51e975e3-87ca-4f9c-b22e-f289b69b5230/ozone-meta/datanode-2/ratis/52b1cad3-e50f-4069-a1eb-040dd8d60fac has been successfully formatted.
2025-05-13 08:08:49,098 [d9a075f3-fd90-436c-93e2-379adbc01ef0-groupManagement] INFO  ratis.ContainerStateMachine (ContainerStateMachine.java:initialize(339)) - d9a075f3-fd90-436c-93e2-379adbc01ef0: initialize group-040DD8D60FAC
2025-05-13 08:08:49,099 [d9a075f3-fd90-436c-93e2-379adbc01ef0-groupManagement] INFO  ratis.ContainerStateMachine (ContainerStateMachine.java:loadSnapshot(347)) - group-040DD8D60FAC: The snapshot info is null. Setting the last applied index to:(t:0, i:~)
2025-05-13 08:08:49,099 [d9a075f3-fd90-436c-93e2-379adbc01ef0-groupManagement] INFO  server.RaftServerConfigKeys (ConfUtils.java:logGet(46)) - raft.server.log.use.memory = false (default)
2025-05-13 08:08:49,099 [d9a075f3-fd90-436c-93e2-379adbc01ef0-groupManagement] INFO  server.RaftServerConfigKeys (ConfUtils.java:logGet(46)) - raft.server.log.purge.gap = 1000000 (custom)
2025-05-13 08:08:49,099 [d9a075f3-fd90-436c-93e2-379adbc01ef0-groupManagement] INFO  server.RaftServerConfigKeys (ConfUtils.java:logGet(46)) - raft.server.log.appender.buffer.byte-limit = 33554432 (custom)
2025-05-13 08:08:49,099 [d9a075f3-fd90-436c-93e2-379adbc01ef0-groupManagement] INFO  server.RaftServerConfigKeys (ConfUtils.java:logGet(46)) - raft.server.log.statemachine.data.read.timeout = 1000ms (default)
2025-05-13 08:08:49,099 [d9a075f3-fd90-436c-93e2-379adbc01ef0-groupManagement] INFO  server.RaftServerConfigKeys (ConfUtils.java:logGet(46)) - raft.server.log.purge.preservation.log.num = 0 (default)
2025-05-13 08:08:49,101 [EventQueue-PipelineReportForOneReplicaPipelineSafeModeRule] INFO  safemode.SCMSafeModeManager (SCMSafeModeManager.java:validateSafeModeExitRules(140)) - AtleastOneDatanodeReportedRule rule is successfully validated
2025-05-13 08:08:49,103 [d9a075f3-fd90-436c-93e2-379adbc01ef0-groupManagement] INFO  server.RaftServerConfigKeys (ConfUtils.java:logGet(46)) - raft.server.log.segment.size.max = 67108864 (custom)
2025-05-13 08:08:49,103 [d9a075f3-fd90-436c-93e2-379adbc01ef0-groupManagement] INFO  server.RaftServerConfigKeys (ConfUtils.java:logGet(46)) - raft.server.log.segment.cache.num.max = 2 (custom)
2025-05-13 08:08:49,103 [d9a075f3-fd90-436c-93e2-379adbc01ef0-groupManagement] INFO  server.RaftServerConfigKeys (ConfUtils.java:logGet(46)) - raft.server.log.segment.cache.size.max = 200MB (=209715200) (default)
2025-05-13 08:08:49,103 [d9a075f3-fd90-436c-93e2-379adbc01ef0-groupManagement] INFO  server.RaftServerConfigKeys (ConfUtils.java:logGet(46)) - raft.server.log.appender.buffer.byte-limit = 33554432 (custom)
2025-05-13 08:08:49,104 [d9a075f3-fd90-436c-93e2-379adbc01ef0-groupManagement] INFO  util.AwaitToRun (AwaitToRun.java:start(81)) - Thread[#927,d9a075f3-fd90-436c-93e2-379adbc01ef0@group-040DD8D60FAC-cacheEviction-AwaitToRun,5,main] started
2025-05-13 08:08:49,104 [d9a075f3-fd90-436c-93e2-379adbc01ef0-groupManagement] INFO  segmented.SegmentedRaftLogWorker (SegmentedRaftLogWorker.java:<init>(188)) - new d9a075f3-fd90-436c-93e2-379adbc01ef0@group-040DD8D60FAC-SegmentedRaftLogWorker for RaftStorageImpl:Storage Directory /home/runner/work/ozone/ozone/hadoop-ozone/integration-test-s3/target/test-dir/MiniOzoneClusterImpl-51e975e3-87ca-4f9c-b22e-f289b69b5230/ozone-meta/datanode-2/ratis/52b1cad3-e50f-4069-a1eb-040dd8d60fac
2025-05-13 08:08:49,104 [d9a075f3-fd90-436c-93e2-379adbc01ef0-groupManagement] INFO  server.RaftServerConfigKeys (ConfUtils.java:logGet(46)) - raft.server.log.queue.byte-limit = 4294967296 (custom)
2025-05-13 08:08:49,104 [d9a075f3-fd90-436c-93e2-379adbc01ef0-groupManagement] INFO  server.RaftServerConfigKeys (ConfUtils.java:logGet(46)) - raft.server.log.queue.element-limit = 1024 (custom)
2025-05-13 08:08:49,104 [d9a075f3-fd90-436c-93e2-379adbc01ef0-groupManagement] INFO  server.RaftServerConfigKeys (ConfUtils.java:logGet(46)) - raft.server.log.segment.size.max = 67108864 (custom)
2025-05-13 08:08:49,104 [d9a075f3-fd90-436c-93e2-379adbc01ef0-groupManagement] INFO  server.RaftServerConfigKeys (ConfUtils.java:logGet(46)) - raft.server.log.preallocated.size = 4194304 (custom)
2025-05-13 08:08:49,104 [d9a075f3-fd90-436c-93e2-379adbc01ef0-groupManagement] INFO  server.RaftServerConfigKeys (ConfUtils.java:logGet(46)) - raft.server.log.force.sync.num = 128 (default)
2025-05-13 08:08:49,104 [d9a075f3-fd90-436c-93e2-379adbc01ef0-groupManagement] INFO  server.RaftServerConfigKeys (ConfUtils.java:logGet(46)) - raft.server.log.statemachine.data.sync = true (default)
2025-05-13 08:08:49,104 [d9a075f3-fd90-436c-93e2-379adbc01ef0-groupManagement] INFO  server.RaftServerConfigKeys (ConfUtils.java:logGet(46)) - raft.server.log.statemachine.data.sync.timeout = 10s (default)
2025-05-13 08:08:49,104 [d9a075f3-fd90-436c-93e2-379adbc01ef0-groupManagement] INFO  server.RaftServerConfigKeys (ConfUtils.java:logGet(46)) - raft.server.log.statemachine.data.sync.timeout.retry = 30 (custom)
2025-05-13 08:08:49,105 [c3acf90a-cae3-4912-9a93-76f770441a06@group-F289B69B5230-StateMachineUpdater] INFO  safemode.SCMSafeModeManager (SCMSafeModeManager.java:validateSafeModeExitRules(140)) - DataNodeSafeModeRule rule is successfully validated
2025-05-13 08:08:49,105 [c3acf90a-cae3-4912-9a93-76f770441a06@group-F289B69B5230-StateMachineUpdater] INFO  safemode.SCMSafeModeManager (SCMSafeModeManager.java:validateSafeModeExitRules(140)) - RatisContainerSafeModeRule rule is successfully validated
2025-05-13 08:08:49,105 [d9a075f3-fd90-436c-93e2-379adbc01ef0-groupManagement] INFO  server.RaftServerConfigKeys (ConfUtils.java:logGet(46)) - raft.server.log.write.buffer.size = 33554440 (custom)
2025-05-13 08:08:49,105 [c3acf90a-cae3-4912-9a93-76f770441a06@group-F289B69B5230-StateMachineUpdater] INFO  safemode.HealthyPipelineSafeModeRule (HealthyPipelineSafeModeRule.java:initializeRule(173)) - Refreshed total pipeline count is 0, healthy pipeline threshold count is 1
2025-05-13 08:08:49,105 [c3acf90a-cae3-4912-9a93-76f770441a06@group-F289B69B5230-StateMachineUpdater] INFO  safemode.SCMSafeModeManager (SCMSafeModeManager.java:validateSafeModeExitRules(140)) - ECContainerSafeModeRule rule is successfully validated
2025-05-13 08:08:49,105 [c3acf90a-cae3-4912-9a93-76f770441a06@group-F289B69B5230-StateMachineUpdater] INFO  safemode.SCMSafeModeManager (SCMSafeModeManager.java:validateSafeModeExitRules(140)) - AtleastOneDatanodeReportedRule rule is successfully validated
2025-05-13 08:08:49,106 [EventQueue-PipelineReportForPipelineReportHandler] INFO  pipeline.PipelineReportHandler (PipelineReportHandler.java:processPipelineReport(134)) - Opened pipeline PipelineID=52b1cad3-e50f-4069-a1eb-040dd8d60fac
2025-05-13 08:08:49,106 [EventQueue-OpenPipelineForHealthyPipelineSafeModeRule] INFO  safemode.SCMSafeModeManager (HealthyPipelineSafeModeRule.java:process(141)) - SCM in safe mode. Healthy pipelines reported count is 0, required healthy pipeline reported count is 1
2025-05-13 08:08:49,111 [d9a075f3-fd90-436c-93e2-379adbc01ef0-groupManagement] INFO  server.RaftServerConfigKeys (ConfUtils.java:logGet(46)) - raft.server.log.appender.buffer.byte-limit = 33554432 (custom)
2025-05-13 08:08:49,111 [d9a075f3-fd90-436c-93e2-379adbc01ef0-groupManagement] INFO  server.RaftServerConfigKeys (ConfUtils.java:logGet(46)) - raft.server.log.unsafe-flush.enabled = false (default)
2025-05-13 08:08:49,111 [d9a075f3-fd90-436c-93e2-379adbc01ef0-groupManagement] INFO  server.RaftServerConfigKeys (ConfUtils.java:logGet(46)) - raft.server.log.async-flush.enabled = false (default)
2025-05-13 08:08:49,111 [d9a075f3-fd90-436c-93e2-379adbc01ef0-groupManagement] INFO  server.RaftServerConfigKeys (ConfUtils.java:logGet(46)) - raft.server.log.statemachine.data.caching.enabled = true (custom)
2025-05-13 08:08:49,111 [d9a075f3-fd90-436c-93e2-379adbc01ef0-groupManagement] INFO  segmented.SegmentedRaftLogWorker (SegmentedRaftLogWorker.java:lambda$new$0(139)) - d9a075f3-fd90-436c-93e2-379adbc01ef0@group-040DD8D60FAC-SegmentedRaftLogWorker: flushIndex: setUnconditionally 0 -> -1
2025-05-13 08:08:49,111 [d9a075f3-fd90-436c-93e2-379adbc01ef0-groupManagement] INFO  segmented.SegmentedRaftLogWorker (SegmentedRaftLogWorker.java:lambda$new$0(139)) - d9a075f3-fd90-436c-93e2-379adbc01ef0@group-040DD8D60FAC-SegmentedRaftLogWorker: safeCacheEvictIndex: setUnconditionally 0 -> -1
2025-05-13 08:08:49,112 [d9a075f3-fd90-436c-93e2-379adbc01ef0-groupManagement] INFO  server.RaftServer$Division (RaftServerImpl.java:start(391)) - d9a075f3-fd90-436c-93e2-379adbc01ef0@group-040DD8D60FAC: start as a follower, conf=conf: {index: -1, cur=peers:[d9a075f3-fd90-436c-93e2-379adbc01ef0|127.0.0.1:15023]|listeners:[], old=null}
2025-05-13 08:08:49,112 [d9a075f3-fd90-436c-93e2-379adbc01ef0-groupManagement] INFO  server.RaftServer$Division (RaftServerImpl.java:setRole(378)) - d9a075f3-fd90-436c-93e2-379adbc01ef0@group-040DD8D60FAC: changes role from      null to FOLLOWER at term 0 for startAsFollower
2025-05-13 08:08:49,112 [d9a075f3-fd90-436c-93e2-379adbc01ef0-groupManagement] INFO  impl.RoleInfo (RoleInfo.java:updateAndGet(148)) - d9a075f3-fd90-436c-93e2-379adbc01ef0: start d9a075f3-fd90-436c-93e2-379adbc01ef0@group-040DD8D60FAC-FollowerState
2025-05-13 08:08:49,112 [d9a075f3-fd90-436c-93e2-379adbc01ef0-groupManagement] INFO  util.JmxRegister (JmxRegister.java:tryRegister(44)) - Successfully registered JMX Bean with object name Ratis:service=RaftServer,group=group-040DD8D60FAC,id=d9a075f3-fd90-436c-93e2-379adbc01ef0
2025-05-13 08:08:49,112 [d9a075f3-fd90-436c-93e2-379adbc01ef0-groupManagement] INFO  util.JmxRegister (JmxRegister.java:register(58)) - register mxBean class org.apache.ratis.server.impl.RaftServerJmxAdapter as Ratis:service=RaftServer,group=group-040DD8D60FAC,id=d9a075f3-fd90-436c-93e2-379adbc01ef0
2025-05-13 08:08:49,112 [d9a075f3-fd90-436c-93e2-379adbc01ef0-groupManagement] INFO  server.RaftServerConfigKeys (ConfUtils.java:logGet(46)) - raft.server.snapshot.trigger-when-stop.enabled = true (default)
2025-05-13 08:08:49,113 [d9a075f3-fd90-436c-93e2-379adbc01ef0-groupManagement] INFO  server.RaftServerConfigKeys (ConfUtils.java:logGet(46)) - raft.server.snapshot.trigger-when-remove.enabled = true (default)
2025-05-13 08:08:49,113 [d9a075f3-fd90-436c-93e2-379adbc01ef0@group-040DD8D60FAC-FollowerState] INFO  server.RaftServerConfigKeys (ConfUtils.java:logGet(46)) - raft.server.rpc.first-election.timeout.min = 1000ms (custom)
2025-05-13 08:08:49,113 [d9a075f3-fd90-436c-93e2-379adbc01ef0@group-040DD8D60FAC-FollowerState] INFO  server.RaftServerConfigKeys (ConfUtils.java:logGet(46)) - raft.server.rpc.first-election.timeout.max = 1200ms (custom)
2025-05-13 08:08:49,113 [d9a075f3-fd90-436c-93e2-379adbc01ef0-groupManagement] INFO  server.RaftServerConfigKeys (ConfUtils.java:logGet(46)) - raft.server.snapshot.auto.trigger.enabled = true (custom)
2025-05-13 08:08:49,113 [d9a075f3-fd90-436c-93e2-379adbc01ef0-groupManagement] INFO  server.RaftServerConfigKeys (ConfUtils.java:logGet(46)) - raft.server.snapshot.auto.trigger.threshold = 100000 (custom)
2025-05-13 08:08:49,113 [d9a075f3-fd90-436c-93e2-379adbc01ef0-groupManagement] INFO  server.RaftServerConfigKeys (ConfUtils.java:logGet(46)) - raft.server.snapshot.retention.file.num = 5 (custom)
2025-05-13 08:08:49,113 [d9a075f3-fd90-436c-93e2-379adbc01ef0-groupManagement] INFO  server.RaftServerConfigKeys (ConfUtils.java:logGet(46)) - raft.server.log.purge.upto.snapshot.index = false (default)
2025-05-13 08:08:49,114 [d9a075f3-fd90-436c-93e2-379adbc01ef0-groupManagement] INFO  server.RaftServer$Division (RaftServerImpl.java:start(405)) - d9a075f3-fd90-436c-93e2-379adbc01ef0@group-040DD8D60FAC: Successfully started.
2025-05-13 08:08:49,115 [d9a075f3-fd90-436c-93e2-379adbc01ef0-PipelineCommandHandlerThread-0] INFO  ratis.XceiverServerRatis (XceiverServerRatis.java:addGroup(843)) - Created group PipelineID=52b1cad3-e50f-4069-a1eb-040dd8d60fac
2025-05-13 08:08:49,115 [d9a075f3-fd90-436c-93e2-379adbc01ef0-PipelineCommandHandlerThread-0] INFO  commandhandler.CreatePipelineCommandHandler (CreatePipelineCommandHandler.java:lambda$handle$2(128)) - Created Pipeline RATIS ONE PipelineID=52b1cad3-e50f-4069-a1eb-040dd8d60fac.
2025-05-13 08:08:49,116 [d9a075f3-fd90-436c-93e2-379adbc01ef0-PipelineCommandHandlerThread-0] INFO  server.RaftServer (RaftServerProxy.java:addNew(100)) - d9a075f3-fd90-436c-93e2-379adbc01ef0: addNew group-D61D47490DC1:[408a00a1-9245-41fc-8d00-8f9b4b0cd246|127.0.0.1:15015, 4fab203c-b5a4-47f8-9680-c8b7d06953a5|127.0.0.1:15031, d9a075f3-fd90-436c-93e2-379adbc01ef0|127.0.0.1:15023] returns group-D61D47490DC1:java.util.concurrent.CompletableFuture@759f7bd5[Not completed]
2025-05-13 08:08:49,118 [d9a075f3-fd90-436c-93e2-379adbc01ef0-groupManagement] INFO  server.RaftServer$Division (RaftServerImpl.java:<init>(255)) - d9a075f3-fd90-436c-93e2-379adbc01ef0: new RaftServerImpl for group-D61D47490DC1:[408a00a1-9245-41fc-8d00-8f9b4b0cd246|127.0.0.1:15015, 4fab203c-b5a4-47f8-9680-c8b7d06953a5|127.0.0.1:15031, d9a075f3-fd90-436c-93e2-379adbc01ef0|127.0.0.1:15023] with ContainerStateMachine:uninitialized
2025-05-13 08:08:49,118 [d9a075f3-fd90-436c-93e2-379adbc01ef0-groupManagement] INFO  server.RaftServerConfigKeys (ConfUtils.java:logGet(46)) - raft.server.rpc.timeout.min = 5s (custom)
2025-05-13 08:08:49,118 [d9a075f3-fd90-436c-93e2-379adbc01ef0-groupManagement] INFO  server.RaftServerConfigKeys (ConfUtils.java:logGet(46)) - raft.server.rpc.timeout.max = 5200ms (custom)
2025-05-13 08:08:49,118 [d9a075f3-fd90-436c-93e2-379adbc01ef0-groupManagement] INFO  server.RaftServerConfigKeys (ConfUtils.java:logGet(46)) - raft.server.rpc.sleep.time = 25ms (default)
2025-05-13 08:08:49,118 [d9a075f3-fd90-436c-93e2-379adbc01ef0-groupManagement] INFO  server.RaftServerConfigKeys (ConfUtils.java:logGet(46)) - raft.server.rpc.slowness.timeout = 300s (custom)
2025-05-13 08:08:49,118 [d9a075f3-fd90-436c-93e2-379adbc01ef0-groupManagement] INFO  server.RaftServerConfigKeys (ConfUtils.java:logGet(46)) - raft.server.leaderelection.leader.step-down.wait-time = 10s (default)
2025-05-13 08:08:49,119 [d9a075f3-fd90-436c-93e2-379adbc01ef0-groupManagement] INFO  server.RaftServerConfigKeys (ConfUtils.java:logGet(46)) - raft.server.leaderelection.member.majority-add = false (default)
2025-05-13 08:08:49,119 [d9a075f3-fd90-436c-93e2-379adbc01ef0-groupManagement] INFO  server.RaftServerConfigKeys (ConfUtils.java:logGet(46)) - raft.server.sleep.deviation.threshold = 300ms (default)
2025-05-13 08:08:49,119 [d9a075f3-fd90-436c-93e2-379adbc01ef0-groupManagement] INFO  server.RaftServer$Division (ServerState.java:<init>(114)) - d9a075f3-fd90-436c-93e2-379adbc01ef0@group-D61D47490DC1: ConfigurationManager, init=conf: {index: -1, cur=peers:[408a00a1-9245-41fc-8d00-8f9b4b0cd246|127.0.0.1:15015, 4fab203c-b5a4-47f8-9680-c8b7d06953a5|127.0.0.1:15031, d9a075f3-fd90-436c-93e2-379adbc01ef0|127.0.0.1:15023]|listeners:[], old=null}, confs=<EMPTY_MAP>
2025-05-13 08:08:49,119 [d9a075f3-fd90-436c-93e2-379adbc01ef0-groupManagement] INFO  server.RaftServerConfigKeys (ConfUtils.java:logGet(46)) - raft.server.notification.no-leader.timeout = 300s (custom)
2025-05-13 08:08:49,119 [d9a075f3-fd90-436c-93e2-379adbc01ef0-groupManagement] INFO  server.RaftServerConfigKeys (ConfUtils.java:logGet(46)) - raft.server.read.timeout = 10s (default)
2025-05-13 08:08:49,119 [d9a075f3-fd90-436c-93e2-379adbc01ef0-groupManagement] INFO  server.RaftServerConfigKeys (ConfUtils.java:logGet(46)) - raft.server.retrycache.expirytime = 600000ms (custom)
2025-05-13 08:08:49,119 [d9a075f3-fd90-436c-93e2-379adbc01ef0-groupManagement] INFO  server.RaftServerConfigKeys (ConfUtils.java:logGet(46)) - raft.server.retrycache.statistics.expirytime = 100ms (default)
2025-05-13 08:08:49,119 [d9a075f3-fd90-436c-93e2-379adbc01ef0-groupManagement] INFO  server.RaftServerConfigKeys (ConfUtils.java:logGet(46)) - raft.server.read.option = DEFAULT (default)
2025-05-13 08:08:49,119 [d9a075f3-fd90-436c-93e2-379adbc01ef0-groupManagement] INFO  server.RaftServerConfigKeys (ConfUtils.java:logGet(46)) - raft.server.read.read-after-write-consistent.write-index-cache.expiry-time = 60s (default)
2025-05-13 08:08:49,126 [d9a075f3-fd90-436c-93e2-379adbc01ef0-groupManagement] INFO  server.RaftServerConfigKeys (ConfUtils.java:logGet(46)) - raft.server.rpc.request.timeout = 60s (custom)
2025-05-13 08:08:49,126 [d9a075f3-fd90-436c-93e2-379adbc01ef0-groupManagement] INFO  server.RaftServerConfigKeys (ConfUtils.java:logGet(46)) - raft.server.log.appender.install.snapshot.enabled = false (custom)
2025-05-13 08:08:49,126 [d9a075f3-fd90-436c-93e2-379adbc01ef0-groupManagement] INFO  server.RaftServerConfigKeys (ConfUtils.java:logGet(46)) - raft.server.threadpool.server.cached = true (default)
2025-05-13 08:08:49,126 [d9a075f3-fd90-436c-93e2-379adbc01ef0-groupManagement] INFO  server.RaftServerConfigKeys (ConfUtils.java:logGet(46)) - raft.server.threadpool.server.size = 0 (default)
2025-05-13 08:08:49,126 [d9a075f3-fd90-436c-93e2-379adbc01ef0-groupManagement] INFO  server.RaftServerConfigKeys (ConfUtils.java:logGet(46)) - raft.server.threadpool.client.cached = true (default)
2025-05-13 08:08:49,126 [d9a075f3-fd90-436c-93e2-379adbc01ef0-groupManagement] INFO  server.RaftServerConfigKeys (ConfUtils.java:logGet(46)) - raft.server.threadpool.client.size = 0 (default)
2025-05-13 08:08:49,126 [d9a075f3-fd90-436c-93e2-379adbc01ef0-groupManagement] INFO  server.RaftServerConfigKeys (ConfUtils.java:logGet(46)) - raft.server.storage.free-space.min = 0MB (=0) (default)
2025-05-13 08:08:49,126 [d9a075f3-fd90-436c-93e2-379adbc01ef0-groupManagement] INFO  server.RaftServerConfigKeys (ConfUtils.java:logGet(46)) - raft.server.log.corruption.policy = EXCEPTION (default)
2025-05-13 08:08:49,127 [d9a075f3-fd90-436c-93e2-379adbc01ef0-groupManagement] INFO  server.RaftServerConfigKeys (ConfUtils.java:logGet(46)) - raft.server.storage.dir = [/home/runner/work/ozone/ozone/hadoop-ozone/integration-test-s3/target/test-dir/MiniOzoneClusterImpl-51e975e3-87ca-4f9c-b22e-f289b69b5230/ozone-meta/datanode-2/ratis] (custom)
2025-05-13 08:08:49,127 [d9a075f3-fd90-436c-93e2-379adbc01ef0-groupManagement] INFO  storage.RaftStorageDirectory (RaftStorageDirectoryImpl.java:analyzeStorage(138)) - The storage directory /home/runner/work/ozone/ozone/hadoop-ozone/integration-test-s3/target/test-dir/MiniOzoneClusterImpl-51e975e3-87ca-4f9c-b22e-f289b69b5230/ozone-meta/datanode-2/ratis/44e939c1-ecf5-490d-8799-d61d47490dc1 does not exist. Creating ...
2025-05-13 08:08:49,128 [d9a075f3-fd90-436c-93e2-379adbc01ef0-groupManagement] INFO  storage.RaftStorageDirectory (RaftStorageDirectoryImpl.java:tryLock(229)) - Lock on /home/runner/work/ozone/ozone/hadoop-ozone/integration-test-s3/target/test-dir/MiniOzoneClusterImpl-51e975e3-87ca-4f9c-b22e-f289b69b5230/ozone-meta/datanode-2/ratis/44e939c1-ecf5-490d-8799-d61d47490dc1/in_use.lock acquired by nodename 74288@pkrvmberfyhpb9w
2025-05-13 08:08:49,130 [d9a075f3-fd90-436c-93e2-379adbc01ef0-groupManagement] INFO  storage.RaftStorage (RaftStorageImpl.java:format(98)) - Storage directory /home/runner/work/ozone/ozone/hadoop-ozone/integration-test-s3/target/test-dir/MiniOzoneClusterImpl-51e975e3-87ca-4f9c-b22e-f289b69b5230/ozone-meta/datanode-2/ratis/44e939c1-ecf5-490d-8799-d61d47490dc1 has been successfully formatted.
2025-05-13 08:08:49,130 [d9a075f3-fd90-436c-93e2-379adbc01ef0-groupManagement] INFO  ratis.ContainerStateMachine (ContainerStateMachine.java:initialize(339)) - d9a075f3-fd90-436c-93e2-379adbc01ef0: initialize group-D61D47490DC1
2025-05-13 08:08:49,130 [d9a075f3-fd90-436c-93e2-379adbc01ef0-groupManagement] INFO  ratis.ContainerStateMachine (ContainerStateMachine.java:loadSnapshot(347)) - group-D61D47490DC1: The snapshot info is null. Setting the last applied index to:(t:0, i:~)
2025-05-13 08:08:49,130 [d9a075f3-fd90-436c-93e2-379adbc01ef0-groupManagement] INFO  server.RaftServerConfigKeys (ConfUtils.java:logGet(46)) - raft.server.log.use.memory = false (default)
2025-05-13 08:08:49,130 [d9a075f3-fd90-436c-93e2-379adbc01ef0-groupManagement] INFO  server.RaftServerConfigKeys (ConfUtils.java:logGet(46)) - raft.server.log.purge.gap = 1000000 (custom)
2025-05-13 08:08:49,130 [d9a075f3-fd90-436c-93e2-379adbc01ef0-groupManagement] INFO  server.RaftServerConfigKeys (ConfUtils.java:logGet(46)) - raft.server.log.appender.buffer.byte-limit = 33554432 (custom)
2025-05-13 08:08:49,131 [d9a075f3-fd90-436c-93e2-379adbc01ef0-groupManagement] INFO  server.RaftServerConfigKeys (ConfUtils.java:logGet(46)) - raft.server.log.statemachine.data.read.timeout = 1000ms (default)
2025-05-13 08:08:49,131 [d9a075f3-fd90-436c-93e2-379adbc01ef0-groupManagement] INFO  server.RaftServerConfigKeys (ConfUtils.java:logGet(46)) - raft.server.log.purge.preservation.log.num = 0 (default)
2025-05-13 08:08:49,132 [EventQueue-PipelineReportForOneReplicaPipelineSafeModeRule] INFO  safemode.SCMSafeModeManager (SCMSafeModeManager.java:validateSafeModeExitRules(140)) - AtleastOneDatanodeReportedRule rule is successfully validated
2025-05-13 08:08:49,133 [EventQueue-OpenPipelineForHealthyPipelineSafeModeRule] INFO  safemode.SCMSafeModeManager (HealthyPipelineSafeModeRule.java:process(141)) - SCM in safe mode. Healthy pipelines reported count is 0, required healthy pipeline reported count is 1
2025-05-13 08:08:49,135 [d9a075f3-fd90-436c-93e2-379adbc01ef0-groupManagement] INFO  server.RaftServerConfigKeys (ConfUtils.java:logGet(46)) - raft.server.log.segment.size.max = 67108864 (custom)
2025-05-13 08:08:49,136 [d9a075f3-fd90-436c-93e2-379adbc01ef0-groupManagement] INFO  server.RaftServerConfigKeys (ConfUtils.java:logGet(46)) - raft.server.log.segment.cache.num.max = 2 (custom)
2025-05-13 08:08:49,137 [d9a075f3-fd90-436c-93e2-379adbc01ef0-groupManagement] INFO  server.RaftServerConfigKeys (ConfUtils.java:logGet(46)) - raft.server.log.segment.cache.size.max = 200MB (=209715200) (default)
2025-05-13 08:08:49,137 [d9a075f3-fd90-436c-93e2-379adbc01ef0-groupManagement] INFO  server.RaftServerConfigKeys (ConfUtils.java:logGet(46)) - raft.server.log.appender.buffer.byte-limit = 33554432 (custom)
2025-05-13 08:08:49,138 [d9a075f3-fd90-436c-93e2-379adbc01ef0-groupManagement] INFO  util.AwaitToRun (AwaitToRun.java:start(81)) - Thread[#931,d9a075f3-fd90-436c-93e2-379adbc01ef0@group-D61D47490DC1-cacheEviction-AwaitToRun,5,main] started
2025-05-13 08:08:49,138 [d9a075f3-fd90-436c-93e2-379adbc01ef0-groupManagement] INFO  segmented.SegmentedRaftLogWorker (SegmentedRaftLogWorker.java:<init>(188)) - new d9a075f3-fd90-436c-93e2-379adbc01ef0@group-D61D47490DC1-SegmentedRaftLogWorker for RaftStorageImpl:Storage Directory /home/runner/work/ozone/ozone/hadoop-ozone/integration-test-s3/target/test-dir/MiniOzoneClusterImpl-51e975e3-87ca-4f9c-b22e-f289b69b5230/ozone-meta/datanode-2/ratis/44e939c1-ecf5-490d-8799-d61d47490dc1
2025-05-13 08:08:49,138 [d9a075f3-fd90-436c-93e2-379adbc01ef0-groupManagement] INFO  server.RaftServerConfigKeys (ConfUtils.java:logGet(46)) - raft.server.log.queue.byte-limit = 4294967296 (custom)
2025-05-13 08:08:49,138 [d9a075f3-fd90-436c-93e2-379adbc01ef0-groupManagement] INFO  server.RaftServerConfigKeys (ConfUtils.java:logGet(46)) - raft.server.log.queue.element-limit = 1024 (custom)
2025-05-13 08:08:49,139 [d9a075f3-fd90-436c-93e2-379adbc01ef0-groupManagement] INFO  server.RaftServerConfigKeys (ConfUtils.java:logGet(46)) - raft.server.log.segment.size.max = 67108864 (custom)
2025-05-13 08:08:49,140 [d9a075f3-fd90-436c-93e2-379adbc01ef0-groupManagement] INFO  server.RaftServerConfigKeys (ConfUtils.java:logGet(46)) - raft.server.log.preallocated.size = 4194304 (custom)
2025-05-13 08:08:49,140 [d9a075f3-fd90-436c-93e2-379adbc01ef0-groupManagement] INFO  server.RaftServerConfigKeys (ConfUtils.java:logGet(46)) - raft.server.log.force.sync.num = 128 (default)
2025-05-13 08:08:49,140 [d9a075f3-fd90-436c-93e2-379adbc01ef0-groupManagement] INFO  server.RaftServerConfigKeys (ConfUtils.java:logGet(46)) - raft.server.log.statemachine.data.sync = true (default)
2025-05-13 08:08:49,140 [d9a075f3-fd90-436c-93e2-379adbc01ef0-groupManagement] INFO  server.RaftServerConfigKeys (ConfUtils.java:logGet(46)) - raft.server.log.statemachine.data.sync.timeout = 10s (default)
2025-05-13 08:08:49,140 [d9a075f3-fd90-436c-93e2-379adbc01ef0-groupManagement] INFO  server.RaftServerConfigKeys (ConfUtils.java:logGet(46)) - raft.server.log.statemachine.data.sync.timeout.retry = 30 (custom)
2025-05-13 08:08:49,139 [grpc-default-executor-0] INFO  server.RaftServer (RaftServerProxy.java:addNew(100)) - 4fab203c-b5a4-47f8-9680-c8b7d06953a5: addNew group-D61D47490DC1:[408a00a1-9245-41fc-8d00-8f9b4b0cd246|127.0.0.1:15015, 4fab203c-b5a4-47f8-9680-c8b7d06953a5|127.0.0.1:15031, d9a075f3-fd90-436c-93e2-379adbc01ef0|127.0.0.1:15023] returns group-D61D47490DC1:java.util.concurrent.CompletableFuture@19069032[Not completed]
2025-05-13 08:08:49,140 [d9a075f3-fd90-436c-93e2-379adbc01ef0-groupManagement] INFO  server.RaftServerConfigKeys (ConfUtils.java:logGet(46)) - raft.server.log.write.buffer.size = 33554440 (custom)
2025-05-13 08:08:49,144 [4fab203c-b5a4-47f8-9680-c8b7d06953a5-groupManagement] INFO  server.RaftServer$Division (RaftServerImpl.java:<init>(255)) - 4fab203c-b5a4-47f8-9680-c8b7d06953a5: new RaftServerImpl for group-D61D47490DC1:[408a00a1-9245-41fc-8d00-8f9b4b0cd246|127.0.0.1:15015, 4fab203c-b5a4-47f8-9680-c8b7d06953a5|127.0.0.1:15031, d9a075f3-fd90-436c-93e2-379adbc01ef0|127.0.0.1:15023] with ContainerStateMachine:uninitialized
2025-05-13 08:08:49,144 [4fab203c-b5a4-47f8-9680-c8b7d06953a5-groupManagement] INFO  server.RaftServerConfigKeys (ConfUtils.java:logGet(46)) - raft.server.rpc.timeout.min = 5s (custom)
2025-05-13 08:08:49,144 [4fab203c-b5a4-47f8-9680-c8b7d06953a5-groupManagement] INFO  server.RaftServerConfigKeys (ConfUtils.java:logGet(46)) - raft.server.rpc.timeout.max = 5200ms (custom)
2025-05-13 08:08:49,144 [4fab203c-b5a4-47f8-9680-c8b7d06953a5-groupManagement] INFO  server.RaftServerConfigKeys (ConfUtils.java:logGet(46)) - raft.server.rpc.sleep.time = 25ms (default)
2025-05-13 08:08:49,144 [4fab203c-b5a4-47f8-9680-c8b7d06953a5-groupManagement] INFO  server.RaftServerConfigKeys (ConfUtils.java:logGet(46)) - raft.server.rpc.slowness.timeout = 300s (custom)
2025-05-13 08:08:49,144 [4fab203c-b5a4-47f8-9680-c8b7d06953a5-groupManagement] INFO  server.RaftServerConfigKeys (ConfUtils.java:logGet(46)) - raft.server.leaderelection.leader.step-down.wait-time = 10s (default)
2025-05-13 08:08:49,144 [4fab203c-b5a4-47f8-9680-c8b7d06953a5-groupManagement] INFO  server.RaftServerConfigKeys (ConfUtils.java:logGet(46)) - raft.server.leaderelection.member.majority-add = false (default)
2025-05-13 08:08:49,144 [4fab203c-b5a4-47f8-9680-c8b7d06953a5-groupManagement] INFO  server.RaftServerConfigKeys (ConfUtils.java:logGet(46)) - raft.server.sleep.deviation.threshold = 300ms (default)
2025-05-13 08:08:49,145 [4fab203c-b5a4-47f8-9680-c8b7d06953a5-groupManagement] INFO  server.RaftServer$Division (ServerState.java:<init>(114)) - 4fab203c-b5a4-47f8-9680-c8b7d06953a5@group-D61D47490DC1: ConfigurationManager, init=conf: {index: -1, cur=peers:[408a00a1-9245-41fc-8d00-8f9b4b0cd246|127.0.0.1:15015, 4fab203c-b5a4-47f8-9680-c8b7d06953a5|127.0.0.1:15031, d9a075f3-fd90-436c-93e2-379adbc01ef0|127.0.0.1:15023]|listeners:[], old=null}, confs=<EMPTY_MAP>
2025-05-13 08:08:49,145 [4fab203c-b5a4-47f8-9680-c8b7d06953a5-groupManagement] INFO  server.RaftServerConfigKeys (ConfUtils.java:logGet(46)) - raft.server.notification.no-leader.timeout = 300s (custom)
2025-05-13 08:08:49,145 [4fab203c-b5a4-47f8-9680-c8b7d06953a5-groupManagement] INFO  server.RaftServerConfigKeys (ConfUtils.java:logGet(46)) - raft.server.read.timeout = 10s (default)
2025-05-13 08:08:49,145 [4fab203c-b5a4-47f8-9680-c8b7d06953a5-groupManagement] INFO  server.RaftServerConfigKeys (ConfUtils.java:logGet(46)) - raft.server.retrycache.expirytime = 600000ms (custom)
2025-05-13 08:08:49,146 [4fab203c-b5a4-47f8-9680-c8b7d06953a5-groupManagement] INFO  server.RaftServerConfigKeys (ConfUtils.java:logGet(46)) - raft.server.retrycache.statistics.expirytime = 100ms (default)
2025-05-13 08:08:49,146 [4fab203c-b5a4-47f8-9680-c8b7d06953a5-groupManagement] INFO  server.RaftServerConfigKeys (ConfUtils.java:logGet(46)) - raft.server.read.option = DEFAULT (default)
2025-05-13 08:08:49,146 [4fab203c-b5a4-47f8-9680-c8b7d06953a5-groupManagement] INFO  server.RaftServerConfigKeys (ConfUtils.java:logGet(46)) - raft.server.read.read-after-write-consistent.write-index-cache.expiry-time = 60s (default)
2025-05-13 08:08:49,146 [d9a075f3-fd90-436c-93e2-379adbc01ef0-groupManagement] INFO  server.RaftServerConfigKeys (ConfUtils.java:logGet(46)) - raft.server.log.appender.buffer.byte-limit = 33554432 (custom)
2025-05-13 08:08:49,146 [d9a075f3-fd90-436c-93e2-379adbc01ef0-groupManagement] INFO  server.RaftServerConfigKeys (ConfUtils.java:logGet(46)) - raft.server.log.unsafe-flush.enabled = false (default)
2025-05-13 08:08:49,146 [d9a075f3-fd90-436c-93e2-379adbc01ef0-groupManagement] INFO  server.RaftServerConfigKeys (ConfUtils.java:logGet(46)) - raft.server.log.async-flush.enabled = false (default)
2025-05-13 08:08:49,146 [d9a075f3-fd90-436c-93e2-379adbc01ef0-groupManagement] INFO  server.RaftServerConfigKeys (ConfUtils.java:logGet(46)) - raft.server.log.statemachine.data.caching.enabled = true (custom)
2025-05-13 08:08:49,146 [d9a075f3-fd90-436c-93e2-379adbc01ef0-groupManagement] INFO  segmented.SegmentedRaftLogWorker (SegmentedRaftLogWorker.java:lambda$new$0(139)) - d9a075f3-fd90-436c-93e2-379adbc01ef0@group-D61D47490DC1-SegmentedRaftLogWorker: flushIndex: setUnconditionally 0 -> -1
2025-05-13 08:08:49,146 [d9a075f3-fd90-436c-93e2-379adbc01ef0-groupManagement] INFO  segmented.SegmentedRaftLogWorker (SegmentedRaftLogWorker.java:lambda$new$0(139)) - d9a075f3-fd90-436c-93e2-379adbc01ef0@group-D61D47490DC1-SegmentedRaftLogWorker: safeCacheEvictIndex: setUnconditionally 0 -> -1
2025-05-13 08:08:49,147 [d9a075f3-fd90-436c-93e2-379adbc01ef0-groupManagement] INFO  server.RaftServer$Division (RaftServerImpl.java:start(391)) - d9a075f3-fd90-436c-93e2-379adbc01ef0@group-D61D47490DC1: start as a follower, conf=conf: {index: -1, cur=peers:[408a00a1-9245-41fc-8d00-8f9b4b0cd246|127.0.0.1:15015, 4fab203c-b5a4-47f8-9680-c8b7d06953a5|127.0.0.1:15031, d9a075f3-fd90-436c-93e2-379adbc01ef0|127.0.0.1:15023]|listeners:[], old=null}
2025-05-13 08:08:49,147 [d9a075f3-fd90-436c-93e2-379adbc01ef0-groupManagement] INFO  server.RaftServer$Division (RaftServerImpl.java:setRole(378)) - d9a075f3-fd90-436c-93e2-379adbc01ef0@group-D61D47490DC1: changes role from      null to FOLLOWER at term 0 for startAsFollower
2025-05-13 08:08:49,147 [d9a075f3-fd90-436c-93e2-379adbc01ef0-groupManagement] INFO  impl.RoleInfo (RoleInfo.java:updateAndGet(148)) - d9a075f3-fd90-436c-93e2-379adbc01ef0: start d9a075f3-fd90-436c-93e2-379adbc01ef0@group-D61D47490DC1-FollowerState
2025-05-13 08:08:49,148 [d9a075f3-fd90-436c-93e2-379adbc01ef0@group-D61D47490DC1-FollowerState] INFO  server.RaftServerConfigKeys (ConfUtils.java:logGet(46)) - raft.server.rpc.first-election.timeout.min = 1000ms (custom)
2025-05-13 08:08:49,148 [d9a075f3-fd90-436c-93e2-379adbc01ef0@group-D61D47490DC1-FollowerState] INFO  server.RaftServerConfigKeys (ConfUtils.java:logGet(46)) - raft.server.rpc.first-election.timeout.max = 1200ms (custom)
2025-05-13 08:08:49,148 [d9a075f3-fd90-436c-93e2-379adbc01ef0-groupManagement] INFO  util.JmxRegister (JmxRegister.java:tryRegister(44)) - Successfully registered JMX Bean with object name Ratis:service=RaftServer,group=group-D61D47490DC1,id=d9a075f3-fd90-436c-93e2-379adbc01ef0
2025-05-13 08:08:49,148 [d9a075f3-fd90-436c-93e2-379adbc01ef0-groupManagement] INFO  util.JmxRegister (JmxRegister.java:register(58)) - register mxBean class org.apache.ratis.server.impl.RaftServerJmxAdapter as Ratis:service=RaftServer,group=group-D61D47490DC1,id=d9a075f3-fd90-436c-93e2-379adbc01ef0
2025-05-13 08:08:49,148 [d9a075f3-fd90-436c-93e2-379adbc01ef0-groupManagement] INFO  server.RaftServerConfigKeys (ConfUtils.java:logGet(46)) - raft.server.snapshot.trigger-when-stop.enabled = true (default)
2025-05-13 08:08:49,148 [d9a075f3-fd90-436c-93e2-379adbc01ef0-groupManagement] INFO  server.RaftServerConfigKeys (ConfUtils.java:logGet(46)) - raft.server.snapshot.trigger-when-remove.enabled = true (default)
2025-05-13 08:08:49,148 [d9a075f3-fd90-436c-93e2-379adbc01ef0-groupManagement] INFO  server.RaftServerConfigKeys (ConfUtils.java:logGet(46)) - raft.server.snapshot.auto.trigger.enabled = true (custom)
2025-05-13 08:08:49,148 [d9a075f3-fd90-436c-93e2-379adbc01ef0-groupManagement] INFO  server.RaftServerConfigKeys (ConfUtils.java:logGet(46)) - raft.server.snapshot.auto.trigger.threshold = 100000 (custom)
2025-05-13 08:08:49,148 [d9a075f3-fd90-436c-93e2-379adbc01ef0-groupManagement] INFO  server.RaftServerConfigKeys (ConfUtils.java:logGet(46)) - raft.server.snapshot.retention.file.num = 5 (custom)
2025-05-13 08:08:49,148 [d9a075f3-fd90-436c-93e2-379adbc01ef0-groupManagement] INFO  server.RaftServerConfigKeys (ConfUtils.java:logGet(46)) - raft.server.log.purge.upto.snapshot.index = false (default)
2025-05-13 08:08:49,151 [d9a075f3-fd90-436c-93e2-379adbc01ef0-groupManagement] INFO  server.RaftServer$Division (RaftServerImpl.java:start(405)) - d9a075f3-fd90-436c-93e2-379adbc01ef0@group-D61D47490DC1: Successfully started.
2025-05-13 08:08:49,152 [d9a075f3-fd90-436c-93e2-379adbc01ef0-PipelineCommandHandlerThread-0] INFO  ratis.XceiverServerRatis (XceiverServerRatis.java:addGroup(843)) - Created group PipelineID=44e939c1-ecf5-490d-8799-d61d47490dc1
2025-05-13 08:08:49,152 [4fab203c-b5a4-47f8-9680-c8b7d06953a5-groupManagement] INFO  server.RaftServerConfigKeys (ConfUtils.java:logGet(46)) - raft.server.rpc.request.timeout = 60s (custom)
2025-05-13 08:08:49,152 [4fab203c-b5a4-47f8-9680-c8b7d06953a5-groupManagement] INFO  server.RaftServerConfigKeys (ConfUtils.java:logGet(46)) - raft.server.log.appender.install.snapshot.enabled = false (custom)
2025-05-13 08:08:49,152 [4fab203c-b5a4-47f8-9680-c8b7d06953a5-groupManagement] INFO  server.RaftServerConfigKeys (ConfUtils.java:logGet(46)) - raft.server.threadpool.server.cached = true (default)
2025-05-13 08:08:49,152 [4fab203c-b5a4-47f8-9680-c8b7d06953a5-groupManagement] INFO  server.RaftServerConfigKeys (ConfUtils.java:logGet(46)) - raft.server.threadpool.server.size = 0 (default)
2025-05-13 08:08:49,152 [4fab203c-b5a4-47f8-9680-c8b7d06953a5-groupManagement] INFO  server.RaftServerConfigKeys (ConfUtils.java:logGet(46)) - raft.server.threadpool.client.cached = true (default)
2025-05-13 08:08:49,152 [4fab203c-b5a4-47f8-9680-c8b7d06953a5-groupManagement] INFO  server.RaftServerConfigKeys (ConfUtils.java:logGet(46)) - raft.server.threadpool.client.size = 0 (default)
2025-05-13 08:08:49,153 [4fab203c-b5a4-47f8-9680-c8b7d06953a5-groupManagement] INFO  server.RaftServerConfigKeys (ConfUtils.java:logGet(46)) - raft.server.storage.free-space.min = 0MB (=0) (default)
2025-05-13 08:08:49,153 [4fab203c-b5a4-47f8-9680-c8b7d06953a5-groupManagement] INFO  server.RaftServerConfigKeys (ConfUtils.java:logGet(46)) - raft.server.log.corruption.policy = EXCEPTION (default)
2025-05-13 08:08:49,153 [4fab203c-b5a4-47f8-9680-c8b7d06953a5-groupManagement] INFO  server.RaftServerConfigKeys (ConfUtils.java:logGet(46)) - raft.server.storage.dir = [/home/runner/work/ozone/ozone/hadoop-ozone/integration-test-s3/target/test-dir/MiniOzoneClusterImpl-51e975e3-87ca-4f9c-b22e-f289b69b5230/ozone-meta/datanode-3/ratis] (custom)
2025-05-13 08:08:49,153 [4fab203c-b5a4-47f8-9680-c8b7d06953a5-groupManagement] INFO  storage.RaftStorageDirectory (RaftStorageDirectoryImpl.java:analyzeStorage(138)) - The storage directory /home/runner/work/ozone/ozone/hadoop-ozone/integration-test-s3/target/test-dir/MiniOzoneClusterImpl-51e975e3-87ca-4f9c-b22e-f289b69b5230/ozone-meta/datanode-3/ratis/44e939c1-ecf5-490d-8799-d61d47490dc1 does not exist. Creating ...
2025-05-13 08:08:49,155 [4fab203c-b5a4-47f8-9680-c8b7d06953a5-groupManagement] INFO  storage.RaftStorageDirectory (RaftStorageDirectoryImpl.java:tryLock(229)) - Lock on /home/runner/work/ozone/ozone/hadoop-ozone/integration-test-s3/target/test-dir/MiniOzoneClusterImpl-51e975e3-87ca-4f9c-b22e-f289b69b5230/ozone-meta/datanode-3/ratis/44e939c1-ecf5-490d-8799-d61d47490dc1/in_use.lock acquired by nodename 74288@pkrvmberfyhpb9w
2025-05-13 08:08:49,157 [4fab203c-b5a4-47f8-9680-c8b7d06953a5-groupManagement] INFO  storage.RaftStorage (RaftStorageImpl.java:format(98)) - Storage directory /home/runner/work/ozone/ozone/hadoop-ozone/integration-test-s3/target/test-dir/MiniOzoneClusterImpl-51e975e3-87ca-4f9c-b22e-f289b69b5230/ozone-meta/datanode-3/ratis/44e939c1-ecf5-490d-8799-d61d47490dc1 has been successfully formatted.
2025-05-13 08:08:49,157 [4fab203c-b5a4-47f8-9680-c8b7d06953a5-groupManagement] INFO  ratis.ContainerStateMachine (ContainerStateMachine.java:initialize(339)) - 4fab203c-b5a4-47f8-9680-c8b7d06953a5: initialize group-D61D47490DC1
2025-05-13 08:08:49,157 [4fab203c-b5a4-47f8-9680-c8b7d06953a5-groupManagement] INFO  ratis.ContainerStateMachine (ContainerStateMachine.java:loadSnapshot(347)) - group-D61D47490DC1: The snapshot info is null. Setting the last applied index to:(t:0, i:~)
2025-05-13 08:08:49,157 [4fab203c-b5a4-47f8-9680-c8b7d06953a5-groupManagement] INFO  server.RaftServerConfigKeys (ConfUtils.java:logGet(46)) - raft.server.log.use.memory = false (default)
2025-05-13 08:08:49,157 [4fab203c-b5a4-47f8-9680-c8b7d06953a5-groupManagement] INFO  server.RaftServerConfigKeys (ConfUtils.java:logGet(46)) - raft.server.log.purge.gap = 1000000 (custom)
2025-05-13 08:08:49,157 [4fab203c-b5a4-47f8-9680-c8b7d06953a5-groupManagement] INFO  server.RaftServerConfigKeys (ConfUtils.java:logGet(46)) - raft.server.log.appender.buffer.byte-limit = 33554432 (custom)
2025-05-13 08:08:49,157 [4fab203c-b5a4-47f8-9680-c8b7d06953a5-groupManagement] INFO  server.RaftServerConfigKeys (ConfUtils.java:logGet(46)) - raft.server.log.statemachine.data.read.timeout = 1000ms (default)
2025-05-13 08:08:49,157 [4fab203c-b5a4-47f8-9680-c8b7d06953a5-groupManagement] INFO  server.RaftServerConfigKeys (ConfUtils.java:logGet(46)) - raft.server.log.purge.preservation.log.num = 0 (default)
2025-05-13 08:08:49,160 [4fab203c-b5a4-47f8-9680-c8b7d06953a5-groupManagement] INFO  server.RaftServerConfigKeys (ConfUtils.java:logGet(46)) - raft.server.log.segment.size.max = 67108864 (custom)
2025-05-13 08:08:49,161 [4fab203c-b5a4-47f8-9680-c8b7d06953a5-groupManagement] INFO  server.RaftServerConfigKeys (ConfUtils.java:logGet(46)) - raft.server.log.segment.cache.num.max = 2 (custom)
2025-05-13 08:08:49,161 [4fab203c-b5a4-47f8-9680-c8b7d06953a5-groupManagement] INFO  server.RaftServerConfigKeys (ConfUtils.java:logGet(46)) - raft.server.log.segment.cache.size.max = 200MB (=209715200) (default)
2025-05-13 08:08:49,161 [4fab203c-b5a4-47f8-9680-c8b7d06953a5-groupManagement] INFO  server.RaftServerConfigKeys (ConfUtils.java:logGet(46)) - raft.server.log.appender.buffer.byte-limit = 33554432 (custom)
2025-05-13 08:08:49,162 [EventQueue-PipelineReportForOneReplicaPipelineSafeModeRule] INFO  safemode.SCMSafeModeManager (SCMSafeModeManager.java:validateSafeModeExitRules(140)) - AtleastOneDatanodeReportedRule rule is successfully validated
2025-05-13 08:08:49,163 [4fab203c-b5a4-47f8-9680-c8b7d06953a5-groupManagement] INFO  util.AwaitToRun (AwaitToRun.java:start(81)) - Thread[#936,4fab203c-b5a4-47f8-9680-c8b7d06953a5@group-D61D47490DC1-cacheEviction-AwaitToRun,5,main] started
2025-05-13 08:08:49,163 [4fab203c-b5a4-47f8-9680-c8b7d06953a5-groupManagement] INFO  segmented.SegmentedRaftLogWorker (SegmentedRaftLogWorker.java:<init>(188)) - new 4fab203c-b5a4-47f8-9680-c8b7d06953a5@group-D61D47490DC1-SegmentedRaftLogWorker for RaftStorageImpl:Storage Directory /home/runner/work/ozone/ozone/hadoop-ozone/integration-test-s3/target/test-dir/MiniOzoneClusterImpl-51e975e3-87ca-4f9c-b22e-f289b69b5230/ozone-meta/datanode-3/ratis/44e939c1-ecf5-490d-8799-d61d47490dc1
2025-05-13 08:08:49,163 [4fab203c-b5a4-47f8-9680-c8b7d06953a5-groupManagement] INFO  server.RaftServerConfigKeys (ConfUtils.java:logGet(46)) - raft.server.log.queue.byte-limit = 4294967296 (custom)
2025-05-13 08:08:49,163 [4fab203c-b5a4-47f8-9680-c8b7d06953a5-groupManagement] INFO  server.RaftServerConfigKeys (ConfUtils.java:logGet(46)) - raft.server.log.queue.element-limit = 1024 (custom)
2025-05-13 08:08:49,163 [4fab203c-b5a4-47f8-9680-c8b7d06953a5-groupManagement] INFO  server.RaftServerConfigKeys (ConfUtils.java:logGet(46)) - raft.server.log.segment.size.max = 67108864 (custom)
2025-05-13 08:08:49,163 [4fab203c-b5a4-47f8-9680-c8b7d06953a5-groupManagement] INFO  server.RaftServerConfigKeys (ConfUtils.java:logGet(46)) - raft.server.log.preallocated.size = 4194304 (custom)
2025-05-13 08:08:49,163 [4fab203c-b5a4-47f8-9680-c8b7d06953a5-groupManagement] INFO  server.RaftServerConfigKeys (ConfUtils.java:logGet(46)) - raft.server.log.force.sync.num = 128 (default)
2025-05-13 08:08:49,164 [4fab203c-b5a4-47f8-9680-c8b7d06953a5-groupManagement] INFO  server.RaftServerConfigKeys (ConfUtils.java:logGet(46)) - raft.server.log.statemachine.data.sync = true (default)
2025-05-13 08:08:49,164 [4fab203c-b5a4-47f8-9680-c8b7d06953a5-groupManagement] INFO  server.RaftServerConfigKeys (ConfUtils.java:logGet(46)) - raft.server.log.statemachine.data.sync.timeout = 10s (default)
2025-05-13 08:08:49,164 [4fab203c-b5a4-47f8-9680-c8b7d06953a5-groupManagement] INFO  server.RaftServerConfigKeys (ConfUtils.java:logGet(46)) - raft.server.log.statemachine.data.sync.timeout.retry = 30 (custom)
2025-05-13 08:08:49,164 [4fab203c-b5a4-47f8-9680-c8b7d06953a5-groupManagement] INFO  server.RaftServerConfigKeys (ConfUtils.java:logGet(46)) - raft.server.log.write.buffer.size = 33554440 (custom)
2025-05-13 08:08:49,171 [4fab203c-b5a4-47f8-9680-c8b7d06953a5-groupManagement] INFO  server.RaftServerConfigKeys (ConfUtils.java:logGet(46)) - raft.server.log.appender.buffer.byte-limit = 33554432 (custom)
2025-05-13 08:08:49,172 [4fab203c-b5a4-47f8-9680-c8b7d06953a5-groupManagement] INFO  server.RaftServerConfigKeys (ConfUtils.java:logGet(46)) - raft.server.log.unsafe-flush.enabled = false (default)
2025-05-13 08:08:49,172 [4fab203c-b5a4-47f8-9680-c8b7d06953a5-groupManagement] INFO  server.RaftServerConfigKeys (ConfUtils.java:logGet(46)) - raft.server.log.async-flush.enabled = false (default)
2025-05-13 08:08:49,172 [4fab203c-b5a4-47f8-9680-c8b7d06953a5-groupManagement] INFO  server.RaftServerConfigKeys (ConfUtils.java:logGet(46)) - raft.server.log.statemachine.data.caching.enabled = true (custom)
2025-05-13 08:08:49,172 [4fab203c-b5a4-47f8-9680-c8b7d06953a5-groupManagement] INFO  segmented.SegmentedRaftLogWorker (SegmentedRaftLogWorker.java:lambda$new$0(139)) - 4fab203c-b5a4-47f8-9680-c8b7d06953a5@group-D61D47490DC1-SegmentedRaftLogWorker: flushIndex: setUnconditionally 0 -> -1
2025-05-13 08:08:49,173 [4fab203c-b5a4-47f8-9680-c8b7d06953a5-groupManagement] INFO  segmented.SegmentedRaftLogWorker (SegmentedRaftLogWorker.java:lambda$new$0(139)) - 4fab203c-b5a4-47f8-9680-c8b7d06953a5@group-D61D47490DC1-SegmentedRaftLogWorker: safeCacheEvictIndex: setUnconditionally 0 -> -1
2025-05-13 08:08:49,174 [4fab203c-b5a4-47f8-9680-c8b7d06953a5-groupManagement] INFO  server.RaftServer$Division (RaftServerImpl.java:start(391)) - 4fab203c-b5a4-47f8-9680-c8b7d06953a5@group-D61D47490DC1: start as a follower, conf=conf: {index: -1, cur=peers:[408a00a1-9245-41fc-8d00-8f9b4b0cd246|127.0.0.1:15015, 4fab203c-b5a4-47f8-9680-c8b7d06953a5|127.0.0.1:15031, d9a075f3-fd90-436c-93e2-379adbc01ef0|127.0.0.1:15023]|listeners:[], old=null}
2025-05-13 08:08:49,174 [4fab203c-b5a4-47f8-9680-c8b7d06953a5-groupManagement] INFO  server.RaftServer$Division (RaftServerImpl.java:setRole(378)) - 4fab203c-b5a4-47f8-9680-c8b7d06953a5@group-D61D47490DC1: changes role from      null to FOLLOWER at term 0 for startAsFollower
2025-05-13 08:08:49,174 [4fab203c-b5a4-47f8-9680-c8b7d06953a5-groupManagement] INFO  impl.RoleInfo (RoleInfo.java:updateAndGet(148)) - 4fab203c-b5a4-47f8-9680-c8b7d06953a5: start 4fab203c-b5a4-47f8-9680-c8b7d06953a5@group-D61D47490DC1-FollowerState
2025-05-13 08:08:49,175 [4fab203c-b5a4-47f8-9680-c8b7d06953a5@group-D61D47490DC1-FollowerState] INFO  server.RaftServerConfigKeys (ConfUtils.java:logGet(46)) - raft.server.rpc.first-election.timeout.min = 1000ms (custom)
2025-05-13 08:08:49,175 [4fab203c-b5a4-47f8-9680-c8b7d06953a5@group-D61D47490DC1-FollowerState] INFO  server.RaftServerConfigKeys (ConfUtils.java:logGet(46)) - raft.server.rpc.first-election.timeout.max = 1200ms (custom)
2025-05-13 08:08:49,175 [4fab203c-b5a4-47f8-9680-c8b7d06953a5-groupManagement] INFO  util.JmxRegister (JmxRegister.java:tryRegister(44)) - Successfully registered JMX Bean with object name Ratis:service=RaftServer,group=group-D61D47490DC1,id=4fab203c-b5a4-47f8-9680-c8b7d06953a5
2025-05-13 08:08:49,175 [4fab203c-b5a4-47f8-9680-c8b7d06953a5-groupManagement] INFO  util.JmxRegister (JmxRegister.java:register(58)) - register mxBean class org.apache.ratis.server.impl.RaftServerJmxAdapter as Ratis:service=RaftServer,group=group-D61D47490DC1,id=4fab203c-b5a4-47f8-9680-c8b7d06953a5
2025-05-13 08:08:49,175 [4fab203c-b5a4-47f8-9680-c8b7d06953a5-groupManagement] INFO  server.RaftServerConfigKeys (ConfUtils.java:logGet(46)) - raft.server.snapshot.trigger-when-stop.enabled = true (default)
2025-05-13 08:08:49,175 [4fab203c-b5a4-47f8-9680-c8b7d06953a5-groupManagement] INFO  server.RaftServerConfigKeys (ConfUtils.java:logGet(46)) - raft.server.snapshot.trigger-when-remove.enabled = true (default)
2025-05-13 08:08:49,175 [4fab203c-b5a4-47f8-9680-c8b7d06953a5-groupManagement] INFO  server.RaftServerConfigKeys (ConfUtils.java:logGet(46)) - raft.server.snapshot.auto.trigger.enabled = true (custom)
2025-05-13 08:08:49,175 [4fab203c-b5a4-47f8-9680-c8b7d06953a5-groupManagement] INFO  server.RaftServerConfigKeys (ConfUtils.java:logGet(46)) - raft.server.snapshot.auto.trigger.threshold = 100000 (custom)
2025-05-13 08:08:49,175 [4fab203c-b5a4-47f8-9680-c8b7d06953a5-groupManagement] INFO  server.RaftServerConfigKeys (ConfUtils.java:logGet(46)) - raft.server.snapshot.retention.file.num = 5 (custom)
2025-05-13 08:08:49,175 [4fab203c-b5a4-47f8-9680-c8b7d06953a5-groupManagement] INFO  server.RaftServerConfigKeys (ConfUtils.java:logGet(46)) - raft.server.log.purge.upto.snapshot.index = false (default)
2025-05-13 08:08:49,177 [4fab203c-b5a4-47f8-9680-c8b7d06953a5-groupManagement] INFO  server.RaftServer$Division (RaftServerImpl.java:start(405)) - 4fab203c-b5a4-47f8-9680-c8b7d06953a5@group-D61D47490DC1: Successfully started.
2025-05-13 08:08:49,232 [408a00a1-9245-41fc-8d00-8f9b4b0cd246-PipelineCommandHandlerThread-0] INFO  commandhandler.CreatePipelineCommandHandler (CreatePipelineCommandHandler.java:lambda$handle$2(128)) - Created Pipeline RATIS THREE PipelineID=44e939c1-ecf5-490d-8799-d61d47490dc1.
2025-05-13 08:08:49,232 [408a00a1-9245-41fc-8d00-8f9b4b0cd246-PipelineCommandHandlerThread-0] INFO  server.RaftServer (RaftServerProxy.java:addNew(100)) - 408a00a1-9245-41fc-8d00-8f9b4b0cd246: addNew group-FD863BC0D192:[408a00a1-9245-41fc-8d00-8f9b4b0cd246|127.0.0.1:15015, d9a075f3-fd90-436c-93e2-379adbc01ef0|127.0.0.1:15023, 4fab203c-b5a4-47f8-9680-c8b7d06953a5|127.0.0.1:15031] returns group-FD863BC0D192:java.util.concurrent.CompletableFuture@6eddd380[Not completed]
2025-05-13 08:08:49,234 [d9a075f3-fd90-436c-93e2-379adbc01ef0-PipelineCommandHandlerThread-0] INFO  commandhandler.CreatePipelineCommandHandler (CreatePipelineCommandHandler.java:lambda$handle$2(128)) - Created Pipeline RATIS THREE PipelineID=44e939c1-ecf5-490d-8799-d61d47490dc1.
2025-05-13 08:08:49,234 [d9a075f3-fd90-436c-93e2-379adbc01ef0-PipelineCommandHandlerThread-0] INFO  server.RaftServer (RaftServerProxy.java:addNew(100)) - d9a075f3-fd90-436c-93e2-379adbc01ef0: addNew group-FD863BC0D192:[408a00a1-9245-41fc-8d00-8f9b4b0cd246|127.0.0.1:15015, d9a075f3-fd90-436c-93e2-379adbc01ef0|127.0.0.1:15023, 4fab203c-b5a4-47f8-9680-c8b7d06953a5|127.0.0.1:15031] returns group-FD863BC0D192:java.util.concurrent.CompletableFuture@3252f951[Not completed]
2025-05-13 08:08:49,236 [408a00a1-9245-41fc-8d00-8f9b4b0cd246-groupManagement] INFO  server.RaftServer$Division (RaftServerImpl.java:<init>(255)) - 408a00a1-9245-41fc-8d00-8f9b4b0cd246: new RaftServerImpl for group-FD863BC0D192:[408a00a1-9245-41fc-8d00-8f9b4b0cd246|127.0.0.1:15015, d9a075f3-fd90-436c-93e2-379adbc01ef0|127.0.0.1:15023, 4fab203c-b5a4-47f8-9680-c8b7d06953a5|127.0.0.1:15031] with ContainerStateMachine:uninitialized
2025-05-13 08:08:49,236 [408a00a1-9245-41fc-8d00-8f9b4b0cd246-groupManagement] INFO  server.RaftServerConfigKeys (ConfUtils.java:logGet(46)) - raft.server.rpc.timeout.min = 5s (custom)
2025-05-13 08:08:49,236 [408a00a1-9245-41fc-8d00-8f9b4b0cd246-groupManagement] INFO  server.RaftServerConfigKeys (ConfUtils.java:logGet(46)) - raft.server.rpc.timeout.max = 5200ms (custom)
2025-05-13 08:08:49,236 [408a00a1-9245-41fc-8d00-8f9b4b0cd246-groupManagement] INFO  server.RaftServerConfigKeys (ConfUtils.java:logGet(46)) - raft.server.rpc.sleep.time = 25ms (default)
2025-05-13 08:08:49,236 [408a00a1-9245-41fc-8d00-8f9b4b0cd246-groupManagement] INFO  server.RaftServerConfigKeys (ConfUtils.java:logGet(46)) - raft.server.rpc.slowness.timeout = 300s (custom)
2025-05-13 08:08:49,236 [408a00a1-9245-41fc-8d00-8f9b4b0cd246-groupManagement] INFO  server.RaftServerConfigKeys (ConfUtils.java:logGet(46)) - raft.server.leaderelection.leader.step-down.wait-time = 10s (default)
2025-05-13 08:08:49,236 [408a00a1-9245-41fc-8d00-8f9b4b0cd246-groupManagement] INFO  server.RaftServerConfigKeys (ConfUtils.java:logGet(46)) - raft.server.leaderelection.member.majority-add = false (default)
2025-05-13 08:08:49,236 [408a00a1-9245-41fc-8d00-8f9b4b0cd246-groupManagement] INFO  server.RaftServerConfigKeys (ConfUtils.java:logGet(46)) - raft.server.sleep.deviation.threshold = 300ms (default)
2025-05-13 08:08:49,236 [d9a075f3-fd90-436c-93e2-379adbc01ef0-groupManagement] INFO  server.RaftServer$Division (RaftServerImpl.java:<init>(255)) - d9a075f3-fd90-436c-93e2-379adbc01ef0: new RaftServerImpl for group-FD863BC0D192:[408a00a1-9245-41fc-8d00-8f9b4b0cd246|127.0.0.1:15015, d9a075f3-fd90-436c-93e2-379adbc01ef0|127.0.0.1:15023, 4fab203c-b5a4-47f8-9680-c8b7d06953a5|127.0.0.1:15031] with ContainerStateMachine:uninitialized
2025-05-13 08:08:49,238 [d9a075f3-fd90-436c-93e2-379adbc01ef0-groupManagement] INFO  server.RaftServerConfigKeys (ConfUtils.java:logGet(46)) - raft.server.rpc.timeout.min = 5s (custom)
2025-05-13 08:08:49,238 [d9a075f3-fd90-436c-93e2-379adbc01ef0-groupManagement] INFO  server.RaftServerConfigKeys (ConfUtils.java:logGet(46)) - raft.server.rpc.timeout.max = 5200ms (custom)
2025-05-13 08:08:49,238 [d9a075f3-fd90-436c-93e2-379adbc01ef0-groupManagement] INFO  server.RaftServerConfigKeys (ConfUtils.java:logGet(46)) - raft.server.rpc.sleep.time = 25ms (default)
2025-05-13 08:08:49,238 [d9a075f3-fd90-436c-93e2-379adbc01ef0-groupManagement] INFO  server.RaftServerConfigKeys (ConfUtils.java:logGet(46)) - raft.server.rpc.slowness.timeout = 300s (custom)
2025-05-13 08:08:49,238 [d9a075f3-fd90-436c-93e2-379adbc01ef0-groupManagement] INFO  server.RaftServerConfigKeys (ConfUtils.java:logGet(46)) - raft.server.leaderelection.leader.step-down.wait-time = 10s (default)
2025-05-13 08:08:49,238 [d9a075f3-fd90-436c-93e2-379adbc01ef0-groupManagement] INFO  server.RaftServerConfigKeys (ConfUtils.java:logGet(46)) - raft.server.leaderelection.member.majority-add = false (default)
2025-05-13 08:08:49,238 [d9a075f3-fd90-436c-93e2-379adbc01ef0-groupManagement] INFO  server.RaftServerConfigKeys (ConfUtils.java:logGet(46)) - raft.server.sleep.deviation.threshold = 300ms (default)
2025-05-13 08:08:49,238 [d9a075f3-fd90-436c-93e2-379adbc01ef0-groupManagement] INFO  server.RaftServer$Division (ServerState.java:<init>(114)) - d9a075f3-fd90-436c-93e2-379adbc01ef0@group-FD863BC0D192: ConfigurationManager, init=conf: {index: -1, cur=peers:[408a00a1-9245-41fc-8d00-8f9b4b0cd246|127.0.0.1:15015, d9a075f3-fd90-436c-93e2-379adbc01ef0|127.0.0.1:15023, 4fab203c-b5a4-47f8-9680-c8b7d06953a5|127.0.0.1:15031]|listeners:[], old=null}, confs=<EMPTY_MAP>
2025-05-13 08:08:49,238 [d9a075f3-fd90-436c-93e2-379adbc01ef0-groupManagement] INFO  server.RaftServerConfigKeys (ConfUtils.java:logGet(46)) - raft.server.notification.no-leader.timeout = 300s (custom)
2025-05-13 08:08:49,238 [d9a075f3-fd90-436c-93e2-379adbc01ef0-groupManagement] INFO  server.RaftServerConfigKeys (ConfUtils.java:logGet(46)) - raft.server.read.timeout = 10s (default)
2025-05-13 08:08:49,238 [d9a075f3-fd90-436c-93e2-379adbc01ef0-groupManagement] INFO  server.RaftServerConfigKeys (ConfUtils.java:logGet(46)) - raft.server.retrycache.expirytime = 600000ms (custom)
2025-05-13 08:08:49,238 [d9a075f3-fd90-436c-93e2-379adbc01ef0-groupManagement] INFO  server.RaftServerConfigKeys (ConfUtils.java:logGet(46)) - raft.server.retrycache.statistics.expirytime = 100ms (default)
2025-05-13 08:08:49,238 [d9a075f3-fd90-436c-93e2-379adbc01ef0-groupManagement] INFO  server.RaftServerConfigKeys (ConfUtils.java:logGet(46)) - raft.server.read.option = DEFAULT (default)
2025-05-13 08:08:49,238 [d9a075f3-fd90-436c-93e2-379adbc01ef0-groupManagement] INFO  server.RaftServerConfigKeys (ConfUtils.java:logGet(46)) - raft.server.read.read-after-write-consistent.write-index-cache.expiry-time = 60s (default)
2025-05-13 08:08:49,239 [408a00a1-9245-41fc-8d00-8f9b4b0cd246-groupManagement] INFO  server.RaftServer$Division (ServerState.java:<init>(114)) - 408a00a1-9245-41fc-8d00-8f9b4b0cd246@group-FD863BC0D192: ConfigurationManager, init=conf: {index: -1, cur=peers:[408a00a1-9245-41fc-8d00-8f9b4b0cd246|127.0.0.1:15015, d9a075f3-fd90-436c-93e2-379adbc01ef0|127.0.0.1:15023, 4fab203c-b5a4-47f8-9680-c8b7d06953a5|127.0.0.1:15031]|listeners:[], old=null}, confs=<EMPTY_MAP>
2025-05-13 08:08:49,239 [408a00a1-9245-41fc-8d00-8f9b4b0cd246-groupManagement] INFO  server.RaftServerConfigKeys (ConfUtils.java:logGet(46)) - raft.server.notification.no-leader.timeout = 300s (custom)
2025-05-13 08:08:49,239 [408a00a1-9245-41fc-8d00-8f9b4b0cd246-groupManagement] INFO  server.RaftServerConfigKeys (ConfUtils.java:logGet(46)) - raft.server.read.timeout = 10s (default)
2025-05-13 08:08:49,239 [408a00a1-9245-41fc-8d00-8f9b4b0cd246-groupManagement] INFO  server.RaftServerConfigKeys (ConfUtils.java:logGet(46)) - raft.server.retrycache.expirytime = 600000ms (custom)
2025-05-13 08:08:49,239 [408a00a1-9245-41fc-8d00-8f9b4b0cd246-groupManagement] INFO  server.RaftServerConfigKeys (ConfUtils.java:logGet(46)) - raft.server.retrycache.statistics.expirytime = 100ms (default)
2025-05-13 08:08:49,239 [408a00a1-9245-41fc-8d00-8f9b4b0cd246-groupManagement] INFO  server.RaftServerConfigKeys (ConfUtils.java:logGet(46)) - raft.server.read.option = DEFAULT (default)
2025-05-13 08:08:49,239 [408a00a1-9245-41fc-8d00-8f9b4b0cd246-groupManagement] INFO  server.RaftServerConfigKeys (ConfUtils.java:logGet(46)) - raft.server.read.read-after-write-consistent.write-index-cache.expiry-time = 60s (default)
2025-05-13 08:08:49,245 [d9a075f3-fd90-436c-93e2-379adbc01ef0-groupManagement] INFO  server.RaftServerConfigKeys (ConfUtils.java:logGet(46)) - raft.server.rpc.request.timeout = 60s (custom)
2025-05-13 08:08:49,245 [d9a075f3-fd90-436c-93e2-379adbc01ef0-groupManagement] INFO  server.RaftServerConfigKeys (ConfUtils.java:logGet(46)) - raft.server.log.appender.install.snapshot.enabled = false (custom)
2025-05-13 08:08:49,245 [d9a075f3-fd90-436c-93e2-379adbc01ef0-groupManagement] INFO  server.RaftServerConfigKeys (ConfUtils.java:logGet(46)) - raft.server.threadpool.server.cached = true (default)
2025-05-13 08:08:49,245 [d9a075f3-fd90-436c-93e2-379adbc01ef0-groupManagement] INFO  server.RaftServerConfigKeys (ConfUtils.java:logGet(46)) - raft.server.threadpool.server.size = 0 (default)
2025-05-13 08:08:49,245 [d9a075f3-fd90-436c-93e2-379adbc01ef0-groupManagement] INFO  server.RaftServerConfigKeys (ConfUtils.java:logGet(46)) - raft.server.threadpool.client.cached = true (default)
2025-05-13 08:08:49,245 [d9a075f3-fd90-436c-93e2-379adbc01ef0-groupManagement] INFO  server.RaftServerConfigKeys (ConfUtils.java:logGet(46)) - raft.server.threadpool.client.size = 0 (default)
2025-05-13 08:08:49,245 [d9a075f3-fd90-436c-93e2-379adbc01ef0-groupManagement] INFO  server.RaftServerConfigKeys (ConfUtils.java:logGet(46)) - raft.server.storage.free-space.min = 0MB (=0) (default)
2025-05-13 08:08:49,245 [d9a075f3-fd90-436c-93e2-379adbc01ef0-groupManagement] INFO  server.RaftServerConfigKeys (ConfUtils.java:logGet(46)) - raft.server.log.corruption.policy = EXCEPTION (default)
2025-05-13 08:08:49,245 [d9a075f3-fd90-436c-93e2-379adbc01ef0-groupManagement] INFO  server.RaftServerConfigKeys (ConfUtils.java:logGet(46)) - raft.server.storage.dir = [/home/runner/work/ozone/ozone/hadoop-ozone/integration-test-s3/target/test-dir/MiniOzoneClusterImpl-51e975e3-87ca-4f9c-b22e-f289b69b5230/ozone-meta/datanode-2/ratis] (custom)
2025-05-13 08:08:49,247 [d9a075f3-fd90-436c-93e2-379adbc01ef0-groupManagement] INFO  storage.RaftStorageDirectory (RaftStorageDirectoryImpl.java:analyzeStorage(138)) - The storage directory /home/runner/work/ozone/ozone/hadoop-ozone/integration-test-s3/target/test-dir/MiniOzoneClusterImpl-51e975e3-87ca-4f9c-b22e-f289b69b5230/ozone-meta/datanode-2/ratis/6b135c00-0d00-4153-8b1b-fd863bc0d192 does not exist. Creating ...
2025-05-13 08:08:49,248 [408a00a1-9245-41fc-8d00-8f9b4b0cd246-groupManagement] INFO  server.RaftServerConfigKeys (ConfUtils.java:logGet(46)) - raft.server.rpc.request.timeout = 60s (custom)
2025-05-13 08:08:49,248 [408a00a1-9245-41fc-8d00-8f9b4b0cd246-groupManagement] INFO  server.RaftServerConfigKeys (ConfUtils.java:logGet(46)) - raft.server.log.appender.install.snapshot.enabled = false (custom)
2025-05-13 08:08:49,248 [408a00a1-9245-41fc-8d00-8f9b4b0cd246-groupManagement] INFO  server.RaftServerConfigKeys (ConfUtils.java:logGet(46)) - raft.server.threadpool.server.cached = true (default)
2025-05-13 08:08:49,248 [408a00a1-9245-41fc-8d00-8f9b4b0cd246-groupManagement] INFO  server.RaftServerConfigKeys (ConfUtils.java:logGet(46)) - raft.server.threadpool.server.size = 0 (default)
2025-05-13 08:08:49,248 [408a00a1-9245-41fc-8d00-8f9b4b0cd246-groupManagement] INFO  server.RaftServerConfigKeys (ConfUtils.java:logGet(46)) - raft.server.threadpool.client.cached = true (default)
2025-05-13 08:08:49,248 [408a00a1-9245-41fc-8d00-8f9b4b0cd246-groupManagement] INFO  server.RaftServerConfigKeys (ConfUtils.java:logGet(46)) - raft.server.threadpool.client.size = 0 (default)
2025-05-13 08:08:49,248 [408a00a1-9245-41fc-8d00-8f9b4b0cd246-groupManagement] INFO  server.RaftServerConfigKeys (ConfUtils.java:logGet(46)) - raft.server.storage.free-space.min = 0MB (=0) (default)
2025-05-13 08:08:49,248 [408a00a1-9245-41fc-8d00-8f9b4b0cd246-groupManagement] INFO  server.RaftServerConfigKeys (ConfUtils.java:logGet(46)) - raft.server.log.corruption.policy = EXCEPTION (default)
2025-05-13 08:08:49,248 [408a00a1-9245-41fc-8d00-8f9b4b0cd246-groupManagement] INFO  server.RaftServerConfigKeys (ConfUtils.java:logGet(46)) - raft.server.storage.dir = [/home/runner/work/ozone/ozone/hadoop-ozone/integration-test-s3/target/test-dir/MiniOzoneClusterImpl-51e975e3-87ca-4f9c-b22e-f289b69b5230/ozone-meta/datanode-1/ratis] (custom)
2025-05-13 08:08:49,249 [408a00a1-9245-41fc-8d00-8f9b4b0cd246-groupManagement] INFO  storage.RaftStorageDirectory (RaftStorageDirectoryImpl.java:analyzeStorage(138)) - The storage directory /home/runner/work/ozone/ozone/hadoop-ozone/integration-test-s3/target/test-dir/MiniOzoneClusterImpl-51e975e3-87ca-4f9c-b22e-f289b69b5230/ozone-meta/datanode-1/ratis/6b135c00-0d00-4153-8b1b-fd863bc0d192 does not exist. Creating ...
2025-05-13 08:08:49,249 [d9a075f3-fd90-436c-93e2-379adbc01ef0-groupManagement] INFO  storage.RaftStorageDirectory (RaftStorageDirectoryImpl.java:tryLock(229)) - Lock on /home/runner/work/ozone/ozone/hadoop-ozone/integration-test-s3/target/test-dir/MiniOzoneClusterImpl-51e975e3-87ca-4f9c-b22e-f289b69b5230/ozone-meta/datanode-2/ratis/6b135c00-0d00-4153-8b1b-fd863bc0d192/in_use.lock acquired by nodename 74288@pkrvmberfyhpb9w
2025-05-13 08:08:49,250 [408a00a1-9245-41fc-8d00-8f9b4b0cd246-groupManagement] INFO  storage.RaftStorageDirectory (RaftStorageDirectoryImpl.java:tryLock(229)) - Lock on /home/runner/work/ozone/ozone/hadoop-ozone/integration-test-s3/target/test-dir/MiniOzoneClusterImpl-51e975e3-87ca-4f9c-b22e-f289b69b5230/ozone-meta/datanode-1/ratis/6b135c00-0d00-4153-8b1b-fd863bc0d192/in_use.lock acquired by nodename 74288@pkrvmberfyhpb9w
2025-05-13 08:08:49,251 [d9a075f3-fd90-436c-93e2-379adbc01ef0-groupManagement] INFO  storage.RaftStorage (RaftStorageImpl.java:format(98)) - Storage directory /home/runner/work/ozone/ozone/hadoop-ozone/integration-test-s3/target/test-dir/MiniOzoneClusterImpl-51e975e3-87ca-4f9c-b22e-f289b69b5230/ozone-meta/datanode-2/ratis/6b135c00-0d00-4153-8b1b-fd863bc0d192 has been successfully formatted.
2025-05-13 08:08:49,251 [d9a075f3-fd90-436c-93e2-379adbc01ef0-groupManagement] INFO  ratis.ContainerStateMachine (ContainerStateMachine.java:initialize(339)) - d9a075f3-fd90-436c-93e2-379adbc01ef0: initialize group-FD863BC0D192
2025-05-13 08:08:49,251 [d9a075f3-fd90-436c-93e2-379adbc01ef0-groupManagement] INFO  ratis.ContainerStateMachine (ContainerStateMachine.java:loadSnapshot(347)) - group-FD863BC0D192: The snapshot info is null. Setting the last applied index to:(t:0, i:~)
2025-05-13 08:08:49,251 [d9a075f3-fd90-436c-93e2-379adbc01ef0-groupManagement] INFO  server.RaftServerConfigKeys (ConfUtils.java:logGet(46)) - raft.server.log.use.memory = false (default)
2025-05-13 08:08:49,251 [d9a075f3-fd90-436c-93e2-379adbc01ef0-groupManagement] INFO  server.RaftServerConfigKeys (ConfUtils.java:logGet(46)) - raft.server.log.purge.gap = 1000000 (custom)
2025-05-13 08:08:49,251 [d9a075f3-fd90-436c-93e2-379adbc01ef0-groupManagement] INFO  server.RaftServerConfigKeys (ConfUtils.java:logGet(46)) - raft.server.log.appender.buffer.byte-limit = 33554432 (custom)
2025-05-13 08:08:49,252 [d9a075f3-fd90-436c-93e2-379adbc01ef0-groupManagement] INFO  server.RaftServerConfigKeys (ConfUtils.java:logGet(46)) - raft.server.log.statemachine.data.read.timeout = 1000ms (default)
2025-05-13 08:08:49,252 [d9a075f3-fd90-436c-93e2-379adbc01ef0-groupManagement] INFO  server.RaftServerConfigKeys (ConfUtils.java:logGet(46)) - raft.server.log.purge.preservation.log.num = 0 (default)
2025-05-13 08:08:49,254 [408a00a1-9245-41fc-8d00-8f9b4b0cd246-groupManagement] INFO  storage.RaftStorage (RaftStorageImpl.java:format(98)) - Storage directory /home/runner/work/ozone/ozone/hadoop-ozone/integration-test-s3/target/test-dir/MiniOzoneClusterImpl-51e975e3-87ca-4f9c-b22e-f289b69b5230/ozone-meta/datanode-1/ratis/6b135c00-0d00-4153-8b1b-fd863bc0d192 has been successfully formatted.
2025-05-13 08:08:49,254 [408a00a1-9245-41fc-8d00-8f9b4b0cd246-groupManagement] INFO  ratis.ContainerStateMachine (ContainerStateMachine.java:initialize(339)) - 408a00a1-9245-41fc-8d00-8f9b4b0cd246: initialize group-FD863BC0D192
2025-05-13 08:08:49,254 [408a00a1-9245-41fc-8d00-8f9b4b0cd246-groupManagement] INFO  ratis.ContainerStateMachine (ContainerStateMachine.java:loadSnapshot(347)) - group-FD863BC0D192: The snapshot info is null. Setting the last applied index to:(t:0, i:~)
2025-05-13 08:08:49,255 [408a00a1-9245-41fc-8d00-8f9b4b0cd246-groupManagement] INFO  server.RaftServerConfigKeys (ConfUtils.java:logGet(46)) - raft.server.log.use.memory = false (default)
2025-05-13 08:08:49,255 [EventQueue-PipelineReportForOneReplicaPipelineSafeModeRule] INFO  safemode.SCMSafeModeManager (SCMSafeModeManager.java:validateSafeModeExitRules(140)) - AtleastOneDatanodeReportedRule rule is successfully validated
2025-05-13 08:08:49,255 [d9a075f3-fd90-436c-93e2-379adbc01ef0-groupManagement] INFO  server.RaftServerConfigKeys (ConfUtils.java:logGet(46)) - raft.server.log.segment.size.max = 67108864 (custom)
2025-05-13 08:08:49,255 [408a00a1-9245-41fc-8d00-8f9b4b0cd246-groupManagement] INFO  server.RaftServerConfigKeys (ConfUtils.java:logGet(46)) - raft.server.log.purge.gap = 1000000 (custom)
2025-05-13 08:08:49,256 [408a00a1-9245-41fc-8d00-8f9b4b0cd246-groupManagement] INFO  server.RaftServerConfigKeys (ConfUtils.java:logGet(46)) - raft.server.log.appender.buffer.byte-limit = 33554432 (custom)
2025-05-13 08:08:49,256 [408a00a1-9245-41fc-8d00-8f9b4b0cd246-groupManagement] INFO  server.RaftServerConfigKeys (ConfUtils.java:logGet(46)) - raft.server.log.statemachine.data.read.timeout = 1000ms (default)
2025-05-13 08:08:49,256 [408a00a1-9245-41fc-8d00-8f9b4b0cd246-groupManagement] INFO  server.RaftServerConfigKeys (ConfUtils.java:logGet(46)) - raft.server.log.purge.preservation.log.num = 0 (default)
2025-05-13 08:08:49,256 [EventQueue-OpenPipelineForHealthyPipelineSafeModeRule] INFO  safemode.SCMSafeModeManager (HealthyPipelineSafeModeRule.java:process(141)) - SCM in safe mode. Healthy pipelines reported count is 0, required healthy pipeline reported count is 1
2025-05-13 08:08:49,257 [d9a075f3-fd90-436c-93e2-379adbc01ef0-groupManagement] INFO  server.RaftServerConfigKeys (ConfUtils.java:logGet(46)) - raft.server.log.segment.cache.num.max = 2 (custom)
2025-05-13 08:08:49,257 [d9a075f3-fd90-436c-93e2-379adbc01ef0-groupManagement] INFO  server.RaftServerConfigKeys (ConfUtils.java:logGet(46)) - raft.server.log.segment.cache.size.max = 200MB (=209715200) (default)
2025-05-13 08:08:49,257 [d9a075f3-fd90-436c-93e2-379adbc01ef0-groupManagement] INFO  server.RaftServerConfigKeys (ConfUtils.java:logGet(46)) - raft.server.log.appender.buffer.byte-limit = 33554432 (custom)
2025-05-13 08:08:49,257 [EventQueue-OpenPipelineForHealthyPipelineSafeModeRule] INFO  safemode.SCMSafeModeManager (HealthyPipelineSafeModeRule.java:process(141)) - SCM in safe mode. Healthy pipelines reported count is 0, required healthy pipeline reported count is 1
2025-05-13 08:08:49,258 [EventQueue-PipelineReportForOneReplicaPipelineSafeModeRule] INFO  safemode.SCMSafeModeManager (SCMSafeModeManager.java:validateSafeModeExitRules(140)) - AtleastOneDatanodeReportedRule rule is successfully validated
2025-05-13 08:08:49,258 [d9a075f3-fd90-436c-93e2-379adbc01ef0-groupManagement] INFO  util.AwaitToRun (AwaitToRun.java:start(81)) - Thread[#953,d9a075f3-fd90-436c-93e2-379adbc01ef0@group-FD863BC0D192-cacheEviction-AwaitToRun,5,main] started
2025-05-13 08:08:49,258 [d9a075f3-fd90-436c-93e2-379adbc01ef0-groupManagement] INFO  segmented.SegmentedRaftLogWorker (SegmentedRaftLogWorker.java:<init>(188)) - new d9a075f3-fd90-436c-93e2-379adbc01ef0@group-FD863BC0D192-SegmentedRaftLogWorker for RaftStorageImpl:Storage Directory /home/runner/work/ozone/ozone/hadoop-ozone/integration-test-s3/target/test-dir/MiniOzoneClusterImpl-51e975e3-87ca-4f9c-b22e-f289b69b5230/ozone-meta/datanode-2/ratis/6b135c00-0d00-4153-8b1b-fd863bc0d192
2025-05-13 08:08:49,258 [d9a075f3-fd90-436c-93e2-379adbc01ef0-groupManagement] INFO  server.RaftServerConfigKeys (ConfUtils.java:logGet(46)) - raft.server.log.queue.byte-limit = 4294967296 (custom)
2025-05-13 08:08:49,258 [d9a075f3-fd90-436c-93e2-379adbc01ef0-groupManagement] INFO  server.RaftServerConfigKeys (ConfUtils.java:logGet(46)) - raft.server.log.queue.element-limit = 1024 (custom)
2025-05-13 08:08:49,258 [d9a075f3-fd90-436c-93e2-379adbc01ef0-groupManagement] INFO  server.RaftServerConfigKeys (ConfUtils.java:logGet(46)) - raft.server.log.segment.size.max = 67108864 (custom)
2025-05-13 08:08:49,258 [d9a075f3-fd90-436c-93e2-379adbc01ef0-groupManagement] INFO  server.RaftServerConfigKeys (ConfUtils.java:logGet(46)) - raft.server.log.preallocated.size = 4194304 (custom)
2025-05-13 08:08:49,258 [d9a075f3-fd90-436c-93e2-379adbc01ef0-groupManagement] INFO  server.RaftServerConfigKeys (ConfUtils.java:logGet(46)) - raft.server.log.force.sync.num = 128 (default)
2025-05-13 08:08:49,258 [d9a075f3-fd90-436c-93e2-379adbc01ef0-groupManagement] INFO  server.RaftServerConfigKeys (ConfUtils.java:logGet(46)) - raft.server.log.statemachine.data.sync = true (default)
2025-05-13 08:08:49,258 [d9a075f3-fd90-436c-93e2-379adbc01ef0-groupManagement] INFO  server.RaftServerConfigKeys (ConfUtils.java:logGet(46)) - raft.server.log.statemachine.data.sync.timeout = 10s (default)
2025-05-13 08:08:49,258 [d9a075f3-fd90-436c-93e2-379adbc01ef0-groupManagement] INFO  server.RaftServerConfigKeys (ConfUtils.java:logGet(46)) - raft.server.log.statemachine.data.sync.timeout.retry = 30 (custom)
2025-05-13 08:08:49,259 [d9a075f3-fd90-436c-93e2-379adbc01ef0-groupManagement] INFO  server.RaftServerConfigKeys (ConfUtils.java:logGet(46)) - raft.server.log.write.buffer.size = 33554440 (custom)
2025-05-13 08:08:49,261 [408a00a1-9245-41fc-8d00-8f9b4b0cd246-groupManagement] INFO  server.RaftServerConfigKeys (ConfUtils.java:logGet(46)) - raft.server.log.segment.size.max = 67108864 (custom)
2025-05-13 08:08:49,262 [408a00a1-9245-41fc-8d00-8f9b4b0cd246-groupManagement] INFO  server.RaftServerConfigKeys (ConfUtils.java:logGet(46)) - raft.server.log.segment.cache.num.max = 2 (custom)
2025-05-13 08:08:49,262 [408a00a1-9245-41fc-8d00-8f9b4b0cd246-groupManagement] INFO  server.RaftServerConfigKeys (ConfUtils.java:logGet(46)) - raft.server.log.segment.cache.size.max = 200MB (=209715200) (default)
2025-05-13 08:08:49,262 [408a00a1-9245-41fc-8d00-8f9b4b0cd246-groupManagement] INFO  server.RaftServerConfigKeys (ConfUtils.java:logGet(46)) - raft.server.log.appender.buffer.byte-limit = 33554432 (custom)
2025-05-13 08:08:49,263 [408a00a1-9245-41fc-8d00-8f9b4b0cd246-groupManagement] INFO  util.AwaitToRun (AwaitToRun.java:start(81)) - Thread[#954,408a00a1-9245-41fc-8d00-8f9b4b0cd246@group-FD863BC0D192-cacheEviction-AwaitToRun,5,main] started
2025-05-13 08:08:49,263 [408a00a1-9245-41fc-8d00-8f9b4b0cd246-groupManagement] INFO  segmented.SegmentedRaftLogWorker (SegmentedRaftLogWorker.java:<init>(188)) - new 408a00a1-9245-41fc-8d00-8f9b4b0cd246@group-FD863BC0D192-SegmentedRaftLogWorker for RaftStorageImpl:Storage Directory /home/runner/work/ozone/ozone/hadoop-ozone/integration-test-s3/target/test-dir/MiniOzoneClusterImpl-51e975e3-87ca-4f9c-b22e-f289b69b5230/ozone-meta/datanode-1/ratis/6b135c00-0d00-4153-8b1b-fd863bc0d192
2025-05-13 08:08:49,263 [408a00a1-9245-41fc-8d00-8f9b4b0cd246-groupManagement] INFO  server.RaftServerConfigKeys (ConfUtils.java:logGet(46)) - raft.server.log.queue.byte-limit = 4294967296 (custom)
2025-05-13 08:08:49,263 [408a00a1-9245-41fc-8d00-8f9b4b0cd246-groupManagement] INFO  server.RaftServerConfigKeys (ConfUtils.java:logGet(46)) - raft.server.log.queue.element-limit = 1024 (custom)
2025-05-13 08:08:49,263 [408a00a1-9245-41fc-8d00-8f9b4b0cd246-groupManagement] INFO  server.RaftServerConfigKeys (ConfUtils.java:logGet(46)) - raft.server.log.segment.size.max = 67108864 (custom)
2025-05-13 08:08:49,263 [408a00a1-9245-41fc-8d00-8f9b4b0cd246-groupManagement] INFO  server.RaftServerConfigKeys (ConfUtils.java:logGet(46)) - raft.server.log.preallocated.size = 4194304 (custom)
2025-05-13 08:08:49,263 [408a00a1-9245-41fc-8d00-8f9b4b0cd246-groupManagement] INFO  server.RaftServerConfigKeys (ConfUtils.java:logGet(46)) - raft.server.log.force.sync.num = 128 (default)
2025-05-13 08:08:49,263 [408a00a1-9245-41fc-8d00-8f9b4b0cd246-groupManagement] INFO  server.RaftServerConfigKeys (ConfUtils.java:logGet(46)) - raft.server.log.statemachine.data.sync = true (default)
2025-05-13 08:08:49,263 [408a00a1-9245-41fc-8d00-8f9b4b0cd246-groupManagement] INFO  server.RaftServerConfigKeys (ConfUtils.java:logGet(46)) - raft.server.log.statemachine.data.sync.timeout = 10s (default)
2025-05-13 08:08:49,263 [408a00a1-9245-41fc-8d00-8f9b4b0cd246-groupManagement] INFO  server.RaftServerConfigKeys (ConfUtils.java:logGet(46)) - raft.server.log.statemachine.data.sync.timeout.retry = 30 (custom)
2025-05-13 08:08:49,265 [408a00a1-9245-41fc-8d00-8f9b4b0cd246-groupManagement] INFO  server.RaftServerConfigKeys (ConfUtils.java:logGet(46)) - raft.server.log.write.buffer.size = 33554440 (custom)
2025-05-13 08:08:49,270 [d9a075f3-fd90-436c-93e2-379adbc01ef0-groupManagement] INFO  server.RaftServerConfigKeys (ConfUtils.java:logGet(46)) - raft.server.log.appender.buffer.byte-limit = 33554432 (custom)
2025-05-13 08:08:49,271 [d9a075f3-fd90-436c-93e2-379adbc01ef0-groupManagement] INFO  server.RaftServerConfigKeys (ConfUtils.java:logGet(46)) - raft.server.log.unsafe-flush.enabled = false (default)
2025-05-13 08:08:49,271 [d9a075f3-fd90-436c-93e2-379adbc01ef0-groupManagement] INFO  server.RaftServerConfigKeys (ConfUtils.java:logGet(46)) - raft.server.log.async-flush.enabled = false (default)
2025-05-13 08:08:49,271 [d9a075f3-fd90-436c-93e2-379adbc01ef0-groupManagement] INFO  server.RaftServerConfigKeys (ConfUtils.java:logGet(46)) - raft.server.log.statemachine.data.caching.enabled = true (custom)
2025-05-13 08:08:49,272 [d9a075f3-fd90-436c-93e2-379adbc01ef0-groupManagement] INFO  segmented.SegmentedRaftLogWorker (SegmentedRaftLogWorker.java:lambda$new$0(139)) - d9a075f3-fd90-436c-93e2-379adbc01ef0@group-FD863BC0D192-SegmentedRaftLogWorker: flushIndex: setUnconditionally 0 -> -1
2025-05-13 08:08:49,272 [d9a075f3-fd90-436c-93e2-379adbc01ef0-groupManagement] INFO  segmented.SegmentedRaftLogWorker (SegmentedRaftLogWorker.java:lambda$new$0(139)) - d9a075f3-fd90-436c-93e2-379adbc01ef0@group-FD863BC0D192-SegmentedRaftLogWorker: safeCacheEvictIndex: setUnconditionally 0 -> -1
2025-05-13 08:08:49,272 [408a00a1-9245-41fc-8d00-8f9b4b0cd246-groupManagement] INFO  server.RaftServerConfigKeys (ConfUtils.java:logGet(46)) - raft.server.log.appender.buffer.byte-limit = 33554432 (custom)
2025-05-13 08:08:49,272 [408a00a1-9245-41fc-8d00-8f9b4b0cd246-groupManagement] INFO  server.RaftServerConfigKeys (ConfUtils.java:logGet(46)) - raft.server.log.unsafe-flush.enabled = false (default)
2025-05-13 08:08:49,272 [408a00a1-9245-41fc-8d00-8f9b4b0cd246-groupManagement] INFO  server.RaftServerConfigKeys (ConfUtils.java:logGet(46)) - raft.server.log.async-flush.enabled = false (default)
2025-05-13 08:08:49,272 [408a00a1-9245-41fc-8d00-8f9b4b0cd246-groupManagement] INFO  server.RaftServerConfigKeys (ConfUtils.java:logGet(46)) - raft.server.log.statemachine.data.caching.enabled = true (custom)
2025-05-13 08:08:49,272 [408a00a1-9245-41fc-8d00-8f9b4b0cd246-groupManagement] INFO  segmented.SegmentedRaftLogWorker (SegmentedRaftLogWorker.java:lambda$new$0(139)) - 408a00a1-9245-41fc-8d00-8f9b4b0cd246@group-FD863BC0D192-SegmentedRaftLogWorker: flushIndex: setUnconditionally 0 -> -1
2025-05-13 08:08:49,272 [408a00a1-9245-41fc-8d00-8f9b4b0cd246-groupManagement] INFO  segmented.SegmentedRaftLogWorker (SegmentedRaftLogWorker.java:lambda$new$0(139)) - 408a00a1-9245-41fc-8d00-8f9b4b0cd246@group-FD863BC0D192-SegmentedRaftLogWorker: safeCacheEvictIndex: setUnconditionally 0 -> -1
2025-05-13 08:08:49,273 [d9a075f3-fd90-436c-93e2-379adbc01ef0-groupManagement] INFO  server.RaftServer$Division (RaftServerImpl.java:start(391)) - d9a075f3-fd90-436c-93e2-379adbc01ef0@group-FD863BC0D192: start as a follower, conf=conf: {index: -1, cur=peers:[408a00a1-9245-41fc-8d00-8f9b4b0cd246|127.0.0.1:15015, d9a075f3-fd90-436c-93e2-379adbc01ef0|127.0.0.1:15023, 4fab203c-b5a4-47f8-9680-c8b7d06953a5|127.0.0.1:15031]|listeners:[], old=null}
2025-05-13 08:08:49,273 [d9a075f3-fd90-436c-93e2-379adbc01ef0-groupManagement] INFO  server.RaftServer$Division (RaftServerImpl.java:setRole(378)) - d9a075f3-fd90-436c-93e2-379adbc01ef0@group-FD863BC0D192: changes role from      null to FOLLOWER at term 0 for startAsFollower
2025-05-13 08:08:49,273 [d9a075f3-fd90-436c-93e2-379adbc01ef0-groupManagement] INFO  impl.RoleInfo (RoleInfo.java:updateAndGet(148)) - d9a075f3-fd90-436c-93e2-379adbc01ef0: start d9a075f3-fd90-436c-93e2-379adbc01ef0@group-FD863BC0D192-FollowerState
2025-05-13 08:08:49,273 [d9a075f3-fd90-436c-93e2-379adbc01ef0@group-FD863BC0D192-FollowerState] INFO  server.RaftServerConfigKeys (ConfUtils.java:logGet(46)) - raft.server.rpc.first-election.timeout.min = 1000ms (custom)
2025-05-13 08:08:49,273 [d9a075f3-fd90-436c-93e2-379adbc01ef0@group-FD863BC0D192-FollowerState] INFO  server.RaftServerConfigKeys (ConfUtils.java:logGet(46)) - raft.server.rpc.first-election.timeout.max = 1200ms (custom)
2025-05-13 08:08:49,274 [d9a075f3-fd90-436c-93e2-379adbc01ef0-groupManagement] INFO  util.JmxRegister (JmxRegister.java:tryRegister(44)) - Successfully registered JMX Bean with object name Ratis:service=RaftServer,group=group-FD863BC0D192,id=d9a075f3-fd90-436c-93e2-379adbc01ef0
2025-05-13 08:08:49,274 [d9a075f3-fd90-436c-93e2-379adbc01ef0-groupManagement] INFO  util.JmxRegister (JmxRegister.java:register(58)) - register mxBean class org.apache.ratis.server.impl.RaftServerJmxAdapter as Ratis:service=RaftServer,group=group-FD863BC0D192,id=d9a075f3-fd90-436c-93e2-379adbc01ef0
2025-05-13 08:08:49,274 [408a00a1-9245-41fc-8d00-8f9b4b0cd246-groupManagement] INFO  server.RaftServer$Division (RaftServerImpl.java:start(391)) - 408a00a1-9245-41fc-8d00-8f9b4b0cd246@group-FD863BC0D192: start as a follower, conf=conf: {index: -1, cur=peers:[408a00a1-9245-41fc-8d00-8f9b4b0cd246|127.0.0.1:15015, d9a075f3-fd90-436c-93e2-379adbc01ef0|127.0.0.1:15023, 4fab203c-b5a4-47f8-9680-c8b7d06953a5|127.0.0.1:15031]|listeners:[], old=null}
2025-05-13 08:08:49,274 [408a00a1-9245-41fc-8d00-8f9b4b0cd246-groupManagement] INFO  server.RaftServer$Division (RaftServerImpl.java:setRole(378)) - 408a00a1-9245-41fc-8d00-8f9b4b0cd246@group-FD863BC0D192: changes role from      null to FOLLOWER at term 0 for startAsFollower
2025-05-13 08:08:49,274 [408a00a1-9245-41fc-8d00-8f9b4b0cd246-groupManagement] INFO  impl.RoleInfo (RoleInfo.java:updateAndGet(148)) - 408a00a1-9245-41fc-8d00-8f9b4b0cd246: start 408a00a1-9245-41fc-8d00-8f9b4b0cd246@group-FD863BC0D192-FollowerState
2025-05-13 08:08:49,274 [d9a075f3-fd90-436c-93e2-379adbc01ef0-groupManagement] INFO  server.RaftServerConfigKeys (ConfUtils.java:logGet(46)) - raft.server.snapshot.trigger-when-stop.enabled = true (default)
2025-05-13 08:08:49,274 [d9a075f3-fd90-436c-93e2-379adbc01ef0-groupManagement] INFO  server.RaftServerConfigKeys (ConfUtils.java:logGet(46)) - raft.server.snapshot.trigger-when-remove.enabled = true (default)
2025-05-13 08:08:49,274 [d9a075f3-fd90-436c-93e2-379adbc01ef0-groupManagement] INFO  server.RaftServerConfigKeys (ConfUtils.java:logGet(46)) - raft.server.snapshot.auto.trigger.enabled = true (custom)
2025-05-13 08:08:49,274 [d9a075f3-fd90-436c-93e2-379adbc01ef0-groupManagement] INFO  server.RaftServerConfigKeys (ConfUtils.java:logGet(46)) - raft.server.snapshot.auto.trigger.threshold = 100000 (custom)
2025-05-13 08:08:49,274 [d9a075f3-fd90-436c-93e2-379adbc01ef0-groupManagement] INFO  server.RaftServerConfigKeys (ConfUtils.java:logGet(46)) - raft.server.snapshot.retention.file.num = 5 (custom)
2025-05-13 08:08:49,274 [d9a075f3-fd90-436c-93e2-379adbc01ef0-groupManagement] INFO  server.RaftServerConfigKeys (ConfUtils.java:logGet(46)) - raft.server.log.purge.upto.snapshot.index = false (default)
2025-05-13 08:08:49,275 [408a00a1-9245-41fc-8d00-8f9b4b0cd246@group-FD863BC0D192-FollowerState] INFO  server.RaftServerConfigKeys (ConfUtils.java:logGet(46)) - raft.server.rpc.first-election.timeout.min = 1000ms (custom)
2025-05-13 08:08:49,275 [408a00a1-9245-41fc-8d00-8f9b4b0cd246@group-FD863BC0D192-FollowerState] INFO  server.RaftServerConfigKeys (ConfUtils.java:logGet(46)) - raft.server.rpc.first-election.timeout.max = 1200ms (custom)
2025-05-13 08:08:49,276 [408a00a1-9245-41fc-8d00-8f9b4b0cd246-groupManagement] INFO  util.JmxRegister (JmxRegister.java:tryRegister(44)) - Successfully registered JMX Bean with object name Ratis:service=RaftServer,group=group-FD863BC0D192,id=408a00a1-9245-41fc-8d00-8f9b4b0cd246
2025-05-13 08:08:49,276 [408a00a1-9245-41fc-8d00-8f9b4b0cd246-groupManagement] INFO  util.JmxRegister (JmxRegister.java:register(58)) - register mxBean class org.apache.ratis.server.impl.RaftServerJmxAdapter as Ratis:service=RaftServer,group=group-FD863BC0D192,id=408a00a1-9245-41fc-8d00-8f9b4b0cd246
2025-05-13 08:08:49,276 [408a00a1-9245-41fc-8d00-8f9b4b0cd246-groupManagement] INFO  server.RaftServerConfigKeys (ConfUtils.java:logGet(46)) - raft.server.snapshot.trigger-when-stop.enabled = true (default)
2025-05-13 08:08:49,276 [d9a075f3-fd90-436c-93e2-379adbc01ef0-groupManagement] INFO  server.RaftServer$Division (RaftServerImpl.java:start(405)) - d9a075f3-fd90-436c-93e2-379adbc01ef0@group-FD863BC0D192: Successfully started.
2025-05-13 08:08:49,276 [408a00a1-9245-41fc-8d00-8f9b4b0cd246-groupManagement] INFO  server.RaftServerConfigKeys (ConfUtils.java:logGet(46)) - raft.server.snapshot.trigger-when-remove.enabled = true (default)
2025-05-13 08:08:49,276 [408a00a1-9245-41fc-8d00-8f9b4b0cd246-groupManagement] INFO  server.RaftServerConfigKeys (ConfUtils.java:logGet(46)) - raft.server.snapshot.auto.trigger.enabled = true (custom)
2025-05-13 08:08:49,276 [408a00a1-9245-41fc-8d00-8f9b4b0cd246-groupManagement] INFO  server.RaftServerConfigKeys (ConfUtils.java:logGet(46)) - raft.server.snapshot.auto.trigger.threshold = 100000 (custom)
2025-05-13 08:08:49,276 [408a00a1-9245-41fc-8d00-8f9b4b0cd246-groupManagement] INFO  server.RaftServerConfigKeys (ConfUtils.java:logGet(46)) - raft.server.snapshot.retention.file.num = 5 (custom)
2025-05-13 08:08:49,276 [408a00a1-9245-41fc-8d00-8f9b4b0cd246-groupManagement] INFO  server.RaftServerConfigKeys (ConfUtils.java:logGet(46)) - raft.server.log.purge.upto.snapshot.index = false (default)
2025-05-13 08:08:49,277 [408a00a1-9245-41fc-8d00-8f9b4b0cd246-groupManagement] INFO  server.RaftServer$Division (RaftServerImpl.java:start(405)) - 408a00a1-9245-41fc-8d00-8f9b4b0cd246@group-FD863BC0D192: Successfully started.
2025-05-13 08:08:49,277 [d9a075f3-fd90-436c-93e2-379adbc01ef0-PipelineCommandHandlerThread-0] INFO  ratis.XceiverServerRatis (XceiverServerRatis.java:addGroup(843)) - Created group PipelineID=6b135c00-0d00-4153-8b1b-fd863bc0d192
2025-05-13 08:08:49,278 [408a00a1-9245-41fc-8d00-8f9b4b0cd246-PipelineCommandHandlerThread-0] INFO  ratis.XceiverServerRatis (XceiverServerRatis.java:addGroup(843)) - Created group PipelineID=6b135c00-0d00-4153-8b1b-fd863bc0d192
2025-05-13 08:08:49,304 [grpc-default-executor-0] INFO  server.RaftServer (RaftServerProxy.java:addNew(100)) - 4fab203c-b5a4-47f8-9680-c8b7d06953a5: addNew group-FD863BC0D192:[408a00a1-9245-41fc-8d00-8f9b4b0cd246|127.0.0.1:15015, d9a075f3-fd90-436c-93e2-379adbc01ef0|127.0.0.1:15023, 4fab203c-b5a4-47f8-9680-c8b7d06953a5|127.0.0.1:15031] returns group-FD863BC0D192:java.util.concurrent.CompletableFuture@1f00c53e[Not completed]
2025-05-13 08:08:49,306 [4fab203c-b5a4-47f8-9680-c8b7d06953a5-groupManagement] INFO  server.RaftServer$Division (RaftServerImpl.java:<init>(255)) - 4fab203c-b5a4-47f8-9680-c8b7d06953a5: new RaftServerImpl for group-FD863BC0D192:[408a00a1-9245-41fc-8d00-8f9b4b0cd246|127.0.0.1:15015, d9a075f3-fd90-436c-93e2-379adbc01ef0|127.0.0.1:15023, 4fab203c-b5a4-47f8-9680-c8b7d06953a5|127.0.0.1:15031] with ContainerStateMachine:uninitialized
2025-05-13 08:08:49,306 [4fab203c-b5a4-47f8-9680-c8b7d06953a5-groupManagement] INFO  server.RaftServerConfigKeys (ConfUtils.java:logGet(46)) - raft.server.rpc.timeout.min = 5s (custom)
2025-05-13 08:08:49,306 [4fab203c-b5a4-47f8-9680-c8b7d06953a5-groupManagement] INFO  server.RaftServerConfigKeys (ConfUtils.java:logGet(46)) - raft.server.rpc.timeout.max = 5200ms (custom)
2025-05-13 08:08:49,306 [4fab203c-b5a4-47f8-9680-c8b7d06953a5-groupManagement] INFO  server.RaftServerConfigKeys (ConfUtils.java:logGet(46)) - raft.server.rpc.sleep.time = 25ms (default)
2025-05-13 08:08:49,306 [4fab203c-b5a4-47f8-9680-c8b7d06953a5-groupManagement] INFO  server.RaftServerConfigKeys (ConfUtils.java:logGet(46)) - raft.server.rpc.slowness.timeout = 300s (custom)
2025-05-13 08:08:49,306 [4fab203c-b5a4-47f8-9680-c8b7d06953a5-groupManagement] INFO  server.RaftServerConfigKeys (ConfUtils.java:logGet(46)) - raft.server.leaderelection.leader.step-down.wait-time = 10s (default)
2025-05-13 08:08:49,306 [4fab203c-b5a4-47f8-9680-c8b7d06953a5-groupManagement] INFO  server.RaftServerConfigKeys (ConfUtils.java:logGet(46)) - raft.server.leaderelection.member.majority-add = false (default)
2025-05-13 08:08:49,306 [4fab203c-b5a4-47f8-9680-c8b7d06953a5-groupManagement] INFO  server.RaftServerConfigKeys (ConfUtils.java:logGet(46)) - raft.server.sleep.deviation.threshold = 300ms (default)
2025-05-13 08:08:49,306 [4fab203c-b5a4-47f8-9680-c8b7d06953a5-groupManagement] INFO  server.RaftServer$Division (ServerState.java:<init>(114)) - 4fab203c-b5a4-47f8-9680-c8b7d06953a5@group-FD863BC0D192: ConfigurationManager, init=conf: {index: -1, cur=peers:[408a00a1-9245-41fc-8d00-8f9b4b0cd246|127.0.0.1:15015, d9a075f3-fd90-436c-93e2-379adbc01ef0|127.0.0.1:15023, 4fab203c-b5a4-47f8-9680-c8b7d06953a5|127.0.0.1:15031]|listeners:[], old=null}, confs=<EMPTY_MAP>
2025-05-13 08:08:49,307 [4fab203c-b5a4-47f8-9680-c8b7d06953a5-groupManagement] INFO  server.RaftServerConfigKeys (ConfUtils.java:logGet(46)) - raft.server.notification.no-leader.timeout = 300s (custom)
2025-05-13 08:08:49,307 [4fab203c-b5a4-47f8-9680-c8b7d06953a5-groupManagement] INFO  server.RaftServerConfigKeys (ConfUtils.java:logGet(46)) - raft.server.read.timeout = 10s (default)
2025-05-13 08:08:49,307 [4fab203c-b5a4-47f8-9680-c8b7d06953a5-groupManagement] INFO  server.RaftServerConfigKeys (ConfUtils.java:logGet(46)) - raft.server.retrycache.expirytime = 600000ms (custom)
2025-05-13 08:08:49,307 [4fab203c-b5a4-47f8-9680-c8b7d06953a5-groupManagement] INFO  server.RaftServerConfigKeys (ConfUtils.java:logGet(46)) - raft.server.retrycache.statistics.expirytime = 100ms (default)
2025-05-13 08:08:49,307 [4fab203c-b5a4-47f8-9680-c8b7d06953a5-groupManagement] INFO  server.RaftServerConfigKeys (ConfUtils.java:logGet(46)) - raft.server.read.option = DEFAULT (default)
2025-05-13 08:08:49,307 [4fab203c-b5a4-47f8-9680-c8b7d06953a5-groupManagement] INFO  server.RaftServerConfigKeys (ConfUtils.java:logGet(46)) - raft.server.read.read-after-write-consistent.write-index-cache.expiry-time = 60s (default)
2025-05-13 08:08:49,312 [4fab203c-b5a4-47f8-9680-c8b7d06953a5-groupManagement] INFO  server.RaftServerConfigKeys (ConfUtils.java:logGet(46)) - raft.server.rpc.request.timeout = 60s (custom)
2025-05-13 08:08:49,312 [4fab203c-b5a4-47f8-9680-c8b7d06953a5-groupManagement] INFO  server.RaftServerConfigKeys (ConfUtils.java:logGet(46)) - raft.server.log.appender.install.snapshot.enabled = false (custom)
2025-05-13 08:08:49,312 [4fab203c-b5a4-47f8-9680-c8b7d06953a5-groupManagement] INFO  server.RaftServerConfigKeys (ConfUtils.java:logGet(46)) - raft.server.threadpool.server.cached = true (default)
2025-05-13 08:08:49,312 [4fab203c-b5a4-47f8-9680-c8b7d06953a5-groupManagement] INFO  server.RaftServerConfigKeys (ConfUtils.java:logGet(46)) - raft.server.threadpool.server.size = 0 (default)
2025-05-13 08:08:49,312 [4fab203c-b5a4-47f8-9680-c8b7d06953a5-groupManagement] INFO  server.RaftServerConfigKeys (ConfUtils.java:logGet(46)) - raft.server.threadpool.client.cached = true (default)
2025-05-13 08:08:49,312 [4fab203c-b5a4-47f8-9680-c8b7d06953a5-groupManagement] INFO  server.RaftServerConfigKeys (ConfUtils.java:logGet(46)) - raft.server.threadpool.client.size = 0 (default)
2025-05-13 08:08:49,312 [4fab203c-b5a4-47f8-9680-c8b7d06953a5-groupManagement] INFO  server.RaftServerConfigKeys (ConfUtils.java:logGet(46)) - raft.server.storage.free-space.min = 0MB (=0) (default)
2025-05-13 08:08:49,313 [4fab203c-b5a4-47f8-9680-c8b7d06953a5-groupManagement] INFO  server.RaftServerConfigKeys (ConfUtils.java:logGet(46)) - raft.server.log.corruption.policy = EXCEPTION (default)
2025-05-13 08:08:49,313 [4fab203c-b5a4-47f8-9680-c8b7d06953a5-groupManagement] INFO  server.RaftServerConfigKeys (ConfUtils.java:logGet(46)) - raft.server.storage.dir = [/home/runner/work/ozone/ozone/hadoop-ozone/integration-test-s3/target/test-dir/MiniOzoneClusterImpl-51e975e3-87ca-4f9c-b22e-f289b69b5230/ozone-meta/datanode-3/ratis] (custom)
2025-05-13 08:08:49,313 [408a00a1-9245-41fc-8d00-8f9b4b0cd246-PipelineCommandHandlerThread-0] INFO  commandhandler.CreatePipelineCommandHandler (CreatePipelineCommandHandler.java:lambda$handle$2(128)) - Created Pipeline RATIS THREE PipelineID=6b135c00-0d00-4153-8b1b-fd863bc0d192.
2025-05-13 08:08:49,313 [4fab203c-b5a4-47f8-9680-c8b7d06953a5-groupManagement] INFO  storage.RaftStorageDirectory (RaftStorageDirectoryImpl.java:analyzeStorage(138)) - The storage directory /home/runner/work/ozone/ozone/hadoop-ozone/integration-test-s3/target/test-dir/MiniOzoneClusterImpl-51e975e3-87ca-4f9c-b22e-f289b69b5230/ozone-meta/datanode-3/ratis/6b135c00-0d00-4153-8b1b-fd863bc0d192 does not exist. Creating ...
2025-05-13 08:08:49,314 [4fab203c-b5a4-47f8-9680-c8b7d06953a5-groupManagement] INFO  storage.RaftStorageDirectory (RaftStorageDirectoryImpl.java:tryLock(229)) - Lock on /home/runner/work/ozone/ozone/hadoop-ozone/integration-test-s3/target/test-dir/MiniOzoneClusterImpl-51e975e3-87ca-4f9c-b22e-f289b69b5230/ozone-meta/datanode-3/ratis/6b135c00-0d00-4153-8b1b-fd863bc0d192/in_use.lock acquired by nodename 74288@pkrvmberfyhpb9w
2025-05-13 08:08:49,316 [4fab203c-b5a4-47f8-9680-c8b7d06953a5-groupManagement] INFO  storage.RaftStorage (RaftStorageImpl.java:format(98)) - Storage directory /home/runner/work/ozone/ozone/hadoop-ozone/integration-test-s3/target/test-dir/MiniOzoneClusterImpl-51e975e3-87ca-4f9c-b22e-f289b69b5230/ozone-meta/datanode-3/ratis/6b135c00-0d00-4153-8b1b-fd863bc0d192 has been successfully formatted.
2025-05-13 08:08:49,317 [4fab203c-b5a4-47f8-9680-c8b7d06953a5-groupManagement] INFO  ratis.ContainerStateMachine (ContainerStateMachine.java:initialize(339)) - 4fab203c-b5a4-47f8-9680-c8b7d06953a5: initialize group-FD863BC0D192
2025-05-13 08:08:49,317 [4fab203c-b5a4-47f8-9680-c8b7d06953a5-groupManagement] INFO  ratis.ContainerStateMachine (ContainerStateMachine.java:loadSnapshot(347)) - group-FD863BC0D192: The snapshot info is null. Setting the last applied index to:(t:0, i:~)
2025-05-13 08:08:49,317 [4fab203c-b5a4-47f8-9680-c8b7d06953a5-groupManagement] INFO  server.RaftServerConfigKeys (ConfUtils.java:logGet(46)) - raft.server.log.use.memory = false (default)
2025-05-13 08:08:49,317 [4fab203c-b5a4-47f8-9680-c8b7d06953a5-groupManagement] INFO  server.RaftServerConfigKeys (ConfUtils.java:logGet(46)) - raft.server.log.purge.gap = 1000000 (custom)
2025-05-13 08:08:49,317 [4fab203c-b5a4-47f8-9680-c8b7d06953a5-groupManagement] INFO  server.RaftServerConfigKeys (ConfUtils.java:logGet(46)) - raft.server.log.appender.buffer.byte-limit = 33554432 (custom)
2025-05-13 08:08:49,317 [4fab203c-b5a4-47f8-9680-c8b7d06953a5-groupManagement] INFO  server.RaftServerConfigKeys (ConfUtils.java:logGet(46)) - raft.server.log.statemachine.data.read.timeout = 1000ms (default)
2025-05-13 08:08:49,318 [4fab203c-b5a4-47f8-9680-c8b7d06953a5-groupManagement] INFO  server.RaftServerConfigKeys (ConfUtils.java:logGet(46)) - raft.server.log.purge.preservation.log.num = 0 (default)
2025-05-13 08:08:49,319 [EventQueue-PipelineReportForOneReplicaPipelineSafeModeRule] INFO  safemode.SCMSafeModeManager (SCMSafeModeManager.java:validateSafeModeExitRules(140)) - AtleastOneDatanodeReportedRule rule is successfully validated
2025-05-13 08:08:49,320 [4fab203c-b5a4-47f8-9680-c8b7d06953a5-groupManagement] INFO  server.RaftServerConfigKeys (ConfUtils.java:logGet(46)) - raft.server.log.segment.size.max = 67108864 (custom)
2025-05-13 08:08:49,320 [4fab203c-b5a4-47f8-9680-c8b7d06953a5-groupManagement] INFO  server.RaftServerConfigKeys (ConfUtils.java:logGet(46)) - raft.server.log.segment.cache.num.max = 2 (custom)
2025-05-13 08:08:49,320 [4fab203c-b5a4-47f8-9680-c8b7d06953a5-groupManagement] INFO  server.RaftServerConfigKeys (ConfUtils.java:logGet(46)) - raft.server.log.segment.cache.size.max = 200MB (=209715200) (default)
2025-05-13 08:08:49,321 [4fab203c-b5a4-47f8-9680-c8b7d06953a5-groupManagement] INFO  server.RaftServerConfigKeys (ConfUtils.java:logGet(46)) - raft.server.log.appender.buffer.byte-limit = 33554432 (custom)
2025-05-13 08:08:49,321 [4fab203c-b5a4-47f8-9680-c8b7d06953a5-groupManagement] INFO  util.AwaitToRun (AwaitToRun.java:start(81)) - Thread[#970,4fab203c-b5a4-47f8-9680-c8b7d06953a5@group-FD863BC0D192-cacheEviction-AwaitToRun,5,main] started
2025-05-13 08:08:49,321 [4fab203c-b5a4-47f8-9680-c8b7d06953a5-groupManagement] INFO  segmented.SegmentedRaftLogWorker (SegmentedRaftLogWorker.java:<init>(188)) - new 4fab203c-b5a4-47f8-9680-c8b7d06953a5@group-FD863BC0D192-SegmentedRaftLogWorker for RaftStorageImpl:Storage Directory /home/runner/work/ozone/ozone/hadoop-ozone/integration-test-s3/target/test-dir/MiniOzoneClusterImpl-51e975e3-87ca-4f9c-b22e-f289b69b5230/ozone-meta/datanode-3/ratis/6b135c00-0d00-4153-8b1b-fd863bc0d192
2025-05-13 08:08:49,321 [4fab203c-b5a4-47f8-9680-c8b7d06953a5-groupManagement] INFO  server.RaftServerConfigKeys (ConfUtils.java:logGet(46)) - raft.server.log.queue.byte-limit = 4294967296 (custom)
2025-05-13 08:08:49,321 [4fab203c-b5a4-47f8-9680-c8b7d06953a5-groupManagement] INFO  server.RaftServerConfigKeys (ConfUtils.java:logGet(46)) - raft.server.log.queue.element-limit = 1024 (custom)
2025-05-13 08:08:49,321 [4fab203c-b5a4-47f8-9680-c8b7d06953a5-groupManagement] INFO  server.RaftServerConfigKeys (ConfUtils.java:logGet(46)) - raft.server.log.segment.size.max = 67108864 (custom)
2025-05-13 08:08:49,321 [4fab203c-b5a4-47f8-9680-c8b7d06953a5-groupManagement] INFO  server.RaftServerConfigKeys (ConfUtils.java:logGet(46)) - raft.server.log.preallocated.size = 4194304 (custom)
2025-05-13 08:08:49,321 [4fab203c-b5a4-47f8-9680-c8b7d06953a5-groupManagement] INFO  server.RaftServerConfigKeys (ConfUtils.java:logGet(46)) - raft.server.log.force.sync.num = 128 (default)
2025-05-13 08:08:49,321 [4fab203c-b5a4-47f8-9680-c8b7d06953a5-groupManagement] INFO  server.RaftServerConfigKeys (ConfUtils.java:logGet(46)) - raft.server.log.statemachine.data.sync = true (default)
2025-05-13 08:08:49,321 [4fab203c-b5a4-47f8-9680-c8b7d06953a5-groupManagement] INFO  server.RaftServerConfigKeys (ConfUtils.java:logGet(46)) - raft.server.log.statemachine.data.sync.timeout = 10s (default)
2025-05-13 08:08:49,321 [4fab203c-b5a4-47f8-9680-c8b7d06953a5-groupManagement] INFO  server.RaftServerConfigKeys (ConfUtils.java:logGet(46)) - raft.server.log.statemachine.data.sync.timeout.retry = 30 (custom)
2025-05-13 08:08:49,322 [4fab203c-b5a4-47f8-9680-c8b7d06953a5-groupManagement] INFO  server.RaftServerConfigKeys (ConfUtils.java:logGet(46)) - raft.server.log.write.buffer.size = 33554440 (custom)
2025-05-13 08:08:49,327 [4fab203c-b5a4-47f8-9680-c8b7d06953a5-groupManagement] INFO  server.RaftServerConfigKeys (ConfUtils.java:logGet(46)) - raft.server.log.appender.buffer.byte-limit = 33554432 (custom)
2025-05-13 08:08:49,327 [4fab203c-b5a4-47f8-9680-c8b7d06953a5-groupManagement] INFO  server.RaftServerConfigKeys (ConfUtils.java:logGet(46)) - raft.server.log.unsafe-flush.enabled = false (default)
2025-05-13 08:08:49,327 [4fab203c-b5a4-47f8-9680-c8b7d06953a5-groupManagement] INFO  server.RaftServerConfigKeys (ConfUtils.java:logGet(46)) - raft.server.log.async-flush.enabled = false (default)
2025-05-13 08:08:49,327 [4fab203c-b5a4-47f8-9680-c8b7d06953a5-groupManagement] INFO  server.RaftServerConfigKeys (ConfUtils.java:logGet(46)) - raft.server.log.statemachine.data.caching.enabled = true (custom)
2025-05-13 08:08:49,327 [4fab203c-b5a4-47f8-9680-c8b7d06953a5-groupManagement] INFO  segmented.SegmentedRaftLogWorker (SegmentedRaftLogWorker.java:lambda$new$0(139)) - 4fab203c-b5a4-47f8-9680-c8b7d06953a5@group-FD863BC0D192-SegmentedRaftLogWorker: flushIndex: setUnconditionally 0 -> -1
2025-05-13 08:08:49,327 [4fab203c-b5a4-47f8-9680-c8b7d06953a5-groupManagement] INFO  segmented.SegmentedRaftLogWorker (SegmentedRaftLogWorker.java:lambda$new$0(139)) - 4fab203c-b5a4-47f8-9680-c8b7d06953a5@group-FD863BC0D192-SegmentedRaftLogWorker: safeCacheEvictIndex: setUnconditionally 0 -> -1
2025-05-13 08:08:49,328 [4fab203c-b5a4-47f8-9680-c8b7d06953a5-groupManagement] INFO  server.RaftServer$Division (RaftServerImpl.java:start(391)) - 4fab203c-b5a4-47f8-9680-c8b7d06953a5@group-FD863BC0D192: start as a follower, conf=conf: {index: -1, cur=peers:[408a00a1-9245-41fc-8d00-8f9b4b0cd246|127.0.0.1:15015, d9a075f3-fd90-436c-93e2-379adbc01ef0|127.0.0.1:15023, 4fab203c-b5a4-47f8-9680-c8b7d06953a5|127.0.0.1:15031]|listeners:[], old=null}
2025-05-13 08:08:49,328 [4fab203c-b5a4-47f8-9680-c8b7d06953a5-groupManagement] INFO  server.RaftServer$Division (RaftServerImpl.java:setRole(378)) - 4fab203c-b5a4-47f8-9680-c8b7d06953a5@group-FD863BC0D192: changes role from      null to FOLLOWER at term 0 for startAsFollower
2025-05-13 08:08:49,328 [4fab203c-b5a4-47f8-9680-c8b7d06953a5-groupManagement] INFO  impl.RoleInfo (RoleInfo.java:updateAndGet(148)) - 4fab203c-b5a4-47f8-9680-c8b7d06953a5: start 4fab203c-b5a4-47f8-9680-c8b7d06953a5@group-FD863BC0D192-FollowerState
2025-05-13 08:08:49,328 [4fab203c-b5a4-47f8-9680-c8b7d06953a5-groupManagement] INFO  util.JmxRegister (JmxRegister.java:tryRegister(44)) - Successfully registered JMX Bean with object name Ratis:service=RaftServer,group=group-FD863BC0D192,id=4fab203c-b5a4-47f8-9680-c8b7d06953a5
2025-05-13 08:08:49,328 [4fab203c-b5a4-47f8-9680-c8b7d06953a5-groupManagement] INFO  util.JmxRegister (JmxRegister.java:register(58)) - register mxBean class org.apache.ratis.server.impl.RaftServerJmxAdapter as Ratis:service=RaftServer,group=group-FD863BC0D192,id=4fab203c-b5a4-47f8-9680-c8b7d06953a5
2025-05-13 08:08:49,328 [4fab203c-b5a4-47f8-9680-c8b7d06953a5-groupManagement] INFO  server.RaftServerConfigKeys (ConfUtils.java:logGet(46)) - raft.server.snapshot.trigger-when-stop.enabled = true (default)
2025-05-13 08:08:49,328 [4fab203c-b5a4-47f8-9680-c8b7d06953a5-groupManagement] INFO  server.RaftServerConfigKeys (ConfUtils.java:logGet(46)) - raft.server.snapshot.trigger-when-remove.enabled = true (default)
2025-05-13 08:08:49,328 [4fab203c-b5a4-47f8-9680-c8b7d06953a5-groupManagement] INFO  server.RaftServerConfigKeys (ConfUtils.java:logGet(46)) - raft.server.snapshot.auto.trigger.enabled = true (custom)
2025-05-13 08:08:49,328 [4fab203c-b5a4-47f8-9680-c8b7d06953a5-groupManagement] INFO  server.RaftServerConfigKeys (ConfUtils.java:logGet(46)) - raft.server.snapshot.auto.trigger.threshold = 100000 (custom)
2025-05-13 08:08:49,328 [4fab203c-b5a4-47f8-9680-c8b7d06953a5-groupManagement] INFO  server.RaftServerConfigKeys (ConfUtils.java:logGet(46)) - raft.server.snapshot.retention.file.num = 5 (custom)
2025-05-13 08:08:49,329 [4fab203c-b5a4-47f8-9680-c8b7d06953a5-groupManagement] INFO  server.RaftServerConfigKeys (ConfUtils.java:logGet(46)) - raft.server.log.purge.upto.snapshot.index = false (default)
2025-05-13 08:08:49,329 [4fab203c-b5a4-47f8-9680-c8b7d06953a5@group-FD863BC0D192-FollowerState] INFO  server.RaftServerConfigKeys (ConfUtils.java:logGet(46)) - raft.server.rpc.first-election.timeout.min = 1000ms (custom)
2025-05-13 08:08:49,330 [4fab203c-b5a4-47f8-9680-c8b7d06953a5@group-FD863BC0D192-FollowerState] INFO  server.RaftServerConfigKeys (ConfUtils.java:logGet(46)) - raft.server.rpc.first-election.timeout.max = 1200ms (custom)
2025-05-13 08:08:49,330 [4fab203c-b5a4-47f8-9680-c8b7d06953a5-groupManagement] INFO  server.RaftServer$Division (RaftServerImpl.java:start(405)) - 4fab203c-b5a4-47f8-9680-c8b7d06953a5@group-FD863BC0D192: Successfully started.
2025-05-13 08:08:49,334 [d9a075f3-fd90-436c-93e2-379adbc01ef0-PipelineCommandHandlerThread-0] INFO  commandhandler.CreatePipelineCommandHandler (CreatePipelineCommandHandler.java:lambda$handle$2(128)) - Created Pipeline RATIS THREE PipelineID=6b135c00-0d00-4153-8b1b-fd863bc0d192.
2025-05-13 08:08:49,335 [4fab203c-b5a4-47f8-9680-c8b7d06953a5-PipelineCommandHandlerThread-0] INFO  server.RaftServer (RaftServerProxy.java:addNew(100)) - 4fab203c-b5a4-47f8-9680-c8b7d06953a5: addNew group-2F7D8030D9BB:[4fab203c-b5a4-47f8-9680-c8b7d06953a5|127.0.0.1:15031] returns group-2F7D8030D9BB:java.util.concurrent.CompletableFuture@11cdb224[Not completed]
2025-05-13 08:08:49,336 [4fab203c-b5a4-47f8-9680-c8b7d06953a5-groupManagement] INFO  server.RaftServer$Division (RaftServerImpl.java:<init>(255)) - 4fab203c-b5a4-47f8-9680-c8b7d06953a5: new RaftServerImpl for group-2F7D8030D9BB:[4fab203c-b5a4-47f8-9680-c8b7d06953a5|127.0.0.1:15031] with ContainerStateMachine:uninitialized
2025-05-13 08:08:49,336 [4fab203c-b5a4-47f8-9680-c8b7d06953a5-groupManagement] INFO  server.RaftServerConfigKeys (ConfUtils.java:logGet(46)) - raft.server.rpc.timeout.min = 5s (custom)
2025-05-13 08:08:49,336 [4fab203c-b5a4-47f8-9680-c8b7d06953a5-groupManagement] INFO  server.RaftServerConfigKeys (ConfUtils.java:logGet(46)) - raft.server.rpc.timeout.max = 5200ms (custom)
2025-05-13 08:08:49,336 [4fab203c-b5a4-47f8-9680-c8b7d06953a5-groupManagement] INFO  server.RaftServerConfigKeys (ConfUtils.java:logGet(46)) - raft.server.rpc.sleep.time = 25ms (default)
2025-05-13 08:08:49,336 [4fab203c-b5a4-47f8-9680-c8b7d06953a5-groupManagement] INFO  server.RaftServerConfigKeys (ConfUtils.java:logGet(46)) - raft.server.rpc.slowness.timeout = 300s (custom)
2025-05-13 08:08:49,336 [4fab203c-b5a4-47f8-9680-c8b7d06953a5-groupManagement] INFO  server.RaftServerConfigKeys (ConfUtils.java:logGet(46)) - raft.server.leaderelection.leader.step-down.wait-time = 10s (default)
2025-05-13 08:08:49,336 [4fab203c-b5a4-47f8-9680-c8b7d06953a5-groupManagement] INFO  server.RaftServerConfigKeys (ConfUtils.java:logGet(46)) - raft.server.leaderelection.member.majority-add = false (default)
2025-05-13 08:08:49,336 [4fab203c-b5a4-47f8-9680-c8b7d06953a5-groupManagement] INFO  server.RaftServerConfigKeys (ConfUtils.java:logGet(46)) - raft.server.sleep.deviation.threshold = 300ms (default)
2025-05-13 08:08:49,337 [4fab203c-b5a4-47f8-9680-c8b7d06953a5-groupManagement] INFO  server.RaftServer$Division (ServerState.java:<init>(114)) - 4fab203c-b5a4-47f8-9680-c8b7d06953a5@group-2F7D8030D9BB: ConfigurationManager, init=conf: {index: -1, cur=peers:[4fab203c-b5a4-47f8-9680-c8b7d06953a5|127.0.0.1:15031]|listeners:[], old=null}, confs=<EMPTY_MAP>
2025-05-13 08:08:49,337 [4fab203c-b5a4-47f8-9680-c8b7d06953a5-groupManagement] INFO  server.RaftServerConfigKeys (ConfUtils.java:logGet(46)) - raft.server.notification.no-leader.timeout = 300s (custom)
2025-05-13 08:08:49,337 [4fab203c-b5a4-47f8-9680-c8b7d06953a5-groupManagement] INFO  server.RaftServerConfigKeys (ConfUtils.java:logGet(46)) - raft.server.read.timeout = 10s (default)
2025-05-13 08:08:49,337 [4fab203c-b5a4-47f8-9680-c8b7d06953a5-groupManagement] INFO  server.RaftServerConfigKeys (ConfUtils.java:logGet(46)) - raft.server.retrycache.expirytime = 600000ms (custom)
2025-05-13 08:08:49,337 [4fab203c-b5a4-47f8-9680-c8b7d06953a5-groupManagement] INFO  server.RaftServerConfigKeys (ConfUtils.java:logGet(46)) - raft.server.retrycache.statistics.expirytime = 100ms (default)
2025-05-13 08:08:49,337 [4fab203c-b5a4-47f8-9680-c8b7d06953a5-groupManagement] INFO  server.RaftServerConfigKeys (ConfUtils.java:logGet(46)) - raft.server.read.option = DEFAULT (default)
2025-05-13 08:08:49,337 [4fab203c-b5a4-47f8-9680-c8b7d06953a5-groupManagement] INFO  server.RaftServerConfigKeys (ConfUtils.java:logGet(46)) - raft.server.read.read-after-write-consistent.write-index-cache.expiry-time = 60s (default)
2025-05-13 08:08:49,341 [4fab203c-b5a4-47f8-9680-c8b7d06953a5-groupManagement] INFO  server.RaftServerConfigKeys (ConfUtils.java:logGet(46)) - raft.server.rpc.request.timeout = 60s (custom)
2025-05-13 08:08:49,341 [4fab203c-b5a4-47f8-9680-c8b7d06953a5-groupManagement] INFO  server.RaftServerConfigKeys (ConfUtils.java:logGet(46)) - raft.server.log.appender.install.snapshot.enabled = false (custom)
2025-05-13 08:08:49,341 [4fab203c-b5a4-47f8-9680-c8b7d06953a5-groupManagement] INFO  server.RaftServerConfigKeys (ConfUtils.java:logGet(46)) - raft.server.threadpool.server.cached = true (default)
2025-05-13 08:08:49,341 [4fab203c-b5a4-47f8-9680-c8b7d06953a5-groupManagement] INFO  server.RaftServerConfigKeys (ConfUtils.java:logGet(46)) - raft.server.threadpool.server.size = 0 (default)
2025-05-13 08:08:49,341 [4fab203c-b5a4-47f8-9680-c8b7d06953a5-groupManagement] INFO  server.RaftServerConfigKeys (ConfUtils.java:logGet(46)) - raft.server.threadpool.client.cached = true (default)
2025-05-13 08:08:49,341 [4fab203c-b5a4-47f8-9680-c8b7d06953a5-groupManagement] INFO  server.RaftServerConfigKeys (ConfUtils.java:logGet(46)) - raft.server.threadpool.client.size = 0 (default)
2025-05-13 08:08:49,341 [4fab203c-b5a4-47f8-9680-c8b7d06953a5-groupManagement] INFO  server.RaftServerConfigKeys (ConfUtils.java:logGet(46)) - raft.server.storage.free-space.min = 0MB (=0) (default)
2025-05-13 08:08:49,341 [4fab203c-b5a4-47f8-9680-c8b7d06953a5-groupManagement] INFO  server.RaftServerConfigKeys (ConfUtils.java:logGet(46)) - raft.server.log.corruption.policy = EXCEPTION (default)
2025-05-13 08:08:49,342 [4fab203c-b5a4-47f8-9680-c8b7d06953a5-groupManagement] INFO  server.RaftServerConfigKeys (ConfUtils.java:logGet(46)) - raft.server.storage.dir = [/home/runner/work/ozone/ozone/hadoop-ozone/integration-test-s3/target/test-dir/MiniOzoneClusterImpl-51e975e3-87ca-4f9c-b22e-f289b69b5230/ozone-meta/datanode-3/ratis] (custom)
2025-05-13 08:08:49,342 [4fab203c-b5a4-47f8-9680-c8b7d06953a5-groupManagement] INFO  storage.RaftStorageDirectory (RaftStorageDirectoryImpl.java:analyzeStorage(138)) - The storage directory /home/runner/work/ozone/ozone/hadoop-ozone/integration-test-s3/target/test-dir/MiniOzoneClusterImpl-51e975e3-87ca-4f9c-b22e-f289b69b5230/ozone-meta/datanode-3/ratis/d31bf8a3-743c-44ee-a08d-2f7d8030d9bb does not exist. Creating ...
2025-05-13 08:08:49,343 [4fab203c-b5a4-47f8-9680-c8b7d06953a5-groupManagement] INFO  storage.RaftStorageDirectory (RaftStorageDirectoryImpl.java:tryLock(229)) - Lock on /home/runner/work/ozone/ozone/hadoop-ozone/integration-test-s3/target/test-dir/MiniOzoneClusterImpl-51e975e3-87ca-4f9c-b22e-f289b69b5230/ozone-meta/datanode-3/ratis/d31bf8a3-743c-44ee-a08d-2f7d8030d9bb/in_use.lock acquired by nodename 74288@pkrvmberfyhpb9w
2025-05-13 08:08:49,344 [4fab203c-b5a4-47f8-9680-c8b7d06953a5-groupManagement] INFO  storage.RaftStorage (RaftStorageImpl.java:format(98)) - Storage directory /home/runner/work/ozone/ozone/hadoop-ozone/integration-test-s3/target/test-dir/MiniOzoneClusterImpl-51e975e3-87ca-4f9c-b22e-f289b69b5230/ozone-meta/datanode-3/ratis/d31bf8a3-743c-44ee-a08d-2f7d8030d9bb has been successfully formatted.
2025-05-13 08:08:49,344 [4fab203c-b5a4-47f8-9680-c8b7d06953a5-groupManagement] INFO  ratis.ContainerStateMachine (ContainerStateMachine.java:initialize(339)) - 4fab203c-b5a4-47f8-9680-c8b7d06953a5: initialize group-2F7D8030D9BB
2025-05-13 08:08:49,344 [4fab203c-b5a4-47f8-9680-c8b7d06953a5-groupManagement] INFO  ratis.ContainerStateMachine (ContainerStateMachine.java:loadSnapshot(347)) - group-2F7D8030D9BB: The snapshot info is null. Setting the last applied index to:(t:0, i:~)
2025-05-13 08:08:49,344 [4fab203c-b5a4-47f8-9680-c8b7d06953a5-groupManagement] INFO  server.RaftServerConfigKeys (ConfUtils.java:logGet(46)) - raft.server.log.use.memory = false (default)
2025-05-13 08:08:49,345 [4fab203c-b5a4-47f8-9680-c8b7d06953a5-groupManagement] INFO  server.RaftServerConfigKeys (ConfUtils.java:logGet(46)) - raft.server.log.purge.gap = 1000000 (custom)
2025-05-13 08:08:49,345 [4fab203c-b5a4-47f8-9680-c8b7d06953a5-groupManagement] INFO  server.RaftServerConfigKeys (ConfUtils.java:logGet(46)) - raft.server.log.appender.buffer.byte-limit = 33554432 (custom)
2025-05-13 08:08:49,345 [4fab203c-b5a4-47f8-9680-c8b7d06953a5-groupManagement] INFO  server.RaftServerConfigKeys (ConfUtils.java:logGet(46)) - raft.server.log.statemachine.data.read.timeout = 1000ms (default)
2025-05-13 08:08:49,345 [4fab203c-b5a4-47f8-9680-c8b7d06953a5-groupManagement] INFO  server.RaftServerConfigKeys (ConfUtils.java:logGet(46)) - raft.server.log.purge.preservation.log.num = 0 (default)
2025-05-13 08:08:49,347 [EventQueue-PipelineReportForOneReplicaPipelineSafeModeRule] INFO  safemode.SCMSafeModeManager (SCMSafeModeManager.java:validateSafeModeExitRules(140)) - AtleastOneDatanodeReportedRule rule is successfully validated
2025-05-13 08:08:49,348 [4fab203c-b5a4-47f8-9680-c8b7d06953a5-groupManagement] INFO  server.RaftServerConfigKeys (ConfUtils.java:logGet(46)) - raft.server.log.segment.size.max = 67108864 (custom)
2025-05-13 08:08:49,348 [4fab203c-b5a4-47f8-9680-c8b7d06953a5-groupManagement] INFO  server.RaftServerConfigKeys (ConfUtils.java:logGet(46)) - raft.server.log.segment.cache.num.max = 2 (custom)
2025-05-13 08:08:49,348 [4fab203c-b5a4-47f8-9680-c8b7d06953a5-groupManagement] INFO  server.RaftServerConfigKeys (ConfUtils.java:logGet(46)) - raft.server.log.segment.cache.size.max = 200MB (=209715200) (default)
2025-05-13 08:08:49,348 [4fab203c-b5a4-47f8-9680-c8b7d06953a5-groupManagement] INFO  server.RaftServerConfigKeys (ConfUtils.java:logGet(46)) - raft.server.log.appender.buffer.byte-limit = 33554432 (custom)
2025-05-13 08:08:49,350 [c3acf90a-cae3-4912-9a93-76f770441a06@group-F289B69B5230-StateMachineUpdater] INFO  safemode.SCMSafeModeManager (SCMSafeModeManager.java:validateSafeModeExitRules(140)) - DataNodeSafeModeRule rule is successfully validated
2025-05-13 08:08:49,350 [c3acf90a-cae3-4912-9a93-76f770441a06@group-F289B69B5230-StateMachineUpdater] INFO  safemode.SCMSafeModeManager (SCMSafeModeManager.java:validateSafeModeExitRules(140)) - RatisContainerSafeModeRule rule is successfully validated
2025-05-13 08:08:49,350 [c3acf90a-cae3-4912-9a93-76f770441a06@group-F289B69B5230-StateMachineUpdater] INFO  safemode.HealthyPipelineSafeModeRule (HealthyPipelineSafeModeRule.java:initializeRule(173)) - Refreshed total pipeline count is 0, healthy pipeline threshold count is 1
2025-05-13 08:08:49,351 [c3acf90a-cae3-4912-9a93-76f770441a06@group-F289B69B5230-StateMachineUpdater] INFO  safemode.SCMSafeModeManager (SCMSafeModeManager.java:validateSafeModeExitRules(140)) - ECContainerSafeModeRule rule is successfully validated
2025-05-13 08:08:49,351 [c3acf90a-cae3-4912-9a93-76f770441a06@group-F289B69B5230-StateMachineUpdater] INFO  safemode.SCMSafeModeManager (SCMSafeModeManager.java:validateSafeModeExitRules(140)) - AtleastOneDatanodeReportedRule rule is successfully validated
2025-05-13 08:08:49,351 [EventQueue-PipelineReportForPipelineReportHandler] INFO  pipeline.PipelineReportHandler (PipelineReportHandler.java:processPipelineReport(134)) - Opened pipeline PipelineID=d31bf8a3-743c-44ee-a08d-2f7d8030d9bb
2025-05-13 08:08:49,351 [4fab203c-b5a4-47f8-9680-c8b7d06953a5-groupManagement] INFO  util.AwaitToRun (AwaitToRun.java:start(81)) - Thread[#978,4fab203c-b5a4-47f8-9680-c8b7d06953a5@group-2F7D8030D9BB-cacheEviction-AwaitToRun,5,main] started
2025-05-13 08:08:49,351 [4fab203c-b5a4-47f8-9680-c8b7d06953a5-groupManagement] INFO  segmented.SegmentedRaftLogWorker (SegmentedRaftLogWorker.java:<init>(188)) - new 4fab203c-b5a4-47f8-9680-c8b7d06953a5@group-2F7D8030D9BB-SegmentedRaftLogWorker for RaftStorageImpl:Storage Directory /home/runner/work/ozone/ozone/hadoop-ozone/integration-test-s3/target/test-dir/MiniOzoneClusterImpl-51e975e3-87ca-4f9c-b22e-f289b69b5230/ozone-meta/datanode-3/ratis/d31bf8a3-743c-44ee-a08d-2f7d8030d9bb
2025-05-13 08:08:49,352 [4fab203c-b5a4-47f8-9680-c8b7d06953a5-groupManagement] INFO  server.RaftServerConfigKeys (ConfUtils.java:logGet(46)) - raft.server.log.queue.byte-limit = 4294967296 (custom)
2025-05-13 08:08:49,352 [4fab203c-b5a4-47f8-9680-c8b7d06953a5-groupManagement] INFO  server.RaftServerConfigKeys (ConfUtils.java:logGet(46)) - raft.server.log.queue.element-limit = 1024 (custom)
2025-05-13 08:08:49,352 [4fab203c-b5a4-47f8-9680-c8b7d06953a5-groupManagement] INFO  server.RaftServerConfigKeys (ConfUtils.java:logGet(46)) - raft.server.log.segment.size.max = 67108864 (custom)
2025-05-13 08:08:49,352 [4fab203c-b5a4-47f8-9680-c8b7d06953a5-groupManagement] INFO  server.RaftServerConfigKeys (ConfUtils.java:logGet(46)) - raft.server.log.preallocated.size = 4194304 (custom)
2025-05-13 08:08:49,352 [4fab203c-b5a4-47f8-9680-c8b7d06953a5-groupManagement] INFO  server.RaftServerConfigKeys (ConfUtils.java:logGet(46)) - raft.server.log.force.sync.num = 128 (default)
2025-05-13 08:08:49,352 [4fab203c-b5a4-47f8-9680-c8b7d06953a5-groupManagement] INFO  server.RaftServerConfigKeys (ConfUtils.java:logGet(46)) - raft.server.log.statemachine.data.sync = true (default)
2025-05-13 08:08:49,352 [4fab203c-b5a4-47f8-9680-c8b7d06953a5-groupManagement] INFO  server.RaftServerConfigKeys (ConfUtils.java:logGet(46)) - raft.server.log.statemachine.data.sync.timeout = 10s (default)
2025-05-13 08:08:49,352 [EventQueue-OpenPipelineForHealthyPipelineSafeModeRule] INFO  safemode.SCMSafeModeManager (HealthyPipelineSafeModeRule.java:process(141)) - SCM in safe mode. Healthy pipelines reported count is 0, required healthy pipeline reported count is 1
2025-05-13 08:08:49,352 [4fab203c-b5a4-47f8-9680-c8b7d06953a5-groupManagement] INFO  server.RaftServerConfigKeys (ConfUtils.java:logGet(46)) - raft.server.log.statemachine.data.sync.timeout.retry = 30 (custom)
2025-05-13 08:08:49,352 [4fab203c-b5a4-47f8-9680-c8b7d06953a5-groupManagement] INFO  server.RaftServerConfigKeys (ConfUtils.java:logGet(46)) - raft.server.log.write.buffer.size = 33554440 (custom)
2025-05-13 08:08:49,358 [4fab203c-b5a4-47f8-9680-c8b7d06953a5-groupManagement] INFO  server.RaftServerConfigKeys (ConfUtils.java:logGet(46)) - raft.server.log.appender.buffer.byte-limit = 33554432 (custom)
2025-05-13 08:08:49,359 [4fab203c-b5a4-47f8-9680-c8b7d06953a5-groupManagement] INFO  server.RaftServerConfigKeys (ConfUtils.java:logGet(46)) - raft.server.log.unsafe-flush.enabled = false (default)
2025-05-13 08:08:49,359 [4fab203c-b5a4-47f8-9680-c8b7d06953a5-groupManagement] INFO  server.RaftServerConfigKeys (ConfUtils.java:logGet(46)) - raft.server.log.async-flush.enabled = false (default)
2025-05-13 08:08:49,359 [4fab203c-b5a4-47f8-9680-c8b7d06953a5-groupManagement] INFO  server.RaftServerConfigKeys (ConfUtils.java:logGet(46)) - raft.server.log.statemachine.data.caching.enabled = true (custom)
2025-05-13 08:08:49,359 [4fab203c-b5a4-47f8-9680-c8b7d06953a5-groupManagement] INFO  segmented.SegmentedRaftLogWorker (SegmentedRaftLogWorker.java:lambda$new$0(139)) - 4fab203c-b5a4-47f8-9680-c8b7d06953a5@group-2F7D8030D9BB-SegmentedRaftLogWorker: flushIndex: setUnconditionally 0 -> -1
2025-05-13 08:08:49,359 [4fab203c-b5a4-47f8-9680-c8b7d06953a5-groupManagement] INFO  segmented.SegmentedRaftLogWorker (SegmentedRaftLogWorker.java:lambda$new$0(139)) - 4fab203c-b5a4-47f8-9680-c8b7d06953a5@group-2F7D8030D9BB-SegmentedRaftLogWorker: safeCacheEvictIndex: setUnconditionally 0 -> -1
2025-05-13 08:08:49,360 [4fab203c-b5a4-47f8-9680-c8b7d06953a5-groupManagement] INFO  server.RaftServer$Division (RaftServerImpl.java:start(391)) - 4fab203c-b5a4-47f8-9680-c8b7d06953a5@group-2F7D8030D9BB: start as a follower, conf=conf: {index: -1, cur=peers:[4fab203c-b5a4-47f8-9680-c8b7d06953a5|127.0.0.1:15031]|listeners:[], old=null}
2025-05-13 08:08:49,360 [4fab203c-b5a4-47f8-9680-c8b7d06953a5-groupManagement] INFO  server.RaftServer$Division (RaftServerImpl.java:setRole(378)) - 4fab203c-b5a4-47f8-9680-c8b7d06953a5@group-2F7D8030D9BB: changes role from      null to FOLLOWER at term 0 for startAsFollower
2025-05-13 08:08:49,360 [4fab203c-b5a4-47f8-9680-c8b7d06953a5-groupManagement] INFO  impl.RoleInfo (RoleInfo.java:updateAndGet(148)) - 4fab203c-b5a4-47f8-9680-c8b7d06953a5: start 4fab203c-b5a4-47f8-9680-c8b7d06953a5@group-2F7D8030D9BB-FollowerState
2025-05-13 08:08:49,361 [4fab203c-b5a4-47f8-9680-c8b7d06953a5@group-2F7D8030D9BB-FollowerState] INFO  server.RaftServerConfigKeys (ConfUtils.java:logGet(46)) - raft.server.rpc.first-election.timeout.min = 1000ms (custom)
2025-05-13 08:08:49,361 [4fab203c-b5a4-47f8-9680-c8b7d06953a5@group-2F7D8030D9BB-FollowerState] INFO  server.RaftServerConfigKeys (ConfUtils.java:logGet(46)) - raft.server.rpc.first-election.timeout.max = 1200ms (custom)
2025-05-13 08:08:49,361 [4fab203c-b5a4-47f8-9680-c8b7d06953a5-groupManagement] INFO  util.JmxRegister (JmxRegister.java:tryRegister(44)) - Successfully registered JMX Bean with object name Ratis:service=RaftServer,group=group-2F7D8030D9BB,id=4fab203c-b5a4-47f8-9680-c8b7d06953a5
2025-05-13 08:08:49,361 [4fab203c-b5a4-47f8-9680-c8b7d06953a5-groupManagement] INFO  util.JmxRegister (JmxRegister.java:register(58)) - register mxBean class org.apache.ratis.server.impl.RaftServerJmxAdapter as Ratis:service=RaftServer,group=group-2F7D8030D9BB,id=4fab203c-b5a4-47f8-9680-c8b7d06953a5
2025-05-13 08:08:49,361 [4fab203c-b5a4-47f8-9680-c8b7d06953a5-groupManagement] INFO  server.RaftServerConfigKeys (ConfUtils.java:logGet(46)) - raft.server.snapshot.trigger-when-stop.enabled = true (default)
2025-05-13 08:08:49,361 [4fab203c-b5a4-47f8-9680-c8b7d06953a5-groupManagement] INFO  server.RaftServerConfigKeys (ConfUtils.java:logGet(46)) - raft.server.snapshot.trigger-when-remove.enabled = true (default)
2025-05-13 08:08:49,361 [4fab203c-b5a4-47f8-9680-c8b7d06953a5-groupManagement] INFO  server.RaftServerConfigKeys (ConfUtils.java:logGet(46)) - raft.server.snapshot.auto.trigger.enabled = true (custom)
2025-05-13 08:08:49,361 [4fab203c-b5a4-47f8-9680-c8b7d06953a5-groupManagement] INFO  server.RaftServerConfigKeys (ConfUtils.java:logGet(46)) - raft.server.snapshot.auto.trigger.threshold = 100000 (custom)
2025-05-13 08:08:49,362 [4fab203c-b5a4-47f8-9680-c8b7d06953a5-groupManagement] INFO  server.RaftServerConfigKeys (ConfUtils.java:logGet(46)) - raft.server.snapshot.retention.file.num = 5 (custom)
2025-05-13 08:08:49,362 [4fab203c-b5a4-47f8-9680-c8b7d06953a5-groupManagement] INFO  server.RaftServerConfigKeys (ConfUtils.java:logGet(46)) - raft.server.log.purge.upto.snapshot.index = false (default)
2025-05-13 08:08:49,362 [4fab203c-b5a4-47f8-9680-c8b7d06953a5-groupManagement] INFO  server.RaftServer$Division (RaftServerImpl.java:start(405)) - 4fab203c-b5a4-47f8-9680-c8b7d06953a5@group-2F7D8030D9BB: Successfully started.
2025-05-13 08:08:49,363 [4fab203c-b5a4-47f8-9680-c8b7d06953a5-PipelineCommandHandlerThread-0] INFO  ratis.XceiverServerRatis (XceiverServerRatis.java:addGroup(843)) - Created group PipelineID=d31bf8a3-743c-44ee-a08d-2f7d8030d9bb
2025-05-13 08:08:49,363 [4fab203c-b5a4-47f8-9680-c8b7d06953a5-PipelineCommandHandlerThread-0] INFO  commandhandler.CreatePipelineCommandHandler (CreatePipelineCommandHandler.java:lambda$handle$2(128)) - Created Pipeline RATIS ONE PipelineID=d31bf8a3-743c-44ee-a08d-2f7d8030d9bb.
2025-05-13 08:08:49,525 [main] INFO  ozone.MiniOzoneClusterImpl (MiniOzoneClusterImpl.java:lambda$waitForClusterToBeReady$0(191)) - Nodes are ready. Got 5 of 5 DN Heartbeats.
2025-05-13 08:08:49,526 [main] INFO  ozone.MiniOzoneClusterImpl (MiniOzoneClusterImpl.java:lambda$waitForClusterToBeReady$0(194)) - Waiting for cluster to exit safe mode
2025-05-13 08:08:49,526 [main] INFO  ozone.MiniOzoneClusterImpl (MiniOzoneClusterImpl.java:lambda$waitForClusterToBeReady$0(196)) - SCM became leader
2025-05-13 08:08:49,601 [0cacbd4a-5010-47a3-9155-fc9857e0e4f0-PipelineCommandHandlerThread-0] INFO  server.RaftServer (RaftServerProxy.java:addNew(100)) - 0cacbd4a-5010-47a3-9155-fc9857e0e4f0: addNew group-0BC055138327:[0cacbd4a-5010-47a3-9155-fc9857e0e4f0|127.0.0.1:15039] returns group-0BC055138327:java.util.concurrent.CompletableFuture@79657b7f[Not completed]
2025-05-13 08:08:49,602 [0cacbd4a-5010-47a3-9155-fc9857e0e4f0-groupManagement] INFO  server.RaftServer$Division (RaftServerImpl.java:<init>(255)) - 0cacbd4a-5010-47a3-9155-fc9857e0e4f0: new RaftServerImpl for group-0BC055138327:[0cacbd4a-5010-47a3-9155-fc9857e0e4f0|127.0.0.1:15039] with ContainerStateMachine:uninitialized
2025-05-13 08:08:49,602 [0cacbd4a-5010-47a3-9155-fc9857e0e4f0-groupManagement] INFO  server.RaftServerConfigKeys (ConfUtils.java:logGet(46)) - raft.server.rpc.timeout.min = 5s (custom)
2025-05-13 08:08:49,603 [0cacbd4a-5010-47a3-9155-fc9857e0e4f0-groupManagement] INFO  server.RaftServerConfigKeys (ConfUtils.java:logGet(46)) - raft.server.rpc.timeout.max = 5200ms (custom)
2025-05-13 08:08:49,603 [0cacbd4a-5010-47a3-9155-fc9857e0e4f0-groupManagement] INFO  server.RaftServerConfigKeys (ConfUtils.java:logGet(46)) - raft.server.rpc.sleep.time = 25ms (default)
2025-05-13 08:08:49,603 [0cacbd4a-5010-47a3-9155-fc9857e0e4f0-groupManagement] INFO  server.RaftServerConfigKeys (ConfUtils.java:logGet(46)) - raft.server.rpc.slowness.timeout = 300s (custom)
2025-05-13 08:08:49,603 [0cacbd4a-5010-47a3-9155-fc9857e0e4f0-groupManagement] INFO  server.RaftServerConfigKeys (ConfUtils.java:logGet(46)) - raft.server.leaderelection.leader.step-down.wait-time = 10s (default)
2025-05-13 08:08:49,603 [0cacbd4a-5010-47a3-9155-fc9857e0e4f0-groupManagement] INFO  server.RaftServerConfigKeys (ConfUtils.java:logGet(46)) - raft.server.leaderelection.member.majority-add = false (default)
2025-05-13 08:08:49,603 [0cacbd4a-5010-47a3-9155-fc9857e0e4f0-groupManagement] INFO  server.RaftServerConfigKeys (ConfUtils.java:logGet(46)) - raft.server.sleep.deviation.threshold = 300ms (default)
2025-05-13 08:08:49,603 [0cacbd4a-5010-47a3-9155-fc9857e0e4f0-groupManagement] INFO  server.RaftServer$Division (ServerState.java:<init>(114)) - 0cacbd4a-5010-47a3-9155-fc9857e0e4f0@group-0BC055138327: ConfigurationManager, init=conf: {index: -1, cur=peers:[0cacbd4a-5010-47a3-9155-fc9857e0e4f0|127.0.0.1:15039]|listeners:[], old=null}, confs=<EMPTY_MAP>
2025-05-13 08:08:49,603 [0cacbd4a-5010-47a3-9155-fc9857e0e4f0-groupManagement] INFO  server.RaftServerConfigKeys (ConfUtils.java:logGet(46)) - raft.server.notification.no-leader.timeout = 300s (custom)
2025-05-13 08:08:49,603 [0cacbd4a-5010-47a3-9155-fc9857e0e4f0-groupManagement] INFO  server.RaftServerConfigKeys (ConfUtils.java:logGet(46)) - raft.server.read.timeout = 10s (default)
2025-05-13 08:08:49,603 [0cacbd4a-5010-47a3-9155-fc9857e0e4f0-groupManagement] INFO  server.RaftServerConfigKeys (ConfUtils.java:logGet(46)) - raft.server.retrycache.expirytime = 600000ms (custom)
2025-05-13 08:08:49,603 [0cacbd4a-5010-47a3-9155-fc9857e0e4f0-groupManagement] INFO  server.RaftServerConfigKeys (ConfUtils.java:logGet(46)) - raft.server.retrycache.statistics.expirytime = 100ms (default)
2025-05-13 08:08:49,603 [0cacbd4a-5010-47a3-9155-fc9857e0e4f0-groupManagement] INFO  server.RaftServerConfigKeys (ConfUtils.java:logGet(46)) - raft.server.read.option = DEFAULT (default)
2025-05-13 08:08:49,603 [0cacbd4a-5010-47a3-9155-fc9857e0e4f0-groupManagement] INFO  server.RaftServerConfigKeys (ConfUtils.java:logGet(46)) - raft.server.read.read-after-write-consistent.write-index-cache.expiry-time = 60s (default)
2025-05-13 08:08:49,607 [0cacbd4a-5010-47a3-9155-fc9857e0e4f0-groupManagement] INFO  server.RaftServerConfigKeys (ConfUtils.java:logGet(46)) - raft.server.rpc.request.timeout = 60s (custom)
2025-05-13 08:08:49,607 [0cacbd4a-5010-47a3-9155-fc9857e0e4f0-groupManagement] INFO  server.RaftServerConfigKeys (ConfUtils.java:logGet(46)) - raft.server.log.appender.install.snapshot.enabled = false (custom)
2025-05-13 08:08:49,607 [0cacbd4a-5010-47a3-9155-fc9857e0e4f0-groupManagement] INFO  server.RaftServerConfigKeys (ConfUtils.java:logGet(46)) - raft.server.threadpool.server.cached = true (default)
2025-05-13 08:08:49,607 [0cacbd4a-5010-47a3-9155-fc9857e0e4f0-groupManagement] INFO  server.RaftServerConfigKeys (ConfUtils.java:logGet(46)) - raft.server.threadpool.server.size = 0 (default)
2025-05-13 08:08:49,607 [0cacbd4a-5010-47a3-9155-fc9857e0e4f0-groupManagement] INFO  server.RaftServerConfigKeys (ConfUtils.java:logGet(46)) - raft.server.threadpool.client.cached = true (default)
2025-05-13 08:08:49,607 [0cacbd4a-5010-47a3-9155-fc9857e0e4f0-groupManagement] INFO  server.RaftServerConfigKeys (ConfUtils.java:logGet(46)) - raft.server.threadpool.client.size = 0 (default)
2025-05-13 08:08:49,607 [0cacbd4a-5010-47a3-9155-fc9857e0e4f0-groupManagement] INFO  server.RaftServerConfigKeys (ConfUtils.java:logGet(46)) - raft.server.storage.free-space.min = 0MB (=0) (default)
2025-05-13 08:08:49,607 [0cacbd4a-5010-47a3-9155-fc9857e0e4f0-groupManagement] INFO  server.RaftServerConfigKeys (ConfUtils.java:logGet(46)) - raft.server.log.corruption.policy = EXCEPTION (default)
2025-05-13 08:08:49,608 [0cacbd4a-5010-47a3-9155-fc9857e0e4f0-groupManagement] INFO  server.RaftServerConfigKeys (ConfUtils.java:logGet(46)) - raft.server.storage.dir = [/home/runner/work/ozone/ozone/hadoop-ozone/integration-test-s3/target/test-dir/MiniOzoneClusterImpl-51e975e3-87ca-4f9c-b22e-f289b69b5230/ozone-meta/datanode-4/ratis] (custom)
2025-05-13 08:08:49,608 [0cacbd4a-5010-47a3-9155-fc9857e0e4f0-groupManagement] INFO  storage.RaftStorageDirectory (RaftStorageDirectoryImpl.java:analyzeStorage(138)) - The storage directory /home/runner/work/ozone/ozone/hadoop-ozone/integration-test-s3/target/test-dir/MiniOzoneClusterImpl-51e975e3-87ca-4f9c-b22e-f289b69b5230/ozone-meta/datanode-4/ratis/9672ac3a-8b32-4112-b5e6-0bc055138327 does not exist. Creating ...
2025-05-13 08:08:49,609 [0cacbd4a-5010-47a3-9155-fc9857e0e4f0-groupManagement] INFO  storage.RaftStorageDirectory (RaftStorageDirectoryImpl.java:tryLock(229)) - Lock on /home/runner/work/ozone/ozone/hadoop-ozone/integration-test-s3/target/test-dir/MiniOzoneClusterImpl-51e975e3-87ca-4f9c-b22e-f289b69b5230/ozone-meta/datanode-4/ratis/9672ac3a-8b32-4112-b5e6-0bc055138327/in_use.lock acquired by nodename 74288@pkrvmberfyhpb9w
2025-05-13 08:08:49,610 [0cacbd4a-5010-47a3-9155-fc9857e0e4f0-groupManagement] INFO  storage.RaftStorage (RaftStorageImpl.java:format(98)) - Storage directory /home/runner/work/ozone/ozone/hadoop-ozone/integration-test-s3/target/test-dir/MiniOzoneClusterImpl-51e975e3-87ca-4f9c-b22e-f289b69b5230/ozone-meta/datanode-4/ratis/9672ac3a-8b32-4112-b5e6-0bc055138327 has been successfully formatted.
2025-05-13 08:08:49,610 [0cacbd4a-5010-47a3-9155-fc9857e0e4f0-groupManagement] INFO  ratis.ContainerStateMachine (ContainerStateMachine.java:initialize(339)) - 0cacbd4a-5010-47a3-9155-fc9857e0e4f0: initialize group-0BC055138327
2025-05-13 08:08:49,610 [0cacbd4a-5010-47a3-9155-fc9857e0e4f0-groupManagement] INFO  ratis.ContainerStateMachine (ContainerStateMachine.java:loadSnapshot(347)) - group-0BC055138327: The snapshot info is null. Setting the last applied index to:(t:0, i:~)
2025-05-13 08:08:49,611 [0cacbd4a-5010-47a3-9155-fc9857e0e4f0-groupManagement] INFO  server.RaftServerConfigKeys (ConfUtils.java:logGet(46)) - raft.server.log.use.memory = false (default)
2025-05-13 08:08:49,611 [0cacbd4a-5010-47a3-9155-fc9857e0e4f0-groupManagement] INFO  server.RaftServerConfigKeys (ConfUtils.java:logGet(46)) - raft.server.log.purge.gap = 1000000 (custom)
2025-05-13 08:08:49,611 [0cacbd4a-5010-47a3-9155-fc9857e0e4f0-groupManagement] INFO  server.RaftServerConfigKeys (ConfUtils.java:logGet(46)) - raft.server.log.appender.buffer.byte-limit = 33554432 (custom)
2025-05-13 08:08:49,611 [0cacbd4a-5010-47a3-9155-fc9857e0e4f0-groupManagement] INFO  server.RaftServerConfigKeys (ConfUtils.java:logGet(46)) - raft.server.log.statemachine.data.read.timeout = 1000ms (default)
2025-05-13 08:08:49,611 [0cacbd4a-5010-47a3-9155-fc9857e0e4f0-groupManagement] INFO  server.RaftServerConfigKeys (ConfUtils.java:logGet(46)) - raft.server.log.purge.preservation.log.num = 0 (default)
2025-05-13 08:08:49,613 [EventQueue-PipelineReportForOneReplicaPipelineSafeModeRule] INFO  safemode.SCMSafeModeManager (SCMSafeModeManager.java:validateSafeModeExitRules(140)) - AtleastOneDatanodeReportedRule rule is successfully validated
2025-05-13 08:08:49,613 [0cacbd4a-5010-47a3-9155-fc9857e0e4f0-groupManagement] INFO  server.RaftServerConfigKeys (ConfUtils.java:logGet(46)) - raft.server.log.segment.size.max = 67108864 (custom)
2025-05-13 08:08:49,614 [0cacbd4a-5010-47a3-9155-fc9857e0e4f0-groupManagement] INFO  server.RaftServerConfigKeys (ConfUtils.java:logGet(46)) - raft.server.log.segment.cache.num.max = 2 (custom)
2025-05-13 08:08:49,614 [0cacbd4a-5010-47a3-9155-fc9857e0e4f0-groupManagement] INFO  server.RaftServerConfigKeys (ConfUtils.java:logGet(46)) - raft.server.log.segment.cache.size.max = 200MB (=209715200) (default)
2025-05-13 08:08:49,614 [0cacbd4a-5010-47a3-9155-fc9857e0e4f0-groupManagement] INFO  server.RaftServerConfigKeys (ConfUtils.java:logGet(46)) - raft.server.log.appender.buffer.byte-limit = 33554432 (custom)
2025-05-13 08:08:49,614 [0cacbd4a-5010-47a3-9155-fc9857e0e4f0-groupManagement] INFO  util.AwaitToRun (AwaitToRun.java:start(81)) - Thread[#984,0cacbd4a-5010-47a3-9155-fc9857e0e4f0@group-0BC055138327-cacheEviction-AwaitToRun,5,main] started
2025-05-13 08:08:49,614 [0cacbd4a-5010-47a3-9155-fc9857e0e4f0-groupManagement] INFO  segmented.SegmentedRaftLogWorker (SegmentedRaftLogWorker.java:<init>(188)) - new 0cacbd4a-5010-47a3-9155-fc9857e0e4f0@group-0BC055138327-SegmentedRaftLogWorker for RaftStorageImpl:Storage Directory /home/runner/work/ozone/ozone/hadoop-ozone/integration-test-s3/target/test-dir/MiniOzoneClusterImpl-51e975e3-87ca-4f9c-b22e-f289b69b5230/ozone-meta/datanode-4/ratis/9672ac3a-8b32-4112-b5e6-0bc055138327
2025-05-13 08:08:49,614 [0cacbd4a-5010-47a3-9155-fc9857e0e4f0-groupManagement] INFO  server.RaftServerConfigKeys (ConfUtils.java:logGet(46)) - raft.server.log.queue.byte-limit = 4294967296 (custom)
2025-05-13 08:08:49,614 [0cacbd4a-5010-47a3-9155-fc9857e0e4f0-groupManagement] INFO  server.RaftServerConfigKeys (ConfUtils.java:logGet(46)) - raft.server.log.queue.element-limit = 1024 (custom)
2025-05-13 08:08:49,614 [0cacbd4a-5010-47a3-9155-fc9857e0e4f0-groupManagement] INFO  server.RaftServerConfigKeys (ConfUtils.java:logGet(46)) - raft.server.log.segment.size.max = 67108864 (custom)
2025-05-13 08:08:49,614 [0cacbd4a-5010-47a3-9155-fc9857e0e4f0-groupManagement] INFO  server.RaftServerConfigKeys (ConfUtils.java:logGet(46)) - raft.server.log.preallocated.size = 4194304 (custom)
2025-05-13 08:08:49,614 [0cacbd4a-5010-47a3-9155-fc9857e0e4f0-groupManagement] INFO  server.RaftServerConfigKeys (ConfUtils.java:logGet(46)) - raft.server.log.force.sync.num = 128 (default)
2025-05-13 08:08:49,615 [0cacbd4a-5010-47a3-9155-fc9857e0e4f0-groupManagement] INFO  server.RaftServerConfigKeys (ConfUtils.java:logGet(46)) - raft.server.log.statemachine.data.sync = true (default)
2025-05-13 08:08:49,615 [0cacbd4a-5010-47a3-9155-fc9857e0e4f0-groupManagement] INFO  server.RaftServerConfigKeys (ConfUtils.java:logGet(46)) - raft.server.log.statemachine.data.sync.timeout = 10s (default)
2025-05-13 08:08:49,615 [0cacbd4a-5010-47a3-9155-fc9857e0e4f0-groupManagement] INFO  server.RaftServerConfigKeys (ConfUtils.java:logGet(46)) - raft.server.log.statemachine.data.sync.timeout.retry = 30 (custom)
2025-05-13 08:08:49,615 [0cacbd4a-5010-47a3-9155-fc9857e0e4f0-groupManagement] INFO  server.RaftServerConfigKeys (ConfUtils.java:logGet(46)) - raft.server.log.write.buffer.size = 33554440 (custom)
2025-05-13 08:08:49,616 [c3acf90a-cae3-4912-9a93-76f770441a06@group-F289B69B5230-StateMachineUpdater] INFO  safemode.SCMSafeModeManager (SCMSafeModeManager.java:validateSafeModeExitRules(140)) - DataNodeSafeModeRule rule is successfully validated
2025-05-13 08:08:49,616 [c3acf90a-cae3-4912-9a93-76f770441a06@group-F289B69B5230-StateMachineUpdater] INFO  safemode.SCMSafeModeManager (SCMSafeModeManager.java:validateSafeModeExitRules(140)) - RatisContainerSafeModeRule rule is successfully validated
2025-05-13 08:08:49,616 [c3acf90a-cae3-4912-9a93-76f770441a06@group-F289B69B5230-StateMachineUpdater] INFO  safemode.HealthyPipelineSafeModeRule (HealthyPipelineSafeModeRule.java:initializeRule(173)) - Refreshed total pipeline count is 0, healthy pipeline threshold count is 1
2025-05-13 08:08:49,616 [c3acf90a-cae3-4912-9a93-76f770441a06@group-F289B69B5230-StateMachineUpdater] INFO  safemode.SCMSafeModeManager (SCMSafeModeManager.java:validateSafeModeExitRules(140)) - ECContainerSafeModeRule rule is successfully validated
2025-05-13 08:08:49,616 [c3acf90a-cae3-4912-9a93-76f770441a06@group-F289B69B5230-StateMachineUpdater] INFO  safemode.SCMSafeModeManager (SCMSafeModeManager.java:validateSafeModeExitRules(140)) - AtleastOneDatanodeReportedRule rule is successfully validated
2025-05-13 08:08:49,616 [EventQueue-PipelineReportForPipelineReportHandler] INFO  pipeline.PipelineReportHandler (PipelineReportHandler.java:processPipelineReport(134)) - Opened pipeline PipelineID=9672ac3a-8b32-4112-b5e6-0bc055138327
2025-05-13 08:08:49,617 [EventQueue-OpenPipelineForHealthyPipelineSafeModeRule] INFO  safemode.SCMSafeModeManager (HealthyPipelineSafeModeRule.java:process(141)) - SCM in safe mode. Healthy pipelines reported count is 0, required healthy pipeline reported count is 1
2025-05-13 08:08:49,622 [0cacbd4a-5010-47a3-9155-fc9857e0e4f0-groupManagement] INFO  server.RaftServerConfigKeys (ConfUtils.java:logGet(46)) - raft.server.log.appender.buffer.byte-limit = 33554432 (custom)
2025-05-13 08:08:49,622 [0cacbd4a-5010-47a3-9155-fc9857e0e4f0-groupManagement] INFO  server.RaftServerConfigKeys (ConfUtils.java:logGet(46)) - raft.server.log.unsafe-flush.enabled = false (default)
2025-05-13 08:08:49,622 [0cacbd4a-5010-47a3-9155-fc9857e0e4f0-groupManagement] INFO  server.RaftServerConfigKeys (ConfUtils.java:logGet(46)) - raft.server.log.async-flush.enabled = false (default)
2025-05-13 08:08:49,622 [0cacbd4a-5010-47a3-9155-fc9857e0e4f0-groupManagement] INFO  server.RaftServerConfigKeys (ConfUtils.java:logGet(46)) - raft.server.log.statemachine.data.caching.enabled = true (custom)
2025-05-13 08:08:49,623 [0cacbd4a-5010-47a3-9155-fc9857e0e4f0-groupManagement] INFO  segmented.SegmentedRaftLogWorker (SegmentedRaftLogWorker.java:lambda$new$0(139)) - 0cacbd4a-5010-47a3-9155-fc9857e0e4f0@group-0BC055138327-SegmentedRaftLogWorker: flushIndex: setUnconditionally 0 -> -1
2025-05-13 08:08:49,623 [0cacbd4a-5010-47a3-9155-fc9857e0e4f0-groupManagement] INFO  segmented.SegmentedRaftLogWorker (SegmentedRaftLogWorker.java:lambda$new$0(139)) - 0cacbd4a-5010-47a3-9155-fc9857e0e4f0@group-0BC055138327-SegmentedRaftLogWorker: safeCacheEvictIndex: setUnconditionally 0 -> -1
2025-05-13 08:08:49,623 [0cacbd4a-5010-47a3-9155-fc9857e0e4f0-groupManagement] INFO  server.RaftServer$Division (RaftServerImpl.java:start(391)) - 0cacbd4a-5010-47a3-9155-fc9857e0e4f0@group-0BC055138327: start as a follower, conf=conf: {index: -1, cur=peers:[0cacbd4a-5010-47a3-9155-fc9857e0e4f0|127.0.0.1:15039]|listeners:[], old=null}
2025-05-13 08:08:49,623 [0cacbd4a-5010-47a3-9155-fc9857e0e4f0-groupManagement] INFO  server.RaftServer$Division (RaftServerImpl.java:setRole(378)) - 0cacbd4a-5010-47a3-9155-fc9857e0e4f0@group-0BC055138327: changes role from      null to FOLLOWER at term 0 for startAsFollower
2025-05-13 08:08:49,623 [0cacbd4a-5010-47a3-9155-fc9857e0e4f0-groupManagement] INFO  impl.RoleInfo (RoleInfo.java:updateAndGet(148)) - 0cacbd4a-5010-47a3-9155-fc9857e0e4f0: start 0cacbd4a-5010-47a3-9155-fc9857e0e4f0@group-0BC055138327-FollowerState
2025-05-13 08:08:49,624 [0cacbd4a-5010-47a3-9155-fc9857e0e4f0@group-0BC055138327-FollowerState] INFO  server.RaftServerConfigKeys (ConfUtils.java:logGet(46)) - raft.server.rpc.first-election.timeout.min = 1000ms (custom)
2025-05-13 08:08:49,624 [0cacbd4a-5010-47a3-9155-fc9857e0e4f0@group-0BC055138327-FollowerState] INFO  server.RaftServerConfigKeys (ConfUtils.java:logGet(46)) - raft.server.rpc.first-election.timeout.max = 1200ms (custom)
2025-05-13 08:08:49,624 [0cacbd4a-5010-47a3-9155-fc9857e0e4f0-groupManagement] INFO  util.JmxRegister (JmxRegister.java:tryRegister(44)) - Successfully registered JMX Bean with object name Ratis:service=RaftServer,group=group-0BC055138327,id=0cacbd4a-5010-47a3-9155-fc9857e0e4f0
2025-05-13 08:08:49,624 [0cacbd4a-5010-47a3-9155-fc9857e0e4f0-groupManagement] INFO  util.JmxRegister (JmxRegister.java:register(58)) - register mxBean class org.apache.ratis.server.impl.RaftServerJmxAdapter as Ratis:service=RaftServer,group=group-0BC055138327,id=0cacbd4a-5010-47a3-9155-fc9857e0e4f0
2025-05-13 08:08:49,624 [0cacbd4a-5010-47a3-9155-fc9857e0e4f0-groupManagement] INFO  server.RaftServerConfigKeys (ConfUtils.java:logGet(46)) - raft.server.snapshot.trigger-when-stop.enabled = true (default)
2025-05-13 08:08:49,624 [0cacbd4a-5010-47a3-9155-fc9857e0e4f0-groupManagement] INFO  server.RaftServerConfigKeys (ConfUtils.java:logGet(46)) - raft.server.snapshot.trigger-when-remove.enabled = true (default)
2025-05-13 08:08:49,624 [0cacbd4a-5010-47a3-9155-fc9857e0e4f0-groupManagement] INFO  server.RaftServerConfigKeys (ConfUtils.java:logGet(46)) - raft.server.snapshot.auto.trigger.enabled = true (custom)
2025-05-13 08:08:49,624 [0cacbd4a-5010-47a3-9155-fc9857e0e4f0-groupManagement] INFO  server.RaftServerConfigKeys (ConfUtils.java:logGet(46)) - raft.server.snapshot.auto.trigger.threshold = 100000 (custom)
2025-05-13 08:08:49,624 [0cacbd4a-5010-47a3-9155-fc9857e0e4f0-groupManagement] INFO  server.RaftServerConfigKeys (ConfUtils.java:logGet(46)) - raft.server.snapshot.retention.file.num = 5 (custom)
2025-05-13 08:08:49,624 [0cacbd4a-5010-47a3-9155-fc9857e0e4f0-groupManagement] INFO  server.RaftServerConfigKeys (ConfUtils.java:logGet(46)) - raft.server.log.purge.upto.snapshot.index = false (default)
2025-05-13 08:08:49,625 [0cacbd4a-5010-47a3-9155-fc9857e0e4f0-groupManagement] INFO  server.RaftServer$Division (RaftServerImpl.java:start(405)) - 0cacbd4a-5010-47a3-9155-fc9857e0e4f0@group-0BC055138327: Successfully started.
2025-05-13 08:08:49,626 [0cacbd4a-5010-47a3-9155-fc9857e0e4f0-PipelineCommandHandlerThread-0] INFO  ratis.XceiverServerRatis (XceiverServerRatis.java:addGroup(843)) - Created group PipelineID=9672ac3a-8b32-4112-b5e6-0bc055138327
2025-05-13 08:08:49,626 [0cacbd4a-5010-47a3-9155-fc9857e0e4f0-PipelineCommandHandlerThread-0] INFO  commandhandler.CreatePipelineCommandHandler (CreatePipelineCommandHandler.java:lambda$handle$2(128)) - Created Pipeline RATIS ONE PipelineID=9672ac3a-8b32-4112-b5e6-0bc055138327.
2025-05-13 08:08:49,834 [9d757f8d-7764-4ec4-a5e9-2e6ef5bbd552-PipelineCommandHandlerThread-0] INFO  server.RaftServer (RaftServerProxy.java:addNew(100)) - 9d757f8d-7764-4ec4-a5e9-2e6ef5bbd552: addNew group-7D6745A3166B:[9d757f8d-7764-4ec4-a5e9-2e6ef5bbd552|127.0.0.1:15047] returns group-7D6745A3166B:java.util.concurrent.CompletableFuture@6cf91be5[Not completed]
2025-05-13 08:08:49,835 [9d757f8d-7764-4ec4-a5e9-2e6ef5bbd552-groupManagement] INFO  server.RaftServer$Division (RaftServerImpl.java:<init>(255)) - 9d757f8d-7764-4ec4-a5e9-2e6ef5bbd552: new RaftServerImpl for group-7D6745A3166B:[9d757f8d-7764-4ec4-a5e9-2e6ef5bbd552|127.0.0.1:15047] with ContainerStateMachine:uninitialized
2025-05-13 08:08:49,835 [9d757f8d-7764-4ec4-a5e9-2e6ef5bbd552-groupManagement] INFO  server.RaftServerConfigKeys (ConfUtils.java:logGet(46)) - raft.server.rpc.timeout.min = 5s (custom)
2025-05-13 08:08:49,836 [9d757f8d-7764-4ec4-a5e9-2e6ef5bbd552-groupManagement] INFO  server.RaftServerConfigKeys (ConfUtils.java:logGet(46)) - raft.server.rpc.timeout.max = 5200ms (custom)
2025-05-13 08:08:49,836 [9d757f8d-7764-4ec4-a5e9-2e6ef5bbd552-groupManagement] INFO  server.RaftServerConfigKeys (ConfUtils.java:logGet(46)) - raft.server.rpc.sleep.time = 25ms (default)
2025-05-13 08:08:49,836 [9d757f8d-7764-4ec4-a5e9-2e6ef5bbd552-groupManagement] INFO  server.RaftServerConfigKeys (ConfUtils.java:logGet(46)) - raft.server.rpc.slowness.timeout = 300s (custom)
2025-05-13 08:08:49,836 [9d757f8d-7764-4ec4-a5e9-2e6ef5bbd552-groupManagement] INFO  server.RaftServerConfigKeys (ConfUtils.java:logGet(46)) - raft.server.leaderelection.leader.step-down.wait-time = 10s (default)
2025-05-13 08:08:49,836 [9d757f8d-7764-4ec4-a5e9-2e6ef5bbd552-groupManagement] INFO  server.RaftServerConfigKeys (ConfUtils.java:logGet(46)) - raft.server.leaderelection.member.majority-add = false (default)
2025-05-13 08:08:49,836 [9d757f8d-7764-4ec4-a5e9-2e6ef5bbd552-groupManagement] INFO  server.RaftServerConfigKeys (ConfUtils.java:logGet(46)) - raft.server.sleep.deviation.threshold = 300ms (default)
2025-05-13 08:08:49,836 [9d757f8d-7764-4ec4-a5e9-2e6ef5bbd552-groupManagement] INFO  server.RaftServer$Division (ServerState.java:<init>(114)) - 9d757f8d-7764-4ec4-a5e9-2e6ef5bbd552@group-7D6745A3166B: ConfigurationManager, init=conf: {index: -1, cur=peers:[9d757f8d-7764-4ec4-a5e9-2e6ef5bbd552|127.0.0.1:15047]|listeners:[], old=null}, confs=<EMPTY_MAP>
2025-05-13 08:08:49,836 [9d757f8d-7764-4ec4-a5e9-2e6ef5bbd552-groupManagement] INFO  server.RaftServerConfigKeys (ConfUtils.java:logGet(46)) - raft.server.notification.no-leader.timeout = 300s (custom)
2025-05-13 08:08:49,836 [9d757f8d-7764-4ec4-a5e9-2e6ef5bbd552-groupManagement] INFO  server.RaftServerConfigKeys (ConfUtils.java:logGet(46)) - raft.server.read.timeout = 10s (default)
2025-05-13 08:08:49,836 [9d757f8d-7764-4ec4-a5e9-2e6ef5bbd552-groupManagement] INFO  server.RaftServerConfigKeys (ConfUtils.java:logGet(46)) - raft.server.retrycache.expirytime = 600000ms (custom)
2025-05-13 08:08:49,836 [9d757f8d-7764-4ec4-a5e9-2e6ef5bbd552-groupManagement] INFO  server.RaftServerConfigKeys (ConfUtils.java:logGet(46)) - raft.server.retrycache.statistics.expirytime = 100ms (default)
2025-05-13 08:08:49,836 [9d757f8d-7764-4ec4-a5e9-2e6ef5bbd552-groupManagement] INFO  server.RaftServerConfigKeys (ConfUtils.java:logGet(46)) - raft.server.read.option = DEFAULT (default)
2025-05-13 08:08:49,836 [9d757f8d-7764-4ec4-a5e9-2e6ef5bbd552-groupManagement] INFO  server.RaftServerConfigKeys (ConfUtils.java:logGet(46)) - raft.server.read.read-after-write-consistent.write-index-cache.expiry-time = 60s (default)
2025-05-13 08:08:49,841 [9d757f8d-7764-4ec4-a5e9-2e6ef5bbd552-groupManagement] INFO  server.RaftServerConfigKeys (ConfUtils.java:logGet(46)) - raft.server.rpc.request.timeout = 60s (custom)
2025-05-13 08:08:49,841 [9d757f8d-7764-4ec4-a5e9-2e6ef5bbd552-groupManagement] INFO  server.RaftServerConfigKeys (ConfUtils.java:logGet(46)) - raft.server.log.appender.install.snapshot.enabled = false (custom)
2025-05-13 08:08:49,841 [9d757f8d-7764-4ec4-a5e9-2e6ef5bbd552-groupManagement] INFO  server.RaftServerConfigKeys (ConfUtils.java:logGet(46)) - raft.server.threadpool.server.cached = true (default)
2025-05-13 08:08:49,841 [9d757f8d-7764-4ec4-a5e9-2e6ef5bbd552-groupManagement] INFO  server.RaftServerConfigKeys (ConfUtils.java:logGet(46)) - raft.server.threadpool.server.size = 0 (default)
2025-05-13 08:08:49,841 [9d757f8d-7764-4ec4-a5e9-2e6ef5bbd552-groupManagement] INFO  server.RaftServerConfigKeys (ConfUtils.java:logGet(46)) - raft.server.threadpool.client.cached = true (default)
2025-05-13 08:08:49,841 [9d757f8d-7764-4ec4-a5e9-2e6ef5bbd552-groupManagement] INFO  server.RaftServerConfigKeys (ConfUtils.java:logGet(46)) - raft.server.threadpool.client.size = 0 (default)
2025-05-13 08:08:49,841 [9d757f8d-7764-4ec4-a5e9-2e6ef5bbd552-groupManagement] INFO  server.RaftServerConfigKeys (ConfUtils.java:logGet(46)) - raft.server.storage.free-space.min = 0MB (=0) (default)
2025-05-13 08:08:49,841 [9d757f8d-7764-4ec4-a5e9-2e6ef5bbd552-groupManagement] INFO  server.RaftServerConfigKeys (ConfUtils.java:logGet(46)) - raft.server.log.corruption.policy = EXCEPTION (default)
2025-05-13 08:08:49,841 [9d757f8d-7764-4ec4-a5e9-2e6ef5bbd552-groupManagement] INFO  server.RaftServerConfigKeys (ConfUtils.java:logGet(46)) - raft.server.storage.dir = [/home/runner/work/ozone/ozone/hadoop-ozone/integration-test-s3/target/test-dir/MiniOzoneClusterImpl-51e975e3-87ca-4f9c-b22e-f289b69b5230/ozone-meta/datanode-5/ratis] (custom)
2025-05-13 08:08:49,842 [9d757f8d-7764-4ec4-a5e9-2e6ef5bbd552-groupManagement] INFO  storage.RaftStorageDirectory (RaftStorageDirectoryImpl.java:analyzeStorage(138)) - The storage directory /home/runner/work/ozone/ozone/hadoop-ozone/integration-test-s3/target/test-dir/MiniOzoneClusterImpl-51e975e3-87ca-4f9c-b22e-f289b69b5230/ozone-meta/datanode-5/ratis/e3e7ea0f-7641-4247-929f-7d6745a3166b does not exist. Creating ...
2025-05-13 08:08:49,844 [9d757f8d-7764-4ec4-a5e9-2e6ef5bbd552-groupManagement] INFO  storage.RaftStorageDirectory (RaftStorageDirectoryImpl.java:tryLock(229)) - Lock on /home/runner/work/ozone/ozone/hadoop-ozone/integration-test-s3/target/test-dir/MiniOzoneClusterImpl-51e975e3-87ca-4f9c-b22e-f289b69b5230/ozone-meta/datanode-5/ratis/e3e7ea0f-7641-4247-929f-7d6745a3166b/in_use.lock acquired by nodename 74288@pkrvmberfyhpb9w
2025-05-13 08:08:49,845 [9d757f8d-7764-4ec4-a5e9-2e6ef5bbd552-groupManagement] INFO  storage.RaftStorage (RaftStorageImpl.java:format(98)) - Storage directory /home/runner/work/ozone/ozone/hadoop-ozone/integration-test-s3/target/test-dir/MiniOzoneClusterImpl-51e975e3-87ca-4f9c-b22e-f289b69b5230/ozone-meta/datanode-5/ratis/e3e7ea0f-7641-4247-929f-7d6745a3166b has been successfully formatted.
2025-05-13 08:08:49,846 [9d757f8d-7764-4ec4-a5e9-2e6ef5bbd552-groupManagement] INFO  ratis.ContainerStateMachine (ContainerStateMachine.java:initialize(339)) - 9d757f8d-7764-4ec4-a5e9-2e6ef5bbd552: initialize group-7D6745A3166B
2025-05-13 08:08:49,846 [9d757f8d-7764-4ec4-a5e9-2e6ef5bbd552-groupManagement] INFO  ratis.ContainerStateMachine (ContainerStateMachine.java:loadSnapshot(347)) - group-7D6745A3166B: The snapshot info is null. Setting the last applied index to:(t:0, i:~)
2025-05-13 08:08:49,847 [9d757f8d-7764-4ec4-a5e9-2e6ef5bbd552-groupManagement] INFO  server.RaftServerConfigKeys (ConfUtils.java:logGet(46)) - raft.server.log.use.memory = false (default)
2025-05-13 08:08:49,847 [9d757f8d-7764-4ec4-a5e9-2e6ef5bbd552-groupManagement] INFO  server.RaftServerConfigKeys (ConfUtils.java:logGet(46)) - raft.server.log.purge.gap = 1000000 (custom)
2025-05-13 08:08:49,848 [9d757f8d-7764-4ec4-a5e9-2e6ef5bbd552-groupManagement] INFO  server.RaftServerConfigKeys (ConfUtils.java:logGet(46)) - raft.server.log.appender.buffer.byte-limit = 33554432 (custom)
2025-05-13 08:08:49,848 [9d757f8d-7764-4ec4-a5e9-2e6ef5bbd552-groupManagement] INFO  server.RaftServerConfigKeys (ConfUtils.java:logGet(46)) - raft.server.log.statemachine.data.read.timeout = 1000ms (default)
2025-05-13 08:08:49,848 [9d757f8d-7764-4ec4-a5e9-2e6ef5bbd552-groupManagement] INFO  server.RaftServerConfigKeys (ConfUtils.java:logGet(46)) - raft.server.log.purge.preservation.log.num = 0 (default)
2025-05-13 08:08:49,851 [9d757f8d-7764-4ec4-a5e9-2e6ef5bbd552-groupManagement] INFO  server.RaftServerConfigKeys (ConfUtils.java:logGet(46)) - raft.server.log.segment.size.max = 67108864 (custom)
2025-05-13 08:08:49,852 [9d757f8d-7764-4ec4-a5e9-2e6ef5bbd552-groupManagement] INFO  server.RaftServerConfigKeys (ConfUtils.java:logGet(46)) - raft.server.log.segment.cache.num.max = 2 (custom)
2025-05-13 08:08:49,852 [9d757f8d-7764-4ec4-a5e9-2e6ef5bbd552-groupManagement] INFO  server.RaftServerConfigKeys (ConfUtils.java:logGet(46)) - raft.server.log.segment.cache.size.max = 200MB (=209715200) (default)
2025-05-13 08:08:49,852 [9d757f8d-7764-4ec4-a5e9-2e6ef5bbd552-groupManagement] INFO  server.RaftServerConfigKeys (ConfUtils.java:logGet(46)) - raft.server.log.appender.buffer.byte-limit = 33554432 (custom)
2025-05-13 08:08:49,853 [EventQueue-PipelineReportForOneReplicaPipelineSafeModeRule] INFO  safemode.SCMSafeModeManager (SCMSafeModeManager.java:validateSafeModeExitRules(140)) - AtleastOneDatanodeReportedRule rule is successfully validated
2025-05-13 08:08:49,853 [9d757f8d-7764-4ec4-a5e9-2e6ef5bbd552-groupManagement] INFO  util.AwaitToRun (AwaitToRun.java:start(81)) - Thread[#990,9d757f8d-7764-4ec4-a5e9-2e6ef5bbd552@group-7D6745A3166B-cacheEviction-AwaitToRun,5,main] started
2025-05-13 08:08:49,853 [9d757f8d-7764-4ec4-a5e9-2e6ef5bbd552-groupManagement] INFO  segmented.SegmentedRaftLogWorker (SegmentedRaftLogWorker.java:<init>(188)) - new 9d757f8d-7764-4ec4-a5e9-2e6ef5bbd552@group-7D6745A3166B-SegmentedRaftLogWorker for RaftStorageImpl:Storage Directory /home/runner/work/ozone/ozone/hadoop-ozone/integration-test-s3/target/test-dir/MiniOzoneClusterImpl-51e975e3-87ca-4f9c-b22e-f289b69b5230/ozone-meta/datanode-5/ratis/e3e7ea0f-7641-4247-929f-7d6745a3166b
2025-05-13 08:08:49,854 [9d757f8d-7764-4ec4-a5e9-2e6ef5bbd552-groupManagement] INFO  server.RaftServerConfigKeys (ConfUtils.java:logGet(46)) - raft.server.log.queue.byte-limit = 4294967296 (custom)
2025-05-13 08:08:49,854 [9d757f8d-7764-4ec4-a5e9-2e6ef5bbd552-groupManagement] INFO  server.RaftServerConfigKeys (ConfUtils.java:logGet(46)) - raft.server.log.queue.element-limit = 1024 (custom)
2025-05-13 08:08:49,854 [9d757f8d-7764-4ec4-a5e9-2e6ef5bbd552-groupManagement] INFO  server.RaftServerConfigKeys (ConfUtils.java:logGet(46)) - raft.server.log.segment.size.max = 67108864 (custom)
2025-05-13 08:08:49,854 [9d757f8d-7764-4ec4-a5e9-2e6ef5bbd552-groupManagement] INFO  server.RaftServerConfigKeys (ConfUtils.java:logGet(46)) - raft.server.log.preallocated.size = 4194304 (custom)
2025-05-13 08:08:49,854 [9d757f8d-7764-4ec4-a5e9-2e6ef5bbd552-groupManagement] INFO  server.RaftServerConfigKeys (ConfUtils.java:logGet(46)) - raft.server.log.force.sync.num = 128 (default)
2025-05-13 08:08:49,854 [9d757f8d-7764-4ec4-a5e9-2e6ef5bbd552-groupManagement] INFO  server.RaftServerConfigKeys (ConfUtils.java:logGet(46)) - raft.server.log.statemachine.data.sync = true (default)
2025-05-13 08:08:49,854 [9d757f8d-7764-4ec4-a5e9-2e6ef5bbd552-groupManagement] INFO  server.RaftServerConfigKeys (ConfUtils.java:logGet(46)) - raft.server.log.statemachine.data.sync.timeout = 10s (default)
2025-05-13 08:08:49,854 [9d757f8d-7764-4ec4-a5e9-2e6ef5bbd552-groupManagement] INFO  server.RaftServerConfigKeys (ConfUtils.java:logGet(46)) - raft.server.log.statemachine.data.sync.timeout.retry = 30 (custom)
2025-05-13 08:08:49,854 [9d757f8d-7764-4ec4-a5e9-2e6ef5bbd552-groupManagement] INFO  server.RaftServerConfigKeys (ConfUtils.java:logGet(46)) - raft.server.log.write.buffer.size = 33554440 (custom)
2025-05-13 08:08:49,861 [9d757f8d-7764-4ec4-a5e9-2e6ef5bbd552-groupManagement] INFO  server.RaftServerConfigKeys (ConfUtils.java:logGet(46)) - raft.server.log.appender.buffer.byte-limit = 33554432 (custom)
2025-05-13 08:08:49,861 [9d757f8d-7764-4ec4-a5e9-2e6ef5bbd552-groupManagement] INFO  server.RaftServerConfigKeys (ConfUtils.java:logGet(46)) - raft.server.log.unsafe-flush.enabled = false (default)
2025-05-13 08:08:49,861 [9d757f8d-7764-4ec4-a5e9-2e6ef5bbd552-groupManagement] INFO  server.RaftServerConfigKeys (ConfUtils.java:logGet(46)) - raft.server.log.async-flush.enabled = false (default)
2025-05-13 08:08:49,861 [9d757f8d-7764-4ec4-a5e9-2e6ef5bbd552-groupManagement] INFO  server.RaftServerConfigKeys (ConfUtils.java:logGet(46)) - raft.server.log.statemachine.data.caching.enabled = true (custom)
2025-05-13 08:08:49,861 [9d757f8d-7764-4ec4-a5e9-2e6ef5bbd552-groupManagement] INFO  segmented.SegmentedRaftLogWorker (SegmentedRaftLogWorker.java:lambda$new$0(139)) - 9d757f8d-7764-4ec4-a5e9-2e6ef5bbd552@group-7D6745A3166B-SegmentedRaftLogWorker: flushIndex: setUnconditionally 0 -> -1
2025-05-13 08:08:49,861 [9d757f8d-7764-4ec4-a5e9-2e6ef5bbd552-groupManagement] INFO  segmented.SegmentedRaftLogWorker (SegmentedRaftLogWorker.java:lambda$new$0(139)) - 9d757f8d-7764-4ec4-a5e9-2e6ef5bbd552@group-7D6745A3166B-SegmentedRaftLogWorker: safeCacheEvictIndex: setUnconditionally 0 -> -1
2025-05-13 08:08:49,862 [c3acf90a-cae3-4912-9a93-76f770441a06@group-F289B69B5230-StateMachineUpdater] INFO  safemode.SCMSafeModeManager (SCMSafeModeManager.java:validateSafeModeExitRules(140)) - DataNodeSafeModeRule rule is successfully validated
2025-05-13 08:08:49,862 [c3acf90a-cae3-4912-9a93-76f770441a06@group-F289B69B5230-StateMachineUpdater] INFO  safemode.SCMSafeModeManager (SCMSafeModeManager.java:validateSafeModeExitRules(140)) - RatisContainerSafeModeRule rule is successfully validated
2025-05-13 08:08:49,862 [c3acf90a-cae3-4912-9a93-76f770441a06@group-F289B69B5230-StateMachineUpdater] INFO  safemode.HealthyPipelineSafeModeRule (HealthyPipelineSafeModeRule.java:initializeRule(173)) - Refreshed total pipeline count is 0, healthy pipeline threshold count is 1
2025-05-13 08:08:49,862 [c3acf90a-cae3-4912-9a93-76f770441a06@group-F289B69B5230-StateMachineUpdater] INFO  safemode.SCMSafeModeManager (SCMSafeModeManager.java:validateSafeModeExitRules(140)) - ECContainerSafeModeRule rule is successfully validated
2025-05-13 08:08:49,862 [c3acf90a-cae3-4912-9a93-76f770441a06@group-F289B69B5230-StateMachineUpdater] INFO  safemode.SCMSafeModeManager (SCMSafeModeManager.java:validateSafeModeExitRules(140)) - AtleastOneDatanodeReportedRule rule is successfully validated
2025-05-13 08:08:49,862 [EventQueue-PipelineReportForPipelineReportHandler] INFO  pipeline.PipelineReportHandler (PipelineReportHandler.java:processPipelineReport(134)) - Opened pipeline PipelineID=e3e7ea0f-7641-4247-929f-7d6745a3166b
2025-05-13 08:08:49,863 [9d757f8d-7764-4ec4-a5e9-2e6ef5bbd552-groupManagement] INFO  server.RaftServer$Division (RaftServerImpl.java:start(391)) - 9d757f8d-7764-4ec4-a5e9-2e6ef5bbd552@group-7D6745A3166B: start as a follower, conf=conf: {index: -1, cur=peers:[9d757f8d-7764-4ec4-a5e9-2e6ef5bbd552|127.0.0.1:15047]|listeners:[], old=null}
2025-05-13 08:08:49,863 [9d757f8d-7764-4ec4-a5e9-2e6ef5bbd552-groupManagement] INFO  server.RaftServer$Division (RaftServerImpl.java:setRole(378)) - 9d757f8d-7764-4ec4-a5e9-2e6ef5bbd552@group-7D6745A3166B: changes role from      null to FOLLOWER at term 0 for startAsFollower
2025-05-13 08:08:49,863 [EventQueue-OpenPipelineForHealthyPipelineSafeModeRule] INFO  safemode.SCMSafeModeManager (HealthyPipelineSafeModeRule.java:process(141)) - SCM in safe mode. Healthy pipelines reported count is 0, required healthy pipeline reported count is 1
2025-05-13 08:08:49,863 [9d757f8d-7764-4ec4-a5e9-2e6ef5bbd552-groupManagement] INFO  impl.RoleInfo (RoleInfo.java:updateAndGet(148)) - 9d757f8d-7764-4ec4-a5e9-2e6ef5bbd552: start 9d757f8d-7764-4ec4-a5e9-2e6ef5bbd552@group-7D6745A3166B-FollowerState
2025-05-13 08:08:49,864 [9d757f8d-7764-4ec4-a5e9-2e6ef5bbd552-groupManagement] INFO  util.JmxRegister (JmxRegister.java:tryRegister(44)) - Successfully registered JMX Bean with object name Ratis:service=RaftServer,group=group-7D6745A3166B,id=9d757f8d-7764-4ec4-a5e9-2e6ef5bbd552
2025-05-13 08:08:49,864 [9d757f8d-7764-4ec4-a5e9-2e6ef5bbd552-groupManagement] INFO  util.JmxRegister (JmxRegister.java:register(58)) - register mxBean class org.apache.ratis.server.impl.RaftServerJmxAdapter as Ratis:service=RaftServer,group=group-7D6745A3166B,id=9d757f8d-7764-4ec4-a5e9-2e6ef5bbd552
2025-05-13 08:08:49,864 [9d757f8d-7764-4ec4-a5e9-2e6ef5bbd552-groupManagement] INFO  server.RaftServerConfigKeys (ConfUtils.java:logGet(46)) - raft.server.snapshot.trigger-when-stop.enabled = true (default)
2025-05-13 08:08:49,864 [9d757f8d-7764-4ec4-a5e9-2e6ef5bbd552-groupManagement] INFO  server.RaftServerConfigKeys (ConfUtils.java:logGet(46)) - raft.server.snapshot.trigger-when-remove.enabled = true (default)
2025-05-13 08:08:49,864 [9d757f8d-7764-4ec4-a5e9-2e6ef5bbd552-groupManagement] INFO  server.RaftServerConfigKeys (ConfUtils.java:logGet(46)) - raft.server.snapshot.auto.trigger.enabled = true (custom)
2025-05-13 08:08:49,864 [9d757f8d-7764-4ec4-a5e9-2e6ef5bbd552-groupManagement] INFO  server.RaftServerConfigKeys (ConfUtils.java:logGet(46)) - raft.server.snapshot.auto.trigger.threshold = 100000 (custom)
2025-05-13 08:08:49,864 [9d757f8d-7764-4ec4-a5e9-2e6ef5bbd552-groupManagement] INFO  server.RaftServerConfigKeys (ConfUtils.java:logGet(46)) - raft.server.snapshot.retention.file.num = 5 (custom)
2025-05-13 08:08:49,864 [9d757f8d-7764-4ec4-a5e9-2e6ef5bbd552-groupManagement] INFO  server.RaftServerConfigKeys (ConfUtils.java:logGet(46)) - raft.server.log.purge.upto.snapshot.index = false (default)
2025-05-13 08:08:49,864 [9d757f8d-7764-4ec4-a5e9-2e6ef5bbd552@group-7D6745A3166B-FollowerState] INFO  server.RaftServerConfigKeys (ConfUtils.java:logGet(46)) - raft.server.rpc.first-election.timeout.min = 1000ms (custom)
2025-05-13 08:08:49,865 [9d757f8d-7764-4ec4-a5e9-2e6ef5bbd552@group-7D6745A3166B-FollowerState] INFO  server.RaftServerConfigKeys (ConfUtils.java:logGet(46)) - raft.server.rpc.first-election.timeout.max = 1200ms (custom)
2025-05-13 08:08:49,865 [9d757f8d-7764-4ec4-a5e9-2e6ef5bbd552-groupManagement] INFO  server.RaftServer$Division (RaftServerImpl.java:start(405)) - 9d757f8d-7764-4ec4-a5e9-2e6ef5bbd552@group-7D6745A3166B: Successfully started.
2025-05-13 08:08:49,866 [9d757f8d-7764-4ec4-a5e9-2e6ef5bbd552-PipelineCommandHandlerThread-0] INFO  ratis.XceiverServerRatis (XceiverServerRatis.java:addGroup(843)) - Created group PipelineID=e3e7ea0f-7641-4247-929f-7d6745a3166b
2025-05-13 08:08:49,866 [9d757f8d-7764-4ec4-a5e9-2e6ef5bbd552-PipelineCommandHandlerThread-0] INFO  commandhandler.CreatePipelineCommandHandler (CreatePipelineCommandHandler.java:lambda$handle$2(128)) - Created Pipeline RATIS ONE PipelineID=e3e7ea0f-7641-4247-929f-7d6745a3166b.
2025-05-13 08:08:49,957 [408a00a1-9245-41fc-8d00-8f9b4b0cd246@group-DF169F23F538-FollowerState] INFO  impl.FollowerState (FollowerState.java:runImpl(161)) - 408a00a1-9245-41fc-8d00-8f9b4b0cd246@group-DF169F23F538-FollowerState: change to CANDIDATE, lastRpcElapsedTime:1076071388ns, electionTimeout:1075ms
2025-05-13 08:08:49,958 [408a00a1-9245-41fc-8d00-8f9b4b0cd246@group-DF169F23F538-FollowerState] INFO  impl.RoleInfo (RoleInfo.java:shutdownFollowerState(121)) - 408a00a1-9245-41fc-8d00-8f9b4b0cd246: shutdown 408a00a1-9245-41fc-8d00-8f9b4b0cd246@group-DF169F23F538-FollowerState
2025-05-13 08:08:49,958 [408a00a1-9245-41fc-8d00-8f9b4b0cd246@group-DF169F23F538-FollowerState] INFO  server.RaftServer$Division (RaftServerImpl.java:setRole(378)) - 408a00a1-9245-41fc-8d00-8f9b4b0cd246@group-DF169F23F538: changes role from  FOLLOWER to CANDIDATE at term 0 for changeToCandidate
2025-05-13 08:08:49,958 [408a00a1-9245-41fc-8d00-8f9b4b0cd246@group-DF169F23F538-FollowerState] INFO  server.RaftServerConfigKeys (ConfUtils.java:logGet(46)) - raft.server.leaderelection.pre-vote = true (default)
2025-05-13 08:08:49,958 [408a00a1-9245-41fc-8d00-8f9b4b0cd246@group-DF169F23F538-FollowerState] INFO  impl.RoleInfo (RoleInfo.java:updateAndGet(148)) - 408a00a1-9245-41fc-8d00-8f9b4b0cd246: start 408a00a1-9245-41fc-8d00-8f9b4b0cd246@group-DF169F23F538-LeaderElection4
2025-05-13 08:08:49,958 [408a00a1-9245-41fc-8d00-8f9b4b0cd246@group-DF169F23F538-LeaderElection4] INFO  impl.LeaderElection (LeaderElection.java:askForVotes(332)) - 408a00a1-9245-41fc-8d00-8f9b4b0cd246@group-DF169F23F538-LeaderElection4 PRE_VOTE round 0: submit vote requests at term 0 for conf: {index: -1, cur=peers:[408a00a1-9245-41fc-8d00-8f9b4b0cd246|127.0.0.1:15015]|listeners:[], old=null}
2025-05-13 08:08:49,959 [408a00a1-9245-41fc-8d00-8f9b4b0cd246@group-DF169F23F538-LeaderElection4] INFO  impl.LeaderElection (LeaderElection.java:askForVotes(334)) - 408a00a1-9245-41fc-8d00-8f9b4b0cd246@group-DF169F23F538-LeaderElection4 PRE_VOTE round 0: result PASSED (term=0)
2025-05-13 08:08:49,960 [408a00a1-9245-41fc-8d00-8f9b4b0cd246@group-DF169F23F538-LeaderElection4] INFO  impl.LeaderElection (LeaderElection.java:askForVotes(332)) - 408a00a1-9245-41fc-8d00-8f9b4b0cd246@group-DF169F23F538-LeaderElection4 ELECTION round 0: submit vote requests at term 1 for conf: {index: -1, cur=peers:[408a00a1-9245-41fc-8d00-8f9b4b0cd246|127.0.0.1:15015]|listeners:[], old=null}
2025-05-13 08:08:49,960 [408a00a1-9245-41fc-8d00-8f9b4b0cd246@group-DF169F23F538-LeaderElection4] INFO  impl.LeaderElection (LeaderElection.java:askForVotes(334)) - 408a00a1-9245-41fc-8d00-8f9b4b0cd246@group-DF169F23F538-LeaderElection4 ELECTION round 0: result PASSED (term=1)
2025-05-13 08:08:49,960 [408a00a1-9245-41fc-8d00-8f9b4b0cd246@group-DF169F23F538-LeaderElection4] INFO  impl.RoleInfo (RoleInfo.java:shutdownLeaderElection(141)) - 408a00a1-9245-41fc-8d00-8f9b4b0cd246: shutdown 408a00a1-9245-41fc-8d00-8f9b4b0cd246@group-DF169F23F538-LeaderElection4
2025-05-13 08:08:49,961 [408a00a1-9245-41fc-8d00-8f9b4b0cd246@group-DF169F23F538-LeaderElection4] INFO  server.RaftServer$Division (RaftServerImpl.java:setRole(378)) - 408a00a1-9245-41fc-8d00-8f9b4b0cd246@group-DF169F23F538: changes role from CANDIDATE to LEADER at term 1 for changeToLeader
2025-05-13 08:08:49,961 [408a00a1-9245-41fc-8d00-8f9b4b0cd246@group-DF169F23F538-LeaderElection4] INFO  server.RaftServerConfigKeys (ConfUtils.java:logGet(46)) - raft.server.staging.catchup.gap = 1000 (default)
2025-05-13 08:08:49,961 [408a00a1-9245-41fc-8d00-8f9b4b0cd246@group-DF169F23F538-LeaderElection4] INFO  server.RaftServerConfigKeys (ConfUtils.java:logGet(46)) - raft.server.write.element-limit = 1024 (custom)
2025-05-13 08:08:49,961 [408a00a1-9245-41fc-8d00-8f9b4b0cd246@group-DF169F23F538-LeaderElection4] INFO  server.RaftServerConfigKeys (ConfUtils.java:logGet(46)) - raft.server.write.byte-limit = 1024 M (=1073741824) (custom)
2025-05-13 08:08:49,961 [408a00a1-9245-41fc-8d00-8f9b4b0cd246@group-DF169F23F538-LeaderElection4] INFO  server.RaftServerConfigKeys (ConfUtils.java:logGet(46)) - raft.server.watch.timeout = 30s (custom)
2025-05-13 08:08:49,962 [408a00a1-9245-41fc-8d00-8f9b4b0cd246@group-DF169F23F538-LeaderElection4] INFO  server.RaftServerConfigKeys (ConfUtils.java:logGet(46)) - raft.server.watch.timeout.denomination = 1s (default)
2025-05-13 08:08:49,962 [408a00a1-9245-41fc-8d00-8f9b4b0cd246@group-DF169F23F538-LeaderElection4] INFO  server.RaftServerConfigKeys (ConfUtils.java:logGet(46)) - raft.server.watch.element-limit = 65536 (default)
2025-05-13 08:08:49,962 [408a00a1-9245-41fc-8d00-8f9b4b0cd246@group-DF169F23F538-LeaderElection4] INFO  server.RaftServerConfigKeys (ConfUtils.java:logGet(46)) - raft.server.read.leader.lease.enabled = false (default)
2025-05-13 08:08:49,962 [408a00a1-9245-41fc-8d00-8f9b4b0cd246@group-DF169F23F538-LeaderElection4] INFO  server.RaftServerConfigKeys (ConfUtils.java:logGet(46)) - raft.server.read.leader.lease.timeout.ratio = 0.9 (default)
2025-05-13 08:08:49,963 [408a00a1-9245-41fc-8d00-8f9b4b0cd246@group-DF169F23F538-LeaderElection4] INFO  server.RaftServerConfigKeys (ConfUtils.java:logGet(46)) - raft.server.rpc.timeout.min = 5s (custom)
2025-05-13 08:08:49,963 [408a00a1-9245-41fc-8d00-8f9b4b0cd246@group-DF169F23F538-LeaderElection4] INFO  server.RaftServerConfigKeys (ConfUtils.java:logGet(46)) - raft.server.log.log-metadata.enabled = true (default)
2025-05-13 08:08:49,963 [408a00a1-9245-41fc-8d00-8f9b4b0cd246@group-DF169F23F538-LeaderElection4] INFO  server.RaftServerConfigKeys (ConfUtils.java:logGet(46)) - raft.server.write.element-limit = 1024 (custom)
2025-05-13 08:08:49,963 [408a00a1-9245-41fc-8d00-8f9b4b0cd246@group-DF169F23F538-LeaderElection4] INFO  server.RaftServerConfigKeys (ConfUtils.java:logGet(46)) - raft.server.write.follower.gap.ratio.max = -1.0 (default)
2025-05-13 08:08:49,963 [408a00a1-9245-41fc-8d00-8f9b4b0cd246@group-DF169F23F538-LeaderElection4] INFO  impl.RoleInfo (RoleInfo.java:updateAndGet(148)) - 408a00a1-9245-41fc-8d00-8f9b4b0cd246: start 408a00a1-9245-41fc-8d00-8f9b4b0cd246@group-DF169F23F538-LeaderStateImpl
2025-05-13 08:08:49,963 [408a00a1-9245-41fc-8d00-8f9b4b0cd246@group-DF169F23F538-LeaderElection4] INFO  server.RaftServer$Division (RaftServerImpl.java:setFirstElection(562)) - 408a00a1-9245-41fc-8d00-8f9b4b0cd246@group-DF169F23F538: set firstElectionSinceStartup to false for becomeLeader
2025-05-13 08:08:49,963 [408a00a1-9245-41fc-8d00-8f9b4b0cd246@group-DF169F23F538-LeaderElection4] INFO  ratis.XceiverServerRatis (XceiverServerRatis.java:handleLeaderChangedNotification(944)) - Leader change notification received for group: group-DF169F23F538 with new leaderId: 408a00a1-9245-41fc-8d00-8f9b4b0cd246
2025-05-13 08:08:49,964 [408a00a1-9245-41fc-8d00-8f9b4b0cd246@group-DF169F23F538-LeaderElection4] INFO  server.RaftServer$Division (ServerState.java:setLeader(272)) - 408a00a1-9245-41fc-8d00-8f9b4b0cd246@group-DF169F23F538: change Leader from null to 408a00a1-9245-41fc-8d00-8f9b4b0cd246 at term 1 for becomeLeader, leader elected after 1117ms
2025-05-13 08:08:49,964 [408a00a1-9245-41fc-8d00-8f9b4b0cd246@group-DF169F23F538-LeaderElection4] INFO  segmented.SegmentedRaftLogWorker (SegmentedRaftLogWorker.java:startLogSegment(438)) - 408a00a1-9245-41fc-8d00-8f9b4b0cd246@group-DF169F23F538-SegmentedRaftLogWorker: Starting segment from index:0
2025-05-13 08:08:49,964 [408a00a1-9245-41fc-8d00-8f9b4b0cd246@group-DF169F23F538-LeaderElection4] INFO  server.RaftServer$Division (ServerState.java:setRaftConf(386)) - 408a00a1-9245-41fc-8d00-8f9b4b0cd246@group-DF169F23F538: set configuration conf: {index: 0, cur=peers:[408a00a1-9245-41fc-8d00-8f9b4b0cd246|127.0.0.1:15015]|listeners:[], old=null}
2025-05-13 08:08:49,966 [408a00a1-9245-41fc-8d00-8f9b4b0cd246@group-DF169F23F538-SegmentedRaftLogWorker] INFO  segmented.BufferedWriteChannel (BufferedWriteChannel.java:open(61)) - open log_inprogress_0 at position 0
2025-05-13 08:08:49,967 [EventQueue-PipelineReportForOneReplicaPipelineSafeModeRule] INFO  safemode.SCMSafeModeManager (SCMSafeModeManager.java:validateSafeModeExitRules(140)) - AtleastOneDatanodeReportedRule rule is successfully validated
2025-05-13 08:08:49,968 [EventQueue-OpenPipelineForHealthyPipelineSafeModeRule] INFO  safemode.SCMSafeModeManager (HealthyPipelineSafeModeRule.java:process(141)) - SCM in safe mode. Healthy pipelines reported count is 0, required healthy pipeline reported count is 1
2025-05-13 08:08:49,972 [408a00a1-9245-41fc-8d00-8f9b4b0cd246@group-DF169F23F538-SegmentedRaftLogWorker] INFO  segmented.SegmentedRaftLogWorker (SegmentedRaftLogWorker.java:execute(644)) - 408a00a1-9245-41fc-8d00-8f9b4b0cd246@group-DF169F23F538-SegmentedRaftLogWorker: created new log segment /home/runner/work/ozone/ozone/hadoop-ozone/integration-test-s3/target/test-dir/MiniOzoneClusterImpl-51e975e3-87ca-4f9c-b22e-f289b69b5230/ozone-meta/datanode-1/ratis/33d055a4-c1d5-4f25-92f0-df169f23f538/current/log_inprogress_0
2025-05-13 08:08:49,975 [408a00a1-9245-41fc-8d00-8f9b4b0cd246@group-DF169F23F538-StateMachineUpdater] INFO  server.RaftServer$Division (LeaderStateImpl.java:checkStartIndex(313)) - Leader 408a00a1-9245-41fc-8d00-8f9b4b0cd246@group-DF169F23F538-LeaderStateImpl is ready since appliedIndex == startIndex == 0
2025-05-13 08:08:50,045 [408a00a1-9245-41fc-8d00-8f9b4b0cd246@group-D61D47490DC1-FollowerState] INFO  impl.FollowerState (FollowerState.java:runImpl(161)) - 408a00a1-9245-41fc-8d00-8f9b4b0cd246@group-D61D47490DC1-FollowerState: change to CANDIDATE, lastRpcElapsedTime:1133084422ns, electionTimeout:1131ms
2025-05-13 08:08:50,045 [408a00a1-9245-41fc-8d00-8f9b4b0cd246@group-D61D47490DC1-FollowerState] INFO  impl.RoleInfo (RoleInfo.java:shutdownFollowerState(121)) - 408a00a1-9245-41fc-8d00-8f9b4b0cd246: shutdown 408a00a1-9245-41fc-8d00-8f9b4b0cd246@group-D61D47490DC1-FollowerState
2025-05-13 08:08:50,045 [408a00a1-9245-41fc-8d00-8f9b4b0cd246@group-D61D47490DC1-FollowerState] INFO  server.RaftServer$Division (RaftServerImpl.java:setRole(378)) - 408a00a1-9245-41fc-8d00-8f9b4b0cd246@group-D61D47490DC1: changes role from  FOLLOWER to CANDIDATE at term 0 for changeToCandidate
2025-05-13 08:08:50,045 [408a00a1-9245-41fc-8d00-8f9b4b0cd246@group-D61D47490DC1-FollowerState] INFO  server.RaftServerConfigKeys (ConfUtils.java:logGet(46)) - raft.server.leaderelection.pre-vote = true (default)
2025-05-13 08:08:50,045 [408a00a1-9245-41fc-8d00-8f9b4b0cd246@group-D61D47490DC1-FollowerState] INFO  impl.RoleInfo (RoleInfo.java:updateAndGet(148)) - 408a00a1-9245-41fc-8d00-8f9b4b0cd246: start 408a00a1-9245-41fc-8d00-8f9b4b0cd246@group-D61D47490DC1-LeaderElection5
2025-05-13 08:08:50,045 [408a00a1-9245-41fc-8d00-8f9b4b0cd246@group-D61D47490DC1-LeaderElection5] INFO  impl.LeaderElection (LeaderElection.java:askForVotes(332)) - 408a00a1-9245-41fc-8d00-8f9b4b0cd246@group-D61D47490DC1-LeaderElection5 PRE_VOTE round 0: submit vote requests at term 0 for conf: {index: -1, cur=peers:[408a00a1-9245-41fc-8d00-8f9b4b0cd246|127.0.0.1:15015, 4fab203c-b5a4-47f8-9680-c8b7d06953a5|127.0.0.1:15031, d9a075f3-fd90-436c-93e2-379adbc01ef0|127.0.0.1:15023]|listeners:[], old=null}
2025-05-13 08:08:50,049 [408a00a1-9245-41fc-8d00-8f9b4b0cd246@group-D61D47490DC1-LeaderElection5] INFO  server.RaftServerConfigKeys (ConfUtils.java:logGet(46)) - raft.server.rpc.first-election.timeout.min = 1000ms (custom)
2025-05-13 08:08:50,049 [408a00a1-9245-41fc-8d00-8f9b4b0cd246@group-D61D47490DC1-LeaderElection5] INFO  server.RaftServerConfigKeys (ConfUtils.java:logGet(46)) - raft.server.rpc.first-election.timeout.max = 1200ms (custom)
2025-05-13 08:08:50,049 [408a00a1-9245-41fc-8d00-8f9b4b0cd246@group-D61D47490DC1-LeaderElection5-1] INFO  server.GrpcServerProtocolClient (GrpcServerProtocolClient.java:<init>(65)) - Build channel for 4fab203c-b5a4-47f8-9680-c8b7d06953a5|127.0.0.1:15031
2025-05-13 08:08:50,049 [408a00a1-9245-41fc-8d00-8f9b4b0cd246@group-D61D47490DC1-LeaderElection5-2] INFO  server.GrpcServerProtocolClient (GrpcServerProtocolClient.java:<init>(65)) - Build channel for d9a075f3-fd90-436c-93e2-379adbc01ef0|127.0.0.1:15023
2025-05-13 08:08:50,056 [grpc-default-executor-0] INFO  server.RaftServer$Division (RaftServerImpl.java:requestVote(1407)) - 4fab203c-b5a4-47f8-9680-c8b7d06953a5@group-D61D47490DC1: receive requestVote(PRE_VOTE, 408a00a1-9245-41fc-8d00-8f9b4b0cd246, group-D61D47490DC1, 0, (t:0, i:0))
2025-05-13 08:08:50,057 [grpc-default-executor-1] INFO  server.RaftServer$Division (RaftServerImpl.java:requestVote(1407)) - d9a075f3-fd90-436c-93e2-379adbc01ef0@group-D61D47490DC1: receive requestVote(PRE_VOTE, 408a00a1-9245-41fc-8d00-8f9b4b0cd246, group-D61D47490DC1, 0, (t:0, i:0))
2025-05-13 08:08:50,058 [grpc-default-executor-1] INFO  impl.VoteContext (VoteContext.java:log(49)) - d9a075f3-fd90-436c-93e2-379adbc01ef0@group-D61D47490DC1-FOLLOWER: accept PRE_VOTE from 408a00a1-9245-41fc-8d00-8f9b4b0cd246: our priority 0 <= candidate's priority 0
2025-05-13 08:08:50,058 [grpc-default-executor-0] INFO  impl.VoteContext (VoteContext.java:log(49)) - 4fab203c-b5a4-47f8-9680-c8b7d06953a5@group-D61D47490DC1-FOLLOWER: reject PRE_VOTE from 408a00a1-9245-41fc-8d00-8f9b4b0cd246: our priority 1 > candidate's priority 0
2025-05-13 08:08:50,060 [grpc-default-executor-1] INFO  server.RaftServer$Division (RaftServerImpl.java:requestVote(1441)) - d9a075f3-fd90-436c-93e2-379adbc01ef0@group-D61D47490DC1 replies to PRE_VOTE vote request: 408a00a1-9245-41fc-8d00-8f9b4b0cd246<-d9a075f3-fd90-436c-93e2-379adbc01ef0#0:OK-t0. Peer's state: d9a075f3-fd90-436c-93e2-379adbc01ef0@group-D61D47490DC1:t0, leader=null, voted=, raftlog=Memoized:d9a075f3-fd90-436c-93e2-379adbc01ef0@group-D61D47490DC1-SegmentedRaftLog:OPENED:c-1:lastnull, conf=conf: {index: -1, cur=peers:[408a00a1-9245-41fc-8d00-8f9b4b0cd246|127.0.0.1:15015, 4fab203c-b5a4-47f8-9680-c8b7d06953a5|127.0.0.1:15031, d9a075f3-fd90-436c-93e2-379adbc01ef0|127.0.0.1:15023]|listeners:[], old=null}
2025-05-13 08:08:50,060 [grpc-default-executor-0] INFO  server.RaftServer$Division (RaftServerImpl.java:requestVote(1441)) - 4fab203c-b5a4-47f8-9680-c8b7d06953a5@group-D61D47490DC1 replies to PRE_VOTE vote request: 408a00a1-9245-41fc-8d00-8f9b4b0cd246<-4fab203c-b5a4-47f8-9680-c8b7d06953a5#0:FAIL-t0. Peer's state: 4fab203c-b5a4-47f8-9680-c8b7d06953a5@group-D61D47490DC1:t0, leader=null, voted=, raftlog=Memoized:4fab203c-b5a4-47f8-9680-c8b7d06953a5@group-D61D47490DC1-SegmentedRaftLog:OPENED:c-1:lastnull, conf=conf: {index: -1, cur=peers:[408a00a1-9245-41fc-8d00-8f9b4b0cd246|127.0.0.1:15015, 4fab203c-b5a4-47f8-9680-c8b7d06953a5|127.0.0.1:15031, d9a075f3-fd90-436c-93e2-379adbc01ef0|127.0.0.1:15023]|listeners:[], old=null}
2025-05-13 08:08:50,062 [408a00a1-9245-41fc-8d00-8f9b4b0cd246@group-D61D47490DC1-LeaderElection5] INFO  impl.LeaderElection (LeaderElection.java:logAndReturn(90)) - 408a00a1-9245-41fc-8d00-8f9b4b0cd246@group-D61D47490DC1-LeaderElection5: PRE_VOTE REJECTED received 1 response(s) and 0 exception(s):
2025-05-13 08:08:50,062 [408a00a1-9245-41fc-8d00-8f9b4b0cd246@group-D61D47490DC1-LeaderElection5] INFO  impl.LeaderElection (LeaderElection.java:logAndReturn(94)) -   Response 0: 408a00a1-9245-41fc-8d00-8f9b4b0cd246<-4fab203c-b5a4-47f8-9680-c8b7d06953a5#0:FAIL-t0
2025-05-13 08:08:50,062 [408a00a1-9245-41fc-8d00-8f9b4b0cd246@group-D61D47490DC1-LeaderElection5] INFO  impl.LeaderElection (LeaderElection.java:askForVotes(334)) - 408a00a1-9245-41fc-8d00-8f9b4b0cd246@group-D61D47490DC1-LeaderElection5 PRE_VOTE round 0: result REJECTED
2025-05-13 08:08:50,062 [408a00a1-9245-41fc-8d00-8f9b4b0cd246@group-D61D47490DC1-LeaderElection5] INFO  server.RaftServer$Division (RaftServerImpl.java:setRole(378)) - 408a00a1-9245-41fc-8d00-8f9b4b0cd246@group-D61D47490DC1: changes role from CANDIDATE to FOLLOWER at term 0 for REJECTED
2025-05-13 08:08:50,062 [408a00a1-9245-41fc-8d00-8f9b4b0cd246@group-D61D47490DC1-LeaderElection5] INFO  impl.RoleInfo (RoleInfo.java:shutdownLeaderElection(141)) - 408a00a1-9245-41fc-8d00-8f9b4b0cd246: shutdown 408a00a1-9245-41fc-8d00-8f9b4b0cd246@group-D61D47490DC1-LeaderElection5
2025-05-13 08:08:50,063 [408a00a1-9245-41fc-8d00-8f9b4b0cd246@group-D61D47490DC1-LeaderElection5] INFO  impl.RoleInfo (RoleInfo.java:updateAndGet(148)) - 408a00a1-9245-41fc-8d00-8f9b4b0cd246: start 408a00a1-9245-41fc-8d00-8f9b4b0cd246@group-D61D47490DC1-FollowerState
2025-05-13 08:08:50,063 [408a00a1-9245-41fc-8d00-8f9b4b0cd246@group-D61D47490DC1-LeaderElection5] INFO  server.RaftServer$Division (RaftServerImpl.java:setFirstElection(562)) - 408a00a1-9245-41fc-8d00-8f9b4b0cd246@group-D61D47490DC1: set firstElectionSinceStartup to false for REJECTED
2025-05-13 08:08:50,145 [d9a075f3-fd90-436c-93e2-379adbc01ef0@group-040DD8D60FAC-FollowerState] INFO  impl.FollowerState (FollowerState.java:runImpl(161)) - d9a075f3-fd90-436c-93e2-379adbc01ef0@group-040DD8D60FAC-FollowerState: change to CANDIDATE, lastRpcElapsedTime:1033165468ns, electionTimeout:1032ms
2025-05-13 08:08:50,145 [d9a075f3-fd90-436c-93e2-379adbc01ef0@group-040DD8D60FAC-FollowerState] INFO  impl.RoleInfo (RoleInfo.java:shutdownFollowerState(121)) - d9a075f3-fd90-436c-93e2-379adbc01ef0: shutdown d9a075f3-fd90-436c-93e2-379adbc01ef0@group-040DD8D60FAC-FollowerState
2025-05-13 08:08:50,145 [d9a075f3-fd90-436c-93e2-379adbc01ef0@group-040DD8D60FAC-FollowerState] INFO  server.RaftServer$Division (RaftServerImpl.java:setRole(378)) - d9a075f3-fd90-436c-93e2-379adbc01ef0@group-040DD8D60FAC: changes role from  FOLLOWER to CANDIDATE at term 0 for changeToCandidate
2025-05-13 08:08:50,146 [d9a075f3-fd90-436c-93e2-379adbc01ef0@group-040DD8D60FAC-FollowerState] INFO  server.RaftServerConfigKeys (ConfUtils.java:logGet(46)) - raft.server.leaderelection.pre-vote = true (default)
2025-05-13 08:08:50,146 [d9a075f3-fd90-436c-93e2-379adbc01ef0@group-040DD8D60FAC-FollowerState] INFO  impl.RoleInfo (RoleInfo.java:updateAndGet(148)) - d9a075f3-fd90-436c-93e2-379adbc01ef0: start d9a075f3-fd90-436c-93e2-379adbc01ef0@group-040DD8D60FAC-LeaderElection6
2025-05-13 08:08:50,147 [d9a075f3-fd90-436c-93e2-379adbc01ef0@group-040DD8D60FAC-LeaderElection6] INFO  impl.LeaderElection (LeaderElection.java:askForVotes(332)) - d9a075f3-fd90-436c-93e2-379adbc01ef0@group-040DD8D60FAC-LeaderElection6 PRE_VOTE round 0: submit vote requests at term 0 for conf: {index: -1, cur=peers:[d9a075f3-fd90-436c-93e2-379adbc01ef0|127.0.0.1:15023]|listeners:[], old=null}
2025-05-13 08:08:50,148 [d9a075f3-fd90-436c-93e2-379adbc01ef0@group-040DD8D60FAC-LeaderElection6] INFO  impl.LeaderElection (LeaderElection.java:askForVotes(334)) - d9a075f3-fd90-436c-93e2-379adbc01ef0@group-040DD8D60FAC-LeaderElection6 PRE_VOTE round 0: result PASSED (term=0)
2025-05-13 08:08:50,150 [d9a075f3-fd90-436c-93e2-379adbc01ef0@group-040DD8D60FAC-LeaderElection6] INFO  impl.LeaderElection (LeaderElection.java:askForVotes(332)) - d9a075f3-fd90-436c-93e2-379adbc01ef0@group-040DD8D60FAC-LeaderElection6 ELECTION round 0: submit vote requests at term 1 for conf: {index: -1, cur=peers:[d9a075f3-fd90-436c-93e2-379adbc01ef0|127.0.0.1:15023]|listeners:[], old=null}
2025-05-13 08:08:50,151 [d9a075f3-fd90-436c-93e2-379adbc01ef0@group-040DD8D60FAC-LeaderElection6] INFO  impl.LeaderElection (LeaderElection.java:askForVotes(334)) - d9a075f3-fd90-436c-93e2-379adbc01ef0@group-040DD8D60FAC-LeaderElection6 ELECTION round 0: result PASSED (term=1)
2025-05-13 08:08:50,151 [d9a075f3-fd90-436c-93e2-379adbc01ef0@group-040DD8D60FAC-LeaderElection6] INFO  impl.RoleInfo (RoleInfo.java:shutdownLeaderElection(141)) - d9a075f3-fd90-436c-93e2-379adbc01ef0: shutdown d9a075f3-fd90-436c-93e2-379adbc01ef0@group-040DD8D60FAC-LeaderElection6
2025-05-13 08:08:50,151 [d9a075f3-fd90-436c-93e2-379adbc01ef0@group-040DD8D60FAC-LeaderElection6] INFO  server.RaftServer$Division (RaftServerImpl.java:setRole(378)) - d9a075f3-fd90-436c-93e2-379adbc01ef0@group-040DD8D60FAC: changes role from CANDIDATE to LEADER at term 1 for changeToLeader
2025-05-13 08:08:50,151 [d9a075f3-fd90-436c-93e2-379adbc01ef0@group-040DD8D60FAC-LeaderElection6] INFO  server.RaftServerConfigKeys (ConfUtils.java:logGet(46)) - raft.server.staging.catchup.gap = 1000 (default)
2025-05-13 08:08:50,152 [d9a075f3-fd90-436c-93e2-379adbc01ef0@group-040DD8D60FAC-LeaderElection6] INFO  server.RaftServerConfigKeys (ConfUtils.java:logGet(46)) - raft.server.write.element-limit = 1024 (custom)
2025-05-13 08:08:50,153 [d9a075f3-fd90-436c-93e2-379adbc01ef0@group-040DD8D60FAC-LeaderElection6] INFO  server.RaftServerConfigKeys (ConfUtils.java:logGet(46)) - raft.server.write.byte-limit = 1024 M (=1073741824) (custom)
2025-05-13 08:08:50,154 [d9a075f3-fd90-436c-93e2-379adbc01ef0@group-040DD8D60FAC-LeaderElection6] INFO  server.RaftServerConfigKeys (ConfUtils.java:logGet(46)) - raft.server.watch.timeout = 30s (custom)
2025-05-13 08:08:50,154 [d9a075f3-fd90-436c-93e2-379adbc01ef0@group-040DD8D60FAC-LeaderElection6] INFO  server.RaftServerConfigKeys (ConfUtils.java:logGet(46)) - raft.server.watch.timeout.denomination = 1s (default)
2025-05-13 08:08:50,154 [d9a075f3-fd90-436c-93e2-379adbc01ef0@group-040DD8D60FAC-LeaderElection6] INFO  server.RaftServerConfigKeys (ConfUtils.java:logGet(46)) - raft.server.watch.element-limit = 65536 (default)
2025-05-13 08:08:50,156 [d9a075f3-fd90-436c-93e2-379adbc01ef0@group-040DD8D60FAC-LeaderElection6] INFO  server.RaftServerConfigKeys (ConfUtils.java:logGet(46)) - raft.server.read.leader.lease.enabled = false (default)
2025-05-13 08:08:50,156 [d9a075f3-fd90-436c-93e2-379adbc01ef0@group-040DD8D60FAC-LeaderElection6] INFO  server.RaftServerConfigKeys (ConfUtils.java:logGet(46)) - raft.server.read.leader.lease.timeout.ratio = 0.9 (default)
2025-05-13 08:08:50,156 [d9a075f3-fd90-436c-93e2-379adbc01ef0@group-040DD8D60FAC-LeaderElection6] INFO  server.RaftServerConfigKeys (ConfUtils.java:logGet(46)) - raft.server.rpc.timeout.min = 5s (custom)
2025-05-13 08:08:50,156 [d9a075f3-fd90-436c-93e2-379adbc01ef0@group-040DD8D60FAC-LeaderElection6] INFO  server.RaftServerConfigKeys (ConfUtils.java:logGet(46)) - raft.server.log.log-metadata.enabled = true (default)
2025-05-13 08:08:50,156 [d9a075f3-fd90-436c-93e2-379adbc01ef0@group-040DD8D60FAC-LeaderElection6] INFO  server.RaftServerConfigKeys (ConfUtils.java:logGet(46)) - raft.server.write.element-limit = 1024 (custom)
2025-05-13 08:08:50,156 [d9a075f3-fd90-436c-93e2-379adbc01ef0@group-040DD8D60FAC-LeaderElection6] INFO  server.RaftServerConfigKeys (ConfUtils.java:logGet(46)) - raft.server.write.follower.gap.ratio.max = -1.0 (default)
2025-05-13 08:08:50,156 [d9a075f3-fd90-436c-93e2-379adbc01ef0@group-040DD8D60FAC-LeaderElection6] INFO  impl.RoleInfo (RoleInfo.java:updateAndGet(148)) - d9a075f3-fd90-436c-93e2-379adbc01ef0: start d9a075f3-fd90-436c-93e2-379adbc01ef0@group-040DD8D60FAC-LeaderStateImpl
2025-05-13 08:08:50,156 [d9a075f3-fd90-436c-93e2-379adbc01ef0@group-040DD8D60FAC-LeaderElection6] INFO  server.RaftServer$Division (RaftServerImpl.java:setFirstElection(562)) - d9a075f3-fd90-436c-93e2-379adbc01ef0@group-040DD8D60FAC: set firstElectionSinceStartup to false for becomeLeader
2025-05-13 08:08:50,156 [d9a075f3-fd90-436c-93e2-379adbc01ef0@group-040DD8D60FAC-LeaderElection6] INFO  ratis.XceiverServerRatis (XceiverServerRatis.java:handleLeaderChangedNotification(944)) - Leader change notification received for group: group-040DD8D60FAC with new leaderId: d9a075f3-fd90-436c-93e2-379adbc01ef0
2025-05-13 08:08:50,157 [d9a075f3-fd90-436c-93e2-379adbc01ef0@group-040DD8D60FAC-LeaderElection6] INFO  server.RaftServer$Division (ServerState.java:setLeader(272)) - d9a075f3-fd90-436c-93e2-379adbc01ef0@group-040DD8D60FAC: change Leader from null to d9a075f3-fd90-436c-93e2-379adbc01ef0 at term 1 for becomeLeader, leader elected after 1072ms
2025-05-13 08:08:50,157 [d9a075f3-fd90-436c-93e2-379adbc01ef0@group-040DD8D60FAC-LeaderElection6] INFO  segmented.SegmentedRaftLogWorker (SegmentedRaftLogWorker.java:startLogSegment(438)) - d9a075f3-fd90-436c-93e2-379adbc01ef0@group-040DD8D60FAC-SegmentedRaftLogWorker: Starting segment from index:0
2025-05-13 08:08:50,158 [d9a075f3-fd90-436c-93e2-379adbc01ef0@group-040DD8D60FAC-SegmentedRaftLogWorker] INFO  segmented.BufferedWriteChannel (BufferedWriteChannel.java:open(61)) - open log_inprogress_0 at position 0
2025-05-13 08:08:50,159 [d9a075f3-fd90-436c-93e2-379adbc01ef0@group-040DD8D60FAC-LeaderElection6] INFO  server.RaftServer$Division (ServerState.java:setRaftConf(386)) - d9a075f3-fd90-436c-93e2-379adbc01ef0@group-040DD8D60FAC: set configuration conf: {index: 0, cur=peers:[d9a075f3-fd90-436c-93e2-379adbc01ef0|127.0.0.1:15023]|listeners:[], old=null}
2025-05-13 08:08:50,159 [EventQueue-PipelineReportForOneReplicaPipelineSafeModeRule] INFO  safemode.SCMSafeModeManager (SCMSafeModeManager.java:validateSafeModeExitRules(140)) - AtleastOneDatanodeReportedRule rule is successfully validated
2025-05-13 08:08:50,160 [EventQueue-OpenPipelineForHealthyPipelineSafeModeRule] INFO  safemode.SCMSafeModeManager (HealthyPipelineSafeModeRule.java:process(141)) - SCM in safe mode. Healthy pipelines reported count is 0, required healthy pipeline reported count is 1
2025-05-13 08:08:50,166 [d9a075f3-fd90-436c-93e2-379adbc01ef0@group-040DD8D60FAC-SegmentedRaftLogWorker] INFO  segmented.SegmentedRaftLogWorker (SegmentedRaftLogWorker.java:execute(644)) - d9a075f3-fd90-436c-93e2-379adbc01ef0@group-040DD8D60FAC-SegmentedRaftLogWorker: created new log segment /home/runner/work/ozone/ozone/hadoop-ozone/integration-test-s3/target/test-dir/MiniOzoneClusterImpl-51e975e3-87ca-4f9c-b22e-f289b69b5230/ozone-meta/datanode-2/ratis/52b1cad3-e50f-4069-a1eb-040dd8d60fac/current/log_inprogress_0
2025-05-13 08:08:50,169 [d9a075f3-fd90-436c-93e2-379adbc01ef0@group-040DD8D60FAC-StateMachineUpdater] INFO  server.RaftServer$Division (LeaderStateImpl.java:checkStartIndex(313)) - Leader d9a075f3-fd90-436c-93e2-379adbc01ef0@group-040DD8D60FAC-LeaderStateImpl is ready since appliedIndex == startIndex == 0
2025-05-13 08:08:50,279 [d9a075f3-fd90-436c-93e2-379adbc01ef0@group-FD863BC0D192-FollowerState] INFO  impl.FollowerState (FollowerState.java:runImpl(161)) - d9a075f3-fd90-436c-93e2-379adbc01ef0@group-FD863BC0D192-FollowerState: change to CANDIDATE, lastRpcElapsedTime:1005888339ns, electionTimeout:1005ms
2025-05-13 08:08:50,279 [d9a075f3-fd90-436c-93e2-379adbc01ef0@group-FD863BC0D192-FollowerState] INFO  impl.RoleInfo (RoleInfo.java:shutdownFollowerState(121)) - d9a075f3-fd90-436c-93e2-379adbc01ef0: shutdown d9a075f3-fd90-436c-93e2-379adbc01ef0@group-FD863BC0D192-FollowerState
2025-05-13 08:08:50,279 [d9a075f3-fd90-436c-93e2-379adbc01ef0@group-FD863BC0D192-FollowerState] INFO  server.RaftServer$Division (RaftServerImpl.java:setRole(378)) - d9a075f3-fd90-436c-93e2-379adbc01ef0@group-FD863BC0D192: changes role from  FOLLOWER to CANDIDATE at term 0 for changeToCandidate
2025-05-13 08:08:50,279 [d9a075f3-fd90-436c-93e2-379adbc01ef0@group-FD863BC0D192-FollowerState] INFO  server.RaftServerConfigKeys (ConfUtils.java:logGet(46)) - raft.server.leaderelection.pre-vote = true (default)
2025-05-13 08:08:50,279 [d9a075f3-fd90-436c-93e2-379adbc01ef0@group-FD863BC0D192-FollowerState] INFO  impl.RoleInfo (RoleInfo.java:updateAndGet(148)) - d9a075f3-fd90-436c-93e2-379adbc01ef0: start d9a075f3-fd90-436c-93e2-379adbc01ef0@group-FD863BC0D192-LeaderElection7
2025-05-13 08:08:50,280 [d9a075f3-fd90-436c-93e2-379adbc01ef0@group-FD863BC0D192-LeaderElection7] INFO  impl.LeaderElection (LeaderElection.java:askForVotes(332)) - d9a075f3-fd90-436c-93e2-379adbc01ef0@group-FD863BC0D192-LeaderElection7 PRE_VOTE round 0: submit vote requests at term 0 for conf: {index: -1, cur=peers:[408a00a1-9245-41fc-8d00-8f9b4b0cd246|127.0.0.1:15015, d9a075f3-fd90-436c-93e2-379adbc01ef0|127.0.0.1:15023, 4fab203c-b5a4-47f8-9680-c8b7d06953a5|127.0.0.1:15031]|listeners:[], old=null}
2025-05-13 08:08:50,281 [d9a075f3-fd90-436c-93e2-379adbc01ef0@group-FD863BC0D192-LeaderElection7-1] INFO  server.GrpcServerProtocolClient (GrpcServerProtocolClient.java:<init>(65)) - Build channel for 408a00a1-9245-41fc-8d00-8f9b4b0cd246|127.0.0.1:15015
2025-05-13 08:08:50,281 [d9a075f3-fd90-436c-93e2-379adbc01ef0@group-FD863BC0D192-LeaderElection7-2] INFO  server.GrpcServerProtocolClient (GrpcServerProtocolClient.java:<init>(65)) - Build channel for 4fab203c-b5a4-47f8-9680-c8b7d06953a5|127.0.0.1:15031
2025-05-13 08:08:50,281 [d9a075f3-fd90-436c-93e2-379adbc01ef0@group-FD863BC0D192-LeaderElection7] INFO  server.RaftServerConfigKeys (ConfUtils.java:logGet(46)) - raft.server.rpc.first-election.timeout.min = 1000ms (custom)
2025-05-13 08:08:50,282 [d9a075f3-fd90-436c-93e2-379adbc01ef0@group-FD863BC0D192-LeaderElection7] INFO  server.RaftServerConfigKeys (ConfUtils.java:logGet(46)) - raft.server.rpc.first-election.timeout.max = 1200ms (custom)
2025-05-13 08:08:50,289 [grpc-default-executor-1] INFO  server.RaftServer$Division (RaftServerImpl.java:requestVote(1407)) - 408a00a1-9245-41fc-8d00-8f9b4b0cd246@group-FD863BC0D192: receive requestVote(PRE_VOTE, d9a075f3-fd90-436c-93e2-379adbc01ef0, group-FD863BC0D192, 0, (t:0, i:0))
2025-05-13 08:08:50,289 [grpc-default-executor-1] INFO  impl.VoteContext (VoteContext.java:log(49)) - 408a00a1-9245-41fc-8d00-8f9b4b0cd246@group-FD863BC0D192-FOLLOWER: reject PRE_VOTE from d9a075f3-fd90-436c-93e2-379adbc01ef0: our priority 1 > candidate's priority 0
2025-05-13 08:08:50,289 [grpc-default-executor-1] INFO  server.RaftServer$Division (RaftServerImpl.java:requestVote(1441)) - 408a00a1-9245-41fc-8d00-8f9b4b0cd246@group-FD863BC0D192 replies to PRE_VOTE vote request: d9a075f3-fd90-436c-93e2-379adbc01ef0<-408a00a1-9245-41fc-8d00-8f9b4b0cd246#0:FAIL-t0. Peer's state: 408a00a1-9245-41fc-8d00-8f9b4b0cd246@group-FD863BC0D192:t0, leader=null, voted=, raftlog=Memoized:408a00a1-9245-41fc-8d00-8f9b4b0cd246@group-FD863BC0D192-SegmentedRaftLog:OPENED:c-1:lastnull, conf=conf: {index: -1, cur=peers:[408a00a1-9245-41fc-8d00-8f9b4b0cd246|127.0.0.1:15015, d9a075f3-fd90-436c-93e2-379adbc01ef0|127.0.0.1:15023, 4fab203c-b5a4-47f8-9680-c8b7d06953a5|127.0.0.1:15031]|listeners:[], old=null}
2025-05-13 08:08:50,290 [grpc-default-executor-0] INFO  server.RaftServer$Division (RaftServerImpl.java:requestVote(1407)) - 4fab203c-b5a4-47f8-9680-c8b7d06953a5@group-FD863BC0D192: receive requestVote(PRE_VOTE, d9a075f3-fd90-436c-93e2-379adbc01ef0, group-FD863BC0D192, 0, (t:0, i:0))
2025-05-13 08:08:50,290 [grpc-default-executor-0] INFO  impl.VoteContext (VoteContext.java:log(49)) - 4fab203c-b5a4-47f8-9680-c8b7d06953a5@group-FD863BC0D192-FOLLOWER: accept PRE_VOTE from d9a075f3-fd90-436c-93e2-379adbc01ef0: our priority 0 <= candidate's priority 0
2025-05-13 08:08:50,290 [grpc-default-executor-0] INFO  server.RaftServer$Division (RaftServerImpl.java:requestVote(1441)) - 4fab203c-b5a4-47f8-9680-c8b7d06953a5@group-FD863BC0D192 replies to PRE_VOTE vote request: d9a075f3-fd90-436c-93e2-379adbc01ef0<-4fab203c-b5a4-47f8-9680-c8b7d06953a5#0:OK-t0. Peer's state: 4fab203c-b5a4-47f8-9680-c8b7d06953a5@group-FD863BC0D192:t0, leader=null, voted=, raftlog=Memoized:4fab203c-b5a4-47f8-9680-c8b7d06953a5@group-FD863BC0D192-SegmentedRaftLog:OPENED:c-1:lastnull, conf=conf: {index: -1, cur=peers:[408a00a1-9245-41fc-8d00-8f9b4b0cd246|127.0.0.1:15015, d9a075f3-fd90-436c-93e2-379adbc01ef0|127.0.0.1:15023, 4fab203c-b5a4-47f8-9680-c8b7d06953a5|127.0.0.1:15031]|listeners:[], old=null}
2025-05-13 08:08:50,293 [d9a075f3-fd90-436c-93e2-379adbc01ef0@group-FD863BC0D192-LeaderElection7] INFO  impl.LeaderElection (LeaderElection.java:logAndReturn(90)) - d9a075f3-fd90-436c-93e2-379adbc01ef0@group-FD863BC0D192-LeaderElection7: PRE_VOTE REJECTED received 1 response(s) and 0 exception(s):
2025-05-13 08:08:50,293 [d9a075f3-fd90-436c-93e2-379adbc01ef0@group-FD863BC0D192-LeaderElection7] INFO  impl.LeaderElection (LeaderElection.java:logAndReturn(94)) -   Response 0: d9a075f3-fd90-436c-93e2-379adbc01ef0<-408a00a1-9245-41fc-8d00-8f9b4b0cd246#0:FAIL-t0
2025-05-13 08:08:50,294 [d9a075f3-fd90-436c-93e2-379adbc01ef0@group-FD863BC0D192-LeaderElection7] INFO  impl.LeaderElection (LeaderElection.java:askForVotes(334)) - d9a075f3-fd90-436c-93e2-379adbc01ef0@group-FD863BC0D192-LeaderElection7 PRE_VOTE round 0: result REJECTED
2025-05-13 08:08:50,294 [d9a075f3-fd90-436c-93e2-379adbc01ef0@group-FD863BC0D192-LeaderElection7] INFO  server.RaftServer$Division (RaftServerImpl.java:setRole(378)) - d9a075f3-fd90-436c-93e2-379adbc01ef0@group-FD863BC0D192: changes role from CANDIDATE to FOLLOWER at term 0 for REJECTED
2025-05-13 08:08:50,294 [d9a075f3-fd90-436c-93e2-379adbc01ef0@group-FD863BC0D192-LeaderElection7] INFO  impl.RoleInfo (RoleInfo.java:shutdownLeaderElection(141)) - d9a075f3-fd90-436c-93e2-379adbc01ef0: shutdown d9a075f3-fd90-436c-93e2-379adbc01ef0@group-FD863BC0D192-LeaderElection7
2025-05-13 08:08:50,294 [d9a075f3-fd90-436c-93e2-379adbc01ef0@group-FD863BC0D192-LeaderElection7] INFO  impl.RoleInfo (RoleInfo.java:updateAndGet(148)) - d9a075f3-fd90-436c-93e2-379adbc01ef0: start d9a075f3-fd90-436c-93e2-379adbc01ef0@group-FD863BC0D192-FollowerState
2025-05-13 08:08:50,295 [d9a075f3-fd90-436c-93e2-379adbc01ef0@group-FD863BC0D192-FollowerState] INFO  server.RaftServerConfigKeys (ConfUtils.java:logGet(46)) - raft.server.rpc.first-election.timeout.min = 1000ms (custom)
2025-05-13 08:08:50,295 [d9a075f3-fd90-436c-93e2-379adbc01ef0@group-FD863BC0D192-FollowerState] INFO  server.RaftServerConfigKeys (ConfUtils.java:logGet(46)) - raft.server.rpc.first-election.timeout.max = 1200ms (custom)
2025-05-13 08:08:50,295 [d9a075f3-fd90-436c-93e2-379adbc01ef0@group-FD863BC0D192-LeaderElection7] INFO  server.RaftServer$Division (RaftServerImpl.java:setFirstElection(562)) - d9a075f3-fd90-436c-93e2-379adbc01ef0@group-FD863BC0D192: set firstElectionSinceStartup to false for REJECTED
2025-05-13 08:08:50,304 [408a00a1-9245-41fc-8d00-8f9b4b0cd246@group-FD863BC0D192-FollowerState] INFO  impl.FollowerState (FollowerState.java:runImpl(161)) - 408a00a1-9245-41fc-8d00-8f9b4b0cd246@group-FD863BC0D192-FollowerState: change to CANDIDATE, lastRpcElapsedTime:1029669583ns, electionTimeout:1028ms
2025-05-13 08:08:50,304 [408a00a1-9245-41fc-8d00-8f9b4b0cd246@group-FD863BC0D192-FollowerState] INFO  impl.RoleInfo (RoleInfo.java:shutdownFollowerState(121)) - 408a00a1-9245-41fc-8d00-8f9b4b0cd246: shutdown 408a00a1-9245-41fc-8d00-8f9b4b0cd246@group-FD863BC0D192-FollowerState
2025-05-13 08:08:50,304 [408a00a1-9245-41fc-8d00-8f9b4b0cd246@group-FD863BC0D192-FollowerState] INFO  server.RaftServer$Division (RaftServerImpl.java:setRole(378)) - 408a00a1-9245-41fc-8d00-8f9b4b0cd246@group-FD863BC0D192: changes role from  FOLLOWER to CANDIDATE at term 0 for changeToCandidate
2025-05-13 08:08:50,304 [408a00a1-9245-41fc-8d00-8f9b4b0cd246@group-FD863BC0D192-FollowerState] INFO  server.RaftServerConfigKeys (ConfUtils.java:logGet(46)) - raft.server.leaderelection.pre-vote = true (default)
2025-05-13 08:08:50,304 [408a00a1-9245-41fc-8d00-8f9b4b0cd246@group-FD863BC0D192-FollowerState] INFO  impl.RoleInfo (RoleInfo.java:updateAndGet(148)) - 408a00a1-9245-41fc-8d00-8f9b4b0cd246: start 408a00a1-9245-41fc-8d00-8f9b4b0cd246@group-FD863BC0D192-LeaderElection8
2025-05-13 08:08:50,305 [408a00a1-9245-41fc-8d00-8f9b4b0cd246@group-FD863BC0D192-LeaderElection8] INFO  impl.LeaderElection (LeaderElection.java:askForVotes(332)) - 408a00a1-9245-41fc-8d00-8f9b4b0cd246@group-FD863BC0D192-LeaderElection8 PRE_VOTE round 0: submit vote requests at term 0 for conf: {index: -1, cur=peers:[408a00a1-9245-41fc-8d00-8f9b4b0cd246|127.0.0.1:15015, d9a075f3-fd90-436c-93e2-379adbc01ef0|127.0.0.1:15023, 4fab203c-b5a4-47f8-9680-c8b7d06953a5|127.0.0.1:15031]|listeners:[], old=null}
2025-05-13 08:08:50,306 [408a00a1-9245-41fc-8d00-8f9b4b0cd246@group-FD863BC0D192-LeaderElection8] INFO  server.RaftServerConfigKeys (ConfUtils.java:logGet(46)) - raft.server.rpc.first-election.timeout.min = 1000ms (custom)
2025-05-13 08:08:50,306 [408a00a1-9245-41fc-8d00-8f9b4b0cd246@group-FD863BC0D192-LeaderElection8] INFO  server.RaftServerConfigKeys (ConfUtils.java:logGet(46)) - raft.server.rpc.first-election.timeout.max = 1200ms (custom)
2025-05-13 08:08:50,309 [grpc-default-executor-1] INFO  server.RaftServer$Division (RaftServerImpl.java:requestVote(1407)) - d9a075f3-fd90-436c-93e2-379adbc01ef0@group-FD863BC0D192: receive requestVote(PRE_VOTE, 408a00a1-9245-41fc-8d00-8f9b4b0cd246, group-FD863BC0D192, 0, (t:0, i:0))
2025-05-13 08:08:50,309 [d9a075f3-fd90-436c-93e2-379adbc01ef0@group-D61D47490DC1-FollowerState] INFO  server.RaftServerConfigKeys (ConfUtils.java:logGet(46)) - raft.server.rpc.first-election.timeout.min = 1000ms (custom)
2025-05-13 08:08:50,309 [d9a075f3-fd90-436c-93e2-379adbc01ef0@group-D61D47490DC1-FollowerState] INFO  server.RaftServerConfigKeys (ConfUtils.java:logGet(46)) - raft.server.rpc.first-election.timeout.max = 1200ms (custom)
2025-05-13 08:08:50,309 [grpc-default-executor-1] INFO  impl.VoteContext (VoteContext.java:log(49)) - d9a075f3-fd90-436c-93e2-379adbc01ef0@group-FD863BC0D192-FOLLOWER: accept PRE_VOTE from 408a00a1-9245-41fc-8d00-8f9b4b0cd246: our priority 0 <= candidate's priority 1
2025-05-13 08:08:50,309 [grpc-default-executor-1] INFO  server.RaftServer$Division (RaftServerImpl.java:requestVote(1441)) - d9a075f3-fd90-436c-93e2-379adbc01ef0@group-FD863BC0D192 replies to PRE_VOTE vote request: 408a00a1-9245-41fc-8d00-8f9b4b0cd246<-d9a075f3-fd90-436c-93e2-379adbc01ef0#0:OK-t0. Peer's state: d9a075f3-fd90-436c-93e2-379adbc01ef0@group-FD863BC0D192:t0, leader=null, voted=, raftlog=Memoized:d9a075f3-fd90-436c-93e2-379adbc01ef0@group-FD863BC0D192-SegmentedRaftLog:OPENED:c-1:lastnull, conf=conf: {index: -1, cur=peers:[408a00a1-9245-41fc-8d00-8f9b4b0cd246|127.0.0.1:15015, d9a075f3-fd90-436c-93e2-379adbc01ef0|127.0.0.1:15023, 4fab203c-b5a4-47f8-9680-c8b7d06953a5|127.0.0.1:15031]|listeners:[], old=null}
2025-05-13 08:08:50,311 [grpc-default-executor-1] INFO  server.RaftServer$Division (RaftServerImpl.java:requestVote(1407)) - 4fab203c-b5a4-47f8-9680-c8b7d06953a5@group-FD863BC0D192: receive requestVote(PRE_VOTE, 408a00a1-9245-41fc-8d00-8f9b4b0cd246, group-FD863BC0D192, 0, (t:0, i:0))
2025-05-13 08:08:50,311 [grpc-default-executor-1] INFO  impl.VoteContext (VoteContext.java:log(49)) - 4fab203c-b5a4-47f8-9680-c8b7d06953a5@group-FD863BC0D192-FOLLOWER: accept PRE_VOTE from 408a00a1-9245-41fc-8d00-8f9b4b0cd246: our priority 0 <= candidate's priority 1
2025-05-13 08:08:50,311 [grpc-default-executor-1] INFO  server.RaftServer$Division (RaftServerImpl.java:requestVote(1441)) - 4fab203c-b5a4-47f8-9680-c8b7d06953a5@group-FD863BC0D192 replies to PRE_VOTE vote request: 408a00a1-9245-41fc-8d00-8f9b4b0cd246<-4fab203c-b5a4-47f8-9680-c8b7d06953a5#0:OK-t0. Peer's state: 4fab203c-b5a4-47f8-9680-c8b7d06953a5@group-FD863BC0D192:t0, leader=null, voted=, raftlog=Memoized:4fab203c-b5a4-47f8-9680-c8b7d06953a5@group-FD863BC0D192-SegmentedRaftLog:OPENED:c-1:lastnull, conf=conf: {index: -1, cur=peers:[408a00a1-9245-41fc-8d00-8f9b4b0cd246|127.0.0.1:15015, d9a075f3-fd90-436c-93e2-379adbc01ef0|127.0.0.1:15023, 4fab203c-b5a4-47f8-9680-c8b7d06953a5|127.0.0.1:15031]|listeners:[], old=null}
2025-05-13 08:08:50,312 [408a00a1-9245-41fc-8d00-8f9b4b0cd246@group-FD863BC0D192-LeaderElection8] INFO  impl.LeaderElection (LeaderElection.java:logAndReturn(90)) - 408a00a1-9245-41fc-8d00-8f9b4b0cd246@group-FD863BC0D192-LeaderElection8: PRE_VOTE PASSED received 1 response(s) and 0 exception(s):
2025-05-13 08:08:50,312 [408a00a1-9245-41fc-8d00-8f9b4b0cd246@group-FD863BC0D192-LeaderElection8] INFO  impl.LeaderElection (LeaderElection.java:logAndReturn(94)) -   Response 0: 408a00a1-9245-41fc-8d00-8f9b4b0cd246<-d9a075f3-fd90-436c-93e2-379adbc01ef0#0:OK-t0
2025-05-13 08:08:50,312 [408a00a1-9245-41fc-8d00-8f9b4b0cd246@group-FD863BC0D192-LeaderElection8] INFO  impl.LeaderElection (LeaderElection.java:askForVotes(334)) - 408a00a1-9245-41fc-8d00-8f9b4b0cd246@group-FD863BC0D192-LeaderElection8 PRE_VOTE round 0: result PASSED
2025-05-13 08:08:50,316 [408a00a1-9245-41fc-8d00-8f9b4b0cd246@group-FD863BC0D192-LeaderElection8] INFO  impl.LeaderElection (LeaderElection.java:askForVotes(332)) - 408a00a1-9245-41fc-8d00-8f9b4b0cd246@group-FD863BC0D192-LeaderElection8 ELECTION round 0: submit vote requests at term 1 for conf: {index: -1, cur=peers:[408a00a1-9245-41fc-8d00-8f9b4b0cd246|127.0.0.1:15015, d9a075f3-fd90-436c-93e2-379adbc01ef0|127.0.0.1:15023, 4fab203c-b5a4-47f8-9680-c8b7d06953a5|127.0.0.1:15031]|listeners:[], old=null}
2025-05-13 08:08:50,318 [408a00a1-9245-41fc-8d00-8f9b4b0cd246@group-FD863BC0D192-LeaderElection8] INFO  server.RaftServerConfigKeys (ConfUtils.java:logGet(46)) - raft.server.rpc.first-election.timeout.min = 1000ms (custom)
2025-05-13 08:08:50,318 [408a00a1-9245-41fc-8d00-8f9b4b0cd246@group-FD863BC0D192-LeaderElection8] INFO  server.RaftServerConfigKeys (ConfUtils.java:logGet(46)) - raft.server.rpc.first-election.timeout.max = 1200ms (custom)
2025-05-13 08:08:50,319 [grpc-default-executor-1] INFO  server.RaftServer$Division (RaftServerImpl.java:requestVote(1407)) - d9a075f3-fd90-436c-93e2-379adbc01ef0@group-FD863BC0D192: receive requestVote(ELECTION, 408a00a1-9245-41fc-8d00-8f9b4b0cd246, group-FD863BC0D192, 1, (t:0, i:0))
2025-05-13 08:08:50,319 [grpc-default-executor-1] INFO  impl.VoteContext (VoteContext.java:log(49)) - d9a075f3-fd90-436c-93e2-379adbc01ef0@group-FD863BC0D192-FOLLOWER: accept ELECTION from 408a00a1-9245-41fc-8d00-8f9b4b0cd246: our priority 0 <= candidate's priority 1
2025-05-13 08:08:50,319 [grpc-default-executor-1] INFO  server.RaftServer$Division (RaftServerImpl.java:setRole(378)) - d9a075f3-fd90-436c-93e2-379adbc01ef0@group-FD863BC0D192: changes role from  FOLLOWER to FOLLOWER at term 0 for candidate:408a00a1-9245-41fc-8d00-8f9b4b0cd246
2025-05-13 08:08:50,319 [grpc-default-executor-1] INFO  impl.RoleInfo (RoleInfo.java:shutdownFollowerState(121)) - d9a075f3-fd90-436c-93e2-379adbc01ef0: shutdown d9a075f3-fd90-436c-93e2-379adbc01ef0@group-FD863BC0D192-FollowerState
2025-05-13 08:08:50,319 [grpc-default-executor-1] INFO  impl.RoleInfo (RoleInfo.java:updateAndGet(148)) - d9a075f3-fd90-436c-93e2-379adbc01ef0: start d9a075f3-fd90-436c-93e2-379adbc01ef0@group-FD863BC0D192-FollowerState
2025-05-13 08:08:50,319 [grpc-default-executor-0] INFO  server.RaftServer$Division (RaftServerImpl.java:requestVote(1407)) - 4fab203c-b5a4-47f8-9680-c8b7d06953a5@group-FD863BC0D192: receive requestVote(ELECTION, 408a00a1-9245-41fc-8d00-8f9b4b0cd246, group-FD863BC0D192, 1, (t:0, i:0))
2025-05-13 08:08:50,319 [grpc-default-executor-0] INFO  impl.VoteContext (VoteContext.java:log(49)) - 4fab203c-b5a4-47f8-9680-c8b7d06953a5@group-FD863BC0D192-FOLLOWER: accept ELECTION from 408a00a1-9245-41fc-8d00-8f9b4b0cd246: our priority 0 <= candidate's priority 1
2025-05-13 08:08:50,319 [grpc-default-executor-0] INFO  server.RaftServer$Division (RaftServerImpl.java:setRole(378)) - 4fab203c-b5a4-47f8-9680-c8b7d06953a5@group-FD863BC0D192: changes role from  FOLLOWER to FOLLOWER at term 0 for candidate:408a00a1-9245-41fc-8d00-8f9b4b0cd246
2025-05-13 08:08:50,319 [grpc-default-executor-0] INFO  impl.RoleInfo (RoleInfo.java:shutdownFollowerState(121)) - 4fab203c-b5a4-47f8-9680-c8b7d06953a5: shutdown 4fab203c-b5a4-47f8-9680-c8b7d06953a5@group-FD863BC0D192-FollowerState
2025-05-13 08:08:50,319 [d9a075f3-fd90-436c-93e2-379adbc01ef0@group-FD863BC0D192-FollowerState] INFO  impl.FollowerState (FollowerState.java:runImpl(170)) - d9a075f3-fd90-436c-93e2-379adbc01ef0@group-FD863BC0D192-FollowerState was interrupted
2025-05-13 08:08:50,320 [grpc-default-executor-0] INFO  impl.RoleInfo (RoleInfo.java:updateAndGet(148)) - 4fab203c-b5a4-47f8-9680-c8b7d06953a5: start 4fab203c-b5a4-47f8-9680-c8b7d06953a5@group-FD863BC0D192-FollowerState
2025-05-13 08:08:50,320 [4fab203c-b5a4-47f8-9680-c8b7d06953a5@group-FD863BC0D192-FollowerState] INFO  impl.FollowerState (FollowerState.java:runImpl(170)) - 4fab203c-b5a4-47f8-9680-c8b7d06953a5@group-FD863BC0D192-FollowerState was interrupted
2025-05-13 08:08:50,320 [grpc-default-executor-0] INFO  server.RaftServer$Division (RaftServerImpl.java:setFirstElection(562)) - 4fab203c-b5a4-47f8-9680-c8b7d06953a5@group-FD863BC0D192: set firstElectionSinceStartup to false for candidate:408a00a1-9245-41fc-8d00-8f9b4b0cd246
2025-05-13 08:08:50,322 [grpc-default-executor-1] INFO  server.RaftServer$Division (RaftServerImpl.java:requestVote(1441)) - d9a075f3-fd90-436c-93e2-379adbc01ef0@group-FD863BC0D192 replies to ELECTION vote request: 408a00a1-9245-41fc-8d00-8f9b4b0cd246<-d9a075f3-fd90-436c-93e2-379adbc01ef0#0:OK-t1. Peer's state: d9a075f3-fd90-436c-93e2-379adbc01ef0@group-FD863BC0D192:t1, leader=null, voted=408a00a1-9245-41fc-8d00-8f9b4b0cd246, raftlog=Memoized:d9a075f3-fd90-436c-93e2-379adbc01ef0@group-FD863BC0D192-SegmentedRaftLog:OPENED:c-1:lastnull, conf=conf: {index: -1, cur=peers:[408a00a1-9245-41fc-8d00-8f9b4b0cd246|127.0.0.1:15015, d9a075f3-fd90-436c-93e2-379adbc01ef0|127.0.0.1:15023, 4fab203c-b5a4-47f8-9680-c8b7d06953a5|127.0.0.1:15031]|listeners:[], old=null}
2025-05-13 08:08:50,323 [grpc-default-executor-0] INFO  server.RaftServer$Division (RaftServerImpl.java:requestVote(1441)) - 4fab203c-b5a4-47f8-9680-c8b7d06953a5@group-FD863BC0D192 replies to ELECTION vote request: 408a00a1-9245-41fc-8d00-8f9b4b0cd246<-4fab203c-b5a4-47f8-9680-c8b7d06953a5#0:OK-t1. Peer's state: 4fab203c-b5a4-47f8-9680-c8b7d06953a5@group-FD863BC0D192:t1, leader=null, voted=408a00a1-9245-41fc-8d00-8f9b4b0cd246, raftlog=Memoized:4fab203c-b5a4-47f8-9680-c8b7d06953a5@group-FD863BC0D192-SegmentedRaftLog:OPENED:c-1:lastnull, conf=conf: {index: -1, cur=peers:[408a00a1-9245-41fc-8d00-8f9b4b0cd246|127.0.0.1:15015, d9a075f3-fd90-436c-93e2-379adbc01ef0|127.0.0.1:15023, 4fab203c-b5a4-47f8-9680-c8b7d06953a5|127.0.0.1:15031]|listeners:[], old=null}
2025-05-13 08:08:50,324 [408a00a1-9245-41fc-8d00-8f9b4b0cd246@group-FD863BC0D192-LeaderElection8] INFO  impl.LeaderElection (LeaderElection.java:logAndReturn(90)) - 408a00a1-9245-41fc-8d00-8f9b4b0cd246@group-FD863BC0D192-LeaderElection8: ELECTION PASSED received 1 response(s) and 0 exception(s):
2025-05-13 08:08:50,324 [408a00a1-9245-41fc-8d00-8f9b4b0cd246@group-FD863BC0D192-LeaderElection8] INFO  impl.LeaderElection (LeaderElection.java:logAndReturn(94)) -   Response 0: 408a00a1-9245-41fc-8d00-8f9b4b0cd246<-d9a075f3-fd90-436c-93e2-379adbc01ef0#0:OK-t1
2025-05-13 08:08:50,324 [408a00a1-9245-41fc-8d00-8f9b4b0cd246@group-FD863BC0D192-LeaderElection8] INFO  impl.LeaderElection (LeaderElection.java:askForVotes(334)) - 408a00a1-9245-41fc-8d00-8f9b4b0cd246@group-FD863BC0D192-LeaderElection8 ELECTION round 0: result PASSED
2025-05-13 08:08:50,325 [408a00a1-9245-41fc-8d00-8f9b4b0cd246@group-FD863BC0D192-LeaderElection8] INFO  impl.RoleInfo (RoleInfo.java:shutdownLeaderElection(141)) - 408a00a1-9245-41fc-8d00-8f9b4b0cd246: shutdown 408a00a1-9245-41fc-8d00-8f9b4b0cd246@group-FD863BC0D192-LeaderElection8
2025-05-13 08:08:50,325 [408a00a1-9245-41fc-8d00-8f9b4b0cd246@group-FD863BC0D192-LeaderElection8] INFO  server.RaftServer$Division (RaftServerImpl.java:setRole(378)) - 408a00a1-9245-41fc-8d00-8f9b4b0cd246@group-FD863BC0D192: changes role from CANDIDATE to LEADER at term 1 for changeToLeader
2025-05-13 08:08:50,325 [408a00a1-9245-41fc-8d00-8f9b4b0cd246@group-FD863BC0D192-LeaderElection8] INFO  server.RaftServerConfigKeys (ConfUtils.java:logGet(46)) - raft.server.staging.catchup.gap = 1000 (default)
2025-05-13 08:08:50,325 [408a00a1-9245-41fc-8d00-8f9b4b0cd246@group-FD863BC0D192-LeaderElection8] INFO  server.RaftServerConfigKeys (ConfUtils.java:logGet(46)) - raft.server.write.element-limit = 1024 (custom)
2025-05-13 08:08:50,325 [408a00a1-9245-41fc-8d00-8f9b4b0cd246@group-FD863BC0D192-LeaderElection8] INFO  server.RaftServerConfigKeys (ConfUtils.java:logGet(46)) - raft.server.write.byte-limit = 1024 M (=1073741824) (custom)
2025-05-13 08:08:50,327 [408a00a1-9245-41fc-8d00-8f9b4b0cd246@group-FD863BC0D192-LeaderElection8] INFO  server.RaftServerConfigKeys (ConfUtils.java:logGet(46)) - raft.server.watch.timeout = 30s (custom)
2025-05-13 08:08:50,327 [408a00a1-9245-41fc-8d00-8f9b4b0cd246@group-FD863BC0D192-LeaderElection8] INFO  server.RaftServerConfigKeys (ConfUtils.java:logGet(46)) - raft.server.watch.timeout.denomination = 1s (default)
2025-05-13 08:08:50,328 [408a00a1-9245-41fc-8d00-8f9b4b0cd246@group-FD863BC0D192-LeaderElection8] INFO  server.RaftServerConfigKeys (ConfUtils.java:logGet(46)) - raft.server.watch.element-limit = 65536 (default)
2025-05-13 08:08:50,328 [408a00a1-9245-41fc-8d00-8f9b4b0cd246@group-FD863BC0D192-LeaderElection8] INFO  server.RaftServerConfigKeys (ConfUtils.java:logGet(46)) - raft.server.read.leader.lease.enabled = false (default)
2025-05-13 08:08:50,328 [408a00a1-9245-41fc-8d00-8f9b4b0cd246@group-FD863BC0D192-LeaderElection8] INFO  server.RaftServerConfigKeys (ConfUtils.java:logGet(46)) - raft.server.read.leader.lease.timeout.ratio = 0.9 (default)
2025-05-13 08:08:50,328 [408a00a1-9245-41fc-8d00-8f9b4b0cd246@group-FD863BC0D192-LeaderElection8] INFO  server.RaftServerConfigKeys (ConfUtils.java:logGet(46)) - raft.server.rpc.timeout.min = 5s (custom)
2025-05-13 08:08:50,329 [408a00a1-9245-41fc-8d00-8f9b4b0cd246@group-FD863BC0D192-LeaderElection8] INFO  server.RaftServerConfigKeys (ConfUtils.java:logGet(46)) - raft.server.log.log-metadata.enabled = true (default)
2025-05-13 08:08:50,329 [408a00a1-9245-41fc-8d00-8f9b4b0cd246@group-FD863BC0D192-LeaderElection8] INFO  server.RaftServerConfigKeys (ConfUtils.java:logGet(46)) - raft.server.write.element-limit = 1024 (custom)
2025-05-13 08:08:50,329 [408a00a1-9245-41fc-8d00-8f9b4b0cd246@group-FD863BC0D192-LeaderElection8] INFO  server.RaftServerConfigKeys (ConfUtils.java:logGet(46)) - raft.server.write.follower.gap.ratio.max = -1.0 (default)
2025-05-13 08:08:50,336 [408a00a1-9245-41fc-8d00-8f9b4b0cd246@group-FD863BC0D192-LeaderElection8] INFO  server.RaftServerConfigKeys (ConfUtils.java:logGet(46)) - raft.server.log.appender.snapshot.chunk.size.max = 16MB (=16777216) (default)
2025-05-13 08:08:50,336 [408a00a1-9245-41fc-8d00-8f9b4b0cd246@group-FD863BC0D192-LeaderElection8] INFO  server.RaftServerConfigKeys (ConfUtils.java:logGet(46)) - raft.server.log.appender.buffer.byte-limit = 33554432 (custom)
2025-05-13 08:08:50,336 [408a00a1-9245-41fc-8d00-8f9b4b0cd246@group-FD863BC0D192-LeaderElection8] INFO  server.RaftServerConfigKeys (ConfUtils.java:logGet(46)) - raft.server.log.appender.buffer.element-limit = 1024 (custom)
2025-05-13 08:08:50,337 [408a00a1-9245-41fc-8d00-8f9b4b0cd246@group-FD863BC0D192-LeaderElection8] INFO  server.RaftServerConfigKeys (ConfUtils.java:logGet(46)) - raft.server.log.appender.wait-time.min = 0μs (custom)
2025-05-13 08:08:50,338 [408a00a1-9245-41fc-8d00-8f9b4b0cd246@group-FD863BC0D192-LeaderElection8] INFO  grpc.GrpcConfigKeys (ConfUtils.java:logGet(46)) - raft.grpc.server.leader.outstanding.appends.max = 8 (default)
2025-05-13 08:08:50,339 [408a00a1-9245-41fc-8d00-8f9b4b0cd246@group-FD863BC0D192-LeaderElection8] INFO  server.RaftServerConfigKeys (ConfUtils.java:logGet(46)) - raft.server.rpc.request.timeout = 60s (custom)
2025-05-13 08:08:50,339 [408a00a1-9245-41fc-8d00-8f9b4b0cd246@group-FD863BC0D192-LeaderElection8] INFO  grpc.GrpcConfigKeys (ConfUtils.java:logGet(46)) - raft.grpc.server.install_snapshot.request.element-limit = 8 (default)
2025-05-13 08:08:50,339 [408a00a1-9245-41fc-8d00-8f9b4b0cd246@group-FD863BC0D192-LeaderElection8] INFO  grpc.GrpcConfigKeys (ConfUtils.java:logGet(46)) - raft.grpc.server.install_snapshot.request.timeout = 3000ms (default)
2025-05-13 08:08:50,339 [408a00a1-9245-41fc-8d00-8f9b4b0cd246@group-FD863BC0D192-LeaderElection8] INFO  grpc.GrpcConfigKeys (ConfUtils.java:logGet(46)) - raft.grpc.server.log-message.batch.duration = 5s (default)
2025-05-13 08:08:50,339 [408a00a1-9245-41fc-8d00-8f9b4b0cd246@group-FD863BC0D192-LeaderElection8] INFO  server.RaftServerConfigKeys (ConfUtils.java:logGet(46)) - raft.server.log.appender.install.snapshot.enabled = false (custom)
2025-05-13 08:08:50,339 [408a00a1-9245-41fc-8d00-8f9b4b0cd246@group-FD863BC0D192-LeaderElection8] INFO  grpc.GrpcConfigKeys (ConfUtils.java:logGet(46)) - raft.grpc.server.heartbeat.channel = true (default)
2025-05-13 08:08:50,342 [408a00a1-9245-41fc-8d00-8f9b4b0cd246@group-FD863BC0D192-LeaderElection8] INFO  server.RaftServerConfigKeys (ConfUtils.java:logGet(46)) - raft.server.log.appender.snapshot.chunk.size.max = 16MB (=16777216) (default)
2025-05-13 08:08:50,342 [408a00a1-9245-41fc-8d00-8f9b4b0cd246@group-FD863BC0D192-LeaderElection8] INFO  server.RaftServerConfigKeys (ConfUtils.java:logGet(46)) - raft.server.log.appender.buffer.byte-limit = 33554432 (custom)
2025-05-13 08:08:50,342 [408a00a1-9245-41fc-8d00-8f9b4b0cd246@group-FD863BC0D192-LeaderElection8] INFO  server.RaftServerConfigKeys (ConfUtils.java:logGet(46)) - raft.server.log.appender.buffer.element-limit = 1024 (custom)
2025-05-13 08:08:50,342 [408a00a1-9245-41fc-8d00-8f9b4b0cd246@group-FD863BC0D192-LeaderElection8] INFO  server.RaftServerConfigKeys (ConfUtils.java:logGet(46)) - raft.server.log.appender.wait-time.min = 0μs (custom)
2025-05-13 08:08:50,342 [408a00a1-9245-41fc-8d00-8f9b4b0cd246@group-FD863BC0D192-LeaderElection8] INFO  grpc.GrpcConfigKeys (ConfUtils.java:logGet(46)) - raft.grpc.server.leader.outstanding.appends.max = 8 (default)
2025-05-13 08:08:50,343 [408a00a1-9245-41fc-8d00-8f9b4b0cd246@group-FD863BC0D192-LeaderElection8] INFO  server.RaftServerConfigKeys (ConfUtils.java:logGet(46)) - raft.server.rpc.request.timeout = 60s (custom)
2025-05-13 08:08:50,343 [408a00a1-9245-41fc-8d00-8f9b4b0cd246@group-FD863BC0D192-LeaderElection8] INFO  grpc.GrpcConfigKeys (ConfUtils.java:logGet(46)) - raft.grpc.server.install_snapshot.request.element-limit = 8 (default)
2025-05-13 08:08:50,343 [408a00a1-9245-41fc-8d00-8f9b4b0cd246@group-FD863BC0D192-LeaderElection8] INFO  grpc.GrpcConfigKeys (ConfUtils.java:logGet(46)) - raft.grpc.server.install_snapshot.request.timeout = 3000ms (default)
2025-05-13 08:08:50,343 [408a00a1-9245-41fc-8d00-8f9b4b0cd246@group-FD863BC0D192-LeaderElection8] INFO  grpc.GrpcConfigKeys (ConfUtils.java:logGet(46)) - raft.grpc.server.log-message.batch.duration = 5s (default)
2025-05-13 08:08:50,343 [408a00a1-9245-41fc-8d00-8f9b4b0cd246@group-FD863BC0D192-LeaderElection8] INFO  server.RaftServerConfigKeys (ConfUtils.java:logGet(46)) - raft.server.log.appender.install.snapshot.enabled = false (custom)
2025-05-13 08:08:50,343 [408a00a1-9245-41fc-8d00-8f9b4b0cd246@group-FD863BC0D192-LeaderElection8] INFO  grpc.GrpcConfigKeys (ConfUtils.java:logGet(46)) - raft.grpc.server.heartbeat.channel = true (default)
2025-05-13 08:08:50,344 [408a00a1-9245-41fc-8d00-8f9b4b0cd246@group-FD863BC0D192-LeaderElection8] INFO  impl.RoleInfo (RoleInfo.java:updateAndGet(148)) - 408a00a1-9245-41fc-8d00-8f9b4b0cd246: start 408a00a1-9245-41fc-8d00-8f9b4b0cd246@group-FD863BC0D192-LeaderStateImpl
2025-05-13 08:08:50,344 [408a00a1-9245-41fc-8d00-8f9b4b0cd246@group-FD863BC0D192-LeaderElection8] INFO  server.RaftServer$Division (RaftServerImpl.java:setFirstElection(562)) - 408a00a1-9245-41fc-8d00-8f9b4b0cd246@group-FD863BC0D192: set firstElectionSinceStartup to false for becomeLeader
2025-05-13 08:08:50,344 [408a00a1-9245-41fc-8d00-8f9b4b0cd246@group-FD863BC0D192-LeaderElection8] INFO  ratis.XceiverServerRatis (XceiverServerRatis.java:handleLeaderChangedNotification(944)) - Leader change notification received for group: group-FD863BC0D192 with new leaderId: 408a00a1-9245-41fc-8d00-8f9b4b0cd246
2025-05-13 08:08:50,344 [408a00a1-9245-41fc-8d00-8f9b4b0cd246@group-FD863BC0D192-LeaderElection8] INFO  server.RaftServer$Division (ServerState.java:setLeader(272)) - 408a00a1-9245-41fc-8d00-8f9b4b0cd246@group-FD863BC0D192: change Leader from null to 408a00a1-9245-41fc-8d00-8f9b4b0cd246 at term 1 for becomeLeader, leader elected after 1104ms
2025-05-13 08:08:50,344 [408a00a1-9245-41fc-8d00-8f9b4b0cd246@group-FD863BC0D192-LeaderElection8] INFO  segmented.SegmentedRaftLogWorker (SegmentedRaftLogWorker.java:startLogSegment(438)) - 408a00a1-9245-41fc-8d00-8f9b4b0cd246@group-FD863BC0D192-SegmentedRaftLogWorker: Starting segment from index:0
2025-05-13 08:08:50,345 [408a00a1-9245-41fc-8d00-8f9b4b0cd246@group-FD863BC0D192-LeaderElection8] INFO  server.RaftServer$Division (ServerState.java:setRaftConf(386)) - 408a00a1-9245-41fc-8d00-8f9b4b0cd246@group-FD863BC0D192: set configuration conf: {index: 0, cur=peers:[408a00a1-9245-41fc-8d00-8f9b4b0cd246|127.0.0.1:15015, d9a075f3-fd90-436c-93e2-379adbc01ef0|127.0.0.1:15023, 4fab203c-b5a4-47f8-9680-c8b7d06953a5|127.0.0.1:15031]|listeners:[], old=null}
2025-05-13 08:08:50,346 [408a00a1-9245-41fc-8d00-8f9b4b0cd246@group-FD863BC0D192-SegmentedRaftLogWorker] INFO  segmented.BufferedWriteChannel (BufferedWriteChannel.java:open(61)) - open log_inprogress_0 at position 0
2025-05-13 08:08:50,349 [EventQueue-PipelineReportForOneReplicaPipelineSafeModeRule] INFO  safemode.SCMSafeModeManager (SCMSafeModeManager.java:validateSafeModeExitRules(140)) - AtleastOneDatanodeReportedRule rule is successfully validated
2025-05-13 08:08:50,350 [EventQueue-OpenPipelineForHealthyPipelineSafeModeRule] INFO  safemode.SCMSafeModeManager (HealthyPipelineSafeModeRule.java:process(141)) - SCM in safe mode. Healthy pipelines reported count is 0, required healthy pipeline reported count is 1
2025-05-13 08:08:50,354 [c3acf90a-cae3-4912-9a93-76f770441a06@group-F289B69B5230-StateMachineUpdater] INFO  safemode.SCMSafeModeManager (SCMSafeModeManager.java:validateSafeModeExitRules(140)) - DataNodeSafeModeRule rule is successfully validated
2025-05-13 08:08:50,354 [c3acf90a-cae3-4912-9a93-76f770441a06@group-F289B69B5230-StateMachineUpdater] INFO  safemode.SCMSafeModeManager (SCMSafeModeManager.java:validateSafeModeExitRules(140)) - RatisContainerSafeModeRule rule is successfully validated
2025-05-13 08:08:50,354 [c3acf90a-cae3-4912-9a93-76f770441a06@group-F289B69B5230-StateMachineUpdater] INFO  safemode.HealthyPipelineSafeModeRule (HealthyPipelineSafeModeRule.java:initializeRule(173)) - Refreshed total pipeline count is 1, healthy pipeline threshold count is 1
2025-05-13 08:08:50,354 [c3acf90a-cae3-4912-9a93-76f770441a06@group-F289B69B5230-StateMachineUpdater] INFO  safemode.SCMSafeModeManager (SCMSafeModeManager.java:validateSafeModeExitRules(140)) - ECContainerSafeModeRule rule is successfully validated
2025-05-13 08:08:50,354 [c3acf90a-cae3-4912-9a93-76f770441a06@group-F289B69B5230-StateMachineUpdater] INFO  safemode.SCMSafeModeManager (SCMSafeModeManager.java:validateSafeModeExitRules(140)) - AtleastOneDatanodeReportedRule rule is successfully validated
2025-05-13 08:08:50,355 [EventQueue-PipelineReportForPipelineReportHandler] INFO  pipeline.PipelineReportHandler (PipelineReportHandler.java:processPipelineReport(134)) - Opened pipeline PipelineID=6b135c00-0d00-4153-8b1b-fd863bc0d192
2025-05-13 08:08:50,355 [EventQueue-OpenPipelineForHealthyPipelineSafeModeRule] INFO  safemode.SCMSafeModeManager (HealthyPipelineSafeModeRule.java:process(141)) - SCM in safe mode. Healthy pipelines reported count is 1, required healthy pipeline reported count is 1
2025-05-13 08:08:50,355 [EventQueue-OpenPipelineForHealthyPipelineSafeModeRule] INFO  safemode.SCMSafeModeManager (SCMSafeModeManager.java:validateSafeModeExitRules(140)) - HealthyPipelineSafeModeRule rule is successfully validated
2025-05-13 08:08:50,355 [EventQueue-OpenPipelineForHealthyPipelineSafeModeRule] INFO  safemode.SCMSafeModeManager (SCMSafeModeManager.java:validateSafeModeExitRules(155)) - ScmSafeModeManager, all rules are successfully validated
2025-05-13 08:08:50,355 [EventQueue-OpenPipelineForHealthyPipelineSafeModeRule] INFO  safemode.SCMSafeModeManager (SCMSafeModeManager.java:exitSafeMode(178)) - SCM exiting safe mode.
2025-05-13 08:08:50,355 [EventQueue-OpenPipelineForHealthyPipelineSafeModeRule] INFO  ha.SCMContext (SCMContext.java:updateSafeModeStatus(224)) - Update SafeModeStatus from SafeModeStatus{safeModeStatus=true, preCheckPassed=true} to SafeModeStatus{safeModeStatus=false, preCheckPassed=true}.
2025-05-13 08:08:50,355 [EventQueue-OpenPipelineForHealthyPipelineSafeModeRule] INFO  BackgroundPipelineScrubber (BackgroundSCMService.java:notifyStatusChanged(78)) - Service BackgroundPipelineScrubber transitions to RUNNING.
2025-05-13 08:08:50,355 [EventQueue-OpenPipelineForHealthyPipelineSafeModeRule] INFO  ExpiredContainerReplicaOpScrubber (BackgroundSCMService.java:notifyStatusChanged(78)) - Service ExpiredContainerReplicaOpScrubber transitions to RUNNING.
2025-05-13 08:08:50,355 [EventQueue-OpenPipelineForHealthyPipelineSafeModeRule] INFO  block.SCMBlockDeletingService (SCMBlockDeletingService.java:notifyStatusChanged(258)) - notifyStatusChanged:RUNNING
2025-05-13 08:08:50,355 [EventQueue-OpenPipelineForHealthyPipelineSafeModeRule] INFO  replication.ReplicationManager (ReplicationManager.java:notifyStatusChanged(1387)) - Service ReplicationManager transitions to RUNNING.
2025-05-13 08:08:50,356 [408a00a1-9245-41fc-8d00-8f9b4b0cd246@group-FD863BC0D192-SegmentedRaftLogWorker] INFO  segmented.SegmentedRaftLogWorker (SegmentedRaftLogWorker.java:execute(644)) - 408a00a1-9245-41fc-8d00-8f9b4b0cd246@group-FD863BC0D192-SegmentedRaftLogWorker: created new log segment /home/runner/work/ozone/ozone/hadoop-ozone/integration-test-s3/target/test-dir/MiniOzoneClusterImpl-51e975e3-87ca-4f9c-b22e-f289b69b5230/ozone-meta/datanode-1/ratis/6b135c00-0d00-4153-8b1b-fd863bc0d192/current/log_inprogress_0
2025-05-13 08:08:50,363 [EventQueue-OpenPipelineForHealthyPipelineSafeModeRule] WARN  balancer.ContainerBalancer (ContainerBalancer.java:shouldRun(134)) - Could not find persisted configuration for ContainerBalancer when checking if ContainerBalancer should run. ContainerBalancer should not run now.
2025-05-13 08:08:50,363 [EventQueue-OpenPipelineForHealthyPipelineSafeModeRule] INFO  SCMHATransactionMonitor (BackgroundSCMService.java:notifyStatusChanged(78)) - Service SCMHATransactionMonitor transitions to RUNNING.
2025-05-13 08:08:50,372 [4fab203c-b5a4-47f8-9680-c8b7d06953a5@group-D61D47490DC1-FollowerState] INFO  impl.FollowerState (FollowerState.java:runImpl(161)) - 4fab203c-b5a4-47f8-9680-c8b7d06953a5@group-D61D47490DC1-FollowerState: change to CANDIDATE, lastRpcElapsedTime:1198387380ns, electionTimeout:1197ms
2025-05-13 08:08:50,373 [4fab203c-b5a4-47f8-9680-c8b7d06953a5@group-D61D47490DC1-FollowerState] INFO  impl.RoleInfo (RoleInfo.java:shutdownFollowerState(121)) - 4fab203c-b5a4-47f8-9680-c8b7d06953a5: shutdown 4fab203c-b5a4-47f8-9680-c8b7d06953a5@group-D61D47490DC1-FollowerState
2025-05-13 08:08:50,373 [4fab203c-b5a4-47f8-9680-c8b7d06953a5@group-D61D47490DC1-FollowerState] INFO  server.RaftServer$Division (RaftServerImpl.java:setRole(378)) - 4fab203c-b5a4-47f8-9680-c8b7d06953a5@group-D61D47490DC1: changes role from  FOLLOWER to CANDIDATE at term 0 for changeToCandidate
2025-05-13 08:08:50,373 [4fab203c-b5a4-47f8-9680-c8b7d06953a5@group-D61D47490DC1-FollowerState] INFO  server.RaftServerConfigKeys (ConfUtils.java:logGet(46)) - raft.server.leaderelection.pre-vote = true (default)
2025-05-13 08:08:50,373 [4fab203c-b5a4-47f8-9680-c8b7d06953a5@group-D61D47490DC1-FollowerState] INFO  impl.RoleInfo (RoleInfo.java:updateAndGet(148)) - 4fab203c-b5a4-47f8-9680-c8b7d06953a5: start 4fab203c-b5a4-47f8-9680-c8b7d06953a5@group-D61D47490DC1-LeaderElection9
2025-05-13 08:08:50,375 [4fab203c-b5a4-47f8-9680-c8b7d06953a5-server-thread1] INFO  ratis.XceiverServerRatis (XceiverServerRatis.java:handleLeaderChangedNotification(944)) - Leader change notification received for group: group-FD863BC0D192 with new leaderId: 408a00a1-9245-41fc-8d00-8f9b4b0cd246
2025-05-13 08:08:50,376 [4fab203c-b5a4-47f8-9680-c8b7d06953a5-server-thread1] INFO  server.RaftServer$Division (ServerState.java:setLeader(272)) - 4fab203c-b5a4-47f8-9680-c8b7d06953a5@group-FD863BC0D192: change Leader from null to 408a00a1-9245-41fc-8d00-8f9b4b0cd246 at term 1 for appendEntries, leader elected after 1068ms
2025-05-13 08:08:50,376 [d9a075f3-fd90-436c-93e2-379adbc01ef0-server-thread1] INFO  ratis.XceiverServerRatis (XceiverServerRatis.java:handleLeaderChangedNotification(944)) - Leader change notification received for group: group-FD863BC0D192 with new leaderId: 408a00a1-9245-41fc-8d00-8f9b4b0cd246
2025-05-13 08:08:50,378 [d9a075f3-fd90-436c-93e2-379adbc01ef0-server-thread1] INFO  server.RaftServer$Division (ServerState.java:setLeader(272)) - d9a075f3-fd90-436c-93e2-379adbc01ef0@group-FD863BC0D192: change Leader from null to 408a00a1-9245-41fc-8d00-8f9b4b0cd246 at term 1 for appendEntries, leader elected after 1138ms
2025-05-13 08:08:50,379 [4fab203c-b5a4-47f8-9680-c8b7d06953a5@group-D61D47490DC1-LeaderElection9] INFO  impl.LeaderElection (LeaderElection.java:askForVotes(332)) - 4fab203c-b5a4-47f8-9680-c8b7d06953a5@group-D61D47490DC1-LeaderElection9 PRE_VOTE round 0: submit vote requests at term 0 for conf: {index: -1, cur=peers:[408a00a1-9245-41fc-8d00-8f9b4b0cd246|127.0.0.1:15015, 4fab203c-b5a4-47f8-9680-c8b7d06953a5|127.0.0.1:15031, d9a075f3-fd90-436c-93e2-379adbc01ef0|127.0.0.1:15023]|listeners:[], old=null}
2025-05-13 08:08:50,379 [4fab203c-b5a4-47f8-9680-c8b7d06953a5@group-D61D47490DC1-LeaderElection9-1] INFO  server.GrpcServerProtocolClient (GrpcServerProtocolClient.java:<init>(65)) - Build channel for 408a00a1-9245-41fc-8d00-8f9b4b0cd246|127.0.0.1:15015
2025-05-13 08:08:50,385 [d9a075f3-fd90-436c-93e2-379adbc01ef0-server-thread3] INFO  server.RaftServer$Division (ServerState.java:setRaftConf(386)) - d9a075f3-fd90-436c-93e2-379adbc01ef0@group-FD863BC0D192: set configuration conf: {index: 0, cur=peers:[408a00a1-9245-41fc-8d00-8f9b4b0cd246|127.0.0.1:15015, d9a075f3-fd90-436c-93e2-379adbc01ef0|127.0.0.1:15023, 4fab203c-b5a4-47f8-9680-c8b7d06953a5|127.0.0.1:15031]|listeners:[], old=null}
2025-05-13 08:08:50,386 [4fab203c-b5a4-47f8-9680-c8b7d06953a5@group-D61D47490DC1-LeaderElection9-2] INFO  server.GrpcServerProtocolClient (GrpcServerProtocolClient.java:<init>(65)) - Build channel for d9a075f3-fd90-436c-93e2-379adbc01ef0|127.0.0.1:15023
2025-05-13 08:08:50,386 [4fab203c-b5a4-47f8-9680-c8b7d06953a5@group-D61D47490DC1-LeaderElection9] INFO  server.RaftServerConfigKeys (ConfUtils.java:logGet(46)) - raft.server.rpc.first-election.timeout.min = 1000ms (custom)
2025-05-13 08:08:50,387 [4fab203c-b5a4-47f8-9680-c8b7d06953a5@group-D61D47490DC1-LeaderElection9] INFO  server.RaftServerConfigKeys (ConfUtils.java:logGet(46)) - raft.server.rpc.first-election.timeout.max = 1200ms (custom)
2025-05-13 08:08:50,387 [4fab203c-b5a4-47f8-9680-c8b7d06953a5-server-thread3] INFO  server.RaftServer$Division (ServerState.java:setRaftConf(386)) - 4fab203c-b5a4-47f8-9680-c8b7d06953a5@group-FD863BC0D192: set configuration conf: {index: 0, cur=peers:[408a00a1-9245-41fc-8d00-8f9b4b0cd246|127.0.0.1:15015, d9a075f3-fd90-436c-93e2-379adbc01ef0|127.0.0.1:15023, 4fab203c-b5a4-47f8-9680-c8b7d06953a5|127.0.0.1:15031]|listeners:[], old=null}
2025-05-13 08:08:50,388 [grpc-default-executor-0] INFO  server.RaftServer$Division (RaftServerImpl.java:requestVote(1407)) - 408a00a1-9245-41fc-8d00-8f9b4b0cd246@group-D61D47490DC1: receive requestVote(PRE_VOTE, 4fab203c-b5a4-47f8-9680-c8b7d06953a5, group-D61D47490DC1, 0, (t:0, i:0))
2025-05-13 08:08:50,388 [grpc-default-executor-0] INFO  impl.VoteContext (VoteContext.java:log(49)) - 408a00a1-9245-41fc-8d00-8f9b4b0cd246@group-D61D47490DC1-FOLLOWER: accept PRE_VOTE from 4fab203c-b5a4-47f8-9680-c8b7d06953a5: our priority 0 <= candidate's priority 1
2025-05-13 08:08:50,388 [grpc-default-executor-0] INFO  server.RaftServer$Division (RaftServerImpl.java:requestVote(1441)) - 408a00a1-9245-41fc-8d00-8f9b4b0cd246@group-D61D47490DC1 replies to PRE_VOTE vote request: 4fab203c-b5a4-47f8-9680-c8b7d06953a5<-408a00a1-9245-41fc-8d00-8f9b4b0cd246#0:OK-t0. Peer's state: 408a00a1-9245-41fc-8d00-8f9b4b0cd246@group-D61D47490DC1:t0, leader=null, voted=, raftlog=Memoized:408a00a1-9245-41fc-8d00-8f9b4b0cd246@group-D61D47490DC1-SegmentedRaftLog:OPENED:c-1:lastnull, conf=conf: {index: -1, cur=peers:[408a00a1-9245-41fc-8d00-8f9b4b0cd246|127.0.0.1:15015, 4fab203c-b5a4-47f8-9680-c8b7d06953a5|127.0.0.1:15031, d9a075f3-fd90-436c-93e2-379adbc01ef0|127.0.0.1:15023]|listeners:[], old=null}
2025-05-13 08:08:50,388 [d9a075f3-fd90-436c-93e2-379adbc01ef0-server-thread3] INFO  segmented.SegmentedRaftLogWorker (SegmentedRaftLogWorker.java:startLogSegment(438)) - d9a075f3-fd90-436c-93e2-379adbc01ef0@group-FD863BC0D192-SegmentedRaftLogWorker: Starting segment from index:0
2025-05-13 08:08:50,390 [d9a075f3-fd90-436c-93e2-379adbc01ef0@group-FD863BC0D192-SegmentedRaftLogWorker] INFO  segmented.BufferedWriteChannel (BufferedWriteChannel.java:open(61)) - open log_inprogress_0 at position 0
2025-05-13 08:08:50,392 [4fab203c-b5a4-47f8-9680-c8b7d06953a5-server-thread3] INFO  segmented.SegmentedRaftLogWorker (SegmentedRaftLogWorker.java:startLogSegment(438)) - 4fab203c-b5a4-47f8-9680-c8b7d06953a5@group-FD863BC0D192-SegmentedRaftLogWorker: Starting segment from index:0
2025-05-13 08:08:50,394 [4fab203c-b5a4-47f8-9680-c8b7d06953a5@group-D61D47490DC1-LeaderElection9] INFO  impl.LeaderElection (LeaderElection.java:logAndReturn(90)) - 4fab203c-b5a4-47f8-9680-c8b7d06953a5@group-D61D47490DC1-LeaderElection9: PRE_VOTE PASSED received 1 response(s) and 0 exception(s):
2025-05-13 08:08:50,394 [4fab203c-b5a4-47f8-9680-c8b7d06953a5@group-D61D47490DC1-LeaderElection9] INFO  impl.LeaderElection (LeaderElection.java:logAndReturn(94)) -   Response 0: 4fab203c-b5a4-47f8-9680-c8b7d06953a5<-408a00a1-9245-41fc-8d00-8f9b4b0cd246#0:OK-t0
2025-05-13 08:08:50,394 [4fab203c-b5a4-47f8-9680-c8b7d06953a5@group-D61D47490DC1-LeaderElection9] INFO  impl.LeaderElection (LeaderElection.java:askForVotes(334)) - 4fab203c-b5a4-47f8-9680-c8b7d06953a5@group-D61D47490DC1-LeaderElection9 PRE_VOTE round 0: result PASSED
2025-05-13 08:08:50,395 [4fab203c-b5a4-47f8-9680-c8b7d06953a5@group-FD863BC0D192-SegmentedRaftLogWorker] INFO  segmented.BufferedWriteChannel (BufferedWriteChannel.java:open(61)) - open log_inprogress_0 at position 0
2025-05-13 08:08:50,398 [4fab203c-b5a4-47f8-9680-c8b7d06953a5@group-D61D47490DC1-LeaderElection9] INFO  impl.LeaderElection (LeaderElection.java:askForVotes(332)) - 4fab203c-b5a4-47f8-9680-c8b7d06953a5@group-D61D47490DC1-LeaderElection9 ELECTION round 0: submit vote requests at term 1 for conf: {index: -1, cur=peers:[408a00a1-9245-41fc-8d00-8f9b4b0cd246|127.0.0.1:15015, 4fab203c-b5a4-47f8-9680-c8b7d06953a5|127.0.0.1:15031, d9a075f3-fd90-436c-93e2-379adbc01ef0|127.0.0.1:15023]|listeners:[], old=null}
2025-05-13 08:08:50,401 [4fab203c-b5a4-47f8-9680-c8b7d06953a5@group-D61D47490DC1-LeaderElection9] INFO  server.RaftServerConfigKeys (ConfUtils.java:logGet(46)) - raft.server.rpc.first-election.timeout.min = 1000ms (custom)
2025-05-13 08:08:50,401 [4fab203c-b5a4-47f8-9680-c8b7d06953a5@group-D61D47490DC1-LeaderElection9] INFO  server.RaftServerConfigKeys (ConfUtils.java:logGet(46)) - raft.server.rpc.first-election.timeout.max = 1200ms (custom)
2025-05-13 08:08:50,402 [d9a075f3-fd90-436c-93e2-379adbc01ef0@group-FD863BC0D192-SegmentedRaftLogWorker] INFO  segmented.SegmentedRaftLogWorker (SegmentedRaftLogWorker.java:execute(644)) - d9a075f3-fd90-436c-93e2-379adbc01ef0@group-FD863BC0D192-SegmentedRaftLogWorker: created new log segment /home/runner/work/ozone/ozone/hadoop-ozone/integration-test-s3/target/test-dir/MiniOzoneClusterImpl-51e975e3-87ca-4f9c-b22e-f289b69b5230/ozone-meta/datanode-2/ratis/6b135c00-0d00-4153-8b1b-fd863bc0d192/current/log_inprogress_0
2025-05-13 08:08:50,406 [grpc-default-executor-1] INFO  server.RaftServer$Division (RaftServerImpl.java:requestVote(1407)) - 408a00a1-9245-41fc-8d00-8f9b4b0cd246@group-D61D47490DC1: receive requestVote(ELECTION, 4fab203c-b5a4-47f8-9680-c8b7d06953a5, group-D61D47490DC1, 1, (t:0, i:0))
2025-05-13 08:08:50,406 [grpc-default-executor-1] INFO  impl.VoteContext (VoteContext.java:log(49)) - 408a00a1-9245-41fc-8d00-8f9b4b0cd246@group-D61D47490DC1-FOLLOWER: accept ELECTION from 4fab203c-b5a4-47f8-9680-c8b7d06953a5: our priority 0 <= candidate's priority 1
2025-05-13 08:08:50,406 [grpc-default-executor-1] INFO  server.RaftServer$Division (RaftServerImpl.java:setRole(378)) - 408a00a1-9245-41fc-8d00-8f9b4b0cd246@group-D61D47490DC1: changes role from  FOLLOWER to FOLLOWER at term 0 for candidate:4fab203c-b5a4-47f8-9680-c8b7d06953a5
2025-05-13 08:08:50,406 [grpc-default-executor-1] INFO  impl.RoleInfo (RoleInfo.java:shutdownFollowerState(121)) - 408a00a1-9245-41fc-8d00-8f9b4b0cd246: shutdown 408a00a1-9245-41fc-8d00-8f9b4b0cd246@group-D61D47490DC1-FollowerState
2025-05-13 08:08:50,406 [grpc-default-executor-1] INFO  impl.RoleInfo (RoleInfo.java:updateAndGet(148)) - 408a00a1-9245-41fc-8d00-8f9b4b0cd246: start 408a00a1-9245-41fc-8d00-8f9b4b0cd246@group-D61D47490DC1-FollowerState
2025-05-13 08:08:50,407 [grpc-default-executor-4] INFO  server.RaftServer$Division (RaftServerImpl.java:requestVote(1407)) - d9a075f3-fd90-436c-93e2-379adbc01ef0@group-D61D47490DC1: receive requestVote(ELECTION, 4fab203c-b5a4-47f8-9680-c8b7d06953a5, group-D61D47490DC1, 1, (t:0, i:0))
2025-05-13 08:08:50,407 [grpc-default-executor-4] INFO  impl.VoteContext (VoteContext.java:log(49)) - d9a075f3-fd90-436c-93e2-379adbc01ef0@group-D61D47490DC1-FOLLOWER: accept ELECTION from 4fab203c-b5a4-47f8-9680-c8b7d06953a5: our priority 0 <= candidate's priority 1
2025-05-13 08:08:50,407 [408a00a1-9245-41fc-8d00-8f9b4b0cd246@group-D61D47490DC1-FollowerState] INFO  impl.FollowerState (FollowerState.java:runImpl(170)) - 408a00a1-9245-41fc-8d00-8f9b4b0cd246@group-D61D47490DC1-FollowerState was interrupted
2025-05-13 08:08:50,407 [grpc-default-executor-4] INFO  server.RaftServer$Division (RaftServerImpl.java:setRole(378)) - d9a075f3-fd90-436c-93e2-379adbc01ef0@group-D61D47490DC1: changes role from  FOLLOWER to FOLLOWER at term 0 for candidate:4fab203c-b5a4-47f8-9680-c8b7d06953a5
2025-05-13 08:08:50,408 [grpc-default-executor-4] INFO  impl.RoleInfo (RoleInfo.java:shutdownFollowerState(121)) - d9a075f3-fd90-436c-93e2-379adbc01ef0: shutdown d9a075f3-fd90-436c-93e2-379adbc01ef0@group-D61D47490DC1-FollowerState
2025-05-13 08:08:50,409 [d9a075f3-fd90-436c-93e2-379adbc01ef0@group-D61D47490DC1-FollowerState] INFO  impl.FollowerState (FollowerState.java:runImpl(170)) - d9a075f3-fd90-436c-93e2-379adbc01ef0@group-D61D47490DC1-FollowerState was interrupted
2025-05-13 08:08:50,410 [grpc-default-executor-4] INFO  impl.RoleInfo (RoleInfo.java:updateAndGet(148)) - d9a075f3-fd90-436c-93e2-379adbc01ef0: start d9a075f3-fd90-436c-93e2-379adbc01ef0@group-D61D47490DC1-FollowerState
2025-05-13 08:08:50,410 [grpc-default-executor-1] INFO  server.RaftServer$Division (RaftServerImpl.java:requestVote(1441)) - 408a00a1-9245-41fc-8d00-8f9b4b0cd246@group-D61D47490DC1 replies to ELECTION vote request: 4fab203c-b5a4-47f8-9680-c8b7d06953a5<-408a00a1-9245-41fc-8d00-8f9b4b0cd246#0:OK-t1. Peer's state: 408a00a1-9245-41fc-8d00-8f9b4b0cd246@group-D61D47490DC1:t1, leader=null, voted=4fab203c-b5a4-47f8-9680-c8b7d06953a5, raftlog=Memoized:408a00a1-9245-41fc-8d00-8f9b4b0cd246@group-D61D47490DC1-SegmentedRaftLog:OPENED:c-1:lastnull, conf=conf: {index: -1, cur=peers:[408a00a1-9245-41fc-8d00-8f9b4b0cd246|127.0.0.1:15015, 4fab203c-b5a4-47f8-9680-c8b7d06953a5|127.0.0.1:15031, d9a075f3-fd90-436c-93e2-379adbc01ef0|127.0.0.1:15023]|listeners:[], old=null}
2025-05-13 08:08:50,410 [4fab203c-b5a4-47f8-9680-c8b7d06953a5@group-FD863BC0D192-SegmentedRaftLogWorker] INFO  segmented.SegmentedRaftLogWorker (SegmentedRaftLogWorker.java:execute(644)) - 4fab203c-b5a4-47f8-9680-c8b7d06953a5@group-FD863BC0D192-SegmentedRaftLogWorker: created new log segment /home/runner/work/ozone/ozone/hadoop-ozone/integration-test-s3/target/test-dir/MiniOzoneClusterImpl-51e975e3-87ca-4f9c-b22e-f289b69b5230/ozone-meta/datanode-3/ratis/6b135c00-0d00-4153-8b1b-fd863bc0d192/current/log_inprogress_0
2025-05-13 08:08:50,413 [408a00a1-9245-41fc-8d00-8f9b4b0cd246@group-FD863BC0D192-StateMachineUpdater] INFO  server.RaftServer$Division (LeaderStateImpl.java:checkStartIndex(313)) - Leader 408a00a1-9245-41fc-8d00-8f9b4b0cd246@group-FD863BC0D192-LeaderStateImpl is ready since appliedIndex == startIndex == 0
2025-05-13 08:08:50,412 [grpc-default-executor-4] INFO  server.RaftServer$Division (RaftServerImpl.java:setFirstElection(562)) - d9a075f3-fd90-436c-93e2-379adbc01ef0@group-D61D47490DC1: set firstElectionSinceStartup to false for candidate:4fab203c-b5a4-47f8-9680-c8b7d06953a5
2025-05-13 08:08:50,414 [4fab203c-b5a4-47f8-9680-c8b7d06953a5@group-D61D47490DC1-LeaderElection9] INFO  impl.LeaderElection (LeaderElection.java:logAndReturn(90)) - 4fab203c-b5a4-47f8-9680-c8b7d06953a5@group-D61D47490DC1-LeaderElection9: ELECTION PASSED received 1 response(s) and 0 exception(s):
2025-05-13 08:08:50,414 [4fab203c-b5a4-47f8-9680-c8b7d06953a5@group-D61D47490DC1-LeaderElection9] INFO  impl.LeaderElection (LeaderElection.java:logAndReturn(94)) -   Response 0: 4fab203c-b5a4-47f8-9680-c8b7d06953a5<-408a00a1-9245-41fc-8d00-8f9b4b0cd246#0:OK-t1
2025-05-13 08:08:50,415 [4fab203c-b5a4-47f8-9680-c8b7d06953a5@group-D61D47490DC1-LeaderElection9] INFO  impl.LeaderElection (LeaderElection.java:askForVotes(334)) - 4fab203c-b5a4-47f8-9680-c8b7d06953a5@group-D61D47490DC1-LeaderElection9 ELECTION round 0: result PASSED
2025-05-13 08:08:50,415 [4fab203c-b5a4-47f8-9680-c8b7d06953a5@group-D61D47490DC1-LeaderElection9] INFO  impl.RoleInfo (RoleInfo.java:shutdownLeaderElection(141)) - 4fab203c-b5a4-47f8-9680-c8b7d06953a5: shutdown 4fab203c-b5a4-47f8-9680-c8b7d06953a5@group-D61D47490DC1-LeaderElection9
2025-05-13 08:08:50,416 [4fab203c-b5a4-47f8-9680-c8b7d06953a5@group-D61D47490DC1-LeaderElection9] INFO  server.RaftServer$Division (RaftServerImpl.java:setRole(378)) - 4fab203c-b5a4-47f8-9680-c8b7d06953a5@group-D61D47490DC1: changes role from CANDIDATE to LEADER at term 1 for changeToLeader
2025-05-13 08:08:50,417 [4fab203c-b5a4-47f8-9680-c8b7d06953a5@group-D61D47490DC1-LeaderElection9] INFO  server.RaftServerConfigKeys (ConfUtils.java:logGet(46)) - raft.server.staging.catchup.gap = 1000 (default)
2025-05-13 08:08:50,417 [4fab203c-b5a4-47f8-9680-c8b7d06953a5@group-D61D47490DC1-LeaderElection9] INFO  server.RaftServerConfigKeys (ConfUtils.java:logGet(46)) - raft.server.write.element-limit = 1024 (custom)
2025-05-13 08:08:50,418 [4fab203c-b5a4-47f8-9680-c8b7d06953a5@group-D61D47490DC1-LeaderElection9] INFO  server.RaftServerConfigKeys (ConfUtils.java:logGet(46)) - raft.server.write.byte-limit = 1024 M (=1073741824) (custom)
2025-05-13 08:08:50,415 [grpc-default-executor-4] INFO  server.RaftServer$Division (RaftServerImpl.java:requestVote(1441)) - d9a075f3-fd90-436c-93e2-379adbc01ef0@group-D61D47490DC1 replies to ELECTION vote request: 4fab203c-b5a4-47f8-9680-c8b7d06953a5<-d9a075f3-fd90-436c-93e2-379adbc01ef0#0:OK-t1. Peer's state: d9a075f3-fd90-436c-93e2-379adbc01ef0@group-D61D47490DC1:t1, leader=null, voted=4fab203c-b5a4-47f8-9680-c8b7d06953a5, raftlog=Memoized:d9a075f3-fd90-436c-93e2-379adbc01ef0@group-D61D47490DC1-SegmentedRaftLog:OPENED:c-1:lastnull, conf=conf: {index: -1, cur=peers:[408a00a1-9245-41fc-8d00-8f9b4b0cd246|127.0.0.1:15015, 4fab203c-b5a4-47f8-9680-c8b7d06953a5|127.0.0.1:15031, d9a075f3-fd90-436c-93e2-379adbc01ef0|127.0.0.1:15023]|listeners:[], old=null}
2025-05-13 08:08:50,418 [4fab203c-b5a4-47f8-9680-c8b7d06953a5@group-D61D47490DC1-LeaderElection9] INFO  server.RaftServerConfigKeys (ConfUtils.java:logGet(46)) - raft.server.watch.timeout = 30s (custom)
2025-05-13 08:08:50,418 [4fab203c-b5a4-47f8-9680-c8b7d06953a5@group-D61D47490DC1-LeaderElection9] INFO  server.RaftServerConfigKeys (ConfUtils.java:logGet(46)) - raft.server.watch.timeout.denomination = 1s (default)
2025-05-13 08:08:50,418 [4fab203c-b5a4-47f8-9680-c8b7d06953a5@group-D61D47490DC1-LeaderElection9] INFO  server.RaftServerConfigKeys (ConfUtils.java:logGet(46)) - raft.server.watch.element-limit = 65536 (default)
2025-05-13 08:08:50,419 [4fab203c-b5a4-47f8-9680-c8b7d06953a5@group-D61D47490DC1-LeaderElection9] INFO  server.RaftServerConfigKeys (ConfUtils.java:logGet(46)) - raft.server.read.leader.lease.enabled = false (default)
2025-05-13 08:08:50,419 [4fab203c-b5a4-47f8-9680-c8b7d06953a5@group-D61D47490DC1-LeaderElection9] INFO  server.RaftServerConfigKeys (ConfUtils.java:logGet(46)) - raft.server.read.leader.lease.timeout.ratio = 0.9 (default)
2025-05-13 08:08:50,419 [4fab203c-b5a4-47f8-9680-c8b7d06953a5@group-D61D47490DC1-LeaderElection9] INFO  server.RaftServerConfigKeys (ConfUtils.java:logGet(46)) - raft.server.rpc.timeout.min = 5s (custom)
2025-05-13 08:08:50,419 [4fab203c-b5a4-47f8-9680-c8b7d06953a5@group-D61D47490DC1-LeaderElection9] INFO  server.RaftServerConfigKeys (ConfUtils.java:logGet(46)) - raft.server.log.log-metadata.enabled = true (default)
2025-05-13 08:08:50,420 [4fab203c-b5a4-47f8-9680-c8b7d06953a5@group-D61D47490DC1-LeaderElection9] INFO  server.RaftServerConfigKeys (ConfUtils.java:logGet(46)) - raft.server.write.element-limit = 1024 (custom)
2025-05-13 08:08:50,420 [4fab203c-b5a4-47f8-9680-c8b7d06953a5@group-D61D47490DC1-LeaderElection9] INFO  server.RaftServerConfigKeys (ConfUtils.java:logGet(46)) - raft.server.write.follower.gap.ratio.max = -1.0 (default)
2025-05-13 08:08:50,420 [4fab203c-b5a4-47f8-9680-c8b7d06953a5@group-D61D47490DC1-LeaderElection9] INFO  server.RaftServerConfigKeys (ConfUtils.java:logGet(46)) - raft.server.log.appender.snapshot.chunk.size.max = 16MB (=16777216) (default)
2025-05-13 08:08:50,420 [4fab203c-b5a4-47f8-9680-c8b7d06953a5@group-D61D47490DC1-LeaderElection9] INFO  server.RaftServerConfigKeys (ConfUtils.java:logGet(46)) - raft.server.log.appender.buffer.byte-limit = 33554432 (custom)
2025-05-13 08:08:50,421 [4fab203c-b5a4-47f8-9680-c8b7d06953a5@group-D61D47490DC1-LeaderElection9] INFO  server.RaftServerConfigKeys (ConfUtils.java:logGet(46)) - raft.server.log.appender.buffer.element-limit = 1024 (custom)
2025-05-13 08:08:50,421 [4fab203c-b5a4-47f8-9680-c8b7d06953a5@group-D61D47490DC1-LeaderElection9] INFO  server.RaftServerConfigKeys (ConfUtils.java:logGet(46)) - raft.server.log.appender.wait-time.min = 0μs (custom)
2025-05-13 08:08:50,421 [4fab203c-b5a4-47f8-9680-c8b7d06953a5@group-D61D47490DC1-LeaderElection9] INFO  grpc.GrpcConfigKeys (ConfUtils.java:logGet(46)) - raft.grpc.server.leader.outstanding.appends.max = 8 (default)
2025-05-13 08:08:50,422 [4fab203c-b5a4-47f8-9680-c8b7d06953a5@group-D61D47490DC1-LeaderElection9] INFO  server.RaftServerConfigKeys (ConfUtils.java:logGet(46)) - raft.server.rpc.request.timeout = 60s (custom)
2025-05-13 08:08:50,422 [4fab203c-b5a4-47f8-9680-c8b7d06953a5@group-D61D47490DC1-LeaderElection9] INFO  grpc.GrpcConfigKeys (ConfUtils.java:logGet(46)) - raft.grpc.server.install_snapshot.request.element-limit = 8 (default)
2025-05-13 08:08:50,422 [4fab203c-b5a4-47f8-9680-c8b7d06953a5@group-D61D47490DC1-LeaderElection9] INFO  grpc.GrpcConfigKeys (ConfUtils.java:logGet(46)) - raft.grpc.server.install_snapshot.request.timeout = 3000ms (default)
2025-05-13 08:08:50,422 [4fab203c-b5a4-47f8-9680-c8b7d06953a5@group-D61D47490DC1-LeaderElection9] INFO  grpc.GrpcConfigKeys (ConfUtils.java:logGet(46)) - raft.grpc.server.log-message.batch.duration = 5s (default)
2025-05-13 08:08:50,422 [4fab203c-b5a4-47f8-9680-c8b7d06953a5@group-D61D47490DC1-LeaderElection9] INFO  server.RaftServerConfigKeys (ConfUtils.java:logGet(46)) - raft.server.log.appender.install.snapshot.enabled = false (custom)
2025-05-13 08:08:50,422 [4fab203c-b5a4-47f8-9680-c8b7d06953a5@group-D61D47490DC1-LeaderElection9] INFO  grpc.GrpcConfigKeys (ConfUtils.java:logGet(46)) - raft.grpc.server.heartbeat.channel = true (default)
2025-05-13 08:08:50,424 [4fab203c-b5a4-47f8-9680-c8b7d06953a5@group-D61D47490DC1-LeaderElection9] INFO  server.RaftServerConfigKeys (ConfUtils.java:logGet(46)) - raft.server.log.appender.snapshot.chunk.size.max = 16MB (=16777216) (default)
2025-05-13 08:08:50,424 [4fab203c-b5a4-47f8-9680-c8b7d06953a5@group-D61D47490DC1-LeaderElection9] INFO  server.RaftServerConfigKeys (ConfUtils.java:logGet(46)) - raft.server.log.appender.buffer.byte-limit = 33554432 (custom)
2025-05-13 08:08:50,424 [4fab203c-b5a4-47f8-9680-c8b7d06953a5@group-D61D47490DC1-LeaderElection9] INFO  server.RaftServerConfigKeys (ConfUtils.java:logGet(46)) - raft.server.log.appender.buffer.element-limit = 1024 (custom)
2025-05-13 08:08:50,424 [4fab203c-b5a4-47f8-9680-c8b7d06953a5@group-D61D47490DC1-LeaderElection9] INFO  server.RaftServerConfigKeys (ConfUtils.java:logGet(46)) - raft.server.log.appender.wait-time.min = 0μs (custom)
2025-05-13 08:08:50,424 [4fab203c-b5a4-47f8-9680-c8b7d06953a5@group-D61D47490DC1-LeaderElection9] INFO  grpc.GrpcConfigKeys (ConfUtils.java:logGet(46)) - raft.grpc.server.leader.outstanding.appends.max = 8 (default)
2025-05-13 08:08:50,424 [4fab203c-b5a4-47f8-9680-c8b7d06953a5@group-D61D47490DC1-LeaderElection9] INFO  server.RaftServerConfigKeys (ConfUtils.java:logGet(46)) - raft.server.rpc.request.timeout = 60s (custom)
2025-05-13 08:08:50,424 [4fab203c-b5a4-47f8-9680-c8b7d06953a5@group-D61D47490DC1-LeaderElection9] INFO  grpc.GrpcConfigKeys (ConfUtils.java:logGet(46)) - raft.grpc.server.install_snapshot.request.element-limit = 8 (default)
2025-05-13 08:08:50,424 [4fab203c-b5a4-47f8-9680-c8b7d06953a5@group-D61D47490DC1-LeaderElection9] INFO  grpc.GrpcConfigKeys (ConfUtils.java:logGet(46)) - raft.grpc.server.install_snapshot.request.timeout = 3000ms (default)
2025-05-13 08:08:50,424 [4fab203c-b5a4-47f8-9680-c8b7d06953a5@group-D61D47490DC1-LeaderElection9] INFO  grpc.GrpcConfigKeys (ConfUtils.java:logGet(46)) - raft.grpc.server.log-message.batch.duration = 5s (default)
2025-05-13 08:08:50,424 [4fab203c-b5a4-47f8-9680-c8b7d06953a5@group-D61D47490DC1-LeaderElection9] INFO  server.RaftServerConfigKeys (ConfUtils.java:logGet(46)) - raft.server.log.appender.install.snapshot.enabled = false (custom)
2025-05-13 08:08:50,424 [4fab203c-b5a4-47f8-9680-c8b7d06953a5@group-D61D47490DC1-LeaderElection9] INFO  grpc.GrpcConfigKeys (ConfUtils.java:logGet(46)) - raft.grpc.server.heartbeat.channel = true (default)
2025-05-13 08:08:50,425 [4fab203c-b5a4-47f8-9680-c8b7d06953a5@group-D61D47490DC1-LeaderElection9] INFO  impl.RoleInfo (RoleInfo.java:updateAndGet(148)) - 4fab203c-b5a4-47f8-9680-c8b7d06953a5: start 4fab203c-b5a4-47f8-9680-c8b7d06953a5@group-D61D47490DC1-LeaderStateImpl
2025-05-13 08:08:50,425 [4fab203c-b5a4-47f8-9680-c8b7d06953a5@group-D61D47490DC1-LeaderElection9] INFO  server.RaftServer$Division (RaftServerImpl.java:setFirstElection(562)) - 4fab203c-b5a4-47f8-9680-c8b7d06953a5@group-D61D47490DC1: set firstElectionSinceStartup to false for becomeLeader
2025-05-13 08:08:50,425 [4fab203c-b5a4-47f8-9680-c8b7d06953a5@group-D61D47490DC1-LeaderElection9] INFO  ratis.XceiverServerRatis (XceiverServerRatis.java:handleLeaderChangedNotification(944)) - Leader change notification received for group: group-D61D47490DC1 with new leaderId: 4fab203c-b5a4-47f8-9680-c8b7d06953a5
2025-05-13 08:08:50,425 [4fab203c-b5a4-47f8-9680-c8b7d06953a5@group-D61D47490DC1-LeaderElection9] INFO  server.RaftServer$Division (ServerState.java:setLeader(272)) - 4fab203c-b5a4-47f8-9680-c8b7d06953a5@group-D61D47490DC1: change Leader from null to 4fab203c-b5a4-47f8-9680-c8b7d06953a5 at term 1 for becomeLeader, leader elected after 1279ms
2025-05-13 08:08:50,426 [4fab203c-b5a4-47f8-9680-c8b7d06953a5@group-D61D47490DC1-LeaderElection9] INFO  segmented.SegmentedRaftLogWorker (SegmentedRaftLogWorker.java:startLogSegment(438)) - 4fab203c-b5a4-47f8-9680-c8b7d06953a5@group-D61D47490DC1-SegmentedRaftLogWorker: Starting segment from index:0
2025-05-13 08:08:50,426 [4fab203c-b5a4-47f8-9680-c8b7d06953a5@group-D61D47490DC1-LeaderElection9] INFO  server.RaftServer$Division (ServerState.java:setRaftConf(386)) - 4fab203c-b5a4-47f8-9680-c8b7d06953a5@group-D61D47490DC1: set configuration conf: {index: 0, cur=peers:[408a00a1-9245-41fc-8d00-8f9b4b0cd246|127.0.0.1:15015, 4fab203c-b5a4-47f8-9680-c8b7d06953a5|127.0.0.1:15031, d9a075f3-fd90-436c-93e2-379adbc01ef0|127.0.0.1:15023]|listeners:[], old=null}
2025-05-13 08:08:50,427 [4fab203c-b5a4-47f8-9680-c8b7d06953a5@group-D61D47490DC1-SegmentedRaftLogWorker] INFO  segmented.BufferedWriteChannel (BufferedWriteChannel.java:open(61)) - open log_inprogress_0 at position 0
2025-05-13 08:08:50,439 [EventQueue-PipelineReportForPipelineReportHandler] INFO  pipeline.PipelineReportHandler (PipelineReportHandler.java:processPipelineReport(134)) - Opened pipeline PipelineID=44e939c1-ecf5-490d-8799-d61d47490dc1
2025-05-13 08:08:50,442 [d9a075f3-fd90-436c-93e2-379adbc01ef0-server-thread1] INFO  ratis.XceiverServerRatis (XceiverServerRatis.java:handleLeaderChangedNotification(944)) - Leader change notification received for group: group-D61D47490DC1 with new leaderId: 4fab203c-b5a4-47f8-9680-c8b7d06953a5
2025-05-13 08:08:50,442 [d9a075f3-fd90-436c-93e2-379adbc01ef0-server-thread1] INFO  server.RaftServer$Division (ServerState.java:setLeader(272)) - d9a075f3-fd90-436c-93e2-379adbc01ef0@group-D61D47490DC1: change Leader from null to 4fab203c-b5a4-47f8-9680-c8b7d06953a5 at term 1 for appendEntries, leader elected after 1322ms
2025-05-13 08:08:50,442 [4fab203c-b5a4-47f8-9680-c8b7d06953a5@group-D61D47490DC1-SegmentedRaftLogWorker] INFO  segmented.SegmentedRaftLogWorker (SegmentedRaftLogWorker.java:execute(644)) - 4fab203c-b5a4-47f8-9680-c8b7d06953a5@group-D61D47490DC1-SegmentedRaftLogWorker: created new log segment /home/runner/work/ozone/ozone/hadoop-ozone/integration-test-s3/target/test-dir/MiniOzoneClusterImpl-51e975e3-87ca-4f9c-b22e-f289b69b5230/ozone-meta/datanode-3/ratis/44e939c1-ecf5-490d-8799-d61d47490dc1/current/log_inprogress_0
2025-05-13 08:08:50,443 [408a00a1-9245-41fc-8d00-8f9b4b0cd246-server-thread1] INFO  ratis.XceiverServerRatis (XceiverServerRatis.java:handleLeaderChangedNotification(944)) - Leader change notification received for group: group-D61D47490DC1 with new leaderId: 4fab203c-b5a4-47f8-9680-c8b7d06953a5
2025-05-13 08:08:50,444 [408a00a1-9245-41fc-8d00-8f9b4b0cd246-server-thread1] INFO  server.RaftServer$Division (ServerState.java:setLeader(272)) - 408a00a1-9245-41fc-8d00-8f9b4b0cd246@group-D61D47490DC1: change Leader from null to 4fab203c-b5a4-47f8-9680-c8b7d06953a5 at term 1 for appendEntries, leader elected after 1551ms
2025-05-13 08:08:50,444 [d9a075f3-fd90-436c-93e2-379adbc01ef0-server-thread2] INFO  server.RaftServer$Division (ServerState.java:setRaftConf(386)) - d9a075f3-fd90-436c-93e2-379adbc01ef0@group-D61D47490DC1: set configuration conf: {index: 0, cur=peers:[408a00a1-9245-41fc-8d00-8f9b4b0cd246|127.0.0.1:15015, 4fab203c-b5a4-47f8-9680-c8b7d06953a5|127.0.0.1:15031, d9a075f3-fd90-436c-93e2-379adbc01ef0|127.0.0.1:15023]|listeners:[], old=null}
2025-05-13 08:08:50,445 [408a00a1-9245-41fc-8d00-8f9b4b0cd246-server-thread2] INFO  server.RaftServer$Division (ServerState.java:setRaftConf(386)) - 408a00a1-9245-41fc-8d00-8f9b4b0cd246@group-D61D47490DC1: set configuration conf: {index: 0, cur=peers:[408a00a1-9245-41fc-8d00-8f9b4b0cd246|127.0.0.1:15015, 4fab203c-b5a4-47f8-9680-c8b7d06953a5|127.0.0.1:15031, d9a075f3-fd90-436c-93e2-379adbc01ef0|127.0.0.1:15023]|listeners:[], old=null}
2025-05-13 08:08:50,445 [408a00a1-9245-41fc-8d00-8f9b4b0cd246-server-thread2] INFO  segmented.SegmentedRaftLogWorker (SegmentedRaftLogWorker.java:startLogSegment(438)) - 408a00a1-9245-41fc-8d00-8f9b4b0cd246@group-D61D47490DC1-SegmentedRaftLogWorker: Starting segment from index:0
2025-05-13 08:08:50,445 [d9a075f3-fd90-436c-93e2-379adbc01ef0-server-thread2] INFO  segmented.SegmentedRaftLogWorker (SegmentedRaftLogWorker.java:startLogSegment(438)) - d9a075f3-fd90-436c-93e2-379adbc01ef0@group-D61D47490DC1-SegmentedRaftLogWorker: Starting segment from index:0
2025-05-13 08:08:50,446 [d9a075f3-fd90-436c-93e2-379adbc01ef0@group-D61D47490DC1-SegmentedRaftLogWorker] INFO  segmented.BufferedWriteChannel (BufferedWriteChannel.java:open(61)) - open log_inprogress_0 at position 0
2025-05-13 08:08:50,449 [4fab203c-b5a4-47f8-9680-c8b7d06953a5@group-2F7D8030D9BB-FollowerState] INFO  impl.FollowerState (FollowerState.java:runImpl(161)) - 4fab203c-b5a4-47f8-9680-c8b7d06953a5@group-2F7D8030D9BB-FollowerState: change to CANDIDATE, lastRpcElapsedTime:1088802579ns, electionTimeout:1086ms
2025-05-13 08:08:50,449 [4fab203c-b5a4-47f8-9680-c8b7d06953a5@group-2F7D8030D9BB-FollowerState] INFO  impl.RoleInfo (RoleInfo.java:shutdownFollowerState(121)) - 4fab203c-b5a4-47f8-9680-c8b7d06953a5: shutdown 4fab203c-b5a4-47f8-9680-c8b7d06953a5@group-2F7D8030D9BB-FollowerState
2025-05-13 08:08:50,450 [408a00a1-9245-41fc-8d00-8f9b4b0cd246@group-D61D47490DC1-SegmentedRaftLogWorker] INFO  segmented.BufferedWriteChannel (BufferedWriteChannel.java:open(61)) - open log_inprogress_0 at position 0
2025-05-13 08:08:50,450 [4fab203c-b5a4-47f8-9680-c8b7d06953a5@group-2F7D8030D9BB-FollowerState] INFO  server.RaftServer$Division (RaftServerImpl.java:setRole(378)) - 4fab203c-b5a4-47f8-9680-c8b7d06953a5@group-2F7D8030D9BB: changes role from  FOLLOWER to CANDIDATE at term 0 for changeToCandidate
2025-05-13 08:08:50,453 [4fab203c-b5a4-47f8-9680-c8b7d06953a5@group-2F7D8030D9BB-FollowerState] INFO  server.RaftServerConfigKeys (ConfUtils.java:logGet(46)) - raft.server.leaderelection.pre-vote = true (default)
2025-05-13 08:08:50,453 [4fab203c-b5a4-47f8-9680-c8b7d06953a5@group-2F7D8030D9BB-FollowerState] INFO  impl.RoleInfo (RoleInfo.java:updateAndGet(148)) - 4fab203c-b5a4-47f8-9680-c8b7d06953a5: start 4fab203c-b5a4-47f8-9680-c8b7d06953a5@group-2F7D8030D9BB-LeaderElection10
2025-05-13 08:08:50,454 [d9a075f3-fd90-436c-93e2-379adbc01ef0@group-D61D47490DC1-SegmentedRaftLogWorker] INFO  segmented.SegmentedRaftLogWorker (SegmentedRaftLogWorker.java:execute(644)) - d9a075f3-fd90-436c-93e2-379adbc01ef0@group-D61D47490DC1-SegmentedRaftLogWorker: created new log segment /home/runner/work/ozone/ozone/hadoop-ozone/integration-test-s3/target/test-dir/MiniOzoneClusterImpl-51e975e3-87ca-4f9c-b22e-f289b69b5230/ozone-meta/datanode-2/ratis/44e939c1-ecf5-490d-8799-d61d47490dc1/current/log_inprogress_0
2025-05-13 08:08:50,454 [4fab203c-b5a4-47f8-9680-c8b7d06953a5@group-2F7D8030D9BB-LeaderElection10] INFO  impl.LeaderElection (LeaderElection.java:askForVotes(332)) - 4fab203c-b5a4-47f8-9680-c8b7d06953a5@group-2F7D8030D9BB-LeaderElection10 PRE_VOTE round 0: submit vote requests at term 0 for conf: {index: -1, cur=peers:[4fab203c-b5a4-47f8-9680-c8b7d06953a5|127.0.0.1:15031]|listeners:[], old=null}
2025-05-13 08:08:50,454 [4fab203c-b5a4-47f8-9680-c8b7d06953a5@group-2F7D8030D9BB-LeaderElection10] INFO  impl.LeaderElection (LeaderElection.java:askForVotes(334)) - 4fab203c-b5a4-47f8-9680-c8b7d06953a5@group-2F7D8030D9BB-LeaderElection10 PRE_VOTE round 0: result PASSED (term=0)
2025-05-13 08:08:50,457 [4fab203c-b5a4-47f8-9680-c8b7d06953a5@group-2F7D8030D9BB-LeaderElection10] INFO  impl.LeaderElection (LeaderElection.java:askForVotes(332)) - 4fab203c-b5a4-47f8-9680-c8b7d06953a5@group-2F7D8030D9BB-LeaderElection10 ELECTION round 0: submit vote requests at term 1 for conf: {index: -1, cur=peers:[4fab203c-b5a4-47f8-9680-c8b7d06953a5|127.0.0.1:15031]|listeners:[], old=null}
2025-05-13 08:08:50,457 [4fab203c-b5a4-47f8-9680-c8b7d06953a5@group-2F7D8030D9BB-LeaderElection10] INFO  impl.LeaderElection (LeaderElection.java:askForVotes(334)) - 4fab203c-b5a4-47f8-9680-c8b7d06953a5@group-2F7D8030D9BB-LeaderElection10 ELECTION round 0: result PASSED (term=1)
2025-05-13 08:08:50,457 [4fab203c-b5a4-47f8-9680-c8b7d06953a5@group-2F7D8030D9BB-LeaderElection10] INFO  impl.RoleInfo (RoleInfo.java:shutdownLeaderElection(141)) - 4fab203c-b5a4-47f8-9680-c8b7d06953a5: shutdown 4fab203c-b5a4-47f8-9680-c8b7d06953a5@group-2F7D8030D9BB-LeaderElection10
2025-05-13 08:08:50,457 [4fab203c-b5a4-47f8-9680-c8b7d06953a5@group-2F7D8030D9BB-LeaderElection10] INFO  server.RaftServer$Division (RaftServerImpl.java:setRole(378)) - 4fab203c-b5a4-47f8-9680-c8b7d06953a5@group-2F7D8030D9BB: changes role from CANDIDATE to LEADER at term 1 for changeToLeader
2025-05-13 08:08:50,457 [4fab203c-b5a4-47f8-9680-c8b7d06953a5@group-2F7D8030D9BB-LeaderElection10] INFO  server.RaftServerConfigKeys (ConfUtils.java:logGet(46)) - raft.server.staging.catchup.gap = 1000 (default)
2025-05-13 08:08:50,457 [4fab203c-b5a4-47f8-9680-c8b7d06953a5@group-2F7D8030D9BB-LeaderElection10] INFO  server.RaftServerConfigKeys (ConfUtils.java:logGet(46)) - raft.server.write.element-limit = 1024 (custom)
2025-05-13 08:08:50,457 [4fab203c-b5a4-47f8-9680-c8b7d06953a5@group-2F7D8030D9BB-LeaderElection10] INFO  server.RaftServerConfigKeys (ConfUtils.java:logGet(46)) - raft.server.write.byte-limit = 1024 M (=1073741824) (custom)
2025-05-13 08:08:50,458 [4fab203c-b5a4-47f8-9680-c8b7d06953a5@group-2F7D8030D9BB-LeaderElection10] INFO  server.RaftServerConfigKeys (ConfUtils.java:logGet(46)) - raft.server.watch.timeout = 30s (custom)
2025-05-13 08:08:50,458 [4fab203c-b5a4-47f8-9680-c8b7d06953a5@group-2F7D8030D9BB-LeaderElection10] INFO  server.RaftServerConfigKeys (ConfUtils.java:logGet(46)) - raft.server.watch.timeout.denomination = 1s (default)
2025-05-13 08:08:50,458 [4fab203c-b5a4-47f8-9680-c8b7d06953a5@group-2F7D8030D9BB-LeaderElection10] INFO  server.RaftServerConfigKeys (ConfUtils.java:logGet(46)) - raft.server.watch.element-limit = 65536 (default)
2025-05-13 08:08:50,459 [4fab203c-b5a4-47f8-9680-c8b7d06953a5@group-2F7D8030D9BB-LeaderElection10] INFO  server.RaftServerConfigKeys (ConfUtils.java:logGet(46)) - raft.server.read.leader.lease.enabled = false (default)
2025-05-13 08:08:50,460 [4fab203c-b5a4-47f8-9680-c8b7d06953a5@group-D61D47490DC1-StateMachineUpdater] INFO  server.RaftServer$Division (LeaderStateImpl.java:checkStartIndex(313)) - Leader 4fab203c-b5a4-47f8-9680-c8b7d06953a5@group-D61D47490DC1-LeaderStateImpl is ready since appliedIndex == startIndex == 0
2025-05-13 08:08:50,460 [408a00a1-9245-41fc-8d00-8f9b4b0cd246@group-D61D47490DC1-SegmentedRaftLogWorker] INFO  segmented.SegmentedRaftLogWorker (SegmentedRaftLogWorker.java:execute(644)) - 408a00a1-9245-41fc-8d00-8f9b4b0cd246@group-D61D47490DC1-SegmentedRaftLogWorker: created new log segment /home/runner/work/ozone/ozone/hadoop-ozone/integration-test-s3/target/test-dir/MiniOzoneClusterImpl-51e975e3-87ca-4f9c-b22e-f289b69b5230/ozone-meta/datanode-1/ratis/44e939c1-ecf5-490d-8799-d61d47490dc1/current/log_inprogress_0
2025-05-13 08:08:50,460 [4fab203c-b5a4-47f8-9680-c8b7d06953a5@group-2F7D8030D9BB-LeaderElection10] INFO  server.RaftServerConfigKeys (ConfUtils.java:logGet(46)) - raft.server.read.leader.lease.timeout.ratio = 0.9 (default)
2025-05-13 08:08:50,460 [4fab203c-b5a4-47f8-9680-c8b7d06953a5@group-2F7D8030D9BB-LeaderElection10] INFO  server.RaftServerConfigKeys (ConfUtils.java:logGet(46)) - raft.server.rpc.timeout.min = 5s (custom)
2025-05-13 08:08:50,461 [4fab203c-b5a4-47f8-9680-c8b7d06953a5@group-2F7D8030D9BB-LeaderElection10] INFO  server.RaftServerConfigKeys (ConfUtils.java:logGet(46)) - raft.server.log.log-metadata.enabled = true (default)
2025-05-13 08:08:50,461 [4fab203c-b5a4-47f8-9680-c8b7d06953a5@group-2F7D8030D9BB-LeaderElection10] INFO  server.RaftServerConfigKeys (ConfUtils.java:logGet(46)) - raft.server.write.element-limit = 1024 (custom)
2025-05-13 08:08:50,461 [4fab203c-b5a4-47f8-9680-c8b7d06953a5@group-2F7D8030D9BB-LeaderElection10] INFO  server.RaftServerConfigKeys (ConfUtils.java:logGet(46)) - raft.server.write.follower.gap.ratio.max = -1.0 (default)
2025-05-13 08:08:50,461 [4fab203c-b5a4-47f8-9680-c8b7d06953a5@group-2F7D8030D9BB-LeaderElection10] INFO  impl.RoleInfo (RoleInfo.java:updateAndGet(148)) - 4fab203c-b5a4-47f8-9680-c8b7d06953a5: start 4fab203c-b5a4-47f8-9680-c8b7d06953a5@group-2F7D8030D9BB-LeaderStateImpl
2025-05-13 08:08:50,461 [4fab203c-b5a4-47f8-9680-c8b7d06953a5@group-2F7D8030D9BB-LeaderElection10] INFO  server.RaftServer$Division (RaftServerImpl.java:setFirstElection(562)) - 4fab203c-b5a4-47f8-9680-c8b7d06953a5@group-2F7D8030D9BB: set firstElectionSinceStartup to false for becomeLeader
2025-05-13 08:08:50,461 [4fab203c-b5a4-47f8-9680-c8b7d06953a5@group-2F7D8030D9BB-LeaderElection10] INFO  ratis.XceiverServerRatis (XceiverServerRatis.java:handleLeaderChangedNotification(944)) - Leader change notification received for group: group-2F7D8030D9BB with new leaderId: 4fab203c-b5a4-47f8-9680-c8b7d06953a5
2025-05-13 08:08:50,461 [4fab203c-b5a4-47f8-9680-c8b7d06953a5@group-2F7D8030D9BB-LeaderElection10] INFO  server.RaftServer$Division (ServerState.java:setLeader(272)) - 4fab203c-b5a4-47f8-9680-c8b7d06953a5@group-2F7D8030D9BB: change Leader from null to 4fab203c-b5a4-47f8-9680-c8b7d06953a5 at term 1 for becomeLeader, leader elected after 1124ms
2025-05-13 08:08:50,462 [4fab203c-b5a4-47f8-9680-c8b7d06953a5@group-2F7D8030D9BB-LeaderElection10] INFO  segmented.SegmentedRaftLogWorker (SegmentedRaftLogWorker.java:startLogSegment(438)) - 4fab203c-b5a4-47f8-9680-c8b7d06953a5@group-2F7D8030D9BB-SegmentedRaftLogWorker: Starting segment from index:0
2025-05-13 08:08:50,462 [4fab203c-b5a4-47f8-9680-c8b7d06953a5@group-2F7D8030D9BB-LeaderElection10] INFO  server.RaftServer$Division (ServerState.java:setRaftConf(386)) - 4fab203c-b5a4-47f8-9680-c8b7d06953a5@group-2F7D8030D9BB: set configuration conf: {index: 0, cur=peers:[4fab203c-b5a4-47f8-9680-c8b7d06953a5|127.0.0.1:15031]|listeners:[], old=null}
2025-05-13 08:08:50,462 [4fab203c-b5a4-47f8-9680-c8b7d06953a5@group-2F7D8030D9BB-SegmentedRaftLogWorker] INFO  segmented.BufferedWriteChannel (BufferedWriteChannel.java:open(61)) - open log_inprogress_0 at position 0
2025-05-13 08:08:50,469 [4fab203c-b5a4-47f8-9680-c8b7d06953a5@group-2F7D8030D9BB-SegmentedRaftLogWorker] INFO  segmented.SegmentedRaftLogWorker (SegmentedRaftLogWorker.java:execute(644)) - 4fab203c-b5a4-47f8-9680-c8b7d06953a5@group-2F7D8030D9BB-SegmentedRaftLogWorker: created new log segment /home/runner/work/ozone/ozone/hadoop-ozone/integration-test-s3/target/test-dir/MiniOzoneClusterImpl-51e975e3-87ca-4f9c-b22e-f289b69b5230/ozone-meta/datanode-3/ratis/d31bf8a3-743c-44ee-a08d-2f7d8030d9bb/current/log_inprogress_0
2025-05-13 08:08:50,472 [4fab203c-b5a4-47f8-9680-c8b7d06953a5@group-2F7D8030D9BB-StateMachineUpdater] INFO  server.RaftServer$Division (LeaderStateImpl.java:checkStartIndex(313)) - Leader 4fab203c-b5a4-47f8-9680-c8b7d06953a5@group-2F7D8030D9BB-LeaderStateImpl is ready since appliedIndex == startIndex == 0
2025-05-13 08:08:50,526 [main] INFO  ozone.MiniOzoneClusterImpl (MiniOzoneClusterImpl.java:lambda$waitForClusterToBeReady$0(191)) - Nodes are ready. Got 5 of 5 DN Heartbeats.
2025-05-13 08:08:50,527 [main] INFO  ozone.MiniOzoneClusterImpl (MiniOzoneClusterImpl.java:lambda$waitForClusterToBeReady$0(194)) - Cluster exits safe mode
2025-05-13 08:08:50,527 [main] INFO  ozone.MiniOzoneClusterImpl (MiniOzoneClusterImpl.java:lambda$waitForClusterToBeReady$0(196)) - SCM became leader
2025-05-13 08:08:50,535 [main] INFO  s3.S3ClientFactory (S3ClientFactory.java:createS3ClientV2(150)) - S3 Endpoint is http://0.0.0.0:15050
2025-05-13 08:08:50,705 [0cacbd4a-5010-47a3-9155-fc9857e0e4f0@group-0BC055138327-FollowerState] INFO  impl.FollowerState (FollowerState.java:runImpl(161)) - 0cacbd4a-5010-47a3-9155-fc9857e0e4f0@group-0BC055138327-FollowerState: change to CANDIDATE, lastRpcElapsedTime:1081740024ns, electionTimeout:1081ms
2025-05-13 08:08:50,706 [0cacbd4a-5010-47a3-9155-fc9857e0e4f0@group-0BC055138327-FollowerState] INFO  impl.RoleInfo (RoleInfo.java:shutdownFollowerState(121)) - 0cacbd4a-5010-47a3-9155-fc9857e0e4f0: shutdown 0cacbd4a-5010-47a3-9155-fc9857e0e4f0@group-0BC055138327-FollowerState
2025-05-13 08:08:50,706 [0cacbd4a-5010-47a3-9155-fc9857e0e4f0@group-0BC055138327-FollowerState] INFO  server.RaftServer$Division (RaftServerImpl.java:setRole(378)) - 0cacbd4a-5010-47a3-9155-fc9857e0e4f0@group-0BC055138327: changes role from  FOLLOWER to CANDIDATE at term 0 for changeToCandidate
2025-05-13 08:08:50,706 [0cacbd4a-5010-47a3-9155-fc9857e0e4f0@group-0BC055138327-FollowerState] INFO  server.RaftServerConfigKeys (ConfUtils.java:logGet(46)) - raft.server.leaderelection.pre-vote = true (default)
2025-05-13 08:08:50,706 [0cacbd4a-5010-47a3-9155-fc9857e0e4f0@group-0BC055138327-FollowerState] INFO  impl.RoleInfo (RoleInfo.java:updateAndGet(148)) - 0cacbd4a-5010-47a3-9155-fc9857e0e4f0: start 0cacbd4a-5010-47a3-9155-fc9857e0e4f0@group-0BC055138327-LeaderElection11
2025-05-13 08:08:50,710 [0cacbd4a-5010-47a3-9155-fc9857e0e4f0@group-0BC055138327-LeaderElection11] INFO  impl.LeaderElection (LeaderElection.java:askForVotes(332)) - 0cacbd4a-5010-47a3-9155-fc9857e0e4f0@group-0BC055138327-LeaderElection11 PRE_VOTE round 0: submit vote requests at term 0 for conf: {index: -1, cur=peers:[0cacbd4a-5010-47a3-9155-fc9857e0e4f0|127.0.0.1:15039]|listeners:[], old=null}
2025-05-13 08:08:50,710 [0cacbd4a-5010-47a3-9155-fc9857e0e4f0@group-0BC055138327-LeaderElection11] INFO  impl.LeaderElection (LeaderElection.java:askForVotes(334)) - 0cacbd4a-5010-47a3-9155-fc9857e0e4f0@group-0BC055138327-LeaderElection11 PRE_VOTE round 0: result PASSED (term=0)
2025-05-13 08:08:50,715 [0cacbd4a-5010-47a3-9155-fc9857e0e4f0@group-0BC055138327-LeaderElection11] INFO  impl.LeaderElection (LeaderElection.java:askForVotes(332)) - 0cacbd4a-5010-47a3-9155-fc9857e0e4f0@group-0BC055138327-LeaderElection11 ELECTION round 0: submit vote requests at term 1 for conf: {index: -1, cur=peers:[0cacbd4a-5010-47a3-9155-fc9857e0e4f0|127.0.0.1:15039]|listeners:[], old=null}
2025-05-13 08:08:50,715 [0cacbd4a-5010-47a3-9155-fc9857e0e4f0@group-0BC055138327-LeaderElection11] INFO  impl.LeaderElection (LeaderElection.java:askForVotes(334)) - 0cacbd4a-5010-47a3-9155-fc9857e0e4f0@group-0BC055138327-LeaderElection11 ELECTION round 0: result PASSED (term=1)
2025-05-13 08:08:50,715 [0cacbd4a-5010-47a3-9155-fc9857e0e4f0@group-0BC055138327-LeaderElection11] INFO  impl.RoleInfo (RoleInfo.java:shutdownLeaderElection(141)) - 0cacbd4a-5010-47a3-9155-fc9857e0e4f0: shutdown 0cacbd4a-5010-47a3-9155-fc9857e0e4f0@group-0BC055138327-LeaderElection11
2025-05-13 08:08:50,715 [0cacbd4a-5010-47a3-9155-fc9857e0e4f0@group-0BC055138327-LeaderElection11] INFO  server.RaftServer$Division (RaftServerImpl.java:setRole(378)) - 0cacbd4a-5010-47a3-9155-fc9857e0e4f0@group-0BC055138327: changes role from CANDIDATE to LEADER at term 1 for changeToLeader
2025-05-13 08:08:50,716 [0cacbd4a-5010-47a3-9155-fc9857e0e4f0@group-0BC055138327-LeaderElection11] INFO  server.RaftServerConfigKeys (ConfUtils.java:logGet(46)) - raft.server.staging.catchup.gap = 1000 (default)
2025-05-13 08:08:50,717 [0cacbd4a-5010-47a3-9155-fc9857e0e4f0@group-0BC055138327-LeaderElection11] INFO  server.RaftServerConfigKeys (ConfUtils.java:logGet(46)) - raft.server.write.element-limit = 1024 (custom)
2025-05-13 08:08:50,717 [0cacbd4a-5010-47a3-9155-fc9857e0e4f0@group-0BC055138327-LeaderElection11] INFO  server.RaftServerConfigKeys (ConfUtils.java:logGet(46)) - raft.server.write.byte-limit = 1024 M (=1073741824) (custom)
2025-05-13 08:08:50,719 [0cacbd4a-5010-47a3-9155-fc9857e0e4f0@group-0BC055138327-LeaderElection11] INFO  server.RaftServerConfigKeys (ConfUtils.java:logGet(46)) - raft.server.watch.timeout = 30s (custom)
2025-05-13 08:08:50,719 [0cacbd4a-5010-47a3-9155-fc9857e0e4f0@group-0BC055138327-LeaderElection11] INFO  server.RaftServerConfigKeys (ConfUtils.java:logGet(46)) - raft.server.watch.timeout.denomination = 1s (default)
2025-05-13 08:08:50,719 [0cacbd4a-5010-47a3-9155-fc9857e0e4f0@group-0BC055138327-LeaderElection11] INFO  server.RaftServerConfigKeys (ConfUtils.java:logGet(46)) - raft.server.watch.element-limit = 65536 (default)
2025-05-13 08:08:50,720 [0cacbd4a-5010-47a3-9155-fc9857e0e4f0@group-0BC055138327-LeaderElection11] INFO  server.RaftServerConfigKeys (ConfUtils.java:logGet(46)) - raft.server.read.leader.lease.enabled = false (default)
2025-05-13 08:08:50,720 [0cacbd4a-5010-47a3-9155-fc9857e0e4f0@group-0BC055138327-LeaderElection11] INFO  server.RaftServerConfigKeys (ConfUtils.java:logGet(46)) - raft.server.read.leader.lease.timeout.ratio = 0.9 (default)
2025-05-13 08:08:50,721 [0cacbd4a-5010-47a3-9155-fc9857e0e4f0@group-0BC055138327-LeaderElection11] INFO  server.RaftServerConfigKeys (ConfUtils.java:logGet(46)) - raft.server.rpc.timeout.min = 5s (custom)
2025-05-13 08:08:50,721 [0cacbd4a-5010-47a3-9155-fc9857e0e4f0@group-0BC055138327-LeaderElection11] INFO  server.RaftServerConfigKeys (ConfUtils.java:logGet(46)) - raft.server.log.log-metadata.enabled = true (default)
2025-05-13 08:08:50,721 [0cacbd4a-5010-47a3-9155-fc9857e0e4f0@group-0BC055138327-LeaderElection11] INFO  server.RaftServerConfigKeys (ConfUtils.java:logGet(46)) - raft.server.write.element-limit = 1024 (custom)
2025-05-13 08:08:50,721 [0cacbd4a-5010-47a3-9155-fc9857e0e4f0@group-0BC055138327-LeaderElection11] INFO  server.RaftServerConfigKeys (ConfUtils.java:logGet(46)) - raft.server.write.follower.gap.ratio.max = -1.0 (default)
2025-05-13 08:08:50,721 [0cacbd4a-5010-47a3-9155-fc9857e0e4f0@group-0BC055138327-LeaderElection11] INFO  impl.RoleInfo (RoleInfo.java:updateAndGet(148)) - 0cacbd4a-5010-47a3-9155-fc9857e0e4f0: start 0cacbd4a-5010-47a3-9155-fc9857e0e4f0@group-0BC055138327-LeaderStateImpl
2025-05-13 08:08:50,721 [0cacbd4a-5010-47a3-9155-fc9857e0e4f0@group-0BC055138327-LeaderElection11] INFO  server.RaftServer$Division (RaftServerImpl.java:setFirstElection(562)) - 0cacbd4a-5010-47a3-9155-fc9857e0e4f0@group-0BC055138327: set firstElectionSinceStartup to false for becomeLeader
2025-05-13 08:08:50,721 [0cacbd4a-5010-47a3-9155-fc9857e0e4f0@group-0BC055138327-LeaderElection11] INFO  ratis.XceiverServerRatis (XceiverServerRatis.java:handleLeaderChangedNotification(944)) - Leader change notification received for group: group-0BC055138327 with new leaderId: 0cacbd4a-5010-47a3-9155-fc9857e0e4f0
2025-05-13 08:08:50,724 [0cacbd4a-5010-47a3-9155-fc9857e0e4f0@group-0BC055138327-LeaderElection11] INFO  server.RaftServer$Division (ServerState.java:setLeader(272)) - 0cacbd4a-5010-47a3-9155-fc9857e0e4f0@group-0BC055138327: change Leader from null to 0cacbd4a-5010-47a3-9155-fc9857e0e4f0 at term 1 for becomeLeader, leader elected after 1118ms
2025-05-13 08:08:50,725 [0cacbd4a-5010-47a3-9155-fc9857e0e4f0@group-0BC055138327-LeaderElection11] INFO  segmented.SegmentedRaftLogWorker (SegmentedRaftLogWorker.java:startLogSegment(438)) - 0cacbd4a-5010-47a3-9155-fc9857e0e4f0@group-0BC055138327-SegmentedRaftLogWorker: Starting segment from index:0
2025-05-13 08:08:50,725 [0cacbd4a-5010-47a3-9155-fc9857e0e4f0@group-0BC055138327-LeaderElection11] INFO  server.RaftServer$Division (ServerState.java:setRaftConf(386)) - 0cacbd4a-5010-47a3-9155-fc9857e0e4f0@group-0BC055138327: set configuration conf: {index: 0, cur=peers:[0cacbd4a-5010-47a3-9155-fc9857e0e4f0|127.0.0.1:15039]|listeners:[], old=null}
2025-05-13 08:08:50,726 [0cacbd4a-5010-47a3-9155-fc9857e0e4f0@group-0BC055138327-SegmentedRaftLogWorker] INFO  segmented.BufferedWriteChannel (BufferedWriteChannel.java:open(61)) - open log_inprogress_0 at position 0
2025-05-13 08:08:50,735 [0cacbd4a-5010-47a3-9155-fc9857e0e4f0@group-0BC055138327-SegmentedRaftLogWorker] INFO  segmented.SegmentedRaftLogWorker (SegmentedRaftLogWorker.java:execute(644)) - 0cacbd4a-5010-47a3-9155-fc9857e0e4f0@group-0BC055138327-SegmentedRaftLogWorker: created new log segment /home/runner/work/ozone/ozone/hadoop-ozone/integration-test-s3/target/test-dir/MiniOzoneClusterImpl-51e975e3-87ca-4f9c-b22e-f289b69b5230/ozone-meta/datanode-4/ratis/9672ac3a-8b32-4112-b5e6-0bc055138327/current/log_inprogress_0
2025-05-13 08:08:50,736 [0cacbd4a-5010-47a3-9155-fc9857e0e4f0@group-0BC055138327-StateMachineUpdater] INFO  server.RaftServer$Division (LeaderStateImpl.java:checkStartIndex(313)) - Leader 0cacbd4a-5010-47a3-9155-fc9857e0e4f0@group-0BC055138327-LeaderStateImpl is ready since appliedIndex == startIndex == 0
2025-05-13 08:08:50,999 [9d757f8d-7764-4ec4-a5e9-2e6ef5bbd552@group-7D6745A3166B-FollowerState] INFO  impl.FollowerState (FollowerState.java:runImpl(161)) - 9d757f8d-7764-4ec4-a5e9-2e6ef5bbd552@group-7D6745A3166B-FollowerState: change to CANDIDATE, lastRpcElapsedTime:1135927888ns, electionTimeout:1134ms
2025-05-13 08:08:50,999 [9d757f8d-7764-4ec4-a5e9-2e6ef5bbd552@group-7D6745A3166B-FollowerState] INFO  impl.RoleInfo (RoleInfo.java:shutdownFollowerState(121)) - 9d757f8d-7764-4ec4-a5e9-2e6ef5bbd552: shutdown 9d757f8d-7764-4ec4-a5e9-2e6ef5bbd552@group-7D6745A3166B-FollowerState
2025-05-13 08:08:50,999 [9d757f8d-7764-4ec4-a5e9-2e6ef5bbd552@group-7D6745A3166B-FollowerState] INFO  server.RaftServer$Division (RaftServerImpl.java:setRole(378)) - 9d757f8d-7764-4ec4-a5e9-2e6ef5bbd552@group-7D6745A3166B: changes role from  FOLLOWER to CANDIDATE at term 0 for changeToCandidate
2025-05-13 08:08:50,999 [9d757f8d-7764-4ec4-a5e9-2e6ef5bbd552@group-7D6745A3166B-FollowerState] INFO  server.RaftServerConfigKeys (ConfUtils.java:logGet(46)) - raft.server.leaderelection.pre-vote = true (default)
2025-05-13 08:08:50,999 [9d757f8d-7764-4ec4-a5e9-2e6ef5bbd552@group-7D6745A3166B-FollowerState] INFO  impl.RoleInfo (RoleInfo.java:updateAndGet(148)) - 9d757f8d-7764-4ec4-a5e9-2e6ef5bbd552: start 9d757f8d-7764-4ec4-a5e9-2e6ef5bbd552@group-7D6745A3166B-LeaderElection12
2025-05-13 08:08:51,000 [9d757f8d-7764-4ec4-a5e9-2e6ef5bbd552@group-7D6745A3166B-LeaderElection12] INFO  impl.LeaderElection (LeaderElection.java:askForVotes(332)) - 9d757f8d-7764-4ec4-a5e9-2e6ef5bbd552@group-7D6745A3166B-LeaderElection12 PRE_VOTE round 0: submit vote requests at term 0 for conf: {index: -1, cur=peers:[9d757f8d-7764-4ec4-a5e9-2e6ef5bbd552|127.0.0.1:15047]|listeners:[], old=null}
2025-05-13 08:08:51,000 [9d757f8d-7764-4ec4-a5e9-2e6ef5bbd552@group-7D6745A3166B-LeaderElection12] INFO  impl.LeaderElection (LeaderElection.java:askForVotes(334)) - 9d757f8d-7764-4ec4-a5e9-2e6ef5bbd552@group-7D6745A3166B-LeaderElection12 PRE_VOTE round 0: result PASSED (term=0)
2025-05-13 08:08:51,002 [9d757f8d-7764-4ec4-a5e9-2e6ef5bbd552@group-7D6745A3166B-LeaderElection12] INFO  impl.LeaderElection (LeaderElection.java:askForVotes(332)) - 9d757f8d-7764-4ec4-a5e9-2e6ef5bbd552@group-7D6745A3166B-LeaderElection12 ELECTION round 0: submit vote requests at term 1 for conf: {index: -1, cur=peers:[9d757f8d-7764-4ec4-a5e9-2e6ef5bbd552|127.0.0.1:15047]|listeners:[], old=null}
2025-05-13 08:08:51,003 [9d757f8d-7764-4ec4-a5e9-2e6ef5bbd552@group-7D6745A3166B-LeaderElection12] INFO  impl.LeaderElection (LeaderElection.java:askForVotes(334)) - 9d757f8d-7764-4ec4-a5e9-2e6ef5bbd552@group-7D6745A3166B-LeaderElection12 ELECTION round 0: result PASSED (term=1)
2025-05-13 08:08:51,003 [9d757f8d-7764-4ec4-a5e9-2e6ef5bbd552@group-7D6745A3166B-LeaderElection12] INFO  impl.RoleInfo (RoleInfo.java:shutdownLeaderElection(141)) - 9d757f8d-7764-4ec4-a5e9-2e6ef5bbd552: shutdown 9d757f8d-7764-4ec4-a5e9-2e6ef5bbd552@group-7D6745A3166B-LeaderElection12
2025-05-13 08:08:51,003 [9d757f8d-7764-4ec4-a5e9-2e6ef5bbd552@group-7D6745A3166B-LeaderElection12] INFO  server.RaftServer$Division (RaftServerImpl.java:setRole(378)) - 9d757f8d-7764-4ec4-a5e9-2e6ef5bbd552@group-7D6745A3166B: changes role from CANDIDATE to LEADER at term 1 for changeToLeader
2025-05-13 08:08:51,003 [9d757f8d-7764-4ec4-a5e9-2e6ef5bbd552@group-7D6745A3166B-LeaderElection12] INFO  server.RaftServerConfigKeys (ConfUtils.java:logGet(46)) - raft.server.staging.catchup.gap = 1000 (default)
2025-05-13 08:08:51,004 [9d757f8d-7764-4ec4-a5e9-2e6ef5bbd552@group-7D6745A3166B-LeaderElection12] INFO  server.RaftServerConfigKeys (ConfUtils.java:logGet(46)) - raft.server.write.element-limit = 1024 (custom)
2025-05-13 08:08:51,004 [9d757f8d-7764-4ec4-a5e9-2e6ef5bbd552@group-7D6745A3166B-LeaderElection12] INFO  server.RaftServerConfigKeys (ConfUtils.java:logGet(46)) - raft.server.write.byte-limit = 1024 M (=1073741824) (custom)
2025-05-13 08:08:51,004 [9d757f8d-7764-4ec4-a5e9-2e6ef5bbd552@group-7D6745A3166B-LeaderElection12] INFO  server.RaftServerConfigKeys (ConfUtils.java:logGet(46)) - raft.server.watch.timeout = 30s (custom)
2025-05-13 08:08:51,004 [9d757f8d-7764-4ec4-a5e9-2e6ef5bbd552@group-7D6745A3166B-LeaderElection12] INFO  server.RaftServerConfigKeys (ConfUtils.java:logGet(46)) - raft.server.watch.timeout.denomination = 1s (default)
2025-05-13 08:08:51,004 [9d757f8d-7764-4ec4-a5e9-2e6ef5bbd552@group-7D6745A3166B-LeaderElection12] INFO  server.RaftServerConfigKeys (ConfUtils.java:logGet(46)) - raft.server.watch.element-limit = 65536 (default)
2025-05-13 08:08:51,005 [9d757f8d-7764-4ec4-a5e9-2e6ef5bbd552@group-7D6745A3166B-LeaderElection12] INFO  server.RaftServerConfigKeys (ConfUtils.java:logGet(46)) - raft.server.read.leader.lease.enabled = false (default)
2025-05-13 08:08:51,005 [9d757f8d-7764-4ec4-a5e9-2e6ef5bbd552@group-7D6745A3166B-LeaderElection12] INFO  server.RaftServerConfigKeys (ConfUtils.java:logGet(46)) - raft.server.read.leader.lease.timeout.ratio = 0.9 (default)
2025-05-13 08:08:51,005 [9d757f8d-7764-4ec4-a5e9-2e6ef5bbd552@group-7D6745A3166B-LeaderElection12] INFO  server.RaftServerConfigKeys (ConfUtils.java:logGet(46)) - raft.server.rpc.timeout.min = 5s (custom)
2025-05-13 08:08:51,005 [9d757f8d-7764-4ec4-a5e9-2e6ef5bbd552@group-7D6745A3166B-LeaderElection12] INFO  server.RaftServerConfigKeys (ConfUtils.java:logGet(46)) - raft.server.log.log-metadata.enabled = true (default)
2025-05-13 08:08:51,005 [9d757f8d-7764-4ec4-a5e9-2e6ef5bbd552@group-7D6745A3166B-LeaderElection12] INFO  server.RaftServerConfigKeys (ConfUtils.java:logGet(46)) - raft.server.write.element-limit = 1024 (custom)
2025-05-13 08:08:51,005 [9d757f8d-7764-4ec4-a5e9-2e6ef5bbd552@group-7D6745A3166B-LeaderElection12] INFO  server.RaftServerConfigKeys (ConfUtils.java:logGet(46)) - raft.server.write.follower.gap.ratio.max = -1.0 (default)
2025-05-13 08:08:51,005 [9d757f8d-7764-4ec4-a5e9-2e6ef5bbd552@group-7D6745A3166B-LeaderElection12] INFO  impl.RoleInfo (RoleInfo.java:updateAndGet(148)) - 9d757f8d-7764-4ec4-a5e9-2e6ef5bbd552: start 9d757f8d-7764-4ec4-a5e9-2e6ef5bbd552@group-7D6745A3166B-LeaderStateImpl
2025-05-13 08:08:51,005 [9d757f8d-7764-4ec4-a5e9-2e6ef5bbd552@group-7D6745A3166B-LeaderElection12] INFO  server.RaftServer$Division (RaftServerImpl.java:setFirstElection(562)) - 9d757f8d-7764-4ec4-a5e9-2e6ef5bbd552@group-7D6745A3166B: set firstElectionSinceStartup to false for becomeLeader
2025-05-13 08:08:51,005 [9d757f8d-7764-4ec4-a5e9-2e6ef5bbd552@group-7D6745A3166B-LeaderElection12] INFO  ratis.XceiverServerRatis (XceiverServerRatis.java:handleLeaderChangedNotification(944)) - Leader change notification received for group: group-7D6745A3166B with new leaderId: 9d757f8d-7764-4ec4-a5e9-2e6ef5bbd552
2025-05-13 08:08:51,005 [9d757f8d-7764-4ec4-a5e9-2e6ef5bbd552@group-7D6745A3166B-LeaderElection12] INFO  server.RaftServer$Division (ServerState.java:setLeader(272)) - 9d757f8d-7764-4ec4-a5e9-2e6ef5bbd552@group-7D6745A3166B: change Leader from null to 9d757f8d-7764-4ec4-a5e9-2e6ef5bbd552 at term 1 for becomeLeader, leader elected after 1168ms
2025-05-13 08:08:51,005 [9d757f8d-7764-4ec4-a5e9-2e6ef5bbd552@group-7D6745A3166B-LeaderElection12] INFO  segmented.SegmentedRaftLogWorker (SegmentedRaftLogWorker.java:startLogSegment(438)) - 9d757f8d-7764-4ec4-a5e9-2e6ef5bbd552@group-7D6745A3166B-SegmentedRaftLogWorker: Starting segment from index:0
2025-05-13 08:08:51,007 [9d757f8d-7764-4ec4-a5e9-2e6ef5bbd552@group-7D6745A3166B-SegmentedRaftLogWorker] INFO  segmented.BufferedWriteChannel (BufferedWriteChannel.java:open(61)) - open log_inprogress_0 at position 0
2025-05-13 08:08:51,009 [9d757f8d-7764-4ec4-a5e9-2e6ef5bbd552@group-7D6745A3166B-LeaderElection12] INFO  server.RaftServer$Division (ServerState.java:setRaftConf(386)) - 9d757f8d-7764-4ec4-a5e9-2e6ef5bbd552@group-7D6745A3166B: set configuration conf: {index: 0, cur=peers:[9d757f8d-7764-4ec4-a5e9-2e6ef5bbd552|127.0.0.1:15047]|listeners:[], old=null}
2025-05-13 08:08:51,014 [9d757f8d-7764-4ec4-a5e9-2e6ef5bbd552@group-7D6745A3166B-SegmentedRaftLogWorker] INFO  segmented.SegmentedRaftLogWorker (SegmentedRaftLogWorker.java:execute(644)) - 9d757f8d-7764-4ec4-a5e9-2e6ef5bbd552@group-7D6745A3166B-SegmentedRaftLogWorker: created new log segment /home/runner/work/ozone/ozone/hadoop-ozone/integration-test-s3/target/test-dir/MiniOzoneClusterImpl-51e975e3-87ca-4f9c-b22e-f289b69b5230/ozone-meta/datanode-5/ratis/e3e7ea0f-7641-4247-929f-7d6745a3166b/current/log_inprogress_0
2025-05-13 08:08:51,017 [9d757f8d-7764-4ec4-a5e9-2e6ef5bbd552@group-7D6745A3166B-StateMachineUpdater] INFO  server.RaftServer$Division (LeaderStateImpl.java:checkStartIndex(313)) - Leader 9d757f8d-7764-4ec4-a5e9-2e6ef5bbd552@group-7D6745A3166B-LeaderStateImpl is ready since appliedIndex == startIndex == 0
]]></system-out>
  </testcase>
  <testcase name="testListObjectsMany" classname="org.apache.hadoop.ozone.s3.awssdk.v2.TestS3SDKV2" time="0.459">
    <error message="Unable to execute HTTP request: Connect to 0.0.0.0:15050 [/0.0.0.0] failed: Connection refused (SDK Attempt Count: 4)" type="software.amazon.awssdk.core.exception.SdkClientException"><![CDATA[software.amazon.awssdk.core.exception.SdkClientException: Unable to execute HTTP request: Connect to 0.0.0.0:15050 [/0.0.0.0] failed: Connection refused (SDK Attempt Count: 4)
	at software.amazon.awssdk.core.exception.SdkClientException$BuilderImpl.build(SdkClientException.java:130)
	at software.amazon.awssdk.core.exception.SdkClientException$BuilderImpl.build(SdkClientException.java:95)
	at software.amazon.awssdk.core.internal.http.pipeline.stages.utils.RetryableStageHelper.retryPolicyDisallowedRetryException(RetryableStageHelper.java:168)
	at software.amazon.awssdk.core.internal.http.pipeline.stages.RetryableStage.execute(RetryableStage.java:73)
	at software.amazon.awssdk.core.internal.http.pipeline.stages.RetryableStage.execute(RetryableStage.java:36)
	at software.amazon.awssdk.core.internal.http.pipeline.RequestPipelineBuilder$ComposingRequestPipelineStage.execute(RequestPipelineBuilder.java:206)
	at software.amazon.awssdk.core.internal.http.StreamManagingStage.execute(StreamManagingStage.java:53)
	at software.amazon.awssdk.core.internal.http.StreamManagingStage.execute(StreamManagingStage.java:35)
	at software.amazon.awssdk.core.internal.http.pipeline.stages.ApiCallTimeoutTrackingStage.executeWithTimer(ApiCallTimeoutTrackingStage.java:82)
	at software.amazon.awssdk.core.internal.http.pipeline.stages.ApiCallTimeoutTrackingStage.execute(ApiCallTimeoutTrackingStage.java:62)
	at software.amazon.awssdk.core.internal.http.pipeline.stages.ApiCallTimeoutTrackingStage.execute(ApiCallTimeoutTrackingStage.java:43)
	at software.amazon.awssdk.core.internal.http.pipeline.stages.ApiCallMetricCollectionStage.execute(ApiCallMetricCollectionStage.java:50)
	at software.amazon.awssdk.core.internal.http.pipeline.stages.ApiCallMetricCollectionStage.execute(ApiCallMetricCollectionStage.java:32)
	at software.amazon.awssdk.core.internal.http.pipeline.RequestPipelineBuilder$ComposingRequestPipelineStage.execute(RequestPipelineBuilder.java:206)
	at software.amazon.awssdk.core.internal.http.pipeline.RequestPipelineBuilder$ComposingRequestPipelineStage.execute(RequestPipelineBuilder.java:206)
	at software.amazon.awssdk.core.internal.http.pipeline.stages.ExecutionFailureExceptionReportingStage.execute(ExecutionFailureExceptionReportingStage.java:37)
	at software.amazon.awssdk.core.internal.http.pipeline.stages.ExecutionFailureExceptionReportingStage.execute(ExecutionFailureExceptionReportingStage.java:26)
	at software.amazon.awssdk.core.internal.http.AmazonSyncHttpClient$RequestExecutionBuilderImpl.execute(AmazonSyncHttpClient.java:210)
	at software.amazon.awssdk.core.internal.handler.BaseSyncClientHandler.invoke(BaseSyncClientHandler.java:103)
	at software.amazon.awssdk.core.internal.handler.BaseSyncClientHandler.doExecute(BaseSyncClientHandler.java:173)
	at software.amazon.awssdk.core.internal.handler.BaseSyncClientHandler.lambda$execute$1(BaseSyncClientHandler.java:80)
	at software.amazon.awssdk.core.internal.handler.BaseSyncClientHandler.measureApiCallSuccess(BaseSyncClientHandler.java:182)
	at software.amazon.awssdk.core.internal.handler.BaseSyncClientHandler.execute(BaseSyncClientHandler.java:74)
	at software.amazon.awssdk.core.client.handler.SdkSyncClientHandler.execute(SdkSyncClientHandler.java:45)
	at software.amazon.awssdk.awscore.client.handler.AwsSyncClientHandler.execute(AwsSyncClientHandler.java:53)
	at software.amazon.awssdk.services.s3.DefaultS3Client.createBucket(DefaultS3Client.java:1261)
	at software.amazon.awssdk.services.s3.S3Client.createBucket(S3Client.java:1879)
	at org.apache.hadoop.ozone.s3.awssdk.v2.AbstractS3SDKV2Tests.testListObjectsMany(AbstractS3SDKV2Tests.java:167)
	at org.apache.hadoop.ozone.s3.awssdk.v2.AbstractS3SDKV2Tests.testListObjectsMany(AbstractS3SDKV2Tests.java:157)
	at java.base/java.lang.reflect.Method.invoke(Method.java:580)
	at java.base/java.util.ArrayList.forEach(ArrayList.java:1596)
	at java.base/java.util.ArrayList.forEach(ArrayList.java:1596)
	Suppressed: software.amazon.awssdk.core.exception.SdkClientException: Request attempt 1 failure: Unable to execute HTTP request: Connect to 0.0.0.0:15050 [/0.0.0.0] failed: Connection refused
	Suppressed: software.amazon.awssdk.core.exception.SdkClientException: Request attempt 2 failure: Unable to execute HTTP request: Connect to 0.0.0.0:15050 [/0.0.0.0] failed: Connection refused
	Suppressed: software.amazon.awssdk.core.exception.SdkClientException: Request attempt 3 failure: Unable to execute HTTP request: Connect to 0.0.0.0:15050 [/0.0.0.0] failed: Connection refused
Caused by: org.apache.http.conn.HttpHostConnectException: Connect to 0.0.0.0:15050 [/0.0.0.0] failed: Connection refused
	at org.apache.http.impl.conn.DefaultHttpClientConnectionOperator.connect(DefaultHttpClientConnectionOperator.java:156)
	at org.apache.http.impl.conn.PoolingHttpClientConnectionManager.connect(PoolingHttpClientConnectionManager.java:376)
	at software.amazon.awssdk.http.apache.internal.conn.ClientConnectionManagerFactory$DelegatingHttpClientConnectionManager.connect(ClientConnectionManagerFactory.java:86)
	at org.apache.http.impl.execchain.MainClientExec.establishRoute(MainClientExec.java:393)
	at org.apache.http.impl.execchain.MainClientExec.execute(MainClientExec.java:236)
	at org.apache.http.impl.execchain.ProtocolExec.execute(ProtocolExec.java:186)
	at org.apache.http.impl.client.InternalHttpClient.doExecute(InternalHttpClient.java:185)
	at org.apache.http.impl.client.CloseableHttpClient.execute(CloseableHttpClient.java:83)
	at org.apache.http.impl.client.CloseableHttpClient.execute(CloseableHttpClient.java:56)
	at software.amazon.awssdk.http.apache.internal.impl.ApacheSdkHttpClient.execute(ApacheSdkHttpClient.java:72)
	at software.amazon.awssdk.http.apache.ApacheHttpClient.execute(ApacheHttpClient.java:259)
	at software.amazon.awssdk.http.apache.ApacheHttpClient.access$600(ApacheHttpClient.java:104)
	at software.amazon.awssdk.http.apache.ApacheHttpClient$1.call(ApacheHttpClient.java:236)
	at software.amazon.awssdk.http.apache.ApacheHttpClient$1.call(ApacheHttpClient.java:233)
	at software.amazon.awssdk.core.internal.util.MetricUtils.measureDurationUnsafe(MetricUtils.java:102)
	at software.amazon.awssdk.core.internal.http.pipeline.stages.MakeHttpRequestStage.executeHttpRequest(MakeHttpRequestStage.java:88)
	at software.amazon.awssdk.core.internal.http.pipeline.stages.MakeHttpRequestStage.execute(MakeHttpRequestStage.java:64)
	at software.amazon.awssdk.core.internal.http.pipeline.stages.MakeHttpRequestStage.execute(MakeHttpRequestStage.java:46)
	at software.amazon.awssdk.core.internal.http.pipeline.RequestPipelineBuilder$ComposingRequestPipelineStage.execute(RequestPipelineBuilder.java:206)
	at software.amazon.awssdk.core.internal.http.pipeline.RequestPipelineBuilder$ComposingRequestPipelineStage.execute(RequestPipelineBuilder.java:206)
	at software.amazon.awssdk.core.internal.http.pipeline.RequestPipelineBuilder$ComposingRequestPipelineStage.execute(RequestPipelineBuilder.java:206)
	at software.amazon.awssdk.core.internal.http.pipeline.RequestPipelineBuilder$ComposingRequestPipelineStage.execute(RequestPipelineBuilder.java:206)
	at software.amazon.awssdk.core.internal.http.pipeline.stages.ApiCallAttemptTimeoutTrackingStage.execute(ApiCallAttemptTimeoutTrackingStage.java:74)
	at software.amazon.awssdk.core.internal.http.pipeline.stages.ApiCallAttemptTimeoutTrackingStage.execute(ApiCallAttemptTimeoutTrackingStage.java:43)
	at software.amazon.awssdk.core.internal.http.pipeline.stages.TimeoutExceptionHandlingStage.execute(TimeoutExceptionHandlingStage.java:79)
	at software.amazon.awssdk.core.internal.http.pipeline.stages.TimeoutExceptionHandlingStage.execute(TimeoutExceptionHandlingStage.java:41)
	at software.amazon.awssdk.core.internal.http.pipeline.stages.ApiCallAttemptMetricCollectionStage.execute(ApiCallAttemptMetricCollectionStage.java:55)
	at software.amazon.awssdk.core.internal.http.pipeline.stages.ApiCallAttemptMetricCollectionStage.execute(ApiCallAttemptMetricCollectionStage.java:39)
	at software.amazon.awssdk.core.internal.http.pipeline.stages.RetryableStage.executeRequest(RetryableStage.java:93)
	at software.amazon.awssdk.core.internal.http.pipeline.stages.RetryableStage.execute(RetryableStage.java:56)
	... 28 more
Caused by: java.net.ConnectException: Connection refused
	at java.base/sun.nio.ch.Net.pollConnect(Native Method)
	at java.base/sun.nio.ch.Net.pollConnectNow(Net.java:682)
	at java.base/sun.nio.ch.NioSocketImpl.timedFinishConnect(NioSocketImpl.java:549)
	at java.base/sun.nio.ch.NioSocketImpl.connect(NioSocketImpl.java:592)
	at java.base/java.net.SocksSocketImpl.connect(SocksSocketImpl.java:327)
	at java.base/java.net.Socket.connect(Socket.java:751)
	at org.apache.http.conn.socket.PlainConnectionSocketFactory.connectSocket(PlainConnectionSocketFactory.java:75)
	at org.apache.http.impl.conn.DefaultHttpClientConnectionOperator.connect(DefaultHttpClientConnectionOperator.java:142)
	... 57 more
]]></error>
  </testcase>
  <testcase name="testListObjectsManyV2" classname="org.apache.hadoop.ozone.s3.awssdk.v2.TestS3SDKV2" time="0.276">
    <error message="Unable to execute HTTP request: Connect to 0.0.0.0:15050 [/0.0.0.0] failed: Connection refused (SDK Attempt Count: 4)" type="software.amazon.awssdk.core.exception.SdkClientException"><![CDATA[software.amazon.awssdk.core.exception.SdkClientException: Unable to execute HTTP request: Connect to 0.0.0.0:15050 [/0.0.0.0] failed: Connection refused (SDK Attempt Count: 4)
	at software.amazon.awssdk.core.exception.SdkClientException$BuilderImpl.build(SdkClientException.java:130)
	at software.amazon.awssdk.core.exception.SdkClientException$BuilderImpl.build(SdkClientException.java:95)
	at software.amazon.awssdk.core.internal.http.pipeline.stages.utils.RetryableStageHelper.retryPolicyDisallowedRetryException(RetryableStageHelper.java:168)
	at software.amazon.awssdk.core.internal.http.pipeline.stages.RetryableStage.execute(RetryableStage.java:73)
	at software.amazon.awssdk.core.internal.http.pipeline.stages.RetryableStage.execute(RetryableStage.java:36)
	at software.amazon.awssdk.core.internal.http.pipeline.RequestPipelineBuilder$ComposingRequestPipelineStage.execute(RequestPipelineBuilder.java:206)
	at software.amazon.awssdk.core.internal.http.StreamManagingStage.execute(StreamManagingStage.java:53)
	at software.amazon.awssdk.core.internal.http.StreamManagingStage.execute(StreamManagingStage.java:35)
	at software.amazon.awssdk.core.internal.http.pipeline.stages.ApiCallTimeoutTrackingStage.executeWithTimer(ApiCallTimeoutTrackingStage.java:82)
	at software.amazon.awssdk.core.internal.http.pipeline.stages.ApiCallTimeoutTrackingStage.execute(ApiCallTimeoutTrackingStage.java:62)
	at software.amazon.awssdk.core.internal.http.pipeline.stages.ApiCallTimeoutTrackingStage.execute(ApiCallTimeoutTrackingStage.java:43)
	at software.amazon.awssdk.core.internal.http.pipeline.stages.ApiCallMetricCollectionStage.execute(ApiCallMetricCollectionStage.java:50)
	at software.amazon.awssdk.core.internal.http.pipeline.stages.ApiCallMetricCollectionStage.execute(ApiCallMetricCollectionStage.java:32)
	at software.amazon.awssdk.core.internal.http.pipeline.RequestPipelineBuilder$ComposingRequestPipelineStage.execute(RequestPipelineBuilder.java:206)
	at software.amazon.awssdk.core.internal.http.pipeline.RequestPipelineBuilder$ComposingRequestPipelineStage.execute(RequestPipelineBuilder.java:206)
	at software.amazon.awssdk.core.internal.http.pipeline.stages.ExecutionFailureExceptionReportingStage.execute(ExecutionFailureExceptionReportingStage.java:37)
	at software.amazon.awssdk.core.internal.http.pipeline.stages.ExecutionFailureExceptionReportingStage.execute(ExecutionFailureExceptionReportingStage.java:26)
	at software.amazon.awssdk.core.internal.http.AmazonSyncHttpClient$RequestExecutionBuilderImpl.execute(AmazonSyncHttpClient.java:210)
	at software.amazon.awssdk.core.internal.handler.BaseSyncClientHandler.invoke(BaseSyncClientHandler.java:103)
	at software.amazon.awssdk.core.internal.handler.BaseSyncClientHandler.doExecute(BaseSyncClientHandler.java:173)
	at software.amazon.awssdk.core.internal.handler.BaseSyncClientHandler.lambda$execute$1(BaseSyncClientHandler.java:80)
	at software.amazon.awssdk.core.internal.handler.BaseSyncClientHandler.measureApiCallSuccess(BaseSyncClientHandler.java:182)
	at software.amazon.awssdk.core.internal.handler.BaseSyncClientHandler.execute(BaseSyncClientHandler.java:74)
	at software.amazon.awssdk.core.client.handler.SdkSyncClientHandler.execute(SdkSyncClientHandler.java:45)
	at software.amazon.awssdk.awscore.client.handler.AwsSyncClientHandler.execute(AwsSyncClientHandler.java:53)
	at software.amazon.awssdk.services.s3.DefaultS3Client.createBucket(DefaultS3Client.java:1261)
	at software.amazon.awssdk.services.s3.S3Client.createBucket(S3Client.java:1879)
	at org.apache.hadoop.ozone.s3.awssdk.v2.AbstractS3SDKV2Tests.testListObjectsMany(AbstractS3SDKV2Tests.java:167)
	at org.apache.hadoop.ozone.s3.awssdk.v2.AbstractS3SDKV2Tests.testListObjectsManyV2(AbstractS3SDKV2Tests.java:162)
	at java.base/java.lang.reflect.Method.invoke(Method.java:580)
	at java.base/java.util.ArrayList.forEach(ArrayList.java:1596)
	at java.base/java.util.ArrayList.forEach(ArrayList.java:1596)
	Suppressed: software.amazon.awssdk.core.exception.SdkClientException: Request attempt 1 failure: Unable to execute HTTP request: Connect to 0.0.0.0:15050 [/0.0.0.0] failed: Connection refused
	Suppressed: software.amazon.awssdk.core.exception.SdkClientException: Request attempt 2 failure: Unable to execute HTTP request: Connect to 0.0.0.0:15050 [/0.0.0.0] failed: Connection refused
	Suppressed: software.amazon.awssdk.core.exception.SdkClientException: Request attempt 3 failure: Unable to execute HTTP request: Connect to 0.0.0.0:15050 [/0.0.0.0] failed: Connection refused
Caused by: org.apache.http.conn.HttpHostConnectException: Connect to 0.0.0.0:15050 [/0.0.0.0] failed: Connection refused
	at org.apache.http.impl.conn.DefaultHttpClientConnectionOperator.connect(DefaultHttpClientConnectionOperator.java:156)
	at org.apache.http.impl.conn.PoolingHttpClientConnectionManager.connect(PoolingHttpClientConnectionManager.java:376)
	at software.amazon.awssdk.http.apache.internal.conn.ClientConnectionManagerFactory$DelegatingHttpClientConnectionManager.connect(ClientConnectionManagerFactory.java:86)
	at org.apache.http.impl.execchain.MainClientExec.establishRoute(MainClientExec.java:393)
	at org.apache.http.impl.execchain.MainClientExec.execute(MainClientExec.java:236)
	at org.apache.http.impl.execchain.ProtocolExec.execute(ProtocolExec.java:186)
	at org.apache.http.impl.client.InternalHttpClient.doExecute(InternalHttpClient.java:185)
	at org.apache.http.impl.client.CloseableHttpClient.execute(CloseableHttpClient.java:83)
	at org.apache.http.impl.client.CloseableHttpClient.execute(CloseableHttpClient.java:56)
	at software.amazon.awssdk.http.apache.internal.impl.ApacheSdkHttpClient.execute(ApacheSdkHttpClient.java:72)
	at software.amazon.awssdk.http.apache.ApacheHttpClient.execute(ApacheHttpClient.java:259)
	at software.amazon.awssdk.http.apache.ApacheHttpClient.access$600(ApacheHttpClient.java:104)
	at software.amazon.awssdk.http.apache.ApacheHttpClient$1.call(ApacheHttpClient.java:236)
	at software.amazon.awssdk.http.apache.ApacheHttpClient$1.call(ApacheHttpClient.java:233)
	at software.amazon.awssdk.core.internal.util.MetricUtils.measureDurationUnsafe(MetricUtils.java:102)
	at software.amazon.awssdk.core.internal.http.pipeline.stages.MakeHttpRequestStage.executeHttpRequest(MakeHttpRequestStage.java:88)
	at software.amazon.awssdk.core.internal.http.pipeline.stages.MakeHttpRequestStage.execute(MakeHttpRequestStage.java:64)
	at software.amazon.awssdk.core.internal.http.pipeline.stages.MakeHttpRequestStage.execute(MakeHttpRequestStage.java:46)
	at software.amazon.awssdk.core.internal.http.pipeline.RequestPipelineBuilder$ComposingRequestPipelineStage.execute(RequestPipelineBuilder.java:206)
	at software.amazon.awssdk.core.internal.http.pipeline.RequestPipelineBuilder$ComposingRequestPipelineStage.execute(RequestPipelineBuilder.java:206)
	at software.amazon.awssdk.core.internal.http.pipeline.RequestPipelineBuilder$ComposingRequestPipelineStage.execute(RequestPipelineBuilder.java:206)
	at software.amazon.awssdk.core.internal.http.pipeline.RequestPipelineBuilder$ComposingRequestPipelineStage.execute(RequestPipelineBuilder.java:206)
	at software.amazon.awssdk.core.internal.http.pipeline.stages.ApiCallAttemptTimeoutTrackingStage.execute(ApiCallAttemptTimeoutTrackingStage.java:74)
	at software.amazon.awssdk.core.internal.http.pipeline.stages.ApiCallAttemptTimeoutTrackingStage.execute(ApiCallAttemptTimeoutTrackingStage.java:43)
	at software.amazon.awssdk.core.internal.http.pipeline.stages.TimeoutExceptionHandlingStage.execute(TimeoutExceptionHandlingStage.java:79)
	at software.amazon.awssdk.core.internal.http.pipeline.stages.TimeoutExceptionHandlingStage.execute(TimeoutExceptionHandlingStage.java:41)
	at software.amazon.awssdk.core.internal.http.pipeline.stages.ApiCallAttemptMetricCollectionStage.execute(ApiCallAttemptMetricCollectionStage.java:55)
	at software.amazon.awssdk.core.internal.http.pipeline.stages.ApiCallAttemptMetricCollectionStage.execute(ApiCallAttemptMetricCollectionStage.java:39)
	at software.amazon.awssdk.core.internal.http.pipeline.stages.RetryableStage.executeRequest(RetryableStage.java:93)
	at software.amazon.awssdk.core.internal.http.pipeline.stages.RetryableStage.execute(RetryableStage.java:56)
	... 28 more
Caused by: java.net.ConnectException: Connection refused
	at java.base/sun.nio.ch.Net.pollConnect(Native Method)
	at java.base/sun.nio.ch.Net.pollConnectNow(Net.java:682)
	at java.base/sun.nio.ch.NioSocketImpl.timedFinishConnect(NioSocketImpl.java:549)
	at java.base/sun.nio.ch.NioSocketImpl.connect(NioSocketImpl.java:592)
	at java.base/java.net.SocksSocketImpl.connect(SocksSocketImpl.java:327)
	at java.base/java.net.Socket.connect(Socket.java:751)
	at org.apache.http.conn.socket.PlainConnectionSocketFactory.connectSocket(PlainConnectionSocketFactory.java:75)
	at org.apache.http.impl.conn.DefaultHttpClientConnectionOperator.connect(DefaultHttpClientConnectionOperator.java:142)
	... 57 more
]]></error>
  </testcase>
  <testcase name="testLowLevelMultipartUpload(Path)" classname="org.apache.hadoop.ozone.s3.awssdk.v2.TestS3SDKV2" time="0.367">
    <error message="Unable to execute HTTP request: Connect to 0.0.0.0:15050 [/0.0.0.0] failed: Connection refused (SDK Attempt Count: 4)" type="software.amazon.awssdk.core.exception.SdkClientException"><![CDATA[software.amazon.awssdk.core.exception.SdkClientException: Unable to execute HTTP request: Connect to 0.0.0.0:15050 [/0.0.0.0] failed: Connection refused (SDK Attempt Count: 4)
	at software.amazon.awssdk.core.exception.SdkClientException$BuilderImpl.build(SdkClientException.java:130)
	at software.amazon.awssdk.core.exception.SdkClientException$BuilderImpl.build(SdkClientException.java:95)
	at software.amazon.awssdk.core.internal.http.pipeline.stages.utils.RetryableStageHelper.retryPolicyDisallowedRetryException(RetryableStageHelper.java:168)
	at software.amazon.awssdk.core.internal.http.pipeline.stages.RetryableStage.execute(RetryableStage.java:73)
	at software.amazon.awssdk.core.internal.http.pipeline.stages.RetryableStage.execute(RetryableStage.java:36)
	at software.amazon.awssdk.core.internal.http.pipeline.RequestPipelineBuilder$ComposingRequestPipelineStage.execute(RequestPipelineBuilder.java:206)
	at software.amazon.awssdk.core.internal.http.StreamManagingStage.execute(StreamManagingStage.java:53)
	at software.amazon.awssdk.core.internal.http.StreamManagingStage.execute(StreamManagingStage.java:35)
	at software.amazon.awssdk.core.internal.http.pipeline.stages.ApiCallTimeoutTrackingStage.executeWithTimer(ApiCallTimeoutTrackingStage.java:82)
	at software.amazon.awssdk.core.internal.http.pipeline.stages.ApiCallTimeoutTrackingStage.execute(ApiCallTimeoutTrackingStage.java:62)
	at software.amazon.awssdk.core.internal.http.pipeline.stages.ApiCallTimeoutTrackingStage.execute(ApiCallTimeoutTrackingStage.java:43)
	at software.amazon.awssdk.core.internal.http.pipeline.stages.ApiCallMetricCollectionStage.execute(ApiCallMetricCollectionStage.java:50)
	at software.amazon.awssdk.core.internal.http.pipeline.stages.ApiCallMetricCollectionStage.execute(ApiCallMetricCollectionStage.java:32)
	at software.amazon.awssdk.core.internal.http.pipeline.RequestPipelineBuilder$ComposingRequestPipelineStage.execute(RequestPipelineBuilder.java:206)
	at software.amazon.awssdk.core.internal.http.pipeline.RequestPipelineBuilder$ComposingRequestPipelineStage.execute(RequestPipelineBuilder.java:206)
	at software.amazon.awssdk.core.internal.http.pipeline.stages.ExecutionFailureExceptionReportingStage.execute(ExecutionFailureExceptionReportingStage.java:37)
	at software.amazon.awssdk.core.internal.http.pipeline.stages.ExecutionFailureExceptionReportingStage.execute(ExecutionFailureExceptionReportingStage.java:26)
	at software.amazon.awssdk.core.internal.http.AmazonSyncHttpClient$RequestExecutionBuilderImpl.execute(AmazonSyncHttpClient.java:210)
	at software.amazon.awssdk.core.internal.handler.BaseSyncClientHandler.invoke(BaseSyncClientHandler.java:103)
	at software.amazon.awssdk.core.internal.handler.BaseSyncClientHandler.doExecute(BaseSyncClientHandler.java:173)
	at software.amazon.awssdk.core.internal.handler.BaseSyncClientHandler.lambda$execute$1(BaseSyncClientHandler.java:80)
	at software.amazon.awssdk.core.internal.handler.BaseSyncClientHandler.measureApiCallSuccess(BaseSyncClientHandler.java:182)
	at software.amazon.awssdk.core.internal.handler.BaseSyncClientHandler.execute(BaseSyncClientHandler.java:74)
	at software.amazon.awssdk.core.client.handler.SdkSyncClientHandler.execute(SdkSyncClientHandler.java:45)
	at software.amazon.awssdk.awscore.client.handler.AwsSyncClientHandler.execute(AwsSyncClientHandler.java:53)
	at software.amazon.awssdk.services.s3.DefaultS3Client.createBucket(DefaultS3Client.java:1261)
	at software.amazon.awssdk.services.s3.S3Client.createBucket(S3Client.java:1879)
	at org.apache.hadoop.ozone.s3.awssdk.v2.AbstractS3SDKV2Tests.testLowLevelMultipartUpload(AbstractS3SDKV2Tests.java:306)
	at java.base/java.lang.reflect.Method.invoke(Method.java:580)
	at java.base/java.util.ArrayList.forEach(ArrayList.java:1596)
	at java.base/java.util.ArrayList.forEach(ArrayList.java:1596)
	Suppressed: software.amazon.awssdk.core.exception.SdkClientException: Request attempt 1 failure: Unable to execute HTTP request: Connect to 0.0.0.0:15050 [/0.0.0.0] failed: Connection refused
	Suppressed: software.amazon.awssdk.core.exception.SdkClientException: Request attempt 2 failure: Unable to execute HTTP request: Connect to 0.0.0.0:15050 [/0.0.0.0] failed: Connection refused
	Suppressed: software.amazon.awssdk.core.exception.SdkClientException: Request attempt 3 failure: Unable to execute HTTP request: Connect to 0.0.0.0:15050 [/0.0.0.0] failed: Connection refused
Caused by: org.apache.http.conn.HttpHostConnectException: Connect to 0.0.0.0:15050 [/0.0.0.0] failed: Connection refused
	at org.apache.http.impl.conn.DefaultHttpClientConnectionOperator.connect(DefaultHttpClientConnectionOperator.java:156)
	at org.apache.http.impl.conn.PoolingHttpClientConnectionManager.connect(PoolingHttpClientConnectionManager.java:376)
	at software.amazon.awssdk.http.apache.internal.conn.ClientConnectionManagerFactory$DelegatingHttpClientConnectionManager.connect(ClientConnectionManagerFactory.java:86)
	at org.apache.http.impl.execchain.MainClientExec.establishRoute(MainClientExec.java:393)
	at org.apache.http.impl.execchain.MainClientExec.execute(MainClientExec.java:236)
	at org.apache.http.impl.execchain.ProtocolExec.execute(ProtocolExec.java:186)
	at org.apache.http.impl.client.InternalHttpClient.doExecute(InternalHttpClient.java:185)
	at org.apache.http.impl.client.CloseableHttpClient.execute(CloseableHttpClient.java:83)
	at org.apache.http.impl.client.CloseableHttpClient.execute(CloseableHttpClient.java:56)
	at software.amazon.awssdk.http.apache.internal.impl.ApacheSdkHttpClient.execute(ApacheSdkHttpClient.java:72)
	at software.amazon.awssdk.http.apache.ApacheHttpClient.execute(ApacheHttpClient.java:259)
	at software.amazon.awssdk.http.apache.ApacheHttpClient.access$600(ApacheHttpClient.java:104)
	at software.amazon.awssdk.http.apache.ApacheHttpClient$1.call(ApacheHttpClient.java:236)
	at software.amazon.awssdk.http.apache.ApacheHttpClient$1.call(ApacheHttpClient.java:233)
	at software.amazon.awssdk.core.internal.util.MetricUtils.measureDurationUnsafe(MetricUtils.java:102)
	at software.amazon.awssdk.core.internal.http.pipeline.stages.MakeHttpRequestStage.executeHttpRequest(MakeHttpRequestStage.java:88)
	at software.amazon.awssdk.core.internal.http.pipeline.stages.MakeHttpRequestStage.execute(MakeHttpRequestStage.java:64)
	at software.amazon.awssdk.core.internal.http.pipeline.stages.MakeHttpRequestStage.execute(MakeHttpRequestStage.java:46)
	at software.amazon.awssdk.core.internal.http.pipeline.RequestPipelineBuilder$ComposingRequestPipelineStage.execute(RequestPipelineBuilder.java:206)
	at software.amazon.awssdk.core.internal.http.pipeline.RequestPipelineBuilder$ComposingRequestPipelineStage.execute(RequestPipelineBuilder.java:206)
	at software.amazon.awssdk.core.internal.http.pipeline.RequestPipelineBuilder$ComposingRequestPipelineStage.execute(RequestPipelineBuilder.java:206)
	at software.amazon.awssdk.core.internal.http.pipeline.RequestPipelineBuilder$ComposingRequestPipelineStage.execute(RequestPipelineBuilder.java:206)
	at software.amazon.awssdk.core.internal.http.pipeline.stages.ApiCallAttemptTimeoutTrackingStage.execute(ApiCallAttemptTimeoutTrackingStage.java:74)
	at software.amazon.awssdk.core.internal.http.pipeline.stages.ApiCallAttemptTimeoutTrackingStage.execute(ApiCallAttemptTimeoutTrackingStage.java:43)
	at software.amazon.awssdk.core.internal.http.pipeline.stages.TimeoutExceptionHandlingStage.execute(TimeoutExceptionHandlingStage.java:79)
	at software.amazon.awssdk.core.internal.http.pipeline.stages.TimeoutExceptionHandlingStage.execute(TimeoutExceptionHandlingStage.java:41)
	at software.amazon.awssdk.core.internal.http.pipeline.stages.ApiCallAttemptMetricCollectionStage.execute(ApiCallAttemptMetricCollectionStage.java:55)
	at software.amazon.awssdk.core.internal.http.pipeline.stages.ApiCallAttemptMetricCollectionStage.execute(ApiCallAttemptMetricCollectionStage.java:39)
	at software.amazon.awssdk.core.internal.http.pipeline.stages.RetryableStage.executeRequest(RetryableStage.java:93)
	at software.amazon.awssdk.core.internal.http.pipeline.stages.RetryableStage.execute(RetryableStage.java:56)
	... 27 more
Caused by: java.net.ConnectException: Connection refused
	at java.base/sun.nio.ch.Net.pollConnect(Native Method)
	at java.base/sun.nio.ch.Net.pollConnectNow(Net.java:682)
	at java.base/sun.nio.ch.NioSocketImpl.timedFinishConnect(NioSocketImpl.java:549)
	at java.base/sun.nio.ch.NioSocketImpl.connect(NioSocketImpl.java:592)
	at java.base/java.net.SocksSocketImpl.connect(SocksSocketImpl.java:327)
	at java.base/java.net.Socket.connect(Socket.java:751)
	at org.apache.http.conn.socket.PlainConnectionSocketFactory.connectSocket(PlainConnectionSocketFactory.java:75)
	at org.apache.http.impl.conn.DefaultHttpClientConnectionOperator.connect(DefaultHttpClientConnectionOperator.java:142)
	... 56 more
]]></error>
  </testcase>
  <testcase name="testPutObject" classname="org.apache.hadoop.ozone.s3.awssdk.v2.TestS3SDKV2" time="0.446">
    <error message="Unable to execute HTTP request: Connect to 0.0.0.0:15050 [/0.0.0.0] failed: Connection refused (SDK Attempt Count: 4)" type="software.amazon.awssdk.core.exception.SdkClientException"><![CDATA[software.amazon.awssdk.core.exception.SdkClientException: Unable to execute HTTP request: Connect to 0.0.0.0:15050 [/0.0.0.0] failed: Connection refused (SDK Attempt Count: 4)
	at software.amazon.awssdk.core.exception.SdkClientException$BuilderImpl.build(SdkClientException.java:130)
	at software.amazon.awssdk.core.exception.SdkClientException$BuilderImpl.build(SdkClientException.java:95)
	at software.amazon.awssdk.core.internal.http.pipeline.stages.utils.RetryableStageHelper.retryPolicyDisallowedRetryException(RetryableStageHelper.java:168)
	at software.amazon.awssdk.core.internal.http.pipeline.stages.RetryableStage.execute(RetryableStage.java:73)
	at software.amazon.awssdk.core.internal.http.pipeline.stages.RetryableStage.execute(RetryableStage.java:36)
	at software.amazon.awssdk.core.internal.http.pipeline.RequestPipelineBuilder$ComposingRequestPipelineStage.execute(RequestPipelineBuilder.java:206)
	at software.amazon.awssdk.core.internal.http.StreamManagingStage.execute(StreamManagingStage.java:53)
	at software.amazon.awssdk.core.internal.http.StreamManagingStage.execute(StreamManagingStage.java:35)
	at software.amazon.awssdk.core.internal.http.pipeline.stages.ApiCallTimeoutTrackingStage.executeWithTimer(ApiCallTimeoutTrackingStage.java:82)
	at software.amazon.awssdk.core.internal.http.pipeline.stages.ApiCallTimeoutTrackingStage.execute(ApiCallTimeoutTrackingStage.java:62)
	at software.amazon.awssdk.core.internal.http.pipeline.stages.ApiCallTimeoutTrackingStage.execute(ApiCallTimeoutTrackingStage.java:43)
	at software.amazon.awssdk.core.internal.http.pipeline.stages.ApiCallMetricCollectionStage.execute(ApiCallMetricCollectionStage.java:50)
	at software.amazon.awssdk.core.internal.http.pipeline.stages.ApiCallMetricCollectionStage.execute(ApiCallMetricCollectionStage.java:32)
	at software.amazon.awssdk.core.internal.http.pipeline.RequestPipelineBuilder$ComposingRequestPipelineStage.execute(RequestPipelineBuilder.java:206)
	at software.amazon.awssdk.core.internal.http.pipeline.RequestPipelineBuilder$ComposingRequestPipelineStage.execute(RequestPipelineBuilder.java:206)
	at software.amazon.awssdk.core.internal.http.pipeline.stages.ExecutionFailureExceptionReportingStage.execute(ExecutionFailureExceptionReportingStage.java:37)
	at software.amazon.awssdk.core.internal.http.pipeline.stages.ExecutionFailureExceptionReportingStage.execute(ExecutionFailureExceptionReportingStage.java:26)
	at software.amazon.awssdk.core.internal.http.AmazonSyncHttpClient$RequestExecutionBuilderImpl.execute(AmazonSyncHttpClient.java:210)
	at software.amazon.awssdk.core.internal.handler.BaseSyncClientHandler.invoke(BaseSyncClientHandler.java:103)
	at software.amazon.awssdk.core.internal.handler.BaseSyncClientHandler.doExecute(BaseSyncClientHandler.java:173)
	at software.amazon.awssdk.core.internal.handler.BaseSyncClientHandler.lambda$execute$1(BaseSyncClientHandler.java:80)
	at software.amazon.awssdk.core.internal.handler.BaseSyncClientHandler.measureApiCallSuccess(BaseSyncClientHandler.java:182)
	at software.amazon.awssdk.core.internal.handler.BaseSyncClientHandler.execute(BaseSyncClientHandler.java:74)
	at software.amazon.awssdk.core.client.handler.SdkSyncClientHandler.execute(SdkSyncClientHandler.java:45)
	at software.amazon.awssdk.awscore.client.handler.AwsSyncClientHandler.execute(AwsSyncClientHandler.java:53)
	at software.amazon.awssdk.services.s3.DefaultS3Client.createBucket(DefaultS3Client.java:1261)
	at software.amazon.awssdk.services.s3.S3Client.createBucket(S3Client.java:1879)
	at org.apache.hadoop.ozone.s3.awssdk.v2.AbstractS3SDKV2Tests.testPutObject(AbstractS3SDKV2Tests.java:137)
	at java.base/java.lang.reflect.Method.invoke(Method.java:580)
	at java.base/java.util.ArrayList.forEach(ArrayList.java:1596)
	at java.base/java.util.ArrayList.forEach(ArrayList.java:1596)
	Suppressed: software.amazon.awssdk.core.exception.SdkClientException: Request attempt 1 failure: Unable to execute HTTP request: Connect to 0.0.0.0:15050 [/0.0.0.0] failed: Connection refused
	Suppressed: software.amazon.awssdk.core.exception.SdkClientException: Request attempt 2 failure: Unable to execute HTTP request: Connect to 0.0.0.0:15050 [/0.0.0.0] failed: Connection refused
	Suppressed: software.amazon.awssdk.core.exception.SdkClientException: Request attempt 3 failure: Unable to execute HTTP request: Connect to 0.0.0.0:15050 [/0.0.0.0] failed: Connection refused
Caused by: org.apache.http.conn.HttpHostConnectException: Connect to 0.0.0.0:15050 [/0.0.0.0] failed: Connection refused
	at org.apache.http.impl.conn.DefaultHttpClientConnectionOperator.connect(DefaultHttpClientConnectionOperator.java:156)
	at org.apache.http.impl.conn.PoolingHttpClientConnectionManager.connect(PoolingHttpClientConnectionManager.java:376)
	at software.amazon.awssdk.http.apache.internal.conn.ClientConnectionManagerFactory$DelegatingHttpClientConnectionManager.connect(ClientConnectionManagerFactory.java:86)
	at org.apache.http.impl.execchain.MainClientExec.establishRoute(MainClientExec.java:393)
	at org.apache.http.impl.execchain.MainClientExec.execute(MainClientExec.java:236)
	at org.apache.http.impl.execchain.ProtocolExec.execute(ProtocolExec.java:186)
	at org.apache.http.impl.client.InternalHttpClient.doExecute(InternalHttpClient.java:185)
	at org.apache.http.impl.client.CloseableHttpClient.execute(CloseableHttpClient.java:83)
	at org.apache.http.impl.client.CloseableHttpClient.execute(CloseableHttpClient.java:56)
	at software.amazon.awssdk.http.apache.internal.impl.ApacheSdkHttpClient.execute(ApacheSdkHttpClient.java:72)
	at software.amazon.awssdk.http.apache.ApacheHttpClient.execute(ApacheHttpClient.java:259)
	at software.amazon.awssdk.http.apache.ApacheHttpClient.access$600(ApacheHttpClient.java:104)
	at software.amazon.awssdk.http.apache.ApacheHttpClient$1.call(ApacheHttpClient.java:236)
	at software.amazon.awssdk.http.apache.ApacheHttpClient$1.call(ApacheHttpClient.java:233)
	at software.amazon.awssdk.core.internal.util.MetricUtils.measureDurationUnsafe(MetricUtils.java:102)
	at software.amazon.awssdk.core.internal.http.pipeline.stages.MakeHttpRequestStage.executeHttpRequest(MakeHttpRequestStage.java:88)
	at software.amazon.awssdk.core.internal.http.pipeline.stages.MakeHttpRequestStage.execute(MakeHttpRequestStage.java:64)
	at software.amazon.awssdk.core.internal.http.pipeline.stages.MakeHttpRequestStage.execute(MakeHttpRequestStage.java:46)
	at software.amazon.awssdk.core.internal.http.pipeline.RequestPipelineBuilder$ComposingRequestPipelineStage.execute(RequestPipelineBuilder.java:206)
	at software.amazon.awssdk.core.internal.http.pipeline.RequestPipelineBuilder$ComposingRequestPipelineStage.execute(RequestPipelineBuilder.java:206)
	at software.amazon.awssdk.core.internal.http.pipeline.RequestPipelineBuilder$ComposingRequestPipelineStage.execute(RequestPipelineBuilder.java:206)
	at software.amazon.awssdk.core.internal.http.pipeline.RequestPipelineBuilder$ComposingRequestPipelineStage.execute(RequestPipelineBuilder.java:206)
	at software.amazon.awssdk.core.internal.http.pipeline.stages.ApiCallAttemptTimeoutTrackingStage.execute(ApiCallAttemptTimeoutTrackingStage.java:74)
	at software.amazon.awssdk.core.internal.http.pipeline.stages.ApiCallAttemptTimeoutTrackingStage.execute(ApiCallAttemptTimeoutTrackingStage.java:43)
	at software.amazon.awssdk.core.internal.http.pipeline.stages.TimeoutExceptionHandlingStage.execute(TimeoutExceptionHandlingStage.java:79)
	at software.amazon.awssdk.core.internal.http.pipeline.stages.TimeoutExceptionHandlingStage.execute(TimeoutExceptionHandlingStage.java:41)
	at software.amazon.awssdk.core.internal.http.pipeline.stages.ApiCallAttemptMetricCollectionStage.execute(ApiCallAttemptMetricCollectionStage.java:55)
	at software.amazon.awssdk.core.internal.http.pipeline.stages.ApiCallAttemptMetricCollectionStage.execute(ApiCallAttemptMetricCollectionStage.java:39)
	at software.amazon.awssdk.core.internal.http.pipeline.stages.RetryableStage.executeRequest(RetryableStage.java:93)
	at software.amazon.awssdk.core.internal.http.pipeline.stages.RetryableStage.execute(RetryableStage.java:56)
	... 27 more
Caused by: java.net.ConnectException: Connection refused
	at java.base/sun.nio.ch.Net.pollConnect(Native Method)
	at java.base/sun.nio.ch.Net.pollConnectNow(Net.java:682)
	at java.base/sun.nio.ch.NioSocketImpl.timedFinishConnect(NioSocketImpl.java:549)
	at java.base/sun.nio.ch.NioSocketImpl.connect(NioSocketImpl.java:592)
	at java.base/java.net.SocksSocketImpl.connect(SocksSocketImpl.java:327)
	at java.base/java.net.Socket.connect(Socket.java:751)
	at org.apache.http.conn.socket.PlainConnectionSocketFactory.connectSocket(PlainConnectionSocketFactory.java:75)
	at org.apache.http.impl.conn.DefaultHttpClientConnectionOperator.connect(DefaultHttpClientConnectionOperator.java:142)
	... 56 more
]]></error>
  </testcase>
</testsuite>