<?xml version="1.0" encoding="UTF-8"?>
<testsuite xmlns:xsi="http://www.w3.org/2001/XMLSchema-instance" xsi:noNamespaceSchemaLocation="https://maven.apache.org/surefire/maven-surefire-plugin/xsd/surefire-test-report.xsd" version="3.0.2" name="org.apache.hadoop.ozone.s3.awssdk.v1.TestS3SDKV1WithRatisStreaming" time="47.135" tests="26" errors="23" skipped="0" failures="3">
  <properties>
    <property name="java.specification.version" value="21"/>
    <property name="sun.jnu.encoding" value="UTF-8"/>
    <property name="java.class.path" value="/home/runner/work/ozone/ozone/hadoop-ozone/integration-test-s3/target/test-classes:/home/runner/work/ozone/ozone/hadoop-ozone/integration-test-s3/target/classes:/home/runner/.m2/repository/com/amazonaws/aws-java-sdk-core/1.12.661/aws-java-sdk-core-1.12.661.jar:/home/runner/.m2/repository/commons-codec/commons-codec/1.17.1/commons-codec-1.17.1.jar:/home/runner/.m2/repository/org/apache/httpcomponents/httpclient/4.5.14/httpclient-4.5.14.jar:/home/runner/.m2/repository/com/fasterxml/jackson/core/jackson-databind/2.16.2/jackson-databind-2.16.2.jar:/home/runner/.m2/repository/com/fasterxml/jackson/dataformat/jackson-dataformat-cbor/2.16.2/jackson-dataformat-cbor-2.16.2.jar:/home/runner/.m2/repository/joda-time/joda-time/2.12.7/joda-time-2.12.7.jar:/home/runner/.m2/repository/com/amazonaws/aws-java-sdk-s3/1.12.661/aws-java-sdk-s3-1.12.661.jar:/home/runner/.m2/repository/com/amazonaws/aws-java-sdk-kms/1.12.661/aws-java-sdk-kms-1.12.661.jar:/home/runner/.m2/repository/com/amazonaws/jmespath-java/1.12.661/jmespath-java-1.12.661.jar:/home/runner/.m2/repository/jakarta/xml/bind/jakarta.xml.bind-api/2.3.3/jakarta.xml.bind-api-2.3.3.jar:/home/runner/.m2/repository/jakarta/activation/jakarta.activation-api/1.2.2/jakarta.activation-api-1.2.2.jar:/home/runner/.m2/repository/org/apache/commons/commons-lang3/3.17.0/commons-lang3-3.17.0.jar:/home/runner/work/ozone/ozone/hadoop-hdds/common/target/hdds-common-2.1.0-SNAPSHOT.jar:/home/runner/.m2/repository/com/fasterxml/jackson/core/jackson-annotations/2.16.2/jackson-annotations-2.16.2.jar:/home/runner/.m2/repository/com/fasterxml/jackson/core/jackson-core/2.16.2/jackson-core-2.16.2.jar:/home/runner/.m2/repository/com/fasterxml/jackson/datatype/jackson-datatype-jsr310/2.16.2/jackson-datatype-jsr310-2.16.2.jar:/home/runner/.m2/repository/com/github/stephenc/jcip/jcip-annotations/1.0-1/jcip-annotations-1.0-1.jar:/home/runner/.m2/repository/com/google/guava/guava/32.1.3-jre/guava-32.1.3-jre.jar:/home/runner/.m2/repository/com/google/guava/failureaccess/1.0.1/failureaccess-1.0.1.jar:/home/runner/.m2/repository/com/google/guava/listenablefuture/9999.0-empty-to-avoid-conflict-with-guava/listenablefuture-9999.0-empty-to-avoid-conflict-with-guava.jar:/home/runner/.m2/repository/org/checkerframework/checker-qual/3.37.0/checker-qual-3.37.0.jar:/home/runner/.m2/repository/com/google/errorprone/error_prone_annotations/2.29.2/error_prone_annotations-2.29.2.jar:/home/runner/.m2/repository/com/google/j2objc/j2objc-annotations/2.8/j2objc-annotations-2.8.jar:/home/runner/.m2/repository/com/google/protobuf/protobuf-java/2.5.0/protobuf-java-2.5.0.jar:/home/runner/.m2/repository/commons-collections/commons-collections/3.2.2/commons-collections-3.2.2.jar:/home/runner/.m2/repository/commons-io/commons-io/2.18.0/commons-io-2.18.0.jar:/home/runner/.m2/repository/commons-validator/commons-validator/1.6/commons-validator-1.6.jar:/home/runner/.m2/repository/commons-beanutils/commons-beanutils/1.9.4/commons-beanutils-1.9.4.jar:/home/runner/.m2/repository/commons-digester/commons-digester/1.8.1/commons-digester-1.8.1.jar:/home/runner/.m2/repository/info/picocli/picocli/4.7.7/picocli-4.7.7.jar:/home/runner/.m2/repository/io/dropwizard/metrics/metrics-core/3.2.6/metrics-core-3.2.6.jar:/home/runner/.m2/repository/io/jaegertracing/jaeger-client/1.8.1/jaeger-client-1.8.1.jar:/home/runner/.m2/repository/io/jaegertracing/jaeger-thrift/1.8.1/jaeger-thrift-1.8.1.jar:/home/runner/.m2/repository/org/apache/thrift/libthrift/0.15.0/libthrift-0.15.0.jar:/home/runner/.m2/repository/com/squareup/okhttp3/okhttp/4.12.0/okhttp-4.12.0.jar:/home/runner/.m2/repository/com/squareup/okio/okio/3.6.0/okio-3.6.0.jar:/home/runner/.m2/repository/com/squareup/okio/okio-jvm/3.6.0/okio-jvm-3.6.0.jar:/home/runner/.m2/repository/org/jetbrains/kotlin/kotlin-stdlib-common/1.9.25/kotlin-stdlib-common-1.9.25.jar:/home/runner/.m2/repository/org/jetbrains/kotlin/kotlin-stdlib-jdk8/1.9.25/kotlin-stdlib-jdk8-1.9.25.jar:/home/runner/.m2/repository/org/jetbrains/kotlin/kotlin-stdlib-jdk7/1.9.25/kotlin-stdlib-jdk7-1.9.25.jar:/home/runner/.m2/repository/io/jaegertracing/jaeger-tracerresolver/1.8.1/jaeger-tracerresolver-1.8.1.jar:/home/runner/.m2/repository/io/opentracing/contrib/opentracing-tracerresolver/0.1.8/opentracing-tracerresolver-0.1.8.jar:/home/runner/.m2/repository/io/jaegertracing/jaeger-core/1.8.1/jaeger-core-1.8.1.jar:/home/runner/.m2/repository/io/opentracing/opentracing-api/0.33.0/opentracing-api-0.33.0.jar:/home/runner/.m2/repository/io/opentracing/opentracing-util/0.33.0/opentracing-util-0.33.0.jar:/home/runner/.m2/repository/jakarta/annotation/jakarta.annotation-api/2.1.1/jakarta.annotation-api-2.1.1.jar:/home/runner/.m2/repository/javax/annotation/javax.annotation-api/1.3.2/javax.annotation-api-1.3.2.jar:/home/runner/.m2/repository/org/apache/hadoop/hadoop-common/3.4.1/hadoop-common-3.4.1.jar:/home/runner/.m2/repository/org/apache/hadoop/thirdparty/hadoop-shaded-protobuf_3_25/1.4.0/hadoop-shaded-protobuf_3_25-1.4.0.jar:/home/runner/.m2/repository/org/apache/hadoop/hadoop-annotations/3.4.1/hadoop-annotations-3.4.1.jar:/home/runner/.m2/repository/org/apache/hadoop/thirdparty/hadoop-shaded-guava/1.3.0/hadoop-shaded-guava-1.3.0.jar:/home/runner/.m2/repository/org/codehaus/jettison/jettison/1.5.4/jettison-1.5.4.jar:/home/runner/.m2/repository/org/apache/commons/commons-text/1.12.0/commons-text-1.12.0.jar:/home/runner/.m2/repository/com/google/re2j/re2j/1.7/re2j-1.7.jar:/home/runner/.m2/repository/io/netty/netty-handler/4.1.109.Final/netty-handler-4.1.109.Final.jar:/home/runner/.m2/repository/io/netty/netty-transport-native-unix-common/4.1.109.Final/netty-transport-native-unix-common-4.1.109.Final.jar:/home/runner/.m2/repository/io/netty/netty-transport-native-epoll/4.1.109.Final/netty-transport-native-epoll-4.1.109.Final.jar:/home/runner/.m2/repository/org/codehaus/woodstox/stax2-api/4.2.1/stax2-api-4.2.1.jar:/home/runner/.m2/repository/com/fasterxml/woodstox/woodstox-core/5.4.0/woodstox-core-5.4.0.jar:/home/runner/work/ozone/ozone/hadoop-hdds/annotations/target/hdds-annotation-processing-2.1.0-SNAPSHOT.jar:/home/runner/work/ozone/ozone/hadoop-hdds/interface-admin/target/hdds-interface-admin-2.1.0-SNAPSHOT.jar:/home/runner/work/ozone/ozone/hadoop-hdds/interface-client/target/hdds-interface-client-2.1.0-SNAPSHOT.jar:/home/runner/.m2/repository/org/apache/ratis/ratis-client/3.1.2/ratis-client-3.1.2.jar:/home/runner/.m2/repository/org/apache/ratis/ratis-grpc/3.1.2/ratis-grpc-3.1.2.jar:/home/runner/.m2/repository/org/apache/ratis/ratis-metrics-dropwizard3/3.1.2/ratis-metrics-dropwizard3-3.1.2.jar:/home/runner/.m2/repository/org/apache/ratis/ratis-netty/3.1.2/ratis-netty-3.1.2.jar:/home/runner/.m2/repository/org/apache/ratis/ratis-proto/3.1.2/ratis-proto-3.1.2.jar:/home/runner/.m2/repository/org/apache/ratis/ratis-server-api/3.1.2/ratis-server-api-3.1.2.jar:/home/runner/.m2/repository/org/apache/ratis/ratis-thirdparty-misc/1.0.6/ratis-thirdparty-misc-1.0.6.jar:/home/runner/.m2/repository/org/bouncycastle/bcpkix-jdk18on/1.80/bcpkix-jdk18on-1.80.jar:/home/runner/.m2/repository/org/bouncycastle/bcprov-jdk18on/1.80/bcprov-jdk18on-1.80.jar:/home/runner/.m2/repository/org/bouncycastle/bcutil-jdk18on/1.80/bcutil-jdk18on-1.80.jar:/home/runner/.m2/repository/org/jetbrains/kotlin/kotlin-stdlib/1.9.25/kotlin-stdlib-1.9.25.jar:/home/runner/.m2/repository/org/jetbrains/annotations/13.0/annotations-13.0.jar:/home/runner/.m2/repository/org/reflections/reflections/0.10.2/reflections-0.10.2.jar:/home/runner/.m2/repository/org/slf4j/jcl-over-slf4j/2.0.17/jcl-over-slf4j-2.0.17.jar:/home/runner/.m2/repository/org/yaml/snakeyaml/2.0/snakeyaml-2.0.jar:/home/runner/.m2/repository/org/slf4j/slf4j-reload4j/2.0.17/slf4j-reload4j-2.0.17.jar:/home/runner/work/ozone/ozone/hadoop-hdds/config/target/hdds-config-2.1.0-SNAPSHOT.jar:/home/runner/work/ozone/ozone/hadoop-hdds/framework/target/hdds-server-framework-2.1.0-SNAPSHOT.jar:/home/runner/.m2/repository/ch/qos/reload4j/reload4j/1.2.26/reload4j-1.2.26.jar:/home/runner/.m2/repository/com/github/jnr/jnr-constants/0.10.4/jnr-constants-0.10.4.jar:/home/runner/.m2/repository/com/github/jnr/jnr-posix/3.1.20/jnr-posix-3.1.20.jar:/home/runner/.m2/repository/com/github/jnr/jnr-ffi/2.2.17/jnr-ffi-2.2.17.jar:/home/runner/.m2/repository/com/github/jnr/jffi/1.3.13/jffi-1.3.13.jar:/home/runner/.m2/repository/com/github/jnr/jffi/1.3.13/jffi-1.3.13-native.jar:/home/runner/.m2/repository/org/ow2/asm/asm/9.7.1/asm-9.7.1.jar:/home/runner/.m2/repository/org/ow2/asm/asm-commons/9.7.1/asm-commons-9.7.1.jar:/home/runner/.m2/repository/org/ow2/asm/asm-analysis/9.7.1/asm-analysis-9.7.1.jar:/home/runner/.m2/repository/org/ow2/asm/asm-tree/9.7.1/asm-tree-9.7.1.jar:/home/runner/.m2/repository/org/ow2/asm/asm-util/9.7.1/asm-util-9.7.1.jar:/home/runner/.m2/repository/com/github/jnr/jnr-a64asm/1.0.0/jnr-a64asm-1.0.0.jar:/home/runner/.m2/repository/com/github/jnr/jnr-x86asm/1.0.2/jnr-x86asm-1.0.2.jar:/home/runner/.m2/repository/com/google/code/gson/gson/2.10.1/gson-2.10.1.jar:/home/runner/.m2/repository/commons-fileupload/commons-fileupload/1.5/commons-fileupload-1.5.jar:/home/runner/.m2/repository/io/grpc/grpc-api/1.58.0/grpc-api-1.58.0.jar:/home/runner/.m2/repository/io/prometheus/simpleclient/0.16.0/simpleclient-0.16.0.jar:/home/runner/.m2/repository/io/prometheus/simpleclient_common/0.16.0/simpleclient_common-0.16.0.jar:/home/runner/.m2/repository/io/prometheus/simpleclient_dropwizard/0.16.0/simpleclient_dropwizard-0.16.0.jar:/home/runner/.m2/repository/jakarta/ws/rs/jakarta.ws.rs-api/2.1.6/jakarta.ws.rs-api-2.1.6.jar:/home/runner/.m2/repository/javax/servlet/javax.servlet-api/3.1.0/javax.servlet-api-3.1.0.jar:/home/runner/.m2/repository/org/apache/commons/commons-compress/1.27.1/commons-compress-1.27.1.jar:/home/runner/.m2/repository/org/apache/commons/commons-configuration2/2.11.0/commons-configuration2-2.11.0.jar:/home/runner/.m2/repository/org/apache/hadoop/hadoop-auth/3.4.1/hadoop-auth-3.4.1.jar:/home/runner/.m2/repository/org/apache/logging/log4j/log4j-api/2.24.2/log4j-api-2.24.2.jar:/home/runner/.m2/repository/org/apache/logging/log4j/log4j-core/2.24.2/log4j-core-2.24.2.jar:/home/runner/work/ozone/ozone/hadoop-hdds/interface-server/target/hdds-interface-server-2.1.0-SNAPSHOT.jar:/home/runner/work/ozone/ozone/hadoop-hdds/managed-rocksdb/target/hdds-managed-rocksdb-2.1.0-SNAPSHOT.jar:/home/runner/work/ozone/ozone/hadoop-hdds/rocksdb-checkpoint-differ/target/rocksdb-checkpoint-differ-2.1.0-SNAPSHOT.jar:/home/runner/.m2/repository/com/github/vlsi/mxgraph/jgraphx/3.9.12/jgraphx-3.9.12.jar:/home/runner/work/ozone/ozone/hadoop-hdds/rocks-native/target/hdds-rocks-native-2.1.0-SNAPSHOT.jar:/home/runner/.m2/repository/org/jgrapht/jgrapht-core/1.4.0/jgrapht-core-1.4.0.jar:/home/runner/.m2/repository/org/jheaps/jheaps/0.11/jheaps-0.11.jar:/home/runner/.m2/repository/org/jgrapht/jgrapht-ext/1.4.0/jgrapht-ext-1.4.0.jar:/home/runner/.m2/repository/org/apache/ratis/ratis-metrics-api/3.1.2/ratis-metrics-api-3.1.2.jar:/home/runner/.m2/repository/org/apache/ratis/ratis-server/3.1.2/ratis-server-3.1.2.jar:/home/runner/.m2/repository/org/eclipse/jetty/jetty-http/9.4.57.v20241219/jetty-http-9.4.57.v20241219.jar:/home/runner/.m2/repository/org/eclipse/jetty/jetty-io/9.4.57.v20241219/jetty-io-9.4.57.v20241219.jar:/home/runner/.m2/repository/org/eclipse/jetty/jetty-server/9.4.57.v20241219/jetty-server-9.4.57.v20241219.jar:/home/runner/.m2/repository/org/eclipse/jetty/jetty-servlet/9.4.57.v20241219/jetty-servlet-9.4.57.v20241219.jar:/home/runner/.m2/repository/org/eclipse/jetty/jetty-security/9.4.57.v20241219/jetty-security-9.4.57.v20241219.jar:/home/runner/.m2/repository/org/eclipse/jetty/jetty-util-ajax/9.4.57.v20241219/jetty-util-ajax-9.4.57.v20241219.jar:/home/runner/.m2/repository/org/eclipse/jetty/jetty-util/9.4.57.v20241219/jetty-util-9.4.57.v20241219.jar:/home/runner/.m2/repository/org/eclipse/jetty/jetty-webapp/9.4.57.v20241219/jetty-webapp-9.4.57.v20241219.jar:/home/runner/.m2/repository/org/eclipse/jetty/jetty-xml/9.4.57.v20241219/jetty-xml-9.4.57.v20241219.jar:/home/runner/.m2/repository/org/glassfish/jersey/containers/jersey-container-servlet-core/2.46/jersey-container-servlet-core-2.46.jar:/home/runner/.m2/repository/org/glassfish/hk2/external/jakarta.inject/2.6.1/jakarta.inject-2.6.1.jar:/home/runner/.m2/repository/org/glassfish/jersey/core/jersey-server/2.46/jersey-server-2.46.jar:/home/runner/.m2/repository/org/glassfish/jersey/core/jersey-client/2.46/jersey-client-2.46.jar:/home/runner/.m2/repository/jakarta/validation/jakarta.validation-api/2.0.2/jakarta.validation-api-2.0.2.jar:/home/runner/.m2/repository/org/rocksdb/rocksdbjni/7.7.3/rocksdbjni-7.7.3.jar:/home/runner/.m2/repository/com/lmax/disruptor/3.4.4/disruptor-3.4.4.jar:/home/runner/.m2/repository/com/nimbusds/nimbus-jose-jwt/9.40/nimbus-jose-jwt-9.40.jar:/home/runner/.m2/repository/commons-cli/commons-cli/1.8.0/commons-cli-1.8.0.jar:/home/runner/.m2/repository/log4j/apache-log4j-extras/1.2.17/apache-log4j-extras-1.2.17.jar:/home/runner/.m2/repository/org/apache/kerby/kerb-core/1.0.1/kerb-core-1.0.1.jar:/home/runner/.m2/repository/org/apache/kerby/kerby-pkix/1.0.1/kerby-pkix-1.0.1.jar:/home/runner/.m2/repository/org/apache/kerby/kerby-asn1/1.0.1/kerby-asn1-1.0.1.jar:/home/runner/.m2/repository/org/apache/kerby/kerb-util/1.0.1/kerb-util-1.0.1.jar:/home/runner/.m2/repository/org/apache/kerby/kerby-config/1.0.1/kerby-config-1.0.1.jar:/home/runner/.m2/repository/org/apache/kerby/kerb-crypto/1.0.1/kerb-crypto-1.0.1.jar:/home/runner/.m2/repository/org/xerial/snappy/snappy-java/1.1.10.7/snappy-java-1.1.10.7.jar:/home/runner/work/ozone/ozone/hadoop-hdds/test-utils/target/hdds-test-utils-2.1.0-SNAPSHOT-tests.jar:/home/runner/work/ozone/ozone/hadoop-ozone/client/target/ozone-client-2.1.0-SNAPSHOT.jar:/home/runner/work/ozone/ozone/hadoop-hdds/client/target/hdds-client-2.1.0-SNAPSHOT.jar:/home/runner/work/ozone/ozone/hadoop-hdds/erasurecode/target/hdds-erasurecode-2.1.0-SNAPSHOT.jar:/home/runner/work/ozone/ozone/hadoop-ozone/common/target/ozone-common-2.1.0-SNAPSHOT.jar:/home/runner/.m2/repository/io/grpc/grpc-netty/1.58.0/grpc-netty-1.58.0.jar:/home/runner/.m2/repository/io/grpc/grpc-core/1.58.0/grpc-core-1.58.0.jar:/home/runner/.m2/repository/com/google/android/annotations/4.1.1.4/annotations-4.1.1.4.jar:/home/runner/.m2/repository/org/codehaus/mojo/animal-sniffer-annotations/1.23/animal-sniffer-annotations-1.23.jar:/home/runner/.m2/repository/io/grpc/grpc-context/1.58.0/grpc-context-1.58.0.jar:/home/runner/.m2/repository/io/grpc/grpc-util/1.58.0/grpc-util-1.58.0.jar:/home/runner/.m2/repository/io/perfmark/perfmark-api/0.26.0/perfmark-api-0.26.0.jar:/home/runner/.m2/repository/io/netty/netty-common/4.1.109.Final/netty-common-4.1.109.Final.jar:/home/runner/.m2/repository/io/netty/netty-handler-proxy/4.1.109.Final/netty-handler-proxy-4.1.109.Final.jar:/home/runner/.m2/repository/io/netty/netty-codec-socks/4.1.109.Final/netty-codec-socks-4.1.109.Final.jar:/home/runner/.m2/repository/org/apache/hadoop/hadoop-hdfs-client/3.4.1/hadoop-hdfs-client-3.4.1.jar:/home/runner/.m2/repository/io/netty/netty-tcnative-boringssl-static/2.0.65.Final/netty-tcnative-boringssl-static-2.0.65.Final.jar:/home/runner/.m2/repository/io/netty/netty-tcnative-classes/2.0.65.Final/netty-tcnative-classes-2.0.65.Final.jar:/home/runner/.m2/repository/io/netty/netty-tcnative-boringssl-static/2.0.65.Final/netty-tcnative-boringssl-static-2.0.65.Final-linux-x86_64.jar:/home/runner/.m2/repository/io/netty/netty-tcnative-boringssl-static/2.0.65.Final/netty-tcnative-boringssl-static-2.0.65.Final-linux-aarch_64.jar:/home/runner/.m2/repository/io/netty/netty-tcnative-boringssl-static/2.0.65.Final/netty-tcnative-boringssl-static-2.0.65.Final-osx-x86_64.jar:/home/runner/.m2/repository/io/netty/netty-tcnative-boringssl-static/2.0.65.Final/netty-tcnative-boringssl-static-2.0.65.Final-osx-aarch_64.jar:/home/runner/.m2/repository/io/netty/netty-tcnative-boringssl-static/2.0.65.Final/netty-tcnative-boringssl-static-2.0.65.Final-windows-x86_64.jar:/home/runner/work/ozone/ozone/hadoop-ozone/interface-client/target/ozone-interface-client-2.1.0-SNAPSHOT.jar:/home/runner/.m2/repository/io/grpc/grpc-protobuf/1.58.0/grpc-protobuf-1.58.0.jar:/home/runner/.m2/repository/com/google/api/grpc/proto-google-common-protos/2.22.0/proto-google-common-protos-2.22.0.jar:/home/runner/.m2/repository/io/grpc/grpc-protobuf-lite/1.58.0/grpc-protobuf-lite-1.58.0.jar:/home/runner/.m2/repository/io/grpc/grpc-stub/1.58.0/grpc-stub-1.58.0.jar:/home/runner/work/ozone/ozone/hadoop-ozone/mini-cluster/target/ozone-mini-cluster-2.1.0-SNAPSHOT.jar:/home/runner/work/ozone/ozone/hadoop-hdds/common/target/hdds-common-2.1.0-SNAPSHOT-tests.jar:/home/runner/work/ozone/ozone/hadoop-hdds/container-service/target/hdds-container-service-2.1.0-SNAPSHOT.jar:/home/runner/.m2/repository/com/github/luben/zstd-jni/1.5.7-3/zstd-jni-1.5.7-3.jar:/home/runner/.m2/repository/io/netty/netty-buffer/4.1.109.Final/netty-buffer-4.1.109.Final.jar:/home/runner/.m2/repository/io/netty/netty-codec/4.1.109.Final/netty-codec-4.1.109.Final.jar:/home/runner/.m2/repository/org/apache/hadoop/hadoop-hdfs/3.4.1/hadoop-hdfs-3.4.1.jar:/home/runner/.m2/repository/commons-daemon/commons-daemon/1.4.0/commons-daemon-1.4.0.jar:/home/runner/work/ozone/ozone/hadoop-hdds/server-scm/target/hdds-server-scm-2.1.0-SNAPSHOT.jar:/home/runner/work/ozone/ozone/hadoop-hdds/server-scm/target/hdds-server-scm-2.1.0-SNAPSHOT-tests.jar:/home/runner/work/ozone/ozone/hadoop-ozone/ozone-manager/target/ozone-manager-2.1.0-SNAPSHOT.jar:/home/runner/.m2/repository/com/sun/jersey/jersey-client/1.19.4/jersey-client-1.19.4.jar:/home/runner/.m2/repository/com/sun/jersey/jersey-core/1.19.4/jersey-core-1.19.4.jar:/home/runner/.m2/repository/javax/ws/rs/jsr311-api/1.1.1/jsr311-api-1.1.1.jar:/home/runner/work/ozone/ozone/hadoop-ozone/interface-storage/target/ozone-interface-storage-2.1.0-SNAPSHOT.jar:/home/runner/.m2/repository/org/apache/ranger/ranger-intg/2.6.0/ranger-intg-2.6.0.jar:/home/runner/.m2/repository/org/apache/ranger/ranger-plugins-common/2.6.0/ranger-plugins-common-2.6.0.jar:/home/runner/.m2/repository/com/fasterxml/jackson/jaxrs/jackson-jaxrs-base/2.16.2/jackson-jaxrs-base-2.16.2.jar:/home/runner/.m2/repository/com/fasterxml/jackson/jaxrs/jackson-jaxrs-json-provider/2.16.2/jackson-jaxrs-json-provider-2.16.2.jar:/home/runner/.m2/repository/com/kstruct/gethostname4j/1.0.0/gethostname4j-1.0.0.jar:/home/runner/.m2/repository/commons-lang/commons-lang/2.6/commons-lang-2.6.jar:/home/runner/.m2/repository/net/java/dev/jna/jna/5.2.0/jna-5.2.0.jar:/home/runner/.m2/repository/net/java/dev/jna/jna-platform/5.2.0/jna-platform-5.2.0.jar:/home/runner/.m2/repository/org/apache/ranger/ranger-plugin-classloader/2.6.0/ranger-plugin-classloader-2.6.0.jar:/home/runner/.m2/repository/org/apache/ranger/ranger-plugins-audit/2.6.0/ranger-plugins-audit-2.6.0.jar:/home/runner/.m2/repository/com/amazonaws/aws-java-sdk-logs/1.12.765/aws-java-sdk-logs-1.12.765.jar:/home/runner/.m2/repository/com/carrotsearch/hppc/0.8.0/hppc-0.8.0.jar:/home/runner/.m2/repository/io/airlift/aircompressor/0.27/aircompressor-0.27.jar:/home/runner/.m2/repository/org/apache/httpcomponents/httpasyncclient/4.1.4/httpasyncclient-4.1.4.jar:/home/runner/.m2/repository/org/apache/httpcomponents/httpcore-nio/4.4.16/httpcore-nio-4.4.16.jar:/home/runner/.m2/repository/org/apache/httpcomponents/httpmime/4.5.13/httpmime-4.5.13.jar:/home/runner/.m2/repository/org/apache/orc/orc-core/1.5.8/orc-core-1.5.8.jar:/home/runner/.m2/repository/org/apache/orc/orc-shims/1.5.8/orc-shims-1.5.8.jar:/home/runner/.m2/repository/org/eclipse/jetty/jetty-client/9.4.57.v20241219/jetty-client-9.4.57.v20241219.jar:/home/runner/.m2/repository/org/apache/ranger/ranger-plugins-cred/2.6.0/ranger-plugins-cred-2.6.0.jar:/home/runner/.m2/repository/org/aspectj/aspectjrt/1.9.7/aspectjrt-1.9.7.jar:/home/runner/.m2/repository/org/aspectj/aspectjweaver/1.9.7/aspectjweaver-1.9.7.jar:/home/runner/work/ozone/ozone/hadoop-ozone/recon/target/ozone-recon-2.1.0-SNAPSHOT.jar:/home/runner/.m2/repository/aopalliance/aopalliance/1.0/aopalliance-1.0.jar:/home/runner/.m2/repository/com/google/inject/guice/6.0.0/guice-6.0.0.jar:/home/runner/.m2/repository/jakarta/inject/jakarta.inject-api/2.0.1/jakarta.inject-api-2.0.1.jar:/home/runner/.m2/repository/com/google/inject/extensions/guice-assistedinject/6.0.0/guice-assistedinject-6.0.0.jar:/home/runner/.m2/repository/com/google/inject/extensions/guice-servlet/6.0.0/guice-servlet-6.0.0.jar:/home/runner/.m2/repository/com/jolbox/bonecp/0.8.0.RELEASE/bonecp-0.8.0.RELEASE.jar:/home/runner/.m2/repository/org/apache/derby/derby/10.14.2.0/derby-10.14.2.0.jar:/home/runner/work/ozone/ozone/hadoop-ozone/cli-admin/target/ozone-cli-admin-2.1.0-SNAPSHOT.jar:/home/runner/.m2/repository/org/glassfish/hk2/guice-bridge/2.6.1/guice-bridge-2.6.1.jar:/home/runner/.m2/repository/org/glassfish/jersey/containers/jersey-container-servlet/2.46/jersey-container-servlet-2.46.jar:/home/runner/.m2/repository/org/glassfish/jersey/media/jersey-media-json-jackson/2.46/jersey-media-json-jackson-2.46.jar:/home/runner/.m2/repository/org/glassfish/jersey/ext/jersey-entity-filtering/2.46/jersey-entity-filtering-2.46.jar:/home/runner/.m2/repository/org/jooq/jooq/3.11.10/jooq-3.11.10.jar:/home/runner/.m2/repository/org/jooq/jooq-codegen/3.11.10/jooq-codegen-3.11.10.jar:/home/runner/.m2/repository/org/jooq/jooq-meta/3.11.10/jooq-meta-3.11.10.jar:/home/runner/.m2/repository/org/springframework/spring-core/5.3.39/spring-core-5.3.39.jar:/home/runner/.m2/repository/org/springframework/spring-jdbc/5.3.39/spring-jdbc-5.3.39.jar:/home/runner/.m2/repository/org/springframework/spring-beans/5.3.39/spring-beans-5.3.39.jar:/home/runner/.m2/repository/org/springframework/spring-tx/5.3.39/spring-tx-5.3.39.jar:/home/runner/.m2/repository/org/xerial/sqlite-jdbc/3.49.1.0/sqlite-jdbc-3.49.1.0.jar:/home/runner/work/ozone/ozone/hadoop-ozone/recon-codegen/target/ozone-reconcodegen-2.1.0-SNAPSHOT.jar:/home/runner/work/ozone/ozone/hadoop-ozone/s3gateway/target/ozone-s3gateway-2.1.0-SNAPSHOT.jar:/home/runner/.m2/repository/com/fasterxml/jackson/dataformat/jackson-dataformat-xml/2.16.2/jackson-dataformat-xml-2.16.2.jar:/home/runner/.m2/repository/com/fasterxml/jackson/module/jackson-module-jaxb-annotations/2.16.2/jackson-module-jaxb-annotations-2.16.2.jar:/home/runner/.m2/repository/io/netty/netty-codec-http2/4.1.109.Final/netty-codec-http2-4.1.109.Final.jar:/home/runner/.m2/repository/io/netty/netty-codec-http/4.1.109.Final/netty-codec-http-4.1.109.Final.jar:/home/runner/.m2/repository/io/netty/netty-transport/4.1.109.Final/netty-transport-4.1.109.Final.jar:/home/runner/.m2/repository/io/netty/netty-resolver/4.1.109.Final/netty-resolver-4.1.109.Final.jar:/home/runner/.m2/repository/io/opentracing/opentracing-noop/0.33.0/opentracing-noop-0.33.0.jar:/home/runner/.m2/repository/javax/enterprise/cdi-api/2.0/cdi-api-2.0.jar:/home/runner/.m2/repository/javax/el/javax.el-api/3.0.0/javax.el-api-3.0.0.jar:/home/runner/.m2/repository/javax/interceptor/javax.interceptor-api/1.2/javax.interceptor-api-1.2.jar:/home/runner/.m2/repository/javax/inject/javax.inject/1/javax.inject-1.jar:/home/runner/.m2/repository/org/apache/httpcomponents/httpcore/4.4.16/httpcore-4.4.16.jar:/home/runner/.m2/repository/org/apache/kerby/kerby-util/1.0.1/kerby-util-1.0.1.jar:/home/runner/.m2/repository/org/glassfish/hk2/hk2-api/2.6.1/hk2-api-2.6.1.jar:/home/runner/.m2/repository/org/glassfish/hk2/hk2-utils/2.6.1/hk2-utils-2.6.1.jar:/home/runner/.m2/repository/org/glassfish/hk2/external/aopalliance-repackaged/2.6.1/aopalliance-repackaged-2.6.1.jar:/home/runner/.m2/repository/org/glassfish/jaxb/jaxb-runtime/2.3.9/jaxb-runtime-2.3.9.jar:/home/runner/.m2/repository/org/glassfish/jaxb/txw2/2.3.9/txw2-2.3.9.jar:/home/runner/.m2/repository/com/sun/istack/istack-commons-runtime/3.0.12/istack-commons-runtime-3.0.12.jar:/home/runner/.m2/repository/com/sun/activation/jakarta.activation/1.2.2/jakarta.activation-1.2.2.jar:/home/runner/.m2/repository/org/glassfish/jersey/core/jersey-common/2.46/jersey-common-2.46.jar:/home/runner/.m2/repository/org/glassfish/hk2/osgi-resource-locator/1.0.3/osgi-resource-locator-1.0.3.jar:/home/runner/.m2/repository/org/glassfish/jersey/ext/cdi/jersey-cdi1x/2.46/jersey-cdi1x-2.46.jar:/home/runner/.m2/repository/org/glassfish/jersey/inject/jersey-hk2/2.46/jersey-hk2-2.46.jar:/home/runner/.m2/repository/org/glassfish/hk2/hk2-locator/2.6.1/hk2-locator-2.6.1.jar:/home/runner/.m2/repository/org/glassfish/jersey/media/jersey-media-jaxb/2.46/jersey-media-jaxb-2.46.jar:/home/runner/.m2/repository/org/javassist/javassist/3.30.2-GA/javassist-3.30.2-GA.jar:/home/runner/.m2/repository/org/jboss/weld/servlet/weld-servlet-shaded/3.1.9.Final/weld-servlet-shaded-3.1.9.Final.jar:/home/runner/.m2/repository/org/apache/ratis/ratis-common/3.1.2/ratis-common-3.1.2.jar:/home/runner/.m2/repository/org/slf4j/slf4j-api/2.0.17/slf4j-api-2.0.17.jar:/home/runner/.m2/repository/software/amazon/awssdk/auth/2.31.25/auth-2.31.25.jar:/home/runner/.m2/repository/software/amazon/awssdk/annotations/2.31.25/annotations-2.31.25.jar:/home/runner/.m2/repository/software/amazon/awssdk/utils/2.31.25/utils-2.31.25.jar:/home/runner/.m2/repository/software/amazon/awssdk/identity-spi/2.31.25/identity-spi-2.31.25.jar:/home/runner/.m2/repository/software/amazon/awssdk/profiles/2.31.25/profiles-2.31.25.jar:/home/runner/.m2/repository/software/amazon/awssdk/http-client-spi/2.31.25/http-client-spi-2.31.25.jar:/home/runner/.m2/repository/software/amazon/awssdk/json-utils/2.31.25/json-utils-2.31.25.jar:/home/runner/.m2/repository/software/amazon/awssdk/third-party-jackson-core/2.31.25/third-party-jackson-core-2.31.25.jar:/home/runner/.m2/repository/software/amazon/awssdk/http-auth-aws/2.31.25/http-auth-aws-2.31.25.jar:/home/runner/.m2/repository/software/amazon/awssdk/http-auth-aws-eventstream/2.31.25/http-auth-aws-eventstream-2.31.25.jar:/home/runner/.m2/repository/software/amazon/awssdk/http-auth/2.31.25/http-auth-2.31.25.jar:/home/runner/.m2/repository/software/amazon/awssdk/http-auth-spi/2.31.25/http-auth-spi-2.31.25.jar:/home/runner/.m2/repository/software/amazon/eventstream/eventstream/1.0.1/eventstream-1.0.1.jar:/home/runner/.m2/repository/software/amazon/awssdk/aws-core/2.31.25/aws-core-2.31.25.jar:/home/runner/.m2/repository/software/amazon/awssdk/metrics-spi/2.31.25/metrics-spi-2.31.25.jar:/home/runner/.m2/repository/software/amazon/awssdk/endpoints-spi/2.31.25/endpoints-spi-2.31.25.jar:/home/runner/.m2/repository/software/amazon/awssdk/retries-spi/2.31.25/retries-spi-2.31.25.jar:/home/runner/.m2/repository/software/amazon/awssdk/retries/2.31.25/retries-2.31.25.jar:/home/runner/.m2/repository/software/amazon/awssdk/regions/2.31.25/regions-2.31.25.jar:/home/runner/.m2/repository/software/amazon/awssdk/s3/2.31.25/s3-2.31.25.jar:/home/runner/.m2/repository/software/amazon/awssdk/aws-xml-protocol/2.31.25/aws-xml-protocol-2.31.25.jar:/home/runner/.m2/repository/software/amazon/awssdk/aws-query-protocol/2.31.25/aws-query-protocol-2.31.25.jar:/home/runner/.m2/repository/software/amazon/awssdk/protocol-core/2.31.25/protocol-core-2.31.25.jar:/home/runner/.m2/repository/software/amazon/awssdk/arns/2.31.25/arns-2.31.25.jar:/home/runner/.m2/repository/software/amazon/awssdk/crt-core/2.31.25/crt-core-2.31.25.jar:/home/runner/.m2/repository/software/amazon/awssdk/checksums/2.31.25/checksums-2.31.25.jar:/home/runner/.m2/repository/software/amazon/awssdk/checksums-spi/2.31.25/checksums-spi-2.31.25.jar:/home/runner/.m2/repository/software/amazon/awssdk/apache-client/2.31.25/apache-client-2.31.25.jar:/home/runner/.m2/repository/software/amazon/awssdk/netty-nio-client/2.31.25/netty-nio-client-2.31.25.jar:/home/runner/.m2/repository/io/netty/netty-transport-classes-epoll/4.1.109.Final/netty-transport-classes-epoll-4.1.109.Final.jar:/home/runner/.m2/repository/software/amazon/awssdk/sdk-core/2.31.25/sdk-core-2.31.25.jar:/home/runner/.m2/repository/org/reactivestreams/reactive-streams/1.0.4/reactive-streams-1.0.4.jar:/home/runner/.m2/repository/org/assertj/assertj-core/3.27.3/assertj-core-3.27.3.jar:/home/runner/.m2/repository/net/bytebuddy/byte-buddy/1.15.11/byte-buddy-1.15.11.jar:/home/runner/.m2/repository/org/junit/jupiter/junit-jupiter-api/5.12.2/junit-jupiter-api-5.12.2.jar:/home/runner/.m2/repository/org/opentest4j/opentest4j/1.3.0/opentest4j-1.3.0.jar:/home/runner/.m2/repository/org/junit/platform/junit-platform-commons/1.12.2/junit-platform-commons-1.12.2.jar:/home/runner/.m2/repository/org/apiguardian/apiguardian-api/1.1.2/apiguardian-api-1.1.2.jar:/home/runner/.m2/repository/org/junit/jupiter/junit-jupiter-params/5.12.2/junit-jupiter-params-5.12.2.jar:/home/runner/.m2/repository/org/mockito/mockito-core/4.11.0/mockito-core-4.11.0.jar:/home/runner/.m2/repository/net/bytebuddy/byte-buddy-agent/1.12.19/byte-buddy-agent-1.12.19.jar:/home/runner/.m2/repository/org/objenesis/objenesis/3.3/objenesis-3.3.jar:/home/runner/.m2/repository/org/mockito/mockito-inline/4.11.0/mockito-inline-4.11.0.jar:/home/runner/.m2/repository/org/mockito/mockito-junit-jupiter/4.11.0/mockito-junit-jupiter-4.11.0.jar:/home/runner/work/ozone/ozone/hadoop-ozone/integration-test-s3/target/gradle-enterprise/test-listeners.jar:"/>
    <property name="java.vm.vendor" value="Eclipse Adoptium"/>
    <property name="sun.arch.data.model" value="64"/>
    <property name="test.build.dir" value="/home/runner/work/ozone/ozone/hadoop-ozone/integration-test-s3/target/test-dir"/>
    <property name="test.cache.data" value=""/>
    <property name="java.vendor.url" value="https://adoptium.net/"/>
    <property name="user.timezone" value="Etc/UTC"/>
    <property name="maven-surefire-plugin.argLineAccessArgs" value=" --add-opens java.management/com.sun.jmx.mbeanserver=ALL-UNNAMED --add-exports java.management/com.sun.jmx.mbeanserver=ALL-UNNAMED --add-opens java.base/java.nio=ALL-UNNAMED --add-opens java.base/java.lang=ALL-UNNAMED --add-opens java.base/java.lang.reflect=ALL-UNNAMED"/>
    <property name="os.name" value="Linux"/>
    <property name="java.vm.specification.version" value="21"/>
    <property name="test.build.data" value="/home/runner/work/ozone/ozone/hadoop-ozone/integration-test-s3/target/test-dir"/>
    <property name="sun.java.launcher" value="SUN_STANDARD"/>
    <property name="sun.boot.library.path" value="/usr/lib/jvm/temurin-21-jdk-amd64/lib"/>
    <property name="sun.java.command" value="/home/runner/work/ozone/ozone/hadoop-ozone/integration-test-s3/target/surefire/surefirebooter-20250513080711196_1187.jar /home/runner/work/ozone/ozone/hadoop-ozone/integration-test-s3/target/surefire 2025-05-13T07-33-12_829-jvmRun1 surefire-20250513080711196_1185tmp surefire_135-20250513080711196_1186tmp"/>
    <property name="jdk.debug" value="release"/>
    <property name="native.lib.tmp.dir" value="/tmp"/>
    <property name="surefire.test.class.path" value="/home/runner/work/ozone/ozone/hadoop-ozone/integration-test-s3/target/test-classes:/home/runner/work/ozone/ozone/hadoop-ozone/integration-test-s3/target/classes:/home/runner/.m2/repository/com/amazonaws/aws-java-sdk-core/1.12.661/aws-java-sdk-core-1.12.661.jar:/home/runner/.m2/repository/commons-codec/commons-codec/1.17.1/commons-codec-1.17.1.jar:/home/runner/.m2/repository/org/apache/httpcomponents/httpclient/4.5.14/httpclient-4.5.14.jar:/home/runner/.m2/repository/com/fasterxml/jackson/core/jackson-databind/2.16.2/jackson-databind-2.16.2.jar:/home/runner/.m2/repository/com/fasterxml/jackson/dataformat/jackson-dataformat-cbor/2.16.2/jackson-dataformat-cbor-2.16.2.jar:/home/runner/.m2/repository/joda-time/joda-time/2.12.7/joda-time-2.12.7.jar:/home/runner/.m2/repository/com/amazonaws/aws-java-sdk-s3/1.12.661/aws-java-sdk-s3-1.12.661.jar:/home/runner/.m2/repository/com/amazonaws/aws-java-sdk-kms/1.12.661/aws-java-sdk-kms-1.12.661.jar:/home/runner/.m2/repository/com/amazonaws/jmespath-java/1.12.661/jmespath-java-1.12.661.jar:/home/runner/.m2/repository/jakarta/xml/bind/jakarta.xml.bind-api/2.3.3/jakarta.xml.bind-api-2.3.3.jar:/home/runner/.m2/repository/jakarta/activation/jakarta.activation-api/1.2.2/jakarta.activation-api-1.2.2.jar:/home/runner/.m2/repository/org/apache/commons/commons-lang3/3.17.0/commons-lang3-3.17.0.jar:/home/runner/work/ozone/ozone/hadoop-hdds/common/target/hdds-common-2.1.0-SNAPSHOT.jar:/home/runner/.m2/repository/com/fasterxml/jackson/core/jackson-annotations/2.16.2/jackson-annotations-2.16.2.jar:/home/runner/.m2/repository/com/fasterxml/jackson/core/jackson-core/2.16.2/jackson-core-2.16.2.jar:/home/runner/.m2/repository/com/fasterxml/jackson/datatype/jackson-datatype-jsr310/2.16.2/jackson-datatype-jsr310-2.16.2.jar:/home/runner/.m2/repository/com/github/stephenc/jcip/jcip-annotations/1.0-1/jcip-annotations-1.0-1.jar:/home/runner/.m2/repository/com/google/guava/guava/32.1.3-jre/guava-32.1.3-jre.jar:/home/runner/.m2/repository/com/google/guava/failureaccess/1.0.1/failureaccess-1.0.1.jar:/home/runner/.m2/repository/com/google/guava/listenablefuture/9999.0-empty-to-avoid-conflict-with-guava/listenablefuture-9999.0-empty-to-avoid-conflict-with-guava.jar:/home/runner/.m2/repository/org/checkerframework/checker-qual/3.37.0/checker-qual-3.37.0.jar:/home/runner/.m2/repository/com/google/errorprone/error_prone_annotations/2.29.2/error_prone_annotations-2.29.2.jar:/home/runner/.m2/repository/com/google/j2objc/j2objc-annotations/2.8/j2objc-annotations-2.8.jar:/home/runner/.m2/repository/com/google/protobuf/protobuf-java/2.5.0/protobuf-java-2.5.0.jar:/home/runner/.m2/repository/commons-collections/commons-collections/3.2.2/commons-collections-3.2.2.jar:/home/runner/.m2/repository/commons-io/commons-io/2.18.0/commons-io-2.18.0.jar:/home/runner/.m2/repository/commons-validator/commons-validator/1.6/commons-validator-1.6.jar:/home/runner/.m2/repository/commons-beanutils/commons-beanutils/1.9.4/commons-beanutils-1.9.4.jar:/home/runner/.m2/repository/commons-digester/commons-digester/1.8.1/commons-digester-1.8.1.jar:/home/runner/.m2/repository/info/picocli/picocli/4.7.7/picocli-4.7.7.jar:/home/runner/.m2/repository/io/dropwizard/metrics/metrics-core/3.2.6/metrics-core-3.2.6.jar:/home/runner/.m2/repository/io/jaegertracing/jaeger-client/1.8.1/jaeger-client-1.8.1.jar:/home/runner/.m2/repository/io/jaegertracing/jaeger-thrift/1.8.1/jaeger-thrift-1.8.1.jar:/home/runner/.m2/repository/org/apache/thrift/libthrift/0.15.0/libthrift-0.15.0.jar:/home/runner/.m2/repository/com/squareup/okhttp3/okhttp/4.12.0/okhttp-4.12.0.jar:/home/runner/.m2/repository/com/squareup/okio/okio/3.6.0/okio-3.6.0.jar:/home/runner/.m2/repository/com/squareup/okio/okio-jvm/3.6.0/okio-jvm-3.6.0.jar:/home/runner/.m2/repository/org/jetbrains/kotlin/kotlin-stdlib-common/1.9.25/kotlin-stdlib-common-1.9.25.jar:/home/runner/.m2/repository/org/jetbrains/kotlin/kotlin-stdlib-jdk8/1.9.25/kotlin-stdlib-jdk8-1.9.25.jar:/home/runner/.m2/repository/org/jetbrains/kotlin/kotlin-stdlib-jdk7/1.9.25/kotlin-stdlib-jdk7-1.9.25.jar:/home/runner/.m2/repository/io/jaegertracing/jaeger-tracerresolver/1.8.1/jaeger-tracerresolver-1.8.1.jar:/home/runner/.m2/repository/io/opentracing/contrib/opentracing-tracerresolver/0.1.8/opentracing-tracerresolver-0.1.8.jar:/home/runner/.m2/repository/io/jaegertracing/jaeger-core/1.8.1/jaeger-core-1.8.1.jar:/home/runner/.m2/repository/io/opentracing/opentracing-api/0.33.0/opentracing-api-0.33.0.jar:/home/runner/.m2/repository/io/opentracing/opentracing-util/0.33.0/opentracing-util-0.33.0.jar:/home/runner/.m2/repository/jakarta/annotation/jakarta.annotation-api/2.1.1/jakarta.annotation-api-2.1.1.jar:/home/runner/.m2/repository/javax/annotation/javax.annotation-api/1.3.2/javax.annotation-api-1.3.2.jar:/home/runner/.m2/repository/org/apache/hadoop/hadoop-common/3.4.1/hadoop-common-3.4.1.jar:/home/runner/.m2/repository/org/apache/hadoop/thirdparty/hadoop-shaded-protobuf_3_25/1.4.0/hadoop-shaded-protobuf_3_25-1.4.0.jar:/home/runner/.m2/repository/org/apache/hadoop/hadoop-annotations/3.4.1/hadoop-annotations-3.4.1.jar:/home/runner/.m2/repository/org/apache/hadoop/thirdparty/hadoop-shaded-guava/1.3.0/hadoop-shaded-guava-1.3.0.jar:/home/runner/.m2/repository/org/codehaus/jettison/jettison/1.5.4/jettison-1.5.4.jar:/home/runner/.m2/repository/org/apache/commons/commons-text/1.12.0/commons-text-1.12.0.jar:/home/runner/.m2/repository/com/google/re2j/re2j/1.7/re2j-1.7.jar:/home/runner/.m2/repository/io/netty/netty-handler/4.1.109.Final/netty-handler-4.1.109.Final.jar:/home/runner/.m2/repository/io/netty/netty-transport-native-unix-common/4.1.109.Final/netty-transport-native-unix-common-4.1.109.Final.jar:/home/runner/.m2/repository/io/netty/netty-transport-native-epoll/4.1.109.Final/netty-transport-native-epoll-4.1.109.Final.jar:/home/runner/.m2/repository/org/codehaus/woodstox/stax2-api/4.2.1/stax2-api-4.2.1.jar:/home/runner/.m2/repository/com/fasterxml/woodstox/woodstox-core/5.4.0/woodstox-core-5.4.0.jar:/home/runner/work/ozone/ozone/hadoop-hdds/annotations/target/hdds-annotation-processing-2.1.0-SNAPSHOT.jar:/home/runner/work/ozone/ozone/hadoop-hdds/interface-admin/target/hdds-interface-admin-2.1.0-SNAPSHOT.jar:/home/runner/work/ozone/ozone/hadoop-hdds/interface-client/target/hdds-interface-client-2.1.0-SNAPSHOT.jar:/home/runner/.m2/repository/org/apache/ratis/ratis-client/3.1.2/ratis-client-3.1.2.jar:/home/runner/.m2/repository/org/apache/ratis/ratis-grpc/3.1.2/ratis-grpc-3.1.2.jar:/home/runner/.m2/repository/org/apache/ratis/ratis-metrics-dropwizard3/3.1.2/ratis-metrics-dropwizard3-3.1.2.jar:/home/runner/.m2/repository/org/apache/ratis/ratis-netty/3.1.2/ratis-netty-3.1.2.jar:/home/runner/.m2/repository/org/apache/ratis/ratis-proto/3.1.2/ratis-proto-3.1.2.jar:/home/runner/.m2/repository/org/apache/ratis/ratis-server-api/3.1.2/ratis-server-api-3.1.2.jar:/home/runner/.m2/repository/org/apache/ratis/ratis-thirdparty-misc/1.0.6/ratis-thirdparty-misc-1.0.6.jar:/home/runner/.m2/repository/org/bouncycastle/bcpkix-jdk18on/1.80/bcpkix-jdk18on-1.80.jar:/home/runner/.m2/repository/org/bouncycastle/bcprov-jdk18on/1.80/bcprov-jdk18on-1.80.jar:/home/runner/.m2/repository/org/bouncycastle/bcutil-jdk18on/1.80/bcutil-jdk18on-1.80.jar:/home/runner/.m2/repository/org/jetbrains/kotlin/kotlin-stdlib/1.9.25/kotlin-stdlib-1.9.25.jar:/home/runner/.m2/repository/org/jetbrains/annotations/13.0/annotations-13.0.jar:/home/runner/.m2/repository/org/reflections/reflections/0.10.2/reflections-0.10.2.jar:/home/runner/.m2/repository/org/slf4j/jcl-over-slf4j/2.0.17/jcl-over-slf4j-2.0.17.jar:/home/runner/.m2/repository/org/yaml/snakeyaml/2.0/snakeyaml-2.0.jar:/home/runner/.m2/repository/org/slf4j/slf4j-reload4j/2.0.17/slf4j-reload4j-2.0.17.jar:/home/runner/work/ozone/ozone/hadoop-hdds/config/target/hdds-config-2.1.0-SNAPSHOT.jar:/home/runner/work/ozone/ozone/hadoop-hdds/framework/target/hdds-server-framework-2.1.0-SNAPSHOT.jar:/home/runner/.m2/repository/ch/qos/reload4j/reload4j/1.2.26/reload4j-1.2.26.jar:/home/runner/.m2/repository/com/github/jnr/jnr-constants/0.10.4/jnr-constants-0.10.4.jar:/home/runner/.m2/repository/com/github/jnr/jnr-posix/3.1.20/jnr-posix-3.1.20.jar:/home/runner/.m2/repository/com/github/jnr/jnr-ffi/2.2.17/jnr-ffi-2.2.17.jar:/home/runner/.m2/repository/com/github/jnr/jffi/1.3.13/jffi-1.3.13.jar:/home/runner/.m2/repository/com/github/jnr/jffi/1.3.13/jffi-1.3.13-native.jar:/home/runner/.m2/repository/org/ow2/asm/asm/9.7.1/asm-9.7.1.jar:/home/runner/.m2/repository/org/ow2/asm/asm-commons/9.7.1/asm-commons-9.7.1.jar:/home/runner/.m2/repository/org/ow2/asm/asm-analysis/9.7.1/asm-analysis-9.7.1.jar:/home/runner/.m2/repository/org/ow2/asm/asm-tree/9.7.1/asm-tree-9.7.1.jar:/home/runner/.m2/repository/org/ow2/asm/asm-util/9.7.1/asm-util-9.7.1.jar:/home/runner/.m2/repository/com/github/jnr/jnr-a64asm/1.0.0/jnr-a64asm-1.0.0.jar:/home/runner/.m2/repository/com/github/jnr/jnr-x86asm/1.0.2/jnr-x86asm-1.0.2.jar:/home/runner/.m2/repository/com/google/code/gson/gson/2.10.1/gson-2.10.1.jar:/home/runner/.m2/repository/commons-fileupload/commons-fileupload/1.5/commons-fileupload-1.5.jar:/home/runner/.m2/repository/io/grpc/grpc-api/1.58.0/grpc-api-1.58.0.jar:/home/runner/.m2/repository/io/prometheus/simpleclient/0.16.0/simpleclient-0.16.0.jar:/home/runner/.m2/repository/io/prometheus/simpleclient_common/0.16.0/simpleclient_common-0.16.0.jar:/home/runner/.m2/repository/io/prometheus/simpleclient_dropwizard/0.16.0/simpleclient_dropwizard-0.16.0.jar:/home/runner/.m2/repository/jakarta/ws/rs/jakarta.ws.rs-api/2.1.6/jakarta.ws.rs-api-2.1.6.jar:/home/runner/.m2/repository/javax/servlet/javax.servlet-api/3.1.0/javax.servlet-api-3.1.0.jar:/home/runner/.m2/repository/org/apache/commons/commons-compress/1.27.1/commons-compress-1.27.1.jar:/home/runner/.m2/repository/org/apache/commons/commons-configuration2/2.11.0/commons-configuration2-2.11.0.jar:/home/runner/.m2/repository/org/apache/hadoop/hadoop-auth/3.4.1/hadoop-auth-3.4.1.jar:/home/runner/.m2/repository/org/apache/logging/log4j/log4j-api/2.24.2/log4j-api-2.24.2.jar:/home/runner/.m2/repository/org/apache/logging/log4j/log4j-core/2.24.2/log4j-core-2.24.2.jar:/home/runner/work/ozone/ozone/hadoop-hdds/interface-server/target/hdds-interface-server-2.1.0-SNAPSHOT.jar:/home/runner/work/ozone/ozone/hadoop-hdds/managed-rocksdb/target/hdds-managed-rocksdb-2.1.0-SNAPSHOT.jar:/home/runner/work/ozone/ozone/hadoop-hdds/rocksdb-checkpoint-differ/target/rocksdb-checkpoint-differ-2.1.0-SNAPSHOT.jar:/home/runner/.m2/repository/com/github/vlsi/mxgraph/jgraphx/3.9.12/jgraphx-3.9.12.jar:/home/runner/work/ozone/ozone/hadoop-hdds/rocks-native/target/hdds-rocks-native-2.1.0-SNAPSHOT.jar:/home/runner/.m2/repository/org/jgrapht/jgrapht-core/1.4.0/jgrapht-core-1.4.0.jar:/home/runner/.m2/repository/org/jheaps/jheaps/0.11/jheaps-0.11.jar:/home/runner/.m2/repository/org/jgrapht/jgrapht-ext/1.4.0/jgrapht-ext-1.4.0.jar:/home/runner/.m2/repository/org/apache/ratis/ratis-metrics-api/3.1.2/ratis-metrics-api-3.1.2.jar:/home/runner/.m2/repository/org/apache/ratis/ratis-server/3.1.2/ratis-server-3.1.2.jar:/home/runner/.m2/repository/org/eclipse/jetty/jetty-http/9.4.57.v20241219/jetty-http-9.4.57.v20241219.jar:/home/runner/.m2/repository/org/eclipse/jetty/jetty-io/9.4.57.v20241219/jetty-io-9.4.57.v20241219.jar:/home/runner/.m2/repository/org/eclipse/jetty/jetty-server/9.4.57.v20241219/jetty-server-9.4.57.v20241219.jar:/home/runner/.m2/repository/org/eclipse/jetty/jetty-servlet/9.4.57.v20241219/jetty-servlet-9.4.57.v20241219.jar:/home/runner/.m2/repository/org/eclipse/jetty/jetty-security/9.4.57.v20241219/jetty-security-9.4.57.v20241219.jar:/home/runner/.m2/repository/org/eclipse/jetty/jetty-util-ajax/9.4.57.v20241219/jetty-util-ajax-9.4.57.v20241219.jar:/home/runner/.m2/repository/org/eclipse/jetty/jetty-util/9.4.57.v20241219/jetty-util-9.4.57.v20241219.jar:/home/runner/.m2/repository/org/eclipse/jetty/jetty-webapp/9.4.57.v20241219/jetty-webapp-9.4.57.v20241219.jar:/home/runner/.m2/repository/org/eclipse/jetty/jetty-xml/9.4.57.v20241219/jetty-xml-9.4.57.v20241219.jar:/home/runner/.m2/repository/org/glassfish/jersey/containers/jersey-container-servlet-core/2.46/jersey-container-servlet-core-2.46.jar:/home/runner/.m2/repository/org/glassfish/hk2/external/jakarta.inject/2.6.1/jakarta.inject-2.6.1.jar:/home/runner/.m2/repository/org/glassfish/jersey/core/jersey-server/2.46/jersey-server-2.46.jar:/home/runner/.m2/repository/org/glassfish/jersey/core/jersey-client/2.46/jersey-client-2.46.jar:/home/runner/.m2/repository/jakarta/validation/jakarta.validation-api/2.0.2/jakarta.validation-api-2.0.2.jar:/home/runner/.m2/repository/org/rocksdb/rocksdbjni/7.7.3/rocksdbjni-7.7.3.jar:/home/runner/.m2/repository/com/lmax/disruptor/3.4.4/disruptor-3.4.4.jar:/home/runner/.m2/repository/com/nimbusds/nimbus-jose-jwt/9.40/nimbus-jose-jwt-9.40.jar:/home/runner/.m2/repository/commons-cli/commons-cli/1.8.0/commons-cli-1.8.0.jar:/home/runner/.m2/repository/log4j/apache-log4j-extras/1.2.17/apache-log4j-extras-1.2.17.jar:/home/runner/.m2/repository/org/apache/kerby/kerb-core/1.0.1/kerb-core-1.0.1.jar:/home/runner/.m2/repository/org/apache/kerby/kerby-pkix/1.0.1/kerby-pkix-1.0.1.jar:/home/runner/.m2/repository/org/apache/kerby/kerby-asn1/1.0.1/kerby-asn1-1.0.1.jar:/home/runner/.m2/repository/org/apache/kerby/kerb-util/1.0.1/kerb-util-1.0.1.jar:/home/runner/.m2/repository/org/apache/kerby/kerby-config/1.0.1/kerby-config-1.0.1.jar:/home/runner/.m2/repository/org/apache/kerby/kerb-crypto/1.0.1/kerb-crypto-1.0.1.jar:/home/runner/.m2/repository/org/xerial/snappy/snappy-java/1.1.10.7/snappy-java-1.1.10.7.jar:/home/runner/work/ozone/ozone/hadoop-hdds/test-utils/target/hdds-test-utils-2.1.0-SNAPSHOT-tests.jar:/home/runner/work/ozone/ozone/hadoop-ozone/client/target/ozone-client-2.1.0-SNAPSHOT.jar:/home/runner/work/ozone/ozone/hadoop-hdds/client/target/hdds-client-2.1.0-SNAPSHOT.jar:/home/runner/work/ozone/ozone/hadoop-hdds/erasurecode/target/hdds-erasurecode-2.1.0-SNAPSHOT.jar:/home/runner/work/ozone/ozone/hadoop-ozone/common/target/ozone-common-2.1.0-SNAPSHOT.jar:/home/runner/.m2/repository/io/grpc/grpc-netty/1.58.0/grpc-netty-1.58.0.jar:/home/runner/.m2/repository/io/grpc/grpc-core/1.58.0/grpc-core-1.58.0.jar:/home/runner/.m2/repository/com/google/android/annotations/4.1.1.4/annotations-4.1.1.4.jar:/home/runner/.m2/repository/org/codehaus/mojo/animal-sniffer-annotations/1.23/animal-sniffer-annotations-1.23.jar:/home/runner/.m2/repository/io/grpc/grpc-context/1.58.0/grpc-context-1.58.0.jar:/home/runner/.m2/repository/io/grpc/grpc-util/1.58.0/grpc-util-1.58.0.jar:/home/runner/.m2/repository/io/perfmark/perfmark-api/0.26.0/perfmark-api-0.26.0.jar:/home/runner/.m2/repository/io/netty/netty-common/4.1.109.Final/netty-common-4.1.109.Final.jar:/home/runner/.m2/repository/io/netty/netty-handler-proxy/4.1.109.Final/netty-handler-proxy-4.1.109.Final.jar:/home/runner/.m2/repository/io/netty/netty-codec-socks/4.1.109.Final/netty-codec-socks-4.1.109.Final.jar:/home/runner/.m2/repository/org/apache/hadoop/hadoop-hdfs-client/3.4.1/hadoop-hdfs-client-3.4.1.jar:/home/runner/.m2/repository/io/netty/netty-tcnative-boringssl-static/2.0.65.Final/netty-tcnative-boringssl-static-2.0.65.Final.jar:/home/runner/.m2/repository/io/netty/netty-tcnative-classes/2.0.65.Final/netty-tcnative-classes-2.0.65.Final.jar:/home/runner/.m2/repository/io/netty/netty-tcnative-boringssl-static/2.0.65.Final/netty-tcnative-boringssl-static-2.0.65.Final-linux-x86_64.jar:/home/runner/.m2/repository/io/netty/netty-tcnative-boringssl-static/2.0.65.Final/netty-tcnative-boringssl-static-2.0.65.Final-linux-aarch_64.jar:/home/runner/.m2/repository/io/netty/netty-tcnative-boringssl-static/2.0.65.Final/netty-tcnative-boringssl-static-2.0.65.Final-osx-x86_64.jar:/home/runner/.m2/repository/io/netty/netty-tcnative-boringssl-static/2.0.65.Final/netty-tcnative-boringssl-static-2.0.65.Final-osx-aarch_64.jar:/home/runner/.m2/repository/io/netty/netty-tcnative-boringssl-static/2.0.65.Final/netty-tcnative-boringssl-static-2.0.65.Final-windows-x86_64.jar:/home/runner/work/ozone/ozone/hadoop-ozone/interface-client/target/ozone-interface-client-2.1.0-SNAPSHOT.jar:/home/runner/.m2/repository/io/grpc/grpc-protobuf/1.58.0/grpc-protobuf-1.58.0.jar:/home/runner/.m2/repository/com/google/api/grpc/proto-google-common-protos/2.22.0/proto-google-common-protos-2.22.0.jar:/home/runner/.m2/repository/io/grpc/grpc-protobuf-lite/1.58.0/grpc-protobuf-lite-1.58.0.jar:/home/runner/.m2/repository/io/grpc/grpc-stub/1.58.0/grpc-stub-1.58.0.jar:/home/runner/work/ozone/ozone/hadoop-ozone/mini-cluster/target/ozone-mini-cluster-2.1.0-SNAPSHOT.jar:/home/runner/work/ozone/ozone/hadoop-hdds/common/target/hdds-common-2.1.0-SNAPSHOT-tests.jar:/home/runner/work/ozone/ozone/hadoop-hdds/container-service/target/hdds-container-service-2.1.0-SNAPSHOT.jar:/home/runner/.m2/repository/com/github/luben/zstd-jni/1.5.7-3/zstd-jni-1.5.7-3.jar:/home/runner/.m2/repository/io/netty/netty-buffer/4.1.109.Final/netty-buffer-4.1.109.Final.jar:/home/runner/.m2/repository/io/netty/netty-codec/4.1.109.Final/netty-codec-4.1.109.Final.jar:/home/runner/.m2/repository/org/apache/hadoop/hadoop-hdfs/3.4.1/hadoop-hdfs-3.4.1.jar:/home/runner/.m2/repository/commons-daemon/commons-daemon/1.4.0/commons-daemon-1.4.0.jar:/home/runner/work/ozone/ozone/hadoop-hdds/server-scm/target/hdds-server-scm-2.1.0-SNAPSHOT.jar:/home/runner/work/ozone/ozone/hadoop-hdds/server-scm/target/hdds-server-scm-2.1.0-SNAPSHOT-tests.jar:/home/runner/work/ozone/ozone/hadoop-ozone/ozone-manager/target/ozone-manager-2.1.0-SNAPSHOT.jar:/home/runner/.m2/repository/com/sun/jersey/jersey-client/1.19.4/jersey-client-1.19.4.jar:/home/runner/.m2/repository/com/sun/jersey/jersey-core/1.19.4/jersey-core-1.19.4.jar:/home/runner/.m2/repository/javax/ws/rs/jsr311-api/1.1.1/jsr311-api-1.1.1.jar:/home/runner/work/ozone/ozone/hadoop-ozone/interface-storage/target/ozone-interface-storage-2.1.0-SNAPSHOT.jar:/home/runner/.m2/repository/org/apache/ranger/ranger-intg/2.6.0/ranger-intg-2.6.0.jar:/home/runner/.m2/repository/org/apache/ranger/ranger-plugins-common/2.6.0/ranger-plugins-common-2.6.0.jar:/home/runner/.m2/repository/com/fasterxml/jackson/jaxrs/jackson-jaxrs-base/2.16.2/jackson-jaxrs-base-2.16.2.jar:/home/runner/.m2/repository/com/fasterxml/jackson/jaxrs/jackson-jaxrs-json-provider/2.16.2/jackson-jaxrs-json-provider-2.16.2.jar:/home/runner/.m2/repository/com/kstruct/gethostname4j/1.0.0/gethostname4j-1.0.0.jar:/home/runner/.m2/repository/commons-lang/commons-lang/2.6/commons-lang-2.6.jar:/home/runner/.m2/repository/net/java/dev/jna/jna/5.2.0/jna-5.2.0.jar:/home/runner/.m2/repository/net/java/dev/jna/jna-platform/5.2.0/jna-platform-5.2.0.jar:/home/runner/.m2/repository/org/apache/ranger/ranger-plugin-classloader/2.6.0/ranger-plugin-classloader-2.6.0.jar:/home/runner/.m2/repository/org/apache/ranger/ranger-plugins-audit/2.6.0/ranger-plugins-audit-2.6.0.jar:/home/runner/.m2/repository/com/amazonaws/aws-java-sdk-logs/1.12.765/aws-java-sdk-logs-1.12.765.jar:/home/runner/.m2/repository/com/carrotsearch/hppc/0.8.0/hppc-0.8.0.jar:/home/runner/.m2/repository/io/airlift/aircompressor/0.27/aircompressor-0.27.jar:/home/runner/.m2/repository/org/apache/httpcomponents/httpasyncclient/4.1.4/httpasyncclient-4.1.4.jar:/home/runner/.m2/repository/org/apache/httpcomponents/httpcore-nio/4.4.16/httpcore-nio-4.4.16.jar:/home/runner/.m2/repository/org/apache/httpcomponents/httpmime/4.5.13/httpmime-4.5.13.jar:/home/runner/.m2/repository/org/apache/orc/orc-core/1.5.8/orc-core-1.5.8.jar:/home/runner/.m2/repository/org/apache/orc/orc-shims/1.5.8/orc-shims-1.5.8.jar:/home/runner/.m2/repository/org/eclipse/jetty/jetty-client/9.4.57.v20241219/jetty-client-9.4.57.v20241219.jar:/home/runner/.m2/repository/org/apache/ranger/ranger-plugins-cred/2.6.0/ranger-plugins-cred-2.6.0.jar:/home/runner/.m2/repository/org/aspectj/aspectjrt/1.9.7/aspectjrt-1.9.7.jar:/home/runner/.m2/repository/org/aspectj/aspectjweaver/1.9.7/aspectjweaver-1.9.7.jar:/home/runner/work/ozone/ozone/hadoop-ozone/recon/target/ozone-recon-2.1.0-SNAPSHOT.jar:/home/runner/.m2/repository/aopalliance/aopalliance/1.0/aopalliance-1.0.jar:/home/runner/.m2/repository/com/google/inject/guice/6.0.0/guice-6.0.0.jar:/home/runner/.m2/repository/jakarta/inject/jakarta.inject-api/2.0.1/jakarta.inject-api-2.0.1.jar:/home/runner/.m2/repository/com/google/inject/extensions/guice-assistedinject/6.0.0/guice-assistedinject-6.0.0.jar:/home/runner/.m2/repository/com/google/inject/extensions/guice-servlet/6.0.0/guice-servlet-6.0.0.jar:/home/runner/.m2/repository/com/jolbox/bonecp/0.8.0.RELEASE/bonecp-0.8.0.RELEASE.jar:/home/runner/.m2/repository/org/apache/derby/derby/10.14.2.0/derby-10.14.2.0.jar:/home/runner/work/ozone/ozone/hadoop-ozone/cli-admin/target/ozone-cli-admin-2.1.0-SNAPSHOT.jar:/home/runner/.m2/repository/org/glassfish/hk2/guice-bridge/2.6.1/guice-bridge-2.6.1.jar:/home/runner/.m2/repository/org/glassfish/jersey/containers/jersey-container-servlet/2.46/jersey-container-servlet-2.46.jar:/home/runner/.m2/repository/org/glassfish/jersey/media/jersey-media-json-jackson/2.46/jersey-media-json-jackson-2.46.jar:/home/runner/.m2/repository/org/glassfish/jersey/ext/jersey-entity-filtering/2.46/jersey-entity-filtering-2.46.jar:/home/runner/.m2/repository/org/jooq/jooq/3.11.10/jooq-3.11.10.jar:/home/runner/.m2/repository/org/jooq/jooq-codegen/3.11.10/jooq-codegen-3.11.10.jar:/home/runner/.m2/repository/org/jooq/jooq-meta/3.11.10/jooq-meta-3.11.10.jar:/home/runner/.m2/repository/org/springframework/spring-core/5.3.39/spring-core-5.3.39.jar:/home/runner/.m2/repository/org/springframework/spring-jdbc/5.3.39/spring-jdbc-5.3.39.jar:/home/runner/.m2/repository/org/springframework/spring-beans/5.3.39/spring-beans-5.3.39.jar:/home/runner/.m2/repository/org/springframework/spring-tx/5.3.39/spring-tx-5.3.39.jar:/home/runner/.m2/repository/org/xerial/sqlite-jdbc/3.49.1.0/sqlite-jdbc-3.49.1.0.jar:/home/runner/work/ozone/ozone/hadoop-ozone/recon-codegen/target/ozone-reconcodegen-2.1.0-SNAPSHOT.jar:/home/runner/work/ozone/ozone/hadoop-ozone/s3gateway/target/ozone-s3gateway-2.1.0-SNAPSHOT.jar:/home/runner/.m2/repository/com/fasterxml/jackson/dataformat/jackson-dataformat-xml/2.16.2/jackson-dataformat-xml-2.16.2.jar:/home/runner/.m2/repository/com/fasterxml/jackson/module/jackson-module-jaxb-annotations/2.16.2/jackson-module-jaxb-annotations-2.16.2.jar:/home/runner/.m2/repository/io/netty/netty-codec-http2/4.1.109.Final/netty-codec-http2-4.1.109.Final.jar:/home/runner/.m2/repository/io/netty/netty-codec-http/4.1.109.Final/netty-codec-http-4.1.109.Final.jar:/home/runner/.m2/repository/io/netty/netty-transport/4.1.109.Final/netty-transport-4.1.109.Final.jar:/home/runner/.m2/repository/io/netty/netty-resolver/4.1.109.Final/netty-resolver-4.1.109.Final.jar:/home/runner/.m2/repository/io/opentracing/opentracing-noop/0.33.0/opentracing-noop-0.33.0.jar:/home/runner/.m2/repository/javax/enterprise/cdi-api/2.0/cdi-api-2.0.jar:/home/runner/.m2/repository/javax/el/javax.el-api/3.0.0/javax.el-api-3.0.0.jar:/home/runner/.m2/repository/javax/interceptor/javax.interceptor-api/1.2/javax.interceptor-api-1.2.jar:/home/runner/.m2/repository/javax/inject/javax.inject/1/javax.inject-1.jar:/home/runner/.m2/repository/org/apache/httpcomponents/httpcore/4.4.16/httpcore-4.4.16.jar:/home/runner/.m2/repository/org/apache/kerby/kerby-util/1.0.1/kerby-util-1.0.1.jar:/home/runner/.m2/repository/org/glassfish/hk2/hk2-api/2.6.1/hk2-api-2.6.1.jar:/home/runner/.m2/repository/org/glassfish/hk2/hk2-utils/2.6.1/hk2-utils-2.6.1.jar:/home/runner/.m2/repository/org/glassfish/hk2/external/aopalliance-repackaged/2.6.1/aopalliance-repackaged-2.6.1.jar:/home/runner/.m2/repository/org/glassfish/jaxb/jaxb-runtime/2.3.9/jaxb-runtime-2.3.9.jar:/home/runner/.m2/repository/org/glassfish/jaxb/txw2/2.3.9/txw2-2.3.9.jar:/home/runner/.m2/repository/com/sun/istack/istack-commons-runtime/3.0.12/istack-commons-runtime-3.0.12.jar:/home/runner/.m2/repository/com/sun/activation/jakarta.activation/1.2.2/jakarta.activation-1.2.2.jar:/home/runner/.m2/repository/org/glassfish/jersey/core/jersey-common/2.46/jersey-common-2.46.jar:/home/runner/.m2/repository/org/glassfish/hk2/osgi-resource-locator/1.0.3/osgi-resource-locator-1.0.3.jar:/home/runner/.m2/repository/org/glassfish/jersey/ext/cdi/jersey-cdi1x/2.46/jersey-cdi1x-2.46.jar:/home/runner/.m2/repository/org/glassfish/jersey/inject/jersey-hk2/2.46/jersey-hk2-2.46.jar:/home/runner/.m2/repository/org/glassfish/hk2/hk2-locator/2.6.1/hk2-locator-2.6.1.jar:/home/runner/.m2/repository/org/glassfish/jersey/media/jersey-media-jaxb/2.46/jersey-media-jaxb-2.46.jar:/home/runner/.m2/repository/org/javassist/javassist/3.30.2-GA/javassist-3.30.2-GA.jar:/home/runner/.m2/repository/org/jboss/weld/servlet/weld-servlet-shaded/3.1.9.Final/weld-servlet-shaded-3.1.9.Final.jar:/home/runner/.m2/repository/org/apache/ratis/ratis-common/3.1.2/ratis-common-3.1.2.jar:/home/runner/.m2/repository/org/slf4j/slf4j-api/2.0.17/slf4j-api-2.0.17.jar:/home/runner/.m2/repository/software/amazon/awssdk/auth/2.31.25/auth-2.31.25.jar:/home/runner/.m2/repository/software/amazon/awssdk/annotations/2.31.25/annotations-2.31.25.jar:/home/runner/.m2/repository/software/amazon/awssdk/utils/2.31.25/utils-2.31.25.jar:/home/runner/.m2/repository/software/amazon/awssdk/identity-spi/2.31.25/identity-spi-2.31.25.jar:/home/runner/.m2/repository/software/amazon/awssdk/profiles/2.31.25/profiles-2.31.25.jar:/home/runner/.m2/repository/software/amazon/awssdk/http-client-spi/2.31.25/http-client-spi-2.31.25.jar:/home/runner/.m2/repository/software/amazon/awssdk/json-utils/2.31.25/json-utils-2.31.25.jar:/home/runner/.m2/repository/software/amazon/awssdk/third-party-jackson-core/2.31.25/third-party-jackson-core-2.31.25.jar:/home/runner/.m2/repository/software/amazon/awssdk/http-auth-aws/2.31.25/http-auth-aws-2.31.25.jar:/home/runner/.m2/repository/software/amazon/awssdk/http-auth-aws-eventstream/2.31.25/http-auth-aws-eventstream-2.31.25.jar:/home/runner/.m2/repository/software/amazon/awssdk/http-auth/2.31.25/http-auth-2.31.25.jar:/home/runner/.m2/repository/software/amazon/awssdk/http-auth-spi/2.31.25/http-auth-spi-2.31.25.jar:/home/runner/.m2/repository/software/amazon/eventstream/eventstream/1.0.1/eventstream-1.0.1.jar:/home/runner/.m2/repository/software/amazon/awssdk/aws-core/2.31.25/aws-core-2.31.25.jar:/home/runner/.m2/repository/software/amazon/awssdk/metrics-spi/2.31.25/metrics-spi-2.31.25.jar:/home/runner/.m2/repository/software/amazon/awssdk/endpoints-spi/2.31.25/endpoints-spi-2.31.25.jar:/home/runner/.m2/repository/software/amazon/awssdk/retries-spi/2.31.25/retries-spi-2.31.25.jar:/home/runner/.m2/repository/software/amazon/awssdk/retries/2.31.25/retries-2.31.25.jar:/home/runner/.m2/repository/software/amazon/awssdk/regions/2.31.25/regions-2.31.25.jar:/home/runner/.m2/repository/software/amazon/awssdk/s3/2.31.25/s3-2.31.25.jar:/home/runner/.m2/repository/software/amazon/awssdk/aws-xml-protocol/2.31.25/aws-xml-protocol-2.31.25.jar:/home/runner/.m2/repository/software/amazon/awssdk/aws-query-protocol/2.31.25/aws-query-protocol-2.31.25.jar:/home/runner/.m2/repository/software/amazon/awssdk/protocol-core/2.31.25/protocol-core-2.31.25.jar:/home/runner/.m2/repository/software/amazon/awssdk/arns/2.31.25/arns-2.31.25.jar:/home/runner/.m2/repository/software/amazon/awssdk/crt-core/2.31.25/crt-core-2.31.25.jar:/home/runner/.m2/repository/software/amazon/awssdk/checksums/2.31.25/checksums-2.31.25.jar:/home/runner/.m2/repository/software/amazon/awssdk/checksums-spi/2.31.25/checksums-spi-2.31.25.jar:/home/runner/.m2/repository/software/amazon/awssdk/apache-client/2.31.25/apache-client-2.31.25.jar:/home/runner/.m2/repository/software/amazon/awssdk/netty-nio-client/2.31.25/netty-nio-client-2.31.25.jar:/home/runner/.m2/repository/io/netty/netty-transport-classes-epoll/4.1.109.Final/netty-transport-classes-epoll-4.1.109.Final.jar:/home/runner/.m2/repository/software/amazon/awssdk/sdk-core/2.31.25/sdk-core-2.31.25.jar:/home/runner/.m2/repository/org/reactivestreams/reactive-streams/1.0.4/reactive-streams-1.0.4.jar:/home/runner/.m2/repository/org/assertj/assertj-core/3.27.3/assertj-core-3.27.3.jar:/home/runner/.m2/repository/net/bytebuddy/byte-buddy/1.15.11/byte-buddy-1.15.11.jar:/home/runner/.m2/repository/org/junit/jupiter/junit-jupiter-api/5.12.2/junit-jupiter-api-5.12.2.jar:/home/runner/.m2/repository/org/opentest4j/opentest4j/1.3.0/opentest4j-1.3.0.jar:/home/runner/.m2/repository/org/junit/platform/junit-platform-commons/1.12.2/junit-platform-commons-1.12.2.jar:/home/runner/.m2/repository/org/apiguardian/apiguardian-api/1.1.2/apiguardian-api-1.1.2.jar:/home/runner/.m2/repository/org/junit/jupiter/junit-jupiter-params/5.12.2/junit-jupiter-params-5.12.2.jar:/home/runner/.m2/repository/org/mockito/mockito-core/4.11.0/mockito-core-4.11.0.jar:/home/runner/.m2/repository/net/bytebuddy/byte-buddy-agent/1.12.19/byte-buddy-agent-1.12.19.jar:/home/runner/.m2/repository/org/objenesis/objenesis/3.3/objenesis-3.3.jar:/home/runner/.m2/repository/org/mockito/mockito-inline/4.11.0/mockito-inline-4.11.0.jar:/home/runner/.m2/repository/org/mockito/mockito-junit-jupiter/4.11.0/mockito-junit-jupiter-4.11.0.jar:/home/runner/work/ozone/ozone/hadoop-ozone/integration-test-s3/target/gradle-enterprise/test-listeners.jar:"/>
    <property name="sun.cpu.endian" value="little"/>
    <property name="user.home" value="/home/runner"/>
    <property name="user.language" value="en"/>
    <property name="java.specification.vendor" value="Oracle Corporation"/>
    <property name="skipRecon" value="true"/>
    <property name="java.version.date" value="2025-04-15"/>
    <property name="java.home" value="/usr/lib/jvm/temurin-21-jdk-amd64"/>
    <property name="java.security.krb5.conf" value="/home/runner/work/ozone/ozone/hadoop-ozone/integration-test-s3/target/test-classes/krb5.conf"/>
    <property name="file.separator" value="/"/>
    <property name="basedir" value="/home/runner/work/ozone/ozone/hadoop-ozone/integration-test-s3"/>
    <property name="java.vm.compressedOopsMode" value="Zero based"/>
    <property name="line.separator" value="&#10;"/>
    <property name="java.vm.specification.vendor" value="Oracle Corporation"/>
    <property name="java.specification.name" value="Java Platform API Specification"/>
    <property name="surefire.real.class.path" value="/home/runner/work/ozone/ozone/hadoop-ozone/integration-test-s3/target/surefire/surefirebooter-20250513080711196_1187.jar"/>
    <property name="hadoop.log.dir" value="/home/runner/work/ozone/ozone/hadoop-ozone/integration-test-s3/target/log"/>
    <property name="sun.management.compiler" value="HotSpot 64-Bit Tiered Compilers"/>
    <property name="skipShade" value="true"/>
    <property name="java.runtime.version" value="21.0.7+6-LTS"/>
    <property name="user.name" value="runner"/>
    <property name="java.net.preferIPv4Stack" value="true"/>
    <property name="stdout.encoding" value="UTF-8"/>
    <property name="path.separator" value=":"/>
    <property name="java.security.egd" value="file:///dev/urandom"/>
    <property name="os.version" value="6.11.0-1012-azure"/>
    <property name="java.runtime.name" value="OpenJDK Runtime Environment"/>
    <property name="com.gradle.maven.scan.extension.test.listener.junitplatform.NestedExecutionSafeDelegatingTestExecutionListener" value="dc7df28"/>
    <property name="file.encoding" value="UTF-8"/>
    <property name="java.vm.name" value="OpenJDK 64-Bit Server VM"/>
    <property name="rocks_tools_native" value="true"/>
    <property name="java.vendor.version" value="Temurin-21.0.7+6"/>
    <property name="test.build.webapps" value=""/>
    <property name="develocity.listener.surefire.forkId" value="1"/>
    <property name="localRepository" value="/home/runner/.m2/repository"/>
    <property name="java.vendor.url.bug" value="https://github.com/adoptium/adoptium-support/issues"/>
    <property name="jetty.git.hash" value="df524e6b29271c2e09ba9aea83c18dc9db464a31"/>
    <property name="java.io.tmpdir" value="/tmp"/>
    <property name="require.test.libhadoop" value=""/>
    <property name="java.version" value="21.0.7"/>
    <property name="user.dir" value="/home/runner/work/ozone/ozone/hadoop-ozone/integration-test-s3"/>
    <property name="os.arch" value="amd64"/>
    <property name="java.vm.specification.name" value="Java Virtual Machine Specification"/>
    <property name="test.build.classes" value="/home/runner/work/ozone/ozone/hadoop-ozone/integration-test-s3/target/test-classes"/>
    <property name="org.apache.ratis.thirdparty.io.netty.allocator.useCacheForAllThreads" value="false"/>
    <property name="native.encoding" value="UTF-8"/>
    <property name="hadoop.tmp.dir" value="/home/runner/work/ozone/ozone/hadoop-ozone/integration-test-s3/target/tmp"/>
    <property name="java.library.path" value="/usr/java/packages/lib:/usr/lib64:/lib64:/lib:/usr/lib"/>
    <property name="java.vm.info" value="mixed mode, sharing"/>
    <property name="stderr.encoding" value="UTF-8"/>
    <property name="java.vendor" value="Eclipse Adoptium"/>
    <property name="java.vm.version" value="21.0.7+6-LTS"/>
    <property name="sun.io.unicode.encoding" value="UnicodeLittle"/>
    <property name="develocity.listener.port" value="34221"/>
    <property name="java.class.version" value="65.0"/>
  </properties>
  <testcase name="testBucketACLOperations" classname="org.apache.hadoop.ozone.s3.awssdk.v1.TestS3SDKV1WithRatisStreaming" time="0.328">
    <error message="Unable to execute HTTP request: Connect to 0.0.0.0:15050 [/0.0.0.0] failed: Connection refused" type="com.amazonaws.SdkClientException"><![CDATA[com.amazonaws.SdkClientException: Unable to execute HTTP request: Connect to 0.0.0.0:15050 [/0.0.0.0] failed: Connection refused
	at com.amazonaws.http.AmazonHttpClient$RequestExecutor.handleRetryableException(AmazonHttpClient.java:1219)
	at com.amazonaws.http.AmazonHttpClient$RequestExecutor.executeHelper(AmazonHttpClient.java:1165)
	at com.amazonaws.http.AmazonHttpClient$RequestExecutor.doExecute(AmazonHttpClient.java:814)
	at com.amazonaws.http.AmazonHttpClient$RequestExecutor.executeWithTimer(AmazonHttpClient.java:781)
	at com.amazonaws.http.AmazonHttpClient$RequestExecutor.execute(AmazonHttpClient.java:755)
	at com.amazonaws.http.AmazonHttpClient$RequestExecutor.access$500(AmazonHttpClient.java:715)
	at com.amazonaws.http.AmazonHttpClient$RequestExecutionBuilderImpl.execute(AmazonHttpClient.java:697)
	at com.amazonaws.http.AmazonHttpClient.execute(AmazonHttpClient.java:561)
	at com.amazonaws.http.AmazonHttpClient.execute(AmazonHttpClient.java:541)
	at com.amazonaws.services.s3.AmazonS3Client.invoke(AmazonS3Client.java:5520)
	at com.amazonaws.services.s3.AmazonS3Client.invoke(AmazonS3Client.java:5467)
	at com.amazonaws.services.s3.AmazonS3Client.createBucket(AmazonS3Client.java:1161)
	at org.apache.hadoop.ozone.s3.awssdk.v1.AbstractS3SDKV1Tests.testBucketACLOperations(AbstractS3SDKV1Tests.java:241)
	at java.base/java.lang.reflect.Method.invoke(Method.java:580)
	at java.base/java.util.ArrayList.forEach(ArrayList.java:1596)
	at java.base/java.util.ArrayList.forEach(ArrayList.java:1596)
Caused by: org.apache.http.conn.HttpHostConnectException: Connect to 0.0.0.0:15050 [/0.0.0.0] failed: Connection refused
	at org.apache.http.impl.conn.DefaultHttpClientConnectionOperator.connect(DefaultHttpClientConnectionOperator.java:156)
	at org.apache.http.impl.conn.PoolingHttpClientConnectionManager.connect(PoolingHttpClientConnectionManager.java:376)
	at java.base/java.lang.reflect.Method.invoke(Method.java:580)
	at com.amazonaws.http.conn.ClientConnectionManagerFactory$Handler.invoke(ClientConnectionManagerFactory.java:76)
	at com.amazonaws.http.conn.$Proxy147.connect(Unknown Source)
	at org.apache.http.impl.execchain.MainClientExec.establishRoute(MainClientExec.java:393)
	at org.apache.http.impl.execchain.MainClientExec.execute(MainClientExec.java:236)
	at org.apache.http.impl.execchain.ProtocolExec.execute(ProtocolExec.java:186)
	at org.apache.http.impl.client.InternalHttpClient.doExecute(InternalHttpClient.java:185)
	at org.apache.http.impl.client.CloseableHttpClient.execute(CloseableHttpClient.java:83)
	at org.apache.http.impl.client.CloseableHttpClient.execute(CloseableHttpClient.java:56)
	at com.amazonaws.http.apache.client.impl.SdkHttpClient.execute(SdkHttpClient.java:72)
	at com.amazonaws.http.AmazonHttpClient$RequestExecutor.executeOneRequest(AmazonHttpClient.java:1346)
	at com.amazonaws.http.AmazonHttpClient$RequestExecutor.executeHelper(AmazonHttpClient.java:1157)
	... 14 more
Caused by: java.net.ConnectException: Connection refused
	at java.base/sun.nio.ch.Net.pollConnect(Native Method)
	at java.base/sun.nio.ch.Net.pollConnectNow(Net.java:682)
	at java.base/sun.nio.ch.NioSocketImpl.timedFinishConnect(NioSocketImpl.java:549)
	at java.base/sun.nio.ch.NioSocketImpl.connect(NioSocketImpl.java:592)
	at java.base/java.net.SocksSocketImpl.connect(SocksSocketImpl.java:327)
	at java.base/java.net.Socket.connect(Socket.java:751)
	at org.apache.http.conn.socket.PlainConnectionSocketFactory.connectSocket(PlainConnectionSocketFactory.java:75)
	at org.apache.http.impl.conn.DefaultHttpClientConnectionOperator.connect(DefaultHttpClientConnectionOperator.java:142)
	... 27 more
]]></error>
    <system-out><![CDATA[2025-05-13 08:07:13,165 [main] WARN  server.ServerUtils (ServerUtils.java:getScmDbDir(138)) - ozone.scm.db.dirs is not configured. We recommend adding this setting. Falling back to ozone.metadata.dirs instead.
2025-05-13 08:07:13,463 [main] INFO  reflections.Reflections (Reflections.java:scan(219)) - Reflections took 236 ms to scan 5 urls, producing 132 keys and 292 values
2025-05-13 08:07:13,648 [main] INFO  ha.SCMHANodeDetails (SCMHANodeDetails.java:loadSCMHAConfig(162)) - ServiceID for StorageContainerManager is null
2025-05-13 08:07:13,649 [main] INFO  ha.SCMHANodeDetails (SCMHANodeDetails.java:loadSCMHAConfig(166)) - ozone.scm.default.service.id is not defined, falling back to ozone.scm.service.ids to find serviceID for StorageContainerManager if it is HA enabled cluster
2025-05-13 08:07:13,947 [main] INFO  server.RaftServerConfigKeys (ConfUtils.java:logGet(46)) - raft.server.log.appender.buffer.byte-limit = 4194304 (custom)
2025-05-13 08:07:13,992 [main] INFO  server.RaftServer (ConfUtils.java:logGet(46)) - raft.rpc.type = GRPC (default)
2025-05-13 08:07:14,049 [main] INFO  grpc.GrpcConfigKeys (ConfUtils.java:logFallback(53)) - raft.grpc.admin.host = null (fallback to raft.grpc.server.host)
2025-05-13 08:07:14,050 [main] INFO  grpc.GrpcConfigKeys (ConfUtils.java:logFallback(53)) - raft.grpc.admin.port = 15004 (fallback to raft.grpc.server.port)
2025-05-13 08:07:14,051 [main] INFO  grpc.GrpcConfigKeys (ConfUtils.java:logFallback(53)) - raft.grpc.client.host = null (fallback to raft.grpc.server.host)
2025-05-13 08:07:14,051 [main] INFO  grpc.GrpcConfigKeys (ConfUtils.java:logFallback(53)) - raft.grpc.client.port = 15004 (fallback to raft.grpc.server.port)
2025-05-13 08:07:14,055 [main] INFO  grpc.GrpcConfigKeys (ConfUtils.java:logGet(46)) - raft.grpc.server.host = null (default)
2025-05-13 08:07:14,056 [main] INFO  grpc.GrpcConfigKeys (ConfUtils.java:logGet(46)) - raft.grpc.server.port = 15004 (custom)
2025-05-13 08:07:14,056 [main] INFO  server.GrpcService (ConfUtils.java:logGet(46)) - raft.grpc.message.size.max = 5242880 (custom)
2025-05-13 08:07:14,057 [main] INFO  server.GrpcService (ConfUtils.java:logGet(46)) - raft.grpc.flow.control.window = 1MB (=1048576) (default)
2025-05-13 08:07:14,057 [main] INFO  server.RaftServerConfigKeys (ConfUtils.java:logGet(46)) - raft.server.rpc.request.timeout = 30000ms (custom)
2025-05-13 08:07:14,066 [main] INFO  grpc.GrpcConfigKeys (ConfUtils.java:logGet(46)) - raft.grpc.server.heartbeat.channel = true (default)
2025-05-13 08:07:14,068 [main] INFO  server.RaftServerConfigKeys (ConfUtils.java:logGet(46)) - raft.server.log.appender.buffer.byte-limit = 4194304 (custom)
2025-05-13 08:07:14,073 [main] INFO  grpc.GrpcConfigKeys (ConfUtils.java:logGet(46)) - raft.grpc.server.async.request.thread.pool.cached = true (default)
2025-05-13 08:07:14,076 [main] INFO  grpc.GrpcConfigKeys (ConfUtils.java:logGet(46)) - raft.grpc.server.async.request.thread.pool.size = 32 (default)
2025-05-13 08:07:14,412 [main] INFO  impl.DataStreamServerImpl (ConfUtils.java:logGet(46)) - raft.datastream.type = DISABLED (default)
2025-05-13 08:07:14,416 [main] INFO  server.RaftServerConfigKeys (ConfUtils.java:logGet(46)) - raft.server.sleep.deviation.threshold = 300ms (default)
2025-05-13 08:07:14,417 [main] INFO  server.RaftServerConfigKeys (ConfUtils.java:logGet(46)) - raft.server.close.threshold = 60s (default)
2025-05-13 08:07:14,417 [main] INFO  server.RaftServerConfigKeys (ConfUtils.java:logGet(46)) - raft.server.leaderelection.leader.step-down.wait-time = 10s (default)
2025-05-13 08:07:14,422 [main] INFO  server.RaftServerConfigKeys (ConfUtils.java:logGet(46)) - raft.server.storage.dir = [/home/runner/work/ozone/ozone/hadoop-ozone/integration-test-s3/target/test-dir/MiniOzoneClusterImpl-95f4eac0-24f3-44c7-8c9c-9c62d5a0e831/ozone-meta/scm-ha] (custom)
2025-05-13 08:07:14,423 [main] INFO  server.RaftServerConfigKeys (ConfUtils.java:logGet(46)) - raft.server.threadpool.proxy.cached = true (default)
2025-05-13 08:07:14,426 [main] INFO  server.RaftServerConfigKeys (ConfUtils.java:logGet(46)) - raft.server.threadpool.proxy.size = 0 (default)
2025-05-13 08:07:14,435 [main] INFO  server.RaftServer (RaftServerProxy.java:addNew(100)) - f943e957-6378-4e79-915f-78430d928332: addNew group-9C62D5A0E831:[f943e957-6378-4e79-915f-78430d928332|pkrvmberfyhpb9w:15004] returns group-9C62D5A0E831:java.util.concurrent.CompletableFuture@296e281a[Not completed]
2025-05-13 08:07:14,455 [f943e957-6378-4e79-915f-78430d928332-groupManagement] INFO  server.RaftServer$Division (RaftServerImpl.java:<init>(255)) - f943e957-6378-4e79-915f-78430d928332: new RaftServerImpl for group-9C62D5A0E831:[f943e957-6378-4e79-915f-78430d928332|pkrvmberfyhpb9w:15004] with SCMStateMachine:uninitialized
2025-05-13 08:07:14,459 [f943e957-6378-4e79-915f-78430d928332-groupManagement] INFO  server.RaftServerConfigKeys (ConfUtils.java:logGet(46)) - raft.server.rpc.timeout.min = 5000ms (custom)
2025-05-13 08:07:14,461 [f943e957-6378-4e79-915f-78430d928332-groupManagement] INFO  server.RaftServerConfigKeys (ConfUtils.java:logGet(46)) - raft.server.rpc.timeout.max = 5200ms (custom)
2025-05-13 08:07:14,462 [f943e957-6378-4e79-915f-78430d928332-groupManagement] INFO  server.RaftServerConfigKeys (ConfUtils.java:logGet(46)) - raft.server.rpc.sleep.time = 25ms (default)
2025-05-13 08:07:14,462 [f943e957-6378-4e79-915f-78430d928332-groupManagement] INFO  server.RaftServerConfigKeys (ConfUtils.java:logGet(46)) - raft.server.rpc.slowness.timeout = 120000ms (custom)
2025-05-13 08:07:14,462 [f943e957-6378-4e79-915f-78430d928332-groupManagement] INFO  server.RaftServerConfigKeys (ConfUtils.java:logGet(46)) - raft.server.leaderelection.leader.step-down.wait-time = 10s (default)
2025-05-13 08:07:14,463 [f943e957-6378-4e79-915f-78430d928332-groupManagement] INFO  server.RaftServerConfigKeys (ConfUtils.java:logGet(46)) - raft.server.leaderelection.member.majority-add = false (default)
2025-05-13 08:07:14,463 [f943e957-6378-4e79-915f-78430d928332-groupManagement] INFO  server.RaftServerConfigKeys (ConfUtils.java:logGet(46)) - raft.server.sleep.deviation.threshold = 300ms (default)
2025-05-13 08:07:14,471 [f943e957-6378-4e79-915f-78430d928332-groupManagement] INFO  server.RaftServer$Division (ServerState.java:<init>(114)) - f943e957-6378-4e79-915f-78430d928332@group-9C62D5A0E831: ConfigurationManager, init=conf: {index: -1, cur=peers:[f943e957-6378-4e79-915f-78430d928332|pkrvmberfyhpb9w:15004]|listeners:[], old=null}, confs=<EMPTY_MAP>
2025-05-13 08:07:14,477 [f943e957-6378-4e79-915f-78430d928332-groupManagement] INFO  server.RaftServerConfigKeys (ConfUtils.java:logGet(46)) - raft.server.notification.no-leader.timeout = 60s (default)
2025-05-13 08:07:14,481 [f943e957-6378-4e79-915f-78430d928332-groupManagement] INFO  server.RaftServerConfigKeys (ConfUtils.java:logGet(46)) - raft.server.read.timeout = 10s (default)
2025-05-13 08:07:14,484 [f943e957-6378-4e79-915f-78430d928332-groupManagement] INFO  server.RaftServerConfigKeys (ConfUtils.java:logGet(46)) - raft.server.retrycache.expirytime = 60000ms (default)
2025-05-13 08:07:14,485 [f943e957-6378-4e79-915f-78430d928332-groupManagement] INFO  server.RaftServerConfigKeys (ConfUtils.java:logGet(46)) - raft.server.retrycache.statistics.expirytime = 100ms (default)
2025-05-13 08:07:14,489 [f943e957-6378-4e79-915f-78430d928332-groupManagement] INFO  server.RaftServerConfigKeys (ConfUtils.java:logGet(46)) - raft.server.read.option = DEFAULT (default)
2025-05-13 08:07:14,491 [f943e957-6378-4e79-915f-78430d928332-groupManagement] INFO  server.RaftServerConfigKeys (ConfUtils.java:logGet(46)) - raft.server.read.read-after-write-consistent.write-index-cache.expiry-time = 60s (default)
2025-05-13 08:07:14,759 [f943e957-6378-4e79-915f-78430d928332-groupManagement] INFO  server.RaftServerConfigKeys (ConfUtils.java:logGet(46)) - raft.server.rpc.request.timeout = 30000ms (custom)
2025-05-13 08:07:14,763 [f943e957-6378-4e79-915f-78430d928332-groupManagement] INFO  server.RaftServerConfigKeys (ConfUtils.java:logGet(46)) - raft.server.log.appender.install.snapshot.enabled = false (custom)
2025-05-13 08:07:14,764 [f943e957-6378-4e79-915f-78430d928332-groupManagement] INFO  server.RaftServerConfigKeys (ConfUtils.java:logGet(46)) - raft.server.threadpool.server.cached = true (default)
2025-05-13 08:07:14,764 [f943e957-6378-4e79-915f-78430d928332-groupManagement] INFO  server.RaftServerConfigKeys (ConfUtils.java:logGet(46)) - raft.server.threadpool.server.size = 0 (default)
2025-05-13 08:07:14,764 [f943e957-6378-4e79-915f-78430d928332-groupManagement] INFO  server.RaftServerConfigKeys (ConfUtils.java:logGet(46)) - raft.server.threadpool.client.cached = true (default)
2025-05-13 08:07:14,765 [f943e957-6378-4e79-915f-78430d928332-groupManagement] INFO  server.RaftServerConfigKeys (ConfUtils.java:logGet(46)) - raft.server.threadpool.client.size = 0 (default)
2025-05-13 08:07:14,767 [f943e957-6378-4e79-915f-78430d928332-impl-thread1] INFO  server.RaftServerConfigKeys (ConfUtils.java:logGet(46)) - raft.server.storage.free-space.min = 0MB (=0) (default)
2025-05-13 08:07:14,771 [f943e957-6378-4e79-915f-78430d928332-impl-thread1] INFO  server.RaftServerConfigKeys (ConfUtils.java:logGet(46)) - raft.server.log.corruption.policy = EXCEPTION (default)
2025-05-13 08:07:14,771 [f943e957-6378-4e79-915f-78430d928332-impl-thread1] INFO  server.RaftServerConfigKeys (ConfUtils.java:logGet(46)) - raft.server.storage.dir = [/home/runner/work/ozone/ozone/hadoop-ozone/integration-test-s3/target/test-dir/MiniOzoneClusterImpl-95f4eac0-24f3-44c7-8c9c-9c62d5a0e831/ozone-meta/scm-ha] (custom)
2025-05-13 08:07:14,788 [f943e957-6378-4e79-915f-78430d928332-impl-thread1] INFO  storage.RaftStorageDirectory (RaftStorageDirectoryImpl.java:analyzeStorage(138)) - The storage directory /home/runner/work/ozone/ozone/hadoop-ozone/integration-test-s3/target/test-dir/MiniOzoneClusterImpl-95f4eac0-24f3-44c7-8c9c-9c62d5a0e831/ozone-meta/scm-ha/95f4eac0-24f3-44c7-8c9c-9c62d5a0e831 does not exist. Creating ...
2025-05-13 08:07:14,790 [f943e957-6378-4e79-915f-78430d928332-impl-thread1] INFO  storage.RaftStorageDirectory (RaftStorageDirectoryImpl.java:tryLock(229)) - Lock on /home/runner/work/ozone/ozone/hadoop-ozone/integration-test-s3/target/test-dir/MiniOzoneClusterImpl-95f4eac0-24f3-44c7-8c9c-9c62d5a0e831/ozone-meta/scm-ha/95f4eac0-24f3-44c7-8c9c-9c62d5a0e831/in_use.lock acquired by nodename 70907@pkrvmberfyhpb9w
2025-05-13 08:07:14,800 [f943e957-6378-4e79-915f-78430d928332-impl-thread1] INFO  storage.RaftStorage (RaftStorageImpl.java:format(98)) - Storage directory /home/runner/work/ozone/ozone/hadoop-ozone/integration-test-s3/target/test-dir/MiniOzoneClusterImpl-95f4eac0-24f3-44c7-8c9c-9c62d5a0e831/ozone-meta/scm-ha/95f4eac0-24f3-44c7-8c9c-9c62d5a0e831 has been successfully formatted.
2025-05-13 08:07:14,803 [f943e957-6378-4e79-915f-78430d928332-impl-thread1] INFO  ha.SCMStateMachine (SCMStateMachine.java:lambda$initialize$0(135)) - f943e957-6378-4e79-915f-78430d928332: initialize group-9C62D5A0E831
2025-05-13 08:07:14,808 [f943e957-6378-4e79-915f-78430d928332-impl-thread1] INFO  server.RaftServerConfigKeys (ConfUtils.java:logGet(46)) - raft.server.log.use.memory = false (default)
2025-05-13 08:07:14,824 [f943e957-6378-4e79-915f-78430d928332-impl-thread1] INFO  server.RaftServerConfigKeys (ConfUtils.java:logGet(46)) - raft.server.log.purge.gap = 1000000 (custom)
2025-05-13 08:07:14,827 [f943e957-6378-4e79-915f-78430d928332-impl-thread1] INFO  server.RaftServerConfigKeys (ConfUtils.java:logGet(46)) - raft.server.log.appender.buffer.byte-limit = 4194304 (custom)
2025-05-13 08:07:14,829 [f943e957-6378-4e79-915f-78430d928332-impl-thread1] INFO  server.RaftServerConfigKeys (ConfUtils.java:logGet(46)) - raft.server.log.statemachine.data.read.timeout = 1000ms (default)
2025-05-13 08:07:14,829 [f943e957-6378-4e79-915f-78430d928332-impl-thread1] INFO  server.RaftServerConfigKeys (ConfUtils.java:logGet(46)) - raft.server.log.purge.preservation.log.num = 0 (default)
2025-05-13 08:07:14,842 [f943e957-6378-4e79-915f-78430d928332-impl-thread1] INFO  server.RaftServerConfigKeys (ConfUtils.java:logGet(46)) - raft.server.log.segment.size.max = 4194304 (custom)
2025-05-13 08:07:14,849 [f943e957-6378-4e79-915f-78430d928332-impl-thread1] INFO  server.RaftServerConfigKeys (ConfUtils.java:logGet(46)) - raft.server.log.segment.cache.num.max = 2 (custom)
2025-05-13 08:07:14,855 [f943e957-6378-4e79-915f-78430d928332-impl-thread1] INFO  server.RaftServerConfigKeys (ConfUtils.java:logGet(46)) - raft.server.log.segment.cache.size.max = 200MB (=209715200) (default)
2025-05-13 08:07:14,855 [f943e957-6378-4e79-915f-78430d928332-impl-thread1] INFO  server.RaftServerConfigKeys (ConfUtils.java:logGet(46)) - raft.server.log.appender.buffer.byte-limit = 4194304 (custom)
2025-05-13 08:07:14,861 [f943e957-6378-4e79-915f-78430d928332-impl-thread1] INFO  util.AwaitToRun (AwaitToRun.java:start(81)) - Thread[#39,f943e957-6378-4e79-915f-78430d928332@group-9C62D5A0E831-cacheEviction-AwaitToRun,5,main] started
2025-05-13 08:07:14,868 [f943e957-6378-4e79-915f-78430d928332-impl-thread1] INFO  segmented.SegmentedRaftLogWorker (SegmentedRaftLogWorker.java:<init>(188)) - new f943e957-6378-4e79-915f-78430d928332@group-9C62D5A0E831-SegmentedRaftLogWorker for RaftStorageImpl:Storage Directory /home/runner/work/ozone/ozone/hadoop-ozone/integration-test-s3/target/test-dir/MiniOzoneClusterImpl-95f4eac0-24f3-44c7-8c9c-9c62d5a0e831/ozone-meta/scm-ha/95f4eac0-24f3-44c7-8c9c-9c62d5a0e831
2025-05-13 08:07:14,869 [f943e957-6378-4e79-915f-78430d928332-impl-thread1] INFO  server.RaftServerConfigKeys (ConfUtils.java:logGet(46)) - raft.server.log.queue.byte-limit = 64MB (=67108864) (default)
2025-05-13 08:07:14,869 [f943e957-6378-4e79-915f-78430d928332-impl-thread1] INFO  server.RaftServerConfigKeys (ConfUtils.java:logGet(46)) - raft.server.log.queue.element-limit = 4096 (default)
2025-05-13 08:07:14,874 [f943e957-6378-4e79-915f-78430d928332-impl-thread1] INFO  server.RaftServerConfigKeys (ConfUtils.java:logGet(46)) - raft.server.log.segment.size.max = 4194304 (custom)
2025-05-13 08:07:14,875 [f943e957-6378-4e79-915f-78430d928332-impl-thread1] INFO  server.RaftServerConfigKeys (ConfUtils.java:logGet(46)) - raft.server.log.preallocated.size = 4194304 (custom)
2025-05-13 08:07:14,878 [f943e957-6378-4e79-915f-78430d928332-impl-thread1] INFO  server.RaftServerConfigKeys (ConfUtils.java:logGet(46)) - raft.server.log.force.sync.num = 128 (default)
2025-05-13 08:07:14,879 [f943e957-6378-4e79-915f-78430d928332-impl-thread1] INFO  server.RaftServerConfigKeys (ConfUtils.java:logGet(46)) - raft.server.log.statemachine.data.sync = true (default)
2025-05-13 08:07:14,879 [f943e957-6378-4e79-915f-78430d928332-impl-thread1] INFO  server.RaftServerConfigKeys (ConfUtils.java:logGet(46)) - raft.server.log.statemachine.data.sync.timeout = 10s (default)
2025-05-13 08:07:14,879 [f943e957-6378-4e79-915f-78430d928332-impl-thread1] INFO  server.RaftServerConfigKeys (ConfUtils.java:logGet(46)) - raft.server.log.statemachine.data.sync.timeout.retry = -1 (default)
2025-05-13 08:07:14,883 [f943e957-6378-4e79-915f-78430d928332-impl-thread1] INFO  server.RaftServerConfigKeys (ConfUtils.java:logGet(46)) - raft.server.log.write.buffer.size = 4194312 (custom)
2025-05-13 08:07:14,885 [f943e957-6378-4e79-915f-78430d928332-impl-thread1] INFO  server.RaftServerConfigKeys (ConfUtils.java:logGet(46)) - raft.server.log.appender.buffer.byte-limit = 4194304 (custom)
2025-05-13 08:07:14,885 [f943e957-6378-4e79-915f-78430d928332-impl-thread1] INFO  server.RaftServerConfigKeys (ConfUtils.java:logGet(46)) - raft.server.log.unsafe-flush.enabled = false (default)
2025-05-13 08:07:14,886 [f943e957-6378-4e79-915f-78430d928332-impl-thread1] INFO  server.RaftServerConfigKeys (ConfUtils.java:logGet(46)) - raft.server.log.async-flush.enabled = false (default)
2025-05-13 08:07:14,886 [f943e957-6378-4e79-915f-78430d928332-impl-thread1] INFO  server.RaftServerConfigKeys (ConfUtils.java:logGet(46)) - raft.server.log.statemachine.data.caching.enabled = false (default)
2025-05-13 08:07:14,893 [f943e957-6378-4e79-915f-78430d928332-impl-thread1] INFO  segmented.SegmentedRaftLogWorker (SegmentedRaftLogWorker.java:lambda$new$0(139)) - f943e957-6378-4e79-915f-78430d928332@group-9C62D5A0E831-SegmentedRaftLogWorker: flushIndex: setUnconditionally 0 -> -1
2025-05-13 08:07:14,894 [f943e957-6378-4e79-915f-78430d928332-impl-thread1] INFO  segmented.SegmentedRaftLogWorker (SegmentedRaftLogWorker.java:lambda$new$0(139)) - f943e957-6378-4e79-915f-78430d928332@group-9C62D5A0E831-SegmentedRaftLogWorker: safeCacheEvictIndex: setUnconditionally 0 -> -1
2025-05-13 08:07:14,895 [f943e957-6378-4e79-915f-78430d928332-impl-thread1] INFO  server.RaftServer$Division (RaftServerImpl.java:start(391)) - f943e957-6378-4e79-915f-78430d928332@group-9C62D5A0E831: start as a follower, conf=conf: {index: -1, cur=peers:[f943e957-6378-4e79-915f-78430d928332|pkrvmberfyhpb9w:15004]|listeners:[], old=null}
2025-05-13 08:07:14,897 [f943e957-6378-4e79-915f-78430d928332-impl-thread1] INFO  server.RaftServer$Division (RaftServerImpl.java:setRole(378)) - f943e957-6378-4e79-915f-78430d928332@group-9C62D5A0E831: changes role from      null to FOLLOWER at term 0 for startAsFollower
2025-05-13 08:07:14,898 [f943e957-6378-4e79-915f-78430d928332-impl-thread1] INFO  impl.RoleInfo (RoleInfo.java:updateAndGet(148)) - f943e957-6378-4e79-915f-78430d928332: start f943e957-6378-4e79-915f-78430d928332@group-9C62D5A0E831-FollowerState
2025-05-13 08:07:14,906 [f943e957-6378-4e79-915f-78430d928332@group-9C62D5A0E831-FollowerState] INFO  server.RaftServerConfigKeys (ConfUtils.java:logGet(46)) - raft.server.rpc.first-election.timeout.min = 1000ms (custom)
2025-05-13 08:07:14,906 [f943e957-6378-4e79-915f-78430d928332@group-9C62D5A0E831-FollowerState] INFO  server.RaftServerConfigKeys (ConfUtils.java:logGet(46)) - raft.server.rpc.first-election.timeout.max = 1200ms (custom)
2025-05-13 08:07:14,907 [f943e957-6378-4e79-915f-78430d928332-impl-thread1] INFO  util.JmxRegister (JmxRegister.java:tryRegister(44)) - Successfully registered JMX Bean with object name Ratis:service=RaftServer,group=group-9C62D5A0E831,id=f943e957-6378-4e79-915f-78430d928332
2025-05-13 08:07:14,908 [f943e957-6378-4e79-915f-78430d928332-impl-thread1] INFO  util.JmxRegister (JmxRegister.java:register(58)) - register mxBean class org.apache.ratis.server.impl.RaftServerJmxAdapter as Ratis:service=RaftServer,group=group-9C62D5A0E831,id=f943e957-6378-4e79-915f-78430d928332
2025-05-13 08:07:14,913 [f943e957-6378-4e79-915f-78430d928332-impl-thread1] INFO  server.RaftServerConfigKeys (ConfUtils.java:logGet(46)) - raft.server.snapshot.trigger-when-stop.enabled = true (default)
2025-05-13 08:07:14,913 [f943e957-6378-4e79-915f-78430d928332-impl-thread1] INFO  server.RaftServerConfigKeys (ConfUtils.java:logGet(46)) - raft.server.snapshot.trigger-when-remove.enabled = true (default)
2025-05-13 08:07:14,914 [f943e957-6378-4e79-915f-78430d928332-impl-thread1] INFO  server.RaftServerConfigKeys (ConfUtils.java:logGet(46)) - raft.server.snapshot.auto.trigger.enabled = true (custom)
2025-05-13 08:07:14,914 [f943e957-6378-4e79-915f-78430d928332-impl-thread1] INFO  server.RaftServerConfigKeys (ConfUtils.java:logGet(46)) - raft.server.snapshot.auto.trigger.threshold = 1000 (custom)
2025-05-13 08:07:14,914 [f943e957-6378-4e79-915f-78430d928332-impl-thread1] INFO  server.RaftServerConfigKeys (ConfUtils.java:logGet(46)) - raft.server.snapshot.retention.file.num = -1 (default)
2025-05-13 08:07:14,918 [f943e957-6378-4e79-915f-78430d928332-impl-thread1] INFO  server.RaftServerConfigKeys (ConfUtils.java:logGet(46)) - raft.server.log.purge.upto.snapshot.index = false (default)
2025-05-13 08:07:14,924 [f943e957-6378-4e79-915f-78430d928332-impl-thread1] INFO  server.RaftServer$Division (RaftServerImpl.java:start(405)) - f943e957-6378-4e79-915f-78430d928332@group-9C62D5A0E831: Successfully started.
2025-05-13 08:07:14,926 [main] INFO  server.RaftServer (RaftServerProxy.java:startImpl(407)) - f943e957-6378-4e79-915f-78430d928332: start RPC server
2025-05-13 08:07:14,971 [main] INFO  server.GrpcService (GrpcService.java:startImpl(334)) - f943e957-6378-4e79-915f-78430d928332: GrpcService started, listening on 15004
2025-05-13 08:07:14,973 [JvmPauseMonitor0] INFO  util.JvmPauseMonitor (JvmPauseMonitor.java:run(146)) - JvmPauseMonitor-f943e957-6378-4e79-915f-78430d928332: Started
2025-05-13 08:07:15,984 [f943e957-6378-4e79-915f-78430d928332@group-9C62D5A0E831-FollowerState] INFO  impl.FollowerState (FollowerState.java:runImpl(161)) - f943e957-6378-4e79-915f-78430d928332@group-9C62D5A0E831-FollowerState: change to CANDIDATE, lastRpcElapsedTime:1085507814ns, electionTimeout:1076ms
2025-05-13 08:07:15,985 [f943e957-6378-4e79-915f-78430d928332@group-9C62D5A0E831-FollowerState] INFO  impl.RoleInfo (RoleInfo.java:shutdownFollowerState(121)) - f943e957-6378-4e79-915f-78430d928332: shutdown f943e957-6378-4e79-915f-78430d928332@group-9C62D5A0E831-FollowerState
2025-05-13 08:07:15,985 [f943e957-6378-4e79-915f-78430d928332@group-9C62D5A0E831-FollowerState] INFO  server.RaftServer$Division (RaftServerImpl.java:setRole(378)) - f943e957-6378-4e79-915f-78430d928332@group-9C62D5A0E831: changes role from  FOLLOWER to CANDIDATE at term 0 for changeToCandidate
2025-05-13 08:07:15,987 [f943e957-6378-4e79-915f-78430d928332@group-9C62D5A0E831-FollowerState] INFO  server.RaftServerConfigKeys (ConfUtils.java:logGet(46)) - raft.server.leaderelection.pre-vote = true (default)
2025-05-13 08:07:15,987 [f943e957-6378-4e79-915f-78430d928332@group-9C62D5A0E831-FollowerState] INFO  impl.RoleInfo (RoleInfo.java:updateAndGet(148)) - f943e957-6378-4e79-915f-78430d928332: start f943e957-6378-4e79-915f-78430d928332@group-9C62D5A0E831-LeaderElection1
2025-05-13 08:07:15,990 [f943e957-6378-4e79-915f-78430d928332@group-9C62D5A0E831-LeaderElection1] INFO  impl.LeaderElection (LeaderElection.java:askForVotes(332)) - f943e957-6378-4e79-915f-78430d928332@group-9C62D5A0E831-LeaderElection1 PRE_VOTE round 0: submit vote requests at term 0 for conf: {index: -1, cur=peers:[f943e957-6378-4e79-915f-78430d928332|pkrvmberfyhpb9w:15004]|listeners:[], old=null}
2025-05-13 08:07:15,991 [f943e957-6378-4e79-915f-78430d928332@group-9C62D5A0E831-LeaderElection1] INFO  impl.LeaderElection (LeaderElection.java:askForVotes(334)) - f943e957-6378-4e79-915f-78430d928332@group-9C62D5A0E831-LeaderElection1 PRE_VOTE round 0: result PASSED (term=0)
2025-05-13 08:07:15,993 [f943e957-6378-4e79-915f-78430d928332@group-9C62D5A0E831-LeaderElection1] INFO  impl.LeaderElection (LeaderElection.java:askForVotes(332)) - f943e957-6378-4e79-915f-78430d928332@group-9C62D5A0E831-LeaderElection1 ELECTION round 0: submit vote requests at term 1 for conf: {index: -1, cur=peers:[f943e957-6378-4e79-915f-78430d928332|pkrvmberfyhpb9w:15004]|listeners:[], old=null}
2025-05-13 08:07:15,993 [f943e957-6378-4e79-915f-78430d928332@group-9C62D5A0E831-LeaderElection1] INFO  impl.LeaderElection (LeaderElection.java:askForVotes(334)) - f943e957-6378-4e79-915f-78430d928332@group-9C62D5A0E831-LeaderElection1 ELECTION round 0: result PASSED (term=1)
2025-05-13 08:07:15,993 [f943e957-6378-4e79-915f-78430d928332@group-9C62D5A0E831-LeaderElection1] INFO  impl.RoleInfo (RoleInfo.java:shutdownLeaderElection(141)) - f943e957-6378-4e79-915f-78430d928332: shutdown f943e957-6378-4e79-915f-78430d928332@group-9C62D5A0E831-LeaderElection1
2025-05-13 08:07:15,994 [f943e957-6378-4e79-915f-78430d928332@group-9C62D5A0E831-LeaderElection1] INFO  server.RaftServer$Division (RaftServerImpl.java:setRole(378)) - f943e957-6378-4e79-915f-78430d928332@group-9C62D5A0E831: changes role from CANDIDATE to LEADER at term 1 for changeToLeader
2025-05-13 08:07:15,998 [f943e957-6378-4e79-915f-78430d928332@group-9C62D5A0E831-LeaderElection1] INFO  server.RaftServerConfigKeys (ConfUtils.java:logGet(46)) - raft.server.staging.catchup.gap = 1000 (default)
2025-05-13 08:07:16,000 [f943e957-6378-4e79-915f-78430d928332@group-9C62D5A0E831-LeaderElection1] INFO  server.RaftServerConfigKeys (ConfUtils.java:logGet(46)) - raft.server.write.element-limit = 4096 (default)
2025-05-13 08:07:16,001 [f943e957-6378-4e79-915f-78430d928332@group-9C62D5A0E831-LeaderElection1] INFO  server.RaftServerConfigKeys (ConfUtils.java:logGet(46)) - raft.server.write.byte-limit = 64MB (=67108864) (default)
2025-05-13 08:07:16,004 [f943e957-6378-4e79-915f-78430d928332@group-9C62D5A0E831-LeaderElection1] INFO  server.RaftServerConfigKeys (ConfUtils.java:logGet(46)) - raft.server.watch.timeout = 10s (default)
2025-05-13 08:07:16,004 [f943e957-6378-4e79-915f-78430d928332@group-9C62D5A0E831-LeaderElection1] INFO  server.RaftServerConfigKeys (ConfUtils.java:logGet(46)) - raft.server.watch.timeout.denomination = 1s (default)
2025-05-13 08:07:16,005 [f943e957-6378-4e79-915f-78430d928332@group-9C62D5A0E831-LeaderElection1] INFO  server.RaftServerConfigKeys (ConfUtils.java:logGet(46)) - raft.server.watch.element-limit = 65536 (default)
2025-05-13 08:07:16,011 [f943e957-6378-4e79-915f-78430d928332@group-9C62D5A0E831-LeaderElection1] INFO  server.RaftServerConfigKeys (ConfUtils.java:logGet(46)) - raft.server.read.leader.lease.enabled = false (default)
2025-05-13 08:07:16,012 [f943e957-6378-4e79-915f-78430d928332@group-9C62D5A0E831-LeaderElection1] INFO  server.RaftServerConfigKeys (ConfUtils.java:logGet(46)) - raft.server.read.leader.lease.timeout.ratio = 0.9 (default)
2025-05-13 08:07:16,013 [f943e957-6378-4e79-915f-78430d928332@group-9C62D5A0E831-LeaderElection1] INFO  server.RaftServerConfigKeys (ConfUtils.java:logGet(46)) - raft.server.rpc.timeout.min = 5000ms (custom)
2025-05-13 08:07:16,013 [f943e957-6378-4e79-915f-78430d928332@group-9C62D5A0E831-LeaderElection1] INFO  server.RaftServerConfigKeys (ConfUtils.java:logGet(46)) - raft.server.log.log-metadata.enabled = true (default)
2025-05-13 08:07:16,013 [f943e957-6378-4e79-915f-78430d928332@group-9C62D5A0E831-LeaderElection1] INFO  server.RaftServerConfigKeys (ConfUtils.java:logGet(46)) - raft.server.write.element-limit = 4096 (default)
2025-05-13 08:07:16,014 [f943e957-6378-4e79-915f-78430d928332@group-9C62D5A0E831-LeaderElection1] INFO  server.RaftServerConfigKeys (ConfUtils.java:logGet(46)) - raft.server.write.follower.gap.ratio.max = -1.0 (default)
2025-05-13 08:07:16,015 [f943e957-6378-4e79-915f-78430d928332@group-9C62D5A0E831-LeaderElection1] INFO  impl.RoleInfo (RoleInfo.java:updateAndGet(148)) - f943e957-6378-4e79-915f-78430d928332: start f943e957-6378-4e79-915f-78430d928332@group-9C62D5A0E831-LeaderStateImpl
2025-05-13 08:07:16,016 [f943e957-6378-4e79-915f-78430d928332@group-9C62D5A0E831-LeaderElection1] INFO  server.RaftServer$Division (RaftServerImpl.java:setFirstElection(562)) - f943e957-6378-4e79-915f-78430d928332@group-9C62D5A0E831: set firstElectionSinceStartup to false for becomeLeader
2025-05-13 08:07:16,016 [f943e957-6378-4e79-915f-78430d928332@group-9C62D5A0E831-LeaderElection1] INFO  server.RaftServer$Division (ServerState.java:setLeader(272)) - f943e957-6378-4e79-915f-78430d928332@group-9C62D5A0E831: change Leader from null to f943e957-6378-4e79-915f-78430d928332 at term 1 for becomeLeader, leader elected after 1538ms
2025-05-13 08:07:16,034 [f943e957-6378-4e79-915f-78430d928332@group-9C62D5A0E831-LeaderElection1] INFO  segmented.SegmentedRaftLogWorker (SegmentedRaftLogWorker.java:startLogSegment(438)) - f943e957-6378-4e79-915f-78430d928332@group-9C62D5A0E831-SegmentedRaftLogWorker: Starting segment from index:0
2025-05-13 08:07:16,054 [f943e957-6378-4e79-915f-78430d928332@group-9C62D5A0E831-LeaderElection1] INFO  server.RaftServer$Division (ServerState.java:setRaftConf(386)) - f943e957-6378-4e79-915f-78430d928332@group-9C62D5A0E831: set configuration conf: {index: 0, cur=peers:[f943e957-6378-4e79-915f-78430d928332|pkrvmberfyhpb9w:15004]|listeners:[], old=null}
2025-05-13 08:07:16,066 [f943e957-6378-4e79-915f-78430d928332@group-9C62D5A0E831-SegmentedRaftLogWorker] INFO  segmented.BufferedWriteChannel (BufferedWriteChannel.java:open(61)) - open log_inprogress_0 at position 0
2025-05-13 08:07:16,075 [f943e957-6378-4e79-915f-78430d928332@group-9C62D5A0E831-SegmentedRaftLogWorker] INFO  segmented.SegmentedRaftLogWorker (SegmentedRaftLogWorker.java:execute(644)) - f943e957-6378-4e79-915f-78430d928332@group-9C62D5A0E831-SegmentedRaftLogWorker: created new log segment /home/runner/work/ozone/ozone/hadoop-ozone/integration-test-s3/target/test-dir/MiniOzoneClusterImpl-95f4eac0-24f3-44c7-8c9c-9c62d5a0e831/ozone-meta/scm-ha/95f4eac0-24f3-44c7-8c9c-9c62d5a0e831/current/log_inprogress_0
2025-05-13 08:07:16,089 [f943e957-6378-4e79-915f-78430d928332@group-9C62D5A0E831-StateMachineUpdater] INFO  server.RaftServer$Division (LeaderStateImpl.java:checkStartIndex(313)) - Leader f943e957-6378-4e79-915f-78430d928332@group-9C62D5A0E831-LeaderStateImpl is ready since appliedIndex == startIndex == 0
2025-05-13 08:07:16,973 [main] INFO  server.RaftServer (RaftServerProxy.java:lambda$close$9(417)) - f943e957-6378-4e79-915f-78430d928332: close
2025-05-13 08:07:16,974 [f943e957-6378-4e79-915f-78430d928332-impl-thread1] INFO  server.RaftServer$Division (RaftServerImpl.java:lambda$close$1(513)) - f943e957-6378-4e79-915f-78430d928332@group-9C62D5A0E831: shutdown
2025-05-13 08:07:16,975 [f943e957-6378-4e79-915f-78430d928332-impl-thread1] INFO  util.JmxRegister (JmxRegister.java:unregister(74)) - Successfully un-registered JMX Bean with object name Ratis:service=RaftServer,group=group-9C62D5A0E831,id=f943e957-6378-4e79-915f-78430d928332
2025-05-13 08:07:16,975 [f943e957-6378-4e79-915f-78430d928332-impl-thread1] INFO  impl.RoleInfo (RoleInfo.java:shutdownLeaderState(103)) - f943e957-6378-4e79-915f-78430d928332: shutdown f943e957-6378-4e79-915f-78430d928332@group-9C62D5A0E831-LeaderStateImpl
2025-05-13 08:07:16,976 [main] INFO  server.GrpcService (GrpcService.java:closeImpl(343)) - f943e957-6378-4e79-915f-78430d928332: shutdown server GrpcServerProtocolService now
2025-05-13 08:07:16,980 [f943e957-6378-4e79-915f-78430d928332-impl-thread1] INFO  impl.PendingRequests (PendingRequests.java:sendNotLeaderResponses(287)) - f943e957-6378-4e79-915f-78430d928332@group-9C62D5A0E831-PendingRequests: sendNotLeaderResponses
2025-05-13 08:07:16,984 [main] INFO  server.GrpcService (GrpcService.java:closeImpl(352)) - f943e957-6378-4e79-915f-78430d928332: shutdown server GrpcServerProtocolService successfully
2025-05-13 08:07:16,987 [f943e957-6378-4e79-915f-78430d928332@group-9C62D5A0E831-StateMachineUpdater] INFO  impl.StateMachineUpdater (StateMachineUpdater.java:takeSnapshot(303)) - f943e957-6378-4e79-915f-78430d928332@group-9C62D5A0E831-StateMachineUpdater: Took a snapshot at index 0
2025-05-13 08:07:16,988 [f943e957-6378-4e79-915f-78430d928332@group-9C62D5A0E831-StateMachineUpdater] INFO  impl.StateMachineUpdater (StateMachineUpdater.java:lambda$new$0(102)) - f943e957-6378-4e79-915f-78430d928332@group-9C62D5A0E831-StateMachineUpdater: snapshotIndex: updateIncreasingly -1 -> 0
2025-05-13 08:07:16,989 [f943e957-6378-4e79-915f-78430d928332-impl-thread1] INFO  impl.StateMachineUpdater (StateMachineUpdater.java:stopAndJoin(164)) - f943e957-6378-4e79-915f-78430d928332@group-9C62D5A0E831-StateMachineUpdater: set stopIndex = 0
2025-05-13 08:07:16,991 [f943e957-6378-4e79-915f-78430d928332@group-9C62D5A0E831-StateMachineUpdater] INFO  impl.StateMachineUpdater (StateMachineUpdater.java:stop(141)) - f943e957-6378-4e79-915f-78430d928332@group-9C62D5A0E831-StateMachineUpdater: closing SCMStateMachine, lastApplied=(t:1, i:0)
2025-05-13 08:07:16,991 [f943e957-6378-4e79-915f-78430d928332@group-9C62D5A0E831-cacheEviction-AwaitToRun] INFO  util.AwaitToRun (AwaitToRun.java:run(49)) - f943e957-6378-4e79-915f-78430d928332@group-9C62D5A0E831-cacheEviction-AwaitToRun-AwaitForSignal is interrupted
2025-05-13 08:07:17,085 [f943e957-6378-4e79-915f-78430d928332-impl-thread1] INFO  segmented.SegmentedRaftLogWorker (SegmentedRaftLogWorker.java:close(252)) - f943e957-6378-4e79-915f-78430d928332@group-9C62D5A0E831-SegmentedRaftLogWorker close()
2025-05-13 08:07:17,092 [JvmPauseMonitor0] INFO  util.JvmPauseMonitor (JvmPauseMonitor.java:run(152)) - JvmPauseMonitor-f943e957-6378-4e79-915f-78430d928332: Stopped
2025-05-13 08:07:17,126 [main] WARN  server.ServerUtils (ServerUtils.java:getScmDbDir(138)) - ozone.scm.db.dirs is not configured. We recommend adding this setting. Falling back to ozone.metadata.dirs instead.
2025-05-13 08:07:17,128 [main] INFO  ha.SCMHANodeDetails (SCMHANodeDetails.java:loadSCMHAConfig(162)) - ServiceID for StorageContainerManager is null
2025-05-13 08:07:17,129 [main] INFO  ha.SCMHANodeDetails (SCMHANodeDetails.java:loadSCMHAConfig(166)) - ozone.scm.default.service.id is not defined, falling back to ozone.scm.service.ids to find serviceID for StorageContainerManager if it is HA enabled cluster
2025-05-13 08:07:17,798 [main] WARN  utils.HAUtils (HAUtils.java:getMetaDir(311)) - ozone.scm.db.dirs is not configured. We recommend adding this setting. Falling back to ozone.metadata.dirs instead.
2025-05-13 08:07:17,922 [main] WARN  db.DBStoreBuilder (DBStoreBuilder.java:getDBDirPath(160)) - ozone.scm.db.dirs is not configured. We recommend adding this setting. Falling back to ozone.metadata.dirs instead.
2025-05-13 08:07:18,134 [main] INFO  net.NodeSchemaLoader (NodeSchemaLoader.java:loadSchemaFromFile(128)) - Loading schema from [jar:file:/home/runner/work/ozone/ozone/hadoop-hdds/common/target/hdds-common-2.1.0-SNAPSHOT.jar!/network-topology-default.xml]
2025-05-13 08:07:18,137 [main] INFO  net.NodeSchemaLoader (NodeSchemaLoader.java:loadSchema(175)) - Loading network topology layer schema file
2025-05-13 08:07:18,337 [main] INFO  ha.SCMRatisServerImpl (SCMRatisServerImpl.java:<init>(100)) - starting Raft server for scm:f943e957-6378-4e79-915f-78430d928332
2025-05-13 08:07:18,348 [main] INFO  server.RaftServerConfigKeys (ConfUtils.java:logGet(46)) - raft.server.log.appender.buffer.byte-limit = 4194304 (custom)
2025-05-13 08:07:18,351 [main] INFO  server.RaftServer (ConfUtils.java:logGet(46)) - raft.rpc.type = GRPC (default)
2025-05-13 08:07:18,354 [main] INFO  grpc.GrpcConfigKeys (ConfUtils.java:logFallback(53)) - raft.grpc.admin.host = null (fallback to raft.grpc.server.host)
2025-05-13 08:07:18,354 [main] INFO  grpc.GrpcConfigKeys (ConfUtils.java:logFallback(53)) - raft.grpc.admin.port = 15004 (fallback to raft.grpc.server.port)
2025-05-13 08:07:18,354 [main] INFO  grpc.GrpcConfigKeys (ConfUtils.java:logFallback(53)) - raft.grpc.client.host = null (fallback to raft.grpc.server.host)
2025-05-13 08:07:18,355 [main] INFO  grpc.GrpcConfigKeys (ConfUtils.java:logFallback(53)) - raft.grpc.client.port = 15004 (fallback to raft.grpc.server.port)
2025-05-13 08:07:18,355 [main] INFO  grpc.GrpcConfigKeys (ConfUtils.java:logGet(46)) - raft.grpc.server.host = null (default)
2025-05-13 08:07:18,355 [main] INFO  grpc.GrpcConfigKeys (ConfUtils.java:logGet(46)) - raft.grpc.server.port = 15004 (custom)
2025-05-13 08:07:18,355 [main] INFO  server.GrpcService (ConfUtils.java:logGet(46)) - raft.grpc.message.size.max = 5242880 (custom)
2025-05-13 08:07:18,355 [main] INFO  server.GrpcService (ConfUtils.java:logGet(46)) - raft.grpc.flow.control.window = 1MB (=1048576) (default)
2025-05-13 08:07:18,355 [main] INFO  server.RaftServerConfigKeys (ConfUtils.java:logGet(46)) - raft.server.rpc.request.timeout = 30000ms (custom)
2025-05-13 08:07:18,356 [main] INFO  grpc.GrpcConfigKeys (ConfUtils.java:logGet(46)) - raft.grpc.server.heartbeat.channel = true (default)
2025-05-13 08:07:18,356 [main] INFO  server.RaftServerConfigKeys (ConfUtils.java:logGet(46)) - raft.server.log.appender.buffer.byte-limit = 4194304 (custom)
2025-05-13 08:07:18,362 [main] INFO  grpc.GrpcConfigKeys (ConfUtils.java:logGet(46)) - raft.grpc.server.async.request.thread.pool.cached = true (default)
2025-05-13 08:07:18,362 [main] INFO  grpc.GrpcConfigKeys (ConfUtils.java:logGet(46)) - raft.grpc.server.async.request.thread.pool.size = 32 (default)
2025-05-13 08:07:18,365 [main] INFO  impl.DataStreamServerImpl (ConfUtils.java:logGet(46)) - raft.datastream.type = DISABLED (default)
2025-05-13 08:07:18,366 [main] INFO  server.RaftServerConfigKeys (ConfUtils.java:logGet(46)) - raft.server.sleep.deviation.threshold = 300ms (default)
2025-05-13 08:07:18,366 [main] INFO  server.RaftServerConfigKeys (ConfUtils.java:logGet(46)) - raft.server.close.threshold = 60s (default)
2025-05-13 08:07:18,366 [main] INFO  server.RaftServerConfigKeys (ConfUtils.java:logGet(46)) - raft.server.leaderelection.leader.step-down.wait-time = 10s (default)
2025-05-13 08:07:18,366 [main] INFO  server.RaftServerConfigKeys (ConfUtils.java:logGet(46)) - raft.server.storage.dir = [/home/runner/work/ozone/ozone/hadoop-ozone/integration-test-s3/target/test-dir/MiniOzoneClusterImpl-95f4eac0-24f3-44c7-8c9c-9c62d5a0e831/ozone-meta/scm-ha] (custom)
2025-05-13 08:07:18,368 [main] INFO  server.RaftServerConfigKeys (ConfUtils.java:logGet(46)) - raft.server.threadpool.proxy.cached = true (default)
2025-05-13 08:07:18,368 [main] INFO  server.RaftServerConfigKeys (ConfUtils.java:logGet(46)) - raft.server.threadpool.proxy.size = 0 (default)
2025-05-13 08:07:18,370 [f943e957-6378-4e79-915f-78430d928332-impl-thread1] INFO  server.RaftServer (RaftServerProxy.java:initGroupDir(265)) - f943e957-6378-4e79-915f-78430d928332: found a subdirectory /home/runner/work/ozone/ozone/hadoop-ozone/integration-test-s3/target/test-dir/MiniOzoneClusterImpl-95f4eac0-24f3-44c7-8c9c-9c62d5a0e831/ozone-meta/scm-ha/95f4eac0-24f3-44c7-8c9c-9c62d5a0e831
2025-05-13 08:07:18,370 [main] INFO  server.RaftServer (RaftServerProxy.java:addNew(100)) - f943e957-6378-4e79-915f-78430d928332: addNew group-9C62D5A0E831:[] returns group-9C62D5A0E831:java.util.concurrent.CompletableFuture@1b46392c[Not completed]
2025-05-13 08:07:18,374 [f943e957-6378-4e79-915f-78430d928332-groupManagement] INFO  server.RaftServer$Division (RaftServerImpl.java:<init>(255)) - f943e957-6378-4e79-915f-78430d928332: new RaftServerImpl for group-9C62D5A0E831:[] with SCMStateMachine:uninitialized
2025-05-13 08:07:18,374 [f943e957-6378-4e79-915f-78430d928332-groupManagement] INFO  server.RaftServerConfigKeys (ConfUtils.java:logGet(46)) - raft.server.rpc.timeout.min = 5000ms (custom)
2025-05-13 08:07:18,375 [f943e957-6378-4e79-915f-78430d928332-groupManagement] INFO  server.RaftServerConfigKeys (ConfUtils.java:logGet(46)) - raft.server.rpc.timeout.max = 5200ms (custom)
2025-05-13 08:07:18,375 [f943e957-6378-4e79-915f-78430d928332-groupManagement] INFO  server.RaftServerConfigKeys (ConfUtils.java:logGet(46)) - raft.server.rpc.sleep.time = 25ms (default)
2025-05-13 08:07:18,375 [f943e957-6378-4e79-915f-78430d928332-groupManagement] INFO  server.RaftServerConfigKeys (ConfUtils.java:logGet(46)) - raft.server.rpc.slowness.timeout = 120000ms (custom)
2025-05-13 08:07:18,375 [f943e957-6378-4e79-915f-78430d928332-groupManagement] INFO  server.RaftServerConfigKeys (ConfUtils.java:logGet(46)) - raft.server.leaderelection.leader.step-down.wait-time = 10s (default)
2025-05-13 08:07:18,375 [f943e957-6378-4e79-915f-78430d928332-groupManagement] INFO  server.RaftServerConfigKeys (ConfUtils.java:logGet(46)) - raft.server.leaderelection.member.majority-add = false (default)
2025-05-13 08:07:18,375 [f943e957-6378-4e79-915f-78430d928332-groupManagement] INFO  server.RaftServerConfigKeys (ConfUtils.java:logGet(46)) - raft.server.sleep.deviation.threshold = 300ms (default)
2025-05-13 08:07:18,375 [f943e957-6378-4e79-915f-78430d928332-groupManagement] INFO  server.RaftServer$Division (ServerState.java:<init>(114)) - f943e957-6378-4e79-915f-78430d928332@group-9C62D5A0E831: ConfigurationManager, init=conf: {index: -1, cur=peers:[]|listeners:[], old=null}, confs=<EMPTY_MAP>
2025-05-13 08:07:18,376 [f943e957-6378-4e79-915f-78430d928332-groupManagement] INFO  server.RaftServerConfigKeys (ConfUtils.java:logGet(46)) - raft.server.notification.no-leader.timeout = 60s (default)
2025-05-13 08:07:18,376 [f943e957-6378-4e79-915f-78430d928332-groupManagement] INFO  server.RaftServerConfigKeys (ConfUtils.java:logGet(46)) - raft.server.read.timeout = 10s (default)
2025-05-13 08:07:18,376 [f943e957-6378-4e79-915f-78430d928332-groupManagement] INFO  server.RaftServerConfigKeys (ConfUtils.java:logGet(46)) - raft.server.retrycache.expirytime = 60000ms (default)
2025-05-13 08:07:18,376 [f943e957-6378-4e79-915f-78430d928332-groupManagement] INFO  server.RaftServerConfigKeys (ConfUtils.java:logGet(46)) - raft.server.retrycache.statistics.expirytime = 100ms (default)
2025-05-13 08:07:18,376 [f943e957-6378-4e79-915f-78430d928332-groupManagement] INFO  server.RaftServerConfigKeys (ConfUtils.java:logGet(46)) - raft.server.read.option = DEFAULT (default)
2025-05-13 08:07:18,376 [f943e957-6378-4e79-915f-78430d928332-groupManagement] INFO  server.RaftServerConfigKeys (ConfUtils.java:logGet(46)) - raft.server.read.read-after-write-consistent.write-index-cache.expiry-time = 60s (default)
2025-05-13 08:07:18,387 [f943e957-6378-4e79-915f-78430d928332-groupManagement] INFO  server.RaftServerConfigKeys (ConfUtils.java:logGet(46)) - raft.server.rpc.request.timeout = 30000ms (custom)
2025-05-13 08:07:18,389 [f943e957-6378-4e79-915f-78430d928332-groupManagement] INFO  server.RaftServerConfigKeys (ConfUtils.java:logGet(46)) - raft.server.log.appender.install.snapshot.enabled = false (custom)
2025-05-13 08:07:18,390 [f943e957-6378-4e79-915f-78430d928332-groupManagement] INFO  server.RaftServerConfigKeys (ConfUtils.java:logGet(46)) - raft.server.threadpool.server.cached = true (default)
2025-05-13 08:07:18,391 [f943e957-6378-4e79-915f-78430d928332-groupManagement] INFO  server.RaftServerConfigKeys (ConfUtils.java:logGet(46)) - raft.server.threadpool.server.size = 0 (default)
2025-05-13 08:07:18,391 [f943e957-6378-4e79-915f-78430d928332-groupManagement] INFO  server.RaftServerConfigKeys (ConfUtils.java:logGet(46)) - raft.server.threadpool.client.cached = true (default)
2025-05-13 08:07:18,392 [f943e957-6378-4e79-915f-78430d928332-groupManagement] INFO  server.RaftServerConfigKeys (ConfUtils.java:logGet(46)) - raft.server.threadpool.client.size = 0 (default)
2025-05-13 08:07:18,394 [main] INFO  ha.SCMSnapshotProvider (SCMSnapshotProvider.java:<init>(61)) - Initializing SCM Snapshot Provider
2025-05-13 08:07:18,394 [main] WARN  server.ServerUtils (ServerUtils.java:getDefaultRatisDirectory(304)) - Storage directory for Ratis is not configured. It is a good idea to map this to an SSD disk. Falling back to ozone.metadata.dirs
2025-05-13 08:07:18,394 [main] WARN  ha.SCMHAUtils (SCMHAUtils.java:getSCMRatisSnapshotDirectory(120)) - SCM snapshot dir is not configured. Falling back to ozone.metadata.dirs config
2025-05-13 08:07:18,442 [main] INFO  upgrade.AbstractLayoutVersionManager (AbstractLayoutVersionManager.java:init(80)) - Initializing Layout version manager with metadata layout = HBASE_SUPPORT (version = 8), software layout = HBASE_SUPPORT (version = 8)
2025-05-13 08:07:18,476 [main] INFO  ha.SequenceIdGenerator (SequenceIdGenerator.java:upgradeToSequenceId(355)) - upgrade localId to 115816896921600000
2025-05-13 08:07:18,477 [main] INFO  ha.SequenceIdGenerator (SequenceIdGenerator.java:upgradeToSequenceId(365)) - upgrade delTxnId to 0
2025-05-13 08:07:18,484 [main] INFO  ha.SequenceIdGenerator (SequenceIdGenerator.java:upgradeToSequenceId(382)) - upgrade containerId to 0
2025-05-13 08:07:18,489 [main] INFO  ha.SequenceIdGenerator (SequenceIdGenerator.java:upgradeToCertificateSequenceId(419)) - upgrade CertificateId to 2
2025-05-13 08:07:18,493 [main] INFO  ha.SequenceIdGenerator (SequenceIdGenerator.java:<init>(232)) - Init the HA SequenceIdGenerator.
2025-05-13 08:07:18,549 [main] WARN  server.ServerUtils (ServerUtils.java:sanitizeUserArgs(76)) - ozone.scm.stale.node.interval value = 300000 is larger than max = 100000 based on the key value of ozone.scm.heartbeat.thread.interval, reset to the max value 100000.
2025-05-13 08:07:18,551 [main] WARN  server.ServerUtils (ServerUtils.java:sanitizeUserArgs(76)) - ozone.scm.stale.node.interval value = 300000 is larger than max = 100000 based on the key value of ozone.scm.heartbeat.thread.interval, reset to the max value 100000.
2025-05-13 08:07:18,555 [main] INFO  node.SCMNodeManager (SCMNodeManager.java:<init>(182)) - Entering startup safe mode.
2025-05-13 08:07:18,573 [main] INFO  algorithms.ContainerPlacementPolicyFactory (ContainerPlacementPolicyFactory.java:getPolicyInternal(84)) - Create container placement policy of type org.apache.hadoop.hdds.scm.container.placement.algorithms.SCMContainerPlacementRackAware
2025-05-13 08:07:18,584 [main] INFO  algorithms.ContainerPlacementPolicyFactory (ContainerPlacementPolicyFactory.java:getPolicyInternal(84)) - Create container placement policy of type org.apache.hadoop.hdds.scm.container.placement.algorithms.SCMContainerPlacementRackScatter
2025-05-13 08:07:18,603 [main] INFO  pipeline.PipelineStateManagerImpl (PipelineStateManagerImpl.java:initialize(75)) - No pipeline exists in current db
2025-05-13 08:07:18,617 [main] INFO  algorithms.LeaderChoosePolicyFactory (LeaderChoosePolicyFactory.java:getPolicy(55)) - Create leader choose policy of type org.apache.hadoop.hdds.scm.pipeline.leader.choose.algorithms.MinLeaderCountChoosePolicy
2025-05-13 08:07:18,618 [main] INFO  algorithms.ContainerPlacementPolicyFactory (ContainerPlacementPolicyFactory.java:getPolicyInternal(84)) - Create container placement policy of type org.apache.hadoop.hdds.scm.container.placement.algorithms.SCMContainerPlacementRackScatter
2025-05-13 08:07:18,628 [main] INFO  ha.SCMServiceManager (SCMServiceManager.java:register(42)) - Registering service BackgroundPipelineCreator.
2025-05-13 08:07:18,628 [main] INFO  pipeline.BackgroundPipelineCreator (BackgroundPipelineCreator.java:start(126)) - Starting RatisPipelineUtilsThread.
2025-05-13 08:07:18,632 [main] INFO  BackgroundPipelineScrubber (BackgroundSCMService.java:start(64)) - Starting BackgroundPipelineScrubber Service.
2025-05-13 08:07:18,633 [main] INFO  ha.SCMServiceManager (SCMServiceManager.java:register(42)) - Registering service BackgroundPipelineScrubber.
2025-05-13 08:07:18,639 [main] INFO  ExpiredContainerReplicaOpScrubber (BackgroundSCMService.java:start(64)) - Starting ExpiredContainerReplicaOpScrubber Service.
2025-05-13 08:07:18,643 [main] INFO  ha.SCMServiceManager (SCMServiceManager.java:register(42)) - Registering service ExpiredContainerReplicaOpScrubber.
2025-05-13 08:07:18,684 [main] INFO  algorithms.PipelineChoosePolicyFactory (PipelineChoosePolicyFactory.java:createPipelineChoosePolicyFromClass(78)) - Create pipeline choose policy of type org.apache.hadoop.hdds.scm.pipeline.choose.algorithms.RandomPipelineChoosePolicy
2025-05-13 08:07:18,685 [main] INFO  algorithms.PipelineChoosePolicyFactory (PipelineChoosePolicyFactory.java:createPipelineChoosePolicyFromClass(78)) - Create pipeline choose policy of type org.apache.hadoop.hdds.scm.pipeline.choose.algorithms.RandomPipelineChoosePolicy
2025-05-13 08:07:18,730 [main] INFO  ha.SCMServiceManager (SCMServiceManager.java:register(42)) - Registering service SCMBlockDeletingService.
2025-05-13 08:07:18,791 [main] INFO  replication.ReplicationManager (ReplicationManager.java:start(285)) - Starting Replication Monitor Thread.
2025-05-13 08:07:18,793 [main] INFO  ha.SCMServiceManager (SCMServiceManager.java:register(42)) - Registering service ReplicationManager.
2025-05-13 08:07:18,808 [main] INFO  safemode.RatisContainerSafeModeRule (RatisContainerSafeModeRule.java:initializeRule(160)) - Refreshed Containers with one replica threshold count 0.
2025-05-13 08:07:18,815 [main] INFO  safemode.ECContainerSafeModeRule (ECContainerSafeModeRule.java:initializeRule(205)) - Refreshed Containers with ec n replica threshold count 0.
2025-05-13 08:07:18,823 [main] INFO  safemode.HealthyPipelineSafeModeRule (HealthyPipelineSafeModeRule.java:initializeRule(177)) - Total pipeline count is 0, healthy pipeline threshold count is 1
2025-05-13 08:07:18,832 [main] INFO  safemode.OneReplicaPipelineSafeModeRule (OneReplicaPipelineSafeModeRule.java:initializeRule(190)) - Total pipeline count is 0, pipeline's with at least one datanode reported threshold count is 0
2025-05-13 08:07:18,901 [main] WARN  util.NativeCodeLoader (NativeCodeLoader.java:<clinit>(60)) - Unable to load native-hadoop library for your platform... using builtin-java classes where applicable
2025-05-13 08:07:18,918 [main] INFO  server.StorageContainerManager (StorageContainerManager.java:<init>(430)) - SCM start with adminUsers: [runner]
2025-05-13 08:07:19,346 [main] INFO  audit.AuditLogger (AuditLogger.java:refreshDebugCmdSet(133)) - Refresh DebugCmdSet for SCMAudit to [].
2025-05-13 08:07:19,388 [main] INFO  ipc.CallQueueManager (CallQueueManager.java:<init>(93)) - Using callQueue: class java.util.concurrent.LinkedBlockingQueue, queueCapacity: 10000, scheduler: class org.apache.hadoop.ipc.DefaultRpcScheduler, ipcBackoff: false, ipcFailOver: false.
2025-05-13 08:07:19,429 [main] INFO  ipc.Server (Server.java:<init>(1438)) - Listener at 0.0.0.0:15002
2025-05-13 08:07:19,431 [Socket Reader #1 for port 15002] INFO  ipc.Server (Server.java:run(1474)) - Starting Socket Reader #1 for port 15002
2025-05-13 08:07:19,433 [Socket Reader #2 for port 15002] INFO  ipc.Server (Server.java:run(1474)) - Starting Socket Reader #2 for port 15002
2025-05-13 08:07:19,434 [Socket Reader #3 for port 15002] INFO  ipc.Server (Server.java:run(1474)) - Starting Socket Reader #3 for port 15002
2025-05-13 08:07:19,434 [Socket Reader #4 for port 15002] INFO  ipc.Server (Server.java:run(1474)) - Starting Socket Reader #4 for port 15002
2025-05-13 08:07:19,436 [Socket Reader #5 for port 15002] INFO  ipc.Server (Server.java:run(1474)) - Starting Socket Reader #5 for port 15002
2025-05-13 08:07:19,437 [Socket Reader #6 for port 15002] INFO  ipc.Server (Server.java:run(1474)) - Starting Socket Reader #6 for port 15002
2025-05-13 08:07:19,438 [Socket Reader #8 for port 15002] INFO  ipc.Server (Server.java:run(1474)) - Starting Socket Reader #8 for port 15002
2025-05-13 08:07:19,438 [Socket Reader #7 for port 15002] INFO  ipc.Server (Server.java:run(1474)) - Starting Socket Reader #7 for port 15002
2025-05-13 08:07:19,438 [Socket Reader #9 for port 15002] INFO  ipc.Server (Server.java:run(1474)) - Starting Socket Reader #9 for port 15002
2025-05-13 08:07:19,439 [Socket Reader #10 for port 15002] INFO  ipc.Server (Server.java:run(1474)) - Starting Socket Reader #10 for port 15002
2025-05-13 08:07:19,502 [main] INFO  audit.AuditLogger (AuditLogger.java:refreshDebugCmdSet(133)) - Refresh DebugCmdSet for SCMAudit to [].
2025-05-13 08:07:19,514 [main] INFO  ipc.CallQueueManager (CallQueueManager.java:<init>(93)) - Using callQueue: class java.util.concurrent.LinkedBlockingQueue, queueCapacity: 10000, scheduler: class org.apache.hadoop.ipc.DefaultRpcScheduler, ipcBackoff: false, ipcFailOver: false.
2025-05-13 08:07:19,514 [main] INFO  ipc.Server (Server.java:<init>(1438)) - Listener at 0.0.0.0:15001
2025-05-13 08:07:19,519 [Socket Reader #1 for port 15001] INFO  ipc.Server (Server.java:run(1474)) - Starting Socket Reader #1 for port 15001
2025-05-13 08:07:19,522 [Socket Reader #2 for port 15001] INFO  ipc.Server (Server.java:run(1474)) - Starting Socket Reader #2 for port 15001
2025-05-13 08:07:19,523 [Socket Reader #3 for port 15001] INFO  ipc.Server (Server.java:run(1474)) - Starting Socket Reader #3 for port 15001
2025-05-13 08:07:19,523 [Socket Reader #4 for port 15001] INFO  ipc.Server (Server.java:run(1474)) - Starting Socket Reader #4 for port 15001
2025-05-13 08:07:19,524 [Socket Reader #7 for port 15001] INFO  ipc.Server (Server.java:run(1474)) - Starting Socket Reader #7 for port 15001
2025-05-13 08:07:19,525 [Socket Reader #8 for port 15001] INFO  ipc.Server (Server.java:run(1474)) - Starting Socket Reader #8 for port 15001
2025-05-13 08:07:19,524 [Socket Reader #6 for port 15001] INFO  ipc.Server (Server.java:run(1474)) - Starting Socket Reader #6 for port 15001
2025-05-13 08:07:19,525 [Socket Reader #5 for port 15001] INFO  ipc.Server (Server.java:run(1474)) - Starting Socket Reader #5 for port 15001
2025-05-13 08:07:19,528 [Socket Reader #9 for port 15001] INFO  ipc.Server (Server.java:run(1474)) - Starting Socket Reader #9 for port 15001
2025-05-13 08:07:19,531 [Socket Reader #10 for port 15001] INFO  ipc.Server (Server.java:run(1474)) - Starting Socket Reader #10 for port 15001
2025-05-13 08:07:19,592 [main] INFO  audit.AuditLogger (AuditLogger.java:refreshDebugCmdSet(133)) - Refresh DebugCmdSet for SCMAudit to [].
2025-05-13 08:07:19,615 [main] INFO  ipc.CallQueueManager (CallQueueManager.java:<init>(93)) - Using callQueue: class java.util.concurrent.LinkedBlockingQueue, queueCapacity: 10000, scheduler: class org.apache.hadoop.ipc.DefaultRpcScheduler, ipcBackoff: false, ipcFailOver: false.
2025-05-13 08:07:19,615 [main] INFO  ipc.Server (Server.java:<init>(1438)) - Listener at 0.0.0.0:15000
2025-05-13 08:07:19,618 [Socket Reader #1 for port 15000] INFO  ipc.Server (Server.java:run(1474)) - Starting Socket Reader #1 for port 15000
2025-05-13 08:07:19,619 [Socket Reader #2 for port 15000] INFO  ipc.Server (Server.java:run(1474)) - Starting Socket Reader #2 for port 15000
2025-05-13 08:07:19,621 [Socket Reader #3 for port 15000] INFO  ipc.Server (Server.java:run(1474)) - Starting Socket Reader #3 for port 15000
2025-05-13 08:07:19,621 [Socket Reader #4 for port 15000] INFO  ipc.Server (Server.java:run(1474)) - Starting Socket Reader #4 for port 15000
2025-05-13 08:07:19,624 [Socket Reader #5 for port 15000] INFO  ipc.Server (Server.java:run(1474)) - Starting Socket Reader #5 for port 15000
2025-05-13 08:07:19,625 [Socket Reader #6 for port 15000] INFO  ipc.Server (Server.java:run(1474)) - Starting Socket Reader #6 for port 15000
2025-05-13 08:07:19,627 [Socket Reader #7 for port 15000] INFO  ipc.Server (Server.java:run(1474)) - Starting Socket Reader #7 for port 15000
2025-05-13 08:07:19,631 [Socket Reader #8 for port 15000] INFO  ipc.Server (Server.java:run(1474)) - Starting Socket Reader #8 for port 15000
2025-05-13 08:07:19,631 [Socket Reader #9 for port 15000] INFO  ipc.Server (Server.java:run(1474)) - Starting Socket Reader #9 for port 15000
2025-05-13 08:07:19,633 [Socket Reader #10 for port 15000] INFO  ipc.Server (Server.java:run(1474)) - Starting Socket Reader #10 for port 15000
2025-05-13 08:07:19,755 [main] INFO  ha.SCMServiceManager (SCMServiceManager.java:register(42)) - Registering service ContainerBalancer.
2025-05-13 08:07:19,757 [main] INFO  ha.SCMContext (SCMContext.java:updateSafeModeStatus(224)) - Update SafeModeStatus from SafeModeStatus{safeModeStatus=true, preCheckPassed=false} to SafeModeStatus{safeModeStatus=true, preCheckPassed=false}.
2025-05-13 08:07:19,779 [main] INFO  server.StorageContainerManager (StorageContainerManager.java:start(1507)) - StorageContainerLocationProtocol RPC server is listening at /0.0.0.0:15000
2025-05-13 08:07:19,781 [main] INFO  ha.SCMRatisServerImpl (SCMRatisServerImpl.java:start(203)) - starting ratis server 0.0.0.0:15004
2025-05-13 08:07:19,784 [f943e957-6378-4e79-915f-78430d928332-impl-thread1] INFO  server.RaftServerConfigKeys (ConfUtils.java:logGet(46)) - raft.server.storage.free-space.min = 0MB (=0) (default)
2025-05-13 08:07:19,784 [f943e957-6378-4e79-915f-78430d928332-impl-thread1] INFO  server.RaftServerConfigKeys (ConfUtils.java:logGet(46)) - raft.server.log.corruption.policy = EXCEPTION (default)
2025-05-13 08:07:19,784 [f943e957-6378-4e79-915f-78430d928332-impl-thread1] INFO  server.RaftServerConfigKeys (ConfUtils.java:logGet(46)) - raft.server.storage.dir = [/home/runner/work/ozone/ozone/hadoop-ozone/integration-test-s3/target/test-dir/MiniOzoneClusterImpl-95f4eac0-24f3-44c7-8c9c-9c62d5a0e831/ozone-meta/scm-ha] (custom)
2025-05-13 08:07:19,788 [f943e957-6378-4e79-915f-78430d928332-impl-thread1] INFO  storage.RaftStorageDirectory (RaftStorageDirectoryImpl.java:tryLock(229)) - Lock on /home/runner/work/ozone/ozone/hadoop-ozone/integration-test-s3/target/test-dir/MiniOzoneClusterImpl-95f4eac0-24f3-44c7-8c9c-9c62d5a0e831/ozone-meta/scm-ha/95f4eac0-24f3-44c7-8c9c-9c62d5a0e831/in_use.lock acquired by nodename 70907@pkrvmberfyhpb9w
2025-05-13 08:07:19,790 [f943e957-6378-4e79-915f-78430d928332-impl-thread1] INFO  storage.RaftStorage (RaftStorageImpl.java:analyzeAndRecoverStorage(118)) - Read RaftStorageMetadata{term=1, votedFor=f943e957-6378-4e79-915f-78430d928332} from /home/runner/work/ozone/ozone/hadoop-ozone/integration-test-s3/target/test-dir/MiniOzoneClusterImpl-95f4eac0-24f3-44c7-8c9c-9c62d5a0e831/ozone-meta/scm-ha/95f4eac0-24f3-44c7-8c9c-9c62d5a0e831/current/raft-meta
2025-05-13 08:07:19,794 [f943e957-6378-4e79-915f-78430d928332-impl-thread1] INFO  server.RaftServer$Division (ServerState.java:setRaftConf(386)) - f943e957-6378-4e79-915f-78430d928332@group-9C62D5A0E831: set configuration conf: {index: 0, cur=peers:[f943e957-6378-4e79-915f-78430d928332|pkrvmberfyhpb9w:15004]|listeners:[], old=null}
2025-05-13 08:07:19,795 [f943e957-6378-4e79-915f-78430d928332-impl-thread1] INFO  ha.SCMStateMachine (SCMStateMachine.java:lambda$initialize$0(135)) - f943e957-6378-4e79-915f-78430d928332: initialize group-9C62D5A0E831
2025-05-13 08:07:19,795 [f943e957-6378-4e79-915f-78430d928332-impl-thread1] INFO  server.RaftServerConfigKeys (ConfUtils.java:logGet(46)) - raft.server.log.use.memory = false (default)
2025-05-13 08:07:19,795 [f943e957-6378-4e79-915f-78430d928332-impl-thread1] INFO  server.RaftServerConfigKeys (ConfUtils.java:logGet(46)) - raft.server.log.purge.gap = 1000000 (custom)
2025-05-13 08:07:19,795 [f943e957-6378-4e79-915f-78430d928332-impl-thread1] INFO  server.RaftServerConfigKeys (ConfUtils.java:logGet(46)) - raft.server.log.appender.buffer.byte-limit = 4194304 (custom)
2025-05-13 08:07:19,796 [f943e957-6378-4e79-915f-78430d928332-impl-thread1] INFO  server.RaftServerConfigKeys (ConfUtils.java:logGet(46)) - raft.server.log.statemachine.data.read.timeout = 1000ms (default)
2025-05-13 08:07:19,798 [f943e957-6378-4e79-915f-78430d928332-impl-thread1] INFO  server.RaftServerConfigKeys (ConfUtils.java:logGet(46)) - raft.server.log.purge.preservation.log.num = 0 (default)
2025-05-13 08:07:19,802 [f943e957-6378-4e79-915f-78430d928332-impl-thread1] INFO  server.RaftServerConfigKeys (ConfUtils.java:logGet(46)) - raft.server.log.segment.size.max = 4194304 (custom)
2025-05-13 08:07:19,802 [f943e957-6378-4e79-915f-78430d928332-impl-thread1] INFO  server.RaftServerConfigKeys (ConfUtils.java:logGet(46)) - raft.server.log.segment.cache.num.max = 2 (custom)
2025-05-13 08:07:19,804 [f943e957-6378-4e79-915f-78430d928332-impl-thread1] INFO  server.RaftServerConfigKeys (ConfUtils.java:logGet(46)) - raft.server.log.segment.cache.size.max = 200MB (=209715200) (default)
2025-05-13 08:07:19,804 [f943e957-6378-4e79-915f-78430d928332-impl-thread1] INFO  server.RaftServerConfigKeys (ConfUtils.java:logGet(46)) - raft.server.log.appender.buffer.byte-limit = 4194304 (custom)
2025-05-13 08:07:19,805 [f943e957-6378-4e79-915f-78430d928332-impl-thread1] INFO  util.AwaitToRun (AwaitToRun.java:start(81)) - Thread[#117,f943e957-6378-4e79-915f-78430d928332@group-9C62D5A0E831-cacheEviction-AwaitToRun,5,main] started
2025-05-13 08:07:19,805 [f943e957-6378-4e79-915f-78430d928332-impl-thread1] INFO  segmented.SegmentedRaftLogWorker (SegmentedRaftLogWorker.java:<init>(188)) - new f943e957-6378-4e79-915f-78430d928332@group-9C62D5A0E831-SegmentedRaftLogWorker for RaftStorageImpl:Storage Directory /home/runner/work/ozone/ozone/hadoop-ozone/integration-test-s3/target/test-dir/MiniOzoneClusterImpl-95f4eac0-24f3-44c7-8c9c-9c62d5a0e831/ozone-meta/scm-ha/95f4eac0-24f3-44c7-8c9c-9c62d5a0e831
2025-05-13 08:07:19,806 [f943e957-6378-4e79-915f-78430d928332-impl-thread1] INFO  server.RaftServerConfigKeys (ConfUtils.java:logGet(46)) - raft.server.log.queue.byte-limit = 64MB (=67108864) (default)
2025-05-13 08:07:19,807 [f943e957-6378-4e79-915f-78430d928332-impl-thread1] INFO  server.RaftServerConfigKeys (ConfUtils.java:logGet(46)) - raft.server.log.queue.element-limit = 4096 (default)
2025-05-13 08:07:19,807 [f943e957-6378-4e79-915f-78430d928332-impl-thread1] INFO  server.RaftServerConfigKeys (ConfUtils.java:logGet(46)) - raft.server.log.segment.size.max = 4194304 (custom)
2025-05-13 08:07:19,807 [f943e957-6378-4e79-915f-78430d928332-impl-thread1] INFO  server.RaftServerConfigKeys (ConfUtils.java:logGet(46)) - raft.server.log.preallocated.size = 4194304 (custom)
2025-05-13 08:07:19,807 [f943e957-6378-4e79-915f-78430d928332-impl-thread1] INFO  server.RaftServerConfigKeys (ConfUtils.java:logGet(46)) - raft.server.log.force.sync.num = 128 (default)
2025-05-13 08:07:19,807 [f943e957-6378-4e79-915f-78430d928332-impl-thread1] INFO  server.RaftServerConfigKeys (ConfUtils.java:logGet(46)) - raft.server.log.statemachine.data.sync = true (default)
2025-05-13 08:07:19,807 [f943e957-6378-4e79-915f-78430d928332-impl-thread1] INFO  server.RaftServerConfigKeys (ConfUtils.java:logGet(46)) - raft.server.log.statemachine.data.sync.timeout = 10s (default)
2025-05-13 08:07:19,807 [f943e957-6378-4e79-915f-78430d928332-impl-thread1] INFO  server.RaftServerConfigKeys (ConfUtils.java:logGet(46)) - raft.server.log.statemachine.data.sync.timeout.retry = -1 (default)
2025-05-13 08:07:19,810 [f943e957-6378-4e79-915f-78430d928332-impl-thread1] INFO  server.RaftServerConfigKeys (ConfUtils.java:logGet(46)) - raft.server.log.write.buffer.size = 4194312 (custom)
2025-05-13 08:07:19,815 [f943e957-6378-4e79-915f-78430d928332-impl-thread1] INFO  server.RaftServerConfigKeys (ConfUtils.java:logGet(46)) - raft.server.log.appender.buffer.byte-limit = 4194304 (custom)
2025-05-13 08:07:19,816 [f943e957-6378-4e79-915f-78430d928332-impl-thread1] INFO  server.RaftServerConfigKeys (ConfUtils.java:logGet(46)) - raft.server.log.unsafe-flush.enabled = false (default)
2025-05-13 08:07:19,816 [f943e957-6378-4e79-915f-78430d928332-impl-thread1] INFO  server.RaftServerConfigKeys (ConfUtils.java:logGet(46)) - raft.server.log.async-flush.enabled = false (default)
2025-05-13 08:07:19,816 [f943e957-6378-4e79-915f-78430d928332-impl-thread1] INFO  server.RaftServerConfigKeys (ConfUtils.java:logGet(46)) - raft.server.log.statemachine.data.caching.enabled = false (default)
2025-05-13 08:07:19,827 [f943e957-6378-4e79-915f-78430d928332-impl-thread1] INFO  server.RaftServer$Division (ServerState.java:setRaftConf(386)) - f943e957-6378-4e79-915f-78430d928332@group-9C62D5A0E831: set configuration conf: {index: 0, cur=peers:[f943e957-6378-4e79-915f-78430d928332|pkrvmberfyhpb9w:15004]|listeners:[], old=null}
2025-05-13 08:07:19,827 [f943e957-6378-4e79-915f-78430d928332-impl-thread1] INFO  segmented.LogSegment (LogSegment.java:loadSegment(171)) - Successfully read 1 entries from segment file /home/runner/work/ozone/ozone/hadoop-ozone/integration-test-s3/target/test-dir/MiniOzoneClusterImpl-95f4eac0-24f3-44c7-8c9c-9c62d5a0e831/ozone-meta/scm-ha/95f4eac0-24f3-44c7-8c9c-9c62d5a0e831/current/log_inprogress_0
2025-05-13 08:07:19,829 [f943e957-6378-4e79-915f-78430d928332-impl-thread1] INFO  segmented.SegmentedRaftLogWorker (SegmentedRaftLogWorker.java:lambda$new$0(139)) - f943e957-6378-4e79-915f-78430d928332@group-9C62D5A0E831-SegmentedRaftLogWorker: safeCacheEvictIndex: setUnconditionally 0 -> -1
2025-05-13 08:07:19,829 [f943e957-6378-4e79-915f-78430d928332-impl-thread1] INFO  segmented.BufferedWriteChannel (BufferedWriteChannel.java:open(61)) - open log_inprogress_0 (append) at position 82
2025-05-13 08:07:19,832 [f943e957-6378-4e79-915f-78430d928332-impl-thread1] INFO  server.RaftServer$Division (RaftServerImpl.java:start(391)) - f943e957-6378-4e79-915f-78430d928332@group-9C62D5A0E831: start as a follower, conf=conf: {index: 0, cur=peers:[f943e957-6378-4e79-915f-78430d928332|pkrvmberfyhpb9w:15004]|listeners:[], old=null}
2025-05-13 08:07:19,833 [f943e957-6378-4e79-915f-78430d928332-impl-thread1] INFO  server.RaftServer$Division (RaftServerImpl.java:setRole(378)) - f943e957-6378-4e79-915f-78430d928332@group-9C62D5A0E831: changes role from      null to FOLLOWER at term 1 for startAsFollower
2025-05-13 08:07:19,833 [f943e957-6378-4e79-915f-78430d928332-impl-thread1] INFO  impl.RoleInfo (RoleInfo.java:updateAndGet(148)) - f943e957-6378-4e79-915f-78430d928332: start f943e957-6378-4e79-915f-78430d928332@group-9C62D5A0E831-FollowerState
2025-05-13 08:07:19,837 [f943e957-6378-4e79-915f-78430d928332-impl-thread1] INFO  util.JmxRegister (JmxRegister.java:tryRegister(44)) - Successfully registered JMX Bean with object name Ratis:service=RaftServer,group=group-9C62D5A0E831,id=f943e957-6378-4e79-915f-78430d928332
2025-05-13 08:07:19,837 [f943e957-6378-4e79-915f-78430d928332-impl-thread1] INFO  util.JmxRegister (JmxRegister.java:register(58)) - register mxBean class org.apache.ratis.server.impl.RaftServerJmxAdapter as Ratis:service=RaftServer,group=group-9C62D5A0E831,id=f943e957-6378-4e79-915f-78430d928332
2025-05-13 08:07:19,837 [f943e957-6378-4e79-915f-78430d928332-impl-thread1] INFO  server.RaftServerConfigKeys (ConfUtils.java:logGet(46)) - raft.server.snapshot.trigger-when-stop.enabled = true (default)
2025-05-13 08:07:19,837 [f943e957-6378-4e79-915f-78430d928332-impl-thread1] INFO  server.RaftServerConfigKeys (ConfUtils.java:logGet(46)) - raft.server.snapshot.trigger-when-remove.enabled = true (default)
2025-05-13 08:07:19,837 [f943e957-6378-4e79-915f-78430d928332-impl-thread1] INFO  server.RaftServerConfigKeys (ConfUtils.java:logGet(46)) - raft.server.snapshot.auto.trigger.enabled = true (custom)
2025-05-13 08:07:19,837 [f943e957-6378-4e79-915f-78430d928332-impl-thread1] INFO  server.RaftServerConfigKeys (ConfUtils.java:logGet(46)) - raft.server.snapshot.auto.trigger.threshold = 1000 (custom)
2025-05-13 08:07:19,837 [f943e957-6378-4e79-915f-78430d928332-impl-thread1] INFO  server.RaftServerConfigKeys (ConfUtils.java:logGet(46)) - raft.server.snapshot.retention.file.num = -1 (default)
2025-05-13 08:07:19,837 [f943e957-6378-4e79-915f-78430d928332-impl-thread1] INFO  server.RaftServerConfigKeys (ConfUtils.java:logGet(46)) - raft.server.log.purge.upto.snapshot.index = false (default)
2025-05-13 08:07:19,838 [f943e957-6378-4e79-915f-78430d928332@group-9C62D5A0E831-FollowerState] INFO  server.RaftServerConfigKeys (ConfUtils.java:logGet(46)) - raft.server.rpc.first-election.timeout.min = 1000ms (custom)
2025-05-13 08:07:19,839 [f943e957-6378-4e79-915f-78430d928332@group-9C62D5A0E831-FollowerState] INFO  server.RaftServerConfigKeys (ConfUtils.java:logGet(46)) - raft.server.rpc.first-election.timeout.max = 1200ms (custom)
2025-05-13 08:07:19,841 [f943e957-6378-4e79-915f-78430d928332-impl-thread1] INFO  server.RaftServer$Division (RaftServerImpl.java:start(405)) - f943e957-6378-4e79-915f-78430d928332@group-9C62D5A0E831: Successfully started.
2025-05-13 08:07:19,841 [main] INFO  server.RaftServer (RaftServerProxy.java:startImpl(407)) - f943e957-6378-4e79-915f-78430d928332: start RPC server
2025-05-13 08:07:19,844 [main] INFO  server.GrpcService (GrpcService.java:startImpl(334)) - f943e957-6378-4e79-915f-78430d928332: GrpcService started, listening on 15004
2025-05-13 08:07:19,845 [JvmPauseMonitor1] INFO  util.JvmPauseMonitor (JvmPauseMonitor.java:run(146)) - JvmPauseMonitor-f943e957-6378-4e79-915f-78430d928332: Started
2025-05-13 08:07:19,857 [main] INFO  ha.SCMHAManagerImpl (SCMHAManagerImpl.java:start(131)) -  scm role is FOLLOWER peers [f943e957-6378-4e79-915f-78430d928332|pkrvmberfyhpb9w:15004]
2025-05-13 08:07:19,857 [main] INFO  ha.InterSCMGrpcService (InterSCMGrpcProtocolService.java:start(98)) - Starting SCM Grpc Service at port 15005
2025-05-13 08:07:19,859 [main] INFO  SCMHATransactionMonitor (BackgroundSCMService.java:start(64)) - Starting SCMHATransactionMonitor Service.
2025-05-13 08:07:19,859 [main] INFO  ha.SCMServiceManager (SCMServiceManager.java:register(42)) - Registering service SCMHATransactionMonitor.
2025-05-13 08:07:19,859 [main] INFO  SCMHATransactionMonitor (BackgroundSCMService.java:start(61)) - SCMHATransactionMonitor Service is already running, skip start.
2025-05-13 08:07:19,907 [main] WARN  impl.MetricsConfig (MetricsConfig.java:loadFirst(138)) - Cannot locate configuration: tried hadoop-metrics2-storagecontainermanager.properties,hadoop-metrics2.properties
2025-05-13 08:07:19,926 [main] INFO  impl.MetricsSystemImpl (MetricsSystemImpl.java:startTimer(378)) - Scheduled Metric snapshot period at 10 second(s).
2025-05-13 08:07:19,928 [main] INFO  impl.MetricsSystemImpl (MetricsSystemImpl.java:start(191)) - StorageContainerManager metrics system started
2025-05-13 08:07:20,159 [main] INFO  server.SCMClientProtocolServer (SCMClientProtocolServer.java:start(207)) - RPC server for Client  is listening at /0.0.0.0:15000
2025-05-13 08:07:20,162 [IPC Server Responder] INFO  ipc.Server (Server.java:run(1713)) - IPC Server Responder: starting
2025-05-13 08:07:20,162 [IPC Server listener on 15000] INFO  ipc.Server (Server.java:run(1553)) - IPC Server listener on 15000: starting
2025-05-13 08:07:20,186 [main] INFO  server.StorageContainerManager (StorageContainerManager.java:start(1520)) - ScmBlockLocationProtocol RPC server is listening at /0.0.0.0:15001
2025-05-13 08:07:20,188 [main] INFO  server.SCMBlockProtocolServer (SCMBlockProtocolServer.java:start(166)) - RPC server for Block Protocol is listening at /0.0.0.0:15001
2025-05-13 08:07:20,189 [IPC Server Responder] INFO  ipc.Server (Server.java:run(1713)) - IPC Server Responder: starting
2025-05-13 08:07:20,190 [IPC Server listener on 15001] INFO  ipc.Server (Server.java:run(1553)) - IPC Server listener on 15001: starting
2025-05-13 08:07:20,253 [main] INFO  http.BaseHttpServer (BaseHttpServer.java:newHttpServer2BuilderForOzone(229)) - Starting Web-server for scm at: http://0.0.0.0:15003
2025-05-13 08:07:20,253 [main] INFO  http.BaseHttpServer (BaseHttpServer.java:<init>(107)) - Hadoop Security Enabled: false Ozone Security Enabled: false Ozone HTTP Security Enabled: false 
2025-05-13 08:07:20,281 [main] INFO  util.log (Log.java:initialized(170)) - Logging initialized @9070ms to org.eclipse.jetty.util.log.Slf4jLog
2025-05-13 08:07:20,361 [main] WARN  server.AuthenticationFilter (AuthenticationFilter.java:constructSecretProvider(240)) - Unable to initialize FileSignerSecretProvider, falling back to use random secrets. Reason: Could not read signature secret file: /home/runner/hadoop-http-auth-signature-secret
2025-05-13 08:07:20,405 [main] INFO  http.HttpServer2 (HttpServer2.java:addGlobalFilter(1042)) - Added global filter 'safety' (class=org.apache.hadoop.hdds.server.http.HttpServer2$QuotingInputFilter)
2025-05-13 08:07:20,409 [main] INFO  http.HttpServer2 (HttpServer2.java:addFilter(1018)) - Added filter static_user_filter (class=org.apache.hadoop.http.lib.StaticUserWebFilter$StaticUserFilter) to context scm
2025-05-13 08:07:20,409 [main] INFO  http.HttpServer2 (HttpServer2.java:addFilter(1026)) - Added filter static_user_filter (class=org.apache.hadoop.http.lib.StaticUserWebFilter$StaticUserFilter) to context logs
2025-05-13 08:07:20,410 [main] INFO  http.HttpServer2 (HttpServer2.java:addFilter(1026)) - Added filter static_user_filter (class=org.apache.hadoop.http.lib.StaticUserWebFilter$StaticUserFilter) to context static
2025-05-13 08:07:20,458 [main] INFO  http.BaseHttpServer (BaseHttpServer.java:<init>(195)) - HTTP server of scm uses base directory /home/runner/work/ozone/ozone/hadoop-ozone/integration-test-s3/target/test-dir/MiniOzoneClusterImpl-95f4eac0-24f3-44c7-8c9c-9c62d5a0e831/ozone-meta/webserver
2025-05-13 08:07:20,460 [main] INFO  http.HttpServer2 (HttpServer2.java:bindListener(1242)) - Jetty bound to port 15003
2025-05-13 08:07:20,462 [main] INFO  server.Server (Server.java:doStart(375)) - jetty-9.4.57.v20241219; built: 2025-01-08T21:24:30.412Z; git: df524e6b29271c2e09ba9aea83c18dc9db464a31; jvm 21.0.7+6-LTS
2025-05-13 08:07:20,500 [main] INFO  server.session (DefaultSessionIdManager.java:doStart(334)) - DefaultSessionIdManager workerName=node0
2025-05-13 08:07:20,502 [main] INFO  server.session (DefaultSessionIdManager.java:doStart(339)) - No SessionScavenger set, using defaults
2025-05-13 08:07:20,503 [main] INFO  server.session (HouseKeeper.java:startScavenging(132)) - node0 Scavenging every 660000ms
2025-05-13 08:07:20,525 [main] INFO  handler.ContextHandler (ContextHandler.java:doStart(921)) - Started o.e.j.s.ServletContextHandler@6ddbbfbb{logs,/logs,file:///home/runner/work/ozone/ozone/hadoop-ozone/integration-test-s3/target/log,AVAILABLE}
2025-05-13 08:07:20,526 [main] INFO  handler.ContextHandler (ContextHandler.java:doStart(921)) - Started o.e.j.s.ServletContextHandler@64cec4d0{static,/static,jar:file:/home/runner/work/ozone/ozone/hadoop-hdds/server-scm/target/hdds-server-scm-2.1.0-SNAPSHOT.jar!/webapps/static,AVAILABLE}
2025-05-13 08:07:20,813 [main] INFO  handler.ContextHandler (ContextHandler.java:doStart(921)) - Started o.e.j.w.WebAppContext@71c74011{scm,/,file:///home/runner/work/ozone/ozone/hadoop-ozone/integration-test-s3/target/test-dir/MiniOzoneClusterImpl-95f4eac0-24f3-44c7-8c9c-9c62d5a0e831/ozone-meta/webserver/jetty-0_0_0_0-15003-hdds-server-scm-2_1_0-SNAPSHOT_jar-_-any-7492912505280913484/webapp/,AVAILABLE}{jar:file:/home/runner/work/ozone/ozone/hadoop-hdds/server-scm/target/hdds-server-scm-2.1.0-SNAPSHOT.jar!/webapps/scm}
2025-05-13 08:07:20,819 [main] INFO  server.AbstractConnector (AbstractConnector.java:doStart(333)) - Started ServerConnector@7575f7e1{HTTP/1.1, (http/1.1)}{0.0.0.0:15003}
2025-05-13 08:07:20,819 [main] INFO  server.Server (Server.java:doStart(415)) - Started @9609ms
2025-05-13 08:07:20,830 [main] INFO  impl.MetricsSinkAdapter (MetricsSinkAdapter.java:start(204)) - Sink prometheus started
2025-05-13 08:07:20,830 [main] INFO  impl.MetricsSystemImpl (MetricsSystemImpl.java:registerSink(305)) - Registered sink prometheus
2025-05-13 08:07:20,832 [main] INFO  http.BaseHttpServer (BaseHttpServer.java:updateConnectorAddress(359)) - HTTP server of scm listening at http://0.0.0.0:15003
2025-05-13 08:07:20,842 [main] WARN  server.ServerUtils (ServerUtils.java:getDBPath(292)) - ozone.om.db.dirs is not configured. We recommend adding this setting. Falling back to ozone.metadata.dirs instead.
2025-05-13 08:07:20,929 [main] INFO  audit.AuditLogger (AuditLogger.java:refreshDebugCmdSet(133)) - Refresh DebugCmdSet for OMAudit to [].
2025-05-13 08:07:20,949 [main] INFO  audit.AuditLogger (AuditLogger.java:refreshDebugCmdSet(133)) - Refresh DebugCmdSet for OMSystemAudit to [].
2025-05-13 08:07:21,012 [main] INFO  ha.OMHANodeDetails (OMHANodeDetails.java:loadOMHAConfig(113)) - ozone.om.internal.service.id is not defined, falling back to ozone.om.service.ids to find serviceID for OzoneManager if it is HA enabled cluster
2025-05-13 08:07:21,020 [main] INFO  ha.OMHANodeDetails (OMHANodeDetails.java:loadOMHAConfig(224)) - Configuration does not have ozone.om.address set. Falling back to the default OM address /127.0.0.1:15006
2025-05-13 08:07:21,020 [main] INFO  ha.OMHANodeDetails (OMHANodeDetails.java:getOMNodeDetailsForNonHA(252)) - OM Service ID is not set. Setting it to the default ID: omServiceIdDefault
2025-05-13 08:07:21,020 [main] INFO  ha.OMHANodeDetails (OMHANodeDetails.java:getOMNodeDetailsForNonHA(259)) - OM Node ID is not set. Setting it to the default ID: om1
2025-05-13 08:07:21,030 [main] WARN  server.ServerUtils (ServerUtils.java:getDBPath(292)) - ozone.om.db.dirs is not configured. We recommend adding this setting. Falling back to ozone.metadata.dirs instead.
2025-05-13 08:07:21,031 [f943e957-6378-4e79-915f-78430d928332@group-9C62D5A0E831-FollowerState] INFO  impl.FollowerState (FollowerState.java:runImpl(161)) - f943e957-6378-4e79-915f-78430d928332@group-9C62D5A0E831-FollowerState: change to CANDIDATE, lastRpcElapsedTime:1197911087ns, electionTimeout:1189ms
2025-05-13 08:07:21,031 [f943e957-6378-4e79-915f-78430d928332@group-9C62D5A0E831-FollowerState] INFO  impl.RoleInfo (RoleInfo.java:shutdownFollowerState(121)) - f943e957-6378-4e79-915f-78430d928332: shutdown f943e957-6378-4e79-915f-78430d928332@group-9C62D5A0E831-FollowerState
2025-05-13 08:07:21,031 [f943e957-6378-4e79-915f-78430d928332@group-9C62D5A0E831-FollowerState] INFO  server.RaftServer$Division (RaftServerImpl.java:setRole(378)) - f943e957-6378-4e79-915f-78430d928332@group-9C62D5A0E831: changes role from  FOLLOWER to CANDIDATE at term 1 for changeToCandidate
2025-05-13 08:07:21,031 [f943e957-6378-4e79-915f-78430d928332@group-9C62D5A0E831-FollowerState] INFO  server.RaftServerConfigKeys (ConfUtils.java:logGet(46)) - raft.server.leaderelection.pre-vote = true (default)
2025-05-13 08:07:21,032 [f943e957-6378-4e79-915f-78430d928332@group-9C62D5A0E831-FollowerState] INFO  impl.RoleInfo (RoleInfo.java:updateAndGet(148)) - f943e957-6378-4e79-915f-78430d928332: start f943e957-6378-4e79-915f-78430d928332@group-9C62D5A0E831-LeaderElection2
2025-05-13 08:07:21,032 [f943e957-6378-4e79-915f-78430d928332@group-9C62D5A0E831-LeaderElection2] INFO  impl.LeaderElection (LeaderElection.java:askForVotes(332)) - f943e957-6378-4e79-915f-78430d928332@group-9C62D5A0E831-LeaderElection2 PRE_VOTE round 0: submit vote requests at term 1 for conf: {index: 0, cur=peers:[f943e957-6378-4e79-915f-78430d928332|pkrvmberfyhpb9w:15004]|listeners:[], old=null}
2025-05-13 08:07:21,033 [f943e957-6378-4e79-915f-78430d928332@group-9C62D5A0E831-LeaderElection2] INFO  impl.LeaderElection (LeaderElection.java:askForVotes(334)) - f943e957-6378-4e79-915f-78430d928332@group-9C62D5A0E831-LeaderElection2 PRE_VOTE round 0: result PASSED (term=1)
2025-05-13 08:07:21,036 [f943e957-6378-4e79-915f-78430d928332@group-9C62D5A0E831-LeaderElection2] INFO  impl.LeaderElection (LeaderElection.java:askForVotes(332)) - f943e957-6378-4e79-915f-78430d928332@group-9C62D5A0E831-LeaderElection2 ELECTION round 0: submit vote requests at term 2 for conf: {index: 0, cur=peers:[f943e957-6378-4e79-915f-78430d928332|pkrvmberfyhpb9w:15004]|listeners:[], old=null}
2025-05-13 08:07:21,038 [f943e957-6378-4e79-915f-78430d928332@group-9C62D5A0E831-LeaderElection2] INFO  impl.LeaderElection (LeaderElection.java:askForVotes(334)) - f943e957-6378-4e79-915f-78430d928332@group-9C62D5A0E831-LeaderElection2 ELECTION round 0: result PASSED (term=2)
2025-05-13 08:07:21,038 [f943e957-6378-4e79-915f-78430d928332@group-9C62D5A0E831-LeaderElection2] INFO  impl.RoleInfo (RoleInfo.java:shutdownLeaderElection(141)) - f943e957-6378-4e79-915f-78430d928332: shutdown f943e957-6378-4e79-915f-78430d928332@group-9C62D5A0E831-LeaderElection2
2025-05-13 08:07:21,038 [f943e957-6378-4e79-915f-78430d928332@group-9C62D5A0E831-LeaderElection2] INFO  server.RaftServer$Division (RaftServerImpl.java:setRole(378)) - f943e957-6378-4e79-915f-78430d928332@group-9C62D5A0E831: changes role from CANDIDATE to LEADER at term 2 for changeToLeader
2025-05-13 08:07:21,038 [f943e957-6378-4e79-915f-78430d928332@group-9C62D5A0E831-LeaderElection2] INFO  server.RaftServerConfigKeys (ConfUtils.java:logGet(46)) - raft.server.staging.catchup.gap = 1000 (default)
2025-05-13 08:07:21,039 [f943e957-6378-4e79-915f-78430d928332@group-9C62D5A0E831-LeaderElection2] INFO  server.RaftServerConfigKeys (ConfUtils.java:logGet(46)) - raft.server.write.element-limit = 4096 (default)
2025-05-13 08:07:21,039 [f943e957-6378-4e79-915f-78430d928332@group-9C62D5A0E831-LeaderElection2] INFO  server.RaftServerConfigKeys (ConfUtils.java:logGet(46)) - raft.server.write.byte-limit = 64MB (=67108864) (default)
2025-05-13 08:07:21,039 [f943e957-6378-4e79-915f-78430d928332@group-9C62D5A0E831-LeaderElection2] INFO  server.RaftServerConfigKeys (ConfUtils.java:logGet(46)) - raft.server.watch.timeout = 10s (default)
2025-05-13 08:07:21,040 [f943e957-6378-4e79-915f-78430d928332@group-9C62D5A0E831-LeaderElection2] INFO  server.RaftServerConfigKeys (ConfUtils.java:logGet(46)) - raft.server.watch.timeout.denomination = 1s (default)
2025-05-13 08:07:21,041 [f943e957-6378-4e79-915f-78430d928332@group-9C62D5A0E831-LeaderElection2] INFO  server.RaftServerConfigKeys (ConfUtils.java:logGet(46)) - raft.server.watch.element-limit = 65536 (default)
2025-05-13 08:07:21,042 [main] INFO  upgrade.AbstractLayoutVersionManager (AbstractLayoutVersionManager.java:init(80)) - Initializing Layout version manager with metadata layout = DELEGATION_TOKEN_SYMMETRIC_SIGN (version = 8), software layout = DELEGATION_TOKEN_SYMMETRIC_SIGN (version = 8)
2025-05-13 08:07:21,043 [f943e957-6378-4e79-915f-78430d928332@group-9C62D5A0E831-LeaderElection2] INFO  server.RaftServerConfigKeys (ConfUtils.java:logGet(46)) - raft.server.read.leader.lease.enabled = false (default)
2025-05-13 08:07:21,043 [f943e957-6378-4e79-915f-78430d928332@group-9C62D5A0E831-LeaderElection2] INFO  server.RaftServerConfigKeys (ConfUtils.java:logGet(46)) - raft.server.read.leader.lease.timeout.ratio = 0.9 (default)
2025-05-13 08:07:21,043 [f943e957-6378-4e79-915f-78430d928332@group-9C62D5A0E831-LeaderElection2] INFO  server.RaftServerConfigKeys (ConfUtils.java:logGet(46)) - raft.server.rpc.timeout.min = 5000ms (custom)
2025-05-13 08:07:21,043 [f943e957-6378-4e79-915f-78430d928332@group-9C62D5A0E831-LeaderElection2] INFO  server.RaftServerConfigKeys (ConfUtils.java:logGet(46)) - raft.server.log.log-metadata.enabled = true (default)
2025-05-13 08:07:21,044 [f943e957-6378-4e79-915f-78430d928332@group-9C62D5A0E831-LeaderElection2] INFO  server.RaftServerConfigKeys (ConfUtils.java:logGet(46)) - raft.server.write.element-limit = 4096 (default)
2025-05-13 08:07:21,044 [f943e957-6378-4e79-915f-78430d928332@group-9C62D5A0E831-LeaderElection2] INFO  server.RaftServerConfigKeys (ConfUtils.java:logGet(46)) - raft.server.write.follower.gap.ratio.max = -1.0 (default)
2025-05-13 08:07:21,044 [f943e957-6378-4e79-915f-78430d928332@group-9C62D5A0E831-LeaderElection2] INFO  impl.RoleInfo (RoleInfo.java:updateAndGet(148)) - f943e957-6378-4e79-915f-78430d928332: start f943e957-6378-4e79-915f-78430d928332@group-9C62D5A0E831-LeaderStateImpl
2025-05-13 08:07:21,045 [f943e957-6378-4e79-915f-78430d928332@group-9C62D5A0E831-LeaderElection2] INFO  server.RaftServer$Division (RaftServerImpl.java:setFirstElection(562)) - f943e957-6378-4e79-915f-78430d928332@group-9C62D5A0E831: set firstElectionSinceStartup to false for becomeLeader
2025-05-13 08:07:21,045 [f943e957-6378-4e79-915f-78430d928332@group-9C62D5A0E831-LeaderElection2] INFO  ha.SCMStateMachine (SCMStateMachine.java:notifyLeaderChanged(291)) - current SCM becomes leader of term 2.
2025-05-13 08:07:21,045 [f943e957-6378-4e79-915f-78430d928332@group-9C62D5A0E831-LeaderElection2] INFO  ha.SCMContext (SCMContext.java:updateLeaderAndTerm(95)) - update <isLeader,term> from <false,0> to <true,2>
2025-05-13 08:07:21,050 [f943e957-6378-4e79-915f-78430d928332@group-9C62D5A0E831-LeaderElection2] INFO  server.RaftServer$Division (ServerState.java:setLeader(272)) - f943e957-6378-4e79-915f-78430d928332@group-9C62D5A0E831: change Leader from null to f943e957-6378-4e79-915f-78430d928332 at term 2 for becomeLeader, leader elected after 2668ms
2025-05-13 08:07:21,050 [f943e957-6378-4e79-915f-78430d928332@group-9C62D5A0E831-LeaderElection2] INFO  segmented.SegmentedRaftLogWorker (SegmentedRaftLogWorker.java:rollLogSegment(443)) - f943e957-6378-4e79-915f-78430d928332@group-9C62D5A0E831-SegmentedRaftLogWorker: Rolling segment log-0_0 to index:0
2025-05-13 08:07:21,053 [f943e957-6378-4e79-915f-78430d928332@group-9C62D5A0E831-SegmentedRaftLogWorker] INFO  segmented.SegmentedRaftLogWorker (SegmentedRaftLogWorker.java:execute(601)) - f943e957-6378-4e79-915f-78430d928332@group-9C62D5A0E831-SegmentedRaftLogWorker: Rolled log segment from /home/runner/work/ozone/ozone/hadoop-ozone/integration-test-s3/target/test-dir/MiniOzoneClusterImpl-95f4eac0-24f3-44c7-8c9c-9c62d5a0e831/ozone-meta/scm-ha/95f4eac0-24f3-44c7-8c9c-9c62d5a0e831/current/log_inprogress_0 to /home/runner/work/ozone/ozone/hadoop-ozone/integration-test-s3/target/test-dir/MiniOzoneClusterImpl-95f4eac0-24f3-44c7-8c9c-9c62d5a0e831/ozone-meta/scm-ha/95f4eac0-24f3-44c7-8c9c-9c62d5a0e831/current/log_0-0
2025-05-13 08:07:21,054 [f943e957-6378-4e79-915f-78430d928332@group-9C62D5A0E831-LeaderElection2] INFO  server.RaftServer$Division (ServerState.java:setRaftConf(386)) - f943e957-6378-4e79-915f-78430d928332@group-9C62D5A0E831: set configuration conf: {index: 1, cur=peers:[f943e957-6378-4e79-915f-78430d928332|pkrvmberfyhpb9w:15004]|listeners:[], old=null}
2025-05-13 08:07:21,058 [f943e957-6378-4e79-915f-78430d928332@group-9C62D5A0E831-SegmentedRaftLogWorker] INFO  segmented.BufferedWriteChannel (BufferedWriteChannel.java:open(61)) - open log_inprogress_1 at position 0
2025-05-13 08:07:21,077 [f943e957-6378-4e79-915f-78430d928332@group-9C62D5A0E831-SegmentedRaftLogWorker] INFO  segmented.SegmentedRaftLogWorker (SegmentedRaftLogWorker.java:execute(644)) - f943e957-6378-4e79-915f-78430d928332@group-9C62D5A0E831-SegmentedRaftLogWorker: created new log segment /home/runner/work/ozone/ozone/hadoop-ozone/integration-test-s3/target/test-dir/MiniOzoneClusterImpl-95f4eac0-24f3-44c7-8c9c-9c62d5a0e831/ozone-meta/scm-ha/95f4eac0-24f3-44c7-8c9c-9c62d5a0e831/current/log_inprogress_1
2025-05-13 08:07:21,091 [f943e957-6378-4e79-915f-78430d928332@group-9C62D5A0E831-StateMachineUpdater] INFO  server.RaftServer$Division (LeaderStateImpl.java:checkStartIndex(313)) - Leader f943e957-6378-4e79-915f-78430d928332@group-9C62D5A0E831-LeaderStateImpl is ready since appliedIndex == startIndex == 1
2025-05-13 08:07:21,092 [f943e957-6378-4e79-915f-78430d928332@group-9C62D5A0E831-StateMachineUpdater] INFO  ha.SCMContext (SCMContext.java:setLeaderReady(122)) - update <isLeaderReady> from <false> to <true>
2025-05-13 08:07:21,092 [f943e957-6378-4e79-915f-78430d928332@group-9C62D5A0E831-StateMachineUpdater] INFO  pipeline.BackgroundPipelineCreator (BackgroundPipelineCreator.java:notifyStatusChanged(268)) - Service BackgroundPipelineCreator transitions to RUNNING.
2025-05-13 08:07:21,093 [f943e957-6378-4e79-915f-78430d928332@group-9C62D5A0E831-StateMachineUpdater] INFO  safemode.RatisContainerSafeModeRule (RatisContainerSafeModeRule.java:initializeRule(160)) - Refreshed Containers with one replica threshold count 0.
2025-05-13 08:07:21,093 [f943e957-6378-4e79-915f-78430d928332@group-9C62D5A0E831-StateMachineUpdater] INFO  safemode.HealthyPipelineSafeModeRule (HealthyPipelineSafeModeRule.java:initializeRule(173)) - Refreshed total pipeline count is 0, healthy pipeline threshold count is 1
2025-05-13 08:07:21,094 [f943e957-6378-4e79-915f-78430d928332@group-9C62D5A0E831-StateMachineUpdater] INFO  safemode.ECContainerSafeModeRule (ECContainerSafeModeRule.java:initializeRule(205)) - Refreshed Containers with ec n replica threshold count 0.
2025-05-13 08:07:21,094 [f943e957-6378-4e79-915f-78430d928332@group-9C62D5A0E831-StateMachineUpdater] INFO  safemode.OneReplicaPipelineSafeModeRule (OneReplicaPipelineSafeModeRule.java:initializeRule(186)) - Refreshed Total pipeline count is 0, pipeline's with at least one datanode reported threshold count is 0
2025-05-13 08:07:21,094 [f943e957-6378-4e79-915f-78430d928332@group-9C62D5A0E831-StateMachineUpdater] INFO  server.SCMDatanodeProtocolServer (SCMDatanodeProtocolServer.java:start(193)) - ScmDatanodeProtocol RPC server for DataNodes is listening at /0.0.0.0:15002
2025-05-13 08:07:21,096 [IPC Server Responder] INFO  ipc.Server (Server.java:run(1713)) - IPC Server Responder: starting
2025-05-13 08:07:21,097 [IPC Server listener on 15002] INFO  ipc.Server (Server.java:run(1553)) - IPC Server listener on 15002: starting
2025-05-13 08:07:21,215 [main] INFO  reflections.Reflections (Reflections.java:scan(219)) - Reflections took 170 ms to scan 1 urls, producing 147 keys and 458 values
2025-05-13 08:07:21,224 [main] INFO  upgrade.OMLayoutVersionManager (OMLayoutVersionManager.java:lambda$0(110)) - Skipping Upgrade Action QuotaRepairUpgradeAction since it has been finalized.
2025-05-13 08:07:21,229 [main] WARN  server.ServerUtils (ServerUtils.java:getDBPath(292)) - ozone.om.db.dirs is not configured. We recommend adding this setting. Falling back to ozone.metadata.dirs instead.
2025-05-13 08:07:21,245 [main] INFO  om.OzoneManager (OzoneManager.java:setReplicationFromConfig(4596)) - Set default replication in OM: RATIS/3 -> RATIS/THREE
2025-05-13 08:07:21,261 [main] INFO  proxy.SCMContainerLocationFailoverProxyProvider (SCMFailoverProxyProviderBase.java:<init>(120)) - Created fail-over proxy for protocol StorageContainerLocationProtocolPB with 1 nodes: [nodeId=scmNodeId,nodeAddress=/0.0.0.0:15000]
2025-05-13 08:07:21,314 [main] INFO  proxy.SCMBlockLocationFailoverProxyProvider (SCMFailoverProxyProviderBase.java:<init>(120)) - Created fail-over proxy for protocol ScmBlockLocationProtocolPB with 1 nodes: [nodeId=scmNodeId,nodeAddress=/0.0.0.0:15001]
2025-05-13 08:07:21,363 [main] INFO  proxy.SCMBlockLocationFailoverProxyProvider (SCMFailoverProxyProviderBase.java:<init>(120)) - Created fail-over proxy for protocol ScmBlockLocationProtocolPB with 1 nodes: [nodeId=scmNodeId,nodeAddress=/0.0.0.0:15001]
2025-05-13 08:07:21,598 [main] INFO  om.OzoneManager (OzoneManager.java:<init>(670)) - OM start with adminUsers: [runner]
2025-05-13 08:07:21,622 [main] WARN  server.ServerUtils (ServerUtils.java:getDBPath(292)) - ozone.om.db.dirs is not configured. We recommend adding this setting. Falling back to ozone.metadata.dirs instead.
2025-05-13 08:07:22,068 [main] INFO  om.OzoneManager (OzoneManager.java:instantiateServices(914)) - S3 Multi-Tenancy is disabled
2025-05-13 08:07:22,099 [main] INFO  om.OmSnapshotManager (OmSnapshotManager.java:<init>(187)) - Ozone filesystem snapshot feature is enabled.
2025-05-13 08:07:22,111 [main] WARN  server.ServerUtils (ServerUtils.java:getDBPath(292)) - ozone.om.snapshot.diff.db.dir is not configured. We recommend adding this setting. Falling back to ozone.metadata.dirs instead.
2025-05-13 08:07:22,180 [main] INFO  utils.NativeLibraryLoader (NativeLibraryLoader.java:loadLibrary(120)) - Loading Library: ozone_rocksdb_tools
2025-05-13 08:07:22,371 [main] INFO  om.OzoneManager (OzoneManager.java:addS3GVolumeToDB(4654)) - Created Volume s3v With Owner runner required for S3Gateway operations.
2025-05-13 08:07:22,464 [main] WARN  server.ServerUtils (ServerUtils.java:getDefaultRatisDirectory(304)) - Storage directory for Ratis is not configured. It is a good idea to map this to an SSD disk. Falling back to ozone.metadata.dirs
2025-05-13 08:07:22,466 [main] WARN  utils.OzoneManagerRatisUtils (OzoneManagerRatisUtils.java:getOMRatisSnapshotDirectory(488)) - ozone.om.ratis.snapshot.dir is not configured. Falling back to ozone.metadata.dirs config
2025-05-13 08:07:22,471 [main] WARN  dropwizard3.Dm3MetricRegistriesImpl (Dm3MetricRegistriesImpl.java:addReporterRegistration(114)) - New reporters are added after registries were created. Some metrics will be missing from the reporter. Please add reporter before adding any new registry.
2025-05-13 08:07:22,471 [main] WARN  dropwizard3.Dm3MetricRegistriesImpl (Dm3MetricRegistriesImpl.java:addReporterRegistration(114)) - New reporters are added after registries were created. Some metrics will be missing from the reporter. Please add reporter before adding any new registry.
2025-05-13 08:07:22,473 [main] WARN  server.ServerUtils (ServerUtils.java:getDefaultRatisDirectory(304)) - Storage directory for Ratis is not configured. It is a good idea to map this to an SSD disk. Falling back to ozone.metadata.dirs
2025-05-13 08:07:22,474 [main] INFO  server.RaftServerConfigKeys (ConfUtils.java:logGet(46)) - raft.server.log.appender.buffer.byte-limit = 4194304 (custom)
2025-05-13 08:07:22,477 [main] INFO  ratis.OzoneManagerRatisServer (OzoneManagerRatisServer.java:<init>(167)) - Instantiating OM Ratis server with groupID: omServiceIdDefault and peers: localhost:15009
2025-05-13 08:07:22,483 [main] INFO  ratis.OzoneManagerStateMachine (OzoneManagerStateMachine.java:loadSnapshotInfoFromDB(618)) - TransactionInfo not found in OM DB.
2025-05-13 08:07:22,528 [main] INFO  server.RaftServer (ConfUtils.java:logGet(46)) - raft.rpc.type = GRPC (default)
2025-05-13 08:07:22,529 [main] INFO  grpc.GrpcConfigKeys (ConfUtils.java:logFallback(53)) - raft.grpc.admin.host = null (fallback to raft.grpc.server.host)
2025-05-13 08:07:22,529 [main] INFO  grpc.GrpcConfigKeys (ConfUtils.java:logFallback(53)) - raft.grpc.admin.port = 15009 (fallback to raft.grpc.server.port)
2025-05-13 08:07:22,529 [main] INFO  grpc.GrpcConfigKeys (ConfUtils.java:logFallback(53)) - raft.grpc.client.host = null (fallback to raft.grpc.server.host)
2025-05-13 08:07:22,529 [main] INFO  grpc.GrpcConfigKeys (ConfUtils.java:logFallback(53)) - raft.grpc.client.port = 15009 (fallback to raft.grpc.server.port)
2025-05-13 08:07:22,529 [main] INFO  grpc.GrpcConfigKeys (ConfUtils.java:logGet(46)) - raft.grpc.server.host = null (default)
2025-05-13 08:07:22,529 [main] INFO  grpc.GrpcConfigKeys (ConfUtils.java:logGet(46)) - raft.grpc.server.port = 15009 (custom)
2025-05-13 08:07:22,531 [main] INFO  server.GrpcService (ConfUtils.java:logGet(46)) - raft.grpc.message.size.max = 5242880 (custom)
2025-05-13 08:07:22,531 [main] INFO  server.GrpcService (ConfUtils.java:logGet(46)) - raft.grpc.flow.control.window = 1MB (=1048576) (default)
2025-05-13 08:07:22,532 [main] INFO  server.RaftServerConfigKeys (ConfUtils.java:logGet(46)) - raft.server.rpc.request.timeout = 3000ms (default)
2025-05-13 08:07:22,532 [main] INFO  grpc.GrpcConfigKeys (ConfUtils.java:logGet(46)) - raft.grpc.server.heartbeat.channel = true (default)
2025-05-13 08:07:22,532 [main] INFO  server.RaftServerConfigKeys (ConfUtils.java:logGet(46)) - raft.server.log.appender.buffer.byte-limit = 4194304 (custom)
2025-05-13 08:07:22,532 [main] INFO  grpc.GrpcConfigKeys (ConfUtils.java:logGet(46)) - raft.grpc.server.async.request.thread.pool.cached = true (default)
2025-05-13 08:07:22,533 [main] INFO  grpc.GrpcConfigKeys (ConfUtils.java:logGet(46)) - raft.grpc.server.async.request.thread.pool.size = 32 (default)
2025-05-13 08:07:22,534 [main] INFO  impl.DataStreamServerImpl (ConfUtils.java:logGet(46)) - raft.datastream.type = DISABLED (default)
2025-05-13 08:07:22,535 [main] INFO  server.RaftServerConfigKeys (ConfUtils.java:logGet(46)) - raft.server.sleep.deviation.threshold = 300ms (default)
2025-05-13 08:07:22,536 [main] INFO  server.RaftServerConfigKeys (ConfUtils.java:logGet(46)) - raft.server.close.threshold = 60s (default)
2025-05-13 08:07:22,536 [main] INFO  server.RaftServerConfigKeys (ConfUtils.java:logGet(46)) - raft.server.leaderelection.leader.step-down.wait-time = 10s (default)
2025-05-13 08:07:22,537 [main] INFO  server.RaftServerConfigKeys (ConfUtils.java:logGet(46)) - raft.server.storage.dir = [/home/runner/work/ozone/ozone/hadoop-ozone/integration-test-s3/target/test-dir/MiniOzoneClusterImpl-95f4eac0-24f3-44c7-8c9c-9c62d5a0e831/ozone-meta/ratis] (custom)
2025-05-13 08:07:22,537 [main] INFO  server.RaftServerConfigKeys (ConfUtils.java:logGet(46)) - raft.server.threadpool.proxy.cached = true (default)
2025-05-13 08:07:22,537 [main] INFO  server.RaftServerConfigKeys (ConfUtils.java:logGet(46)) - raft.server.threadpool.proxy.size = 0 (default)
2025-05-13 08:07:22,538 [main] INFO  server.RaftServer (RaftServerProxy.java:addNew(100)) - om1: addNew group-C5BA1605619E:[om1|localhost:15009] returns group-C5BA1605619E:java.util.concurrent.CompletableFuture@262c75a3[Not completed]
2025-05-13 08:07:22,539 [main] INFO  om.OzoneManager (OzoneManager.java:initializeRatisServer(2284)) - OzoneManager Ratis server initialized at port 15009
2025-05-13 08:07:22,542 [om1-groupManagement] INFO  server.RaftServer$Division (RaftServerImpl.java:<init>(255)) - om1: new RaftServerImpl for group-C5BA1605619E:[om1|localhost:15009] with OzoneManagerStateMachine:uninitialized
2025-05-13 08:07:22,542 [om1-groupManagement] INFO  server.RaftServerConfigKeys (ConfUtils.java:logGet(46)) - raft.server.rpc.timeout.min = 1s (custom)
2025-05-13 08:07:22,542 [om1-groupManagement] INFO  server.RaftServerConfigKeys (ConfUtils.java:logGet(46)) - raft.server.rpc.timeout.max = 1200ms (custom)
2025-05-13 08:07:22,542 [om1-groupManagement] INFO  server.RaftServerConfigKeys (ConfUtils.java:logGet(46)) - raft.server.rpc.sleep.time = 25ms (default)
2025-05-13 08:07:22,542 [om1-groupManagement] INFO  server.RaftServerConfigKeys (ConfUtils.java:logGet(46)) - raft.server.rpc.slowness.timeout = 120s (custom)
2025-05-13 08:07:22,543 [om1-groupManagement] INFO  server.RaftServerConfigKeys (ConfUtils.java:logGet(46)) - raft.server.leaderelection.leader.step-down.wait-time = 10s (default)
2025-05-13 08:07:22,543 [om1-groupManagement] INFO  server.RaftServerConfigKeys (ConfUtils.java:logGet(46)) - raft.server.leaderelection.member.majority-add = false (default)
2025-05-13 08:07:22,543 [om1-groupManagement] INFO  server.RaftServerConfigKeys (ConfUtils.java:logGet(46)) - raft.server.sleep.deviation.threshold = 300ms (default)
2025-05-13 08:07:22,543 [om1-groupManagement] INFO  server.RaftServer$Division (ServerState.java:<init>(114)) - om1@group-C5BA1605619E: ConfigurationManager, init=conf: {index: -1, cur=peers:[om1|localhost:15009]|listeners:[], old=null}, confs=<EMPTY_MAP>
2025-05-13 08:07:22,543 [om1-groupManagement] INFO  server.RaftServerConfigKeys (ConfUtils.java:logGet(46)) - raft.server.notification.no-leader.timeout = 120s (custom)
2025-05-13 08:07:22,543 [om1-groupManagement] INFO  server.RaftServerConfigKeys (ConfUtils.java:logGet(46)) - raft.server.read.timeout = 10s (default)
2025-05-13 08:07:22,543 [om1-groupManagement] INFO  server.RaftServerConfigKeys (ConfUtils.java:logGet(46)) - raft.server.retrycache.expirytime = 300s (custom)
2025-05-13 08:07:22,543 [om1-groupManagement] INFO  server.RaftServerConfigKeys (ConfUtils.java:logGet(46)) - raft.server.retrycache.statistics.expirytime = 100ms (default)
2025-05-13 08:07:22,543 [om1-groupManagement] INFO  server.RaftServerConfigKeys (ConfUtils.java:logGet(46)) - raft.server.read.option = DEFAULT (default)
2025-05-13 08:07:22,544 [om1-groupManagement] INFO  server.RaftServerConfigKeys (ConfUtils.java:logGet(46)) - raft.server.read.read-after-write-consistent.write-index-cache.expiry-time = 60s (default)
2025-05-13 08:07:22,549 [main] INFO  om.OzoneManager (OzoneManager.java:getRpcServer(1340)) - Creating RPC Server
2025-05-13 08:07:22,553 [om1-groupManagement] INFO  server.RaftServerConfigKeys (ConfUtils.java:logGet(46)) - raft.server.rpc.request.timeout = 3000ms (default)
2025-05-13 08:07:22,555 [om1-groupManagement] INFO  server.RaftServerConfigKeys (ConfUtils.java:logGet(46)) - raft.server.log.appender.install.snapshot.enabled = false (custom)
2025-05-13 08:07:22,571 [om1-groupManagement] INFO  server.RaftServerConfigKeys (ConfUtils.java:logGet(46)) - raft.server.threadpool.server.cached = true (default)
2025-05-13 08:07:22,571 [om1-groupManagement] INFO  server.RaftServerConfigKeys (ConfUtils.java:logGet(46)) - raft.server.threadpool.server.size = 0 (default)
2025-05-13 08:07:22,571 [om1-groupManagement] INFO  server.RaftServerConfigKeys (ConfUtils.java:logGet(46)) - raft.server.threadpool.client.cached = true (default)
2025-05-13 08:07:22,571 [om1-groupManagement] INFO  server.RaftServerConfigKeys (ConfUtils.java:logGet(46)) - raft.server.threadpool.client.size = 0 (default)
2025-05-13 08:07:23,595 [main] INFO  reflections.Reflections (Reflections.java:scan(219)) - Reflections took 990 ms to scan 17 urls, producing 55 keys and 3272 values
2025-05-13 08:07:23,833 [main] INFO  ipc.CallQueueManager (CallQueueManager.java:<init>(93)) - Using callQueue: class java.util.concurrent.LinkedBlockingQueue, queueCapacity: 2000, scheduler: class org.apache.hadoop.ipc.DefaultRpcScheduler, ipcBackoff: false, ipcFailOver: false.
2025-05-13 08:07:23,834 [main] INFO  ipc.Server (Server.java:<init>(1438)) - Listener at 127.0.0.1:15006
2025-05-13 08:07:23,834 [Socket Reader #1 for port 15006] INFO  ipc.Server (Server.java:run(1474)) - Starting Socket Reader #1 for port 15006
2025-05-13 08:07:23,835 [Socket Reader #2 for port 15006] INFO  ipc.Server (Server.java:run(1474)) - Starting Socket Reader #2 for port 15006
2025-05-13 08:07:23,837 [Socket Reader #3 for port 15006] INFO  ipc.Server (Server.java:run(1474)) - Starting Socket Reader #3 for port 15006
2025-05-13 08:07:23,838 [Socket Reader #4 for port 15006] INFO  ipc.Server (Server.java:run(1474)) - Starting Socket Reader #4 for port 15006
2025-05-13 08:07:23,838 [Socket Reader #6 for port 15006] INFO  ipc.Server (Server.java:run(1474)) - Starting Socket Reader #6 for port 15006
2025-05-13 08:07:23,838 [Socket Reader #5 for port 15006] INFO  ipc.Server (Server.java:run(1474)) - Starting Socket Reader #5 for port 15006
2025-05-13 08:07:23,840 [Socket Reader #7 for port 15006] INFO  ipc.Server (Server.java:run(1474)) - Starting Socket Reader #7 for port 15006
2025-05-13 08:07:23,840 [Socket Reader #9 for port 15006] INFO  ipc.Server (Server.java:run(1474)) - Starting Socket Reader #9 for port 15006
2025-05-13 08:07:23,840 [Socket Reader #8 for port 15006] INFO  ipc.Server (Server.java:run(1474)) - Starting Socket Reader #8 for port 15006
2025-05-13 08:07:23,842 [Socket Reader #10 for port 15006] INFO  ipc.Server (Server.java:run(1474)) - Starting Socket Reader #10 for port 15006
2025-05-13 08:07:23,877 [main] INFO  impl.MetricsSystemImpl (MetricsSystemImpl.java:init(158)) - OzoneManager metrics system started (again)
2025-05-13 08:07:23,890 [main] INFO  om.OzoneManager (OzoneManager.java:start(1768)) - OzoneManager RPC server is listening at localhost/127.0.0.1:15006
2025-05-13 08:07:23,890 [main] INFO  ratis.OzoneManagerRatisServer (OzoneManagerRatisServer.java:start(628)) - Starting OzoneManagerRatisServer om1 at port 15009
2025-05-13 08:07:23,891 [om1-impl-thread1] INFO  server.RaftServerConfigKeys (ConfUtils.java:logGet(46)) - raft.server.storage.free-space.min = 0MB (=0) (default)
2025-05-13 08:07:23,891 [om1-impl-thread1] INFO  server.RaftServerConfigKeys (ConfUtils.java:logGet(46)) - raft.server.log.corruption.policy = EXCEPTION (default)
2025-05-13 08:07:23,892 [om1-impl-thread1] INFO  server.RaftServerConfigKeys (ConfUtils.java:logGet(46)) - raft.server.storage.dir = [/home/runner/work/ozone/ozone/hadoop-ozone/integration-test-s3/target/test-dir/MiniOzoneClusterImpl-95f4eac0-24f3-44c7-8c9c-9c62d5a0e831/ozone-meta/ratis] (custom)
2025-05-13 08:07:23,893 [om1-impl-thread1] INFO  storage.RaftStorageDirectory (RaftStorageDirectoryImpl.java:analyzeStorage(138)) - The storage directory /home/runner/work/ozone/ozone/hadoop-ozone/integration-test-s3/target/test-dir/MiniOzoneClusterImpl-95f4eac0-24f3-44c7-8c9c-9c62d5a0e831/ozone-meta/ratis/bf265839-605b-3f16-9796-c5ba1605619e does not exist. Creating ...
2025-05-13 08:07:23,896 [om1-impl-thread1] INFO  storage.RaftStorageDirectory (RaftStorageDirectoryImpl.java:tryLock(229)) - Lock on /home/runner/work/ozone/ozone/hadoop-ozone/integration-test-s3/target/test-dir/MiniOzoneClusterImpl-95f4eac0-24f3-44c7-8c9c-9c62d5a0e831/ozone-meta/ratis/bf265839-605b-3f16-9796-c5ba1605619e/in_use.lock acquired by nodename 70907@pkrvmberfyhpb9w
2025-05-13 08:07:23,898 [om1-impl-thread1] INFO  storage.RaftStorage (RaftStorageImpl.java:format(98)) - Storage directory /home/runner/work/ozone/ozone/hadoop-ozone/integration-test-s3/target/test-dir/MiniOzoneClusterImpl-95f4eac0-24f3-44c7-8c9c-9c62d5a0e831/ozone-meta/ratis/bf265839-605b-3f16-9796-c5ba1605619e has been successfully formatted.
2025-05-13 08:07:23,899 [om1-impl-thread1] INFO  ratis.OzoneManagerStateMachine (OzoneManagerStateMachine.java:lambda$0(138)) - om1: initialize group-C5BA1605619E with (t:0, i:~)
2025-05-13 08:07:23,900 [om1-impl-thread1] INFO  server.RaftServerConfigKeys (ConfUtils.java:logGet(46)) - raft.server.log.use.memory = false (default)
2025-05-13 08:07:23,901 [om1-impl-thread1] INFO  server.RaftServerConfigKeys (ConfUtils.java:logGet(46)) - raft.server.log.purge.gap = 1000000 (custom)
2025-05-13 08:07:23,901 [om1-impl-thread1] INFO  server.RaftServerConfigKeys (ConfUtils.java:logGet(46)) - raft.server.log.appender.buffer.byte-limit = 4194304 (custom)
2025-05-13 08:07:23,901 [om1-impl-thread1] INFO  server.RaftServerConfigKeys (ConfUtils.java:logGet(46)) - raft.server.log.statemachine.data.read.timeout = 1000ms (default)
2025-05-13 08:07:23,901 [om1-impl-thread1] INFO  server.RaftServerConfigKeys (ConfUtils.java:logGet(46)) - raft.server.log.purge.preservation.log.num = 0 (default)
2025-05-13 08:07:23,904 [om1-impl-thread1] INFO  server.RaftServerConfigKeys (ConfUtils.java:logGet(46)) - raft.server.log.segment.size.max = 4194304 (custom)
2025-05-13 08:07:23,907 [om1-impl-thread1] INFO  server.RaftServerConfigKeys (ConfUtils.java:logGet(46)) - raft.server.log.segment.cache.num.max = 2 (custom)
2025-05-13 08:07:23,908 [om1-impl-thread1] INFO  server.RaftServerConfigKeys (ConfUtils.java:logGet(46)) - raft.server.log.segment.cache.size.max = 200MB (=209715200) (default)
2025-05-13 08:07:23,908 [om1-impl-thread1] INFO  server.RaftServerConfigKeys (ConfUtils.java:logGet(46)) - raft.server.log.appender.buffer.byte-limit = 4194304 (custom)
2025-05-13 08:07:23,909 [om1-impl-thread1] INFO  util.AwaitToRun (AwaitToRun.java:start(81)) - Thread[#468,om1@group-C5BA1605619E-cacheEviction-AwaitToRun,5,main] started
2025-05-13 08:07:23,909 [om1-impl-thread1] INFO  segmented.SegmentedRaftLogWorker (SegmentedRaftLogWorker.java:<init>(188)) - new om1@group-C5BA1605619E-SegmentedRaftLogWorker for RaftStorageImpl:Storage Directory /home/runner/work/ozone/ozone/hadoop-ozone/integration-test-s3/target/test-dir/MiniOzoneClusterImpl-95f4eac0-24f3-44c7-8c9c-9c62d5a0e831/ozone-meta/ratis/bf265839-605b-3f16-9796-c5ba1605619e
2025-05-13 08:07:23,909 [om1-impl-thread1] INFO  server.RaftServerConfigKeys (ConfUtils.java:logGet(46)) - raft.server.log.queue.byte-limit = 64MB (=67108864) (default)
2025-05-13 08:07:23,909 [om1-impl-thread1] INFO  server.RaftServerConfigKeys (ConfUtils.java:logGet(46)) - raft.server.log.queue.element-limit = 4096 (default)
2025-05-13 08:07:23,909 [om1-impl-thread1] INFO  server.RaftServerConfigKeys (ConfUtils.java:logGet(46)) - raft.server.log.segment.size.max = 4194304 (custom)
2025-05-13 08:07:23,909 [om1-impl-thread1] INFO  server.RaftServerConfigKeys (ConfUtils.java:logGet(46)) - raft.server.log.preallocated.size = 4194304 (custom)
2025-05-13 08:07:23,909 [om1-impl-thread1] INFO  server.RaftServerConfigKeys (ConfUtils.java:logGet(46)) - raft.server.log.force.sync.num = 128 (default)
2025-05-13 08:07:23,909 [om1-impl-thread1] INFO  server.RaftServerConfigKeys (ConfUtils.java:logGet(46)) - raft.server.log.statemachine.data.sync = true (default)
2025-05-13 08:07:23,910 [om1-impl-thread1] INFO  server.RaftServerConfigKeys (ConfUtils.java:logGet(46)) - raft.server.log.statemachine.data.sync.timeout = 10s (default)
2025-05-13 08:07:23,910 [om1-impl-thread1] INFO  server.RaftServerConfigKeys (ConfUtils.java:logGet(46)) - raft.server.log.statemachine.data.sync.timeout.retry = -1 (default)
2025-05-13 08:07:23,910 [om1-impl-thread1] INFO  server.RaftServerConfigKeys (ConfUtils.java:logGet(46)) - raft.server.log.write.buffer.size = 4194312 (custom)
2025-05-13 08:07:23,911 [om1-impl-thread1] INFO  server.RaftServerConfigKeys (ConfUtils.java:logGet(46)) - raft.server.log.appender.buffer.byte-limit = 4194304 (custom)
2025-05-13 08:07:23,911 [om1-impl-thread1] INFO  server.RaftServerConfigKeys (ConfUtils.java:logGet(46)) - raft.server.log.unsafe-flush.enabled = false (default)
2025-05-13 08:07:23,911 [om1-impl-thread1] INFO  server.RaftServerConfigKeys (ConfUtils.java:logGet(46)) - raft.server.log.async-flush.enabled = false (default)
2025-05-13 08:07:23,911 [om1-impl-thread1] INFO  server.RaftServerConfigKeys (ConfUtils.java:logGet(46)) - raft.server.log.statemachine.data.caching.enabled = false (default)
2025-05-13 08:07:23,912 [om1-impl-thread1] INFO  segmented.SegmentedRaftLogWorker (SegmentedRaftLogWorker.java:lambda$new$0(139)) - om1@group-C5BA1605619E-SegmentedRaftLogWorker: flushIndex: setUnconditionally 0 -> -1
2025-05-13 08:07:23,912 [om1-impl-thread1] INFO  segmented.SegmentedRaftLogWorker (SegmentedRaftLogWorker.java:lambda$new$0(139)) - om1@group-C5BA1605619E-SegmentedRaftLogWorker: safeCacheEvictIndex: setUnconditionally 0 -> -1
2025-05-13 08:07:23,912 [om1-impl-thread1] INFO  server.RaftServer$Division (RaftServerImpl.java:start(391)) - om1@group-C5BA1605619E: start as a follower, conf=conf: {index: -1, cur=peers:[om1|localhost:15009]|listeners:[], old=null}
2025-05-13 08:07:23,912 [om1-impl-thread1] INFO  server.RaftServer$Division (RaftServerImpl.java:setRole(378)) - om1@group-C5BA1605619E: changes role from      null to FOLLOWER at term 0 for startAsFollower
2025-05-13 08:07:23,913 [om1-impl-thread1] INFO  impl.RoleInfo (RoleInfo.java:updateAndGet(148)) - om1: start om1@group-C5BA1605619E-FollowerState
2025-05-13 08:07:23,913 [om1-impl-thread1] INFO  util.JmxRegister (JmxRegister.java:tryRegister(44)) - Successfully registered JMX Bean with object name Ratis:service=RaftServer,group=group-C5BA1605619E,id=om1
2025-05-13 08:07:23,913 [om1-impl-thread1] INFO  util.JmxRegister (JmxRegister.java:register(58)) - register mxBean class org.apache.ratis.server.impl.RaftServerJmxAdapter as Ratis:service=RaftServer,group=group-C5BA1605619E,id=om1
2025-05-13 08:07:23,913 [om1-impl-thread1] INFO  server.RaftServerConfigKeys (ConfUtils.java:logGet(46)) - raft.server.snapshot.trigger-when-stop.enabled = true (default)
2025-05-13 08:07:23,913 [om1-impl-thread1] INFO  server.RaftServerConfigKeys (ConfUtils.java:logGet(46)) - raft.server.snapshot.trigger-when-remove.enabled = true (default)
2025-05-13 08:07:23,913 [om1-impl-thread1] INFO  server.RaftServerConfigKeys (ConfUtils.java:logGet(46)) - raft.server.snapshot.auto.trigger.enabled = true (custom)
2025-05-13 08:07:23,914 [om1@group-C5BA1605619E-FollowerState] INFO  server.RaftServerConfigKeys (ConfUtils.java:logFallback(53)) - raft.server.rpc.first-election.timeout.min = 1s (fallback to raft.server.rpc.timeout.min)
2025-05-13 08:07:23,916 [om1@group-C5BA1605619E-FollowerState] INFO  server.RaftServerConfigKeys (ConfUtils.java:logFallback(53)) - raft.server.rpc.first-election.timeout.max = 1200ms (fallback to raft.server.rpc.timeout.max)
2025-05-13 08:07:23,916 [om1-impl-thread1] INFO  server.RaftServerConfigKeys (ConfUtils.java:logGet(46)) - raft.server.snapshot.auto.trigger.threshold = 400000 (default)
2025-05-13 08:07:23,916 [om1-impl-thread1] INFO  server.RaftServerConfigKeys (ConfUtils.java:logGet(46)) - raft.server.snapshot.retention.file.num = -1 (default)
2025-05-13 08:07:23,916 [om1-impl-thread1] INFO  server.RaftServerConfigKeys (ConfUtils.java:logGet(46)) - raft.server.log.purge.upto.snapshot.index = true (custom)
2025-05-13 08:07:23,919 [om1-impl-thread1] INFO  server.RaftServer$Division (RaftServerImpl.java:start(405)) - om1@group-C5BA1605619E: Successfully started.
2025-05-13 08:07:23,919 [main] INFO  server.RaftServer (RaftServerProxy.java:startImpl(407)) - om1: start RPC server
2025-05-13 08:07:23,920 [main] INFO  server.GrpcService (GrpcService.java:startImpl(334)) - om1: GrpcService started, listening on 15009
2025-05-13 08:07:23,921 [JvmPauseMonitor2] INFO  util.JvmPauseMonitor (JvmPauseMonitor.java:run(146)) - JvmPauseMonitor-om1: Started
2025-05-13 08:07:23,922 [main] INFO  om.OzoneManager (OzoneManager.java:start(1783)) - Version File has different layout version (8) than OM DB (null). That is expected if this OM has never been finalized to a newer layout version.
2025-05-13 08:07:23,940 [main] INFO  client.ScmTopologyClient (ScmTopologyClient.java:start(70)) - Initial network topology fetched from SCM: /.
2025-05-13 08:07:23,941 [main] INFO  net.NodeSchemaLoader (NodeSchemaLoader.java:loadSchemaFromFile(128)) - Loading schema from [jar:file:/home/runner/work/ozone/ozone/hadoop-hdds/common/target/hdds-common-2.1.0-SNAPSHOT.jar!/network-topology-default.xml]
2025-05-13 08:07:23,941 [main] INFO  net.NodeSchemaLoader (NodeSchemaLoader.java:loadSchema(175)) - Loading network topology layer schema file
2025-05-13 08:07:23,963 [main] INFO  http.BaseHttpServer (BaseHttpServer.java:newHttpServer2BuilderForOzone(229)) - Starting Web-server for ozoneManager at: http://0.0.0.0:15007
2025-05-13 08:07:23,963 [main] INFO  http.BaseHttpServer (BaseHttpServer.java:<init>(107)) - Hadoop Security Enabled: false Ozone Security Enabled: false Ozone HTTP Security Enabled: false 
2025-05-13 08:07:23,970 [main] WARN  server.AuthenticationFilter (AuthenticationFilter.java:constructSecretProvider(240)) - Unable to initialize FileSignerSecretProvider, falling back to use random secrets. Reason: Could not read signature secret file: /home/runner/hadoop-http-auth-signature-secret
2025-05-13 08:07:23,974 [main] INFO  http.HttpServer2 (HttpServer2.java:addGlobalFilter(1042)) - Added global filter 'safety' (class=org.apache.hadoop.hdds.server.http.HttpServer2$QuotingInputFilter)
2025-05-13 08:07:23,975 [main] INFO  http.HttpServer2 (HttpServer2.java:addFilter(1018)) - Added filter static_user_filter (class=org.apache.hadoop.http.lib.StaticUserWebFilter$StaticUserFilter) to context ozoneManager
2025-05-13 08:07:23,975 [main] INFO  http.HttpServer2 (HttpServer2.java:addFilter(1026)) - Added filter static_user_filter (class=org.apache.hadoop.http.lib.StaticUserWebFilter$StaticUserFilter) to context logs
2025-05-13 08:07:23,975 [main] INFO  http.HttpServer2 (HttpServer2.java:addFilter(1026)) - Added filter static_user_filter (class=org.apache.hadoop.http.lib.StaticUserWebFilter$StaticUserFilter) to context static
2025-05-13 08:07:23,976 [main] INFO  http.BaseHttpServer (BaseHttpServer.java:<init>(195)) - HTTP server of ozoneManager uses base directory /home/runner/work/ozone/ozone/hadoop-ozone/integration-test-s3/target/test-dir/MiniOzoneClusterImpl-95f4eac0-24f3-44c7-8c9c-9c62d5a0e831/ozone-meta/webserver
2025-05-13 08:07:23,980 [main] INFO  http.HttpServer2 (HttpServer2.java:bindListener(1242)) - Jetty bound to port 15007
2025-05-13 08:07:23,980 [main] INFO  server.Server (Server.java:doStart(375)) - jetty-9.4.57.v20241219; built: 2025-01-08T21:24:30.412Z; git: df524e6b29271c2e09ba9aea83c18dc9db464a31; jvm 21.0.7+6-LTS
2025-05-13 08:07:23,982 [main] INFO  server.session (DefaultSessionIdManager.java:doStart(334)) - DefaultSessionIdManager workerName=node0
2025-05-13 08:07:23,982 [main] INFO  server.session (DefaultSessionIdManager.java:doStart(339)) - No SessionScavenger set, using defaults
2025-05-13 08:07:23,982 [main] INFO  server.session (HouseKeeper.java:startScavenging(132)) - node0 Scavenging every 660000ms
2025-05-13 08:07:23,983 [main] INFO  handler.ContextHandler (ContextHandler.java:doStart(921)) - Started o.e.j.s.ServletContextHandler@13dabbb9{logs,/logs,file:///home/runner/work/ozone/ozone/hadoop-ozone/integration-test-s3/target/log,AVAILABLE}
2025-05-13 08:07:23,984 [main] INFO  handler.ContextHandler (ContextHandler.java:doStart(921)) - Started o.e.j.s.ServletContextHandler@35fe64ca{static,/static,jar:file:/home/runner/work/ozone/ozone/hadoop-ozone/ozone-manager/target/ozone-manager-2.1.0-SNAPSHOT.jar!/webapps/static,AVAILABLE}
2025-05-13 08:07:24,144 [main] INFO  handler.ContextHandler (ContextHandler.java:doStart(921)) - Started o.e.j.w.WebAppContext@2c890ee3{ozoneManager,/,file:///home/runner/work/ozone/ozone/hadoop-ozone/integration-test-s3/target/test-dir/MiniOzoneClusterImpl-95f4eac0-24f3-44c7-8c9c-9c62d5a0e831/ozone-meta/webserver/jetty-0_0_0_0-15007-ozone-manager-2_1_0-SNAPSHOT_jar-_-any-4415854751192882949/webapp/,AVAILABLE}{jar:file:/home/runner/work/ozone/ozone/hadoop-ozone/ozone-manager/target/ozone-manager-2.1.0-SNAPSHOT.jar!/webapps/ozoneManager}
2025-05-13 08:07:24,147 [main] INFO  server.AbstractConnector (AbstractConnector.java:doStart(333)) - Started ServerConnector@3f314bad{HTTP/1.1, (http/1.1)}{0.0.0.0:15007}
2025-05-13 08:07:24,147 [main] INFO  server.Server (Server.java:doStart(415)) - Started @12936ms
2025-05-13 08:07:24,147 [main] WARN  impl.MetricsSystemImpl (MetricsSystemImpl.java:register(279)) - Sink prometheus already exists!
2025-05-13 08:07:24,149 [main] INFO  http.BaseHttpServer (BaseHttpServer.java:updateConnectorAddress(359)) - HTTP server of ozoneManager listening at http://0.0.0.0:15007
2025-05-13 08:07:24,150 [IPC Server listener on 15006] INFO  ipc.Server (Server.java:run(1553)) - IPC Server listener on 15006: starting
2025-05-13 08:07:24,150 [IPC Server Responder] INFO  ipc.Server (Server.java:run(1713)) - IPC Server Responder: starting
2025-05-13 08:07:24,161 [main] INFO  om.OzoneManager (OzoneManager.java:startTrashEmptier(2238)) - Trash Interval set to 0. Files deleted won't move to trash
2025-05-13 08:07:24,191 [main] INFO  db.CodecBuffer (CodecBuffer.java:set(85)) - Successfully set constructor to LeakDetector::newCodecBuffer: org.apache.hadoop.hdds.utils.db.CodecBuffer$$Lambda/0x00007fa2387b67c8@1f6b4aaa
2025-05-13 08:07:24,286 [main] WARN  dropwizard3.Dm3MetricRegistriesImpl (Dm3MetricRegistriesImpl.java:addReporterRegistration(114)) - New reporters are added after registries were created. Some metrics will be missing from the reporter. Please add reporter before adding any new registry.
2025-05-13 08:07:24,287 [main] WARN  dropwizard3.Dm3MetricRegistriesImpl (Dm3MetricRegistriesImpl.java:addReporterRegistration(114)) - New reporters are added after registries were created. Some metrics will be missing from the reporter. Please add reporter before adding any new registry.
2025-05-13 08:07:24,287 [main] INFO  impl.MetricsSystemImpl (MetricsSystemImpl.java:init(158)) - HddsDatanode metrics system started (again)
2025-05-13 08:07:24,322 [main] INFO  protocol.DatanodeDetails (DatanodeDetails.java:validateDatanodeIpAddress(199)) - Updating IP address of datanode 5535968c-90e6-409a-bf55-78519abc7d70(pkrvmberfyhpb9w.internal.cloudapp.net/null) to 10.1.0.237
2025-05-13 08:07:24,323 [main] INFO  ozone.HddsDatanodeService (HddsDatanodeService.java:start(234)) - HddsDatanodeService 5535968c-90e6-409a-bf55-78519abc7d70(pkrvmberfyhpb9w.internal.cloudapp.net/10.1.0.237)
2025-05-13 08:07:24,334 [main] INFO  upgrade.AbstractLayoutVersionManager (AbstractLayoutVersionManager.java:init(80)) - Initializing Layout version manager with metadata layout = HBASE_SUPPORT (version = 8), software layout = HBASE_SUPPORT (version = 8)
2025-05-13 08:07:24,342 [main] INFO  statemachine.DatanodeStateMachine (DatanodeStateMachine.java:getEndPointTaskThreadPoolSize(298)) - Datanode State Machine Task Thread Pool size 2
2025-05-13 08:07:24,414 [main] INFO  fs.SaveSpaceUsageToFile (SaveSpaceUsageToFile.java:load(92)) - Cached usage info file /home/runner/work/ozone/ozone/hadoop-ozone/integration-test-s3/target/test-dir/MiniOzoneClusterImpl-95f4eac0-24f3-44c7-8c9c-9c62d5a0e831/ozone-meta/datanode-1/data-0/scmUsed not found
2025-05-13 08:07:24,429 [main] INFO  volume.HddsVolume (HddsVolume.java:<init>(158)) - HddsVolume: { id=DS-bc24e2c9-9786-4ec2-a340-c7fdea3b75cc dir=/home/runner/work/ozone/ozone/hadoop-ozone/integration-test-s3/target/test-dir/MiniOzoneClusterImpl-95f4eac0-24f3-44c7-8c9c-9c62d5a0e831/ozone-meta/datanode-1/data-0/hdds type=DISK capacity=76879465972 used=0 available=21338140672 minFree=5368709120 committed=0 }
2025-05-13 08:07:24,430 [main] INFO  volume.MutableVolumeSet (MutableVolumeSet.java:initializeVolumeSet(166)) - Added Volume : /home/runner/work/ozone/ozone/hadoop-ozone/integration-test-s3/target/test-dir/MiniOzoneClusterImpl-95f4eac0-24f3-44c7-8c9c-9c62d5a0e831/ozone-meta/datanode-1/data-0/hdds to VolumeSet
2025-05-13 08:07:24,433 [main] INFO  fs.SaveSpaceUsageToFile (SaveSpaceUsageToFile.java:load(92)) - Cached usage info file /home/runner/work/ozone/ozone/hadoop-ozone/integration-test-s3/target/test-dir/MiniOzoneClusterImpl-95f4eac0-24f3-44c7-8c9c-9c62d5a0e831/ozone-meta/datanode-1/ratis/scmUsed not found
2025-05-13 08:07:24,436 [main] INFO  volume.MutableVolumeSet (MutableVolumeSet.java:initializeVolumeSet(166)) - Added Volume : /home/runner/work/ozone/ozone/hadoop-ozone/integration-test-s3/target/test-dir/MiniOzoneClusterImpl-95f4eac0-24f3-44c7-8c9c-9c62d5a0e831/ozone-meta/datanode-1/ratis to VolumeSet
2025-05-13 08:07:24,443 [main] INFO  ozoneimpl.OzoneContainer (HddsVolumeUtil.java:loadAllHddsVolumeDbStore(102)) - Load 1 volumes DbStore cost: 1ms
2025-05-13 08:07:24,446 [main] WARN  db.DBStoreBuilder (DBStoreBuilder.java:getDBDirPath(160)) - ozone.scm.datanode.id.dir is not configured. We recommend adding this setting. Falling back to ozone.metadata.dirs instead.
2025-05-13 08:07:24,452 [main] WARN  db.DBStoreBuilder (DBStoreBuilder.java:getDBDirPath(160)) - ozone.scm.datanode.id.dir is not configured. We recommend adding this setting. Falling back to ozone.metadata.dirs instead.
2025-05-13 08:07:24,502 [main] INFO  impl.FilePerChunkStrategy (FilePerChunkStrategy.java:<init>(79)) - ozone.chunk.read.mapped.buffer.max.count is load with 0
2025-05-13 08:07:24,505 [main] INFO  impl.FilePerBlockStrategy (FilePerBlockStrategy.java:<init>(87)) - ozone.chunk.read.mapped.buffer.max.count is load with 0
2025-05-13 08:07:24,533 [main] INFO  audit.AuditLogger (AuditLogger.java:refreshDebugCmdSet(133)) - Refresh DebugCmdSet for DNAudit to [].
2025-05-13 08:07:24,553 [main] INFO  server.RaftServerConfigKeys (ConfUtils.java:logGet(46)) - raft.server.log.appender.buffer.byte-limit = 33554432 (custom)
2025-05-13 08:07:24,564 [main] INFO  server.RaftServer (ConfUtils.java:logGet(46)) - raft.rpc.type = GRPC (default)
2025-05-13 08:07:24,564 [main] INFO  grpc.GrpcConfigKeys (ConfUtils.java:logFallback(53)) - raft.grpc.admin.host = null (fallback to raft.grpc.server.host)
2025-05-13 08:07:24,565 [main] INFO  grpc.GrpcConfigKeys (ConfUtils.java:logGet(46)) - raft.grpc.admin.port = 15014 (custom)
2025-05-13 08:07:24,565 [main] INFO  grpc.GrpcConfigKeys (ConfUtils.java:logFallback(53)) - raft.grpc.client.host = null (fallback to raft.grpc.server.host)
2025-05-13 08:07:24,565 [main] INFO  grpc.GrpcConfigKeys (ConfUtils.java:logGet(46)) - raft.grpc.client.port = 15013 (custom)
2025-05-13 08:07:24,565 [main] INFO  grpc.GrpcConfigKeys (ConfUtils.java:logGet(46)) - raft.grpc.server.host = null (default)
2025-05-13 08:07:24,565 [main] INFO  grpc.GrpcConfigKeys (ConfUtils.java:logGet(46)) - raft.grpc.server.port = 15015 (custom)
2025-05-13 08:07:24,565 [main] INFO  server.GrpcService (ConfUtils.java:logGet(46)) - raft.grpc.message.size.max = 34603008 (custom)
2025-05-13 08:07:24,565 [main] INFO  server.GrpcService (ConfUtils.java:logGet(46)) - raft.grpc.flow.control.window = 5MB (=5242880) (custom)
2025-05-13 08:07:24,566 [main] INFO  server.RaftServerConfigKeys (ConfUtils.java:logGet(46)) - raft.server.rpc.request.timeout = 60s (custom)
2025-05-13 08:07:24,566 [main] INFO  grpc.GrpcConfigKeys (ConfUtils.java:logGet(46)) - raft.grpc.server.heartbeat.channel = true (default)
2025-05-13 08:07:24,566 [main] INFO  server.RaftServerConfigKeys (ConfUtils.java:logGet(46)) - raft.server.log.appender.buffer.byte-limit = 33554432 (custom)
2025-05-13 08:07:24,566 [main] INFO  grpc.GrpcConfigKeys (ConfUtils.java:logGet(46)) - raft.grpc.server.async.request.thread.pool.cached = true (default)
2025-05-13 08:07:24,566 [main] INFO  grpc.GrpcConfigKeys (ConfUtils.java:logGet(46)) - raft.grpc.server.async.request.thread.pool.size = 32 (default)
2025-05-13 08:07:24,568 [main] INFO  impl.DataStreamServerImpl (ConfUtils.java:logGet(46)) - raft.datastream.type = NETTY (custom)
2025-05-13 08:07:24,578 [main] INFO  server.RaftServerConfigKeys (ConfUtils.java:logGet(46)) - raft.server.data-stream.async.request.thread.pool.cached = false (default)
2025-05-13 08:07:24,578 [main] INFO  server.RaftServerConfigKeys (ConfUtils.java:logGet(46)) - raft.server.data-stream.async.request.thread.pool.size = 20 (custom)
2025-05-13 08:07:24,579 [main] INFO  server.RaftServerConfigKeys (ConfUtils.java:logGet(46)) - raft.server.data-stream.async.write.thread.pool.size = 16 (default)
2025-05-13 08:07:24,580 [main] INFO  netty.NettyConfigKeys$DataStream (ConfUtils.java:logGet(46)) - raft.netty.dataStream.server.channel.inactive.grace-period = 10min (default)
2025-05-13 08:07:24,581 [main] INFO  server.RaftServerConfigKeys (ConfUtils.java:logGet(46)) - raft.server.data-stream.client.pool.size = 10 (default)
2025-05-13 08:07:24,582 [main] INFO  netty.NettyConfigKeys$DataStream (ConfUtils.java:logGet(46)) - raft.netty.dataStream.server.use-epoll = true (default)
2025-05-13 08:07:24,583 [main] INFO  netty.NettyConfigKeys$DataStream (ConfUtils.java:logGet(46)) - raft.netty.dataStream.server.boss-group.size = 0 (default)
2025-05-13 08:07:24,583 [main] INFO  netty.NettyUtils (NettyUtils.java:newEventLoopGroup(74)) - Create EpollEventLoopGroup for 5535968c-90e6-409a-bf55-78519abc7d70-NettyServerStreamRpc-bossGroup; Thread size is 0.
2025-05-13 08:07:24,584 [main] INFO  netty.NettyConfigKeys$DataStream (ConfUtils.java:logGet(46)) - raft.netty.dataStream.server.worker-group.size = 0 (default)
2025-05-13 08:07:24,585 [main] INFO  netty.NettyUtils (NettyUtils.java:newEventLoopGroup(74)) - Create EpollEventLoopGroup for 5535968c-90e6-409a-bf55-78519abc7d70-NettyServerStreamRpc-workerGroup; Thread size is 0.
2025-05-13 08:07:24,586 [main] INFO  netty.NettyConfigKeys$DataStream (ConfUtils.java:logGet(46)) - raft.netty.dataStream.server.tls.conf = null (default)
2025-05-13 08:07:24,587 [main] INFO  netty.NettyConfigKeys$DataStream (ConfUtils.java:logGet(46)) - raft.netty.dataStream.host = null (default)
2025-05-13 08:07:24,587 [main] INFO  netty.NettyConfigKeys$DataStream (ConfUtils.java:logGet(46)) - raft.netty.dataStream.port = 15016 (custom)
2025-05-13 08:07:24,590 [main] INFO  server.RaftServerConfigKeys (ConfUtils.java:logGet(46)) - raft.server.sleep.deviation.threshold = 300ms (default)
2025-05-13 08:07:24,591 [main] INFO  server.RaftServerConfigKeys (ConfUtils.java:logGet(46)) - raft.server.close.threshold = 60s (default)
2025-05-13 08:07:24,591 [main] INFO  server.RaftServerConfigKeys (ConfUtils.java:logGet(46)) - raft.server.leaderelection.leader.step-down.wait-time = 10s (default)
2025-05-13 08:07:24,591 [main] INFO  server.RaftServerConfigKeys (ConfUtils.java:logGet(46)) - raft.server.storage.dir = [/home/runner/work/ozone/ozone/hadoop-ozone/integration-test-s3/target/test-dir/MiniOzoneClusterImpl-95f4eac0-24f3-44c7-8c9c-9c62d5a0e831/ozone-meta/datanode-1/ratis] (custom)
2025-05-13 08:07:24,591 [main] INFO  server.RaftServerConfigKeys (ConfUtils.java:logGet(46)) - raft.server.threadpool.proxy.cached = true (default)
2025-05-13 08:07:24,591 [main] INFO  server.RaftServerConfigKeys (ConfUtils.java:logGet(46)) - raft.server.threadpool.proxy.size = 0 (default)
2025-05-13 08:07:24,592 [5535968c-90e6-409a-bf55-78519abc7d70-impl-thread1] INFO  server.RaftServer (RaftServerProxy.java:initGroupDir(265)) - 5535968c-90e6-409a-bf55-78519abc7d70: found a subdirectory /home/runner/work/ozone/ozone/hadoop-ozone/integration-test-s3/target/test-dir/MiniOzoneClusterImpl-95f4eac0-24f3-44c7-8c9c-9c62d5a0e831/ozone-meta/datanode-1/ratis/tmp
2025-05-13 08:07:24,592 [5535968c-90e6-409a-bf55-78519abc7d70-impl-thread1] INFO  server.RaftServer (RaftServerProxy.java:initGroupDir(270)) - 5535968c-90e6-409a-bf55-78519abc7d70: The directory /home/runner/work/ozone/ozone/hadoop-ozone/integration-test-s3/target/test-dir/MiniOzoneClusterImpl-95f4eac0-24f3-44c7-8c9c-9c62d5a0e831/ozone-meta/datanode-1/ratis/tmp is not a group directory; ignoring it. 
2025-05-13 08:07:24,596 [main] INFO  replication.ReplicationServer (ReplicationServer.java:<init>(84)) - Initializing replication server with thread count = 10 queue length = 4096
2025-05-13 08:07:24,604 [5535968c-90e6-409a-bf55-78519abc7d70-NettyServerStreamRpc-bossGroup--thread1] INFO  logging.LoggingHandler (AbstractInternalLogger.java:log(148)) - [id: 0xc03aac9d] REGISTERED
2025-05-13 08:07:24,605 [5535968c-90e6-409a-bf55-78519abc7d70-NettyServerStreamRpc-bossGroup--thread1] INFO  logging.LoggingHandler (AbstractInternalLogger.java:log(148)) - [id: 0xc03aac9d] BIND: 0.0.0.0/0.0.0.0:15016
2025-05-13 08:07:24,606 [5535968c-90e6-409a-bf55-78519abc7d70-NettyServerStreamRpc-bossGroup--thread1] INFO  logging.LoggingHandler (AbstractInternalLogger.java:log(148)) - [id: 0xc03aac9d, L:/0.0.0.0:15016] ACTIVE
2025-05-13 08:07:24,625 [main] INFO  server.XceiverServerGrpc (XceiverServerGrpc.java:<init>(131)) - GrpcServer channel type EpollServerSocketChannel
2025-05-13 08:07:24,663 [main] INFO  replication.ReplicationSupervisor (ReplicationSupervisor.java:build(169)) - Initializing replication supervisor with thread count = 10
2025-05-13 08:07:24,664 [main] INFO  replication.ReplicationSupervisor (ReplicationSupervisor.java:nodeStateUpdated(358)) - Node state updated to IN_SERVICE, scaling executor pool size to 10
2025-05-13 08:07:24,712 [main] INFO  lib.Interns (Interns.java:removeEldestEntry(50)) - Metrics intern cache overflow at 2011 for MetricsSystem={MetricsSystem=MetricsInfoImpl{name=MetricsSystem, description=MetricsSystem}, MetricsSystem record=MetricsInfoImpl{name=MetricsSystem, description=MetricsSystem record}}
2025-05-13 08:07:24,748 [main] INFO  http.BaseHttpServer (BaseHttpServer.java:newHttpServer2BuilderForOzone(229)) - Starting Web-server for hddsDatanode at: http://0.0.0.0:15010
2025-05-13 08:07:24,749 [main] INFO  http.BaseHttpServer (BaseHttpServer.java:<init>(107)) - Hadoop Security Enabled: false Ozone Security Enabled: false Ozone HTTP Security Enabled: false 
2025-05-13 08:07:24,751 [main] WARN  server.AuthenticationFilter (AuthenticationFilter.java:constructSecretProvider(240)) - Unable to initialize FileSignerSecretProvider, falling back to use random secrets. Reason: Could not read signature secret file: /home/runner/hadoop-http-auth-signature-secret
2025-05-13 08:07:24,759 [main] INFO  http.HttpServer2 (HttpServer2.java:addGlobalFilter(1042)) - Added global filter 'safety' (class=org.apache.hadoop.hdds.server.http.HttpServer2$QuotingInputFilter)
2025-05-13 08:07:24,767 [main] INFO  http.HttpServer2 (HttpServer2.java:addFilter(1018)) - Added filter static_user_filter (class=org.apache.hadoop.http.lib.StaticUserWebFilter$StaticUserFilter) to context hddsDatanode
2025-05-13 08:07:24,767 [main] INFO  http.HttpServer2 (HttpServer2.java:addFilter(1026)) - Added filter static_user_filter (class=org.apache.hadoop.http.lib.StaticUserWebFilter$StaticUserFilter) to context static
2025-05-13 08:07:24,767 [main] INFO  http.HttpServer2 (HttpServer2.java:addFilter(1026)) - Added filter static_user_filter (class=org.apache.hadoop.http.lib.StaticUserWebFilter$StaticUserFilter) to context logs
2025-05-13 08:07:24,772 [main] INFO  http.BaseHttpServer (BaseHttpServer.java:<init>(195)) - HTTP server of hddsDatanode uses base directory /home/runner/work/ozone/ozone/hadoop-ozone/integration-test-s3/target/test-dir/MiniOzoneClusterImpl-95f4eac0-24f3-44c7-8c9c-9c62d5a0e831/ozone-meta/datanode-1/meta/webserver
2025-05-13 08:07:24,772 [main] INFO  http.HttpServer2 (HttpServer2.java:bindListener(1242)) - Jetty bound to port 15010
2025-05-13 08:07:24,773 [main] INFO  server.Server (Server.java:doStart(375)) - jetty-9.4.57.v20241219; built: 2025-01-08T21:24:30.412Z; git: df524e6b29271c2e09ba9aea83c18dc9db464a31; jvm 21.0.7+6-LTS
2025-05-13 08:07:24,784 [main] INFO  server.session (DefaultSessionIdManager.java:doStart(334)) - DefaultSessionIdManager workerName=node0
2025-05-13 08:07:24,785 [main] INFO  server.session (DefaultSessionIdManager.java:doStart(339)) - No SessionScavenger set, using defaults
2025-05-13 08:07:24,785 [main] INFO  server.session (HouseKeeper.java:startScavenging(132)) - node0 Scavenging every 600000ms
2025-05-13 08:07:24,787 [main] INFO  handler.ContextHandler (ContextHandler.java:doStart(921)) - Started o.e.j.s.ServletContextHandler@3ea4cfe0{logs,/logs,file:///home/runner/work/ozone/ozone/hadoop-ozone/integration-test-s3/target/log,AVAILABLE}
2025-05-13 08:07:24,788 [main] INFO  handler.ContextHandler (ContextHandler.java:doStart(921)) - Started o.e.j.s.ServletContextHandler@285e483f{static,/static,jar:file:/home/runner/work/ozone/ozone/hadoop-hdds/container-service/target/hdds-container-service-2.1.0-SNAPSHOT.jar!/webapps/static,AVAILABLE}
2025-05-13 08:07:25,011 [om1@group-C5BA1605619E-FollowerState] INFO  impl.FollowerState (FollowerState.java:runImpl(161)) - om1@group-C5BA1605619E-FollowerState: change to CANDIDATE, lastRpcElapsedTime:1098539566ns, electionTimeout:1095ms
2025-05-13 08:07:25,011 [om1@group-C5BA1605619E-FollowerState] INFO  impl.RoleInfo (RoleInfo.java:shutdownFollowerState(121)) - om1: shutdown om1@group-C5BA1605619E-FollowerState
2025-05-13 08:07:25,012 [om1@group-C5BA1605619E-FollowerState] INFO  server.RaftServer$Division (RaftServerImpl.java:setRole(378)) - om1@group-C5BA1605619E: changes role from  FOLLOWER to CANDIDATE at term 0 for changeToCandidate
2025-05-13 08:07:25,012 [om1@group-C5BA1605619E-FollowerState] INFO  server.RaftServerConfigKeys (ConfUtils.java:logGet(46)) - raft.server.leaderelection.pre-vote = true (default)
2025-05-13 08:07:25,012 [om1@group-C5BA1605619E-FollowerState] INFO  impl.RoleInfo (RoleInfo.java:updateAndGet(148)) - om1: start om1@group-C5BA1605619E-LeaderElection3
2025-05-13 08:07:25,017 [om1@group-C5BA1605619E-LeaderElection3] INFO  impl.LeaderElection (LeaderElection.java:askForVotes(332)) - om1@group-C5BA1605619E-LeaderElection3 PRE_VOTE round 0: submit vote requests at term 0 for conf: {index: -1, cur=peers:[om1|localhost:15009]|listeners:[], old=null}
2025-05-13 08:07:25,017 [om1@group-C5BA1605619E-LeaderElection3] INFO  impl.LeaderElection (LeaderElection.java:askForVotes(334)) - om1@group-C5BA1605619E-LeaderElection3 PRE_VOTE round 0: result PASSED (term=0)
2025-05-13 08:07:25,019 [om1@group-C5BA1605619E-LeaderElection3] INFO  impl.LeaderElection (LeaderElection.java:askForVotes(332)) - om1@group-C5BA1605619E-LeaderElection3 ELECTION round 0: submit vote requests at term 1 for conf: {index: -1, cur=peers:[om1|localhost:15009]|listeners:[], old=null}
2025-05-13 08:07:25,019 [om1@group-C5BA1605619E-LeaderElection3] INFO  impl.LeaderElection (LeaderElection.java:askForVotes(334)) - om1@group-C5BA1605619E-LeaderElection3 ELECTION round 0: result PASSED (term=1)
2025-05-13 08:07:25,020 [om1@group-C5BA1605619E-LeaderElection3] INFO  impl.RoleInfo (RoleInfo.java:shutdownLeaderElection(141)) - om1: shutdown om1@group-C5BA1605619E-LeaderElection3
2025-05-13 08:07:25,020 [om1@group-C5BA1605619E-LeaderElection3] INFO  server.RaftServer$Division (RaftServerImpl.java:setRole(378)) - om1@group-C5BA1605619E: changes role from CANDIDATE to LEADER at term 1 for changeToLeader
2025-05-13 08:07:25,020 [om1@group-C5BA1605619E-LeaderElection3] INFO  server.RaftServerConfigKeys (ConfUtils.java:logGet(46)) - raft.server.staging.catchup.gap = 1000 (default)
2025-05-13 08:07:25,020 [om1@group-C5BA1605619E-LeaderElection3] INFO  server.RaftServerConfigKeys (ConfUtils.java:logGet(46)) - raft.server.write.element-limit = 4096 (default)
2025-05-13 08:07:25,020 [om1@group-C5BA1605619E-LeaderElection3] INFO  server.RaftServerConfigKeys (ConfUtils.java:logGet(46)) - raft.server.write.byte-limit = 64MB (=67108864) (default)
2025-05-13 08:07:25,021 [om1@group-C5BA1605619E-LeaderElection3] INFO  server.RaftServerConfigKeys (ConfUtils.java:logGet(46)) - raft.server.watch.timeout = 10s (default)
2025-05-13 08:07:25,021 [om1@group-C5BA1605619E-LeaderElection3] INFO  server.RaftServerConfigKeys (ConfUtils.java:logGet(46)) - raft.server.watch.timeout.denomination = 1s (default)
2025-05-13 08:07:25,021 [om1@group-C5BA1605619E-LeaderElection3] INFO  server.RaftServerConfigKeys (ConfUtils.java:logGet(46)) - raft.server.watch.element-limit = 65536 (default)
2025-05-13 08:07:25,021 [om1@group-C5BA1605619E-LeaderElection3] INFO  server.RaftServerConfigKeys (ConfUtils.java:logGet(46)) - raft.server.read.leader.lease.enabled = false (default)
2025-05-13 08:07:25,023 [om1@group-C5BA1605619E-LeaderElection3] INFO  server.RaftServerConfigKeys (ConfUtils.java:logGet(46)) - raft.server.read.leader.lease.timeout.ratio = 0.9 (default)
2025-05-13 08:07:25,023 [om1@group-C5BA1605619E-LeaderElection3] INFO  server.RaftServerConfigKeys (ConfUtils.java:logGet(46)) - raft.server.rpc.timeout.min = 1s (custom)
2025-05-13 08:07:25,023 [om1@group-C5BA1605619E-LeaderElection3] INFO  server.RaftServerConfigKeys (ConfUtils.java:logGet(46)) - raft.server.log.log-metadata.enabled = true (default)
2025-05-13 08:07:25,023 [om1@group-C5BA1605619E-LeaderElection3] INFO  server.RaftServerConfigKeys (ConfUtils.java:logGet(46)) - raft.server.write.element-limit = 4096 (default)
2025-05-13 08:07:25,023 [om1@group-C5BA1605619E-LeaderElection3] INFO  server.RaftServerConfigKeys (ConfUtils.java:logGet(46)) - raft.server.write.follower.gap.ratio.max = -1.0 (default)
2025-05-13 08:07:25,023 [om1@group-C5BA1605619E-LeaderElection3] INFO  impl.RoleInfo (RoleInfo.java:updateAndGet(148)) - om1: start om1@group-C5BA1605619E-LeaderStateImpl
2025-05-13 08:07:25,023 [om1@group-C5BA1605619E-LeaderElection3] INFO  server.RaftServer$Division (RaftServerImpl.java:setFirstElection(562)) - om1@group-C5BA1605619E: set firstElectionSinceStartup to false for becomeLeader
2025-05-13 08:07:25,025 [om1@group-C5BA1605619E-LeaderElection3] INFO  ratis.OzoneManagerStateMachine (OzoneManagerStateMachine.java:notifyLeaderChanged(174)) - om1@group-C5BA1605619E: leader changed to om1
2025-05-13 08:07:25,025 [om1@group-C5BA1605619E-LeaderElection3] INFO  server.RaftServer$Division (ServerState.java:setLeader(272)) - om1@group-C5BA1605619E: change Leader from null to om1 at term 1 for becomeLeader, leader elected after 2480ms
2025-05-13 08:07:25,025 [om1@group-C5BA1605619E-LeaderElection3] INFO  segmented.SegmentedRaftLogWorker (SegmentedRaftLogWorker.java:startLogSegment(438)) - om1@group-C5BA1605619E-SegmentedRaftLogWorker: Starting segment from index:0
2025-05-13 08:07:25,029 [om1@group-C5BA1605619E-LeaderElection3] INFO  server.RaftServer$Division (ServerState.java:setRaftConf(386)) - om1@group-C5BA1605619E: set configuration conf: {index: 0, cur=peers:[om1|localhost:15009]|listeners:[], old=null}
2025-05-13 08:07:25,029 [om1@group-C5BA1605619E-SegmentedRaftLogWorker] INFO  segmented.BufferedWriteChannel (BufferedWriteChannel.java:open(61)) - open log_inprogress_0 at position 0
2025-05-13 08:07:25,038 [main] INFO  handler.ContextHandler (ContextHandler.java:doStart(921)) - Started o.e.j.w.WebAppContext@2edd4b9f{hddsDatanode,/,file:///home/runner/work/ozone/ozone/hadoop-ozone/integration-test-s3/target/test-dir/MiniOzoneClusterImpl-95f4eac0-24f3-44c7-8c9c-9c62d5a0e831/ozone-meta/datanode-1/meta/webserver/jetty-0_0_0_0-15010-hdds-container-service-2_1_0-SNAPSHOT_jar-_-any-16153381538938734300/webapp/,AVAILABLE}{jar:file:/home/runner/work/ozone/ozone/hadoop-hdds/container-service/target/hdds-container-service-2.1.0-SNAPSHOT.jar!/webapps/hddsDatanode}
2025-05-13 08:07:25,039 [main] INFO  server.AbstractConnector (AbstractConnector.java:doStart(333)) - Started ServerConnector@77dd1899{HTTP/1.1, (http/1.1)}{0.0.0.0:15010}
2025-05-13 08:07:25,040 [main] INFO  server.Server (Server.java:doStart(415)) - Started @13829ms
2025-05-13 08:07:25,040 [main] WARN  impl.MetricsSystemImpl (MetricsSystemImpl.java:register(279)) - Sink prometheus already exists!
2025-05-13 08:07:25,041 [main] INFO  http.BaseHttpServer (BaseHttpServer.java:updateConnectorAddress(359)) - HTTP server of hddsDatanode listening at http://0.0.0.0:15010
2025-05-13 08:07:25,043 [om1@group-C5BA1605619E-SegmentedRaftLogWorker] INFO  segmented.SegmentedRaftLogWorker (SegmentedRaftLogWorker.java:execute(644)) - om1@group-C5BA1605619E-SegmentedRaftLogWorker: created new log segment /home/runner/work/ozone/ozone/hadoop-ozone/integration-test-s3/target/test-dir/MiniOzoneClusterImpl-95f4eac0-24f3-44c7-8c9c-9c62d5a0e831/ozone-meta/ratis/bf265839-605b-3f16-9796-c5ba1605619e/current/log_inprogress_0
2025-05-13 08:07:25,046 [main] INFO  ipc.CallQueueManager (CallQueueManager.java:<init>(93)) - Using callQueue: class java.util.concurrent.LinkedBlockingQueue, queueCapacity: 1000, scheduler: class org.apache.hadoop.ipc.DefaultRpcScheduler, ipcBackoff: false, ipcFailOver: false.
2025-05-13 08:07:25,047 [main] INFO  ipc.Server (Server.java:<init>(1438)) - Listener at 0.0.0.0:15011
2025-05-13 08:07:25,048 [om1@group-C5BA1605619E-StateMachineUpdater] INFO  ratis.OzoneManagerStateMachine (OzoneManagerStateMachine.java:notifyConfigurationChanged(236)) - notifyConfigurationChanged from Ratis: term=1, index=0, New Peer list: om1(localhost:15009)
2025-05-13 08:07:25,049 [Socket Reader #3 for port 15011] INFO  ipc.Server (Server.java:run(1474)) - Starting Socket Reader #3 for port 15011
2025-05-13 08:07:25,048 [Socket Reader #2 for port 15011] INFO  ipc.Server (Server.java:run(1474)) - Starting Socket Reader #2 for port 15011
2025-05-13 08:07:25,049 [Socket Reader #1 for port 15011] INFO  ipc.Server (Server.java:run(1474)) - Starting Socket Reader #1 for port 15011
2025-05-13 08:07:25,049 [om1@group-C5BA1605619E-StateMachineUpdater] INFO  server.RaftServer$Division (LeaderStateImpl.java:checkStartIndex(313)) - Leader om1@group-C5BA1605619E-LeaderStateImpl is ready since appliedIndex == startIndex == 0
2025-05-13 08:07:25,050 [Socket Reader #4 for port 15011] INFO  ipc.Server (Server.java:run(1474)) - Starting Socket Reader #4 for port 15011
2025-05-13 08:07:25,051 [Socket Reader #5 for port 15011] INFO  ipc.Server (Server.java:run(1474)) - Starting Socket Reader #5 for port 15011
2025-05-13 08:07:25,052 [Socket Reader #6 for port 15011] INFO  ipc.Server (Server.java:run(1474)) - Starting Socket Reader #6 for port 15011
2025-05-13 08:07:25,053 [Socket Reader #7 for port 15011] INFO  ipc.Server (Server.java:run(1474)) - Starting Socket Reader #7 for port 15011
2025-05-13 08:07:25,054 [Socket Reader #8 for port 15011] INFO  ipc.Server (Server.java:run(1474)) - Starting Socket Reader #8 for port 15011
2025-05-13 08:07:25,054 [Socket Reader #9 for port 15011] INFO  ipc.Server (Server.java:run(1474)) - Starting Socket Reader #9 for port 15011
2025-05-13 08:07:25,055 [Socket Reader #10 for port 15011] INFO  ipc.Server (Server.java:run(1474)) - Starting Socket Reader #10 for port 15011
2025-05-13 08:07:25,063 [main] INFO  ozone.HddsDatanodeService (HddsDatanodeService.java:start(325)) - Datanode start with admins: [runner]
2025-05-13 08:07:25,063 [main] INFO  ozone.HddsDatanodeClientProtocolServer (HddsDatanodeClientProtocolServer.java:start(76)) - RPC server for Client /0.0.0.0:15011
2025-05-13 08:07:25,065 [IPC Server Responder] INFO  ipc.Server (Server.java:run(1713)) - IPC Server Responder: starting
2025-05-13 08:07:25,065 [IPC Server listener on 15011] INFO  ipc.Server (Server.java:run(1553)) - IPC Server listener on 15011: starting
2025-05-13 08:07:25,069 [main] WARN  dropwizard3.Dm3MetricRegistriesImpl (Dm3MetricRegistriesImpl.java:addReporterRegistration(114)) - New reporters are added after registries were created. Some metrics will be missing from the reporter. Please add reporter before adding any new registry.
2025-05-13 08:07:25,069 [main] WARN  dropwizard3.Dm3MetricRegistriesImpl (Dm3MetricRegistriesImpl.java:addReporterRegistration(114)) - New reporters are added after registries were created. Some metrics will be missing from the reporter. Please add reporter before adding any new registry.
2025-05-13 08:07:25,069 [main] INFO  impl.MetricsSystemImpl (MetricsSystemImpl.java:init(158)) - HddsDatanode metrics system started (again)
2025-05-13 08:07:25,085 [5535968c-90e6-409a-bf55-78519abc7d70-DatanodeStateMachineDaemonThread] INFO  statemachine.DatanodeStateMachine (DatanodeStateMachine.java:startStateMachineThread(340)) - Ozone container server started.
2025-05-13 08:07:25,089 [main] INFO  protocol.DatanodeDetails (DatanodeDetails.java:validateDatanodeIpAddress(199)) - Updating IP address of datanode 214a71e2-145e-48a6-8ba5-d603b385d06b(pkrvmberfyhpb9w.internal.cloudapp.net/null) to 10.1.0.237
2025-05-13 08:07:25,089 [main] INFO  ozone.HddsDatanodeService (HddsDatanodeService.java:start(234)) - HddsDatanodeService 214a71e2-145e-48a6-8ba5-d603b385d06b(pkrvmberfyhpb9w.internal.cloudapp.net/10.1.0.237)
2025-05-13 08:07:25,097 [main] INFO  upgrade.AbstractLayoutVersionManager (AbstractLayoutVersionManager.java:init(80)) - Initializing Layout version manager with metadata layout = HBASE_SUPPORT (version = 8), software layout = HBASE_SUPPORT (version = 8)
2025-05-13 08:07:25,098 [main] INFO  statemachine.DatanodeStateMachine (DatanodeStateMachine.java:getEndPointTaskThreadPoolSize(298)) - Datanode State Machine Task Thread Pool size 2
2025-05-13 08:07:25,103 [main] INFO  fs.SaveSpaceUsageToFile (SaveSpaceUsageToFile.java:load(92)) - Cached usage info file /home/runner/work/ozone/ozone/hadoop-ozone/integration-test-s3/target/test-dir/MiniOzoneClusterImpl-95f4eac0-24f3-44c7-8c9c-9c62d5a0e831/ozone-meta/datanode-2/data-0/scmUsed not found
2025-05-13 08:07:25,111 [main] INFO  volume.HddsVolume (HddsVolume.java:<init>(158)) - HddsVolume: { id=DS-9642958f-e916-4862-aad1-39c200e86748 dir=/home/runner/work/ozone/ozone/hadoop-ozone/integration-test-s3/target/test-dir/MiniOzoneClusterImpl-95f4eac0-24f3-44c7-8c9c-9c62d5a0e831/ozone-meta/datanode-2/data-0/hdds type=DISK capacity=76879465972 used=0 available=21314125824 minFree=5368709120 committed=0 }
2025-05-13 08:07:25,111 [main] INFO  volume.MutableVolumeSet (MutableVolumeSet.java:initializeVolumeSet(166)) - Added Volume : /home/runner/work/ozone/ozone/hadoop-ozone/integration-test-s3/target/test-dir/MiniOzoneClusterImpl-95f4eac0-24f3-44c7-8c9c-9c62d5a0e831/ozone-meta/datanode-2/data-0/hdds to VolumeSet
2025-05-13 08:07:25,115 [main] INFO  fs.SaveSpaceUsageToFile (SaveSpaceUsageToFile.java:load(92)) - Cached usage info file /home/runner/work/ozone/ozone/hadoop-ozone/integration-test-s3/target/test-dir/MiniOzoneClusterImpl-95f4eac0-24f3-44c7-8c9c-9c62d5a0e831/ozone-meta/datanode-2/ratis/scmUsed not found
2025-05-13 08:07:25,119 [main] INFO  volume.MutableVolumeSet (MutableVolumeSet.java:initializeVolumeSet(166)) - Added Volume : /home/runner/work/ozone/ozone/hadoop-ozone/integration-test-s3/target/test-dir/MiniOzoneClusterImpl-95f4eac0-24f3-44c7-8c9c-9c62d5a0e831/ozone-meta/datanode-2/ratis to VolumeSet
2025-05-13 08:07:25,120 [main] INFO  ozoneimpl.OzoneContainer (HddsVolumeUtil.java:loadAllHddsVolumeDbStore(102)) - Load 1 volumes DbStore cost: 0ms
2025-05-13 08:07:25,124 [main] WARN  db.DBStoreBuilder (DBStoreBuilder.java:getDBDirPath(160)) - ozone.scm.datanode.id.dir is not configured. We recommend adding this setting. Falling back to ozone.metadata.dirs instead.
2025-05-13 08:07:25,125 [main] WARN  db.DBStoreBuilder (DBStoreBuilder.java:getDBDirPath(160)) - ozone.scm.datanode.id.dir is not configured. We recommend adding this setting. Falling back to ozone.metadata.dirs instead.
2025-05-13 08:07:25,153 [main] INFO  impl.FilePerChunkStrategy (FilePerChunkStrategy.java:<init>(79)) - ozone.chunk.read.mapped.buffer.max.count is load with 0
2025-05-13 08:07:25,153 [main] INFO  impl.FilePerBlockStrategy (FilePerBlockStrategy.java:<init>(87)) - ozone.chunk.read.mapped.buffer.max.count is load with 0
2025-05-13 08:07:25,158 [main] INFO  server.RaftServerConfigKeys (ConfUtils.java:logGet(46)) - raft.server.log.appender.buffer.byte-limit = 33554432 (custom)
2025-05-13 08:07:25,161 [main] INFO  server.RaftServer (ConfUtils.java:logGet(46)) - raft.rpc.type = GRPC (default)
2025-05-13 08:07:25,162 [main] INFO  grpc.GrpcConfigKeys (ConfUtils.java:logFallback(53)) - raft.grpc.admin.host = null (fallback to raft.grpc.server.host)
2025-05-13 08:07:25,162 [main] INFO  grpc.GrpcConfigKeys (ConfUtils.java:logGet(46)) - raft.grpc.admin.port = 15022 (custom)
2025-05-13 08:07:25,162 [main] INFO  grpc.GrpcConfigKeys (ConfUtils.java:logFallback(53)) - raft.grpc.client.host = null (fallback to raft.grpc.server.host)
2025-05-13 08:07:25,164 [main] INFO  grpc.GrpcConfigKeys (ConfUtils.java:logGet(46)) - raft.grpc.client.port = 15021 (custom)
2025-05-13 08:07:25,164 [main] INFO  grpc.GrpcConfigKeys (ConfUtils.java:logGet(46)) - raft.grpc.server.host = null (default)
2025-05-13 08:07:25,164 [main] INFO  grpc.GrpcConfigKeys (ConfUtils.java:logGet(46)) - raft.grpc.server.port = 15023 (custom)
2025-05-13 08:07:25,164 [main] INFO  server.GrpcService (ConfUtils.java:logGet(46)) - raft.grpc.message.size.max = 34603008 (custom)
2025-05-13 08:07:25,164 [main] INFO  server.GrpcService (ConfUtils.java:logGet(46)) - raft.grpc.flow.control.window = 5MB (=5242880) (custom)
2025-05-13 08:07:25,164 [main] INFO  server.RaftServerConfigKeys (ConfUtils.java:logGet(46)) - raft.server.rpc.request.timeout = 60s (custom)
2025-05-13 08:07:25,164 [main] INFO  grpc.GrpcConfigKeys (ConfUtils.java:logGet(46)) - raft.grpc.server.heartbeat.channel = true (default)
2025-05-13 08:07:25,165 [main] INFO  server.RaftServerConfigKeys (ConfUtils.java:logGet(46)) - raft.server.log.appender.buffer.byte-limit = 33554432 (custom)
2025-05-13 08:07:25,166 [main] INFO  grpc.GrpcConfigKeys (ConfUtils.java:logGet(46)) - raft.grpc.server.async.request.thread.pool.cached = true (default)
2025-05-13 08:07:25,166 [main] INFO  grpc.GrpcConfigKeys (ConfUtils.java:logGet(46)) - raft.grpc.server.async.request.thread.pool.size = 32 (default)
2025-05-13 08:07:25,171 [main] INFO  impl.DataStreamServerImpl (ConfUtils.java:logGet(46)) - raft.datastream.type = NETTY (custom)
2025-05-13 08:07:25,173 [main] INFO  server.RaftServerConfigKeys (ConfUtils.java:logGet(46)) - raft.server.data-stream.async.request.thread.pool.cached = false (default)
2025-05-13 08:07:25,173 [main] INFO  server.RaftServerConfigKeys (ConfUtils.java:logGet(46)) - raft.server.data-stream.async.request.thread.pool.size = 20 (custom)
2025-05-13 08:07:25,173 [main] INFO  server.RaftServerConfigKeys (ConfUtils.java:logGet(46)) - raft.server.data-stream.async.write.thread.pool.size = 16 (default)
2025-05-13 08:07:25,174 [main] INFO  netty.NettyConfigKeys$DataStream (ConfUtils.java:logGet(46)) - raft.netty.dataStream.server.channel.inactive.grace-period = 10min (default)
2025-05-13 08:07:25,174 [main] INFO  server.RaftServerConfigKeys (ConfUtils.java:logGet(46)) - raft.server.data-stream.client.pool.size = 10 (default)
2025-05-13 08:07:25,175 [main] INFO  netty.NettyConfigKeys$DataStream (ConfUtils.java:logGet(46)) - raft.netty.dataStream.server.use-epoll = true (default)
2025-05-13 08:07:25,175 [main] INFO  netty.NettyConfigKeys$DataStream (ConfUtils.java:logGet(46)) - raft.netty.dataStream.server.boss-group.size = 0 (default)
2025-05-13 08:07:25,176 [main] INFO  netty.NettyUtils (NettyUtils.java:newEventLoopGroup(74)) - Create EpollEventLoopGroup for 214a71e2-145e-48a6-8ba5-d603b385d06b-NettyServerStreamRpc-bossGroup; Thread size is 0.
2025-05-13 08:07:25,178 [main] INFO  netty.NettyConfigKeys$DataStream (ConfUtils.java:logGet(46)) - raft.netty.dataStream.server.worker-group.size = 0 (default)
2025-05-13 08:07:25,178 [main] INFO  netty.NettyUtils (NettyUtils.java:newEventLoopGroup(74)) - Create EpollEventLoopGroup for 214a71e2-145e-48a6-8ba5-d603b385d06b-NettyServerStreamRpc-workerGroup; Thread size is 0.
2025-05-13 08:07:25,180 [main] INFO  netty.NettyConfigKeys$DataStream (ConfUtils.java:logGet(46)) - raft.netty.dataStream.server.tls.conf = null (default)
2025-05-13 08:07:25,181 [main] INFO  netty.NettyConfigKeys$DataStream (ConfUtils.java:logGet(46)) - raft.netty.dataStream.host = null (default)
2025-05-13 08:07:25,181 [main] INFO  netty.NettyConfigKeys$DataStream (ConfUtils.java:logGet(46)) - raft.netty.dataStream.port = 15024 (custom)
2025-05-13 08:07:25,183 [main] INFO  server.RaftServerConfigKeys (ConfUtils.java:logGet(46)) - raft.server.sleep.deviation.threshold = 300ms (default)
2025-05-13 08:07:25,185 [main] INFO  server.RaftServerConfigKeys (ConfUtils.java:logGet(46)) - raft.server.close.threshold = 60s (default)
2025-05-13 08:07:25,185 [main] INFO  server.RaftServerConfigKeys (ConfUtils.java:logGet(46)) - raft.server.leaderelection.leader.step-down.wait-time = 10s (default)
2025-05-13 08:07:25,185 [main] INFO  server.RaftServerConfigKeys (ConfUtils.java:logGet(46)) - raft.server.storage.dir = [/home/runner/work/ozone/ozone/hadoop-ozone/integration-test-s3/target/test-dir/MiniOzoneClusterImpl-95f4eac0-24f3-44c7-8c9c-9c62d5a0e831/ozone-meta/datanode-2/ratis] (custom)
2025-05-13 08:07:25,187 [main] INFO  server.RaftServerConfigKeys (ConfUtils.java:logGet(46)) - raft.server.threadpool.proxy.cached = true (default)
2025-05-13 08:07:25,187 [main] INFO  server.RaftServerConfigKeys (ConfUtils.java:logGet(46)) - raft.server.threadpool.proxy.size = 0 (default)
2025-05-13 08:07:25,183 [214a71e2-145e-48a6-8ba5-d603b385d06b-NettyServerStreamRpc-bossGroup--thread1] INFO  logging.LoggingHandler (AbstractInternalLogger.java:log(148)) - [id: 0x61e586a4] REGISTERED
2025-05-13 08:07:25,187 [214a71e2-145e-48a6-8ba5-d603b385d06b-NettyServerStreamRpc-bossGroup--thread1] INFO  logging.LoggingHandler (AbstractInternalLogger.java:log(148)) - [id: 0x61e586a4] BIND: 0.0.0.0/0.0.0.0:15024
2025-05-13 08:07:25,190 [214a71e2-145e-48a6-8ba5-d603b385d06b-NettyServerStreamRpc-bossGroup--thread1] INFO  logging.LoggingHandler (AbstractInternalLogger.java:log(148)) - [id: 0x61e586a4, L:/0.0.0.0:15024] ACTIVE
2025-05-13 08:07:25,190 [214a71e2-145e-48a6-8ba5-d603b385d06b-impl-thread1] INFO  server.RaftServer (RaftServerProxy.java:initGroupDir(265)) - 214a71e2-145e-48a6-8ba5-d603b385d06b: found a subdirectory /home/runner/work/ozone/ozone/hadoop-ozone/integration-test-s3/target/test-dir/MiniOzoneClusterImpl-95f4eac0-24f3-44c7-8c9c-9c62d5a0e831/ozone-meta/datanode-2/ratis/tmp
2025-05-13 08:07:25,190 [214a71e2-145e-48a6-8ba5-d603b385d06b-impl-thread1] INFO  server.RaftServer (RaftServerProxy.java:initGroupDir(270)) - 214a71e2-145e-48a6-8ba5-d603b385d06b: The directory /home/runner/work/ozone/ozone/hadoop-ozone/integration-test-s3/target/test-dir/MiniOzoneClusterImpl-95f4eac0-24f3-44c7-8c9c-9c62d5a0e831/ozone-meta/datanode-2/ratis/tmp is not a group directory; ignoring it. 
2025-05-13 08:07:25,190 [main] INFO  replication.ReplicationServer (ReplicationServer.java:<init>(84)) - Initializing replication server with thread count = 10 queue length = 4096
2025-05-13 08:07:25,192 [main] INFO  server.XceiverServerGrpc (XceiverServerGrpc.java:<init>(131)) - GrpcServer channel type EpollServerSocketChannel
2025-05-13 08:07:25,195 [main] INFO  replication.ReplicationSupervisor (ReplicationSupervisor.java:build(169)) - Initializing replication supervisor with thread count = 10
2025-05-13 08:07:25,195 [main] INFO  replication.ReplicationSupervisor (ReplicationSupervisor.java:nodeStateUpdated(358)) - Node state updated to IN_SERVICE, scaling executor pool size to 10
2025-05-13 08:07:25,205 [main] INFO  http.BaseHttpServer (BaseHttpServer.java:newHttpServer2BuilderForOzone(229)) - Starting Web-server for hddsDatanode at: http://0.0.0.0:15018
2025-05-13 08:07:25,205 [main] INFO  http.BaseHttpServer (BaseHttpServer.java:<init>(107)) - Hadoop Security Enabled: false Ozone Security Enabled: false Ozone HTTP Security Enabled: false 
2025-05-13 08:07:25,211 [5535968c-90e6-409a-bf55-78519abc7d70-DatanodeStateMachineTaskThread-0] INFO  datanode.InitDatanodeState (InitDatanodeState.java:persistContainerDatanodeDetails(139)) - DatanodeDetails is persisted to /home/runner/work/ozone/ozone/hadoop-ozone/integration-test-s3/target/test-dir/MiniOzoneClusterImpl-95f4eac0-24f3-44c7-8c9c-9c62d5a0e831/ozone-meta/datanode-1/meta/datanode.id
2025-05-13 08:07:25,212 [main] WARN  server.AuthenticationFilter (AuthenticationFilter.java:constructSecretProvider(240)) - Unable to initialize FileSignerSecretProvider, falling back to use random secrets. Reason: Could not read signature secret file: /home/runner/hadoop-http-auth-signature-secret
2025-05-13 08:07:25,216 [main] INFO  http.HttpServer2 (HttpServer2.java:addGlobalFilter(1042)) - Added global filter 'safety' (class=org.apache.hadoop.hdds.server.http.HttpServer2$QuotingInputFilter)
2025-05-13 08:07:25,218 [main] INFO  http.HttpServer2 (HttpServer2.java:addFilter(1018)) - Added filter static_user_filter (class=org.apache.hadoop.http.lib.StaticUserWebFilter$StaticUserFilter) to context hddsDatanode
2025-05-13 08:07:25,218 [main] INFO  http.HttpServer2 (HttpServer2.java:addFilter(1026)) - Added filter static_user_filter (class=org.apache.hadoop.http.lib.StaticUserWebFilter$StaticUserFilter) to context logs
2025-05-13 08:07:25,219 [main] INFO  http.HttpServer2 (HttpServer2.java:addFilter(1026)) - Added filter static_user_filter (class=org.apache.hadoop.http.lib.StaticUserWebFilter$StaticUserFilter) to context static
2025-05-13 08:07:25,220 [main] INFO  http.BaseHttpServer (BaseHttpServer.java:<init>(195)) - HTTP server of hddsDatanode uses base directory /home/runner/work/ozone/ozone/hadoop-ozone/integration-test-s3/target/test-dir/MiniOzoneClusterImpl-95f4eac0-24f3-44c7-8c9c-9c62d5a0e831/ozone-meta/datanode-2/meta/webserver
2025-05-13 08:07:25,221 [main] INFO  http.HttpServer2 (HttpServer2.java:bindListener(1242)) - Jetty bound to port 15018
2025-05-13 08:07:25,221 [main] INFO  server.Server (Server.java:doStart(375)) - jetty-9.4.57.v20241219; built: 2025-01-08T21:24:30.412Z; git: df524e6b29271c2e09ba9aea83c18dc9db464a31; jvm 21.0.7+6-LTS
2025-05-13 08:07:25,228 [main] INFO  server.session (DefaultSessionIdManager.java:doStart(334)) - DefaultSessionIdManager workerName=node0
2025-05-13 08:07:25,228 [main] INFO  server.session (DefaultSessionIdManager.java:doStart(339)) - No SessionScavenger set, using defaults
2025-05-13 08:07:25,228 [main] INFO  server.session (HouseKeeper.java:startScavenging(132)) - node0 Scavenging every 660000ms
2025-05-13 08:07:25,230 [main] INFO  handler.ContextHandler (ContextHandler.java:doStart(921)) - Started o.e.j.s.ServletContextHandler@960a64a{logs,/logs,file:///home/runner/work/ozone/ozone/hadoop-ozone/integration-test-s3/target/log,AVAILABLE}
2025-05-13 08:07:25,231 [main] INFO  handler.ContextHandler (ContextHandler.java:doStart(921)) - Started o.e.j.s.ServletContextHandler@3706ba88{static,/static,jar:file:/home/runner/work/ozone/ozone/hadoop-hdds/container-service/target/hdds-container-service-2.1.0-SNAPSHOT.jar!/webapps/static,AVAILABLE}
2025-05-13 08:07:25,415 [main] INFO  handler.ContextHandler (ContextHandler.java:doStart(921)) - Started o.e.j.w.WebAppContext@2eed4dd6{hddsDatanode,/,file:///home/runner/work/ozone/ozone/hadoop-ozone/integration-test-s3/target/test-dir/MiniOzoneClusterImpl-95f4eac0-24f3-44c7-8c9c-9c62d5a0e831/ozone-meta/datanode-2/meta/webserver/jetty-0_0_0_0-15018-hdds-container-service-2_1_0-SNAPSHOT_jar-_-any-1127065929618456918/webapp/,AVAILABLE}{jar:file:/home/runner/work/ozone/ozone/hadoop-hdds/container-service/target/hdds-container-service-2.1.0-SNAPSHOT.jar!/webapps/hddsDatanode}
2025-05-13 08:07:25,417 [main] INFO  server.AbstractConnector (AbstractConnector.java:doStart(333)) - Started ServerConnector@77ad33c{HTTP/1.1, (http/1.1)}{0.0.0.0:15018}
2025-05-13 08:07:25,417 [main] INFO  server.Server (Server.java:doStart(415)) - Started @14206ms
2025-05-13 08:07:25,417 [main] WARN  impl.MetricsSystemImpl (MetricsSystemImpl.java:register(279)) - Sink prometheus already exists!
2025-05-13 08:07:25,418 [main] INFO  http.BaseHttpServer (BaseHttpServer.java:updateConnectorAddress(359)) - HTTP server of hddsDatanode listening at http://0.0.0.0:15018
2025-05-13 08:07:25,419 [main] INFO  ipc.CallQueueManager (CallQueueManager.java:<init>(93)) - Using callQueue: class java.util.concurrent.LinkedBlockingQueue, queueCapacity: 1000, scheduler: class org.apache.hadoop.ipc.DefaultRpcScheduler, ipcBackoff: false, ipcFailOver: false.
2025-05-13 08:07:25,420 [main] INFO  ipc.Server (Server.java:<init>(1438)) - Listener at 0.0.0.0:15019
2025-05-13 08:07:25,420 [Socket Reader #1 for port 15019] INFO  ipc.Server (Server.java:run(1474)) - Starting Socket Reader #1 for port 15019
2025-05-13 08:07:25,421 [Socket Reader #2 for port 15019] INFO  ipc.Server (Server.java:run(1474)) - Starting Socket Reader #2 for port 15019
2025-05-13 08:07:25,422 [Socket Reader #3 for port 15019] INFO  ipc.Server (Server.java:run(1474)) - Starting Socket Reader #3 for port 15019
2025-05-13 08:07:25,423 [Socket Reader #4 for port 15019] INFO  ipc.Server (Server.java:run(1474)) - Starting Socket Reader #4 for port 15019
2025-05-13 08:07:25,423 [Socket Reader #5 for port 15019] INFO  ipc.Server (Server.java:run(1474)) - Starting Socket Reader #5 for port 15019
2025-05-13 08:07:25,424 [Socket Reader #6 for port 15019] INFO  ipc.Server (Server.java:run(1474)) - Starting Socket Reader #6 for port 15019
2025-05-13 08:07:25,425 [Socket Reader #7 for port 15019] INFO  ipc.Server (Server.java:run(1474)) - Starting Socket Reader #7 for port 15019
2025-05-13 08:07:25,426 [Socket Reader #8 for port 15019] INFO  ipc.Server (Server.java:run(1474)) - Starting Socket Reader #8 for port 15019
2025-05-13 08:07:25,427 [Socket Reader #9 for port 15019] INFO  ipc.Server (Server.java:run(1474)) - Starting Socket Reader #9 for port 15019
2025-05-13 08:07:25,428 [Socket Reader #10 for port 15019] INFO  ipc.Server (Server.java:run(1474)) - Starting Socket Reader #10 for port 15019
2025-05-13 08:07:25,436 [main] INFO  ozone.HddsDatanodeService (HddsDatanodeService.java:start(325)) - Datanode start with admins: [runner]
2025-05-13 08:07:25,437 [main] INFO  ozone.HddsDatanodeClientProtocolServer (HddsDatanodeClientProtocolServer.java:start(76)) - RPC server for Client /0.0.0.0:15019
2025-05-13 08:07:25,439 [IPC Server Responder] INFO  ipc.Server (Server.java:run(1713)) - IPC Server Responder: starting
2025-05-13 08:07:25,439 [IPC Server listener on 15019] INFO  ipc.Server (Server.java:run(1553)) - IPC Server listener on 15019: starting
2025-05-13 08:07:25,449 [main] WARN  dropwizard3.Dm3MetricRegistriesImpl (Dm3MetricRegistriesImpl.java:addReporterRegistration(114)) - New reporters are added after registries were created. Some metrics will be missing from the reporter. Please add reporter before adding any new registry.
2025-05-13 08:07:25,449 [main] WARN  dropwizard3.Dm3MetricRegistriesImpl (Dm3MetricRegistriesImpl.java:addReporterRegistration(114)) - New reporters are added after registries were created. Some metrics will be missing from the reporter. Please add reporter before adding any new registry.
2025-05-13 08:07:25,450 [main] INFO  impl.MetricsSystemImpl (MetricsSystemImpl.java:init(158)) - HddsDatanode metrics system started (again)
2025-05-13 08:07:25,463 [214a71e2-145e-48a6-8ba5-d603b385d06b-DatanodeStateMachineDaemonThread] INFO  statemachine.DatanodeStateMachine (DatanodeStateMachine.java:startStateMachineThread(340)) - Ozone container server started.
2025-05-13 08:07:25,464 [main] INFO  protocol.DatanodeDetails (DatanodeDetails.java:validateDatanodeIpAddress(199)) - Updating IP address of datanode 21150c38-a3e2-4a16-8c36-d72d8cfe1192(pkrvmberfyhpb9w.internal.cloudapp.net/null) to 10.1.0.237
2025-05-13 08:07:25,465 [main] INFO  ozone.HddsDatanodeService (HddsDatanodeService.java:start(234)) - HddsDatanodeService 21150c38-a3e2-4a16-8c36-d72d8cfe1192(pkrvmberfyhpb9w.internal.cloudapp.net/10.1.0.237)
2025-05-13 08:07:25,470 [214a71e2-145e-48a6-8ba5-d603b385d06b-DatanodeStateMachineTaskThread-0] INFO  datanode.InitDatanodeState (InitDatanodeState.java:persistContainerDatanodeDetails(139)) - DatanodeDetails is persisted to /home/runner/work/ozone/ozone/hadoop-ozone/integration-test-s3/target/test-dir/MiniOzoneClusterImpl-95f4eac0-24f3-44c7-8c9c-9c62d5a0e831/ozone-meta/datanode-2/meta/datanode.id
2025-05-13 08:07:25,471 [main] INFO  upgrade.AbstractLayoutVersionManager (AbstractLayoutVersionManager.java:init(80)) - Initializing Layout version manager with metadata layout = HBASE_SUPPORT (version = 8), software layout = HBASE_SUPPORT (version = 8)
2025-05-13 08:07:25,472 [main] INFO  statemachine.DatanodeStateMachine (DatanodeStateMachine.java:getEndPointTaskThreadPoolSize(298)) - Datanode State Machine Task Thread Pool size 2
2025-05-13 08:07:25,475 [main] INFO  fs.SaveSpaceUsageToFile (SaveSpaceUsageToFile.java:load(92)) - Cached usage info file /home/runner/work/ozone/ozone/hadoop-ozone/integration-test-s3/target/test-dir/MiniOzoneClusterImpl-95f4eac0-24f3-44c7-8c9c-9c62d5a0e831/ozone-meta/datanode-3/data-0/scmUsed not found
2025-05-13 08:07:25,480 [main] INFO  volume.HddsVolume (HddsVolume.java:<init>(158)) - HddsVolume: { id=DS-c7bbfa70-c760-4686-96d8-8418a3a0bc89 dir=/home/runner/work/ozone/ozone/hadoop-ozone/integration-test-s3/target/test-dir/MiniOzoneClusterImpl-95f4eac0-24f3-44c7-8c9c-9c62d5a0e831/ozone-meta/datanode-3/data-0/hdds type=DISK capacity=76879465972 used=0 available=21294432256 minFree=5368709120 committed=0 }
2025-05-13 08:07:25,480 [main] INFO  volume.MutableVolumeSet (MutableVolumeSet.java:initializeVolumeSet(166)) - Added Volume : /home/runner/work/ozone/ozone/hadoop-ozone/integration-test-s3/target/test-dir/MiniOzoneClusterImpl-95f4eac0-24f3-44c7-8c9c-9c62d5a0e831/ozone-meta/datanode-3/data-0/hdds to VolumeSet
2025-05-13 08:07:25,485 [main] INFO  fs.SaveSpaceUsageToFile (SaveSpaceUsageToFile.java:load(92)) - Cached usage info file /home/runner/work/ozone/ozone/hadoop-ozone/integration-test-s3/target/test-dir/MiniOzoneClusterImpl-95f4eac0-24f3-44c7-8c9c-9c62d5a0e831/ozone-meta/datanode-3/ratis/scmUsed not found
2025-05-13 08:07:25,489 [main] INFO  volume.MutableVolumeSet (MutableVolumeSet.java:initializeVolumeSet(166)) - Added Volume : /home/runner/work/ozone/ozone/hadoop-ozone/integration-test-s3/target/test-dir/MiniOzoneClusterImpl-95f4eac0-24f3-44c7-8c9c-9c62d5a0e831/ozone-meta/datanode-3/ratis to VolumeSet
2025-05-13 08:07:25,493 [main] INFO  ozoneimpl.OzoneContainer (HddsVolumeUtil.java:loadAllHddsVolumeDbStore(102)) - Load 1 volumes DbStore cost: 1ms
2025-05-13 08:07:25,493 [main] WARN  db.DBStoreBuilder (DBStoreBuilder.java:getDBDirPath(160)) - ozone.scm.datanode.id.dir is not configured. We recommend adding this setting. Falling back to ozone.metadata.dirs instead.
2025-05-13 08:07:25,497 [main] WARN  db.DBStoreBuilder (DBStoreBuilder.java:getDBDirPath(160)) - ozone.scm.datanode.id.dir is not configured. We recommend adding this setting. Falling back to ozone.metadata.dirs instead.
2025-05-13 08:07:25,527 [main] INFO  impl.FilePerChunkStrategy (FilePerChunkStrategy.java:<init>(79)) - ozone.chunk.read.mapped.buffer.max.count is load with 0
2025-05-13 08:07:25,528 [main] INFO  impl.FilePerBlockStrategy (FilePerBlockStrategy.java:<init>(87)) - ozone.chunk.read.mapped.buffer.max.count is load with 0
2025-05-13 08:07:25,529 [main] INFO  server.RaftServerConfigKeys (ConfUtils.java:logGet(46)) - raft.server.log.appender.buffer.byte-limit = 33554432 (custom)
2025-05-13 08:07:25,531 [main] INFO  server.RaftServer (ConfUtils.java:logGet(46)) - raft.rpc.type = GRPC (default)
2025-05-13 08:07:25,532 [main] INFO  grpc.GrpcConfigKeys (ConfUtils.java:logFallback(53)) - raft.grpc.admin.host = null (fallback to raft.grpc.server.host)
2025-05-13 08:07:25,532 [main] INFO  grpc.GrpcConfigKeys (ConfUtils.java:logGet(46)) - raft.grpc.admin.port = 15030 (custom)
2025-05-13 08:07:25,532 [main] INFO  grpc.GrpcConfigKeys (ConfUtils.java:logFallback(53)) - raft.grpc.client.host = null (fallback to raft.grpc.server.host)
2025-05-13 08:07:25,532 [main] INFO  grpc.GrpcConfigKeys (ConfUtils.java:logGet(46)) - raft.grpc.client.port = 15029 (custom)
2025-05-13 08:07:25,532 [main] INFO  grpc.GrpcConfigKeys (ConfUtils.java:logGet(46)) - raft.grpc.server.host = null (default)
2025-05-13 08:07:25,532 [main] INFO  grpc.GrpcConfigKeys (ConfUtils.java:logGet(46)) - raft.grpc.server.port = 15031 (custom)
2025-05-13 08:07:25,532 [main] INFO  server.GrpcService (ConfUtils.java:logGet(46)) - raft.grpc.message.size.max = 34603008 (custom)
2025-05-13 08:07:25,533 [main] INFO  server.GrpcService (ConfUtils.java:logGet(46)) - raft.grpc.flow.control.window = 5MB (=5242880) (custom)
2025-05-13 08:07:25,533 [main] INFO  server.RaftServerConfigKeys (ConfUtils.java:logGet(46)) - raft.server.rpc.request.timeout = 60s (custom)
2025-05-13 08:07:25,533 [main] INFO  grpc.GrpcConfigKeys (ConfUtils.java:logGet(46)) - raft.grpc.server.heartbeat.channel = true (default)
2025-05-13 08:07:25,533 [main] INFO  server.RaftServerConfigKeys (ConfUtils.java:logGet(46)) - raft.server.log.appender.buffer.byte-limit = 33554432 (custom)
2025-05-13 08:07:25,533 [main] INFO  grpc.GrpcConfigKeys (ConfUtils.java:logGet(46)) - raft.grpc.server.async.request.thread.pool.cached = true (default)
2025-05-13 08:07:25,534 [main] INFO  grpc.GrpcConfigKeys (ConfUtils.java:logGet(46)) - raft.grpc.server.async.request.thread.pool.size = 32 (default)
2025-05-13 08:07:25,535 [main] INFO  impl.DataStreamServerImpl (ConfUtils.java:logGet(46)) - raft.datastream.type = NETTY (custom)
2025-05-13 08:07:25,536 [main] INFO  server.RaftServerConfigKeys (ConfUtils.java:logGet(46)) - raft.server.data-stream.async.request.thread.pool.cached = false (default)
2025-05-13 08:07:25,536 [main] INFO  server.RaftServerConfigKeys (ConfUtils.java:logGet(46)) - raft.server.data-stream.async.request.thread.pool.size = 20 (custom)
2025-05-13 08:07:25,536 [main] INFO  server.RaftServerConfigKeys (ConfUtils.java:logGet(46)) - raft.server.data-stream.async.write.thread.pool.size = 16 (default)
2025-05-13 08:07:25,536 [main] INFO  netty.NettyConfigKeys$DataStream (ConfUtils.java:logGet(46)) - raft.netty.dataStream.server.channel.inactive.grace-period = 10min (default)
2025-05-13 08:07:25,536 [main] INFO  server.RaftServerConfigKeys (ConfUtils.java:logGet(46)) - raft.server.data-stream.client.pool.size = 10 (default)
2025-05-13 08:07:25,537 [main] INFO  netty.NettyConfigKeys$DataStream (ConfUtils.java:logGet(46)) - raft.netty.dataStream.server.use-epoll = true (default)
2025-05-13 08:07:25,537 [main] INFO  netty.NettyConfigKeys$DataStream (ConfUtils.java:logGet(46)) - raft.netty.dataStream.server.boss-group.size = 0 (default)
2025-05-13 08:07:25,537 [main] INFO  netty.NettyUtils (NettyUtils.java:newEventLoopGroup(74)) - Create EpollEventLoopGroup for 21150c38-a3e2-4a16-8c36-d72d8cfe1192-NettyServerStreamRpc-bossGroup; Thread size is 0.
2025-05-13 08:07:25,538 [main] INFO  netty.NettyConfigKeys$DataStream (ConfUtils.java:logGet(46)) - raft.netty.dataStream.server.worker-group.size = 0 (default)
2025-05-13 08:07:25,538 [main] INFO  netty.NettyUtils (NettyUtils.java:newEventLoopGroup(74)) - Create EpollEventLoopGroup for 21150c38-a3e2-4a16-8c36-d72d8cfe1192-NettyServerStreamRpc-workerGroup; Thread size is 0.
2025-05-13 08:07:25,539 [main] INFO  netty.NettyConfigKeys$DataStream (ConfUtils.java:logGet(46)) - raft.netty.dataStream.server.tls.conf = null (default)
2025-05-13 08:07:25,539 [main] INFO  netty.NettyConfigKeys$DataStream (ConfUtils.java:logGet(46)) - raft.netty.dataStream.host = null (default)
2025-05-13 08:07:25,539 [main] INFO  netty.NettyConfigKeys$DataStream (ConfUtils.java:logGet(46)) - raft.netty.dataStream.port = 15032 (custom)
2025-05-13 08:07:25,540 [21150c38-a3e2-4a16-8c36-d72d8cfe1192-NettyServerStreamRpc-bossGroup--thread1] INFO  logging.LoggingHandler (AbstractInternalLogger.java:log(148)) - [id: 0xaee0320a] REGISTERED
2025-05-13 08:07:25,540 [21150c38-a3e2-4a16-8c36-d72d8cfe1192-NettyServerStreamRpc-bossGroup--thread1] INFO  logging.LoggingHandler (AbstractInternalLogger.java:log(148)) - [id: 0xaee0320a] BIND: 0.0.0.0/0.0.0.0:15032
2025-05-13 08:07:25,541 [main] INFO  server.RaftServerConfigKeys (ConfUtils.java:logGet(46)) - raft.server.sleep.deviation.threshold = 300ms (default)
2025-05-13 08:07:25,541 [main] INFO  server.RaftServerConfigKeys (ConfUtils.java:logGet(46)) - raft.server.close.threshold = 60s (default)
2025-05-13 08:07:25,541 [main] INFO  server.RaftServerConfigKeys (ConfUtils.java:logGet(46)) - raft.server.leaderelection.leader.step-down.wait-time = 10s (default)
2025-05-13 08:07:25,541 [main] INFO  server.RaftServerConfigKeys (ConfUtils.java:logGet(46)) - raft.server.storage.dir = [/home/runner/work/ozone/ozone/hadoop-ozone/integration-test-s3/target/test-dir/MiniOzoneClusterImpl-95f4eac0-24f3-44c7-8c9c-9c62d5a0e831/ozone-meta/datanode-3/ratis] (custom)
2025-05-13 08:07:25,541 [main] INFO  server.RaftServerConfigKeys (ConfUtils.java:logGet(46)) - raft.server.threadpool.proxy.cached = true (default)
2025-05-13 08:07:25,541 [main] INFO  server.RaftServerConfigKeys (ConfUtils.java:logGet(46)) - raft.server.threadpool.proxy.size = 0 (default)
2025-05-13 08:07:25,542 [21150c38-a3e2-4a16-8c36-d72d8cfe1192-NettyServerStreamRpc-bossGroup--thread1] INFO  logging.LoggingHandler (AbstractInternalLogger.java:log(148)) - [id: 0xaee0320a, L:/0.0.0.0:15032] ACTIVE
2025-05-13 08:07:25,544 [21150c38-a3e2-4a16-8c36-d72d8cfe1192-impl-thread1] INFO  server.RaftServer (RaftServerProxy.java:initGroupDir(265)) - 21150c38-a3e2-4a16-8c36-d72d8cfe1192: found a subdirectory /home/runner/work/ozone/ozone/hadoop-ozone/integration-test-s3/target/test-dir/MiniOzoneClusterImpl-95f4eac0-24f3-44c7-8c9c-9c62d5a0e831/ozone-meta/datanode-3/ratis/tmp
2025-05-13 08:07:25,544 [21150c38-a3e2-4a16-8c36-d72d8cfe1192-impl-thread1] INFO  server.RaftServer (RaftServerProxy.java:initGroupDir(270)) - 21150c38-a3e2-4a16-8c36-d72d8cfe1192: The directory /home/runner/work/ozone/ozone/hadoop-ozone/integration-test-s3/target/test-dir/MiniOzoneClusterImpl-95f4eac0-24f3-44c7-8c9c-9c62d5a0e831/ozone-meta/datanode-3/ratis/tmp is not a group directory; ignoring it. 
2025-05-13 08:07:25,544 [main] INFO  replication.ReplicationServer (ReplicationServer.java:<init>(84)) - Initializing replication server with thread count = 10 queue length = 4096
2025-05-13 08:07:25,549 [main] INFO  server.XceiverServerGrpc (XceiverServerGrpc.java:<init>(131)) - GrpcServer channel type EpollServerSocketChannel
2025-05-13 08:07:25,554 [main] INFO  replication.ReplicationSupervisor (ReplicationSupervisor.java:build(169)) - Initializing replication supervisor with thread count = 10
2025-05-13 08:07:25,555 [main] INFO  replication.ReplicationSupervisor (ReplicationSupervisor.java:nodeStateUpdated(358)) - Node state updated to IN_SERVICE, scaling executor pool size to 10
2025-05-13 08:07:25,564 [main] INFO  http.BaseHttpServer (BaseHttpServer.java:newHttpServer2BuilderForOzone(229)) - Starting Web-server for hddsDatanode at: http://0.0.0.0:15026
2025-05-13 08:07:25,564 [main] INFO  http.BaseHttpServer (BaseHttpServer.java:<init>(107)) - Hadoop Security Enabled: false Ozone Security Enabled: false Ozone HTTP Security Enabled: false 
2025-05-13 08:07:25,568 [main] WARN  server.AuthenticationFilter (AuthenticationFilter.java:constructSecretProvider(240)) - Unable to initialize FileSignerSecretProvider, falling back to use random secrets. Reason: Could not read signature secret file: /home/runner/hadoop-http-auth-signature-secret
2025-05-13 08:07:25,571 [main] INFO  http.HttpServer2 (HttpServer2.java:addGlobalFilter(1042)) - Added global filter 'safety' (class=org.apache.hadoop.hdds.server.http.HttpServer2$QuotingInputFilter)
2025-05-13 08:07:25,573 [main] INFO  http.HttpServer2 (HttpServer2.java:addFilter(1018)) - Added filter static_user_filter (class=org.apache.hadoop.http.lib.StaticUserWebFilter$StaticUserFilter) to context hddsDatanode
2025-05-13 08:07:25,573 [main] INFO  http.HttpServer2 (HttpServer2.java:addFilter(1026)) - Added filter static_user_filter (class=org.apache.hadoop.http.lib.StaticUserWebFilter$StaticUserFilter) to context logs
2025-05-13 08:07:25,573 [main] INFO  http.HttpServer2 (HttpServer2.java:addFilter(1026)) - Added filter static_user_filter (class=org.apache.hadoop.http.lib.StaticUserWebFilter$StaticUserFilter) to context static
2025-05-13 08:07:25,574 [main] INFO  http.BaseHttpServer (BaseHttpServer.java:<init>(195)) - HTTP server of hddsDatanode uses base directory /home/runner/work/ozone/ozone/hadoop-ozone/integration-test-s3/target/test-dir/MiniOzoneClusterImpl-95f4eac0-24f3-44c7-8c9c-9c62d5a0e831/ozone-meta/datanode-3/meta/webserver
2025-05-13 08:07:25,574 [main] INFO  http.HttpServer2 (HttpServer2.java:bindListener(1242)) - Jetty bound to port 15026
2025-05-13 08:07:25,574 [main] INFO  server.Server (Server.java:doStart(375)) - jetty-9.4.57.v20241219; built: 2025-01-08T21:24:30.412Z; git: df524e6b29271c2e09ba9aea83c18dc9db464a31; jvm 21.0.7+6-LTS
2025-05-13 08:07:25,577 [main] INFO  server.session (DefaultSessionIdManager.java:doStart(334)) - DefaultSessionIdManager workerName=node0
2025-05-13 08:07:25,578 [main] INFO  server.session (DefaultSessionIdManager.java:doStart(339)) - No SessionScavenger set, using defaults
2025-05-13 08:07:25,578 [main] INFO  server.session (HouseKeeper.java:startScavenging(132)) - node0 Scavenging every 660000ms
2025-05-13 08:07:25,579 [main] INFO  handler.ContextHandler (ContextHandler.java:doStart(921)) - Started o.e.j.s.ServletContextHandler@7ce65a05{logs,/logs,file:///home/runner/work/ozone/ozone/hadoop-ozone/integration-test-s3/target/log,AVAILABLE}
2025-05-13 08:07:25,579 [main] INFO  handler.ContextHandler (ContextHandler.java:doStart(921)) - Started o.e.j.s.ServletContextHandler@1cce63a4{static,/static,jar:file:/home/runner/work/ozone/ozone/hadoop-hdds/container-service/target/hdds-container-service-2.1.0-SNAPSHOT.jar!/webapps/static,AVAILABLE}
2025-05-13 08:07:25,730 [5535968c-90e6-409a-bf55-78519abc7d70-EndpointStateMachineTaskThread-/0.0.0.0:15002-0 ] INFO  utils.DatanodeStoreCache (DatanodeStoreCache.java:addDB(70)) - Added db /home/runner/work/ozone/ozone/hadoop-ozone/integration-test-s3/target/test-dir/MiniOzoneClusterImpl-95f4eac0-24f3-44c7-8c9c-9c62d5a0e831/ozone-meta/datanode-1/data-0/hdds/95f4eac0-24f3-44c7-8c9c-9c62d5a0e831/DS-0d2eba24-dd00-4f4f-a428-84704fb54246/container.db to cache
2025-05-13 08:07:25,730 [5535968c-90e6-409a-bf55-78519abc7d70-EndpointStateMachineTaskThread-/0.0.0.0:15002-0 ] INFO  volume.HddsVolume (HddsVolume.java:createDbStore(510)) - SchemaV3 db is created and loaded at /home/runner/work/ozone/ozone/hadoop-ozone/integration-test-s3/target/test-dir/MiniOzoneClusterImpl-95f4eac0-24f3-44c7-8c9c-9c62d5a0e831/ozone-meta/datanode-1/data-0/hdds/95f4eac0-24f3-44c7-8c9c-9c62d5a0e831/DS-0d2eba24-dd00-4f4f-a428-84704fb54246/container.db for volume DS-0d2eba24-dd00-4f4f-a428-84704fb54246
2025-05-13 08:07:25,749 [5535968c-90e6-409a-bf55-78519abc7d70-ContainerReader-0] INFO  ozoneimpl.ContainerReader (ContainerReader.java:readVolume(144)) - Start to verify containers on volume /home/runner/work/ozone/ozone/hadoop-ozone/integration-test-s3/target/test-dir/MiniOzoneClusterImpl-95f4eac0-24f3-44c7-8c9c-9c62d5a0e831/ozone-meta/datanode-1/data-0/hdds
2025-05-13 08:07:25,749 [5535968c-90e6-409a-bf55-78519abc7d70-ContainerReader-0] INFO  ozoneimpl.ContainerReader (ContainerReader.java:readVolume(174)) - Finish verifying containers on volume /home/runner/work/ozone/ozone/hadoop-ozone/integration-test-s3/target/test-dir/MiniOzoneClusterImpl-95f4eac0-24f3-44c7-8c9c-9c62d5a0e831/ozone-meta/datanode-1/data-0/hdds
2025-05-13 08:07:25,750 [5535968c-90e6-409a-bf55-78519abc7d70-EndpointStateMachineTaskThread-/0.0.0.0:15002-0 ] INFO  ozoneimpl.OzoneContainer (OzoneContainer.java:buildContainerSet(364)) - Build ContainerSet costs 0s
2025-05-13 08:07:25,750 [5535968c-90e6-409a-bf55-78519abc7d70-EndpointStateMachineTaskThread-/0.0.0.0:15002-0 ] INFO  volume.ThrottledAsyncChecker (ThrottledAsyncChecker.java:schedule(138)) - Scheduling a check for /home/runner/work/ozone/ozone/hadoop-ozone/integration-test-s3/target/test-dir/MiniOzoneClusterImpl-95f4eac0-24f3-44c7-8c9c-9c62d5a0e831/ozone-meta/datanode-1/data-0/hdds
2025-05-13 08:07:25,756 [5535968c-90e6-409a-bf55-78519abc7d70-EndpointStateMachineTaskThread-/0.0.0.0:15002-0 ] INFO  volume.StorageVolumeChecker (StorageVolumeChecker.java:checkAllVolumes(215)) - Scheduled health check for volume /home/runner/work/ozone/ozone/hadoop-ozone/integration-test-s3/target/test-dir/MiniOzoneClusterImpl-95f4eac0-24f3-44c7-8c9c-9c62d5a0e831/ozone-meta/datanode-1/data-0/hdds
2025-05-13 08:07:25,766 [5535968c-90e6-409a-bf55-78519abc7d70-EndpointStateMachineTaskThread-/0.0.0.0:15002-0 ] INFO  volume.ThrottledAsyncChecker (ThrottledAsyncChecker.java:schedule(138)) - Scheduling a check for /home/runner/work/ozone/ozone/hadoop-ozone/integration-test-s3/target/test-dir/MiniOzoneClusterImpl-95f4eac0-24f3-44c7-8c9c-9c62d5a0e831/ozone-meta/datanode-1/ratis
2025-05-13 08:07:25,767 [5535968c-90e6-409a-bf55-78519abc7d70-EndpointStateMachineTaskThread-/0.0.0.0:15002-0 ] INFO  volume.StorageVolumeChecker (StorageVolumeChecker.java:checkAllVolumes(215)) - Scheduled health check for volume /home/runner/work/ozone/ozone/hadoop-ozone/integration-test-s3/target/test-dir/MiniOzoneClusterImpl-95f4eac0-24f3-44c7-8c9c-9c62d5a0e831/ozone-meta/datanode-1/ratis
2025-05-13 08:07:25,769 [5535968c-90e6-409a-bf55-78519abc7d70-EndpointStateMachineTaskThread-/0.0.0.0:15002-0 ] INFO  ozoneimpl.OzoneContainer (OzoneContainer.java:start(512)) - Attempting to start container services.
2025-05-13 08:07:25,777 [ContainerMetadataScanner] INFO  ozoneimpl.AbstractBackgroundContainerScanner (AbstractBackgroundContainerScanner.java:runIteration(89)) - Completed an iteration in 0 minutes. Number of iterations (since the data-node restart) : 1, Number of containers scanned in this iteration : 0, Number of unhealthy containers found in this iteration : 0
2025-05-13 08:07:25,779 [main] INFO  handler.ContextHandler (ContextHandler.java:doStart(921)) - Started o.e.j.w.WebAppContext@7fa72332{hddsDatanode,/,file:///home/runner/work/ozone/ozone/hadoop-ozone/integration-test-s3/target/test-dir/MiniOzoneClusterImpl-95f4eac0-24f3-44c7-8c9c-9c62d5a0e831/ozone-meta/datanode-3/meta/webserver/jetty-0_0_0_0-15026-hdds-container-service-2_1_0-SNAPSHOT_jar-_-any-1884956071622162827/webapp/,AVAILABLE}{jar:file:/home/runner/work/ozone/ozone/hadoop-hdds/container-service/target/hdds-container-service-2.1.0-SNAPSHOT.jar!/webapps/hddsDatanode}
2025-05-13 08:07:25,782 [5535968c-90e6-409a-bf55-78519abc7d70-EndpointStateMachineTaskThread-/0.0.0.0:15002-0 ] INFO  replication.ReplicationServer (ReplicationServer.java:start(137)) - ReplicationServer is started using port 15017
2025-05-13 08:07:25,783 [ContainerDataScanner(/home/runner/work/ozone/ozone/hadoop-ozone/integration-test-s3/target/test-dir/MiniOzoneClusterImpl-95f4eac0-24f3-44c7-8c9c-9c62d5a0e831/ozone-meta/datanode-1/data-0/hdds)] INFO  ozoneimpl.AbstractBackgroundContainerScanner (AbstractBackgroundContainerScanner.java:runIteration(89)) - Completed an iteration in 0 minutes. Number of iterations (since the data-node restart) : 1, Number of containers scanned in this iteration : 0, Number of unhealthy containers found in this iteration : 0
2025-05-13 08:07:25,783 [main] INFO  server.AbstractConnector (AbstractConnector.java:doStart(333)) - Started ServerConnector@18744e18{HTTP/1.1, (http/1.1)}{0.0.0.0:15026}
2025-05-13 08:07:25,783 [main] INFO  server.Server (Server.java:doStart(415)) - Started @14572ms
2025-05-13 08:07:25,783 [main] WARN  impl.MetricsSystemImpl (MetricsSystemImpl.java:register(279)) - Sink prometheus already exists!
2025-05-13 08:07:25,784 [main] INFO  http.BaseHttpServer (BaseHttpServer.java:updateConnectorAddress(359)) - HTTP server of hddsDatanode listening at http://0.0.0.0:15026
2025-05-13 08:07:25,784 [main] INFO  ipc.CallQueueManager (CallQueueManager.java:<init>(93)) - Using callQueue: class java.util.concurrent.LinkedBlockingQueue, queueCapacity: 1000, scheduler: class org.apache.hadoop.ipc.DefaultRpcScheduler, ipcBackoff: false, ipcFailOver: false.
2025-05-13 08:07:25,785 [5535968c-90e6-409a-bf55-78519abc7d70-EndpointStateMachineTaskThread-/0.0.0.0:15002-0 ] INFO  ratis.XceiverServerRatis (XceiverServerRatis.java:start(559)) - Starting XceiverServerRatis(5535968c-90e6-409a-bf55-78519abc7d70)
2025-05-13 08:07:25,785 [main] INFO  ipc.Server (Server.java:<init>(1438)) - Listener at 0.0.0.0:15027
2025-05-13 08:07:25,785 [Socket Reader #1 for port 15027] INFO  ipc.Server (Server.java:run(1474)) - Starting Socket Reader #1 for port 15027
2025-05-13 08:07:25,787 [Socket Reader #2 for port 15027] INFO  ipc.Server (Server.java:run(1474)) - Starting Socket Reader #2 for port 15027
2025-05-13 08:07:25,787 [Socket Reader #3 for port 15027] INFO  ipc.Server (Server.java:run(1474)) - Starting Socket Reader #3 for port 15027
2025-05-13 08:07:25,787 [5535968c-90e6-409a-bf55-78519abc7d70-EndpointStateMachineTaskThread-/0.0.0.0:15002-0 ] INFO  server.RaftServer (RaftServerProxy.java:startImpl(407)) - 5535968c-90e6-409a-bf55-78519abc7d70: start RPC server
2025-05-13 08:07:25,789 [Socket Reader #5 for port 15027] INFO  ipc.Server (Server.java:run(1474)) - Starting Socket Reader #5 for port 15027
2025-05-13 08:07:25,789 [5535968c-90e6-409a-bf55-78519abc7d70-EndpointStateMachineTaskThread-/0.0.0.0:15002-0 ] INFO  server.GrpcService (GrpcService.java:startImpl(334)) - 5535968c-90e6-409a-bf55-78519abc7d70: GrpcService started, listening on 15013
2025-05-13 08:07:25,789 [Socket Reader #4 for port 15027] INFO  ipc.Server (Server.java:run(1474)) - Starting Socket Reader #4 for port 15027
2025-05-13 08:07:25,791 [Socket Reader #8 for port 15027] INFO  ipc.Server (Server.java:run(1474)) - Starting Socket Reader #8 for port 15027
2025-05-13 08:07:25,790 [Socket Reader #7 for port 15027] INFO  ipc.Server (Server.java:run(1474)) - Starting Socket Reader #7 for port 15027
2025-05-13 08:07:25,790 [Socket Reader #6 for port 15027] INFO  ipc.Server (Server.java:run(1474)) - Starting Socket Reader #6 for port 15027
2025-05-13 08:07:25,791 [5535968c-90e6-409a-bf55-78519abc7d70-EndpointStateMachineTaskThread-/0.0.0.0:15002-0 ] INFO  server.GrpcService (GrpcService.java:startImpl(334)) - 5535968c-90e6-409a-bf55-78519abc7d70: GrpcService started, listening on 15015
2025-05-13 08:07:25,792 [5535968c-90e6-409a-bf55-78519abc7d70-EndpointStateMachineTaskThread-/0.0.0.0:15002-0 ] INFO  server.GrpcService (GrpcService.java:startImpl(334)) - 5535968c-90e6-409a-bf55-78519abc7d70: GrpcService started, listening on 15014
2025-05-13 08:07:25,793 [Socket Reader #9 for port 15027] INFO  ipc.Server (Server.java:run(1474)) - Starting Socket Reader #9 for port 15027
2025-05-13 08:07:25,793 [5535968c-90e6-409a-bf55-78519abc7d70-EndpointStateMachineTaskThread-/0.0.0.0:15002-0 ] INFO  ratis.XceiverServerRatis (XceiverServerRatis.java:getRealPort(586)) - XceiverServerRatis(5535968c-90e6-409a-bf55-78519abc7d70) is started using port RATIS=15013
2025-05-13 08:07:25,793 [5535968c-90e6-409a-bf55-78519abc7d70-EndpointStateMachineTaskThread-/0.0.0.0:15002-0 ] INFO  ratis.XceiverServerRatis (XceiverServerRatis.java:getRealPort(586)) - XceiverServerRatis(5535968c-90e6-409a-bf55-78519abc7d70) is started using port RATIS_ADMIN=15014
2025-05-13 08:07:25,793 [5535968c-90e6-409a-bf55-78519abc7d70-EndpointStateMachineTaskThread-/0.0.0.0:15002-0 ] INFO  ratis.XceiverServerRatis (XceiverServerRatis.java:getRealPort(586)) - XceiverServerRatis(5535968c-90e6-409a-bf55-78519abc7d70) is started using port RATIS_SERVER=15015
2025-05-13 08:07:25,793 [5535968c-90e6-409a-bf55-78519abc7d70-EndpointStateMachineTaskThread-/0.0.0.0:15002-0 ] INFO  ratis.XceiverServerRatis (XceiverServerRatis.java:getRealPort(586)) - XceiverServerRatis(5535968c-90e6-409a-bf55-78519abc7d70) is started using port RATIS_DATASTREAM=15016
2025-05-13 08:07:25,794 [JvmPauseMonitor3] INFO  util.JvmPauseMonitor (JvmPauseMonitor.java:run(146)) - JvmPauseMonitor-5535968c-90e6-409a-bf55-78519abc7d70: Started
2025-05-13 08:07:25,795 [Socket Reader #10 for port 15027] INFO  ipc.Server (Server.java:run(1474)) - Starting Socket Reader #10 for port 15027
2025-05-13 08:07:25,798 [5535968c-90e6-409a-bf55-78519abc7d70-BlockDeletingService#0] INFO  interfaces.ContainerDeletionChoosingPolicyTemplate (ContainerDeletionChoosingPolicyTemplate.java:chooseContainerForBlockDeletion(83)) - Chosen 0/5000 blocks from 0 candidate containers.
2025-05-13 08:07:25,799 [main] INFO  ozone.HddsDatanodeService (HddsDatanodeService.java:start(325)) - Datanode start with admins: [runner]
2025-05-13 08:07:25,799 [main] INFO  ozone.HddsDatanodeClientProtocolServer (HddsDatanodeClientProtocolServer.java:start(76)) - RPC server for Client /0.0.0.0:15027
2025-05-13 08:07:25,800 [IPC Server Responder] INFO  ipc.Server (Server.java:run(1713)) - IPC Server Responder: starting
2025-05-13 08:07:25,800 [IPC Server listener on 15027] INFO  ipc.Server (Server.java:run(1553)) - IPC Server listener on 15027: starting
2025-05-13 08:07:25,803 [main] WARN  dropwizard3.Dm3MetricRegistriesImpl (Dm3MetricRegistriesImpl.java:addReporterRegistration(114)) - New reporters are added after registries were created. Some metrics will be missing from the reporter. Please add reporter before adding any new registry.
2025-05-13 08:07:25,803 [main] WARN  dropwizard3.Dm3MetricRegistriesImpl (Dm3MetricRegistriesImpl.java:addReporterRegistration(114)) - New reporters are added after registries were created. Some metrics will be missing from the reporter. Please add reporter before adding any new registry.
2025-05-13 08:07:25,803 [main] INFO  impl.MetricsSystemImpl (MetricsSystemImpl.java:init(158)) - HddsDatanode metrics system started (again)
2025-05-13 08:07:25,810 [21150c38-a3e2-4a16-8c36-d72d8cfe1192-DatanodeStateMachineDaemonThread] INFO  statemachine.DatanodeStateMachine (DatanodeStateMachine.java:startStateMachineThread(340)) - Ozone container server started.
2025-05-13 08:07:25,815 [main] INFO  protocol.DatanodeDetails (DatanodeDetails.java:validateDatanodeIpAddress(199)) - Updating IP address of datanode 27a8c788-beb7-437d-b6c6-05acf10328ba(pkrvmberfyhpb9w.internal.cloudapp.net/null) to 10.1.0.237
2025-05-13 08:07:25,815 [main] INFO  ozone.HddsDatanodeService (HddsDatanodeService.java:start(234)) - HddsDatanodeService 27a8c788-beb7-437d-b6c6-05acf10328ba(pkrvmberfyhpb9w.internal.cloudapp.net/10.1.0.237)
2025-05-13 08:07:25,818 [21150c38-a3e2-4a16-8c36-d72d8cfe1192-DatanodeStateMachineTaskThread-0] INFO  datanode.InitDatanodeState (InitDatanodeState.java:persistContainerDatanodeDetails(139)) - DatanodeDetails is persisted to /home/runner/work/ozone/ozone/hadoop-ozone/integration-test-s3/target/test-dir/MiniOzoneClusterImpl-95f4eac0-24f3-44c7-8c9c-9c62d5a0e831/ozone-meta/datanode-3/meta/datanode.id
2025-05-13 08:07:25,819 [main] INFO  upgrade.AbstractLayoutVersionManager (AbstractLayoutVersionManager.java:init(80)) - Initializing Layout version manager with metadata layout = HBASE_SUPPORT (version = 8), software layout = HBASE_SUPPORT (version = 8)
2025-05-13 08:07:25,820 [main] INFO  statemachine.DatanodeStateMachine (DatanodeStateMachine.java:getEndPointTaskThreadPoolSize(298)) - Datanode State Machine Task Thread Pool size 2
2025-05-13 08:07:25,828 [main] INFO  fs.SaveSpaceUsageToFile (SaveSpaceUsageToFile.java:load(92)) - Cached usage info file /home/runner/work/ozone/ozone/hadoop-ozone/integration-test-s3/target/test-dir/MiniOzoneClusterImpl-95f4eac0-24f3-44c7-8c9c-9c62d5a0e831/ozone-meta/datanode-4/data-0/scmUsed not found
2025-05-13 08:07:25,835 [main] INFO  volume.HddsVolume (HddsVolume.java:<init>(158)) - HddsVolume: { id=DS-939aea13-396c-4e45-b13b-0829be27717c dir=/home/runner/work/ozone/ozone/hadoop-ozone/integration-test-s3/target/test-dir/MiniOzoneClusterImpl-95f4eac0-24f3-44c7-8c9c-9c62d5a0e831/ozone-meta/datanode-4/data-0/hdds type=DISK capacity=76879465972 used=0 available=21270368256 minFree=5368709120 committed=0 }
2025-05-13 08:07:25,835 [main] INFO  volume.MutableVolumeSet (MutableVolumeSet.java:initializeVolumeSet(166)) - Added Volume : /home/runner/work/ozone/ozone/hadoop-ozone/integration-test-s3/target/test-dir/MiniOzoneClusterImpl-95f4eac0-24f3-44c7-8c9c-9c62d5a0e831/ozone-meta/datanode-4/data-0/hdds to VolumeSet
2025-05-13 08:07:25,842 [main] INFO  fs.SaveSpaceUsageToFile (SaveSpaceUsageToFile.java:load(92)) - Cached usage info file /home/runner/work/ozone/ozone/hadoop-ozone/integration-test-s3/target/test-dir/MiniOzoneClusterImpl-95f4eac0-24f3-44c7-8c9c-9c62d5a0e831/ozone-meta/datanode-4/ratis/scmUsed not found
2025-05-13 08:07:25,845 [main] INFO  volume.MutableVolumeSet (MutableVolumeSet.java:initializeVolumeSet(166)) - Added Volume : /home/runner/work/ozone/ozone/hadoop-ozone/integration-test-s3/target/test-dir/MiniOzoneClusterImpl-95f4eac0-24f3-44c7-8c9c-9c62d5a0e831/ozone-meta/datanode-4/ratis to VolumeSet
2025-05-13 08:07:25,848 [main] INFO  ozoneimpl.OzoneContainer (HddsVolumeUtil.java:loadAllHddsVolumeDbStore(102)) - Load 1 volumes DbStore cost: 1ms
2025-05-13 08:07:25,851 [main] WARN  db.DBStoreBuilder (DBStoreBuilder.java:getDBDirPath(160)) - ozone.scm.datanode.id.dir is not configured. We recommend adding this setting. Falling back to ozone.metadata.dirs instead.
2025-05-13 08:07:25,852 [main] WARN  db.DBStoreBuilder (DBStoreBuilder.java:getDBDirPath(160)) - ozone.scm.datanode.id.dir is not configured. We recommend adding this setting. Falling back to ozone.metadata.dirs instead.
2025-05-13 08:07:25,870 [main] INFO  impl.FilePerChunkStrategy (FilePerChunkStrategy.java:<init>(79)) - ozone.chunk.read.mapped.buffer.max.count is load with 0
2025-05-13 08:07:25,870 [main] INFO  impl.FilePerBlockStrategy (FilePerBlockStrategy.java:<init>(87)) - ozone.chunk.read.mapped.buffer.max.count is load with 0
2025-05-13 08:07:25,872 [main] INFO  server.RaftServerConfigKeys (ConfUtils.java:logGet(46)) - raft.server.log.appender.buffer.byte-limit = 33554432 (custom)
2025-05-13 08:07:25,874 [main] INFO  server.RaftServer (ConfUtils.java:logGet(46)) - raft.rpc.type = GRPC (default)
2025-05-13 08:07:25,874 [main] INFO  grpc.GrpcConfigKeys (ConfUtils.java:logFallback(53)) - raft.grpc.admin.host = null (fallback to raft.grpc.server.host)
2025-05-13 08:07:25,874 [main] INFO  grpc.GrpcConfigKeys (ConfUtils.java:logGet(46)) - raft.grpc.admin.port = 15038 (custom)
2025-05-13 08:07:25,874 [main] INFO  grpc.GrpcConfigKeys (ConfUtils.java:logFallback(53)) - raft.grpc.client.host = null (fallback to raft.grpc.server.host)
2025-05-13 08:07:25,874 [main] INFO  grpc.GrpcConfigKeys (ConfUtils.java:logGet(46)) - raft.grpc.client.port = 15037 (custom)
2025-05-13 08:07:25,874 [main] INFO  grpc.GrpcConfigKeys (ConfUtils.java:logGet(46)) - raft.grpc.server.host = null (default)
2025-05-13 08:07:25,874 [main] INFO  grpc.GrpcConfigKeys (ConfUtils.java:logGet(46)) - raft.grpc.server.port = 15039 (custom)
2025-05-13 08:07:25,875 [main] INFO  server.GrpcService (ConfUtils.java:logGet(46)) - raft.grpc.message.size.max = 34603008 (custom)
2025-05-13 08:07:25,875 [main] INFO  server.GrpcService (ConfUtils.java:logGet(46)) - raft.grpc.flow.control.window = 5MB (=5242880) (custom)
2025-05-13 08:07:25,875 [main] INFO  server.RaftServerConfigKeys (ConfUtils.java:logGet(46)) - raft.server.rpc.request.timeout = 60s (custom)
2025-05-13 08:07:25,875 [main] INFO  grpc.GrpcConfigKeys (ConfUtils.java:logGet(46)) - raft.grpc.server.heartbeat.channel = true (default)
2025-05-13 08:07:25,875 [main] INFO  server.RaftServerConfigKeys (ConfUtils.java:logGet(46)) - raft.server.log.appender.buffer.byte-limit = 33554432 (custom)
2025-05-13 08:07:25,875 [main] INFO  grpc.GrpcConfigKeys (ConfUtils.java:logGet(46)) - raft.grpc.server.async.request.thread.pool.cached = true (default)
2025-05-13 08:07:25,875 [main] INFO  grpc.GrpcConfigKeys (ConfUtils.java:logGet(46)) - raft.grpc.server.async.request.thread.pool.size = 32 (default)
2025-05-13 08:07:25,881 [main] INFO  impl.DataStreamServerImpl (ConfUtils.java:logGet(46)) - raft.datastream.type = NETTY (custom)
2025-05-13 08:07:25,883 [main] INFO  server.RaftServerConfigKeys (ConfUtils.java:logGet(46)) - raft.server.data-stream.async.request.thread.pool.cached = false (default)
2025-05-13 08:07:25,883 [main] INFO  server.RaftServerConfigKeys (ConfUtils.java:logGet(46)) - raft.server.data-stream.async.request.thread.pool.size = 20 (custom)
2025-05-13 08:07:25,884 [main] INFO  server.RaftServerConfigKeys (ConfUtils.java:logGet(46)) - raft.server.data-stream.async.write.thread.pool.size = 16 (default)
2025-05-13 08:07:25,884 [main] INFO  netty.NettyConfigKeys$DataStream (ConfUtils.java:logGet(46)) - raft.netty.dataStream.server.channel.inactive.grace-period = 10min (default)
2025-05-13 08:07:25,885 [main] INFO  server.RaftServerConfigKeys (ConfUtils.java:logGet(46)) - raft.server.data-stream.client.pool.size = 10 (default)
2025-05-13 08:07:25,885 [main] INFO  netty.NettyConfigKeys$DataStream (ConfUtils.java:logGet(46)) - raft.netty.dataStream.server.use-epoll = true (default)
2025-05-13 08:07:25,885 [main] INFO  netty.NettyConfigKeys$DataStream (ConfUtils.java:logGet(46)) - raft.netty.dataStream.server.boss-group.size = 0 (default)
2025-05-13 08:07:25,885 [main] INFO  netty.NettyUtils (NettyUtils.java:newEventLoopGroup(74)) - Create EpollEventLoopGroup for 27a8c788-beb7-437d-b6c6-05acf10328ba-NettyServerStreamRpc-bossGroup; Thread size is 0.
2025-05-13 08:07:25,886 [main] INFO  netty.NettyConfigKeys$DataStream (ConfUtils.java:logGet(46)) - raft.netty.dataStream.server.worker-group.size = 0 (default)
2025-05-13 08:07:25,886 [main] INFO  netty.NettyUtils (NettyUtils.java:newEventLoopGroup(74)) - Create EpollEventLoopGroup for 27a8c788-beb7-437d-b6c6-05acf10328ba-NettyServerStreamRpc-workerGroup; Thread size is 0.
2025-05-13 08:07:25,888 [main] INFO  netty.NettyConfigKeys$DataStream (ConfUtils.java:logGet(46)) - raft.netty.dataStream.server.tls.conf = null (default)
2025-05-13 08:07:25,888 [main] INFO  netty.NettyConfigKeys$DataStream (ConfUtils.java:logGet(46)) - raft.netty.dataStream.host = null (default)
2025-05-13 08:07:25,888 [main] INFO  netty.NettyConfigKeys$DataStream (ConfUtils.java:logGet(46)) - raft.netty.dataStream.port = 15040 (custom)
2025-05-13 08:07:25,891 [27a8c788-beb7-437d-b6c6-05acf10328ba-NettyServerStreamRpc-bossGroup--thread1] INFO  logging.LoggingHandler (AbstractInternalLogger.java:log(148)) - [id: 0xac2dab6b] REGISTERED
2025-05-13 08:07:25,891 [main] INFO  server.RaftServerConfigKeys (ConfUtils.java:logGet(46)) - raft.server.sleep.deviation.threshold = 300ms (default)
2025-05-13 08:07:25,891 [main] INFO  server.RaftServerConfigKeys (ConfUtils.java:logGet(46)) - raft.server.close.threshold = 60s (default)
2025-05-13 08:07:25,891 [main] INFO  server.RaftServerConfigKeys (ConfUtils.java:logGet(46)) - raft.server.leaderelection.leader.step-down.wait-time = 10s (default)
2025-05-13 08:07:25,891 [27a8c788-beb7-437d-b6c6-05acf10328ba-NettyServerStreamRpc-bossGroup--thread1] INFO  logging.LoggingHandler (AbstractInternalLogger.java:log(148)) - [id: 0xac2dab6b] BIND: 0.0.0.0/0.0.0.0:15040
2025-05-13 08:07:25,892 [27a8c788-beb7-437d-b6c6-05acf10328ba-NettyServerStreamRpc-bossGroup--thread1] INFO  logging.LoggingHandler (AbstractInternalLogger.java:log(148)) - [id: 0xac2dab6b, L:/0.0.0.0:15040] ACTIVE
2025-05-13 08:07:25,893 [main] INFO  server.RaftServerConfigKeys (ConfUtils.java:logGet(46)) - raft.server.storage.dir = [/home/runner/work/ozone/ozone/hadoop-ozone/integration-test-s3/target/test-dir/MiniOzoneClusterImpl-95f4eac0-24f3-44c7-8c9c-9c62d5a0e831/ozone-meta/datanode-4/ratis] (custom)
2025-05-13 08:07:25,893 [main] INFO  server.RaftServerConfigKeys (ConfUtils.java:logGet(46)) - raft.server.threadpool.proxy.cached = true (default)
2025-05-13 08:07:25,893 [main] INFO  server.RaftServerConfigKeys (ConfUtils.java:logGet(46)) - raft.server.threadpool.proxy.size = 0 (default)
2025-05-13 08:07:25,895 [27a8c788-beb7-437d-b6c6-05acf10328ba-impl-thread1] INFO  server.RaftServer (RaftServerProxy.java:initGroupDir(265)) - 27a8c788-beb7-437d-b6c6-05acf10328ba: found a subdirectory /home/runner/work/ozone/ozone/hadoop-ozone/integration-test-s3/target/test-dir/MiniOzoneClusterImpl-95f4eac0-24f3-44c7-8c9c-9c62d5a0e831/ozone-meta/datanode-4/ratis/tmp
2025-05-13 08:07:25,895 [27a8c788-beb7-437d-b6c6-05acf10328ba-impl-thread1] INFO  server.RaftServer (RaftServerProxy.java:initGroupDir(270)) - 27a8c788-beb7-437d-b6c6-05acf10328ba: The directory /home/runner/work/ozone/ozone/hadoop-ozone/integration-test-s3/target/test-dir/MiniOzoneClusterImpl-95f4eac0-24f3-44c7-8c9c-9c62d5a0e831/ozone-meta/datanode-4/ratis/tmp is not a group directory; ignoring it. 
2025-05-13 08:07:25,897 [main] INFO  replication.ReplicationServer (ReplicationServer.java:<init>(84)) - Initializing replication server with thread count = 10 queue length = 4096
2025-05-13 08:07:25,900 [main] INFO  server.XceiverServerGrpc (XceiverServerGrpc.java:<init>(131)) - GrpcServer channel type EpollServerSocketChannel
2025-05-13 08:07:25,905 [main] INFO  replication.ReplicationSupervisor (ReplicationSupervisor.java:build(169)) - Initializing replication supervisor with thread count = 10
2025-05-13 08:07:25,907 [main] INFO  replication.ReplicationSupervisor (ReplicationSupervisor.java:nodeStateUpdated(358)) - Node state updated to IN_SERVICE, scaling executor pool size to 10
2025-05-13 08:07:25,914 [main] INFO  http.BaseHttpServer (BaseHttpServer.java:newHttpServer2BuilderForOzone(229)) - Starting Web-server for hddsDatanode at: http://0.0.0.0:15034
2025-05-13 08:07:25,914 [main] INFO  http.BaseHttpServer (BaseHttpServer.java:<init>(107)) - Hadoop Security Enabled: false Ozone Security Enabled: false Ozone HTTP Security Enabled: false 
2025-05-13 08:07:25,917 [main] WARN  server.AuthenticationFilter (AuthenticationFilter.java:constructSecretProvider(240)) - Unable to initialize FileSignerSecretProvider, falling back to use random secrets. Reason: Could not read signature secret file: /home/runner/hadoop-http-auth-signature-secret
2025-05-13 08:07:25,924 [main] INFO  http.HttpServer2 (HttpServer2.java:addGlobalFilter(1042)) - Added global filter 'safety' (class=org.apache.hadoop.hdds.server.http.HttpServer2$QuotingInputFilter)
2025-05-13 08:07:25,925 [main] INFO  http.HttpServer2 (HttpServer2.java:addFilter(1018)) - Added filter static_user_filter (class=org.apache.hadoop.http.lib.StaticUserWebFilter$StaticUserFilter) to context hddsDatanode
2025-05-13 08:07:25,925 [main] INFO  http.HttpServer2 (HttpServer2.java:addFilter(1026)) - Added filter static_user_filter (class=org.apache.hadoop.http.lib.StaticUserWebFilter$StaticUserFilter) to context static
2025-05-13 08:07:25,925 [main] INFO  http.HttpServer2 (HttpServer2.java:addFilter(1026)) - Added filter static_user_filter (class=org.apache.hadoop.http.lib.StaticUserWebFilter$StaticUserFilter) to context logs
2025-05-13 08:07:25,927 [main] INFO  http.BaseHttpServer (BaseHttpServer.java:<init>(195)) - HTTP server of hddsDatanode uses base directory /home/runner/work/ozone/ozone/hadoop-ozone/integration-test-s3/target/test-dir/MiniOzoneClusterImpl-95f4eac0-24f3-44c7-8c9c-9c62d5a0e831/ozone-meta/datanode-4/meta/webserver
2025-05-13 08:07:25,928 [main] INFO  http.HttpServer2 (HttpServer2.java:bindListener(1242)) - Jetty bound to port 15034
2025-05-13 08:07:25,928 [main] INFO  server.Server (Server.java:doStart(375)) - jetty-9.4.57.v20241219; built: 2025-01-08T21:24:30.412Z; git: df524e6b29271c2e09ba9aea83c18dc9db464a31; jvm 21.0.7+6-LTS
2025-05-13 08:07:25,931 [main] INFO  server.session (DefaultSessionIdManager.java:doStart(334)) - DefaultSessionIdManager workerName=node0
2025-05-13 08:07:25,931 [main] INFO  server.session (DefaultSessionIdManager.java:doStart(339)) - No SessionScavenger set, using defaults
2025-05-13 08:07:25,931 [main] INFO  server.session (HouseKeeper.java:startScavenging(132)) - node0 Scavenging every 600000ms
2025-05-13 08:07:25,932 [main] INFO  handler.ContextHandler (ContextHandler.java:doStart(921)) - Started o.e.j.s.ServletContextHandler@6e84faac{logs,/logs,file:///home/runner/work/ozone/ozone/hadoop-ozone/integration-test-s3/target/log,AVAILABLE}
2025-05-13 08:07:25,934 [main] INFO  handler.ContextHandler (ContextHandler.java:doStart(921)) - Started o.e.j.s.ServletContextHandler@6338a0ec{static,/static,jar:file:/home/runner/work/ozone/ozone/hadoop-hdds/container-service/target/hdds-container-service-2.1.0-SNAPSHOT.jar!/webapps/static,AVAILABLE}
2025-05-13 08:07:26,035 [214a71e2-145e-48a6-8ba5-d603b385d06b-EndpointStateMachineTaskThread-/0.0.0.0:15002-0 ] INFO  utils.DatanodeStoreCache (DatanodeStoreCache.java:addDB(70)) - Added db /home/runner/work/ozone/ozone/hadoop-ozone/integration-test-s3/target/test-dir/MiniOzoneClusterImpl-95f4eac0-24f3-44c7-8c9c-9c62d5a0e831/ozone-meta/datanode-2/data-0/hdds/95f4eac0-24f3-44c7-8c9c-9c62d5a0e831/DS-7a698f27-fc20-473d-8569-f9772264a89a/container.db to cache
2025-05-13 08:07:26,036 [214a71e2-145e-48a6-8ba5-d603b385d06b-EndpointStateMachineTaskThread-/0.0.0.0:15002-0 ] INFO  volume.HddsVolume (HddsVolume.java:createDbStore(510)) - SchemaV3 db is created and loaded at /home/runner/work/ozone/ozone/hadoop-ozone/integration-test-s3/target/test-dir/MiniOzoneClusterImpl-95f4eac0-24f3-44c7-8c9c-9c62d5a0e831/ozone-meta/datanode-2/data-0/hdds/95f4eac0-24f3-44c7-8c9c-9c62d5a0e831/DS-7a698f27-fc20-473d-8569-f9772264a89a/container.db for volume DS-7a698f27-fc20-473d-8569-f9772264a89a
2025-05-13 08:07:26,042 [214a71e2-145e-48a6-8ba5-d603b385d06b-ContainerReader-0] INFO  ozoneimpl.ContainerReader (ContainerReader.java:readVolume(144)) - Start to verify containers on volume /home/runner/work/ozone/ozone/hadoop-ozone/integration-test-s3/target/test-dir/MiniOzoneClusterImpl-95f4eac0-24f3-44c7-8c9c-9c62d5a0e831/ozone-meta/datanode-2/data-0/hdds
2025-05-13 08:07:26,042 [214a71e2-145e-48a6-8ba5-d603b385d06b-ContainerReader-0] INFO  ozoneimpl.ContainerReader (ContainerReader.java:readVolume(174)) - Finish verifying containers on volume /home/runner/work/ozone/ozone/hadoop-ozone/integration-test-s3/target/test-dir/MiniOzoneClusterImpl-95f4eac0-24f3-44c7-8c9c-9c62d5a0e831/ozone-meta/datanode-2/data-0/hdds
2025-05-13 08:07:26,042 [214a71e2-145e-48a6-8ba5-d603b385d06b-EndpointStateMachineTaskThread-/0.0.0.0:15002-0 ] INFO  ozoneimpl.OzoneContainer (OzoneContainer.java:buildContainerSet(364)) - Build ContainerSet costs 0s
2025-05-13 08:07:26,043 [214a71e2-145e-48a6-8ba5-d603b385d06b-EndpointStateMachineTaskThread-/0.0.0.0:15002-0 ] INFO  volume.ThrottledAsyncChecker (ThrottledAsyncChecker.java:schedule(138)) - Scheduling a check for /home/runner/work/ozone/ozone/hadoop-ozone/integration-test-s3/target/test-dir/MiniOzoneClusterImpl-95f4eac0-24f3-44c7-8c9c-9c62d5a0e831/ozone-meta/datanode-2/data-0/hdds
2025-05-13 08:07:26,044 [214a71e2-145e-48a6-8ba5-d603b385d06b-EndpointStateMachineTaskThread-/0.0.0.0:15002-0 ] INFO  volume.StorageVolumeChecker (StorageVolumeChecker.java:checkAllVolumes(215)) - Scheduled health check for volume /home/runner/work/ozone/ozone/hadoop-ozone/integration-test-s3/target/test-dir/MiniOzoneClusterImpl-95f4eac0-24f3-44c7-8c9c-9c62d5a0e831/ozone-meta/datanode-2/data-0/hdds
2025-05-13 08:07:26,051 [214a71e2-145e-48a6-8ba5-d603b385d06b-EndpointStateMachineTaskThread-/0.0.0.0:15002-0 ] INFO  volume.ThrottledAsyncChecker (ThrottledAsyncChecker.java:schedule(138)) - Scheduling a check for /home/runner/work/ozone/ozone/hadoop-ozone/integration-test-s3/target/test-dir/MiniOzoneClusterImpl-95f4eac0-24f3-44c7-8c9c-9c62d5a0e831/ozone-meta/datanode-2/ratis
2025-05-13 08:07:26,052 [214a71e2-145e-48a6-8ba5-d603b385d06b-EndpointStateMachineTaskThread-/0.0.0.0:15002-0 ] INFO  volume.StorageVolumeChecker (StorageVolumeChecker.java:checkAllVolumes(215)) - Scheduled health check for volume /home/runner/work/ozone/ozone/hadoop-ozone/integration-test-s3/target/test-dir/MiniOzoneClusterImpl-95f4eac0-24f3-44c7-8c9c-9c62d5a0e831/ozone-meta/datanode-2/ratis
2025-05-13 08:07:26,055 [214a71e2-145e-48a6-8ba5-d603b385d06b-EndpointStateMachineTaskThread-/0.0.0.0:15002-0 ] INFO  ozoneimpl.OzoneContainer (OzoneContainer.java:start(512)) - Attempting to start container services.
2025-05-13 08:07:26,055 [214a71e2-145e-48a6-8ba5-d603b385d06b-EndpointStateMachineTaskThread-/0.0.0.0:15002-0 ] WARN  ozoneimpl.OnDemandContainerDataScanner (OnDemandContainerDataScanner.java:init(74)) - Trying to initialize on demand scanner a second time on a datanode.
2025-05-13 08:07:26,059 [ContainerMetadataScanner] INFO  ozoneimpl.AbstractBackgroundContainerScanner (AbstractBackgroundContainerScanner.java:runIteration(89)) - Completed an iteration in 0 minutes. Number of iterations (since the data-node restart) : 1, Number of containers scanned in this iteration : 0, Number of unhealthy containers found in this iteration : 0
2025-05-13 08:07:26,064 [ContainerDataScanner(/home/runner/work/ozone/ozone/hadoop-ozone/integration-test-s3/target/test-dir/MiniOzoneClusterImpl-95f4eac0-24f3-44c7-8c9c-9c62d5a0e831/ozone-meta/datanode-2/data-0/hdds)] INFO  ozoneimpl.AbstractBackgroundContainerScanner (AbstractBackgroundContainerScanner.java:runIteration(89)) - Completed an iteration in 0 minutes. Number of iterations (since the data-node restart) : 1, Number of containers scanned in this iteration : 0, Number of unhealthy containers found in this iteration : 0
2025-05-13 08:07:26,065 [214a71e2-145e-48a6-8ba5-d603b385d06b-EndpointStateMachineTaskThread-/0.0.0.0:15002-0 ] INFO  replication.ReplicationServer (ReplicationServer.java:start(137)) - ReplicationServer is started using port 15025
2025-05-13 08:07:26,065 [214a71e2-145e-48a6-8ba5-d603b385d06b-EndpointStateMachineTaskThread-/0.0.0.0:15002-0 ] INFO  ratis.XceiverServerRatis (XceiverServerRatis.java:start(559)) - Starting XceiverServerRatis(214a71e2-145e-48a6-8ba5-d603b385d06b)
2025-05-13 08:07:26,069 [214a71e2-145e-48a6-8ba5-d603b385d06b-EndpointStateMachineTaskThread-/0.0.0.0:15002-0 ] INFO  server.RaftServer (RaftServerProxy.java:startImpl(407)) - 214a71e2-145e-48a6-8ba5-d603b385d06b: start RPC server
2025-05-13 08:07:26,070 [214a71e2-145e-48a6-8ba5-d603b385d06b-EndpointStateMachineTaskThread-/0.0.0.0:15002-0 ] INFO  server.GrpcService (GrpcService.java:startImpl(334)) - 214a71e2-145e-48a6-8ba5-d603b385d06b: GrpcService started, listening on 15021
2025-05-13 08:07:26,071 [214a71e2-145e-48a6-8ba5-d603b385d06b-EndpointStateMachineTaskThread-/0.0.0.0:15002-0 ] INFO  server.GrpcService (GrpcService.java:startImpl(334)) - 214a71e2-145e-48a6-8ba5-d603b385d06b: GrpcService started, listening on 15023
2025-05-13 08:07:26,073 [214a71e2-145e-48a6-8ba5-d603b385d06b-EndpointStateMachineTaskThread-/0.0.0.0:15002-0 ] INFO  server.GrpcService (GrpcService.java:startImpl(334)) - 214a71e2-145e-48a6-8ba5-d603b385d06b: GrpcService started, listening on 15022
2025-05-13 08:07:26,074 [214a71e2-145e-48a6-8ba5-d603b385d06b-EndpointStateMachineTaskThread-/0.0.0.0:15002-0 ] INFO  ratis.XceiverServerRatis (XceiverServerRatis.java:getRealPort(586)) - XceiverServerRatis(214a71e2-145e-48a6-8ba5-d603b385d06b) is started using port RATIS=15021
2025-05-13 08:07:26,074 [214a71e2-145e-48a6-8ba5-d603b385d06b-EndpointStateMachineTaskThread-/0.0.0.0:15002-0 ] INFO  ratis.XceiverServerRatis (XceiverServerRatis.java:getRealPort(586)) - XceiverServerRatis(214a71e2-145e-48a6-8ba5-d603b385d06b) is started using port RATIS_ADMIN=15022
2025-05-13 08:07:26,074 [JvmPauseMonitor4] INFO  util.JvmPauseMonitor (JvmPauseMonitor.java:run(146)) - JvmPauseMonitor-214a71e2-145e-48a6-8ba5-d603b385d06b: Started
2025-05-13 08:07:26,074 [214a71e2-145e-48a6-8ba5-d603b385d06b-EndpointStateMachineTaskThread-/0.0.0.0:15002-0 ] INFO  ratis.XceiverServerRatis (XceiverServerRatis.java:getRealPort(586)) - XceiverServerRatis(214a71e2-145e-48a6-8ba5-d603b385d06b) is started using port RATIS_SERVER=15023
2025-05-13 08:07:26,075 [214a71e2-145e-48a6-8ba5-d603b385d06b-EndpointStateMachineTaskThread-/0.0.0.0:15002-0 ] INFO  ratis.XceiverServerRatis (XceiverServerRatis.java:getRealPort(586)) - XceiverServerRatis(214a71e2-145e-48a6-8ba5-d603b385d06b) is started using port RATIS_DATASTREAM=15024
2025-05-13 08:07:26,079 [214a71e2-145e-48a6-8ba5-d603b385d06b-BlockDeletingService#0] INFO  interfaces.ContainerDeletionChoosingPolicyTemplate (ContainerDeletionChoosingPolicyTemplate.java:chooseContainerForBlockDeletion(83)) - Chosen 0/5000 blocks from 0 candidate containers.
2025-05-13 08:07:26,126 [IPC Server handler 29 on default port 15002] INFO  net.NetworkTopologyImpl (NetworkTopologyImpl.java:add(133)) - Added a new node: /default-rack/5535968c-90e6-409a-bf55-78519abc7d70
2025-05-13 08:07:26,130 [IPC Server handler 29 on default port 15002] INFO  node.SCMNodeManager (SCMNodeManager.java:register(426)) - Registered datanode: 5535968c-90e6-409a-bf55-78519abc7d70{ip: 127.0.0.1, host: localhost, ports: [HTTP=15010, CLIENT_RPC=15011, REPLICATION=15017, RATIS=15013, RATIS_ADMIN=15014, RATIS_SERVER=15015, RATIS_DATASTREAM=15016, STANDALONE=15012], networkLocation: /default-rack, certSerialId: null, persistedOpState: null, persistedOpStateExpiryEpochSec: 0}
2025-05-13 08:07:26,133 [EventQueue-NewNodeForNewNodeHandler] INFO  pipeline.BackgroundPipelineCreator (BackgroundPipelineCreator.java:notifyEventTriggered(290)) - trigger a one-shot run on RatisPipelineUtilsThread.
2025-05-13 08:07:26,135 [EventQueue-NodeRegistrationContainerReportForDataNodeSafeModeRule] INFO  safemode.SCMSafeModeManager (DataNodeSafeModeRule.java:process(79)) - SCM in safe mode. 1 DataNodes registered, 3 required.
2025-05-13 08:07:26,136 [EventQueue-ContainerRegistrationReportForRatisContainerSafeModeRule] INFO  safemode.SCMSafeModeManager (SCMSafeModeManager.java:validateSafeModeExitRules(140)) - RatisContainerSafeModeRule rule is successfully validated
2025-05-13 08:07:26,138 [EventQueue-ContainerRegistrationReportForECContainerSafeModeRule] INFO  safemode.SCMSafeModeManager (SCMSafeModeManager.java:validateSafeModeExitRules(140)) - ECContainerSafeModeRule rule is successfully validated
2025-05-13 08:07:26,138 [EventQueue-PipelineReportForOneReplicaPipelineSafeModeRule] INFO  safemode.SCMSafeModeManager (SCMSafeModeManager.java:validateSafeModeExitRules(140)) - AtleastOneDatanodeReportedRule rule is successfully validated
2025-05-13 08:07:26,156 [main] INFO  handler.ContextHandler (ContextHandler.java:doStart(921)) - Started o.e.j.w.WebAppContext@2622efb0{hddsDatanode,/,file:///home/runner/work/ozone/ozone/hadoop-ozone/integration-test-s3/target/test-dir/MiniOzoneClusterImpl-95f4eac0-24f3-44c7-8c9c-9c62d5a0e831/ozone-meta/datanode-4/meta/webserver/jetty-0_0_0_0-15034-hdds-container-service-2_1_0-SNAPSHOT_jar-_-any-7767200986216494664/webapp/,AVAILABLE}{jar:file:/home/runner/work/ozone/ozone/hadoop-hdds/container-service/target/hdds-container-service-2.1.0-SNAPSHOT.jar!/webapps/hddsDatanode}
2025-05-13 08:07:26,158 [main] INFO  server.AbstractConnector (AbstractConnector.java:doStart(333)) - Started ServerConnector@5680639f{HTTP/1.1, (http/1.1)}{0.0.0.0:15034}
2025-05-13 08:07:26,158 [main] INFO  server.Server (Server.java:doStart(415)) - Started @14947ms
2025-05-13 08:07:26,158 [main] WARN  impl.MetricsSystemImpl (MetricsSystemImpl.java:register(279)) - Sink prometheus already exists!
2025-05-13 08:07:26,159 [main] INFO  http.BaseHttpServer (BaseHttpServer.java:updateConnectorAddress(359)) - HTTP server of hddsDatanode listening at http://0.0.0.0:15034
2025-05-13 08:07:26,160 [main] INFO  ipc.CallQueueManager (CallQueueManager.java:<init>(93)) - Using callQueue: class java.util.concurrent.LinkedBlockingQueue, queueCapacity: 1000, scheduler: class org.apache.hadoop.ipc.DefaultRpcScheduler, ipcBackoff: false, ipcFailOver: false.
2025-05-13 08:07:26,160 [main] INFO  ipc.Server (Server.java:<init>(1438)) - Listener at 0.0.0.0:15035
2025-05-13 08:07:26,162 [Socket Reader #1 for port 15035] INFO  ipc.Server (Server.java:run(1474)) - Starting Socket Reader #1 for port 15035
2025-05-13 08:07:26,164 [Socket Reader #2 for port 15035] INFO  ipc.Server (Server.java:run(1474)) - Starting Socket Reader #2 for port 15035
2025-05-13 08:07:26,167 [Socket Reader #3 for port 15035] INFO  ipc.Server (Server.java:run(1474)) - Starting Socket Reader #3 for port 15035
2025-05-13 08:07:26,167 [Socket Reader #4 for port 15035] INFO  ipc.Server (Server.java:run(1474)) - Starting Socket Reader #4 for port 15035
2025-05-13 08:07:26,169 [Socket Reader #5 for port 15035] INFO  ipc.Server (Server.java:run(1474)) - Starting Socket Reader #5 for port 15035
2025-05-13 08:07:26,169 [Socket Reader #6 for port 15035] INFO  ipc.Server (Server.java:run(1474)) - Starting Socket Reader #6 for port 15035
2025-05-13 08:07:26,170 [Socket Reader #7 for port 15035] INFO  ipc.Server (Server.java:run(1474)) - Starting Socket Reader #7 for port 15035
2025-05-13 08:07:26,170 [Socket Reader #8 for port 15035] INFO  ipc.Server (Server.java:run(1474)) - Starting Socket Reader #8 for port 15035
2025-05-13 08:07:26,171 [Socket Reader #9 for port 15035] INFO  ipc.Server (Server.java:run(1474)) - Starting Socket Reader #9 for port 15035
2025-05-13 08:07:26,171 [Socket Reader #10 for port 15035] INFO  ipc.Server (Server.java:run(1474)) - Starting Socket Reader #10 for port 15035
2025-05-13 08:07:26,174 [main] INFO  ozone.HddsDatanodeService (HddsDatanodeService.java:start(325)) - Datanode start with admins: [runner]
2025-05-13 08:07:26,174 [main] INFO  ozone.HddsDatanodeClientProtocolServer (HddsDatanodeClientProtocolServer.java:start(76)) - RPC server for Client /0.0.0.0:15035
2025-05-13 08:07:26,174 [IPC Server Responder] INFO  ipc.Server (Server.java:run(1713)) - IPC Server Responder: starting
2025-05-13 08:07:26,175 [IPC Server listener on 15035] INFO  ipc.Server (Server.java:run(1553)) - IPC Server listener on 15035: starting
2025-05-13 08:07:26,178 [main] WARN  dropwizard3.Dm3MetricRegistriesImpl (Dm3MetricRegistriesImpl.java:addReporterRegistration(114)) - New reporters are added after registries were created. Some metrics will be missing from the reporter. Please add reporter before adding any new registry.
2025-05-13 08:07:26,178 [main] WARN  dropwizard3.Dm3MetricRegistriesImpl (Dm3MetricRegistriesImpl.java:addReporterRegistration(114)) - New reporters are added after registries were created. Some metrics will be missing from the reporter. Please add reporter before adding any new registry.
2025-05-13 08:07:26,179 [main] INFO  impl.MetricsSystemImpl (MetricsSystemImpl.java:init(158)) - HddsDatanode metrics system started (again)
2025-05-13 08:07:26,186 [27a8c788-beb7-437d-b6c6-05acf10328ba-DatanodeStateMachineDaemonThread] INFO  statemachine.DatanodeStateMachine (DatanodeStateMachine.java:startStateMachineThread(340)) - Ozone container server started.
2025-05-13 08:07:26,193 [main] INFO  protocol.DatanodeDetails (DatanodeDetails.java:validateDatanodeIpAddress(199)) - Updating IP address of datanode 14d69b34-cdfe-4dfa-a52b-244cf41e8f06(pkrvmberfyhpb9w.internal.cloudapp.net/null) to 10.1.0.237
2025-05-13 08:07:26,193 [main] INFO  ozone.HddsDatanodeService (HddsDatanodeService.java:start(234)) - HddsDatanodeService 14d69b34-cdfe-4dfa-a52b-244cf41e8f06(pkrvmberfyhpb9w.internal.cloudapp.net/10.1.0.237)
2025-05-13 08:07:26,197 [27a8c788-beb7-437d-b6c6-05acf10328ba-DatanodeStateMachineTaskThread-0] INFO  datanode.InitDatanodeState (InitDatanodeState.java:persistContainerDatanodeDetails(139)) - DatanodeDetails is persisted to /home/runner/work/ozone/ozone/hadoop-ozone/integration-test-s3/target/test-dir/MiniOzoneClusterImpl-95f4eac0-24f3-44c7-8c9c-9c62d5a0e831/ozone-meta/datanode-4/meta/datanode.id
2025-05-13 08:07:26,199 [main] INFO  upgrade.AbstractLayoutVersionManager (AbstractLayoutVersionManager.java:init(80)) - Initializing Layout version manager with metadata layout = HBASE_SUPPORT (version = 8), software layout = HBASE_SUPPORT (version = 8)
2025-05-13 08:07:26,201 [main] INFO  statemachine.DatanodeStateMachine (DatanodeStateMachine.java:getEndPointTaskThreadPoolSize(298)) - Datanode State Machine Task Thread Pool size 2
2025-05-13 08:07:26,206 [main] INFO  fs.SaveSpaceUsageToFile (SaveSpaceUsageToFile.java:load(92)) - Cached usage info file /home/runner/work/ozone/ozone/hadoop-ozone/integration-test-s3/target/test-dir/MiniOzoneClusterImpl-95f4eac0-24f3-44c7-8c9c-9c62d5a0e831/ozone-meta/datanode-5/data-0/scmUsed not found
2025-05-13 08:07:26,212 [main] INFO  volume.HddsVolume (HddsVolume.java:<init>(158)) - HddsVolume: { id=DS-b37fc3bb-84f9-490b-a76b-c1929fb64e6c dir=/home/runner/work/ozone/ozone/hadoop-ozone/integration-test-s3/target/test-dir/MiniOzoneClusterImpl-95f4eac0-24f3-44c7-8c9c-9c62d5a0e831/ozone-meta/datanode-5/data-0/hdds type=DISK capacity=76879465972 used=0 available=21246173184 minFree=5368709120 committed=0 }
2025-05-13 08:07:26,212 [main] INFO  volume.MutableVolumeSet (MutableVolumeSet.java:initializeVolumeSet(166)) - Added Volume : /home/runner/work/ozone/ozone/hadoop-ozone/integration-test-s3/target/test-dir/MiniOzoneClusterImpl-95f4eac0-24f3-44c7-8c9c-9c62d5a0e831/ozone-meta/datanode-5/data-0/hdds to VolumeSet
2025-05-13 08:07:26,216 [main] INFO  fs.SaveSpaceUsageToFile (SaveSpaceUsageToFile.java:load(92)) - Cached usage info file /home/runner/work/ozone/ozone/hadoop-ozone/integration-test-s3/target/test-dir/MiniOzoneClusterImpl-95f4eac0-24f3-44c7-8c9c-9c62d5a0e831/ozone-meta/datanode-5/ratis/scmUsed not found
2025-05-13 08:07:26,219 [main] INFO  volume.MutableVolumeSet (MutableVolumeSet.java:initializeVolumeSet(166)) - Added Volume : /home/runner/work/ozone/ozone/hadoop-ozone/integration-test-s3/target/test-dir/MiniOzoneClusterImpl-95f4eac0-24f3-44c7-8c9c-9c62d5a0e831/ozone-meta/datanode-5/ratis to VolumeSet
2025-05-13 08:07:26,222 [main] INFO  ozoneimpl.OzoneContainer (HddsVolumeUtil.java:loadAllHddsVolumeDbStore(102)) - Load 1 volumes DbStore cost: 1ms
2025-05-13 08:07:26,223 [main] WARN  db.DBStoreBuilder (DBStoreBuilder.java:getDBDirPath(160)) - ozone.scm.datanode.id.dir is not configured. We recommend adding this setting. Falling back to ozone.metadata.dirs instead.
2025-05-13 08:07:26,226 [main] WARN  db.DBStoreBuilder (DBStoreBuilder.java:getDBDirPath(160)) - ozone.scm.datanode.id.dir is not configured. We recommend adding this setting. Falling back to ozone.metadata.dirs instead.
2025-05-13 08:07:26,249 [main] INFO  impl.FilePerChunkStrategy (FilePerChunkStrategy.java:<init>(79)) - ozone.chunk.read.mapped.buffer.max.count is load with 0
2025-05-13 08:07:26,251 [main] INFO  impl.FilePerBlockStrategy (FilePerBlockStrategy.java:<init>(87)) - ozone.chunk.read.mapped.buffer.max.count is load with 0
2025-05-13 08:07:26,257 [main] INFO  server.RaftServerConfigKeys (ConfUtils.java:logGet(46)) - raft.server.log.appender.buffer.byte-limit = 33554432 (custom)
2025-05-13 08:07:26,259 [main] INFO  server.RaftServer (ConfUtils.java:logGet(46)) - raft.rpc.type = GRPC (default)
2025-05-13 08:07:26,261 [main] INFO  grpc.GrpcConfigKeys (ConfUtils.java:logFallback(53)) - raft.grpc.admin.host = null (fallback to raft.grpc.server.host)
2025-05-13 08:07:26,261 [main] INFO  grpc.GrpcConfigKeys (ConfUtils.java:logGet(46)) - raft.grpc.admin.port = 15046 (custom)
2025-05-13 08:07:26,263 [main] INFO  grpc.GrpcConfigKeys (ConfUtils.java:logFallback(53)) - raft.grpc.client.host = null (fallback to raft.grpc.server.host)
2025-05-13 08:07:26,263 [main] INFO  grpc.GrpcConfigKeys (ConfUtils.java:logGet(46)) - raft.grpc.client.port = 15045 (custom)
2025-05-13 08:07:26,263 [main] INFO  grpc.GrpcConfigKeys (ConfUtils.java:logGet(46)) - raft.grpc.server.host = null (default)
2025-05-13 08:07:26,263 [main] INFO  grpc.GrpcConfigKeys (ConfUtils.java:logGet(46)) - raft.grpc.server.port = 15047 (custom)
2025-05-13 08:07:26,263 [main] INFO  server.GrpcService (ConfUtils.java:logGet(46)) - raft.grpc.message.size.max = 34603008 (custom)
2025-05-13 08:07:26,264 [main] INFO  server.GrpcService (ConfUtils.java:logGet(46)) - raft.grpc.flow.control.window = 5MB (=5242880) (custom)
2025-05-13 08:07:26,264 [main] INFO  server.RaftServerConfigKeys (ConfUtils.java:logGet(46)) - raft.server.rpc.request.timeout = 60s (custom)
2025-05-13 08:07:26,265 [main] INFO  grpc.GrpcConfigKeys (ConfUtils.java:logGet(46)) - raft.grpc.server.heartbeat.channel = true (default)
2025-05-13 08:07:26,265 [main] INFO  server.RaftServerConfigKeys (ConfUtils.java:logGet(46)) - raft.server.log.appender.buffer.byte-limit = 33554432 (custom)
2025-05-13 08:07:26,265 [main] INFO  grpc.GrpcConfigKeys (ConfUtils.java:logGet(46)) - raft.grpc.server.async.request.thread.pool.cached = true (default)
2025-05-13 08:07:26,266 [main] INFO  grpc.GrpcConfigKeys (ConfUtils.java:logGet(46)) - raft.grpc.server.async.request.thread.pool.size = 32 (default)
2025-05-13 08:07:26,268 [main] INFO  impl.DataStreamServerImpl (ConfUtils.java:logGet(46)) - raft.datastream.type = NETTY (custom)
2025-05-13 08:07:26,270 [main] INFO  server.RaftServerConfigKeys (ConfUtils.java:logGet(46)) - raft.server.data-stream.async.request.thread.pool.cached = false (default)
2025-05-13 08:07:26,270 [main] INFO  server.RaftServerConfigKeys (ConfUtils.java:logGet(46)) - raft.server.data-stream.async.request.thread.pool.size = 20 (custom)
2025-05-13 08:07:26,270 [main] INFO  server.RaftServerConfigKeys (ConfUtils.java:logGet(46)) - raft.server.data-stream.async.write.thread.pool.size = 16 (default)
2025-05-13 08:07:26,270 [main] INFO  netty.NettyConfigKeys$DataStream (ConfUtils.java:logGet(46)) - raft.netty.dataStream.server.channel.inactive.grace-period = 10min (default)
2025-05-13 08:07:26,270 [main] INFO  server.RaftServerConfigKeys (ConfUtils.java:logGet(46)) - raft.server.data-stream.client.pool.size = 10 (default)
2025-05-13 08:07:26,273 [main] INFO  netty.NettyConfigKeys$DataStream (ConfUtils.java:logGet(46)) - raft.netty.dataStream.server.use-epoll = true (default)
2025-05-13 08:07:26,273 [main] INFO  netty.NettyConfigKeys$DataStream (ConfUtils.java:logGet(46)) - raft.netty.dataStream.server.boss-group.size = 0 (default)
2025-05-13 08:07:26,273 [main] INFO  netty.NettyUtils (NettyUtils.java:newEventLoopGroup(74)) - Create EpollEventLoopGroup for 14d69b34-cdfe-4dfa-a52b-244cf41e8f06-NettyServerStreamRpc-bossGroup; Thread size is 0.
2025-05-13 08:07:26,275 [main] INFO  netty.NettyConfigKeys$DataStream (ConfUtils.java:logGet(46)) - raft.netty.dataStream.server.worker-group.size = 0 (default)
2025-05-13 08:07:26,276 [main] INFO  netty.NettyUtils (NettyUtils.java:newEventLoopGroup(74)) - Create EpollEventLoopGroup for 14d69b34-cdfe-4dfa-a52b-244cf41e8f06-NettyServerStreamRpc-workerGroup; Thread size is 0.
2025-05-13 08:07:26,277 [main] INFO  netty.NettyConfigKeys$DataStream (ConfUtils.java:logGet(46)) - raft.netty.dataStream.server.tls.conf = null (default)
2025-05-13 08:07:26,277 [main] INFO  netty.NettyConfigKeys$DataStream (ConfUtils.java:logGet(46)) - raft.netty.dataStream.host = null (default)
2025-05-13 08:07:26,277 [main] INFO  netty.NettyConfigKeys$DataStream (ConfUtils.java:logGet(46)) - raft.netty.dataStream.port = 15048 (custom)
2025-05-13 08:07:26,279 [main] INFO  server.RaftServerConfigKeys (ConfUtils.java:logGet(46)) - raft.server.sleep.deviation.threshold = 300ms (default)
2025-05-13 08:07:26,279 [main] INFO  server.RaftServerConfigKeys (ConfUtils.java:logGet(46)) - raft.server.close.threshold = 60s (default)
2025-05-13 08:07:26,280 [main] INFO  server.RaftServerConfigKeys (ConfUtils.java:logGet(46)) - raft.server.leaderelection.leader.step-down.wait-time = 10s (default)
2025-05-13 08:07:26,280 [main] INFO  server.RaftServerConfigKeys (ConfUtils.java:logGet(46)) - raft.server.storage.dir = [/home/runner/work/ozone/ozone/hadoop-ozone/integration-test-s3/target/test-dir/MiniOzoneClusterImpl-95f4eac0-24f3-44c7-8c9c-9c62d5a0e831/ozone-meta/datanode-5/ratis] (custom)
2025-05-13 08:07:26,280 [main] INFO  server.RaftServerConfigKeys (ConfUtils.java:logGet(46)) - raft.server.threadpool.proxy.cached = true (default)
2025-05-13 08:07:26,280 [main] INFO  server.RaftServerConfigKeys (ConfUtils.java:logGet(46)) - raft.server.threadpool.proxy.size = 0 (default)
2025-05-13 08:07:26,280 [14d69b34-cdfe-4dfa-a52b-244cf41e8f06-NettyServerStreamRpc-bossGroup--thread1] INFO  logging.LoggingHandler (AbstractInternalLogger.java:log(148)) - [id: 0x105cc275] REGISTERED
2025-05-13 08:07:26,282 [14d69b34-cdfe-4dfa-a52b-244cf41e8f06-NettyServerStreamRpc-bossGroup--thread1] INFO  logging.LoggingHandler (AbstractInternalLogger.java:log(148)) - [id: 0x105cc275] BIND: 0.0.0.0/0.0.0.0:15048
2025-05-13 08:07:26,282 [14d69b34-cdfe-4dfa-a52b-244cf41e8f06-NettyServerStreamRpc-bossGroup--thread1] INFO  logging.LoggingHandler (AbstractInternalLogger.java:log(148)) - [id: 0x105cc275, L:/0.0.0.0:15048] ACTIVE
2025-05-13 08:07:26,284 [14d69b34-cdfe-4dfa-a52b-244cf41e8f06-impl-thread1] INFO  server.RaftServer (RaftServerProxy.java:initGroupDir(265)) - 14d69b34-cdfe-4dfa-a52b-244cf41e8f06: found a subdirectory /home/runner/work/ozone/ozone/hadoop-ozone/integration-test-s3/target/test-dir/MiniOzoneClusterImpl-95f4eac0-24f3-44c7-8c9c-9c62d5a0e831/ozone-meta/datanode-5/ratis/tmp
2025-05-13 08:07:26,284 [14d69b34-cdfe-4dfa-a52b-244cf41e8f06-impl-thread1] INFO  server.RaftServer (RaftServerProxy.java:initGroupDir(270)) - 14d69b34-cdfe-4dfa-a52b-244cf41e8f06: The directory /home/runner/work/ozone/ozone/hadoop-ozone/integration-test-s3/target/test-dir/MiniOzoneClusterImpl-95f4eac0-24f3-44c7-8c9c-9c62d5a0e831/ozone-meta/datanode-5/ratis/tmp is not a group directory; ignoring it. 
2025-05-13 08:07:26,284 [main] INFO  replication.ReplicationServer (ReplicationServer.java:<init>(84)) - Initializing replication server with thread count = 10 queue length = 4096
2025-05-13 08:07:26,288 [main] INFO  server.XceiverServerGrpc (XceiverServerGrpc.java:<init>(131)) - GrpcServer channel type EpollServerSocketChannel
2025-05-13 08:07:26,290 [main] INFO  replication.ReplicationSupervisor (ReplicationSupervisor.java:build(169)) - Initializing replication supervisor with thread count = 10
2025-05-13 08:07:26,292 [main] INFO  replication.ReplicationSupervisor (ReplicationSupervisor.java:nodeStateUpdated(358)) - Node state updated to IN_SERVICE, scaling executor pool size to 10
2025-05-13 08:07:26,297 [main] INFO  http.BaseHttpServer (BaseHttpServer.java:newHttpServer2BuilderForOzone(229)) - Starting Web-server for hddsDatanode at: http://0.0.0.0:15042
2025-05-13 08:07:26,297 [main] INFO  http.BaseHttpServer (BaseHttpServer.java:<init>(107)) - Hadoop Security Enabled: false Ozone Security Enabled: false Ozone HTTP Security Enabled: false 
2025-05-13 08:07:26,299 [main] WARN  server.AuthenticationFilter (AuthenticationFilter.java:constructSecretProvider(240)) - Unable to initialize FileSignerSecretProvider, falling back to use random secrets. Reason: Could not read signature secret file: /home/runner/hadoop-http-auth-signature-secret
2025-05-13 08:07:26,304 [main] INFO  http.HttpServer2 (HttpServer2.java:addGlobalFilter(1042)) - Added global filter 'safety' (class=org.apache.hadoop.hdds.server.http.HttpServer2$QuotingInputFilter)
2025-05-13 08:07:26,305 [main] INFO  http.HttpServer2 (HttpServer2.java:addFilter(1018)) - Added filter static_user_filter (class=org.apache.hadoop.http.lib.StaticUserWebFilter$StaticUserFilter) to context hddsDatanode
2025-05-13 08:07:26,305 [main] INFO  http.HttpServer2 (HttpServer2.java:addFilter(1026)) - Added filter static_user_filter (class=org.apache.hadoop.http.lib.StaticUserWebFilter$StaticUserFilter) to context logs
2025-05-13 08:07:26,305 [main] INFO  http.HttpServer2 (HttpServer2.java:addFilter(1026)) - Added filter static_user_filter (class=org.apache.hadoop.http.lib.StaticUserWebFilter$StaticUserFilter) to context static
2025-05-13 08:07:26,306 [main] INFO  http.BaseHttpServer (BaseHttpServer.java:<init>(195)) - HTTP server of hddsDatanode uses base directory /home/runner/work/ozone/ozone/hadoop-ozone/integration-test-s3/target/test-dir/MiniOzoneClusterImpl-95f4eac0-24f3-44c7-8c9c-9c62d5a0e831/ozone-meta/datanode-5/meta/webserver
2025-05-13 08:07:26,306 [main] INFO  http.HttpServer2 (HttpServer2.java:bindListener(1242)) - Jetty bound to port 15042
2025-05-13 08:07:26,307 [main] INFO  server.Server (Server.java:doStart(375)) - jetty-9.4.57.v20241219; built: 2025-01-08T21:24:30.412Z; git: df524e6b29271c2e09ba9aea83c18dc9db464a31; jvm 21.0.7+6-LTS
2025-05-13 08:07:26,311 [main] INFO  server.session (DefaultSessionIdManager.java:doStart(334)) - DefaultSessionIdManager workerName=node0
2025-05-13 08:07:26,312 [main] INFO  server.session (DefaultSessionIdManager.java:doStart(339)) - No SessionScavenger set, using defaults
2025-05-13 08:07:26,313 [main] INFO  server.session (HouseKeeper.java:startScavenging(132)) - node0 Scavenging every 600000ms
2025-05-13 08:07:26,314 [main] INFO  handler.ContextHandler (ContextHandler.java:doStart(921)) - Started o.e.j.s.ServletContextHandler@5ce4af92{logs,/logs,file:///home/runner/work/ozone/ozone/hadoop-ozone/integration-test-s3/target/log,AVAILABLE}
2025-05-13 08:07:26,316 [main] INFO  handler.ContextHandler (ContextHandler.java:doStart(921)) - Started o.e.j.s.ServletContextHandler@679c93a0{static,/static,jar:file:/home/runner/work/ozone/ozone/hadoop-hdds/container-service/target/hdds-container-service-2.1.0-SNAPSHOT.jar!/webapps/static,AVAILABLE}
2025-05-13 08:07:26,390 [21150c38-a3e2-4a16-8c36-d72d8cfe1192-EndpointStateMachineTaskThread-/0.0.0.0:15002-0 ] INFO  utils.DatanodeStoreCache (DatanodeStoreCache.java:addDB(70)) - Added db /home/runner/work/ozone/ozone/hadoop-ozone/integration-test-s3/target/test-dir/MiniOzoneClusterImpl-95f4eac0-24f3-44c7-8c9c-9c62d5a0e831/ozone-meta/datanode-3/data-0/hdds/95f4eac0-24f3-44c7-8c9c-9c62d5a0e831/DS-e6a072ee-c8d0-4f8a-b77f-6d7fd7d4628f/container.db to cache
2025-05-13 08:07:26,390 [21150c38-a3e2-4a16-8c36-d72d8cfe1192-EndpointStateMachineTaskThread-/0.0.0.0:15002-0 ] INFO  volume.HddsVolume (HddsVolume.java:createDbStore(510)) - SchemaV3 db is created and loaded at /home/runner/work/ozone/ozone/hadoop-ozone/integration-test-s3/target/test-dir/MiniOzoneClusterImpl-95f4eac0-24f3-44c7-8c9c-9c62d5a0e831/ozone-meta/datanode-3/data-0/hdds/95f4eac0-24f3-44c7-8c9c-9c62d5a0e831/DS-e6a072ee-c8d0-4f8a-b77f-6d7fd7d4628f/container.db for volume DS-e6a072ee-c8d0-4f8a-b77f-6d7fd7d4628f
2025-05-13 08:07:26,396 [21150c38-a3e2-4a16-8c36-d72d8cfe1192-ContainerReader-0] INFO  ozoneimpl.ContainerReader (ContainerReader.java:readVolume(144)) - Start to verify containers on volume /home/runner/work/ozone/ozone/hadoop-ozone/integration-test-s3/target/test-dir/MiniOzoneClusterImpl-95f4eac0-24f3-44c7-8c9c-9c62d5a0e831/ozone-meta/datanode-3/data-0/hdds
2025-05-13 08:07:26,396 [21150c38-a3e2-4a16-8c36-d72d8cfe1192-ContainerReader-0] INFO  ozoneimpl.ContainerReader (ContainerReader.java:readVolume(174)) - Finish verifying containers on volume /home/runner/work/ozone/ozone/hadoop-ozone/integration-test-s3/target/test-dir/MiniOzoneClusterImpl-95f4eac0-24f3-44c7-8c9c-9c62d5a0e831/ozone-meta/datanode-3/data-0/hdds
2025-05-13 08:07:26,397 [21150c38-a3e2-4a16-8c36-d72d8cfe1192-EndpointStateMachineTaskThread-/0.0.0.0:15002-0 ] INFO  ozoneimpl.OzoneContainer (OzoneContainer.java:buildContainerSet(364)) - Build ContainerSet costs 0s
2025-05-13 08:07:26,398 [21150c38-a3e2-4a16-8c36-d72d8cfe1192-EndpointStateMachineTaskThread-/0.0.0.0:15002-0 ] INFO  volume.ThrottledAsyncChecker (ThrottledAsyncChecker.java:schedule(138)) - Scheduling a check for /home/runner/work/ozone/ozone/hadoop-ozone/integration-test-s3/target/test-dir/MiniOzoneClusterImpl-95f4eac0-24f3-44c7-8c9c-9c62d5a0e831/ozone-meta/datanode-3/data-0/hdds
2025-05-13 08:07:26,400 [21150c38-a3e2-4a16-8c36-d72d8cfe1192-EndpointStateMachineTaskThread-/0.0.0.0:15002-0 ] INFO  volume.StorageVolumeChecker (StorageVolumeChecker.java:checkAllVolumes(215)) - Scheduled health check for volume /home/runner/work/ozone/ozone/hadoop-ozone/integration-test-s3/target/test-dir/MiniOzoneClusterImpl-95f4eac0-24f3-44c7-8c9c-9c62d5a0e831/ozone-meta/datanode-3/data-0/hdds
2025-05-13 08:07:26,406 [21150c38-a3e2-4a16-8c36-d72d8cfe1192-EndpointStateMachineTaskThread-/0.0.0.0:15002-0 ] INFO  volume.ThrottledAsyncChecker (ThrottledAsyncChecker.java:schedule(138)) - Scheduling a check for /home/runner/work/ozone/ozone/hadoop-ozone/integration-test-s3/target/test-dir/MiniOzoneClusterImpl-95f4eac0-24f3-44c7-8c9c-9c62d5a0e831/ozone-meta/datanode-3/ratis
2025-05-13 08:07:26,407 [21150c38-a3e2-4a16-8c36-d72d8cfe1192-EndpointStateMachineTaskThread-/0.0.0.0:15002-0 ] INFO  volume.StorageVolumeChecker (StorageVolumeChecker.java:checkAllVolumes(215)) - Scheduled health check for volume /home/runner/work/ozone/ozone/hadoop-ozone/integration-test-s3/target/test-dir/MiniOzoneClusterImpl-95f4eac0-24f3-44c7-8c9c-9c62d5a0e831/ozone-meta/datanode-3/ratis
2025-05-13 08:07:26,408 [21150c38-a3e2-4a16-8c36-d72d8cfe1192-EndpointStateMachineTaskThread-/0.0.0.0:15002-0 ] INFO  ozoneimpl.OzoneContainer (OzoneContainer.java:start(512)) - Attempting to start container services.
2025-05-13 08:07:26,408 [21150c38-a3e2-4a16-8c36-d72d8cfe1192-EndpointStateMachineTaskThread-/0.0.0.0:15002-0 ] WARN  ozoneimpl.OnDemandContainerDataScanner (OnDemandContainerDataScanner.java:init(74)) - Trying to initialize on demand scanner a second time on a datanode.
2025-05-13 08:07:26,410 [ContainerMetadataScanner] INFO  ozoneimpl.AbstractBackgroundContainerScanner (AbstractBackgroundContainerScanner.java:runIteration(89)) - Completed an iteration in 0 minutes. Number of iterations (since the data-node restart) : 1, Number of containers scanned in this iteration : 0, Number of unhealthy containers found in this iteration : 0
2025-05-13 08:07:26,411 [ContainerDataScanner(/home/runner/work/ozone/ozone/hadoop-ozone/integration-test-s3/target/test-dir/MiniOzoneClusterImpl-95f4eac0-24f3-44c7-8c9c-9c62d5a0e831/ozone-meta/datanode-3/data-0/hdds)] INFO  ozoneimpl.AbstractBackgroundContainerScanner (AbstractBackgroundContainerScanner.java:runIteration(89)) - Completed an iteration in 0 minutes. Number of iterations (since the data-node restart) : 1, Number of containers scanned in this iteration : 0, Number of unhealthy containers found in this iteration : 0
2025-05-13 08:07:26,412 [21150c38-a3e2-4a16-8c36-d72d8cfe1192-EndpointStateMachineTaskThread-/0.0.0.0:15002-0 ] INFO  replication.ReplicationServer (ReplicationServer.java:start(137)) - ReplicationServer is started using port 15033
2025-05-13 08:07:26,413 [21150c38-a3e2-4a16-8c36-d72d8cfe1192-EndpointStateMachineTaskThread-/0.0.0.0:15002-0 ] INFO  ratis.XceiverServerRatis (XceiverServerRatis.java:start(559)) - Starting XceiverServerRatis(21150c38-a3e2-4a16-8c36-d72d8cfe1192)
2025-05-13 08:07:26,416 [21150c38-a3e2-4a16-8c36-d72d8cfe1192-EndpointStateMachineTaskThread-/0.0.0.0:15002-0 ] INFO  server.RaftServer (RaftServerProxy.java:startImpl(407)) - 21150c38-a3e2-4a16-8c36-d72d8cfe1192: start RPC server
2025-05-13 08:07:26,417 [21150c38-a3e2-4a16-8c36-d72d8cfe1192-EndpointStateMachineTaskThread-/0.0.0.0:15002-0 ] INFO  server.GrpcService (GrpcService.java:startImpl(334)) - 21150c38-a3e2-4a16-8c36-d72d8cfe1192: GrpcService started, listening on 15029
2025-05-13 08:07:26,419 [21150c38-a3e2-4a16-8c36-d72d8cfe1192-EndpointStateMachineTaskThread-/0.0.0.0:15002-0 ] INFO  server.GrpcService (GrpcService.java:startImpl(334)) - 21150c38-a3e2-4a16-8c36-d72d8cfe1192: GrpcService started, listening on 15031
2025-05-13 08:07:26,421 [21150c38-a3e2-4a16-8c36-d72d8cfe1192-EndpointStateMachineTaskThread-/0.0.0.0:15002-0 ] INFO  server.GrpcService (GrpcService.java:startImpl(334)) - 21150c38-a3e2-4a16-8c36-d72d8cfe1192: GrpcService started, listening on 15030
2025-05-13 08:07:26,423 [21150c38-a3e2-4a16-8c36-d72d8cfe1192-EndpointStateMachineTaskThread-/0.0.0.0:15002-0 ] INFO  ratis.XceiverServerRatis (XceiverServerRatis.java:getRealPort(586)) - XceiverServerRatis(21150c38-a3e2-4a16-8c36-d72d8cfe1192) is started using port RATIS=15029
2025-05-13 08:07:26,423 [JvmPauseMonitor5] INFO  util.JvmPauseMonitor (JvmPauseMonitor.java:run(146)) - JvmPauseMonitor-21150c38-a3e2-4a16-8c36-d72d8cfe1192: Started
2025-05-13 08:07:26,424 [21150c38-a3e2-4a16-8c36-d72d8cfe1192-EndpointStateMachineTaskThread-/0.0.0.0:15002-0 ] INFO  ratis.XceiverServerRatis (XceiverServerRatis.java:getRealPort(586)) - XceiverServerRatis(21150c38-a3e2-4a16-8c36-d72d8cfe1192) is started using port RATIS_ADMIN=15030
2025-05-13 08:07:26,424 [21150c38-a3e2-4a16-8c36-d72d8cfe1192-EndpointStateMachineTaskThread-/0.0.0.0:15002-0 ] INFO  ratis.XceiverServerRatis (XceiverServerRatis.java:getRealPort(586)) - XceiverServerRatis(21150c38-a3e2-4a16-8c36-d72d8cfe1192) is started using port RATIS_SERVER=15031
2025-05-13 08:07:26,424 [21150c38-a3e2-4a16-8c36-d72d8cfe1192-EndpointStateMachineTaskThread-/0.0.0.0:15002-0 ] INFO  ratis.XceiverServerRatis (XceiverServerRatis.java:getRealPort(586)) - XceiverServerRatis(21150c38-a3e2-4a16-8c36-d72d8cfe1192) is started using port RATIS_DATASTREAM=15032
2025-05-13 08:07:26,427 [21150c38-a3e2-4a16-8c36-d72d8cfe1192-BlockDeletingService#0] INFO  interfaces.ContainerDeletionChoosingPolicyTemplate (ContainerDeletionChoosingPolicyTemplate.java:chooseContainerForBlockDeletion(83)) - Chosen 0/5000 blocks from 0 candidate containers.
2025-05-13 08:07:26,465 [IPC Server handler 2 on default port 15002] INFO  net.NetworkTopologyImpl (NetworkTopologyImpl.java:add(133)) - Added a new node: /default-rack/214a71e2-145e-48a6-8ba5-d603b385d06b
2025-05-13 08:07:26,467 [IPC Server handler 2 on default port 15002] INFO  node.SCMNodeManager (SCMNodeManager.java:register(426)) - Registered datanode: 214a71e2-145e-48a6-8ba5-d603b385d06b{ip: 127.0.0.1, host: localhost, ports: [HTTP=15018, CLIENT_RPC=15019, REPLICATION=15025, RATIS=15021, RATIS_ADMIN=15022, RATIS_SERVER=15023, RATIS_DATASTREAM=15024, STANDALONE=15020], networkLocation: /default-rack, certSerialId: null, persistedOpState: null, persistedOpStateExpiryEpochSec: 0}
2025-05-13 08:07:26,468 [EventQueue-ContainerRegistrationReportForRatisContainerSafeModeRule] INFO  safemode.SCMSafeModeManager (SCMSafeModeManager.java:validateSafeModeExitRules(140)) - RatisContainerSafeModeRule rule is successfully validated
2025-05-13 08:07:26,468 [EventQueue-PipelineReportForOneReplicaPipelineSafeModeRule] INFO  safemode.SCMSafeModeManager (SCMSafeModeManager.java:validateSafeModeExitRules(140)) - AtleastOneDatanodeReportedRule rule is successfully validated
2025-05-13 08:07:26,468 [EventQueue-ContainerRegistrationReportForECContainerSafeModeRule] INFO  safemode.SCMSafeModeManager (SCMSafeModeManager.java:validateSafeModeExitRules(140)) - ECContainerSafeModeRule rule is successfully validated
2025-05-13 08:07:26,469 [EventQueue-NodeRegistrationContainerReportForDataNodeSafeModeRule] INFO  safemode.SCMSafeModeManager (DataNodeSafeModeRule.java:process(79)) - SCM in safe mode. 2 DataNodes registered, 3 required.
2025-05-13 08:07:26,469 [EventQueue-NewNodeForNewNodeHandler] INFO  pipeline.BackgroundPipelineCreator (BackgroundPipelineCreator.java:notifyEventTriggered(290)) - trigger a one-shot run on RatisPipelineUtilsThread.
2025-05-13 08:07:26,506 [main] INFO  handler.ContextHandler (ContextHandler.java:doStart(921)) - Started o.e.j.w.WebAppContext@10370297{hddsDatanode,/,file:///home/runner/work/ozone/ozone/hadoop-ozone/integration-test-s3/target/test-dir/MiniOzoneClusterImpl-95f4eac0-24f3-44c7-8c9c-9c62d5a0e831/ozone-meta/datanode-5/meta/webserver/jetty-0_0_0_0-15042-hdds-container-service-2_1_0-SNAPSHOT_jar-_-any-8386890474281635895/webapp/,AVAILABLE}{jar:file:/home/runner/work/ozone/ozone/hadoop-hdds/container-service/target/hdds-container-service-2.1.0-SNAPSHOT.jar!/webapps/hddsDatanode}
2025-05-13 08:07:26,506 [main] INFO  server.AbstractConnector (AbstractConnector.java:doStart(333)) - Started ServerConnector@b96fb73{HTTP/1.1, (http/1.1)}{0.0.0.0:15042}
2025-05-13 08:07:26,507 [main] INFO  server.Server (Server.java:doStart(415)) - Started @15296ms
2025-05-13 08:07:26,507 [main] WARN  impl.MetricsSystemImpl (MetricsSystemImpl.java:register(279)) - Sink prometheus already exists!
2025-05-13 08:07:26,508 [main] INFO  http.BaseHttpServer (BaseHttpServer.java:updateConnectorAddress(359)) - HTTP server of hddsDatanode listening at http://0.0.0.0:15042
2025-05-13 08:07:26,508 [main] INFO  ipc.CallQueueManager (CallQueueManager.java:<init>(93)) - Using callQueue: class java.util.concurrent.LinkedBlockingQueue, queueCapacity: 1000, scheduler: class org.apache.hadoop.ipc.DefaultRpcScheduler, ipcBackoff: false, ipcFailOver: false.
2025-05-13 08:07:26,508 [main] INFO  ipc.Server (Server.java:<init>(1438)) - Listener at 0.0.0.0:15043
2025-05-13 08:07:26,509 [Socket Reader #1 for port 15043] INFO  ipc.Server (Server.java:run(1474)) - Starting Socket Reader #1 for port 15043
2025-05-13 08:07:26,510 [Socket Reader #2 for port 15043] INFO  ipc.Server (Server.java:run(1474)) - Starting Socket Reader #2 for port 15043
2025-05-13 08:07:26,510 [Socket Reader #3 for port 15043] INFO  ipc.Server (Server.java:run(1474)) - Starting Socket Reader #3 for port 15043
2025-05-13 08:07:26,511 [Socket Reader #4 for port 15043] INFO  ipc.Server (Server.java:run(1474)) - Starting Socket Reader #4 for port 15043
2025-05-13 08:07:26,511 [Socket Reader #5 for port 15043] INFO  ipc.Server (Server.java:run(1474)) - Starting Socket Reader #5 for port 15043
2025-05-13 08:07:26,511 [Socket Reader #6 for port 15043] INFO  ipc.Server (Server.java:run(1474)) - Starting Socket Reader #6 for port 15043
2025-05-13 08:07:26,512 [Socket Reader #7 for port 15043] INFO  ipc.Server (Server.java:run(1474)) - Starting Socket Reader #7 for port 15043
2025-05-13 08:07:26,512 [Socket Reader #8 for port 15043] INFO  ipc.Server (Server.java:run(1474)) - Starting Socket Reader #8 for port 15043
2025-05-13 08:07:26,512 [Socket Reader #9 for port 15043] INFO  ipc.Server (Server.java:run(1474)) - Starting Socket Reader #9 for port 15043
2025-05-13 08:07:26,512 [Socket Reader #10 for port 15043] INFO  ipc.Server (Server.java:run(1474)) - Starting Socket Reader #10 for port 15043
2025-05-13 08:07:26,515 [main] INFO  ozone.HddsDatanodeService (HddsDatanodeService.java:start(325)) - Datanode start with admins: [runner]
2025-05-13 08:07:26,515 [main] INFO  ozone.HddsDatanodeClientProtocolServer (HddsDatanodeClientProtocolServer.java:start(76)) - RPC server for Client /0.0.0.0:15043
2025-05-13 08:07:26,515 [IPC Server Responder] INFO  ipc.Server (Server.java:run(1713)) - IPC Server Responder: starting
2025-05-13 08:07:26,516 [IPC Server listener on 15043] INFO  ipc.Server (Server.java:run(1553)) - IPC Server listener on 15043: starting
2025-05-13 08:07:26,532 [14d69b34-cdfe-4dfa-a52b-244cf41e8f06-DatanodeStateMachineDaemonThread] INFO  statemachine.DatanodeStateMachine (DatanodeStateMachine.java:startStateMachineThread(340)) - Ozone container server started.
2025-05-13 08:07:26,548 [14d69b34-cdfe-4dfa-a52b-244cf41e8f06-DatanodeStateMachineTaskThread-0] INFO  datanode.InitDatanodeState (InitDatanodeState.java:persistContainerDatanodeDetails(139)) - DatanodeDetails is persisted to /home/runner/work/ozone/ozone/hadoop-ozone/integration-test-s3/target/test-dir/MiniOzoneClusterImpl-95f4eac0-24f3-44c7-8c9c-9c62d5a0e831/ozone-meta/datanode-5/meta/datanode.id
2025-05-13 08:07:26,566 [main] INFO  http.BaseHttpServer (BaseHttpServer.java:newHttpServer2BuilderForOzone(229)) - Starting Web-server for s3gateway at: http://0.0.0.0:15050
2025-05-13 08:07:26,566 [main] INFO  http.BaseHttpServer (BaseHttpServer.java:<init>(107)) - Hadoop Security Enabled: false Ozone Security Enabled: false Ozone HTTP Security Enabled: false 
2025-05-13 08:07:26,570 [main] WARN  server.AuthenticationFilter (AuthenticationFilter.java:constructSecretProvider(240)) - Unable to initialize FileSignerSecretProvider, falling back to use random secrets. Reason: Could not read signature secret file: /home/runner/hadoop-http-auth-signature-secret
2025-05-13 08:07:26,572 [main] INFO  http.HttpServer2 (HttpServer2.java:addGlobalFilter(1042)) - Added global filter 'safety' (class=org.apache.hadoop.hdds.server.http.HttpServer2$QuotingInputFilter)
2025-05-13 08:07:26,573 [main] INFO  http.HttpServer2 (HttpServer2.java:addFilter(1018)) - Added filter static_user_filter (class=org.apache.hadoop.http.lib.StaticUserWebFilter$StaticUserFilter) to context s3gateway
2025-05-13 08:07:26,577 [main] INFO  http.BaseHttpServer (BaseHttpServer.java:<init>(195)) - HTTP server of s3gateway uses base directory /home/runner/work/ozone/ozone/hadoop-ozone/integration-test-s3/ozone_http_tmp_base_dir3110740336244369057
2025-05-13 08:07:26,581 [main] INFO  http.BaseHttpServer (BaseHttpServer.java:newHttpServer2BuilderForOzone(229)) - Starting Web-server for s3g-web at: http://0.0.0.0:19878
2025-05-13 08:07:26,581 [main] INFO  http.BaseHttpServer (BaseHttpServer.java:<init>(107)) - Hadoop Security Enabled: false Ozone Security Enabled: false Ozone HTTP Security Enabled: false 
2025-05-13 08:07:26,582 [main] WARN  server.AuthenticationFilter (AuthenticationFilter.java:constructSecretProvider(240)) - Unable to initialize FileSignerSecretProvider, falling back to use random secrets. Reason: Could not read signature secret file: /home/runner/hadoop-http-auth-signature-secret
2025-05-13 08:07:26,590 [main] INFO  http.HttpServer2 (HttpServer2.java:addGlobalFilter(1042)) - Added global filter 'safety' (class=org.apache.hadoop.hdds.server.http.HttpServer2$QuotingInputFilter)
2025-05-13 08:07:26,591 [main] INFO  http.HttpServer2 (HttpServer2.java:addFilter(1018)) - Added filter static_user_filter (class=org.apache.hadoop.http.lib.StaticUserWebFilter$StaticUserFilter) to context s3g-web
2025-05-13 08:07:26,591 [main] INFO  http.HttpServer2 (HttpServer2.java:addFilter(1026)) - Added filter static_user_filter (class=org.apache.hadoop.http.lib.StaticUserWebFilter$StaticUserFilter) to context logs
2025-05-13 08:07:26,592 [main] INFO  http.HttpServer2 (HttpServer2.java:addFilter(1026)) - Added filter static_user_filter (class=org.apache.hadoop.http.lib.StaticUserWebFilter$StaticUserFilter) to context static
2025-05-13 08:07:26,593 [main] INFO  http.BaseHttpServer (BaseHttpServer.java:<init>(195)) - HTTP server of s3g-web uses base directory /home/runner/work/ozone/ozone/hadoop-ozone/integration-test-s3/ozone_http_tmp_base_dir3110740336244369057
2025-05-13 08:07:26,712 [main] INFO  s3.Gateway (HddsServerUtil.java:startupShutdownMessage(683)) - STARTUP_MSG: 
/************************************************************
STARTUP_MSG: Starting Gateway
STARTUP_MSG:   host = pkrvmberfyhpb9w/10.1.0.237
STARTUP_MSG:   args = []
STARTUP_MSG:   version = 2.1.0-SNAPSHOT
STARTUP_MSG:   classpath = /home/runner/work/ozone/ozone/hadoop-ozone/integration-test-s3/target/test-classes:/home/runner/work/ozone/ozone/hadoop-ozone/integration-test-s3/target/classes:/home/runner/.m2/repository/com/amazonaws/aws-java-sdk-core/1.12.661/aws-java-sdk-core-1.12.661.jar:/home/runner/.m2/repository/commons-codec/commons-codec/1.17.1/commons-codec-1.17.1.jar:/home/runner/.m2/repository/org/apache/httpcomponents/httpclient/4.5.14/httpclient-4.5.14.jar:/home/runner/.m2/repository/com/fasterxml/jackson/core/jackson-databind/2.16.2/jackson-databind-2.16.2.jar:/home/runner/.m2/repository/com/fasterxml/jackson/dataformat/jackson-dataformat-cbor/2.16.2/jackson-dataformat-cbor-2.16.2.jar:/home/runner/.m2/repository/joda-time/joda-time/2.12.7/joda-time-2.12.7.jar:/home/runner/.m2/repository/com/amazonaws/aws-java-sdk-s3/1.12.661/aws-java-sdk-s3-1.12.661.jar:/home/runner/.m2/repository/com/amazonaws/aws-java-sdk-kms/1.12.661/aws-java-sdk-kms-1.12.661.jar:/home/runner/.m2/repository/com/amazonaws/jmespath-java/1.12.661/jmespath-java-1.12.661.jar:/home/runner/.m2/repository/jakarta/xml/bind/jakarta.xml.bind-api/2.3.3/jakarta.xml.bind-api-2.3.3.jar:/home/runner/.m2/repository/jakarta/activation/jakarta.activation-api/1.2.2/jakarta.activation-api-1.2.2.jar:/home/runner/.m2/repository/org/apache/commons/commons-lang3/3.17.0/commons-lang3-3.17.0.jar:/home/runner/work/ozone/ozone/hadoop-hdds/common/target/hdds-common-2.1.0-SNAPSHOT.jar:/home/runner/.m2/repository/com/fasterxml/jackson/core/jackson-annotations/2.16.2/jackson-annotations-2.16.2.jar:/home/runner/.m2/repository/com/fasterxml/jackson/core/jackson-core/2.16.2/jackson-core-2.16.2.jar:/home/runner/.m2/repository/com/fasterxml/jackson/datatype/jackson-datatype-jsr310/2.16.2/jackson-datatype-jsr310-2.16.2.jar:/home/runner/.m2/repository/com/github/stephenc/jcip/jcip-annotations/1.0-1/jcip-annotations-1.0-1.jar:/home/runner/.m2/repository/com/google/guava/guava/32.1.3-jre/guava-32.1.3-jre.jar:/home/runner/.m2/repository/com/google/guava/failureaccess/1.0.1/failureaccess-1.0.1.jar:/home/runner/.m2/repository/com/google/guava/listenablefuture/9999.0-empty-to-avoid-conflict-with-guava/listenablefuture-9999.0-empty-to-avoid-conflict-with-guava.jar:/home/runner/.m2/repository/org/checkerframework/checker-qual/3.37.0/checker-qual-3.37.0.jar:/home/runner/.m2/repository/com/google/errorprone/error_prone_annotations/2.29.2/error_prone_annotations-2.29.2.jar:/home/runner/.m2/repository/com/google/j2objc/j2objc-annotations/2.8/j2objc-annotations-2.8.jar:/home/runner/.m2/repository/com/google/protobuf/protobuf-java/2.5.0/protobuf-java-2.5.0.jar:/home/runner/.m2/repository/commons-collections/commons-collections/3.2.2/commons-collections-3.2.2.jar:/home/runner/.m2/repository/commons-io/commons-io/2.18.0/commons-io-2.18.0.jar:/home/runner/.m2/repository/commons-validator/commons-validator/1.6/commons-validator-1.6.jar:/home/runner/.m2/repository/commons-beanutils/commons-beanutils/1.9.4/commons-beanutils-1.9.4.jar:/home/runner/.m2/repository/commons-digester/commons-digester/1.8.1/commons-digester-1.8.1.jar:/home/runner/.m2/repository/info/picocli/picocli/4.7.7/picocli-4.7.7.jar:/home/runner/.m2/repository/io/dropwizard/metrics/metrics-core/3.2.6/metrics-core-3.2.6.jar:/home/runner/.m2/repository/io/jaegertracing/jaeger-client/1.8.1/jaeger-client-1.8.1.jar:/home/runner/.m2/repository/io/jaegertracing/jaeger-thrift/1.8.1/jaeger-thrift-1.8.1.jar:/home/runner/.m2/repository/org/apache/thrift/libthrift/0.15.0/libthrift-0.15.0.jar:/home/runner/.m2/repository/com/squareup/okhttp3/okhttp/4.12.0/okhttp-4.12.0.jar:/home/runner/.m2/repository/com/squareup/okio/okio/3.6.0/okio-3.6.0.jar:/home/runner/.m2/repository/com/squareup/okio/okio-jvm/3.6.0/okio-jvm-3.6.0.jar:/home/runner/.m2/repository/org/jetbrains/kotlin/kotlin-stdlib-common/1.9.25/kotlin-stdlib-common-1.9.25.jar:/home/runner/.m2/repository/org/jetbrains/kotlin/kotlin-stdlib-jdk8/1.9.25/kotlin-stdlib-jdk8-1.9.25.jar:/home/runner/.m2/repository/org/jetbrains/kotlin/kotlin-stdlib-jdk7/1.9.25/kotlin-stdlib-jdk7-1.9.25.jar:/home/runner/.m2/repository/io/jaegertracing/jaeger-tracerresolver/1.8.1/jaeger-tracerresolver-1.8.1.jar:/home/runner/.m2/repository/io/opentracing/contrib/opentracing-tracerresolver/0.1.8/opentracing-tracerresolver-0.1.8.jar:/home/runner/.m2/repository/io/jaegertracing/jaeger-core/1.8.1/jaeger-core-1.8.1.jar:/home/runner/.m2/repository/io/opentracing/opentracing-api/0.33.0/opentracing-api-0.33.0.jar:/home/runner/.m2/repository/io/opentracing/opentracing-util/0.33.0/opentracing-util-0.33.0.jar:/home/runner/.m2/repository/jakarta/annotation/jakarta.annotation-api/2.1.1/jakarta.annotation-api-2.1.1.jar:/home/runner/.m2/repository/javax/annotation/javax.annotation-api/1.3.2/javax.annotation-api-1.3.2.jar:/home/runner/.m2/repository/org/apache/hadoop/hadoop-common/3.4.1/hadoop-common-3.4.1.jar:/home/runner/.m2/repository/org/apache/hadoop/thirdparty/hadoop-shaded-protobuf_3_25/1.4.0/hadoop-shaded-protobuf_3_25-1.4.0.jar:/home/runner/.m2/repository/org/apache/hadoop/hadoop-annotations/3.4.1/hadoop-annotations-3.4.1.jar:/home/runner/.m2/repository/org/apache/hadoop/thirdparty/hadoop-shaded-guava/1.3.0/hadoop-shaded-guava-1.3.0.jar:/home/runner/.m2/repository/org/codehaus/jettison/jettison/1.5.4/jettison-1.5.4.jar:/home/runner/.m2/repository/org/apache/commons/commons-text/1.12.0/commons-text-1.12.0.jar:/home/runner/.m2/repository/com/google/re2j/re2j/1.7/re2j-1.7.jar:/home/runner/.m2/repository/io/netty/netty-handler/4.1.109.Final/netty-handler-4.1.109.Final.jar:/home/runner/.m2/repository/io/netty/netty-transport-native-unix-common/4.1.109.Final/netty-transport-native-unix-common-4.1.109.Final.jar:/home/runner/.m2/repository/io/netty/netty-transport-native-epoll/4.1.109.Final/netty-transport-native-epoll-4.1.109.Final.jar:/home/runner/.m2/repository/org/codehaus/woodstox/stax2-api/4.2.1/stax2-api-4.2.1.jar:/home/runner/.m2/repository/com/fasterxml/woodstox/woodstox-core/5.4.0/woodstox-core-5.4.0.jar:/home/runner/work/ozone/ozone/hadoop-hdds/annotations/target/hdds-annotation-processing-2.1.0-SNAPSHOT.jar:/home/runner/work/ozone/ozone/hadoop-hdds/interface-admin/target/hdds-interface-admin-2.1.0-SNAPSHOT.jar:/home/runner/work/ozone/ozone/hadoop-hdds/interface-client/target/hdds-interface-client-2.1.0-SNAPSHOT.jar:/home/runner/.m2/repository/org/apache/ratis/ratis-client/3.1.2/ratis-client-3.1.2.jar:/home/runner/.m2/repository/org/apache/ratis/ratis-grpc/3.1.2/ratis-grpc-3.1.2.jar:/home/runner/.m2/repository/org/apache/ratis/ratis-metrics-dropwizard3/3.1.2/ratis-metrics-dropwizard3-3.1.2.jar:/home/runner/.m2/repository/org/apache/ratis/ratis-netty/3.1.2/ratis-netty-3.1.2.jar:/home/runner/.m2/repository/org/apache/ratis/ratis-proto/3.1.2/ratis-proto-3.1.2.jar:/home/runner/.m2/repository/org/apache/ratis/ratis-server-api/3.1.2/ratis-server-api-3.1.2.jar:/home/runner/.m2/repository/org/apache/ratis/ratis-thirdparty-misc/1.0.6/ratis-thirdparty-misc-1.0.6.jar:/home/runner/.m2/repository/org/bouncycastle/bcpkix-jdk18on/1.80/bcpkix-jdk18on-1.80.jar:/home/runner/.m2/repository/org/bouncycastle/bcprov-jdk18on/1.80/bcprov-jdk18on-1.80.jar:/home/runner/.m2/repository/org/bouncycastle/bcutil-jdk18on/1.80/bcutil-jdk18on-1.80.jar:/home/runner/.m2/repository/org/jetbrains/kotlin/kotlin-stdlib/1.9.25/kotlin-stdlib-1.9.25.jar:/home/runner/.m2/repository/org/jetbrains/annotations/13.0/annotations-13.0.jar:/home/runner/.m2/repository/org/reflections/reflections/0.10.2/reflections-0.10.2.jar:/home/runner/.m2/repository/org/slf4j/jcl-over-slf4j/2.0.17/jcl-over-slf4j-2.0.17.jar:/home/runner/.m2/repository/org/yaml/snakeyaml/2.0/snakeyaml-2.0.jar:/home/runner/.m2/repository/org/slf4j/slf4j-reload4j/2.0.17/slf4j-reload4j-2.0.17.jar:/home/runner/work/ozone/ozone/hadoop-hdds/config/target/hdds-config-2.1.0-SNAPSHOT.jar:/home/runner/work/ozone/ozone/hadoop-hdds/framework/target/hdds-server-framework-2.1.0-SNAPSHOT.jar:/home/runner/.m2/repository/ch/qos/reload4j/reload4j/1.2.26/reload4j-1.2.26.jar:/home/runner/.m2/repository/com/github/jnr/jnr-constants/0.10.4/jnr-constants-0.10.4.jar:/home/runner/.m2/repository/com/github/jnr/jnr-posix/3.1.20/jnr-posix-3.1.20.jar:/home/runner/.m2/repository/com/github/jnr/jnr-ffi/2.2.17/jnr-ffi-2.2.17.jar:/home/runner/.m2/repository/com/github/jnr/jffi/1.3.13/jffi-1.3.13.jar:/home/runner/.m2/repository/com/github/jnr/jffi/1.3.13/jffi-1.3.13-native.jar:/home/runner/.m2/repository/org/ow2/asm/asm/9.7.1/asm-9.7.1.jar:/home/runner/.m2/repository/org/ow2/asm/asm-commons/9.7.1/asm-commons-9.7.1.jar:/home/runner/.m2/repository/org/ow2/asm/asm-analysis/9.7.1/asm-analysis-9.7.1.jar:/home/runner/.m2/repository/org/ow2/asm/asm-tree/9.7.1/asm-tree-9.7.1.jar:/home/runner/.m2/repository/org/ow2/asm/asm-util/9.7.1/asm-util-9.7.1.jar:/home/runner/.m2/repository/com/github/jnr/jnr-a64asm/1.0.0/jnr-a64asm-1.0.0.jar:/home/runner/.m2/repository/com/github/jnr/jnr-x86asm/1.0.2/jnr-x86asm-1.0.2.jar:/home/runner/.m2/repository/com/google/code/gson/gson/2.10.1/gson-2.10.1.jar:/home/runner/.m2/repository/commons-fileupload/commons-fileupload/1.5/commons-fileupload-1.5.jar:/home/runner/.m2/repository/io/grpc/grpc-api/1.58.0/grpc-api-1.58.0.jar:/home/runner/.m2/repository/io/prometheus/simpleclient/0.16.0/simpleclient-0.16.0.jar:/home/runner/.m2/repository/io/prometheus/simpleclient_common/0.16.0/simpleclient_common-0.16.0.jar:/home/runner/.m2/repository/io/prometheus/simpleclient_dropwizard/0.16.0/simpleclient_dropwizard-0.16.0.jar:/home/runner/.m2/repository/jakarta/ws/rs/jakarta.ws.rs-api/2.1.6/jakarta.ws.rs-api-2.1.6.jar:/home/runner/.m2/repository/javax/servlet/javax.servlet-api/3.1.0/javax.servlet-api-3.1.0.jar:/home/runner/.m2/repository/org/apache/commons/commons-compress/1.27.1/commons-compress-1.27.1.jar:/home/runner/.m2/repository/org/apache/commons/commons-configuration2/2.11.0/commons-configuration2-2.11.0.jar:/home/runner/.m2/repository/org/apache/hadoop/hadoop-auth/3.4.1/hadoop-auth-3.4.1.jar:/home/runner/.m2/repository/org/apache/logging/log4j/log4j-api/2.24.2/log4j-api-2.24.2.jar:/home/runner/.m2/repository/org/apache/logging/log4j/log4j-core/2.24.2/log4j-core-2.24.2.jar:/home/runner/work/ozone/ozone/hadoop-hdds/interface-server/target/hdds-interface-server-2.1.0-SNAPSHOT.jar:/home/runner/work/ozone/ozone/hadoop-hdds/managed-rocksdb/target/hdds-managed-rocksdb-2.1.0-SNAPSHOT.jar:/home/runner/work/ozone/ozone/hadoop-hdds/rocksdb-checkpoint-differ/target/rocksdb-checkpoint-differ-2.1.0-SNAPSHOT.jar:/home/runner/.m2/repository/com/github/vlsi/mxgraph/jgraphx/3.9.12/jgraphx-3.9.12.jar:/home/runner/work/ozone/ozone/hadoop-hdds/rocks-native/target/hdds-rocks-native-2.1.0-SNAPSHOT.jar:/home/runner/.m2/repository/org/jgrapht/jgrapht-core/1.4.0/jgrapht-core-1.4.0.jar:/home/runner/.m2/repository/org/jheaps/jheaps/0.11/jheaps-0.11.jar:/home/runner/.m2/repository/org/jgrapht/jgrapht-ext/1.4.0/jgrapht-ext-1.4.0.jar:/home/runner/.m2/repository/org/apache/ratis/ratis-metrics-api/3.1.2/ratis-metrics-api-3.1.2.jar:/home/runner/.m2/repository/org/apache/ratis/ratis-server/3.1.2/ratis-server-3.1.2.jar:/home/runner/.m2/repository/org/eclipse/jetty/jetty-http/9.4.57.v20241219/jetty-http-9.4.57.v20241219.jar:/home/runner/.m2/repository/org/eclipse/jetty/jetty-io/9.4.57.v20241219/jetty-io-9.4.57.v20241219.jar:/home/runner/.m2/repository/org/eclipse/jetty/jetty-server/9.4.57.v20241219/jetty-server-9.4.57.v20241219.jar:/home/runner/.m2/repository/org/eclipse/jetty/jetty-servlet/9.4.57.v20241219/jetty-servlet-9.4.57.v20241219.jar:/home/runner/.m2/repository/org/eclipse/jetty/jetty-security/9.4.57.v20241219/jetty-security-9.4.57.v20241219.jar:/home/runner/.m2/repository/org/eclipse/jetty/jetty-util-ajax/9.4.57.v20241219/jetty-util-ajax-9.4.57.v20241219.jar:/home/runner/.m2/repository/org/eclipse/jetty/jetty-util/9.4.57.v20241219/jetty-util-9.4.57.v20241219.jar:/home/runner/.m2/repository/org/eclipse/jetty/jetty-webapp/9.4.57.v20241219/jetty-webapp-9.4.57.v20241219.jar:/home/runner/.m2/repository/org/eclipse/jetty/jetty-xml/9.4.57.v20241219/jetty-xml-9.4.57.v20241219.jar:/home/runner/.m2/repository/org/glassfish/jersey/containers/jersey-container-servlet-core/2.46/jersey-container-servlet-core-2.46.jar:/home/runner/.m2/repository/org/glassfish/hk2/external/jakarta.inject/2.6.1/jakarta.inject-2.6.1.jar:/home/runner/.m2/repository/org/glassfish/jersey/core/jersey-server/2.46/jersey-server-2.46.jar:/home/runner/.m2/repository/org/glassfish/jersey/core/jersey-client/2.46/jersey-client-2.46.jar:/home/runner/.m2/repository/jakarta/validation/jakarta.validation-api/2.0.2/jakarta.validation-api-2.0.2.jar:/home/runner/.m2/repository/org/rocksdb/rocksdbjni/7.7.3/rocksdbjni-7.7.3.jar:/home/runner/.m2/repository/com/lmax/disruptor/3.4.4/disruptor-3.4.4.jar:/home/runner/.m2/repository/com/nimbusds/nimbus-jose-jwt/9.40/nimbus-jose-jwt-9.40.jar:/home/runner/.m2/repository/commons-cli/commons-cli/1.8.0/commons-cli-1.8.0.jar:/home/runner/.m2/repository/log4j/apache-log4j-extras/1.2.17/apache-log4j-extras-1.2.17.jar:/home/runner/.m2/repository/org/apache/kerby/kerb-core/1.0.1/kerb-core-1.0.1.jar:/home/runner/.m2/repository/org/apache/kerby/kerby-pkix/1.0.1/kerby-pkix-1.0.1.jar:/home/runner/.m2/repository/org/apache/kerby/kerby-asn1/1.0.1/kerby-asn1-1.0.1.jar:/home/runner/.m2/repository/org/apache/kerby/kerb-util/1.0.1/kerb-util-1.0.1.jar:/home/runner/.m2/repository/org/apache/kerby/kerby-config/1.0.1/kerby-config-1.0.1.jar:/home/runner/.m2/repository/org/apache/kerby/kerb-crypto/1.0.1/kerb-crypto-1.0.1.jar:/home/runner/.m2/repository/org/xerial/snappy/snappy-java/1.1.10.7/snappy-java-1.1.10.7.jar:/home/runner/work/ozone/ozone/hadoop-hdds/test-utils/target/hdds-test-utils-2.1.0-SNAPSHOT-tests.jar:/home/runner/work/ozone/ozone/hadoop-ozone/client/target/ozone-client-2.1.0-SNAPSHOT.jar:/home/runner/work/ozone/ozone/hadoop-hdds/client/target/hdds-client-2.1.0-SNAPSHOT.jar:/home/runner/work/ozone/ozone/hadoop-hdds/erasurecode/target/hdds-erasurecode-2.1.0-SNAPSHOT.jar:/home/runner/work/ozone/ozone/hadoop-ozone/common/target/ozone-common-2.1.0-SNAPSHOT.jar:/home/runner/.m2/repository/io/grpc/grpc-netty/1.58.0/grpc-netty-1.58.0.jar:/home/runner/.m2/repository/io/grpc/grpc-core/1.58.0/grpc-core-1.58.0.jar:/home/runner/.m2/repository/com/google/android/annotations/4.1.1.4/annotations-4.1.1.4.jar:/home/runner/.m2/repository/org/codehaus/mojo/animal-sniffer-annotations/1.23/animal-sniffer-annotations-1.23.jar:/home/runner/.m2/repository/io/grpc/grpc-context/1.58.0/grpc-context-1.58.0.jar:/home/runner/.m2/repository/io/grpc/grpc-util/1.58.0/grpc-util-1.58.0.jar:/home/runner/.m2/repository/io/perfmark/perfmark-api/0.26.0/perfmark-api-0.26.0.jar:/home/runner/.m2/repository/io/netty/netty-common/4.1.109.Final/netty-common-4.1.109.Final.jar:/home/runner/.m2/repository/io/netty/netty-handler-proxy/4.1.109.Final/netty-handler-proxy-4.1.109.Final.jar:/home/runner/.m2/repository/io/netty/netty-codec-socks/4.1.109.Final/netty-codec-socks-4.1.109.Final.jar:/home/runner/.m2/repository/org/apache/hadoop/hadoop-hdfs-client/3.4.1/hadoop-hdfs-client-3.4.1.jar:/home/runner/.m2/repository/io/netty/netty-tcnative-boringssl-static/2.0.65.Final/netty-tcnative-boringssl-static-2.0.65.Final.jar:/home/runner/.m2/repository/io/netty/netty-tcnative-classes/2.0.65.Final/netty-tcnative-classes-2.0.65.Final.jar:/home/runner/.m2/repository/io/netty/netty-tcnative-boringssl-static/2.0.65.Final/netty-tcnative-boringssl-static-2.0.65.Final-linux-x86_64.jar:/home/runner/.m2/repository/io/netty/netty-tcnative-boringssl-static/2.0.65.Final/netty-tcnative-boringssl-static-2.0.65.Final-linux-aarch_64.jar:/home/runner/.m2/repository/io/netty/netty-tcnative-boringssl-static/2.0.65.Final/netty-tcnative-boringssl-static-2.0.65.Final-osx-x86_64.jar:/home/runner/.m2/repository/io/netty/netty-tcnative-boringssl-static/2.0.65.Final/netty-tcnative-boringssl-static-2.0.65.Final-osx-aarch_64.jar:/home/runner/.m2/repository/io/netty/netty-tcnative-boringssl-static/2.0.65.Final/netty-tcnative-boringssl-static-2.0.65.Final-windows-x86_64.jar:/home/runner/work/ozone/ozone/hadoop-ozone/interface-client/target/ozone-interface-client-2.1.0-SNAPSHOT.jar:/home/runner/.m2/repository/io/grpc/grpc-protobuf/1.58.0/grpc-protobuf-1.58.0.jar:/home/runner/.m2/repository/com/google/api/grpc/proto-google-common-protos/2.22.0/proto-google-common-protos-2.22.0.jar:/home/runner/.m2/repository/io/grpc/grpc-protobuf-lite/1.58.0/grpc-protobuf-lite-1.58.0.jar:/home/runner/.m2/repository/io/grpc/grpc-stub/1.58.0/grpc-stub-1.58.0.jar:/home/runner/work/ozone/ozone/hadoop-ozone/mini-cluster/target/ozone-mini-cluster-2.1.0-SNAPSHOT.jar:/home/runner/work/ozone/ozone/hadoop-hdds/common/target/hdds-common-2.1.0-SNAPSHOT-tests.jar:/home/runner/work/ozone/ozone/hadoop-hdds/container-service/target/hdds-container-service-2.1.0-SNAPSHOT.jar:/home/runner/.m2/repository/com/github/luben/zstd-jni/1.5.7-3/zstd-jni-1.5.7-3.jar:/home/runner/.m2/repository/io/netty/netty-buffer/4.1.109.Final/netty-buffer-4.1.109.Final.jar:/home/runner/.m2/repository/io/netty/netty-codec/4.1.109.Final/netty-codec-4.1.109.Final.jar:/home/runner/.m2/repository/org/apache/hadoop/hadoop-hdfs/3.4.1/hadoop-hdfs-3.4.1.jar:/home/runner/.m2/repository/commons-daemon/commons-daemon/1.4.0/commons-daemon-1.4.0.jar:/home/runner/work/ozone/ozone/hadoop-hdds/server-scm/target/hdds-server-scm-2.1.0-SNAPSHOT.jar:/home/runner/work/ozone/ozone/hadoop-hdds/server-scm/target/hdds-server-scm-2.1.0-SNAPSHOT-tests.jar:/home/runner/work/ozone/ozone/hadoop-ozone/ozone-manager/target/ozone-manager-2.1.0-SNAPSHOT.jar:/home/runner/.m2/repository/com/sun/jersey/jersey-client/1.19.4/jersey-client-1.19.4.jar:/home/runner/.m2/repository/com/sun/jersey/jersey-core/1.19.4/jersey-core-1.19.4.jar:/home/runner/.m2/repository/javax/ws/rs/jsr311-api/1.1.1/jsr311-api-1.1.1.jar:/home/runner/work/ozone/ozone/hadoop-ozone/interface-storage/target/ozone-interface-storage-2.1.0-SNAPSHOT.jar:/home/runner/.m2/repository/org/apache/ranger/ranger-intg/2.6.0/ranger-intg-2.6.0.jar:/home/runner/.m2/repository/org/apache/ranger/ranger-plugins-common/2.6.0/ranger-plugins-common-2.6.0.jar:/home/runner/.m2/repository/com/fasterxml/jackson/jaxrs/jackson-jaxrs-base/2.16.2/jackson-jaxrs-base-2.16.2.jar:/home/runner/.m2/repository/com/fasterxml/jackson/jaxrs/jackson-jaxrs-json-provider/2.16.2/jackson-jaxrs-json-provider-2.16.2.jar:/home/runner/.m2/repository/com/kstruct/gethostname4j/1.0.0/gethostname4j-1.0.0.jar:/home/runner/.m2/repository/commons-lang/commons-lang/2.6/commons-lang-2.6.jar:/home/runner/.m2/repository/net/java/dev/jna/jna/5.2.0/jna-5.2.0.jar:/home/runner/.m2/repository/net/java/dev/jna/jna-platform/5.2.0/jna-platform-5.2.0.jar:/home/runner/.m2/repository/org/apache/ranger/ranger-plugin-classloader/2.6.0/ranger-plugin-classloader-2.6.0.jar:/home/runner/.m2/repository/org/apache/ranger/ranger-plugins-audit/2.6.0/ranger-plugins-audit-2.6.0.jar:/home/runner/.m2/repository/com/amazonaws/aws-java-sdk-logs/1.12.765/aws-java-sdk-logs-1.12.765.jar:/home/runner/.m2/repository/com/carrotsearch/hppc/0.8.0/hppc-0.8.0.jar:/home/runner/.m2/repository/io/airlift/aircompressor/0.27/aircompressor-0.27.jar:/home/runner/.m2/repository/org/apache/httpcomponents/httpasyncclient/4.1.4/httpasyncclient-4.1.4.jar:/home/runner/.m2/repository/org/apache/httpcomponents/httpcore-nio/4.4.16/httpcore-nio-4.4.16.jar:/home/runner/.m2/repository/org/apache/httpcomponents/httpmime/4.5.13/httpmime-4.5.13.jar:/home/runner/.m2/repository/org/apache/orc/orc-core/1.5.8/orc-core-1.5.8.jar:/home/runner/.m2/repository/org/apache/orc/orc-shims/1.5.8/orc-shims-1.5.8.jar:/home/runner/.m2/repository/org/eclipse/jetty/jetty-client/9.4.57.v20241219/jetty-client-9.4.57.v20241219.jar:/home/runner/.m2/repository/org/apache/ranger/ranger-plugins-cred/2.6.0/ranger-plugins-cred-2.6.0.jar:/home/runner/.m2/repository/org/aspectj/aspectjrt/1.9.7/aspectjrt-1.9.7.jar:/home/runner/.m2/repository/org/aspectj/aspectjweaver/1.9.7/aspectjweaver-1.9.7.jar:/home/runner/work/ozone/ozone/hadoop-ozone/recon/target/ozone-recon-2.1.0-SNAPSHOT.jar:/home/runner/.m2/repository/aopalliance/aopalliance/1.0/aopalliance-1.0.jar:/home/runner/.m2/repository/com/google/inject/guice/6.0.0/guice-6.0.0.jar:/home/runner/.m2/repository/jakarta/inject/jakarta.inject-api/2.0.1/jakarta.inject-api-2.0.1.jar:/home/runner/.m2/repository/com/google/inject/extensions/guice-assistedinject/6.0.0/guice-assistedinject-6.0.0.jar:/home/runner/.m2/repository/com/google/inject/extensions/guice-servlet/6.0.0/guice-servlet-6.0.0.jar:/home/runner/.m2/repository/com/jolbox/bonecp/0.8.0.RELEASE/bonecp-0.8.0.RELEASE.jar:/home/runner/.m2/repository/org/apache/derby/derby/10.14.2.0/derby-10.14.2.0.jar:/home/runner/work/ozone/ozone/hadoop-ozone/cli-admin/target/ozone-cli-admin-2.1.0-SNAPSHOT.jar:/home/runner/.m2/repository/org/glassfish/hk2/guice-bridge/2.6.1/guice-bridge-2.6.1.jar:/home/runner/.m2/repository/org/glassfish/jersey/containers/jersey-container-servlet/2.46/jersey-container-servlet-2.46.jar:/home/runner/.m2/repository/org/glassfish/jersey/media/jersey-media-json-jackson/2.46/jersey-media-json-jackson-2.46.jar:/home/runner/.m2/repository/org/glassfish/jersey/ext/jersey-entity-filtering/2.46/jersey-entity-filtering-2.46.jar:/home/runner/.m2/repository/org/jooq/jooq/3.11.10/jooq-3.11.10.jar:/home/runner/.m2/repository/org/jooq/jooq-codegen/3.11.10/jooq-codegen-3.11.10.jar:/home/runner/.m2/repository/org/jooq/jooq-meta/3.11.10/jooq-meta-3.11.10.jar:/home/runner/.m2/repository/org/springframework/spring-core/5.3.39/spring-core-5.3.39.jar:/home/runner/.m2/repository/org/springframework/spring-jdbc/5.3.39/spring-jdbc-5.3.39.jar:/home/runner/.m2/repository/org/springframework/spring-beans/5.3.39/spring-beans-5.3.39.jar:/home/runner/.m2/repository/org/springframework/spring-tx/5.3.39/spring-tx-5.3.39.jar:/home/runner/.m2/repository/org/xerial/sqlite-jdbc/3.49.1.0/sqlite-jdbc-3.49.1.0.jar:/home/runner/work/ozone/ozone/hadoop-ozone/recon-codegen/target/ozone-reconcodegen-2.1.0-SNAPSHOT.jar:/home/runner/work/ozone/ozone/hadoop-ozone/s3gateway/target/ozone-s3gateway-2.1.0-SNAPSHOT.jar:/home/runner/.m2/repository/com/fasterxml/jackson/dataformat/jackson-dataformat-xml/2.16.2/jackson-dataformat-xml-2.16.2.jar:/home/runner/.m2/repository/com/fasterxml/jackson/module/jackson-module-jaxb-annotations/2.16.2/jackson-module-jaxb-annotations-2.16.2.jar:/home/runner/.m2/repository/io/netty/netty-codec-http2/4.1.109.Final/netty-codec-http2-4.1.109.Final.jar:/home/runner/.m2/repository/io/netty/netty-codec-http/4.1.109.Final/netty-codec-http-4.1.109.Final.jar:/home/runner/.m2/repository/io/netty/netty-transport/4.1.109.Final/netty-transport-4.1.109.Final.jar:/home/runner/.m2/repository/io/netty/netty-resolver/4.1.109.Final/netty-resolver-4.1.109.Final.jar:/home/runner/.m2/repository/io/opentracing/opentracing-noop/0.33.0/opentracing-noop-0.33.0.jar:/home/runner/.m2/repository/javax/enterprise/cdi-api/2.0/cdi-api-2.0.jar:/home/runner/.m2/repository/javax/el/javax.el-api/3.0.0/javax.el-api-3.0.0.jar:/home/runner/.m2/repository/javax/interceptor/javax.interceptor-api/1.2/javax.interceptor-api-1.2.jar:/home/runner/.m2/repository/javax/inject/javax.inject/1/javax.inject-1.jar:/home/runner/.m2/repository/org/apache/httpcomponents/httpcore/4.4.16/httpcore-4.4.16.jar:/home/runner/.m2/repository/org/apache/kerby/kerby-util/1.0.1/kerby-util-1.0.1.jar:/home/runner/.m2/repository/org/glassfish/hk2/hk2-api/2.6.1/hk2-api-2.6.1.jar:/home/runner/.m2/repository/org/glassfish/hk2/hk2-utils/2.6.1/hk2-utils-2.6.1.jar:/home/runner/.m2/repository/org/glassfish/hk2/external/aopalliance-repackaged/2.6.1/aopalliance-repackaged-2.6.1.jar:/home/runner/.m2/repository/org/glassfish/jaxb/jaxb-runtime/2.3.9/jaxb-runtime-2.3.9.jar:/home/runner/.m2/repository/org/glassfish/jaxb/txw2/2.3.9/txw2-2.3.9.jar:/home/runner/.m2/repository/com/sun/istack/istack-commons-runtime/3.0.12/istack-commons-runtime-3.0.12.jar:/home/runner/.m2/repository/com/sun/activation/jakarta.activation/1.2.2/jakarta.activation-1.2.2.jar:/home/runner/.m2/repository/org/glassfish/jersey/core/jersey-common/2.46/jersey-common-2.46.jar:/home/runner/.m2/repository/org/glassfish/hk2/osgi-resource-locator/1.0.3/osgi-resource-locator-1.0.3.jar:/home/runner/.m2/repository/org/glassfish/jersey/ext/cdi/jersey-cdi1x/2.46/jersey-cdi1x-2.46.jar:/home/runner/.m2/repository/org/glassfish/jersey/inject/jersey-hk2/2.46/jersey-hk2-2.46.jar:/home/runner/.m2/repository/org/glassfish/hk2/hk2-locator/2.6.1/hk2-locator-2.6.1.jar:/home/runner/.m2/repository/org/glassfish/jersey/media/jersey-media-jaxb/2.46/jersey-media-jaxb-2.46.jar:/home/runner/.m2/repository/org/javassist/javassist/3.30.2-GA/javassist-3.30.2-GA.jar:/home/runner/.m2/repository/org/jboss/weld/servlet/weld-servlet-shaded/3.1.9.Final/weld-servlet-shaded-3.1.9.Final.jar:/home/runner/.m2/repository/org/apache/ratis/ratis-common/3.1.2/ratis-common-3.1.2.jar:/home/runner/.m2/repository/org/slf4j/slf4j-api/2.0.17/slf4j-api-2.0.17.jar:/home/runner/.m2/repository/software/amazon/awssdk/auth/2.31.25/auth-2.31.25.jar:/home/runner/.m2/repository/software/amazon/awssdk/annotations/2.31.25/annotations-2.31.25.jar:/home/runner/.m2/repository/software/amazon/awssdk/utils/2.31.25/utils-2.31.25.jar:/home/runner/.m2/repository/software/amazon/awssdk/identity-spi/2.31.25/identity-spi-2.31.25.jar:/home/runner/.m2/repository/software/amazon/awssdk/profiles/2.31.25/profiles-2.31.25.jar:/home/runner/.m2/repository/software/amazon/awssdk/http-client-spi/2.31.25/http-client-spi-2.31.25.jar:/home/runner/.m2/repository/software/amazon/awssdk/json-utils/2.31.25/json-utils-2.31.25.jar:/home/runner/.m2/repository/software/amazon/awssdk/third-party-jackson-core/2.31.25/third-party-jackson-core-2.31.25.jar:/home/runner/.m2/repository/software/amazon/awssdk/http-auth-aws/2.31.25/http-auth-aws-2.31.25.jar:/home/runner/.m2/repository/software/amazon/awssdk/http-auth-aws-eventstream/2.31.25/http-auth-aws-eventstream-2.31.25.jar:/home/runner/.m2/repository/software/amazon/awssdk/http-auth/2.31.25/http-auth-2.31.25.jar:/home/runner/.m2/repository/software/amazon/awssdk/http-auth-spi/2.31.25/http-auth-spi-2.31.25.jar:/home/runner/.m2/repository/software/amazon/eventstream/eventstream/1.0.1/eventstream-1.0.1.jar:/home/runner/.m2/repository/software/amazon/awssdk/aws-core/2.31.25/aws-core-2.31.25.jar:/home/runner/.m2/repository/software/amazon/awssdk/metrics-spi/2.31.25/metrics-spi-2.31.25.jar:/home/runner/.m2/repository/software/amazon/awssdk/endpoints-spi/2.31.25/endpoints-spi-2.31.25.jar:/home/runner/.m2/repository/software/amazon/awssdk/retries-spi/2.31.25/retries-spi-2.31.25.jar:/home/runner/.m2/repository/software/amazon/awssdk/retries/2.31.25/retries-2.31.25.jar:/home/runner/.m2/repository/software/amazon/awssdk/regions/2.31.25/regions-2.31.25.jar:/home/runner/.m2/repository/software/amazon/awssdk/s3/2.31.25/s3-2.31.25.jar:/home/runner/.m2/repository/software/amazon/awssdk/aws-xml-protocol/2.31.25/aws-xml-protocol-2.31.25.jar:/home/runner/.m2/repository/software/amazon/awssdk/aws-query-protocol/2.31.25/aws-query-protocol-2.31.25.jar:/home/runner/.m2/repository/software/amazon/awssdk/protocol-core/2.31.25/protocol-core-2.31.25.jar:/home/runner/.m2/repository/software/amazon/awssdk/arns/2.31.25/arns-2.31.25.jar:/home/runner/.m2/repository/software/amazon/awssdk/crt-core/2.31.25/crt-core-2.31.25.jar:/home/runner/.m2/repository/software/amazon/awssdk/checksums/2.31.25/checksums-2.31.25.jar:/home/runner/.m2/repository/software/amazon/awssdk/checksums-spi/2.31.25/checksums-spi-2.31.25.jar:/home/runner/.m2/repository/software/amazon/awssdk/apache-client/2.31.25/apache-client-2.31.25.jar:/home/runner/.m2/repository/software/amazon/awssdk/netty-nio-client/2.31.25/netty-nio-client-2.31.25.jar:/home/runner/.m2/repository/io/netty/netty-transport-classes-epoll/4.1.109.Final/netty-transport-classes-epoll-4.1.109.Final.jar:/home/runner/.m2/repository/software/amazon/awssdk/sdk-core/2.31.25/sdk-core-2.31.25.jar:/home/runner/.m2/repository/org/reactivestreams/reactive-streams/1.0.4/reactive-streams-1.0.4.jar:/home/runner/.m2/repository/org/assertj/assertj-core/3.27.3/assertj-core-3.27.3.jar:/home/runner/.m2/repository/net/bytebuddy/byte-buddy/1.15.11/byte-buddy-1.15.11.jar:/home/runner/.m2/repository/org/junit/jupiter/junit-jupiter-api/5.12.2/junit-jupiter-api-5.12.2.jar:/home/runner/.m2/repository/org/opentest4j/opentest4j/1.3.0/opentest4j-1.3.0.jar:/home/runner/.m2/repository/org/junit/platform/junit-platform-commons/1.12.2/junit-platform-commons-1.12.2.jar:/home/runner/.m2/repository/org/apiguardian/apiguardian-api/1.1.2/apiguardian-api-1.1.2.jar:/home/runner/.m2/repository/org/junit/jupiter/junit-jupiter-params/5.12.2/junit-jupiter-params-5.12.2.jar:/home/runner/.m2/repository/org/mockito/mockito-core/4.11.0/mockito-core-4.11.0.jar:/home/runner/.m2/repository/net/bytebuddy/byte-buddy-agent/1.12.19/byte-buddy-agent-1.12.19.jar:/home/runner/.m2/repository/org/objenesis/objenesis/3.3/objenesis-3.3.jar:/home/runner/.m2/repository/org/mockito/mockito-inline/4.11.0/mockito-inline-4.11.0.jar:/home/runner/.m2/repository/org/mockito/mockito-junit-jupiter/4.11.0/mockito-junit-jupiter-4.11.0.jar:/home/runner/work/ozone/ozone/hadoop-ozone/integration-test-s3/target/gradle-enterprise/test-listeners.jar:
STARTUP_MSG:   build = https://github.com/apache/ozone/0d5f93381914a388de458f8da4784ebd9bcf14eb
STARTUP_MSG:   java = 21.0.7
STARTUP_MSG:   conf = {hadoop.hdds.db.rocksdb.WAL_size_limit_MB=0MB, hadoop.hdds.db.rocksdb.WAL_ttl_seconds=1200, hadoop.hdds.db.rocksdb.keep.log.file.num=10, hadoop.hdds.db.rocksdb.logging.enabled=false, hadoop.hdds.db.rocksdb.logging.level=INFO, hadoop.hdds.db.rocksdb.max.log.file.size=100MB, hadoop.hdds.db.rocksdb.writeoption.sync=false, hdds.block.token.enabled=false, hdds.block.token.expiry.time=1d, hdds.command.status.report.interval=30s, hdds.container.action.max.limit=20, hdds.container.balancer.balancing.iteration.interval=70m, hdds.container.balancer.datanodes.involved.max.percentage.per.iteration=20, hdds.container.balancer.iterations=10, hdds.container.balancer.move.networkTopology.enable=false, hdds.container.balancer.move.replication.timeout=50m, hdds.container.balancer.move.timeout=65m, hdds.container.balancer.size.entering.target.max=26GB, hdds.container.balancer.size.leaving.source.max=26GB, hdds.container.balancer.size.moved.max.per.iteration=500GB, hdds.container.balancer.trigger.du.before.move.enable=false, hdds.container.balancer.utilization.threshold=10, hdds.container.checksum.verification.enabled=true, hdds.container.chunk.write.sync=false, hdds.container.close.threshold=0.9f, hdds.container.ipc.port=9859, hdds.container.ipc.random.port=false, hdds.container.ratis.admin.port=9857, hdds.container.ratis.datastream.enabled=true, hdds.container.ratis.datastream.port=9855, hdds.container.ratis.datastream.random.port=false, hdds.container.ratis.enabled=false, hdds.container.ratis.ipc.port=9858, hdds.container.ratis.ipc.random.port=false, hdds.container.ratis.leader.pending.bytes.limit=1GB, hdds.container.ratis.log.appender.queue.byte-limit=32MB, hdds.container.ratis.log.appender.queue.num-elements=1024, hdds.container.ratis.log.purge.gap=1000000, hdds.container.ratis.log.queue.byte-limit=4GB, hdds.container.ratis.log.queue.num-elements=1024, hdds.container.ratis.num.container.op.executors=10, hdds.container.ratis.num.write.chunk.threads.per.volume=4, hdds.container.ratis.rpc.type=GRPC, hdds.container.ratis.segment.preallocated.size=4MB, hdds.container.ratis.segment.size=64MB, hdds.container.ratis.server.port=9856, hdds.container.ratis.statemachine.max.pending.apply-transactions=100000, hdds.container.ratis.statemachine.write.wait.interval=10m, hdds.container.ratis.statemachinedata.sync.timeout=10s, hdds.container.replication.compression=NO_COMPRESSION, hdds.container.report.interval=60m, hdds.container.scrub.data.scan.interval=7d, hdds.container.scrub.dev.data.scan.enabled=true, hdds.container.scrub.dev.metadata.scan.enabled=true, hdds.container.scrub.enabled=true, hdds.container.scrub.metadata.scan.interval=3h, hdds.container.scrub.min.gap=15m, hdds.container.scrub.on.demand.volume.bytes.per.second=5242880, hdds.container.scrub.volume.bytes.per.second=5242880, hdds.container.token.enabled=false, hdds.datanode.block.delete.command.worker.interval=2s, hdds.datanode.block.delete.max.lock.wait.timeout=100ms, hdds.datanode.block.delete.queue.limit=5, hdds.datanode.block.delete.threads.max=5, hdds.datanode.block.deleting.limit.per.interval=5000, hdds.datanode.block.deleting.max.lock.holding.time=1s, hdds.datanode.block.deleting.service.interval=60s, hdds.datanode.check.empty.container.dir.on.delete=false, hdds.datanode.chunk.data.validation.check=false, hdds.datanode.client.bind.host=0.0.0.0, hdds.datanode.client.port=19864, hdds.datanode.command.queue.limit=5000, hdds.datanode.container.close.threads.max=3, hdds.datanode.container.delete.threads.max=2, hdds.datanode.container.schema.v3.enabled=true, hdds.datanode.container.schema.v3.key.separator=|, hdds.datanode.delete.container.timeout=60s, hdds.datanode.df.refresh.period=5m, hdds.datanode.dir=file:///home/runner/work/ozone/ozone/hadoop-ozone/integration-test-s3/target/tmp/dfs/data, hdds.datanode.disk.check.io.failures.tolerated=1, hdds.datanode.disk.check.io.file.size=100B, hdds.datanode.disk.check.io.test.count=3, hdds.datanode.disk.check.min.gap=10m, hdds.datanode.disk.check.timeout=10m, hdds.datanode.dns.interface=default, hdds.datanode.dns.nameserver=default, hdds.datanode.du.refresh.period=1h, hdds.datanode.failed.data.volumes.tolerated=-1, hdds.datanode.failed.db.volumes.tolerated=-1, hdds.datanode.failed.metadata.volumes.tolerated=-1, hdds.datanode.handler.count=10, hdds.datanode.http-address=0.0.0.0:9882, hdds.datanode.http-bind-host=0.0.0.0, hdds.datanode.http.auth.kerberos.keytab=/etc/security/keytabs/HTTP.keytab, hdds.datanode.http.auth.kerberos.principal=HTTP/_HOST@REALM, hdds.datanode.http.auth.type=simple, hdds.datanode.http.enabled=true, hdds.datanode.https-address=0.0.0.0:9883, hdds.datanode.https-bind-host=0.0.0.0, hdds.datanode.metadata.rocksdb.cache.size=1GB, hdds.datanode.periodic.disk.check.interval.minutes=60, hdds.datanode.ratis.server.request.timeout=2m, hdds.datanode.read.chunk.threads.per.volume=10, hdds.datanode.read.threadpool=10, hdds.datanode.recovering.container.scrubbing.service.interval=1m, hdds.datanode.replication.outofservice.limit.factor=2.0, hdds.datanode.replication.port=9886, hdds.datanode.replication.queue.limit=4096, hdds.datanode.replication.streams.limit=10, hdds.datanode.rocksdb.auto-compaction-small-sst-file=true, hdds.datanode.rocksdb.auto-compaction-small-sst-file-num-threshold=512, hdds.datanode.rocksdb.auto-compaction-small-sst-file-size-threshold=1MB, hdds.datanode.rocksdb.auto-compaction-small-sst-file.interval.minutes=120, hdds.datanode.rocksdb.auto-compaction-small-sst-file.threads=1, hdds.datanode.rocksdb.delete-obsolete-files-period=1h, hdds.datanode.rocksdb.log.level=INFO, hdds.datanode.rocksdb.log.max-file-num=64, hdds.datanode.rocksdb.log.max-file-size=32MB, hdds.datanode.rocksdb.max-open-files=1024, hdds.datanode.slow.op.warning.threshold=500ms, hdds.datanode.storage.utilization.critical.threshold=0.95, hdds.datanode.storage.utilization.warning.threshold=0.75, hdds.datanode.use.datanode.hostname=false, hdds.datanode.volume.choosing.policy=org.apache.hadoop.ozone.container.common.volume.CapacityVolumeChoosingPolicy, hdds.datanode.volume.min.free.space=-1, hdds.datanode.volume.min.free.space.percent=-1, hdds.datanode.wait.on.all.followers=false, hdds.db.profile=DISK, hdds.grpc.tls.enabled=false, hdds.grpc.tls.provider=OPENSSL, hdds.heartbeat.initial-interval=2s, hdds.heartbeat.interval=1s, hdds.heartbeat.recon.initial-interval=60s, hdds.heartbeat.recon.interval=60s, hdds.key.algo=RSA, hdds.key.dir.name=keys, hdds.key.len=2048, hdds.node.report.interval=60000ms, hdds.pipeline.action.max.limit=20, hdds.pipeline.report.interval=60000ms, hdds.priv.key.file.name=private.pem, hdds.profiler.endpoint.enabled=false, hdds.prometheus.endpoint.enabled=true, hdds.public.key.file.name=public.pem, hdds.ratis.client.exponential.backoff.base.sleep=4s, hdds.ratis.client.exponential.backoff.max.retries=2147483647, hdds.ratis.client.exponential.backoff.max.sleep=40s, hdds.ratis.client.multilinear.random.retry.policy=5s, 5, 10s, 5, 15s, 5, 20s, 5, 25s, 5, 60s, 10, hdds.ratis.client.request.watch.timeout=3m, hdds.ratis.client.request.watch.type=ALL_COMMITTED, hdds.ratis.client.request.write.timeout=5m, hdds.ratis.client.retry.policy=org.apache.hadoop.hdds.ratis.retrypolicy.RequestTypeDependentRetryPolicyCreator, hdds.ratis.client.retrylimited.max.retries=180, hdds.ratis.client.retrylimited.retry.interval=1s, hdds.ratis.leader.election.minimum.timeout.duration=5s, hdds.ratis.raft.client.async.outstanding-requests.max=32, hdds.ratis.raft.client.rpc.request.timeout=60s, hdds.ratis.raft.client.rpc.watch.request.timeout=180s, hdds.ratis.raft.grpc.flow.control.window=5MB, hdds.ratis.raft.server.datastream.client.pool.size=10, hdds.ratis.raft.server.datastream.request.threads=20, hdds.ratis.raft.server.delete.ratis.log.directory=true, hdds.ratis.raft.server.leaderelection.pre-vote=true, hdds.ratis.raft.server.log.appender.wait-time.min=0us, hdds.ratis.raft.server.notification.no-leader.timeout=300s, hdds.ratis.raft.server.rpc.request.timeout=60s, hdds.ratis.raft.server.rpc.slowness.timeout=300s, hdds.ratis.raft.server.watch.timeout=30s, hdds.ratis.raft.server.write.element-limit=1024, hdds.ratis.server.num.snapshots.retained=5, hdds.ratis.server.retry-cache.timeout.duration=600000ms, hdds.ratis.snapshot.threshold=100000, hdds.scm.block.deleting.service.interval=60s, hdds.scm.block.deletion.per-interval.max=100000, hdds.scm.block.deletion.txn.dn.commit.map.limit=5000000, hdds.scm.ec.pipeline.choose.policy.impl=org.apache.hadoop.hdds.scm.pipeline.choose.algorithms.RandomPipelineChoosePolicy, hdds.scm.http.auth.kerberos.keytab=/etc/security/keytabs/HTTP.keytab, hdds.scm.http.auth.kerberos.principal=HTTP/_HOST@REALM, hdds.scm.http.auth.type=simple, hdds.scm.kerberos.keytab.file=/etc/security/keytabs/SCM.keytab, hdds.scm.kerberos.principal=SCM/_HOST@REALM, hdds.scm.pipeline.choose.policy.impl=org.apache.hadoop.hdds.scm.pipeline.choose.algorithms.RandomPipelineChoosePolicy, hdds.scm.replication.datanode.delete.container.limit=40, hdds.scm.replication.datanode.reconstruction.weight=3, hdds.scm.replication.datanode.replication.limit=20, hdds.scm.replication.event.timeout=12m, hdds.scm.replication.event.timeout.datanode.offset=6m, hdds.scm.replication.inflight.limit.factor=0.75, hdds.scm.replication.maintenance.remaining.redundancy=1, hdds.scm.replication.maintenance.replica.minimum=2, hdds.scm.replication.over.replicated.interval=30s, hdds.scm.replication.push=true, hdds.scm.replication.thread.interval=300s, hdds.scm.replication.under.replicated.interval=30s, hdds.scm.safemode.atleast.one.node.reported.pipeline.pct=0.90, hdds.scm.safemode.enabled=true, hdds.scm.safemode.healthy.pipeline.pct=0.10, hdds.scm.safemode.min.datanode=3, hdds.scm.safemode.pipeline.creation=true, hdds.scm.safemode.threshold.pct=0.99, hdds.scm.unknown-container.action=WARN, hdds.scm.wait.time.after.safemode.exit=3s, hdds.scmclient.failover.max.retry=15, hdds.scmclient.failover.retry.interval=2000ms, hdds.scmclient.max.retry.timeout=30000ms, hdds.scmclient.rpc.timeout=900000ms, hdds.secret.key.algorithm=HmacSHA256, hdds.secret.key.expiry.duration=7d, hdds.secret.key.file.name=secret_keys.json, hdds.secret.key.rotate.check.duration=10m, hdds.secret.key.rotate.duration=1d, hdds.security.client.datanode.container.protocol.acl=*, hdds.security.client.scm.block.protocol.acl=*, hdds.security.client.scm.certificate.protocol.acl=*, hdds.security.client.scm.container.protocol.acl=*, hdds.security.client.scm.secretkey.datanode.protocol.acl=*, hdds.security.client.scm.secretkey.om.protocol.acl=*, hdds.security.client.scm.secretkey.scm.protocol.acl=*, hdds.security.provider=BC, hdds.tracing.enabled=false, hdds.x509.ca.rotation.ack.timeout=PT15M, hdds.x509.ca.rotation.check.interval=P1D, hdds.x509.ca.rotation.enabled=false, hdds.x509.ca.rotation.time-of-day=02:00:00, hdds.x509.default.duration=P365D, hdds.x509.dir.name=certs, hdds.x509.expired.certificate.check.interval=P1D, hdds.x509.file.name=certificate.crt, hdds.x509.max.duration=P1865D, hdds.x509.renew.grace.duration=P28D, hdds.x509.rootca.certificate.polling.interval=PT2h, hdds.x509.signature.algorithm=SHA256withRSA, hdds.xframe.enabled=true, hdds.xframe.value=SAMEORIGIN, ozone.UnsafeByteOperations.enabled=true, ozone.acl.authorizer.class=org.apache.hadoop.ozone.security.acl.OzoneAccessAuthorizer, ozone.acl.enabled=false, ozone.block.deleting.service.interval=1m, ozone.block.deleting.service.timeout=300000ms, ozone.block.deleting.service.workers=10, ozone.chunk.read.buffer.default.size=1MB, ozone.chunk.read.mapped.buffer.max.count=0, ozone.chunk.read.mapped.buffer.threshold=32KB, ozone.client.bucket.replication.config.refresh.time.ms=30000, ozone.client.bytes.per.checksum=16KB, ozone.client.checksum.combine.mode=COMPOSITE_CRC, ozone.client.checksum.type=CRC32, ozone.client.connection.timeout=5000ms, ozone.client.datastream.buffer.flush.size=4MB, ozone.client.datastream.min.packet.size=256KB, ozone.client.datastream.pipeline.mode=true, ozone.client.datastream.window.size=8MB, ozone.client.ec.grpc.retries.enabled=true, ozone.client.ec.grpc.retries.max=3, ozone.client.ec.grpc.write.timeout=30s, ozone.client.ec.reconstruct.stripe.read.pool.limit=30, ozone.client.ec.reconstruct.stripe.write.pool.limit=30, ozone.client.ec.stripe.queue.size=2, ozone.client.exclude.nodes.expiry.time=600000, ozone.client.failover.max.attempts=500, ozone.client.fs.default.bucket.layout=FILE_SYSTEM_OPTIMIZED, ozone.client.hbase.enhancements.allowed=false, ozone.client.incremental.chunk.list=false, ozone.client.key.latest.version.location=true, ozone.client.key.provider.cache.expiry=10d, ozone.client.key.write.concurrency=1, ozone.client.list.cache=1000, ozone.client.max.ec.stripe.write.retries=10, ozone.client.max.retries=5, ozone.client.read.max.retries=3, ozone.client.read.retry.interval=1, ozone.client.read.timeout=30s, ozone.client.retry.interval=0, ozone.client.server-defaults.validity.period.ms=3600000, ozone.client.socket.timeout=5000ms, ozone.client.stream.buffer.flush.delay=true, ozone.client.stream.buffer.flush.size=1MB, ozone.client.stream.buffer.increment=0B, ozone.client.stream.buffer.max.size=2MB, ozone.client.stream.buffer.size=1MB, ozone.client.stream.putblock.piggybacking=false, ozone.client.verify.checksum=true, ozone.client.wait.between.retries.millis=2000, ozone.compaction.service.enabled=false, ozone.container.cache.lock.stripes=1024, ozone.container.cache.size=1024, ozone.directory.deleting.service.interval=1m, ozone.filesystem.snapshot.enabled=true, ozone.freon.http-address=0.0.0.0:9884, ozone.freon.http-bind-host=0.0.0.0, ozone.freon.http.auth.kerberos.keytab=/etc/security/keytabs/HTTP.keytab, ozone.freon.http.auth.kerberos.principal=HTTP/_HOST@REALM, ozone.freon.http.auth.type=simple, ozone.freon.http.enabled=true, ozone.freon.https-address=0.0.0.0:9885, ozone.freon.https-bind-host=0.0.0.0, ozone.fs.datastream.auto.threshold=0MB, ozone.fs.datastream.enabled=true, ozone.fs.hsync.enabled=false, ozone.fs.iterate.batch-size=100, ozone.fs.listing.page.size=1024, ozone.fs.listing.page.size.max=5000, ozone.hbase.enhancements.allowed=false, ozone.http.basedir=/home/runner/work/ozone/ozone/hadoop-ozone/integration-test-s3/ozone_http_tmp_base_dir3110740336244369057, ozone.http.policy=HTTP_ONLY, ozone.https.client.keystore.resource=ssl-client.xml, ozone.https.client.need-auth=false, ozone.https.server.keystore.resource=ssl-server.xml, ozone.key.deleting.limit.per.task=20000, ozone.key.preallocation.max.blocks=64, ozone.manager.delegation.remover.scan.interval=3600000, ozone.manager.delegation.token.max-lifetime=7d, ozone.manager.delegation.token.renew-interval=1d, ozone.metadata.dirs=/home/runner/work/ozone/ozone/hadoop-ozone/integration-test-s3/target/test-dir/MiniOzoneClusterImpl-95f4eac0-24f3-44c7-8c9c-9c62d5a0e831/ozone-meta, ozone.metadata.dirs.permissions=750, ozone.metastore.rocksdb.cf.write.buffer.size=128MB, ozone.metastore.rocksdb.statistics=OFF, ozone.network.flexible.fqdn.resolution.enabled=false, ozone.network.jvm.address.cache.enabled=true, ozone.network.topology.aware.read=true, ozone.om.address=localhost:15006, ozone.om.admin.protocol.max.retries=20, ozone.om.admin.protocol.wait.between.retries=1000, ozone.om.client.rpc.timeout=15m, ozone.om.client.trash.core.pool.size=5, ozone.om.compaction.service.columnfamilies=keyTable,fileTable,directoryTable,deletedTable,deletedDirectoryTable,multipartInfoTable, ozone.om.compaction.service.run.interval=6h, ozone.om.compaction.service.timeout=10m, ozone.om.container.location.cache.size=100000, ozone.om.container.location.cache.ttl=360m, ozone.om.db.dirs.permissions=750, ozone.om.db.max.open.files=-1, ozone.om.delta.update.data.size.max.limit=1024MB, ozone.om.edekcacheloader.initial.delay.ms=3000, ozone.om.edekcacheloader.interval.ms=1000, ozone.om.edekcacheloader.max-retries=10, ozone.om.enable.filesystem.paths=false, ozone.om.enable.ofs.shared.tmp.dir=false, ozone.om.fs.snapshot.max.limit=1000, ozone.om.group.rights=READ, LIST, ozone.om.grpc.bossgroup.size=8, ozone.om.grpc.maximum.response.length=134217728, ozone.om.grpc.port=8981, ozone.om.grpc.read.thread.num=32, ozone.om.grpc.workergroup.size=32, ozone.om.ha.raft.server.log.appender.wait-time.min=0ms, ozone.om.ha.raft.server.retrycache.expirytime=300s, ozone.om.handler.count.key=20, ozone.om.http-address=0.0.0.0:15007, ozone.om.http-bind-host=0.0.0.0, ozone.om.http.auth.kerberos.keytab=/etc/security/keytabs/HTTP.keytab, ozone.om.http.auth.kerberos.principal=HTTP/_HOST@REALM, ozone.om.http.auth.type=simple, ozone.om.http.enabled=true, ozone.om.https-address=127.0.0.1:15008, ozone.om.https-bind-host=0.0.0.0, ozone.om.kerberos.keytab.file=/etc/security/keytabs/OM.keytab, ozone.om.kerberos.principal=OM/_HOST@REALM, ozone.om.kerberos.principal.pattern=*, ozone.om.key.path.lock.enabled=false, ozone.om.keyname.character.check.enabled=false, ozone.om.leader.election.minimum.timeout.duration=5s, ozone.om.lease.hard.limit=7d, ozone.om.lease.soft.limit=60s, ozone.om.lock.fair=false, ozone.om.max.buckets=100000, ozone.om.multitenancy.enabled=false, ozone.om.multitenancy.ranger.sync.interval=10m, ozone.om.multitenancy.ranger.sync.timeout=10s, ozone.om.namespace.s3.strict=true, ozone.om.network.topology.refresh.duration=1h, ozone.om.open.key.cleanup.limit.per.task=1000, ozone.om.open.key.cleanup.service.interval=24h, ozone.om.open.key.cleanup.service.timeout=300s, ozone.om.open.key.expire.threshold=7d, ozone.om.open.mpu.cleanup.service.interval=24h, ozone.om.open.mpu.cleanup.service.timeout=300s, ozone.om.open.mpu.expire.threshold=30d, ozone.om.open.mpu.parts.cleanup.limit.per.task=1000, ozone.om.ratis.log.appender.queue.byte-limit=4MB, ozone.om.ratis.log.appender.queue.num-elements=1024, ozone.om.ratis.log.purge.gap=1000000, ozone.om.ratis.log.purge.preservation.log.num=0, ozone.om.ratis.log.purge.upto.snapshot.index=true, ozone.om.ratis.minimum.timeout=1s, ozone.om.ratis.port=15009, ozone.om.ratis.rpc.type=GRPC, ozone.om.ratis.segment.preallocated.size=4MB, ozone.om.ratis.segment.size=4MB, ozone.om.ratis.server.close.threshold=60s, ozone.om.ratis.server.failure.timeout.duration=120s, ozone.om.ratis.server.leaderelection.pre-vote=true, ozone.om.ratis.server.request.timeout=3s, ozone.om.ratis.server.retry.cache.timeout=600000ms, ozone.om.ratis.snapshot.max.total.sst.size=100000000, ozone.om.read.threadpool=10, ozone.om.s3.grpc.server_enabled=false, ozone.om.save.metrics.interval=5m, ozone.om.security.admin.protocol.acl=*, ozone.om.security.client.protocol.acl=*, ozone.om.server.list.max.size=1000, ozone.om.snapshot.cache.cleanup.service.run.interval=1m, ozone.om.snapshot.cache.max.size=10, ozone.om.snapshot.checkpoint.dir.creation.poll.timeout=20s, ozone.om.snapshot.compaction.dag.max.time.allowed=30d, ozone.om.snapshot.compaction.dag.prune.daemon.run.interval=3600s, ozone.om.snapshot.db.max.open.files=100, ozone.om.snapshot.diff.cleanup.service.run.interval=1m, ozone.om.snapshot.diff.cleanup.service.timeout=5m, ozone.om.snapshot.diff.disable.native.libs=false, ozone.om.snapshot.diff.job.default.wait.time=1s, ozone.om.snapshot.diff.job.report.persistent.time=7d, ozone.om.snapshot.diff.max.allowed.keys.changed.per.job=10000000, ozone.om.snapshot.diff.max.jobs.purge.per.task=100, ozone.om.snapshot.diff.max.page.size=1000, ozone.om.snapshot.diff.thread.pool.size=10, ozone.om.snapshot.force.full.diff=false, ozone.om.snapshot.load.native.lib=true, ozone.om.snapshot.provider.connection.timeout=5000s, ozone.om.snapshot.provider.request.timeout=300000ms, ozone.om.snapshot.provider.socket.timeout=5000s, ozone.om.snapshot.rocksdb.metrics.enabled=false, ozone.om.transport.class=org.apache.hadoop.ozone.om.protocolPB.Hadoop3OmTransportFactory, ozone.om.unflushed.transaction.max.count=10000, ozone.om.upgrade.finalization.ratis.based.timeout=30s, ozone.om.upgrade.quota.recalculate.enabled=true, ozone.om.user.max.volume=1024, ozone.om.user.rights=ALL, ozone.om.volume.listall.allowed=true, ozone.recon.containerkey.flush.db.max.threshold=150000, ozone.recon.db.dirs.permissions=750, ozone.recon.heatmap.enable=false, ozone.recon.http-address=0.0.0.0:9888, ozone.recon.http-bind-host=0.0.0.0, ozone.recon.http.auth.kerberos.keytab=/etc/security/keytabs/HTTP.keytab, ozone.recon.http.auth.kerberos.principal=HTTP/_HOST@REALM, ozone.recon.http.auth.type=simple, ozone.recon.http.enabled=true, ozone.recon.https-address=0.0.0.0:9889, ozone.recon.https-bind-host=0.0.0.0, ozone.recon.nssummary.flush.db.max.threshold=150000, ozone.recon.om.connection.request.timeout=5000, ozone.recon.om.connection.timeout=5s, ozone.recon.om.snapshot.task.flush.param=false, ozone.recon.om.snapshot.task.initial.delay=1m, ozone.recon.om.snapshot.task.interval.delay=5s, ozone.recon.om.socket.timeout=5s, ozone.recon.scm.connection.request.timeout=5s, ozone.recon.scm.connection.timeout=5s, ozone.recon.scm.container.threshold=100, ozone.recon.scm.snapshot.enabled=true, ozone.recon.scm.snapshot.task.initial.delay=1m, ozone.recon.scm.snapshot.task.interval.delay=24h, ozone.recon.scmclient.failover.max.retry=3, ozone.recon.scmclient.max.retry.timeout=6s, ozone.recon.scmclient.rpc.timeout=1m, ozone.recon.security.client.datanode.container.protocol.acl=*, ozone.recon.sql.db.auto.commit=true, ozone.recon.sql.db.conn.idle.max.age=3600s, ozone.recon.sql.db.conn.idle.test=SELECT 1, ozone.recon.sql.db.conn.idle.test.period=60s, ozone.recon.sql.db.conn.max.active=5, ozone.recon.sql.db.conn.max.age=1800s, ozone.recon.sql.db.conn.timeout=30000ms, ozone.recon.sql.db.driver=org.apache.derby.jdbc.EmbeddedDriver, ozone.recon.sql.db.jdbc.url=jdbc:derby:${ozone.recon.db.dir}/ozone_recon_derby.db, ozone.recon.sql.db.jooq.dialect=DERBY, ozone.recon.task.containercounttask.interval=60s, ozone.recon.task.missingcontainer.interval=300s, ozone.recon.task.pipelinesync.interval=300s, ozone.recon.task.safemode.wait.threshold=300s, ozone.recon.task.thread.count=1, ozone.replication.allowed-configs=^((STANDALONE|RATIS)/(ONE|THREE))|(EC/(3-2|6-3|10-4)-(512|1024|2048|4096)k)$, ozone.rest.client.http.connection.max=100, ozone.rest.client.http.connection.per-route.max=20, ozone.s3g.client.buffer.size=4MB, ozone.s3g.default.bucket.layout=OBJECT_STORE, ozone.s3g.http-address=127.0.0.1:15050, ozone.s3g.http-bind-host=0.0.0.0, ozone.s3g.http.auth.kerberos.keytab=/etc/security/keytabs/HTTP.keytab, ozone.s3g.http.auth.kerberos.principal=HTTP/_HOST@REALM, ozone.s3g.http.auth.type=simple, ozone.s3g.http.enabled=true, ozone.s3g.https-address=127.0.0.1:15051, ozone.s3g.kerberos.keytab.file=/etc/security/keytabs/s3g.keytab, ozone.s3g.kerberos.principal=s3g/_HOST@REALM, ozone.s3g.list-keys.shallow.enabled=true, ozone.s3g.metrics.percentiles.intervals.seconds=60, ozone.s3g.secret.http.auth.type=kerberos, ozone.s3g.secret.http.enabled=false, ozone.s3g.volume.name=s3v, ozone.s3g.webadmin.http-address=0.0.0.0:19878, ozone.s3g.webadmin.http-bind-host=0.0.0.0, ozone.s3g.webadmin.http.enabled=true, ozone.s3g.webadmin.https-address=0.0.0.0:19879, ozone.scm.block.client.address=0.0.0.0:15001, ozone.scm.block.client.bind.host=0.0.0.0, ozone.scm.block.client.port=9863, ozone.scm.block.deletion.max.retry=4096, ozone.scm.block.handler.count.key=100, ozone.scm.block.read.threadpool=10, ozone.scm.block.size=4MB, ozone.scm.ca.list.retry.interval=10s, ozone.scm.chunk.size=1MB, ozone.scm.client.address=0.0.0.0:15000, ozone.scm.client.bind.host=0.0.0.0, ozone.scm.client.handler.count.key=100, ozone.scm.client.port=9860, ozone.scm.client.read.threadpool=10, ozone.scm.close.container.wait.duration=1s, ozone.scm.container.layout=FILE_PER_BLOCK, ozone.scm.container.list.max.count=4096, ozone.scm.container.lock.stripes=512, ozone.scm.container.placement.ec.impl=org.apache.hadoop.hdds.scm.container.placement.algorithms.SCMContainerPlacementRackScatter, ozone.scm.container.placement.impl=org.apache.hadoop.hdds.scm.container.placement.algorithms.SCMContainerPlacementRackAware, ozone.scm.container.size=128MB, ozone.scm.datanode.address=0.0.0.0:15002, ozone.scm.datanode.admin.monitor.interval=30s, ozone.scm.datanode.admin.monitor.logging.limit=1000, ozone.scm.datanode.disallow.same.peers=false, ozone.scm.datanode.handler.count.key=100, ozone.scm.datanode.pipeline.limit=2, ozone.scm.datanode.port=9861, ozone.scm.datanode.ratis.volume.free-space.min=1GB, ozone.scm.datanode.read.threadpool=10, ozone.scm.db.dirs.permissions=750, ozone.scm.dead.node.interval=10m, ozone.scm.ec.pipeline.minimum=5, ozone.scm.ec.pipeline.per.volume.factor=1, ozone.scm.event.ContainerReport.thread.pool.size=10, ozone.scm.expired.container.replica.op.scrub.interval=5m, ozone.scm.grpc.port=15005, ozone.scm.ha.dbtransactionbuffer.flush.interval=600s, ozone.scm.ha.grpc.deadline.interval=30m, ozone.scm.ha.raft.server.log.appender.wait-time.min=0ms, ozone.scm.ha.raft.server.rpc.first-election.timeout=1s, ozone.scm.ha.ratis.leader.election.timeout=5s, ozone.scm.ha.ratis.leader.ready.check.interval=2s, ozone.scm.ha.ratis.leader.ready.wait.timeout=60s, ozone.scm.ha.ratis.log.appender.queue.byte-limit=4MB, ozone.scm.ha.ratis.log.appender.queue.num-elements=1024, ozone.scm.ha.ratis.log.purge.enabled=false, ozone.scm.ha.ratis.log.purge.gap=1000000, ozone.scm.ha.ratis.request.timeout=30s, ozone.scm.ha.ratis.rpc.type=GRPC, ozone.scm.ha.ratis.segment.preallocated.size=4MB, ozone.scm.ha.ratis.segment.size=4MB, ozone.scm.ha.ratis.server.failure.timeout.duration=120s, ozone.scm.ha.ratis.server.leaderelection.pre-vote=true, ozone.scm.ha.ratis.server.retry.cache.timeout=60s, ozone.scm.ha.ratis.server.snapshot.creation.gap=1024, ozone.scm.ha.ratis.snapshot.threshold=1000, ozone.scm.handler.count.key=20, ozone.scm.heartbeat.log.warn.interval.count=10, ozone.scm.heartbeat.rpc-retry-count=15, ozone.scm.heartbeat.rpc-retry-interval=1s, ozone.scm.heartbeat.rpc-timeout=5s, ozone.scm.heartbeat.thread.interval=100ms, ozone.scm.http-address=0.0.0.0:15003, ozone.scm.http-bind-host=0.0.0.0, ozone.scm.http.enabled=true, ozone.scm.https-address=0.0.0.0:9877, ozone.scm.https-bind-host=0.0.0.0, ozone.scm.info.wait.duration=10m, ozone.scm.keyvalue.container.deletion-choosing.policy=org.apache.hadoop.ozone.container.common.impl.TopNOrderedContainerDeletionChoosingPolicy, ozone.scm.names=0.0.0.0:15002, ozone.scm.network.topology.schema.file=network-topology-default.xml, ozone.scm.pipeline.allocated.timeout=5m, ozone.scm.pipeline.creation.auto.factor.one=false, ozone.scm.pipeline.creation.interval=120s, ozone.scm.pipeline.destroy.timeout=66s, ozone.scm.pipeline.leader-choose.policy=org.apache.hadoop.hdds.scm.pipeline.leader.choose.algorithms.MinLeaderCountChoosePolicy, ozone.scm.pipeline.owner.container.count=3, ozone.scm.pipeline.per.metadata.disk=2, ozone.scm.pipeline.scrub.interval=5m, ozone.scm.ratis.pipeline.limit=3, ozone.scm.ratis.port=15004, ozone.scm.security.handler.count.key=2, ozone.scm.security.read.threadpool=1, ozone.scm.security.service.bind.host=0.0.0.0, ozone.scm.security.service.port=9961, ozone.scm.sequence.id.batch.size=1000, ozone.scm.skip.bootstrap.validation=false, ozone.scm.stale.node.interval=5m, ozone.security.crypto.compliance.mode=unrestricted, ozone.security.enabled=false, ozone.security.http.kerberos.enabled=false, ozone.security.reconfigure.protocol.acl=*, ozone.server.default.replication=3, ozone.server.default.replication.type=RATIS, ozone.service.shutdown.timeout=60s, ozone.snapshot.deep.cleaning.enabled=false, ozone.snapshot.deleting.limit.per.task=10, ozone.snapshot.deleting.service.interval=30s, ozone.snapshot.deleting.service.timeout=300s, ozone.snapshot.directory.service.interval=24h, ozone.snapshot.directory.service.timeout=300s, ozone.snapshot.filtering.limit.per.task=2, ozone.snapshot.filtering.service.interval=1m, ozone.snapshot.key.deleting.limit.per.task=20000, ozone.sst.filtering.service.timeout=300000ms, ozone.volume.io.percentiles.intervals.seconds=60, ozone.xceiver.client.metrics.percentiles.intervals.seconds=60, recon.om.delta.update.lag.threshold=0, recon.om.delta.update.limit=50000, rpc.engine.org.apache.hadoop.hdds.protocolPB.ReconfigureProtocolOmPB=org.apache.hadoop.ipc.ProtobufRpcEngine, rpc.engine.org.apache.hadoop.hdds.protocolPB.ReconfigureProtocolPB=org.apache.hadoop.ipc.ProtobufRpcEngine, rpc.engine.org.apache.hadoop.hdds.scm.protocolPB.ScmBlockLocationProtocolPB=org.apache.hadoop.ipc.ProtobufRpcEngine, rpc.engine.org.apache.hadoop.hdds.scm.protocolPB.StorageContainerLocationProtocolPB=org.apache.hadoop.ipc.ProtobufRpcEngine, rpc.engine.org.apache.hadoop.ozone.om.protocolPB.OMAdminProtocolPB=org.apache.hadoop.ipc.ProtobufRpcEngine, rpc.engine.org.apache.hadoop.ozone.om.protocolPB.OMInterServiceProtocolPB=org.apache.hadoop.ipc.ProtobufRpcEngine, rpc.engine.org.apache.hadoop.ozone.om.protocolPB.OzoneManagerProtocolPB=org.apache.hadoop.ipc.ProtobufRpcEngine, rpc.engine.org.apache.hadoop.ozone.protocolPB.StorageContainerDatanodeProtocolPB=org.apache.hadoop.ipc.ProtobufRpcEngine, scm.container.client.idle.threshold=10s, scm.container.client.max.size=256, test.scm.client.address=localhost, test.scm.client.bind.host=0.0.0.0, test.scm.client.class=java.lang.Object, test.scm.client.compression.enabled=true, test.scm.client.duration=1h, test.scm.client.enabled=true, test.scm.client.port=9878, test.scm.client.threshold=10, test.scm.client.wait=30m}
************************************************************/
2025-05-13 08:07:26,745 [main] INFO  s3.Gateway (SignalLogger.java:register(99)) - registered UNIX signal handlers for [SIGHUP, SIGINT, SIGTERM]
2025-05-13 08:07:26,762 [main] INFO  s3.Gateway (Gateway.java:start(102)) - Starting Ozone S3 gateway
2025-05-13 08:07:26,763 [main] INFO  impl.MetricsSystemImpl (MetricsSystemImpl.java:init(158)) - S3Gateway metrics system started (again)
2025-05-13 08:07:26,765 [27a8c788-beb7-437d-b6c6-05acf10328ba-EndpointStateMachineTaskThread-/0.0.0.0:15002-0 ] INFO  utils.DatanodeStoreCache (DatanodeStoreCache.java:addDB(70)) - Added db /home/runner/work/ozone/ozone/hadoop-ozone/integration-test-s3/target/test-dir/MiniOzoneClusterImpl-95f4eac0-24f3-44c7-8c9c-9c62d5a0e831/ozone-meta/datanode-4/data-0/hdds/95f4eac0-24f3-44c7-8c9c-9c62d5a0e831/DS-8b00900f-dbfe-4666-8062-15a5b6d9809f/container.db to cache
2025-05-13 08:07:26,766 [27a8c788-beb7-437d-b6c6-05acf10328ba-EndpointStateMachineTaskThread-/0.0.0.0:15002-0 ] INFO  volume.HddsVolume (HddsVolume.java:createDbStore(510)) - SchemaV3 db is created and loaded at /home/runner/work/ozone/ozone/hadoop-ozone/integration-test-s3/target/test-dir/MiniOzoneClusterImpl-95f4eac0-24f3-44c7-8c9c-9c62d5a0e831/ozone-meta/datanode-4/data-0/hdds/95f4eac0-24f3-44c7-8c9c-9c62d5a0e831/DS-8b00900f-dbfe-4666-8062-15a5b6d9809f/container.db for volume DS-8b00900f-dbfe-4666-8062-15a5b6d9809f
2025-05-13 08:07:26,778 [27a8c788-beb7-437d-b6c6-05acf10328ba-ContainerReader-0] INFO  ozoneimpl.ContainerReader (ContainerReader.java:readVolume(144)) - Start to verify containers on volume /home/runner/work/ozone/ozone/hadoop-ozone/integration-test-s3/target/test-dir/MiniOzoneClusterImpl-95f4eac0-24f3-44c7-8c9c-9c62d5a0e831/ozone-meta/datanode-4/data-0/hdds
2025-05-13 08:07:26,778 [27a8c788-beb7-437d-b6c6-05acf10328ba-ContainerReader-0] INFO  ozoneimpl.ContainerReader (ContainerReader.java:readVolume(174)) - Finish verifying containers on volume /home/runner/work/ozone/ozone/hadoop-ozone/integration-test-s3/target/test-dir/MiniOzoneClusterImpl-95f4eac0-24f3-44c7-8c9c-9c62d5a0e831/ozone-meta/datanode-4/data-0/hdds
2025-05-13 08:07:26,778 [27a8c788-beb7-437d-b6c6-05acf10328ba-EndpointStateMachineTaskThread-/0.0.0.0:15002-0 ] INFO  ozoneimpl.OzoneContainer (OzoneContainer.java:buildContainerSet(364)) - Build ContainerSet costs 0s
2025-05-13 08:07:26,779 [27a8c788-beb7-437d-b6c6-05acf10328ba-EndpointStateMachineTaskThread-/0.0.0.0:15002-0 ] INFO  volume.ThrottledAsyncChecker (ThrottledAsyncChecker.java:schedule(138)) - Scheduling a check for /home/runner/work/ozone/ozone/hadoop-ozone/integration-test-s3/target/test-dir/MiniOzoneClusterImpl-95f4eac0-24f3-44c7-8c9c-9c62d5a0e831/ozone-meta/datanode-4/data-0/hdds
2025-05-13 08:07:26,780 [27a8c788-beb7-437d-b6c6-05acf10328ba-EndpointStateMachineTaskThread-/0.0.0.0:15002-0 ] INFO  volume.StorageVolumeChecker (StorageVolumeChecker.java:checkAllVolumes(215)) - Scheduled health check for volume /home/runner/work/ozone/ozone/hadoop-ozone/integration-test-s3/target/test-dir/MiniOzoneClusterImpl-95f4eac0-24f3-44c7-8c9c-9c62d5a0e831/ozone-meta/datanode-4/data-0/hdds
2025-05-13 08:07:26,780 [main] INFO  http.HttpServer2 (HttpServer2.java:bindListener(1242)) - Jetty bound to port 15050
2025-05-13 08:07:26,781 [JvmPauseMonitor6] INFO  util.JvmPauseMonitor (JvmPauseMonitor.java:run(146)) - JvmPauseMonitor-S3G: Started
2025-05-13 08:07:26,781 [main] INFO  server.Server (Server.java:doStart(375)) - jetty-9.4.57.v20241219; built: 2025-01-08T21:24:30.412Z; git: df524e6b29271c2e09ba9aea83c18dc9db464a31; jvm 21.0.7+6-LTS
2025-05-13 08:07:26,797 [27a8c788-beb7-437d-b6c6-05acf10328ba-EndpointStateMachineTaskThread-/0.0.0.0:15002-0 ] INFO  volume.ThrottledAsyncChecker (ThrottledAsyncChecker.java:schedule(138)) - Scheduling a check for /home/runner/work/ozone/ozone/hadoop-ozone/integration-test-s3/target/test-dir/MiniOzoneClusterImpl-95f4eac0-24f3-44c7-8c9c-9c62d5a0e831/ozone-meta/datanode-4/ratis
2025-05-13 08:07:26,798 [27a8c788-beb7-437d-b6c6-05acf10328ba-EndpointStateMachineTaskThread-/0.0.0.0:15002-0 ] INFO  volume.StorageVolumeChecker (StorageVolumeChecker.java:checkAllVolumes(215)) - Scheduled health check for volume /home/runner/work/ozone/ozone/hadoop-ozone/integration-test-s3/target/test-dir/MiniOzoneClusterImpl-95f4eac0-24f3-44c7-8c9c-9c62d5a0e831/ozone-meta/datanode-4/ratis
2025-05-13 08:07:26,801 [27a8c788-beb7-437d-b6c6-05acf10328ba-EndpointStateMachineTaskThread-/0.0.0.0:15002-0 ] INFO  ozoneimpl.OzoneContainer (OzoneContainer.java:start(512)) - Attempting to start container services.
2025-05-13 08:07:26,801 [27a8c788-beb7-437d-b6c6-05acf10328ba-EndpointStateMachineTaskThread-/0.0.0.0:15002-0 ] WARN  ozoneimpl.OnDemandContainerDataScanner (OnDemandContainerDataScanner.java:init(74)) - Trying to initialize on demand scanner a second time on a datanode.
2025-05-13 08:07:26,805 [ContainerDataScanner(/home/runner/work/ozone/ozone/hadoop-ozone/integration-test-s3/target/test-dir/MiniOzoneClusterImpl-95f4eac0-24f3-44c7-8c9c-9c62d5a0e831/ozone-meta/datanode-4/data-0/hdds)] INFO  ozoneimpl.AbstractBackgroundContainerScanner (AbstractBackgroundContainerScanner.java:runIteration(89)) - Completed an iteration in 0 minutes. Number of iterations (since the data-node restart) : 1, Number of containers scanned in this iteration : 0, Number of unhealthy containers found in this iteration : 0
2025-05-13 08:07:26,807 [ContainerMetadataScanner] INFO  ozoneimpl.AbstractBackgroundContainerScanner (AbstractBackgroundContainerScanner.java:runIteration(89)) - Completed an iteration in 0 minutes. Number of iterations (since the data-node restart) : 1, Number of containers scanned in this iteration : 0, Number of unhealthy containers found in this iteration : 0
2025-05-13 08:07:26,807 [27a8c788-beb7-437d-b6c6-05acf10328ba-EndpointStateMachineTaskThread-/0.0.0.0:15002-0 ] INFO  replication.ReplicationServer (ReplicationServer.java:start(137)) - ReplicationServer is started using port 15041
2025-05-13 08:07:26,808 [27a8c788-beb7-437d-b6c6-05acf10328ba-EndpointStateMachineTaskThread-/0.0.0.0:15002-0 ] INFO  ratis.XceiverServerRatis (XceiverServerRatis.java:start(559)) - Starting XceiverServerRatis(27a8c788-beb7-437d-b6c6-05acf10328ba)
2025-05-13 08:07:26,814 [27a8c788-beb7-437d-b6c6-05acf10328ba-EndpointStateMachineTaskThread-/0.0.0.0:15002-0 ] INFO  server.RaftServer (RaftServerProxy.java:startImpl(407)) - 27a8c788-beb7-437d-b6c6-05acf10328ba: start RPC server
2025-05-13 08:07:26,817 [27a8c788-beb7-437d-b6c6-05acf10328ba-EndpointStateMachineTaskThread-/0.0.0.0:15002-0 ] INFO  server.GrpcService (GrpcService.java:startImpl(334)) - 27a8c788-beb7-437d-b6c6-05acf10328ba: GrpcService started, listening on 15037
2025-05-13 08:07:26,818 [27a8c788-beb7-437d-b6c6-05acf10328ba-EndpointStateMachineTaskThread-/0.0.0.0:15002-0 ] INFO  server.GrpcService (GrpcService.java:startImpl(334)) - 27a8c788-beb7-437d-b6c6-05acf10328ba: GrpcService started, listening on 15039
2025-05-13 08:07:26,818 [27a8c788-beb7-437d-b6c6-05acf10328ba-EndpointStateMachineTaskThread-/0.0.0.0:15002-0 ] INFO  server.GrpcService (GrpcService.java:startImpl(334)) - 27a8c788-beb7-437d-b6c6-05acf10328ba: GrpcService started, listening on 15038
2025-05-13 08:07:26,819 [JvmPauseMonitor7] INFO  util.JvmPauseMonitor (JvmPauseMonitor.java:run(146)) - JvmPauseMonitor-27a8c788-beb7-437d-b6c6-05acf10328ba: Started
2025-05-13 08:07:26,820 [27a8c788-beb7-437d-b6c6-05acf10328ba-EndpointStateMachineTaskThread-/0.0.0.0:15002-0 ] INFO  ratis.XceiverServerRatis (XceiverServerRatis.java:getRealPort(586)) - XceiverServerRatis(27a8c788-beb7-437d-b6c6-05acf10328ba) is started using port RATIS=15037
2025-05-13 08:07:26,820 [27a8c788-beb7-437d-b6c6-05acf10328ba-EndpointStateMachineTaskThread-/0.0.0.0:15002-0 ] INFO  ratis.XceiverServerRatis (XceiverServerRatis.java:getRealPort(586)) - XceiverServerRatis(27a8c788-beb7-437d-b6c6-05acf10328ba) is started using port RATIS_ADMIN=15038
2025-05-13 08:07:26,820 [27a8c788-beb7-437d-b6c6-05acf10328ba-EndpointStateMachineTaskThread-/0.0.0.0:15002-0 ] INFO  ratis.XceiverServerRatis (XceiverServerRatis.java:getRealPort(586)) - XceiverServerRatis(27a8c788-beb7-437d-b6c6-05acf10328ba) is started using port RATIS_SERVER=15039
2025-05-13 08:07:26,820 [27a8c788-beb7-437d-b6c6-05acf10328ba-EndpointStateMachineTaskThread-/0.0.0.0:15002-0 ] INFO  ratis.XceiverServerRatis (XceiverServerRatis.java:getRealPort(586)) - XceiverServerRatis(27a8c788-beb7-437d-b6c6-05acf10328ba) is started using port RATIS_DATASTREAM=15040
2025-05-13 08:07:26,815 [IPC Server handler 4 on default port 15002] INFO  net.NetworkTopologyImpl (NetworkTopologyImpl.java:add(133)) - Added a new node: /default-rack/21150c38-a3e2-4a16-8c36-d72d8cfe1192
2025-05-13 08:07:26,820 [IPC Server handler 4 on default port 15002] INFO  node.SCMNodeManager (SCMNodeManager.java:register(426)) - Registered datanode: 21150c38-a3e2-4a16-8c36-d72d8cfe1192{ip: 127.0.0.1, host: localhost, ports: [HTTP=15026, CLIENT_RPC=15027, REPLICATION=15033, RATIS=15029, RATIS_ADMIN=15030, RATIS_SERVER=15031, RATIS_DATASTREAM=15032, STANDALONE=15028], networkLocation: /default-rack, certSerialId: null, persistedOpState: null, persistedOpStateExpiryEpochSec: 0}
2025-05-13 08:07:26,821 [EventQueue-ContainerRegistrationReportForRatisContainerSafeModeRule] INFO  safemode.SCMSafeModeManager (SCMSafeModeManager.java:validateSafeModeExitRules(140)) - RatisContainerSafeModeRule rule is successfully validated
2025-05-13 08:07:26,821 [EventQueue-PipelineReportForOneReplicaPipelineSafeModeRule] INFO  safemode.SCMSafeModeManager (SCMSafeModeManager.java:validateSafeModeExitRules(140)) - AtleastOneDatanodeReportedRule rule is successfully validated
2025-05-13 08:07:26,821 [EventQueue-ContainerRegistrationReportForECContainerSafeModeRule] INFO  safemode.SCMSafeModeManager (SCMSafeModeManager.java:validateSafeModeExitRules(140)) - ECContainerSafeModeRule rule is successfully validated
2025-05-13 08:07:26,821 [EventQueue-NodeRegistrationContainerReportForDataNodeSafeModeRule] INFO  safemode.SCMSafeModeManager (DataNodeSafeModeRule.java:process(79)) - SCM in safe mode. 3 DataNodes registered, 3 required.
2025-05-13 08:07:26,822 [EventQueue-NodeRegistrationContainerReportForDataNodeSafeModeRule] INFO  safemode.SCMSafeModeManager (SCMSafeModeManager.java:validateSafeModeExitRules(140)) - DataNodeSafeModeRule rule is successfully validated
2025-05-13 08:07:26,822 [EventQueue-NodeRegistrationContainerReportForDataNodeSafeModeRule] INFO  safemode.SCMSafeModeManager (SCMSafeModeManager.java:completePreCheck(167)) - All SCM safe mode pre check rules have passed
2025-05-13 08:07:26,822 [EventQueue-NodeRegistrationContainerReportForDataNodeSafeModeRule] INFO  ha.SCMContext (SCMContext.java:updateSafeModeStatus(224)) - Update SafeModeStatus from SafeModeStatus{safeModeStatus=true, preCheckPassed=false} to SafeModeStatus{safeModeStatus=true, preCheckPassed=true}.
2025-05-13 08:07:26,822 [EventQueue-NodeRegistrationContainerReportForDataNodeSafeModeRule] INFO  pipeline.BackgroundPipelineCreator (BackgroundPipelineCreator.java:notifyEventTriggered(290)) - trigger a one-shot run on RatisPipelineUtilsThread.
2025-05-13 08:07:26,823 [EventQueue-NewNodeForNewNodeHandler] INFO  pipeline.BackgroundPipelineCreator (BackgroundPipelineCreator.java:notifyEventTriggered(290)) - trigger a one-shot run on RatisPipelineUtilsThread.
2025-05-13 08:07:26,828 [27a8c788-beb7-437d-b6c6-05acf10328ba-BlockDeletingService#0] INFO  interfaces.ContainerDeletionChoosingPolicyTemplate (ContainerDeletionChoosingPolicyTemplate.java:chooseContainerForBlockDeletion(83)) - Chosen 0/5000 blocks from 0 candidate containers.
2025-05-13 08:07:26,837 [RatisPipelineUtilsThread-0] INFO  pipeline.RatisPipelineProvider (RatisPipelineProvider.java:lambda$create$0(208)) - Sending CreatePipelineCommand for pipeline:PipelineID=fd3e81a3-c7ca-474b-b2b6-03c39c18c99a to datanode:5535968c-90e6-409a-bf55-78519abc7d70(localhost/127.0.0.1)
2025-05-13 08:07:26,839 [RatisPipelineUtilsThread-0] INFO  pipeline.RatisPipelineProvider (RatisPipelineProvider.java:lambda$create$0(208)) - Sending CreatePipelineCommand for pipeline:PipelineID=fd3e81a3-c7ca-474b-b2b6-03c39c18c99a to datanode:214a71e2-145e-48a6-8ba5-d603b385d06b(localhost/127.0.0.1)
2025-05-13 08:07:26,840 [RatisPipelineUtilsThread-0] INFO  pipeline.RatisPipelineProvider (RatisPipelineProvider.java:lambda$create$0(208)) - Sending CreatePipelineCommand for pipeline:PipelineID=fd3e81a3-c7ca-474b-b2b6-03c39c18c99a to datanode:21150c38-a3e2-4a16-8c36-d72d8cfe1192(localhost/127.0.0.1)
2025-05-13 08:07:26,922 [f943e957-6378-4e79-915f-78430d928332@group-9C62D5A0E831-StateMachineUpdater] INFO  safemode.SCMSafeModeManager (SCMSafeModeManager.java:validateSafeModeExitRules(140)) - DataNodeSafeModeRule rule is successfully validated
2025-05-13 08:07:26,922 [f943e957-6378-4e79-915f-78430d928332@group-9C62D5A0E831-StateMachineUpdater] INFO  safemode.SCMSafeModeManager (SCMSafeModeManager.java:validateSafeModeExitRules(140)) - RatisContainerSafeModeRule rule is successfully validated
2025-05-13 08:07:26,923 [f943e957-6378-4e79-915f-78430d928332@group-9C62D5A0E831-StateMachineUpdater] INFO  safemode.HealthyPipelineSafeModeRule (HealthyPipelineSafeModeRule.java:initializeRule(173)) - Refreshed total pipeline count is 0, healthy pipeline threshold count is 1
2025-05-13 08:07:26,923 [f943e957-6378-4e79-915f-78430d928332@group-9C62D5A0E831-StateMachineUpdater] INFO  safemode.SCMSafeModeManager (SCMSafeModeManager.java:validateSafeModeExitRules(140)) - ECContainerSafeModeRule rule is successfully validated
2025-05-13 08:07:26,923 [f943e957-6378-4e79-915f-78430d928332@group-9C62D5A0E831-StateMachineUpdater] INFO  safemode.SCMSafeModeManager (SCMSafeModeManager.java:validateSafeModeExitRules(140)) - AtleastOneDatanodeReportedRule rule is successfully validated
2025-05-13 08:07:26,931 [RatisPipelineUtilsThread-0] INFO  pipeline.BackgroundPipelineCreator (BackgroundPipelineCreator.java:createPipelines(246)) - Created new pipeline Pipeline{ Id: fd3e81a3-c7ca-474b-b2b6-03c39c18c99a, Nodes: [ {5535968c-90e6-409a-bf55-78519abc7d70(localhost/127.0.0.1), ReplicaIndex: 0}, {214a71e2-145e-48a6-8ba5-d603b385d06b(localhost/127.0.0.1), ReplicaIndex: 0}, {21150c38-a3e2-4a16-8c36-d72d8cfe1192(localhost/127.0.0.1), ReplicaIndex: 0},], ReplicationConfig: RATIS/THREE, State:ALLOCATED, leaderId:, CreationTimestamp2025-05-13T08:07:26.835773854Z[Etc/UTC]}
2025-05-13 08:07:26,934 [RatisPipelineUtilsThread-0] INFO  pipeline.RatisPipelineProvider (RatisPipelineProvider.java:lambda$create$0(208)) - Sending CreatePipelineCommand for pipeline:PipelineID=325a644d-f249-4d91-a4df-208911670023 to datanode:214a71e2-145e-48a6-8ba5-d603b385d06b(localhost/127.0.0.1)
2025-05-13 08:07:26,934 [RatisPipelineUtilsThread-0] INFO  pipeline.RatisPipelineProvider (RatisPipelineProvider.java:lambda$create$0(208)) - Sending CreatePipelineCommand for pipeline:PipelineID=325a644d-f249-4d91-a4df-208911670023 to datanode:5535968c-90e6-409a-bf55-78519abc7d70(localhost/127.0.0.1)
2025-05-13 08:07:26,934 [RatisPipelineUtilsThread-0] INFO  pipeline.RatisPipelineProvider (RatisPipelineProvider.java:lambda$create$0(208)) - Sending CreatePipelineCommand for pipeline:PipelineID=325a644d-f249-4d91-a4df-208911670023 to datanode:21150c38-a3e2-4a16-8c36-d72d8cfe1192(localhost/127.0.0.1)
2025-05-13 08:07:26,941 [f943e957-6378-4e79-915f-78430d928332@group-9C62D5A0E831-StateMachineUpdater] INFO  safemode.SCMSafeModeManager (SCMSafeModeManager.java:validateSafeModeExitRules(140)) - DataNodeSafeModeRule rule is successfully validated
2025-05-13 08:07:26,941 [f943e957-6378-4e79-915f-78430d928332@group-9C62D5A0E831-StateMachineUpdater] INFO  safemode.SCMSafeModeManager (SCMSafeModeManager.java:validateSafeModeExitRules(140)) - RatisContainerSafeModeRule rule is successfully validated
2025-05-13 08:07:26,941 [f943e957-6378-4e79-915f-78430d928332@group-9C62D5A0E831-StateMachineUpdater] INFO  safemode.HealthyPipelineSafeModeRule (HealthyPipelineSafeModeRule.java:initializeRule(173)) - Refreshed total pipeline count is 0, healthy pipeline threshold count is 1
2025-05-13 08:07:26,941 [f943e957-6378-4e79-915f-78430d928332@group-9C62D5A0E831-StateMachineUpdater] INFO  safemode.SCMSafeModeManager (SCMSafeModeManager.java:validateSafeModeExitRules(140)) - ECContainerSafeModeRule rule is successfully validated
2025-05-13 08:07:26,941 [f943e957-6378-4e79-915f-78430d928332@group-9C62D5A0E831-StateMachineUpdater] INFO  safemode.SCMSafeModeManager (SCMSafeModeManager.java:validateSafeModeExitRules(140)) - AtleastOneDatanodeReportedRule rule is successfully validated
2025-05-13 08:07:26,943 [RatisPipelineUtilsThread-0] INFO  pipeline.PipelineManagerImpl (PipelineManagerImpl.java:recordMetricsForPipeline(907)) - Pipeline: PipelineID=325a644d-f249-4d91-a4df-208911670023 contains same datanodes as previous pipelines: PipelineID=fd3e81a3-c7ca-474b-b2b6-03c39c18c99a nodeIds: 214a71e2-145e-48a6-8ba5-d603b385d06b, 5535968c-90e6-409a-bf55-78519abc7d70, 21150c38-a3e2-4a16-8c36-d72d8cfe1192
2025-05-13 08:07:26,943 [RatisPipelineUtilsThread-0] INFO  pipeline.BackgroundPipelineCreator (BackgroundPipelineCreator.java:createPipelines(246)) - Created new pipeline Pipeline{ Id: 325a644d-f249-4d91-a4df-208911670023, Nodes: [ {214a71e2-145e-48a6-8ba5-d603b385d06b(localhost/127.0.0.1), ReplicaIndex: 0}, {5535968c-90e6-409a-bf55-78519abc7d70(localhost/127.0.0.1), ReplicaIndex: 0}, {21150c38-a3e2-4a16-8c36-d72d8cfe1192(localhost/127.0.0.1), ReplicaIndex: 0},], ReplicationConfig: RATIS/THREE, State:ALLOCATED, leaderId:, CreationTimestamp2025-05-13T08:07:26.934476547Z[Etc/UTC]}
2025-05-13 08:07:27,001 [main] INFO  server.session (DefaultSessionIdManager.java:doStart(334)) - DefaultSessionIdManager workerName=node0
2025-05-13 08:07:27,002 [main] INFO  server.session (DefaultSessionIdManager.java:doStart(339)) - No SessionScavenger set, using defaults
2025-05-13 08:07:27,002 [main] INFO  server.session (HouseKeeper.java:startScavenging(132)) - node0 Scavenging every 660000ms
2025-05-13 08:07:27,089 [14d69b34-cdfe-4dfa-a52b-244cf41e8f06-EndpointStateMachineTaskThread-/0.0.0.0:15002-0 ] INFO  utils.DatanodeStoreCache (DatanodeStoreCache.java:addDB(70)) - Added db /home/runner/work/ozone/ozone/hadoop-ozone/integration-test-s3/target/test-dir/MiniOzoneClusterImpl-95f4eac0-24f3-44c7-8c9c-9c62d5a0e831/ozone-meta/datanode-5/data-0/hdds/95f4eac0-24f3-44c7-8c9c-9c62d5a0e831/DS-37ec939f-c540-4335-98dd-d7e22f775bc0/container.db to cache
2025-05-13 08:07:27,090 [14d69b34-cdfe-4dfa-a52b-244cf41e8f06-EndpointStateMachineTaskThread-/0.0.0.0:15002-0 ] INFO  volume.HddsVolume (HddsVolume.java:createDbStore(510)) - SchemaV3 db is created and loaded at /home/runner/work/ozone/ozone/hadoop-ozone/integration-test-s3/target/test-dir/MiniOzoneClusterImpl-95f4eac0-24f3-44c7-8c9c-9c62d5a0e831/ozone-meta/datanode-5/data-0/hdds/95f4eac0-24f3-44c7-8c9c-9c62d5a0e831/DS-37ec939f-c540-4335-98dd-d7e22f775bc0/container.db for volume DS-37ec939f-c540-4335-98dd-d7e22f775bc0
2025-05-13 08:07:27,098 [14d69b34-cdfe-4dfa-a52b-244cf41e8f06-ContainerReader-0] INFO  ozoneimpl.ContainerReader (ContainerReader.java:readVolume(144)) - Start to verify containers on volume /home/runner/work/ozone/ozone/hadoop-ozone/integration-test-s3/target/test-dir/MiniOzoneClusterImpl-95f4eac0-24f3-44c7-8c9c-9c62d5a0e831/ozone-meta/datanode-5/data-0/hdds
2025-05-13 08:07:27,098 [14d69b34-cdfe-4dfa-a52b-244cf41e8f06-ContainerReader-0] INFO  ozoneimpl.ContainerReader (ContainerReader.java:readVolume(174)) - Finish verifying containers on volume /home/runner/work/ozone/ozone/hadoop-ozone/integration-test-s3/target/test-dir/MiniOzoneClusterImpl-95f4eac0-24f3-44c7-8c9c-9c62d5a0e831/ozone-meta/datanode-5/data-0/hdds
2025-05-13 08:07:27,098 [14d69b34-cdfe-4dfa-a52b-244cf41e8f06-EndpointStateMachineTaskThread-/0.0.0.0:15002-0 ] INFO  ozoneimpl.OzoneContainer (OzoneContainer.java:buildContainerSet(364)) - Build ContainerSet costs 0s
2025-05-13 08:07:27,098 [14d69b34-cdfe-4dfa-a52b-244cf41e8f06-EndpointStateMachineTaskThread-/0.0.0.0:15002-0 ] INFO  volume.ThrottledAsyncChecker (ThrottledAsyncChecker.java:schedule(138)) - Scheduling a check for /home/runner/work/ozone/ozone/hadoop-ozone/integration-test-s3/target/test-dir/MiniOzoneClusterImpl-95f4eac0-24f3-44c7-8c9c-9c62d5a0e831/ozone-meta/datanode-5/data-0/hdds
2025-05-13 08:07:27,099 [14d69b34-cdfe-4dfa-a52b-244cf41e8f06-EndpointStateMachineTaskThread-/0.0.0.0:15002-0 ] INFO  volume.StorageVolumeChecker (StorageVolumeChecker.java:checkAllVolumes(215)) - Scheduled health check for volume /home/runner/work/ozone/ozone/hadoop-ozone/integration-test-s3/target/test-dir/MiniOzoneClusterImpl-95f4eac0-24f3-44c7-8c9c-9c62d5a0e831/ozone-meta/datanode-5/data-0/hdds
2025-05-13 08:07:27,104 [14d69b34-cdfe-4dfa-a52b-244cf41e8f06-EndpointStateMachineTaskThread-/0.0.0.0:15002-0 ] INFO  volume.ThrottledAsyncChecker (ThrottledAsyncChecker.java:schedule(138)) - Scheduling a check for /home/runner/work/ozone/ozone/hadoop-ozone/integration-test-s3/target/test-dir/MiniOzoneClusterImpl-95f4eac0-24f3-44c7-8c9c-9c62d5a0e831/ozone-meta/datanode-5/ratis
2025-05-13 08:07:27,105 [14d69b34-cdfe-4dfa-a52b-244cf41e8f06-EndpointStateMachineTaskThread-/0.0.0.0:15002-0 ] INFO  volume.StorageVolumeChecker (StorageVolumeChecker.java:checkAllVolumes(215)) - Scheduled health check for volume /home/runner/work/ozone/ozone/hadoop-ozone/integration-test-s3/target/test-dir/MiniOzoneClusterImpl-95f4eac0-24f3-44c7-8c9c-9c62d5a0e831/ozone-meta/datanode-5/ratis
2025-05-13 08:07:27,107 [14d69b34-cdfe-4dfa-a52b-244cf41e8f06-EndpointStateMachineTaskThread-/0.0.0.0:15002-0 ] INFO  ozoneimpl.OzoneContainer (OzoneContainer.java:start(512)) - Attempting to start container services.
2025-05-13 08:07:27,107 [14d69b34-cdfe-4dfa-a52b-244cf41e8f06-EndpointStateMachineTaskThread-/0.0.0.0:15002-0 ] WARN  ozoneimpl.OnDemandContainerDataScanner (OnDemandContainerDataScanner.java:init(74)) - Trying to initialize on demand scanner a second time on a datanode.
2025-05-13 08:07:27,108 [ContainerMetadataScanner] INFO  ozoneimpl.AbstractBackgroundContainerScanner (AbstractBackgroundContainerScanner.java:runIteration(89)) - Completed an iteration in 0 minutes. Number of iterations (since the data-node restart) : 1, Number of containers scanned in this iteration : 0, Number of unhealthy containers found in this iteration : 0
2025-05-13 08:07:27,109 [ContainerDataScanner(/home/runner/work/ozone/ozone/hadoop-ozone/integration-test-s3/target/test-dir/MiniOzoneClusterImpl-95f4eac0-24f3-44c7-8c9c-9c62d5a0e831/ozone-meta/datanode-5/data-0/hdds)] INFO  ozoneimpl.AbstractBackgroundContainerScanner (AbstractBackgroundContainerScanner.java:runIteration(89)) - Completed an iteration in 0 minutes. Number of iterations (since the data-node restart) : 1, Number of containers scanned in this iteration : 0, Number of unhealthy containers found in this iteration : 0
2025-05-13 08:07:27,110 [14d69b34-cdfe-4dfa-a52b-244cf41e8f06-EndpointStateMachineTaskThread-/0.0.0.0:15002-0 ] INFO  replication.ReplicationServer (ReplicationServer.java:start(137)) - ReplicationServer is started using port 15049
2025-05-13 08:07:27,110 [14d69b34-cdfe-4dfa-a52b-244cf41e8f06-EndpointStateMachineTaskThread-/0.0.0.0:15002-0 ] INFO  ratis.XceiverServerRatis (XceiverServerRatis.java:start(559)) - Starting XceiverServerRatis(14d69b34-cdfe-4dfa-a52b-244cf41e8f06)
2025-05-13 08:07:27,112 [14d69b34-cdfe-4dfa-a52b-244cf41e8f06-EndpointStateMachineTaskThread-/0.0.0.0:15002-0 ] INFO  server.RaftServer (RaftServerProxy.java:startImpl(407)) - 14d69b34-cdfe-4dfa-a52b-244cf41e8f06: start RPC server
2025-05-13 08:07:27,113 [14d69b34-cdfe-4dfa-a52b-244cf41e8f06-EndpointStateMachineTaskThread-/0.0.0.0:15002-0 ] INFO  server.GrpcService (GrpcService.java:startImpl(334)) - 14d69b34-cdfe-4dfa-a52b-244cf41e8f06: GrpcService started, listening on 15045
2025-05-13 08:07:27,113 [14d69b34-cdfe-4dfa-a52b-244cf41e8f06-EndpointStateMachineTaskThread-/0.0.0.0:15002-0 ] INFO  server.GrpcService (GrpcService.java:startImpl(334)) - 14d69b34-cdfe-4dfa-a52b-244cf41e8f06: GrpcService started, listening on 15047
2025-05-13 08:07:27,113 [14d69b34-cdfe-4dfa-a52b-244cf41e8f06-EndpointStateMachineTaskThread-/0.0.0.0:15002-0 ] INFO  server.GrpcService (GrpcService.java:startImpl(334)) - 14d69b34-cdfe-4dfa-a52b-244cf41e8f06: GrpcService started, listening on 15046
2025-05-13 08:07:27,114 [JvmPauseMonitor8] INFO  util.JvmPauseMonitor (JvmPauseMonitor.java:run(146)) - JvmPauseMonitor-14d69b34-cdfe-4dfa-a52b-244cf41e8f06: Started
2025-05-13 08:07:27,114 [14d69b34-cdfe-4dfa-a52b-244cf41e8f06-EndpointStateMachineTaskThread-/0.0.0.0:15002-0 ] INFO  ratis.XceiverServerRatis (XceiverServerRatis.java:getRealPort(586)) - XceiverServerRatis(14d69b34-cdfe-4dfa-a52b-244cf41e8f06) is started using port RATIS=15045
2025-05-13 08:07:27,114 [14d69b34-cdfe-4dfa-a52b-244cf41e8f06-EndpointStateMachineTaskThread-/0.0.0.0:15002-0 ] INFO  ratis.XceiverServerRatis (XceiverServerRatis.java:getRealPort(586)) - XceiverServerRatis(14d69b34-cdfe-4dfa-a52b-244cf41e8f06) is started using port RATIS_ADMIN=15046
2025-05-13 08:07:27,114 [14d69b34-cdfe-4dfa-a52b-244cf41e8f06-EndpointStateMachineTaskThread-/0.0.0.0:15002-0 ] INFO  ratis.XceiverServerRatis (XceiverServerRatis.java:getRealPort(586)) - XceiverServerRatis(14d69b34-cdfe-4dfa-a52b-244cf41e8f06) is started using port RATIS_SERVER=15047
2025-05-13 08:07:27,114 [14d69b34-cdfe-4dfa-a52b-244cf41e8f06-EndpointStateMachineTaskThread-/0.0.0.0:15002-0 ] INFO  ratis.XceiverServerRatis (XceiverServerRatis.java:getRealPort(586)) - XceiverServerRatis(14d69b34-cdfe-4dfa-a52b-244cf41e8f06) is started using port RATIS_DATASTREAM=15048
2025-05-13 08:07:27,116 [14d69b34-cdfe-4dfa-a52b-244cf41e8f06-BlockDeletingService#0] INFO  interfaces.ContainerDeletionChoosingPolicyTemplate (ContainerDeletionChoosingPolicyTemplate.java:chooseContainerForBlockDeletion(83)) - Chosen 0/5000 blocks from 0 candidate containers.
2025-05-13 08:07:27,188 [IPC Server handler 71 on default port 15002] INFO  net.NetworkTopologyImpl (NetworkTopologyImpl.java:add(133)) - Added a new node: /default-rack/27a8c788-beb7-437d-b6c6-05acf10328ba
2025-05-13 08:07:27,189 [IPC Server handler 71 on default port 15002] INFO  node.SCMNodeManager (SCMNodeManager.java:register(426)) - Registered datanode: 27a8c788-beb7-437d-b6c6-05acf10328ba{ip: 127.0.0.1, host: localhost, ports: [HTTP=15034, CLIENT_RPC=15035, REPLICATION=15041, RATIS=15037, RATIS_ADMIN=15038, RATIS_SERVER=15039, RATIS_DATASTREAM=15040, STANDALONE=15036], networkLocation: /default-rack, certSerialId: null, persistedOpState: null, persistedOpStateExpiryEpochSec: 0}
2025-05-13 08:07:27,189 [EventQueue-NewNodeForNewNodeHandler] INFO  pipeline.BackgroundPipelineCreator (BackgroundPipelineCreator.java:notifyEventTriggered(290)) - trigger a one-shot run on RatisPipelineUtilsThread.
2025-05-13 08:07:27,190 [EventQueue-PipelineReportForOneReplicaPipelineSafeModeRule] INFO  safemode.SCMSafeModeManager (SCMSafeModeManager.java:validateSafeModeExitRules(140)) - AtleastOneDatanodeReportedRule rule is successfully validated
2025-05-13 08:07:27,190 [EventQueue-NodeRegistrationContainerReportForDataNodeSafeModeRule] INFO  safemode.SCMSafeModeManager (SCMSafeModeManager.java:validateSafeModeExitRules(140)) - DataNodeSafeModeRule rule is successfully validated
2025-05-13 08:07:27,192 [EventQueue-ContainerRegistrationReportForECContainerSafeModeRule] INFO  safemode.SCMSafeModeManager (SCMSafeModeManager.java:validateSafeModeExitRules(140)) - ECContainerSafeModeRule rule is successfully validated
2025-05-13 08:07:27,194 [EventQueue-ContainerRegistrationReportForRatisContainerSafeModeRule] INFO  safemode.SCMSafeModeManager (SCMSafeModeManager.java:validateSafeModeExitRules(140)) - RatisContainerSafeModeRule rule is successfully validated
2025-05-13 08:07:27,538 [IPC Server handler 1 on default port 15002] INFO  net.NetworkTopologyImpl (NetworkTopologyImpl.java:add(133)) - Added a new node: /default-rack/14d69b34-cdfe-4dfa-a52b-244cf41e8f06
2025-05-13 08:07:27,538 [IPC Server handler 1 on default port 15002] INFO  node.SCMNodeManager (SCMNodeManager.java:register(426)) - Registered datanode: 14d69b34-cdfe-4dfa-a52b-244cf41e8f06{ip: 127.0.0.1, host: localhost, ports: [HTTP=15042, CLIENT_RPC=15043, REPLICATION=15049, RATIS=15045, RATIS_ADMIN=15046, RATIS_SERVER=15047, RATIS_DATASTREAM=15048, STANDALONE=15044], networkLocation: /default-rack, certSerialId: null, persistedOpState: null, persistedOpStateExpiryEpochSec: 0}
2025-05-13 08:07:27,538 [EventQueue-PipelineReportForOneReplicaPipelineSafeModeRule] INFO  safemode.SCMSafeModeManager (SCMSafeModeManager.java:validateSafeModeExitRules(140)) - AtleastOneDatanodeReportedRule rule is successfully validated
2025-05-13 08:07:27,538 [EventQueue-NodeRegistrationContainerReportForDataNodeSafeModeRule] INFO  safemode.SCMSafeModeManager (SCMSafeModeManager.java:validateSafeModeExitRules(140)) - DataNodeSafeModeRule rule is successfully validated
2025-05-13 08:07:27,539 [EventQueue-NewNodeForNewNodeHandler] INFO  pipeline.BackgroundPipelineCreator (BackgroundPipelineCreator.java:notifyEventTriggered(290)) - trigger a one-shot run on RatisPipelineUtilsThread.
2025-05-13 08:07:27,540 [EventQueue-ContainerRegistrationReportForRatisContainerSafeModeRule] INFO  safemode.SCMSafeModeManager (SCMSafeModeManager.java:validateSafeModeExitRules(140)) - RatisContainerSafeModeRule rule is successfully validated
2025-05-13 08:07:27,541 [EventQueue-ContainerRegistrationReportForECContainerSafeModeRule] INFO  safemode.SCMSafeModeManager (SCMSafeModeManager.java:validateSafeModeExitRules(140)) - ECContainerSafeModeRule rule is successfully validated
2025-05-13 08:07:28,646 [5535968c-90e6-409a-bf55-78519abc7d70-PipelineCommandHandlerThread-0] INFO  server.RaftServer (RaftServerProxy.java:addNew(100)) - 5535968c-90e6-409a-bf55-78519abc7d70: addNew group-03C39C18C99A:[5535968c-90e6-409a-bf55-78519abc7d70|127.0.0.1:15015, 21150c38-a3e2-4a16-8c36-d72d8cfe1192|127.0.0.1:15031, 214a71e2-145e-48a6-8ba5-d603b385d06b|127.0.0.1:15023] returns group-03C39C18C99A:java.util.concurrent.CompletableFuture@2ccaa8e4[Not completed]
2025-05-13 08:07:28,665 [5535968c-90e6-409a-bf55-78519abc7d70-groupManagement] INFO  server.RaftServer$Division (RaftServerImpl.java:<init>(255)) - 5535968c-90e6-409a-bf55-78519abc7d70: new RaftServerImpl for group-03C39C18C99A:[5535968c-90e6-409a-bf55-78519abc7d70|127.0.0.1:15015, 21150c38-a3e2-4a16-8c36-d72d8cfe1192|127.0.0.1:15031, 214a71e2-145e-48a6-8ba5-d603b385d06b|127.0.0.1:15023] with ContainerStateMachine:uninitialized
2025-05-13 08:07:28,665 [5535968c-90e6-409a-bf55-78519abc7d70-groupManagement] INFO  server.RaftServerConfigKeys (ConfUtils.java:logGet(46)) - raft.server.rpc.timeout.min = 5s (custom)
2025-05-13 08:07:28,665 [5535968c-90e6-409a-bf55-78519abc7d70-groupManagement] INFO  server.RaftServerConfigKeys (ConfUtils.java:logGet(46)) - raft.server.rpc.timeout.max = 5200ms (custom)
2025-05-13 08:07:28,665 [5535968c-90e6-409a-bf55-78519abc7d70-groupManagement] INFO  server.RaftServerConfigKeys (ConfUtils.java:logGet(46)) - raft.server.rpc.sleep.time = 25ms (default)
2025-05-13 08:07:28,665 [5535968c-90e6-409a-bf55-78519abc7d70-groupManagement] INFO  server.RaftServerConfigKeys (ConfUtils.java:logGet(46)) - raft.server.rpc.slowness.timeout = 300s (custom)
2025-05-13 08:07:28,665 [5535968c-90e6-409a-bf55-78519abc7d70-groupManagement] INFO  server.RaftServerConfigKeys (ConfUtils.java:logGet(46)) - raft.server.leaderelection.leader.step-down.wait-time = 10s (default)
2025-05-13 08:07:28,665 [5535968c-90e6-409a-bf55-78519abc7d70-groupManagement] INFO  server.RaftServerConfigKeys (ConfUtils.java:logGet(46)) - raft.server.leaderelection.member.majority-add = false (default)
2025-05-13 08:07:28,665 [5535968c-90e6-409a-bf55-78519abc7d70-groupManagement] INFO  server.RaftServerConfigKeys (ConfUtils.java:logGet(46)) - raft.server.sleep.deviation.threshold = 300ms (default)
2025-05-13 08:07:28,665 [5535968c-90e6-409a-bf55-78519abc7d70-groupManagement] INFO  server.RaftServer$Division (ServerState.java:<init>(114)) - 5535968c-90e6-409a-bf55-78519abc7d70@group-03C39C18C99A: ConfigurationManager, init=conf: {index: -1, cur=peers:[5535968c-90e6-409a-bf55-78519abc7d70|127.0.0.1:15015, 21150c38-a3e2-4a16-8c36-d72d8cfe1192|127.0.0.1:15031, 214a71e2-145e-48a6-8ba5-d603b385d06b|127.0.0.1:15023]|listeners:[], old=null}, confs=<EMPTY_MAP>
2025-05-13 08:07:28,667 [5535968c-90e6-409a-bf55-78519abc7d70-groupManagement] INFO  server.RaftServerConfigKeys (ConfUtils.java:logGet(46)) - raft.server.notification.no-leader.timeout = 300s (custom)
2025-05-13 08:07:28,667 [5535968c-90e6-409a-bf55-78519abc7d70-groupManagement] INFO  server.RaftServerConfigKeys (ConfUtils.java:logGet(46)) - raft.server.read.timeout = 10s (default)
2025-05-13 08:07:28,668 [5535968c-90e6-409a-bf55-78519abc7d70-groupManagement] INFO  server.RaftServerConfigKeys (ConfUtils.java:logGet(46)) - raft.server.retrycache.expirytime = 600000ms (custom)
2025-05-13 08:07:28,668 [5535968c-90e6-409a-bf55-78519abc7d70-groupManagement] INFO  server.RaftServerConfigKeys (ConfUtils.java:logGet(46)) - raft.server.retrycache.statistics.expirytime = 100ms (default)
2025-05-13 08:07:28,668 [5535968c-90e6-409a-bf55-78519abc7d70-groupManagement] INFO  server.RaftServerConfigKeys (ConfUtils.java:logGet(46)) - raft.server.read.option = DEFAULT (default)
2025-05-13 08:07:28,668 [5535968c-90e6-409a-bf55-78519abc7d70-groupManagement] INFO  server.RaftServerConfigKeys (ConfUtils.java:logGet(46)) - raft.server.read.read-after-write-consistent.write-index-cache.expiry-time = 60s (default)
2025-05-13 08:07:28,689 [5535968c-90e6-409a-bf55-78519abc7d70-groupManagement] INFO  server.RaftServerConfigKeys (ConfUtils.java:logGet(46)) - raft.server.rpc.request.timeout = 60s (custom)
2025-05-13 08:07:28,692 [5535968c-90e6-409a-bf55-78519abc7d70-groupManagement] INFO  server.RaftServerConfigKeys (ConfUtils.java:logGet(46)) - raft.server.log.appender.install.snapshot.enabled = false (custom)
2025-05-13 08:07:28,692 [5535968c-90e6-409a-bf55-78519abc7d70-groupManagement] INFO  server.RaftServerConfigKeys (ConfUtils.java:logGet(46)) - raft.server.threadpool.server.cached = true (default)
2025-05-13 08:07:28,692 [5535968c-90e6-409a-bf55-78519abc7d70-groupManagement] INFO  server.RaftServerConfigKeys (ConfUtils.java:logGet(46)) - raft.server.threadpool.server.size = 0 (default)
2025-05-13 08:07:28,692 [5535968c-90e6-409a-bf55-78519abc7d70-groupManagement] INFO  server.RaftServerConfigKeys (ConfUtils.java:logGet(46)) - raft.server.threadpool.client.cached = true (default)
2025-05-13 08:07:28,692 [5535968c-90e6-409a-bf55-78519abc7d70-groupManagement] INFO  server.RaftServerConfigKeys (ConfUtils.java:logGet(46)) - raft.server.threadpool.client.size = 0 (default)
2025-05-13 08:07:28,692 [5535968c-90e6-409a-bf55-78519abc7d70-groupManagement] INFO  server.RaftServerConfigKeys (ConfUtils.java:logGet(46)) - raft.server.storage.free-space.min = 0MB (=0) (default)
2025-05-13 08:07:28,692 [5535968c-90e6-409a-bf55-78519abc7d70-groupManagement] INFO  server.RaftServerConfigKeys (ConfUtils.java:logGet(46)) - raft.server.log.corruption.policy = EXCEPTION (default)
2025-05-13 08:07:28,692 [5535968c-90e6-409a-bf55-78519abc7d70-groupManagement] INFO  server.RaftServerConfigKeys (ConfUtils.java:logGet(46)) - raft.server.storage.dir = [/home/runner/work/ozone/ozone/hadoop-ozone/integration-test-s3/target/test-dir/MiniOzoneClusterImpl-95f4eac0-24f3-44c7-8c9c-9c62d5a0e831/ozone-meta/datanode-1/ratis] (custom)
2025-05-13 08:07:28,695 [5535968c-90e6-409a-bf55-78519abc7d70-groupManagement] INFO  storage.RaftStorageDirectory (RaftStorageDirectoryImpl.java:analyzeStorage(138)) - The storage directory /home/runner/work/ozone/ozone/hadoop-ozone/integration-test-s3/target/test-dir/MiniOzoneClusterImpl-95f4eac0-24f3-44c7-8c9c-9c62d5a0e831/ozone-meta/datanode-1/ratis/fd3e81a3-c7ca-474b-b2b6-03c39c18c99a does not exist. Creating ...
2025-05-13 08:07:28,696 [5535968c-90e6-409a-bf55-78519abc7d70-groupManagement] INFO  storage.RaftStorageDirectory (RaftStorageDirectoryImpl.java:tryLock(229)) - Lock on /home/runner/work/ozone/ozone/hadoop-ozone/integration-test-s3/target/test-dir/MiniOzoneClusterImpl-95f4eac0-24f3-44c7-8c9c-9c62d5a0e831/ozone-meta/datanode-1/ratis/fd3e81a3-c7ca-474b-b2b6-03c39c18c99a/in_use.lock acquired by nodename 70907@pkrvmberfyhpb9w
2025-05-13 08:07:28,698 [5535968c-90e6-409a-bf55-78519abc7d70-groupManagement] INFO  storage.RaftStorage (RaftStorageImpl.java:format(98)) - Storage directory /home/runner/work/ozone/ozone/hadoop-ozone/integration-test-s3/target/test-dir/MiniOzoneClusterImpl-95f4eac0-24f3-44c7-8c9c-9c62d5a0e831/ozone-meta/datanode-1/ratis/fd3e81a3-c7ca-474b-b2b6-03c39c18c99a has been successfully formatted.
2025-05-13 08:07:28,706 [5535968c-90e6-409a-bf55-78519abc7d70-groupManagement] INFO  ratis.ContainerStateMachine (ContainerStateMachine.java:initialize(339)) - 5535968c-90e6-409a-bf55-78519abc7d70: initialize group-03C39C18C99A
2025-05-13 08:07:28,706 [5535968c-90e6-409a-bf55-78519abc7d70-groupManagement] INFO  ratis.ContainerStateMachine (ContainerStateMachine.java:loadSnapshot(347)) - group-03C39C18C99A: The snapshot info is null. Setting the last applied index to:(t:0, i:~)
2025-05-13 08:07:28,706 [5535968c-90e6-409a-bf55-78519abc7d70-groupManagement] INFO  server.RaftServerConfigKeys (ConfUtils.java:logGet(46)) - raft.server.log.use.memory = false (default)
2025-05-13 08:07:28,708 [5535968c-90e6-409a-bf55-78519abc7d70-groupManagement] INFO  server.RaftServerConfigKeys (ConfUtils.java:logGet(46)) - raft.server.log.purge.gap = 1000000 (custom)
2025-05-13 08:07:28,708 [5535968c-90e6-409a-bf55-78519abc7d70-groupManagement] INFO  server.RaftServerConfigKeys (ConfUtils.java:logGet(46)) - raft.server.log.appender.buffer.byte-limit = 33554432 (custom)
2025-05-13 08:07:28,708 [5535968c-90e6-409a-bf55-78519abc7d70-groupManagement] INFO  server.RaftServerConfigKeys (ConfUtils.java:logGet(46)) - raft.server.log.statemachine.data.read.timeout = 1000ms (default)
2025-05-13 08:07:28,708 [5535968c-90e6-409a-bf55-78519abc7d70-groupManagement] INFO  server.RaftServerConfigKeys (ConfUtils.java:logGet(46)) - raft.server.log.purge.preservation.log.num = 0 (default)
2025-05-13 08:07:28,714 [5535968c-90e6-409a-bf55-78519abc7d70-groupManagement] INFO  server.RaftServerConfigKeys (ConfUtils.java:logGet(46)) - raft.server.log.segment.size.max = 67108864 (custom)
2025-05-13 08:07:28,716 [5535968c-90e6-409a-bf55-78519abc7d70-groupManagement] INFO  server.RaftServerConfigKeys (ConfUtils.java:logGet(46)) - raft.server.log.segment.cache.num.max = 2 (custom)
2025-05-13 08:07:28,716 [5535968c-90e6-409a-bf55-78519abc7d70-groupManagement] INFO  server.RaftServerConfigKeys (ConfUtils.java:logGet(46)) - raft.server.log.segment.cache.size.max = 200MB (=209715200) (default)
2025-05-13 08:07:28,716 [5535968c-90e6-409a-bf55-78519abc7d70-groupManagement] INFO  server.RaftServerConfigKeys (ConfUtils.java:logGet(46)) - raft.server.log.appender.buffer.byte-limit = 33554432 (custom)
2025-05-13 08:07:28,718 [5535968c-90e6-409a-bf55-78519abc7d70-groupManagement] INFO  util.AwaitToRun (AwaitToRun.java:start(81)) - Thread[#901,5535968c-90e6-409a-bf55-78519abc7d70@group-03C39C18C99A-cacheEviction-AwaitToRun,5,main] started
2025-05-13 08:07:28,718 [5535968c-90e6-409a-bf55-78519abc7d70-groupManagement] INFO  segmented.SegmentedRaftLogWorker (SegmentedRaftLogWorker.java:<init>(188)) - new 5535968c-90e6-409a-bf55-78519abc7d70@group-03C39C18C99A-SegmentedRaftLogWorker for RaftStorageImpl:Storage Directory /home/runner/work/ozone/ozone/hadoop-ozone/integration-test-s3/target/test-dir/MiniOzoneClusterImpl-95f4eac0-24f3-44c7-8c9c-9c62d5a0e831/ozone-meta/datanode-1/ratis/fd3e81a3-c7ca-474b-b2b6-03c39c18c99a
2025-05-13 08:07:28,718 [5535968c-90e6-409a-bf55-78519abc7d70-groupManagement] INFO  server.RaftServerConfigKeys (ConfUtils.java:logGet(46)) - raft.server.log.queue.byte-limit = 4294967296 (custom)
2025-05-13 08:07:28,718 [5535968c-90e6-409a-bf55-78519abc7d70-groupManagement] INFO  server.RaftServerConfigKeys (ConfUtils.java:logGet(46)) - raft.server.log.queue.element-limit = 1024 (custom)
2025-05-13 08:07:28,718 [5535968c-90e6-409a-bf55-78519abc7d70-groupManagement] INFO  server.RaftServerConfigKeys (ConfUtils.java:logGet(46)) - raft.server.log.segment.size.max = 67108864 (custom)
2025-05-13 08:07:28,718 [5535968c-90e6-409a-bf55-78519abc7d70-groupManagement] INFO  server.RaftServerConfigKeys (ConfUtils.java:logGet(46)) - raft.server.log.preallocated.size = 4194304 (custom)
2025-05-13 08:07:28,718 [5535968c-90e6-409a-bf55-78519abc7d70-groupManagement] INFO  server.RaftServerConfigKeys (ConfUtils.java:logGet(46)) - raft.server.log.force.sync.num = 128 (default)
2025-05-13 08:07:28,718 [5535968c-90e6-409a-bf55-78519abc7d70-groupManagement] INFO  server.RaftServerConfigKeys (ConfUtils.java:logGet(46)) - raft.server.log.statemachine.data.sync = true (default)
2025-05-13 08:07:28,718 [5535968c-90e6-409a-bf55-78519abc7d70-groupManagement] INFO  server.RaftServerConfigKeys (ConfUtils.java:logGet(46)) - raft.server.log.statemachine.data.sync.timeout = 10s (default)
2025-05-13 08:07:28,719 [5535968c-90e6-409a-bf55-78519abc7d70-groupManagement] INFO  server.RaftServerConfigKeys (ConfUtils.java:logGet(46)) - raft.server.log.statemachine.data.sync.timeout.retry = 30 (custom)
2025-05-13 08:07:28,720 [5535968c-90e6-409a-bf55-78519abc7d70-groupManagement] INFO  server.RaftServerConfigKeys (ConfUtils.java:logGet(46)) - raft.server.log.write.buffer.size = 33554440 (custom)
2025-05-13 08:07:28,731 [5535968c-90e6-409a-bf55-78519abc7d70-groupManagement] INFO  server.RaftServerConfigKeys (ConfUtils.java:logGet(46)) - raft.server.log.appender.buffer.byte-limit = 33554432 (custom)
2025-05-13 08:07:28,731 [5535968c-90e6-409a-bf55-78519abc7d70-groupManagement] INFO  server.RaftServerConfigKeys (ConfUtils.java:logGet(46)) - raft.server.log.unsafe-flush.enabled = false (default)
2025-05-13 08:07:28,731 [5535968c-90e6-409a-bf55-78519abc7d70-groupManagement] INFO  server.RaftServerConfigKeys (ConfUtils.java:logGet(46)) - raft.server.log.async-flush.enabled = false (default)
2025-05-13 08:07:28,732 [5535968c-90e6-409a-bf55-78519abc7d70-groupManagement] INFO  server.RaftServerConfigKeys (ConfUtils.java:logGet(46)) - raft.server.log.statemachine.data.caching.enabled = true (custom)
2025-05-13 08:07:28,732 [5535968c-90e6-409a-bf55-78519abc7d70-groupManagement] INFO  segmented.SegmentedRaftLogWorker (SegmentedRaftLogWorker.java:lambda$new$0(139)) - 5535968c-90e6-409a-bf55-78519abc7d70@group-03C39C18C99A-SegmentedRaftLogWorker: flushIndex: setUnconditionally 0 -> -1
2025-05-13 08:07:28,732 [5535968c-90e6-409a-bf55-78519abc7d70-groupManagement] INFO  segmented.SegmentedRaftLogWorker (SegmentedRaftLogWorker.java:lambda$new$0(139)) - 5535968c-90e6-409a-bf55-78519abc7d70@group-03C39C18C99A-SegmentedRaftLogWorker: safeCacheEvictIndex: setUnconditionally 0 -> -1
2025-05-13 08:07:28,732 [5535968c-90e6-409a-bf55-78519abc7d70-groupManagement] INFO  server.RaftServer$Division (RaftServerImpl.java:start(391)) - 5535968c-90e6-409a-bf55-78519abc7d70@group-03C39C18C99A: start as a follower, conf=conf: {index: -1, cur=peers:[5535968c-90e6-409a-bf55-78519abc7d70|127.0.0.1:15015, 21150c38-a3e2-4a16-8c36-d72d8cfe1192|127.0.0.1:15031, 214a71e2-145e-48a6-8ba5-d603b385d06b|127.0.0.1:15023]|listeners:[], old=null}
2025-05-13 08:07:28,732 [5535968c-90e6-409a-bf55-78519abc7d70-groupManagement] INFO  server.RaftServer$Division (RaftServerImpl.java:setRole(378)) - 5535968c-90e6-409a-bf55-78519abc7d70@group-03C39C18C99A: changes role from      null to FOLLOWER at term 0 for startAsFollower
2025-05-13 08:07:28,732 [5535968c-90e6-409a-bf55-78519abc7d70-groupManagement] INFO  impl.RoleInfo (RoleInfo.java:updateAndGet(148)) - 5535968c-90e6-409a-bf55-78519abc7d70: start 5535968c-90e6-409a-bf55-78519abc7d70@group-03C39C18C99A-FollowerState
2025-05-13 08:07:28,736 [5535968c-90e6-409a-bf55-78519abc7d70@group-03C39C18C99A-FollowerState] INFO  server.RaftServerConfigKeys (ConfUtils.java:logGet(46)) - raft.server.rpc.first-election.timeout.min = 1000ms (custom)
2025-05-13 08:07:28,736 [5535968c-90e6-409a-bf55-78519abc7d70@group-03C39C18C99A-FollowerState] INFO  server.RaftServerConfigKeys (ConfUtils.java:logGet(46)) - raft.server.rpc.first-election.timeout.max = 1200ms (custom)
2025-05-13 08:07:28,736 [5535968c-90e6-409a-bf55-78519abc7d70-groupManagement] INFO  util.JmxRegister (JmxRegister.java:tryRegister(44)) - Successfully registered JMX Bean with object name Ratis:service=RaftServer,group=group-03C39C18C99A,id=5535968c-90e6-409a-bf55-78519abc7d70
2025-05-13 08:07:28,736 [5535968c-90e6-409a-bf55-78519abc7d70-groupManagement] INFO  util.JmxRegister (JmxRegister.java:register(58)) - register mxBean class org.apache.ratis.server.impl.RaftServerJmxAdapter as Ratis:service=RaftServer,group=group-03C39C18C99A,id=5535968c-90e6-409a-bf55-78519abc7d70
2025-05-13 08:07:28,736 [5535968c-90e6-409a-bf55-78519abc7d70-groupManagement] INFO  server.RaftServerConfigKeys (ConfUtils.java:logGet(46)) - raft.server.snapshot.trigger-when-stop.enabled = true (default)
2025-05-13 08:07:28,736 [5535968c-90e6-409a-bf55-78519abc7d70-groupManagement] INFO  server.RaftServerConfigKeys (ConfUtils.java:logGet(46)) - raft.server.snapshot.trigger-when-remove.enabled = true (default)
2025-05-13 08:07:28,736 [5535968c-90e6-409a-bf55-78519abc7d70-groupManagement] INFO  server.RaftServerConfigKeys (ConfUtils.java:logGet(46)) - raft.server.snapshot.auto.trigger.enabled = true (custom)
2025-05-13 08:07:28,736 [5535968c-90e6-409a-bf55-78519abc7d70-groupManagement] INFO  server.RaftServerConfigKeys (ConfUtils.java:logGet(46)) - raft.server.snapshot.auto.trigger.threshold = 100000 (custom)
2025-05-13 08:07:28,736 [5535968c-90e6-409a-bf55-78519abc7d70-groupManagement] INFO  server.RaftServerConfigKeys (ConfUtils.java:logGet(46)) - raft.server.snapshot.retention.file.num = 5 (custom)
2025-05-13 08:07:28,736 [5535968c-90e6-409a-bf55-78519abc7d70-groupManagement] INFO  server.RaftServerConfigKeys (ConfUtils.java:logGet(46)) - raft.server.log.purge.upto.snapshot.index = false (default)
2025-05-13 08:07:28,738 [5535968c-90e6-409a-bf55-78519abc7d70-groupManagement] INFO  server.RaftServer$Division (RaftServerImpl.java:start(405)) - 5535968c-90e6-409a-bf55-78519abc7d70@group-03C39C18C99A: Successfully started.
2025-05-13 08:07:28,741 [EventQueue-PipelineReportForOneReplicaPipelineSafeModeRule] INFO  safemode.SCMSafeModeManager (SCMSafeModeManager.java:validateSafeModeExitRules(140)) - AtleastOneDatanodeReportedRule rule is successfully validated
2025-05-13 08:07:28,742 [5535968c-90e6-409a-bf55-78519abc7d70-PipelineCommandHandlerThread-0] INFO  ratis.XceiverServerRatis (XceiverServerRatis.java:addGroup(843)) - Created group PipelineID=fd3e81a3-c7ca-474b-b2b6-03c39c18c99a
2025-05-13 08:07:28,967 [214a71e2-145e-48a6-8ba5-d603b385d06b-PipelineCommandHandlerThread-0] INFO  server.RaftServer (RaftServerProxy.java:addNew(100)) - 214a71e2-145e-48a6-8ba5-d603b385d06b: addNew group-03C39C18C99A:[5535968c-90e6-409a-bf55-78519abc7d70|127.0.0.1:15015, 21150c38-a3e2-4a16-8c36-d72d8cfe1192|127.0.0.1:15031, 214a71e2-145e-48a6-8ba5-d603b385d06b|127.0.0.1:15023] returns group-03C39C18C99A:java.util.concurrent.CompletableFuture@128fc684[Not completed]
2025-05-13 08:07:28,971 [214a71e2-145e-48a6-8ba5-d603b385d06b-groupManagement] INFO  server.RaftServer$Division (RaftServerImpl.java:<init>(255)) - 214a71e2-145e-48a6-8ba5-d603b385d06b: new RaftServerImpl for group-03C39C18C99A:[5535968c-90e6-409a-bf55-78519abc7d70|127.0.0.1:15015, 21150c38-a3e2-4a16-8c36-d72d8cfe1192|127.0.0.1:15031, 214a71e2-145e-48a6-8ba5-d603b385d06b|127.0.0.1:15023] with ContainerStateMachine:uninitialized
2025-05-13 08:07:28,971 [214a71e2-145e-48a6-8ba5-d603b385d06b-groupManagement] INFO  server.RaftServerConfigKeys (ConfUtils.java:logGet(46)) - raft.server.rpc.timeout.min = 5s (custom)
2025-05-13 08:07:28,971 [214a71e2-145e-48a6-8ba5-d603b385d06b-groupManagement] INFO  server.RaftServerConfigKeys (ConfUtils.java:logGet(46)) - raft.server.rpc.timeout.max = 5200ms (custom)
2025-05-13 08:07:28,971 [214a71e2-145e-48a6-8ba5-d603b385d06b-groupManagement] INFO  server.RaftServerConfigKeys (ConfUtils.java:logGet(46)) - raft.server.rpc.sleep.time = 25ms (default)
2025-05-13 08:07:28,971 [214a71e2-145e-48a6-8ba5-d603b385d06b-groupManagement] INFO  server.RaftServerConfigKeys (ConfUtils.java:logGet(46)) - raft.server.rpc.slowness.timeout = 300s (custom)
2025-05-13 08:07:28,971 [214a71e2-145e-48a6-8ba5-d603b385d06b-groupManagement] INFO  server.RaftServerConfigKeys (ConfUtils.java:logGet(46)) - raft.server.leaderelection.leader.step-down.wait-time = 10s (default)
2025-05-13 08:07:28,971 [214a71e2-145e-48a6-8ba5-d603b385d06b-groupManagement] INFO  server.RaftServerConfigKeys (ConfUtils.java:logGet(46)) - raft.server.leaderelection.member.majority-add = false (default)
2025-05-13 08:07:28,971 [214a71e2-145e-48a6-8ba5-d603b385d06b-groupManagement] INFO  server.RaftServerConfigKeys (ConfUtils.java:logGet(46)) - raft.server.sleep.deviation.threshold = 300ms (default)
2025-05-13 08:07:28,971 [214a71e2-145e-48a6-8ba5-d603b385d06b-groupManagement] INFO  server.RaftServer$Division (ServerState.java:<init>(114)) - 214a71e2-145e-48a6-8ba5-d603b385d06b@group-03C39C18C99A: ConfigurationManager, init=conf: {index: -1, cur=peers:[5535968c-90e6-409a-bf55-78519abc7d70|127.0.0.1:15015, 21150c38-a3e2-4a16-8c36-d72d8cfe1192|127.0.0.1:15031, 214a71e2-145e-48a6-8ba5-d603b385d06b|127.0.0.1:15023]|listeners:[], old=null}, confs=<EMPTY_MAP>
2025-05-13 08:07:28,971 [214a71e2-145e-48a6-8ba5-d603b385d06b-groupManagement] INFO  server.RaftServerConfigKeys (ConfUtils.java:logGet(46)) - raft.server.notification.no-leader.timeout = 300s (custom)
2025-05-13 08:07:28,971 [214a71e2-145e-48a6-8ba5-d603b385d06b-groupManagement] INFO  server.RaftServerConfigKeys (ConfUtils.java:logGet(46)) - raft.server.read.timeout = 10s (default)
2025-05-13 08:07:28,971 [214a71e2-145e-48a6-8ba5-d603b385d06b-groupManagement] INFO  server.RaftServerConfigKeys (ConfUtils.java:logGet(46)) - raft.server.retrycache.expirytime = 600000ms (custom)
2025-05-13 08:07:28,971 [214a71e2-145e-48a6-8ba5-d603b385d06b-groupManagement] INFO  server.RaftServerConfigKeys (ConfUtils.java:logGet(46)) - raft.server.retrycache.statistics.expirytime = 100ms (default)
2025-05-13 08:07:28,973 [214a71e2-145e-48a6-8ba5-d603b385d06b-groupManagement] INFO  server.RaftServerConfigKeys (ConfUtils.java:logGet(46)) - raft.server.read.option = DEFAULT (default)
2025-05-13 08:07:28,973 [214a71e2-145e-48a6-8ba5-d603b385d06b-groupManagement] INFO  server.RaftServerConfigKeys (ConfUtils.java:logGet(46)) - raft.server.read.read-after-write-consistent.write-index-cache.expiry-time = 60s (default)
2025-05-13 08:07:28,982 [214a71e2-145e-48a6-8ba5-d603b385d06b-groupManagement] INFO  server.RaftServerConfigKeys (ConfUtils.java:logGet(46)) - raft.server.rpc.request.timeout = 60s (custom)
2025-05-13 08:07:28,983 [214a71e2-145e-48a6-8ba5-d603b385d06b-groupManagement] INFO  server.RaftServerConfigKeys (ConfUtils.java:logGet(46)) - raft.server.log.appender.install.snapshot.enabled = false (custom)
2025-05-13 08:07:28,983 [214a71e2-145e-48a6-8ba5-d603b385d06b-groupManagement] INFO  server.RaftServerConfigKeys (ConfUtils.java:logGet(46)) - raft.server.threadpool.server.cached = true (default)
2025-05-13 08:07:28,983 [214a71e2-145e-48a6-8ba5-d603b385d06b-groupManagement] INFO  server.RaftServerConfigKeys (ConfUtils.java:logGet(46)) - raft.server.threadpool.server.size = 0 (default)
2025-05-13 08:07:28,983 [214a71e2-145e-48a6-8ba5-d603b385d06b-groupManagement] INFO  server.RaftServerConfigKeys (ConfUtils.java:logGet(46)) - raft.server.threadpool.client.cached = true (default)
2025-05-13 08:07:28,983 [214a71e2-145e-48a6-8ba5-d603b385d06b-groupManagement] INFO  server.RaftServerConfigKeys (ConfUtils.java:logGet(46)) - raft.server.threadpool.client.size = 0 (default)
2025-05-13 08:07:28,983 [214a71e2-145e-48a6-8ba5-d603b385d06b-groupManagement] INFO  server.RaftServerConfigKeys (ConfUtils.java:logGet(46)) - raft.server.storage.free-space.min = 0MB (=0) (default)
2025-05-13 08:07:28,983 [214a71e2-145e-48a6-8ba5-d603b385d06b-groupManagement] INFO  server.RaftServerConfigKeys (ConfUtils.java:logGet(46)) - raft.server.log.corruption.policy = EXCEPTION (default)
2025-05-13 08:07:28,983 [214a71e2-145e-48a6-8ba5-d603b385d06b-groupManagement] INFO  server.RaftServerConfigKeys (ConfUtils.java:logGet(46)) - raft.server.storage.dir = [/home/runner/work/ozone/ozone/hadoop-ozone/integration-test-s3/target/test-dir/MiniOzoneClusterImpl-95f4eac0-24f3-44c7-8c9c-9c62d5a0e831/ozone-meta/datanode-2/ratis] (custom)
2025-05-13 08:07:28,983 [214a71e2-145e-48a6-8ba5-d603b385d06b-groupManagement] INFO  storage.RaftStorageDirectory (RaftStorageDirectoryImpl.java:analyzeStorage(138)) - The storage directory /home/runner/work/ozone/ozone/hadoop-ozone/integration-test-s3/target/test-dir/MiniOzoneClusterImpl-95f4eac0-24f3-44c7-8c9c-9c62d5a0e831/ozone-meta/datanode-2/ratis/fd3e81a3-c7ca-474b-b2b6-03c39c18c99a does not exist. Creating ...
2025-05-13 08:07:28,989 [214a71e2-145e-48a6-8ba5-d603b385d06b-groupManagement] INFO  storage.RaftStorageDirectory (RaftStorageDirectoryImpl.java:tryLock(229)) - Lock on /home/runner/work/ozone/ozone/hadoop-ozone/integration-test-s3/target/test-dir/MiniOzoneClusterImpl-95f4eac0-24f3-44c7-8c9c-9c62d5a0e831/ozone-meta/datanode-2/ratis/fd3e81a3-c7ca-474b-b2b6-03c39c18c99a/in_use.lock acquired by nodename 70907@pkrvmberfyhpb9w
2025-05-13 08:07:28,991 [214a71e2-145e-48a6-8ba5-d603b385d06b-groupManagement] INFO  storage.RaftStorage (RaftStorageImpl.java:format(98)) - Storage directory /home/runner/work/ozone/ozone/hadoop-ozone/integration-test-s3/target/test-dir/MiniOzoneClusterImpl-95f4eac0-24f3-44c7-8c9c-9c62d5a0e831/ozone-meta/datanode-2/ratis/fd3e81a3-c7ca-474b-b2b6-03c39c18c99a has been successfully formatted.
2025-05-13 08:07:28,992 [214a71e2-145e-48a6-8ba5-d603b385d06b-groupManagement] INFO  ratis.ContainerStateMachine (ContainerStateMachine.java:initialize(339)) - 214a71e2-145e-48a6-8ba5-d603b385d06b: initialize group-03C39C18C99A
2025-05-13 08:07:28,995 [214a71e2-145e-48a6-8ba5-d603b385d06b-groupManagement] INFO  ratis.ContainerStateMachine (ContainerStateMachine.java:loadSnapshot(347)) - group-03C39C18C99A: The snapshot info is null. Setting the last applied index to:(t:0, i:~)
2025-05-13 08:07:28,995 [214a71e2-145e-48a6-8ba5-d603b385d06b-groupManagement] INFO  server.RaftServerConfigKeys (ConfUtils.java:logGet(46)) - raft.server.log.use.memory = false (default)
2025-05-13 08:07:28,995 [214a71e2-145e-48a6-8ba5-d603b385d06b-groupManagement] INFO  server.RaftServerConfigKeys (ConfUtils.java:logGet(46)) - raft.server.log.purge.gap = 1000000 (custom)
2025-05-13 08:07:28,995 [214a71e2-145e-48a6-8ba5-d603b385d06b-groupManagement] INFO  server.RaftServerConfigKeys (ConfUtils.java:logGet(46)) - raft.server.log.appender.buffer.byte-limit = 33554432 (custom)
2025-05-13 08:07:28,995 [214a71e2-145e-48a6-8ba5-d603b385d06b-groupManagement] INFO  server.RaftServerConfigKeys (ConfUtils.java:logGet(46)) - raft.server.log.statemachine.data.read.timeout = 1000ms (default)
2025-05-13 08:07:28,995 [214a71e2-145e-48a6-8ba5-d603b385d06b-groupManagement] INFO  server.RaftServerConfigKeys (ConfUtils.java:logGet(46)) - raft.server.log.purge.preservation.log.num = 0 (default)
2025-05-13 08:07:28,998 [EventQueue-PipelineReportForOneReplicaPipelineSafeModeRule] INFO  safemode.SCMSafeModeManager (SCMSafeModeManager.java:validateSafeModeExitRules(140)) - AtleastOneDatanodeReportedRule rule is successfully validated
2025-05-13 08:07:29,002 [214a71e2-145e-48a6-8ba5-d603b385d06b-groupManagement] INFO  server.RaftServerConfigKeys (ConfUtils.java:logGet(46)) - raft.server.log.segment.size.max = 67108864 (custom)
2025-05-13 08:07:29,002 [214a71e2-145e-48a6-8ba5-d603b385d06b-groupManagement] INFO  server.RaftServerConfigKeys (ConfUtils.java:logGet(46)) - raft.server.log.segment.cache.num.max = 2 (custom)
2025-05-13 08:07:29,002 [214a71e2-145e-48a6-8ba5-d603b385d06b-groupManagement] INFO  server.RaftServerConfigKeys (ConfUtils.java:logGet(46)) - raft.server.log.segment.cache.size.max = 200MB (=209715200) (default)
2025-05-13 08:07:29,003 [214a71e2-145e-48a6-8ba5-d603b385d06b-groupManagement] INFO  server.RaftServerConfigKeys (ConfUtils.java:logGet(46)) - raft.server.log.appender.buffer.byte-limit = 33554432 (custom)
2025-05-13 08:07:29,007 [214a71e2-145e-48a6-8ba5-d603b385d06b-groupManagement] INFO  util.AwaitToRun (AwaitToRun.java:start(81)) - Thread[#911,214a71e2-145e-48a6-8ba5-d603b385d06b@group-03C39C18C99A-cacheEviction-AwaitToRun,5,main] started
2025-05-13 08:07:29,008 [214a71e2-145e-48a6-8ba5-d603b385d06b-groupManagement] INFO  segmented.SegmentedRaftLogWorker (SegmentedRaftLogWorker.java:<init>(188)) - new 214a71e2-145e-48a6-8ba5-d603b385d06b@group-03C39C18C99A-SegmentedRaftLogWorker for RaftStorageImpl:Storage Directory /home/runner/work/ozone/ozone/hadoop-ozone/integration-test-s3/target/test-dir/MiniOzoneClusterImpl-95f4eac0-24f3-44c7-8c9c-9c62d5a0e831/ozone-meta/datanode-2/ratis/fd3e81a3-c7ca-474b-b2b6-03c39c18c99a
2025-05-13 08:07:29,008 [214a71e2-145e-48a6-8ba5-d603b385d06b-groupManagement] INFO  server.RaftServerConfigKeys (ConfUtils.java:logGet(46)) - raft.server.log.queue.byte-limit = 4294967296 (custom)
2025-05-13 08:07:29,008 [214a71e2-145e-48a6-8ba5-d603b385d06b-groupManagement] INFO  server.RaftServerConfigKeys (ConfUtils.java:logGet(46)) - raft.server.log.queue.element-limit = 1024 (custom)
2025-05-13 08:07:29,008 [214a71e2-145e-48a6-8ba5-d603b385d06b-groupManagement] INFO  server.RaftServerConfigKeys (ConfUtils.java:logGet(46)) - raft.server.log.segment.size.max = 67108864 (custom)
2025-05-13 08:07:29,008 [214a71e2-145e-48a6-8ba5-d603b385d06b-groupManagement] INFO  server.RaftServerConfigKeys (ConfUtils.java:logGet(46)) - raft.server.log.preallocated.size = 4194304 (custom)
2025-05-13 08:07:29,008 [214a71e2-145e-48a6-8ba5-d603b385d06b-groupManagement] INFO  server.RaftServerConfigKeys (ConfUtils.java:logGet(46)) - raft.server.log.force.sync.num = 128 (default)
2025-05-13 08:07:29,008 [214a71e2-145e-48a6-8ba5-d603b385d06b-groupManagement] INFO  server.RaftServerConfigKeys (ConfUtils.java:logGet(46)) - raft.server.log.statemachine.data.sync = true (default)
2025-05-13 08:07:29,008 [214a71e2-145e-48a6-8ba5-d603b385d06b-groupManagement] INFO  server.RaftServerConfigKeys (ConfUtils.java:logGet(46)) - raft.server.log.statemachine.data.sync.timeout = 10s (default)
2025-05-13 08:07:29,008 [214a71e2-145e-48a6-8ba5-d603b385d06b-groupManagement] INFO  server.RaftServerConfigKeys (ConfUtils.java:logGet(46)) - raft.server.log.statemachine.data.sync.timeout.retry = 30 (custom)
2025-05-13 08:07:29,012 [214a71e2-145e-48a6-8ba5-d603b385d06b-groupManagement] INFO  server.RaftServerConfigKeys (ConfUtils.java:logGet(46)) - raft.server.log.write.buffer.size = 33554440 (custom)
2025-05-13 08:07:29,019 [214a71e2-145e-48a6-8ba5-d603b385d06b-groupManagement] INFO  server.RaftServerConfigKeys (ConfUtils.java:logGet(46)) - raft.server.log.appender.buffer.byte-limit = 33554432 (custom)
2025-05-13 08:07:29,020 [214a71e2-145e-48a6-8ba5-d603b385d06b-groupManagement] INFO  server.RaftServerConfigKeys (ConfUtils.java:logGet(46)) - raft.server.log.unsafe-flush.enabled = false (default)
2025-05-13 08:07:29,021 [214a71e2-145e-48a6-8ba5-d603b385d06b-groupManagement] INFO  server.RaftServerConfigKeys (ConfUtils.java:logGet(46)) - raft.server.log.async-flush.enabled = false (default)
2025-05-13 08:07:29,022 [214a71e2-145e-48a6-8ba5-d603b385d06b-groupManagement] INFO  server.RaftServerConfigKeys (ConfUtils.java:logGet(46)) - raft.server.log.statemachine.data.caching.enabled = true (custom)
2025-05-13 08:07:29,025 [214a71e2-145e-48a6-8ba5-d603b385d06b-groupManagement] INFO  segmented.SegmentedRaftLogWorker (SegmentedRaftLogWorker.java:lambda$new$0(139)) - 214a71e2-145e-48a6-8ba5-d603b385d06b@group-03C39C18C99A-SegmentedRaftLogWorker: flushIndex: setUnconditionally 0 -> -1
2025-05-13 08:07:29,025 [214a71e2-145e-48a6-8ba5-d603b385d06b-groupManagement] INFO  segmented.SegmentedRaftLogWorker (SegmentedRaftLogWorker.java:lambda$new$0(139)) - 214a71e2-145e-48a6-8ba5-d603b385d06b@group-03C39C18C99A-SegmentedRaftLogWorker: safeCacheEvictIndex: setUnconditionally 0 -> -1
2025-05-13 08:07:29,026 [214a71e2-145e-48a6-8ba5-d603b385d06b-groupManagement] INFO  server.RaftServer$Division (RaftServerImpl.java:start(391)) - 214a71e2-145e-48a6-8ba5-d603b385d06b@group-03C39C18C99A: start as a follower, conf=conf: {index: -1, cur=peers:[5535968c-90e6-409a-bf55-78519abc7d70|127.0.0.1:15015, 21150c38-a3e2-4a16-8c36-d72d8cfe1192|127.0.0.1:15031, 214a71e2-145e-48a6-8ba5-d603b385d06b|127.0.0.1:15023]|listeners:[], old=null}
2025-05-13 08:07:29,026 [214a71e2-145e-48a6-8ba5-d603b385d06b-groupManagement] INFO  server.RaftServer$Division (RaftServerImpl.java:setRole(378)) - 214a71e2-145e-48a6-8ba5-d603b385d06b@group-03C39C18C99A: changes role from      null to FOLLOWER at term 0 for startAsFollower
2025-05-13 08:07:29,026 [214a71e2-145e-48a6-8ba5-d603b385d06b-groupManagement] INFO  impl.RoleInfo (RoleInfo.java:updateAndGet(148)) - 214a71e2-145e-48a6-8ba5-d603b385d06b: start 214a71e2-145e-48a6-8ba5-d603b385d06b@group-03C39C18C99A-FollowerState
2025-05-13 08:07:29,028 [214a71e2-145e-48a6-8ba5-d603b385d06b@group-03C39C18C99A-FollowerState] INFO  server.RaftServerConfigKeys (ConfUtils.java:logGet(46)) - raft.server.rpc.first-election.timeout.min = 1000ms (custom)
2025-05-13 08:07:29,028 [214a71e2-145e-48a6-8ba5-d603b385d06b-groupManagement] INFO  util.JmxRegister (JmxRegister.java:tryRegister(44)) - Successfully registered JMX Bean with object name Ratis:service=RaftServer,group=group-03C39C18C99A,id=214a71e2-145e-48a6-8ba5-d603b385d06b
2025-05-13 08:07:29,028 [214a71e2-145e-48a6-8ba5-d603b385d06b@group-03C39C18C99A-FollowerState] INFO  server.RaftServerConfigKeys (ConfUtils.java:logGet(46)) - raft.server.rpc.first-election.timeout.max = 1200ms (custom)
2025-05-13 08:07:29,028 [214a71e2-145e-48a6-8ba5-d603b385d06b-groupManagement] INFO  util.JmxRegister (JmxRegister.java:register(58)) - register mxBean class org.apache.ratis.server.impl.RaftServerJmxAdapter as Ratis:service=RaftServer,group=group-03C39C18C99A,id=214a71e2-145e-48a6-8ba5-d603b385d06b
2025-05-13 08:07:29,028 [214a71e2-145e-48a6-8ba5-d603b385d06b-groupManagement] INFO  server.RaftServerConfigKeys (ConfUtils.java:logGet(46)) - raft.server.snapshot.trigger-when-stop.enabled = true (default)
2025-05-13 08:07:29,028 [214a71e2-145e-48a6-8ba5-d603b385d06b-groupManagement] INFO  server.RaftServerConfigKeys (ConfUtils.java:logGet(46)) - raft.server.snapshot.trigger-when-remove.enabled = true (default)
2025-05-13 08:07:29,028 [214a71e2-145e-48a6-8ba5-d603b385d06b-groupManagement] INFO  server.RaftServerConfigKeys (ConfUtils.java:logGet(46)) - raft.server.snapshot.auto.trigger.enabled = true (custom)
2025-05-13 08:07:29,028 [214a71e2-145e-48a6-8ba5-d603b385d06b-groupManagement] INFO  server.RaftServerConfigKeys (ConfUtils.java:logGet(46)) - raft.server.snapshot.auto.trigger.threshold = 100000 (custom)
2025-05-13 08:07:29,028 [214a71e2-145e-48a6-8ba5-d603b385d06b-groupManagement] INFO  server.RaftServerConfigKeys (ConfUtils.java:logGet(46)) - raft.server.snapshot.retention.file.num = 5 (custom)
2025-05-13 08:07:29,028 [214a71e2-145e-48a6-8ba5-d603b385d06b-groupManagement] INFO  server.RaftServerConfigKeys (ConfUtils.java:logGet(46)) - raft.server.log.purge.upto.snapshot.index = false (default)
2025-05-13 08:07:29,030 [214a71e2-145e-48a6-8ba5-d603b385d06b-groupManagement] INFO  server.RaftServer$Division (RaftServerImpl.java:start(405)) - 214a71e2-145e-48a6-8ba5-d603b385d06b@group-03C39C18C99A: Successfully started.
2025-05-13 08:07:29,031 [214a71e2-145e-48a6-8ba5-d603b385d06b-PipelineCommandHandlerThread-0] INFO  ratis.XceiverServerRatis (XceiverServerRatis.java:addGroup(843)) - Created group PipelineID=fd3e81a3-c7ca-474b-b2b6-03c39c18c99a
2025-05-13 08:07:29,265 [grpc-default-executor-1] INFO  server.RaftServer (RaftServerProxy.java:addNew(100)) - 21150c38-a3e2-4a16-8c36-d72d8cfe1192: addNew group-03C39C18C99A:[5535968c-90e6-409a-bf55-78519abc7d70|127.0.0.1:15015, 21150c38-a3e2-4a16-8c36-d72d8cfe1192|127.0.0.1:15031, 214a71e2-145e-48a6-8ba5-d603b385d06b|127.0.0.1:15023] returns group-03C39C18C99A:java.util.concurrent.CompletableFuture@75e847d8[Not completed]
2025-05-13 08:07:29,268 [21150c38-a3e2-4a16-8c36-d72d8cfe1192-groupManagement] INFO  server.RaftServer$Division (RaftServerImpl.java:<init>(255)) - 21150c38-a3e2-4a16-8c36-d72d8cfe1192: new RaftServerImpl for group-03C39C18C99A:[5535968c-90e6-409a-bf55-78519abc7d70|127.0.0.1:15015, 21150c38-a3e2-4a16-8c36-d72d8cfe1192|127.0.0.1:15031, 214a71e2-145e-48a6-8ba5-d603b385d06b|127.0.0.1:15023] with ContainerStateMachine:uninitialized
2025-05-13 08:07:29,268 [21150c38-a3e2-4a16-8c36-d72d8cfe1192-groupManagement] INFO  server.RaftServerConfigKeys (ConfUtils.java:logGet(46)) - raft.server.rpc.timeout.min = 5s (custom)
2025-05-13 08:07:29,268 [21150c38-a3e2-4a16-8c36-d72d8cfe1192-groupManagement] INFO  server.RaftServerConfigKeys (ConfUtils.java:logGet(46)) - raft.server.rpc.timeout.max = 5200ms (custom)
2025-05-13 08:07:29,268 [21150c38-a3e2-4a16-8c36-d72d8cfe1192-groupManagement] INFO  server.RaftServerConfigKeys (ConfUtils.java:logGet(46)) - raft.server.rpc.sleep.time = 25ms (default)
2025-05-13 08:07:29,268 [21150c38-a3e2-4a16-8c36-d72d8cfe1192-groupManagement] INFO  server.RaftServerConfigKeys (ConfUtils.java:logGet(46)) - raft.server.rpc.slowness.timeout = 300s (custom)
2025-05-13 08:07:29,268 [21150c38-a3e2-4a16-8c36-d72d8cfe1192-groupManagement] INFO  server.RaftServerConfigKeys (ConfUtils.java:logGet(46)) - raft.server.leaderelection.leader.step-down.wait-time = 10s (default)
2025-05-13 08:07:29,268 [21150c38-a3e2-4a16-8c36-d72d8cfe1192-groupManagement] INFO  server.RaftServerConfigKeys (ConfUtils.java:logGet(46)) - raft.server.leaderelection.member.majority-add = false (default)
2025-05-13 08:07:29,268 [21150c38-a3e2-4a16-8c36-d72d8cfe1192-groupManagement] INFO  server.RaftServerConfigKeys (ConfUtils.java:logGet(46)) - raft.server.sleep.deviation.threshold = 300ms (default)
2025-05-13 08:07:29,268 [21150c38-a3e2-4a16-8c36-d72d8cfe1192-groupManagement] INFO  server.RaftServer$Division (ServerState.java:<init>(114)) - 21150c38-a3e2-4a16-8c36-d72d8cfe1192@group-03C39C18C99A: ConfigurationManager, init=conf: {index: -1, cur=peers:[5535968c-90e6-409a-bf55-78519abc7d70|127.0.0.1:15015, 21150c38-a3e2-4a16-8c36-d72d8cfe1192|127.0.0.1:15031, 214a71e2-145e-48a6-8ba5-d603b385d06b|127.0.0.1:15023]|listeners:[], old=null}, confs=<EMPTY_MAP>
2025-05-13 08:07:29,268 [21150c38-a3e2-4a16-8c36-d72d8cfe1192-groupManagement] INFO  server.RaftServerConfigKeys (ConfUtils.java:logGet(46)) - raft.server.notification.no-leader.timeout = 300s (custom)
2025-05-13 08:07:29,268 [21150c38-a3e2-4a16-8c36-d72d8cfe1192-groupManagement] INFO  server.RaftServerConfigKeys (ConfUtils.java:logGet(46)) - raft.server.read.timeout = 10s (default)
2025-05-13 08:07:29,268 [21150c38-a3e2-4a16-8c36-d72d8cfe1192-groupManagement] INFO  server.RaftServerConfigKeys (ConfUtils.java:logGet(46)) - raft.server.retrycache.expirytime = 600000ms (custom)
2025-05-13 08:07:29,268 [21150c38-a3e2-4a16-8c36-d72d8cfe1192-groupManagement] INFO  server.RaftServerConfigKeys (ConfUtils.java:logGet(46)) - raft.server.retrycache.statistics.expirytime = 100ms (default)
2025-05-13 08:07:29,269 [21150c38-a3e2-4a16-8c36-d72d8cfe1192-groupManagement] INFO  server.RaftServerConfigKeys (ConfUtils.java:logGet(46)) - raft.server.read.option = DEFAULT (default)
2025-05-13 08:07:29,269 [21150c38-a3e2-4a16-8c36-d72d8cfe1192-groupManagement] INFO  server.RaftServerConfigKeys (ConfUtils.java:logGet(46)) - raft.server.read.read-after-write-consistent.write-index-cache.expiry-time = 60s (default)
2025-05-13 08:07:29,274 [21150c38-a3e2-4a16-8c36-d72d8cfe1192-groupManagement] INFO  server.RaftServerConfigKeys (ConfUtils.java:logGet(46)) - raft.server.rpc.request.timeout = 60s (custom)
2025-05-13 08:07:29,274 [21150c38-a3e2-4a16-8c36-d72d8cfe1192-groupManagement] INFO  server.RaftServerConfigKeys (ConfUtils.java:logGet(46)) - raft.server.log.appender.install.snapshot.enabled = false (custom)
2025-05-13 08:07:29,274 [21150c38-a3e2-4a16-8c36-d72d8cfe1192-groupManagement] INFO  server.RaftServerConfigKeys (ConfUtils.java:logGet(46)) - raft.server.threadpool.server.cached = true (default)
2025-05-13 08:07:29,274 [21150c38-a3e2-4a16-8c36-d72d8cfe1192-groupManagement] INFO  server.RaftServerConfigKeys (ConfUtils.java:logGet(46)) - raft.server.threadpool.server.size = 0 (default)
2025-05-13 08:07:29,274 [21150c38-a3e2-4a16-8c36-d72d8cfe1192-groupManagement] INFO  server.RaftServerConfigKeys (ConfUtils.java:logGet(46)) - raft.server.threadpool.client.cached = true (default)
2025-05-13 08:07:29,274 [21150c38-a3e2-4a16-8c36-d72d8cfe1192-groupManagement] INFO  server.RaftServerConfigKeys (ConfUtils.java:logGet(46)) - raft.server.threadpool.client.size = 0 (default)
2025-05-13 08:07:29,274 [21150c38-a3e2-4a16-8c36-d72d8cfe1192-groupManagement] INFO  server.RaftServerConfigKeys (ConfUtils.java:logGet(46)) - raft.server.storage.free-space.min = 0MB (=0) (default)
2025-05-13 08:07:29,274 [21150c38-a3e2-4a16-8c36-d72d8cfe1192-groupManagement] INFO  server.RaftServerConfigKeys (ConfUtils.java:logGet(46)) - raft.server.log.corruption.policy = EXCEPTION (default)
2025-05-13 08:07:29,274 [21150c38-a3e2-4a16-8c36-d72d8cfe1192-groupManagement] INFO  server.RaftServerConfigKeys (ConfUtils.java:logGet(46)) - raft.server.storage.dir = [/home/runner/work/ozone/ozone/hadoop-ozone/integration-test-s3/target/test-dir/MiniOzoneClusterImpl-95f4eac0-24f3-44c7-8c9c-9c62d5a0e831/ozone-meta/datanode-3/ratis] (custom)
2025-05-13 08:07:29,275 [21150c38-a3e2-4a16-8c36-d72d8cfe1192-groupManagement] INFO  storage.RaftStorageDirectory (RaftStorageDirectoryImpl.java:analyzeStorage(138)) - The storage directory /home/runner/work/ozone/ozone/hadoop-ozone/integration-test-s3/target/test-dir/MiniOzoneClusterImpl-95f4eac0-24f3-44c7-8c9c-9c62d5a0e831/ozone-meta/datanode-3/ratis/fd3e81a3-c7ca-474b-b2b6-03c39c18c99a does not exist. Creating ...
2025-05-13 08:07:29,277 [21150c38-a3e2-4a16-8c36-d72d8cfe1192-groupManagement] INFO  storage.RaftStorageDirectory (RaftStorageDirectoryImpl.java:tryLock(229)) - Lock on /home/runner/work/ozone/ozone/hadoop-ozone/integration-test-s3/target/test-dir/MiniOzoneClusterImpl-95f4eac0-24f3-44c7-8c9c-9c62d5a0e831/ozone-meta/datanode-3/ratis/fd3e81a3-c7ca-474b-b2b6-03c39c18c99a/in_use.lock acquired by nodename 70907@pkrvmberfyhpb9w
2025-05-13 08:07:29,279 [21150c38-a3e2-4a16-8c36-d72d8cfe1192-groupManagement] INFO  storage.RaftStorage (RaftStorageImpl.java:format(98)) - Storage directory /home/runner/work/ozone/ozone/hadoop-ozone/integration-test-s3/target/test-dir/MiniOzoneClusterImpl-95f4eac0-24f3-44c7-8c9c-9c62d5a0e831/ozone-meta/datanode-3/ratis/fd3e81a3-c7ca-474b-b2b6-03c39c18c99a has been successfully formatted.
2025-05-13 08:07:29,279 [21150c38-a3e2-4a16-8c36-d72d8cfe1192-groupManagement] INFO  ratis.ContainerStateMachine (ContainerStateMachine.java:initialize(339)) - 21150c38-a3e2-4a16-8c36-d72d8cfe1192: initialize group-03C39C18C99A
2025-05-13 08:07:29,279 [21150c38-a3e2-4a16-8c36-d72d8cfe1192-groupManagement] INFO  ratis.ContainerStateMachine (ContainerStateMachine.java:loadSnapshot(347)) - group-03C39C18C99A: The snapshot info is null. Setting the last applied index to:(t:0, i:~)
2025-05-13 08:07:29,279 [21150c38-a3e2-4a16-8c36-d72d8cfe1192-groupManagement] INFO  server.RaftServerConfigKeys (ConfUtils.java:logGet(46)) - raft.server.log.use.memory = false (default)
2025-05-13 08:07:29,280 [21150c38-a3e2-4a16-8c36-d72d8cfe1192-groupManagement] INFO  server.RaftServerConfigKeys (ConfUtils.java:logGet(46)) - raft.server.log.purge.gap = 1000000 (custom)
2025-05-13 08:07:29,280 [21150c38-a3e2-4a16-8c36-d72d8cfe1192-groupManagement] INFO  server.RaftServerConfigKeys (ConfUtils.java:logGet(46)) - raft.server.log.appender.buffer.byte-limit = 33554432 (custom)
2025-05-13 08:07:29,281 [21150c38-a3e2-4a16-8c36-d72d8cfe1192-groupManagement] INFO  server.RaftServerConfigKeys (ConfUtils.java:logGet(46)) - raft.server.log.statemachine.data.read.timeout = 1000ms (default)
2025-05-13 08:07:29,281 [21150c38-a3e2-4a16-8c36-d72d8cfe1192-groupManagement] INFO  server.RaftServerConfigKeys (ConfUtils.java:logGet(46)) - raft.server.log.purge.preservation.log.num = 0 (default)
2025-05-13 08:07:29,283 [EventQueue-PipelineReportForOneReplicaPipelineSafeModeRule] INFO  safemode.SCMSafeModeManager (SCMSafeModeManager.java:validateSafeModeExitRules(140)) - AtleastOneDatanodeReportedRule rule is successfully validated
2025-05-13 08:07:29,286 [21150c38-a3e2-4a16-8c36-d72d8cfe1192-groupManagement] INFO  server.RaftServerConfigKeys (ConfUtils.java:logGet(46)) - raft.server.log.segment.size.max = 67108864 (custom)
2025-05-13 08:07:29,287 [21150c38-a3e2-4a16-8c36-d72d8cfe1192-groupManagement] INFO  server.RaftServerConfigKeys (ConfUtils.java:logGet(46)) - raft.server.log.segment.cache.num.max = 2 (custom)
2025-05-13 08:07:29,287 [21150c38-a3e2-4a16-8c36-d72d8cfe1192-groupManagement] INFO  server.RaftServerConfigKeys (ConfUtils.java:logGet(46)) - raft.server.log.segment.cache.size.max = 200MB (=209715200) (default)
2025-05-13 08:07:29,287 [21150c38-a3e2-4a16-8c36-d72d8cfe1192-groupManagement] INFO  server.RaftServerConfigKeys (ConfUtils.java:logGet(46)) - raft.server.log.appender.buffer.byte-limit = 33554432 (custom)
2025-05-13 08:07:29,288 [21150c38-a3e2-4a16-8c36-d72d8cfe1192-groupManagement] INFO  util.AwaitToRun (AwaitToRun.java:start(81)) - Thread[#927,21150c38-a3e2-4a16-8c36-d72d8cfe1192@group-03C39C18C99A-cacheEviction-AwaitToRun,5,main] started
2025-05-13 08:07:29,288 [21150c38-a3e2-4a16-8c36-d72d8cfe1192-groupManagement] INFO  segmented.SegmentedRaftLogWorker (SegmentedRaftLogWorker.java:<init>(188)) - new 21150c38-a3e2-4a16-8c36-d72d8cfe1192@group-03C39C18C99A-SegmentedRaftLogWorker for RaftStorageImpl:Storage Directory /home/runner/work/ozone/ozone/hadoop-ozone/integration-test-s3/target/test-dir/MiniOzoneClusterImpl-95f4eac0-24f3-44c7-8c9c-9c62d5a0e831/ozone-meta/datanode-3/ratis/fd3e81a3-c7ca-474b-b2b6-03c39c18c99a
2025-05-13 08:07:29,288 [21150c38-a3e2-4a16-8c36-d72d8cfe1192-groupManagement] INFO  server.RaftServerConfigKeys (ConfUtils.java:logGet(46)) - raft.server.log.queue.byte-limit = 4294967296 (custom)
2025-05-13 08:07:29,288 [21150c38-a3e2-4a16-8c36-d72d8cfe1192-groupManagement] INFO  server.RaftServerConfigKeys (ConfUtils.java:logGet(46)) - raft.server.log.queue.element-limit = 1024 (custom)
2025-05-13 08:07:29,288 [21150c38-a3e2-4a16-8c36-d72d8cfe1192-groupManagement] INFO  server.RaftServerConfigKeys (ConfUtils.java:logGet(46)) - raft.server.log.segment.size.max = 67108864 (custom)
2025-05-13 08:07:29,288 [21150c38-a3e2-4a16-8c36-d72d8cfe1192-groupManagement] INFO  server.RaftServerConfigKeys (ConfUtils.java:logGet(46)) - raft.server.log.preallocated.size = 4194304 (custom)
2025-05-13 08:07:29,289 [21150c38-a3e2-4a16-8c36-d72d8cfe1192-groupManagement] INFO  server.RaftServerConfigKeys (ConfUtils.java:logGet(46)) - raft.server.log.force.sync.num = 128 (default)
2025-05-13 08:07:29,289 [21150c38-a3e2-4a16-8c36-d72d8cfe1192-groupManagement] INFO  server.RaftServerConfigKeys (ConfUtils.java:logGet(46)) - raft.server.log.statemachine.data.sync = true (default)
2025-05-13 08:07:29,289 [21150c38-a3e2-4a16-8c36-d72d8cfe1192-groupManagement] INFO  server.RaftServerConfigKeys (ConfUtils.java:logGet(46)) - raft.server.log.statemachine.data.sync.timeout = 10s (default)
2025-05-13 08:07:29,289 [21150c38-a3e2-4a16-8c36-d72d8cfe1192-groupManagement] INFO  server.RaftServerConfigKeys (ConfUtils.java:logGet(46)) - raft.server.log.statemachine.data.sync.timeout.retry = 30 (custom)
2025-05-13 08:07:29,290 [21150c38-a3e2-4a16-8c36-d72d8cfe1192-groupManagement] INFO  server.RaftServerConfigKeys (ConfUtils.java:logGet(46)) - raft.server.log.write.buffer.size = 33554440 (custom)
2025-05-13 08:07:29,294 [214a71e2-145e-48a6-8ba5-d603b385d06b-PipelineCommandHandlerThread-0] INFO  commandhandler.CreatePipelineCommandHandler (CreatePipelineCommandHandler.java:lambda$handle$2(128)) - Created Pipeline RATIS THREE PipelineID=fd3e81a3-c7ca-474b-b2b6-03c39c18c99a.
2025-05-13 08:07:29,295 [214a71e2-145e-48a6-8ba5-d603b385d06b-PipelineCommandHandlerThread-0] INFO  server.RaftServer (RaftServerProxy.java:addNew(100)) - 214a71e2-145e-48a6-8ba5-d603b385d06b: addNew group-208911670023:[5535968c-90e6-409a-bf55-78519abc7d70|127.0.0.1:15015, 21150c38-a3e2-4a16-8c36-d72d8cfe1192|127.0.0.1:15031, 214a71e2-145e-48a6-8ba5-d603b385d06b|127.0.0.1:15023] returns group-208911670023:java.util.concurrent.CompletableFuture@52451156[Not completed]
2025-05-13 08:07:29,299 [214a71e2-145e-48a6-8ba5-d603b385d06b-groupManagement] INFO  server.RaftServer$Division (RaftServerImpl.java:<init>(255)) - 214a71e2-145e-48a6-8ba5-d603b385d06b: new RaftServerImpl for group-208911670023:[5535968c-90e6-409a-bf55-78519abc7d70|127.0.0.1:15015, 21150c38-a3e2-4a16-8c36-d72d8cfe1192|127.0.0.1:15031, 214a71e2-145e-48a6-8ba5-d603b385d06b|127.0.0.1:15023] with ContainerStateMachine:uninitialized
2025-05-13 08:07:29,299 [214a71e2-145e-48a6-8ba5-d603b385d06b-groupManagement] INFO  server.RaftServerConfigKeys (ConfUtils.java:logGet(46)) - raft.server.rpc.timeout.min = 5s (custom)
2025-05-13 08:07:29,299 [214a71e2-145e-48a6-8ba5-d603b385d06b-groupManagement] INFO  server.RaftServerConfigKeys (ConfUtils.java:logGet(46)) - raft.server.rpc.timeout.max = 5200ms (custom)
2025-05-13 08:07:29,299 [214a71e2-145e-48a6-8ba5-d603b385d06b-groupManagement] INFO  server.RaftServerConfigKeys (ConfUtils.java:logGet(46)) - raft.server.rpc.sleep.time = 25ms (default)
2025-05-13 08:07:29,299 [214a71e2-145e-48a6-8ba5-d603b385d06b-groupManagement] INFO  server.RaftServerConfigKeys (ConfUtils.java:logGet(46)) - raft.server.rpc.slowness.timeout = 300s (custom)
2025-05-13 08:07:29,299 [214a71e2-145e-48a6-8ba5-d603b385d06b-groupManagement] INFO  server.RaftServerConfigKeys (ConfUtils.java:logGet(46)) - raft.server.leaderelection.leader.step-down.wait-time = 10s (default)
2025-05-13 08:07:29,301 [214a71e2-145e-48a6-8ba5-d603b385d06b-groupManagement] INFO  server.RaftServerConfigKeys (ConfUtils.java:logGet(46)) - raft.server.leaderelection.member.majority-add = false (default)
2025-05-13 08:07:29,301 [214a71e2-145e-48a6-8ba5-d603b385d06b-groupManagement] INFO  server.RaftServerConfigKeys (ConfUtils.java:logGet(46)) - raft.server.sleep.deviation.threshold = 300ms (default)
2025-05-13 08:07:29,301 [214a71e2-145e-48a6-8ba5-d603b385d06b-groupManagement] INFO  server.RaftServer$Division (ServerState.java:<init>(114)) - 214a71e2-145e-48a6-8ba5-d603b385d06b@group-208911670023: ConfigurationManager, init=conf: {index: -1, cur=peers:[5535968c-90e6-409a-bf55-78519abc7d70|127.0.0.1:15015, 21150c38-a3e2-4a16-8c36-d72d8cfe1192|127.0.0.1:15031, 214a71e2-145e-48a6-8ba5-d603b385d06b|127.0.0.1:15023]|listeners:[], old=null}, confs=<EMPTY_MAP>
2025-05-13 08:07:29,302 [214a71e2-145e-48a6-8ba5-d603b385d06b-groupManagement] INFO  server.RaftServerConfigKeys (ConfUtils.java:logGet(46)) - raft.server.notification.no-leader.timeout = 300s (custom)
2025-05-13 08:07:29,302 [214a71e2-145e-48a6-8ba5-d603b385d06b-groupManagement] INFO  server.RaftServerConfigKeys (ConfUtils.java:logGet(46)) - raft.server.read.timeout = 10s (default)
2025-05-13 08:07:29,302 [214a71e2-145e-48a6-8ba5-d603b385d06b-groupManagement] INFO  server.RaftServerConfigKeys (ConfUtils.java:logGet(46)) - raft.server.retrycache.expirytime = 600000ms (custom)
2025-05-13 08:07:29,302 [214a71e2-145e-48a6-8ba5-d603b385d06b-groupManagement] INFO  server.RaftServerConfigKeys (ConfUtils.java:logGet(46)) - raft.server.retrycache.statistics.expirytime = 100ms (default)
2025-05-13 08:07:29,302 [214a71e2-145e-48a6-8ba5-d603b385d06b-groupManagement] INFO  server.RaftServerConfigKeys (ConfUtils.java:logGet(46)) - raft.server.read.option = DEFAULT (default)
2025-05-13 08:07:29,302 [214a71e2-145e-48a6-8ba5-d603b385d06b-groupManagement] INFO  server.RaftServerConfigKeys (ConfUtils.java:logGet(46)) - raft.server.read.read-after-write-consistent.write-index-cache.expiry-time = 60s (default)
2025-05-13 08:07:29,307 [21150c38-a3e2-4a16-8c36-d72d8cfe1192-groupManagement] INFO  server.RaftServerConfigKeys (ConfUtils.java:logGet(46)) - raft.server.log.appender.buffer.byte-limit = 33554432 (custom)
2025-05-13 08:07:29,308 [21150c38-a3e2-4a16-8c36-d72d8cfe1192-groupManagement] INFO  server.RaftServerConfigKeys (ConfUtils.java:logGet(46)) - raft.server.log.unsafe-flush.enabled = false (default)
2025-05-13 08:07:29,308 [21150c38-a3e2-4a16-8c36-d72d8cfe1192-groupManagement] INFO  server.RaftServerConfigKeys (ConfUtils.java:logGet(46)) - raft.server.log.async-flush.enabled = false (default)
2025-05-13 08:07:29,308 [21150c38-a3e2-4a16-8c36-d72d8cfe1192-groupManagement] INFO  server.RaftServerConfigKeys (ConfUtils.java:logGet(46)) - raft.server.log.statemachine.data.caching.enabled = true (custom)
2025-05-13 08:07:29,308 [21150c38-a3e2-4a16-8c36-d72d8cfe1192-groupManagement] INFO  segmented.SegmentedRaftLogWorker (SegmentedRaftLogWorker.java:lambda$new$0(139)) - 21150c38-a3e2-4a16-8c36-d72d8cfe1192@group-03C39C18C99A-SegmentedRaftLogWorker: flushIndex: setUnconditionally 0 -> -1
2025-05-13 08:07:29,308 [21150c38-a3e2-4a16-8c36-d72d8cfe1192-groupManagement] INFO  segmented.SegmentedRaftLogWorker (SegmentedRaftLogWorker.java:lambda$new$0(139)) - 21150c38-a3e2-4a16-8c36-d72d8cfe1192@group-03C39C18C99A-SegmentedRaftLogWorker: safeCacheEvictIndex: setUnconditionally 0 -> -1
2025-05-13 08:07:29,311 [21150c38-a3e2-4a16-8c36-d72d8cfe1192-groupManagement] INFO  server.RaftServer$Division (RaftServerImpl.java:start(391)) - 21150c38-a3e2-4a16-8c36-d72d8cfe1192@group-03C39C18C99A: start as a follower, conf=conf: {index: -1, cur=peers:[5535968c-90e6-409a-bf55-78519abc7d70|127.0.0.1:15015, 21150c38-a3e2-4a16-8c36-d72d8cfe1192|127.0.0.1:15031, 214a71e2-145e-48a6-8ba5-d603b385d06b|127.0.0.1:15023]|listeners:[], old=null}
2025-05-13 08:07:29,311 [21150c38-a3e2-4a16-8c36-d72d8cfe1192-groupManagement] INFO  server.RaftServer$Division (RaftServerImpl.java:setRole(378)) - 21150c38-a3e2-4a16-8c36-d72d8cfe1192@group-03C39C18C99A: changes role from      null to FOLLOWER at term 0 for startAsFollower
2025-05-13 08:07:29,311 [21150c38-a3e2-4a16-8c36-d72d8cfe1192-groupManagement] INFO  impl.RoleInfo (RoleInfo.java:updateAndGet(148)) - 21150c38-a3e2-4a16-8c36-d72d8cfe1192: start 21150c38-a3e2-4a16-8c36-d72d8cfe1192@group-03C39C18C99A-FollowerState
2025-05-13 08:07:29,312 [21150c38-a3e2-4a16-8c36-d72d8cfe1192-groupManagement] INFO  util.JmxRegister (JmxRegister.java:tryRegister(44)) - Successfully registered JMX Bean with object name Ratis:service=RaftServer,group=group-03C39C18C99A,id=21150c38-a3e2-4a16-8c36-d72d8cfe1192
2025-05-13 08:07:29,312 [21150c38-a3e2-4a16-8c36-d72d8cfe1192-groupManagement] INFO  util.JmxRegister (JmxRegister.java:register(58)) - register mxBean class org.apache.ratis.server.impl.RaftServerJmxAdapter as Ratis:service=RaftServer,group=group-03C39C18C99A,id=21150c38-a3e2-4a16-8c36-d72d8cfe1192
2025-05-13 08:07:29,312 [21150c38-a3e2-4a16-8c36-d72d8cfe1192-groupManagement] INFO  server.RaftServerConfigKeys (ConfUtils.java:logGet(46)) - raft.server.snapshot.trigger-when-stop.enabled = true (default)
2025-05-13 08:07:29,312 [21150c38-a3e2-4a16-8c36-d72d8cfe1192-groupManagement] INFO  server.RaftServerConfigKeys (ConfUtils.java:logGet(46)) - raft.server.snapshot.trigger-when-remove.enabled = true (default)
2025-05-13 08:07:29,312 [21150c38-a3e2-4a16-8c36-d72d8cfe1192-groupManagement] INFO  server.RaftServerConfigKeys (ConfUtils.java:logGet(46)) - raft.server.snapshot.auto.trigger.enabled = true (custom)
2025-05-13 08:07:29,312 [21150c38-a3e2-4a16-8c36-d72d8cfe1192-groupManagement] INFO  server.RaftServerConfigKeys (ConfUtils.java:logGet(46)) - raft.server.snapshot.auto.trigger.threshold = 100000 (custom)
2025-05-13 08:07:29,312 [21150c38-a3e2-4a16-8c36-d72d8cfe1192-groupManagement] INFO  server.RaftServerConfigKeys (ConfUtils.java:logGet(46)) - raft.server.snapshot.retention.file.num = 5 (custom)
2025-05-13 08:07:29,312 [21150c38-a3e2-4a16-8c36-d72d8cfe1192-groupManagement] INFO  server.RaftServerConfigKeys (ConfUtils.java:logGet(46)) - raft.server.log.purge.upto.snapshot.index = false (default)
2025-05-13 08:07:29,313 [21150c38-a3e2-4a16-8c36-d72d8cfe1192-PipelineCommandHandlerThread-0] INFO  server.RaftServer (RaftServerProxy.java:addNew(100)) - 21150c38-a3e2-4a16-8c36-d72d8cfe1192: addNew group-208911670023:[5535968c-90e6-409a-bf55-78519abc7d70|127.0.0.1:15015, 21150c38-a3e2-4a16-8c36-d72d8cfe1192|127.0.0.1:15031, 214a71e2-145e-48a6-8ba5-d603b385d06b|127.0.0.1:15023] returns group-208911670023:java.util.concurrent.CompletableFuture@17f6d754[Not completed]
2025-05-13 08:07:29,312 [21150c38-a3e2-4a16-8c36-d72d8cfe1192@group-03C39C18C99A-FollowerState] INFO  server.RaftServerConfigKeys (ConfUtils.java:logGet(46)) - raft.server.rpc.first-election.timeout.min = 1000ms (custom)
2025-05-13 08:07:29,313 [21150c38-a3e2-4a16-8c36-d72d8cfe1192@group-03C39C18C99A-FollowerState] INFO  server.RaftServerConfigKeys (ConfUtils.java:logGet(46)) - raft.server.rpc.first-election.timeout.max = 1200ms (custom)
2025-05-13 08:07:29,318 [214a71e2-145e-48a6-8ba5-d603b385d06b-groupManagement] INFO  server.RaftServerConfigKeys (ConfUtils.java:logGet(46)) - raft.server.rpc.request.timeout = 60s (custom)
2025-05-13 08:07:29,318 [214a71e2-145e-48a6-8ba5-d603b385d06b-groupManagement] INFO  server.RaftServerConfigKeys (ConfUtils.java:logGet(46)) - raft.server.log.appender.install.snapshot.enabled = false (custom)
2025-05-13 08:07:29,318 [214a71e2-145e-48a6-8ba5-d603b385d06b-groupManagement] INFO  server.RaftServerConfigKeys (ConfUtils.java:logGet(46)) - raft.server.threadpool.server.cached = true (default)
2025-05-13 08:07:29,318 [214a71e2-145e-48a6-8ba5-d603b385d06b-groupManagement] INFO  server.RaftServerConfigKeys (ConfUtils.java:logGet(46)) - raft.server.threadpool.server.size = 0 (default)
2025-05-13 08:07:29,318 [214a71e2-145e-48a6-8ba5-d603b385d06b-groupManagement] INFO  server.RaftServerConfigKeys (ConfUtils.java:logGet(46)) - raft.server.threadpool.client.cached = true (default)
2025-05-13 08:07:29,318 [214a71e2-145e-48a6-8ba5-d603b385d06b-groupManagement] INFO  server.RaftServerConfigKeys (ConfUtils.java:logGet(46)) - raft.server.threadpool.client.size = 0 (default)
2025-05-13 08:07:29,318 [21150c38-a3e2-4a16-8c36-d72d8cfe1192-groupManagement] INFO  server.RaftServer$Division (RaftServerImpl.java:start(405)) - 21150c38-a3e2-4a16-8c36-d72d8cfe1192@group-03C39C18C99A: Successfully started.
2025-05-13 08:07:29,320 [214a71e2-145e-48a6-8ba5-d603b385d06b-groupManagement] INFO  server.RaftServerConfigKeys (ConfUtils.java:logGet(46)) - raft.server.storage.free-space.min = 0MB (=0) (default)
2025-05-13 08:07:29,320 [214a71e2-145e-48a6-8ba5-d603b385d06b-groupManagement] INFO  server.RaftServerConfigKeys (ConfUtils.java:logGet(46)) - raft.server.log.corruption.policy = EXCEPTION (default)
2025-05-13 08:07:29,320 [214a71e2-145e-48a6-8ba5-d603b385d06b-groupManagement] INFO  server.RaftServerConfigKeys (ConfUtils.java:logGet(46)) - raft.server.storage.dir = [/home/runner/work/ozone/ozone/hadoop-ozone/integration-test-s3/target/test-dir/MiniOzoneClusterImpl-95f4eac0-24f3-44c7-8c9c-9c62d5a0e831/ozone-meta/datanode-2/ratis] (custom)
2025-05-13 08:07:29,321 [214a71e2-145e-48a6-8ba5-d603b385d06b-groupManagement] INFO  storage.RaftStorageDirectory (RaftStorageDirectoryImpl.java:analyzeStorage(138)) - The storage directory /home/runner/work/ozone/ozone/hadoop-ozone/integration-test-s3/target/test-dir/MiniOzoneClusterImpl-95f4eac0-24f3-44c7-8c9c-9c62d5a0e831/ozone-meta/datanode-2/ratis/325a644d-f249-4d91-a4df-208911670023 does not exist. Creating ...
2025-05-13 08:07:29,322 [214a71e2-145e-48a6-8ba5-d603b385d06b-groupManagement] INFO  storage.RaftStorageDirectory (RaftStorageDirectoryImpl.java:tryLock(229)) - Lock on /home/runner/work/ozone/ozone/hadoop-ozone/integration-test-s3/target/test-dir/MiniOzoneClusterImpl-95f4eac0-24f3-44c7-8c9c-9c62d5a0e831/ozone-meta/datanode-2/ratis/325a644d-f249-4d91-a4df-208911670023/in_use.lock acquired by nodename 70907@pkrvmberfyhpb9w
2025-05-13 08:07:29,326 [214a71e2-145e-48a6-8ba5-d603b385d06b-groupManagement] INFO  storage.RaftStorage (RaftStorageImpl.java:format(98)) - Storage directory /home/runner/work/ozone/ozone/hadoop-ozone/integration-test-s3/target/test-dir/MiniOzoneClusterImpl-95f4eac0-24f3-44c7-8c9c-9c62d5a0e831/ozone-meta/datanode-2/ratis/325a644d-f249-4d91-a4df-208911670023 has been successfully formatted.
2025-05-13 08:07:29,327 [214a71e2-145e-48a6-8ba5-d603b385d06b-groupManagement] INFO  ratis.ContainerStateMachine (ContainerStateMachine.java:initialize(339)) - 214a71e2-145e-48a6-8ba5-d603b385d06b: initialize group-208911670023
2025-05-13 08:07:29,327 [214a71e2-145e-48a6-8ba5-d603b385d06b-groupManagement] INFO  ratis.ContainerStateMachine (ContainerStateMachine.java:loadSnapshot(347)) - group-208911670023: The snapshot info is null. Setting the last applied index to:(t:0, i:~)
2025-05-13 08:07:29,327 [214a71e2-145e-48a6-8ba5-d603b385d06b-groupManagement] INFO  server.RaftServerConfigKeys (ConfUtils.java:logGet(46)) - raft.server.log.use.memory = false (default)
2025-05-13 08:07:29,327 [214a71e2-145e-48a6-8ba5-d603b385d06b-groupManagement] INFO  server.RaftServerConfigKeys (ConfUtils.java:logGet(46)) - raft.server.log.purge.gap = 1000000 (custom)
2025-05-13 08:07:29,327 [214a71e2-145e-48a6-8ba5-d603b385d06b-groupManagement] INFO  server.RaftServerConfigKeys (ConfUtils.java:logGet(46)) - raft.server.log.appender.buffer.byte-limit = 33554432 (custom)
2025-05-13 08:07:29,327 [214a71e2-145e-48a6-8ba5-d603b385d06b-groupManagement] INFO  server.RaftServerConfigKeys (ConfUtils.java:logGet(46)) - raft.server.log.statemachine.data.read.timeout = 1000ms (default)
2025-05-13 08:07:29,327 [214a71e2-145e-48a6-8ba5-d603b385d06b-groupManagement] INFO  server.RaftServerConfigKeys (ConfUtils.java:logGet(46)) - raft.server.log.purge.preservation.log.num = 0 (default)
2025-05-13 08:07:29,335 [EventQueue-PipelineReportForOneReplicaPipelineSafeModeRule] INFO  safemode.SCMSafeModeManager (SCMSafeModeManager.java:validateSafeModeExitRules(140)) - AtleastOneDatanodeReportedRule rule is successfully validated
2025-05-13 08:07:29,337 [214a71e2-145e-48a6-8ba5-d603b385d06b-groupManagement] INFO  server.RaftServerConfigKeys (ConfUtils.java:logGet(46)) - raft.server.log.segment.size.max = 67108864 (custom)
2025-05-13 08:07:29,337 [214a71e2-145e-48a6-8ba5-d603b385d06b-groupManagement] INFO  server.RaftServerConfigKeys (ConfUtils.java:logGet(46)) - raft.server.log.segment.cache.num.max = 2 (custom)
2025-05-13 08:07:29,340 [214a71e2-145e-48a6-8ba5-d603b385d06b-groupManagement] INFO  server.RaftServerConfigKeys (ConfUtils.java:logGet(46)) - raft.server.log.segment.cache.size.max = 200MB (=209715200) (default)
2025-05-13 08:07:29,340 [214a71e2-145e-48a6-8ba5-d603b385d06b-groupManagement] INFO  server.RaftServerConfigKeys (ConfUtils.java:logGet(46)) - raft.server.log.appender.buffer.byte-limit = 33554432 (custom)
2025-05-13 08:07:29,341 [214a71e2-145e-48a6-8ba5-d603b385d06b-groupManagement] INFO  util.AwaitToRun (AwaitToRun.java:start(81)) - Thread[#932,214a71e2-145e-48a6-8ba5-d603b385d06b@group-208911670023-cacheEviction-AwaitToRun,5,main] started
2025-05-13 08:07:29,341 [214a71e2-145e-48a6-8ba5-d603b385d06b-groupManagement] INFO  segmented.SegmentedRaftLogWorker (SegmentedRaftLogWorker.java:<init>(188)) - new 214a71e2-145e-48a6-8ba5-d603b385d06b@group-208911670023-SegmentedRaftLogWorker for RaftStorageImpl:Storage Directory /home/runner/work/ozone/ozone/hadoop-ozone/integration-test-s3/target/test-dir/MiniOzoneClusterImpl-95f4eac0-24f3-44c7-8c9c-9c62d5a0e831/ozone-meta/datanode-2/ratis/325a644d-f249-4d91-a4df-208911670023
2025-05-13 08:07:29,341 [214a71e2-145e-48a6-8ba5-d603b385d06b-groupManagement] INFO  server.RaftServerConfigKeys (ConfUtils.java:logGet(46)) - raft.server.log.queue.byte-limit = 4294967296 (custom)
2025-05-13 08:07:29,341 [214a71e2-145e-48a6-8ba5-d603b385d06b-groupManagement] INFO  server.RaftServerConfigKeys (ConfUtils.java:logGet(46)) - raft.server.log.queue.element-limit = 1024 (custom)
2025-05-13 08:07:29,341 [214a71e2-145e-48a6-8ba5-d603b385d06b-groupManagement] INFO  server.RaftServerConfigKeys (ConfUtils.java:logGet(46)) - raft.server.log.segment.size.max = 67108864 (custom)
2025-05-13 08:07:29,341 [214a71e2-145e-48a6-8ba5-d603b385d06b-groupManagement] INFO  server.RaftServerConfigKeys (ConfUtils.java:logGet(46)) - raft.server.log.preallocated.size = 4194304 (custom)
2025-05-13 08:07:29,341 [214a71e2-145e-48a6-8ba5-d603b385d06b-groupManagement] INFO  server.RaftServerConfigKeys (ConfUtils.java:logGet(46)) - raft.server.log.force.sync.num = 128 (default)
2025-05-13 08:07:29,341 [214a71e2-145e-48a6-8ba5-d603b385d06b-groupManagement] INFO  server.RaftServerConfigKeys (ConfUtils.java:logGet(46)) - raft.server.log.statemachine.data.sync = true (default)
2025-05-13 08:07:29,341 [214a71e2-145e-48a6-8ba5-d603b385d06b-groupManagement] INFO  server.RaftServerConfigKeys (ConfUtils.java:logGet(46)) - raft.server.log.statemachine.data.sync.timeout = 10s (default)
2025-05-13 08:07:29,342 [214a71e2-145e-48a6-8ba5-d603b385d06b-groupManagement] INFO  server.RaftServerConfigKeys (ConfUtils.java:logGet(46)) - raft.server.log.statemachine.data.sync.timeout.retry = 30 (custom)
2025-05-13 08:07:29,343 [214a71e2-145e-48a6-8ba5-d603b385d06b-groupManagement] INFO  server.RaftServerConfigKeys (ConfUtils.java:logGet(46)) - raft.server.log.write.buffer.size = 33554440 (custom)
2025-05-13 08:07:29,354 [214a71e2-145e-48a6-8ba5-d603b385d06b-groupManagement] INFO  server.RaftServerConfigKeys (ConfUtils.java:logGet(46)) - raft.server.log.appender.buffer.byte-limit = 33554432 (custom)
2025-05-13 08:07:29,354 [214a71e2-145e-48a6-8ba5-d603b385d06b-groupManagement] INFO  server.RaftServerConfigKeys (ConfUtils.java:logGet(46)) - raft.server.log.unsafe-flush.enabled = false (default)
2025-05-13 08:07:29,354 [214a71e2-145e-48a6-8ba5-d603b385d06b-groupManagement] INFO  server.RaftServerConfigKeys (ConfUtils.java:logGet(46)) - raft.server.log.async-flush.enabled = false (default)
2025-05-13 08:07:29,354 [214a71e2-145e-48a6-8ba5-d603b385d06b-groupManagement] INFO  server.RaftServerConfigKeys (ConfUtils.java:logGet(46)) - raft.server.log.statemachine.data.caching.enabled = true (custom)
2025-05-13 08:07:29,355 [214a71e2-145e-48a6-8ba5-d603b385d06b-groupManagement] INFO  segmented.SegmentedRaftLogWorker (SegmentedRaftLogWorker.java:lambda$new$0(139)) - 214a71e2-145e-48a6-8ba5-d603b385d06b@group-208911670023-SegmentedRaftLogWorker: flushIndex: setUnconditionally 0 -> -1
2025-05-13 08:07:29,355 [214a71e2-145e-48a6-8ba5-d603b385d06b-groupManagement] INFO  segmented.SegmentedRaftLogWorker (SegmentedRaftLogWorker.java:lambda$new$0(139)) - 214a71e2-145e-48a6-8ba5-d603b385d06b@group-208911670023-SegmentedRaftLogWorker: safeCacheEvictIndex: setUnconditionally 0 -> -1
2025-05-13 08:07:29,360 [214a71e2-145e-48a6-8ba5-d603b385d06b-groupManagement] INFO  server.RaftServer$Division (RaftServerImpl.java:start(391)) - 214a71e2-145e-48a6-8ba5-d603b385d06b@group-208911670023: start as a follower, conf=conf: {index: -1, cur=peers:[5535968c-90e6-409a-bf55-78519abc7d70|127.0.0.1:15015, 21150c38-a3e2-4a16-8c36-d72d8cfe1192|127.0.0.1:15031, 214a71e2-145e-48a6-8ba5-d603b385d06b|127.0.0.1:15023]|listeners:[], old=null}
2025-05-13 08:07:29,360 [214a71e2-145e-48a6-8ba5-d603b385d06b-groupManagement] INFO  server.RaftServer$Division (RaftServerImpl.java:setRole(378)) - 214a71e2-145e-48a6-8ba5-d603b385d06b@group-208911670023: changes role from      null to FOLLOWER at term 0 for startAsFollower
2025-05-13 08:07:29,360 [214a71e2-145e-48a6-8ba5-d603b385d06b-groupManagement] INFO  impl.RoleInfo (RoleInfo.java:updateAndGet(148)) - 214a71e2-145e-48a6-8ba5-d603b385d06b: start 214a71e2-145e-48a6-8ba5-d603b385d06b@group-208911670023-FollowerState
2025-05-13 08:07:29,361 [214a71e2-145e-48a6-8ba5-d603b385d06b@group-208911670023-FollowerState] INFO  server.RaftServerConfigKeys (ConfUtils.java:logGet(46)) - raft.server.rpc.first-election.timeout.min = 1000ms (custom)
2025-05-13 08:07:29,362 [214a71e2-145e-48a6-8ba5-d603b385d06b@group-208911670023-FollowerState] INFO  server.RaftServerConfigKeys (ConfUtils.java:logGet(46)) - raft.server.rpc.first-election.timeout.max = 1200ms (custom)
2025-05-13 08:07:29,363 [214a71e2-145e-48a6-8ba5-d603b385d06b-groupManagement] INFO  util.JmxRegister (JmxRegister.java:tryRegister(44)) - Successfully registered JMX Bean with object name Ratis:service=RaftServer,group=group-208911670023,id=214a71e2-145e-48a6-8ba5-d603b385d06b
2025-05-13 08:07:29,363 [214a71e2-145e-48a6-8ba5-d603b385d06b-groupManagement] INFO  util.JmxRegister (JmxRegister.java:register(58)) - register mxBean class org.apache.ratis.server.impl.RaftServerJmxAdapter as Ratis:service=RaftServer,group=group-208911670023,id=214a71e2-145e-48a6-8ba5-d603b385d06b
2025-05-13 08:07:29,363 [214a71e2-145e-48a6-8ba5-d603b385d06b-groupManagement] INFO  server.RaftServerConfigKeys (ConfUtils.java:logGet(46)) - raft.server.snapshot.trigger-when-stop.enabled = true (default)
2025-05-13 08:07:29,363 [214a71e2-145e-48a6-8ba5-d603b385d06b-groupManagement] INFO  server.RaftServerConfigKeys (ConfUtils.java:logGet(46)) - raft.server.snapshot.trigger-when-remove.enabled = true (default)
2025-05-13 08:07:29,363 [214a71e2-145e-48a6-8ba5-d603b385d06b-groupManagement] INFO  server.RaftServerConfigKeys (ConfUtils.java:logGet(46)) - raft.server.snapshot.auto.trigger.enabled = true (custom)
2025-05-13 08:07:29,363 [214a71e2-145e-48a6-8ba5-d603b385d06b-groupManagement] INFO  server.RaftServerConfigKeys (ConfUtils.java:logGet(46)) - raft.server.snapshot.auto.trigger.threshold = 100000 (custom)
2025-05-13 08:07:29,363 [214a71e2-145e-48a6-8ba5-d603b385d06b-groupManagement] INFO  server.RaftServerConfigKeys (ConfUtils.java:logGet(46)) - raft.server.snapshot.retention.file.num = 5 (custom)
2025-05-13 08:07:29,363 [214a71e2-145e-48a6-8ba5-d603b385d06b-groupManagement] INFO  server.RaftServerConfigKeys (ConfUtils.java:logGet(46)) - raft.server.log.purge.upto.snapshot.index = false (default)
2025-05-13 08:07:29,367 [214a71e2-145e-48a6-8ba5-d603b385d06b-groupManagement] INFO  server.RaftServer$Division (RaftServerImpl.java:start(405)) - 214a71e2-145e-48a6-8ba5-d603b385d06b@group-208911670023: Successfully started.
2025-05-13 08:07:29,367 [214a71e2-145e-48a6-8ba5-d603b385d06b-PipelineCommandHandlerThread-0] INFO  ratis.XceiverServerRatis (XceiverServerRatis.java:addGroup(843)) - Created group PipelineID=325a644d-f249-4d91-a4df-208911670023
2025-05-13 08:07:29,369 [21150c38-a3e2-4a16-8c36-d72d8cfe1192-groupManagement] INFO  server.RaftServer$Division (RaftServerImpl.java:<init>(255)) - 21150c38-a3e2-4a16-8c36-d72d8cfe1192: new RaftServerImpl for group-208911670023:[5535968c-90e6-409a-bf55-78519abc7d70|127.0.0.1:15015, 21150c38-a3e2-4a16-8c36-d72d8cfe1192|127.0.0.1:15031, 214a71e2-145e-48a6-8ba5-d603b385d06b|127.0.0.1:15023] with ContainerStateMachine:uninitialized
2025-05-13 08:07:29,370 [21150c38-a3e2-4a16-8c36-d72d8cfe1192-groupManagement] INFO  server.RaftServerConfigKeys (ConfUtils.java:logGet(46)) - raft.server.rpc.timeout.min = 5s (custom)
2025-05-13 08:07:29,370 [21150c38-a3e2-4a16-8c36-d72d8cfe1192-groupManagement] INFO  server.RaftServerConfigKeys (ConfUtils.java:logGet(46)) - raft.server.rpc.timeout.max = 5200ms (custom)
2025-05-13 08:07:29,370 [21150c38-a3e2-4a16-8c36-d72d8cfe1192-groupManagement] INFO  server.RaftServerConfigKeys (ConfUtils.java:logGet(46)) - raft.server.rpc.sleep.time = 25ms (default)
2025-05-13 08:07:29,370 [21150c38-a3e2-4a16-8c36-d72d8cfe1192-groupManagement] INFO  server.RaftServerConfigKeys (ConfUtils.java:logGet(46)) - raft.server.rpc.slowness.timeout = 300s (custom)
2025-05-13 08:07:29,371 [21150c38-a3e2-4a16-8c36-d72d8cfe1192-groupManagement] INFO  server.RaftServerConfigKeys (ConfUtils.java:logGet(46)) - raft.server.leaderelection.leader.step-down.wait-time = 10s (default)
2025-05-13 08:07:29,371 [21150c38-a3e2-4a16-8c36-d72d8cfe1192-groupManagement] INFO  server.RaftServerConfigKeys (ConfUtils.java:logGet(46)) - raft.server.leaderelection.member.majority-add = false (default)
2025-05-13 08:07:29,371 [21150c38-a3e2-4a16-8c36-d72d8cfe1192-groupManagement] INFO  server.RaftServerConfigKeys (ConfUtils.java:logGet(46)) - raft.server.sleep.deviation.threshold = 300ms (default)
2025-05-13 08:07:29,371 [21150c38-a3e2-4a16-8c36-d72d8cfe1192-groupManagement] INFO  server.RaftServer$Division (ServerState.java:<init>(114)) - 21150c38-a3e2-4a16-8c36-d72d8cfe1192@group-208911670023: ConfigurationManager, init=conf: {index: -1, cur=peers:[5535968c-90e6-409a-bf55-78519abc7d70|127.0.0.1:15015, 21150c38-a3e2-4a16-8c36-d72d8cfe1192|127.0.0.1:15031, 214a71e2-145e-48a6-8ba5-d603b385d06b|127.0.0.1:15023]|listeners:[], old=null}, confs=<EMPTY_MAP>
2025-05-13 08:07:29,371 [21150c38-a3e2-4a16-8c36-d72d8cfe1192-groupManagement] INFO  server.RaftServerConfigKeys (ConfUtils.java:logGet(46)) - raft.server.notification.no-leader.timeout = 300s (custom)
2025-05-13 08:07:29,371 [21150c38-a3e2-4a16-8c36-d72d8cfe1192-groupManagement] INFO  server.RaftServerConfigKeys (ConfUtils.java:logGet(46)) - raft.server.read.timeout = 10s (default)
2025-05-13 08:07:29,371 [21150c38-a3e2-4a16-8c36-d72d8cfe1192-groupManagement] INFO  server.RaftServerConfigKeys (ConfUtils.java:logGet(46)) - raft.server.retrycache.expirytime = 600000ms (custom)
2025-05-13 08:07:29,371 [21150c38-a3e2-4a16-8c36-d72d8cfe1192-groupManagement] INFO  server.RaftServerConfigKeys (ConfUtils.java:logGet(46)) - raft.server.retrycache.statistics.expirytime = 100ms (default)
2025-05-13 08:07:29,371 [21150c38-a3e2-4a16-8c36-d72d8cfe1192-groupManagement] INFO  server.RaftServerConfigKeys (ConfUtils.java:logGet(46)) - raft.server.read.option = DEFAULT (default)
2025-05-13 08:07:29,372 [21150c38-a3e2-4a16-8c36-d72d8cfe1192-groupManagement] INFO  server.RaftServerConfigKeys (ConfUtils.java:logGet(46)) - raft.server.read.read-after-write-consistent.write-index-cache.expiry-time = 60s (default)
2025-05-13 08:07:29,384 [5535968c-90e6-409a-bf55-78519abc7d70-PipelineCommandHandlerThread-0] INFO  commandhandler.CreatePipelineCommandHandler (CreatePipelineCommandHandler.java:lambda$handle$2(128)) - Created Pipeline RATIS THREE PipelineID=fd3e81a3-c7ca-474b-b2b6-03c39c18c99a.
2025-05-13 08:07:29,386 [5535968c-90e6-409a-bf55-78519abc7d70-PipelineCommandHandlerThread-0] INFO  server.RaftServer (RaftServerProxy.java:addNew(100)) - 5535968c-90e6-409a-bf55-78519abc7d70: addNew group-208911670023:[5535968c-90e6-409a-bf55-78519abc7d70|127.0.0.1:15015, 21150c38-a3e2-4a16-8c36-d72d8cfe1192|127.0.0.1:15031, 214a71e2-145e-48a6-8ba5-d603b385d06b|127.0.0.1:15023] returns group-208911670023:java.util.concurrent.CompletableFuture@3bb924a[Not completed]
2025-05-13 08:07:29,391 [5535968c-90e6-409a-bf55-78519abc7d70-groupManagement] INFO  server.RaftServer$Division (RaftServerImpl.java:<init>(255)) - 5535968c-90e6-409a-bf55-78519abc7d70: new RaftServerImpl for group-208911670023:[5535968c-90e6-409a-bf55-78519abc7d70|127.0.0.1:15015, 21150c38-a3e2-4a16-8c36-d72d8cfe1192|127.0.0.1:15031, 214a71e2-145e-48a6-8ba5-d603b385d06b|127.0.0.1:15023] with ContainerStateMachine:uninitialized
2025-05-13 08:07:29,391 [5535968c-90e6-409a-bf55-78519abc7d70-groupManagement] INFO  server.RaftServerConfigKeys (ConfUtils.java:logGet(46)) - raft.server.rpc.timeout.min = 5s (custom)
2025-05-13 08:07:29,391 [5535968c-90e6-409a-bf55-78519abc7d70-groupManagement] INFO  server.RaftServerConfigKeys (ConfUtils.java:logGet(46)) - raft.server.rpc.timeout.max = 5200ms (custom)
2025-05-13 08:07:29,391 [5535968c-90e6-409a-bf55-78519abc7d70-groupManagement] INFO  server.RaftServerConfigKeys (ConfUtils.java:logGet(46)) - raft.server.rpc.sleep.time = 25ms (default)
2025-05-13 08:07:29,391 [5535968c-90e6-409a-bf55-78519abc7d70-groupManagement] INFO  server.RaftServerConfigKeys (ConfUtils.java:logGet(46)) - raft.server.rpc.slowness.timeout = 300s (custom)
2025-05-13 08:07:29,392 [5535968c-90e6-409a-bf55-78519abc7d70-groupManagement] INFO  server.RaftServerConfigKeys (ConfUtils.java:logGet(46)) - raft.server.leaderelection.leader.step-down.wait-time = 10s (default)
2025-05-13 08:07:29,392 [5535968c-90e6-409a-bf55-78519abc7d70-groupManagement] INFO  server.RaftServerConfigKeys (ConfUtils.java:logGet(46)) - raft.server.leaderelection.member.majority-add = false (default)
2025-05-13 08:07:29,392 [5535968c-90e6-409a-bf55-78519abc7d70-groupManagement] INFO  server.RaftServerConfigKeys (ConfUtils.java:logGet(46)) - raft.server.sleep.deviation.threshold = 300ms (default)
2025-05-13 08:07:29,392 [5535968c-90e6-409a-bf55-78519abc7d70-groupManagement] INFO  server.RaftServer$Division (ServerState.java:<init>(114)) - 5535968c-90e6-409a-bf55-78519abc7d70@group-208911670023: ConfigurationManager, init=conf: {index: -1, cur=peers:[5535968c-90e6-409a-bf55-78519abc7d70|127.0.0.1:15015, 21150c38-a3e2-4a16-8c36-d72d8cfe1192|127.0.0.1:15031, 214a71e2-145e-48a6-8ba5-d603b385d06b|127.0.0.1:15023]|listeners:[], old=null}, confs=<EMPTY_MAP>
2025-05-13 08:07:29,393 [5535968c-90e6-409a-bf55-78519abc7d70-groupManagement] INFO  server.RaftServerConfigKeys (ConfUtils.java:logGet(46)) - raft.server.notification.no-leader.timeout = 300s (custom)
2025-05-13 08:07:29,393 [5535968c-90e6-409a-bf55-78519abc7d70-groupManagement] INFO  server.RaftServerConfigKeys (ConfUtils.java:logGet(46)) - raft.server.read.timeout = 10s (default)
2025-05-13 08:07:29,393 [5535968c-90e6-409a-bf55-78519abc7d70-groupManagement] INFO  server.RaftServerConfigKeys (ConfUtils.java:logGet(46)) - raft.server.retrycache.expirytime = 600000ms (custom)
2025-05-13 08:07:29,393 [5535968c-90e6-409a-bf55-78519abc7d70-groupManagement] INFO  server.RaftServerConfigKeys (ConfUtils.java:logGet(46)) - raft.server.retrycache.statistics.expirytime = 100ms (default)
2025-05-13 08:07:29,394 [5535968c-90e6-409a-bf55-78519abc7d70-groupManagement] INFO  server.RaftServerConfigKeys (ConfUtils.java:logGet(46)) - raft.server.read.option = DEFAULT (default)
2025-05-13 08:07:29,394 [5535968c-90e6-409a-bf55-78519abc7d70-groupManagement] INFO  server.RaftServerConfigKeys (ConfUtils.java:logGet(46)) - raft.server.read.read-after-write-consistent.write-index-cache.expiry-time = 60s (default)
2025-05-13 08:07:29,394 [21150c38-a3e2-4a16-8c36-d72d8cfe1192-groupManagement] INFO  server.RaftServerConfigKeys (ConfUtils.java:logGet(46)) - raft.server.rpc.request.timeout = 60s (custom)
2025-05-13 08:07:29,394 [21150c38-a3e2-4a16-8c36-d72d8cfe1192-groupManagement] INFO  server.RaftServerConfigKeys (ConfUtils.java:logGet(46)) - raft.server.log.appender.install.snapshot.enabled = false (custom)
2025-05-13 08:07:29,394 [21150c38-a3e2-4a16-8c36-d72d8cfe1192-groupManagement] INFO  server.RaftServerConfigKeys (ConfUtils.java:logGet(46)) - raft.server.threadpool.server.cached = true (default)
2025-05-13 08:07:29,394 [21150c38-a3e2-4a16-8c36-d72d8cfe1192-groupManagement] INFO  server.RaftServerConfigKeys (ConfUtils.java:logGet(46)) - raft.server.threadpool.server.size = 0 (default)
2025-05-13 08:07:29,394 [21150c38-a3e2-4a16-8c36-d72d8cfe1192-groupManagement] INFO  server.RaftServerConfigKeys (ConfUtils.java:logGet(46)) - raft.server.threadpool.client.cached = true (default)
2025-05-13 08:07:29,394 [21150c38-a3e2-4a16-8c36-d72d8cfe1192-groupManagement] INFO  server.RaftServerConfigKeys (ConfUtils.java:logGet(46)) - raft.server.threadpool.client.size = 0 (default)
2025-05-13 08:07:29,394 [21150c38-a3e2-4a16-8c36-d72d8cfe1192-groupManagement] INFO  server.RaftServerConfigKeys (ConfUtils.java:logGet(46)) - raft.server.storage.free-space.min = 0MB (=0) (default)
2025-05-13 08:07:29,396 [21150c38-a3e2-4a16-8c36-d72d8cfe1192-groupManagement] INFO  server.RaftServerConfigKeys (ConfUtils.java:logGet(46)) - raft.server.log.corruption.policy = EXCEPTION (default)
2025-05-13 08:07:29,396 [21150c38-a3e2-4a16-8c36-d72d8cfe1192-groupManagement] INFO  server.RaftServerConfigKeys (ConfUtils.java:logGet(46)) - raft.server.storage.dir = [/home/runner/work/ozone/ozone/hadoop-ozone/integration-test-s3/target/test-dir/MiniOzoneClusterImpl-95f4eac0-24f3-44c7-8c9c-9c62d5a0e831/ozone-meta/datanode-3/ratis] (custom)
2025-05-13 08:07:29,396 [21150c38-a3e2-4a16-8c36-d72d8cfe1192-groupManagement] INFO  storage.RaftStorageDirectory (RaftStorageDirectoryImpl.java:analyzeStorage(138)) - The storage directory /home/runner/work/ozone/ozone/hadoop-ozone/integration-test-s3/target/test-dir/MiniOzoneClusterImpl-95f4eac0-24f3-44c7-8c9c-9c62d5a0e831/ozone-meta/datanode-3/ratis/325a644d-f249-4d91-a4df-208911670023 does not exist. Creating ...
2025-05-13 08:07:29,398 [21150c38-a3e2-4a16-8c36-d72d8cfe1192-groupManagement] INFO  storage.RaftStorageDirectory (RaftStorageDirectoryImpl.java:tryLock(229)) - Lock on /home/runner/work/ozone/ozone/hadoop-ozone/integration-test-s3/target/test-dir/MiniOzoneClusterImpl-95f4eac0-24f3-44c7-8c9c-9c62d5a0e831/ozone-meta/datanode-3/ratis/325a644d-f249-4d91-a4df-208911670023/in_use.lock acquired by nodename 70907@pkrvmberfyhpb9w
2025-05-13 08:07:29,401 [21150c38-a3e2-4a16-8c36-d72d8cfe1192-groupManagement] INFO  storage.RaftStorage (RaftStorageImpl.java:format(98)) - Storage directory /home/runner/work/ozone/ozone/hadoop-ozone/integration-test-s3/target/test-dir/MiniOzoneClusterImpl-95f4eac0-24f3-44c7-8c9c-9c62d5a0e831/ozone-meta/datanode-3/ratis/325a644d-f249-4d91-a4df-208911670023 has been successfully formatted.
2025-05-13 08:07:29,401 [21150c38-a3e2-4a16-8c36-d72d8cfe1192-groupManagement] INFO  ratis.ContainerStateMachine (ContainerStateMachine.java:initialize(339)) - 21150c38-a3e2-4a16-8c36-d72d8cfe1192: initialize group-208911670023
2025-05-13 08:07:29,402 [21150c38-a3e2-4a16-8c36-d72d8cfe1192-groupManagement] INFO  ratis.ContainerStateMachine (ContainerStateMachine.java:loadSnapshot(347)) - group-208911670023: The snapshot info is null. Setting the last applied index to:(t:0, i:~)
2025-05-13 08:07:29,402 [21150c38-a3e2-4a16-8c36-d72d8cfe1192-groupManagement] INFO  server.RaftServerConfigKeys (ConfUtils.java:logGet(46)) - raft.server.log.use.memory = false (default)
2025-05-13 08:07:29,404 [21150c38-a3e2-4a16-8c36-d72d8cfe1192-groupManagement] INFO  server.RaftServerConfigKeys (ConfUtils.java:logGet(46)) - raft.server.log.purge.gap = 1000000 (custom)
2025-05-13 08:07:29,404 [21150c38-a3e2-4a16-8c36-d72d8cfe1192-groupManagement] INFO  server.RaftServerConfigKeys (ConfUtils.java:logGet(46)) - raft.server.log.appender.buffer.byte-limit = 33554432 (custom)
2025-05-13 08:07:29,404 [21150c38-a3e2-4a16-8c36-d72d8cfe1192-groupManagement] INFO  server.RaftServerConfigKeys (ConfUtils.java:logGet(46)) - raft.server.log.statemachine.data.read.timeout = 1000ms (default)
2025-05-13 08:07:29,404 [21150c38-a3e2-4a16-8c36-d72d8cfe1192-groupManagement] INFO  server.RaftServerConfigKeys (ConfUtils.java:logGet(46)) - raft.server.log.purge.preservation.log.num = 0 (default)
2025-05-13 08:07:29,407 [EventQueue-PipelineReportForOneReplicaPipelineSafeModeRule] INFO  safemode.SCMSafeModeManager (SCMSafeModeManager.java:validateSafeModeExitRules(140)) - AtleastOneDatanodeReportedRule rule is successfully validated
2025-05-13 08:07:29,410 [5535968c-90e6-409a-bf55-78519abc7d70-groupManagement] INFO  server.RaftServerConfigKeys (ConfUtils.java:logGet(46)) - raft.server.rpc.request.timeout = 60s (custom)
2025-05-13 08:07:29,413 [5535968c-90e6-409a-bf55-78519abc7d70-groupManagement] INFO  server.RaftServerConfigKeys (ConfUtils.java:logGet(46)) - raft.server.log.appender.install.snapshot.enabled = false (custom)
2025-05-13 08:07:29,413 [5535968c-90e6-409a-bf55-78519abc7d70-groupManagement] INFO  server.RaftServerConfigKeys (ConfUtils.java:logGet(46)) - raft.server.threadpool.server.cached = true (default)
2025-05-13 08:07:29,413 [5535968c-90e6-409a-bf55-78519abc7d70-groupManagement] INFO  server.RaftServerConfigKeys (ConfUtils.java:logGet(46)) - raft.server.threadpool.server.size = 0 (default)
2025-05-13 08:07:29,413 [5535968c-90e6-409a-bf55-78519abc7d70-groupManagement] INFO  server.RaftServerConfigKeys (ConfUtils.java:logGet(46)) - raft.server.threadpool.client.cached = true (default)
2025-05-13 08:07:29,413 [5535968c-90e6-409a-bf55-78519abc7d70-groupManagement] INFO  server.RaftServerConfigKeys (ConfUtils.java:logGet(46)) - raft.server.threadpool.client.size = 0 (default)
2025-05-13 08:07:29,413 [5535968c-90e6-409a-bf55-78519abc7d70-groupManagement] INFO  server.RaftServerConfigKeys (ConfUtils.java:logGet(46)) - raft.server.storage.free-space.min = 0MB (=0) (default)
2025-05-13 08:07:29,413 [5535968c-90e6-409a-bf55-78519abc7d70-groupManagement] INFO  server.RaftServerConfigKeys (ConfUtils.java:logGet(46)) - raft.server.log.corruption.policy = EXCEPTION (default)
2025-05-13 08:07:29,413 [5535968c-90e6-409a-bf55-78519abc7d70-groupManagement] INFO  server.RaftServerConfigKeys (ConfUtils.java:logGet(46)) - raft.server.storage.dir = [/home/runner/work/ozone/ozone/hadoop-ozone/integration-test-s3/target/test-dir/MiniOzoneClusterImpl-95f4eac0-24f3-44c7-8c9c-9c62d5a0e831/ozone-meta/datanode-1/ratis] (custom)
2025-05-13 08:07:29,413 [5535968c-90e6-409a-bf55-78519abc7d70-groupManagement] INFO  storage.RaftStorageDirectory (RaftStorageDirectoryImpl.java:analyzeStorage(138)) - The storage directory /home/runner/work/ozone/ozone/hadoop-ozone/integration-test-s3/target/test-dir/MiniOzoneClusterImpl-95f4eac0-24f3-44c7-8c9c-9c62d5a0e831/ozone-meta/datanode-1/ratis/325a644d-f249-4d91-a4df-208911670023 does not exist. Creating ...
2025-05-13 08:07:29,411 [21150c38-a3e2-4a16-8c36-d72d8cfe1192-groupManagement] INFO  server.RaftServerConfigKeys (ConfUtils.java:logGet(46)) - raft.server.log.segment.size.max = 67108864 (custom)
2025-05-13 08:07:29,415 [21150c38-a3e2-4a16-8c36-d72d8cfe1192-groupManagement] INFO  server.RaftServerConfigKeys (ConfUtils.java:logGet(46)) - raft.server.log.segment.cache.num.max = 2 (custom)
2025-05-13 08:07:29,415 [21150c38-a3e2-4a16-8c36-d72d8cfe1192-groupManagement] INFO  server.RaftServerConfigKeys (ConfUtils.java:logGet(46)) - raft.server.log.segment.cache.size.max = 200MB (=209715200) (default)
2025-05-13 08:07:29,415 [21150c38-a3e2-4a16-8c36-d72d8cfe1192-groupManagement] INFO  server.RaftServerConfigKeys (ConfUtils.java:logGet(46)) - raft.server.log.appender.buffer.byte-limit = 33554432 (custom)
2025-05-13 08:07:29,417 [21150c38-a3e2-4a16-8c36-d72d8cfe1192-groupManagement] INFO  util.AwaitToRun (AwaitToRun.java:start(81)) - Thread[#942,21150c38-a3e2-4a16-8c36-d72d8cfe1192@group-208911670023-cacheEviction-AwaitToRun,5,main] started
2025-05-13 08:07:29,417 [21150c38-a3e2-4a16-8c36-d72d8cfe1192-groupManagement] INFO  segmented.SegmentedRaftLogWorker (SegmentedRaftLogWorker.java:<init>(188)) - new 21150c38-a3e2-4a16-8c36-d72d8cfe1192@group-208911670023-SegmentedRaftLogWorker for RaftStorageImpl:Storage Directory /home/runner/work/ozone/ozone/hadoop-ozone/integration-test-s3/target/test-dir/MiniOzoneClusterImpl-95f4eac0-24f3-44c7-8c9c-9c62d5a0e831/ozone-meta/datanode-3/ratis/325a644d-f249-4d91-a4df-208911670023
2025-05-13 08:07:29,417 [21150c38-a3e2-4a16-8c36-d72d8cfe1192-groupManagement] INFO  server.RaftServerConfigKeys (ConfUtils.java:logGet(46)) - raft.server.log.queue.byte-limit = 4294967296 (custom)
2025-05-13 08:07:29,417 [21150c38-a3e2-4a16-8c36-d72d8cfe1192-groupManagement] INFO  server.RaftServerConfigKeys (ConfUtils.java:logGet(46)) - raft.server.log.queue.element-limit = 1024 (custom)
2025-05-13 08:07:29,417 [21150c38-a3e2-4a16-8c36-d72d8cfe1192-groupManagement] INFO  server.RaftServerConfigKeys (ConfUtils.java:logGet(46)) - raft.server.log.segment.size.max = 67108864 (custom)
2025-05-13 08:07:29,417 [21150c38-a3e2-4a16-8c36-d72d8cfe1192-groupManagement] INFO  server.RaftServerConfigKeys (ConfUtils.java:logGet(46)) - raft.server.log.preallocated.size = 4194304 (custom)
2025-05-13 08:07:29,417 [21150c38-a3e2-4a16-8c36-d72d8cfe1192-groupManagement] INFO  server.RaftServerConfigKeys (ConfUtils.java:logGet(46)) - raft.server.log.force.sync.num = 128 (default)
2025-05-13 08:07:29,417 [21150c38-a3e2-4a16-8c36-d72d8cfe1192-groupManagement] INFO  server.RaftServerConfigKeys (ConfUtils.java:logGet(46)) - raft.server.log.statemachine.data.sync = true (default)
2025-05-13 08:07:29,417 [21150c38-a3e2-4a16-8c36-d72d8cfe1192-groupManagement] INFO  server.RaftServerConfigKeys (ConfUtils.java:logGet(46)) - raft.server.log.statemachine.data.sync.timeout = 10s (default)
2025-05-13 08:07:29,417 [21150c38-a3e2-4a16-8c36-d72d8cfe1192-groupManagement] INFO  server.RaftServerConfigKeys (ConfUtils.java:logGet(46)) - raft.server.log.statemachine.data.sync.timeout.retry = 30 (custom)
2025-05-13 08:07:29,419 [5535968c-90e6-409a-bf55-78519abc7d70-groupManagement] INFO  storage.RaftStorageDirectory (RaftStorageDirectoryImpl.java:tryLock(229)) - Lock on /home/runner/work/ozone/ozone/hadoop-ozone/integration-test-s3/target/test-dir/MiniOzoneClusterImpl-95f4eac0-24f3-44c7-8c9c-9c62d5a0e831/ozone-meta/datanode-1/ratis/325a644d-f249-4d91-a4df-208911670023/in_use.lock acquired by nodename 70907@pkrvmberfyhpb9w
2025-05-13 08:07:29,421 [21150c38-a3e2-4a16-8c36-d72d8cfe1192-groupManagement] INFO  server.RaftServerConfigKeys (ConfUtils.java:logGet(46)) - raft.server.log.write.buffer.size = 33554440 (custom)
2025-05-13 08:07:29,423 [5535968c-90e6-409a-bf55-78519abc7d70-groupManagement] INFO  storage.RaftStorage (RaftStorageImpl.java:format(98)) - Storage directory /home/runner/work/ozone/ozone/hadoop-ozone/integration-test-s3/target/test-dir/MiniOzoneClusterImpl-95f4eac0-24f3-44c7-8c9c-9c62d5a0e831/ozone-meta/datanode-1/ratis/325a644d-f249-4d91-a4df-208911670023 has been successfully formatted.
2025-05-13 08:07:29,424 [5535968c-90e6-409a-bf55-78519abc7d70-groupManagement] INFO  ratis.ContainerStateMachine (ContainerStateMachine.java:initialize(339)) - 5535968c-90e6-409a-bf55-78519abc7d70: initialize group-208911670023
2025-05-13 08:07:29,424 [5535968c-90e6-409a-bf55-78519abc7d70-groupManagement] INFO  ratis.ContainerStateMachine (ContainerStateMachine.java:loadSnapshot(347)) - group-208911670023: The snapshot info is null. Setting the last applied index to:(t:0, i:~)
2025-05-13 08:07:29,424 [5535968c-90e6-409a-bf55-78519abc7d70-groupManagement] INFO  server.RaftServerConfigKeys (ConfUtils.java:logGet(46)) - raft.server.log.use.memory = false (default)
2025-05-13 08:07:29,424 [5535968c-90e6-409a-bf55-78519abc7d70-groupManagement] INFO  server.RaftServerConfigKeys (ConfUtils.java:logGet(46)) - raft.server.log.purge.gap = 1000000 (custom)
2025-05-13 08:07:29,424 [5535968c-90e6-409a-bf55-78519abc7d70-groupManagement] INFO  server.RaftServerConfigKeys (ConfUtils.java:logGet(46)) - raft.server.log.appender.buffer.byte-limit = 33554432 (custom)
2025-05-13 08:07:29,424 [5535968c-90e6-409a-bf55-78519abc7d70-groupManagement] INFO  server.RaftServerConfigKeys (ConfUtils.java:logGet(46)) - raft.server.log.statemachine.data.read.timeout = 1000ms (default)
2025-05-13 08:07:29,424 [5535968c-90e6-409a-bf55-78519abc7d70-groupManagement] INFO  server.RaftServerConfigKeys (ConfUtils.java:logGet(46)) - raft.server.log.purge.preservation.log.num = 0 (default)
2025-05-13 08:07:29,433 [5535968c-90e6-409a-bf55-78519abc7d70-groupManagement] INFO  server.RaftServerConfigKeys (ConfUtils.java:logGet(46)) - raft.server.log.segment.size.max = 67108864 (custom)
2025-05-13 08:07:29,435 [EventQueue-PipelineReportForOneReplicaPipelineSafeModeRule] INFO  safemode.SCMSafeModeManager (SCMSafeModeManager.java:validateSafeModeExitRules(140)) - AtleastOneDatanodeReportedRule rule is successfully validated
2025-05-13 08:07:29,437 [5535968c-90e6-409a-bf55-78519abc7d70-groupManagement] INFO  server.RaftServerConfigKeys (ConfUtils.java:logGet(46)) - raft.server.log.segment.cache.num.max = 2 (custom)
2025-05-13 08:07:29,437 [5535968c-90e6-409a-bf55-78519abc7d70-groupManagement] INFO  server.RaftServerConfigKeys (ConfUtils.java:logGet(46)) - raft.server.log.segment.cache.size.max = 200MB (=209715200) (default)
2025-05-13 08:07:29,438 [5535968c-90e6-409a-bf55-78519abc7d70-groupManagement] INFO  server.RaftServerConfigKeys (ConfUtils.java:logGet(46)) - raft.server.log.appender.buffer.byte-limit = 33554432 (custom)
2025-05-13 08:07:29,438 [5535968c-90e6-409a-bf55-78519abc7d70-groupManagement] INFO  util.AwaitToRun (AwaitToRun.java:start(81)) - Thread[#943,5535968c-90e6-409a-bf55-78519abc7d70@group-208911670023-cacheEviction-AwaitToRun,5,main] started
2025-05-13 08:07:29,438 [5535968c-90e6-409a-bf55-78519abc7d70-groupManagement] INFO  segmented.SegmentedRaftLogWorker (SegmentedRaftLogWorker.java:<init>(188)) - new 5535968c-90e6-409a-bf55-78519abc7d70@group-208911670023-SegmentedRaftLogWorker for RaftStorageImpl:Storage Directory /home/runner/work/ozone/ozone/hadoop-ozone/integration-test-s3/target/test-dir/MiniOzoneClusterImpl-95f4eac0-24f3-44c7-8c9c-9c62d5a0e831/ozone-meta/datanode-1/ratis/325a644d-f249-4d91-a4df-208911670023
2025-05-13 08:07:29,438 [5535968c-90e6-409a-bf55-78519abc7d70-groupManagement] INFO  server.RaftServerConfigKeys (ConfUtils.java:logGet(46)) - raft.server.log.queue.byte-limit = 4294967296 (custom)
2025-05-13 08:07:29,438 [5535968c-90e6-409a-bf55-78519abc7d70-groupManagement] INFO  server.RaftServerConfigKeys (ConfUtils.java:logGet(46)) - raft.server.log.queue.element-limit = 1024 (custom)
2025-05-13 08:07:29,439 [5535968c-90e6-409a-bf55-78519abc7d70-groupManagement] INFO  server.RaftServerConfigKeys (ConfUtils.java:logGet(46)) - raft.server.log.segment.size.max = 67108864 (custom)
2025-05-13 08:07:29,439 [5535968c-90e6-409a-bf55-78519abc7d70-groupManagement] INFO  server.RaftServerConfigKeys (ConfUtils.java:logGet(46)) - raft.server.log.preallocated.size = 4194304 (custom)
2025-05-13 08:07:29,439 [5535968c-90e6-409a-bf55-78519abc7d70-groupManagement] INFO  server.RaftServerConfigKeys (ConfUtils.java:logGet(46)) - raft.server.log.force.sync.num = 128 (default)
2025-05-13 08:07:29,439 [5535968c-90e6-409a-bf55-78519abc7d70-groupManagement] INFO  server.RaftServerConfigKeys (ConfUtils.java:logGet(46)) - raft.server.log.statemachine.data.sync = true (default)
2025-05-13 08:07:29,439 [5535968c-90e6-409a-bf55-78519abc7d70-groupManagement] INFO  server.RaftServerConfigKeys (ConfUtils.java:logGet(46)) - raft.server.log.statemachine.data.sync.timeout = 10s (default)
2025-05-13 08:07:29,439 [5535968c-90e6-409a-bf55-78519abc7d70-groupManagement] INFO  server.RaftServerConfigKeys (ConfUtils.java:logGet(46)) - raft.server.log.statemachine.data.sync.timeout.retry = 30 (custom)
2025-05-13 08:07:29,439 [21150c38-a3e2-4a16-8c36-d72d8cfe1192-groupManagement] INFO  server.RaftServerConfigKeys (ConfUtils.java:logGet(46)) - raft.server.log.appender.buffer.byte-limit = 33554432 (custom)
2025-05-13 08:07:29,439 [21150c38-a3e2-4a16-8c36-d72d8cfe1192-groupManagement] INFO  server.RaftServerConfigKeys (ConfUtils.java:logGet(46)) - raft.server.log.unsafe-flush.enabled = false (default)
2025-05-13 08:07:29,439 [21150c38-a3e2-4a16-8c36-d72d8cfe1192-groupManagement] INFO  server.RaftServerConfigKeys (ConfUtils.java:logGet(46)) - raft.server.log.async-flush.enabled = false (default)
2025-05-13 08:07:29,439 [21150c38-a3e2-4a16-8c36-d72d8cfe1192-groupManagement] INFO  server.RaftServerConfigKeys (ConfUtils.java:logGet(46)) - raft.server.log.statemachine.data.caching.enabled = true (custom)
2025-05-13 08:07:29,440 [21150c38-a3e2-4a16-8c36-d72d8cfe1192-groupManagement] INFO  segmented.SegmentedRaftLogWorker (SegmentedRaftLogWorker.java:lambda$new$0(139)) - 21150c38-a3e2-4a16-8c36-d72d8cfe1192@group-208911670023-SegmentedRaftLogWorker: flushIndex: setUnconditionally 0 -> -1
2025-05-13 08:07:29,440 [21150c38-a3e2-4a16-8c36-d72d8cfe1192-groupManagement] INFO  segmented.SegmentedRaftLogWorker (SegmentedRaftLogWorker.java:lambda$new$0(139)) - 21150c38-a3e2-4a16-8c36-d72d8cfe1192@group-208911670023-SegmentedRaftLogWorker: safeCacheEvictIndex: setUnconditionally 0 -> -1
2025-05-13 08:07:29,440 [5535968c-90e6-409a-bf55-78519abc7d70-groupManagement] INFO  server.RaftServerConfigKeys (ConfUtils.java:logGet(46)) - raft.server.log.write.buffer.size = 33554440 (custom)
2025-05-13 08:07:29,441 [21150c38-a3e2-4a16-8c36-d72d8cfe1192-groupManagement] INFO  server.RaftServer$Division (RaftServerImpl.java:start(391)) - 21150c38-a3e2-4a16-8c36-d72d8cfe1192@group-208911670023: start as a follower, conf=conf: {index: -1, cur=peers:[5535968c-90e6-409a-bf55-78519abc7d70|127.0.0.1:15015, 21150c38-a3e2-4a16-8c36-d72d8cfe1192|127.0.0.1:15031, 214a71e2-145e-48a6-8ba5-d603b385d06b|127.0.0.1:15023]|listeners:[], old=null}
2025-05-13 08:07:29,441 [21150c38-a3e2-4a16-8c36-d72d8cfe1192-groupManagement] INFO  server.RaftServer$Division (RaftServerImpl.java:setRole(378)) - 21150c38-a3e2-4a16-8c36-d72d8cfe1192@group-208911670023: changes role from      null to FOLLOWER at term 0 for startAsFollower
2025-05-13 08:07:29,441 [21150c38-a3e2-4a16-8c36-d72d8cfe1192-groupManagement] INFO  impl.RoleInfo (RoleInfo.java:updateAndGet(148)) - 21150c38-a3e2-4a16-8c36-d72d8cfe1192: start 21150c38-a3e2-4a16-8c36-d72d8cfe1192@group-208911670023-FollowerState
2025-05-13 08:07:29,441 [21150c38-a3e2-4a16-8c36-d72d8cfe1192@group-208911670023-FollowerState] INFO  server.RaftServerConfigKeys (ConfUtils.java:logGet(46)) - raft.server.rpc.first-election.timeout.min = 1000ms (custom)
2025-05-13 08:07:29,441 [21150c38-a3e2-4a16-8c36-d72d8cfe1192@group-208911670023-FollowerState] INFO  server.RaftServerConfigKeys (ConfUtils.java:logGet(46)) - raft.server.rpc.first-election.timeout.max = 1200ms (custom)
2025-05-13 08:07:29,445 [21150c38-a3e2-4a16-8c36-d72d8cfe1192-groupManagement] INFO  util.JmxRegister (JmxRegister.java:tryRegister(44)) - Successfully registered JMX Bean with object name Ratis:service=RaftServer,group=group-208911670023,id=21150c38-a3e2-4a16-8c36-d72d8cfe1192
2025-05-13 08:07:29,445 [21150c38-a3e2-4a16-8c36-d72d8cfe1192-groupManagement] INFO  util.JmxRegister (JmxRegister.java:register(58)) - register mxBean class org.apache.ratis.server.impl.RaftServerJmxAdapter as Ratis:service=RaftServer,group=group-208911670023,id=21150c38-a3e2-4a16-8c36-d72d8cfe1192
2025-05-13 08:07:29,445 [21150c38-a3e2-4a16-8c36-d72d8cfe1192-groupManagement] INFO  server.RaftServerConfigKeys (ConfUtils.java:logGet(46)) - raft.server.snapshot.trigger-when-stop.enabled = true (default)
2025-05-13 08:07:29,445 [21150c38-a3e2-4a16-8c36-d72d8cfe1192-groupManagement] INFO  server.RaftServerConfigKeys (ConfUtils.java:logGet(46)) - raft.server.snapshot.trigger-when-remove.enabled = true (default)
2025-05-13 08:07:29,445 [21150c38-a3e2-4a16-8c36-d72d8cfe1192-groupManagement] INFO  server.RaftServerConfigKeys (ConfUtils.java:logGet(46)) - raft.server.snapshot.auto.trigger.enabled = true (custom)
2025-05-13 08:07:29,445 [21150c38-a3e2-4a16-8c36-d72d8cfe1192-groupManagement] INFO  server.RaftServerConfigKeys (ConfUtils.java:logGet(46)) - raft.server.snapshot.auto.trigger.threshold = 100000 (custom)
2025-05-13 08:07:29,445 [21150c38-a3e2-4a16-8c36-d72d8cfe1192-groupManagement] INFO  server.RaftServerConfigKeys (ConfUtils.java:logGet(46)) - raft.server.snapshot.retention.file.num = 5 (custom)
2025-05-13 08:07:29,445 [21150c38-a3e2-4a16-8c36-d72d8cfe1192-groupManagement] INFO  server.RaftServerConfigKeys (ConfUtils.java:logGet(46)) - raft.server.log.purge.upto.snapshot.index = false (default)
2025-05-13 08:07:29,446 [5535968c-90e6-409a-bf55-78519abc7d70-groupManagement] INFO  server.RaftServerConfigKeys (ConfUtils.java:logGet(46)) - raft.server.log.appender.buffer.byte-limit = 33554432 (custom)
2025-05-13 08:07:29,446 [5535968c-90e6-409a-bf55-78519abc7d70-groupManagement] INFO  server.RaftServerConfigKeys (ConfUtils.java:logGet(46)) - raft.server.log.unsafe-flush.enabled = false (default)
2025-05-13 08:07:29,446 [5535968c-90e6-409a-bf55-78519abc7d70-groupManagement] INFO  server.RaftServerConfigKeys (ConfUtils.java:logGet(46)) - raft.server.log.async-flush.enabled = false (default)
2025-05-13 08:07:29,446 [5535968c-90e6-409a-bf55-78519abc7d70-groupManagement] INFO  server.RaftServerConfigKeys (ConfUtils.java:logGet(46)) - raft.server.log.statemachine.data.caching.enabled = true (custom)
2025-05-13 08:07:29,446 [5535968c-90e6-409a-bf55-78519abc7d70-groupManagement] INFO  segmented.SegmentedRaftLogWorker (SegmentedRaftLogWorker.java:lambda$new$0(139)) - 5535968c-90e6-409a-bf55-78519abc7d70@group-208911670023-SegmentedRaftLogWorker: flushIndex: setUnconditionally 0 -> -1
2025-05-13 08:07:29,446 [5535968c-90e6-409a-bf55-78519abc7d70-groupManagement] INFO  segmented.SegmentedRaftLogWorker (SegmentedRaftLogWorker.java:lambda$new$0(139)) - 5535968c-90e6-409a-bf55-78519abc7d70@group-208911670023-SegmentedRaftLogWorker: safeCacheEvictIndex: setUnconditionally 0 -> -1
2025-05-13 08:07:29,447 [5535968c-90e6-409a-bf55-78519abc7d70-groupManagement] INFO  server.RaftServer$Division (RaftServerImpl.java:start(391)) - 5535968c-90e6-409a-bf55-78519abc7d70@group-208911670023: start as a follower, conf=conf: {index: -1, cur=peers:[5535968c-90e6-409a-bf55-78519abc7d70|127.0.0.1:15015, 21150c38-a3e2-4a16-8c36-d72d8cfe1192|127.0.0.1:15031, 214a71e2-145e-48a6-8ba5-d603b385d06b|127.0.0.1:15023]|listeners:[], old=null}
2025-05-13 08:07:29,447 [5535968c-90e6-409a-bf55-78519abc7d70-groupManagement] INFO  server.RaftServer$Division (RaftServerImpl.java:setRole(378)) - 5535968c-90e6-409a-bf55-78519abc7d70@group-208911670023: changes role from      null to FOLLOWER at term 0 for startAsFollower
2025-05-13 08:07:29,447 [5535968c-90e6-409a-bf55-78519abc7d70-groupManagement] INFO  impl.RoleInfo (RoleInfo.java:updateAndGet(148)) - 5535968c-90e6-409a-bf55-78519abc7d70: start 5535968c-90e6-409a-bf55-78519abc7d70@group-208911670023-FollowerState
2025-05-13 08:07:29,447 [21150c38-a3e2-4a16-8c36-d72d8cfe1192-groupManagement] INFO  server.RaftServer$Division (RaftServerImpl.java:start(405)) - 21150c38-a3e2-4a16-8c36-d72d8cfe1192@group-208911670023: Successfully started.
2025-05-13 08:07:29,448 [5535968c-90e6-409a-bf55-78519abc7d70-groupManagement] INFO  util.JmxRegister (JmxRegister.java:tryRegister(44)) - Successfully registered JMX Bean with object name Ratis:service=RaftServer,group=group-208911670023,id=5535968c-90e6-409a-bf55-78519abc7d70
2025-05-13 08:07:29,448 [5535968c-90e6-409a-bf55-78519abc7d70-groupManagement] INFO  util.JmxRegister (JmxRegister.java:register(58)) - register mxBean class org.apache.ratis.server.impl.RaftServerJmxAdapter as Ratis:service=RaftServer,group=group-208911670023,id=5535968c-90e6-409a-bf55-78519abc7d70
2025-05-13 08:07:29,448 [5535968c-90e6-409a-bf55-78519abc7d70@group-208911670023-FollowerState] INFO  server.RaftServerConfigKeys (ConfUtils.java:logGet(46)) - raft.server.rpc.first-election.timeout.min = 1000ms (custom)
2025-05-13 08:07:29,448 [5535968c-90e6-409a-bf55-78519abc7d70@group-208911670023-FollowerState] INFO  server.RaftServerConfigKeys (ConfUtils.java:logGet(46)) - raft.server.rpc.first-election.timeout.max = 1200ms (custom)
2025-05-13 08:07:29,448 [21150c38-a3e2-4a16-8c36-d72d8cfe1192-PipelineCommandHandlerThread-0] INFO  ratis.XceiverServerRatis (XceiverServerRatis.java:addGroup(843)) - Created group PipelineID=325a644d-f249-4d91-a4df-208911670023
2025-05-13 08:07:29,449 [5535968c-90e6-409a-bf55-78519abc7d70-groupManagement] INFO  server.RaftServerConfigKeys (ConfUtils.java:logGet(46)) - raft.server.snapshot.trigger-when-stop.enabled = true (default)
2025-05-13 08:07:29,449 [5535968c-90e6-409a-bf55-78519abc7d70-groupManagement] INFO  server.RaftServerConfigKeys (ConfUtils.java:logGet(46)) - raft.server.snapshot.trigger-when-remove.enabled = true (default)
2025-05-13 08:07:29,449 [5535968c-90e6-409a-bf55-78519abc7d70-groupManagement] INFO  server.RaftServerConfigKeys (ConfUtils.java:logGet(46)) - raft.server.snapshot.auto.trigger.enabled = true (custom)
2025-05-13 08:07:29,449 [5535968c-90e6-409a-bf55-78519abc7d70-groupManagement] INFO  server.RaftServerConfigKeys (ConfUtils.java:logGet(46)) - raft.server.snapshot.auto.trigger.threshold = 100000 (custom)
2025-05-13 08:07:29,449 [5535968c-90e6-409a-bf55-78519abc7d70-groupManagement] INFO  server.RaftServerConfigKeys (ConfUtils.java:logGet(46)) - raft.server.snapshot.retention.file.num = 5 (custom)
2025-05-13 08:07:29,449 [5535968c-90e6-409a-bf55-78519abc7d70-groupManagement] INFO  server.RaftServerConfigKeys (ConfUtils.java:logGet(46)) - raft.server.log.purge.upto.snapshot.index = false (default)
2025-05-13 08:07:29,452 [5535968c-90e6-409a-bf55-78519abc7d70-groupManagement] INFO  server.RaftServer$Division (RaftServerImpl.java:start(405)) - 5535968c-90e6-409a-bf55-78519abc7d70@group-208911670023: Successfully started.
2025-05-13 08:07:29,452 [5535968c-90e6-409a-bf55-78519abc7d70-PipelineCommandHandlerThread-0] INFO  ratis.XceiverServerRatis (XceiverServerRatis.java:addGroup(843)) - Created group PipelineID=325a644d-f249-4d91-a4df-208911670023
2025-05-13 08:07:29,469 [214a71e2-145e-48a6-8ba5-d603b385d06b-PipelineCommandHandlerThread-0] INFO  commandhandler.CreatePipelineCommandHandler (CreatePipelineCommandHandler.java:lambda$handle$2(128)) - Created Pipeline RATIS THREE PipelineID=325a644d-f249-4d91-a4df-208911670023.
2025-05-13 08:07:29,508 [5535968c-90e6-409a-bf55-78519abc7d70-PipelineCommandHandlerThread-0] INFO  commandhandler.CreatePipelineCommandHandler (CreatePipelineCommandHandler.java:lambda$handle$2(128)) - Created Pipeline RATIS THREE PipelineID=325a644d-f249-4d91-a4df-208911670023.
2025-05-13 08:07:29,511 [21150c38-a3e2-4a16-8c36-d72d8cfe1192-PipelineCommandHandlerThread-0] INFO  commandhandler.CreatePipelineCommandHandler (CreatePipelineCommandHandler.java:lambda$handle$2(128)) - Created Pipeline RATIS THREE PipelineID=325a644d-f249-4d91-a4df-208911670023.
2025-05-13 08:07:29,678 [main] INFO  audit.AuditLogger (AuditLogger.java:refreshDebugCmdSet(133)) - Refresh DebugCmdSet for S3GAudit to [].
2025-05-13 08:07:29,739 [main] INFO  handler.ContextHandler (ContextHandler.java:doStart(921)) - Started o.e.j.w.WebAppContext@26d60427{s3gateway,/,file:///home/runner/work/ozone/ozone/hadoop-ozone/integration-test-s3/ozone_http_tmp_base_dir3110740336244369057/jetty-0_0_0_0-15050-ozone-s3gateway-2_1_0-SNAPSHOT_jar-_-any-10677426898519428066/webapp/,AVAILABLE}{jar:file:/home/runner/work/ozone/ozone/hadoop-ozone/s3gateway/target/ozone-s3gateway-2.1.0-SNAPSHOT.jar!/webapps/s3gateway}
2025-05-13 08:07:29,740 [main] INFO  server.AbstractConnector (AbstractConnector.java:doStart(333)) - Started ServerConnector@7755382a{HTTP/1.1, (http/1.1)}{0.0.0.0:15050}
2025-05-13 08:07:29,740 [main] INFO  server.Server (Server.java:doStart(415)) - Started @18529ms
2025-05-13 08:07:29,740 [main] INFO  http.BaseHttpServer (BaseHttpServer.java:updateConnectorAddress(359)) - HTTP server of s3gateway listening at http://0.0.0.0:15050
2025-05-13 08:07:29,741 [main] INFO  http.HttpServer2 (HttpServer2.java:bindListener(1242)) - Jetty bound to port 19878
2025-05-13 08:07:29,741 [main] INFO  server.Server (Server.java:doStart(375)) - jetty-9.4.57.v20241219; built: 2025-01-08T21:24:30.412Z; git: df524e6b29271c2e09ba9aea83c18dc9db464a31; jvm 21.0.7+6-LTS
2025-05-13 08:07:29,742 [main] INFO  server.session (DefaultSessionIdManager.java:doStart(334)) - DefaultSessionIdManager workerName=node0
2025-05-13 08:07:29,742 [main] INFO  server.session (DefaultSessionIdManager.java:doStart(339)) - No SessionScavenger set, using defaults
2025-05-13 08:07:29,742 [main] INFO  server.session (HouseKeeper.java:startScavenging(132)) - node0 Scavenging every 660000ms
2025-05-13 08:07:29,743 [main] INFO  handler.ContextHandler (ContextHandler.java:doStart(921)) - Started o.e.j.s.ServletContextHandler@5762dc14{logs,/logs,file:///home/runner/work/ozone/ozone/hadoop-ozone/integration-test-s3/target/log,AVAILABLE}
2025-05-13 08:07:29,743 [main] INFO  handler.ContextHandler (ContextHandler.java:doStart(921)) - Started o.e.j.s.ServletContextHandler@552da55b{static,/static,jar:file:/home/runner/work/ozone/ozone/hadoop-ozone/s3gateway/target/ozone-s3gateway-2.1.0-SNAPSHOT.jar!/webapps/static,AVAILABLE}
2025-05-13 08:07:29,888 [5535968c-90e6-409a-bf55-78519abc7d70@group-03C39C18C99A-FollowerState] INFO  impl.FollowerState (FollowerState.java:runImpl(161)) - 5535968c-90e6-409a-bf55-78519abc7d70@group-03C39C18C99A-FollowerState: change to CANDIDATE, lastRpcElapsedTime:1155732769ns, electionTimeout:1152ms
2025-05-13 08:07:29,888 [5535968c-90e6-409a-bf55-78519abc7d70@group-03C39C18C99A-FollowerState] INFO  impl.RoleInfo (RoleInfo.java:shutdownFollowerState(121)) - 5535968c-90e6-409a-bf55-78519abc7d70: shutdown 5535968c-90e6-409a-bf55-78519abc7d70@group-03C39C18C99A-FollowerState
2025-05-13 08:07:29,888 [5535968c-90e6-409a-bf55-78519abc7d70@group-03C39C18C99A-FollowerState] INFO  server.RaftServer$Division (RaftServerImpl.java:setRole(378)) - 5535968c-90e6-409a-bf55-78519abc7d70@group-03C39C18C99A: changes role from  FOLLOWER to CANDIDATE at term 0 for changeToCandidate
2025-05-13 08:07:29,889 [5535968c-90e6-409a-bf55-78519abc7d70@group-03C39C18C99A-FollowerState] INFO  server.RaftServerConfigKeys (ConfUtils.java:logGet(46)) - raft.server.leaderelection.pre-vote = true (default)
2025-05-13 08:07:29,889 [5535968c-90e6-409a-bf55-78519abc7d70@group-03C39C18C99A-FollowerState] INFO  impl.RoleInfo (RoleInfo.java:updateAndGet(148)) - 5535968c-90e6-409a-bf55-78519abc7d70: start 5535968c-90e6-409a-bf55-78519abc7d70@group-03C39C18C99A-LeaderElection4
2025-05-13 08:07:29,889 [5535968c-90e6-409a-bf55-78519abc7d70@group-03C39C18C99A-LeaderElection4] INFO  impl.LeaderElection (LeaderElection.java:askForVotes(332)) - 5535968c-90e6-409a-bf55-78519abc7d70@group-03C39C18C99A-LeaderElection4 PRE_VOTE round 0: submit vote requests at term 0 for conf: {index: -1, cur=peers:[5535968c-90e6-409a-bf55-78519abc7d70|127.0.0.1:15015, 21150c38-a3e2-4a16-8c36-d72d8cfe1192|127.0.0.1:15031, 214a71e2-145e-48a6-8ba5-d603b385d06b|127.0.0.1:15023]|listeners:[], old=null}
2025-05-13 08:07:29,893 [5535968c-90e6-409a-bf55-78519abc7d70@group-03C39C18C99A-LeaderElection4-1] INFO  server.GrpcServerProtocolClient (GrpcServerProtocolClient.java:<init>(65)) - Build channel for 21150c38-a3e2-4a16-8c36-d72d8cfe1192|127.0.0.1:15031
2025-05-13 08:07:29,895 [5535968c-90e6-409a-bf55-78519abc7d70@group-03C39C18C99A-LeaderElection4] INFO  server.RaftServerConfigKeys (ConfUtils.java:logGet(46)) - raft.server.rpc.first-election.timeout.min = 1000ms (custom)
2025-05-13 08:07:29,895 [5535968c-90e6-409a-bf55-78519abc7d70@group-03C39C18C99A-LeaderElection4] INFO  server.RaftServerConfigKeys (ConfUtils.java:logGet(46)) - raft.server.rpc.first-election.timeout.max = 1200ms (custom)
2025-05-13 08:07:29,896 [5535968c-90e6-409a-bf55-78519abc7d70@group-03C39C18C99A-LeaderElection4-2] INFO  server.GrpcServerProtocolClient (GrpcServerProtocolClient.java:<init>(65)) - Build channel for 214a71e2-145e-48a6-8ba5-d603b385d06b|127.0.0.1:15023
2025-05-13 08:07:29,905 [grpc-default-executor-1] INFO  server.RaftServer$Division (RaftServerImpl.java:requestVote(1407)) - 214a71e2-145e-48a6-8ba5-d603b385d06b@group-03C39C18C99A: receive requestVote(PRE_VOTE, 5535968c-90e6-409a-bf55-78519abc7d70, group-03C39C18C99A, 0, (t:0, i:0))
2025-05-13 08:07:29,905 [grpc-default-executor-0] INFO  server.RaftServer$Division (RaftServerImpl.java:requestVote(1407)) - 21150c38-a3e2-4a16-8c36-d72d8cfe1192@group-03C39C18C99A: receive requestVote(PRE_VOTE, 5535968c-90e6-409a-bf55-78519abc7d70, group-03C39C18C99A, 0, (t:0, i:0))
2025-05-13 08:07:29,906 [grpc-default-executor-1] INFO  impl.VoteContext (VoteContext.java:log(49)) - 214a71e2-145e-48a6-8ba5-d603b385d06b@group-03C39C18C99A-FOLLOWER: reject PRE_VOTE from 5535968c-90e6-409a-bf55-78519abc7d70: our priority 1 > candidate's priority 0
2025-05-13 08:07:29,906 [grpc-default-executor-0] INFO  impl.VoteContext (VoteContext.java:log(49)) - 21150c38-a3e2-4a16-8c36-d72d8cfe1192@group-03C39C18C99A-FOLLOWER: accept PRE_VOTE from 5535968c-90e6-409a-bf55-78519abc7d70: our priority 0 <= candidate's priority 0
2025-05-13 08:07:29,908 [grpc-default-executor-1] INFO  server.RaftServer$Division (RaftServerImpl.java:requestVote(1441)) - 214a71e2-145e-48a6-8ba5-d603b385d06b@group-03C39C18C99A replies to PRE_VOTE vote request: 5535968c-90e6-409a-bf55-78519abc7d70<-214a71e2-145e-48a6-8ba5-d603b385d06b#0:FAIL-t0. Peer's state: 214a71e2-145e-48a6-8ba5-d603b385d06b@group-03C39C18C99A:t0, leader=null, voted=, raftlog=Memoized:214a71e2-145e-48a6-8ba5-d603b385d06b@group-03C39C18C99A-SegmentedRaftLog:OPENED:c-1:lastnull, conf=conf: {index: -1, cur=peers:[5535968c-90e6-409a-bf55-78519abc7d70|127.0.0.1:15015, 21150c38-a3e2-4a16-8c36-d72d8cfe1192|127.0.0.1:15031, 214a71e2-145e-48a6-8ba5-d603b385d06b|127.0.0.1:15023]|listeners:[], old=null}
2025-05-13 08:07:29,908 [grpc-default-executor-0] INFO  server.RaftServer$Division (RaftServerImpl.java:requestVote(1441)) - 21150c38-a3e2-4a16-8c36-d72d8cfe1192@group-03C39C18C99A replies to PRE_VOTE vote request: 5535968c-90e6-409a-bf55-78519abc7d70<-21150c38-a3e2-4a16-8c36-d72d8cfe1192#0:OK-t0. Peer's state: 21150c38-a3e2-4a16-8c36-d72d8cfe1192@group-03C39C18C99A:t0, leader=null, voted=, raftlog=Memoized:21150c38-a3e2-4a16-8c36-d72d8cfe1192@group-03C39C18C99A-SegmentedRaftLog:OPENED:c-1:lastnull, conf=conf: {index: -1, cur=peers:[5535968c-90e6-409a-bf55-78519abc7d70|127.0.0.1:15015, 21150c38-a3e2-4a16-8c36-d72d8cfe1192|127.0.0.1:15031, 214a71e2-145e-48a6-8ba5-d603b385d06b|127.0.0.1:15023]|listeners:[], old=null}
2025-05-13 08:07:29,911 [5535968c-90e6-409a-bf55-78519abc7d70@group-03C39C18C99A-LeaderElection4] INFO  impl.LeaderElection (LeaderElection.java:logAndReturn(90)) - 5535968c-90e6-409a-bf55-78519abc7d70@group-03C39C18C99A-LeaderElection4: PRE_VOTE REJECTED received 1 response(s) and 0 exception(s):
2025-05-13 08:07:29,912 [5535968c-90e6-409a-bf55-78519abc7d70@group-03C39C18C99A-LeaderElection4] INFO  impl.LeaderElection (LeaderElection.java:logAndReturn(94)) -   Response 0: 5535968c-90e6-409a-bf55-78519abc7d70<-214a71e2-145e-48a6-8ba5-d603b385d06b#0:FAIL-t0
2025-05-13 08:07:29,912 [5535968c-90e6-409a-bf55-78519abc7d70@group-03C39C18C99A-LeaderElection4] INFO  impl.LeaderElection (LeaderElection.java:askForVotes(334)) - 5535968c-90e6-409a-bf55-78519abc7d70@group-03C39C18C99A-LeaderElection4 PRE_VOTE round 0: result REJECTED
2025-05-13 08:07:29,912 [5535968c-90e6-409a-bf55-78519abc7d70@group-03C39C18C99A-LeaderElection4] INFO  server.RaftServer$Division (RaftServerImpl.java:setRole(378)) - 5535968c-90e6-409a-bf55-78519abc7d70@group-03C39C18C99A: changes role from CANDIDATE to FOLLOWER at term 0 for REJECTED
2025-05-13 08:07:29,912 [5535968c-90e6-409a-bf55-78519abc7d70@group-03C39C18C99A-LeaderElection4] INFO  impl.RoleInfo (RoleInfo.java:shutdownLeaderElection(141)) - 5535968c-90e6-409a-bf55-78519abc7d70: shutdown 5535968c-90e6-409a-bf55-78519abc7d70@group-03C39C18C99A-LeaderElection4
2025-05-13 08:07:29,912 [5535968c-90e6-409a-bf55-78519abc7d70@group-03C39C18C99A-LeaderElection4] INFO  impl.RoleInfo (RoleInfo.java:updateAndGet(148)) - 5535968c-90e6-409a-bf55-78519abc7d70: start 5535968c-90e6-409a-bf55-78519abc7d70@group-03C39C18C99A-FollowerState
2025-05-13 08:07:29,912 [5535968c-90e6-409a-bf55-78519abc7d70@group-03C39C18C99A-LeaderElection4] INFO  server.RaftServer$Division (RaftServerImpl.java:setFirstElection(562)) - 5535968c-90e6-409a-bf55-78519abc7d70@group-03C39C18C99A: set firstElectionSinceStartup to false for REJECTED
2025-05-13 08:07:30,082 [214a71e2-145e-48a6-8ba5-d603b385d06b@group-03C39C18C99A-FollowerState] INFO  impl.FollowerState (FollowerState.java:runImpl(161)) - 214a71e2-145e-48a6-8ba5-d603b385d06b@group-03C39C18C99A-FollowerState: change to CANDIDATE, lastRpcElapsedTime:1056321424ns, electionTimeout:1054ms
2025-05-13 08:07:30,082 [214a71e2-145e-48a6-8ba5-d603b385d06b@group-03C39C18C99A-FollowerState] INFO  impl.RoleInfo (RoleInfo.java:shutdownFollowerState(121)) - 214a71e2-145e-48a6-8ba5-d603b385d06b: shutdown 214a71e2-145e-48a6-8ba5-d603b385d06b@group-03C39C18C99A-FollowerState
2025-05-13 08:07:30,082 [214a71e2-145e-48a6-8ba5-d603b385d06b@group-03C39C18C99A-FollowerState] INFO  server.RaftServer$Division (RaftServerImpl.java:setRole(378)) - 214a71e2-145e-48a6-8ba5-d603b385d06b@group-03C39C18C99A: changes role from  FOLLOWER to CANDIDATE at term 0 for changeToCandidate
2025-05-13 08:07:30,083 [214a71e2-145e-48a6-8ba5-d603b385d06b@group-03C39C18C99A-FollowerState] INFO  server.RaftServerConfigKeys (ConfUtils.java:logGet(46)) - raft.server.leaderelection.pre-vote = true (default)
2025-05-13 08:07:30,083 [214a71e2-145e-48a6-8ba5-d603b385d06b@group-03C39C18C99A-FollowerState] INFO  impl.RoleInfo (RoleInfo.java:updateAndGet(148)) - 214a71e2-145e-48a6-8ba5-d603b385d06b: start 214a71e2-145e-48a6-8ba5-d603b385d06b@group-03C39C18C99A-LeaderElection5
2025-05-13 08:07:30,086 [214a71e2-145e-48a6-8ba5-d603b385d06b@group-03C39C18C99A-LeaderElection5] INFO  impl.LeaderElection (LeaderElection.java:askForVotes(332)) - 214a71e2-145e-48a6-8ba5-d603b385d06b@group-03C39C18C99A-LeaderElection5 PRE_VOTE round 0: submit vote requests at term 0 for conf: {index: -1, cur=peers:[5535968c-90e6-409a-bf55-78519abc7d70|127.0.0.1:15015, 21150c38-a3e2-4a16-8c36-d72d8cfe1192|127.0.0.1:15031, 214a71e2-145e-48a6-8ba5-d603b385d06b|127.0.0.1:15023]|listeners:[], old=null}
2025-05-13 08:07:30,088 [214a71e2-145e-48a6-8ba5-d603b385d06b@group-03C39C18C99A-LeaderElection5-1] INFO  server.GrpcServerProtocolClient (GrpcServerProtocolClient.java:<init>(65)) - Build channel for 5535968c-90e6-409a-bf55-78519abc7d70|127.0.0.1:15015
2025-05-13 08:07:30,088 [214a71e2-145e-48a6-8ba5-d603b385d06b@group-03C39C18C99A-LeaderElection5] INFO  server.RaftServerConfigKeys (ConfUtils.java:logGet(46)) - raft.server.rpc.first-election.timeout.min = 1000ms (custom)
2025-05-13 08:07:30,088 [214a71e2-145e-48a6-8ba5-d603b385d06b@group-03C39C18C99A-LeaderElection5] INFO  server.RaftServerConfigKeys (ConfUtils.java:logGet(46)) - raft.server.rpc.first-election.timeout.max = 1200ms (custom)
2025-05-13 08:07:30,088 [214a71e2-145e-48a6-8ba5-d603b385d06b@group-03C39C18C99A-LeaderElection5-2] INFO  server.GrpcServerProtocolClient (GrpcServerProtocolClient.java:<init>(65)) - Build channel for 21150c38-a3e2-4a16-8c36-d72d8cfe1192|127.0.0.1:15031
2025-05-13 08:07:30,100 [grpc-default-executor-1] INFO  server.RaftServer$Division (RaftServerImpl.java:requestVote(1407)) - 5535968c-90e6-409a-bf55-78519abc7d70@group-03C39C18C99A: receive requestVote(PRE_VOTE, 214a71e2-145e-48a6-8ba5-d603b385d06b, group-03C39C18C99A, 0, (t:0, i:0))
2025-05-13 08:07:30,100 [grpc-default-executor-1] INFO  impl.VoteContext (VoteContext.java:log(49)) - 5535968c-90e6-409a-bf55-78519abc7d70@group-03C39C18C99A-FOLLOWER: accept PRE_VOTE from 214a71e2-145e-48a6-8ba5-d603b385d06b: our priority 0 <= candidate's priority 1
2025-05-13 08:07:30,100 [grpc-default-executor-1] INFO  server.RaftServer$Division (RaftServerImpl.java:requestVote(1441)) - 5535968c-90e6-409a-bf55-78519abc7d70@group-03C39C18C99A replies to PRE_VOTE vote request: 214a71e2-145e-48a6-8ba5-d603b385d06b<-5535968c-90e6-409a-bf55-78519abc7d70#0:OK-t0. Peer's state: 5535968c-90e6-409a-bf55-78519abc7d70@group-03C39C18C99A:t0, leader=null, voted=, raftlog=Memoized:5535968c-90e6-409a-bf55-78519abc7d70@group-03C39C18C99A-SegmentedRaftLog:OPENED:c-1:lastnull, conf=conf: {index: -1, cur=peers:[5535968c-90e6-409a-bf55-78519abc7d70|127.0.0.1:15015, 21150c38-a3e2-4a16-8c36-d72d8cfe1192|127.0.0.1:15031, 214a71e2-145e-48a6-8ba5-d603b385d06b|127.0.0.1:15023]|listeners:[], old=null}
2025-05-13 08:07:30,101 [grpc-default-executor-0] INFO  server.RaftServer$Division (RaftServerImpl.java:requestVote(1407)) - 21150c38-a3e2-4a16-8c36-d72d8cfe1192@group-03C39C18C99A: receive requestVote(PRE_VOTE, 214a71e2-145e-48a6-8ba5-d603b385d06b, group-03C39C18C99A, 0, (t:0, i:0))
2025-05-13 08:07:30,101 [grpc-default-executor-0] INFO  impl.VoteContext (VoteContext.java:log(49)) - 21150c38-a3e2-4a16-8c36-d72d8cfe1192@group-03C39C18C99A-FOLLOWER: accept PRE_VOTE from 214a71e2-145e-48a6-8ba5-d603b385d06b: our priority 0 <= candidate's priority 1
2025-05-13 08:07:30,101 [grpc-default-executor-0] INFO  server.RaftServer$Division (RaftServerImpl.java:requestVote(1441)) - 21150c38-a3e2-4a16-8c36-d72d8cfe1192@group-03C39C18C99A replies to PRE_VOTE vote request: 214a71e2-145e-48a6-8ba5-d603b385d06b<-21150c38-a3e2-4a16-8c36-d72d8cfe1192#0:OK-t0. Peer's state: 21150c38-a3e2-4a16-8c36-d72d8cfe1192@group-03C39C18C99A:t0, leader=null, voted=, raftlog=Memoized:21150c38-a3e2-4a16-8c36-d72d8cfe1192@group-03C39C18C99A-SegmentedRaftLog:OPENED:c-1:lastnull, conf=conf: {index: -1, cur=peers:[5535968c-90e6-409a-bf55-78519abc7d70|127.0.0.1:15015, 21150c38-a3e2-4a16-8c36-d72d8cfe1192|127.0.0.1:15031, 214a71e2-145e-48a6-8ba5-d603b385d06b|127.0.0.1:15023]|listeners:[], old=null}
2025-05-13 08:07:30,102 [214a71e2-145e-48a6-8ba5-d603b385d06b@group-03C39C18C99A-LeaderElection5] INFO  impl.LeaderElection (LeaderElection.java:logAndReturn(90)) - 214a71e2-145e-48a6-8ba5-d603b385d06b@group-03C39C18C99A-LeaderElection5: PRE_VOTE PASSED received 1 response(s) and 0 exception(s):
2025-05-13 08:07:30,102 [214a71e2-145e-48a6-8ba5-d603b385d06b@group-03C39C18C99A-LeaderElection5] INFO  impl.LeaderElection (LeaderElection.java:logAndReturn(94)) -   Response 0: 214a71e2-145e-48a6-8ba5-d603b385d06b<-5535968c-90e6-409a-bf55-78519abc7d70#0:OK-t0
2025-05-13 08:07:30,102 [214a71e2-145e-48a6-8ba5-d603b385d06b@group-03C39C18C99A-LeaderElection5] INFO  impl.LeaderElection (LeaderElection.java:askForVotes(334)) - 214a71e2-145e-48a6-8ba5-d603b385d06b@group-03C39C18C99A-LeaderElection5 PRE_VOTE round 0: result PASSED
2025-05-13 08:07:30,105 [214a71e2-145e-48a6-8ba5-d603b385d06b@group-03C39C18C99A-LeaderElection5] INFO  impl.LeaderElection (LeaderElection.java:askForVotes(332)) - 214a71e2-145e-48a6-8ba5-d603b385d06b@group-03C39C18C99A-LeaderElection5 ELECTION round 0: submit vote requests at term 1 for conf: {index: -1, cur=peers:[5535968c-90e6-409a-bf55-78519abc7d70|127.0.0.1:15015, 21150c38-a3e2-4a16-8c36-d72d8cfe1192|127.0.0.1:15031, 214a71e2-145e-48a6-8ba5-d603b385d06b|127.0.0.1:15023]|listeners:[], old=null}
2025-05-13 08:07:30,105 [214a71e2-145e-48a6-8ba5-d603b385d06b@group-03C39C18C99A-LeaderElection5] INFO  server.RaftServerConfigKeys (ConfUtils.java:logGet(46)) - raft.server.rpc.first-election.timeout.min = 1000ms (custom)
2025-05-13 08:07:30,105 [214a71e2-145e-48a6-8ba5-d603b385d06b@group-03C39C18C99A-LeaderElection5] INFO  server.RaftServerConfigKeys (ConfUtils.java:logGet(46)) - raft.server.rpc.first-election.timeout.max = 1200ms (custom)
2025-05-13 08:07:30,108 [grpc-default-executor-1] INFO  server.RaftServer$Division (RaftServerImpl.java:requestVote(1407)) - 21150c38-a3e2-4a16-8c36-d72d8cfe1192@group-03C39C18C99A: receive requestVote(ELECTION, 214a71e2-145e-48a6-8ba5-d603b385d06b, group-03C39C18C99A, 1, (t:0, i:0))
2025-05-13 08:07:30,108 [grpc-default-executor-1] INFO  impl.VoteContext (VoteContext.java:log(49)) - 21150c38-a3e2-4a16-8c36-d72d8cfe1192@group-03C39C18C99A-FOLLOWER: accept ELECTION from 214a71e2-145e-48a6-8ba5-d603b385d06b: our priority 0 <= candidate's priority 1
2025-05-13 08:07:30,108 [grpc-default-executor-1] INFO  server.RaftServer$Division (RaftServerImpl.java:setRole(378)) - 21150c38-a3e2-4a16-8c36-d72d8cfe1192@group-03C39C18C99A: changes role from  FOLLOWER to FOLLOWER at term 0 for candidate:214a71e2-145e-48a6-8ba5-d603b385d06b
2025-05-13 08:07:30,108 [grpc-default-executor-1] INFO  impl.RoleInfo (RoleInfo.java:shutdownFollowerState(121)) - 21150c38-a3e2-4a16-8c36-d72d8cfe1192: shutdown 21150c38-a3e2-4a16-8c36-d72d8cfe1192@group-03C39C18C99A-FollowerState
2025-05-13 08:07:30,108 [grpc-default-executor-1] INFO  impl.RoleInfo (RoleInfo.java:updateAndGet(148)) - 21150c38-a3e2-4a16-8c36-d72d8cfe1192: start 21150c38-a3e2-4a16-8c36-d72d8cfe1192@group-03C39C18C99A-FollowerState
2025-05-13 08:07:30,108 [21150c38-a3e2-4a16-8c36-d72d8cfe1192@group-03C39C18C99A-FollowerState] INFO  impl.FollowerState (FollowerState.java:runImpl(170)) - 21150c38-a3e2-4a16-8c36-d72d8cfe1192@group-03C39C18C99A-FollowerState was interrupted
2025-05-13 08:07:30,109 [grpc-default-executor-0] INFO  server.RaftServer$Division (RaftServerImpl.java:requestVote(1407)) - 5535968c-90e6-409a-bf55-78519abc7d70@group-03C39C18C99A: receive requestVote(ELECTION, 214a71e2-145e-48a6-8ba5-d603b385d06b, group-03C39C18C99A, 1, (t:0, i:0))
2025-05-13 08:07:30,109 [grpc-default-executor-0] INFO  impl.VoteContext (VoteContext.java:log(49)) - 5535968c-90e6-409a-bf55-78519abc7d70@group-03C39C18C99A-FOLLOWER: accept ELECTION from 214a71e2-145e-48a6-8ba5-d603b385d06b: our priority 0 <= candidate's priority 1
2025-05-13 08:07:30,109 [grpc-default-executor-0] INFO  server.RaftServer$Division (RaftServerImpl.java:setRole(378)) - 5535968c-90e6-409a-bf55-78519abc7d70@group-03C39C18C99A: changes role from  FOLLOWER to FOLLOWER at term 0 for candidate:214a71e2-145e-48a6-8ba5-d603b385d06b
2025-05-13 08:07:30,109 [grpc-default-executor-0] INFO  impl.RoleInfo (RoleInfo.java:shutdownFollowerState(121)) - 5535968c-90e6-409a-bf55-78519abc7d70: shutdown 5535968c-90e6-409a-bf55-78519abc7d70@group-03C39C18C99A-FollowerState
2025-05-13 08:07:30,109 [grpc-default-executor-0] INFO  impl.RoleInfo (RoleInfo.java:updateAndGet(148)) - 5535968c-90e6-409a-bf55-78519abc7d70: start 5535968c-90e6-409a-bf55-78519abc7d70@group-03C39C18C99A-FollowerState
2025-05-13 08:07:30,109 [grpc-default-executor-1] INFO  server.RaftServer$Division (RaftServerImpl.java:setFirstElection(562)) - 21150c38-a3e2-4a16-8c36-d72d8cfe1192@group-03C39C18C99A: set firstElectionSinceStartup to false for candidate:214a71e2-145e-48a6-8ba5-d603b385d06b
2025-05-13 08:07:30,109 [5535968c-90e6-409a-bf55-78519abc7d70@group-03C39C18C99A-FollowerState] INFO  impl.FollowerState (FollowerState.java:runImpl(170)) - 5535968c-90e6-409a-bf55-78519abc7d70@group-03C39C18C99A-FollowerState was interrupted
2025-05-13 08:07:30,112 [grpc-default-executor-1] INFO  server.RaftServer$Division (RaftServerImpl.java:requestVote(1441)) - 21150c38-a3e2-4a16-8c36-d72d8cfe1192@group-03C39C18C99A replies to ELECTION vote request: 214a71e2-145e-48a6-8ba5-d603b385d06b<-21150c38-a3e2-4a16-8c36-d72d8cfe1192#0:OK-t1. Peer's state: 21150c38-a3e2-4a16-8c36-d72d8cfe1192@group-03C39C18C99A:t1, leader=null, voted=214a71e2-145e-48a6-8ba5-d603b385d06b, raftlog=Memoized:21150c38-a3e2-4a16-8c36-d72d8cfe1192@group-03C39C18C99A-SegmentedRaftLog:OPENED:c-1:lastnull, conf=conf: {index: -1, cur=peers:[5535968c-90e6-409a-bf55-78519abc7d70|127.0.0.1:15015, 21150c38-a3e2-4a16-8c36-d72d8cfe1192|127.0.0.1:15031, 214a71e2-145e-48a6-8ba5-d603b385d06b|127.0.0.1:15023]|listeners:[], old=null}
2025-05-13 08:07:30,114 [214a71e2-145e-48a6-8ba5-d603b385d06b@group-03C39C18C99A-LeaderElection5] INFO  impl.LeaderElection (LeaderElection.java:logAndReturn(90)) - 214a71e2-145e-48a6-8ba5-d603b385d06b@group-03C39C18C99A-LeaderElection5: ELECTION PASSED received 1 response(s) and 0 exception(s):
2025-05-13 08:07:30,114 [214a71e2-145e-48a6-8ba5-d603b385d06b@group-03C39C18C99A-LeaderElection5] INFO  impl.LeaderElection (LeaderElection.java:logAndReturn(94)) -   Response 0: 214a71e2-145e-48a6-8ba5-d603b385d06b<-21150c38-a3e2-4a16-8c36-d72d8cfe1192#0:OK-t1
2025-05-13 08:07:30,114 [214a71e2-145e-48a6-8ba5-d603b385d06b@group-03C39C18C99A-LeaderElection5] INFO  impl.LeaderElection (LeaderElection.java:askForVotes(334)) - 214a71e2-145e-48a6-8ba5-d603b385d06b@group-03C39C18C99A-LeaderElection5 ELECTION round 0: result PASSED
2025-05-13 08:07:30,114 [214a71e2-145e-48a6-8ba5-d603b385d06b@group-03C39C18C99A-LeaderElection5] INFO  impl.RoleInfo (RoleInfo.java:shutdownLeaderElection(141)) - 214a71e2-145e-48a6-8ba5-d603b385d06b: shutdown 214a71e2-145e-48a6-8ba5-d603b385d06b@group-03C39C18C99A-LeaderElection5
2025-05-13 08:07:30,114 [214a71e2-145e-48a6-8ba5-d603b385d06b@group-03C39C18C99A-LeaderElection5] INFO  server.RaftServer$Division (RaftServerImpl.java:setRole(378)) - 214a71e2-145e-48a6-8ba5-d603b385d06b@group-03C39C18C99A: changes role from CANDIDATE to LEADER at term 1 for changeToLeader
2025-05-13 08:07:30,114 [214a71e2-145e-48a6-8ba5-d603b385d06b@group-03C39C18C99A-LeaderElection5] INFO  server.RaftServerConfigKeys (ConfUtils.java:logGet(46)) - raft.server.staging.catchup.gap = 1000 (default)
2025-05-13 08:07:30,115 [grpc-default-executor-0] INFO  server.RaftServer$Division (RaftServerImpl.java:requestVote(1441)) - 5535968c-90e6-409a-bf55-78519abc7d70@group-03C39C18C99A replies to ELECTION vote request: 214a71e2-145e-48a6-8ba5-d603b385d06b<-5535968c-90e6-409a-bf55-78519abc7d70#0:OK-t1. Peer's state: 5535968c-90e6-409a-bf55-78519abc7d70@group-03C39C18C99A:t1, leader=null, voted=214a71e2-145e-48a6-8ba5-d603b385d06b, raftlog=Memoized:5535968c-90e6-409a-bf55-78519abc7d70@group-03C39C18C99A-SegmentedRaftLog:OPENED:c-1:lastnull, conf=conf: {index: -1, cur=peers:[5535968c-90e6-409a-bf55-78519abc7d70|127.0.0.1:15015, 21150c38-a3e2-4a16-8c36-d72d8cfe1192|127.0.0.1:15031, 214a71e2-145e-48a6-8ba5-d603b385d06b|127.0.0.1:15023]|listeners:[], old=null}
2025-05-13 08:07:30,116 [214a71e2-145e-48a6-8ba5-d603b385d06b@group-03C39C18C99A-LeaderElection5] INFO  server.RaftServerConfigKeys (ConfUtils.java:logGet(46)) - raft.server.write.element-limit = 1024 (custom)
2025-05-13 08:07:30,116 [214a71e2-145e-48a6-8ba5-d603b385d06b@group-03C39C18C99A-LeaderElection5] INFO  server.RaftServerConfigKeys (ConfUtils.java:logGet(46)) - raft.server.write.byte-limit = 1024 M (=1073741824) (custom)
2025-05-13 08:07:30,116 [214a71e2-145e-48a6-8ba5-d603b385d06b@group-03C39C18C99A-LeaderElection5] INFO  server.RaftServerConfigKeys (ConfUtils.java:logGet(46)) - raft.server.watch.timeout = 30s (custom)
2025-05-13 08:07:30,116 [214a71e2-145e-48a6-8ba5-d603b385d06b@group-03C39C18C99A-LeaderElection5] INFO  server.RaftServerConfigKeys (ConfUtils.java:logGet(46)) - raft.server.watch.timeout.denomination = 1s (default)
2025-05-13 08:07:30,116 [214a71e2-145e-48a6-8ba5-d603b385d06b@group-03C39C18C99A-LeaderElection5] INFO  server.RaftServerConfigKeys (ConfUtils.java:logGet(46)) - raft.server.watch.element-limit = 65536 (default)
2025-05-13 08:07:30,118 [214a71e2-145e-48a6-8ba5-d603b385d06b@group-03C39C18C99A-LeaderElection5] INFO  server.RaftServerConfigKeys (ConfUtils.java:logGet(46)) - raft.server.read.leader.lease.enabled = false (default)
2025-05-13 08:07:30,118 [214a71e2-145e-48a6-8ba5-d603b385d06b@group-03C39C18C99A-LeaderElection5] INFO  server.RaftServerConfigKeys (ConfUtils.java:logGet(46)) - raft.server.read.leader.lease.timeout.ratio = 0.9 (default)
2025-05-13 08:07:30,118 [214a71e2-145e-48a6-8ba5-d603b385d06b@group-03C39C18C99A-LeaderElection5] INFO  server.RaftServerConfigKeys (ConfUtils.java:logGet(46)) - raft.server.rpc.timeout.min = 5s (custom)
2025-05-13 08:07:30,119 [214a71e2-145e-48a6-8ba5-d603b385d06b@group-03C39C18C99A-LeaderElection5] INFO  server.RaftServerConfigKeys (ConfUtils.java:logGet(46)) - raft.server.log.log-metadata.enabled = true (default)
2025-05-13 08:07:30,119 [214a71e2-145e-48a6-8ba5-d603b385d06b@group-03C39C18C99A-LeaderElection5] INFO  server.RaftServerConfigKeys (ConfUtils.java:logGet(46)) - raft.server.write.element-limit = 1024 (custom)
2025-05-13 08:07:30,119 [214a71e2-145e-48a6-8ba5-d603b385d06b@group-03C39C18C99A-LeaderElection5] INFO  server.RaftServerConfigKeys (ConfUtils.java:logGet(46)) - raft.server.write.follower.gap.ratio.max = -1.0 (default)
2025-05-13 08:07:30,133 [214a71e2-145e-48a6-8ba5-d603b385d06b@group-03C39C18C99A-LeaderElection5] INFO  server.RaftServerConfigKeys (ConfUtils.java:logGet(46)) - raft.server.log.appender.snapshot.chunk.size.max = 16MB (=16777216) (default)
2025-05-13 08:07:30,133 [214a71e2-145e-48a6-8ba5-d603b385d06b@group-03C39C18C99A-LeaderElection5] INFO  server.RaftServerConfigKeys (ConfUtils.java:logGet(46)) - raft.server.log.appender.buffer.byte-limit = 33554432 (custom)
2025-05-13 08:07:30,134 [214a71e2-145e-48a6-8ba5-d603b385d06b@group-03C39C18C99A-LeaderElection5] INFO  server.RaftServerConfigKeys (ConfUtils.java:logGet(46)) - raft.server.log.appender.buffer.element-limit = 1024 (custom)
2025-05-13 08:07:30,136 [214a71e2-145e-48a6-8ba5-d603b385d06b@group-03C39C18C99A-LeaderElection5] INFO  server.RaftServerConfigKeys (ConfUtils.java:logGet(46)) - raft.server.log.appender.wait-time.min = 0μs (custom)
2025-05-13 08:07:30,137 [214a71e2-145e-48a6-8ba5-d603b385d06b@group-03C39C18C99A-LeaderElection5] INFO  grpc.GrpcConfigKeys (ConfUtils.java:logGet(46)) - raft.grpc.server.leader.outstanding.appends.max = 8 (default)
2025-05-13 08:07:30,139 [214a71e2-145e-48a6-8ba5-d603b385d06b@group-03C39C18C99A-LeaderElection5] INFO  server.RaftServerConfigKeys (ConfUtils.java:logGet(46)) - raft.server.rpc.request.timeout = 60s (custom)
2025-05-13 08:07:30,139 [214a71e2-145e-48a6-8ba5-d603b385d06b@group-03C39C18C99A-LeaderElection5] INFO  grpc.GrpcConfigKeys (ConfUtils.java:logGet(46)) - raft.grpc.server.install_snapshot.request.element-limit = 8 (default)
2025-05-13 08:07:30,139 [214a71e2-145e-48a6-8ba5-d603b385d06b@group-03C39C18C99A-LeaderElection5] INFO  grpc.GrpcConfigKeys (ConfUtils.java:logGet(46)) - raft.grpc.server.install_snapshot.request.timeout = 3000ms (default)
2025-05-13 08:07:30,139 [214a71e2-145e-48a6-8ba5-d603b385d06b@group-03C39C18C99A-LeaderElection5] INFO  grpc.GrpcConfigKeys (ConfUtils.java:logGet(46)) - raft.grpc.server.log-message.batch.duration = 5s (default)
2025-05-13 08:07:30,139 [214a71e2-145e-48a6-8ba5-d603b385d06b@group-03C39C18C99A-LeaderElection5] INFO  server.RaftServerConfigKeys (ConfUtils.java:logGet(46)) - raft.server.log.appender.install.snapshot.enabled = false (custom)
2025-05-13 08:07:30,139 [214a71e2-145e-48a6-8ba5-d603b385d06b@group-03C39C18C99A-LeaderElection5] INFO  grpc.GrpcConfigKeys (ConfUtils.java:logGet(46)) - raft.grpc.server.heartbeat.channel = true (default)
2025-05-13 08:07:30,142 [214a71e2-145e-48a6-8ba5-d603b385d06b@group-03C39C18C99A-LeaderElection5] INFO  server.RaftServerConfigKeys (ConfUtils.java:logGet(46)) - raft.server.log.appender.snapshot.chunk.size.max = 16MB (=16777216) (default)
2025-05-13 08:07:30,142 [214a71e2-145e-48a6-8ba5-d603b385d06b@group-03C39C18C99A-LeaderElection5] INFO  server.RaftServerConfigKeys (ConfUtils.java:logGet(46)) - raft.server.log.appender.buffer.byte-limit = 33554432 (custom)
2025-05-13 08:07:30,142 [214a71e2-145e-48a6-8ba5-d603b385d06b@group-03C39C18C99A-LeaderElection5] INFO  server.RaftServerConfigKeys (ConfUtils.java:logGet(46)) - raft.server.log.appender.buffer.element-limit = 1024 (custom)
2025-05-13 08:07:30,142 [214a71e2-145e-48a6-8ba5-d603b385d06b@group-03C39C18C99A-LeaderElection5] INFO  server.RaftServerConfigKeys (ConfUtils.java:logGet(46)) - raft.server.log.appender.wait-time.min = 0μs (custom)
2025-05-13 08:07:30,142 [214a71e2-145e-48a6-8ba5-d603b385d06b@group-03C39C18C99A-LeaderElection5] INFO  grpc.GrpcConfigKeys (ConfUtils.java:logGet(46)) - raft.grpc.server.leader.outstanding.appends.max = 8 (default)
2025-05-13 08:07:30,143 [214a71e2-145e-48a6-8ba5-d603b385d06b@group-03C39C18C99A-LeaderElection5] INFO  server.RaftServerConfigKeys (ConfUtils.java:logGet(46)) - raft.server.rpc.request.timeout = 60s (custom)
2025-05-13 08:07:30,143 [214a71e2-145e-48a6-8ba5-d603b385d06b@group-03C39C18C99A-LeaderElection5] INFO  grpc.GrpcConfigKeys (ConfUtils.java:logGet(46)) - raft.grpc.server.install_snapshot.request.element-limit = 8 (default)
2025-05-13 08:07:30,143 [214a71e2-145e-48a6-8ba5-d603b385d06b@group-03C39C18C99A-LeaderElection5] INFO  grpc.GrpcConfigKeys (ConfUtils.java:logGet(46)) - raft.grpc.server.install_snapshot.request.timeout = 3000ms (default)
2025-05-13 08:07:30,143 [214a71e2-145e-48a6-8ba5-d603b385d06b@group-03C39C18C99A-LeaderElection5] INFO  grpc.GrpcConfigKeys (ConfUtils.java:logGet(46)) - raft.grpc.server.log-message.batch.duration = 5s (default)
2025-05-13 08:07:30,143 [214a71e2-145e-48a6-8ba5-d603b385d06b@group-03C39C18C99A-LeaderElection5] INFO  server.RaftServerConfigKeys (ConfUtils.java:logGet(46)) - raft.server.log.appender.install.snapshot.enabled = false (custom)
2025-05-13 08:07:30,143 [214a71e2-145e-48a6-8ba5-d603b385d06b@group-03C39C18C99A-LeaderElection5] INFO  grpc.GrpcConfigKeys (ConfUtils.java:logGet(46)) - raft.grpc.server.heartbeat.channel = true (default)
2025-05-13 08:07:30,144 [214a71e2-145e-48a6-8ba5-d603b385d06b@group-03C39C18C99A-LeaderElection5] INFO  impl.RoleInfo (RoleInfo.java:updateAndGet(148)) - 214a71e2-145e-48a6-8ba5-d603b385d06b: start 214a71e2-145e-48a6-8ba5-d603b385d06b@group-03C39C18C99A-LeaderStateImpl
2025-05-13 08:07:30,145 [214a71e2-145e-48a6-8ba5-d603b385d06b@group-03C39C18C99A-LeaderElection5] INFO  server.RaftServer$Division (RaftServerImpl.java:setFirstElection(562)) - 214a71e2-145e-48a6-8ba5-d603b385d06b@group-03C39C18C99A: set firstElectionSinceStartup to false for becomeLeader
2025-05-13 08:07:30,145 [214a71e2-145e-48a6-8ba5-d603b385d06b@group-03C39C18C99A-LeaderElection5] INFO  ratis.XceiverServerRatis (XceiverServerRatis.java:handleLeaderChangedNotification(944)) - Leader change notification received for group: group-03C39C18C99A with new leaderId: 214a71e2-145e-48a6-8ba5-d603b385d06b
2025-05-13 08:07:30,146 [214a71e2-145e-48a6-8ba5-d603b385d06b@group-03C39C18C99A-LeaderElection5] INFO  server.RaftServer$Division (ServerState.java:setLeader(272)) - 214a71e2-145e-48a6-8ba5-d603b385d06b@group-03C39C18C99A: change Leader from null to 214a71e2-145e-48a6-8ba5-d603b385d06b at term 1 for becomeLeader, leader elected after 1173ms
2025-05-13 08:07:30,147 [214a71e2-145e-48a6-8ba5-d603b385d06b@group-03C39C18C99A-LeaderElection5] INFO  segmented.SegmentedRaftLogWorker (SegmentedRaftLogWorker.java:startLogSegment(438)) - 214a71e2-145e-48a6-8ba5-d603b385d06b@group-03C39C18C99A-SegmentedRaftLogWorker: Starting segment from index:0
2025-05-13 08:07:30,148 [214a71e2-145e-48a6-8ba5-d603b385d06b@group-03C39C18C99A-LeaderElection5] INFO  server.RaftServer$Division (ServerState.java:setRaftConf(386)) - 214a71e2-145e-48a6-8ba5-d603b385d06b@group-03C39C18C99A: set configuration conf: {index: 0, cur=peers:[5535968c-90e6-409a-bf55-78519abc7d70|127.0.0.1:15015, 21150c38-a3e2-4a16-8c36-d72d8cfe1192|127.0.0.1:15031, 214a71e2-145e-48a6-8ba5-d603b385d06b|127.0.0.1:15023]|listeners:[], old=null}
2025-05-13 08:07:30,149 [214a71e2-145e-48a6-8ba5-d603b385d06b@group-03C39C18C99A-SegmentedRaftLogWorker] INFO  segmented.BufferedWriteChannel (BufferedWriteChannel.java:open(61)) - open log_inprogress_0 at position 0
2025-05-13 08:07:30,151 [EventQueue-PipelineReportForOneReplicaPipelineSafeModeRule] INFO  safemode.SCMSafeModeManager (SCMSafeModeManager.java:validateSafeModeExitRules(140)) - AtleastOneDatanodeReportedRule rule is successfully validated
2025-05-13 08:07:30,171 [214a71e2-145e-48a6-8ba5-d603b385d06b@group-03C39C18C99A-SegmentedRaftLogWorker] INFO  segmented.SegmentedRaftLogWorker (SegmentedRaftLogWorker.java:execute(644)) - 214a71e2-145e-48a6-8ba5-d603b385d06b@group-03C39C18C99A-SegmentedRaftLogWorker: created new log segment /home/runner/work/ozone/ozone/hadoop-ozone/integration-test-s3/target/test-dir/MiniOzoneClusterImpl-95f4eac0-24f3-44c7-8c9c-9c62d5a0e831/ozone-meta/datanode-2/ratis/fd3e81a3-c7ca-474b-b2b6-03c39c18c99a/current/log_inprogress_0
2025-05-13 08:07:30,175 [f943e957-6378-4e79-915f-78430d928332@group-9C62D5A0E831-StateMachineUpdater] INFO  safemode.SCMSafeModeManager (SCMSafeModeManager.java:validateSafeModeExitRules(140)) - DataNodeSafeModeRule rule is successfully validated
2025-05-13 08:07:30,176 [f943e957-6378-4e79-915f-78430d928332@group-9C62D5A0E831-StateMachineUpdater] INFO  safemode.SCMSafeModeManager (SCMSafeModeManager.java:validateSafeModeExitRules(140)) - RatisContainerSafeModeRule rule is successfully validated
2025-05-13 08:07:30,176 [f943e957-6378-4e79-915f-78430d928332@group-9C62D5A0E831-StateMachineUpdater] INFO  safemode.HealthyPipelineSafeModeRule (HealthyPipelineSafeModeRule.java:initializeRule(173)) - Refreshed total pipeline count is 1, healthy pipeline threshold count is 1
2025-05-13 08:07:30,176 [f943e957-6378-4e79-915f-78430d928332@group-9C62D5A0E831-StateMachineUpdater] INFO  safemode.SCMSafeModeManager (SCMSafeModeManager.java:validateSafeModeExitRules(140)) - ECContainerSafeModeRule rule is successfully validated
2025-05-13 08:07:30,176 [f943e957-6378-4e79-915f-78430d928332@group-9C62D5A0E831-StateMachineUpdater] INFO  safemode.SCMSafeModeManager (SCMSafeModeManager.java:validateSafeModeExitRules(140)) - AtleastOneDatanodeReportedRule rule is successfully validated
2025-05-13 08:07:30,176 [EventQueue-PipelineReportForPipelineReportHandler] INFO  pipeline.PipelineReportHandler (PipelineReportHandler.java:processPipelineReport(134)) - Opened pipeline PipelineID=fd3e81a3-c7ca-474b-b2b6-03c39c18c99a
2025-05-13 08:07:30,181 [EventQueue-OpenPipelineForHealthyPipelineSafeModeRule] INFO  safemode.SCMSafeModeManager (HealthyPipelineSafeModeRule.java:process(141)) - SCM in safe mode. Healthy pipelines reported count is 1, required healthy pipeline reported count is 1
2025-05-13 08:07:30,182 [EventQueue-OpenPipelineForHealthyPipelineSafeModeRule] INFO  safemode.SCMSafeModeManager (SCMSafeModeManager.java:validateSafeModeExitRules(140)) - HealthyPipelineSafeModeRule rule is successfully validated
2025-05-13 08:07:30,182 [EventQueue-OpenPipelineForHealthyPipelineSafeModeRule] INFO  safemode.SCMSafeModeManager (SCMSafeModeManager.java:validateSafeModeExitRules(155)) - ScmSafeModeManager, all rules are successfully validated
2025-05-13 08:07:30,182 [EventQueue-OpenPipelineForHealthyPipelineSafeModeRule] INFO  safemode.SCMSafeModeManager (SCMSafeModeManager.java:exitSafeMode(178)) - SCM exiting safe mode.
2025-05-13 08:07:30,182 [EventQueue-OpenPipelineForHealthyPipelineSafeModeRule] INFO  ha.SCMContext (SCMContext.java:updateSafeModeStatus(224)) - Update SafeModeStatus from SafeModeStatus{safeModeStatus=true, preCheckPassed=true} to SafeModeStatus{safeModeStatus=false, preCheckPassed=true}.
2025-05-13 08:07:30,182 [EventQueue-OpenPipelineForHealthyPipelineSafeModeRule] INFO  BackgroundPipelineScrubber (BackgroundSCMService.java:notifyStatusChanged(78)) - Service BackgroundPipelineScrubber transitions to RUNNING.
2025-05-13 08:07:30,182 [EventQueue-OpenPipelineForHealthyPipelineSafeModeRule] INFO  ExpiredContainerReplicaOpScrubber (BackgroundSCMService.java:notifyStatusChanged(78)) - Service ExpiredContainerReplicaOpScrubber transitions to RUNNING.
2025-05-13 08:07:30,182 [EventQueue-OpenPipelineForHealthyPipelineSafeModeRule] INFO  block.SCMBlockDeletingService (SCMBlockDeletingService.java:notifyStatusChanged(258)) - notifyStatusChanged:RUNNING
2025-05-13 08:07:30,182 [EventQueue-OpenPipelineForHealthyPipelineSafeModeRule] INFO  replication.ReplicationManager (ReplicationManager.java:notifyStatusChanged(1387)) - Service ReplicationManager transitions to RUNNING.
2025-05-13 08:07:30,184 [21150c38-a3e2-4a16-8c36-d72d8cfe1192-server-thread1] INFO  ratis.XceiverServerRatis (XceiverServerRatis.java:handleLeaderChangedNotification(944)) - Leader change notification received for group: group-03C39C18C99A with new leaderId: 214a71e2-145e-48a6-8ba5-d603b385d06b
2025-05-13 08:07:30,185 [21150c38-a3e2-4a16-8c36-d72d8cfe1192-server-thread1] INFO  server.RaftServer$Division (ServerState.java:setLeader(272)) - 21150c38-a3e2-4a16-8c36-d72d8cfe1192@group-03C39C18C99A: change Leader from null to 214a71e2-145e-48a6-8ba5-d603b385d06b at term 1 for appendEntries, leader elected after 916ms
2025-05-13 08:07:30,186 [5535968c-90e6-409a-bf55-78519abc7d70-server-thread1] INFO  ratis.XceiverServerRatis (XceiverServerRatis.java:handleLeaderChangedNotification(944)) - Leader change notification received for group: group-03C39C18C99A with new leaderId: 214a71e2-145e-48a6-8ba5-d603b385d06b
2025-05-13 08:07:30,186 [5535968c-90e6-409a-bf55-78519abc7d70-server-thread1] INFO  server.RaftServer$Division (ServerState.java:setLeader(272)) - 5535968c-90e6-409a-bf55-78519abc7d70@group-03C39C18C99A: change Leader from null to 214a71e2-145e-48a6-8ba5-d603b385d06b at term 1 for appendEntries, leader elected after 1518ms
2025-05-13 08:07:30,192 [21150c38-a3e2-4a16-8c36-d72d8cfe1192-server-thread2] INFO  server.RaftServer$Division (ServerState.java:setRaftConf(386)) - 21150c38-a3e2-4a16-8c36-d72d8cfe1192@group-03C39C18C99A: set configuration conf: {index: 0, cur=peers:[5535968c-90e6-409a-bf55-78519abc7d70|127.0.0.1:15015, 21150c38-a3e2-4a16-8c36-d72d8cfe1192|127.0.0.1:15031, 214a71e2-145e-48a6-8ba5-d603b385d06b|127.0.0.1:15023]|listeners:[], old=null}
2025-05-13 08:07:30,194 [EventQueue-OpenPipelineForHealthyPipelineSafeModeRule] WARN  balancer.ContainerBalancer (ContainerBalancer.java:shouldRun(134)) - Could not find persisted configuration for ContainerBalancer when checking if ContainerBalancer should run. ContainerBalancer should not run now.
2025-05-13 08:07:30,195 [EventQueue-OpenPipelineForHealthyPipelineSafeModeRule] INFO  SCMHATransactionMonitor (BackgroundSCMService.java:notifyStatusChanged(78)) - Service SCMHATransactionMonitor transitions to RUNNING.
2025-05-13 08:07:30,196 [21150c38-a3e2-4a16-8c36-d72d8cfe1192-server-thread2] INFO  segmented.SegmentedRaftLogWorker (SegmentedRaftLogWorker.java:startLogSegment(438)) - 21150c38-a3e2-4a16-8c36-d72d8cfe1192@group-03C39C18C99A-SegmentedRaftLogWorker: Starting segment from index:0
2025-05-13 08:07:30,196 [5535968c-90e6-409a-bf55-78519abc7d70-server-thread2] INFO  server.RaftServer$Division (ServerState.java:setRaftConf(386)) - 5535968c-90e6-409a-bf55-78519abc7d70@group-03C39C18C99A: set configuration conf: {index: 0, cur=peers:[5535968c-90e6-409a-bf55-78519abc7d70|127.0.0.1:15015, 21150c38-a3e2-4a16-8c36-d72d8cfe1192|127.0.0.1:15031, 214a71e2-145e-48a6-8ba5-d603b385d06b|127.0.0.1:15023]|listeners:[], old=null}
2025-05-13 08:07:30,196 [5535968c-90e6-409a-bf55-78519abc7d70-server-thread2] INFO  segmented.SegmentedRaftLogWorker (SegmentedRaftLogWorker.java:startLogSegment(438)) - 5535968c-90e6-409a-bf55-78519abc7d70@group-03C39C18C99A-SegmentedRaftLogWorker: Starting segment from index:0
2025-05-13 08:07:30,197 [21150c38-a3e2-4a16-8c36-d72d8cfe1192@group-03C39C18C99A-SegmentedRaftLogWorker] INFO  segmented.BufferedWriteChannel (BufferedWriteChannel.java:open(61)) - open log_inprogress_0 at position 0
2025-05-13 08:07:30,198 [5535968c-90e6-409a-bf55-78519abc7d70@group-03C39C18C99A-SegmentedRaftLogWorker] INFO  segmented.BufferedWriteChannel (BufferedWriteChannel.java:open(61)) - open log_inprogress_0 at position 0
2025-05-13 08:07:30,206 [5535968c-90e6-409a-bf55-78519abc7d70@group-03C39C18C99A-SegmentedRaftLogWorker] INFO  segmented.SegmentedRaftLogWorker (SegmentedRaftLogWorker.java:execute(644)) - 5535968c-90e6-409a-bf55-78519abc7d70@group-03C39C18C99A-SegmentedRaftLogWorker: created new log segment /home/runner/work/ozone/ozone/hadoop-ozone/integration-test-s3/target/test-dir/MiniOzoneClusterImpl-95f4eac0-24f3-44c7-8c9c-9c62d5a0e831/ozone-meta/datanode-1/ratis/fd3e81a3-c7ca-474b-b2b6-03c39c18c99a/current/log_inprogress_0
2025-05-13 08:07:30,210 [21150c38-a3e2-4a16-8c36-d72d8cfe1192@group-03C39C18C99A-SegmentedRaftLogWorker] INFO  segmented.SegmentedRaftLogWorker (SegmentedRaftLogWorker.java:execute(644)) - 21150c38-a3e2-4a16-8c36-d72d8cfe1192@group-03C39C18C99A-SegmentedRaftLogWorker: created new log segment /home/runner/work/ozone/ozone/hadoop-ozone/integration-test-s3/target/test-dir/MiniOzoneClusterImpl-95f4eac0-24f3-44c7-8c9c-9c62d5a0e831/ozone-meta/datanode-3/ratis/fd3e81a3-c7ca-474b-b2b6-03c39c18c99a/current/log_inprogress_0
2025-05-13 08:07:30,215 [214a71e2-145e-48a6-8ba5-d603b385d06b@group-03C39C18C99A-StateMachineUpdater] INFO  server.RaftServer$Division (LeaderStateImpl.java:checkStartIndex(313)) - Leader 214a71e2-145e-48a6-8ba5-d603b385d06b@group-03C39C18C99A-LeaderStateImpl is ready since appliedIndex == startIndex == 0
2025-05-13 08:07:30,243 [main] INFO  handler.ContextHandler (ContextHandler.java:doStart(921)) - Started o.e.j.w.WebAppContext@6295be36{s3g-web,/,file:///home/runner/work/ozone/ozone/hadoop-ozone/integration-test-s3/ozone_http_tmp_base_dir3110740336244369057/jetty-0_0_0_0-19878-ozone-s3gateway-2_1_0-SNAPSHOT_jar-_-any-5395259601791580406/webapp/,AVAILABLE}{jar:file:/home/runner/work/ozone/ozone/hadoop-ozone/s3gateway/target/ozone-s3gateway-2.1.0-SNAPSHOT.jar!/webapps/s3g-web}
2025-05-13 08:07:30,244 [main] INFO  server.AbstractConnector (AbstractConnector.java:doStart(333)) - Started ServerConnector@4faf4191{HTTP/1.1, (http/1.1)}{0.0.0.0:19878}
2025-05-13 08:07:30,244 [main] INFO  server.Server (Server.java:doStart(415)) - Started @19033ms
2025-05-13 08:07:30,244 [main] WARN  impl.MetricsSystemImpl (MetricsSystemImpl.java:register(279)) - Sink prometheus already exists!
2025-05-13 08:07:30,245 [main] INFO  http.BaseHttpServer (BaseHttpServer.java:updateConnectorAddress(359)) - HTTP server of s3g-web listening at http://0.0.0.0:19878
2025-05-13 08:07:30,261 [main] INFO  ozone.MiniOzoneClusterImpl (MiniOzoneClusterImpl.java:lambda$waitForClusterToBeReady$0(191)) - Nodes are ready. Got 5 of 5 DN Heartbeats.
2025-05-13 08:07:30,261 [main] INFO  ozone.MiniOzoneClusterImpl (MiniOzoneClusterImpl.java:lambda$waitForClusterToBeReady$0(194)) - Cluster exits safe mode
2025-05-13 08:07:30,261 [main] INFO  ozone.MiniOzoneClusterImpl (MiniOzoneClusterImpl.java:lambda$waitForClusterToBeReady$0(196)) - SCM became leader
2025-05-13 08:07:30,292 [main] INFO  s3.S3ClientFactory (S3ClientFactory.java:createS3Client(100)) - S3 Endpoint is http://0.0.0.0:15050
2025-05-13 08:07:30,434 [214a71e2-145e-48a6-8ba5-d603b385d06b@group-208911670023-FollowerState] INFO  impl.FollowerState (FollowerState.java:runImpl(161)) - 214a71e2-145e-48a6-8ba5-d603b385d06b@group-208911670023-FollowerState: change to CANDIDATE, lastRpcElapsedTime:1073369010ns, electionTimeout:1071ms
2025-05-13 08:07:30,434 [214a71e2-145e-48a6-8ba5-d603b385d06b@group-208911670023-FollowerState] INFO  impl.RoleInfo (RoleInfo.java:shutdownFollowerState(121)) - 214a71e2-145e-48a6-8ba5-d603b385d06b: shutdown 214a71e2-145e-48a6-8ba5-d603b385d06b@group-208911670023-FollowerState
2025-05-13 08:07:30,435 [214a71e2-145e-48a6-8ba5-d603b385d06b@group-208911670023-FollowerState] INFO  server.RaftServer$Division (RaftServerImpl.java:setRole(378)) - 214a71e2-145e-48a6-8ba5-d603b385d06b@group-208911670023: changes role from  FOLLOWER to CANDIDATE at term 0 for changeToCandidate
2025-05-13 08:07:30,435 [214a71e2-145e-48a6-8ba5-d603b385d06b@group-208911670023-FollowerState] INFO  server.RaftServerConfigKeys (ConfUtils.java:logGet(46)) - raft.server.leaderelection.pre-vote = true (default)
2025-05-13 08:07:30,435 [214a71e2-145e-48a6-8ba5-d603b385d06b@group-208911670023-FollowerState] INFO  impl.RoleInfo (RoleInfo.java:updateAndGet(148)) - 214a71e2-145e-48a6-8ba5-d603b385d06b: start 214a71e2-145e-48a6-8ba5-d603b385d06b@group-208911670023-LeaderElection6
2025-05-13 08:07:30,436 [214a71e2-145e-48a6-8ba5-d603b385d06b@group-208911670023-LeaderElection6] INFO  impl.LeaderElection (LeaderElection.java:askForVotes(332)) - 214a71e2-145e-48a6-8ba5-d603b385d06b@group-208911670023-LeaderElection6 PRE_VOTE round 0: submit vote requests at term 0 for conf: {index: -1, cur=peers:[5535968c-90e6-409a-bf55-78519abc7d70|127.0.0.1:15015, 21150c38-a3e2-4a16-8c36-d72d8cfe1192|127.0.0.1:15031, 214a71e2-145e-48a6-8ba5-d603b385d06b|127.0.0.1:15023]|listeners:[], old=null}
2025-05-13 08:07:30,440 [214a71e2-145e-48a6-8ba5-d603b385d06b@group-208911670023-LeaderElection6] INFO  server.RaftServerConfigKeys (ConfUtils.java:logGet(46)) - raft.server.rpc.first-election.timeout.min = 1000ms (custom)
2025-05-13 08:07:30,440 [214a71e2-145e-48a6-8ba5-d603b385d06b@group-208911670023-LeaderElection6] INFO  server.RaftServerConfigKeys (ConfUtils.java:logGet(46)) - raft.server.rpc.first-election.timeout.max = 1200ms (custom)
2025-05-13 08:07:30,443 [grpc-default-executor-0] INFO  server.RaftServer$Division (RaftServerImpl.java:requestVote(1407)) - 21150c38-a3e2-4a16-8c36-d72d8cfe1192@group-208911670023: receive requestVote(PRE_VOTE, 214a71e2-145e-48a6-8ba5-d603b385d06b, group-208911670023, 0, (t:0, i:0))
2025-05-13 08:07:30,443 [grpc-default-executor-0] INFO  impl.VoteContext (VoteContext.java:log(49)) - 21150c38-a3e2-4a16-8c36-d72d8cfe1192@group-208911670023-FOLLOWER: accept PRE_VOTE from 214a71e2-145e-48a6-8ba5-d603b385d06b: our priority 0 <= candidate's priority 0
2025-05-13 08:07:30,443 [grpc-default-executor-0] INFO  server.RaftServer$Division (RaftServerImpl.java:requestVote(1441)) - 21150c38-a3e2-4a16-8c36-d72d8cfe1192@group-208911670023 replies to PRE_VOTE vote request: 214a71e2-145e-48a6-8ba5-d603b385d06b<-21150c38-a3e2-4a16-8c36-d72d8cfe1192#0:OK-t0. Peer's state: 21150c38-a3e2-4a16-8c36-d72d8cfe1192@group-208911670023:t0, leader=null, voted=, raftlog=Memoized:21150c38-a3e2-4a16-8c36-d72d8cfe1192@group-208911670023-SegmentedRaftLog:OPENED:c-1:lastnull, conf=conf: {index: -1, cur=peers:[5535968c-90e6-409a-bf55-78519abc7d70|127.0.0.1:15015, 21150c38-a3e2-4a16-8c36-d72d8cfe1192|127.0.0.1:15031, 214a71e2-145e-48a6-8ba5-d603b385d06b|127.0.0.1:15023]|listeners:[], old=null}
2025-05-13 08:07:30,447 [grpc-default-executor-0] INFO  server.RaftServer$Division (RaftServerImpl.java:requestVote(1407)) - 5535968c-90e6-409a-bf55-78519abc7d70@group-208911670023: receive requestVote(PRE_VOTE, 214a71e2-145e-48a6-8ba5-d603b385d06b, group-208911670023, 0, (t:0, i:0))
2025-05-13 08:07:30,447 [grpc-default-executor-0] INFO  impl.VoteContext (VoteContext.java:log(49)) - 5535968c-90e6-409a-bf55-78519abc7d70@group-208911670023-FOLLOWER: reject PRE_VOTE from 214a71e2-145e-48a6-8ba5-d603b385d06b: our priority 1 > candidate's priority 0
2025-05-13 08:07:30,447 [grpc-default-executor-0] INFO  server.RaftServer$Division (RaftServerImpl.java:requestVote(1441)) - 5535968c-90e6-409a-bf55-78519abc7d70@group-208911670023 replies to PRE_VOTE vote request: 214a71e2-145e-48a6-8ba5-d603b385d06b<-5535968c-90e6-409a-bf55-78519abc7d70#0:FAIL-t0. Peer's state: 5535968c-90e6-409a-bf55-78519abc7d70@group-208911670023:t0, leader=null, voted=, raftlog=Memoized:5535968c-90e6-409a-bf55-78519abc7d70@group-208911670023-SegmentedRaftLog:OPENED:c-1:lastnull, conf=conf: {index: -1, cur=peers:[5535968c-90e6-409a-bf55-78519abc7d70|127.0.0.1:15015, 21150c38-a3e2-4a16-8c36-d72d8cfe1192|127.0.0.1:15031, 214a71e2-145e-48a6-8ba5-d603b385d06b|127.0.0.1:15023]|listeners:[], old=null}
2025-05-13 08:07:30,449 [214a71e2-145e-48a6-8ba5-d603b385d06b@group-208911670023-LeaderElection6] INFO  impl.LeaderElection (LeaderElection.java:logAndReturn(90)) - 214a71e2-145e-48a6-8ba5-d603b385d06b@group-208911670023-LeaderElection6: PRE_VOTE REJECTED received 2 response(s) and 0 exception(s):
2025-05-13 08:07:30,449 [214a71e2-145e-48a6-8ba5-d603b385d06b@group-208911670023-LeaderElection6] INFO  impl.LeaderElection (LeaderElection.java:logAndReturn(94)) -   Response 0: 214a71e2-145e-48a6-8ba5-d603b385d06b<-21150c38-a3e2-4a16-8c36-d72d8cfe1192#0:OK-t0
2025-05-13 08:07:30,449 [214a71e2-145e-48a6-8ba5-d603b385d06b@group-208911670023-LeaderElection6] INFO  impl.LeaderElection (LeaderElection.java:logAndReturn(94)) -   Response 1: 214a71e2-145e-48a6-8ba5-d603b385d06b<-5535968c-90e6-409a-bf55-78519abc7d70#0:FAIL-t0
2025-05-13 08:07:30,449 [214a71e2-145e-48a6-8ba5-d603b385d06b@group-208911670023-LeaderElection6] INFO  impl.LeaderElection (LeaderElection.java:askForVotes(334)) - 214a71e2-145e-48a6-8ba5-d603b385d06b@group-208911670023-LeaderElection6 PRE_VOTE round 0: result REJECTED
2025-05-13 08:07:30,450 [214a71e2-145e-48a6-8ba5-d603b385d06b@group-208911670023-LeaderElection6] INFO  server.RaftServer$Division (RaftServerImpl.java:setRole(378)) - 214a71e2-145e-48a6-8ba5-d603b385d06b@group-208911670023: changes role from CANDIDATE to FOLLOWER at term 0 for REJECTED
2025-05-13 08:07:30,450 [214a71e2-145e-48a6-8ba5-d603b385d06b@group-208911670023-LeaderElection6] INFO  impl.RoleInfo (RoleInfo.java:shutdownLeaderElection(141)) - 214a71e2-145e-48a6-8ba5-d603b385d06b: shutdown 214a71e2-145e-48a6-8ba5-d603b385d06b@group-208911670023-LeaderElection6
2025-05-13 08:07:30,450 [214a71e2-145e-48a6-8ba5-d603b385d06b@group-208911670023-LeaderElection6] INFO  impl.RoleInfo (RoleInfo.java:updateAndGet(148)) - 214a71e2-145e-48a6-8ba5-d603b385d06b: start 214a71e2-145e-48a6-8ba5-d603b385d06b@group-208911670023-FollowerState
2025-05-13 08:07:30,450 [214a71e2-145e-48a6-8ba5-d603b385d06b@group-208911670023-FollowerState] INFO  server.RaftServerConfigKeys (ConfUtils.java:logGet(46)) - raft.server.rpc.first-election.timeout.min = 1000ms (custom)
2025-05-13 08:07:30,450 [214a71e2-145e-48a6-8ba5-d603b385d06b@group-208911670023-FollowerState] INFO  server.RaftServerConfigKeys (ConfUtils.java:logGet(46)) - raft.server.rpc.first-election.timeout.max = 1200ms (custom)
2025-05-13 08:07:30,450 [214a71e2-145e-48a6-8ba5-d603b385d06b@group-208911670023-LeaderElection6] INFO  server.RaftServer$Division (RaftServerImpl.java:setFirstElection(562)) - 214a71e2-145e-48a6-8ba5-d603b385d06b@group-208911670023: set firstElectionSinceStartup to false for REJECTED
2025-05-13 08:07:30,465 [21150c38-a3e2-4a16-8c36-d72d8cfe1192@group-208911670023-FollowerState] INFO  server.RaftServerConfigKeys (ConfUtils.java:logGet(46)) - raft.server.rpc.first-election.timeout.min = 1000ms (custom)
2025-05-13 08:07:30,465 [21150c38-a3e2-4a16-8c36-d72d8cfe1192@group-208911670023-FollowerState] INFO  server.RaftServerConfigKeys (ConfUtils.java:logGet(46)) - raft.server.rpc.first-election.timeout.max = 1200ms (custom)
2025-05-13 08:07:30,525 [5535968c-90e6-409a-bf55-78519abc7d70@group-208911670023-FollowerState] INFO  impl.FollowerState (FollowerState.java:runImpl(161)) - 5535968c-90e6-409a-bf55-78519abc7d70@group-208911670023-FollowerState: change to CANDIDATE, lastRpcElapsedTime:1078264132ns, electionTimeout:1077ms
2025-05-13 08:07:30,526 [5535968c-90e6-409a-bf55-78519abc7d70@group-208911670023-FollowerState] INFO  impl.RoleInfo (RoleInfo.java:shutdownFollowerState(121)) - 5535968c-90e6-409a-bf55-78519abc7d70: shutdown 5535968c-90e6-409a-bf55-78519abc7d70@group-208911670023-FollowerState
2025-05-13 08:07:30,526 [5535968c-90e6-409a-bf55-78519abc7d70@group-208911670023-FollowerState] INFO  server.RaftServer$Division (RaftServerImpl.java:setRole(378)) - 5535968c-90e6-409a-bf55-78519abc7d70@group-208911670023: changes role from  FOLLOWER to CANDIDATE at term 0 for changeToCandidate
2025-05-13 08:07:30,526 [5535968c-90e6-409a-bf55-78519abc7d70@group-208911670023-FollowerState] INFO  server.RaftServerConfigKeys (ConfUtils.java:logGet(46)) - raft.server.leaderelection.pre-vote = true (default)
2025-05-13 08:07:30,526 [5535968c-90e6-409a-bf55-78519abc7d70@group-208911670023-FollowerState] INFO  impl.RoleInfo (RoleInfo.java:updateAndGet(148)) - 5535968c-90e6-409a-bf55-78519abc7d70: start 5535968c-90e6-409a-bf55-78519abc7d70@group-208911670023-LeaderElection7
2025-05-13 08:07:30,527 [5535968c-90e6-409a-bf55-78519abc7d70@group-208911670023-LeaderElection7] INFO  impl.LeaderElection (LeaderElection.java:askForVotes(332)) - 5535968c-90e6-409a-bf55-78519abc7d70@group-208911670023-LeaderElection7 PRE_VOTE round 0: submit vote requests at term 0 for conf: {index: -1, cur=peers:[5535968c-90e6-409a-bf55-78519abc7d70|127.0.0.1:15015, 21150c38-a3e2-4a16-8c36-d72d8cfe1192|127.0.0.1:15031, 214a71e2-145e-48a6-8ba5-d603b385d06b|127.0.0.1:15023]|listeners:[], old=null}
2025-05-13 08:07:30,529 [5535968c-90e6-409a-bf55-78519abc7d70@group-208911670023-LeaderElection7] INFO  server.RaftServerConfigKeys (ConfUtils.java:logGet(46)) - raft.server.rpc.first-election.timeout.min = 1000ms (custom)
2025-05-13 08:07:30,529 [5535968c-90e6-409a-bf55-78519abc7d70@group-208911670023-LeaderElection7] INFO  server.RaftServerConfigKeys (ConfUtils.java:logGet(46)) - raft.server.rpc.first-election.timeout.max = 1200ms (custom)
2025-05-13 08:07:30,531 [grpc-default-executor-0] INFO  server.RaftServer$Division (RaftServerImpl.java:requestVote(1407)) - 21150c38-a3e2-4a16-8c36-d72d8cfe1192@group-208911670023: receive requestVote(PRE_VOTE, 5535968c-90e6-409a-bf55-78519abc7d70, group-208911670023, 0, (t:0, i:0))
2025-05-13 08:07:30,531 [grpc-default-executor-0] INFO  impl.VoteContext (VoteContext.java:log(49)) - 21150c38-a3e2-4a16-8c36-d72d8cfe1192@group-208911670023-FOLLOWER: accept PRE_VOTE from 5535968c-90e6-409a-bf55-78519abc7d70: our priority 0 <= candidate's priority 1
2025-05-13 08:07:30,531 [grpc-default-executor-0] INFO  server.RaftServer$Division (RaftServerImpl.java:requestVote(1441)) - 21150c38-a3e2-4a16-8c36-d72d8cfe1192@group-208911670023 replies to PRE_VOTE vote request: 5535968c-90e6-409a-bf55-78519abc7d70<-21150c38-a3e2-4a16-8c36-d72d8cfe1192#0:OK-t0. Peer's state: 21150c38-a3e2-4a16-8c36-d72d8cfe1192@group-208911670023:t0, leader=null, voted=, raftlog=Memoized:21150c38-a3e2-4a16-8c36-d72d8cfe1192@group-208911670023-SegmentedRaftLog:OPENED:c-1:lastnull, conf=conf: {index: -1, cur=peers:[5535968c-90e6-409a-bf55-78519abc7d70|127.0.0.1:15015, 21150c38-a3e2-4a16-8c36-d72d8cfe1192|127.0.0.1:15031, 214a71e2-145e-48a6-8ba5-d603b385d06b|127.0.0.1:15023]|listeners:[], old=null}
2025-05-13 08:07:30,533 [grpc-default-executor-0] INFO  server.RaftServer$Division (RaftServerImpl.java:requestVote(1407)) - 214a71e2-145e-48a6-8ba5-d603b385d06b@group-208911670023: receive requestVote(PRE_VOTE, 5535968c-90e6-409a-bf55-78519abc7d70, group-208911670023, 0, (t:0, i:0))
2025-05-13 08:07:30,533 [grpc-default-executor-0] INFO  impl.VoteContext (VoteContext.java:log(49)) - 214a71e2-145e-48a6-8ba5-d603b385d06b@group-208911670023-FOLLOWER: accept PRE_VOTE from 5535968c-90e6-409a-bf55-78519abc7d70: our priority 0 <= candidate's priority 1
2025-05-13 08:07:30,533 [grpc-default-executor-0] INFO  server.RaftServer$Division (RaftServerImpl.java:requestVote(1441)) - 214a71e2-145e-48a6-8ba5-d603b385d06b@group-208911670023 replies to PRE_VOTE vote request: 5535968c-90e6-409a-bf55-78519abc7d70<-214a71e2-145e-48a6-8ba5-d603b385d06b#0:OK-t0. Peer's state: 214a71e2-145e-48a6-8ba5-d603b385d06b@group-208911670023:t0, leader=null, voted=, raftlog=Memoized:214a71e2-145e-48a6-8ba5-d603b385d06b@group-208911670023-SegmentedRaftLog:OPENED:c-1:lastnull, conf=conf: {index: -1, cur=peers:[5535968c-90e6-409a-bf55-78519abc7d70|127.0.0.1:15015, 21150c38-a3e2-4a16-8c36-d72d8cfe1192|127.0.0.1:15031, 214a71e2-145e-48a6-8ba5-d603b385d06b|127.0.0.1:15023]|listeners:[], old=null}
2025-05-13 08:07:30,535 [5535968c-90e6-409a-bf55-78519abc7d70@group-208911670023-LeaderElection7] INFO  impl.LeaderElection (LeaderElection.java:logAndReturn(90)) - 5535968c-90e6-409a-bf55-78519abc7d70@group-208911670023-LeaderElection7: PRE_VOTE PASSED received 1 response(s) and 0 exception(s):
2025-05-13 08:07:30,535 [5535968c-90e6-409a-bf55-78519abc7d70@group-208911670023-LeaderElection7] INFO  impl.LeaderElection (LeaderElection.java:logAndReturn(94)) -   Response 0: 5535968c-90e6-409a-bf55-78519abc7d70<-21150c38-a3e2-4a16-8c36-d72d8cfe1192#0:OK-t0
2025-05-13 08:07:30,535 [5535968c-90e6-409a-bf55-78519abc7d70@group-208911670023-LeaderElection7] INFO  impl.LeaderElection (LeaderElection.java:askForVotes(334)) - 5535968c-90e6-409a-bf55-78519abc7d70@group-208911670023-LeaderElection7 PRE_VOTE round 0: result PASSED
2025-05-13 08:07:30,537 [5535968c-90e6-409a-bf55-78519abc7d70@group-208911670023-LeaderElection7] INFO  impl.LeaderElection (LeaderElection.java:askForVotes(332)) - 5535968c-90e6-409a-bf55-78519abc7d70@group-208911670023-LeaderElection7 ELECTION round 0: submit vote requests at term 1 for conf: {index: -1, cur=peers:[5535968c-90e6-409a-bf55-78519abc7d70|127.0.0.1:15015, 21150c38-a3e2-4a16-8c36-d72d8cfe1192|127.0.0.1:15031, 214a71e2-145e-48a6-8ba5-d603b385d06b|127.0.0.1:15023]|listeners:[], old=null}
2025-05-13 08:07:30,540 [5535968c-90e6-409a-bf55-78519abc7d70@group-208911670023-LeaderElection7] INFO  server.RaftServerConfigKeys (ConfUtils.java:logGet(46)) - raft.server.rpc.first-election.timeout.min = 1000ms (custom)
2025-05-13 08:07:30,540 [5535968c-90e6-409a-bf55-78519abc7d70@group-208911670023-LeaderElection7] INFO  server.RaftServerConfigKeys (ConfUtils.java:logGet(46)) - raft.server.rpc.first-election.timeout.max = 1200ms (custom)
2025-05-13 08:07:30,542 [grpc-default-executor-0] INFO  server.RaftServer$Division (RaftServerImpl.java:requestVote(1407)) - 21150c38-a3e2-4a16-8c36-d72d8cfe1192@group-208911670023: receive requestVote(ELECTION, 5535968c-90e6-409a-bf55-78519abc7d70, group-208911670023, 1, (t:0, i:0))
2025-05-13 08:07:30,543 [grpc-default-executor-0] INFO  impl.VoteContext (VoteContext.java:log(49)) - 21150c38-a3e2-4a16-8c36-d72d8cfe1192@group-208911670023-FOLLOWER: accept ELECTION from 5535968c-90e6-409a-bf55-78519abc7d70: our priority 0 <= candidate's priority 1
2025-05-13 08:07:30,543 [grpc-default-executor-0] INFO  server.RaftServer$Division (RaftServerImpl.java:setRole(378)) - 21150c38-a3e2-4a16-8c36-d72d8cfe1192@group-208911670023: changes role from  FOLLOWER to FOLLOWER at term 0 for candidate:5535968c-90e6-409a-bf55-78519abc7d70
2025-05-13 08:07:30,543 [grpc-default-executor-0] INFO  impl.RoleInfo (RoleInfo.java:shutdownFollowerState(121)) - 21150c38-a3e2-4a16-8c36-d72d8cfe1192: shutdown 21150c38-a3e2-4a16-8c36-d72d8cfe1192@group-208911670023-FollowerState
2025-05-13 08:07:30,543 [grpc-default-executor-0] INFO  impl.RoleInfo (RoleInfo.java:updateAndGet(148)) - 21150c38-a3e2-4a16-8c36-d72d8cfe1192: start 21150c38-a3e2-4a16-8c36-d72d8cfe1192@group-208911670023-FollowerState
2025-05-13 08:07:30,543 [21150c38-a3e2-4a16-8c36-d72d8cfe1192@group-208911670023-FollowerState] INFO  impl.FollowerState (FollowerState.java:runImpl(170)) - 21150c38-a3e2-4a16-8c36-d72d8cfe1192@group-208911670023-FollowerState was interrupted
2025-05-13 08:07:30,546 [grpc-default-executor-2] INFO  server.RaftServer$Division (RaftServerImpl.java:requestVote(1407)) - 214a71e2-145e-48a6-8ba5-d603b385d06b@group-208911670023: receive requestVote(ELECTION, 5535968c-90e6-409a-bf55-78519abc7d70, group-208911670023, 1, (t:0, i:0))
2025-05-13 08:07:30,546 [grpc-default-executor-2] INFO  impl.VoteContext (VoteContext.java:log(49)) - 214a71e2-145e-48a6-8ba5-d603b385d06b@group-208911670023-FOLLOWER: accept ELECTION from 5535968c-90e6-409a-bf55-78519abc7d70: our priority 0 <= candidate's priority 1
2025-05-13 08:07:30,546 [grpc-default-executor-2] INFO  server.RaftServer$Division (RaftServerImpl.java:setRole(378)) - 214a71e2-145e-48a6-8ba5-d603b385d06b@group-208911670023: changes role from  FOLLOWER to FOLLOWER at term 0 for candidate:5535968c-90e6-409a-bf55-78519abc7d70
2025-05-13 08:07:30,546 [grpc-default-executor-2] INFO  impl.RoleInfo (RoleInfo.java:shutdownFollowerState(121)) - 214a71e2-145e-48a6-8ba5-d603b385d06b: shutdown 214a71e2-145e-48a6-8ba5-d603b385d06b@group-208911670023-FollowerState
2025-05-13 08:07:30,546 [grpc-default-executor-2] INFO  impl.RoleInfo (RoleInfo.java:updateAndGet(148)) - 214a71e2-145e-48a6-8ba5-d603b385d06b: start 214a71e2-145e-48a6-8ba5-d603b385d06b@group-208911670023-FollowerState
2025-05-13 08:07:30,547 [grpc-default-executor-0] INFO  server.RaftServer$Division (RaftServerImpl.java:setFirstElection(562)) - 21150c38-a3e2-4a16-8c36-d72d8cfe1192@group-208911670023: set firstElectionSinceStartup to false for candidate:5535968c-90e6-409a-bf55-78519abc7d70
2025-05-13 08:07:30,547 [214a71e2-145e-48a6-8ba5-d603b385d06b@group-208911670023-FollowerState] INFO  impl.FollowerState (FollowerState.java:runImpl(170)) - 214a71e2-145e-48a6-8ba5-d603b385d06b@group-208911670023-FollowerState was interrupted
2025-05-13 08:07:30,549 [grpc-default-executor-0] INFO  server.RaftServer$Division (RaftServerImpl.java:requestVote(1441)) - 21150c38-a3e2-4a16-8c36-d72d8cfe1192@group-208911670023 replies to ELECTION vote request: 5535968c-90e6-409a-bf55-78519abc7d70<-21150c38-a3e2-4a16-8c36-d72d8cfe1192#0:OK-t1. Peer's state: 21150c38-a3e2-4a16-8c36-d72d8cfe1192@group-208911670023:t1, leader=null, voted=5535968c-90e6-409a-bf55-78519abc7d70, raftlog=Memoized:21150c38-a3e2-4a16-8c36-d72d8cfe1192@group-208911670023-SegmentedRaftLog:OPENED:c-1:lastnull, conf=conf: {index: -1, cur=peers:[5535968c-90e6-409a-bf55-78519abc7d70|127.0.0.1:15015, 21150c38-a3e2-4a16-8c36-d72d8cfe1192|127.0.0.1:15031, 214a71e2-145e-48a6-8ba5-d603b385d06b|127.0.0.1:15023]|listeners:[], old=null}
2025-05-13 08:07:30,550 [grpc-default-executor-2] INFO  server.RaftServer$Division (RaftServerImpl.java:requestVote(1441)) - 214a71e2-145e-48a6-8ba5-d603b385d06b@group-208911670023 replies to ELECTION vote request: 5535968c-90e6-409a-bf55-78519abc7d70<-214a71e2-145e-48a6-8ba5-d603b385d06b#0:OK-t1. Peer's state: 214a71e2-145e-48a6-8ba5-d603b385d06b@group-208911670023:t1, leader=null, voted=5535968c-90e6-409a-bf55-78519abc7d70, raftlog=Memoized:214a71e2-145e-48a6-8ba5-d603b385d06b@group-208911670023-SegmentedRaftLog:OPENED:c-1:lastnull, conf=conf: {index: -1, cur=peers:[5535968c-90e6-409a-bf55-78519abc7d70|127.0.0.1:15015, 21150c38-a3e2-4a16-8c36-d72d8cfe1192|127.0.0.1:15031, 214a71e2-145e-48a6-8ba5-d603b385d06b|127.0.0.1:15023]|listeners:[], old=null}
2025-05-13 08:07:30,552 [5535968c-90e6-409a-bf55-78519abc7d70@group-208911670023-LeaderElection7] INFO  impl.LeaderElection (LeaderElection.java:logAndReturn(90)) - 5535968c-90e6-409a-bf55-78519abc7d70@group-208911670023-LeaderElection7: ELECTION PASSED received 1 response(s) and 0 exception(s):
2025-05-13 08:07:30,552 [5535968c-90e6-409a-bf55-78519abc7d70@group-208911670023-LeaderElection7] INFO  impl.LeaderElection (LeaderElection.java:logAndReturn(94)) -   Response 0: 5535968c-90e6-409a-bf55-78519abc7d70<-214a71e2-145e-48a6-8ba5-d603b385d06b#0:OK-t1
2025-05-13 08:07:30,553 [5535968c-90e6-409a-bf55-78519abc7d70@group-208911670023-LeaderElection7] INFO  impl.LeaderElection (LeaderElection.java:askForVotes(334)) - 5535968c-90e6-409a-bf55-78519abc7d70@group-208911670023-LeaderElection7 ELECTION round 0: result PASSED
2025-05-13 08:07:30,553 [5535968c-90e6-409a-bf55-78519abc7d70@group-208911670023-LeaderElection7] INFO  impl.RoleInfo (RoleInfo.java:shutdownLeaderElection(141)) - 5535968c-90e6-409a-bf55-78519abc7d70: shutdown 5535968c-90e6-409a-bf55-78519abc7d70@group-208911670023-LeaderElection7
2025-05-13 08:07:30,553 [5535968c-90e6-409a-bf55-78519abc7d70@group-208911670023-LeaderElection7] INFO  server.RaftServer$Division (RaftServerImpl.java:setRole(378)) - 5535968c-90e6-409a-bf55-78519abc7d70@group-208911670023: changes role from CANDIDATE to LEADER at term 1 for changeToLeader
2025-05-13 08:07:30,553 [5535968c-90e6-409a-bf55-78519abc7d70@group-208911670023-LeaderElection7] INFO  server.RaftServerConfigKeys (ConfUtils.java:logGet(46)) - raft.server.staging.catchup.gap = 1000 (default)
2025-05-13 08:07:30,553 [5535968c-90e6-409a-bf55-78519abc7d70@group-208911670023-LeaderElection7] INFO  server.RaftServerConfigKeys (ConfUtils.java:logGet(46)) - raft.server.write.element-limit = 1024 (custom)
2025-05-13 08:07:30,555 [5535968c-90e6-409a-bf55-78519abc7d70@group-208911670023-LeaderElection7] INFO  server.RaftServerConfigKeys (ConfUtils.java:logGet(46)) - raft.server.write.byte-limit = 1024 M (=1073741824) (custom)
2025-05-13 08:07:30,555 [5535968c-90e6-409a-bf55-78519abc7d70@group-208911670023-LeaderElection7] INFO  server.RaftServerConfigKeys (ConfUtils.java:logGet(46)) - raft.server.watch.timeout = 30s (custom)
2025-05-13 08:07:30,555 [5535968c-90e6-409a-bf55-78519abc7d70@group-208911670023-LeaderElection7] INFO  server.RaftServerConfigKeys (ConfUtils.java:logGet(46)) - raft.server.watch.timeout.denomination = 1s (default)
2025-05-13 08:07:30,555 [5535968c-90e6-409a-bf55-78519abc7d70@group-208911670023-LeaderElection7] INFO  server.RaftServerConfigKeys (ConfUtils.java:logGet(46)) - raft.server.watch.element-limit = 65536 (default)
2025-05-13 08:07:30,558 [5535968c-90e6-409a-bf55-78519abc7d70@group-208911670023-LeaderElection7] INFO  server.RaftServerConfigKeys (ConfUtils.java:logGet(46)) - raft.server.read.leader.lease.enabled = false (default)
2025-05-13 08:07:30,558 [5535968c-90e6-409a-bf55-78519abc7d70@group-208911670023-LeaderElection7] INFO  server.RaftServerConfigKeys (ConfUtils.java:logGet(46)) - raft.server.read.leader.lease.timeout.ratio = 0.9 (default)
2025-05-13 08:07:30,558 [5535968c-90e6-409a-bf55-78519abc7d70@group-208911670023-LeaderElection7] INFO  server.RaftServerConfigKeys (ConfUtils.java:logGet(46)) - raft.server.rpc.timeout.min = 5s (custom)
2025-05-13 08:07:30,558 [5535968c-90e6-409a-bf55-78519abc7d70@group-208911670023-LeaderElection7] INFO  server.RaftServerConfigKeys (ConfUtils.java:logGet(46)) - raft.server.log.log-metadata.enabled = true (default)
2025-05-13 08:07:30,558 [5535968c-90e6-409a-bf55-78519abc7d70@group-208911670023-LeaderElection7] INFO  server.RaftServerConfigKeys (ConfUtils.java:logGet(46)) - raft.server.write.element-limit = 1024 (custom)
2025-05-13 08:07:30,558 [5535968c-90e6-409a-bf55-78519abc7d70@group-208911670023-LeaderElection7] INFO  server.RaftServerConfigKeys (ConfUtils.java:logGet(46)) - raft.server.write.follower.gap.ratio.max = -1.0 (default)
2025-05-13 08:07:30,560 [5535968c-90e6-409a-bf55-78519abc7d70@group-208911670023-LeaderElection7] INFO  server.RaftServerConfigKeys (ConfUtils.java:logGet(46)) - raft.server.log.appender.snapshot.chunk.size.max = 16MB (=16777216) (default)
2025-05-13 08:07:30,560 [5535968c-90e6-409a-bf55-78519abc7d70@group-208911670023-LeaderElection7] INFO  server.RaftServerConfigKeys (ConfUtils.java:logGet(46)) - raft.server.log.appender.buffer.byte-limit = 33554432 (custom)
2025-05-13 08:07:30,560 [5535968c-90e6-409a-bf55-78519abc7d70@group-208911670023-LeaderElection7] INFO  server.RaftServerConfigKeys (ConfUtils.java:logGet(46)) - raft.server.log.appender.buffer.element-limit = 1024 (custom)
2025-05-13 08:07:30,560 [5535968c-90e6-409a-bf55-78519abc7d70@group-208911670023-LeaderElection7] INFO  server.RaftServerConfigKeys (ConfUtils.java:logGet(46)) - raft.server.log.appender.wait-time.min = 0μs (custom)
2025-05-13 08:07:30,560 [5535968c-90e6-409a-bf55-78519abc7d70@group-208911670023-LeaderElection7] INFO  grpc.GrpcConfigKeys (ConfUtils.java:logGet(46)) - raft.grpc.server.leader.outstanding.appends.max = 8 (default)
2025-05-13 08:07:30,561 [5535968c-90e6-409a-bf55-78519abc7d70@group-208911670023-LeaderElection7] INFO  server.RaftServerConfigKeys (ConfUtils.java:logGet(46)) - raft.server.rpc.request.timeout = 60s (custom)
2025-05-13 08:07:30,561 [5535968c-90e6-409a-bf55-78519abc7d70@group-208911670023-LeaderElection7] INFO  grpc.GrpcConfigKeys (ConfUtils.java:logGet(46)) - raft.grpc.server.install_snapshot.request.element-limit = 8 (default)
2025-05-13 08:07:30,561 [5535968c-90e6-409a-bf55-78519abc7d70@group-208911670023-LeaderElection7] INFO  grpc.GrpcConfigKeys (ConfUtils.java:logGet(46)) - raft.grpc.server.install_snapshot.request.timeout = 3000ms (default)
2025-05-13 08:07:30,561 [5535968c-90e6-409a-bf55-78519abc7d70@group-208911670023-LeaderElection7] INFO  grpc.GrpcConfigKeys (ConfUtils.java:logGet(46)) - raft.grpc.server.log-message.batch.duration = 5s (default)
2025-05-13 08:07:30,562 [5535968c-90e6-409a-bf55-78519abc7d70@group-208911670023-LeaderElection7] INFO  server.RaftServerConfigKeys (ConfUtils.java:logGet(46)) - raft.server.log.appender.install.snapshot.enabled = false (custom)
2025-05-13 08:07:30,562 [5535968c-90e6-409a-bf55-78519abc7d70@group-208911670023-LeaderElection7] INFO  grpc.GrpcConfigKeys (ConfUtils.java:logGet(46)) - raft.grpc.server.heartbeat.channel = true (default)
2025-05-13 08:07:30,564 [5535968c-90e6-409a-bf55-78519abc7d70@group-208911670023-LeaderElection7] INFO  server.RaftServerConfigKeys (ConfUtils.java:logGet(46)) - raft.server.log.appender.snapshot.chunk.size.max = 16MB (=16777216) (default)
2025-05-13 08:07:30,564 [5535968c-90e6-409a-bf55-78519abc7d70@group-208911670023-LeaderElection7] INFO  server.RaftServerConfigKeys (ConfUtils.java:logGet(46)) - raft.server.log.appender.buffer.byte-limit = 33554432 (custom)
2025-05-13 08:07:30,564 [5535968c-90e6-409a-bf55-78519abc7d70@group-208911670023-LeaderElection7] INFO  server.RaftServerConfigKeys (ConfUtils.java:logGet(46)) - raft.server.log.appender.buffer.element-limit = 1024 (custom)
2025-05-13 08:07:30,564 [5535968c-90e6-409a-bf55-78519abc7d70@group-208911670023-LeaderElection7] INFO  server.RaftServerConfigKeys (ConfUtils.java:logGet(46)) - raft.server.log.appender.wait-time.min = 0μs (custom)
2025-05-13 08:07:30,564 [5535968c-90e6-409a-bf55-78519abc7d70@group-208911670023-LeaderElection7] INFO  grpc.GrpcConfigKeys (ConfUtils.java:logGet(46)) - raft.grpc.server.leader.outstanding.appends.max = 8 (default)
2025-05-13 08:07:30,564 [5535968c-90e6-409a-bf55-78519abc7d70@group-208911670023-LeaderElection7] INFO  server.RaftServerConfigKeys (ConfUtils.java:logGet(46)) - raft.server.rpc.request.timeout = 60s (custom)
2025-05-13 08:07:30,564 [5535968c-90e6-409a-bf55-78519abc7d70@group-208911670023-LeaderElection7] INFO  grpc.GrpcConfigKeys (ConfUtils.java:logGet(46)) - raft.grpc.server.install_snapshot.request.element-limit = 8 (default)
2025-05-13 08:07:30,564 [5535968c-90e6-409a-bf55-78519abc7d70@group-208911670023-LeaderElection7] INFO  grpc.GrpcConfigKeys (ConfUtils.java:logGet(46)) - raft.grpc.server.install_snapshot.request.timeout = 3000ms (default)
2025-05-13 08:07:30,564 [5535968c-90e6-409a-bf55-78519abc7d70@group-208911670023-LeaderElection7] INFO  grpc.GrpcConfigKeys (ConfUtils.java:logGet(46)) - raft.grpc.server.log-message.batch.duration = 5s (default)
2025-05-13 08:07:30,564 [5535968c-90e6-409a-bf55-78519abc7d70@group-208911670023-LeaderElection7] INFO  server.RaftServerConfigKeys (ConfUtils.java:logGet(46)) - raft.server.log.appender.install.snapshot.enabled = false (custom)
2025-05-13 08:07:30,564 [5535968c-90e6-409a-bf55-78519abc7d70@group-208911670023-LeaderElection7] INFO  grpc.GrpcConfigKeys (ConfUtils.java:logGet(46)) - raft.grpc.server.heartbeat.channel = true (default)
2025-05-13 08:07:30,566 [5535968c-90e6-409a-bf55-78519abc7d70@group-208911670023-LeaderElection7] INFO  impl.RoleInfo (RoleInfo.java:updateAndGet(148)) - 5535968c-90e6-409a-bf55-78519abc7d70: start 5535968c-90e6-409a-bf55-78519abc7d70@group-208911670023-LeaderStateImpl
2025-05-13 08:07:30,566 [5535968c-90e6-409a-bf55-78519abc7d70@group-208911670023-LeaderElection7] INFO  server.RaftServer$Division (RaftServerImpl.java:setFirstElection(562)) - 5535968c-90e6-409a-bf55-78519abc7d70@group-208911670023: set firstElectionSinceStartup to false for becomeLeader
2025-05-13 08:07:30,566 [5535968c-90e6-409a-bf55-78519abc7d70@group-208911670023-LeaderElection7] INFO  ratis.XceiverServerRatis (XceiverServerRatis.java:handleLeaderChangedNotification(944)) - Leader change notification received for group: group-208911670023 with new leaderId: 5535968c-90e6-409a-bf55-78519abc7d70
2025-05-13 08:07:30,567 [5535968c-90e6-409a-bf55-78519abc7d70@group-208911670023-LeaderElection7] INFO  server.RaftServer$Division (ServerState.java:setLeader(272)) - 5535968c-90e6-409a-bf55-78519abc7d70@group-208911670023: change Leader from null to 5535968c-90e6-409a-bf55-78519abc7d70 at term 1 for becomeLeader, leader elected after 1173ms
2025-05-13 08:07:30,567 [5535968c-90e6-409a-bf55-78519abc7d70@group-208911670023-LeaderElection7] INFO  segmented.SegmentedRaftLogWorker (SegmentedRaftLogWorker.java:startLogSegment(438)) - 5535968c-90e6-409a-bf55-78519abc7d70@group-208911670023-SegmentedRaftLogWorker: Starting segment from index:0
2025-05-13 08:07:30,568 [5535968c-90e6-409a-bf55-78519abc7d70@group-208911670023-LeaderElection7] INFO  server.RaftServer$Division (ServerState.java:setRaftConf(386)) - 5535968c-90e6-409a-bf55-78519abc7d70@group-208911670023: set configuration conf: {index: 0, cur=peers:[5535968c-90e6-409a-bf55-78519abc7d70|127.0.0.1:15015, 21150c38-a3e2-4a16-8c36-d72d8cfe1192|127.0.0.1:15031, 214a71e2-145e-48a6-8ba5-d603b385d06b|127.0.0.1:15023]|listeners:[], old=null}
2025-05-13 08:07:30,569 [5535968c-90e6-409a-bf55-78519abc7d70@group-208911670023-SegmentedRaftLogWorker] INFO  segmented.BufferedWriteChannel (BufferedWriteChannel.java:open(61)) - open log_inprogress_0 at position 0
2025-05-13 08:07:30,574 [EventQueue-PipelineReportForPipelineReportHandler] INFO  pipeline.PipelineReportHandler (PipelineReportHandler.java:processPipelineReport(134)) - Opened pipeline PipelineID=325a644d-f249-4d91-a4df-208911670023
2025-05-13 08:07:30,582 [5535968c-90e6-409a-bf55-78519abc7d70@group-208911670023-SegmentedRaftLogWorker] INFO  segmented.SegmentedRaftLogWorker (SegmentedRaftLogWorker.java:execute(644)) - 5535968c-90e6-409a-bf55-78519abc7d70@group-208911670023-SegmentedRaftLogWorker: created new log segment /home/runner/work/ozone/ozone/hadoop-ozone/integration-test-s3/target/test-dir/MiniOzoneClusterImpl-95f4eac0-24f3-44c7-8c9c-9c62d5a0e831/ozone-meta/datanode-1/ratis/325a644d-f249-4d91-a4df-208911670023/current/log_inprogress_0
2025-05-13 08:07:30,583 [21150c38-a3e2-4a16-8c36-d72d8cfe1192-server-thread1] INFO  ratis.XceiverServerRatis (XceiverServerRatis.java:handleLeaderChangedNotification(944)) - Leader change notification received for group: group-208911670023 with new leaderId: 5535968c-90e6-409a-bf55-78519abc7d70
2025-05-13 08:07:30,583 [21150c38-a3e2-4a16-8c36-d72d8cfe1192-server-thread1] INFO  server.RaftServer$Division (ServerState.java:setLeader(272)) - 21150c38-a3e2-4a16-8c36-d72d8cfe1192@group-208911670023: change Leader from null to 5535968c-90e6-409a-bf55-78519abc7d70 at term 1 for appendEntries, leader elected after 1212ms
2025-05-13 08:07:30,584 [21150c38-a3e2-4a16-8c36-d72d8cfe1192-server-thread2] INFO  server.RaftServer$Division (ServerState.java:setRaftConf(386)) - 21150c38-a3e2-4a16-8c36-d72d8cfe1192@group-208911670023: set configuration conf: {index: 0, cur=peers:[5535968c-90e6-409a-bf55-78519abc7d70|127.0.0.1:15015, 21150c38-a3e2-4a16-8c36-d72d8cfe1192|127.0.0.1:15031, 214a71e2-145e-48a6-8ba5-d603b385d06b|127.0.0.1:15023]|listeners:[], old=null}
2025-05-13 08:07:30,585 [21150c38-a3e2-4a16-8c36-d72d8cfe1192-server-thread2] INFO  segmented.SegmentedRaftLogWorker (SegmentedRaftLogWorker.java:startLogSegment(438)) - 21150c38-a3e2-4a16-8c36-d72d8cfe1192@group-208911670023-SegmentedRaftLogWorker: Starting segment from index:0
2025-05-13 08:07:30,585 [21150c38-a3e2-4a16-8c36-d72d8cfe1192@group-208911670023-SegmentedRaftLogWorker] INFO  segmented.BufferedWriteChannel (BufferedWriteChannel.java:open(61)) - open log_inprogress_0 at position 0
2025-05-13 08:07:30,586 [214a71e2-145e-48a6-8ba5-d603b385d06b-server-thread1] INFO  ratis.XceiverServerRatis (XceiverServerRatis.java:handleLeaderChangedNotification(944)) - Leader change notification received for group: group-208911670023 with new leaderId: 5535968c-90e6-409a-bf55-78519abc7d70
2025-05-13 08:07:30,586 [214a71e2-145e-48a6-8ba5-d603b385d06b-server-thread1] INFO  server.RaftServer$Division (ServerState.java:setLeader(272)) - 214a71e2-145e-48a6-8ba5-d603b385d06b@group-208911670023: change Leader from null to 5535968c-90e6-409a-bf55-78519abc7d70 at term 1 for appendEntries, leader elected after 1284ms
2025-05-13 08:07:30,588 [214a71e2-145e-48a6-8ba5-d603b385d06b-server-thread2] INFO  server.RaftServer$Division (ServerState.java:setRaftConf(386)) - 214a71e2-145e-48a6-8ba5-d603b385d06b@group-208911670023: set configuration conf: {index: 0, cur=peers:[5535968c-90e6-409a-bf55-78519abc7d70|127.0.0.1:15015, 21150c38-a3e2-4a16-8c36-d72d8cfe1192|127.0.0.1:15031, 214a71e2-145e-48a6-8ba5-d603b385d06b|127.0.0.1:15023]|listeners:[], old=null}
2025-05-13 08:07:30,588 [214a71e2-145e-48a6-8ba5-d603b385d06b-server-thread2] INFO  segmented.SegmentedRaftLogWorker (SegmentedRaftLogWorker.java:startLogSegment(438)) - 214a71e2-145e-48a6-8ba5-d603b385d06b@group-208911670023-SegmentedRaftLogWorker: Starting segment from index:0
2025-05-13 08:07:30,589 [214a71e2-145e-48a6-8ba5-d603b385d06b@group-208911670023-SegmentedRaftLogWorker] INFO  segmented.BufferedWriteChannel (BufferedWriteChannel.java:open(61)) - open log_inprogress_0 at position 0
2025-05-13 08:07:30,594 [21150c38-a3e2-4a16-8c36-d72d8cfe1192@group-208911670023-SegmentedRaftLogWorker] INFO  segmented.SegmentedRaftLogWorker (SegmentedRaftLogWorker.java:execute(644)) - 21150c38-a3e2-4a16-8c36-d72d8cfe1192@group-208911670023-SegmentedRaftLogWorker: created new log segment /home/runner/work/ozone/ozone/hadoop-ozone/integration-test-s3/target/test-dir/MiniOzoneClusterImpl-95f4eac0-24f3-44c7-8c9c-9c62d5a0e831/ozone-meta/datanode-3/ratis/325a644d-f249-4d91-a4df-208911670023/current/log_inprogress_0
2025-05-13 08:07:30,598 [214a71e2-145e-48a6-8ba5-d603b385d06b@group-208911670023-SegmentedRaftLogWorker] INFO  segmented.SegmentedRaftLogWorker (SegmentedRaftLogWorker.java:execute(644)) - 214a71e2-145e-48a6-8ba5-d603b385d06b@group-208911670023-SegmentedRaftLogWorker: created new log segment /home/runner/work/ozone/ozone/hadoop-ozone/integration-test-s3/target/test-dir/MiniOzoneClusterImpl-95f4eac0-24f3-44c7-8c9c-9c62d5a0e831/ozone-meta/datanode-2/ratis/325a644d-f249-4d91-a4df-208911670023/current/log_inprogress_0
2025-05-13 08:07:30,602 [5535968c-90e6-409a-bf55-78519abc7d70@group-208911670023-StateMachineUpdater] INFO  server.RaftServer$Division (LeaderStateImpl.java:checkStartIndex(313)) - Leader 5535968c-90e6-409a-bf55-78519abc7d70@group-208911670023-LeaderStateImpl is ready since appliedIndex == startIndex == 0
]]></system-out>
  </testcase>
  <testcase name="testCreateBucket" classname="org.apache.hadoop.ozone.s3.awssdk.v1.TestS3SDKV1WithRatisStreaming" time="0.371">
    <error message="Unable to execute HTTP request: Connect to 0.0.0.0:15050 [/0.0.0.0] failed: Connection refused" type="com.amazonaws.SdkClientException"><![CDATA[com.amazonaws.SdkClientException: Unable to execute HTTP request: Connect to 0.0.0.0:15050 [/0.0.0.0] failed: Connection refused
	at com.amazonaws.http.AmazonHttpClient$RequestExecutor.handleRetryableException(AmazonHttpClient.java:1219)
	at com.amazonaws.http.AmazonHttpClient$RequestExecutor.executeHelper(AmazonHttpClient.java:1165)
	at com.amazonaws.http.AmazonHttpClient$RequestExecutor.doExecute(AmazonHttpClient.java:814)
	at com.amazonaws.http.AmazonHttpClient$RequestExecutor.executeWithTimer(AmazonHttpClient.java:781)
	at com.amazonaws.http.AmazonHttpClient$RequestExecutor.execute(AmazonHttpClient.java:755)
	at com.amazonaws.http.AmazonHttpClient$RequestExecutor.access$500(AmazonHttpClient.java:715)
	at com.amazonaws.http.AmazonHttpClient$RequestExecutionBuilderImpl.execute(AmazonHttpClient.java:697)
	at com.amazonaws.http.AmazonHttpClient.execute(AmazonHttpClient.java:561)
	at com.amazonaws.http.AmazonHttpClient.execute(AmazonHttpClient.java:541)
	at com.amazonaws.services.s3.AmazonS3Client.invoke(AmazonS3Client.java:5520)
	at com.amazonaws.services.s3.AmazonS3Client.invoke(AmazonS3Client.java:5467)
	at com.amazonaws.services.s3.AmazonS3Client.createBucket(AmazonS3Client.java:1161)
	at com.amazonaws.services.s3.AmazonS3Client.createBucket(AmazonS3Client.java:1089)
	at org.apache.hadoop.ozone.s3.awssdk.v1.AbstractS3SDKV1Tests.testCreateBucket(AbstractS3SDKV1Tests.java:218)
	at java.base/java.lang.reflect.Method.invoke(Method.java:580)
	at java.base/java.util.ArrayList.forEach(ArrayList.java:1596)
	at java.base/java.util.ArrayList.forEach(ArrayList.java:1596)
Caused by: org.apache.http.conn.HttpHostConnectException: Connect to 0.0.0.0:15050 [/0.0.0.0] failed: Connection refused
	at org.apache.http.impl.conn.DefaultHttpClientConnectionOperator.connect(DefaultHttpClientConnectionOperator.java:156)
	at org.apache.http.impl.conn.PoolingHttpClientConnectionManager.connect(PoolingHttpClientConnectionManager.java:376)
	at java.base/java.lang.reflect.Method.invoke(Method.java:580)
	at com.amazonaws.http.conn.ClientConnectionManagerFactory$Handler.invoke(ClientConnectionManagerFactory.java:76)
	at com.amazonaws.http.conn.$Proxy147.connect(Unknown Source)
	at org.apache.http.impl.execchain.MainClientExec.establishRoute(MainClientExec.java:393)
	at org.apache.http.impl.execchain.MainClientExec.execute(MainClientExec.java:236)
	at org.apache.http.impl.execchain.ProtocolExec.execute(ProtocolExec.java:186)
	at org.apache.http.impl.client.InternalHttpClient.doExecute(InternalHttpClient.java:185)
	at org.apache.http.impl.client.CloseableHttpClient.execute(CloseableHttpClient.java:83)
	at org.apache.http.impl.client.CloseableHttpClient.execute(CloseableHttpClient.java:56)
	at com.amazonaws.http.apache.client.impl.SdkHttpClient.execute(SdkHttpClient.java:72)
	at com.amazonaws.http.AmazonHttpClient$RequestExecutor.executeOneRequest(AmazonHttpClient.java:1346)
	at com.amazonaws.http.AmazonHttpClient$RequestExecutor.executeHelper(AmazonHttpClient.java:1157)
	... 15 more
Caused by: java.net.ConnectException: Connection refused
	at java.base/sun.nio.ch.Net.pollConnect(Native Method)
	at java.base/sun.nio.ch.Net.pollConnectNow(Net.java:682)
	at java.base/sun.nio.ch.NioSocketImpl.timedFinishConnect(NioSocketImpl.java:549)
	at java.base/sun.nio.ch.NioSocketImpl.connect(NioSocketImpl.java:592)
	at java.base/java.net.SocksSocketImpl.connect(SocksSocketImpl.java:327)
	at java.base/java.net.Socket.connect(Socket.java:751)
	at org.apache.http.conn.socket.PlainConnectionSocketFactory.connectSocket(PlainConnectionSocketFactory.java:75)
	at org.apache.http.impl.conn.DefaultHttpClientConnectionOperator.connect(DefaultHttpClientConnectionOperator.java:142)
	... 28 more
]]></error>
  </testcase>
  <testcase name="testDeleteBucket" classname="org.apache.hadoop.ozone.s3.awssdk.v1.TestS3SDKV1WithRatisStreaming" time="0.287">
    <error message="Unable to execute HTTP request: Connect to 0.0.0.0:15050 [/0.0.0.0] failed: Connection refused" type="com.amazonaws.SdkClientException"><![CDATA[com.amazonaws.SdkClientException: Unable to execute HTTP request: Connect to 0.0.0.0:15050 [/0.0.0.0] failed: Connection refused
	at com.amazonaws.http.AmazonHttpClient$RequestExecutor.handleRetryableException(AmazonHttpClient.java:1219)
	at com.amazonaws.http.AmazonHttpClient$RequestExecutor.executeHelper(AmazonHttpClient.java:1165)
	at com.amazonaws.http.AmazonHttpClient$RequestExecutor.doExecute(AmazonHttpClient.java:814)
	at com.amazonaws.http.AmazonHttpClient$RequestExecutor.executeWithTimer(AmazonHttpClient.java:781)
	at com.amazonaws.http.AmazonHttpClient$RequestExecutor.execute(AmazonHttpClient.java:755)
	at com.amazonaws.http.AmazonHttpClient$RequestExecutor.access$500(AmazonHttpClient.java:715)
	at com.amazonaws.http.AmazonHttpClient$RequestExecutionBuilderImpl.execute(AmazonHttpClient.java:697)
	at com.amazonaws.http.AmazonHttpClient.execute(AmazonHttpClient.java:561)
	at com.amazonaws.http.AmazonHttpClient.execute(AmazonHttpClient.java:541)
	at com.amazonaws.services.s3.AmazonS3Client.invoke(AmazonS3Client.java:5520)
	at com.amazonaws.services.s3.AmazonS3Client.invoke(AmazonS3Client.java:5467)
	at com.amazonaws.services.s3.AmazonS3Client.createBucket(AmazonS3Client.java:1161)
	at com.amazonaws.services.s3.AmazonS3Client.createBucket(AmazonS3Client.java:1089)
	at org.apache.hadoop.ozone.s3.awssdk.v1.AbstractS3SDKV1Tests.testDeleteBucket(AbstractS3SDKV1Tests.java:271)
	at java.base/java.lang.reflect.Method.invoke(Method.java:580)
	at java.base/java.util.ArrayList.forEach(ArrayList.java:1596)
	at java.base/java.util.ArrayList.forEach(ArrayList.java:1596)
Caused by: org.apache.http.conn.HttpHostConnectException: Connect to 0.0.0.0:15050 [/0.0.0.0] failed: Connection refused
	at org.apache.http.impl.conn.DefaultHttpClientConnectionOperator.connect(DefaultHttpClientConnectionOperator.java:156)
	at org.apache.http.impl.conn.PoolingHttpClientConnectionManager.connect(PoolingHttpClientConnectionManager.java:376)
	at java.base/java.lang.reflect.Method.invoke(Method.java:580)
	at com.amazonaws.http.conn.ClientConnectionManagerFactory$Handler.invoke(ClientConnectionManagerFactory.java:76)
	at com.amazonaws.http.conn.$Proxy147.connect(Unknown Source)
	at org.apache.http.impl.execchain.MainClientExec.establishRoute(MainClientExec.java:393)
	at org.apache.http.impl.execchain.MainClientExec.execute(MainClientExec.java:236)
	at org.apache.http.impl.execchain.ProtocolExec.execute(ProtocolExec.java:186)
	at org.apache.http.impl.client.InternalHttpClient.doExecute(InternalHttpClient.java:185)
	at org.apache.http.impl.client.CloseableHttpClient.execute(CloseableHttpClient.java:83)
	at org.apache.http.impl.client.CloseableHttpClient.execute(CloseableHttpClient.java:56)
	at com.amazonaws.http.apache.client.impl.SdkHttpClient.execute(SdkHttpClient.java:72)
	at com.amazonaws.http.AmazonHttpClient$RequestExecutor.executeOneRequest(AmazonHttpClient.java:1346)
	at com.amazonaws.http.AmazonHttpClient$RequestExecutor.executeHelper(AmazonHttpClient.java:1157)
	... 15 more
Caused by: java.net.ConnectException: Connection refused
	at java.base/sun.nio.ch.Net.pollConnect(Native Method)
	at java.base/sun.nio.ch.Net.pollConnectNow(Net.java:682)
	at java.base/sun.nio.ch.NioSocketImpl.timedFinishConnect(NioSocketImpl.java:549)
	at java.base/sun.nio.ch.NioSocketImpl.connect(NioSocketImpl.java:592)
	at java.base/java.net.SocksSocketImpl.connect(SocksSocketImpl.java:327)
	at java.base/java.net.Socket.connect(Socket.java:751)
	at org.apache.http.conn.socket.PlainConnectionSocketFactory.connectSocket(PlainConnectionSocketFactory.java:75)
	at org.apache.http.impl.conn.DefaultHttpClientConnectionOperator.connect(DefaultHttpClientConnectionOperator.java:142)
	... 28 more
]]></error>
  </testcase>
  <testcase name="testDeleteBucketNonEmptyWithIncompleteMultipartUpload(Path)" classname="org.apache.hadoop.ozone.s3.awssdk.v1.TestS3SDKV1WithRatisStreaming" time="0.36">
    <error message="Unable to execute HTTP request: Connect to 0.0.0.0:15050 [/0.0.0.0] failed: Connection refused" type="com.amazonaws.SdkClientException"><![CDATA[com.amazonaws.SdkClientException: Unable to execute HTTP request: Connect to 0.0.0.0:15050 [/0.0.0.0] failed: Connection refused
	at com.amazonaws.http.AmazonHttpClient$RequestExecutor.handleRetryableException(AmazonHttpClient.java:1219)
	at com.amazonaws.http.AmazonHttpClient$RequestExecutor.executeHelper(AmazonHttpClient.java:1165)
	at com.amazonaws.http.AmazonHttpClient$RequestExecutor.doExecute(AmazonHttpClient.java:814)
	at com.amazonaws.http.AmazonHttpClient$RequestExecutor.executeWithTimer(AmazonHttpClient.java:781)
	at com.amazonaws.http.AmazonHttpClient$RequestExecutor.execute(AmazonHttpClient.java:755)
	at com.amazonaws.http.AmazonHttpClient$RequestExecutor.access$500(AmazonHttpClient.java:715)
	at com.amazonaws.http.AmazonHttpClient$RequestExecutionBuilderImpl.execute(AmazonHttpClient.java:697)
	at com.amazonaws.http.AmazonHttpClient.execute(AmazonHttpClient.java:561)
	at com.amazonaws.http.AmazonHttpClient.execute(AmazonHttpClient.java:541)
	at com.amazonaws.services.s3.AmazonS3Client.invoke(AmazonS3Client.java:5520)
	at com.amazonaws.services.s3.AmazonS3Client.invoke(AmazonS3Client.java:5467)
	at com.amazonaws.services.s3.AmazonS3Client.createBucket(AmazonS3Client.java:1161)
	at com.amazonaws.services.s3.AmazonS3Client.createBucket(AmazonS3Client.java:1089)
	at org.apache.hadoop.ozone.s3.awssdk.v1.AbstractS3SDKV1Tests.testDeleteBucketNonEmptyWithIncompleteMultipartUpload(AbstractS3SDKV1Tests.java:329)
	at java.base/java.lang.reflect.Method.invoke(Method.java:580)
	at java.base/java.util.ArrayList.forEach(ArrayList.java:1596)
	at java.base/java.util.ArrayList.forEach(ArrayList.java:1596)
Caused by: org.apache.http.conn.HttpHostConnectException: Connect to 0.0.0.0:15050 [/0.0.0.0] failed: Connection refused
	at org.apache.http.impl.conn.DefaultHttpClientConnectionOperator.connect(DefaultHttpClientConnectionOperator.java:156)
	at org.apache.http.impl.conn.PoolingHttpClientConnectionManager.connect(PoolingHttpClientConnectionManager.java:376)
	at java.base/java.lang.reflect.Method.invoke(Method.java:580)
	at com.amazonaws.http.conn.ClientConnectionManagerFactory$Handler.invoke(ClientConnectionManagerFactory.java:76)
	at com.amazonaws.http.conn.$Proxy147.connect(Unknown Source)
	at org.apache.http.impl.execchain.MainClientExec.establishRoute(MainClientExec.java:393)
	at org.apache.http.impl.execchain.MainClientExec.execute(MainClientExec.java:236)
	at org.apache.http.impl.execchain.ProtocolExec.execute(ProtocolExec.java:186)
	at org.apache.http.impl.client.InternalHttpClient.doExecute(InternalHttpClient.java:185)
	at org.apache.http.impl.client.CloseableHttpClient.execute(CloseableHttpClient.java:83)
	at org.apache.http.impl.client.CloseableHttpClient.execute(CloseableHttpClient.java:56)
	at com.amazonaws.http.apache.client.impl.SdkHttpClient.execute(SdkHttpClient.java:72)
	at com.amazonaws.http.AmazonHttpClient$RequestExecutor.executeOneRequest(AmazonHttpClient.java:1346)
	at com.amazonaws.http.AmazonHttpClient$RequestExecutor.executeHelper(AmazonHttpClient.java:1157)
	... 15 more
Caused by: java.net.ConnectException: Connection refused
	at java.base/sun.nio.ch.Net.pollConnect(Native Method)
	at java.base/sun.nio.ch.Net.pollConnectNow(Net.java:682)
	at java.base/sun.nio.ch.NioSocketImpl.timedFinishConnect(NioSocketImpl.java:549)
	at java.base/sun.nio.ch.NioSocketImpl.connect(NioSocketImpl.java:592)
	at java.base/java.net.SocksSocketImpl.connect(SocksSocketImpl.java:327)
	at java.base/java.net.Socket.connect(Socket.java:751)
	at org.apache.http.conn.socket.PlainConnectionSocketFactory.connectSocket(PlainConnectionSocketFactory.java:75)
	at org.apache.http.impl.conn.DefaultHttpClientConnectionOperator.connect(DefaultHttpClientConnectionOperator.java:142)
	... 28 more
]]></error>
  </testcase>
  <testcase name="testDeleteBucketNonEmptyWithKeys" classname="org.apache.hadoop.ozone.s3.awssdk.v1.TestS3SDKV1WithRatisStreaming" time="0.587">
    <error message="Unable to execute HTTP request: Connect to 0.0.0.0:15050 [/0.0.0.0] failed: Connection refused" type="com.amazonaws.SdkClientException"><![CDATA[com.amazonaws.SdkClientException: Unable to execute HTTP request: Connect to 0.0.0.0:15050 [/0.0.0.0] failed: Connection refused
	at com.amazonaws.http.AmazonHttpClient$RequestExecutor.handleRetryableException(AmazonHttpClient.java:1219)
	at com.amazonaws.http.AmazonHttpClient$RequestExecutor.executeHelper(AmazonHttpClient.java:1165)
	at com.amazonaws.http.AmazonHttpClient$RequestExecutor.doExecute(AmazonHttpClient.java:814)
	at com.amazonaws.http.AmazonHttpClient$RequestExecutor.executeWithTimer(AmazonHttpClient.java:781)
	at com.amazonaws.http.AmazonHttpClient$RequestExecutor.execute(AmazonHttpClient.java:755)
	at com.amazonaws.http.AmazonHttpClient$RequestExecutor.access$500(AmazonHttpClient.java:715)
	at com.amazonaws.http.AmazonHttpClient$RequestExecutionBuilderImpl.execute(AmazonHttpClient.java:697)
	at com.amazonaws.http.AmazonHttpClient.execute(AmazonHttpClient.java:561)
	at com.amazonaws.http.AmazonHttpClient.execute(AmazonHttpClient.java:541)
	at com.amazonaws.services.s3.AmazonS3Client.invoke(AmazonS3Client.java:5520)
	at com.amazonaws.services.s3.AmazonS3Client.invoke(AmazonS3Client.java:5467)
	at com.amazonaws.services.s3.AmazonS3Client.createBucket(AmazonS3Client.java:1161)
	at com.amazonaws.services.s3.AmazonS3Client.createBucket(AmazonS3Client.java:1089)
	at org.apache.hadoop.ozone.s3.awssdk.v1.AbstractS3SDKV1Tests.testDeleteBucketNonEmptyWithKeys(AbstractS3SDKV1Tests.java:294)
	at java.base/java.lang.reflect.Method.invoke(Method.java:580)
	at java.base/java.util.ArrayList.forEach(ArrayList.java:1596)
	at java.base/java.util.ArrayList.forEach(ArrayList.java:1596)
Caused by: org.apache.http.conn.HttpHostConnectException: Connect to 0.0.0.0:15050 [/0.0.0.0] failed: Connection refused
	at org.apache.http.impl.conn.DefaultHttpClientConnectionOperator.connect(DefaultHttpClientConnectionOperator.java:156)
	at org.apache.http.impl.conn.PoolingHttpClientConnectionManager.connect(PoolingHttpClientConnectionManager.java:376)
	at java.base/java.lang.reflect.Method.invoke(Method.java:580)
	at com.amazonaws.http.conn.ClientConnectionManagerFactory$Handler.invoke(ClientConnectionManagerFactory.java:76)
	at com.amazonaws.http.conn.$Proxy147.connect(Unknown Source)
	at org.apache.http.impl.execchain.MainClientExec.establishRoute(MainClientExec.java:393)
	at org.apache.http.impl.execchain.MainClientExec.execute(MainClientExec.java:236)
	at org.apache.http.impl.execchain.ProtocolExec.execute(ProtocolExec.java:186)
	at org.apache.http.impl.client.InternalHttpClient.doExecute(InternalHttpClient.java:185)
	at org.apache.http.impl.client.CloseableHttpClient.execute(CloseableHttpClient.java:83)
	at org.apache.http.impl.client.CloseableHttpClient.execute(CloseableHttpClient.java:56)
	at com.amazonaws.http.apache.client.impl.SdkHttpClient.execute(SdkHttpClient.java:72)
	at com.amazonaws.http.AmazonHttpClient$RequestExecutor.executeOneRequest(AmazonHttpClient.java:1346)
	at com.amazonaws.http.AmazonHttpClient$RequestExecutor.executeHelper(AmazonHttpClient.java:1157)
	... 15 more
Caused by: java.net.ConnectException: Connection refused
	at java.base/sun.nio.ch.Net.pollConnect(Native Method)
	at java.base/sun.nio.ch.Net.pollConnectNow(Net.java:682)
	at java.base/sun.nio.ch.NioSocketImpl.timedFinishConnect(NioSocketImpl.java:549)
	at java.base/sun.nio.ch.NioSocketImpl.connect(NioSocketImpl.java:592)
	at java.base/java.net.SocksSocketImpl.connect(SocksSocketImpl.java:327)
	at java.base/java.net.Socket.connect(Socket.java:751)
	at org.apache.http.conn.socket.PlainConnectionSocketFactory.connectSocket(PlainConnectionSocketFactory.java:75)
	at org.apache.http.impl.conn.DefaultHttpClientConnectionOperator.connect(DefaultHttpClientConnectionOperator.java:142)
	... 28 more
]]></error>
  </testcase>
  <testcase name="testDeleteBucketNotExist" classname="org.apache.hadoop.ozone.s3.awssdk.v1.TestS3SDKV1WithRatisStreaming" time="0.272">
    <failure message="Unexpected exception type thrown, expected: &lt;com.amazonaws.AmazonServiceException&gt; but was: &lt;com.amazonaws.SdkClientException&gt;" type="org.opentest4j.AssertionFailedError"><![CDATA[org.opentest4j.AssertionFailedError: Unexpected exception type thrown, expected: <com.amazonaws.AmazonServiceException> but was: <com.amazonaws.SdkClientException>
	at org.apache.hadoop.ozone.s3.awssdk.v1.AbstractS3SDKV1Tests.testDeleteBucketNotExist(AbstractS3SDKV1Tests.java:283)
	at java.base/java.lang.reflect.Method.invoke(Method.java:580)
	at java.base/java.util.ArrayList.forEach(ArrayList.java:1596)
	at java.base/java.util.ArrayList.forEach(ArrayList.java:1596)
Caused by: com.amazonaws.SdkClientException: Unable to execute HTTP request: Connect to 0.0.0.0:15050 [/0.0.0.0] failed: Connection refused
	at com.amazonaws.http.AmazonHttpClient$RequestExecutor.handleRetryableException(AmazonHttpClient.java:1219)
	at com.amazonaws.http.AmazonHttpClient$RequestExecutor.executeHelper(AmazonHttpClient.java:1165)
	at com.amazonaws.http.AmazonHttpClient$RequestExecutor.doExecute(AmazonHttpClient.java:814)
	at com.amazonaws.http.AmazonHttpClient$RequestExecutor.executeWithTimer(AmazonHttpClient.java:781)
	at com.amazonaws.http.AmazonHttpClient$RequestExecutor.execute(AmazonHttpClient.java:755)
	at com.amazonaws.http.AmazonHttpClient$RequestExecutor.access$500(AmazonHttpClient.java:715)
	at com.amazonaws.http.AmazonHttpClient$RequestExecutionBuilderImpl.execute(AmazonHttpClient.java:697)
	at com.amazonaws.http.AmazonHttpClient.execute(AmazonHttpClient.java:561)
	at com.amazonaws.http.AmazonHttpClient.execute(AmazonHttpClient.java:541)
	at com.amazonaws.services.s3.AmazonS3Client.invoke(AmazonS3Client.java:5520)
	at com.amazonaws.services.s3.AmazonS3Client.invoke(AmazonS3Client.java:5467)
	at com.amazonaws.services.s3.AmazonS3Client.deleteBucket(AmazonS3Client.java:1769)
	at com.amazonaws.services.s3.AmazonS3Client.deleteBucket(AmazonS3Client.java:1753)
	at org.apache.hadoop.ozone.s3.awssdk.v1.AbstractS3SDKV1Tests.lambda$testDeleteBucketNotExist$0(AbstractS3SDKV1Tests.java:284)
	... 4 more
Caused by: org.apache.http.conn.HttpHostConnectException: Connect to 0.0.0.0:15050 [/0.0.0.0] failed: Connection refused
	at org.apache.http.impl.conn.DefaultHttpClientConnectionOperator.connect(DefaultHttpClientConnectionOperator.java:156)
	at org.apache.http.impl.conn.PoolingHttpClientConnectionManager.connect(PoolingHttpClientConnectionManager.java:376)
	at java.base/java.lang.reflect.Method.invoke(Method.java:580)
	at com.amazonaws.http.conn.ClientConnectionManagerFactory$Handler.invoke(ClientConnectionManagerFactory.java:76)
	at com.amazonaws.http.conn.$Proxy147.connect(Unknown Source)
	at org.apache.http.impl.execchain.MainClientExec.establishRoute(MainClientExec.java:393)
	at org.apache.http.impl.execchain.MainClientExec.execute(MainClientExec.java:236)
	at org.apache.http.impl.execchain.ProtocolExec.execute(ProtocolExec.java:186)
	at org.apache.http.impl.client.InternalHttpClient.doExecute(InternalHttpClient.java:185)
	at org.apache.http.impl.client.CloseableHttpClient.execute(CloseableHttpClient.java:83)
	at org.apache.http.impl.client.CloseableHttpClient.execute(CloseableHttpClient.java:56)
	at com.amazonaws.http.apache.client.impl.SdkHttpClient.execute(SdkHttpClient.java:72)
	at com.amazonaws.http.AmazonHttpClient$RequestExecutor.executeOneRequest(AmazonHttpClient.java:1346)
	at com.amazonaws.http.AmazonHttpClient$RequestExecutor.executeHelper(AmazonHttpClient.java:1157)
	... 16 more
Caused by: java.net.ConnectException: Connection refused
	at java.base/sun.nio.ch.Net.pollConnect(Native Method)
	at java.base/sun.nio.ch.Net.pollConnectNow(Net.java:682)
	at java.base/sun.nio.ch.NioSocketImpl.timedFinishConnect(NioSocketImpl.java:549)
	at java.base/sun.nio.ch.NioSocketImpl.connect(NioSocketImpl.java:592)
	at java.base/java.net.SocksSocketImpl.connect(SocksSocketImpl.java:327)
	at java.base/java.net.Socket.connect(Socket.java:751)
	at org.apache.http.conn.socket.PlainConnectionSocketFactory.connectSocket(PlainConnectionSocketFactory.java:75)
	at org.apache.http.impl.conn.DefaultHttpClientConnectionOperator.connect(DefaultHttpClientConnectionOperator.java:142)
	... 29 more
]]></failure>
  </testcase>
  <testcase name="testGetNotExistedPart(Path)" classname="org.apache.hadoop.ozone.s3.awssdk.v1.TestS3SDKV1WithRatisStreaming" time="0.594">
    <error message="Unable to execute HTTP request: Connect to 0.0.0.0:15050 [/0.0.0.0] failed: Connection refused" type="com.amazonaws.SdkClientException"><![CDATA[com.amazonaws.SdkClientException: Unable to execute HTTP request: Connect to 0.0.0.0:15050 [/0.0.0.0] failed: Connection refused
	at com.amazonaws.http.AmazonHttpClient$RequestExecutor.handleRetryableException(AmazonHttpClient.java:1219)
	at com.amazonaws.http.AmazonHttpClient$RequestExecutor.executeHelper(AmazonHttpClient.java:1165)
	at com.amazonaws.http.AmazonHttpClient$RequestExecutor.doExecute(AmazonHttpClient.java:814)
	at com.amazonaws.http.AmazonHttpClient$RequestExecutor.executeWithTimer(AmazonHttpClient.java:781)
	at com.amazonaws.http.AmazonHttpClient$RequestExecutor.execute(AmazonHttpClient.java:755)
	at com.amazonaws.http.AmazonHttpClient$RequestExecutor.access$500(AmazonHttpClient.java:715)
	at com.amazonaws.http.AmazonHttpClient$RequestExecutionBuilderImpl.execute(AmazonHttpClient.java:697)
	at com.amazonaws.http.AmazonHttpClient.execute(AmazonHttpClient.java:561)
	at com.amazonaws.http.AmazonHttpClient.execute(AmazonHttpClient.java:541)
	at com.amazonaws.services.s3.AmazonS3Client.invoke(AmazonS3Client.java:5520)
	at com.amazonaws.services.s3.AmazonS3Client.invoke(AmazonS3Client.java:5467)
	at com.amazonaws.services.s3.AmazonS3Client.createBucket(AmazonS3Client.java:1161)
	at com.amazonaws.services.s3.AmazonS3Client.createBucket(AmazonS3Client.java:1089)
	at org.apache.hadoop.ozone.s3.awssdk.v1.AbstractS3SDKV1Tests.testGetNotExistedPart(AbstractS3SDKV1Tests.java:927)
	at java.base/java.lang.reflect.Method.invoke(Method.java:580)
	at java.base/java.util.ArrayList.forEach(ArrayList.java:1596)
	at java.base/java.util.ArrayList.forEach(ArrayList.java:1596)
Caused by: org.apache.http.conn.HttpHostConnectException: Connect to 0.0.0.0:15050 [/0.0.0.0] failed: Connection refused
	at org.apache.http.impl.conn.DefaultHttpClientConnectionOperator.connect(DefaultHttpClientConnectionOperator.java:156)
	at org.apache.http.impl.conn.PoolingHttpClientConnectionManager.connect(PoolingHttpClientConnectionManager.java:376)
	at java.base/java.lang.reflect.Method.invoke(Method.java:580)
	at com.amazonaws.http.conn.ClientConnectionManagerFactory$Handler.invoke(ClientConnectionManagerFactory.java:76)
	at com.amazonaws.http.conn.$Proxy147.connect(Unknown Source)
	at org.apache.http.impl.execchain.MainClientExec.establishRoute(MainClientExec.java:393)
	at org.apache.http.impl.execchain.MainClientExec.execute(MainClientExec.java:236)
	at org.apache.http.impl.execchain.ProtocolExec.execute(ProtocolExec.java:186)
	at org.apache.http.impl.client.InternalHttpClient.doExecute(InternalHttpClient.java:185)
	at org.apache.http.impl.client.CloseableHttpClient.execute(CloseableHttpClient.java:83)
	at org.apache.http.impl.client.CloseableHttpClient.execute(CloseableHttpClient.java:56)
	at com.amazonaws.http.apache.client.impl.SdkHttpClient.execute(SdkHttpClient.java:72)
	at com.amazonaws.http.AmazonHttpClient$RequestExecutor.executeOneRequest(AmazonHttpClient.java:1346)
	at com.amazonaws.http.AmazonHttpClient$RequestExecutor.executeHelper(AmazonHttpClient.java:1157)
	... 15 more
Caused by: java.net.ConnectException: Connection refused
	at java.base/sun.nio.ch.Net.pollConnect(Native Method)
	at java.base/sun.nio.ch.Net.pollConnectNow(Net.java:682)
	at java.base/sun.nio.ch.NioSocketImpl.timedFinishConnect(NioSocketImpl.java:549)
	at java.base/sun.nio.ch.NioSocketImpl.connect(NioSocketImpl.java:592)
	at java.base/java.net.SocksSocketImpl.connect(SocksSocketImpl.java:327)
	at java.base/java.net.Socket.connect(Socket.java:751)
	at org.apache.http.conn.socket.PlainConnectionSocketFactory.connectSocket(PlainConnectionSocketFactory.java:75)
	at org.apache.http.impl.conn.DefaultHttpClientConnectionOperator.connect(DefaultHttpClientConnectionOperator.java:142)
	... 28 more
]]></error>
  </testcase>
  <testcase name="testGetObject" classname="org.apache.hadoop.ozone.s3.awssdk.v1.TestS3SDKV1WithRatisStreaming" time="0.238">
    <error message="Unable to execute HTTP request: Connect to 0.0.0.0:15050 [/0.0.0.0] failed: Connection refused" type="com.amazonaws.SdkClientException"><![CDATA[com.amazonaws.SdkClientException: Unable to execute HTTP request: Connect to 0.0.0.0:15050 [/0.0.0.0] failed: Connection refused
	at com.amazonaws.http.AmazonHttpClient$RequestExecutor.handleRetryableException(AmazonHttpClient.java:1219)
	at com.amazonaws.http.AmazonHttpClient$RequestExecutor.executeHelper(AmazonHttpClient.java:1165)
	at com.amazonaws.http.AmazonHttpClient$RequestExecutor.doExecute(AmazonHttpClient.java:814)
	at com.amazonaws.http.AmazonHttpClient$RequestExecutor.executeWithTimer(AmazonHttpClient.java:781)
	at com.amazonaws.http.AmazonHttpClient$RequestExecutor.execute(AmazonHttpClient.java:755)
	at com.amazonaws.http.AmazonHttpClient$RequestExecutor.access$500(AmazonHttpClient.java:715)
	at com.amazonaws.http.AmazonHttpClient$RequestExecutionBuilderImpl.execute(AmazonHttpClient.java:697)
	at com.amazonaws.http.AmazonHttpClient.execute(AmazonHttpClient.java:561)
	at com.amazonaws.http.AmazonHttpClient.execute(AmazonHttpClient.java:541)
	at com.amazonaws.services.s3.AmazonS3Client.invoke(AmazonS3Client.java:5520)
	at com.amazonaws.services.s3.AmazonS3Client.invoke(AmazonS3Client.java:5467)
	at com.amazonaws.services.s3.AmazonS3Client.createBucket(AmazonS3Client.java:1161)
	at com.amazonaws.services.s3.AmazonS3Client.createBucket(AmazonS3Client.java:1089)
	at org.apache.hadoop.ozone.s3.awssdk.v1.AbstractS3SDKV1Tests.testGetObject(AbstractS3SDKV1Tests.java:458)
	at java.base/java.lang.reflect.Method.invoke(Method.java:580)
	at java.base/java.util.ArrayList.forEach(ArrayList.java:1596)
	at java.base/java.util.ArrayList.forEach(ArrayList.java:1596)
Caused by: org.apache.http.conn.HttpHostConnectException: Connect to 0.0.0.0:15050 [/0.0.0.0] failed: Connection refused
	at org.apache.http.impl.conn.DefaultHttpClientConnectionOperator.connect(DefaultHttpClientConnectionOperator.java:156)
	at org.apache.http.impl.conn.PoolingHttpClientConnectionManager.connect(PoolingHttpClientConnectionManager.java:376)
	at java.base/java.lang.reflect.Method.invoke(Method.java:580)
	at com.amazonaws.http.conn.ClientConnectionManagerFactory$Handler.invoke(ClientConnectionManagerFactory.java:76)
	at com.amazonaws.http.conn.$Proxy147.connect(Unknown Source)
	at org.apache.http.impl.execchain.MainClientExec.establishRoute(MainClientExec.java:393)
	at org.apache.http.impl.execchain.MainClientExec.execute(MainClientExec.java:236)
	at org.apache.http.impl.execchain.ProtocolExec.execute(ProtocolExec.java:186)
	at org.apache.http.impl.client.InternalHttpClient.doExecute(InternalHttpClient.java:185)
	at org.apache.http.impl.client.CloseableHttpClient.execute(CloseableHttpClient.java:83)
	at org.apache.http.impl.client.CloseableHttpClient.execute(CloseableHttpClient.java:56)
	at com.amazonaws.http.apache.client.impl.SdkHttpClient.execute(SdkHttpClient.java:72)
	at com.amazonaws.http.AmazonHttpClient$RequestExecutor.executeOneRequest(AmazonHttpClient.java:1346)
	at com.amazonaws.http.AmazonHttpClient$RequestExecutor.executeHelper(AmazonHttpClient.java:1157)
	... 15 more
Caused by: java.net.ConnectException: Connection refused
	at java.base/sun.nio.ch.Net.pollConnect(Native Method)
	at java.base/sun.nio.ch.Net.pollConnectNow(Net.java:682)
	at java.base/sun.nio.ch.NioSocketImpl.timedFinishConnect(NioSocketImpl.java:549)
	at java.base/sun.nio.ch.NioSocketImpl.connect(NioSocketImpl.java:592)
	at java.base/java.net.SocksSocketImpl.connect(SocksSocketImpl.java:327)
	at java.base/java.net.Socket.connect(Socket.java:751)
	at org.apache.http.conn.socket.PlainConnectionSocketFactory.connectSocket(PlainConnectionSocketFactory.java:75)
	at org.apache.http.impl.conn.DefaultHttpClientConnectionOperator.connect(DefaultHttpClientConnectionOperator.java:142)
	... 28 more
]]></error>
  </testcase>
  <testcase name="testGetObjectWithoutETag" classname="org.apache.hadoop.ozone.s3.awssdk.v1.TestS3SDKV1WithRatisStreaming" time="0.339">
    <error message="Unable to execute HTTP request: Connect to 0.0.0.0:15050 [/0.0.0.0] failed: Connection refused" type="com.amazonaws.SdkClientException"><![CDATA[com.amazonaws.SdkClientException: Unable to execute HTTP request: Connect to 0.0.0.0:15050 [/0.0.0.0] failed: Connection refused
	at com.amazonaws.http.AmazonHttpClient$RequestExecutor.handleRetryableException(AmazonHttpClient.java:1219)
	at com.amazonaws.http.AmazonHttpClient$RequestExecutor.executeHelper(AmazonHttpClient.java:1165)
	at com.amazonaws.http.AmazonHttpClient$RequestExecutor.doExecute(AmazonHttpClient.java:814)
	at com.amazonaws.http.AmazonHttpClient$RequestExecutor.executeWithTimer(AmazonHttpClient.java:781)
	at com.amazonaws.http.AmazonHttpClient$RequestExecutor.execute(AmazonHttpClient.java:755)
	at com.amazonaws.http.AmazonHttpClient$RequestExecutor.access$500(AmazonHttpClient.java:715)
	at com.amazonaws.http.AmazonHttpClient$RequestExecutionBuilderImpl.execute(AmazonHttpClient.java:697)
	at com.amazonaws.http.AmazonHttpClient.execute(AmazonHttpClient.java:561)
	at com.amazonaws.http.AmazonHttpClient.execute(AmazonHttpClient.java:541)
	at com.amazonaws.services.s3.AmazonS3Client.invoke(AmazonS3Client.java:5520)
	at com.amazonaws.services.s3.AmazonS3Client.invoke(AmazonS3Client.java:5467)
	at com.amazonaws.services.s3.AmazonS3Client.createBucket(AmazonS3Client.java:1161)
	at com.amazonaws.services.s3.AmazonS3Client.createBucket(AmazonS3Client.java:1089)
	at org.apache.hadoop.ozone.s3.awssdk.v1.AbstractS3SDKV1Tests.testGetObjectWithoutETag(AbstractS3SDKV1Tests.java:498)
	at java.base/java.lang.reflect.Method.invoke(Method.java:580)
	at java.base/java.util.ArrayList.forEach(ArrayList.java:1596)
	at java.base/java.util.ArrayList.forEach(ArrayList.java:1596)
Caused by: org.apache.http.conn.HttpHostConnectException: Connect to 0.0.0.0:15050 [/0.0.0.0] failed: Connection refused
	at org.apache.http.impl.conn.DefaultHttpClientConnectionOperator.connect(DefaultHttpClientConnectionOperator.java:156)
	at org.apache.http.impl.conn.PoolingHttpClientConnectionManager.connect(PoolingHttpClientConnectionManager.java:376)
	at java.base/java.lang.reflect.Method.invoke(Method.java:580)
	at com.amazonaws.http.conn.ClientConnectionManagerFactory$Handler.invoke(ClientConnectionManagerFactory.java:76)
	at com.amazonaws.http.conn.$Proxy147.connect(Unknown Source)
	at org.apache.http.impl.execchain.MainClientExec.establishRoute(MainClientExec.java:393)
	at org.apache.http.impl.execchain.MainClientExec.execute(MainClientExec.java:236)
	at org.apache.http.impl.execchain.ProtocolExec.execute(ProtocolExec.java:186)
	at org.apache.http.impl.client.InternalHttpClient.doExecute(InternalHttpClient.java:185)
	at org.apache.http.impl.client.CloseableHttpClient.execute(CloseableHttpClient.java:83)
	at org.apache.http.impl.client.CloseableHttpClient.execute(CloseableHttpClient.java:56)
	at com.amazonaws.http.apache.client.impl.SdkHttpClient.execute(SdkHttpClient.java:72)
	at com.amazonaws.http.AmazonHttpClient$RequestExecutor.executeOneRequest(AmazonHttpClient.java:1346)
	at com.amazonaws.http.AmazonHttpClient$RequestExecutor.executeHelper(AmazonHttpClient.java:1157)
	... 15 more
Caused by: java.net.ConnectException: Connection refused
	at java.base/sun.nio.ch.Net.pollConnect(Native Method)
	at java.base/sun.nio.ch.Net.pollConnectNow(Net.java:682)
	at java.base/sun.nio.ch.NioSocketImpl.timedFinishConnect(NioSocketImpl.java:549)
	at java.base/sun.nio.ch.NioSocketImpl.connect(NioSocketImpl.java:592)
	at java.base/java.net.SocksSocketImpl.connect(SocksSocketImpl.java:327)
	at java.base/java.net.Socket.connect(Socket.java:751)
	at org.apache.http.conn.socket.PlainConnectionSocketFactory.connectSocket(PlainConnectionSocketFactory.java:75)
	at org.apache.http.impl.conn.DefaultHttpClientConnectionOperator.connect(DefaultHttpClientConnectionOperator.java:142)
	... 28 more
]]></error>
  </testcase>
  <testcase name="testGetParticularPart(Path)" classname="org.apache.hadoop.ozone.s3.awssdk.v1.TestS3SDKV1WithRatisStreaming" time="0.459">
    <error message="Unable to execute HTTP request: Connect to 0.0.0.0:15050 [/0.0.0.0] failed: Connection refused" type="com.amazonaws.SdkClientException"><![CDATA[com.amazonaws.SdkClientException: Unable to execute HTTP request: Connect to 0.0.0.0:15050 [/0.0.0.0] failed: Connection refused
	at com.amazonaws.http.AmazonHttpClient$RequestExecutor.handleRetryableException(AmazonHttpClient.java:1219)
	at com.amazonaws.http.AmazonHttpClient$RequestExecutor.executeHelper(AmazonHttpClient.java:1165)
	at com.amazonaws.http.AmazonHttpClient$RequestExecutor.doExecute(AmazonHttpClient.java:814)
	at com.amazonaws.http.AmazonHttpClient$RequestExecutor.executeWithTimer(AmazonHttpClient.java:781)
	at com.amazonaws.http.AmazonHttpClient$RequestExecutor.execute(AmazonHttpClient.java:755)
	at com.amazonaws.http.AmazonHttpClient$RequestExecutor.access$500(AmazonHttpClient.java:715)
	at com.amazonaws.http.AmazonHttpClient$RequestExecutionBuilderImpl.execute(AmazonHttpClient.java:697)
	at com.amazonaws.http.AmazonHttpClient.execute(AmazonHttpClient.java:561)
	at com.amazonaws.http.AmazonHttpClient.execute(AmazonHttpClient.java:541)
	at com.amazonaws.services.s3.AmazonS3Client.invoke(AmazonS3Client.java:5520)
	at com.amazonaws.services.s3.AmazonS3Client.invoke(AmazonS3Client.java:5467)
	at com.amazonaws.services.s3.AmazonS3Client.createBucket(AmazonS3Client.java:1161)
	at com.amazonaws.services.s3.AmazonS3Client.createBucket(AmazonS3Client.java:1089)
	at org.apache.hadoop.ozone.s3.awssdk.v1.AbstractS3SDKV1Tests.testGetParticularPart(AbstractS3SDKV1Tests.java:888)
	at java.base/java.lang.reflect.Method.invoke(Method.java:580)
	at java.base/java.util.ArrayList.forEach(ArrayList.java:1596)
	at java.base/java.util.ArrayList.forEach(ArrayList.java:1596)
Caused by: org.apache.http.conn.HttpHostConnectException: Connect to 0.0.0.0:15050 [/0.0.0.0] failed: Connection refused
	at org.apache.http.impl.conn.DefaultHttpClientConnectionOperator.connect(DefaultHttpClientConnectionOperator.java:156)
	at org.apache.http.impl.conn.PoolingHttpClientConnectionManager.connect(PoolingHttpClientConnectionManager.java:376)
	at java.base/java.lang.reflect.Method.invoke(Method.java:580)
	at com.amazonaws.http.conn.ClientConnectionManagerFactory$Handler.invoke(ClientConnectionManagerFactory.java:76)
	at com.amazonaws.http.conn.$Proxy147.connect(Unknown Source)
	at org.apache.http.impl.execchain.MainClientExec.establishRoute(MainClientExec.java:393)
	at org.apache.http.impl.execchain.MainClientExec.execute(MainClientExec.java:236)
	at org.apache.http.impl.execchain.ProtocolExec.execute(ProtocolExec.java:186)
	at org.apache.http.impl.client.InternalHttpClient.doExecute(InternalHttpClient.java:185)
	at org.apache.http.impl.client.CloseableHttpClient.execute(CloseableHttpClient.java:83)
	at org.apache.http.impl.client.CloseableHttpClient.execute(CloseableHttpClient.java:56)
	at com.amazonaws.http.apache.client.impl.SdkHttpClient.execute(SdkHttpClient.java:72)
	at com.amazonaws.http.AmazonHttpClient$RequestExecutor.executeOneRequest(AmazonHttpClient.java:1346)
	at com.amazonaws.http.AmazonHttpClient$RequestExecutor.executeHelper(AmazonHttpClient.java:1157)
	... 15 more
Caused by: java.net.ConnectException: Connection refused
	at java.base/sun.nio.ch.Net.pollConnect(Native Method)
	at java.base/sun.nio.ch.Net.pollConnectNow(Net.java:682)
	at java.base/sun.nio.ch.NioSocketImpl.timedFinishConnect(NioSocketImpl.java:549)
	at java.base/sun.nio.ch.NioSocketImpl.connect(NioSocketImpl.java:592)
	at java.base/java.net.SocksSocketImpl.connect(SocksSocketImpl.java:327)
	at java.base/java.net.Socket.connect(Socket.java:751)
	at org.apache.http.conn.socket.PlainConnectionSocketFactory.connectSocket(PlainConnectionSocketFactory.java:75)
	at org.apache.http.impl.conn.DefaultHttpClientConnectionOperator.connect(DefaultHttpClientConnectionOperator.java:142)
	... 28 more
]]></error>
  </testcase>
  <testcase name="testHighLevelMultipartUpload(Path)" classname="org.apache.hadoop.ozone.s3.awssdk.v1.TestS3SDKV1WithRatisStreaming" time="0.317">
    <error message="Unable to execute HTTP request: Connect to 0.0.0.0:15050 [/0.0.0.0] failed: Connection refused" type="com.amazonaws.SdkClientException"><![CDATA[com.amazonaws.SdkClientException: Unable to execute HTTP request: Connect to 0.0.0.0:15050 [/0.0.0.0] failed: Connection refused
	at com.amazonaws.http.AmazonHttpClient$RequestExecutor.handleRetryableException(AmazonHttpClient.java:1219)
	at com.amazonaws.http.AmazonHttpClient$RequestExecutor.executeHelper(AmazonHttpClient.java:1165)
	at com.amazonaws.http.AmazonHttpClient$RequestExecutor.doExecute(AmazonHttpClient.java:814)
	at com.amazonaws.http.AmazonHttpClient$RequestExecutor.executeWithTimer(AmazonHttpClient.java:781)
	at com.amazonaws.http.AmazonHttpClient$RequestExecutor.execute(AmazonHttpClient.java:755)
	at com.amazonaws.http.AmazonHttpClient$RequestExecutor.access$500(AmazonHttpClient.java:715)
	at com.amazonaws.http.AmazonHttpClient$RequestExecutionBuilderImpl.execute(AmazonHttpClient.java:697)
	at com.amazonaws.http.AmazonHttpClient.execute(AmazonHttpClient.java:561)
	at com.amazonaws.http.AmazonHttpClient.execute(AmazonHttpClient.java:541)
	at com.amazonaws.services.s3.AmazonS3Client.invoke(AmazonS3Client.java:5520)
	at com.amazonaws.services.s3.AmazonS3Client.invoke(AmazonS3Client.java:5467)
	at com.amazonaws.services.s3.AmazonS3Client.createBucket(AmazonS3Client.java:1161)
	at com.amazonaws.services.s3.AmazonS3Client.createBucket(AmazonS3Client.java:1089)
	at org.apache.hadoop.ozone.s3.awssdk.v1.AbstractS3SDKV1Tests.testHighLevelMultipartUpload(AbstractS3SDKV1Tests.java:669)
	at java.base/java.lang.reflect.Method.invoke(Method.java:580)
	at java.base/java.util.ArrayList.forEach(ArrayList.java:1596)
	at java.base/java.util.ArrayList.forEach(ArrayList.java:1596)
Caused by: org.apache.http.conn.HttpHostConnectException: Connect to 0.0.0.0:15050 [/0.0.0.0] failed: Connection refused
	at org.apache.http.impl.conn.DefaultHttpClientConnectionOperator.connect(DefaultHttpClientConnectionOperator.java:156)
	at org.apache.http.impl.conn.PoolingHttpClientConnectionManager.connect(PoolingHttpClientConnectionManager.java:376)
	at java.base/java.lang.reflect.Method.invoke(Method.java:580)
	at com.amazonaws.http.conn.ClientConnectionManagerFactory$Handler.invoke(ClientConnectionManagerFactory.java:76)
	at com.amazonaws.http.conn.$Proxy147.connect(Unknown Source)
	at org.apache.http.impl.execchain.MainClientExec.establishRoute(MainClientExec.java:393)
	at org.apache.http.impl.execchain.MainClientExec.execute(MainClientExec.java:236)
	at org.apache.http.impl.execchain.ProtocolExec.execute(ProtocolExec.java:186)
	at org.apache.http.impl.client.InternalHttpClient.doExecute(InternalHttpClient.java:185)
	at org.apache.http.impl.client.CloseableHttpClient.execute(CloseableHttpClient.java:83)
	at org.apache.http.impl.client.CloseableHttpClient.execute(CloseableHttpClient.java:56)
	at com.amazonaws.http.apache.client.impl.SdkHttpClient.execute(SdkHttpClient.java:72)
	at com.amazonaws.http.AmazonHttpClient$RequestExecutor.executeOneRequest(AmazonHttpClient.java:1346)
	at com.amazonaws.http.AmazonHttpClient$RequestExecutor.executeHelper(AmazonHttpClient.java:1157)
	... 15 more
Caused by: java.net.ConnectException: Connection refused
	at java.base/sun.nio.ch.Net.pollConnect(Native Method)
	at java.base/sun.nio.ch.Net.pollConnectNow(Net.java:682)
	at java.base/sun.nio.ch.NioSocketImpl.timedFinishConnect(NioSocketImpl.java:549)
	at java.base/sun.nio.ch.NioSocketImpl.connect(NioSocketImpl.java:592)
	at java.base/java.net.SocksSocketImpl.connect(SocksSocketImpl.java:327)
	at java.base/java.net.Socket.connect(Socket.java:751)
	at org.apache.http.conn.socket.PlainConnectionSocketFactory.connectSocket(PlainConnectionSocketFactory.java:75)
	at org.apache.http.impl.conn.DefaultHttpClientConnectionOperator.connect(DefaultHttpClientConnectionOperator.java:142)
	... 28 more
]]></error>
  </testcase>
  <testcase name="testListBuckets" classname="org.apache.hadoop.ozone.s3.awssdk.v1.TestS3SDKV1WithRatisStreaming" time="0.146">
    <error message="Unable to execute HTTP request: Connect to 0.0.0.0:15050 [/0.0.0.0] failed: Connection refused" type="com.amazonaws.SdkClientException"><![CDATA[com.amazonaws.SdkClientException: Unable to execute HTTP request: Connect to 0.0.0.0:15050 [/0.0.0.0] failed: Connection refused
	at com.amazonaws.http.AmazonHttpClient$RequestExecutor.handleRetryableException(AmazonHttpClient.java:1219)
	at com.amazonaws.http.AmazonHttpClient$RequestExecutor.executeHelper(AmazonHttpClient.java:1165)
	at com.amazonaws.http.AmazonHttpClient$RequestExecutor.doExecute(AmazonHttpClient.java:814)
	at com.amazonaws.http.AmazonHttpClient$RequestExecutor.executeWithTimer(AmazonHttpClient.java:781)
	at com.amazonaws.http.AmazonHttpClient$RequestExecutor.execute(AmazonHttpClient.java:755)
	at com.amazonaws.http.AmazonHttpClient$RequestExecutor.access$500(AmazonHttpClient.java:715)
	at com.amazonaws.http.AmazonHttpClient$RequestExecutionBuilderImpl.execute(AmazonHttpClient.java:697)
	at com.amazonaws.http.AmazonHttpClient.execute(AmazonHttpClient.java:561)
	at com.amazonaws.http.AmazonHttpClient.execute(AmazonHttpClient.java:541)
	at com.amazonaws.services.s3.AmazonS3Client.invoke(AmazonS3Client.java:5520)
	at com.amazonaws.services.s3.AmazonS3Client.invoke(AmazonS3Client.java:5467)
	at com.amazonaws.services.s3.AmazonS3Client.createBucket(AmazonS3Client.java:1161)
	at com.amazonaws.services.s3.AmazonS3Client.createBucket(AmazonS3Client.java:1089)
	at org.apache.hadoop.ozone.s3.awssdk.v1.AbstractS3SDKV1Tests.testListBuckets(AbstractS3SDKV1Tests.java:256)
	at java.base/java.lang.reflect.Method.invoke(Method.java:580)
	at java.base/java.util.ArrayList.forEach(ArrayList.java:1596)
	at java.base/java.util.ArrayList.forEach(ArrayList.java:1596)
Caused by: org.apache.http.conn.HttpHostConnectException: Connect to 0.0.0.0:15050 [/0.0.0.0] failed: Connection refused
	at org.apache.http.impl.conn.DefaultHttpClientConnectionOperator.connect(DefaultHttpClientConnectionOperator.java:156)
	at org.apache.http.impl.conn.PoolingHttpClientConnectionManager.connect(PoolingHttpClientConnectionManager.java:376)
	at java.base/java.lang.reflect.Method.invoke(Method.java:580)
	at com.amazonaws.http.conn.ClientConnectionManagerFactory$Handler.invoke(ClientConnectionManagerFactory.java:76)
	at com.amazonaws.http.conn.$Proxy147.connect(Unknown Source)
	at org.apache.http.impl.execchain.MainClientExec.establishRoute(MainClientExec.java:393)
	at org.apache.http.impl.execchain.MainClientExec.execute(MainClientExec.java:236)
	at org.apache.http.impl.execchain.ProtocolExec.execute(ProtocolExec.java:186)
	at org.apache.http.impl.client.InternalHttpClient.doExecute(InternalHttpClient.java:185)
	at org.apache.http.impl.client.CloseableHttpClient.execute(CloseableHttpClient.java:83)
	at org.apache.http.impl.client.CloseableHttpClient.execute(CloseableHttpClient.java:56)
	at com.amazonaws.http.apache.client.impl.SdkHttpClient.execute(SdkHttpClient.java:72)
	at com.amazonaws.http.AmazonHttpClient$RequestExecutor.executeOneRequest(AmazonHttpClient.java:1346)
	at com.amazonaws.http.AmazonHttpClient$RequestExecutor.executeHelper(AmazonHttpClient.java:1157)
	... 15 more
Caused by: java.net.ConnectException: Connection refused
	at java.base/sun.nio.ch.Net.pollConnect(Native Method)
	at java.base/sun.nio.ch.Net.pollConnectNow(Net.java:682)
	at java.base/sun.nio.ch.NioSocketImpl.timedFinishConnect(NioSocketImpl.java:549)
	at java.base/sun.nio.ch.NioSocketImpl.connect(NioSocketImpl.java:592)
	at java.base/java.net.SocksSocketImpl.connect(SocksSocketImpl.java:327)
	at java.base/java.net.Socket.connect(Socket.java:751)
	at org.apache.http.conn.socket.PlainConnectionSocketFactory.connectSocket(PlainConnectionSocketFactory.java:75)
	at org.apache.http.impl.conn.DefaultHttpClientConnectionOperator.connect(DefaultHttpClientConnectionOperator.java:142)
	... 28 more
]]></error>
  </testcase>
  <testcase name="testListMultipartUploads" classname="org.apache.hadoop.ozone.s3.awssdk.v1.TestS3SDKV1WithRatisStreaming" time="0.299">
    <error message="Unable to execute HTTP request: Connect to 0.0.0.0:15050 [/0.0.0.0] failed: Connection refused" type="com.amazonaws.SdkClientException"><![CDATA[com.amazonaws.SdkClientException: Unable to execute HTTP request: Connect to 0.0.0.0:15050 [/0.0.0.0] failed: Connection refused
	at com.amazonaws.http.AmazonHttpClient$RequestExecutor.handleRetryableException(AmazonHttpClient.java:1219)
	at com.amazonaws.http.AmazonHttpClient$RequestExecutor.executeHelper(AmazonHttpClient.java:1165)
	at com.amazonaws.http.AmazonHttpClient$RequestExecutor.doExecute(AmazonHttpClient.java:814)
	at com.amazonaws.http.AmazonHttpClient$RequestExecutor.executeWithTimer(AmazonHttpClient.java:781)
	at com.amazonaws.http.AmazonHttpClient$RequestExecutor.execute(AmazonHttpClient.java:755)
	at com.amazonaws.http.AmazonHttpClient$RequestExecutor.access$500(AmazonHttpClient.java:715)
	at com.amazonaws.http.AmazonHttpClient$RequestExecutionBuilderImpl.execute(AmazonHttpClient.java:697)
	at com.amazonaws.http.AmazonHttpClient.execute(AmazonHttpClient.java:561)
	at com.amazonaws.http.AmazonHttpClient.execute(AmazonHttpClient.java:541)
	at com.amazonaws.services.s3.AmazonS3Client.invoke(AmazonS3Client.java:5520)
	at com.amazonaws.services.s3.AmazonS3Client.invoke(AmazonS3Client.java:5467)
	at com.amazonaws.services.s3.AmazonS3Client.createBucket(AmazonS3Client.java:1161)
	at com.amazonaws.services.s3.AmazonS3Client.createBucket(AmazonS3Client.java:1089)
	at org.apache.hadoop.ozone.s3.awssdk.v1.AbstractS3SDKV1Tests.testListMultipartUploads(AbstractS3SDKV1Tests.java:722)
	at java.base/java.lang.reflect.Method.invoke(Method.java:580)
	at java.base/java.util.ArrayList.forEach(ArrayList.java:1596)
	at java.base/java.util.ArrayList.forEach(ArrayList.java:1596)
Caused by: org.apache.http.conn.HttpHostConnectException: Connect to 0.0.0.0:15050 [/0.0.0.0] failed: Connection refused
	at org.apache.http.impl.conn.DefaultHttpClientConnectionOperator.connect(DefaultHttpClientConnectionOperator.java:156)
	at org.apache.http.impl.conn.PoolingHttpClientConnectionManager.connect(PoolingHttpClientConnectionManager.java:376)
	at java.base/java.lang.reflect.Method.invoke(Method.java:580)
	at com.amazonaws.http.conn.ClientConnectionManagerFactory$Handler.invoke(ClientConnectionManagerFactory.java:76)
	at com.amazonaws.http.conn.$Proxy147.connect(Unknown Source)
	at org.apache.http.impl.execchain.MainClientExec.establishRoute(MainClientExec.java:393)
	at org.apache.http.impl.execchain.MainClientExec.execute(MainClientExec.java:236)
	at org.apache.http.impl.execchain.ProtocolExec.execute(ProtocolExec.java:186)
	at org.apache.http.impl.client.InternalHttpClient.doExecute(InternalHttpClient.java:185)
	at org.apache.http.impl.client.CloseableHttpClient.execute(CloseableHttpClient.java:83)
	at org.apache.http.impl.client.CloseableHttpClient.execute(CloseableHttpClient.java:56)
	at com.amazonaws.http.apache.client.impl.SdkHttpClient.execute(SdkHttpClient.java:72)
	at com.amazonaws.http.AmazonHttpClient$RequestExecutor.executeOneRequest(AmazonHttpClient.java:1346)
	at com.amazonaws.http.AmazonHttpClient$RequestExecutor.executeHelper(AmazonHttpClient.java:1157)
	... 15 more
Caused by: java.net.ConnectException: Connection refused
	at java.base/sun.nio.ch.Net.pollConnect(Native Method)
	at java.base/sun.nio.ch.Net.pollConnectNow(Net.java:682)
	at java.base/sun.nio.ch.NioSocketImpl.timedFinishConnect(NioSocketImpl.java:549)
	at java.base/sun.nio.ch.NioSocketImpl.connect(NioSocketImpl.java:592)
	at java.base/java.net.SocksSocketImpl.connect(SocksSocketImpl.java:327)
	at java.base/java.net.Socket.connect(Socket.java:751)
	at org.apache.http.conn.socket.PlainConnectionSocketFactory.connectSocket(PlainConnectionSocketFactory.java:75)
	at org.apache.http.impl.conn.DefaultHttpClientConnectionOperator.connect(DefaultHttpClientConnectionOperator.java:142)
	... 28 more
]]></error>
  </testcase>
  <testcase name="testListMultipartUploadsPagination" classname="org.apache.hadoop.ozone.s3.awssdk.v1.TestS3SDKV1WithRatisStreaming" time="0.509">
    <error message="Unable to execute HTTP request: Connect to 0.0.0.0:15050 [/0.0.0.0] failed: Connection refused" type="com.amazonaws.SdkClientException"><![CDATA[com.amazonaws.SdkClientException: Unable to execute HTTP request: Connect to 0.0.0.0:15050 [/0.0.0.0] failed: Connection refused
	at com.amazonaws.http.AmazonHttpClient$RequestExecutor.handleRetryableException(AmazonHttpClient.java:1219)
	at com.amazonaws.http.AmazonHttpClient$RequestExecutor.executeHelper(AmazonHttpClient.java:1165)
	at com.amazonaws.http.AmazonHttpClient$RequestExecutor.doExecute(AmazonHttpClient.java:814)
	at com.amazonaws.http.AmazonHttpClient$RequestExecutor.executeWithTimer(AmazonHttpClient.java:781)
	at com.amazonaws.http.AmazonHttpClient$RequestExecutor.execute(AmazonHttpClient.java:755)
	at com.amazonaws.http.AmazonHttpClient$RequestExecutor.access$500(AmazonHttpClient.java:715)
	at com.amazonaws.http.AmazonHttpClient$RequestExecutionBuilderImpl.execute(AmazonHttpClient.java:697)
	at com.amazonaws.http.AmazonHttpClient.execute(AmazonHttpClient.java:561)
	at com.amazonaws.http.AmazonHttpClient.execute(AmazonHttpClient.java:541)
	at com.amazonaws.services.s3.AmazonS3Client.invoke(AmazonS3Client.java:5520)
	at com.amazonaws.services.s3.AmazonS3Client.invoke(AmazonS3Client.java:5467)
	at com.amazonaws.services.s3.AmazonS3Client.createBucket(AmazonS3Client.java:1161)
	at com.amazonaws.services.s3.AmazonS3Client.createBucket(AmazonS3Client.java:1089)
	at org.apache.hadoop.ozone.s3.awssdk.v1.AbstractS3SDKV1Tests.testListMultipartUploadsPagination(AbstractS3SDKV1Tests.java:750)
	at java.base/java.lang.reflect.Method.invoke(Method.java:580)
	at java.base/java.util.ArrayList.forEach(ArrayList.java:1596)
	at java.base/java.util.ArrayList.forEach(ArrayList.java:1596)
Caused by: org.apache.http.conn.HttpHostConnectException: Connect to 0.0.0.0:15050 [/0.0.0.0] failed: Connection refused
	at org.apache.http.impl.conn.DefaultHttpClientConnectionOperator.connect(DefaultHttpClientConnectionOperator.java:156)
	at org.apache.http.impl.conn.PoolingHttpClientConnectionManager.connect(PoolingHttpClientConnectionManager.java:376)
	at java.base/java.lang.reflect.Method.invoke(Method.java:580)
	at com.amazonaws.http.conn.ClientConnectionManagerFactory$Handler.invoke(ClientConnectionManagerFactory.java:76)
	at com.amazonaws.http.conn.$Proxy147.connect(Unknown Source)
	at org.apache.http.impl.execchain.MainClientExec.establishRoute(MainClientExec.java:393)
	at org.apache.http.impl.execchain.MainClientExec.execute(MainClientExec.java:236)
	at org.apache.http.impl.execchain.ProtocolExec.execute(ProtocolExec.java:186)
	at org.apache.http.impl.client.InternalHttpClient.doExecute(InternalHttpClient.java:185)
	at org.apache.http.impl.client.CloseableHttpClient.execute(CloseableHttpClient.java:83)
	at org.apache.http.impl.client.CloseableHttpClient.execute(CloseableHttpClient.java:56)
	at com.amazonaws.http.apache.client.impl.SdkHttpClient.execute(SdkHttpClient.java:72)
	at com.amazonaws.http.AmazonHttpClient$RequestExecutor.executeOneRequest(AmazonHttpClient.java:1346)
	at com.amazonaws.http.AmazonHttpClient$RequestExecutor.executeHelper(AmazonHttpClient.java:1157)
	... 15 more
Caused by: java.net.ConnectException: Connection refused
	at java.base/sun.nio.ch.Net.pollConnect(Native Method)
	at java.base/sun.nio.ch.Net.pollConnectNow(Net.java:682)
	at java.base/sun.nio.ch.NioSocketImpl.timedFinishConnect(NioSocketImpl.java:549)
	at java.base/sun.nio.ch.NioSocketImpl.connect(NioSocketImpl.java:592)
	at java.base/java.net.SocksSocketImpl.connect(SocksSocketImpl.java:327)
	at java.base/java.net.Socket.connect(Socket.java:751)
	at org.apache.http.conn.socket.PlainConnectionSocketFactory.connectSocket(PlainConnectionSocketFactory.java:75)
	at org.apache.http.impl.conn.DefaultHttpClientConnectionOperator.connect(DefaultHttpClientConnectionOperator.java:142)
	... 28 more
]]></error>
  </testcase>
  <testcase name="testListObjectsBucketNotExist" classname="org.apache.hadoop.ozone.s3.awssdk.v1.TestS3SDKV1WithRatisStreaming" time="0.479">
    <failure message="Unexpected exception type thrown, expected: &lt;com.amazonaws.AmazonServiceException&gt; but was: &lt;com.amazonaws.SdkClientException&gt;" type="org.opentest4j.AssertionFailedError"><![CDATA[org.opentest4j.AssertionFailedError: Unexpected exception type thrown, expected: <com.amazonaws.AmazonServiceException> but was: <com.amazonaws.SdkClientException>
	at org.apache.hadoop.ozone.s3.awssdk.v1.AbstractS3SDKV1Tests.testListObjectsBucketNotExist(AbstractS3SDKV1Tests.java:641)
	at java.base/java.lang.reflect.Method.invoke(Method.java:580)
	at java.base/java.util.ArrayList.forEach(ArrayList.java:1596)
	at java.base/java.util.ArrayList.forEach(ArrayList.java:1596)
Caused by: com.amazonaws.SdkClientException: Unable to execute HTTP request: Connect to 0.0.0.0:15050 [/0.0.0.0] failed: Connection refused
	at com.amazonaws.http.AmazonHttpClient$RequestExecutor.handleRetryableException(AmazonHttpClient.java:1219)
	at com.amazonaws.http.AmazonHttpClient$RequestExecutor.executeHelper(AmazonHttpClient.java:1165)
	at com.amazonaws.http.AmazonHttpClient$RequestExecutor.doExecute(AmazonHttpClient.java:814)
	at com.amazonaws.http.AmazonHttpClient$RequestExecutor.executeWithTimer(AmazonHttpClient.java:781)
	at com.amazonaws.http.AmazonHttpClient$RequestExecutor.execute(AmazonHttpClient.java:755)
	at com.amazonaws.http.AmazonHttpClient$RequestExecutor.access$500(AmazonHttpClient.java:715)
	at com.amazonaws.http.AmazonHttpClient$RequestExecutionBuilderImpl.execute(AmazonHttpClient.java:697)
	at com.amazonaws.http.AmazonHttpClient.execute(AmazonHttpClient.java:561)
	at com.amazonaws.http.AmazonHttpClient.execute(AmazonHttpClient.java:541)
	at com.amazonaws.services.s3.AmazonS3Client.invoke(AmazonS3Client.java:5520)
	at com.amazonaws.services.s3.AmazonS3Client.invoke(AmazonS3Client.java:5467)
	at com.amazonaws.services.s3.AmazonS3Client.listObjects(AmazonS3Client.java:949)
	at org.apache.hadoop.ozone.s3.awssdk.v1.AbstractS3SDKV1Tests.lambda$testListObjectsBucketNotExist$4(AbstractS3SDKV1Tests.java:642)
	... 4 more
Caused by: org.apache.http.conn.HttpHostConnectException: Connect to 0.0.0.0:15050 [/0.0.0.0] failed: Connection refused
	at org.apache.http.impl.conn.DefaultHttpClientConnectionOperator.connect(DefaultHttpClientConnectionOperator.java:156)
	at org.apache.http.impl.conn.PoolingHttpClientConnectionManager.connect(PoolingHttpClientConnectionManager.java:376)
	at java.base/java.lang.reflect.Method.invoke(Method.java:580)
	at com.amazonaws.http.conn.ClientConnectionManagerFactory$Handler.invoke(ClientConnectionManagerFactory.java:76)
	at com.amazonaws.http.conn.$Proxy147.connect(Unknown Source)
	at org.apache.http.impl.execchain.MainClientExec.establishRoute(MainClientExec.java:393)
	at org.apache.http.impl.execchain.MainClientExec.execute(MainClientExec.java:236)
	at org.apache.http.impl.execchain.ProtocolExec.execute(ProtocolExec.java:186)
	at org.apache.http.impl.client.InternalHttpClient.doExecute(InternalHttpClient.java:185)
	at org.apache.http.impl.client.CloseableHttpClient.execute(CloseableHttpClient.java:83)
	at org.apache.http.impl.client.CloseableHttpClient.execute(CloseableHttpClient.java:56)
	at com.amazonaws.http.apache.client.impl.SdkHttpClient.execute(SdkHttpClient.java:72)
	at com.amazonaws.http.AmazonHttpClient$RequestExecutor.executeOneRequest(AmazonHttpClient.java:1346)
	at com.amazonaws.http.AmazonHttpClient$RequestExecutor.executeHelper(AmazonHttpClient.java:1157)
	... 15 more
Caused by: java.net.ConnectException: Connection refused
	at java.base/sun.nio.ch.Net.pollConnect(Native Method)
	at java.base/sun.nio.ch.Net.pollConnectNow(Net.java:682)
	at java.base/sun.nio.ch.NioSocketImpl.timedFinishConnect(NioSocketImpl.java:549)
	at java.base/sun.nio.ch.NioSocketImpl.connect(NioSocketImpl.java:592)
	at java.base/java.net.SocksSocketImpl.connect(SocksSocketImpl.java:327)
	at java.base/java.net.Socket.connect(Socket.java:751)
	at org.apache.http.conn.socket.PlainConnectionSocketFactory.connectSocket(PlainConnectionSocketFactory.java:75)
	at org.apache.http.impl.conn.DefaultHttpClientConnectionOperator.connect(DefaultHttpClientConnectionOperator.java:142)
	... 28 more
]]></failure>
  </testcase>
  <testcase name="testListObjectsMany" classname="org.apache.hadoop.ozone.s3.awssdk.v1.TestS3SDKV1WithRatisStreaming" time="0.247">
    <error message="Unable to execute HTTP request: Connect to 0.0.0.0:15050 [/0.0.0.0] failed: Connection refused" type="com.amazonaws.SdkClientException"><![CDATA[com.amazonaws.SdkClientException: Unable to execute HTTP request: Connect to 0.0.0.0:15050 [/0.0.0.0] failed: Connection refused
	at com.amazonaws.http.AmazonHttpClient$RequestExecutor.handleRetryableException(AmazonHttpClient.java:1219)
	at com.amazonaws.http.AmazonHttpClient$RequestExecutor.executeHelper(AmazonHttpClient.java:1165)
	at com.amazonaws.http.AmazonHttpClient$RequestExecutor.doExecute(AmazonHttpClient.java:814)
	at com.amazonaws.http.AmazonHttpClient$RequestExecutor.executeWithTimer(AmazonHttpClient.java:781)
	at com.amazonaws.http.AmazonHttpClient$RequestExecutor.execute(AmazonHttpClient.java:755)
	at com.amazonaws.http.AmazonHttpClient$RequestExecutor.access$500(AmazonHttpClient.java:715)
	at com.amazonaws.http.AmazonHttpClient$RequestExecutionBuilderImpl.execute(AmazonHttpClient.java:697)
	at com.amazonaws.http.AmazonHttpClient.execute(AmazonHttpClient.java:561)
	at com.amazonaws.http.AmazonHttpClient.execute(AmazonHttpClient.java:541)
	at com.amazonaws.services.s3.AmazonS3Client.invoke(AmazonS3Client.java:5520)
	at com.amazonaws.services.s3.AmazonS3Client.invoke(AmazonS3Client.java:5467)
	at com.amazonaws.services.s3.AmazonS3Client.createBucket(AmazonS3Client.java:1161)
	at com.amazonaws.services.s3.AmazonS3Client.createBucket(AmazonS3Client.java:1089)
	at org.apache.hadoop.ozone.s3.awssdk.v1.AbstractS3SDKV1Tests.testListObjectsMany(AbstractS3SDKV1Tests.java:543)
	at org.apache.hadoop.ozone.s3.awssdk.v1.AbstractS3SDKV1Tests.testListObjectsMany(AbstractS3SDKV1Tests.java:533)
	at java.base/java.lang.reflect.Method.invoke(Method.java:580)
	at java.base/java.util.ArrayList.forEach(ArrayList.java:1596)
	at java.base/java.util.ArrayList.forEach(ArrayList.java:1596)
Caused by: org.apache.http.conn.HttpHostConnectException: Connect to 0.0.0.0:15050 [/0.0.0.0] failed: Connection refused
	at org.apache.http.impl.conn.DefaultHttpClientConnectionOperator.connect(DefaultHttpClientConnectionOperator.java:156)
	at org.apache.http.impl.conn.PoolingHttpClientConnectionManager.connect(PoolingHttpClientConnectionManager.java:376)
	at java.base/java.lang.reflect.Method.invoke(Method.java:580)
	at com.amazonaws.http.conn.ClientConnectionManagerFactory$Handler.invoke(ClientConnectionManagerFactory.java:76)
	at com.amazonaws.http.conn.$Proxy147.connect(Unknown Source)
	at org.apache.http.impl.execchain.MainClientExec.establishRoute(MainClientExec.java:393)
	at org.apache.http.impl.execchain.MainClientExec.execute(MainClientExec.java:236)
	at org.apache.http.impl.execchain.ProtocolExec.execute(ProtocolExec.java:186)
	at org.apache.http.impl.client.InternalHttpClient.doExecute(InternalHttpClient.java:185)
	at org.apache.http.impl.client.CloseableHttpClient.execute(CloseableHttpClient.java:83)
	at org.apache.http.impl.client.CloseableHttpClient.execute(CloseableHttpClient.java:56)
	at com.amazonaws.http.apache.client.impl.SdkHttpClient.execute(SdkHttpClient.java:72)
	at com.amazonaws.http.AmazonHttpClient$RequestExecutor.executeOneRequest(AmazonHttpClient.java:1346)
	at com.amazonaws.http.AmazonHttpClient$RequestExecutor.executeHelper(AmazonHttpClient.java:1157)
	... 16 more
Caused by: java.net.ConnectException: Connection refused
	at java.base/sun.nio.ch.Net.pollConnect(Native Method)
	at java.base/sun.nio.ch.Net.pollConnectNow(Net.java:682)
	at java.base/sun.nio.ch.NioSocketImpl.timedFinishConnect(NioSocketImpl.java:549)
	at java.base/sun.nio.ch.NioSocketImpl.connect(NioSocketImpl.java:592)
	at java.base/java.net.SocksSocketImpl.connect(SocksSocketImpl.java:327)
	at java.base/java.net.Socket.connect(Socket.java:751)
	at org.apache.http.conn.socket.PlainConnectionSocketFactory.connectSocket(PlainConnectionSocketFactory.java:75)
	at org.apache.http.impl.conn.DefaultHttpClientConnectionOperator.connect(DefaultHttpClientConnectionOperator.java:142)
	... 29 more
]]></error>
  </testcase>
  <testcase name="testListObjectsManyV2" classname="org.apache.hadoop.ozone.s3.awssdk.v1.TestS3SDKV1WithRatisStreaming" time="10.545">
    <error message="Unable to execute HTTP request: Connect to 0.0.0.0:15050 [/0.0.0.0] failed: Connect timed out" type="com.amazonaws.SdkClientException"><![CDATA[com.amazonaws.SdkClientException: Unable to execute HTTP request: Connect to 0.0.0.0:15050 [/0.0.0.0] failed: Connect timed out
	at com.amazonaws.http.AmazonHttpClient$RequestExecutor.handleRetryableException(AmazonHttpClient.java:1219)
	at com.amazonaws.http.AmazonHttpClient$RequestExecutor.executeHelper(AmazonHttpClient.java:1165)
	at com.amazonaws.http.AmazonHttpClient$RequestExecutor.doExecute(AmazonHttpClient.java:814)
	at com.amazonaws.http.AmazonHttpClient$RequestExecutor.executeWithTimer(AmazonHttpClient.java:781)
	at com.amazonaws.http.AmazonHttpClient$RequestExecutor.execute(AmazonHttpClient.java:755)
	at com.amazonaws.http.AmazonHttpClient$RequestExecutor.access$500(AmazonHttpClient.java:715)
	at com.amazonaws.http.AmazonHttpClient$RequestExecutionBuilderImpl.execute(AmazonHttpClient.java:697)
	at com.amazonaws.http.AmazonHttpClient.execute(AmazonHttpClient.java:561)
	at com.amazonaws.http.AmazonHttpClient.execute(AmazonHttpClient.java:541)
	at com.amazonaws.services.s3.AmazonS3Client.invoke(AmazonS3Client.java:5520)
	at com.amazonaws.services.s3.AmazonS3Client.invoke(AmazonS3Client.java:5467)
	at com.amazonaws.services.s3.AmazonS3Client.createBucket(AmazonS3Client.java:1161)
	at com.amazonaws.services.s3.AmazonS3Client.createBucket(AmazonS3Client.java:1089)
	at org.apache.hadoop.ozone.s3.awssdk.v1.AbstractS3SDKV1Tests.testListObjectsMany(AbstractS3SDKV1Tests.java:543)
	at org.apache.hadoop.ozone.s3.awssdk.v1.AbstractS3SDKV1Tests.testListObjectsManyV2(AbstractS3SDKV1Tests.java:538)
	at java.base/java.lang.reflect.Method.invoke(Method.java:580)
	at java.base/java.util.ArrayList.forEach(ArrayList.java:1596)
	at java.base/java.util.ArrayList.forEach(ArrayList.java:1596)
Caused by: org.apache.http.conn.ConnectTimeoutException: Connect to 0.0.0.0:15050 [/0.0.0.0] failed: Connect timed out
	at org.apache.http.impl.conn.DefaultHttpClientConnectionOperator.connect(DefaultHttpClientConnectionOperator.java:151)
	at org.apache.http.impl.conn.PoolingHttpClientConnectionManager.connect(PoolingHttpClientConnectionManager.java:376)
	at java.base/java.lang.reflect.Method.invoke(Method.java:580)
	at com.amazonaws.http.conn.ClientConnectionManagerFactory$Handler.invoke(ClientConnectionManagerFactory.java:76)
	at com.amazonaws.http.conn.$Proxy147.connect(Unknown Source)
	at org.apache.http.impl.execchain.MainClientExec.establishRoute(MainClientExec.java:393)
	at org.apache.http.impl.execchain.MainClientExec.execute(MainClientExec.java:236)
	at org.apache.http.impl.execchain.ProtocolExec.execute(ProtocolExec.java:186)
	at org.apache.http.impl.client.InternalHttpClient.doExecute(InternalHttpClient.java:185)
	at org.apache.http.impl.client.CloseableHttpClient.execute(CloseableHttpClient.java:83)
	at org.apache.http.impl.client.CloseableHttpClient.execute(CloseableHttpClient.java:56)
	at com.amazonaws.http.apache.client.impl.SdkHttpClient.execute(SdkHttpClient.java:72)
	at com.amazonaws.http.AmazonHttpClient$RequestExecutor.executeOneRequest(AmazonHttpClient.java:1346)
	at com.amazonaws.http.AmazonHttpClient$RequestExecutor.executeHelper(AmazonHttpClient.java:1157)
	... 16 more
Caused by: java.net.SocketTimeoutException: Connect timed out
	at java.base/sun.nio.ch.NioSocketImpl.timedFinishConnect(NioSocketImpl.java:546)
	at java.base/sun.nio.ch.NioSocketImpl.connect(NioSocketImpl.java:592)
	at java.base/java.net.SocksSocketImpl.connect(SocksSocketImpl.java:327)
	at java.base/java.net.Socket.connect(Socket.java:751)
	at org.apache.http.conn.socket.PlainConnectionSocketFactory.connectSocket(PlainConnectionSocketFactory.java:75)
	at org.apache.http.impl.conn.DefaultHttpClientConnectionOperator.connect(DefaultHttpClientConnectionOperator.java:142)
	... 29 more
]]></error>
  </testcase>
  <testcase name="testListObjectsV2BucketNotExist" classname="org.apache.hadoop.ozone.s3.awssdk.v1.TestS3SDKV1WithRatisStreaming" time="4.6">
    <failure message="Unexpected exception type thrown, expected: &lt;com.amazonaws.AmazonServiceException&gt; but was: &lt;com.amazonaws.SdkClientException&gt;" type="org.opentest4j.AssertionFailedError"><![CDATA[org.opentest4j.AssertionFailedError: Unexpected exception type thrown, expected: <com.amazonaws.AmazonServiceException> but was: <com.amazonaws.SdkClientException>
	at org.apache.hadoop.ozone.s3.awssdk.v1.AbstractS3SDKV1Tests.testListObjectsV2BucketNotExist(AbstractS3SDKV1Tests.java:653)
	at java.base/java.lang.reflect.Method.invoke(Method.java:580)
	at java.base/java.util.ArrayList.forEach(ArrayList.java:1596)
	at java.base/java.util.ArrayList.forEach(ArrayList.java:1596)
Caused by: com.amazonaws.SdkClientException: Unable to execute HTTP request: Connect to 0.0.0.0:15050 [/0.0.0.0] failed: Connection refused
	at com.amazonaws.http.AmazonHttpClient$RequestExecutor.handleRetryableException(AmazonHttpClient.java:1219)
	at com.amazonaws.http.AmazonHttpClient$RequestExecutor.executeHelper(AmazonHttpClient.java:1165)
	at com.amazonaws.http.AmazonHttpClient$RequestExecutor.doExecute(AmazonHttpClient.java:814)
	at com.amazonaws.http.AmazonHttpClient$RequestExecutor.executeWithTimer(AmazonHttpClient.java:781)
	at com.amazonaws.http.AmazonHttpClient$RequestExecutor.execute(AmazonHttpClient.java:755)
	at com.amazonaws.http.AmazonHttpClient$RequestExecutor.access$500(AmazonHttpClient.java:715)
	at com.amazonaws.http.AmazonHttpClient$RequestExecutionBuilderImpl.execute(AmazonHttpClient.java:697)
	at com.amazonaws.http.AmazonHttpClient.execute(AmazonHttpClient.java:561)
	at com.amazonaws.http.AmazonHttpClient.execute(AmazonHttpClient.java:541)
	at com.amazonaws.services.s3.AmazonS3Client.invoke(AmazonS3Client.java:5520)
	at com.amazonaws.services.s3.AmazonS3Client.invoke(AmazonS3Client.java:5467)
	at com.amazonaws.services.s3.AmazonS3Client.listObjectsV2(AmazonS3Client.java:1001)
	at org.apache.hadoop.ozone.s3.awssdk.v1.AbstractS3SDKV1Tests.lambda$testListObjectsV2BucketNotExist$5(AbstractS3SDKV1Tests.java:654)
	... 4 more
Caused by: org.apache.http.conn.HttpHostConnectException: Connect to 0.0.0.0:15050 [/0.0.0.0] failed: Connection refused
	at org.apache.http.impl.conn.DefaultHttpClientConnectionOperator.connect(DefaultHttpClientConnectionOperator.java:156)
	at org.apache.http.impl.conn.PoolingHttpClientConnectionManager.connect(PoolingHttpClientConnectionManager.java:376)
	at java.base/java.lang.reflect.Method.invoke(Method.java:580)
	at com.amazonaws.http.conn.ClientConnectionManagerFactory$Handler.invoke(ClientConnectionManagerFactory.java:76)
	at com.amazonaws.http.conn.$Proxy147.connect(Unknown Source)
	at org.apache.http.impl.execchain.MainClientExec.establishRoute(MainClientExec.java:393)
	at org.apache.http.impl.execchain.MainClientExec.execute(MainClientExec.java:236)
	at org.apache.http.impl.execchain.ProtocolExec.execute(ProtocolExec.java:186)
	at org.apache.http.impl.client.InternalHttpClient.doExecute(InternalHttpClient.java:185)
	at org.apache.http.impl.client.CloseableHttpClient.execute(CloseableHttpClient.java:83)
	at org.apache.http.impl.client.CloseableHttpClient.execute(CloseableHttpClient.java:56)
	at com.amazonaws.http.apache.client.impl.SdkHttpClient.execute(SdkHttpClient.java:72)
	at com.amazonaws.http.AmazonHttpClient$RequestExecutor.executeOneRequest(AmazonHttpClient.java:1346)
	at com.amazonaws.http.AmazonHttpClient$RequestExecutor.executeHelper(AmazonHttpClient.java:1157)
	... 15 more
Caused by: java.net.ConnectException: Connection refused
	at java.base/sun.nio.ch.Net.pollConnect(Native Method)
	at java.base/sun.nio.ch.Net.pollConnectNow(Net.java:682)
	at java.base/sun.nio.ch.NioSocketImpl.timedFinishConnect(NioSocketImpl.java:549)
	at java.base/sun.nio.ch.NioSocketImpl.connect(NioSocketImpl.java:592)
	at java.base/java.net.SocksSocketImpl.connect(SocksSocketImpl.java:327)
	at java.base/java.net.Socket.connect(Socket.java:751)
	at org.apache.http.conn.socket.PlainConnectionSocketFactory.connectSocket(PlainConnectionSocketFactory.java:75)
	at org.apache.http.impl.conn.DefaultHttpClientConnectionOperator.connect(DefaultHttpClientConnectionOperator.java:142)
	... 28 more
]]></failure>
  </testcase>
  <testcase name="testListParts(Path)" classname="org.apache.hadoop.ozone.s3.awssdk.v1.TestS3SDKV1WithRatisStreaming" time="0.477">
    <error message="Unable to execute HTTP request: Connect to 0.0.0.0:15050 [/0.0.0.0] failed: Connection refused" type="com.amazonaws.SdkClientException"><![CDATA[com.amazonaws.SdkClientException: Unable to execute HTTP request: Connect to 0.0.0.0:15050 [/0.0.0.0] failed: Connection refused
	at com.amazonaws.http.AmazonHttpClient$RequestExecutor.handleRetryableException(AmazonHttpClient.java:1219)
	at com.amazonaws.http.AmazonHttpClient$RequestExecutor.executeHelper(AmazonHttpClient.java:1165)
	at com.amazonaws.http.AmazonHttpClient$RequestExecutor.doExecute(AmazonHttpClient.java:814)
	at com.amazonaws.http.AmazonHttpClient$RequestExecutor.executeWithTimer(AmazonHttpClient.java:781)
	at com.amazonaws.http.AmazonHttpClient$RequestExecutor.execute(AmazonHttpClient.java:755)
	at com.amazonaws.http.AmazonHttpClient$RequestExecutor.access$500(AmazonHttpClient.java:715)
	at com.amazonaws.http.AmazonHttpClient$RequestExecutionBuilderImpl.execute(AmazonHttpClient.java:697)
	at com.amazonaws.http.AmazonHttpClient.execute(AmazonHttpClient.java:561)
	at com.amazonaws.http.AmazonHttpClient.execute(AmazonHttpClient.java:541)
	at com.amazonaws.services.s3.AmazonS3Client.invoke(AmazonS3Client.java:5520)
	at com.amazonaws.services.s3.AmazonS3Client.invoke(AmazonS3Client.java:5467)
	at com.amazonaws.services.s3.AmazonS3Client.createBucket(AmazonS3Client.java:1161)
	at com.amazonaws.services.s3.AmazonS3Client.createBucket(AmazonS3Client.java:1089)
	at org.apache.hadoop.ozone.s3.awssdk.v1.AbstractS3SDKV1Tests.testListParts(AbstractS3SDKV1Tests.java:845)
	at java.base/java.lang.reflect.Method.invoke(Method.java:580)
	at java.base/java.util.ArrayList.forEach(ArrayList.java:1596)
	at java.base/java.util.ArrayList.forEach(ArrayList.java:1596)
Caused by: org.apache.http.conn.HttpHostConnectException: Connect to 0.0.0.0:15050 [/0.0.0.0] failed: Connection refused
	at org.apache.http.impl.conn.DefaultHttpClientConnectionOperator.connect(DefaultHttpClientConnectionOperator.java:156)
	at org.apache.http.impl.conn.PoolingHttpClientConnectionManager.connect(PoolingHttpClientConnectionManager.java:376)
	at java.base/java.lang.reflect.Method.invoke(Method.java:580)
	at com.amazonaws.http.conn.ClientConnectionManagerFactory$Handler.invoke(ClientConnectionManagerFactory.java:76)
	at com.amazonaws.http.conn.$Proxy147.connect(Unknown Source)
	at org.apache.http.impl.execchain.MainClientExec.establishRoute(MainClientExec.java:393)
	at org.apache.http.impl.execchain.MainClientExec.execute(MainClientExec.java:236)
	at org.apache.http.impl.execchain.ProtocolExec.execute(ProtocolExec.java:186)
	at org.apache.http.impl.client.InternalHttpClient.doExecute(InternalHttpClient.java:185)
	at org.apache.http.impl.client.CloseableHttpClient.execute(CloseableHttpClient.java:83)
	at org.apache.http.impl.client.CloseableHttpClient.execute(CloseableHttpClient.java:56)
	at com.amazonaws.http.apache.client.impl.SdkHttpClient.execute(SdkHttpClient.java:72)
	at com.amazonaws.http.AmazonHttpClient$RequestExecutor.executeOneRequest(AmazonHttpClient.java:1346)
	at com.amazonaws.http.AmazonHttpClient$RequestExecutor.executeHelper(AmazonHttpClient.java:1157)
	... 15 more
Caused by: java.net.ConnectException: Connection refused
	at java.base/sun.nio.ch.Net.pollConnect(Native Method)
	at java.base/sun.nio.ch.Net.pollConnectNow(Net.java:682)
	at java.base/sun.nio.ch.NioSocketImpl.timedFinishConnect(NioSocketImpl.java:549)
	at java.base/sun.nio.ch.NioSocketImpl.connect(NioSocketImpl.java:592)
	at java.base/java.net.SocksSocketImpl.connect(SocksSocketImpl.java:327)
	at java.base/java.net.Socket.connect(Socket.java:751)
	at org.apache.http.conn.socket.PlainConnectionSocketFactory.connectSocket(PlainConnectionSocketFactory.java:75)
	at org.apache.http.impl.conn.DefaultHttpClientConnectionOperator.connect(DefaultHttpClientConnectionOperator.java:142)
	... 28 more
]]></error>
  </testcase>
  <testcase name="testListPartsNotFound" classname="org.apache.hadoop.ozone.s3.awssdk.v1.TestS3SDKV1WithRatisStreaming" time="0.258">
    <error message="Unable to execute HTTP request: Connect to 0.0.0.0:15050 [/0.0.0.0] failed: Connection refused" type="com.amazonaws.SdkClientException"><![CDATA[com.amazonaws.SdkClientException: Unable to execute HTTP request: Connect to 0.0.0.0:15050 [/0.0.0.0] failed: Connection refused
	at com.amazonaws.http.AmazonHttpClient$RequestExecutor.handleRetryableException(AmazonHttpClient.java:1219)
	at com.amazonaws.http.AmazonHttpClient$RequestExecutor.executeHelper(AmazonHttpClient.java:1165)
	at com.amazonaws.http.AmazonHttpClient$RequestExecutor.doExecute(AmazonHttpClient.java:814)
	at com.amazonaws.http.AmazonHttpClient$RequestExecutor.executeWithTimer(AmazonHttpClient.java:781)
	at com.amazonaws.http.AmazonHttpClient$RequestExecutor.execute(AmazonHttpClient.java:755)
	at com.amazonaws.http.AmazonHttpClient$RequestExecutor.access$500(AmazonHttpClient.java:715)
	at com.amazonaws.http.AmazonHttpClient$RequestExecutionBuilderImpl.execute(AmazonHttpClient.java:697)
	at com.amazonaws.http.AmazonHttpClient.execute(AmazonHttpClient.java:561)
	at com.amazonaws.http.AmazonHttpClient.execute(AmazonHttpClient.java:541)
	at com.amazonaws.services.s3.AmazonS3Client.invoke(AmazonS3Client.java:5520)
	at com.amazonaws.services.s3.AmazonS3Client.invoke(AmazonS3Client.java:5467)
	at com.amazonaws.services.s3.AmazonS3Client.createBucket(AmazonS3Client.java:1161)
	at com.amazonaws.services.s3.AmazonS3Client.createBucket(AmazonS3Client.java:1089)
	at org.apache.hadoop.ozone.s3.awssdk.v1.AbstractS3SDKV1Tests.testListPartsNotFound(AbstractS3SDKV1Tests.java:947)
	at java.base/java.lang.reflect.Method.invoke(Method.java:580)
	at java.base/java.util.ArrayList.forEach(ArrayList.java:1596)
	at java.base/java.util.ArrayList.forEach(ArrayList.java:1596)
Caused by: org.apache.http.conn.HttpHostConnectException: Connect to 0.0.0.0:15050 [/0.0.0.0] failed: Connection refused
	at org.apache.http.impl.conn.DefaultHttpClientConnectionOperator.connect(DefaultHttpClientConnectionOperator.java:156)
	at org.apache.http.impl.conn.PoolingHttpClientConnectionManager.connect(PoolingHttpClientConnectionManager.java:376)
	at java.base/java.lang.reflect.Method.invoke(Method.java:580)
	at com.amazonaws.http.conn.ClientConnectionManagerFactory$Handler.invoke(ClientConnectionManagerFactory.java:76)
	at com.amazonaws.http.conn.$Proxy147.connect(Unknown Source)
	at org.apache.http.impl.execchain.MainClientExec.establishRoute(MainClientExec.java:393)
	at org.apache.http.impl.execchain.MainClientExec.execute(MainClientExec.java:236)
	at org.apache.http.impl.execchain.ProtocolExec.execute(ProtocolExec.java:186)
	at org.apache.http.impl.client.InternalHttpClient.doExecute(InternalHttpClient.java:185)
	at org.apache.http.impl.client.CloseableHttpClient.execute(CloseableHttpClient.java:83)
	at org.apache.http.impl.client.CloseableHttpClient.execute(CloseableHttpClient.java:56)
	at com.amazonaws.http.apache.client.impl.SdkHttpClient.execute(SdkHttpClient.java:72)
	at com.amazonaws.http.AmazonHttpClient$RequestExecutor.executeOneRequest(AmazonHttpClient.java:1346)
	at com.amazonaws.http.AmazonHttpClient$RequestExecutor.executeHelper(AmazonHttpClient.java:1157)
	... 15 more
Caused by: java.net.ConnectException: Connection refused
	at java.base/sun.nio.ch.Net.pollConnect(Native Method)
	at java.base/sun.nio.ch.Net.pollConnectNow(Net.java:682)
	at java.base/sun.nio.ch.NioSocketImpl.timedFinishConnect(NioSocketImpl.java:549)
	at java.base/sun.nio.ch.NioSocketImpl.connect(NioSocketImpl.java:592)
	at java.base/java.net.SocksSocketImpl.connect(SocksSocketImpl.java:327)
	at java.base/java.net.Socket.connect(Socket.java:751)
	at org.apache.http.conn.socket.PlainConnectionSocketFactory.connectSocket(PlainConnectionSocketFactory.java:75)
	at org.apache.http.impl.conn.DefaultHttpClientConnectionOperator.connect(DefaultHttpClientConnectionOperator.java:142)
	... 28 more
]]></error>
  </testcase>
  <testcase name="testLowLevelMultipartUpload(Path)" classname="org.apache.hadoop.ozone.s3.awssdk.v1.TestS3SDKV1WithRatisStreaming" time="0.364">
    <error message="Unable to execute HTTP request: Connect to 0.0.0.0:15050 [/0.0.0.0] failed: Connection refused" type="com.amazonaws.SdkClientException"><![CDATA[com.amazonaws.SdkClientException: Unable to execute HTTP request: Connect to 0.0.0.0:15050 [/0.0.0.0] failed: Connection refused
	at com.amazonaws.http.AmazonHttpClient$RequestExecutor.handleRetryableException(AmazonHttpClient.java:1219)
	at com.amazonaws.http.AmazonHttpClient$RequestExecutor.executeHelper(AmazonHttpClient.java:1165)
	at com.amazonaws.http.AmazonHttpClient$RequestExecutor.doExecute(AmazonHttpClient.java:814)
	at com.amazonaws.http.AmazonHttpClient$RequestExecutor.executeWithTimer(AmazonHttpClient.java:781)
	at com.amazonaws.http.AmazonHttpClient$RequestExecutor.execute(AmazonHttpClient.java:755)
	at com.amazonaws.http.AmazonHttpClient$RequestExecutor.access$500(AmazonHttpClient.java:715)
	at com.amazonaws.http.AmazonHttpClient$RequestExecutionBuilderImpl.execute(AmazonHttpClient.java:697)
	at com.amazonaws.http.AmazonHttpClient.execute(AmazonHttpClient.java:561)
	at com.amazonaws.http.AmazonHttpClient.execute(AmazonHttpClient.java:541)
	at com.amazonaws.services.s3.AmazonS3Client.invoke(AmazonS3Client.java:5520)
	at com.amazonaws.services.s3.AmazonS3Client.invoke(AmazonS3Client.java:5467)
	at com.amazonaws.services.s3.AmazonS3Client.createBucket(AmazonS3Client.java:1161)
	at com.amazonaws.services.s3.AmazonS3Client.createBucket(AmazonS3Client.java:1089)
	at org.apache.hadoop.ozone.s3.awssdk.v1.AbstractS3SDKV1Tests.testLowLevelMultipartUpload(AbstractS3SDKV1Tests.java:699)
	at java.base/java.lang.reflect.Method.invoke(Method.java:580)
	at java.base/java.util.ArrayList.forEach(ArrayList.java:1596)
	at java.base/java.util.ArrayList.forEach(ArrayList.java:1596)
Caused by: org.apache.http.conn.HttpHostConnectException: Connect to 0.0.0.0:15050 [/0.0.0.0] failed: Connection refused
	at org.apache.http.impl.conn.DefaultHttpClientConnectionOperator.connect(DefaultHttpClientConnectionOperator.java:156)
	at org.apache.http.impl.conn.PoolingHttpClientConnectionManager.connect(PoolingHttpClientConnectionManager.java:376)
	at java.base/java.lang.reflect.Method.invoke(Method.java:580)
	at com.amazonaws.http.conn.ClientConnectionManagerFactory$Handler.invoke(ClientConnectionManagerFactory.java:76)
	at com.amazonaws.http.conn.$Proxy147.connect(Unknown Source)
	at org.apache.http.impl.execchain.MainClientExec.establishRoute(MainClientExec.java:393)
	at org.apache.http.impl.execchain.MainClientExec.execute(MainClientExec.java:236)
	at org.apache.http.impl.execchain.ProtocolExec.execute(ProtocolExec.java:186)
	at org.apache.http.impl.client.InternalHttpClient.doExecute(InternalHttpClient.java:185)
	at org.apache.http.impl.client.CloseableHttpClient.execute(CloseableHttpClient.java:83)
	at org.apache.http.impl.client.CloseableHttpClient.execute(CloseableHttpClient.java:56)
	at com.amazonaws.http.apache.client.impl.SdkHttpClient.execute(SdkHttpClient.java:72)
	at com.amazonaws.http.AmazonHttpClient$RequestExecutor.executeOneRequest(AmazonHttpClient.java:1346)
	at com.amazonaws.http.AmazonHttpClient$RequestExecutor.executeHelper(AmazonHttpClient.java:1157)
	... 15 more
Caused by: java.net.ConnectException: Connection refused
	at java.base/sun.nio.ch.Net.pollConnect(Native Method)
	at java.base/sun.nio.ch.Net.pollConnectNow(Net.java:682)
	at java.base/sun.nio.ch.NioSocketImpl.timedFinishConnect(NioSocketImpl.java:549)
	at java.base/sun.nio.ch.NioSocketImpl.connect(NioSocketImpl.java:592)
	at java.base/java.net.SocksSocketImpl.connect(SocksSocketImpl.java:327)
	at java.base/java.net.Socket.connect(Socket.java:751)
	at org.apache.http.conn.socket.PlainConnectionSocketFactory.connectSocket(PlainConnectionSocketFactory.java:75)
	at org.apache.http.impl.conn.DefaultHttpClientConnectionOperator.connect(DefaultHttpClientConnectionOperator.java:142)
	... 28 more
]]></error>
  </testcase>
  <testcase name="testPutDoubleSlashPrefixObject" classname="org.apache.hadoop.ozone.s3.awssdk.v1.TestS3SDKV1WithRatisStreaming" time="0.547">
    <error message="Unable to execute HTTP request: Connect to 0.0.0.0:15050 [/0.0.0.0] failed: Connection refused" type="com.amazonaws.SdkClientException"><![CDATA[com.amazonaws.SdkClientException: Unable to execute HTTP request: Connect to 0.0.0.0:15050 [/0.0.0.0] failed: Connection refused
	at com.amazonaws.http.AmazonHttpClient$RequestExecutor.handleRetryableException(AmazonHttpClient.java:1219)
	at com.amazonaws.http.AmazonHttpClient$RequestExecutor.executeHelper(AmazonHttpClient.java:1165)
	at com.amazonaws.http.AmazonHttpClient$RequestExecutor.doExecute(AmazonHttpClient.java:814)
	at com.amazonaws.http.AmazonHttpClient$RequestExecutor.executeWithTimer(AmazonHttpClient.java:781)
	at com.amazonaws.http.AmazonHttpClient$RequestExecutor.execute(AmazonHttpClient.java:755)
	at com.amazonaws.http.AmazonHttpClient$RequestExecutor.access$500(AmazonHttpClient.java:715)
	at com.amazonaws.http.AmazonHttpClient$RequestExecutionBuilderImpl.execute(AmazonHttpClient.java:697)
	at com.amazonaws.http.AmazonHttpClient.execute(AmazonHttpClient.java:561)
	at com.amazonaws.http.AmazonHttpClient.execute(AmazonHttpClient.java:541)
	at com.amazonaws.services.s3.AmazonS3Client.invoke(AmazonS3Client.java:5520)
	at com.amazonaws.services.s3.AmazonS3Client.invoke(AmazonS3Client.java:5467)
	at com.amazonaws.services.s3.AmazonS3Client.access$300(AmazonS3Client.java:422)
	at com.amazonaws.services.s3.AmazonS3Client$PutObjectStrategy.invokeServiceCall(AmazonS3Client.java:6601)
	at com.amazonaws.services.s3.AmazonS3Client.uploadObject(AmazonS3Client.java:1891)
	at com.amazonaws.services.s3.AmazonS3Client.putObject(AmazonS3Client.java:1851)
	at com.amazonaws.services.s3.AmazonS3Client.putObject(AmazonS3Client.java:1783)
	at org.apache.hadoop.ozone.s3.awssdk.v1.AbstractS3SDKV1Tests.testPutDoubleSlashPrefixObject(AbstractS3SDKV1Tests.java:388)
	at java.base/java.lang.reflect.Method.invoke(Method.java:580)
	at java.base/java.util.ArrayList.forEach(ArrayList.java:1596)
	at java.base/java.util.ArrayList.forEach(ArrayList.java:1596)
Caused by: org.apache.http.conn.HttpHostConnectException: Connect to 0.0.0.0:15050 [/0.0.0.0] failed: Connection refused
	at org.apache.http.impl.conn.DefaultHttpClientConnectionOperator.connect(DefaultHttpClientConnectionOperator.java:156)
	at org.apache.http.impl.conn.PoolingHttpClientConnectionManager.connect(PoolingHttpClientConnectionManager.java:376)
	at java.base/java.lang.reflect.Method.invoke(Method.java:580)
	at com.amazonaws.http.conn.ClientConnectionManagerFactory$Handler.invoke(ClientConnectionManagerFactory.java:76)
	at com.amazonaws.http.conn.$Proxy147.connect(Unknown Source)
	at org.apache.http.impl.execchain.MainClientExec.establishRoute(MainClientExec.java:393)
	at org.apache.http.impl.execchain.MainClientExec.execute(MainClientExec.java:236)
	at org.apache.http.impl.execchain.ProtocolExec.execute(ProtocolExec.java:186)
	at org.apache.http.impl.client.InternalHttpClient.doExecute(InternalHttpClient.java:185)
	at org.apache.http.impl.client.CloseableHttpClient.execute(CloseableHttpClient.java:83)
	at org.apache.http.impl.client.CloseableHttpClient.execute(CloseableHttpClient.java:56)
	at com.amazonaws.http.apache.client.impl.SdkHttpClient.execute(SdkHttpClient.java:72)
	at com.amazonaws.http.AmazonHttpClient$RequestExecutor.executeOneRequest(AmazonHttpClient.java:1346)
	at com.amazonaws.http.AmazonHttpClient$RequestExecutor.executeHelper(AmazonHttpClient.java:1157)
	... 18 more
Caused by: java.net.ConnectException: Connection refused
	at java.base/sun.nio.ch.Net.pollConnect(Native Method)
	at java.base/sun.nio.ch.Net.pollConnectNow(Net.java:682)
	at java.base/sun.nio.ch.NioSocketImpl.timedFinishConnect(NioSocketImpl.java:549)
	at java.base/sun.nio.ch.NioSocketImpl.connect(NioSocketImpl.java:592)
	at java.base/java.net.SocksSocketImpl.connect(SocksSocketImpl.java:327)
	at java.base/java.net.Socket.connect(Socket.java:751)
	at org.apache.http.conn.socket.PlainConnectionSocketFactory.connectSocket(PlainConnectionSocketFactory.java:75)
	at org.apache.http.impl.conn.DefaultHttpClientConnectionOperator.connect(DefaultHttpClientConnectionOperator.java:142)
	... 31 more
]]></error>
    <system-out><![CDATA[2025-05-13 08:07:53,214 [om1-OMStateMachineApplyTransactionThread - 0] INFO  bucket.OMBucketCreateRequest (OMBucketCreateRequest.java:validateAndUpdateCache(292)) - created bucket: testputdoubleslashprefixobjectbucket of layout FILE_SYSTEM_OPTIMIZED in volume: s3v
2025-05-13 08:07:53,220 [main] WARN  s3.AmazonS3Client (AmazonS3Client.java:getInputStream(1982)) - No content length specified for stream data.  Stream contents will be buffered in memory and could result in out of memory errors.
]]></system-out>
  </testcase>
  <testcase name="testPutObject" classname="org.apache.hadoop.ozone.s3.awssdk.v1.TestS3SDKV1WithRatisStreaming" time="0.445">
    <error message="Unable to execute HTTP request: Connect to 0.0.0.0:15050 [/0.0.0.0] failed: Connection refused" type="com.amazonaws.SdkClientException"><![CDATA[com.amazonaws.SdkClientException: Unable to execute HTTP request: Connect to 0.0.0.0:15050 [/0.0.0.0] failed: Connection refused
	at com.amazonaws.http.AmazonHttpClient$RequestExecutor.handleRetryableException(AmazonHttpClient.java:1219)
	at com.amazonaws.http.AmazonHttpClient$RequestExecutor.executeHelper(AmazonHttpClient.java:1165)
	at com.amazonaws.http.AmazonHttpClient$RequestExecutor.doExecute(AmazonHttpClient.java:814)
	at com.amazonaws.http.AmazonHttpClient$RequestExecutor.executeWithTimer(AmazonHttpClient.java:781)
	at com.amazonaws.http.AmazonHttpClient$RequestExecutor.execute(AmazonHttpClient.java:755)
	at com.amazonaws.http.AmazonHttpClient$RequestExecutor.access$500(AmazonHttpClient.java:715)
	at com.amazonaws.http.AmazonHttpClient$RequestExecutionBuilderImpl.execute(AmazonHttpClient.java:697)
	at com.amazonaws.http.AmazonHttpClient.execute(AmazonHttpClient.java:561)
	at com.amazonaws.http.AmazonHttpClient.execute(AmazonHttpClient.java:541)
	at com.amazonaws.services.s3.AmazonS3Client.invoke(AmazonS3Client.java:5520)
	at com.amazonaws.services.s3.AmazonS3Client.invoke(AmazonS3Client.java:5467)
	at com.amazonaws.services.s3.AmazonS3Client.createBucket(AmazonS3Client.java:1161)
	at com.amazonaws.services.s3.AmazonS3Client.createBucket(AmazonS3Client.java:1089)
	at org.apache.hadoop.ozone.s3.awssdk.v1.AbstractS3SDKV1Tests.testPutObject(AbstractS3SDKV1Tests.java:362)
	at java.base/java.lang.reflect.Method.invoke(Method.java:580)
	at java.base/java.util.ArrayList.forEach(ArrayList.java:1596)
	at java.base/java.util.ArrayList.forEach(ArrayList.java:1596)
Caused by: org.apache.http.conn.HttpHostConnectException: Connect to 0.0.0.0:15050 [/0.0.0.0] failed: Connection refused
	at org.apache.http.impl.conn.DefaultHttpClientConnectionOperator.connect(DefaultHttpClientConnectionOperator.java:156)
	at org.apache.http.impl.conn.PoolingHttpClientConnectionManager.connect(PoolingHttpClientConnectionManager.java:376)
	at java.base/java.lang.reflect.Method.invoke(Method.java:580)
	at com.amazonaws.http.conn.ClientConnectionManagerFactory$Handler.invoke(ClientConnectionManagerFactory.java:76)
	at com.amazonaws.http.conn.$Proxy147.connect(Unknown Source)
	at org.apache.http.impl.execchain.MainClientExec.establishRoute(MainClientExec.java:393)
	at org.apache.http.impl.execchain.MainClientExec.execute(MainClientExec.java:236)
	at org.apache.http.impl.execchain.ProtocolExec.execute(ProtocolExec.java:186)
	at org.apache.http.impl.client.InternalHttpClient.doExecute(InternalHttpClient.java:185)
	at org.apache.http.impl.client.CloseableHttpClient.execute(CloseableHttpClient.java:83)
	at org.apache.http.impl.client.CloseableHttpClient.execute(CloseableHttpClient.java:56)
	at com.amazonaws.http.apache.client.impl.SdkHttpClient.execute(SdkHttpClient.java:72)
	at com.amazonaws.http.AmazonHttpClient$RequestExecutor.executeOneRequest(AmazonHttpClient.java:1346)
	at com.amazonaws.http.AmazonHttpClient$RequestExecutor.executeHelper(AmazonHttpClient.java:1157)
	... 15 more
Caused by: java.net.ConnectException: Connection refused
	at java.base/sun.nio.ch.Net.pollConnect(Native Method)
	at java.base/sun.nio.ch.Net.pollConnectNow(Net.java:682)
	at java.base/sun.nio.ch.NioSocketImpl.timedFinishConnect(NioSocketImpl.java:549)
	at java.base/sun.nio.ch.NioSocketImpl.connect(NioSocketImpl.java:592)
	at java.base/java.net.SocksSocketImpl.connect(SocksSocketImpl.java:327)
	at java.base/java.net.Socket.connect(Socket.java:751)
	at org.apache.http.conn.socket.PlainConnectionSocketFactory.connectSocket(PlainConnectionSocketFactory.java:75)
	at org.apache.http.impl.conn.DefaultHttpClientConnectionOperator.connect(DefaultHttpClientConnectionOperator.java:142)
	... 28 more
]]></error>
  </testcase>
  <testcase name="testPutObjectACL" classname="org.apache.hadoop.ozone.s3.awssdk.v1.TestS3SDKV1WithRatisStreaming" time="0.195">
    <error message="Unable to execute HTTP request: Connect to 0.0.0.0:15050 [/0.0.0.0] failed: Connection refused" type="com.amazonaws.SdkClientException"><![CDATA[com.amazonaws.SdkClientException: Unable to execute HTTP request: Connect to 0.0.0.0:15050 [/0.0.0.0] failed: Connection refused
	at com.amazonaws.http.AmazonHttpClient$RequestExecutor.handleRetryableException(AmazonHttpClient.java:1219)
	at com.amazonaws.http.AmazonHttpClient$RequestExecutor.executeHelper(AmazonHttpClient.java:1165)
	at com.amazonaws.http.AmazonHttpClient$RequestExecutor.doExecute(AmazonHttpClient.java:814)
	at com.amazonaws.http.AmazonHttpClient$RequestExecutor.executeWithTimer(AmazonHttpClient.java:781)
	at com.amazonaws.http.AmazonHttpClient$RequestExecutor.execute(AmazonHttpClient.java:755)
	at com.amazonaws.http.AmazonHttpClient$RequestExecutor.access$500(AmazonHttpClient.java:715)
	at com.amazonaws.http.AmazonHttpClient$RequestExecutionBuilderImpl.execute(AmazonHttpClient.java:697)
	at com.amazonaws.http.AmazonHttpClient.execute(AmazonHttpClient.java:561)
	at com.amazonaws.http.AmazonHttpClient.execute(AmazonHttpClient.java:541)
	at com.amazonaws.services.s3.AmazonS3Client.invoke(AmazonS3Client.java:5520)
	at com.amazonaws.services.s3.AmazonS3Client.invoke(AmazonS3Client.java:5467)
	at com.amazonaws.services.s3.AmazonS3Client.createBucket(AmazonS3Client.java:1161)
	at com.amazonaws.services.s3.AmazonS3Client.createBucket(AmazonS3Client.java:1089)
	at org.apache.hadoop.ozone.s3.awssdk.v1.AbstractS3SDKV1Tests.testPutObjectACL(AbstractS3SDKV1Tests.java:414)
	at java.base/java.lang.reflect.Method.invoke(Method.java:580)
	at java.base/java.util.ArrayList.forEach(ArrayList.java:1596)
	at java.base/java.util.ArrayList.forEach(ArrayList.java:1596)
Caused by: org.apache.http.conn.HttpHostConnectException: Connect to 0.0.0.0:15050 [/0.0.0.0] failed: Connection refused
	at org.apache.http.impl.conn.DefaultHttpClientConnectionOperator.connect(DefaultHttpClientConnectionOperator.java:156)
	at org.apache.http.impl.conn.PoolingHttpClientConnectionManager.connect(PoolingHttpClientConnectionManager.java:376)
	at java.base/java.lang.reflect.Method.invoke(Method.java:580)
	at com.amazonaws.http.conn.ClientConnectionManagerFactory$Handler.invoke(ClientConnectionManagerFactory.java:76)
	at com.amazonaws.http.conn.$Proxy147.connect(Unknown Source)
	at org.apache.http.impl.execchain.MainClientExec.establishRoute(MainClientExec.java:393)
	at org.apache.http.impl.execchain.MainClientExec.execute(MainClientExec.java:236)
	at org.apache.http.impl.execchain.ProtocolExec.execute(ProtocolExec.java:186)
	at org.apache.http.impl.client.InternalHttpClient.doExecute(InternalHttpClient.java:185)
	at org.apache.http.impl.client.CloseableHttpClient.execute(CloseableHttpClient.java:83)
	at org.apache.http.impl.client.CloseableHttpClient.execute(CloseableHttpClient.java:56)
	at com.amazonaws.http.apache.client.impl.SdkHttpClient.execute(SdkHttpClient.java:72)
	at com.amazonaws.http.AmazonHttpClient$RequestExecutor.executeOneRequest(AmazonHttpClient.java:1346)
	at com.amazonaws.http.AmazonHttpClient$RequestExecutor.executeHelper(AmazonHttpClient.java:1157)
	... 15 more
Caused by: java.net.ConnectException: Connection refused
	at java.base/sun.nio.ch.Net.pollConnect(Native Method)
	at java.base/sun.nio.ch.Net.pollConnectNow(Net.java:682)
	at java.base/sun.nio.ch.NioSocketImpl.timedFinishConnect(NioSocketImpl.java:549)
	at java.base/sun.nio.ch.NioSocketImpl.connect(NioSocketImpl.java:592)
	at java.base/java.net.SocksSocketImpl.connect(SocksSocketImpl.java:327)
	at java.base/java.net.Socket.connect(Socket.java:751)
	at org.apache.http.conn.socket.PlainConnectionSocketFactory.connectSocket(PlainConnectionSocketFactory.java:75)
	at org.apache.http.impl.conn.DefaultHttpClientConnectionOperator.connect(DefaultHttpClientConnectionOperator.java:142)
	... 28 more
]]></error>
  </testcase>
  <testcase name="testPutObjectEmpty" classname="org.apache.hadoop.ozone.s3.awssdk.v1.TestS3SDKV1WithRatisStreaming" time="0.527">
    <error message="Unable to execute HTTP request: Connect to 0.0.0.0:15050 [/0.0.0.0] failed: Connection refused" type="com.amazonaws.SdkClientException"><![CDATA[com.amazonaws.SdkClientException: Unable to execute HTTP request: Connect to 0.0.0.0:15050 [/0.0.0.0] failed: Connection refused
	at com.amazonaws.http.AmazonHttpClient$RequestExecutor.handleRetryableException(AmazonHttpClient.java:1219)
	at com.amazonaws.http.AmazonHttpClient$RequestExecutor.executeHelper(AmazonHttpClient.java:1165)
	at com.amazonaws.http.AmazonHttpClient$RequestExecutor.doExecute(AmazonHttpClient.java:814)
	at com.amazonaws.http.AmazonHttpClient$RequestExecutor.executeWithTimer(AmazonHttpClient.java:781)
	at com.amazonaws.http.AmazonHttpClient$RequestExecutor.execute(AmazonHttpClient.java:755)
	at com.amazonaws.http.AmazonHttpClient$RequestExecutor.access$500(AmazonHttpClient.java:715)
	at com.amazonaws.http.AmazonHttpClient$RequestExecutionBuilderImpl.execute(AmazonHttpClient.java:697)
	at com.amazonaws.http.AmazonHttpClient.execute(AmazonHttpClient.java:561)
	at com.amazonaws.http.AmazonHttpClient.execute(AmazonHttpClient.java:541)
	at com.amazonaws.services.s3.AmazonS3Client.invoke(AmazonS3Client.java:5520)
	at com.amazonaws.services.s3.AmazonS3Client.invoke(AmazonS3Client.java:5467)
	at com.amazonaws.services.s3.AmazonS3Client.createBucket(AmazonS3Client.java:1161)
	at com.amazonaws.services.s3.AmazonS3Client.createBucket(AmazonS3Client.java:1089)
	at org.apache.hadoop.ozone.s3.awssdk.v1.AbstractS3SDKV1Tests.testPutObjectEmpty(AbstractS3SDKV1Tests.java:400)
	at java.base/java.lang.reflect.Method.invoke(Method.java:580)
	at java.base/java.util.ArrayList.forEach(ArrayList.java:1596)
	at java.base/java.util.ArrayList.forEach(ArrayList.java:1596)
Caused by: org.apache.http.conn.HttpHostConnectException: Connect to 0.0.0.0:15050 [/0.0.0.0] failed: Connection refused
	at org.apache.http.impl.conn.DefaultHttpClientConnectionOperator.connect(DefaultHttpClientConnectionOperator.java:156)
	at org.apache.http.impl.conn.PoolingHttpClientConnectionManager.connect(PoolingHttpClientConnectionManager.java:376)
	at java.base/java.lang.reflect.Method.invoke(Method.java:580)
	at com.amazonaws.http.conn.ClientConnectionManagerFactory$Handler.invoke(ClientConnectionManagerFactory.java:76)
	at com.amazonaws.http.conn.$Proxy147.connect(Unknown Source)
	at org.apache.http.impl.execchain.MainClientExec.establishRoute(MainClientExec.java:393)
	at org.apache.http.impl.execchain.MainClientExec.execute(MainClientExec.java:236)
	at org.apache.http.impl.execchain.ProtocolExec.execute(ProtocolExec.java:186)
	at org.apache.http.impl.client.InternalHttpClient.doExecute(InternalHttpClient.java:185)
	at org.apache.http.impl.client.CloseableHttpClient.execute(CloseableHttpClient.java:83)
	at org.apache.http.impl.client.CloseableHttpClient.execute(CloseableHttpClient.java:56)
	at com.amazonaws.http.apache.client.impl.SdkHttpClient.execute(SdkHttpClient.java:72)
	at com.amazonaws.http.AmazonHttpClient$RequestExecutor.executeOneRequest(AmazonHttpClient.java:1346)
	at com.amazonaws.http.AmazonHttpClient$RequestExecutor.executeHelper(AmazonHttpClient.java:1157)
	... 15 more
Caused by: java.net.ConnectException: Connection refused
	at java.base/sun.nio.ch.Net.pollConnect(Native Method)
	at java.base/sun.nio.ch.Net.pollConnectNow(Net.java:682)
	at java.base/sun.nio.ch.NioSocketImpl.timedFinishConnect(NioSocketImpl.java:549)
	at java.base/sun.nio.ch.NioSocketImpl.connect(NioSocketImpl.java:592)
	at java.base/java.net.SocksSocketImpl.connect(SocksSocketImpl.java:327)
	at java.base/java.net.Socket.connect(Socket.java:751)
	at org.apache.http.conn.socket.PlainConnectionSocketFactory.connectSocket(PlainConnectionSocketFactory.java:75)
	at org.apache.http.impl.conn.DefaultHttpClientConnectionOperator.connect(DefaultHttpClientConnectionOperator.java:142)
	... 28 more
]]></error>
  </testcase>
  <testcase name="testQuotaExceeded" classname="org.apache.hadoop.ozone.s3.awssdk.v1.TestS3SDKV1WithRatisStreaming" time="0.398">
    <error message="Unable to execute HTTP request: Connect to 0.0.0.0:15050 [/0.0.0.0] failed: Connection refused" type="com.amazonaws.SdkClientException"><![CDATA[com.amazonaws.SdkClientException: Unable to execute HTTP request: Connect to 0.0.0.0:15050 [/0.0.0.0] failed: Connection refused
	at com.amazonaws.http.AmazonHttpClient$RequestExecutor.handleRetryableException(AmazonHttpClient.java:1219)
	at com.amazonaws.http.AmazonHttpClient$RequestExecutor.executeHelper(AmazonHttpClient.java:1165)
	at com.amazonaws.http.AmazonHttpClient$RequestExecutor.doExecute(AmazonHttpClient.java:814)
	at com.amazonaws.http.AmazonHttpClient$RequestExecutor.executeWithTimer(AmazonHttpClient.java:781)
	at com.amazonaws.http.AmazonHttpClient$RequestExecutor.execute(AmazonHttpClient.java:755)
	at com.amazonaws.http.AmazonHttpClient$RequestExecutor.access$500(AmazonHttpClient.java:715)
	at com.amazonaws.http.AmazonHttpClient$RequestExecutionBuilderImpl.execute(AmazonHttpClient.java:697)
	at com.amazonaws.http.AmazonHttpClient.execute(AmazonHttpClient.java:561)
	at com.amazonaws.http.AmazonHttpClient.execute(AmazonHttpClient.java:541)
	at com.amazonaws.services.s3.AmazonS3Client.invoke(AmazonS3Client.java:5520)
	at com.amazonaws.services.s3.AmazonS3Client.invoke(AmazonS3Client.java:5467)
	at com.amazonaws.services.s3.AmazonS3Client.createBucket(AmazonS3Client.java:1161)
	at com.amazonaws.services.s3.AmazonS3Client.createBucket(AmazonS3Client.java:1089)
	at org.apache.hadoop.ozone.s3.awssdk.v1.AbstractS3SDKV1Tests.testQuotaExceeded(AbstractS3SDKV1Tests.java:965)
	at java.base/java.lang.reflect.Method.invoke(Method.java:580)
	at java.base/java.util.ArrayList.forEach(ArrayList.java:1596)
	at java.base/java.util.ArrayList.forEach(ArrayList.java:1596)
Caused by: org.apache.http.conn.HttpHostConnectException: Connect to 0.0.0.0:15050 [/0.0.0.0] failed: Connection refused
	at org.apache.http.impl.conn.DefaultHttpClientConnectionOperator.connect(DefaultHttpClientConnectionOperator.java:156)
	at org.apache.http.impl.conn.PoolingHttpClientConnectionManager.connect(PoolingHttpClientConnectionManager.java:376)
	at java.base/java.lang.reflect.Method.invoke(Method.java:580)
	at com.amazonaws.http.conn.ClientConnectionManagerFactory$Handler.invoke(ClientConnectionManagerFactory.java:76)
	at com.amazonaws.http.conn.$Proxy147.connect(Unknown Source)
	at org.apache.http.impl.execchain.MainClientExec.establishRoute(MainClientExec.java:393)
	at org.apache.http.impl.execchain.MainClientExec.execute(MainClientExec.java:236)
	at org.apache.http.impl.execchain.ProtocolExec.execute(ProtocolExec.java:186)
	at org.apache.http.impl.client.InternalHttpClient.doExecute(InternalHttpClient.java:185)
	at org.apache.http.impl.client.CloseableHttpClient.execute(CloseableHttpClient.java:83)
	at org.apache.http.impl.client.CloseableHttpClient.execute(CloseableHttpClient.java:56)
	at com.amazonaws.http.apache.client.impl.SdkHttpClient.execute(SdkHttpClient.java:72)
	at com.amazonaws.http.AmazonHttpClient$RequestExecutor.executeOneRequest(AmazonHttpClient.java:1346)
	at com.amazonaws.http.AmazonHttpClient$RequestExecutor.executeHelper(AmazonHttpClient.java:1157)
	... 15 more
Caused by: java.net.ConnectException: Connection refused
	at java.base/sun.nio.ch.Net.pollConnect(Native Method)
	at java.base/sun.nio.ch.Net.pollConnectNow(Net.java:682)
	at java.base/sun.nio.ch.NioSocketImpl.timedFinishConnect(NioSocketImpl.java:549)
	at java.base/sun.nio.ch.NioSocketImpl.connect(NioSocketImpl.java:592)
	at java.base/java.net.SocksSocketImpl.connect(SocksSocketImpl.java:327)
	at java.base/java.net.Socket.connect(Socket.java:751)
	at org.apache.http.conn.socket.PlainConnectionSocketFactory.connectSocket(PlainConnectionSocketFactory.java:75)
	at org.apache.http.impl.conn.DefaultHttpClientConnectionOperator.connect(DefaultHttpClientConnectionOperator.java:142)
	... 28 more
]]></error>
  </testcase>
</testsuite>