<?xml version="1.0" encoding="UTF-8"?>
<testsuite xmlns:xsi="http://www.w3.org/2001/XMLSchema-instance" xsi:noNamespaceSchemaLocation="https://maven.apache.org/surefire/maven-surefire-plugin/xsd/surefire-test-report-3.0.xsd" version="3.0" name="org.apache.hadoop.ozone.om.TestObjectStoreWithLegacyFS" time="25.073" tests="2" errors="0" skipped="0" failures="1">
  <properties>
    <property name="awt.toolkit" value="sun.awt.X11.XToolkit"/>
    <property name="file.encoding.pkg" value="sun.io"/>
    <property name="java.specification.version" value="1.8"/>
    <property name="sun.cpu.isalist" value=""/>
    <property name="sun.jnu.encoding" value="UTF-8"/>
    <property name="java.class.path" value="/home/runner/work/ozone/ozone/hadoop-ozone/integration-test/target/test-classes:/home/runner/work/ozone/ozone/hadoop-ozone/integration-test/target/classes:/home/runner/.m2/repository/org/apache/ozone/ozone-common/1.3.0-SNAPSHOT/ozone-common-1.3.0-SNAPSHOT.jar:/home/runner/.m2/repository/io/grpc/grpc-netty/1.48.1/grpc-netty-1.48.1.jar:/home/runner/.m2/repository/io/grpc/grpc-core/1.48.1/grpc-core-1.48.1.jar:/home/runner/.m2/repository/com/google/android/annotations/4.1.1.4/annotations-4.1.1.4.jar:/home/runner/.m2/repository/org/codehaus/mojo/animal-sniffer-annotations/1.21/animal-sniffer-annotations-1.21.jar:/home/runner/.m2/repository/com/google/errorprone/error_prone_annotations/2.2.0/error_prone_annotations-2.2.0.jar:/home/runner/.m2/repository/io/perfmark/perfmark-api/0.25.0/perfmark-api-0.25.0.jar:/home/runner/.m2/repository/io/netty/netty-codec-http2/4.1.79.Final/netty-codec-http2-4.1.79.Final.jar:/home/runner/.m2/repository/io/netty/netty-common/4.1.79.Final/netty-common-4.1.79.Final.jar:/home/runner/.m2/repository/io/netty/netty-buffer/4.1.79.Final/netty-buffer-4.1.79.Final.jar:/home/runner/.m2/repository/io/netty/netty-codec-http/4.1.79.Final/netty-codec-http-4.1.79.Final.jar:/home/runner/.m2/repository/io/netty/netty-handler-proxy/4.1.79.Final/netty-handler-proxy-4.1.79.Final.jar:/home/runner/.m2/repository/io/netty/netty-codec-socks/4.1.79.Final/netty-codec-socks-4.1.79.Final.jar:/home/runner/.m2/repository/io/netty/netty-tcnative-boringssl-static/2.0.53.Final/netty-tcnative-boringssl-static-2.0.53.Final.jar:/home/runner/.m2/repository/io/netty/netty-tcnative-classes/2.0.53.Final/netty-tcnative-classes-2.0.53.Final.jar:/home/runner/.m2/repository/io/netty/netty-tcnative-boringssl-static/2.0.53.Final/netty-tcnative-boringssl-static-2.0.53.Final-linux-x86_64.jar:/home/runner/.m2/repository/io/netty/netty-tcnative-boringssl-static/2.0.53.Final/netty-tcnative-boringssl-static-2.0.53.Final-linux-aarch_64.jar:/home/runner/.m2/repository/io/netty/netty-tcnative-boringssl-static/2.0.53.Final/netty-tcnative-boringssl-static-2.0.53.Final-osx-x86_64.jar:/home/runner/.m2/repository/io/netty/netty-tcnative-boringssl-static/2.0.53.Final/netty-tcnative-boringssl-static-2.0.53.Final-osx-aarch_64.jar:/home/runner/.m2/repository/io/netty/netty-tcnative-boringssl-static/2.0.53.Final/netty-tcnative-boringssl-static-2.0.53.Final-windows-x86_64.jar:/home/runner/.m2/repository/org/apache/commons/commons-compress/1.21/commons-compress-1.21.jar:/home/runner/.m2/repository/org/apache/ozone/hdds-common/1.3.0-SNAPSHOT/hdds-common-1.3.0-SNAPSHOT.jar:/home/runner/.m2/repository/org/apache/ozone/hdds-client/1.3.0-SNAPSHOT/hdds-client-1.3.0-SNAPSHOT.jar:/home/runner/.m2/repository/org/apache/ozone/ozone-interface-client/1.3.0-SNAPSHOT/ozone-interface-client-1.3.0-SNAPSHOT.jar:/home/runner/.m2/repository/org/apache/ozone/hdds-test-utils/1.3.0-SNAPSHOT/hdds-test-utils-1.3.0-SNAPSHOT.jar:/home/runner/.m2/repository/com/google/guava/guava/31.1-jre/guava-31.1-jre.jar:/home/runner/.m2/repository/com/google/guava/failureaccess/1.0.1/failureaccess-1.0.1.jar:/home/runner/.m2/repository/com/google/guava/listenablefuture/9999.0-empty-to-avoid-conflict-with-guava/listenablefuture-9999.0-empty-to-avoid-conflict-with-guava.jar:/home/runner/.m2/repository/com/google/code/findbugs/jsr305/3.0.0/jsr305-3.0.0.jar:/home/runner/.m2/repository/org/checkerframework/checker-qual/3.12.0/checker-qual-3.12.0.jar:/home/runner/.m2/repository/com/google/j2objc/j2objc-annotations/1.3/j2objc-annotations-1.3.jar:/home/runner/.m2/repository/commons-io/commons-io/2.11.0/commons-io-2.11.0.jar:/home/runner/.m2/repository/commons-logging/commons-logging/1.2/commons-logging-1.2.jar:/home/runner/.m2/repository/ch/qos/reload4j/reload4j/1.2.22/reload4j-1.2.22.jar:/home/runner/.m2/repository/org/slf4j/slf4j-api/1.7.36/slf4j-api-1.7.36.jar:/home/runner/.m2/repository/org/apache/ozone/hdds-server-scm/1.3.0-SNAPSHOT/hdds-server-scm-1.3.0-SNAPSHOT.jar:/home/runner/.m2/repository/org/apache/ozone/hdds-container-service/1.3.0-SNAPSHOT/hdds-container-service-1.3.0-SNAPSHOT.jar:/home/runner/.m2/repository/org/apache/ozone/hdds-hadoop-dependency-server/1.3.0-SNAPSHOT/hdds-hadoop-dependency-server-1.3.0-SNAPSHOT.jar:/home/runner/.m2/repository/org/apache/hadoop/hadoop-hdfs/3.3.4/hadoop-hdfs-3.3.4.jar:/home/runner/.m2/repository/org/eclipse/jetty/jetty-util-ajax/9.4.49.v20220914/jetty-util-ajax-9.4.49.v20220914.jar:/home/runner/.m2/repository/commons-daemon/commons-daemon/1.0.13/commons-daemon-1.0.13.jar:/home/runner/.m2/repository/org/apache/ozone/hdds-server-framework/1.3.0-SNAPSHOT/hdds-server-framework-1.3.0-SNAPSHOT.jar:/home/runner/.m2/repository/org/apache/ozone/hdds-interface-server/1.3.0-SNAPSHOT/hdds-interface-server-1.3.0-SNAPSHOT.jar:/home/runner/.m2/repository/org/apache/commons/commons-configuration2/2.1.1/commons-configuration2-2.1.1.jar:/home/runner/.m2/repository/org/apache/logging/log4j/log4j-core/2.17.1/log4j-core-2.17.1.jar:/home/runner/.m2/repository/com/lmax/disruptor/3.4.2/disruptor-3.4.2.jar:/home/runner/.m2/repository/org/eclipse/jetty/jetty-servlet/9.4.49.v20220914/jetty-servlet-9.4.49.v20220914.jar:/home/runner/.m2/repository/org/eclipse/jetty/jetty-security/9.4.49.v20220914/jetty-security-9.4.49.v20220914.jar:/home/runner/.m2/repository/org/rocksdb/rocksdbjni/7.7.3/rocksdbjni-7.7.3.jar:/home/runner/.m2/repository/io/prometheus/simpleclient_dropwizard/0.7.0/simpleclient_dropwizard-0.7.0.jar:/home/runner/.m2/repository/io/prometheus/simpleclient/0.7.0/simpleclient-0.7.0.jar:/home/runner/.m2/repository/io/prometheus/simpleclient_common/0.7.0/simpleclient_common-0.7.0.jar:/home/runner/.m2/repository/com/github/spotbugs/spotbugs-annotations/3.1.12/spotbugs-annotations-3.1.12.jar:/home/runner/.m2/repository/io/dropwizard/metrics/metrics-core/3.2.4/metrics-core-3.2.4.jar:/home/runner/.m2/repository/org/apache/commons/commons-text/1.4/commons-text-1.4.jar:/home/runner/.m2/repository/org/apache/hadoop/hadoop-hdfs-client/3.3.4/hadoop-hdfs-client-3.3.4.jar:/home/runner/.m2/repository/com/squareup/okhttp3/okhttp/4.9.3/okhttp-4.9.3.jar:/home/runner/.m2/repository/com/squareup/okio/okio/2.8.0/okio-2.8.0.jar:/home/runner/.m2/repository/org/jetbrains/kotlin/kotlin-stdlib-common/1.4.10/kotlin-stdlib-common-1.4.10.jar:/home/runner/.m2/repository/org/bouncycastle/bcprov-jdk15on/1.67/bcprov-jdk15on-1.67.jar:/home/runner/.m2/repository/com/google/protobuf/protobuf-java/2.5.0/protobuf-java-2.5.0.jar:/home/runner/.m2/repository/org/apache/ozone/ozone-manager/1.3.0-SNAPSHOT/ozone-manager-1.3.0-SNAPSHOT.jar:/home/runner/.m2/repository/org/aspectj/aspectjrt/1.9.7/aspectjrt-1.9.7.jar:/home/runner/.m2/repository/org/aspectj/aspectjweaver/1.9.7/aspectjweaver-1.9.7.jar:/home/runner/.m2/repository/org/apache/ozone/hdds-interface-client/1.3.0-SNAPSHOT/hdds-interface-client-1.3.0-SNAPSHOT.jar:/home/runner/.m2/repository/org/apache/hadoop/thirdparty/hadoop-shaded-protobuf_3_7/1.1.1/hadoop-shaded-protobuf_3_7-1.1.1.jar:/home/runner/.m2/repository/org/apache/ozone/ozone-interface-storage/1.3.0-SNAPSHOT/ozone-interface-storage-1.3.0-SNAPSHOT.jar:/home/runner/.m2/repository/org/reflections/reflections/0.9.11/reflections-0.9.11.jar:/home/runner/.m2/repository/com/sun/jersey/jersey-client/1.19/jersey-client-1.19.jar:/home/runner/.m2/repository/org/apache/ranger/ranger-intg/2.3.0/ranger-intg-2.3.0.jar:/home/runner/.m2/repository/org/apache/ranger/ranger-plugins-common/2.3.0/ranger-plugins-common-2.3.0.jar:/home/runner/.m2/repository/commons-lang/commons-lang/2.6/commons-lang-2.6.jar:/home/runner/.m2/repository/org/codehaus/jackson/jackson-jaxrs/1.9.13/jackson-jaxrs-1.9.13.jar:/home/runner/.m2/repository/org/apache/ranger/ranger-plugins-cred/2.3.0/ranger-plugins-cred-2.3.0.jar:/home/runner/.m2/repository/org/apache/ranger/ranger-plugins-audit/2.3.0/ranger-plugins-audit-2.3.0.jar:/home/runner/.m2/repository/org/eclipse/jetty/jetty-client/9.4.31.v20200723/jetty-client-9.4.31.v20200723.jar:/home/runner/.m2/repository/org/apache/httpcomponents/httpmime/4.5.6/httpmime-4.5.6.jar:/home/runner/.m2/repository/org/apache/httpcomponents/httpcore-nio/4.4.6/httpcore-nio-4.4.6.jar:/home/runner/.m2/repository/org/apache/httpcomponents/httpasyncclient/4.1.3/httpasyncclient-4.1.3.jar:/home/runner/.m2/repository/com/carrotsearch/hppc/0.8.0/hppc-0.8.0.jar:/home/runner/.m2/repository/org/apache/orc/orc-core/1.5.8/orc-core-1.5.8.jar:/home/runner/.m2/repository/net/java/dev/jna/jna/5.2.0/jna-5.2.0.jar:/home/runner/.m2/repository/net/java/dev/jna/jna-platform/5.2.0/jna-platform-5.2.0.jar:/home/runner/.m2/repository/com/kstruct/gethostname4j/0.0.2/gethostname4j-0.0.2.jar:/home/runner/.m2/repository/org/apache/ranger/ranger-plugin-classloader/2.3.0/ranger-plugin-classloader-2.3.0.jar:/home/runner/.m2/repository/org/apache/hadoop/hadoop-minikdc/3.3.4/hadoop-minikdc-3.3.4.jar:/home/runner/.m2/repository/org/apache/kerby/kerb-simplekdc/1.0.1/kerb-simplekdc-1.0.1.jar:/home/runner/.m2/repository/org/apache/kerby/kerb-client/1.0.1/kerb-client-1.0.1.jar:/home/runner/.m2/repository/org/apache/kerby/kerby-config/1.0.1/kerby-config-1.0.1.jar:/home/runner/.m2/repository/org/apache/kerby/kerb-common/1.0.1/kerb-common-1.0.1.jar:/home/runner/.m2/repository/org/apache/kerby/kerb-crypto/1.0.1/kerb-crypto-1.0.1.jar:/home/runner/.m2/repository/org/apache/kerby/kerb-util/1.0.1/kerb-util-1.0.1.jar:/home/runner/.m2/repository/org/apache/kerby/token-provider/1.0.1/token-provider-1.0.1.jar:/home/runner/.m2/repository/org/apache/kerby/kerb-admin/1.0.1/kerb-admin-1.0.1.jar:/home/runner/.m2/repository/org/apache/kerby/kerb-server/1.0.1/kerb-server-1.0.1.jar:/home/runner/.m2/repository/org/apache/kerby/kerb-identity/1.0.1/kerb-identity-1.0.1.jar:/home/runner/.m2/repository/org/apache/kerby/kerby-xdr/1.0.1/kerby-xdr-1.0.1.jar:/home/runner/.m2/repository/org/apache/ozone/ozone-s3gateway/1.3.0-SNAPSHOT/ozone-s3gateway-1.3.0-SNAPSHOT.jar:/home/runner/.m2/repository/org/javassist/javassist/3.21.0-GA/javassist-3.21.0-GA.jar:/home/runner/.m2/repository/org/jboss/weld/servlet/weld-servlet/2.4.7.Final/weld-servlet-2.4.7.Final.jar:/home/runner/.m2/repository/org/glassfish/jersey/containers/jersey-container-servlet-core/2.34/jersey-container-servlet-core-2.34.jar:/home/runner/.m2/repository/org/glassfish/hk2/external/jakarta.inject/2.6.1/jakarta.inject-2.6.1.jar:/home/runner/.m2/repository/org/glassfish/jersey/core/jersey-common/2.34/jersey-common-2.34.jar:/home/runner/.m2/repository/jakarta/ws/rs/jakarta.ws.rs-api/2.1.6/jakarta.ws.rs-api-2.1.6.jar:/home/runner/.m2/repository/org/glassfish/jersey/ext/cdi/jersey-cdi1x/2.34/jersey-cdi1x-2.34.jar:/home/runner/.m2/repository/org/glassfish/jersey/inject/jersey-hk2/2.34/jersey-hk2-2.34.jar:/home/runner/.m2/repository/org/glassfish/hk2/hk2-locator/2.6.1/hk2-locator-2.6.1.jar:/home/runner/.m2/repository/org/glassfish/jersey/media/jersey-media-jaxb/2.34/jersey-media-jaxb-2.34.jar:/home/runner/.m2/repository/org/glassfish/hk2/osgi-resource-locator/1.0.3/osgi-resource-locator-1.0.3.jar:/home/runner/.m2/repository/org/glassfish/hk2/hk2-api/2.5.0/hk2-api-2.5.0.jar:/home/runner/.m2/repository/org/glassfish/hk2/hk2-utils/2.5.0/hk2-utils-2.5.0.jar:/home/runner/.m2/repository/org/glassfish/hk2/external/aopalliance-repackaged/2.5.0/aopalliance-repackaged-2.5.0.jar:/home/runner/.m2/repository/com/fasterxml/jackson/dataformat/jackson-dataformat-xml/2.13.4/jackson-dataformat-xml-2.13.4.jar:/home/runner/.m2/repository/com/fasterxml/jackson/core/jackson-core/2.13.4/jackson-core-2.13.4.jar:/home/runner/.m2/repository/org/codehaus/woodstox/stax2-api/4.2.1/stax2-api-4.2.1.jar:/home/runner/.m2/repository/com/fasterxml/woodstox/woodstox-core/5.4.0/woodstox-core-5.4.0.jar:/home/runner/.m2/repository/com/fasterxml/jackson/module/jackson-module-jaxb-annotations/2.13.4/jackson-module-jaxb-annotations-2.13.4.jar:/home/runner/.m2/repository/jakarta/xml/bind/jakarta.xml.bind-api/2.3.3/jakarta.xml.bind-api-2.3.3.jar:/home/runner/.m2/repository/jakarta/activation/jakarta.activation-api/1.2.1/jakarta.activation-api-1.2.1.jar:/home/runner/.m2/repository/javax/enterprise/cdi-api/1.2/cdi-api-1.2.jar:/home/runner/.m2/repository/javax/el/javax.el-api/3.0.0/javax.el-api-3.0.0.jar:/home/runner/.m2/repository/javax/interceptor/javax.interceptor-api/1.2/javax.interceptor-api-1.2.jar:/home/runner/.m2/repository/javax/inject/javax.inject/1/javax.inject-1.jar:/home/runner/.m2/repository/javax/xml/bind/jaxb-api/2.3.0/jaxb-api-2.3.0.jar:/home/runner/.m2/repository/org/glassfish/jaxb/jaxb-runtime/2.3.0.1/jaxb-runtime-2.3.0.1.jar:/home/runner/.m2/repository/org/glassfish/jaxb/jaxb-core/2.3.0.1/jaxb-core-2.3.0.1.jar:/home/runner/.m2/repository/org/glassfish/jaxb/txw2/2.3.0.1/txw2-2.3.0.1.jar:/home/runner/.m2/repository/com/sun/istack/istack-commons-runtime/3.0.5/istack-commons-runtime-3.0.5.jar:/home/runner/.m2/repository/org/jvnet/staxex/stax-ex/1.7.8/stax-ex-1.7.8.jar:/home/runner/.m2/repository/com/sun/xml/fastinfoset/FastInfoset/1.2.13/FastInfoset-1.2.13.jar:/home/runner/.m2/repository/javax/activation/activation/1.1.1/activation-1.1.1.jar:/home/runner/.m2/repository/io/grpc/grpc-protobuf/1.48.1/grpc-protobuf-1.48.1.jar:/home/runner/.m2/repository/io/grpc/grpc-api/1.48.1/grpc-api-1.48.1.jar:/home/runner/.m2/repository/io/grpc/grpc-context/1.48.1/grpc-context-1.48.1.jar:/home/runner/.m2/repository/com/google/api/grpc/proto-google-common-protos/2.9.0/proto-google-common-protos-2.9.0.jar:/home/runner/.m2/repository/io/grpc/grpc-protobuf-lite/1.48.1/grpc-protobuf-lite-1.48.1.jar:/home/runner/.m2/repository/io/grpc/grpc-stub/1.48.1/grpc-stub-1.48.1.jar:/home/runner/.m2/repository/io/netty/netty-transport/4.1.79.Final/netty-transport-4.1.79.Final.jar:/home/runner/.m2/repository/io/netty/netty-resolver/4.1.79.Final/netty-resolver-4.1.79.Final.jar:/home/runner/.m2/repository/org/apache/ozone/ozone-csi/1.3.0-SNAPSHOT/ozone-csi-1.3.0-SNAPSHOT.jar:/home/runner/.m2/repository/com/google/protobuf/protobuf-java-util/3.19.2/protobuf-java-util-3.19.2.jar:/home/runner/.m2/repository/com/google/code/gson/gson/2.9.0/gson-2.9.0.jar:/home/runner/.m2/repository/org/apache/ozone/hdds-config/1.3.0-SNAPSHOT/hdds-config-1.3.0-SNAPSHOT.jar:/home/runner/.m2/repository/io/netty/netty-transport-native-epoll/4.1.79.Final/netty-transport-native-epoll-4.1.79.Final-linux-x86_64.jar:/home/runner/.m2/repository/io/netty/netty-transport-classes-epoll/4.1.79.Final/netty-transport-classes-epoll-4.1.79.Final.jar:/home/runner/.m2/repository/io/netty/netty-transport-native-unix-common/4.1.79.Final/netty-transport-native-unix-common-4.1.79.Final.jar:/home/runner/.m2/repository/org/slf4j/slf4j-reload4j/1.7.36/slf4j-reload4j-1.7.36.jar:/home/runner/.m2/repository/org/apache/ozone/ozone-recon/1.3.0-SNAPSHOT/ozone-recon-1.3.0-SNAPSHOT.jar:/home/runner/.m2/repository/org/apache/ozone/ozone-reconcodegen/1.3.0-SNAPSHOT/ozone-reconcodegen-1.3.0-SNAPSHOT.jar:/home/runner/.m2/repository/com/google/inject/extensions/guice-multibindings/4.0/guice-multibindings-4.0.jar:/home/runner/.m2/repository/com/google/inject/guice/4.0/guice-4.0.jar:/home/runner/.m2/repository/aopalliance/aopalliance/1.0/aopalliance-1.0.jar:/home/runner/.m2/repository/com/google/inject/extensions/guice-assistedinject/4.0/guice-assistedinject-4.0.jar:/home/runner/.m2/repository/com/google/inject/extensions/guice-servlet/4.0/guice-servlet-4.0.jar:/home/runner/.m2/repository/org/glassfish/jersey/containers/jersey-container-servlet/2.34/jersey-container-servlet-2.34.jar:/home/runner/.m2/repository/org/glassfish/hk2/guice-bridge/2.5.0/guice-bridge-2.5.0.jar:/home/runner/.m2/repository/org/glassfish/jersey/core/jersey-server/2.34/jersey-server-2.34.jar:/home/runner/.m2/repository/org/glassfish/jersey/core/jersey-client/2.34/jersey-client-2.34.jar:/home/runner/.m2/repository/jakarta/annotation/jakarta.annotation-api/1.3.5/jakarta.annotation-api-1.3.5.jar:/home/runner/.m2/repository/jakarta/validation/jakarta.validation-api/2.0.2/jakarta.validation-api-2.0.2.jar:/home/runner/.m2/repository/org/glassfish/jersey/media/jersey-media-json-jackson/2.34/jersey-media-json-jackson-2.34.jar:/home/runner/.m2/repository/org/glassfish/jersey/ext/jersey-entity-filtering/2.34/jersey-entity-filtering-2.34.jar:/home/runner/.m2/repository/org/jooq/jooq/3.11.10/jooq-3.11.10.jar:/home/runner/.m2/repository/org/jooq/jooq-meta/3.11.10/jooq-meta-3.11.10.jar:/home/runner/.m2/repository/org/jooq/jooq-codegen/3.11.10/jooq-codegen-3.11.10.jar:/home/runner/.m2/repository/com/jolbox/bonecp/0.8.0.RELEASE/bonecp-0.8.0.RELEASE.jar:/home/runner/.m2/repository/org/apache/derby/derby/10.14.2.0/derby-10.14.2.0.jar:/home/runner/.m2/repository/org/xerial/sqlite-jdbc/3.25.2/sqlite-jdbc-3.25.2.jar:/home/runner/.m2/repository/org/springframework/spring-jdbc/5.3.23/spring-jdbc-5.3.23.jar:/home/runner/.m2/repository/org/springframework/spring-beans/5.3.23/spring-beans-5.3.23.jar:/home/runner/.m2/repository/org/springframework/spring-core/5.3.23/spring-core-5.3.23.jar:/home/runner/.m2/repository/org/springframework/spring-jcl/5.3.23/spring-jcl-5.3.23.jar:/home/runner/.m2/repository/org/springframework/spring-tx/5.3.23/spring-tx-5.3.23.jar:/home/runner/.m2/repository/org/apache/ozone/ozone-client/1.3.0-SNAPSHOT/ozone-client-1.3.0-SNAPSHOT.jar:/home/runner/.m2/repository/org/apache/ozone/hdds-erasurecode/1.3.0-SNAPSHOT/hdds-erasurecode-1.3.0-SNAPSHOT.jar:/home/runner/.m2/repository/org/apache/ozone/ozone-filesystem/1.3.0-SNAPSHOT/ozone-filesystem-1.3.0-SNAPSHOT.jar:/home/runner/.m2/repository/org/apache/ozone/ozone-filesystem-common/1.3.0-SNAPSHOT/ozone-filesystem-common-1.3.0-SNAPSHOT.jar:/home/runner/.m2/repository/org/apache/ozone/ozone-tools/1.3.0-SNAPSHOT/ozone-tools-1.3.0-SNAPSHOT.jar:/home/runner/.m2/repository/org/apache/ratis/ratis-tools/2.4.0/ratis-tools-2.4.0.jar:/home/runner/.m2/repository/com/amazonaws/aws-java-sdk-core/1.12.261/aws-java-sdk-core-1.12.261.jar:/home/runner/.m2/repository/org/apache/httpcomponents/httpclient/4.5.13/httpclient-4.5.13.jar:/home/runner/.m2/repository/org/apache/httpcomponents/httpcore/4.4.13/httpcore-4.4.13.jar:/home/runner/.m2/repository/software/amazon/ion/ion-java/1.0.2/ion-java-1.0.2.jar:/home/runner/.m2/repository/com/fasterxml/jackson/dataformat/jackson-dataformat-cbor/2.13.4/jackson-dataformat-cbor-2.13.4.jar:/home/runner/.m2/repository/joda-time/joda-time/2.8.1/joda-time-2.8.1.jar:/home/runner/.m2/repository/com/amazonaws/aws-java-sdk-s3/1.12.261/aws-java-sdk-s3-1.12.261.jar:/home/runner/.m2/repository/com/amazonaws/aws-java-sdk-kms/1.12.261/aws-java-sdk-kms-1.12.261.jar:/home/runner/.m2/repository/com/amazonaws/jmespath-java/1.12.261/jmespath-java-1.12.261.jar:/home/runner/.m2/repository/org/kohsuke/metainf-services/metainf-services/1.8/metainf-services-1.8.jar:/home/runner/.m2/repository/org/apache/ozone/hdds-tools/1.3.0-SNAPSHOT/hdds-tools-1.3.0-SNAPSHOT.jar:/home/runner/.m2/repository/commons-cli/commons-cli/1.2/commons-cli-1.2.jar:/home/runner/.m2/repository/org/apache/commons/commons-lang3/3.7/commons-lang3-3.7.jar:/home/runner/.m2/repository/org/apache/ozone/ozone-manager/1.3.0-SNAPSHOT/ozone-manager-1.3.0-SNAPSHOT-tests.jar:/home/runner/.m2/repository/org/apache/ozone/hdds-common/1.3.0-SNAPSHOT/hdds-common-1.3.0-SNAPSHOT-tests.jar:/home/runner/.m2/repository/org/apache/ozone/hdds-hadoop-dependency-client/1.3.0-SNAPSHOT/hdds-hadoop-dependency-client-1.3.0-SNAPSHOT.jar:/home/runner/.m2/repository/info/picocli/picocli/4.6.1/picocli-4.6.1.jar:/home/runner/.m2/repository/com/fasterxml/jackson/core/jackson-annotations/2.13.4/jackson-annotations-2.13.4.jar:/home/runner/.m2/repository/com/fasterxml/jackson/datatype/jackson-datatype-jsr310/2.13.4/jackson-datatype-jsr310-2.13.4.jar:/home/runner/.m2/repository/org/apache/ozone/hdds-annotation-processing/1.3.0-SNAPSHOT/hdds-annotation-processing-1.3.0-SNAPSHOT.jar:/home/runner/.m2/repository/javax/annotation/javax.annotation-api/1.2/javax.annotation-api-1.2.jar:/home/runner/.m2/repository/org/apache/ratis/ratis-server/2.4.0/ratis-server-2.4.0.jar:/home/runner/.m2/repository/org/apache/ratis/ratis-client/2.4.0/ratis-client-2.4.0.jar:/home/runner/.m2/repository/org/apache/ratis/ratis-server-api/2.4.0/ratis-server-api-2.4.0.jar:/home/runner/.m2/repository/org/apache/ratis/ratis-metrics/2.4.0/ratis-metrics-2.4.0.jar:/home/runner/.m2/repository/org/apache/ratis/ratis-netty/2.4.0/ratis-netty-2.4.0.jar:/home/runner/.m2/repository/org/apache/ratis/ratis-grpc/2.4.0/ratis-grpc-2.4.0.jar:/home/runner/.m2/repository/org/apache/logging/log4j/log4j-api/2.17.1/log4j-api-2.17.1.jar:/home/runner/.m2/repository/org/apache/commons/commons-pool2/2.6.0/commons-pool2-2.6.0.jar:/home/runner/.m2/repository/org/bouncycastle/bcpkix-jdk15on/1.67/bcpkix-jdk15on-1.67.jar:/home/runner/.m2/repository/commons-validator/commons-validator/1.6/commons-validator-1.6.jar:/home/runner/.m2/repository/commons-beanutils/commons-beanutils/1.9.4/commons-beanutils-1.9.4.jar:/home/runner/.m2/repository/commons-digester/commons-digester/1.8.1/commons-digester-1.8.1.jar:/home/runner/.m2/repository/commons-collections/commons-collections/3.2.2/commons-collections-3.2.2.jar:/home/runner/.m2/repository/io/jaegertracing/jaeger-client/1.6.0/jaeger-client-1.6.0.jar:/home/runner/.m2/repository/io/jaegertracing/jaeger-thrift/1.6.0/jaeger-thrift-1.6.0.jar:/home/runner/.m2/repository/org/apache/thrift/libthrift/0.14.1/libthrift-0.14.1.jar:/home/runner/.m2/repository/io/jaegertracing/jaeger-core/1.6.0/jaeger-core-1.6.0.jar:/home/runner/.m2/repository/io/jaegertracing/jaeger-tracerresolver/1.6.0/jaeger-tracerresolver-1.6.0.jar:/home/runner/.m2/repository/io/opentracing/contrib/opentracing-tracerresolver/0.1.8/opentracing-tracerresolver-0.1.8.jar:/home/runner/.m2/repository/org/jetbrains/kotlin/kotlin-stdlib/1.6.21/kotlin-stdlib-1.6.21.jar:/home/runner/.m2/repository/org/jetbrains/annotations/13.0/annotations-13.0.jar:/home/runner/.m2/repository/io/opentracing/opentracing-util/0.33.0/opentracing-util-0.33.0.jar:/home/runner/.m2/repository/io/opentracing/opentracing-api/0.33.0/opentracing-api-0.33.0.jar:/home/runner/.m2/repository/io/opentracing/opentracing-noop/0.33.0/opentracing-noop-0.33.0.jar:/home/runner/.m2/repository/org/yaml/snakeyaml/1.33/snakeyaml-1.33.jar:/home/runner/.m2/repository/org/apache/ozone/hdds-interface-admin/1.3.0-SNAPSHOT/hdds-interface-admin-1.3.0-SNAPSHOT.jar:/home/runner/.m2/repository/junit/junit/4.13.1/junit-4.13.1.jar:/home/runner/.m2/repository/org/hamcrest/hamcrest-core/1.3/hamcrest-core-1.3.jar:/home/runner/.m2/repository/org/junit/jupiter/junit-jupiter-api/5.8.2/junit-jupiter-api-5.8.2.jar:/home/runner/.m2/repository/org/opentest4j/opentest4j/1.2.0/opentest4j-1.2.0.jar:/home/runner/.m2/repository/org/junit/platform/junit-platform-commons/1.8.2/junit-platform-commons-1.8.2.jar:/home/runner/.m2/repository/org/apiguardian/apiguardian-api/1.1.2/apiguardian-api-1.1.2.jar:/home/runner/.m2/repository/org/junit/jupiter/junit-jupiter-params/5.8.2/junit-jupiter-params-5.8.2.jar:/home/runner/.m2/repository/org/junit/jupiter/junit-jupiter-migrationsupport/5.8.2/junit-jupiter-migrationsupport-5.8.2.jar:/home/runner/.m2/repository/org/junit/jupiter/junit-jupiter-engine/5.8.2/junit-jupiter-engine-5.8.2.jar:/home/runner/.m2/repository/org/junit/platform/junit-platform-engine/1.8.2/junit-platform-engine-1.8.2.jar:/home/runner/.m2/repository/org/junit/vintage/junit-vintage-engine/5.8.2/junit-vintage-engine-5.8.2.jar:/home/runner/.m2/repository/org/junit/platform/junit-platform-launcher/1.8.2/junit-platform-launcher-1.8.2.jar:/home/runner/.m2/repository/org/mockito/mockito-core/2.28.2/mockito-core-2.28.2.jar:/home/runner/.m2/repository/net/bytebuddy/byte-buddy/1.9.10/byte-buddy-1.9.10.jar:/home/runner/.m2/repository/net/bytebuddy/byte-buddy-agent/1.9.10/byte-buddy-agent-1.9.10.jar:/home/runner/.m2/repository/org/objenesis/objenesis/1.0/objenesis-1.0.jar:/home/runner/.m2/repository/org/apache/hadoop/hadoop-kms/3.3.4/hadoop-kms-3.3.4.jar:/home/runner/.m2/repository/org/apache/hadoop/hadoop-auth/3.3.4/hadoop-auth-3.3.4.jar:/home/runner/.m2/repository/com/nimbusds/nimbus-jose-jwt/9.8.1/nimbus-jose-jwt-9.8.1.jar:/home/runner/.m2/repository/com/github/stephenc/jcip/jcip-annotations/1.0-1/jcip-annotations-1.0-1.jar:/home/runner/.m2/repository/net/minidev/json-smart/2.4.7/json-smart-2.4.7.jar:/home/runner/.m2/repository/net/minidev/accessors-smart/2.4.7/accessors-smart-2.4.7.jar:/home/runner/.m2/repository/org/ow2/asm/asm/5.0.4/asm-5.0.4.jar:/home/runner/.m2/repository/org/apache/zookeeper/zookeeper/3.5.6/zookeeper-3.5.6.jar:/home/runner/.m2/repository/org/apache/zookeeper/zookeeper-jute/3.5.6/zookeeper-jute-3.5.6.jar:/home/runner/.m2/repository/org/apache/yetus/audience-annotations/0.5.0/audience-annotations-0.5.0.jar:/home/runner/.m2/repository/org/apache/curator/curator-framework/4.2.0/curator-framework-4.2.0.jar:/home/runner/.m2/repository/org/apache/hadoop/thirdparty/hadoop-shaded-guava/1.1.1/hadoop-shaded-guava-1.1.1.jar:/home/runner/.m2/repository/com/sun/jersey/jersey-core/1.19/jersey-core-1.19.jar:/home/runner/.m2/repository/javax/ws/rs/jsr311-api/1.1.1/jsr311-api-1.1.1.jar:/home/runner/.m2/repository/com/sun/jersey/jersey-server/1.19/jersey-server-1.19.jar:/home/runner/.m2/repository/javax/servlet/javax.servlet-api/3.1.0/javax.servlet-api-3.1.0.jar:/home/runner/.m2/repository/org/eclipse/jetty/jetty-server/9.4.49.v20220914/jetty-server-9.4.49.v20220914.jar:/home/runner/.m2/repository/org/eclipse/jetty/jetty-http/9.4.49.v20220914/jetty-http-9.4.49.v20220914.jar:/home/runner/.m2/repository/org/eclipse/jetty/jetty-io/9.4.49.v20220914/jetty-io-9.4.49.v20220914.jar:/home/runner/.m2/repository/org/eclipse/jetty/jetty-webapp/9.4.49.v20220914/jetty-webapp-9.4.49.v20220914.jar:/home/runner/.m2/repository/org/eclipse/jetty/jetty-xml/9.4.49.v20220914/jetty-xml-9.4.49.v20220914.jar:/home/runner/.m2/repository/org/apache/hadoop/hadoop-common/3.3.4/hadoop-common-3.3.4.jar:/home/runner/.m2/repository/org/apache/commons/commons-math3/3.1.1/commons-math3-3.1.1.jar:/home/runner/.m2/repository/commons-net/commons-net/3.6/commons-net-3.6.jar:/home/runner/.m2/repository/com/sun/jersey/jersey-servlet/1.19/jersey-servlet-1.19.jar:/home/runner/.m2/repository/com/sun/jersey/jersey-json/1.19/jersey-json-1.19.jar:/home/runner/.m2/repository/org/codehaus/jettison/jettison/1.1/jettison-1.1.jar:/home/runner/.m2/repository/com/sun/xml/bind/jaxb-impl/2.2.3-1/jaxb-impl-2.2.3-1.jar:/home/runner/.m2/repository/org/codehaus/jackson/jackson-xc/1.9.2/jackson-xc-1.9.2.jar:/home/runner/.m2/repository/com/google/re2j/re2j/1.1/re2j-1.1.jar:/home/runner/.m2/repository/com/jcraft/jsch/0.1.54/jsch-0.1.54.jar:/home/runner/.m2/repository/org/apache/curator/curator-client/4.2.0/curator-client-4.2.0.jar:/home/runner/.m2/repository/org/apache/curator/curator-recipes/4.2.0/curator-recipes-4.2.0.jar:/home/runner/.m2/repository/org/apache/kerby/kerb-core/1.0.1/kerb-core-1.0.1.jar:/home/runner/.m2/repository/org/apache/kerby/kerby-pkix/1.0.1/kerby-pkix-1.0.1.jar:/home/runner/.m2/repository/org/apache/kerby/kerby-asn1/1.0.1/kerby-asn1-1.0.1.jar:/home/runner/.m2/repository/org/apache/kerby/kerby-util/1.0.1/kerby-util-1.0.1.jar:/home/runner/.m2/repository/dnsjava/dnsjava/2.1.7/dnsjava-2.1.7.jar:/home/runner/.m2/repository/org/xerial/snappy/snappy-java/1.1.8.2/snappy-java-1.1.8.2.jar:/home/runner/.m2/repository/org/eclipse/jetty/jetty-util/9.4.49.v20220914/jetty-util-9.4.49.v20220914.jar:/home/runner/.m2/repository/com/fasterxml/jackson/core/jackson-databind/2.13.4.2/jackson-databind-2.13.4.2.jar:/home/runner/.m2/repository/org/apache/hadoop/hadoop-kms/3.3.4/hadoop-kms-3.3.4-tests.jar:/home/runner/.m2/repository/org/apache/ozone/hdds-server-scm/1.3.0-SNAPSHOT/hdds-server-scm-1.3.0-SNAPSHOT-tests.jar:/home/runner/.m2/repository/org/apache/ozone/hdds-container-service/1.3.0-SNAPSHOT/hdds-container-service-1.3.0-SNAPSHOT-tests.jar:/home/runner/.m2/repository/commons-codec/commons-codec/1.11/commons-codec-1.11.jar:/home/runner/.m2/repository/io/netty/netty-codec/4.1.79.Final/netty-codec-4.1.79.Final.jar:/home/runner/.m2/repository/io/netty/netty-handler/4.1.79.Final/netty-handler-4.1.79.Final.jar:/home/runner/.m2/repository/org/apache/ozone/hdds-hadoop-dependency-test/1.3.0-SNAPSHOT/hdds-hadoop-dependency-test-1.3.0-SNAPSHOT.jar:/home/runner/.m2/repository/org/apache/hadoop/hadoop-common/3.3.4/hadoop-common-3.3.4-tests.jar:/home/runner/.m2/repository/org/apache/hadoop/hadoop-hdfs/3.3.4/hadoop-hdfs-3.3.4-tests.jar:/home/runner/.m2/repository/org/assertj/assertj-core/3.12.2/assertj-core-3.12.2.jar:/home/runner/.m2/repository/org/apache/hadoop/hadoop-distcp/3.3.4/hadoop-distcp-3.3.4.jar:/home/runner/.m2/repository/org/apache/hadoop/hadoop-mapreduce-client-jobclient/3.3.4/hadoop-mapreduce-client-jobclient-3.3.4.jar:/home/runner/.m2/repository/org/apache/hadoop/hadoop-mapreduce-client-common/3.3.4/hadoop-mapreduce-client-common-3.3.4.jar:/home/runner/.m2/repository/org/apache/hadoop/hadoop-yarn-common/3.3.4/hadoop-yarn-common-3.3.4.jar:/home/runner/.m2/repository/org/apache/hadoop/hadoop-yarn-api/3.3.4/hadoop-yarn-api-3.3.4.jar:/home/runner/.m2/repository/com/sun/jersey/contribs/jersey-guice/1.19/jersey-guice-1.19.jar:/home/runner/.m2/repository/com/fasterxml/jackson/jaxrs/jackson-jaxrs-json-provider/2.13.4/jackson-jaxrs-json-provider-2.13.4.jar:/home/runner/.m2/repository/com/fasterxml/jackson/jaxrs/jackson-jaxrs-base/2.13.4/jackson-jaxrs-base-2.13.4.jar:/home/runner/.m2/repository/org/apache/hadoop/hadoop-yarn-client/3.3.4/hadoop-yarn-client-3.3.4.jar:/home/runner/.m2/repository/org/eclipse/jetty/websocket/websocket-client/9.4.43.v20210629/websocket-client-9.4.43.v20210629.jar:/home/runner/.m2/repository/org/eclipse/jetty/websocket/websocket-common/9.4.43.v20210629/websocket-common-9.4.43.v20210629.jar:/home/runner/.m2/repository/org/eclipse/jetty/websocket/websocket-api/9.4.43.v20210629/websocket-api-9.4.43.v20210629.jar:/home/runner/.m2/repository/org/jline/jline/3.9.0/jline-3.9.0.jar:/home/runner/.m2/repository/org/apache/hadoop/hadoop-mapreduce-client-core/3.3.4/hadoop-mapreduce-client-core-3.3.4.jar:/home/runner/.m2/repository/org/apache/avro/avro/1.7.7/avro-1.7.7.jar:/home/runner/.m2/repository/org/codehaus/jackson/jackson-core-asl/1.9.13/jackson-core-asl-1.9.13.jar:/home/runner/.m2/repository/org/codehaus/jackson/jackson-mapper-asl/1.9.13/jackson-mapper-asl-1.9.13.jar:/home/runner/.m2/repository/com/thoughtworks/paranamer/paranamer/2.3/paranamer-2.3.jar:/home/runner/.m2/repository/org/apache/hadoop/hadoop-annotations/3.3.4/hadoop-annotations-3.3.4.jar:/usr/lib/jvm/temurin-8-jdk-amd64/jre/../lib/tools.jar:/home/runner/.m2/repository/io/netty/netty/3.10.6.Final/netty-3.10.6.Final.jar:/home/runner/.m2/repository/org/apache/hadoop/hadoop-distcp/3.3.4/hadoop-distcp-3.3.4-tests.jar:/home/runner/.m2/repository/org/slf4j/jul-to-slf4j/1.7.36/jul-to-slf4j-1.7.36.jar:/home/runner/.m2/repository/org/apache/ratis/ratis-common/2.4.0/ratis-common-2.4.0.jar:/home/runner/.m2/repository/org/apache/ratis/ratis-thirdparty-misc/1.0.2/ratis-thirdparty-misc-1.0.2.jar:/home/runner/.m2/repository/org/apache/ratis/ratis-proto/2.4.0/ratis-proto-2.4.0.jar:"/>
    <property name="java.vm.vendor" value="Temurin"/>
    <property name="sun.arch.data.model" value="64"/>
    <property name="test.build.dir" value="/home/runner/work/ozone/ozone/hadoop-ozone/integration-test/target/test-dir"/>
    <property name="test.cache.data" value=""/>
    <property name="java.vendor.url" value="https://adoptium.net/"/>
    <property name="user.timezone" value="Etc/UTC"/>
    <property name="java.vm.specification.version" value="1.8"/>
    <property name="os.name" value="Linux"/>
    <property name="test.build.data" value="/home/runner/work/ozone/ozone/hadoop-ozone/integration-test/target/test-dir"/>
    <property name="sun.java.launcher" value="SUN_STANDARD"/>
    <property name="sun.boot.library.path" value="/usr/lib/jvm/temurin-8-jdk-amd64/jre/lib/amd64"/>
    <property name="sun.java.command" value="/home/runner/work/ozone/ozone/hadoop-ozone/integration-test/target/surefire/surefirebooter1749266629613131974.jar /home/runner/work/ozone/ozone/hadoop-ozone/integration-test/target/surefire 2022-11-15T00-57-26_417-jvmRun1 surefire913832338565753285tmp surefire_11114933048641493327tmp"/>
    <property name="surefire.test.class.path" value="/home/runner/work/ozone/ozone/hadoop-ozone/integration-test/target/test-classes:/home/runner/work/ozone/ozone/hadoop-ozone/integration-test/target/classes:/home/runner/.m2/repository/org/apache/ozone/ozone-common/1.3.0-SNAPSHOT/ozone-common-1.3.0-SNAPSHOT.jar:/home/runner/.m2/repository/io/grpc/grpc-netty/1.48.1/grpc-netty-1.48.1.jar:/home/runner/.m2/repository/io/grpc/grpc-core/1.48.1/grpc-core-1.48.1.jar:/home/runner/.m2/repository/com/google/android/annotations/4.1.1.4/annotations-4.1.1.4.jar:/home/runner/.m2/repository/org/codehaus/mojo/animal-sniffer-annotations/1.21/animal-sniffer-annotations-1.21.jar:/home/runner/.m2/repository/com/google/errorprone/error_prone_annotations/2.2.0/error_prone_annotations-2.2.0.jar:/home/runner/.m2/repository/io/perfmark/perfmark-api/0.25.0/perfmark-api-0.25.0.jar:/home/runner/.m2/repository/io/netty/netty-codec-http2/4.1.79.Final/netty-codec-http2-4.1.79.Final.jar:/home/runner/.m2/repository/io/netty/netty-common/4.1.79.Final/netty-common-4.1.79.Final.jar:/home/runner/.m2/repository/io/netty/netty-buffer/4.1.79.Final/netty-buffer-4.1.79.Final.jar:/home/runner/.m2/repository/io/netty/netty-codec-http/4.1.79.Final/netty-codec-http-4.1.79.Final.jar:/home/runner/.m2/repository/io/netty/netty-handler-proxy/4.1.79.Final/netty-handler-proxy-4.1.79.Final.jar:/home/runner/.m2/repository/io/netty/netty-codec-socks/4.1.79.Final/netty-codec-socks-4.1.79.Final.jar:/home/runner/.m2/repository/io/netty/netty-tcnative-boringssl-static/2.0.53.Final/netty-tcnative-boringssl-static-2.0.53.Final.jar:/home/runner/.m2/repository/io/netty/netty-tcnative-classes/2.0.53.Final/netty-tcnative-classes-2.0.53.Final.jar:/home/runner/.m2/repository/io/netty/netty-tcnative-boringssl-static/2.0.53.Final/netty-tcnative-boringssl-static-2.0.53.Final-linux-x86_64.jar:/home/runner/.m2/repository/io/netty/netty-tcnative-boringssl-static/2.0.53.Final/netty-tcnative-boringssl-static-2.0.53.Final-linux-aarch_64.jar:/home/runner/.m2/repository/io/netty/netty-tcnative-boringssl-static/2.0.53.Final/netty-tcnative-boringssl-static-2.0.53.Final-osx-x86_64.jar:/home/runner/.m2/repository/io/netty/netty-tcnative-boringssl-static/2.0.53.Final/netty-tcnative-boringssl-static-2.0.53.Final-osx-aarch_64.jar:/home/runner/.m2/repository/io/netty/netty-tcnative-boringssl-static/2.0.53.Final/netty-tcnative-boringssl-static-2.0.53.Final-windows-x86_64.jar:/home/runner/.m2/repository/org/apache/commons/commons-compress/1.21/commons-compress-1.21.jar:/home/runner/.m2/repository/org/apache/ozone/hdds-common/1.3.0-SNAPSHOT/hdds-common-1.3.0-SNAPSHOT.jar:/home/runner/.m2/repository/org/apache/ozone/hdds-client/1.3.0-SNAPSHOT/hdds-client-1.3.0-SNAPSHOT.jar:/home/runner/.m2/repository/org/apache/ozone/ozone-interface-client/1.3.0-SNAPSHOT/ozone-interface-client-1.3.0-SNAPSHOT.jar:/home/runner/.m2/repository/org/apache/ozone/hdds-test-utils/1.3.0-SNAPSHOT/hdds-test-utils-1.3.0-SNAPSHOT.jar:/home/runner/.m2/repository/com/google/guava/guava/31.1-jre/guava-31.1-jre.jar:/home/runner/.m2/repository/com/google/guava/failureaccess/1.0.1/failureaccess-1.0.1.jar:/home/runner/.m2/repository/com/google/guava/listenablefuture/9999.0-empty-to-avoid-conflict-with-guava/listenablefuture-9999.0-empty-to-avoid-conflict-with-guava.jar:/home/runner/.m2/repository/com/google/code/findbugs/jsr305/3.0.0/jsr305-3.0.0.jar:/home/runner/.m2/repository/org/checkerframework/checker-qual/3.12.0/checker-qual-3.12.0.jar:/home/runner/.m2/repository/com/google/j2objc/j2objc-annotations/1.3/j2objc-annotations-1.3.jar:/home/runner/.m2/repository/commons-io/commons-io/2.11.0/commons-io-2.11.0.jar:/home/runner/.m2/repository/commons-logging/commons-logging/1.2/commons-logging-1.2.jar:/home/runner/.m2/repository/ch/qos/reload4j/reload4j/1.2.22/reload4j-1.2.22.jar:/home/runner/.m2/repository/org/slf4j/slf4j-api/1.7.36/slf4j-api-1.7.36.jar:/home/runner/.m2/repository/org/apache/ozone/hdds-server-scm/1.3.0-SNAPSHOT/hdds-server-scm-1.3.0-SNAPSHOT.jar:/home/runner/.m2/repository/org/apache/ozone/hdds-container-service/1.3.0-SNAPSHOT/hdds-container-service-1.3.0-SNAPSHOT.jar:/home/runner/.m2/repository/org/apache/ozone/hdds-hadoop-dependency-server/1.3.0-SNAPSHOT/hdds-hadoop-dependency-server-1.3.0-SNAPSHOT.jar:/home/runner/.m2/repository/org/apache/hadoop/hadoop-hdfs/3.3.4/hadoop-hdfs-3.3.4.jar:/home/runner/.m2/repository/org/eclipse/jetty/jetty-util-ajax/9.4.49.v20220914/jetty-util-ajax-9.4.49.v20220914.jar:/home/runner/.m2/repository/commons-daemon/commons-daemon/1.0.13/commons-daemon-1.0.13.jar:/home/runner/.m2/repository/org/apache/ozone/hdds-server-framework/1.3.0-SNAPSHOT/hdds-server-framework-1.3.0-SNAPSHOT.jar:/home/runner/.m2/repository/org/apache/ozone/hdds-interface-server/1.3.0-SNAPSHOT/hdds-interface-server-1.3.0-SNAPSHOT.jar:/home/runner/.m2/repository/org/apache/commons/commons-configuration2/2.1.1/commons-configuration2-2.1.1.jar:/home/runner/.m2/repository/org/apache/logging/log4j/log4j-core/2.17.1/log4j-core-2.17.1.jar:/home/runner/.m2/repository/com/lmax/disruptor/3.4.2/disruptor-3.4.2.jar:/home/runner/.m2/repository/org/eclipse/jetty/jetty-servlet/9.4.49.v20220914/jetty-servlet-9.4.49.v20220914.jar:/home/runner/.m2/repository/org/eclipse/jetty/jetty-security/9.4.49.v20220914/jetty-security-9.4.49.v20220914.jar:/home/runner/.m2/repository/org/rocksdb/rocksdbjni/7.7.3/rocksdbjni-7.7.3.jar:/home/runner/.m2/repository/io/prometheus/simpleclient_dropwizard/0.7.0/simpleclient_dropwizard-0.7.0.jar:/home/runner/.m2/repository/io/prometheus/simpleclient/0.7.0/simpleclient-0.7.0.jar:/home/runner/.m2/repository/io/prometheus/simpleclient_common/0.7.0/simpleclient_common-0.7.0.jar:/home/runner/.m2/repository/com/github/spotbugs/spotbugs-annotations/3.1.12/spotbugs-annotations-3.1.12.jar:/home/runner/.m2/repository/io/dropwizard/metrics/metrics-core/3.2.4/metrics-core-3.2.4.jar:/home/runner/.m2/repository/org/apache/commons/commons-text/1.4/commons-text-1.4.jar:/home/runner/.m2/repository/org/apache/hadoop/hadoop-hdfs-client/3.3.4/hadoop-hdfs-client-3.3.4.jar:/home/runner/.m2/repository/com/squareup/okhttp3/okhttp/4.9.3/okhttp-4.9.3.jar:/home/runner/.m2/repository/com/squareup/okio/okio/2.8.0/okio-2.8.0.jar:/home/runner/.m2/repository/org/jetbrains/kotlin/kotlin-stdlib-common/1.4.10/kotlin-stdlib-common-1.4.10.jar:/home/runner/.m2/repository/org/bouncycastle/bcprov-jdk15on/1.67/bcprov-jdk15on-1.67.jar:/home/runner/.m2/repository/com/google/protobuf/protobuf-java/2.5.0/protobuf-java-2.5.0.jar:/home/runner/.m2/repository/org/apache/ozone/ozone-manager/1.3.0-SNAPSHOT/ozone-manager-1.3.0-SNAPSHOT.jar:/home/runner/.m2/repository/org/aspectj/aspectjrt/1.9.7/aspectjrt-1.9.7.jar:/home/runner/.m2/repository/org/aspectj/aspectjweaver/1.9.7/aspectjweaver-1.9.7.jar:/home/runner/.m2/repository/org/apache/ozone/hdds-interface-client/1.3.0-SNAPSHOT/hdds-interface-client-1.3.0-SNAPSHOT.jar:/home/runner/.m2/repository/org/apache/hadoop/thirdparty/hadoop-shaded-protobuf_3_7/1.1.1/hadoop-shaded-protobuf_3_7-1.1.1.jar:/home/runner/.m2/repository/org/apache/ozone/ozone-interface-storage/1.3.0-SNAPSHOT/ozone-interface-storage-1.3.0-SNAPSHOT.jar:/home/runner/.m2/repository/org/reflections/reflections/0.9.11/reflections-0.9.11.jar:/home/runner/.m2/repository/com/sun/jersey/jersey-client/1.19/jersey-client-1.19.jar:/home/runner/.m2/repository/org/apache/ranger/ranger-intg/2.3.0/ranger-intg-2.3.0.jar:/home/runner/.m2/repository/org/apache/ranger/ranger-plugins-common/2.3.0/ranger-plugins-common-2.3.0.jar:/home/runner/.m2/repository/commons-lang/commons-lang/2.6/commons-lang-2.6.jar:/home/runner/.m2/repository/org/codehaus/jackson/jackson-jaxrs/1.9.13/jackson-jaxrs-1.9.13.jar:/home/runner/.m2/repository/org/apache/ranger/ranger-plugins-cred/2.3.0/ranger-plugins-cred-2.3.0.jar:/home/runner/.m2/repository/org/apache/ranger/ranger-plugins-audit/2.3.0/ranger-plugins-audit-2.3.0.jar:/home/runner/.m2/repository/org/eclipse/jetty/jetty-client/9.4.31.v20200723/jetty-client-9.4.31.v20200723.jar:/home/runner/.m2/repository/org/apache/httpcomponents/httpmime/4.5.6/httpmime-4.5.6.jar:/home/runner/.m2/repository/org/apache/httpcomponents/httpcore-nio/4.4.6/httpcore-nio-4.4.6.jar:/home/runner/.m2/repository/org/apache/httpcomponents/httpasyncclient/4.1.3/httpasyncclient-4.1.3.jar:/home/runner/.m2/repository/com/carrotsearch/hppc/0.8.0/hppc-0.8.0.jar:/home/runner/.m2/repository/org/apache/orc/orc-core/1.5.8/orc-core-1.5.8.jar:/home/runner/.m2/repository/net/java/dev/jna/jna/5.2.0/jna-5.2.0.jar:/home/runner/.m2/repository/net/java/dev/jna/jna-platform/5.2.0/jna-platform-5.2.0.jar:/home/runner/.m2/repository/com/kstruct/gethostname4j/0.0.2/gethostname4j-0.0.2.jar:/home/runner/.m2/repository/org/apache/ranger/ranger-plugin-classloader/2.3.0/ranger-plugin-classloader-2.3.0.jar:/home/runner/.m2/repository/org/apache/hadoop/hadoop-minikdc/3.3.4/hadoop-minikdc-3.3.4.jar:/home/runner/.m2/repository/org/apache/kerby/kerb-simplekdc/1.0.1/kerb-simplekdc-1.0.1.jar:/home/runner/.m2/repository/org/apache/kerby/kerb-client/1.0.1/kerb-client-1.0.1.jar:/home/runner/.m2/repository/org/apache/kerby/kerby-config/1.0.1/kerby-config-1.0.1.jar:/home/runner/.m2/repository/org/apache/kerby/kerb-common/1.0.1/kerb-common-1.0.1.jar:/home/runner/.m2/repository/org/apache/kerby/kerb-crypto/1.0.1/kerb-crypto-1.0.1.jar:/home/runner/.m2/repository/org/apache/kerby/kerb-util/1.0.1/kerb-util-1.0.1.jar:/home/runner/.m2/repository/org/apache/kerby/token-provider/1.0.1/token-provider-1.0.1.jar:/home/runner/.m2/repository/org/apache/kerby/kerb-admin/1.0.1/kerb-admin-1.0.1.jar:/home/runner/.m2/repository/org/apache/kerby/kerb-server/1.0.1/kerb-server-1.0.1.jar:/home/runner/.m2/repository/org/apache/kerby/kerb-identity/1.0.1/kerb-identity-1.0.1.jar:/home/runner/.m2/repository/org/apache/kerby/kerby-xdr/1.0.1/kerby-xdr-1.0.1.jar:/home/runner/.m2/repository/org/apache/ozone/ozone-s3gateway/1.3.0-SNAPSHOT/ozone-s3gateway-1.3.0-SNAPSHOT.jar:/home/runner/.m2/repository/org/javassist/javassist/3.21.0-GA/javassist-3.21.0-GA.jar:/home/runner/.m2/repository/org/jboss/weld/servlet/weld-servlet/2.4.7.Final/weld-servlet-2.4.7.Final.jar:/home/runner/.m2/repository/org/glassfish/jersey/containers/jersey-container-servlet-core/2.34/jersey-container-servlet-core-2.34.jar:/home/runner/.m2/repository/org/glassfish/hk2/external/jakarta.inject/2.6.1/jakarta.inject-2.6.1.jar:/home/runner/.m2/repository/org/glassfish/jersey/core/jersey-common/2.34/jersey-common-2.34.jar:/home/runner/.m2/repository/jakarta/ws/rs/jakarta.ws.rs-api/2.1.6/jakarta.ws.rs-api-2.1.6.jar:/home/runner/.m2/repository/org/glassfish/jersey/ext/cdi/jersey-cdi1x/2.34/jersey-cdi1x-2.34.jar:/home/runner/.m2/repository/org/glassfish/jersey/inject/jersey-hk2/2.34/jersey-hk2-2.34.jar:/home/runner/.m2/repository/org/glassfish/hk2/hk2-locator/2.6.1/hk2-locator-2.6.1.jar:/home/runner/.m2/repository/org/glassfish/jersey/media/jersey-media-jaxb/2.34/jersey-media-jaxb-2.34.jar:/home/runner/.m2/repository/org/glassfish/hk2/osgi-resource-locator/1.0.3/osgi-resource-locator-1.0.3.jar:/home/runner/.m2/repository/org/glassfish/hk2/hk2-api/2.5.0/hk2-api-2.5.0.jar:/home/runner/.m2/repository/org/glassfish/hk2/hk2-utils/2.5.0/hk2-utils-2.5.0.jar:/home/runner/.m2/repository/org/glassfish/hk2/external/aopalliance-repackaged/2.5.0/aopalliance-repackaged-2.5.0.jar:/home/runner/.m2/repository/com/fasterxml/jackson/dataformat/jackson-dataformat-xml/2.13.4/jackson-dataformat-xml-2.13.4.jar:/home/runner/.m2/repository/com/fasterxml/jackson/core/jackson-core/2.13.4/jackson-core-2.13.4.jar:/home/runner/.m2/repository/org/codehaus/woodstox/stax2-api/4.2.1/stax2-api-4.2.1.jar:/home/runner/.m2/repository/com/fasterxml/woodstox/woodstox-core/5.4.0/woodstox-core-5.4.0.jar:/home/runner/.m2/repository/com/fasterxml/jackson/module/jackson-module-jaxb-annotations/2.13.4/jackson-module-jaxb-annotations-2.13.4.jar:/home/runner/.m2/repository/jakarta/xml/bind/jakarta.xml.bind-api/2.3.3/jakarta.xml.bind-api-2.3.3.jar:/home/runner/.m2/repository/jakarta/activation/jakarta.activation-api/1.2.1/jakarta.activation-api-1.2.1.jar:/home/runner/.m2/repository/javax/enterprise/cdi-api/1.2/cdi-api-1.2.jar:/home/runner/.m2/repository/javax/el/javax.el-api/3.0.0/javax.el-api-3.0.0.jar:/home/runner/.m2/repository/javax/interceptor/javax.interceptor-api/1.2/javax.interceptor-api-1.2.jar:/home/runner/.m2/repository/javax/inject/javax.inject/1/javax.inject-1.jar:/home/runner/.m2/repository/javax/xml/bind/jaxb-api/2.3.0/jaxb-api-2.3.0.jar:/home/runner/.m2/repository/org/glassfish/jaxb/jaxb-runtime/2.3.0.1/jaxb-runtime-2.3.0.1.jar:/home/runner/.m2/repository/org/glassfish/jaxb/jaxb-core/2.3.0.1/jaxb-core-2.3.0.1.jar:/home/runner/.m2/repository/org/glassfish/jaxb/txw2/2.3.0.1/txw2-2.3.0.1.jar:/home/runner/.m2/repository/com/sun/istack/istack-commons-runtime/3.0.5/istack-commons-runtime-3.0.5.jar:/home/runner/.m2/repository/org/jvnet/staxex/stax-ex/1.7.8/stax-ex-1.7.8.jar:/home/runner/.m2/repository/com/sun/xml/fastinfoset/FastInfoset/1.2.13/FastInfoset-1.2.13.jar:/home/runner/.m2/repository/javax/activation/activation/1.1.1/activation-1.1.1.jar:/home/runner/.m2/repository/io/grpc/grpc-protobuf/1.48.1/grpc-protobuf-1.48.1.jar:/home/runner/.m2/repository/io/grpc/grpc-api/1.48.1/grpc-api-1.48.1.jar:/home/runner/.m2/repository/io/grpc/grpc-context/1.48.1/grpc-context-1.48.1.jar:/home/runner/.m2/repository/com/google/api/grpc/proto-google-common-protos/2.9.0/proto-google-common-protos-2.9.0.jar:/home/runner/.m2/repository/io/grpc/grpc-protobuf-lite/1.48.1/grpc-protobuf-lite-1.48.1.jar:/home/runner/.m2/repository/io/grpc/grpc-stub/1.48.1/grpc-stub-1.48.1.jar:/home/runner/.m2/repository/io/netty/netty-transport/4.1.79.Final/netty-transport-4.1.79.Final.jar:/home/runner/.m2/repository/io/netty/netty-resolver/4.1.79.Final/netty-resolver-4.1.79.Final.jar:/home/runner/.m2/repository/org/apache/ozone/ozone-csi/1.3.0-SNAPSHOT/ozone-csi-1.3.0-SNAPSHOT.jar:/home/runner/.m2/repository/com/google/protobuf/protobuf-java-util/3.19.2/protobuf-java-util-3.19.2.jar:/home/runner/.m2/repository/com/google/code/gson/gson/2.9.0/gson-2.9.0.jar:/home/runner/.m2/repository/org/apache/ozone/hdds-config/1.3.0-SNAPSHOT/hdds-config-1.3.0-SNAPSHOT.jar:/home/runner/.m2/repository/io/netty/netty-transport-native-epoll/4.1.79.Final/netty-transport-native-epoll-4.1.79.Final-linux-x86_64.jar:/home/runner/.m2/repository/io/netty/netty-transport-classes-epoll/4.1.79.Final/netty-transport-classes-epoll-4.1.79.Final.jar:/home/runner/.m2/repository/io/netty/netty-transport-native-unix-common/4.1.79.Final/netty-transport-native-unix-common-4.1.79.Final.jar:/home/runner/.m2/repository/org/slf4j/slf4j-reload4j/1.7.36/slf4j-reload4j-1.7.36.jar:/home/runner/.m2/repository/org/apache/ozone/ozone-recon/1.3.0-SNAPSHOT/ozone-recon-1.3.0-SNAPSHOT.jar:/home/runner/.m2/repository/org/apache/ozone/ozone-reconcodegen/1.3.0-SNAPSHOT/ozone-reconcodegen-1.3.0-SNAPSHOT.jar:/home/runner/.m2/repository/com/google/inject/extensions/guice-multibindings/4.0/guice-multibindings-4.0.jar:/home/runner/.m2/repository/com/google/inject/guice/4.0/guice-4.0.jar:/home/runner/.m2/repository/aopalliance/aopalliance/1.0/aopalliance-1.0.jar:/home/runner/.m2/repository/com/google/inject/extensions/guice-assistedinject/4.0/guice-assistedinject-4.0.jar:/home/runner/.m2/repository/com/google/inject/extensions/guice-servlet/4.0/guice-servlet-4.0.jar:/home/runner/.m2/repository/org/glassfish/jersey/containers/jersey-container-servlet/2.34/jersey-container-servlet-2.34.jar:/home/runner/.m2/repository/org/glassfish/hk2/guice-bridge/2.5.0/guice-bridge-2.5.0.jar:/home/runner/.m2/repository/org/glassfish/jersey/core/jersey-server/2.34/jersey-server-2.34.jar:/home/runner/.m2/repository/org/glassfish/jersey/core/jersey-client/2.34/jersey-client-2.34.jar:/home/runner/.m2/repository/jakarta/annotation/jakarta.annotation-api/1.3.5/jakarta.annotation-api-1.3.5.jar:/home/runner/.m2/repository/jakarta/validation/jakarta.validation-api/2.0.2/jakarta.validation-api-2.0.2.jar:/home/runner/.m2/repository/org/glassfish/jersey/media/jersey-media-json-jackson/2.34/jersey-media-json-jackson-2.34.jar:/home/runner/.m2/repository/org/glassfish/jersey/ext/jersey-entity-filtering/2.34/jersey-entity-filtering-2.34.jar:/home/runner/.m2/repository/org/jooq/jooq/3.11.10/jooq-3.11.10.jar:/home/runner/.m2/repository/org/jooq/jooq-meta/3.11.10/jooq-meta-3.11.10.jar:/home/runner/.m2/repository/org/jooq/jooq-codegen/3.11.10/jooq-codegen-3.11.10.jar:/home/runner/.m2/repository/com/jolbox/bonecp/0.8.0.RELEASE/bonecp-0.8.0.RELEASE.jar:/home/runner/.m2/repository/org/apache/derby/derby/10.14.2.0/derby-10.14.2.0.jar:/home/runner/.m2/repository/org/xerial/sqlite-jdbc/3.25.2/sqlite-jdbc-3.25.2.jar:/home/runner/.m2/repository/org/springframework/spring-jdbc/5.3.23/spring-jdbc-5.3.23.jar:/home/runner/.m2/repository/org/springframework/spring-beans/5.3.23/spring-beans-5.3.23.jar:/home/runner/.m2/repository/org/springframework/spring-core/5.3.23/spring-core-5.3.23.jar:/home/runner/.m2/repository/org/springframework/spring-jcl/5.3.23/spring-jcl-5.3.23.jar:/home/runner/.m2/repository/org/springframework/spring-tx/5.3.23/spring-tx-5.3.23.jar:/home/runner/.m2/repository/org/apache/ozone/ozone-client/1.3.0-SNAPSHOT/ozone-client-1.3.0-SNAPSHOT.jar:/home/runner/.m2/repository/org/apache/ozone/hdds-erasurecode/1.3.0-SNAPSHOT/hdds-erasurecode-1.3.0-SNAPSHOT.jar:/home/runner/.m2/repository/org/apache/ozone/ozone-filesystem/1.3.0-SNAPSHOT/ozone-filesystem-1.3.0-SNAPSHOT.jar:/home/runner/.m2/repository/org/apache/ozone/ozone-filesystem-common/1.3.0-SNAPSHOT/ozone-filesystem-common-1.3.0-SNAPSHOT.jar:/home/runner/.m2/repository/org/apache/ozone/ozone-tools/1.3.0-SNAPSHOT/ozone-tools-1.3.0-SNAPSHOT.jar:/home/runner/.m2/repository/org/apache/ratis/ratis-tools/2.4.0/ratis-tools-2.4.0.jar:/home/runner/.m2/repository/com/amazonaws/aws-java-sdk-core/1.12.261/aws-java-sdk-core-1.12.261.jar:/home/runner/.m2/repository/org/apache/httpcomponents/httpclient/4.5.13/httpclient-4.5.13.jar:/home/runner/.m2/repository/org/apache/httpcomponents/httpcore/4.4.13/httpcore-4.4.13.jar:/home/runner/.m2/repository/software/amazon/ion/ion-java/1.0.2/ion-java-1.0.2.jar:/home/runner/.m2/repository/com/fasterxml/jackson/dataformat/jackson-dataformat-cbor/2.13.4/jackson-dataformat-cbor-2.13.4.jar:/home/runner/.m2/repository/joda-time/joda-time/2.8.1/joda-time-2.8.1.jar:/home/runner/.m2/repository/com/amazonaws/aws-java-sdk-s3/1.12.261/aws-java-sdk-s3-1.12.261.jar:/home/runner/.m2/repository/com/amazonaws/aws-java-sdk-kms/1.12.261/aws-java-sdk-kms-1.12.261.jar:/home/runner/.m2/repository/com/amazonaws/jmespath-java/1.12.261/jmespath-java-1.12.261.jar:/home/runner/.m2/repository/org/kohsuke/metainf-services/metainf-services/1.8/metainf-services-1.8.jar:/home/runner/.m2/repository/org/apache/ozone/hdds-tools/1.3.0-SNAPSHOT/hdds-tools-1.3.0-SNAPSHOT.jar:/home/runner/.m2/repository/commons-cli/commons-cli/1.2/commons-cli-1.2.jar:/home/runner/.m2/repository/org/apache/commons/commons-lang3/3.7/commons-lang3-3.7.jar:/home/runner/.m2/repository/org/apache/ozone/ozone-manager/1.3.0-SNAPSHOT/ozone-manager-1.3.0-SNAPSHOT-tests.jar:/home/runner/.m2/repository/org/apache/ozone/hdds-common/1.3.0-SNAPSHOT/hdds-common-1.3.0-SNAPSHOT-tests.jar:/home/runner/.m2/repository/org/apache/ozone/hdds-hadoop-dependency-client/1.3.0-SNAPSHOT/hdds-hadoop-dependency-client-1.3.0-SNAPSHOT.jar:/home/runner/.m2/repository/info/picocli/picocli/4.6.1/picocli-4.6.1.jar:/home/runner/.m2/repository/com/fasterxml/jackson/core/jackson-annotations/2.13.4/jackson-annotations-2.13.4.jar:/home/runner/.m2/repository/com/fasterxml/jackson/datatype/jackson-datatype-jsr310/2.13.4/jackson-datatype-jsr310-2.13.4.jar:/home/runner/.m2/repository/org/apache/ozone/hdds-annotation-processing/1.3.0-SNAPSHOT/hdds-annotation-processing-1.3.0-SNAPSHOT.jar:/home/runner/.m2/repository/javax/annotation/javax.annotation-api/1.2/javax.annotation-api-1.2.jar:/home/runner/.m2/repository/org/apache/ratis/ratis-server/2.4.0/ratis-server-2.4.0.jar:/home/runner/.m2/repository/org/apache/ratis/ratis-client/2.4.0/ratis-client-2.4.0.jar:/home/runner/.m2/repository/org/apache/ratis/ratis-server-api/2.4.0/ratis-server-api-2.4.0.jar:/home/runner/.m2/repository/org/apache/ratis/ratis-metrics/2.4.0/ratis-metrics-2.4.0.jar:/home/runner/.m2/repository/org/apache/ratis/ratis-netty/2.4.0/ratis-netty-2.4.0.jar:/home/runner/.m2/repository/org/apache/ratis/ratis-grpc/2.4.0/ratis-grpc-2.4.0.jar:/home/runner/.m2/repository/org/apache/logging/log4j/log4j-api/2.17.1/log4j-api-2.17.1.jar:/home/runner/.m2/repository/org/apache/commons/commons-pool2/2.6.0/commons-pool2-2.6.0.jar:/home/runner/.m2/repository/org/bouncycastle/bcpkix-jdk15on/1.67/bcpkix-jdk15on-1.67.jar:/home/runner/.m2/repository/commons-validator/commons-validator/1.6/commons-validator-1.6.jar:/home/runner/.m2/repository/commons-beanutils/commons-beanutils/1.9.4/commons-beanutils-1.9.4.jar:/home/runner/.m2/repository/commons-digester/commons-digester/1.8.1/commons-digester-1.8.1.jar:/home/runner/.m2/repository/commons-collections/commons-collections/3.2.2/commons-collections-3.2.2.jar:/home/runner/.m2/repository/io/jaegertracing/jaeger-client/1.6.0/jaeger-client-1.6.0.jar:/home/runner/.m2/repository/io/jaegertracing/jaeger-thrift/1.6.0/jaeger-thrift-1.6.0.jar:/home/runner/.m2/repository/org/apache/thrift/libthrift/0.14.1/libthrift-0.14.1.jar:/home/runner/.m2/repository/io/jaegertracing/jaeger-core/1.6.0/jaeger-core-1.6.0.jar:/home/runner/.m2/repository/io/jaegertracing/jaeger-tracerresolver/1.6.0/jaeger-tracerresolver-1.6.0.jar:/home/runner/.m2/repository/io/opentracing/contrib/opentracing-tracerresolver/0.1.8/opentracing-tracerresolver-0.1.8.jar:/home/runner/.m2/repository/org/jetbrains/kotlin/kotlin-stdlib/1.6.21/kotlin-stdlib-1.6.21.jar:/home/runner/.m2/repository/org/jetbrains/annotations/13.0/annotations-13.0.jar:/home/runner/.m2/repository/io/opentracing/opentracing-util/0.33.0/opentracing-util-0.33.0.jar:/home/runner/.m2/repository/io/opentracing/opentracing-api/0.33.0/opentracing-api-0.33.0.jar:/home/runner/.m2/repository/io/opentracing/opentracing-noop/0.33.0/opentracing-noop-0.33.0.jar:/home/runner/.m2/repository/org/yaml/snakeyaml/1.33/snakeyaml-1.33.jar:/home/runner/.m2/repository/org/apache/ozone/hdds-interface-admin/1.3.0-SNAPSHOT/hdds-interface-admin-1.3.0-SNAPSHOT.jar:/home/runner/.m2/repository/junit/junit/4.13.1/junit-4.13.1.jar:/home/runner/.m2/repository/org/hamcrest/hamcrest-core/1.3/hamcrest-core-1.3.jar:/home/runner/.m2/repository/org/junit/jupiter/junit-jupiter-api/5.8.2/junit-jupiter-api-5.8.2.jar:/home/runner/.m2/repository/org/opentest4j/opentest4j/1.2.0/opentest4j-1.2.0.jar:/home/runner/.m2/repository/org/junit/platform/junit-platform-commons/1.8.2/junit-platform-commons-1.8.2.jar:/home/runner/.m2/repository/org/apiguardian/apiguardian-api/1.1.2/apiguardian-api-1.1.2.jar:/home/runner/.m2/repository/org/junit/jupiter/junit-jupiter-params/5.8.2/junit-jupiter-params-5.8.2.jar:/home/runner/.m2/repository/org/junit/jupiter/junit-jupiter-migrationsupport/5.8.2/junit-jupiter-migrationsupport-5.8.2.jar:/home/runner/.m2/repository/org/junit/jupiter/junit-jupiter-engine/5.8.2/junit-jupiter-engine-5.8.2.jar:/home/runner/.m2/repository/org/junit/platform/junit-platform-engine/1.8.2/junit-platform-engine-1.8.2.jar:/home/runner/.m2/repository/org/junit/vintage/junit-vintage-engine/5.8.2/junit-vintage-engine-5.8.2.jar:/home/runner/.m2/repository/org/junit/platform/junit-platform-launcher/1.8.2/junit-platform-launcher-1.8.2.jar:/home/runner/.m2/repository/org/mockito/mockito-core/2.28.2/mockito-core-2.28.2.jar:/home/runner/.m2/repository/net/bytebuddy/byte-buddy/1.9.10/byte-buddy-1.9.10.jar:/home/runner/.m2/repository/net/bytebuddy/byte-buddy-agent/1.9.10/byte-buddy-agent-1.9.10.jar:/home/runner/.m2/repository/org/objenesis/objenesis/1.0/objenesis-1.0.jar:/home/runner/.m2/repository/org/apache/hadoop/hadoop-kms/3.3.4/hadoop-kms-3.3.4.jar:/home/runner/.m2/repository/org/apache/hadoop/hadoop-auth/3.3.4/hadoop-auth-3.3.4.jar:/home/runner/.m2/repository/com/nimbusds/nimbus-jose-jwt/9.8.1/nimbus-jose-jwt-9.8.1.jar:/home/runner/.m2/repository/com/github/stephenc/jcip/jcip-annotations/1.0-1/jcip-annotations-1.0-1.jar:/home/runner/.m2/repository/net/minidev/json-smart/2.4.7/json-smart-2.4.7.jar:/home/runner/.m2/repository/net/minidev/accessors-smart/2.4.7/accessors-smart-2.4.7.jar:/home/runner/.m2/repository/org/ow2/asm/asm/5.0.4/asm-5.0.4.jar:/home/runner/.m2/repository/org/apache/zookeeper/zookeeper/3.5.6/zookeeper-3.5.6.jar:/home/runner/.m2/repository/org/apache/zookeeper/zookeeper-jute/3.5.6/zookeeper-jute-3.5.6.jar:/home/runner/.m2/repository/org/apache/yetus/audience-annotations/0.5.0/audience-annotations-0.5.0.jar:/home/runner/.m2/repository/org/apache/curator/curator-framework/4.2.0/curator-framework-4.2.0.jar:/home/runner/.m2/repository/org/apache/hadoop/thirdparty/hadoop-shaded-guava/1.1.1/hadoop-shaded-guava-1.1.1.jar:/home/runner/.m2/repository/com/sun/jersey/jersey-core/1.19/jersey-core-1.19.jar:/home/runner/.m2/repository/javax/ws/rs/jsr311-api/1.1.1/jsr311-api-1.1.1.jar:/home/runner/.m2/repository/com/sun/jersey/jersey-server/1.19/jersey-server-1.19.jar:/home/runner/.m2/repository/javax/servlet/javax.servlet-api/3.1.0/javax.servlet-api-3.1.0.jar:/home/runner/.m2/repository/org/eclipse/jetty/jetty-server/9.4.49.v20220914/jetty-server-9.4.49.v20220914.jar:/home/runner/.m2/repository/org/eclipse/jetty/jetty-http/9.4.49.v20220914/jetty-http-9.4.49.v20220914.jar:/home/runner/.m2/repository/org/eclipse/jetty/jetty-io/9.4.49.v20220914/jetty-io-9.4.49.v20220914.jar:/home/runner/.m2/repository/org/eclipse/jetty/jetty-webapp/9.4.49.v20220914/jetty-webapp-9.4.49.v20220914.jar:/home/runner/.m2/repository/org/eclipse/jetty/jetty-xml/9.4.49.v20220914/jetty-xml-9.4.49.v20220914.jar:/home/runner/.m2/repository/org/apache/hadoop/hadoop-common/3.3.4/hadoop-common-3.3.4.jar:/home/runner/.m2/repository/org/apache/commons/commons-math3/3.1.1/commons-math3-3.1.1.jar:/home/runner/.m2/repository/commons-net/commons-net/3.6/commons-net-3.6.jar:/home/runner/.m2/repository/com/sun/jersey/jersey-servlet/1.19/jersey-servlet-1.19.jar:/home/runner/.m2/repository/com/sun/jersey/jersey-json/1.19/jersey-json-1.19.jar:/home/runner/.m2/repository/org/codehaus/jettison/jettison/1.1/jettison-1.1.jar:/home/runner/.m2/repository/com/sun/xml/bind/jaxb-impl/2.2.3-1/jaxb-impl-2.2.3-1.jar:/home/runner/.m2/repository/org/codehaus/jackson/jackson-xc/1.9.2/jackson-xc-1.9.2.jar:/home/runner/.m2/repository/com/google/re2j/re2j/1.1/re2j-1.1.jar:/home/runner/.m2/repository/com/jcraft/jsch/0.1.54/jsch-0.1.54.jar:/home/runner/.m2/repository/org/apache/curator/curator-client/4.2.0/curator-client-4.2.0.jar:/home/runner/.m2/repository/org/apache/curator/curator-recipes/4.2.0/curator-recipes-4.2.0.jar:/home/runner/.m2/repository/org/apache/kerby/kerb-core/1.0.1/kerb-core-1.0.1.jar:/home/runner/.m2/repository/org/apache/kerby/kerby-pkix/1.0.1/kerby-pkix-1.0.1.jar:/home/runner/.m2/repository/org/apache/kerby/kerby-asn1/1.0.1/kerby-asn1-1.0.1.jar:/home/runner/.m2/repository/org/apache/kerby/kerby-util/1.0.1/kerby-util-1.0.1.jar:/home/runner/.m2/repository/dnsjava/dnsjava/2.1.7/dnsjava-2.1.7.jar:/home/runner/.m2/repository/org/xerial/snappy/snappy-java/1.1.8.2/snappy-java-1.1.8.2.jar:/home/runner/.m2/repository/org/eclipse/jetty/jetty-util/9.4.49.v20220914/jetty-util-9.4.49.v20220914.jar:/home/runner/.m2/repository/com/fasterxml/jackson/core/jackson-databind/2.13.4.2/jackson-databind-2.13.4.2.jar:/home/runner/.m2/repository/org/apache/hadoop/hadoop-kms/3.3.4/hadoop-kms-3.3.4-tests.jar:/home/runner/.m2/repository/org/apache/ozone/hdds-server-scm/1.3.0-SNAPSHOT/hdds-server-scm-1.3.0-SNAPSHOT-tests.jar:/home/runner/.m2/repository/org/apache/ozone/hdds-container-service/1.3.0-SNAPSHOT/hdds-container-service-1.3.0-SNAPSHOT-tests.jar:/home/runner/.m2/repository/commons-codec/commons-codec/1.11/commons-codec-1.11.jar:/home/runner/.m2/repository/io/netty/netty-codec/4.1.79.Final/netty-codec-4.1.79.Final.jar:/home/runner/.m2/repository/io/netty/netty-handler/4.1.79.Final/netty-handler-4.1.79.Final.jar:/home/runner/.m2/repository/org/apache/ozone/hdds-hadoop-dependency-test/1.3.0-SNAPSHOT/hdds-hadoop-dependency-test-1.3.0-SNAPSHOT.jar:/home/runner/.m2/repository/org/apache/hadoop/hadoop-common/3.3.4/hadoop-common-3.3.4-tests.jar:/home/runner/.m2/repository/org/apache/hadoop/hadoop-hdfs/3.3.4/hadoop-hdfs-3.3.4-tests.jar:/home/runner/.m2/repository/org/assertj/assertj-core/3.12.2/assertj-core-3.12.2.jar:/home/runner/.m2/repository/org/apache/hadoop/hadoop-distcp/3.3.4/hadoop-distcp-3.3.4.jar:/home/runner/.m2/repository/org/apache/hadoop/hadoop-mapreduce-client-jobclient/3.3.4/hadoop-mapreduce-client-jobclient-3.3.4.jar:/home/runner/.m2/repository/org/apache/hadoop/hadoop-mapreduce-client-common/3.3.4/hadoop-mapreduce-client-common-3.3.4.jar:/home/runner/.m2/repository/org/apache/hadoop/hadoop-yarn-common/3.3.4/hadoop-yarn-common-3.3.4.jar:/home/runner/.m2/repository/org/apache/hadoop/hadoop-yarn-api/3.3.4/hadoop-yarn-api-3.3.4.jar:/home/runner/.m2/repository/com/sun/jersey/contribs/jersey-guice/1.19/jersey-guice-1.19.jar:/home/runner/.m2/repository/com/fasterxml/jackson/jaxrs/jackson-jaxrs-json-provider/2.13.4/jackson-jaxrs-json-provider-2.13.4.jar:/home/runner/.m2/repository/com/fasterxml/jackson/jaxrs/jackson-jaxrs-base/2.13.4/jackson-jaxrs-base-2.13.4.jar:/home/runner/.m2/repository/org/apache/hadoop/hadoop-yarn-client/3.3.4/hadoop-yarn-client-3.3.4.jar:/home/runner/.m2/repository/org/eclipse/jetty/websocket/websocket-client/9.4.43.v20210629/websocket-client-9.4.43.v20210629.jar:/home/runner/.m2/repository/org/eclipse/jetty/websocket/websocket-common/9.4.43.v20210629/websocket-common-9.4.43.v20210629.jar:/home/runner/.m2/repository/org/eclipse/jetty/websocket/websocket-api/9.4.43.v20210629/websocket-api-9.4.43.v20210629.jar:/home/runner/.m2/repository/org/jline/jline/3.9.0/jline-3.9.0.jar:/home/runner/.m2/repository/org/apache/hadoop/hadoop-mapreduce-client-core/3.3.4/hadoop-mapreduce-client-core-3.3.4.jar:/home/runner/.m2/repository/org/apache/avro/avro/1.7.7/avro-1.7.7.jar:/home/runner/.m2/repository/org/codehaus/jackson/jackson-core-asl/1.9.13/jackson-core-asl-1.9.13.jar:/home/runner/.m2/repository/org/codehaus/jackson/jackson-mapper-asl/1.9.13/jackson-mapper-asl-1.9.13.jar:/home/runner/.m2/repository/com/thoughtworks/paranamer/paranamer/2.3/paranamer-2.3.jar:/home/runner/.m2/repository/org/apache/hadoop/hadoop-annotations/3.3.4/hadoop-annotations-3.3.4.jar:/usr/lib/jvm/temurin-8-jdk-amd64/jre/../lib/tools.jar:/home/runner/.m2/repository/io/netty/netty/3.10.6.Final/netty-3.10.6.Final.jar:/home/runner/.m2/repository/org/apache/hadoop/hadoop-distcp/3.3.4/hadoop-distcp-3.3.4-tests.jar:/home/runner/.m2/repository/org/slf4j/jul-to-slf4j/1.7.36/jul-to-slf4j-1.7.36.jar:/home/runner/.m2/repository/org/apache/ratis/ratis-common/2.4.0/ratis-common-2.4.0.jar:/home/runner/.m2/repository/org/apache/ratis/ratis-thirdparty-misc/1.0.2/ratis-thirdparty-misc-1.0.2.jar:/home/runner/.m2/repository/org/apache/ratis/ratis-proto/2.4.0/ratis-proto-2.4.0.jar:"/>
    <property name="sun.cpu.endian" value="little"/>
    <property name="user.home" value="/home/runner"/>
    <property name="user.language" value="en"/>
    <property name="java.specification.vendor" value="Oracle Corporation"/>
    <property name="java.home" value="/usr/lib/jvm/temurin-8-jdk-amd64/jre"/>
    <property name="java.security.krb5.conf" value="/home/runner/work/ozone/ozone/hadoop-ozone/integration-test/target/test-classes/krb5.conf"/>
    <property name="basedir" value="/home/runner/work/ozone/ozone/hadoop-ozone/integration-test"/>
    <property name="file.separator" value="/"/>
    <property name="line.separator" value="&#10;"/>
    <property name="java.vm.specification.vendor" value="Oracle Corporation"/>
    <property name="java.specification.name" value="Java Platform API Specification"/>
    <property name="java.awt.graphicsenv" value="sun.awt.X11GraphicsEnvironment"/>
    <property name="skip.installnpx" value="true"/>
    <property name="surefire.real.class.path" value="/home/runner/work/ozone/ozone/hadoop-ozone/integration-test/target/surefire/surefirebooter1749266629613131974.jar:/home/runner/.m2/repository/org/jacoco/org.jacoco.agent/0.8.5/org.jacoco.agent-0.8.5-runtime.jar"/>
    <property name="hadoop.log.dir" value="/home/runner/work/ozone/ozone/hadoop-ozone/integration-test/target/log"/>
    <property name="sun.boot.class.path" value="/usr/lib/jvm/temurin-8-jdk-amd64/jre/lib/resources.jar:/usr/lib/jvm/temurin-8-jdk-amd64/jre/lib/rt.jar:/usr/lib/jvm/temurin-8-jdk-amd64/jre/lib/sunrsasign.jar:/usr/lib/jvm/temurin-8-jdk-amd64/jre/lib/jsse.jar:/usr/lib/jvm/temurin-8-jdk-amd64/jre/lib/jce.jar:/usr/lib/jvm/temurin-8-jdk-amd64/jre/lib/charsets.jar:/usr/lib/jvm/temurin-8-jdk-amd64/jre/lib/jfr.jar:/usr/lib/jvm/temurin-8-jdk-amd64/jre/classes"/>
    <property name="sun.management.compiler" value="HotSpot 64-Bit Tiered Compilers"/>
    <property name="skip.npx" value="true"/>
    <property name="java.runtime.version" value="1.8.0_345-b01"/>
    <property name="java.net.preferIPv4Stack" value="true"/>
    <property name="user.name" value="runner"/>
    <property name="path.separator" value=":"/>
    <property name="java.security.egd" value="file:///dev/urandom"/>
    <property name="os.version" value="5.15.0-1022-azure"/>
    <property name="java.endorsed.dirs" value="/usr/lib/jvm/temurin-8-jdk-amd64/jre/lib/endorsed"/>
    <property name="java.runtime.name" value="OpenJDK Runtime Environment"/>
    <property name="file.encoding" value="UTF-8"/>
    <property name="java.vm.name" value="OpenJDK 64-Bit Server VM"/>
    <property name="test.build.webapps" value=""/>
    <property name="localRepository" value="/home/runner/.m2/repository"/>
    <property name="jetty.git.hash" value="4231a3b2e4cb8548a412a789936d640a97b1aa0a"/>
    <property name="java.vendor.url.bug" value="https://github.com/adoptium/adoptium-support/issues"/>
    <property name="java.io.tmpdir" value="/tmp"/>
    <property name="require.test.libhadoop" value=""/>
    <property name="java.version" value="1.8.0_345"/>
    <property name="user.dir" value="/home/runner/work/ozone/ozone/hadoop-ozone/integration-test"/>
    <property name="os.arch" value="amd64"/>
    <property name="java.vm.specification.name" value="Java Virtual Machine Specification"/>
    <property name="test.build.classes" value="/home/runner/work/ozone/ozone/hadoop-ozone/integration-test/target/test-classes"/>
    <property name="java.awt.printerjob" value="sun.print.PSPrinterJob"/>
    <property name="sun.os.patch.level" value="unknown"/>
    <property name="org.apache.ratis.thirdparty.io.netty.allocator.useCacheForAllThreads" value="false"/>
    <property name="hadoop.tmp.dir" value="/home/runner/work/ozone/ozone/hadoop-ozone/integration-test/target/tmp"/>
    <property name="java.library.path" value="/usr/java/packages/lib/amd64:/usr/lib64:/lib64:/lib:/usr/lib"/>
    <property name="java.vm.info" value="mixed mode"/>
    <property name="java.vendor" value="Temurin"/>
    <property name="java.vm.version" value="25.345-b01"/>
    <property name="java.ext.dirs" value="/usr/lib/jvm/temurin-8-jdk-amd64/jre/lib/ext:/usr/java/packages/lib/ext"/>
    <property name="sun.io.unicode.encoding" value="UnicodeLittle"/>
    <property name="java.class.version" value="52.0"/>
  </properties>
  <testcase name="testMultiPartCompleteUpload" classname="org.apache.hadoop.ozone.om.TestObjectStoreWithLegacyFS" time="1.087">
    <system-out><![CDATA[2022-11-15 00:58:12,105 [main] WARN  server.ServerUtils (ServerUtils.java:getScmDbDir(148)) - ozone.scm.db.dirs is not configured. We recommend adding this setting. Falling back to ozone.metadata.dirs instead.
2022-11-15 00:58:12,216 [main] WARN  server.ServerUtils (ServerUtils.java:getScmDbDir(148)) - ozone.scm.db.dirs is not configured. We recommend adding this setting. Falling back to ozone.metadata.dirs instead.
2022-11-15 00:58:12,220 [main] INFO  ha.SCMHANodeDetails (SCMHANodeDetails.java:loadSCMHAConfig(209)) - ServiceID for StorageContainerManager is null
2022-11-15 00:58:12,230 [main] WARN  ha.SCMHANodeDetails (SCMHANodeDetails.java:validateSCMHAConfig(182)) - Invalid config ozone.scm.ratis.enable. The config was not specified, but the default value true conflicts with the expected config value false. Falling back to the expected value. Current State of SCM: SCM is running in Non-HA without Ratis Ratis SCM -> Non Ratis SCM or Non HA SCM -> HA SCM is not supported
2022-11-15 00:58:12,231 [main] INFO  ha.SCMHANodeDetails (SCMHANodeDetails.java:loadSCMHAConfig(214)) - ozone.scm.default.service.id is not defined, falling back to ozone.scm.service.ids to find serviceID for StorageContainerManager if it is HA enabled cluster
2022-11-15 00:58:12,775 [main] WARN  utils.HAUtils (HAUtils.java:getMetaDir(342)) - ozone.scm.db.dirs is not configured. We recommend adding this setting. Falling back to ozone.metadata.dirs instead.
2022-11-15 00:58:12,911 [main] WARN  db.DBStoreBuilder (DBStoreBuilder.java:applyDBDefinition(144)) - ozone.scm.db.dirs is not configured. We recommend adding this setting. Falling back to ozone.metadata.dirs instead.
2022-11-15 00:58:13,165 [main] INFO  net.NodeSchemaLoader (NodeSchemaLoader.java:loadSchemaFromFile(129)) - Loading schema from [jar:file:/home/runner/.m2/repository/org/apache/ozone/hdds-common/1.3.0-SNAPSHOT/hdds-common-1.3.0-SNAPSHOT.jar!/network-topology-default.xml]
2022-11-15 00:58:13,166 [main] INFO  net.NodeSchemaLoader (NodeSchemaLoader.java:loadSchema(176)) - Loading network topology layer schema file
2022-11-15 00:58:13,209 [main] INFO  metrics.MetricRegistries (MetricRegistriesLoader.java:load(64)) - Loaded MetricRegistries class org.apache.ratis.metrics.impl.MetricRegistriesImpl
2022-11-15 00:58:13,215 [main] INFO  upgrade.AbstractLayoutVersionManager (AbstractLayoutVersionManager.java:init(83)) - Initializing Layout version manager with metadata layout = DATANODE_SCHEMA_V3 (version = 4), software layout = DATANODE_SCHEMA_V3 (version = 4)
2022-11-15 00:58:13,405 [main] INFO  reflections.Reflections (Reflections.java:scan(232)) - Reflections took 111 ms to scan 7 urls, producing 139 keys and 336 values 
2022-11-15 00:58:13,483 [main] INFO  ha.SequenceIdGenerator (SequenceIdGenerator.java:upgradeToSequenceId(349)) - upgrade localId to 109611004723200000
2022-11-15 00:58:13,484 [main] INFO  ha.SequenceIdGenerator (SequenceIdGenerator.java:upgradeToSequenceId(359)) - upgrade delTxnId to 0
2022-11-15 00:58:13,487 [main] INFO  ha.SequenceIdGenerator (SequenceIdGenerator.java:upgradeToSequenceId(376)) - upgrade containerId to 0
2022-11-15 00:58:13,489 [main] INFO  ha.SequenceIdGenerator (SequenceIdGenerator.java:<init>(220)) - Init the HA SequenceIdGenerator.
2022-11-15 00:58:13,520 [main] WARN  server.ServerUtils (ServerUtils.java:sanitizeUserArgs(73)) - ozone.scm.stale.node.interval value = 300000 is larger than max = 100000 based on the key value of ozone.scm.heartbeat.thread.interval, reset to the max value 100000.
2022-11-15 00:58:13,520 [main] WARN  server.ServerUtils (ServerUtils.java:sanitizeUserArgs(73)) - ozone.scm.stale.node.interval value = 300000 is larger than max = 100000 based on the key value of ozone.scm.heartbeat.thread.interval, reset to the max value 100000.
2022-11-15 00:58:13,525 [main] INFO  node.SCMNodeManager (SCMNodeManager.java:<init>(149)) - Entering startup safe mode.
2022-11-15 00:58:13,578 [main] INFO  algorithms.ContainerPlacementPolicyFactory (ContainerPlacementPolicyFactory.java:getPolicyInternal(86)) - Create container placement policy of type org.apache.hadoop.hdds.scm.container.placement.algorithms.SCMContainerPlacementRandom
2022-11-15 00:58:13,580 [main] INFO  algorithms.ContainerPlacementPolicyFactory (ContainerPlacementPolicyFactory.java:getPolicyInternal(86)) - Create container placement policy of type org.apache.hadoop.hdds.scm.container.placement.algorithms.SCMContainerPlacementRackScatter
2022-11-15 00:58:13,588 [main] INFO  pipeline.PipelineStateManagerImpl (PipelineStateManagerImpl.java:initialize(78)) - No pipeline exists in current db
2022-11-15 00:58:13,628 [main] INFO  algorithms.LeaderChoosePolicyFactory (LeaderChoosePolicyFactory.java:getPolicy(57)) - Create leader choose policy of type org.apache.hadoop.hdds.scm.pipeline.leader.choose.algorithms.MinLeaderCountChoosePolicy
2022-11-15 00:58:13,628 [main] INFO  algorithms.ContainerPlacementPolicyFactory (ContainerPlacementPolicyFactory.java:getPolicyInternal(86)) - Create container placement policy of type org.apache.hadoop.hdds.scm.container.placement.algorithms.SCMContainerPlacementRackScatter
2022-11-15 00:58:13,633 [main] INFO  ha.SCMServiceManager (SCMServiceManager.java:register(42)) - Registering service BackgroundPipelineCreator.
2022-11-15 00:58:13,633 [main] INFO  pipeline.BackgroundPipelineCreator (BackgroundPipelineCreator.java:start(124)) - Starting RatisPipelineUtilsThread.
2022-11-15 00:58:13,636 [main] INFO  BackgroundPipelineScrubber (BackgroundSCMService.java:start(68)) - Starting BackgroundPipelineScrubber Service.
2022-11-15 00:58:13,641 [main] INFO  ha.SCMServiceManager (SCMServiceManager.java:register(42)) - Registering service BackgroundPipelineScrubber.
2022-11-15 00:58:13,649 [main] INFO  ExpiredContainerReplicaOpScrubber (BackgroundSCMService.java:start(68)) - Starting ExpiredContainerReplicaOpScrubber Service.
2022-11-15 00:58:13,649 [main] INFO  ha.SCMServiceManager (SCMServiceManager.java:register(42)) - Registering service ExpiredContainerReplicaOpScrubber.
2022-11-15 00:58:13,684 [main] INFO  algorithms.PipelineChoosePolicyFactory (PipelineChoosePolicyFactory.java:createPipelineChoosePolicyFromClass(73)) - Create pipeline choose policy of type org.apache.hadoop.hdds.scm.pipeline.choose.algorithms.RandomPipelineChoosePolicy
2022-11-15 00:58:13,707 [main] INFO  ha.SCMServiceManager (SCMServiceManager.java:register(42)) - Registering service SCMBlockDeletingService.
2022-11-15 00:58:13,755 [main] INFO  replication.ReplicationManager (ReplicationManager.java:start(239)) - Starting Replication Monitor Thread.
2022-11-15 00:58:13,762 [main] INFO  ha.SCMServiceManager (SCMServiceManager.java:register(42)) - Registering service ReplicationManager.
2022-11-15 00:58:13,769 [ReplicationMonitor] INFO  replication.ReplicationManager (ReplicationManager.java:processAll(308)) - Replication Manager is not ready to run until 3000ms after safemode exit
2022-11-15 00:58:13,771 [main] INFO  safemode.ContainerSafeModeRule (ContainerSafeModeRule.java:<init>(89)) - containers with one replica threshold count 0
2022-11-15 00:58:13,775 [main] INFO  safemode.HealthyPipelineSafeModeRule (HealthyPipelineSafeModeRule.java:initializeRule(169)) - Total pipeline count is 0, healthy pipeline threshold count is 1
2022-11-15 00:58:13,777 [main] INFO  safemode.OneReplicaPipelineSafeModeRule (OneReplicaPipelineSafeModeRule.java:initializeRule(180)) - Total pipeline count is 0, pipeline's with at least one datanode reported threshold count is 0
2022-11-15 00:58:14,047 [main] INFO  audit.AuditLogger (AuditLogger.java:refreshDebugCmdSet(126)) - Refresh DebugCmdSet for SCMAudit to [].
2022-11-15 00:58:14,073 [main] INFO  ipc.CallQueueManager (CallQueueManager.java:<init>(90)) - Using callQueue: class java.util.concurrent.LinkedBlockingQueue, queueCapacity: 2000, scheduler: class org.apache.hadoop.ipc.DefaultRpcScheduler, ipcBackoff: false.
2022-11-15 00:58:14,105 [Socket Reader #1 for port 0] INFO  ipc.Server (Server.java:run(1273)) - Starting Socket Reader #1 for port 0
2022-11-15 00:58:14,167 [Listener at 0.0.0.0/42785] INFO  audit.AuditLogger (AuditLogger.java:refreshDebugCmdSet(126)) - Refresh DebugCmdSet for SCMAudit to [].
2022-11-15 00:58:14,173 [Listener at 0.0.0.0/42785] INFO  ipc.CallQueueManager (CallQueueManager.java:<init>(90)) - Using callQueue: class java.util.concurrent.LinkedBlockingQueue, queueCapacity: 2000, scheduler: class org.apache.hadoop.ipc.DefaultRpcScheduler, ipcBackoff: false.
2022-11-15 00:58:14,174 [Socket Reader #1 for port 0] INFO  ipc.Server (Server.java:run(1273)) - Starting Socket Reader #1 for port 0
2022-11-15 00:58:14,209 [Listener at 0.0.0.0/38497] INFO  audit.AuditLogger (AuditLogger.java:refreshDebugCmdSet(126)) - Refresh DebugCmdSet for SCMAudit to [].
2022-11-15 00:58:14,219 [Listener at 0.0.0.0/38497] INFO  ipc.CallQueueManager (CallQueueManager.java:<init>(90)) - Using callQueue: class java.util.concurrent.LinkedBlockingQueue, queueCapacity: 2000, scheduler: class org.apache.hadoop.ipc.DefaultRpcScheduler, ipcBackoff: false.
2022-11-15 00:58:14,220 [Socket Reader #1 for port 0] INFO  ipc.Server (Server.java:run(1273)) - Starting Socket Reader #1 for port 0
2022-11-15 00:58:14,274 [Listener at 0.0.0.0/45289] INFO  ha.SCMServiceManager (SCMServiceManager.java:register(42)) - Registering service ContainerBalancer.
2022-11-15 00:58:14,275 [Listener at 0.0.0.0/45289] INFO  server.StorageContainerManager (StorageContainerManager.java:<init>(416)) - 
Container Balancer status:
Key                            Value
Running                        true
Container Balancer Configuration values:
Key                                                Value
Threshold                                          10
Max Datanodes to Involve per Iteration(percent)    20
Max Size to Move per Iteration                     500GB
Max Size Entering Target per Iteration             26GB
Max Size Leaving Source per Iteration              26GB

2022-11-15 00:58:14,276 [Listener at 0.0.0.0/45289] WARN  events.EventQueue (EventQueue.java:fireEvent(216)) - No event handler registered for event TypedEvent{payloadType=SafeModeStatus, name='Safe mode status'}
2022-11-15 00:58:14,277 [Listener at 0.0.0.0/45289] INFO  ha.SCMContext (SCMContext.java:updateSafeModeStatus(228)) - Update SafeModeStatus from SafeModeStatus{safeModeStatus=true, preCheckPassed=false} to SafeModeStatus{safeModeStatus=true, preCheckPassed=false}.
2022-11-15 00:58:14,282 [Listener at 0.0.0.0/45289] INFO  server.StorageContainerManager (StorageContainerManager.java:start(1454)) - StorageContainerLocationProtocol RPC server is listening at /0.0.0.0:45289
2022-11-15 00:58:14,333 [Listener at 0.0.0.0/45289] WARN  impl.MetricsConfig (MetricsConfig.java:loadFirst(136)) - Cannot locate configuration: tried hadoop-metrics2-storagecontainermanager.properties,hadoop-metrics2.properties
2022-11-15 00:58:14,343 [Listener at 0.0.0.0/45289] INFO  impl.MetricsSystemImpl (MetricsSystemImpl.java:startTimer(378)) - Scheduled Metric snapshot period at 10 second(s).
2022-11-15 00:58:14,344 [Listener at 0.0.0.0/45289] INFO  impl.MetricsSystemImpl (MetricsSystemImpl.java:start(191)) - StorageContainerManager metrics system started
2022-11-15 00:58:14,626 [Listener at 0.0.0.0/45289] INFO  server.SCMClientProtocolServer (SCMClientProtocolServer.java:start(170)) - RPC server for Client  is listening at /0.0.0.0:45289
2022-11-15 00:58:14,626 [IPC Server Responder] INFO  ipc.Server (Server.java:run(1512)) - IPC Server Responder: starting
2022-11-15 00:58:14,627 [IPC Server listener on 0] INFO  ipc.Server (Server.java:run(1352)) - IPC Server listener on 0: starting
2022-11-15 00:58:14,630 [Listener at 0.0.0.0/45289] INFO  server.StorageContainerManager (StorageContainerManager.java:start(1469)) - ScmBlockLocationProtocol RPC server is listening at /0.0.0.0:38497
2022-11-15 00:58:14,630 [Listener at 0.0.0.0/45289] INFO  server.SCMBlockProtocolServer (SCMBlockProtocolServer.java:start(152)) - RPC server for Block Protocol is listening at /0.0.0.0:38497
2022-11-15 00:58:14,631 [IPC Server Responder] INFO  ipc.Server (Server.java:run(1512)) - IPC Server Responder: starting
2022-11-15 00:58:14,631 [IPC Server listener on 0] INFO  ipc.Server (Server.java:run(1352)) - IPC Server listener on 0: starting
2022-11-15 00:58:14,633 [Listener at 0.0.0.0/45289] INFO  server.SCMDatanodeProtocolServer (SCMDatanodeProtocolServer.java:start(186)) - ScmDatanodeProtocol RPC server for DataNodes is listening at /0.0.0.0:42785
2022-11-15 00:58:14,634 [IPC Server Responder] INFO  ipc.Server (Server.java:run(1512)) - IPC Server Responder: starting
2022-11-15 00:58:14,634 [IPC Server listener on 0] INFO  ipc.Server (Server.java:run(1352)) - IPC Server listener on 0: starting
2022-11-15 00:58:14,649 [org.apache.hadoop.util.JvmPauseMonitor$Monitor@1885905b] INFO  util.JvmPauseMonitor (JvmPauseMonitor.java:run(188)) - Starting JVM pause monitor
2022-11-15 00:58:14,662 [Listener at 0.0.0.0/45289] INFO  http.BaseHttpServer (BaseHttpServer.java:newHttpServer2BuilderForOzone(213)) - Starting Web-server for scm at: http://0.0.0.0:0
2022-11-15 00:58:14,662 [Listener at 0.0.0.0/45289] INFO  http.BaseHttpServer (BaseHttpServer.java:<init>(108)) - Hadoop Security Enabled: false Ozone Security Enabled: false Ozone HTTP Security Enabled: false 
2022-11-15 00:58:14,685 [Listener at 0.0.0.0/45289] INFO  util.log (Log.java:initialized(170)) - Logging initialized @3815ms to org.eclipse.jetty.util.log.Slf4jLog
2022-11-15 00:58:14,771 [Listener at 0.0.0.0/45289] WARN  server.AuthenticationFilter (AuthenticationFilter.java:constructSecretProvider(240)) - Unable to initialize FileSignerSecretProvider, falling back to use random secrets. Reason: Could not read signature secret file: /home/runner/hadoop-http-auth-signature-secret
2022-11-15 00:58:14,777 [Listener at 0.0.0.0/45289] WARN  http.HttpRequestLog (HttpRequestLog.java:getRequestLog(103)) - Jetty request log can only be enabled using Log4j
2022-11-15 00:58:14,782 [Listener at 0.0.0.0/45289] INFO  http.HttpServer2 (HttpServer2.java:addGlobalFilter(1031)) - Added global filter 'safety' (class=org.apache.hadoop.hdds.server.http.HttpServer2$QuotingInputFilter)
2022-11-15 00:58:14,784 [Listener at 0.0.0.0/45289] INFO  http.HttpServer2 (HttpServer2.java:addFilter(1007)) - Added filter static_user_filter (class=org.apache.hadoop.http.lib.StaticUserWebFilter$StaticUserFilter) to context scm
2022-11-15 00:58:14,785 [Listener at 0.0.0.0/45289] INFO  http.HttpServer2 (HttpServer2.java:addFilter(1015)) - Added filter static_user_filter (class=org.apache.hadoop.http.lib.StaticUserWebFilter$StaticUserFilter) to context logs
2022-11-15 00:58:14,785 [Listener at 0.0.0.0/45289] INFO  http.HttpServer2 (HttpServer2.java:addFilter(1015)) - Added filter static_user_filter (class=org.apache.hadoop.http.lib.StaticUserWebFilter$StaticUserFilter) to context static
2022-11-15 00:58:14,821 [Listener at 0.0.0.0/45289] INFO  http.HttpServer2 (HttpServer2.java:bindListener(1250)) - Jetty bound to port 35001
2022-11-15 00:58:14,822 [Listener at 0.0.0.0/45289] INFO  server.Server (Server.java:doStart(375)) - jetty-9.4.49.v20220914; built: 2022-09-14T01:07:36.601Z; git: 4231a3b2e4cb8548a412a789936d640a97b1aa0a; jvm 1.8.0_345-b01
2022-11-15 00:58:14,871 [Listener at 0.0.0.0/45289] INFO  server.session (DefaultSessionIdManager.java:doStart(334)) - DefaultSessionIdManager workerName=node0
2022-11-15 00:58:14,872 [Listener at 0.0.0.0/45289] INFO  server.session (DefaultSessionIdManager.java:doStart(339)) - No SessionScavenger set, using defaults
2022-11-15 00:58:14,873 [Listener at 0.0.0.0/45289] INFO  server.session (HouseKeeper.java:startScavenging(132)) - node0 Scavenging every 600000ms
2022-11-15 00:58:14,887 [Listener at 0.0.0.0/45289] INFO  handler.ContextHandler (ContextHandler.java:doStart(921)) - Started o.e.j.s.ServletContextHandler@6a6e410c{logs,/logs,file:///home/runner/work/ozone/ozone/hadoop-ozone/integration-test/target/log,AVAILABLE}
2022-11-15 00:58:14,887 [Listener at 0.0.0.0/45289] INFO  handler.ContextHandler (ContextHandler.java:doStart(921)) - Started o.e.j.s.ServletContextHandler@cc91fe3{static,/static,file:///home/runner/work/ozone/ozone/hadoop-ozone/integration-test/target/test-classes/webapps/static,AVAILABLE}
2022-11-15 00:58:14,928 [Listener at 0.0.0.0/45289] INFO  handler.ContextHandler (ContextHandler.java:doStart(921)) - Started o.e.j.w.WebAppContext@5f01361e{scm,/,file:///home/runner/work/ozone/ozone/hadoop-ozone/integration-test/target/test-classes/webapps/scm/,AVAILABLE}{file:/home/runner/work/ozone/ozone/hadoop-ozone/integration-test/target/test-classes/webapps/scm}
2022-11-15 00:58:14,937 [Listener at 0.0.0.0/45289] INFO  server.AbstractConnector (AbstractConnector.java:doStart(333)) - Started ServerConnector@279ebd94{HTTP/1.1, (http/1.1)}{0.0.0.0:35001}
2022-11-15 00:58:14,937 [Listener at 0.0.0.0/45289] INFO  server.Server (Server.java:doStart(415)) - Started @4067ms
2022-11-15 00:58:14,941 [Listener at 0.0.0.0/45289] INFO  impl.MetricsSinkAdapter (MetricsSinkAdapter.java:start(204)) - Sink prometheus started
2022-11-15 00:58:14,941 [Listener at 0.0.0.0/45289] INFO  impl.MetricsSystemImpl (MetricsSystemImpl.java:registerSink(305)) - Registered sink prometheus
2022-11-15 00:58:14,942 [Listener at 0.0.0.0/45289] INFO  http.BaseHttpServer (BaseHttpServer.java:updateConnectorAddress(333)) - HTTP server of scm listening at http://0.0.0.0:35001
2022-11-15 00:58:14,944 [Listener at 0.0.0.0/45289] WARN  server.ServerUtils (ServerUtils.java:getDBPath(225)) - ozone.om.db.dirs is not configured. We recommend adding this setting. Falling back to ozone.metadata.dirs instead.
2022-11-15 00:58:14,997 [Listener at 0.0.0.0/45289] INFO  audit.AuditLogger (AuditLogger.java:refreshDebugCmdSet(126)) - Refresh DebugCmdSet for OMAudit to [].
2022-11-15 00:58:15,090 [Listener at 0.0.0.0/45289] INFO  ha.OMHANodeDetails (OMHANodeDetails.java:loadOMHAConfig(115)) - ozone.om.internal.service.id is not defined, falling back to ozone.om.service.ids to find serviceID for OzoneManager if it is HA enabled cluster
2022-11-15 00:58:15,093 [Listener at 0.0.0.0/45289] INFO  ha.OMHANodeDetails (OMHANodeDetails.java:loadOMHAConfig(226)) - Configuration does not have ozone.om.address set. Falling back to the default OM address /127.0.0.1:0
2022-11-15 00:58:15,093 [Listener at 0.0.0.0/45289] INFO  ha.OMHANodeDetails (OMHANodeDetails.java:getOMNodeDetailsForNonHA(254)) - OM Service ID is not set. Setting it to the default ID: omServiceIdDefault
2022-11-15 00:58:15,093 [Listener at 0.0.0.0/45289] INFO  ha.OMHANodeDetails (OMHANodeDetails.java:getOMNodeDetailsForNonHA(261)) - OM Node ID is not set. Setting it to the default ID: om1
2022-11-15 00:58:15,096 [Listener at 0.0.0.0/45289] WARN  server.ServerUtils (ServerUtils.java:getDBPath(225)) - ozone.om.db.dirs is not configured. We recommend adding this setting. Falling back to ozone.metadata.dirs instead.
2022-11-15 00:58:15,098 [Listener at 0.0.0.0/45289] INFO  upgrade.AbstractLayoutVersionManager (AbstractLayoutVersionManager.java:init(83)) - Initializing Layout version manager with metadata layout = MULTITENANCY_SCHEMA (version = 3), software layout = MULTITENANCY_SCHEMA (version = 3)
2022-11-15 00:58:15,189 [Listener at 0.0.0.0/45289] INFO  reflections.Reflections (Reflections.java:scan(232)) - Reflections took 87 ms to scan 2 urls, producing 154 keys and 428 values [using 2 cores]
2022-11-15 00:58:15,193 [Listener at 0.0.0.0/45289] INFO  upgrade.OMLayoutVersionManager (OMLayoutVersionManager.java:lambda$0(115)) - Skipping Upgrade Action MockOmUpgradeAction since it has been finalized.
2022-11-15 00:58:15,194 [Listener at 0.0.0.0/45289] WARN  server.ServerUtils (ServerUtils.java:getDBPath(225)) - ozone.om.db.dirs is not configured. We recommend adding this setting. Falling back to ozone.metadata.dirs instead.
2022-11-15 00:58:15,335 [Listener at 0.0.0.0/45289] INFO  proxy.SCMBlockLocationFailoverProxyProvider (SCMBlockLocationFailoverProxyProvider.java:<init>(114)) - Created block location fail-over proxy with 1 nodes: [nodeId=scmNodeId,nodeAddress=/0.0.0.0:38497]
2022-11-15 00:58:15,367 [Listener at 0.0.0.0/45289] INFO  proxy.SCMBlockLocationFailoverProxyProvider (SCMBlockLocationFailoverProxyProvider.java:<init>(114)) - Created block location fail-over proxy with 1 nodes: [nodeId=scmNodeId,nodeAddress=/0.0.0.0:38497]
2022-11-15 00:58:15,541 [Listener at 0.0.0.0/45289] WARN  server.ServerUtils (ServerUtils.java:getDBPath(225)) - ozone.om.db.dirs is not configured. We recommend adding this setting. Falling back to ozone.metadata.dirs instead.
2022-11-15 00:58:15,546 [Listener at 0.0.0.0/45289] INFO  codec.OmKeyInfoCodec (OmKeyInfoCodec.java:<init>(49)) - OmKeyInfoCodec ignorePipeline = true
2022-11-15 00:58:15,547 [Listener at 0.0.0.0/45289] INFO  codec.RepeatedOmKeyInfoCodec (RepeatedOmKeyInfoCodec.java:<init>(41)) - RepeatedOmKeyInfoCodec ignorePipeline = true
2022-11-15 00:58:15,700 [Listener at 0.0.0.0/45289] INFO  om.OzoneManager (OzoneManager.java:instantiateServices(715)) - S3 Multi-Tenancy is disabled
2022-11-15 00:58:15,803 [Listener at 0.0.0.0/45289] INFO  om.OzoneManager (OzoneManager.java:addS3GVolumeToDB(4394)) - Created Volume s3v With Owner runner required for S3Gateway operations.
2022-11-15 00:58:15,855 [Listener at 0.0.0.0/45289] WARN  server.ServerUtils (ServerUtils.java:getDefaultRatisDirectory(237)) - Storage directory for Ratis is not configured. It is a good idea to map this to an SSD disk. Falling back to ozone.metadata.dirs
2022-11-15 00:58:15,857 [Listener at 0.0.0.0/45289] WARN  utils.OzoneManagerRatisUtils (OzoneManagerRatisUtils.java:getOMRatisSnapshotDirectory(434)) - ozone.om.ratis.snapshot.dir is not configured. Falling back to ozone.metadata.dirs config
2022-11-15 00:58:15,876 [Listener at 0.0.0.0/45289] WARN  server.ServerUtils (ServerUtils.java:getDefaultRatisDirectory(237)) - Storage directory for Ratis is not configured. It is a good idea to map this to an SSD disk. Falling back to ozone.metadata.dirs
2022-11-15 00:58:15,905 [Listener at 0.0.0.0/45289] INFO  ratis.OzoneManagerRatisServer (OzoneManagerRatisServer.java:<init>(160)) - Instantiating OM Ratis server with groupID: omServiceIdDefault and peers: localhost:9872
2022-11-15 00:58:15,913 [Listener at 0.0.0.0/45289] INFO  ratis.OzoneManagerStateMachine (OzoneManagerStateMachine.java:loadSnapshotInfoFromDB(636)) - LastAppliedIndex is set from TransactionInfo from OM DB as (t:0, i:~)
2022-11-15 00:58:15,964 [Listener at 0.0.0.0/45289] INFO  server.RaftServer (ConfUtils.java:logGet(46)) - raft.rpc.type = GRPC (default)
2022-11-15 00:58:16,047 [Listener at 0.0.0.0/45289] INFO  grpc.GrpcConfigKeys (ConfUtils.java:logFallback(53)) - raft.grpc.admin.host = null (fallback to raft.grpc.server.host)
2022-11-15 00:58:16,049 [Listener at 0.0.0.0/45289] INFO  grpc.GrpcConfigKeys (ConfUtils.java:logFallback(53)) - raft.grpc.admin.port = 9872 (fallback to raft.grpc.server.port)
2022-11-15 00:58:16,049 [Listener at 0.0.0.0/45289] INFO  grpc.GrpcConfigKeys (ConfUtils.java:logFallback(53)) - raft.grpc.client.host = null (fallback to raft.grpc.server.host)
2022-11-15 00:58:16,050 [Listener at 0.0.0.0/45289] INFO  grpc.GrpcConfigKeys (ConfUtils.java:logFallback(53)) - raft.grpc.client.port = 9872 (fallback to raft.grpc.server.port)
2022-11-15 00:58:16,051 [Listener at 0.0.0.0/45289] INFO  grpc.GrpcConfigKeys (ConfUtils.java:logGet(46)) - raft.grpc.server.host = null (default)
2022-11-15 00:58:16,051 [Listener at 0.0.0.0/45289] INFO  grpc.GrpcConfigKeys (ConfUtils.java:logGet(46)) - raft.grpc.server.port = 9872 (custom)
2022-11-15 00:58:16,052 [Listener at 0.0.0.0/45289] INFO  server.GrpcService (ConfUtils.java:logGet(46)) - raft.grpc.message.size.max = 33554432 (custom)
2022-11-15 00:58:16,053 [Listener at 0.0.0.0/45289] INFO  server.RaftServerConfigKeys (ConfUtils.java:logGet(46)) - raft.server.log.appender.buffer.byte-limit = 33554432 (custom)
2022-11-15 00:58:16,054 [Listener at 0.0.0.0/45289] INFO  server.GrpcService (ConfUtils.java:logGet(46)) - raft.grpc.flow.control.window = 1MB (=1048576) (default)
2022-11-15 00:58:16,054 [Listener at 0.0.0.0/45289] INFO  server.RaftServerConfigKeys (ConfUtils.java:logGet(46)) - raft.server.rpc.request.timeout = 3000ms (default)
2022-11-15 00:58:16,068 [Listener at 0.0.0.0/45289] INFO  grpc.GrpcConfigKeys (ConfUtils.java:logGet(46)) - raft.grpc.server.heartbeat.channel = true (default)
2022-11-15 00:58:16,074 [Listener at 0.0.0.0/45289] INFO  grpc.GrpcConfigKeys (ConfUtils.java:logGet(46)) - raft.grpc.server.async.request.thread.pool.cached = true (default)
2022-11-15 00:58:16,075 [Listener at 0.0.0.0/45289] INFO  grpc.GrpcConfigKeys (ConfUtils.java:logGet(46)) - raft.grpc.server.async.request.thread.pool.size = 32 (default)
2022-11-15 00:58:16,339 [Listener at 0.0.0.0/45289] INFO  impl.DataStreamServerImpl (ConfUtils.java:logGet(46)) - raft.datastream.type = DISABLED (default)
2022-11-15 00:58:16,344 [Listener at 0.0.0.0/45289] INFO  server.RaftServerConfigKeys (ConfUtils.java:logGet(46)) - raft.server.threadpool.proxy.cached = true (default)
2022-11-15 00:58:16,345 [Listener at 0.0.0.0/45289] INFO  server.RaftServerConfigKeys (ConfUtils.java:logGet(46)) - raft.server.threadpool.proxy.size = 0 (default)
2022-11-15 00:58:16,347 [Listener at 0.0.0.0/45289] INFO  server.RaftServerConfigKeys (ConfUtils.java:logGet(46)) - raft.server.rpc.slowness.timeout = 120s (custom)
2022-11-15 00:58:16,348 [Listener at 0.0.0.0/45289] INFO  server.RaftServerConfigKeys (ConfUtils.java:logGet(46)) - raft.server.leaderelection.leader.step-down.wait-time = 10s (default)
2022-11-15 00:58:16,351 [Listener at 0.0.0.0/45289] INFO  server.RaftServerConfigKeys (ConfUtils.java:logGet(46)) - raft.server.storage.dir = [/home/runner/work/ozone/ozone/hadoop-ozone/integration-test/target/test-dir/MiniOzoneClusterImpl-967df050-5cad-43ef-a6d1-66aedb0492a1/ozone-meta/ratis] (custom)
2022-11-15 00:58:16,357 [Listener at 0.0.0.0/45289] INFO  server.RaftServer (RaftServerProxy.java:addNew(96)) - om1: addNew group-C5BA1605619E:[om1|rpc:localhost:9872|priority:0|startupRole:FOLLOWER] returns group-C5BA1605619E:java.util.concurrent.CompletableFuture@37a1ac0[Not completed]
2022-11-15 00:58:16,358 [Listener at 0.0.0.0/45289] INFO  om.OzoneManager (OzoneManager.java:initializeRatisServer(1977)) - OzoneManager Ratis server initialized at port 9872
2022-11-15 00:58:16,382 [pool-55-thread-1] INFO  server.RaftServer$Division (RaftServerImpl.java:<init>(195)) - om1: new RaftServerImpl for group-C5BA1605619E:[om1|rpc:localhost:9872|priority:0|startupRole:FOLLOWER] with OzoneManagerStateMachine:uninitialized
2022-11-15 00:58:16,385 [Listener at 0.0.0.0/45289] INFO  om.OzoneManager (OzoneManager.java:getRpcServer(1104)) - Creating RPC Server
2022-11-15 00:58:16,384 [pool-55-thread-1] INFO  server.RaftServerConfigKeys (ConfUtils.java:logGet(46)) - raft.server.rpc.timeout.min = 1s (custom)
2022-11-15 00:58:16,386 [pool-55-thread-1] INFO  server.RaftServerConfigKeys (ConfUtils.java:logGet(46)) - raft.server.rpc.timeout.max = 1200ms (custom)
2022-11-15 00:58:16,386 [pool-55-thread-1] INFO  server.RaftServerConfigKeys (ConfUtils.java:logGet(46)) - raft.server.rpc.sleep.time = 25ms (default)
2022-11-15 00:58:16,386 [pool-55-thread-1] INFO  server.RaftServerConfigKeys (ConfUtils.java:logGet(46)) - raft.server.rpc.slowness.timeout = 120s (custom)
2022-11-15 00:58:16,386 [pool-55-thread-1] INFO  server.RaftServerConfigKeys (ConfUtils.java:logGet(46)) - raft.server.leaderelection.leader.step-down.wait-time = 10s (default)
2022-11-15 00:58:16,386 [pool-55-thread-1] INFO  server.RaftServerConfigKeys (ConfUtils.java:logGet(46)) - raft.server.sleep.deviation.threshold = 300ms (default)
2022-11-15 00:58:16,402 [pool-55-thread-1] INFO  server.RaftServer$Division (ServerState.java:<init>(118)) - om1@group-C5BA1605619E: ConfigurationManager, init=-1: peers:[om1|rpc:localhost:9872|priority:0|startupRole:FOLLOWER]|listeners:[], old=null, confs=<EMPTY_MAP>
2022-11-15 00:58:16,402 [pool-55-thread-1] INFO  server.RaftServerConfigKeys (ConfUtils.java:logGet(46)) - raft.server.storage.dir = [/home/runner/work/ozone/ozone/hadoop-ozone/integration-test/target/test-dir/MiniOzoneClusterImpl-967df050-5cad-43ef-a6d1-66aedb0492a1/ozone-meta/ratis] (custom)
2022-11-15 00:58:16,413 [pool-55-thread-1] INFO  server.RaftServerConfigKeys (ConfUtils.java:logGet(46)) - raft.server.log.corruption.policy = EXCEPTION (default)
2022-11-15 00:58:16,413 [pool-55-thread-1] INFO  server.RaftServerConfigKeys (ConfUtils.java:logGet(46)) - raft.server.storage.free-space.min = 0MB (=0) (default)
2022-11-15 00:58:16,425 [pool-55-thread-1] INFO  server.RaftServerConfigKeys (ConfUtils.java:logGet(46)) - raft.server.notification.no-leader.timeout = 120s (custom)
2022-11-15 00:58:16,431 [pool-55-thread-1] INFO  server.RaftServerConfigKeys (ConfUtils.java:logGet(46)) - raft.server.retrycache.expirytime = 300s (custom)
2022-11-15 00:58:16,431 [pool-55-thread-1] INFO  server.RaftServerConfigKeys (ConfUtils.java:logGet(46)) - raft.server.retrycache.statistics.expirytime = 100μs (default)
2022-11-15 00:58:16,602 [pool-55-thread-1] INFO  server.RaftServerConfigKeys (ConfUtils.java:logGet(46)) - raft.server.log.appender.install.snapshot.enabled = false (custom)
2022-11-15 00:58:16,603 [pool-55-thread-1] INFO  server.RaftServerConfigKeys (ConfUtils.java:logGet(46)) - raft.server.threadpool.server.cached = true (default)
2022-11-15 00:58:16,603 [pool-55-thread-1] INFO  server.RaftServerConfigKeys (ConfUtils.java:logGet(46)) - raft.server.threadpool.server.size = 0 (default)
2022-11-15 00:58:16,603 [pool-55-thread-1] INFO  server.RaftServerConfigKeys (ConfUtils.java:logGet(46)) - raft.server.threadpool.client.cached = true (default)
2022-11-15 00:58:16,603 [pool-55-thread-1] INFO  server.RaftServerConfigKeys (ConfUtils.java:logGet(46)) - raft.server.threadpool.client.size = 0 (default)
2022-11-15 00:58:17,053 [Listener at 0.0.0.0/45289] INFO  reflections.Reflections (Reflections.java:scan(232)) - Reflections took 616 ms to scan 19 urls, producing 67 keys and 4329 values [using 2 cores]
2022-11-15 00:58:17,226 [Listener at 0.0.0.0/45289] INFO  ipc.CallQueueManager (CallQueueManager.java:<init>(90)) - Using callQueue: class java.util.concurrent.LinkedBlockingQueue, queueCapacity: 2000, scheduler: class org.apache.hadoop.ipc.DefaultRpcScheduler, ipcBackoff: false.
2022-11-15 00:58:17,226 [Socket Reader #1 for port 0] INFO  ipc.Server (Server.java:run(1273)) - Starting Socket Reader #1 for port 0
2022-11-15 00:58:17,269 [Listener at 127.0.0.1/34689] INFO  impl.MetricsSystemImpl (MetricsSystemImpl.java:init(158)) - OzoneManager metrics system started (again)
2022-11-15 00:58:17,283 [Listener at 127.0.0.1/34689] INFO  om.OzoneManager (OzoneManager.java:start(1484)) - OzoneManager RPC server is listening at localhost/127.0.0.1:34689
2022-11-15 00:58:17,283 [Listener at 127.0.0.1/34689] INFO  ratis.OzoneManagerRatisServer (OzoneManagerRatisServer.java:start(555)) - Starting OzoneManagerRatisServer om1 at port 9872
2022-11-15 00:58:17,287 [om1-impl-thread1] INFO  storage.RaftStorageDirectory (RaftStorageDirectoryImpl.java:analyzeStorage(137)) - The storage directory /home/runner/work/ozone/ozone/hadoop-ozone/integration-test/target/test-dir/MiniOzoneClusterImpl-967df050-5cad-43ef-a6d1-66aedb0492a1/ozone-meta/ratis/bf265839-605b-3f16-9796-c5ba1605619e does not exist. Creating ...
2022-11-15 00:58:17,290 [om1-impl-thread1] INFO  storage.RaftStorageDirectory (RaftStorageDirectoryImpl.java:tryLock(231)) - Lock on /home/runner/work/ozone/ozone/hadoop-ozone/integration-test/target/test-dir/MiniOzoneClusterImpl-967df050-5cad-43ef-a6d1-66aedb0492a1/ozone-meta/ratis/bf265839-605b-3f16-9796-c5ba1605619e/in_use.lock acquired by nodename 5041@fv-az296-38
2022-11-15 00:58:17,296 [om1-impl-thread1] INFO  storage.RaftStorage (RaftStorageImpl.java:format(96)) - Storage directory /home/runner/work/ozone/ozone/hadoop-ozone/integration-test/target/test-dir/MiniOzoneClusterImpl-967df050-5cad-43ef-a6d1-66aedb0492a1/ozone-meta/ratis/bf265839-605b-3f16-9796-c5ba1605619e has been successfully formatted.
2022-11-15 00:58:17,298 [om1-impl-thread1] INFO  server.RaftServerConfigKeys (ConfUtils.java:logGet(46)) - raft.server.log.use.memory = false (default)
2022-11-15 00:58:17,304 [om1-impl-thread1] INFO  server.RaftServerConfigKeys (ConfUtils.java:logGet(46)) - raft.server.log.purge.gap = 1000000 (custom)
2022-11-15 00:58:17,305 [om1-impl-thread1] INFO  server.RaftServerConfigKeys (ConfUtils.java:logGet(46)) - raft.server.log.appender.buffer.byte-limit = 33554432 (custom)
2022-11-15 00:58:17,307 [om1-impl-thread1] INFO  server.RaftServerConfigKeys (ConfUtils.java:logGet(46)) - raft.server.log.statemachine.data.read.timeout = 1000ms (default)
2022-11-15 00:58:17,308 [om1-impl-thread1] INFO  server.RaftServerConfigKeys (ConfUtils.java:logGet(46)) - raft.server.log.purge.preservation.log.num = 0 (default)
2022-11-15 00:58:17,311 [om1-impl-thread1] INFO  server.RaftServerConfigKeys (ConfUtils.java:logGet(46)) - raft.server.log.segment.size.max = 4194304 (custom)
2022-11-15 00:58:17,317 [om1-impl-thread1] INFO  server.RaftServerConfigKeys (ConfUtils.java:logGet(46)) - raft.server.log.segment.cache.num.max = 2 (custom)
2022-11-15 00:58:17,320 [om1-impl-thread1] INFO  server.RaftServerConfigKeys (ConfUtils.java:logGet(46)) - raft.server.log.segment.cache.size.max = 200MB (=209715200) (default)
2022-11-15 00:58:17,327 [om1-impl-thread1] INFO  segmented.SegmentedRaftLogWorker (SegmentedRaftLogWorker.java:<init>(191)) - new om1@group-C5BA1605619E-SegmentedRaftLogWorker for RaftStorageImpl:Storage Directory /home/runner/work/ozone/ozone/hadoop-ozone/integration-test/target/test-dir/MiniOzoneClusterImpl-967df050-5cad-43ef-a6d1-66aedb0492a1/ozone-meta/ratis/bf265839-605b-3f16-9796-c5ba1605619e
2022-11-15 00:58:17,327 [om1-impl-thread1] INFO  server.RaftServerConfigKeys (ConfUtils.java:logGet(46)) - raft.server.log.queue.byte-limit = 64MB (=67108864) (default)
2022-11-15 00:58:17,327 [om1-impl-thread1] INFO  server.RaftServerConfigKeys (ConfUtils.java:logGet(46)) - raft.server.log.queue.element-limit = 4096 (default)
2022-11-15 00:58:17,328 [om1-impl-thread1] INFO  server.RaftServerConfigKeys (ConfUtils.java:logGet(46)) - raft.server.log.segment.size.max = 4194304 (custom)
2022-11-15 00:58:17,329 [om1-impl-thread1] INFO  server.RaftServerConfigKeys (ConfUtils.java:logGet(46)) - raft.server.log.preallocated.size = 4194304 (custom)
2022-11-15 00:58:17,329 [om1-impl-thread1] INFO  server.RaftServerConfigKeys (ConfUtils.java:logGet(46)) - raft.server.log.force.sync.num = 128 (default)
2022-11-15 00:58:17,330 [om1-impl-thread1] INFO  server.RaftServerConfigKeys (ConfUtils.java:logGet(46)) - raft.server.log.statemachine.data.sync = true (default)
2022-11-15 00:58:17,330 [om1-impl-thread1] INFO  server.RaftServerConfigKeys (ConfUtils.java:logGet(46)) - raft.server.log.statemachine.data.sync.timeout = 10s (default)
2022-11-15 00:58:17,330 [om1-impl-thread1] INFO  server.RaftServerConfigKeys (ConfUtils.java:logGet(46)) - raft.server.log.statemachine.data.sync.timeout.retry = -1 (default)
2022-11-15 00:58:17,452 [om1-impl-thread1] INFO  server.RaftServerConfigKeys (ConfUtils.java:logGet(46)) - raft.server.log.write.buffer.size = 64KB (=65536) (default)
2022-11-15 00:58:17,452 [om1-impl-thread1] INFO  server.RaftServerConfigKeys (ConfUtils.java:logGet(46)) - raft.server.log.unsafe-flush.enabled = false (default)
2022-11-15 00:58:17,453 [om1-impl-thread1] INFO  server.RaftServerConfigKeys (ConfUtils.java:logGet(46)) - raft.server.log.async-flush.enabled = false (default)
2022-11-15 00:58:17,453 [om1-impl-thread1] INFO  server.RaftServerConfigKeys (ConfUtils.java:logGet(46)) - raft.server.log.statemachine.data.caching.enabled = false (default)
2022-11-15 00:58:17,459 [om1-impl-thread1] INFO  segmented.SegmentedRaftLogWorker (SegmentedRaftLogWorker.java:lambda$new$0(136)) - om1@group-C5BA1605619E-SegmentedRaftLogWorker: flushIndex: setUnconditionally 0 -> -1
2022-11-15 00:58:17,459 [om1-impl-thread1] INFO  segmented.SegmentedRaftLogWorker (SegmentedRaftLogWorker.java:lambda$new$0(136)) - om1@group-C5BA1605619E-SegmentedRaftLogWorker: safeCacheEvictIndex: setUnconditionally 0 -> -1
2022-11-15 00:58:17,460 [om1-impl-thread1] INFO  server.RaftServer$Division (RaftServerImpl.java:start(334)) - om1@group-C5BA1605619E: start as a follower, conf=-1: peers:[om1|rpc:localhost:9872|priority:0|startupRole:FOLLOWER]|listeners:[], old=null
2022-11-15 00:58:17,465 [om1-impl-thread1] INFO  server.RaftServer$Division (RaftServerImpl.java:setRole(321)) - om1@group-C5BA1605619E: changes role from      null to FOLLOWER at term 0 for startAsFollower
2022-11-15 00:58:17,466 [om1-impl-thread1] INFO  impl.RoleInfo (RoleInfo.java:updateAndGet(139)) - om1: start om1@group-C5BA1605619E-FollowerState
2022-11-15 00:58:17,467 [om1-impl-thread1] INFO  util.JmxRegister (JmxRegister.java:tryRegister(44)) - Successfully registered JMX Bean with object name Ratis:service=RaftServer,group=group-C5BA1605619E,id=om1
2022-11-15 00:58:17,469 [om1-impl-thread1] INFO  server.RaftServerConfigKeys (ConfUtils.java:logGet(46)) - raft.server.snapshot.auto.trigger.enabled = true (custom)
2022-11-15 00:58:17,469 [om1-impl-thread1] INFO  server.RaftServerConfigKeys (ConfUtils.java:logGet(46)) - raft.server.snapshot.auto.trigger.threshold = 400000 (default)
2022-11-15 00:58:17,469 [om1-impl-thread1] INFO  server.RaftServerConfigKeys (ConfUtils.java:logGet(46)) - raft.server.snapshot.retention.file.num = -1 (default)
2022-11-15 00:58:17,470 [om1-impl-thread1] INFO  server.RaftServerConfigKeys (ConfUtils.java:logGet(46)) - raft.server.log.purge.upto.snapshot.index = true (custom)
2022-11-15 00:58:17,472 [om1@group-C5BA1605619E-FollowerState] INFO  server.RaftServerConfigKeys (ConfUtils.java:logFallback(53)) - raft.server.rpc.first-election.timeout.min = 1s (fallback to raft.server.rpc.timeout.min)
2022-11-15 00:58:17,473 [om1@group-C5BA1605619E-FollowerState] INFO  server.RaftServerConfigKeys (ConfUtils.java:logFallback(53)) - raft.server.rpc.first-election.timeout.max = 1200ms (fallback to raft.server.rpc.timeout.max)
2022-11-15 00:58:17,474 [Listener at 127.0.0.1/34689] INFO  server.RaftServer (RaftServerProxy.java:startImpl(393)) - om1: start RPC server
2022-11-15 00:58:17,532 [Listener at 127.0.0.1/34689] INFO  server.GrpcService (GrpcService.java:startImpl(270)) - om1: GrpcService started, listening on 9872
2022-11-15 00:58:17,537 [Listener at 127.0.0.1/34689] INFO  om.OzoneManager (OzoneManager.java:start(1500)) - Version File has different layout version (3) than OM DB (null). That is expected if this OM has never been finalized to a newer layout version.
2022-11-15 00:58:17,539 [JvmPauseMonitor0] INFO  util.JvmPauseMonitor (JvmPauseMonitor.java:run(105)) - JvmPauseMonitor-om1: Started
2022-11-15 00:58:17,568 [Listener at 127.0.0.1/34689] INFO  http.BaseHttpServer (BaseHttpServer.java:newHttpServer2BuilderForOzone(213)) - Starting Web-server for ozoneManager at: http://0.0.0.0:0
2022-11-15 00:58:17,568 [Listener at 127.0.0.1/34689] INFO  http.BaseHttpServer (BaseHttpServer.java:<init>(108)) - Hadoop Security Enabled: false Ozone Security Enabled: false Ozone HTTP Security Enabled: false 
2022-11-15 00:58:17,570 [Listener at 127.0.0.1/34689] WARN  server.AuthenticationFilter (AuthenticationFilter.java:constructSecretProvider(240)) - Unable to initialize FileSignerSecretProvider, falling back to use random secrets. Reason: Could not read signature secret file: /home/runner/hadoop-http-auth-signature-secret
2022-11-15 00:58:17,573 [Listener at 127.0.0.1/34689] WARN  http.HttpRequestLog (HttpRequestLog.java:getRequestLog(103)) - Jetty request log can only be enabled using Log4j
2022-11-15 00:58:17,575 [Listener at 127.0.0.1/34689] INFO  http.HttpServer2 (HttpServer2.java:addGlobalFilter(1031)) - Added global filter 'safety' (class=org.apache.hadoop.hdds.server.http.HttpServer2$QuotingInputFilter)
2022-11-15 00:58:17,576 [Listener at 127.0.0.1/34689] INFO  http.HttpServer2 (HttpServer2.java:addFilter(1007)) - Added filter static_user_filter (class=org.apache.hadoop.http.lib.StaticUserWebFilter$StaticUserFilter) to context ozoneManager
2022-11-15 00:58:17,576 [Listener at 127.0.0.1/34689] INFO  http.HttpServer2 (HttpServer2.java:addFilter(1015)) - Added filter static_user_filter (class=org.apache.hadoop.http.lib.StaticUserWebFilter$StaticUserFilter) to context static
2022-11-15 00:58:17,580 [Listener at 127.0.0.1/34689] INFO  http.HttpServer2 (HttpServer2.java:addFilter(1015)) - Added filter static_user_filter (class=org.apache.hadoop.http.lib.StaticUserWebFilter$StaticUserFilter) to context logs
2022-11-15 00:58:17,582 [Listener at 127.0.0.1/34689] INFO  http.HttpServer2 (HttpServer2.java:bindListener(1250)) - Jetty bound to port 43155
2022-11-15 00:58:17,582 [Listener at 127.0.0.1/34689] INFO  server.Server (Server.java:doStart(375)) - jetty-9.4.49.v20220914; built: 2022-09-14T01:07:36.601Z; git: 4231a3b2e4cb8548a412a789936d640a97b1aa0a; jvm 1.8.0_345-b01
2022-11-15 00:58:17,621 [Listener at 127.0.0.1/34689] INFO  server.session (DefaultSessionIdManager.java:doStart(334)) - DefaultSessionIdManager workerName=node0
2022-11-15 00:58:17,621 [Listener at 127.0.0.1/34689] INFO  server.session (DefaultSessionIdManager.java:doStart(339)) - No SessionScavenger set, using defaults
2022-11-15 00:58:17,621 [Listener at 127.0.0.1/34689] INFO  server.session (HouseKeeper.java:startScavenging(132)) - node0 Scavenging every 600000ms
2022-11-15 00:58:17,628 [Listener at 127.0.0.1/34689] INFO  handler.ContextHandler (ContextHandler.java:doStart(921)) - Started o.e.j.s.ServletContextHandler@5a85526b{logs,/logs,file:///home/runner/work/ozone/ozone/hadoop-ozone/integration-test/target/log,AVAILABLE}
2022-11-15 00:58:17,629 [Listener at 127.0.0.1/34689] INFO  handler.ContextHandler (ContextHandler.java:doStart(921)) - Started o.e.j.s.ServletContextHandler@1319b8b9{static,/static,file:///home/runner/work/ozone/ozone/hadoop-ozone/integration-test/target/test-classes/webapps/static,AVAILABLE}
2022-11-15 00:58:17,635 [Listener at 127.0.0.1/34689] INFO  handler.ContextHandler (ContextHandler.java:doStart(921)) - Started o.e.j.w.WebAppContext@14d428d8{ozoneManager,/,file:///home/runner/work/ozone/ozone/hadoop-ozone/integration-test/target/test-classes/webapps/ozoneManager/,AVAILABLE}{file:/home/runner/work/ozone/ozone/hadoop-ozone/integration-test/target/test-classes/webapps/ozoneManager}
2022-11-15 00:58:17,638 [Listener at 127.0.0.1/34689] INFO  server.AbstractConnector (AbstractConnector.java:doStart(333)) - Started ServerConnector@736f0d1b{HTTP/1.1, (http/1.1)}{0.0.0.0:43155}
2022-11-15 00:58:17,638 [Listener at 127.0.0.1/34689] INFO  server.Server (Server.java:doStart(415)) - Started @6769ms
2022-11-15 00:58:17,638 [Listener at 127.0.0.1/34689] WARN  impl.MetricsSystemImpl (MetricsSystemImpl.java:register(279)) - Sink prometheus already exists!
2022-11-15 00:58:17,639 [Listener at 127.0.0.1/34689] INFO  http.BaseHttpServer (BaseHttpServer.java:updateConnectorAddress(333)) - HTTP server of ozoneManager listening at http://0.0.0.0:43155
2022-11-15 00:58:17,639 [IPC Server Responder] INFO  ipc.Server (Server.java:run(1512)) - IPC Server Responder: starting
2022-11-15 00:58:17,640 [IPC Server listener on 0] INFO  ipc.Server (Server.java:run(1352)) - IPC Server listener on 0: starting
2022-11-15 00:58:17,666 [Listener at 127.0.0.1/34689] INFO  om.OzoneManager (OzoneManager.java:startTrashEmptier(1921)) - Trash Interval set to 0. Files deleted won't move to trash
2022-11-15 00:58:17,668 [org.apache.hadoop.util.JvmPauseMonitor$Monitor@4257255f] INFO  util.JvmPauseMonitor (JvmPauseMonitor.java:run(188)) - Starting JVM pause monitor
2022-11-15 00:58:17,798 [Listener at 127.0.0.1/34689] WARN  impl.MetricRegistriesImpl (MetricRegistriesImpl.java:addReporterRegistration(111)) - New reporters are added after registries were created. Some metrics will be missing from the reporter. Please add reporter before adding any new registry.
2022-11-15 00:58:17,798 [Listener at 127.0.0.1/34689] WARN  impl.MetricRegistriesImpl (MetricRegistriesImpl.java:addReporterRegistration(111)) - New reporters are added after registries were created. Some metrics will be missing from the reporter. Please add reporter before adding any new registry.
2022-11-15 00:58:17,798 [Listener at 127.0.0.1/34689] INFO  impl.MetricsSystemImpl (MetricsSystemImpl.java:init(158)) - HddsDatanode metrics system started (again)
2022-11-15 00:58:17,813 [Listener at 127.0.0.1/34689] INFO  ozone.HddsDatanodeService (HddsDatanodeService.java:start(236)) - HddsDatanodeService host:fv-az296-38.ie1vkwtfhimuhe55j3he1m2lab.gx.internal.cloudapp.net ip:10.1.1.13
2022-11-15 00:58:17,834 [Listener at 127.0.0.1/34689] INFO  upgrade.AbstractLayoutVersionManager (AbstractLayoutVersionManager.java:init(83)) - Initializing Layout version manager with metadata layout = DATANODE_SCHEMA_V3 (version = 4), software layout = DATANODE_SCHEMA_V3 (version = 4)
2022-11-15 00:58:17,881 [Listener at 127.0.0.1/34689] INFO  reflections.Reflections (Reflections.java:scan(232)) - Reflections took 46 ms to scan 7 urls, producing 139 keys and 336 values 
2022-11-15 00:58:17,884 [Listener at 127.0.0.1/34689] INFO  statemachine.DatanodeStateMachine (DatanodeStateMachine.java:getEndPointTaskThreadPoolSize(245)) - Datanode State Machine Task Thread Pool size 2
2022-11-15 00:58:17,934 [Listener at 127.0.0.1/34689] INFO  volume.HddsVolume (HddsVolume.java:<init>(117)) - Creating HddsVolume: /home/runner/work/ozone/ozone/hadoop-ozone/integration-test/target/test-dir/MiniOzoneClusterImpl-967df050-5cad-43ef-a6d1-66aedb0492a1/datanode-0/data-0/containers/hdds of storage type : DISK capacity : 9223372036854775807
2022-11-15 00:58:17,936 [Listener at 127.0.0.1/34689] INFO  volume.MutableVolumeSet (MutableVolumeSet.java:initializeVolumeSet(174)) - Added Volume : /home/runner/work/ozone/ozone/hadoop-ozone/integration-test/target/test-dir/MiniOzoneClusterImpl-967df050-5cad-43ef-a6d1-66aedb0492a1/datanode-0/data-0/containers/hdds to VolumeSet
2022-11-15 00:58:17,937 [Listener at 127.0.0.1/34689] INFO  volume.ThrottledAsyncChecker (ThrottledAsyncChecker.java:schedule(141)) - Scheduling a check for /home/runner/work/ozone/ozone/hadoop-ozone/integration-test/target/test-dir/MiniOzoneClusterImpl-967df050-5cad-43ef-a6d1-66aedb0492a1/datanode-0/data-0/containers/hdds
2022-11-15 00:58:17,953 [Listener at 127.0.0.1/34689] INFO  volume.StorageVolumeChecker (StorageVolumeChecker.java:checkAllVolumes(202)) - Scheduled health check for volume /home/runner/work/ozone/ozone/hadoop-ozone/integration-test/target/test-dir/MiniOzoneClusterImpl-967df050-5cad-43ef-a6d1-66aedb0492a1/datanode-0/data-0/containers/hdds
2022-11-15 00:58:17,968 [Listener at 127.0.0.1/34689] INFO  volume.MutableVolumeSet (MutableVolumeSet.java:initializeVolumeSet(174)) - Added Volume : /home/runner/work/ozone/ozone/hadoop-ozone/integration-test/target/test-dir/MiniOzoneClusterImpl-967df050-5cad-43ef-a6d1-66aedb0492a1/datanode-0/data/ratis to VolumeSet
2022-11-15 00:58:17,969 [Listener at 127.0.0.1/34689] INFO  volume.ThrottledAsyncChecker (ThrottledAsyncChecker.java:schedule(141)) - Scheduling a check for /home/runner/work/ozone/ozone/hadoop-ozone/integration-test/target/test-dir/MiniOzoneClusterImpl-967df050-5cad-43ef-a6d1-66aedb0492a1/datanode-0/data/ratis
2022-11-15 00:58:17,969 [Listener at 127.0.0.1/34689] INFO  volume.StorageVolumeChecker (StorageVolumeChecker.java:checkAllVolumes(202)) - Scheduled health check for volume /home/runner/work/ozone/ozone/hadoop-ozone/integration-test/target/test-dir/MiniOzoneClusterImpl-967df050-5cad-43ef-a6d1-66aedb0492a1/datanode-0/data/ratis
2022-11-15 00:58:17,990 [Thread-136] INFO  ozoneimpl.ContainerReader (ContainerReader.java:readVolume(175)) - Finish verifying containers on volume /home/runner/work/ozone/ozone/hadoop-ozone/integration-test/target/test-dir/MiniOzoneClusterImpl-967df050-5cad-43ef-a6d1-66aedb0492a1/datanode-0/data-0/containers/hdds
2022-11-15 00:58:17,991 [Listener at 127.0.0.1/34689] INFO  ozoneimpl.OzoneContainer (OzoneContainer.java:buildContainerSet(300)) - Build ContainerSet costs 0s
2022-11-15 00:58:18,034 [Listener at 127.0.0.1/34689] INFO  audit.AuditLogger (AuditLogger.java:refreshDebugCmdSet(126)) - Refresh DebugCmdSet for DNAudit to [].
2022-11-15 00:58:18,061 [Listener at 127.0.0.1/34689] INFO  server.RaftServer (ConfUtils.java:logGet(46)) - raft.rpc.type = GRPC (default)
2022-11-15 00:58:18,061 [Listener at 127.0.0.1/34689] INFO  grpc.GrpcConfigKeys (ConfUtils.java:logFallback(53)) - raft.grpc.admin.host = null (fallback to raft.grpc.server.host)
2022-11-15 00:58:18,061 [Listener at 127.0.0.1/34689] INFO  grpc.GrpcConfigKeys (ConfUtils.java:logGet(46)) - raft.grpc.admin.port = 0 (custom)
2022-11-15 00:58:18,061 [Listener at 127.0.0.1/34689] INFO  grpc.GrpcConfigKeys (ConfUtils.java:logFallback(53)) - raft.grpc.client.host = null (fallback to raft.grpc.server.host)
2022-11-15 00:58:18,062 [Listener at 127.0.0.1/34689] INFO  grpc.GrpcConfigKeys (ConfUtils.java:logGet(46)) - raft.grpc.client.port = 0 (custom)
2022-11-15 00:58:18,062 [Listener at 127.0.0.1/34689] INFO  grpc.GrpcConfigKeys (ConfUtils.java:logGet(46)) - raft.grpc.server.host = null (default)
2022-11-15 00:58:18,062 [Listener at 127.0.0.1/34689] INFO  grpc.GrpcConfigKeys (ConfUtils.java:logGet(46)) - raft.grpc.server.port = 0 (default)
2022-11-15 00:58:18,062 [Listener at 127.0.0.1/34689] INFO  server.GrpcService (ConfUtils.java:logGet(46)) - raft.grpc.message.size.max = 32MB (=33554432) (custom)
2022-11-15 00:58:18,062 [Listener at 127.0.0.1/34689] INFO  server.RaftServerConfigKeys (ConfUtils.java:logGet(46)) - raft.server.log.appender.buffer.byte-limit = 33554432 (custom)
2022-11-15 00:58:18,062 [Listener at 127.0.0.1/34689] INFO  server.GrpcService (ConfUtils.java:logGet(46)) - raft.grpc.flow.control.window = 5MB (=5242880) (custom)
2022-11-15 00:58:18,062 [Listener at 127.0.0.1/34689] INFO  server.RaftServerConfigKeys (ConfUtils.java:logGet(46)) - raft.server.rpc.request.timeout = 60s (custom)
2022-11-15 00:58:18,062 [Listener at 127.0.0.1/34689] INFO  grpc.GrpcConfigKeys (ConfUtils.java:logGet(46)) - raft.grpc.server.heartbeat.channel = true (default)
2022-11-15 00:58:18,062 [Listener at 127.0.0.1/34689] INFO  grpc.GrpcConfigKeys (ConfUtils.java:logGet(46)) - raft.grpc.server.async.request.thread.pool.cached = true (default)
2022-11-15 00:58:18,063 [Listener at 127.0.0.1/34689] INFO  grpc.GrpcConfigKeys (ConfUtils.java:logGet(46)) - raft.grpc.server.async.request.thread.pool.size = 32 (default)
2022-11-15 00:58:18,064 [Listener at 127.0.0.1/34689] INFO  impl.DataStreamServerImpl (ConfUtils.java:logGet(46)) - raft.datastream.type = DISABLED (default)
2022-11-15 00:58:18,064 [Listener at 127.0.0.1/34689] INFO  server.RaftServerConfigKeys (ConfUtils.java:logGet(46)) - raft.server.threadpool.proxy.cached = true (default)
2022-11-15 00:58:18,064 [Listener at 127.0.0.1/34689] INFO  server.RaftServerConfigKeys (ConfUtils.java:logGet(46)) - raft.server.threadpool.proxy.size = 0 (default)
2022-11-15 00:58:18,064 [Listener at 127.0.0.1/34689] INFO  server.RaftServerConfigKeys (ConfUtils.java:logGet(46)) - raft.server.rpc.slowness.timeout = 300s (custom)
2022-11-15 00:58:18,064 [Listener at 127.0.0.1/34689] INFO  server.RaftServerConfigKeys (ConfUtils.java:logGet(46)) - raft.server.leaderelection.leader.step-down.wait-time = 10s (default)
2022-11-15 00:58:18,065 [Listener at 127.0.0.1/34689] INFO  server.RaftServerConfigKeys (ConfUtils.java:logGet(46)) - raft.server.storage.dir = [/home/runner/work/ozone/ozone/hadoop-ozone/integration-test/target/test-dir/MiniOzoneClusterImpl-967df050-5cad-43ef-a6d1-66aedb0492a1/datanode-0/data/ratis] (custom)
2022-11-15 00:58:18,080 [Listener at 127.0.0.1/34689] INFO  server.XceiverServerGrpc (XceiverServerGrpc.java:<init>(132)) - GrpcServer channel type EpollServerSocketChannel
2022-11-15 00:58:18,137 [Listener at 127.0.0.1/34689] INFO  http.BaseHttpServer (BaseHttpServer.java:newHttpServer2BuilderForOzone(213)) - Starting Web-server for hddsDatanode at: http://0.0.0.0:0
2022-11-15 00:58:18,137 [Listener at 127.0.0.1/34689] INFO  http.BaseHttpServer (BaseHttpServer.java:<init>(108)) - Hadoop Security Enabled: false Ozone Security Enabled: false Ozone HTTP Security Enabled: false 
2022-11-15 00:58:18,139 [Listener at 127.0.0.1/34689] WARN  server.AuthenticationFilter (AuthenticationFilter.java:constructSecretProvider(240)) - Unable to initialize FileSignerSecretProvider, falling back to use random secrets. Reason: Could not read signature secret file: /home/runner/hadoop-http-auth-signature-secret
2022-11-15 00:58:18,141 [Listener at 127.0.0.1/34689] WARN  http.HttpRequestLog (HttpRequestLog.java:getRequestLog(103)) - Jetty request log can only be enabled using Log4j
2022-11-15 00:58:18,143 [Listener at 127.0.0.1/34689] INFO  http.HttpServer2 (HttpServer2.java:addGlobalFilter(1031)) - Added global filter 'safety' (class=org.apache.hadoop.hdds.server.http.HttpServer2$QuotingInputFilter)
2022-11-15 00:58:18,144 [Listener at 127.0.0.1/34689] INFO  http.HttpServer2 (HttpServer2.java:addFilter(1007)) - Added filter static_user_filter (class=org.apache.hadoop.http.lib.StaticUserWebFilter$StaticUserFilter) to context hddsDatanode
2022-11-15 00:58:18,144 [Listener at 127.0.0.1/34689] INFO  http.HttpServer2 (HttpServer2.java:addFilter(1015)) - Added filter static_user_filter (class=org.apache.hadoop.http.lib.StaticUserWebFilter$StaticUserFilter) to context logs
2022-11-15 00:58:18,144 [Listener at 127.0.0.1/34689] INFO  http.HttpServer2 (HttpServer2.java:addFilter(1015)) - Added filter static_user_filter (class=org.apache.hadoop.http.lib.StaticUserWebFilter$StaticUserFilter) to context static
2022-11-15 00:58:18,145 [Listener at 127.0.0.1/34689] INFO  http.HttpServer2 (HttpServer2.java:bindListener(1250)) - Jetty bound to port 42541
2022-11-15 00:58:18,145 [Listener at 127.0.0.1/34689] INFO  server.Server (Server.java:doStart(375)) - jetty-9.4.49.v20220914; built: 2022-09-14T01:07:36.601Z; git: 4231a3b2e4cb8548a412a789936d640a97b1aa0a; jvm 1.8.0_345-b01
2022-11-15 00:58:18,158 [Listener at 127.0.0.1/34689] INFO  server.session (DefaultSessionIdManager.java:doStart(334)) - DefaultSessionIdManager workerName=node0
2022-11-15 00:58:18,158 [Listener at 127.0.0.1/34689] INFO  server.session (DefaultSessionIdManager.java:doStart(339)) - No SessionScavenger set, using defaults
2022-11-15 00:58:18,158 [Listener at 127.0.0.1/34689] INFO  server.session (HouseKeeper.java:startScavenging(132)) - node0 Scavenging every 660000ms
2022-11-15 00:58:18,160 [Listener at 127.0.0.1/34689] INFO  handler.ContextHandler (ContextHandler.java:doStart(921)) - Started o.e.j.s.ServletContextHandler@41ee228b{logs,/logs,file:///home/runner/work/ozone/ozone/hadoop-ozone/integration-test/target/log,AVAILABLE}
2022-11-15 00:58:18,160 [Listener at 127.0.0.1/34689] INFO  handler.ContextHandler (ContextHandler.java:doStart(921)) - Started o.e.j.s.ServletContextHandler@319041da{static,/static,jar:file:/home/runner/.m2/repository/org/apache/ozone/hdds-container-service/1.3.0-SNAPSHOT/hdds-container-service-1.3.0-SNAPSHOT.jar!/webapps/static,AVAILABLE}
2022-11-15 00:58:18,355 [Listener at 127.0.0.1/34689] INFO  handler.ContextHandler (ContextHandler.java:doStart(921)) - Started o.e.j.w.WebAppContext@958fec{hddsDatanode,/,file:///tmp/jetty-0_0_0_0-42541-hdds-container-service-1_3_0-SNAPSHOT_jar-_-any-2188135155434065986/webapp/,AVAILABLE}{jar:file:/home/runner/.m2/repository/org/apache/ozone/hdds-container-service/1.3.0-SNAPSHOT/hdds-container-service-1.3.0-SNAPSHOT.jar!/webapps/hddsDatanode}
2022-11-15 00:58:18,356 [Listener at 127.0.0.1/34689] INFO  server.AbstractConnector (AbstractConnector.java:doStart(333)) - Started ServerConnector@65b2582{HTTP/1.1, (http/1.1)}{0.0.0.0:42541}
2022-11-15 00:58:18,358 [Listener at 127.0.0.1/34689] INFO  server.Server (Server.java:doStart(415)) - Started @7488ms
2022-11-15 00:58:18,358 [Listener at 127.0.0.1/34689] WARN  impl.MetricsSystemImpl (MetricsSystemImpl.java:register(279)) - Sink prometheus already exists!
2022-11-15 00:58:18,359 [Listener at 127.0.0.1/34689] INFO  http.BaseHttpServer (BaseHttpServer.java:updateConnectorAddress(333)) - HTTP server of hddsDatanode listening at http://0.0.0.0:42541
2022-11-15 00:58:18,360 [Datanode State Machine Daemon Thread] INFO  statemachine.DatanodeStateMachine (DatanodeStateMachine.java:lambda$startDaemon$0(505)) - Ozone container server started.
2022-11-15 00:58:18,363 [Listener at 127.0.0.1/34689] WARN  impl.MetricRegistriesImpl (MetricRegistriesImpl.java:addReporterRegistration(111)) - New reporters are added after registries were created. Some metrics will be missing from the reporter. Please add reporter before adding any new registry.
2022-11-15 00:58:18,363 [Listener at 127.0.0.1/34689] WARN  impl.MetricRegistriesImpl (MetricRegistriesImpl.java:addReporterRegistration(111)) - New reporters are added after registries were created. Some metrics will be missing from the reporter. Please add reporter before adding any new registry.
2022-11-15 00:58:18,363 [Listener at 127.0.0.1/34689] INFO  impl.MetricsSystemImpl (MetricsSystemImpl.java:init(158)) - HddsDatanode metrics system started (again)
2022-11-15 00:58:18,385 [org.apache.hadoop.util.JvmPauseMonitor$Monitor@4884189b] INFO  util.JvmPauseMonitor (JvmPauseMonitor.java:run(188)) - Starting JVM pause monitor
2022-11-15 00:58:18,389 [Listener at 127.0.0.1/34689] INFO  ozone.HddsDatanodeService (HddsDatanodeService.java:start(236)) - HddsDatanodeService host:fv-az296-38.ie1vkwtfhimuhe55j3he1m2lab.gx.internal.cloudapp.net ip:10.1.1.13
2022-11-15 00:58:18,411 [Listener at 127.0.0.1/34689] INFO  upgrade.AbstractLayoutVersionManager (AbstractLayoutVersionManager.java:init(83)) - Initializing Layout version manager with metadata layout = DATANODE_SCHEMA_V3 (version = 4), software layout = DATANODE_SCHEMA_V3 (version = 4)
2022-11-15 00:58:18,465 [Listener at 127.0.0.1/34689] INFO  reflections.Reflections (Reflections.java:scan(232)) - Reflections took 53 ms to scan 7 urls, producing 139 keys and 336 values 
2022-11-15 00:58:18,469 [Listener at 127.0.0.1/34689] INFO  statemachine.DatanodeStateMachine (DatanodeStateMachine.java:getEndPointTaskThreadPoolSize(245)) - Datanode State Machine Task Thread Pool size 2
2022-11-15 00:58:18,471 [Listener at 127.0.0.1/34689] INFO  volume.HddsVolume (HddsVolume.java:<init>(117)) - Creating HddsVolume: /home/runner/work/ozone/ozone/hadoop-ozone/integration-test/target/test-dir/MiniOzoneClusterImpl-967df050-5cad-43ef-a6d1-66aedb0492a1/datanode-1/data-0/containers/hdds of storage type : DISK capacity : 9223372036854775807
2022-11-15 00:58:18,472 [Listener at 127.0.0.1/34689] INFO  volume.MutableVolumeSet (MutableVolumeSet.java:initializeVolumeSet(174)) - Added Volume : /home/runner/work/ozone/ozone/hadoop-ozone/integration-test/target/test-dir/MiniOzoneClusterImpl-967df050-5cad-43ef-a6d1-66aedb0492a1/datanode-1/data-0/containers/hdds to VolumeSet
2022-11-15 00:58:18,472 [Listener at 127.0.0.1/34689] INFO  volume.ThrottledAsyncChecker (ThrottledAsyncChecker.java:schedule(141)) - Scheduling a check for /home/runner/work/ozone/ozone/hadoop-ozone/integration-test/target/test-dir/MiniOzoneClusterImpl-967df050-5cad-43ef-a6d1-66aedb0492a1/datanode-1/data-0/containers/hdds
2022-11-15 00:58:18,481 [Listener at 127.0.0.1/34689] INFO  volume.StorageVolumeChecker (StorageVolumeChecker.java:checkAllVolumes(202)) - Scheduled health check for volume /home/runner/work/ozone/ozone/hadoop-ozone/integration-test/target/test-dir/MiniOzoneClusterImpl-967df050-5cad-43ef-a6d1-66aedb0492a1/datanode-1/data-0/containers/hdds
2022-11-15 00:58:18,496 [Listener at 127.0.0.1/34689] INFO  volume.MutableVolumeSet (MutableVolumeSet.java:initializeVolumeSet(174)) - Added Volume : /home/runner/work/ozone/ozone/hadoop-ozone/integration-test/target/test-dir/MiniOzoneClusterImpl-967df050-5cad-43ef-a6d1-66aedb0492a1/datanode-1/data/ratis to VolumeSet
2022-11-15 00:58:18,496 [Listener at 127.0.0.1/34689] INFO  volume.ThrottledAsyncChecker (ThrottledAsyncChecker.java:schedule(141)) - Scheduling a check for /home/runner/work/ozone/ozone/hadoop-ozone/integration-test/target/test-dir/MiniOzoneClusterImpl-967df050-5cad-43ef-a6d1-66aedb0492a1/datanode-1/data/ratis
2022-11-15 00:58:18,497 [Listener at 127.0.0.1/34689] INFO  volume.StorageVolumeChecker (StorageVolumeChecker.java:checkAllVolumes(202)) - Scheduled health check for volume /home/runner/work/ozone/ozone/hadoop-ozone/integration-test/target/test-dir/MiniOzoneClusterImpl-967df050-5cad-43ef-a6d1-66aedb0492a1/datanode-1/data/ratis
2022-11-15 00:58:18,533 [om1@group-C5BA1605619E-FollowerState] INFO  impl.FollowerState (FollowerState.java:run(143)) - om1@group-C5BA1605619E-FollowerState: change to CANDIDATE, lastRpcElapsedTime:1066636480ns, electionTimeout:1059ms
2022-11-15 00:58:18,534 [om1@group-C5BA1605619E-FollowerState] INFO  impl.RoleInfo (RoleInfo.java:shutdownFollowerState(110)) - om1: shutdown om1@group-C5BA1605619E-FollowerState
2022-11-15 00:58:18,534 [om1@group-C5BA1605619E-FollowerState] INFO  server.RaftServer$Division (RaftServerImpl.java:setRole(321)) - om1@group-C5BA1605619E: changes role from  FOLLOWER to CANDIDATE at term 0 for changeToCandidate
2022-11-15 00:58:18,537 [om1@group-C5BA1605619E-FollowerState] INFO  server.RaftServerConfigKeys (ConfUtils.java:logGet(46)) - raft.server.leaderelection.pre-vote = false (custom)
2022-11-15 00:58:18,537 [om1@group-C5BA1605619E-FollowerState] INFO  impl.RoleInfo (RoleInfo.java:updateAndGet(139)) - om1: start om1@group-C5BA1605619E-LeaderElection1
2022-11-15 00:58:18,547 [Thread-149] INFO  ozoneimpl.ContainerReader (ContainerReader.java:readVolume(175)) - Finish verifying containers on volume /home/runner/work/ozone/ozone/hadoop-ozone/integration-test/target/test-dir/MiniOzoneClusterImpl-967df050-5cad-43ef-a6d1-66aedb0492a1/datanode-1/data-0/containers/hdds
2022-11-15 00:58:18,548 [Listener at 127.0.0.1/34689] INFO  ozoneimpl.OzoneContainer (OzoneContainer.java:buildContainerSet(300)) - Build ContainerSet costs 0s
2022-11-15 00:58:18,554 [Listener at 127.0.0.1/34689] INFO  server.RaftServer (ConfUtils.java:logGet(46)) - raft.rpc.type = GRPC (default)
2022-11-15 00:58:18,555 [Listener at 127.0.0.1/34689] INFO  grpc.GrpcConfigKeys (ConfUtils.java:logFallback(53)) - raft.grpc.admin.host = null (fallback to raft.grpc.server.host)
2022-11-15 00:58:18,555 [Listener at 127.0.0.1/34689] INFO  grpc.GrpcConfigKeys (ConfUtils.java:logGet(46)) - raft.grpc.admin.port = 0 (custom)
2022-11-15 00:58:18,555 [Listener at 127.0.0.1/34689] INFO  grpc.GrpcConfigKeys (ConfUtils.java:logFallback(53)) - raft.grpc.client.host = null (fallback to raft.grpc.server.host)
2022-11-15 00:58:18,555 [Listener at 127.0.0.1/34689] INFO  grpc.GrpcConfigKeys (ConfUtils.java:logGet(46)) - raft.grpc.client.port = 0 (custom)
2022-11-15 00:58:18,556 [Listener at 127.0.0.1/34689] INFO  grpc.GrpcConfigKeys (ConfUtils.java:logGet(46)) - raft.grpc.server.host = null (default)
2022-11-15 00:58:18,557 [Listener at 127.0.0.1/34689] INFO  grpc.GrpcConfigKeys (ConfUtils.java:logGet(46)) - raft.grpc.server.port = 0 (default)
2022-11-15 00:58:18,557 [om1@group-C5BA1605619E-LeaderElection1] INFO  impl.LeaderElection (LeaderElection.java:askForVotes(312)) - om1@group-C5BA1605619E-LeaderElection1 ELECTION round 0: submit vote requests at term 1 for -1: peers:[om1|rpc:localhost:9872|priority:0|startupRole:FOLLOWER]|listeners:[], old=null
2022-11-15 00:58:18,557 [Listener at 127.0.0.1/34689] INFO  server.GrpcService (ConfUtils.java:logGet(46)) - raft.grpc.message.size.max = 32MB (=33554432) (custom)
2022-11-15 00:58:18,558 [Listener at 127.0.0.1/34689] INFO  server.RaftServerConfigKeys (ConfUtils.java:logGet(46)) - raft.server.log.appender.buffer.byte-limit = 33554432 (custom)
2022-11-15 00:58:18,558 [Listener at 127.0.0.1/34689] INFO  server.GrpcService (ConfUtils.java:logGet(46)) - raft.grpc.flow.control.window = 5MB (=5242880) (custom)
2022-11-15 00:58:18,558 [Listener at 127.0.0.1/34689] INFO  server.RaftServerConfigKeys (ConfUtils.java:logGet(46)) - raft.server.rpc.request.timeout = 60s (custom)
2022-11-15 00:58:18,558 [Listener at 127.0.0.1/34689] INFO  grpc.GrpcConfigKeys (ConfUtils.java:logGet(46)) - raft.grpc.server.heartbeat.channel = true (default)
2022-11-15 00:58:18,558 [Listener at 127.0.0.1/34689] INFO  grpc.GrpcConfigKeys (ConfUtils.java:logGet(46)) - raft.grpc.server.async.request.thread.pool.cached = true (default)
2022-11-15 00:58:18,558 [om1@group-C5BA1605619E-LeaderElection1] INFO  impl.LeaderElection (LeaderElection.java:askForVotes(314)) - om1@group-C5BA1605619E-LeaderElection1 ELECTION round 0: result PASSED (term=1)
2022-11-15 00:58:18,558 [Listener at 127.0.0.1/34689] INFO  grpc.GrpcConfigKeys (ConfUtils.java:logGet(46)) - raft.grpc.server.async.request.thread.pool.size = 32 (default)
2022-11-15 00:58:18,559 [om1@group-C5BA1605619E-LeaderElection1] INFO  impl.RoleInfo (RoleInfo.java:shutdownLeaderElection(130)) - om1: shutdown om1@group-C5BA1605619E-LeaderElection1
2022-11-15 00:58:18,559 [om1@group-C5BA1605619E-LeaderElection1] INFO  server.RaftServer$Division (RaftServerImpl.java:setRole(321)) - om1@group-C5BA1605619E: changes role from CANDIDATE to LEADER at term 1 for changeToLeader
2022-11-15 00:58:18,559 [om1@group-C5BA1605619E-LeaderElection1] INFO  server.RaftServer$Division (ServerState.java:setLeader(313)) - om1@group-C5BA1605619E: change Leader from null to om1 at term 1 for becomeLeader, leader elected after 2134ms
2022-11-15 00:58:18,560 [Listener at 127.0.0.1/34689] INFO  impl.DataStreamServerImpl (ConfUtils.java:logGet(46)) - raft.datastream.type = DISABLED (default)
2022-11-15 00:58:18,560 [Listener at 127.0.0.1/34689] INFO  server.RaftServerConfigKeys (ConfUtils.java:logGet(46)) - raft.server.threadpool.proxy.cached = true (default)
2022-11-15 00:58:18,560 [Listener at 127.0.0.1/34689] INFO  server.RaftServerConfigKeys (ConfUtils.java:logGet(46)) - raft.server.threadpool.proxy.size = 0 (default)
2022-11-15 00:58:18,560 [Listener at 127.0.0.1/34689] INFO  server.RaftServerConfigKeys (ConfUtils.java:logGet(46)) - raft.server.rpc.slowness.timeout = 300s (custom)
2022-11-15 00:58:18,560 [Listener at 127.0.0.1/34689] INFO  server.RaftServerConfigKeys (ConfUtils.java:logGet(46)) - raft.server.leaderelection.leader.step-down.wait-time = 10s (default)
2022-11-15 00:58:18,561 [Listener at 127.0.0.1/34689] INFO  server.RaftServerConfigKeys (ConfUtils.java:logGet(46)) - raft.server.storage.dir = [/home/runner/work/ozone/ozone/hadoop-ozone/integration-test/target/test-dir/MiniOzoneClusterImpl-967df050-5cad-43ef-a6d1-66aedb0492a1/datanode-1/data/ratis] (custom)
2022-11-15 00:58:18,563 [Listener at 127.0.0.1/34689] INFO  server.XceiverServerGrpc (XceiverServerGrpc.java:<init>(132)) - GrpcServer channel type EpollServerSocketChannel
2022-11-15 00:58:18,567 [Listener at 127.0.0.1/34689] INFO  http.BaseHttpServer (BaseHttpServer.java:newHttpServer2BuilderForOzone(213)) - Starting Web-server for hddsDatanode at: http://0.0.0.0:0
2022-11-15 00:58:18,567 [Listener at 127.0.0.1/34689] INFO  http.BaseHttpServer (BaseHttpServer.java:<init>(108)) - Hadoop Security Enabled: false Ozone Security Enabled: false Ozone HTTP Security Enabled: false 
2022-11-15 00:58:18,568 [Listener at 127.0.0.1/34689] WARN  server.AuthenticationFilter (AuthenticationFilter.java:constructSecretProvider(240)) - Unable to initialize FileSignerSecretProvider, falling back to use random secrets. Reason: Could not read signature secret file: /home/runner/hadoop-http-auth-signature-secret
2022-11-15 00:58:18,569 [Listener at 127.0.0.1/34689] WARN  http.HttpRequestLog (HttpRequestLog.java:getRequestLog(103)) - Jetty request log can only be enabled using Log4j
2022-11-15 00:58:18,571 [Listener at 127.0.0.1/34689] INFO  http.HttpServer2 (HttpServer2.java:addGlobalFilter(1031)) - Added global filter 'safety' (class=org.apache.hadoop.hdds.server.http.HttpServer2$QuotingInputFilter)
2022-11-15 00:58:18,571 [om1@group-C5BA1605619E-LeaderElection1] INFO  server.RaftServerConfigKeys (ConfUtils.java:logGet(46)) - raft.server.staging.catchup.gap = 1000 (default)
2022-11-15 00:58:18,575 [Listener at 127.0.0.1/34689] INFO  http.HttpServer2 (HttpServer2.java:addFilter(1007)) - Added filter static_user_filter (class=org.apache.hadoop.http.lib.StaticUserWebFilter$StaticUserFilter) to context hddsDatanode
2022-11-15 00:58:18,575 [Listener at 127.0.0.1/34689] INFO  http.HttpServer2 (HttpServer2.java:addFilter(1015)) - Added filter static_user_filter (class=org.apache.hadoop.http.lib.StaticUserWebFilter$StaticUserFilter) to context logs
2022-11-15 00:58:18,575 [Listener at 127.0.0.1/34689] INFO  http.HttpServer2 (HttpServer2.java:addFilter(1015)) - Added filter static_user_filter (class=org.apache.hadoop.http.lib.StaticUserWebFilter$StaticUserFilter) to context static
2022-11-15 00:58:18,577 [Listener at 127.0.0.1/34689] INFO  http.HttpServer2 (HttpServer2.java:bindListener(1250)) - Jetty bound to port 36515
2022-11-15 00:58:18,577 [Listener at 127.0.0.1/34689] INFO  server.Server (Server.java:doStart(375)) - jetty-9.4.49.v20220914; built: 2022-09-14T01:07:36.601Z; git: 4231a3b2e4cb8548a412a789936d640a97b1aa0a; jvm 1.8.0_345-b01
2022-11-15 00:58:18,578 [Datanode State Machine Task Thread - 0] INFO  datanode.InitDatanodeState (InitDatanodeState.java:persistContainerDatanodeDetails(138)) - DatanodeDetails is persisted to /home/runner/work/ozone/ozone/hadoop-ozone/integration-test/target/test-dir/MiniOzoneClusterImpl-967df050-5cad-43ef-a6d1-66aedb0492a1/datanode-0/meta/datanode.id
2022-11-15 00:58:18,584 [om1@group-C5BA1605619E-LeaderElection1] INFO  server.RaftServerConfigKeys (ConfUtils.java:logGet(46)) - raft.server.write.element-limit = 4096 (default)
2022-11-15 00:58:18,585 [om1@group-C5BA1605619E-LeaderElection1] INFO  server.RaftServerConfigKeys (ConfUtils.java:logGet(46)) - raft.server.write.byte-limit = 64MB (=67108864) (default)
2022-11-15 00:58:18,590 [om1@group-C5BA1605619E-LeaderElection1] INFO  server.RaftServerConfigKeys (ConfUtils.java:logGet(46)) - raft.server.watch.timeout = 10s (default)
2022-11-15 00:58:18,591 [om1@group-C5BA1605619E-LeaderElection1] INFO  server.RaftServerConfigKeys (ConfUtils.java:logGet(46)) - raft.server.watch.timeout.denomination = 1s (default)
2022-11-15 00:58:18,591 [om1@group-C5BA1605619E-LeaderElection1] INFO  server.RaftServerConfigKeys (ConfUtils.java:logGet(46)) - raft.server.watch.element-limit = 65536 (default)
2022-11-15 00:58:18,596 [om1@group-C5BA1605619E-LeaderElection1] INFO  server.RaftServerConfigKeys (ConfUtils.java:logGet(46)) - raft.server.write.element-limit = 4096 (default)
2022-11-15 00:58:18,597 [Listener at 127.0.0.1/34689] INFO  server.session (DefaultSessionIdManager.java:doStart(334)) - DefaultSessionIdManager workerName=node0
2022-11-15 00:58:18,597 [Listener at 127.0.0.1/34689] INFO  server.session (DefaultSessionIdManager.java:doStart(339)) - No SessionScavenger set, using defaults
2022-11-15 00:58:18,597 [Listener at 127.0.0.1/34689] INFO  server.session (HouseKeeper.java:startScavenging(132)) - node0 Scavenging every 600000ms
2022-11-15 00:58:18,601 [om1@group-C5BA1605619E-LeaderElection1] INFO  server.RaftServerConfigKeys (ConfUtils.java:logGet(46)) - raft.server.write.follower.gap.ratio.max = -1.0 (default)
2022-11-15 00:58:18,602 [Listener at 127.0.0.1/34689] INFO  handler.ContextHandler (ContextHandler.java:doStart(921)) - Started o.e.j.s.ServletContextHandler@1e5975db{logs,/logs,file:///home/runner/work/ozone/ozone/hadoop-ozone/integration-test/target/log,AVAILABLE}
2022-11-15 00:58:18,602 [Listener at 127.0.0.1/34689] INFO  handler.ContextHandler (ContextHandler.java:doStart(921)) - Started o.e.j.s.ServletContextHandler@84a9f40{static,/static,jar:file:/home/runner/.m2/repository/org/apache/ozone/hdds-container-service/1.3.0-SNAPSHOT/hdds-container-service-1.3.0-SNAPSHOT.jar!/webapps/static,AVAILABLE}
2022-11-15 00:58:18,614 [om1@group-C5BA1605619E-LeaderElection1] INFO  impl.RoleInfo (RoleInfo.java:updateAndGet(139)) - om1: start om1@group-C5BA1605619E-LeaderStateImpl
2022-11-15 00:58:18,660 [om1@group-C5BA1605619E-LeaderElection1] INFO  segmented.SegmentedRaftLogWorker (SegmentedRaftLogWorker.java:startLogSegment(452)) - om1@group-C5BA1605619E-SegmentedRaftLogWorker: Starting segment from index:0
2022-11-15 00:58:18,762 [om1@group-C5BA1605619E-LeaderElection1] INFO  server.RaftServer$Division (ServerState.java:setRaftConf(430)) - om1@group-C5BA1605619E: set configuration 0: peers:[om1|rpc:localhost:9872|admin:|client:|dataStream:|priority:0|startupRole:FOLLOWER]|listeners:[], old=null
2022-11-15 00:58:18,836 [om1@group-C5BA1605619E-SegmentedRaftLogWorker] INFO  segmented.SegmentedRaftLogWorker (SegmentedRaftLogWorker.java:execute(656)) - om1@group-C5BA1605619E-SegmentedRaftLogWorker: created new log segment /home/runner/work/ozone/ozone/hadoop-ozone/integration-test/target/test-dir/MiniOzoneClusterImpl-967df050-5cad-43ef-a6d1-66aedb0492a1/ozone-meta/ratis/bf265839-605b-3f16-9796-c5ba1605619e/current/log_inprogress_0
2022-11-15 00:58:18,971 [Listener at 127.0.0.1/34689] INFO  handler.ContextHandler (ContextHandler.java:doStart(921)) - Started o.e.j.w.WebAppContext@3aaede52{hddsDatanode,/,file:///tmp/jetty-0_0_0_0-36515-hdds-container-service-1_3_0-SNAPSHOT_jar-_-any-4335544723947951915/webapp/,AVAILABLE}{jar:file:/home/runner/.m2/repository/org/apache/ozone/hdds-container-service/1.3.0-SNAPSHOT/hdds-container-service-1.3.0-SNAPSHOT.jar!/webapps/hddsDatanode}
2022-11-15 00:58:18,978 [Listener at 127.0.0.1/34689] INFO  server.AbstractConnector (AbstractConnector.java:doStart(333)) - Started ServerConnector@18f80e28{HTTP/1.1, (http/1.1)}{0.0.0.0:36515}
2022-11-15 00:58:18,978 [Listener at 127.0.0.1/34689] INFO  server.Server (Server.java:doStart(415)) - Started @8108ms
2022-11-15 00:58:18,978 [Listener at 127.0.0.1/34689] WARN  impl.MetricsSystemImpl (MetricsSystemImpl.java:register(279)) - Sink prometheus already exists!
2022-11-15 00:58:18,985 [Listener at 127.0.0.1/34689] INFO  http.BaseHttpServer (BaseHttpServer.java:updateConnectorAddress(333)) - HTTP server of hddsDatanode listening at http://0.0.0.0:36515
2022-11-15 00:58:18,987 [om1@group-C5BA1605619E-StateMachineUpdater] INFO  ratis.OzoneManagerStateMachine (OzoneManagerStateMachine.java:notifyConfigurationChanged(192)) - Received Configuration change notification from Ratis. New Peer list:
[id: "om1"
address: "localhost:9872"
startupRole: FOLLOWER
]
2022-11-15 00:58:18,990 [Listener at 127.0.0.1/34689] WARN  impl.MetricRegistriesImpl (MetricRegistriesImpl.java:addReporterRegistration(111)) - New reporters are added after registries were created. Some metrics will be missing from the reporter. Please add reporter before adding any new registry.
2022-11-15 00:58:18,991 [Listener at 127.0.0.1/34689] WARN  impl.MetricRegistriesImpl (MetricRegistriesImpl.java:addReporterRegistration(111)) - New reporters are added after registries were created. Some metrics will be missing from the reporter. Please add reporter before adding any new registry.
2022-11-15 00:58:18,991 [Listener at 127.0.0.1/34689] INFO  impl.MetricsSystemImpl (MetricsSystemImpl.java:init(158)) - HddsDatanode metrics system started (again)
2022-11-15 00:58:18,989 [Datanode State Machine Daemon Thread] INFO  statemachine.DatanodeStateMachine (DatanodeStateMachine.java:lambda$startDaemon$0(505)) - Ozone container server started.
2022-11-15 00:58:19,011 [Listener at 127.0.0.1/34689] INFO  ozone.HddsDatanodeService (HddsDatanodeService.java:start(236)) - HddsDatanodeService host:fv-az296-38.ie1vkwtfhimuhe55j3he1m2lab.gx.internal.cloudapp.net ip:10.1.1.13
2022-11-15 00:58:19,019 [org.apache.hadoop.util.JvmPauseMonitor$Monitor@6afd0b03] INFO  util.JvmPauseMonitor (JvmPauseMonitor.java:run(188)) - Starting JVM pause monitor
2022-11-15 00:58:19,035 [Listener at 127.0.0.1/34689] INFO  upgrade.AbstractLayoutVersionManager (AbstractLayoutVersionManager.java:init(83)) - Initializing Layout version manager with metadata layout = DATANODE_SCHEMA_V3 (version = 4), software layout = DATANODE_SCHEMA_V3 (version = 4)
2022-11-15 00:58:19,038 [Datanode State Machine Task Thread - 0] INFO  datanode.InitDatanodeState (InitDatanodeState.java:persistContainerDatanodeDetails(138)) - DatanodeDetails is persisted to /home/runner/work/ozone/ozone/hadoop-ozone/integration-test/target/test-dir/MiniOzoneClusterImpl-967df050-5cad-43ef-a6d1-66aedb0492a1/datanode-1/meta/datanode.id
2022-11-15 00:58:19,096 [Listener at 127.0.0.1/34689] INFO  reflections.Reflections (Reflections.java:scan(232)) - Reflections took 60 ms to scan 7 urls, producing 139 keys and 336 values 
2022-11-15 00:58:19,097 [Listener at 127.0.0.1/34689] INFO  statemachine.DatanodeStateMachine (DatanodeStateMachine.java:getEndPointTaskThreadPoolSize(245)) - Datanode State Machine Task Thread Pool size 2
2022-11-15 00:58:19,100 [Listener at 127.0.0.1/34689] INFO  volume.HddsVolume (HddsVolume.java:<init>(117)) - Creating HddsVolume: /home/runner/work/ozone/ozone/hadoop-ozone/integration-test/target/test-dir/MiniOzoneClusterImpl-967df050-5cad-43ef-a6d1-66aedb0492a1/datanode-2/data-0/containers/hdds of storage type : DISK capacity : 9223372036854775807
2022-11-15 00:58:19,100 [Listener at 127.0.0.1/34689] INFO  volume.MutableVolumeSet (MutableVolumeSet.java:initializeVolumeSet(174)) - Added Volume : /home/runner/work/ozone/ozone/hadoop-ozone/integration-test/target/test-dir/MiniOzoneClusterImpl-967df050-5cad-43ef-a6d1-66aedb0492a1/datanode-2/data-0/containers/hdds to VolumeSet
2022-11-15 00:58:19,100 [Listener at 127.0.0.1/34689] INFO  volume.ThrottledAsyncChecker (ThrottledAsyncChecker.java:schedule(141)) - Scheduling a check for /home/runner/work/ozone/ozone/hadoop-ozone/integration-test/target/test-dir/MiniOzoneClusterImpl-967df050-5cad-43ef-a6d1-66aedb0492a1/datanode-2/data-0/containers/hdds
2022-11-15 00:58:19,112 [Listener at 127.0.0.1/34689] INFO  volume.StorageVolumeChecker (StorageVolumeChecker.java:checkAllVolumes(202)) - Scheduled health check for volume /home/runner/work/ozone/ozone/hadoop-ozone/integration-test/target/test-dir/MiniOzoneClusterImpl-967df050-5cad-43ef-a6d1-66aedb0492a1/datanode-2/data-0/containers/hdds
2022-11-15 00:58:19,123 [Listener at 127.0.0.1/34689] INFO  volume.MutableVolumeSet (MutableVolumeSet.java:initializeVolumeSet(174)) - Added Volume : /home/runner/work/ozone/ozone/hadoop-ozone/integration-test/target/test-dir/MiniOzoneClusterImpl-967df050-5cad-43ef-a6d1-66aedb0492a1/datanode-2/data/ratis to VolumeSet
2022-11-15 00:58:19,124 [Listener at 127.0.0.1/34689] INFO  volume.ThrottledAsyncChecker (ThrottledAsyncChecker.java:schedule(141)) - Scheduling a check for /home/runner/work/ozone/ozone/hadoop-ozone/integration-test/target/test-dir/MiniOzoneClusterImpl-967df050-5cad-43ef-a6d1-66aedb0492a1/datanode-2/data/ratis
2022-11-15 00:58:19,124 [Listener at 127.0.0.1/34689] INFO  volume.StorageVolumeChecker (StorageVolumeChecker.java:checkAllVolumes(202)) - Scheduled health check for volume /home/runner/work/ozone/ozone/hadoop-ozone/integration-test/target/test-dir/MiniOzoneClusterImpl-967df050-5cad-43ef-a6d1-66aedb0492a1/datanode-2/data/ratis
2022-11-15 00:58:19,134 [Thread-164] INFO  ozoneimpl.ContainerReader (ContainerReader.java:readVolume(175)) - Finish verifying containers on volume /home/runner/work/ozone/ozone/hadoop-ozone/integration-test/target/test-dir/MiniOzoneClusterImpl-967df050-5cad-43ef-a6d1-66aedb0492a1/datanode-2/data-0/containers/hdds
2022-11-15 00:58:19,134 [Listener at 127.0.0.1/34689] INFO  ozoneimpl.OzoneContainer (OzoneContainer.java:buildContainerSet(300)) - Build ContainerSet costs 0s
2022-11-15 00:58:19,137 [Listener at 127.0.0.1/34689] INFO  server.RaftServer (ConfUtils.java:logGet(46)) - raft.rpc.type = GRPC (default)
2022-11-15 00:58:19,137 [Listener at 127.0.0.1/34689] INFO  grpc.GrpcConfigKeys (ConfUtils.java:logFallback(53)) - raft.grpc.admin.host = null (fallback to raft.grpc.server.host)
2022-11-15 00:58:19,138 [Listener at 127.0.0.1/34689] INFO  grpc.GrpcConfigKeys (ConfUtils.java:logGet(46)) - raft.grpc.admin.port = 0 (custom)
2022-11-15 00:58:19,138 [Listener at 127.0.0.1/34689] INFO  grpc.GrpcConfigKeys (ConfUtils.java:logFallback(53)) - raft.grpc.client.host = null (fallback to raft.grpc.server.host)
2022-11-15 00:58:19,138 [Listener at 127.0.0.1/34689] INFO  grpc.GrpcConfigKeys (ConfUtils.java:logGet(46)) - raft.grpc.client.port = 0 (custom)
2022-11-15 00:58:19,138 [Listener at 127.0.0.1/34689] INFO  grpc.GrpcConfigKeys (ConfUtils.java:logGet(46)) - raft.grpc.server.host = null (default)
2022-11-15 00:58:19,138 [Listener at 127.0.0.1/34689] INFO  grpc.GrpcConfigKeys (ConfUtils.java:logGet(46)) - raft.grpc.server.port = 0 (default)
2022-11-15 00:58:19,138 [Listener at 127.0.0.1/34689] INFO  server.GrpcService (ConfUtils.java:logGet(46)) - raft.grpc.message.size.max = 32MB (=33554432) (custom)
2022-11-15 00:58:19,138 [Listener at 127.0.0.1/34689] INFO  server.RaftServerConfigKeys (ConfUtils.java:logGet(46)) - raft.server.log.appender.buffer.byte-limit = 33554432 (custom)
2022-11-15 00:58:19,138 [Listener at 127.0.0.1/34689] INFO  server.GrpcService (ConfUtils.java:logGet(46)) - raft.grpc.flow.control.window = 5MB (=5242880) (custom)
2022-11-15 00:58:19,141 [Listener at 127.0.0.1/34689] INFO  server.RaftServerConfigKeys (ConfUtils.java:logGet(46)) - raft.server.rpc.request.timeout = 60s (custom)
2022-11-15 00:58:19,141 [Listener at 127.0.0.1/34689] INFO  grpc.GrpcConfigKeys (ConfUtils.java:logGet(46)) - raft.grpc.server.heartbeat.channel = true (default)
2022-11-15 00:58:19,141 [Listener at 127.0.0.1/34689] INFO  grpc.GrpcConfigKeys (ConfUtils.java:logGet(46)) - raft.grpc.server.async.request.thread.pool.cached = true (default)
2022-11-15 00:58:19,141 [Listener at 127.0.0.1/34689] INFO  grpc.GrpcConfigKeys (ConfUtils.java:logGet(46)) - raft.grpc.server.async.request.thread.pool.size = 32 (default)
2022-11-15 00:58:19,142 [Listener at 127.0.0.1/34689] INFO  impl.DataStreamServerImpl (ConfUtils.java:logGet(46)) - raft.datastream.type = DISABLED (default)
2022-11-15 00:58:19,142 [Listener at 127.0.0.1/34689] INFO  server.RaftServerConfigKeys (ConfUtils.java:logGet(46)) - raft.server.threadpool.proxy.cached = true (default)
2022-11-15 00:58:19,142 [Listener at 127.0.0.1/34689] INFO  server.RaftServerConfigKeys (ConfUtils.java:logGet(46)) - raft.server.threadpool.proxy.size = 0 (default)
2022-11-15 00:58:19,142 [Listener at 127.0.0.1/34689] INFO  server.RaftServerConfigKeys (ConfUtils.java:logGet(46)) - raft.server.rpc.slowness.timeout = 300s (custom)
2022-11-15 00:58:19,142 [Listener at 127.0.0.1/34689] INFO  server.RaftServerConfigKeys (ConfUtils.java:logGet(46)) - raft.server.leaderelection.leader.step-down.wait-time = 10s (default)
2022-11-15 00:58:19,142 [Listener at 127.0.0.1/34689] INFO  server.RaftServerConfigKeys (ConfUtils.java:logGet(46)) - raft.server.storage.dir = [/home/runner/work/ozone/ozone/hadoop-ozone/integration-test/target/test-dir/MiniOzoneClusterImpl-967df050-5cad-43ef-a6d1-66aedb0492a1/datanode-2/data/ratis] (custom)
2022-11-15 00:58:19,144 [Listener at 127.0.0.1/34689] INFO  server.XceiverServerGrpc (XceiverServerGrpc.java:<init>(132)) - GrpcServer channel type EpollServerSocketChannel
2022-11-15 00:58:19,152 [Listener at 127.0.0.1/34689] INFO  http.BaseHttpServer (BaseHttpServer.java:newHttpServer2BuilderForOzone(213)) - Starting Web-server for hddsDatanode at: http://0.0.0.0:0
2022-11-15 00:58:19,152 [Listener at 127.0.0.1/34689] INFO  http.BaseHttpServer (BaseHttpServer.java:<init>(108)) - Hadoop Security Enabled: false Ozone Security Enabled: false Ozone HTTP Security Enabled: false 
2022-11-15 00:58:19,154 [Listener at 127.0.0.1/34689] WARN  server.AuthenticationFilter (AuthenticationFilter.java:constructSecretProvider(240)) - Unable to initialize FileSignerSecretProvider, falling back to use random secrets. Reason: Could not read signature secret file: /home/runner/hadoop-http-auth-signature-secret
2022-11-15 00:58:19,158 [Listener at 127.0.0.1/34689] WARN  http.HttpRequestLog (HttpRequestLog.java:getRequestLog(103)) - Jetty request log can only be enabled using Log4j
2022-11-15 00:58:19,159 [Listener at 127.0.0.1/34689] INFO  http.HttpServer2 (HttpServer2.java:addGlobalFilter(1031)) - Added global filter 'safety' (class=org.apache.hadoop.hdds.server.http.HttpServer2$QuotingInputFilter)
2022-11-15 00:58:19,160 [Listener at 127.0.0.1/34689] INFO  http.HttpServer2 (HttpServer2.java:addFilter(1007)) - Added filter static_user_filter (class=org.apache.hadoop.http.lib.StaticUserWebFilter$StaticUserFilter) to context hddsDatanode
2022-11-15 00:58:19,160 [Listener at 127.0.0.1/34689] INFO  http.HttpServer2 (HttpServer2.java:addFilter(1015)) - Added filter static_user_filter (class=org.apache.hadoop.http.lib.StaticUserWebFilter$StaticUserFilter) to context logs
2022-11-15 00:58:19,161 [Listener at 127.0.0.1/34689] INFO  http.HttpServer2 (HttpServer2.java:addFilter(1015)) - Added filter static_user_filter (class=org.apache.hadoop.http.lib.StaticUserWebFilter$StaticUserFilter) to context static
2022-11-15 00:58:19,161 [Listener at 127.0.0.1/34689] INFO  http.HttpServer2 (HttpServer2.java:bindListener(1250)) - Jetty bound to port 46605
2022-11-15 00:58:19,161 [Listener at 127.0.0.1/34689] INFO  server.Server (Server.java:doStart(375)) - jetty-9.4.49.v20220914; built: 2022-09-14T01:07:36.601Z; git: 4231a3b2e4cb8548a412a789936d640a97b1aa0a; jvm 1.8.0_345-b01
2022-11-15 00:58:19,175 [Listener at 127.0.0.1/34689] INFO  server.session (DefaultSessionIdManager.java:doStart(334)) - DefaultSessionIdManager workerName=node0
2022-11-15 00:58:19,175 [Listener at 127.0.0.1/34689] INFO  server.session (DefaultSessionIdManager.java:doStart(339)) - No SessionScavenger set, using defaults
2022-11-15 00:58:19,176 [Listener at 127.0.0.1/34689] INFO  server.session (HouseKeeper.java:startScavenging(132)) - node0 Scavenging every 660000ms
2022-11-15 00:58:19,176 [Listener at 127.0.0.1/34689] INFO  handler.ContextHandler (ContextHandler.java:doStart(921)) - Started o.e.j.s.ServletContextHandler@4b6e7dc9{logs,/logs,file:///home/runner/work/ozone/ozone/hadoop-ozone/integration-test/target/log,AVAILABLE}
2022-11-15 00:58:19,177 [Listener at 127.0.0.1/34689] INFO  handler.ContextHandler (ContextHandler.java:doStart(921)) - Started o.e.j.s.ServletContextHandler@b7694aa{static,/static,jar:file:/home/runner/.m2/repository/org/apache/ozone/hdds-container-service/1.3.0-SNAPSHOT/hdds-container-service-1.3.0-SNAPSHOT.jar!/webapps/static,AVAILABLE}
2022-11-15 00:58:19,359 [Listener at 127.0.0.1/34689] INFO  handler.ContextHandler (ContextHandler.java:doStart(921)) - Started o.e.j.w.WebAppContext@428551db{hddsDatanode,/,file:///tmp/jetty-0_0_0_0-46605-hdds-container-service-1_3_0-SNAPSHOT_jar-_-any-4721299601387544955/webapp/,AVAILABLE}{jar:file:/home/runner/.m2/repository/org/apache/ozone/hdds-container-service/1.3.0-SNAPSHOT/hdds-container-service-1.3.0-SNAPSHOT.jar!/webapps/hddsDatanode}
2022-11-15 00:58:19,360 [Listener at 127.0.0.1/34689] INFO  server.AbstractConnector (AbstractConnector.java:doStart(333)) - Started ServerConnector@7ef622f7{HTTP/1.1, (http/1.1)}{0.0.0.0:46605}
2022-11-15 00:58:19,360 [Listener at 127.0.0.1/34689] INFO  server.Server (Server.java:doStart(415)) - Started @8491ms
2022-11-15 00:58:19,360 [Listener at 127.0.0.1/34689] WARN  impl.MetricsSystemImpl (MetricsSystemImpl.java:register(279)) - Sink prometheus already exists!
2022-11-15 00:58:19,361 [Listener at 127.0.0.1/34689] INFO  http.BaseHttpServer (BaseHttpServer.java:updateConnectorAddress(333)) - HTTP server of hddsDatanode listening at http://0.0.0.0:46605
2022-11-15 00:58:19,362 [Datanode State Machine Daemon Thread] INFO  statemachine.DatanodeStateMachine (DatanodeStateMachine.java:lambda$startDaemon$0(505)) - Ozone container server started.
2022-11-15 00:58:19,363 [Listener at 127.0.0.1/34689] INFO  ozone.MiniOzoneClusterImpl (MiniOzoneClusterImpl.java:lambda$waitForClusterToBeReady$0(216)) - Waiting for nodes to be ready. Got 0 of 3 DN Heartbeats.
2022-11-15 00:58:19,363 [Listener at 127.0.0.1/34689] INFO  ozone.MiniOzoneClusterImpl (MiniOzoneClusterImpl.java:lambda$waitForClusterToBeReady$0(219)) - Waiting for cluster to exit safe mode
2022-11-15 00:58:19,363 [Listener at 127.0.0.1/34689] INFO  ozone.MiniOzoneClusterImpl (MiniOzoneClusterImpl.java:lambda$waitForClusterToBeReady$0(221)) - SCM became leader
2022-11-15 00:58:19,373 [org.apache.hadoop.util.JvmPauseMonitor$Monitor@2e0b23f4] INFO  util.JvmPauseMonitor (JvmPauseMonitor.java:run(188)) - Starting JVM pause monitor
2022-11-15 00:58:19,375 [Datanode State Machine Task Thread - 0] INFO  datanode.InitDatanodeState (InitDatanodeState.java:persistContainerDatanodeDetails(138)) - DatanodeDetails is persisted to /home/runner/work/ozone/ozone/hadoop-ozone/integration-test/target/test-dir/MiniOzoneClusterImpl-967df050-5cad-43ef-a6d1-66aedb0492a1/datanode-2/meta/datanode.id
2022-11-15 00:58:20,363 [Listener at 127.0.0.1/34689] INFO  ozone.MiniOzoneClusterImpl (MiniOzoneClusterImpl.java:lambda$waitForClusterToBeReady$0(216)) - Waiting for nodes to be ready. Got 0 of 3 DN Heartbeats.
2022-11-15 00:58:20,363 [Listener at 127.0.0.1/34689] INFO  ozone.MiniOzoneClusterImpl (MiniOzoneClusterImpl.java:lambda$waitForClusterToBeReady$0(219)) - Waiting for cluster to exit safe mode
2022-11-15 00:58:20,364 [Listener at 127.0.0.1/34689] INFO  ozone.MiniOzoneClusterImpl (MiniOzoneClusterImpl.java:lambda$waitForClusterToBeReady$0(221)) - SCM became leader
2022-11-15 00:58:20,490 [EndpointStateMachine task thread for /0.0.0.0:42785 - 0 ] INFO  utils.DatanodeStoreCache (DatanodeStoreCache.java:addDB(58)) - Added db /home/runner/work/ozone/ozone/hadoop-ozone/integration-test/target/test-dir/MiniOzoneClusterImpl-967df050-5cad-43ef-a6d1-66aedb0492a1/datanode-0/data-0/containers/hdds/967df050-5cad-43ef-a6d1-66aedb0492a1/DS-3a806e13-e807-4980-b873-aa1ade8cd3c5/container.db to cache
2022-11-15 00:58:20,490 [EndpointStateMachine task thread for /0.0.0.0:42785 - 0 ] INFO  volume.HddsVolume (HddsVolume.java:createDbStore(307)) - SchemaV3 db is created and loaded at /home/runner/work/ozone/ozone/hadoop-ozone/integration-test/target/test-dir/MiniOzoneClusterImpl-967df050-5cad-43ef-a6d1-66aedb0492a1/datanode-0/data-0/containers/hdds/967df050-5cad-43ef-a6d1-66aedb0492a1/DS-3a806e13-e807-4980-b873-aa1ade8cd3c5/container.db for volume DS-3a806e13-e807-4980-b873-aa1ade8cd3c5
2022-11-15 00:58:20,491 [EndpointStateMachine task thread for /0.0.0.0:42785 - 0 ] INFO  ozoneimpl.OzoneContainer (OzoneContainer.java:start(378)) - Attempting to start container services.
2022-11-15 00:58:20,492 [EndpointStateMachine task thread for /0.0.0.0:42785 - 0 ] INFO  ozoneimpl.OzoneContainer (OzoneContainer.java:startContainerScrub(313)) - Background container scanner has been disabled.
2022-11-15 00:58:20,494 [EndpointStateMachine task thread for /0.0.0.0:42785 - 0 ] INFO  replication.ReplicationServer (ReplicationServer.java:start(111)) - ReplicationServer is started using port 38425
2022-11-15 00:58:20,496 [EndpointStateMachine task thread for /0.0.0.0:42785 - 0 ] INFO  ratis.XceiverServerRatis (XceiverServerRatis.java:start(481)) - Starting XceiverServerRatis 85843916-432a-4650-9548-77805447e337
2022-11-15 00:58:20,500 [EndpointStateMachine task thread for /0.0.0.0:42785 - 0 ] INFO  server.RaftServer (RaftServerProxy.java:startImpl(393)) - 85843916-432a-4650-9548-77805447e337: start RPC server
2022-11-15 00:58:20,502 [EndpointStateMachine task thread for /0.0.0.0:42785 - 0 ] INFO  server.GrpcService (GrpcService.java:startImpl(270)) - 85843916-432a-4650-9548-77805447e337: GrpcService started, listening on 40129
2022-11-15 00:58:20,505 [EndpointStateMachine task thread for /0.0.0.0:42785 - 0 ] INFO  ratis.XceiverServerRatis (XceiverServerRatis.java:getRealPort(502)) - XceiverServerRatis 85843916-432a-4650-9548-77805447e337 is started using port 40129 for RATIS
2022-11-15 00:58:20,505 [EndpointStateMachine task thread for /0.0.0.0:42785 - 0 ] INFO  ratis.XceiverServerRatis (XceiverServerRatis.java:getRealPort(502)) - XceiverServerRatis 85843916-432a-4650-9548-77805447e337 is started using port 40129 for RATIS_ADMIN
2022-11-15 00:58:20,505 [EndpointStateMachine task thread for /0.0.0.0:42785 - 0 ] INFO  ratis.XceiverServerRatis (XceiverServerRatis.java:getRealPort(502)) - XceiverServerRatis 85843916-432a-4650-9548-77805447e337 is started using port 40129 for RATIS_SERVER
2022-11-15 00:58:20,507 [EndpointStateMachine task thread for /0.0.0.0:42785 - 0 ] INFO  server.XceiverServerGrpc (XceiverServerGrpc.java:start(180)) - XceiverServerGrpc 85843916-432a-4650-9548-77805447e337 is started using port 46417
2022-11-15 00:58:20,513 [JvmPauseMonitor1] INFO  util.JvmPauseMonitor (JvmPauseMonitor.java:run(105)) - JvmPauseMonitor-85843916-432a-4650-9548-77805447e337: Started
2022-11-15 00:58:21,048 [EndpointStateMachine task thread for /0.0.0.0:42785 - 0 ] INFO  utils.DatanodeStoreCache (DatanodeStoreCache.java:addDB(58)) - Added db /home/runner/work/ozone/ozone/hadoop-ozone/integration-test/target/test-dir/MiniOzoneClusterImpl-967df050-5cad-43ef-a6d1-66aedb0492a1/datanode-1/data-0/containers/hdds/967df050-5cad-43ef-a6d1-66aedb0492a1/DS-df133e25-91c7-4034-8ead-59dd6c435e52/container.db to cache
2022-11-15 00:58:21,048 [EndpointStateMachine task thread for /0.0.0.0:42785 - 0 ] INFO  volume.HddsVolume (HddsVolume.java:createDbStore(307)) - SchemaV3 db is created and loaded at /home/runner/work/ozone/ozone/hadoop-ozone/integration-test/target/test-dir/MiniOzoneClusterImpl-967df050-5cad-43ef-a6d1-66aedb0492a1/datanode-1/data-0/containers/hdds/967df050-5cad-43ef-a6d1-66aedb0492a1/DS-df133e25-91c7-4034-8ead-59dd6c435e52/container.db for volume DS-df133e25-91c7-4034-8ead-59dd6c435e52
2022-11-15 00:58:21,048 [EndpointStateMachine task thread for /0.0.0.0:42785 - 0 ] INFO  ozoneimpl.OzoneContainer (OzoneContainer.java:start(378)) - Attempting to start container services.
2022-11-15 00:58:21,049 [EndpointStateMachine task thread for /0.0.0.0:42785 - 0 ] INFO  ozoneimpl.OzoneContainer (OzoneContainer.java:startContainerScrub(313)) - Background container scanner has been disabled.
2022-11-15 00:58:21,050 [EndpointStateMachine task thread for /0.0.0.0:42785 - 0 ] INFO  replication.ReplicationServer (ReplicationServer.java:start(111)) - ReplicationServer is started using port 36385
2022-11-15 00:58:21,051 [EndpointStateMachine task thread for /0.0.0.0:42785 - 0 ] INFO  ratis.XceiverServerRatis (XceiverServerRatis.java:start(481)) - Starting XceiverServerRatis aaeb156b-3e2f-4cf8-856b-91bff9608227
2022-11-15 00:58:21,051 [EndpointStateMachine task thread for /0.0.0.0:42785 - 0 ] INFO  server.RaftServer (RaftServerProxy.java:startImpl(393)) - aaeb156b-3e2f-4cf8-856b-91bff9608227: start RPC server
2022-11-15 00:58:21,052 [EndpointStateMachine task thread for /0.0.0.0:42785 - 0 ] INFO  server.GrpcService (GrpcService.java:startImpl(270)) - aaeb156b-3e2f-4cf8-856b-91bff9608227: GrpcService started, listening on 44061
2022-11-15 00:58:21,053 [EndpointStateMachine task thread for /0.0.0.0:42785 - 0 ] INFO  ratis.XceiverServerRatis (XceiverServerRatis.java:getRealPort(502)) - XceiverServerRatis aaeb156b-3e2f-4cf8-856b-91bff9608227 is started using port 44061 for RATIS
2022-11-15 00:58:21,053 [JvmPauseMonitor2] INFO  util.JvmPauseMonitor (JvmPauseMonitor.java:run(105)) - JvmPauseMonitor-aaeb156b-3e2f-4cf8-856b-91bff9608227: Started
2022-11-15 00:58:21,053 [EndpointStateMachine task thread for /0.0.0.0:42785 - 0 ] INFO  ratis.XceiverServerRatis (XceiverServerRatis.java:getRealPort(502)) - XceiverServerRatis aaeb156b-3e2f-4cf8-856b-91bff9608227 is started using port 44061 for RATIS_ADMIN
2022-11-15 00:58:21,053 [EndpointStateMachine task thread for /0.0.0.0:42785 - 0 ] INFO  ratis.XceiverServerRatis (XceiverServerRatis.java:getRealPort(502)) - XceiverServerRatis aaeb156b-3e2f-4cf8-856b-91bff9608227 is started using port 44061 for RATIS_SERVER
2022-11-15 00:58:21,054 [EndpointStateMachine task thread for /0.0.0.0:42785 - 0 ] INFO  server.XceiverServerGrpc (XceiverServerGrpc.java:start(180)) - XceiverServerGrpc aaeb156b-3e2f-4cf8-856b-91bff9608227 is started using port 39025
2022-11-15 00:58:21,364 [Listener at 127.0.0.1/34689] INFO  ozone.MiniOzoneClusterImpl (MiniOzoneClusterImpl.java:lambda$waitForClusterToBeReady$0(216)) - Waiting for nodes to be ready. Got 0 of 3 DN Heartbeats.
2022-11-15 00:58:21,364 [Listener at 127.0.0.1/34689] INFO  ozone.MiniOzoneClusterImpl (MiniOzoneClusterImpl.java:lambda$waitForClusterToBeReady$0(219)) - Waiting for cluster to exit safe mode
2022-11-15 00:58:21,364 [Listener at 127.0.0.1/34689] INFO  ozone.MiniOzoneClusterImpl (MiniOzoneClusterImpl.java:lambda$waitForClusterToBeReady$0(221)) - SCM became leader
2022-11-15 00:58:21,404 [EndpointStateMachine task thread for /0.0.0.0:42785 - 0 ] INFO  utils.DatanodeStoreCache (DatanodeStoreCache.java:addDB(58)) - Added db /home/runner/work/ozone/ozone/hadoop-ozone/integration-test/target/test-dir/MiniOzoneClusterImpl-967df050-5cad-43ef-a6d1-66aedb0492a1/datanode-2/data-0/containers/hdds/967df050-5cad-43ef-a6d1-66aedb0492a1/DS-a75318f9-50c2-4f34-8ccb-5e91c7711809/container.db to cache
2022-11-15 00:58:21,404 [EndpointStateMachine task thread for /0.0.0.0:42785 - 0 ] INFO  volume.HddsVolume (HddsVolume.java:createDbStore(307)) - SchemaV3 db is created and loaded at /home/runner/work/ozone/ozone/hadoop-ozone/integration-test/target/test-dir/MiniOzoneClusterImpl-967df050-5cad-43ef-a6d1-66aedb0492a1/datanode-2/data-0/containers/hdds/967df050-5cad-43ef-a6d1-66aedb0492a1/DS-a75318f9-50c2-4f34-8ccb-5e91c7711809/container.db for volume DS-a75318f9-50c2-4f34-8ccb-5e91c7711809
2022-11-15 00:58:21,404 [EndpointStateMachine task thread for /0.0.0.0:42785 - 0 ] INFO  ozoneimpl.OzoneContainer (OzoneContainer.java:start(378)) - Attempting to start container services.
2022-11-15 00:58:21,404 [EndpointStateMachine task thread for /0.0.0.0:42785 - 0 ] INFO  ozoneimpl.OzoneContainer (OzoneContainer.java:startContainerScrub(313)) - Background container scanner has been disabled.
2022-11-15 00:58:21,410 [EndpointStateMachine task thread for /0.0.0.0:42785 - 0 ] INFO  replication.ReplicationServer (ReplicationServer.java:start(111)) - ReplicationServer is started using port 41421
2022-11-15 00:58:21,411 [EndpointStateMachine task thread for /0.0.0.0:42785 - 0 ] INFO  ratis.XceiverServerRatis (XceiverServerRatis.java:start(481)) - Starting XceiverServerRatis bf73ebd2-05f1-4192-b11d-fd5e465fd53e
2022-11-15 00:58:21,414 [EndpointStateMachine task thread for /0.0.0.0:42785 - 0 ] INFO  server.RaftServer (RaftServerProxy.java:startImpl(393)) - bf73ebd2-05f1-4192-b11d-fd5e465fd53e: start RPC server
2022-11-15 00:58:21,416 [EndpointStateMachine task thread for /0.0.0.0:42785 - 0 ] INFO  server.GrpcService (GrpcService.java:startImpl(270)) - bf73ebd2-05f1-4192-b11d-fd5e465fd53e: GrpcService started, listening on 37419
2022-11-15 00:58:21,417 [EndpointStateMachine task thread for /0.0.0.0:42785 - 0 ] INFO  ratis.XceiverServerRatis (XceiverServerRatis.java:getRealPort(502)) - XceiverServerRatis bf73ebd2-05f1-4192-b11d-fd5e465fd53e is started using port 37419 for RATIS
2022-11-15 00:58:21,417 [JvmPauseMonitor3] INFO  util.JvmPauseMonitor (JvmPauseMonitor.java:run(105)) - JvmPauseMonitor-bf73ebd2-05f1-4192-b11d-fd5e465fd53e: Started
2022-11-15 00:58:21,417 [EndpointStateMachine task thread for /0.0.0.0:42785 - 0 ] INFO  ratis.XceiverServerRatis (XceiverServerRatis.java:getRealPort(502)) - XceiverServerRatis bf73ebd2-05f1-4192-b11d-fd5e465fd53e is started using port 37419 for RATIS_ADMIN
2022-11-15 00:58:21,417 [EndpointStateMachine task thread for /0.0.0.0:42785 - 0 ] INFO  ratis.XceiverServerRatis (XceiverServerRatis.java:getRealPort(502)) - XceiverServerRatis bf73ebd2-05f1-4192-b11d-fd5e465fd53e is started using port 37419 for RATIS_SERVER
2022-11-15 00:58:21,425 [EndpointStateMachine task thread for /0.0.0.0:42785 - 0 ] INFO  server.XceiverServerGrpc (XceiverServerGrpc.java:start(180)) - XceiverServerGrpc bf73ebd2-05f1-4192-b11d-fd5e465fd53e is started using port 40341
2022-11-15 00:58:22,364 [Listener at 127.0.0.1/34689] INFO  ozone.MiniOzoneClusterImpl (MiniOzoneClusterImpl.java:lambda$waitForClusterToBeReady$0(216)) - Waiting for nodes to be ready. Got 0 of 3 DN Heartbeats.
2022-11-15 00:58:22,365 [Listener at 127.0.0.1/34689] INFO  ozone.MiniOzoneClusterImpl (MiniOzoneClusterImpl.java:lambda$waitForClusterToBeReady$0(219)) - Waiting for cluster to exit safe mode
2022-11-15 00:58:22,365 [Listener at 127.0.0.1/34689] INFO  ozone.MiniOzoneClusterImpl (MiniOzoneClusterImpl.java:lambda$waitForClusterToBeReady$0(221)) - SCM became leader
2022-11-15 00:58:22,416 [IPC Server handler 16 on default port 42785] INFO  net.NetworkTopologyImpl (NetworkTopologyImpl.java:add(112)) - Added a new node: /default-rack/85843916-432a-4650-9548-77805447e337
2022-11-15 00:58:22,418 [IPC Server handler 16 on default port 42785] INFO  node.SCMNodeManager (SCMNodeManager.java:register(397)) - Registered Data node : 85843916-432a-4650-9548-77805447e337{ip: 10.1.1.13, host: fv-az296-38.ie1vkwtfhimuhe55j3he1m2lab.gx.internal.cloudapp.net, ports: [REPLICATION=38425, RATIS=40129, RATIS_ADMIN=40129, RATIS_SERVER=40129, STANDALONE=46417], networkLocation: /default-rack, certSerialId: null, persistedOpState: null, persistedOpStateExpiryEpochSec: 0}
2022-11-15 00:58:22,422 [EventQueue-NewNodeForNewNodeHandler] INFO  pipeline.BackgroundPipelineCreator (BackgroundPipelineCreator.java:notifyEventTriggered(276)) - trigger a one-shot run on RatisPipelineUtilsThread.
2022-11-15 00:58:22,428 [RatisPipelineUtilsThread - 0] INFO  pipeline.RatisPipelineProvider (RatisPipelineProvider.java:lambda$create$0(195)) - Sending CreatePipelineCommand for pipeline:PipelineID=14f740f9-0c8d-4e3c-bda3-e55e8f86347c to datanode:85843916-432a-4650-9548-77805447e337
2022-11-15 00:58:22,428 [EventQueue-NodeRegistrationContainerReportForContainerSafeModeRule] INFO  safemode.SCMSafeModeManager (SCMSafeModeManager.java:validateSafeModeExitRules(204)) - ContainerSafeModeRule rule is successfully validated
2022-11-15 00:58:22,429 [EventQueue-NodeRegistrationContainerReportForDataNodeSafeModeRule] INFO  safemode.SCMSafeModeManager (DataNodeSafeModeRule.java:process(71)) - SCM in safe mode. 1 DataNodes registered, 3 required.
2022-11-15 00:58:22,434 [EventQueue-PipelineReportForOneReplicaPipelineSafeModeRule] INFO  safemode.SCMSafeModeManager (SCMSafeModeManager.java:validateSafeModeExitRules(204)) - AtleastOneDatanodeReportedRule rule is successfully validated
2022-11-15 00:58:22,446 [RatisPipelineUtilsThread - 0] INFO  pipeline.PipelineStateManagerImpl (PipelineStateManagerImpl.java:addPipeline(103)) - Created pipeline Pipeline[ Id: 14f740f9-0c8d-4e3c-bda3-e55e8f86347c, Nodes: 85843916-432a-4650-9548-77805447e337{ip: 10.1.1.13, host: fv-az296-38.ie1vkwtfhimuhe55j3he1m2lab.gx.internal.cloudapp.net, ports: [REPLICATION=38425, RATIS=40129, RATIS_ADMIN=40129, RATIS_SERVER=40129, STANDALONE=46417], networkLocation: /default-rack, certSerialId: null, persistedOpState: IN_SERVICE, persistedOpStateExpiryEpochSec: 0}, ReplicationConfig: RATIS/ONE, State:ALLOCATED, leaderId:, CreationTimestamp2022-11-15T00:58:22.427Z[Etc/UTC]].
2022-11-15 00:58:23,019 [IPC Server handler 18 on default port 42785] INFO  net.NetworkTopologyImpl (NetworkTopologyImpl.java:add(112)) - Added a new node: /default-rack/aaeb156b-3e2f-4cf8-856b-91bff9608227
2022-11-15 00:58:23,019 [IPC Server handler 18 on default port 42785] INFO  node.SCMNodeManager (SCMNodeManager.java:register(397)) - Registered Data node : aaeb156b-3e2f-4cf8-856b-91bff9608227{ip: 10.1.1.13, host: fv-az296-38.ie1vkwtfhimuhe55j3he1m2lab.gx.internal.cloudapp.net, ports: [REPLICATION=36385, RATIS=44061, RATIS_ADMIN=44061, RATIS_SERVER=44061, STANDALONE=39025], networkLocation: /default-rack, certSerialId: null, persistedOpState: null, persistedOpStateExpiryEpochSec: 0}
2022-11-15 00:58:23,020 [EventQueue-NodeRegistrationContainerReportForDataNodeSafeModeRule] INFO  safemode.SCMSafeModeManager (DataNodeSafeModeRule.java:process(71)) - SCM in safe mode. 2 DataNodes registered, 3 required.
2022-11-15 00:58:23,020 [EventQueue-NewNodeForNewNodeHandler] INFO  pipeline.BackgroundPipelineCreator (BackgroundPipelineCreator.java:notifyEventTriggered(276)) - trigger a one-shot run on RatisPipelineUtilsThread.
2022-11-15 00:58:23,022 [RatisPipelineUtilsThread - 0] INFO  pipeline.RatisPipelineProvider (RatisPipelineProvider.java:lambda$create$0(195)) - Sending CreatePipelineCommand for pipeline:PipelineID=d9aa63b6-a05f-46c2-8bf2-c339f021bdf2 to datanode:aaeb156b-3e2f-4cf8-856b-91bff9608227
2022-11-15 00:58:23,024 [RatisPipelineUtilsThread - 0] INFO  pipeline.PipelineStateManagerImpl (PipelineStateManagerImpl.java:addPipeline(103)) - Created pipeline Pipeline[ Id: d9aa63b6-a05f-46c2-8bf2-c339f021bdf2, Nodes: aaeb156b-3e2f-4cf8-856b-91bff9608227{ip: 10.1.1.13, host: fv-az296-38.ie1vkwtfhimuhe55j3he1m2lab.gx.internal.cloudapp.net, ports: [REPLICATION=36385, RATIS=44061, RATIS_ADMIN=44061, RATIS_SERVER=44061, STANDALONE=39025], networkLocation: /default-rack, certSerialId: null, persistedOpState: IN_SERVICE, persistedOpStateExpiryEpochSec: 0}, ReplicationConfig: RATIS/ONE, State:ALLOCATED, leaderId:, CreationTimestamp2022-11-15T00:58:23.022Z[Etc/UTC]].
2022-11-15 00:58:23,365 [Listener at 127.0.0.1/34689] INFO  ozone.MiniOzoneClusterImpl (MiniOzoneClusterImpl.java:lambda$waitForClusterToBeReady$0(216)) - Waiting for nodes to be ready. Got 2 of 3 DN Heartbeats.
2022-11-15 00:58:23,365 [Listener at 127.0.0.1/34689] INFO  ozone.MiniOzoneClusterImpl (MiniOzoneClusterImpl.java:lambda$waitForClusterToBeReady$0(219)) - Waiting for cluster to exit safe mode
2022-11-15 00:58:23,365 [Listener at 127.0.0.1/34689] INFO  ozone.MiniOzoneClusterImpl (MiniOzoneClusterImpl.java:lambda$waitForClusterToBeReady$0(221)) - SCM became leader
2022-11-15 00:58:23,375 [IPC Server handler 17 on default port 42785] INFO  net.NetworkTopologyImpl (NetworkTopologyImpl.java:add(112)) - Added a new node: /default-rack/bf73ebd2-05f1-4192-b11d-fd5e465fd53e
2022-11-15 00:58:23,376 [IPC Server handler 17 on default port 42785] INFO  node.SCMNodeManager (SCMNodeManager.java:register(397)) - Registered Data node : bf73ebd2-05f1-4192-b11d-fd5e465fd53e{ip: 10.1.1.13, host: fv-az296-38.ie1vkwtfhimuhe55j3he1m2lab.gx.internal.cloudapp.net, ports: [REPLICATION=41421, RATIS=37419, RATIS_ADMIN=37419, RATIS_SERVER=37419, STANDALONE=40341], networkLocation: /default-rack, certSerialId: null, persistedOpState: null, persistedOpStateExpiryEpochSec: 0}
2022-11-15 00:58:23,376 [EventQueue-NewNodeForNewNodeHandler] INFO  pipeline.BackgroundPipelineCreator (BackgroundPipelineCreator.java:notifyEventTriggered(276)) - trigger a one-shot run on RatisPipelineUtilsThread.
2022-11-15 00:58:23,377 [EventQueue-NodeRegistrationContainerReportForDataNodeSafeModeRule] INFO  safemode.SCMSafeModeManager (DataNodeSafeModeRule.java:process(71)) - SCM in safe mode. 3 DataNodes registered, 3 required.
2022-11-15 00:58:23,377 [EventQueue-NodeRegistrationContainerReportForDataNodeSafeModeRule] INFO  safemode.SCMSafeModeManager (SCMSafeModeManager.java:validateSafeModeExitRules(204)) - DataNodeSafeModeRule rule is successfully validated
2022-11-15 00:58:23,377 [EventQueue-NodeRegistrationContainerReportForDataNodeSafeModeRule] INFO  safemode.SCMSafeModeManager (SCMSafeModeManager.java:completePreCheck(233)) - All SCM safe mode pre check rules have passed
2022-11-15 00:58:23,377 [EventQueue-NodeRegistrationContainerReportForDataNodeSafeModeRule] WARN  events.EventQueue (EventQueue.java:fireEvent(216)) - No event handler registered for event TypedEvent{payloadType=SafeModeStatus, name='Safe mode status'}
2022-11-15 00:58:23,377 [EventQueue-NodeRegistrationContainerReportForDataNodeSafeModeRule] INFO  ha.SCMContext (SCMContext.java:updateSafeModeStatus(228)) - Update SafeModeStatus from SafeModeStatus{safeModeStatus=true, preCheckPassed=false} to SafeModeStatus{safeModeStatus=true, preCheckPassed=true}.
2022-11-15 00:58:23,377 [EventQueue-NodeRegistrationContainerReportForDataNodeSafeModeRule] INFO  pipeline.BackgroundPipelineCreator (BackgroundPipelineCreator.java:notifyEventTriggered(276)) - trigger a one-shot run on RatisPipelineUtilsThread.
2022-11-15 00:58:23,377 [RatisPipelineUtilsThread - 0] INFO  pipeline.RatisPipelineProvider (RatisPipelineProvider.java:lambda$create$0(195)) - Sending CreatePipelineCommand for pipeline:PipelineID=eeead69b-686d-4a55-8bd1-5a46d9720f58 to datanode:bf73ebd2-05f1-4192-b11d-fd5e465fd53e
2022-11-15 00:58:23,378 [RatisPipelineUtilsThread - 0] INFO  pipeline.PipelineStateManagerImpl (PipelineStateManagerImpl.java:addPipeline(103)) - Created pipeline Pipeline[ Id: eeead69b-686d-4a55-8bd1-5a46d9720f58, Nodes: bf73ebd2-05f1-4192-b11d-fd5e465fd53e{ip: 10.1.1.13, host: fv-az296-38.ie1vkwtfhimuhe55j3he1m2lab.gx.internal.cloudapp.net, ports: [REPLICATION=41421, RATIS=37419, RATIS_ADMIN=37419, RATIS_SERVER=37419, STANDALONE=40341], networkLocation: /default-rack, certSerialId: null, persistedOpState: IN_SERVICE, persistedOpStateExpiryEpochSec: 0}, ReplicationConfig: RATIS/ONE, State:ALLOCATED, leaderId:, CreationTimestamp2022-11-15T00:58:23.377Z[Etc/UTC]].
2022-11-15 00:58:23,381 [RatisPipelineUtilsThread - 0] INFO  pipeline.RatisPipelineProvider (RatisPipelineProvider.java:lambda$create$0(195)) - Sending CreatePipelineCommand for pipeline:PipelineID=40abed11-adad-4fb2-956c-b2c5c66b2059 to datanode:85843916-432a-4650-9548-77805447e337
2022-11-15 00:58:23,382 [RatisPipelineUtilsThread - 0] INFO  pipeline.RatisPipelineProvider (RatisPipelineProvider.java:lambda$create$0(195)) - Sending CreatePipelineCommand for pipeline:PipelineID=40abed11-adad-4fb2-956c-b2c5c66b2059 to datanode:bf73ebd2-05f1-4192-b11d-fd5e465fd53e
2022-11-15 00:58:23,382 [RatisPipelineUtilsThread - 0] INFO  pipeline.RatisPipelineProvider (RatisPipelineProvider.java:lambda$create$0(195)) - Sending CreatePipelineCommand for pipeline:PipelineID=40abed11-adad-4fb2-956c-b2c5c66b2059 to datanode:aaeb156b-3e2f-4cf8-856b-91bff9608227
2022-11-15 00:58:23,384 [RatisPipelineUtilsThread - 0] INFO  pipeline.PipelineStateManagerImpl (PipelineStateManagerImpl.java:addPipeline(103)) - Created pipeline Pipeline[ Id: 40abed11-adad-4fb2-956c-b2c5c66b2059, Nodes: 85843916-432a-4650-9548-77805447e337{ip: 10.1.1.13, host: fv-az296-38.ie1vkwtfhimuhe55j3he1m2lab.gx.internal.cloudapp.net, ports: [REPLICATION=38425, RATIS=40129, RATIS_ADMIN=40129, RATIS_SERVER=40129, STANDALONE=46417], networkLocation: /default-rack, certSerialId: null, persistedOpState: IN_SERVICE, persistedOpStateExpiryEpochSec: 0}bf73ebd2-05f1-4192-b11d-fd5e465fd53e{ip: 10.1.1.13, host: fv-az296-38.ie1vkwtfhimuhe55j3he1m2lab.gx.internal.cloudapp.net, ports: [REPLICATION=41421, RATIS=37419, RATIS_ADMIN=37419, RATIS_SERVER=37419, STANDALONE=40341], networkLocation: /default-rack, certSerialId: null, persistedOpState: IN_SERVICE, persistedOpStateExpiryEpochSec: 0}aaeb156b-3e2f-4cf8-856b-91bff9608227{ip: 10.1.1.13, host: fv-az296-38.ie1vkwtfhimuhe55j3he1m2lab.gx.internal.cloudapp.net, ports: [REPLICATION=36385, RATIS=44061, RATIS_ADMIN=44061, RATIS_SERVER=44061, STANDALONE=39025], networkLocation: /default-rack, certSerialId: null, persistedOpState: IN_SERVICE, persistedOpStateExpiryEpochSec: 0}, ReplicationConfig: RATIS/THREE, State:ALLOCATED, leaderId:, CreationTimestamp2022-11-15T00:58:23.381Z[Etc/UTC]].
2022-11-15 00:58:23,387 [RatisPipelineUtilsThread - 0] INFO  pipeline.RatisPipelineProvider (RatisPipelineProvider.java:lambda$create$0(195)) - Sending CreatePipelineCommand for pipeline:PipelineID=246c63f5-148b-443f-8eec-40a0510c1431 to datanode:85843916-432a-4650-9548-77805447e337
2022-11-15 00:58:23,387 [RatisPipelineUtilsThread - 0] INFO  pipeline.RatisPipelineProvider (RatisPipelineProvider.java:lambda$create$0(195)) - Sending CreatePipelineCommand for pipeline:PipelineID=246c63f5-148b-443f-8eec-40a0510c1431 to datanode:aaeb156b-3e2f-4cf8-856b-91bff9608227
2022-11-15 00:58:23,392 [RatisPipelineUtilsThread - 0] INFO  pipeline.RatisPipelineProvider (RatisPipelineProvider.java:lambda$create$0(195)) - Sending CreatePipelineCommand for pipeline:PipelineID=246c63f5-148b-443f-8eec-40a0510c1431 to datanode:bf73ebd2-05f1-4192-b11d-fd5e465fd53e
2022-11-15 00:58:23,393 [RatisPipelineUtilsThread - 0] INFO  pipeline.PipelineStateManagerImpl (PipelineStateManagerImpl.java:addPipeline(103)) - Created pipeline Pipeline[ Id: 246c63f5-148b-443f-8eec-40a0510c1431, Nodes: 85843916-432a-4650-9548-77805447e337{ip: 10.1.1.13, host: fv-az296-38.ie1vkwtfhimuhe55j3he1m2lab.gx.internal.cloudapp.net, ports: [REPLICATION=38425, RATIS=40129, RATIS_ADMIN=40129, RATIS_SERVER=40129, STANDALONE=46417], networkLocation: /default-rack, certSerialId: null, persistedOpState: IN_SERVICE, persistedOpStateExpiryEpochSec: 0}aaeb156b-3e2f-4cf8-856b-91bff9608227{ip: 10.1.1.13, host: fv-az296-38.ie1vkwtfhimuhe55j3he1m2lab.gx.internal.cloudapp.net, ports: [REPLICATION=36385, RATIS=44061, RATIS_ADMIN=44061, RATIS_SERVER=44061, STANDALONE=39025], networkLocation: /default-rack, certSerialId: null, persistedOpState: IN_SERVICE, persistedOpStateExpiryEpochSec: 0}bf73ebd2-05f1-4192-b11d-fd5e465fd53e{ip: 10.1.1.13, host: fv-az296-38.ie1vkwtfhimuhe55j3he1m2lab.gx.internal.cloudapp.net, ports: [REPLICATION=41421, RATIS=37419, RATIS_ADMIN=37419, RATIS_SERVER=37419, STANDALONE=40341], networkLocation: /default-rack, certSerialId: null, persistedOpState: IN_SERVICE, persistedOpStateExpiryEpochSec: 0}, ReplicationConfig: RATIS/THREE, State:ALLOCATED, leaderId:, CreationTimestamp2022-11-15T00:58:23.386Z[Etc/UTC]].
2022-11-15 00:58:23,393 [RatisPipelineUtilsThread - 0] INFO  pipeline.PipelineManagerImpl (PipelineManagerImpl.java:recordMetricsForPipeline(826)) - Pipeline: PipelineID=246c63f5-148b-443f-8eec-40a0510c1431 contains same datanodes as previous pipelines: PipelineID=40abed11-adad-4fb2-956c-b2c5c66b2059 nodeIds: 85843916-432a-4650-9548-77805447e337, aaeb156b-3e2f-4cf8-856b-91bff9608227, bf73ebd2-05f1-4192-b11d-fd5e465fd53e
2022-11-15 00:58:24,366 [Listener at 127.0.0.1/34689] INFO  ozone.MiniOzoneClusterImpl (MiniOzoneClusterImpl.java:lambda$waitForClusterToBeReady$0(216)) - Nodes are ready. Got 3 of 3 DN Heartbeats.
2022-11-15 00:58:24,367 [Listener at 127.0.0.1/34689] INFO  ozone.MiniOzoneClusterImpl (MiniOzoneClusterImpl.java:lambda$waitForClusterToBeReady$0(219)) - Waiting for cluster to exit safe mode
2022-11-15 00:58:24,367 [Listener at 127.0.0.1/34689] INFO  ozone.MiniOzoneClusterImpl (MiniOzoneClusterImpl.java:lambda$waitForClusterToBeReady$0(221)) - SCM became leader
2022-11-15 00:58:25,367 [Listener at 127.0.0.1/34689] INFO  ozone.MiniOzoneClusterImpl (MiniOzoneClusterImpl.java:lambda$waitForClusterToBeReady$0(216)) - Nodes are ready. Got 3 of 3 DN Heartbeats.
2022-11-15 00:58:25,368 [Listener at 127.0.0.1/34689] INFO  ozone.MiniOzoneClusterImpl (MiniOzoneClusterImpl.java:lambda$waitForClusterToBeReady$0(219)) - Waiting for cluster to exit safe mode
2022-11-15 00:58:25,368 [Listener at 127.0.0.1/34689] INFO  ozone.MiniOzoneClusterImpl (MiniOzoneClusterImpl.java:lambda$waitForClusterToBeReady$0(221)) - SCM became leader
2022-11-15 00:58:25,415 [Command processor thread] INFO  server.RaftServer (RaftServerProxy.java:addNew(96)) - 85843916-432a-4650-9548-77805447e337: addNew group-E55E8F86347C:[85843916-432a-4650-9548-77805447e337|rpc:10.1.1.13:40129|priority:1|startupRole:FOLLOWER] returns group-E55E8F86347C:java.util.concurrent.CompletableFuture@407cbbd[Not completed]
2022-11-15 00:58:25,427 [pool-72-thread-1] INFO  server.RaftServer$Division (RaftServerImpl.java:<init>(195)) - 85843916-432a-4650-9548-77805447e337: new RaftServerImpl for group-E55E8F86347C:[85843916-432a-4650-9548-77805447e337|rpc:10.1.1.13:40129|priority:1|startupRole:FOLLOWER] with ContainerStateMachine:uninitialized
2022-11-15 00:58:25,428 [pool-72-thread-1] INFO  server.RaftServerConfigKeys (ConfUtils.java:logGet(46)) - raft.server.rpc.timeout.min = 5s (custom)
2022-11-15 00:58:25,428 [pool-72-thread-1] INFO  server.RaftServerConfigKeys (ConfUtils.java:logGet(46)) - raft.server.rpc.timeout.max = 5200ms (custom)
2022-11-15 00:58:25,428 [pool-72-thread-1] INFO  server.RaftServerConfigKeys (ConfUtils.java:logGet(46)) - raft.server.rpc.sleep.time = 25ms (default)
2022-11-15 00:58:25,428 [pool-72-thread-1] INFO  server.RaftServerConfigKeys (ConfUtils.java:logGet(46)) - raft.server.rpc.slowness.timeout = 300s (custom)
2022-11-15 00:58:25,428 [pool-72-thread-1] INFO  server.RaftServerConfigKeys (ConfUtils.java:logGet(46)) - raft.server.leaderelection.leader.step-down.wait-time = 10s (default)
2022-11-15 00:58:25,428 [pool-72-thread-1] INFO  server.RaftServerConfigKeys (ConfUtils.java:logGet(46)) - raft.server.sleep.deviation.threshold = 300ms (default)
2022-11-15 00:58:25,428 [pool-72-thread-1] INFO  server.RaftServer$Division (ServerState.java:<init>(118)) - 85843916-432a-4650-9548-77805447e337@group-E55E8F86347C: ConfigurationManager, init=-1: peers:[85843916-432a-4650-9548-77805447e337|rpc:10.1.1.13:40129|priority:1|startupRole:FOLLOWER]|listeners:[], old=null, confs=<EMPTY_MAP>
2022-11-15 00:58:25,428 [pool-72-thread-1] INFO  server.RaftServerConfigKeys (ConfUtils.java:logGet(46)) - raft.server.storage.dir = [/home/runner/work/ozone/ozone/hadoop-ozone/integration-test/target/test-dir/MiniOzoneClusterImpl-967df050-5cad-43ef-a6d1-66aedb0492a1/datanode-0/data/ratis] (custom)
2022-11-15 00:58:25,428 [pool-72-thread-1] INFO  server.RaftServerConfigKeys (ConfUtils.java:logGet(46)) - raft.server.log.corruption.policy = EXCEPTION (default)
2022-11-15 00:58:25,428 [pool-72-thread-1] INFO  server.RaftServerConfigKeys (ConfUtils.java:logGet(46)) - raft.server.storage.free-space.min = 0MB (=0) (default)
2022-11-15 00:58:25,428 [pool-72-thread-1] INFO  server.RaftServerConfigKeys (ConfUtils.java:logGet(46)) - raft.server.notification.no-leader.timeout = 300s (custom)
2022-11-15 00:58:25,428 [pool-72-thread-1] INFO  server.RaftServerConfigKeys (ConfUtils.java:logGet(46)) - raft.server.retrycache.expirytime = 600000ms (custom)
2022-11-15 00:58:25,428 [pool-72-thread-1] INFO  server.RaftServerConfigKeys (ConfUtils.java:logGet(46)) - raft.server.retrycache.statistics.expirytime = 100μs (default)
2022-11-15 00:58:25,436 [pool-72-thread-1] INFO  server.RaftServerConfigKeys (ConfUtils.java:logGet(46)) - raft.server.log.appender.install.snapshot.enabled = false (custom)
2022-11-15 00:58:25,436 [pool-72-thread-1] INFO  server.RaftServerConfigKeys (ConfUtils.java:logGet(46)) - raft.server.threadpool.server.cached = true (default)
2022-11-15 00:58:25,436 [pool-72-thread-1] INFO  server.RaftServerConfigKeys (ConfUtils.java:logGet(46)) - raft.server.threadpool.server.size = 0 (default)
2022-11-15 00:58:25,436 [pool-72-thread-1] INFO  server.RaftServerConfigKeys (ConfUtils.java:logGet(46)) - raft.server.threadpool.client.cached = true (default)
2022-11-15 00:58:25,436 [pool-72-thread-1] INFO  server.RaftServerConfigKeys (ConfUtils.java:logGet(46)) - raft.server.threadpool.client.size = 0 (default)
2022-11-15 00:58:25,436 [pool-72-thread-1] INFO  storage.RaftStorageDirectory (RaftStorageDirectoryImpl.java:analyzeStorage(137)) - The storage directory /home/runner/work/ozone/ozone/hadoop-ozone/integration-test/target/test-dir/MiniOzoneClusterImpl-967df050-5cad-43ef-a6d1-66aedb0492a1/datanode-0/data/ratis/14f740f9-0c8d-4e3c-bda3-e55e8f86347c does not exist. Creating ...
2022-11-15 00:58:25,439 [pool-72-thread-1] INFO  storage.RaftStorageDirectory (RaftStorageDirectoryImpl.java:tryLock(231)) - Lock on /home/runner/work/ozone/ozone/hadoop-ozone/integration-test/target/test-dir/MiniOzoneClusterImpl-967df050-5cad-43ef-a6d1-66aedb0492a1/datanode-0/data/ratis/14f740f9-0c8d-4e3c-bda3-e55e8f86347c/in_use.lock acquired by nodename 5041@fv-az296-38
2022-11-15 00:58:25,440 [pool-72-thread-1] INFO  storage.RaftStorage (RaftStorageImpl.java:format(96)) - Storage directory /home/runner/work/ozone/ozone/hadoop-ozone/integration-test/target/test-dir/MiniOzoneClusterImpl-967df050-5cad-43ef-a6d1-66aedb0492a1/datanode-0/data/ratis/14f740f9-0c8d-4e3c-bda3-e55e8f86347c has been successfully formatted.
2022-11-15 00:58:25,444 [pool-72-thread-1] INFO  ratis.ContainerStateMachine (ContainerStateMachine.java:loadSnapshot(236)) - group-E55E8F86347C: The snapshot info is null. Setting the last applied indexto:(t:0, i:~)
2022-11-15 00:58:25,445 [pool-72-thread-1] INFO  server.RaftServerConfigKeys (ConfUtils.java:logGet(46)) - raft.server.log.use.memory = false (default)
2022-11-15 00:58:25,445 [pool-72-thread-1] INFO  server.RaftServerConfigKeys (ConfUtils.java:logGet(46)) - raft.server.log.purge.gap = 1000000 (custom)
2022-11-15 00:58:25,445 [pool-72-thread-1] INFO  server.RaftServerConfigKeys (ConfUtils.java:logGet(46)) - raft.server.log.appender.buffer.byte-limit = 33554432 (custom)
2022-11-15 00:58:25,445 [pool-72-thread-1] INFO  server.RaftServerConfigKeys (ConfUtils.java:logGet(46)) - raft.server.log.statemachine.data.read.timeout = 1000ms (default)
2022-11-15 00:58:25,445 [pool-72-thread-1] INFO  server.RaftServerConfigKeys (ConfUtils.java:logGet(46)) - raft.server.log.purge.preservation.log.num = 0 (default)
2022-11-15 00:58:25,445 [pool-72-thread-1] INFO  server.RaftServerConfigKeys (ConfUtils.java:logGet(46)) - raft.server.log.segment.size.max = 1048576 (custom)
2022-11-15 00:58:25,446 [pool-72-thread-1] INFO  server.RaftServerConfigKeys (ConfUtils.java:logGet(46)) - raft.server.log.segment.cache.num.max = 2 (custom)
2022-11-15 00:58:25,446 [pool-72-thread-1] INFO  server.RaftServerConfigKeys (ConfUtils.java:logGet(46)) - raft.server.log.segment.cache.size.max = 200MB (=209715200) (default)
2022-11-15 00:58:25,446 [pool-72-thread-1] INFO  segmented.SegmentedRaftLogWorker (SegmentedRaftLogWorker.java:<init>(191)) - new 85843916-432a-4650-9548-77805447e337@group-E55E8F86347C-SegmentedRaftLogWorker for RaftStorageImpl:Storage Directory /home/runner/work/ozone/ozone/hadoop-ozone/integration-test/target/test-dir/MiniOzoneClusterImpl-967df050-5cad-43ef-a6d1-66aedb0492a1/datanode-0/data/ratis/14f740f9-0c8d-4e3c-bda3-e55e8f86347c
2022-11-15 00:58:25,446 [pool-72-thread-1] INFO  server.RaftServerConfigKeys (ConfUtils.java:logGet(46)) - raft.server.log.queue.byte-limit = 4294967296 (custom)
2022-11-15 00:58:25,446 [pool-72-thread-1] INFO  server.RaftServerConfigKeys (ConfUtils.java:logGet(46)) - raft.server.log.queue.element-limit = 1024 (custom)
2022-11-15 00:58:25,446 [pool-72-thread-1] INFO  server.RaftServerConfigKeys (ConfUtils.java:logGet(46)) - raft.server.log.segment.size.max = 1048576 (custom)
2022-11-15 00:58:25,446 [pool-72-thread-1] INFO  server.RaftServerConfigKeys (ConfUtils.java:logGet(46)) - raft.server.log.preallocated.size = 16384 (custom)
2022-11-15 00:58:25,446 [pool-72-thread-1] INFO  server.RaftServerConfigKeys (ConfUtils.java:logGet(46)) - raft.server.log.force.sync.num = 128 (default)
2022-11-15 00:58:25,446 [pool-72-thread-1] INFO  server.RaftServerConfigKeys (ConfUtils.java:logGet(46)) - raft.server.log.statemachine.data.sync = true (default)
2022-11-15 00:58:25,448 [pool-72-thread-1] INFO  server.RaftServerConfigKeys (ConfUtils.java:logGet(46)) - raft.server.log.statemachine.data.sync.timeout = 10s (default)
2022-11-15 00:58:25,448 [pool-72-thread-1] INFO  server.RaftServerConfigKeys (ConfUtils.java:logGet(46)) - raft.server.log.statemachine.data.sync.timeout.retry = -1 (default)
2022-11-15 00:58:25,449 [pool-72-thread-1] INFO  server.RaftServerConfigKeys (ConfUtils.java:logGet(46)) - raft.server.log.write.buffer.size = 1048576 (custom)
2022-11-15 00:58:25,449 [pool-72-thread-1] INFO  server.RaftServerConfigKeys (ConfUtils.java:logGet(46)) - raft.server.log.unsafe-flush.enabled = false (default)
2022-11-15 00:58:25,449 [pool-72-thread-1] INFO  server.RaftServerConfigKeys (ConfUtils.java:logGet(46)) - raft.server.log.async-flush.enabled = false (default)
2022-11-15 00:58:25,449 [pool-72-thread-1] INFO  server.RaftServerConfigKeys (ConfUtils.java:logGet(46)) - raft.server.log.statemachine.data.caching.enabled = true (custom)
2022-11-15 00:58:25,450 [pool-72-thread-1] INFO  segmented.SegmentedRaftLogWorker (SegmentedRaftLogWorker.java:lambda$new$0(136)) - 85843916-432a-4650-9548-77805447e337@group-E55E8F86347C-SegmentedRaftLogWorker: flushIndex: setUnconditionally 0 -> -1
2022-11-15 00:58:25,450 [pool-72-thread-1] INFO  segmented.SegmentedRaftLogWorker (SegmentedRaftLogWorker.java:lambda$new$0(136)) - 85843916-432a-4650-9548-77805447e337@group-E55E8F86347C-SegmentedRaftLogWorker: safeCacheEvictIndex: setUnconditionally 0 -> -1
2022-11-15 00:58:25,450 [pool-72-thread-1] INFO  server.RaftServer$Division (RaftServerImpl.java:start(334)) - 85843916-432a-4650-9548-77805447e337@group-E55E8F86347C: start as a follower, conf=-1: peers:[85843916-432a-4650-9548-77805447e337|rpc:10.1.1.13:40129|priority:1|startupRole:FOLLOWER]|listeners:[], old=null
2022-11-15 00:58:25,450 [pool-72-thread-1] INFO  server.RaftServer$Division (RaftServerImpl.java:setRole(321)) - 85843916-432a-4650-9548-77805447e337@group-E55E8F86347C: changes role from      null to FOLLOWER at term 0 for startAsFollower
2022-11-15 00:58:25,450 [pool-72-thread-1] INFO  impl.RoleInfo (RoleInfo.java:updateAndGet(139)) - 85843916-432a-4650-9548-77805447e337: start 85843916-432a-4650-9548-77805447e337@group-E55E8F86347C-FollowerState
2022-11-15 00:58:25,450 [pool-72-thread-1] INFO  util.JmxRegister (JmxRegister.java:tryRegister(44)) - Successfully registered JMX Bean with object name Ratis:service=RaftServer,group=group-E55E8F86347C,id=85843916-432a-4650-9548-77805447e337
2022-11-15 00:58:25,451 [pool-72-thread-1] INFO  server.RaftServerConfigKeys (ConfUtils.java:logGet(46)) - raft.server.snapshot.auto.trigger.enabled = true (custom)
2022-11-15 00:58:25,451 [pool-72-thread-1] INFO  server.RaftServerConfigKeys (ConfUtils.java:logGet(46)) - raft.server.snapshot.auto.trigger.threshold = 10000 (custom)
2022-11-15 00:58:25,451 [pool-72-thread-1] INFO  server.RaftServerConfigKeys (ConfUtils.java:logGet(46)) - raft.server.snapshot.retention.file.num = 5 (custom)
2022-11-15 00:58:25,451 [pool-72-thread-1] INFO  server.RaftServerConfigKeys (ConfUtils.java:logGet(46)) - raft.server.log.purge.upto.snapshot.index = false (default)
2022-11-15 00:58:25,454 [85843916-432a-4650-9548-77805447e337@group-E55E8F86347C-FollowerState] INFO  server.RaftServerConfigKeys (ConfUtils.java:logFallback(53)) - raft.server.rpc.first-election.timeout.min = 5s (fallback to raft.server.rpc.timeout.min)
2022-11-15 00:58:25,454 [85843916-432a-4650-9548-77805447e337@group-E55E8F86347C-FollowerState] INFO  server.RaftServerConfigKeys (ConfUtils.java:logFallback(53)) - raft.server.rpc.first-election.timeout.max = 5200ms (fallback to raft.server.rpc.timeout.max)
2022-11-15 00:58:25,458 [Command processor thread] INFO  ratis.XceiverServerRatis (XceiverServerRatis.java:addGroup(765)) - Created group PipelineID=14f740f9-0c8d-4e3c-bda3-e55e8f86347c
2022-11-15 00:58:25,459 [Command processor thread] INFO  commandhandler.CreatePipelineCommandHandler (CreatePipelineCommandHandler.java:handle(113)) - Created Pipeline RATIS ONE PipelineID=14f740f9-0c8d-4e3c-bda3-e55e8f86347c.
2022-11-15 00:58:25,459 [Command processor thread] INFO  server.RaftServer (RaftServerProxy.java:addNew(96)) - 85843916-432a-4650-9548-77805447e337: addNew group-B2C5C66B2059:[bf73ebd2-05f1-4192-b11d-fd5e465fd53e|rpc:10.1.1.13:37419|priority:0|startupRole:FOLLOWER, aaeb156b-3e2f-4cf8-856b-91bff9608227|rpc:10.1.1.13:44061|priority:0|startupRole:FOLLOWER, 85843916-432a-4650-9548-77805447e337|rpc:10.1.1.13:40129|priority:1|startupRole:FOLLOWER] returns group-B2C5C66B2059:java.util.concurrent.CompletableFuture@352cb4d7[Not completed]
2022-11-15 00:58:25,460 [pool-72-thread-1] INFO  server.RaftServer$Division (RaftServerImpl.java:<init>(195)) - 85843916-432a-4650-9548-77805447e337: new RaftServerImpl for group-B2C5C66B2059:[bf73ebd2-05f1-4192-b11d-fd5e465fd53e|rpc:10.1.1.13:37419|priority:0|startupRole:FOLLOWER, aaeb156b-3e2f-4cf8-856b-91bff9608227|rpc:10.1.1.13:44061|priority:0|startupRole:FOLLOWER, 85843916-432a-4650-9548-77805447e337|rpc:10.1.1.13:40129|priority:1|startupRole:FOLLOWER] with ContainerStateMachine:uninitialized
2022-11-15 00:58:25,460 [pool-72-thread-1] INFO  server.RaftServerConfigKeys (ConfUtils.java:logGet(46)) - raft.server.rpc.timeout.min = 5s (custom)
2022-11-15 00:58:25,460 [pool-72-thread-1] INFO  server.RaftServerConfigKeys (ConfUtils.java:logGet(46)) - raft.server.rpc.timeout.max = 5200ms (custom)
2022-11-15 00:58:25,460 [pool-72-thread-1] INFO  server.RaftServerConfigKeys (ConfUtils.java:logGet(46)) - raft.server.rpc.sleep.time = 25ms (default)
2022-11-15 00:58:25,461 [pool-72-thread-1] INFO  server.RaftServerConfigKeys (ConfUtils.java:logGet(46)) - raft.server.rpc.slowness.timeout = 300s (custom)
2022-11-15 00:58:25,461 [pool-72-thread-1] INFO  server.RaftServerConfigKeys (ConfUtils.java:logGet(46)) - raft.server.leaderelection.leader.step-down.wait-time = 10s (default)
2022-11-15 00:58:25,461 [pool-72-thread-1] INFO  server.RaftServerConfigKeys (ConfUtils.java:logGet(46)) - raft.server.sleep.deviation.threshold = 300ms (default)
2022-11-15 00:58:25,461 [pool-72-thread-1] INFO  server.RaftServer$Division (ServerState.java:<init>(118)) - 85843916-432a-4650-9548-77805447e337@group-B2C5C66B2059: ConfigurationManager, init=-1: peers:[bf73ebd2-05f1-4192-b11d-fd5e465fd53e|rpc:10.1.1.13:37419|priority:0|startupRole:FOLLOWER, aaeb156b-3e2f-4cf8-856b-91bff9608227|rpc:10.1.1.13:44061|priority:0|startupRole:FOLLOWER, 85843916-432a-4650-9548-77805447e337|rpc:10.1.1.13:40129|priority:1|startupRole:FOLLOWER]|listeners:[], old=null, confs=<EMPTY_MAP>
2022-11-15 00:58:25,461 [pool-72-thread-1] INFO  server.RaftServerConfigKeys (ConfUtils.java:logGet(46)) - raft.server.storage.dir = [/home/runner/work/ozone/ozone/hadoop-ozone/integration-test/target/test-dir/MiniOzoneClusterImpl-967df050-5cad-43ef-a6d1-66aedb0492a1/datanode-0/data/ratis] (custom)
2022-11-15 00:58:25,461 [pool-72-thread-1] INFO  server.RaftServerConfigKeys (ConfUtils.java:logGet(46)) - raft.server.log.corruption.policy = EXCEPTION (default)
2022-11-15 00:58:25,461 [pool-72-thread-1] INFO  server.RaftServerConfigKeys (ConfUtils.java:logGet(46)) - raft.server.storage.free-space.min = 0MB (=0) (default)
2022-11-15 00:58:25,461 [pool-72-thread-1] INFO  server.RaftServerConfigKeys (ConfUtils.java:logGet(46)) - raft.server.notification.no-leader.timeout = 300s (custom)
2022-11-15 00:58:25,461 [pool-72-thread-1] INFO  server.RaftServerConfigKeys (ConfUtils.java:logGet(46)) - raft.server.retrycache.expirytime = 600000ms (custom)
2022-11-15 00:58:25,461 [pool-72-thread-1] INFO  server.RaftServerConfigKeys (ConfUtils.java:logGet(46)) - raft.server.retrycache.statistics.expirytime = 100μs (default)
2022-11-15 00:58:25,463 [pool-72-thread-1] INFO  server.RaftServerConfigKeys (ConfUtils.java:logGet(46)) - raft.server.log.appender.install.snapshot.enabled = false (custom)
2022-11-15 00:58:25,463 [pool-72-thread-1] INFO  server.RaftServerConfigKeys (ConfUtils.java:logGet(46)) - raft.server.threadpool.server.cached = true (default)
2022-11-15 00:58:25,463 [pool-72-thread-1] INFO  server.RaftServerConfigKeys (ConfUtils.java:logGet(46)) - raft.server.threadpool.server.size = 0 (default)
2022-11-15 00:58:25,463 [pool-72-thread-1] INFO  server.RaftServerConfigKeys (ConfUtils.java:logGet(46)) - raft.server.threadpool.client.cached = true (default)
2022-11-15 00:58:25,463 [pool-72-thread-1] INFO  server.RaftServerConfigKeys (ConfUtils.java:logGet(46)) - raft.server.threadpool.client.size = 0 (default)
2022-11-15 00:58:25,463 [pool-72-thread-1] INFO  storage.RaftStorageDirectory (RaftStorageDirectoryImpl.java:analyzeStorage(137)) - The storage directory /home/runner/work/ozone/ozone/hadoop-ozone/integration-test/target/test-dir/MiniOzoneClusterImpl-967df050-5cad-43ef-a6d1-66aedb0492a1/datanode-0/data/ratis/40abed11-adad-4fb2-956c-b2c5c66b2059 does not exist. Creating ...
2022-11-15 00:58:25,464 [pool-72-thread-1] INFO  storage.RaftStorageDirectory (RaftStorageDirectoryImpl.java:tryLock(231)) - Lock on /home/runner/work/ozone/ozone/hadoop-ozone/integration-test/target/test-dir/MiniOzoneClusterImpl-967df050-5cad-43ef-a6d1-66aedb0492a1/datanode-0/data/ratis/40abed11-adad-4fb2-956c-b2c5c66b2059/in_use.lock acquired by nodename 5041@fv-az296-38
2022-11-15 00:58:25,464 [pool-72-thread-1] INFO  storage.RaftStorage (RaftStorageImpl.java:format(96)) - Storage directory /home/runner/work/ozone/ozone/hadoop-ozone/integration-test/target/test-dir/MiniOzoneClusterImpl-967df050-5cad-43ef-a6d1-66aedb0492a1/datanode-0/data/ratis/40abed11-adad-4fb2-956c-b2c5c66b2059 has been successfully formatted.
2022-11-15 00:58:25,465 [pool-72-thread-1] INFO  ratis.ContainerStateMachine (ContainerStateMachine.java:loadSnapshot(236)) - group-B2C5C66B2059: The snapshot info is null. Setting the last applied indexto:(t:0, i:~)
2022-11-15 00:58:25,465 [pool-72-thread-1] INFO  server.RaftServerConfigKeys (ConfUtils.java:logGet(46)) - raft.server.log.use.memory = false (default)
2022-11-15 00:58:25,465 [pool-72-thread-1] INFO  server.RaftServerConfigKeys (ConfUtils.java:logGet(46)) - raft.server.log.purge.gap = 1000000 (custom)
2022-11-15 00:58:25,465 [pool-72-thread-1] INFO  server.RaftServerConfigKeys (ConfUtils.java:logGet(46)) - raft.server.log.appender.buffer.byte-limit = 33554432 (custom)
2022-11-15 00:58:25,465 [pool-72-thread-1] INFO  server.RaftServerConfigKeys (ConfUtils.java:logGet(46)) - raft.server.log.statemachine.data.read.timeout = 1000ms (default)
2022-11-15 00:58:25,465 [pool-72-thread-1] INFO  server.RaftServerConfigKeys (ConfUtils.java:logGet(46)) - raft.server.log.purge.preservation.log.num = 0 (default)
2022-11-15 00:58:25,465 [pool-72-thread-1] INFO  server.RaftServerConfigKeys (ConfUtils.java:logGet(46)) - raft.server.log.segment.size.max = 1048576 (custom)
2022-11-15 00:58:25,466 [pool-72-thread-1] INFO  server.RaftServerConfigKeys (ConfUtils.java:logGet(46)) - raft.server.log.segment.cache.num.max = 2 (custom)
2022-11-15 00:58:25,466 [pool-72-thread-1] INFO  server.RaftServerConfigKeys (ConfUtils.java:logGet(46)) - raft.server.log.segment.cache.size.max = 200MB (=209715200) (default)
2022-11-15 00:58:25,466 [pool-72-thread-1] INFO  segmented.SegmentedRaftLogWorker (SegmentedRaftLogWorker.java:<init>(191)) - new 85843916-432a-4650-9548-77805447e337@group-B2C5C66B2059-SegmentedRaftLogWorker for RaftStorageImpl:Storage Directory /home/runner/work/ozone/ozone/hadoop-ozone/integration-test/target/test-dir/MiniOzoneClusterImpl-967df050-5cad-43ef-a6d1-66aedb0492a1/datanode-0/data/ratis/40abed11-adad-4fb2-956c-b2c5c66b2059
2022-11-15 00:58:25,466 [pool-72-thread-1] INFO  server.RaftServerConfigKeys (ConfUtils.java:logGet(46)) - raft.server.log.queue.byte-limit = 4294967296 (custom)
2022-11-15 00:58:25,466 [pool-72-thread-1] INFO  server.RaftServerConfigKeys (ConfUtils.java:logGet(46)) - raft.server.log.queue.element-limit = 1024 (custom)
2022-11-15 00:58:25,466 [pool-72-thread-1] INFO  server.RaftServerConfigKeys (ConfUtils.java:logGet(46)) - raft.server.log.segment.size.max = 1048576 (custom)
2022-11-15 00:58:25,466 [pool-72-thread-1] INFO  server.RaftServerConfigKeys (ConfUtils.java:logGet(46)) - raft.server.log.preallocated.size = 16384 (custom)
2022-11-15 00:58:25,466 [pool-72-thread-1] INFO  server.RaftServerConfigKeys (ConfUtils.java:logGet(46)) - raft.server.log.force.sync.num = 128 (default)
2022-11-15 00:58:25,466 [pool-72-thread-1] INFO  server.RaftServerConfigKeys (ConfUtils.java:logGet(46)) - raft.server.log.statemachine.data.sync = true (default)
2022-11-15 00:58:25,466 [pool-72-thread-1] INFO  server.RaftServerConfigKeys (ConfUtils.java:logGet(46)) - raft.server.log.statemachine.data.sync.timeout = 10s (default)
2022-11-15 00:58:25,466 [pool-72-thread-1] INFO  server.RaftServerConfigKeys (ConfUtils.java:logGet(46)) - raft.server.log.statemachine.data.sync.timeout.retry = -1 (default)
2022-11-15 00:58:25,467 [pool-72-thread-1] INFO  server.RaftServerConfigKeys (ConfUtils.java:logGet(46)) - raft.server.log.write.buffer.size = 1048576 (custom)
2022-11-15 00:58:25,468 [pool-72-thread-1] INFO  server.RaftServerConfigKeys (ConfUtils.java:logGet(46)) - raft.server.log.unsafe-flush.enabled = false (default)
2022-11-15 00:58:25,468 [pool-72-thread-1] INFO  server.RaftServerConfigKeys (ConfUtils.java:logGet(46)) - raft.server.log.async-flush.enabled = false (default)
2022-11-15 00:58:25,468 [pool-72-thread-1] INFO  server.RaftServerConfigKeys (ConfUtils.java:logGet(46)) - raft.server.log.statemachine.data.caching.enabled = true (custom)
2022-11-15 00:58:25,468 [pool-72-thread-1] INFO  segmented.SegmentedRaftLogWorker (SegmentedRaftLogWorker.java:lambda$new$0(136)) - 85843916-432a-4650-9548-77805447e337@group-B2C5C66B2059-SegmentedRaftLogWorker: flushIndex: setUnconditionally 0 -> -1
2022-11-15 00:58:25,468 [pool-72-thread-1] INFO  segmented.SegmentedRaftLogWorker (SegmentedRaftLogWorker.java:lambda$new$0(136)) - 85843916-432a-4650-9548-77805447e337@group-B2C5C66B2059-SegmentedRaftLogWorker: safeCacheEvictIndex: setUnconditionally 0 -> -1
2022-11-15 00:58:25,468 [pool-72-thread-1] INFO  server.RaftServer$Division (RaftServerImpl.java:start(334)) - 85843916-432a-4650-9548-77805447e337@group-B2C5C66B2059: start as a follower, conf=-1: peers:[bf73ebd2-05f1-4192-b11d-fd5e465fd53e|rpc:10.1.1.13:37419|priority:0|startupRole:FOLLOWER, aaeb156b-3e2f-4cf8-856b-91bff9608227|rpc:10.1.1.13:44061|priority:0|startupRole:FOLLOWER, 85843916-432a-4650-9548-77805447e337|rpc:10.1.1.13:40129|priority:1|startupRole:FOLLOWER]|listeners:[], old=null
2022-11-15 00:58:25,468 [pool-72-thread-1] INFO  server.RaftServer$Division (RaftServerImpl.java:setRole(321)) - 85843916-432a-4650-9548-77805447e337@group-B2C5C66B2059: changes role from      null to FOLLOWER at term 0 for startAsFollower
2022-11-15 00:58:25,468 [pool-72-thread-1] INFO  impl.RoleInfo (RoleInfo.java:updateAndGet(139)) - 85843916-432a-4650-9548-77805447e337: start 85843916-432a-4650-9548-77805447e337@group-B2C5C66B2059-FollowerState
2022-11-15 00:58:25,473 [pool-72-thread-1] INFO  util.JmxRegister (JmxRegister.java:tryRegister(44)) - Successfully registered JMX Bean with object name Ratis:service=RaftServer,group=group-B2C5C66B2059,id=85843916-432a-4650-9548-77805447e337
2022-11-15 00:58:25,473 [pool-72-thread-1] INFO  server.RaftServerConfigKeys (ConfUtils.java:logGet(46)) - raft.server.snapshot.auto.trigger.enabled = true (custom)
2022-11-15 00:58:25,474 [pool-72-thread-1] INFO  server.RaftServerConfigKeys (ConfUtils.java:logGet(46)) - raft.server.snapshot.auto.trigger.threshold = 10000 (custom)
2022-11-15 00:58:25,474 [pool-72-thread-1] INFO  server.RaftServerConfigKeys (ConfUtils.java:logGet(46)) - raft.server.snapshot.retention.file.num = 5 (custom)
2022-11-15 00:58:25,474 [pool-72-thread-1] INFO  server.RaftServerConfigKeys (ConfUtils.java:logGet(46)) - raft.server.log.purge.upto.snapshot.index = false (default)
2022-11-15 00:58:25,475 [EventQueue-PipelineReportForPipelineReportHandler] INFO  pipeline.PipelineManagerImpl (PipelineManagerImpl.java:openPipeline(367)) - Pipeline Pipeline[ Id: 14f740f9-0c8d-4e3c-bda3-e55e8f86347c, Nodes: 85843916-432a-4650-9548-77805447e337{ip: 10.1.1.13, host: fv-az296-38.ie1vkwtfhimuhe55j3he1m2lab.gx.internal.cloudapp.net, ports: [REPLICATION=38425, RATIS=40129, RATIS_ADMIN=40129, RATIS_SERVER=40129, STANDALONE=46417], networkLocation: /default-rack, certSerialId: null, persistedOpState: IN_SERVICE, persistedOpStateExpiryEpochSec: 0}, ReplicationConfig: RATIS/ONE, State:ALLOCATED, leaderId:85843916-432a-4650-9548-77805447e337, CreationTimestamp2022-11-15T00:58:22.427Z[Etc/UTC]] moved to OPEN state
2022-11-15 00:58:25,478 [85843916-432a-4650-9548-77805447e337@group-B2C5C66B2059-FollowerState] INFO  server.RaftServerConfigKeys (ConfUtils.java:logFallback(53)) - raft.server.rpc.first-election.timeout.min = 5s (fallback to raft.server.rpc.timeout.min)
2022-11-15 00:58:25,478 [Command processor thread] INFO  ratis.XceiverServerRatis (XceiverServerRatis.java:addGroup(765)) - Created group PipelineID=40abed11-adad-4fb2-956c-b2c5c66b2059
2022-11-15 00:58:25,484 [85843916-432a-4650-9548-77805447e337@group-B2C5C66B2059-FollowerState] INFO  server.RaftServerConfigKeys (ConfUtils.java:logFallback(53)) - raft.server.rpc.first-election.timeout.max = 5200ms (fallback to raft.server.rpc.timeout.max)
2022-11-15 00:58:25,497 [EventQueue-OpenPipelineForHealthyPipelineSafeModeRule] INFO  safemode.SCMSafeModeManager (HealthyPipelineSafeModeRule.java:process(137)) - SCM in safe mode. Healthy pipelines reported count is 0, required healthy pipeline reported count is 1
2022-11-15 00:58:25,497 [EventQueue-OpenPipelineForHealthyPipelineSafeModeRule] INFO  safemode.SCMSafeModeManager (HealthyPipelineSafeModeRule.java:process(137)) - SCM in safe mode. Healthy pipelines reported count is 0, required healthy pipeline reported count is 1
2022-11-15 00:58:25,938 [grpc-default-executor-0] INFO  server.RaftServer (RaftServerProxy.java:addNew(96)) - bf73ebd2-05f1-4192-b11d-fd5e465fd53e: addNew group-B2C5C66B2059:[bf73ebd2-05f1-4192-b11d-fd5e465fd53e|rpc:10.1.1.13:37419|dataStream:|priority:0|startupRole:FOLLOWER, aaeb156b-3e2f-4cf8-856b-91bff9608227|rpc:10.1.1.13:44061|dataStream:|priority:0|startupRole:FOLLOWER, 85843916-432a-4650-9548-77805447e337|rpc:10.1.1.13:40129|dataStream:|priority:1|startupRole:FOLLOWER] returns group-B2C5C66B2059:java.util.concurrent.CompletableFuture@fbcaa71[Not completed]
2022-11-15 00:58:25,940 [pool-118-thread-1] INFO  server.RaftServer$Division (RaftServerImpl.java:<init>(195)) - bf73ebd2-05f1-4192-b11d-fd5e465fd53e: new RaftServerImpl for group-B2C5C66B2059:[bf73ebd2-05f1-4192-b11d-fd5e465fd53e|rpc:10.1.1.13:37419|dataStream:|priority:0|startupRole:FOLLOWER, aaeb156b-3e2f-4cf8-856b-91bff9608227|rpc:10.1.1.13:44061|dataStream:|priority:0|startupRole:FOLLOWER, 85843916-432a-4650-9548-77805447e337|rpc:10.1.1.13:40129|dataStream:|priority:1|startupRole:FOLLOWER] with ContainerStateMachine:uninitialized
2022-11-15 00:58:25,940 [pool-118-thread-1] INFO  server.RaftServerConfigKeys (ConfUtils.java:logGet(46)) - raft.server.rpc.timeout.min = 5s (custom)
2022-11-15 00:58:25,940 [pool-118-thread-1] INFO  server.RaftServerConfigKeys (ConfUtils.java:logGet(46)) - raft.server.rpc.timeout.max = 5200ms (custom)
2022-11-15 00:58:25,940 [pool-118-thread-1] INFO  server.RaftServerConfigKeys (ConfUtils.java:logGet(46)) - raft.server.rpc.sleep.time = 25ms (default)
2022-11-15 00:58:25,940 [pool-118-thread-1] INFO  server.RaftServerConfigKeys (ConfUtils.java:logGet(46)) - raft.server.rpc.slowness.timeout = 300s (custom)
2022-11-15 00:58:25,940 [pool-118-thread-1] INFO  server.RaftServerConfigKeys (ConfUtils.java:logGet(46)) - raft.server.leaderelection.leader.step-down.wait-time = 10s (default)
2022-11-15 00:58:25,940 [pool-118-thread-1] INFO  server.RaftServerConfigKeys (ConfUtils.java:logGet(46)) - raft.server.sleep.deviation.threshold = 300ms (default)
2022-11-15 00:58:25,940 [pool-118-thread-1] INFO  server.RaftServer$Division (ServerState.java:<init>(118)) - bf73ebd2-05f1-4192-b11d-fd5e465fd53e@group-B2C5C66B2059: ConfigurationManager, init=-1: peers:[bf73ebd2-05f1-4192-b11d-fd5e465fd53e|rpc:10.1.1.13:37419|dataStream:|priority:0|startupRole:FOLLOWER, aaeb156b-3e2f-4cf8-856b-91bff9608227|rpc:10.1.1.13:44061|dataStream:|priority:0|startupRole:FOLLOWER, 85843916-432a-4650-9548-77805447e337|rpc:10.1.1.13:40129|dataStream:|priority:1|startupRole:FOLLOWER]|listeners:[], old=null, confs=<EMPTY_MAP>
2022-11-15 00:58:25,940 [pool-118-thread-1] INFO  server.RaftServerConfigKeys (ConfUtils.java:logGet(46)) - raft.server.storage.dir = [/home/runner/work/ozone/ozone/hadoop-ozone/integration-test/target/test-dir/MiniOzoneClusterImpl-967df050-5cad-43ef-a6d1-66aedb0492a1/datanode-2/data/ratis] (custom)
2022-11-15 00:58:25,940 [pool-118-thread-1] INFO  server.RaftServerConfigKeys (ConfUtils.java:logGet(46)) - raft.server.log.corruption.policy = EXCEPTION (default)
2022-11-15 00:58:25,941 [pool-118-thread-1] INFO  server.RaftServerConfigKeys (ConfUtils.java:logGet(46)) - raft.server.storage.free-space.min = 0MB (=0) (default)
2022-11-15 00:58:25,941 [pool-118-thread-1] INFO  server.RaftServerConfigKeys (ConfUtils.java:logGet(46)) - raft.server.notification.no-leader.timeout = 300s (custom)
2022-11-15 00:58:25,941 [pool-118-thread-1] INFO  server.RaftServerConfigKeys (ConfUtils.java:logGet(46)) - raft.server.retrycache.expirytime = 600000ms (custom)
2022-11-15 00:58:25,941 [pool-118-thread-1] INFO  server.RaftServerConfigKeys (ConfUtils.java:logGet(46)) - raft.server.retrycache.statistics.expirytime = 100μs (default)
2022-11-15 00:58:25,942 [pool-118-thread-1] INFO  server.RaftServerConfigKeys (ConfUtils.java:logGet(46)) - raft.server.log.appender.install.snapshot.enabled = false (custom)
2022-11-15 00:58:25,942 [pool-118-thread-1] INFO  server.RaftServerConfigKeys (ConfUtils.java:logGet(46)) - raft.server.threadpool.server.cached = true (default)
2022-11-15 00:58:25,942 [pool-118-thread-1] INFO  server.RaftServerConfigKeys (ConfUtils.java:logGet(46)) - raft.server.threadpool.server.size = 0 (default)
2022-11-15 00:58:25,943 [pool-118-thread-1] INFO  server.RaftServerConfigKeys (ConfUtils.java:logGet(46)) - raft.server.threadpool.client.cached = true (default)
2022-11-15 00:58:25,943 [pool-118-thread-1] INFO  server.RaftServerConfigKeys (ConfUtils.java:logGet(46)) - raft.server.threadpool.client.size = 0 (default)
2022-11-15 00:58:25,943 [pool-118-thread-1] INFO  storage.RaftStorageDirectory (RaftStorageDirectoryImpl.java:analyzeStorage(137)) - The storage directory /home/runner/work/ozone/ozone/hadoop-ozone/integration-test/target/test-dir/MiniOzoneClusterImpl-967df050-5cad-43ef-a6d1-66aedb0492a1/datanode-2/data/ratis/40abed11-adad-4fb2-956c-b2c5c66b2059 does not exist. Creating ...
2022-11-15 00:58:25,944 [pool-118-thread-1] INFO  storage.RaftStorageDirectory (RaftStorageDirectoryImpl.java:tryLock(231)) - Lock on /home/runner/work/ozone/ozone/hadoop-ozone/integration-test/target/test-dir/MiniOzoneClusterImpl-967df050-5cad-43ef-a6d1-66aedb0492a1/datanode-2/data/ratis/40abed11-adad-4fb2-956c-b2c5c66b2059/in_use.lock acquired by nodename 5041@fv-az296-38
2022-11-15 00:58:25,945 [pool-118-thread-1] INFO  storage.RaftStorage (RaftStorageImpl.java:format(96)) - Storage directory /home/runner/work/ozone/ozone/hadoop-ozone/integration-test/target/test-dir/MiniOzoneClusterImpl-967df050-5cad-43ef-a6d1-66aedb0492a1/datanode-2/data/ratis/40abed11-adad-4fb2-956c-b2c5c66b2059 has been successfully formatted.
2022-11-15 00:58:25,946 [pool-118-thread-1] INFO  ratis.ContainerStateMachine (ContainerStateMachine.java:loadSnapshot(236)) - group-B2C5C66B2059: The snapshot info is null. Setting the last applied indexto:(t:0, i:~)
2022-11-15 00:58:25,947 [pool-118-thread-1] INFO  server.RaftServerConfigKeys (ConfUtils.java:logGet(46)) - raft.server.log.use.memory = false (default)
2022-11-15 00:58:25,948 [pool-118-thread-1] INFO  server.RaftServerConfigKeys (ConfUtils.java:logGet(46)) - raft.server.log.purge.gap = 1000000 (custom)
2022-11-15 00:58:25,948 [pool-118-thread-1] INFO  server.RaftServerConfigKeys (ConfUtils.java:logGet(46)) - raft.server.log.appender.buffer.byte-limit = 33554432 (custom)
2022-11-15 00:58:25,948 [pool-118-thread-1] INFO  server.RaftServerConfigKeys (ConfUtils.java:logGet(46)) - raft.server.log.statemachine.data.read.timeout = 1000ms (default)
2022-11-15 00:58:25,948 [pool-118-thread-1] INFO  server.RaftServerConfigKeys (ConfUtils.java:logGet(46)) - raft.server.log.purge.preservation.log.num = 0 (default)
2022-11-15 00:58:25,948 [pool-118-thread-1] INFO  server.RaftServerConfigKeys (ConfUtils.java:logGet(46)) - raft.server.log.segment.size.max = 1048576 (custom)
2022-11-15 00:58:25,949 [pool-118-thread-1] INFO  server.RaftServerConfigKeys (ConfUtils.java:logGet(46)) - raft.server.log.segment.cache.num.max = 2 (custom)
2022-11-15 00:58:25,949 [pool-118-thread-1] INFO  server.RaftServerConfigKeys (ConfUtils.java:logGet(46)) - raft.server.log.segment.cache.size.max = 200MB (=209715200) (default)
2022-11-15 00:58:25,949 [pool-118-thread-1] INFO  segmented.SegmentedRaftLogWorker (SegmentedRaftLogWorker.java:<init>(191)) - new bf73ebd2-05f1-4192-b11d-fd5e465fd53e@group-B2C5C66B2059-SegmentedRaftLogWorker for RaftStorageImpl:Storage Directory /home/runner/work/ozone/ozone/hadoop-ozone/integration-test/target/test-dir/MiniOzoneClusterImpl-967df050-5cad-43ef-a6d1-66aedb0492a1/datanode-2/data/ratis/40abed11-adad-4fb2-956c-b2c5c66b2059
2022-11-15 00:58:25,949 [pool-118-thread-1] INFO  server.RaftServerConfigKeys (ConfUtils.java:logGet(46)) - raft.server.log.queue.byte-limit = 4294967296 (custom)
2022-11-15 00:58:25,949 [pool-118-thread-1] INFO  server.RaftServerConfigKeys (ConfUtils.java:logGet(46)) - raft.server.log.queue.element-limit = 1024 (custom)
2022-11-15 00:58:25,949 [pool-118-thread-1] INFO  server.RaftServerConfigKeys (ConfUtils.java:logGet(46)) - raft.server.log.segment.size.max = 1048576 (custom)
2022-11-15 00:58:25,949 [pool-118-thread-1] INFO  server.RaftServerConfigKeys (ConfUtils.java:logGet(46)) - raft.server.log.preallocated.size = 16384 (custom)
2022-11-15 00:58:25,949 [pool-118-thread-1] INFO  server.RaftServerConfigKeys (ConfUtils.java:logGet(46)) - raft.server.log.force.sync.num = 128 (default)
2022-11-15 00:58:25,949 [pool-118-thread-1] INFO  server.RaftServerConfigKeys (ConfUtils.java:logGet(46)) - raft.server.log.statemachine.data.sync = true (default)
2022-11-15 00:58:25,950 [pool-118-thread-1] INFO  server.RaftServerConfigKeys (ConfUtils.java:logGet(46)) - raft.server.log.statemachine.data.sync.timeout = 10s (default)
2022-11-15 00:58:25,950 [pool-118-thread-1] INFO  server.RaftServerConfigKeys (ConfUtils.java:logGet(46)) - raft.server.log.statemachine.data.sync.timeout.retry = -1 (default)
2022-11-15 00:58:25,951 [pool-118-thread-1] INFO  server.RaftServerConfigKeys (ConfUtils.java:logGet(46)) - raft.server.log.write.buffer.size = 1048576 (custom)
2022-11-15 00:58:25,951 [pool-118-thread-1] INFO  server.RaftServerConfigKeys (ConfUtils.java:logGet(46)) - raft.server.log.unsafe-flush.enabled = false (default)
2022-11-15 00:58:25,951 [pool-118-thread-1] INFO  server.RaftServerConfigKeys (ConfUtils.java:logGet(46)) - raft.server.log.async-flush.enabled = false (default)
2022-11-15 00:58:25,951 [pool-118-thread-1] INFO  server.RaftServerConfigKeys (ConfUtils.java:logGet(46)) - raft.server.log.statemachine.data.caching.enabled = true (custom)
2022-11-15 00:58:25,952 [pool-118-thread-1] INFO  segmented.SegmentedRaftLogWorker (SegmentedRaftLogWorker.java:lambda$new$0(136)) - bf73ebd2-05f1-4192-b11d-fd5e465fd53e@group-B2C5C66B2059-SegmentedRaftLogWorker: flushIndex: setUnconditionally 0 -> -1
2022-11-15 00:58:25,952 [pool-118-thread-1] INFO  segmented.SegmentedRaftLogWorker (SegmentedRaftLogWorker.java:lambda$new$0(136)) - bf73ebd2-05f1-4192-b11d-fd5e465fd53e@group-B2C5C66B2059-SegmentedRaftLogWorker: safeCacheEvictIndex: setUnconditionally 0 -> -1
2022-11-15 00:58:25,957 [pool-118-thread-1] INFO  server.RaftServer$Division (RaftServerImpl.java:start(334)) - bf73ebd2-05f1-4192-b11d-fd5e465fd53e@group-B2C5C66B2059: start as a follower, conf=-1: peers:[bf73ebd2-05f1-4192-b11d-fd5e465fd53e|rpc:10.1.1.13:37419|dataStream:|priority:0|startupRole:FOLLOWER, aaeb156b-3e2f-4cf8-856b-91bff9608227|rpc:10.1.1.13:44061|dataStream:|priority:0|startupRole:FOLLOWER, 85843916-432a-4650-9548-77805447e337|rpc:10.1.1.13:40129|dataStream:|priority:1|startupRole:FOLLOWER]|listeners:[], old=null
2022-11-15 00:58:25,957 [pool-118-thread-1] INFO  server.RaftServer$Division (RaftServerImpl.java:setRole(321)) - bf73ebd2-05f1-4192-b11d-fd5e465fd53e@group-B2C5C66B2059: changes role from      null to FOLLOWER at term 0 for startAsFollower
2022-11-15 00:58:25,957 [pool-118-thread-1] INFO  impl.RoleInfo (RoleInfo.java:updateAndGet(139)) - bf73ebd2-05f1-4192-b11d-fd5e465fd53e: start bf73ebd2-05f1-4192-b11d-fd5e465fd53e@group-B2C5C66B2059-FollowerState
2022-11-15 00:58:25,957 [pool-118-thread-1] INFO  util.JmxRegister (JmxRegister.java:tryRegister(44)) - Successfully registered JMX Bean with object name Ratis:service=RaftServer,group=group-B2C5C66B2059,id=bf73ebd2-05f1-4192-b11d-fd5e465fd53e
2022-11-15 00:58:25,958 [bf73ebd2-05f1-4192-b11d-fd5e465fd53e@group-B2C5C66B2059-FollowerState] INFO  server.RaftServerConfigKeys (ConfUtils.java:logFallback(53)) - raft.server.rpc.first-election.timeout.min = 5s (fallback to raft.server.rpc.timeout.min)
2022-11-15 00:58:25,961 [bf73ebd2-05f1-4192-b11d-fd5e465fd53e@group-B2C5C66B2059-FollowerState] INFO  server.RaftServerConfigKeys (ConfUtils.java:logFallback(53)) - raft.server.rpc.first-election.timeout.max = 5200ms (fallback to raft.server.rpc.timeout.max)
2022-11-15 00:58:25,961 [pool-118-thread-1] INFO  server.RaftServerConfigKeys (ConfUtils.java:logGet(46)) - raft.server.snapshot.auto.trigger.enabled = true (custom)
2022-11-15 00:58:25,962 [pool-118-thread-1] INFO  server.RaftServerConfigKeys (ConfUtils.java:logGet(46)) - raft.server.snapshot.auto.trigger.threshold = 10000 (custom)
2022-11-15 00:58:25,962 [pool-118-thread-1] INFO  server.RaftServerConfigKeys (ConfUtils.java:logGet(46)) - raft.server.snapshot.retention.file.num = 5 (custom)
2022-11-15 00:58:25,962 [pool-118-thread-1] INFO  server.RaftServerConfigKeys (ConfUtils.java:logGet(46)) - raft.server.log.purge.upto.snapshot.index = false (default)
2022-11-15 00:58:26,018 [Command processor thread] INFO  server.RaftServer (RaftServerProxy.java:addNew(96)) - aaeb156b-3e2f-4cf8-856b-91bff9608227: addNew group-C339F021BDF2:[aaeb156b-3e2f-4cf8-856b-91bff9608227|rpc:10.1.1.13:44061|priority:1|startupRole:FOLLOWER] returns group-C339F021BDF2:java.util.concurrent.CompletableFuture@3649bbbc[Not completed]
2022-11-15 00:58:26,020 [pool-95-thread-1] INFO  server.RaftServer$Division (RaftServerImpl.java:<init>(195)) - aaeb156b-3e2f-4cf8-856b-91bff9608227: new RaftServerImpl for group-C339F021BDF2:[aaeb156b-3e2f-4cf8-856b-91bff9608227|rpc:10.1.1.13:44061|priority:1|startupRole:FOLLOWER] with ContainerStateMachine:uninitialized
2022-11-15 00:58:26,020 [pool-95-thread-1] INFO  server.RaftServerConfigKeys (ConfUtils.java:logGet(46)) - raft.server.rpc.timeout.min = 5s (custom)
2022-11-15 00:58:26,020 [pool-95-thread-1] INFO  server.RaftServerConfigKeys (ConfUtils.java:logGet(46)) - raft.server.rpc.timeout.max = 5200ms (custom)
2022-11-15 00:58:26,021 [pool-95-thread-1] INFO  server.RaftServerConfigKeys (ConfUtils.java:logGet(46)) - raft.server.rpc.sleep.time = 25ms (default)
2022-11-15 00:58:26,021 [pool-95-thread-1] INFO  server.RaftServerConfigKeys (ConfUtils.java:logGet(46)) - raft.server.rpc.slowness.timeout = 300s (custom)
2022-11-15 00:58:26,021 [pool-95-thread-1] INFO  server.RaftServerConfigKeys (ConfUtils.java:logGet(46)) - raft.server.leaderelection.leader.step-down.wait-time = 10s (default)
2022-11-15 00:58:26,021 [pool-95-thread-1] INFO  server.RaftServerConfigKeys (ConfUtils.java:logGet(46)) - raft.server.sleep.deviation.threshold = 300ms (default)
2022-11-15 00:58:26,021 [pool-95-thread-1] INFO  server.RaftServer$Division (ServerState.java:<init>(118)) - aaeb156b-3e2f-4cf8-856b-91bff9608227@group-C339F021BDF2: ConfigurationManager, init=-1: peers:[aaeb156b-3e2f-4cf8-856b-91bff9608227|rpc:10.1.1.13:44061|priority:1|startupRole:FOLLOWER]|listeners:[], old=null, confs=<EMPTY_MAP>
2022-11-15 00:58:26,021 [pool-95-thread-1] INFO  server.RaftServerConfigKeys (ConfUtils.java:logGet(46)) - raft.server.storage.dir = [/home/runner/work/ozone/ozone/hadoop-ozone/integration-test/target/test-dir/MiniOzoneClusterImpl-967df050-5cad-43ef-a6d1-66aedb0492a1/datanode-1/data/ratis] (custom)
2022-11-15 00:58:26,021 [pool-95-thread-1] INFO  server.RaftServerConfigKeys (ConfUtils.java:logGet(46)) - raft.server.log.corruption.policy = EXCEPTION (default)
2022-11-15 00:58:26,021 [pool-95-thread-1] INFO  server.RaftServerConfigKeys (ConfUtils.java:logGet(46)) - raft.server.storage.free-space.min = 0MB (=0) (default)
2022-11-15 00:58:26,021 [pool-95-thread-1] INFO  server.RaftServerConfigKeys (ConfUtils.java:logGet(46)) - raft.server.notification.no-leader.timeout = 300s (custom)
2022-11-15 00:58:26,022 [pool-95-thread-1] INFO  server.RaftServerConfigKeys (ConfUtils.java:logGet(46)) - raft.server.retrycache.expirytime = 600000ms (custom)
2022-11-15 00:58:26,022 [pool-95-thread-1] INFO  server.RaftServerConfigKeys (ConfUtils.java:logGet(46)) - raft.server.retrycache.statistics.expirytime = 100μs (default)
2022-11-15 00:58:26,023 [pool-95-thread-1] INFO  server.RaftServerConfigKeys (ConfUtils.java:logGet(46)) - raft.server.log.appender.install.snapshot.enabled = false (custom)
2022-11-15 00:58:26,023 [pool-95-thread-1] INFO  server.RaftServerConfigKeys (ConfUtils.java:logGet(46)) - raft.server.threadpool.server.cached = true (default)
2022-11-15 00:58:26,023 [pool-95-thread-1] INFO  server.RaftServerConfigKeys (ConfUtils.java:logGet(46)) - raft.server.threadpool.server.size = 0 (default)
2022-11-15 00:58:26,023 [pool-95-thread-1] INFO  server.RaftServerConfigKeys (ConfUtils.java:logGet(46)) - raft.server.threadpool.client.cached = true (default)
2022-11-15 00:58:26,023 [pool-95-thread-1] INFO  server.RaftServerConfigKeys (ConfUtils.java:logGet(46)) - raft.server.threadpool.client.size = 0 (default)
2022-11-15 00:58:26,023 [pool-95-thread-1] INFO  storage.RaftStorageDirectory (RaftStorageDirectoryImpl.java:analyzeStorage(137)) - The storage directory /home/runner/work/ozone/ozone/hadoop-ozone/integration-test/target/test-dir/MiniOzoneClusterImpl-967df050-5cad-43ef-a6d1-66aedb0492a1/datanode-1/data/ratis/d9aa63b6-a05f-46c2-8bf2-c339f021bdf2 does not exist. Creating ...
2022-11-15 00:58:26,026 [pool-95-thread-1] INFO  storage.RaftStorageDirectory (RaftStorageDirectoryImpl.java:tryLock(231)) - Lock on /home/runner/work/ozone/ozone/hadoop-ozone/integration-test/target/test-dir/MiniOzoneClusterImpl-967df050-5cad-43ef-a6d1-66aedb0492a1/datanode-1/data/ratis/d9aa63b6-a05f-46c2-8bf2-c339f021bdf2/in_use.lock acquired by nodename 5041@fv-az296-38
2022-11-15 00:58:26,027 [grpc-default-executor-0] INFO  server.RaftServer (RaftServerProxy.java:addNew(96)) - aaeb156b-3e2f-4cf8-856b-91bff9608227: addNew group-B2C5C66B2059:[bf73ebd2-05f1-4192-b11d-fd5e465fd53e|rpc:10.1.1.13:37419|dataStream:|priority:0|startupRole:FOLLOWER, aaeb156b-3e2f-4cf8-856b-91bff9608227|rpc:10.1.1.13:44061|dataStream:|priority:0|startupRole:FOLLOWER, 85843916-432a-4650-9548-77805447e337|rpc:10.1.1.13:40129|dataStream:|priority:1|startupRole:FOLLOWER] returns group-B2C5C66B2059:java.util.concurrent.CompletableFuture@7c291839[Not completed]
2022-11-15 00:58:26,028 [pool-95-thread-1] INFO  storage.RaftStorage (RaftStorageImpl.java:format(96)) - Storage directory /home/runner/work/ozone/ozone/hadoop-ozone/integration-test/target/test-dir/MiniOzoneClusterImpl-967df050-5cad-43ef-a6d1-66aedb0492a1/datanode-1/data/ratis/d9aa63b6-a05f-46c2-8bf2-c339f021bdf2 has been successfully formatted.
2022-11-15 00:58:26,029 [pool-95-thread-1] INFO  ratis.ContainerStateMachine (ContainerStateMachine.java:loadSnapshot(236)) - group-C339F021BDF2: The snapshot info is null. Setting the last applied indexto:(t:0, i:~)
2022-11-15 00:58:26,029 [pool-95-thread-1] INFO  server.RaftServerConfigKeys (ConfUtils.java:logGet(46)) - raft.server.log.use.memory = false (default)
2022-11-15 00:58:26,029 [pool-95-thread-1] INFO  server.RaftServerConfigKeys (ConfUtils.java:logGet(46)) - raft.server.log.purge.gap = 1000000 (custom)
2022-11-15 00:58:26,030 [EventQueue-PipelineReportForPipelineReportHandler] INFO  pipeline.PipelineManagerImpl (PipelineManagerImpl.java:openPipeline(367)) - Pipeline Pipeline[ Id: d9aa63b6-a05f-46c2-8bf2-c339f021bdf2, Nodes: aaeb156b-3e2f-4cf8-856b-91bff9608227{ip: 10.1.1.13, host: fv-az296-38.ie1vkwtfhimuhe55j3he1m2lab.gx.internal.cloudapp.net, ports: [REPLICATION=36385, RATIS=44061, RATIS_ADMIN=44061, RATIS_SERVER=44061, STANDALONE=39025], networkLocation: /default-rack, certSerialId: null, persistedOpState: IN_SERVICE, persistedOpStateExpiryEpochSec: 0}, ReplicationConfig: RATIS/ONE, State:ALLOCATED, leaderId:aaeb156b-3e2f-4cf8-856b-91bff9608227, CreationTimestamp2022-11-15T00:58:23.022Z[Etc/UTC]] moved to OPEN state
2022-11-15 00:58:26,031 [pool-95-thread-1] INFO  server.RaftServerConfigKeys (ConfUtils.java:logGet(46)) - raft.server.log.appender.buffer.byte-limit = 33554432 (custom)
2022-11-15 00:58:26,031 [pool-95-thread-1] INFO  server.RaftServerConfigKeys (ConfUtils.java:logGet(46)) - raft.server.log.statemachine.data.read.timeout = 1000ms (default)
2022-11-15 00:58:26,031 [pool-95-thread-1] INFO  server.RaftServerConfigKeys (ConfUtils.java:logGet(46)) - raft.server.log.purge.preservation.log.num = 0 (default)
2022-11-15 00:58:26,032 [pool-95-thread-1] INFO  server.RaftServerConfigKeys (ConfUtils.java:logGet(46)) - raft.server.log.segment.size.max = 1048576 (custom)
2022-11-15 00:58:26,032 [EventQueue-OpenPipelineForHealthyPipelineSafeModeRule] INFO  safemode.SCMSafeModeManager (HealthyPipelineSafeModeRule.java:process(137)) - SCM in safe mode. Healthy pipelines reported count is 0, required healthy pipeline reported count is 1
2022-11-15 00:58:26,033 [pool-95-thread-1] INFO  server.RaftServerConfigKeys (ConfUtils.java:logGet(46)) - raft.server.log.segment.cache.num.max = 2 (custom)
2022-11-15 00:58:26,033 [pool-95-thread-1] INFO  server.RaftServerConfigKeys (ConfUtils.java:logGet(46)) - raft.server.log.segment.cache.size.max = 200MB (=209715200) (default)
2022-11-15 00:58:26,033 [pool-95-thread-1] INFO  segmented.SegmentedRaftLogWorker (SegmentedRaftLogWorker.java:<init>(191)) - new aaeb156b-3e2f-4cf8-856b-91bff9608227@group-C339F021BDF2-SegmentedRaftLogWorker for RaftStorageImpl:Storage Directory /home/runner/work/ozone/ozone/hadoop-ozone/integration-test/target/test-dir/MiniOzoneClusterImpl-967df050-5cad-43ef-a6d1-66aedb0492a1/datanode-1/data/ratis/d9aa63b6-a05f-46c2-8bf2-c339f021bdf2
2022-11-15 00:58:26,033 [pool-95-thread-1] INFO  server.RaftServerConfigKeys (ConfUtils.java:logGet(46)) - raft.server.log.queue.byte-limit = 4294967296 (custom)
2022-11-15 00:58:26,033 [pool-95-thread-1] INFO  server.RaftServerConfigKeys (ConfUtils.java:logGet(46)) - raft.server.log.queue.element-limit = 1024 (custom)
2022-11-15 00:58:26,033 [pool-95-thread-1] INFO  server.RaftServerConfigKeys (ConfUtils.java:logGet(46)) - raft.server.log.segment.size.max = 1048576 (custom)
2022-11-15 00:58:26,033 [pool-95-thread-1] INFO  server.RaftServerConfigKeys (ConfUtils.java:logGet(46)) - raft.server.log.preallocated.size = 16384 (custom)
2022-11-15 00:58:26,033 [pool-95-thread-1] INFO  server.RaftServerConfigKeys (ConfUtils.java:logGet(46)) - raft.server.log.force.sync.num = 128 (default)
2022-11-15 00:58:26,033 [pool-95-thread-1] INFO  server.RaftServerConfigKeys (ConfUtils.java:logGet(46)) - raft.server.log.statemachine.data.sync = true (default)
2022-11-15 00:58:26,034 [pool-95-thread-1] INFO  server.RaftServerConfigKeys (ConfUtils.java:logGet(46)) - raft.server.log.statemachine.data.sync.timeout = 10s (default)
2022-11-15 00:58:26,034 [pool-95-thread-1] INFO  server.RaftServerConfigKeys (ConfUtils.java:logGet(46)) - raft.server.log.statemachine.data.sync.timeout.retry = -1 (default)
2022-11-15 00:58:26,035 [pool-95-thread-1] INFO  server.RaftServerConfigKeys (ConfUtils.java:logGet(46)) - raft.server.log.write.buffer.size = 1048576 (custom)
2022-11-15 00:58:26,035 [pool-95-thread-1] INFO  server.RaftServerConfigKeys (ConfUtils.java:logGet(46)) - raft.server.log.unsafe-flush.enabled = false (default)
2022-11-15 00:58:26,035 [pool-95-thread-1] INFO  server.RaftServerConfigKeys (ConfUtils.java:logGet(46)) - raft.server.log.async-flush.enabled = false (default)
2022-11-15 00:58:26,036 [pool-95-thread-1] INFO  server.RaftServerConfigKeys (ConfUtils.java:logGet(46)) - raft.server.log.statemachine.data.caching.enabled = true (custom)
2022-11-15 00:58:26,036 [pool-95-thread-1] INFO  segmented.SegmentedRaftLogWorker (SegmentedRaftLogWorker.java:lambda$new$0(136)) - aaeb156b-3e2f-4cf8-856b-91bff9608227@group-C339F021BDF2-SegmentedRaftLogWorker: flushIndex: setUnconditionally 0 -> -1
2022-11-15 00:58:26,037 [pool-95-thread-1] INFO  segmented.SegmentedRaftLogWorker (SegmentedRaftLogWorker.java:lambda$new$0(136)) - aaeb156b-3e2f-4cf8-856b-91bff9608227@group-C339F021BDF2-SegmentedRaftLogWorker: safeCacheEvictIndex: setUnconditionally 0 -> -1
2022-11-15 00:58:26,038 [pool-95-thread-1] INFO  server.RaftServer$Division (RaftServerImpl.java:start(334)) - aaeb156b-3e2f-4cf8-856b-91bff9608227@group-C339F021BDF2: start as a follower, conf=-1: peers:[aaeb156b-3e2f-4cf8-856b-91bff9608227|rpc:10.1.1.13:44061|priority:1|startupRole:FOLLOWER]|listeners:[], old=null
2022-11-15 00:58:26,038 [pool-95-thread-1] INFO  server.RaftServer$Division (RaftServerImpl.java:setRole(321)) - aaeb156b-3e2f-4cf8-856b-91bff9608227@group-C339F021BDF2: changes role from      null to FOLLOWER at term 0 for startAsFollower
2022-11-15 00:58:26,038 [pool-95-thread-1] INFO  impl.RoleInfo (RoleInfo.java:updateAndGet(139)) - aaeb156b-3e2f-4cf8-856b-91bff9608227: start aaeb156b-3e2f-4cf8-856b-91bff9608227@group-C339F021BDF2-FollowerState
2022-11-15 00:58:26,041 [pool-95-thread-1] INFO  util.JmxRegister (JmxRegister.java:tryRegister(44)) - Successfully registered JMX Bean with object name Ratis:service=RaftServer,group=group-C339F021BDF2,id=aaeb156b-3e2f-4cf8-856b-91bff9608227
2022-11-15 00:58:26,041 [pool-95-thread-1] INFO  server.RaftServerConfigKeys (ConfUtils.java:logGet(46)) - raft.server.snapshot.auto.trigger.enabled = true (custom)
2022-11-15 00:58:26,041 [pool-95-thread-1] INFO  server.RaftServerConfigKeys (ConfUtils.java:logGet(46)) - raft.server.snapshot.auto.trigger.threshold = 10000 (custom)
2022-11-15 00:58:26,041 [pool-95-thread-1] INFO  server.RaftServerConfigKeys (ConfUtils.java:logGet(46)) - raft.server.snapshot.retention.file.num = 5 (custom)
2022-11-15 00:58:26,041 [pool-95-thread-1] INFO  server.RaftServerConfigKeys (ConfUtils.java:logGet(46)) - raft.server.log.purge.upto.snapshot.index = false (default)
2022-11-15 00:58:26,042 [aaeb156b-3e2f-4cf8-856b-91bff9608227@group-C339F021BDF2-FollowerState] INFO  server.RaftServerConfigKeys (ConfUtils.java:logFallback(53)) - raft.server.rpc.first-election.timeout.min = 5s (fallback to raft.server.rpc.timeout.min)
2022-11-15 00:58:26,042 [aaeb156b-3e2f-4cf8-856b-91bff9608227@group-C339F021BDF2-FollowerState] INFO  server.RaftServerConfigKeys (ConfUtils.java:logFallback(53)) - raft.server.rpc.first-election.timeout.max = 5200ms (fallback to raft.server.rpc.timeout.max)
2022-11-15 00:58:26,045 [Command processor thread] INFO  ratis.XceiverServerRatis (XceiverServerRatis.java:addGroup(765)) - Created group PipelineID=d9aa63b6-a05f-46c2-8bf2-c339f021bdf2
2022-11-15 00:58:26,045 [Command processor thread] INFO  commandhandler.CreatePipelineCommandHandler (CreatePipelineCommandHandler.java:handle(113)) - Created Pipeline RATIS ONE PipelineID=d9aa63b6-a05f-46c2-8bf2-c339f021bdf2.
2022-11-15 00:58:26,050 [Command processor thread] INFO  server.RaftServer (RaftServerProxy.java:addNew(96)) - aaeb156b-3e2f-4cf8-856b-91bff9608227: addNew group-40A0510C1431:[bf73ebd2-05f1-4192-b11d-fd5e465fd53e|rpc:10.1.1.13:37419|priority:1|startupRole:FOLLOWER, aaeb156b-3e2f-4cf8-856b-91bff9608227|rpc:10.1.1.13:44061|priority:0|startupRole:FOLLOWER, 85843916-432a-4650-9548-77805447e337|rpc:10.1.1.13:40129|priority:0|startupRole:FOLLOWER] returns group-40A0510C1431:java.util.concurrent.CompletableFuture@327629ad[Not completed]
2022-11-15 00:58:26,050 [pool-95-thread-1] INFO  server.RaftServer$Division (RaftServerImpl.java:<init>(195)) - aaeb156b-3e2f-4cf8-856b-91bff9608227: new RaftServerImpl for group-B2C5C66B2059:[bf73ebd2-05f1-4192-b11d-fd5e465fd53e|rpc:10.1.1.13:37419|dataStream:|priority:0|startupRole:FOLLOWER, aaeb156b-3e2f-4cf8-856b-91bff9608227|rpc:10.1.1.13:44061|dataStream:|priority:0|startupRole:FOLLOWER, 85843916-432a-4650-9548-77805447e337|rpc:10.1.1.13:40129|dataStream:|priority:1|startupRole:FOLLOWER] with ContainerStateMachine:uninitialized
2022-11-15 00:58:26,050 [pool-95-thread-1] INFO  server.RaftServerConfigKeys (ConfUtils.java:logGet(46)) - raft.server.rpc.timeout.min = 5s (custom)
2022-11-15 00:58:26,050 [pool-95-thread-1] INFO  server.RaftServerConfigKeys (ConfUtils.java:logGet(46)) - raft.server.rpc.timeout.max = 5200ms (custom)
2022-11-15 00:58:26,050 [pool-95-thread-1] INFO  server.RaftServerConfigKeys (ConfUtils.java:logGet(46)) - raft.server.rpc.sleep.time = 25ms (default)
2022-11-15 00:58:26,050 [pool-95-thread-1] INFO  server.RaftServerConfigKeys (ConfUtils.java:logGet(46)) - raft.server.rpc.slowness.timeout = 300s (custom)
2022-11-15 00:58:26,050 [pool-95-thread-1] INFO  server.RaftServerConfigKeys (ConfUtils.java:logGet(46)) - raft.server.leaderelection.leader.step-down.wait-time = 10s (default)
2022-11-15 00:58:26,050 [pool-95-thread-1] INFO  server.RaftServerConfigKeys (ConfUtils.java:logGet(46)) - raft.server.sleep.deviation.threshold = 300ms (default)
2022-11-15 00:58:26,051 [pool-95-thread-1] INFO  server.RaftServer$Division (ServerState.java:<init>(118)) - aaeb156b-3e2f-4cf8-856b-91bff9608227@group-B2C5C66B2059: ConfigurationManager, init=-1: peers:[bf73ebd2-05f1-4192-b11d-fd5e465fd53e|rpc:10.1.1.13:37419|dataStream:|priority:0|startupRole:FOLLOWER, aaeb156b-3e2f-4cf8-856b-91bff9608227|rpc:10.1.1.13:44061|dataStream:|priority:0|startupRole:FOLLOWER, 85843916-432a-4650-9548-77805447e337|rpc:10.1.1.13:40129|dataStream:|priority:1|startupRole:FOLLOWER]|listeners:[], old=null, confs=<EMPTY_MAP>
2022-11-15 00:58:26,051 [pool-95-thread-1] INFO  server.RaftServerConfigKeys (ConfUtils.java:logGet(46)) - raft.server.storage.dir = [/home/runner/work/ozone/ozone/hadoop-ozone/integration-test/target/test-dir/MiniOzoneClusterImpl-967df050-5cad-43ef-a6d1-66aedb0492a1/datanode-1/data/ratis] (custom)
2022-11-15 00:58:26,051 [pool-95-thread-1] INFO  server.RaftServerConfigKeys (ConfUtils.java:logGet(46)) - raft.server.log.corruption.policy = EXCEPTION (default)
2022-11-15 00:58:26,051 [pool-95-thread-1] INFO  server.RaftServerConfigKeys (ConfUtils.java:logGet(46)) - raft.server.storage.free-space.min = 0MB (=0) (default)
2022-11-15 00:58:26,051 [pool-95-thread-1] INFO  server.RaftServerConfigKeys (ConfUtils.java:logGet(46)) - raft.server.notification.no-leader.timeout = 300s (custom)
2022-11-15 00:58:26,051 [pool-95-thread-1] INFO  server.RaftServerConfigKeys (ConfUtils.java:logGet(46)) - raft.server.retrycache.expirytime = 600000ms (custom)
2022-11-15 00:58:26,051 [pool-95-thread-1] INFO  server.RaftServerConfigKeys (ConfUtils.java:logGet(46)) - raft.server.retrycache.statistics.expirytime = 100μs (default)
2022-11-15 00:58:26,052 [pool-95-thread-1] INFO  server.RaftServerConfigKeys (ConfUtils.java:logGet(46)) - raft.server.log.appender.install.snapshot.enabled = false (custom)
2022-11-15 00:58:26,052 [pool-95-thread-1] INFO  server.RaftServerConfigKeys (ConfUtils.java:logGet(46)) - raft.server.threadpool.server.cached = true (default)
2022-11-15 00:58:26,052 [pool-95-thread-1] INFO  server.RaftServerConfigKeys (ConfUtils.java:logGet(46)) - raft.server.threadpool.server.size = 0 (default)
2022-11-15 00:58:26,052 [pool-95-thread-1] INFO  server.RaftServerConfigKeys (ConfUtils.java:logGet(46)) - raft.server.threadpool.client.cached = true (default)
2022-11-15 00:58:26,052 [pool-95-thread-1] INFO  server.RaftServerConfigKeys (ConfUtils.java:logGet(46)) - raft.server.threadpool.client.size = 0 (default)
2022-11-15 00:58:26,053 [pool-95-thread-1] INFO  server.RaftServer$Division (RaftServerImpl.java:<init>(195)) - aaeb156b-3e2f-4cf8-856b-91bff9608227: new RaftServerImpl for group-40A0510C1431:[bf73ebd2-05f1-4192-b11d-fd5e465fd53e|rpc:10.1.1.13:37419|priority:1|startupRole:FOLLOWER, aaeb156b-3e2f-4cf8-856b-91bff9608227|rpc:10.1.1.13:44061|priority:0|startupRole:FOLLOWER, 85843916-432a-4650-9548-77805447e337|rpc:10.1.1.13:40129|priority:0|startupRole:FOLLOWER] with ContainerStateMachine:uninitialized
2022-11-15 00:58:26,053 [pool-95-thread-1] INFO  server.RaftServerConfigKeys (ConfUtils.java:logGet(46)) - raft.server.rpc.timeout.min = 5s (custom)
2022-11-15 00:58:26,054 [pool-95-thread-1] INFO  server.RaftServerConfigKeys (ConfUtils.java:logGet(46)) - raft.server.rpc.timeout.max = 5200ms (custom)
2022-11-15 00:58:26,054 [pool-95-thread-1] INFO  server.RaftServerConfigKeys (ConfUtils.java:logGet(46)) - raft.server.rpc.sleep.time = 25ms (default)
2022-11-15 00:58:26,054 [pool-95-thread-1] INFO  server.RaftServerConfigKeys (ConfUtils.java:logGet(46)) - raft.server.rpc.slowness.timeout = 300s (custom)
2022-11-15 00:58:26,054 [pool-95-thread-1] INFO  server.RaftServerConfigKeys (ConfUtils.java:logGet(46)) - raft.server.leaderelection.leader.step-down.wait-time = 10s (default)
2022-11-15 00:58:26,054 [pool-95-thread-1] INFO  server.RaftServerConfigKeys (ConfUtils.java:logGet(46)) - raft.server.sleep.deviation.threshold = 300ms (default)
2022-11-15 00:58:26,054 [pool-95-thread-1] INFO  server.RaftServer$Division (ServerState.java:<init>(118)) - aaeb156b-3e2f-4cf8-856b-91bff9608227@group-40A0510C1431: ConfigurationManager, init=-1: peers:[bf73ebd2-05f1-4192-b11d-fd5e465fd53e|rpc:10.1.1.13:37419|priority:1|startupRole:FOLLOWER, aaeb156b-3e2f-4cf8-856b-91bff9608227|rpc:10.1.1.13:44061|priority:0|startupRole:FOLLOWER, 85843916-432a-4650-9548-77805447e337|rpc:10.1.1.13:40129|priority:0|startupRole:FOLLOWER]|listeners:[], old=null, confs=<EMPTY_MAP>
2022-11-15 00:58:26,054 [pool-95-thread-1] INFO  server.RaftServerConfigKeys (ConfUtils.java:logGet(46)) - raft.server.storage.dir = [/home/runner/work/ozone/ozone/hadoop-ozone/integration-test/target/test-dir/MiniOzoneClusterImpl-967df050-5cad-43ef-a6d1-66aedb0492a1/datanode-1/data/ratis] (custom)
2022-11-15 00:58:26,055 [pool-95-thread-1] INFO  server.RaftServerConfigKeys (ConfUtils.java:logGet(46)) - raft.server.log.corruption.policy = EXCEPTION (default)
2022-11-15 00:58:26,055 [pool-95-thread-1] INFO  server.RaftServerConfigKeys (ConfUtils.java:logGet(46)) - raft.server.storage.free-space.min = 0MB (=0) (default)
2022-11-15 00:58:26,055 [pool-95-thread-1] INFO  server.RaftServerConfigKeys (ConfUtils.java:logGet(46)) - raft.server.notification.no-leader.timeout = 300s (custom)
2022-11-15 00:58:26,055 [pool-95-thread-1] INFO  server.RaftServerConfigKeys (ConfUtils.java:logGet(46)) - raft.server.retrycache.expirytime = 600000ms (custom)
2022-11-15 00:58:26,055 [pool-95-thread-1] INFO  server.RaftServerConfigKeys (ConfUtils.java:logGet(46)) - raft.server.retrycache.statistics.expirytime = 100μs (default)
2022-11-15 00:58:26,058 [pool-95-thread-1] INFO  server.RaftServerConfigKeys (ConfUtils.java:logGet(46)) - raft.server.log.appender.install.snapshot.enabled = false (custom)
2022-11-15 00:58:26,058 [pool-95-thread-1] INFO  server.RaftServerConfigKeys (ConfUtils.java:logGet(46)) - raft.server.threadpool.server.cached = true (default)
2022-11-15 00:58:26,058 [pool-95-thread-1] INFO  server.RaftServerConfigKeys (ConfUtils.java:logGet(46)) - raft.server.threadpool.server.size = 0 (default)
2022-11-15 00:58:26,058 [pool-95-thread-1] INFO  server.RaftServerConfigKeys (ConfUtils.java:logGet(46)) - raft.server.threadpool.client.cached = true (default)
2022-11-15 00:58:26,058 [pool-95-thread-1] INFO  server.RaftServerConfigKeys (ConfUtils.java:logGet(46)) - raft.server.threadpool.client.size = 0 (default)
2022-11-15 00:58:26,058 [pool-95-thread-1] INFO  storage.RaftStorageDirectory (RaftStorageDirectoryImpl.java:analyzeStorage(137)) - The storage directory /home/runner/work/ozone/ozone/hadoop-ozone/integration-test/target/test-dir/MiniOzoneClusterImpl-967df050-5cad-43ef-a6d1-66aedb0492a1/datanode-1/data/ratis/40abed11-adad-4fb2-956c-b2c5c66b2059 does not exist. Creating ...
2022-11-15 00:58:26,059 [pool-95-thread-1] INFO  storage.RaftStorageDirectory (RaftStorageDirectoryImpl.java:tryLock(231)) - Lock on /home/runner/work/ozone/ozone/hadoop-ozone/integration-test/target/test-dir/MiniOzoneClusterImpl-967df050-5cad-43ef-a6d1-66aedb0492a1/datanode-1/data/ratis/40abed11-adad-4fb2-956c-b2c5c66b2059/in_use.lock acquired by nodename 5041@fv-az296-38
2022-11-15 00:58:26,060 [pool-95-thread-1] INFO  storage.RaftStorage (RaftStorageImpl.java:format(96)) - Storage directory /home/runner/work/ozone/ozone/hadoop-ozone/integration-test/target/test-dir/MiniOzoneClusterImpl-967df050-5cad-43ef-a6d1-66aedb0492a1/datanode-1/data/ratis/40abed11-adad-4fb2-956c-b2c5c66b2059 has been successfully formatted.
2022-11-15 00:58:26,060 [pool-95-thread-1] INFO  ratis.ContainerStateMachine (ContainerStateMachine.java:loadSnapshot(236)) - group-B2C5C66B2059: The snapshot info is null. Setting the last applied indexto:(t:0, i:~)
2022-11-15 00:58:26,060 [pool-95-thread-1] INFO  server.RaftServerConfigKeys (ConfUtils.java:logGet(46)) - raft.server.log.use.memory = false (default)
2022-11-15 00:58:26,062 [EventQueue-OpenPipelineForHealthyPipelineSafeModeRule] INFO  safemode.SCMSafeModeManager (HealthyPipelineSafeModeRule.java:process(137)) - SCM in safe mode. Healthy pipelines reported count is 0, required healthy pipeline reported count is 1
2022-11-15 00:58:26,063 [pool-95-thread-1] INFO  server.RaftServerConfigKeys (ConfUtils.java:logGet(46)) - raft.server.log.purge.gap = 1000000 (custom)
2022-11-15 00:58:26,064 [pool-95-thread-1] INFO  server.RaftServerConfigKeys (ConfUtils.java:logGet(46)) - raft.server.log.appender.buffer.byte-limit = 33554432 (custom)
2022-11-15 00:58:26,064 [pool-95-thread-1] INFO  server.RaftServerConfigKeys (ConfUtils.java:logGet(46)) - raft.server.log.statemachine.data.read.timeout = 1000ms (default)
2022-11-15 00:58:26,064 [pool-95-thread-1] INFO  server.RaftServerConfigKeys (ConfUtils.java:logGet(46)) - raft.server.log.purge.preservation.log.num = 0 (default)
2022-11-15 00:58:26,064 [pool-95-thread-1] INFO  server.RaftServerConfigKeys (ConfUtils.java:logGet(46)) - raft.server.log.segment.size.max = 1048576 (custom)
2022-11-15 00:58:26,065 [pool-95-thread-1] INFO  server.RaftServerConfigKeys (ConfUtils.java:logGet(46)) - raft.server.log.segment.cache.num.max = 2 (custom)
2022-11-15 00:58:26,065 [pool-95-thread-1] INFO  server.RaftServerConfigKeys (ConfUtils.java:logGet(46)) - raft.server.log.segment.cache.size.max = 200MB (=209715200) (default)
2022-11-15 00:58:26,065 [pool-95-thread-1] INFO  segmented.SegmentedRaftLogWorker (SegmentedRaftLogWorker.java:<init>(191)) - new aaeb156b-3e2f-4cf8-856b-91bff9608227@group-B2C5C66B2059-SegmentedRaftLogWorker for RaftStorageImpl:Storage Directory /home/runner/work/ozone/ozone/hadoop-ozone/integration-test/target/test-dir/MiniOzoneClusterImpl-967df050-5cad-43ef-a6d1-66aedb0492a1/datanode-1/data/ratis/40abed11-adad-4fb2-956c-b2c5c66b2059
2022-11-15 00:58:26,066 [pool-95-thread-1] INFO  server.RaftServerConfigKeys (ConfUtils.java:logGet(46)) - raft.server.log.queue.byte-limit = 4294967296 (custom)
2022-11-15 00:58:26,066 [pool-95-thread-1] INFO  server.RaftServerConfigKeys (ConfUtils.java:logGet(46)) - raft.server.log.queue.element-limit = 1024 (custom)
2022-11-15 00:58:26,066 [pool-95-thread-1] INFO  server.RaftServerConfigKeys (ConfUtils.java:logGet(46)) - raft.server.log.segment.size.max = 1048576 (custom)
2022-11-15 00:58:26,066 [pool-95-thread-1] INFO  server.RaftServerConfigKeys (ConfUtils.java:logGet(46)) - raft.server.log.preallocated.size = 16384 (custom)
2022-11-15 00:58:26,066 [pool-95-thread-1] INFO  server.RaftServerConfigKeys (ConfUtils.java:logGet(46)) - raft.server.log.force.sync.num = 128 (default)
2022-11-15 00:58:26,066 [pool-95-thread-1] INFO  server.RaftServerConfigKeys (ConfUtils.java:logGet(46)) - raft.server.log.statemachine.data.sync = true (default)
2022-11-15 00:58:26,066 [pool-95-thread-1] INFO  server.RaftServerConfigKeys (ConfUtils.java:logGet(46)) - raft.server.log.statemachine.data.sync.timeout = 10s (default)
2022-11-15 00:58:26,066 [pool-95-thread-1] INFO  server.RaftServerConfigKeys (ConfUtils.java:logGet(46)) - raft.server.log.statemachine.data.sync.timeout.retry = -1 (default)
2022-11-15 00:58:26,067 [pool-95-thread-1] INFO  server.RaftServerConfigKeys (ConfUtils.java:logGet(46)) - raft.server.log.write.buffer.size = 1048576 (custom)
2022-11-15 00:58:26,067 [pool-95-thread-1] INFO  server.RaftServerConfigKeys (ConfUtils.java:logGet(46)) - raft.server.log.unsafe-flush.enabled = false (default)
2022-11-15 00:58:26,067 [pool-95-thread-1] INFO  server.RaftServerConfigKeys (ConfUtils.java:logGet(46)) - raft.server.log.async-flush.enabled = false (default)
2022-11-15 00:58:26,067 [pool-95-thread-1] INFO  server.RaftServerConfigKeys (ConfUtils.java:logGet(46)) - raft.server.log.statemachine.data.caching.enabled = true (custom)
2022-11-15 00:58:26,068 [pool-95-thread-1] INFO  segmented.SegmentedRaftLogWorker (SegmentedRaftLogWorker.java:lambda$new$0(136)) - aaeb156b-3e2f-4cf8-856b-91bff9608227@group-B2C5C66B2059-SegmentedRaftLogWorker: flushIndex: setUnconditionally 0 -> -1
2022-11-15 00:58:26,068 [pool-95-thread-1] INFO  segmented.SegmentedRaftLogWorker (SegmentedRaftLogWorker.java:lambda$new$0(136)) - aaeb156b-3e2f-4cf8-856b-91bff9608227@group-B2C5C66B2059-SegmentedRaftLogWorker: safeCacheEvictIndex: setUnconditionally 0 -> -1
2022-11-15 00:58:26,072 [pool-95-thread-1] INFO  server.RaftServer$Division (RaftServerImpl.java:start(334)) - aaeb156b-3e2f-4cf8-856b-91bff9608227@group-B2C5C66B2059: start as a follower, conf=-1: peers:[bf73ebd2-05f1-4192-b11d-fd5e465fd53e|rpc:10.1.1.13:37419|dataStream:|priority:0|startupRole:FOLLOWER, aaeb156b-3e2f-4cf8-856b-91bff9608227|rpc:10.1.1.13:44061|dataStream:|priority:0|startupRole:FOLLOWER, 85843916-432a-4650-9548-77805447e337|rpc:10.1.1.13:40129|dataStream:|priority:1|startupRole:FOLLOWER]|listeners:[], old=null
2022-11-15 00:58:26,072 [pool-95-thread-1] INFO  server.RaftServer$Division (RaftServerImpl.java:setRole(321)) - aaeb156b-3e2f-4cf8-856b-91bff9608227@group-B2C5C66B2059: changes role from      null to FOLLOWER at term 0 for startAsFollower
2022-11-15 00:58:26,072 [pool-95-thread-1] INFO  impl.RoleInfo (RoleInfo.java:updateAndGet(139)) - aaeb156b-3e2f-4cf8-856b-91bff9608227: start aaeb156b-3e2f-4cf8-856b-91bff9608227@group-B2C5C66B2059-FollowerState
2022-11-15 00:58:26,072 [pool-95-thread-1] INFO  util.JmxRegister (JmxRegister.java:tryRegister(44)) - Successfully registered JMX Bean with object name Ratis:service=RaftServer,group=group-B2C5C66B2059,id=aaeb156b-3e2f-4cf8-856b-91bff9608227
2022-11-15 00:58:26,072 [aaeb156b-3e2f-4cf8-856b-91bff9608227@group-B2C5C66B2059-FollowerState] INFO  server.RaftServerConfigKeys (ConfUtils.java:logFallback(53)) - raft.server.rpc.first-election.timeout.min = 5s (fallback to raft.server.rpc.timeout.min)
2022-11-15 00:58:26,072 [pool-95-thread-1] INFO  server.RaftServerConfigKeys (ConfUtils.java:logGet(46)) - raft.server.snapshot.auto.trigger.enabled = true (custom)
2022-11-15 00:58:26,073 [aaeb156b-3e2f-4cf8-856b-91bff9608227@group-B2C5C66B2059-FollowerState] INFO  server.RaftServerConfigKeys (ConfUtils.java:logFallback(53)) - raft.server.rpc.first-election.timeout.max = 5200ms (fallback to raft.server.rpc.timeout.max)
2022-11-15 00:58:26,073 [pool-95-thread-1] INFO  server.RaftServerConfigKeys (ConfUtils.java:logGet(46)) - raft.server.snapshot.auto.trigger.threshold = 10000 (custom)
2022-11-15 00:58:26,073 [pool-95-thread-1] INFO  server.RaftServerConfigKeys (ConfUtils.java:logGet(46)) - raft.server.snapshot.retention.file.num = 5 (custom)
2022-11-15 00:58:26,073 [pool-95-thread-1] INFO  server.RaftServerConfigKeys (ConfUtils.java:logGet(46)) - raft.server.log.purge.upto.snapshot.index = false (default)
2022-11-15 00:58:26,074 [pool-95-thread-1] INFO  storage.RaftStorageDirectory (RaftStorageDirectoryImpl.java:analyzeStorage(137)) - The storage directory /home/runner/work/ozone/ozone/hadoop-ozone/integration-test/target/test-dir/MiniOzoneClusterImpl-967df050-5cad-43ef-a6d1-66aedb0492a1/datanode-1/data/ratis/246c63f5-148b-443f-8eec-40a0510c1431 does not exist. Creating ...
2022-11-15 00:58:26,079 [pool-95-thread-1] INFO  storage.RaftStorageDirectory (RaftStorageDirectoryImpl.java:tryLock(231)) - Lock on /home/runner/work/ozone/ozone/hadoop-ozone/integration-test/target/test-dir/MiniOzoneClusterImpl-967df050-5cad-43ef-a6d1-66aedb0492a1/datanode-1/data/ratis/246c63f5-148b-443f-8eec-40a0510c1431/in_use.lock acquired by nodename 5041@fv-az296-38
2022-11-15 00:58:26,081 [pool-95-thread-1] INFO  storage.RaftStorage (RaftStorageImpl.java:format(96)) - Storage directory /home/runner/work/ozone/ozone/hadoop-ozone/integration-test/target/test-dir/MiniOzoneClusterImpl-967df050-5cad-43ef-a6d1-66aedb0492a1/datanode-1/data/ratis/246c63f5-148b-443f-8eec-40a0510c1431 has been successfully formatted.
2022-11-15 00:58:26,082 [pool-95-thread-1] INFO  ratis.ContainerStateMachine (ContainerStateMachine.java:loadSnapshot(236)) - group-40A0510C1431: The snapshot info is null. Setting the last applied indexto:(t:0, i:~)
2022-11-15 00:58:26,082 [pool-95-thread-1] INFO  server.RaftServerConfigKeys (ConfUtils.java:logGet(46)) - raft.server.log.use.memory = false (default)
2022-11-15 00:58:26,082 [pool-95-thread-1] INFO  server.RaftServerConfigKeys (ConfUtils.java:logGet(46)) - raft.server.log.purge.gap = 1000000 (custom)
2022-11-15 00:58:26,083 [Command processor thread] INFO  commandhandler.CreatePipelineCommandHandler (CreatePipelineCommandHandler.java:handle(113)) - Created Pipeline RATIS THREE PipelineID=40abed11-adad-4fb2-956c-b2c5c66b2059.
2022-11-15 00:58:26,083 [Command processor thread] INFO  server.RaftServer (RaftServerProxy.java:addNew(96)) - 85843916-432a-4650-9548-77805447e337: addNew group-40A0510C1431:[bf73ebd2-05f1-4192-b11d-fd5e465fd53e|rpc:10.1.1.13:37419|priority:1|startupRole:FOLLOWER, aaeb156b-3e2f-4cf8-856b-91bff9608227|rpc:10.1.1.13:44061|priority:0|startupRole:FOLLOWER, 85843916-432a-4650-9548-77805447e337|rpc:10.1.1.13:40129|priority:0|startupRole:FOLLOWER] returns group-40A0510C1431:java.util.concurrent.CompletableFuture@7e783ad3[Not completed]
2022-11-15 00:58:26,083 [EventQueue-OpenPipelineForHealthyPipelineSafeModeRule] INFO  safemode.SCMSafeModeManager (HealthyPipelineSafeModeRule.java:process(137)) - SCM in safe mode. Healthy pipelines reported count is 0, required healthy pipeline reported count is 1
2022-11-15 00:58:26,084 [pool-95-thread-1] INFO  server.RaftServerConfigKeys (ConfUtils.java:logGet(46)) - raft.server.log.appender.buffer.byte-limit = 33554432 (custom)
2022-11-15 00:58:26,101 [pool-95-thread-1] INFO  server.RaftServerConfigKeys (ConfUtils.java:logGet(46)) - raft.server.log.statemachine.data.read.timeout = 1000ms (default)
2022-11-15 00:58:26,101 [pool-95-thread-1] INFO  server.RaftServerConfigKeys (ConfUtils.java:logGet(46)) - raft.server.log.purge.preservation.log.num = 0 (default)
2022-11-15 00:58:26,101 [pool-72-thread-1] INFO  server.RaftServer$Division (RaftServerImpl.java:<init>(195)) - 85843916-432a-4650-9548-77805447e337: new RaftServerImpl for group-40A0510C1431:[bf73ebd2-05f1-4192-b11d-fd5e465fd53e|rpc:10.1.1.13:37419|priority:1|startupRole:FOLLOWER, aaeb156b-3e2f-4cf8-856b-91bff9608227|rpc:10.1.1.13:44061|priority:0|startupRole:FOLLOWER, 85843916-432a-4650-9548-77805447e337|rpc:10.1.1.13:40129|priority:0|startupRole:FOLLOWER] with ContainerStateMachine:uninitialized
2022-11-15 00:58:26,101 [pool-72-thread-1] INFO  server.RaftServerConfigKeys (ConfUtils.java:logGet(46)) - raft.server.rpc.timeout.min = 5s (custom)
2022-11-15 00:58:26,101 [pool-72-thread-1] INFO  server.RaftServerConfigKeys (ConfUtils.java:logGet(46)) - raft.server.rpc.timeout.max = 5200ms (custom)
2022-11-15 00:58:26,102 [pool-72-thread-1] INFO  server.RaftServerConfigKeys (ConfUtils.java:logGet(46)) - raft.server.rpc.sleep.time = 25ms (default)
2022-11-15 00:58:26,102 [pool-72-thread-1] INFO  server.RaftServerConfigKeys (ConfUtils.java:logGet(46)) - raft.server.rpc.slowness.timeout = 300s (custom)
2022-11-15 00:58:26,102 [pool-72-thread-1] INFO  server.RaftServerConfigKeys (ConfUtils.java:logGet(46)) - raft.server.leaderelection.leader.step-down.wait-time = 10s (default)
2022-11-15 00:58:26,102 [pool-72-thread-1] INFO  server.RaftServerConfigKeys (ConfUtils.java:logGet(46)) - raft.server.sleep.deviation.threshold = 300ms (default)
2022-11-15 00:58:26,102 [pool-72-thread-1] INFO  server.RaftServer$Division (ServerState.java:<init>(118)) - 85843916-432a-4650-9548-77805447e337@group-40A0510C1431: ConfigurationManager, init=-1: peers:[bf73ebd2-05f1-4192-b11d-fd5e465fd53e|rpc:10.1.1.13:37419|priority:1|startupRole:FOLLOWER, aaeb156b-3e2f-4cf8-856b-91bff9608227|rpc:10.1.1.13:44061|priority:0|startupRole:FOLLOWER, 85843916-432a-4650-9548-77805447e337|rpc:10.1.1.13:40129|priority:0|startupRole:FOLLOWER]|listeners:[], old=null, confs=<EMPTY_MAP>
2022-11-15 00:58:26,102 [pool-72-thread-1] INFO  server.RaftServerConfigKeys (ConfUtils.java:logGet(46)) - raft.server.storage.dir = [/home/runner/work/ozone/ozone/hadoop-ozone/integration-test/target/test-dir/MiniOzoneClusterImpl-967df050-5cad-43ef-a6d1-66aedb0492a1/datanode-0/data/ratis] (custom)
2022-11-15 00:58:26,102 [pool-72-thread-1] INFO  server.RaftServerConfigKeys (ConfUtils.java:logGet(46)) - raft.server.log.corruption.policy = EXCEPTION (default)
2022-11-15 00:58:26,102 [pool-72-thread-1] INFO  server.RaftServerConfigKeys (ConfUtils.java:logGet(46)) - raft.server.storage.free-space.min = 0MB (=0) (default)
2022-11-15 00:58:26,102 [pool-72-thread-1] INFO  server.RaftServerConfigKeys (ConfUtils.java:logGet(46)) - raft.server.notification.no-leader.timeout = 300s (custom)
2022-11-15 00:58:26,102 [pool-72-thread-1] INFO  server.RaftServerConfigKeys (ConfUtils.java:logGet(46)) - raft.server.retrycache.expirytime = 600000ms (custom)
2022-11-15 00:58:26,102 [pool-72-thread-1] INFO  server.RaftServerConfigKeys (ConfUtils.java:logGet(46)) - raft.server.retrycache.statistics.expirytime = 100μs (default)
2022-11-15 00:58:26,103 [pool-72-thread-1] INFO  server.RaftServerConfigKeys (ConfUtils.java:logGet(46)) - raft.server.log.appender.install.snapshot.enabled = false (custom)
2022-11-15 00:58:26,103 [pool-72-thread-1] INFO  server.RaftServerConfigKeys (ConfUtils.java:logGet(46)) - raft.server.threadpool.server.cached = true (default)
2022-11-15 00:58:26,103 [pool-72-thread-1] INFO  server.RaftServerConfigKeys (ConfUtils.java:logGet(46)) - raft.server.threadpool.server.size = 0 (default)
2022-11-15 00:58:26,103 [pool-72-thread-1] INFO  server.RaftServerConfigKeys (ConfUtils.java:logGet(46)) - raft.server.threadpool.client.cached = true (default)
2022-11-15 00:58:26,103 [pool-72-thread-1] INFO  server.RaftServerConfigKeys (ConfUtils.java:logGet(46)) - raft.server.threadpool.client.size = 0 (default)
2022-11-15 00:58:26,103 [pool-72-thread-1] INFO  storage.RaftStorageDirectory (RaftStorageDirectoryImpl.java:analyzeStorage(137)) - The storage directory /home/runner/work/ozone/ozone/hadoop-ozone/integration-test/target/test-dir/MiniOzoneClusterImpl-967df050-5cad-43ef-a6d1-66aedb0492a1/datanode-0/data/ratis/246c63f5-148b-443f-8eec-40a0510c1431 does not exist. Creating ...
2022-11-15 00:58:26,105 [pool-95-thread-1] INFO  server.RaftServerConfigKeys (ConfUtils.java:logGet(46)) - raft.server.log.segment.size.max = 1048576 (custom)
2022-11-15 00:58:26,106 [pool-95-thread-1] INFO  server.RaftServerConfigKeys (ConfUtils.java:logGet(46)) - raft.server.log.segment.cache.num.max = 2 (custom)
2022-11-15 00:58:26,106 [pool-95-thread-1] INFO  server.RaftServerConfigKeys (ConfUtils.java:logGet(46)) - raft.server.log.segment.cache.size.max = 200MB (=209715200) (default)
2022-11-15 00:58:26,106 [pool-95-thread-1] INFO  segmented.SegmentedRaftLogWorker (SegmentedRaftLogWorker.java:<init>(191)) - new aaeb156b-3e2f-4cf8-856b-91bff9608227@group-40A0510C1431-SegmentedRaftLogWorker for RaftStorageImpl:Storage Directory /home/runner/work/ozone/ozone/hadoop-ozone/integration-test/target/test-dir/MiniOzoneClusterImpl-967df050-5cad-43ef-a6d1-66aedb0492a1/datanode-1/data/ratis/246c63f5-148b-443f-8eec-40a0510c1431
2022-11-15 00:58:26,106 [pool-95-thread-1] INFO  server.RaftServerConfigKeys (ConfUtils.java:logGet(46)) - raft.server.log.queue.byte-limit = 4294967296 (custom)
2022-11-15 00:58:26,106 [pool-95-thread-1] INFO  server.RaftServerConfigKeys (ConfUtils.java:logGet(46)) - raft.server.log.queue.element-limit = 1024 (custom)
2022-11-15 00:58:26,106 [pool-95-thread-1] INFO  server.RaftServerConfigKeys (ConfUtils.java:logGet(46)) - raft.server.log.segment.size.max = 1048576 (custom)
2022-11-15 00:58:26,106 [pool-95-thread-1] INFO  server.RaftServerConfigKeys (ConfUtils.java:logGet(46)) - raft.server.log.preallocated.size = 16384 (custom)
2022-11-15 00:58:26,106 [pool-95-thread-1] INFO  server.RaftServerConfigKeys (ConfUtils.java:logGet(46)) - raft.server.log.force.sync.num = 128 (default)
2022-11-15 00:58:26,106 [pool-95-thread-1] INFO  server.RaftServerConfigKeys (ConfUtils.java:logGet(46)) - raft.server.log.statemachine.data.sync = true (default)
2022-11-15 00:58:26,106 [pool-95-thread-1] INFO  server.RaftServerConfigKeys (ConfUtils.java:logGet(46)) - raft.server.log.statemachine.data.sync.timeout = 10s (default)
2022-11-15 00:58:26,106 [pool-95-thread-1] INFO  server.RaftServerConfigKeys (ConfUtils.java:logGet(46)) - raft.server.log.statemachine.data.sync.timeout.retry = -1 (default)
2022-11-15 00:58:26,105 [pool-72-thread-1] INFO  storage.RaftStorageDirectory (RaftStorageDirectoryImpl.java:tryLock(231)) - Lock on /home/runner/work/ozone/ozone/hadoop-ozone/integration-test/target/test-dir/MiniOzoneClusterImpl-967df050-5cad-43ef-a6d1-66aedb0492a1/datanode-0/data/ratis/246c63f5-148b-443f-8eec-40a0510c1431/in_use.lock acquired by nodename 5041@fv-az296-38
2022-11-15 00:58:26,107 [pool-95-thread-1] INFO  server.RaftServerConfigKeys (ConfUtils.java:logGet(46)) - raft.server.log.write.buffer.size = 1048576 (custom)
2022-11-15 00:58:26,107 [pool-72-thread-1] INFO  storage.RaftStorage (RaftStorageImpl.java:format(96)) - Storage directory /home/runner/work/ozone/ozone/hadoop-ozone/integration-test/target/test-dir/MiniOzoneClusterImpl-967df050-5cad-43ef-a6d1-66aedb0492a1/datanode-0/data/ratis/246c63f5-148b-443f-8eec-40a0510c1431 has been successfully formatted.
2022-11-15 00:58:26,108 [pool-95-thread-1] INFO  server.RaftServerConfigKeys (ConfUtils.java:logGet(46)) - raft.server.log.unsafe-flush.enabled = false (default)
2022-11-15 00:58:26,108 [pool-95-thread-1] INFO  server.RaftServerConfigKeys (ConfUtils.java:logGet(46)) - raft.server.log.async-flush.enabled = false (default)
2022-11-15 00:58:26,108 [pool-95-thread-1] INFO  server.RaftServerConfigKeys (ConfUtils.java:logGet(46)) - raft.server.log.statemachine.data.caching.enabled = true (custom)
2022-11-15 00:58:26,108 [pool-95-thread-1] INFO  segmented.SegmentedRaftLogWorker (SegmentedRaftLogWorker.java:lambda$new$0(136)) - aaeb156b-3e2f-4cf8-856b-91bff9608227@group-40A0510C1431-SegmentedRaftLogWorker: flushIndex: setUnconditionally 0 -> -1
2022-11-15 00:58:26,108 [pool-95-thread-1] INFO  segmented.SegmentedRaftLogWorker (SegmentedRaftLogWorker.java:lambda$new$0(136)) - aaeb156b-3e2f-4cf8-856b-91bff9608227@group-40A0510C1431-SegmentedRaftLogWorker: safeCacheEvictIndex: setUnconditionally 0 -> -1
2022-11-15 00:58:26,108 [pool-95-thread-1] INFO  server.RaftServer$Division (RaftServerImpl.java:start(334)) - aaeb156b-3e2f-4cf8-856b-91bff9608227@group-40A0510C1431: start as a follower, conf=-1: peers:[bf73ebd2-05f1-4192-b11d-fd5e465fd53e|rpc:10.1.1.13:37419|priority:1|startupRole:FOLLOWER, aaeb156b-3e2f-4cf8-856b-91bff9608227|rpc:10.1.1.13:44061|priority:0|startupRole:FOLLOWER, 85843916-432a-4650-9548-77805447e337|rpc:10.1.1.13:40129|priority:0|startupRole:FOLLOWER]|listeners:[], old=null
2022-11-15 00:58:26,108 [pool-95-thread-1] INFO  server.RaftServer$Division (RaftServerImpl.java:setRole(321)) - aaeb156b-3e2f-4cf8-856b-91bff9608227@group-40A0510C1431: changes role from      null to FOLLOWER at term 0 for startAsFollower
2022-11-15 00:58:26,108 [pool-95-thread-1] INFO  impl.RoleInfo (RoleInfo.java:updateAndGet(139)) - aaeb156b-3e2f-4cf8-856b-91bff9608227: start aaeb156b-3e2f-4cf8-856b-91bff9608227@group-40A0510C1431-FollowerState
2022-11-15 00:58:26,109 [pool-95-thread-1] INFO  util.JmxRegister (JmxRegister.java:tryRegister(44)) - Successfully registered JMX Bean with object name Ratis:service=RaftServer,group=group-40A0510C1431,id=aaeb156b-3e2f-4cf8-856b-91bff9608227
2022-11-15 00:58:26,109 [pool-95-thread-1] INFO  server.RaftServerConfigKeys (ConfUtils.java:logGet(46)) - raft.server.snapshot.auto.trigger.enabled = true (custom)
2022-11-15 00:58:26,109 [pool-95-thread-1] INFO  server.RaftServerConfigKeys (ConfUtils.java:logGet(46)) - raft.server.snapshot.auto.trigger.threshold = 10000 (custom)
2022-11-15 00:58:26,109 [pool-95-thread-1] INFO  server.RaftServerConfigKeys (ConfUtils.java:logGet(46)) - raft.server.snapshot.retention.file.num = 5 (custom)
2022-11-15 00:58:26,109 [pool-95-thread-1] INFO  server.RaftServerConfigKeys (ConfUtils.java:logGet(46)) - raft.server.log.purge.upto.snapshot.index = false (default)
2022-11-15 00:58:26,114 [Command processor thread] INFO  ratis.XceiverServerRatis (XceiverServerRatis.java:addGroup(765)) - Created group PipelineID=246c63f5-148b-443f-8eec-40a0510c1431
2022-11-15 00:58:26,115 [pool-72-thread-1] INFO  ratis.ContainerStateMachine (ContainerStateMachine.java:loadSnapshot(236)) - group-40A0510C1431: The snapshot info is null. Setting the last applied indexto:(t:0, i:~)
2022-11-15 00:58:26,115 [pool-72-thread-1] INFO  server.RaftServerConfigKeys (ConfUtils.java:logGet(46)) - raft.server.log.use.memory = false (default)
2022-11-15 00:58:26,115 [pool-72-thread-1] INFO  server.RaftServerConfigKeys (ConfUtils.java:logGet(46)) - raft.server.log.purge.gap = 1000000 (custom)
2022-11-15 00:58:26,115 [pool-72-thread-1] INFO  server.RaftServerConfigKeys (ConfUtils.java:logGet(46)) - raft.server.log.appender.buffer.byte-limit = 33554432 (custom)
2022-11-15 00:58:26,115 [pool-72-thread-1] INFO  server.RaftServerConfigKeys (ConfUtils.java:logGet(46)) - raft.server.log.statemachine.data.read.timeout = 1000ms (default)
2022-11-15 00:58:26,115 [pool-72-thread-1] INFO  server.RaftServerConfigKeys (ConfUtils.java:logGet(46)) - raft.server.log.purge.preservation.log.num = 0 (default)
2022-11-15 00:58:26,115 [pool-72-thread-1] INFO  server.RaftServerConfigKeys (ConfUtils.java:logGet(46)) - raft.server.log.segment.size.max = 1048576 (custom)
2022-11-15 00:58:26,115 [pool-72-thread-1] INFO  server.RaftServerConfigKeys (ConfUtils.java:logGet(46)) - raft.server.log.segment.cache.num.max = 2 (custom)
2022-11-15 00:58:26,115 [pool-72-thread-1] INFO  server.RaftServerConfigKeys (ConfUtils.java:logGet(46)) - raft.server.log.segment.cache.size.max = 200MB (=209715200) (default)
2022-11-15 00:58:26,116 [pool-72-thread-1] INFO  segmented.SegmentedRaftLogWorker (SegmentedRaftLogWorker.java:<init>(191)) - new 85843916-432a-4650-9548-77805447e337@group-40A0510C1431-SegmentedRaftLogWorker for RaftStorageImpl:Storage Directory /home/runner/work/ozone/ozone/hadoop-ozone/integration-test/target/test-dir/MiniOzoneClusterImpl-967df050-5cad-43ef-a6d1-66aedb0492a1/datanode-0/data/ratis/246c63f5-148b-443f-8eec-40a0510c1431
2022-11-15 00:58:26,116 [pool-72-thread-1] INFO  server.RaftServerConfigKeys (ConfUtils.java:logGet(46)) - raft.server.log.queue.byte-limit = 4294967296 (custom)
2022-11-15 00:58:26,116 [pool-72-thread-1] INFO  server.RaftServerConfigKeys (ConfUtils.java:logGet(46)) - raft.server.log.queue.element-limit = 1024 (custom)
2022-11-15 00:58:26,116 [pool-72-thread-1] INFO  server.RaftServerConfigKeys (ConfUtils.java:logGet(46)) - raft.server.log.segment.size.max = 1048576 (custom)
2022-11-15 00:58:26,116 [pool-72-thread-1] INFO  server.RaftServerConfigKeys (ConfUtils.java:logGet(46)) - raft.server.log.preallocated.size = 16384 (custom)
2022-11-15 00:58:26,116 [pool-72-thread-1] INFO  server.RaftServerConfigKeys (ConfUtils.java:logGet(46)) - raft.server.log.force.sync.num = 128 (default)
2022-11-15 00:58:26,116 [pool-72-thread-1] INFO  server.RaftServerConfigKeys (ConfUtils.java:logGet(46)) - raft.server.log.statemachine.data.sync = true (default)
2022-11-15 00:58:26,116 [pool-72-thread-1] INFO  server.RaftServerConfigKeys (ConfUtils.java:logGet(46)) - raft.server.log.statemachine.data.sync.timeout = 10s (default)
2022-11-15 00:58:26,116 [pool-72-thread-1] INFO  server.RaftServerConfigKeys (ConfUtils.java:logGet(46)) - raft.server.log.statemachine.data.sync.timeout.retry = -1 (default)
2022-11-15 00:58:26,116 [pool-72-thread-1] INFO  server.RaftServerConfigKeys (ConfUtils.java:logGet(46)) - raft.server.log.write.buffer.size = 1048576 (custom)
2022-11-15 00:58:26,117 [pool-72-thread-1] INFO  server.RaftServerConfigKeys (ConfUtils.java:logGet(46)) - raft.server.log.unsafe-flush.enabled = false (default)
2022-11-15 00:58:26,117 [pool-72-thread-1] INFO  server.RaftServerConfigKeys (ConfUtils.java:logGet(46)) - raft.server.log.async-flush.enabled = false (default)
2022-11-15 00:58:26,117 [pool-72-thread-1] INFO  server.RaftServerConfigKeys (ConfUtils.java:logGet(46)) - raft.server.log.statemachine.data.caching.enabled = true (custom)
2022-11-15 00:58:26,117 [pool-72-thread-1] INFO  segmented.SegmentedRaftLogWorker (SegmentedRaftLogWorker.java:lambda$new$0(136)) - 85843916-432a-4650-9548-77805447e337@group-40A0510C1431-SegmentedRaftLogWorker: flushIndex: setUnconditionally 0 -> -1
2022-11-15 00:58:26,117 [pool-72-thread-1] INFO  segmented.SegmentedRaftLogWorker (SegmentedRaftLogWorker.java:lambda$new$0(136)) - 85843916-432a-4650-9548-77805447e337@group-40A0510C1431-SegmentedRaftLogWorker: safeCacheEvictIndex: setUnconditionally 0 -> -1
2022-11-15 00:58:26,117 [pool-72-thread-1] INFO  server.RaftServer$Division (RaftServerImpl.java:start(334)) - 85843916-432a-4650-9548-77805447e337@group-40A0510C1431: start as a follower, conf=-1: peers:[bf73ebd2-05f1-4192-b11d-fd5e465fd53e|rpc:10.1.1.13:37419|priority:1|startupRole:FOLLOWER, aaeb156b-3e2f-4cf8-856b-91bff9608227|rpc:10.1.1.13:44061|priority:0|startupRole:FOLLOWER, 85843916-432a-4650-9548-77805447e337|rpc:10.1.1.13:40129|priority:0|startupRole:FOLLOWER]|listeners:[], old=null
2022-11-15 00:58:26,117 [pool-72-thread-1] INFO  server.RaftServer$Division (RaftServerImpl.java:setRole(321)) - 85843916-432a-4650-9548-77805447e337@group-40A0510C1431: changes role from      null to FOLLOWER at term 0 for startAsFollower
2022-11-15 00:58:26,117 [pool-72-thread-1] INFO  impl.RoleInfo (RoleInfo.java:updateAndGet(139)) - 85843916-432a-4650-9548-77805447e337: start 85843916-432a-4650-9548-77805447e337@group-40A0510C1431-FollowerState
2022-11-15 00:58:26,117 [pool-72-thread-1] INFO  util.JmxRegister (JmxRegister.java:tryRegister(44)) - Successfully registered JMX Bean with object name Ratis:service=RaftServer,group=group-40A0510C1431,id=85843916-432a-4650-9548-77805447e337
2022-11-15 00:58:26,118 [pool-72-thread-1] INFO  server.RaftServerConfigKeys (ConfUtils.java:logGet(46)) - raft.server.snapshot.auto.trigger.enabled = true (custom)
2022-11-15 00:58:26,118 [pool-72-thread-1] INFO  server.RaftServerConfigKeys (ConfUtils.java:logGet(46)) - raft.server.snapshot.auto.trigger.threshold = 10000 (custom)
2022-11-15 00:58:26,118 [pool-72-thread-1] INFO  server.RaftServerConfigKeys (ConfUtils.java:logGet(46)) - raft.server.snapshot.retention.file.num = 5 (custom)
2022-11-15 00:58:26,122 [EventQueue-OpenPipelineForHealthyPipelineSafeModeRule] INFO  safemode.SCMSafeModeManager (HealthyPipelineSafeModeRule.java:process(137)) - SCM in safe mode. Healthy pipelines reported count is 0, required healthy pipeline reported count is 1
2022-11-15 00:58:26,119 [aaeb156b-3e2f-4cf8-856b-91bff9608227@group-40A0510C1431-FollowerState] INFO  server.RaftServerConfigKeys (ConfUtils.java:logFallback(53)) - raft.server.rpc.first-election.timeout.min = 5s (fallback to raft.server.rpc.timeout.min)
2022-11-15 00:58:26,122 [pool-72-thread-1] INFO  server.RaftServerConfigKeys (ConfUtils.java:logGet(46)) - raft.server.log.purge.upto.snapshot.index = false (default)
2022-11-15 00:58:26,125 [aaeb156b-3e2f-4cf8-856b-91bff9608227@group-40A0510C1431-FollowerState] INFO  server.RaftServerConfigKeys (ConfUtils.java:logFallback(53)) - raft.server.rpc.first-election.timeout.max = 5200ms (fallback to raft.server.rpc.timeout.max)
2022-11-15 00:58:26,128 [Command processor thread] INFO  ratis.XceiverServerRatis (XceiverServerRatis.java:addGroup(765)) - Created group PipelineID=246c63f5-148b-443f-8eec-40a0510c1431
2022-11-15 00:58:26,137 [85843916-432a-4650-9548-77805447e337@group-40A0510C1431-FollowerState] INFO  server.RaftServerConfigKeys (ConfUtils.java:logFallback(53)) - raft.server.rpc.first-election.timeout.min = 5s (fallback to raft.server.rpc.timeout.min)
2022-11-15 00:58:26,137 [85843916-432a-4650-9548-77805447e337@group-40A0510C1431-FollowerState] INFO  server.RaftServerConfigKeys (ConfUtils.java:logFallback(53)) - raft.server.rpc.first-election.timeout.max = 5200ms (fallback to raft.server.rpc.timeout.max)
2022-11-15 00:58:26,203 [grpc-default-executor-1] INFO  server.RaftServer (RaftServerProxy.java:addNew(96)) - bf73ebd2-05f1-4192-b11d-fd5e465fd53e: addNew group-40A0510C1431:[bf73ebd2-05f1-4192-b11d-fd5e465fd53e|rpc:10.1.1.13:37419|dataStream:|priority:1|startupRole:FOLLOWER, aaeb156b-3e2f-4cf8-856b-91bff9608227|rpc:10.1.1.13:44061|dataStream:|priority:0|startupRole:FOLLOWER, 85843916-432a-4650-9548-77805447e337|rpc:10.1.1.13:40129|dataStream:|priority:0|startupRole:FOLLOWER] returns group-40A0510C1431:java.util.concurrent.CompletableFuture@1297e96c[Not completed]
2022-11-15 00:58:26,204 [pool-118-thread-1] INFO  server.RaftServer$Division (RaftServerImpl.java:<init>(195)) - bf73ebd2-05f1-4192-b11d-fd5e465fd53e: new RaftServerImpl for group-40A0510C1431:[bf73ebd2-05f1-4192-b11d-fd5e465fd53e|rpc:10.1.1.13:37419|dataStream:|priority:1|startupRole:FOLLOWER, aaeb156b-3e2f-4cf8-856b-91bff9608227|rpc:10.1.1.13:44061|dataStream:|priority:0|startupRole:FOLLOWER, 85843916-432a-4650-9548-77805447e337|rpc:10.1.1.13:40129|dataStream:|priority:0|startupRole:FOLLOWER] with ContainerStateMachine:uninitialized
2022-11-15 00:58:26,204 [pool-118-thread-1] INFO  server.RaftServerConfigKeys (ConfUtils.java:logGet(46)) - raft.server.rpc.timeout.min = 5s (custom)
2022-11-15 00:58:26,204 [pool-118-thread-1] INFO  server.RaftServerConfigKeys (ConfUtils.java:logGet(46)) - raft.server.rpc.timeout.max = 5200ms (custom)
2022-11-15 00:58:26,204 [pool-118-thread-1] INFO  server.RaftServerConfigKeys (ConfUtils.java:logGet(46)) - raft.server.rpc.sleep.time = 25ms (default)
2022-11-15 00:58:26,204 [pool-118-thread-1] INFO  server.RaftServerConfigKeys (ConfUtils.java:logGet(46)) - raft.server.rpc.slowness.timeout = 300s (custom)
2022-11-15 00:58:26,204 [pool-118-thread-1] INFO  server.RaftServerConfigKeys (ConfUtils.java:logGet(46)) - raft.server.leaderelection.leader.step-down.wait-time = 10s (default)
2022-11-15 00:58:26,204 [pool-118-thread-1] INFO  server.RaftServerConfigKeys (ConfUtils.java:logGet(46)) - raft.server.sleep.deviation.threshold = 300ms (default)
2022-11-15 00:58:26,204 [pool-118-thread-1] INFO  server.RaftServer$Division (ServerState.java:<init>(118)) - bf73ebd2-05f1-4192-b11d-fd5e465fd53e@group-40A0510C1431: ConfigurationManager, init=-1: peers:[bf73ebd2-05f1-4192-b11d-fd5e465fd53e|rpc:10.1.1.13:37419|dataStream:|priority:1|startupRole:FOLLOWER, aaeb156b-3e2f-4cf8-856b-91bff9608227|rpc:10.1.1.13:44061|dataStream:|priority:0|startupRole:FOLLOWER, 85843916-432a-4650-9548-77805447e337|rpc:10.1.1.13:40129|dataStream:|priority:0|startupRole:FOLLOWER]|listeners:[], old=null, confs=<EMPTY_MAP>
2022-11-15 00:58:26,204 [pool-118-thread-1] INFO  server.RaftServerConfigKeys (ConfUtils.java:logGet(46)) - raft.server.storage.dir = [/home/runner/work/ozone/ozone/hadoop-ozone/integration-test/target/test-dir/MiniOzoneClusterImpl-967df050-5cad-43ef-a6d1-66aedb0492a1/datanode-2/data/ratis] (custom)
2022-11-15 00:58:26,204 [pool-118-thread-1] INFO  server.RaftServerConfigKeys (ConfUtils.java:logGet(46)) - raft.server.log.corruption.policy = EXCEPTION (default)
2022-11-15 00:58:26,205 [pool-118-thread-1] INFO  server.RaftServerConfigKeys (ConfUtils.java:logGet(46)) - raft.server.storage.free-space.min = 0MB (=0) (default)
2022-11-15 00:58:26,205 [pool-118-thread-1] INFO  server.RaftServerConfigKeys (ConfUtils.java:logGet(46)) - raft.server.notification.no-leader.timeout = 300s (custom)
2022-11-15 00:58:26,205 [pool-118-thread-1] INFO  server.RaftServerConfigKeys (ConfUtils.java:logGet(46)) - raft.server.retrycache.expirytime = 600000ms (custom)
2022-11-15 00:58:26,205 [pool-118-thread-1] INFO  server.RaftServerConfigKeys (ConfUtils.java:logGet(46)) - raft.server.retrycache.statistics.expirytime = 100μs (default)
2022-11-15 00:58:26,205 [pool-118-thread-1] INFO  server.RaftServerConfigKeys (ConfUtils.java:logGet(46)) - raft.server.log.appender.install.snapshot.enabled = false (custom)
2022-11-15 00:58:26,205 [pool-118-thread-1] INFO  server.RaftServerConfigKeys (ConfUtils.java:logGet(46)) - raft.server.threadpool.server.cached = true (default)
2022-11-15 00:58:26,205 [pool-118-thread-1] INFO  server.RaftServerConfigKeys (ConfUtils.java:logGet(46)) - raft.server.threadpool.server.size = 0 (default)
2022-11-15 00:58:26,206 [pool-118-thread-1] INFO  server.RaftServerConfigKeys (ConfUtils.java:logGet(46)) - raft.server.threadpool.client.cached = true (default)
2022-11-15 00:58:26,206 [pool-118-thread-1] INFO  server.RaftServerConfigKeys (ConfUtils.java:logGet(46)) - raft.server.threadpool.client.size = 0 (default)
2022-11-15 00:58:26,206 [pool-118-thread-1] INFO  storage.RaftStorageDirectory (RaftStorageDirectoryImpl.java:analyzeStorage(137)) - The storage directory /home/runner/work/ozone/ozone/hadoop-ozone/integration-test/target/test-dir/MiniOzoneClusterImpl-967df050-5cad-43ef-a6d1-66aedb0492a1/datanode-2/data/ratis/246c63f5-148b-443f-8eec-40a0510c1431 does not exist. Creating ...
2022-11-15 00:58:26,206 [pool-118-thread-1] INFO  storage.RaftStorageDirectory (RaftStorageDirectoryImpl.java:tryLock(231)) - Lock on /home/runner/work/ozone/ozone/hadoop-ozone/integration-test/target/test-dir/MiniOzoneClusterImpl-967df050-5cad-43ef-a6d1-66aedb0492a1/datanode-2/data/ratis/246c63f5-148b-443f-8eec-40a0510c1431/in_use.lock acquired by nodename 5041@fv-az296-38
2022-11-15 00:58:26,208 [pool-118-thread-1] INFO  storage.RaftStorage (RaftStorageImpl.java:format(96)) - Storage directory /home/runner/work/ozone/ozone/hadoop-ozone/integration-test/target/test-dir/MiniOzoneClusterImpl-967df050-5cad-43ef-a6d1-66aedb0492a1/datanode-2/data/ratis/246c63f5-148b-443f-8eec-40a0510c1431 has been successfully formatted.
2022-11-15 00:58:26,209 [pool-118-thread-1] INFO  ratis.ContainerStateMachine (ContainerStateMachine.java:loadSnapshot(236)) - group-40A0510C1431: The snapshot info is null. Setting the last applied indexto:(t:0, i:~)
2022-11-15 00:58:26,209 [pool-118-thread-1] INFO  server.RaftServerConfigKeys (ConfUtils.java:logGet(46)) - raft.server.log.use.memory = false (default)
2022-11-15 00:58:26,209 [pool-118-thread-1] INFO  server.RaftServerConfigKeys (ConfUtils.java:logGet(46)) - raft.server.log.purge.gap = 1000000 (custom)
2022-11-15 00:58:26,209 [pool-118-thread-1] INFO  server.RaftServerConfigKeys (ConfUtils.java:logGet(46)) - raft.server.log.appender.buffer.byte-limit = 33554432 (custom)
2022-11-15 00:58:26,209 [pool-118-thread-1] INFO  server.RaftServerConfigKeys (ConfUtils.java:logGet(46)) - raft.server.log.statemachine.data.read.timeout = 1000ms (default)
2022-11-15 00:58:26,209 [pool-118-thread-1] INFO  server.RaftServerConfigKeys (ConfUtils.java:logGet(46)) - raft.server.log.purge.preservation.log.num = 0 (default)
2022-11-15 00:58:26,210 [pool-118-thread-1] INFO  server.RaftServerConfigKeys (ConfUtils.java:logGet(46)) - raft.server.log.segment.size.max = 1048576 (custom)
2022-11-15 00:58:26,210 [pool-118-thread-1] INFO  server.RaftServerConfigKeys (ConfUtils.java:logGet(46)) - raft.server.log.segment.cache.num.max = 2 (custom)
2022-11-15 00:58:26,210 [pool-118-thread-1] INFO  server.RaftServerConfigKeys (ConfUtils.java:logGet(46)) - raft.server.log.segment.cache.size.max = 200MB (=209715200) (default)
2022-11-15 00:58:26,210 [pool-118-thread-1] INFO  segmented.SegmentedRaftLogWorker (SegmentedRaftLogWorker.java:<init>(191)) - new bf73ebd2-05f1-4192-b11d-fd5e465fd53e@group-40A0510C1431-SegmentedRaftLogWorker for RaftStorageImpl:Storage Directory /home/runner/work/ozone/ozone/hadoop-ozone/integration-test/target/test-dir/MiniOzoneClusterImpl-967df050-5cad-43ef-a6d1-66aedb0492a1/datanode-2/data/ratis/246c63f5-148b-443f-8eec-40a0510c1431
2022-11-15 00:58:26,210 [pool-118-thread-1] INFO  server.RaftServerConfigKeys (ConfUtils.java:logGet(46)) - raft.server.log.queue.byte-limit = 4294967296 (custom)
2022-11-15 00:58:26,210 [pool-118-thread-1] INFO  server.RaftServerConfigKeys (ConfUtils.java:logGet(46)) - raft.server.log.queue.element-limit = 1024 (custom)
2022-11-15 00:58:26,210 [pool-118-thread-1] INFO  server.RaftServerConfigKeys (ConfUtils.java:logGet(46)) - raft.server.log.segment.size.max = 1048576 (custom)
2022-11-15 00:58:26,210 [pool-118-thread-1] INFO  server.RaftServerConfigKeys (ConfUtils.java:logGet(46)) - raft.server.log.preallocated.size = 16384 (custom)
2022-11-15 00:58:26,210 [pool-118-thread-1] INFO  server.RaftServerConfigKeys (ConfUtils.java:logGet(46)) - raft.server.log.force.sync.num = 128 (default)
2022-11-15 00:58:26,210 [pool-118-thread-1] INFO  server.RaftServerConfigKeys (ConfUtils.java:logGet(46)) - raft.server.log.statemachine.data.sync = true (default)
2022-11-15 00:58:26,211 [pool-118-thread-1] INFO  server.RaftServerConfigKeys (ConfUtils.java:logGet(46)) - raft.server.log.statemachine.data.sync.timeout = 10s (default)
2022-11-15 00:58:26,211 [pool-118-thread-1] INFO  server.RaftServerConfigKeys (ConfUtils.java:logGet(46)) - raft.server.log.statemachine.data.sync.timeout.retry = -1 (default)
2022-11-15 00:58:26,211 [pool-118-thread-1] INFO  server.RaftServerConfigKeys (ConfUtils.java:logGet(46)) - raft.server.log.write.buffer.size = 1048576 (custom)
2022-11-15 00:58:26,212 [pool-118-thread-1] INFO  server.RaftServerConfigKeys (ConfUtils.java:logGet(46)) - raft.server.log.unsafe-flush.enabled = false (default)
2022-11-15 00:58:26,212 [pool-118-thread-1] INFO  server.RaftServerConfigKeys (ConfUtils.java:logGet(46)) - raft.server.log.async-flush.enabled = false (default)
2022-11-15 00:58:26,212 [pool-118-thread-1] INFO  server.RaftServerConfigKeys (ConfUtils.java:logGet(46)) - raft.server.log.statemachine.data.caching.enabled = true (custom)
2022-11-15 00:58:26,212 [pool-118-thread-1] INFO  segmented.SegmentedRaftLogWorker (SegmentedRaftLogWorker.java:lambda$new$0(136)) - bf73ebd2-05f1-4192-b11d-fd5e465fd53e@group-40A0510C1431-SegmentedRaftLogWorker: flushIndex: setUnconditionally 0 -> -1
2022-11-15 00:58:26,212 [pool-118-thread-1] INFO  segmented.SegmentedRaftLogWorker (SegmentedRaftLogWorker.java:lambda$new$0(136)) - bf73ebd2-05f1-4192-b11d-fd5e465fd53e@group-40A0510C1431-SegmentedRaftLogWorker: safeCacheEvictIndex: setUnconditionally 0 -> -1
2022-11-15 00:58:26,213 [pool-118-thread-1] INFO  server.RaftServer$Division (RaftServerImpl.java:start(334)) - bf73ebd2-05f1-4192-b11d-fd5e465fd53e@group-40A0510C1431: start as a follower, conf=-1: peers:[bf73ebd2-05f1-4192-b11d-fd5e465fd53e|rpc:10.1.1.13:37419|dataStream:|priority:1|startupRole:FOLLOWER, aaeb156b-3e2f-4cf8-856b-91bff9608227|rpc:10.1.1.13:44061|dataStream:|priority:0|startupRole:FOLLOWER, 85843916-432a-4650-9548-77805447e337|rpc:10.1.1.13:40129|dataStream:|priority:0|startupRole:FOLLOWER]|listeners:[], old=null
2022-11-15 00:58:26,213 [pool-118-thread-1] INFO  server.RaftServer$Division (RaftServerImpl.java:setRole(321)) - bf73ebd2-05f1-4192-b11d-fd5e465fd53e@group-40A0510C1431: changes role from      null to FOLLOWER at term 0 for startAsFollower
2022-11-15 00:58:26,213 [pool-118-thread-1] INFO  impl.RoleInfo (RoleInfo.java:updateAndGet(139)) - bf73ebd2-05f1-4192-b11d-fd5e465fd53e: start bf73ebd2-05f1-4192-b11d-fd5e465fd53e@group-40A0510C1431-FollowerState
2022-11-15 00:58:26,215 [pool-118-thread-1] INFO  util.JmxRegister (JmxRegister.java:tryRegister(44)) - Successfully registered JMX Bean with object name Ratis:service=RaftServer,group=group-40A0510C1431,id=bf73ebd2-05f1-4192-b11d-fd5e465fd53e
2022-11-15 00:58:26,215 [pool-118-thread-1] INFO  server.RaftServerConfigKeys (ConfUtils.java:logGet(46)) - raft.server.snapshot.auto.trigger.enabled = true (custom)
2022-11-15 00:58:26,221 [bf73ebd2-05f1-4192-b11d-fd5e465fd53e@group-40A0510C1431-FollowerState] INFO  server.RaftServerConfigKeys (ConfUtils.java:logFallback(53)) - raft.server.rpc.first-election.timeout.min = 5s (fallback to raft.server.rpc.timeout.min)
2022-11-15 00:58:26,223 [bf73ebd2-05f1-4192-b11d-fd5e465fd53e@group-40A0510C1431-FollowerState] INFO  server.RaftServerConfigKeys (ConfUtils.java:logFallback(53)) - raft.server.rpc.first-election.timeout.max = 5200ms (fallback to raft.server.rpc.timeout.max)
2022-11-15 00:58:26,222 [pool-118-thread-1] INFO  server.RaftServerConfigKeys (ConfUtils.java:logGet(46)) - raft.server.snapshot.auto.trigger.threshold = 10000 (custom)
2022-11-15 00:58:26,228 [pool-118-thread-1] INFO  server.RaftServerConfigKeys (ConfUtils.java:logGet(46)) - raft.server.snapshot.retention.file.num = 5 (custom)
2022-11-15 00:58:26,228 [pool-118-thread-1] INFO  server.RaftServerConfigKeys (ConfUtils.java:logGet(46)) - raft.server.log.purge.upto.snapshot.index = false (default)
2022-11-15 00:58:26,233 [Command processor thread] INFO  commandhandler.CreatePipelineCommandHandler (CreatePipelineCommandHandler.java:handle(113)) - Created Pipeline RATIS THREE PipelineID=246c63f5-148b-443f-8eec-40a0510c1431.
2022-11-15 00:58:26,237 [Command processor thread] INFO  commandhandler.CreatePipelineCommandHandler (CreatePipelineCommandHandler.java:handle(113)) - Created Pipeline RATIS THREE PipelineID=246c63f5-148b-443f-8eec-40a0510c1431.
2022-11-15 00:58:26,368 [Listener at 127.0.0.1/34689] INFO  ozone.MiniOzoneClusterImpl (MiniOzoneClusterImpl.java:lambda$waitForClusterToBeReady$0(216)) - Nodes are ready. Got 3 of 3 DN Heartbeats.
2022-11-15 00:58:26,368 [Listener at 127.0.0.1/34689] INFO  ozone.MiniOzoneClusterImpl (MiniOzoneClusterImpl.java:lambda$waitForClusterToBeReady$0(219)) - Waiting for cluster to exit safe mode
2022-11-15 00:58:26,368 [Listener at 127.0.0.1/34689] INFO  ozone.MiniOzoneClusterImpl (MiniOzoneClusterImpl.java:lambda$waitForClusterToBeReady$0(221)) - SCM became leader
2022-11-15 00:58:26,374 [Command processor thread] INFO  server.RaftServer (RaftServerProxy.java:addNew(96)) - bf73ebd2-05f1-4192-b11d-fd5e465fd53e: addNew group-5A46D9720F58:[bf73ebd2-05f1-4192-b11d-fd5e465fd53e|rpc:10.1.1.13:37419|priority:1|startupRole:FOLLOWER] returns group-5A46D9720F58:java.util.concurrent.CompletableFuture@12c9e0e[Not completed]
2022-11-15 00:58:26,375 [pool-118-thread-1] INFO  server.RaftServer$Division (RaftServerImpl.java:<init>(195)) - bf73ebd2-05f1-4192-b11d-fd5e465fd53e: new RaftServerImpl for group-5A46D9720F58:[bf73ebd2-05f1-4192-b11d-fd5e465fd53e|rpc:10.1.1.13:37419|priority:1|startupRole:FOLLOWER] with ContainerStateMachine:uninitialized
2022-11-15 00:58:26,375 [pool-118-thread-1] INFO  server.RaftServerConfigKeys (ConfUtils.java:logGet(46)) - raft.server.rpc.timeout.min = 5s (custom)
2022-11-15 00:58:26,376 [pool-118-thread-1] INFO  server.RaftServerConfigKeys (ConfUtils.java:logGet(46)) - raft.server.rpc.timeout.max = 5200ms (custom)
2022-11-15 00:58:26,376 [pool-118-thread-1] INFO  server.RaftServerConfigKeys (ConfUtils.java:logGet(46)) - raft.server.rpc.sleep.time = 25ms (default)
2022-11-15 00:58:26,376 [pool-118-thread-1] INFO  server.RaftServerConfigKeys (ConfUtils.java:logGet(46)) - raft.server.rpc.slowness.timeout = 300s (custom)
2022-11-15 00:58:26,376 [pool-118-thread-1] INFO  server.RaftServerConfigKeys (ConfUtils.java:logGet(46)) - raft.server.leaderelection.leader.step-down.wait-time = 10s (default)
2022-11-15 00:58:26,376 [pool-118-thread-1] INFO  server.RaftServerConfigKeys (ConfUtils.java:logGet(46)) - raft.server.sleep.deviation.threshold = 300ms (default)
2022-11-15 00:58:26,376 [pool-118-thread-1] INFO  server.RaftServer$Division (ServerState.java:<init>(118)) - bf73ebd2-05f1-4192-b11d-fd5e465fd53e@group-5A46D9720F58: ConfigurationManager, init=-1: peers:[bf73ebd2-05f1-4192-b11d-fd5e465fd53e|rpc:10.1.1.13:37419|priority:1|startupRole:FOLLOWER]|listeners:[], old=null, confs=<EMPTY_MAP>
2022-11-15 00:58:26,376 [pool-118-thread-1] INFO  server.RaftServerConfigKeys (ConfUtils.java:logGet(46)) - raft.server.storage.dir = [/home/runner/work/ozone/ozone/hadoop-ozone/integration-test/target/test-dir/MiniOzoneClusterImpl-967df050-5cad-43ef-a6d1-66aedb0492a1/datanode-2/data/ratis] (custom)
2022-11-15 00:58:26,376 [pool-118-thread-1] INFO  server.RaftServerConfigKeys (ConfUtils.java:logGet(46)) - raft.server.log.corruption.policy = EXCEPTION (default)
2022-11-15 00:58:26,376 [pool-118-thread-1] INFO  server.RaftServerConfigKeys (ConfUtils.java:logGet(46)) - raft.server.storage.free-space.min = 0MB (=0) (default)
2022-11-15 00:58:26,376 [pool-118-thread-1] INFO  server.RaftServerConfigKeys (ConfUtils.java:logGet(46)) - raft.server.notification.no-leader.timeout = 300s (custom)
2022-11-15 00:58:26,376 [pool-118-thread-1] INFO  server.RaftServerConfigKeys (ConfUtils.java:logGet(46)) - raft.server.retrycache.expirytime = 600000ms (custom)
2022-11-15 00:58:26,376 [pool-118-thread-1] INFO  server.RaftServerConfigKeys (ConfUtils.java:logGet(46)) - raft.server.retrycache.statistics.expirytime = 100μs (default)
2022-11-15 00:58:26,377 [pool-118-thread-1] INFO  server.RaftServerConfigKeys (ConfUtils.java:logGet(46)) - raft.server.log.appender.install.snapshot.enabled = false (custom)
2022-11-15 00:58:26,377 [pool-118-thread-1] INFO  server.RaftServerConfigKeys (ConfUtils.java:logGet(46)) - raft.server.threadpool.server.cached = true (default)
2022-11-15 00:58:26,377 [pool-118-thread-1] INFO  server.RaftServerConfigKeys (ConfUtils.java:logGet(46)) - raft.server.threadpool.server.size = 0 (default)
2022-11-15 00:58:26,377 [pool-118-thread-1] INFO  server.RaftServerConfigKeys (ConfUtils.java:logGet(46)) - raft.server.threadpool.client.cached = true (default)
2022-11-15 00:58:26,377 [pool-118-thread-1] INFO  server.RaftServerConfigKeys (ConfUtils.java:logGet(46)) - raft.server.threadpool.client.size = 0 (default)
2022-11-15 00:58:26,377 [pool-118-thread-1] INFO  storage.RaftStorageDirectory (RaftStorageDirectoryImpl.java:analyzeStorage(137)) - The storage directory /home/runner/work/ozone/ozone/hadoop-ozone/integration-test/target/test-dir/MiniOzoneClusterImpl-967df050-5cad-43ef-a6d1-66aedb0492a1/datanode-2/data/ratis/eeead69b-686d-4a55-8bd1-5a46d9720f58 does not exist. Creating ...
2022-11-15 00:58:26,378 [pool-118-thread-1] INFO  storage.RaftStorageDirectory (RaftStorageDirectoryImpl.java:tryLock(231)) - Lock on /home/runner/work/ozone/ozone/hadoop-ozone/integration-test/target/test-dir/MiniOzoneClusterImpl-967df050-5cad-43ef-a6d1-66aedb0492a1/datanode-2/data/ratis/eeead69b-686d-4a55-8bd1-5a46d9720f58/in_use.lock acquired by nodename 5041@fv-az296-38
2022-11-15 00:58:26,380 [pool-118-thread-1] INFO  storage.RaftStorage (RaftStorageImpl.java:format(96)) - Storage directory /home/runner/work/ozone/ozone/hadoop-ozone/integration-test/target/test-dir/MiniOzoneClusterImpl-967df050-5cad-43ef-a6d1-66aedb0492a1/datanode-2/data/ratis/eeead69b-686d-4a55-8bd1-5a46d9720f58 has been successfully formatted.
2022-11-15 00:58:26,382 [pool-118-thread-1] INFO  ratis.ContainerStateMachine (ContainerStateMachine.java:loadSnapshot(236)) - group-5A46D9720F58: The snapshot info is null. Setting the last applied indexto:(t:0, i:~)
2022-11-15 00:58:26,383 [pool-118-thread-1] INFO  server.RaftServerConfigKeys (ConfUtils.java:logGet(46)) - raft.server.log.use.memory = false (default)
2022-11-15 00:58:26,383 [pool-118-thread-1] INFO  server.RaftServerConfigKeys (ConfUtils.java:logGet(46)) - raft.server.log.purge.gap = 1000000 (custom)
2022-11-15 00:58:26,383 [pool-118-thread-1] INFO  server.RaftServerConfigKeys (ConfUtils.java:logGet(46)) - raft.server.log.appender.buffer.byte-limit = 33554432 (custom)
2022-11-15 00:58:26,384 [EventQueue-PipelineReportForPipelineReportHandler] INFO  pipeline.PipelineManagerImpl (PipelineManagerImpl.java:openPipeline(367)) - Pipeline Pipeline[ Id: eeead69b-686d-4a55-8bd1-5a46d9720f58, Nodes: bf73ebd2-05f1-4192-b11d-fd5e465fd53e{ip: 10.1.1.13, host: fv-az296-38.ie1vkwtfhimuhe55j3he1m2lab.gx.internal.cloudapp.net, ports: [REPLICATION=41421, RATIS=37419, RATIS_ADMIN=37419, RATIS_SERVER=37419, STANDALONE=40341], networkLocation: /default-rack, certSerialId: null, persistedOpState: IN_SERVICE, persistedOpStateExpiryEpochSec: 0}, ReplicationConfig: RATIS/ONE, State:ALLOCATED, leaderId:bf73ebd2-05f1-4192-b11d-fd5e465fd53e, CreationTimestamp2022-11-15T00:58:23.377Z[Etc/UTC]] moved to OPEN state
2022-11-15 00:58:26,384 [EventQueue-OpenPipelineForHealthyPipelineSafeModeRule] INFO  safemode.SCMSafeModeManager (HealthyPipelineSafeModeRule.java:process(137)) - SCM in safe mode. Healthy pipelines reported count is 0, required healthy pipeline reported count is 1
2022-11-15 00:58:26,384 [pool-118-thread-1] INFO  server.RaftServerConfigKeys (ConfUtils.java:logGet(46)) - raft.server.log.statemachine.data.read.timeout = 1000ms (default)
2022-11-15 00:58:26,385 [pool-118-thread-1] INFO  server.RaftServerConfigKeys (ConfUtils.java:logGet(46)) - raft.server.log.purge.preservation.log.num = 0 (default)
2022-11-15 00:58:26,385 [pool-118-thread-1] INFO  server.RaftServerConfigKeys (ConfUtils.java:logGet(46)) - raft.server.log.segment.size.max = 1048576 (custom)
2022-11-15 00:58:26,385 [pool-118-thread-1] INFO  server.RaftServerConfigKeys (ConfUtils.java:logGet(46)) - raft.server.log.segment.cache.num.max = 2 (custom)
2022-11-15 00:58:26,385 [pool-118-thread-1] INFO  server.RaftServerConfigKeys (ConfUtils.java:logGet(46)) - raft.server.log.segment.cache.size.max = 200MB (=209715200) (default)
2022-11-15 00:58:26,386 [pool-118-thread-1] INFO  segmented.SegmentedRaftLogWorker (SegmentedRaftLogWorker.java:<init>(191)) - new bf73ebd2-05f1-4192-b11d-fd5e465fd53e@group-5A46D9720F58-SegmentedRaftLogWorker for RaftStorageImpl:Storage Directory /home/runner/work/ozone/ozone/hadoop-ozone/integration-test/target/test-dir/MiniOzoneClusterImpl-967df050-5cad-43ef-a6d1-66aedb0492a1/datanode-2/data/ratis/eeead69b-686d-4a55-8bd1-5a46d9720f58
2022-11-15 00:58:26,386 [pool-118-thread-1] INFO  server.RaftServerConfigKeys (ConfUtils.java:logGet(46)) - raft.server.log.queue.byte-limit = 4294967296 (custom)
2022-11-15 00:58:26,386 [pool-118-thread-1] INFO  server.RaftServerConfigKeys (ConfUtils.java:logGet(46)) - raft.server.log.queue.element-limit = 1024 (custom)
2022-11-15 00:58:26,386 [pool-118-thread-1] INFO  server.RaftServerConfigKeys (ConfUtils.java:logGet(46)) - raft.server.log.segment.size.max = 1048576 (custom)
2022-11-15 00:58:26,386 [pool-118-thread-1] INFO  server.RaftServerConfigKeys (ConfUtils.java:logGet(46)) - raft.server.log.preallocated.size = 16384 (custom)
2022-11-15 00:58:26,386 [pool-118-thread-1] INFO  server.RaftServerConfigKeys (ConfUtils.java:logGet(46)) - raft.server.log.force.sync.num = 128 (default)
2022-11-15 00:58:26,386 [pool-118-thread-1] INFO  server.RaftServerConfigKeys (ConfUtils.java:logGet(46)) - raft.server.log.statemachine.data.sync = true (default)
2022-11-15 00:58:26,386 [pool-118-thread-1] INFO  server.RaftServerConfigKeys (ConfUtils.java:logGet(46)) - raft.server.log.statemachine.data.sync.timeout = 10s (default)
2022-11-15 00:58:26,386 [pool-118-thread-1] INFO  server.RaftServerConfigKeys (ConfUtils.java:logGet(46)) - raft.server.log.statemachine.data.sync.timeout.retry = -1 (default)
2022-11-15 00:58:26,386 [pool-118-thread-1] INFO  server.RaftServerConfigKeys (ConfUtils.java:logGet(46)) - raft.server.log.write.buffer.size = 1048576 (custom)
2022-11-15 00:58:26,387 [pool-118-thread-1] INFO  server.RaftServerConfigKeys (ConfUtils.java:logGet(46)) - raft.server.log.unsafe-flush.enabled = false (default)
2022-11-15 00:58:26,388 [pool-118-thread-1] INFO  server.RaftServerConfigKeys (ConfUtils.java:logGet(46)) - raft.server.log.async-flush.enabled = false (default)
2022-11-15 00:58:26,388 [pool-118-thread-1] INFO  server.RaftServerConfigKeys (ConfUtils.java:logGet(46)) - raft.server.log.statemachine.data.caching.enabled = true (custom)
2022-11-15 00:58:26,388 [pool-118-thread-1] INFO  segmented.SegmentedRaftLogWorker (SegmentedRaftLogWorker.java:lambda$new$0(136)) - bf73ebd2-05f1-4192-b11d-fd5e465fd53e@group-5A46D9720F58-SegmentedRaftLogWorker: flushIndex: setUnconditionally 0 -> -1
2022-11-15 00:58:26,388 [pool-118-thread-1] INFO  segmented.SegmentedRaftLogWorker (SegmentedRaftLogWorker.java:lambda$new$0(136)) - bf73ebd2-05f1-4192-b11d-fd5e465fd53e@group-5A46D9720F58-SegmentedRaftLogWorker: safeCacheEvictIndex: setUnconditionally 0 -> -1
2022-11-15 00:58:26,391 [pool-118-thread-1] INFO  server.RaftServer$Division (RaftServerImpl.java:start(334)) - bf73ebd2-05f1-4192-b11d-fd5e465fd53e@group-5A46D9720F58: start as a follower, conf=-1: peers:[bf73ebd2-05f1-4192-b11d-fd5e465fd53e|rpc:10.1.1.13:37419|priority:1|startupRole:FOLLOWER]|listeners:[], old=null
2022-11-15 00:58:26,391 [pool-118-thread-1] INFO  server.RaftServer$Division (RaftServerImpl.java:setRole(321)) - bf73ebd2-05f1-4192-b11d-fd5e465fd53e@group-5A46D9720F58: changes role from      null to FOLLOWER at term 0 for startAsFollower
2022-11-15 00:58:26,391 [pool-118-thread-1] INFO  impl.RoleInfo (RoleInfo.java:updateAndGet(139)) - bf73ebd2-05f1-4192-b11d-fd5e465fd53e: start bf73ebd2-05f1-4192-b11d-fd5e465fd53e@group-5A46D9720F58-FollowerState
2022-11-15 00:58:26,393 [pool-118-thread-1] INFO  util.JmxRegister (JmxRegister.java:tryRegister(44)) - Successfully registered JMX Bean with object name Ratis:service=RaftServer,group=group-5A46D9720F58,id=bf73ebd2-05f1-4192-b11d-fd5e465fd53e
2022-11-15 00:58:26,393 [pool-118-thread-1] INFO  server.RaftServerConfigKeys (ConfUtils.java:logGet(46)) - raft.server.snapshot.auto.trigger.enabled = true (custom)
2022-11-15 00:58:26,393 [pool-118-thread-1] INFO  server.RaftServerConfigKeys (ConfUtils.java:logGet(46)) - raft.server.snapshot.auto.trigger.threshold = 10000 (custom)
2022-11-15 00:58:26,393 [pool-118-thread-1] INFO  server.RaftServerConfigKeys (ConfUtils.java:logGet(46)) - raft.server.snapshot.retention.file.num = 5 (custom)
2022-11-15 00:58:26,393 [pool-118-thread-1] INFO  server.RaftServerConfigKeys (ConfUtils.java:logGet(46)) - raft.server.log.purge.upto.snapshot.index = false (default)
2022-11-15 00:58:26,396 [Command processor thread] INFO  ratis.XceiverServerRatis (XceiverServerRatis.java:addGroup(765)) - Created group PipelineID=eeead69b-686d-4a55-8bd1-5a46d9720f58
2022-11-15 00:58:26,396 [Command processor thread] INFO  commandhandler.CreatePipelineCommandHandler (CreatePipelineCommandHandler.java:handle(113)) - Created Pipeline RATIS ONE PipelineID=eeead69b-686d-4a55-8bd1-5a46d9720f58.
2022-11-15 00:58:26,397 [bf73ebd2-05f1-4192-b11d-fd5e465fd53e@group-5A46D9720F58-FollowerState] INFO  server.RaftServerConfigKeys (ConfUtils.java:logFallback(53)) - raft.server.rpc.first-election.timeout.min = 5s (fallback to raft.server.rpc.timeout.min)
2022-11-15 00:58:26,397 [bf73ebd2-05f1-4192-b11d-fd5e465fd53e@group-5A46D9720F58-FollowerState] INFO  server.RaftServerConfigKeys (ConfUtils.java:logFallback(53)) - raft.server.rpc.first-election.timeout.max = 5200ms (fallback to raft.server.rpc.timeout.max)
2022-11-15 00:58:27,368 [Listener at 127.0.0.1/34689] INFO  ozone.MiniOzoneClusterImpl (MiniOzoneClusterImpl.java:lambda$waitForClusterToBeReady$0(216)) - Nodes are ready. Got 3 of 3 DN Heartbeats.
2022-11-15 00:58:27,369 [Listener at 127.0.0.1/34689] INFO  ozone.MiniOzoneClusterImpl (MiniOzoneClusterImpl.java:lambda$waitForClusterToBeReady$0(219)) - Waiting for cluster to exit safe mode
2022-11-15 00:58:27,369 [Listener at 127.0.0.1/34689] INFO  ozone.MiniOzoneClusterImpl (MiniOzoneClusterImpl.java:lambda$waitForClusterToBeReady$0(221)) - SCM became leader
2022-11-15 00:58:28,369 [Listener at 127.0.0.1/34689] INFO  ozone.MiniOzoneClusterImpl (MiniOzoneClusterImpl.java:lambda$waitForClusterToBeReady$0(216)) - Nodes are ready. Got 3 of 3 DN Heartbeats.
2022-11-15 00:58:28,369 [Listener at 127.0.0.1/34689] INFO  ozone.MiniOzoneClusterImpl (MiniOzoneClusterImpl.java:lambda$waitForClusterToBeReady$0(219)) - Waiting for cluster to exit safe mode
2022-11-15 00:58:28,370 [Listener at 127.0.0.1/34689] INFO  ozone.MiniOzoneClusterImpl (MiniOzoneClusterImpl.java:lambda$waitForClusterToBeReady$0(221)) - SCM became leader
2022-11-15 00:58:29,370 [Listener at 127.0.0.1/34689] INFO  ozone.MiniOzoneClusterImpl (MiniOzoneClusterImpl.java:lambda$waitForClusterToBeReady$0(216)) - Nodes are ready. Got 3 of 3 DN Heartbeats.
2022-11-15 00:58:29,370 [Listener at 127.0.0.1/34689] INFO  ozone.MiniOzoneClusterImpl (MiniOzoneClusterImpl.java:lambda$waitForClusterToBeReady$0(219)) - Waiting for cluster to exit safe mode
2022-11-15 00:58:29,370 [Listener at 127.0.0.1/34689] INFO  ozone.MiniOzoneClusterImpl (MiniOzoneClusterImpl.java:lambda$waitForClusterToBeReady$0(221)) - SCM became leader
2022-11-15 00:58:30,370 [Listener at 127.0.0.1/34689] INFO  ozone.MiniOzoneClusterImpl (MiniOzoneClusterImpl.java:lambda$waitForClusterToBeReady$0(216)) - Nodes are ready. Got 3 of 3 DN Heartbeats.
2022-11-15 00:58:30,370 [Listener at 127.0.0.1/34689] INFO  ozone.MiniOzoneClusterImpl (MiniOzoneClusterImpl.java:lambda$waitForClusterToBeReady$0(219)) - Waiting for cluster to exit safe mode
2022-11-15 00:58:30,371 [Listener at 127.0.0.1/34689] INFO  ozone.MiniOzoneClusterImpl (MiniOzoneClusterImpl.java:lambda$waitForClusterToBeReady$0(221)) - SCM became leader
2022-11-15 00:58:30,563 [85843916-432a-4650-9548-77805447e337@group-B2C5C66B2059-FollowerState] INFO  impl.FollowerState (FollowerState.java:run(143)) - 85843916-432a-4650-9548-77805447e337@group-B2C5C66B2059-FollowerState: change to CANDIDATE, lastRpcElapsedTime:5094370746ns, electionTimeout:5078ms
2022-11-15 00:58:30,563 [85843916-432a-4650-9548-77805447e337@group-B2C5C66B2059-FollowerState] INFO  impl.RoleInfo (RoleInfo.java:shutdownFollowerState(110)) - 85843916-432a-4650-9548-77805447e337: shutdown 85843916-432a-4650-9548-77805447e337@group-B2C5C66B2059-FollowerState
2022-11-15 00:58:30,563 [85843916-432a-4650-9548-77805447e337@group-B2C5C66B2059-FollowerState] INFO  server.RaftServer$Division (RaftServerImpl.java:setRole(321)) - 85843916-432a-4650-9548-77805447e337@group-B2C5C66B2059: changes role from  FOLLOWER to CANDIDATE at term 0 for changeToCandidate
2022-11-15 00:58:30,564 [85843916-432a-4650-9548-77805447e337@group-E55E8F86347C-FollowerState] INFO  impl.FollowerState (FollowerState.java:run(143)) - 85843916-432a-4650-9548-77805447e337@group-E55E8F86347C-FollowerState: change to CANDIDATE, lastRpcElapsedTime:5113608140ns, electionTimeout:5109ms
2022-11-15 00:58:30,564 [85843916-432a-4650-9548-77805447e337@group-E55E8F86347C-FollowerState] INFO  impl.RoleInfo (RoleInfo.java:shutdownFollowerState(110)) - 85843916-432a-4650-9548-77805447e337: shutdown 85843916-432a-4650-9548-77805447e337@group-E55E8F86347C-FollowerState
2022-11-15 00:58:30,564 [85843916-432a-4650-9548-77805447e337@group-E55E8F86347C-FollowerState] INFO  server.RaftServer$Division (RaftServerImpl.java:setRole(321)) - 85843916-432a-4650-9548-77805447e337@group-E55E8F86347C: changes role from  FOLLOWER to CANDIDATE at term 0 for changeToCandidate
2022-11-15 00:58:30,564 [85843916-432a-4650-9548-77805447e337@group-E55E8F86347C-FollowerState] INFO  server.RaftServerConfigKeys (ConfUtils.java:logGet(46)) - raft.server.leaderelection.pre-vote = false (custom)
2022-11-15 00:58:30,564 [85843916-432a-4650-9548-77805447e337@group-E55E8F86347C-FollowerState] INFO  impl.RoleInfo (RoleInfo.java:updateAndGet(139)) - 85843916-432a-4650-9548-77805447e337: start 85843916-432a-4650-9548-77805447e337@group-E55E8F86347C-LeaderElection3
2022-11-15 00:58:30,566 [85843916-432a-4650-9548-77805447e337@group-B2C5C66B2059-FollowerState] INFO  server.RaftServerConfigKeys (ConfUtils.java:logGet(46)) - raft.server.leaderelection.pre-vote = false (custom)
2022-11-15 00:58:30,566 [85843916-432a-4650-9548-77805447e337@group-B2C5C66B2059-FollowerState] INFO  impl.RoleInfo (RoleInfo.java:updateAndGet(139)) - 85843916-432a-4650-9548-77805447e337: start 85843916-432a-4650-9548-77805447e337@group-B2C5C66B2059-LeaderElection2
2022-11-15 00:58:30,571 [85843916-432a-4650-9548-77805447e337@group-E55E8F86347C-LeaderElection3] INFO  impl.LeaderElection (LeaderElection.java:askForVotes(312)) - 85843916-432a-4650-9548-77805447e337@group-E55E8F86347C-LeaderElection3 ELECTION round 0: submit vote requests at term 1 for -1: peers:[85843916-432a-4650-9548-77805447e337|rpc:10.1.1.13:40129|priority:1|startupRole:FOLLOWER]|listeners:[], old=null
2022-11-15 00:58:30,571 [85843916-432a-4650-9548-77805447e337@group-B2C5C66B2059-LeaderElection2] INFO  impl.LeaderElection (LeaderElection.java:askForVotes(312)) - 85843916-432a-4650-9548-77805447e337@group-B2C5C66B2059-LeaderElection2 ELECTION round 0: submit vote requests at term 1 for -1: peers:[bf73ebd2-05f1-4192-b11d-fd5e465fd53e|rpc:10.1.1.13:37419|priority:0|startupRole:FOLLOWER, aaeb156b-3e2f-4cf8-856b-91bff9608227|rpc:10.1.1.13:44061|priority:0|startupRole:FOLLOWER, 85843916-432a-4650-9548-77805447e337|rpc:10.1.1.13:40129|priority:1|startupRole:FOLLOWER]|listeners:[], old=null
2022-11-15 00:58:30,572 [85843916-432a-4650-9548-77805447e337@group-E55E8F86347C-LeaderElection3] INFO  impl.LeaderElection (LeaderElection.java:askForVotes(314)) - 85843916-432a-4650-9548-77805447e337@group-E55E8F86347C-LeaderElection3 ELECTION round 0: result PASSED (term=1)
2022-11-15 00:58:30,572 [85843916-432a-4650-9548-77805447e337@group-E55E8F86347C-LeaderElection3] INFO  impl.RoleInfo (RoleInfo.java:shutdownLeaderElection(130)) - 85843916-432a-4650-9548-77805447e337: shutdown 85843916-432a-4650-9548-77805447e337@group-E55E8F86347C-LeaderElection3
2022-11-15 00:58:30,572 [85843916-432a-4650-9548-77805447e337@group-E55E8F86347C-LeaderElection3] INFO  server.RaftServer$Division (RaftServerImpl.java:setRole(321)) - 85843916-432a-4650-9548-77805447e337@group-E55E8F86347C: changes role from CANDIDATE to LEADER at term 1 for changeToLeader
2022-11-15 00:58:30,572 [85843916-432a-4650-9548-77805447e337@group-E55E8F86347C-LeaderElection3] INFO  ratis.XceiverServerRatis (XceiverServerRatis.java:handleLeaderChangedNotification(863)) - Leader change notification received for group: group-E55E8F86347C with new leaderId: 85843916-432a-4650-9548-77805447e337
2022-11-15 00:58:30,572 [85843916-432a-4650-9548-77805447e337@group-E55E8F86347C-LeaderElection3] INFO  server.RaftServer$Division (ServerState.java:setLeader(313)) - 85843916-432a-4650-9548-77805447e337@group-E55E8F86347C: change Leader from null to 85843916-432a-4650-9548-77805447e337 at term 1 for becomeLeader, leader elected after 5143ms
2022-11-15 00:58:30,575 [EventQueue-OpenPipelineForHealthyPipelineSafeModeRule] INFO  safemode.SCMSafeModeManager (HealthyPipelineSafeModeRule.java:process(137)) - SCM in safe mode. Healthy pipelines reported count is 0, required healthy pipeline reported count is 1
2022-11-15 00:58:30,581 [85843916-432a-4650-9548-77805447e337@group-B2C5C66B2059-LeaderElection2] INFO  server.RaftServerConfigKeys (ConfUtils.java:logFallback(53)) - raft.server.rpc.first-election.timeout.min = 5s (fallback to raft.server.rpc.timeout.min)
2022-11-15 00:58:30,578 [85843916-432a-4650-9548-77805447e337@group-B2C5C66B2059-LeaderElection2-1] INFO  server.GrpcServerProtocolClient (GrpcServerProtocolClient.java:<init>(63)) - Build channel for bf73ebd2-05f1-4192-b11d-fd5e465fd53e
2022-11-15 00:58:30,578 [85843916-432a-4650-9548-77805447e337@group-E55E8F86347C-LeaderElection3] INFO  server.RaftServerConfigKeys (ConfUtils.java:logGet(46)) - raft.server.staging.catchup.gap = 1000 (default)
2022-11-15 00:58:30,581 [85843916-432a-4650-9548-77805447e337@group-B2C5C66B2059-LeaderElection2] INFO  server.RaftServerConfigKeys (ConfUtils.java:logFallback(53)) - raft.server.rpc.first-election.timeout.max = 5200ms (fallback to raft.server.rpc.timeout.max)
2022-11-15 00:58:30,585 [85843916-432a-4650-9548-77805447e337@group-E55E8F86347C-LeaderElection3] INFO  server.RaftServerConfigKeys (ConfUtils.java:logGet(46)) - raft.server.write.element-limit = 1024 (custom)
2022-11-15 00:58:30,585 [85843916-432a-4650-9548-77805447e337@group-E55E8F86347C-LeaderElection3] INFO  server.RaftServerConfigKeys (ConfUtils.java:logGet(46)) - raft.server.write.byte-limit = 1024 M (=1073741824) (custom)
2022-11-15 00:58:30,586 [85843916-432a-4650-9548-77805447e337@group-E55E8F86347C-LeaderElection3] INFO  server.RaftServerConfigKeys (ConfUtils.java:logGet(46)) - raft.server.watch.timeout = 180s (custom)
2022-11-15 00:58:30,586 [85843916-432a-4650-9548-77805447e337@group-E55E8F86347C-LeaderElection3] INFO  server.RaftServerConfigKeys (ConfUtils.java:logGet(46)) - raft.server.watch.timeout.denomination = 1s (default)
2022-11-15 00:58:30,586 [85843916-432a-4650-9548-77805447e337@group-E55E8F86347C-LeaderElection3] INFO  server.RaftServerConfigKeys (ConfUtils.java:logGet(46)) - raft.server.watch.element-limit = 65536 (default)
2022-11-15 00:58:30,586 [85843916-432a-4650-9548-77805447e337@group-E55E8F86347C-LeaderElection3] INFO  server.RaftServerConfigKeys (ConfUtils.java:logGet(46)) - raft.server.write.element-limit = 1024 (custom)
2022-11-15 00:58:30,586 [85843916-432a-4650-9548-77805447e337@group-E55E8F86347C-LeaderElection3] INFO  server.RaftServerConfigKeys (ConfUtils.java:logGet(46)) - raft.server.write.follower.gap.ratio.max = -1.0 (default)
2022-11-15 00:58:30,582 [85843916-432a-4650-9548-77805447e337@group-B2C5C66B2059-LeaderElection2-2] INFO  server.GrpcServerProtocolClient (GrpcServerProtocolClient.java:<init>(63)) - Build channel for aaeb156b-3e2f-4cf8-856b-91bff9608227
2022-11-15 00:58:30,587 [85843916-432a-4650-9548-77805447e337@group-E55E8F86347C-LeaderElection3] INFO  impl.RoleInfo (RoleInfo.java:updateAndGet(139)) - 85843916-432a-4650-9548-77805447e337: start 85843916-432a-4650-9548-77805447e337@group-E55E8F86347C-LeaderStateImpl
2022-11-15 00:58:30,587 [85843916-432a-4650-9548-77805447e337@group-E55E8F86347C-LeaderElection3] INFO  segmented.SegmentedRaftLogWorker (SegmentedRaftLogWorker.java:startLogSegment(452)) - 85843916-432a-4650-9548-77805447e337@group-E55E8F86347C-SegmentedRaftLogWorker: Starting segment from index:0
2022-11-15 00:58:30,588 [85843916-432a-4650-9548-77805447e337@group-E55E8F86347C-SegmentedRaftLogWorker] INFO  segmented.SegmentedRaftLogWorker (SegmentedRaftLogWorker.java:execute(656)) - 85843916-432a-4650-9548-77805447e337@group-E55E8F86347C-SegmentedRaftLogWorker: created new log segment /home/runner/work/ozone/ozone/hadoop-ozone/integration-test/target/test-dir/MiniOzoneClusterImpl-967df050-5cad-43ef-a6d1-66aedb0492a1/datanode-0/data/ratis/14f740f9-0c8d-4e3c-bda3-e55e8f86347c/current/log_inprogress_0
2022-11-15 00:58:30,595 [85843916-432a-4650-9548-77805447e337@group-E55E8F86347C-LeaderElection3] INFO  server.RaftServer$Division (ServerState.java:setRaftConf(430)) - 85843916-432a-4650-9548-77805447e337@group-E55E8F86347C: set configuration 0: peers:[85843916-432a-4650-9548-77805447e337|rpc:10.1.1.13:40129|dataStream:|priority:1|startupRole:FOLLOWER]|listeners:[], old=null
2022-11-15 00:58:30,603 [grpc-default-executor-0] INFO  server.RaftServer$Division (RaftServerImpl.java:requestVote(1218)) - bf73ebd2-05f1-4192-b11d-fd5e465fd53e@group-B2C5C66B2059: receive requestVote(ELECTION, 85843916-432a-4650-9548-77805447e337, group-B2C5C66B2059, 1, (t:0, i:0))
2022-11-15 00:58:30,604 [grpc-default-executor-0] INFO  impl.VoteContext (VoteContext.java:log(48)) - bf73ebd2-05f1-4192-b11d-fd5e465fd53e@group-B2C5C66B2059-FOLLOWER: accept ELECTION from 85843916-432a-4650-9548-77805447e337: our priority 0 <= candidate's priority 1
2022-11-15 00:58:30,605 [grpc-default-executor-0] INFO  server.RaftServer$Division (RaftServerImpl.java:setRole(321)) - bf73ebd2-05f1-4192-b11d-fd5e465fd53e@group-B2C5C66B2059: changes role from  FOLLOWER to FOLLOWER at term 1 for candidate:85843916-432a-4650-9548-77805447e337
2022-11-15 00:58:30,605 [grpc-default-executor-0] INFO  impl.RoleInfo (RoleInfo.java:shutdownFollowerState(110)) - bf73ebd2-05f1-4192-b11d-fd5e465fd53e: shutdown bf73ebd2-05f1-4192-b11d-fd5e465fd53e@group-B2C5C66B2059-FollowerState
2022-11-15 00:58:30,605 [bf73ebd2-05f1-4192-b11d-fd5e465fd53e@group-B2C5C66B2059-FollowerState] INFO  impl.FollowerState (FollowerState.java:run(152)) - bf73ebd2-05f1-4192-b11d-fd5e465fd53e@group-B2C5C66B2059-FollowerState was interrupted
2022-11-15 00:58:30,605 [grpc-default-executor-0] INFO  impl.RoleInfo (RoleInfo.java:updateAndGet(139)) - bf73ebd2-05f1-4192-b11d-fd5e465fd53e: start bf73ebd2-05f1-4192-b11d-fd5e465fd53e@group-B2C5C66B2059-FollowerState
2022-11-15 00:58:30,608 [bf73ebd2-05f1-4192-b11d-fd5e465fd53e@group-B2C5C66B2059-FollowerState] INFO  server.RaftServerConfigKeys (ConfUtils.java:logFallback(53)) - raft.server.rpc.first-election.timeout.min = 5s (fallback to raft.server.rpc.timeout.min)
2022-11-15 00:58:30,608 [bf73ebd2-05f1-4192-b11d-fd5e465fd53e@group-B2C5C66B2059-FollowerState] INFO  server.RaftServerConfigKeys (ConfUtils.java:logFallback(53)) - raft.server.rpc.first-election.timeout.max = 5200ms (fallback to raft.server.rpc.timeout.max)
2022-11-15 00:58:30,610 [grpc-default-executor-0] INFO  server.RaftServer$Division (RaftServerImpl.java:requestVote(1251)) - bf73ebd2-05f1-4192-b11d-fd5e465fd53e@group-B2C5C66B2059 replies to ELECTION vote request: 85843916-432a-4650-9548-77805447e337<-bf73ebd2-05f1-4192-b11d-fd5e465fd53e#0:OK-t1. Peer's state: bf73ebd2-05f1-4192-b11d-fd5e465fd53e@group-B2C5C66B2059:t1, leader=null, voted=85843916-432a-4650-9548-77805447e337, raftlog=Memoized:bf73ebd2-05f1-4192-b11d-fd5e465fd53e@group-B2C5C66B2059-SegmentedRaftLog:OPENED:c-1, conf=-1: peers:[bf73ebd2-05f1-4192-b11d-fd5e465fd53e|rpc:10.1.1.13:37419|dataStream:|priority:0|startupRole:FOLLOWER, aaeb156b-3e2f-4cf8-856b-91bff9608227|rpc:10.1.1.13:44061|dataStream:|priority:0|startupRole:FOLLOWER, 85843916-432a-4650-9548-77805447e337|rpc:10.1.1.13:40129|dataStream:|priority:1|startupRole:FOLLOWER]|listeners:[], old=null
2022-11-15 00:58:30,612 [grpc-default-executor-1] INFO  server.RaftServer$Division (RaftServerImpl.java:requestVote(1218)) - aaeb156b-3e2f-4cf8-856b-91bff9608227@group-B2C5C66B2059: receive requestVote(ELECTION, 85843916-432a-4650-9548-77805447e337, group-B2C5C66B2059, 1, (t:0, i:0))
2022-11-15 00:58:30,612 [grpc-default-executor-1] INFO  impl.VoteContext (VoteContext.java:log(48)) - aaeb156b-3e2f-4cf8-856b-91bff9608227@group-B2C5C66B2059-FOLLOWER: accept ELECTION from 85843916-432a-4650-9548-77805447e337: our priority 0 <= candidate's priority 1
2022-11-15 00:58:30,612 [grpc-default-executor-1] INFO  server.RaftServer$Division (RaftServerImpl.java:setRole(321)) - aaeb156b-3e2f-4cf8-856b-91bff9608227@group-B2C5C66B2059: changes role from  FOLLOWER to FOLLOWER at term 1 for candidate:85843916-432a-4650-9548-77805447e337
2022-11-15 00:58:30,612 [grpc-default-executor-1] INFO  impl.RoleInfo (RoleInfo.java:shutdownFollowerState(110)) - aaeb156b-3e2f-4cf8-856b-91bff9608227: shutdown aaeb156b-3e2f-4cf8-856b-91bff9608227@group-B2C5C66B2059-FollowerState
2022-11-15 00:58:30,612 [aaeb156b-3e2f-4cf8-856b-91bff9608227@group-B2C5C66B2059-FollowerState] INFO  impl.FollowerState (FollowerState.java:run(152)) - aaeb156b-3e2f-4cf8-856b-91bff9608227@group-B2C5C66B2059-FollowerState was interrupted
2022-11-15 00:58:30,613 [grpc-default-executor-1] INFO  impl.RoleInfo (RoleInfo.java:updateAndGet(139)) - aaeb156b-3e2f-4cf8-856b-91bff9608227: start aaeb156b-3e2f-4cf8-856b-91bff9608227@group-B2C5C66B2059-FollowerState
2022-11-15 00:58:30,614 [grpc-default-executor-1] INFO  server.RaftServer$Division (RaftServerImpl.java:requestVote(1251)) - aaeb156b-3e2f-4cf8-856b-91bff9608227@group-B2C5C66B2059 replies to ELECTION vote request: 85843916-432a-4650-9548-77805447e337<-aaeb156b-3e2f-4cf8-856b-91bff9608227#0:OK-t1. Peer's state: aaeb156b-3e2f-4cf8-856b-91bff9608227@group-B2C5C66B2059:t1, leader=null, voted=85843916-432a-4650-9548-77805447e337, raftlog=Memoized:aaeb156b-3e2f-4cf8-856b-91bff9608227@group-B2C5C66B2059-SegmentedRaftLog:OPENED:c-1, conf=-1: peers:[bf73ebd2-05f1-4192-b11d-fd5e465fd53e|rpc:10.1.1.13:37419|dataStream:|priority:0|startupRole:FOLLOWER, aaeb156b-3e2f-4cf8-856b-91bff9608227|rpc:10.1.1.13:44061|dataStream:|priority:0|startupRole:FOLLOWER, 85843916-432a-4650-9548-77805447e337|rpc:10.1.1.13:40129|dataStream:|priority:1|startupRole:FOLLOWER]|listeners:[], old=null
2022-11-15 00:58:30,615 [85843916-432a-4650-9548-77805447e337@group-B2C5C66B2059-LeaderElection2] INFO  impl.LeaderElection (LeaderElection.java:logAndReturn(90)) - 85843916-432a-4650-9548-77805447e337@group-B2C5C66B2059-LeaderElection2: ELECTION PASSED received 1 response(s) and 0 exception(s):
2022-11-15 00:58:30,615 [85843916-432a-4650-9548-77805447e337@group-B2C5C66B2059-LeaderElection2] INFO  impl.LeaderElection (LeaderElection.java:logAndReturn(94)) -   Response 0: 85843916-432a-4650-9548-77805447e337<-bf73ebd2-05f1-4192-b11d-fd5e465fd53e#0:OK-t1
2022-11-15 00:58:30,615 [85843916-432a-4650-9548-77805447e337@group-B2C5C66B2059-LeaderElection2] INFO  impl.LeaderElection (LeaderElection.java:askForVotes(314)) - 85843916-432a-4650-9548-77805447e337@group-B2C5C66B2059-LeaderElection2 ELECTION round 0: result PASSED
2022-11-15 00:58:30,615 [85843916-432a-4650-9548-77805447e337@group-B2C5C66B2059-LeaderElection2] INFO  impl.RoleInfo (RoleInfo.java:shutdownLeaderElection(130)) - 85843916-432a-4650-9548-77805447e337: shutdown 85843916-432a-4650-9548-77805447e337@group-B2C5C66B2059-LeaderElection2
2022-11-15 00:58:30,615 [85843916-432a-4650-9548-77805447e337@group-B2C5C66B2059-LeaderElection2] INFO  server.RaftServer$Division (RaftServerImpl.java:setRole(321)) - 85843916-432a-4650-9548-77805447e337@group-B2C5C66B2059: changes role from CANDIDATE to LEADER at term 1 for changeToLeader
2022-11-15 00:58:30,615 [85843916-432a-4650-9548-77805447e337@group-B2C5C66B2059-LeaderElection2] INFO  ratis.XceiverServerRatis (XceiverServerRatis.java:handleLeaderChangedNotification(863)) - Leader change notification received for group: group-B2C5C66B2059 with new leaderId: 85843916-432a-4650-9548-77805447e337
2022-11-15 00:58:30,615 [85843916-432a-4650-9548-77805447e337@group-B2C5C66B2059-LeaderElection2] INFO  server.RaftServer$Division (ServerState.java:setLeader(313)) - 85843916-432a-4650-9548-77805447e337@group-B2C5C66B2059: change Leader from null to 85843916-432a-4650-9548-77805447e337 at term 1 for becomeLeader, leader elected after 5153ms
2022-11-15 00:58:30,615 [85843916-432a-4650-9548-77805447e337@group-B2C5C66B2059-LeaderElection2] INFO  server.RaftServerConfigKeys (ConfUtils.java:logGet(46)) - raft.server.staging.catchup.gap = 1000 (default)
2022-11-15 00:58:30,615 [85843916-432a-4650-9548-77805447e337@group-B2C5C66B2059-LeaderElection2] INFO  server.RaftServerConfigKeys (ConfUtils.java:logGet(46)) - raft.server.write.element-limit = 1024 (custom)
2022-11-15 00:58:30,616 [85843916-432a-4650-9548-77805447e337@group-B2C5C66B2059-LeaderElection2] INFO  server.RaftServerConfigKeys (ConfUtils.java:logGet(46)) - raft.server.write.byte-limit = 1024 M (=1073741824) (custom)
2022-11-15 00:58:30,616 [85843916-432a-4650-9548-77805447e337@group-B2C5C66B2059-LeaderElection2] INFO  server.RaftServerConfigKeys (ConfUtils.java:logGet(46)) - raft.server.watch.timeout = 180s (custom)
2022-11-15 00:58:30,616 [aaeb156b-3e2f-4cf8-856b-91bff9608227@group-B2C5C66B2059-FollowerState] INFO  server.RaftServerConfigKeys (ConfUtils.java:logFallback(53)) - raft.server.rpc.first-election.timeout.min = 5s (fallback to raft.server.rpc.timeout.min)
2022-11-15 00:58:30,616 [85843916-432a-4650-9548-77805447e337@group-B2C5C66B2059-LeaderElection2] INFO  server.RaftServerConfigKeys (ConfUtils.java:logGet(46)) - raft.server.watch.timeout.denomination = 1s (default)
2022-11-15 00:58:30,618 [85843916-432a-4650-9548-77805447e337@group-B2C5C66B2059-LeaderElection2] INFO  server.RaftServerConfigKeys (ConfUtils.java:logGet(46)) - raft.server.watch.element-limit = 65536 (default)
2022-11-15 00:58:30,618 [85843916-432a-4650-9548-77805447e337@group-B2C5C66B2059-LeaderElection2] INFO  server.RaftServerConfigKeys (ConfUtils.java:logGet(46)) - raft.server.write.element-limit = 1024 (custom)
2022-11-15 00:58:30,618 [85843916-432a-4650-9548-77805447e337@group-B2C5C66B2059-LeaderElection2] INFO  server.RaftServerConfigKeys (ConfUtils.java:logGet(46)) - raft.server.write.follower.gap.ratio.max = -1.0 (default)
2022-11-15 00:58:30,621 [EventQueue-PipelineReportForPipelineReportHandler] INFO  pipeline.PipelineManagerImpl (PipelineManagerImpl.java:openPipeline(367)) - Pipeline Pipeline[ Id: 40abed11-adad-4fb2-956c-b2c5c66b2059, Nodes: 85843916-432a-4650-9548-77805447e337{ip: 10.1.1.13, host: fv-az296-38.ie1vkwtfhimuhe55j3he1m2lab.gx.internal.cloudapp.net, ports: [REPLICATION=38425, RATIS=40129, RATIS_ADMIN=40129, RATIS_SERVER=40129, STANDALONE=46417], networkLocation: /default-rack, certSerialId: null, persistedOpState: IN_SERVICE, persistedOpStateExpiryEpochSec: 0}bf73ebd2-05f1-4192-b11d-fd5e465fd53e{ip: 10.1.1.13, host: fv-az296-38.ie1vkwtfhimuhe55j3he1m2lab.gx.internal.cloudapp.net, ports: [REPLICATION=41421, RATIS=37419, RATIS_ADMIN=37419, RATIS_SERVER=37419, STANDALONE=40341], networkLocation: /default-rack, certSerialId: null, persistedOpState: IN_SERVICE, persistedOpStateExpiryEpochSec: 0}aaeb156b-3e2f-4cf8-856b-91bff9608227{ip: 10.1.1.13, host: fv-az296-38.ie1vkwtfhimuhe55j3he1m2lab.gx.internal.cloudapp.net, ports: [REPLICATION=36385, RATIS=44061, RATIS_ADMIN=44061, RATIS_SERVER=44061, STANDALONE=39025], networkLocation: /default-rack, certSerialId: null, persistedOpState: IN_SERVICE, persistedOpStateExpiryEpochSec: 0}, ReplicationConfig: RATIS/THREE, State:ALLOCATED, leaderId:85843916-432a-4650-9548-77805447e337, CreationTimestamp2022-11-15T00:58:23.381Z[Etc/UTC]] moved to OPEN state
2022-11-15 00:58:30,621 [EventQueue-OpenPipelineForHealthyPipelineSafeModeRule] INFO  safemode.SCMSafeModeManager (HealthyPipelineSafeModeRule.java:process(137)) - SCM in safe mode. Healthy pipelines reported count is 0, required healthy pipeline reported count is 1
2022-11-15 00:58:30,621 [EventQueue-OpenPipelineForHealthyPipelineSafeModeRule] INFO  safemode.SCMSafeModeManager (HealthyPipelineSafeModeRule.java:process(137)) - SCM in safe mode. Healthy pipelines reported count is 1, required healthy pipeline reported count is 1
2022-11-15 00:58:30,621 [EventQueue-OpenPipelineForHealthyPipelineSafeModeRule] INFO  safemode.SCMSafeModeManager (SCMSafeModeManager.java:validateSafeModeExitRules(204)) - HealthyPipelineSafeModeRule rule is successfully validated
2022-11-15 00:58:30,622 [EventQueue-OpenPipelineForHealthyPipelineSafeModeRule] INFO  safemode.SCMSafeModeManager (SCMSafeModeManager.java:validateSafeModeExitRules(219)) - ScmSafeModeManager, all rules are successfully validated
2022-11-15 00:58:30,622 [EventQueue-OpenPipelineForHealthyPipelineSafeModeRule] INFO  safemode.SCMSafeModeManager (SCMSafeModeManager.java:exitSafeMode(248)) - SCM exiting safe mode.
2022-11-15 00:58:30,622 [EventQueue-OpenPipelineForHealthyPipelineSafeModeRule] WARN  events.EventQueue (EventQueue.java:fireEvent(216)) - No event handler registered for event TypedEvent{payloadType=SafeModeStatus, name='Safe mode status'}
2022-11-15 00:58:30,622 [EventQueue-OpenPipelineForHealthyPipelineSafeModeRule] INFO  ha.SCMContext (SCMContext.java:updateSafeModeStatus(228)) - Update SafeModeStatus from SafeModeStatus{safeModeStatus=true, preCheckPassed=true} to SafeModeStatus{safeModeStatus=false, preCheckPassed=true}.
2022-11-15 00:58:30,622 [EventQueue-OpenPipelineForHealthyPipelineSafeModeRule] INFO  pipeline.BackgroundPipelineCreator (BackgroundPipelineCreator.java:notifyStatusChanged(254)) - Service BackgroundPipelineCreator transitions to RUNNING.
2022-11-15 00:58:30,622 [EventQueue-OpenPipelineForHealthyPipelineSafeModeRule] INFO  BackgroundPipelineScrubber (BackgroundSCMService.java:notifyStatusChanged(82)) - Service BackgroundPipelineScrubber transitions to RUNNING.
2022-11-15 00:58:30,622 [EventQueue-OpenPipelineForHealthyPipelineSafeModeRule] INFO  ExpiredContainerReplicaOpScrubber (BackgroundSCMService.java:notifyStatusChanged(82)) - Service ExpiredContainerReplicaOpScrubber transitions to RUNNING.
2022-11-15 00:58:30,622 [EventQueue-OpenPipelineForHealthyPipelineSafeModeRule] INFO  replication.ReplicationManager (ReplicationManager.java:notifyStatusChanged(814)) - Service ReplicationManager transitions to RUNNING.
2022-11-15 00:58:30,625 [EventQueue-OpenPipelineForHealthyPipelineSafeModeRule] WARN  balancer.ContainerBalancer (ContainerBalancer.java:shouldRun(131)) - Could not find persisted configuration for ContainerBalancer when checking if ContainerBalancer should run. ContainerBalancer should not run now.
2022-11-15 00:58:30,626 [aaeb156b-3e2f-4cf8-856b-91bff9608227@group-B2C5C66B2059-FollowerState] INFO  server.RaftServerConfigKeys (ConfUtils.java:logFallback(53)) - raft.server.rpc.first-election.timeout.max = 5200ms (fallback to raft.server.rpc.timeout.max)
2022-11-15 00:58:30,628 [85843916-432a-4650-9548-77805447e337@group-B2C5C66B2059-LeaderElection2] INFO  server.RaftServerConfigKeys (ConfUtils.java:logGet(46)) - raft.server.log.appender.snapshot.chunk.size.max = 16MB (=16777216) (default)
2022-11-15 00:58:30,628 [85843916-432a-4650-9548-77805447e337@group-B2C5C66B2059-LeaderElection2] INFO  server.RaftServerConfigKeys (ConfUtils.java:logGet(46)) - raft.server.log.appender.buffer.byte-limit = 33554432 (custom)
2022-11-15 00:58:30,629 [85843916-432a-4650-9548-77805447e337@group-B2C5C66B2059-LeaderElection2] INFO  server.RaftServerConfigKeys (ConfUtils.java:logGet(46)) - raft.server.log.appender.buffer.element-limit = 1 (custom)
2022-11-15 00:58:30,631 [85843916-432a-4650-9548-77805447e337@group-B2C5C66B2059-LeaderElection2] INFO  grpc.GrpcConfigKeys (ConfUtils.java:logGet(46)) - raft.grpc.server.leader.outstanding.appends.max = 128 (default)
2022-11-15 00:58:30,631 [85843916-432a-4650-9548-77805447e337@group-B2C5C66B2059-LeaderElection2] INFO  server.RaftServerConfigKeys (ConfUtils.java:logGet(46)) - raft.server.rpc.request.timeout = 60s (custom)
2022-11-15 00:58:30,631 [85843916-432a-4650-9548-77805447e337@group-B2C5C66B2059-LeaderElection2] INFO  server.RaftServerConfigKeys (ConfUtils.java:logGet(46)) - raft.server.log.appender.install.snapshot.enabled = false (custom)
2022-11-15 00:58:30,631 [85843916-432a-4650-9548-77805447e337@group-B2C5C66B2059-LeaderElection2] INFO  grpc.GrpcConfigKeys (ConfUtils.java:logGet(46)) - raft.grpc.server.heartbeat.channel = true (default)
2022-11-15 00:58:30,631 [85843916-432a-4650-9548-77805447e337@group-B2C5C66B2059-LeaderElection2] INFO  server.RaftServerConfigKeys (ConfUtils.java:logGet(46)) - raft.server.log.appender.wait-time.min = 10ms (default)
2022-11-15 00:58:30,632 [85843916-432a-4650-9548-77805447e337@group-B2C5C66B2059-LeaderElection2] INFO  server.RaftServerConfigKeys (ConfUtils.java:logGet(46)) - raft.server.log.appender.snapshot.chunk.size.max = 16MB (=16777216) (default)
2022-11-15 00:58:30,632 [85843916-432a-4650-9548-77805447e337@group-B2C5C66B2059-LeaderElection2] INFO  server.RaftServerConfigKeys (ConfUtils.java:logGet(46)) - raft.server.log.appender.buffer.byte-limit = 33554432 (custom)
2022-11-15 00:58:30,633 [85843916-432a-4650-9548-77805447e337@group-B2C5C66B2059-LeaderElection2] INFO  server.RaftServerConfigKeys (ConfUtils.java:logGet(46)) - raft.server.log.appender.buffer.element-limit = 1 (custom)
2022-11-15 00:58:30,633 [85843916-432a-4650-9548-77805447e337@group-B2C5C66B2059-LeaderElection2] INFO  grpc.GrpcConfigKeys (ConfUtils.java:logGet(46)) - raft.grpc.server.leader.outstanding.appends.max = 128 (default)
2022-11-15 00:58:30,633 [85843916-432a-4650-9548-77805447e337@group-B2C5C66B2059-LeaderElection2] INFO  server.RaftServerConfigKeys (ConfUtils.java:logGet(46)) - raft.server.rpc.request.timeout = 60s (custom)
2022-11-15 00:58:30,633 [85843916-432a-4650-9548-77805447e337@group-B2C5C66B2059-LeaderElection2] INFO  server.RaftServerConfigKeys (ConfUtils.java:logGet(46)) - raft.server.log.appender.install.snapshot.enabled = false (custom)
2022-11-15 00:58:30,633 [85843916-432a-4650-9548-77805447e337@group-B2C5C66B2059-LeaderElection2] INFO  grpc.GrpcConfigKeys (ConfUtils.java:logGet(46)) - raft.grpc.server.heartbeat.channel = true (default)
2022-11-15 00:58:30,633 [85843916-432a-4650-9548-77805447e337@group-B2C5C66B2059-LeaderElection2] INFO  server.RaftServerConfigKeys (ConfUtils.java:logGet(46)) - raft.server.log.appender.wait-time.min = 10ms (default)
2022-11-15 00:58:30,634 [85843916-432a-4650-9548-77805447e337@group-B2C5C66B2059-LeaderElection2] INFO  impl.RoleInfo (RoleInfo.java:updateAndGet(139)) - 85843916-432a-4650-9548-77805447e337: start 85843916-432a-4650-9548-77805447e337@group-B2C5C66B2059-LeaderStateImpl
2022-11-15 00:58:30,634 [85843916-432a-4650-9548-77805447e337@group-B2C5C66B2059-LeaderElection2] INFO  segmented.SegmentedRaftLogWorker (SegmentedRaftLogWorker.java:startLogSegment(452)) - 85843916-432a-4650-9548-77805447e337@group-B2C5C66B2059-SegmentedRaftLogWorker: Starting segment from index:0
2022-11-15 00:58:30,635 [85843916-432a-4650-9548-77805447e337@group-B2C5C66B2059-SegmentedRaftLogWorker] INFO  segmented.SegmentedRaftLogWorker (SegmentedRaftLogWorker.java:execute(656)) - 85843916-432a-4650-9548-77805447e337@group-B2C5C66B2059-SegmentedRaftLogWorker: created new log segment /home/runner/work/ozone/ozone/hadoop-ozone/integration-test/target/test-dir/MiniOzoneClusterImpl-967df050-5cad-43ef-a6d1-66aedb0492a1/datanode-0/data/ratis/40abed11-adad-4fb2-956c-b2c5c66b2059/current/log_inprogress_0
2022-11-15 00:58:30,645 [85843916-432a-4650-9548-77805447e337@group-B2C5C66B2059-LeaderElection2] INFO  server.RaftServer$Division (ServerState.java:setRaftConf(430)) - 85843916-432a-4650-9548-77805447e337@group-B2C5C66B2059: set configuration 0: peers:[bf73ebd2-05f1-4192-b11d-fd5e465fd53e|rpc:10.1.1.13:37419|dataStream:|priority:0|startupRole:FOLLOWER, aaeb156b-3e2f-4cf8-856b-91bff9608227|rpc:10.1.1.13:44061|dataStream:|priority:0|startupRole:FOLLOWER, 85843916-432a-4650-9548-77805447e337|rpc:10.1.1.13:40129|dataStream:|priority:1|startupRole:FOLLOWER]|listeners:[], old=null
2022-11-15 00:58:30,708 [aaeb156b-3e2f-4cf8-856b-91bff9608227-server-thread1] INFO  ratis.XceiverServerRatis (XceiverServerRatis.java:handleLeaderChangedNotification(863)) - Leader change notification received for group: group-B2C5C66B2059 with new leaderId: 85843916-432a-4650-9548-77805447e337
2022-11-15 00:58:30,708 [aaeb156b-3e2f-4cf8-856b-91bff9608227-server-thread1] INFO  server.RaftServer$Division (ServerState.java:setLeader(313)) - aaeb156b-3e2f-4cf8-856b-91bff9608227@group-B2C5C66B2059: change Leader from null to 85843916-432a-4650-9548-77805447e337 at term 1 for appendEntries, leader elected after 4657ms
2022-11-15 00:58:30,708 [bf73ebd2-05f1-4192-b11d-fd5e465fd53e-server-thread1] INFO  ratis.XceiverServerRatis (XceiverServerRatis.java:handleLeaderChangedNotification(863)) - Leader change notification received for group: group-B2C5C66B2059 with new leaderId: 85843916-432a-4650-9548-77805447e337
2022-11-15 00:58:30,715 [bf73ebd2-05f1-4192-b11d-fd5e465fd53e-server-thread1] INFO  server.RaftServer$Division (ServerState.java:setLeader(313)) - bf73ebd2-05f1-4192-b11d-fd5e465fd53e@group-B2C5C66B2059: change Leader from null to 85843916-432a-4650-9548-77805447e337 at term 1 for appendEntries, leader elected after 4767ms
2022-11-15 00:58:30,715 [aaeb156b-3e2f-4cf8-856b-91bff9608227-server-thread1] INFO  server.RaftServer$Division (ServerState.java:setRaftConf(430)) - aaeb156b-3e2f-4cf8-856b-91bff9608227@group-B2C5C66B2059: set configuration 0: peers:[bf73ebd2-05f1-4192-b11d-fd5e465fd53e|rpc:10.1.1.13:37419|dataStream:|priority:0|startupRole:FOLLOWER, aaeb156b-3e2f-4cf8-856b-91bff9608227|rpc:10.1.1.13:44061|dataStream:|priority:0|startupRole:FOLLOWER, 85843916-432a-4650-9548-77805447e337|rpc:10.1.1.13:40129|dataStream:|priority:1|startupRole:FOLLOWER]|listeners:[], old=null
2022-11-15 00:58:30,715 [aaeb156b-3e2f-4cf8-856b-91bff9608227-server-thread1] INFO  segmented.SegmentedRaftLogWorker (SegmentedRaftLogWorker.java:startLogSegment(452)) - aaeb156b-3e2f-4cf8-856b-91bff9608227@group-B2C5C66B2059-SegmentedRaftLogWorker: Starting segment from index:0
2022-11-15 00:58:30,716 [aaeb156b-3e2f-4cf8-856b-91bff9608227@group-B2C5C66B2059-SegmentedRaftLogWorker] INFO  segmented.SegmentedRaftLogWorker (SegmentedRaftLogWorker.java:execute(656)) - aaeb156b-3e2f-4cf8-856b-91bff9608227@group-B2C5C66B2059-SegmentedRaftLogWorker: created new log segment /home/runner/work/ozone/ozone/hadoop-ozone/integration-test/target/test-dir/MiniOzoneClusterImpl-967df050-5cad-43ef-a6d1-66aedb0492a1/datanode-1/data/ratis/40abed11-adad-4fb2-956c-b2c5c66b2059/current/log_inprogress_0
2022-11-15 00:58:30,717 [bf73ebd2-05f1-4192-b11d-fd5e465fd53e-server-thread1] INFO  server.RaftServer$Division (ServerState.java:setRaftConf(430)) - bf73ebd2-05f1-4192-b11d-fd5e465fd53e@group-B2C5C66B2059: set configuration 0: peers:[bf73ebd2-05f1-4192-b11d-fd5e465fd53e|rpc:10.1.1.13:37419|dataStream:|priority:0|startupRole:FOLLOWER, aaeb156b-3e2f-4cf8-856b-91bff9608227|rpc:10.1.1.13:44061|dataStream:|priority:0|startupRole:FOLLOWER, 85843916-432a-4650-9548-77805447e337|rpc:10.1.1.13:40129|dataStream:|priority:1|startupRole:FOLLOWER]|listeners:[], old=null
2022-11-15 00:58:30,719 [bf73ebd2-05f1-4192-b11d-fd5e465fd53e-server-thread1] INFO  segmented.SegmentedRaftLogWorker (SegmentedRaftLogWorker.java:startLogSegment(452)) - bf73ebd2-05f1-4192-b11d-fd5e465fd53e@group-B2C5C66B2059-SegmentedRaftLogWorker: Starting segment from index:0
2022-11-15 00:58:30,721 [bf73ebd2-05f1-4192-b11d-fd5e465fd53e@group-B2C5C66B2059-SegmentedRaftLogWorker] INFO  segmented.SegmentedRaftLogWorker (SegmentedRaftLogWorker.java:execute(656)) - bf73ebd2-05f1-4192-b11d-fd5e465fd53e@group-B2C5C66B2059-SegmentedRaftLogWorker: created new log segment /home/runner/work/ozone/ozone/hadoop-ozone/integration-test/target/test-dir/MiniOzoneClusterImpl-967df050-5cad-43ef-a6d1-66aedb0492a1/datanode-2/data/ratis/40abed11-adad-4fb2-956c-b2c5c66b2059/current/log_inprogress_0
2022-11-15 00:58:31,119 [aaeb156b-3e2f-4cf8-856b-91bff9608227@group-C339F021BDF2-FollowerState] INFO  impl.FollowerState (FollowerState.java:run(143)) - aaeb156b-3e2f-4cf8-856b-91bff9608227@group-C339F021BDF2-FollowerState: change to CANDIDATE, lastRpcElapsedTime:5081392284ns, electionTimeout:5077ms
2022-11-15 00:58:31,119 [aaeb156b-3e2f-4cf8-856b-91bff9608227@group-C339F021BDF2-FollowerState] INFO  impl.RoleInfo (RoleInfo.java:shutdownFollowerState(110)) - aaeb156b-3e2f-4cf8-856b-91bff9608227: shutdown aaeb156b-3e2f-4cf8-856b-91bff9608227@group-C339F021BDF2-FollowerState
2022-11-15 00:58:31,120 [aaeb156b-3e2f-4cf8-856b-91bff9608227@group-C339F021BDF2-FollowerState] INFO  server.RaftServer$Division (RaftServerImpl.java:setRole(321)) - aaeb156b-3e2f-4cf8-856b-91bff9608227@group-C339F021BDF2: changes role from  FOLLOWER to CANDIDATE at term 0 for changeToCandidate
2022-11-15 00:58:31,121 [aaeb156b-3e2f-4cf8-856b-91bff9608227@group-C339F021BDF2-FollowerState] INFO  server.RaftServerConfigKeys (ConfUtils.java:logGet(46)) - raft.server.leaderelection.pre-vote = false (custom)
2022-11-15 00:58:31,121 [aaeb156b-3e2f-4cf8-856b-91bff9608227@group-C339F021BDF2-FollowerState] INFO  impl.RoleInfo (RoleInfo.java:updateAndGet(139)) - aaeb156b-3e2f-4cf8-856b-91bff9608227: start aaeb156b-3e2f-4cf8-856b-91bff9608227@group-C339F021BDF2-LeaderElection4
2022-11-15 00:58:31,127 [aaeb156b-3e2f-4cf8-856b-91bff9608227@group-C339F021BDF2-LeaderElection4] INFO  impl.LeaderElection (LeaderElection.java:askForVotes(312)) - aaeb156b-3e2f-4cf8-856b-91bff9608227@group-C339F021BDF2-LeaderElection4 ELECTION round 0: submit vote requests at term 1 for -1: peers:[aaeb156b-3e2f-4cf8-856b-91bff9608227|rpc:10.1.1.13:44061|priority:1|startupRole:FOLLOWER]|listeners:[], old=null
2022-11-15 00:58:31,127 [aaeb156b-3e2f-4cf8-856b-91bff9608227@group-C339F021BDF2-LeaderElection4] INFO  impl.LeaderElection (LeaderElection.java:askForVotes(314)) - aaeb156b-3e2f-4cf8-856b-91bff9608227@group-C339F021BDF2-LeaderElection4 ELECTION round 0: result PASSED (term=1)
2022-11-15 00:58:31,127 [aaeb156b-3e2f-4cf8-856b-91bff9608227@group-C339F021BDF2-LeaderElection4] INFO  impl.RoleInfo (RoleInfo.java:shutdownLeaderElection(130)) - aaeb156b-3e2f-4cf8-856b-91bff9608227: shutdown aaeb156b-3e2f-4cf8-856b-91bff9608227@group-C339F021BDF2-LeaderElection4
2022-11-15 00:58:31,127 [aaeb156b-3e2f-4cf8-856b-91bff9608227@group-C339F021BDF2-LeaderElection4] INFO  server.RaftServer$Division (RaftServerImpl.java:setRole(321)) - aaeb156b-3e2f-4cf8-856b-91bff9608227@group-C339F021BDF2: changes role from CANDIDATE to LEADER at term 1 for changeToLeader
2022-11-15 00:58:31,127 [aaeb156b-3e2f-4cf8-856b-91bff9608227@group-C339F021BDF2-LeaderElection4] INFO  ratis.XceiverServerRatis (XceiverServerRatis.java:handleLeaderChangedNotification(863)) - Leader change notification received for group: group-C339F021BDF2 with new leaderId: aaeb156b-3e2f-4cf8-856b-91bff9608227
2022-11-15 00:58:31,128 [aaeb156b-3e2f-4cf8-856b-91bff9608227@group-C339F021BDF2-LeaderElection4] INFO  server.RaftServer$Division (ServerState.java:setLeader(313)) - aaeb156b-3e2f-4cf8-856b-91bff9608227@group-C339F021BDF2: change Leader from null to aaeb156b-3e2f-4cf8-856b-91bff9608227 at term 1 for becomeLeader, leader elected after 5106ms
2022-11-15 00:58:31,128 [aaeb156b-3e2f-4cf8-856b-91bff9608227@group-C339F021BDF2-LeaderElection4] INFO  server.RaftServerConfigKeys (ConfUtils.java:logGet(46)) - raft.server.staging.catchup.gap = 1000 (default)
2022-11-15 00:58:31,128 [aaeb156b-3e2f-4cf8-856b-91bff9608227@group-C339F021BDF2-LeaderElection4] INFO  server.RaftServerConfigKeys (ConfUtils.java:logGet(46)) - raft.server.write.element-limit = 1024 (custom)
2022-11-15 00:58:31,128 [aaeb156b-3e2f-4cf8-856b-91bff9608227@group-C339F021BDF2-LeaderElection4] INFO  server.RaftServerConfigKeys (ConfUtils.java:logGet(46)) - raft.server.write.byte-limit = 1024 M (=1073741824) (custom)
2022-11-15 00:58:31,130 [aaeb156b-3e2f-4cf8-856b-91bff9608227@group-C339F021BDF2-LeaderElection4] INFO  server.RaftServerConfigKeys (ConfUtils.java:logGet(46)) - raft.server.watch.timeout = 180s (custom)
2022-11-15 00:58:31,130 [aaeb156b-3e2f-4cf8-856b-91bff9608227@group-C339F021BDF2-LeaderElection4] INFO  server.RaftServerConfigKeys (ConfUtils.java:logGet(46)) - raft.server.watch.timeout.denomination = 1s (default)
2022-11-15 00:58:31,130 [aaeb156b-3e2f-4cf8-856b-91bff9608227@group-C339F021BDF2-LeaderElection4] INFO  server.RaftServerConfigKeys (ConfUtils.java:logGet(46)) - raft.server.watch.element-limit = 65536 (default)
2022-11-15 00:58:31,130 [aaeb156b-3e2f-4cf8-856b-91bff9608227@group-C339F021BDF2-LeaderElection4] INFO  server.RaftServerConfigKeys (ConfUtils.java:logGet(46)) - raft.server.write.element-limit = 1024 (custom)
2022-11-15 00:58:31,130 [aaeb156b-3e2f-4cf8-856b-91bff9608227@group-C339F021BDF2-LeaderElection4] INFO  server.RaftServerConfigKeys (ConfUtils.java:logGet(46)) - raft.server.write.follower.gap.ratio.max = -1.0 (default)
2022-11-15 00:58:31,130 [aaeb156b-3e2f-4cf8-856b-91bff9608227@group-C339F021BDF2-LeaderElection4] INFO  impl.RoleInfo (RoleInfo.java:updateAndGet(139)) - aaeb156b-3e2f-4cf8-856b-91bff9608227: start aaeb156b-3e2f-4cf8-856b-91bff9608227@group-C339F021BDF2-LeaderStateImpl
2022-11-15 00:58:31,131 [aaeb156b-3e2f-4cf8-856b-91bff9608227@group-C339F021BDF2-LeaderElection4] INFO  segmented.SegmentedRaftLogWorker (SegmentedRaftLogWorker.java:startLogSegment(452)) - aaeb156b-3e2f-4cf8-856b-91bff9608227@group-C339F021BDF2-SegmentedRaftLogWorker: Starting segment from index:0
2022-11-15 00:58:31,132 [aaeb156b-3e2f-4cf8-856b-91bff9608227@group-C339F021BDF2-SegmentedRaftLogWorker] INFO  segmented.SegmentedRaftLogWorker (SegmentedRaftLogWorker.java:execute(656)) - aaeb156b-3e2f-4cf8-856b-91bff9608227@group-C339F021BDF2-SegmentedRaftLogWorker: created new log segment /home/runner/work/ozone/ozone/hadoop-ozone/integration-test/target/test-dir/MiniOzoneClusterImpl-967df050-5cad-43ef-a6d1-66aedb0492a1/datanode-1/data/ratis/d9aa63b6-a05f-46c2-8bf2-c339f021bdf2/current/log_inprogress_0
2022-11-15 00:58:31,132 [aaeb156b-3e2f-4cf8-856b-91bff9608227@group-C339F021BDF2-LeaderElection4] INFO  server.RaftServer$Division (ServerState.java:setRaftConf(430)) - aaeb156b-3e2f-4cf8-856b-91bff9608227@group-C339F021BDF2: set configuration 0: peers:[aaeb156b-3e2f-4cf8-856b-91bff9608227|rpc:10.1.1.13:44061|dataStream:|priority:1|startupRole:FOLLOWER]|listeners:[], old=null
2022-11-15 00:58:31,144 [85843916-432a-4650-9548-77805447e337@group-40A0510C1431-FollowerState] INFO  impl.FollowerState (FollowerState.java:run(143)) - 85843916-432a-4650-9548-77805447e337@group-40A0510C1431-FollowerState: change to CANDIDATE, lastRpcElapsedTime:5026449701ns, electionTimeout:5006ms
2022-11-15 00:58:31,144 [85843916-432a-4650-9548-77805447e337@group-40A0510C1431-FollowerState] INFO  impl.RoleInfo (RoleInfo.java:shutdownFollowerState(110)) - 85843916-432a-4650-9548-77805447e337: shutdown 85843916-432a-4650-9548-77805447e337@group-40A0510C1431-FollowerState
2022-11-15 00:58:31,144 [85843916-432a-4650-9548-77805447e337@group-40A0510C1431-FollowerState] INFO  server.RaftServer$Division (RaftServerImpl.java:setRole(321)) - 85843916-432a-4650-9548-77805447e337@group-40A0510C1431: changes role from  FOLLOWER to CANDIDATE at term 0 for changeToCandidate
2022-11-15 00:58:31,144 [85843916-432a-4650-9548-77805447e337@group-40A0510C1431-FollowerState] INFO  server.RaftServerConfigKeys (ConfUtils.java:logGet(46)) - raft.server.leaderelection.pre-vote = false (custom)
2022-11-15 00:58:31,144 [85843916-432a-4650-9548-77805447e337@group-40A0510C1431-FollowerState] INFO  impl.RoleInfo (RoleInfo.java:updateAndGet(139)) - 85843916-432a-4650-9548-77805447e337: start 85843916-432a-4650-9548-77805447e337@group-40A0510C1431-LeaderElection5
2022-11-15 00:58:31,146 [85843916-432a-4650-9548-77805447e337@group-40A0510C1431-LeaderElection5] INFO  impl.LeaderElection (LeaderElection.java:askForVotes(312)) - 85843916-432a-4650-9548-77805447e337@group-40A0510C1431-LeaderElection5 ELECTION round 0: submit vote requests at term 1 for -1: peers:[bf73ebd2-05f1-4192-b11d-fd5e465fd53e|rpc:10.1.1.13:37419|priority:1|startupRole:FOLLOWER, aaeb156b-3e2f-4cf8-856b-91bff9608227|rpc:10.1.1.13:44061|priority:0|startupRole:FOLLOWER, 85843916-432a-4650-9548-77805447e337|rpc:10.1.1.13:40129|priority:0|startupRole:FOLLOWER]|listeners:[], old=null
2022-11-15 00:58:31,146 [85843916-432a-4650-9548-77805447e337@group-40A0510C1431-LeaderElection5] INFO  server.RaftServerConfigKeys (ConfUtils.java:logFallback(53)) - raft.server.rpc.first-election.timeout.min = 5s (fallback to raft.server.rpc.timeout.min)
2022-11-15 00:58:31,146 [85843916-432a-4650-9548-77805447e337@group-40A0510C1431-LeaderElection5] INFO  server.RaftServerConfigKeys (ConfUtils.java:logFallback(53)) - raft.server.rpc.first-election.timeout.max = 5200ms (fallback to raft.server.rpc.timeout.max)
2022-11-15 00:58:31,150 [grpc-default-executor-2] INFO  server.RaftServer$Division (RaftServerImpl.java:requestVote(1218)) - aaeb156b-3e2f-4cf8-856b-91bff9608227@group-40A0510C1431: receive requestVote(ELECTION, 85843916-432a-4650-9548-77805447e337, group-40A0510C1431, 1, (t:0, i:0))
2022-11-15 00:58:31,153 [grpc-default-executor-2] INFO  impl.VoteContext (VoteContext.java:log(48)) - aaeb156b-3e2f-4cf8-856b-91bff9608227@group-40A0510C1431-FOLLOWER: accept ELECTION from 85843916-432a-4650-9548-77805447e337: our priority 0 <= candidate's priority 0
2022-11-15 00:58:31,153 [grpc-default-executor-2] INFO  server.RaftServer$Division (RaftServerImpl.java:setRole(321)) - aaeb156b-3e2f-4cf8-856b-91bff9608227@group-40A0510C1431: changes role from  FOLLOWER to FOLLOWER at term 1 for candidate:85843916-432a-4650-9548-77805447e337
2022-11-15 00:58:31,154 [grpc-default-executor-2] INFO  impl.RoleInfo (RoleInfo.java:shutdownFollowerState(110)) - aaeb156b-3e2f-4cf8-856b-91bff9608227: shutdown aaeb156b-3e2f-4cf8-856b-91bff9608227@group-40A0510C1431-FollowerState
2022-11-15 00:58:31,154 [grpc-default-executor-2] INFO  impl.RoleInfo (RoleInfo.java:updateAndGet(139)) - aaeb156b-3e2f-4cf8-856b-91bff9608227: start aaeb156b-3e2f-4cf8-856b-91bff9608227@group-40A0510C1431-FollowerState
2022-11-15 00:58:31,154 [aaeb156b-3e2f-4cf8-856b-91bff9608227@group-40A0510C1431-FollowerState] INFO  impl.FollowerState (FollowerState.java:run(152)) - aaeb156b-3e2f-4cf8-856b-91bff9608227@group-40A0510C1431-FollowerState was interrupted
2022-11-15 00:58:31,154 [aaeb156b-3e2f-4cf8-856b-91bff9608227@group-40A0510C1431-FollowerState] INFO  server.RaftServerConfigKeys (ConfUtils.java:logFallback(53)) - raft.server.rpc.first-election.timeout.min = 5s (fallback to raft.server.rpc.timeout.min)
2022-11-15 00:58:31,154 [aaeb156b-3e2f-4cf8-856b-91bff9608227@group-40A0510C1431-FollowerState] INFO  server.RaftServerConfigKeys (ConfUtils.java:logFallback(53)) - raft.server.rpc.first-election.timeout.max = 5200ms (fallback to raft.server.rpc.timeout.max)
2022-11-15 00:58:31,155 [grpc-default-executor-2] INFO  server.RaftServer$Division (RaftServerImpl.java:requestVote(1251)) - aaeb156b-3e2f-4cf8-856b-91bff9608227@group-40A0510C1431 replies to ELECTION vote request: 85843916-432a-4650-9548-77805447e337<-aaeb156b-3e2f-4cf8-856b-91bff9608227#0:OK-t1. Peer's state: aaeb156b-3e2f-4cf8-856b-91bff9608227@group-40A0510C1431:t1, leader=null, voted=85843916-432a-4650-9548-77805447e337, raftlog=Memoized:aaeb156b-3e2f-4cf8-856b-91bff9608227@group-40A0510C1431-SegmentedRaftLog:OPENED:c-1, conf=-1: peers:[bf73ebd2-05f1-4192-b11d-fd5e465fd53e|rpc:10.1.1.13:37419|priority:1|startupRole:FOLLOWER, aaeb156b-3e2f-4cf8-856b-91bff9608227|rpc:10.1.1.13:44061|priority:0|startupRole:FOLLOWER, 85843916-432a-4650-9548-77805447e337|rpc:10.1.1.13:40129|priority:0|startupRole:FOLLOWER]|listeners:[], old=null
2022-11-15 00:58:31,162 [grpc-default-executor-4] INFO  server.RaftServer$Division (RaftServerImpl.java:requestVote(1218)) - bf73ebd2-05f1-4192-b11d-fd5e465fd53e@group-40A0510C1431: receive requestVote(ELECTION, 85843916-432a-4650-9548-77805447e337, group-40A0510C1431, 1, (t:0, i:0))
2022-11-15 00:58:31,162 [grpc-default-executor-4] INFO  impl.VoteContext (VoteContext.java:log(48)) - bf73ebd2-05f1-4192-b11d-fd5e465fd53e@group-40A0510C1431-FOLLOWER: reject ELECTION from 85843916-432a-4650-9548-77805447e337: our priority 1 > candidate's priority 0
2022-11-15 00:58:31,162 [grpc-default-executor-4] INFO  server.RaftServer$Division (RaftServerImpl.java:setRole(321)) - bf73ebd2-05f1-4192-b11d-fd5e465fd53e@group-40A0510C1431: changes role from  FOLLOWER to FOLLOWER at term 1 for candidate:85843916-432a-4650-9548-77805447e337
2022-11-15 00:58:31,162 [grpc-default-executor-4] INFO  impl.RoleInfo (RoleInfo.java:shutdownFollowerState(110)) - bf73ebd2-05f1-4192-b11d-fd5e465fd53e: shutdown bf73ebd2-05f1-4192-b11d-fd5e465fd53e@group-40A0510C1431-FollowerState
2022-11-15 00:58:31,162 [grpc-default-executor-4] INFO  impl.RoleInfo (RoleInfo.java:updateAndGet(139)) - bf73ebd2-05f1-4192-b11d-fd5e465fd53e: start bf73ebd2-05f1-4192-b11d-fd5e465fd53e@group-40A0510C1431-FollowerState
2022-11-15 00:58:31,162 [bf73ebd2-05f1-4192-b11d-fd5e465fd53e@group-40A0510C1431-FollowerState] INFO  impl.FollowerState (FollowerState.java:run(152)) - bf73ebd2-05f1-4192-b11d-fd5e465fd53e@group-40A0510C1431-FollowerState was interrupted
2022-11-15 00:58:31,163 [grpc-default-executor-4] INFO  server.RaftServer$Division (RaftServerImpl.java:requestVote(1251)) - bf73ebd2-05f1-4192-b11d-fd5e465fd53e@group-40A0510C1431 replies to ELECTION vote request: 85843916-432a-4650-9548-77805447e337<-bf73ebd2-05f1-4192-b11d-fd5e465fd53e#0:FAIL-t1. Peer's state: bf73ebd2-05f1-4192-b11d-fd5e465fd53e@group-40A0510C1431:t1, leader=null, voted=null, raftlog=Memoized:bf73ebd2-05f1-4192-b11d-fd5e465fd53e@group-40A0510C1431-SegmentedRaftLog:OPENED:c-1, conf=-1: peers:[bf73ebd2-05f1-4192-b11d-fd5e465fd53e|rpc:10.1.1.13:37419|dataStream:|priority:1|startupRole:FOLLOWER, aaeb156b-3e2f-4cf8-856b-91bff9608227|rpc:10.1.1.13:44061|dataStream:|priority:0|startupRole:FOLLOWER, 85843916-432a-4650-9548-77805447e337|rpc:10.1.1.13:40129|dataStream:|priority:0|startupRole:FOLLOWER]|listeners:[], old=null
2022-11-15 00:58:31,166 [85843916-432a-4650-9548-77805447e337@group-40A0510C1431-LeaderElection5] INFO  impl.LeaderElection (LeaderElection.java:logAndReturn(90)) - 85843916-432a-4650-9548-77805447e337@group-40A0510C1431-LeaderElection5: ELECTION REJECTED received 2 response(s) and 0 exception(s):
2022-11-15 00:58:31,166 [85843916-432a-4650-9548-77805447e337@group-40A0510C1431-LeaderElection5] INFO  impl.LeaderElection (LeaderElection.java:logAndReturn(94)) -   Response 0: 85843916-432a-4650-9548-77805447e337<-bf73ebd2-05f1-4192-b11d-fd5e465fd53e#0:FAIL-t1
2022-11-15 00:58:31,166 [85843916-432a-4650-9548-77805447e337@group-40A0510C1431-LeaderElection5] INFO  impl.LeaderElection (LeaderElection.java:logAndReturn(94)) -   Response 1: 85843916-432a-4650-9548-77805447e337<-aaeb156b-3e2f-4cf8-856b-91bff9608227#0:OK-t1
2022-11-15 00:58:31,163 [bf73ebd2-05f1-4192-b11d-fd5e465fd53e@group-40A0510C1431-FollowerState] INFO  server.RaftServerConfigKeys (ConfUtils.java:logFallback(53)) - raft.server.rpc.first-election.timeout.min = 5s (fallback to raft.server.rpc.timeout.min)
2022-11-15 00:58:31,166 [85843916-432a-4650-9548-77805447e337@group-40A0510C1431-LeaderElection5] INFO  impl.LeaderElection (LeaderElection.java:askForVotes(314)) - 85843916-432a-4650-9548-77805447e337@group-40A0510C1431-LeaderElection5 ELECTION round 0: result REJECTED
2022-11-15 00:58:31,166 [bf73ebd2-05f1-4192-b11d-fd5e465fd53e@group-40A0510C1431-FollowerState] INFO  server.RaftServerConfigKeys (ConfUtils.java:logFallback(53)) - raft.server.rpc.first-election.timeout.max = 5200ms (fallback to raft.server.rpc.timeout.max)
2022-11-15 00:58:31,166 [85843916-432a-4650-9548-77805447e337@group-40A0510C1431-LeaderElection5] INFO  server.RaftServer$Division (RaftServerImpl.java:setRole(321)) - 85843916-432a-4650-9548-77805447e337@group-40A0510C1431: changes role from CANDIDATE to FOLLOWER at term 1 for REJECTED
2022-11-15 00:58:31,166 [85843916-432a-4650-9548-77805447e337@group-40A0510C1431-LeaderElection5] INFO  impl.RoleInfo (RoleInfo.java:shutdownLeaderElection(130)) - 85843916-432a-4650-9548-77805447e337: shutdown 85843916-432a-4650-9548-77805447e337@group-40A0510C1431-LeaderElection5
2022-11-15 00:58:31,166 [85843916-432a-4650-9548-77805447e337@group-40A0510C1431-LeaderElection5] INFO  impl.RoleInfo (RoleInfo.java:updateAndGet(139)) - 85843916-432a-4650-9548-77805447e337: start 85843916-432a-4650-9548-77805447e337@group-40A0510C1431-FollowerState
2022-11-15 00:58:31,172 [85843916-432a-4650-9548-77805447e337@group-40A0510C1431-FollowerState] INFO  server.RaftServerConfigKeys (ConfUtils.java:logFallback(53)) - raft.server.rpc.first-election.timeout.min = 5s (fallback to raft.server.rpc.timeout.min)
2022-11-15 00:58:31,172 [85843916-432a-4650-9548-77805447e337@group-40A0510C1431-FollowerState] INFO  server.RaftServerConfigKeys (ConfUtils.java:logFallback(53)) - raft.server.rpc.first-election.timeout.max = 5200ms (fallback to raft.server.rpc.timeout.max)
2022-11-15 00:58:31,371 [Listener at 127.0.0.1/34689] INFO  ozone.MiniOzoneClusterImpl (MiniOzoneClusterImpl.java:lambda$waitForClusterToBeReady$0(216)) - Nodes are ready. Got 3 of 3 DN Heartbeats.
2022-11-15 00:58:31,371 [Listener at 127.0.0.1/34689] INFO  ozone.MiniOzoneClusterImpl (MiniOzoneClusterImpl.java:lambda$waitForClusterToBeReady$0(219)) - Cluster exits safe mode
2022-11-15 00:58:31,371 [Listener at 127.0.0.1/34689] INFO  ozone.MiniOzoneClusterImpl (MiniOzoneClusterImpl.java:lambda$waitForClusterToBeReady$0(221)) - SCM became leader
2022-11-15 00:58:31,540 [bf73ebd2-05f1-4192-b11d-fd5e465fd53e@group-5A46D9720F58-FollowerState] INFO  impl.FollowerState (FollowerState.java:run(143)) - bf73ebd2-05f1-4192-b11d-fd5e465fd53e@group-5A46D9720F58-FollowerState: change to CANDIDATE, lastRpcElapsedTime:5149256609ns, electionTimeout:5143ms
2022-11-15 00:58:31,540 [bf73ebd2-05f1-4192-b11d-fd5e465fd53e@group-5A46D9720F58-FollowerState] INFO  impl.RoleInfo (RoleInfo.java:shutdownFollowerState(110)) - bf73ebd2-05f1-4192-b11d-fd5e465fd53e: shutdown bf73ebd2-05f1-4192-b11d-fd5e465fd53e@group-5A46D9720F58-FollowerState
2022-11-15 00:58:31,540 [bf73ebd2-05f1-4192-b11d-fd5e465fd53e@group-5A46D9720F58-FollowerState] INFO  server.RaftServer$Division (RaftServerImpl.java:setRole(321)) - bf73ebd2-05f1-4192-b11d-fd5e465fd53e@group-5A46D9720F58: changes role from  FOLLOWER to CANDIDATE at term 0 for changeToCandidate
2022-11-15 00:58:31,540 [bf73ebd2-05f1-4192-b11d-fd5e465fd53e@group-5A46D9720F58-FollowerState] INFO  server.RaftServerConfigKeys (ConfUtils.java:logGet(46)) - raft.server.leaderelection.pre-vote = false (custom)
2022-11-15 00:58:31,540 [bf73ebd2-05f1-4192-b11d-fd5e465fd53e@group-5A46D9720F58-FollowerState] INFO  impl.RoleInfo (RoleInfo.java:updateAndGet(139)) - bf73ebd2-05f1-4192-b11d-fd5e465fd53e: start bf73ebd2-05f1-4192-b11d-fd5e465fd53e@group-5A46D9720F58-LeaderElection6
2022-11-15 00:58:31,548 [bf73ebd2-05f1-4192-b11d-fd5e465fd53e@group-5A46D9720F58-LeaderElection6] INFO  impl.LeaderElection (LeaderElection.java:askForVotes(312)) - bf73ebd2-05f1-4192-b11d-fd5e465fd53e@group-5A46D9720F58-LeaderElection6 ELECTION round 0: submit vote requests at term 1 for -1: peers:[bf73ebd2-05f1-4192-b11d-fd5e465fd53e|rpc:10.1.1.13:37419|priority:1|startupRole:FOLLOWER]|listeners:[], old=null
2022-11-15 00:58:31,548 [bf73ebd2-05f1-4192-b11d-fd5e465fd53e@group-5A46D9720F58-LeaderElection6] INFO  impl.LeaderElection (LeaderElection.java:askForVotes(314)) - bf73ebd2-05f1-4192-b11d-fd5e465fd53e@group-5A46D9720F58-LeaderElection6 ELECTION round 0: result PASSED (term=1)
2022-11-15 00:58:31,548 [bf73ebd2-05f1-4192-b11d-fd5e465fd53e@group-5A46D9720F58-LeaderElection6] INFO  impl.RoleInfo (RoleInfo.java:shutdownLeaderElection(130)) - bf73ebd2-05f1-4192-b11d-fd5e465fd53e: shutdown bf73ebd2-05f1-4192-b11d-fd5e465fd53e@group-5A46D9720F58-LeaderElection6
2022-11-15 00:58:31,548 [bf73ebd2-05f1-4192-b11d-fd5e465fd53e@group-5A46D9720F58-LeaderElection6] INFO  server.RaftServer$Division (RaftServerImpl.java:setRole(321)) - bf73ebd2-05f1-4192-b11d-fd5e465fd53e@group-5A46D9720F58: changes role from CANDIDATE to LEADER at term 1 for changeToLeader
2022-11-15 00:58:31,548 [bf73ebd2-05f1-4192-b11d-fd5e465fd53e@group-5A46D9720F58-LeaderElection6] INFO  ratis.XceiverServerRatis (XceiverServerRatis.java:handleLeaderChangedNotification(863)) - Leader change notification received for group: group-5A46D9720F58 with new leaderId: bf73ebd2-05f1-4192-b11d-fd5e465fd53e
2022-11-15 00:58:31,549 [bf73ebd2-05f1-4192-b11d-fd5e465fd53e@group-5A46D9720F58-LeaderElection6] INFO  server.RaftServer$Division (ServerState.java:setLeader(313)) - bf73ebd2-05f1-4192-b11d-fd5e465fd53e@group-5A46D9720F58: change Leader from null to bf73ebd2-05f1-4192-b11d-fd5e465fd53e at term 1 for becomeLeader, leader elected after 5171ms
2022-11-15 00:58:31,549 [bf73ebd2-05f1-4192-b11d-fd5e465fd53e@group-5A46D9720F58-LeaderElection6] INFO  server.RaftServerConfigKeys (ConfUtils.java:logGet(46)) - raft.server.staging.catchup.gap = 1000 (default)
2022-11-15 00:58:31,556 [bf73ebd2-05f1-4192-b11d-fd5e465fd53e@group-5A46D9720F58-LeaderElection6] INFO  server.RaftServerConfigKeys (ConfUtils.java:logGet(46)) - raft.server.write.element-limit = 1024 (custom)
2022-11-15 00:58:31,556 [bf73ebd2-05f1-4192-b11d-fd5e465fd53e@group-5A46D9720F58-LeaderElection6] INFO  server.RaftServerConfigKeys (ConfUtils.java:logGet(46)) - raft.server.write.byte-limit = 1024 M (=1073741824) (custom)
2022-11-15 00:58:31,556 [bf73ebd2-05f1-4192-b11d-fd5e465fd53e@group-5A46D9720F58-LeaderElection6] INFO  server.RaftServerConfigKeys (ConfUtils.java:logGet(46)) - raft.server.watch.timeout = 180s (custom)
2022-11-15 00:58:31,556 [bf73ebd2-05f1-4192-b11d-fd5e465fd53e@group-5A46D9720F58-LeaderElection6] INFO  server.RaftServerConfigKeys (ConfUtils.java:logGet(46)) - raft.server.watch.timeout.denomination = 1s (default)
2022-11-15 00:58:31,556 [bf73ebd2-05f1-4192-b11d-fd5e465fd53e@group-5A46D9720F58-LeaderElection6] INFO  server.RaftServerConfigKeys (ConfUtils.java:logGet(46)) - raft.server.watch.element-limit = 65536 (default)
2022-11-15 00:58:31,558 [bf73ebd2-05f1-4192-b11d-fd5e465fd53e@group-5A46D9720F58-LeaderElection6] INFO  server.RaftServerConfigKeys (ConfUtils.java:logGet(46)) - raft.server.write.element-limit = 1024 (custom)
2022-11-15 00:58:31,558 [bf73ebd2-05f1-4192-b11d-fd5e465fd53e@group-5A46D9720F58-LeaderElection6] INFO  server.RaftServerConfigKeys (ConfUtils.java:logGet(46)) - raft.server.write.follower.gap.ratio.max = -1.0 (default)
2022-11-15 00:58:31,560 [bf73ebd2-05f1-4192-b11d-fd5e465fd53e@group-5A46D9720F58-LeaderElection6] INFO  impl.RoleInfo (RoleInfo.java:updateAndGet(139)) - bf73ebd2-05f1-4192-b11d-fd5e465fd53e: start bf73ebd2-05f1-4192-b11d-fd5e465fd53e@group-5A46D9720F58-LeaderStateImpl
2022-11-15 00:58:31,560 [bf73ebd2-05f1-4192-b11d-fd5e465fd53e@group-5A46D9720F58-LeaderElection6] INFO  segmented.SegmentedRaftLogWorker (SegmentedRaftLogWorker.java:startLogSegment(452)) - bf73ebd2-05f1-4192-b11d-fd5e465fd53e@group-5A46D9720F58-SegmentedRaftLogWorker: Starting segment from index:0
2022-11-15 00:58:31,561 [bf73ebd2-05f1-4192-b11d-fd5e465fd53e@group-5A46D9720F58-SegmentedRaftLogWorker] INFO  segmented.SegmentedRaftLogWorker (SegmentedRaftLogWorker.java:execute(656)) - bf73ebd2-05f1-4192-b11d-fd5e465fd53e@group-5A46D9720F58-SegmentedRaftLogWorker: created new log segment /home/runner/work/ozone/ozone/hadoop-ozone/integration-test/target/test-dir/MiniOzoneClusterImpl-967df050-5cad-43ef-a6d1-66aedb0492a1/datanode-2/data/ratis/eeead69b-686d-4a55-8bd1-5a46d9720f58/current/log_inprogress_0
2022-11-15 00:58:31,565 [bf73ebd2-05f1-4192-b11d-fd5e465fd53e@group-5A46D9720F58-LeaderElection6] INFO  server.RaftServer$Division (ServerState.java:setRaftConf(430)) - bf73ebd2-05f1-4192-b11d-fd5e465fd53e@group-5A46D9720F58: set configuration 0: peers:[bf73ebd2-05f1-4192-b11d-fd5e465fd53e|rpc:10.1.1.13:37419|dataStream:|priority:1|startupRole:FOLLOWER]|listeners:[], old=null
2022-11-15 00:58:31,791 [Time-limited test] INFO  rpc.RpcClient (RpcClient.java:createVolume(472)) - Creating Volume: gqbusudqpn, with user30771 as owner and space quota set to -1 bytes, counts quota set to -1
2022-11-15 00:58:31,823 [OM StateMachine ApplyTransaction Thread - 0] INFO  volume.OMVolumeCreateRequest (OMVolumeCreateRequest.java:validateAndUpdateCache(195)) - created volume:gqbusudqpn for user:user30771
2022-11-15 00:58:31,853 [Time-limited test] INFO  rpc.RpcClient (RpcClient.java:createBucket(691)) - Creating Bucket: gqbusudqpn/hqbuehzsoz, with bucket layout OBJECT_STORE, runner as owner, Versioning false, Storage Type set to DISK and Encryption set to false 
2022-11-15 00:58:31,867 [OM StateMachine ApplyTransaction Thread - 0] INFO  bucket.OMBucketCreateRequest (OMBucketCreateRequest.java:validateAndUpdateCache(260)) - created bucket: hqbuehzsoz of layout OBJECT_STORE in volume: gqbusudqpn
2022-11-15 00:58:31,882 [Time-limited test] INFO  rpc.RpcClient (RpcClient.java:createBucket(691)) - Creating Bucket: gqbusudqpn/09ddfa60-604b-44a1-8315-15b1a3715f87, with bucket layout OBJECT_STORE, runner as owner, Versioning false, Storage Type set to DISK and Encryption set to false 
2022-11-15 00:58:31,885 [OM StateMachine ApplyTransaction Thread - 0] INFO  bucket.OMBucketCreateRequest (OMBucketCreateRequest.java:validateAndUpdateCache(260)) - created bucket: 09ddfa60-604b-44a1-8315-15b1a3715f87 of layout OBJECT_STORE in volume: gqbusudqpn
2022-11-15 00:58:31,986 [IPC Server handler 0 on default port 38497] INFO  ha.SequenceIdGenerator (SequenceIdGenerator.java:getNextId(128)) - Allocate a batch for containerId, change lastId from 0 to 1000.
2022-11-15 00:58:31,995 [IPC Server handler 0 on default port 38497] WARN  ha.SequenceIdGenerator (SequenceIdGenerator.java:allocateBatch(237)) - Failed to allocate a batch for localId, expected lastId is 0, actual lastId is 109611004723200000.
2022-11-15 00:58:31,995 [IPC Server handler 0 on default port 38497] INFO  ha.SequenceIdGenerator (SequenceIdGenerator.java:getNextId(128)) - Allocate a batch for localId, change lastId from 109611004723200000 to 109611004723201000.
2022-11-15 00:58:32,043 [Time-limited test] INFO  impl.MetricsSystemImpl (MetricsSystemImpl.java:init(158)) - XceiverClientMetrics metrics system started (again)
2022-11-15 00:58:32,321 [OM StateMachine ApplyTransaction Thread - 0] INFO  key.OMKeyRequest (OMKeyRequest.java:wrapUncommittedBlocksAsPseudoKey(832)) - Detect allocated but uncommitted blocks [{blockID={containerID=2, localID=109611004723200002}, length=4194304, offset=0, token=null, pipeline=null, createVersion=0, partNumber=0}] in key abc/def/mpu-key1/.
2022-11-15 00:58:32,341 [Time-limited test] INFO  rpc.RpcClient (RpcClient.java:createBucket(691)) - Creating Bucket: gqbusudqpn/bc564ee6-6ae3-4a7f-8ff2-54b0d97e2f93, with bucket layout LEGACY, runner as owner, Versioning false, Storage Type set to DISK and Encryption set to false 
2022-11-15 00:58:32,344 [OM StateMachine ApplyTransaction Thread - 0] INFO  bucket.OMBucketCreateRequest (OMBucketCreateRequest.java:validateAndUpdateCache(260)) - created bucket: bc564ee6-6ae3-4a7f-8ff2-54b0d97e2f93 of layout LEGACY in volume: gqbusudqpn
2022-11-15 00:58:32,437 [OM StateMachine ApplyTransaction Thread - 0] INFO  key.OMKeyRequest (OMKeyRequest.java:wrapUncommittedBlocksAsPseudoKey(832)) - Detect allocated but uncommitted blocks [{blockID={containerID=4, localID=109611004723200004}, length=4194304, offset=0, token=null, pipeline=null, createVersion=0, partNumber=0}] in key abc/def/mpu-key1/newKey-1.
00:58:32.446 [OM StateMachine ApplyTransaction Thread - 0] ERROR OMAudit - user=runner | ip=127.0.0.1 | op=COMPLETE_MULTIPART_UPLOAD {volume=gqbusudqpn, bucket=bc564ee6-6ae3-4a7f-8ff2-54b0d97e2f93, key=abc/def/mpu-key1, dataSize=0, replicationType=NONE, replicationFactor=ZERO, multipartList=[partNumber: 1 partName: "/gqbusudqpn/bc564ee6-6ae3-4a7f-8ff2-54b0d97e2f93/abc/def/mpu-key1-2266ccb1-091c-4686-9fed-56247342c632-109345106319572996-1" ]} | ret=FAILURE
org.apache.hadoop.ozone.om.exceptions.OMException: Can not Complete MPU for file: abc/def/mpu-key1 as there is already directory in the given path
	at org.apache.hadoop.ozone.om.request.s3.multipart.S3MultipartUploadCompleteRequest.checkDirectoryAlreadyExists(S3MultipartUploadCompleteRequest.java:327) ~[ozone-manager-1.3.0-SNAPSHOT.jar:?]
	at org.apache.hadoop.ozone.om.request.s3.multipart.S3MultipartUploadCompleteRequest.validateAndUpdateCache(S3MultipartUploadCompleteRequest.java:171) ~[ozone-manager-1.3.0-SNAPSHOT.jar:?]
	at org.apache.hadoop.ozone.protocolPB.OzoneManagerRequestHandler.handleWriteRequest(OzoneManagerRequestHandler.java:311) ~[ozone-manager-1.3.0-SNAPSHOT.jar:?]
	at org.apache.hadoop.ozone.om.ratis.OzoneManagerStateMachine.runCommand(OzoneManagerStateMachine.java:533) ~[ozone-manager-1.3.0-SNAPSHOT.jar:?]
	at org.apache.hadoop.ozone.om.ratis.OzoneManagerStateMachine.lambda$1(OzoneManagerStateMachine.java:324) ~[ozone-manager-1.3.0-SNAPSHOT.jar:?]
	at java.util.concurrent.CompletableFuture$AsyncSupply.run(CompletableFuture.java:1604) [?:1.8.0_345]
	at java.util.concurrent.ThreadPoolExecutor.runWorker(ThreadPoolExecutor.java:1149) [?:1.8.0_345]
	at java.util.concurrent.ThreadPoolExecutor$Worker.run(ThreadPoolExecutor.java:624) [?:1.8.0_345]
	at java.lang.Thread.run(Thread.java:750) [?:1.8.0_345]
2022-11-15 00:58:32,457 [OM StateMachine ApplyTransaction Thread - 0] ERROR multipart.S3MultipartUploadCompleteRequest (S3MultipartUploadCompleteRequest.java:logResult(356)) - MultipartUpload Complete request failed for Key: abc/def/mpu-key1 in Volume/Bucket gqbusudqpn/bc564ee6-6ae3-4a7f-8ff2-54b0d97e2f93
NOT_A_FILE org.apache.hadoop.ozone.om.exceptions.OMException: Can not Complete MPU for file: abc/def/mpu-key1 as there is already directory in the given path
	at org.apache.hadoop.ozone.om.request.s3.multipart.S3MultipartUploadCompleteRequest.checkDirectoryAlreadyExists(S3MultipartUploadCompleteRequest.java:327)
	at org.apache.hadoop.ozone.om.request.s3.multipart.S3MultipartUploadCompleteRequest.validateAndUpdateCache(S3MultipartUploadCompleteRequest.java:171)
	at org.apache.hadoop.ozone.protocolPB.OzoneManagerRequestHandler.handleWriteRequest(OzoneManagerRequestHandler.java:311)
	at org.apache.hadoop.ozone.om.ratis.OzoneManagerStateMachine.runCommand(OzoneManagerStateMachine.java:533)
	at org.apache.hadoop.ozone.om.ratis.OzoneManagerStateMachine.lambda$1(OzoneManagerStateMachine.java:324)
	at java.util.concurrent.CompletableFuture$AsyncSupply.run(CompletableFuture.java:1604)
	at java.util.concurrent.ThreadPoolExecutor.runWorker(ThreadPoolExecutor.java:1149)
	at java.util.concurrent.ThreadPoolExecutor$Worker.run(ThreadPoolExecutor.java:624)
	at java.lang.Thread.run(Thread.java:750)
]]></system-out>
  </testcase>
  <testcase name="testFlatKeyStructureWithOBS" classname="org.apache.hadoop.ozone.om.TestObjectStoreWithLegacyFS" time="0.093">
    <failure type="java.lang.AssertionError"><![CDATA[java.lang.AssertionError
	at org.junit.Assert.fail(Assert.java:87)
	at org.junit.Assert.assertTrue(Assert.java:42)
	at org.junit.Assert.assertTrue(Assert.java:53)
	at org.apache.hadoop.ozone.om.TestObjectStoreWithLegacyFS.assertKeyCount(TestObjectStoreWithLegacyFS.java:160)
	at org.apache.hadoop.ozone.om.TestObjectStoreWithLegacyFS.lambda$testFlatKeyStructureWithOBS$1(TestObjectStoreWithLegacyFS.java:141)
	at org.apache.ozone.test.GenericTestUtils.waitFor(GenericTestUtils.java:214)
	at org.apache.hadoop.ozone.om.TestObjectStoreWithLegacyFS.testFlatKeyStructureWithOBS(TestObjectStoreWithLegacyFS.java:141)
	at sun.reflect.NativeMethodAccessorImpl.invoke0(Native Method)
	at sun.reflect.NativeMethodAccessorImpl.invoke(NativeMethodAccessorImpl.java:62)
	at sun.reflect.DelegatingMethodAccessorImpl.invoke(DelegatingMethodAccessorImpl.java:43)
	at java.lang.reflect.Method.invoke(Method.java:498)
	at org.junit.runners.model.FrameworkMethod$1.runReflectiveCall(FrameworkMethod.java:59)
	at org.junit.internal.runners.model.ReflectiveCallable.run(ReflectiveCallable.java:12)
	at org.junit.runners.model.FrameworkMethod.invokeExplosively(FrameworkMethod.java:56)
	at org.junit.internal.runners.statements.InvokeMethod.evaluate(InvokeMethod.java:17)
	at org.junit.internal.runners.statements.RunBefores.evaluate(RunBefores.java:26)
	at org.junit.internal.runners.statements.FailOnTimeout$CallableStatement.call(FailOnTimeout.java:288)
	at org.junit.internal.runners.statements.FailOnTimeout$CallableStatement.call(FailOnTimeout.java:282)
	at java.util.concurrent.FutureTask.run(FutureTask.java:266)
	at java.lang.Thread.run(Thread.java:750)
]]></failure>
    <system-out><![CDATA[2022-11-15 00:58:32,507 [Time-limited test] INFO  rpc.RpcClient (RpcClient.java:createVolume(472)) - Creating Volume: hnhqynzyqk, with user40740 as owner and space quota set to -1 bytes, counts quota set to -1
2022-11-15 00:58:32,511 [OM StateMachine ApplyTransaction Thread - 0] INFO  volume.OMVolumeCreateRequest (OMVolumeCreateRequest.java:validateAndUpdateCache(195)) - created volume:hnhqynzyqk for user:user40740
2022-11-15 00:58:32,514 [Time-limited test] INFO  rpc.RpcClient (RpcClient.java:createBucket(691)) - Creating Bucket: hnhqynzyqk/dqnvyynxuq, with bucket layout OBJECT_STORE, runner as owner, Versioning false, Storage Type set to DISK and Encryption set to false 
2022-11-15 00:58:32,516 [OM StateMachine ApplyTransaction Thread - 0] INFO  bucket.OMBucketCreateRequest (OMBucketCreateRequest.java:validateAndUpdateCache(260)) - created bucket: dqnvyynxuq of layout OBJECT_STORE in volume: hnhqynzyqk
2022-11-15 00:58:32,543 [OM StateMachine ApplyTransaction Thread - 0] INFO  key.OMKeyRequest (OMKeyRequest.java:wrapUncommittedBlocksAsPseudoKey(832)) - Detect allocated but uncommitted blocks [{blockID={containerID=2, localID=109611004723200005}, length=4194304, offset=0, token=null, pipeline=null, createVersion=0, partNumber=0}] in key dir1/dir2/dir3/key-1.
]]></system-out>
  </testcase>
</testsuite>