<?xml version="1.0" encoding="UTF-8"?>
<testsuite xmlns:xsi="http://www.w3.org/2001/XMLSchema-instance" xsi:noNamespaceSchemaLocation="https://maven.apache.org/surefire/maven-surefire-plugin/xsd/surefire-test-report.xsd" name="org.apache.hadoop.ozone.om.TestOzoneManagerHAWithData" time="124.864" tests="7" errors="1" skipped="1" failures="0">
  <properties>
    <property name="awt.toolkit" value="sun.awt.X11.XToolkit"/>
    <property name="file.encoding.pkg" value="sun.io"/>
    <property name="java.specification.version" value="1.8"/>
    <property name="sun.cpu.isalist" value=""/>
    <property name="sun.jnu.encoding" value="UTF-8"/>
    <property name="java.class.path" value="/home/runner/work/ozone/ozone/hadoop-ozone/integration-test/target/test-classes:/home/runner/work/ozone/ozone/hadoop-ozone/integration-test/target/classes:/home/runner/.m2/repository/org/apache/ozone/ozone-common/1.3.0-SNAPSHOT/ozone-common-1.3.0-SNAPSHOT.jar:/home/runner/.m2/repository/org/apache/commons/commons-compress/1.21/commons-compress-1.21.jar:/home/runner/.m2/repository/org/apache/ozone/hdds-common/1.3.0-SNAPSHOT/hdds-common-1.3.0-SNAPSHOT.jar:/home/runner/.m2/repository/org/apache/ozone/hdds-client/1.3.0-SNAPSHOT/hdds-client-1.3.0-SNAPSHOT.jar:/home/runner/.m2/repository/org/apache/ozone/ozone-interface-client/1.3.0-SNAPSHOT/ozone-interface-client-1.3.0-SNAPSHOT.jar:/home/runner/.m2/repository/org/apache/ozone/hdds-test-utils/1.3.0-SNAPSHOT/hdds-test-utils-1.3.0-SNAPSHOT.jar:/home/runner/.m2/repository/com/google/guava/guava/30.1.1-jre/guava-30.1.1-jre.jar:/home/runner/.m2/repository/com/google/guava/failureaccess/1.0.1/failureaccess-1.0.1.jar:/home/runner/.m2/repository/com/google/guava/listenablefuture/9999.0-empty-to-avoid-conflict-with-guava/listenablefuture-9999.0-empty-to-avoid-conflict-with-guava.jar:/home/runner/.m2/repository/com/google/code/findbugs/jsr305/3.0.0/jsr305-3.0.0.jar:/home/runner/.m2/repository/org/checkerframework/checker-qual/3.8.0/checker-qual-3.8.0.jar:/home/runner/.m2/repository/com/google/errorprone/error_prone_annotations/2.2.0/error_prone_annotations-2.2.0.jar:/home/runner/.m2/repository/com/google/j2objc/j2objc-annotations/1.3/j2objc-annotations-1.3.jar:/home/runner/.m2/repository/commons-io/commons-io/2.11.0/commons-io-2.11.0.jar:/home/runner/.m2/repository/commons-logging/commons-logging/1.2/commons-logging-1.2.jar:/home/runner/.m2/repository/log4j/log4j/1.2.17/log4j-1.2.17.jar:/home/runner/.m2/repository/org/slf4j/slf4j-api/1.7.30/slf4j-api-1.7.30.jar:/home/runner/.m2/repository/org/apache/ozone/hdds-server-scm/1.3.0-SNAPSHOT/hdds-server-scm-1.3.0-SNAPSHOT.jar:/home/runner/.m2/repository/org/apache/ozone/hdds-container-service/1.3.0-SNAPSHOT/hdds-container-service-1.3.0-SNAPSHOT.jar:/home/runner/.m2/repository/org/apache/ozone/hdds-hadoop-dependency-server/1.3.0-SNAPSHOT/hdds-hadoop-dependency-server-1.3.0-SNAPSHOT.jar:/home/runner/.m2/repository/org/apache/hadoop/hadoop-hdfs/3.3.1/hadoop-hdfs-3.3.1.jar:/home/runner/.m2/repository/org/apache/ozone/hdds-server-framework/1.3.0-SNAPSHOT/hdds-server-framework-1.3.0-SNAPSHOT.jar:/home/runner/.m2/repository/org/apache/ozone/hdds-interface-server/1.3.0-SNAPSHOT/hdds-interface-server-1.3.0-SNAPSHOT.jar:/home/runner/.m2/repository/org/eclipse/jetty/jetty-servlet/9.4.43.v20210629/jetty-servlet-9.4.43.v20210629.jar:/home/runner/.m2/repository/org/eclipse/jetty/jetty-security/9.4.43.v20210629/jetty-security-9.4.43.v20210629.jar:/home/runner/.m2/repository/org/rocksdb/rocksdbjni/6.25.3/rocksdbjni-6.25.3.jar:/home/runner/.m2/repository/io/prometheus/simpleclient_dropwizard/0.7.0/simpleclient_dropwizard-0.7.0.jar:/home/runner/.m2/repository/io/prometheus/simpleclient/0.7.0/simpleclient-0.7.0.jar:/home/runner/.m2/repository/io/prometheus/simpleclient_common/0.7.0/simpleclient_common-0.7.0.jar:/home/runner/.m2/repository/com/fasterxml/jackson/datatype/jackson-datatype-jsr310/2.12.1/jackson-datatype-jsr310-2.12.1.jar:/home/runner/.m2/repository/io/dropwizard/metrics/metrics-core/3.2.4/metrics-core-3.2.4.jar:/home/runner/.m2/repository/org/apache/hadoop/hadoop-hdfs-client/3.3.1/hadoop-hdfs-client-3.3.1.jar:/home/runner/.m2/repository/org/bouncycastle/bcprov-jdk15on/1.67/bcprov-jdk15on-1.67.jar:/home/runner/.m2/repository/com/google/protobuf/protobuf-java/2.5.0/protobuf-java-2.5.0.jar:/home/runner/.m2/repository/org/apache/ozone/ozone-manager/1.3.0-SNAPSHOT/ozone-manager-1.3.0-SNAPSHOT.jar:/home/runner/.m2/repository/org/aspectj/aspectjrt/1.9.7/aspectjrt-1.9.7.jar:/home/runner/.m2/repository/org/aspectj/aspectjweaver/1.9.7/aspectjweaver-1.9.7.jar:/home/runner/.m2/repository/org/apache/ozone/hdds-interface-client/1.3.0-SNAPSHOT/hdds-interface-client-1.3.0-SNAPSHOT.jar:/home/runner/.m2/repository/org/apache/hadoop/thirdparty/hadoop-shaded-protobuf_3_7/1.1.1/hadoop-shaded-protobuf_3_7-1.1.1.jar:/home/runner/.m2/repository/org/apache/ozone/ozone-interface-storage/1.3.0-SNAPSHOT/ozone-interface-storage-1.3.0-SNAPSHOT.jar:/home/runner/.m2/repository/org/reflections/reflections/0.9.11/reflections-0.9.11.jar:/home/runner/.m2/repository/org/apache/hadoop/hadoop-minikdc/3.3.1/hadoop-minikdc-3.3.1.jar:/home/runner/.m2/repository/org/apache/kerby/kerb-simplekdc/1.0.1/kerb-simplekdc-1.0.1.jar:/home/runner/.m2/repository/org/apache/kerby/kerb-client/1.0.1/kerb-client-1.0.1.jar:/home/runner/.m2/repository/org/apache/kerby/kerby-config/1.0.1/kerby-config-1.0.1.jar:/home/runner/.m2/repository/org/apache/kerby/kerb-common/1.0.1/kerb-common-1.0.1.jar:/home/runner/.m2/repository/org/apache/kerby/kerb-crypto/1.0.1/kerb-crypto-1.0.1.jar:/home/runner/.m2/repository/org/apache/kerby/kerb-util/1.0.1/kerb-util-1.0.1.jar:/home/runner/.m2/repository/org/apache/kerby/token-provider/1.0.1/token-provider-1.0.1.jar:/home/runner/.m2/repository/org/apache/kerby/kerb-admin/1.0.1/kerb-admin-1.0.1.jar:/home/runner/.m2/repository/org/apache/kerby/kerb-server/1.0.1/kerb-server-1.0.1.jar:/home/runner/.m2/repository/org/apache/kerby/kerb-identity/1.0.1/kerb-identity-1.0.1.jar:/home/runner/.m2/repository/org/apache/kerby/kerby-xdr/1.0.1/kerby-xdr-1.0.1.jar:/home/runner/.m2/repository/org/slf4j/slf4j-log4j12/1.7.30/slf4j-log4j12-1.7.30.jar:/home/runner/.m2/repository/org/apache/ozone/ozone-s3gateway/1.3.0-SNAPSHOT/ozone-s3gateway-1.3.0-SNAPSHOT.jar:/home/runner/.m2/repository/org/javassist/javassist/3.21.0-GA/javassist-3.21.0-GA.jar:/home/runner/.m2/repository/org/jboss/weld/servlet/weld-servlet/2.4.7.Final/weld-servlet-2.4.7.Final.jar:/home/runner/.m2/repository/org/glassfish/jersey/containers/jersey-container-servlet-core/2.33/jersey-container-servlet-core-2.33.jar:/home/runner/.m2/repository/org/glassfish/hk2/external/jakarta.inject/2.6.1/jakarta.inject-2.6.1.jar:/home/runner/.m2/repository/org/glassfish/jersey/core/jersey-common/2.33/jersey-common-2.33.jar:/home/runner/.m2/repository/jakarta/ws/rs/jakarta.ws.rs-api/2.1.6/jakarta.ws.rs-api-2.1.6.jar:/home/runner/.m2/repository/org/glassfish/jersey/ext/cdi/jersey-cdi1x/2.33/jersey-cdi1x-2.33.jar:/home/runner/.m2/repository/org/glassfish/jersey/inject/jersey-hk2/2.33/jersey-hk2-2.33.jar:/home/runner/.m2/repository/org/glassfish/hk2/hk2-locator/2.6.1/hk2-locator-2.6.1.jar:/home/runner/.m2/repository/org/glassfish/jersey/media/jersey-media-jaxb/2.33/jersey-media-jaxb-2.33.jar:/home/runner/.m2/repository/org/glassfish/hk2/osgi-resource-locator/1.0.3/osgi-resource-locator-1.0.3.jar:/home/runner/.m2/repository/org/glassfish/hk2/hk2-api/2.5.0/hk2-api-2.5.0.jar:/home/runner/.m2/repository/org/glassfish/hk2/hk2-utils/2.5.0/hk2-utils-2.5.0.jar:/home/runner/.m2/repository/org/glassfish/hk2/external/aopalliance-repackaged/2.5.0/aopalliance-repackaged-2.5.0.jar:/home/runner/.m2/repository/com/fasterxml/jackson/dataformat/jackson-dataformat-xml/2.12.1/jackson-dataformat-xml-2.12.1.jar:/home/runner/.m2/repository/com/fasterxml/jackson/core/jackson-core/2.12.1/jackson-core-2.12.1.jar:/home/runner/.m2/repository/com/fasterxml/jackson/module/jackson-module-jaxb-annotations/2.12.1/jackson-module-jaxb-annotations-2.12.1.jar:/home/runner/.m2/repository/jakarta/xml/bind/jakarta.xml.bind-api/2.3.2/jakarta.xml.bind-api-2.3.2.jar:/home/runner/.m2/repository/org/codehaus/woodstox/stax2-api/3.1.4/stax2-api-3.1.4.jar:/home/runner/.m2/repository/com/fasterxml/woodstox/woodstox-core/5.0.3/woodstox-core-5.0.3.jar:/home/runner/.m2/repository/javax/enterprise/cdi-api/1.2/cdi-api-1.2.jar:/home/runner/.m2/repository/javax/el/javax.el-api/3.0.0/javax.el-api-3.0.0.jar:/home/runner/.m2/repository/javax/interceptor/javax.interceptor-api/1.2/javax.interceptor-api-1.2.jar:/home/runner/.m2/repository/javax/inject/javax.inject/1/javax.inject-1.jar:/home/runner/.m2/repository/javax/xml/bind/jaxb-api/2.3.0/jaxb-api-2.3.0.jar:/home/runner/.m2/repository/org/glassfish/jaxb/jaxb-runtime/2.3.0.1/jaxb-runtime-2.3.0.1.jar:/home/runner/.m2/repository/org/glassfish/jaxb/jaxb-core/2.3.0.1/jaxb-core-2.3.0.1.jar:/home/runner/.m2/repository/org/glassfish/jaxb/txw2/2.3.0.1/txw2-2.3.0.1.jar:/home/runner/.m2/repository/com/sun/istack/istack-commons-runtime/3.0.5/istack-commons-runtime-3.0.5.jar:/home/runner/.m2/repository/org/jvnet/staxex/stax-ex/1.7.8/stax-ex-1.7.8.jar:/home/runner/.m2/repository/com/sun/xml/fastinfoset/FastInfoset/1.2.13/FastInfoset-1.2.13.jar:/home/runner/.m2/repository/javax/activation/activation/1.1.1/activation-1.1.1.jar:/home/runner/.m2/repository/org/apache/ozone/ozone-csi/1.3.0-SNAPSHOT/ozone-csi-1.3.0-SNAPSHOT.jar:/home/runner/.m2/repository/com/google/protobuf/protobuf-java-util/3.12.0/protobuf-java-util-3.12.0.jar:/home/runner/.m2/repository/com/google/code/gson/gson/2.2.4/gson-2.2.4.jar:/home/runner/.m2/repository/org/apache/ozone/hdds-config/1.3.0-SNAPSHOT/hdds-config-1.3.0-SNAPSHOT.jar:/home/runner/.m2/repository/io/grpc/grpc-netty/1.33.0/grpc-netty-1.33.0.jar:/home/runner/.m2/repository/io/grpc/grpc-core/1.33.0/grpc-core-1.33.0.jar:/home/runner/.m2/repository/com/google/android/annotations/4.1.1.4/annotations-4.1.1.4.jar:/home/runner/.m2/repository/io/netty/netty-codec-http2/4.1.63.Final/netty-codec-http2-4.1.63.Final.jar:/home/runner/.m2/repository/io/netty/netty-codec-http/4.1.63.Final/netty-codec-http-4.1.63.Final.jar:/home/runner/.m2/repository/io/netty/netty-handler-proxy/4.1.63.Final/netty-handler-proxy-4.1.63.Final.jar:/home/runner/.m2/repository/io/netty/netty-codec-socks/4.1.63.Final/netty-codec-socks-4.1.63.Final.jar:/home/runner/.m2/repository/io/perfmark/perfmark-api/0.19.0/perfmark-api-0.19.0.jar:/home/runner/.m2/repository/org/codehaus/mojo/animal-sniffer-annotations/1.18/animal-sniffer-annotations-1.18.jar:/home/runner/.m2/repository/io/netty/netty-transport-native-epoll/4.1.63.Final/netty-transport-native-epoll-4.1.63.Final.jar:/home/runner/.m2/repository/io/netty/netty-common/4.1.63.Final/netty-common-4.1.63.Final.jar:/home/runner/.m2/repository/io/netty/netty-buffer/4.1.63.Final/netty-buffer-4.1.63.Final.jar:/home/runner/.m2/repository/io/netty/netty-transport-native-unix-common/4.1.63.Final/netty-transport-native-unix-common-4.1.63.Final.jar:/home/runner/.m2/repository/io/grpc/grpc-protobuf/1.33.0/grpc-protobuf-1.33.0.jar:/home/runner/.m2/repository/io/grpc/grpc-api/1.33.0/grpc-api-1.33.0.jar:/home/runner/.m2/repository/io/grpc/grpc-context/1.33.0/grpc-context-1.33.0.jar:/home/runner/.m2/repository/com/google/api/grpc/proto-google-common-protos/1.17.0/proto-google-common-protos-1.17.0.jar:/home/runner/.m2/repository/io/grpc/grpc-protobuf-lite/1.33.0/grpc-protobuf-lite-1.33.0.jar:/home/runner/.m2/repository/io/grpc/grpc-stub/1.33.0/grpc-stub-1.33.0.jar:/home/runner/.m2/repository/org/apache/ozone/ozone-recon/1.3.0-SNAPSHOT/ozone-recon-1.3.0-SNAPSHOT.jar:/home/runner/.m2/repository/org/apache/ozone/ozone-reconcodegen/1.3.0-SNAPSHOT/ozone-reconcodegen-1.3.0-SNAPSHOT.jar:/home/runner/.m2/repository/com/google/inject/extensions/guice-multibindings/4.0/guice-multibindings-4.0.jar:/home/runner/.m2/repository/com/google/inject/guice/4.0/guice-4.0.jar:/home/runner/.m2/repository/aopalliance/aopalliance/1.0/aopalliance-1.0.jar:/home/runner/.m2/repository/com/google/inject/extensions/guice-assistedinject/4.0/guice-assistedinject-4.0.jar:/home/runner/.m2/repository/com/google/inject/extensions/guice-servlet/4.0/guice-servlet-4.0.jar:/home/runner/.m2/repository/org/glassfish/jersey/containers/jersey-container-servlet/2.33/jersey-container-servlet-2.33.jar:/home/runner/.m2/repository/org/glassfish/hk2/guice-bridge/2.5.0/guice-bridge-2.5.0.jar:/home/runner/.m2/repository/org/glassfish/jersey/core/jersey-server/2.33/jersey-server-2.33.jar:/home/runner/.m2/repository/org/glassfish/jersey/core/jersey-client/2.33/jersey-client-2.33.jar:/home/runner/.m2/repository/jakarta/annotation/jakarta.annotation-api/1.3.5/jakarta.annotation-api-1.3.5.jar:/home/runner/.m2/repository/jakarta/validation/jakarta.validation-api/2.0.2/jakarta.validation-api-2.0.2.jar:/home/runner/.m2/repository/org/glassfish/jersey/media/jersey-media-json-jackson/2.33/jersey-media-json-jackson-2.33.jar:/home/runner/.m2/repository/org/glassfish/jersey/ext/jersey-entity-filtering/2.33/jersey-entity-filtering-2.33.jar:/home/runner/.m2/repository/org/jooq/jooq/3.11.10/jooq-3.11.10.jar:/home/runner/.m2/repository/org/jooq/jooq-meta/3.11.10/jooq-meta-3.11.10.jar:/home/runner/.m2/repository/org/jooq/jooq-codegen/3.11.10/jooq-codegen-3.11.10.jar:/home/runner/.m2/repository/com/jolbox/bonecp/0.8.0.RELEASE/bonecp-0.8.0.RELEASE.jar:/home/runner/.m2/repository/org/apache/derby/derby/10.14.2.0/derby-10.14.2.0.jar:/home/runner/.m2/repository/org/xerial/sqlite-jdbc/3.25.2/sqlite-jdbc-3.25.2.jar:/home/runner/.m2/repository/org/springframework/spring-jdbc/5.2.18.RELEASE/spring-jdbc-5.2.18.RELEASE.jar:/home/runner/.m2/repository/org/springframework/spring-beans/5.2.18.RELEASE/spring-beans-5.2.18.RELEASE.jar:/home/runner/.m2/repository/org/springframework/spring-core/5.2.18.RELEASE/spring-core-5.2.18.RELEASE.jar:/home/runner/.m2/repository/org/springframework/spring-jcl/5.2.18.RELEASE/spring-jcl-5.2.18.RELEASE.jar:/home/runner/.m2/repository/org/springframework/spring-tx/5.2.18.RELEASE/spring-tx-5.2.18.RELEASE.jar:/home/runner/.m2/repository/org/apache/ozone/ozone-client/1.3.0-SNAPSHOT/ozone-client-1.3.0-SNAPSHOT.jar:/home/runner/.m2/repository/org/apache/ozone/ozone-filesystem/1.3.0-SNAPSHOT/ozone-filesystem-1.3.0-SNAPSHOT.jar:/home/runner/.m2/repository/org/apache/ozone/ozone-filesystem-common/1.3.0-SNAPSHOT/ozone-filesystem-common-1.3.0-SNAPSHOT.jar:/home/runner/.m2/repository/org/apache/ozone/ozone-tools/1.3.0-SNAPSHOT/ozone-tools-1.3.0-SNAPSHOT.jar:/home/runner/.m2/repository/org/apache/ratis/ratis-tools/2.2.0/ratis-tools-2.2.0.jar:/home/runner/.m2/repository/com/amazonaws/aws-java-sdk-core/1.12.124/aws-java-sdk-core-1.12.124.jar:/home/runner/.m2/repository/org/apache/httpcomponents/httpclient/4.5.13/httpclient-4.5.13.jar:/home/runner/.m2/repository/org/apache/httpcomponents/httpcore/4.4.13/httpcore-4.4.13.jar:/home/runner/.m2/repository/software/amazon/ion/ion-java/1.0.2/ion-java-1.0.2.jar:/home/runner/.m2/repository/com/fasterxml/jackson/dataformat/jackson-dataformat-cbor/2.12.1/jackson-dataformat-cbor-2.12.1.jar:/home/runner/.m2/repository/joda-time/joda-time/2.8.1/joda-time-2.8.1.jar:/home/runner/.m2/repository/com/amazonaws/aws-java-sdk-s3/1.12.124/aws-java-sdk-s3-1.12.124.jar:/home/runner/.m2/repository/com/amazonaws/aws-java-sdk-kms/1.12.124/aws-java-sdk-kms-1.12.124.jar:/home/runner/.m2/repository/com/amazonaws/jmespath-java/1.12.124/jmespath-java-1.12.124.jar:/home/runner/.m2/repository/org/kohsuke/metainf-services/metainf-services/1.8/metainf-services-1.8.jar:/home/runner/.m2/repository/org/apache/ozone/hdds-tools/1.3.0-SNAPSHOT/hdds-tools-1.3.0-SNAPSHOT.jar:/home/runner/.m2/repository/commons-cli/commons-cli/1.2/commons-cli-1.2.jar:/home/runner/.m2/repository/org/apache/commons/commons-lang3/3.7/commons-lang3-3.7.jar:/home/runner/.m2/repository/org/apache/ozone/ozone-manager/1.3.0-SNAPSHOT/ozone-manager-1.3.0-SNAPSHOT-tests.jar:/home/runner/.m2/repository/org/apache/ozone/hdds-common/1.3.0-SNAPSHOT/hdds-common-1.3.0-SNAPSHOT-tests.jar:/home/runner/.m2/repository/org/apache/ozone/hdds-hadoop-dependency-client/1.3.0-SNAPSHOT/hdds-hadoop-dependency-client-1.3.0-SNAPSHOT.jar:/home/runner/.m2/repository/info/picocli/picocli/4.6.1/picocli-4.6.1.jar:/home/runner/.m2/repository/com/fasterxml/jackson/core/jackson-annotations/2.12.1/jackson-annotations-2.12.1.jar:/home/runner/.m2/repository/javax/annotation/javax.annotation-api/1.2/javax.annotation-api-1.2.jar:/home/runner/.m2/repository/org/apache/ratis/ratis-server/2.2.0/ratis-server-2.2.0.jar:/home/runner/.m2/repository/org/apache/ratis/ratis-client/2.2.0/ratis-client-2.2.0.jar:/home/runner/.m2/repository/org/apache/ratis/ratis-server-api/2.2.0/ratis-server-api-2.2.0.jar:/home/runner/.m2/repository/org/apache/ratis/ratis-metrics/2.2.0/ratis-metrics-2.2.0.jar:/home/runner/.m2/repository/org/apache/ratis/ratis-netty/2.2.0/ratis-netty-2.2.0.jar:/home/runner/.m2/repository/org/apache/ratis/ratis-grpc/2.2.0/ratis-grpc-2.2.0.jar:/home/runner/.m2/repository/org/apache/logging/log4j/log4j-api/2.16.0/log4j-api-2.16.0.jar:/home/runner/.m2/repository/org/apache/logging/log4j/log4j-core/2.16.0/log4j-core-2.16.0.jar:/home/runner/.m2/repository/com/lmax/disruptor/3.4.2/disruptor-3.4.2.jar:/home/runner/.m2/repository/org/apache/commons/commons-pool2/2.6.0/commons-pool2-2.6.0.jar:/home/runner/.m2/repository/org/bouncycastle/bcpkix-jdk15on/1.67/bcpkix-jdk15on-1.67.jar:/home/runner/.m2/repository/commons-validator/commons-validator/1.6/commons-validator-1.6.jar:/home/runner/.m2/repository/commons-beanutils/commons-beanutils/1.9.4/commons-beanutils-1.9.4.jar:/home/runner/.m2/repository/commons-digester/commons-digester/1.8.1/commons-digester-1.8.1.jar:/home/runner/.m2/repository/commons-collections/commons-collections/3.2.2/commons-collections-3.2.2.jar:/home/runner/.m2/repository/io/jaegertracing/jaeger-client/1.6.0/jaeger-client-1.6.0.jar:/home/runner/.m2/repository/io/jaegertracing/jaeger-thrift/1.6.0/jaeger-thrift-1.6.0.jar:/home/runner/.m2/repository/org/apache/thrift/libthrift/0.14.1/libthrift-0.14.1.jar:/home/runner/.m2/repository/com/squareup/okhttp3/okhttp/4.9.0/okhttp-4.9.0.jar:/home/runner/.m2/repository/com/squareup/okio/okio/2.8.0/okio-2.8.0.jar:/home/runner/.m2/repository/io/jaegertracing/jaeger-core/1.6.0/jaeger-core-1.6.0.jar:/home/runner/.m2/repository/io/jaegertracing/jaeger-tracerresolver/1.6.0/jaeger-tracerresolver-1.6.0.jar:/home/runner/.m2/repository/io/opentracing/contrib/opentracing-tracerresolver/0.1.8/opentracing-tracerresolver-0.1.8.jar:/home/runner/.m2/repository/org/jetbrains/kotlin/kotlin-stdlib/1.4.31/kotlin-stdlib-1.4.31.jar:/home/runner/.m2/repository/org/jetbrains/kotlin/kotlin-stdlib-common/1.4.31/kotlin-stdlib-common-1.4.31.jar:/home/runner/.m2/repository/org/jetbrains/annotations/13.0/annotations-13.0.jar:/home/runner/.m2/repository/io/opentracing/opentracing-util/0.33.0/opentracing-util-0.33.0.jar:/home/runner/.m2/repository/io/opentracing/opentracing-api/0.33.0/opentracing-api-0.33.0.jar:/home/runner/.m2/repository/io/opentracing/opentracing-noop/0.33.0/opentracing-noop-0.33.0.jar:/home/runner/.m2/repository/org/yaml/snakeyaml/1.26/snakeyaml-1.26.jar:/home/runner/.m2/repository/org/apache/ozone/hdds-interface-admin/1.3.0-SNAPSHOT/hdds-interface-admin-1.3.0-SNAPSHOT.jar:/home/runner/.m2/repository/junit/junit/4.13.1/junit-4.13.1.jar:/home/runner/.m2/repository/org/hamcrest/hamcrest-core/1.3/hamcrest-core-1.3.jar:/home/runner/.m2/repository/org/junit/jupiter/junit-jupiter-api/5.7.0/junit-jupiter-api-5.7.0.jar:/home/runner/.m2/repository/org/apiguardian/apiguardian-api/1.1.0/apiguardian-api-1.1.0.jar:/home/runner/.m2/repository/org/opentest4j/opentest4j/1.2.0/opentest4j-1.2.0.jar:/home/runner/.m2/repository/org/junit/platform/junit-platform-commons/1.7.0/junit-platform-commons-1.7.0.jar:/home/runner/.m2/repository/org/junit/jupiter/junit-jupiter-engine/5.7.0/junit-jupiter-engine-5.7.0.jar:/home/runner/.m2/repository/org/junit/platform/junit-platform-engine/1.7.0/junit-platform-engine-1.7.0.jar:/home/runner/.m2/repository/org/junit/vintage/junit-vintage-engine/5.7.0/junit-vintage-engine-5.7.0.jar:/home/runner/.m2/repository/org/junit/platform/junit-platform-launcher/1.7.0/junit-platform-launcher-1.7.0.jar:/home/runner/.m2/repository/org/openjdk/jmh/jmh-core/1.19/jmh-core-1.19.jar:/home/runner/.m2/repository/net/sf/jopt-simple/jopt-simple/4.6/jopt-simple-4.6.jar:/home/runner/.m2/repository/org/apache/commons/commons-math3/3.1.1/commons-math3-3.1.1.jar:/home/runner/.m2/repository/org/openjdk/jmh/jmh-generator-annprocess/1.19/jmh-generator-annprocess-1.19.jar:/home/runner/.m2/repository/org/mockito/mockito-core/2.28.2/mockito-core-2.28.2.jar:/home/runner/.m2/repository/net/bytebuddy/byte-buddy/1.9.10/byte-buddy-1.9.10.jar:/home/runner/.m2/repository/net/bytebuddy/byte-buddy-agent/1.9.10/byte-buddy-agent-1.9.10.jar:/home/runner/.m2/repository/org/objenesis/objenesis/1.0/objenesis-1.0.jar:/home/runner/.m2/repository/org/apache/hadoop/hadoop-kms/3.3.1/hadoop-kms-3.3.1.jar:/home/runner/.m2/repository/org/apache/hadoop/hadoop-auth/3.3.1/hadoop-auth-3.3.1.jar:/home/runner/.m2/repository/com/nimbusds/nimbus-jose-jwt/7.9/nimbus-jose-jwt-7.9.jar:/home/runner/.m2/repository/com/github/stephenc/jcip/jcip-annotations/1.0-1/jcip-annotations-1.0-1.jar:/home/runner/.m2/repository/net/minidev/json-smart/2.3.1/json-smart-2.3.1.jar:/home/runner/.m2/repository/net/minidev/accessors-smart/2.3.1/accessors-smart-2.3.1.jar:/home/runner/.m2/repository/org/ow2/asm/asm/5.0.4/asm-5.0.4.jar:/home/runner/.m2/repository/org/apache/zookeeper/zookeeper/3.5.6/zookeeper-3.5.6.jar:/home/runner/.m2/repository/org/apache/zookeeper/zookeeper-jute/3.5.6/zookeeper-jute-3.5.6.jar:/home/runner/.m2/repository/org/apache/yetus/audience-annotations/0.5.0/audience-annotations-0.5.0.jar:/home/runner/.m2/repository/org/apache/curator/curator-framework/4.2.0/curator-framework-4.2.0.jar:/home/runner/.m2/repository/org/apache/hadoop/thirdparty/hadoop-shaded-guava/1.1.1/hadoop-shaded-guava-1.1.1.jar:/home/runner/.m2/repository/com/sun/jersey/jersey-core/1.19/jersey-core-1.19.jar:/home/runner/.m2/repository/javax/ws/rs/jsr311-api/1.1.1/jsr311-api-1.1.1.jar:/home/runner/.m2/repository/com/sun/jersey/jersey-server/1.19/jersey-server-1.19.jar:/home/runner/.m2/repository/javax/servlet/javax.servlet-api/3.1.0/javax.servlet-api-3.1.0.jar:/home/runner/.m2/repository/org/eclipse/jetty/jetty-server/9.4.43.v20210629/jetty-server-9.4.43.v20210629.jar:/home/runner/.m2/repository/org/eclipse/jetty/jetty-http/9.4.43.v20210629/jetty-http-9.4.43.v20210629.jar:/home/runner/.m2/repository/org/eclipse/jetty/jetty-io/9.4.43.v20210629/jetty-io-9.4.43.v20210629.jar:/home/runner/.m2/repository/org/eclipse/jetty/jetty-webapp/9.4.43.v20210629/jetty-webapp-9.4.43.v20210629.jar:/home/runner/.m2/repository/org/eclipse/jetty/jetty-xml/9.4.43.v20210629/jetty-xml-9.4.43.v20210629.jar:/home/runner/.m2/repository/org/apache/hadoop/hadoop-common/3.3.1/hadoop-common-3.3.1.jar:/home/runner/.m2/repository/commons-net/commons-net/3.6/commons-net-3.6.jar:/home/runner/.m2/repository/jakarta/activation/jakarta.activation-api/1.2.1/jakarta.activation-api-1.2.1.jar:/home/runner/.m2/repository/com/sun/jersey/jersey-servlet/1.19/jersey-servlet-1.19.jar:/home/runner/.m2/repository/com/sun/jersey/jersey-json/1.19/jersey-json-1.19.jar:/home/runner/.m2/repository/org/codehaus/jettison/jettison/1.1/jettison-1.1.jar:/home/runner/.m2/repository/com/sun/xml/bind/jaxb-impl/2.2.3-1/jaxb-impl-2.2.3-1.jar:/home/runner/.m2/repository/org/codehaus/jackson/jackson-jaxrs/1.9.2/jackson-jaxrs-1.9.2.jar:/home/runner/.m2/repository/org/codehaus/jackson/jackson-xc/1.9.2/jackson-xc-1.9.2.jar:/home/runner/.m2/repository/org/apache/commons/commons-configuration2/2.1.1/commons-configuration2-2.1.1.jar:/home/runner/.m2/repository/org/apache/commons/commons-text/1.4/commons-text-1.4.jar:/home/runner/.m2/repository/com/google/re2j/re2j/1.1/re2j-1.1.jar:/home/runner/.m2/repository/com/jcraft/jsch/0.1.54/jsch-0.1.54.jar:/home/runner/.m2/repository/org/apache/curator/curator-client/4.2.0/curator-client-4.2.0.jar:/home/runner/.m2/repository/org/apache/curator/curator-recipes/4.2.0/curator-recipes-4.2.0.jar:/home/runner/.m2/repository/org/apache/kerby/kerb-core/1.0.1/kerb-core-1.0.1.jar:/home/runner/.m2/repository/org/apache/kerby/kerby-pkix/1.0.1/kerby-pkix-1.0.1.jar:/home/runner/.m2/repository/org/apache/kerby/kerby-asn1/1.0.1/kerby-asn1-1.0.1.jar:/home/runner/.m2/repository/org/apache/kerby/kerby-util/1.0.1/kerby-util-1.0.1.jar:/home/runner/.m2/repository/dnsjava/dnsjava/2.1.7/dnsjava-2.1.7.jar:/home/runner/.m2/repository/org/xerial/snappy/snappy-java/1.1.8.2/snappy-java-1.1.8.2.jar:/home/runner/.m2/repository/org/slf4j/jul-to-slf4j/1.7.30/jul-to-slf4j-1.7.30.jar:/home/runner/.m2/repository/org/eclipse/jetty/jetty-util/9.4.43.v20210629/jetty-util-9.4.43.v20210629.jar:/home/runner/.m2/repository/com/fasterxml/jackson/core/jackson-databind/2.12.1/jackson-databind-2.12.1.jar:/home/runner/.m2/repository/org/apache/hadoop/hadoop-kms/3.3.1/hadoop-kms-3.3.1-tests.jar:/home/runner/.m2/repository/org/apache/ozone/hdds-server-scm/1.3.0-SNAPSHOT/hdds-server-scm-1.3.0-SNAPSHOT-tests.jar:/home/runner/.m2/repository/org/apache/ozone/hdds-container-service/1.3.0-SNAPSHOT/hdds-container-service-1.3.0-SNAPSHOT-tests.jar:/home/runner/.m2/repository/commons-codec/commons-codec/1.11/commons-codec-1.11.jar:/home/runner/.m2/repository/io/netty/netty-transport/4.1.63.Final/netty-transport-4.1.63.Final.jar:/home/runner/.m2/repository/io/netty/netty-resolver/4.1.63.Final/netty-resolver-4.1.63.Final.jar:/home/runner/.m2/repository/io/netty/netty-codec/4.1.63.Final/netty-codec-4.1.63.Final.jar:/home/runner/.m2/repository/io/netty/netty-handler/4.1.63.Final/netty-handler-4.1.63.Final.jar:/home/runner/.m2/repository/org/apache/ozone/hdds-hadoop-dependency-test/1.3.0-SNAPSHOT/hdds-hadoop-dependency-test-1.3.0-SNAPSHOT.jar:/home/runner/.m2/repository/org/apache/hadoop/hadoop-common/3.3.1/hadoop-common-3.3.1-tests.jar:/home/runner/.m2/repository/org/assertj/assertj-core/3.12.2/assertj-core-3.12.2.jar:/home/runner/.m2/repository/org/apache/hadoop/hadoop-hdfs/3.3.1/hadoop-hdfs-3.3.1-tests.jar:/home/runner/.m2/repository/org/eclipse/jetty/jetty-util-ajax/9.4.43.v20210629/jetty-util-ajax-9.4.43.v20210629.jar:/home/runner/.m2/repository/commons-daemon/commons-daemon/1.0.13/commons-daemon-1.0.13.jar:/home/runner/.m2/repository/io/netty/netty/3.10.6.Final/netty-3.10.6.Final.jar:/home/runner/.m2/repository/io/netty/netty-all/4.1.63.Final/netty-all-4.1.63.Final.jar:/home/runner/.m2/repository/org/apache/htrace/htrace-core4/4.1.0-incubating/htrace-core4-4.1.0-incubating.jar:/home/runner/.m2/repository/org/fusesource/leveldbjni/leveldbjni-all/1.8/leveldbjni-all-1.8.jar:/home/runner/.m2/repository/org/apache/hadoop/hadoop-distcp/3.3.1/hadoop-distcp-3.3.1.jar:/home/runner/.m2/repository/org/apache/hadoop/hadoop-mapreduce-client-jobclient/3.3.1/hadoop-mapreduce-client-jobclient-3.3.1.jar:/home/runner/.m2/repository/org/apache/hadoop/hadoop-mapreduce-client-common/3.3.1/hadoop-mapreduce-client-common-3.3.1.jar:/home/runner/.m2/repository/org/apache/hadoop/hadoop-yarn-common/3.3.1/hadoop-yarn-common-3.3.1.jar:/home/runner/.m2/repository/org/apache/hadoop/hadoop-yarn-api/3.3.1/hadoop-yarn-api-3.3.1.jar:/home/runner/.m2/repository/com/sun/jersey/jersey-client/1.19/jersey-client-1.19.jar:/home/runner/.m2/repository/com/sun/jersey/contribs/jersey-guice/1.19/jersey-guice-1.19.jar:/home/runner/.m2/repository/com/fasterxml/jackson/jaxrs/jackson-jaxrs-json-provider/2.12.1/jackson-jaxrs-json-provider-2.12.1.jar:/home/runner/.m2/repository/com/fasterxml/jackson/jaxrs/jackson-jaxrs-base/2.12.1/jackson-jaxrs-base-2.12.1.jar:/home/runner/.m2/repository/org/apache/hadoop/hadoop-yarn-client/3.3.1/hadoop-yarn-client-3.3.1.jar:/home/runner/.m2/repository/org/eclipse/jetty/websocket/websocket-client/9.4.40.v20210413/websocket-client-9.4.40.v20210413.jar:/home/runner/.m2/repository/org/eclipse/jetty/jetty-client/9.4.40.v20210413/jetty-client-9.4.40.v20210413.jar:/home/runner/.m2/repository/org/eclipse/jetty/websocket/websocket-common/9.4.40.v20210413/websocket-common-9.4.40.v20210413.jar:/home/runner/.m2/repository/org/eclipse/jetty/websocket/websocket-api/9.4.40.v20210413/websocket-api-9.4.40.v20210413.jar:/home/runner/.m2/repository/org/jline/jline/3.9.0/jline-3.9.0.jar:/home/runner/.m2/repository/org/apache/hadoop/hadoop-mapreduce-client-core/3.3.1/hadoop-mapreduce-client-core-3.3.1.jar:/home/runner/.m2/repository/org/apache/avro/avro/1.7.7/avro-1.7.7.jar:/home/runner/.m2/repository/org/codehaus/jackson/jackson-core-asl/1.9.13/jackson-core-asl-1.9.13.jar:/home/runner/.m2/repository/org/codehaus/jackson/jackson-mapper-asl/1.9.13/jackson-mapper-asl-1.9.13.jar:/home/runner/.m2/repository/com/thoughtworks/paranamer/paranamer/2.3/paranamer-2.3.jar:/home/runner/.m2/repository/org/apache/hadoop/hadoop-annotations/3.3.1/hadoop-annotations-3.3.1.jar:/usr/lib/jvm/adoptopenjdk-8-hotspot-amd64/jre/../lib/tools.jar:/home/runner/.m2/repository/org/apache/hadoop/hadoop-distcp/3.3.1/hadoop-distcp-3.3.1-tests.jar:/home/runner/.m2/repository/org/apache/ratis/ratis-common/2.2.0/ratis-common-2.2.0.jar:/home/runner/.m2/repository/org/apache/ratis/ratis-thirdparty-misc/0.7.0/ratis-thirdparty-misc-0.7.0.jar:/home/runner/.m2/repository/org/apache/ratis/ratis-proto/2.2.0/ratis-proto-2.2.0.jar:"/>
    <property name="java.vm.vendor" value="AdoptOpenJDK"/>
    <property name="sun.arch.data.model" value="64"/>
    <property name="test.build.dir" value="/home/runner/work/ozone/ozone/hadoop-ozone/integration-test/target/test-dir"/>
    <property name="test.cache.data" value=""/>
    <property name="java.vendor.url" value="https://adoptopenjdk.net/"/>
    <property name="user.timezone" value=""/>
    <property name="java.vm.specification.version" value="1.8"/>
    <property name="os.name" value="Linux"/>
    <property name="test.build.data" value="/home/runner/work/ozone/ozone/hadoop-ozone/integration-test/target/test-dir"/>
    <property name="sun.java.launcher" value="SUN_STANDARD"/>
    <property name="sun.boot.library.path" value="/usr/lib/jvm/adoptopenjdk-8-hotspot-amd64/jre/lib/amd64"/>
    <property name="sun.java.command" value="/home/runner/work/ozone/ozone/hadoop-ozone/integration-test/target/surefire/surefirebooter8705813521127445673.jar /home/runner/work/ozone/ozone/hadoop-ozone/integration-test/target/surefire 2021-12-18T12-48-31_883-jvmRun1 surefire2385749109733083864tmp surefire_882100936362903237593tmp"/>
    <property name="surefire.test.class.path" value="/home/runner/work/ozone/ozone/hadoop-ozone/integration-test/target/test-classes:/home/runner/work/ozone/ozone/hadoop-ozone/integration-test/target/classes:/home/runner/.m2/repository/org/apache/ozone/ozone-common/1.3.0-SNAPSHOT/ozone-common-1.3.0-SNAPSHOT.jar:/home/runner/.m2/repository/org/apache/commons/commons-compress/1.21/commons-compress-1.21.jar:/home/runner/.m2/repository/org/apache/ozone/hdds-common/1.3.0-SNAPSHOT/hdds-common-1.3.0-SNAPSHOT.jar:/home/runner/.m2/repository/org/apache/ozone/hdds-client/1.3.0-SNAPSHOT/hdds-client-1.3.0-SNAPSHOT.jar:/home/runner/.m2/repository/org/apache/ozone/ozone-interface-client/1.3.0-SNAPSHOT/ozone-interface-client-1.3.0-SNAPSHOT.jar:/home/runner/.m2/repository/org/apache/ozone/hdds-test-utils/1.3.0-SNAPSHOT/hdds-test-utils-1.3.0-SNAPSHOT.jar:/home/runner/.m2/repository/com/google/guava/guava/30.1.1-jre/guava-30.1.1-jre.jar:/home/runner/.m2/repository/com/google/guava/failureaccess/1.0.1/failureaccess-1.0.1.jar:/home/runner/.m2/repository/com/google/guava/listenablefuture/9999.0-empty-to-avoid-conflict-with-guava/listenablefuture-9999.0-empty-to-avoid-conflict-with-guava.jar:/home/runner/.m2/repository/com/google/code/findbugs/jsr305/3.0.0/jsr305-3.0.0.jar:/home/runner/.m2/repository/org/checkerframework/checker-qual/3.8.0/checker-qual-3.8.0.jar:/home/runner/.m2/repository/com/google/errorprone/error_prone_annotations/2.2.0/error_prone_annotations-2.2.0.jar:/home/runner/.m2/repository/com/google/j2objc/j2objc-annotations/1.3/j2objc-annotations-1.3.jar:/home/runner/.m2/repository/commons-io/commons-io/2.11.0/commons-io-2.11.0.jar:/home/runner/.m2/repository/commons-logging/commons-logging/1.2/commons-logging-1.2.jar:/home/runner/.m2/repository/log4j/log4j/1.2.17/log4j-1.2.17.jar:/home/runner/.m2/repository/org/slf4j/slf4j-api/1.7.30/slf4j-api-1.7.30.jar:/home/runner/.m2/repository/org/apache/ozone/hdds-server-scm/1.3.0-SNAPSHOT/hdds-server-scm-1.3.0-SNAPSHOT.jar:/home/runner/.m2/repository/org/apache/ozone/hdds-container-service/1.3.0-SNAPSHOT/hdds-container-service-1.3.0-SNAPSHOT.jar:/home/runner/.m2/repository/org/apache/ozone/hdds-hadoop-dependency-server/1.3.0-SNAPSHOT/hdds-hadoop-dependency-server-1.3.0-SNAPSHOT.jar:/home/runner/.m2/repository/org/apache/hadoop/hadoop-hdfs/3.3.1/hadoop-hdfs-3.3.1.jar:/home/runner/.m2/repository/org/apache/ozone/hdds-server-framework/1.3.0-SNAPSHOT/hdds-server-framework-1.3.0-SNAPSHOT.jar:/home/runner/.m2/repository/org/apache/ozone/hdds-interface-server/1.3.0-SNAPSHOT/hdds-interface-server-1.3.0-SNAPSHOT.jar:/home/runner/.m2/repository/org/eclipse/jetty/jetty-servlet/9.4.43.v20210629/jetty-servlet-9.4.43.v20210629.jar:/home/runner/.m2/repository/org/eclipse/jetty/jetty-security/9.4.43.v20210629/jetty-security-9.4.43.v20210629.jar:/home/runner/.m2/repository/org/rocksdb/rocksdbjni/6.25.3/rocksdbjni-6.25.3.jar:/home/runner/.m2/repository/io/prometheus/simpleclient_dropwizard/0.7.0/simpleclient_dropwizard-0.7.0.jar:/home/runner/.m2/repository/io/prometheus/simpleclient/0.7.0/simpleclient-0.7.0.jar:/home/runner/.m2/repository/io/prometheus/simpleclient_common/0.7.0/simpleclient_common-0.7.0.jar:/home/runner/.m2/repository/com/fasterxml/jackson/datatype/jackson-datatype-jsr310/2.12.1/jackson-datatype-jsr310-2.12.1.jar:/home/runner/.m2/repository/io/dropwizard/metrics/metrics-core/3.2.4/metrics-core-3.2.4.jar:/home/runner/.m2/repository/org/apache/hadoop/hadoop-hdfs-client/3.3.1/hadoop-hdfs-client-3.3.1.jar:/home/runner/.m2/repository/org/bouncycastle/bcprov-jdk15on/1.67/bcprov-jdk15on-1.67.jar:/home/runner/.m2/repository/com/google/protobuf/protobuf-java/2.5.0/protobuf-java-2.5.0.jar:/home/runner/.m2/repository/org/apache/ozone/ozone-manager/1.3.0-SNAPSHOT/ozone-manager-1.3.0-SNAPSHOT.jar:/home/runner/.m2/repository/org/aspectj/aspectjrt/1.9.7/aspectjrt-1.9.7.jar:/home/runner/.m2/repository/org/aspectj/aspectjweaver/1.9.7/aspectjweaver-1.9.7.jar:/home/runner/.m2/repository/org/apache/ozone/hdds-interface-client/1.3.0-SNAPSHOT/hdds-interface-client-1.3.0-SNAPSHOT.jar:/home/runner/.m2/repository/org/apache/hadoop/thirdparty/hadoop-shaded-protobuf_3_7/1.1.1/hadoop-shaded-protobuf_3_7-1.1.1.jar:/home/runner/.m2/repository/org/apache/ozone/ozone-interface-storage/1.3.0-SNAPSHOT/ozone-interface-storage-1.3.0-SNAPSHOT.jar:/home/runner/.m2/repository/org/reflections/reflections/0.9.11/reflections-0.9.11.jar:/home/runner/.m2/repository/org/apache/hadoop/hadoop-minikdc/3.3.1/hadoop-minikdc-3.3.1.jar:/home/runner/.m2/repository/org/apache/kerby/kerb-simplekdc/1.0.1/kerb-simplekdc-1.0.1.jar:/home/runner/.m2/repository/org/apache/kerby/kerb-client/1.0.1/kerb-client-1.0.1.jar:/home/runner/.m2/repository/org/apache/kerby/kerby-config/1.0.1/kerby-config-1.0.1.jar:/home/runner/.m2/repository/org/apache/kerby/kerb-common/1.0.1/kerb-common-1.0.1.jar:/home/runner/.m2/repository/org/apache/kerby/kerb-crypto/1.0.1/kerb-crypto-1.0.1.jar:/home/runner/.m2/repository/org/apache/kerby/kerb-util/1.0.1/kerb-util-1.0.1.jar:/home/runner/.m2/repository/org/apache/kerby/token-provider/1.0.1/token-provider-1.0.1.jar:/home/runner/.m2/repository/org/apache/kerby/kerb-admin/1.0.1/kerb-admin-1.0.1.jar:/home/runner/.m2/repository/org/apache/kerby/kerb-server/1.0.1/kerb-server-1.0.1.jar:/home/runner/.m2/repository/org/apache/kerby/kerb-identity/1.0.1/kerb-identity-1.0.1.jar:/home/runner/.m2/repository/org/apache/kerby/kerby-xdr/1.0.1/kerby-xdr-1.0.1.jar:/home/runner/.m2/repository/org/slf4j/slf4j-log4j12/1.7.30/slf4j-log4j12-1.7.30.jar:/home/runner/.m2/repository/org/apache/ozone/ozone-s3gateway/1.3.0-SNAPSHOT/ozone-s3gateway-1.3.0-SNAPSHOT.jar:/home/runner/.m2/repository/org/javassist/javassist/3.21.0-GA/javassist-3.21.0-GA.jar:/home/runner/.m2/repository/org/jboss/weld/servlet/weld-servlet/2.4.7.Final/weld-servlet-2.4.7.Final.jar:/home/runner/.m2/repository/org/glassfish/jersey/containers/jersey-container-servlet-core/2.33/jersey-container-servlet-core-2.33.jar:/home/runner/.m2/repository/org/glassfish/hk2/external/jakarta.inject/2.6.1/jakarta.inject-2.6.1.jar:/home/runner/.m2/repository/org/glassfish/jersey/core/jersey-common/2.33/jersey-common-2.33.jar:/home/runner/.m2/repository/jakarta/ws/rs/jakarta.ws.rs-api/2.1.6/jakarta.ws.rs-api-2.1.6.jar:/home/runner/.m2/repository/org/glassfish/jersey/ext/cdi/jersey-cdi1x/2.33/jersey-cdi1x-2.33.jar:/home/runner/.m2/repository/org/glassfish/jersey/inject/jersey-hk2/2.33/jersey-hk2-2.33.jar:/home/runner/.m2/repository/org/glassfish/hk2/hk2-locator/2.6.1/hk2-locator-2.6.1.jar:/home/runner/.m2/repository/org/glassfish/jersey/media/jersey-media-jaxb/2.33/jersey-media-jaxb-2.33.jar:/home/runner/.m2/repository/org/glassfish/hk2/osgi-resource-locator/1.0.3/osgi-resource-locator-1.0.3.jar:/home/runner/.m2/repository/org/glassfish/hk2/hk2-api/2.5.0/hk2-api-2.5.0.jar:/home/runner/.m2/repository/org/glassfish/hk2/hk2-utils/2.5.0/hk2-utils-2.5.0.jar:/home/runner/.m2/repository/org/glassfish/hk2/external/aopalliance-repackaged/2.5.0/aopalliance-repackaged-2.5.0.jar:/home/runner/.m2/repository/com/fasterxml/jackson/dataformat/jackson-dataformat-xml/2.12.1/jackson-dataformat-xml-2.12.1.jar:/home/runner/.m2/repository/com/fasterxml/jackson/core/jackson-core/2.12.1/jackson-core-2.12.1.jar:/home/runner/.m2/repository/com/fasterxml/jackson/module/jackson-module-jaxb-annotations/2.12.1/jackson-module-jaxb-annotations-2.12.1.jar:/home/runner/.m2/repository/jakarta/xml/bind/jakarta.xml.bind-api/2.3.2/jakarta.xml.bind-api-2.3.2.jar:/home/runner/.m2/repository/org/codehaus/woodstox/stax2-api/3.1.4/stax2-api-3.1.4.jar:/home/runner/.m2/repository/com/fasterxml/woodstox/woodstox-core/5.0.3/woodstox-core-5.0.3.jar:/home/runner/.m2/repository/javax/enterprise/cdi-api/1.2/cdi-api-1.2.jar:/home/runner/.m2/repository/javax/el/javax.el-api/3.0.0/javax.el-api-3.0.0.jar:/home/runner/.m2/repository/javax/interceptor/javax.interceptor-api/1.2/javax.interceptor-api-1.2.jar:/home/runner/.m2/repository/javax/inject/javax.inject/1/javax.inject-1.jar:/home/runner/.m2/repository/javax/xml/bind/jaxb-api/2.3.0/jaxb-api-2.3.0.jar:/home/runner/.m2/repository/org/glassfish/jaxb/jaxb-runtime/2.3.0.1/jaxb-runtime-2.3.0.1.jar:/home/runner/.m2/repository/org/glassfish/jaxb/jaxb-core/2.3.0.1/jaxb-core-2.3.0.1.jar:/home/runner/.m2/repository/org/glassfish/jaxb/txw2/2.3.0.1/txw2-2.3.0.1.jar:/home/runner/.m2/repository/com/sun/istack/istack-commons-runtime/3.0.5/istack-commons-runtime-3.0.5.jar:/home/runner/.m2/repository/org/jvnet/staxex/stax-ex/1.7.8/stax-ex-1.7.8.jar:/home/runner/.m2/repository/com/sun/xml/fastinfoset/FastInfoset/1.2.13/FastInfoset-1.2.13.jar:/home/runner/.m2/repository/javax/activation/activation/1.1.1/activation-1.1.1.jar:/home/runner/.m2/repository/org/apache/ozone/ozone-csi/1.3.0-SNAPSHOT/ozone-csi-1.3.0-SNAPSHOT.jar:/home/runner/.m2/repository/com/google/protobuf/protobuf-java-util/3.12.0/protobuf-java-util-3.12.0.jar:/home/runner/.m2/repository/com/google/code/gson/gson/2.2.4/gson-2.2.4.jar:/home/runner/.m2/repository/org/apache/ozone/hdds-config/1.3.0-SNAPSHOT/hdds-config-1.3.0-SNAPSHOT.jar:/home/runner/.m2/repository/io/grpc/grpc-netty/1.33.0/grpc-netty-1.33.0.jar:/home/runner/.m2/repository/io/grpc/grpc-core/1.33.0/grpc-core-1.33.0.jar:/home/runner/.m2/repository/com/google/android/annotations/4.1.1.4/annotations-4.1.1.4.jar:/home/runner/.m2/repository/io/netty/netty-codec-http2/4.1.63.Final/netty-codec-http2-4.1.63.Final.jar:/home/runner/.m2/repository/io/netty/netty-codec-http/4.1.63.Final/netty-codec-http-4.1.63.Final.jar:/home/runner/.m2/repository/io/netty/netty-handler-proxy/4.1.63.Final/netty-handler-proxy-4.1.63.Final.jar:/home/runner/.m2/repository/io/netty/netty-codec-socks/4.1.63.Final/netty-codec-socks-4.1.63.Final.jar:/home/runner/.m2/repository/io/perfmark/perfmark-api/0.19.0/perfmark-api-0.19.0.jar:/home/runner/.m2/repository/org/codehaus/mojo/animal-sniffer-annotations/1.18/animal-sniffer-annotations-1.18.jar:/home/runner/.m2/repository/io/netty/netty-transport-native-epoll/4.1.63.Final/netty-transport-native-epoll-4.1.63.Final.jar:/home/runner/.m2/repository/io/netty/netty-common/4.1.63.Final/netty-common-4.1.63.Final.jar:/home/runner/.m2/repository/io/netty/netty-buffer/4.1.63.Final/netty-buffer-4.1.63.Final.jar:/home/runner/.m2/repository/io/netty/netty-transport-native-unix-common/4.1.63.Final/netty-transport-native-unix-common-4.1.63.Final.jar:/home/runner/.m2/repository/io/grpc/grpc-protobuf/1.33.0/grpc-protobuf-1.33.0.jar:/home/runner/.m2/repository/io/grpc/grpc-api/1.33.0/grpc-api-1.33.0.jar:/home/runner/.m2/repository/io/grpc/grpc-context/1.33.0/grpc-context-1.33.0.jar:/home/runner/.m2/repository/com/google/api/grpc/proto-google-common-protos/1.17.0/proto-google-common-protos-1.17.0.jar:/home/runner/.m2/repository/io/grpc/grpc-protobuf-lite/1.33.0/grpc-protobuf-lite-1.33.0.jar:/home/runner/.m2/repository/io/grpc/grpc-stub/1.33.0/grpc-stub-1.33.0.jar:/home/runner/.m2/repository/org/apache/ozone/ozone-recon/1.3.0-SNAPSHOT/ozone-recon-1.3.0-SNAPSHOT.jar:/home/runner/.m2/repository/org/apache/ozone/ozone-reconcodegen/1.3.0-SNAPSHOT/ozone-reconcodegen-1.3.0-SNAPSHOT.jar:/home/runner/.m2/repository/com/google/inject/extensions/guice-multibindings/4.0/guice-multibindings-4.0.jar:/home/runner/.m2/repository/com/google/inject/guice/4.0/guice-4.0.jar:/home/runner/.m2/repository/aopalliance/aopalliance/1.0/aopalliance-1.0.jar:/home/runner/.m2/repository/com/google/inject/extensions/guice-assistedinject/4.0/guice-assistedinject-4.0.jar:/home/runner/.m2/repository/com/google/inject/extensions/guice-servlet/4.0/guice-servlet-4.0.jar:/home/runner/.m2/repository/org/glassfish/jersey/containers/jersey-container-servlet/2.33/jersey-container-servlet-2.33.jar:/home/runner/.m2/repository/org/glassfish/hk2/guice-bridge/2.5.0/guice-bridge-2.5.0.jar:/home/runner/.m2/repository/org/glassfish/jersey/core/jersey-server/2.33/jersey-server-2.33.jar:/home/runner/.m2/repository/org/glassfish/jersey/core/jersey-client/2.33/jersey-client-2.33.jar:/home/runner/.m2/repository/jakarta/annotation/jakarta.annotation-api/1.3.5/jakarta.annotation-api-1.3.5.jar:/home/runner/.m2/repository/jakarta/validation/jakarta.validation-api/2.0.2/jakarta.validation-api-2.0.2.jar:/home/runner/.m2/repository/org/glassfish/jersey/media/jersey-media-json-jackson/2.33/jersey-media-json-jackson-2.33.jar:/home/runner/.m2/repository/org/glassfish/jersey/ext/jersey-entity-filtering/2.33/jersey-entity-filtering-2.33.jar:/home/runner/.m2/repository/org/jooq/jooq/3.11.10/jooq-3.11.10.jar:/home/runner/.m2/repository/org/jooq/jooq-meta/3.11.10/jooq-meta-3.11.10.jar:/home/runner/.m2/repository/org/jooq/jooq-codegen/3.11.10/jooq-codegen-3.11.10.jar:/home/runner/.m2/repository/com/jolbox/bonecp/0.8.0.RELEASE/bonecp-0.8.0.RELEASE.jar:/home/runner/.m2/repository/org/apache/derby/derby/10.14.2.0/derby-10.14.2.0.jar:/home/runner/.m2/repository/org/xerial/sqlite-jdbc/3.25.2/sqlite-jdbc-3.25.2.jar:/home/runner/.m2/repository/org/springframework/spring-jdbc/5.2.18.RELEASE/spring-jdbc-5.2.18.RELEASE.jar:/home/runner/.m2/repository/org/springframework/spring-beans/5.2.18.RELEASE/spring-beans-5.2.18.RELEASE.jar:/home/runner/.m2/repository/org/springframework/spring-core/5.2.18.RELEASE/spring-core-5.2.18.RELEASE.jar:/home/runner/.m2/repository/org/springframework/spring-jcl/5.2.18.RELEASE/spring-jcl-5.2.18.RELEASE.jar:/home/runner/.m2/repository/org/springframework/spring-tx/5.2.18.RELEASE/spring-tx-5.2.18.RELEASE.jar:/home/runner/.m2/repository/org/apache/ozone/ozone-client/1.3.0-SNAPSHOT/ozone-client-1.3.0-SNAPSHOT.jar:/home/runner/.m2/repository/org/apache/ozone/ozone-filesystem/1.3.0-SNAPSHOT/ozone-filesystem-1.3.0-SNAPSHOT.jar:/home/runner/.m2/repository/org/apache/ozone/ozone-filesystem-common/1.3.0-SNAPSHOT/ozone-filesystem-common-1.3.0-SNAPSHOT.jar:/home/runner/.m2/repository/org/apache/ozone/ozone-tools/1.3.0-SNAPSHOT/ozone-tools-1.3.0-SNAPSHOT.jar:/home/runner/.m2/repository/org/apache/ratis/ratis-tools/2.2.0/ratis-tools-2.2.0.jar:/home/runner/.m2/repository/com/amazonaws/aws-java-sdk-core/1.12.124/aws-java-sdk-core-1.12.124.jar:/home/runner/.m2/repository/org/apache/httpcomponents/httpclient/4.5.13/httpclient-4.5.13.jar:/home/runner/.m2/repository/org/apache/httpcomponents/httpcore/4.4.13/httpcore-4.4.13.jar:/home/runner/.m2/repository/software/amazon/ion/ion-java/1.0.2/ion-java-1.0.2.jar:/home/runner/.m2/repository/com/fasterxml/jackson/dataformat/jackson-dataformat-cbor/2.12.1/jackson-dataformat-cbor-2.12.1.jar:/home/runner/.m2/repository/joda-time/joda-time/2.8.1/joda-time-2.8.1.jar:/home/runner/.m2/repository/com/amazonaws/aws-java-sdk-s3/1.12.124/aws-java-sdk-s3-1.12.124.jar:/home/runner/.m2/repository/com/amazonaws/aws-java-sdk-kms/1.12.124/aws-java-sdk-kms-1.12.124.jar:/home/runner/.m2/repository/com/amazonaws/jmespath-java/1.12.124/jmespath-java-1.12.124.jar:/home/runner/.m2/repository/org/kohsuke/metainf-services/metainf-services/1.8/metainf-services-1.8.jar:/home/runner/.m2/repository/org/apache/ozone/hdds-tools/1.3.0-SNAPSHOT/hdds-tools-1.3.0-SNAPSHOT.jar:/home/runner/.m2/repository/commons-cli/commons-cli/1.2/commons-cli-1.2.jar:/home/runner/.m2/repository/org/apache/commons/commons-lang3/3.7/commons-lang3-3.7.jar:/home/runner/.m2/repository/org/apache/ozone/ozone-manager/1.3.0-SNAPSHOT/ozone-manager-1.3.0-SNAPSHOT-tests.jar:/home/runner/.m2/repository/org/apache/ozone/hdds-common/1.3.0-SNAPSHOT/hdds-common-1.3.0-SNAPSHOT-tests.jar:/home/runner/.m2/repository/org/apache/ozone/hdds-hadoop-dependency-client/1.3.0-SNAPSHOT/hdds-hadoop-dependency-client-1.3.0-SNAPSHOT.jar:/home/runner/.m2/repository/info/picocli/picocli/4.6.1/picocli-4.6.1.jar:/home/runner/.m2/repository/com/fasterxml/jackson/core/jackson-annotations/2.12.1/jackson-annotations-2.12.1.jar:/home/runner/.m2/repository/javax/annotation/javax.annotation-api/1.2/javax.annotation-api-1.2.jar:/home/runner/.m2/repository/org/apache/ratis/ratis-server/2.2.0/ratis-server-2.2.0.jar:/home/runner/.m2/repository/org/apache/ratis/ratis-client/2.2.0/ratis-client-2.2.0.jar:/home/runner/.m2/repository/org/apache/ratis/ratis-server-api/2.2.0/ratis-server-api-2.2.0.jar:/home/runner/.m2/repository/org/apache/ratis/ratis-metrics/2.2.0/ratis-metrics-2.2.0.jar:/home/runner/.m2/repository/org/apache/ratis/ratis-netty/2.2.0/ratis-netty-2.2.0.jar:/home/runner/.m2/repository/org/apache/ratis/ratis-grpc/2.2.0/ratis-grpc-2.2.0.jar:/home/runner/.m2/repository/org/apache/logging/log4j/log4j-api/2.16.0/log4j-api-2.16.0.jar:/home/runner/.m2/repository/org/apache/logging/log4j/log4j-core/2.16.0/log4j-core-2.16.0.jar:/home/runner/.m2/repository/com/lmax/disruptor/3.4.2/disruptor-3.4.2.jar:/home/runner/.m2/repository/org/apache/commons/commons-pool2/2.6.0/commons-pool2-2.6.0.jar:/home/runner/.m2/repository/org/bouncycastle/bcpkix-jdk15on/1.67/bcpkix-jdk15on-1.67.jar:/home/runner/.m2/repository/commons-validator/commons-validator/1.6/commons-validator-1.6.jar:/home/runner/.m2/repository/commons-beanutils/commons-beanutils/1.9.4/commons-beanutils-1.9.4.jar:/home/runner/.m2/repository/commons-digester/commons-digester/1.8.1/commons-digester-1.8.1.jar:/home/runner/.m2/repository/commons-collections/commons-collections/3.2.2/commons-collections-3.2.2.jar:/home/runner/.m2/repository/io/jaegertracing/jaeger-client/1.6.0/jaeger-client-1.6.0.jar:/home/runner/.m2/repository/io/jaegertracing/jaeger-thrift/1.6.0/jaeger-thrift-1.6.0.jar:/home/runner/.m2/repository/org/apache/thrift/libthrift/0.14.1/libthrift-0.14.1.jar:/home/runner/.m2/repository/com/squareup/okhttp3/okhttp/4.9.0/okhttp-4.9.0.jar:/home/runner/.m2/repository/com/squareup/okio/okio/2.8.0/okio-2.8.0.jar:/home/runner/.m2/repository/io/jaegertracing/jaeger-core/1.6.0/jaeger-core-1.6.0.jar:/home/runner/.m2/repository/io/jaegertracing/jaeger-tracerresolver/1.6.0/jaeger-tracerresolver-1.6.0.jar:/home/runner/.m2/repository/io/opentracing/contrib/opentracing-tracerresolver/0.1.8/opentracing-tracerresolver-0.1.8.jar:/home/runner/.m2/repository/org/jetbrains/kotlin/kotlin-stdlib/1.4.31/kotlin-stdlib-1.4.31.jar:/home/runner/.m2/repository/org/jetbrains/kotlin/kotlin-stdlib-common/1.4.31/kotlin-stdlib-common-1.4.31.jar:/home/runner/.m2/repository/org/jetbrains/annotations/13.0/annotations-13.0.jar:/home/runner/.m2/repository/io/opentracing/opentracing-util/0.33.0/opentracing-util-0.33.0.jar:/home/runner/.m2/repository/io/opentracing/opentracing-api/0.33.0/opentracing-api-0.33.0.jar:/home/runner/.m2/repository/io/opentracing/opentracing-noop/0.33.0/opentracing-noop-0.33.0.jar:/home/runner/.m2/repository/org/yaml/snakeyaml/1.26/snakeyaml-1.26.jar:/home/runner/.m2/repository/org/apache/ozone/hdds-interface-admin/1.3.0-SNAPSHOT/hdds-interface-admin-1.3.0-SNAPSHOT.jar:/home/runner/.m2/repository/junit/junit/4.13.1/junit-4.13.1.jar:/home/runner/.m2/repository/org/hamcrest/hamcrest-core/1.3/hamcrest-core-1.3.jar:/home/runner/.m2/repository/org/junit/jupiter/junit-jupiter-api/5.7.0/junit-jupiter-api-5.7.0.jar:/home/runner/.m2/repository/org/apiguardian/apiguardian-api/1.1.0/apiguardian-api-1.1.0.jar:/home/runner/.m2/repository/org/opentest4j/opentest4j/1.2.0/opentest4j-1.2.0.jar:/home/runner/.m2/repository/org/junit/platform/junit-platform-commons/1.7.0/junit-platform-commons-1.7.0.jar:/home/runner/.m2/repository/org/junit/jupiter/junit-jupiter-engine/5.7.0/junit-jupiter-engine-5.7.0.jar:/home/runner/.m2/repository/org/junit/platform/junit-platform-engine/1.7.0/junit-platform-engine-1.7.0.jar:/home/runner/.m2/repository/org/junit/vintage/junit-vintage-engine/5.7.0/junit-vintage-engine-5.7.0.jar:/home/runner/.m2/repository/org/junit/platform/junit-platform-launcher/1.7.0/junit-platform-launcher-1.7.0.jar:/home/runner/.m2/repository/org/openjdk/jmh/jmh-core/1.19/jmh-core-1.19.jar:/home/runner/.m2/repository/net/sf/jopt-simple/jopt-simple/4.6/jopt-simple-4.6.jar:/home/runner/.m2/repository/org/apache/commons/commons-math3/3.1.1/commons-math3-3.1.1.jar:/home/runner/.m2/repository/org/openjdk/jmh/jmh-generator-annprocess/1.19/jmh-generator-annprocess-1.19.jar:/home/runner/.m2/repository/org/mockito/mockito-core/2.28.2/mockito-core-2.28.2.jar:/home/runner/.m2/repository/net/bytebuddy/byte-buddy/1.9.10/byte-buddy-1.9.10.jar:/home/runner/.m2/repository/net/bytebuddy/byte-buddy-agent/1.9.10/byte-buddy-agent-1.9.10.jar:/home/runner/.m2/repository/org/objenesis/objenesis/1.0/objenesis-1.0.jar:/home/runner/.m2/repository/org/apache/hadoop/hadoop-kms/3.3.1/hadoop-kms-3.3.1.jar:/home/runner/.m2/repository/org/apache/hadoop/hadoop-auth/3.3.1/hadoop-auth-3.3.1.jar:/home/runner/.m2/repository/com/nimbusds/nimbus-jose-jwt/7.9/nimbus-jose-jwt-7.9.jar:/home/runner/.m2/repository/com/github/stephenc/jcip/jcip-annotations/1.0-1/jcip-annotations-1.0-1.jar:/home/runner/.m2/repository/net/minidev/json-smart/2.3.1/json-smart-2.3.1.jar:/home/runner/.m2/repository/net/minidev/accessors-smart/2.3.1/accessors-smart-2.3.1.jar:/home/runner/.m2/repository/org/ow2/asm/asm/5.0.4/asm-5.0.4.jar:/home/runner/.m2/repository/org/apache/zookeeper/zookeeper/3.5.6/zookeeper-3.5.6.jar:/home/runner/.m2/repository/org/apache/zookeeper/zookeeper-jute/3.5.6/zookeeper-jute-3.5.6.jar:/home/runner/.m2/repository/org/apache/yetus/audience-annotations/0.5.0/audience-annotations-0.5.0.jar:/home/runner/.m2/repository/org/apache/curator/curator-framework/4.2.0/curator-framework-4.2.0.jar:/home/runner/.m2/repository/org/apache/hadoop/thirdparty/hadoop-shaded-guava/1.1.1/hadoop-shaded-guava-1.1.1.jar:/home/runner/.m2/repository/com/sun/jersey/jersey-core/1.19/jersey-core-1.19.jar:/home/runner/.m2/repository/javax/ws/rs/jsr311-api/1.1.1/jsr311-api-1.1.1.jar:/home/runner/.m2/repository/com/sun/jersey/jersey-server/1.19/jersey-server-1.19.jar:/home/runner/.m2/repository/javax/servlet/javax.servlet-api/3.1.0/javax.servlet-api-3.1.0.jar:/home/runner/.m2/repository/org/eclipse/jetty/jetty-server/9.4.43.v20210629/jetty-server-9.4.43.v20210629.jar:/home/runner/.m2/repository/org/eclipse/jetty/jetty-http/9.4.43.v20210629/jetty-http-9.4.43.v20210629.jar:/home/runner/.m2/repository/org/eclipse/jetty/jetty-io/9.4.43.v20210629/jetty-io-9.4.43.v20210629.jar:/home/runner/.m2/repository/org/eclipse/jetty/jetty-webapp/9.4.43.v20210629/jetty-webapp-9.4.43.v20210629.jar:/home/runner/.m2/repository/org/eclipse/jetty/jetty-xml/9.4.43.v20210629/jetty-xml-9.4.43.v20210629.jar:/home/runner/.m2/repository/org/apache/hadoop/hadoop-common/3.3.1/hadoop-common-3.3.1.jar:/home/runner/.m2/repository/commons-net/commons-net/3.6/commons-net-3.6.jar:/home/runner/.m2/repository/jakarta/activation/jakarta.activation-api/1.2.1/jakarta.activation-api-1.2.1.jar:/home/runner/.m2/repository/com/sun/jersey/jersey-servlet/1.19/jersey-servlet-1.19.jar:/home/runner/.m2/repository/com/sun/jersey/jersey-json/1.19/jersey-json-1.19.jar:/home/runner/.m2/repository/org/codehaus/jettison/jettison/1.1/jettison-1.1.jar:/home/runner/.m2/repository/com/sun/xml/bind/jaxb-impl/2.2.3-1/jaxb-impl-2.2.3-1.jar:/home/runner/.m2/repository/org/codehaus/jackson/jackson-jaxrs/1.9.2/jackson-jaxrs-1.9.2.jar:/home/runner/.m2/repository/org/codehaus/jackson/jackson-xc/1.9.2/jackson-xc-1.9.2.jar:/home/runner/.m2/repository/org/apache/commons/commons-configuration2/2.1.1/commons-configuration2-2.1.1.jar:/home/runner/.m2/repository/org/apache/commons/commons-text/1.4/commons-text-1.4.jar:/home/runner/.m2/repository/com/google/re2j/re2j/1.1/re2j-1.1.jar:/home/runner/.m2/repository/com/jcraft/jsch/0.1.54/jsch-0.1.54.jar:/home/runner/.m2/repository/org/apache/curator/curator-client/4.2.0/curator-client-4.2.0.jar:/home/runner/.m2/repository/org/apache/curator/curator-recipes/4.2.0/curator-recipes-4.2.0.jar:/home/runner/.m2/repository/org/apache/kerby/kerb-core/1.0.1/kerb-core-1.0.1.jar:/home/runner/.m2/repository/org/apache/kerby/kerby-pkix/1.0.1/kerby-pkix-1.0.1.jar:/home/runner/.m2/repository/org/apache/kerby/kerby-asn1/1.0.1/kerby-asn1-1.0.1.jar:/home/runner/.m2/repository/org/apache/kerby/kerby-util/1.0.1/kerby-util-1.0.1.jar:/home/runner/.m2/repository/dnsjava/dnsjava/2.1.7/dnsjava-2.1.7.jar:/home/runner/.m2/repository/org/xerial/snappy/snappy-java/1.1.8.2/snappy-java-1.1.8.2.jar:/home/runner/.m2/repository/org/slf4j/jul-to-slf4j/1.7.30/jul-to-slf4j-1.7.30.jar:/home/runner/.m2/repository/org/eclipse/jetty/jetty-util/9.4.43.v20210629/jetty-util-9.4.43.v20210629.jar:/home/runner/.m2/repository/com/fasterxml/jackson/core/jackson-databind/2.12.1/jackson-databind-2.12.1.jar:/home/runner/.m2/repository/org/apache/hadoop/hadoop-kms/3.3.1/hadoop-kms-3.3.1-tests.jar:/home/runner/.m2/repository/org/apache/ozone/hdds-server-scm/1.3.0-SNAPSHOT/hdds-server-scm-1.3.0-SNAPSHOT-tests.jar:/home/runner/.m2/repository/org/apache/ozone/hdds-container-service/1.3.0-SNAPSHOT/hdds-container-service-1.3.0-SNAPSHOT-tests.jar:/home/runner/.m2/repository/commons-codec/commons-codec/1.11/commons-codec-1.11.jar:/home/runner/.m2/repository/io/netty/netty-transport/4.1.63.Final/netty-transport-4.1.63.Final.jar:/home/runner/.m2/repository/io/netty/netty-resolver/4.1.63.Final/netty-resolver-4.1.63.Final.jar:/home/runner/.m2/repository/io/netty/netty-codec/4.1.63.Final/netty-codec-4.1.63.Final.jar:/home/runner/.m2/repository/io/netty/netty-handler/4.1.63.Final/netty-handler-4.1.63.Final.jar:/home/runner/.m2/repository/org/apache/ozone/hdds-hadoop-dependency-test/1.3.0-SNAPSHOT/hdds-hadoop-dependency-test-1.3.0-SNAPSHOT.jar:/home/runner/.m2/repository/org/apache/hadoop/hadoop-common/3.3.1/hadoop-common-3.3.1-tests.jar:/home/runner/.m2/repository/org/assertj/assertj-core/3.12.2/assertj-core-3.12.2.jar:/home/runner/.m2/repository/org/apache/hadoop/hadoop-hdfs/3.3.1/hadoop-hdfs-3.3.1-tests.jar:/home/runner/.m2/repository/org/eclipse/jetty/jetty-util-ajax/9.4.43.v20210629/jetty-util-ajax-9.4.43.v20210629.jar:/home/runner/.m2/repository/commons-daemon/commons-daemon/1.0.13/commons-daemon-1.0.13.jar:/home/runner/.m2/repository/io/netty/netty/3.10.6.Final/netty-3.10.6.Final.jar:/home/runner/.m2/repository/io/netty/netty-all/4.1.63.Final/netty-all-4.1.63.Final.jar:/home/runner/.m2/repository/org/apache/htrace/htrace-core4/4.1.0-incubating/htrace-core4-4.1.0-incubating.jar:/home/runner/.m2/repository/org/fusesource/leveldbjni/leveldbjni-all/1.8/leveldbjni-all-1.8.jar:/home/runner/.m2/repository/org/apache/hadoop/hadoop-distcp/3.3.1/hadoop-distcp-3.3.1.jar:/home/runner/.m2/repository/org/apache/hadoop/hadoop-mapreduce-client-jobclient/3.3.1/hadoop-mapreduce-client-jobclient-3.3.1.jar:/home/runner/.m2/repository/org/apache/hadoop/hadoop-mapreduce-client-common/3.3.1/hadoop-mapreduce-client-common-3.3.1.jar:/home/runner/.m2/repository/org/apache/hadoop/hadoop-yarn-common/3.3.1/hadoop-yarn-common-3.3.1.jar:/home/runner/.m2/repository/org/apache/hadoop/hadoop-yarn-api/3.3.1/hadoop-yarn-api-3.3.1.jar:/home/runner/.m2/repository/com/sun/jersey/jersey-client/1.19/jersey-client-1.19.jar:/home/runner/.m2/repository/com/sun/jersey/contribs/jersey-guice/1.19/jersey-guice-1.19.jar:/home/runner/.m2/repository/com/fasterxml/jackson/jaxrs/jackson-jaxrs-json-provider/2.12.1/jackson-jaxrs-json-provider-2.12.1.jar:/home/runner/.m2/repository/com/fasterxml/jackson/jaxrs/jackson-jaxrs-base/2.12.1/jackson-jaxrs-base-2.12.1.jar:/home/runner/.m2/repository/org/apache/hadoop/hadoop-yarn-client/3.3.1/hadoop-yarn-client-3.3.1.jar:/home/runner/.m2/repository/org/eclipse/jetty/websocket/websocket-client/9.4.40.v20210413/websocket-client-9.4.40.v20210413.jar:/home/runner/.m2/repository/org/eclipse/jetty/jetty-client/9.4.40.v20210413/jetty-client-9.4.40.v20210413.jar:/home/runner/.m2/repository/org/eclipse/jetty/websocket/websocket-common/9.4.40.v20210413/websocket-common-9.4.40.v20210413.jar:/home/runner/.m2/repository/org/eclipse/jetty/websocket/websocket-api/9.4.40.v20210413/websocket-api-9.4.40.v20210413.jar:/home/runner/.m2/repository/org/jline/jline/3.9.0/jline-3.9.0.jar:/home/runner/.m2/repository/org/apache/hadoop/hadoop-mapreduce-client-core/3.3.1/hadoop-mapreduce-client-core-3.3.1.jar:/home/runner/.m2/repository/org/apache/avro/avro/1.7.7/avro-1.7.7.jar:/home/runner/.m2/repository/org/codehaus/jackson/jackson-core-asl/1.9.13/jackson-core-asl-1.9.13.jar:/home/runner/.m2/repository/org/codehaus/jackson/jackson-mapper-asl/1.9.13/jackson-mapper-asl-1.9.13.jar:/home/runner/.m2/repository/com/thoughtworks/paranamer/paranamer/2.3/paranamer-2.3.jar:/home/runner/.m2/repository/org/apache/hadoop/hadoop-annotations/3.3.1/hadoop-annotations-3.3.1.jar:/usr/lib/jvm/adoptopenjdk-8-hotspot-amd64/jre/../lib/tools.jar:/home/runner/.m2/repository/org/apache/hadoop/hadoop-distcp/3.3.1/hadoop-distcp-3.3.1-tests.jar:/home/runner/.m2/repository/org/apache/ratis/ratis-common/2.2.0/ratis-common-2.2.0.jar:/home/runner/.m2/repository/org/apache/ratis/ratis-thirdparty-misc/0.7.0/ratis-thirdparty-misc-0.7.0.jar:/home/runner/.m2/repository/org/apache/ratis/ratis-proto/2.2.0/ratis-proto-2.2.0.jar:"/>
    <property name="sun.cpu.endian" value="little"/>
    <property name="user.home" value="/home/runner"/>
    <property name="user.language" value="en"/>
    <property name="java.specification.vendor" value="Oracle Corporation"/>
    <property name="java.home" value="/usr/lib/jvm/adoptopenjdk-8-hotspot-amd64/jre"/>
    <property name="java.security.krb5.conf" value="/home/runner/work/ozone/ozone/hadoop-ozone/integration-test/target/test-classes/krb5.conf"/>
    <property name="basedir" value="/home/runner/work/ozone/ozone/hadoop-ozone/integration-test"/>
    <property name="file.separator" value="/"/>
    <property name="line.separator" value="&#10;"/>
    <property name="java.vm.specification.vendor" value="Oracle Corporation"/>
    <property name="java.specification.name" value="Java Platform API Specification"/>
    <property name="java.awt.graphicsenv" value="sun.awt.X11GraphicsEnvironment"/>
    <property name="skip.installnpx" value="true"/>
    <property name="surefire.real.class.path" value="/home/runner/work/ozone/ozone/hadoop-ozone/integration-test/target/surefire/surefirebooter8705813521127445673.jar:/home/runner/.m2/repository/org/jacoco/org.jacoco.agent/0.8.5/org.jacoco.agent-0.8.5-runtime.jar"/>
    <property name="hadoop.log.dir" value="/home/runner/work/ozone/ozone/hadoop-ozone/integration-test/target/log"/>
    <property name="sun.boot.class.path" value="/usr/lib/jvm/adoptopenjdk-8-hotspot-amd64/jre/lib/resources.jar:/usr/lib/jvm/adoptopenjdk-8-hotspot-amd64/jre/lib/rt.jar:/usr/lib/jvm/adoptopenjdk-8-hotspot-amd64/jre/lib/sunrsasign.jar:/usr/lib/jvm/adoptopenjdk-8-hotspot-amd64/jre/lib/jsse.jar:/usr/lib/jvm/adoptopenjdk-8-hotspot-amd64/jre/lib/jce.jar:/usr/lib/jvm/adoptopenjdk-8-hotspot-amd64/jre/lib/charsets.jar:/usr/lib/jvm/adoptopenjdk-8-hotspot-amd64/jre/lib/jfr.jar:/usr/lib/jvm/adoptopenjdk-8-hotspot-amd64/jre/classes"/>
    <property name="sun.management.compiler" value="HotSpot 64-Bit Tiered Compilers"/>
    <property name="skip.npx" value="true"/>
    <property name="java.runtime.version" value="1.8.0_292-b10"/>
    <property name="java.net.preferIPv4Stack" value="true"/>
    <property name="user.name" value="runner"/>
    <property name="path.separator" value=":"/>
    <property name="java.security.egd" value="file:///dev/urandom"/>
    <property name="os.version" value="5.4.0-1064-azure"/>
    <property name="java.endorsed.dirs" value="/usr/lib/jvm/adoptopenjdk-8-hotspot-amd64/jre/lib/endorsed"/>
    <property name="java.runtime.name" value="OpenJDK Runtime Environment"/>
    <property name="file.encoding" value="UTF-8"/>
    <property name="java.vm.name" value="OpenJDK 64-Bit Server VM"/>
    <property name="test.build.webapps" value=""/>
    <property name="localRepository" value="/home/runner/.m2/repository"/>
    <property name="java.vendor.url.bug" value="https://github.com/AdoptOpenJDK/openjdk-support/issues"/>
    <property name="java.io.tmpdir" value="/tmp"/>
    <property name="require.test.libhadoop" value=""/>
    <property name="java.version" value="1.8.0_292"/>
    <property name="user.dir" value="/home/runner/work/ozone/ozone/hadoop-ozone/integration-test"/>
    <property name="os.arch" value="amd64"/>
    <property name="java.vm.specification.name" value="Java Virtual Machine Specification"/>
    <property name="test.build.classes" value="/home/runner/work/ozone/ozone/hadoop-ozone/integration-test/target/test-classes"/>
    <property name="java.awt.printerjob" value="sun.print.PSPrinterJob"/>
    <property name="sun.os.patch.level" value="unknown"/>
    <property name="hadoop.tmp.dir" value="/home/runner/work/ozone/ozone/hadoop-ozone/integration-test/target/tmp"/>
    <property name="java.library.path" value="/usr/java/packages/lib/amd64:/usr/lib64:/lib64:/lib:/usr/lib"/>
    <property name="java.vm.info" value="mixed mode"/>
    <property name="java.vendor" value="AdoptOpenJDK"/>
    <property name="java.vm.version" value="25.292-b10"/>
    <property name="java.ext.dirs" value="/usr/lib/jvm/adoptopenjdk-8-hotspot-amd64/jre/lib/ext:/usr/java/packages/lib/ext"/>
    <property name="sun.io.unicode.encoding" value="UnicodeLittle"/>
    <property name="java.class.version" value="52.0"/>
  </properties>
  <testcase name="testMultipartUpload" classname="org.apache.hadoop.ozone.om.TestOzoneManagerHAWithData" time="11.881"/>
  <testcase name="testOMRatisSnapshot" classname="org.apache.hadoop.ozone.om.TestOzoneManagerHAWithData" time="3.256"/>
  <testcase name="testListParts" classname="org.apache.hadoop.ozone.om.TestOzoneManagerHAWithData" time="4.454">
    <error message="Could not determine or connect to OM Leader." type="java.io.IOException">java.io.IOException: Could not determine or connect to OM Leader.
	at org.apache.hadoop.ozone.om.protocolPB.Hadoop3OmTransport.submitRequest(Hadoop3OmTransport.java:96)
	at org.apache.hadoop.ozone.om.protocolPB.OzoneManagerProtocolClientSideTranslatorPB.submitRequest(OzoneManagerProtocolClientSideTranslatorPB.java:247)
	at org.apache.hadoop.ozone.om.protocolPB.OzoneManagerProtocolClientSideTranslatorPB.createVolume(OzoneManagerProtocolClientSideTranslatorPB.java:269)
	at org.apache.hadoop.ozone.client.rpc.RpcClient.createVolume(RpcClient.java:393)
	at org.apache.hadoop.ozone.client.ObjectStore.createVolume(ObjectStore.java:106)
	at org.apache.hadoop.ozone.om.TestOzoneManagerHA.setupBucket(TestOzoneManagerHA.java:237)
	at org.apache.hadoop.ozone.om.TestOzoneManagerHAWithData.testListParts(TestOzoneManagerHAWithData.java:500)
	at sun.reflect.NativeMethodAccessorImpl.invoke0(Native Method)
	at sun.reflect.NativeMethodAccessorImpl.invoke(NativeMethodAccessorImpl.java:62)
	at sun.reflect.DelegatingMethodAccessorImpl.invoke(DelegatingMethodAccessorImpl.java:43)
	at java.lang.reflect.Method.invoke(Method.java:498)
	at org.junit.runners.model.FrameworkMethod$1.runReflectiveCall(FrameworkMethod.java:59)
	at org.junit.internal.runners.model.ReflectiveCallable.run(ReflectiveCallable.java:12)
	at org.junit.runners.model.FrameworkMethod.invokeExplosively(FrameworkMethod.java:56)
	at org.junit.internal.runners.statements.InvokeMethod.evaluate(InvokeMethod.java:17)
	at org.junit.internal.runners.statements.RunAfters.evaluate(RunAfters.java:27)
	at org.junit.rules.ExpectedException$ExpectedExceptionStatement.evaluate(ExpectedException.java:258)
	at org.junit.internal.runners.statements.FailOnTimeout$CallableStatement.call(FailOnTimeout.java:288)
	at org.junit.internal.runners.statements.FailOnTimeout$CallableStatement.call(FailOnTimeout.java:282)
	at java.util.concurrent.FutureTask.run(FutureTask.java:266)
	at java.lang.Thread.run(Thread.java:748)
</error>
    <system-out><![CDATA[2021-12-18 14:20:59,315 [org.apache.hadoop.util.JvmPauseMonitor$Monitor@c9b8a10] INFO  util.JvmPauseMonitor (JvmPauseMonitor.java:run(188)) - Starting JVM pause monitor
2021-12-18 14:20:59,326 [Time-limited test] INFO  rpc.RpcClient (RpcClient.java:createVolume(389)) - Creating Volume: volume24876, with user21741 as owner and space quota set to -1 bytes, counts quota set to -1
2021-12-18 14:20:59,328 [Time-limited test] INFO  retry.RetryInvocationHandler (RetryInvocationHandler.java:log(411)) - com.google.protobuf.ServiceException: java.io.EOFException: End of File Exception between local host is: "fv-az184-786/10.1.0.48"; destination host is: "localhost":13770; : java.io.EOFException; For more details see:  http://wiki.apache.org/hadoop/EOFException, while invoking $Proxy51.submitRequest over nodeId=omNode-2,nodeAddress=127.0.0.1:13770. Trying to failover immediately.
2021-12-18 14:20:59,329 [Time-limited test] INFO  retry.RetryInvocationHandler (RetryInvocationHandler.java:log(411)) - com.google.protobuf.ServiceException: java.io.EOFException: End of File Exception between local host is: "fv-az184-786/10.1.0.48"; destination host is: "localhost":13776; : java.io.EOFException; For more details see:  http://wiki.apache.org/hadoop/EOFException, while invoking $Proxy51.submitRequest over nodeId=omNode-3,nodeAddress=127.0.0.1:13776 after 1 failover attempts. Trying to failover after sleeping for 2000ms.
2021-12-18 14:21:00,048 [omNode-3@group-523986131536-FollowerState] INFO  impl.FollowerState (FollowerState.java:run(134)) - omNode-3@group-523986131536-FollowerState: change to CANDIDATE, lastRpcElapsedTime:1052968855ns, electionTimeout:1052ms
2021-12-18 14:21:00,049 [omNode-3@group-523986131536-FollowerState] INFO  impl.RoleInfo (RoleInfo.java:shutdownFollowerState(108)) - omNode-3: shutdown omNode-3@group-523986131536-FollowerState
2021-12-18 14:21:00,049 [omNode-3@group-523986131536-FollowerState] INFO  server.RaftServer$Division (RaftServerImpl.java:setRole(290)) - omNode-3@group-523986131536: changes role from  FOLLOWER to CANDIDATE at term 4 for changeToCandidate
2021-12-18 14:21:00,049 [omNode-3@group-523986131536-FollowerState] INFO  server.RaftServerConfigKeys (ConfUtils.java:logGet(44)) - raft.server.leaderelection.pre-vote = false (custom)
2021-12-18 14:21:00,049 [omNode-3@group-523986131536-FollowerState] INFO  impl.RoleInfo (RoleInfo.java:updateAndGet(130)) - omNode-3: start omNode-3@group-523986131536-LeaderElection17
2021-12-18 14:21:00,058 [omNode-3@group-523986131536-LeaderElection17] INFO  impl.LeaderElection (LeaderElection.java:askForVotes(306)) - omNode-3@group-523986131536-LeaderElection17 ELECTION round 0: submit vote requests at term 5 for 31: [omNode-3|rpc:localhost:13780|admin:|client:|dataStream:|priority:0, omNode-1|rpc:localhost:13768|admin:|client:|dataStream:|priority:0, omNode-2|rpc:localhost:13774|admin:|client:|dataStream:|priority:0], old=null
2021-12-18 14:21:00,065 [grpc-default-executor-3] INFO  server.RaftServer$Division (RaftServerImpl.java:requestVote(1046)) - omNode-1@group-523986131536: receive requestVote(ELECTION, omNode-3, group-523986131536, 5, (t:4, i:103))
2021-12-18 14:21:00,066 [grpc-default-executor-3] INFO  impl.VoteContext (VoteContext.java:log(48)) - omNode-1@group-523986131536-FOLLOWER: reject ELECTION from omNode-3: our last entry (t:4, i:104) > candidate's last entry (t:4, i:103)
2021-12-18 14:21:00,066 [grpc-default-executor-3] INFO  server.RaftServer$Division (RaftServerImpl.java:setRole(290)) - omNode-1@group-523986131536: changes role from  FOLLOWER to FOLLOWER at term 5 for candidate:omNode-3
2021-12-18 14:21:00,066 [grpc-default-executor-3] INFO  impl.RoleInfo (RoleInfo.java:shutdownFollowerState(108)) - omNode-1: shutdown omNode-1@group-523986131536-FollowerState
2021-12-18 14:21:00,066 [omNode-1@group-523986131536-FollowerState] INFO  impl.FollowerState (FollowerState.java:run(143)) - omNode-1@group-523986131536-FollowerState was interrupted: {}
java.lang.InterruptedException: sleep interrupted
	at java.lang.Thread.sleep(Native Method)
	at java.lang.Thread.sleep(Thread.java:340)
	at java.util.concurrent.TimeUnit.sleep(TimeUnit.java:386)
	at org.apache.ratis.util.TimeDuration.sleep(TimeDuration.java:324)
	at org.apache.ratis.util.TimeDuration.sleep(TimeDuration.java:309)
	at org.apache.ratis.server.impl.FollowerState.run(FollowerState.java:118)
2021-12-18 14:21:00,068 [grpc-default-executor-3] INFO  impl.RoleInfo (RoleInfo.java:updateAndGet(130)) - omNode-1: start omNode-1@group-523986131536-FollowerState
2021-12-18 14:21:00,073 [grpc-default-executor-3] INFO  server.RaftServer$Division (RaftServerImpl.java:requestVote(1078)) - omNode-1@group-523986131536 replies to ELECTION vote request: omNode-3<-omNode-1#0:FAIL-t5. Peer's state: omNode-1@group-523986131536:t5, leader=null, voted=null, raftlog=omNode-1@group-523986131536-SegmentedRaftLog:OPENED:c103, conf=31: [omNode-3|rpc:localhost:13780|admin:|client:|dataStream:|priority:0, omNode-1|rpc:localhost:13768|admin:|client:|dataStream:|priority:0, omNode-2|rpc:localhost:13774|admin:|client:|dataStream:|priority:0], old=null
2021-12-18 14:21:00,078 [grpc-default-executor-3] INFO  server.RaftServer$Division (RaftServerImpl.java:requestVote(1046)) - omNode-2@group-523986131536: receive requestVote(ELECTION, omNode-3, group-523986131536, 5, (t:4, i:103))
2021-12-18 14:21:00,078 [grpc-default-executor-3] INFO  impl.VoteContext (VoteContext.java:log(48)) - omNode-2@group-523986131536-FOLLOWER: reject ELECTION from omNode-3: our last entry (t:4, i:104) > candidate's last entry (t:4, i:103)
2021-12-18 14:21:00,078 [grpc-default-executor-3] INFO  server.RaftServer$Division (RaftServerImpl.java:setRole(290)) - omNode-2@group-523986131536: changes role from  FOLLOWER to FOLLOWER at term 5 for candidate:omNode-3
2021-12-18 14:21:00,078 [grpc-default-executor-3] INFO  impl.RoleInfo (RoleInfo.java:shutdownFollowerState(108)) - omNode-2: shutdown omNode-2@group-523986131536-FollowerState
2021-12-18 14:21:00,078 [grpc-default-executor-3] INFO  impl.RoleInfo (RoleInfo.java:updateAndGet(130)) - omNode-2: start omNode-2@group-523986131536-FollowerState
2021-12-18 14:21:00,078 [omNode-2@group-523986131536-FollowerState] INFO  impl.FollowerState (FollowerState.java:run(143)) - omNode-2@group-523986131536-FollowerState was interrupted: {}
java.lang.InterruptedException: sleep interrupted
	at java.lang.Thread.sleep(Native Method)
	at java.lang.Thread.sleep(Thread.java:340)
	at java.util.concurrent.TimeUnit.sleep(TimeUnit.java:386)
	at org.apache.ratis.util.TimeDuration.sleep(TimeDuration.java:324)
	at org.apache.ratis.util.TimeDuration.sleep(TimeDuration.java:309)
	at org.apache.ratis.server.impl.FollowerState.run(FollowerState.java:118)
2021-12-18 14:21:00,080 [grpc-default-executor-3] INFO  server.RaftServer$Division (RaftServerImpl.java:requestVote(1078)) - omNode-2@group-523986131536 replies to ELECTION vote request: omNode-3<-omNode-2#0:FAIL-t5. Peer's state: omNode-2@group-523986131536:t5, leader=null, voted=null, raftlog=omNode-2@group-523986131536-SegmentedRaftLog:OPENED:c104, conf=31: [omNode-3|rpc:localhost:13780|admin:|client:|dataStream:|priority:0, omNode-1|rpc:localhost:13768|admin:|client:|dataStream:|priority:0, omNode-2|rpc:localhost:13774|admin:|client:|dataStream:|priority:0], old=null
2021-12-18 14:21:00,082 [omNode-3@group-523986131536-LeaderElection17] INFO  impl.LeaderElection (LeaderElection.java:logAndReturn(89)) - omNode-3@group-523986131536-LeaderElection17: ELECTION REJECTED received 2 response(s) and 0 exception(s):
2021-12-18 14:21:00,082 [omNode-3@group-523986131536-LeaderElection17] INFO  impl.LeaderElection (LeaderElection.java:logAndReturn(93)) -   Response 0: omNode-3<-omNode-1#0:FAIL-t5
2021-12-18 14:21:00,082 [omNode-3@group-523986131536-LeaderElection17] INFO  impl.LeaderElection (LeaderElection.java:logAndReturn(93)) -   Response 1: omNode-3<-omNode-2#0:FAIL-t5
2021-12-18 14:21:00,082 [omNode-3@group-523986131536-LeaderElection17] INFO  impl.LeaderElection (LeaderElection.java:askForVotes(308)) - omNode-3@group-523986131536-LeaderElection17 ELECTION round 0: result REJECTED
2021-12-18 14:21:00,082 [omNode-3@group-523986131536-LeaderElection17] INFO  server.RaftServer$Division (RaftServerImpl.java:setRole(290)) - omNode-3@group-523986131536: changes role from CANDIDATE to FOLLOWER at term 5 for REJECTED
2021-12-18 14:21:00,082 [omNode-3@group-523986131536-LeaderElection17] INFO  impl.RoleInfo (RoleInfo.java:shutdownLeaderElection(121)) - omNode-3: shutdown omNode-3@group-523986131536-LeaderElection17
2021-12-18 14:21:00,082 [omNode-3@group-523986131536-LeaderElection17] INFO  impl.RoleInfo (RoleInfo.java:updateAndGet(130)) - omNode-3: start omNode-3@group-523986131536-FollowerState
2021-12-18 14:21:01,126 [omNode-3@group-523986131536-FollowerState] INFO  impl.FollowerState (FollowerState.java:run(134)) - omNode-3@group-523986131536-FollowerState: change to CANDIDATE, lastRpcElapsedTime:1044223764ns, electionTimeout:1040ms
2021-12-18 14:21:01,127 [omNode-3@group-523986131536-FollowerState] INFO  impl.RoleInfo (RoleInfo.java:shutdownFollowerState(108)) - omNode-3: shutdown omNode-3@group-523986131536-FollowerState
2021-12-18 14:21:01,127 [omNode-3@group-523986131536-FollowerState] INFO  server.RaftServer$Division (RaftServerImpl.java:setRole(290)) - omNode-3@group-523986131536: changes role from  FOLLOWER to CANDIDATE at term 5 for changeToCandidate
2021-12-18 14:21:01,127 [omNode-3@group-523986131536-FollowerState] INFO  server.RaftServerConfigKeys (ConfUtils.java:logGet(44)) - raft.server.leaderelection.pre-vote = false (custom)
2021-12-18 14:21:01,127 [omNode-3@group-523986131536-FollowerState] INFO  impl.RoleInfo (RoleInfo.java:updateAndGet(130)) - omNode-3: start omNode-3@group-523986131536-LeaderElection18
2021-12-18 14:21:01,129 [omNode-3@group-523986131536-LeaderElection18] INFO  impl.LeaderElection (LeaderElection.java:askForVotes(306)) - omNode-3@group-523986131536-LeaderElection18 ELECTION round 0: submit vote requests at term 6 for 31: [omNode-3|rpc:localhost:13780|admin:|client:|dataStream:|priority:0, omNode-1|rpc:localhost:13768|admin:|client:|dataStream:|priority:0, omNode-2|rpc:localhost:13774|admin:|client:|dataStream:|priority:0], old=null
2021-12-18 14:21:01,133 [grpc-default-executor-3] INFO  server.RaftServer$Division (RaftServerImpl.java:requestVote(1046)) - omNode-1@group-523986131536: receive requestVote(ELECTION, omNode-3, group-523986131536, 6, (t:4, i:103))
2021-12-18 14:21:01,134 [grpc-default-executor-3] INFO  impl.VoteContext (VoteContext.java:log(48)) - omNode-1@group-523986131536-FOLLOWER: reject ELECTION from omNode-3: our last entry (t:4, i:104) > candidate's last entry (t:4, i:103)
2021-12-18 14:21:01,134 [grpc-default-executor-3] INFO  server.RaftServer$Division (RaftServerImpl.java:setRole(290)) - omNode-1@group-523986131536: changes role from  FOLLOWER to FOLLOWER at term 6 for candidate:omNode-3
2021-12-18 14:21:01,134 [grpc-default-executor-3] INFO  impl.RoleInfo (RoleInfo.java:shutdownFollowerState(108)) - omNode-1: shutdown omNode-1@group-523986131536-FollowerState
2021-12-18 14:21:01,134 [grpc-default-executor-3] INFO  impl.RoleInfo (RoleInfo.java:updateAndGet(130)) - omNode-1: start omNode-1@group-523986131536-FollowerState
2021-12-18 14:21:01,134 [omNode-1@group-523986131536-FollowerState] INFO  impl.FollowerState (FollowerState.java:run(143)) - omNode-1@group-523986131536-FollowerState was interrupted: {}
java.lang.InterruptedException: sleep interrupted
	at java.lang.Thread.sleep(Native Method)
	at java.lang.Thread.sleep(Thread.java:340)
	at java.util.concurrent.TimeUnit.sleep(TimeUnit.java:386)
	at org.apache.ratis.util.TimeDuration.sleep(TimeDuration.java:324)
	at org.apache.ratis.util.TimeDuration.sleep(TimeDuration.java:309)
	at org.apache.ratis.server.impl.FollowerState.run(FollowerState.java:118)
2021-12-18 14:21:01,138 [grpc-default-executor-3] INFO  server.RaftServer$Division (RaftServerImpl.java:requestVote(1078)) - omNode-1@group-523986131536 replies to ELECTION vote request: omNode-3<-omNode-1#0:FAIL-t6. Peer's state: omNode-1@group-523986131536:t6, leader=null, voted=null, raftlog=omNode-1@group-523986131536-SegmentedRaftLog:OPENED:c103, conf=31: [omNode-3|rpc:localhost:13780|admin:|client:|dataStream:|priority:0, omNode-1|rpc:localhost:13768|admin:|client:|dataStream:|priority:0, omNode-2|rpc:localhost:13774|admin:|client:|dataStream:|priority:0], old=null
2021-12-18 14:21:01,139 [grpc-default-executor-5] INFO  server.RaftServer$Division (RaftServerImpl.java:requestVote(1046)) - omNode-2@group-523986131536: receive requestVote(ELECTION, omNode-3, group-523986131536, 6, (t:4, i:103))
2021-12-18 14:21:01,140 [grpc-default-executor-5] INFO  impl.VoteContext (VoteContext.java:log(48)) - omNode-2@group-523986131536-FOLLOWER: reject ELECTION from omNode-3: our last entry (t:4, i:104) > candidate's last entry (t:4, i:103)
2021-12-18 14:21:01,140 [grpc-default-executor-5] INFO  server.RaftServer$Division (RaftServerImpl.java:setRole(290)) - omNode-2@group-523986131536: changes role from  FOLLOWER to FOLLOWER at term 6 for candidate:omNode-3
2021-12-18 14:21:01,140 [grpc-default-executor-5] INFO  impl.RoleInfo (RoleInfo.java:shutdownFollowerState(108)) - omNode-2: shutdown omNode-2@group-523986131536-FollowerState
2021-12-18 14:21:01,140 [grpc-default-executor-5] INFO  impl.RoleInfo (RoleInfo.java:updateAndGet(130)) - omNode-2: start omNode-2@group-523986131536-FollowerState
2021-12-18 14:21:01,140 [omNode-2@group-523986131536-FollowerState] INFO  impl.FollowerState (FollowerState.java:run(143)) - omNode-2@group-523986131536-FollowerState was interrupted: {}
java.lang.InterruptedException: sleep interrupted
	at java.lang.Thread.sleep(Native Method)
	at java.lang.Thread.sleep(Thread.java:340)
	at java.util.concurrent.TimeUnit.sleep(TimeUnit.java:386)
	at org.apache.ratis.util.TimeDuration.sleep(TimeDuration.java:324)
	at org.apache.ratis.util.TimeDuration.sleep(TimeDuration.java:309)
	at org.apache.ratis.server.impl.FollowerState.run(FollowerState.java:118)
2021-12-18 14:21:01,145 [grpc-default-executor-5] INFO  server.RaftServer$Division (RaftServerImpl.java:requestVote(1078)) - omNode-2@group-523986131536 replies to ELECTION vote request: omNode-3<-omNode-2#0:FAIL-t6. Peer's state: omNode-2@group-523986131536:t6, leader=null, voted=null, raftlog=omNode-2@group-523986131536-SegmentedRaftLog:OPENED:c104, conf=31: [omNode-3|rpc:localhost:13780|admin:|client:|dataStream:|priority:0, omNode-1|rpc:localhost:13768|admin:|client:|dataStream:|priority:0, omNode-2|rpc:localhost:13774|admin:|client:|dataStream:|priority:0], old=null
2021-12-18 14:21:01,146 [omNode-3@group-523986131536-LeaderElection18] INFO  impl.LeaderElection (LeaderElection.java:logAndReturn(89)) - omNode-3@group-523986131536-LeaderElection18: ELECTION REJECTED received 2 response(s) and 0 exception(s):
2021-12-18 14:21:01,146 [omNode-3@group-523986131536-LeaderElection18] INFO  impl.LeaderElection (LeaderElection.java:logAndReturn(93)) -   Response 0: omNode-3<-omNode-1#0:FAIL-t6
2021-12-18 14:21:01,146 [omNode-3@group-523986131536-LeaderElection18] INFO  impl.LeaderElection (LeaderElection.java:logAndReturn(93)) -   Response 1: omNode-3<-omNode-2#0:FAIL-t6
2021-12-18 14:21:01,146 [omNode-3@group-523986131536-LeaderElection18] INFO  impl.LeaderElection (LeaderElection.java:askForVotes(308)) - omNode-3@group-523986131536-LeaderElection18 ELECTION round 0: result REJECTED
2021-12-18 14:21:01,146 [omNode-3@group-523986131536-LeaderElection18] INFO  server.RaftServer$Division (RaftServerImpl.java:setRole(290)) - omNode-3@group-523986131536: changes role from CANDIDATE to FOLLOWER at term 6 for REJECTED
2021-12-18 14:21:01,146 [omNode-3@group-523986131536-LeaderElection18] INFO  impl.RoleInfo (RoleInfo.java:shutdownLeaderElection(121)) - omNode-3: shutdown omNode-3@group-523986131536-LeaderElection18
2021-12-18 14:21:01,146 [omNode-3@group-523986131536-LeaderElection18] INFO  impl.RoleInfo (RoleInfo.java:updateAndGet(130)) - omNode-3: start omNode-3@group-523986131536-FollowerState
2021-12-18 14:21:01,334 [Time-limited test] INFO  retry.RetryInvocationHandler (RetryInvocationHandler.java:log(411)) - com.google.protobuf.ServiceException: org.apache.hadoop.ipc.RemoteException(org.apache.hadoop.ozone.om.exceptions.OMNotLeaderException): OM:omNode-1 is not the leader. Could not determine the leader node.
	at org.apache.hadoop.ozone.om.ratis.utils.OzoneManagerRatisUtils.createNotLeaderException(OzoneManagerRatisUtils.java:353)
	at org.apache.hadoop.ozone.om.ratis.utils.OzoneManagerRatisUtils.checkLeaderStatus(OzoneManagerRatisUtils.java:339)
	at org.apache.hadoop.ozone.protocolPB.OzoneManagerProtocolServerSideTranslatorPB.checkLeaderStatus(OzoneManagerProtocolServerSideTranslatorPB.java:279)
	at org.apache.hadoop.ozone.protocolPB.OzoneManagerProtocolServerSideTranslatorPB.processRequest(OzoneManagerProtocolServerSideTranslatorPB.java:158)
	at org.apache.hadoop.hdds.server.OzoneProtocolMessageDispatcher.processRequest(OzoneProtocolMessageDispatcher.java:87)
	at org.apache.hadoop.ozone.protocolPB.OzoneManagerProtocolServerSideTranslatorPB.submitRequest(OzoneManagerProtocolServerSideTranslatorPB.java:124)
	at org.apache.hadoop.ozone.protocol.proto.OzoneManagerProtocolProtos$OzoneManagerService$2.callBlockingMethod(OzoneManagerProtocolProtos.java)
	at org.apache.hadoop.ipc.ProtobufRpcEngine$Server.processCall(ProtobufRpcEngine.java:466)
	at org.apache.hadoop.ipc.ProtobufRpcEngine2$Server$ProtoBufRpcInvoker.call(ProtobufRpcEngine2.java:574)
	at org.apache.hadoop.ipc.ProtobufRpcEngine2$Server$ProtoBufRpcInvoker.call(ProtobufRpcEngine2.java:552)
	at org.apache.hadoop.ipc.RPC$Server.call(RPC.java:1093)
	at org.apache.hadoop.ipc.Server$RpcCall.run(Server.java:1035)
	at org.apache.hadoop.ipc.Server$RpcCall.run(Server.java:963)
	at java.security.AccessController.doPrivileged(Native Method)
	at javax.security.auth.Subject.doAs(Subject.java:422)
	at org.apache.hadoop.security.UserGroupInformation.doAs(UserGroupInformation.java:1878)
	at org.apache.hadoop.ipc.Server$Handler.run(Server.java:2966)
, while invoking $Proxy51.submitRequest over nodeId=omNode-1,nodeAddress=127.0.0.1:13764 after 2 failover attempts. Trying to failover immediately.
2021-12-18 14:21:01,339 [Time-limited test] INFO  retry.RetryInvocationHandler (RetryInvocationHandler.java:log(411)) - com.google.protobuf.ServiceException: org.apache.hadoop.ipc.RemoteException(org.apache.hadoop.ozone.om.exceptions.OMNotLeaderException): OM:omNode-2 is not the leader. Could not determine the leader node.
	at org.apache.hadoop.ozone.om.ratis.utils.OzoneManagerRatisUtils.createNotLeaderException(OzoneManagerRatisUtils.java:353)
	at org.apache.hadoop.ozone.om.ratis.utils.OzoneManagerRatisUtils.checkLeaderStatus(OzoneManagerRatisUtils.java:339)
	at org.apache.hadoop.ozone.protocolPB.OzoneManagerProtocolServerSideTranslatorPB.checkLeaderStatus(OzoneManagerProtocolServerSideTranslatorPB.java:279)
	at org.apache.hadoop.ozone.protocolPB.OzoneManagerProtocolServerSideTranslatorPB.processRequest(OzoneManagerProtocolServerSideTranslatorPB.java:158)
	at org.apache.hadoop.hdds.server.OzoneProtocolMessageDispatcher.processRequest(OzoneProtocolMessageDispatcher.java:87)
	at org.apache.hadoop.ozone.protocolPB.OzoneManagerProtocolServerSideTranslatorPB.submitRequest(OzoneManagerProtocolServerSideTranslatorPB.java:124)
	at org.apache.hadoop.ozone.protocol.proto.OzoneManagerProtocolProtos$OzoneManagerService$2.callBlockingMethod(OzoneManagerProtocolProtos.java)
	at org.apache.hadoop.ipc.ProtobufRpcEngine$Server.processCall(ProtobufRpcEngine.java:466)
	at org.apache.hadoop.ipc.ProtobufRpcEngine2$Server$ProtoBufRpcInvoker.call(ProtobufRpcEngine2.java:574)
	at org.apache.hadoop.ipc.ProtobufRpcEngine2$Server$ProtoBufRpcInvoker.call(ProtobufRpcEngine2.java:552)
	at org.apache.hadoop.ipc.RPC$Server.call(RPC.java:1093)
	at org.apache.hadoop.ipc.Server$RpcCall.run(Server.java:1035)
	at org.apache.hadoop.ipc.Server$RpcCall.run(Server.java:963)
	at java.security.AccessController.doPrivileged(Native Method)
	at javax.security.auth.Subject.doAs(Subject.java:422)
	at org.apache.hadoop.security.UserGroupInformation.doAs(UserGroupInformation.java:1878)
	at org.apache.hadoop.ipc.Server$Handler.run(Server.java:2966)
, while invoking $Proxy51.submitRequest over nodeId=omNode-2,nodeAddress=127.0.0.1:13770 after 3 failover attempts. Trying to failover immediately.
2021-12-18 14:21:01,349 [Time-limited test] INFO  retry.RetryInvocationHandler (RetryInvocationHandler.java:log(411)) - com.google.protobuf.ServiceException: org.apache.hadoop.ipc.RemoteException(org.apache.hadoop.ozone.om.exceptions.OMNotLeaderException): OM:omNode-3 is not the leader. Could not determine the leader node.
	at org.apache.hadoop.ozone.om.ratis.utils.OzoneManagerRatisUtils.createNotLeaderException(OzoneManagerRatisUtils.java:353)
	at org.apache.hadoop.ozone.om.ratis.utils.OzoneManagerRatisUtils.checkLeaderStatus(OzoneManagerRatisUtils.java:339)
	at org.apache.hadoop.ozone.protocolPB.OzoneManagerProtocolServerSideTranslatorPB.checkLeaderStatus(OzoneManagerProtocolServerSideTranslatorPB.java:279)
	at org.apache.hadoop.ozone.protocolPB.OzoneManagerProtocolServerSideTranslatorPB.processRequest(OzoneManagerProtocolServerSideTranslatorPB.java:158)
	at org.apache.hadoop.hdds.server.OzoneProtocolMessageDispatcher.processRequest(OzoneProtocolMessageDispatcher.java:87)
	at org.apache.hadoop.ozone.protocolPB.OzoneManagerProtocolServerSideTranslatorPB.submitRequest(OzoneManagerProtocolServerSideTranslatorPB.java:124)
	at org.apache.hadoop.ozone.protocol.proto.OzoneManagerProtocolProtos$OzoneManagerService$2.callBlockingMethod(OzoneManagerProtocolProtos.java)
	at org.apache.hadoop.ipc.ProtobufRpcEngine$Server.processCall(ProtobufRpcEngine.java:466)
	at org.apache.hadoop.ipc.ProtobufRpcEngine2$Server$ProtoBufRpcInvoker.call(ProtobufRpcEngine2.java:574)
	at org.apache.hadoop.ipc.ProtobufRpcEngine2$Server$ProtoBufRpcInvoker.call(ProtobufRpcEngine2.java:552)
	at org.apache.hadoop.ipc.RPC$Server.call(RPC.java:1093)
	at org.apache.hadoop.ipc.Server$RpcCall.run(Server.java:1035)
	at org.apache.hadoop.ipc.Server$RpcCall.run(Server.java:963)
	at java.security.AccessController.doPrivileged(Native Method)
	at javax.security.auth.Subject.doAs(Subject.java:422)
	at org.apache.hadoop.security.UserGroupInformation.doAs(UserGroupInformation.java:1878)
	at org.apache.hadoop.ipc.Server$Handler.run(Server.java:2966)
, while invoking $Proxy51.submitRequest over nodeId=omNode-3,nodeAddress=127.0.0.1:13776 after 4 failover attempts. Trying to failover after sleeping for 2000ms.
2021-12-18 14:21:02,185 [omNode-3@group-523986131536-FollowerState] INFO  impl.FollowerState (FollowerState.java:run(134)) - omNode-3@group-523986131536-FollowerState: change to CANDIDATE, lastRpcElapsedTime:1039395314ns, electionTimeout:1036ms
2021-12-18 14:21:02,186 [omNode-3@group-523986131536-FollowerState] INFO  impl.RoleInfo (RoleInfo.java:shutdownFollowerState(108)) - omNode-3: shutdown omNode-3@group-523986131536-FollowerState
2021-12-18 14:21:02,186 [omNode-3@group-523986131536-FollowerState] INFO  server.RaftServer$Division (RaftServerImpl.java:setRole(290)) - omNode-3@group-523986131536: changes role from  FOLLOWER to CANDIDATE at term 6 for changeToCandidate
2021-12-18 14:21:02,186 [omNode-3@group-523986131536-FollowerState] INFO  server.RaftServerConfigKeys (ConfUtils.java:logGet(44)) - raft.server.leaderelection.pre-vote = false (custom)
2021-12-18 14:21:02,186 [omNode-3@group-523986131536-FollowerState] INFO  impl.RoleInfo (RoleInfo.java:updateAndGet(130)) - omNode-3: start omNode-3@group-523986131536-LeaderElection19
2021-12-18 14:21:02,188 [omNode-3@group-523986131536-LeaderElection19] INFO  impl.LeaderElection (LeaderElection.java:askForVotes(306)) - omNode-3@group-523986131536-LeaderElection19 ELECTION round 0: submit vote requests at term 7 for 31: [omNode-3|rpc:localhost:13780|admin:|client:|dataStream:|priority:0, omNode-1|rpc:localhost:13768|admin:|client:|dataStream:|priority:0, omNode-2|rpc:localhost:13774|admin:|client:|dataStream:|priority:0], old=null
2021-12-18 14:21:02,190 [grpc-default-executor-3] INFO  server.RaftServer$Division (RaftServerImpl.java:requestVote(1046)) - omNode-1@group-523986131536: receive requestVote(ELECTION, omNode-3, group-523986131536, 7, (t:4, i:103))
2021-12-18 14:21:02,191 [grpc-default-executor-3] INFO  impl.VoteContext (VoteContext.java:log(48)) - omNode-1@group-523986131536-FOLLOWER: reject ELECTION from omNode-3: our last entry (t:4, i:104) > candidate's last entry (t:4, i:103)
2021-12-18 14:21:02,191 [grpc-default-executor-3] INFO  server.RaftServer$Division (RaftServerImpl.java:setRole(290)) - omNode-1@group-523986131536: changes role from  FOLLOWER to FOLLOWER at term 7 for candidate:omNode-3
2021-12-18 14:21:02,191 [grpc-default-executor-3] INFO  impl.RoleInfo (RoleInfo.java:shutdownFollowerState(108)) - omNode-1: shutdown omNode-1@group-523986131536-FollowerState
2021-12-18 14:21:02,191 [grpc-default-executor-3] INFO  impl.RoleInfo (RoleInfo.java:updateAndGet(130)) - omNode-1: start omNode-1@group-523986131536-FollowerState
2021-12-18 14:21:02,191 [omNode-1@group-523986131536-FollowerState] INFO  impl.FollowerState (FollowerState.java:run(143)) - omNode-1@group-523986131536-FollowerState was interrupted: {}
java.lang.InterruptedException: sleep interrupted
	at java.lang.Thread.sleep(Native Method)
	at java.lang.Thread.sleep(Thread.java:340)
	at java.util.concurrent.TimeUnit.sleep(TimeUnit.java:386)
	at org.apache.ratis.util.TimeDuration.sleep(TimeDuration.java:324)
	at org.apache.ratis.util.TimeDuration.sleep(TimeDuration.java:309)
	at org.apache.ratis.server.impl.FollowerState.run(FollowerState.java:118)
2021-12-18 14:21:02,193 [grpc-default-executor-5] INFO  server.RaftServer$Division (RaftServerImpl.java:requestVote(1046)) - omNode-2@group-523986131536: receive requestVote(ELECTION, omNode-3, group-523986131536, 7, (t:4, i:103))
2021-12-18 14:21:02,193 [grpc-default-executor-5] INFO  impl.VoteContext (VoteContext.java:log(48)) - omNode-2@group-523986131536-FOLLOWER: reject ELECTION from omNode-3: our last entry (t:4, i:104) > candidate's last entry (t:4, i:103)
2021-12-18 14:21:02,193 [grpc-default-executor-5] INFO  server.RaftServer$Division (RaftServerImpl.java:setRole(290)) - omNode-2@group-523986131536: changes role from  FOLLOWER to FOLLOWER at term 7 for candidate:omNode-3
2021-12-18 14:21:02,193 [grpc-default-executor-5] INFO  impl.RoleInfo (RoleInfo.java:shutdownFollowerState(108)) - omNode-2: shutdown omNode-2@group-523986131536-FollowerState
2021-12-18 14:21:02,194 [grpc-default-executor-5] INFO  impl.RoleInfo (RoleInfo.java:updateAndGet(130)) - omNode-2: start omNode-2@group-523986131536-FollowerState
2021-12-18 14:21:02,194 [omNode-2@group-523986131536-FollowerState] INFO  impl.FollowerState (FollowerState.java:run(143)) - omNode-2@group-523986131536-FollowerState was interrupted: {}
java.lang.InterruptedException: sleep interrupted
	at java.lang.Thread.sleep(Native Method)
	at java.lang.Thread.sleep(Thread.java:340)
	at java.util.concurrent.TimeUnit.sleep(TimeUnit.java:386)
	at org.apache.ratis.util.TimeDuration.sleep(TimeDuration.java:324)
	at org.apache.ratis.util.TimeDuration.sleep(TimeDuration.java:309)
	at org.apache.ratis.server.impl.FollowerState.run(FollowerState.java:118)
2021-12-18 14:21:02,195 [grpc-default-executor-3] INFO  server.RaftServer$Division (RaftServerImpl.java:requestVote(1078)) - omNode-1@group-523986131536 replies to ELECTION vote request: omNode-3<-omNode-1#0:FAIL-t7. Peer's state: omNode-1@group-523986131536:t7, leader=null, voted=null, raftlog=omNode-1@group-523986131536-SegmentedRaftLog:OPENED:c103, conf=31: [omNode-3|rpc:localhost:13780|admin:|client:|dataStream:|priority:0, omNode-1|rpc:localhost:13768|admin:|client:|dataStream:|priority:0, omNode-2|rpc:localhost:13774|admin:|client:|dataStream:|priority:0], old=null
2021-12-18 14:21:02,200 [grpc-default-executor-5] INFO  server.RaftServer$Division (RaftServerImpl.java:requestVote(1078)) - omNode-2@group-523986131536 replies to ELECTION vote request: omNode-3<-omNode-2#0:FAIL-t7. Peer's state: omNode-2@group-523986131536:t7, leader=null, voted=null, raftlog=omNode-2@group-523986131536-SegmentedRaftLog:OPENED:c104, conf=31: [omNode-3|rpc:localhost:13780|admin:|client:|dataStream:|priority:0, omNode-1|rpc:localhost:13768|admin:|client:|dataStream:|priority:0, omNode-2|rpc:localhost:13774|admin:|client:|dataStream:|priority:0], old=null
2021-12-18 14:21:02,203 [omNode-3@group-523986131536-LeaderElection19] INFO  impl.LeaderElection (LeaderElection.java:logAndReturn(89)) - omNode-3@group-523986131536-LeaderElection19: ELECTION REJECTED received 2 response(s) and 0 exception(s):
2021-12-18 14:21:02,203 [omNode-3@group-523986131536-LeaderElection19] INFO  impl.LeaderElection (LeaderElection.java:logAndReturn(93)) -   Response 0: omNode-3<-omNode-1#0:FAIL-t7
2021-12-18 14:21:02,203 [omNode-3@group-523986131536-LeaderElection19] INFO  impl.LeaderElection (LeaderElection.java:logAndReturn(93)) -   Response 1: omNode-3<-omNode-2#0:FAIL-t7
2021-12-18 14:21:02,203 [omNode-3@group-523986131536-LeaderElection19] INFO  impl.LeaderElection (LeaderElection.java:askForVotes(308)) - omNode-3@group-523986131536-LeaderElection19 ELECTION round 0: result REJECTED
2021-12-18 14:21:02,203 [omNode-3@group-523986131536-LeaderElection19] INFO  server.RaftServer$Division (RaftServerImpl.java:setRole(290)) - omNode-3@group-523986131536: changes role from CANDIDATE to FOLLOWER at term 7 for REJECTED
2021-12-18 14:21:02,203 [omNode-3@group-523986131536-LeaderElection19] INFO  impl.RoleInfo (RoleInfo.java:shutdownLeaderElection(121)) - omNode-3: shutdown omNode-3@group-523986131536-LeaderElection19
2021-12-18 14:21:02,203 [omNode-3@group-523986131536-LeaderElection19] INFO  impl.RoleInfo (RoleInfo.java:updateAndGet(130)) - omNode-3: start omNode-3@group-523986131536-FollowerState
2021-12-18 14:21:03,215 [omNode-2@group-523986131536-FollowerState] INFO  impl.FollowerState (FollowerState.java:run(134)) - omNode-2@group-523986131536-FollowerState: change to CANDIDATE, lastRpcElapsedTime:1020912326ns, electionTimeout:1012ms
2021-12-18 14:21:03,215 [omNode-2@group-523986131536-FollowerState] INFO  impl.RoleInfo (RoleInfo.java:shutdownFollowerState(108)) - omNode-2: shutdown omNode-2@group-523986131536-FollowerState
2021-12-18 14:21:03,215 [omNode-2@group-523986131536-FollowerState] INFO  server.RaftServer$Division (RaftServerImpl.java:setRole(290)) - omNode-2@group-523986131536: changes role from  FOLLOWER to CANDIDATE at term 7 for changeToCandidate
2021-12-18 14:21:03,215 [omNode-2@group-523986131536-FollowerState] INFO  server.RaftServerConfigKeys (ConfUtils.java:logGet(44)) - raft.server.leaderelection.pre-vote = false (custom)
2021-12-18 14:21:03,216 [omNode-2@group-523986131536-FollowerState] INFO  impl.RoleInfo (RoleInfo.java:updateAndGet(130)) - omNode-2: start omNode-2@group-523986131536-LeaderElection20
2021-12-18 14:21:03,218 [omNode-2@group-523986131536-LeaderElection20] INFO  impl.LeaderElection (LeaderElection.java:askForVotes(306)) - omNode-2@group-523986131536-LeaderElection20 ELECTION round 0: submit vote requests at term 8 for 31: [omNode-3|rpc:localhost:13780|admin:|client:|dataStream:|priority:0, omNode-1|rpc:localhost:13768|admin:|client:|dataStream:|priority:0, omNode-2|rpc:localhost:13774|admin:|client:|dataStream:|priority:0], old=null
2021-12-18 14:21:03,227 [grpc-default-executor-3] INFO  server.RaftServer$Division (RaftServerImpl.java:requestVote(1046)) - omNode-1@group-523986131536: receive requestVote(ELECTION, omNode-2, group-523986131536, 8, (t:4, i:104))
2021-12-18 14:21:03,227 [grpc-default-executor-3] INFO  impl.VoteContext (VoteContext.java:log(48)) - omNode-1@group-523986131536-FOLLOWER: accept ELECTION from omNode-2: our priority 0 <= candidate's priority 0
2021-12-18 14:21:03,227 [grpc-default-executor-3] INFO  server.RaftServer$Division (RaftServerImpl.java:setRole(290)) - omNode-1@group-523986131536: changes role from  FOLLOWER to FOLLOWER at term 8 for candidate:omNode-2
2021-12-18 14:21:03,227 [grpc-default-executor-3] INFO  impl.RoleInfo (RoleInfo.java:shutdownFollowerState(108)) - omNode-1: shutdown omNode-1@group-523986131536-FollowerState
2021-12-18 14:21:03,227 [grpc-default-executor-3] INFO  impl.RoleInfo (RoleInfo.java:updateAndGet(130)) - omNode-1: start omNode-1@group-523986131536-FollowerState
2021-12-18 14:21:03,228 [omNode-1@group-523986131536-FollowerState] INFO  impl.FollowerState (FollowerState.java:run(143)) - omNode-1@group-523986131536-FollowerState was interrupted: {}
java.lang.InterruptedException: sleep interrupted
	at java.lang.Thread.sleep(Native Method)
	at java.lang.Thread.sleep(Thread.java:340)
	at java.util.concurrent.TimeUnit.sleep(TimeUnit.java:386)
	at org.apache.ratis.util.TimeDuration.sleep(TimeDuration.java:324)
	at org.apache.ratis.util.TimeDuration.sleep(TimeDuration.java:309)
	at org.apache.ratis.server.impl.FollowerState.run(FollowerState.java:118)
2021-12-18 14:21:03,229 [grpc-default-executor-3] INFO  server.RaftServer$Division (RaftServerImpl.java:requestVote(1078)) - omNode-1@group-523986131536 replies to ELECTION vote request: omNode-2<-omNode-1#0:OK-t8. Peer's state: omNode-1@group-523986131536:t8, leader=null, voted=omNode-2, raftlog=omNode-1@group-523986131536-SegmentedRaftLog:OPENED:c103, conf=31: [omNode-3|rpc:localhost:13780|admin:|client:|dataStream:|priority:0, omNode-1|rpc:localhost:13768|admin:|client:|dataStream:|priority:0, omNode-2|rpc:localhost:13774|admin:|client:|dataStream:|priority:0], old=null
2021-12-18 14:21:03,229 [grpc-default-executor-5] INFO  server.RaftServer$Division (RaftServerImpl.java:requestVote(1046)) - omNode-3@group-523986131536: receive requestVote(ELECTION, omNode-2, group-523986131536, 8, (t:4, i:104))
2021-12-18 14:21:03,229 [grpc-default-executor-5] INFO  impl.VoteContext (VoteContext.java:log(48)) - omNode-3@group-523986131536-FOLLOWER: accept ELECTION from omNode-2: our last entry (t:4, i:103) < candidate's last entry (t:4, i:104)
2021-12-18 14:21:03,229 [grpc-default-executor-5] INFO  server.RaftServer$Division (RaftServerImpl.java:setRole(290)) - omNode-3@group-523986131536: changes role from  FOLLOWER to FOLLOWER at term 8 for candidate:omNode-2
2021-12-18 14:21:03,229 [grpc-default-executor-5] INFO  impl.RoleInfo (RoleInfo.java:shutdownFollowerState(108)) - omNode-3: shutdown omNode-3@group-523986131536-FollowerState
2021-12-18 14:21:03,229 [grpc-default-executor-5] INFO  impl.RoleInfo (RoleInfo.java:updateAndGet(130)) - omNode-3: start omNode-3@group-523986131536-FollowerState
2021-12-18 14:21:03,229 [omNode-3@group-523986131536-FollowerState] INFO  impl.FollowerState (FollowerState.java:run(143)) - omNode-3@group-523986131536-FollowerState was interrupted: {}
java.lang.InterruptedException: sleep interrupted
	at java.lang.Thread.sleep(Native Method)
	at java.lang.Thread.sleep(Thread.java:340)
	at java.util.concurrent.TimeUnit.sleep(TimeUnit.java:386)
	at org.apache.ratis.util.TimeDuration.sleep(TimeDuration.java:324)
	at org.apache.ratis.util.TimeDuration.sleep(TimeDuration.java:309)
	at org.apache.ratis.server.impl.FollowerState.run(FollowerState.java:118)
2021-12-18 14:21:03,231 [grpc-default-executor-5] INFO  server.RaftServer$Division (RaftServerImpl.java:requestVote(1078)) - omNode-3@group-523986131536 replies to ELECTION vote request: omNode-2<-omNode-3#0:OK-t8. Peer's state: omNode-3@group-523986131536:t8, leader=null, voted=omNode-2, raftlog=omNode-3@group-523986131536-SegmentedRaftLog:OPENED:c102, conf=31: [omNode-3|rpc:localhost:13780|admin:|client:|dataStream:|priority:0, omNode-1|rpc:localhost:13768|admin:|client:|dataStream:|priority:0, omNode-2|rpc:localhost:13774|admin:|client:|dataStream:|priority:0], old=null
2021-12-18 14:21:03,232 [omNode-2@group-523986131536-LeaderElection20] INFO  impl.LeaderElection (LeaderElection.java:logAndReturn(89)) - omNode-2@group-523986131536-LeaderElection20: ELECTION PASSED received 1 response(s) and 0 exception(s):
2021-12-18 14:21:03,232 [omNode-2@group-523986131536-LeaderElection20] INFO  impl.LeaderElection (LeaderElection.java:logAndReturn(93)) -   Response 0: omNode-2<-omNode-1#0:OK-t8
2021-12-18 14:21:03,232 [omNode-2@group-523986131536-LeaderElection20] INFO  impl.LeaderElection (LeaderElection.java:askForVotes(308)) - omNode-2@group-523986131536-LeaderElection20 ELECTION round 0: result PASSED
2021-12-18 14:21:03,232 [omNode-2@group-523986131536-LeaderElection20] INFO  impl.RoleInfo (RoleInfo.java:shutdownLeaderElection(121)) - omNode-2: shutdown omNode-2@group-523986131536-LeaderElection20
2021-12-18 14:21:03,232 [omNode-2@group-523986131536-LeaderElection20] INFO  server.RaftServer$Division (RaftServerImpl.java:setRole(290)) - omNode-2@group-523986131536: changes role from CANDIDATE to LEADER at term 8 for changeToLeader
2021-12-18 14:21:03,232 [omNode-2@group-523986131536-LeaderElection20] INFO  server.RaftServer$Division (ServerState.java:setLeader(285)) - omNode-2@group-523986131536: change Leader from null to omNode-2 at term 8 for becomeLeader, leader elected after 3969ms
2021-12-18 14:21:03,232 [omNode-2@group-523986131536-LeaderElection20] INFO  server.RaftServerConfigKeys (ConfUtils.java:logGet(44)) - raft.server.staging.catchup.gap = 1000 (default)
2021-12-18 14:21:03,232 [omNode-2@group-523986131536-LeaderElection20] INFO  server.RaftServerConfigKeys (ConfUtils.java:logGet(44)) - raft.server.write.element-limit = 4096 (default)
2021-12-18 14:21:03,232 [omNode-2@group-523986131536-LeaderElection20] INFO  server.RaftServerConfigKeys (ConfUtils.java:logGet(44)) - raft.server.write.byte-limit = 64MB (=67108864) (default)
2021-12-18 14:21:03,232 [omNode-2@group-523986131536-LeaderElection20] INFO  server.RaftServerConfigKeys (ConfUtils.java:logGet(44)) - raft.server.watch.timeout = 10s (default)
2021-12-18 14:21:03,232 [omNode-2@group-523986131536-LeaderElection20] INFO  server.RaftServerConfigKeys (ConfUtils.java:logGet(44)) - raft.server.watch.timeout.denomination = 1s (default)
2021-12-18 14:21:03,232 [omNode-2@group-523986131536-LeaderElection20] INFO  server.RaftServerConfigKeys (ConfUtils.java:logGet(44)) - raft.server.watch.element-limit = 65536 (default)
2021-12-18 14:21:03,232 [omNode-2@group-523986131536-LeaderElection20] INFO  server.RaftServerConfigKeys (ConfUtils.java:logGet(44)) - raft.server.write.element-limit = 4096 (default)
2021-12-18 14:21:03,233 [omNode-2@group-523986131536-LeaderElection20] INFO  server.RaftServerConfigKeys (ConfUtils.java:logGet(44)) - raft.server.write.follower.gap.ratio.max = -1.0 (default)
2021-12-18 14:21:03,233 [omNode-2@group-523986131536-LeaderElection20] INFO  server.RaftServerConfigKeys (ConfUtils.java:logGet(44)) - raft.server.log.appender.snapshot.chunk.size.max = 16MB (=16777216) (default)
2021-12-18 14:21:03,233 [omNode-2@group-523986131536-LeaderElection20] INFO  server.RaftServerConfigKeys (ConfUtils.java:logGet(44)) - raft.server.log.appender.buffer.byte-limit = 33554432 (custom)
2021-12-18 14:21:03,233 [omNode-2@group-523986131536-LeaderElection20] INFO  server.RaftServerConfigKeys (ConfUtils.java:logGet(44)) - raft.server.log.appender.buffer.element-limit = 1024 (custom)
2021-12-18 14:21:03,233 [omNode-2@group-523986131536-LeaderElection20] INFO  grpc.GrpcConfigKeys (ConfUtils.java:logGet(44)) - raft.grpc.server.leader.outstanding.appends.max = 128 (default)
2021-12-18 14:21:03,233 [omNode-2@group-523986131536-LeaderElection20] INFO  server.RaftServerConfigKeys (ConfUtils.java:logGet(44)) - raft.server.rpc.request.timeout = 3000ms (default)
2021-12-18 14:21:03,233 [omNode-2@group-523986131536-LeaderElection20] INFO  server.RaftServerConfigKeys (ConfUtils.java:logGet(44)) - raft.server.log.appender.install.snapshot.enabled = false (custom)
2021-12-18 14:21:03,234 [omNode-2@group-523986131536-LeaderElection20] INFO  server.RaftServerConfigKeys (ConfUtils.java:logGet(44)) - raft.server.log.appender.snapshot.chunk.size.max = 16MB (=16777216) (default)
2021-12-18 14:21:03,234 [omNode-2@group-523986131536-LeaderElection20] INFO  server.RaftServerConfigKeys (ConfUtils.java:logGet(44)) - raft.server.log.appender.buffer.byte-limit = 33554432 (custom)
2021-12-18 14:21:03,234 [omNode-2@group-523986131536-LeaderElection20] INFO  server.RaftServerConfigKeys (ConfUtils.java:logGet(44)) - raft.server.log.appender.buffer.element-limit = 1024 (custom)
2021-12-18 14:21:03,234 [omNode-2@group-523986131536-LeaderElection20] INFO  grpc.GrpcConfigKeys (ConfUtils.java:logGet(44)) - raft.grpc.server.leader.outstanding.appends.max = 128 (default)
2021-12-18 14:21:03,234 [omNode-2@group-523986131536-LeaderElection20] INFO  server.RaftServerConfigKeys (ConfUtils.java:logGet(44)) - raft.server.rpc.request.timeout = 3000ms (default)
2021-12-18 14:21:03,234 [omNode-2@group-523986131536-LeaderElection20] INFO  server.RaftServerConfigKeys (ConfUtils.java:logGet(44)) - raft.server.log.appender.install.snapshot.enabled = false (custom)
2021-12-18 14:21:03,234 [omNode-2@group-523986131536-LeaderElection20] INFO  impl.RoleInfo (RoleInfo.java:updateAndGet(130)) - omNode-2: start omNode-2@group-523986131536-LeaderStateImpl
2021-12-18 14:21:03,235 [omNode-2@group-523986131536-LeaderElection20] INFO  segmented.SegmentedRaftLogWorker (SegmentedRaftLogWorker.java:rollLogSegment(399)) - omNode-2@group-523986131536-SegmentedRaftLogWorker: Rolling segment log-31_104 to index:104
2021-12-18 14:21:03,248 [omNode-2@group-523986131536-SegmentedRaftLogWorker] INFO  segmented.SegmentedRaftLogWorker (SegmentedRaftLogWorker.java:execute(558)) - omNode-2@group-523986131536-SegmentedRaftLogWorker: Rolled log segment from /home/runner/work/ozone/ozone/hadoop-ozone/integration-test/target/test-dir/MiniOzoneClusterImpl-d253f833-dfd5-40cd-9bf3-3e4f3cbf3d44/omNode-2/ratis/c9bc4cf4-3bc3-3c60-a66b-523986131536/current/log_inprogress_31 to /home/runner/work/ozone/ozone/hadoop-ozone/integration-test/target/test-dir/MiniOzoneClusterImpl-d253f833-dfd5-40cd-9bf3-3e4f3cbf3d44/omNode-2/ratis/c9bc4cf4-3bc3-3c60-a66b-523986131536/current/log_31-104
2021-12-18 14:21:03,254 [grpc-default-executor-3] INFO  server.RaftServer$Division (ServerState.java:setLeader(285)) - omNode-1@group-523986131536: change Leader from null to omNode-2 at term 8 for appendEntries, leader elected after 4139ms
2021-12-18 14:21:03,256 [omNode-2@group-523986131536-LeaderElection20] INFO  server.RaftServer$Division (ServerState.java:setRaftConf(387)) - omNode-2@group-523986131536: set configuration 105: [omNode-3|rpc:localhost:13780|admin:|client:|dataStream:|priority:0, omNode-1|rpc:localhost:13768|admin:|client:|dataStream:|priority:0, omNode-2|rpc:localhost:13774|admin:|client:|dataStream:|priority:0], old=null
2021-12-18 14:21:03,258 [grpc-default-executor-3] INFO  server.RaftServer$Division (ServerState.java:setRaftConf(387)) - omNode-1@group-523986131536: set configuration 105: [omNode-3|rpc:localhost:13780|admin:|client:|dataStream:|priority:0, omNode-1|rpc:localhost:13768|admin:|client:|dataStream:|priority:0, omNode-2|rpc:localhost:13774|admin:|client:|dataStream:|priority:0], old=null
2021-12-18 14:21:03,260 [omNode-2@group-523986131536-SegmentedRaftLogWorker] INFO  segmented.SegmentedRaftLogWorker (SegmentedRaftLogWorker.java:execute(601)) - omNode-2@group-523986131536-SegmentedRaftLogWorker: created new log segment /home/runner/work/ozone/ozone/hadoop-ozone/integration-test/target/test-dir/MiniOzoneClusterImpl-d253f833-dfd5-40cd-9bf3-3e4f3cbf3d44/omNode-2/ratis/c9bc4cf4-3bc3-3c60-a66b-523986131536/current/log_inprogress_105
2021-12-18 14:21:03,264 [grpc-default-executor-3] INFO  segmented.SegmentedRaftLogWorker (SegmentedRaftLogWorker.java:rollLogSegment(399)) - omNode-1@group-523986131536-SegmentedRaftLogWorker: Rolling segment log-31_104 to index:104
2021-12-18 14:21:03,264 [grpc-default-executor-5] INFO  server.RaftServer$Division (ServerState.java:setLeader(285)) - omNode-3@group-523986131536: change Leader from null to omNode-2 at term 8 for appendEntries, leader elected after 4278ms
2021-12-18 14:21:03,264 [grpc-default-executor-5] INFO  server.RaftServer$Division (RaftServerImpl.java:checkInconsistentAppendEntries(1322)) - omNode-3@group-523986131536: Failed appendEntries as previous log entry ((t:4, i:104)) is not found
2021-12-18 14:21:03,264 [grpc-default-executor-5] INFO  server.RaftServer$Division (RaftServerImpl.java:checkInconsistentAppendEntries(1288)) - omNode-3@group-523986131536: inconsistency entries. Reply:omNode-2<-omNode-3#0:FAIL-t8,INCONSISTENCY,nextIndex=104,followerCommit=102
2021-12-18 14:21:03,265 [grpc-default-executor-5] INFO  server.RaftServer$Division (RaftServerImpl.java:checkInconsistentAppendEntries(1322)) - omNode-3@group-523986131536: Failed appendEntries as previous log entry ((t:4, i:104)) is not found
2021-12-18 14:21:03,265 [grpc-default-executor-5] INFO  server.RaftServer$Division (RaftServerImpl.java:checkInconsistentAppendEntries(1288)) - omNode-3@group-523986131536: inconsistency entries. Reply:omNode-2<-omNode-3#1:FAIL-t8,INCONSISTENCY,nextIndex=104,followerCommit=102
2021-12-18 14:21:03,265 [grpc-default-executor-3] INFO  leader.FollowerInfo (FollowerInfoImpl.java:lambda$new$0(47)) - omNode-2@group-523986131536->omNode-3: nextIndex: updateUnconditionally 106 -> 104
2021-12-18 14:21:03,267 [omNode-1@group-523986131536-SegmentedRaftLogWorker] INFO  segmented.SegmentedRaftLogWorker (SegmentedRaftLogWorker.java:execute(558)) - omNode-1@group-523986131536-SegmentedRaftLogWorker: Rolled log segment from /home/runner/work/ozone/ozone/hadoop-ozone/integration-test/target/test-dir/MiniOzoneClusterImpl-d253f833-dfd5-40cd-9bf3-3e4f3cbf3d44/omNode-1/ratis/c9bc4cf4-3bc3-3c60-a66b-523986131536/current/log_inprogress_31 to /home/runner/work/ozone/ozone/hadoop-ozone/integration-test/target/test-dir/MiniOzoneClusterImpl-d253f833-dfd5-40cd-9bf3-3e4f3cbf3d44/omNode-1/ratis/c9bc4cf4-3bc3-3c60-a66b-523986131536/current/log_31-104
2021-12-18 14:21:03,271 [grpc-default-executor-3] INFO  leader.FollowerInfo (FollowerInfoImpl.java:lambda$new$0(47)) - omNode-2@group-523986131536->omNode-3: nextIndex: updateUnconditionally 106 -> 104
2021-12-18 14:21:03,272 [grpc-default-executor-3] INFO  server.RaftServer$Division (ServerState.java:setRaftConf(387)) - omNode-3@group-523986131536: set configuration 105: [omNode-3|rpc:localhost:13780|admin:|client:|dataStream:|priority:0, omNode-1|rpc:localhost:13768|admin:|client:|dataStream:|priority:0, omNode-2|rpc:localhost:13774|admin:|client:|dataStream:|priority:0], old=null
2021-12-18 14:21:03,272 [grpc-default-executor-3] INFO  segmented.SegmentedRaftLogWorker (SegmentedRaftLogWorker.java:rollLogSegment(399)) - omNode-3@group-523986131536-SegmentedRaftLogWorker: Rolling segment log-31_104 to index:104
2021-12-18 14:21:03,273 [grpc-default-executor-3] INFO  server.RaftServer$Division (ServerState.java:setRaftConf(387)) - omNode-3@group-523986131536: set configuration 105: [omNode-3|rpc:localhost:13780|admin:|client:|dataStream:|priority:0, omNode-1|rpc:localhost:13768|admin:|client:|dataStream:|priority:0, omNode-2|rpc:localhost:13774|admin:|client:|dataStream:|priority:0], old=null
2021-12-18 14:21:03,306 [omNode-1@group-523986131536-SegmentedRaftLogWorker] INFO  segmented.SegmentedRaftLogWorker (SegmentedRaftLogWorker.java:execute(601)) - omNode-1@group-523986131536-SegmentedRaftLogWorker: created new log segment /home/runner/work/ozone/ozone/hadoop-ozone/integration-test/target/test-dir/MiniOzoneClusterImpl-d253f833-dfd5-40cd-9bf3-3e4f3cbf3d44/omNode-1/ratis/c9bc4cf4-3bc3-3c60-a66b-523986131536/current/log_inprogress_105
2021-12-18 14:21:03,308 [omNode-3@group-523986131536-SegmentedRaftLogWorker] INFO  segmented.SegmentedRaftLogWorker (SegmentedRaftLogWorker.java:execute(558)) - omNode-3@group-523986131536-SegmentedRaftLogWorker: Rolled log segment from /home/runner/work/ozone/ozone/hadoop-ozone/integration-test/target/test-dir/MiniOzoneClusterImpl-d253f833-dfd5-40cd-9bf3-3e4f3cbf3d44/omNode-3/ratis/c9bc4cf4-3bc3-3c60-a66b-523986131536/current/log_inprogress_31 to /home/runner/work/ozone/ozone/hadoop-ozone/integration-test/target/test-dir/MiniOzoneClusterImpl-d253f833-dfd5-40cd-9bf3-3e4f3cbf3d44/omNode-3/ratis/c9bc4cf4-3bc3-3c60-a66b-523986131536/current/log_31-104
2021-12-18 14:21:03,315 [omNode-2@group-523986131536-StateMachineUpdater] INFO  ratis.OzoneManagerStateMachine (OzoneManagerStateMachine.java:notifyConfigurationChanged(188)) - Received Configuration change notification from Ratis. New Peer list:
[id: "omNode-3"
address: "localhost:13780"
, id: "omNode-1"
address: "localhost:13768"
, id: "omNode-2"
address: "localhost:13774"
]
2021-12-18 14:21:03,318 [omNode-3@group-523986131536-SegmentedRaftLogWorker] INFO  segmented.SegmentedRaftLogWorker (SegmentedRaftLogWorker.java:execute(601)) - omNode-3@group-523986131536-SegmentedRaftLogWorker: created new log segment /home/runner/work/ozone/ozone/hadoop-ozone/integration-test/target/test-dir/MiniOzoneClusterImpl-d253f833-dfd5-40cd-9bf3-3e4f3cbf3d44/omNode-3/ratis/c9bc4cf4-3bc3-3c60-a66b-523986131536/current/log_inprogress_105
2021-12-18 14:21:03,320 [omNode-1@group-523986131536-StateMachineUpdater] INFO  ratis.OzoneManagerStateMachine (OzoneManagerStateMachine.java:notifyConfigurationChanged(188)) - Received Configuration change notification from Ratis. New Peer list:
[id: "omNode-3"
address: "localhost:13780"
, id: "omNode-1"
address: "localhost:13768"
, id: "omNode-2"
address: "localhost:13774"
]
2021-12-18 14:21:03,323 [omNode-3@group-523986131536-StateMachineUpdater] INFO  ratis.OzoneManagerStateMachine (OzoneManagerStateMachine.java:notifyConfigurationChanged(188)) - Received Configuration change notification from Ratis. New Peer list:
[id: "omNode-3"
address: "localhost:13780"
, id: "omNode-1"
address: "localhost:13768"
, id: "omNode-2"
address: "localhost:13774"
]
2021-12-18 14:21:03,355 [Time-limited test] ERROR ha.OMFailoverProxyProvider (OMFailoverProxyProvider.java:getRetryAction(296)) - Failed to connect to OMs: [nodeId=omNode-3,nodeAddress=127.0.0.1:13776, nodeId=omNode-1,nodeAddress=127.0.0.1:13764, nodeId=omNode-2,nodeAddress=127.0.0.1:13770]. Attempted 5 failovers.
2021-12-18 14:21:03,356 [Time-limited test] INFO  om.OzoneManager (OzoneManager.java:stop(1893)) - omNode-3[localhost:13776]: Stopping Ozone Manager
2021-12-18 14:21:03,357 [Time-limited test] INFO  ipc.Server (Server.java:stop(3414)) - Stopping server on 13776
2021-12-18 14:21:03,359 [IPC Server listener on 13776] INFO  ipc.Server (Server.java:run(1376)) - Stopping IPC Server listener on 13776
2021-12-18 14:21:03,360 [IPC Server Responder] INFO  ipc.Server (Server.java:run(1512)) - Stopping IPC Server Responder
2021-12-18 14:21:03,361 [Time-limited test] INFO  server.RaftServer (RaftServerProxy.java:lambda$close$6(391)) - omNode-3: close
2021-12-18 14:21:03,362 [Time-limited test] INFO  server.RaftServer$Division (RaftServerImpl.java:lambda$close$4(412)) - omNode-3@group-523986131536: shutdown
2021-12-18 14:21:03,362 [Time-limited test] INFO  util.JmxRegister (JmxRegister.java:unregister(73)) - Successfully un-registered JMX Bean with object name Ratis:service=RaftServer,group=group-523986131536,id=omNode-3
2021-12-18 14:21:03,362 [Time-limited test] INFO  impl.RoleInfo (RoleInfo.java:shutdownFollowerState(108)) - omNode-3: shutdown omNode-3@group-523986131536-FollowerState
2021-12-18 14:21:03,362 [omNode-3@group-523986131536-FollowerState] INFO  impl.FollowerState (FollowerState.java:run(143)) - omNode-3@group-523986131536-FollowerState was interrupted: {}
java.lang.InterruptedException: sleep interrupted
	at java.lang.Thread.sleep(Native Method)
	at java.lang.Thread.sleep(Thread.java:340)
	at java.util.concurrent.TimeUnit.sleep(TimeUnit.java:386)
	at org.apache.ratis.util.TimeDuration.sleep(TimeDuration.java:324)
	at org.apache.ratis.util.TimeDuration.sleep(TimeDuration.java:309)
	at org.apache.ratis.server.impl.FollowerState.run(FollowerState.java:118)
2021-12-18 14:21:03,362 [omNode-3@group-523986131536-StateMachineUpdater] INFO  ratis.OzoneManagerStateMachine (OzoneManagerStateMachine.java:takeSnapshot(417)) - Current Snapshot Index (t:8, i:105)
2021-12-18 14:21:03,362 [omNode-3@group-523986131536-StateMachineUpdater] INFO  impl.StateMachineUpdater (StateMachineUpdater.java:takeSnapshot(281)) - omNode-3@group-523986131536-StateMachineUpdater: Took a snapshot at index 105
2021-12-18 14:21:03,362 [omNode-3@group-523986131536-StateMachineUpdater] INFO  impl.StateMachineUpdater (StateMachineUpdater.java:lambda$new$0(89)) - omNode-3@group-523986131536-StateMachineUpdater: snapshotIndex: updateIncreasingly 102 -> 105
2021-12-18 14:21:03,362 [omNode-3@group-523986131536-StateMachineUpdater] INFO  raftlog.RaftLog (RaftLogBase.java:purge(306)) - omNode-3@group-523986131536-SegmentedRaftLog: purge 105
2021-12-18 14:21:03,362 [omNode-3@group-523986131536-StateMachineUpdater] INFO  raftlog.RaftLog (RaftLogBase.java:lambda$new$0(53)) - omNode-3@group-523986131536-SegmentedRaftLog: snapshotIndex: updateIncreasingly 102 -> 105
2021-12-18 14:21:03,362 [omNode-3@group-523986131536-StateMachineUpdater] INFO  ratis.OzoneManagerStateMachine (OzoneManagerStateMachine.java:close(471)) - StateMachine has shutdown. Shutdown OzoneManager if not already shutdown.
2021-12-18 14:21:03,363 [omNode-3@group-523986131536-SegmentedRaftLogWorker] INFO  raftlog.RaftLog (RaftLogBase.java:lambda$new$0(53)) - omNode-3@group-523986131536-SegmentedRaftLog: purgeIndex: updateToMax old=30, new=104, updated? true
2021-12-18 14:21:03,363 [Time-limited test] INFO  impl.StateMachineUpdater (StateMachineUpdater.java:stopAndJoin(149)) - omNode-3@group-523986131536-StateMachineUpdater: set stopIndex = 105
2021-12-18 14:21:03,363 [Time-limited test] INFO  server.RaftServer$Division (ServerState.java:close(419)) - omNode-3@group-523986131536: closes. applyIndex: 105
2021-12-18 14:21:03,363 [omNode-3@group-523986131536-SegmentedRaftLogWorker] INFO  segmented.SegmentedRaftLogWorker (SegmentedRaftLogWorker.java:run(327)) - omNode-3@group-523986131536-SegmentedRaftLogWorker was interrupted, exiting. There are 0 tasks remaining in the queue.
2021-12-18 14:21:03,366 [Time-limited test] INFO  segmented.SegmentedRaftLogWorker (SegmentedRaftLogWorker.java:close(237)) - omNode-3@group-523986131536-SegmentedRaftLogWorker close()
2021-12-18 14:21:03,367 [Time-limited test] INFO  server.GrpcService (GrpcService.java:closeImpl(262)) - omNode-3: shutdown server with port 13780 now
2021-12-18 14:21:03,369 [grpc-default-executor-5] WARN  server.GrpcServerProtocolService (LogUtils.java:warn(122)) - omNode-3: installSnapshot onError, lastRequest: omNode-2->omNode-3#8-t8,previous=(t:8, i:105),leaderCommit=105,initializing? true,entries: size=1, first=(t:8, i:106), METADATAENTRY(c:105): org.apache.ratis.thirdparty.io.grpc.StatusRuntimeException: CANCELLED: client cancelled
2021-12-18 14:21:03,369 [grpc-default-executor-1] WARN  server.GrpcLogAppender (LogUtils.java:warn(122)) - omNode-2@group-523986131536->omNode-3-AppendLogResponseHandler: Failed appendEntries: org.apache.ratis.thirdparty.io.grpc.StatusRuntimeException: CANCELLED: HTTP/2 error code: CANCEL
Received Rst Stream
2021-12-18 14:21:03,369 [grpc-default-executor-1] INFO  leader.FollowerInfo (FollowerInfoImpl.java:lambda$new$0(47)) - omNode-2@group-523986131536->omNode-3: nextIndex: updateUnconditionally 107 -> 106
2021-12-18 14:21:03,372 [Time-limited test] INFO  server.GrpcService (GrpcService.java:closeImpl(271)) - omNode-3: shutdown server with port 13780 successfully
2021-12-18 14:21:03,372 [org.apache.ratis.util.JvmPauseMonitor$$Lambda$531/2137848242@71f017cc] INFO  util.JvmPauseMonitor (JvmPauseMonitor.java:run(109)) - JvmPauseMonitor-omNode-3: Stopped
2021-12-18 14:21:03,372 [Time-limited test] INFO  ratis.OzoneManagerDoubleBuffer (OzoneManagerDoubleBuffer.java:stop(437)) - Stopping OMDoubleBuffer flush thread
2021-12-18 14:21:03,373 [OMDoubleBufferFlushThread] INFO  ratis.OzoneManagerDoubleBuffer (OzoneManagerDoubleBuffer.java:flushTransactions(356)) - OMDoubleBuffer flush thread OMDoubleBufferFlushThread is interrupted and will exit. OMDoubleBufferFlushThread
2021-12-18 14:21:03,378 [grpc-default-executor-3] WARN  server.GrpcLogAppender (LogUtils.java:warn(122)) - omNode-2@group-523986131536->omNode-3-AppendLogResponseHandler: Failed appendEntries: org.apache.ratis.thirdparty.io.grpc.StatusRuntimeException: UNAVAILABLE: io exception
2021-12-18 14:21:03,379 [grpc-default-executor-3] INFO  leader.FollowerInfo (FollowerInfoImpl.java:lambda$new$0(47)) - omNode-2@group-523986131536->omNode-3: nextIndex: updateUnconditionally 107 -> 106
2021-12-18 14:21:03,380 [Time-limited test] INFO  handler.ContextHandler (ContextHandler.java:doStop(1153)) - Stopped o.e.j.w.WebAppContext@4a221f24{ozoneManager,/,null,STOPPED}{file:/home/runner/work/ozone/ozone/hadoop-ozone/integration-test/target/test-classes/webapps/ozoneManager}
2021-12-18 14:21:03,381 [Time-limited test] INFO  server.AbstractConnector (AbstractConnector.java:doStop(381)) - Stopped ServerConnector@1ed70b1a{HTTP/1.1, (http/1.1)}{0.0.0.0:13778}
2021-12-18 14:21:03,381 [Time-limited test] INFO  server.session (HouseKeeper.java:stopScavenging(149)) - node0 Stopped scavenging
2021-12-18 14:21:03,382 [Time-limited test] INFO  handler.ContextHandler (ContextHandler.java:doStop(1153)) - Stopped o.e.j.s.ServletContextHandler@21332b0a{static,/static,file:///home/runner/work/ozone/ozone/hadoop-ozone/integration-test/target/test-classes/webapps/static,STOPPED}
2021-12-18 14:21:03,386 [Time-limited test] INFO  handler.ContextHandler (ContextHandler.java:doStop(1153)) - Stopped o.e.j.s.ServletContextHandler@297262d0{logs,/logs,file:///home/runner/work/ozone/ozone/hadoop-ozone/integration-test/target/log,STOPPED}
2021-12-18 14:21:03,391 [Time-limited test] INFO  om.OzoneManager (OzoneManager.java:restart(1451)) - OzoneManager RPC server is listening at localhost/127.0.0.1:13776
2021-12-18 14:21:03,391 [Time-limited test] INFO  impl.MetricsSystemImpl (MetricsSystemImpl.java:init(158)) - OzoneManager metrics system started (again)
2021-12-18 14:21:03,405 [Time-limited test] WARN  server.ServerUtils (ServerUtils.java:getDBPath(225)) - ozone.om.db.dirs is not configured. We recommend adding this setting. Falling back to ozone.metadata.dirs instead.
2021-12-18 14:21:03,406 [Time-limited test] INFO  codec.OmKeyInfoCodec (OmKeyInfoCodec.java:<init>(50)) - OmKeyInfoCodec ignorePipeline = true
2021-12-18 14:21:03,407 [Time-limited test] INFO  codec.RepeatedOmKeyInfoCodec (RepeatedOmKeyInfoCodec.java:<init>(42)) - RepeatedOmKeyInfoCodec ignorePipeline = true
2021-12-18 14:21:03,439 [Time-limited test] WARN  impl.MetricRegistriesImpl (MetricRegistriesImpl.java:addReporterRegistration(111)) - New reporters are added after registries were created. Some metrics will be missing from the reporter. Please add reporter before adding any new registry.
2021-12-18 14:21:03,439 [Time-limited test] WARN  impl.MetricRegistriesImpl (MetricRegistriesImpl.java:addReporterRegistration(111)) - New reporters are added after registries were created. Some metrics will be missing from the reporter. Please add reporter before adding any new registry.
2021-12-18 14:21:03,439 [Time-limited test] WARN  server.ServerUtils (ServerUtils.java:getDefaultRatisDirectory(237)) - Storage directory for Ratis is not configured. It is a good idea to map this to an SSD disk. Falling back to ozone.metadata.dirs
2021-12-18 14:21:03,440 [Time-limited test] INFO  ratis.OzoneManagerRatisServer (OzoneManagerRatisServer.java:<init>(159)) - Instantiating OM Ratis server with groupID: om-service-test1 and peers: localhost:13780, localhost:13768, localhost:13774
2021-12-18 14:21:03,441 [Time-limited test] INFO  ratis.OzoneManagerStateMachine (OzoneManagerStateMachine.java:loadSnapshotInfoFromDB(605)) - LastAppliedIndex is set from TransactionInfo from OM DB as (t:8, i:105)
2021-12-18 14:21:03,441 [Time-limited test] INFO  server.RaftServer (ConfUtils.java:logGet(44)) - raft.rpc.type = GRPC (default)
2021-12-18 14:21:03,441 [Time-limited test] INFO  grpc.GrpcFactory (GrpcFactory.java:checkPooledByteBufAllocatorUseCacheForAllThreads(48)) - PERFORMANCE WARNING: useCacheForAllThreads is true that may cause Netty to create a lot garbage objects and, as a result, trigger GC.
	It is recommended to disable useCacheForAllThreads by setting -Dorg.apache.ratis.thirdparty.io.netty.allocator.useCacheForAllThreads=false in command line.
2021-12-18 14:21:03,442 [Time-limited test] INFO  grpc.GrpcConfigKeys (ConfUtils.java:logGet(44)) - raft.grpc.admin.port = -1 (default)
2021-12-18 14:21:03,442 [Time-limited test] INFO  grpc.GrpcConfigKeys (ConfUtils.java:logGet(44)) - raft.grpc.server.port = 13780 (custom)
2021-12-18 14:21:03,442 [Time-limited test] INFO  grpc.GrpcConfigKeys (ConfUtils.java:logGet(44)) - raft.grpc.client.port = -1 (default)
2021-12-18 14:21:03,442 [Time-limited test] INFO  grpc.GrpcConfigKeys (ConfUtils.java:logGet(44)) - raft.grpc.server.port = 13780 (custom)
2021-12-18 14:21:03,442 [Time-limited test] INFO  grpc.GrpcConfigKeys (ConfUtils.java:logGet(44)) - raft.grpc.server.port = 13780 (custom)
2021-12-18 14:21:03,442 [Time-limited test] INFO  server.GrpcService (ConfUtils.java:logGet(44)) - raft.grpc.message.size.max = 33554432 (custom)
2021-12-18 14:21:03,442 [Time-limited test] INFO  server.RaftServerConfigKeys (ConfUtils.java:logGet(44)) - raft.server.log.appender.buffer.byte-limit = 33554432 (custom)
2021-12-18 14:21:03,443 [Time-limited test] INFO  server.GrpcService (ConfUtils.java:logGet(44)) - raft.grpc.flow.control.window = 1MB (=1048576) (default)
2021-12-18 14:21:03,443 [Time-limited test] INFO  server.RaftServerConfigKeys (ConfUtils.java:logGet(44)) - raft.server.rpc.request.timeout = 3000ms (default)
2021-12-18 14:21:03,444 [Time-limited test] INFO  impl.DataStreamServerImpl (ConfUtils.java:logGet(44)) - raft.datastream.type = DISABLED (default)
2021-12-18 14:21:03,445 [Time-limited test] INFO  server.RaftServerConfigKeys (ConfUtils.java:logGet(44)) - raft.server.rpc.slowness.timeout = 2s (custom)
2021-12-18 14:21:03,445 [Time-limited test] INFO  server.RaftServerConfigKeys (ConfUtils.java:logGet(44)) - raft.server.leaderelection.leader.step-down.wait-time = 10s (default)
2021-12-18 14:21:03,445 [Time-limited test] INFO  server.RaftServerConfigKeys (ConfUtils.java:logGet(44)) - raft.server.storage.dir = [/home/runner/work/ozone/ozone/hadoop-ozone/integration-test/target/test-dir/MiniOzoneClusterImpl-d253f833-dfd5-40cd-9bf3-3e4f3cbf3d44/omNode-3/ratis] (custom)
2021-12-18 14:21:03,445 [Time-limited test] INFO  server.RaftServer (RaftServerProxy.java:lambda$null$1(235)) - omNode-3: found a subdirectory /home/runner/work/ozone/ozone/hadoop-ozone/integration-test/target/test-dir/MiniOzoneClusterImpl-d253f833-dfd5-40cd-9bf3-3e4f3cbf3d44/omNode-3/ratis/c9bc4cf4-3bc3-3c60-a66b-523986131536
2021-12-18 14:21:03,446 [Time-limited test] INFO  server.RaftServer (RaftServerProxy.java:addNew(95)) - omNode-3: addNew group-523986131536:[omNode-3|rpc:localhost:13780|priority:0, omNode-1|rpc:localhost:13768|priority:0, omNode-2|rpc:localhost:13774|priority:0] returns group-523986131536:java.util.concurrent.CompletableFuture@d39cda[Not completed]
2021-12-18 14:21:03,446 [Time-limited test] INFO  om.OzoneManager (OzoneManager.java:initializeRatisServer(1834)) - OzoneManager Ratis server initialized at port 13780
2021-12-18 14:21:03,446 [Time-limited test] INFO  ratis.OzoneManagerRatisServer (OzoneManagerRatisServer.java:start(554)) - Starting OzoneManagerRatisServer omNode-3 at port 13780
2021-12-18 14:21:03,446 [pool-331-thread-1] INFO  server.RaftServer$Division (RaftServerImpl.java:<init>(184)) - omNode-3: new RaftServerImpl for group-523986131536:[omNode-3|rpc:localhost:13780|priority:0, omNode-1|rpc:localhost:13768|priority:0, omNode-2|rpc:localhost:13774|priority:0] with OzoneManagerStateMachine:uninitialized
2021-12-18 14:21:03,447 [pool-331-thread-1] INFO  server.RaftServerConfigKeys (ConfUtils.java:logGet(44)) - raft.server.rpc.timeout.min = 1s (custom)
2021-12-18 14:21:03,447 [pool-331-thread-1] INFO  server.RaftServerConfigKeys (ConfUtils.java:logGet(44)) - raft.server.rpc.timeout.max = 1200ms (custom)
2021-12-18 14:21:03,447 [pool-331-thread-1] INFO  server.RaftServerConfigKeys (ConfUtils.java:logGet(44)) - raft.server.rpc.sleep.time = 25ms (default)
2021-12-18 14:21:03,447 [pool-331-thread-1] INFO  server.RaftServerConfigKeys (ConfUtils.java:logGet(44)) - raft.server.rpc.slowness.timeout = 2s (custom)
2021-12-18 14:21:03,447 [pool-331-thread-1] INFO  server.RaftServerConfigKeys (ConfUtils.java:logGet(44)) - raft.server.leaderelection.leader.step-down.wait-time = 10s (default)
2021-12-18 14:21:03,447 [pool-331-thread-1] INFO  server.RaftServerConfigKeys (ConfUtils.java:logGet(44)) - raft.server.sleep.deviation.threshold = 300ms (default)
2021-12-18 14:21:03,447 [pool-331-thread-1] INFO  server.RaftServerConfigKeys (ConfUtils.java:logGet(44)) - raft.server.log.appender.install.snapshot.enabled = false (custom)
2021-12-18 14:21:03,447 [pool-331-thread-1] INFO  server.RaftServer$Division (ServerState.java:<init>(105)) - omNode-3@group-523986131536: ConfigurationManager, init=-1: [omNode-3|rpc:localhost:13780|priority:0, omNode-1|rpc:localhost:13768|priority:0, omNode-2|rpc:localhost:13774|priority:0], old=null, confs=<EMPTY_MAP>
2021-12-18 14:21:03,447 [pool-331-thread-1] INFO  server.RaftServerConfigKeys (ConfUtils.java:logGet(44)) - raft.server.storage.dir = [/home/runner/work/ozone/ozone/hadoop-ozone/integration-test/target/test-dir/MiniOzoneClusterImpl-d253f833-dfd5-40cd-9bf3-3e4f3cbf3d44/omNode-3/ratis] (custom)
2021-12-18 14:21:03,447 [pool-331-thread-1] INFO  server.RaftServerConfigKeys (ConfUtils.java:logGet(44)) - raft.server.log.corruption.policy = EXCEPTION (default)
2021-12-18 14:21:03,447 [pool-331-thread-1] INFO  server.RaftServerConfigKeys (ConfUtils.java:logGet(44)) - raft.server.storage.free-space.min = 0MB (=0) (default)
2021-12-18 14:21:03,449 [pool-331-thread-1] INFO  storage.RaftStorageDirectory (RaftStorageDirectoryImpl.java:tryLock(230)) - Lock on /home/runner/work/ozone/ozone/hadoop-ozone/integration-test/target/test-dir/MiniOzoneClusterImpl-d253f833-dfd5-40cd-9bf3-3e4f3cbf3d44/omNode-3/ratis/c9bc4cf4-3bc3-3c60-a66b-523986131536/in_use.lock acquired by nodename 5068@fv-az184-786
2021-12-18 14:21:03,449 [pool-331-thread-1] INFO  storage.RaftStorage (RaftStorageImpl.java:analyzeAndRecoverStorage(110)) - Read RaftStorageMetadata{term=8, votedFor=omNode-2} from /home/runner/work/ozone/ozone/hadoop-ozone/integration-test/target/test-dir/MiniOzoneClusterImpl-d253f833-dfd5-40cd-9bf3-3e4f3cbf3d44/omNode-3/ratis/c9bc4cf4-3bc3-3c60-a66b-523986131536/current/raft-meta
2021-12-18 14:21:03,449 [pool-331-thread-1] INFO  server.RaftServer$Division (ServerState.java:setRaftConf(387)) - omNode-3@group-523986131536: set configuration 105: [omNode-3|rpc:localhost:13780|admin:|client:|dataStream:|priority:0, omNode-1|rpc:localhost:13768|admin:|client:|dataStream:|priority:0, omNode-2|rpc:localhost:13774|admin:|client:|dataStream:|priority:0], old=null
2021-12-18 14:21:03,449 [pool-331-thread-1] INFO  server.RaftServerConfigKeys (ConfUtils.java:logGet(44)) - raft.server.notification.no-leader.timeout = 2s (custom)
2021-12-18 14:21:03,449 [pool-331-thread-1] INFO  server.RaftServerConfigKeys (ConfUtils.java:logGet(44)) - raft.server.log.use.memory = false (default)
2021-12-18 14:21:03,449 [pool-331-thread-1] INFO  server.RaftServerConfigKeys (ConfUtils.java:logGet(44)) - raft.server.log.purge.gap = 50 (custom)
2021-12-18 14:21:03,449 [pool-331-thread-1] INFO  server.RaftServerConfigKeys (ConfUtils.java:logGet(44)) - raft.server.log.appender.buffer.byte-limit = 33554432 (custom)
2021-12-18 14:21:03,450 [pool-331-thread-1] INFO  server.RaftServerConfigKeys (ConfUtils.java:logGet(44)) - raft.server.log.segment.size.max = 4194304 (custom)
2021-12-18 14:21:03,450 [pool-331-thread-1] INFO  server.RaftServerConfigKeys (ConfUtils.java:logGet(44)) - raft.server.log.segment.cache.num.max = 2 (custom)
2021-12-18 14:21:03,450 [pool-331-thread-1] INFO  server.RaftServerConfigKeys (ConfUtils.java:logGet(44)) - raft.server.log.segment.cache.size.max = 200MB (=209715200) (default)
2021-12-18 14:21:03,450 [pool-331-thread-1] INFO  segmented.SegmentedRaftLogWorker (SegmentedRaftLogWorker.java:<init>(182)) - new omNode-3@group-523986131536-SegmentedRaftLogWorker for RaftStorageImpl:Storage Directory /home/runner/work/ozone/ozone/hadoop-ozone/integration-test/target/test-dir/MiniOzoneClusterImpl-d253f833-dfd5-40cd-9bf3-3e4f3cbf3d44/omNode-3/ratis/c9bc4cf4-3bc3-3c60-a66b-523986131536
2021-12-18 14:21:03,450 [pool-331-thread-1] INFO  server.RaftServerConfigKeys (ConfUtils.java:logGet(44)) - raft.server.log.queue.byte-limit = 64MB (=67108864) (default)
2021-12-18 14:21:03,450 [pool-331-thread-1] INFO  server.RaftServerConfigKeys (ConfUtils.java:logGet(44)) - raft.server.log.queue.element-limit = 4096 (default)
2021-12-18 14:21:03,450 [pool-331-thread-1] INFO  server.RaftServerConfigKeys (ConfUtils.java:logGet(44)) - raft.server.log.segment.size.max = 4194304 (custom)
2021-12-18 14:21:03,450 [pool-331-thread-1] INFO  server.RaftServerConfigKeys (ConfUtils.java:logGet(44)) - raft.server.log.preallocated.size = 4194304 (custom)
2021-12-18 14:21:03,450 [pool-331-thread-1] INFO  server.RaftServerConfigKeys (ConfUtils.java:logGet(44)) - raft.server.log.force.sync.num = 128 (default)
2021-12-18 14:21:03,450 [pool-331-thread-1] INFO  server.RaftServerConfigKeys (ConfUtils.java:logGet(44)) - raft.server.log.statemachine.data.sync = true (default)
2021-12-18 14:21:03,450 [pool-331-thread-1] INFO  server.RaftServerConfigKeys (ConfUtils.java:logGet(44)) - raft.server.log.statemachine.data.sync.timeout = 10s (default)
2021-12-18 14:21:03,450 [pool-331-thread-1] INFO  server.RaftServerConfigKeys (ConfUtils.java:logGet(44)) - raft.server.log.statemachine.data.sync.timeout.retry = -1 (default)
2021-12-18 14:21:03,451 [pool-331-thread-1] INFO  server.RaftServerConfigKeys (ConfUtils.java:logGet(44)) - raft.server.log.write.buffer.size = 64KB (=65536) (default)
2021-12-18 14:21:03,451 [pool-331-thread-1] INFO  server.RaftServerConfigKeys (ConfUtils.java:logGet(44)) - raft.server.log.statemachine.data.caching.enabled = false (default)
2021-12-18 14:21:03,452 [pool-331-thread-1] INFO  server.RaftServer$Division (ServerState.java:setRaftConf(387)) - omNode-3@group-523986131536: set configuration 105: [omNode-3|rpc:localhost:13780|admin:|client:|dataStream:|priority:0, omNode-1|rpc:localhost:13768|admin:|client:|dataStream:|priority:0, omNode-2|rpc:localhost:13774|admin:|client:|dataStream:|priority:0], old=null
2021-12-18 14:21:03,452 [pool-331-thread-1] INFO  segmented.LogSegment (LogSegment.java:loadSegment(173)) - Successfully read 2 entries from segment file /home/runner/work/ozone/ozone/hadoop-ozone/integration-test/target/test-dir/MiniOzoneClusterImpl-d253f833-dfd5-40cd-9bf3-3e4f3cbf3d44/omNode-3/ratis/c9bc4cf4-3bc3-3c60-a66b-523986131536/current/log_inprogress_105
2021-12-18 14:21:03,452 [pool-331-thread-1] INFO  segmented.SegmentedRaftLogWorker (SegmentedRaftLogWorker.java:lambda$new$0(133)) - omNode-3@group-523986131536-SegmentedRaftLogWorker: flushIndex: setUnconditionally 0 -> 106
2021-12-18 14:21:03,452 [pool-331-thread-1] INFO  segmented.SegmentedRaftLogWorker (SegmentedRaftLogWorker.java:lambda$new$0(133)) - omNode-3@group-523986131536-SegmentedRaftLogWorker: safeCacheEvictIndex: setUnconditionally 0 -> -1
2021-12-18 14:21:03,452 [pool-331-thread-1] INFO  raftlog.RaftLog (RaftLogBase.java:lambda$new$0(53)) - omNode-3@group-523986131536-SegmentedRaftLog: commitIndex: updateToMax old=105, new=105, updated? false
2021-12-18 14:21:03,452 [pool-331-thread-1] INFO  raftlog.RaftLog (RaftLogBase.java:lambda$new$0(53)) - omNode-3@group-523986131536-SegmentedRaftLog: purgeIndex: updateIncreasingly -1 -> 104
2021-12-18 14:21:03,453 [pool-331-thread-1] INFO  server.RaftServerConfigKeys (ConfUtils.java:logGet(44)) - raft.server.snapshot.auto.trigger.enabled = true (custom)
2021-12-18 14:21:03,453 [pool-331-thread-1] INFO  server.RaftServerConfigKeys (ConfUtils.java:logGet(44)) - raft.server.snapshot.auto.trigger.threshold = 50 (custom)
2021-12-18 14:21:03,453 [pool-331-thread-1] INFO  server.RaftServerConfigKeys (ConfUtils.java:logGet(44)) - raft.server.snapshot.retention.file.num = -1 (default)
2021-12-18 14:21:03,453 [pool-331-thread-1] INFO  server.RaftServerConfigKeys (ConfUtils.java:logGet(44)) - raft.server.log.purge.upto.snapshot.index = true (custom)
2021-12-18 14:21:03,453 [pool-331-thread-1] INFO  server.RaftServerConfigKeys (ConfUtils.java:logGet(44)) - raft.server.retrycache.expirytime = 30000ms (custom)
2021-12-18 14:21:03,453 [pool-331-thread-1] INFO  server.RaftServerConfigKeys (ConfUtils.java:logGet(44)) - raft.server.retrycache.statistics.expirytime = 100μs (default)
2021-12-18 14:21:03,454 [Time-limited test] INFO  server.RaftServer$Division (RaftServerImpl.java:start(301)) - omNode-3@group-523986131536: start as a follower, conf=105: [omNode-3|rpc:localhost:13780|admin:|client:|dataStream:|priority:0, omNode-1|rpc:localhost:13768|admin:|client:|dataStream:|priority:0, omNode-2|rpc:localhost:13774|admin:|client:|dataStream:|priority:0], old=null
2021-12-18 14:21:03,454 [Time-limited test] INFO  server.RaftServer$Division (RaftServerImpl.java:setRole(290)) - omNode-3@group-523986131536: changes role from      null to FOLLOWER at term 8 for startAsFollower
2021-12-18 14:21:03,454 [Time-limited test] INFO  impl.RoleInfo (RoleInfo.java:updateAndGet(130)) - omNode-3: start omNode-3@group-523986131536-FollowerState
2021-12-18 14:21:03,454 [Time-limited test] INFO  util.JmxRegister (JmxRegister.java:tryRegister(44)) - Successfully registered JMX Bean with object name Ratis:service=RaftServer,group=group-523986131536,id=omNode-3
2021-12-18 14:21:03,456 [Time-limited test] INFO  server.RaftServer (RaftServerProxy.java:lambda$start$5(374)) - omNode-3: start RPC server
2021-12-18 14:21:03,456 [Time-limited test] INFO  server.GrpcService (GrpcService.java:startImpl(253)) - omNode-3: GrpcService started, listening on 13780
2021-12-18 14:21:03,459 [Time-limited test] INFO  ipc.CallQueueManager (CallQueueManager.java:<init>(90)) - Using callQueue: class java.util.concurrent.LinkedBlockingQueue, queueCapacity: 2000, scheduler: class org.apache.hadoop.ipc.DefaultRpcScheduler, ipcBackoff: false.
2021-12-18 14:21:03,459 [org.apache.ratis.util.JvmPauseMonitor$$Lambda$531/2137848242@761b4ae0] INFO  util.JvmPauseMonitor (JvmPauseMonitor.java:run(103)) - JvmPauseMonitor-omNode-3: Started
2021-12-18 14:21:03,460 [Socket Reader #1 for port 13776] INFO  ipc.Server (Server.java:run(1265)) - Starting Socket Reader #1 for port 13776
2021-12-18 14:21:03,465 [Listener at localhost/13776] INFO  http.BaseHttpServer (BaseHttpServer.java:newHttpServer2BuilderForOzone(209)) - Starting Web-server for ozoneManager at: http://0.0.0.0:13778
2021-12-18 14:21:03,465 [Listener at localhost/13776] INFO  http.BaseHttpServer (BaseHttpServer.java:<init>(107)) - Hadoop Security Enabled: false Ozone Security Enabled: false Ozone HTTP Security Enabled: false 
2021-12-18 14:21:03,466 [Listener at localhost/13776] INFO  server.AuthenticationFilter (AuthenticationFilter.java:constructSecretProvider(240)) - Unable to initialize FileSignerSecretProvider, falling back to use random secrets.
2021-12-18 14:21:03,467 [Listener at localhost/13776] WARN  http.HttpRequestLog (HttpRequestLog.java:getRequestLog(103)) - Jetty request log can only be enabled using Log4j
2021-12-18 14:21:03,468 [Listener at localhost/13776] INFO  http.HttpServer2 (HttpServer2.java:addGlobalFilter(1030)) - Added global filter 'safety' (class=org.apache.hadoop.hdds.server.http.HttpServer2$QuotingInputFilter)
2021-12-18 14:21:03,468 [Listener at localhost/13776] INFO  http.HttpServer2 (HttpServer2.java:addFilter(1006)) - Added filter static_user_filter (class=org.apache.hadoop.http.lib.StaticUserWebFilter$StaticUserFilter) to context ozoneManager
2021-12-18 14:21:03,468 [Listener at localhost/13776] INFO  http.HttpServer2 (HttpServer2.java:addFilter(1014)) - Added filter static_user_filter (class=org.apache.hadoop.http.lib.StaticUserWebFilter$StaticUserFilter) to context static
2021-12-18 14:21:03,468 [Listener at localhost/13776] INFO  http.HttpServer2 (HttpServer2.java:addFilter(1014)) - Added filter static_user_filter (class=org.apache.hadoop.http.lib.StaticUserWebFilter$StaticUserFilter) to context logs
2021-12-18 14:21:03,469 [Listener at localhost/13776] INFO  http.HttpServer2 (HttpServer2.java:bindListener(1249)) - Jetty bound to port 13778
2021-12-18 14:21:03,469 [Listener at localhost/13776] INFO  server.Server (Server.java:doStart(375)) - jetty-9.4.43.v20210629; built: 2021-06-30T11:07:22.254Z; git: 526006ecfa3af7f1a27ef3a288e2bef7ea9dd7e8; jvm 1.8.0_292-b10
2021-12-18 14:21:03,470 [Listener at localhost/13776] INFO  server.session (DefaultSessionIdManager.java:doStart(334)) - DefaultSessionIdManager workerName=node0
2021-12-18 14:21:03,470 [Listener at localhost/13776] INFO  server.session (DefaultSessionIdManager.java:doStart(339)) - No SessionScavenger set, using defaults
2021-12-18 14:21:03,470 [Listener at localhost/13776] INFO  server.session (HouseKeeper.java:startScavenging(132)) - node0 Scavenging every 660000ms
2021-12-18 14:21:03,471 [Listener at localhost/13776] INFO  handler.ContextHandler (ContextHandler.java:doStart(915)) - Started o.e.j.s.ServletContextHandler@6ebabac3{logs,/logs,file:///home/runner/work/ozone/ozone/hadoop-ozone/integration-test/target/log,AVAILABLE}
2021-12-18 14:21:03,471 [Listener at localhost/13776] INFO  handler.ContextHandler (ContextHandler.java:doStart(915)) - Started o.e.j.s.ServletContextHandler@42ce7016{static,/static,file:///home/runner/work/ozone/ozone/hadoop-ozone/integration-test/target/test-classes/webapps/static,AVAILABLE}
2021-12-18 14:21:03,474 [Listener at localhost/13776] INFO  handler.ContextHandler (ContextHandler.java:doStart(915)) - Started o.e.j.w.WebAppContext@69bfcc0b{ozoneManager,/,file:///home/runner/work/ozone/ozone/hadoop-ozone/integration-test/target/test-classes/webapps/ozoneManager/,AVAILABLE}{file:/home/runner/work/ozone/ozone/hadoop-ozone/integration-test/target/test-classes/webapps/ozoneManager}
2021-12-18 14:21:03,480 [Listener at localhost/13776] INFO  server.AbstractConnector (AbstractConnector.java:doStart(331)) - Started ServerConnector@63825b7a{HTTP/1.1, (http/1.1)}{0.0.0.0:13778}
2021-12-18 14:21:03,480 [Listener at localhost/13776] INFO  server.Server (Server.java:doStart(415)) - Started @44498ms
2021-12-18 14:21:03,480 [Listener at localhost/13776] WARN  impl.MetricsSystemImpl (MetricsSystemImpl.java:register(279)) - Sink prometheus already exists!
2021-12-18 14:21:03,481 [Listener at localhost/13776] INFO  http.BaseHttpServer (BaseHttpServer.java:updateConnectorAddress(329)) - HTTP server of ozoneManager listening at http://0.0.0.0:13778
2021-12-18 14:21:03,483 [IPC Server Responder] INFO  ipc.Server (Server.java:run(1507)) - IPC Server Responder: starting
2021-12-18 14:21:03,484 [IPC Server listener on 13776] INFO  ipc.Server (Server.java:run(1344)) - IPC Server listener on 13776: starting
2021-12-18 14:21:03,496 [Listener at localhost/13776] INFO  om.OzoneManager (OzoneManager.java:startTrashEmptier(1792)) - Trash Interval set to 0. Files deleted will not move to trash
2021-12-18 14:21:03,496 [Listener at localhost/13776] INFO  om.OzoneManager (OzoneManager.java:stop(1893)) - omNode-1[localhost:13764]: Stopping Ozone Manager
2021-12-18 14:21:03,500 [Listener at localhost/13776] INFO  ipc.Server (Server.java:stop(3414)) - Stopping server on 13764
2021-12-18 14:21:03,502 [IPC Server listener on 13764] INFO  ipc.Server (Server.java:run(1376)) - Stopping IPC Server listener on 13764
2021-12-18 14:21:03,502 [IPC Server Responder] INFO  ipc.Server (Server.java:run(1512)) - Stopping IPC Server Responder
2021-12-18 14:21:03,504 [Listener at localhost/13776] INFO  server.RaftServer (RaftServerProxy.java:lambda$close$6(391)) - omNode-1: close
2021-12-18 14:21:03,504 [org.apache.hadoop.util.JvmPauseMonitor$Monitor@3da42ae8] INFO  util.JvmPauseMonitor (JvmPauseMonitor.java:run(188)) - Starting JVM pause monitor
2021-12-18 14:21:03,504 [Listener at localhost/13776] INFO  server.RaftServer$Division (RaftServerImpl.java:lambda$close$4(412)) - omNode-1@group-523986131536: shutdown
2021-12-18 14:21:03,504 [Listener at localhost/13776] INFO  util.JmxRegister (JmxRegister.java:unregister(73)) - Successfully un-registered JMX Bean with object name Ratis:service=RaftServer,group=group-523986131536,id=omNode-1
2021-12-18 14:21:03,504 [Listener at localhost/13776] INFO  impl.RoleInfo (RoleInfo.java:shutdownFollowerState(108)) - omNode-1: shutdown omNode-1@group-523986131536-FollowerState
2021-12-18 14:21:03,504 [Listener at localhost/13776] INFO  impl.StateMachineUpdater (StateMachineUpdater.java:stopAndJoin(149)) - omNode-1@group-523986131536-StateMachineUpdater: set stopIndex = 105
2021-12-18 14:21:03,505 [omNode-1@group-523986131536-FollowerState] INFO  impl.FollowerState (FollowerState.java:run(143)) - omNode-1@group-523986131536-FollowerState was interrupted: {}
java.lang.InterruptedException: sleep interrupted
	at java.lang.Thread.sleep(Native Method)
	at java.lang.Thread.sleep(Thread.java:340)
	at java.util.concurrent.TimeUnit.sleep(TimeUnit.java:386)
	at org.apache.ratis.util.TimeDuration.sleep(TimeDuration.java:324)
	at org.apache.ratis.util.TimeDuration.sleep(TimeDuration.java:309)
	at org.apache.ratis.server.impl.FollowerState.run(FollowerState.java:118)
2021-12-18 14:21:03,505 [omNode-1@group-523986131536-StateMachineUpdater] INFO  ratis.OzoneManagerStateMachine (OzoneManagerStateMachine.java:takeSnapshot(417)) - Current Snapshot Index (t:8, i:105)
2021-12-18 14:21:03,505 [omNode-1@group-523986131536-StateMachineUpdater] INFO  impl.StateMachineUpdater (StateMachineUpdater.java:takeSnapshot(281)) - omNode-1@group-523986131536-StateMachineUpdater: Took a snapshot at index 105
2021-12-18 14:21:03,505 [omNode-1@group-523986131536-StateMachineUpdater] INFO  impl.StateMachineUpdater (StateMachineUpdater.java:lambda$new$0(89)) - omNode-1@group-523986131536-StateMachineUpdater: snapshotIndex: updateIncreasingly 103 -> 105
2021-12-18 14:21:03,505 [omNode-1@group-523986131536-StateMachineUpdater] INFO  raftlog.RaftLog (RaftLogBase.java:purge(306)) - omNode-1@group-523986131536-SegmentedRaftLog: purge 105
2021-12-18 14:21:03,505 [omNode-1@group-523986131536-StateMachineUpdater] INFO  raftlog.RaftLog (RaftLogBase.java:lambda$new$0(53)) - omNode-1@group-523986131536-SegmentedRaftLog: snapshotIndex: updateIncreasingly 103 -> 105
2021-12-18 14:21:03,505 [omNode-1@group-523986131536-StateMachineUpdater] INFO  ratis.OzoneManagerStateMachine (OzoneManagerStateMachine.java:close(471)) - StateMachine has shutdown. Shutdown OzoneManager if not already shutdown.
2021-12-18 14:21:03,506 [omNode-1@group-523986131536-SegmentedRaftLogWorker] INFO  raftlog.RaftLog (RaftLogBase.java:lambda$new$0(53)) - omNode-1@group-523986131536-SegmentedRaftLog: purgeIndex: updateToMax old=30, new=104, updated? true
2021-12-18 14:21:03,506 [Listener at localhost/13776] INFO  server.RaftServer$Division (ServerState.java:close(419)) - omNode-1@group-523986131536: closes. applyIndex: 105
2021-12-18 14:21:03,506 [omNode-1@group-523986131536-SegmentedRaftLogWorker] INFO  segmented.SegmentedRaftLogWorker (SegmentedRaftLogWorker.java:run(327)) - omNode-1@group-523986131536-SegmentedRaftLogWorker was interrupted, exiting. There are 0 tasks remaining in the queue.
2021-12-18 14:21:03,507 [Listener at localhost/13776] INFO  segmented.SegmentedRaftLogWorker (SegmentedRaftLogWorker.java:close(237)) - omNode-1@group-523986131536-SegmentedRaftLogWorker close()
2021-12-18 14:21:03,508 [Listener at localhost/13776] INFO  server.GrpcService (GrpcService.java:closeImpl(262)) - omNode-1: shutdown server with port 13768 now
2021-12-18 14:21:03,509 [grpc-default-executor-1] WARN  server.GrpcServerProtocolService (LogUtils.java:warn(122)) - omNode-1: installSnapshot onError, lastRequest: omNode-2->omNode-1#2-t8,previous=(t:8, i:105),leaderCommit=105,initializing? true,entries: size=1, first=(t:8, i:106), METADATAENTRY(c:105): org.apache.ratis.thirdparty.io.grpc.StatusRuntimeException: CANCELLED: client cancelled
2021-12-18 14:21:03,509 [Listener at localhost/13776] INFO  server.GrpcService (GrpcService.java:closeImpl(271)) - omNode-1: shutdown server with port 13768 successfully
2021-12-18 14:21:03,509 [org.apache.ratis.util.JvmPauseMonitor$$Lambda$531/2137848242@8d46bc3] INFO  util.JvmPauseMonitor (JvmPauseMonitor.java:run(109)) - JvmPauseMonitor-omNode-1: Stopped
2021-12-18 14:21:03,509 [grpc-default-executor-1] WARN  server.GrpcLogAppender (LogUtils.java:warn(122)) - omNode-2@group-523986131536->omNode-1-AppendLogResponseHandler: Failed appendEntries: org.apache.ratis.thirdparty.io.grpc.StatusRuntimeException: CANCELLED: HTTP/2 error code: CANCEL
Received Rst Stream
2021-12-18 14:21:03,509 [grpc-default-executor-1] INFO  leader.FollowerInfo (FollowerInfoImpl.java:lambda$new$0(47)) - omNode-2@group-523986131536->omNode-1: nextIndex: updateUnconditionally 107 -> 106
2021-12-18 14:21:03,509 [Listener at localhost/13776] INFO  ratis.OzoneManagerDoubleBuffer (OzoneManagerDoubleBuffer.java:stop(437)) - Stopping OMDoubleBuffer flush thread
2021-12-18 14:21:03,509 [OMDoubleBufferFlushThread] INFO  ratis.OzoneManagerDoubleBuffer (OzoneManagerDoubleBuffer.java:flushTransactions(356)) - OMDoubleBuffer flush thread OMDoubleBufferFlushThread is interrupted and will exit. OMDoubleBufferFlushThread
2021-12-18 14:21:03,511 [Listener at localhost/13776] INFO  handler.ContextHandler (ContextHandler.java:doStop(1153)) - Stopped o.e.j.w.WebAppContext@16d9c541{ozoneManager,/,null,STOPPED}{file:/home/runner/work/ozone/ozone/hadoop-ozone/integration-test/target/test-classes/webapps/ozoneManager}
2021-12-18 14:21:03,512 [Listener at localhost/13776] INFO  server.AbstractConnector (AbstractConnector.java:doStop(381)) - Stopped ServerConnector@47313d59{HTTP/1.1, (http/1.1)}{0.0.0.0:13766}
2021-12-18 14:21:03,512 [Listener at localhost/13776] INFO  server.session (HouseKeeper.java:stopScavenging(149)) - node0 Stopped scavenging
2021-12-18 14:21:03,513 [Listener at localhost/13776] INFO  handler.ContextHandler (ContextHandler.java:doStop(1153)) - Stopped o.e.j.s.ServletContextHandler@4985b9be{static,/static,file:///home/runner/work/ozone/ozone/hadoop-ozone/integration-test/target/test-classes/webapps/static,STOPPED}
2021-12-18 14:21:03,514 [Listener at localhost/13776] INFO  handler.ContextHandler (ContextHandler.java:doStop(1153)) - Stopped o.e.j.s.ServletContextHandler@6d7e5aaf{logs,/logs,file:///home/runner/work/ozone/ozone/hadoop-ozone/integration-test/target/log,STOPPED}
2021-12-18 14:21:03,515 [grpc-default-executor-3] WARN  server.GrpcLogAppender (LogUtils.java:warn(122)) - omNode-2@group-523986131536->omNode-1-AppendLogResponseHandler: Failed appendEntries: org.apache.ratis.thirdparty.io.grpc.StatusRuntimeException: UNAVAILABLE: io exception
2021-12-18 14:21:03,515 [grpc-default-executor-3] INFO  leader.FollowerInfo (FollowerInfoImpl.java:lambda$new$0(47)) - omNode-2@group-523986131536->omNode-1: nextIndex: updateUnconditionally 107 -> 106
2021-12-18 14:21:03,519 [Listener at localhost/13776] INFO  om.OzoneManager (OzoneManager.java:restart(1451)) - OzoneManager RPC server is listening at localhost/127.0.0.1:13764
2021-12-18 14:21:03,519 [Listener at localhost/13776] INFO  impl.MetricsSystemImpl (MetricsSystemImpl.java:init(158)) - OzoneManager metrics system started (again)
2021-12-18 14:21:03,532 [Listener at localhost/13776] WARN  server.ServerUtils (ServerUtils.java:getDBPath(225)) - ozone.om.db.dirs is not configured. We recommend adding this setting. Falling back to ozone.metadata.dirs instead.
2021-12-18 14:21:03,533 [Listener at localhost/13776] INFO  codec.OmKeyInfoCodec (OmKeyInfoCodec.java:<init>(50)) - OmKeyInfoCodec ignorePipeline = true
2021-12-18 14:21:03,533 [Listener at localhost/13776] INFO  codec.RepeatedOmKeyInfoCodec (RepeatedOmKeyInfoCodec.java:<init>(42)) - RepeatedOmKeyInfoCodec ignorePipeline = true
2021-12-18 14:21:03,563 [Listener at localhost/13776] WARN  impl.MetricRegistriesImpl (MetricRegistriesImpl.java:addReporterRegistration(111)) - New reporters are added after registries were created. Some metrics will be missing from the reporter. Please add reporter before adding any new registry.
2021-12-18 14:21:03,563 [Listener at localhost/13776] WARN  impl.MetricRegistriesImpl (MetricRegistriesImpl.java:addReporterRegistration(111)) - New reporters are added after registries were created. Some metrics will be missing from the reporter. Please add reporter before adding any new registry.
2021-12-18 14:21:03,563 [Listener at localhost/13776] WARN  server.ServerUtils (ServerUtils.java:getDefaultRatisDirectory(237)) - Storage directory for Ratis is not configured. It is a good idea to map this to an SSD disk. Falling back to ozone.metadata.dirs
2021-12-18 14:21:03,564 [Listener at localhost/13776] INFO  ratis.OzoneManagerRatisServer (OzoneManagerRatisServer.java:<init>(159)) - Instantiating OM Ratis server with groupID: om-service-test1 and peers: localhost:13768, localhost:13780, localhost:13774
2021-12-18 14:21:03,565 [Listener at localhost/13776] INFO  ratis.OzoneManagerStateMachine (OzoneManagerStateMachine.java:loadSnapshotInfoFromDB(605)) - LastAppliedIndex is set from TransactionInfo from OM DB as (t:8, i:105)
2021-12-18 14:21:03,565 [Listener at localhost/13776] INFO  server.RaftServer (ConfUtils.java:logGet(44)) - raft.rpc.type = GRPC (default)
2021-12-18 14:21:03,565 [Listener at localhost/13776] INFO  grpc.GrpcFactory (GrpcFactory.java:checkPooledByteBufAllocatorUseCacheForAllThreads(48)) - PERFORMANCE WARNING: useCacheForAllThreads is true that may cause Netty to create a lot garbage objects and, as a result, trigger GC.
	It is recommended to disable useCacheForAllThreads by setting -Dorg.apache.ratis.thirdparty.io.netty.allocator.useCacheForAllThreads=false in command line.
2021-12-18 14:21:03,565 [Listener at localhost/13776] INFO  grpc.GrpcConfigKeys (ConfUtils.java:logGet(44)) - raft.grpc.admin.port = -1 (default)
2021-12-18 14:21:03,565 [Listener at localhost/13776] INFO  grpc.GrpcConfigKeys (ConfUtils.java:logGet(44)) - raft.grpc.server.port = 13768 (custom)
2021-12-18 14:21:03,565 [Listener at localhost/13776] INFO  grpc.GrpcConfigKeys (ConfUtils.java:logGet(44)) - raft.grpc.client.port = -1 (default)
2021-12-18 14:21:03,565 [Listener at localhost/13776] INFO  grpc.GrpcConfigKeys (ConfUtils.java:logGet(44)) - raft.grpc.server.port = 13768 (custom)
2021-12-18 14:21:03,565 [Listener at localhost/13776] INFO  grpc.GrpcConfigKeys (ConfUtils.java:logGet(44)) - raft.grpc.server.port = 13768 (custom)
2021-12-18 14:21:03,565 [Listener at localhost/13776] INFO  server.GrpcService (ConfUtils.java:logGet(44)) - raft.grpc.message.size.max = 33554432 (custom)
2021-12-18 14:21:03,565 [Listener at localhost/13776] INFO  server.RaftServerConfigKeys (ConfUtils.java:logGet(44)) - raft.server.log.appender.buffer.byte-limit = 33554432 (custom)
2021-12-18 14:21:03,565 [Listener at localhost/13776] INFO  server.GrpcService (ConfUtils.java:logGet(44)) - raft.grpc.flow.control.window = 1MB (=1048576) (default)
2021-12-18 14:21:03,566 [Listener at localhost/13776] INFO  server.RaftServerConfigKeys (ConfUtils.java:logGet(44)) - raft.server.rpc.request.timeout = 3000ms (default)
2021-12-18 14:21:03,567 [Listener at localhost/13776] INFO  impl.DataStreamServerImpl (ConfUtils.java:logGet(44)) - raft.datastream.type = DISABLED (default)
2021-12-18 14:21:03,567 [Listener at localhost/13776] INFO  server.RaftServerConfigKeys (ConfUtils.java:logGet(44)) - raft.server.rpc.slowness.timeout = 2s (custom)
2021-12-18 14:21:03,567 [Listener at localhost/13776] INFO  server.RaftServerConfigKeys (ConfUtils.java:logGet(44)) - raft.server.leaderelection.leader.step-down.wait-time = 10s (default)
2021-12-18 14:21:03,567 [Listener at localhost/13776] INFO  server.RaftServerConfigKeys (ConfUtils.java:logGet(44)) - raft.server.storage.dir = [/home/runner/work/ozone/ozone/hadoop-ozone/integration-test/target/test-dir/MiniOzoneClusterImpl-d253f833-dfd5-40cd-9bf3-3e4f3cbf3d44/omNode-1/ratis] (custom)
2021-12-18 14:21:03,567 [Listener at localhost/13776] INFO  server.RaftServer (RaftServerProxy.java:lambda$null$1(235)) - omNode-1: found a subdirectory /home/runner/work/ozone/ozone/hadoop-ozone/integration-test/target/test-dir/MiniOzoneClusterImpl-d253f833-dfd5-40cd-9bf3-3e4f3cbf3d44/omNode-1/ratis/c9bc4cf4-3bc3-3c60-a66b-523986131536
2021-12-18 14:21:03,567 [Listener at localhost/13776] INFO  server.RaftServer (RaftServerProxy.java:addNew(95)) - omNode-1: addNew group-523986131536:[omNode-3|rpc:localhost:13780|priority:0, omNode-1|rpc:localhost:13768|priority:0, omNode-2|rpc:localhost:13774|priority:0] returns group-523986131536:java.util.concurrent.CompletableFuture@612a34d6[Not completed]
2021-12-18 14:21:03,567 [Listener at localhost/13776] INFO  om.OzoneManager (OzoneManager.java:initializeRatisServer(1834)) - OzoneManager Ratis server initialized at port 13768
2021-12-18 14:21:03,567 [Listener at localhost/13776] INFO  ratis.OzoneManagerRatisServer (OzoneManagerRatisServer.java:start(554)) - Starting OzoneManagerRatisServer omNode-1 at port 13768
2021-12-18 14:21:03,568 [pool-351-thread-1] INFO  server.RaftServer$Division (RaftServerImpl.java:<init>(184)) - omNode-1: new RaftServerImpl for group-523986131536:[omNode-3|rpc:localhost:13780|priority:0, omNode-1|rpc:localhost:13768|priority:0, omNode-2|rpc:localhost:13774|priority:0] with OzoneManagerStateMachine:uninitialized
2021-12-18 14:21:03,569 [pool-351-thread-1] INFO  server.RaftServerConfigKeys (ConfUtils.java:logGet(44)) - raft.server.rpc.timeout.min = 1s (custom)
2021-12-18 14:21:03,569 [pool-351-thread-1] INFO  server.RaftServerConfigKeys (ConfUtils.java:logGet(44)) - raft.server.rpc.timeout.max = 1200ms (custom)
2021-12-18 14:21:03,569 [pool-351-thread-1] INFO  server.RaftServerConfigKeys (ConfUtils.java:logGet(44)) - raft.server.rpc.sleep.time = 25ms (default)
2021-12-18 14:21:03,569 [pool-351-thread-1] INFO  server.RaftServerConfigKeys (ConfUtils.java:logGet(44)) - raft.server.rpc.slowness.timeout = 2s (custom)
2021-12-18 14:21:03,569 [pool-351-thread-1] INFO  server.RaftServerConfigKeys (ConfUtils.java:logGet(44)) - raft.server.leaderelection.leader.step-down.wait-time = 10s (default)
2021-12-18 14:21:03,569 [pool-351-thread-1] INFO  server.RaftServerConfigKeys (ConfUtils.java:logGet(44)) - raft.server.sleep.deviation.threshold = 300ms (default)
2021-12-18 14:21:03,569 [pool-351-thread-1] INFO  server.RaftServerConfigKeys (ConfUtils.java:logGet(44)) - raft.server.log.appender.install.snapshot.enabled = false (custom)
2021-12-18 14:21:03,569 [pool-351-thread-1] INFO  server.RaftServer$Division (ServerState.java:<init>(105)) - omNode-1@group-523986131536: ConfigurationManager, init=-1: [omNode-3|rpc:localhost:13780|priority:0, omNode-1|rpc:localhost:13768|priority:0, omNode-2|rpc:localhost:13774|priority:0], old=null, confs=<EMPTY_MAP>
2021-12-18 14:21:03,569 [pool-351-thread-1] INFO  server.RaftServerConfigKeys (ConfUtils.java:logGet(44)) - raft.server.storage.dir = [/home/runner/work/ozone/ozone/hadoop-ozone/integration-test/target/test-dir/MiniOzoneClusterImpl-d253f833-dfd5-40cd-9bf3-3e4f3cbf3d44/omNode-1/ratis] (custom)
2021-12-18 14:21:03,569 [pool-351-thread-1] INFO  server.RaftServerConfigKeys (ConfUtils.java:logGet(44)) - raft.server.log.corruption.policy = EXCEPTION (default)
2021-12-18 14:21:03,569 [pool-351-thread-1] INFO  server.RaftServerConfigKeys (ConfUtils.java:logGet(44)) - raft.server.storage.free-space.min = 0MB (=0) (default)
2021-12-18 14:21:03,570 [pool-351-thread-1] INFO  storage.RaftStorageDirectory (RaftStorageDirectoryImpl.java:tryLock(230)) - Lock on /home/runner/work/ozone/ozone/hadoop-ozone/integration-test/target/test-dir/MiniOzoneClusterImpl-d253f833-dfd5-40cd-9bf3-3e4f3cbf3d44/omNode-1/ratis/c9bc4cf4-3bc3-3c60-a66b-523986131536/in_use.lock acquired by nodename 5068@fv-az184-786
2021-12-18 14:21:03,570 [pool-351-thread-1] INFO  storage.RaftStorage (RaftStorageImpl.java:analyzeAndRecoverStorage(110)) - Read RaftStorageMetadata{term=8, votedFor=omNode-2} from /home/runner/work/ozone/ozone/hadoop-ozone/integration-test/target/test-dir/MiniOzoneClusterImpl-d253f833-dfd5-40cd-9bf3-3e4f3cbf3d44/omNode-1/ratis/c9bc4cf4-3bc3-3c60-a66b-523986131536/current/raft-meta
2021-12-18 14:21:03,571 [pool-351-thread-1] INFO  server.RaftServer$Division (ServerState.java:setRaftConf(387)) - omNode-1@group-523986131536: set configuration 105: [omNode-3|rpc:localhost:13780|admin:|client:|dataStream:|priority:0, omNode-1|rpc:localhost:13768|admin:|client:|dataStream:|priority:0, omNode-2|rpc:localhost:13774|admin:|client:|dataStream:|priority:0], old=null
2021-12-18 14:21:03,571 [pool-351-thread-1] INFO  server.RaftServerConfigKeys (ConfUtils.java:logGet(44)) - raft.server.notification.no-leader.timeout = 2s (custom)
2021-12-18 14:21:03,571 [pool-351-thread-1] INFO  server.RaftServerConfigKeys (ConfUtils.java:logGet(44)) - raft.server.log.use.memory = false (default)
2021-12-18 14:21:03,571 [pool-351-thread-1] INFO  server.RaftServerConfigKeys (ConfUtils.java:logGet(44)) - raft.server.log.purge.gap = 50 (custom)
2021-12-18 14:21:03,571 [pool-351-thread-1] INFO  server.RaftServerConfigKeys (ConfUtils.java:logGet(44)) - raft.server.log.appender.buffer.byte-limit = 33554432 (custom)
2021-12-18 14:21:03,571 [pool-351-thread-1] INFO  server.RaftServerConfigKeys (ConfUtils.java:logGet(44)) - raft.server.log.segment.size.max = 4194304 (custom)
2021-12-18 14:21:03,571 [pool-351-thread-1] INFO  server.RaftServerConfigKeys (ConfUtils.java:logGet(44)) - raft.server.log.segment.cache.num.max = 2 (custom)
2021-12-18 14:21:03,571 [pool-351-thread-1] INFO  server.RaftServerConfigKeys (ConfUtils.java:logGet(44)) - raft.server.log.segment.cache.size.max = 200MB (=209715200) (default)
2021-12-18 14:21:03,571 [pool-351-thread-1] INFO  segmented.SegmentedRaftLogWorker (SegmentedRaftLogWorker.java:<init>(182)) - new omNode-1@group-523986131536-SegmentedRaftLogWorker for RaftStorageImpl:Storage Directory /home/runner/work/ozone/ozone/hadoop-ozone/integration-test/target/test-dir/MiniOzoneClusterImpl-d253f833-dfd5-40cd-9bf3-3e4f3cbf3d44/omNode-1/ratis/c9bc4cf4-3bc3-3c60-a66b-523986131536
2021-12-18 14:21:03,572 [pool-351-thread-1] INFO  server.RaftServerConfigKeys (ConfUtils.java:logGet(44)) - raft.server.log.queue.byte-limit = 64MB (=67108864) (default)
2021-12-18 14:21:03,572 [pool-351-thread-1] INFO  server.RaftServerConfigKeys (ConfUtils.java:logGet(44)) - raft.server.log.queue.element-limit = 4096 (default)
2021-12-18 14:21:03,572 [pool-351-thread-1] INFO  server.RaftServerConfigKeys (ConfUtils.java:logGet(44)) - raft.server.log.segment.size.max = 4194304 (custom)
2021-12-18 14:21:03,572 [pool-351-thread-1] INFO  server.RaftServerConfigKeys (ConfUtils.java:logGet(44)) - raft.server.log.preallocated.size = 4194304 (custom)
2021-12-18 14:21:03,572 [pool-351-thread-1] INFO  server.RaftServerConfigKeys (ConfUtils.java:logGet(44)) - raft.server.log.force.sync.num = 128 (default)
2021-12-18 14:21:03,572 [pool-351-thread-1] INFO  server.RaftServerConfigKeys (ConfUtils.java:logGet(44)) - raft.server.log.statemachine.data.sync = true (default)
2021-12-18 14:21:03,572 [pool-351-thread-1] INFO  server.RaftServerConfigKeys (ConfUtils.java:logGet(44)) - raft.server.log.statemachine.data.sync.timeout = 10s (default)
2021-12-18 14:21:03,572 [pool-351-thread-1] INFO  server.RaftServerConfigKeys (ConfUtils.java:logGet(44)) - raft.server.log.statemachine.data.sync.timeout.retry = -1 (default)
2021-12-18 14:21:03,572 [pool-351-thread-1] INFO  server.RaftServerConfigKeys (ConfUtils.java:logGet(44)) - raft.server.log.write.buffer.size = 64KB (=65536) (default)
2021-12-18 14:21:03,573 [pool-351-thread-1] INFO  server.RaftServerConfigKeys (ConfUtils.java:logGet(44)) - raft.server.log.statemachine.data.caching.enabled = false (default)
2021-12-18 14:21:03,573 [pool-351-thread-1] INFO  server.RaftServer$Division (ServerState.java:setRaftConf(387)) - omNode-1@group-523986131536: set configuration 105: [omNode-3|rpc:localhost:13780|admin:|client:|dataStream:|priority:0, omNode-1|rpc:localhost:13768|admin:|client:|dataStream:|priority:0, omNode-2|rpc:localhost:13774|admin:|client:|dataStream:|priority:0], old=null
2021-12-18 14:21:03,573 [pool-351-thread-1] INFO  segmented.LogSegment (LogSegment.java:loadSegment(173)) - Successfully read 2 entries from segment file /home/runner/work/ozone/ozone/hadoop-ozone/integration-test/target/test-dir/MiniOzoneClusterImpl-d253f833-dfd5-40cd-9bf3-3e4f3cbf3d44/omNode-1/ratis/c9bc4cf4-3bc3-3c60-a66b-523986131536/current/log_inprogress_105
2021-12-18 14:21:03,573 [pool-351-thread-1] INFO  segmented.SegmentedRaftLogWorker (SegmentedRaftLogWorker.java:lambda$new$0(133)) - omNode-1@group-523986131536-SegmentedRaftLogWorker: flushIndex: setUnconditionally 0 -> 106
2021-12-18 14:21:03,573 [pool-351-thread-1] INFO  segmented.SegmentedRaftLogWorker (SegmentedRaftLogWorker.java:lambda$new$0(133)) - omNode-1@group-523986131536-SegmentedRaftLogWorker: safeCacheEvictIndex: setUnconditionally 0 -> -1
2021-12-18 14:21:03,575 [pool-351-thread-1] INFO  raftlog.RaftLog (RaftLogBase.java:lambda$new$0(53)) - omNode-1@group-523986131536-SegmentedRaftLog: commitIndex: updateToMax old=105, new=105, updated? false
2021-12-18 14:21:03,576 [pool-351-thread-1] INFO  raftlog.RaftLog (RaftLogBase.java:lambda$new$0(53)) - omNode-1@group-523986131536-SegmentedRaftLog: purgeIndex: updateIncreasingly -1 -> 104
2021-12-18 14:21:03,576 [pool-351-thread-1] INFO  server.RaftServerConfigKeys (ConfUtils.java:logGet(44)) - raft.server.snapshot.auto.trigger.enabled = true (custom)
2021-12-18 14:21:03,576 [pool-351-thread-1] INFO  server.RaftServerConfigKeys (ConfUtils.java:logGet(44)) - raft.server.snapshot.auto.trigger.threshold = 50 (custom)
2021-12-18 14:21:03,576 [pool-351-thread-1] INFO  server.RaftServerConfigKeys (ConfUtils.java:logGet(44)) - raft.server.snapshot.retention.file.num = -1 (default)
2021-12-18 14:21:03,576 [pool-351-thread-1] INFO  server.RaftServerConfigKeys (ConfUtils.java:logGet(44)) - raft.server.log.purge.upto.snapshot.index = true (custom)
2021-12-18 14:21:03,576 [pool-351-thread-1] INFO  server.RaftServerConfigKeys (ConfUtils.java:logGet(44)) - raft.server.retrycache.expirytime = 30000ms (custom)
2021-12-18 14:21:03,576 [pool-351-thread-1] INFO  server.RaftServerConfigKeys (ConfUtils.java:logGet(44)) - raft.server.retrycache.statistics.expirytime = 100μs (default)
2021-12-18 14:21:03,577 [Listener at localhost/13776] INFO  server.RaftServer$Division (RaftServerImpl.java:start(301)) - omNode-1@group-523986131536: start as a follower, conf=105: [omNode-3|rpc:localhost:13780|admin:|client:|dataStream:|priority:0, omNode-1|rpc:localhost:13768|admin:|client:|dataStream:|priority:0, omNode-2|rpc:localhost:13774|admin:|client:|dataStream:|priority:0], old=null
2021-12-18 14:21:03,577 [Listener at localhost/13776] INFO  server.RaftServer$Division (RaftServerImpl.java:setRole(290)) - omNode-1@group-523986131536: changes role from      null to FOLLOWER at term 8 for startAsFollower
2021-12-18 14:21:03,577 [Listener at localhost/13776] INFO  impl.RoleInfo (RoleInfo.java:updateAndGet(130)) - omNode-1: start omNode-1@group-523986131536-FollowerState
2021-12-18 14:21:03,585 [Listener at localhost/13776] INFO  util.JmxRegister (JmxRegister.java:tryRegister(44)) - Successfully registered JMX Bean with object name Ratis:service=RaftServer,group=group-523986131536,id=omNode-1
2021-12-18 14:21:03,586 [Listener at localhost/13776] INFO  server.RaftServer (RaftServerProxy.java:lambda$start$5(374)) - omNode-1: start RPC server
2021-12-18 14:21:03,586 [Listener at localhost/13776] INFO  server.GrpcService (GrpcService.java:startImpl(253)) - omNode-1: GrpcService started, listening on 13768
2021-12-18 14:21:03,587 [Listener at localhost/13776] INFO  ipc.CallQueueManager (CallQueueManager.java:<init>(90)) - Using callQueue: class java.util.concurrent.LinkedBlockingQueue, queueCapacity: 2000, scheduler: class org.apache.hadoop.ipc.DefaultRpcScheduler, ipcBackoff: false.
2021-12-18 14:21:03,587 [org.apache.ratis.util.JvmPauseMonitor$$Lambda$531/2137848242@a889a0b] INFO  util.JvmPauseMonitor (JvmPauseMonitor.java:run(103)) - JvmPauseMonitor-omNode-1: Started
2021-12-18 14:21:03,588 [Socket Reader #1 for port 13764] INFO  ipc.Server (Server.java:run(1265)) - Starting Socket Reader #1 for port 13764
2021-12-18 14:21:03,591 [Listener at localhost/13764] INFO  http.BaseHttpServer (BaseHttpServer.java:newHttpServer2BuilderForOzone(209)) - Starting Web-server for ozoneManager at: http://0.0.0.0:13766
2021-12-18 14:21:03,591 [Listener at localhost/13764] INFO  http.BaseHttpServer (BaseHttpServer.java:<init>(107)) - Hadoop Security Enabled: false Ozone Security Enabled: false Ozone HTTP Security Enabled: false 
2021-12-18 14:21:03,592 [Listener at localhost/13764] INFO  server.AuthenticationFilter (AuthenticationFilter.java:constructSecretProvider(240)) - Unable to initialize FileSignerSecretProvider, falling back to use random secrets.
2021-12-18 14:21:03,593 [Listener at localhost/13764] WARN  http.HttpRequestLog (HttpRequestLog.java:getRequestLog(103)) - Jetty request log can only be enabled using Log4j
2021-12-18 14:21:03,594 [Listener at localhost/13764] INFO  http.HttpServer2 (HttpServer2.java:addGlobalFilter(1030)) - Added global filter 'safety' (class=org.apache.hadoop.hdds.server.http.HttpServer2$QuotingInputFilter)
2021-12-18 14:21:03,594 [Listener at localhost/13764] INFO  http.HttpServer2 (HttpServer2.java:addFilter(1006)) - Added filter static_user_filter (class=org.apache.hadoop.http.lib.StaticUserWebFilter$StaticUserFilter) to context ozoneManager
2021-12-18 14:21:03,594 [Listener at localhost/13764] INFO  http.HttpServer2 (HttpServer2.java:addFilter(1014)) - Added filter static_user_filter (class=org.apache.hadoop.http.lib.StaticUserWebFilter$StaticUserFilter) to context static
2021-12-18 14:21:03,594 [Listener at localhost/13764] INFO  http.HttpServer2 (HttpServer2.java:addFilter(1014)) - Added filter static_user_filter (class=org.apache.hadoop.http.lib.StaticUserWebFilter$StaticUserFilter) to context logs
2021-12-18 14:21:03,595 [Listener at localhost/13764] INFO  http.HttpServer2 (HttpServer2.java:bindListener(1249)) - Jetty bound to port 13766
2021-12-18 14:21:03,595 [Listener at localhost/13764] INFO  server.Server (Server.java:doStart(375)) - jetty-9.4.43.v20210629; built: 2021-06-30T11:07:22.254Z; git: 526006ecfa3af7f1a27ef3a288e2bef7ea9dd7e8; jvm 1.8.0_292-b10
2021-12-18 14:21:03,596 [Listener at localhost/13764] INFO  server.session (DefaultSessionIdManager.java:doStart(334)) - DefaultSessionIdManager workerName=node0
2021-12-18 14:21:03,596 [Listener at localhost/13764] INFO  server.session (DefaultSessionIdManager.java:doStart(339)) - No SessionScavenger set, using defaults
2021-12-18 14:21:03,596 [Listener at localhost/13764] INFO  server.session (HouseKeeper.java:startScavenging(132)) - node0 Scavenging every 660000ms
2021-12-18 14:21:03,597 [Listener at localhost/13764] INFO  handler.ContextHandler (ContextHandler.java:doStart(915)) - Started o.e.j.s.ServletContextHandler@778727ad{logs,/logs,file:///home/runner/work/ozone/ozone/hadoop-ozone/integration-test/target/log,AVAILABLE}
2021-12-18 14:21:03,597 [Listener at localhost/13764] INFO  handler.ContextHandler (ContextHandler.java:doStart(915)) - Started o.e.j.s.ServletContextHandler@d470806{static,/static,file:///home/runner/work/ozone/ozone/hadoop-ozone/integration-test/target/test-classes/webapps/static,AVAILABLE}
2021-12-18 14:21:03,601 [Listener at localhost/13764] INFO  handler.ContextHandler (ContextHandler.java:doStart(915)) - Started o.e.j.w.WebAppContext@57a45036{ozoneManager,/,file:///home/runner/work/ozone/ozone/hadoop-ozone/integration-test/target/test-classes/webapps/ozoneManager/,AVAILABLE}{file:/home/runner/work/ozone/ozone/hadoop-ozone/integration-test/target/test-classes/webapps/ozoneManager}
2021-12-18 14:21:03,602 [Listener at localhost/13764] INFO  server.AbstractConnector (AbstractConnector.java:doStart(331)) - Started ServerConnector@25e2119b{HTTP/1.1, (http/1.1)}{0.0.0.0:13766}
2021-12-18 14:21:03,605 [Listener at localhost/13764] INFO  server.Server (Server.java:doStart(415)) - Started @44622ms
2021-12-18 14:21:03,605 [Listener at localhost/13764] WARN  impl.MetricsSystemImpl (MetricsSystemImpl.java:register(279)) - Sink prometheus already exists!
2021-12-18 14:21:03,605 [Listener at localhost/13764] INFO  http.BaseHttpServer (BaseHttpServer.java:updateConnectorAddress(329)) - HTTP server of ozoneManager listening at http://0.0.0.0:13766
2021-12-18 14:21:03,608 [IPC Server Responder] INFO  ipc.Server (Server.java:run(1507)) - IPC Server Responder: starting
2021-12-18 14:21:03,612 [IPC Server listener on 13764] INFO  ipc.Server (Server.java:run(1344)) - IPC Server listener on 13764: starting
2021-12-18 14:21:03,618 [Listener at localhost/13764] INFO  om.OzoneManager (OzoneManager.java:startTrashEmptier(1792)) - Trash Interval set to 0. Files deleted will not move to trash
2021-12-18 14:21:03,618 [Listener at localhost/13764] INFO  om.OzoneManager (OzoneManager.java:stop(1893)) - omNode-2[localhost:13770]: Stopping Ozone Manager
2021-12-18 14:21:03,618 [org.apache.hadoop.util.JvmPauseMonitor$Monitor@2cfcc386] INFO  util.JvmPauseMonitor (JvmPauseMonitor.java:run(188)) - Starting JVM pause monitor
2021-12-18 14:21:03,618 [Listener at localhost/13764] INFO  ipc.Server (Server.java:stop(3414)) - Stopping server on 13770
2021-12-18 14:21:03,620 [IPC Server Responder] INFO  ipc.Server (Server.java:run(1512)) - Stopping IPC Server Responder
2021-12-18 14:21:03,621 [IPC Server listener on 13770] INFO  ipc.Server (Server.java:run(1376)) - Stopping IPC Server listener on 13770
2021-12-18 14:21:03,622 [Listener at localhost/13764] INFO  server.RaftServer (RaftServerProxy.java:lambda$close$6(391)) - omNode-2: close
2021-12-18 14:21:03,622 [Listener at localhost/13764] INFO  server.RaftServer$Division (RaftServerImpl.java:lambda$close$4(412)) - omNode-2@group-523986131536: shutdown
2021-12-18 14:21:03,623 [Listener at localhost/13764] INFO  util.JmxRegister (JmxRegister.java:unregister(73)) - Successfully un-registered JMX Bean with object name Ratis:service=RaftServer,group=group-523986131536,id=omNode-2
2021-12-18 14:21:03,623 [Listener at localhost/13764] INFO  impl.RoleInfo (RoleInfo.java:shutdownLeaderState(91)) - omNode-2: shutdown omNode-2@group-523986131536-LeaderStateImpl
2021-12-18 14:21:03,623 [omNode-2@group-523986131536->omNode-1-GrpcLogAppender-LogAppenderDaemon] WARN  server.GrpcLogAppender (GrpcLogAppender.java:mayWait(177)) - omNode-2@group-523986131536->omNode-1-GrpcLogAppender: Wait interrupted by java.lang.InterruptedException
2021-12-18 14:21:03,623 [omNode-2@group-523986131536->omNode-3-GrpcLogAppender-LogAppenderDaemon] WARN  server.GrpcLogAppender (GrpcLogAppender.java:mayWait(177)) - omNode-2@group-523986131536->omNode-3-GrpcLogAppender: Wait interrupted by java.lang.InterruptedException
2021-12-18 14:21:03,623 [Listener at localhost/13764] INFO  impl.PendingRequests (PendingRequests.java:sendNotLeaderResponses(282)) - omNode-2@group-523986131536-PendingRequests: sendNotLeaderResponses
2021-12-18 14:21:03,625 [Listener at localhost/13764] INFO  impl.StateMachineUpdater (StateMachineUpdater.java:stopAndJoin(149)) - omNode-2@group-523986131536-StateMachineUpdater: set stopIndex = 106
2021-12-18 14:21:03,626 [omNode-2@group-523986131536-StateMachineUpdater] INFO  ratis.OzoneManagerStateMachine (OzoneManagerStateMachine.java:takeSnapshot(417)) - Current Snapshot Index (t:8, i:106)
2021-12-18 14:21:03,626 [omNode-2@group-523986131536-StateMachineUpdater] INFO  impl.StateMachineUpdater (StateMachineUpdater.java:takeSnapshot(281)) - omNode-2@group-523986131536-StateMachineUpdater: Took a snapshot at index 106
2021-12-18 14:21:03,626 [omNode-2@group-523986131536-StateMachineUpdater] INFO  impl.StateMachineUpdater (StateMachineUpdater.java:lambda$new$0(89)) - omNode-2@group-523986131536-StateMachineUpdater: snapshotIndex: updateIncreasingly 104 -> 106
2021-12-18 14:21:03,626 [omNode-2@group-523986131536-StateMachineUpdater] INFO  raftlog.RaftLog (RaftLogBase.java:purge(306)) - omNode-2@group-523986131536-SegmentedRaftLog: purge 106
2021-12-18 14:21:03,626 [omNode-2@group-523986131536-StateMachineUpdater] INFO  raftlog.RaftLog (RaftLogBase.java:lambda$new$0(53)) - omNode-2@group-523986131536-SegmentedRaftLog: snapshotIndex: updateIncreasingly 104 -> 106
2021-12-18 14:21:03,626 [omNode-2@group-523986131536-StateMachineUpdater] INFO  ratis.OzoneManagerStateMachine (OzoneManagerStateMachine.java:close(471)) - StateMachine has shutdown. Shutdown OzoneManager if not already shutdown.
2021-12-18 14:21:03,627 [omNode-2@group-523986131536-SegmentedRaftLogWorker] INFO  raftlog.RaftLog (RaftLogBase.java:lambda$new$0(53)) - omNode-2@group-523986131536-SegmentedRaftLog: purgeIndex: updateToMax old=30, new=104, updated? true
2021-12-18 14:21:03,627 [Listener at localhost/13764] INFO  server.RaftServer$Division (ServerState.java:close(419)) - omNode-2@group-523986131536: closes. applyIndex: 106
2021-12-18 14:21:03,627 [omNode-2@group-523986131536-SegmentedRaftLogWorker] INFO  segmented.SegmentedRaftLogWorker (SegmentedRaftLogWorker.java:run(327)) - omNode-2@group-523986131536-SegmentedRaftLogWorker was interrupted, exiting. There are 0 tasks remaining in the queue.
2021-12-18 14:21:03,628 [Listener at localhost/13764] INFO  segmented.SegmentedRaftLogWorker (SegmentedRaftLogWorker.java:close(237)) - omNode-2@group-523986131536-SegmentedRaftLogWorker close()
2021-12-18 14:21:03,630 [Listener at localhost/13764] INFO  server.GrpcService (GrpcService.java:closeImpl(262)) - omNode-2: shutdown server with port 13774 now
2021-12-18 14:21:03,634 [Listener at localhost/13764] INFO  server.GrpcService (GrpcService.java:closeImpl(271)) - omNode-2: shutdown server with port 13774 successfully
2021-12-18 14:21:03,634 [org.apache.ratis.util.JvmPauseMonitor$$Lambda$531/2137848242@7e5d5d70] INFO  util.JvmPauseMonitor (JvmPauseMonitor.java:run(109)) - JvmPauseMonitor-omNode-2: Stopped
2021-12-18 14:21:03,634 [Listener at localhost/13764] INFO  ratis.OzoneManagerDoubleBuffer (OzoneManagerDoubleBuffer.java:stop(437)) - Stopping OMDoubleBuffer flush thread
2021-12-18 14:21:03,634 [OMDoubleBufferFlushThread] INFO  ratis.OzoneManagerDoubleBuffer (OzoneManagerDoubleBuffer.java:flushTransactions(356)) - OMDoubleBuffer flush thread OMDoubleBufferFlushThread is interrupted and will exit. OMDoubleBufferFlushThread
2021-12-18 14:21:03,636 [Listener at localhost/13764] INFO  handler.ContextHandler (ContextHandler.java:doStop(1153)) - Stopped o.e.j.w.WebAppContext@4f928897{ozoneManager,/,null,STOPPED}{file:/home/runner/work/ozone/ozone/hadoop-ozone/integration-test/target/test-classes/webapps/ozoneManager}
2021-12-18 14:21:03,637 [Listener at localhost/13764] INFO  server.AbstractConnector (AbstractConnector.java:doStop(381)) - Stopped ServerConnector@b974b2{HTTP/1.1, (http/1.1)}{0.0.0.0:13772}
2021-12-18 14:21:03,637 [Listener at localhost/13764] INFO  server.session (HouseKeeper.java:stopScavenging(149)) - node0 Stopped scavenging
2021-12-18 14:21:03,638 [Listener at localhost/13764] INFO  handler.ContextHandler (ContextHandler.java:doStop(1153)) - Stopped o.e.j.s.ServletContextHandler@6508f404{static,/static,file:///home/runner/work/ozone/ozone/hadoop-ozone/integration-test/target/test-classes/webapps/static,STOPPED}
2021-12-18 14:21:03,638 [Listener at localhost/13764] INFO  handler.ContextHandler (ContextHandler.java:doStop(1153)) - Stopped o.e.j.s.ServletContextHandler@62f62959{logs,/logs,file:///home/runner/work/ozone/ozone/hadoop-ozone/integration-test/target/log,STOPPED}
2021-12-18 14:21:03,643 [Listener at localhost/13764] INFO  om.OzoneManager (OzoneManager.java:restart(1451)) - OzoneManager RPC server is listening at localhost/127.0.0.1:13770
2021-12-18 14:21:03,644 [Listener at localhost/13764] INFO  impl.MetricsSystemImpl (MetricsSystemImpl.java:init(158)) - OzoneManager metrics system started (again)
2021-12-18 14:21:03,657 [Listener at localhost/13764] WARN  server.ServerUtils (ServerUtils.java:getDBPath(225)) - ozone.om.db.dirs is not configured. We recommend adding this setting. Falling back to ozone.metadata.dirs instead.
2021-12-18 14:21:03,658 [Listener at localhost/13764] INFO  codec.OmKeyInfoCodec (OmKeyInfoCodec.java:<init>(50)) - OmKeyInfoCodec ignorePipeline = true
2021-12-18 14:21:03,658 [Listener at localhost/13764] INFO  codec.RepeatedOmKeyInfoCodec (RepeatedOmKeyInfoCodec.java:<init>(42)) - RepeatedOmKeyInfoCodec ignorePipeline = true
2021-12-18 14:21:03,690 [Listener at localhost/13764] WARN  impl.MetricRegistriesImpl (MetricRegistriesImpl.java:addReporterRegistration(111)) - New reporters are added after registries were created. Some metrics will be missing from the reporter. Please add reporter before adding any new registry.
2021-12-18 14:21:03,690 [Listener at localhost/13764] WARN  impl.MetricRegistriesImpl (MetricRegistriesImpl.java:addReporterRegistration(111)) - New reporters are added after registries were created. Some metrics will be missing from the reporter. Please add reporter before adding any new registry.
2021-12-18 14:21:03,691 [Listener at localhost/13764] WARN  server.ServerUtils (ServerUtils.java:getDefaultRatisDirectory(237)) - Storage directory for Ratis is not configured. It is a good idea to map this to an SSD disk. Falling back to ozone.metadata.dirs
2021-12-18 14:21:03,692 [Listener at localhost/13764] INFO  ratis.OzoneManagerRatisServer (OzoneManagerRatisServer.java:<init>(159)) - Instantiating OM Ratis server with groupID: om-service-test1 and peers: localhost:13774, localhost:13780, localhost:13768
2021-12-18 14:21:03,692 [Listener at localhost/13764] INFO  ratis.OzoneManagerStateMachine (OzoneManagerStateMachine.java:loadSnapshotInfoFromDB(605)) - LastAppliedIndex is set from TransactionInfo from OM DB as (t:8, i:106)
2021-12-18 14:21:03,692 [Listener at localhost/13764] INFO  server.RaftServer (ConfUtils.java:logGet(44)) - raft.rpc.type = GRPC (default)
2021-12-18 14:21:03,692 [Listener at localhost/13764] INFO  grpc.GrpcFactory (GrpcFactory.java:checkPooledByteBufAllocatorUseCacheForAllThreads(48)) - PERFORMANCE WARNING: useCacheForAllThreads is true that may cause Netty to create a lot garbage objects and, as a result, trigger GC.
	It is recommended to disable useCacheForAllThreads by setting -Dorg.apache.ratis.thirdparty.io.netty.allocator.useCacheForAllThreads=false in command line.
2021-12-18 14:21:03,692 [Listener at localhost/13764] INFO  grpc.GrpcConfigKeys (ConfUtils.java:logGet(44)) - raft.grpc.admin.port = -1 (default)
2021-12-18 14:21:03,692 [Listener at localhost/13764] INFO  grpc.GrpcConfigKeys (ConfUtils.java:logGet(44)) - raft.grpc.server.port = 13774 (custom)
2021-12-18 14:21:03,692 [Listener at localhost/13764] INFO  grpc.GrpcConfigKeys (ConfUtils.java:logGet(44)) - raft.grpc.client.port = -1 (default)
2021-12-18 14:21:03,693 [Listener at localhost/13764] INFO  grpc.GrpcConfigKeys (ConfUtils.java:logGet(44)) - raft.grpc.server.port = 13774 (custom)
2021-12-18 14:21:03,693 [Listener at localhost/13764] INFO  grpc.GrpcConfigKeys (ConfUtils.java:logGet(44)) - raft.grpc.server.port = 13774 (custom)
2021-12-18 14:21:03,693 [Listener at localhost/13764] INFO  server.GrpcService (ConfUtils.java:logGet(44)) - raft.grpc.message.size.max = 33554432 (custom)
2021-12-18 14:21:03,693 [Listener at localhost/13764] INFO  server.RaftServerConfigKeys (ConfUtils.java:logGet(44)) - raft.server.log.appender.buffer.byte-limit = 33554432 (custom)
2021-12-18 14:21:03,693 [Listener at localhost/13764] INFO  server.GrpcService (ConfUtils.java:logGet(44)) - raft.grpc.flow.control.window = 1MB (=1048576) (default)
2021-12-18 14:21:03,693 [Listener at localhost/13764] INFO  server.RaftServerConfigKeys (ConfUtils.java:logGet(44)) - raft.server.rpc.request.timeout = 3000ms (default)
2021-12-18 14:21:03,694 [Listener at localhost/13764] INFO  impl.DataStreamServerImpl (ConfUtils.java:logGet(44)) - raft.datastream.type = DISABLED (default)
2021-12-18 14:21:03,694 [Listener at localhost/13764] INFO  server.RaftServerConfigKeys (ConfUtils.java:logGet(44)) - raft.server.rpc.slowness.timeout = 2s (custom)
2021-12-18 14:21:03,694 [Listener at localhost/13764] INFO  server.RaftServerConfigKeys (ConfUtils.java:logGet(44)) - raft.server.leaderelection.leader.step-down.wait-time = 10s (default)
2021-12-18 14:21:03,694 [Listener at localhost/13764] INFO  server.RaftServerConfigKeys (ConfUtils.java:logGet(44)) - raft.server.storage.dir = [/home/runner/work/ozone/ozone/hadoop-ozone/integration-test/target/test-dir/MiniOzoneClusterImpl-d253f833-dfd5-40cd-9bf3-3e4f3cbf3d44/omNode-2/ratis] (custom)
2021-12-18 14:21:03,694 [Listener at localhost/13764] INFO  server.RaftServer (RaftServerProxy.java:lambda$null$1(235)) - omNode-2: found a subdirectory /home/runner/work/ozone/ozone/hadoop-ozone/integration-test/target/test-dir/MiniOzoneClusterImpl-d253f833-dfd5-40cd-9bf3-3e4f3cbf3d44/omNode-2/ratis/c9bc4cf4-3bc3-3c60-a66b-523986131536
2021-12-18 14:21:03,695 [Listener at localhost/13764] INFO  server.RaftServer (RaftServerProxy.java:addNew(95)) - omNode-2: addNew group-523986131536:[omNode-3|rpc:localhost:13780|priority:0, omNode-1|rpc:localhost:13768|priority:0, omNode-2|rpc:localhost:13774|priority:0] returns group-523986131536:java.util.concurrent.CompletableFuture@657ea98e[Not completed]
2021-12-18 14:21:03,695 [Listener at localhost/13764] INFO  om.OzoneManager (OzoneManager.java:initializeRatisServer(1834)) - OzoneManager Ratis server initialized at port 13774
2021-12-18 14:21:03,695 [Listener at localhost/13764] INFO  ratis.OzoneManagerRatisServer (OzoneManagerRatisServer.java:start(554)) - Starting OzoneManagerRatisServer omNode-2 at port 13774
2021-12-18 14:21:03,695 [pool-371-thread-1] INFO  server.RaftServer$Division (RaftServerImpl.java:<init>(184)) - omNode-2: new RaftServerImpl for group-523986131536:[omNode-3|rpc:localhost:13780|priority:0, omNode-1|rpc:localhost:13768|priority:0, omNode-2|rpc:localhost:13774|priority:0] with OzoneManagerStateMachine:uninitialized
2021-12-18 14:21:03,696 [pool-371-thread-1] INFO  server.RaftServerConfigKeys (ConfUtils.java:logGet(44)) - raft.server.rpc.timeout.min = 1s (custom)
2021-12-18 14:21:03,697 [pool-371-thread-1] INFO  server.RaftServerConfigKeys (ConfUtils.java:logGet(44)) - raft.server.rpc.timeout.max = 1200ms (custom)
2021-12-18 14:21:03,697 [pool-371-thread-1] INFO  server.RaftServerConfigKeys (ConfUtils.java:logGet(44)) - raft.server.rpc.sleep.time = 25ms (default)
2021-12-18 14:21:03,697 [pool-371-thread-1] INFO  server.RaftServerConfigKeys (ConfUtils.java:logGet(44)) - raft.server.rpc.slowness.timeout = 2s (custom)
2021-12-18 14:21:03,697 [pool-371-thread-1] INFO  server.RaftServerConfigKeys (ConfUtils.java:logGet(44)) - raft.server.leaderelection.leader.step-down.wait-time = 10s (default)
2021-12-18 14:21:03,697 [pool-371-thread-1] INFO  server.RaftServerConfigKeys (ConfUtils.java:logGet(44)) - raft.server.sleep.deviation.threshold = 300ms (default)
2021-12-18 14:21:03,697 [pool-371-thread-1] INFO  server.RaftServerConfigKeys (ConfUtils.java:logGet(44)) - raft.server.log.appender.install.snapshot.enabled = false (custom)
2021-12-18 14:21:03,697 [pool-371-thread-1] INFO  server.RaftServer$Division (ServerState.java:<init>(105)) - omNode-2@group-523986131536: ConfigurationManager, init=-1: [omNode-3|rpc:localhost:13780|priority:0, omNode-1|rpc:localhost:13768|priority:0, omNode-2|rpc:localhost:13774|priority:0], old=null, confs=<EMPTY_MAP>
2021-12-18 14:21:03,697 [pool-371-thread-1] INFO  server.RaftServerConfigKeys (ConfUtils.java:logGet(44)) - raft.server.storage.dir = [/home/runner/work/ozone/ozone/hadoop-ozone/integration-test/target/test-dir/MiniOzoneClusterImpl-d253f833-dfd5-40cd-9bf3-3e4f3cbf3d44/omNode-2/ratis] (custom)
2021-12-18 14:21:03,697 [pool-371-thread-1] INFO  server.RaftServerConfigKeys (ConfUtils.java:logGet(44)) - raft.server.log.corruption.policy = EXCEPTION (default)
2021-12-18 14:21:03,698 [pool-371-thread-1] INFO  server.RaftServerConfigKeys (ConfUtils.java:logGet(44)) - raft.server.storage.free-space.min = 0MB (=0) (default)
2021-12-18 14:21:03,698 [pool-371-thread-1] INFO  storage.RaftStorageDirectory (RaftStorageDirectoryImpl.java:tryLock(230)) - Lock on /home/runner/work/ozone/ozone/hadoop-ozone/integration-test/target/test-dir/MiniOzoneClusterImpl-d253f833-dfd5-40cd-9bf3-3e4f3cbf3d44/omNode-2/ratis/c9bc4cf4-3bc3-3c60-a66b-523986131536/in_use.lock acquired by nodename 5068@fv-az184-786
2021-12-18 14:21:03,699 [pool-371-thread-1] INFO  storage.RaftStorage (RaftStorageImpl.java:analyzeAndRecoverStorage(110)) - Read RaftStorageMetadata{term=8, votedFor=omNode-2} from /home/runner/work/ozone/ozone/hadoop-ozone/integration-test/target/test-dir/MiniOzoneClusterImpl-d253f833-dfd5-40cd-9bf3-3e4f3cbf3d44/omNode-2/ratis/c9bc4cf4-3bc3-3c60-a66b-523986131536/current/raft-meta
2021-12-18 14:21:03,699 [pool-371-thread-1] INFO  server.RaftServer$Division (ServerState.java:setRaftConf(387)) - omNode-2@group-523986131536: set configuration 105: [omNode-3|rpc:localhost:13780|admin:|client:|dataStream:|priority:0, omNode-1|rpc:localhost:13768|admin:|client:|dataStream:|priority:0, omNode-2|rpc:localhost:13774|admin:|client:|dataStream:|priority:0], old=null
2021-12-18 14:21:03,699 [pool-371-thread-1] INFO  server.RaftServerConfigKeys (ConfUtils.java:logGet(44)) - raft.server.notification.no-leader.timeout = 2s (custom)
2021-12-18 14:21:03,699 [pool-371-thread-1] INFO  server.RaftServerConfigKeys (ConfUtils.java:logGet(44)) - raft.server.log.use.memory = false (default)
2021-12-18 14:21:03,699 [pool-371-thread-1] INFO  server.RaftServerConfigKeys (ConfUtils.java:logGet(44)) - raft.server.log.purge.gap = 50 (custom)
2021-12-18 14:21:03,699 [pool-371-thread-1] INFO  server.RaftServerConfigKeys (ConfUtils.java:logGet(44)) - raft.server.log.appender.buffer.byte-limit = 33554432 (custom)
2021-12-18 14:21:03,700 [pool-371-thread-1] INFO  server.RaftServerConfigKeys (ConfUtils.java:logGet(44)) - raft.server.log.segment.size.max = 4194304 (custom)
2021-12-18 14:21:03,700 [pool-371-thread-1] INFO  server.RaftServerConfigKeys (ConfUtils.java:logGet(44)) - raft.server.log.segment.cache.num.max = 2 (custom)
2021-12-18 14:21:03,700 [pool-371-thread-1] INFO  server.RaftServerConfigKeys (ConfUtils.java:logGet(44)) - raft.server.log.segment.cache.size.max = 200MB (=209715200) (default)
2021-12-18 14:21:03,700 [pool-371-thread-1] INFO  segmented.SegmentedRaftLogWorker (SegmentedRaftLogWorker.java:<init>(182)) - new omNode-2@group-523986131536-SegmentedRaftLogWorker for RaftStorageImpl:Storage Directory /home/runner/work/ozone/ozone/hadoop-ozone/integration-test/target/test-dir/MiniOzoneClusterImpl-d253f833-dfd5-40cd-9bf3-3e4f3cbf3d44/omNode-2/ratis/c9bc4cf4-3bc3-3c60-a66b-523986131536
2021-12-18 14:21:03,700 [pool-371-thread-1] INFO  server.RaftServerConfigKeys (ConfUtils.java:logGet(44)) - raft.server.log.queue.byte-limit = 64MB (=67108864) (default)
2021-12-18 14:21:03,700 [pool-371-thread-1] INFO  server.RaftServerConfigKeys (ConfUtils.java:logGet(44)) - raft.server.log.queue.element-limit = 4096 (default)
2021-12-18 14:21:03,700 [pool-371-thread-1] INFO  server.RaftServerConfigKeys (ConfUtils.java:logGet(44)) - raft.server.log.segment.size.max = 4194304 (custom)
2021-12-18 14:21:03,700 [pool-371-thread-1] INFO  server.RaftServerConfigKeys (ConfUtils.java:logGet(44)) - raft.server.log.preallocated.size = 4194304 (custom)
2021-12-18 14:21:03,700 [pool-371-thread-1] INFO  server.RaftServerConfigKeys (ConfUtils.java:logGet(44)) - raft.server.log.force.sync.num = 128 (default)
2021-12-18 14:21:03,700 [pool-371-thread-1] INFO  server.RaftServerConfigKeys (ConfUtils.java:logGet(44)) - raft.server.log.statemachine.data.sync = true (default)
2021-12-18 14:21:03,700 [pool-371-thread-1] INFO  server.RaftServerConfigKeys (ConfUtils.java:logGet(44)) - raft.server.log.statemachine.data.sync.timeout = 10s (default)
2021-12-18 14:21:03,700 [pool-371-thread-1] INFO  server.RaftServerConfigKeys (ConfUtils.java:logGet(44)) - raft.server.log.statemachine.data.sync.timeout.retry = -1 (default)
2021-12-18 14:21:03,701 [pool-371-thread-1] INFO  server.RaftServerConfigKeys (ConfUtils.java:logGet(44)) - raft.server.log.write.buffer.size = 64KB (=65536) (default)
2021-12-18 14:21:03,701 [pool-371-thread-1] INFO  server.RaftServerConfigKeys (ConfUtils.java:logGet(44)) - raft.server.log.statemachine.data.caching.enabled = false (default)
2021-12-18 14:21:03,702 [pool-371-thread-1] INFO  server.RaftServer$Division (ServerState.java:setRaftConf(387)) - omNode-2@group-523986131536: set configuration 105: [omNode-3|rpc:localhost:13780|admin:|client:|dataStream:|priority:0, omNode-1|rpc:localhost:13768|admin:|client:|dataStream:|priority:0, omNode-2|rpc:localhost:13774|admin:|client:|dataStream:|priority:0], old=null
2021-12-18 14:21:03,702 [pool-371-thread-1] INFO  segmented.LogSegment (LogSegment.java:loadSegment(173)) - Successfully read 2 entries from segment file /home/runner/work/ozone/ozone/hadoop-ozone/integration-test/target/test-dir/MiniOzoneClusterImpl-d253f833-dfd5-40cd-9bf3-3e4f3cbf3d44/omNode-2/ratis/c9bc4cf4-3bc3-3c60-a66b-523986131536/current/log_inprogress_105
2021-12-18 14:21:03,702 [pool-371-thread-1] INFO  segmented.SegmentedRaftLogWorker (SegmentedRaftLogWorker.java:lambda$new$0(133)) - omNode-2@group-523986131536-SegmentedRaftLogWorker: flushIndex: setUnconditionally 0 -> 106
2021-12-18 14:21:03,702 [pool-371-thread-1] INFO  segmented.SegmentedRaftLogWorker (SegmentedRaftLogWorker.java:lambda$new$0(133)) - omNode-2@group-523986131536-SegmentedRaftLogWorker: safeCacheEvictIndex: setUnconditionally 0 -> -1
2021-12-18 14:21:03,702 [pool-371-thread-1] INFO  raftlog.RaftLog (RaftLogBase.java:lambda$new$0(53)) - omNode-2@group-523986131536-SegmentedRaftLog: commitIndex: updateToMax old=106, new=105, updated? false
2021-12-18 14:21:03,702 [pool-371-thread-1] INFO  raftlog.RaftLog (RaftLogBase.java:lambda$new$0(53)) - omNode-2@group-523986131536-SegmentedRaftLog: purgeIndex: updateIncreasingly -1 -> 104
2021-12-18 14:21:03,702 [pool-371-thread-1] INFO  server.RaftServerConfigKeys (ConfUtils.java:logGet(44)) - raft.server.snapshot.auto.trigger.enabled = true (custom)
2021-12-18 14:21:03,702 [pool-371-thread-1] INFO  server.RaftServerConfigKeys (ConfUtils.java:logGet(44)) - raft.server.snapshot.auto.trigger.threshold = 50 (custom)
2021-12-18 14:21:03,703 [pool-371-thread-1] INFO  server.RaftServerConfigKeys (ConfUtils.java:logGet(44)) - raft.server.snapshot.retention.file.num = -1 (default)
2021-12-18 14:21:03,703 [pool-371-thread-1] INFO  server.RaftServerConfigKeys (ConfUtils.java:logGet(44)) - raft.server.log.purge.upto.snapshot.index = true (custom)
2021-12-18 14:21:03,703 [pool-371-thread-1] INFO  server.RaftServerConfigKeys (ConfUtils.java:logGet(44)) - raft.server.retrycache.expirytime = 30000ms (custom)
2021-12-18 14:21:03,703 [pool-371-thread-1] INFO  server.RaftServerConfigKeys (ConfUtils.java:logGet(44)) - raft.server.retrycache.statistics.expirytime = 100μs (default)
2021-12-18 14:21:03,704 [Listener at localhost/13764] INFO  server.RaftServer$Division (RaftServerImpl.java:start(301)) - omNode-2@group-523986131536: start as a follower, conf=105: [omNode-3|rpc:localhost:13780|admin:|client:|dataStream:|priority:0, omNode-1|rpc:localhost:13768|admin:|client:|dataStream:|priority:0, omNode-2|rpc:localhost:13774|admin:|client:|dataStream:|priority:0], old=null
2021-12-18 14:21:03,704 [Listener at localhost/13764] INFO  server.RaftServer$Division (RaftServerImpl.java:setRole(290)) - omNode-2@group-523986131536: changes role from      null to FOLLOWER at term 8 for startAsFollower
2021-12-18 14:21:03,704 [Listener at localhost/13764] INFO  impl.RoleInfo (RoleInfo.java:updateAndGet(130)) - omNode-2: start omNode-2@group-523986131536-FollowerState
2021-12-18 14:21:03,704 [Listener at localhost/13764] INFO  util.JmxRegister (JmxRegister.java:tryRegister(44)) - Successfully registered JMX Bean with object name Ratis:service=RaftServer,group=group-523986131536,id=omNode-2
2021-12-18 14:21:03,707 [Listener at localhost/13764] INFO  server.RaftServer (RaftServerProxy.java:lambda$start$5(374)) - omNode-2: start RPC server
2021-12-18 14:21:03,708 [Listener at localhost/13764] INFO  server.GrpcService (GrpcService.java:startImpl(253)) - omNode-2: GrpcService started, listening on 13774
2021-12-18 14:21:03,712 [Listener at localhost/13764] INFO  ipc.CallQueueManager (CallQueueManager.java:<init>(90)) - Using callQueue: class java.util.concurrent.LinkedBlockingQueue, queueCapacity: 2000, scheduler: class org.apache.hadoop.ipc.DefaultRpcScheduler, ipcBackoff: false.
2021-12-18 14:21:03,713 [org.apache.ratis.util.JvmPauseMonitor$$Lambda$531/2137848242@20d23d6c] INFO  util.JvmPauseMonitor (JvmPauseMonitor.java:run(103)) - JvmPauseMonitor-omNode-2: Started
2021-12-18 14:21:03,713 [Socket Reader #1 for port 13770] INFO  ipc.Server (Server.java:run(1265)) - Starting Socket Reader #1 for port 13770
2021-12-18 14:21:03,715 [Listener at localhost/13770] INFO  http.BaseHttpServer (BaseHttpServer.java:newHttpServer2BuilderForOzone(209)) - Starting Web-server for ozoneManager at: http://0.0.0.0:13772
2021-12-18 14:21:03,715 [Listener at localhost/13770] INFO  http.BaseHttpServer (BaseHttpServer.java:<init>(107)) - Hadoop Security Enabled: false Ozone Security Enabled: false Ozone HTTP Security Enabled: false 
2021-12-18 14:21:03,717 [Listener at localhost/13770] INFO  server.AuthenticationFilter (AuthenticationFilter.java:constructSecretProvider(240)) - Unable to initialize FileSignerSecretProvider, falling back to use random secrets.
2021-12-18 14:21:03,725 [Listener at localhost/13770] WARN  http.HttpRequestLog (HttpRequestLog.java:getRequestLog(103)) - Jetty request log can only be enabled using Log4j
2021-12-18 14:21:03,726 [Listener at localhost/13770] INFO  http.HttpServer2 (HttpServer2.java:addGlobalFilter(1030)) - Added global filter 'safety' (class=org.apache.hadoop.hdds.server.http.HttpServer2$QuotingInputFilter)
2021-12-18 14:21:03,727 [Listener at localhost/13770] INFO  http.HttpServer2 (HttpServer2.java:addFilter(1006)) - Added filter static_user_filter (class=org.apache.hadoop.http.lib.StaticUserWebFilter$StaticUserFilter) to context ozoneManager
2021-12-18 14:21:03,727 [Listener at localhost/13770] INFO  http.HttpServer2 (HttpServer2.java:addFilter(1014)) - Added filter static_user_filter (class=org.apache.hadoop.http.lib.StaticUserWebFilter$StaticUserFilter) to context logs
2021-12-18 14:21:03,727 [Listener at localhost/13770] INFO  http.HttpServer2 (HttpServer2.java:addFilter(1014)) - Added filter static_user_filter (class=org.apache.hadoop.http.lib.StaticUserWebFilter$StaticUserFilter) to context static
2021-12-18 14:21:03,728 [Listener at localhost/13770] INFO  http.HttpServer2 (HttpServer2.java:bindListener(1249)) - Jetty bound to port 13772
2021-12-18 14:21:03,728 [Listener at localhost/13770] INFO  server.Server (Server.java:doStart(375)) - jetty-9.4.43.v20210629; built: 2021-06-30T11:07:22.254Z; git: 526006ecfa3af7f1a27ef3a288e2bef7ea9dd7e8; jvm 1.8.0_292-b10
2021-12-18 14:21:03,731 [Listener at localhost/13770] INFO  server.session (DefaultSessionIdManager.java:doStart(334)) - DefaultSessionIdManager workerName=node0
2021-12-18 14:21:03,731 [Listener at localhost/13770] INFO  server.session (DefaultSessionIdManager.java:doStart(339)) - No SessionScavenger set, using defaults
2021-12-18 14:21:03,731 [Listener at localhost/13770] INFO  server.session (HouseKeeper.java:startScavenging(132)) - node0 Scavenging every 600000ms
2021-12-18 14:21:03,732 [Listener at localhost/13770] INFO  handler.ContextHandler (ContextHandler.java:doStart(915)) - Started o.e.j.s.ServletContextHandler@3f349006{logs,/logs,file:///home/runner/work/ozone/ozone/hadoop-ozone/integration-test/target/log,AVAILABLE}
2021-12-18 14:21:03,733 [Listener at localhost/13770] INFO  handler.ContextHandler (ContextHandler.java:doStart(915)) - Started o.e.j.s.ServletContextHandler@534f3ce9{static,/static,file:///home/runner/work/ozone/ozone/hadoop-ozone/integration-test/target/test-classes/webapps/static,AVAILABLE}
2021-12-18 14:21:03,738 [Listener at localhost/13770] INFO  handler.ContextHandler (ContextHandler.java:doStart(915)) - Started o.e.j.w.WebAppContext@66075dcf{ozoneManager,/,file:///home/runner/work/ozone/ozone/hadoop-ozone/integration-test/target/test-classes/webapps/ozoneManager/,AVAILABLE}{file:/home/runner/work/ozone/ozone/hadoop-ozone/integration-test/target/test-classes/webapps/ozoneManager}
2021-12-18 14:21:03,740 [Listener at localhost/13770] INFO  server.AbstractConnector (AbstractConnector.java:doStart(331)) - Started ServerConnector@7c31f4da{HTTP/1.1, (http/1.1)}{0.0.0.0:13772}
2021-12-18 14:21:03,740 [Listener at localhost/13770] INFO  server.Server (Server.java:doStart(415)) - Started @44758ms
2021-12-18 14:21:03,740 [Listener at localhost/13770] WARN  impl.MetricsSystemImpl (MetricsSystemImpl.java:register(279)) - Sink prometheus already exists!
2021-12-18 14:21:03,741 [Listener at localhost/13770] INFO  http.BaseHttpServer (BaseHttpServer.java:updateConnectorAddress(329)) - HTTP server of ozoneManager listening at http://0.0.0.0:13772
2021-12-18 14:21:03,741 [IPC Server Responder] INFO  ipc.Server (Server.java:run(1507)) - IPC Server Responder: starting
2021-12-18 14:21:03,744 [IPC Server listener on 13770] INFO  ipc.Server (Server.java:run(1344)) - IPC Server listener on 13770: starting
2021-12-18 14:21:03,748 [Listener at localhost/13770] INFO  om.OzoneManager (OzoneManager.java:startTrashEmptier(1792)) - Trash Interval set to 0. Files deleted will not move to trash
2021-12-18 14:21:03,761 [org.apache.hadoop.util.JvmPauseMonitor$Monitor@626336bf] INFO  util.JvmPauseMonitor (JvmPauseMonitor.java:run(188)) - Starting JVM pause monitor
]]></system-out>
  </testcase>
  <testcase name="testFileOperationsAndDelete" classname="org.apache.hadoop.ozone.om.TestOzoneManagerHAWithData" time="3.781"/>
  <testcase name="testAllOMNodesRunningAndOneDown" classname="org.apache.hadoop.ozone.om.TestOzoneManagerHAWithData" time="10.722"/>
  <testcase name="testTwoOMNodesDown" classname="org.apache.hadoop.ozone.om.TestOzoneManagerHAWithData" time="0">
    <skipped message="This test is failing randomly. It will be enabled after fixing it."/>
  </testcase>
  <testcase name="testOMRestart" classname="org.apache.hadoop.ozone.om.TestOzoneManagerHAWithData" time="46.242"/>
</testsuite>