<?xml version="1.0" encoding="UTF-8"?>
<testsuite xmlns:xsi="http://www.w3.org/2001/XMLSchema-instance" xsi:noNamespaceSchemaLocation="https://maven.apache.org/surefire/maven-surefire-plugin/xsd/surefire-test-report-3.0.xsd" version="3.0" name="org.apache.hadoop.hdds.scm.pipeline.TestRatisPipelineCreateAndDestroy" time="158.429" tests="3" errors="1" skipped="0" failures="0">
  <properties>
    <property name="awt.toolkit" value="sun.awt.X11.XToolkit"/>
    <property name="file.encoding.pkg" value="sun.io"/>
    <property name="java.specification.version" value="1.8"/>
    <property name="sun.cpu.isalist" value=""/>
    <property name="sun.jnu.encoding" value="UTF-8"/>
    <property name="java.class.path" value="/home/runner/work/ozone/ozone/hadoop-ozone/integration-test/target/test-classes:/home/runner/work/ozone/ozone/hadoop-ozone/integration-test/target/classes:/home/runner/.m2/repository/org/apache/ozone/ozone-common/1.3.0-SNAPSHOT/ozone-common-1.3.0-SNAPSHOT.jar:/home/runner/.m2/repository/io/grpc/grpc-netty/1.48.1/grpc-netty-1.48.1.jar:/home/runner/.m2/repository/io/grpc/grpc-core/1.48.1/grpc-core-1.48.1.jar:/home/runner/.m2/repository/com/google/android/annotations/4.1.1.4/annotations-4.1.1.4.jar:/home/runner/.m2/repository/org/codehaus/mojo/animal-sniffer-annotations/1.21/animal-sniffer-annotations-1.21.jar:/home/runner/.m2/repository/com/google/errorprone/error_prone_annotations/2.2.0/error_prone_annotations-2.2.0.jar:/home/runner/.m2/repository/io/perfmark/perfmark-api/0.25.0/perfmark-api-0.25.0.jar:/home/runner/.m2/repository/io/netty/netty-codec-http2/4.1.79.Final/netty-codec-http2-4.1.79.Final.jar:/home/runner/.m2/repository/io/netty/netty-common/4.1.79.Final/netty-common-4.1.79.Final.jar:/home/runner/.m2/repository/io/netty/netty-buffer/4.1.79.Final/netty-buffer-4.1.79.Final.jar:/home/runner/.m2/repository/io/netty/netty-codec-http/4.1.79.Final/netty-codec-http-4.1.79.Final.jar:/home/runner/.m2/repository/io/netty/netty-handler-proxy/4.1.79.Final/netty-handler-proxy-4.1.79.Final.jar:/home/runner/.m2/repository/io/netty/netty-codec-socks/4.1.79.Final/netty-codec-socks-4.1.79.Final.jar:/home/runner/.m2/repository/io/netty/netty-tcnative-boringssl-static/2.0.53.Final/netty-tcnative-boringssl-static-2.0.53.Final.jar:/home/runner/.m2/repository/io/netty/netty-tcnative-classes/2.0.53.Final/netty-tcnative-classes-2.0.53.Final.jar:/home/runner/.m2/repository/io/netty/netty-tcnative-boringssl-static/2.0.53.Final/netty-tcnative-boringssl-static-2.0.53.Final-linux-x86_64.jar:/home/runner/.m2/repository/io/netty/netty-tcnative-boringssl-static/2.0.53.Final/netty-tcnative-boringssl-static-2.0.53.Final-linux-aarch_64.jar:/home/runner/.m2/repository/io/netty/netty-tcnative-boringssl-static/2.0.53.Final/netty-tcnative-boringssl-static-2.0.53.Final-osx-x86_64.jar:/home/runner/.m2/repository/io/netty/netty-tcnative-boringssl-static/2.0.53.Final/netty-tcnative-boringssl-static-2.0.53.Final-osx-aarch_64.jar:/home/runner/.m2/repository/io/netty/netty-tcnative-boringssl-static/2.0.53.Final/netty-tcnative-boringssl-static-2.0.53.Final-windows-x86_64.jar:/home/runner/.m2/repository/org/apache/commons/commons-compress/1.21/commons-compress-1.21.jar:/home/runner/.m2/repository/org/apache/ozone/hdds-common/1.3.0-SNAPSHOT/hdds-common-1.3.0-SNAPSHOT.jar:/home/runner/.m2/repository/org/apache/ozone/hdds-client/1.3.0-SNAPSHOT/hdds-client-1.3.0-SNAPSHOT.jar:/home/runner/.m2/repository/org/apache/ozone/ozone-interface-client/1.3.0-SNAPSHOT/ozone-interface-client-1.3.0-SNAPSHOT.jar:/home/runner/.m2/repository/org/apache/ozone/hdds-test-utils/1.3.0-SNAPSHOT/hdds-test-utils-1.3.0-SNAPSHOT.jar:/home/runner/.m2/repository/com/google/guava/guava/31.1-jre/guava-31.1-jre.jar:/home/runner/.m2/repository/com/google/guava/failureaccess/1.0.1/failureaccess-1.0.1.jar:/home/runner/.m2/repository/com/google/guava/listenablefuture/9999.0-empty-to-avoid-conflict-with-guava/listenablefuture-9999.0-empty-to-avoid-conflict-with-guava.jar:/home/runner/.m2/repository/com/google/code/findbugs/jsr305/3.0.0/jsr305-3.0.0.jar:/home/runner/.m2/repository/org/checkerframework/checker-qual/3.12.0/checker-qual-3.12.0.jar:/home/runner/.m2/repository/com/google/j2objc/j2objc-annotations/1.3/j2objc-annotations-1.3.jar:/home/runner/.m2/repository/commons-io/commons-io/2.11.0/commons-io-2.11.0.jar:/home/runner/.m2/repository/commons-logging/commons-logging/1.2/commons-logging-1.2.jar:/home/runner/.m2/repository/ch/qos/reload4j/reload4j/1.2.22/reload4j-1.2.22.jar:/home/runner/.m2/repository/org/slf4j/slf4j-api/1.7.36/slf4j-api-1.7.36.jar:/home/runner/.m2/repository/org/apache/ozone/hdds-server-scm/1.3.0-SNAPSHOT/hdds-server-scm-1.3.0-SNAPSHOT.jar:/home/runner/.m2/repository/org/apache/ozone/hdds-container-service/1.3.0-SNAPSHOT/hdds-container-service-1.3.0-SNAPSHOT.jar:/home/runner/.m2/repository/org/apache/ozone/hdds-hadoop-dependency-server/1.3.0-SNAPSHOT/hdds-hadoop-dependency-server-1.3.0-SNAPSHOT.jar:/home/runner/.m2/repository/org/apache/hadoop/hadoop-hdfs/3.3.4/hadoop-hdfs-3.3.4.jar:/home/runner/.m2/repository/org/eclipse/jetty/jetty-util-ajax/9.4.49.v20220914/jetty-util-ajax-9.4.49.v20220914.jar:/home/runner/.m2/repository/commons-daemon/commons-daemon/1.0.13/commons-daemon-1.0.13.jar:/home/runner/.m2/repository/org/apache/ozone/hdds-server-framework/1.3.0-SNAPSHOT/hdds-server-framework-1.3.0-SNAPSHOT.jar:/home/runner/.m2/repository/org/apache/ozone/hdds-interface-server/1.3.0-SNAPSHOT/hdds-interface-server-1.3.0-SNAPSHOT.jar:/home/runner/.m2/repository/org/apache/commons/commons-configuration2/2.1.1/commons-configuration2-2.1.1.jar:/home/runner/.m2/repository/org/apache/logging/log4j/log4j-core/2.17.1/log4j-core-2.17.1.jar:/home/runner/.m2/repository/com/lmax/disruptor/3.4.2/disruptor-3.4.2.jar:/home/runner/.m2/repository/org/eclipse/jetty/jetty-servlet/9.4.49.v20220914/jetty-servlet-9.4.49.v20220914.jar:/home/runner/.m2/repository/org/eclipse/jetty/jetty-security/9.4.49.v20220914/jetty-security-9.4.49.v20220914.jar:/home/runner/.m2/repository/org/rocksdb/rocksdbjni/7.7.3/rocksdbjni-7.7.3.jar:/home/runner/.m2/repository/io/prometheus/simpleclient_dropwizard/0.7.0/simpleclient_dropwizard-0.7.0.jar:/home/runner/.m2/repository/io/prometheus/simpleclient/0.7.0/simpleclient-0.7.0.jar:/home/runner/.m2/repository/io/prometheus/simpleclient_common/0.7.0/simpleclient_common-0.7.0.jar:/home/runner/.m2/repository/com/github/spotbugs/spotbugs-annotations/3.1.12/spotbugs-annotations-3.1.12.jar:/home/runner/.m2/repository/io/dropwizard/metrics/metrics-core/3.2.4/metrics-core-3.2.4.jar:/home/runner/.m2/repository/org/apache/commons/commons-text/1.4/commons-text-1.4.jar:/home/runner/.m2/repository/org/apache/hadoop/hadoop-hdfs-client/3.3.4/hadoop-hdfs-client-3.3.4.jar:/home/runner/.m2/repository/com/squareup/okhttp3/okhttp/4.9.3/okhttp-4.9.3.jar:/home/runner/.m2/repository/com/squareup/okio/okio/2.8.0/okio-2.8.0.jar:/home/runner/.m2/repository/org/jetbrains/kotlin/kotlin-stdlib-common/1.4.10/kotlin-stdlib-common-1.4.10.jar:/home/runner/.m2/repository/org/bouncycastle/bcprov-jdk15on/1.67/bcprov-jdk15on-1.67.jar:/home/runner/.m2/repository/com/google/protobuf/protobuf-java/2.5.0/protobuf-java-2.5.0.jar:/home/runner/.m2/repository/org/apache/ozone/ozone-manager/1.3.0-SNAPSHOT/ozone-manager-1.3.0-SNAPSHOT.jar:/home/runner/.m2/repository/org/aspectj/aspectjrt/1.9.7/aspectjrt-1.9.7.jar:/home/runner/.m2/repository/org/aspectj/aspectjweaver/1.9.7/aspectjweaver-1.9.7.jar:/home/runner/.m2/repository/org/apache/ozone/hdds-interface-client/1.3.0-SNAPSHOT/hdds-interface-client-1.3.0-SNAPSHOT.jar:/home/runner/.m2/repository/org/apache/hadoop/thirdparty/hadoop-shaded-protobuf_3_7/1.1.1/hadoop-shaded-protobuf_3_7-1.1.1.jar:/home/runner/.m2/repository/org/apache/ozone/ozone-interface-storage/1.3.0-SNAPSHOT/ozone-interface-storage-1.3.0-SNAPSHOT.jar:/home/runner/.m2/repository/org/reflections/reflections/0.9.11/reflections-0.9.11.jar:/home/runner/.m2/repository/com/sun/jersey/jersey-client/1.19/jersey-client-1.19.jar:/home/runner/.m2/repository/org/apache/ranger/ranger-intg/2.3.0/ranger-intg-2.3.0.jar:/home/runner/.m2/repository/org/apache/ranger/ranger-plugins-common/2.3.0/ranger-plugins-common-2.3.0.jar:/home/runner/.m2/repository/commons-lang/commons-lang/2.6/commons-lang-2.6.jar:/home/runner/.m2/repository/org/codehaus/jackson/jackson-jaxrs/1.9.13/jackson-jaxrs-1.9.13.jar:/home/runner/.m2/repository/org/apache/ranger/ranger-plugins-cred/2.3.0/ranger-plugins-cred-2.3.0.jar:/home/runner/.m2/repository/org/apache/ranger/ranger-plugins-audit/2.3.0/ranger-plugins-audit-2.3.0.jar:/home/runner/.m2/repository/org/eclipse/jetty/jetty-client/9.4.31.v20200723/jetty-client-9.4.31.v20200723.jar:/home/runner/.m2/repository/org/apache/httpcomponents/httpmime/4.5.6/httpmime-4.5.6.jar:/home/runner/.m2/repository/org/apache/httpcomponents/httpcore-nio/4.4.6/httpcore-nio-4.4.6.jar:/home/runner/.m2/repository/org/apache/httpcomponents/httpasyncclient/4.1.3/httpasyncclient-4.1.3.jar:/home/runner/.m2/repository/com/carrotsearch/hppc/0.8.0/hppc-0.8.0.jar:/home/runner/.m2/repository/org/apache/orc/orc-core/1.5.8/orc-core-1.5.8.jar:/home/runner/.m2/repository/net/java/dev/jna/jna/5.2.0/jna-5.2.0.jar:/home/runner/.m2/repository/net/java/dev/jna/jna-platform/5.2.0/jna-platform-5.2.0.jar:/home/runner/.m2/repository/com/kstruct/gethostname4j/0.0.2/gethostname4j-0.0.2.jar:/home/runner/.m2/repository/org/apache/ranger/ranger-plugin-classloader/2.3.0/ranger-plugin-classloader-2.3.0.jar:/home/runner/.m2/repository/org/apache/hadoop/hadoop-minikdc/3.3.4/hadoop-minikdc-3.3.4.jar:/home/runner/.m2/repository/org/apache/kerby/kerb-simplekdc/1.0.1/kerb-simplekdc-1.0.1.jar:/home/runner/.m2/repository/org/apache/kerby/kerb-client/1.0.1/kerb-client-1.0.1.jar:/home/runner/.m2/repository/org/apache/kerby/kerby-config/1.0.1/kerby-config-1.0.1.jar:/home/runner/.m2/repository/org/apache/kerby/kerb-common/1.0.1/kerb-common-1.0.1.jar:/home/runner/.m2/repository/org/apache/kerby/kerb-crypto/1.0.1/kerb-crypto-1.0.1.jar:/home/runner/.m2/repository/org/apache/kerby/kerb-util/1.0.1/kerb-util-1.0.1.jar:/home/runner/.m2/repository/org/apache/kerby/token-provider/1.0.1/token-provider-1.0.1.jar:/home/runner/.m2/repository/org/apache/kerby/kerb-admin/1.0.1/kerb-admin-1.0.1.jar:/home/runner/.m2/repository/org/apache/kerby/kerb-server/1.0.1/kerb-server-1.0.1.jar:/home/runner/.m2/repository/org/apache/kerby/kerb-identity/1.0.1/kerb-identity-1.0.1.jar:/home/runner/.m2/repository/org/apache/kerby/kerby-xdr/1.0.1/kerby-xdr-1.0.1.jar:/home/runner/.m2/repository/org/apache/ozone/ozone-s3gateway/1.3.0-SNAPSHOT/ozone-s3gateway-1.3.0-SNAPSHOT.jar:/home/runner/.m2/repository/org/javassist/javassist/3.21.0-GA/javassist-3.21.0-GA.jar:/home/runner/.m2/repository/org/jboss/weld/servlet/weld-servlet/2.4.7.Final/weld-servlet-2.4.7.Final.jar:/home/runner/.m2/repository/org/glassfish/jersey/containers/jersey-container-servlet-core/2.34/jersey-container-servlet-core-2.34.jar:/home/runner/.m2/repository/org/glassfish/hk2/external/jakarta.inject/2.6.1/jakarta.inject-2.6.1.jar:/home/runner/.m2/repository/org/glassfish/jersey/core/jersey-common/2.34/jersey-common-2.34.jar:/home/runner/.m2/repository/jakarta/ws/rs/jakarta.ws.rs-api/2.1.6/jakarta.ws.rs-api-2.1.6.jar:/home/runner/.m2/repository/org/glassfish/jersey/ext/cdi/jersey-cdi1x/2.34/jersey-cdi1x-2.34.jar:/home/runner/.m2/repository/org/glassfish/jersey/inject/jersey-hk2/2.34/jersey-hk2-2.34.jar:/home/runner/.m2/repository/org/glassfish/hk2/hk2-locator/2.6.1/hk2-locator-2.6.1.jar:/home/runner/.m2/repository/org/glassfish/jersey/media/jersey-media-jaxb/2.34/jersey-media-jaxb-2.34.jar:/home/runner/.m2/repository/org/glassfish/hk2/osgi-resource-locator/1.0.3/osgi-resource-locator-1.0.3.jar:/home/runner/.m2/repository/org/glassfish/hk2/hk2-api/2.5.0/hk2-api-2.5.0.jar:/home/runner/.m2/repository/org/glassfish/hk2/hk2-utils/2.5.0/hk2-utils-2.5.0.jar:/home/runner/.m2/repository/org/glassfish/hk2/external/aopalliance-repackaged/2.5.0/aopalliance-repackaged-2.5.0.jar:/home/runner/.m2/repository/com/fasterxml/jackson/dataformat/jackson-dataformat-xml/2.13.4/jackson-dataformat-xml-2.13.4.jar:/home/runner/.m2/repository/com/fasterxml/jackson/core/jackson-core/2.13.4/jackson-core-2.13.4.jar:/home/runner/.m2/repository/org/codehaus/woodstox/stax2-api/3.1.4/stax2-api-3.1.4.jar:/home/runner/.m2/repository/com/fasterxml/woodstox/woodstox-core/5.4.0/woodstox-core-5.4.0.jar:/home/runner/.m2/repository/com/fasterxml/jackson/module/jackson-module-jaxb-annotations/2.13.4/jackson-module-jaxb-annotations-2.13.4.jar:/home/runner/.m2/repository/jakarta/xml/bind/jakarta.xml.bind-api/2.3.3/jakarta.xml.bind-api-2.3.3.jar:/home/runner/.m2/repository/jakarta/activation/jakarta.activation-api/1.2.1/jakarta.activation-api-1.2.1.jar:/home/runner/.m2/repository/javax/enterprise/cdi-api/1.2/cdi-api-1.2.jar:/home/runner/.m2/repository/javax/el/javax.el-api/3.0.0/javax.el-api-3.0.0.jar:/home/runner/.m2/repository/javax/interceptor/javax.interceptor-api/1.2/javax.interceptor-api-1.2.jar:/home/runner/.m2/repository/javax/inject/javax.inject/1/javax.inject-1.jar:/home/runner/.m2/repository/javax/xml/bind/jaxb-api/2.3.0/jaxb-api-2.3.0.jar:/home/runner/.m2/repository/org/glassfish/jaxb/jaxb-runtime/2.3.0.1/jaxb-runtime-2.3.0.1.jar:/home/runner/.m2/repository/org/glassfish/jaxb/jaxb-core/2.3.0.1/jaxb-core-2.3.0.1.jar:/home/runner/.m2/repository/org/glassfish/jaxb/txw2/2.3.0.1/txw2-2.3.0.1.jar:/home/runner/.m2/repository/com/sun/istack/istack-commons-runtime/3.0.5/istack-commons-runtime-3.0.5.jar:/home/runner/.m2/repository/org/jvnet/staxex/stax-ex/1.7.8/stax-ex-1.7.8.jar:/home/runner/.m2/repository/com/sun/xml/fastinfoset/FastInfoset/1.2.13/FastInfoset-1.2.13.jar:/home/runner/.m2/repository/javax/activation/activation/1.1.1/activation-1.1.1.jar:/home/runner/.m2/repository/io/grpc/grpc-protobuf/1.48.1/grpc-protobuf-1.48.1.jar:/home/runner/.m2/repository/io/grpc/grpc-api/1.48.1/grpc-api-1.48.1.jar:/home/runner/.m2/repository/io/grpc/grpc-context/1.48.1/grpc-context-1.48.1.jar:/home/runner/.m2/repository/com/google/api/grpc/proto-google-common-protos/2.9.0/proto-google-common-protos-2.9.0.jar:/home/runner/.m2/repository/io/grpc/grpc-protobuf-lite/1.48.1/grpc-protobuf-lite-1.48.1.jar:/home/runner/.m2/repository/io/grpc/grpc-stub/1.48.1/grpc-stub-1.48.1.jar:/home/runner/.m2/repository/io/netty/netty-transport/4.1.79.Final/netty-transport-4.1.79.Final.jar:/home/runner/.m2/repository/io/netty/netty-resolver/4.1.79.Final/netty-resolver-4.1.79.Final.jar:/home/runner/.m2/repository/org/apache/ozone/ozone-csi/1.3.0-SNAPSHOT/ozone-csi-1.3.0-SNAPSHOT.jar:/home/runner/.m2/repository/com/google/protobuf/protobuf-java-util/3.19.2/protobuf-java-util-3.19.2.jar:/home/runner/.m2/repository/com/google/code/gson/gson/2.9.0/gson-2.9.0.jar:/home/runner/.m2/repository/org/apache/ozone/hdds-config/1.3.0-SNAPSHOT/hdds-config-1.3.0-SNAPSHOT.jar:/home/runner/.m2/repository/io/netty/netty-transport-native-epoll/4.1.79.Final/netty-transport-native-epoll-4.1.79.Final-linux-x86_64.jar:/home/runner/.m2/repository/io/netty/netty-transport-classes-epoll/4.1.79.Final/netty-transport-classes-epoll-4.1.79.Final.jar:/home/runner/.m2/repository/io/netty/netty-transport-native-unix-common/4.1.79.Final/netty-transport-native-unix-common-4.1.79.Final.jar:/home/runner/.m2/repository/org/slf4j/slf4j-reload4j/1.7.36/slf4j-reload4j-1.7.36.jar:/home/runner/.m2/repository/org/apache/ozone/ozone-recon/1.3.0-SNAPSHOT/ozone-recon-1.3.0-SNAPSHOT.jar:/home/runner/.m2/repository/org/apache/ozone/ozone-reconcodegen/1.3.0-SNAPSHOT/ozone-reconcodegen-1.3.0-SNAPSHOT.jar:/home/runner/.m2/repository/com/google/inject/extensions/guice-multibindings/4.0/guice-multibindings-4.0.jar:/home/runner/.m2/repository/com/google/inject/guice/4.0/guice-4.0.jar:/home/runner/.m2/repository/aopalliance/aopalliance/1.0/aopalliance-1.0.jar:/home/runner/.m2/repository/com/google/inject/extensions/guice-assistedinject/4.0/guice-assistedinject-4.0.jar:/home/runner/.m2/repository/com/google/inject/extensions/guice-servlet/4.0/guice-servlet-4.0.jar:/home/runner/.m2/repository/org/glassfish/jersey/containers/jersey-container-servlet/2.34/jersey-container-servlet-2.34.jar:/home/runner/.m2/repository/org/glassfish/hk2/guice-bridge/2.5.0/guice-bridge-2.5.0.jar:/home/runner/.m2/repository/org/glassfish/jersey/core/jersey-server/2.34/jersey-server-2.34.jar:/home/runner/.m2/repository/org/glassfish/jersey/core/jersey-client/2.34/jersey-client-2.34.jar:/home/runner/.m2/repository/jakarta/annotation/jakarta.annotation-api/1.3.5/jakarta.annotation-api-1.3.5.jar:/home/runner/.m2/repository/jakarta/validation/jakarta.validation-api/2.0.2/jakarta.validation-api-2.0.2.jar:/home/runner/.m2/repository/org/glassfish/jersey/media/jersey-media-json-jackson/2.34/jersey-media-json-jackson-2.34.jar:/home/runner/.m2/repository/org/glassfish/jersey/ext/jersey-entity-filtering/2.34/jersey-entity-filtering-2.34.jar:/home/runner/.m2/repository/org/jooq/jooq/3.11.10/jooq-3.11.10.jar:/home/runner/.m2/repository/org/jooq/jooq-meta/3.11.10/jooq-meta-3.11.10.jar:/home/runner/.m2/repository/org/jooq/jooq-codegen/3.11.10/jooq-codegen-3.11.10.jar:/home/runner/.m2/repository/com/jolbox/bonecp/0.8.0.RELEASE/bonecp-0.8.0.RELEASE.jar:/home/runner/.m2/repository/org/apache/derby/derby/10.14.2.0/derby-10.14.2.0.jar:/home/runner/.m2/repository/org/xerial/sqlite-jdbc/3.25.2/sqlite-jdbc-3.25.2.jar:/home/runner/.m2/repository/org/springframework/spring-jdbc/5.3.23/spring-jdbc-5.3.23.jar:/home/runner/.m2/repository/org/springframework/spring-beans/5.3.23/spring-beans-5.3.23.jar:/home/runner/.m2/repository/org/springframework/spring-core/5.3.23/spring-core-5.3.23.jar:/home/runner/.m2/repository/org/springframework/spring-jcl/5.3.23/spring-jcl-5.3.23.jar:/home/runner/.m2/repository/org/springframework/spring-tx/5.3.23/spring-tx-5.3.23.jar:/home/runner/.m2/repository/org/apache/ozone/ozone-client/1.3.0-SNAPSHOT/ozone-client-1.3.0-SNAPSHOT.jar:/home/runner/.m2/repository/org/apache/ozone/hdds-erasurecode/1.3.0-SNAPSHOT/hdds-erasurecode-1.3.0-SNAPSHOT.jar:/home/runner/.m2/repository/org/apache/ozone/ozone-filesystem/1.3.0-SNAPSHOT/ozone-filesystem-1.3.0-SNAPSHOT.jar:/home/runner/.m2/repository/org/apache/ozone/ozone-filesystem-common/1.3.0-SNAPSHOT/ozone-filesystem-common-1.3.0-SNAPSHOT.jar:/home/runner/.m2/repository/org/apache/ozone/ozone-tools/1.3.0-SNAPSHOT/ozone-tools-1.3.0-SNAPSHOT.jar:/home/runner/.m2/repository/org/apache/ratis/ratis-tools/2.4.0/ratis-tools-2.4.0.jar:/home/runner/.m2/repository/com/amazonaws/aws-java-sdk-core/1.12.261/aws-java-sdk-core-1.12.261.jar:/home/runner/.m2/repository/org/apache/httpcomponents/httpclient/4.5.13/httpclient-4.5.13.jar:/home/runner/.m2/repository/org/apache/httpcomponents/httpcore/4.4.13/httpcore-4.4.13.jar:/home/runner/.m2/repository/software/amazon/ion/ion-java/1.0.2/ion-java-1.0.2.jar:/home/runner/.m2/repository/com/fasterxml/jackson/dataformat/jackson-dataformat-cbor/2.13.4/jackson-dataformat-cbor-2.13.4.jar:/home/runner/.m2/repository/joda-time/joda-time/2.8.1/joda-time-2.8.1.jar:/home/runner/.m2/repository/com/amazonaws/aws-java-sdk-s3/1.12.261/aws-java-sdk-s3-1.12.261.jar:/home/runner/.m2/repository/com/amazonaws/aws-java-sdk-kms/1.12.261/aws-java-sdk-kms-1.12.261.jar:/home/runner/.m2/repository/com/amazonaws/jmespath-java/1.12.261/jmespath-java-1.12.261.jar:/home/runner/.m2/repository/org/kohsuke/metainf-services/metainf-services/1.8/metainf-services-1.8.jar:/home/runner/.m2/repository/org/apache/ozone/hdds-tools/1.3.0-SNAPSHOT/hdds-tools-1.3.0-SNAPSHOT.jar:/home/runner/.m2/repository/commons-cli/commons-cli/1.2/commons-cli-1.2.jar:/home/runner/.m2/repository/org/apache/commons/commons-lang3/3.7/commons-lang3-3.7.jar:/home/runner/.m2/repository/org/apache/ozone/ozone-manager/1.3.0-SNAPSHOT/ozone-manager-1.3.0-SNAPSHOT-tests.jar:/home/runner/.m2/repository/org/apache/ozone/hdds-common/1.3.0-SNAPSHOT/hdds-common-1.3.0-SNAPSHOT-tests.jar:/home/runner/.m2/repository/org/apache/ozone/hdds-hadoop-dependency-client/1.3.0-SNAPSHOT/hdds-hadoop-dependency-client-1.3.0-SNAPSHOT.jar:/home/runner/.m2/repository/info/picocli/picocli/4.6.1/picocli-4.6.1.jar:/home/runner/.m2/repository/com/fasterxml/jackson/core/jackson-annotations/2.13.4/jackson-annotations-2.13.4.jar:/home/runner/.m2/repository/com/fasterxml/jackson/datatype/jackson-datatype-jsr310/2.13.4/jackson-datatype-jsr310-2.13.4.jar:/home/runner/.m2/repository/org/apache/ozone/hdds-annotation-processing/1.3.0-SNAPSHOT/hdds-annotation-processing-1.3.0-SNAPSHOT.jar:/home/runner/.m2/repository/javax/annotation/javax.annotation-api/1.2/javax.annotation-api-1.2.jar:/home/runner/.m2/repository/org/apache/ratis/ratis-server/2.4.0/ratis-server-2.4.0.jar:/home/runner/.m2/repository/org/apache/ratis/ratis-client/2.4.0/ratis-client-2.4.0.jar:/home/runner/.m2/repository/org/apache/ratis/ratis-server-api/2.4.0/ratis-server-api-2.4.0.jar:/home/runner/.m2/repository/org/apache/ratis/ratis-metrics/2.4.0/ratis-metrics-2.4.0.jar:/home/runner/.m2/repository/org/apache/ratis/ratis-netty/2.4.0/ratis-netty-2.4.0.jar:/home/runner/.m2/repository/org/apache/ratis/ratis-grpc/2.4.0/ratis-grpc-2.4.0.jar:/home/runner/.m2/repository/org/apache/logging/log4j/log4j-api/2.17.1/log4j-api-2.17.1.jar:/home/runner/.m2/repository/org/apache/commons/commons-pool2/2.6.0/commons-pool2-2.6.0.jar:/home/runner/.m2/repository/org/bouncycastle/bcpkix-jdk15on/1.67/bcpkix-jdk15on-1.67.jar:/home/runner/.m2/repository/commons-validator/commons-validator/1.6/commons-validator-1.6.jar:/home/runner/.m2/repository/commons-beanutils/commons-beanutils/1.9.4/commons-beanutils-1.9.4.jar:/home/runner/.m2/repository/commons-digester/commons-digester/1.8.1/commons-digester-1.8.1.jar:/home/runner/.m2/repository/commons-collections/commons-collections/3.2.2/commons-collections-3.2.2.jar:/home/runner/.m2/repository/io/jaegertracing/jaeger-client/1.6.0/jaeger-client-1.6.0.jar:/home/runner/.m2/repository/io/jaegertracing/jaeger-thrift/1.6.0/jaeger-thrift-1.6.0.jar:/home/runner/.m2/repository/org/apache/thrift/libthrift/0.14.1/libthrift-0.14.1.jar:/home/runner/.m2/repository/io/jaegertracing/jaeger-core/1.6.0/jaeger-core-1.6.0.jar:/home/runner/.m2/repository/io/jaegertracing/jaeger-tracerresolver/1.6.0/jaeger-tracerresolver-1.6.0.jar:/home/runner/.m2/repository/io/opentracing/contrib/opentracing-tracerresolver/0.1.8/opentracing-tracerresolver-0.1.8.jar:/home/runner/.m2/repository/org/jetbrains/kotlin/kotlin-stdlib/1.6.21/kotlin-stdlib-1.6.21.jar:/home/runner/.m2/repository/org/jetbrains/annotations/13.0/annotations-13.0.jar:/home/runner/.m2/repository/io/opentracing/opentracing-util/0.33.0/opentracing-util-0.33.0.jar:/home/runner/.m2/repository/io/opentracing/opentracing-api/0.33.0/opentracing-api-0.33.0.jar:/home/runner/.m2/repository/io/opentracing/opentracing-noop/0.33.0/opentracing-noop-0.33.0.jar:/home/runner/.m2/repository/org/yaml/snakeyaml/1.33/snakeyaml-1.33.jar:/home/runner/.m2/repository/org/apache/ozone/hdds-interface-admin/1.3.0-SNAPSHOT/hdds-interface-admin-1.3.0-SNAPSHOT.jar:/home/runner/.m2/repository/junit/junit/4.13.1/junit-4.13.1.jar:/home/runner/.m2/repository/org/hamcrest/hamcrest-core/1.3/hamcrest-core-1.3.jar:/home/runner/.m2/repository/org/junit/jupiter/junit-jupiter-api/5.8.2/junit-jupiter-api-5.8.2.jar:/home/runner/.m2/repository/org/opentest4j/opentest4j/1.2.0/opentest4j-1.2.0.jar:/home/runner/.m2/repository/org/junit/platform/junit-platform-commons/1.8.2/junit-platform-commons-1.8.2.jar:/home/runner/.m2/repository/org/apiguardian/apiguardian-api/1.1.2/apiguardian-api-1.1.2.jar:/home/runner/.m2/repository/org/junit/jupiter/junit-jupiter-params/5.8.2/junit-jupiter-params-5.8.2.jar:/home/runner/.m2/repository/org/junit/jupiter/junit-jupiter-migrationsupport/5.8.2/junit-jupiter-migrationsupport-5.8.2.jar:/home/runner/.m2/repository/org/junit/jupiter/junit-jupiter-engine/5.8.2/junit-jupiter-engine-5.8.2.jar:/home/runner/.m2/repository/org/junit/platform/junit-platform-engine/1.8.2/junit-platform-engine-1.8.2.jar:/home/runner/.m2/repository/org/junit/vintage/junit-vintage-engine/5.8.2/junit-vintage-engine-5.8.2.jar:/home/runner/.m2/repository/org/junit/platform/junit-platform-launcher/1.8.2/junit-platform-launcher-1.8.2.jar:/home/runner/.m2/repository/org/mockito/mockito-core/2.28.2/mockito-core-2.28.2.jar:/home/runner/.m2/repository/net/bytebuddy/byte-buddy/1.9.10/byte-buddy-1.9.10.jar:/home/runner/.m2/repository/net/bytebuddy/byte-buddy-agent/1.9.10/byte-buddy-agent-1.9.10.jar:/home/runner/.m2/repository/org/objenesis/objenesis/1.0/objenesis-1.0.jar:/home/runner/.m2/repository/org/apache/hadoop/hadoop-kms/3.3.4/hadoop-kms-3.3.4.jar:/home/runner/.m2/repository/org/apache/hadoop/hadoop-auth/3.3.4/hadoop-auth-3.3.4.jar:/home/runner/.m2/repository/com/nimbusds/nimbus-jose-jwt/7.9/nimbus-jose-jwt-7.9.jar:/home/runner/.m2/repository/com/github/stephenc/jcip/jcip-annotations/1.0-1/jcip-annotations-1.0-1.jar:/home/runner/.m2/repository/net/minidev/json-smart/2.4.7/json-smart-2.4.7.jar:/home/runner/.m2/repository/net/minidev/accessors-smart/2.4.7/accessors-smart-2.4.7.jar:/home/runner/.m2/repository/org/ow2/asm/asm/5.0.4/asm-5.0.4.jar:/home/runner/.m2/repository/org/apache/zookeeper/zookeeper/3.5.6/zookeeper-3.5.6.jar:/home/runner/.m2/repository/org/apache/zookeeper/zookeeper-jute/3.5.6/zookeeper-jute-3.5.6.jar:/home/runner/.m2/repository/org/apache/yetus/audience-annotations/0.5.0/audience-annotations-0.5.0.jar:/home/runner/.m2/repository/org/apache/curator/curator-framework/4.2.0/curator-framework-4.2.0.jar:/home/runner/.m2/repository/org/apache/hadoop/thirdparty/hadoop-shaded-guava/1.1.1/hadoop-shaded-guava-1.1.1.jar:/home/runner/.m2/repository/com/sun/jersey/jersey-core/1.19/jersey-core-1.19.jar:/home/runner/.m2/repository/javax/ws/rs/jsr311-api/1.1.1/jsr311-api-1.1.1.jar:/home/runner/.m2/repository/com/sun/jersey/jersey-server/1.19/jersey-server-1.19.jar:/home/runner/.m2/repository/javax/servlet/javax.servlet-api/3.1.0/javax.servlet-api-3.1.0.jar:/home/runner/.m2/repository/org/eclipse/jetty/jetty-server/9.4.49.v20220914/jetty-server-9.4.49.v20220914.jar:/home/runner/.m2/repository/org/eclipse/jetty/jetty-http/9.4.49.v20220914/jetty-http-9.4.49.v20220914.jar:/home/runner/.m2/repository/org/eclipse/jetty/jetty-io/9.4.49.v20220914/jetty-io-9.4.49.v20220914.jar:/home/runner/.m2/repository/org/eclipse/jetty/jetty-webapp/9.4.49.v20220914/jetty-webapp-9.4.49.v20220914.jar:/home/runner/.m2/repository/org/eclipse/jetty/jetty-xml/9.4.49.v20220914/jetty-xml-9.4.49.v20220914.jar:/home/runner/.m2/repository/org/apache/hadoop/hadoop-common/3.3.4/hadoop-common-3.3.4.jar:/home/runner/.m2/repository/org/apache/commons/commons-math3/3.1.1/commons-math3-3.1.1.jar:/home/runner/.m2/repository/commons-net/commons-net/3.6/commons-net-3.6.jar:/home/runner/.m2/repository/com/sun/jersey/jersey-servlet/1.19/jersey-servlet-1.19.jar:/home/runner/.m2/repository/com/sun/jersey/jersey-json/1.19/jersey-json-1.19.jar:/home/runner/.m2/repository/org/codehaus/jettison/jettison/1.1/jettison-1.1.jar:/home/runner/.m2/repository/com/sun/xml/bind/jaxb-impl/2.2.3-1/jaxb-impl-2.2.3-1.jar:/home/runner/.m2/repository/org/codehaus/jackson/jackson-xc/1.9.2/jackson-xc-1.9.2.jar:/home/runner/.m2/repository/com/google/re2j/re2j/1.1/re2j-1.1.jar:/home/runner/.m2/repository/com/jcraft/jsch/0.1.54/jsch-0.1.54.jar:/home/runner/.m2/repository/org/apache/curator/curator-client/4.2.0/curator-client-4.2.0.jar:/home/runner/.m2/repository/org/apache/curator/curator-recipes/4.2.0/curator-recipes-4.2.0.jar:/home/runner/.m2/repository/org/apache/kerby/kerb-core/1.0.1/kerb-core-1.0.1.jar:/home/runner/.m2/repository/org/apache/kerby/kerby-pkix/1.0.1/kerby-pkix-1.0.1.jar:/home/runner/.m2/repository/org/apache/kerby/kerby-asn1/1.0.1/kerby-asn1-1.0.1.jar:/home/runner/.m2/repository/org/apache/kerby/kerby-util/1.0.1/kerby-util-1.0.1.jar:/home/runner/.m2/repository/dnsjava/dnsjava/2.1.7/dnsjava-2.1.7.jar:/home/runner/.m2/repository/org/xerial/snappy/snappy-java/1.1.8.2/snappy-java-1.1.8.2.jar:/home/runner/.m2/repository/org/eclipse/jetty/jetty-util/9.4.49.v20220914/jetty-util-9.4.49.v20220914.jar:/home/runner/.m2/repository/com/fasterxml/jackson/core/jackson-databind/2.13.4.2/jackson-databind-2.13.4.2.jar:/home/runner/.m2/repository/org/apache/hadoop/hadoop-kms/3.3.4/hadoop-kms-3.3.4-tests.jar:/home/runner/.m2/repository/org/apache/ozone/hdds-server-scm/1.3.0-SNAPSHOT/hdds-server-scm-1.3.0-SNAPSHOT-tests.jar:/home/runner/.m2/repository/org/apache/ozone/hdds-container-service/1.3.0-SNAPSHOT/hdds-container-service-1.3.0-SNAPSHOT-tests.jar:/home/runner/.m2/repository/commons-codec/commons-codec/1.11/commons-codec-1.11.jar:/home/runner/.m2/repository/io/netty/netty-codec/4.1.79.Final/netty-codec-4.1.79.Final.jar:/home/runner/.m2/repository/io/netty/netty-handler/4.1.79.Final/netty-handler-4.1.79.Final.jar:/home/runner/.m2/repository/org/apache/ozone/hdds-hadoop-dependency-test/1.3.0-SNAPSHOT/hdds-hadoop-dependency-test-1.3.0-SNAPSHOT.jar:/home/runner/.m2/repository/org/apache/hadoop/hadoop-common/3.3.4/hadoop-common-3.3.4-tests.jar:/home/runner/.m2/repository/org/apache/hadoop/hadoop-hdfs/3.3.4/hadoop-hdfs-3.3.4-tests.jar:/home/runner/.m2/repository/org/assertj/assertj-core/3.12.2/assertj-core-3.12.2.jar:/home/runner/.m2/repository/org/apache/hadoop/hadoop-distcp/3.3.4/hadoop-distcp-3.3.4.jar:/home/runner/.m2/repository/org/apache/hadoop/hadoop-mapreduce-client-jobclient/3.3.4/hadoop-mapreduce-client-jobclient-3.3.4.jar:/home/runner/.m2/repository/org/apache/hadoop/hadoop-mapreduce-client-common/3.3.4/hadoop-mapreduce-client-common-3.3.4.jar:/home/runner/.m2/repository/org/apache/hadoop/hadoop-yarn-common/3.3.4/hadoop-yarn-common-3.3.4.jar:/home/runner/.m2/repository/org/apache/hadoop/hadoop-yarn-api/3.3.4/hadoop-yarn-api-3.3.4.jar:/home/runner/.m2/repository/com/sun/jersey/contribs/jersey-guice/1.19/jersey-guice-1.19.jar:/home/runner/.m2/repository/com/fasterxml/jackson/jaxrs/jackson-jaxrs-json-provider/2.13.4/jackson-jaxrs-json-provider-2.13.4.jar:/home/runner/.m2/repository/com/fasterxml/jackson/jaxrs/jackson-jaxrs-base/2.13.4/jackson-jaxrs-base-2.13.4.jar:/home/runner/.m2/repository/org/apache/hadoop/hadoop-yarn-client/3.3.4/hadoop-yarn-client-3.3.4.jar:/home/runner/.m2/repository/org/eclipse/jetty/websocket/websocket-client/9.4.43.v20210629/websocket-client-9.4.43.v20210629.jar:/home/runner/.m2/repository/org/eclipse/jetty/websocket/websocket-common/9.4.43.v20210629/websocket-common-9.4.43.v20210629.jar:/home/runner/.m2/repository/org/eclipse/jetty/websocket/websocket-api/9.4.43.v20210629/websocket-api-9.4.43.v20210629.jar:/home/runner/.m2/repository/org/jline/jline/3.9.0/jline-3.9.0.jar:/home/runner/.m2/repository/org/apache/hadoop/hadoop-mapreduce-client-core/3.3.4/hadoop-mapreduce-client-core-3.3.4.jar:/home/runner/.m2/repository/org/apache/avro/avro/1.7.7/avro-1.7.7.jar:/home/runner/.m2/repository/org/codehaus/jackson/jackson-core-asl/1.9.13/jackson-core-asl-1.9.13.jar:/home/runner/.m2/repository/org/codehaus/jackson/jackson-mapper-asl/1.9.13/jackson-mapper-asl-1.9.13.jar:/home/runner/.m2/repository/com/thoughtworks/paranamer/paranamer/2.3/paranamer-2.3.jar:/home/runner/.m2/repository/org/apache/hadoop/hadoop-annotations/3.3.4/hadoop-annotations-3.3.4.jar:/usr/lib/jvm/temurin-8-jdk-amd64/jre/../lib/tools.jar:/home/runner/.m2/repository/io/netty/netty/3.10.6.Final/netty-3.10.6.Final.jar:/home/runner/.m2/repository/org/apache/hadoop/hadoop-distcp/3.3.4/hadoop-distcp-3.3.4-tests.jar:/home/runner/.m2/repository/org/slf4j/jul-to-slf4j/1.7.36/jul-to-slf4j-1.7.36.jar:/home/runner/.m2/repository/org/apache/ratis/ratis-common/2.4.0/ratis-common-2.4.0.jar:/home/runner/.m2/repository/org/apache/ratis/ratis-thirdparty-misc/1.0.2/ratis-thirdparty-misc-1.0.2.jar:/home/runner/.m2/repository/org/apache/ratis/ratis-proto/2.4.0/ratis-proto-2.4.0.jar:"/>
    <property name="java.vm.vendor" value="Temurin"/>
    <property name="sun.arch.data.model" value="64"/>
    <property name="test.build.dir" value="/home/runner/work/ozone/ozone/hadoop-ozone/integration-test/target/test-dir"/>
    <property name="test.cache.data" value=""/>
    <property name="java.vendor.url" value="https://adoptium.net/"/>
    <property name="user.timezone" value="Etc/UTC"/>
    <property name="java.vm.specification.version" value="1.8"/>
    <property name="os.name" value="Linux"/>
    <property name="test.build.data" value="/home/runner/work/ozone/ozone/hadoop-ozone/integration-test/target/test-dir"/>
    <property name="sun.java.launcher" value="SUN_STANDARD"/>
    <property name="sun.boot.library.path" value="/usr/lib/jvm/temurin-8-jdk-amd64/jre/lib/amd64"/>
    <property name="sun.java.command" value="/home/runner/work/ozone/ozone/hadoop-ozone/integration-test/target/surefire/surefirebooter910163799103473830.jar /home/runner/work/ozone/ozone/hadoop-ozone/integration-test/target/surefire 2022-11-10T07-06-58_427-jvmRun1 surefire5704487378882078554tmp surefire_7213349465507293794tmp"/>
    <property name="surefire.test.class.path" value="/home/runner/work/ozone/ozone/hadoop-ozone/integration-test/target/test-classes:/home/runner/work/ozone/ozone/hadoop-ozone/integration-test/target/classes:/home/runner/.m2/repository/org/apache/ozone/ozone-common/1.3.0-SNAPSHOT/ozone-common-1.3.0-SNAPSHOT.jar:/home/runner/.m2/repository/io/grpc/grpc-netty/1.48.1/grpc-netty-1.48.1.jar:/home/runner/.m2/repository/io/grpc/grpc-core/1.48.1/grpc-core-1.48.1.jar:/home/runner/.m2/repository/com/google/android/annotations/4.1.1.4/annotations-4.1.1.4.jar:/home/runner/.m2/repository/org/codehaus/mojo/animal-sniffer-annotations/1.21/animal-sniffer-annotations-1.21.jar:/home/runner/.m2/repository/com/google/errorprone/error_prone_annotations/2.2.0/error_prone_annotations-2.2.0.jar:/home/runner/.m2/repository/io/perfmark/perfmark-api/0.25.0/perfmark-api-0.25.0.jar:/home/runner/.m2/repository/io/netty/netty-codec-http2/4.1.79.Final/netty-codec-http2-4.1.79.Final.jar:/home/runner/.m2/repository/io/netty/netty-common/4.1.79.Final/netty-common-4.1.79.Final.jar:/home/runner/.m2/repository/io/netty/netty-buffer/4.1.79.Final/netty-buffer-4.1.79.Final.jar:/home/runner/.m2/repository/io/netty/netty-codec-http/4.1.79.Final/netty-codec-http-4.1.79.Final.jar:/home/runner/.m2/repository/io/netty/netty-handler-proxy/4.1.79.Final/netty-handler-proxy-4.1.79.Final.jar:/home/runner/.m2/repository/io/netty/netty-codec-socks/4.1.79.Final/netty-codec-socks-4.1.79.Final.jar:/home/runner/.m2/repository/io/netty/netty-tcnative-boringssl-static/2.0.53.Final/netty-tcnative-boringssl-static-2.0.53.Final.jar:/home/runner/.m2/repository/io/netty/netty-tcnative-classes/2.0.53.Final/netty-tcnative-classes-2.0.53.Final.jar:/home/runner/.m2/repository/io/netty/netty-tcnative-boringssl-static/2.0.53.Final/netty-tcnative-boringssl-static-2.0.53.Final-linux-x86_64.jar:/home/runner/.m2/repository/io/netty/netty-tcnative-boringssl-static/2.0.53.Final/netty-tcnative-boringssl-static-2.0.53.Final-linux-aarch_64.jar:/home/runner/.m2/repository/io/netty/netty-tcnative-boringssl-static/2.0.53.Final/netty-tcnative-boringssl-static-2.0.53.Final-osx-x86_64.jar:/home/runner/.m2/repository/io/netty/netty-tcnative-boringssl-static/2.0.53.Final/netty-tcnative-boringssl-static-2.0.53.Final-osx-aarch_64.jar:/home/runner/.m2/repository/io/netty/netty-tcnative-boringssl-static/2.0.53.Final/netty-tcnative-boringssl-static-2.0.53.Final-windows-x86_64.jar:/home/runner/.m2/repository/org/apache/commons/commons-compress/1.21/commons-compress-1.21.jar:/home/runner/.m2/repository/org/apache/ozone/hdds-common/1.3.0-SNAPSHOT/hdds-common-1.3.0-SNAPSHOT.jar:/home/runner/.m2/repository/org/apache/ozone/hdds-client/1.3.0-SNAPSHOT/hdds-client-1.3.0-SNAPSHOT.jar:/home/runner/.m2/repository/org/apache/ozone/ozone-interface-client/1.3.0-SNAPSHOT/ozone-interface-client-1.3.0-SNAPSHOT.jar:/home/runner/.m2/repository/org/apache/ozone/hdds-test-utils/1.3.0-SNAPSHOT/hdds-test-utils-1.3.0-SNAPSHOT.jar:/home/runner/.m2/repository/com/google/guava/guava/31.1-jre/guava-31.1-jre.jar:/home/runner/.m2/repository/com/google/guava/failureaccess/1.0.1/failureaccess-1.0.1.jar:/home/runner/.m2/repository/com/google/guava/listenablefuture/9999.0-empty-to-avoid-conflict-with-guava/listenablefuture-9999.0-empty-to-avoid-conflict-with-guava.jar:/home/runner/.m2/repository/com/google/code/findbugs/jsr305/3.0.0/jsr305-3.0.0.jar:/home/runner/.m2/repository/org/checkerframework/checker-qual/3.12.0/checker-qual-3.12.0.jar:/home/runner/.m2/repository/com/google/j2objc/j2objc-annotations/1.3/j2objc-annotations-1.3.jar:/home/runner/.m2/repository/commons-io/commons-io/2.11.0/commons-io-2.11.0.jar:/home/runner/.m2/repository/commons-logging/commons-logging/1.2/commons-logging-1.2.jar:/home/runner/.m2/repository/ch/qos/reload4j/reload4j/1.2.22/reload4j-1.2.22.jar:/home/runner/.m2/repository/org/slf4j/slf4j-api/1.7.36/slf4j-api-1.7.36.jar:/home/runner/.m2/repository/org/apache/ozone/hdds-server-scm/1.3.0-SNAPSHOT/hdds-server-scm-1.3.0-SNAPSHOT.jar:/home/runner/.m2/repository/org/apache/ozone/hdds-container-service/1.3.0-SNAPSHOT/hdds-container-service-1.3.0-SNAPSHOT.jar:/home/runner/.m2/repository/org/apache/ozone/hdds-hadoop-dependency-server/1.3.0-SNAPSHOT/hdds-hadoop-dependency-server-1.3.0-SNAPSHOT.jar:/home/runner/.m2/repository/org/apache/hadoop/hadoop-hdfs/3.3.4/hadoop-hdfs-3.3.4.jar:/home/runner/.m2/repository/org/eclipse/jetty/jetty-util-ajax/9.4.49.v20220914/jetty-util-ajax-9.4.49.v20220914.jar:/home/runner/.m2/repository/commons-daemon/commons-daemon/1.0.13/commons-daemon-1.0.13.jar:/home/runner/.m2/repository/org/apache/ozone/hdds-server-framework/1.3.0-SNAPSHOT/hdds-server-framework-1.3.0-SNAPSHOT.jar:/home/runner/.m2/repository/org/apache/ozone/hdds-interface-server/1.3.0-SNAPSHOT/hdds-interface-server-1.3.0-SNAPSHOT.jar:/home/runner/.m2/repository/org/apache/commons/commons-configuration2/2.1.1/commons-configuration2-2.1.1.jar:/home/runner/.m2/repository/org/apache/logging/log4j/log4j-core/2.17.1/log4j-core-2.17.1.jar:/home/runner/.m2/repository/com/lmax/disruptor/3.4.2/disruptor-3.4.2.jar:/home/runner/.m2/repository/org/eclipse/jetty/jetty-servlet/9.4.49.v20220914/jetty-servlet-9.4.49.v20220914.jar:/home/runner/.m2/repository/org/eclipse/jetty/jetty-security/9.4.49.v20220914/jetty-security-9.4.49.v20220914.jar:/home/runner/.m2/repository/org/rocksdb/rocksdbjni/7.7.3/rocksdbjni-7.7.3.jar:/home/runner/.m2/repository/io/prometheus/simpleclient_dropwizard/0.7.0/simpleclient_dropwizard-0.7.0.jar:/home/runner/.m2/repository/io/prometheus/simpleclient/0.7.0/simpleclient-0.7.0.jar:/home/runner/.m2/repository/io/prometheus/simpleclient_common/0.7.0/simpleclient_common-0.7.0.jar:/home/runner/.m2/repository/com/github/spotbugs/spotbugs-annotations/3.1.12/spotbugs-annotations-3.1.12.jar:/home/runner/.m2/repository/io/dropwizard/metrics/metrics-core/3.2.4/metrics-core-3.2.4.jar:/home/runner/.m2/repository/org/apache/commons/commons-text/1.4/commons-text-1.4.jar:/home/runner/.m2/repository/org/apache/hadoop/hadoop-hdfs-client/3.3.4/hadoop-hdfs-client-3.3.4.jar:/home/runner/.m2/repository/com/squareup/okhttp3/okhttp/4.9.3/okhttp-4.9.3.jar:/home/runner/.m2/repository/com/squareup/okio/okio/2.8.0/okio-2.8.0.jar:/home/runner/.m2/repository/org/jetbrains/kotlin/kotlin-stdlib-common/1.4.10/kotlin-stdlib-common-1.4.10.jar:/home/runner/.m2/repository/org/bouncycastle/bcprov-jdk15on/1.67/bcprov-jdk15on-1.67.jar:/home/runner/.m2/repository/com/google/protobuf/protobuf-java/2.5.0/protobuf-java-2.5.0.jar:/home/runner/.m2/repository/org/apache/ozone/ozone-manager/1.3.0-SNAPSHOT/ozone-manager-1.3.0-SNAPSHOT.jar:/home/runner/.m2/repository/org/aspectj/aspectjrt/1.9.7/aspectjrt-1.9.7.jar:/home/runner/.m2/repository/org/aspectj/aspectjweaver/1.9.7/aspectjweaver-1.9.7.jar:/home/runner/.m2/repository/org/apache/ozone/hdds-interface-client/1.3.0-SNAPSHOT/hdds-interface-client-1.3.0-SNAPSHOT.jar:/home/runner/.m2/repository/org/apache/hadoop/thirdparty/hadoop-shaded-protobuf_3_7/1.1.1/hadoop-shaded-protobuf_3_7-1.1.1.jar:/home/runner/.m2/repository/org/apache/ozone/ozone-interface-storage/1.3.0-SNAPSHOT/ozone-interface-storage-1.3.0-SNAPSHOT.jar:/home/runner/.m2/repository/org/reflections/reflections/0.9.11/reflections-0.9.11.jar:/home/runner/.m2/repository/com/sun/jersey/jersey-client/1.19/jersey-client-1.19.jar:/home/runner/.m2/repository/org/apache/ranger/ranger-intg/2.3.0/ranger-intg-2.3.0.jar:/home/runner/.m2/repository/org/apache/ranger/ranger-plugins-common/2.3.0/ranger-plugins-common-2.3.0.jar:/home/runner/.m2/repository/commons-lang/commons-lang/2.6/commons-lang-2.6.jar:/home/runner/.m2/repository/org/codehaus/jackson/jackson-jaxrs/1.9.13/jackson-jaxrs-1.9.13.jar:/home/runner/.m2/repository/org/apache/ranger/ranger-plugins-cred/2.3.0/ranger-plugins-cred-2.3.0.jar:/home/runner/.m2/repository/org/apache/ranger/ranger-plugins-audit/2.3.0/ranger-plugins-audit-2.3.0.jar:/home/runner/.m2/repository/org/eclipse/jetty/jetty-client/9.4.31.v20200723/jetty-client-9.4.31.v20200723.jar:/home/runner/.m2/repository/org/apache/httpcomponents/httpmime/4.5.6/httpmime-4.5.6.jar:/home/runner/.m2/repository/org/apache/httpcomponents/httpcore-nio/4.4.6/httpcore-nio-4.4.6.jar:/home/runner/.m2/repository/org/apache/httpcomponents/httpasyncclient/4.1.3/httpasyncclient-4.1.3.jar:/home/runner/.m2/repository/com/carrotsearch/hppc/0.8.0/hppc-0.8.0.jar:/home/runner/.m2/repository/org/apache/orc/orc-core/1.5.8/orc-core-1.5.8.jar:/home/runner/.m2/repository/net/java/dev/jna/jna/5.2.0/jna-5.2.0.jar:/home/runner/.m2/repository/net/java/dev/jna/jna-platform/5.2.0/jna-platform-5.2.0.jar:/home/runner/.m2/repository/com/kstruct/gethostname4j/0.0.2/gethostname4j-0.0.2.jar:/home/runner/.m2/repository/org/apache/ranger/ranger-plugin-classloader/2.3.0/ranger-plugin-classloader-2.3.0.jar:/home/runner/.m2/repository/org/apache/hadoop/hadoop-minikdc/3.3.4/hadoop-minikdc-3.3.4.jar:/home/runner/.m2/repository/org/apache/kerby/kerb-simplekdc/1.0.1/kerb-simplekdc-1.0.1.jar:/home/runner/.m2/repository/org/apache/kerby/kerb-client/1.0.1/kerb-client-1.0.1.jar:/home/runner/.m2/repository/org/apache/kerby/kerby-config/1.0.1/kerby-config-1.0.1.jar:/home/runner/.m2/repository/org/apache/kerby/kerb-common/1.0.1/kerb-common-1.0.1.jar:/home/runner/.m2/repository/org/apache/kerby/kerb-crypto/1.0.1/kerb-crypto-1.0.1.jar:/home/runner/.m2/repository/org/apache/kerby/kerb-util/1.0.1/kerb-util-1.0.1.jar:/home/runner/.m2/repository/org/apache/kerby/token-provider/1.0.1/token-provider-1.0.1.jar:/home/runner/.m2/repository/org/apache/kerby/kerb-admin/1.0.1/kerb-admin-1.0.1.jar:/home/runner/.m2/repository/org/apache/kerby/kerb-server/1.0.1/kerb-server-1.0.1.jar:/home/runner/.m2/repository/org/apache/kerby/kerb-identity/1.0.1/kerb-identity-1.0.1.jar:/home/runner/.m2/repository/org/apache/kerby/kerby-xdr/1.0.1/kerby-xdr-1.0.1.jar:/home/runner/.m2/repository/org/apache/ozone/ozone-s3gateway/1.3.0-SNAPSHOT/ozone-s3gateway-1.3.0-SNAPSHOT.jar:/home/runner/.m2/repository/org/javassist/javassist/3.21.0-GA/javassist-3.21.0-GA.jar:/home/runner/.m2/repository/org/jboss/weld/servlet/weld-servlet/2.4.7.Final/weld-servlet-2.4.7.Final.jar:/home/runner/.m2/repository/org/glassfish/jersey/containers/jersey-container-servlet-core/2.34/jersey-container-servlet-core-2.34.jar:/home/runner/.m2/repository/org/glassfish/hk2/external/jakarta.inject/2.6.1/jakarta.inject-2.6.1.jar:/home/runner/.m2/repository/org/glassfish/jersey/core/jersey-common/2.34/jersey-common-2.34.jar:/home/runner/.m2/repository/jakarta/ws/rs/jakarta.ws.rs-api/2.1.6/jakarta.ws.rs-api-2.1.6.jar:/home/runner/.m2/repository/org/glassfish/jersey/ext/cdi/jersey-cdi1x/2.34/jersey-cdi1x-2.34.jar:/home/runner/.m2/repository/org/glassfish/jersey/inject/jersey-hk2/2.34/jersey-hk2-2.34.jar:/home/runner/.m2/repository/org/glassfish/hk2/hk2-locator/2.6.1/hk2-locator-2.6.1.jar:/home/runner/.m2/repository/org/glassfish/jersey/media/jersey-media-jaxb/2.34/jersey-media-jaxb-2.34.jar:/home/runner/.m2/repository/org/glassfish/hk2/osgi-resource-locator/1.0.3/osgi-resource-locator-1.0.3.jar:/home/runner/.m2/repository/org/glassfish/hk2/hk2-api/2.5.0/hk2-api-2.5.0.jar:/home/runner/.m2/repository/org/glassfish/hk2/hk2-utils/2.5.0/hk2-utils-2.5.0.jar:/home/runner/.m2/repository/org/glassfish/hk2/external/aopalliance-repackaged/2.5.0/aopalliance-repackaged-2.5.0.jar:/home/runner/.m2/repository/com/fasterxml/jackson/dataformat/jackson-dataformat-xml/2.13.4/jackson-dataformat-xml-2.13.4.jar:/home/runner/.m2/repository/com/fasterxml/jackson/core/jackson-core/2.13.4/jackson-core-2.13.4.jar:/home/runner/.m2/repository/org/codehaus/woodstox/stax2-api/3.1.4/stax2-api-3.1.4.jar:/home/runner/.m2/repository/com/fasterxml/woodstox/woodstox-core/5.4.0/woodstox-core-5.4.0.jar:/home/runner/.m2/repository/com/fasterxml/jackson/module/jackson-module-jaxb-annotations/2.13.4/jackson-module-jaxb-annotations-2.13.4.jar:/home/runner/.m2/repository/jakarta/xml/bind/jakarta.xml.bind-api/2.3.3/jakarta.xml.bind-api-2.3.3.jar:/home/runner/.m2/repository/jakarta/activation/jakarta.activation-api/1.2.1/jakarta.activation-api-1.2.1.jar:/home/runner/.m2/repository/javax/enterprise/cdi-api/1.2/cdi-api-1.2.jar:/home/runner/.m2/repository/javax/el/javax.el-api/3.0.0/javax.el-api-3.0.0.jar:/home/runner/.m2/repository/javax/interceptor/javax.interceptor-api/1.2/javax.interceptor-api-1.2.jar:/home/runner/.m2/repository/javax/inject/javax.inject/1/javax.inject-1.jar:/home/runner/.m2/repository/javax/xml/bind/jaxb-api/2.3.0/jaxb-api-2.3.0.jar:/home/runner/.m2/repository/org/glassfish/jaxb/jaxb-runtime/2.3.0.1/jaxb-runtime-2.3.0.1.jar:/home/runner/.m2/repository/org/glassfish/jaxb/jaxb-core/2.3.0.1/jaxb-core-2.3.0.1.jar:/home/runner/.m2/repository/org/glassfish/jaxb/txw2/2.3.0.1/txw2-2.3.0.1.jar:/home/runner/.m2/repository/com/sun/istack/istack-commons-runtime/3.0.5/istack-commons-runtime-3.0.5.jar:/home/runner/.m2/repository/org/jvnet/staxex/stax-ex/1.7.8/stax-ex-1.7.8.jar:/home/runner/.m2/repository/com/sun/xml/fastinfoset/FastInfoset/1.2.13/FastInfoset-1.2.13.jar:/home/runner/.m2/repository/javax/activation/activation/1.1.1/activation-1.1.1.jar:/home/runner/.m2/repository/io/grpc/grpc-protobuf/1.48.1/grpc-protobuf-1.48.1.jar:/home/runner/.m2/repository/io/grpc/grpc-api/1.48.1/grpc-api-1.48.1.jar:/home/runner/.m2/repository/io/grpc/grpc-context/1.48.1/grpc-context-1.48.1.jar:/home/runner/.m2/repository/com/google/api/grpc/proto-google-common-protos/2.9.0/proto-google-common-protos-2.9.0.jar:/home/runner/.m2/repository/io/grpc/grpc-protobuf-lite/1.48.1/grpc-protobuf-lite-1.48.1.jar:/home/runner/.m2/repository/io/grpc/grpc-stub/1.48.1/grpc-stub-1.48.1.jar:/home/runner/.m2/repository/io/netty/netty-transport/4.1.79.Final/netty-transport-4.1.79.Final.jar:/home/runner/.m2/repository/io/netty/netty-resolver/4.1.79.Final/netty-resolver-4.1.79.Final.jar:/home/runner/.m2/repository/org/apache/ozone/ozone-csi/1.3.0-SNAPSHOT/ozone-csi-1.3.0-SNAPSHOT.jar:/home/runner/.m2/repository/com/google/protobuf/protobuf-java-util/3.19.2/protobuf-java-util-3.19.2.jar:/home/runner/.m2/repository/com/google/code/gson/gson/2.9.0/gson-2.9.0.jar:/home/runner/.m2/repository/org/apache/ozone/hdds-config/1.3.0-SNAPSHOT/hdds-config-1.3.0-SNAPSHOT.jar:/home/runner/.m2/repository/io/netty/netty-transport-native-epoll/4.1.79.Final/netty-transport-native-epoll-4.1.79.Final-linux-x86_64.jar:/home/runner/.m2/repository/io/netty/netty-transport-classes-epoll/4.1.79.Final/netty-transport-classes-epoll-4.1.79.Final.jar:/home/runner/.m2/repository/io/netty/netty-transport-native-unix-common/4.1.79.Final/netty-transport-native-unix-common-4.1.79.Final.jar:/home/runner/.m2/repository/org/slf4j/slf4j-reload4j/1.7.36/slf4j-reload4j-1.7.36.jar:/home/runner/.m2/repository/org/apache/ozone/ozone-recon/1.3.0-SNAPSHOT/ozone-recon-1.3.0-SNAPSHOT.jar:/home/runner/.m2/repository/org/apache/ozone/ozone-reconcodegen/1.3.0-SNAPSHOT/ozone-reconcodegen-1.3.0-SNAPSHOT.jar:/home/runner/.m2/repository/com/google/inject/extensions/guice-multibindings/4.0/guice-multibindings-4.0.jar:/home/runner/.m2/repository/com/google/inject/guice/4.0/guice-4.0.jar:/home/runner/.m2/repository/aopalliance/aopalliance/1.0/aopalliance-1.0.jar:/home/runner/.m2/repository/com/google/inject/extensions/guice-assistedinject/4.0/guice-assistedinject-4.0.jar:/home/runner/.m2/repository/com/google/inject/extensions/guice-servlet/4.0/guice-servlet-4.0.jar:/home/runner/.m2/repository/org/glassfish/jersey/containers/jersey-container-servlet/2.34/jersey-container-servlet-2.34.jar:/home/runner/.m2/repository/org/glassfish/hk2/guice-bridge/2.5.0/guice-bridge-2.5.0.jar:/home/runner/.m2/repository/org/glassfish/jersey/core/jersey-server/2.34/jersey-server-2.34.jar:/home/runner/.m2/repository/org/glassfish/jersey/core/jersey-client/2.34/jersey-client-2.34.jar:/home/runner/.m2/repository/jakarta/annotation/jakarta.annotation-api/1.3.5/jakarta.annotation-api-1.3.5.jar:/home/runner/.m2/repository/jakarta/validation/jakarta.validation-api/2.0.2/jakarta.validation-api-2.0.2.jar:/home/runner/.m2/repository/org/glassfish/jersey/media/jersey-media-json-jackson/2.34/jersey-media-json-jackson-2.34.jar:/home/runner/.m2/repository/org/glassfish/jersey/ext/jersey-entity-filtering/2.34/jersey-entity-filtering-2.34.jar:/home/runner/.m2/repository/org/jooq/jooq/3.11.10/jooq-3.11.10.jar:/home/runner/.m2/repository/org/jooq/jooq-meta/3.11.10/jooq-meta-3.11.10.jar:/home/runner/.m2/repository/org/jooq/jooq-codegen/3.11.10/jooq-codegen-3.11.10.jar:/home/runner/.m2/repository/com/jolbox/bonecp/0.8.0.RELEASE/bonecp-0.8.0.RELEASE.jar:/home/runner/.m2/repository/org/apache/derby/derby/10.14.2.0/derby-10.14.2.0.jar:/home/runner/.m2/repository/org/xerial/sqlite-jdbc/3.25.2/sqlite-jdbc-3.25.2.jar:/home/runner/.m2/repository/org/springframework/spring-jdbc/5.3.23/spring-jdbc-5.3.23.jar:/home/runner/.m2/repository/org/springframework/spring-beans/5.3.23/spring-beans-5.3.23.jar:/home/runner/.m2/repository/org/springframework/spring-core/5.3.23/spring-core-5.3.23.jar:/home/runner/.m2/repository/org/springframework/spring-jcl/5.3.23/spring-jcl-5.3.23.jar:/home/runner/.m2/repository/org/springframework/spring-tx/5.3.23/spring-tx-5.3.23.jar:/home/runner/.m2/repository/org/apache/ozone/ozone-client/1.3.0-SNAPSHOT/ozone-client-1.3.0-SNAPSHOT.jar:/home/runner/.m2/repository/org/apache/ozone/hdds-erasurecode/1.3.0-SNAPSHOT/hdds-erasurecode-1.3.0-SNAPSHOT.jar:/home/runner/.m2/repository/org/apache/ozone/ozone-filesystem/1.3.0-SNAPSHOT/ozone-filesystem-1.3.0-SNAPSHOT.jar:/home/runner/.m2/repository/org/apache/ozone/ozone-filesystem-common/1.3.0-SNAPSHOT/ozone-filesystem-common-1.3.0-SNAPSHOT.jar:/home/runner/.m2/repository/org/apache/ozone/ozone-tools/1.3.0-SNAPSHOT/ozone-tools-1.3.0-SNAPSHOT.jar:/home/runner/.m2/repository/org/apache/ratis/ratis-tools/2.4.0/ratis-tools-2.4.0.jar:/home/runner/.m2/repository/com/amazonaws/aws-java-sdk-core/1.12.261/aws-java-sdk-core-1.12.261.jar:/home/runner/.m2/repository/org/apache/httpcomponents/httpclient/4.5.13/httpclient-4.5.13.jar:/home/runner/.m2/repository/org/apache/httpcomponents/httpcore/4.4.13/httpcore-4.4.13.jar:/home/runner/.m2/repository/software/amazon/ion/ion-java/1.0.2/ion-java-1.0.2.jar:/home/runner/.m2/repository/com/fasterxml/jackson/dataformat/jackson-dataformat-cbor/2.13.4/jackson-dataformat-cbor-2.13.4.jar:/home/runner/.m2/repository/joda-time/joda-time/2.8.1/joda-time-2.8.1.jar:/home/runner/.m2/repository/com/amazonaws/aws-java-sdk-s3/1.12.261/aws-java-sdk-s3-1.12.261.jar:/home/runner/.m2/repository/com/amazonaws/aws-java-sdk-kms/1.12.261/aws-java-sdk-kms-1.12.261.jar:/home/runner/.m2/repository/com/amazonaws/jmespath-java/1.12.261/jmespath-java-1.12.261.jar:/home/runner/.m2/repository/org/kohsuke/metainf-services/metainf-services/1.8/metainf-services-1.8.jar:/home/runner/.m2/repository/org/apache/ozone/hdds-tools/1.3.0-SNAPSHOT/hdds-tools-1.3.0-SNAPSHOT.jar:/home/runner/.m2/repository/commons-cli/commons-cli/1.2/commons-cli-1.2.jar:/home/runner/.m2/repository/org/apache/commons/commons-lang3/3.7/commons-lang3-3.7.jar:/home/runner/.m2/repository/org/apache/ozone/ozone-manager/1.3.0-SNAPSHOT/ozone-manager-1.3.0-SNAPSHOT-tests.jar:/home/runner/.m2/repository/org/apache/ozone/hdds-common/1.3.0-SNAPSHOT/hdds-common-1.3.0-SNAPSHOT-tests.jar:/home/runner/.m2/repository/org/apache/ozone/hdds-hadoop-dependency-client/1.3.0-SNAPSHOT/hdds-hadoop-dependency-client-1.3.0-SNAPSHOT.jar:/home/runner/.m2/repository/info/picocli/picocli/4.6.1/picocli-4.6.1.jar:/home/runner/.m2/repository/com/fasterxml/jackson/core/jackson-annotations/2.13.4/jackson-annotations-2.13.4.jar:/home/runner/.m2/repository/com/fasterxml/jackson/datatype/jackson-datatype-jsr310/2.13.4/jackson-datatype-jsr310-2.13.4.jar:/home/runner/.m2/repository/org/apache/ozone/hdds-annotation-processing/1.3.0-SNAPSHOT/hdds-annotation-processing-1.3.0-SNAPSHOT.jar:/home/runner/.m2/repository/javax/annotation/javax.annotation-api/1.2/javax.annotation-api-1.2.jar:/home/runner/.m2/repository/org/apache/ratis/ratis-server/2.4.0/ratis-server-2.4.0.jar:/home/runner/.m2/repository/org/apache/ratis/ratis-client/2.4.0/ratis-client-2.4.0.jar:/home/runner/.m2/repository/org/apache/ratis/ratis-server-api/2.4.0/ratis-server-api-2.4.0.jar:/home/runner/.m2/repository/org/apache/ratis/ratis-metrics/2.4.0/ratis-metrics-2.4.0.jar:/home/runner/.m2/repository/org/apache/ratis/ratis-netty/2.4.0/ratis-netty-2.4.0.jar:/home/runner/.m2/repository/org/apache/ratis/ratis-grpc/2.4.0/ratis-grpc-2.4.0.jar:/home/runner/.m2/repository/org/apache/logging/log4j/log4j-api/2.17.1/log4j-api-2.17.1.jar:/home/runner/.m2/repository/org/apache/commons/commons-pool2/2.6.0/commons-pool2-2.6.0.jar:/home/runner/.m2/repository/org/bouncycastle/bcpkix-jdk15on/1.67/bcpkix-jdk15on-1.67.jar:/home/runner/.m2/repository/commons-validator/commons-validator/1.6/commons-validator-1.6.jar:/home/runner/.m2/repository/commons-beanutils/commons-beanutils/1.9.4/commons-beanutils-1.9.4.jar:/home/runner/.m2/repository/commons-digester/commons-digester/1.8.1/commons-digester-1.8.1.jar:/home/runner/.m2/repository/commons-collections/commons-collections/3.2.2/commons-collections-3.2.2.jar:/home/runner/.m2/repository/io/jaegertracing/jaeger-client/1.6.0/jaeger-client-1.6.0.jar:/home/runner/.m2/repository/io/jaegertracing/jaeger-thrift/1.6.0/jaeger-thrift-1.6.0.jar:/home/runner/.m2/repository/org/apache/thrift/libthrift/0.14.1/libthrift-0.14.1.jar:/home/runner/.m2/repository/io/jaegertracing/jaeger-core/1.6.0/jaeger-core-1.6.0.jar:/home/runner/.m2/repository/io/jaegertracing/jaeger-tracerresolver/1.6.0/jaeger-tracerresolver-1.6.0.jar:/home/runner/.m2/repository/io/opentracing/contrib/opentracing-tracerresolver/0.1.8/opentracing-tracerresolver-0.1.8.jar:/home/runner/.m2/repository/org/jetbrains/kotlin/kotlin-stdlib/1.6.21/kotlin-stdlib-1.6.21.jar:/home/runner/.m2/repository/org/jetbrains/annotations/13.0/annotations-13.0.jar:/home/runner/.m2/repository/io/opentracing/opentracing-util/0.33.0/opentracing-util-0.33.0.jar:/home/runner/.m2/repository/io/opentracing/opentracing-api/0.33.0/opentracing-api-0.33.0.jar:/home/runner/.m2/repository/io/opentracing/opentracing-noop/0.33.0/opentracing-noop-0.33.0.jar:/home/runner/.m2/repository/org/yaml/snakeyaml/1.33/snakeyaml-1.33.jar:/home/runner/.m2/repository/org/apache/ozone/hdds-interface-admin/1.3.0-SNAPSHOT/hdds-interface-admin-1.3.0-SNAPSHOT.jar:/home/runner/.m2/repository/junit/junit/4.13.1/junit-4.13.1.jar:/home/runner/.m2/repository/org/hamcrest/hamcrest-core/1.3/hamcrest-core-1.3.jar:/home/runner/.m2/repository/org/junit/jupiter/junit-jupiter-api/5.8.2/junit-jupiter-api-5.8.2.jar:/home/runner/.m2/repository/org/opentest4j/opentest4j/1.2.0/opentest4j-1.2.0.jar:/home/runner/.m2/repository/org/junit/platform/junit-platform-commons/1.8.2/junit-platform-commons-1.8.2.jar:/home/runner/.m2/repository/org/apiguardian/apiguardian-api/1.1.2/apiguardian-api-1.1.2.jar:/home/runner/.m2/repository/org/junit/jupiter/junit-jupiter-params/5.8.2/junit-jupiter-params-5.8.2.jar:/home/runner/.m2/repository/org/junit/jupiter/junit-jupiter-migrationsupport/5.8.2/junit-jupiter-migrationsupport-5.8.2.jar:/home/runner/.m2/repository/org/junit/jupiter/junit-jupiter-engine/5.8.2/junit-jupiter-engine-5.8.2.jar:/home/runner/.m2/repository/org/junit/platform/junit-platform-engine/1.8.2/junit-platform-engine-1.8.2.jar:/home/runner/.m2/repository/org/junit/vintage/junit-vintage-engine/5.8.2/junit-vintage-engine-5.8.2.jar:/home/runner/.m2/repository/org/junit/platform/junit-platform-launcher/1.8.2/junit-platform-launcher-1.8.2.jar:/home/runner/.m2/repository/org/mockito/mockito-core/2.28.2/mockito-core-2.28.2.jar:/home/runner/.m2/repository/net/bytebuddy/byte-buddy/1.9.10/byte-buddy-1.9.10.jar:/home/runner/.m2/repository/net/bytebuddy/byte-buddy-agent/1.9.10/byte-buddy-agent-1.9.10.jar:/home/runner/.m2/repository/org/objenesis/objenesis/1.0/objenesis-1.0.jar:/home/runner/.m2/repository/org/apache/hadoop/hadoop-kms/3.3.4/hadoop-kms-3.3.4.jar:/home/runner/.m2/repository/org/apache/hadoop/hadoop-auth/3.3.4/hadoop-auth-3.3.4.jar:/home/runner/.m2/repository/com/nimbusds/nimbus-jose-jwt/7.9/nimbus-jose-jwt-7.9.jar:/home/runner/.m2/repository/com/github/stephenc/jcip/jcip-annotations/1.0-1/jcip-annotations-1.0-1.jar:/home/runner/.m2/repository/net/minidev/json-smart/2.4.7/json-smart-2.4.7.jar:/home/runner/.m2/repository/net/minidev/accessors-smart/2.4.7/accessors-smart-2.4.7.jar:/home/runner/.m2/repository/org/ow2/asm/asm/5.0.4/asm-5.0.4.jar:/home/runner/.m2/repository/org/apache/zookeeper/zookeeper/3.5.6/zookeeper-3.5.6.jar:/home/runner/.m2/repository/org/apache/zookeeper/zookeeper-jute/3.5.6/zookeeper-jute-3.5.6.jar:/home/runner/.m2/repository/org/apache/yetus/audience-annotations/0.5.0/audience-annotations-0.5.0.jar:/home/runner/.m2/repository/org/apache/curator/curator-framework/4.2.0/curator-framework-4.2.0.jar:/home/runner/.m2/repository/org/apache/hadoop/thirdparty/hadoop-shaded-guava/1.1.1/hadoop-shaded-guava-1.1.1.jar:/home/runner/.m2/repository/com/sun/jersey/jersey-core/1.19/jersey-core-1.19.jar:/home/runner/.m2/repository/javax/ws/rs/jsr311-api/1.1.1/jsr311-api-1.1.1.jar:/home/runner/.m2/repository/com/sun/jersey/jersey-server/1.19/jersey-server-1.19.jar:/home/runner/.m2/repository/javax/servlet/javax.servlet-api/3.1.0/javax.servlet-api-3.1.0.jar:/home/runner/.m2/repository/org/eclipse/jetty/jetty-server/9.4.49.v20220914/jetty-server-9.4.49.v20220914.jar:/home/runner/.m2/repository/org/eclipse/jetty/jetty-http/9.4.49.v20220914/jetty-http-9.4.49.v20220914.jar:/home/runner/.m2/repository/org/eclipse/jetty/jetty-io/9.4.49.v20220914/jetty-io-9.4.49.v20220914.jar:/home/runner/.m2/repository/org/eclipse/jetty/jetty-webapp/9.4.49.v20220914/jetty-webapp-9.4.49.v20220914.jar:/home/runner/.m2/repository/org/eclipse/jetty/jetty-xml/9.4.49.v20220914/jetty-xml-9.4.49.v20220914.jar:/home/runner/.m2/repository/org/apache/hadoop/hadoop-common/3.3.4/hadoop-common-3.3.4.jar:/home/runner/.m2/repository/org/apache/commons/commons-math3/3.1.1/commons-math3-3.1.1.jar:/home/runner/.m2/repository/commons-net/commons-net/3.6/commons-net-3.6.jar:/home/runner/.m2/repository/com/sun/jersey/jersey-servlet/1.19/jersey-servlet-1.19.jar:/home/runner/.m2/repository/com/sun/jersey/jersey-json/1.19/jersey-json-1.19.jar:/home/runner/.m2/repository/org/codehaus/jettison/jettison/1.1/jettison-1.1.jar:/home/runner/.m2/repository/com/sun/xml/bind/jaxb-impl/2.2.3-1/jaxb-impl-2.2.3-1.jar:/home/runner/.m2/repository/org/codehaus/jackson/jackson-xc/1.9.2/jackson-xc-1.9.2.jar:/home/runner/.m2/repository/com/google/re2j/re2j/1.1/re2j-1.1.jar:/home/runner/.m2/repository/com/jcraft/jsch/0.1.54/jsch-0.1.54.jar:/home/runner/.m2/repository/org/apache/curator/curator-client/4.2.0/curator-client-4.2.0.jar:/home/runner/.m2/repository/org/apache/curator/curator-recipes/4.2.0/curator-recipes-4.2.0.jar:/home/runner/.m2/repository/org/apache/kerby/kerb-core/1.0.1/kerb-core-1.0.1.jar:/home/runner/.m2/repository/org/apache/kerby/kerby-pkix/1.0.1/kerby-pkix-1.0.1.jar:/home/runner/.m2/repository/org/apache/kerby/kerby-asn1/1.0.1/kerby-asn1-1.0.1.jar:/home/runner/.m2/repository/org/apache/kerby/kerby-util/1.0.1/kerby-util-1.0.1.jar:/home/runner/.m2/repository/dnsjava/dnsjava/2.1.7/dnsjava-2.1.7.jar:/home/runner/.m2/repository/org/xerial/snappy/snappy-java/1.1.8.2/snappy-java-1.1.8.2.jar:/home/runner/.m2/repository/org/eclipse/jetty/jetty-util/9.4.49.v20220914/jetty-util-9.4.49.v20220914.jar:/home/runner/.m2/repository/com/fasterxml/jackson/core/jackson-databind/2.13.4.2/jackson-databind-2.13.4.2.jar:/home/runner/.m2/repository/org/apache/hadoop/hadoop-kms/3.3.4/hadoop-kms-3.3.4-tests.jar:/home/runner/.m2/repository/org/apache/ozone/hdds-server-scm/1.3.0-SNAPSHOT/hdds-server-scm-1.3.0-SNAPSHOT-tests.jar:/home/runner/.m2/repository/org/apache/ozone/hdds-container-service/1.3.0-SNAPSHOT/hdds-container-service-1.3.0-SNAPSHOT-tests.jar:/home/runner/.m2/repository/commons-codec/commons-codec/1.11/commons-codec-1.11.jar:/home/runner/.m2/repository/io/netty/netty-codec/4.1.79.Final/netty-codec-4.1.79.Final.jar:/home/runner/.m2/repository/io/netty/netty-handler/4.1.79.Final/netty-handler-4.1.79.Final.jar:/home/runner/.m2/repository/org/apache/ozone/hdds-hadoop-dependency-test/1.3.0-SNAPSHOT/hdds-hadoop-dependency-test-1.3.0-SNAPSHOT.jar:/home/runner/.m2/repository/org/apache/hadoop/hadoop-common/3.3.4/hadoop-common-3.3.4-tests.jar:/home/runner/.m2/repository/org/apache/hadoop/hadoop-hdfs/3.3.4/hadoop-hdfs-3.3.4-tests.jar:/home/runner/.m2/repository/org/assertj/assertj-core/3.12.2/assertj-core-3.12.2.jar:/home/runner/.m2/repository/org/apache/hadoop/hadoop-distcp/3.3.4/hadoop-distcp-3.3.4.jar:/home/runner/.m2/repository/org/apache/hadoop/hadoop-mapreduce-client-jobclient/3.3.4/hadoop-mapreduce-client-jobclient-3.3.4.jar:/home/runner/.m2/repository/org/apache/hadoop/hadoop-mapreduce-client-common/3.3.4/hadoop-mapreduce-client-common-3.3.4.jar:/home/runner/.m2/repository/org/apache/hadoop/hadoop-yarn-common/3.3.4/hadoop-yarn-common-3.3.4.jar:/home/runner/.m2/repository/org/apache/hadoop/hadoop-yarn-api/3.3.4/hadoop-yarn-api-3.3.4.jar:/home/runner/.m2/repository/com/sun/jersey/contribs/jersey-guice/1.19/jersey-guice-1.19.jar:/home/runner/.m2/repository/com/fasterxml/jackson/jaxrs/jackson-jaxrs-json-provider/2.13.4/jackson-jaxrs-json-provider-2.13.4.jar:/home/runner/.m2/repository/com/fasterxml/jackson/jaxrs/jackson-jaxrs-base/2.13.4/jackson-jaxrs-base-2.13.4.jar:/home/runner/.m2/repository/org/apache/hadoop/hadoop-yarn-client/3.3.4/hadoop-yarn-client-3.3.4.jar:/home/runner/.m2/repository/org/eclipse/jetty/websocket/websocket-client/9.4.43.v20210629/websocket-client-9.4.43.v20210629.jar:/home/runner/.m2/repository/org/eclipse/jetty/websocket/websocket-common/9.4.43.v20210629/websocket-common-9.4.43.v20210629.jar:/home/runner/.m2/repository/org/eclipse/jetty/websocket/websocket-api/9.4.43.v20210629/websocket-api-9.4.43.v20210629.jar:/home/runner/.m2/repository/org/jline/jline/3.9.0/jline-3.9.0.jar:/home/runner/.m2/repository/org/apache/hadoop/hadoop-mapreduce-client-core/3.3.4/hadoop-mapreduce-client-core-3.3.4.jar:/home/runner/.m2/repository/org/apache/avro/avro/1.7.7/avro-1.7.7.jar:/home/runner/.m2/repository/org/codehaus/jackson/jackson-core-asl/1.9.13/jackson-core-asl-1.9.13.jar:/home/runner/.m2/repository/org/codehaus/jackson/jackson-mapper-asl/1.9.13/jackson-mapper-asl-1.9.13.jar:/home/runner/.m2/repository/com/thoughtworks/paranamer/paranamer/2.3/paranamer-2.3.jar:/home/runner/.m2/repository/org/apache/hadoop/hadoop-annotations/3.3.4/hadoop-annotations-3.3.4.jar:/usr/lib/jvm/temurin-8-jdk-amd64/jre/../lib/tools.jar:/home/runner/.m2/repository/io/netty/netty/3.10.6.Final/netty-3.10.6.Final.jar:/home/runner/.m2/repository/org/apache/hadoop/hadoop-distcp/3.3.4/hadoop-distcp-3.3.4-tests.jar:/home/runner/.m2/repository/org/slf4j/jul-to-slf4j/1.7.36/jul-to-slf4j-1.7.36.jar:/home/runner/.m2/repository/org/apache/ratis/ratis-common/2.4.0/ratis-common-2.4.0.jar:/home/runner/.m2/repository/org/apache/ratis/ratis-thirdparty-misc/1.0.2/ratis-thirdparty-misc-1.0.2.jar:/home/runner/.m2/repository/org/apache/ratis/ratis-proto/2.4.0/ratis-proto-2.4.0.jar:"/>
    <property name="sun.cpu.endian" value="little"/>
    <property name="user.home" value="/home/runner"/>
    <property name="user.language" value="en"/>
    <property name="java.specification.vendor" value="Oracle Corporation"/>
    <property name="java.home" value="/usr/lib/jvm/temurin-8-jdk-amd64/jre"/>
    <property name="java.security.krb5.conf" value="/home/runner/work/ozone/ozone/hadoop-ozone/integration-test/target/test-classes/krb5.conf"/>
    <property name="basedir" value="/home/runner/work/ozone/ozone/hadoop-ozone/integration-test"/>
    <property name="file.separator" value="/"/>
    <property name="line.separator" value="&#10;"/>
    <property name="java.vm.specification.vendor" value="Oracle Corporation"/>
    <property name="java.specification.name" value="Java Platform API Specification"/>
    <property name="java.awt.graphicsenv" value="sun.awt.X11GraphicsEnvironment"/>
    <property name="skip.installnpx" value="true"/>
    <property name="surefire.real.class.path" value="/home/runner/work/ozone/ozone/hadoop-ozone/integration-test/target/surefire/surefirebooter910163799103473830.jar:/home/runner/.m2/repository/org/jacoco/org.jacoco.agent/0.8.5/org.jacoco.agent-0.8.5-runtime.jar"/>
    <property name="hadoop.log.dir" value="/home/runner/work/ozone/ozone/hadoop-ozone/integration-test/target/log"/>
    <property name="sun.boot.class.path" value="/usr/lib/jvm/temurin-8-jdk-amd64/jre/lib/resources.jar:/usr/lib/jvm/temurin-8-jdk-amd64/jre/lib/rt.jar:/usr/lib/jvm/temurin-8-jdk-amd64/jre/lib/sunrsasign.jar:/usr/lib/jvm/temurin-8-jdk-amd64/jre/lib/jsse.jar:/usr/lib/jvm/temurin-8-jdk-amd64/jre/lib/jce.jar:/usr/lib/jvm/temurin-8-jdk-amd64/jre/lib/charsets.jar:/usr/lib/jvm/temurin-8-jdk-amd64/jre/lib/jfr.jar:/usr/lib/jvm/temurin-8-jdk-amd64/jre/classes"/>
    <property name="sun.management.compiler" value="HotSpot 64-Bit Tiered Compilers"/>
    <property name="skip.npx" value="true"/>
    <property name="java.runtime.version" value="1.8.0_345-b01"/>
    <property name="java.net.preferIPv4Stack" value="true"/>
    <property name="user.name" value="runner"/>
    <property name="path.separator" value=":"/>
    <property name="java.security.egd" value="file:///dev/urandom"/>
    <property name="os.version" value="5.15.0-1022-azure"/>
    <property name="java.endorsed.dirs" value="/usr/lib/jvm/temurin-8-jdk-amd64/jre/lib/endorsed"/>
    <property name="java.runtime.name" value="OpenJDK Runtime Environment"/>
    <property name="file.encoding" value="UTF-8"/>
    <property name="java.vm.name" value="OpenJDK 64-Bit Server VM"/>
    <property name="test.build.webapps" value=""/>
    <property name="localRepository" value="/home/runner/.m2/repository"/>
    <property name="jetty.git.hash" value="4231a3b2e4cb8548a412a789936d640a97b1aa0a"/>
    <property name="java.vendor.url.bug" value="https://github.com/adoptium/adoptium-support/issues"/>
    <property name="java.io.tmpdir" value="/tmp"/>
    <property name="require.test.libhadoop" value=""/>
    <property name="java.version" value="1.8.0_345"/>
    <property name="user.dir" value="/home/runner/work/ozone/ozone/hadoop-ozone/integration-test"/>
    <property name="os.arch" value="amd64"/>
    <property name="java.vm.specification.name" value="Java Virtual Machine Specification"/>
    <property name="test.build.classes" value="/home/runner/work/ozone/ozone/hadoop-ozone/integration-test/target/test-classes"/>
    <property name="java.awt.printerjob" value="sun.print.PSPrinterJob"/>
    <property name="sun.os.patch.level" value="unknown"/>
    <property name="org.apache.ratis.thirdparty.io.netty.allocator.useCacheForAllThreads" value="false"/>
    <property name="hadoop.tmp.dir" value="/home/runner/work/ozone/ozone/hadoop-ozone/integration-test/target/tmp"/>
    <property name="java.library.path" value="/usr/java/packages/lib/amd64:/usr/lib64:/lib64:/lib:/usr/lib"/>
    <property name="java.vm.info" value="mixed mode"/>
    <property name="java.vendor" value="Temurin"/>
    <property name="java.vm.version" value="25.345-b01"/>
    <property name="java.ext.dirs" value="/usr/lib/jvm/temurin-8-jdk-amd64/jre/lib/ext:/usr/java/packages/lib/ext"/>
    <property name="sun.io.unicode.encoding" value="UnicodeLittle"/>
    <property name="java.class.version" value="52.0"/>
  </properties>
  <testcase name="testAutomaticPipelineCreationOnPipelineDestroy" classname="org.apache.hadoop.hdds.scm.pipeline.TestRatisPipelineCreateAndDestroy" time="91.766">
    <error type="java.util.concurrent.TimeoutException"><![CDATA[java.util.concurrent.TimeoutException: 
Timed out waiting for condition. Thread diagnostics:
Timestamp: 2022-11-10 07:15:28,302

"IPC Server handler 7 on default port 32813" daemon prio=5 tid=162 timed_waiting
java.lang.Thread.State: TIMED_WAITING
        at sun.misc.Unsafe.park(Native Method)
        at java.util.concurrent.locks.LockSupport.parkNanos(LockSupport.java:215)
        at java.util.concurrent.locks.AbstractQueuedSynchronizer$ConditionObject.awaitNanos(AbstractQueuedSynchronizer.java:2078)
        at java.util.concurrent.LinkedBlockingQueue.poll(LinkedBlockingQueue.java:467)
        at org.apache.hadoop.ipc.CallQueueManager.take(CallQueueManager.java:317)
        at org.apache.hadoop.ipc.Server$Handler.run(Server.java:2942)
"StaleRecoveringContainerScrubbingService#1" daemon prio=5 tid=358 timed_waiting
java.lang.Thread.State: TIMED_WAITING
        at sun.misc.Unsafe.park(Native Method)
        at java.util.concurrent.locks.LockSupport.parkNanos(LockSupport.java:215)
        at java.util.concurrent.locks.AbstractQueuedSynchronizer$ConditionObject.awaitNanos(AbstractQueuedSynchronizer.java:2078)
        at java.util.concurrent.ScheduledThreadPoolExecutor$DelayedWorkQueue.take(ScheduledThreadPoolExecutor.java:1093)
        at java.util.concurrent.ScheduledThreadPoolExecutor$DelayedWorkQueue.take(ScheduledThreadPoolExecutor.java:809)
        at java.util.concurrent.ThreadPoolExecutor.getTask(ThreadPoolExecutor.java:1074)
        at java.util.concurrent.ThreadPoolExecutor.runWorker(ThreadPoolExecutor.java:1134)
        at java.util.concurrent.ThreadPoolExecutor$Worker.run(ThreadPoolExecutor.java:624)
        at java.lang.Thread.run(Thread.java:750)
"IPC Server handler 10 on default port 32813" daemon prio=5 tid=165 timed_waiting
java.lang.Thread.State: TIMED_WAITING
        at sun.misc.Unsafe.park(Native Method)
        at java.util.concurrent.locks.LockSupport.parkNanos(LockSupport.java:215)
        at java.util.concurrent.locks.AbstractQueuedSynchronizer$ConditionObject.awaitNanos(AbstractQueuedSynchronizer.java:2078)
        at java.util.concurrent.LinkedBlockingQueue.poll(LinkedBlockingQueue.java:467)
        at org.apache.hadoop.ipc.CallQueueManager.take(CallQueueManager.java:317)
        at org.apache.hadoop.ipc.Server$Handler.run(Server.java:2942)
"ChunkWriter-0-0" daemon prio=5 tid=374 in Object.wait()
java.lang.Thread.State: WAITING (on object monitor)
        at sun.misc.Unsafe.park(Native Method)
        at java.util.concurrent.locks.LockSupport.park(LockSupport.java:175)
        at java.util.concurrent.locks.AbstractQueuedSynchronizer$ConditionObject.await(AbstractQueuedSynchronizer.java:2039)
        at java.util.concurrent.LinkedBlockingDeque.takeFirst(LinkedBlockingDeque.java:492)
        at java.util.concurrent.LinkedBlockingDeque.take(LinkedBlockingDeque.java:680)
        at java.util.concurrent.ThreadPoolExecutor.getTask(ThreadPoolExecutor.java:1074)
        at java.util.concurrent.ThreadPoolExecutor.runWorker(ThreadPoolExecutor.java:1134)
        at java.util.concurrent.ThreadPoolExecutor$Worker.run(ThreadPoolExecutor.java:624)
        at java.lang.Thread.run(Thread.java:750)
"Datanode ReportManager Thread - 4" daemon prio=5 tid=279 in Object.wait()
java.lang.Thread.State: WAITING (on object monitor)
        at sun.misc.Unsafe.park(Native Method)
        at java.util.concurrent.locks.LockSupport.park(LockSupport.java:175)
        at java.util.concurrent.locks.AbstractQueuedSynchronizer$ConditionObject.await(AbstractQueuedSynchronizer.java:2039)
        at java.util.concurrent.ScheduledThreadPoolExecutor$DelayedWorkQueue.take(ScheduledThreadPoolExecutor.java:1088)
        at java.util.concurrent.ScheduledThreadPoolExecutor$DelayedWorkQueue.take(ScheduledThreadPoolExecutor.java:809)
        at java.util.concurrent.ThreadPoolExecutor.getTask(ThreadPoolExecutor.java:1074)
        at java.util.concurrent.ThreadPoolExecutor.runWorker(ThreadPoolExecutor.java:1134)
        at java.util.concurrent.ThreadPoolExecutor$Worker.run(ThreadPoolExecutor.java:624)
        at java.lang.Thread.run(Thread.java:750)
"pool-81-thread-1"  prio=5 tid=184 timed_waiting
java.lang.Thread.State: TIMED_WAITING
        at sun.misc.Unsafe.park(Native Method)
        at java.util.concurrent.locks.LockSupport.parkNanos(LockSupport.java:215)
        at java.util.concurrent.locks.AbstractQueuedSynchronizer$ConditionObject.awaitNanos(AbstractQueuedSynchronizer.java:2078)
        at java.util.concurrent.ScheduledThreadPoolExecutor$DelayedWorkQueue.take(ScheduledThreadPoolExecutor.java:1093)
        at java.util.concurrent.ScheduledThreadPoolExecutor$DelayedWorkQueue.take(ScheduledThreadPoolExecutor.java:809)
        at java.util.concurrent.ThreadPoolExecutor.getTask(ThreadPoolExecutor.java:1074)
        at java.util.concurrent.ThreadPoolExecutor.runWorker(ThreadPoolExecutor.java:1134)
        at java.util.concurrent.ThreadPoolExecutor$Worker.run(ThreadPoolExecutor.java:624)
        at java.lang.Thread.run(Thread.java:750)
"IPC Server handler 17 on default port 32813" daemon prio=5 tid=172 timed_waiting
java.lang.Thread.State: TIMED_WAITING
        at sun.misc.Unsafe.park(Native Method)
        at java.util.concurrent.locks.LockSupport.parkNanos(LockSupport.java:215)
        at java.util.concurrent.locks.AbstractQueuedSynchronizer$ConditionObject.awaitNanos(AbstractQueuedSynchronizer.java:2078)
        at java.util.concurrent.LinkedBlockingQueue.poll(LinkedBlockingQueue.java:467)
        at org.apache.hadoop.ipc.CallQueueManager.take(CallQueueManager.java:317)
        at org.apache.hadoop.ipc.Server$Handler.run(Server.java:2942)
"IPC Server handler 8 on default port 40853" daemon prio=5 tid=76 timed_waiting
java.lang.Thread.State: TIMED_WAITING
        at sun.misc.Unsafe.park(Native Method)
        at java.util.concurrent.locks.LockSupport.parkNanos(LockSupport.java:215)
        at java.util.concurrent.locks.AbstractQueuedSynchronizer$ConditionObject.awaitNanos(AbstractQueuedSynchronizer.java:2078)
        at java.util.concurrent.LinkedBlockingQueue.poll(LinkedBlockingQueue.java:467)
        at org.apache.hadoop.ipc.CallQueueManager.take(CallQueueManager.java:317)
        at org.apache.hadoop.ipc.Server$Handler.run(Server.java:2942)
"Datanode State Machine Task Thread - 1"  prio=5 tid=360 in Object.wait()
java.lang.Thread.State: WAITING (on object monitor)
        at sun.misc.Unsafe.park(Native Method)
        at java.util.concurrent.locks.LockSupport.park(LockSupport.java:175)
        at java.util.concurrent.locks.AbstractQueuedSynchronizer$ConditionObject.await(AbstractQueuedSynchronizer.java:2039)
        at java.util.concurrent.LinkedBlockingQueue.take(LinkedBlockingQueue.java:442)
        at java.util.concurrent.ThreadPoolExecutor.getTask(ThreadPoolExecutor.java:1074)
        at java.util.concurrent.ThreadPoolExecutor.runWorker(ThreadPoolExecutor.java:1134)
        at java.util.concurrent.ThreadPoolExecutor$Worker.run(ThreadPoolExecutor.java:624)
        at java.lang.Thread.run(Thread.java:750)
"IPC Server handler 13 on default port 32813" daemon prio=5 tid=168 timed_waiting
java.lang.Thread.State: TIMED_WAITING
        at sun.misc.Unsafe.park(Native Method)
        at java.util.concurrent.locks.LockSupport.parkNanos(LockSupport.java:215)
        at java.util.concurrent.locks.AbstractQueuedSynchronizer$ConditionObject.awaitNanos(AbstractQueuedSynchronizer.java:2078)
        at java.util.concurrent.LinkedBlockingQueue.poll(LinkedBlockingQueue.java:467)
        at org.apache.hadoop.ipc.CallQueueManager.take(CallQueueManager.java:317)
        at org.apache.hadoop.ipc.Server$Handler.run(Server.java:2942)
"qtp869388783-151" daemon prio=5 tid=151 timed_waiting
java.lang.Thread.State: TIMED_WAITING
        at sun.misc.Unsafe.park(Native Method)
        at java.util.concurrent.locks.LockSupport.parkNanos(LockSupport.java:215)
        at java.util.concurrent.locks.AbstractQueuedSynchronizer$ConditionObject.awaitNanos(AbstractQueuedSynchronizer.java:2078)
        at org.eclipse.jetty.util.BlockingArrayQueue.poll(BlockingArrayQueue.java:382)
        at org.eclipse.jetty.util.thread.QueuedThreadPool$Runner.idleJobPoll(QueuedThreadPool.java:974)
        at org.eclipse.jetty.util.thread.QueuedThreadPool$Runner.run(QueuedThreadPool.java:1018)
        at java.lang.Thread.run(Thread.java:750)
"ChunkWriter-1-0" daemon prio=5 tid=375 in Object.wait()
java.lang.Thread.State: WAITING (on object monitor)
        at sun.misc.Unsafe.park(Native Method)
        at java.util.concurrent.locks.LockSupport.park(LockSupport.java:175)
        at java.util.concurrent.locks.AbstractQueuedSynchronizer$ConditionObject.await(AbstractQueuedSynchronizer.java:2039)
        at java.util.concurrent.LinkedBlockingDeque.takeFirst(LinkedBlockingDeque.java:492)
        at java.util.concurrent.LinkedBlockingDeque.take(LinkedBlockingDeque.java:680)
        at java.util.concurrent.ThreadPoolExecutor.getTask(ThreadPoolExecutor.java:1074)
        at java.util.concurrent.ThreadPoolExecutor.runWorker(ThreadPoolExecutor.java:1134)
        at java.util.concurrent.ThreadPoolExecutor$Worker.run(ThreadPoolExecutor.java:624)
        at java.lang.Thread.run(Thread.java:750)
"StaleRecoveringContainerScrubbingService#0" daemon prio=5 tid=393 in Object.wait()
java.lang.Thread.State: WAITING (on object monitor)
        at sun.misc.Unsafe.park(Native Method)
        at java.util.concurrent.locks.LockSupport.park(LockSupport.java:175)
        at java.util.concurrent.locks.AbstractQueuedSynchronizer$ConditionObject.await(AbstractQueuedSynchronizer.java:2039)
        at java.util.concurrent.ScheduledThreadPoolExecutor$DelayedWorkQueue.take(ScheduledThreadPoolExecutor.java:1088)
        at java.util.concurrent.ScheduledThreadPoolExecutor$DelayedWorkQueue.take(ScheduledThreadPoolExecutor.java:809)
        at java.util.concurrent.ThreadPoolExecutor.getTask(ThreadPoolExecutor.java:1074)
        at java.util.concurrent.ThreadPoolExecutor.runWorker(ThreadPoolExecutor.java:1134)
        at java.util.concurrent.ThreadPoolExecutor$Worker.run(ThreadPoolExecutor.java:624)
        at java.lang.Thread.run(Thread.java:750)
"IPC Server handler 3 on default port 46277" daemon prio=5 tid=51 timed_waiting
java.lang.Thread.State: TIMED_WAITING
        at sun.misc.Unsafe.park(Native Method)
        at java.util.concurrent.locks.LockSupport.parkNanos(LockSupport.java:215)
        at java.util.concurrent.locks.AbstractQueuedSynchronizer$ConditionObject.awaitNanos(AbstractQueuedSynchronizer.java:2078)
        at java.util.concurrent.LinkedBlockingQueue.poll(LinkedBlockingQueue.java:467)
        at org.apache.hadoop.ipc.CallQueueManager.take(CallQueueManager.java:317)
        at org.apache.hadoop.ipc.Server$Handler.run(Server.java:2942)
"pool-196-thread-1"  prio=5 tid=316 timed_waiting
java.lang.Thread.State: TIMED_WAITING
        at sun.misc.Unsafe.park(Native Method)
        at java.util.concurrent.locks.LockSupport.parkNanos(LockSupport.java:215)
        at java.util.concurrent.locks.AbstractQueuedSynchronizer$ConditionObject.awaitNanos(AbstractQueuedSynchronizer.java:2078)
        at java.util.concurrent.ScheduledThreadPoolExecutor$DelayedWorkQueue.take(ScheduledThreadPoolExecutor.java:1093)
        at java.util.concurrent.ScheduledThreadPoolExecutor$DelayedWorkQueue.take(ScheduledThreadPoolExecutor.java:809)
        at java.util.concurrent.ThreadPoolExecutor.getTask(ThreadPoolExecutor.java:1074)
        at java.util.concurrent.ThreadPoolExecutor.runWorker(ThreadPoolExecutor.java:1134)
        at java.util.concurrent.ThreadPoolExecutor$Worker.run(ThreadPoolExecutor.java:624)
        at java.lang.Thread.run(Thread.java:750)
"IPC Server handler 1 on default port 40853" daemon prio=5 tid=69 timed_waiting
java.lang.Thread.State: TIMED_WAITING
        at sun.misc.Unsafe.park(Native Method)
        at java.util.concurrent.locks.LockSupport.parkNanos(LockSupport.java:215)
        at java.util.concurrent.locks.AbstractQueuedSynchronizer$ConditionObject.awaitNanos(AbstractQueuedSynchronizer.java:2078)
        at java.util.concurrent.LinkedBlockingQueue.poll(LinkedBlockingQueue.java:467)
        at org.apache.hadoop.ipc.CallQueueManager.take(CallQueueManager.java:317)
        at org.apache.hadoop.ipc.Server$Handler.run(Server.java:2942)
"35d6043c-a711-468a-a34c-4c4022ea36e3@group-EE387B4BAA71-StateMachineUpdater" daemon prio=5 tid=444 timed_waiting
java.lang.Thread.State: TIMED_WAITING
        at sun.misc.Unsafe.park(Native Method)
        at java.util.concurrent.locks.LockSupport.parkNanos(LockSupport.java:215)
        at java.util.concurrent.CompletableFuture$Signaller.block(CompletableFuture.java:1709)
        at java.util.concurrent.ForkJoinPool.managedBlock(ForkJoinPool.java:3323)
        at java.util.concurrent.CompletableFuture.timedGet(CompletableFuture.java:1788)
        at java.util.concurrent.CompletableFuture.get(CompletableFuture.java:1928)
        at org.apache.ratis.util.AwaitForSignal.await(AwaitForSignal.java:56)
        at org.apache.ratis.server.impl.StateMachineUpdater.waitForCommit(StateMachineUpdater.java:207)
        at org.apache.ratis.server.impl.StateMachineUpdater.run(StateMachineUpdater.java:176)
        at java.lang.Thread.run(Thread.java:750)
"IPC Server handler 10 on default port 46277" daemon prio=5 tid=58 timed_waiting
java.lang.Thread.State: TIMED_WAITING
        at sun.misc.Unsafe.park(Native Method)
        at java.util.concurrent.locks.LockSupport.parkNanos(LockSupport.java:215)
        at java.util.concurrent.locks.AbstractQueuedSynchronizer$ConditionObject.awaitNanos(AbstractQueuedSynchronizer.java:2078)
        at java.util.concurrent.LinkedBlockingQueue.poll(LinkedBlockingQueue.java:467)
        at org.apache.hadoop.ipc.CallQueueManager.take(CallQueueManager.java:317)
        at org.apache.hadoop.ipc.Server$Handler.run(Server.java:2942)
"IPC Server idle connection scanner for port 32813" daemon prio=5 tid=133 timed_waiting
java.lang.Thread.State: TIMED_WAITING
        at java.lang.Object.wait(Native Method)
        at java.util.TimerThread.mainLoop(Timer.java:552)
        at java.util.TimerThread.run(Timer.java:505)
"26c35b0c-04d0-419a-bd9f-9a0c5cb2698b-server-thread1" daemon prio=5 tid=602 timed_waiting
java.lang.Thread.State: TIMED_WAITING
        at sun.misc.Unsafe.park(Native Method)
        at java.util.concurrent.locks.LockSupport.parkNanos(LockSupport.java:215)
        at java.util.concurrent.SynchronousQueue$TransferStack.awaitFulfill(SynchronousQueue.java:460)
        at java.util.concurrent.SynchronousQueue$TransferStack.transfer(SynchronousQueue.java:362)
        at java.util.concurrent.SynchronousQueue.poll(SynchronousQueue.java:941)
        at java.util.concurrent.ThreadPoolExecutor.getTask(ThreadPoolExecutor.java:1073)
        at java.util.concurrent.ThreadPoolExecutor.runWorker(ThreadPoolExecutor.java:1134)
        at java.util.concurrent.ThreadPoolExecutor$Worker.run(ThreadPoolExecutor.java:624)
        at java.lang.Thread.run(Thread.java:750)
"IPC Server handler 15 on default port 45735" daemon prio=5 tid=103 timed_waiting
java.lang.Thread.State: TIMED_WAITING
        at sun.misc.Unsafe.park(Native Method)
        at java.util.concurrent.locks.LockSupport.parkNanos(LockSupport.java:215)
        at java.util.concurrent.locks.AbstractQueuedSynchronizer$ConditionObject.awaitNanos(AbstractQueuedSynchronizer.java:2078)
        at java.util.concurrent.LinkedBlockingQueue.poll(LinkedBlockingQueue.java:467)
        at org.apache.hadoop.ipc.CallQueueManager.take(CallQueueManager.java:317)
        at org.apache.hadoop.ipc.Server$Handler.run(Server.java:2942)
"qtp1046702013-298" daemon prio=5 tid=298 timed_waiting
java.lang.Thread.State: TIMED_WAITING
        at sun.misc.Unsafe.park(Native Method)
        at java.util.concurrent.locks.LockSupport.parkNanos(LockSupport.java:215)
        at java.util.concurrent.locks.AbstractQueuedSynchronizer$ConditionObject.awaitNanos(AbstractQueuedSynchronizer.java:2078)
        at org.eclipse.jetty.util.BlockingArrayQueue.poll(BlockingArrayQueue.java:382)
        at org.eclipse.jetty.util.thread.QueuedThreadPool$Runner.idleJobPoll(QueuedThreadPool.java:974)
        at org.eclipse.jetty.util.thread.QueuedThreadPool$Runner.run(QueuedThreadPool.java:1018)
        at java.lang.Thread.run(Thread.java:750)
"BlockDeletingService#1" daemon prio=5 tid=412 timed_waiting
java.lang.Thread.State: TIMED_WAITING
        at sun.misc.Unsafe.park(Native Method)
        at java.util.concurrent.locks.LockSupport.parkNanos(LockSupport.java:215)
        at java.util.concurrent.locks.AbstractQueuedSynchronizer$ConditionObject.awaitNanos(AbstractQueuedSynchronizer.java:2078)
        at java.util.concurrent.ScheduledThreadPoolExecutor$DelayedWorkQueue.take(ScheduledThreadPoolExecutor.java:1093)
        at java.util.concurrent.ScheduledThreadPoolExecutor$DelayedWorkQueue.take(ScheduledThreadPoolExecutor.java:809)
        at java.util.concurrent.ThreadPoolExecutor.getTask(ThreadPoolExecutor.java:1074)
        at java.util.concurrent.ThreadPoolExecutor.runWorker(ThreadPoolExecutor.java:1134)
        at java.util.concurrent.ThreadPoolExecutor$Worker.run(ThreadPoolExecutor.java:624)
        at java.lang.Thread.run(Thread.java:750)
"Datanode ReportManager Thread - 0" daemon prio=5 tid=223 in Object.wait()
java.lang.Thread.State: WAITING (on object monitor)
        at sun.misc.Unsafe.park(Native Method)
        at java.util.concurrent.locks.LockSupport.park(LockSupport.java:175)
        at java.util.concurrent.locks.AbstractQueuedSynchronizer$ConditionObject.await(AbstractQueuedSynchronizer.java:2039)
        at java.util.concurrent.ScheduledThreadPoolExecutor$DelayedWorkQueue.take(ScheduledThreadPoolExecutor.java:1088)
        at java.util.concurrent.ScheduledThreadPoolExecutor$DelayedWorkQueue.take(ScheduledThreadPoolExecutor.java:809)
        at java.util.concurrent.ThreadPoolExecutor.getTask(ThreadPoolExecutor.java:1074)
        at java.util.concurrent.ThreadPoolExecutor.runWorker(ThreadPoolExecutor.java:1134)
        at java.util.concurrent.ThreadPoolExecutor$Worker.run(ThreadPoolExecutor.java:624)
        at java.lang.Thread.run(Thread.java:750)
"Datanode ReportManager Thread - 3" daemon prio=5 tid=252 in Object.wait()
java.lang.Thread.State: WAITING (on object monitor)
        at sun.misc.Unsafe.park(Native Method)
        at java.util.concurrent.locks.LockSupport.park(LockSupport.java:175)
        at java.util.concurrent.locks.AbstractQueuedSynchronizer$ConditionObject.await(AbstractQueuedSynchronizer.java:2039)
        at java.util.concurrent.ScheduledThreadPoolExecutor$DelayedWorkQueue.take(ScheduledThreadPoolExecutor.java:1088)
        at java.util.concurrent.ScheduledThreadPoolExecutor$DelayedWorkQueue.take(ScheduledThreadPoolExecutor.java:809)
        at java.util.concurrent.ThreadPoolExecutor.getTask(ThreadPoolExecutor.java:1074)
        at java.util.concurrent.ThreadPoolExecutor.runWorker(ThreadPoolExecutor.java:1134)
        at java.util.concurrent.ThreadPoolExecutor$Worker.run(ThreadPoolExecutor.java:624)
        at java.lang.Thread.run(Thread.java:750)
"BlockDeletingService#1" daemon prio=5 tid=382 timed_waiting
java.lang.Thread.State: TIMED_WAITING
        at sun.misc.Unsafe.park(Native Method)
        at java.util.concurrent.locks.LockSupport.parkNanos(LockSupport.java:215)
        at java.util.concurrent.locks.AbstractQueuedSynchronizer$ConditionObject.awaitNanos(AbstractQueuedSynchronizer.java:2078)
        at java.util.concurrent.ScheduledThreadPoolExecutor$DelayedWorkQueue.take(ScheduledThreadPoolExecutor.java:1093)
        at java.util.concurrent.ScheduledThreadPoolExecutor$DelayedWorkQueue.take(ScheduledThreadPoolExecutor.java:809)
        at java.util.concurrent.ThreadPoolExecutor.getTask(ThreadPoolExecutor.java:1074)
        at java.util.concurrent.ThreadPoolExecutor.runWorker(ThreadPoolExecutor.java:1134)
        at java.util.concurrent.ThreadPoolExecutor$Worker.run(ThreadPoolExecutor.java:624)
        at java.lang.Thread.run(Thread.java:750)
"IPC Server handler 1 on default port 45735" daemon prio=5 tid=89 timed_waiting
java.lang.Thread.State: TIMED_WAITING
        at sun.misc.Unsafe.park(Native Method)
        at java.util.concurrent.locks.LockSupport.parkNanos(LockSupport.java:215)
        at java.util.concurrent.locks.AbstractQueuedSynchronizer$ConditionObject.awaitNanos(AbstractQueuedSynchronizer.java:2078)
        at java.util.concurrent.LinkedBlockingQueue.poll(LinkedBlockingQueue.java:467)
        at org.apache.hadoop.ipc.CallQueueManager.take(CallQueueManager.java:317)
        at org.apache.hadoop.ipc.Server$Handler.run(Server.java:2942)
"26c35b0c-04d0-419a-bd9f-9a0c5cb2698b-server-thread2" daemon prio=5 tid=600 timed_waiting
java.lang.Thread.State: TIMED_WAITING
        at sun.misc.Unsafe.park(Native Method)
        at java.util.concurrent.locks.LockSupport.parkNanos(LockSupport.java:215)
        at java.util.concurrent.SynchronousQueue$TransferStack.awaitFulfill(SynchronousQueue.java:460)
        at java.util.concurrent.SynchronousQueue$TransferStack.transfer(SynchronousQueue.java:362)
        at java.util.concurrent.SynchronousQueue.poll(SynchronousQueue.java:941)
        at java.util.concurrent.ThreadPoolExecutor.getTask(ThreadPoolExecutor.java:1073)
        at java.util.concurrent.ThreadPoolExecutor.runWorker(ThreadPoolExecutor.java:1134)
        at java.util.concurrent.ThreadPoolExecutor$Worker.run(ThreadPoolExecutor.java:624)
        at java.lang.Thread.run(Thread.java:750)
"qtp1285392383-217" daemon prio=5 tid=217 timed_waiting
java.lang.Thread.State: TIMED_WAITING
        at sun.misc.Unsafe.park(Native Method)
        at java.util.concurrent.locks.LockSupport.parkNanos(LockSupport.java:215)
        at java.util.concurrent.locks.AbstractQueuedSynchronizer$ConditionObject.awaitNanos(AbstractQueuedSynchronizer.java:2078)
        at org.eclipse.jetty.util.BlockingArrayQueue.poll(BlockingArrayQueue.java:382)
        at org.eclipse.jetty.util.thread.QueuedThreadPool$Runner.idleJobPoll(QueuedThreadPool.java:974)
        at org.eclipse.jetty.util.thread.QueuedThreadPool$Runner.run(QueuedThreadPool.java:1018)
        at java.lang.Thread.run(Thread.java:750)
"IPC Server handler 9 on default port 40853" daemon prio=5 tid=77 timed_waiting
java.lang.Thread.State: TIMED_WAITING
        at sun.misc.Unsafe.park(Native Method)
        at java.util.concurrent.locks.LockSupport.parkNanos(LockSupport.java:215)
        at java.util.concurrent.locks.AbstractQueuedSynchronizer$ConditionObject.awaitNanos(AbstractQueuedSynchronizer.java:2078)
        at java.util.concurrent.LinkedBlockingQueue.poll(LinkedBlockingQueue.java:467)
        at org.apache.hadoop.ipc.CallQueueManager.take(CallQueueManager.java:317)
        at org.apache.hadoop.ipc.Server$Handler.run(Server.java:2942)
"BlockDeletingService#2" daemon prio=5 tid=659 in Object.wait()
java.lang.Thread.State: WAITING (on object monitor)
        at sun.misc.Unsafe.park(Native Method)
        at java.util.concurrent.locks.LockSupport.park(LockSupport.java:175)
        at java.util.concurrent.locks.AbstractQueuedSynchronizer$ConditionObject.await(AbstractQueuedSynchronizer.java:2039)
        at java.util.concurrent.ScheduledThreadPoolExecutor$DelayedWorkQueue.take(ScheduledThreadPoolExecutor.java:1088)
        at java.util.concurrent.ScheduledThreadPoolExecutor$DelayedWorkQueue.take(ScheduledThreadPoolExecutor.java:809)
        at java.util.concurrent.ThreadPoolExecutor.getTask(ThreadPoolExecutor.java:1074)
        at java.util.concurrent.ThreadPoolExecutor.runWorker(ThreadPoolExecutor.java:1134)
        at java.util.concurrent.ThreadPoolExecutor$Worker.run(ThreadPoolExecutor.java:624)
        at java.lang.Thread.run(Thread.java:750)
"ChunkWriter-3-0" daemon prio=5 tid=341 in Object.wait()
java.lang.Thread.State: WAITING (on object monitor)
        at sun.misc.Unsafe.park(Native Method)
        at java.util.concurrent.locks.LockSupport.park(LockSupport.java:175)
        at java.util.concurrent.locks.AbstractQueuedSynchronizer$ConditionObject.await(AbstractQueuedSynchronizer.java:2039)
        at java.util.concurrent.LinkedBlockingDeque.takeFirst(LinkedBlockingDeque.java:492)
        at java.util.concurrent.LinkedBlockingDeque.take(LinkedBlockingDeque.java:680)
        at java.util.concurrent.ThreadPoolExecutor.getTask(ThreadPoolExecutor.java:1074)
        at java.util.concurrent.ThreadPoolExecutor.runWorker(ThreadPoolExecutor.java:1134)
        at java.util.concurrent.ThreadPoolExecutor$Worker.run(ThreadPoolExecutor.java:624)
        at java.lang.Thread.run(Thread.java:750)
"Datanode ReportManager Thread - 4" daemon prio=5 tid=305 in Object.wait()
java.lang.Thread.State: WAITING (on object monitor)
        at sun.misc.Unsafe.park(Native Method)
        at java.util.concurrent.locks.LockSupport.park(LockSupport.java:175)
        at java.util.concurrent.locks.AbstractQueuedSynchronizer$ConditionObject.await(AbstractQueuedSynchronizer.java:2039)
        at java.util.concurrent.ScheduledThreadPoolExecutor$DelayedWorkQueue.take(ScheduledThreadPoolExecutor.java:1088)
        at java.util.concurrent.ScheduledThreadPoolExecutor$DelayedWorkQueue.take(ScheduledThreadPoolExecutor.java:809)
        at java.util.concurrent.ThreadPoolExecutor.getTask(ThreadPoolExecutor.java:1074)
        at java.util.concurrent.ThreadPoolExecutor.runWorker(ThreadPoolExecutor.java:1134)
        at java.util.concurrent.ThreadPoolExecutor$Worker.run(ThreadPoolExecutor.java:624)
        at java.lang.Thread.run(Thread.java:750)
"Datanode ReportManager Thread - 0" daemon prio=5 tid=195 in Object.wait()
java.lang.Thread.State: WAITING (on object monitor)
        at sun.misc.Unsafe.park(Native Method)
        at java.util.concurrent.locks.LockSupport.park(LockSupport.java:175)
        at java.util.concurrent.locks.AbstractQueuedSynchronizer$ConditionObject.await(AbstractQueuedSynchronizer.java:2039)
        at java.util.concurrent.ScheduledThreadPoolExecutor$DelayedWorkQueue.take(ScheduledThreadPoolExecutor.java:1088)
        at java.util.concurrent.ScheduledThreadPoolExecutor$DelayedWorkQueue.take(ScheduledThreadPoolExecutor.java:809)
        at java.util.concurrent.ThreadPoolExecutor.getTask(ThreadPoolExecutor.java:1074)
        at java.util.concurrent.ThreadPoolExecutor.runWorker(ThreadPoolExecutor.java:1134)
        at java.util.concurrent.ThreadPoolExecutor$Worker.run(ThreadPoolExecutor.java:624)
        at java.lang.Thread.run(Thread.java:750)
"qtp1046702013-291" daemon prio=5 tid=291 runnable
java.lang.Thread.State: RUNNABLE
        at sun.nio.ch.EPollArrayWrapper.epollWait(Native Method)
        at sun.nio.ch.EPollArrayWrapper.poll(EPollArrayWrapper.java:269)
        at sun.nio.ch.EPollSelectorImpl.doSelect(EPollSelectorImpl.java:93)
        at sun.nio.ch.SelectorImpl.lockAndDoSelect(SelectorImpl.java:86)
        at sun.nio.ch.SelectorImpl.select(SelectorImpl.java:97)
        at sun.nio.ch.SelectorImpl.select(SelectorImpl.java:101)
        at org.eclipse.jetty.io.ManagedSelector.nioSelect(ManagedSelector.java:183)
        at org.eclipse.jetty.io.ManagedSelector.select(ManagedSelector.java:190)
        at org.eclipse.jetty.io.ManagedSelector$SelectorProducer.select(ManagedSelector.java:606)
        at org.eclipse.jetty.io.ManagedSelector$SelectorProducer.produce(ManagedSelector.java:543)
        at org.eclipse.jetty.util.thread.strategy.EatWhatYouKill.produceTask(EatWhatYouKill.java:362)
        at org.eclipse.jetty.util.thread.strategy.EatWhatYouKill.doProduce(EatWhatYouKill.java:186)
        at org.eclipse.jetty.util.thread.strategy.EatWhatYouKill.tryProduce(EatWhatYouKill.java:173)
        at org.eclipse.jetty.util.thread.strategy.EatWhatYouKill.produce(EatWhatYouKill.java:137)
        at org.eclipse.jetty.io.ManagedSelector$$Lambda$470/1528168968.run(Unknown Source)
        at org.eclipse.jetty.util.thread.QueuedThreadPool.runJob(QueuedThreadPool.java:883)
        at org.eclipse.jetty.util.thread.QueuedThreadPool$Runner.run(QueuedThreadPool.java:1034)
        at java.lang.Thread.run(Thread.java:750)
"IPC Server handler 1 on default port 46277" daemon prio=5 tid=49 timed_waiting
java.lang.Thread.State: TIMED_WAITING
        at sun.misc.Unsafe.park(Native Method)
        at java.util.concurrent.locks.LockSupport.parkNanos(LockSupport.java:215)
        at java.util.concurrent.locks.AbstractQueuedSynchronizer$ConditionObject.awaitNanos(AbstractQueuedSynchronizer.java:2078)
        at java.util.concurrent.LinkedBlockingQueue.poll(LinkedBlockingQueue.java:467)
        at org.apache.hadoop.ipc.CallQueueManager.take(CallQueueManager.java:317)
        at org.apache.hadoop.ipc.Server$Handler.run(Server.java:2942)
"Periodic HDDS volume checker" daemon prio=5 tid=284 timed_waiting
java.lang.Thread.State: TIMED_WAITING
        at sun.misc.Unsafe.park(Native Method)
        at java.util.concurrent.locks.LockSupport.parkNanos(LockSupport.java:215)
        at java.util.concurrent.locks.AbstractQueuedSynchronizer$ConditionObject.awaitNanos(AbstractQueuedSynchronizer.java:2078)
        at java.util.concurrent.ScheduledThreadPoolExecutor$DelayedWorkQueue.take(ScheduledThreadPoolExecutor.java:1093)
        at java.util.concurrent.ScheduledThreadPoolExecutor$DelayedWorkQueue.take(ScheduledThreadPoolExecutor.java:809)
        at java.util.concurrent.ThreadPoolExecutor.getTask(ThreadPoolExecutor.java:1074)
        at java.util.concurrent.ThreadPoolExecutor.runWorker(ThreadPoolExecutor.java:1134)
        at java.util.concurrent.ThreadPoolExecutor$Worker.run(ThreadPoolExecutor.java:624)
        at java.lang.Thread.run(Thread.java:750)
"qtp869388783-149" daemon prio=5 tid=149 timed_waiting
java.lang.Thread.State: TIMED_WAITING
        at sun.misc.Unsafe.park(Native Method)
        at java.util.concurrent.locks.LockSupport.parkNanos(LockSupport.java:215)
        at java.util.concurrent.locks.AbstractQueuedSynchronizer$ConditionObject.awaitNanos(AbstractQueuedSynchronizer.java:2078)
        at org.eclipse.jetty.util.BlockingArrayQueue.poll(BlockingArrayQueue.java:382)
        at org.eclipse.jetty.util.thread.QueuedThreadPool$Runner.idleJobPoll(QueuedThreadPool.java:974)
        at org.eclipse.jetty.util.thread.QueuedThreadPool$Runner.run(QueuedThreadPool.java:1018)
        at java.lang.Thread.run(Thread.java:750)
"grpc-default-executor-3" daemon prio=5 tid=522 timed_waiting
java.lang.Thread.State: TIMED_WAITING
        at sun.misc.Unsafe.park(Native Method)
        at java.util.concurrent.locks.LockSupport.parkNanos(LockSupport.java:215)
        at java.util.concurrent.SynchronousQueue$TransferStack.awaitFulfill(SynchronousQueue.java:460)
        at java.util.concurrent.SynchronousQueue$TransferStack.transfer(SynchronousQueue.java:362)
        at java.util.concurrent.SynchronousQueue.poll(SynchronousQueue.java:941)
        at java.util.concurrent.ThreadPoolExecutor.getTask(ThreadPoolExecutor.java:1073)
        at java.util.concurrent.ThreadPoolExecutor.runWorker(ThreadPoolExecutor.java:1134)
        at java.util.concurrent.ThreadPoolExecutor$Worker.run(ThreadPoolExecutor.java:624)
        at java.lang.Thread.run(Thread.java:750)
"IPC Server handler 0 on default port 40853" daemon prio=5 tid=68 timed_waiting
java.lang.Thread.State: TIMED_WAITING
        at sun.misc.Unsafe.park(Native Method)
        at java.util.concurrent.locks.LockSupport.parkNanos(LockSupport.java:215)
        at java.util.concurrent.locks.AbstractQueuedSynchronizer$ConditionObject.awaitNanos(AbstractQueuedSynchronizer.java:2078)
        at java.util.concurrent.LinkedBlockingQueue.poll(LinkedBlockingQueue.java:467)
        at org.apache.hadoop.ipc.CallQueueManager.take(CallQueueManager.java:317)
        at org.apache.hadoop.ipc.Server$Handler.run(Server.java:2942)
"timer2" daemon prio=5 tid=538 timed_waiting
java.lang.Thread.State: TIMED_WAITING
        at java.lang.Object.wait(Native Method)
        at java.util.TimerThread.mainLoop(Timer.java:552)
        at java.util.TimerThread.run(Timer.java:505)
"pool-111-thread-1" daemon prio=5 tid=234 timed_waiting
java.lang.Thread.State: TIMED_WAITING
        at sun.misc.Unsafe.park(Native Method)
        at java.util.concurrent.locks.LockSupport.parkNanos(LockSupport.java:215)
        at java.util.concurrent.locks.AbstractQueuedSynchronizer$ConditionObject.awaitNanos(AbstractQueuedSynchronizer.java:2078)
        at java.util.concurrent.ScheduledThreadPoolExecutor$DelayedWorkQueue.take(ScheduledThreadPoolExecutor.java:1093)
        at java.util.concurrent.ScheduledThreadPoolExecutor$DelayedWorkQueue.take(ScheduledThreadPoolExecutor.java:809)
        at java.util.concurrent.ThreadPoolExecutor.getTask(ThreadPoolExecutor.java:1074)
        at java.util.concurrent.ThreadPoolExecutor.runWorker(ThreadPoolExecutor.java:1134)
        at java.util.concurrent.ThreadPoolExecutor$Worker.run(ThreadPoolExecutor.java:624)
        at java.lang.Thread.run(Thread.java:750)
"IPC Server handler 14 on default port 45735" daemon prio=5 tid=102 timed_waiting
java.lang.Thread.State: TIMED_WAITING
        at sun.misc.Unsafe.park(Native Method)
        at java.util.concurrent.locks.LockSupport.parkNanos(LockSupport.java:215)
        at java.util.concurrent.locks.AbstractQueuedSynchronizer$ConditionObject.awaitNanos(AbstractQueuedSynchronizer.java:2078)
        at java.util.concurrent.LinkedBlockingQueue.poll(LinkedBlockingQueue.java:467)
        at org.apache.hadoop.ipc.CallQueueManager.take(CallQueueManager.java:317)
        at org.apache.hadoop.ipc.Server$Handler.run(Server.java:2942)
"EventQueue-PipelineReportForOneReplicaPipelineSafeModeRule" daemon prio=5 tid=402 in Object.wait()
java.lang.Thread.State: WAITING (on object monitor)
        at sun.misc.Unsafe.park(Native Method)
        at java.util.concurrent.locks.LockSupport.park(LockSupport.java:175)
        at java.util.concurrent.locks.AbstractQueuedSynchronizer$ConditionObject.await(AbstractQueuedSynchronizer.java:2039)
        at java.util.concurrent.LinkedBlockingQueue.take(LinkedBlockingQueue.java:442)
        at java.util.concurrent.ThreadPoolExecutor.getTask(ThreadPoolExecutor.java:1074)
        at java.util.concurrent.ThreadPoolExecutor.runWorker(ThreadPoolExecutor.java:1134)
        at java.util.concurrent.ThreadPoolExecutor$Worker.run(ThreadPoolExecutor.java:624)
        at java.lang.Thread.run(Thread.java:750)
"Timer-0"  prio=5 tid=141 timed_waiting
java.lang.Thread.State: TIMED_WAITING
        at java.lang.Object.wait(Native Method)
        at java.util.TimerThread.mainLoop(Timer.java:552)
        at java.util.TimerThread.run(Timer.java:505)
"Datanode ReportManager Thread - 3" daemon prio=5 tid=198 in Object.wait()
java.lang.Thread.State: WAITING (on object monitor)
        at sun.misc.Unsafe.park(Native Method)
        at java.util.concurrent.locks.LockSupport.park(LockSupport.java:175)
        at java.util.concurrent.locks.AbstractQueuedSynchronizer$ConditionObject.await(AbstractQueuedSynchronizer.java:2039)
        at java.util.concurrent.ScheduledThreadPoolExecutor$DelayedWorkQueue.take(ScheduledThreadPoolExecutor.java:1088)
        at java.util.concurrent.ScheduledThreadPoolExecutor$DelayedWorkQueue.take(ScheduledThreadPoolExecutor.java:809)
        at java.util.concurrent.ThreadPoolExecutor.getTask(ThreadPoolExecutor.java:1074)
        at java.util.concurrent.ThreadPoolExecutor.runWorker(ThreadPoolExecutor.java:1134)
        at java.util.concurrent.ThreadPoolExecutor$Worker.run(ThreadPoolExecutor.java:624)
        at java.lang.Thread.run(Thread.java:750)
"org.apache.hadoop.util.JvmPauseMonitor$Monitor@76ee7301" daemon prio=5 tid=109 timed_waiting
java.lang.Thread.State: TIMED_WAITING
        at java.lang.Thread.sleep(Native Method)
        at org.apache.hadoop.util.JvmPauseMonitor$Monitor.run(JvmPauseMonitor.java:192)
        at java.lang.Thread.run(Thread.java:750)
"qtp1974786850-118" daemon prio=5 tid=118 timed_waiting
java.lang.Thread.State: TIMED_WAITING
        at sun.misc.Unsafe.park(Native Method)
        at java.util.concurrent.locks.LockSupport.parkNanos(LockSupport.java:215)
        at java.util.concurrent.locks.AbstractQueuedSynchronizer$ConditionObject.awaitNanos(AbstractQueuedSynchronizer.java:2078)
        at org.eclipse.jetty.util.BlockingArrayQueue.poll(BlockingArrayQueue.java:382)
        at org.eclipse.jetty.util.thread.QueuedThreadPool$Runner.idleJobPoll(QueuedThreadPool.java:974)
        at org.eclipse.jetty.util.thread.QueuedThreadPool$Runner.run(QueuedThreadPool.java:1018)
        at java.lang.Thread.run(Thread.java:750)
"IPC Server Responder" daemon prio=5 tid=31 runnable
java.lang.Thread.State: RUNNABLE
        at sun.nio.ch.EPollArrayWrapper.epollWait(Native Method)
        at sun.nio.ch.EPollArrayWrapper.poll(EPollArrayWrapper.java:269)
        at sun.nio.ch.EPollSelectorImpl.doSelect(EPollSelectorImpl.java:93)
        at sun.nio.ch.SelectorImpl.lockAndDoSelect(SelectorImpl.java:86)
        at sun.nio.ch.SelectorImpl.select(SelectorImpl.java:97)
        at org.apache.hadoop.ipc.Server$Responder.doRunLoop(Server.java:1532)
        at org.apache.hadoop.ipc.Server$Responder.run(Server.java:1515)
"org.apache.hadoop.util.JvmPauseMonitor$Monitor@35ff0b35" daemon prio=5 tid=333 timed_waiting
java.lang.Thread.State: TIMED_WAITING
        at java.lang.Thread.sleep(Native Method)
        at org.apache.hadoop.util.JvmPauseMonitor$Monitor.run(JvmPauseMonitor.java:192)
        at java.lang.Thread.run(Thread.java:750)
"BlockDeletingService#1" daemon prio=5 tid=395 timed_waiting
java.lang.Thread.State: TIMED_WAITING
        at sun.misc.Unsafe.park(Native Method)
        at java.util.concurrent.locks.LockSupport.parkNanos(LockSupport.java:215)
        at java.util.concurrent.locks.AbstractQueuedSynchronizer$ConditionObject.awaitNanos(AbstractQueuedSynchronizer.java:2078)
        at java.util.concurrent.ScheduledThreadPoolExecutor$DelayedWorkQueue.take(ScheduledThreadPoolExecutor.java:1093)
        at java.util.concurrent.ScheduledThreadPoolExecutor$DelayedWorkQueue.take(ScheduledThreadPoolExecutor.java:809)
        at java.util.concurrent.ThreadPoolExecutor.getTask(ThreadPoolExecutor.java:1074)
        at java.util.concurrent.ThreadPoolExecutor.runWorker(ThreadPoolExecutor.java:1134)
        at java.util.concurrent.ThreadPoolExecutor$Worker.run(ThreadPoolExecutor.java:624)
        at java.lang.Thread.run(Thread.java:750)
"IPC Server idle connection scanner for port 40853" daemon prio=5 tid=30 timed_waiting
java.lang.Thread.State: TIMED_WAITING
        at java.lang.Object.wait(Native Method)
        at java.util.TimerThread.mainLoop(Timer.java:552)
        at java.util.TimerThread.run(Timer.java:505)
"pool-31-thread-1"  prio=5 tid=110 timed_waiting
java.lang.Thread.State: TIMED_WAITING
        at sun.misc.Unsafe.park(Native Method)
        at java.util.concurrent.locks.LockSupport.parkNanos(LockSupport.java:215)
        at java.util.concurrent.locks.AbstractQueuedSynchronizer$ConditionObject.awaitNanos(AbstractQueuedSynchronizer.java:2078)
        at java.util.concurrent.ScheduledThreadPoolExecutor$DelayedWorkQueue.take(ScheduledThreadPoolExecutor.java:1093)
        at java.util.concurrent.ScheduledThreadPoolExecutor$DelayedWorkQueue.take(ScheduledThreadPoolExecutor.java:809)
        at java.util.concurrent.ThreadPoolExecutor.getTask(ThreadPoolExecutor.java:1074)
        at java.util.concurrent.ThreadPoolExecutor.runWorker(ThreadPoolExecutor.java:1134)
        at java.util.concurrent.ThreadPoolExecutor$Worker.run(ThreadPoolExecutor.java:624)
        at java.lang.Thread.run(Thread.java:750)
"Periodic HDDS volume checker" daemon prio=5 tid=177 timed_waiting
java.lang.Thread.State: TIMED_WAITING
        at sun.misc.Unsafe.park(Native Method)
        at java.util.concurrent.locks.LockSupport.parkNanos(LockSupport.java:215)
        at java.util.concurrent.locks.AbstractQueuedSynchronizer$ConditionObject.awaitNanos(AbstractQueuedSynchronizer.java:2078)
        at java.util.concurrent.ScheduledThreadPoolExecutor$DelayedWorkQueue.take(ScheduledThreadPoolExecutor.java:1093)
        at java.util.concurrent.ScheduledThreadPoolExecutor$DelayedWorkQueue.take(ScheduledThreadPoolExecutor.java:809)
        at java.util.concurrent.ThreadPoolExecutor.getTask(ThreadPoolExecutor.java:1074)
        at java.util.concurrent.ThreadPoolExecutor.runWorker(ThreadPoolExecutor.java:1134)
        at java.util.concurrent.ThreadPoolExecutor$Worker.run(ThreadPoolExecutor.java:624)
        at java.lang.Thread.run(Thread.java:750)
"qtp1441060897-244" daemon prio=5 tid=244 timed_waiting
java.lang.Thread.State: TIMED_WAITING
        at sun.misc.Unsafe.park(Native Method)
        at java.util.concurrent.locks.LockSupport.parkNanos(LockSupport.java:215)
        at java.util.concurrent.locks.AbstractQueuedSynchronizer$ConditionObject.awaitNanos(AbstractQueuedSynchronizer.java:2078)
        at org.eclipse.jetty.util.BlockingArrayQueue.poll(BlockingArrayQueue.java:382)
        at org.eclipse.jetty.util.thread.QueuedThreadPool$Runner.idleJobPoll(QueuedThreadPool.java:974)
        at org.eclipse.jetty.util.thread.QueuedThreadPool$Runner.run(QueuedThreadPool.java:1018)
        at java.lang.Thread.run(Thread.java:750)
"ChunkReader-ELG-0" daemon prio=5 tid=367 runnable
java.lang.Thread.State: RUNNABLE
        at org.apache.ratis.thirdparty.io.netty.channel.epoll.Native.epollWait(Native Method)
        at org.apache.ratis.thirdparty.io.netty.channel.epoll.Native.epollWait(Native.java:209)
        at org.apache.ratis.thirdparty.io.netty.channel.epoll.Native.epollWait(Native.java:202)
        at org.apache.ratis.thirdparty.io.netty.channel.epoll.EpollEventLoop.epollWaitNoTimerChange(EpollEventLoop.java:294)
        at org.apache.ratis.thirdparty.io.netty.channel.epoll.EpollEventLoop.run(EpollEventLoop.java:351)
        at org.apache.ratis.thirdparty.io.netty.util.concurrent.SingleThreadEventExecutor$4.run(SingleThreadEventExecutor.java:995)
        at org.apache.ratis.thirdparty.io.netty.util.internal.ThreadExecutorMap$2.run(ThreadExecutorMap.java:74)
        at java.lang.Thread.run(Thread.java:750)
"IPC Server handler 18 on default port 40853" daemon prio=5 tid=86 timed_waiting
java.lang.Thread.State: TIMED_WAITING
        at sun.misc.Unsafe.park(Native Method)
        at java.util.concurrent.locks.LockSupport.parkNanos(LockSupport.java:215)
        at java.util.concurrent.locks.AbstractQueuedSynchronizer$ConditionObject.awaitNanos(AbstractQueuedSynchronizer.java:2078)
        at java.util.concurrent.LinkedBlockingQueue.poll(LinkedBlockingQueue.java:467)
        at org.apache.hadoop.ipc.CallQueueManager.take(CallQueueManager.java:317)
        at org.apache.hadoop.ipc.Server$Handler.run(Server.java:2942)
"Periodic HDDS volume checker" daemon prio=5 tid=310 timed_waiting
java.lang.Thread.State: TIMED_WAITING
        at sun.misc.Unsafe.park(Native Method)
        at java.util.concurrent.locks.LockSupport.parkNanos(LockSupport.java:215)
        at java.util.concurrent.locks.AbstractQueuedSynchronizer$ConditionObject.awaitNanos(AbstractQueuedSynchronizer.java:2078)
        at java.util.concurrent.ScheduledThreadPoolExecutor$DelayedWorkQueue.take(ScheduledThreadPoolExecutor.java:1093)
        at java.util.concurrent.ScheduledThreadPoolExecutor$DelayedWorkQueue.take(ScheduledThreadPoolExecutor.java:809)
        at java.util.concurrent.ThreadPoolExecutor.getTask(ThreadPoolExecutor.java:1074)
        at java.util.concurrent.ThreadPoolExecutor.runWorker(ThreadPoolExecutor.java:1134)
        at java.util.concurrent.ThreadPoolExecutor$Worker.run(ThreadPoolExecutor.java:624)
        at java.lang.Thread.run(Thread.java:750)
"BlockDeletingService#2" daemon prio=5 tid=662 in Object.wait()
java.lang.Thread.State: WAITING (on object monitor)
        at sun.misc.Unsafe.park(Native Method)
        at java.util.concurrent.locks.LockSupport.park(LockSupport.java:175)
        at java.util.concurrent.locks.AbstractQueuedSynchronizer$ConditionObject.await(AbstractQueuedSynchronizer.java:2039)
        at java.util.concurrent.ScheduledThreadPoolExecutor$DelayedWorkQueue.take(ScheduledThreadPoolExecutor.java:1088)
        at java.util.concurrent.ScheduledThreadPoolExecutor$DelayedWorkQueue.take(ScheduledThreadPoolExecutor.java:809)
        at java.util.concurrent.ThreadPoolExecutor.getTask(ThreadPoolExecutor.java:1074)
        at java.util.concurrent.ThreadPoolExecutor.runWorker(ThreadPoolExecutor.java:1134)
        at java.util.concurrent.ThreadPoolExecutor$Worker.run(ThreadPoolExecutor.java:624)
        at java.lang.Thread.run(Thread.java:750)
"qtp475465260-191" daemon prio=5 tid=191 timed_waiting
java.lang.Thread.State: TIMED_WAITING
        at sun.misc.Unsafe.park(Native Method)
        at java.util.concurrent.locks.LockSupport.parkNanos(LockSupport.java:215)
        at java.util.concurrent.locks.AbstractQueuedSynchronizer$ConditionObject.awaitNanos(AbstractQueuedSynchronizer.java:2078)
        at org.eclipse.jetty.util.BlockingArrayQueue.poll(BlockingArrayQueue.java:382)
        at org.eclipse.jetty.util.thread.QueuedThreadPool$Runner.idleJobPoll(QueuedThreadPool.java:974)
        at org.eclipse.jetty.util.thread.QueuedThreadPool$Runner.run(QueuedThreadPool.java:1018)
        at java.lang.Thread.run(Thread.java:750)
"IPC Server handler 8 on default port 45735" daemon prio=5 tid=96 timed_waiting
java.lang.Thread.State: TIMED_WAITING
        at sun.misc.Unsafe.park(Native Method)
        at java.util.concurrent.locks.LockSupport.parkNanos(LockSupport.java:215)
        at java.util.concurrent.locks.AbstractQueuedSynchronizer$ConditionObject.awaitNanos(AbstractQueuedSynchronizer.java:2078)
        at java.util.concurrent.LinkedBlockingQueue.poll(LinkedBlockingQueue.java:467)
        at org.apache.hadoop.ipc.CallQueueManager.take(CallQueueManager.java:317)
        at org.apache.hadoop.ipc.Server$Handler.run(Server.java:2942)
"StaleRecoveringContainerScrubbingService#1" daemon prio=5 tid=371 timed_waiting
java.lang.Thread.State: TIMED_WAITING
        at sun.misc.Unsafe.park(Native Method)
        at java.util.concurrent.locks.LockSupport.parkNanos(LockSupport.java:215)
        at java.util.concurrent.locks.AbstractQueuedSynchronizer$ConditionObject.awaitNanos(AbstractQueuedSynchronizer.java:2078)
        at java.util.concurrent.ScheduledThreadPoolExecutor$DelayedWorkQueue.take(ScheduledThreadPoolExecutor.java:1093)
        at java.util.concurrent.ScheduledThreadPoolExecutor$DelayedWorkQueue.take(ScheduledThreadPoolExecutor.java:809)
        at java.util.concurrent.ThreadPoolExecutor.getTask(ThreadPoolExecutor.java:1074)
        at java.util.concurrent.ThreadPoolExecutor.runWorker(ThreadPoolExecutor.java:1134)
        at java.util.concurrent.ThreadPoolExecutor$Worker.run(ThreadPoolExecutor.java:624)
        at java.lang.Thread.run(Thread.java:750)
"BlockDeletingService#0" daemon prio=5 tid=356 in Object.wait()
java.lang.Thread.State: WAITING (on object monitor)
        at sun.misc.Unsafe.park(Native Method)
        at java.util.concurrent.locks.LockSupport.park(LockSupport.java:175)
        at java.util.concurrent.locks.AbstractQueuedSynchronizer$ConditionObject.await(AbstractQueuedSynchronizer.java:2039)
        at java.util.concurrent.ScheduledThreadPoolExecutor$DelayedWorkQueue.take(ScheduledThreadPoolExecutor.java:1088)
        at java.util.concurrent.ScheduledThreadPoolExecutor$DelayedWorkQueue.take(ScheduledThreadPoolExecutor.java:809)
        at java.util.concurrent.ThreadPoolExecutor.getTask(ThreadPoolExecutor.java:1074)
        at java.util.concurrent.ThreadPoolExecutor.runWorker(ThreadPoolExecutor.java:1134)
        at java.util.concurrent.ThreadPoolExecutor$Worker.run(ThreadPoolExecutor.java:624)
        at java.lang.Thread.run(Thread.java:750)
"73d758c7-6b76-4e6e-a3d3-7696fd8c55bd@group-841363C15B84-FollowerState" daemon prio=5 tid=685 timed_waiting
java.lang.Thread.State: TIMED_WAITING
        at java.lang.Thread.sleep(Native Method)
        at java.lang.Thread.sleep(Thread.java:342)
        at java.util.concurrent.TimeUnit.sleep(TimeUnit.java:386)
        at org.apache.ratis.util.TimeDuration.sleep(TimeDuration.java:325)
        at org.apache.ratis.util.TimeDuration.sleep(TimeDuration.java:310)
        at org.apache.ratis.server.impl.FollowerState.run(FollowerState.java:128)
"JvmPauseMonitor2" daemon prio=5 tid=354 timed_waiting
java.lang.Thread.State: TIMED_WAITING
        at java.lang.Thread.sleep(Native Method)
        at java.lang.Thread.sleep(Thread.java:342)
        at java.util.concurrent.TimeUnit.sleep(TimeUnit.java:386)
        at org.apache.ratis.util.TimeDuration.sleep(TimeDuration.java:325)
        at org.apache.ratis.util.TimeDuration.sleep(TimeDuration.java:310)
        at org.apache.ratis.util.JvmPauseMonitor.detectPause(JvmPauseMonitor.java:119)
        at org.apache.ratis.util.JvmPauseMonitor.run(JvmPauseMonitor.java:108)
        at org.apache.ratis.util.JvmPauseMonitor$$Lambda$730/1689291213.run(Unknown Source)
        at java.lang.Thread.run(Thread.java:750)
"35d6043c-a711-468a-a34c-4c4022ea36e3@group-092F80E77802-LeaderStateImpl" daemon prio=5 tid=500 timed_waiting
java.lang.Thread.State: TIMED_WAITING
        at sun.misc.Unsafe.park(Native Method)
        at java.util.concurrent.locks.LockSupport.parkNanos(LockSupport.java:215)
        at java.util.concurrent.locks.AbstractQueuedSynchronizer$ConditionObject.awaitNanos(AbstractQueuedSynchronizer.java:2078)
        at java.util.concurrent.ArrayBlockingQueue.poll(ArrayBlockingQueue.java:418)
        at org.apache.ratis.server.impl.LeaderStateImpl$EventQueue.poll(LeaderStateImpl.java:159)
        at org.apache.ratis.server.impl.LeaderStateImpl$EventProcessor.run(LeaderStateImpl.java:630)
"IPC Server handler 15 on default port 32813" daemon prio=5 tid=170 timed_waiting
java.lang.Thread.State: TIMED_WAITING
        at sun.misc.Unsafe.park(Native Method)
        at java.util.concurrent.locks.LockSupport.parkNanos(LockSupport.java:215)
        at java.util.concurrent.locks.AbstractQueuedSynchronizer$ConditionObject.awaitNanos(AbstractQueuedSynchronizer.java:2078)
        at java.util.concurrent.LinkedBlockingQueue.poll(LinkedBlockingQueue.java:467)
        at org.apache.hadoop.ipc.CallQueueManager.take(CallQueueManager.java:317)
        at org.apache.hadoop.ipc.Server$Handler.run(Server.java:2942)
"qtp1974786850-115" daemon prio=5 tid=115 timed_waiting
java.lang.Thread.State: TIMED_WAITING
        at sun.misc.Unsafe.park(Native Method)
        at java.util.concurrent.locks.LockSupport.parkNanos(LockSupport.java:215)
        at java.util.concurrent.locks.AbstractQueuedSynchronizer$ConditionObject.awaitNanos(AbstractQueuedSynchronizer.java:2078)
        at org.eclipse.jetty.util.BlockingArrayQueue.poll(BlockingArrayQueue.java:382)
        at org.eclipse.jetty.util.thread.QueuedThreadPool$Runner.idleJobPoll(QueuedThreadPool.java:974)
        at org.eclipse.jetty.util.thread.QueuedThreadPool$Runner.run(QueuedThreadPool.java:1018)
        at java.lang.Thread.run(Thread.java:750)
"qtp869388783-150" daemon prio=5 tid=150 timed_waiting
java.lang.Thread.State: TIMED_WAITING
        at sun.misc.Unsafe.park(Native Method)
        at java.util.concurrent.locks.LockSupport.parkNanos(LockSupport.java:215)
        at java.util.concurrent.locks.AbstractQueuedSynchronizer$ConditionObject.awaitNanos(AbstractQueuedSynchronizer.java:2078)
        at org.eclipse.jetty.util.BlockingArrayQueue.poll(BlockingArrayQueue.java:382)
        at org.eclipse.jetty.util.thread.QueuedThreadPool$Runner.idleJobPoll(QueuedThreadPool.java:974)
        at org.eclipse.jetty.util.thread.QueuedThreadPool$Runner.run(QueuedThreadPool.java:1018)
        at java.lang.Thread.run(Thread.java:750)
"b01711c8-04b4-47a5-9bab-72c84cf7bb6a@group-B7D1079710A0-StateMachineUpdater" daemon prio=5 tid=487 timed_waiting
java.lang.Thread.State: TIMED_WAITING
        at sun.misc.Unsafe.park(Native Method)
        at java.util.concurrent.locks.LockSupport.parkNanos(LockSupport.java:215)
        at java.util.concurrent.CompletableFuture$Signaller.block(CompletableFuture.java:1709)
        at java.util.concurrent.ForkJoinPool.managedBlock(ForkJoinPool.java:3323)
        at java.util.concurrent.CompletableFuture.timedGet(CompletableFuture.java:1788)
        at java.util.concurrent.CompletableFuture.get(CompletableFuture.java:1928)
        at org.apache.ratis.util.AwaitForSignal.await(AwaitForSignal.java:56)
        at org.apache.ratis.server.impl.StateMachineUpdater.waitForCommit(StateMachineUpdater.java:207)
        at org.apache.ratis.server.impl.StateMachineUpdater.run(StateMachineUpdater.java:176)
        at java.lang.Thread.run(Thread.java:750)
"Datanode State Machine Daemon Thread" daemon prio=5 tid=326 timed_waiting
java.lang.Thread.State: TIMED_WAITING
        at java.lang.Thread.sleep(Native Method)
        at org.apache.hadoop.ozone.container.common.statemachine.DatanodeStateMachine.startStateMachineThread(DatanodeStateMachine.java:321)
        at org.apache.hadoop.ozone.container.common.statemachine.DatanodeStateMachine.lambda$startDaemon$0(DatanodeStateMachine.java:506)
        at org.apache.hadoop.ozone.container.common.statemachine.DatanodeStateMachine$$Lambda$775/1698825479.run(Unknown Source)
        at java.lang.Thread.run(Thread.java:750)
"IPC Server handler 14 on default port 40853" daemon prio=5 tid=82 timed_waiting
java.lang.Thread.State: TIMED_WAITING
        at sun.misc.Unsafe.park(Native Method)
        at java.util.concurrent.locks.LockSupport.parkNanos(LockSupport.java:215)
        at java.util.concurrent.locks.AbstractQueuedSynchronizer$ConditionObject.awaitNanos(AbstractQueuedSynchronizer.java:2078)
        at java.util.concurrent.LinkedBlockingQueue.poll(LinkedBlockingQueue.java:467)
        at org.apache.hadoop.ipc.CallQueueManager.take(CallQueueManager.java:317)
        at org.apache.hadoop.ipc.Server$Handler.run(Server.java:2942)
"PartialTableCache Cleanup Thread - 0" daemon prio=5 tid=650 in Object.wait()
java.lang.Thread.State: WAITING (on object monitor)
        at sun.misc.Unsafe.park(Native Method)
        at java.util.concurrent.locks.LockSupport.park(LockSupport.java:175)
        at java.util.concurrent.locks.AbstractQueuedSynchronizer$ConditionObject.await(AbstractQueuedSynchronizer.java:2039)
        at java.util.concurrent.LinkedBlockingQueue.take(LinkedBlockingQueue.java:442)
        at java.util.concurrent.ThreadPoolExecutor.getTask(ThreadPoolExecutor.java:1074)
        at java.util.concurrent.ThreadPoolExecutor.runWorker(ThreadPoolExecutor.java:1134)
        at java.util.concurrent.ThreadPoolExecutor$Worker.run(ThreadPoolExecutor.java:624)
        at java.lang.Thread.run(Thread.java:750)
"73d758c7-6b76-4e6e-a3d3-7696fd8c55bd@group-841363C15B84-SegmentedRaftLogWorker"  prio=5 tid=461 timed_waiting
java.lang.Thread.State: TIMED_WAITING
        at sun.misc.Unsafe.park(Native Method)
        at java.util.concurrent.locks.LockSupport.parkNanos(LockSupport.java:215)
        at java.util.concurrent.locks.AbstractQueuedSynchronizer$ConditionObject.awaitNanos(AbstractQueuedSynchronizer.java:2078)
        at org.apache.ratis.util.DataBlockingQueue.poll(DataBlockingQueue.java:148)
        at org.apache.ratis.server.raftlog.segmented.SegmentedRaftLogWorker.run(SegmentedRaftLogWorker.java:310)
        at org.apache.ratis.server.raftlog.segmented.SegmentedRaftLogWorker$$Lambda$689/1539916730.run(Unknown Source)
        at java.lang.Thread.run(Thread.java:750)
"IPC Server handler 14 on default port 32813" daemon prio=5 tid=169 timed_waiting
java.lang.Thread.State: TIMED_WAITING
        at sun.misc.Unsafe.park(Native Method)
        at java.util.concurrent.locks.LockSupport.parkNanos(LockSupport.java:215)
        at java.util.concurrent.locks.AbstractQueuedSynchronizer$ConditionObject.awaitNanos(AbstractQueuedSynchronizer.java:2078)
        at java.util.concurrent.LinkedBlockingQueue.poll(LinkedBlockingQueue.java:467)
        at org.apache.hadoop.ipc.CallQueueManager.take(CallQueueManager.java:317)
        at org.apache.hadoop.ipc.Server$Handler.run(Server.java:2942)
"73d758c7-6b76-4e6e-a3d3-7696fd8c55bd@group-841363C15B84-StateMachineUpdater" daemon prio=5 tid=463 timed_waiting
java.lang.Thread.State: TIMED_WAITING
        at sun.misc.Unsafe.park(Native Method)
        at java.util.concurrent.locks.LockSupport.parkNanos(LockSupport.java:215)
        at java.util.concurrent.CompletableFuture$Signaller.block(CompletableFuture.java:1709)
        at java.util.concurrent.ForkJoinPool.managedBlock(ForkJoinPool.java:3323)
        at java.util.concurrent.CompletableFuture.timedGet(CompletableFuture.java:1788)
        at java.util.concurrent.CompletableFuture.get(CompletableFuture.java:1928)
        at org.apache.ratis.util.AwaitForSignal.await(AwaitForSignal.java:56)
        at org.apache.ratis.server.impl.StateMachineUpdater.waitForCommit(StateMachineUpdater.java:207)
        at org.apache.ratis.server.impl.StateMachineUpdater.run(StateMachineUpdater.java:176)
        at java.lang.Thread.run(Thread.java:750)
"timer7" daemon prio=5 tid=559 timed_waiting
java.lang.Thread.State: TIMED_WAITING
        at java.lang.Object.wait(Native Method)
        at java.util.TimerThread.mainLoop(Timer.java:552)
        at java.util.TimerThread.run(Timer.java:505)
"Socket Reader #1 for port 0"  prio=5 tid=33 runnable
java.lang.Thread.State: RUNNABLE
        at sun.nio.ch.EPollArrayWrapper.epollWait(Native Method)
        at sun.nio.ch.EPollArrayWrapper.poll(EPollArrayWrapper.java:269)
        at sun.nio.ch.EPollSelectorImpl.doSelect(EPollSelectorImpl.java:93)
        at sun.nio.ch.SelectorImpl.lockAndDoSelect(SelectorImpl.java:86)
        at sun.nio.ch.SelectorImpl.select(SelectorImpl.java:97)
        at sun.nio.ch.SelectorImpl.select(SelectorImpl.java:101)
        at org.apache.hadoop.ipc.Server$Listener$Reader.doRunLoop(Server.java:1296)
        at org.apache.hadoop.ipc.Server$Listener$Reader.run(Server.java:1275)
"IPC Server handler 9 on default port 46277" daemon prio=5 tid=57 timed_waiting
java.lang.Thread.State: TIMED_WAITING
        at sun.misc.Unsafe.park(Native Method)
        at java.util.concurrent.locks.LockSupport.parkNanos(LockSupport.java:215)
        at java.util.concurrent.locks.AbstractQueuedSynchronizer$ConditionObject.awaitNanos(AbstractQueuedSynchronizer.java:2078)
        at java.util.concurrent.LinkedBlockingQueue.poll(LinkedBlockingQueue.java:467)
        at org.apache.hadoop.ipc.CallQueueManager.take(CallQueueManager.java:317)
        at org.apache.hadoop.ipc.Server$Handler.run(Server.java:2942)
"26c35b0c-04d0-419a-bd9f-9a0c5cb2698b@group-168BE77AF746-StateMachineUpdater" daemon prio=5 tid=419 timed_waiting
java.lang.Thread.State: TIMED_WAITING
        at sun.misc.Unsafe.park(Native Method)
        at java.util.concurrent.locks.LockSupport.parkNanos(LockSupport.java:215)
        at java.util.concurrent.CompletableFuture$Signaller.block(CompletableFuture.java:1709)
        at java.util.concurrent.ForkJoinPool.managedBlock(ForkJoinPool.java:3323)
        at java.util.concurrent.CompletableFuture.timedGet(CompletableFuture.java:1788)
        at java.util.concurrent.CompletableFuture.get(CompletableFuture.java:1928)
        at org.apache.ratis.util.AwaitForSignal.await(AwaitForSignal.java:56)
        at org.apache.ratis.server.impl.StateMachineUpdater.waitForCommit(StateMachineUpdater.java:207)
        at org.apache.ratis.server.impl.StateMachineUpdater.run(StateMachineUpdater.java:176)
        at java.lang.Thread.run(Thread.java:750)
"ChunkWriter-1-0" daemon prio=5 tid=351 in Object.wait()
java.lang.Thread.State: WAITING (on object monitor)
        at sun.misc.Unsafe.park(Native Method)
        at java.util.concurrent.locks.LockSupport.park(LockSupport.java:175)
        at java.util.concurrent.locks.AbstractQueuedSynchronizer$ConditionObject.await(AbstractQueuedSynchronizer.java:2039)
        at java.util.concurrent.LinkedBlockingDeque.takeFirst(LinkedBlockingDeque.java:492)
        at java.util.concurrent.LinkedBlockingDeque.take(LinkedBlockingDeque.java:680)
        at java.util.concurrent.ThreadPoolExecutor.getTask(ThreadPoolExecutor.java:1074)
        at java.util.concurrent.ThreadPoolExecutor.runWorker(ThreadPoolExecutor.java:1134)
        at java.util.concurrent.ThreadPoolExecutor$Worker.run(ThreadPoolExecutor.java:624)
        at java.lang.Thread.run(Thread.java:750)
"BlockDeletingService#0" daemon prio=5 tid=344 in Object.wait()
java.lang.Thread.State: WAITING (on object monitor)
        at sun.misc.Unsafe.park(Native Method)
        at java.util.concurrent.locks.LockSupport.park(LockSupport.java:175)
        at java.util.concurrent.locks.AbstractQueuedSynchronizer$ConditionObject.await(AbstractQueuedSynchronizer.java:2039)
        at java.util.concurrent.ScheduledThreadPoolExecutor$DelayedWorkQueue.take(ScheduledThreadPoolExecutor.java:1088)
        at java.util.concurrent.ScheduledThreadPoolExecutor$DelayedWorkQueue.take(ScheduledThreadPoolExecutor.java:809)
        at java.util.concurrent.ThreadPoolExecutor.getTask(ThreadPoolExecutor.java:1074)
        at java.util.concurrent.ThreadPoolExecutor.runWorker(ThreadPoolExecutor.java:1134)
        at java.util.concurrent.ThreadPoolExecutor$Worker.run(ThreadPoolExecutor.java:624)
        at java.lang.Thread.run(Thread.java:750)
"timer6" daemon prio=5 tid=550 timed_waiting
java.lang.Thread.State: TIMED_WAITING
        at java.lang.Object.wait(Native Method)
        at java.util.TimerThread.mainLoop(Timer.java:552)
        at java.util.TimerThread.run(Timer.java:505)
"901bb4f9-d448-4097-b3df-3dc09329cc1b-server-thread1" daemon prio=5 tid=599 timed_waiting
java.lang.Thread.State: TIMED_WAITING
        at sun.misc.Unsafe.park(Native Method)
        at java.util.concurrent.locks.LockSupport.parkNanos(LockSupport.java:215)
        at java.util.concurrent.SynchronousQueue$TransferStack.awaitFulfill(SynchronousQueue.java:460)
        at java.util.concurrent.SynchronousQueue$TransferStack.transfer(SynchronousQueue.java:362)
        at java.util.concurrent.SynchronousQueue.poll(SynchronousQueue.java:941)
        at java.util.concurrent.ThreadPoolExecutor.getTask(ThreadPoolExecutor.java:1073)
        at java.util.concurrent.ThreadPoolExecutor.runWorker(ThreadPoolExecutor.java:1134)
        at java.util.concurrent.ThreadPoolExecutor$Worker.run(ThreadPoolExecutor.java:624)
        at java.lang.Thread.run(Thread.java:750)
"ChunkWriter-0-0" daemon prio=5 tid=350 in Object.wait()
java.lang.Thread.State: WAITING (on object monitor)
        at sun.misc.Unsafe.park(Native Method)
        at java.util.concurrent.locks.LockSupport.park(LockSupport.java:175)
        at java.util.concurrent.locks.AbstractQueuedSynchronizer$ConditionObject.await(AbstractQueuedSynchronizer.java:2039)
        at java.util.concurrent.LinkedBlockingDeque.takeFirst(LinkedBlockingDeque.java:492)
        at java.util.concurrent.LinkedBlockingDeque.take(LinkedBlockingDeque.java:680)
        at java.util.concurrent.ThreadPoolExecutor.getTask(ThreadPoolExecutor.java:1074)
        at java.util.concurrent.ThreadPoolExecutor.runWorker(ThreadPoolExecutor.java:1134)
        at java.util.concurrent.ThreadPoolExecutor$Worker.run(ThreadPoolExecutor.java:624)
        at java.lang.Thread.run(Thread.java:750)
"FixedThreadPoolWithAffinityExecutor-9-0" daemon prio=5 tid=45 timed_waiting
java.lang.Thread.State: TIMED_WAITING
        at sun.misc.Unsafe.park(Native Method)
        at java.util.concurrent.locks.LockSupport.parkNanos(LockSupport.java:215)
        at java.util.concurrent.locks.AbstractQueuedSynchronizer$ConditionObject.awaitNanos(AbstractQueuedSynchronizer.java:2078)
        at java.util.concurrent.LinkedBlockingQueue.poll(LinkedBlockingQueue.java:467)
        at org.apache.hadoop.hdds.scm.server.ContainerReportQueue.poll(ContainerReportQueue.java:266)
        at org.apache.hadoop.hdds.scm.server.ContainerReportQueue.poll(ContainerReportQueue.java:42)
        at org.apache.hadoop.hdds.server.events.FixedThreadPoolWithAffinityExecutor$ContainerReportProcessTask.run(FixedThreadPoolWithAffinityExecutor.java:218)
        at java.util.concurrent.Executors$RunnableAdapter.call(Executors.java:511)
        at java.util.concurrent.FutureTask.run(FutureTask.java:266)
        at java.util.concurrent.ThreadPoolExecutor.runWorker(ThreadPoolExecutor.java:1149)
        at java.util.concurrent.ThreadPoolExecutor$Worker.run(ThreadPoolExecutor.java:624)
        at java.lang.Thread.run(Thread.java:750)
"timer0" daemon prio=5 tid=560 timed_waiting
java.lang.Thread.State: TIMED_WAITING
        at java.lang.Object.wait(Native Method)
        at java.util.TimerThread.mainLoop(Timer.java:552)
        at java.util.TimerThread.run(Timer.java:505)
"StaleRecoveringContainerScrubbingService#0" daemon prio=5 tid=357 in Object.wait()
java.lang.Thread.State: WAITING (on object monitor)
        at sun.misc.Unsafe.park(Native Method)
        at java.util.concurrent.locks.LockSupport.park(LockSupport.java:175)
        at java.util.concurrent.locks.AbstractQueuedSynchronizer$ConditionObject.await(AbstractQueuedSynchronizer.java:2039)
        at java.util.concurrent.ScheduledThreadPoolExecutor$DelayedWorkQueue.take(ScheduledThreadPoolExecutor.java:1088)
        at java.util.concurrent.ScheduledThreadPoolExecutor$DelayedWorkQueue.take(ScheduledThreadPoolExecutor.java:809)
        at java.util.concurrent.ThreadPoolExecutor.getTask(ThreadPoolExecutor.java:1074)
        at java.util.concurrent.ThreadPoolExecutor.runWorker(ThreadPoolExecutor.java:1134)
        at java.util.concurrent.ThreadPoolExecutor$Worker.run(ThreadPoolExecutor.java:624)
        at java.lang.Thread.run(Thread.java:750)
"ChunkReader-ELG-0" daemon prio=5 tid=343 runnable
java.lang.Thread.State: RUNNABLE
        at org.apache.ratis.thirdparty.io.netty.channel.epoll.Native.epollWait(Native Method)
        at org.apache.ratis.thirdparty.io.netty.channel.epoll.Native.epollWait(Native.java:209)
        at org.apache.ratis.thirdparty.io.netty.channel.epoll.Native.epollWait(Native.java:202)
        at org.apache.ratis.thirdparty.io.netty.channel.epoll.EpollEventLoop.epollWaitNoTimerChange(EpollEventLoop.java:294)
        at org.apache.ratis.thirdparty.io.netty.channel.epoll.EpollEventLoop.run(EpollEventLoop.java:351)
        at org.apache.ratis.thirdparty.io.netty.util.concurrent.SingleThreadEventExecutor$4.run(SingleThreadEventExecutor.java:995)
        at org.apache.ratis.thirdparty.io.netty.util.internal.ThreadExecutorMap$2.run(ThreadExecutorMap.java:74)
        at java.lang.Thread.run(Thread.java:750)
"pool-64-thread-1" daemon prio=5 tid=179 timed_waiting
java.lang.Thread.State: TIMED_WAITING
        at sun.misc.Unsafe.park(Native Method)
        at java.util.concurrent.locks.LockSupport.parkNanos(LockSupport.java:215)
        at java.util.concurrent.locks.AbstractQueuedSynchronizer$ConditionObject.awaitNanos(AbstractQueuedSynchronizer.java:2078)
        at java.util.concurrent.ScheduledThreadPoolExecutor$DelayedWorkQueue.take(ScheduledThreadPoolExecutor.java:1093)
        at java.util.concurrent.ScheduledThreadPoolExecutor$DelayedWorkQueue.take(ScheduledThreadPoolExecutor.java:809)
        at java.util.concurrent.ThreadPoolExecutor.getTask(ThreadPoolExecutor.java:1074)
        at java.util.concurrent.ThreadPoolExecutor.runWorker(ThreadPoolExecutor.java:1134)
        at java.util.concurrent.ThreadPoolExecutor$Worker.run(ThreadPoolExecutor.java:624)
        at java.lang.Thread.run(Thread.java:750)
"BlockDeletingService#2" daemon prio=5 tid=666 in Object.wait()
java.lang.Thread.State: WAITING (on object monitor)
        at sun.misc.Unsafe.park(Native Method)
        at java.util.concurrent.locks.LockSupport.park(LockSupport.java:175)
        at java.util.concurrent.locks.AbstractQueuedSynchronizer$ConditionObject.await(AbstractQueuedSynchronizer.java:2039)
        at java.util.concurrent.ScheduledThreadPoolExecutor$DelayedWorkQueue.take(ScheduledThreadPoolExecutor.java:1088)
        at java.util.concurrent.ScheduledThreadPoolExecutor$DelayedWorkQueue.take(ScheduledThreadPoolExecutor.java:809)
        at java.util.concurrent.ThreadPoolExecutor.getTask(ThreadPoolExecutor.java:1074)
        at java.util.concurrent.ThreadPoolExecutor.runWorker(ThreadPoolExecutor.java:1134)
        at java.util.concurrent.ThreadPoolExecutor$Worker.run(ThreadPoolExecutor.java:624)
        at java.lang.Thread.run(Thread.java:750)
"ChunkWriter-1-0" daemon prio=5 tid=339 in Object.wait()
java.lang.Thread.State: WAITING (on object monitor)
        at sun.misc.Unsafe.park(Native Method)
        at java.util.concurrent.locks.LockSupport.park(LockSupport.java:175)
        at java.util.concurrent.locks.AbstractQueuedSynchronizer$ConditionObject.await(AbstractQueuedSynchronizer.java:2039)
        at java.util.concurrent.LinkedBlockingDeque.takeFirst(LinkedBlockingDeque.java:492)
        at java.util.concurrent.LinkedBlockingDeque.take(LinkedBlockingDeque.java:680)
        at java.util.concurrent.ThreadPoolExecutor.getTask(ThreadPoolExecutor.java:1074)
        at java.util.concurrent.ThreadPoolExecutor.runWorker(ThreadPoolExecutor.java:1134)
        at java.util.concurrent.ThreadPoolExecutor$Worker.run(ThreadPoolExecutor.java:624)
        at java.lang.Thread.run(Thread.java:750)
"ChunkWriter-0-0" daemon prio=5 tid=338 in Object.wait()
java.lang.Thread.State: WAITING (on object monitor)
        at sun.misc.Unsafe.park(Native Method)
        at java.util.concurrent.locks.LockSupport.park(LockSupport.java:175)
        at java.util.concurrent.locks.AbstractQueuedSynchronizer$ConditionObject.await(AbstractQueuedSynchronizer.java:2039)
        at java.util.concurrent.LinkedBlockingDeque.takeFirst(LinkedBlockingDeque.java:492)
        at java.util.concurrent.LinkedBlockingDeque.take(LinkedBlockingDeque.java:680)
        at java.util.concurrent.ThreadPoolExecutor.getTask(ThreadPoolExecutor.java:1074)
        at java.util.concurrent.ThreadPoolExecutor.runWorker(ThreadPoolExecutor.java:1134)
        at java.util.concurrent.ThreadPoolExecutor$Worker.run(ThreadPoolExecutor.java:624)
        at java.lang.Thread.run(Thread.java:750)
"EventQueue-NodeRegistrationContainerReportForContainerSafeModeRule" daemon prio=5 tid=400 in Object.wait()
java.lang.Thread.State: WAITING (on object monitor)
        at sun.misc.Unsafe.park(Native Method)
        at java.util.concurrent.locks.LockSupport.park(LockSupport.java:175)
        at java.util.concurrent.locks.AbstractQueuedSynchronizer$ConditionObject.await(AbstractQueuedSynchronizer.java:2039)
        at java.util.concurrent.LinkedBlockingQueue.take(LinkedBlockingQueue.java:442)
        at java.util.concurrent.ThreadPoolExecutor.getTask(ThreadPoolExecutor.java:1074)
        at java.util.concurrent.ThreadPoolExecutor.runWorker(ThreadPoolExecutor.java:1134)
        at java.util.concurrent.ThreadPoolExecutor$Worker.run(ThreadPoolExecutor.java:624)
        at java.lang.Thread.run(Thread.java:750)
"Periodic HDDS volume checker" daemon prio=5 tid=232 timed_waiting
java.lang.Thread.State: TIMED_WAITING
        at sun.misc.Unsafe.park(Native Method)
        at java.util.concurrent.locks.LockSupport.parkNanos(LockSupport.java:215)
        at java.util.concurrent.locks.AbstractQueuedSynchronizer$ConditionObject.awaitNanos(AbstractQueuedSynchronizer.java:2078)
        at java.util.concurrent.ScheduledThreadPoolExecutor$DelayedWorkQueue.take(ScheduledThreadPoolExecutor.java:1093)
        at java.util.concurrent.ScheduledThreadPoolExecutor$DelayedWorkQueue.take(ScheduledThreadPoolExecutor.java:809)
        at java.util.concurrent.ThreadPoolExecutor.getTask(ThreadPoolExecutor.java:1074)
        at java.util.concurrent.ThreadPoolExecutor.runWorker(ThreadPoolExecutor.java:1134)
        at java.util.concurrent.ThreadPoolExecutor$Worker.run(ThreadPoolExecutor.java:624)
        at java.lang.Thread.run(Thread.java:750)
"73d758c7-6b76-4e6e-a3d3-7696fd8c55bd@group-2822AD3F708E-LeaderStateImpl" daemon prio=5 tid=524 timed_waiting
java.lang.Thread.State: TIMED_WAITING
        at sun.misc.Unsafe.park(Native Method)
        at java.util.concurrent.locks.LockSupport.parkNanos(LockSupport.java:215)
        at java.util.concurrent.locks.AbstractQueuedSynchronizer$ConditionObject.awaitNanos(AbstractQueuedSynchronizer.java:2078)
        at java.util.concurrent.ArrayBlockingQueue.poll(ArrayBlockingQueue.java:418)
        at org.apache.ratis.server.impl.LeaderStateImpl$EventQueue.poll(LeaderStateImpl.java:159)
        at org.apache.ratis.server.impl.LeaderStateImpl$EventProcessor.run(LeaderStateImpl.java:630)
"Session-HouseKeeper-7d829005-1"  prio=5 tid=273 timed_waiting
java.lang.Thread.State: TIMED_WAITING
        at sun.misc.Unsafe.park(Native Method)
        at java.util.concurrent.locks.LockSupport.parkNanos(LockSupport.java:215)
        at java.util.concurrent.locks.AbstractQueuedSynchronizer$ConditionObject.awaitNanos(AbstractQueuedSynchronizer.java:2078)
        at java.util.concurrent.ScheduledThreadPoolExecutor$DelayedWorkQueue.take(ScheduledThreadPoolExecutor.java:1093)
        at java.util.concurrent.ScheduledThreadPoolExecutor$DelayedWorkQueue.take(ScheduledThreadPoolExecutor.java:809)
        at java.util.concurrent.ThreadPoolExecutor.getTask(ThreadPoolExecutor.java:1074)
        at java.util.concurrent.ThreadPoolExecutor.runWorker(ThreadPoolExecutor.java:1134)
        at java.util.concurrent.ThreadPoolExecutor$Worker.run(ThreadPoolExecutor.java:624)
        at java.lang.Thread.run(Thread.java:750)
"Session-HouseKeeper-7710f9bb-1"  prio=5 tid=299 timed_waiting
java.lang.Thread.State: TIMED_WAITING
        at sun.misc.Unsafe.park(Native Method)
        at java.util.concurrent.locks.LockSupport.parkNanos(LockSupport.java:215)
        at java.util.concurrent.locks.AbstractQueuedSynchronizer$ConditionObject.awaitNanos(AbstractQueuedSynchronizer.java:2078)
        at java.util.concurrent.ScheduledThreadPoolExecutor$DelayedWorkQueue.take(ScheduledThreadPoolExecutor.java:1093)
        at java.util.concurrent.ScheduledThreadPoolExecutor$DelayedWorkQueue.take(ScheduledThreadPoolExecutor.java:809)
        at java.util.concurrent.ThreadPoolExecutor.getTask(ThreadPoolExecutor.java:1074)
        at java.util.concurrent.ThreadPoolExecutor.runWorker(ThreadPoolExecutor.java:1134)
        at java.util.concurrent.ThreadPoolExecutor$Worker.run(ThreadPoolExecutor.java:624)
        at java.lang.Thread.run(Thread.java:750)
"Session-HouseKeeper-5fe22903-1"  prio=5 tid=247 timed_waiting
java.lang.Thread.State: TIMED_WAITING
        at sun.misc.Unsafe.park(Native Method)
        at java.util.concurrent.locks.LockSupport.parkNanos(LockSupport.java:215)
        at java.util.concurrent.locks.AbstractQueuedSynchronizer$ConditionObject.awaitNanos(AbstractQueuedSynchronizer.java:2078)
        at java.util.concurrent.ScheduledThreadPoolExecutor$DelayedWorkQueue.take(ScheduledThreadPoolExecutor.java:1093)
        at java.util.concurrent.ScheduledThreadPoolExecutor$DelayedWorkQueue.take(ScheduledThreadPoolExecutor.java:809)
        at java.util.concurrent.ThreadPoolExecutor.getTask(ThreadPoolExecutor.java:1074)
        at java.util.concurrent.ThreadPoolExecutor.runWorker(ThreadPoolExecutor.java:1134)
        at java.util.concurrent.ThreadPoolExecutor$Worker.run(ThreadPoolExecutor.java:624)
        at java.lang.Thread.run(Thread.java:750)
"ChunkWriter-0-0" daemon prio=5 tid=362 in Object.wait()
java.lang.Thread.State: WAITING (on object monitor)
        at sun.misc.Unsafe.park(Native Method)
        at java.util.concurrent.locks.LockSupport.park(LockSupport.java:175)
        at java.util.concurrent.locks.AbstractQueuedSynchronizer$ConditionObject.await(AbstractQueuedSynchronizer.java:2039)
        at java.util.concurrent.LinkedBlockingDeque.takeFirst(LinkedBlockingDeque.java:492)
        at java.util.concurrent.LinkedBlockingDeque.take(LinkedBlockingDeque.java:680)
        at java.util.concurrent.ThreadPoolExecutor.getTask(ThreadPoolExecutor.java:1074)
        at java.util.concurrent.ThreadPoolExecutor.runWorker(ThreadPoolExecutor.java:1134)
        at java.util.concurrent.ThreadPoolExecutor$Worker.run(ThreadPoolExecutor.java:624)
        at java.lang.Thread.run(Thread.java:750)
"qtp1974786850-113-acceptor-0@22280b6f-ServerConnector@2c0d7099{HTTP/1.1, (http/1.1)}{0.0.0.0:37409}" daemon prio=3 tid=113 runnable
java.lang.Thread.State: RUNNABLE
        at sun.nio.ch.ServerSocketChannelImpl.accept0(Native Method)
        at sun.nio.ch.ServerSocketChannelImpl.accept(ServerSocketChannelImpl.java:421)
        at sun.nio.ch.ServerSocketChannelImpl.accept(ServerSocketChannelImpl.java:249)
        at org.eclipse.jetty.server.ServerConnector.accept(ServerConnector.java:388)
        at org.eclipse.jetty.server.AbstractConnector$Acceptor.run(AbstractConnector.java:704)
        at org.eclipse.jetty.util.thread.QueuedThreadPool.runJob(QueuedThreadPool.java:883)
        at org.eclipse.jetty.util.thread.QueuedThreadPool$Runner.run(QueuedThreadPool.java:1034)
        at java.lang.Thread.run(Thread.java:750)
"Datanode ReportManager Thread - 2" daemon prio=5 tid=251 in Object.wait()
java.lang.Thread.State: WAITING (on object monitor)
        at sun.misc.Unsafe.park(Native Method)
        at java.util.concurrent.locks.LockSupport.park(LockSupport.java:175)
        at java.util.concurrent.locks.AbstractQueuedSynchronizer$ConditionObject.await(AbstractQueuedSynchronizer.java:2039)
        at java.util.concurrent.ScheduledThreadPoolExecutor$DelayedWorkQueue.take(ScheduledThreadPoolExecutor.java:1088)
        at java.util.concurrent.ScheduledThreadPoolExecutor$DelayedWorkQueue.take(ScheduledThreadPoolExecutor.java:809)
        at java.util.concurrent.ThreadPoolExecutor.getTask(ThreadPoolExecutor.java:1074)
        at java.util.concurrent.ThreadPoolExecutor.runWorker(ThreadPoolExecutor.java:1134)
        at java.util.concurrent.ThreadPoolExecutor$Worker.run(ThreadPoolExecutor.java:624)
        at java.lang.Thread.run(Thread.java:750)
"JvmPauseMonitor1" daemon prio=5 tid=342 timed_waiting
java.lang.Thread.State: TIMED_WAITING
        at java.lang.Thread.sleep(Native Method)
        at java.lang.Thread.sleep(Thread.java:342)
        at java.util.concurrent.TimeUnit.sleep(TimeUnit.java:386)
        at org.apache.ratis.util.TimeDuration.sleep(TimeDuration.java:325)
        at org.apache.ratis.util.TimeDuration.sleep(TimeDuration.java:310)
        at org.apache.ratis.util.JvmPauseMonitor.detectPause(JvmPauseMonitor.java:119)
        at org.apache.ratis.util.JvmPauseMonitor.run(JvmPauseMonitor.java:108)
        at org.apache.ratis.util.JvmPauseMonitor$$Lambda$730/1689291213.run(Unknown Source)
        at java.lang.Thread.run(Thread.java:750)
"901bb4f9-d448-4097-b3df-3dc09329cc1b@group-EE387B4BAA71-SegmentedRaftLogWorker"  prio=5 tid=450 timed_waiting
java.lang.Thread.State: TIMED_WAITING
        at sun.misc.Unsafe.park(Native Method)
        at java.util.concurrent.locks.LockSupport.parkNanos(LockSupport.java:215)
        at java.util.concurrent.locks.AbstractQueuedSynchronizer$ConditionObject.awaitNanos(AbstractQueuedSynchronizer.java:2078)
        at org.apache.ratis.util.DataBlockingQueue.poll(DataBlockingQueue.java:148)
        at org.apache.ratis.server.raftlog.segmented.SegmentedRaftLogWorker.run(SegmentedRaftLogWorker.java:310)
        at org.apache.ratis.server.raftlog.segmented.SegmentedRaftLogWorker$$Lambda$689/1539916730.run(Unknown Source)
        at java.lang.Thread.run(Thread.java:750)
"CommandWatcher-LeaseManager#LeaseMonitor" daemon prio=5 tid=47 timed_waiting
java.lang.Thread.State: TIMED_WAITING
        at java.lang.Object.wait(Native Method)
        at org.apache.hadoop.ozone.lease.LeaseManager$LeaseMonitor.run(LeaseManager.java:238)
        at java.lang.Thread.run(Thread.java:750)
"IPC Server handler 11 on default port 45735" daemon prio=5 tid=99 timed_waiting
java.lang.Thread.State: TIMED_WAITING
        at sun.misc.Unsafe.park(Native Method)
        at java.util.concurrent.locks.LockSupport.parkNanos(LockSupport.java:215)
        at java.util.concurrent.locks.AbstractQueuedSynchronizer$ConditionObject.awaitNanos(AbstractQueuedSynchronizer.java:2078)
        at java.util.concurrent.LinkedBlockingQueue.poll(LinkedBlockingQueue.java:467)
        at org.apache.hadoop.ipc.CallQueueManager.take(CallQueueManager.java:317)
        at org.apache.hadoop.ipc.Server$Handler.run(Server.java:2942)
"StaleRecoveringContainerScrubbingService#1" daemon prio=5 tid=394 timed_waiting
java.lang.Thread.State: TIMED_WAITING
        at sun.misc.Unsafe.park(Native Method)
        at java.util.concurrent.locks.LockSupport.parkNanos(LockSupport.java:215)
        at java.util.concurrent.locks.AbstractQueuedSynchronizer$ConditionObject.awaitNanos(AbstractQueuedSynchronizer.java:2078)
        at java.util.concurrent.ScheduledThreadPoolExecutor$DelayedWorkQueue.take(ScheduledThreadPoolExecutor.java:1093)
        at java.util.concurrent.ScheduledThreadPoolExecutor$DelayedWorkQueue.take(ScheduledThreadPoolExecutor.java:809)
        at java.util.concurrent.ThreadPoolExecutor.getTask(ThreadPoolExecutor.java:1074)
        at java.util.concurrent.ThreadPoolExecutor.runWorker(ThreadPoolExecutor.java:1134)
        at java.util.concurrent.ThreadPoolExecutor$Worker.run(ThreadPoolExecutor.java:624)
        at java.lang.Thread.run(Thread.java:750)
"EventQueue-DatanodeCommandForSCMNodeManager"  prio=5 tid=401 in Object.wait()
java.lang.Thread.State: WAITING (on object monitor)
        at sun.misc.Unsafe.park(Native Method)
        at java.util.concurrent.locks.LockSupport.park(LockSupport.java:175)
        at java.util.concurrent.locks.AbstractQueuedSynchronizer$ConditionObject.await(AbstractQueuedSynchronizer.java:2039)
        at java.util.concurrent.LinkedBlockingQueue.take(LinkedBlockingQueue.java:442)
        at java.util.concurrent.ThreadPoolExecutor.getTask(ThreadPoolExecutor.java:1074)
        at java.util.concurrent.ThreadPoolExecutor.runWorker(ThreadPoolExecutor.java:1134)
        at java.util.concurrent.ThreadPoolExecutor$Worker.run(ThreadPoolExecutor.java:624)
        at java.lang.Thread.run(Thread.java:750)
"26c35b0c-04d0-419a-bd9f-9a0c5cb2698b-server-thread3" daemon prio=5 tid=605 timed_waiting
java.lang.Thread.State: TIMED_WAITING
        at sun.misc.Unsafe.park(Native Method)
        at java.util.concurrent.locks.LockSupport.parkNanos(LockSupport.java:215)
        at java.util.concurrent.SynchronousQueue$TransferStack.awaitFulfill(SynchronousQueue.java:460)
        at java.util.concurrent.SynchronousQueue$TransferStack.transfer(SynchronousQueue.java:362)
        at java.util.concurrent.SynchronousQueue.poll(SynchronousQueue.java:941)
        at java.util.concurrent.ThreadPoolExecutor.getTask(ThreadPoolExecutor.java:1073)
        at java.util.concurrent.ThreadPoolExecutor.runWorker(ThreadPoolExecutor.java:1134)
        at java.util.concurrent.ThreadPoolExecutor$Worker.run(ThreadPoolExecutor.java:624)
        at java.lang.Thread.run(Thread.java:750)
"timer5" daemon prio=5 tid=549 timed_waiting
java.lang.Thread.State: TIMED_WAITING
        at java.lang.Object.wait(Native Method)
        at java.util.TimerThread.mainLoop(Timer.java:552)
        at java.util.TimerThread.run(Timer.java:505)
"grpc-default-worker-ELG-3-1" daemon prio=5 tid=424 runnable
java.lang.Thread.State: RUNNABLE
        at org.apache.ratis.thirdparty.io.netty.channel.epoll.Native.epollWait0(Native Method)
        at org.apache.ratis.thirdparty.io.netty.channel.epoll.Native.epollWait(Native.java:182)
        at org.apache.ratis.thirdparty.io.netty.channel.epoll.EpollEventLoop.epollWait(EpollEventLoop.java:290)
        at org.apache.ratis.thirdparty.io.netty.channel.epoll.EpollEventLoop.run(EpollEventLoop.java:354)
        at org.apache.ratis.thirdparty.io.netty.util.concurrent.SingleThreadEventExecutor$4.run(SingleThreadEventExecutor.java:995)
        at org.apache.ratis.thirdparty.io.netty.util.internal.ThreadExecutorMap$2.run(ThreadExecutorMap.java:74)
        at org.apache.ratis.thirdparty.io.netty.util.concurrent.FastThreadLocalRunnable.run(FastThreadLocalRunnable.java:30)
        at java.lang.Thread.run(Thread.java:750)
"FixedThreadPoolWithAffinityExecutor-3-0" daemon prio=5 tid=39 timed_waiting
java.lang.Thread.State: TIMED_WAITING
        at sun.misc.Unsafe.park(Native Method)
        at java.util.concurrent.locks.LockSupport.parkNanos(LockSupport.java:215)
        at java.util.concurrent.locks.AbstractQueuedSynchronizer$ConditionObject.awaitNanos(AbstractQueuedSynchronizer.java:2078)
        at java.util.concurrent.LinkedBlockingQueue.poll(LinkedBlockingQueue.java:467)
        at org.apache.hadoop.hdds.scm.server.ContainerReportQueue.poll(ContainerReportQueue.java:266)
        at org.apache.hadoop.hdds.scm.server.ContainerReportQueue.poll(ContainerReportQueue.java:42)
        at org.apache.hadoop.hdds.server.events.FixedThreadPoolWithAffinityExecutor$ContainerReportProcessTask.run(FixedThreadPoolWithAffinityExecutor.java:218)
        at java.util.concurrent.Executors$RunnableAdapter.call(Executors.java:511)
        at java.util.concurrent.FutureTask.run(FutureTask.java:266)
        at java.util.concurrent.ThreadPoolExecutor.runWorker(ThreadPoolExecutor.java:1149)
        at java.util.concurrent.ThreadPoolExecutor$Worker.run(ThreadPoolExecutor.java:624)
        at java.lang.Thread.run(Thread.java:750)
"FixedThreadPoolWithAffinityExecutor-8-0" daemon prio=5 tid=44 timed_waiting
java.lang.Thread.State: TIMED_WAITING
        at sun.misc.Unsafe.park(Native Method)
        at java.util.concurrent.locks.LockSupport.parkNanos(LockSupport.java:215)
        at java.util.concurrent.locks.AbstractQueuedSynchronizer$ConditionObject.awaitNanos(AbstractQueuedSynchronizer.java:2078)
        at java.util.concurrent.LinkedBlockingQueue.poll(LinkedBlockingQueue.java:467)
        at org.apache.hadoop.hdds.scm.server.ContainerReportQueue.poll(ContainerReportQueue.java:266)
        at org.apache.hadoop.hdds.scm.server.ContainerReportQueue.poll(ContainerReportQueue.java:42)
        at org.apache.hadoop.hdds.server.events.FixedThreadPoolWithAffinityExecutor$ContainerReportProcessTask.run(FixedThreadPoolWithAffinityExecutor.java:218)
        at java.util.concurrent.Executors$RunnableAdapter.call(Executors.java:511)
        at java.util.concurrent.FutureTask.run(FutureTask.java:266)
        at java.util.concurrent.ThreadPoolExecutor.runWorker(ThreadPoolExecutor.java:1149)
        at java.util.concurrent.ThreadPoolExecutor$Worker.run(ThreadPoolExecutor.java:624)
        at java.lang.Thread.run(Thread.java:750)
"IPC Server handler 13 on default port 46277" daemon prio=5 tid=61 timed_waiting
java.lang.Thread.State: TIMED_WAITING
        at sun.misc.Unsafe.park(Native Method)
        at java.util.concurrent.locks.LockSupport.parkNanos(LockSupport.java:215)
        at java.util.concurrent.locks.AbstractQueuedSynchronizer$ConditionObject.awaitNanos(AbstractQueuedSynchronizer.java:2078)
        at java.util.concurrent.LinkedBlockingQueue.poll(LinkedBlockingQueue.java:467)
        at org.apache.hadoop.ipc.CallQueueManager.take(CallQueueManager.java:317)
        at org.apache.hadoop.ipc.Server$Handler.run(Server.java:2942)
"Periodic HDDS volume checker" daemon prio=5 tid=258 timed_waiting
java.lang.Thread.State: TIMED_WAITING
        at sun.misc.Unsafe.park(Native Method)
        at java.util.concurrent.locks.LockSupport.parkNanos(LockSupport.java:215)
        at java.util.concurrent.locks.AbstractQueuedSynchronizer$ConditionObject.awaitNanos(AbstractQueuedSynchronizer.java:2078)
        at java.util.concurrent.ScheduledThreadPoolExecutor$DelayedWorkQueue.take(ScheduledThreadPoolExecutor.java:1093)
        at java.util.concurrent.ScheduledThreadPoolExecutor$DelayedWorkQueue.take(ScheduledThreadPoolExecutor.java:809)
        at java.util.concurrent.ThreadPoolExecutor.getTask(ThreadPoolExecutor.java:1074)
        at java.util.concurrent.ThreadPoolExecutor.runWorker(ThreadPoolExecutor.java:1134)
        at java.util.concurrent.ThreadPoolExecutor$Worker.run(ThreadPoolExecutor.java:624)
        at java.lang.Thread.run(Thread.java:750)
"OMDoubleBufferFlushThread" daemon prio=5 tid=126 timed_waiting
java.lang.Thread.State: TIMED_WAITING
        at java.lang.Object.wait(Native Method)
        at org.apache.hadoop.ozone.om.ratis.OzoneManagerDoubleBuffer.canFlush(OzoneManagerDoubleBuffer.java:538)
        at org.apache.hadoop.ozone.om.ratis.OzoneManagerDoubleBuffer.flushTransactions(OzoneManagerDoubleBuffer.java:268)
        at org.apache.hadoop.ozone.om.ratis.OzoneManagerDoubleBuffer$$Lambda$528/626878677.run(Unknown Source)
        at java.lang.Thread.run(Thread.java:750)
"FixedThreadPoolWithAffinityExecutor-4-0" daemon prio=5 tid=40 timed_waiting
java.lang.Thread.State: TIMED_WAITING
        at sun.misc.Unsafe.park(Native Method)
        at java.util.concurrent.locks.LockSupport.parkNanos(LockSupport.java:215)
        at java.util.concurrent.locks.AbstractQueuedSynchronizer$ConditionObject.awaitNanos(AbstractQueuedSynchronizer.java:2078)
        at java.util.concurrent.LinkedBlockingQueue.poll(LinkedBlockingQueue.java:467)
        at org.apache.hadoop.hdds.scm.server.ContainerReportQueue.poll(ContainerReportQueue.java:266)
        at org.apache.hadoop.hdds.scm.server.ContainerReportQueue.poll(ContainerReportQueue.java:42)
        at org.apache.hadoop.hdds.server.events.FixedThreadPoolWithAffinityExecutor$ContainerReportProcessTask.run(FixedThreadPoolWithAffinityExecutor.java:218)
        at java.util.concurrent.Executors$RunnableAdapter.call(Executors.java:511)
        at java.util.concurrent.FutureTask.run(FutureTask.java:266)
        at java.util.concurrent.ThreadPoolExecutor.runWorker(ThreadPoolExecutor.java:1149)
        at java.util.concurrent.ThreadPoolExecutor$Worker.run(ThreadPoolExecutor.java:624)
        at java.lang.Thread.run(Thread.java:750)
"qtp1890676535-270" daemon prio=5 tid=270 timed_waiting
java.lang.Thread.State: TIMED_WAITING
        at sun.misc.Unsafe.park(Native Method)
        at java.util.concurrent.locks.LockSupport.parkNanos(LockSupport.java:215)
        at java.util.concurrent.locks.AbstractQueuedSynchronizer$ConditionObject.awaitNanos(AbstractQueuedSynchronizer.java:2078)
        at org.eclipse.jetty.util.BlockingArrayQueue.poll(BlockingArrayQueue.java:382)
        at org.eclipse.jetty.util.thread.QueuedThreadPool$Runner.idleJobPoll(QueuedThreadPool.java:974)
        at org.eclipse.jetty.util.thread.QueuedThreadPool$Runner.run(QueuedThreadPool.java:1018)
        at java.lang.Thread.run(Thread.java:750)
"grpc-default-executor-4" daemon prio=5 tid=572 timed_waiting
java.lang.Thread.State: TIMED_WAITING
        at sun.misc.Unsafe.park(Native Method)
        at java.util.concurrent.locks.LockSupport.parkNanos(LockSupport.java:215)
        at java.util.concurrent.SynchronousQueue$TransferStack.awaitFulfill(SynchronousQueue.java:460)
        at java.util.concurrent.SynchronousQueue$TransferStack.transfer(SynchronousQueue.java:362)
        at java.util.concurrent.SynchronousQueue.poll(SynchronousQueue.java:941)
        at java.util.concurrent.ThreadPoolExecutor.getTask(ThreadPoolExecutor.java:1073)
        at java.util.concurrent.ThreadPoolExecutor.runWorker(ThreadPoolExecutor.java:1134)
        at java.util.concurrent.ThreadPoolExecutor$Worker.run(ThreadPoolExecutor.java:624)
        at java.lang.Thread.run(Thread.java:750)
"ChunkWriter-1-0" daemon prio=5 tid=363 in Object.wait()
java.lang.Thread.State: WAITING (on object monitor)
        at sun.misc.Unsafe.park(Native Method)
        at java.util.concurrent.locks.LockSupport.park(LockSupport.java:175)
        at java.util.concurrent.locks.AbstractQueuedSynchronizer$ConditionObject.await(AbstractQueuedSynchronizer.java:2039)
        at java.util.concurrent.LinkedBlockingDeque.takeFirst(LinkedBlockingDeque.java:492)
        at java.util.concurrent.LinkedBlockingDeque.take(LinkedBlockingDeque.java:680)
        at java.util.concurrent.ThreadPoolExecutor.getTask(ThreadPoolExecutor.java:1074)
        at java.util.concurrent.ThreadPoolExecutor.runWorker(ThreadPoolExecutor.java:1134)
        at java.util.concurrent.ThreadPoolExecutor$Worker.run(ThreadPoolExecutor.java:624)
        at java.lang.Thread.run(Thread.java:750)
"IPC Server handler 17 on default port 46277" daemon prio=5 tid=65 timed_waiting
java.lang.Thread.State: TIMED_WAITING
        at sun.misc.Unsafe.park(Native Method)
        at java.util.concurrent.locks.LockSupport.parkNanos(LockSupport.java:215)
        at java.util.concurrent.locks.AbstractQueuedSynchronizer$ConditionObject.awaitNanos(AbstractQueuedSynchronizer.java:2078)
        at java.util.concurrent.LinkedBlockingQueue.poll(LinkedBlockingQueue.java:467)
        at org.apache.hadoop.ipc.CallQueueManager.take(CallQueueManager.java:317)
        at org.apache.hadoop.ipc.Server$Handler.run(Server.java:2942)
"26c35b0c-04d0-419a-bd9f-9a0c5cb2698b@group-EE387B4BAA71-FollowerState" daemon prio=5 tid=594 timed_waiting
java.lang.Thread.State: TIMED_WAITING
        at java.lang.Thread.sleep(Native Method)
        at java.lang.Thread.sleep(Thread.java:342)
        at java.util.concurrent.TimeUnit.sleep(TimeUnit.java:386)
        at org.apache.ratis.util.TimeDuration.sleep(TimeDuration.java:325)
        at org.apache.ratis.util.TimeDuration.sleep(TimeDuration.java:310)
        at org.apache.ratis.server.impl.FollowerState.run(FollowerState.java:128)
"IPC Server handler 6 on default port 32813" daemon prio=5 tid=161 timed_waiting
java.lang.Thread.State: TIMED_WAITING
        at sun.misc.Unsafe.park(Native Method)
        at java.util.concurrent.locks.LockSupport.parkNanos(LockSupport.java:215)
        at java.util.concurrent.locks.AbstractQueuedSynchronizer$ConditionObject.awaitNanos(AbstractQueuedSynchronizer.java:2078)
        at java.util.concurrent.LinkedBlockingQueue.poll(LinkedBlockingQueue.java:467)
        at org.apache.hadoop.ipc.CallQueueManager.take(CallQueueManager.java:317)
        at org.apache.hadoop.ipc.Server$Handler.run(Server.java:2942)
"JvmPauseMonitor3" daemon prio=5 tid=366 timed_waiting
java.lang.Thread.State: TIMED_WAITING
        at java.lang.Thread.sleep(Native Method)
        at java.lang.Thread.sleep(Thread.java:342)
        at java.util.concurrent.TimeUnit.sleep(TimeUnit.java:386)
        at org.apache.ratis.util.TimeDuration.sleep(TimeDuration.java:325)
        at org.apache.ratis.util.TimeDuration.sleep(TimeDuration.java:310)
        at org.apache.ratis.util.JvmPauseMonitor.detectPause(JvmPauseMonitor.java:119)
        at org.apache.ratis.util.JvmPauseMonitor.run(JvmPauseMonitor.java:108)
        at org.apache.ratis.util.JvmPauseMonitor$$Lambda$730/1689291213.run(Unknown Source)
        at java.lang.Thread.run(Thread.java:750)
"IPC Server handler 11 on default port 46277" daemon prio=5 tid=59 timed_waiting
java.lang.Thread.State: TIMED_WAITING
        at sun.misc.Unsafe.park(Native Method)
        at java.util.concurrent.locks.LockSupport.parkNanos(LockSupport.java:215)
        at java.util.concurrent.locks.AbstractQueuedSynchronizer$ConditionObject.awaitNanos(AbstractQueuedSynchronizer.java:2078)
        at java.util.concurrent.LinkedBlockingQueue.poll(LinkedBlockingQueue.java:467)
        at org.apache.hadoop.ipc.CallQueueManager.take(CallQueueManager.java:317)
        at org.apache.hadoop.ipc.Server$Handler.run(Server.java:2942)
"EndpointStateMachine task thread for /0.0.0.0:45735 - 0 "  prio=5 tid=385 in Object.wait()
java.lang.Thread.State: WAITING (on object monitor)
        at sun.misc.Unsafe.park(Native Method)
        at java.util.concurrent.locks.LockSupport.park(LockSupport.java:175)
        at java.util.concurrent.locks.AbstractQueuedSynchronizer$ConditionObject.await(AbstractQueuedSynchronizer.java:2039)
        at java.util.concurrent.LinkedBlockingQueue.take(LinkedBlockingQueue.java:442)
        at java.util.concurrent.ThreadPoolExecutor.getTask(ThreadPoolExecutor.java:1074)
        at java.util.concurrent.ThreadPoolExecutor.runWorker(ThreadPoolExecutor.java:1134)
        at java.util.concurrent.ThreadPoolExecutor$Worker.run(ThreadPoolExecutor.java:624)
        at java.lang.Thread.run(Thread.java:750)
"IPC Server handler 18 on default port 32813" daemon prio=5 tid=173 timed_waiting
java.lang.Thread.State: TIMED_WAITING
        at sun.misc.Unsafe.park(Native Method)
        at java.util.concurrent.locks.LockSupport.parkNanos(LockSupport.java:215)
        at java.util.concurrent.locks.AbstractQueuedSynchronizer$ConditionObject.awaitNanos(AbstractQueuedSynchronizer.java:2078)
        at java.util.concurrent.LinkedBlockingQueue.poll(LinkedBlockingQueue.java:467)
        at org.apache.hadoop.ipc.CallQueueManager.take(CallQueueManager.java:317)
        at org.apache.hadoop.ipc.Server$Handler.run(Server.java:2942)
"901bb4f9-d448-4097-b3df-3dc09329cc1b-server-thread2" daemon prio=5 tid=601 timed_waiting
java.lang.Thread.State: TIMED_WAITING
        at sun.misc.Unsafe.park(Native Method)
        at java.util.concurrent.locks.LockSupport.parkNanos(LockSupport.java:215)
        at java.util.concurrent.SynchronousQueue$TransferStack.awaitFulfill(SynchronousQueue.java:460)
        at java.util.concurrent.SynchronousQueue$TransferStack.transfer(SynchronousQueue.java:362)
        at java.util.concurrent.SynchronousQueue.poll(SynchronousQueue.java:941)
        at java.util.concurrent.ThreadPoolExecutor.getTask(ThreadPoolExecutor.java:1073)
        at java.util.concurrent.ThreadPoolExecutor.runWorker(ThreadPoolExecutor.java:1134)
        at java.util.concurrent.ThreadPoolExecutor$Worker.run(ThreadPoolExecutor.java:624)
        at java.lang.Thread.run(Thread.java:750)
"qtp475465260-188" daemon prio=5 tid=188 timed_waiting
java.lang.Thread.State: TIMED_WAITING
        at sun.misc.Unsafe.park(Native Method)
        at java.util.concurrent.locks.LockSupport.parkNanos(LockSupport.java:215)
        at java.util.concurrent.locks.AbstractQueuedSynchronizer$ConditionObject.awaitNanos(AbstractQueuedSynchronizer.java:2078)
        at org.eclipse.jetty.util.BlockingArrayQueue.poll(BlockingArrayQueue.java:382)
        at org.eclipse.jetty.util.thread.QueuedThreadPool$Runner.idleJobPoll(QueuedThreadPool.java:974)
        at org.eclipse.jetty.util.thread.QueuedThreadPool$Runner.run(QueuedThreadPool.java:1018)
        at java.lang.Thread.run(Thread.java:750)
"org.apache.hadoop.ozone.container.common.statemachine.commandhandler.DeleteBlocksCommandHandler$DeleteCmdWorker@46152f41" daemon prio=5 tid=263 timed_waiting
java.lang.Thread.State: TIMED_WAITING
        at java.lang.Thread.sleep(Native Method)
        at org.apache.hadoop.ozone.container.common.statemachine.commandhandler.DeleteBlocksCommandHandler$DeleteCmdWorker.run(DeleteBlocksCommandHandler.java:183)
        at java.lang.Thread.run(Thread.java:750)
"901bb4f9-d448-4097-b3df-3dc09329cc1b@group-3CEFCACDB394-StateMachineUpdater" daemon prio=5 tid=456 timed_waiting
java.lang.Thread.State: TIMED_WAITING
        at sun.misc.Unsafe.park(Native Method)
        at java.util.concurrent.locks.LockSupport.parkNanos(LockSupport.java:215)
        at java.util.concurrent.CompletableFuture$Signaller.block(CompletableFuture.java:1709)
        at java.util.concurrent.ForkJoinPool.managedBlock(ForkJoinPool.java:3323)
        at java.util.concurrent.CompletableFuture.timedGet(CompletableFuture.java:1788)
        at java.util.concurrent.CompletableFuture.get(CompletableFuture.java:1928)
        at org.apache.ratis.util.AwaitForSignal.await(AwaitForSignal.java:56)
        at org.apache.ratis.server.impl.StateMachineUpdater.waitForCommit(StateMachineUpdater.java:207)
        at org.apache.ratis.server.impl.StateMachineUpdater.run(StateMachineUpdater.java:176)
        at java.lang.Thread.run(Thread.java:750)
"org.apache.hadoop.util.JvmPauseMonitor$Monitor@7459660c" daemon prio=5 tid=201 timed_waiting
java.lang.Thread.State: TIMED_WAITING
        at java.lang.Thread.sleep(Native Method)
        at org.apache.hadoop.util.JvmPauseMonitor$Monitor.run(JvmPauseMonitor.java:192)
        at java.lang.Thread.run(Thread.java:750)
"qtp1046702013-293" daemon prio=5 tid=293 timed_waiting
java.lang.Thread.State: TIMED_WAITING
        at sun.misc.Unsafe.park(Native Method)
        at java.util.concurrent.locks.LockSupport.parkNanos(LockSupport.java:215)
        at java.util.concurrent.locks.AbstractQueuedSynchronizer$ConditionObject.awaitNanos(AbstractQueuedSynchronizer.java:2078)
        at org.eclipse.jetty.util.BlockingArrayQueue.poll(BlockingArrayQueue.java:382)
        at org.eclipse.jetty.util.thread.QueuedThreadPool$Runner.idleJobPoll(QueuedThreadPool.java:974)
        at org.eclipse.jetty.util.thread.QueuedThreadPool$Runner.run(QueuedThreadPool.java:1018)
        at java.lang.Thread.run(Thread.java:750)
"org.apache.hadoop.util.JvmPauseMonitor$Monitor@3fc84c26" daemon prio=5 tid=255 timed_waiting
java.lang.Thread.State: TIMED_WAITING
        at java.lang.Thread.sleep(Native Method)
        at org.apache.hadoop.util.JvmPauseMonitor$Monitor.run(JvmPauseMonitor.java:192)
        at java.lang.Thread.run(Thread.java:750)
"timer3" daemon prio=5 tid=543 timed_waiting
java.lang.Thread.State: TIMED_WAITING
        at java.lang.Object.wait(Native Method)
        at java.util.TimerThread.mainLoop(Timer.java:552)
        at java.util.TimerThread.run(Timer.java:505)
"IPC Server handler 4 on default port 32813" daemon prio=5 tid=159 timed_waiting
java.lang.Thread.State: TIMED_WAITING
        at sun.misc.Unsafe.park(Native Method)
        at java.util.concurrent.locks.LockSupport.parkNanos(LockSupport.java:215)
        at java.util.concurrent.locks.AbstractQueuedSynchronizer$ConditionObject.awaitNanos(AbstractQueuedSynchronizer.java:2078)
        at java.util.concurrent.LinkedBlockingQueue.poll(LinkedBlockingQueue.java:467)
        at org.apache.hadoop.ipc.CallQueueManager.take(CallQueueManager.java:317)
        at org.apache.hadoop.ipc.Server$Handler.run(Server.java:2942)
"StaleRecoveringContainerScrubbingService#2" daemon prio=5 tid=656 in Object.wait()
java.lang.Thread.State: WAITING (on object monitor)
        at sun.misc.Unsafe.park(Native Method)
        at java.util.concurrent.locks.LockSupport.park(LockSupport.java:175)
        at java.util.concurrent.locks.AbstractQueuedSynchronizer$ConditionObject.await(AbstractQueuedSynchronizer.java:2039)
        at java.util.concurrent.ScheduledThreadPoolExecutor$DelayedWorkQueue.take(ScheduledThreadPoolExecutor.java:1088)
        at java.util.concurrent.ScheduledThreadPoolExecutor$DelayedWorkQueue.take(ScheduledThreadPoolExecutor.java:809)
        at java.util.concurrent.ThreadPoolExecutor.getTask(ThreadPoolExecutor.java:1074)
        at java.util.concurrent.ThreadPoolExecutor.runWorker(ThreadPoolExecutor.java:1134)
        at java.util.concurrent.ThreadPoolExecutor$Worker.run(ThreadPoolExecutor.java:624)
        at java.lang.Thread.run(Thread.java:750)
"StaleRecoveringContainerScrubbingService#0" daemon prio=5 tid=345 in Object.wait()
java.lang.Thread.State: WAITING (on object monitor)
        at sun.misc.Unsafe.park(Native Method)
        at java.util.concurrent.locks.LockSupport.park(LockSupport.java:175)
        at java.util.concurrent.locks.AbstractQueuedSynchronizer$ConditionObject.await(AbstractQueuedSynchronizer.java:2039)
        at java.util.concurrent.ScheduledThreadPoolExecutor$DelayedWorkQueue.take(ScheduledThreadPoolExecutor.java:1088)
        at java.util.concurrent.ScheduledThreadPoolExecutor$DelayedWorkQueue.take(ScheduledThreadPoolExecutor.java:809)
        at java.util.concurrent.ThreadPoolExecutor.getTask(ThreadPoolExecutor.java:1074)
        at java.util.concurrent.ThreadPoolExecutor.runWorker(ThreadPoolExecutor.java:1134)
        at java.util.concurrent.ThreadPoolExecutor$Worker.run(ThreadPoolExecutor.java:624)
        at java.lang.Thread.run(Thread.java:750)
"IPC Server handler 6 on default port 40853" daemon prio=5 tid=74 timed_waiting
java.lang.Thread.State: TIMED_WAITING
        at sun.misc.Unsafe.park(Native Method)
        at java.util.concurrent.locks.LockSupport.parkNanos(LockSupport.java:215)
        at java.util.concurrent.locks.AbstractQueuedSynchronizer$ConditionObject.awaitNanos(AbstractQueuedSynchronizer.java:2078)
        at java.util.concurrent.LinkedBlockingQueue.poll(LinkedBlockingQueue.java:467)
        at org.apache.hadoop.ipc.CallQueueManager.take(CallQueueManager.java:317)
        at org.apache.hadoop.ipc.Server$Handler.run(Server.java:2942)
"pool-150-thread-1"  prio=5 tid=264 timed_waiting
java.lang.Thread.State: TIMED_WAITING
        at sun.misc.Unsafe.park(Native Method)
        at java.util.concurrent.locks.LockSupport.parkNanos(LockSupport.java:215)
        at java.util.concurrent.locks.AbstractQueuedSynchronizer$ConditionObject.awaitNanos(AbstractQueuedSynchronizer.java:2078)
        at java.util.concurrent.ScheduledThreadPoolExecutor$DelayedWorkQueue.take(ScheduledThreadPoolExecutor.java:1093)
        at java.util.concurrent.ScheduledThreadPoolExecutor$DelayedWorkQueue.take(ScheduledThreadPoolExecutor.java:809)
        at java.util.concurrent.ThreadPoolExecutor.getTask(ThreadPoolExecutor.java:1074)
        at java.util.concurrent.ThreadPoolExecutor.runWorker(ThreadPoolExecutor.java:1134)
        at java.util.concurrent.ThreadPoolExecutor$Worker.run(ThreadPoolExecutor.java:624)
        at java.lang.Thread.run(Thread.java:750)
"qtp1974786850-114" daemon prio=5 tid=114 timed_waiting
java.lang.Thread.State: TIMED_WAITING
        at sun.misc.Unsafe.park(Native Method)
        at java.util.concurrent.locks.LockSupport.parkNanos(LockSupport.java:215)
        at java.util.concurrent.locks.AbstractQueuedSynchronizer$ConditionObject.awaitNanos(AbstractQueuedSynchronizer.java:2078)
        at org.eclipse.jetty.util.BlockingArrayQueue.poll(BlockingArrayQueue.java:382)
        at org.eclipse.jetty.util.thread.QueuedThreadPool$Runner.idleJobPoll(QueuedThreadPool.java:974)
        at org.eclipse.jetty.util.thread.QueuedThreadPool$Runner.run(QueuedThreadPool.java:1018)
        at java.lang.Thread.run(Thread.java:750)
"26c35b0c-04d0-419a-bd9f-9a0c5cb2698b@group-EE387B4BAA71-SegmentedRaftLogWorker"  prio=5 tid=446 timed_waiting
java.lang.Thread.State: TIMED_WAITING
        at sun.misc.Unsafe.park(Native Method)
        at java.util.concurrent.locks.LockSupport.parkNanos(LockSupport.java:215)
        at java.util.concurrent.locks.AbstractQueuedSynchronizer$ConditionObject.awaitNanos(AbstractQueuedSynchronizer.java:2078)
        at org.apache.ratis.util.DataBlockingQueue.poll(DataBlockingQueue.java:148)
        at org.apache.ratis.server.raftlog.segmented.SegmentedRaftLogWorker.run(SegmentedRaftLogWorker.java:310)
        at org.apache.ratis.server.raftlog.segmented.SegmentedRaftLogWorker$$Lambda$689/1539916730.run(Unknown Source)
        at java.lang.Thread.run(Thread.java:750)
"qtp1974786850-112" daemon prio=5 tid=112 timed_waiting
java.lang.Thread.State: TIMED_WAITING
        at sun.misc.Unsafe.park(Native Method)
        at java.util.concurrent.locks.LockSupport.parkNanos(LockSupport.java:215)
        at java.util.concurrent.locks.AbstractQueuedSynchronizer$ConditionObject.awaitNanos(AbstractQueuedSynchronizer.java:2078)
        at org.eclipse.jetty.util.BlockingArrayQueue.poll(BlockingArrayQueue.java:382)
        at org.eclipse.jetty.util.thread.QueuedThreadPool$Runner.idleJobPoll(QueuedThreadPool.java:974)
        at org.eclipse.jetty.util.thread.QueuedThreadPool$Runner.run(QueuedThreadPool.java:1018)
        at java.lang.Thread.run(Thread.java:750)
"IPC Server handler 11 on default port 32813" daemon prio=5 tid=166 timed_waiting
java.lang.Thread.State: TIMED_WAITING
        at sun.misc.Unsafe.park(Native Method)
        at java.util.concurrent.locks.LockSupport.parkNanos(LockSupport.java:215)
        at java.util.concurrent.locks.AbstractQueuedSynchronizer$ConditionObject.awaitNanos(AbstractQueuedSynchronizer.java:2078)
        at java.util.concurrent.LinkedBlockingQueue.poll(LinkedBlockingQueue.java:467)
        at org.apache.hadoop.ipc.CallQueueManager.take(CallQueueManager.java:317)
        at org.apache.hadoop.ipc.Server$Handler.run(Server.java:2942)
"ChunkWriter-2-0" daemon prio=5 tid=376 in Object.wait()
java.lang.Thread.State: WAITING (on object monitor)
        at sun.misc.Unsafe.park(Native Method)
        at java.util.concurrent.locks.LockSupport.park(LockSupport.java:175)
        at java.util.concurrent.locks.AbstractQueuedSynchronizer$ConditionObject.await(AbstractQueuedSynchronizer.java:2039)
        at java.util.concurrent.LinkedBlockingDeque.takeFirst(LinkedBlockingDeque.java:492)
        at java.util.concurrent.LinkedBlockingDeque.take(LinkedBlockingDeque.java:680)
        at java.util.concurrent.ThreadPoolExecutor.getTask(ThreadPoolExecutor.java:1074)
        at java.util.concurrent.ThreadPoolExecutor.runWorker(ThreadPoolExecutor.java:1134)
        at java.util.concurrent.ThreadPoolExecutor$Worker.run(ThreadPoolExecutor.java:624)
        at java.lang.Thread.run(Thread.java:750)
"IPC Server handler 5 on default port 40853" daemon prio=5 tid=73 timed_waiting
java.lang.Thread.State: TIMED_WAITING
        at sun.misc.Unsafe.park(Native Method)
        at java.util.concurrent.locks.LockSupport.parkNanos(LockSupport.java:215)
        at java.util.concurrent.locks.AbstractQueuedSynchronizer$ConditionObject.awaitNanos(AbstractQueuedSynchronizer.java:2078)
        at java.util.concurrent.LinkedBlockingQueue.poll(LinkedBlockingQueue.java:467)
        at org.apache.hadoop.ipc.CallQueueManager.take(CallQueueManager.java:317)
        at org.apache.hadoop.ipc.Server$Handler.run(Server.java:2942)
"IPC Server handler 4 on default port 46277" daemon prio=5 tid=52 timed_waiting
java.lang.Thread.State: TIMED_WAITING
        at sun.misc.Unsafe.park(Native Method)
        at java.util.concurrent.locks.LockSupport.parkNanos(LockSupport.java:215)
        at java.util.concurrent.locks.AbstractQueuedSynchronizer$ConditionObject.awaitNanos(AbstractQueuedSynchronizer.java:2078)
        at java.util.concurrent.LinkedBlockingQueue.poll(LinkedBlockingQueue.java:467)
        at org.apache.hadoop.ipc.CallQueueManager.take(CallQueueManager.java:317)
        at org.apache.hadoop.ipc.Server$Handler.run(Server.java:2942)
"StaleRecoveringContainerScrubbingService#1" daemon prio=5 tid=383 timed_waiting
java.lang.Thread.State: TIMED_WAITING
        at sun.misc.Unsafe.park(Native Method)
        at java.util.concurrent.locks.LockSupport.parkNanos(LockSupport.java:215)
        at java.util.concurrent.locks.AbstractQueuedSynchronizer$ConditionObject.awaitNanos(AbstractQueuedSynchronizer.java:2078)
        at java.util.concurrent.ScheduledThreadPoolExecutor$DelayedWorkQueue.take(ScheduledThreadPoolExecutor.java:1093)
        at java.util.concurrent.ScheduledThreadPoolExecutor$DelayedWorkQueue.take(ScheduledThreadPoolExecutor.java:809)
        at java.util.concurrent.ThreadPoolExecutor.getTask(ThreadPoolExecutor.java:1074)
        at java.util.concurrent.ThreadPoolExecutor.runWorker(ThreadPoolExecutor.java:1134)
        at java.util.concurrent.ThreadPoolExecutor$Worker.run(ThreadPoolExecutor.java:624)
        at java.lang.Thread.run(Thread.java:750)
"Datanode State Machine Daemon Thread" daemon prio=5 tid=300 timed_waiting
java.lang.Thread.State: TIMED_WAITING
        at java.lang.Thread.sleep(Native Method)
        at org.apache.hadoop.ozone.container.common.statemachine.DatanodeStateMachine.startStateMachineThread(DatanodeStateMachine.java:321)
        at org.apache.hadoop.ozone.container.common.statemachine.DatanodeStateMachine.lambda$startDaemon$0(DatanodeStateMachine.java:506)
        at org.apache.hadoop.ozone.container.common.statemachine.DatanodeStateMachine$$Lambda$775/1698825479.run(Unknown Source)
        at java.lang.Thread.run(Thread.java:750)
"IPC Server handler 2 on default port 40853" daemon prio=5 tid=70 timed_waiting
java.lang.Thread.State: TIMED_WAITING
        at sun.misc.Unsafe.park(Native Method)
        at java.util.concurrent.locks.LockSupport.parkNanos(LockSupport.java:215)
        at java.util.concurrent.locks.AbstractQueuedSynchronizer$ConditionObject.awaitNanos(AbstractQueuedSynchronizer.java:2078)
        at java.util.concurrent.LinkedBlockingQueue.poll(LinkedBlockingQueue.java:467)
        at org.apache.hadoop.ipc.CallQueueManager.take(CallQueueManager.java:317)
        at org.apache.hadoop.ipc.Server$Handler.run(Server.java:2942)
"Datanode ReportManager Thread - 1" daemon prio=5 tid=224 in Object.wait()
java.lang.Thread.State: WAITING (on object monitor)
        at sun.misc.Unsafe.park(Native Method)
        at java.util.concurrent.locks.LockSupport.park(LockSupport.java:175)
        at java.util.concurrent.locks.AbstractQueuedSynchronizer$ConditionObject.await(AbstractQueuedSynchronizer.java:2039)
        at java.util.concurrent.ScheduledThreadPoolExecutor$DelayedWorkQueue.take(ScheduledThreadPoolExecutor.java:1088)
        at java.util.concurrent.ScheduledThreadPoolExecutor$DelayedWorkQueue.take(ScheduledThreadPoolExecutor.java:809)
        at java.util.concurrent.ThreadPoolExecutor.getTask(ThreadPoolExecutor.java:1074)
        at java.util.concurrent.ThreadPoolExecutor.runWorker(ThreadPoolExecutor.java:1134)
        at java.util.concurrent.ThreadPoolExecutor$Worker.run(ThreadPoolExecutor.java:624)
        at java.lang.Thread.run(Thread.java:750)
"EventQueue-NewNodeForNewNodeHandler" daemon prio=5 tid=398 in Object.wait()
java.lang.Thread.State: WAITING (on object monitor)
        at sun.misc.Unsafe.park(Native Method)
        at java.util.concurrent.locks.LockSupport.park(LockSupport.java:175)
        at java.util.concurrent.locks.AbstractQueuedSynchronizer$ConditionObject.await(AbstractQueuedSynchronizer.java:2039)
        at java.util.concurrent.LinkedBlockingQueue.take(LinkedBlockingQueue.java:442)
        at java.util.concurrent.ThreadPoolExecutor.getTask(ThreadPoolExecutor.java:1074)
        at java.util.concurrent.ThreadPoolExecutor.runWorker(ThreadPoolExecutor.java:1134)
        at java.util.concurrent.ThreadPoolExecutor$Worker.run(ThreadPoolExecutor.java:624)
        at java.lang.Thread.run(Thread.java:750)
"pool-127-thread-1"  prio=5 tid=238 timed_waiting
java.lang.Thread.State: TIMED_WAITING
        at sun.misc.Unsafe.park(Native Method)
        at java.util.concurrent.locks.LockSupport.parkNanos(LockSupport.java:215)
        at java.util.concurrent.locks.AbstractQueuedSynchronizer$ConditionObject.awaitNanos(AbstractQueuedSynchronizer.java:2078)
        at java.util.concurrent.ScheduledThreadPoolExecutor$DelayedWorkQueue.take(ScheduledThreadPoolExecutor.java:1093)
        at java.util.concurrent.ScheduledThreadPoolExecutor$DelayedWorkQueue.take(ScheduledThreadPoolExecutor.java:809)
        at java.util.concurrent.ThreadPoolExecutor.getTask(ThreadPoolExecutor.java:1074)
        at java.util.concurrent.ThreadPoolExecutor.runWorker(ThreadPoolExecutor.java:1134)
        at java.util.concurrent.ThreadPoolExecutor$Worker.run(ThreadPoolExecutor.java:624)
        at java.lang.Thread.run(Thread.java:750)
"Datanode State Machine Task Thread - 0"  prio=5 tid=256 in Object.wait()
java.lang.Thread.State: WAITING (on object monitor)
        at sun.misc.Unsafe.park(Native Method)
        at java.util.concurrent.locks.LockSupport.park(LockSupport.java:175)
        at java.util.concurrent.locks.AbstractQueuedSynchronizer$ConditionObject.await(AbstractQueuedSynchronizer.java:2039)
        at java.util.concurrent.LinkedBlockingQueue.take(LinkedBlockingQueue.java:442)
        at java.util.concurrent.ThreadPoolExecutor.getTask(ThreadPoolExecutor.java:1074)
        at java.util.concurrent.ThreadPoolExecutor.runWorker(ThreadPoolExecutor.java:1134)
        at java.util.concurrent.ThreadPoolExecutor$Worker.run(ThreadPoolExecutor.java:624)
        at java.lang.Thread.run(Thread.java:750)
"Datanode ReportManager Thread - 0" daemon prio=5 tid=327 timed_waiting
java.lang.Thread.State: TIMED_WAITING
        at sun.misc.Unsafe.park(Native Method)
        at java.util.concurrent.locks.LockSupport.parkNanos(LockSupport.java:215)
        at java.util.concurrent.locks.AbstractQueuedSynchronizer$ConditionObject.awaitNanos(AbstractQueuedSynchronizer.java:2078)
        at java.util.concurrent.ScheduledThreadPoolExecutor$DelayedWorkQueue.take(ScheduledThreadPoolExecutor.java:1093)
        at java.util.concurrent.ScheduledThreadPoolExecutor$DelayedWorkQueue.take(ScheduledThreadPoolExecutor.java:809)
        at java.util.concurrent.ThreadPoolExecutor.getTask(ThreadPoolExecutor.java:1074)
        at java.util.concurrent.ThreadPoolExecutor.runWorker(ThreadPoolExecutor.java:1134)
        at java.util.concurrent.ThreadPoolExecutor$Worker.run(ThreadPoolExecutor.java:624)
        at java.lang.Thread.run(Thread.java:750)
"IPC Server handler 18 on default port 45735" daemon prio=5 tid=106 timed_waiting
java.lang.Thread.State: TIMED_WAITING
        at sun.misc.Unsafe.park(Native Method)
        at java.util.concurrent.locks.LockSupport.parkNanos(LockSupport.java:215)
        at java.util.concurrent.locks.AbstractQueuedSynchronizer$ConditionObject.awaitNanos(AbstractQueuedSynchronizer.java:2078)
        at java.util.concurrent.LinkedBlockingQueue.poll(LinkedBlockingQueue.java:467)
        at org.apache.hadoop.ipc.CallQueueManager.take(CallQueueManager.java:317)
        at org.apache.hadoop.ipc.Server$Handler.run(Server.java:2942)
"ChunkWriter-3-0" daemon prio=5 tid=377 in Object.wait()
java.lang.Thread.State: WAITING (on object monitor)
        at sun.misc.Unsafe.park(Native Method)
        at java.util.concurrent.locks.LockSupport.park(LockSupport.java:175)
        at java.util.concurrent.locks.AbstractQueuedSynchronizer$ConditionObject.await(AbstractQueuedSynchronizer.java:2039)
        at java.util.concurrent.LinkedBlockingDeque.takeFirst(LinkedBlockingDeque.java:492)
        at java.util.concurrent.LinkedBlockingDeque.take(LinkedBlockingDeque.java:680)
        at java.util.concurrent.ThreadPoolExecutor.getTask(ThreadPoolExecutor.java:1074)
        at java.util.concurrent.ThreadPoolExecutor.runWorker(ThreadPoolExecutor.java:1134)
        at java.util.concurrent.ThreadPoolExecutor$Worker.run(ThreadPoolExecutor.java:624)
        at java.lang.Thread.run(Thread.java:750)
"IPC Server handler 7 on default port 40853" daemon prio=5 tid=75 timed_waiting
java.lang.Thread.State: TIMED_WAITING
        at sun.misc.Unsafe.park(Native Method)
        at java.util.concurrent.locks.LockSupport.parkNanos(LockSupport.java:215)
        at java.util.concurrent.locks.AbstractQueuedSynchronizer$ConditionObject.awaitNanos(AbstractQueuedSynchronizer.java:2078)
        at java.util.concurrent.LinkedBlockingQueue.poll(LinkedBlockingQueue.java:467)
        at org.apache.hadoop.ipc.CallQueueManager.take(CallQueueManager.java:317)
        at org.apache.hadoop.ipc.Server$Handler.run(Server.java:2942)
"IPC Server handler 12 on default port 45735" daemon prio=5 tid=100 timed_waiting
java.lang.Thread.State: TIMED_WAITING
        at sun.misc.Unsafe.park(Native Method)
        at java.util.concurrent.locks.LockSupport.parkNanos(LockSupport.java:215)
        at java.util.concurrent.locks.AbstractQueuedSynchronizer$ConditionObject.awaitNanos(AbstractQueuedSynchronizer.java:2078)
        at java.util.concurrent.LinkedBlockingQueue.poll(LinkedBlockingQueue.java:467)
        at org.apache.hadoop.ipc.CallQueueManager.take(CallQueueManager.java:317)
        at org.apache.hadoop.ipc.Server$Handler.run(Server.java:2942)
"Datanode ReportManager Thread - 4" daemon prio=5 tid=199 timed_waiting
java.lang.Thread.State: TIMED_WAITING
        at sun.misc.Unsafe.park(Native Method)
        at java.util.concurrent.locks.LockSupport.parkNanos(LockSupport.java:215)
        at java.util.concurrent.locks.AbstractQueuedSynchronizer$ConditionObject.awaitNanos(AbstractQueuedSynchronizer.java:2078)
        at java.util.concurrent.ScheduledThreadPoolExecutor$DelayedWorkQueue.take(ScheduledThreadPoolExecutor.java:1093)
        at java.util.concurrent.ScheduledThreadPoolExecutor$DelayedWorkQueue.take(ScheduledThreadPoolExecutor.java:809)
        at java.util.concurrent.ThreadPoolExecutor.getTask(ThreadPoolExecutor.java:1074)
        at java.util.concurrent.ThreadPoolExecutor.runWorker(ThreadPoolExecutor.java:1134)
        at java.util.concurrent.ThreadPoolExecutor$Worker.run(ThreadPoolExecutor.java:624)
        at java.lang.Thread.run(Thread.java:750)
"pool-104-thread-1"  prio=5 tid=210 timed_waiting
java.lang.Thread.State: TIMED_WAITING
        at sun.misc.Unsafe.park(Native Method)
        at java.util.concurrent.locks.LockSupport.parkNanos(LockSupport.java:215)
        at java.util.concurrent.locks.AbstractQueuedSynchronizer$ConditionObject.awaitNanos(AbstractQueuedSynchronizer.java:2078)
        at java.util.concurrent.ScheduledThreadPoolExecutor$DelayedWorkQueue.take(ScheduledThreadPoolExecutor.java:1093)
        at java.util.concurrent.ScheduledThreadPoolExecutor$DelayedWorkQueue.take(ScheduledThreadPoolExecutor.java:809)
        at java.util.concurrent.ThreadPoolExecutor.getTask(ThreadPoolExecutor.java:1074)
        at java.util.concurrent.ThreadPoolExecutor.runWorker(ThreadPoolExecutor.java:1134)
        at java.util.concurrent.ThreadPoolExecutor$Worker.run(ThreadPoolExecutor.java:624)
        at java.lang.Thread.run(Thread.java:750)
"ChunkWriter-3-0" daemon prio=5 tid=365 in Object.wait()
java.lang.Thread.State: WAITING (on object monitor)
        at sun.misc.Unsafe.park(Native Method)
        at java.util.concurrent.locks.LockSupport.park(LockSupport.java:175)
        at java.util.concurrent.locks.AbstractQueuedSynchronizer$ConditionObject.await(AbstractQueuedSynchronizer.java:2039)
        at java.util.concurrent.LinkedBlockingDeque.takeFirst(LinkedBlockingDeque.java:492)
        at java.util.concurrent.LinkedBlockingDeque.take(LinkedBlockingDeque.java:680)
        at java.util.concurrent.ThreadPoolExecutor.getTask(ThreadPoolExecutor.java:1074)
        at java.util.concurrent.ThreadPoolExecutor.runWorker(ThreadPoolExecutor.java:1134)
        at java.util.concurrent.ThreadPoolExecutor$Worker.run(ThreadPoolExecutor.java:624)
        at java.lang.Thread.run(Thread.java:750)
"qtp869388783-152" daemon prio=5 tid=152 timed_waiting
java.lang.Thread.State: TIMED_WAITING
        at sun.misc.Unsafe.park(Native Method)
        at java.util.concurrent.locks.LockSupport.parkNanos(LockSupport.java:215)
        at java.util.concurrent.locks.AbstractQueuedSynchronizer$ConditionObject.awaitNanos(AbstractQueuedSynchronizer.java:2078)
        at org.eclipse.jetty.util.BlockingArrayQueue.poll(BlockingArrayQueue.java:382)
        at org.eclipse.jetty.util.thread.QueuedThreadPool$Runner.idleJobPoll(QueuedThreadPool.java:974)
        at org.eclipse.jetty.util.thread.QueuedThreadPool$Runner.run(QueuedThreadPool.java:1018)
        at java.lang.Thread.run(Thread.java:750)
"Socket Reader #1 for port 0"  prio=5 tid=132 runnable
java.lang.Thread.State: RUNNABLE
        at sun.nio.ch.EPollArrayWrapper.epollWait(Native Method)
        at sun.nio.ch.EPollArrayWrapper.poll(EPollArrayWrapper.java:269)
        at sun.nio.ch.EPollSelectorImpl.doSelect(EPollSelectorImpl.java:93)
        at sun.nio.ch.SelectorImpl.lockAndDoSelect(SelectorImpl.java:86)
        at sun.nio.ch.SelectorImpl.select(SelectorImpl.java:97)
        at sun.nio.ch.SelectorImpl.select(SelectorImpl.java:101)
        at org.apache.hadoop.ipc.Server$Listener$Reader.doRunLoop(Server.java:1296)
        at org.apache.hadoop.ipc.Server$Listener$Reader.run(Server.java:1275)
"35d6043c-a711-468a-a34c-4c4022ea36e3@group-092F80E77802-SegmentedRaftLogWorker"  prio=5 tid=428 timed_waiting
java.lang.Thread.State: TIMED_WAITING
        at sun.misc.Unsafe.park(Native Method)
        at java.util.concurrent.locks.LockSupport.parkNanos(LockSupport.java:215)
        at java.util.concurrent.locks.AbstractQueuedSynchronizer$ConditionObject.awaitNanos(AbstractQueuedSynchronizer.java:2078)
        at org.apache.ratis.util.DataBlockingQueue.poll(DataBlockingQueue.java:148)
        at org.apache.ratis.server.raftlog.segmented.SegmentedRaftLogWorker.run(SegmentedRaftLogWorker.java:310)
        at org.apache.ratis.server.raftlog.segmented.SegmentedRaftLogWorker$$Lambda$689/1539916730.run(Unknown Source)
        at java.lang.Thread.run(Thread.java:750)
"Socket Reader #1 for port 0"  prio=5 tid=25 runnable
java.lang.Thread.State: RUNNABLE
        at sun.nio.ch.EPollArrayWrapper.epollWait(Native Method)
        at sun.nio.ch.EPollArrayWrapper.poll(EPollArrayWrapper.java:269)
        at sun.nio.ch.EPollSelectorImpl.doSelect(EPollSelectorImpl.java:93)
        at sun.nio.ch.SelectorImpl.lockAndDoSelect(SelectorImpl.java:86)
        at sun.nio.ch.SelectorImpl.select(SelectorImpl.java:97)
        at sun.nio.ch.SelectorImpl.select(SelectorImpl.java:101)
        at org.apache.hadoop.ipc.Server$Listener$Reader.doRunLoop(Server.java:1296)
        at org.apache.hadoop.ipc.Server$Listener$Reader.run(Server.java:1275)
"b01711c8-04b4-47a5-9bab-72c84cf7bb6a@group-841363C15B84-StateMachineUpdater" daemon prio=5 tid=472 timed_waiting
java.lang.Thread.State: TIMED_WAITING
        at sun.misc.Unsafe.park(Native Method)
        at java.util.concurrent.locks.LockSupport.parkNanos(LockSupport.java:215)
        at java.util.concurrent.CompletableFuture$Signaller.block(CompletableFuture.java:1709)
        at java.util.concurrent.ForkJoinPool.managedBlock(ForkJoinPool.java:3323)
        at java.util.concurrent.CompletableFuture.timedGet(CompletableFuture.java:1788)
        at java.util.concurrent.CompletableFuture.get(CompletableFuture.java:1928)
        at org.apache.ratis.util.AwaitForSignal.await(AwaitForSignal.java:56)
        at org.apache.ratis.server.impl.StateMachineUpdater.waitForCommit(StateMachineUpdater.java:207)
        at org.apache.ratis.server.impl.StateMachineUpdater.run(StateMachineUpdater.java:176)
        at java.lang.Thread.run(Thread.java:750)
"BlockDeletingService#0" daemon prio=5 tid=368 in Object.wait()
java.lang.Thread.State: WAITING (on object monitor)
        at sun.misc.Unsafe.park(Native Method)
        at java.util.concurrent.locks.LockSupport.park(LockSupport.java:175)
        at java.util.concurrent.locks.AbstractQueuedSynchronizer$ConditionObject.await(AbstractQueuedSynchronizer.java:2039)
        at java.util.concurrent.ScheduledThreadPoolExecutor$DelayedWorkQueue.take(ScheduledThreadPoolExecutor.java:1088)
        at java.util.concurrent.ScheduledThreadPoolExecutor$DelayedWorkQueue.take(ScheduledThreadPoolExecutor.java:809)
        at java.util.concurrent.ThreadPoolExecutor.getTask(ThreadPoolExecutor.java:1074)
        at java.util.concurrent.ThreadPoolExecutor.runWorker(ThreadPoolExecutor.java:1134)
        at java.util.concurrent.ThreadPoolExecutor$Worker.run(ThreadPoolExecutor.java:624)
        at java.lang.Thread.run(Thread.java:750)
"ChunkWriter-0-0" daemon prio=5 tid=404 in Object.wait()
java.lang.Thread.State: WAITING (on object monitor)
        at sun.misc.Unsafe.park(Native Method)
        at java.util.concurrent.locks.LockSupport.park(LockSupport.java:175)
        at java.util.concurrent.locks.AbstractQueuedSynchronizer$ConditionObject.await(AbstractQueuedSynchronizer.java:2039)
        at java.util.concurrent.LinkedBlockingDeque.takeFirst(LinkedBlockingDeque.java:492)
        at java.util.concurrent.LinkedBlockingDeque.take(LinkedBlockingDeque.java:680)
        at java.util.concurrent.ThreadPoolExecutor.getTask(ThreadPoolExecutor.java:1074)
        at java.util.concurrent.ThreadPoolExecutor.runWorker(ThreadPoolExecutor.java:1134)
        at java.util.concurrent.ThreadPoolExecutor$Worker.run(ThreadPoolExecutor.java:624)
        at java.lang.Thread.run(Thread.java:750)
"qtp1974786850-117" daemon prio=5 tid=117 timed_waiting
java.lang.Thread.State: TIMED_WAITING
        at sun.misc.Unsafe.park(Native Method)
        at java.util.concurrent.locks.LockSupport.parkNanos(LockSupport.java:215)
        at java.util.concurrent.locks.AbstractQueuedSynchronizer$ConditionObject.awaitNanos(AbstractQueuedSynchronizer.java:2078)
        at org.eclipse.jetty.util.BlockingArrayQueue.poll(BlockingArrayQueue.java:382)
        at org.eclipse.jetty.util.thread.QueuedThreadPool$Runner.idleJobPoll(QueuedThreadPool.java:974)
        at org.eclipse.jetty.util.thread.QueuedThreadPool$Runner.run(QueuedThreadPool.java:1018)
        at java.lang.Thread.run(Thread.java:750)
"Datanode ReportManager Thread - 2" daemon prio=5 tid=303 in Object.wait()
java.lang.Thread.State: WAITING (on object monitor)
        at sun.misc.Unsafe.park(Native Method)
        at java.util.concurrent.locks.LockSupport.park(LockSupport.java:175)
        at java.util.concurrent.locks.AbstractQueuedSynchronizer$ConditionObject.await(AbstractQueuedSynchronizer.java:2039)
        at java.util.concurrent.ScheduledThreadPoolExecutor$DelayedWorkQueue.take(ScheduledThreadPoolExecutor.java:1088)
        at java.util.concurrent.ScheduledThreadPoolExecutor$DelayedWorkQueue.take(ScheduledThreadPoolExecutor.java:809)
        at java.util.concurrent.ThreadPoolExecutor.getTask(ThreadPoolExecutor.java:1074)
        at java.util.concurrent.ThreadPoolExecutor.runWorker(ThreadPoolExecutor.java:1134)
        at java.util.concurrent.ThreadPoolExecutor$Worker.run(ThreadPoolExecutor.java:624)
        at java.lang.Thread.run(Thread.java:750)
"org.apache.hadoop.util.JvmPauseMonitor$Monitor@44006d77" daemon prio=5 tid=307 timed_waiting
java.lang.Thread.State: TIMED_WAITING
        at java.lang.Thread.sleep(Native Method)
        at org.apache.hadoop.util.JvmPauseMonitor$Monitor.run(JvmPauseMonitor.java:192)
        at java.lang.Thread.run(Thread.java:750)
"ChunkWriter-3-0" daemon prio=5 tid=407 in Object.wait()
java.lang.Thread.State: WAITING (on object monitor)
        at sun.misc.Unsafe.park(Native Method)
        at java.util.concurrent.locks.LockSupport.park(LockSupport.java:175)
        at java.util.concurrent.locks.AbstractQueuedSynchronizer$ConditionObject.await(AbstractQueuedSynchronizer.java:2039)
        at java.util.concurrent.LinkedBlockingDeque.takeFirst(LinkedBlockingDeque.java:492)
        at java.util.concurrent.LinkedBlockingDeque.take(LinkedBlockingDeque.java:680)
        at java.util.concurrent.ThreadPoolExecutor.getTask(ThreadPoolExecutor.java:1074)
        at java.util.concurrent.ThreadPoolExecutor.runWorker(ThreadPoolExecutor.java:1134)
        at java.util.concurrent.ThreadPoolExecutor$Worker.run(ThreadPoolExecutor.java:624)
        at java.lang.Thread.run(Thread.java:750)
"IPC Server handler 9 on default port 32813" daemon prio=5 tid=164 timed_waiting
java.lang.Thread.State: TIMED_WAITING
        at sun.misc.Unsafe.park(Native Method)
        at java.util.concurrent.locks.LockSupport.parkNanos(LockSupport.java:215)
        at java.util.concurrent.locks.AbstractQueuedSynchronizer$ConditionObject.awaitNanos(AbstractQueuedSynchronizer.java:2078)
        at java.util.concurrent.LinkedBlockingQueue.poll(LinkedBlockingQueue.java:467)
        at org.apache.hadoop.ipc.CallQueueManager.take(CallQueueManager.java:317)
        at org.apache.hadoop.ipc.Server$Handler.run(Server.java:2942)
"IPC Server handler 0 on default port 46277" daemon prio=5 tid=48 timed_waiting
java.lang.Thread.State: TIMED_WAITING
        at sun.misc.Unsafe.park(Native Method)
        at java.util.concurrent.locks.LockSupport.parkNanos(LockSupport.java:215)
        at java.util.concurrent.locks.AbstractQueuedSynchronizer$ConditionObject.awaitNanos(AbstractQueuedSynchronizer.java:2078)
        at java.util.concurrent.LinkedBlockingQueue.poll(LinkedBlockingQueue.java:467)
        at org.apache.hadoop.ipc.CallQueueManager.take(CallQueueManager.java:317)
        at org.apache.hadoop.ipc.Server$Handler.run(Server.java:2942)
"b01711c8-04b4-47a5-9bab-72c84cf7bb6a@group-841363C15B84-FollowerState" daemon prio=5 tid=683 timed_waiting
java.lang.Thread.State: TIMED_WAITING
        at java.lang.Thread.sleep(Native Method)
        at java.lang.Thread.sleep(Thread.java:342)
        at java.util.concurrent.TimeUnit.sleep(TimeUnit.java:386)
        at org.apache.ratis.util.TimeDuration.sleep(TimeDuration.java:325)
        at org.apache.ratis.util.TimeDuration.sleep(TimeDuration.java:310)
        at org.apache.ratis.server.impl.FollowerState.run(FollowerState.java:128)
"ChunkWriter-2-0" daemon prio=5 tid=340 in Object.wait()
java.lang.Thread.State: WAITING (on object monitor)
        at sun.misc.Unsafe.park(Native Method)
        at java.util.concurrent.locks.LockSupport.park(LockSupport.java:175)
        at java.util.concurrent.locks.AbstractQueuedSynchronizer$ConditionObject.await(AbstractQueuedSynchronizer.java:2039)
        at java.util.concurrent.LinkedBlockingDeque.takeFirst(LinkedBlockingDeque.java:492)
        at java.util.concurrent.LinkedBlockingDeque.take(LinkedBlockingDeque.java:680)
        at java.util.concurrent.ThreadPoolExecutor.getTask(ThreadPoolExecutor.java:1074)
        at java.util.concurrent.ThreadPoolExecutor.runWorker(ThreadPoolExecutor.java:1134)
        at java.util.concurrent.ThreadPoolExecutor$Worker.run(ThreadPoolExecutor.java:624)
        at java.lang.Thread.run(Thread.java:750)
"surefire-forkedjvm-command-thread" daemon prio=5 tid=10 runnable
java.lang.Thread.State: RUNNABLE
        at java.io.FileInputStream.readBytes(Native Method)
        at java.io.FileInputStream.read(FileInputStream.java:255)
        at java.io.BufferedInputStream.read1(BufferedInputStream.java:284)
        at java.io.BufferedInputStream.read(BufferedInputStream.java:345)
        at java.io.BufferedInputStream.fill(BufferedInputStream.java:246)
        at java.io.BufferedInputStream.read1(BufferedInputStream.java:286)
        at java.io.BufferedInputStream.read(BufferedInputStream.java:345)
        at org.apache.maven.surefire.api.util.internal.Channels$3.readImpl(Channels.java:214)
        at org.apache.maven.surefire.api.util.internal.AbstractNoninterruptibleReadableChannel.read(AbstractNoninterruptibleReadableChannel.java:54)
        at org.apache.maven.surefire.booter.spi.LegacyMasterProcessChannelDecoder.decode(LegacyMasterProcessChannelDecoder.java:80)
        at org.apache.maven.surefire.booter.CommandReader$CommandRunnable.run(CommandReader.java:343)
        at java.lang.Thread.run(Thread.java:750)
"BackgroundPipelineScrubberThread" daemon prio=5 tid=17 timed_waiting
java.lang.Thread.State: TIMED_WAITING
        at java.lang.Object.wait(Native Method)
        at org.apache.hadoop.hdds.scm.ha.BackgroundSCMService.run(BackgroundSCMService.java:110)
        at org.apache.hadoop.hdds.scm.ha.BackgroundSCMService$$Lambda$396/280960713.run(Unknown Source)
        at java.lang.Thread.run(Thread.java:750)
"qtp1116071598-317" daemon prio=5 tid=317 runnable
java.lang.Thread.State: RUNNABLE
        at sun.nio.ch.EPollArrayWrapper.epollWait(Native Method)
        at sun.nio.ch.EPollArrayWrapper.poll(EPollArrayWrapper.java:269)
        at sun.nio.ch.EPollSelectorImpl.doSelect(EPollSelectorImpl.java:93)
        at sun.nio.ch.SelectorImpl.lockAndDoSelect(SelectorImpl.java:86)
        at sun.nio.ch.SelectorImpl.select(SelectorImpl.java:97)
        at sun.nio.ch.SelectorImpl.select(SelectorImpl.java:101)
        at org.eclipse.jetty.io.ManagedSelector.nioSelect(ManagedSelector.java:183)
        at org.eclipse.jetty.io.ManagedSelector.select(ManagedSelector.java:190)
        at org.eclipse.jetty.io.ManagedSelector$SelectorProducer.select(ManagedSelector.java:606)
        at org.eclipse.jetty.io.ManagedSelector$SelectorProducer.produce(ManagedSelector.java:543)
        at org.eclipse.jetty.util.thread.strategy.EatWhatYouKill.produceTask(EatWhatYouKill.java:362)
        at org.eclipse.jetty.util.thread.strategy.EatWhatYouKill.doProduce(EatWhatYouKill.java:186)
        at org.eclipse.jetty.util.thread.strategy.EatWhatYouKill.tryProduce(EatWhatYouKill.java:173)
        at org.eclipse.jetty.util.thread.strategy.EatWhatYouKill.produce(EatWhatYouKill.java:137)
        at org.eclipse.jetty.io.ManagedSelector$$Lambda$470/1528168968.run(Unknown Source)
        at org.eclipse.jetty.util.thread.QueuedThreadPool.runJob(QueuedThreadPool.java:883)
        at org.eclipse.jetty.util.thread.QueuedThreadPool$Runner.run(QueuedThreadPool.java:1034)
        at java.lang.Thread.run(Thread.java:750)
"qtp1890676535-265" daemon prio=5 tid=265 runnable
java.lang.Thread.State: RUNNABLE
        at sun.nio.ch.EPollArrayWrapper.epollWait(Native Method)
        at sun.nio.ch.EPollArrayWrapper.poll(EPollArrayWrapper.java:269)
        at sun.nio.ch.EPollSelectorImpl.doSelect(EPollSelectorImpl.java:93)
        at sun.nio.ch.SelectorImpl.lockAndDoSelect(SelectorImpl.java:86)
        at sun.nio.ch.SelectorImpl.select(SelectorImpl.java:97)
        at sun.nio.ch.SelectorImpl.select(SelectorImpl.java:101)
        at org.eclipse.jetty.io.ManagedSelector.nioSelect(ManagedSelector.java:183)
        at org.eclipse.jetty.io.ManagedSelector.select(ManagedSelector.java:190)
        at org.eclipse.jetty.io.ManagedSelector$SelectorProducer.select(ManagedSelector.java:606)
        at org.eclipse.jetty.io.ManagedSelector$SelectorProducer.produce(ManagedSelector.java:543)
        at org.eclipse.jetty.util.thread.strategy.EatWhatYouKill.produceTask(EatWhatYouKill.java:362)
        at org.eclipse.jetty.util.thread.strategy.EatWhatYouKill.doProduce(EatWhatYouKill.java:186)
        at org.eclipse.jetty.util.thread.strategy.EatWhatYouKill.tryProduce(EatWhatYouKill.java:173)
        at org.eclipse.jetty.util.thread.strategy.EatWhatYouKill.produce(EatWhatYouKill.java:137)
        at org.eclipse.jetty.io.ManagedSelector$$Lambda$470/1528168968.run(Unknown Source)
        at org.eclipse.jetty.util.thread.QueuedThreadPool.runJob(QueuedThreadPool.java:883)
        at org.eclipse.jetty.util.thread.QueuedThreadPool$Runner.run(QueuedThreadPool.java:1034)
        at java.lang.Thread.run(Thread.java:750)
"Datanode State Machine Task Thread - 1"  prio=5 tid=384 in Object.wait()
java.lang.Thread.State: WAITING (on object monitor)
        at sun.misc.Unsafe.park(Native Method)
        at java.util.concurrent.locks.LockSupport.park(LockSupport.java:175)
        at java.util.concurrent.locks.AbstractQueuedSynchronizer$ConditionObject.await(AbstractQueuedSynchronizer.java:2039)
        at java.util.concurrent.LinkedBlockingQueue.take(LinkedBlockingQueue.java:442)
        at java.util.concurrent.ThreadPoolExecutor.getTask(ThreadPoolExecutor.java:1074)
        at java.util.concurrent.ThreadPoolExecutor.runWorker(ThreadPoolExecutor.java:1134)
        at java.util.concurrent.ThreadPoolExecutor$Worker.run(ThreadPoolExecutor.java:624)
        at java.lang.Thread.run(Thread.java:750)
"FixedThreadPoolWithAffinityExecutor-2-0" daemon prio=5 tid=38 timed_waiting
java.lang.Thread.State: TIMED_WAITING
        at sun.misc.Unsafe.park(Native Method)
        at java.util.concurrent.locks.LockSupport.parkNanos(LockSupport.java:215)
        at java.util.concurrent.locks.AbstractQueuedSynchronizer$ConditionObject.awaitNanos(AbstractQueuedSynchronizer.java:2078)
        at java.util.concurrent.LinkedBlockingQueue.poll(LinkedBlockingQueue.java:467)
        at org.apache.hadoop.hdds.scm.server.ContainerReportQueue.poll(ContainerReportQueue.java:266)
        at org.apache.hadoop.hdds.scm.server.ContainerReportQueue.poll(ContainerReportQueue.java:42)
        at org.apache.hadoop.hdds.server.events.FixedThreadPoolWithAffinityExecutor$ContainerReportProcessTask.run(FixedThreadPoolWithAffinityExecutor.java:218)
        at java.util.concurrent.Executors$RunnableAdapter.call(Executors.java:511)
        at java.util.concurrent.FutureTask.run(FutureTask.java:266)
        at java.util.concurrent.ThreadPoolExecutor.runWorker(ThreadPoolExecutor.java:1149)
        at java.util.concurrent.ThreadPoolExecutor$Worker.run(ThreadPoolExecutor.java:624)
        at java.lang.Thread.run(Thread.java:750)
"IPC Server Responder" daemon prio=5 tid=35 runnable
java.lang.Thread.State: RUNNABLE
        at sun.nio.ch.EPollArrayWrapper.epollWait(Native Method)
        at sun.nio.ch.EPollArrayWrapper.poll(EPollArrayWrapper.java:269)
        at sun.nio.ch.EPollSelectorImpl.doSelect(EPollSelectorImpl.java:93)
        at sun.nio.ch.SelectorImpl.lockAndDoSelect(SelectorImpl.java:86)
        at sun.nio.ch.SelectorImpl.select(SelectorImpl.java:97)
        at org.apache.hadoop.ipc.Server$Responder.doRunLoop(Server.java:1532)
        at org.apache.hadoop.ipc.Server$Responder.run(Server.java:1515)
"StaleRecoveringContainerScrubbingService#2" daemon prio=5 tid=661 in Object.wait()
java.lang.Thread.State: WAITING (on object monitor)
        at sun.misc.Unsafe.park(Native Method)
        at java.util.concurrent.locks.LockSupport.park(LockSupport.java:175)
        at java.util.concurrent.locks.AbstractQueuedSynchronizer$ConditionObject.await(AbstractQueuedSynchronizer.java:2039)
        at java.util.concurrent.ScheduledThreadPoolExecutor$DelayedWorkQueue.take(ScheduledThreadPoolExecutor.java:1088)
        at java.util.concurrent.ScheduledThreadPoolExecutor$DelayedWorkQueue.take(ScheduledThreadPoolExecutor.java:809)
        at java.util.concurrent.ThreadPoolExecutor.getTask(ThreadPoolExecutor.java:1074)
        at java.util.concurrent.ThreadPoolExecutor.runWorker(ThreadPoolExecutor.java:1134)
        at java.util.concurrent.ThreadPoolExecutor$Worker.run(ThreadPoolExecutor.java:624)
        at java.lang.Thread.run(Thread.java:750)
"qtp1046702013-294" daemon prio=5 tid=294 timed_waiting
java.lang.Thread.State: TIMED_WAITING
        at sun.misc.Unsafe.park(Native Method)
        at java.util.concurrent.locks.LockSupport.parkNanos(LockSupport.java:215)
        at java.util.concurrent.locks.AbstractQueuedSynchronizer$ConditionObject.awaitNanos(AbstractQueuedSynchronizer.java:2078)
        at org.eclipse.jetty.util.BlockingArrayQueue.poll(BlockingArrayQueue.java:382)
        at org.eclipse.jetty.util.thread.QueuedThreadPool$Runner.idleJobPoll(QueuedThreadPool.java:974)
        at org.eclipse.jetty.util.thread.QueuedThreadPool$Runner.run(QueuedThreadPool.java:1018)
        at java.lang.Thread.run(Thread.java:750)
"qtp1890676535-267" daemon prio=5 tid=267 timed_waiting
java.lang.Thread.State: TIMED_WAITING
        at sun.misc.Unsafe.park(Native Method)
        at java.util.concurrent.locks.LockSupport.parkNanos(LockSupport.java:215)
        at java.util.concurrent.locks.AbstractQueuedSynchronizer$ConditionObject.awaitNanos(AbstractQueuedSynchronizer.java:2078)
        at org.eclipse.jetty.util.BlockingArrayQueue.poll(BlockingArrayQueue.java:382)
        at org.eclipse.jetty.util.thread.QueuedThreadPool$Runner.idleJobPoll(QueuedThreadPool.java:974)
        at org.eclipse.jetty.util.thread.QueuedThreadPool$Runner.run(QueuedThreadPool.java:1018)
        at java.lang.Thread.run(Thread.java:750)
"qtp1285392383-216" daemon prio=5 tid=216 timed_waiting
java.lang.Thread.State: TIMED_WAITING
        at sun.misc.Unsafe.park(Native Method)
        at java.util.concurrent.locks.LockSupport.parkNanos(LockSupport.java:215)
        at java.util.concurrent.locks.AbstractQueuedSynchronizer$ConditionObject.awaitNanos(AbstractQueuedSynchronizer.java:2078)
        at org.eclipse.jetty.util.BlockingArrayQueue.poll(BlockingArrayQueue.java:382)
        at org.eclipse.jetty.util.thread.QueuedThreadPool$Runner.idleJobPoll(QueuedThreadPool.java:974)
        at org.eclipse.jetty.util.thread.QueuedThreadPool$Runner.run(QueuedThreadPool.java:1018)
        at java.lang.Thread.run(Thread.java:750)
"qtp1046702013-292-acceptor-0@6101e687-ServerConnector@1a3a1b59{HTTP/1.1, (http/1.1)}{0.0.0.0:40757}" daemon prio=3 tid=292 runnable
java.lang.Thread.State: RUNNABLE
        at sun.nio.ch.ServerSocketChannelImpl.accept0(Native Method)
        at sun.nio.ch.ServerSocketChannelImpl.accept(ServerSocketChannelImpl.java:421)
        at sun.nio.ch.ServerSocketChannelImpl.accept(ServerSocketChannelImpl.java:249)
        at org.eclipse.jetty.server.ServerConnector.accept(ServerConnector.java:388)
        at org.eclipse.jetty.server.AbstractConnector$Acceptor.run(AbstractConnector.java:704)
        at org.eclipse.jetty.util.thread.QueuedThreadPool.runJob(QueuedThreadPool.java:883)
        at org.eclipse.jetty.util.thread.QueuedThreadPool$Runner.run(QueuedThreadPool.java:1034)
        at java.lang.Thread.run(Thread.java:750)
"qtp475465260-189" daemon prio=5 tid=189 timed_waiting
java.lang.Thread.State: TIMED_WAITING
        at sun.misc.Unsafe.park(Native Method)
        at java.util.concurrent.locks.LockSupport.parkNanos(LockSupport.java:215)
        at java.util.concurrent.locks.AbstractQueuedSynchronizer$ConditionObject.awaitNanos(AbstractQueuedSynchronizer.java:2078)
        at org.eclipse.jetty.util.BlockingArrayQueue.poll(BlockingArrayQueue.java:382)
        at org.eclipse.jetty.util.thread.QueuedThreadPool$Runner.idleJobPoll(QueuedThreadPool.java:974)
        at org.eclipse.jetty.util.thread.QueuedThreadPool$Runner.run(QueuedThreadPool.java:1018)
        at java.lang.Thread.run(Thread.java:750)
"ChunkWriter-2-0" daemon prio=5 tid=388 in Object.wait()
java.lang.Thread.State: WAITING (on object monitor)
        at sun.misc.Unsafe.park(Native Method)
        at java.util.concurrent.locks.LockSupport.park(LockSupport.java:175)
        at java.util.concurrent.locks.AbstractQueuedSynchronizer$ConditionObject.await(AbstractQueuedSynchronizer.java:2039)
        at java.util.concurrent.LinkedBlockingDeque.takeFirst(LinkedBlockingDeque.java:492)
        at java.util.concurrent.LinkedBlockingDeque.take(LinkedBlockingDeque.java:680)
        at java.util.concurrent.ThreadPoolExecutor.getTask(ThreadPoolExecutor.java:1074)
        at java.util.concurrent.ThreadPoolExecutor.runWorker(ThreadPoolExecutor.java:1134)
        at java.util.concurrent.ThreadPoolExecutor$Worker.run(ThreadPoolExecutor.java:624)
        at java.lang.Thread.run(Thread.java:750)
"IPC Server handler 8 on default port 46277" daemon prio=5 tid=56 timed_waiting
java.lang.Thread.State: TIMED_WAITING
        at sun.misc.Unsafe.park(Native Method)
        at java.util.concurrent.locks.LockSupport.parkNanos(LockSupport.java:215)
        at java.util.concurrent.locks.AbstractQueuedSynchronizer$ConditionObject.awaitNanos(AbstractQueuedSynchronizer.java:2078)
        at java.util.concurrent.LinkedBlockingQueue.poll(LinkedBlockingQueue.java:467)
        at org.apache.hadoop.ipc.CallQueueManager.take(CallQueueManager.java:317)
        at org.apache.hadoop.ipc.Server$Handler.run(Server.java:2942)
"IPC Server handler 16 on default port 45735" daemon prio=5 tid=104 timed_waiting
java.lang.Thread.State: TIMED_WAITING
        at sun.misc.Unsafe.park(Native Method)
        at java.util.concurrent.locks.LockSupport.parkNanos(LockSupport.java:215)
        at java.util.concurrent.locks.AbstractQueuedSynchronizer$ConditionObject.awaitNanos(AbstractQueuedSynchronizer.java:2078)
        at java.util.concurrent.LinkedBlockingQueue.poll(LinkedBlockingQueue.java:467)
        at org.apache.hadoop.ipc.CallQueueManager.take(CallQueueManager.java:317)
        at org.apache.hadoop.ipc.Server$Handler.run(Server.java:2942)
"Datanode State Machine Task Thread - 0"  prio=5 tid=334 in Object.wait()
java.lang.Thread.State: WAITING (on object monitor)
        at sun.misc.Unsafe.park(Native Method)
        at java.util.concurrent.locks.LockSupport.park(LockSupport.java:175)
        at java.util.concurrent.locks.AbstractQueuedSynchronizer$ConditionObject.await(AbstractQueuedSynchronizer.java:2039)
        at java.util.concurrent.LinkedBlockingQueue.take(LinkedBlockingQueue.java:442)
        at java.util.concurrent.ThreadPoolExecutor.getTask(ThreadPoolExecutor.java:1074)
        at java.util.concurrent.ThreadPoolExecutor.runWorker(ThreadPoolExecutor.java:1134)
        at java.util.concurrent.ThreadPoolExecutor$Worker.run(ThreadPoolExecutor.java:624)
        at java.lang.Thread.run(Thread.java:750)
"EventQueue-CommandQueueReportForCommandQueueReportHandler" daemon prio=5 tid=415 in Object.wait()
java.lang.Thread.State: WAITING (on object monitor)
        at sun.misc.Unsafe.park(Native Method)
        at java.util.concurrent.locks.LockSupport.park(LockSupport.java:175)
        at java.util.concurrent.locks.AbstractQueuedSynchronizer$ConditionObject.await(AbstractQueuedSynchronizer.java:2039)
        at java.util.concurrent.LinkedBlockingQueue.take(LinkedBlockingQueue.java:442)
        at java.util.concurrent.ThreadPoolExecutor.getTask(ThreadPoolExecutor.java:1074)
        at java.util.concurrent.ThreadPoolExecutor.runWorker(ThreadPoolExecutor.java:1134)
        at java.util.concurrent.ThreadPoolExecutor$Worker.run(ThreadPoolExecutor.java:624)
        at java.lang.Thread.run(Thread.java:750)
"org.apache.hadoop.ozone.container.common.statemachine.commandhandler.DeleteBlocksCommandHandler$DeleteCmdWorker@70bba4d1" daemon prio=5 tid=183 timed_waiting
java.lang.Thread.State: TIMED_WAITING
        at java.lang.Thread.sleep(Native Method)
        at org.apache.hadoop.ozone.container.common.statemachine.commandhandler.DeleteBlocksCommandHandler$DeleteCmdWorker.run(DeleteBlocksCommandHandler.java:183)
        at java.lang.Thread.run(Thread.java:750)
"Datanode ReportManager Thread - 2" daemon prio=5 tid=225 in Object.wait()
java.lang.Thread.State: WAITING (on object monitor)
        at sun.misc.Unsafe.park(Native Method)
        at java.util.concurrent.locks.LockSupport.park(LockSupport.java:175)
        at java.util.concurrent.locks.AbstractQueuedSynchronizer$ConditionObject.await(AbstractQueuedSynchronizer.java:2039)
        at java.util.concurrent.ScheduledThreadPoolExecutor$DelayedWorkQueue.take(ScheduledThreadPoolExecutor.java:1088)
        at java.util.concurrent.ScheduledThreadPoolExecutor$DelayedWorkQueue.take(ScheduledThreadPoolExecutor.java:809)
        at java.util.concurrent.ThreadPoolExecutor.getTask(ThreadPoolExecutor.java:1074)
        at java.util.concurrent.ThreadPoolExecutor.runWorker(ThreadPoolExecutor.java:1134)
        at java.util.concurrent.ThreadPoolExecutor$Worker.run(ThreadPoolExecutor.java:624)
        at java.lang.Thread.run(Thread.java:750)
"StaleRecoveringContainerScrubbingService#1" daemon prio=5 tid=346 timed_waiting
java.lang.Thread.State: TIMED_WAITING
        at sun.misc.Unsafe.park(Native Method)
        at java.util.concurrent.locks.LockSupport.parkNanos(LockSupport.java:215)
        at java.util.concurrent.locks.AbstractQueuedSynchronizer$ConditionObject.awaitNanos(AbstractQueuedSynchronizer.java:2078)
        at java.util.concurrent.ScheduledThreadPoolExecutor$DelayedWorkQueue.take(ScheduledThreadPoolExecutor.java:1093)
        at java.util.concurrent.ScheduledThreadPoolExecutor$DelayedWorkQueue.take(ScheduledThreadPoolExecutor.java:809)
        at java.util.concurrent.ThreadPoolExecutor.getTask(ThreadPoolExecutor.java:1074)
        at java.util.concurrent.ThreadPoolExecutor.runWorker(ThreadPoolExecutor.java:1134)
        at java.util.concurrent.ThreadPoolExecutor$Worker.run(ThreadPoolExecutor.java:624)
        at java.lang.Thread.run(Thread.java:750)
"grpc-default-boss-ELG-1-1" daemon prio=5 tid=139 runnable
java.lang.Thread.State: RUNNABLE
        at org.apache.ratis.thirdparty.io.netty.channel.epoll.Native.epollWait(Native Method)
        at org.apache.ratis.thirdparty.io.netty.channel.epoll.Native.epollWait(Native.java:209)
        at org.apache.ratis.thirdparty.io.netty.channel.epoll.Native.epollWait(Native.java:202)
        at org.apache.ratis.thirdparty.io.netty.channel.epoll.EpollEventLoop.epollWaitNoTimerChange(EpollEventLoop.java:294)
        at org.apache.ratis.thirdparty.io.netty.channel.epoll.EpollEventLoop.run(EpollEventLoop.java:351)
        at org.apache.ratis.thirdparty.io.netty.util.concurrent.SingleThreadEventExecutor$4.run(SingleThreadEventExecutor.java:995)
        at org.apache.ratis.thirdparty.io.netty.util.internal.ThreadExecutorMap$2.run(ThreadExecutorMap.java:74)
        at org.apache.ratis.thirdparty.io.netty.util.concurrent.FastThreadLocalRunnable.run(FastThreadLocalRunnable.java:30)
        at java.lang.Thread.run(Thread.java:750)
"Datanode State Machine Task Thread - 1"  prio=5 tid=372 in Object.wait()
java.lang.Thread.State: WAITING (on object monitor)
        at sun.misc.Unsafe.park(Native Method)
        at java.util.concurrent.locks.LockSupport.park(LockSupport.java:175)
        at java.util.concurrent.locks.AbstractQueuedSynchronizer$ConditionObject.await(AbstractQueuedSynchronizer.java:2039)
        at java.util.concurrent.LinkedBlockingQueue.take(LinkedBlockingQueue.java:442)
        at java.util.concurrent.ThreadPoolExecutor.getTask(ThreadPoolExecutor.java:1074)
        at java.util.concurrent.ThreadPoolExecutor.runWorker(ThreadPoolExecutor.java:1134)
        at java.util.concurrent.ThreadPoolExecutor$Worker.run(ThreadPoolExecutor.java:624)
        at java.lang.Thread.run(Thread.java:750)
"IPC Server handler 10 on default port 40853" daemon prio=5 tid=78 timed_waiting
java.lang.Thread.State: TIMED_WAITING
        at sun.misc.Unsafe.park(Native Method)
        at java.util.concurrent.locks.LockSupport.parkNanos(LockSupport.java:215)
        at java.util.concurrent.locks.AbstractQueuedSynchronizer$ConditionObject.awaitNanos(AbstractQueuedSynchronizer.java:2078)
        at java.util.concurrent.LinkedBlockingQueue.poll(LinkedBlockingQueue.java:467)
        at org.apache.hadoop.ipc.CallQueueManager.take(CallQueueManager.java:317)
        at org.apache.hadoop.ipc.Server$Handler.run(Server.java:2942)
"ChunkWriter-3-0" daemon prio=5 tid=389 in Object.wait()
java.lang.Thread.State: WAITING (on object monitor)
        at sun.misc.Unsafe.park(Native Method)
        at java.util.concurrent.locks.LockSupport.park(LockSupport.java:175)
        at java.util.concurrent.locks.AbstractQueuedSynchronizer$ConditionObject.await(AbstractQueuedSynchronizer.java:2039)
        at java.util.concurrent.LinkedBlockingDeque.takeFirst(LinkedBlockingDeque.java:492)
        at java.util.concurrent.LinkedBlockingDeque.take(LinkedBlockingDeque.java:680)
        at java.util.concurrent.ThreadPoolExecutor.getTask(ThreadPoolExecutor.java:1074)
        at java.util.concurrent.ThreadPoolExecutor.runWorker(ThreadPoolExecutor.java:1134)
        at java.util.concurrent.ThreadPoolExecutor$Worker.run(ThreadPoolExecutor.java:624)
        at java.lang.Thread.run(Thread.java:750)
"Datanode ReportManager Thread - 4" daemon prio=5 tid=331 in Object.wait()
java.lang.Thread.State: WAITING (on object monitor)
        at sun.misc.Unsafe.park(Native Method)
        at java.util.concurrent.locks.LockSupport.park(LockSupport.java:175)
        at java.util.concurrent.locks.AbstractQueuedSynchronizer$ConditionObject.await(AbstractQueuedSynchronizer.java:2039)
        at java.util.concurrent.ScheduledThreadPoolExecutor$DelayedWorkQueue.take(ScheduledThreadPoolExecutor.java:1088)
        at java.util.concurrent.ScheduledThreadPoolExecutor$DelayedWorkQueue.take(ScheduledThreadPoolExecutor.java:809)
        at java.util.concurrent.ThreadPoolExecutor.getTask(ThreadPoolExecutor.java:1074)
        at java.util.concurrent.ThreadPoolExecutor.runWorker(ThreadPoolExecutor.java:1134)
        at java.util.concurrent.ThreadPoolExecutor$Worker.run(ThreadPoolExecutor.java:624)
        at java.lang.Thread.run(Thread.java:750)
"IPC Client (1612762434) connection to 0.0.0.0/0.0.0.0:45735 from runner" daemon prio=5 tid=337 timed_waiting
java.lang.Thread.State: TIMED_WAITING
        at java.lang.Object.wait(Native Method)
        at org.apache.hadoop.ipc.Client$Connection.waitForWork(Client.java:1086)
        at org.apache.hadoop.ipc.Client$Connection.run(Client.java:1133)
"IPC Server handler 13 on default port 40853" daemon prio=5 tid=81 timed_waiting
java.lang.Thread.State: TIMED_WAITING
        at sun.misc.Unsafe.park(Native Method)
        at java.util.concurrent.locks.LockSupport.parkNanos(LockSupport.java:215)
        at java.util.concurrent.locks.AbstractQueuedSynchronizer$ConditionObject.awaitNanos(AbstractQueuedSynchronizer.java:2078)
        at java.util.concurrent.LinkedBlockingQueue.poll(LinkedBlockingQueue.java:467)
        at org.apache.hadoop.ipc.CallQueueManager.take(CallQueueManager.java:317)
        at org.apache.hadoop.ipc.Server$Handler.run(Server.java:2942)
"OM StateMachine ApplyTransaction Thread - 0" daemon prio=5 tid=643 in Object.wait()
java.lang.Thread.State: WAITING (on object monitor)
        at sun.misc.Unsafe.park(Native Method)
        at java.util.concurrent.locks.LockSupport.park(LockSupport.java:175)
        at java.util.concurrent.locks.AbstractQueuedSynchronizer$ConditionObject.await(AbstractQueuedSynchronizer.java:2039)
        at java.util.concurrent.LinkedBlockingQueue.take(LinkedBlockingQueue.java:442)
        at java.util.concurrent.ThreadPoolExecutor.getTask(ThreadPoolExecutor.java:1074)
        at java.util.concurrent.ThreadPoolExecutor.runWorker(ThreadPoolExecutor.java:1134)
        at java.util.concurrent.ThreadPoolExecutor$Worker.run(ThreadPoolExecutor.java:624)
        at java.lang.Thread.run(Thread.java:750)
"IPC Server Responder" daemon prio=5 tid=27 runnable
java.lang.Thread.State: RUNNABLE
        at sun.nio.ch.EPollArrayWrapper.epollWait(Native Method)
        at sun.nio.ch.EPollArrayWrapper.poll(EPollArrayWrapper.java:269)
        at sun.nio.ch.EPollSelectorImpl.doSelect(EPollSelectorImpl.java:93)
        at sun.nio.ch.SelectorImpl.lockAndDoSelect(SelectorImpl.java:86)
        at sun.nio.ch.SelectorImpl.select(SelectorImpl.java:97)
        at org.apache.hadoop.ipc.Server$Responder.doRunLoop(Server.java:1532)
        at org.apache.hadoop.ipc.Server$Responder.run(Server.java:1515)
"IPC Server Responder" daemon prio=5 tid=134 runnable
java.lang.Thread.State: RUNNABLE
        at sun.nio.ch.EPollArrayWrapper.epollWait(Native Method)
        at sun.nio.ch.EPollArrayWrapper.poll(EPollArrayWrapper.java:269)
        at sun.nio.ch.EPollSelectorImpl.doSelect(EPollSelectorImpl.java:93)
        at sun.nio.ch.SelectorImpl.lockAndDoSelect(SelectorImpl.java:86)
        at sun.nio.ch.SelectorImpl.select(SelectorImpl.java:97)
        at org.apache.hadoop.ipc.Server$Responder.doRunLoop(Server.java:1532)
        at org.apache.hadoop.ipc.Server$Responder.run(Server.java:1515)
"pool-118-thread-1"  prio=5 tid=435 in Object.wait()
java.lang.Thread.State: WAITING (on object monitor)
        at sun.misc.Unsafe.park(Native Method)
        at java.util.concurrent.locks.LockSupport.park(LockSupport.java:175)
        at java.util.concurrent.locks.AbstractQueuedSynchronizer$ConditionObject.await(AbstractQueuedSynchronizer.java:2039)
        at java.util.concurrent.LinkedBlockingQueue.take(LinkedBlockingQueue.java:442)
        at java.util.concurrent.ThreadPoolExecutor.getTask(ThreadPoolExecutor.java:1074)
        at java.util.concurrent.ThreadPoolExecutor.runWorker(ThreadPoolExecutor.java:1134)
        at java.util.concurrent.ThreadPoolExecutor$Worker.run(ThreadPoolExecutor.java:624)
        at java.lang.Thread.run(Thread.java:750)
"IPC Server listener on 0" daemon prio=5 tid=32 runnable
java.lang.Thread.State: RUNNABLE
        at sun.nio.ch.EPollArrayWrapper.epollWait(Native Method)
        at sun.nio.ch.EPollArrayWrapper.poll(EPollArrayWrapper.java:269)
        at sun.nio.ch.EPollSelectorImpl.doSelect(EPollSelectorImpl.java:93)
        at sun.nio.ch.SelectorImpl.lockAndDoSelect(SelectorImpl.java:86)
        at sun.nio.ch.SelectorImpl.select(SelectorImpl.java:97)
        at sun.nio.ch.SelectorImpl.select(SelectorImpl.java:101)
        at org.apache.hadoop.ipc.Server$Listener.run(Server.java:1358)
"Under Replicated Processor" daemon prio=5 tid=20 timed_waiting
java.lang.Thread.State: TIMED_WAITING
        at java.lang.Object.wait(Native Method)
        at org.apache.hadoop.hdds.scm.container.replication.UnderReplicatedProcessor.run(UnderReplicatedProcessor.java:148)
        at java.lang.Thread.run(Thread.java:750)
"IPC Server handler 4 on default port 40853" daemon prio=5 tid=72 timed_waiting
java.lang.Thread.State: TIMED_WAITING
        at sun.misc.Unsafe.park(Native Method)
        at java.util.concurrent.locks.LockSupport.parkNanos(LockSupport.java:215)
        at java.util.concurrent.locks.AbstractQueuedSynchronizer$ConditionObject.awaitNanos(AbstractQueuedSynchronizer.java:2078)
        at java.util.concurrent.LinkedBlockingQueue.poll(LinkedBlockingQueue.java:467)
        at org.apache.hadoop.ipc.CallQueueManager.take(CallQueueManager.java:317)
        at org.apache.hadoop.ipc.Server$Handler.run(Server.java:2942)
"ReplicationMonitor" daemon prio=5 tid=19 timed_waiting
java.lang.Thread.State: TIMED_WAITING
        at java.lang.Object.wait(Native Method)
        at org.apache.hadoop.hdds.scm.container.replication.ReplicationManager.run(ReplicationManager.java:576)
        at org.apache.hadoop.hdds.scm.container.replication.ReplicationManager$$Lambda$403/1358787485.run(Unknown Source)
        at java.lang.Thread.run(Thread.java:750)
"35d6043c-a711-468a-a34c-4c4022ea36e3@group-EE387B4BAA71->901bb4f9-d448-4097-b3df-3dc09329cc1b-GrpcLogAppender-LogAppenderDaemon" daemon prio=5 tid=597 timed_waiting
java.lang.Thread.State: TIMED_WAITING
        at sun.misc.Unsafe.park(Native Method)
        at java.util.concurrent.locks.LockSupport.parkNanos(LockSupport.java:215)
        at java.util.concurrent.CompletableFuture$Signaller.block(CompletableFuture.java:1709)
        at java.util.concurrent.ForkJoinPool.managedBlock(ForkJoinPool.java:3323)
        at java.util.concurrent.CompletableFuture.timedGet(CompletableFuture.java:1788)
        at java.util.concurrent.CompletableFuture.get(CompletableFuture.java:1928)
        at org.apache.ratis.util.AwaitForSignal.await(AwaitForSignal.java:56)
        at org.apache.ratis.grpc.server.GrpcLogAppender.mayWait(GrpcLogAppender.java:198)
        at org.apache.ratis.grpc.server.GrpcLogAppender.run(GrpcLogAppender.java:148)
        at org.apache.ratis.server.leader.LogAppenderDaemon.run(LogAppenderDaemon.java:78)
        at org.apache.ratis.server.leader.LogAppenderDaemon$$Lambda$1064/756315265.run(Unknown Source)
        at java.lang.Thread.run(Thread.java:750)
"Datanode ReportManager Thread - 2" daemon prio=5 tid=277 timed_waiting
java.lang.Thread.State: TIMED_WAITING
        at sun.misc.Unsafe.park(Native Method)
        at java.util.concurrent.locks.LockSupport.parkNanos(LockSupport.java:215)
        at java.util.concurrent.locks.AbstractQueuedSynchronizer$ConditionObject.awaitNanos(AbstractQueuedSynchronizer.java:2078)
        at java.util.concurrent.ScheduledThreadPoolExecutor$DelayedWorkQueue.take(ScheduledThreadPoolExecutor.java:1093)
        at java.util.concurrent.ScheduledThreadPoolExecutor$DelayedWorkQueue.take(ScheduledThreadPoolExecutor.java:809)
        at java.util.concurrent.ThreadPoolExecutor.getTask(ThreadPoolExecutor.java:1074)
        at java.util.concurrent.ThreadPoolExecutor.runWorker(ThreadPoolExecutor.java:1134)
        at java.util.concurrent.ThreadPoolExecutor$Worker.run(ThreadPoolExecutor.java:624)
        at java.lang.Thread.run(Thread.java:750)
"qtp1974786850-116" daemon prio=5 tid=116 timed_waiting
java.lang.Thread.State: TIMED_WAITING
        at sun.misc.Unsafe.park(Native Method)
        at java.util.concurrent.locks.LockSupport.parkNanos(LockSupport.java:215)
        at java.util.concurrent.locks.AbstractQueuedSynchronizer$ConditionObject.awaitNanos(AbstractQueuedSynchronizer.java:2078)
        at org.eclipse.jetty.util.BlockingArrayQueue.poll(BlockingArrayQueue.java:382)
        at org.eclipse.jetty.util.thread.QueuedThreadPool$Runner.idleJobPoll(QueuedThreadPool.java:974)
        at org.eclipse.jetty.util.thread.QueuedThreadPool$Runner.run(QueuedThreadPool.java:1018)
        at java.lang.Thread.run(Thread.java:750)
"qtp869388783-148" daemon prio=5 tid=148 timed_waiting
java.lang.Thread.State: TIMED_WAITING
        at sun.misc.Unsafe.park(Native Method)
        at java.util.concurrent.locks.LockSupport.parkNanos(LockSupport.java:215)
        at java.util.concurrent.locks.AbstractQueuedSynchronizer$ConditionObject.awaitNanos(AbstractQueuedSynchronizer.java:2078)
        at org.eclipse.jetty.util.BlockingArrayQueue.poll(BlockingArrayQueue.java:382)
        at org.eclipse.jetty.util.thread.QueuedThreadPool$Runner.idleJobPoll(QueuedThreadPool.java:974)
        at org.eclipse.jetty.util.thread.QueuedThreadPool$Runner.run(QueuedThreadPool.java:1018)
        at java.lang.Thread.run(Thread.java:750)
"IPC Server handler 1 on default port 32813" daemon prio=5 tid=156 timed_waiting
java.lang.Thread.State: TIMED_WAITING
        at sun.misc.Unsafe.park(Native Method)
        at java.util.concurrent.locks.LockSupport.parkNanos(LockSupport.java:215)
        at java.util.concurrent.locks.AbstractQueuedSynchronizer$ConditionObject.awaitNanos(AbstractQueuedSynchronizer.java:2078)
        at java.util.concurrent.LinkedBlockingQueue.poll(LinkedBlockingQueue.java:467)
        at org.apache.hadoop.ipc.CallQueueManager.take(CallQueueManager.java:317)
        at org.apache.hadoop.ipc.Server$Handler.run(Server.java:2942)
"IPC Server handler 13 on default port 45735" daemon prio=5 tid=101 timed_waiting
java.lang.Thread.State: TIMED_WAITING
        at sun.misc.Unsafe.park(Native Method)
        at java.util.concurrent.locks.LockSupport.parkNanos(LockSupport.java:215)
        at java.util.concurrent.locks.AbstractQueuedSynchronizer$ConditionObject.awaitNanos(AbstractQueuedSynchronizer.java:2078)
        at java.util.concurrent.LinkedBlockingQueue.poll(LinkedBlockingQueue.java:467)
        at org.apache.hadoop.ipc.CallQueueManager.take(CallQueueManager.java:317)
        at org.apache.hadoop.ipc.Server$Handler.run(Server.java:2942)
"EventQueue-NodeReportForNodeReportHandler" daemon prio=5 tid=655 in Object.wait()
java.lang.Thread.State: WAITING (on object monitor)
        at sun.misc.Unsafe.park(Native Method)
        at java.util.concurrent.locks.LockSupport.park(LockSupport.java:175)
        at java.util.concurrent.locks.AbstractQueuedSynchronizer$ConditionObject.await(AbstractQueuedSynchronizer.java:2039)
        at java.util.concurrent.LinkedBlockingQueue.take(LinkedBlockingQueue.java:442)
        at java.util.concurrent.ThreadPoolExecutor.getTask(ThreadPoolExecutor.java:1074)
        at java.util.concurrent.ThreadPoolExecutor.runWorker(ThreadPoolExecutor.java:1134)
        at java.util.concurrent.ThreadPoolExecutor$Worker.run(ThreadPoolExecutor.java:624)
        at java.lang.Thread.run(Thread.java:750)
"qtp1116071598-324" daemon prio=5 tid=324 timed_waiting
java.lang.Thread.State: TIMED_WAITING
        at sun.misc.Unsafe.park(Native Method)
        at java.util.concurrent.locks.LockSupport.parkNanos(LockSupport.java:215)
        at java.util.concurrent.locks.AbstractQueuedSynchronizer$ConditionObject.awaitNanos(AbstractQueuedSynchronizer.java:2078)
        at org.eclipse.jetty.util.BlockingArrayQueue.poll(BlockingArrayQueue.java:382)
        at org.eclipse.jetty.util.thread.QueuedThreadPool$Runner.idleJobPoll(QueuedThreadPool.java:974)
        at org.eclipse.jetty.util.thread.QueuedThreadPool$Runner.run(QueuedThreadPool.java:1018)
        at java.lang.Thread.run(Thread.java:750)
"901bb4f9-d448-4097-b3df-3dc09329cc1b-server-thread3" daemon prio=5 tid=604 timed_waiting
java.lang.Thread.State: TIMED_WAITING
        at sun.misc.Unsafe.park(Native Method)
        at java.util.concurrent.locks.LockSupport.parkNanos(LockSupport.java:215)
        at java.util.concurrent.SynchronousQueue$TransferStack.awaitFulfill(SynchronousQueue.java:460)
        at java.util.concurrent.SynchronousQueue$TransferStack.transfer(SynchronousQueue.java:362)
        at java.util.concurrent.SynchronousQueue.poll(SynchronousQueue.java:941)
        at java.util.concurrent.ThreadPoolExecutor.getTask(ThreadPoolExecutor.java:1073)
        at java.util.concurrent.ThreadPoolExecutor.runWorker(ThreadPoolExecutor.java:1134)
        at java.util.concurrent.ThreadPoolExecutor$Worker.run(ThreadPoolExecutor.java:624)
        at java.lang.Thread.run(Thread.java:750)
"org.apache.hadoop.ozone.container.common.statemachine.commandhandler.DeleteBlocksCommandHandler$DeleteCmdWorker@2d5edbad" daemon prio=5 tid=209 timed_waiting
java.lang.Thread.State: TIMED_WAITING
        at java.lang.Thread.sleep(Native Method)
        at org.apache.hadoop.ozone.container.common.statemachine.commandhandler.DeleteBlocksCommandHandler$DeleteCmdWorker.run(DeleteBlocksCommandHandler.java:183)
        at java.lang.Thread.run(Thread.java:750)
"qtp1116071598-320" daemon prio=5 tid=320 timed_waiting
java.lang.Thread.State: TIMED_WAITING
        at sun.misc.Unsafe.park(Native Method)
        at java.util.concurrent.locks.LockSupport.parkNanos(LockSupport.java:215)
        at java.util.concurrent.locks.AbstractQueuedSynchronizer$ConditionObject.awaitNanos(AbstractQueuedSynchronizer.java:2078)
        at org.eclipse.jetty.util.BlockingArrayQueue.poll(BlockingArrayQueue.java:382)
        at org.eclipse.jetty.util.thread.QueuedThreadPool$Runner.idleJobPoll(QueuedThreadPool.java:974)
        at org.eclipse.jetty.util.thread.QueuedThreadPool$Runner.run(QueuedThreadPool.java:1018)
        at java.lang.Thread.run(Thread.java:750)
"EndpointStateMachine task thread for /0.0.0.0:45735 - 0 "  prio=5 tid=397 in Object.wait()
java.lang.Thread.State: WAITING (on object monitor)
        at sun.misc.Unsafe.park(Native Method)
        at java.util.concurrent.locks.LockSupport.park(LockSupport.java:175)
        at java.util.concurrent.locks.AbstractQueuedSynchronizer$ConditionObject.await(AbstractQueuedSynchronizer.java:2039)
        at java.util.concurrent.LinkedBlockingQueue.take(LinkedBlockingQueue.java:442)
        at java.util.concurrent.ThreadPoolExecutor.getTask(ThreadPoolExecutor.java:1074)
        at java.util.concurrent.ThreadPoolExecutor.runWorker(ThreadPoolExecutor.java:1134)
        at java.util.concurrent.ThreadPoolExecutor$Worker.run(ThreadPoolExecutor.java:624)
        at java.lang.Thread.run(Thread.java:750)
"org.apache.hadoop.util.JvmPauseMonitor$Monitor@3ecbfcfb" daemon prio=5 tid=175 timed_waiting
java.lang.Thread.State: TIMED_WAITING
        at java.lang.Thread.sleep(Native Method)
        at org.apache.hadoop.util.JvmPauseMonitor$Monitor.run(JvmPauseMonitor.java:192)
        at java.lang.Thread.run(Thread.java:750)
"BlockDeletingService#1" daemon prio=5 tid=359 timed_waiting
java.lang.Thread.State: TIMED_WAITING
        at sun.misc.Unsafe.park(Native Method)
        at java.util.concurrent.locks.LockSupport.parkNanos(LockSupport.java:215)
        at java.util.concurrent.locks.AbstractQueuedSynchronizer$ConditionObject.awaitNanos(AbstractQueuedSynchronizer.java:2078)
        at java.util.concurrent.ScheduledThreadPoolExecutor$DelayedWorkQueue.take(ScheduledThreadPoolExecutor.java:1093)
        at java.util.concurrent.ScheduledThreadPoolExecutor$DelayedWorkQueue.take(ScheduledThreadPoolExecutor.java:809)
        at java.util.concurrent.ThreadPoolExecutor.getTask(ThreadPoolExecutor.java:1074)
        at java.util.concurrent.ThreadPoolExecutor.runWorker(ThreadPoolExecutor.java:1134)
        at java.util.concurrent.ThreadPoolExecutor$Worker.run(ThreadPoolExecutor.java:624)
        at java.lang.Thread.run(Thread.java:750)
"OpenKeyCleanupService#0" daemon prio=5 tid=144 timed_waiting
java.lang.Thread.State: TIMED_WAITING
        at sun.misc.Unsafe.park(Native Method)
        at java.util.concurrent.locks.LockSupport.parkNanos(LockSupport.java:215)
        at java.util.concurrent.locks.AbstractQueuedSynchronizer$ConditionObject.awaitNanos(AbstractQueuedSynchronizer.java:2078)
        at java.util.concurrent.ScheduledThreadPoolExecutor$DelayedWorkQueue.take(ScheduledThreadPoolExecutor.java:1093)
        at java.util.concurrent.ScheduledThreadPoolExecutor$DelayedWorkQueue.take(ScheduledThreadPoolExecutor.java:809)
        at java.util.concurrent.ThreadPoolExecutor.getTask(ThreadPoolExecutor.java:1074)
        at java.util.concurrent.ThreadPoolExecutor.runWorker(ThreadPoolExecutor.java:1134)
        at java.util.concurrent.ThreadPoolExecutor$Worker.run(ThreadPoolExecutor.java:624)
        at java.lang.Thread.run(Thread.java:750)
"Periodic HDDS volume checker" daemon prio=5 tid=204 timed_waiting
java.lang.Thread.State: TIMED_WAITING
        at sun.misc.Unsafe.park(Native Method)
        at java.util.concurrent.locks.LockSupport.parkNanos(LockSupport.java:215)
        at java.util.concurrent.locks.AbstractQueuedSynchronizer$ConditionObject.awaitNanos(AbstractQueuedSynchronizer.java:2078)
        at java.util.concurrent.ScheduledThreadPoolExecutor$DelayedWorkQueue.take(ScheduledThreadPoolExecutor.java:1093)
        at java.util.concurrent.ScheduledThreadPoolExecutor$DelayedWorkQueue.take(ScheduledThreadPoolExecutor.java:809)
        at java.util.concurrent.ThreadPoolExecutor.getTask(ThreadPoolExecutor.java:1074)
        at java.util.concurrent.ThreadPoolExecutor.runWorker(ThreadPoolExecutor.java:1134)
        at java.util.concurrent.ThreadPoolExecutor$Worker.run(ThreadPoolExecutor.java:624)
        at java.lang.Thread.run(Thread.java:750)
"Finalizer" daemon prio=8 tid=3 in Object.wait()
java.lang.Thread.State: WAITING (on object monitor)
        at java.lang.Object.wait(Native Method)
        at java.lang.ref.ReferenceQueue.remove(ReferenceQueue.java:144)
        at java.lang.ref.ReferenceQueue.remove(ReferenceQueue.java:165)
        at java.lang.ref.Finalizer$FinalizerThread.run(Finalizer.java:216)
"IPC Server handler 8 on default port 32813" daemon prio=5 tid=163 timed_waiting
java.lang.Thread.State: TIMED_WAITING
        at sun.misc.Unsafe.park(Native Method)
        at java.util.concurrent.locks.LockSupport.parkNanos(LockSupport.java:215)
        at java.util.concurrent.locks.AbstractQueuedSynchronizer$ConditionObject.awaitNanos(AbstractQueuedSynchronizer.java:2078)
        at java.util.concurrent.LinkedBlockingQueue.poll(LinkedBlockingQueue.java:467)
        at org.apache.hadoop.ipc.CallQueueManager.take(CallQueueManager.java:317)
        at org.apache.hadoop.ipc.Server$Handler.run(Server.java:2942)
"JvmPauseMonitor5" daemon prio=5 tid=390 timed_waiting
java.lang.Thread.State: TIMED_WAITING
        at java.lang.Thread.sleep(Native Method)
        at java.lang.Thread.sleep(Thread.java:342)
        at java.util.concurrent.TimeUnit.sleep(TimeUnit.java:386)
        at org.apache.ratis.util.TimeDuration.sleep(TimeDuration.java:325)
        at org.apache.ratis.util.TimeDuration.sleep(TimeDuration.java:310)
        at org.apache.ratis.util.JvmPauseMonitor.detectPause(JvmPauseMonitor.java:119)
        at org.apache.ratis.util.JvmPauseMonitor.run(JvmPauseMonitor.java:108)
        at org.apache.ratis.util.JvmPauseMonitor$$Lambda$730/1689291213.run(Unknown Source)
        at java.lang.Thread.run(Thread.java:750)
"grpc-default-executor-2" daemon prio=5 tid=521 timed_waiting
java.lang.Thread.State: TIMED_WAITING
        at sun.misc.Unsafe.park(Native Method)
        at java.util.concurrent.locks.LockSupport.parkNanos(LockSupport.java:215)
        at java.util.concurrent.SynchronousQueue$TransferStack.awaitFulfill(SynchronousQueue.java:460)
        at java.util.concurrent.SynchronousQueue$TransferStack.transfer(SynchronousQueue.java:362)
        at java.util.concurrent.SynchronousQueue.poll(SynchronousQueue.java:941)
        at java.util.concurrent.ThreadPoolExecutor.getTask(ThreadPoolExecutor.java:1073)
        at java.util.concurrent.ThreadPoolExecutor.runWorker(ThreadPoolExecutor.java:1134)
        at java.util.concurrent.ThreadPoolExecutor$Worker.run(ThreadPoolExecutor.java:624)
        at java.lang.Thread.run(Thread.java:750)
"Datanode State Machine Daemon Thread" daemon prio=5 tid=222 timed_waiting
java.lang.Thread.State: TIMED_WAITING
        at java.lang.Thread.sleep(Native Method)
        at org.apache.hadoop.ozone.container.common.statemachine.DatanodeStateMachine.startStateMachineThread(DatanodeStateMachine.java:321)
        at org.apache.hadoop.ozone.container.common.statemachine.DatanodeStateMachine.lambda$startDaemon$0(DatanodeStateMachine.java:506)
        at org.apache.hadoop.ozone.container.common.statemachine.DatanodeStateMachine$$Lambda$775/1698825479.run(Unknown Source)
        at java.lang.Thread.run(Thread.java:750)
"IPC Server handler 6 on default port 45735" daemon prio=5 tid=94 timed_waiting
java.lang.Thread.State: TIMED_WAITING
        at sun.misc.Unsafe.park(Native Method)
        at java.util.concurrent.locks.LockSupport.parkNanos(LockSupport.java:215)
        at java.util.concurrent.locks.AbstractQueuedSynchronizer$ConditionObject.awaitNanos(AbstractQueuedSynchronizer.java:2078)
        at java.util.concurrent.LinkedBlockingQueue.poll(LinkedBlockingQueue.java:467)
        at org.apache.hadoop.ipc.CallQueueManager.take(CallQueueManager.java:317)
        at org.apache.hadoop.ipc.Server$Handler.run(Server.java:2942)
"Session-HouseKeeper-58ccbb00-1"  prio=5 tid=219 timed_waiting
java.lang.Thread.State: TIMED_WAITING
        at sun.misc.Unsafe.park(Native Method)
        at java.util.concurrent.locks.LockSupport.parkNanos(LockSupport.java:215)
        at java.util.concurrent.locks.AbstractQueuedSynchronizer$ConditionObject.awaitNanos(AbstractQueuedSynchronizer.java:2078)
        at java.util.concurrent.ScheduledThreadPoolExecutor$DelayedWorkQueue.take(ScheduledThreadPoolExecutor.java:1093)
        at java.util.concurrent.ScheduledThreadPoolExecutor$DelayedWorkQueue.take(ScheduledThreadPoolExecutor.java:809)
        at java.util.concurrent.ThreadPoolExecutor.getTask(ThreadPoolExecutor.java:1074)
        at java.util.concurrent.ThreadPoolExecutor.runWorker(ThreadPoolExecutor.java:1134)
        at java.util.concurrent.ThreadPoolExecutor$Worker.run(ThreadPoolExecutor.java:624)
        at java.lang.Thread.run(Thread.java:750)
"grpc-default-executor-1" daemon prio=5 tid=434 timed_waiting
java.lang.Thread.State: TIMED_WAITING
        at sun.misc.Unsafe.park(Native Method)
        at java.util.concurrent.locks.LockSupport.parkNanos(LockSupport.java:215)
        at java.util.concurrent.SynchronousQueue$TransferStack.awaitFulfill(SynchronousQueue.java:460)
        at java.util.concurrent.SynchronousQueue$TransferStack.transfer(SynchronousQueue.java:362)
        at java.util.concurrent.SynchronousQueue.poll(SynchronousQueue.java:941)
        at java.util.concurrent.ThreadPoolExecutor.getTask(ThreadPoolExecutor.java:1073)
        at java.util.concurrent.ThreadPoolExecutor.runWorker(ThreadPoolExecutor.java:1134)
        at java.util.concurrent.ThreadPoolExecutor$Worker.run(ThreadPoolExecutor.java:624)
        at java.lang.Thread.run(Thread.java:750)
"Socket Reader #1 for port 0"  prio=5 tid=29 runnable
java.lang.Thread.State: RUNNABLE
        at sun.nio.ch.EPollArrayWrapper.epollWait(Native Method)
        at sun.nio.ch.EPollArrayWrapper.poll(EPollArrayWrapper.java:269)
        at sun.nio.ch.EPollSelectorImpl.doSelect(EPollSelectorImpl.java:93)
        at sun.nio.ch.SelectorImpl.lockAndDoSelect(SelectorImpl.java:86)
        at sun.nio.ch.SelectorImpl.select(SelectorImpl.java:97)
        at sun.nio.ch.SelectorImpl.select(SelectorImpl.java:101)
        at org.apache.hadoop.ipc.Server$Listener$Reader.doRunLoop(Server.java:1296)
        at org.apache.hadoop.ipc.Server$Listener$Reader.run(Server.java:1275)
"Session-HouseKeeper-5a85526b-1"  prio=5 tid=154 timed_waiting
java.lang.Thread.State: TIMED_WAITING
        at sun.misc.Unsafe.park(Native Method)
        at java.util.concurrent.locks.LockSupport.parkNanos(LockSupport.java:215)
        at java.util.concurrent.locks.AbstractQueuedSynchronizer$ConditionObject.awaitNanos(AbstractQueuedSynchronizer.java:2078)
        at java.util.concurrent.ScheduledThreadPoolExecutor$DelayedWorkQueue.take(ScheduledThreadPoolExecutor.java:1093)
        at java.util.concurrent.ScheduledThreadPoolExecutor$DelayedWorkQueue.take(ScheduledThreadPoolExecutor.java:809)
        at java.util.concurrent.ThreadPoolExecutor.getTask(ThreadPoolExecutor.java:1074)
        at java.util.concurrent.ThreadPoolExecutor.runWorker(ThreadPoolExecutor.java:1134)
        at java.util.concurrent.ThreadPoolExecutor$Worker.run(ThreadPoolExecutor.java:624)
        at java.lang.Thread.run(Thread.java:750)
"StaleRecoveringContainerScrubbingService#2" daemon prio=5 tid=658 in Object.wait()
java.lang.Thread.State: WAITING (on object monitor)
        at sun.misc.Unsafe.park(Native Method)
        at java.util.concurrent.locks.LockSupport.park(LockSupport.java:175)
        at java.util.concurrent.locks.AbstractQueuedSynchronizer$ConditionObject.await(AbstractQueuedSynchronizer.java:2039)
        at java.util.concurrent.ScheduledThreadPoolExecutor$DelayedWorkQueue.take(ScheduledThreadPoolExecutor.java:1088)
        at java.util.concurrent.ScheduledThreadPoolExecutor$DelayedWorkQueue.take(ScheduledThreadPoolExecutor.java:809)
        at java.util.concurrent.ThreadPoolExecutor.getTask(ThreadPoolExecutor.java:1074)
        at java.util.concurrent.ThreadPoolExecutor.runWorker(ThreadPoolExecutor.java:1134)
        at java.util.concurrent.ThreadPoolExecutor$Worker.run(ThreadPoolExecutor.java:624)
        at java.lang.Thread.run(Thread.java:750)
"IPC Server idle connection scanner for port 45735" daemon prio=5 tid=26 timed_waiting
java.lang.Thread.State: TIMED_WAITING
        at java.lang.Object.wait(Native Method)
        at java.util.TimerThread.mainLoop(Timer.java:552)
        at java.util.TimerThread.run(Timer.java:505)
"qtp1890676535-269" daemon prio=5 tid=269 timed_waiting
java.lang.Thread.State: TIMED_WAITING
        at sun.misc.Unsafe.park(Native Method)
        at java.util.concurrent.locks.LockSupport.parkNanos(LockSupport.java:215)
        at java.util.concurrent.locks.AbstractQueuedSynchronizer$ConditionObject.awaitNanos(AbstractQueuedSynchronizer.java:2078)
        at org.eclipse.jetty.util.BlockingArrayQueue.poll(BlockingArrayQueue.java:382)
        at org.eclipse.jetty.util.thread.QueuedThreadPool$Runner.idleJobPoll(QueuedThreadPool.java:974)
        at org.eclipse.jetty.util.thread.QueuedThreadPool$Runner.run(QueuedThreadPool.java:1018)
        at java.lang.Thread.run(Thread.java:750)
"Datanode State Machine Task Thread - 0"  prio=5 tid=230 in Object.wait()
java.lang.Thread.State: WAITING (on object monitor)
        at sun.misc.Unsafe.park(Native Method)
        at java.util.concurrent.locks.LockSupport.park(LockSupport.java:175)
        at java.util.concurrent.locks.AbstractQueuedSynchronizer$ConditionObject.await(AbstractQueuedSynchronizer.java:2039)
        at java.util.concurrent.LinkedBlockingQueue.take(LinkedBlockingQueue.java:442)
        at java.util.concurrent.ThreadPoolExecutor.getTask(ThreadPoolExecutor.java:1074)
        at java.util.concurrent.ThreadPoolExecutor.runWorker(ThreadPoolExecutor.java:1134)
        at java.util.concurrent.ThreadPoolExecutor$Worker.run(ThreadPoolExecutor.java:624)
        at java.lang.Thread.run(Thread.java:750)
"qtp475465260-192" daemon prio=5 tid=192 timed_waiting
java.lang.Thread.State: TIMED_WAITING
        at sun.misc.Unsafe.park(Native Method)
        at java.util.concurrent.locks.LockSupport.parkNanos(LockSupport.java:215)
        at java.util.concurrent.locks.AbstractQueuedSynchronizer$ConditionObject.awaitNanos(AbstractQueuedSynchronizer.java:2078)
        at org.eclipse.jetty.util.BlockingArrayQueue.poll(BlockingArrayQueue.java:382)
        at org.eclipse.jetty.util.thread.QueuedThreadPool$Runner.idleJobPoll(QueuedThreadPool.java:974)
        at org.eclipse.jetty.util.thread.QueuedThreadPool$Runner.run(QueuedThreadPool.java:1018)
        at java.lang.Thread.run(Thread.java:750)
"grpc-default-worker-ELG-3-2" daemon prio=5 tid=426 runnable
java.lang.Thread.State: RUNNABLE
        at org.apache.ratis.thirdparty.io.netty.channel.epoll.Native.epollWait0(Native Method)
        at org.apache.ratis.thirdparty.io.netty.channel.epoll.Native.epollWait(Native.java:182)
        at org.apache.ratis.thirdparty.io.netty.channel.epoll.EpollEventLoop.epollWait(EpollEventLoop.java:290)
        at org.apache.ratis.thirdparty.io.netty.channel.epoll.EpollEventLoop.run(EpollEventLoop.java:354)
        at org.apache.ratis.thirdparty.io.netty.util.concurrent.SingleThreadEventExecutor$4.run(SingleThreadEventExecutor.java:995)
        at org.apache.ratis.thirdparty.io.netty.util.internal.ThreadExecutorMap$2.run(ThreadExecutorMap.java:74)
        at org.apache.ratis.thirdparty.io.netty.util.concurrent.FastThreadLocalRunnable.run(FastThreadLocalRunnable.java:30)
        at java.lang.Thread.run(Thread.java:750)
"BlockDeletingService#0" daemon prio=5 tid=380 in Object.wait()
java.lang.Thread.State: WAITING (on object monitor)
        at sun.misc.Unsafe.park(Native Method)
        at java.util.concurrent.locks.LockSupport.park(LockSupport.java:175)
        at java.util.concurrent.locks.AbstractQueuedSynchronizer$ConditionObject.await(AbstractQueuedSynchronizer.java:2039)
        at java.util.concurrent.ScheduledThreadPoolExecutor$DelayedWorkQueue.take(ScheduledThreadPoolExecutor.java:1088)
        at java.util.concurrent.ScheduledThreadPoolExecutor$DelayedWorkQueue.take(ScheduledThreadPoolExecutor.java:809)
        at java.util.concurrent.ThreadPoolExecutor.getTask(ThreadPoolExecutor.java:1074)
        at java.util.concurrent.ThreadPoolExecutor.runWorker(ThreadPoolExecutor.java:1134)
        at java.util.concurrent.ThreadPoolExecutor$Worker.run(ThreadPoolExecutor.java:624)
        at java.lang.Thread.run(Thread.java:750)
"RatisPipelineUtilsThread - 0"  prio=5 tid=16 timed_waiting
java.lang.Thread.State: TIMED_WAITING
        at java.lang.Object.wait(Native Method)
        at org.apache.hadoop.hdds.scm.pipeline.BackgroundPipelineCreator.run(BackgroundPipelineCreator.java:176)
        at org.apache.hadoop.hdds.scm.pipeline.BackgroundPipelineCreator$$Lambda$393/1238292935.run(Unknown Source)
        at java.lang.Thread.run(Thread.java:750)
"EventQueue-PipelineReportForPipelineReportHandler" daemon prio=5 tid=403 in Object.wait()
java.lang.Thread.State: WAITING (on object monitor)
        at sun.misc.Unsafe.park(Native Method)
        at java.util.concurrent.locks.LockSupport.park(LockSupport.java:175)
        at java.util.concurrent.locks.AbstractQueuedSynchronizer$ConditionObject.await(AbstractQueuedSynchronizer.java:2039)
        at java.util.concurrent.LinkedBlockingQueue.take(LinkedBlockingQueue.java:442)
        at java.util.concurrent.ThreadPoolExecutor.getTask(ThreadPoolExecutor.java:1074)
        at java.util.concurrent.ThreadPoolExecutor.runWorker(ThreadPoolExecutor.java:1134)
        at java.util.concurrent.ThreadPoolExecutor$Worker.run(ThreadPoolExecutor.java:624)
        at java.lang.Thread.run(Thread.java:750)
"IPC Server handler 5 on default port 32813" daemon prio=5 tid=160 timed_waiting
java.lang.Thread.State: TIMED_WAITING
        at sun.misc.Unsafe.park(Native Method)
        at java.util.concurrent.locks.LockSupport.parkNanos(LockSupport.java:215)
        at java.util.concurrent.locks.AbstractQueuedSynchronizer$ConditionObject.awaitNanos(AbstractQueuedSynchronizer.java:2078)
        at java.util.concurrent.LinkedBlockingQueue.poll(LinkedBlockingQueue.java:467)
        at org.apache.hadoop.ipc.CallQueueManager.take(CallQueueManager.java:317)
        at org.apache.hadoop.ipc.Server$Handler.run(Server.java:2942)
"Signal Dispatcher" daemon prio=9 tid=4 runnable
java.lang.Thread.State: RUNNABLE
"JvmPauseMonitor6" daemon prio=5 tid=408 timed_waiting
java.lang.Thread.State: TIMED_WAITING
        at java.lang.Thread.sleep(Native Method)
        at java.lang.Thread.sleep(Thread.java:342)
        at java.util.concurrent.TimeUnit.sleep(TimeUnit.java:386)
        at org.apache.ratis.util.TimeDuration.sleep(TimeDuration.java:325)
        at org.apache.ratis.util.TimeDuration.sleep(TimeDuration.java:310)
        at org.apache.ratis.util.JvmPauseMonitor.detectPause(JvmPauseMonitor.java:119)
        at org.apache.ratis.util.JvmPauseMonitor.run(JvmPauseMonitor.java:108)
        at org.apache.ratis.util.JvmPauseMonitor$$Lambda$730/1689291213.run(Unknown Source)
        at java.lang.Thread.run(Thread.java:750)
"ChunkWriter-2-0" daemon prio=5 tid=352 in Object.wait()
java.lang.Thread.State: WAITING (on object monitor)
        at sun.misc.Unsafe.park(Native Method)
        at java.util.concurrent.locks.LockSupport.park(LockSupport.java:175)
        at java.util.concurrent.locks.AbstractQueuedSynchronizer$ConditionObject.await(AbstractQueuedSynchronizer.java:2039)
        at java.util.concurrent.LinkedBlockingDeque.takeFirst(LinkedBlockingDeque.java:492)
        at java.util.concurrent.LinkedBlockingDeque.take(LinkedBlockingDeque.java:680)
        at java.util.concurrent.ThreadPoolExecutor.getTask(ThreadPoolExecutor.java:1074)
        at java.util.concurrent.ThreadPoolExecutor.runWorker(ThreadPoolExecutor.java:1134)
        at java.util.concurrent.ThreadPoolExecutor$Worker.run(ThreadPoolExecutor.java:624)
        at java.lang.Thread.run(Thread.java:750)
"ChunkWriter-3-0" daemon prio=5 tid=353 in Object.wait()
java.lang.Thread.State: WAITING (on object monitor)
        at sun.misc.Unsafe.park(Native Method)
        at java.util.concurrent.locks.LockSupport.park(LockSupport.java:175)
        at java.util.concurrent.locks.AbstractQueuedSynchronizer$ConditionObject.await(AbstractQueuedSynchronizer.java:2039)
        at java.util.concurrent.LinkedBlockingDeque.takeFirst(LinkedBlockingDeque.java:492)
        at java.util.concurrent.LinkedBlockingDeque.take(LinkedBlockingDeque.java:680)
        at java.util.concurrent.ThreadPoolExecutor.getTask(ThreadPoolExecutor.java:1074)
        at java.util.concurrent.ThreadPoolExecutor.runWorker(ThreadPoolExecutor.java:1134)
        at java.util.concurrent.ThreadPoolExecutor$Worker.run(ThreadPoolExecutor.java:624)
        at java.lang.Thread.run(Thread.java:750)
"Datanode State Machine Task Thread - 1"  prio=5 tid=348 in Object.wait()
java.lang.Thread.State: WAITING (on object monitor)
        at sun.misc.Unsafe.park(Native Method)
        at java.util.concurrent.locks.LockSupport.park(LockSupport.java:175)
        at java.util.concurrent.locks.AbstractQueuedSynchronizer$ConditionObject.await(AbstractQueuedSynchronizer.java:2039)
        at java.util.concurrent.LinkedBlockingQueue.take(LinkedBlockingQueue.java:442)
        at java.util.concurrent.ThreadPoolExecutor.getTask(ThreadPoolExecutor.java:1074)
        at java.util.concurrent.ThreadPoolExecutor.runWorker(ThreadPoolExecutor.java:1134)
        at java.util.concurrent.ThreadPoolExecutor$Worker.run(ThreadPoolExecutor.java:624)
        at java.lang.Thread.run(Thread.java:750)
"qtp1116071598-321" daemon prio=5 tid=321 timed_waiting
java.lang.Thread.State: TIMED_WAITING
        at sun.misc.Unsafe.park(Native Method)
        at java.util.concurrent.locks.LockSupport.parkNanos(LockSupport.java:215)
        at java.util.concurrent.locks.AbstractQueuedSynchronizer$ConditionObject.awaitNanos(AbstractQueuedSynchronizer.java:2078)
        at org.eclipse.jetty.util.BlockingArrayQueue.poll(BlockingArrayQueue.java:382)
        at org.eclipse.jetty.util.thread.QueuedThreadPool$Runner.idleJobPoll(QueuedThreadPool.java:974)
        at org.eclipse.jetty.util.thread.QueuedThreadPool$Runner.run(QueuedThreadPool.java:1018)
        at java.lang.Thread.run(Thread.java:750)
"timer4" daemon prio=5 tid=544 timed_waiting
java.lang.Thread.State: TIMED_WAITING
        at java.lang.Object.wait(Native Method)
        at java.util.TimerThread.mainLoop(Timer.java:552)
        at java.util.TimerThread.run(Timer.java:505)
"901bb4f9-d448-4097-b3df-3dc09329cc1b@group-EE387B4BAA71-StateMachineUpdater" daemon prio=5 tid=452 timed_waiting
java.lang.Thread.State: TIMED_WAITING
        at sun.misc.Unsafe.park(Native Method)
        at java.util.concurrent.locks.LockSupport.parkNanos(LockSupport.java:215)
        at java.util.concurrent.CompletableFuture$Signaller.block(CompletableFuture.java:1709)
        at java.util.concurrent.ForkJoinPool.managedBlock(ForkJoinPool.java:3323)
        at java.util.concurrent.CompletableFuture.timedGet(CompletableFuture.java:1788)
        at java.util.concurrent.CompletableFuture.get(CompletableFuture.java:1928)
        at org.apache.ratis.util.AwaitForSignal.await(AwaitForSignal.java:56)
        at org.apache.ratis.server.impl.StateMachineUpdater.waitForCommit(StateMachineUpdater.java:207)
        at org.apache.ratis.server.impl.StateMachineUpdater.run(StateMachineUpdater.java:176)
        at java.lang.Thread.run(Thread.java:750)
"EventQueue-NodeRegistrationContainerReportForDataNodeSafeModeRule" daemon prio=5 tid=399 in Object.wait()
java.lang.Thread.State: WAITING (on object monitor)
        at sun.misc.Unsafe.park(Native Method)
        at java.util.concurrent.locks.LockSupport.park(LockSupport.java:175)
        at java.util.concurrent.locks.AbstractQueuedSynchronizer$ConditionObject.await(AbstractQueuedSynchronizer.java:2039)
        at java.util.concurrent.LinkedBlockingQueue.take(LinkedBlockingQueue.java:442)
        at java.util.concurrent.ThreadPoolExecutor.getTask(ThreadPoolExecutor.java:1074)
        at java.util.concurrent.ThreadPoolExecutor.runWorker(ThreadPoolExecutor.java:1134)
        at java.util.concurrent.ThreadPoolExecutor$Worker.run(ThreadPoolExecutor.java:624)
        at java.lang.Thread.run(Thread.java:750)
"qtp1441060897-243" daemon prio=5 tid=243 timed_waiting
java.lang.Thread.State: TIMED_WAITING
        at sun.misc.Unsafe.park(Native Method)
        at java.util.concurrent.locks.LockSupport.parkNanos(LockSupport.java:215)
        at java.util.concurrent.locks.AbstractQueuedSynchronizer$ConditionObject.awaitNanos(AbstractQueuedSynchronizer.java:2078)
        at org.eclipse.jetty.util.BlockingArrayQueue.poll(BlockingArrayQueue.java:382)
        at org.eclipse.jetty.util.thread.QueuedThreadPool$Runner.idleJobPoll(QueuedThreadPool.java:974)
        at org.eclipse.jetty.util.thread.QueuedThreadPool$Runner.run(QueuedThreadPool.java:1018)
        at java.lang.Thread.run(Thread.java:750)
"ChunkReader-ELG-0" daemon prio=5 tid=409 runnable
java.lang.Thread.State: RUNNABLE
        at org.apache.ratis.thirdparty.io.netty.channel.epoll.Native.epollWait(Native Method)
        at org.apache.ratis.thirdparty.io.netty.channel.epoll.Native.epollWait(Native.java:209)
        at org.apache.ratis.thirdparty.io.netty.channel.epoll.Native.epollWait(Native.java:202)
        at org.apache.ratis.thirdparty.io.netty.channel.epoll.EpollEventLoop.epollWaitNoTimerChange(EpollEventLoop.java:294)
        at org.apache.ratis.thirdparty.io.netty.channel.epoll.EpollEventLoop.run(EpollEventLoop.java:351)
        at org.apache.ratis.thirdparty.io.netty.util.concurrent.SingleThreadEventExecutor$4.run(SingleThreadEventExecutor.java:995)
        at org.apache.ratis.thirdparty.io.netty.util.internal.ThreadExecutorMap$2.run(ThreadExecutorMap.java:74)
        at java.lang.Thread.run(Thread.java:750)
"Over Replicated Processor" daemon prio=5 tid=21 timed_waiting
java.lang.Thread.State: TIMED_WAITING
        at java.lang.Object.wait(Native Method)
        at org.apache.hadoop.hdds.scm.container.replication.OverReplicatedProcessor.run(OverReplicatedProcessor.java:136)
        at java.lang.Thread.run(Thread.java:750)
"qtp1285392383-215" daemon prio=5 tid=215 timed_waiting
java.lang.Thread.State: TIMED_WAITING
        at sun.misc.Unsafe.park(Native Method)
        at java.util.concurrent.locks.LockSupport.parkNanos(LockSupport.java:215)
        at java.util.concurrent.locks.AbstractQueuedSynchronizer$ConditionObject.awaitNanos(AbstractQueuedSynchronizer.java:2078)
        at org.eclipse.jetty.util.BlockingArrayQueue.poll(BlockingArrayQueue.java:382)
        at org.eclipse.jetty.util.thread.QueuedThreadPool$Runner.idleJobPoll(QueuedThreadPool.java:974)
        at org.eclipse.jetty.util.thread.QueuedThreadPool$Runner.run(QueuedThreadPool.java:1018)
        at java.lang.Thread.run(Thread.java:750)
"BlockDeletingService#2" daemon prio=5 tid=665 in Object.wait()
java.lang.Thread.State: WAITING (on object monitor)
        at sun.misc.Unsafe.park(Native Method)
        at java.util.concurrent.locks.LockSupport.park(LockSupport.java:175)
        at java.util.concurrent.locks.AbstractQueuedSynchronizer$ConditionObject.await(AbstractQueuedSynchronizer.java:2039)
        at java.util.concurrent.ScheduledThreadPoolExecutor$DelayedWorkQueue.take(ScheduledThreadPoolExecutor.java:1088)
        at java.util.concurrent.ScheduledThreadPoolExecutor$DelayedWorkQueue.take(ScheduledThreadPoolExecutor.java:809)
        at java.util.concurrent.ThreadPoolExecutor.getTask(ThreadPoolExecutor.java:1074)
        at java.util.concurrent.ThreadPoolExecutor.runWorker(ThreadPoolExecutor.java:1134)
        at java.util.concurrent.ThreadPoolExecutor$Worker.run(ThreadPoolExecutor.java:624)
        at java.lang.Thread.run(Thread.java:750)
"18b389ac-e92e-45af-bb8d-005344dac216@group-A327250958FE-LeaderStateImpl" daemon prio=5 tid=548 timed_waiting
java.lang.Thread.State: TIMED_WAITING
        at sun.misc.Unsafe.park(Native Method)
        at java.util.concurrent.locks.LockSupport.parkNanos(LockSupport.java:215)
        at java.util.concurrent.locks.AbstractQueuedSynchronizer$ConditionObject.awaitNanos(AbstractQueuedSynchronizer.java:2078)
        at java.util.concurrent.ArrayBlockingQueue.poll(ArrayBlockingQueue.java:418)
        at org.apache.ratis.server.impl.LeaderStateImpl$EventQueue.poll(LeaderStateImpl.java:159)
        at org.apache.ratis.server.impl.LeaderStateImpl$EventProcessor.run(LeaderStateImpl.java:630)
"18b389ac-e92e-45af-bb8d-005344dac216@group-841363C15B84-StateMachineUpdater" daemon prio=5 tid=467 timed_waiting
java.lang.Thread.State: TIMED_WAITING
        at sun.misc.Unsafe.park(Native Method)
        at java.util.concurrent.locks.LockSupport.parkNanos(LockSupport.java:215)
        at java.util.concurrent.CompletableFuture$Signaller.block(CompletableFuture.java:1709)
        at java.util.concurrent.ForkJoinPool.managedBlock(ForkJoinPool.java:3323)
        at java.util.concurrent.CompletableFuture.timedGet(CompletableFuture.java:1788)
        at java.util.concurrent.CompletableFuture.get(CompletableFuture.java:1928)
        at org.apache.ratis.util.AwaitForSignal.await(AwaitForSignal.java:56)
        at org.apache.ratis.server.impl.StateMachineUpdater.waitForCommit(StateMachineUpdater.java:207)
        at org.apache.ratis.server.impl.StateMachineUpdater.run(StateMachineUpdater.java:176)
        at java.lang.Thread.run(Thread.java:750)
"Datanode ReportManager Thread - 0" daemon prio=5 tid=249 in Object.wait()
java.lang.Thread.State: WAITING (on object monitor)
        at sun.misc.Unsafe.park(Native Method)
        at java.util.concurrent.locks.LockSupport.park(LockSupport.java:175)
        at java.util.concurrent.locks.AbstractQueuedSynchronizer$ConditionObject.await(AbstractQueuedSynchronizer.java:2039)
        at java.util.concurrent.ScheduledThreadPoolExecutor$DelayedWorkQueue.take(ScheduledThreadPoolExecutor.java:1088)
        at java.util.concurrent.ScheduledThreadPoolExecutor$DelayedWorkQueue.take(ScheduledThreadPoolExecutor.java:809)
        at java.util.concurrent.ThreadPoolExecutor.getTask(ThreadPoolExecutor.java:1074)
        at java.util.concurrent.ThreadPoolExecutor.runWorker(ThreadPoolExecutor.java:1134)
        at java.util.concurrent.ThreadPoolExecutor$Worker.run(ThreadPoolExecutor.java:624)
        at java.lang.Thread.run(Thread.java:750)
"pool-88-thread-1" daemon prio=5 tid=206 timed_waiting
java.lang.Thread.State: TIMED_WAITING
        at sun.misc.Unsafe.park(Native Method)
        at java.util.concurrent.locks.LockSupport.parkNanos(LockSupport.java:215)
        at java.util.concurrent.locks.AbstractQueuedSynchronizer$ConditionObject.awaitNanos(AbstractQueuedSynchronizer.java:2078)
        at java.util.concurrent.ScheduledThreadPoolExecutor$DelayedWorkQueue.take(ScheduledThreadPoolExecutor.java:1093)
        at java.util.concurrent.ScheduledThreadPoolExecutor$DelayedWorkQueue.take(ScheduledThreadPoolExecutor.java:809)
        at java.util.concurrent.ThreadPoolExecutor.getTask(ThreadPoolExecutor.java:1074)
        at java.util.concurrent.ThreadPoolExecutor.runWorker(ThreadPoolExecutor.java:1134)
        at java.util.concurrent.ThreadPoolExecutor$Worker.run(ThreadPoolExecutor.java:624)
        at java.lang.Thread.run(Thread.java:750)
"StaleRecoveringContainerScrubbingService#0" daemon prio=5 tid=381 in Object.wait()
java.lang.Thread.State: WAITING (on object monitor)
        at sun.misc.Unsafe.park(Native Method)
        at java.util.concurrent.locks.LockSupport.park(LockSupport.java:175)
        at java.util.concurrent.locks.AbstractQueuedSynchronizer$ConditionObject.await(AbstractQueuedSynchronizer.java:2039)
        at java.util.concurrent.ScheduledThreadPoolExecutor$DelayedWorkQueue.take(ScheduledThreadPoolExecutor.java:1088)
        at java.util.concurrent.ScheduledThreadPoolExecutor$DelayedWorkQueue.take(ScheduledThreadPoolExecutor.java:809)
        at java.util.concurrent.ThreadPoolExecutor.getTask(ThreadPoolExecutor.java:1074)
        at java.util.concurrent.ThreadPoolExecutor.runWorker(ThreadPoolExecutor.java:1134)
        at java.util.concurrent.ThreadPoolExecutor$Worker.run(ThreadPoolExecutor.java:624)
        at java.lang.Thread.run(Thread.java:750)
"pool-180-thread-1" daemon prio=5 tid=312 timed_waiting
java.lang.Thread.State: TIMED_WAITING
        at sun.misc.Unsafe.park(Native Method)
        at java.util.concurrent.locks.LockSupport.parkNanos(LockSupport.java:215)
        at java.util.concurrent.locks.AbstractQueuedSynchronizer$ConditionObject.awaitNanos(AbstractQueuedSynchronizer.java:2078)
        at java.util.concurrent.ScheduledThreadPoolExecutor$DelayedWorkQueue.take(ScheduledThreadPoolExecutor.java:1093)
        at java.util.concurrent.ScheduledThreadPoolExecutor$DelayedWorkQueue.take(ScheduledThreadPoolExecutor.java:809)
        at java.util.concurrent.ThreadPoolExecutor.getTask(ThreadPoolExecutor.java:1074)
        at java.util.concurrent.ThreadPoolExecutor.runWorker(ThreadPoolExecutor.java:1134)
        at java.util.concurrent.ThreadPoolExecutor$Worker.run(ThreadPoolExecutor.java:624)
        at java.lang.Thread.run(Thread.java:750)
"JvmPauseMonitor0" daemon prio=5 tid=140 timed_waiting
java.lang.Thread.State: TIMED_WAITING
        at java.lang.Thread.sleep(Native Method)
        at java.lang.Thread.sleep(Thread.java:342)
        at java.util.concurrent.TimeUnit.sleep(TimeUnit.java:386)
        at org.apache.ratis.util.TimeDuration.sleep(TimeDuration.java:325)
        at org.apache.ratis.util.TimeDuration.sleep(TimeDuration.java:310)
        at org.apache.ratis.util.JvmPauseMonitor.detectPause(JvmPauseMonitor.java:119)
        at org.apache.ratis.util.JvmPauseMonitor.run(JvmPauseMonitor.java:108)
        at org.apache.ratis.util.JvmPauseMonitor$$Lambda$730/1689291213.run(Unknown Source)
        at java.lang.Thread.run(Thread.java:750)
"qtp475465260-186-acceptor-0@2ed18ddf-ServerConnector@2bc1cc4{HTTP/1.1, (http/1.1)}{0.0.0.0:44229}" daemon prio=3 tid=186 runnable
java.lang.Thread.State: RUNNABLE
        at sun.nio.ch.ServerSocketChannelImpl.accept0(Native Method)
        at sun.nio.ch.ServerSocketChannelImpl.accept(ServerSocketChannelImpl.java:421)
        at sun.nio.ch.ServerSocketChannelImpl.accept(ServerSocketChannelImpl.java:249)
        at org.eclipse.jetty.server.ServerConnector.accept(ServerConnector.java:388)
        at org.eclipse.jetty.server.AbstractConnector$Acceptor.run(AbstractConnector.java:704)
        at org.eclipse.jetty.util.thread.QueuedThreadPool.runJob(QueuedThreadPool.java:883)
        at org.eclipse.jetty.util.thread.QueuedThreadPool$Runner.run(QueuedThreadPool.java:1034)
        at java.lang.Thread.run(Thread.java:750)
"IPC Server handler 0 on default port 45735" daemon prio=5 tid=88 timed_waiting
java.lang.Thread.State: TIMED_WAITING
        at sun.misc.Unsafe.park(Native Method)
        at java.util.concurrent.locks.LockSupport.parkNanos(LockSupport.java:215)
        at java.util.concurrent.locks.AbstractQueuedSynchronizer$ConditionObject.awaitNanos(AbstractQueuedSynchronizer.java:2078)
        at java.util.concurrent.LinkedBlockingQueue.poll(LinkedBlockingQueue.java:467)
        at org.apache.hadoop.ipc.CallQueueManager.take(CallQueueManager.java:317)
        at org.apache.hadoop.ipc.Server$Handler.run(Server.java:2942)
"qtp1441060897-240-acceptor-0@250470e5-ServerConnector@607624b7{HTTP/1.1, (http/1.1)}{0.0.0.0:35809}" daemon prio=3 tid=240 runnable
java.lang.Thread.State: RUNNABLE
        at sun.nio.ch.ServerSocketChannelImpl.accept0(Native Method)
        at sun.nio.ch.ServerSocketChannelImpl.accept(ServerSocketChannelImpl.java:421)
        at sun.nio.ch.ServerSocketChannelImpl.accept(ServerSocketChannelImpl.java:249)
        at org.eclipse.jetty.server.ServerConnector.accept(ServerConnector.java:388)
        at org.eclipse.jetty.server.AbstractConnector$Acceptor.run(AbstractConnector.java:704)
        at org.eclipse.jetty.util.thread.QueuedThreadPool.runJob(QueuedThreadPool.java:883)
        at org.eclipse.jetty.util.thread.QueuedThreadPool$Runner.run(QueuedThreadPool.java:1034)
        at java.lang.Thread.run(Thread.java:750)
"pool-95-thread-1"  prio=5 tid=427 in Object.wait()
java.lang.Thread.State: WAITING (on object monitor)
        at sun.misc.Unsafe.park(Native Method)
        at java.util.concurrent.locks.LockSupport.park(LockSupport.java:175)
        at java.util.concurrent.locks.AbstractQueuedSynchronizer$ConditionObject.await(AbstractQueuedSynchronizer.java:2039)
        at java.util.concurrent.LinkedBlockingQueue.take(LinkedBlockingQueue.java:442)
        at java.util.concurrent.ThreadPoolExecutor.getTask(ThreadPoolExecutor.java:1074)
        at java.util.concurrent.ThreadPoolExecutor.runWorker(ThreadPoolExecutor.java:1134)
        at java.util.concurrent.ThreadPoolExecutor$Worker.run(ThreadPoolExecutor.java:624)
        at java.lang.Thread.run(Thread.java:750)
"pool-72-thread-1"  prio=5 tid=416 in Object.wait()
java.lang.Thread.State: WAITING (on object monitor)
        at sun.misc.Unsafe.park(Native Method)
        at java.util.concurrent.locks.LockSupport.park(LockSupport.java:175)
        at java.util.concurrent.locks.AbstractQueuedSynchronizer$ConditionObject.await(AbstractQueuedSynchronizer.java:2039)
        at java.util.concurrent.LinkedBlockingQueue.take(LinkedBlockingQueue.java:442)
        at java.util.concurrent.ThreadPoolExecutor.getTask(ThreadPoolExecutor.java:1074)
        at java.util.concurrent.ThreadPoolExecutor.runWorker(ThreadPoolExecutor.java:1134)
        at java.util.concurrent.ThreadPoolExecutor$Worker.run(ThreadPoolExecutor.java:624)
        at java.lang.Thread.run(Thread.java:750)
"qtp1890676535-266-acceptor-0@7816f7ca-ServerConnector@37ab2edc{HTTP/1.1, (http/1.1)}{0.0.0.0:37855}" daemon prio=3 tid=266 runnable
java.lang.Thread.State: RUNNABLE
        at sun.nio.ch.ServerSocketChannelImpl.accept0(Native Method)
        at sun.nio.ch.ServerSocketChannelImpl.accept(ServerSocketChannelImpl.java:421)
        at sun.nio.ch.ServerSocketChannelImpl.accept(ServerSocketChannelImpl.java:249)
        at org.eclipse.jetty.server.ServerConnector.accept(ServerConnector.java:388)
        at org.eclipse.jetty.server.AbstractConnector$Acceptor.run(AbstractConnector.java:704)
        at org.eclipse.jetty.util.thread.QueuedThreadPool.runJob(QueuedThreadPool.java:883)
        at org.eclipse.jetty.util.thread.QueuedThreadPool$Runner.run(QueuedThreadPool.java:1034)
        at java.lang.Thread.run(Thread.java:750)
"IPC Server handler 17 on default port 45735" daemon prio=5 tid=105 timed_waiting
java.lang.Thread.State: TIMED_WAITING
        at sun.misc.Unsafe.park(Native Method)
        at java.util.concurrent.locks.LockSupport.parkNanos(LockSupport.java:215)
        at java.util.concurrent.locks.AbstractQueuedSynchronizer$ConditionObject.awaitNanos(AbstractQueuedSynchronizer.java:2078)
        at java.util.concurrent.LinkedBlockingQueue.poll(LinkedBlockingQueue.java:467)
        at org.apache.hadoop.ipc.CallQueueManager.take(CallQueueManager.java:317)
        at org.apache.hadoop.ipc.Server$Handler.run(Server.java:2942)
"901bb4f9-d448-4097-b3df-3dc09329cc1b@group-3CEFCACDB394-LeaderStateImpl" daemon prio=5 tid=511 timed_waiting
java.lang.Thread.State: TIMED_WAITING
        at sun.misc.Unsafe.park(Native Method)
        at java.util.concurrent.locks.LockSupport.parkNanos(LockSupport.java:215)
        at java.util.concurrent.locks.AbstractQueuedSynchronizer$ConditionObject.awaitNanos(AbstractQueuedSynchronizer.java:2078)
        at java.util.concurrent.ArrayBlockingQueue.poll(ArrayBlockingQueue.java:418)
        at org.apache.ratis.server.impl.LeaderStateImpl$EventQueue.poll(LeaderStateImpl.java:159)
        at org.apache.ratis.server.impl.LeaderStateImpl$EventProcessor.run(LeaderStateImpl.java:630)
"ChunkReader-ELG-0" daemon prio=5 tid=355 runnable
java.lang.Thread.State: RUNNABLE
        at org.apache.ratis.thirdparty.io.netty.channel.epoll.Native.epollWait(Native Method)
        at org.apache.ratis.thirdparty.io.netty.channel.epoll.Native.epollWait(Native.java:209)
        at org.apache.ratis.thirdparty.io.netty.channel.epoll.Native.epollWait(Native.java:202)
        at org.apache.ratis.thirdparty.io.netty.channel.epoll.EpollEventLoop.epollWaitNoTimerChange(EpollEventLoop.java:294)
        at org.apache.ratis.thirdparty.io.netty.channel.epoll.EpollEventLoop.run(EpollEventLoop.java:351)
        at org.apache.ratis.thirdparty.io.netty.util.concurrent.SingleThreadEventExecutor$4.run(SingleThreadEventExecutor.java:995)
        at org.apache.ratis.thirdparty.io.netty.util.internal.ThreadExecutorMap$2.run(ThreadExecutorMap.java:74)
        at java.lang.Thread.run(Thread.java:750)
"BlockDeletingService#2" daemon prio=5 tid=660 in Object.wait()
java.lang.Thread.State: WAITING (on object monitor)
        at sun.misc.Unsafe.park(Native Method)
        at java.util.concurrent.locks.LockSupport.park(LockSupport.java:175)
        at java.util.concurrent.locks.AbstractQueuedSynchronizer$ConditionObject.await(AbstractQueuedSynchronizer.java:2039)
        at java.util.concurrent.ScheduledThreadPoolExecutor$DelayedWorkQueue.take(ScheduledThreadPoolExecutor.java:1088)
        at java.util.concurrent.ScheduledThreadPoolExecutor$DelayedWorkQueue.take(ScheduledThreadPoolExecutor.java:809)
        at java.util.concurrent.ThreadPoolExecutor.getTask(ThreadPoolExecutor.java:1074)
        at java.util.concurrent.ThreadPoolExecutor.runWorker(ThreadPoolExecutor.java:1134)
        at java.util.concurrent.ThreadPoolExecutor$Worker.run(ThreadPoolExecutor.java:624)
        at java.lang.Thread.run(Thread.java:750)
"IPC Server handler 7 on default port 46277" daemon prio=5 tid=55 timed_waiting
java.lang.Thread.State: TIMED_WAITING
        at sun.misc.Unsafe.park(Native Method)
        at java.util.concurrent.locks.LockSupport.parkNanos(LockSupport.java:215)
        at java.util.concurrent.locks.AbstractQueuedSynchronizer$ConditionObject.awaitNanos(AbstractQueuedSynchronizer.java:2078)
        at java.util.concurrent.LinkedBlockingQueue.poll(LinkedBlockingQueue.java:467)
        at org.apache.hadoop.ipc.CallQueueManager.take(CallQueueManager.java:317)
        at org.apache.hadoop.ipc.Server$Handler.run(Server.java:2942)
"IPC Server listener on 0" daemon prio=5 tid=24 runnable
java.lang.Thread.State: RUNNABLE
        at sun.nio.ch.EPollArrayWrapper.epollWait(Native Method)
        at sun.nio.ch.EPollArrayWrapper.poll(EPollArrayWrapper.java:269)
        at sun.nio.ch.EPollSelectorImpl.doSelect(EPollSelectorImpl.java:93)
        at sun.nio.ch.SelectorImpl.lockAndDoSelect(SelectorImpl.java:86)
        at sun.nio.ch.SelectorImpl.select(SelectorImpl.java:97)
        at sun.nio.ch.SelectorImpl.select(SelectorImpl.java:101)
        at org.apache.hadoop.ipc.Server$Listener.run(Server.java:1358)
"StaleRecoveringContainerScrubbingService#2" daemon prio=5 tid=667 in Object.wait()
java.lang.Thread.State: WAITING (on object monitor)
        at sun.misc.Unsafe.park(Native Method)
        at java.util.concurrent.locks.LockSupport.park(LockSupport.java:175)
        at java.util.concurrent.locks.AbstractQueuedSynchronizer$ConditionObject.await(AbstractQueuedSynchronizer.java:2039)
        at java.util.concurrent.ScheduledThreadPoolExecutor$DelayedWorkQueue.take(ScheduledThreadPoolExecutor.java:1088)
        at java.util.concurrent.ScheduledThreadPoolExecutor$DelayedWorkQueue.take(ScheduledThreadPoolExecutor.java:809)
        at java.util.concurrent.ThreadPoolExecutor.getTask(ThreadPoolExecutor.java:1074)
        at java.util.concurrent.ThreadPoolExecutor.runWorker(ThreadPoolExecutor.java:1134)
        at java.util.concurrent.ThreadPoolExecutor$Worker.run(ThreadPoolExecutor.java:624)
        at java.lang.Thread.run(Thread.java:750)
"qtp1890676535-271" daemon prio=5 tid=271 timed_waiting
java.lang.Thread.State: TIMED_WAITING
        at sun.misc.Unsafe.park(Native Method)
        at java.util.concurrent.locks.LockSupport.parkNanos(LockSupport.java:215)
        at java.util.concurrent.locks.AbstractQueuedSynchronizer$ConditionObject.awaitNanos(AbstractQueuedSynchronizer.java:2078)
        at org.eclipse.jetty.util.BlockingArrayQueue.poll(BlockingArrayQueue.java:382)
        at org.eclipse.jetty.util.thread.QueuedThreadPool$Runner.idleJobPoll(QueuedThreadPool.java:974)
        at org.eclipse.jetty.util.thread.QueuedThreadPool$Runner.run(QueuedThreadPool.java:1018)
        at java.lang.Thread.run(Thread.java:750)
"qtp1116071598-322" daemon prio=5 tid=322 timed_waiting
java.lang.Thread.State: TIMED_WAITING
        at sun.misc.Unsafe.park(Native Method)
        at java.util.concurrent.locks.LockSupport.parkNanos(LockSupport.java:215)
        at java.util.concurrent.locks.AbstractQueuedSynchronizer$ConditionObject.awaitNanos(AbstractQueuedSynchronizer.java:2078)
        at org.eclipse.jetty.util.BlockingArrayQueue.poll(BlockingArrayQueue.java:382)
        at org.eclipse.jetty.util.thread.QueuedThreadPool$Runner.idleJobPoll(QueuedThreadPool.java:974)
        at org.eclipse.jetty.util.thread.QueuedThreadPool$Runner.run(QueuedThreadPool.java:1018)
        at java.lang.Thread.run(Thread.java:750)
"FixedThreadPoolWithAffinityExecutor-0-0" daemon prio=5 tid=36 timed_waiting
java.lang.Thread.State: TIMED_WAITING
        at sun.misc.Unsafe.park(Native Method)
        at java.util.concurrent.locks.LockSupport.parkNanos(LockSupport.java:215)
        at java.util.concurrent.locks.AbstractQueuedSynchronizer$ConditionObject.awaitNanos(AbstractQueuedSynchronizer.java:2078)
        at java.util.concurrent.LinkedBlockingQueue.poll(LinkedBlockingQueue.java:467)
        at org.apache.hadoop.hdds.scm.server.ContainerReportQueue.poll(ContainerReportQueue.java:266)
        at org.apache.hadoop.hdds.scm.server.ContainerReportQueue.poll(ContainerReportQueue.java:42)
        at org.apache.hadoop.hdds.server.events.FixedThreadPoolWithAffinityExecutor$ContainerReportProcessTask.run(FixedThreadPoolWithAffinityExecutor.java:218)
        at java.util.concurrent.Executors$RunnableAdapter.call(Executors.java:511)
        at java.util.concurrent.FutureTask.run(FutureTask.java:266)
        at java.util.concurrent.ThreadPoolExecutor.runWorker(ThreadPoolExecutor.java:1149)
        at java.util.concurrent.ThreadPoolExecutor$Worker.run(ThreadPoolExecutor.java:624)
        at java.lang.Thread.run(Thread.java:750)
"IPC Server handler 2 on default port 46277" daemon prio=5 tid=50 timed_waiting
java.lang.Thread.State: TIMED_WAITING
        at sun.misc.Unsafe.park(Native Method)
        at java.util.concurrent.locks.LockSupport.parkNanos(LockSupport.java:215)
        at java.util.concurrent.locks.AbstractQueuedSynchronizer$ConditionObject.awaitNanos(AbstractQueuedSynchronizer.java:2078)
        at java.util.concurrent.LinkedBlockingQueue.poll(LinkedBlockingQueue.java:467)
        at org.apache.hadoop.ipc.CallQueueManager.take(CallQueueManager.java:317)
        at org.apache.hadoop.ipc.Server$Handler.run(Server.java:2942)
"Timer for 'StorageContainerManager' metrics system" daemon prio=5 tid=46 timed_waiting
java.lang.Thread.State: TIMED_WAITING
        at java.lang.Object.wait(Native Method)
        at java.util.TimerThread.mainLoop(Timer.java:552)
        at java.util.TimerThread.run(Timer.java:505)
"Datanode ReportManager Thread - 4" daemon prio=5 tid=253 timed_waiting
java.lang.Thread.State: TIMED_WAITING
        at sun.misc.Unsafe.park(Native Method)
        at java.util.concurrent.locks.LockSupport.parkNanos(LockSupport.java:215)
        at java.util.concurrent.locks.AbstractQueuedSynchronizer$ConditionObject.awaitNanos(AbstractQueuedSynchronizer.java:2078)
        at java.util.concurrent.ScheduledThreadPoolExecutor$DelayedWorkQueue.take(ScheduledThreadPoolExecutor.java:1093)
        at java.util.concurrent.ScheduledThreadPoolExecutor$DelayedWorkQueue.take(ScheduledThreadPoolExecutor.java:809)
        at java.util.concurrent.ThreadPoolExecutor.getTask(ThreadPoolExecutor.java:1074)
        at java.util.concurrent.ThreadPoolExecutor.runWorker(ThreadPoolExecutor.java:1134)
        at java.util.concurrent.ThreadPoolExecutor$Worker.run(ThreadPoolExecutor.java:624)
        at java.lang.Thread.run(Thread.java:750)
"IPC Server handler 15 on default port 40853" daemon prio=5 tid=83 timed_waiting
java.lang.Thread.State: TIMED_WAITING
        at sun.misc.Unsafe.park(Native Method)
        at java.util.concurrent.locks.LockSupport.parkNanos(LockSupport.java:215)
        at java.util.concurrent.locks.AbstractQueuedSynchronizer$ConditionObject.awaitNanos(AbstractQueuedSynchronizer.java:2078)
        at java.util.concurrent.LinkedBlockingQueue.poll(LinkedBlockingQueue.java:467)
        at org.apache.hadoop.ipc.CallQueueManager.take(CallQueueManager.java:317)
        at org.apache.hadoop.ipc.Server$Handler.run(Server.java:2942)
"IPC Server handler 9 on default port 45735" daemon prio=5 tid=97 timed_waiting
java.lang.Thread.State: TIMED_WAITING
        at sun.misc.Unsafe.park(Native Method)
        at java.util.concurrent.locks.LockSupport.parkNanos(LockSupport.java:215)
        at java.util.concurrent.locks.AbstractQueuedSynchronizer$ConditionObject.awaitNanos(AbstractQueuedSynchronizer.java:2078)
        at java.util.concurrent.LinkedBlockingQueue.poll(LinkedBlockingQueue.java:467)
        at org.apache.hadoop.ipc.CallQueueManager.take(CallQueueManager.java:317)
        at org.apache.hadoop.ipc.Server$Handler.run(Server.java:2942)
"Datanode ReportManager Thread - 3" daemon prio=5 tid=304 in Object.wait()
java.lang.Thread.State: WAITING (on object monitor)
        at sun.misc.Unsafe.park(Native Method)
        at java.util.concurrent.locks.LockSupport.park(LockSupport.java:175)
        at java.util.concurrent.locks.AbstractQueuedSynchronizer$ConditionObject.await(AbstractQueuedSynchronizer.java:2039)
        at java.util.concurrent.ScheduledThreadPoolExecutor$DelayedWorkQueue.take(ScheduledThreadPoolExecutor.java:1088)
        at java.util.concurrent.ScheduledThreadPoolExecutor$DelayedWorkQueue.take(ScheduledThreadPoolExecutor.java:809)
        at java.util.concurrent.ThreadPoolExecutor.getTask(ThreadPoolExecutor.java:1074)
        at java.util.concurrent.ThreadPoolExecutor.runWorker(ThreadPoolExecutor.java:1134)
        at java.util.concurrent.ThreadPoolExecutor$Worker.run(ThreadPoolExecutor.java:624)
        at java.lang.Thread.run(Thread.java:750)
"IPC Server handler 18 on default port 46277" daemon prio=5 tid=66 timed_waiting
java.lang.Thread.State: TIMED_WAITING
        at sun.misc.Unsafe.park(Native Method)
        at java.util.concurrent.locks.LockSupport.parkNanos(LockSupport.java:215)
        at java.util.concurrent.locks.AbstractQueuedSynchronizer$ConditionObject.awaitNanos(AbstractQueuedSynchronizer.java:2078)
        at java.util.concurrent.LinkedBlockingQueue.poll(LinkedBlockingQueue.java:467)
        at org.apache.hadoop.ipc.CallQueueManager.take(CallQueueManager.java:317)
        at org.apache.hadoop.ipc.Server$Handler.run(Server.java:2942)
"Datanode State Machine Task Thread - 1"  prio=5 tid=335 in Object.wait()
java.lang.Thread.State: WAITING (on object monitor)
        at sun.misc.Unsafe.park(Native Method)
        at java.util.concurrent.locks.LockSupport.park(LockSupport.java:175)
        at java.util.concurrent.locks.AbstractQueuedSynchronizer$ConditionObject.await(AbstractQueuedSynchronizer.java:2039)
        at java.util.concurrent.LinkedBlockingQueue.take(LinkedBlockingQueue.java:442)
        at java.util.concurrent.ThreadPoolExecutor.getTask(ThreadPoolExecutor.java:1074)
        at java.util.concurrent.ThreadPoolExecutor.runWorker(ThreadPoolExecutor.java:1134)
        at java.util.concurrent.ThreadPoolExecutor$Worker.run(ThreadPoolExecutor.java:624)
        at java.lang.Thread.run(Thread.java:750)
"pool-55-thread-1"  prio=5 tid=128 in Object.wait()
java.lang.Thread.State: WAITING (on object monitor)
        at sun.misc.Unsafe.park(Native Method)
        at java.util.concurrent.locks.LockSupport.park(LockSupport.java:175)
        at java.util.concurrent.locks.AbstractQueuedSynchronizer$ConditionObject.await(AbstractQueuedSynchronizer.java:2039)
        at java.util.concurrent.LinkedBlockingQueue.take(LinkedBlockingQueue.java:442)
        at java.util.concurrent.ThreadPoolExecutor.getTask(ThreadPoolExecutor.java:1074)
        at java.util.concurrent.ThreadPoolExecutor.runWorker(ThreadPoolExecutor.java:1134)
        at java.util.concurrent.ThreadPoolExecutor$Worker.run(ThreadPoolExecutor.java:624)
        at java.lang.Thread.run(Thread.java:750)
"IPC Server handler 10 on default port 45735" daemon prio=5 tid=98 timed_waiting
java.lang.Thread.State: TIMED_WAITING
        at sun.misc.Unsafe.park(Native Method)
        at java.util.concurrent.locks.LockSupport.parkNanos(LockSupport.java:215)
        at java.util.concurrent.locks.AbstractQueuedSynchronizer$ConditionObject.awaitNanos(AbstractQueuedSynchronizer.java:2078)
        at java.util.concurrent.LinkedBlockingQueue.poll(LinkedBlockingQueue.java:467)
        at org.apache.hadoop.ipc.CallQueueManager.take(CallQueueManager.java:317)
        at org.apache.hadoop.ipc.Server$Handler.run(Server.java:2942)
"IPC Server handler 2 on default port 45735" daemon prio=5 tid=90 timed_waiting
java.lang.Thread.State: TIMED_WAITING
        at sun.misc.Unsafe.park(Native Method)
        at java.util.concurrent.locks.LockSupport.parkNanos(LockSupport.java:215)
        at java.util.concurrent.locks.AbstractQueuedSynchronizer$ConditionObject.awaitNanos(AbstractQueuedSynchronizer.java:2078)
        at java.util.concurrent.LinkedBlockingQueue.poll(LinkedBlockingQueue.java:467)
        at org.apache.hadoop.ipc.CallQueueManager.take(CallQueueManager.java:317)
        at org.apache.hadoop.ipc.Server$Handler.run(Server.java:2942)
"IPC Server handler 16 on default port 46277" daemon prio=5 tid=64 timed_waiting
java.lang.Thread.State: TIMED_WAITING
        at sun.misc.Unsafe.park(Native Method)
        at java.util.concurrent.locks.LockSupport.parkNanos(LockSupport.java:215)
        at java.util.concurrent.locks.AbstractQueuedSynchronizer$ConditionObject.awaitNanos(AbstractQueuedSynchronizer.java:2078)
        at java.util.concurrent.LinkedBlockingQueue.poll(LinkedBlockingQueue.java:467)
        at org.apache.hadoop.ipc.CallQueueManager.take(CallQueueManager.java:317)
        at org.apache.hadoop.ipc.Server$Handler.run(Server.java:2942)
"StaleRecoveringContainerScrubbingService#2" daemon prio=5 tid=664 in Object.wait()
java.lang.Thread.State: WAITING (on object monitor)
        at sun.misc.Unsafe.park(Native Method)
        at java.util.concurrent.locks.LockSupport.park(LockSupport.java:175)
        at java.util.concurrent.locks.AbstractQueuedSynchronizer$ConditionObject.await(AbstractQueuedSynchronizer.java:2039)
        at java.util.concurrent.ScheduledThreadPoolExecutor$DelayedWorkQueue.take(ScheduledThreadPoolExecutor.java:1088)
        at java.util.concurrent.ScheduledThreadPoolExecutor$DelayedWorkQueue.take(ScheduledThreadPoolExecutor.java:809)
        at java.util.concurrent.ThreadPoolExecutor.getTask(ThreadPoolExecutor.java:1074)
        at java.util.concurrent.ThreadPoolExecutor.runWorker(ThreadPoolExecutor.java:1134)
        at java.util.concurrent.ThreadPoolExecutor$Worker.run(ThreadPoolExecutor.java:624)
        at java.lang.Thread.run(Thread.java:750)
"timer1" daemon prio=5 tid=537 timed_waiting
java.lang.Thread.State: TIMED_WAITING
        at java.lang.Object.wait(Native Method)
        at java.util.TimerThread.mainLoop(Timer.java:552)
        at java.util.TimerThread.run(Timer.java:505)
"om1@group-C5BA1605619E-LeaderStateImpl" daemon prio=5 tid=221 timed_waiting
java.lang.Thread.State: TIMED_WAITING
        at sun.misc.Unsafe.park(Native Method)
        at java.util.concurrent.locks.LockSupport.parkNanos(LockSupport.java:215)
        at java.util.concurrent.locks.AbstractQueuedSynchronizer$ConditionObject.awaitNanos(AbstractQueuedSynchronizer.java:2078)
        at java.util.concurrent.ArrayBlockingQueue.poll(ArrayBlockingQueue.java:418)
        at org.apache.ratis.server.impl.LeaderStateImpl$EventQueue.poll(LeaderStateImpl.java:159)
        at org.apache.ratis.server.impl.LeaderStateImpl$EventProcessor.run(LeaderStateImpl.java:630)
"IPC Server handler 12 on default port 40853" daemon prio=5 tid=80 timed_waiting
java.lang.Thread.State: TIMED_WAITING
        at sun.misc.Unsafe.park(Native Method)
        at java.util.concurrent.locks.LockSupport.parkNanos(LockSupport.java:215)
        at java.util.concurrent.locks.AbstractQueuedSynchronizer$ConditionObject.awaitNanos(AbstractQueuedSynchronizer.java:2078)
        at java.util.concurrent.LinkedBlockingQueue.poll(LinkedBlockingQueue.java:467)
        at org.apache.hadoop.ipc.CallQueueManager.take(CallQueueManager.java:317)
        at org.apache.hadoop.ipc.Server$Handler.run(Server.java:2942)
"qtp1046702013-296" daemon prio=5 tid=296 timed_waiting
java.lang.Thread.State: TIMED_WAITING
        at sun.misc.Unsafe.park(Native Method)
        at java.util.concurrent.locks.LockSupport.parkNanos(LockSupport.java:215)
        at java.util.concurrent.locks.AbstractQueuedSynchronizer$ConditionObject.awaitNanos(AbstractQueuedSynchronizer.java:2078)
        at org.eclipse.jetty.util.BlockingArrayQueue.poll(BlockingArrayQueue.java:382)
        at org.eclipse.jetty.util.thread.QueuedThreadPool$Runner.idleJobPoll(QueuedThreadPool.java:974)
        at org.eclipse.jetty.util.thread.QueuedThreadPool$Runner.run(QueuedThreadPool.java:1018)
        at java.lang.Thread.run(Thread.java:750)
"IPC Server handler 3 on default port 45735" daemon prio=5 tid=91 timed_waiting
java.lang.Thread.State: TIMED_WAITING
        at sun.misc.Unsafe.park(Native Method)
        at java.util.concurrent.locks.LockSupport.parkNanos(LockSupport.java:215)
        at java.util.concurrent.locks.AbstractQueuedSynchronizer$ConditionObject.awaitNanos(AbstractQueuedSynchronizer.java:2078)
        at java.util.concurrent.LinkedBlockingQueue.poll(LinkedBlockingQueue.java:467)
        at org.apache.hadoop.ipc.CallQueueManager.take(CallQueueManager.java:317)
        at org.apache.hadoop.ipc.Server$Handler.run(Server.java:2942)
"EndpointStateMachine task thread for /0.0.0.0:45735 - 0 "  prio=5 tid=349 in Object.wait()
java.lang.Thread.State: WAITING (on object monitor)
        at sun.misc.Unsafe.park(Native Method)
        at java.util.concurrent.locks.LockSupport.park(LockSupport.java:175)
        at java.util.concurrent.locks.AbstractQueuedSynchronizer$ConditionObject.await(AbstractQueuedSynchronizer.java:2039)
        at java.util.concurrent.LinkedBlockingQueue.take(LinkedBlockingQueue.java:442)
        at java.util.concurrent.ThreadPoolExecutor.getTask(ThreadPoolExecutor.java:1074)
        at java.util.concurrent.ThreadPoolExecutor.runWorker(ThreadPoolExecutor.java:1134)
        at java.util.concurrent.ThreadPoolExecutor$Worker.run(ThreadPoolExecutor.java:624)
        at java.lang.Thread.run(Thread.java:750)
"Datanode ReportManager Thread - 3" daemon prio=5 tid=278 in Object.wait()
java.lang.Thread.State: WAITING (on object monitor)
        at sun.misc.Unsafe.park(Native Method)
        at java.util.concurrent.locks.LockSupport.park(LockSupport.java:175)
        at java.util.concurrent.locks.AbstractQueuedSynchronizer$ConditionObject.await(AbstractQueuedSynchronizer.java:2039)
        at java.util.concurrent.ScheduledThreadPoolExecutor$DelayedWorkQueue.take(ScheduledThreadPoolExecutor.java:1088)
        at java.util.concurrent.ScheduledThreadPoolExecutor$DelayedWorkQueue.take(ScheduledThreadPoolExecutor.java:809)
        at java.util.concurrent.ThreadPoolExecutor.getTask(ThreadPoolExecutor.java:1074)
        at java.util.concurrent.ThreadPoolExecutor.runWorker(ThreadPoolExecutor.java:1134)
        at java.util.concurrent.ThreadPoolExecutor$Worker.run(ThreadPoolExecutor.java:624)
        at java.lang.Thread.run(Thread.java:750)
"qtp1116071598-318-acceptor-0@66164b09-ServerConnector@6a05f8d0{HTTP/1.1, (http/1.1)}{0.0.0.0:44825}" daemon prio=3 tid=318 runnable
java.lang.Thread.State: RUNNABLE
        at sun.nio.ch.ServerSocketChannelImpl.accept0(Native Method)
        at sun.nio.ch.ServerSocketChannelImpl.accept(ServerSocketChannelImpl.java:421)
        at sun.nio.ch.ServerSocketChannelImpl.accept(ServerSocketChannelImpl.java:249)
        at org.eclipse.jetty.server.ServerConnector.accept(ServerConnector.java:388)
        at org.eclipse.jetty.server.AbstractConnector$Acceptor.run(AbstractConnector.java:704)
        at org.eclipse.jetty.util.thread.QueuedThreadPool.runJob(QueuedThreadPool.java:883)
        at org.eclipse.jetty.util.thread.QueuedThreadPool$Runner.run(QueuedThreadPool.java:1034)
        at java.lang.Thread.run(Thread.java:750)
"Datanode State Machine Task Thread - 0"  prio=5 tid=282 in Object.wait()
java.lang.Thread.State: WAITING (on object monitor)
        at sun.misc.Unsafe.park(Native Method)
        at java.util.concurrent.locks.LockSupport.park(LockSupport.java:175)
        at java.util.concurrent.locks.AbstractQueuedSynchronizer$ConditionObject.await(AbstractQueuedSynchronizer.java:2039)
        at java.util.concurrent.LinkedBlockingQueue.take(LinkedBlockingQueue.java:442)
        at java.util.concurrent.ThreadPoolExecutor.getTask(ThreadPoolExecutor.java:1074)
        at java.util.concurrent.ThreadPoolExecutor.runWorker(ThreadPoolExecutor.java:1134)
        at java.util.concurrent.ThreadPoolExecutor$Worker.run(ThreadPoolExecutor.java:624)
        at java.lang.Thread.run(Thread.java:750)
"EndpointStateMachine task thread for /0.0.0.0:45735 - 0 "  prio=5 tid=373 in Object.wait()
java.lang.Thread.State: WAITING (on object monitor)
        at sun.misc.Unsafe.park(Native Method)
        at java.util.concurrent.locks.LockSupport.park(LockSupport.java:175)
        at java.util.concurrent.locks.AbstractQueuedSynchronizer$ConditionObject.await(AbstractQueuedSynchronizer.java:2039)
        at java.util.concurrent.LinkedBlockingQueue.take(LinkedBlockingQueue.java:442)
        at java.util.concurrent.ThreadPoolExecutor.getTask(ThreadPoolExecutor.java:1074)
        at java.util.concurrent.ThreadPoolExecutor.runWorker(ThreadPoolExecutor.java:1134)
        at java.util.concurrent.ThreadPoolExecutor$Worker.run(ThreadPoolExecutor.java:624)
        at java.lang.Thread.run(Thread.java:750)
"Command processor thread" daemon prio=5 tid=280 timed_waiting
java.lang.Thread.State: TIMED_WAITING
        at java.lang.Thread.sleep(Native Method)
        at org.apache.hadoop.ozone.container.common.statemachine.DatanodeStateMachine.lambda$initCommandHandlerThread$3(DatanodeStateMachine.java:641)
        at org.apache.hadoop.ozone.container.common.statemachine.DatanodeStateMachine$$Lambda$777/1880619706.run(Unknown Source)
        at java.lang.Thread.run(Thread.java:750)
"qtp1441060897-239" daemon prio=5 tid=239 runnable
java.lang.Thread.State: RUNNABLE
        at sun.nio.ch.EPollArrayWrapper.epollWait(Native Method)
        at sun.nio.ch.EPollArrayWrapper.poll(EPollArrayWrapper.java:269)
        at sun.nio.ch.EPollSelectorImpl.doSelect(EPollSelectorImpl.java:93)
        at sun.nio.ch.SelectorImpl.lockAndDoSelect(SelectorImpl.java:86)
        at sun.nio.ch.SelectorImpl.select(SelectorImpl.java:97)
        at sun.nio.ch.SelectorImpl.select(SelectorImpl.java:101)
        at org.eclipse.jetty.io.ManagedSelector.nioSelect(ManagedSelector.java:183)
        at org.eclipse.jetty.io.ManagedSelector.select(ManagedSelector.java:190)
        at org.eclipse.jetty.io.ManagedSelector$SelectorProducer.select(ManagedSelector.java:606)
        at org.eclipse.jetty.io.ManagedSelector$SelectorProducer.produce(ManagedSelector.java:543)
        at org.eclipse.jetty.util.thread.strategy.EatWhatYouKill.produceTask(EatWhatYouKill.java:362)
        at org.eclipse.jetty.util.thread.strategy.EatWhatYouKill.doProduce(EatWhatYouKill.java:186)
        at org.eclipse.jetty.util.thread.strategy.EatWhatYouKill.tryProduce(EatWhatYouKill.java:173)
        at org.eclipse.jetty.util.thread.strategy.EatWhatYouKill.produce(EatWhatYouKill.java:137)
        at org.eclipse.jetty.io.ManagedSelector$$Lambda$470/1528168968.run(Unknown Source)
        at org.eclipse.jetty.util.thread.QueuedThreadPool.runJob(QueuedThreadPool.java:883)
        at org.eclipse.jetty.util.thread.QueuedThreadPool$Runner.run(QueuedThreadPool.java:1034)
        at java.lang.Thread.run(Thread.java:750)
"Datanode ReportManager Thread - 4" daemon prio=5 tid=227 timed_waiting
java.lang.Thread.State: TIMED_WAITING
        at sun.misc.Unsafe.park(Native Method)
        at java.util.concurrent.locks.LockSupport.parkNanos(LockSupport.java:215)
        at java.util.concurrent.locks.AbstractQueuedSynchronizer$ConditionObject.awaitNanos(AbstractQueuedSynchronizer.java:2078)
        at java.util.concurrent.ScheduledThreadPoolExecutor$DelayedWorkQueue.take(ScheduledThreadPoolExecutor.java:1093)
        at java.util.concurrent.ScheduledThreadPoolExecutor$DelayedWorkQueue.take(ScheduledThreadPoolExecutor.java:809)
        at java.util.concurrent.ThreadPoolExecutor.getTask(ThreadPoolExecutor.java:1074)
        at java.util.concurrent.ThreadPoolExecutor.runWorker(ThreadPoolExecutor.java:1134)
        at java.util.concurrent.ThreadPoolExecutor$Worker.run(ThreadPoolExecutor.java:624)
        at java.lang.Thread.run(Thread.java:750)
"StaleRecoveringContainerScrubbingService#2" daemon prio=5 tid=663 in Object.wait()
java.lang.Thread.State: WAITING (on object monitor)
        at sun.misc.Unsafe.park(Native Method)
        at java.util.concurrent.locks.LockSupport.park(LockSupport.java:175)
        at java.util.concurrent.locks.AbstractQueuedSynchronizer$ConditionObject.await(AbstractQueuedSynchronizer.java:2039)
        at java.util.concurrent.ScheduledThreadPoolExecutor$DelayedWorkQueue.take(ScheduledThreadPoolExecutor.java:1088)
        at java.util.concurrent.ScheduledThreadPoolExecutor$DelayedWorkQueue.take(ScheduledThreadPoolExecutor.java:809)
        at java.util.concurrent.ThreadPoolExecutor.getTask(ThreadPoolExecutor.java:1074)
        at java.util.concurrent.ThreadPoolExecutor.runWorker(ThreadPoolExecutor.java:1134)
        at java.util.concurrent.ThreadPoolExecutor$Worker.run(ThreadPoolExecutor.java:624)
        at java.lang.Thread.run(Thread.java:750)
"pool-134-thread-1" daemon prio=5 tid=260 timed_waiting
java.lang.Thread.State: TIMED_WAITING
        at sun.misc.Unsafe.park(Native Method)
        at java.util.concurrent.locks.LockSupport.parkNanos(LockSupport.java:215)
        at java.util.concurrent.locks.AbstractQueuedSynchronizer$ConditionObject.awaitNanos(AbstractQueuedSynchronizer.java:2078)
        at java.util.concurrent.ScheduledThreadPoolExecutor$DelayedWorkQueue.take(ScheduledThreadPoolExecutor.java:1093)
        at java.util.concurrent.ScheduledThreadPoolExecutor$DelayedWorkQueue.take(ScheduledThreadPoolExecutor.java:809)
        at java.util.concurrent.ThreadPoolExecutor.getTask(ThreadPoolExecutor.java:1074)
        at java.util.concurrent.ThreadPoolExecutor.runWorker(ThreadPoolExecutor.java:1134)
        at java.util.concurrent.ThreadPoolExecutor$Worker.run(ThreadPoolExecutor.java:624)
        at java.lang.Thread.run(Thread.java:750)
"IPC Server handler 3 on default port 40853" daemon prio=5 tid=71 timed_waiting
java.lang.Thread.State: TIMED_WAITING
        at sun.misc.Unsafe.park(Native Method)
        at java.util.concurrent.locks.LockSupport.parkNanos(LockSupport.java:215)
        at java.util.concurrent.locks.AbstractQueuedSynchronizer$ConditionObject.awaitNanos(AbstractQueuedSynchronizer.java:2078)
        at java.util.concurrent.LinkedBlockingQueue.poll(LinkedBlockingQueue.java:467)
        at org.apache.hadoop.ipc.CallQueueManager.take(CallQueueManager.java:317)
        at org.apache.hadoop.ipc.Server$Handler.run(Server.java:2942)
"Datanode ReportManager Thread - 1" daemon prio=5 tid=276 in Object.wait()
java.lang.Thread.State: WAITING (on object monitor)
        at sun.misc.Unsafe.park(Native Method)
        at java.util.concurrent.locks.LockSupport.park(LockSupport.java:175)
        at java.util.concurrent.locks.AbstractQueuedSynchronizer$ConditionObject.await(AbstractQueuedSynchronizer.java:2039)
        at java.util.concurrent.ScheduledThreadPoolExecutor$DelayedWorkQueue.take(ScheduledThreadPoolExecutor.java:1088)
        at java.util.concurrent.ScheduledThreadPoolExecutor$DelayedWorkQueue.take(ScheduledThreadPoolExecutor.java:809)
        at java.util.concurrent.ThreadPoolExecutor.getTask(ThreadPoolExecutor.java:1074)
        at java.util.concurrent.ThreadPoolExecutor.runWorker(ThreadPoolExecutor.java:1134)
        at java.util.concurrent.ThreadPoolExecutor$Worker.run(ThreadPoolExecutor.java:624)
        at java.lang.Thread.run(Thread.java:750)
"Listener at 127.0.0.1/32813"  prio=5 tid=1 runnable
java.lang.Thread.State: RUNNABLE
        at java.lang.Thread.dumpThreads(Native Method)
        at java.lang.Thread.getAllStackTraces(Thread.java:1615)
        at org.apache.ozone.test.TimedOutTestsListener.buildThreadDump(TimedOutTestsListener.java:93)
        at org.apache.ozone.test.TimedOutTestsListener.buildThreadDiagnosticString(TimedOutTestsListener.java:79)
        at org.apache.ozone.test.GenericTestUtils.waitFor(GenericTestUtils.java:224)
        at org.apache.hadoop.hdds.scm.pipeline.TestRatisPipelineCreateAndDestroy.waitForPipelines(TestRatisPipelineCreateAndDestroy.java:179)
        at org.apache.hadoop.hdds.scm.pipeline.TestRatisPipelineCreateAndDestroy.testAutomaticPipelineCreationOnPipelineDestroy(TestRatisPipelineCreateAndDestroy.java:95)
        at sun.reflect.NativeMethodAccessorImpl.invoke0(Native Method)
        at sun.reflect.NativeMethodAccessorImpl.invoke(NativeMethodAccessorImpl.java:62)
        at sun.reflect.DelegatingMethodAccessorImpl.invoke(DelegatingMethodAccessorImpl.java:43)
        at java.lang.reflect.Method.invoke(Method.java:498)
        at org.junit.platform.commons.util.ReflectionUtils.invokeMethod(ReflectionUtils.java:725)
        at org.junit.jupiter.engine.execution.MethodInvocation.proceed(MethodInvocation.java:60)
        at org.junit.jupiter.engine.execution.InvocationInterceptorChain$ValidatingInvocation.proceed(InvocationInterceptorChain.java:131)
        at org.junit.jupiter.engine.extension.TimeoutInvocation.proceed(TimeoutInvocation.java:46)
        at org.junit.jupiter.engine.extension.TimeoutExtension.intercept(TimeoutExtension.java:149)
        at org.junit.jupiter.engine.extension.TimeoutExtension.interceptTestableMethod(TimeoutExtension.java:140)
        at org.junit.jupiter.engine.extension.TimeoutExtension.interceptTestMethod(TimeoutExtension.java:84)
        at org.junit.jupiter.engine.descriptor.TestMethodTestDescriptor$$Lambda$158/1010931249.apply(Unknown Source)
        at org.junit.jupiter.engine.execution.ExecutableInvoker$ReflectiveInterceptorCall.lambda$ofVoidMethod$0(ExecutableInvoker.java:115)
        at org.junit.jupiter.engine.execution.ExecutableInvoker$ReflectiveInterceptorCall$$Lambda$159/1043208434.apply(Unknown Source)
        at org.junit.jupiter.engine.execution.ExecutableInvoker.lambda$invoke$0(ExecutableInvoker.java:105)
        at org.junit.jupiter.engine.execution.ExecutableInvoker$$Lambda$316/1353530305.apply(Unknown Source)
        at org.junit.jupiter.engine.execution.InvocationInterceptorChain$InterceptedInvocation.proceed(InvocationInterceptorChain.java:106)
        at org.junit.jupiter.engine.execution.InvocationInterceptorChain.proceed(InvocationInterceptorChain.java:64)
        at org.junit.jupiter.engine.execution.InvocationInterceptorChain.chainAndInvoke(InvocationInterceptorChain.java:45)
        at org.junit.jupiter.engine.execution.InvocationInterceptorChain.invoke(InvocationInterceptorChain.java:37)
        at org.junit.jupiter.engine.execution.ExecutableInvoker.invoke(ExecutableInvoker.java:104)
        at org.junit.jupiter.engine.execution.ExecutableInvoker.invoke(ExecutableInvoker.java:98)
        at org.junit.jupiter.engine.descriptor.TestMethodTestDescriptor.lambda$invokeTestMethod$7(TestMethodTestDescriptor.java:214)
        at org.junit.jupiter.engine.descriptor.TestMethodTestDescriptor$$Lambda$337/1193471756.execute(Unknown Source)
        at org.junit.platform.engine.support.hierarchical.ThrowableCollector.execute(ThrowableCollector.java:73)
        at org.junit.jupiter.engine.descriptor.TestMethodTestDescriptor.invokeTestMethod(TestMethodTestDescriptor.java:210)
        at org.junit.jupiter.engine.descriptor.TestMethodTestDescriptor.execute(TestMethodTestDescriptor.java:135)
        at org.junit.jupiter.engine.descriptor.TestMethodTestDescriptor.execute(TestMethodTestDescriptor.java:66)
        at org.junit.platform.engine.support.hierarchical.NodeTestTask.lambda$executeRecursively$6(NodeTestTask.java:151)
        at org.junit.platform.engine.support.hierarchical.NodeTestTask$$Lambda$258/1965237677.execute(Unknown Source)
        at org.junit.platform.engine.support.hierarchical.ThrowableCollector.execute(ThrowableCollector.java:73)
        at org.junit.platform.engine.support.hierarchical.NodeTestTask.lambda$executeRecursively$8(NodeTestTask.java:141)
        at org.junit.platform.engine.support.hierarchical.NodeTestTask$$Lambda$257/710708543.invoke(Unknown Source)
        at org.junit.platform.engine.support.hierarchical.Node.around(Node.java:137)
        at org.junit.platform.engine.support.hierarchical.NodeTestTask.lambda$executeRecursively$9(NodeTestTask.java:139)
        at org.junit.platform.engine.support.hierarchical.NodeTestTask$$Lambda$256/2056031695.execute(Unknown Source)
        at org.junit.platform.engine.support.hierarchical.ThrowableCollector.execute(ThrowableCollector.java:73)
        at org.junit.platform.engine.support.hierarchical.NodeTestTask.executeRecursively(NodeTestTask.java:138)
        at org.junit.platform.engine.support.hierarchical.NodeTestTask.execute(NodeTestTask.java:95)
        at org.junit.platform.engine.support.hierarchical.SameThreadHierarchicalTestExecutorService$$Lambda$262/1709804316.accept(Unknown Source)
        at java.util.ArrayList.forEach(ArrayList.java:1259)
        at org.junit.platform.engine.support.hierarchical.SameThreadHierarchicalTestExecutorService.invokeAll(SameThreadHierarchicalTestExecutorService.java:41)
        at org.junit.platform.engine.support.hierarchical.NodeTestTask.lambda$executeRecursively$6(NodeTestTask.java:155)
        at org.junit.platform.engine.support.hierarchical.NodeTestTask$$Lambda$258/1965237677.execute(Unknown Source)
        at org.junit.platform.engine.support.hierarchical.ThrowableCollector.execute(ThrowableCollector.java:73)
        at org.junit.platform.engine.support.hierarchical.NodeTestTask.lambda$executeRecursively$8(NodeTestTask.java:141)
        at org.junit.platform.engine.support.hierarchical.NodeTestTask$$Lambda$257/710708543.invoke(Unknown Source)
        at org.junit.platform.engine.support.hierarchical.Node.around(Node.java:137)
        at org.junit.platform.engine.support.hierarchical.NodeTestTask.lambda$executeRecursively$9(NodeTestTask.java:139)
        at org.junit.platform.engine.support.hierarchical.NodeTestTask$$Lambda$256/2056031695.execute(Unknown Source)
        at org.junit.platform.engine.support.hierarchical.ThrowableCollector.execute(ThrowableCollector.java:73)
        at org.junit.platform.engine.support.hierarchical.NodeTestTask.executeRecursively(NodeTestTask.java:138)
        at org.junit.platform.engine.support.hierarchical.NodeTestTask.execute(NodeTestTask.java:95)
        at org.junit.platform.engine.support.hierarchical.SameThreadHierarchicalTestExecutorService$$Lambda$262/1709804316.accept(Unknown Source)
        at java.util.ArrayList.forEach(ArrayList.java:1259)
        at org.junit.platform.engine.support.hierarchical.SameThreadHierarchicalTestExecutorService.invokeAll(SameThreadHierarchicalTestExecutorService.java:41)
        at org.junit.platform.engine.support.hierarchical.NodeTestTask.lambda$executeRecursively$6(NodeTestTask.java:155)
        at org.junit.platform.engine.support.hierarchical.NodeTestTask$$Lambda$258/1965237677.execute(Unknown Source)
        at org.junit.platform.engine.support.hierarchical.ThrowableCollector.execute(ThrowableCollector.java:73)
        at org.junit.platform.engine.support.hierarchical.NodeTestTask.lambda$executeRecursively$8(NodeTestTask.java:141)
        at org.junit.platform.engine.support.hierarchical.NodeTestTask$$Lambda$257/710708543.invoke(Unknown Source)
        at org.junit.platform.engine.support.hierarchical.Node.around(Node.java:137)
        at org.junit.platform.engine.support.hierarchical.NodeTestTask.lambda$executeRecursively$9(NodeTestTask.java:139)
        at org.junit.platform.engine.support.hierarchical.NodeTestTask$$Lambda$256/2056031695.execute(Unknown Source)
        at org.junit.platform.engine.support.hierarchical.ThrowableCollector.execute(ThrowableCollector.java:73)
        at org.junit.platform.engine.support.hierarchical.NodeTestTask.executeRecursively(NodeTestTask.java:138)
        at org.junit.platform.engine.support.hierarchical.NodeTestTask.execute(NodeTestTask.java:95)
        at org.junit.platform.engine.support.hierarchical.SameThreadHierarchicalTestExecutorService.submit(SameThreadHierarchicalTestExecutorService.java:35)
        at org.junit.platform.engine.support.hierarchical.HierarchicalTestExecutor.execute(HierarchicalTestExecutor.java:57)
        at org.junit.platform.engine.support.hierarchical.HierarchicalTestEngine.execute(HierarchicalTestEngine.java:54)
        at org.junit.platform.launcher.core.EngineExecutionOrchestrator.execute(EngineExecutionOrchestrator.java:107)
        at org.junit.platform.launcher.core.EngineExecutionOrchestrator.execute(EngineExecutionOrchestrator.java:88)
        at org.junit.platform.launcher.core.EngineExecutionOrchestrator.lambda$execute$0(EngineExecutionOrchestrator.java:54)
        at org.junit.platform.launcher.core.EngineExecutionOrchestrator$$Lambda$214/1321530272.accept(Unknown Source)
        at org.junit.platform.launcher.core.EngineExecutionOrchestrator.withInterceptedStreams(EngineExecutionOrchestrator.java:67)
        at org.junit.platform.launcher.core.EngineExecutionOrchestrator.execute(EngineExecutionOrchestrator.java:52)
        at org.junit.platform.launcher.core.DefaultLauncher.execute(DefaultLauncher.java:114)
        at org.junit.platform.launcher.core.DefaultLauncher.execute(DefaultLauncher.java:86)
        at org.junit.platform.launcher.core.DefaultLauncherSession$DelegatingLauncher.execute(DefaultLauncherSession.java:86)
        at org.junit.platform.launcher.core.SessionPerRequestLauncher.execute(SessionPerRequestLauncher.java:53)
        at org.apache.maven.surefire.junitplatform.JUnitPlatformProvider.execute(JUnitPlatformProvider.java:188)
        at org.apache.maven.surefire.junitplatform.JUnitPlatformProvider.invokeAllTests(JUnitPlatformProvider.java:154)
        at org.apache.maven.surefire.junitplatform.JUnitPlatformProvider.invoke(JUnitPlatformProvider.java:124)
        at org.apache.maven.surefire.booter.ForkedBooter.runSuitesInProcess(ForkedBooter.java:428)
        at org.apache.maven.surefire.booter.ForkedBooter.execute(ForkedBooter.java:162)
        at org.apache.maven.surefire.booter.ForkedBooter.run(ForkedBooter.java:562)
        at org.apache.maven.surefire.booter.ForkedBooter.main(ForkedBooter.java:548)
"35d6043c-a711-468a-a34c-4c4022ea36e3@group-EE387B4BAA71-LeaderStateImpl" daemon prio=5 tid=596 timed_waiting
java.lang.Thread.State: TIMED_WAITING
        at sun.misc.Unsafe.park(Native Method)
        at java.util.concurrent.locks.LockSupport.parkNanos(LockSupport.java:215)
        at java.util.concurrent.locks.AbstractQueuedSynchronizer$ConditionObject.awaitNanos(AbstractQueuedSynchronizer.java:2078)
        at java.util.concurrent.ArrayBlockingQueue.poll(ArrayBlockingQueue.java:418)
        at org.apache.ratis.server.impl.LeaderStateImpl$EventQueue.poll(LeaderStateImpl.java:159)
        at org.apache.ratis.server.impl.LeaderStateImpl$EventProcessor.run(LeaderStateImpl.java:630)
"901bb4f9-d448-4097-b3df-3dc09329cc1b@group-EE387B4BAA71-FollowerState" daemon prio=5 tid=595 timed_waiting
java.lang.Thread.State: TIMED_WAITING
        at java.lang.Thread.sleep(Native Method)
        at java.lang.Thread.sleep(Thread.java:342)
        at java.util.concurrent.TimeUnit.sleep(TimeUnit.java:386)
        at org.apache.ratis.util.TimeDuration.sleep(TimeDuration.java:325)
        at org.apache.ratis.util.TimeDuration.sleep(TimeDuration.java:310)
        at org.apache.ratis.server.impl.FollowerState.run(FollowerState.java:128)
"qtp1046702013-297" daemon prio=5 tid=297 timed_waiting
java.lang.Thread.State: TIMED_WAITING
        at sun.misc.Unsafe.park(Native Method)
        at java.util.concurrent.locks.LockSupport.parkNanos(LockSupport.java:215)
        at java.util.concurrent.locks.AbstractQueuedSynchronizer$ConditionObject.awaitNanos(AbstractQueuedSynchronizer.java:2078)
        at org.eclipse.jetty.util.BlockingArrayQueue.poll(BlockingArrayQueue.java:382)
        at org.eclipse.jetty.util.thread.QueuedThreadPool$Runner.idleJobPoll(QueuedThreadPool.java:974)
        at org.eclipse.jetty.util.thread.QueuedThreadPool$Runner.run(QueuedThreadPool.java:1018)
        at java.lang.Thread.run(Thread.java:750)
"qtp869388783-146" daemon prio=5 tid=146 runnable
java.lang.Thread.State: RUNNABLE
        at sun.nio.ch.EPollArrayWrapper.epollWait(Native Method)
        at sun.nio.ch.EPollArrayWrapper.poll(EPollArrayWrapper.java:269)
        at sun.nio.ch.EPollSelectorImpl.doSelect(EPollSelectorImpl.java:93)
        at sun.nio.ch.SelectorImpl.lockAndDoSelect(SelectorImpl.java:86)
        at sun.nio.ch.SelectorImpl.select(SelectorImpl.java:97)
        at sun.nio.ch.SelectorImpl.select(SelectorImpl.java:101)
        at org.eclipse.jetty.io.ManagedSelector.nioSelect(ManagedSelector.java:183)
        at org.eclipse.jetty.io.ManagedSelector.select(ManagedSelector.java:190)
        at org.eclipse.jetty.io.ManagedSelector$SelectorProducer.select(ManagedSelector.java:606)
        at org.eclipse.jetty.io.ManagedSelector$SelectorProducer.produce(ManagedSelector.java:543)
        at org.eclipse.jetty.util.thread.strategy.EatWhatYouKill.produceTask(EatWhatYouKill.java:362)
        at org.eclipse.jetty.util.thread.strategy.EatWhatYouKill.doProduce(EatWhatYouKill.java:186)
        at org.eclipse.jetty.util.thread.strategy.EatWhatYouKill.tryProduce(EatWhatYouKill.java:173)
        at org.eclipse.jetty.util.thread.strategy.EatWhatYouKill.produce(EatWhatYouKill.java:137)
        at org.eclipse.jetty.io.ManagedSelector$$Lambda$470/1528168968.run(Unknown Source)
        at org.eclipse.jetty.util.thread.QueuedThreadPool.runJob(QueuedThreadPool.java:883)
        at org.eclipse.jetty.util.thread.QueuedThreadPool$Runner.run(QueuedThreadPool.java:1034)
        at java.lang.Thread.run(Thread.java:750)
"IPC Server handler 14 on default port 46277" daemon prio=5 tid=62 timed_waiting
java.lang.Thread.State: TIMED_WAITING
        at sun.misc.Unsafe.park(Native Method)
        at java.util.concurrent.locks.LockSupport.parkNanos(LockSupport.java:215)
        at java.util.concurrent.locks.AbstractQueuedSynchronizer$ConditionObject.awaitNanos(AbstractQueuedSynchronizer.java:2078)
        at java.util.concurrent.LinkedBlockingQueue.poll(LinkedBlockingQueue.java:467)
        at org.apache.hadoop.ipc.CallQueueManager.take(CallQueueManager.java:317)
        at org.apache.hadoop.ipc.Server$Handler.run(Server.java:2942)
"Datanode State Machine Daemon Thread" daemon prio=5 tid=274 timed_waiting
java.lang.Thread.State: TIMED_WAITING
        at java.lang.Thread.sleep(Native Method)
        at org.apache.hadoop.ozone.container.common.statemachine.DatanodeStateMachine.startStateMachineThread(DatanodeStateMachine.java:321)
        at org.apache.hadoop.ozone.container.common.statemachine.DatanodeStateMachine.lambda$startDaemon$0(DatanodeStateMachine.java:506)
        at org.apache.hadoop.ozone.container.common.statemachine.DatanodeStateMachine$$Lambda$775/1698825479.run(Unknown Source)
        at java.lang.Thread.run(Thread.java:750)
"StaleRecoveringContainerScrubbingService#1" daemon prio=5 tid=413 timed_waiting
java.lang.Thread.State: TIMED_WAITING
        at sun.misc.Unsafe.park(Native Method)
        at java.util.concurrent.locks.LockSupport.parkNanos(LockSupport.java:215)
        at java.util.concurrent.locks.AbstractQueuedSynchronizer$ConditionObject.awaitNanos(AbstractQueuedSynchronizer.java:2078)
        at java.util.concurrent.ScheduledThreadPoolExecutor$DelayedWorkQueue.take(ScheduledThreadPoolExecutor.java:1093)
        at java.util.concurrent.ScheduledThreadPoolExecutor$DelayedWorkQueue.take(ScheduledThreadPoolExecutor.java:809)
        at java.util.concurrent.ThreadPoolExecutor.getTask(ThreadPoolExecutor.java:1074)
        at java.util.concurrent.ThreadPoolExecutor.runWorker(ThreadPoolExecutor.java:1134)
        at java.util.concurrent.ThreadPoolExecutor$Worker.run(ThreadPoolExecutor.java:624)
        at java.lang.Thread.run(Thread.java:750)
"ChunkReader-ELG-0" daemon prio=5 tid=379 runnable
java.lang.Thread.State: RUNNABLE
        at org.apache.ratis.thirdparty.io.netty.channel.epoll.Native.epollWait(Native Method)
        at org.apache.ratis.thirdparty.io.netty.channel.epoll.Native.epollWait(Native.java:209)
        at org.apache.ratis.thirdparty.io.netty.channel.epoll.Native.epollWait(Native.java:202)
        at org.apache.ratis.thirdparty.io.netty.channel.epoll.EpollEventLoop.epollWaitNoTimerChange(EpollEventLoop.java:294)
        at org.apache.ratis.thirdparty.io.netty.channel.epoll.EpollEventLoop.run(EpollEventLoop.java:351)
        at org.apache.ratis.thirdparty.io.netty.util.concurrent.SingleThreadEventExecutor$4.run(SingleThreadEventExecutor.java:995)
        at org.apache.ratis.thirdparty.io.netty.util.internal.ThreadExecutorMap$2.run(ThreadExecutorMap.java:74)
        at java.lang.Thread.run(Thread.java:750)
"Command processor thread" daemon prio=5 tid=228 timed_waiting
java.lang.Thread.State: TIMED_WAITING
        at java.lang.Thread.sleep(Native Method)
        at org.apache.hadoop.ozone.container.common.statemachine.DatanodeStateMachine.lambda$initCommandHandlerThread$3(DatanodeStateMachine.java:641)
        at org.apache.hadoop.ozone.container.common.statemachine.DatanodeStateMachine$$Lambda$777/1880619706.run(Unknown Source)
        at java.lang.Thread.run(Thread.java:750)
"Datanode ReportManager Thread - 1" daemon prio=5 tid=196 in Object.wait()
java.lang.Thread.State: WAITING (on object monitor)
        at sun.misc.Unsafe.park(Native Method)
        at java.util.concurrent.locks.LockSupport.park(LockSupport.java:175)
        at java.util.concurrent.locks.AbstractQueuedSynchronizer$ConditionObject.await(AbstractQueuedSynchronizer.java:2039)
        at java.util.concurrent.ScheduledThreadPoolExecutor$DelayedWorkQueue.take(ScheduledThreadPoolExecutor.java:1088)
        at java.util.concurrent.ScheduledThreadPoolExecutor$DelayedWorkQueue.take(ScheduledThreadPoolExecutor.java:809)
        at java.util.concurrent.ThreadPoolExecutor.getTask(ThreadPoolExecutor.java:1074)
        at java.util.concurrent.ThreadPoolExecutor.runWorker(ThreadPoolExecutor.java:1134)
        at java.util.concurrent.ThreadPoolExecutor$Worker.run(ThreadPoolExecutor.java:624)
        at java.lang.Thread.run(Thread.java:750)
"26c35b0c-04d0-419a-bd9f-9a0c5cb2698b@group-168BE77AF746-SegmentedRaftLogWorker"  prio=5 tid=417 timed_waiting
java.lang.Thread.State: TIMED_WAITING
        at sun.misc.Unsafe.park(Native Method)
        at java.util.concurrent.locks.LockSupport.parkNanos(LockSupport.java:215)
        at java.util.concurrent.locks.AbstractQueuedSynchronizer$ConditionObject.awaitNanos(AbstractQueuedSynchronizer.java:2078)
        at org.apache.ratis.util.DataBlockingQueue.poll(DataBlockingQueue.java:148)
        at org.apache.ratis.server.raftlog.segmented.SegmentedRaftLogWorker.run(SegmentedRaftLogWorker.java:310)
        at org.apache.ratis.server.raftlog.segmented.SegmentedRaftLogWorker$$Lambda$689/1539916730.run(Unknown Source)
        at java.lang.Thread.run(Thread.java:750)
"Datanode State Machine Daemon Thread" daemon prio=5 tid=194 timed_waiting
java.lang.Thread.State: TIMED_WAITING
        at java.lang.Thread.sleep(Native Method)
        at org.apache.hadoop.ozone.container.common.statemachine.DatanodeStateMachine.startStateMachineThread(DatanodeStateMachine.java:321)
        at org.apache.hadoop.ozone.container.common.statemachine.DatanodeStateMachine.lambda$startDaemon$0(DatanodeStateMachine.java:506)
        at org.apache.hadoop.ozone.container.common.statemachine.DatanodeStateMachine$$Lambda$775/1698825479.run(Unknown Source)
        at java.lang.Thread.run(Thread.java:750)
"junit-jupiter-timeout-watcher"  prio=10 tid=12 timed_waiting
java.lang.Thread.State: TIMED_WAITING
        at sun.misc.Unsafe.park(Native Method)
        at java.util.concurrent.locks.LockSupport.parkNanos(LockSupport.java:215)
        at java.util.concurrent.locks.AbstractQueuedSynchronizer$ConditionObject.awaitNanos(AbstractQueuedSynchronizer.java:2078)
        at java.util.concurrent.ScheduledThreadPoolExecutor$DelayedWorkQueue.take(ScheduledThreadPoolExecutor.java:1093)
        at java.util.concurrent.ScheduledThreadPoolExecutor$DelayedWorkQueue.take(ScheduledThreadPoolExecutor.java:809)
        at java.util.concurrent.ThreadPoolExecutor.getTask(ThreadPoolExecutor.java:1074)
        at java.util.concurrent.ThreadPoolExecutor.runWorker(ThreadPoolExecutor.java:1134)
        at java.util.concurrent.ThreadPoolExecutor$Worker.run(ThreadPoolExecutor.java:624)
        at java.lang.Thread.run(Thread.java:750)
"KeyDeletingService#0" daemon prio=5 tid=142 timed_waiting
java.lang.Thread.State: TIMED_WAITING
        at sun.misc.Unsafe.park(Native Method)
        at java.util.concurrent.locks.LockSupport.parkNanos(LockSupport.java:215)
        at java.util.concurrent.locks.AbstractQueuedSynchronizer$ConditionObject.awaitNanos(AbstractQueuedSynchronizer.java:2078)
        at java.util.concurrent.ScheduledThreadPoolExecutor$DelayedWorkQueue.take(ScheduledThreadPoolExecutor.java:1093)
        at java.util.concurrent.ScheduledThreadPoolExecutor$DelayedWorkQueue.take(ScheduledThreadPoolExecutor.java:809)
        at java.util.concurrent.ThreadPoolExecutor.getTask(ThreadPoolExecutor.java:1074)
        at java.util.concurrent.ThreadPoolExecutor.runWorker(ThreadPoolExecutor.java:1134)
        at java.util.concurrent.ThreadPoolExecutor$Worker.run(ThreadPoolExecutor.java:624)
        at java.lang.Thread.run(Thread.java:750)
"ChunkWriter-1-0" daemon prio=5 tid=387 in Object.wait()
java.lang.Thread.State: WAITING (on object monitor)
        at sun.misc.Unsafe.park(Native Method)
        at java.util.concurrent.locks.LockSupport.park(LockSupport.java:175)
        at java.util.concurrent.locks.AbstractQueuedSynchronizer$ConditionObject.await(AbstractQueuedSynchronizer.java:2039)
        at java.util.concurrent.LinkedBlockingDeque.takeFirst(LinkedBlockingDeque.java:492)
        at java.util.concurrent.LinkedBlockingDeque.take(LinkedBlockingDeque.java:680)
        at java.util.concurrent.ThreadPoolExecutor.getTask(ThreadPoolExecutor.java:1074)
        at java.util.concurrent.ThreadPoolExecutor.runWorker(ThreadPoolExecutor.java:1134)
        at java.util.concurrent.ThreadPoolExecutor$Worker.run(ThreadPoolExecutor.java:624)
        at java.lang.Thread.run(Thread.java:750)
"35d6043c-a711-468a-a34c-4c4022ea36e3@group-EE387B4BAA71->26c35b0c-04d0-419a-bd9f-9a0c5cb2698b-GrpcLogAppender-LogAppenderDaemon" daemon prio=5 tid=598 timed_waiting
java.lang.Thread.State: TIMED_WAITING
        at sun.misc.Unsafe.park(Native Method)
        at java.util.concurrent.locks.LockSupport.parkNanos(LockSupport.java:215)
        at java.util.concurrent.CompletableFuture$Signaller.block(CompletableFuture.java:1709)
        at java.util.concurrent.ForkJoinPool.managedBlock(ForkJoinPool.java:3323)
        at java.util.concurrent.CompletableFuture.timedGet(CompletableFuture.java:1788)
        at java.util.concurrent.CompletableFuture.get(CompletableFuture.java:1928)
        at org.apache.ratis.util.AwaitForSignal.await(AwaitForSignal.java:56)
        at org.apache.ratis.grpc.server.GrpcLogAppender.mayWait(GrpcLogAppender.java:198)
        at org.apache.ratis.grpc.server.GrpcLogAppender.run(GrpcLogAppender.java:148)
        at org.apache.ratis.server.leader.LogAppenderDaemon.run(LogAppenderDaemon.java:78)
        at org.apache.ratis.server.leader.LogAppenderDaemon$$Lambda$1064/756315265.run(Unknown Source)
        at java.lang.Thread.run(Thread.java:750)
"26c35b0c-04d0-419a-bd9f-9a0c5cb2698b@group-EE387B4BAA71-StateMachineUpdater" daemon prio=5 tid=448 timed_waiting
java.lang.Thread.State: TIMED_WAITING
        at sun.misc.Unsafe.park(Native Method)
        at java.util.concurrent.locks.LockSupport.parkNanos(LockSupport.java:215)
        at java.util.concurrent.CompletableFuture$Signaller.block(CompletableFuture.java:1709)
        at java.util.concurrent.ForkJoinPool.managedBlock(ForkJoinPool.java:3323)
        at java.util.concurrent.CompletableFuture.timedGet(CompletableFuture.java:1788)
        at java.util.concurrent.CompletableFuture.get(CompletableFuture.java:1928)
        at org.apache.ratis.util.AwaitForSignal.await(AwaitForSignal.java:56)
        at org.apache.ratis.server.impl.StateMachineUpdater.waitForCommit(StateMachineUpdater.java:207)
        at org.apache.ratis.server.impl.StateMachineUpdater.run(StateMachineUpdater.java:176)
        at java.lang.Thread.run(Thread.java:750)
"IPC Server handler 19 on default port 45735" daemon prio=5 tid=107 timed_waiting
java.lang.Thread.State: TIMED_WAITING
        at sun.misc.Unsafe.park(Native Method)
        at java.util.concurrent.locks.LockSupport.parkNanos(LockSupport.java:215)
        at java.util.concurrent.locks.AbstractQueuedSynchronizer$ConditionObject.awaitNanos(AbstractQueuedSynchronizer.java:2078)
        at java.util.concurrent.LinkedBlockingQueue.poll(LinkedBlockingQueue.java:467)
        at org.apache.hadoop.ipc.CallQueueManager.take(CallQueueManager.java:317)
        at org.apache.hadoop.ipc.Server$Handler.run(Server.java:2942)
"BlockDeletingService#0" daemon prio=5 tid=392 in Object.wait()
java.lang.Thread.State: WAITING (on object monitor)
        at sun.misc.Unsafe.park(Native Method)
        at java.util.concurrent.locks.LockSupport.park(LockSupport.java:175)
        at java.util.concurrent.locks.AbstractQueuedSynchronizer$ConditionObject.await(AbstractQueuedSynchronizer.java:2039)
        at java.util.concurrent.ScheduledThreadPoolExecutor$DelayedWorkQueue.take(ScheduledThreadPoolExecutor.java:1088)
        at java.util.concurrent.ScheduledThreadPoolExecutor$DelayedWorkQueue.take(ScheduledThreadPoolExecutor.java:809)
        at java.util.concurrent.ThreadPoolExecutor.getTask(ThreadPoolExecutor.java:1074)
        at java.util.concurrent.ThreadPoolExecutor.runWorker(ThreadPoolExecutor.java:1134)
        at java.util.concurrent.ThreadPoolExecutor$Worker.run(ThreadPoolExecutor.java:624)
        at java.lang.Thread.run(Thread.java:750)
"Command processor thread" daemon prio=5 tid=254 timed_waiting
java.lang.Thread.State: TIMED_WAITING
        at java.lang.Thread.sleep(Native Method)
        at org.apache.hadoop.ozone.container.common.statemachine.DatanodeStateMachine.lambda$initCommandHandlerThread$3(DatanodeStateMachine.java:641)
        at org.apache.hadoop.ozone.container.common.statemachine.DatanodeStateMachine$$Lambda$777/1880619706.run(Unknown Source)
        at java.lang.Thread.run(Thread.java:750)
"Datanode ReportManager Thread - 1" daemon prio=5 tid=302 timed_waiting
java.lang.Thread.State: TIMED_WAITING
        at sun.misc.Unsafe.park(Native Method)
        at java.util.concurrent.locks.LockSupport.parkNanos(LockSupport.java:215)
        at java.util.concurrent.locks.AbstractQueuedSynchronizer$ConditionObject.awaitNanos(AbstractQueuedSynchronizer.java:2078)
        at java.util.concurrent.ScheduledThreadPoolExecutor$DelayedWorkQueue.take(ScheduledThreadPoolExecutor.java:1093)
        at java.util.concurrent.ScheduledThreadPoolExecutor$DelayedWorkQueue.take(ScheduledThreadPoolExecutor.java:809)
        at java.util.concurrent.ThreadPoolExecutor.getTask(ThreadPoolExecutor.java:1074)
        at java.util.concurrent.ThreadPoolExecutor.runWorker(ThreadPoolExecutor.java:1134)
        at java.util.concurrent.ThreadPoolExecutor$Worker.run(ThreadPoolExecutor.java:624)
        at java.lang.Thread.run(Thread.java:750)
"BlockDeletingService#0" daemon prio=5 tid=410 in Object.wait()
java.lang.Thread.State: WAITING (on object monitor)
        at sun.misc.Unsafe.park(Native Method)
        at java.util.concurrent.locks.LockSupport.park(LockSupport.java:175)
        at java.util.concurrent.locks.AbstractQueuedSynchronizer$ConditionObject.await(AbstractQueuedSynchronizer.java:2039)
        at java.util.concurrent.ScheduledThreadPoolExecutor$DelayedWorkQueue.take(ScheduledThreadPoolExecutor.java:1088)
        at java.util.concurrent.ScheduledThreadPoolExecutor$DelayedWorkQueue.take(ScheduledThreadPoolExecutor.java:809)
        at java.util.concurrent.ThreadPoolExecutor.getTask(ThreadPoolExecutor.java:1074)
        at java.util.concurrent.ThreadPoolExecutor.runWorker(ThreadPoolExecutor.java:1134)
        at java.util.concurrent.ThreadPoolExecutor$Worker.run(ThreadPoolExecutor.java:624)
        at java.lang.Thread.run(Thread.java:750)
"JvmPauseMonitor4" daemon prio=5 tid=378 timed_waiting
java.lang.Thread.State: TIMED_WAITING
        at java.lang.Thread.sleep(Native Method)
        at java.lang.Thread.sleep(Thread.java:342)
        at java.util.concurrent.TimeUnit.sleep(TimeUnit.java:386)
        at org.apache.ratis.util.TimeDuration.sleep(TimeDuration.java:325)
        at org.apache.ratis.util.TimeDuration.sleep(TimeDuration.java:310)
        at org.apache.ratis.util.JvmPauseMonitor.detectPause(JvmPauseMonitor.java:119)
        at org.apache.ratis.util.JvmPauseMonitor.run(JvmPauseMonitor.java:108)
        at org.apache.ratis.util.JvmPauseMonitor$$Lambda$730/1689291213.run(Unknown Source)
        at java.lang.Thread.run(Thread.java:750)
"Datanode ReportManager Thread - 2" daemon prio=5 tid=197 in Object.wait()
java.lang.Thread.State: WAITING (on object monitor)
        at sun.misc.Unsafe.park(Native Method)
        at java.util.concurrent.locks.LockSupport.park(LockSupport.java:175)
        at java.util.concurrent.locks.AbstractQueuedSynchronizer$ConditionObject.await(AbstractQueuedSynchronizer.java:2039)
        at java.util.concurrent.ScheduledThreadPoolExecutor$DelayedWorkQueue.take(ScheduledThreadPoolExecutor.java:1088)
        at java.util.concurrent.ScheduledThreadPoolExecutor$DelayedWorkQueue.take(ScheduledThreadPoolExecutor.java:809)
        at java.util.concurrent.ThreadPoolExecutor.getTask(ThreadPoolExecutor.java:1074)
        at java.util.concurrent.ThreadPoolExecutor.runWorker(ThreadPoolExecutor.java:1134)
        at java.util.concurrent.ThreadPoolExecutor$Worker.run(ThreadPoolExecutor.java:624)
        at java.lang.Thread.run(Thread.java:750)
"IPC Server handler 0 on default port 32813" daemon prio=5 tid=155 timed_waiting
java.lang.Thread.State: TIMED_WAITING
        at sun.misc.Unsafe.park(Native Method)
        at java.util.concurrent.locks.LockSupport.parkNanos(LockSupport.java:215)
        at java.util.concurrent.locks.AbstractQueuedSynchronizer$ConditionObject.awaitNanos(AbstractQueuedSynchronizer.java:2078)
        at java.util.concurrent.LinkedBlockingQueue.poll(LinkedBlockingQueue.java:467)
        at org.apache.hadoop.ipc.CallQueueManager.take(CallQueueManager.java:317)
        at org.apache.hadoop.ipc.Server$Handler.run(Server.java:2942)
"Datanode State Machine Task Thread - 1"  prio=5 tid=396 in Object.wait()
java.lang.Thread.State: WAITING (on object monitor)
        at sun.misc.Unsafe.park(Native Method)
        at java.util.concurrent.locks.LockSupport.park(LockSupport.java:175)
        at java.util.concurrent.locks.AbstractQueuedSynchronizer$ConditionObject.await(AbstractQueuedSynchronizer.java:2039)
        at java.util.concurrent.LinkedBlockingQueue.take(LinkedBlockingQueue.java:442)
        at java.util.concurrent.ThreadPoolExecutor.getTask(ThreadPoolExecutor.java:1074)
        at java.util.concurrent.ThreadPoolExecutor.runWorker(ThreadPoolExecutor.java:1134)
        at java.util.concurrent.ThreadPoolExecutor$Worker.run(ThreadPoolExecutor.java:624)
        at java.lang.Thread.run(Thread.java:750)
"EndpointStateMachine task thread for /0.0.0.0:45735 - 0 "  prio=5 tid=336 in Object.wait()
java.lang.Thread.State: WAITING (on object monitor)
        at sun.misc.Unsafe.park(Native Method)
        at java.util.concurrent.locks.LockSupport.park(LockSupport.java:175)
        at java.util.concurrent.locks.AbstractQueuedSynchronizer$ConditionObject.await(AbstractQueuedSynchronizer.java:2039)
        at java.util.concurrent.LinkedBlockingQueue.take(LinkedBlockingQueue.java:442)
        at java.util.concurrent.ThreadPoolExecutor.getTask(ThreadPoolExecutor.java:1074)
        at java.util.concurrent.ThreadPoolExecutor.runWorker(ThreadPoolExecutor.java:1134)
        at java.util.concurrent.ThreadPoolExecutor$Worker.run(ThreadPoolExecutor.java:624)
        at java.lang.Thread.run(Thread.java:750)
"Datanode ReportManager Thread - 2" daemon prio=5 tid=329 in Object.wait()
java.lang.Thread.State: WAITING (on object monitor)
        at sun.misc.Unsafe.park(Native Method)
        at java.util.concurrent.locks.LockSupport.park(LockSupport.java:175)
        at java.util.concurrent.locks.AbstractQueuedSynchronizer$ConditionObject.await(AbstractQueuedSynchronizer.java:2039)
        at java.util.concurrent.ScheduledThreadPoolExecutor$DelayedWorkQueue.take(ScheduledThreadPoolExecutor.java:1088)
        at java.util.concurrent.ScheduledThreadPoolExecutor$DelayedWorkQueue.take(ScheduledThreadPoolExecutor.java:809)
        at java.util.concurrent.ThreadPoolExecutor.getTask(ThreadPoolExecutor.java:1074)
        at java.util.concurrent.ThreadPoolExecutor.runWorker(ThreadPoolExecutor.java:1134)
        at java.util.concurrent.ThreadPoolExecutor$Worker.run(ThreadPoolExecutor.java:624)
        at java.lang.Thread.run(Thread.java:750)
"Session-HouseKeeper-9c8d7e2-1"  prio=5 tid=325 timed_waiting
java.lang.Thread.State: TIMED_WAITING
        at sun.misc.Unsafe.park(Native Method)
        at java.util.concurrent.locks.LockSupport.parkNanos(LockSupport.java:215)
        at java.util.concurrent.locks.AbstractQueuedSynchronizer$ConditionObject.awaitNanos(AbstractQueuedSynchronizer.java:2078)
        at java.util.concurrent.ScheduledThreadPoolExecutor$DelayedWorkQueue.take(ScheduledThreadPoolExecutor.java:1093)
        at java.util.concurrent.ScheduledThreadPoolExecutor$DelayedWorkQueue.take(ScheduledThreadPoolExecutor.java:809)
        at java.util.concurrent.ThreadPoolExecutor.getTask(ThreadPoolExecutor.java:1074)
        at java.util.concurrent.ThreadPoolExecutor.runWorker(ThreadPoolExecutor.java:1134)
        at java.util.concurrent.ThreadPoolExecutor$Worker.run(ThreadPoolExecutor.java:624)
        at java.lang.Thread.run(Thread.java:750)
"qtp475465260-185" daemon prio=5 tid=185 runnable
java.lang.Thread.State: RUNNABLE
        at sun.nio.ch.EPollArrayWrapper.epollWait(Native Method)
        at sun.nio.ch.EPollArrayWrapper.poll(EPollArrayWrapper.java:269)
        at sun.nio.ch.EPollSelectorImpl.doSelect(EPollSelectorImpl.java:93)
        at sun.nio.ch.SelectorImpl.lockAndDoSelect(SelectorImpl.java:86)
        at sun.nio.ch.SelectorImpl.select(SelectorImpl.java:97)
        at sun.nio.ch.SelectorImpl.select(SelectorImpl.java:101)
        at org.eclipse.jetty.io.ManagedSelector.nioSelect(ManagedSelector.java:183)
        at org.eclipse.jetty.io.ManagedSelector.select(ManagedSelector.java:190)
        at org.eclipse.jetty.io.ManagedSelector$SelectorProducer.select(ManagedSelector.java:606)
        at org.eclipse.jetty.io.ManagedSelector$SelectorProducer.produce(ManagedSelector.java:543)
        at org.eclipse.jetty.util.thread.strategy.EatWhatYouKill.produceTask(EatWhatYouKill.java:362)
        at org.eclipse.jetty.util.thread.strategy.EatWhatYouKill.doProduce(EatWhatYouKill.java:186)
        at org.eclipse.jetty.util.thread.strategy.EatWhatYouKill.tryProduce(EatWhatYouKill.java:173)
        at org.eclipse.jetty.util.thread.strategy.EatWhatYouKill.produce(EatWhatYouKill.java:137)
        at org.eclipse.jetty.io.ManagedSelector$$Lambda$470/1528168968.run(Unknown Source)
        at org.eclipse.jetty.util.thread.QueuedThreadPool.runJob(QueuedThreadPool.java:883)
        at org.eclipse.jetty.util.thread.QueuedThreadPool$Runner.run(QueuedThreadPool.java:1034)
        at java.lang.Thread.run(Thread.java:750)
"26c35b0c-04d0-419a-bd9f-9a0c5cb2698b@group-168BE77AF746-LeaderStateImpl" daemon prio=5 tid=492 timed_waiting
java.lang.Thread.State: TIMED_WAITING
        at sun.misc.Unsafe.park(Native Method)
        at java.util.concurrent.locks.LockSupport.parkNanos(LockSupport.java:215)
        at java.util.concurrent.locks.AbstractQueuedSynchronizer$ConditionObject.awaitNanos(AbstractQueuedSynchronizer.java:2078)
        at java.util.concurrent.ArrayBlockingQueue.poll(ArrayBlockingQueue.java:418)
        at org.apache.ratis.server.impl.LeaderStateImpl$EventQueue.poll(LeaderStateImpl.java:159)
        at org.apache.ratis.server.impl.LeaderStateImpl$EventProcessor.run(LeaderStateImpl.java:630)
"FixedThreadPoolWithAffinityExecutor-1-0" daemon prio=5 tid=37 timed_waiting
java.lang.Thread.State: TIMED_WAITING
        at sun.misc.Unsafe.park(Native Method)
        at java.util.concurrent.locks.LockSupport.parkNanos(LockSupport.java:215)
        at java.util.concurrent.locks.AbstractQueuedSynchronizer$ConditionObject.awaitNanos(AbstractQueuedSynchronizer.java:2078)
        at java.util.concurrent.LinkedBlockingQueue.poll(LinkedBlockingQueue.java:467)
        at org.apache.hadoop.hdds.scm.server.ContainerReportQueue.poll(ContainerReportQueue.java:266)
        at org.apache.hadoop.hdds.scm.server.ContainerReportQueue.poll(ContainerReportQueue.java:42)
        at org.apache.hadoop.hdds.server.events.FixedThreadPoolWithAffinityExecutor$ContainerReportProcessTask.run(FixedThreadPoolWithAffinityExecutor.java:218)
        at java.util.concurrent.Executors$RunnableAdapter.call(Executors.java:511)
        at java.util.concurrent.FutureTask.run(FutureTask.java:266)
        at java.util.concurrent.ThreadPoolExecutor.runWorker(ThreadPoolExecutor.java:1149)
        at java.util.concurrent.ThreadPoolExecutor$Worker.run(ThreadPoolExecutor.java:624)
        at java.lang.Thread.run(Thread.java:750)
"Datanode ReportManager Thread - 1" daemon prio=5 tid=250 in Object.wait()
java.lang.Thread.State: WAITING (on object monitor)
        at sun.misc.Unsafe.park(Native Method)
        at java.util.concurrent.locks.LockSupport.park(LockSupport.java:175)
        at java.util.concurrent.locks.AbstractQueuedSynchronizer$ConditionObject.await(AbstractQueuedSynchronizer.java:2039)
        at java.util.concurrent.ScheduledThreadPoolExecutor$DelayedWorkQueue.take(ScheduledThreadPoolExecutor.java:1088)
        at java.util.concurrent.ScheduledThreadPoolExecutor$DelayedWorkQueue.take(ScheduledThreadPoolExecutor.java:809)
        at java.util.concurrent.ThreadPoolExecutor.getTask(ThreadPoolExecutor.java:1074)
        at java.util.concurrent.ThreadPoolExecutor.runWorker(ThreadPoolExecutor.java:1134)
        at java.util.concurrent.ThreadPoolExecutor$Worker.run(ThreadPoolExecutor.java:624)
        at java.lang.Thread.run(Thread.java:750)
"DirectoryDeletingService#0" daemon prio=5 tid=143 timed_waiting
java.lang.Thread.State: TIMED_WAITING
        at sun.misc.Unsafe.park(Native Method)
        at java.util.concurrent.locks.LockSupport.parkNanos(LockSupport.java:215)
        at java.util.concurrent.locks.AbstractQueuedSynchronizer$ConditionObject.awaitNanos(AbstractQueuedSynchronizer.java:2078)
        at java.util.concurrent.ScheduledThreadPoolExecutor$DelayedWorkQueue.take(ScheduledThreadPoolExecutor.java:1093)
        at java.util.concurrent.ScheduledThreadPoolExecutor$DelayedWorkQueue.take(ScheduledThreadPoolExecutor.java:809)
        at java.util.concurrent.ThreadPoolExecutor.getTask(ThreadPoolExecutor.java:1074)
        at java.util.concurrent.ThreadPoolExecutor.runWorker(ThreadPoolExecutor.java:1134)
        at java.util.concurrent.ThreadPoolExecutor$Worker.run(ThreadPoolExecutor.java:624)
        at java.lang.Thread.run(Thread.java:750)
"IPC Server idle connection scanner for port 46277" daemon prio=5 tid=34 timed_waiting
java.lang.Thread.State: TIMED_WAITING
        at java.lang.Object.wait(Native Method)
        at java.util.TimerThread.mainLoop(Timer.java:552)
        at java.util.TimerThread.run(Timer.java:505)
"18b389ac-e92e-45af-bb8d-005344dac216@group-841363C15B84-SegmentedRaftLogWorker"  prio=5 tid=465 timed_waiting
java.lang.Thread.State: TIMED_WAITING
        at sun.misc.Unsafe.park(Native Method)
        at java.util.concurrent.locks.LockSupport.parkNanos(LockSupport.java:215)
        at java.util.concurrent.locks.AbstractQueuedSynchronizer$ConditionObject.awaitNanos(AbstractQueuedSynchronizer.java:2078)
        at org.apache.ratis.util.DataBlockingQueue.poll(DataBlockingQueue.java:148)
        at org.apache.ratis.server.raftlog.segmented.SegmentedRaftLogWorker.run(SegmentedRaftLogWorker.java:310)
        at org.apache.ratis.server.raftlog.segmented.SegmentedRaftLogWorker$$Lambda$689/1539916730.run(Unknown Source)
        at java.lang.Thread.run(Thread.java:750)
"35d6043c-a711-468a-a34c-4c4022ea36e3@group-EE387B4BAA71-SegmentedRaftLogWorker"  prio=5 tid=442 timed_waiting
java.lang.Thread.State: TIMED_WAITING
        at sun.misc.Unsafe.park(Native Method)
        at java.util.concurrent.locks.LockSupport.parkNanos(LockSupport.java:215)
        at java.util.concurrent.locks.AbstractQueuedSynchronizer$ConditionObject.awaitNanos(AbstractQueuedSynchronizer.java:2078)
        at org.apache.ratis.util.DataBlockingQueue.poll(DataBlockingQueue.java:148)
        at org.apache.ratis.server.raftlog.segmented.SegmentedRaftLogWorker.run(SegmentedRaftLogWorker.java:310)
        at org.apache.ratis.server.raftlog.segmented.SegmentedRaftLogWorker$$Lambda$689/1539916730.run(Unknown Source)
        at java.lang.Thread.run(Thread.java:750)
"StaleRecoveringContainerScrubbingService#0" daemon prio=5 tid=369 in Object.wait()
java.lang.Thread.State: WAITING (on object monitor)
        at sun.misc.Unsafe.park(Native Method)
        at java.util.concurrent.locks.LockSupport.park(LockSupport.java:175)
        at java.util.concurrent.locks.AbstractQueuedSynchronizer$ConditionObject.await(AbstractQueuedSynchronizer.java:2039)
        at java.util.concurrent.ScheduledThreadPoolExecutor$DelayedWorkQueue.take(ScheduledThreadPoolExecutor.java:1088)
        at java.util.concurrent.ScheduledThreadPoolExecutor$DelayedWorkQueue.take(ScheduledThreadPoolExecutor.java:809)
        at java.util.concurrent.ThreadPoolExecutor.getTask(ThreadPoolExecutor.java:1074)
        at java.util.concurrent.ThreadPoolExecutor.runWorker(ThreadPoolExecutor.java:1134)
        at java.util.concurrent.ThreadPoolExecutor$Worker.run(ThreadPoolExecutor.java:624)
        at java.lang.Thread.run(Thread.java:750)
"IPC Server handler 16 on default port 32813" daemon prio=5 tid=171 timed_waiting
java.lang.Thread.State: TIMED_WAITING
        at sun.misc.Unsafe.park(Native Method)
        at java.util.concurrent.locks.LockSupport.parkNanos(LockSupport.java:215)
        at java.util.concurrent.locks.AbstractQueuedSynchronizer$ConditionObject.awaitNanos(AbstractQueuedSynchronizer.java:2078)
        at java.util.concurrent.LinkedBlockingQueue.poll(LinkedBlockingQueue.java:467)
        at org.apache.hadoop.ipc.CallQueueManager.take(CallQueueManager.java:317)
        at org.apache.hadoop.ipc.Server$Handler.run(Server.java:2942)
"Session-HouseKeeper-46573cfe-1"  prio=5 tid=119 timed_waiting
java.lang.Thread.State: TIMED_WAITING
        at sun.misc.Unsafe.park(Native Method)
        at java.util.concurrent.locks.LockSupport.parkNanos(LockSupport.java:215)
        at java.util.concurrent.locks.AbstractQueuedSynchronizer$ConditionObject.awaitNanos(AbstractQueuedSynchronizer.java:2078)
        at java.util.concurrent.ScheduledThreadPoolExecutor$DelayedWorkQueue.take(ScheduledThreadPoolExecutor.java:1093)
        at java.util.concurrent.ScheduledThreadPoolExecutor$DelayedWorkQueue.take(ScheduledThreadPoolExecutor.java:809)
        at java.util.concurrent.ThreadPoolExecutor.getTask(ThreadPoolExecutor.java:1074)
        at java.util.concurrent.ThreadPoolExecutor.runWorker(ThreadPoolExecutor.java:1134)
        at java.util.concurrent.ThreadPoolExecutor$Worker.run(ThreadPoolExecutor.java:624)
        at java.lang.Thread.run(Thread.java:750)
"pool-173-thread-1"  prio=5 tid=290 timed_waiting
java.lang.Thread.State: TIMED_WAITING
        at sun.misc.Unsafe.park(Native Method)
        at java.util.concurrent.locks.LockSupport.parkNanos(LockSupport.java:215)
        at java.util.concurrent.locks.AbstractQueuedSynchronizer$ConditionObject.awaitNanos(AbstractQueuedSynchronizer.java:2078)
        at java.util.concurrent.ScheduledThreadPoolExecutor$DelayedWorkQueue.take(ScheduledThreadPoolExecutor.java:1093)
        at java.util.concurrent.ScheduledThreadPoolExecutor$DelayedWorkQueue.take(ScheduledThreadPoolExecutor.java:809)
        at java.util.concurrent.ThreadPoolExecutor.getTask(ThreadPoolExecutor.java:1074)
        at java.util.concurrent.ThreadPoolExecutor.runWorker(ThreadPoolExecutor.java:1134)
        at java.util.concurrent.ThreadPoolExecutor$Worker.run(ThreadPoolExecutor.java:624)
        at java.lang.Thread.run(Thread.java:750)
"Session-HouseKeeper-e5522a5-1"  prio=5 tid=193 timed_waiting
java.lang.Thread.State: TIMED_WAITING
        at sun.misc.Unsafe.park(Native Method)
        at java.util.concurrent.locks.LockSupport.parkNanos(LockSupport.java:215)
        at java.util.concurrent.locks.AbstractQueuedSynchronizer$ConditionObject.awaitNanos(AbstractQueuedSynchronizer.java:2078)
        at java.util.concurrent.ScheduledThreadPoolExecutor$DelayedWorkQueue.take(ScheduledThreadPoolExecutor.java:1093)
        at java.util.concurrent.ScheduledThreadPoolExecutor$DelayedWorkQueue.take(ScheduledThreadPoolExecutor.java:809)
        at java.util.concurrent.ThreadPoolExecutor.getTask(ThreadPoolExecutor.java:1074)
        at java.util.concurrent.ThreadPoolExecutor.runWorker(ThreadPoolExecutor.java:1134)
        at java.util.concurrent.ThreadPoolExecutor$Worker.run(ThreadPoolExecutor.java:624)
        at java.lang.Thread.run(Thread.java:750)
"om1-client-thread1" daemon prio=5 tid=642 timed_waiting
java.lang.Thread.State: TIMED_WAITING
        at sun.misc.Unsafe.park(Native Method)
        at java.util.concurrent.locks.LockSupport.parkNanos(LockSupport.java:215)
        at java.util.concurrent.SynchronousQueue$TransferStack.awaitFulfill(SynchronousQueue.java:460)
        at java.util.concurrent.SynchronousQueue$TransferStack.transfer(SynchronousQueue.java:362)
        at java.util.concurrent.SynchronousQueue.poll(SynchronousQueue.java:941)
        at java.util.concurrent.ThreadPoolExecutor.getTask(ThreadPoolExecutor.java:1073)
        at java.util.concurrent.ThreadPoolExecutor.runWorker(ThreadPoolExecutor.java:1134)
        at java.util.concurrent.ThreadPoolExecutor$Worker.run(ThreadPoolExecutor.java:624)
        at java.lang.Thread.run(Thread.java:750)
"BlockDeletingService#1" daemon prio=5 tid=347 timed_waiting
java.lang.Thread.State: TIMED_WAITING
        at sun.misc.Unsafe.park(Native Method)
        at java.util.concurrent.locks.LockSupport.parkNanos(LockSupport.java:215)
        at java.util.concurrent.locks.AbstractQueuedSynchronizer$ConditionObject.awaitNanos(AbstractQueuedSynchronizer.java:2078)
        at java.util.concurrent.ScheduledThreadPoolExecutor$DelayedWorkQueue.take(ScheduledThreadPoolExecutor.java:1093)
        at java.util.concurrent.ScheduledThreadPoolExecutor$DelayedWorkQueue.take(ScheduledThreadPoolExecutor.java:809)
        at java.util.concurrent.ThreadPoolExecutor.getTask(ThreadPoolExecutor.java:1074)
        at java.util.concurrent.ThreadPoolExecutor.runWorker(ThreadPoolExecutor.java:1134)
        at java.util.concurrent.ThreadPoolExecutor$Worker.run(ThreadPoolExecutor.java:624)
        at java.lang.Thread.run(Thread.java:750)
"qtp1285392383-211" daemon prio=5 tid=211 runnable
java.lang.Thread.State: RUNNABLE
        at sun.nio.ch.EPollArrayWrapper.epollWait(Native Method)
        at sun.nio.ch.EPollArrayWrapper.poll(EPollArrayWrapper.java:269)
        at sun.nio.ch.EPollSelectorImpl.doSelect(EPollSelectorImpl.java:93)
        at sun.nio.ch.SelectorImpl.lockAndDoSelect(SelectorImpl.java:86)
        at sun.nio.ch.SelectorImpl.select(SelectorImpl.java:97)
        at sun.nio.ch.SelectorImpl.select(SelectorImpl.java:101)
        at org.eclipse.jetty.io.ManagedSelector.nioSelect(ManagedSelector.java:183)
        at org.eclipse.jetty.io.ManagedSelector.select(ManagedSelector.java:190)
        at org.eclipse.jetty.io.ManagedSelector$SelectorProducer.select(ManagedSelector.java:606)
        at org.eclipse.jetty.io.ManagedSelector$SelectorProducer.produce(ManagedSelector.java:543)
        at org.eclipse.jetty.util.thread.strategy.EatWhatYouKill.produceTask(EatWhatYouKill.java:362)
        at org.eclipse.jetty.util.thread.strategy.EatWhatYouKill.doProduce(EatWhatYouKill.java:186)
        at org.eclipse.jetty.util.thread.strategy.EatWhatYouKill.tryProduce(EatWhatYouKill.java:173)
        at org.eclipse.jetty.util.thread.strategy.EatWhatYouKill.produce(EatWhatYouKill.java:137)
        at org.eclipse.jetty.io.ManagedSelector$$Lambda$470/1528168968.run(Unknown Source)
        at org.eclipse.jetty.util.thread.QueuedThreadPool.runJob(QueuedThreadPool.java:883)
        at org.eclipse.jetty.util.thread.QueuedThreadPool$Runner.run(QueuedThreadPool.java:1034)
        at java.lang.Thread.run(Thread.java:750)
"Datanode ReportManager Thread - 3" daemon prio=5 tid=226 in Object.wait()
java.lang.Thread.State: WAITING (on object monitor)
        at sun.misc.Unsafe.park(Native Method)
        at java.util.concurrent.locks.LockSupport.park(LockSupport.java:175)
        at java.util.concurrent.locks.AbstractQueuedSynchronizer$ConditionObject.await(AbstractQueuedSynchronizer.java:2039)
        at java.util.concurrent.ScheduledThreadPoolExecutor$DelayedWorkQueue.take(ScheduledThreadPoolExecutor.java:1088)
        at java.util.concurrent.ScheduledThreadPoolExecutor$DelayedWorkQueue.take(ScheduledThreadPoolExecutor.java:809)
        at java.util.concurrent.ThreadPoolExecutor.getTask(ThreadPoolExecutor.java:1074)
        at java.util.concurrent.ThreadPoolExecutor.runWorker(ThreadPoolExecutor.java:1134)
        at java.util.concurrent.ThreadPoolExecutor$Worker.run(ThreadPoolExecutor.java:624)
        at java.lang.Thread.run(Thread.java:750)
"ChunkWriter-2-0" daemon prio=5 tid=364 in Object.wait()
java.lang.Thread.State: WAITING (on object monitor)
        at sun.misc.Unsafe.park(Native Method)
        at java.util.concurrent.locks.LockSupport.park(LockSupport.java:175)
        at java.util.concurrent.locks.AbstractQueuedSynchronizer$ConditionObject.await(AbstractQueuedSynchronizer.java:2039)
        at java.util.concurrent.LinkedBlockingDeque.takeFirst(LinkedBlockingDeque.java:492)
        at java.util.concurrent.LinkedBlockingDeque.take(LinkedBlockingDeque.java:680)
        at java.util.concurrent.ThreadPoolExecutor.getTask(ThreadPoolExecutor.java:1074)
        at java.util.concurrent.ThreadPoolExecutor.runWorker(ThreadPoolExecutor.java:1134)
        at java.util.concurrent.ThreadPoolExecutor$Worker.run(ThreadPoolExecutor.java:624)
        at java.lang.Thread.run(Thread.java:750)
"18b389ac-e92e-45af-bb8d-005344dac216@group-A327250958FE-SegmentedRaftLogWorker"  prio=5 tid=488 timed_waiting
java.lang.Thread.State: TIMED_WAITING
        at sun.misc.Unsafe.park(Native Method)
        at java.util.concurrent.locks.LockSupport.parkNanos(LockSupport.java:215)
        at java.util.concurrent.locks.AbstractQueuedSynchronizer$ConditionObject.awaitNanos(AbstractQueuedSynchronizer.java:2078)
        at org.apache.ratis.util.DataBlockingQueue.poll(DataBlockingQueue.java:148)
        at org.apache.ratis.server.raftlog.segmented.SegmentedRaftLogWorker.run(SegmentedRaftLogWorker.java:310)
        at org.apache.ratis.server.raftlog.segmented.SegmentedRaftLogWorker$$Lambda$689/1539916730.run(Unknown Source)
        at java.lang.Thread.run(Thread.java:750)
"qtp1441060897-241" daemon prio=5 tid=241 timed_waiting
java.lang.Thread.State: TIMED_WAITING
        at sun.misc.Unsafe.park(Native Method)
        at java.util.concurrent.locks.LockSupport.parkNanos(LockSupport.java:215)
        at java.util.concurrent.locks.AbstractQueuedSynchronizer$ConditionObject.awaitNanos(AbstractQueuedSynchronizer.java:2078)
        at org.eclipse.jetty.util.BlockingArrayQueue.poll(BlockingArrayQueue.java:382)
        at org.eclipse.jetty.util.thread.QueuedThreadPool$Runner.idleJobPoll(QueuedThreadPool.java:974)
        at org.eclipse.jetty.util.thread.QueuedThreadPool$Runner.run(QueuedThreadPool.java:1018)
        at java.lang.Thread.run(Thread.java:750)
"IPC Server handler 5 on default port 45735" daemon prio=5 tid=93 timed_waiting
java.lang.Thread.State: TIMED_WAITING
        at sun.misc.Unsafe.park(Native Method)
        at java.util.concurrent.locks.LockSupport.parkNanos(LockSupport.java:215)
        at java.util.concurrent.locks.AbstractQueuedSynchronizer$ConditionObject.awaitNanos(AbstractQueuedSynchronizer.java:2078)
        at java.util.concurrent.LinkedBlockingQueue.poll(LinkedBlockingQueue.java:467)
        at org.apache.hadoop.ipc.CallQueueManager.take(CallQueueManager.java:317)
        at org.apache.hadoop.ipc.Server$Handler.run(Server.java:2942)
"qtp1441060897-242" daemon prio=5 tid=242 timed_waiting
java.lang.Thread.State: TIMED_WAITING
        at sun.misc.Unsafe.park(Native Method)
        at java.util.concurrent.locks.LockSupport.parkNanos(LockSupport.java:215)
        at java.util.concurrent.locks.AbstractQueuedSynchronizer$ConditionObject.awaitNanos(AbstractQueuedSynchronizer.java:2078)
        at org.eclipse.jetty.util.BlockingArrayQueue.poll(BlockingArrayQueue.java:382)
        at org.eclipse.jetty.util.thread.QueuedThreadPool$Runner.idleJobPoll(QueuedThreadPool.java:974)
        at org.eclipse.jetty.util.thread.QueuedThreadPool$Runner.run(QueuedThreadPool.java:1018)
        at java.lang.Thread.run(Thread.java:750)
"IPC Server handler 3 on default port 32813" daemon prio=5 tid=158 timed_waiting
java.lang.Thread.State: TIMED_WAITING
        at sun.misc.Unsafe.park(Native Method)
        at java.util.concurrent.locks.LockSupport.parkNanos(LockSupport.java:215)
        at java.util.concurrent.locks.AbstractQueuedSynchronizer$ConditionObject.awaitNanos(AbstractQueuedSynchronizer.java:2078)
        at java.util.concurrent.LinkedBlockingQueue.poll(LinkedBlockingQueue.java:467)
        at org.apache.hadoop.ipc.CallQueueManager.take(CallQueueManager.java:317)
        at org.apache.hadoop.ipc.Server$Handler.run(Server.java:2942)
"18b389ac-e92e-45af-bb8d-005344dac216@group-A327250958FE-StateMachineUpdater" daemon prio=5 tid=490 timed_waiting
java.lang.Thread.State: TIMED_WAITING
        at sun.misc.Unsafe.park(Native Method)
        at java.util.concurrent.locks.LockSupport.parkNanos(LockSupport.java:215)
        at java.util.concurrent.CompletableFuture$Signaller.block(CompletableFuture.java:1709)
        at java.util.concurrent.ForkJoinPool.managedBlock(ForkJoinPool.java:3323)
        at java.util.concurrent.CompletableFuture.timedGet(CompletableFuture.java:1788)
        at java.util.concurrent.CompletableFuture.get(CompletableFuture.java:1928)
        at org.apache.ratis.util.AwaitForSignal.await(AwaitForSignal.java:56)
        at org.apache.ratis.server.impl.StateMachineUpdater.waitForCommit(StateMachineUpdater.java:207)
        at org.apache.ratis.server.impl.StateMachineUpdater.run(StateMachineUpdater.java:176)
        at java.lang.Thread.run(Thread.java:750)
"IPC Server handler 19 on default port 40853" daemon prio=5 tid=87 timed_waiting
java.lang.Thread.State: TIMED_WAITING
        at sun.misc.Unsafe.park(Native Method)
        at java.util.concurrent.locks.LockSupport.parkNanos(LockSupport.java:215)
        at java.util.concurrent.locks.AbstractQueuedSynchronizer$ConditionObject.awaitNanos(AbstractQueuedSynchronizer.java:2078)
        at java.util.concurrent.LinkedBlockingQueue.poll(LinkedBlockingQueue.java:467)
        at org.apache.hadoop.ipc.CallQueueManager.take(CallQueueManager.java:317)
        at org.apache.hadoop.ipc.Server$Handler.run(Server.java:2942)
"qtp1890676535-272" daemon prio=5 tid=272 timed_waiting
java.lang.Thread.State: TIMED_WAITING
        at sun.misc.Unsafe.park(Native Method)
        at java.util.concurrent.locks.LockSupport.parkNanos(LockSupport.java:215)
        at java.util.concurrent.locks.AbstractQueuedSynchronizer$ConditionObject.awaitNanos(AbstractQueuedSynchronizer.java:2078)
        at org.eclipse.jetty.util.BlockingArrayQueue.poll(BlockingArrayQueue.java:382)
        at org.eclipse.jetty.util.thread.QueuedThreadPool$Runner.idleJobPoll(QueuedThreadPool.java:974)
        at org.eclipse.jetty.util.thread.QueuedThreadPool$Runner.run(QueuedThreadPool.java:1018)
        at java.lang.Thread.run(Thread.java:750)
"PartialTableCache Cleanup Thread - 0" daemon prio=5 tid=651 in Object.wait()
java.lang.Thread.State: WAITING (on object monitor)
        at sun.misc.Unsafe.park(Native Method)
        at java.util.concurrent.locks.LockSupport.park(LockSupport.java:175)
        at java.util.concurrent.locks.AbstractQueuedSynchronizer$ConditionObject.await(AbstractQueuedSynchronizer.java:2039)
        at java.util.concurrent.LinkedBlockingQueue.take(LinkedBlockingQueue.java:442)
        at java.util.concurrent.ThreadPoolExecutor.getTask(ThreadPoolExecutor.java:1074)
        at java.util.concurrent.ThreadPoolExecutor.runWorker(ThreadPoolExecutor.java:1134)
        at java.util.concurrent.ThreadPoolExecutor$Worker.run(ThreadPoolExecutor.java:624)
        at java.lang.Thread.run(Thread.java:750)
"IPC Parameter Sending Thread #0" daemon prio=5 tid=124 timed_waiting
java.lang.Thread.State: TIMED_WAITING
        at sun.misc.Unsafe.park(Native Method)
        at java.util.concurrent.locks.LockSupport.parkNanos(LockSupport.java:215)
        at java.util.concurrent.SynchronousQueue$TransferStack.awaitFulfill(SynchronousQueue.java:460)
        at java.util.concurrent.SynchronousQueue$TransferStack.transfer(SynchronousQueue.java:362)
        at java.util.concurrent.SynchronousQueue.poll(SynchronousQueue.java:941)
        at java.util.concurrent.ThreadPoolExecutor.getTask(ThreadPoolExecutor.java:1073)
        at java.util.concurrent.ThreadPoolExecutor.runWorker(ThreadPoolExecutor.java:1134)
        at java.util.concurrent.ThreadPoolExecutor$Worker.run(ThreadPoolExecutor.java:624)
        at java.lang.Thread.run(Thread.java:750)
"org.apache.hadoop.ozone.container.common.statemachine.commandhandler.DeleteBlocksCommandHandler$DeleteCmdWorker@5ca758b9" daemon prio=5 tid=237 timed_waiting
java.lang.Thread.State: TIMED_WAITING
        at java.lang.Thread.sleep(Native Method)
        at org.apache.hadoop.ozone.container.common.statemachine.commandhandler.DeleteBlocksCommandHandler$DeleteCmdWorker.run(DeleteBlocksCommandHandler.java:183)
        at java.lang.Thread.run(Thread.java:750)
"Command processor thread" daemon prio=5 tid=200 timed_waiting
java.lang.Thread.State: TIMED_WAITING
        at java.lang.Thread.sleep(Native Method)
        at org.apache.hadoop.ozone.container.common.statemachine.DatanodeStateMachine.lambda$initCommandHandlerThread$3(DatanodeStateMachine.java:641)
        at org.apache.hadoop.ozone.container.common.statemachine.DatanodeStateMachine$$Lambda$777/1880619706.run(Unknown Source)
        at java.lang.Thread.run(Thread.java:750)
"pool-59-thread-1"  prio=5 tid=145 timed_waiting
java.lang.Thread.State: TIMED_WAITING
        at sun.misc.Unsafe.park(Native Method)
        at java.util.concurrent.locks.LockSupport.parkNanos(LockSupport.java:215)
        at java.util.concurrent.locks.AbstractQueuedSynchronizer$ConditionObject.awaitNanos(AbstractQueuedSynchronizer.java:2078)
        at java.util.concurrent.ScheduledThreadPoolExecutor$DelayedWorkQueue.take(ScheduledThreadPoolExecutor.java:1093)
        at java.util.concurrent.ScheduledThreadPoolExecutor$DelayedWorkQueue.take(ScheduledThreadPoolExecutor.java:809)
        at java.util.concurrent.ThreadPoolExecutor.getTask(ThreadPoolExecutor.java:1074)
        at java.util.concurrent.ThreadPoolExecutor.runWorker(ThreadPoolExecutor.java:1134)
        at java.util.concurrent.ThreadPoolExecutor$Worker.run(ThreadPoolExecutor.java:624)
        at java.lang.Thread.run(Thread.java:750)
"PartialTableCache Cleanup Thread - 0" daemon prio=5 tid=653 in Object.wait()
java.lang.Thread.State: WAITING (on object monitor)
        at sun.misc.Unsafe.park(Native Method)
        at java.util.concurrent.locks.LockSupport.park(LockSupport.java:175)
        at java.util.concurrent.locks.AbstractQueuedSynchronizer$ConditionObject.await(AbstractQueuedSynchronizer.java:2039)
        at java.util.concurrent.LinkedBlockingQueue.take(LinkedBlockingQueue.java:442)
        at java.util.concurrent.ThreadPoolExecutor.getTask(ThreadPoolExecutor.java:1074)
        at java.util.concurrent.ThreadPoolExecutor.runWorker(ThreadPoolExecutor.java:1134)
        at java.util.concurrent.ThreadPoolExecutor$Worker.run(ThreadPoolExecutor.java:624)
        at java.lang.Thread.run(Thread.java:750)
"om1@group-C5BA1605619E-SegmentedRaftLogWorker"  prio=5 tid=136 timed_waiting
java.lang.Thread.State: TIMED_WAITING
        at sun.misc.Unsafe.park(Native Method)
        at java.util.concurrent.locks.LockSupport.parkNanos(LockSupport.java:215)
        at java.util.concurrent.locks.AbstractQueuedSynchronizer$ConditionObject.awaitNanos(AbstractQueuedSynchronizer.java:2078)
        at org.apache.ratis.util.DataBlockingQueue.poll(DataBlockingQueue.java:148)
        at org.apache.ratis.server.raftlog.segmented.SegmentedRaftLogWorker.run(SegmentedRaftLogWorker.java:310)
        at org.apache.ratis.server.raftlog.segmented.SegmentedRaftLogWorker$$Lambda$689/1539916730.run(Unknown Source)
        at java.lang.Thread.run(Thread.java:750)
"IPC Server handler 12 on default port 46277" daemon prio=5 tid=60 timed_waiting
java.lang.Thread.State: TIMED_WAITING
        at sun.misc.Unsafe.park(Native Method)
        at java.util.concurrent.locks.LockSupport.parkNanos(LockSupport.java:215)
        at java.util.concurrent.locks.AbstractQueuedSynchronizer$ConditionObject.awaitNanos(AbstractQueuedSynchronizer.java:2078)
        at java.util.concurrent.LinkedBlockingQueue.poll(LinkedBlockingQueue.java:467)
        at org.apache.hadoop.ipc.CallQueueManager.take(CallQueueManager.java:317)
        at org.apache.hadoop.ipc.Server$Handler.run(Server.java:2942)
"IPC Server handler 11 on default port 40853" daemon prio=5 tid=79 timed_waiting
java.lang.Thread.State: TIMED_WAITING
        at sun.misc.Unsafe.park(Native Method)
        at java.util.concurrent.locks.LockSupport.parkNanos(LockSupport.java:215)
        at java.util.concurrent.locks.AbstractQueuedSynchronizer$ConditionObject.awaitNanos(AbstractQueuedSynchronizer.java:2078)
        at java.util.concurrent.LinkedBlockingQueue.poll(LinkedBlockingQueue.java:467)
        at org.apache.hadoop.ipc.CallQueueManager.take(CallQueueManager.java:317)
        at org.apache.hadoop.ipc.Server$Handler.run(Server.java:2942)
"qtp1046702013-295" daemon prio=5 tid=295 timed_waiting
java.lang.Thread.State: TIMED_WAITING
        at sun.misc.Unsafe.park(Native Method)
        at java.util.concurrent.locks.LockSupport.parkNanos(LockSupport.java:215)
        at java.util.concurrent.locks.AbstractQueuedSynchronizer$ConditionObject.awaitNanos(AbstractQueuedSynchronizer.java:2078)
        at org.eclipse.jetty.util.BlockingArrayQueue.poll(BlockingArrayQueue.java:382)
        at org.eclipse.jetty.util.thread.QueuedThreadPool$Runner.idleJobPoll(QueuedThreadPool.java:974)
        at org.eclipse.jetty.util.thread.QueuedThreadPool$Runner.run(QueuedThreadPool.java:1018)
        at java.lang.Thread.run(Thread.java:750)
"qtp1285392383-218" daemon prio=5 tid=218 timed_waiting
java.lang.Thread.State: TIMED_WAITING
        at sun.misc.Unsafe.park(Native Method)
        at java.util.concurrent.locks.LockSupport.parkNanos(LockSupport.java:215)
        at java.util.concurrent.locks.AbstractQueuedSynchronizer$ConditionObject.awaitNanos(AbstractQueuedSynchronizer.java:2078)
        at org.eclipse.jetty.util.BlockingArrayQueue.poll(BlockingArrayQueue.java:382)
        at org.eclipse.jetty.util.thread.QueuedThreadPool$Runner.idleJobPoll(QueuedThreadPool.java:974)
        at org.eclipse.jetty.util.thread.QueuedThreadPool$Runner.run(QueuedThreadPool.java:1018)
        at java.lang.Thread.run(Thread.java:750)
"BlockDeletingService#2" daemon prio=5 tid=657 in Object.wait()
java.lang.Thread.State: WAITING (on object monitor)
        at sun.misc.Unsafe.park(Native Method)
        at java.util.concurrent.locks.LockSupport.park(LockSupport.java:175)
        at java.util.concurrent.locks.AbstractQueuedSynchronizer$ConditionObject.await(AbstractQueuedSynchronizer.java:2039)
        at java.util.concurrent.ScheduledThreadPoolExecutor$DelayedWorkQueue.take(ScheduledThreadPoolExecutor.java:1088)
        at java.util.concurrent.ScheduledThreadPoolExecutor$DelayedWorkQueue.take(ScheduledThreadPoolExecutor.java:809)
        at java.util.concurrent.ThreadPoolExecutor.getTask(ThreadPoolExecutor.java:1074)
        at java.util.concurrent.ThreadPoolExecutor.runWorker(ThreadPoolExecutor.java:1134)
        at java.util.concurrent.ThreadPoolExecutor$Worker.run(ThreadPoolExecutor.java:624)
        at java.lang.Thread.run(Thread.java:750)
"qtp869388783-153" daemon prio=5 tid=153 timed_waiting
java.lang.Thread.State: TIMED_WAITING
        at sun.misc.Unsafe.park(Native Method)
        at java.util.concurrent.locks.LockSupport.parkNanos(LockSupport.java:215)
        at java.util.concurrent.locks.AbstractQueuedSynchronizer$ConditionObject.awaitNanos(AbstractQueuedSynchronizer.java:2078)
        at org.eclipse.jetty.util.BlockingArrayQueue.poll(BlockingArrayQueue.java:382)
        at org.eclipse.jetty.util.thread.QueuedThreadPool$Runner.idleJobPoll(QueuedThreadPool.java:974)
        at org.eclipse.jetty.util.thread.QueuedThreadPool$Runner.run(QueuedThreadPool.java:1018)
        at java.lang.Thread.run(Thread.java:750)
"EventQueue-OpenPipelineForHealthyPipelineSafeModeRule" daemon prio=5 tid=420 in Object.wait()
java.lang.Thread.State: WAITING (on object monitor)
        at sun.misc.Unsafe.park(Native Method)
        at java.util.concurrent.locks.LockSupport.park(LockSupport.java:175)
        at java.util.concurrent.locks.AbstractQueuedSynchronizer$ConditionObject.await(AbstractQueuedSynchronizer.java:2039)
        at java.util.concurrent.LinkedBlockingQueue.take(LinkedBlockingQueue.java:442)
        at java.util.concurrent.ThreadPoolExecutor.getTask(ThreadPoolExecutor.java:1074)
        at java.util.concurrent.ThreadPoolExecutor.runWorker(ThreadPoolExecutor.java:1134)
        at java.util.concurrent.ThreadPoolExecutor$Worker.run(ThreadPoolExecutor.java:624)
        at java.lang.Thread.run(Thread.java:750)
"IPC Server handler 12 on default port 32813" daemon prio=5 tid=167 timed_waiting
java.lang.Thread.State: TIMED_WAITING
        at sun.misc.Unsafe.park(Native Method)
        at java.util.concurrent.locks.LockSupport.parkNanos(LockSupport.java:215)
        at java.util.concurrent.locks.AbstractQueuedSynchronizer$ConditionObject.awaitNanos(AbstractQueuedSynchronizer.java:2078)
        at java.util.concurrent.LinkedBlockingQueue.poll(LinkedBlockingQueue.java:467)
        at org.apache.hadoop.ipc.CallQueueManager.take(CallQueueManager.java:317)
        at org.apache.hadoop.ipc.Server$Handler.run(Server.java:2942)
"qtp1974786850-111" daemon prio=5 tid=111 runnable
java.lang.Thread.State: RUNNABLE
        at sun.nio.ch.EPollArrayWrapper.epollWait(Native Method)
        at sun.nio.ch.EPollArrayWrapper.poll(EPollArrayWrapper.java:269)
        at sun.nio.ch.EPollSelectorImpl.doSelect(EPollSelectorImpl.java:93)
        at sun.nio.ch.SelectorImpl.lockAndDoSelect(SelectorImpl.java:86)
        at sun.nio.ch.SelectorImpl.select(SelectorImpl.java:97)
        at sun.nio.ch.SelectorImpl.select(SelectorImpl.java:101)
        at org.eclipse.jetty.io.ManagedSelector.nioSelect(ManagedSelector.java:183)
        at org.eclipse.jetty.io.ManagedSelector.select(ManagedSelector.java:190)
        at org.eclipse.jetty.io.ManagedSelector$SelectorProducer.select(ManagedSelector.java:606)
        at org.eclipse.jetty.io.ManagedSelector$SelectorProducer.produce(ManagedSelector.java:543)
        at org.eclipse.jetty.util.thread.strategy.EatWhatYouKill.produceTask(EatWhatYouKill.java:362)
        at org.eclipse.jetty.util.thread.strategy.EatWhatYouKill.doProduce(EatWhatYouKill.java:186)
        at org.eclipse.jetty.util.thread.strategy.EatWhatYouKill.tryProduce(EatWhatYouKill.java:173)
        at org.eclipse.jetty.util.thread.strategy.EatWhatYouKill.produce(EatWhatYouKill.java:137)
        at org.eclipse.jetty.io.ManagedSelector$$Lambda$470/1528168968.run(Unknown Source)
        at org.eclipse.jetty.util.thread.QueuedThreadPool.runJob(QueuedThreadPool.java:883)
        at org.eclipse.jetty.util.thread.QueuedThreadPool$Runner.run(QueuedThreadPool.java:1034)
        at java.lang.Thread.run(Thread.java:750)
"b01711c8-04b4-47a5-9bab-72c84cf7bb6a@group-B7D1079710A0-SegmentedRaftLogWorker"  prio=5 tid=485 timed_waiting
java.lang.Thread.State: TIMED_WAITING
        at sun.misc.Unsafe.park(Native Method)
        at java.util.concurrent.locks.LockSupport.parkNanos(LockSupport.java:215)
        at java.util.concurrent.locks.AbstractQueuedSynchronizer$ConditionObject.awaitNanos(AbstractQueuedSynchronizer.java:2078)
        at org.apache.ratis.util.DataBlockingQueue.poll(DataBlockingQueue.java:148)
        at org.apache.ratis.server.raftlog.segmented.SegmentedRaftLogWorker.run(SegmentedRaftLogWorker.java:310)
        at org.apache.ratis.server.raftlog.segmented.SegmentedRaftLogWorker$$Lambda$689/1539916730.run(Unknown Source)
        at java.lang.Thread.run(Thread.java:750)
"ChunkReader-ELG-0" daemon prio=5 tid=391 runnable
java.lang.Thread.State: RUNNABLE
        at org.apache.ratis.thirdparty.io.netty.channel.epoll.Native.epollWait(Native Method)
        at org.apache.ratis.thirdparty.io.netty.channel.epoll.Native.epollWait(Native.java:209)
        at org.apache.ratis.thirdparty.io.netty.channel.epoll.Native.epollWait(Native.java:202)
        at org.apache.ratis.thirdparty.io.netty.channel.epoll.EpollEventLoop.epollWaitNoTimerChange(EpollEventLoop.java:294)
        at org.apache.ratis.thirdparty.io.netty.channel.epoll.EpollEventLoop.run(EpollEventLoop.java:351)
        at org.apache.ratis.thirdparty.io.netty.util.concurrent.SingleThreadEventExecutor$4.run(SingleThreadEventExecutor.java:995)
        at org.apache.ratis.thirdparty.io.netty.util.internal.ThreadExecutorMap$2.run(ThreadExecutorMap.java:74)
        at java.lang.Thread.run(Thread.java:750)
"qtp475465260-187" daemon prio=5 tid=187 timed_waiting
java.lang.Thread.State: TIMED_WAITING
        at sun.misc.Unsafe.park(Native Method)
        at java.util.concurrent.locks.LockSupport.parkNanos(LockSupport.java:215)
        at java.util.concurrent.locks.AbstractQueuedSynchronizer$ConditionObject.awaitNanos(AbstractQueuedSynchronizer.java:2078)
        at org.eclipse.jetty.util.BlockingArrayQueue.poll(BlockingArrayQueue.java:382)
        at org.eclipse.jetty.util.thread.QueuedThreadPool$Runner.idleJobPoll(QueuedThreadPool.java:974)
        at org.eclipse.jetty.util.thread.QueuedThreadPool$Runner.run(QueuedThreadPool.java:1018)
        at java.lang.Thread.run(Thread.java:750)
"org.apache.hadoop.ozone.container.common.statemachine.commandhandler.DeleteBlocksCommandHandler$DeleteCmdWorker@1d591f58" daemon prio=5 tid=289 timed_waiting
java.lang.Thread.State: TIMED_WAITING
        at java.lang.Thread.sleep(Native Method)
        at org.apache.hadoop.ozone.container.common.statemachine.commandhandler.DeleteBlocksCommandHandler$DeleteCmdWorker.run(DeleteBlocksCommandHandler.java:183)
        at java.lang.Thread.run(Thread.java:750)
"om1@group-C5BA1605619E-StateMachineUpdater" daemon prio=5 tid=138 timed_waiting
java.lang.Thread.State: TIMED_WAITING
        at sun.misc.Unsafe.park(Native Method)
        at java.util.concurrent.locks.LockSupport.parkNanos(LockSupport.java:215)
        at java.util.concurrent.CompletableFuture$Signaller.block(CompletableFuture.java:1709)
        at java.util.concurrent.ForkJoinPool.managedBlock(ForkJoinPool.java:3323)
        at java.util.concurrent.CompletableFuture.timedGet(CompletableFuture.java:1788)
        at java.util.concurrent.CompletableFuture.get(CompletableFuture.java:1928)
        at org.apache.ratis.util.AwaitForSignal.await(AwaitForSignal.java:56)
        at org.apache.ratis.server.impl.StateMachineUpdater.waitForCommit(StateMachineUpdater.java:207)
        at org.apache.ratis.server.impl.StateMachineUpdater.run(StateMachineUpdater.java:176)
        at java.lang.Thread.run(Thread.java:750)
"IPC Server handler 17 on default port 40853" daemon prio=5 tid=85 timed_waiting
java.lang.Thread.State: TIMED_WAITING
        at sun.misc.Unsafe.park(Native Method)
        at java.util.concurrent.locks.LockSupport.parkNanos(LockSupport.java:215)
        at java.util.concurrent.locks.AbstractQueuedSynchronizer$ConditionObject.awaitNanos(AbstractQueuedSynchronizer.java:2078)
        at java.util.concurrent.LinkedBlockingQueue.poll(LinkedBlockingQueue.java:467)
        at org.apache.hadoop.ipc.CallQueueManager.take(CallQueueManager.java:317)
        at org.apache.hadoop.ipc.Server$Handler.run(Server.java:2942)
"35d6043c-a711-468a-a34c-4c4022ea36e3@group-092F80E77802-StateMachineUpdater" daemon prio=5 tid=430 timed_waiting
java.lang.Thread.State: TIMED_WAITING
        at sun.misc.Unsafe.park(Native Method)
        at java.util.concurrent.locks.LockSupport.parkNanos(LockSupport.java:215)
        at java.util.concurrent.CompletableFuture$Signaller.block(CompletableFuture.java:1709)
        at java.util.concurrent.ForkJoinPool.managedBlock(ForkJoinPool.java:3323)
        at java.util.concurrent.CompletableFuture.timedGet(CompletableFuture.java:1788)
        at java.util.concurrent.CompletableFuture.get(CompletableFuture.java:1928)
        at org.apache.ratis.util.AwaitForSignal.await(AwaitForSignal.java:56)
        at org.apache.ratis.server.impl.StateMachineUpdater.waitForCommit(StateMachineUpdater.java:207)
        at org.apache.ratis.server.impl.StateMachineUpdater.run(StateMachineUpdater.java:176)
        at java.lang.Thread.run(Thread.java:750)
"IPC Server handler 5 on default port 46277" daemon prio=5 tid=53 timed_waiting
java.lang.Thread.State: TIMED_WAITING
        at sun.misc.Unsafe.park(Native Method)
        at java.util.concurrent.locks.LockSupport.parkNanos(LockSupport.java:215)
        at java.util.concurrent.locks.AbstractQueuedSynchronizer$ConditionObject.awaitNanos(AbstractQueuedSynchronizer.java:2078)
        at java.util.concurrent.LinkedBlockingQueue.poll(LinkedBlockingQueue.java:467)
        at org.apache.hadoop.ipc.CallQueueManager.take(CallQueueManager.java:317)
        at org.apache.hadoop.ipc.Server$Handler.run(Server.java:2942)
"qtp1116071598-323" daemon prio=5 tid=323 timed_waiting
java.lang.Thread.State: TIMED_WAITING
        at sun.misc.Unsafe.park(Native Method)
        at java.util.concurrent.locks.LockSupport.parkNanos(LockSupport.java:215)
        at java.util.concurrent.locks.AbstractQueuedSynchronizer$ConditionObject.awaitNanos(AbstractQueuedSynchronizer.java:2078)
        at org.eclipse.jetty.util.BlockingArrayQueue.poll(BlockingArrayQueue.java:382)
        at org.eclipse.jetty.util.thread.QueuedThreadPool$Runner.idleJobPoll(QueuedThreadPool.java:974)
        at org.eclipse.jetty.util.thread.QueuedThreadPool$Runner.run(QueuedThreadPool.java:1018)
        at java.lang.Thread.run(Thread.java:750)
"b01711c8-04b4-47a5-9bab-72c84cf7bb6a@group-841363C15B84-SegmentedRaftLogWorker"  prio=5 tid=470 timed_waiting
java.lang.Thread.State: TIMED_WAITING
        at sun.misc.Unsafe.park(Native Method)
        at java.util.concurrent.locks.LockSupport.parkNanos(LockSupport.java:215)
        at java.util.concurrent.locks.AbstractQueuedSynchronizer$ConditionObject.awaitNanos(AbstractQueuedSynchronizer.java:2078)
        at org.apache.ratis.util.DataBlockingQueue.poll(DataBlockingQueue.java:148)
        at org.apache.ratis.server.raftlog.segmented.SegmentedRaftLogWorker.run(SegmentedRaftLogWorker.java:310)
        at org.apache.ratis.server.raftlog.segmented.SegmentedRaftLogWorker$$Lambda$689/1539916730.run(Unknown Source)
        at java.lang.Thread.run(Thread.java:750)
"DatanodeAdminManager-0" daemon prio=5 tid=22 timed_waiting
java.lang.Thread.State: TIMED_WAITING
        at sun.misc.Unsafe.park(Native Method)
        at java.util.concurrent.locks.LockSupport.parkNanos(LockSupport.java:215)
        at java.util.concurrent.locks.AbstractQueuedSynchronizer$ConditionObject.awaitNanos(AbstractQueuedSynchronizer.java:2078)
        at java.util.concurrent.ScheduledThreadPoolExecutor$DelayedWorkQueue.take(ScheduledThreadPoolExecutor.java:1093)
        at java.util.concurrent.ScheduledThreadPoolExecutor$DelayedWorkQueue.take(ScheduledThreadPoolExecutor.java:809)
        at java.util.concurrent.ThreadPoolExecutor.getTask(ThreadPoolExecutor.java:1074)
        at java.util.concurrent.ThreadPoolExecutor.runWorker(ThreadPoolExecutor.java:1134)
        at java.util.concurrent.ThreadPoolExecutor$Worker.run(ThreadPoolExecutor.java:624)
        at java.lang.Thread.run(Thread.java:750)
"org.apache.hadoop.util.JvmPauseMonitor$Monitor@5bef67fe" daemon prio=5 tid=229 timed_waiting
java.lang.Thread.State: TIMED_WAITING
        at java.lang.Thread.sleep(Native Method)
        at org.apache.hadoop.util.JvmPauseMonitor$Monitor.run(JvmPauseMonitor.java:192)
        at java.lang.Thread.run(Thread.java:750)
"qtp1116071598-319" daemon prio=5 tid=319 timed_waiting
java.lang.Thread.State: TIMED_WAITING
        at sun.misc.Unsafe.park(Native Method)
        at java.util.concurrent.locks.LockSupport.parkNanos(LockSupport.java:215)
        at java.util.concurrent.locks.AbstractQueuedSynchronizer$ConditionObject.awaitNanos(AbstractQueuedSynchronizer.java:2078)
        at org.eclipse.jetty.util.BlockingArrayQueue.poll(BlockingArrayQueue.java:382)
        at org.eclipse.jetty.util.thread.QueuedThreadPool$Runner.idleJobPoll(QueuedThreadPool.java:974)
        at org.eclipse.jetty.util.thread.QueuedThreadPool$Runner.run(QueuedThreadPool.java:1018)
        at java.lang.Thread.run(Thread.java:750)
"IPC Server handler 19 on default port 46277" daemon prio=5 tid=67 timed_waiting
java.lang.Thread.State: TIMED_WAITING
        at sun.misc.Unsafe.park(Native Method)
        at java.util.concurrent.locks.LockSupport.parkNanos(LockSupport.java:215)
        at java.util.concurrent.locks.AbstractQueuedSynchronizer$ConditionObject.awaitNanos(AbstractQueuedSynchronizer.java:2078)
        at java.util.concurrent.LinkedBlockingQueue.poll(LinkedBlockingQueue.java:467)
        at org.apache.hadoop.ipc.CallQueueManager.take(CallQueueManager.java:317)
        at org.apache.hadoop.ipc.Server$Handler.run(Server.java:2942)
"Command processor thread" daemon prio=5 tid=332 timed_waiting
java.lang.Thread.State: TIMED_WAITING
        at java.lang.Thread.sleep(Native Method)
        at org.apache.hadoop.ozone.container.common.statemachine.DatanodeStateMachine.lambda$initCommandHandlerThread$3(DatanodeStateMachine.java:641)
        at org.apache.hadoop.ozone.container.common.statemachine.DatanodeStateMachine$$Lambda$777/1880619706.run(Unknown Source)
        at java.lang.Thread.run(Thread.java:750)
"Command processor thread" daemon prio=5 tid=306 timed_waiting
java.lang.Thread.State: TIMED_WAITING
        at java.lang.Thread.sleep(Native Method)
        at org.apache.hadoop.ozone.container.common.statemachine.DatanodeStateMachine.lambda$initCommandHandlerThread$3(DatanodeStateMachine.java:641)
        at org.apache.hadoop.ozone.container.common.statemachine.DatanodeStateMachine$$Lambda$777/1880619706.run(Unknown Source)
        at java.lang.Thread.run(Thread.java:750)
"Datanode ReportManager Thread - 0" daemon prio=5 tid=301 in Object.wait()
java.lang.Thread.State: WAITING (on object monitor)
        at sun.misc.Unsafe.park(Native Method)
        at java.util.concurrent.locks.LockSupport.park(LockSupport.java:175)
        at java.util.concurrent.locks.AbstractQueuedSynchronizer$ConditionObject.await(AbstractQueuedSynchronizer.java:2039)
        at java.util.concurrent.ScheduledThreadPoolExecutor$DelayedWorkQueue.take(ScheduledThreadPoolExecutor.java:1088)
        at java.util.concurrent.ScheduledThreadPoolExecutor$DelayedWorkQueue.take(ScheduledThreadPoolExecutor.java:809)
        at java.util.concurrent.ThreadPoolExecutor.getTask(ThreadPoolExecutor.java:1074)
        at java.util.concurrent.ThreadPoolExecutor.runWorker(ThreadPoolExecutor.java:1134)
        at java.util.concurrent.ThreadPoolExecutor$Worker.run(ThreadPoolExecutor.java:624)
        at java.lang.Thread.run(Thread.java:750)
"Datanode ReportManager Thread - 1" daemon prio=5 tid=328 in Object.wait()
java.lang.Thread.State: WAITING (on object monitor)
        at sun.misc.Unsafe.park(Native Method)
        at java.util.concurrent.locks.LockSupport.park(LockSupport.java:175)
        at java.util.concurrent.locks.AbstractQueuedSynchronizer$ConditionObject.await(AbstractQueuedSynchronizer.java:2039)
        at java.util.concurrent.ScheduledThreadPoolExecutor$DelayedWorkQueue.take(ScheduledThreadPoolExecutor.java:1088)
        at java.util.concurrent.ScheduledThreadPoolExecutor$DelayedWorkQueue.take(ScheduledThreadPoolExecutor.java:809)
        at java.util.concurrent.ThreadPoolExecutor.getTask(ThreadPoolExecutor.java:1074)
        at java.util.concurrent.ThreadPoolExecutor.runWorker(ThreadPoolExecutor.java:1134)
        at java.util.concurrent.ThreadPoolExecutor$Worker.run(ThreadPoolExecutor.java:624)
        at java.lang.Thread.run(Thread.java:750)
"pool-141-thread-1"  prio=5 tid=457 in Object.wait()
java.lang.Thread.State: WAITING (on object monitor)
        at sun.misc.Unsafe.park(Native Method)
        at java.util.concurrent.locks.LockSupport.park(LockSupport.java:175)
        at java.util.concurrent.locks.AbstractQueuedSynchronizer$ConditionObject.await(AbstractQueuedSynchronizer.java:2039)
        at java.util.concurrent.LinkedBlockingQueue.take(LinkedBlockingQueue.java:442)
        at java.util.concurrent.ThreadPoolExecutor.getTask(ThreadPoolExecutor.java:1074)
        at java.util.concurrent.ThreadPoolExecutor.runWorker(ThreadPoolExecutor.java:1134)
        at java.util.concurrent.ThreadPoolExecutor$Worker.run(ThreadPoolExecutor.java:624)
        at java.lang.Thread.run(Thread.java:750)
"qtp475465260-190" daemon prio=5 tid=190 timed_waiting
java.lang.Thread.State: TIMED_WAITING
        at sun.misc.Unsafe.park(Native Method)
        at java.util.concurrent.locks.LockSupport.parkNanos(LockSupport.java:215)
        at java.util.concurrent.locks.AbstractQueuedSynchronizer$ConditionObject.awaitNanos(AbstractQueuedSynchronizer.java:2078)
        at org.eclipse.jetty.util.BlockingArrayQueue.poll(BlockingArrayQueue.java:382)
        at org.eclipse.jetty.util.thread.QueuedThreadPool$Runner.idleJobPoll(QueuedThreadPool.java:974)
        at org.eclipse.jetty.util.thread.QueuedThreadPool$Runner.run(QueuedThreadPool.java:1018)
        at java.lang.Thread.run(Thread.java:750)
"pool-164-thread-1"  prio=5 tid=469 in Object.wait()
java.lang.Thread.State: WAITING (on object monitor)
        at sun.misc.Unsafe.park(Native Method)
        at java.util.concurrent.locks.LockSupport.park(LockSupport.java:175)
        at java.util.concurrent.locks.AbstractQueuedSynchronizer$ConditionObject.await(AbstractQueuedSynchronizer.java:2039)
        at java.util.concurrent.LinkedBlockingQueue.take(LinkedBlockingQueue.java:442)
        at java.util.concurrent.ThreadPoolExecutor.getTask(ThreadPoolExecutor.java:1074)
        at java.util.concurrent.ThreadPoolExecutor.runWorker(ThreadPoolExecutor.java:1134)
        at java.util.concurrent.ThreadPoolExecutor$Worker.run(ThreadPoolExecutor.java:624)
        at java.lang.Thread.run(Thread.java:750)
"qtp869388783-147-acceptor-0@6f9dec0a-ServerConnector@50836877{HTTP/1.1, (http/1.1)}{0.0.0.0:42865}" daemon prio=3 tid=147 runnable
java.lang.Thread.State: RUNNABLE
        at sun.nio.ch.ServerSocketChannelImpl.accept0(Native Method)
        at sun.nio.ch.ServerSocketChannelImpl.accept(ServerSocketChannelImpl.java:421)
        at sun.nio.ch.ServerSocketChannelImpl.accept(ServerSocketChannelImpl.java:249)
        at org.eclipse.jetty.server.ServerConnector.accept(ServerConnector.java:388)
        at org.eclipse.jetty.server.AbstractConnector$Acceptor.run(AbstractConnector.java:704)
        at org.eclipse.jetty.util.thread.QueuedThreadPool.runJob(QueuedThreadPool.java:883)
        at org.eclipse.jetty.util.thread.QueuedThreadPool$Runner.run(QueuedThreadPool.java:1034)
        at java.lang.Thread.run(Thread.java:750)
"18b389ac-e92e-45af-bb8d-005344dac216@group-841363C15B84-FollowerState" daemon prio=5 tid=684 timed_waiting
java.lang.Thread.State: TIMED_WAITING
        at java.lang.Thread.sleep(Native Method)
        at java.lang.Thread.sleep(Thread.java:342)
        at java.util.concurrent.TimeUnit.sleep(TimeUnit.java:386)
        at org.apache.ratis.util.TimeDuration.sleep(TimeDuration.java:325)
        at org.apache.ratis.util.TimeDuration.sleep(TimeDuration.java:310)
        at org.apache.ratis.server.impl.FollowerState.run(FollowerState.java:128)
"IPC Server handler 4 on default port 45735" daemon prio=5 tid=92 timed_waiting
java.lang.Thread.State: TIMED_WAITING
        at sun.misc.Unsafe.park(Native Method)
        at java.util.concurrent.locks.LockSupport.parkNanos(LockSupport.java:215)
        at java.util.concurrent.locks.AbstractQueuedSynchronizer$ConditionObject.awaitNanos(AbstractQueuedSynchronizer.java:2078)
        at java.util.concurrent.LinkedBlockingQueue.poll(LinkedBlockingQueue.java:467)
        at org.apache.hadoop.ipc.CallQueueManager.take(CallQueueManager.java:317)
        at org.apache.hadoop.ipc.Server$Handler.run(Server.java:2942)
"BlockDeletingService#1" daemon prio=5 tid=370 timed_waiting
java.lang.Thread.State: TIMED_WAITING
        at sun.misc.Unsafe.park(Native Method)
        at java.util.concurrent.locks.LockSupport.parkNanos(LockSupport.java:215)
        at java.util.concurrent.locks.AbstractQueuedSynchronizer$ConditionObject.awaitNanos(AbstractQueuedSynchronizer.java:2078)
        at java.util.concurrent.ScheduledThreadPoolExecutor$DelayedWorkQueue.take(ScheduledThreadPoolExecutor.java:1093)
        at java.util.concurrent.ScheduledThreadPoolExecutor$DelayedWorkQueue.take(ScheduledThreadPoolExecutor.java:809)
        at java.util.concurrent.ThreadPoolExecutor.getTask(ThreadPoolExecutor.java:1074)
        at java.util.concurrent.ThreadPoolExecutor.runWorker(ThreadPoolExecutor.java:1134)
        at java.util.concurrent.ThreadPoolExecutor$Worker.run(ThreadPoolExecutor.java:624)
        at java.lang.Thread.run(Thread.java:750)
"qtp1285392383-214" daemon prio=5 tid=214 timed_waiting
java.lang.Thread.State: TIMED_WAITING
        at sun.misc.Unsafe.park(Native Method)
        at java.util.concurrent.locks.LockSupport.parkNanos(LockSupport.java:215)
        at java.util.concurrent.locks.AbstractQueuedSynchronizer$ConditionObject.awaitNanos(AbstractQueuedSynchronizer.java:2078)
        at org.eclipse.jetty.util.BlockingArrayQueue.poll(BlockingArrayQueue.java:382)
        at org.eclipse.jetty.util.thread.QueuedThreadPool$Runner.idleJobPoll(QueuedThreadPool.java:974)
        at org.eclipse.jetty.util.thread.QueuedThreadPool$Runner.run(QueuedThreadPool.java:1018)
        at java.lang.Thread.run(Thread.java:750)
"IPC Server handler 15 on default port 46277" daemon prio=5 tid=63 timed_waiting
java.lang.Thread.State: TIMED_WAITING
        at sun.misc.Unsafe.park(Native Method)
        at java.util.concurrent.locks.LockSupport.parkNanos(LockSupport.java:215)
        at java.util.concurrent.locks.AbstractQueuedSynchronizer$ConditionObject.awaitNanos(AbstractQueuedSynchronizer.java:2078)
        at java.util.concurrent.LinkedBlockingQueue.poll(LinkedBlockingQueue.java:467)
        at org.apache.hadoop.ipc.CallQueueManager.take(CallQueueManager.java:317)
        at org.apache.hadoop.ipc.Server$Handler.run(Server.java:2942)
"prometheus" daemon prio=5 tid=120 in Object.wait()
java.lang.Thread.State: WAITING (on object monitor)
        at java.lang.Object.wait(Native Method)
        at java.lang.Object.wait(Object.java:502)
        at org.apache.hadoop.metrics2.impl.SinkQueue.waitForData(SinkQueue.java:114)
        at org.apache.hadoop.metrics2.impl.SinkQueue.consumeAll(SinkQueue.java:83)
        at org.apache.hadoop.metrics2.impl.MetricsSinkAdapter.publishMetricsFromQueue(MetricsSinkAdapter.java:135)
        at org.apache.hadoop.metrics2.impl.MetricsSinkAdapter$1.run(MetricsSinkAdapter.java:89)
"IPC Server handler 16 on default port 40853" daemon prio=5 tid=84 timed_waiting
java.lang.Thread.State: TIMED_WAITING
        at sun.misc.Unsafe.park(Native Method)
        at java.util.concurrent.locks.LockSupport.parkNanos(LockSupport.java:215)
        at java.util.concurrent.locks.AbstractQueuedSynchronizer$ConditionObject.awaitNanos(AbstractQueuedSynchronizer.java:2078)
        at java.util.concurrent.LinkedBlockingQueue.poll(LinkedBlockingQueue.java:467)
        at org.apache.hadoop.ipc.CallQueueManager.take(CallQueueManager.java:317)
        at org.apache.hadoop.ipc.Server$Handler.run(Server.java:2942)
"qtp1441060897-246" daemon prio=5 tid=246 timed_waiting
java.lang.Thread.State: TIMED_WAITING
        at sun.misc.Unsafe.park(Native Method)
        at java.util.concurrent.locks.LockSupport.parkNanos(LockSupport.java:215)
        at java.util.concurrent.locks.AbstractQueuedSynchronizer$ConditionObject.awaitNanos(AbstractQueuedSynchronizer.java:2078)
        at org.eclipse.jetty.util.BlockingArrayQueue.poll(BlockingArrayQueue.java:382)
        at org.eclipse.jetty.util.thread.QueuedThreadPool$Runner.idleJobPoll(QueuedThreadPool.java:974)
        at org.eclipse.jetty.util.thread.QueuedThreadPool$Runner.run(QueuedThreadPool.java:1018)
        at java.lang.Thread.run(Thread.java:750)
"IPC Server handler 2 on default port 32813" daemon prio=5 tid=157 timed_waiting
java.lang.Thread.State: TIMED_WAITING
        at sun.misc.Unsafe.park(Native Method)
        at java.util.concurrent.locks.LockSupport.parkNanos(LockSupport.java:215)
        at java.util.concurrent.locks.AbstractQueuedSynchronizer$ConditionObject.awaitNanos(AbstractQueuedSynchronizer.java:2078)
        at java.util.concurrent.LinkedBlockingQueue.poll(LinkedBlockingQueue.java:467)
        at org.apache.hadoop.ipc.CallQueueManager.take(CallQueueManager.java:317)
        at org.apache.hadoop.ipc.Server$Handler.run(Server.java:2942)
"SCM Heartbeat Processing Thread - 0" daemon prio=5 tid=15 timed_waiting
java.lang.Thread.State: TIMED_WAITING
        at sun.misc.Unsafe.park(Native Method)
        at java.util.concurrent.locks.LockSupport.parkNanos(LockSupport.java:215)
        at java.util.concurrent.locks.AbstractQueuedSynchronizer$ConditionObject.awaitNanos(AbstractQueuedSynchronizer.java:2078)
        at java.util.concurrent.ScheduledThreadPoolExecutor$DelayedWorkQueue.take(ScheduledThreadPoolExecutor.java:1093)
        at java.util.concurrent.ScheduledThreadPoolExecutor$DelayedWorkQueue.take(ScheduledThreadPoolExecutor.java:809)
        at java.util.concurrent.ThreadPoolExecutor.getTask(ThreadPoolExecutor.java:1074)
        at java.util.concurrent.ThreadPoolExecutor.runWorker(ThreadPoolExecutor.java:1134)
        at java.util.concurrent.ThreadPoolExecutor$Worker.run(ThreadPoolExecutor.java:624)
        at java.lang.Thread.run(Thread.java:750)
"org.apache.hadoop.util.JvmPauseMonitor$Monitor@b079ba2" daemon prio=5 tid=281 timed_waiting
java.lang.Thread.State: TIMED_WAITING
        at java.lang.Thread.sleep(Native Method)
        at org.apache.hadoop.util.JvmPauseMonitor$Monitor.run(JvmPauseMonitor.java:192)
        at java.lang.Thread.run(Thread.java:750)
"org.apache.hadoop.ozone.container.common.statemachine.commandhandler.DeleteBlocksCommandHandler$DeleteCmdWorker@5c4d43ee" daemon prio=5 tid=315 timed_waiting
java.lang.Thread.State: TIMED_WAITING
        at java.lang.Thread.sleep(Native Method)
        at org.apache.hadoop.ozone.container.common.statemachine.commandhandler.DeleteBlocksCommandHandler$DeleteCmdWorker.run(DeleteBlocksCommandHandler.java:183)
        at java.lang.Thread.run(Thread.java:750)
"Datanode State Machine Task Thread - 0"  prio=5 tid=308 in Object.wait()
java.lang.Thread.State: WAITING (on object monitor)
        at sun.misc.Unsafe.park(Native Method)
        at java.util.concurrent.locks.LockSupport.park(LockSupport.java:175)
        at java.util.concurrent.locks.AbstractQueuedSynchronizer$ConditionObject.await(AbstractQueuedSynchronizer.java:2039)
        at java.util.concurrent.LinkedBlockingQueue.take(LinkedBlockingQueue.java:442)
        at java.util.concurrent.ThreadPoolExecutor.getTask(ThreadPoolExecutor.java:1074)
        at java.util.concurrent.ThreadPoolExecutor.runWorker(ThreadPoolExecutor.java:1134)
        at java.util.concurrent.ThreadPoolExecutor$Worker.run(ThreadPoolExecutor.java:624)
        at java.lang.Thread.run(Thread.java:750)
"qtp1285392383-213" daemon prio=5 tid=213 timed_waiting
java.lang.Thread.State: TIMED_WAITING
        at sun.misc.Unsafe.park(Native Method)
        at java.util.concurrent.locks.LockSupport.parkNanos(LockSupport.java:215)
        at java.util.concurrent.locks.AbstractQueuedSynchronizer$ConditionObject.awaitNanos(AbstractQueuedSynchronizer.java:2078)
        at org.eclipse.jetty.util.BlockingArrayQueue.poll(BlockingArrayQueue.java:382)
        at org.eclipse.jetty.util.thread.QueuedThreadPool$Runner.idleJobPoll(QueuedThreadPool.java:974)
        at org.eclipse.jetty.util.thread.QueuedThreadPool$Runner.run(QueuedThreadPool.java:1018)
        at java.lang.Thread.run(Thread.java:750)
"pool-157-thread-1" daemon prio=5 tid=286 timed_waiting
java.lang.Thread.State: TIMED_WAITING
        at sun.misc.Unsafe.park(Native Method)
        at java.util.concurrent.locks.LockSupport.parkNanos(LockSupport.java:215)
        at java.util.concurrent.locks.AbstractQueuedSynchronizer$ConditionObject.awaitNanos(AbstractQueuedSynchronizer.java:2078)
        at java.util.concurrent.ScheduledThreadPoolExecutor$DelayedWorkQueue.take(ScheduledThreadPoolExecutor.java:1093)
        at java.util.concurrent.ScheduledThreadPoolExecutor$DelayedWorkQueue.take(ScheduledThreadPoolExecutor.java:809)
        at java.util.concurrent.ThreadPoolExecutor.getTask(ThreadPoolExecutor.java:1074)
        at java.util.concurrent.ThreadPoolExecutor.runWorker(ThreadPoolExecutor.java:1134)
        at java.util.concurrent.ThreadPoolExecutor$Worker.run(ThreadPoolExecutor.java:624)
        at java.lang.Thread.run(Thread.java:750)
"pool-187-thread-1"  prio=5 tid=464 in Object.wait()
java.lang.Thread.State: WAITING (on object monitor)
        at sun.misc.Unsafe.park(Native Method)
        at java.util.concurrent.locks.LockSupport.park(LockSupport.java:175)
        at java.util.concurrent.locks.AbstractQueuedSynchronizer$ConditionObject.await(AbstractQueuedSynchronizer.java:2039)
        at java.util.concurrent.LinkedBlockingQueue.take(LinkedBlockingQueue.java:442)
        at java.util.concurrent.ThreadPoolExecutor.getTask(ThreadPoolExecutor.java:1074)
        at java.util.concurrent.ThreadPoolExecutor.runWorker(ThreadPoolExecutor.java:1134)
        at java.util.concurrent.ThreadPoolExecutor$Worker.run(ThreadPoolExecutor.java:624)
        at java.lang.Thread.run(Thread.java:750)
"FixedThreadPoolWithAffinityExecutor-6-0" daemon prio=5 tid=42 timed_waiting
java.lang.Thread.State: TIMED_WAITING
        at sun.misc.Unsafe.park(Native Method)
        at java.util.concurrent.locks.LockSupport.parkNanos(LockSupport.java:215)
        at java.util.concurrent.locks.AbstractQueuedSynchronizer$ConditionObject.awaitNanos(AbstractQueuedSynchronizer.java:2078)
        at java.util.concurrent.LinkedBlockingQueue.poll(LinkedBlockingQueue.java:467)
        at org.apache.hadoop.hdds.scm.server.ContainerReportQueue.poll(ContainerReportQueue.java:266)
        at org.apache.hadoop.hdds.scm.server.ContainerReportQueue.poll(ContainerReportQueue.java:42)
        at org.apache.hadoop.hdds.server.events.FixedThreadPoolWithAffinityExecutor$ContainerReportProcessTask.run(FixedThreadPoolWithAffinityExecutor.java:218)
        at java.util.concurrent.Executors$RunnableAdapter.call(Executors.java:511)
        at java.util.concurrent.FutureTask.run(FutureTask.java:266)
        at java.util.concurrent.ThreadPoolExecutor.runWorker(ThreadPoolExecutor.java:1149)
        at java.util.concurrent.ThreadPoolExecutor$Worker.run(ThreadPoolExecutor.java:624)
        at java.lang.Thread.run(Thread.java:750)
"grpc-default-executor-5" daemon prio=5 tid=603 timed_waiting
java.lang.Thread.State: TIMED_WAITING
        at sun.misc.Unsafe.park(Native Method)
        at java.util.concurrent.locks.LockSupport.parkNanos(LockSupport.java:215)
        at java.util.concurrent.SynchronousQueue$TransferStack.awaitFulfill(SynchronousQueue.java:460)
        at java.util.concurrent.SynchronousQueue$TransferStack.transfer(SynchronousQueue.java:362)
        at java.util.concurrent.SynchronousQueue.poll(SynchronousQueue.java:941)
        at java.util.concurrent.ThreadPoolExecutor.getTask(ThreadPoolExecutor.java:1073)
        at java.util.concurrent.ThreadPoolExecutor.runWorker(ThreadPoolExecutor.java:1134)
        at java.util.concurrent.ThreadPoolExecutor$Worker.run(ThreadPoolExecutor.java:624)
        at java.lang.Thread.run(Thread.java:750)
"Datanode ReportManager Thread - 0" daemon prio=5 tid=275 in Object.wait()
java.lang.Thread.State: WAITING (on object monitor)
        at sun.misc.Unsafe.park(Native Method)
        at java.util.concurrent.locks.LockSupport.park(LockSupport.java:175)
        at java.util.concurrent.locks.AbstractQueuedSynchronizer$ConditionObject.await(AbstractQueuedSynchronizer.java:2039)
        at java.util.concurrent.ScheduledThreadPoolExecutor$DelayedWorkQueue.take(ScheduledThreadPoolExecutor.java:1088)
        at java.util.concurrent.ScheduledThreadPoolExecutor$DelayedWorkQueue.take(ScheduledThreadPoolExecutor.java:809)
        at java.util.concurrent.ThreadPoolExecutor.getTask(ThreadPoolExecutor.java:1074)
        at java.util.concurrent.ThreadPoolExecutor.runWorker(ThreadPoolExecutor.java:1134)
        at java.util.concurrent.ThreadPoolExecutor$Worker.run(ThreadPoolExecutor.java:624)
        at java.lang.Thread.run(Thread.java:750)
"ChunkWriter-1-0" daemon prio=5 tid=405 in Object.wait()
java.lang.Thread.State: WAITING (on object monitor)
        at sun.misc.Unsafe.park(Native Method)
        at java.util.concurrent.locks.LockSupport.park(LockSupport.java:175)
        at java.util.concurrent.locks.AbstractQueuedSynchronizer$ConditionObject.await(AbstractQueuedSynchronizer.java:2039)
        at java.util.concurrent.LinkedBlockingDeque.takeFirst(LinkedBlockingDeque.java:492)
        at java.util.concurrent.LinkedBlockingDeque.take(LinkedBlockingDeque.java:680)
        at java.util.concurrent.ThreadPoolExecutor.getTask(ThreadPoolExecutor.java:1074)
        at java.util.concurrent.ThreadPoolExecutor.runWorker(ThreadPoolExecutor.java:1134)
        at java.util.concurrent.ThreadPoolExecutor$Worker.run(ThreadPoolExecutor.java:624)
        at java.lang.Thread.run(Thread.java:750)
"Datanode ReportManager Thread - 3" daemon prio=5 tid=330 in Object.wait()
java.lang.Thread.State: WAITING (on object monitor)
        at sun.misc.Unsafe.park(Native Method)
        at java.util.concurrent.locks.LockSupport.park(LockSupport.java:175)
        at java.util.concurrent.locks.AbstractQueuedSynchronizer$ConditionObject.await(AbstractQueuedSynchronizer.java:2039)
        at java.util.concurrent.ScheduledThreadPoolExecutor$DelayedWorkQueue.take(ScheduledThreadPoolExecutor.java:1088)
        at java.util.concurrent.ScheduledThreadPoolExecutor$DelayedWorkQueue.take(ScheduledThreadPoolExecutor.java:809)
        at java.util.concurrent.ThreadPoolExecutor.getTask(ThreadPoolExecutor.java:1074)
        at java.util.concurrent.ThreadPoolExecutor.runWorker(ThreadPoolExecutor.java:1134)
        at java.util.concurrent.ThreadPoolExecutor$Worker.run(ThreadPoolExecutor.java:624)
        at java.lang.Thread.run(Thread.java:750)
"qtp1441060897-245" daemon prio=5 tid=245 timed_waiting
java.lang.Thread.State: TIMED_WAITING
        at sun.misc.Unsafe.park(Native Method)
        at java.util.concurrent.locks.LockSupport.parkNanos(LockSupport.java:215)
        at java.util.concurrent.locks.AbstractQueuedSynchronizer$ConditionObject.awaitNanos(AbstractQueuedSynchronizer.java:2078)
        at org.eclipse.jetty.util.BlockingArrayQueue.poll(BlockingArrayQueue.java:382)
        at org.eclipse.jetty.util.thread.QueuedThreadPool$Runner.idleJobPoll(QueuedThreadPool.java:974)
        at org.eclipse.jetty.util.thread.QueuedThreadPool$Runner.run(QueuedThreadPool.java:1018)
        at java.lang.Thread.run(Thread.java:750)
"SCMBlockDeletingService#0" daemon prio=5 tid=108 timed_waiting
java.lang.Thread.State: TIMED_WAITING
        at sun.misc.Unsafe.park(Native Method)
        at java.util.concurrent.locks.LockSupport.parkNanos(LockSupport.java:215)
        at java.util.concurrent.locks.AbstractQueuedSynchronizer$ConditionObject.awaitNanos(AbstractQueuedSynchronizer.java:2078)
        at java.util.concurrent.ScheduledThreadPoolExecutor$DelayedWorkQueue.take(ScheduledThreadPoolExecutor.java:1093)
        at java.util.concurrent.ScheduledThreadPoolExecutor$DelayedWorkQueue.take(ScheduledThreadPoolExecutor.java:809)
        at java.util.concurrent.ThreadPoolExecutor.getTask(ThreadPoolExecutor.java:1074)
        at java.util.concurrent.ThreadPoolExecutor.runWorker(ThreadPoolExecutor.java:1134)
        at java.util.concurrent.ThreadPoolExecutor$Worker.run(ThreadPoolExecutor.java:624)
        at java.lang.Thread.run(Thread.java:750)
"Datanode State Machine Daemon Thread" daemon prio=5 tid=248 timed_waiting
java.lang.Thread.State: TIMED_WAITING
        at java.lang.Thread.sleep(Native Method)
        at org.apache.hadoop.ozone.container.common.statemachine.DatanodeStateMachine.startStateMachineThread(DatanodeStateMachine.java:321)
        at org.apache.hadoop.ozone.container.common.statemachine.DatanodeStateMachine.lambda$startDaemon$0(DatanodeStateMachine.java:506)
        at org.apache.hadoop.ozone.container.common.statemachine.DatanodeStateMachine$$Lambda$775/1698825479.run(Unknown Source)
        at java.lang.Thread.run(Thread.java:750)
"IPC Server handler 19 on default port 32813" daemon prio=5 tid=174 timed_waiting
java.lang.Thread.State: TIMED_WAITING
        at sun.misc.Unsafe.park(Native Method)
        at java.util.concurrent.locks.LockSupport.parkNanos(LockSupport.java:215)
        at java.util.concurrent.locks.AbstractQueuedSynchronizer$ConditionObject.awaitNanos(AbstractQueuedSynchronizer.java:2078)
        at java.util.concurrent.LinkedBlockingQueue.poll(LinkedBlockingQueue.java:467)
        at org.apache.hadoop.ipc.CallQueueManager.take(CallQueueManager.java:317)
        at org.apache.hadoop.ipc.Server$Handler.run(Server.java:2942)
"Datanode State Machine Task Thread - 0"  prio=5 tid=202 in Object.wait()
java.lang.Thread.State: WAITING (on object monitor)
        at sun.misc.Unsafe.park(Native Method)
        at java.util.concurrent.locks.LockSupport.park(LockSupport.java:175)
        at java.util.concurrent.locks.AbstractQueuedSynchronizer$ConditionObject.await(AbstractQueuedSynchronizer.java:2039)
        at java.util.concurrent.LinkedBlockingQueue.take(LinkedBlockingQueue.java:442)
        at java.util.concurrent.ThreadPoolExecutor.getTask(ThreadPoolExecutor.java:1074)
        at java.util.concurrent.ThreadPoolExecutor.runWorker(ThreadPoolExecutor.java:1134)
        at java.util.concurrent.ThreadPoolExecutor$Worker.run(ThreadPoolExecutor.java:624)
        at java.lang.Thread.run(Thread.java:750)
"PartialTableCache Cleanup Thread - 0" daemon prio=5 tid=652 in Object.wait()
java.lang.Thread.State: WAITING (on object monitor)
        at sun.misc.Unsafe.park(Native Method)
        at java.util.concurrent.locks.LockSupport.park(LockSupport.java:175)
        at java.util.concurrent.locks.AbstractQueuedSynchronizer$ConditionObject.await(AbstractQueuedSynchronizer.java:2039)
        at java.util.concurrent.LinkedBlockingQueue.take(LinkedBlockingQueue.java:442)
        at java.util.concurrent.ThreadPoolExecutor.getTask(ThreadPoolExecutor.java:1074)
        at java.util.concurrent.ThreadPoolExecutor.runWorker(ThreadPoolExecutor.java:1134)
        at java.util.concurrent.ThreadPoolExecutor$Worker.run(ThreadPoolExecutor.java:624)
        at java.lang.Thread.run(Thread.java:750)
"73d758c7-6b76-4e6e-a3d3-7696fd8c55bd@group-2822AD3F708E-StateMachineUpdater" daemon prio=5 tid=460 timed_waiting
java.lang.Thread.State: TIMED_WAITING
        at sun.misc.Unsafe.park(Native Method)
        at java.util.concurrent.locks.LockSupport.parkNanos(LockSupport.java:215)
        at java.util.concurrent.CompletableFuture$Signaller.block(CompletableFuture.java:1709)
        at java.util.concurrent.ForkJoinPool.managedBlock(ForkJoinPool.java:3323)
        at java.util.concurrent.CompletableFuture.timedGet(CompletableFuture.java:1788)
        at java.util.concurrent.CompletableFuture.get(CompletableFuture.java:1928)
        at org.apache.ratis.util.AwaitForSignal.await(AwaitForSignal.java:56)
        at org.apache.ratis.server.impl.StateMachineUpdater.waitForCommit(StateMachineUpdater.java:207)
        at org.apache.ratis.server.impl.StateMachineUpdater.run(StateMachineUpdater.java:176)
        at java.lang.Thread.run(Thread.java:750)
"IPC Server handler 6 on default port 46277" daemon prio=5 tid=54 timed_waiting
java.lang.Thread.State: TIMED_WAITING
        at sun.misc.Unsafe.park(Native Method)
        at java.util.concurrent.locks.LockSupport.parkNanos(LockSupport.java:215)
        at java.util.concurrent.locks.AbstractQueuedSynchronizer$ConditionObject.awaitNanos(AbstractQueuedSynchronizer.java:2078)
        at java.util.concurrent.LinkedBlockingQueue.poll(LinkedBlockingQueue.java:467)
        at org.apache.hadoop.ipc.CallQueueManager.take(CallQueueManager.java:317)
        at org.apache.hadoop.ipc.Server$Handler.run(Server.java:2942)
"ChunkWriter-2-0" daemon prio=5 tid=406 in Object.wait()
java.lang.Thread.State: WAITING (on object monitor)
        at sun.misc.Unsafe.park(Native Method)
        at java.util.concurrent.locks.LockSupport.park(LockSupport.java:175)
        at java.util.concurrent.locks.AbstractQueuedSynchronizer$ConditionObject.await(AbstractQueuedSynchronizer.java:2039)
        at java.util.concurrent.LinkedBlockingDeque.takeFirst(LinkedBlockingDeque.java:492)
        at java.util.concurrent.LinkedBlockingDeque.take(LinkedBlockingDeque.java:680)
        at java.util.concurrent.ThreadPoolExecutor.getTask(ThreadPoolExecutor.java:1074)
        at java.util.concurrent.ThreadPoolExecutor.runWorker(ThreadPoolExecutor.java:1134)
        at java.util.concurrent.ThreadPoolExecutor$Worker.run(ThreadPoolExecutor.java:624)
        at java.lang.Thread.run(Thread.java:750)
"StaleRecoveringContainerScrubbingService#0" daemon prio=5 tid=411 in Object.wait()
java.lang.Thread.State: WAITING (on object monitor)
        at sun.misc.Unsafe.park(Native Method)
        at java.util.concurrent.locks.LockSupport.park(LockSupport.java:175)
        at java.util.concurrent.locks.AbstractQueuedSynchronizer$ConditionObject.await(AbstractQueuedSynchronizer.java:2039)
        at java.util.concurrent.ScheduledThreadPoolExecutor$DelayedWorkQueue.take(ScheduledThreadPoolExecutor.java:1088)
        at java.util.concurrent.ScheduledThreadPoolExecutor$DelayedWorkQueue.take(ScheduledThreadPoolExecutor.java:809)
        at java.util.concurrent.ThreadPoolExecutor.getTask(ThreadPoolExecutor.java:1074)
        at java.util.concurrent.ThreadPoolExecutor.runWorker(ThreadPoolExecutor.java:1134)
        at java.util.concurrent.ThreadPoolExecutor$Worker.run(ThreadPoolExecutor.java:624)
        at java.lang.Thread.run(Thread.java:750)
"FixedThreadPoolWithAffinityExecutor-7-0" daemon prio=5 tid=43 timed_waiting
java.lang.Thread.State: TIMED_WAITING
        at sun.misc.Unsafe.park(Native Method)
        at java.util.concurrent.locks.LockSupport.parkNanos(LockSupport.java:215)
        at java.util.concurrent.locks.AbstractQueuedSynchronizer$ConditionObject.awaitNanos(AbstractQueuedSynchronizer.java:2078)
        at java.util.concurrent.LinkedBlockingQueue.poll(LinkedBlockingQueue.java:467)
        at org.apache.hadoop.hdds.scm.server.ContainerReportQueue.poll(ContainerReportQueue.java:266)
        at org.apache.hadoop.hdds.scm.server.ContainerReportQueue.poll(ContainerReportQueue.java:42)
        at org.apache.hadoop.hdds.server.events.FixedThreadPoolWithAffinityExecutor$ContainerReportProcessTask.run(FixedThreadPoolWithAffinityExecutor.java:218)
        at java.util.concurrent.Executors$RunnableAdapter.call(Executors.java:511)
        at java.util.concurrent.FutureTask.run(FutureTask.java:266)
        at java.util.concurrent.ThreadPoolExecutor.runWorker(ThreadPoolExecutor.java:1149)
        at java.util.concurrent.ThreadPoolExecutor$Worker.run(ThreadPoolExecutor.java:624)
        at java.lang.Thread.run(Thread.java:750)
"IPC Server handler 7 on default port 45735" daemon prio=5 tid=95 timed_waiting
java.lang.Thread.State: TIMED_WAITING
        at sun.misc.Unsafe.park(Native Method)
        at java.util.concurrent.locks.LockSupport.parkNanos(LockSupport.java:215)
        at java.util.concurrent.locks.AbstractQueuedSynchronizer$ConditionObject.awaitNanos(AbstractQueuedSynchronizer.java:2078)
        at java.util.concurrent.LinkedBlockingQueue.poll(LinkedBlockingQueue.java:467)
        at org.apache.hadoop.ipc.CallQueueManager.take(CallQueueManager.java:317)
        at org.apache.hadoop.ipc.Server$Handler.run(Server.java:2942)
"b01711c8-04b4-47a5-9bab-72c84cf7bb6a@group-B7D1079710A0-LeaderStateImpl" daemon prio=5 tid=546 timed_waiting
java.lang.Thread.State: TIMED_WAITING
        at sun.misc.Unsafe.park(Native Method)
        at java.util.concurrent.locks.LockSupport.parkNanos(LockSupport.java:215)
        at java.util.concurrent.locks.AbstractQueuedSynchronizer$ConditionObject.awaitNanos(AbstractQueuedSynchronizer.java:2078)
        at java.util.concurrent.ArrayBlockingQueue.poll(ArrayBlockingQueue.java:418)
        at org.apache.ratis.server.impl.LeaderStateImpl$EventQueue.poll(LeaderStateImpl.java:159)
        at org.apache.ratis.server.impl.LeaderStateImpl$EventProcessor.run(LeaderStateImpl.java:630)
"qtp1285392383-212-acceptor-0@5761fc09-ServerConnector@79f127e{HTTP/1.1, (http/1.1)}{0.0.0.0:34119}" daemon prio=3 tid=212 runnable
java.lang.Thread.State: RUNNABLE
        at sun.nio.ch.ServerSocketChannelImpl.accept0(Native Method)
        at sun.nio.ch.ServerSocketChannelImpl.accept(ServerSocketChannelImpl.java:421)
        at sun.nio.ch.ServerSocketChannelImpl.accept(ServerSocketChannelImpl.java:249)
        at org.eclipse.jetty.server.ServerConnector.accept(ServerConnector.java:388)
        at org.eclipse.jetty.server.AbstractConnector$Acceptor.run(AbstractConnector.java:704)
        at org.eclipse.jetty.util.thread.QueuedThreadPool.runJob(QueuedThreadPool.java:883)
        at org.eclipse.jetty.util.thread.QueuedThreadPool$Runner.run(QueuedThreadPool.java:1034)
        at java.lang.Thread.run(Thread.java:750)
"FixedThreadPoolWithAffinityExecutor-5-0" daemon prio=5 tid=41 timed_waiting
java.lang.Thread.State: TIMED_WAITING
        at sun.misc.Unsafe.park(Native Method)
        at java.util.concurrent.locks.LockSupport.parkNanos(LockSupport.java:215)
        at java.util.concurrent.locks.AbstractQueuedSynchronizer$ConditionObject.awaitNanos(AbstractQueuedSynchronizer.java:2078)
        at java.util.concurrent.LinkedBlockingQueue.poll(LinkedBlockingQueue.java:467)
        at org.apache.hadoop.hdds.scm.server.ContainerReportQueue.poll(ContainerReportQueue.java:266)
        at org.apache.hadoop.hdds.scm.server.ContainerReportQueue.poll(ContainerReportQueue.java:42)
        at org.apache.hadoop.hdds.server.events.FixedThreadPoolWithAffinityExecutor$ContainerReportProcessTask.run(FixedThreadPoolWithAffinityExecutor.java:218)
        at java.util.concurrent.Executors$RunnableAdapter.call(Executors.java:511)
        at java.util.concurrent.FutureTask.run(FutureTask.java:266)
        at java.util.concurrent.ThreadPoolExecutor.runWorker(ThreadPoolExecutor.java:1149)
        at java.util.concurrent.ThreadPoolExecutor$Worker.run(ThreadPoolExecutor.java:624)
        at java.lang.Thread.run(Thread.java:750)
"73d758c7-6b76-4e6e-a3d3-7696fd8c55bd@group-2822AD3F708E-SegmentedRaftLogWorker"  prio=5 tid=458 timed_waiting
java.lang.Thread.State: TIMED_WAITING
        at sun.misc.Unsafe.park(Native Method)
        at java.util.concurrent.locks.LockSupport.parkNanos(LockSupport.java:215)
        at java.util.concurrent.locks.AbstractQueuedSynchronizer$ConditionObject.awaitNanos(AbstractQueuedSynchronizer.java:2078)
        at org.apache.ratis.util.DataBlockingQueue.poll(DataBlockingQueue.java:148)
        at org.apache.ratis.server.raftlog.segmented.SegmentedRaftLogWorker.run(SegmentedRaftLogWorker.java:310)
        at org.apache.ratis.server.raftlog.segmented.SegmentedRaftLogWorker$$Lambda$689/1539916730.run(Unknown Source)
        at java.lang.Thread.run(Thread.java:750)
"grpc-default-executor-0" daemon prio=5 tid=425 timed_waiting
java.lang.Thread.State: TIMED_WAITING
        at sun.misc.Unsafe.park(Native Method)
        at java.util.concurrent.locks.LockSupport.parkNanos(LockSupport.java:215)
        at java.util.concurrent.SynchronousQueue$TransferStack.awaitFulfill(SynchronousQueue.java:460)
        at java.util.concurrent.SynchronousQueue$TransferStack.transfer(SynchronousQueue.java:362)
        at java.util.concurrent.SynchronousQueue.poll(SynchronousQueue.java:941)
        at java.util.concurrent.ThreadPoolExecutor.getTask(ThreadPoolExecutor.java:1073)
        at java.util.concurrent.ThreadPoolExecutor.runWorker(ThreadPoolExecutor.java:1134)
        at java.util.concurrent.ThreadPoolExecutor$Worker.run(ThreadPoolExecutor.java:624)
        at java.lang.Thread.run(Thread.java:750)
"EndpointStateMachine task thread for /0.0.0.0:45735 - 0 "  prio=5 tid=361 in Object.wait()
java.lang.Thread.State: WAITING (on object monitor)
        at sun.misc.Unsafe.park(Native Method)
        at java.util.concurrent.locks.LockSupport.park(LockSupport.java:175)
        at java.util.concurrent.locks.AbstractQueuedSynchronizer$ConditionObject.await(AbstractQueuedSynchronizer.java:2039)
        at java.util.concurrent.LinkedBlockingQueue.take(LinkedBlockingQueue.java:442)
        at java.util.concurrent.ThreadPoolExecutor.getTask(ThreadPoolExecutor.java:1074)
        at java.util.concurrent.ThreadPoolExecutor.runWorker(ThreadPoolExecutor.java:1134)
        at java.util.concurrent.ThreadPoolExecutor$Worker.run(ThreadPoolExecutor.java:624)
        at java.lang.Thread.run(Thread.java:750)
"IPC Server listener on 0" daemon prio=5 tid=28 runnable
java.lang.Thread.State: RUNNABLE
        at sun.nio.ch.EPollArrayWrapper.epollWait(Native Method)
        at sun.nio.ch.EPollArrayWrapper.poll(EPollArrayWrapper.java:269)
        at sun.nio.ch.EPollSelectorImpl.doSelect(EPollSelectorImpl.java:93)
        at sun.nio.ch.SelectorImpl.lockAndDoSelect(SelectorImpl.java:86)
        at sun.nio.ch.SelectorImpl.select(SelectorImpl.java:97)
        at sun.nio.ch.SelectorImpl.select(SelectorImpl.java:101)
        at org.apache.hadoop.ipc.Server$Listener.run(Server.java:1358)
"ChunkWriter-0-0" daemon prio=5 tid=386 in Object.wait()
java.lang.Thread.State: WAITING (on object monitor)
        at sun.misc.Unsafe.park(Native Method)
        at java.util.concurrent.locks.LockSupport.park(LockSupport.java:175)
        at java.util.concurrent.locks.AbstractQueuedSynchronizer$ConditionObject.await(AbstractQueuedSynchronizer.java:2039)
        at java.util.concurrent.LinkedBlockingDeque.takeFirst(LinkedBlockingDeque.java:492)
        at java.util.concurrent.LinkedBlockingDeque.take(LinkedBlockingDeque.java:680)
        at java.util.concurrent.ThreadPoolExecutor.getTask(ThreadPoolExecutor.java:1074)
        at java.util.concurrent.ThreadPoolExecutor.runWorker(ThreadPoolExecutor.java:1134)
        at java.util.concurrent.ThreadPoolExecutor$Worker.run(ThreadPoolExecutor.java:624)
        at java.lang.Thread.run(Thread.java:750)
"901bb4f9-d448-4097-b3df-3dc09329cc1b@group-3CEFCACDB394-SegmentedRaftLogWorker"  prio=5 tid=454 timed_waiting
java.lang.Thread.State: TIMED_WAITING
        at sun.misc.Unsafe.park(Native Method)
        at java.util.concurrent.locks.LockSupport.parkNanos(LockSupport.java:215)
        at java.util.concurrent.locks.AbstractQueuedSynchronizer$ConditionObject.awaitNanos(AbstractQueuedSynchronizer.java:2078)
        at org.apache.ratis.util.DataBlockingQueue.poll(DataBlockingQueue.java:148)
        at org.apache.ratis.server.raftlog.segmented.SegmentedRaftLogWorker.run(SegmentedRaftLogWorker.java:310)
        at org.apache.ratis.server.raftlog.segmented.SegmentedRaftLogWorker$$Lambda$689/1539916730.run(Unknown Source)
        at java.lang.Thread.run(Thread.java:750)
"qtp1890676535-268" daemon prio=5 tid=268 timed_waiting
java.lang.Thread.State: TIMED_WAITING
        at sun.misc.Unsafe.park(Native Method)
        at java.util.concurrent.locks.LockSupport.parkNanos(LockSupport.java:215)
        at java.util.concurrent.locks.AbstractQueuedSynchronizer$ConditionObject.awaitNanos(AbstractQueuedSynchronizer.java:2078)
        at org.eclipse.jetty.util.BlockingArrayQueue.poll(BlockingArrayQueue.java:382)
        at org.eclipse.jetty.util.thread.QueuedThreadPool$Runner.idleJobPoll(QueuedThreadPool.java:974)
        at org.eclipse.jetty.util.thread.QueuedThreadPool$Runner.run(QueuedThreadPool.java:1018)
        at java.lang.Thread.run(Thread.java:750)
"Reference Handler" daemon prio=10 tid=2 in Object.wait()
java.lang.Thread.State: WAITING (on object monitor)
        at java.lang.Object.wait(Native Method)
        at java.lang.Object.wait(Object.java:502)
        at java.lang.ref.Reference.tryHandlePending(Reference.java:191)
        at java.lang.ref.Reference$ReferenceHandler.run(Reference.java:153)
"IPC Server listener on 0" daemon prio=5 tid=131 runnable
java.lang.Thread.State: RUNNABLE
        at sun.nio.ch.EPollArrayWrapper.epollWait(Native Method)
        at sun.nio.ch.EPollArrayWrapper.poll(EPollArrayWrapper.java:269)
        at sun.nio.ch.EPollSelectorImpl.doSelect(EPollSelectorImpl.java:93)
        at sun.nio.ch.SelectorImpl.lockAndDoSelect(SelectorImpl.java:86)
        at sun.nio.ch.SelectorImpl.select(SelectorImpl.java:97)
        at sun.nio.ch.SelectorImpl.select(SelectorImpl.java:101)
        at org.apache.hadoop.ipc.Server$Listener.run(Server.java:1358)
"ExpiredContainerReplicaOpScrubberThread" daemon prio=5 tid=18 timed_waiting
java.lang.Thread.State: TIMED_WAITING
        at java.lang.Object.wait(Native Method)
        at org.apache.hadoop.hdds.scm.ha.BackgroundSCMService.run(BackgroundSCMService.java:110)
        at org.apache.hadoop.hdds.scm.ha.BackgroundSCMService$$Lambda$396/280960713.run(Unknown Source)
        at java.lang.Thread.run(Thread.java:750)


	at org.apache.ozone.test.GenericTestUtils.waitFor(GenericTestUtils.java:224)
	at org.apache.hadoop.hdds.scm.pipeline.TestRatisPipelineCreateAndDestroy.waitForPipelines(TestRatisPipelineCreateAndDestroy.java:179)
	at org.apache.hadoop.hdds.scm.pipeline.TestRatisPipelineCreateAndDestroy.testAutomaticPipelineCreationOnPipelineDestroy(TestRatisPipelineCreateAndDestroy.java:95)
	at sun.reflect.NativeMethodAccessorImpl.invoke0(Native Method)
	at sun.reflect.NativeMethodAccessorImpl.invoke(NativeMethodAccessorImpl.java:62)
	at sun.reflect.DelegatingMethodAccessorImpl.invoke(DelegatingMethodAccessorImpl.java:43)
	at java.lang.reflect.Method.invoke(Method.java:498)
	at org.junit.platform.commons.util.ReflectionUtils.invokeMethod(ReflectionUtils.java:725)
	at org.junit.jupiter.engine.execution.MethodInvocation.proceed(MethodInvocation.java:60)
	at org.junit.jupiter.engine.execution.InvocationInterceptorChain$ValidatingInvocation.proceed(InvocationInterceptorChain.java:131)
	at org.junit.jupiter.engine.extension.TimeoutInvocation.proceed(TimeoutInvocation.java:46)
	at org.junit.jupiter.engine.extension.TimeoutExtension.intercept(TimeoutExtension.java:149)
	at org.junit.jupiter.engine.extension.TimeoutExtension.interceptTestableMethod(TimeoutExtension.java:140)
	at org.junit.jupiter.engine.extension.TimeoutExtension.interceptTestMethod(TimeoutExtension.java:84)
	at org.junit.jupiter.engine.execution.ExecutableInvoker$ReflectiveInterceptorCall.lambda$ofVoidMethod$0(ExecutableInvoker.java:115)
	at org.junit.jupiter.engine.execution.ExecutableInvoker.lambda$invoke$0(ExecutableInvoker.java:105)
	at org.junit.jupiter.engine.execution.InvocationInterceptorChain$InterceptedInvocation.proceed(InvocationInterceptorChain.java:106)
	at org.junit.jupiter.engine.execution.InvocationInterceptorChain.proceed(InvocationInterceptorChain.java:64)
	at org.junit.jupiter.engine.execution.InvocationInterceptorChain.chainAndInvoke(InvocationInterceptorChain.java:45)
	at org.junit.jupiter.engine.execution.InvocationInterceptorChain.invoke(InvocationInterceptorChain.java:37)
	at org.junit.jupiter.engine.execution.ExecutableInvoker.invoke(ExecutableInvoker.java:104)
	at org.junit.jupiter.engine.execution.ExecutableInvoker.invoke(ExecutableInvoker.java:98)
	at org.junit.jupiter.engine.descriptor.TestMethodTestDescriptor.lambda$invokeTestMethod$7(TestMethodTestDescriptor.java:214)
	at org.junit.platform.engine.support.hierarchical.ThrowableCollector.execute(ThrowableCollector.java:73)
	at org.junit.jupiter.engine.descriptor.TestMethodTestDescriptor.invokeTestMethod(TestMethodTestDescriptor.java:210)
	at org.junit.jupiter.engine.descriptor.TestMethodTestDescriptor.execute(TestMethodTestDescriptor.java:135)
	at org.junit.jupiter.engine.descriptor.TestMethodTestDescriptor.execute(TestMethodTestDescriptor.java:66)
	at org.junit.platform.engine.support.hierarchical.NodeTestTask.lambda$executeRecursively$6(NodeTestTask.java:151)
	at org.junit.platform.engine.support.hierarchical.ThrowableCollector.execute(ThrowableCollector.java:73)
	at org.junit.platform.engine.support.hierarchical.NodeTestTask.lambda$executeRecursively$8(NodeTestTask.java:141)
	at org.junit.platform.engine.support.hierarchical.Node.around(Node.java:137)
	at org.junit.platform.engine.support.hierarchical.NodeTestTask.lambda$executeRecursively$9(NodeTestTask.java:139)
	at org.junit.platform.engine.support.hierarchical.ThrowableCollector.execute(ThrowableCollector.java:73)
	at org.junit.platform.engine.support.hierarchical.NodeTestTask.executeRecursively(NodeTestTask.java:138)
	at org.junit.platform.engine.support.hierarchical.NodeTestTask.execute(NodeTestTask.java:95)
	at java.util.ArrayList.forEach(ArrayList.java:1259)
	at org.junit.platform.engine.support.hierarchical.SameThreadHierarchicalTestExecutorService.invokeAll(SameThreadHierarchicalTestExecutorService.java:41)
	at org.junit.platform.engine.support.hierarchical.NodeTestTask.lambda$executeRecursively$6(NodeTestTask.java:155)
	at org.junit.platform.engine.support.hierarchical.ThrowableCollector.execute(ThrowableCollector.java:73)
	at org.junit.platform.engine.support.hierarchical.NodeTestTask.lambda$executeRecursively$8(NodeTestTask.java:141)
	at org.junit.platform.engine.support.hierarchical.Node.around(Node.java:137)
	at org.junit.platform.engine.support.hierarchical.NodeTestTask.lambda$executeRecursively$9(NodeTestTask.java:139)
	at org.junit.platform.engine.support.hierarchical.ThrowableCollector.execute(ThrowableCollector.java:73)
	at org.junit.platform.engine.support.hierarchical.NodeTestTask.executeRecursively(NodeTestTask.java:138)
	at org.junit.platform.engine.support.hierarchical.NodeTestTask.execute(NodeTestTask.java:95)
	at java.util.ArrayList.forEach(ArrayList.java:1259)
	at org.junit.platform.engine.support.hierarchical.SameThreadHierarchicalTestExecutorService.invokeAll(SameThreadHierarchicalTestExecutorService.java:41)
	at org.junit.platform.engine.support.hierarchical.NodeTestTask.lambda$executeRecursively$6(NodeTestTask.java:155)
	at org.junit.platform.engine.support.hierarchical.ThrowableCollector.execute(ThrowableCollector.java:73)
	at org.junit.platform.engine.support.hierarchical.NodeTestTask.lambda$executeRecursively$8(NodeTestTask.java:141)
	at org.junit.platform.engine.support.hierarchical.Node.around(Node.java:137)
	at org.junit.platform.engine.support.hierarchical.NodeTestTask.lambda$executeRecursively$9(NodeTestTask.java:139)
	at org.junit.platform.engine.support.hierarchical.ThrowableCollector.execute(ThrowableCollector.java:73)
	at org.junit.platform.engine.support.hierarchical.NodeTestTask.executeRecursively(NodeTestTask.java:138)
	at org.junit.platform.engine.support.hierarchical.NodeTestTask.execute(NodeTestTask.java:95)
	at org.junit.platform.engine.support.hierarchical.SameThreadHierarchicalTestExecutorService.submit(SameThreadHierarchicalTestExecutorService.java:35)
	at org.junit.platform.engine.support.hierarchical.HierarchicalTestExecutor.execute(HierarchicalTestExecutor.java:57)
	at org.junit.platform.engine.support.hierarchical.HierarchicalTestEngine.execute(HierarchicalTestEngine.java:54)
	at org.junit.platform.launcher.core.EngineExecutionOrchestrator.execute(EngineExecutionOrchestrator.java:107)
	at org.junit.platform.launcher.core.EngineExecutionOrchestrator.execute(EngineExecutionOrchestrator.java:88)
	at org.junit.platform.launcher.core.EngineExecutionOrchestrator.lambda$execute$0(EngineExecutionOrchestrator.java:54)
	at org.junit.platform.launcher.core.EngineExecutionOrchestrator.withInterceptedStreams(EngineExecutionOrchestrator.java:67)
	at org.junit.platform.launcher.core.EngineExecutionOrchestrator.execute(EngineExecutionOrchestrator.java:52)
	at org.junit.platform.launcher.core.DefaultLauncher.execute(DefaultLauncher.java:114)
	at org.junit.platform.launcher.core.DefaultLauncher.execute(DefaultLauncher.java:86)
	at org.junit.platform.launcher.core.DefaultLauncherSession$DelegatingLauncher.execute(DefaultLauncherSession.java:86)
	at org.junit.platform.launcher.core.SessionPerRequestLauncher.execute(SessionPerRequestLauncher.java:53)
	at org.apache.maven.surefire.junitplatform.JUnitPlatformProvider.execute(JUnitPlatformProvider.java:188)
	at org.apache.maven.surefire.junitplatform.JUnitPlatformProvider.invokeAllTests(JUnitPlatformProvider.java:154)
	at org.apache.maven.surefire.junitplatform.JUnitPlatformProvider.invoke(JUnitPlatformProvider.java:124)
	at org.apache.maven.surefire.booter.ForkedBooter.runSuitesInProcess(ForkedBooter.java:428)
	at org.apache.maven.surefire.booter.ForkedBooter.execute(ForkedBooter.java:162)
	at org.apache.maven.surefire.booter.ForkedBooter.run(ForkedBooter.java:562)
	at org.apache.maven.surefire.booter.ForkedBooter.main(ForkedBooter.java:548)
]]></error>
    <system-out><![CDATA[2022-11-10 07:14:03,841 [main] WARN  server.ServerUtils (ServerUtils.java:getScmDbDir(148)) - ozone.scm.db.dirs is not configured. We recommend adding this setting. Falling back to ozone.metadata.dirs instead.
2022-11-10 07:14:03,951 [main] WARN  server.ServerUtils (ServerUtils.java:getScmDbDir(148)) - ozone.scm.db.dirs is not configured. We recommend adding this setting. Falling back to ozone.metadata.dirs instead.
2022-11-10 07:14:03,954 [main] INFO  ha.SCMHANodeDetails (SCMHANodeDetails.java:loadSCMHAConfig(209)) - ServiceID for StorageContainerManager is null
2022-11-10 07:14:03,965 [main] WARN  ha.SCMHANodeDetails (SCMHANodeDetails.java:validateSCMHAConfig(182)) - Invalid config ozone.scm.ratis.enable. The config was not specified, but the default value true conflicts with the expected config value false. Falling back to the expected value. Current State of SCM: SCM is running in Non-HA without Ratis Ratis SCM -> Non Ratis SCM or Non HA SCM -> HA SCM is not supported
2022-11-10 07:14:03,965 [main] INFO  ha.SCMHANodeDetails (SCMHANodeDetails.java:loadSCMHAConfig(214)) - ozone.scm.default.service.id is not defined, falling back to ozone.scm.service.ids to find serviceID for StorageContainerManager if it is HA enabled cluster
2022-11-10 07:14:04,435 [main] WARN  utils.HAUtils (HAUtils.java:getMetaDir(342)) - ozone.scm.db.dirs is not configured. We recommend adding this setting. Falling back to ozone.metadata.dirs instead.
2022-11-10 07:14:04,582 [main] WARN  db.DBStoreBuilder (DBStoreBuilder.java:applyDBDefinition(144)) - ozone.scm.db.dirs is not configured. We recommend adding this setting. Falling back to ozone.metadata.dirs instead.
2022-11-10 07:14:04,894 [main] INFO  net.NodeSchemaLoader (NodeSchemaLoader.java:loadSchemaFromFile(129)) - Loading schema from [jar:file:/home/runner/.m2/repository/org/apache/ozone/hdds-common/1.3.0-SNAPSHOT/hdds-common-1.3.0-SNAPSHOT.jar!/network-topology-default.xml]
2022-11-10 07:14:04,896 [main] INFO  net.NodeSchemaLoader (NodeSchemaLoader.java:loadSchema(176)) - Loading network topology layer schema file
2022-11-10 07:14:04,933 [main] INFO  metrics.MetricRegistries (MetricRegistriesLoader.java:load(64)) - Loaded MetricRegistries class org.apache.ratis.metrics.impl.MetricRegistriesImpl
2022-11-10 07:14:04,938 [main] INFO  upgrade.AbstractLayoutVersionManager (AbstractLayoutVersionManager.java:init(83)) - Initializing Layout version manager with metadata layout = DATANODE_SCHEMA_V3 (version = 4), software layout = DATANODE_SCHEMA_V3 (version = 4)
2022-11-10 07:14:05,114 [main] INFO  reflections.Reflections (Reflections.java:scan(232)) - Reflections took 117 ms to scan 7 urls, producing 139 keys and 336 values 
2022-11-10 07:14:05,205 [main] INFO  ha.SequenceIdGenerator (SequenceIdGenerator.java:upgradeToSequenceId(349)) - upgrade localId to 109611004723200000
2022-11-10 07:14:05,206 [main] INFO  ha.SequenceIdGenerator (SequenceIdGenerator.java:upgradeToSequenceId(359)) - upgrade delTxnId to 0
2022-11-10 07:14:05,209 [main] INFO  ha.SequenceIdGenerator (SequenceIdGenerator.java:upgradeToSequenceId(376)) - upgrade containerId to 0
2022-11-10 07:14:05,211 [main] INFO  ha.SequenceIdGenerator (SequenceIdGenerator.java:<init>(220)) - Init the HA SequenceIdGenerator.
2022-11-10 07:14:05,252 [main] INFO  node.SCMNodeManager (SCMNodeManager.java:<init>(149)) - Entering startup safe mode.
2022-11-10 07:14:05,309 [main] INFO  algorithms.ContainerPlacementPolicyFactory (ContainerPlacementPolicyFactory.java:getPolicyInternal(86)) - Create container placement policy of type org.apache.hadoop.hdds.scm.container.placement.algorithms.SCMContainerPlacementRandom
2022-11-10 07:14:05,311 [main] INFO  algorithms.ContainerPlacementPolicyFactory (ContainerPlacementPolicyFactory.java:getPolicyInternal(86)) - Create container placement policy of type org.apache.hadoop.hdds.scm.container.placement.algorithms.SCMContainerPlacementRackScatter
2022-11-10 07:14:05,330 [main] INFO  pipeline.PipelineStateManagerImpl (PipelineStateManagerImpl.java:initialize(78)) - No pipeline exists in current db
2022-11-10 07:14:05,360 [main] INFO  algorithms.LeaderChoosePolicyFactory (LeaderChoosePolicyFactory.java:getPolicy(57)) - Create leader choose policy of type org.apache.hadoop.hdds.scm.pipeline.leader.choose.algorithms.MinLeaderCountChoosePolicy
2022-11-10 07:14:05,360 [main] INFO  algorithms.ContainerPlacementPolicyFactory (ContainerPlacementPolicyFactory.java:getPolicyInternal(86)) - Create container placement policy of type org.apache.hadoop.hdds.scm.container.placement.algorithms.SCMContainerPlacementRackScatter
2022-11-10 07:14:05,366 [main] INFO  ha.SCMServiceManager (SCMServiceManager.java:register(42)) - Registering service BackgroundPipelineCreator.
2022-11-10 07:14:05,366 [main] INFO  pipeline.BackgroundPipelineCreator (BackgroundPipelineCreator.java:start(124)) - Starting RatisPipelineUtilsThread.
2022-11-10 07:14:05,370 [main] INFO  BackgroundPipelineScrubber (BackgroundSCMService.java:start(68)) - Starting BackgroundPipelineScrubber Service.
2022-11-10 07:14:05,371 [main] INFO  ha.SCMServiceManager (SCMServiceManager.java:register(42)) - Registering service BackgroundPipelineScrubber.
2022-11-10 07:14:05,377 [main] INFO  ExpiredContainerReplicaOpScrubber (BackgroundSCMService.java:start(68)) - Starting ExpiredContainerReplicaOpScrubber Service.
2022-11-10 07:14:05,378 [main] INFO  ha.SCMServiceManager (SCMServiceManager.java:register(42)) - Registering service ExpiredContainerReplicaOpScrubber.
2022-11-10 07:14:05,414 [main] INFO  algorithms.PipelineChoosePolicyFactory (PipelineChoosePolicyFactory.java:createPipelineChoosePolicyFromClass(73)) - Create pipeline choose policy of type org.apache.hadoop.hdds.scm.pipeline.choose.algorithms.RandomPipelineChoosePolicy
2022-11-10 07:14:05,430 [main] INFO  ha.SCMServiceManager (SCMServiceManager.java:register(42)) - Registering service SCMBlockDeletingService.
2022-11-10 07:14:05,471 [main] INFO  replication.ReplicationManager (ReplicationManager.java:start(239)) - Starting Replication Monitor Thread.
2022-11-10 07:14:05,487 [main] INFO  ha.SCMServiceManager (SCMServiceManager.java:register(42)) - Registering service ReplicationManager.
2022-11-10 07:14:05,489 [ReplicationMonitor] INFO  replication.ReplicationManager (ReplicationManager.java:processAll(308)) - Replication Manager is not ready to run until 3000ms after safemode exit
2022-11-10 07:14:05,494 [main] INFO  safemode.ContainerSafeModeRule (ContainerSafeModeRule.java:<init>(89)) - containers with one replica threshold count 0
2022-11-10 07:14:05,498 [main] INFO  safemode.HealthyPipelineSafeModeRule (HealthyPipelineSafeModeRule.java:initializeRule(169)) - Total pipeline count is 0, healthy pipeline threshold count is 1
2022-11-10 07:14:05,499 [main] INFO  safemode.OneReplicaPipelineSafeModeRule (OneReplicaPipelineSafeModeRule.java:initializeRule(180)) - Total pipeline count is 0, pipeline's with at least one datanode reported threshold count is 0
2022-11-10 07:14:05,785 [main] INFO  audit.AuditLogger (AuditLogger.java:refreshDebugCmdSet(126)) - Refresh DebugCmdSet for SCMAudit to [].
2022-11-10 07:14:05,819 [main] INFO  ipc.CallQueueManager (CallQueueManager.java:<init>(90)) - Using callQueue: class java.util.concurrent.LinkedBlockingQueue, queueCapacity: 2000, scheduler: class org.apache.hadoop.ipc.DefaultRpcScheduler, ipcBackoff: false.
2022-11-10 07:14:05,855 [Socket Reader #1 for port 0] INFO  ipc.Server (Server.java:run(1273)) - Starting Socket Reader #1 for port 0
2022-11-10 07:14:05,908 [Listener at 0.0.0.0/45735] INFO  audit.AuditLogger (AuditLogger.java:refreshDebugCmdSet(126)) - Refresh DebugCmdSet for SCMAudit to [].
2022-11-10 07:14:05,914 [Listener at 0.0.0.0/45735] INFO  ipc.CallQueueManager (CallQueueManager.java:<init>(90)) - Using callQueue: class java.util.concurrent.LinkedBlockingQueue, queueCapacity: 2000, scheduler: class org.apache.hadoop.ipc.DefaultRpcScheduler, ipcBackoff: false.
2022-11-10 07:14:05,915 [Socket Reader #1 for port 0] INFO  ipc.Server (Server.java:run(1273)) - Starting Socket Reader #1 for port 0
2022-11-10 07:14:05,942 [Listener at 0.0.0.0/40853] INFO  audit.AuditLogger (AuditLogger.java:refreshDebugCmdSet(126)) - Refresh DebugCmdSet for SCMAudit to [].
2022-11-10 07:14:05,954 [Listener at 0.0.0.0/40853] INFO  ipc.CallQueueManager (CallQueueManager.java:<init>(90)) - Using callQueue: class java.util.concurrent.LinkedBlockingQueue, queueCapacity: 2000, scheduler: class org.apache.hadoop.ipc.DefaultRpcScheduler, ipcBackoff: false.
2022-11-10 07:14:05,955 [Socket Reader #1 for port 0] INFO  ipc.Server (Server.java:run(1273)) - Starting Socket Reader #1 for port 0
2022-11-10 07:14:06,010 [Listener at 0.0.0.0/46277] INFO  ha.SCMServiceManager (SCMServiceManager.java:register(42)) - Registering service ContainerBalancer.
2022-11-10 07:14:06,011 [Listener at 0.0.0.0/46277] INFO  server.StorageContainerManager (StorageContainerManager.java:<init>(415)) - 
Container Balancer status:
Key                            Value
Running                        true
Container Balancer Configuration values:
Key                                                Value
Threshold                                          10
Max Datanodes to Involve per Iteration(percent)    20
Max Size to Move per Iteration                     500GB
Max Size Entering Target per Iteration             26GB
Max Size Leaving Source per Iteration              26GB

2022-11-10 07:14:06,012 [Listener at 0.0.0.0/46277] WARN  events.EventQueue (EventQueue.java:fireEvent(216)) - No event handler registered for event TypedEvent{payloadType=SafeModeStatus, name='Safe mode status'}
2022-11-10 07:14:06,012 [Listener at 0.0.0.0/46277] INFO  ha.SCMContext (SCMContext.java:updateSafeModeStatus(228)) - Update SafeModeStatus from SafeModeStatus{safeModeStatus=true, preCheckPassed=false} to SafeModeStatus{safeModeStatus=true, preCheckPassed=false}.
2022-11-10 07:14:06,015 [Listener at 0.0.0.0/46277] INFO  server.StorageContainerManager (StorageContainerManager.java:start(1449)) - StorageContainerLocationProtocol RPC server is listening at /0.0.0.0:46277
2022-11-10 07:14:06,075 [Listener at 0.0.0.0/46277] WARN  impl.MetricsConfig (MetricsConfig.java:loadFirst(136)) - Cannot locate configuration: tried hadoop-metrics2-storagecontainermanager.properties,hadoop-metrics2.properties
2022-11-10 07:14:06,087 [Listener at 0.0.0.0/46277] INFO  impl.MetricsSystemImpl (MetricsSystemImpl.java:startTimer(378)) - Scheduled Metric snapshot period at 10 second(s).
2022-11-10 07:14:06,087 [Listener at 0.0.0.0/46277] INFO  impl.MetricsSystemImpl (MetricsSystemImpl.java:start(191)) - StorageContainerManager metrics system started
2022-11-10 07:14:06,416 [Listener at 0.0.0.0/46277] INFO  server.SCMClientProtocolServer (SCMClientProtocolServer.java:start(170)) - RPC server for Client  is listening at /0.0.0.0:46277
2022-11-10 07:14:06,417 [IPC Server Responder] INFO  ipc.Server (Server.java:run(1512)) - IPC Server Responder: starting
2022-11-10 07:14:06,418 [IPC Server listener on 0] INFO  ipc.Server (Server.java:run(1352)) - IPC Server listener on 0: starting
2022-11-10 07:14:06,479 [Listener at 0.0.0.0/46277] INFO  server.StorageContainerManager (StorageContainerManager.java:start(1464)) - ScmBlockLocationProtocol RPC server is listening at /0.0.0.0:40853
2022-11-10 07:14:06,480 [Listener at 0.0.0.0/46277] INFO  server.SCMBlockProtocolServer (SCMBlockProtocolServer.java:start(152)) - RPC server for Block Protocol is listening at /0.0.0.0:40853
2022-11-10 07:14:06,481 [IPC Server Responder] INFO  ipc.Server (Server.java:run(1512)) - IPC Server Responder: starting
2022-11-10 07:14:06,481 [IPC Server listener on 0] INFO  ipc.Server (Server.java:run(1352)) - IPC Server listener on 0: starting
2022-11-10 07:14:06,483 [Listener at 0.0.0.0/46277] INFO  server.SCMDatanodeProtocolServer (SCMDatanodeProtocolServer.java:start(186)) - ScmDatanodeProtocol RPC server for DataNodes is listening at /0.0.0.0:45735
2022-11-10 07:14:06,484 [IPC Server Responder] INFO  ipc.Server (Server.java:run(1512)) - IPC Server Responder: starting
2022-11-10 07:14:06,484 [IPC Server listener on 0] INFO  ipc.Server (Server.java:run(1352)) - IPC Server listener on 0: starting
2022-11-10 07:14:06,501 [org.apache.hadoop.util.JvmPauseMonitor$Monitor@76ee7301] INFO  util.JvmPauseMonitor (JvmPauseMonitor.java:run(188)) - Starting JVM pause monitor
2022-11-10 07:14:06,512 [Listener at 0.0.0.0/46277] INFO  http.BaseHttpServer (BaseHttpServer.java:newHttpServer2BuilderForOzone(213)) - Starting Web-server for scm at: http://0.0.0.0:0
2022-11-10 07:14:06,512 [Listener at 0.0.0.0/46277] INFO  http.BaseHttpServer (BaseHttpServer.java:<init>(108)) - Hadoop Security Enabled: false Ozone Security Enabled: false Ozone HTTP Security Enabled: false 
2022-11-10 07:14:06,539 [Listener at 0.0.0.0/46277] INFO  util.log (Log.java:initialized(170)) - Logging initialized @4019ms to org.eclipse.jetty.util.log.Slf4jLog
2022-11-10 07:14:06,644 [Listener at 0.0.0.0/46277] WARN  server.AuthenticationFilter (AuthenticationFilter.java:constructSecretProvider(240)) - Unable to initialize FileSignerSecretProvider, falling back to use random secrets. Reason: Could not read signature secret file: /home/runner/hadoop-http-auth-signature-secret
2022-11-10 07:14:06,651 [Listener at 0.0.0.0/46277] WARN  http.HttpRequestLog (HttpRequestLog.java:getRequestLog(103)) - Jetty request log can only be enabled using Log4j
2022-11-10 07:14:06,657 [Listener at 0.0.0.0/46277] INFO  http.HttpServer2 (HttpServer2.java:addGlobalFilter(1031)) - Added global filter 'safety' (class=org.apache.hadoop.hdds.server.http.HttpServer2$QuotingInputFilter)
2022-11-10 07:14:06,659 [Listener at 0.0.0.0/46277] INFO  http.HttpServer2 (HttpServer2.java:addFilter(1007)) - Added filter static_user_filter (class=org.apache.hadoop.http.lib.StaticUserWebFilter$StaticUserFilter) to context scm
2022-11-10 07:14:06,660 [Listener at 0.0.0.0/46277] INFO  http.HttpServer2 (HttpServer2.java:addFilter(1015)) - Added filter static_user_filter (class=org.apache.hadoop.http.lib.StaticUserWebFilter$StaticUserFilter) to context static
2022-11-10 07:14:06,660 [Listener at 0.0.0.0/46277] INFO  http.HttpServer2 (HttpServer2.java:addFilter(1015)) - Added filter static_user_filter (class=org.apache.hadoop.http.lib.StaticUserWebFilter$StaticUserFilter) to context logs
2022-11-10 07:14:06,701 [Listener at 0.0.0.0/46277] INFO  http.HttpServer2 (HttpServer2.java:bindListener(1250)) - Jetty bound to port 37409
2022-11-10 07:14:06,702 [Listener at 0.0.0.0/46277] INFO  server.Server (Server.java:doStart(375)) - jetty-9.4.49.v20220914; built: 2022-09-14T01:07:36.601Z; git: 4231a3b2e4cb8548a412a789936d640a97b1aa0a; jvm 1.8.0_345-b01
2022-11-10 07:14:06,755 [Listener at 0.0.0.0/46277] INFO  server.session (DefaultSessionIdManager.java:doStart(334)) - DefaultSessionIdManager workerName=node0
2022-11-10 07:14:06,755 [Listener at 0.0.0.0/46277] INFO  server.session (DefaultSessionIdManager.java:doStart(339)) - No SessionScavenger set, using defaults
2022-11-10 07:14:06,757 [Listener at 0.0.0.0/46277] INFO  server.session (HouseKeeper.java:startScavenging(132)) - node0 Scavenging every 660000ms
2022-11-10 07:14:06,773 [Listener at 0.0.0.0/46277] INFO  handler.ContextHandler (ContextHandler.java:doStart(921)) - Started o.e.j.s.ServletContextHandler@78141c58{logs,/logs,file:///home/runner/work/ozone/ozone/hadoop-ozone/integration-test/target/log,AVAILABLE}
2022-11-10 07:14:06,774 [Listener at 0.0.0.0/46277] INFO  handler.ContextHandler (ContextHandler.java:doStart(921)) - Started o.e.j.s.ServletContextHandler@8ad182c{static,/static,file:///home/runner/work/ozone/ozone/hadoop-ozone/integration-test/target/test-classes/webapps/static,AVAILABLE}
2022-11-10 07:14:06,822 [Listener at 0.0.0.0/46277] INFO  handler.ContextHandler (ContextHandler.java:doStart(921)) - Started o.e.j.w.WebAppContext@62cb977a{scm,/,file:///home/runner/work/ozone/ozone/hadoop-ozone/integration-test/target/test-classes/webapps/scm/,AVAILABLE}{file:/home/runner/work/ozone/ozone/hadoop-ozone/integration-test/target/test-classes/webapps/scm}
2022-11-10 07:14:06,832 [Listener at 0.0.0.0/46277] INFO  server.AbstractConnector (AbstractConnector.java:doStart(333)) - Started ServerConnector@2c0d7099{HTTP/1.1, (http/1.1)}{0.0.0.0:37409}
2022-11-10 07:14:06,832 [Listener at 0.0.0.0/46277] INFO  server.Server (Server.java:doStart(415)) - Started @4312ms
2022-11-10 07:14:06,838 [Listener at 0.0.0.0/46277] INFO  impl.MetricsSinkAdapter (MetricsSinkAdapter.java:start(204)) - Sink prometheus started
2022-11-10 07:14:06,838 [Listener at 0.0.0.0/46277] INFO  impl.MetricsSystemImpl (MetricsSystemImpl.java:registerSink(305)) - Registered sink prometheus
2022-11-10 07:14:06,840 [Listener at 0.0.0.0/46277] INFO  http.BaseHttpServer (BaseHttpServer.java:updateConnectorAddress(333)) - HTTP server of scm listening at http://0.0.0.0:37409
2022-11-10 07:14:06,842 [Listener at 0.0.0.0/46277] WARN  server.ServerUtils (ServerUtils.java:getDBPath(225)) - ozone.om.db.dirs is not configured. We recommend adding this setting. Falling back to ozone.metadata.dirs instead.
2022-11-10 07:14:06,903 [Listener at 0.0.0.0/46277] INFO  audit.AuditLogger (AuditLogger.java:refreshDebugCmdSet(126)) - Refresh DebugCmdSet for OMAudit to [].
2022-11-10 07:14:07,007 [Listener at 0.0.0.0/46277] INFO  ha.OMHANodeDetails (OMHANodeDetails.java:loadOMHAConfig(115)) - ozone.om.internal.service.id is not defined, falling back to ozone.om.service.ids to find serviceID for OzoneManager if it is HA enabled cluster
2022-11-10 07:14:07,011 [Listener at 0.0.0.0/46277] INFO  ha.OMHANodeDetails (OMHANodeDetails.java:loadOMHAConfig(226)) - Configuration does not have ozone.om.address set. Falling back to the default OM address /127.0.0.1:0
2022-11-10 07:14:07,011 [Listener at 0.0.0.0/46277] INFO  ha.OMHANodeDetails (OMHANodeDetails.java:getOMNodeDetailsForNonHA(254)) - OM Service ID is not set. Setting it to the default ID: omServiceIdDefault
2022-11-10 07:14:07,011 [Listener at 0.0.0.0/46277] INFO  ha.OMHANodeDetails (OMHANodeDetails.java:getOMNodeDetailsForNonHA(261)) - OM Node ID is not set. Setting it to the default ID: om1
2022-11-10 07:14:07,015 [Listener at 0.0.0.0/46277] WARN  server.ServerUtils (ServerUtils.java:getDBPath(225)) - ozone.om.db.dirs is not configured. We recommend adding this setting. Falling back to ozone.metadata.dirs instead.
2022-11-10 07:14:07,017 [Listener at 0.0.0.0/46277] INFO  upgrade.AbstractLayoutVersionManager (AbstractLayoutVersionManager.java:init(83)) - Initializing Layout version manager with metadata layout = MULTITENANCY_SCHEMA (version = 3), software layout = MULTITENANCY_SCHEMA (version = 3)
2022-11-10 07:14:07,104 [Listener at 0.0.0.0/46277] INFO  reflections.Reflections (Reflections.java:scan(232)) - Reflections took 82 ms to scan 2 urls, producing 154 keys and 428 values [using 2 cores]
2022-11-10 07:14:07,110 [Listener at 0.0.0.0/46277] INFO  upgrade.OMLayoutVersionManager (OMLayoutVersionManager.java:lambda$0(115)) - Skipping Upgrade Action MockOmUpgradeAction since it has been finalized.
2022-11-10 07:14:07,111 [Listener at 0.0.0.0/46277] WARN  server.ServerUtils (ServerUtils.java:getDBPath(225)) - ozone.om.db.dirs is not configured. We recommend adding this setting. Falling back to ozone.metadata.dirs instead.
2022-11-10 07:14:07,276 [Listener at 0.0.0.0/46277] INFO  proxy.SCMBlockLocationFailoverProxyProvider (SCMBlockLocationFailoverProxyProvider.java:<init>(114)) - Created block location fail-over proxy with 1 nodes: [nodeId=scmNodeId,nodeAddress=/0.0.0.0:40853]
2022-11-10 07:14:07,308 [Listener at 0.0.0.0/46277] INFO  proxy.SCMBlockLocationFailoverProxyProvider (SCMBlockLocationFailoverProxyProvider.java:<init>(114)) - Created block location fail-over proxy with 1 nodes: [nodeId=scmNodeId,nodeAddress=/0.0.0.0:40853]
2022-11-10 07:14:07,504 [Listener at 0.0.0.0/46277] WARN  server.ServerUtils (ServerUtils.java:getDBPath(225)) - ozone.om.db.dirs is not configured. We recommend adding this setting. Falling back to ozone.metadata.dirs instead.
2022-11-10 07:14:07,511 [Listener at 0.0.0.0/46277] INFO  codec.OmKeyInfoCodec (OmKeyInfoCodec.java:<init>(49)) - OmKeyInfoCodec ignorePipeline = true
2022-11-10 07:14:07,512 [Listener at 0.0.0.0/46277] INFO  codec.RepeatedOmKeyInfoCodec (RepeatedOmKeyInfoCodec.java:<init>(41)) - RepeatedOmKeyInfoCodec ignorePipeline = true
2022-11-10 07:14:07,680 [Listener at 0.0.0.0/46277] INFO  om.OzoneManager (OzoneManager.java:instantiateServices(715)) - S3 Multi-Tenancy is disabled
2022-11-10 07:14:07,802 [Listener at 0.0.0.0/46277] INFO  om.OzoneManager (OzoneManager.java:addS3GVolumeToDB(4394)) - Created Volume s3v With Owner runner required for S3Gateway operations.
2022-11-10 07:14:07,862 [Listener at 0.0.0.0/46277] WARN  server.ServerUtils (ServerUtils.java:getDefaultRatisDirectory(237)) - Storage directory for Ratis is not configured. It is a good idea to map this to an SSD disk. Falling back to ozone.metadata.dirs
2022-11-10 07:14:07,863 [Listener at 0.0.0.0/46277] WARN  utils.OzoneManagerRatisUtils (OzoneManagerRatisUtils.java:getOMRatisSnapshotDirectory(434)) - ozone.om.ratis.snapshot.dir is not configured. Falling back to ozone.metadata.dirs config
2022-11-10 07:14:07,888 [Listener at 0.0.0.0/46277] WARN  server.ServerUtils (ServerUtils.java:getDefaultRatisDirectory(237)) - Storage directory for Ratis is not configured. It is a good idea to map this to an SSD disk. Falling back to ozone.metadata.dirs
2022-11-10 07:14:07,938 [Listener at 0.0.0.0/46277] INFO  ratis.OzoneManagerRatisServer (OzoneManagerRatisServer.java:<init>(160)) - Instantiating OM Ratis server with groupID: omServiceIdDefault and peers: localhost:9872
2022-11-10 07:14:07,948 [Listener at 0.0.0.0/46277] INFO  ratis.OzoneManagerStateMachine (OzoneManagerStateMachine.java:loadSnapshotInfoFromDB(636)) - LastAppliedIndex is set from TransactionInfo from OM DB as (t:0, i:~)
2022-11-10 07:14:08,010 [Listener at 0.0.0.0/46277] INFO  server.RaftServer (ConfUtils.java:logGet(46)) - raft.rpc.type = GRPC (default)
2022-11-10 07:14:08,110 [Listener at 0.0.0.0/46277] INFO  grpc.GrpcConfigKeys (ConfUtils.java:logFallback(53)) - raft.grpc.admin.host = null (fallback to raft.grpc.server.host)
2022-11-10 07:14:08,113 [Listener at 0.0.0.0/46277] INFO  grpc.GrpcConfigKeys (ConfUtils.java:logFallback(53)) - raft.grpc.admin.port = 9872 (fallback to raft.grpc.server.port)
2022-11-10 07:14:08,114 [Listener at 0.0.0.0/46277] INFO  grpc.GrpcConfigKeys (ConfUtils.java:logFallback(53)) - raft.grpc.client.host = null (fallback to raft.grpc.server.host)
2022-11-10 07:14:08,114 [Listener at 0.0.0.0/46277] INFO  grpc.GrpcConfigKeys (ConfUtils.java:logFallback(53)) - raft.grpc.client.port = 9872 (fallback to raft.grpc.server.port)
2022-11-10 07:14:08,115 [Listener at 0.0.0.0/46277] INFO  grpc.GrpcConfigKeys (ConfUtils.java:logGet(46)) - raft.grpc.server.host = null (default)
2022-11-10 07:14:08,115 [Listener at 0.0.0.0/46277] INFO  grpc.GrpcConfigKeys (ConfUtils.java:logGet(46)) - raft.grpc.server.port = 9872 (custom)
2022-11-10 07:14:08,116 [Listener at 0.0.0.0/46277] INFO  server.GrpcService (ConfUtils.java:logGet(46)) - raft.grpc.message.size.max = 33554432 (custom)
2022-11-10 07:14:08,117 [Listener at 0.0.0.0/46277] INFO  server.RaftServerConfigKeys (ConfUtils.java:logGet(46)) - raft.server.log.appender.buffer.byte-limit = 33554432 (custom)
2022-11-10 07:14:08,118 [Listener at 0.0.0.0/46277] INFO  server.GrpcService (ConfUtils.java:logGet(46)) - raft.grpc.flow.control.window = 1MB (=1048576) (default)
2022-11-10 07:14:08,119 [Listener at 0.0.0.0/46277] INFO  server.RaftServerConfigKeys (ConfUtils.java:logGet(46)) - raft.server.rpc.request.timeout = 3000ms (default)
2022-11-10 07:14:08,136 [Listener at 0.0.0.0/46277] INFO  grpc.GrpcConfigKeys (ConfUtils.java:logGet(46)) - raft.grpc.server.heartbeat.channel = true (default)
2022-11-10 07:14:08,143 [Listener at 0.0.0.0/46277] INFO  grpc.GrpcConfigKeys (ConfUtils.java:logGet(46)) - raft.grpc.server.async.request.thread.pool.cached = true (default)
2022-11-10 07:14:08,143 [Listener at 0.0.0.0/46277] INFO  grpc.GrpcConfigKeys (ConfUtils.java:logGet(46)) - raft.grpc.server.async.request.thread.pool.size = 32 (default)
2022-11-10 07:14:08,463 [Listener at 0.0.0.0/46277] INFO  impl.DataStreamServerImpl (ConfUtils.java:logGet(46)) - raft.datastream.type = DISABLED (default)
2022-11-10 07:14:08,467 [Listener at 0.0.0.0/46277] INFO  server.RaftServerConfigKeys (ConfUtils.java:logGet(46)) - raft.server.threadpool.proxy.cached = true (default)
2022-11-10 07:14:08,467 [Listener at 0.0.0.0/46277] INFO  server.RaftServerConfigKeys (ConfUtils.java:logGet(46)) - raft.server.threadpool.proxy.size = 0 (default)
2022-11-10 07:14:08,468 [Listener at 0.0.0.0/46277] INFO  server.RaftServerConfigKeys (ConfUtils.java:logGet(46)) - raft.server.rpc.slowness.timeout = 120s (custom)
2022-11-10 07:14:08,468 [Listener at 0.0.0.0/46277] INFO  server.RaftServerConfigKeys (ConfUtils.java:logGet(46)) - raft.server.leaderelection.leader.step-down.wait-time = 10s (default)
2022-11-10 07:14:08,471 [Listener at 0.0.0.0/46277] INFO  server.RaftServerConfigKeys (ConfUtils.java:logGet(46)) - raft.server.storage.dir = [/home/runner/work/ozone/ozone/hadoop-ozone/integration-test/target/test-dir/MiniOzoneClusterImpl-d14c70f5-e14b-41c6-a13f-e3ca6c51505f/ozone-meta/ratis] (custom)
2022-11-10 07:14:08,479 [Listener at 0.0.0.0/46277] INFO  server.RaftServer (RaftServerProxy.java:addNew(96)) - om1: addNew group-C5BA1605619E:[om1|rpc:localhost:9872|priority:0|startupRole:FOLLOWER] returns group-C5BA1605619E:java.util.concurrent.CompletableFuture@4c2ff77[Not completed]
2022-11-10 07:14:08,480 [Listener at 0.0.0.0/46277] INFO  om.OzoneManager (OzoneManager.java:initializeRatisServer(1977)) - OzoneManager Ratis server initialized at port 9872
2022-11-10 07:14:08,499 [Listener at 0.0.0.0/46277] INFO  om.OzoneManager (OzoneManager.java:getRpcServer(1104)) - Creating RPC Server
2022-11-10 07:14:08,510 [pool-55-thread-1] INFO  server.RaftServer$Division (RaftServerImpl.java:<init>(195)) - om1: new RaftServerImpl for group-C5BA1605619E:[om1|rpc:localhost:9872|priority:0|startupRole:FOLLOWER] with OzoneManagerStateMachine:uninitialized
2022-11-10 07:14:08,514 [pool-55-thread-1] INFO  server.RaftServerConfigKeys (ConfUtils.java:logGet(46)) - raft.server.rpc.timeout.min = 1s (custom)
2022-11-10 07:14:08,515 [pool-55-thread-1] INFO  server.RaftServerConfigKeys (ConfUtils.java:logGet(46)) - raft.server.rpc.timeout.max = 1200ms (custom)
2022-11-10 07:14:08,515 [pool-55-thread-1] INFO  server.RaftServerConfigKeys (ConfUtils.java:logGet(46)) - raft.server.rpc.sleep.time = 25ms (default)
2022-11-10 07:14:08,515 [pool-55-thread-1] INFO  server.RaftServerConfigKeys (ConfUtils.java:logGet(46)) - raft.server.rpc.slowness.timeout = 120s (custom)
2022-11-10 07:14:08,515 [pool-55-thread-1] INFO  server.RaftServerConfigKeys (ConfUtils.java:logGet(46)) - raft.server.leaderelection.leader.step-down.wait-time = 10s (default)
2022-11-10 07:14:08,515 [pool-55-thread-1] INFO  server.RaftServerConfigKeys (ConfUtils.java:logGet(46)) - raft.server.sleep.deviation.threshold = 300ms (default)
2022-11-10 07:14:08,535 [pool-55-thread-1] INFO  server.RaftServer$Division (ServerState.java:<init>(118)) - om1@group-C5BA1605619E: ConfigurationManager, init=-1: peers:[om1|rpc:localhost:9872|priority:0|startupRole:FOLLOWER]|listeners:[], old=null, confs=<EMPTY_MAP>
2022-11-10 07:14:08,536 [pool-55-thread-1] INFO  server.RaftServerConfigKeys (ConfUtils.java:logGet(46)) - raft.server.storage.dir = [/home/runner/work/ozone/ozone/hadoop-ozone/integration-test/target/test-dir/MiniOzoneClusterImpl-d14c70f5-e14b-41c6-a13f-e3ca6c51505f/ozone-meta/ratis] (custom)
2022-11-10 07:14:08,547 [pool-55-thread-1] INFO  server.RaftServerConfigKeys (ConfUtils.java:logGet(46)) - raft.server.log.corruption.policy = EXCEPTION (default)
2022-11-10 07:14:08,548 [pool-55-thread-1] INFO  server.RaftServerConfigKeys (ConfUtils.java:logGet(46)) - raft.server.storage.free-space.min = 0MB (=0) (default)
2022-11-10 07:14:08,556 [pool-55-thread-1] INFO  server.RaftServerConfigKeys (ConfUtils.java:logGet(46)) - raft.server.notification.no-leader.timeout = 120s (custom)
2022-11-10 07:14:08,560 [pool-55-thread-1] INFO  server.RaftServerConfigKeys (ConfUtils.java:logGet(46)) - raft.server.retrycache.expirytime = 300s (custom)
2022-11-10 07:14:08,560 [pool-55-thread-1] INFO  server.RaftServerConfigKeys (ConfUtils.java:logGet(46)) - raft.server.retrycache.statistics.expirytime = 100μs (default)
2022-11-10 07:14:08,747 [pool-55-thread-1] INFO  server.RaftServerConfigKeys (ConfUtils.java:logGet(46)) - raft.server.log.appender.install.snapshot.enabled = false (custom)
2022-11-10 07:14:08,749 [pool-55-thread-1] INFO  server.RaftServerConfigKeys (ConfUtils.java:logGet(46)) - raft.server.threadpool.server.cached = true (default)
2022-11-10 07:14:08,749 [pool-55-thread-1] INFO  server.RaftServerConfigKeys (ConfUtils.java:logGet(46)) - raft.server.threadpool.server.size = 0 (default)
2022-11-10 07:14:08,751 [pool-55-thread-1] INFO  server.RaftServerConfigKeys (ConfUtils.java:logGet(46)) - raft.server.threadpool.client.cached = true (default)
2022-11-10 07:14:08,751 [pool-55-thread-1] INFO  server.RaftServerConfigKeys (ConfUtils.java:logGet(46)) - raft.server.threadpool.client.size = 0 (default)
2022-11-10 07:14:09,363 [Listener at 0.0.0.0/46277] INFO  reflections.Reflections (Reflections.java:scan(232)) - Reflections took 745 ms to scan 19 urls, producing 67 keys and 4327 values [using 2 cores]
2022-11-10 07:14:09,548 [Listener at 0.0.0.0/46277] INFO  ipc.CallQueueManager (CallQueueManager.java:<init>(90)) - Using callQueue: class java.util.concurrent.LinkedBlockingQueue, queueCapacity: 2000, scheduler: class org.apache.hadoop.ipc.DefaultRpcScheduler, ipcBackoff: false.
2022-11-10 07:14:09,550 [Socket Reader #1 for port 0] INFO  ipc.Server (Server.java:run(1273)) - Starting Socket Reader #1 for port 0
2022-11-10 07:14:09,586 [Listener at 127.0.0.1/32813] INFO  impl.MetricsSystemImpl (MetricsSystemImpl.java:init(158)) - OzoneManager metrics system started (again)
2022-11-10 07:14:09,599 [Listener at 127.0.0.1/32813] INFO  om.OzoneManager (OzoneManager.java:start(1484)) - OzoneManager RPC server is listening at localhost/127.0.0.1:32813
2022-11-10 07:14:09,599 [Listener at 127.0.0.1/32813] INFO  ratis.OzoneManagerRatisServer (OzoneManagerRatisServer.java:start(555)) - Starting OzoneManagerRatisServer om1 at port 9872
2022-11-10 07:14:09,602 [om1-impl-thread1] INFO  storage.RaftStorageDirectory (RaftStorageDirectoryImpl.java:analyzeStorage(137)) - The storage directory /home/runner/work/ozone/ozone/hadoop-ozone/integration-test/target/test-dir/MiniOzoneClusterImpl-d14c70f5-e14b-41c6-a13f-e3ca6c51505f/ozone-meta/ratis/bf265839-605b-3f16-9796-c5ba1605619e does not exist. Creating ...
2022-11-10 07:14:09,607 [om1-impl-thread1] INFO  storage.RaftStorageDirectory (RaftStorageDirectoryImpl.java:tryLock(231)) - Lock on /home/runner/work/ozone/ozone/hadoop-ozone/integration-test/target/test-dir/MiniOzoneClusterImpl-d14c70f5-e14b-41c6-a13f-e3ca6c51505f/ozone-meta/ratis/bf265839-605b-3f16-9796-c5ba1605619e/in_use.lock acquired by nodename 12028@fv-az435-205
2022-11-10 07:14:09,613 [om1-impl-thread1] INFO  storage.RaftStorage (RaftStorageImpl.java:format(96)) - Storage directory /home/runner/work/ozone/ozone/hadoop-ozone/integration-test/target/test-dir/MiniOzoneClusterImpl-d14c70f5-e14b-41c6-a13f-e3ca6c51505f/ozone-meta/ratis/bf265839-605b-3f16-9796-c5ba1605619e has been successfully formatted.
2022-11-10 07:14:09,739 [om1-impl-thread1] INFO  server.RaftServerConfigKeys (ConfUtils.java:logGet(46)) - raft.server.log.use.memory = false (default)
2022-11-10 07:14:09,763 [om1-impl-thread1] INFO  server.RaftServerConfigKeys (ConfUtils.java:logGet(46)) - raft.server.log.purge.gap = 1000000 (custom)
2022-11-10 07:14:09,763 [om1-impl-thread1] INFO  server.RaftServerConfigKeys (ConfUtils.java:logGet(46)) - raft.server.log.appender.buffer.byte-limit = 33554432 (custom)
2022-11-10 07:14:09,765 [om1-impl-thread1] INFO  server.RaftServerConfigKeys (ConfUtils.java:logGet(46)) - raft.server.log.statemachine.data.read.timeout = 1000ms (default)
2022-11-10 07:14:09,768 [om1-impl-thread1] INFO  server.RaftServerConfigKeys (ConfUtils.java:logGet(46)) - raft.server.log.purge.preservation.log.num = 0 (default)
2022-11-10 07:14:09,772 [om1-impl-thread1] INFO  server.RaftServerConfigKeys (ConfUtils.java:logGet(46)) - raft.server.log.segment.size.max = 4194304 (custom)
2022-11-10 07:14:09,782 [om1-impl-thread1] INFO  server.RaftServerConfigKeys (ConfUtils.java:logGet(46)) - raft.server.log.segment.cache.num.max = 2 (custom)
2022-11-10 07:14:09,782 [om1-impl-thread1] INFO  server.RaftServerConfigKeys (ConfUtils.java:logGet(46)) - raft.server.log.segment.cache.size.max = 200MB (=209715200) (default)
2022-11-10 07:14:09,789 [om1-impl-thread1] INFO  segmented.SegmentedRaftLogWorker (SegmentedRaftLogWorker.java:<init>(191)) - new om1@group-C5BA1605619E-SegmentedRaftLogWorker for RaftStorageImpl:Storage Directory /home/runner/work/ozone/ozone/hadoop-ozone/integration-test/target/test-dir/MiniOzoneClusterImpl-d14c70f5-e14b-41c6-a13f-e3ca6c51505f/ozone-meta/ratis/bf265839-605b-3f16-9796-c5ba1605619e
2022-11-10 07:14:09,789 [om1-impl-thread1] INFO  server.RaftServerConfigKeys (ConfUtils.java:logGet(46)) - raft.server.log.queue.byte-limit = 64MB (=67108864) (default)
2022-11-10 07:14:09,789 [om1-impl-thread1] INFO  server.RaftServerConfigKeys (ConfUtils.java:logGet(46)) - raft.server.log.queue.element-limit = 4096 (default)
2022-11-10 07:14:09,792 [om1-impl-thread1] INFO  server.RaftServerConfigKeys (ConfUtils.java:logGet(46)) - raft.server.log.segment.size.max = 4194304 (custom)
2022-11-10 07:14:09,792 [om1-impl-thread1] INFO  server.RaftServerConfigKeys (ConfUtils.java:logGet(46)) - raft.server.log.preallocated.size = 4194304 (custom)
2022-11-10 07:14:09,793 [om1-impl-thread1] INFO  server.RaftServerConfigKeys (ConfUtils.java:logGet(46)) - raft.server.log.force.sync.num = 128 (default)
2022-11-10 07:14:09,794 [om1-impl-thread1] INFO  server.RaftServerConfigKeys (ConfUtils.java:logGet(46)) - raft.server.log.statemachine.data.sync = true (default)
2022-11-10 07:14:09,794 [om1-impl-thread1] INFO  server.RaftServerConfigKeys (ConfUtils.java:logGet(46)) - raft.server.log.statemachine.data.sync.timeout = 10s (default)
2022-11-10 07:14:09,794 [om1-impl-thread1] INFO  server.RaftServerConfigKeys (ConfUtils.java:logGet(46)) - raft.server.log.statemachine.data.sync.timeout.retry = -1 (default)
2022-11-10 07:14:09,803 [om1-impl-thread1] INFO  server.RaftServerConfigKeys (ConfUtils.java:logGet(46)) - raft.server.log.write.buffer.size = 64KB (=65536) (default)
2022-11-10 07:14:09,804 [om1-impl-thread1] INFO  server.RaftServerConfigKeys (ConfUtils.java:logGet(46)) - raft.server.log.unsafe-flush.enabled = false (default)
2022-11-10 07:14:09,804 [om1-impl-thread1] INFO  server.RaftServerConfigKeys (ConfUtils.java:logGet(46)) - raft.server.log.async-flush.enabled = false (default)
2022-11-10 07:14:09,804 [om1-impl-thread1] INFO  server.RaftServerConfigKeys (ConfUtils.java:logGet(46)) - raft.server.log.statemachine.data.caching.enabled = false (default)
2022-11-10 07:14:09,813 [om1-impl-thread1] INFO  segmented.SegmentedRaftLogWorker (SegmentedRaftLogWorker.java:lambda$new$0(136)) - om1@group-C5BA1605619E-SegmentedRaftLogWorker: flushIndex: setUnconditionally 0 -> -1
2022-11-10 07:14:09,814 [om1-impl-thread1] INFO  segmented.SegmentedRaftLogWorker (SegmentedRaftLogWorker.java:lambda$new$0(136)) - om1@group-C5BA1605619E-SegmentedRaftLogWorker: safeCacheEvictIndex: setUnconditionally 0 -> -1
2022-11-10 07:14:09,816 [om1-impl-thread1] INFO  server.RaftServer$Division (RaftServerImpl.java:start(334)) - om1@group-C5BA1605619E: start as a follower, conf=-1: peers:[om1|rpc:localhost:9872|priority:0|startupRole:FOLLOWER]|listeners:[], old=null
2022-11-10 07:14:09,821 [om1-impl-thread1] INFO  server.RaftServer$Division (RaftServerImpl.java:setRole(321)) - om1@group-C5BA1605619E: changes role from      null to FOLLOWER at term 0 for startAsFollower
2022-11-10 07:14:09,822 [om1-impl-thread1] INFO  impl.RoleInfo (RoleInfo.java:updateAndGet(139)) - om1: start om1@group-C5BA1605619E-FollowerState
2022-11-10 07:14:09,824 [om1-impl-thread1] INFO  util.JmxRegister (JmxRegister.java:tryRegister(44)) - Successfully registered JMX Bean with object name Ratis:service=RaftServer,group=group-C5BA1605619E,id=om1
2022-11-10 07:14:09,825 [om1-impl-thread1] INFO  server.RaftServerConfigKeys (ConfUtils.java:logGet(46)) - raft.server.snapshot.auto.trigger.enabled = true (custom)
2022-11-10 07:14:09,826 [om1-impl-thread1] INFO  server.RaftServerConfigKeys (ConfUtils.java:logGet(46)) - raft.server.snapshot.auto.trigger.threshold = 400000 (default)
2022-11-10 07:14:09,826 [om1-impl-thread1] INFO  server.RaftServerConfigKeys (ConfUtils.java:logGet(46)) - raft.server.snapshot.retention.file.num = -1 (default)
2022-11-10 07:14:09,827 [om1-impl-thread1] INFO  server.RaftServerConfigKeys (ConfUtils.java:logGet(46)) - raft.server.log.purge.upto.snapshot.index = true (custom)
2022-11-10 07:14:09,830 [om1@group-C5BA1605619E-FollowerState] INFO  server.RaftServerConfigKeys (ConfUtils.java:logFallback(53)) - raft.server.rpc.first-election.timeout.min = 1s (fallback to raft.server.rpc.timeout.min)
2022-11-10 07:14:09,830 [om1@group-C5BA1605619E-FollowerState] INFO  server.RaftServerConfigKeys (ConfUtils.java:logFallback(53)) - raft.server.rpc.first-election.timeout.max = 1200ms (fallback to raft.server.rpc.timeout.max)
2022-11-10 07:14:09,831 [Listener at 127.0.0.1/32813] INFO  server.RaftServer (RaftServerProxy.java:startImpl(393)) - om1: start RPC server
2022-11-10 07:14:09,906 [Listener at 127.0.0.1/32813] INFO  server.GrpcService (GrpcService.java:startImpl(270)) - om1: GrpcService started, listening on 9872
2022-11-10 07:14:09,908 [Listener at 127.0.0.1/32813] INFO  om.OzoneManager (OzoneManager.java:start(1500)) - Version File has different layout version (3) than OM DB (null). That is expected if this OM has never been finalized to a newer layout version.
2022-11-10 07:14:09,910 [JvmPauseMonitor0] INFO  util.JvmPauseMonitor (JvmPauseMonitor.java:run(105)) - JvmPauseMonitor-om1: Started
2022-11-10 07:14:09,927 [Listener at 127.0.0.1/32813] INFO  http.BaseHttpServer (BaseHttpServer.java:newHttpServer2BuilderForOzone(213)) - Starting Web-server for ozoneManager at: http://0.0.0.0:0
2022-11-10 07:14:09,927 [Listener at 127.0.0.1/32813] INFO  http.BaseHttpServer (BaseHttpServer.java:<init>(108)) - Hadoop Security Enabled: false Ozone Security Enabled: false Ozone HTTP Security Enabled: false 
2022-11-10 07:14:09,929 [Listener at 127.0.0.1/32813] WARN  server.AuthenticationFilter (AuthenticationFilter.java:constructSecretProvider(240)) - Unable to initialize FileSignerSecretProvider, falling back to use random secrets. Reason: Could not read signature secret file: /home/runner/hadoop-http-auth-signature-secret
2022-11-10 07:14:09,936 [Listener at 127.0.0.1/32813] WARN  http.HttpRequestLog (HttpRequestLog.java:getRequestLog(103)) - Jetty request log can only be enabled using Log4j
2022-11-10 07:14:09,940 [Listener at 127.0.0.1/32813] INFO  http.HttpServer2 (HttpServer2.java:addGlobalFilter(1031)) - Added global filter 'safety' (class=org.apache.hadoop.hdds.server.http.HttpServer2$QuotingInputFilter)
2022-11-10 07:14:09,941 [Listener at 127.0.0.1/32813] INFO  http.HttpServer2 (HttpServer2.java:addFilter(1007)) - Added filter static_user_filter (class=org.apache.hadoop.http.lib.StaticUserWebFilter$StaticUserFilter) to context ozoneManager
2022-11-10 07:14:09,941 [Listener at 127.0.0.1/32813] INFO  http.HttpServer2 (HttpServer2.java:addFilter(1015)) - Added filter static_user_filter (class=org.apache.hadoop.http.lib.StaticUserWebFilter$StaticUserFilter) to context logs
2022-11-10 07:14:09,941 [Listener at 127.0.0.1/32813] INFO  http.HttpServer2 (HttpServer2.java:addFilter(1015)) - Added filter static_user_filter (class=org.apache.hadoop.http.lib.StaticUserWebFilter$StaticUserFilter) to context static
2022-11-10 07:14:09,949 [Listener at 127.0.0.1/32813] INFO  http.HttpServer2 (HttpServer2.java:bindListener(1250)) - Jetty bound to port 42865
2022-11-10 07:14:09,950 [Listener at 127.0.0.1/32813] INFO  server.Server (Server.java:doStart(375)) - jetty-9.4.49.v20220914; built: 2022-09-14T01:07:36.601Z; git: 4231a3b2e4cb8548a412a789936d640a97b1aa0a; jvm 1.8.0_345-b01
2022-11-10 07:14:09,991 [Listener at 127.0.0.1/32813] INFO  server.session (DefaultSessionIdManager.java:doStart(334)) - DefaultSessionIdManager workerName=node0
2022-11-10 07:14:09,992 [Listener at 127.0.0.1/32813] INFO  server.session (DefaultSessionIdManager.java:doStart(339)) - No SessionScavenger set, using defaults
2022-11-10 07:14:09,992 [Listener at 127.0.0.1/32813] INFO  server.session (HouseKeeper.java:startScavenging(132)) - node0 Scavenging every 660000ms
2022-11-10 07:14:09,994 [Listener at 127.0.0.1/32813] INFO  handler.ContextHandler (ContextHandler.java:doStart(921)) - Started o.e.j.s.ServletContextHandler@51764654{logs,/logs,file:///home/runner/work/ozone/ozone/hadoop-ozone/integration-test/target/log,AVAILABLE}
2022-11-10 07:14:09,994 [Listener at 127.0.0.1/32813] INFO  handler.ContextHandler (ContextHandler.java:doStart(921)) - Started o.e.j.s.ServletContextHandler@e92cb3a{static,/static,file:///home/runner/work/ozone/ozone/hadoop-ozone/integration-test/target/test-classes/webapps/static,AVAILABLE}
2022-11-10 07:14:09,999 [Listener at 127.0.0.1/32813] INFO  handler.ContextHandler (ContextHandler.java:doStart(921)) - Started o.e.j.w.WebAppContext@736f0d1b{ozoneManager,/,file:///home/runner/work/ozone/ozone/hadoop-ozone/integration-test/target/test-classes/webapps/ozoneManager/,AVAILABLE}{file:/home/runner/work/ozone/ozone/hadoop-ozone/integration-test/target/test-classes/webapps/ozoneManager}
2022-11-10 07:14:10,001 [Listener at 127.0.0.1/32813] INFO  server.AbstractConnector (AbstractConnector.java:doStart(333)) - Started ServerConnector@50836877{HTTP/1.1, (http/1.1)}{0.0.0.0:42865}
2022-11-10 07:14:10,002 [Listener at 127.0.0.1/32813] INFO  server.Server (Server.java:doStart(415)) - Started @7482ms
2022-11-10 07:14:10,002 [Listener at 127.0.0.1/32813] WARN  impl.MetricsSystemImpl (MetricsSystemImpl.java:register(279)) - Sink prometheus already exists!
2022-11-10 07:14:10,003 [Listener at 127.0.0.1/32813] INFO  http.BaseHttpServer (BaseHttpServer.java:updateConnectorAddress(333)) - HTTP server of ozoneManager listening at http://0.0.0.0:42865
2022-11-10 07:14:10,007 [IPC Server Responder] INFO  ipc.Server (Server.java:run(1512)) - IPC Server Responder: starting
2022-11-10 07:14:10,013 [Listener at 127.0.0.1/32813] INFO  om.OzoneManager (OzoneManager.java:startTrashEmptier(1921)) - Trash Interval set to 0. Files deleted won't move to trash
2022-11-10 07:14:10,019 [IPC Server listener on 0] INFO  ipc.Server (Server.java:run(1352)) - IPC Server listener on 0: starting
2022-11-10 07:14:10,026 [org.apache.hadoop.util.JvmPauseMonitor$Monitor@3ecbfcfb] INFO  util.JvmPauseMonitor (JvmPauseMonitor.java:run(188)) - Starting JVM pause monitor
2022-11-10 07:14:10,199 [Listener at 127.0.0.1/32813] WARN  impl.MetricRegistriesImpl (MetricRegistriesImpl.java:addReporterRegistration(111)) - New reporters are added after registries were created. Some metrics will be missing from the reporter. Please add reporter before adding any new registry.
2022-11-10 07:14:10,200 [Listener at 127.0.0.1/32813] WARN  impl.MetricRegistriesImpl (MetricRegistriesImpl.java:addReporterRegistration(111)) - New reporters are added after registries were created. Some metrics will be missing from the reporter. Please add reporter before adding any new registry.
2022-11-10 07:14:10,200 [Listener at 127.0.0.1/32813] INFO  impl.MetricsSystemImpl (MetricsSystemImpl.java:init(158)) - HddsDatanode metrics system started (again)
2022-11-10 07:14:10,217 [Listener at 127.0.0.1/32813] INFO  ozone.HddsDatanodeService (HddsDatanodeService.java:start(236)) - HddsDatanodeService host:fv-az435-205.hcxxyugg5vdudo0mn2smve0l3g.cx.internal.cloudapp.net ip:10.1.0.59
2022-11-10 07:14:10,248 [Listener at 127.0.0.1/32813] INFO  upgrade.AbstractLayoutVersionManager (AbstractLayoutVersionManager.java:init(83)) - Initializing Layout version manager with metadata layout = DATANODE_SCHEMA_V3 (version = 4), software layout = DATANODE_SCHEMA_V3 (version = 4)
2022-11-10 07:14:10,297 [Listener at 127.0.0.1/32813] INFO  reflections.Reflections (Reflections.java:scan(232)) - Reflections took 47 ms to scan 7 urls, producing 139 keys and 336 values 
2022-11-10 07:14:10,301 [Listener at 127.0.0.1/32813] INFO  statemachine.DatanodeStateMachine (DatanodeStateMachine.java:getEndPointTaskThreadPoolSize(245)) - Datanode State Machine Task Thread Pool size 2
2022-11-10 07:14:10,360 [Listener at 127.0.0.1/32813] INFO  volume.HddsVolume (HddsVolume.java:<init>(117)) - Creating HddsVolume: /home/runner/work/ozone/ozone/hadoop-ozone/integration-test/target/test-dir/MiniOzoneClusterImpl-d14c70f5-e14b-41c6-a13f-e3ca6c51505f/datanode-0/data-0/containers/hdds of storage type : DISK capacity : 9223372036854775807
2022-11-10 07:14:10,362 [Listener at 127.0.0.1/32813] INFO  volume.MutableVolumeSet (MutableVolumeSet.java:initializeVolumeSet(174)) - Added Volume : /home/runner/work/ozone/ozone/hadoop-ozone/integration-test/target/test-dir/MiniOzoneClusterImpl-d14c70f5-e14b-41c6-a13f-e3ca6c51505f/datanode-0/data-0/containers/hdds to VolumeSet
2022-11-10 07:14:10,363 [Listener at 127.0.0.1/32813] INFO  volume.ThrottledAsyncChecker (ThrottledAsyncChecker.java:schedule(141)) - Scheduling a check for /home/runner/work/ozone/ozone/hadoop-ozone/integration-test/target/test-dir/MiniOzoneClusterImpl-d14c70f5-e14b-41c6-a13f-e3ca6c51505f/datanode-0/data-0/containers/hdds
2022-11-10 07:14:10,383 [Listener at 127.0.0.1/32813] INFO  volume.StorageVolumeChecker (StorageVolumeChecker.java:checkAllVolumes(202)) - Scheduled health check for volume /home/runner/work/ozone/ozone/hadoop-ozone/integration-test/target/test-dir/MiniOzoneClusterImpl-d14c70f5-e14b-41c6-a13f-e3ca6c51505f/datanode-0/data-0/containers/hdds
2022-11-10 07:14:10,400 [Listener at 127.0.0.1/32813] INFO  volume.MutableVolumeSet (MutableVolumeSet.java:initializeVolumeSet(174)) - Added Volume : /home/runner/work/ozone/ozone/hadoop-ozone/integration-test/target/test-dir/MiniOzoneClusterImpl-d14c70f5-e14b-41c6-a13f-e3ca6c51505f/datanode-0/data/ratis to VolumeSet
2022-11-10 07:14:10,400 [Listener at 127.0.0.1/32813] INFO  volume.ThrottledAsyncChecker (ThrottledAsyncChecker.java:schedule(141)) - Scheduling a check for /home/runner/work/ozone/ozone/hadoop-ozone/integration-test/target/test-dir/MiniOzoneClusterImpl-d14c70f5-e14b-41c6-a13f-e3ca6c51505f/datanode-0/data/ratis
2022-11-10 07:14:10,401 [Listener at 127.0.0.1/32813] INFO  volume.StorageVolumeChecker (StorageVolumeChecker.java:checkAllVolumes(202)) - Scheduled health check for volume /home/runner/work/ozone/ozone/hadoop-ozone/integration-test/target/test-dir/MiniOzoneClusterImpl-d14c70f5-e14b-41c6-a13f-e3ca6c51505f/datanode-0/data/ratis
2022-11-10 07:14:10,425 [Thread-136] INFO  ozoneimpl.ContainerReader (ContainerReader.java:readVolume(175)) - Finish verifying containers on volume /home/runner/work/ozone/ozone/hadoop-ozone/integration-test/target/test-dir/MiniOzoneClusterImpl-d14c70f5-e14b-41c6-a13f-e3ca6c51505f/datanode-0/data-0/containers/hdds
2022-11-10 07:14:10,425 [Listener at 127.0.0.1/32813] INFO  ozoneimpl.OzoneContainer (OzoneContainer.java:buildContainerSet(300)) - Build ContainerSet costs 0s
2022-11-10 07:14:10,470 [Listener at 127.0.0.1/32813] INFO  audit.AuditLogger (AuditLogger.java:refreshDebugCmdSet(126)) - Refresh DebugCmdSet for DNAudit to [].
2022-11-10 07:14:10,499 [Listener at 127.0.0.1/32813] INFO  server.RaftServer (ConfUtils.java:logGet(46)) - raft.rpc.type = GRPC (default)
2022-11-10 07:14:10,499 [Listener at 127.0.0.1/32813] INFO  grpc.GrpcConfigKeys (ConfUtils.java:logFallback(53)) - raft.grpc.admin.host = null (fallback to raft.grpc.server.host)
2022-11-10 07:14:10,499 [Listener at 127.0.0.1/32813] INFO  grpc.GrpcConfigKeys (ConfUtils.java:logGet(46)) - raft.grpc.admin.port = 0 (custom)
2022-11-10 07:14:10,500 [Listener at 127.0.0.1/32813] INFO  grpc.GrpcConfigKeys (ConfUtils.java:logFallback(53)) - raft.grpc.client.host = null (fallback to raft.grpc.server.host)
2022-11-10 07:14:10,500 [Listener at 127.0.0.1/32813] INFO  grpc.GrpcConfigKeys (ConfUtils.java:logGet(46)) - raft.grpc.client.port = 0 (custom)
2022-11-10 07:14:10,500 [Listener at 127.0.0.1/32813] INFO  grpc.GrpcConfigKeys (ConfUtils.java:logGet(46)) - raft.grpc.server.host = null (default)
2022-11-10 07:14:10,500 [Listener at 127.0.0.1/32813] INFO  grpc.GrpcConfigKeys (ConfUtils.java:logGet(46)) - raft.grpc.server.port = 0 (default)
2022-11-10 07:14:10,500 [Listener at 127.0.0.1/32813] INFO  server.GrpcService (ConfUtils.java:logGet(46)) - raft.grpc.message.size.max = 32MB (=33554432) (custom)
2022-11-10 07:14:10,500 [Listener at 127.0.0.1/32813] INFO  server.RaftServerConfigKeys (ConfUtils.java:logGet(46)) - raft.server.log.appender.buffer.byte-limit = 33554432 (custom)
2022-11-10 07:14:10,501 [Listener at 127.0.0.1/32813] INFO  server.GrpcService (ConfUtils.java:logGet(46)) - raft.grpc.flow.control.window = 5MB (=5242880) (custom)
2022-11-10 07:14:10,501 [Listener at 127.0.0.1/32813] INFO  server.RaftServerConfigKeys (ConfUtils.java:logGet(46)) - raft.server.rpc.request.timeout = 60s (custom)
2022-11-10 07:14:10,501 [Listener at 127.0.0.1/32813] INFO  grpc.GrpcConfigKeys (ConfUtils.java:logGet(46)) - raft.grpc.server.heartbeat.channel = true (default)
2022-11-10 07:14:10,501 [Listener at 127.0.0.1/32813] INFO  grpc.GrpcConfigKeys (ConfUtils.java:logGet(46)) - raft.grpc.server.async.request.thread.pool.cached = true (default)
2022-11-10 07:14:10,501 [Listener at 127.0.0.1/32813] INFO  grpc.GrpcConfigKeys (ConfUtils.java:logGet(46)) - raft.grpc.server.async.request.thread.pool.size = 32 (default)
2022-11-10 07:14:10,503 [Listener at 127.0.0.1/32813] INFO  impl.DataStreamServerImpl (ConfUtils.java:logGet(46)) - raft.datastream.type = DISABLED (default)
2022-11-10 07:14:10,503 [Listener at 127.0.0.1/32813] INFO  server.RaftServerConfigKeys (ConfUtils.java:logGet(46)) - raft.server.threadpool.proxy.cached = true (default)
2022-11-10 07:14:10,503 [Listener at 127.0.0.1/32813] INFO  server.RaftServerConfigKeys (ConfUtils.java:logGet(46)) - raft.server.threadpool.proxy.size = 0 (default)
2022-11-10 07:14:10,503 [Listener at 127.0.0.1/32813] INFO  server.RaftServerConfigKeys (ConfUtils.java:logGet(46)) - raft.server.rpc.slowness.timeout = 300s (custom)
2022-11-10 07:14:10,504 [Listener at 127.0.0.1/32813] INFO  server.RaftServerConfigKeys (ConfUtils.java:logGet(46)) - raft.server.leaderelection.leader.step-down.wait-time = 10s (default)
2022-11-10 07:14:10,504 [Listener at 127.0.0.1/32813] INFO  server.RaftServerConfigKeys (ConfUtils.java:logGet(46)) - raft.server.storage.dir = [/home/runner/work/ozone/ozone/hadoop-ozone/integration-test/target/test-dir/MiniOzoneClusterImpl-d14c70f5-e14b-41c6-a13f-e3ca6c51505f/datanode-0/data/ratis] (custom)
2022-11-10 07:14:10,521 [Listener at 127.0.0.1/32813] INFO  server.XceiverServerGrpc (XceiverServerGrpc.java:<init>(132)) - GrpcServer channel type EpollServerSocketChannel
2022-11-10 07:14:10,599 [Listener at 127.0.0.1/32813] INFO  http.BaseHttpServer (BaseHttpServer.java:newHttpServer2BuilderForOzone(213)) - Starting Web-server for hddsDatanode at: http://0.0.0.0:0
2022-11-10 07:14:10,599 [Listener at 127.0.0.1/32813] INFO  http.BaseHttpServer (BaseHttpServer.java:<init>(108)) - Hadoop Security Enabled: false Ozone Security Enabled: false Ozone HTTP Security Enabled: false 
2022-11-10 07:14:10,601 [Listener at 127.0.0.1/32813] WARN  server.AuthenticationFilter (AuthenticationFilter.java:constructSecretProvider(240)) - Unable to initialize FileSignerSecretProvider, falling back to use random secrets. Reason: Could not read signature secret file: /home/runner/hadoop-http-auth-signature-secret
2022-11-10 07:14:10,603 [Listener at 127.0.0.1/32813] WARN  http.HttpRequestLog (HttpRequestLog.java:getRequestLog(103)) - Jetty request log can only be enabled using Log4j
2022-11-10 07:14:10,605 [Listener at 127.0.0.1/32813] INFO  http.HttpServer2 (HttpServer2.java:addGlobalFilter(1031)) - Added global filter 'safety' (class=org.apache.hadoop.hdds.server.http.HttpServer2$QuotingInputFilter)
2022-11-10 07:14:10,606 [Listener at 127.0.0.1/32813] INFO  http.HttpServer2 (HttpServer2.java:addFilter(1007)) - Added filter static_user_filter (class=org.apache.hadoop.http.lib.StaticUserWebFilter$StaticUserFilter) to context hddsDatanode
2022-11-10 07:14:10,606 [Listener at 127.0.0.1/32813] INFO  http.HttpServer2 (HttpServer2.java:addFilter(1015)) - Added filter static_user_filter (class=org.apache.hadoop.http.lib.StaticUserWebFilter$StaticUserFilter) to context static
2022-11-10 07:14:10,606 [Listener at 127.0.0.1/32813] INFO  http.HttpServer2 (HttpServer2.java:addFilter(1015)) - Added filter static_user_filter (class=org.apache.hadoop.http.lib.StaticUserWebFilter$StaticUserFilter) to context logs
2022-11-10 07:14:10,607 [Listener at 127.0.0.1/32813] INFO  http.HttpServer2 (HttpServer2.java:bindListener(1250)) - Jetty bound to port 44229
2022-11-10 07:14:10,607 [Listener at 127.0.0.1/32813] INFO  server.Server (Server.java:doStart(375)) - jetty-9.4.49.v20220914; built: 2022-09-14T01:07:36.601Z; git: 4231a3b2e4cb8548a412a789936d640a97b1aa0a; jvm 1.8.0_345-b01
2022-11-10 07:14:10,614 [Listener at 127.0.0.1/32813] INFO  server.session (DefaultSessionIdManager.java:doStart(334)) - DefaultSessionIdManager workerName=node0
2022-11-10 07:14:10,614 [Listener at 127.0.0.1/32813] INFO  server.session (DefaultSessionIdManager.java:doStart(339)) - No SessionScavenger set, using defaults
2022-11-10 07:14:10,615 [Listener at 127.0.0.1/32813] INFO  server.session (HouseKeeper.java:startScavenging(132)) - node0 Scavenging every 600000ms
2022-11-10 07:14:10,616 [Listener at 127.0.0.1/32813] INFO  handler.ContextHandler (ContextHandler.java:doStart(921)) - Started o.e.j.s.ServletContextHandler@738db631{logs,/logs,file:///home/runner/work/ozone/ozone/hadoop-ozone/integration-test/target/log,AVAILABLE}
2022-11-10 07:14:10,616 [Listener at 127.0.0.1/32813] INFO  handler.ContextHandler (ContextHandler.java:doStart(921)) - Started o.e.j.s.ServletContextHandler@22a05628{static,/static,jar:file:/home/runner/.m2/repository/org/apache/ozone/hdds-container-service/1.3.0-SNAPSHOT/hdds-container-service-1.3.0-SNAPSHOT.jar!/webapps/static,AVAILABLE}
2022-11-10 07:14:10,801 [Listener at 127.0.0.1/32813] INFO  handler.ContextHandler (ContextHandler.java:doStart(921)) - Started o.e.j.w.WebAppContext@4d3d02c9{hddsDatanode,/,file:///tmp/jetty-0_0_0_0-44229-hdds-container-service-1_3_0-SNAPSHOT_jar-_-any-2596601103074220662/webapp/,AVAILABLE}{jar:file:/home/runner/.m2/repository/org/apache/ozone/hdds-container-service/1.3.0-SNAPSHOT/hdds-container-service-1.3.0-SNAPSHOT.jar!/webapps/hddsDatanode}
2022-11-10 07:14:10,803 [Listener at 127.0.0.1/32813] INFO  server.AbstractConnector (AbstractConnector.java:doStart(333)) - Started ServerConnector@2bc1cc4{HTTP/1.1, (http/1.1)}{0.0.0.0:44229}
2022-11-10 07:14:10,804 [Listener at 127.0.0.1/32813] INFO  server.Server (Server.java:doStart(415)) - Started @8284ms
2022-11-10 07:14:10,804 [Listener at 127.0.0.1/32813] WARN  impl.MetricsSystemImpl (MetricsSystemImpl.java:register(279)) - Sink prometheus already exists!
2022-11-10 07:14:10,805 [Listener at 127.0.0.1/32813] INFO  http.BaseHttpServer (BaseHttpServer.java:updateConnectorAddress(333)) - HTTP server of hddsDatanode listening at http://0.0.0.0:44229
2022-11-10 07:14:10,806 [Listener at 127.0.0.1/32813] WARN  impl.MetricRegistriesImpl (MetricRegistriesImpl.java:addReporterRegistration(111)) - New reporters are added after registries were created. Some metrics will be missing from the reporter. Please add reporter before adding any new registry.
2022-11-10 07:14:10,806 [Listener at 127.0.0.1/32813] WARN  impl.MetricRegistriesImpl (MetricRegistriesImpl.java:addReporterRegistration(111)) - New reporters are added after registries were created. Some metrics will be missing from the reporter. Please add reporter before adding any new registry.
2022-11-10 07:14:10,807 [Listener at 127.0.0.1/32813] INFO  impl.MetricsSystemImpl (MetricsSystemImpl.java:init(158)) - HddsDatanode metrics system started (again)
2022-11-10 07:14:10,812 [Datanode State Machine Daemon Thread] INFO  statemachine.DatanodeStateMachine (DatanodeStateMachine.java:lambda$startDaemon$0(505)) - Ozone container server started.
2022-11-10 07:14:10,821 [org.apache.hadoop.util.JvmPauseMonitor$Monitor@7459660c] INFO  util.JvmPauseMonitor (JvmPauseMonitor.java:run(188)) - Starting JVM pause monitor
2022-11-10 07:14:10,831 [Listener at 127.0.0.1/32813] INFO  ozone.HddsDatanodeService (HddsDatanodeService.java:start(236)) - HddsDatanodeService host:fv-az435-205.hcxxyugg5vdudo0mn2smve0l3g.cx.internal.cloudapp.net ip:10.1.0.59
2022-11-10 07:14:10,862 [Listener at 127.0.0.1/32813] INFO  upgrade.AbstractLayoutVersionManager (AbstractLayoutVersionManager.java:init(83)) - Initializing Layout version manager with metadata layout = DATANODE_SCHEMA_V3 (version = 4), software layout = DATANODE_SCHEMA_V3 (version = 4)
2022-11-10 07:14:10,911 [Listener at 127.0.0.1/32813] INFO  reflections.Reflections (Reflections.java:scan(232)) - Reflections took 44 ms to scan 7 urls, producing 139 keys and 336 values 
2022-11-10 07:14:10,912 [Listener at 127.0.0.1/32813] INFO  statemachine.DatanodeStateMachine (DatanodeStateMachine.java:getEndPointTaskThreadPoolSize(245)) - Datanode State Machine Task Thread Pool size 2
2022-11-10 07:14:10,915 [Listener at 127.0.0.1/32813] INFO  volume.HddsVolume (HddsVolume.java:<init>(117)) - Creating HddsVolume: /home/runner/work/ozone/ozone/hadoop-ozone/integration-test/target/test-dir/MiniOzoneClusterImpl-d14c70f5-e14b-41c6-a13f-e3ca6c51505f/datanode-1/data-0/containers/hdds of storage type : DISK capacity : 9223372036854775807
2022-11-10 07:14:10,915 [Listener at 127.0.0.1/32813] INFO  volume.MutableVolumeSet (MutableVolumeSet.java:initializeVolumeSet(174)) - Added Volume : /home/runner/work/ozone/ozone/hadoop-ozone/integration-test/target/test-dir/MiniOzoneClusterImpl-d14c70f5-e14b-41c6-a13f-e3ca6c51505f/datanode-1/data-0/containers/hdds to VolumeSet
2022-11-10 07:14:10,915 [Listener at 127.0.0.1/32813] INFO  volume.ThrottledAsyncChecker (ThrottledAsyncChecker.java:schedule(141)) - Scheduling a check for /home/runner/work/ozone/ozone/hadoop-ozone/integration-test/target/test-dir/MiniOzoneClusterImpl-d14c70f5-e14b-41c6-a13f-e3ca6c51505f/datanode-1/data-0/containers/hdds
2022-11-10 07:14:10,916 [Listener at 127.0.0.1/32813] INFO  volume.StorageVolumeChecker (StorageVolumeChecker.java:checkAllVolumes(202)) - Scheduled health check for volume /home/runner/work/ozone/ozone/hadoop-ozone/integration-test/target/test-dir/MiniOzoneClusterImpl-d14c70f5-e14b-41c6-a13f-e3ca6c51505f/datanode-1/data-0/containers/hdds
2022-11-10 07:14:10,928 [Listener at 127.0.0.1/32813] INFO  volume.MutableVolumeSet (MutableVolumeSet.java:initializeVolumeSet(174)) - Added Volume : /home/runner/work/ozone/ozone/hadoop-ozone/integration-test/target/test-dir/MiniOzoneClusterImpl-d14c70f5-e14b-41c6-a13f-e3ca6c51505f/datanode-1/data/ratis to VolumeSet
2022-11-10 07:14:10,928 [Listener at 127.0.0.1/32813] INFO  volume.ThrottledAsyncChecker (ThrottledAsyncChecker.java:schedule(141)) - Scheduling a check for /home/runner/work/ozone/ozone/hadoop-ozone/integration-test/target/test-dir/MiniOzoneClusterImpl-d14c70f5-e14b-41c6-a13f-e3ca6c51505f/datanode-1/data/ratis
2022-11-10 07:14:10,928 [Listener at 127.0.0.1/32813] INFO  volume.StorageVolumeChecker (StorageVolumeChecker.java:checkAllVolumes(202)) - Scheduled health check for volume /home/runner/work/ozone/ozone/hadoop-ozone/integration-test/target/test-dir/MiniOzoneClusterImpl-d14c70f5-e14b-41c6-a13f-e3ca6c51505f/datanode-1/data/ratis
2022-11-10 07:14:10,940 [Thread-149] INFO  ozoneimpl.ContainerReader (ContainerReader.java:readVolume(175)) - Finish verifying containers on volume /home/runner/work/ozone/ozone/hadoop-ozone/integration-test/target/test-dir/MiniOzoneClusterImpl-d14c70f5-e14b-41c6-a13f-e3ca6c51505f/datanode-1/data-0/containers/hdds
2022-11-10 07:14:10,951 [Listener at 127.0.0.1/32813] INFO  ozoneimpl.OzoneContainer (OzoneContainer.java:buildContainerSet(300)) - Build ContainerSet costs 0s
2022-11-10 07:14:10,954 [Listener at 127.0.0.1/32813] INFO  server.RaftServer (ConfUtils.java:logGet(46)) - raft.rpc.type = GRPC (default)
2022-11-10 07:14:10,955 [Listener at 127.0.0.1/32813] INFO  grpc.GrpcConfigKeys (ConfUtils.java:logFallback(53)) - raft.grpc.admin.host = null (fallback to raft.grpc.server.host)
2022-11-10 07:14:10,955 [Listener at 127.0.0.1/32813] INFO  grpc.GrpcConfigKeys (ConfUtils.java:logGet(46)) - raft.grpc.admin.port = 0 (custom)
2022-11-10 07:14:10,956 [Listener at 127.0.0.1/32813] INFO  grpc.GrpcConfigKeys (ConfUtils.java:logFallback(53)) - raft.grpc.client.host = null (fallback to raft.grpc.server.host)
2022-11-10 07:14:10,957 [Listener at 127.0.0.1/32813] INFO  grpc.GrpcConfigKeys (ConfUtils.java:logGet(46)) - raft.grpc.client.port = 0 (custom)
2022-11-10 07:14:10,957 [Listener at 127.0.0.1/32813] INFO  grpc.GrpcConfigKeys (ConfUtils.java:logGet(46)) - raft.grpc.server.host = null (default)
2022-11-10 07:14:10,957 [Listener at 127.0.0.1/32813] INFO  grpc.GrpcConfigKeys (ConfUtils.java:logGet(46)) - raft.grpc.server.port = 0 (default)
2022-11-10 07:14:10,957 [Listener at 127.0.0.1/32813] INFO  server.GrpcService (ConfUtils.java:logGet(46)) - raft.grpc.message.size.max = 32MB (=33554432) (custom)
2022-11-10 07:14:10,958 [Listener at 127.0.0.1/32813] INFO  server.RaftServerConfigKeys (ConfUtils.java:logGet(46)) - raft.server.log.appender.buffer.byte-limit = 33554432 (custom)
2022-11-10 07:14:10,958 [Listener at 127.0.0.1/32813] INFO  server.GrpcService (ConfUtils.java:logGet(46)) - raft.grpc.flow.control.window = 5MB (=5242880) (custom)
2022-11-10 07:14:10,958 [Listener at 127.0.0.1/32813] INFO  server.RaftServerConfigKeys (ConfUtils.java:logGet(46)) - raft.server.rpc.request.timeout = 60s (custom)
2022-11-10 07:14:10,959 [Listener at 127.0.0.1/32813] INFO  grpc.GrpcConfigKeys (ConfUtils.java:logGet(46)) - raft.grpc.server.heartbeat.channel = true (default)
2022-11-10 07:14:10,959 [Listener at 127.0.0.1/32813] INFO  grpc.GrpcConfigKeys (ConfUtils.java:logGet(46)) - raft.grpc.server.async.request.thread.pool.cached = true (default)
2022-11-10 07:14:10,959 [Listener at 127.0.0.1/32813] INFO  grpc.GrpcConfigKeys (ConfUtils.java:logGet(46)) - raft.grpc.server.async.request.thread.pool.size = 32 (default)
2022-11-10 07:14:10,961 [Listener at 127.0.0.1/32813] INFO  impl.DataStreamServerImpl (ConfUtils.java:logGet(46)) - raft.datastream.type = DISABLED (default)
2022-11-10 07:14:10,961 [Listener at 127.0.0.1/32813] INFO  server.RaftServerConfigKeys (ConfUtils.java:logGet(46)) - raft.server.threadpool.proxy.cached = true (default)
2022-11-10 07:14:10,963 [Listener at 127.0.0.1/32813] INFO  server.RaftServerConfigKeys (ConfUtils.java:logGet(46)) - raft.server.threadpool.proxy.size = 0 (default)
2022-11-10 07:14:10,963 [Listener at 127.0.0.1/32813] INFO  server.RaftServerConfigKeys (ConfUtils.java:logGet(46)) - raft.server.rpc.slowness.timeout = 300s (custom)
2022-11-10 07:14:10,963 [Listener at 127.0.0.1/32813] INFO  server.RaftServerConfigKeys (ConfUtils.java:logGet(46)) - raft.server.leaderelection.leader.step-down.wait-time = 10s (default)
2022-11-10 07:14:10,963 [Listener at 127.0.0.1/32813] INFO  server.RaftServerConfigKeys (ConfUtils.java:logGet(46)) - raft.server.storage.dir = [/home/runner/work/ozone/ozone/hadoop-ozone/integration-test/target/test-dir/MiniOzoneClusterImpl-d14c70f5-e14b-41c6-a13f-e3ca6c51505f/datanode-1/data/ratis] (custom)
2022-11-10 07:14:10,970 [Listener at 127.0.0.1/32813] INFO  server.XceiverServerGrpc (XceiverServerGrpc.java:<init>(132)) - GrpcServer channel type EpollServerSocketChannel
2022-11-10 07:14:10,980 [Listener at 127.0.0.1/32813] INFO  http.BaseHttpServer (BaseHttpServer.java:newHttpServer2BuilderForOzone(213)) - Starting Web-server for hddsDatanode at: http://0.0.0.0:0
2022-11-10 07:14:10,980 [Listener at 127.0.0.1/32813] INFO  http.BaseHttpServer (BaseHttpServer.java:<init>(108)) - Hadoop Security Enabled: false Ozone Security Enabled: false Ozone HTTP Security Enabled: false 
2022-11-10 07:14:10,982 [Listener at 127.0.0.1/32813] WARN  server.AuthenticationFilter (AuthenticationFilter.java:constructSecretProvider(240)) - Unable to initialize FileSignerSecretProvider, falling back to use random secrets. Reason: Could not read signature secret file: /home/runner/hadoop-http-auth-signature-secret
2022-11-10 07:14:10,986 [Listener at 127.0.0.1/32813] WARN  http.HttpRequestLog (HttpRequestLog.java:getRequestLog(103)) - Jetty request log can only be enabled using Log4j
2022-11-10 07:14:10,987 [Listener at 127.0.0.1/32813] INFO  http.HttpServer2 (HttpServer2.java:addGlobalFilter(1031)) - Added global filter 'safety' (class=org.apache.hadoop.hdds.server.http.HttpServer2$QuotingInputFilter)
2022-11-10 07:14:10,988 [Listener at 127.0.0.1/32813] INFO  http.HttpServer2 (HttpServer2.java:addFilter(1007)) - Added filter static_user_filter (class=org.apache.hadoop.http.lib.StaticUserWebFilter$StaticUserFilter) to context hddsDatanode
2022-11-10 07:14:10,988 [Listener at 127.0.0.1/32813] INFO  http.HttpServer2 (HttpServer2.java:addFilter(1015)) - Added filter static_user_filter (class=org.apache.hadoop.http.lib.StaticUserWebFilter$StaticUserFilter) to context logs
2022-11-10 07:14:10,989 [Listener at 127.0.0.1/32813] INFO  http.HttpServer2 (HttpServer2.java:addFilter(1015)) - Added filter static_user_filter (class=org.apache.hadoop.http.lib.StaticUserWebFilter$StaticUserFilter) to context static
2022-11-10 07:14:10,989 [Listener at 127.0.0.1/32813] INFO  http.HttpServer2 (HttpServer2.java:bindListener(1250)) - Jetty bound to port 34119
2022-11-10 07:14:10,989 [Listener at 127.0.0.1/32813] INFO  server.Server (Server.java:doStart(375)) - jetty-9.4.49.v20220914; built: 2022-09-14T01:07:36.601Z; git: 4231a3b2e4cb8548a412a789936d640a97b1aa0a; jvm 1.8.0_345-b01
2022-11-10 07:14:10,995 [Datanode State Machine Task Thread - 0] INFO  datanode.InitDatanodeState (InitDatanodeState.java:persistContainerDatanodeDetails(138)) - DatanodeDetails is persisted to /home/runner/work/ozone/ozone/hadoop-ozone/integration-test/target/test-dir/MiniOzoneClusterImpl-d14c70f5-e14b-41c6-a13f-e3ca6c51505f/datanode-0/meta/datanode.id
2022-11-10 07:14:10,997 [Listener at 127.0.0.1/32813] INFO  server.session (DefaultSessionIdManager.java:doStart(334)) - DefaultSessionIdManager workerName=node0
2022-11-10 07:14:10,997 [Listener at 127.0.0.1/32813] INFO  server.session (DefaultSessionIdManager.java:doStart(339)) - No SessionScavenger set, using defaults
2022-11-10 07:14:10,998 [Listener at 127.0.0.1/32813] INFO  server.session (HouseKeeper.java:startScavenging(132)) - node0 Scavenging every 660000ms
2022-11-10 07:14:10,999 [Listener at 127.0.0.1/32813] INFO  handler.ContextHandler (ContextHandler.java:doStart(921)) - Started o.e.j.s.ServletContextHandler@782c927d{logs,/logs,file:///home/runner/work/ozone/ozone/hadoop-ozone/integration-test/target/log,AVAILABLE}
2022-11-10 07:14:10,999 [Listener at 127.0.0.1/32813] INFO  handler.ContextHandler (ContextHandler.java:doStart(921)) - Started o.e.j.s.ServletContextHandler@65a288e7{static,/static,jar:file:/home/runner/.m2/repository/org/apache/ozone/hdds-container-service/1.3.0-SNAPSHOT/hdds-container-service-1.3.0-SNAPSHOT.jar!/webapps/static,AVAILABLE}
2022-11-10 07:14:11,031 [om1@group-C5BA1605619E-FollowerState] INFO  impl.FollowerState (FollowerState.java:run(143)) - om1@group-C5BA1605619E-FollowerState: change to CANDIDATE, lastRpcElapsedTime:1209207568ns, electionTimeout:1200ms
2022-11-10 07:14:11,032 [om1@group-C5BA1605619E-FollowerState] INFO  impl.RoleInfo (RoleInfo.java:shutdownFollowerState(110)) - om1: shutdown om1@group-C5BA1605619E-FollowerState
2022-11-10 07:14:11,033 [om1@group-C5BA1605619E-FollowerState] INFO  server.RaftServer$Division (RaftServerImpl.java:setRole(321)) - om1@group-C5BA1605619E: changes role from  FOLLOWER to CANDIDATE at term 0 for changeToCandidate
2022-11-10 07:14:11,036 [om1@group-C5BA1605619E-FollowerState] INFO  server.RaftServerConfigKeys (ConfUtils.java:logGet(46)) - raft.server.leaderelection.pre-vote = false (custom)
2022-11-10 07:14:11,036 [om1@group-C5BA1605619E-FollowerState] INFO  impl.RoleInfo (RoleInfo.java:updateAndGet(139)) - om1: start om1@group-C5BA1605619E-LeaderElection1
2022-11-10 07:14:11,049 [om1@group-C5BA1605619E-LeaderElection1] INFO  impl.LeaderElection (LeaderElection.java:askForVotes(312)) - om1@group-C5BA1605619E-LeaderElection1 ELECTION round 0: submit vote requests at term 1 for -1: peers:[om1|rpc:localhost:9872|priority:0|startupRole:FOLLOWER]|listeners:[], old=null
2022-11-10 07:14:11,049 [om1@group-C5BA1605619E-LeaderElection1] INFO  impl.LeaderElection (LeaderElection.java:askForVotes(314)) - om1@group-C5BA1605619E-LeaderElection1 ELECTION round 0: result PASSED (term=1)
2022-11-10 07:14:11,050 [om1@group-C5BA1605619E-LeaderElection1] INFO  impl.RoleInfo (RoleInfo.java:shutdownLeaderElection(130)) - om1: shutdown om1@group-C5BA1605619E-LeaderElection1
2022-11-10 07:14:11,050 [om1@group-C5BA1605619E-LeaderElection1] INFO  server.RaftServer$Division (RaftServerImpl.java:setRole(321)) - om1@group-C5BA1605619E: changes role from CANDIDATE to LEADER at term 1 for changeToLeader
2022-11-10 07:14:11,050 [om1@group-C5BA1605619E-LeaderElection1] INFO  server.RaftServer$Division (ServerState.java:setLeader(313)) - om1@group-C5BA1605619E: change Leader from null to om1 at term 1 for becomeLeader, leader elected after 2494ms
2022-11-10 07:14:11,061 [om1@group-C5BA1605619E-LeaderElection1] INFO  server.RaftServerConfigKeys (ConfUtils.java:logGet(46)) - raft.server.staging.catchup.gap = 1000 (default)
2022-11-10 07:14:11,071 [om1@group-C5BA1605619E-LeaderElection1] INFO  server.RaftServerConfigKeys (ConfUtils.java:logGet(46)) - raft.server.write.element-limit = 4096 (default)
2022-11-10 07:14:11,073 [om1@group-C5BA1605619E-LeaderElection1] INFO  server.RaftServerConfigKeys (ConfUtils.java:logGet(46)) - raft.server.write.byte-limit = 64MB (=67108864) (default)
2022-11-10 07:14:11,082 [om1@group-C5BA1605619E-LeaderElection1] INFO  server.RaftServerConfigKeys (ConfUtils.java:logGet(46)) - raft.server.watch.timeout = 10s (default)
2022-11-10 07:14:11,084 [om1@group-C5BA1605619E-LeaderElection1] INFO  server.RaftServerConfigKeys (ConfUtils.java:logGet(46)) - raft.server.watch.timeout.denomination = 1s (default)
2022-11-10 07:14:11,084 [om1@group-C5BA1605619E-LeaderElection1] INFO  server.RaftServerConfigKeys (ConfUtils.java:logGet(46)) - raft.server.watch.element-limit = 65536 (default)
2022-11-10 07:14:11,096 [om1@group-C5BA1605619E-LeaderElection1] INFO  server.RaftServerConfigKeys (ConfUtils.java:logGet(46)) - raft.server.write.element-limit = 4096 (default)
2022-11-10 07:14:11,099 [om1@group-C5BA1605619E-LeaderElection1] INFO  server.RaftServerConfigKeys (ConfUtils.java:logGet(46)) - raft.server.write.follower.gap.ratio.max = -1.0 (default)
2022-11-10 07:14:11,104 [om1@group-C5BA1605619E-LeaderElection1] INFO  impl.RoleInfo (RoleInfo.java:updateAndGet(139)) - om1: start om1@group-C5BA1605619E-LeaderStateImpl
2022-11-10 07:14:11,161 [om1@group-C5BA1605619E-LeaderElection1] INFO  segmented.SegmentedRaftLogWorker (SegmentedRaftLogWorker.java:startLogSegment(452)) - om1@group-C5BA1605619E-SegmentedRaftLogWorker: Starting segment from index:0
2022-11-10 07:14:11,206 [Listener at 127.0.0.1/32813] INFO  handler.ContextHandler (ContextHandler.java:doStart(921)) - Started o.e.j.w.WebAppContext@2f88c81a{hddsDatanode,/,file:///tmp/jetty-0_0_0_0-34119-hdds-container-service-1_3_0-SNAPSHOT_jar-_-any-5282270364032712520/webapp/,AVAILABLE}{jar:file:/home/runner/.m2/repository/org/apache/ozone/hdds-container-service/1.3.0-SNAPSHOT/hdds-container-service-1.3.0-SNAPSHOT.jar!/webapps/hddsDatanode}
2022-11-10 07:14:11,223 [Listener at 127.0.0.1/32813] INFO  server.AbstractConnector (AbstractConnector.java:doStart(333)) - Started ServerConnector@79f127e{HTTP/1.1, (http/1.1)}{0.0.0.0:34119}
2022-11-10 07:14:11,223 [Listener at 127.0.0.1/32813] INFO  server.Server (Server.java:doStart(415)) - Started @8703ms
2022-11-10 07:14:11,224 [Listener at 127.0.0.1/32813] WARN  impl.MetricsSystemImpl (MetricsSystemImpl.java:register(279)) - Sink prometheus already exists!
2022-11-10 07:14:11,225 [Listener at 127.0.0.1/32813] INFO  http.BaseHttpServer (BaseHttpServer.java:updateConnectorAddress(333)) - HTTP server of hddsDatanode listening at http://0.0.0.0:34119
2022-11-10 07:14:11,230 [Listener at 127.0.0.1/32813] WARN  impl.MetricRegistriesImpl (MetricRegistriesImpl.java:addReporterRegistration(111)) - New reporters are added after registries were created. Some metrics will be missing from the reporter. Please add reporter before adding any new registry.
2022-11-10 07:14:11,230 [Listener at 127.0.0.1/32813] WARN  impl.MetricRegistriesImpl (MetricRegistriesImpl.java:addReporterRegistration(111)) - New reporters are added after registries were created. Some metrics will be missing from the reporter. Please add reporter before adding any new registry.
2022-11-10 07:14:11,230 [Listener at 127.0.0.1/32813] INFO  impl.MetricsSystemImpl (MetricsSystemImpl.java:init(158)) - HddsDatanode metrics system started (again)
2022-11-10 07:14:11,231 [om1@group-C5BA1605619E-LeaderElection1] INFO  server.RaftServer$Division (ServerState.java:setRaftConf(430)) - om1@group-C5BA1605619E: set configuration 0: peers:[om1|rpc:localhost:9872|admin:|client:|dataStream:|priority:0|startupRole:FOLLOWER]|listeners:[], old=null
2022-11-10 07:14:11,242 [Datanode State Machine Daemon Thread] INFO  statemachine.DatanodeStateMachine (DatanodeStateMachine.java:lambda$startDaemon$0(505)) - Ozone container server started.
2022-11-10 07:14:11,303 [org.apache.hadoop.util.JvmPauseMonitor$Monitor@5bef67fe] INFO  util.JvmPauseMonitor (JvmPauseMonitor.java:run(188)) - Starting JVM pause monitor
2022-11-10 07:14:11,307 [Listener at 127.0.0.1/32813] INFO  ozone.HddsDatanodeService (HddsDatanodeService.java:start(236)) - HddsDatanodeService host:fv-az435-205.hcxxyugg5vdudo0mn2smve0l3g.cx.internal.cloudapp.net ip:10.1.0.59
2022-11-10 07:14:11,314 [om1@group-C5BA1605619E-SegmentedRaftLogWorker] INFO  segmented.SegmentedRaftLogWorker (SegmentedRaftLogWorker.java:execute(656)) - om1@group-C5BA1605619E-SegmentedRaftLogWorker: created new log segment /home/runner/work/ozone/ozone/hadoop-ozone/integration-test/target/test-dir/MiniOzoneClusterImpl-d14c70f5-e14b-41c6-a13f-e3ca6c51505f/ozone-meta/ratis/bf265839-605b-3f16-9796-c5ba1605619e/current/log_inprogress_0
2022-11-10 07:14:11,314 [Datanode State Machine Task Thread - 0] INFO  datanode.InitDatanodeState (InitDatanodeState.java:persistContainerDatanodeDetails(138)) - DatanodeDetails is persisted to /home/runner/work/ozone/ozone/hadoop-ozone/integration-test/target/test-dir/MiniOzoneClusterImpl-d14c70f5-e14b-41c6-a13f-e3ca6c51505f/datanode-1/meta/datanode.id
2022-11-10 07:14:11,333 [Listener at 127.0.0.1/32813] INFO  upgrade.AbstractLayoutVersionManager (AbstractLayoutVersionManager.java:init(83)) - Initializing Layout version manager with metadata layout = DATANODE_SCHEMA_V3 (version = 4), software layout = DATANODE_SCHEMA_V3 (version = 4)
2022-11-10 07:14:11,472 [Listener at 127.0.0.1/32813] INFO  reflections.Reflections (Reflections.java:scan(232)) - Reflections took 138 ms to scan 7 urls, producing 139 keys and 336 values 
2022-11-10 07:14:11,478 [Listener at 127.0.0.1/32813] INFO  statemachine.DatanodeStateMachine (DatanodeStateMachine.java:getEndPointTaskThreadPoolSize(245)) - Datanode State Machine Task Thread Pool size 2
2022-11-10 07:14:11,491 [Listener at 127.0.0.1/32813] INFO  volume.HddsVolume (HddsVolume.java:<init>(117)) - Creating HddsVolume: /home/runner/work/ozone/ozone/hadoop-ozone/integration-test/target/test-dir/MiniOzoneClusterImpl-d14c70f5-e14b-41c6-a13f-e3ca6c51505f/datanode-2/data-0/containers/hdds of storage type : DISK capacity : 9223372036854775807
2022-11-10 07:14:11,492 [Listener at 127.0.0.1/32813] INFO  volume.MutableVolumeSet (MutableVolumeSet.java:initializeVolumeSet(174)) - Added Volume : /home/runner/work/ozone/ozone/hadoop-ozone/integration-test/target/test-dir/MiniOzoneClusterImpl-d14c70f5-e14b-41c6-a13f-e3ca6c51505f/datanode-2/data-0/containers/hdds to VolumeSet
2022-11-10 07:14:11,492 [Listener at 127.0.0.1/32813] INFO  volume.ThrottledAsyncChecker (ThrottledAsyncChecker.java:schedule(141)) - Scheduling a check for /home/runner/work/ozone/ozone/hadoop-ozone/integration-test/target/test-dir/MiniOzoneClusterImpl-d14c70f5-e14b-41c6-a13f-e3ca6c51505f/datanode-2/data-0/containers/hdds
2022-11-10 07:14:11,501 [Listener at 127.0.0.1/32813] INFO  volume.StorageVolumeChecker (StorageVolumeChecker.java:checkAllVolumes(202)) - Scheduled health check for volume /home/runner/work/ozone/ozone/hadoop-ozone/integration-test/target/test-dir/MiniOzoneClusterImpl-d14c70f5-e14b-41c6-a13f-e3ca6c51505f/datanode-2/data-0/containers/hdds
2022-11-10 07:14:11,519 [Listener at 127.0.0.1/32813] INFO  volume.MutableVolumeSet (MutableVolumeSet.java:initializeVolumeSet(174)) - Added Volume : /home/runner/work/ozone/ozone/hadoop-ozone/integration-test/target/test-dir/MiniOzoneClusterImpl-d14c70f5-e14b-41c6-a13f-e3ca6c51505f/datanode-2/data/ratis to VolumeSet
2022-11-10 07:14:11,519 [Listener at 127.0.0.1/32813] INFO  volume.ThrottledAsyncChecker (ThrottledAsyncChecker.java:schedule(141)) - Scheduling a check for /home/runner/work/ozone/ozone/hadoop-ozone/integration-test/target/test-dir/MiniOzoneClusterImpl-d14c70f5-e14b-41c6-a13f-e3ca6c51505f/datanode-2/data/ratis
2022-11-10 07:14:11,519 [Listener at 127.0.0.1/32813] INFO  volume.StorageVolumeChecker (StorageVolumeChecker.java:checkAllVolumes(202)) - Scheduled health check for volume /home/runner/work/ozone/ozone/hadoop-ozone/integration-test/target/test-dir/MiniOzoneClusterImpl-d14c70f5-e14b-41c6-a13f-e3ca6c51505f/datanode-2/data/ratis
2022-11-10 07:14:11,534 [Thread-164] INFO  ozoneimpl.ContainerReader (ContainerReader.java:readVolume(175)) - Finish verifying containers on volume /home/runner/work/ozone/ozone/hadoop-ozone/integration-test/target/test-dir/MiniOzoneClusterImpl-d14c70f5-e14b-41c6-a13f-e3ca6c51505f/datanode-2/data-0/containers/hdds
2022-11-10 07:14:11,535 [Listener at 127.0.0.1/32813] INFO  ozoneimpl.OzoneContainer (OzoneContainer.java:buildContainerSet(300)) - Build ContainerSet costs 0s
2022-11-10 07:14:11,537 [Listener at 127.0.0.1/32813] INFO  server.RaftServer (ConfUtils.java:logGet(46)) - raft.rpc.type = GRPC (default)
2022-11-10 07:14:11,538 [Listener at 127.0.0.1/32813] INFO  grpc.GrpcConfigKeys (ConfUtils.java:logFallback(53)) - raft.grpc.admin.host = null (fallback to raft.grpc.server.host)
2022-11-10 07:14:11,538 [Listener at 127.0.0.1/32813] INFO  grpc.GrpcConfigKeys (ConfUtils.java:logGet(46)) - raft.grpc.admin.port = 0 (custom)
2022-11-10 07:14:11,538 [Listener at 127.0.0.1/32813] INFO  grpc.GrpcConfigKeys (ConfUtils.java:logFallback(53)) - raft.grpc.client.host = null (fallback to raft.grpc.server.host)
2022-11-10 07:14:11,538 [Listener at 127.0.0.1/32813] INFO  grpc.GrpcConfigKeys (ConfUtils.java:logGet(46)) - raft.grpc.client.port = 0 (custom)
2022-11-10 07:14:11,538 [Listener at 127.0.0.1/32813] INFO  grpc.GrpcConfigKeys (ConfUtils.java:logGet(46)) - raft.grpc.server.host = null (default)
2022-11-10 07:14:11,538 [Listener at 127.0.0.1/32813] INFO  grpc.GrpcConfigKeys (ConfUtils.java:logGet(46)) - raft.grpc.server.port = 0 (default)
2022-11-10 07:14:11,539 [Listener at 127.0.0.1/32813] INFO  server.GrpcService (ConfUtils.java:logGet(46)) - raft.grpc.message.size.max = 32MB (=33554432) (custom)
2022-11-10 07:14:11,539 [Listener at 127.0.0.1/32813] INFO  server.RaftServerConfigKeys (ConfUtils.java:logGet(46)) - raft.server.log.appender.buffer.byte-limit = 33554432 (custom)
2022-11-10 07:14:11,543 [Listener at 127.0.0.1/32813] INFO  server.GrpcService (ConfUtils.java:logGet(46)) - raft.grpc.flow.control.window = 5MB (=5242880) (custom)
2022-11-10 07:14:11,543 [Listener at 127.0.0.1/32813] INFO  server.RaftServerConfigKeys (ConfUtils.java:logGet(46)) - raft.server.rpc.request.timeout = 60s (custom)
2022-11-10 07:14:11,543 [Listener at 127.0.0.1/32813] INFO  grpc.GrpcConfigKeys (ConfUtils.java:logGet(46)) - raft.grpc.server.heartbeat.channel = true (default)
2022-11-10 07:14:11,544 [Listener at 127.0.0.1/32813] INFO  grpc.GrpcConfigKeys (ConfUtils.java:logGet(46)) - raft.grpc.server.async.request.thread.pool.cached = true (default)
2022-11-10 07:14:11,544 [Listener at 127.0.0.1/32813] INFO  grpc.GrpcConfigKeys (ConfUtils.java:logGet(46)) - raft.grpc.server.async.request.thread.pool.size = 32 (default)
2022-11-10 07:14:11,547 [Listener at 127.0.0.1/32813] INFO  impl.DataStreamServerImpl (ConfUtils.java:logGet(46)) - raft.datastream.type = DISABLED (default)
2022-11-10 07:14:11,548 [Listener at 127.0.0.1/32813] INFO  server.RaftServerConfigKeys (ConfUtils.java:logGet(46)) - raft.server.threadpool.proxy.cached = true (default)
2022-11-10 07:14:11,548 [Listener at 127.0.0.1/32813] INFO  server.RaftServerConfigKeys (ConfUtils.java:logGet(46)) - raft.server.threadpool.proxy.size = 0 (default)
2022-11-10 07:14:11,548 [Listener at 127.0.0.1/32813] INFO  server.RaftServerConfigKeys (ConfUtils.java:logGet(46)) - raft.server.rpc.slowness.timeout = 300s (custom)
2022-11-10 07:14:11,548 [Listener at 127.0.0.1/32813] INFO  server.RaftServerConfigKeys (ConfUtils.java:logGet(46)) - raft.server.leaderelection.leader.step-down.wait-time = 10s (default)
2022-11-10 07:14:11,548 [Listener at 127.0.0.1/32813] INFO  server.RaftServerConfigKeys (ConfUtils.java:logGet(46)) - raft.server.storage.dir = [/home/runner/work/ozone/ozone/hadoop-ozone/integration-test/target/test-dir/MiniOzoneClusterImpl-d14c70f5-e14b-41c6-a13f-e3ca6c51505f/datanode-2/data/ratis] (custom)
2022-11-10 07:14:11,540 [om1@group-C5BA1605619E-StateMachineUpdater] INFO  ratis.OzoneManagerStateMachine (OzoneManagerStateMachine.java:notifyConfigurationChanged(192)) - Received Configuration change notification from Ratis. New Peer list:
[id: "om1"
address: "localhost:9872"
startupRole: FOLLOWER
]
2022-11-10 07:14:11,556 [Listener at 127.0.0.1/32813] INFO  server.XceiverServerGrpc (XceiverServerGrpc.java:<init>(132)) - GrpcServer channel type EpollServerSocketChannel
2022-11-10 07:14:11,559 [Listener at 127.0.0.1/32813] INFO  http.BaseHttpServer (BaseHttpServer.java:newHttpServer2BuilderForOzone(213)) - Starting Web-server for hddsDatanode at: http://0.0.0.0:0
2022-11-10 07:14:11,559 [Listener at 127.0.0.1/32813] INFO  http.BaseHttpServer (BaseHttpServer.java:<init>(108)) - Hadoop Security Enabled: false Ozone Security Enabled: false Ozone HTTP Security Enabled: false 
2022-11-10 07:14:11,561 [Listener at 127.0.0.1/32813] WARN  server.AuthenticationFilter (AuthenticationFilter.java:constructSecretProvider(240)) - Unable to initialize FileSignerSecretProvider, falling back to use random secrets. Reason: Could not read signature secret file: /home/runner/hadoop-http-auth-signature-secret
2022-11-10 07:14:11,563 [Listener at 127.0.0.1/32813] WARN  http.HttpRequestLog (HttpRequestLog.java:getRequestLog(103)) - Jetty request log can only be enabled using Log4j
2022-11-10 07:14:11,565 [Listener at 127.0.0.1/32813] INFO  http.HttpServer2 (HttpServer2.java:addGlobalFilter(1031)) - Added global filter 'safety' (class=org.apache.hadoop.hdds.server.http.HttpServer2$QuotingInputFilter)
2022-11-10 07:14:11,566 [Listener at 127.0.0.1/32813] INFO  http.HttpServer2 (HttpServer2.java:addFilter(1007)) - Added filter static_user_filter (class=org.apache.hadoop.http.lib.StaticUserWebFilter$StaticUserFilter) to context hddsDatanode
2022-11-10 07:14:11,566 [Listener at 127.0.0.1/32813] INFO  http.HttpServer2 (HttpServer2.java:addFilter(1015)) - Added filter static_user_filter (class=org.apache.hadoop.http.lib.StaticUserWebFilter$StaticUserFilter) to context static
2022-11-10 07:14:11,566 [Listener at 127.0.0.1/32813] INFO  http.HttpServer2 (HttpServer2.java:addFilter(1015)) - Added filter static_user_filter (class=org.apache.hadoop.http.lib.StaticUserWebFilter$StaticUserFilter) to context logs
2022-11-10 07:14:11,567 [Listener at 127.0.0.1/32813] INFO  http.HttpServer2 (HttpServer2.java:bindListener(1250)) - Jetty bound to port 35809
2022-11-10 07:14:11,567 [Listener at 127.0.0.1/32813] INFO  server.Server (Server.java:doStart(375)) - jetty-9.4.49.v20220914; built: 2022-09-14T01:07:36.601Z; git: 4231a3b2e4cb8548a412a789936d640a97b1aa0a; jvm 1.8.0_345-b01
2022-11-10 07:14:11,581 [Listener at 127.0.0.1/32813] INFO  server.session (DefaultSessionIdManager.java:doStart(334)) - DefaultSessionIdManager workerName=node0
2022-11-10 07:14:11,581 [Listener at 127.0.0.1/32813] INFO  server.session (DefaultSessionIdManager.java:doStart(339)) - No SessionScavenger set, using defaults
2022-11-10 07:14:11,581 [Listener at 127.0.0.1/32813] INFO  server.session (HouseKeeper.java:startScavenging(132)) - node0 Scavenging every 600000ms
2022-11-10 07:14:11,582 [Listener at 127.0.0.1/32813] INFO  handler.ContextHandler (ContextHandler.java:doStart(921)) - Started o.e.j.s.ServletContextHandler@5d6c5267{logs,/logs,file:///home/runner/work/ozone/ozone/hadoop-ozone/integration-test/target/log,AVAILABLE}
2022-11-10 07:14:11,583 [Listener at 127.0.0.1/32813] INFO  handler.ContextHandler (ContextHandler.java:doStart(921)) - Started o.e.j.s.ServletContextHandler@5ce59857{static,/static,jar:file:/home/runner/.m2/repository/org/apache/ozone/hdds-container-service/1.3.0-SNAPSHOT/hdds-container-service-1.3.0-SNAPSHOT.jar!/webapps/static,AVAILABLE}
2022-11-10 07:14:11,751 [Listener at 127.0.0.1/32813] INFO  handler.ContextHandler (ContextHandler.java:doStart(921)) - Started o.e.j.w.WebAppContext@7006e4c6{hddsDatanode,/,file:///tmp/jetty-0_0_0_0-35809-hdds-container-service-1_3_0-SNAPSHOT_jar-_-any-6909656881690125558/webapp/,AVAILABLE}{jar:file:/home/runner/.m2/repository/org/apache/ozone/hdds-container-service/1.3.0-SNAPSHOT/hdds-container-service-1.3.0-SNAPSHOT.jar!/webapps/hddsDatanode}
2022-11-10 07:14:11,753 [Listener at 127.0.0.1/32813] INFO  server.AbstractConnector (AbstractConnector.java:doStart(333)) - Started ServerConnector@607624b7{HTTP/1.1, (http/1.1)}{0.0.0.0:35809}
2022-11-10 07:14:11,753 [Listener at 127.0.0.1/32813] INFO  server.Server (Server.java:doStart(415)) - Started @9233ms
2022-11-10 07:14:11,753 [Listener at 127.0.0.1/32813] WARN  impl.MetricsSystemImpl (MetricsSystemImpl.java:register(279)) - Sink prometheus already exists!
2022-11-10 07:14:11,754 [Listener at 127.0.0.1/32813] INFO  http.BaseHttpServer (BaseHttpServer.java:updateConnectorAddress(333)) - HTTP server of hddsDatanode listening at http://0.0.0.0:35809
2022-11-10 07:14:11,755 [Listener at 127.0.0.1/32813] WARN  impl.MetricRegistriesImpl (MetricRegistriesImpl.java:addReporterRegistration(111)) - New reporters are added after registries were created. Some metrics will be missing from the reporter. Please add reporter before adding any new registry.
2022-11-10 07:14:11,755 [Listener at 127.0.0.1/32813] WARN  impl.MetricRegistriesImpl (MetricRegistriesImpl.java:addReporterRegistration(111)) - New reporters are added after registries were created. Some metrics will be missing from the reporter. Please add reporter before adding any new registry.
2022-11-10 07:14:11,755 [Listener at 127.0.0.1/32813] INFO  impl.MetricsSystemImpl (MetricsSystemImpl.java:init(158)) - HddsDatanode metrics system started (again)
2022-11-10 07:14:11,761 [Datanode State Machine Daemon Thread] INFO  statemachine.DatanodeStateMachine (DatanodeStateMachine.java:lambda$startDaemon$0(505)) - Ozone container server started.
2022-11-10 07:14:11,777 [org.apache.hadoop.util.JvmPauseMonitor$Monitor@3fc84c26] INFO  util.JvmPauseMonitor (JvmPauseMonitor.java:run(188)) - Starting JVM pause monitor
2022-11-10 07:14:11,781 [Listener at 127.0.0.1/32813] INFO  ozone.HddsDatanodeService (HddsDatanodeService.java:start(236)) - HddsDatanodeService host:fv-az435-205.hcxxyugg5vdudo0mn2smve0l3g.cx.internal.cloudapp.net ip:10.1.0.59
2022-11-10 07:14:11,783 [Datanode State Machine Task Thread - 0] INFO  datanode.InitDatanodeState (InitDatanodeState.java:persistContainerDatanodeDetails(138)) - DatanodeDetails is persisted to /home/runner/work/ozone/ozone/hadoop-ozone/integration-test/target/test-dir/MiniOzoneClusterImpl-d14c70f5-e14b-41c6-a13f-e3ca6c51505f/datanode-2/meta/datanode.id
2022-11-10 07:14:11,825 [Listener at 127.0.0.1/32813] INFO  upgrade.AbstractLayoutVersionManager (AbstractLayoutVersionManager.java:init(83)) - Initializing Layout version manager with metadata layout = DATANODE_SCHEMA_V3 (version = 4), software layout = DATANODE_SCHEMA_V3 (version = 4)
2022-11-10 07:14:11,876 [Listener at 127.0.0.1/32813] INFO  reflections.Reflections (Reflections.java:scan(232)) - Reflections took 46 ms to scan 7 urls, producing 139 keys and 336 values 
2022-11-10 07:14:11,878 [Listener at 127.0.0.1/32813] INFO  statemachine.DatanodeStateMachine (DatanodeStateMachine.java:getEndPointTaskThreadPoolSize(245)) - Datanode State Machine Task Thread Pool size 2
2022-11-10 07:14:11,887 [Listener at 127.0.0.1/32813] INFO  volume.HddsVolume (HddsVolume.java:<init>(117)) - Creating HddsVolume: /home/runner/work/ozone/ozone/hadoop-ozone/integration-test/target/test-dir/MiniOzoneClusterImpl-d14c70f5-e14b-41c6-a13f-e3ca6c51505f/datanode-3/data-0/containers/hdds of storage type : DISK capacity : 9223372036854775807
2022-11-10 07:14:11,888 [Listener at 127.0.0.1/32813] INFO  volume.MutableVolumeSet (MutableVolumeSet.java:initializeVolumeSet(174)) - Added Volume : /home/runner/work/ozone/ozone/hadoop-ozone/integration-test/target/test-dir/MiniOzoneClusterImpl-d14c70f5-e14b-41c6-a13f-e3ca6c51505f/datanode-3/data-0/containers/hdds to VolumeSet
2022-11-10 07:14:11,888 [Listener at 127.0.0.1/32813] INFO  volume.ThrottledAsyncChecker (ThrottledAsyncChecker.java:schedule(141)) - Scheduling a check for /home/runner/work/ozone/ozone/hadoop-ozone/integration-test/target/test-dir/MiniOzoneClusterImpl-d14c70f5-e14b-41c6-a13f-e3ca6c51505f/datanode-3/data-0/containers/hdds
2022-11-10 07:14:11,890 [Listener at 127.0.0.1/32813] INFO  volume.StorageVolumeChecker (StorageVolumeChecker.java:checkAllVolumes(202)) - Scheduled health check for volume /home/runner/work/ozone/ozone/hadoop-ozone/integration-test/target/test-dir/MiniOzoneClusterImpl-d14c70f5-e14b-41c6-a13f-e3ca6c51505f/datanode-3/data-0/containers/hdds
2022-11-10 07:14:11,908 [Listener at 127.0.0.1/32813] INFO  volume.MutableVolumeSet (MutableVolumeSet.java:initializeVolumeSet(174)) - Added Volume : /home/runner/work/ozone/ozone/hadoop-ozone/integration-test/target/test-dir/MiniOzoneClusterImpl-d14c70f5-e14b-41c6-a13f-e3ca6c51505f/datanode-3/data/ratis to VolumeSet
2022-11-10 07:14:11,908 [Listener at 127.0.0.1/32813] INFO  volume.ThrottledAsyncChecker (ThrottledAsyncChecker.java:schedule(141)) - Scheduling a check for /home/runner/work/ozone/ozone/hadoop-ozone/integration-test/target/test-dir/MiniOzoneClusterImpl-d14c70f5-e14b-41c6-a13f-e3ca6c51505f/datanode-3/data/ratis
2022-11-10 07:14:11,909 [Listener at 127.0.0.1/32813] INFO  volume.StorageVolumeChecker (StorageVolumeChecker.java:checkAllVolumes(202)) - Scheduled health check for volume /home/runner/work/ozone/ozone/hadoop-ozone/integration-test/target/test-dir/MiniOzoneClusterImpl-d14c70f5-e14b-41c6-a13f-e3ca6c51505f/datanode-3/data/ratis
2022-11-10 07:14:11,922 [Thread-177] INFO  ozoneimpl.ContainerReader (ContainerReader.java:readVolume(175)) - Finish verifying containers on volume /home/runner/work/ozone/ozone/hadoop-ozone/integration-test/target/test-dir/MiniOzoneClusterImpl-d14c70f5-e14b-41c6-a13f-e3ca6c51505f/datanode-3/data-0/containers/hdds
2022-11-10 07:14:11,922 [Listener at 127.0.0.1/32813] INFO  ozoneimpl.OzoneContainer (OzoneContainer.java:buildContainerSet(300)) - Build ContainerSet costs 0s
2022-11-10 07:14:11,927 [Listener at 127.0.0.1/32813] INFO  server.RaftServer (ConfUtils.java:logGet(46)) - raft.rpc.type = GRPC (default)
2022-11-10 07:14:11,927 [Listener at 127.0.0.1/32813] INFO  grpc.GrpcConfigKeys (ConfUtils.java:logFallback(53)) - raft.grpc.admin.host = null (fallback to raft.grpc.server.host)
2022-11-10 07:14:11,927 [Listener at 127.0.0.1/32813] INFO  grpc.GrpcConfigKeys (ConfUtils.java:logGet(46)) - raft.grpc.admin.port = 0 (custom)
2022-11-10 07:14:11,928 [Listener at 127.0.0.1/32813] INFO  grpc.GrpcConfigKeys (ConfUtils.java:logFallback(53)) - raft.grpc.client.host = null (fallback to raft.grpc.server.host)
2022-11-10 07:14:11,928 [Listener at 127.0.0.1/32813] INFO  grpc.GrpcConfigKeys (ConfUtils.java:logGet(46)) - raft.grpc.client.port = 0 (custom)
2022-11-10 07:14:11,928 [Listener at 127.0.0.1/32813] INFO  grpc.GrpcConfigKeys (ConfUtils.java:logGet(46)) - raft.grpc.server.host = null (default)
2022-11-10 07:14:11,929 [Listener at 127.0.0.1/32813] INFO  grpc.GrpcConfigKeys (ConfUtils.java:logGet(46)) - raft.grpc.server.port = 0 (default)
2022-11-10 07:14:11,929 [Listener at 127.0.0.1/32813] INFO  server.GrpcService (ConfUtils.java:logGet(46)) - raft.grpc.message.size.max = 32MB (=33554432) (custom)
2022-11-10 07:14:11,929 [Listener at 127.0.0.1/32813] INFO  server.RaftServerConfigKeys (ConfUtils.java:logGet(46)) - raft.server.log.appender.buffer.byte-limit = 33554432 (custom)
2022-11-10 07:14:11,929 [Listener at 127.0.0.1/32813] INFO  server.GrpcService (ConfUtils.java:logGet(46)) - raft.grpc.flow.control.window = 5MB (=5242880) (custom)
2022-11-10 07:14:11,929 [Listener at 127.0.0.1/32813] INFO  server.RaftServerConfigKeys (ConfUtils.java:logGet(46)) - raft.server.rpc.request.timeout = 60s (custom)
2022-11-10 07:14:11,929 [Listener at 127.0.0.1/32813] INFO  grpc.GrpcConfigKeys (ConfUtils.java:logGet(46)) - raft.grpc.server.heartbeat.channel = true (default)
2022-11-10 07:14:11,930 [Listener at 127.0.0.1/32813] INFO  grpc.GrpcConfigKeys (ConfUtils.java:logGet(46)) - raft.grpc.server.async.request.thread.pool.cached = true (default)
2022-11-10 07:14:11,930 [Listener at 127.0.0.1/32813] INFO  grpc.GrpcConfigKeys (ConfUtils.java:logGet(46)) - raft.grpc.server.async.request.thread.pool.size = 32 (default)
2022-11-10 07:14:11,931 [Listener at 127.0.0.1/32813] INFO  impl.DataStreamServerImpl (ConfUtils.java:logGet(46)) - raft.datastream.type = DISABLED (default)
2022-11-10 07:14:11,931 [Listener at 127.0.0.1/32813] INFO  server.RaftServerConfigKeys (ConfUtils.java:logGet(46)) - raft.server.threadpool.proxy.cached = true (default)
2022-11-10 07:14:11,931 [Listener at 127.0.0.1/32813] INFO  server.RaftServerConfigKeys (ConfUtils.java:logGet(46)) - raft.server.threadpool.proxy.size = 0 (default)
2022-11-10 07:14:11,932 [Listener at 127.0.0.1/32813] INFO  server.RaftServerConfigKeys (ConfUtils.java:logGet(46)) - raft.server.rpc.slowness.timeout = 300s (custom)
2022-11-10 07:14:11,932 [Listener at 127.0.0.1/32813] INFO  server.RaftServerConfigKeys (ConfUtils.java:logGet(46)) - raft.server.leaderelection.leader.step-down.wait-time = 10s (default)
2022-11-10 07:14:11,932 [Listener at 127.0.0.1/32813] INFO  server.RaftServerConfigKeys (ConfUtils.java:logGet(46)) - raft.server.storage.dir = [/home/runner/work/ozone/ozone/hadoop-ozone/integration-test/target/test-dir/MiniOzoneClusterImpl-d14c70f5-e14b-41c6-a13f-e3ca6c51505f/datanode-3/data/ratis] (custom)
2022-11-10 07:14:11,933 [Listener at 127.0.0.1/32813] INFO  server.XceiverServerGrpc (XceiverServerGrpc.java:<init>(132)) - GrpcServer channel type EpollServerSocketChannel
2022-11-10 07:14:11,941 [Listener at 127.0.0.1/32813] INFO  http.BaseHttpServer (BaseHttpServer.java:newHttpServer2BuilderForOzone(213)) - Starting Web-server for hddsDatanode at: http://0.0.0.0:0
2022-11-10 07:14:11,941 [Listener at 127.0.0.1/32813] INFO  http.BaseHttpServer (BaseHttpServer.java:<init>(108)) - Hadoop Security Enabled: false Ozone Security Enabled: false Ozone HTTP Security Enabled: false 
2022-11-10 07:14:11,942 [Listener at 127.0.0.1/32813] WARN  server.AuthenticationFilter (AuthenticationFilter.java:constructSecretProvider(240)) - Unable to initialize FileSignerSecretProvider, falling back to use random secrets. Reason: Could not read signature secret file: /home/runner/hadoop-http-auth-signature-secret
2022-11-10 07:14:11,943 [Listener at 127.0.0.1/32813] WARN  http.HttpRequestLog (HttpRequestLog.java:getRequestLog(103)) - Jetty request log can only be enabled using Log4j
2022-11-10 07:14:11,945 [Listener at 127.0.0.1/32813] INFO  http.HttpServer2 (HttpServer2.java:addGlobalFilter(1031)) - Added global filter 'safety' (class=org.apache.hadoop.hdds.server.http.HttpServer2$QuotingInputFilter)
2022-11-10 07:14:11,947 [Listener at 127.0.0.1/32813] INFO  http.HttpServer2 (HttpServer2.java:addFilter(1007)) - Added filter static_user_filter (class=org.apache.hadoop.http.lib.StaticUserWebFilter$StaticUserFilter) to context hddsDatanode
2022-11-10 07:14:11,948 [Listener at 127.0.0.1/32813] INFO  http.HttpServer2 (HttpServer2.java:addFilter(1015)) - Added filter static_user_filter (class=org.apache.hadoop.http.lib.StaticUserWebFilter$StaticUserFilter) to context static
2022-11-10 07:14:11,948 [Listener at 127.0.0.1/32813] INFO  http.HttpServer2 (HttpServer2.java:addFilter(1015)) - Added filter static_user_filter (class=org.apache.hadoop.http.lib.StaticUserWebFilter$StaticUserFilter) to context logs
2022-11-10 07:14:11,949 [Listener at 127.0.0.1/32813] INFO  http.HttpServer2 (HttpServer2.java:bindListener(1250)) - Jetty bound to port 37855
2022-11-10 07:14:11,949 [Listener at 127.0.0.1/32813] INFO  server.Server (Server.java:doStart(375)) - jetty-9.4.49.v20220914; built: 2022-09-14T01:07:36.601Z; git: 4231a3b2e4cb8548a412a789936d640a97b1aa0a; jvm 1.8.0_345-b01
2022-11-10 07:14:11,953 [Listener at 127.0.0.1/32813] INFO  server.session (DefaultSessionIdManager.java:doStart(334)) - DefaultSessionIdManager workerName=node0
2022-11-10 07:14:11,953 [Listener at 127.0.0.1/32813] INFO  server.session (DefaultSessionIdManager.java:doStart(339)) - No SessionScavenger set, using defaults
2022-11-10 07:14:11,954 [Listener at 127.0.0.1/32813] INFO  server.session (HouseKeeper.java:startScavenging(132)) - node0 Scavenging every 660000ms
2022-11-10 07:14:11,954 [Listener at 127.0.0.1/32813] INFO  handler.ContextHandler (ContextHandler.java:doStart(921)) - Started o.e.j.s.ServletContextHandler@671d19c8{logs,/logs,file:///home/runner/work/ozone/ozone/hadoop-ozone/integration-test/target/log,AVAILABLE}
2022-11-10 07:14:11,955 [Listener at 127.0.0.1/32813] INFO  handler.ContextHandler (ContextHandler.java:doStart(921)) - Started o.e.j.s.ServletContextHandler@145b522b{static,/static,jar:file:/home/runner/.m2/repository/org/apache/ozone/hdds-container-service/1.3.0-SNAPSHOT/hdds-container-service-1.3.0-SNAPSHOT.jar!/webapps/static,AVAILABLE}
2022-11-10 07:14:12,123 [Listener at 127.0.0.1/32813] INFO  handler.ContextHandler (ContextHandler.java:doStart(921)) - Started o.e.j.w.WebAppContext@29c7a145{hddsDatanode,/,file:///tmp/jetty-0_0_0_0-37855-hdds-container-service-1_3_0-SNAPSHOT_jar-_-any-7393898953786979515/webapp/,AVAILABLE}{jar:file:/home/runner/.m2/repository/org/apache/ozone/hdds-container-service/1.3.0-SNAPSHOT/hdds-container-service-1.3.0-SNAPSHOT.jar!/webapps/hddsDatanode}
2022-11-10 07:14:12,125 [Listener at 127.0.0.1/32813] INFO  server.AbstractConnector (AbstractConnector.java:doStart(333)) - Started ServerConnector@37ab2edc{HTTP/1.1, (http/1.1)}{0.0.0.0:37855}
2022-11-10 07:14:12,125 [Listener at 127.0.0.1/32813] INFO  server.Server (Server.java:doStart(415)) - Started @9605ms
2022-11-10 07:14:12,125 [Listener at 127.0.0.1/32813] WARN  impl.MetricsSystemImpl (MetricsSystemImpl.java:register(279)) - Sink prometheus already exists!
2022-11-10 07:14:12,126 [Listener at 127.0.0.1/32813] INFO  http.BaseHttpServer (BaseHttpServer.java:updateConnectorAddress(333)) - HTTP server of hddsDatanode listening at http://0.0.0.0:37855
2022-11-10 07:14:12,127 [Listener at 127.0.0.1/32813] WARN  impl.MetricRegistriesImpl (MetricRegistriesImpl.java:addReporterRegistration(111)) - New reporters are added after registries were created. Some metrics will be missing from the reporter. Please add reporter before adding any new registry.
2022-11-10 07:14:12,127 [Listener at 127.0.0.1/32813] WARN  impl.MetricRegistriesImpl (MetricRegistriesImpl.java:addReporterRegistration(111)) - New reporters are added after registries were created. Some metrics will be missing from the reporter. Please add reporter before adding any new registry.
2022-11-10 07:14:12,127 [Listener at 127.0.0.1/32813] INFO  impl.MetricsSystemImpl (MetricsSystemImpl.java:init(158)) - HddsDatanode metrics system started (again)
2022-11-10 07:14:12,133 [Datanode State Machine Daemon Thread] INFO  statemachine.DatanodeStateMachine (DatanodeStateMachine.java:lambda$startDaemon$0(505)) - Ozone container server started.
2022-11-10 07:14:12,146 [org.apache.hadoop.util.JvmPauseMonitor$Monitor@b079ba2] INFO  util.JvmPauseMonitor (JvmPauseMonitor.java:run(188)) - Starting JVM pause monitor
2022-11-10 07:14:12,147 [Datanode State Machine Task Thread - 0] INFO  datanode.InitDatanodeState (InitDatanodeState.java:persistContainerDatanodeDetails(138)) - DatanodeDetails is persisted to /home/runner/work/ozone/ozone/hadoop-ozone/integration-test/target/test-dir/MiniOzoneClusterImpl-d14c70f5-e14b-41c6-a13f-e3ca6c51505f/datanode-3/meta/datanode.id
2022-11-10 07:14:12,152 [Listener at 127.0.0.1/32813] INFO  ozone.HddsDatanodeService (HddsDatanodeService.java:start(236)) - HddsDatanodeService host:fv-az435-205.hcxxyugg5vdudo0mn2smve0l3g.cx.internal.cloudapp.net ip:10.1.0.59
2022-11-10 07:14:12,181 [Listener at 127.0.0.1/32813] INFO  upgrade.AbstractLayoutVersionManager (AbstractLayoutVersionManager.java:init(83)) - Initializing Layout version manager with metadata layout = DATANODE_SCHEMA_V3 (version = 4), software layout = DATANODE_SCHEMA_V3 (version = 4)
2022-11-10 07:14:12,224 [Listener at 127.0.0.1/32813] INFO  reflections.Reflections (Reflections.java:scan(232)) - Reflections took 42 ms to scan 7 urls, producing 139 keys and 336 values 
2022-11-10 07:14:12,226 [Listener at 127.0.0.1/32813] INFO  statemachine.DatanodeStateMachine (DatanodeStateMachine.java:getEndPointTaskThreadPoolSize(245)) - Datanode State Machine Task Thread Pool size 2
2022-11-10 07:14:12,228 [Listener at 127.0.0.1/32813] INFO  volume.HddsVolume (HddsVolume.java:<init>(117)) - Creating HddsVolume: /home/runner/work/ozone/ozone/hadoop-ozone/integration-test/target/test-dir/MiniOzoneClusterImpl-d14c70f5-e14b-41c6-a13f-e3ca6c51505f/datanode-4/data-0/containers/hdds of storage type : DISK capacity : 9223372036854775807
2022-11-10 07:14:12,228 [Listener at 127.0.0.1/32813] INFO  volume.MutableVolumeSet (MutableVolumeSet.java:initializeVolumeSet(174)) - Added Volume : /home/runner/work/ozone/ozone/hadoop-ozone/integration-test/target/test-dir/MiniOzoneClusterImpl-d14c70f5-e14b-41c6-a13f-e3ca6c51505f/datanode-4/data-0/containers/hdds to VolumeSet
2022-11-10 07:14:12,228 [Listener at 127.0.0.1/32813] INFO  volume.ThrottledAsyncChecker (ThrottledAsyncChecker.java:schedule(141)) - Scheduling a check for /home/runner/work/ozone/ozone/hadoop-ozone/integration-test/target/test-dir/MiniOzoneClusterImpl-d14c70f5-e14b-41c6-a13f-e3ca6c51505f/datanode-4/data-0/containers/hdds
2022-11-10 07:14:12,229 [Listener at 127.0.0.1/32813] INFO  volume.StorageVolumeChecker (StorageVolumeChecker.java:checkAllVolumes(202)) - Scheduled health check for volume /home/runner/work/ozone/ozone/hadoop-ozone/integration-test/target/test-dir/MiniOzoneClusterImpl-d14c70f5-e14b-41c6-a13f-e3ca6c51505f/datanode-4/data-0/containers/hdds
2022-11-10 07:14:12,240 [Listener at 127.0.0.1/32813] INFO  volume.MutableVolumeSet (MutableVolumeSet.java:initializeVolumeSet(174)) - Added Volume : /home/runner/work/ozone/ozone/hadoop-ozone/integration-test/target/test-dir/MiniOzoneClusterImpl-d14c70f5-e14b-41c6-a13f-e3ca6c51505f/datanode-4/data/ratis to VolumeSet
2022-11-10 07:14:12,240 [Listener at 127.0.0.1/32813] INFO  volume.ThrottledAsyncChecker (ThrottledAsyncChecker.java:schedule(141)) - Scheduling a check for /home/runner/work/ozone/ozone/hadoop-ozone/integration-test/target/test-dir/MiniOzoneClusterImpl-d14c70f5-e14b-41c6-a13f-e3ca6c51505f/datanode-4/data/ratis
2022-11-10 07:14:12,240 [Listener at 127.0.0.1/32813] INFO  volume.StorageVolumeChecker (StorageVolumeChecker.java:checkAllVolumes(202)) - Scheduled health check for volume /home/runner/work/ozone/ozone/hadoop-ozone/integration-test/target/test-dir/MiniOzoneClusterImpl-d14c70f5-e14b-41c6-a13f-e3ca6c51505f/datanode-4/data/ratis
2022-11-10 07:14:12,251 [Thread-190] INFO  ozoneimpl.ContainerReader (ContainerReader.java:readVolume(175)) - Finish verifying containers on volume /home/runner/work/ozone/ozone/hadoop-ozone/integration-test/target/test-dir/MiniOzoneClusterImpl-d14c70f5-e14b-41c6-a13f-e3ca6c51505f/datanode-4/data-0/containers/hdds
2022-11-10 07:14:12,251 [Listener at 127.0.0.1/32813] INFO  ozoneimpl.OzoneContainer (OzoneContainer.java:buildContainerSet(300)) - Build ContainerSet costs 0s
2022-11-10 07:14:12,253 [Listener at 127.0.0.1/32813] INFO  server.RaftServer (ConfUtils.java:logGet(46)) - raft.rpc.type = GRPC (default)
2022-11-10 07:14:12,254 [Listener at 127.0.0.1/32813] INFO  grpc.GrpcConfigKeys (ConfUtils.java:logFallback(53)) - raft.grpc.admin.host = null (fallback to raft.grpc.server.host)
2022-11-10 07:14:12,254 [Listener at 127.0.0.1/32813] INFO  grpc.GrpcConfigKeys (ConfUtils.java:logGet(46)) - raft.grpc.admin.port = 0 (custom)
2022-11-10 07:14:12,254 [Listener at 127.0.0.1/32813] INFO  grpc.GrpcConfigKeys (ConfUtils.java:logFallback(53)) - raft.grpc.client.host = null (fallback to raft.grpc.server.host)
2022-11-10 07:14:12,254 [Listener at 127.0.0.1/32813] INFO  grpc.GrpcConfigKeys (ConfUtils.java:logGet(46)) - raft.grpc.client.port = 0 (custom)
2022-11-10 07:14:12,254 [Listener at 127.0.0.1/32813] INFO  grpc.GrpcConfigKeys (ConfUtils.java:logGet(46)) - raft.grpc.server.host = null (default)
2022-11-10 07:14:12,254 [Listener at 127.0.0.1/32813] INFO  grpc.GrpcConfigKeys (ConfUtils.java:logGet(46)) - raft.grpc.server.port = 0 (default)
2022-11-10 07:14:12,254 [Listener at 127.0.0.1/32813] INFO  server.GrpcService (ConfUtils.java:logGet(46)) - raft.grpc.message.size.max = 32MB (=33554432) (custom)
2022-11-10 07:14:12,255 [Listener at 127.0.0.1/32813] INFO  server.RaftServerConfigKeys (ConfUtils.java:logGet(46)) - raft.server.log.appender.buffer.byte-limit = 33554432 (custom)
2022-11-10 07:14:12,255 [Listener at 127.0.0.1/32813] INFO  server.GrpcService (ConfUtils.java:logGet(46)) - raft.grpc.flow.control.window = 5MB (=5242880) (custom)
2022-11-10 07:14:12,255 [Listener at 127.0.0.1/32813] INFO  server.RaftServerConfigKeys (ConfUtils.java:logGet(46)) - raft.server.rpc.request.timeout = 60s (custom)
2022-11-10 07:14:12,255 [Listener at 127.0.0.1/32813] INFO  grpc.GrpcConfigKeys (ConfUtils.java:logGet(46)) - raft.grpc.server.heartbeat.channel = true (default)
2022-11-10 07:14:12,255 [Listener at 127.0.0.1/32813] INFO  grpc.GrpcConfigKeys (ConfUtils.java:logGet(46)) - raft.grpc.server.async.request.thread.pool.cached = true (default)
2022-11-10 07:14:12,255 [Listener at 127.0.0.1/32813] INFO  grpc.GrpcConfigKeys (ConfUtils.java:logGet(46)) - raft.grpc.server.async.request.thread.pool.size = 32 (default)
2022-11-10 07:14:12,256 [Listener at 127.0.0.1/32813] INFO  impl.DataStreamServerImpl (ConfUtils.java:logGet(46)) - raft.datastream.type = DISABLED (default)
2022-11-10 07:14:12,257 [Listener at 127.0.0.1/32813] INFO  server.RaftServerConfigKeys (ConfUtils.java:logGet(46)) - raft.server.threadpool.proxy.cached = true (default)
2022-11-10 07:14:12,257 [Listener at 127.0.0.1/32813] INFO  server.RaftServerConfigKeys (ConfUtils.java:logGet(46)) - raft.server.threadpool.proxy.size = 0 (default)
2022-11-10 07:14:12,257 [Listener at 127.0.0.1/32813] INFO  server.RaftServerConfigKeys (ConfUtils.java:logGet(46)) - raft.server.rpc.slowness.timeout = 300s (custom)
2022-11-10 07:14:12,257 [Listener at 127.0.0.1/32813] INFO  server.RaftServerConfigKeys (ConfUtils.java:logGet(46)) - raft.server.leaderelection.leader.step-down.wait-time = 10s (default)
2022-11-10 07:14:12,257 [Listener at 127.0.0.1/32813] INFO  server.RaftServerConfigKeys (ConfUtils.java:logGet(46)) - raft.server.storage.dir = [/home/runner/work/ozone/ozone/hadoop-ozone/integration-test/target/test-dir/MiniOzoneClusterImpl-d14c70f5-e14b-41c6-a13f-e3ca6c51505f/datanode-4/data/ratis] (custom)
2022-11-10 07:14:12,259 [Listener at 127.0.0.1/32813] INFO  server.XceiverServerGrpc (XceiverServerGrpc.java:<init>(132)) - GrpcServer channel type EpollServerSocketChannel
2022-11-10 07:14:12,262 [Listener at 127.0.0.1/32813] INFO  http.BaseHttpServer (BaseHttpServer.java:newHttpServer2BuilderForOzone(213)) - Starting Web-server for hddsDatanode at: http://0.0.0.0:0
2022-11-10 07:14:12,262 [Listener at 127.0.0.1/32813] INFO  http.BaseHttpServer (BaseHttpServer.java:<init>(108)) - Hadoop Security Enabled: false Ozone Security Enabled: false Ozone HTTP Security Enabled: false 
2022-11-10 07:14:12,263 [Listener at 127.0.0.1/32813] WARN  server.AuthenticationFilter (AuthenticationFilter.java:constructSecretProvider(240)) - Unable to initialize FileSignerSecretProvider, falling back to use random secrets. Reason: Could not read signature secret file: /home/runner/hadoop-http-auth-signature-secret
2022-11-10 07:14:12,264 [Listener at 127.0.0.1/32813] WARN  http.HttpRequestLog (HttpRequestLog.java:getRequestLog(103)) - Jetty request log can only be enabled using Log4j
2022-11-10 07:14:12,265 [Listener at 127.0.0.1/32813] INFO  http.HttpServer2 (HttpServer2.java:addGlobalFilter(1031)) - Added global filter 'safety' (class=org.apache.hadoop.hdds.server.http.HttpServer2$QuotingInputFilter)
2022-11-10 07:14:12,266 [Listener at 127.0.0.1/32813] INFO  http.HttpServer2 (HttpServer2.java:addFilter(1007)) - Added filter static_user_filter (class=org.apache.hadoop.http.lib.StaticUserWebFilter$StaticUserFilter) to context hddsDatanode
2022-11-10 07:14:12,266 [Listener at 127.0.0.1/32813] INFO  http.HttpServer2 (HttpServer2.java:addFilter(1015)) - Added filter static_user_filter (class=org.apache.hadoop.http.lib.StaticUserWebFilter$StaticUserFilter) to context logs
2022-11-10 07:14:12,266 [Listener at 127.0.0.1/32813] INFO  http.HttpServer2 (HttpServer2.java:addFilter(1015)) - Added filter static_user_filter (class=org.apache.hadoop.http.lib.StaticUserWebFilter$StaticUserFilter) to context static
2022-11-10 07:14:12,267 [Listener at 127.0.0.1/32813] INFO  http.HttpServer2 (HttpServer2.java:bindListener(1250)) - Jetty bound to port 40757
2022-11-10 07:14:12,267 [Listener at 127.0.0.1/32813] INFO  server.Server (Server.java:doStart(375)) - jetty-9.4.49.v20220914; built: 2022-09-14T01:07:36.601Z; git: 4231a3b2e4cb8548a412a789936d640a97b1aa0a; jvm 1.8.0_345-b01
2022-11-10 07:14:12,291 [Listener at 127.0.0.1/32813] INFO  server.session (DefaultSessionIdManager.java:doStart(334)) - DefaultSessionIdManager workerName=node0
2022-11-10 07:14:12,291 [Listener at 127.0.0.1/32813] INFO  server.session (DefaultSessionIdManager.java:doStart(339)) - No SessionScavenger set, using defaults
2022-11-10 07:14:12,291 [Listener at 127.0.0.1/32813] INFO  server.session (HouseKeeper.java:startScavenging(132)) - node0 Scavenging every 600000ms
2022-11-10 07:14:12,292 [Listener at 127.0.0.1/32813] INFO  handler.ContextHandler (ContextHandler.java:doStart(921)) - Started o.e.j.s.ServletContextHandler@5e1c2cff{logs,/logs,file:///home/runner/work/ozone/ozone/hadoop-ozone/integration-test/target/log,AVAILABLE}
2022-11-10 07:14:12,293 [Listener at 127.0.0.1/32813] INFO  handler.ContextHandler (ContextHandler.java:doStart(921)) - Started o.e.j.s.ServletContextHandler@6bf1b075{static,/static,jar:file:/home/runner/.m2/repository/org/apache/ozone/hdds-container-service/1.3.0-SNAPSHOT/hdds-container-service-1.3.0-SNAPSHOT.jar!/webapps/static,AVAILABLE}
2022-11-10 07:14:12,462 [Listener at 127.0.0.1/32813] INFO  handler.ContextHandler (ContextHandler.java:doStart(921)) - Started o.e.j.w.WebAppContext@1b1f1ee4{hddsDatanode,/,file:///tmp/jetty-0_0_0_0-40757-hdds-container-service-1_3_0-SNAPSHOT_jar-_-any-6873484051882995537/webapp/,AVAILABLE}{jar:file:/home/runner/.m2/repository/org/apache/ozone/hdds-container-service/1.3.0-SNAPSHOT/hdds-container-service-1.3.0-SNAPSHOT.jar!/webapps/hddsDatanode}
2022-11-10 07:14:12,464 [Listener at 127.0.0.1/32813] INFO  server.AbstractConnector (AbstractConnector.java:doStart(333)) - Started ServerConnector@1a3a1b59{HTTP/1.1, (http/1.1)}{0.0.0.0:40757}
2022-11-10 07:14:12,464 [Listener at 127.0.0.1/32813] INFO  server.Server (Server.java:doStart(415)) - Started @9944ms
2022-11-10 07:14:12,464 [Listener at 127.0.0.1/32813] WARN  impl.MetricsSystemImpl (MetricsSystemImpl.java:register(279)) - Sink prometheus already exists!
2022-11-10 07:14:12,465 [Listener at 127.0.0.1/32813] INFO  http.BaseHttpServer (BaseHttpServer.java:updateConnectorAddress(333)) - HTTP server of hddsDatanode listening at http://0.0.0.0:40757
2022-11-10 07:14:12,467 [Listener at 127.0.0.1/32813] WARN  impl.MetricRegistriesImpl (MetricRegistriesImpl.java:addReporterRegistration(111)) - New reporters are added after registries were created. Some metrics will be missing from the reporter. Please add reporter before adding any new registry.
2022-11-10 07:14:12,467 [Listener at 127.0.0.1/32813] WARN  impl.MetricRegistriesImpl (MetricRegistriesImpl.java:addReporterRegistration(111)) - New reporters are added after registries were created. Some metrics will be missing from the reporter. Please add reporter before adding any new registry.
2022-11-10 07:14:12,467 [Listener at 127.0.0.1/32813] INFO  impl.MetricsSystemImpl (MetricsSystemImpl.java:init(158)) - HddsDatanode metrics system started (again)
2022-11-10 07:14:12,472 [Datanode State Machine Daemon Thread] INFO  statemachine.DatanodeStateMachine (DatanodeStateMachine.java:lambda$startDaemon$0(505)) - Ozone container server started.
2022-11-10 07:14:12,486 [org.apache.hadoop.util.JvmPauseMonitor$Monitor@44006d77] INFO  util.JvmPauseMonitor (JvmPauseMonitor.java:run(188)) - Starting JVM pause monitor
2022-11-10 07:14:12,493 [Datanode State Machine Task Thread - 0] INFO  datanode.InitDatanodeState (InitDatanodeState.java:persistContainerDatanodeDetails(138)) - DatanodeDetails is persisted to /home/runner/work/ozone/ozone/hadoop-ozone/integration-test/target/test-dir/MiniOzoneClusterImpl-d14c70f5-e14b-41c6-a13f-e3ca6c51505f/datanode-4/meta/datanode.id
2022-11-10 07:14:12,494 [Listener at 127.0.0.1/32813] INFO  ozone.HddsDatanodeService (HddsDatanodeService.java:start(236)) - HddsDatanodeService host:fv-az435-205.hcxxyugg5vdudo0mn2smve0l3g.cx.internal.cloudapp.net ip:10.1.0.59
2022-11-10 07:14:12,526 [Listener at 127.0.0.1/32813] INFO  upgrade.AbstractLayoutVersionManager (AbstractLayoutVersionManager.java:init(83)) - Initializing Layout version manager with metadata layout = DATANODE_SCHEMA_V3 (version = 4), software layout = DATANODE_SCHEMA_V3 (version = 4)
2022-11-10 07:14:12,573 [Listener at 127.0.0.1/32813] INFO  reflections.Reflections (Reflections.java:scan(232)) - Reflections took 46 ms to scan 7 urls, producing 139 keys and 336 values 
2022-11-10 07:14:12,577 [Listener at 127.0.0.1/32813] INFO  statemachine.DatanodeStateMachine (DatanodeStateMachine.java:getEndPointTaskThreadPoolSize(245)) - Datanode State Machine Task Thread Pool size 2
2022-11-10 07:14:12,580 [Listener at 127.0.0.1/32813] INFO  volume.HddsVolume (HddsVolume.java:<init>(117)) - Creating HddsVolume: /home/runner/work/ozone/ozone/hadoop-ozone/integration-test/target/test-dir/MiniOzoneClusterImpl-d14c70f5-e14b-41c6-a13f-e3ca6c51505f/datanode-5/data-0/containers/hdds of storage type : DISK capacity : 9223372036854775807
2022-11-10 07:14:12,580 [Listener at 127.0.0.1/32813] INFO  volume.MutableVolumeSet (MutableVolumeSet.java:initializeVolumeSet(174)) - Added Volume : /home/runner/work/ozone/ozone/hadoop-ozone/integration-test/target/test-dir/MiniOzoneClusterImpl-d14c70f5-e14b-41c6-a13f-e3ca6c51505f/datanode-5/data-0/containers/hdds to VolumeSet
2022-11-10 07:14:12,581 [Listener at 127.0.0.1/32813] INFO  volume.ThrottledAsyncChecker (ThrottledAsyncChecker.java:schedule(141)) - Scheduling a check for /home/runner/work/ozone/ozone/hadoop-ozone/integration-test/target/test-dir/MiniOzoneClusterImpl-d14c70f5-e14b-41c6-a13f-e3ca6c51505f/datanode-5/data-0/containers/hdds
2022-11-10 07:14:12,587 [Listener at 127.0.0.1/32813] INFO  volume.StorageVolumeChecker (StorageVolumeChecker.java:checkAllVolumes(202)) - Scheduled health check for volume /home/runner/work/ozone/ozone/hadoop-ozone/integration-test/target/test-dir/MiniOzoneClusterImpl-d14c70f5-e14b-41c6-a13f-e3ca6c51505f/datanode-5/data-0/containers/hdds
2022-11-10 07:14:12,599 [Listener at 127.0.0.1/32813] INFO  volume.MutableVolumeSet (MutableVolumeSet.java:initializeVolumeSet(174)) - Added Volume : /home/runner/work/ozone/ozone/hadoop-ozone/integration-test/target/test-dir/MiniOzoneClusterImpl-d14c70f5-e14b-41c6-a13f-e3ca6c51505f/datanode-5/data/ratis to VolumeSet
2022-11-10 07:14:12,600 [Listener at 127.0.0.1/32813] INFO  volume.ThrottledAsyncChecker (ThrottledAsyncChecker.java:schedule(141)) - Scheduling a check for /home/runner/work/ozone/ozone/hadoop-ozone/integration-test/target/test-dir/MiniOzoneClusterImpl-d14c70f5-e14b-41c6-a13f-e3ca6c51505f/datanode-5/data/ratis
2022-11-10 07:14:12,600 [Listener at 127.0.0.1/32813] INFO  volume.StorageVolumeChecker (StorageVolumeChecker.java:checkAllVolumes(202)) - Scheduled health check for volume /home/runner/work/ozone/ozone/hadoop-ozone/integration-test/target/test-dir/MiniOzoneClusterImpl-d14c70f5-e14b-41c6-a13f-e3ca6c51505f/datanode-5/data/ratis
2022-11-10 07:14:12,613 [Thread-203] INFO  ozoneimpl.ContainerReader (ContainerReader.java:readVolume(175)) - Finish verifying containers on volume /home/runner/work/ozone/ozone/hadoop-ozone/integration-test/target/test-dir/MiniOzoneClusterImpl-d14c70f5-e14b-41c6-a13f-e3ca6c51505f/datanode-5/data-0/containers/hdds
2022-11-10 07:14:12,613 [Listener at 127.0.0.1/32813] INFO  ozoneimpl.OzoneContainer (OzoneContainer.java:buildContainerSet(300)) - Build ContainerSet costs 0s
2022-11-10 07:14:12,619 [Listener at 127.0.0.1/32813] INFO  server.RaftServer (ConfUtils.java:logGet(46)) - raft.rpc.type = GRPC (default)
2022-11-10 07:14:12,620 [Listener at 127.0.0.1/32813] INFO  grpc.GrpcConfigKeys (ConfUtils.java:logFallback(53)) - raft.grpc.admin.host = null (fallback to raft.grpc.server.host)
2022-11-10 07:14:12,620 [Listener at 127.0.0.1/32813] INFO  grpc.GrpcConfigKeys (ConfUtils.java:logGet(46)) - raft.grpc.admin.port = 0 (custom)
2022-11-10 07:14:12,620 [Listener at 127.0.0.1/32813] INFO  grpc.GrpcConfigKeys (ConfUtils.java:logFallback(53)) - raft.grpc.client.host = null (fallback to raft.grpc.server.host)
2022-11-10 07:14:12,621 [Listener at 127.0.0.1/32813] INFO  grpc.GrpcConfigKeys (ConfUtils.java:logGet(46)) - raft.grpc.client.port = 0 (custom)
2022-11-10 07:14:12,622 [Listener at 127.0.0.1/32813] INFO  grpc.GrpcConfigKeys (ConfUtils.java:logGet(46)) - raft.grpc.server.host = null (default)
2022-11-10 07:14:12,622 [Listener at 127.0.0.1/32813] INFO  grpc.GrpcConfigKeys (ConfUtils.java:logGet(46)) - raft.grpc.server.port = 0 (default)
2022-11-10 07:14:12,622 [Listener at 127.0.0.1/32813] INFO  server.GrpcService (ConfUtils.java:logGet(46)) - raft.grpc.message.size.max = 32MB (=33554432) (custom)
2022-11-10 07:14:12,622 [Listener at 127.0.0.1/32813] INFO  server.RaftServerConfigKeys (ConfUtils.java:logGet(46)) - raft.server.log.appender.buffer.byte-limit = 33554432 (custom)
2022-11-10 07:14:12,622 [Listener at 127.0.0.1/32813] INFO  server.GrpcService (ConfUtils.java:logGet(46)) - raft.grpc.flow.control.window = 5MB (=5242880) (custom)
2022-11-10 07:14:12,623 [Listener at 127.0.0.1/32813] INFO  server.RaftServerConfigKeys (ConfUtils.java:logGet(46)) - raft.server.rpc.request.timeout = 60s (custom)
2022-11-10 07:14:12,623 [Listener at 127.0.0.1/32813] INFO  grpc.GrpcConfigKeys (ConfUtils.java:logGet(46)) - raft.grpc.server.heartbeat.channel = true (default)
2022-11-10 07:14:12,623 [Listener at 127.0.0.1/32813] INFO  grpc.GrpcConfigKeys (ConfUtils.java:logGet(46)) - raft.grpc.server.async.request.thread.pool.cached = true (default)
2022-11-10 07:14:12,623 [Listener at 127.0.0.1/32813] INFO  grpc.GrpcConfigKeys (ConfUtils.java:logGet(46)) - raft.grpc.server.async.request.thread.pool.size = 32 (default)
2022-11-10 07:14:12,624 [Listener at 127.0.0.1/32813] INFO  impl.DataStreamServerImpl (ConfUtils.java:logGet(46)) - raft.datastream.type = DISABLED (default)
2022-11-10 07:14:12,625 [Listener at 127.0.0.1/32813] INFO  server.RaftServerConfigKeys (ConfUtils.java:logGet(46)) - raft.server.threadpool.proxy.cached = true (default)
2022-11-10 07:14:12,625 [Listener at 127.0.0.1/32813] INFO  server.RaftServerConfigKeys (ConfUtils.java:logGet(46)) - raft.server.threadpool.proxy.size = 0 (default)
2022-11-10 07:14:12,625 [Listener at 127.0.0.1/32813] INFO  server.RaftServerConfigKeys (ConfUtils.java:logGet(46)) - raft.server.rpc.slowness.timeout = 300s (custom)
2022-11-10 07:14:12,625 [Listener at 127.0.0.1/32813] INFO  server.RaftServerConfigKeys (ConfUtils.java:logGet(46)) - raft.server.leaderelection.leader.step-down.wait-time = 10s (default)
2022-11-10 07:14:12,625 [Listener at 127.0.0.1/32813] INFO  server.RaftServerConfigKeys (ConfUtils.java:logGet(46)) - raft.server.storage.dir = [/home/runner/work/ozone/ozone/hadoop-ozone/integration-test/target/test-dir/MiniOzoneClusterImpl-d14c70f5-e14b-41c6-a13f-e3ca6c51505f/datanode-5/data/ratis] (custom)
2022-11-10 07:14:12,627 [Listener at 127.0.0.1/32813] INFO  server.XceiverServerGrpc (XceiverServerGrpc.java:<init>(132)) - GrpcServer channel type EpollServerSocketChannel
2022-11-10 07:14:12,631 [Listener at 127.0.0.1/32813] INFO  http.BaseHttpServer (BaseHttpServer.java:newHttpServer2BuilderForOzone(213)) - Starting Web-server for hddsDatanode at: http://0.0.0.0:0
2022-11-10 07:14:12,631 [Listener at 127.0.0.1/32813] INFO  http.BaseHttpServer (BaseHttpServer.java:<init>(108)) - Hadoop Security Enabled: false Ozone Security Enabled: false Ozone HTTP Security Enabled: false 
2022-11-10 07:14:12,632 [Listener at 127.0.0.1/32813] WARN  server.AuthenticationFilter (AuthenticationFilter.java:constructSecretProvider(240)) - Unable to initialize FileSignerSecretProvider, falling back to use random secrets. Reason: Could not read signature secret file: /home/runner/hadoop-http-auth-signature-secret
2022-11-10 07:14:12,633 [Listener at 127.0.0.1/32813] WARN  http.HttpRequestLog (HttpRequestLog.java:getRequestLog(103)) - Jetty request log can only be enabled using Log4j
2022-11-10 07:14:12,634 [Listener at 127.0.0.1/32813] INFO  http.HttpServer2 (HttpServer2.java:addGlobalFilter(1031)) - Added global filter 'safety' (class=org.apache.hadoop.hdds.server.http.HttpServer2$QuotingInputFilter)
2022-11-10 07:14:12,636 [Listener at 127.0.0.1/32813] INFO  http.HttpServer2 (HttpServer2.java:addFilter(1007)) - Added filter static_user_filter (class=org.apache.hadoop.http.lib.StaticUserWebFilter$StaticUserFilter) to context hddsDatanode
2022-11-10 07:14:12,636 [Listener at 127.0.0.1/32813] INFO  http.HttpServer2 (HttpServer2.java:addFilter(1015)) - Added filter static_user_filter (class=org.apache.hadoop.http.lib.StaticUserWebFilter$StaticUserFilter) to context logs
2022-11-10 07:14:12,636 [Listener at 127.0.0.1/32813] INFO  http.HttpServer2 (HttpServer2.java:addFilter(1015)) - Added filter static_user_filter (class=org.apache.hadoop.http.lib.StaticUserWebFilter$StaticUserFilter) to context static
2022-11-10 07:14:12,637 [Listener at 127.0.0.1/32813] INFO  http.HttpServer2 (HttpServer2.java:bindListener(1250)) - Jetty bound to port 44825
2022-11-10 07:14:12,637 [Listener at 127.0.0.1/32813] INFO  server.Server (Server.java:doStart(375)) - jetty-9.4.49.v20220914; built: 2022-09-14T01:07:36.601Z; git: 4231a3b2e4cb8548a412a789936d640a97b1aa0a; jvm 1.8.0_345-b01
2022-11-10 07:14:12,639 [Listener at 127.0.0.1/32813] INFO  server.session (DefaultSessionIdManager.java:doStart(334)) - DefaultSessionIdManager workerName=node0
2022-11-10 07:14:12,639 [Listener at 127.0.0.1/32813] INFO  server.session (DefaultSessionIdManager.java:doStart(339)) - No SessionScavenger set, using defaults
2022-11-10 07:14:12,639 [Listener at 127.0.0.1/32813] INFO  server.session (HouseKeeper.java:startScavenging(132)) - node0 Scavenging every 600000ms
2022-11-10 07:14:12,640 [Listener at 127.0.0.1/32813] INFO  handler.ContextHandler (ContextHandler.java:doStart(921)) - Started o.e.j.s.ServletContextHandler@3a6a0909{logs,/logs,file:///home/runner/work/ozone/ozone/hadoop-ozone/integration-test/target/log,AVAILABLE}
2022-11-10 07:14:12,641 [Listener at 127.0.0.1/32813] INFO  handler.ContextHandler (ContextHandler.java:doStart(921)) - Started o.e.j.s.ServletContextHandler@25240d08{static,/static,jar:file:/home/runner/.m2/repository/org/apache/ozone/hdds-container-service/1.3.0-SNAPSHOT/hdds-container-service-1.3.0-SNAPSHOT.jar!/webapps/static,AVAILABLE}
2022-11-10 07:14:12,807 [Listener at 127.0.0.1/32813] INFO  handler.ContextHandler (ContextHandler.java:doStart(921)) - Started o.e.j.w.WebAppContext@68876a1a{hddsDatanode,/,file:///tmp/jetty-0_0_0_0-44825-hdds-container-service-1_3_0-SNAPSHOT_jar-_-any-1886542131763635291/webapp/,AVAILABLE}{jar:file:/home/runner/.m2/repository/org/apache/ozone/hdds-container-service/1.3.0-SNAPSHOT/hdds-container-service-1.3.0-SNAPSHOT.jar!/webapps/hddsDatanode}
2022-11-10 07:14:12,809 [Listener at 127.0.0.1/32813] INFO  server.AbstractConnector (AbstractConnector.java:doStart(333)) - Started ServerConnector@6a05f8d0{HTTP/1.1, (http/1.1)}{0.0.0.0:44825}
2022-11-10 07:14:12,809 [Listener at 127.0.0.1/32813] INFO  server.Server (Server.java:doStart(415)) - Started @10289ms
2022-11-10 07:14:12,809 [Listener at 127.0.0.1/32813] WARN  impl.MetricsSystemImpl (MetricsSystemImpl.java:register(279)) - Sink prometheus already exists!
2022-11-10 07:14:12,810 [Listener at 127.0.0.1/32813] INFO  http.BaseHttpServer (BaseHttpServer.java:updateConnectorAddress(333)) - HTTP server of hddsDatanode listening at http://0.0.0.0:44825
2022-11-10 07:14:12,813 [Listener at 127.0.0.1/32813] INFO  ozone.MiniOzoneClusterImpl (MiniOzoneClusterImpl.java:lambda$waitForClusterToBeReady$0(216)) - Waiting for nodes to be ready. Got 0 of 6 DN Heartbeats.
2022-11-10 07:14:12,813 [Listener at 127.0.0.1/32813] INFO  ozone.MiniOzoneClusterImpl (MiniOzoneClusterImpl.java:lambda$waitForClusterToBeReady$0(219)) - Waiting for cluster to exit safe mode
2022-11-10 07:14:12,813 [Listener at 127.0.0.1/32813] INFO  ozone.MiniOzoneClusterImpl (MiniOzoneClusterImpl.java:lambda$waitForClusterToBeReady$0(221)) - SCM became leader
2022-11-10 07:14:12,813 [Datanode State Machine Daemon Thread] INFO  statemachine.DatanodeStateMachine (DatanodeStateMachine.java:lambda$startDaemon$0(505)) - Ozone container server started.
2022-11-10 07:14:12,840 [org.apache.hadoop.util.JvmPauseMonitor$Monitor@35ff0b35] INFO  util.JvmPauseMonitor (JvmPauseMonitor.java:run(188)) - Starting JVM pause monitor
2022-11-10 07:14:12,843 [Datanode State Machine Task Thread - 0] INFO  datanode.InitDatanodeState (InitDatanodeState.java:persistContainerDatanodeDetails(138)) - DatanodeDetails is persisted to /home/runner/work/ozone/ozone/hadoop-ozone/integration-test/target/test-dir/MiniOzoneClusterImpl-d14c70f5-e14b-41c6-a13f-e3ca6c51505f/datanode-5/meta/datanode.id
2022-11-10 07:14:12,933 [EndpointStateMachine task thread for /0.0.0.0:45735 - 0 ] INFO  utils.DatanodeStoreCache (DatanodeStoreCache.java:addDB(58)) - Added db /home/runner/work/ozone/ozone/hadoop-ozone/integration-test/target/test-dir/MiniOzoneClusterImpl-d14c70f5-e14b-41c6-a13f-e3ca6c51505f/datanode-0/data-0/containers/hdds/d14c70f5-e14b-41c6-a13f-e3ca6c51505f/DS-8b83cce5-dad9-4b54-bf53-d9d290ad395e/container.db to cache
2022-11-10 07:14:12,934 [EndpointStateMachine task thread for /0.0.0.0:45735 - 0 ] INFO  volume.HddsVolume (HddsVolume.java:createDbStore(307)) - SchemaV3 db is created and loaded at /home/runner/work/ozone/ozone/hadoop-ozone/integration-test/target/test-dir/MiniOzoneClusterImpl-d14c70f5-e14b-41c6-a13f-e3ca6c51505f/datanode-0/data-0/containers/hdds/d14c70f5-e14b-41c6-a13f-e3ca6c51505f/DS-8b83cce5-dad9-4b54-bf53-d9d290ad395e/container.db for volume DS-8b83cce5-dad9-4b54-bf53-d9d290ad395e
2022-11-10 07:14:12,935 [EndpointStateMachine task thread for /0.0.0.0:45735 - 0 ] INFO  ozoneimpl.OzoneContainer (OzoneContainer.java:start(378)) - Attempting to start container services.
2022-11-10 07:14:12,937 [EndpointStateMachine task thread for /0.0.0.0:45735 - 0 ] INFO  ozoneimpl.OzoneContainer (OzoneContainer.java:startContainerScrub(313)) - Background container scanner has been disabled.
2022-11-10 07:14:12,938 [EndpointStateMachine task thread for /0.0.0.0:45735 - 0 ] INFO  replication.ReplicationServer (ReplicationServer.java:start(111)) - ReplicationServer is started using port 34127
2022-11-10 07:14:12,941 [EndpointStateMachine task thread for /0.0.0.0:45735 - 0 ] INFO  ratis.XceiverServerRatis (XceiverServerRatis.java:start(481)) - Starting XceiverServerRatis 26c35b0c-04d0-419a-bd9f-9a0c5cb2698b
2022-11-10 07:14:12,947 [EndpointStateMachine task thread for /0.0.0.0:45735 - 0 ] INFO  server.RaftServer (RaftServerProxy.java:startImpl(393)) - 26c35b0c-04d0-419a-bd9f-9a0c5cb2698b: start RPC server
2022-11-10 07:14:12,954 [EndpointStateMachine task thread for /0.0.0.0:45735 - 0 ] INFO  server.GrpcService (GrpcService.java:startImpl(270)) - 26c35b0c-04d0-419a-bd9f-9a0c5cb2698b: GrpcService started, listening on 38927
2022-11-10 07:14:12,955 [EndpointStateMachine task thread for /0.0.0.0:45735 - 0 ] INFO  ratis.XceiverServerRatis (XceiverServerRatis.java:getRealPort(502)) - XceiverServerRatis 26c35b0c-04d0-419a-bd9f-9a0c5cb2698b is started using port 38927 for RATIS
2022-11-10 07:14:12,955 [EndpointStateMachine task thread for /0.0.0.0:45735 - 0 ] INFO  ratis.XceiverServerRatis (XceiverServerRatis.java:getRealPort(502)) - XceiverServerRatis 26c35b0c-04d0-419a-bd9f-9a0c5cb2698b is started using port 38927 for RATIS_ADMIN
2022-11-10 07:14:12,955 [EndpointStateMachine task thread for /0.0.0.0:45735 - 0 ] INFO  ratis.XceiverServerRatis (XceiverServerRatis.java:getRealPort(502)) - XceiverServerRatis 26c35b0c-04d0-419a-bd9f-9a0c5cb2698b is started using port 38927 for RATIS_SERVER
2022-11-10 07:14:12,955 [JvmPauseMonitor1] INFO  util.JvmPauseMonitor (JvmPauseMonitor.java:run(105)) - JvmPauseMonitor-26c35b0c-04d0-419a-bd9f-9a0c5cb2698b: Started
2022-11-10 07:14:12,963 [EndpointStateMachine task thread for /0.0.0.0:45735 - 0 ] INFO  server.XceiverServerGrpc (XceiverServerGrpc.java:start(180)) - XceiverServerGrpc 26c35b0c-04d0-419a-bd9f-9a0c5cb2698b is started using port 38137
2022-11-10 07:14:13,330 [EndpointStateMachine task thread for /0.0.0.0:45735 - 0 ] INFO  utils.DatanodeStoreCache (DatanodeStoreCache.java:addDB(58)) - Added db /home/runner/work/ozone/ozone/hadoop-ozone/integration-test/target/test-dir/MiniOzoneClusterImpl-d14c70f5-e14b-41c6-a13f-e3ca6c51505f/datanode-1/data-0/containers/hdds/d14c70f5-e14b-41c6-a13f-e3ca6c51505f/DS-949c8d0f-8ab5-4f11-9ea9-353990432570/container.db to cache
2022-11-10 07:14:13,330 [EndpointStateMachine task thread for /0.0.0.0:45735 - 0 ] INFO  volume.HddsVolume (HddsVolume.java:createDbStore(307)) - SchemaV3 db is created and loaded at /home/runner/work/ozone/ozone/hadoop-ozone/integration-test/target/test-dir/MiniOzoneClusterImpl-d14c70f5-e14b-41c6-a13f-e3ca6c51505f/datanode-1/data-0/containers/hdds/d14c70f5-e14b-41c6-a13f-e3ca6c51505f/DS-949c8d0f-8ab5-4f11-9ea9-353990432570/container.db for volume DS-949c8d0f-8ab5-4f11-9ea9-353990432570
2022-11-10 07:14:13,330 [EndpointStateMachine task thread for /0.0.0.0:45735 - 0 ] INFO  ozoneimpl.OzoneContainer (OzoneContainer.java:start(378)) - Attempting to start container services.
2022-11-10 07:14:13,330 [EndpointStateMachine task thread for /0.0.0.0:45735 - 0 ] INFO  ozoneimpl.OzoneContainer (OzoneContainer.java:startContainerScrub(313)) - Background container scanner has been disabled.
2022-11-10 07:14:13,332 [EndpointStateMachine task thread for /0.0.0.0:45735 - 0 ] INFO  replication.ReplicationServer (ReplicationServer.java:start(111)) - ReplicationServer is started using port 33231
2022-11-10 07:14:13,335 [EndpointStateMachine task thread for /0.0.0.0:45735 - 0 ] INFO  ratis.XceiverServerRatis (XceiverServerRatis.java:start(481)) - Starting XceiverServerRatis 35d6043c-a711-468a-a34c-4c4022ea36e3
2022-11-10 07:14:13,336 [EndpointStateMachine task thread for /0.0.0.0:45735 - 0 ] INFO  server.RaftServer (RaftServerProxy.java:startImpl(393)) - 35d6043c-a711-468a-a34c-4c4022ea36e3: start RPC server
2022-11-10 07:14:13,338 [EndpointStateMachine task thread for /0.0.0.0:45735 - 0 ] INFO  server.GrpcService (GrpcService.java:startImpl(270)) - 35d6043c-a711-468a-a34c-4c4022ea36e3: GrpcService started, listening on 46313
2022-11-10 07:14:13,338 [JvmPauseMonitor2] INFO  util.JvmPauseMonitor (JvmPauseMonitor.java:run(105)) - JvmPauseMonitor-35d6043c-a711-468a-a34c-4c4022ea36e3: Started
2022-11-10 07:14:13,338 [EndpointStateMachine task thread for /0.0.0.0:45735 - 0 ] INFO  ratis.XceiverServerRatis (XceiverServerRatis.java:getRealPort(502)) - XceiverServerRatis 35d6043c-a711-468a-a34c-4c4022ea36e3 is started using port 46313 for RATIS
2022-11-10 07:14:13,338 [EndpointStateMachine task thread for /0.0.0.0:45735 - 0 ] INFO  ratis.XceiverServerRatis (XceiverServerRatis.java:getRealPort(502)) - XceiverServerRatis 35d6043c-a711-468a-a34c-4c4022ea36e3 is started using port 46313 for RATIS_ADMIN
2022-11-10 07:14:13,338 [EndpointStateMachine task thread for /0.0.0.0:45735 - 0 ] INFO  ratis.XceiverServerRatis (XceiverServerRatis.java:getRealPort(502)) - XceiverServerRatis 35d6043c-a711-468a-a34c-4c4022ea36e3 is started using port 46313 for RATIS_SERVER
2022-11-10 07:14:13,340 [EndpointStateMachine task thread for /0.0.0.0:45735 - 0 ] INFO  server.XceiverServerGrpc (XceiverServerGrpc.java:start(180)) - XceiverServerGrpc 35d6043c-a711-468a-a34c-4c4022ea36e3 is started using port 43309
2022-11-10 07:14:13,811 [EndpointStateMachine task thread for /0.0.0.0:45735 - 0 ] INFO  utils.DatanodeStoreCache (DatanodeStoreCache.java:addDB(58)) - Added db /home/runner/work/ozone/ozone/hadoop-ozone/integration-test/target/test-dir/MiniOzoneClusterImpl-d14c70f5-e14b-41c6-a13f-e3ca6c51505f/datanode-2/data-0/containers/hdds/d14c70f5-e14b-41c6-a13f-e3ca6c51505f/DS-0ca58bf6-4845-4e29-806c-8a44abb79bc6/container.db to cache
2022-11-10 07:14:13,811 [EndpointStateMachine task thread for /0.0.0.0:45735 - 0 ] INFO  volume.HddsVolume (HddsVolume.java:createDbStore(307)) - SchemaV3 db is created and loaded at /home/runner/work/ozone/ozone/hadoop-ozone/integration-test/target/test-dir/MiniOzoneClusterImpl-d14c70f5-e14b-41c6-a13f-e3ca6c51505f/datanode-2/data-0/containers/hdds/d14c70f5-e14b-41c6-a13f-e3ca6c51505f/DS-0ca58bf6-4845-4e29-806c-8a44abb79bc6/container.db for volume DS-0ca58bf6-4845-4e29-806c-8a44abb79bc6
2022-11-10 07:14:13,812 [EndpointStateMachine task thread for /0.0.0.0:45735 - 0 ] INFO  ozoneimpl.OzoneContainer (OzoneContainer.java:start(378)) - Attempting to start container services.
2022-11-10 07:14:13,812 [EndpointStateMachine task thread for /0.0.0.0:45735 - 0 ] INFO  ozoneimpl.OzoneContainer (OzoneContainer.java:startContainerScrub(313)) - Background container scanner has been disabled.
2022-11-10 07:14:13,813 [Listener at 127.0.0.1/32813] INFO  ozone.MiniOzoneClusterImpl (MiniOzoneClusterImpl.java:lambda$waitForClusterToBeReady$0(216)) - Waiting for nodes to be ready. Got 0 of 6 DN Heartbeats.
2022-11-10 07:14:13,813 [Listener at 127.0.0.1/32813] INFO  ozone.MiniOzoneClusterImpl (MiniOzoneClusterImpl.java:lambda$waitForClusterToBeReady$0(219)) - Waiting for cluster to exit safe mode
2022-11-10 07:14:13,814 [Listener at 127.0.0.1/32813] INFO  ozone.MiniOzoneClusterImpl (MiniOzoneClusterImpl.java:lambda$waitForClusterToBeReady$0(221)) - SCM became leader
2022-11-10 07:14:13,819 [EndpointStateMachine task thread for /0.0.0.0:45735 - 0 ] INFO  replication.ReplicationServer (ReplicationServer.java:start(111)) - ReplicationServer is started using port 35585
2022-11-10 07:14:13,819 [EndpointStateMachine task thread for /0.0.0.0:45735 - 0 ] INFO  ratis.XceiverServerRatis (XceiverServerRatis.java:start(481)) - Starting XceiverServerRatis 901bb4f9-d448-4097-b3df-3dc09329cc1b
2022-11-10 07:14:13,820 [EndpointStateMachine task thread for /0.0.0.0:45735 - 0 ] INFO  server.RaftServer (RaftServerProxy.java:startImpl(393)) - 901bb4f9-d448-4097-b3df-3dc09329cc1b: start RPC server
2022-11-10 07:14:13,822 [EndpointStateMachine task thread for /0.0.0.0:45735 - 0 ] INFO  server.GrpcService (GrpcService.java:startImpl(270)) - 901bb4f9-d448-4097-b3df-3dc09329cc1b: GrpcService started, listening on 35703
2022-11-10 07:14:13,822 [EndpointStateMachine task thread for /0.0.0.0:45735 - 0 ] INFO  ratis.XceiverServerRatis (XceiverServerRatis.java:getRealPort(502)) - XceiverServerRatis 901bb4f9-d448-4097-b3df-3dc09329cc1b is started using port 35703 for RATIS
2022-11-10 07:14:13,822 [EndpointStateMachine task thread for /0.0.0.0:45735 - 0 ] INFO  ratis.XceiverServerRatis (XceiverServerRatis.java:getRealPort(502)) - XceiverServerRatis 901bb4f9-d448-4097-b3df-3dc09329cc1b is started using port 35703 for RATIS_ADMIN
2022-11-10 07:14:13,822 [EndpointStateMachine task thread for /0.0.0.0:45735 - 0 ] INFO  ratis.XceiverServerRatis (XceiverServerRatis.java:getRealPort(502)) - XceiverServerRatis 901bb4f9-d448-4097-b3df-3dc09329cc1b is started using port 35703 for RATIS_SERVER
2022-11-10 07:14:13,822 [JvmPauseMonitor3] INFO  util.JvmPauseMonitor (JvmPauseMonitor.java:run(105)) - JvmPauseMonitor-901bb4f9-d448-4097-b3df-3dc09329cc1b: Started
2022-11-10 07:14:13,826 [EndpointStateMachine task thread for /0.0.0.0:45735 - 0 ] INFO  server.XceiverServerGrpc (XceiverServerGrpc.java:start(180)) - XceiverServerGrpc 901bb4f9-d448-4097-b3df-3dc09329cc1b is started using port 35461
2022-11-10 07:14:14,177 [EndpointStateMachine task thread for /0.0.0.0:45735 - 0 ] INFO  utils.DatanodeStoreCache (DatanodeStoreCache.java:addDB(58)) - Added db /home/runner/work/ozone/ozone/hadoop-ozone/integration-test/target/test-dir/MiniOzoneClusterImpl-d14c70f5-e14b-41c6-a13f-e3ca6c51505f/datanode-3/data-0/containers/hdds/d14c70f5-e14b-41c6-a13f-e3ca6c51505f/DS-14287742-9209-48dc-9f4d-59267ebec3e0/container.db to cache
2022-11-10 07:14:14,178 [EndpointStateMachine task thread for /0.0.0.0:45735 - 0 ] INFO  volume.HddsVolume (HddsVolume.java:createDbStore(307)) - SchemaV3 db is created and loaded at /home/runner/work/ozone/ozone/hadoop-ozone/integration-test/target/test-dir/MiniOzoneClusterImpl-d14c70f5-e14b-41c6-a13f-e3ca6c51505f/datanode-3/data-0/containers/hdds/d14c70f5-e14b-41c6-a13f-e3ca6c51505f/DS-14287742-9209-48dc-9f4d-59267ebec3e0/container.db for volume DS-14287742-9209-48dc-9f4d-59267ebec3e0
2022-11-10 07:14:14,178 [EndpointStateMachine task thread for /0.0.0.0:45735 - 0 ] INFO  ozoneimpl.OzoneContainer (OzoneContainer.java:start(378)) - Attempting to start container services.
2022-11-10 07:14:14,178 [EndpointStateMachine task thread for /0.0.0.0:45735 - 0 ] INFO  ozoneimpl.OzoneContainer (OzoneContainer.java:startContainerScrub(313)) - Background container scanner has been disabled.
2022-11-10 07:14:14,180 [EndpointStateMachine task thread for /0.0.0.0:45735 - 0 ] INFO  replication.ReplicationServer (ReplicationServer.java:start(111)) - ReplicationServer is started using port 33257
2022-11-10 07:14:14,180 [EndpointStateMachine task thread for /0.0.0.0:45735 - 0 ] INFO  ratis.XceiverServerRatis (XceiverServerRatis.java:start(481)) - Starting XceiverServerRatis 73d758c7-6b76-4e6e-a3d3-7696fd8c55bd
2022-11-10 07:14:14,181 [EndpointStateMachine task thread for /0.0.0.0:45735 - 0 ] INFO  server.RaftServer (RaftServerProxy.java:startImpl(393)) - 73d758c7-6b76-4e6e-a3d3-7696fd8c55bd: start RPC server
2022-11-10 07:14:14,183 [EndpointStateMachine task thread for /0.0.0.0:45735 - 0 ] INFO  server.GrpcService (GrpcService.java:startImpl(270)) - 73d758c7-6b76-4e6e-a3d3-7696fd8c55bd: GrpcService started, listening on 42647
2022-11-10 07:14:14,183 [EndpointStateMachine task thread for /0.0.0.0:45735 - 0 ] INFO  ratis.XceiverServerRatis (XceiverServerRatis.java:getRealPort(502)) - XceiverServerRatis 73d758c7-6b76-4e6e-a3d3-7696fd8c55bd is started using port 42647 for RATIS
2022-11-10 07:14:14,183 [JvmPauseMonitor4] INFO  util.JvmPauseMonitor (JvmPauseMonitor.java:run(105)) - JvmPauseMonitor-73d758c7-6b76-4e6e-a3d3-7696fd8c55bd: Started
2022-11-10 07:14:14,183 [EndpointStateMachine task thread for /0.0.0.0:45735 - 0 ] INFO  ratis.XceiverServerRatis (XceiverServerRatis.java:getRealPort(502)) - XceiverServerRatis 73d758c7-6b76-4e6e-a3d3-7696fd8c55bd is started using port 42647 for RATIS_ADMIN
2022-11-10 07:14:14,183 [EndpointStateMachine task thread for /0.0.0.0:45735 - 0 ] INFO  ratis.XceiverServerRatis (XceiverServerRatis.java:getRealPort(502)) - XceiverServerRatis 73d758c7-6b76-4e6e-a3d3-7696fd8c55bd is started using port 42647 for RATIS_SERVER
2022-11-10 07:14:14,185 [EndpointStateMachine task thread for /0.0.0.0:45735 - 0 ] INFO  server.XceiverServerGrpc (XceiverServerGrpc.java:start(180)) - XceiverServerGrpc 73d758c7-6b76-4e6e-a3d3-7696fd8c55bd is started using port 41571
2022-11-10 07:14:14,520 [EndpointStateMachine task thread for /0.0.0.0:45735 - 0 ] INFO  utils.DatanodeStoreCache (DatanodeStoreCache.java:addDB(58)) - Added db /home/runner/work/ozone/ozone/hadoop-ozone/integration-test/target/test-dir/MiniOzoneClusterImpl-d14c70f5-e14b-41c6-a13f-e3ca6c51505f/datanode-4/data-0/containers/hdds/d14c70f5-e14b-41c6-a13f-e3ca6c51505f/DS-5e98bbcb-3b73-43fe-a20f-fd83e3dcd4a1/container.db to cache
2022-11-10 07:14:14,521 [EndpointStateMachine task thread for /0.0.0.0:45735 - 0 ] INFO  volume.HddsVolume (HddsVolume.java:createDbStore(307)) - SchemaV3 db is created and loaded at /home/runner/work/ozone/ozone/hadoop-ozone/integration-test/target/test-dir/MiniOzoneClusterImpl-d14c70f5-e14b-41c6-a13f-e3ca6c51505f/datanode-4/data-0/containers/hdds/d14c70f5-e14b-41c6-a13f-e3ca6c51505f/DS-5e98bbcb-3b73-43fe-a20f-fd83e3dcd4a1/container.db for volume DS-5e98bbcb-3b73-43fe-a20f-fd83e3dcd4a1
2022-11-10 07:14:14,521 [EndpointStateMachine task thread for /0.0.0.0:45735 - 0 ] INFO  ozoneimpl.OzoneContainer (OzoneContainer.java:start(378)) - Attempting to start container services.
2022-11-10 07:14:14,521 [EndpointStateMachine task thread for /0.0.0.0:45735 - 0 ] INFO  ozoneimpl.OzoneContainer (OzoneContainer.java:startContainerScrub(313)) - Background container scanner has been disabled.
2022-11-10 07:14:14,523 [EndpointStateMachine task thread for /0.0.0.0:45735 - 0 ] INFO  replication.ReplicationServer (ReplicationServer.java:start(111)) - ReplicationServer is started using port 45567
2022-11-10 07:14:14,524 [EndpointStateMachine task thread for /0.0.0.0:45735 - 0 ] INFO  ratis.XceiverServerRatis (XceiverServerRatis.java:start(481)) - Starting XceiverServerRatis b01711c8-04b4-47a5-9bab-72c84cf7bb6a
2022-11-10 07:14:14,525 [EndpointStateMachine task thread for /0.0.0.0:45735 - 0 ] INFO  server.RaftServer (RaftServerProxy.java:startImpl(393)) - b01711c8-04b4-47a5-9bab-72c84cf7bb6a: start RPC server
2022-11-10 07:14:14,526 [EndpointStateMachine task thread for /0.0.0.0:45735 - 0 ] INFO  server.GrpcService (GrpcService.java:startImpl(270)) - b01711c8-04b4-47a5-9bab-72c84cf7bb6a: GrpcService started, listening on 44509
2022-11-10 07:14:14,526 [EndpointStateMachine task thread for /0.0.0.0:45735 - 0 ] INFO  ratis.XceiverServerRatis (XceiverServerRatis.java:getRealPort(502)) - XceiverServerRatis b01711c8-04b4-47a5-9bab-72c84cf7bb6a is started using port 44509 for RATIS
2022-11-10 07:14:14,526 [EndpointStateMachine task thread for /0.0.0.0:45735 - 0 ] INFO  ratis.XceiverServerRatis (XceiverServerRatis.java:getRealPort(502)) - XceiverServerRatis b01711c8-04b4-47a5-9bab-72c84cf7bb6a is started using port 44509 for RATIS_ADMIN
2022-11-10 07:14:14,526 [EndpointStateMachine task thread for /0.0.0.0:45735 - 0 ] INFO  ratis.XceiverServerRatis (XceiverServerRatis.java:getRealPort(502)) - XceiverServerRatis b01711c8-04b4-47a5-9bab-72c84cf7bb6a is started using port 44509 for RATIS_SERVER
2022-11-10 07:14:14,527 [JvmPauseMonitor5] INFO  util.JvmPauseMonitor (JvmPauseMonitor.java:run(105)) - JvmPauseMonitor-b01711c8-04b4-47a5-9bab-72c84cf7bb6a: Started
2022-11-10 07:14:14,529 [EndpointStateMachine task thread for /0.0.0.0:45735 - 0 ] INFO  server.XceiverServerGrpc (XceiverServerGrpc.java:start(180)) - XceiverServerGrpc b01711c8-04b4-47a5-9bab-72c84cf7bb6a is started using port 36519
2022-11-10 07:14:14,814 [Listener at 127.0.0.1/32813] INFO  ozone.MiniOzoneClusterImpl (MiniOzoneClusterImpl.java:lambda$waitForClusterToBeReady$0(216)) - Waiting for nodes to be ready. Got 0 of 6 DN Heartbeats.
2022-11-10 07:14:14,814 [Listener at 127.0.0.1/32813] INFO  ozone.MiniOzoneClusterImpl (MiniOzoneClusterImpl.java:lambda$waitForClusterToBeReady$0(219)) - Waiting for cluster to exit safe mode
2022-11-10 07:14:14,814 [Listener at 127.0.0.1/32813] INFO  ozone.MiniOzoneClusterImpl (MiniOzoneClusterImpl.java:lambda$waitForClusterToBeReady$0(221)) - SCM became leader
2022-11-10 07:14:14,865 [IPC Server handler 2 on default port 45735] INFO  net.NetworkTopologyImpl (NetworkTopologyImpl.java:add(112)) - Added a new node: /default-rack/26c35b0c-04d0-419a-bd9f-9a0c5cb2698b
2022-11-10 07:14:14,866 [IPC Server handler 2 on default port 45735] INFO  node.SCMNodeManager (SCMNodeManager.java:register(397)) - Registered Data node : 26c35b0c-04d0-419a-bd9f-9a0c5cb2698b{ip: 10.1.0.59, host: fv-az435-205.hcxxyugg5vdudo0mn2smve0l3g.cx.internal.cloudapp.net, ports: [REPLICATION=34127, RATIS=38927, RATIS_ADMIN=38927, RATIS_SERVER=38927, STANDALONE=38137], networkLocation: /default-rack, certSerialId: null, persistedOpState: null, persistedOpStateExpiryEpochSec: 0}
2022-11-10 07:14:14,873 [EventQueue-NewNodeForNewNodeHandler] INFO  pipeline.BackgroundPipelineCreator (BackgroundPipelineCreator.java:notifyEventTriggered(276)) - trigger a one-shot run on RatisPipelineUtilsThread.
2022-11-10 07:14:14,873 [EventQueue-NodeRegistrationContainerReportForDataNodeSafeModeRule] INFO  safemode.SCMSafeModeManager (DataNodeSafeModeRule.java:process(71)) - SCM in safe mode. 1 DataNodes registered, 3 required.
2022-11-10 07:14:14,880 [RatisPipelineUtilsThread - 0] INFO  pipeline.RatisPipelineProvider (RatisPipelineProvider.java:lambda$create$0(195)) - Sending CreatePipelineCommand for pipeline:PipelineID=ad067755-8340-4e5f-8c88-168be77af746 to datanode:26c35b0c-04d0-419a-bd9f-9a0c5cb2698b
2022-11-10 07:14:14,891 [EventQueue-NodeRegistrationContainerReportForContainerSafeModeRule] INFO  safemode.SCMSafeModeManager (SCMSafeModeManager.java:validateSafeModeExitRules(204)) - ContainerSafeModeRule rule is successfully validated
2022-11-10 07:14:14,893 [EndpointStateMachine task thread for /0.0.0.0:45735 - 0 ] INFO  utils.DatanodeStoreCache (DatanodeStoreCache.java:addDB(58)) - Added db /home/runner/work/ozone/ozone/hadoop-ozone/integration-test/target/test-dir/MiniOzoneClusterImpl-d14c70f5-e14b-41c6-a13f-e3ca6c51505f/datanode-5/data-0/containers/hdds/d14c70f5-e14b-41c6-a13f-e3ca6c51505f/DS-72b4673e-f67d-4c89-8b62-2f814a146397/container.db to cache
2022-11-10 07:14:14,893 [EndpointStateMachine task thread for /0.0.0.0:45735 - 0 ] INFO  volume.HddsVolume (HddsVolume.java:createDbStore(307)) - SchemaV3 db is created and loaded at /home/runner/work/ozone/ozone/hadoop-ozone/integration-test/target/test-dir/MiniOzoneClusterImpl-d14c70f5-e14b-41c6-a13f-e3ca6c51505f/datanode-5/data-0/containers/hdds/d14c70f5-e14b-41c6-a13f-e3ca6c51505f/DS-72b4673e-f67d-4c89-8b62-2f814a146397/container.db for volume DS-72b4673e-f67d-4c89-8b62-2f814a146397
2022-11-10 07:14:14,893 [EndpointStateMachine task thread for /0.0.0.0:45735 - 0 ] INFO  ozoneimpl.OzoneContainer (OzoneContainer.java:start(378)) - Attempting to start container services.
2022-11-10 07:14:14,893 [EndpointStateMachine task thread for /0.0.0.0:45735 - 0 ] INFO  ozoneimpl.OzoneContainer (OzoneContainer.java:startContainerScrub(313)) - Background container scanner has been disabled.
2022-11-10 07:14:14,896 [EventQueue-PipelineReportForOneReplicaPipelineSafeModeRule] INFO  safemode.SCMSafeModeManager (SCMSafeModeManager.java:validateSafeModeExitRules(204)) - AtleastOneDatanodeReportedRule rule is successfully validated
2022-11-10 07:14:14,904 [EndpointStateMachine task thread for /0.0.0.0:45735 - 0 ] INFO  replication.ReplicationServer (ReplicationServer.java:start(111)) - ReplicationServer is started using port 36081
2022-11-10 07:14:14,904 [EndpointStateMachine task thread for /0.0.0.0:45735 - 0 ] INFO  ratis.XceiverServerRatis (XceiverServerRatis.java:start(481)) - Starting XceiverServerRatis 18b389ac-e92e-45af-bb8d-005344dac216
2022-11-10 07:14:14,911 [EndpointStateMachine task thread for /0.0.0.0:45735 - 0 ] INFO  server.RaftServer (RaftServerProxy.java:startImpl(393)) - 18b389ac-e92e-45af-bb8d-005344dac216: start RPC server
2022-11-10 07:14:14,913 [EndpointStateMachine task thread for /0.0.0.0:45735 - 0 ] INFO  server.GrpcService (GrpcService.java:startImpl(270)) - 18b389ac-e92e-45af-bb8d-005344dac216: GrpcService started, listening on 39897
2022-11-10 07:14:14,913 [EndpointStateMachine task thread for /0.0.0.0:45735 - 0 ] INFO  ratis.XceiverServerRatis (XceiverServerRatis.java:getRealPort(502)) - XceiverServerRatis 18b389ac-e92e-45af-bb8d-005344dac216 is started using port 39897 for RATIS
2022-11-10 07:14:14,913 [EndpointStateMachine task thread for /0.0.0.0:45735 - 0 ] INFO  ratis.XceiverServerRatis (XceiverServerRatis.java:getRealPort(502)) - XceiverServerRatis 18b389ac-e92e-45af-bb8d-005344dac216 is started using port 39897 for RATIS_ADMIN
2022-11-10 07:14:14,913 [EndpointStateMachine task thread for /0.0.0.0:45735 - 0 ] INFO  ratis.XceiverServerRatis (XceiverServerRatis.java:getRealPort(502)) - XceiverServerRatis 18b389ac-e92e-45af-bb8d-005344dac216 is started using port 39897 for RATIS_SERVER
2022-11-10 07:14:14,913 [JvmPauseMonitor6] INFO  util.JvmPauseMonitor (JvmPauseMonitor.java:run(105)) - JvmPauseMonitor-18b389ac-e92e-45af-bb8d-005344dac216: Started
2022-11-10 07:14:14,918 [RatisPipelineUtilsThread - 0] INFO  pipeline.PipelineStateManagerImpl (PipelineStateManagerImpl.java:addPipeline(103)) - Created pipeline Pipeline[ Id: ad067755-8340-4e5f-8c88-168be77af746, Nodes: 26c35b0c-04d0-419a-bd9f-9a0c5cb2698b{ip: 10.1.0.59, host: fv-az435-205.hcxxyugg5vdudo0mn2smve0l3g.cx.internal.cloudapp.net, ports: [REPLICATION=34127, RATIS=38927, RATIS_ADMIN=38927, RATIS_SERVER=38927, STANDALONE=38137], networkLocation: /default-rack, certSerialId: null, persistedOpState: IN_SERVICE, persistedOpStateExpiryEpochSec: 0}, ReplicationConfig: RATIS/ONE, State:ALLOCATED, leaderId:, CreationTimestamp2022-11-10T07:14:14.879Z[Etc/UTC]].
2022-11-10 07:14:14,921 [EndpointStateMachine task thread for /0.0.0.0:45735 - 0 ] INFO  server.XceiverServerGrpc (XceiverServerGrpc.java:start(180)) - XceiverServerGrpc 18b389ac-e92e-45af-bb8d-005344dac216 is started using port 41939
2022-11-10 07:14:15,302 [IPC Server handler 3 on default port 45735] INFO  net.NetworkTopologyImpl (NetworkTopologyImpl.java:add(112)) - Added a new node: /default-rack/35d6043c-a711-468a-a34c-4c4022ea36e3
2022-11-10 07:14:15,302 [IPC Server handler 3 on default port 45735] INFO  node.SCMNodeManager (SCMNodeManager.java:register(397)) - Registered Data node : 35d6043c-a711-468a-a34c-4c4022ea36e3{ip: 10.1.0.59, host: fv-az435-205.hcxxyugg5vdudo0mn2smve0l3g.cx.internal.cloudapp.net, ports: [REPLICATION=33231, RATIS=46313, RATIS_ADMIN=46313, RATIS_SERVER=46313, STANDALONE=43309], networkLocation: /default-rack, certSerialId: null, persistedOpState: null, persistedOpStateExpiryEpochSec: 0}
2022-11-10 07:14:15,304 [EventQueue-NewNodeForNewNodeHandler] INFO  pipeline.BackgroundPipelineCreator (BackgroundPipelineCreator.java:notifyEventTriggered(276)) - trigger a one-shot run on RatisPipelineUtilsThread.
2022-11-10 07:14:15,304 [EventQueue-NodeRegistrationContainerReportForDataNodeSafeModeRule] INFO  safemode.SCMSafeModeManager (DataNodeSafeModeRule.java:process(71)) - SCM in safe mode. 2 DataNodes registered, 3 required.
2022-11-10 07:14:15,305 [RatisPipelineUtilsThread - 0] INFO  pipeline.RatisPipelineProvider (RatisPipelineProvider.java:lambda$create$0(195)) - Sending CreatePipelineCommand for pipeline:PipelineID=ae97a55a-4b34-4855-8d17-092f80e77802 to datanode:35d6043c-a711-468a-a34c-4c4022ea36e3
2022-11-10 07:14:15,306 [RatisPipelineUtilsThread - 0] INFO  pipeline.PipelineStateManagerImpl (PipelineStateManagerImpl.java:addPipeline(103)) - Created pipeline Pipeline[ Id: ae97a55a-4b34-4855-8d17-092f80e77802, Nodes: 35d6043c-a711-468a-a34c-4c4022ea36e3{ip: 10.1.0.59, host: fv-az435-205.hcxxyugg5vdudo0mn2smve0l3g.cx.internal.cloudapp.net, ports: [REPLICATION=33231, RATIS=46313, RATIS_ADMIN=46313, RATIS_SERVER=46313, STANDALONE=43309], networkLocation: /default-rack, certSerialId: null, persistedOpState: IN_SERVICE, persistedOpStateExpiryEpochSec: 0}, ReplicationConfig: RATIS/ONE, State:ALLOCATED, leaderId:, CreationTimestamp2022-11-10T07:14:15.305Z[Etc/UTC]].
2022-11-10 07:14:15,778 [IPC Server handler 1 on default port 45735] INFO  net.NetworkTopologyImpl (NetworkTopologyImpl.java:add(112)) - Added a new node: /default-rack/901bb4f9-d448-4097-b3df-3dc09329cc1b
2022-11-10 07:14:15,778 [IPC Server handler 1 on default port 45735] INFO  node.SCMNodeManager (SCMNodeManager.java:register(397)) - Registered Data node : 901bb4f9-d448-4097-b3df-3dc09329cc1b{ip: 10.1.0.59, host: fv-az435-205.hcxxyugg5vdudo0mn2smve0l3g.cx.internal.cloudapp.net, ports: [REPLICATION=35585, RATIS=35703, RATIS_ADMIN=35703, RATIS_SERVER=35703, STANDALONE=35461], networkLocation: /default-rack, certSerialId: null, persistedOpState: null, persistedOpStateExpiryEpochSec: 0}
2022-11-10 07:14:15,778 [EventQueue-NewNodeForNewNodeHandler] INFO  pipeline.BackgroundPipelineCreator (BackgroundPipelineCreator.java:notifyEventTriggered(276)) - trigger a one-shot run on RatisPipelineUtilsThread.
2022-11-10 07:14:15,778 [EventQueue-NodeRegistrationContainerReportForDataNodeSafeModeRule] INFO  safemode.SCMSafeModeManager (DataNodeSafeModeRule.java:process(71)) - SCM in safe mode. 3 DataNodes registered, 3 required.
2022-11-10 07:14:15,779 [EventQueue-NodeRegistrationContainerReportForDataNodeSafeModeRule] INFO  safemode.SCMSafeModeManager (SCMSafeModeManager.java:validateSafeModeExitRules(204)) - DataNodeSafeModeRule rule is successfully validated
2022-11-10 07:14:15,779 [EventQueue-NodeRegistrationContainerReportForDataNodeSafeModeRule] INFO  safemode.SCMSafeModeManager (SCMSafeModeManager.java:completePreCheck(233)) - All SCM safe mode pre check rules have passed
2022-11-10 07:14:15,779 [EventQueue-NodeRegistrationContainerReportForDataNodeSafeModeRule] WARN  events.EventQueue (EventQueue.java:fireEvent(216)) - No event handler registered for event TypedEvent{payloadType=SafeModeStatus, name='Safe mode status'}
2022-11-10 07:14:15,780 [EventQueue-NodeRegistrationContainerReportForDataNodeSafeModeRule] INFO  ha.SCMContext (SCMContext.java:updateSafeModeStatus(228)) - Update SafeModeStatus from SafeModeStatus{safeModeStatus=true, preCheckPassed=false} to SafeModeStatus{safeModeStatus=true, preCheckPassed=true}.
2022-11-10 07:14:15,780 [EventQueue-NodeRegistrationContainerReportForDataNodeSafeModeRule] INFO  pipeline.BackgroundPipelineCreator (BackgroundPipelineCreator.java:notifyEventTriggered(276)) - trigger a one-shot run on RatisPipelineUtilsThread.
2022-11-10 07:14:15,780 [RatisPipelineUtilsThread - 0] INFO  pipeline.RatisPipelineProvider (RatisPipelineProvider.java:lambda$create$0(195)) - Sending CreatePipelineCommand for pipeline:PipelineID=8afddcaf-4c4d-4837-b84c-3cefcacdb394 to datanode:901bb4f9-d448-4097-b3df-3dc09329cc1b
2022-11-10 07:14:15,780 [RatisPipelineUtilsThread - 0] INFO  pipeline.PipelineStateManagerImpl (PipelineStateManagerImpl.java:addPipeline(103)) - Created pipeline Pipeline[ Id: 8afddcaf-4c4d-4837-b84c-3cefcacdb394, Nodes: 901bb4f9-d448-4097-b3df-3dc09329cc1b{ip: 10.1.0.59, host: fv-az435-205.hcxxyugg5vdudo0mn2smve0l3g.cx.internal.cloudapp.net, ports: [REPLICATION=35585, RATIS=35703, RATIS_ADMIN=35703, RATIS_SERVER=35703, STANDALONE=35461], networkLocation: /default-rack, certSerialId: null, persistedOpState: IN_SERVICE, persistedOpStateExpiryEpochSec: 0}, ReplicationConfig: RATIS/ONE, State:ALLOCATED, leaderId:, CreationTimestamp2022-11-10T07:14:15.780Z[Etc/UTC]].
2022-11-10 07:14:15,786 [RatisPipelineUtilsThread - 0] INFO  pipeline.RatisPipelineProvider (RatisPipelineProvider.java:lambda$create$0(195)) - Sending CreatePipelineCommand for pipeline:PipelineID=7b682ceb-0ee3-4c6e-8cd4-d66893652dd7 to datanode:901bb4f9-d448-4097-b3df-3dc09329cc1b
2022-11-10 07:14:15,786 [RatisPipelineUtilsThread - 0] INFO  pipeline.RatisPipelineProvider (RatisPipelineProvider.java:lambda$create$0(195)) - Sending CreatePipelineCommand for pipeline:PipelineID=7b682ceb-0ee3-4c6e-8cd4-d66893652dd7 to datanode:35d6043c-a711-468a-a34c-4c4022ea36e3
2022-11-10 07:14:15,786 [RatisPipelineUtilsThread - 0] INFO  pipeline.RatisPipelineProvider (RatisPipelineProvider.java:lambda$create$0(195)) - Sending CreatePipelineCommand for pipeline:PipelineID=7b682ceb-0ee3-4c6e-8cd4-d66893652dd7 to datanode:26c35b0c-04d0-419a-bd9f-9a0c5cb2698b
2022-11-10 07:14:15,789 [RatisPipelineUtilsThread - 0] INFO  pipeline.PipelineStateManagerImpl (PipelineStateManagerImpl.java:addPipeline(103)) - Created pipeline Pipeline[ Id: 7b682ceb-0ee3-4c6e-8cd4-d66893652dd7, Nodes: 901bb4f9-d448-4097-b3df-3dc09329cc1b{ip: 10.1.0.59, host: fv-az435-205.hcxxyugg5vdudo0mn2smve0l3g.cx.internal.cloudapp.net, ports: [REPLICATION=35585, RATIS=35703, RATIS_ADMIN=35703, RATIS_SERVER=35703, STANDALONE=35461], networkLocation: /default-rack, certSerialId: null, persistedOpState: IN_SERVICE, persistedOpStateExpiryEpochSec: 0}35d6043c-a711-468a-a34c-4c4022ea36e3{ip: 10.1.0.59, host: fv-az435-205.hcxxyugg5vdudo0mn2smve0l3g.cx.internal.cloudapp.net, ports: [REPLICATION=33231, RATIS=46313, RATIS_ADMIN=46313, RATIS_SERVER=46313, STANDALONE=43309], networkLocation: /default-rack, certSerialId: null, persistedOpState: IN_SERVICE, persistedOpStateExpiryEpochSec: 0}26c35b0c-04d0-419a-bd9f-9a0c5cb2698b{ip: 10.1.0.59, host: fv-az435-205.hcxxyugg5vdudo0mn2smve0l3g.cx.internal.cloudapp.net, ports: [REPLICATION=34127, RATIS=38927, RATIS_ADMIN=38927, RATIS_SERVER=38927, STANDALONE=38137], networkLocation: /default-rack, certSerialId: null, persistedOpState: IN_SERVICE, persistedOpStateExpiryEpochSec: 0}, ReplicationConfig: RATIS/THREE, State:ALLOCATED, leaderId:, CreationTimestamp2022-11-10T07:14:15.786Z[Etc/UTC]].
2022-11-10 07:14:15,790 [RatisPipelineUtilsThread - 0] INFO  pipeline.RatisPipelineProvider (RatisPipelineProvider.java:lambda$create$0(195)) - Sending CreatePipelineCommand for pipeline:PipelineID=c2d1ab89-0d38-495e-98d5-ee387b4baa71 to datanode:26c35b0c-04d0-419a-bd9f-9a0c5cb2698b
2022-11-10 07:14:15,791 [RatisPipelineUtilsThread - 0] INFO  pipeline.RatisPipelineProvider (RatisPipelineProvider.java:lambda$create$0(195)) - Sending CreatePipelineCommand for pipeline:PipelineID=c2d1ab89-0d38-495e-98d5-ee387b4baa71 to datanode:35d6043c-a711-468a-a34c-4c4022ea36e3
2022-11-10 07:14:15,791 [RatisPipelineUtilsThread - 0] INFO  pipeline.RatisPipelineProvider (RatisPipelineProvider.java:lambda$create$0(195)) - Sending CreatePipelineCommand for pipeline:PipelineID=c2d1ab89-0d38-495e-98d5-ee387b4baa71 to datanode:901bb4f9-d448-4097-b3df-3dc09329cc1b
2022-11-10 07:14:15,793 [RatisPipelineUtilsThread - 0] INFO  pipeline.PipelineStateManagerImpl (PipelineStateManagerImpl.java:addPipeline(103)) - Created pipeline Pipeline[ Id: c2d1ab89-0d38-495e-98d5-ee387b4baa71, Nodes: 26c35b0c-04d0-419a-bd9f-9a0c5cb2698b{ip: 10.1.0.59, host: fv-az435-205.hcxxyugg5vdudo0mn2smve0l3g.cx.internal.cloudapp.net, ports: [REPLICATION=34127, RATIS=38927, RATIS_ADMIN=38927, RATIS_SERVER=38927, STANDALONE=38137], networkLocation: /default-rack, certSerialId: null, persistedOpState: IN_SERVICE, persistedOpStateExpiryEpochSec: 0}35d6043c-a711-468a-a34c-4c4022ea36e3{ip: 10.1.0.59, host: fv-az435-205.hcxxyugg5vdudo0mn2smve0l3g.cx.internal.cloudapp.net, ports: [REPLICATION=33231, RATIS=46313, RATIS_ADMIN=46313, RATIS_SERVER=46313, STANDALONE=43309], networkLocation: /default-rack, certSerialId: null, persistedOpState: IN_SERVICE, persistedOpStateExpiryEpochSec: 0}901bb4f9-d448-4097-b3df-3dc09329cc1b{ip: 10.1.0.59, host: fv-az435-205.hcxxyugg5vdudo0mn2smve0l3g.cx.internal.cloudapp.net, ports: [REPLICATION=35585, RATIS=35703, RATIS_ADMIN=35703, RATIS_SERVER=35703, STANDALONE=35461], networkLocation: /default-rack, certSerialId: null, persistedOpState: IN_SERVICE, persistedOpStateExpiryEpochSec: 0}, ReplicationConfig: RATIS/THREE, State:ALLOCATED, leaderId:, CreationTimestamp2022-11-10T07:14:15.790Z[Etc/UTC]].
2022-11-10 07:14:15,793 [RatisPipelineUtilsThread - 0] INFO  pipeline.PipelineManagerImpl (PipelineManagerImpl.java:recordMetricsForPipeline(826)) - Pipeline: PipelineID=c2d1ab89-0d38-495e-98d5-ee387b4baa71 contains same datanodes as previous pipelines: PipelineID=7b682ceb-0ee3-4c6e-8cd4-d66893652dd7 nodeIds: 26c35b0c-04d0-419a-bd9f-9a0c5cb2698b, 35d6043c-a711-468a-a34c-4c4022ea36e3, 901bb4f9-d448-4097-b3df-3dc09329cc1b
2022-11-10 07:14:15,814 [Listener at 127.0.0.1/32813] INFO  ozone.MiniOzoneClusterImpl (MiniOzoneClusterImpl.java:lambda$waitForClusterToBeReady$0(216)) - Waiting for nodes to be ready. Got 3 of 6 DN Heartbeats.
2022-11-10 07:14:15,815 [Listener at 127.0.0.1/32813] INFO  ozone.MiniOzoneClusterImpl (MiniOzoneClusterImpl.java:lambda$waitForClusterToBeReady$0(219)) - Waiting for cluster to exit safe mode
2022-11-10 07:14:15,815 [Listener at 127.0.0.1/32813] INFO  ozone.MiniOzoneClusterImpl (MiniOzoneClusterImpl.java:lambda$waitForClusterToBeReady$0(221)) - SCM became leader
2022-11-10 07:14:16,152 [IPC Server handler 3 on default port 45735] INFO  net.NetworkTopologyImpl (NetworkTopologyImpl.java:add(112)) - Added a new node: /default-rack/73d758c7-6b76-4e6e-a3d3-7696fd8c55bd
2022-11-10 07:14:16,152 [IPC Server handler 3 on default port 45735] INFO  node.SCMNodeManager (SCMNodeManager.java:register(397)) - Registered Data node : 73d758c7-6b76-4e6e-a3d3-7696fd8c55bd{ip: 10.1.0.59, host: fv-az435-205.hcxxyugg5vdudo0mn2smve0l3g.cx.internal.cloudapp.net, ports: [REPLICATION=33257, RATIS=42647, RATIS_ADMIN=42647, RATIS_SERVER=42647, STANDALONE=41571], networkLocation: /default-rack, certSerialId: null, persistedOpState: null, persistedOpStateExpiryEpochSec: 0}
2022-11-10 07:14:16,152 [EventQueue-NewNodeForNewNodeHandler] INFO  pipeline.BackgroundPipelineCreator (BackgroundPipelineCreator.java:notifyEventTriggered(276)) - trigger a one-shot run on RatisPipelineUtilsThread.
2022-11-10 07:14:16,153 [RatisPipelineUtilsThread - 0] INFO  pipeline.RatisPipelineProvider (RatisPipelineProvider.java:lambda$create$0(195)) - Sending CreatePipelineCommand for pipeline:PipelineID=af1c2d6f-b0d4-43b3-9cea-2822ad3f708e to datanode:73d758c7-6b76-4e6e-a3d3-7696fd8c55bd
2022-11-10 07:14:16,154 [RatisPipelineUtilsThread - 0] INFO  pipeline.PipelineStateManagerImpl (PipelineStateManagerImpl.java:addPipeline(103)) - Created pipeline Pipeline[ Id: af1c2d6f-b0d4-43b3-9cea-2822ad3f708e, Nodes: 73d758c7-6b76-4e6e-a3d3-7696fd8c55bd{ip: 10.1.0.59, host: fv-az435-205.hcxxyugg5vdudo0mn2smve0l3g.cx.internal.cloudapp.net, ports: [REPLICATION=33257, RATIS=42647, RATIS_ADMIN=42647, RATIS_SERVER=42647, STANDALONE=41571], networkLocation: /default-rack, certSerialId: null, persistedOpState: IN_SERVICE, persistedOpStateExpiryEpochSec: 0}, ReplicationConfig: RATIS/ONE, State:ALLOCATED, leaderId:, CreationTimestamp2022-11-10T07:14:16.153Z[Etc/UTC]].
2022-11-10 07:14:16,489 [IPC Server handler 0 on default port 45735] INFO  net.NetworkTopologyImpl (NetworkTopologyImpl.java:add(112)) - Added a new node: /default-rack/b01711c8-04b4-47a5-9bab-72c84cf7bb6a
2022-11-10 07:14:16,490 [IPC Server handler 0 on default port 45735] INFO  node.SCMNodeManager (SCMNodeManager.java:register(397)) - Registered Data node : b01711c8-04b4-47a5-9bab-72c84cf7bb6a{ip: 10.1.0.59, host: fv-az435-205.hcxxyugg5vdudo0mn2smve0l3g.cx.internal.cloudapp.net, ports: [REPLICATION=45567, RATIS=44509, RATIS_ADMIN=44509, RATIS_SERVER=44509, STANDALONE=36519], networkLocation: /default-rack, certSerialId: null, persistedOpState: null, persistedOpStateExpiryEpochSec: 0}
2022-11-10 07:14:16,490 [EventQueue-NewNodeForNewNodeHandler] INFO  pipeline.BackgroundPipelineCreator (BackgroundPipelineCreator.java:notifyEventTriggered(276)) - trigger a one-shot run on RatisPipelineUtilsThread.
2022-11-10 07:14:16,492 [RatisPipelineUtilsThread - 0] INFO  pipeline.RatisPipelineProvider (RatisPipelineProvider.java:lambda$create$0(195)) - Sending CreatePipelineCommand for pipeline:PipelineID=5ef9bd6a-9581-4cf2-872b-b7d1079710a0 to datanode:b01711c8-04b4-47a5-9bab-72c84cf7bb6a
2022-11-10 07:14:16,492 [RatisPipelineUtilsThread - 0] INFO  pipeline.PipelineStateManagerImpl (PipelineStateManagerImpl.java:addPipeline(103)) - Created pipeline Pipeline[ Id: 5ef9bd6a-9581-4cf2-872b-b7d1079710a0, Nodes: b01711c8-04b4-47a5-9bab-72c84cf7bb6a{ip: 10.1.0.59, host: fv-az435-205.hcxxyugg5vdudo0mn2smve0l3g.cx.internal.cloudapp.net, ports: [REPLICATION=45567, RATIS=44509, RATIS_ADMIN=44509, RATIS_SERVER=44509, STANDALONE=36519], networkLocation: /default-rack, certSerialId: null, persistedOpState: IN_SERVICE, persistedOpStateExpiryEpochSec: 0}, ReplicationConfig: RATIS/ONE, State:ALLOCATED, leaderId:, CreationTimestamp2022-11-10T07:14:16.492Z[Etc/UTC]].
2022-11-10 07:14:16,816 [Listener at 127.0.0.1/32813] INFO  ozone.MiniOzoneClusterImpl (MiniOzoneClusterImpl.java:lambda$waitForClusterToBeReady$0(216)) - Waiting for nodes to be ready. Got 5 of 6 DN Heartbeats.
2022-11-10 07:14:16,816 [Listener at 127.0.0.1/32813] INFO  ozone.MiniOzoneClusterImpl (MiniOzoneClusterImpl.java:lambda$waitForClusterToBeReady$0(219)) - Waiting for cluster to exit safe mode
2022-11-10 07:14:16,816 [Listener at 127.0.0.1/32813] INFO  ozone.MiniOzoneClusterImpl (MiniOzoneClusterImpl.java:lambda$waitForClusterToBeReady$0(221)) - SCM became leader
2022-11-10 07:14:16,843 [IPC Server handler 3 on default port 45735] INFO  net.NetworkTopologyImpl (NetworkTopologyImpl.java:add(112)) - Added a new node: /default-rack/18b389ac-e92e-45af-bb8d-005344dac216
2022-11-10 07:14:16,844 [IPC Server handler 3 on default port 45735] INFO  node.SCMNodeManager (SCMNodeManager.java:register(397)) - Registered Data node : 18b389ac-e92e-45af-bb8d-005344dac216{ip: 10.1.0.59, host: fv-az435-205.hcxxyugg5vdudo0mn2smve0l3g.cx.internal.cloudapp.net, ports: [REPLICATION=36081, RATIS=39897, RATIS_ADMIN=39897, RATIS_SERVER=39897, STANDALONE=41939], networkLocation: /default-rack, certSerialId: null, persistedOpState: null, persistedOpStateExpiryEpochSec: 0}
2022-11-10 07:14:16,845 [EventQueue-NewNodeForNewNodeHandler] INFO  pipeline.BackgroundPipelineCreator (BackgroundPipelineCreator.java:notifyEventTriggered(276)) - trigger a one-shot run on RatisPipelineUtilsThread.
2022-11-10 07:14:16,845 [RatisPipelineUtilsThread - 0] INFO  pipeline.RatisPipelineProvider (RatisPipelineProvider.java:lambda$create$0(195)) - Sending CreatePipelineCommand for pipeline:PipelineID=0880ca8a-1e35-4e0e-99b3-a327250958fe to datanode:18b389ac-e92e-45af-bb8d-005344dac216
2022-11-10 07:14:16,846 [RatisPipelineUtilsThread - 0] INFO  pipeline.PipelineStateManagerImpl (PipelineStateManagerImpl.java:addPipeline(103)) - Created pipeline Pipeline[ Id: 0880ca8a-1e35-4e0e-99b3-a327250958fe, Nodes: 18b389ac-e92e-45af-bb8d-005344dac216{ip: 10.1.0.59, host: fv-az435-205.hcxxyugg5vdudo0mn2smve0l3g.cx.internal.cloudapp.net, ports: [REPLICATION=36081, RATIS=39897, RATIS_ADMIN=39897, RATIS_SERVER=39897, STANDALONE=41939], networkLocation: /default-rack, certSerialId: null, persistedOpState: IN_SERVICE, persistedOpStateExpiryEpochSec: 0}, ReplicationConfig: RATIS/ONE, State:ALLOCATED, leaderId:, CreationTimestamp2022-11-10T07:14:16.845Z[Etc/UTC]].
2022-11-10 07:14:16,846 [RatisPipelineUtilsThread - 0] INFO  pipeline.RatisPipelineProvider (RatisPipelineProvider.java:lambda$create$0(195)) - Sending CreatePipelineCommand for pipeline:PipelineID=b5d9065f-d3ed-40c3-be42-841363c15b84 to datanode:73d758c7-6b76-4e6e-a3d3-7696fd8c55bd
2022-11-10 07:14:16,846 [RatisPipelineUtilsThread - 0] INFO  pipeline.RatisPipelineProvider (RatisPipelineProvider.java:lambda$create$0(195)) - Sending CreatePipelineCommand for pipeline:PipelineID=b5d9065f-d3ed-40c3-be42-841363c15b84 to datanode:18b389ac-e92e-45af-bb8d-005344dac216
2022-11-10 07:14:16,846 [RatisPipelineUtilsThread - 0] INFO  pipeline.RatisPipelineProvider (RatisPipelineProvider.java:lambda$create$0(195)) - Sending CreatePipelineCommand for pipeline:PipelineID=b5d9065f-d3ed-40c3-be42-841363c15b84 to datanode:b01711c8-04b4-47a5-9bab-72c84cf7bb6a
2022-11-10 07:14:16,847 [RatisPipelineUtilsThread - 0] INFO  pipeline.PipelineStateManagerImpl (PipelineStateManagerImpl.java:addPipeline(103)) - Created pipeline Pipeline[ Id: b5d9065f-d3ed-40c3-be42-841363c15b84, Nodes: 73d758c7-6b76-4e6e-a3d3-7696fd8c55bd{ip: 10.1.0.59, host: fv-az435-205.hcxxyugg5vdudo0mn2smve0l3g.cx.internal.cloudapp.net, ports: [REPLICATION=33257, RATIS=42647, RATIS_ADMIN=42647, RATIS_SERVER=42647, STANDALONE=41571], networkLocation: /default-rack, certSerialId: null, persistedOpState: IN_SERVICE, persistedOpStateExpiryEpochSec: 0}18b389ac-e92e-45af-bb8d-005344dac216{ip: 10.1.0.59, host: fv-az435-205.hcxxyugg5vdudo0mn2smve0l3g.cx.internal.cloudapp.net, ports: [REPLICATION=36081, RATIS=39897, RATIS_ADMIN=39897, RATIS_SERVER=39897, STANDALONE=41939], networkLocation: /default-rack, certSerialId: null, persistedOpState: IN_SERVICE, persistedOpStateExpiryEpochSec: 0}b01711c8-04b4-47a5-9bab-72c84cf7bb6a{ip: 10.1.0.59, host: fv-az435-205.hcxxyugg5vdudo0mn2smve0l3g.cx.internal.cloudapp.net, ports: [REPLICATION=45567, RATIS=44509, RATIS_ADMIN=44509, RATIS_SERVER=44509, STANDALONE=36519], networkLocation: /default-rack, certSerialId: null, persistedOpState: IN_SERVICE, persistedOpStateExpiryEpochSec: 0}, ReplicationConfig: RATIS/THREE, State:ALLOCATED, leaderId:, CreationTimestamp2022-11-10T07:14:16.846Z[Etc/UTC]].
2022-11-10 07:14:16,848 [RatisPipelineUtilsThread - 0] INFO  pipeline.RatisPipelineProvider (RatisPipelineProvider.java:lambda$create$0(195)) - Sending CreatePipelineCommand for pipeline:PipelineID=e89328de-3269-403f-928c-6a99b4bc2cfe to datanode:73d758c7-6b76-4e6e-a3d3-7696fd8c55bd
2022-11-10 07:14:16,848 [RatisPipelineUtilsThread - 0] INFO  pipeline.RatisPipelineProvider (RatisPipelineProvider.java:lambda$create$0(195)) - Sending CreatePipelineCommand for pipeline:PipelineID=e89328de-3269-403f-928c-6a99b4bc2cfe to datanode:b01711c8-04b4-47a5-9bab-72c84cf7bb6a
2022-11-10 07:14:16,848 [RatisPipelineUtilsThread - 0] INFO  pipeline.RatisPipelineProvider (RatisPipelineProvider.java:lambda$create$0(195)) - Sending CreatePipelineCommand for pipeline:PipelineID=e89328de-3269-403f-928c-6a99b4bc2cfe to datanode:18b389ac-e92e-45af-bb8d-005344dac216
2022-11-10 07:14:16,849 [RatisPipelineUtilsThread - 0] INFO  pipeline.PipelineStateManagerImpl (PipelineStateManagerImpl.java:addPipeline(103)) - Created pipeline Pipeline[ Id: e89328de-3269-403f-928c-6a99b4bc2cfe, Nodes: 73d758c7-6b76-4e6e-a3d3-7696fd8c55bd{ip: 10.1.0.59, host: fv-az435-205.hcxxyugg5vdudo0mn2smve0l3g.cx.internal.cloudapp.net, ports: [REPLICATION=33257, RATIS=42647, RATIS_ADMIN=42647, RATIS_SERVER=42647, STANDALONE=41571], networkLocation: /default-rack, certSerialId: null, persistedOpState: IN_SERVICE, persistedOpStateExpiryEpochSec: 0}b01711c8-04b4-47a5-9bab-72c84cf7bb6a{ip: 10.1.0.59, host: fv-az435-205.hcxxyugg5vdudo0mn2smve0l3g.cx.internal.cloudapp.net, ports: [REPLICATION=45567, RATIS=44509, RATIS_ADMIN=44509, RATIS_SERVER=44509, STANDALONE=36519], networkLocation: /default-rack, certSerialId: null, persistedOpState: IN_SERVICE, persistedOpStateExpiryEpochSec: 0}18b389ac-e92e-45af-bb8d-005344dac216{ip: 10.1.0.59, host: fv-az435-205.hcxxyugg5vdudo0mn2smve0l3g.cx.internal.cloudapp.net, ports: [REPLICATION=36081, RATIS=39897, RATIS_ADMIN=39897, RATIS_SERVER=39897, STANDALONE=41939], networkLocation: /default-rack, certSerialId: null, persistedOpState: IN_SERVICE, persistedOpStateExpiryEpochSec: 0}, ReplicationConfig: RATIS/THREE, State:ALLOCATED, leaderId:, CreationTimestamp2022-11-10T07:14:16.848Z[Etc/UTC]].
2022-11-10 07:14:16,849 [RatisPipelineUtilsThread - 0] INFO  pipeline.PipelineManagerImpl (PipelineManagerImpl.java:recordMetricsForPipeline(826)) - Pipeline: PipelineID=e89328de-3269-403f-928c-6a99b4bc2cfe contains same datanodes as previous pipelines: PipelineID=b5d9065f-d3ed-40c3-be42-841363c15b84 nodeIds: 73d758c7-6b76-4e6e-a3d3-7696fd8c55bd, b01711c8-04b4-47a5-9bab-72c84cf7bb6a, 18b389ac-e92e-45af-bb8d-005344dac216
2022-11-10 07:14:17,816 [Listener at 127.0.0.1/32813] INFO  ozone.MiniOzoneClusterImpl (MiniOzoneClusterImpl.java:lambda$waitForClusterToBeReady$0(216)) - Nodes are ready. Got 6 of 6 DN Heartbeats.
2022-11-10 07:14:17,818 [Listener at 127.0.0.1/32813] INFO  ozone.MiniOzoneClusterImpl (MiniOzoneClusterImpl.java:lambda$waitForClusterToBeReady$0(219)) - Waiting for cluster to exit safe mode
2022-11-10 07:14:17,818 [Listener at 127.0.0.1/32813] INFO  ozone.MiniOzoneClusterImpl (MiniOzoneClusterImpl.java:lambda$waitForClusterToBeReady$0(221)) - SCM became leader
2022-11-10 07:14:17,851 [Command processor thread] INFO  server.RaftServer (RaftServerProxy.java:addNew(96)) - 26c35b0c-04d0-419a-bd9f-9a0c5cb2698b: addNew group-168BE77AF746:[26c35b0c-04d0-419a-bd9f-9a0c5cb2698b|rpc:10.1.0.59:38927|priority:1|startupRole:FOLLOWER] returns group-168BE77AF746:java.util.concurrent.CompletableFuture@331b0055[Not completed]
2022-11-10 07:14:17,864 [pool-72-thread-1] INFO  server.RaftServer$Division (RaftServerImpl.java:<init>(195)) - 26c35b0c-04d0-419a-bd9f-9a0c5cb2698b: new RaftServerImpl for group-168BE77AF746:[26c35b0c-04d0-419a-bd9f-9a0c5cb2698b|rpc:10.1.0.59:38927|priority:1|startupRole:FOLLOWER] with ContainerStateMachine:uninitialized
2022-11-10 07:14:17,864 [pool-72-thread-1] INFO  server.RaftServerConfigKeys (ConfUtils.java:logGet(46)) - raft.server.rpc.timeout.min = 5s (custom)
2022-11-10 07:14:17,865 [pool-72-thread-1] INFO  server.RaftServerConfigKeys (ConfUtils.java:logGet(46)) - raft.server.rpc.timeout.max = 5200ms (custom)
2022-11-10 07:14:17,865 [pool-72-thread-1] INFO  server.RaftServerConfigKeys (ConfUtils.java:logGet(46)) - raft.server.rpc.sleep.time = 25ms (default)
2022-11-10 07:14:17,865 [pool-72-thread-1] INFO  server.RaftServerConfigKeys (ConfUtils.java:logGet(46)) - raft.server.rpc.slowness.timeout = 300s (custom)
2022-11-10 07:14:17,865 [pool-72-thread-1] INFO  server.RaftServerConfigKeys (ConfUtils.java:logGet(46)) - raft.server.leaderelection.leader.step-down.wait-time = 10s (default)
2022-11-10 07:14:17,865 [pool-72-thread-1] INFO  server.RaftServerConfigKeys (ConfUtils.java:logGet(46)) - raft.server.sleep.deviation.threshold = 300ms (default)
2022-11-10 07:14:17,865 [pool-72-thread-1] INFO  server.RaftServer$Division (ServerState.java:<init>(118)) - 26c35b0c-04d0-419a-bd9f-9a0c5cb2698b@group-168BE77AF746: ConfigurationManager, init=-1: peers:[26c35b0c-04d0-419a-bd9f-9a0c5cb2698b|rpc:10.1.0.59:38927|priority:1|startupRole:FOLLOWER]|listeners:[], old=null, confs=<EMPTY_MAP>
2022-11-10 07:14:17,866 [pool-72-thread-1] INFO  server.RaftServerConfigKeys (ConfUtils.java:logGet(46)) - raft.server.storage.dir = [/home/runner/work/ozone/ozone/hadoop-ozone/integration-test/target/test-dir/MiniOzoneClusterImpl-d14c70f5-e14b-41c6-a13f-e3ca6c51505f/datanode-0/data/ratis] (custom)
2022-11-10 07:14:17,866 [pool-72-thread-1] INFO  server.RaftServerConfigKeys (ConfUtils.java:logGet(46)) - raft.server.log.corruption.policy = EXCEPTION (default)
2022-11-10 07:14:17,866 [pool-72-thread-1] INFO  server.RaftServerConfigKeys (ConfUtils.java:logGet(46)) - raft.server.storage.free-space.min = 0MB (=0) (default)
2022-11-10 07:14:17,866 [pool-72-thread-1] INFO  server.RaftServerConfigKeys (ConfUtils.java:logGet(46)) - raft.server.notification.no-leader.timeout = 300s (custom)
2022-11-10 07:14:17,866 [pool-72-thread-1] INFO  server.RaftServerConfigKeys (ConfUtils.java:logGet(46)) - raft.server.retrycache.expirytime = 600000ms (custom)
2022-11-10 07:14:17,866 [pool-72-thread-1] INFO  server.RaftServerConfigKeys (ConfUtils.java:logGet(46)) - raft.server.retrycache.statistics.expirytime = 100μs (default)
2022-11-10 07:14:17,870 [pool-72-thread-1] INFO  server.RaftServerConfigKeys (ConfUtils.java:logGet(46)) - raft.server.log.appender.install.snapshot.enabled = false (custom)
2022-11-10 07:14:17,871 [pool-72-thread-1] INFO  server.RaftServerConfigKeys (ConfUtils.java:logGet(46)) - raft.server.threadpool.server.cached = true (default)
2022-11-10 07:14:17,871 [pool-72-thread-1] INFO  server.RaftServerConfigKeys (ConfUtils.java:logGet(46)) - raft.server.threadpool.server.size = 0 (default)
2022-11-10 07:14:17,871 [pool-72-thread-1] INFO  server.RaftServerConfigKeys (ConfUtils.java:logGet(46)) - raft.server.threadpool.client.cached = true (default)
2022-11-10 07:14:17,871 [pool-72-thread-1] INFO  server.RaftServerConfigKeys (ConfUtils.java:logGet(46)) - raft.server.threadpool.client.size = 0 (default)
2022-11-10 07:14:17,871 [pool-72-thread-1] INFO  storage.RaftStorageDirectory (RaftStorageDirectoryImpl.java:analyzeStorage(137)) - The storage directory /home/runner/work/ozone/ozone/hadoop-ozone/integration-test/target/test-dir/MiniOzoneClusterImpl-d14c70f5-e14b-41c6-a13f-e3ca6c51505f/datanode-0/data/ratis/ad067755-8340-4e5f-8c88-168be77af746 does not exist. Creating ...
2022-11-10 07:14:17,873 [pool-72-thread-1] INFO  storage.RaftStorageDirectory (RaftStorageDirectoryImpl.java:tryLock(231)) - Lock on /home/runner/work/ozone/ozone/hadoop-ozone/integration-test/target/test-dir/MiniOzoneClusterImpl-d14c70f5-e14b-41c6-a13f-e3ca6c51505f/datanode-0/data/ratis/ad067755-8340-4e5f-8c88-168be77af746/in_use.lock acquired by nodename 12028@fv-az435-205
2022-11-10 07:14:17,874 [pool-72-thread-1] INFO  storage.RaftStorage (RaftStorageImpl.java:format(96)) - Storage directory /home/runner/work/ozone/ozone/hadoop-ozone/integration-test/target/test-dir/MiniOzoneClusterImpl-d14c70f5-e14b-41c6-a13f-e3ca6c51505f/datanode-0/data/ratis/ad067755-8340-4e5f-8c88-168be77af746 has been successfully formatted.
2022-11-10 07:14:17,880 [pool-72-thread-1] INFO  ratis.ContainerStateMachine (ContainerStateMachine.java:loadSnapshot(236)) - group-168BE77AF746: The snapshot info is null. Setting the last applied indexto:(t:0, i:~)
2022-11-10 07:14:17,880 [pool-72-thread-1] INFO  server.RaftServerConfigKeys (ConfUtils.java:logGet(46)) - raft.server.log.use.memory = false (default)
2022-11-10 07:14:17,880 [pool-72-thread-1] INFO  server.RaftServerConfigKeys (ConfUtils.java:logGet(46)) - raft.server.log.purge.gap = 1000000 (custom)
2022-11-10 07:14:17,880 [pool-72-thread-1] INFO  server.RaftServerConfigKeys (ConfUtils.java:logGet(46)) - raft.server.log.appender.buffer.byte-limit = 33554432 (custom)
2022-11-10 07:14:17,880 [pool-72-thread-1] INFO  server.RaftServerConfigKeys (ConfUtils.java:logGet(46)) - raft.server.log.statemachine.data.read.timeout = 1000ms (default)
2022-11-10 07:14:17,880 [pool-72-thread-1] INFO  server.RaftServerConfigKeys (ConfUtils.java:logGet(46)) - raft.server.log.purge.preservation.log.num = 0 (default)
2022-11-10 07:14:17,880 [pool-72-thread-1] INFO  server.RaftServerConfigKeys (ConfUtils.java:logGet(46)) - raft.server.log.segment.size.max = 1048576 (custom)
2022-11-10 07:14:17,881 [pool-72-thread-1] INFO  server.RaftServerConfigKeys (ConfUtils.java:logGet(46)) - raft.server.log.segment.cache.num.max = 2 (custom)
2022-11-10 07:14:17,881 [pool-72-thread-1] INFO  server.RaftServerConfigKeys (ConfUtils.java:logGet(46)) - raft.server.log.segment.cache.size.max = 200MB (=209715200) (default)
2022-11-10 07:14:17,881 [pool-72-thread-1] INFO  segmented.SegmentedRaftLogWorker (SegmentedRaftLogWorker.java:<init>(191)) - new 26c35b0c-04d0-419a-bd9f-9a0c5cb2698b@group-168BE77AF746-SegmentedRaftLogWorker for RaftStorageImpl:Storage Directory /home/runner/work/ozone/ozone/hadoop-ozone/integration-test/target/test-dir/MiniOzoneClusterImpl-d14c70f5-e14b-41c6-a13f-e3ca6c51505f/datanode-0/data/ratis/ad067755-8340-4e5f-8c88-168be77af746
2022-11-10 07:14:17,881 [pool-72-thread-1] INFO  server.RaftServerConfigKeys (ConfUtils.java:logGet(46)) - raft.server.log.queue.byte-limit = 4294967296 (custom)
2022-11-10 07:14:17,881 [pool-72-thread-1] INFO  server.RaftServerConfigKeys (ConfUtils.java:logGet(46)) - raft.server.log.queue.element-limit = 1024 (custom)
2022-11-10 07:14:17,881 [pool-72-thread-1] INFO  server.RaftServerConfigKeys (ConfUtils.java:logGet(46)) - raft.server.log.segment.size.max = 1048576 (custom)
2022-11-10 07:14:17,881 [pool-72-thread-1] INFO  server.RaftServerConfigKeys (ConfUtils.java:logGet(46)) - raft.server.log.preallocated.size = 16384 (custom)
2022-11-10 07:14:17,881 [pool-72-thread-1] INFO  server.RaftServerConfigKeys (ConfUtils.java:logGet(46)) - raft.server.log.force.sync.num = 128 (default)
2022-11-10 07:14:17,881 [pool-72-thread-1] INFO  server.RaftServerConfigKeys (ConfUtils.java:logGet(46)) - raft.server.log.statemachine.data.sync = true (default)
2022-11-10 07:14:17,881 [pool-72-thread-1] INFO  server.RaftServerConfigKeys (ConfUtils.java:logGet(46)) - raft.server.log.statemachine.data.sync.timeout = 10s (default)
2022-11-10 07:14:17,882 [pool-72-thread-1] INFO  server.RaftServerConfigKeys (ConfUtils.java:logGet(46)) - raft.server.log.statemachine.data.sync.timeout.retry = -1 (default)
2022-11-10 07:14:17,883 [pool-72-thread-1] INFO  server.RaftServerConfigKeys (ConfUtils.java:logGet(46)) - raft.server.log.write.buffer.size = 1048576 (custom)
2022-11-10 07:14:17,884 [pool-72-thread-1] INFO  server.RaftServerConfigKeys (ConfUtils.java:logGet(46)) - raft.server.log.unsafe-flush.enabled = false (default)
2022-11-10 07:14:17,884 [pool-72-thread-1] INFO  server.RaftServerConfigKeys (ConfUtils.java:logGet(46)) - raft.server.log.async-flush.enabled = false (default)
2022-11-10 07:14:17,884 [pool-72-thread-1] INFO  server.RaftServerConfigKeys (ConfUtils.java:logGet(46)) - raft.server.log.statemachine.data.caching.enabled = true (custom)
2022-11-10 07:14:17,884 [pool-72-thread-1] INFO  segmented.SegmentedRaftLogWorker (SegmentedRaftLogWorker.java:lambda$new$0(136)) - 26c35b0c-04d0-419a-bd9f-9a0c5cb2698b@group-168BE77AF746-SegmentedRaftLogWorker: flushIndex: setUnconditionally 0 -> -1
2022-11-10 07:14:17,884 [pool-72-thread-1] INFO  segmented.SegmentedRaftLogWorker (SegmentedRaftLogWorker.java:lambda$new$0(136)) - 26c35b0c-04d0-419a-bd9f-9a0c5cb2698b@group-168BE77AF746-SegmentedRaftLogWorker: safeCacheEvictIndex: setUnconditionally 0 -> -1
2022-11-10 07:14:17,884 [pool-72-thread-1] INFO  server.RaftServer$Division (RaftServerImpl.java:start(334)) - 26c35b0c-04d0-419a-bd9f-9a0c5cb2698b@group-168BE77AF746: start as a follower, conf=-1: peers:[26c35b0c-04d0-419a-bd9f-9a0c5cb2698b|rpc:10.1.0.59:38927|priority:1|startupRole:FOLLOWER]|listeners:[], old=null
2022-11-10 07:14:17,884 [pool-72-thread-1] INFO  server.RaftServer$Division (RaftServerImpl.java:setRole(321)) - 26c35b0c-04d0-419a-bd9f-9a0c5cb2698b@group-168BE77AF746: changes role from      null to FOLLOWER at term 0 for startAsFollower
2022-11-10 07:14:17,885 [pool-72-thread-1] INFO  impl.RoleInfo (RoleInfo.java:updateAndGet(139)) - 26c35b0c-04d0-419a-bd9f-9a0c5cb2698b: start 26c35b0c-04d0-419a-bd9f-9a0c5cb2698b@group-168BE77AF746-FollowerState
2022-11-10 07:14:17,894 [pool-72-thread-1] INFO  util.JmxRegister (JmxRegister.java:tryRegister(44)) - Successfully registered JMX Bean with object name Ratis:service=RaftServer,group=group-168BE77AF746,id=26c35b0c-04d0-419a-bd9f-9a0c5cb2698b
2022-11-10 07:14:17,897 [pool-72-thread-1] INFO  server.RaftServerConfigKeys (ConfUtils.java:logGet(46)) - raft.server.snapshot.auto.trigger.enabled = true (custom)
2022-11-10 07:14:17,897 [pool-72-thread-1] INFO  server.RaftServerConfigKeys (ConfUtils.java:logGet(46)) - raft.server.snapshot.auto.trigger.threshold = 10000 (custom)
2022-11-10 07:14:17,897 [pool-72-thread-1] INFO  server.RaftServerConfigKeys (ConfUtils.java:logGet(46)) - raft.server.snapshot.retention.file.num = 5 (custom)
2022-11-10 07:14:17,897 [pool-72-thread-1] INFO  server.RaftServerConfigKeys (ConfUtils.java:logGet(46)) - raft.server.log.purge.upto.snapshot.index = false (default)
2022-11-10 07:14:17,902 [26c35b0c-04d0-419a-bd9f-9a0c5cb2698b@group-168BE77AF746-FollowerState] INFO  server.RaftServerConfigKeys (ConfUtils.java:logFallback(53)) - raft.server.rpc.first-election.timeout.min = 5s (fallback to raft.server.rpc.timeout.min)
2022-11-10 07:14:17,902 [26c35b0c-04d0-419a-bd9f-9a0c5cb2698b@group-168BE77AF746-FollowerState] INFO  server.RaftServerConfigKeys (ConfUtils.java:logFallback(53)) - raft.server.rpc.first-election.timeout.max = 5200ms (fallback to raft.server.rpc.timeout.max)
2022-11-10 07:14:17,903 [EventQueue-PipelineReportForPipelineReportHandler] INFO  pipeline.PipelineManagerImpl (PipelineManagerImpl.java:openPipeline(367)) - Pipeline Pipeline[ Id: ad067755-8340-4e5f-8c88-168be77af746, Nodes: 26c35b0c-04d0-419a-bd9f-9a0c5cb2698b{ip: 10.1.0.59, host: fv-az435-205.hcxxyugg5vdudo0mn2smve0l3g.cx.internal.cloudapp.net, ports: [REPLICATION=34127, RATIS=38927, RATIS_ADMIN=38927, RATIS_SERVER=38927, STANDALONE=38137], networkLocation: /default-rack, certSerialId: null, persistedOpState: IN_SERVICE, persistedOpStateExpiryEpochSec: 0}, ReplicationConfig: RATIS/ONE, State:ALLOCATED, leaderId:26c35b0c-04d0-419a-bd9f-9a0c5cb2698b, CreationTimestamp2022-11-10T07:14:14.879Z[Etc/UTC]] moved to OPEN state
2022-11-10 07:14:17,910 [EventQueue-OpenPipelineForHealthyPipelineSafeModeRule] INFO  safemode.SCMSafeModeManager (HealthyPipelineSafeModeRule.java:process(137)) - SCM in safe mode. Healthy pipelines reported count is 0, required healthy pipeline reported count is 1
2022-11-10 07:14:17,911 [Command processor thread] INFO  ratis.XceiverServerRatis (XceiverServerRatis.java:addGroup(765)) - Created group PipelineID=ad067755-8340-4e5f-8c88-168be77af746
2022-11-10 07:14:17,912 [Command processor thread] INFO  commandhandler.CreatePipelineCommandHandler (CreatePipelineCommandHandler.java:handle(113)) - Created Pipeline RATIS ONE PipelineID=ad067755-8340-4e5f-8c88-168be77af746.
2022-11-10 07:14:17,912 [Command processor thread] INFO  server.RaftServer (RaftServerProxy.java:addNew(96)) - 26c35b0c-04d0-419a-bd9f-9a0c5cb2698b: addNew group-D66893652DD7:[901bb4f9-d448-4097-b3df-3dc09329cc1b|rpc:10.1.0.59:35703|priority:1|startupRole:FOLLOWER, 35d6043c-a711-468a-a34c-4c4022ea36e3|rpc:10.1.0.59:46313|priority:0|startupRole:FOLLOWER, 26c35b0c-04d0-419a-bd9f-9a0c5cb2698b|rpc:10.1.0.59:38927|priority:0|startupRole:FOLLOWER] returns group-D66893652DD7:java.util.concurrent.CompletableFuture@138b4a30[Not completed]
2022-11-10 07:14:17,915 [pool-72-thread-1] INFO  server.RaftServer$Division (RaftServerImpl.java:<init>(195)) - 26c35b0c-04d0-419a-bd9f-9a0c5cb2698b: new RaftServerImpl for group-D66893652DD7:[901bb4f9-d448-4097-b3df-3dc09329cc1b|rpc:10.1.0.59:35703|priority:1|startupRole:FOLLOWER, 35d6043c-a711-468a-a34c-4c4022ea36e3|rpc:10.1.0.59:46313|priority:0|startupRole:FOLLOWER, 26c35b0c-04d0-419a-bd9f-9a0c5cb2698b|rpc:10.1.0.59:38927|priority:0|startupRole:FOLLOWER] with ContainerStateMachine:uninitialized
2022-11-10 07:14:17,915 [pool-72-thread-1] INFO  server.RaftServerConfigKeys (ConfUtils.java:logGet(46)) - raft.server.rpc.timeout.min = 5s (custom)
2022-11-10 07:14:17,915 [pool-72-thread-1] INFO  server.RaftServerConfigKeys (ConfUtils.java:logGet(46)) - raft.server.rpc.timeout.max = 5200ms (custom)
2022-11-10 07:14:17,915 [pool-72-thread-1] INFO  server.RaftServerConfigKeys (ConfUtils.java:logGet(46)) - raft.server.rpc.sleep.time = 25ms (default)
2022-11-10 07:14:17,915 [pool-72-thread-1] INFO  server.RaftServerConfigKeys (ConfUtils.java:logGet(46)) - raft.server.rpc.slowness.timeout = 300s (custom)
2022-11-10 07:14:17,915 [pool-72-thread-1] INFO  server.RaftServerConfigKeys (ConfUtils.java:logGet(46)) - raft.server.leaderelection.leader.step-down.wait-time = 10s (default)
2022-11-10 07:14:17,915 [pool-72-thread-1] INFO  server.RaftServerConfigKeys (ConfUtils.java:logGet(46)) - raft.server.sleep.deviation.threshold = 300ms (default)
2022-11-10 07:14:17,915 [pool-72-thread-1] INFO  server.RaftServer$Division (ServerState.java:<init>(118)) - 26c35b0c-04d0-419a-bd9f-9a0c5cb2698b@group-D66893652DD7: ConfigurationManager, init=-1: peers:[901bb4f9-d448-4097-b3df-3dc09329cc1b|rpc:10.1.0.59:35703|priority:1|startupRole:FOLLOWER, 35d6043c-a711-468a-a34c-4c4022ea36e3|rpc:10.1.0.59:46313|priority:0|startupRole:FOLLOWER, 26c35b0c-04d0-419a-bd9f-9a0c5cb2698b|rpc:10.1.0.59:38927|priority:0|startupRole:FOLLOWER]|listeners:[], old=null, confs=<EMPTY_MAP>
2022-11-10 07:14:17,915 [pool-72-thread-1] INFO  server.RaftServerConfigKeys (ConfUtils.java:logGet(46)) - raft.server.storage.dir = [/home/runner/work/ozone/ozone/hadoop-ozone/integration-test/target/test-dir/MiniOzoneClusterImpl-d14c70f5-e14b-41c6-a13f-e3ca6c51505f/datanode-0/data/ratis] (custom)
2022-11-10 07:14:17,915 [pool-72-thread-1] INFO  server.RaftServerConfigKeys (ConfUtils.java:logGet(46)) - raft.server.log.corruption.policy = EXCEPTION (default)
2022-11-10 07:14:17,916 [pool-72-thread-1] INFO  server.RaftServerConfigKeys (ConfUtils.java:logGet(46)) - raft.server.storage.free-space.min = 0MB (=0) (default)
2022-11-10 07:14:17,916 [pool-72-thread-1] INFO  server.RaftServerConfigKeys (ConfUtils.java:logGet(46)) - raft.server.notification.no-leader.timeout = 300s (custom)
2022-11-10 07:14:17,916 [pool-72-thread-1] INFO  server.RaftServerConfigKeys (ConfUtils.java:logGet(46)) - raft.server.retrycache.expirytime = 600000ms (custom)
2022-11-10 07:14:17,916 [pool-72-thread-1] INFO  server.RaftServerConfigKeys (ConfUtils.java:logGet(46)) - raft.server.retrycache.statistics.expirytime = 100μs (default)
2022-11-10 07:14:17,923 [pool-72-thread-1] INFO  server.RaftServerConfigKeys (ConfUtils.java:logGet(46)) - raft.server.log.appender.install.snapshot.enabled = false (custom)
2022-11-10 07:14:17,923 [pool-72-thread-1] INFO  server.RaftServerConfigKeys (ConfUtils.java:logGet(46)) - raft.server.threadpool.server.cached = true (default)
2022-11-10 07:14:17,923 [pool-72-thread-1] INFO  server.RaftServerConfigKeys (ConfUtils.java:logGet(46)) - raft.server.threadpool.server.size = 0 (default)
2022-11-10 07:14:17,923 [pool-72-thread-1] INFO  server.RaftServerConfigKeys (ConfUtils.java:logGet(46)) - raft.server.threadpool.client.cached = true (default)
2022-11-10 07:14:17,923 [pool-72-thread-1] INFO  server.RaftServerConfigKeys (ConfUtils.java:logGet(46)) - raft.server.threadpool.client.size = 0 (default)
2022-11-10 07:14:17,924 [pool-72-thread-1] INFO  storage.RaftStorageDirectory (RaftStorageDirectoryImpl.java:analyzeStorage(137)) - The storage directory /home/runner/work/ozone/ozone/hadoop-ozone/integration-test/target/test-dir/MiniOzoneClusterImpl-d14c70f5-e14b-41c6-a13f-e3ca6c51505f/datanode-0/data/ratis/7b682ceb-0ee3-4c6e-8cd4-d66893652dd7 does not exist. Creating ...
2022-11-10 07:14:17,925 [pool-72-thread-1] INFO  storage.RaftStorageDirectory (RaftStorageDirectoryImpl.java:tryLock(231)) - Lock on /home/runner/work/ozone/ozone/hadoop-ozone/integration-test/target/test-dir/MiniOzoneClusterImpl-d14c70f5-e14b-41c6-a13f-e3ca6c51505f/datanode-0/data/ratis/7b682ceb-0ee3-4c6e-8cd4-d66893652dd7/in_use.lock acquired by nodename 12028@fv-az435-205
2022-11-10 07:14:17,926 [pool-72-thread-1] INFO  storage.RaftStorage (RaftStorageImpl.java:format(96)) - Storage directory /home/runner/work/ozone/ozone/hadoop-ozone/integration-test/target/test-dir/MiniOzoneClusterImpl-d14c70f5-e14b-41c6-a13f-e3ca6c51505f/datanode-0/data/ratis/7b682ceb-0ee3-4c6e-8cd4-d66893652dd7 has been successfully formatted.
2022-11-10 07:14:17,928 [pool-72-thread-1] INFO  ratis.ContainerStateMachine (ContainerStateMachine.java:loadSnapshot(236)) - group-D66893652DD7: The snapshot info is null. Setting the last applied indexto:(t:0, i:~)
2022-11-10 07:14:17,928 [pool-72-thread-1] INFO  server.RaftServerConfigKeys (ConfUtils.java:logGet(46)) - raft.server.log.use.memory = false (default)
2022-11-10 07:14:17,928 [EventQueue-OpenPipelineForHealthyPipelineSafeModeRule] INFO  safemode.SCMSafeModeManager (HealthyPipelineSafeModeRule.java:process(137)) - SCM in safe mode. Healthy pipelines reported count is 0, required healthy pipeline reported count is 1
2022-11-10 07:14:17,931 [pool-72-thread-1] INFO  server.RaftServerConfigKeys (ConfUtils.java:logGet(46)) - raft.server.log.purge.gap = 1000000 (custom)
2022-11-10 07:14:17,931 [pool-72-thread-1] INFO  server.RaftServerConfigKeys (ConfUtils.java:logGet(46)) - raft.server.log.appender.buffer.byte-limit = 33554432 (custom)
2022-11-10 07:14:17,931 [pool-72-thread-1] INFO  server.RaftServerConfigKeys (ConfUtils.java:logGet(46)) - raft.server.log.statemachine.data.read.timeout = 1000ms (default)
2022-11-10 07:14:17,932 [pool-72-thread-1] INFO  server.RaftServerConfigKeys (ConfUtils.java:logGet(46)) - raft.server.log.purge.preservation.log.num = 0 (default)
2022-11-10 07:14:17,934 [pool-72-thread-1] INFO  server.RaftServerConfigKeys (ConfUtils.java:logGet(46)) - raft.server.log.segment.size.max = 1048576 (custom)
2022-11-10 07:14:17,934 [pool-72-thread-1] INFO  server.RaftServerConfigKeys (ConfUtils.java:logGet(46)) - raft.server.log.segment.cache.num.max = 2 (custom)
2022-11-10 07:14:17,934 [pool-72-thread-1] INFO  server.RaftServerConfigKeys (ConfUtils.java:logGet(46)) - raft.server.log.segment.cache.size.max = 200MB (=209715200) (default)
2022-11-10 07:14:17,935 [pool-72-thread-1] INFO  segmented.SegmentedRaftLogWorker (SegmentedRaftLogWorker.java:<init>(191)) - new 26c35b0c-04d0-419a-bd9f-9a0c5cb2698b@group-D66893652DD7-SegmentedRaftLogWorker for RaftStorageImpl:Storage Directory /home/runner/work/ozone/ozone/hadoop-ozone/integration-test/target/test-dir/MiniOzoneClusterImpl-d14c70f5-e14b-41c6-a13f-e3ca6c51505f/datanode-0/data/ratis/7b682ceb-0ee3-4c6e-8cd4-d66893652dd7
2022-11-10 07:14:17,935 [pool-72-thread-1] INFO  server.RaftServerConfigKeys (ConfUtils.java:logGet(46)) - raft.server.log.queue.byte-limit = 4294967296 (custom)
2022-11-10 07:14:17,935 [pool-72-thread-1] INFO  server.RaftServerConfigKeys (ConfUtils.java:logGet(46)) - raft.server.log.queue.element-limit = 1024 (custom)
2022-11-10 07:14:17,935 [pool-72-thread-1] INFO  server.RaftServerConfigKeys (ConfUtils.java:logGet(46)) - raft.server.log.segment.size.max = 1048576 (custom)
2022-11-10 07:14:17,935 [pool-72-thread-1] INFO  server.RaftServerConfigKeys (ConfUtils.java:logGet(46)) - raft.server.log.preallocated.size = 16384 (custom)
2022-11-10 07:14:17,935 [pool-72-thread-1] INFO  server.RaftServerConfigKeys (ConfUtils.java:logGet(46)) - raft.server.log.force.sync.num = 128 (default)
2022-11-10 07:14:17,935 [pool-72-thread-1] INFO  server.RaftServerConfigKeys (ConfUtils.java:logGet(46)) - raft.server.log.statemachine.data.sync = true (default)
2022-11-10 07:14:17,935 [pool-72-thread-1] INFO  server.RaftServerConfigKeys (ConfUtils.java:logGet(46)) - raft.server.log.statemachine.data.sync.timeout = 10s (default)
2022-11-10 07:14:17,935 [pool-72-thread-1] INFO  server.RaftServerConfigKeys (ConfUtils.java:logGet(46)) - raft.server.log.statemachine.data.sync.timeout.retry = -1 (default)
2022-11-10 07:14:17,937 [pool-72-thread-1] INFO  server.RaftServerConfigKeys (ConfUtils.java:logGet(46)) - raft.server.log.write.buffer.size = 1048576 (custom)
2022-11-10 07:14:17,938 [pool-72-thread-1] INFO  server.RaftServerConfigKeys (ConfUtils.java:logGet(46)) - raft.server.log.unsafe-flush.enabled = false (default)
2022-11-10 07:14:17,938 [pool-72-thread-1] INFO  server.RaftServerConfigKeys (ConfUtils.java:logGet(46)) - raft.server.log.async-flush.enabled = false (default)
2022-11-10 07:14:17,938 [pool-72-thread-1] INFO  server.RaftServerConfigKeys (ConfUtils.java:logGet(46)) - raft.server.log.statemachine.data.caching.enabled = true (custom)
2022-11-10 07:14:17,938 [pool-72-thread-1] INFO  segmented.SegmentedRaftLogWorker (SegmentedRaftLogWorker.java:lambda$new$0(136)) - 26c35b0c-04d0-419a-bd9f-9a0c5cb2698b@group-D66893652DD7-SegmentedRaftLogWorker: flushIndex: setUnconditionally 0 -> -1
2022-11-10 07:14:17,938 [pool-72-thread-1] INFO  segmented.SegmentedRaftLogWorker (SegmentedRaftLogWorker.java:lambda$new$0(136)) - 26c35b0c-04d0-419a-bd9f-9a0c5cb2698b@group-D66893652DD7-SegmentedRaftLogWorker: safeCacheEvictIndex: setUnconditionally 0 -> -1
2022-11-10 07:14:17,938 [pool-72-thread-1] INFO  server.RaftServer$Division (RaftServerImpl.java:start(334)) - 26c35b0c-04d0-419a-bd9f-9a0c5cb2698b@group-D66893652DD7: start as a follower, conf=-1: peers:[901bb4f9-d448-4097-b3df-3dc09329cc1b|rpc:10.1.0.59:35703|priority:1|startupRole:FOLLOWER, 35d6043c-a711-468a-a34c-4c4022ea36e3|rpc:10.1.0.59:46313|priority:0|startupRole:FOLLOWER, 26c35b0c-04d0-419a-bd9f-9a0c5cb2698b|rpc:10.1.0.59:38927|priority:0|startupRole:FOLLOWER]|listeners:[], old=null
2022-11-10 07:14:17,938 [pool-72-thread-1] INFO  server.RaftServer$Division (RaftServerImpl.java:setRole(321)) - 26c35b0c-04d0-419a-bd9f-9a0c5cb2698b@group-D66893652DD7: changes role from      null to FOLLOWER at term 0 for startAsFollower
2022-11-10 07:14:17,938 [pool-72-thread-1] INFO  impl.RoleInfo (RoleInfo.java:updateAndGet(139)) - 26c35b0c-04d0-419a-bd9f-9a0c5cb2698b: start 26c35b0c-04d0-419a-bd9f-9a0c5cb2698b@group-D66893652DD7-FollowerState
2022-11-10 07:14:17,939 [pool-72-thread-1] INFO  util.JmxRegister (JmxRegister.java:tryRegister(44)) - Successfully registered JMX Bean with object name Ratis:service=RaftServer,group=group-D66893652DD7,id=26c35b0c-04d0-419a-bd9f-9a0c5cb2698b
2022-11-10 07:14:17,939 [pool-72-thread-1] INFO  server.RaftServerConfigKeys (ConfUtils.java:logGet(46)) - raft.server.snapshot.auto.trigger.enabled = true (custom)
2022-11-10 07:14:17,939 [pool-72-thread-1] INFO  server.RaftServerConfigKeys (ConfUtils.java:logGet(46)) - raft.server.snapshot.auto.trigger.threshold = 10000 (custom)
2022-11-10 07:14:17,939 [pool-72-thread-1] INFO  server.RaftServerConfigKeys (ConfUtils.java:logGet(46)) - raft.server.snapshot.retention.file.num = 5 (custom)
2022-11-10 07:14:17,939 [pool-72-thread-1] INFO  server.RaftServerConfigKeys (ConfUtils.java:logGet(46)) - raft.server.log.purge.upto.snapshot.index = false (default)
2022-11-10 07:14:17,940 [26c35b0c-04d0-419a-bd9f-9a0c5cb2698b@group-D66893652DD7-FollowerState] INFO  server.RaftServerConfigKeys (ConfUtils.java:logFallback(53)) - raft.server.rpc.first-election.timeout.min = 5s (fallback to raft.server.rpc.timeout.min)
2022-11-10 07:14:17,940 [26c35b0c-04d0-419a-bd9f-9a0c5cb2698b@group-D66893652DD7-FollowerState] INFO  server.RaftServerConfigKeys (ConfUtils.java:logFallback(53)) - raft.server.rpc.first-election.timeout.max = 5200ms (fallback to raft.server.rpc.timeout.max)
2022-11-10 07:14:17,940 [Command processor thread] INFO  ratis.XceiverServerRatis (XceiverServerRatis.java:addGroup(765)) - Created group PipelineID=7b682ceb-0ee3-4c6e-8cd4-d66893652dd7
2022-11-10 07:14:18,301 [Command processor thread] INFO  server.RaftServer (RaftServerProxy.java:addNew(96)) - 35d6043c-a711-468a-a34c-4c4022ea36e3: addNew group-092F80E77802:[35d6043c-a711-468a-a34c-4c4022ea36e3|rpc:10.1.0.59:46313|priority:1|startupRole:FOLLOWER] returns group-092F80E77802:java.util.concurrent.CompletableFuture@1d14700c[Not completed]
2022-11-10 07:14:18,312 [pool-95-thread-1] INFO  server.RaftServer$Division (RaftServerImpl.java:<init>(195)) - 35d6043c-a711-468a-a34c-4c4022ea36e3: new RaftServerImpl for group-092F80E77802:[35d6043c-a711-468a-a34c-4c4022ea36e3|rpc:10.1.0.59:46313|priority:1|startupRole:FOLLOWER] with ContainerStateMachine:uninitialized
2022-11-10 07:14:18,312 [pool-95-thread-1] INFO  server.RaftServerConfigKeys (ConfUtils.java:logGet(46)) - raft.server.rpc.timeout.min = 5s (custom)
2022-11-10 07:14:18,313 [pool-95-thread-1] INFO  server.RaftServerConfigKeys (ConfUtils.java:logGet(46)) - raft.server.rpc.timeout.max = 5200ms (custom)
2022-11-10 07:14:18,313 [pool-95-thread-1] INFO  server.RaftServerConfigKeys (ConfUtils.java:logGet(46)) - raft.server.rpc.sleep.time = 25ms (default)
2022-11-10 07:14:18,313 [pool-95-thread-1] INFO  server.RaftServerConfigKeys (ConfUtils.java:logGet(46)) - raft.server.rpc.slowness.timeout = 300s (custom)
2022-11-10 07:14:18,313 [pool-95-thread-1] INFO  server.RaftServerConfigKeys (ConfUtils.java:logGet(46)) - raft.server.leaderelection.leader.step-down.wait-time = 10s (default)
2022-11-10 07:14:18,314 [pool-95-thread-1] INFO  server.RaftServerConfigKeys (ConfUtils.java:logGet(46)) - raft.server.sleep.deviation.threshold = 300ms (default)
2022-11-10 07:14:18,314 [pool-95-thread-1] INFO  server.RaftServer$Division (ServerState.java:<init>(118)) - 35d6043c-a711-468a-a34c-4c4022ea36e3@group-092F80E77802: ConfigurationManager, init=-1: peers:[35d6043c-a711-468a-a34c-4c4022ea36e3|rpc:10.1.0.59:46313|priority:1|startupRole:FOLLOWER]|listeners:[], old=null, confs=<EMPTY_MAP>
2022-11-10 07:14:18,314 [pool-95-thread-1] INFO  server.RaftServerConfigKeys (ConfUtils.java:logGet(46)) - raft.server.storage.dir = [/home/runner/work/ozone/ozone/hadoop-ozone/integration-test/target/test-dir/MiniOzoneClusterImpl-d14c70f5-e14b-41c6-a13f-e3ca6c51505f/datanode-1/data/ratis] (custom)
2022-11-10 07:14:18,314 [pool-95-thread-1] INFO  server.RaftServerConfigKeys (ConfUtils.java:logGet(46)) - raft.server.log.corruption.policy = EXCEPTION (default)
2022-11-10 07:14:18,314 [pool-95-thread-1] INFO  server.RaftServerConfigKeys (ConfUtils.java:logGet(46)) - raft.server.storage.free-space.min = 0MB (=0) (default)
2022-11-10 07:14:18,314 [pool-95-thread-1] INFO  server.RaftServerConfigKeys (ConfUtils.java:logGet(46)) - raft.server.notification.no-leader.timeout = 300s (custom)
2022-11-10 07:14:18,314 [pool-95-thread-1] INFO  server.RaftServerConfigKeys (ConfUtils.java:logGet(46)) - raft.server.retrycache.expirytime = 600000ms (custom)
2022-11-10 07:14:18,314 [pool-95-thread-1] INFO  server.RaftServerConfigKeys (ConfUtils.java:logGet(46)) - raft.server.retrycache.statistics.expirytime = 100μs (default)
2022-11-10 07:14:18,333 [pool-95-thread-1] INFO  server.RaftServerConfigKeys (ConfUtils.java:logGet(46)) - raft.server.log.appender.install.snapshot.enabled = false (custom)
2022-11-10 07:14:18,333 [pool-95-thread-1] INFO  server.RaftServerConfigKeys (ConfUtils.java:logGet(46)) - raft.server.threadpool.server.cached = true (default)
2022-11-10 07:14:18,333 [pool-95-thread-1] INFO  server.RaftServerConfigKeys (ConfUtils.java:logGet(46)) - raft.server.threadpool.server.size = 0 (default)
2022-11-10 07:14:18,334 [pool-95-thread-1] INFO  server.RaftServerConfigKeys (ConfUtils.java:logGet(46)) - raft.server.threadpool.client.cached = true (default)
2022-11-10 07:14:18,334 [pool-95-thread-1] INFO  server.RaftServerConfigKeys (ConfUtils.java:logGet(46)) - raft.server.threadpool.client.size = 0 (default)
2022-11-10 07:14:18,334 [pool-95-thread-1] INFO  storage.RaftStorageDirectory (RaftStorageDirectoryImpl.java:analyzeStorage(137)) - The storage directory /home/runner/work/ozone/ozone/hadoop-ozone/integration-test/target/test-dir/MiniOzoneClusterImpl-d14c70f5-e14b-41c6-a13f-e3ca6c51505f/datanode-1/data/ratis/ae97a55a-4b34-4855-8d17-092f80e77802 does not exist. Creating ...
2022-11-10 07:14:18,335 [pool-95-thread-1] INFO  storage.RaftStorageDirectory (RaftStorageDirectoryImpl.java:tryLock(231)) - Lock on /home/runner/work/ozone/ozone/hadoop-ozone/integration-test/target/test-dir/MiniOzoneClusterImpl-d14c70f5-e14b-41c6-a13f-e3ca6c51505f/datanode-1/data/ratis/ae97a55a-4b34-4855-8d17-092f80e77802/in_use.lock acquired by nodename 12028@fv-az435-205
2022-11-10 07:14:18,338 [pool-95-thread-1] INFO  storage.RaftStorage (RaftStorageImpl.java:format(96)) - Storage directory /home/runner/work/ozone/ozone/hadoop-ozone/integration-test/target/test-dir/MiniOzoneClusterImpl-d14c70f5-e14b-41c6-a13f-e3ca6c51505f/datanode-1/data/ratis/ae97a55a-4b34-4855-8d17-092f80e77802 has been successfully formatted.
2022-11-10 07:14:18,339 [pool-95-thread-1] INFO  ratis.ContainerStateMachine (ContainerStateMachine.java:loadSnapshot(236)) - group-092F80E77802: The snapshot info is null. Setting the last applied indexto:(t:0, i:~)
2022-11-10 07:14:18,347 [pool-95-thread-1] INFO  server.RaftServerConfigKeys (ConfUtils.java:logGet(46)) - raft.server.log.use.memory = false (default)
2022-11-10 07:14:18,348 [EventQueue-PipelineReportForPipelineReportHandler] INFO  pipeline.PipelineManagerImpl (PipelineManagerImpl.java:openPipeline(367)) - Pipeline Pipeline[ Id: ae97a55a-4b34-4855-8d17-092f80e77802, Nodes: 35d6043c-a711-468a-a34c-4c4022ea36e3{ip: 10.1.0.59, host: fv-az435-205.hcxxyugg5vdudo0mn2smve0l3g.cx.internal.cloudapp.net, ports: [REPLICATION=33231, RATIS=46313, RATIS_ADMIN=46313, RATIS_SERVER=46313, STANDALONE=43309], networkLocation: /default-rack, certSerialId: null, persistedOpState: IN_SERVICE, persistedOpStateExpiryEpochSec: 0}, ReplicationConfig: RATIS/ONE, State:ALLOCATED, leaderId:35d6043c-a711-468a-a34c-4c4022ea36e3, CreationTimestamp2022-11-10T07:14:15.305Z[Etc/UTC]] moved to OPEN state
2022-11-10 07:14:18,348 [EventQueue-OpenPipelineForHealthyPipelineSafeModeRule] INFO  safemode.SCMSafeModeManager (HealthyPipelineSafeModeRule.java:process(137)) - SCM in safe mode. Healthy pipelines reported count is 0, required healthy pipeline reported count is 1
2022-11-10 07:14:18,349 [pool-95-thread-1] INFO  server.RaftServerConfigKeys (ConfUtils.java:logGet(46)) - raft.server.log.purge.gap = 1000000 (custom)
2022-11-10 07:14:18,351 [pool-95-thread-1] INFO  server.RaftServerConfigKeys (ConfUtils.java:logGet(46)) - raft.server.log.appender.buffer.byte-limit = 33554432 (custom)
2022-11-10 07:14:18,352 [pool-95-thread-1] INFO  server.RaftServerConfigKeys (ConfUtils.java:logGet(46)) - raft.server.log.statemachine.data.read.timeout = 1000ms (default)
2022-11-10 07:14:18,352 [pool-95-thread-1] INFO  server.RaftServerConfigKeys (ConfUtils.java:logGet(46)) - raft.server.log.purge.preservation.log.num = 0 (default)
2022-11-10 07:14:18,352 [pool-95-thread-1] INFO  server.RaftServerConfigKeys (ConfUtils.java:logGet(46)) - raft.server.log.segment.size.max = 1048576 (custom)
2022-11-10 07:14:18,352 [pool-95-thread-1] INFO  server.RaftServerConfigKeys (ConfUtils.java:logGet(46)) - raft.server.log.segment.cache.num.max = 2 (custom)
2022-11-10 07:14:18,352 [pool-95-thread-1] INFO  server.RaftServerConfigKeys (ConfUtils.java:logGet(46)) - raft.server.log.segment.cache.size.max = 200MB (=209715200) (default)
2022-11-10 07:14:18,352 [pool-95-thread-1] INFO  segmented.SegmentedRaftLogWorker (SegmentedRaftLogWorker.java:<init>(191)) - new 35d6043c-a711-468a-a34c-4c4022ea36e3@group-092F80E77802-SegmentedRaftLogWorker for RaftStorageImpl:Storage Directory /home/runner/work/ozone/ozone/hadoop-ozone/integration-test/target/test-dir/MiniOzoneClusterImpl-d14c70f5-e14b-41c6-a13f-e3ca6c51505f/datanode-1/data/ratis/ae97a55a-4b34-4855-8d17-092f80e77802
2022-11-10 07:14:18,352 [pool-95-thread-1] INFO  server.RaftServerConfigKeys (ConfUtils.java:logGet(46)) - raft.server.log.queue.byte-limit = 4294967296 (custom)
2022-11-10 07:14:18,353 [pool-95-thread-1] INFO  server.RaftServerConfigKeys (ConfUtils.java:logGet(46)) - raft.server.log.queue.element-limit = 1024 (custom)
2022-11-10 07:14:18,353 [pool-95-thread-1] INFO  server.RaftServerConfigKeys (ConfUtils.java:logGet(46)) - raft.server.log.segment.size.max = 1048576 (custom)
2022-11-10 07:14:18,353 [pool-95-thread-1] INFO  server.RaftServerConfigKeys (ConfUtils.java:logGet(46)) - raft.server.log.preallocated.size = 16384 (custom)
2022-11-10 07:14:18,353 [pool-95-thread-1] INFO  server.RaftServerConfigKeys (ConfUtils.java:logGet(46)) - raft.server.log.force.sync.num = 128 (default)
2022-11-10 07:14:18,353 [pool-95-thread-1] INFO  server.RaftServerConfigKeys (ConfUtils.java:logGet(46)) - raft.server.log.statemachine.data.sync = true (default)
2022-11-10 07:14:18,353 [pool-95-thread-1] INFO  server.RaftServerConfigKeys (ConfUtils.java:logGet(46)) - raft.server.log.statemachine.data.sync.timeout = 10s (default)
2022-11-10 07:14:18,353 [pool-95-thread-1] INFO  server.RaftServerConfigKeys (ConfUtils.java:logGet(46)) - raft.server.log.statemachine.data.sync.timeout.retry = -1 (default)
2022-11-10 07:14:18,354 [pool-95-thread-1] INFO  server.RaftServerConfigKeys (ConfUtils.java:logGet(46)) - raft.server.log.write.buffer.size = 1048576 (custom)
2022-11-10 07:14:18,354 [pool-95-thread-1] INFO  server.RaftServerConfigKeys (ConfUtils.java:logGet(46)) - raft.server.log.unsafe-flush.enabled = false (default)
2022-11-10 07:14:18,354 [pool-95-thread-1] INFO  server.RaftServerConfigKeys (ConfUtils.java:logGet(46)) - raft.server.log.async-flush.enabled = false (default)
2022-11-10 07:14:18,354 [pool-95-thread-1] INFO  server.RaftServerConfigKeys (ConfUtils.java:logGet(46)) - raft.server.log.statemachine.data.caching.enabled = true (custom)
2022-11-10 07:14:18,355 [pool-95-thread-1] INFO  segmented.SegmentedRaftLogWorker (SegmentedRaftLogWorker.java:lambda$new$0(136)) - 35d6043c-a711-468a-a34c-4c4022ea36e3@group-092F80E77802-SegmentedRaftLogWorker: flushIndex: setUnconditionally 0 -> -1
2022-11-10 07:14:18,355 [pool-95-thread-1] INFO  segmented.SegmentedRaftLogWorker (SegmentedRaftLogWorker.java:lambda$new$0(136)) - 35d6043c-a711-468a-a34c-4c4022ea36e3@group-092F80E77802-SegmentedRaftLogWorker: safeCacheEvictIndex: setUnconditionally 0 -> -1
2022-11-10 07:14:18,361 [pool-95-thread-1] INFO  server.RaftServer$Division (RaftServerImpl.java:start(334)) - 35d6043c-a711-468a-a34c-4c4022ea36e3@group-092F80E77802: start as a follower, conf=-1: peers:[35d6043c-a711-468a-a34c-4c4022ea36e3|rpc:10.1.0.59:46313|priority:1|startupRole:FOLLOWER]|listeners:[], old=null
2022-11-10 07:14:18,361 [pool-95-thread-1] INFO  server.RaftServer$Division (RaftServerImpl.java:setRole(321)) - 35d6043c-a711-468a-a34c-4c4022ea36e3@group-092F80E77802: changes role from      null to FOLLOWER at term 0 for startAsFollower
2022-11-10 07:14:18,361 [pool-95-thread-1] INFO  impl.RoleInfo (RoleInfo.java:updateAndGet(139)) - 35d6043c-a711-468a-a34c-4c4022ea36e3: start 35d6043c-a711-468a-a34c-4c4022ea36e3@group-092F80E77802-FollowerState
2022-11-10 07:14:18,377 [pool-95-thread-1] INFO  util.JmxRegister (JmxRegister.java:tryRegister(44)) - Successfully registered JMX Bean with object name Ratis:service=RaftServer,group=group-092F80E77802,id=35d6043c-a711-468a-a34c-4c4022ea36e3
2022-11-10 07:14:18,378 [35d6043c-a711-468a-a34c-4c4022ea36e3@group-092F80E77802-FollowerState] INFO  server.RaftServerConfigKeys (ConfUtils.java:logFallback(53)) - raft.server.rpc.first-election.timeout.min = 5s (fallback to raft.server.rpc.timeout.min)
2022-11-10 07:14:18,378 [pool-95-thread-1] INFO  server.RaftServerConfigKeys (ConfUtils.java:logGet(46)) - raft.server.snapshot.auto.trigger.enabled = true (custom)
2022-11-10 07:14:18,378 [pool-95-thread-1] INFO  server.RaftServerConfigKeys (ConfUtils.java:logGet(46)) - raft.server.snapshot.auto.trigger.threshold = 10000 (custom)
2022-11-10 07:14:18,378 [pool-95-thread-1] INFO  server.RaftServerConfigKeys (ConfUtils.java:logGet(46)) - raft.server.snapshot.retention.file.num = 5 (custom)
2022-11-10 07:14:18,378 [pool-95-thread-1] INFO  server.RaftServerConfigKeys (ConfUtils.java:logGet(46)) - raft.server.log.purge.upto.snapshot.index = false (default)
2022-11-10 07:14:18,382 [35d6043c-a711-468a-a34c-4c4022ea36e3@group-092F80E77802-FollowerState] INFO  server.RaftServerConfigKeys (ConfUtils.java:logFallback(53)) - raft.server.rpc.first-election.timeout.max = 5200ms (fallback to raft.server.rpc.timeout.max)
2022-11-10 07:14:18,383 [Command processor thread] INFO  ratis.XceiverServerRatis (XceiverServerRatis.java:addGroup(765)) - Created group PipelineID=ae97a55a-4b34-4855-8d17-092f80e77802
2022-11-10 07:14:18,384 [Command processor thread] INFO  commandhandler.CreatePipelineCommandHandler (CreatePipelineCommandHandler.java:handle(113)) - Created Pipeline RATIS ONE PipelineID=ae97a55a-4b34-4855-8d17-092f80e77802.
2022-11-10 07:14:18,391 [Command processor thread] INFO  server.RaftServer (RaftServerProxy.java:addNew(96)) - 35d6043c-a711-468a-a34c-4c4022ea36e3: addNew group-D66893652DD7:[901bb4f9-d448-4097-b3df-3dc09329cc1b|rpc:10.1.0.59:35703|priority:1|startupRole:FOLLOWER, 35d6043c-a711-468a-a34c-4c4022ea36e3|rpc:10.1.0.59:46313|priority:0|startupRole:FOLLOWER, 26c35b0c-04d0-419a-bd9f-9a0c5cb2698b|rpc:10.1.0.59:38927|priority:0|startupRole:FOLLOWER] returns group-D66893652DD7:java.util.concurrent.CompletableFuture@192bf776[Not completed]
2022-11-10 07:14:18,392 [pool-95-thread-1] INFO  server.RaftServer$Division (RaftServerImpl.java:<init>(195)) - 35d6043c-a711-468a-a34c-4c4022ea36e3: new RaftServerImpl for group-D66893652DD7:[901bb4f9-d448-4097-b3df-3dc09329cc1b|rpc:10.1.0.59:35703|priority:1|startupRole:FOLLOWER, 35d6043c-a711-468a-a34c-4c4022ea36e3|rpc:10.1.0.59:46313|priority:0|startupRole:FOLLOWER, 26c35b0c-04d0-419a-bd9f-9a0c5cb2698b|rpc:10.1.0.59:38927|priority:0|startupRole:FOLLOWER] with ContainerStateMachine:uninitialized
2022-11-10 07:14:18,392 [pool-95-thread-1] INFO  server.RaftServerConfigKeys (ConfUtils.java:logGet(46)) - raft.server.rpc.timeout.min = 5s (custom)
2022-11-10 07:14:18,392 [pool-95-thread-1] INFO  server.RaftServerConfigKeys (ConfUtils.java:logGet(46)) - raft.server.rpc.timeout.max = 5200ms (custom)
2022-11-10 07:14:18,392 [pool-95-thread-1] INFO  server.RaftServerConfigKeys (ConfUtils.java:logGet(46)) - raft.server.rpc.sleep.time = 25ms (default)
2022-11-10 07:14:18,392 [pool-95-thread-1] INFO  server.RaftServerConfigKeys (ConfUtils.java:logGet(46)) - raft.server.rpc.slowness.timeout = 300s (custom)
2022-11-10 07:14:18,392 [pool-95-thread-1] INFO  server.RaftServerConfigKeys (ConfUtils.java:logGet(46)) - raft.server.leaderelection.leader.step-down.wait-time = 10s (default)
2022-11-10 07:14:18,392 [pool-95-thread-1] INFO  server.RaftServerConfigKeys (ConfUtils.java:logGet(46)) - raft.server.sleep.deviation.threshold = 300ms (default)
2022-11-10 07:14:18,392 [pool-95-thread-1] INFO  server.RaftServer$Division (ServerState.java:<init>(118)) - 35d6043c-a711-468a-a34c-4c4022ea36e3@group-D66893652DD7: ConfigurationManager, init=-1: peers:[901bb4f9-d448-4097-b3df-3dc09329cc1b|rpc:10.1.0.59:35703|priority:1|startupRole:FOLLOWER, 35d6043c-a711-468a-a34c-4c4022ea36e3|rpc:10.1.0.59:46313|priority:0|startupRole:FOLLOWER, 26c35b0c-04d0-419a-bd9f-9a0c5cb2698b|rpc:10.1.0.59:38927|priority:0|startupRole:FOLLOWER]|listeners:[], old=null, confs=<EMPTY_MAP>
2022-11-10 07:14:18,393 [pool-95-thread-1] INFO  server.RaftServerConfigKeys (ConfUtils.java:logGet(46)) - raft.server.storage.dir = [/home/runner/work/ozone/ozone/hadoop-ozone/integration-test/target/test-dir/MiniOzoneClusterImpl-d14c70f5-e14b-41c6-a13f-e3ca6c51505f/datanode-1/data/ratis] (custom)
2022-11-10 07:14:18,393 [pool-95-thread-1] INFO  server.RaftServerConfigKeys (ConfUtils.java:logGet(46)) - raft.server.log.corruption.policy = EXCEPTION (default)
2022-11-10 07:14:18,393 [pool-95-thread-1] INFO  server.RaftServerConfigKeys (ConfUtils.java:logGet(46)) - raft.server.storage.free-space.min = 0MB (=0) (default)
2022-11-10 07:14:18,393 [pool-95-thread-1] INFO  server.RaftServerConfigKeys (ConfUtils.java:logGet(46)) - raft.server.notification.no-leader.timeout = 300s (custom)
2022-11-10 07:14:18,393 [pool-95-thread-1] INFO  server.RaftServerConfigKeys (ConfUtils.java:logGet(46)) - raft.server.retrycache.expirytime = 600000ms (custom)
2022-11-10 07:14:18,393 [pool-95-thread-1] INFO  server.RaftServerConfigKeys (ConfUtils.java:logGet(46)) - raft.server.retrycache.statistics.expirytime = 100μs (default)
2022-11-10 07:14:18,394 [pool-95-thread-1] INFO  server.RaftServerConfigKeys (ConfUtils.java:logGet(46)) - raft.server.log.appender.install.snapshot.enabled = false (custom)
2022-11-10 07:14:18,394 [pool-95-thread-1] INFO  server.RaftServerConfigKeys (ConfUtils.java:logGet(46)) - raft.server.threadpool.server.cached = true (default)
2022-11-10 07:14:18,394 [pool-95-thread-1] INFO  server.RaftServerConfigKeys (ConfUtils.java:logGet(46)) - raft.server.threadpool.server.size = 0 (default)
2022-11-10 07:14:18,394 [pool-95-thread-1] INFO  server.RaftServerConfigKeys (ConfUtils.java:logGet(46)) - raft.server.threadpool.client.cached = true (default)
2022-11-10 07:14:18,394 [pool-95-thread-1] INFO  server.RaftServerConfigKeys (ConfUtils.java:logGet(46)) - raft.server.threadpool.client.size = 0 (default)
2022-11-10 07:14:18,394 [pool-95-thread-1] INFO  storage.RaftStorageDirectory (RaftStorageDirectoryImpl.java:analyzeStorage(137)) - The storage directory /home/runner/work/ozone/ozone/hadoop-ozone/integration-test/target/test-dir/MiniOzoneClusterImpl-d14c70f5-e14b-41c6-a13f-e3ca6c51505f/datanode-1/data/ratis/7b682ceb-0ee3-4c6e-8cd4-d66893652dd7 does not exist. Creating ...
2022-11-10 07:14:18,400 [pool-95-thread-1] INFO  storage.RaftStorageDirectory (RaftStorageDirectoryImpl.java:tryLock(231)) - Lock on /home/runner/work/ozone/ozone/hadoop-ozone/integration-test/target/test-dir/MiniOzoneClusterImpl-d14c70f5-e14b-41c6-a13f-e3ca6c51505f/datanode-1/data/ratis/7b682ceb-0ee3-4c6e-8cd4-d66893652dd7/in_use.lock acquired by nodename 12028@fv-az435-205
2022-11-10 07:14:18,402 [pool-95-thread-1] INFO  storage.RaftStorage (RaftStorageImpl.java:format(96)) - Storage directory /home/runner/work/ozone/ozone/hadoop-ozone/integration-test/target/test-dir/MiniOzoneClusterImpl-d14c70f5-e14b-41c6-a13f-e3ca6c51505f/datanode-1/data/ratis/7b682ceb-0ee3-4c6e-8cd4-d66893652dd7 has been successfully formatted.
2022-11-10 07:14:18,403 [pool-95-thread-1] INFO  ratis.ContainerStateMachine (ContainerStateMachine.java:loadSnapshot(236)) - group-D66893652DD7: The snapshot info is null. Setting the last applied indexto:(t:0, i:~)
2022-11-10 07:14:18,404 [pool-95-thread-1] INFO  server.RaftServerConfigKeys (ConfUtils.java:logGet(46)) - raft.server.log.use.memory = false (default)
2022-11-10 07:14:18,404 [pool-95-thread-1] INFO  server.RaftServerConfigKeys (ConfUtils.java:logGet(46)) - raft.server.log.purge.gap = 1000000 (custom)
2022-11-10 07:14:18,404 [pool-95-thread-1] INFO  server.RaftServerConfigKeys (ConfUtils.java:logGet(46)) - raft.server.log.appender.buffer.byte-limit = 33554432 (custom)
2022-11-10 07:14:18,404 [pool-95-thread-1] INFO  server.RaftServerConfigKeys (ConfUtils.java:logGet(46)) - raft.server.log.statemachine.data.read.timeout = 1000ms (default)
2022-11-10 07:14:18,404 [pool-95-thread-1] INFO  server.RaftServerConfigKeys (ConfUtils.java:logGet(46)) - raft.server.log.purge.preservation.log.num = 0 (default)
2022-11-10 07:14:18,405 [pool-95-thread-1] INFO  server.RaftServerConfigKeys (ConfUtils.java:logGet(46)) - raft.server.log.segment.size.max = 1048576 (custom)
2022-11-10 07:14:18,405 [pool-95-thread-1] INFO  server.RaftServerConfigKeys (ConfUtils.java:logGet(46)) - raft.server.log.segment.cache.num.max = 2 (custom)
2022-11-10 07:14:18,405 [pool-95-thread-1] INFO  server.RaftServerConfigKeys (ConfUtils.java:logGet(46)) - raft.server.log.segment.cache.size.max = 200MB (=209715200) (default)
2022-11-10 07:14:18,405 [pool-95-thread-1] INFO  segmented.SegmentedRaftLogWorker (SegmentedRaftLogWorker.java:<init>(191)) - new 35d6043c-a711-468a-a34c-4c4022ea36e3@group-D66893652DD7-SegmentedRaftLogWorker for RaftStorageImpl:Storage Directory /home/runner/work/ozone/ozone/hadoop-ozone/integration-test/target/test-dir/MiniOzoneClusterImpl-d14c70f5-e14b-41c6-a13f-e3ca6c51505f/datanode-1/data/ratis/7b682ceb-0ee3-4c6e-8cd4-d66893652dd7
2022-11-10 07:14:18,406 [pool-95-thread-1] INFO  server.RaftServerConfigKeys (ConfUtils.java:logGet(46)) - raft.server.log.queue.byte-limit = 4294967296 (custom)
2022-11-10 07:14:18,406 [pool-95-thread-1] INFO  server.RaftServerConfigKeys (ConfUtils.java:logGet(46)) - raft.server.log.queue.element-limit = 1024 (custom)
2022-11-10 07:14:18,406 [pool-95-thread-1] INFO  server.RaftServerConfigKeys (ConfUtils.java:logGet(46)) - raft.server.log.segment.size.max = 1048576 (custom)
2022-11-10 07:14:18,406 [pool-95-thread-1] INFO  server.RaftServerConfigKeys (ConfUtils.java:logGet(46)) - raft.server.log.preallocated.size = 16384 (custom)
2022-11-10 07:14:18,406 [pool-95-thread-1] INFO  server.RaftServerConfigKeys (ConfUtils.java:logGet(46)) - raft.server.log.force.sync.num = 128 (default)
2022-11-10 07:14:18,406 [pool-95-thread-1] INFO  server.RaftServerConfigKeys (ConfUtils.java:logGet(46)) - raft.server.log.statemachine.data.sync = true (default)
2022-11-10 07:14:18,406 [pool-95-thread-1] INFO  server.RaftServerConfigKeys (ConfUtils.java:logGet(46)) - raft.server.log.statemachine.data.sync.timeout = 10s (default)
2022-11-10 07:14:18,406 [pool-95-thread-1] INFO  server.RaftServerConfigKeys (ConfUtils.java:logGet(46)) - raft.server.log.statemachine.data.sync.timeout.retry = -1 (default)
2022-11-10 07:14:18,407 [pool-95-thread-1] INFO  server.RaftServerConfigKeys (ConfUtils.java:logGet(46)) - raft.server.log.write.buffer.size = 1048576 (custom)
2022-11-10 07:14:18,408 [pool-95-thread-1] INFO  server.RaftServerConfigKeys (ConfUtils.java:logGet(46)) - raft.server.log.unsafe-flush.enabled = false (default)
2022-11-10 07:14:18,408 [pool-95-thread-1] INFO  server.RaftServerConfigKeys (ConfUtils.java:logGet(46)) - raft.server.log.async-flush.enabled = false (default)
2022-11-10 07:14:18,408 [pool-95-thread-1] INFO  server.RaftServerConfigKeys (ConfUtils.java:logGet(46)) - raft.server.log.statemachine.data.caching.enabled = true (custom)
2022-11-10 07:14:18,408 [pool-95-thread-1] INFO  segmented.SegmentedRaftLogWorker (SegmentedRaftLogWorker.java:lambda$new$0(136)) - 35d6043c-a711-468a-a34c-4c4022ea36e3@group-D66893652DD7-SegmentedRaftLogWorker: flushIndex: setUnconditionally 0 -> -1
2022-11-10 07:14:18,408 [pool-95-thread-1] INFO  segmented.SegmentedRaftLogWorker (SegmentedRaftLogWorker.java:lambda$new$0(136)) - 35d6043c-a711-468a-a34c-4c4022ea36e3@group-D66893652DD7-SegmentedRaftLogWorker: safeCacheEvictIndex: setUnconditionally 0 -> -1
2022-11-10 07:14:18,415 [EventQueue-OpenPipelineForHealthyPipelineSafeModeRule] INFO  safemode.SCMSafeModeManager (HealthyPipelineSafeModeRule.java:process(137)) - SCM in safe mode. Healthy pipelines reported count is 0, required healthy pipeline reported count is 1
2022-11-10 07:14:18,417 [pool-95-thread-1] INFO  server.RaftServer$Division (RaftServerImpl.java:start(334)) - 35d6043c-a711-468a-a34c-4c4022ea36e3@group-D66893652DD7: start as a follower, conf=-1: peers:[901bb4f9-d448-4097-b3df-3dc09329cc1b|rpc:10.1.0.59:35703|priority:1|startupRole:FOLLOWER, 35d6043c-a711-468a-a34c-4c4022ea36e3|rpc:10.1.0.59:46313|priority:0|startupRole:FOLLOWER, 26c35b0c-04d0-419a-bd9f-9a0c5cb2698b|rpc:10.1.0.59:38927|priority:0|startupRole:FOLLOWER]|listeners:[], old=null
2022-11-10 07:14:18,417 [pool-95-thread-1] INFO  server.RaftServer$Division (RaftServerImpl.java:setRole(321)) - 35d6043c-a711-468a-a34c-4c4022ea36e3@group-D66893652DD7: changes role from      null to FOLLOWER at term 0 for startAsFollower
2022-11-10 07:14:18,417 [pool-95-thread-1] INFO  impl.RoleInfo (RoleInfo.java:updateAndGet(139)) - 35d6043c-a711-468a-a34c-4c4022ea36e3: start 35d6043c-a711-468a-a34c-4c4022ea36e3@group-D66893652DD7-FollowerState
2022-11-10 07:14:18,425 [pool-95-thread-1] INFO  util.JmxRegister (JmxRegister.java:tryRegister(44)) - Successfully registered JMX Bean with object name Ratis:service=RaftServer,group=group-D66893652DD7,id=35d6043c-a711-468a-a34c-4c4022ea36e3
2022-11-10 07:14:18,425 [pool-95-thread-1] INFO  server.RaftServerConfigKeys (ConfUtils.java:logGet(46)) - raft.server.snapshot.auto.trigger.enabled = true (custom)
2022-11-10 07:14:18,425 [pool-95-thread-1] INFO  server.RaftServerConfigKeys (ConfUtils.java:logGet(46)) - raft.server.snapshot.auto.trigger.threshold = 10000 (custom)
2022-11-10 07:14:18,425 [pool-95-thread-1] INFO  server.RaftServerConfigKeys (ConfUtils.java:logGet(46)) - raft.server.snapshot.retention.file.num = 5 (custom)
2022-11-10 07:14:18,425 [pool-95-thread-1] INFO  server.RaftServerConfigKeys (ConfUtils.java:logGet(46)) - raft.server.log.purge.upto.snapshot.index = false (default)
2022-11-10 07:14:18,425 [35d6043c-a711-468a-a34c-4c4022ea36e3@group-D66893652DD7-FollowerState] INFO  server.RaftServerConfigKeys (ConfUtils.java:logFallback(53)) - raft.server.rpc.first-election.timeout.min = 5s (fallback to raft.server.rpc.timeout.min)
2022-11-10 07:14:18,425 [35d6043c-a711-468a-a34c-4c4022ea36e3@group-D66893652DD7-FollowerState] INFO  server.RaftServerConfigKeys (ConfUtils.java:logFallback(53)) - raft.server.rpc.first-election.timeout.max = 5200ms (fallback to raft.server.rpc.timeout.max)
2022-11-10 07:14:18,429 [Command processor thread] INFO  ratis.XceiverServerRatis (XceiverServerRatis.java:addGroup(765)) - Created group PipelineID=7b682ceb-0ee3-4c6e-8cd4-d66893652dd7
2022-11-10 07:14:18,526 [grpc-default-executor-0] INFO  server.RaftServer (RaftServerProxy.java:addNew(96)) - 901bb4f9-d448-4097-b3df-3dc09329cc1b: addNew group-D66893652DD7:[901bb4f9-d448-4097-b3df-3dc09329cc1b|rpc:10.1.0.59:35703|dataStream:|priority:1|startupRole:FOLLOWER, 35d6043c-a711-468a-a34c-4c4022ea36e3|rpc:10.1.0.59:46313|dataStream:|priority:0|startupRole:FOLLOWER, 26c35b0c-04d0-419a-bd9f-9a0c5cb2698b|rpc:10.1.0.59:38927|dataStream:|priority:0|startupRole:FOLLOWER] returns group-D66893652DD7:java.util.concurrent.CompletableFuture@23e5e288[Not completed]
2022-11-10 07:14:18,548 [pool-118-thread-1] INFO  server.RaftServer$Division (RaftServerImpl.java:<init>(195)) - 901bb4f9-d448-4097-b3df-3dc09329cc1b: new RaftServerImpl for group-D66893652DD7:[901bb4f9-d448-4097-b3df-3dc09329cc1b|rpc:10.1.0.59:35703|dataStream:|priority:1|startupRole:FOLLOWER, 35d6043c-a711-468a-a34c-4c4022ea36e3|rpc:10.1.0.59:46313|dataStream:|priority:0|startupRole:FOLLOWER, 26c35b0c-04d0-419a-bd9f-9a0c5cb2698b|rpc:10.1.0.59:38927|dataStream:|priority:0|startupRole:FOLLOWER] with ContainerStateMachine:uninitialized
2022-11-10 07:14:18,548 [pool-118-thread-1] INFO  server.RaftServerConfigKeys (ConfUtils.java:logGet(46)) - raft.server.rpc.timeout.min = 5s (custom)
2022-11-10 07:14:18,548 [pool-118-thread-1] INFO  server.RaftServerConfigKeys (ConfUtils.java:logGet(46)) - raft.server.rpc.timeout.max = 5200ms (custom)
2022-11-10 07:14:18,548 [pool-118-thread-1] INFO  server.RaftServerConfigKeys (ConfUtils.java:logGet(46)) - raft.server.rpc.sleep.time = 25ms (default)
2022-11-10 07:14:18,548 [pool-118-thread-1] INFO  server.RaftServerConfigKeys (ConfUtils.java:logGet(46)) - raft.server.rpc.slowness.timeout = 300s (custom)
2022-11-10 07:14:18,548 [pool-118-thread-1] INFO  server.RaftServerConfigKeys (ConfUtils.java:logGet(46)) - raft.server.leaderelection.leader.step-down.wait-time = 10s (default)
2022-11-10 07:14:18,548 [pool-118-thread-1] INFO  server.RaftServerConfigKeys (ConfUtils.java:logGet(46)) - raft.server.sleep.deviation.threshold = 300ms (default)
2022-11-10 07:14:18,548 [pool-118-thread-1] INFO  server.RaftServer$Division (ServerState.java:<init>(118)) - 901bb4f9-d448-4097-b3df-3dc09329cc1b@group-D66893652DD7: ConfigurationManager, init=-1: peers:[901bb4f9-d448-4097-b3df-3dc09329cc1b|rpc:10.1.0.59:35703|dataStream:|priority:1|startupRole:FOLLOWER, 35d6043c-a711-468a-a34c-4c4022ea36e3|rpc:10.1.0.59:46313|dataStream:|priority:0|startupRole:FOLLOWER, 26c35b0c-04d0-419a-bd9f-9a0c5cb2698b|rpc:10.1.0.59:38927|dataStream:|priority:0|startupRole:FOLLOWER]|listeners:[], old=null, confs=<EMPTY_MAP>
2022-11-10 07:14:18,548 [pool-118-thread-1] INFO  server.RaftServerConfigKeys (ConfUtils.java:logGet(46)) - raft.server.storage.dir = [/home/runner/work/ozone/ozone/hadoop-ozone/integration-test/target/test-dir/MiniOzoneClusterImpl-d14c70f5-e14b-41c6-a13f-e3ca6c51505f/datanode-2/data/ratis] (custom)
2022-11-10 07:14:18,548 [pool-118-thread-1] INFO  server.RaftServerConfigKeys (ConfUtils.java:logGet(46)) - raft.server.log.corruption.policy = EXCEPTION (default)
2022-11-10 07:14:18,548 [pool-118-thread-1] INFO  server.RaftServerConfigKeys (ConfUtils.java:logGet(46)) - raft.server.storage.free-space.min = 0MB (=0) (default)
2022-11-10 07:14:18,549 [pool-118-thread-1] INFO  server.RaftServerConfigKeys (ConfUtils.java:logGet(46)) - raft.server.notification.no-leader.timeout = 300s (custom)
2022-11-10 07:14:18,549 [pool-118-thread-1] INFO  server.RaftServerConfigKeys (ConfUtils.java:logGet(46)) - raft.server.retrycache.expirytime = 600000ms (custom)
2022-11-10 07:14:18,549 [pool-118-thread-1] INFO  server.RaftServerConfigKeys (ConfUtils.java:logGet(46)) - raft.server.retrycache.statistics.expirytime = 100μs (default)
2022-11-10 07:14:18,550 [pool-118-thread-1] INFO  server.RaftServerConfigKeys (ConfUtils.java:logGet(46)) - raft.server.log.appender.install.snapshot.enabled = false (custom)
2022-11-10 07:14:18,550 [pool-118-thread-1] INFO  server.RaftServerConfigKeys (ConfUtils.java:logGet(46)) - raft.server.threadpool.server.cached = true (default)
2022-11-10 07:14:18,550 [pool-118-thread-1] INFO  server.RaftServerConfigKeys (ConfUtils.java:logGet(46)) - raft.server.threadpool.server.size = 0 (default)
2022-11-10 07:14:18,551 [pool-118-thread-1] INFO  server.RaftServerConfigKeys (ConfUtils.java:logGet(46)) - raft.server.threadpool.client.cached = true (default)
2022-11-10 07:14:18,551 [pool-118-thread-1] INFO  server.RaftServerConfigKeys (ConfUtils.java:logGet(46)) - raft.server.threadpool.client.size = 0 (default)
2022-11-10 07:14:18,551 [pool-118-thread-1] INFO  storage.RaftStorageDirectory (RaftStorageDirectoryImpl.java:analyzeStorage(137)) - The storage directory /home/runner/work/ozone/ozone/hadoop-ozone/integration-test/target/test-dir/MiniOzoneClusterImpl-d14c70f5-e14b-41c6-a13f-e3ca6c51505f/datanode-2/data/ratis/7b682ceb-0ee3-4c6e-8cd4-d66893652dd7 does not exist. Creating ...
2022-11-10 07:14:18,569 [pool-118-thread-1] INFO  storage.RaftStorageDirectory (RaftStorageDirectoryImpl.java:tryLock(231)) - Lock on /home/runner/work/ozone/ozone/hadoop-ozone/integration-test/target/test-dir/MiniOzoneClusterImpl-d14c70f5-e14b-41c6-a13f-e3ca6c51505f/datanode-2/data/ratis/7b682ceb-0ee3-4c6e-8cd4-d66893652dd7/in_use.lock acquired by nodename 12028@fv-az435-205
2022-11-10 07:14:18,571 [pool-118-thread-1] INFO  storage.RaftStorage (RaftStorageImpl.java:format(96)) - Storage directory /home/runner/work/ozone/ozone/hadoop-ozone/integration-test/target/test-dir/MiniOzoneClusterImpl-d14c70f5-e14b-41c6-a13f-e3ca6c51505f/datanode-2/data/ratis/7b682ceb-0ee3-4c6e-8cd4-d66893652dd7 has been successfully formatted.
2022-11-10 07:14:18,576 [pool-118-thread-1] INFO  ratis.ContainerStateMachine (ContainerStateMachine.java:loadSnapshot(236)) - group-D66893652DD7: The snapshot info is null. Setting the last applied indexto:(t:0, i:~)
2022-11-10 07:14:18,576 [pool-118-thread-1] INFO  server.RaftServerConfigKeys (ConfUtils.java:logGet(46)) - raft.server.log.use.memory = false (default)
2022-11-10 07:14:18,577 [pool-118-thread-1] INFO  server.RaftServerConfigKeys (ConfUtils.java:logGet(46)) - raft.server.log.purge.gap = 1000000 (custom)
2022-11-10 07:14:18,577 [pool-118-thread-1] INFO  server.RaftServerConfigKeys (ConfUtils.java:logGet(46)) - raft.server.log.appender.buffer.byte-limit = 33554432 (custom)
2022-11-10 07:14:18,577 [pool-118-thread-1] INFO  server.RaftServerConfigKeys (ConfUtils.java:logGet(46)) - raft.server.log.statemachine.data.read.timeout = 1000ms (default)
2022-11-10 07:14:18,577 [pool-118-thread-1] INFO  server.RaftServerConfigKeys (ConfUtils.java:logGet(46)) - raft.server.log.purge.preservation.log.num = 0 (default)
2022-11-10 07:14:18,577 [pool-118-thread-1] INFO  server.RaftServerConfigKeys (ConfUtils.java:logGet(46)) - raft.server.log.segment.size.max = 1048576 (custom)
2022-11-10 07:14:18,578 [pool-118-thread-1] INFO  server.RaftServerConfigKeys (ConfUtils.java:logGet(46)) - raft.server.log.segment.cache.num.max = 2 (custom)
2022-11-10 07:14:18,578 [pool-118-thread-1] INFO  server.RaftServerConfigKeys (ConfUtils.java:logGet(46)) - raft.server.log.segment.cache.size.max = 200MB (=209715200) (default)
2022-11-10 07:14:18,579 [pool-118-thread-1] INFO  segmented.SegmentedRaftLogWorker (SegmentedRaftLogWorker.java:<init>(191)) - new 901bb4f9-d448-4097-b3df-3dc09329cc1b@group-D66893652DD7-SegmentedRaftLogWorker for RaftStorageImpl:Storage Directory /home/runner/work/ozone/ozone/hadoop-ozone/integration-test/target/test-dir/MiniOzoneClusterImpl-d14c70f5-e14b-41c6-a13f-e3ca6c51505f/datanode-2/data/ratis/7b682ceb-0ee3-4c6e-8cd4-d66893652dd7
2022-11-10 07:14:18,579 [pool-118-thread-1] INFO  server.RaftServerConfigKeys (ConfUtils.java:logGet(46)) - raft.server.log.queue.byte-limit = 4294967296 (custom)
2022-11-10 07:14:18,579 [pool-118-thread-1] INFO  server.RaftServerConfigKeys (ConfUtils.java:logGet(46)) - raft.server.log.queue.element-limit = 1024 (custom)
2022-11-10 07:14:18,579 [pool-118-thread-1] INFO  server.RaftServerConfigKeys (ConfUtils.java:logGet(46)) - raft.server.log.segment.size.max = 1048576 (custom)
2022-11-10 07:14:18,579 [pool-118-thread-1] INFO  server.RaftServerConfigKeys (ConfUtils.java:logGet(46)) - raft.server.log.preallocated.size = 16384 (custom)
2022-11-10 07:14:18,585 [pool-118-thread-1] INFO  server.RaftServerConfigKeys (ConfUtils.java:logGet(46)) - raft.server.log.force.sync.num = 128 (default)
2022-11-10 07:14:18,585 [pool-118-thread-1] INFO  server.RaftServerConfigKeys (ConfUtils.java:logGet(46)) - raft.server.log.statemachine.data.sync = true (default)
2022-11-10 07:14:18,585 [pool-118-thread-1] INFO  server.RaftServerConfigKeys (ConfUtils.java:logGet(46)) - raft.server.log.statemachine.data.sync.timeout = 10s (default)
2022-11-10 07:14:18,585 [pool-118-thread-1] INFO  server.RaftServerConfigKeys (ConfUtils.java:logGet(46)) - raft.server.log.statemachine.data.sync.timeout.retry = -1 (default)
2022-11-10 07:14:18,586 [pool-118-thread-1] INFO  server.RaftServerConfigKeys (ConfUtils.java:logGet(46)) - raft.server.log.write.buffer.size = 1048576 (custom)
2022-11-10 07:14:18,586 [pool-118-thread-1] INFO  server.RaftServerConfigKeys (ConfUtils.java:logGet(46)) - raft.server.log.unsafe-flush.enabled = false (default)
2022-11-10 07:14:18,586 [pool-118-thread-1] INFO  server.RaftServerConfigKeys (ConfUtils.java:logGet(46)) - raft.server.log.async-flush.enabled = false (default)
2022-11-10 07:14:18,586 [pool-118-thread-1] INFO  server.RaftServerConfigKeys (ConfUtils.java:logGet(46)) - raft.server.log.statemachine.data.caching.enabled = true (custom)
2022-11-10 07:14:18,586 [pool-118-thread-1] INFO  segmented.SegmentedRaftLogWorker (SegmentedRaftLogWorker.java:lambda$new$0(136)) - 901bb4f9-d448-4097-b3df-3dc09329cc1b@group-D66893652DD7-SegmentedRaftLogWorker: flushIndex: setUnconditionally 0 -> -1
2022-11-10 07:14:18,587 [pool-118-thread-1] INFO  segmented.SegmentedRaftLogWorker (SegmentedRaftLogWorker.java:lambda$new$0(136)) - 901bb4f9-d448-4097-b3df-3dc09329cc1b@group-D66893652DD7-SegmentedRaftLogWorker: safeCacheEvictIndex: setUnconditionally 0 -> -1
2022-11-10 07:14:18,591 [pool-118-thread-1] INFO  server.RaftServer$Division (RaftServerImpl.java:start(334)) - 901bb4f9-d448-4097-b3df-3dc09329cc1b@group-D66893652DD7: start as a follower, conf=-1: peers:[901bb4f9-d448-4097-b3df-3dc09329cc1b|rpc:10.1.0.59:35703|dataStream:|priority:1|startupRole:FOLLOWER, 35d6043c-a711-468a-a34c-4c4022ea36e3|rpc:10.1.0.59:46313|dataStream:|priority:0|startupRole:FOLLOWER, 26c35b0c-04d0-419a-bd9f-9a0c5cb2698b|rpc:10.1.0.59:38927|dataStream:|priority:0|startupRole:FOLLOWER]|listeners:[], old=null
2022-11-10 07:14:18,591 [pool-118-thread-1] INFO  server.RaftServer$Division (RaftServerImpl.java:setRole(321)) - 901bb4f9-d448-4097-b3df-3dc09329cc1b@group-D66893652DD7: changes role from      null to FOLLOWER at term 0 for startAsFollower
2022-11-10 07:14:18,591 [pool-118-thread-1] INFO  impl.RoleInfo (RoleInfo.java:updateAndGet(139)) - 901bb4f9-d448-4097-b3df-3dc09329cc1b: start 901bb4f9-d448-4097-b3df-3dc09329cc1b@group-D66893652DD7-FollowerState
2022-11-10 07:14:18,595 [pool-118-thread-1] INFO  util.JmxRegister (JmxRegister.java:tryRegister(44)) - Successfully registered JMX Bean with object name Ratis:service=RaftServer,group=group-D66893652DD7,id=901bb4f9-d448-4097-b3df-3dc09329cc1b
2022-11-10 07:14:18,595 [pool-118-thread-1] INFO  server.RaftServerConfigKeys (ConfUtils.java:logGet(46)) - raft.server.snapshot.auto.trigger.enabled = true (custom)
2022-11-10 07:14:18,595 [pool-118-thread-1] INFO  server.RaftServerConfigKeys (ConfUtils.java:logGet(46)) - raft.server.snapshot.auto.trigger.threshold = 10000 (custom)
2022-11-10 07:14:18,595 [pool-118-thread-1] INFO  server.RaftServerConfigKeys (ConfUtils.java:logGet(46)) - raft.server.snapshot.retention.file.num = 5 (custom)
2022-11-10 07:14:18,595 [pool-118-thread-1] INFO  server.RaftServerConfigKeys (ConfUtils.java:logGet(46)) - raft.server.log.purge.upto.snapshot.index = false (default)
2022-11-10 07:14:18,596 [901bb4f9-d448-4097-b3df-3dc09329cc1b@group-D66893652DD7-FollowerState] INFO  server.RaftServerConfigKeys (ConfUtils.java:logFallback(53)) - raft.server.rpc.first-election.timeout.min = 5s (fallback to raft.server.rpc.timeout.min)
2022-11-10 07:14:18,607 [901bb4f9-d448-4097-b3df-3dc09329cc1b@group-D66893652DD7-FollowerState] INFO  server.RaftServerConfigKeys (ConfUtils.java:logFallback(53)) - raft.server.rpc.first-election.timeout.max = 5200ms (fallback to raft.server.rpc.timeout.max)
2022-11-10 07:14:18,650 [Command processor thread] INFO  commandhandler.CreatePipelineCommandHandler (CreatePipelineCommandHandler.java:handle(113)) - Created Pipeline RATIS THREE PipelineID=7b682ceb-0ee3-4c6e-8cd4-d66893652dd7.
2022-11-10 07:14:18,651 [Command processor thread] INFO  server.RaftServer (RaftServerProxy.java:addNew(96)) - 35d6043c-a711-468a-a34c-4c4022ea36e3: addNew group-EE387B4BAA71:[901bb4f9-d448-4097-b3df-3dc09329cc1b|rpc:10.1.0.59:35703|priority:0|startupRole:FOLLOWER, 35d6043c-a711-468a-a34c-4c4022ea36e3|rpc:10.1.0.59:46313|priority:1|startupRole:FOLLOWER, 26c35b0c-04d0-419a-bd9f-9a0c5cb2698b|rpc:10.1.0.59:38927|priority:0|startupRole:FOLLOWER] returns group-EE387B4BAA71:java.util.concurrent.CompletableFuture@15687667[Not completed]
2022-11-10 07:14:18,652 [pool-95-thread-1] INFO  server.RaftServer$Division (RaftServerImpl.java:<init>(195)) - 35d6043c-a711-468a-a34c-4c4022ea36e3: new RaftServerImpl for group-EE387B4BAA71:[901bb4f9-d448-4097-b3df-3dc09329cc1b|rpc:10.1.0.59:35703|priority:0|startupRole:FOLLOWER, 35d6043c-a711-468a-a34c-4c4022ea36e3|rpc:10.1.0.59:46313|priority:1|startupRole:FOLLOWER, 26c35b0c-04d0-419a-bd9f-9a0c5cb2698b|rpc:10.1.0.59:38927|priority:0|startupRole:FOLLOWER] with ContainerStateMachine:uninitialized
2022-11-10 07:14:18,652 [pool-95-thread-1] INFO  server.RaftServerConfigKeys (ConfUtils.java:logGet(46)) - raft.server.rpc.timeout.min = 5s (custom)
2022-11-10 07:14:18,652 [pool-95-thread-1] INFO  server.RaftServerConfigKeys (ConfUtils.java:logGet(46)) - raft.server.rpc.timeout.max = 5200ms (custom)
2022-11-10 07:14:18,652 [pool-95-thread-1] INFO  server.RaftServerConfigKeys (ConfUtils.java:logGet(46)) - raft.server.rpc.sleep.time = 25ms (default)
2022-11-10 07:14:18,652 [pool-95-thread-1] INFO  server.RaftServerConfigKeys (ConfUtils.java:logGet(46)) - raft.server.rpc.slowness.timeout = 300s (custom)
2022-11-10 07:14:18,652 [pool-95-thread-1] INFO  server.RaftServerConfigKeys (ConfUtils.java:logGet(46)) - raft.server.leaderelection.leader.step-down.wait-time = 10s (default)
2022-11-10 07:14:18,652 [pool-95-thread-1] INFO  server.RaftServerConfigKeys (ConfUtils.java:logGet(46)) - raft.server.sleep.deviation.threshold = 300ms (default)
2022-11-10 07:14:18,652 [pool-95-thread-1] INFO  server.RaftServer$Division (ServerState.java:<init>(118)) - 35d6043c-a711-468a-a34c-4c4022ea36e3@group-EE387B4BAA71: ConfigurationManager, init=-1: peers:[901bb4f9-d448-4097-b3df-3dc09329cc1b|rpc:10.1.0.59:35703|priority:0|startupRole:FOLLOWER, 35d6043c-a711-468a-a34c-4c4022ea36e3|rpc:10.1.0.59:46313|priority:1|startupRole:FOLLOWER, 26c35b0c-04d0-419a-bd9f-9a0c5cb2698b|rpc:10.1.0.59:38927|priority:0|startupRole:FOLLOWER]|listeners:[], old=null, confs=<EMPTY_MAP>
2022-11-10 07:14:18,652 [pool-95-thread-1] INFO  server.RaftServerConfigKeys (ConfUtils.java:logGet(46)) - raft.server.storage.dir = [/home/runner/work/ozone/ozone/hadoop-ozone/integration-test/target/test-dir/MiniOzoneClusterImpl-d14c70f5-e14b-41c6-a13f-e3ca6c51505f/datanode-1/data/ratis] (custom)
2022-11-10 07:14:18,653 [pool-95-thread-1] INFO  server.RaftServerConfigKeys (ConfUtils.java:logGet(46)) - raft.server.log.corruption.policy = EXCEPTION (default)
2022-11-10 07:14:18,653 [pool-95-thread-1] INFO  server.RaftServerConfigKeys (ConfUtils.java:logGet(46)) - raft.server.storage.free-space.min = 0MB (=0) (default)
2022-11-10 07:14:18,653 [pool-95-thread-1] INFO  server.RaftServerConfigKeys (ConfUtils.java:logGet(46)) - raft.server.notification.no-leader.timeout = 300s (custom)
2022-11-10 07:14:18,653 [pool-95-thread-1] INFO  server.RaftServerConfigKeys (ConfUtils.java:logGet(46)) - raft.server.retrycache.expirytime = 600000ms (custom)
2022-11-10 07:14:18,653 [pool-95-thread-1] INFO  server.RaftServerConfigKeys (ConfUtils.java:logGet(46)) - raft.server.retrycache.statistics.expirytime = 100μs (default)
2022-11-10 07:14:18,658 [pool-95-thread-1] INFO  server.RaftServerConfigKeys (ConfUtils.java:logGet(46)) - raft.server.log.appender.install.snapshot.enabled = false (custom)
2022-11-10 07:14:18,658 [pool-95-thread-1] INFO  server.RaftServerConfigKeys (ConfUtils.java:logGet(46)) - raft.server.threadpool.server.cached = true (default)
2022-11-10 07:14:18,659 [pool-95-thread-1] INFO  server.RaftServerConfigKeys (ConfUtils.java:logGet(46)) - raft.server.threadpool.server.size = 0 (default)
2022-11-10 07:14:18,659 [pool-95-thread-1] INFO  server.RaftServerConfigKeys (ConfUtils.java:logGet(46)) - raft.server.threadpool.client.cached = true (default)
2022-11-10 07:14:18,659 [pool-95-thread-1] INFO  server.RaftServerConfigKeys (ConfUtils.java:logGet(46)) - raft.server.threadpool.client.size = 0 (default)
2022-11-10 07:14:18,659 [pool-95-thread-1] INFO  storage.RaftStorageDirectory (RaftStorageDirectoryImpl.java:analyzeStorage(137)) - The storage directory /home/runner/work/ozone/ozone/hadoop-ozone/integration-test/target/test-dir/MiniOzoneClusterImpl-d14c70f5-e14b-41c6-a13f-e3ca6c51505f/datanode-1/data/ratis/c2d1ab89-0d38-495e-98d5-ee387b4baa71 does not exist. Creating ...
2022-11-10 07:14:18,671 [pool-95-thread-1] INFO  storage.RaftStorageDirectory (RaftStorageDirectoryImpl.java:tryLock(231)) - Lock on /home/runner/work/ozone/ozone/hadoop-ozone/integration-test/target/test-dir/MiniOzoneClusterImpl-d14c70f5-e14b-41c6-a13f-e3ca6c51505f/datanode-1/data/ratis/c2d1ab89-0d38-495e-98d5-ee387b4baa71/in_use.lock acquired by nodename 12028@fv-az435-205
2022-11-10 07:14:18,674 [pool-95-thread-1] INFO  storage.RaftStorage (RaftStorageImpl.java:format(96)) - Storage directory /home/runner/work/ozone/ozone/hadoop-ozone/integration-test/target/test-dir/MiniOzoneClusterImpl-d14c70f5-e14b-41c6-a13f-e3ca6c51505f/datanode-1/data/ratis/c2d1ab89-0d38-495e-98d5-ee387b4baa71 has been successfully formatted.
2022-11-10 07:14:18,674 [pool-95-thread-1] INFO  ratis.ContainerStateMachine (ContainerStateMachine.java:loadSnapshot(236)) - group-EE387B4BAA71: The snapshot info is null. Setting the last applied indexto:(t:0, i:~)
2022-11-10 07:14:18,674 [pool-95-thread-1] INFO  server.RaftServerConfigKeys (ConfUtils.java:logGet(46)) - raft.server.log.use.memory = false (default)
2022-11-10 07:14:18,674 [pool-95-thread-1] INFO  server.RaftServerConfigKeys (ConfUtils.java:logGet(46)) - raft.server.log.purge.gap = 1000000 (custom)
2022-11-10 07:14:18,674 [pool-95-thread-1] INFO  server.RaftServerConfigKeys (ConfUtils.java:logGet(46)) - raft.server.log.appender.buffer.byte-limit = 33554432 (custom)
2022-11-10 07:14:18,674 [pool-95-thread-1] INFO  server.RaftServerConfigKeys (ConfUtils.java:logGet(46)) - raft.server.log.statemachine.data.read.timeout = 1000ms (default)
2022-11-10 07:14:18,675 [pool-95-thread-1] INFO  server.RaftServerConfigKeys (ConfUtils.java:logGet(46)) - raft.server.log.purge.preservation.log.num = 0 (default)
2022-11-10 07:14:18,675 [pool-95-thread-1] INFO  server.RaftServerConfigKeys (ConfUtils.java:logGet(46)) - raft.server.log.segment.size.max = 1048576 (custom)
2022-11-10 07:14:18,675 [pool-95-thread-1] INFO  server.RaftServerConfigKeys (ConfUtils.java:logGet(46)) - raft.server.log.segment.cache.num.max = 2 (custom)
2022-11-10 07:14:18,675 [pool-95-thread-1] INFO  server.RaftServerConfigKeys (ConfUtils.java:logGet(46)) - raft.server.log.segment.cache.size.max = 200MB (=209715200) (default)
2022-11-10 07:14:18,675 [pool-95-thread-1] INFO  segmented.SegmentedRaftLogWorker (SegmentedRaftLogWorker.java:<init>(191)) - new 35d6043c-a711-468a-a34c-4c4022ea36e3@group-EE387B4BAA71-SegmentedRaftLogWorker for RaftStorageImpl:Storage Directory /home/runner/work/ozone/ozone/hadoop-ozone/integration-test/target/test-dir/MiniOzoneClusterImpl-d14c70f5-e14b-41c6-a13f-e3ca6c51505f/datanode-1/data/ratis/c2d1ab89-0d38-495e-98d5-ee387b4baa71
2022-11-10 07:14:18,675 [pool-95-thread-1] INFO  server.RaftServerConfigKeys (ConfUtils.java:logGet(46)) - raft.server.log.queue.byte-limit = 4294967296 (custom)
2022-11-10 07:14:18,675 [pool-95-thread-1] INFO  server.RaftServerConfigKeys (ConfUtils.java:logGet(46)) - raft.server.log.queue.element-limit = 1024 (custom)
2022-11-10 07:14:18,675 [pool-95-thread-1] INFO  server.RaftServerConfigKeys (ConfUtils.java:logGet(46)) - raft.server.log.segment.size.max = 1048576 (custom)
2022-11-10 07:14:18,678 [pool-95-thread-1] INFO  server.RaftServerConfigKeys (ConfUtils.java:logGet(46)) - raft.server.log.preallocated.size = 16384 (custom)
2022-11-10 07:14:18,679 [pool-95-thread-1] INFO  server.RaftServerConfigKeys (ConfUtils.java:logGet(46)) - raft.server.log.force.sync.num = 128 (default)
2022-11-10 07:14:18,679 [pool-95-thread-1] INFO  server.RaftServerConfigKeys (ConfUtils.java:logGet(46)) - raft.server.log.statemachine.data.sync = true (default)
2022-11-10 07:14:18,679 [pool-95-thread-1] INFO  server.RaftServerConfigKeys (ConfUtils.java:logGet(46)) - raft.server.log.statemachine.data.sync.timeout = 10s (default)
2022-11-10 07:14:18,679 [pool-95-thread-1] INFO  server.RaftServerConfigKeys (ConfUtils.java:logGet(46)) - raft.server.log.statemachine.data.sync.timeout.retry = -1 (default)
2022-11-10 07:14:18,679 [pool-95-thread-1] INFO  server.RaftServerConfigKeys (ConfUtils.java:logGet(46)) - raft.server.log.write.buffer.size = 1048576 (custom)
2022-11-10 07:14:18,681 [pool-95-thread-1] INFO  server.RaftServerConfigKeys (ConfUtils.java:logGet(46)) - raft.server.log.unsafe-flush.enabled = false (default)
2022-11-10 07:14:18,682 [pool-95-thread-1] INFO  server.RaftServerConfigKeys (ConfUtils.java:logGet(46)) - raft.server.log.async-flush.enabled = false (default)
2022-11-10 07:14:18,682 [pool-95-thread-1] INFO  server.RaftServerConfigKeys (ConfUtils.java:logGet(46)) - raft.server.log.statemachine.data.caching.enabled = true (custom)
2022-11-10 07:14:18,682 [pool-95-thread-1] INFO  segmented.SegmentedRaftLogWorker (SegmentedRaftLogWorker.java:lambda$new$0(136)) - 35d6043c-a711-468a-a34c-4c4022ea36e3@group-EE387B4BAA71-SegmentedRaftLogWorker: flushIndex: setUnconditionally 0 -> -1
2022-11-10 07:14:18,682 [pool-95-thread-1] INFO  segmented.SegmentedRaftLogWorker (SegmentedRaftLogWorker.java:lambda$new$0(136)) - 35d6043c-a711-468a-a34c-4c4022ea36e3@group-EE387B4BAA71-SegmentedRaftLogWorker: safeCacheEvictIndex: setUnconditionally 0 -> -1
2022-11-10 07:14:18,683 [pool-95-thread-1] INFO  server.RaftServer$Division (RaftServerImpl.java:start(334)) - 35d6043c-a711-468a-a34c-4c4022ea36e3@group-EE387B4BAA71: start as a follower, conf=-1: peers:[901bb4f9-d448-4097-b3df-3dc09329cc1b|rpc:10.1.0.59:35703|priority:0|startupRole:FOLLOWER, 35d6043c-a711-468a-a34c-4c4022ea36e3|rpc:10.1.0.59:46313|priority:1|startupRole:FOLLOWER, 26c35b0c-04d0-419a-bd9f-9a0c5cb2698b|rpc:10.1.0.59:38927|priority:0|startupRole:FOLLOWER]|listeners:[], old=null
2022-11-10 07:14:18,683 [pool-95-thread-1] INFO  server.RaftServer$Division (RaftServerImpl.java:setRole(321)) - 35d6043c-a711-468a-a34c-4c4022ea36e3@group-EE387B4BAA71: changes role from      null to FOLLOWER at term 0 for startAsFollower
2022-11-10 07:14:18,683 [pool-95-thread-1] INFO  impl.RoleInfo (RoleInfo.java:updateAndGet(139)) - 35d6043c-a711-468a-a34c-4c4022ea36e3: start 35d6043c-a711-468a-a34c-4c4022ea36e3@group-EE387B4BAA71-FollowerState
2022-11-10 07:14:18,686 [pool-95-thread-1] INFO  util.JmxRegister (JmxRegister.java:tryRegister(44)) - Successfully registered JMX Bean with object name Ratis:service=RaftServer,group=group-EE387B4BAA71,id=35d6043c-a711-468a-a34c-4c4022ea36e3
2022-11-10 07:14:18,687 [pool-95-thread-1] INFO  server.RaftServerConfigKeys (ConfUtils.java:logGet(46)) - raft.server.snapshot.auto.trigger.enabled = true (custom)
2022-11-10 07:14:18,687 [pool-95-thread-1] INFO  server.RaftServerConfigKeys (ConfUtils.java:logGet(46)) - raft.server.snapshot.auto.trigger.threshold = 10000 (custom)
2022-11-10 07:14:18,687 [pool-95-thread-1] INFO  server.RaftServerConfigKeys (ConfUtils.java:logGet(46)) - raft.server.snapshot.retention.file.num = 5 (custom)
2022-11-10 07:14:18,687 [pool-95-thread-1] INFO  server.RaftServerConfigKeys (ConfUtils.java:logGet(46)) - raft.server.log.purge.upto.snapshot.index = false (default)
2022-11-10 07:14:18,692 [35d6043c-a711-468a-a34c-4c4022ea36e3@group-EE387B4BAA71-FollowerState] INFO  server.RaftServerConfigKeys (ConfUtils.java:logFallback(53)) - raft.server.rpc.first-election.timeout.min = 5s (fallback to raft.server.rpc.timeout.min)
2022-11-10 07:14:18,694 [EventQueue-OpenPipelineForHealthyPipelineSafeModeRule] INFO  safemode.SCMSafeModeManager (HealthyPipelineSafeModeRule.java:process(137)) - SCM in safe mode. Healthy pipelines reported count is 0, required healthy pipeline reported count is 1
2022-11-10 07:14:18,695 [35d6043c-a711-468a-a34c-4c4022ea36e3@group-EE387B4BAA71-FollowerState] INFO  server.RaftServerConfigKeys (ConfUtils.java:logFallback(53)) - raft.server.rpc.first-election.timeout.max = 5200ms (fallback to raft.server.rpc.timeout.max)
2022-11-10 07:14:18,692 [Command processor thread] INFO  ratis.XceiverServerRatis (XceiverServerRatis.java:addGroup(765)) - Created group PipelineID=c2d1ab89-0d38-495e-98d5-ee387b4baa71
2022-11-10 07:14:18,711 [grpc-default-executor-1] INFO  server.RaftServer (RaftServerProxy.java:addNew(96)) - 26c35b0c-04d0-419a-bd9f-9a0c5cb2698b: addNew group-EE387B4BAA71:[901bb4f9-d448-4097-b3df-3dc09329cc1b|rpc:10.1.0.59:35703|dataStream:|priority:0|startupRole:FOLLOWER, 35d6043c-a711-468a-a34c-4c4022ea36e3|rpc:10.1.0.59:46313|dataStream:|priority:1|startupRole:FOLLOWER, 26c35b0c-04d0-419a-bd9f-9a0c5cb2698b|rpc:10.1.0.59:38927|dataStream:|priority:0|startupRole:FOLLOWER] returns group-EE387B4BAA71:java.util.concurrent.CompletableFuture@1a5bdd7e[Not completed]
2022-11-10 07:14:18,712 [pool-72-thread-1] INFO  server.RaftServer$Division (RaftServerImpl.java:<init>(195)) - 26c35b0c-04d0-419a-bd9f-9a0c5cb2698b: new RaftServerImpl for group-EE387B4BAA71:[901bb4f9-d448-4097-b3df-3dc09329cc1b|rpc:10.1.0.59:35703|dataStream:|priority:0|startupRole:FOLLOWER, 35d6043c-a711-468a-a34c-4c4022ea36e3|rpc:10.1.0.59:46313|dataStream:|priority:1|startupRole:FOLLOWER, 26c35b0c-04d0-419a-bd9f-9a0c5cb2698b|rpc:10.1.0.59:38927|dataStream:|priority:0|startupRole:FOLLOWER] with ContainerStateMachine:uninitialized
2022-11-10 07:14:18,712 [pool-72-thread-1] INFO  server.RaftServerConfigKeys (ConfUtils.java:logGet(46)) - raft.server.rpc.timeout.min = 5s (custom)
2022-11-10 07:14:18,712 [pool-72-thread-1] INFO  server.RaftServerConfigKeys (ConfUtils.java:logGet(46)) - raft.server.rpc.timeout.max = 5200ms (custom)
2022-11-10 07:14:18,713 [pool-72-thread-1] INFO  server.RaftServerConfigKeys (ConfUtils.java:logGet(46)) - raft.server.rpc.sleep.time = 25ms (default)
2022-11-10 07:14:18,713 [pool-72-thread-1] INFO  server.RaftServerConfigKeys (ConfUtils.java:logGet(46)) - raft.server.rpc.slowness.timeout = 300s (custom)
2022-11-10 07:14:18,713 [pool-72-thread-1] INFO  server.RaftServerConfigKeys (ConfUtils.java:logGet(46)) - raft.server.leaderelection.leader.step-down.wait-time = 10s (default)
2022-11-10 07:14:18,713 [pool-72-thread-1] INFO  server.RaftServerConfigKeys (ConfUtils.java:logGet(46)) - raft.server.sleep.deviation.threshold = 300ms (default)
2022-11-10 07:14:18,713 [pool-72-thread-1] INFO  server.RaftServer$Division (ServerState.java:<init>(118)) - 26c35b0c-04d0-419a-bd9f-9a0c5cb2698b@group-EE387B4BAA71: ConfigurationManager, init=-1: peers:[901bb4f9-d448-4097-b3df-3dc09329cc1b|rpc:10.1.0.59:35703|dataStream:|priority:0|startupRole:FOLLOWER, 35d6043c-a711-468a-a34c-4c4022ea36e3|rpc:10.1.0.59:46313|dataStream:|priority:1|startupRole:FOLLOWER, 26c35b0c-04d0-419a-bd9f-9a0c5cb2698b|rpc:10.1.0.59:38927|dataStream:|priority:0|startupRole:FOLLOWER]|listeners:[], old=null, confs=<EMPTY_MAP>
2022-11-10 07:14:18,713 [pool-72-thread-1] INFO  server.RaftServerConfigKeys (ConfUtils.java:logGet(46)) - raft.server.storage.dir = [/home/runner/work/ozone/ozone/hadoop-ozone/integration-test/target/test-dir/MiniOzoneClusterImpl-d14c70f5-e14b-41c6-a13f-e3ca6c51505f/datanode-0/data/ratis] (custom)
2022-11-10 07:14:18,713 [pool-72-thread-1] INFO  server.RaftServerConfigKeys (ConfUtils.java:logGet(46)) - raft.server.log.corruption.policy = EXCEPTION (default)
2022-11-10 07:14:18,713 [pool-72-thread-1] INFO  server.RaftServerConfigKeys (ConfUtils.java:logGet(46)) - raft.server.storage.free-space.min = 0MB (=0) (default)
2022-11-10 07:14:18,713 [pool-72-thread-1] INFO  server.RaftServerConfigKeys (ConfUtils.java:logGet(46)) - raft.server.notification.no-leader.timeout = 300s (custom)
2022-11-10 07:14:18,713 [pool-72-thread-1] INFO  server.RaftServerConfigKeys (ConfUtils.java:logGet(46)) - raft.server.retrycache.expirytime = 600000ms (custom)
2022-11-10 07:14:18,713 [pool-72-thread-1] INFO  server.RaftServerConfigKeys (ConfUtils.java:logGet(46)) - raft.server.retrycache.statistics.expirytime = 100μs (default)
2022-11-10 07:14:18,714 [pool-72-thread-1] INFO  server.RaftServerConfigKeys (ConfUtils.java:logGet(46)) - raft.server.log.appender.install.snapshot.enabled = false (custom)
2022-11-10 07:14:18,714 [pool-72-thread-1] INFO  server.RaftServerConfigKeys (ConfUtils.java:logGet(46)) - raft.server.threadpool.server.cached = true (default)
2022-11-10 07:14:18,714 [pool-72-thread-1] INFO  server.RaftServerConfigKeys (ConfUtils.java:logGet(46)) - raft.server.threadpool.server.size = 0 (default)
2022-11-10 07:14:18,714 [pool-72-thread-1] INFO  server.RaftServerConfigKeys (ConfUtils.java:logGet(46)) - raft.server.threadpool.client.cached = true (default)
2022-11-10 07:14:18,714 [pool-72-thread-1] INFO  server.RaftServerConfigKeys (ConfUtils.java:logGet(46)) - raft.server.threadpool.client.size = 0 (default)
2022-11-10 07:14:18,714 [pool-72-thread-1] INFO  storage.RaftStorageDirectory (RaftStorageDirectoryImpl.java:analyzeStorage(137)) - The storage directory /home/runner/work/ozone/ozone/hadoop-ozone/integration-test/target/test-dir/MiniOzoneClusterImpl-d14c70f5-e14b-41c6-a13f-e3ca6c51505f/datanode-0/data/ratis/c2d1ab89-0d38-495e-98d5-ee387b4baa71 does not exist. Creating ...
2022-11-10 07:14:18,720 [pool-72-thread-1] INFO  storage.RaftStorageDirectory (RaftStorageDirectoryImpl.java:tryLock(231)) - Lock on /home/runner/work/ozone/ozone/hadoop-ozone/integration-test/target/test-dir/MiniOzoneClusterImpl-d14c70f5-e14b-41c6-a13f-e3ca6c51505f/datanode-0/data/ratis/c2d1ab89-0d38-495e-98d5-ee387b4baa71/in_use.lock acquired by nodename 12028@fv-az435-205
2022-11-10 07:14:18,721 [pool-72-thread-1] INFO  storage.RaftStorage (RaftStorageImpl.java:format(96)) - Storage directory /home/runner/work/ozone/ozone/hadoop-ozone/integration-test/target/test-dir/MiniOzoneClusterImpl-d14c70f5-e14b-41c6-a13f-e3ca6c51505f/datanode-0/data/ratis/c2d1ab89-0d38-495e-98d5-ee387b4baa71 has been successfully formatted.
2022-11-10 07:14:18,721 [pool-72-thread-1] INFO  ratis.ContainerStateMachine (ContainerStateMachine.java:loadSnapshot(236)) - group-EE387B4BAA71: The snapshot info is null. Setting the last applied indexto:(t:0, i:~)
2022-11-10 07:14:18,721 [pool-72-thread-1] INFO  server.RaftServerConfigKeys (ConfUtils.java:logGet(46)) - raft.server.log.use.memory = false (default)
2022-11-10 07:14:18,721 [pool-72-thread-1] INFO  server.RaftServerConfigKeys (ConfUtils.java:logGet(46)) - raft.server.log.purge.gap = 1000000 (custom)
2022-11-10 07:14:18,722 [pool-72-thread-1] INFO  server.RaftServerConfigKeys (ConfUtils.java:logGet(46)) - raft.server.log.appender.buffer.byte-limit = 33554432 (custom)
2022-11-10 07:14:18,722 [pool-72-thread-1] INFO  server.RaftServerConfigKeys (ConfUtils.java:logGet(46)) - raft.server.log.statemachine.data.read.timeout = 1000ms (default)
2022-11-10 07:14:18,722 [pool-72-thread-1] INFO  server.RaftServerConfigKeys (ConfUtils.java:logGet(46)) - raft.server.log.purge.preservation.log.num = 0 (default)
2022-11-10 07:14:18,722 [pool-72-thread-1] INFO  server.RaftServerConfigKeys (ConfUtils.java:logGet(46)) - raft.server.log.segment.size.max = 1048576 (custom)
2022-11-10 07:14:18,722 [pool-72-thread-1] INFO  server.RaftServerConfigKeys (ConfUtils.java:logGet(46)) - raft.server.log.segment.cache.num.max = 2 (custom)
2022-11-10 07:14:18,723 [pool-72-thread-1] INFO  server.RaftServerConfigKeys (ConfUtils.java:logGet(46)) - raft.server.log.segment.cache.size.max = 200MB (=209715200) (default)
2022-11-10 07:14:18,723 [pool-72-thread-1] INFO  segmented.SegmentedRaftLogWorker (SegmentedRaftLogWorker.java:<init>(191)) - new 26c35b0c-04d0-419a-bd9f-9a0c5cb2698b@group-EE387B4BAA71-SegmentedRaftLogWorker for RaftStorageImpl:Storage Directory /home/runner/work/ozone/ozone/hadoop-ozone/integration-test/target/test-dir/MiniOzoneClusterImpl-d14c70f5-e14b-41c6-a13f-e3ca6c51505f/datanode-0/data/ratis/c2d1ab89-0d38-495e-98d5-ee387b4baa71
2022-11-10 07:14:18,723 [pool-72-thread-1] INFO  server.RaftServerConfigKeys (ConfUtils.java:logGet(46)) - raft.server.log.queue.byte-limit = 4294967296 (custom)
2022-11-10 07:14:18,723 [pool-72-thread-1] INFO  server.RaftServerConfigKeys (ConfUtils.java:logGet(46)) - raft.server.log.queue.element-limit = 1024 (custom)
2022-11-10 07:14:18,723 [pool-72-thread-1] INFO  server.RaftServerConfigKeys (ConfUtils.java:logGet(46)) - raft.server.log.segment.size.max = 1048576 (custom)
2022-11-10 07:14:18,723 [pool-72-thread-1] INFO  server.RaftServerConfigKeys (ConfUtils.java:logGet(46)) - raft.server.log.preallocated.size = 16384 (custom)
2022-11-10 07:14:18,723 [pool-72-thread-1] INFO  server.RaftServerConfigKeys (ConfUtils.java:logGet(46)) - raft.server.log.force.sync.num = 128 (default)
2022-11-10 07:14:18,723 [pool-72-thread-1] INFO  server.RaftServerConfigKeys (ConfUtils.java:logGet(46)) - raft.server.log.statemachine.data.sync = true (default)
2022-11-10 07:14:18,723 [pool-72-thread-1] INFO  server.RaftServerConfigKeys (ConfUtils.java:logGet(46)) - raft.server.log.statemachine.data.sync.timeout = 10s (default)
2022-11-10 07:14:18,723 [pool-72-thread-1] INFO  server.RaftServerConfigKeys (ConfUtils.java:logGet(46)) - raft.server.log.statemachine.data.sync.timeout.retry = -1 (default)
2022-11-10 07:14:18,724 [pool-72-thread-1] INFO  server.RaftServerConfigKeys (ConfUtils.java:logGet(46)) - raft.server.log.write.buffer.size = 1048576 (custom)
2022-11-10 07:14:18,724 [pool-72-thread-1] INFO  server.RaftServerConfigKeys (ConfUtils.java:logGet(46)) - raft.server.log.unsafe-flush.enabled = false (default)
2022-11-10 07:14:18,724 [pool-72-thread-1] INFO  server.RaftServerConfigKeys (ConfUtils.java:logGet(46)) - raft.server.log.async-flush.enabled = false (default)
2022-11-10 07:14:18,729 [EventQueue-OpenPipelineForHealthyPipelineSafeModeRule] INFO  safemode.SCMSafeModeManager (HealthyPipelineSafeModeRule.java:process(137)) - SCM in safe mode. Healthy pipelines reported count is 0, required healthy pipeline reported count is 1
2022-11-10 07:14:18,728 [Command processor thread] INFO  commandhandler.CreatePipelineCommandHandler (CreatePipelineCommandHandler.java:handle(113)) - Created Pipeline RATIS THREE PipelineID=7b682ceb-0ee3-4c6e-8cd4-d66893652dd7.
2022-11-10 07:14:18,731 [pool-72-thread-1] INFO  server.RaftServerConfigKeys (ConfUtils.java:logGet(46)) - raft.server.log.statemachine.data.caching.enabled = true (custom)
2022-11-10 07:14:18,732 [pool-72-thread-1] INFO  segmented.SegmentedRaftLogWorker (SegmentedRaftLogWorker.java:lambda$new$0(136)) - 26c35b0c-04d0-419a-bd9f-9a0c5cb2698b@group-EE387B4BAA71-SegmentedRaftLogWorker: flushIndex: setUnconditionally 0 -> -1
2022-11-10 07:14:18,732 [pool-72-thread-1] INFO  segmented.SegmentedRaftLogWorker (SegmentedRaftLogWorker.java:lambda$new$0(136)) - 26c35b0c-04d0-419a-bd9f-9a0c5cb2698b@group-EE387B4BAA71-SegmentedRaftLogWorker: safeCacheEvictIndex: setUnconditionally 0 -> -1
2022-11-10 07:14:18,735 [pool-72-thread-1] INFO  server.RaftServer$Division (RaftServerImpl.java:start(334)) - 26c35b0c-04d0-419a-bd9f-9a0c5cb2698b@group-EE387B4BAA71: start as a follower, conf=-1: peers:[901bb4f9-d448-4097-b3df-3dc09329cc1b|rpc:10.1.0.59:35703|dataStream:|priority:0|startupRole:FOLLOWER, 35d6043c-a711-468a-a34c-4c4022ea36e3|rpc:10.1.0.59:46313|dataStream:|priority:1|startupRole:FOLLOWER, 26c35b0c-04d0-419a-bd9f-9a0c5cb2698b|rpc:10.1.0.59:38927|dataStream:|priority:0|startupRole:FOLLOWER]|listeners:[], old=null
2022-11-10 07:14:18,735 [pool-72-thread-1] INFO  server.RaftServer$Division (RaftServerImpl.java:setRole(321)) - 26c35b0c-04d0-419a-bd9f-9a0c5cb2698b@group-EE387B4BAA71: changes role from      null to FOLLOWER at term 0 for startAsFollower
2022-11-10 07:14:18,735 [pool-72-thread-1] INFO  impl.RoleInfo (RoleInfo.java:updateAndGet(139)) - 26c35b0c-04d0-419a-bd9f-9a0c5cb2698b: start 26c35b0c-04d0-419a-bd9f-9a0c5cb2698b@group-EE387B4BAA71-FollowerState
2022-11-10 07:14:18,741 [pool-72-thread-1] INFO  util.JmxRegister (JmxRegister.java:tryRegister(44)) - Successfully registered JMX Bean with object name Ratis:service=RaftServer,group=group-EE387B4BAA71,id=26c35b0c-04d0-419a-bd9f-9a0c5cb2698b
2022-11-10 07:14:18,741 [pool-72-thread-1] INFO  server.RaftServerConfigKeys (ConfUtils.java:logGet(46)) - raft.server.snapshot.auto.trigger.enabled = true (custom)
2022-11-10 07:14:18,741 [pool-72-thread-1] INFO  server.RaftServerConfigKeys (ConfUtils.java:logGet(46)) - raft.server.snapshot.auto.trigger.threshold = 10000 (custom)
2022-11-10 07:14:18,741 [pool-72-thread-1] INFO  server.RaftServerConfigKeys (ConfUtils.java:logGet(46)) - raft.server.snapshot.retention.file.num = 5 (custom)
2022-11-10 07:14:18,741 [pool-72-thread-1] INFO  server.RaftServerConfigKeys (ConfUtils.java:logGet(46)) - raft.server.log.purge.upto.snapshot.index = false (default)
2022-11-10 07:14:18,741 [26c35b0c-04d0-419a-bd9f-9a0c5cb2698b@group-EE387B4BAA71-FollowerState] INFO  server.RaftServerConfigKeys (ConfUtils.java:logFallback(53)) - raft.server.rpc.first-election.timeout.min = 5s (fallback to raft.server.rpc.timeout.min)
2022-11-10 07:14:18,747 [26c35b0c-04d0-419a-bd9f-9a0c5cb2698b@group-EE387B4BAA71-FollowerState] INFO  server.RaftServerConfigKeys (ConfUtils.java:logFallback(53)) - raft.server.rpc.first-election.timeout.max = 5200ms (fallback to raft.server.rpc.timeout.max)
2022-11-10 07:14:18,772 [grpc-default-executor-1] INFO  server.RaftServer (RaftServerProxy.java:addNew(96)) - 901bb4f9-d448-4097-b3df-3dc09329cc1b: addNew group-EE387B4BAA71:[901bb4f9-d448-4097-b3df-3dc09329cc1b|rpc:10.1.0.59:35703|dataStream:|priority:0|startupRole:FOLLOWER, 35d6043c-a711-468a-a34c-4c4022ea36e3|rpc:10.1.0.59:46313|dataStream:|priority:1|startupRole:FOLLOWER, 26c35b0c-04d0-419a-bd9f-9a0c5cb2698b|rpc:10.1.0.59:38927|dataStream:|priority:0|startupRole:FOLLOWER] returns group-EE387B4BAA71:java.util.concurrent.CompletableFuture@693de1fd[Not completed]
2022-11-10 07:14:18,773 [pool-118-thread-1] INFO  server.RaftServer$Division (RaftServerImpl.java:<init>(195)) - 901bb4f9-d448-4097-b3df-3dc09329cc1b: new RaftServerImpl for group-EE387B4BAA71:[901bb4f9-d448-4097-b3df-3dc09329cc1b|rpc:10.1.0.59:35703|dataStream:|priority:0|startupRole:FOLLOWER, 35d6043c-a711-468a-a34c-4c4022ea36e3|rpc:10.1.0.59:46313|dataStream:|priority:1|startupRole:FOLLOWER, 26c35b0c-04d0-419a-bd9f-9a0c5cb2698b|rpc:10.1.0.59:38927|dataStream:|priority:0|startupRole:FOLLOWER] with ContainerStateMachine:uninitialized
2022-11-10 07:14:18,773 [pool-118-thread-1] INFO  server.RaftServerConfigKeys (ConfUtils.java:logGet(46)) - raft.server.rpc.timeout.min = 5s (custom)
2022-11-10 07:14:18,773 [pool-118-thread-1] INFO  server.RaftServerConfigKeys (ConfUtils.java:logGet(46)) - raft.server.rpc.timeout.max = 5200ms (custom)
2022-11-10 07:14:18,773 [pool-118-thread-1] INFO  server.RaftServerConfigKeys (ConfUtils.java:logGet(46)) - raft.server.rpc.sleep.time = 25ms (default)
2022-11-10 07:14:18,773 [pool-118-thread-1] INFO  server.RaftServerConfigKeys (ConfUtils.java:logGet(46)) - raft.server.rpc.slowness.timeout = 300s (custom)
2022-11-10 07:14:18,773 [pool-118-thread-1] INFO  server.RaftServerConfigKeys (ConfUtils.java:logGet(46)) - raft.server.leaderelection.leader.step-down.wait-time = 10s (default)
2022-11-10 07:14:18,773 [pool-118-thread-1] INFO  server.RaftServerConfigKeys (ConfUtils.java:logGet(46)) - raft.server.sleep.deviation.threshold = 300ms (default)
2022-11-10 07:14:18,773 [pool-118-thread-1] INFO  server.RaftServer$Division (ServerState.java:<init>(118)) - 901bb4f9-d448-4097-b3df-3dc09329cc1b@group-EE387B4BAA71: ConfigurationManager, init=-1: peers:[901bb4f9-d448-4097-b3df-3dc09329cc1b|rpc:10.1.0.59:35703|dataStream:|priority:0|startupRole:FOLLOWER, 35d6043c-a711-468a-a34c-4c4022ea36e3|rpc:10.1.0.59:46313|dataStream:|priority:1|startupRole:FOLLOWER, 26c35b0c-04d0-419a-bd9f-9a0c5cb2698b|rpc:10.1.0.59:38927|dataStream:|priority:0|startupRole:FOLLOWER]|listeners:[], old=null, confs=<EMPTY_MAP>
2022-11-10 07:14:18,773 [pool-118-thread-1] INFO  server.RaftServerConfigKeys (ConfUtils.java:logGet(46)) - raft.server.storage.dir = [/home/runner/work/ozone/ozone/hadoop-ozone/integration-test/target/test-dir/MiniOzoneClusterImpl-d14c70f5-e14b-41c6-a13f-e3ca6c51505f/datanode-2/data/ratis] (custom)
2022-11-10 07:14:18,773 [pool-118-thread-1] INFO  server.RaftServerConfigKeys (ConfUtils.java:logGet(46)) - raft.server.log.corruption.policy = EXCEPTION (default)
2022-11-10 07:14:18,773 [pool-118-thread-1] INFO  server.RaftServerConfigKeys (ConfUtils.java:logGet(46)) - raft.server.storage.free-space.min = 0MB (=0) (default)
2022-11-10 07:14:18,773 [pool-118-thread-1] INFO  server.RaftServerConfigKeys (ConfUtils.java:logGet(46)) - raft.server.notification.no-leader.timeout = 300s (custom)
2022-11-10 07:14:18,773 [pool-118-thread-1] INFO  server.RaftServerConfigKeys (ConfUtils.java:logGet(46)) - raft.server.retrycache.expirytime = 600000ms (custom)
2022-11-10 07:14:18,774 [pool-118-thread-1] INFO  server.RaftServerConfigKeys (ConfUtils.java:logGet(46)) - raft.server.retrycache.statistics.expirytime = 100μs (default)
2022-11-10 07:14:18,774 [Command processor thread] INFO  server.RaftServer (RaftServerProxy.java:addNew(96)) - 901bb4f9-d448-4097-b3df-3dc09329cc1b: addNew group-3CEFCACDB394:[901bb4f9-d448-4097-b3df-3dc09329cc1b|rpc:10.1.0.59:35703|priority:1|startupRole:FOLLOWER] returns group-3CEFCACDB394:java.util.concurrent.CompletableFuture@69ad14d6[Not completed]
2022-11-10 07:14:18,774 [pool-118-thread-1] INFO  server.RaftServerConfigKeys (ConfUtils.java:logGet(46)) - raft.server.log.appender.install.snapshot.enabled = false (custom)
2022-11-10 07:14:18,776 [pool-118-thread-1] INFO  server.RaftServerConfigKeys (ConfUtils.java:logGet(46)) - raft.server.threadpool.server.cached = true (default)
2022-11-10 07:14:18,776 [pool-118-thread-1] INFO  server.RaftServerConfigKeys (ConfUtils.java:logGet(46)) - raft.server.threadpool.server.size = 0 (default)
2022-11-10 07:14:18,776 [pool-118-thread-1] INFO  server.RaftServerConfigKeys (ConfUtils.java:logGet(46)) - raft.server.threadpool.client.cached = true (default)
2022-11-10 07:14:18,776 [pool-118-thread-1] INFO  server.RaftServerConfigKeys (ConfUtils.java:logGet(46)) - raft.server.threadpool.client.size = 0 (default)
2022-11-10 07:14:18,777 [pool-118-thread-1] INFO  server.RaftServer$Division (RaftServerImpl.java:<init>(195)) - 901bb4f9-d448-4097-b3df-3dc09329cc1b: new RaftServerImpl for group-3CEFCACDB394:[901bb4f9-d448-4097-b3df-3dc09329cc1b|rpc:10.1.0.59:35703|priority:1|startupRole:FOLLOWER] with ContainerStateMachine:uninitialized
2022-11-10 07:14:18,777 [pool-118-thread-1] INFO  server.RaftServerConfigKeys (ConfUtils.java:logGet(46)) - raft.server.rpc.timeout.min = 5s (custom)
2022-11-10 07:14:18,777 [pool-118-thread-1] INFO  server.RaftServerConfigKeys (ConfUtils.java:logGet(46)) - raft.server.rpc.timeout.max = 5200ms (custom)
2022-11-10 07:14:18,777 [pool-118-thread-1] INFO  server.RaftServerConfigKeys (ConfUtils.java:logGet(46)) - raft.server.rpc.sleep.time = 25ms (default)
2022-11-10 07:14:18,777 [pool-118-thread-1] INFO  server.RaftServerConfigKeys (ConfUtils.java:logGet(46)) - raft.server.rpc.slowness.timeout = 300s (custom)
2022-11-10 07:14:18,777 [pool-118-thread-1] INFO  server.RaftServerConfigKeys (ConfUtils.java:logGet(46)) - raft.server.leaderelection.leader.step-down.wait-time = 10s (default)
2022-11-10 07:14:18,777 [pool-118-thread-1] INFO  server.RaftServerConfigKeys (ConfUtils.java:logGet(46)) - raft.server.sleep.deviation.threshold = 300ms (default)
2022-11-10 07:14:18,777 [pool-118-thread-1] INFO  server.RaftServer$Division (ServerState.java:<init>(118)) - 901bb4f9-d448-4097-b3df-3dc09329cc1b@group-3CEFCACDB394: ConfigurationManager, init=-1: peers:[901bb4f9-d448-4097-b3df-3dc09329cc1b|rpc:10.1.0.59:35703|priority:1|startupRole:FOLLOWER]|listeners:[], old=null, confs=<EMPTY_MAP>
2022-11-10 07:14:18,778 [pool-118-thread-1] INFO  server.RaftServerConfigKeys (ConfUtils.java:logGet(46)) - raft.server.storage.dir = [/home/runner/work/ozone/ozone/hadoop-ozone/integration-test/target/test-dir/MiniOzoneClusterImpl-d14c70f5-e14b-41c6-a13f-e3ca6c51505f/datanode-2/data/ratis] (custom)
2022-11-10 07:14:18,778 [pool-118-thread-1] INFO  server.RaftServerConfigKeys (ConfUtils.java:logGet(46)) - raft.server.log.corruption.policy = EXCEPTION (default)
2022-11-10 07:14:18,778 [pool-118-thread-1] INFO  server.RaftServerConfigKeys (ConfUtils.java:logGet(46)) - raft.server.storage.free-space.min = 0MB (=0) (default)
2022-11-10 07:14:18,778 [pool-118-thread-1] INFO  server.RaftServerConfigKeys (ConfUtils.java:logGet(46)) - raft.server.notification.no-leader.timeout = 300s (custom)
2022-11-10 07:14:18,778 [pool-118-thread-1] INFO  server.RaftServerConfigKeys (ConfUtils.java:logGet(46)) - raft.server.retrycache.expirytime = 600000ms (custom)
2022-11-10 07:14:18,778 [pool-118-thread-1] INFO  server.RaftServerConfigKeys (ConfUtils.java:logGet(46)) - raft.server.retrycache.statistics.expirytime = 100μs (default)
2022-11-10 07:14:18,779 [pool-118-thread-1] INFO  server.RaftServerConfigKeys (ConfUtils.java:logGet(46)) - raft.server.log.appender.install.snapshot.enabled = false (custom)
2022-11-10 07:14:18,779 [pool-118-thread-1] INFO  server.RaftServerConfigKeys (ConfUtils.java:logGet(46)) - raft.server.threadpool.server.cached = true (default)
2022-11-10 07:14:18,779 [pool-118-thread-1] INFO  server.RaftServerConfigKeys (ConfUtils.java:logGet(46)) - raft.server.threadpool.server.size = 0 (default)
2022-11-10 07:14:18,779 [pool-118-thread-1] INFO  server.RaftServerConfigKeys (ConfUtils.java:logGet(46)) - raft.server.threadpool.client.cached = true (default)
2022-11-10 07:14:18,779 [pool-118-thread-1] INFO  server.RaftServerConfigKeys (ConfUtils.java:logGet(46)) - raft.server.threadpool.client.size = 0 (default)
2022-11-10 07:14:18,779 [pool-118-thread-1] INFO  storage.RaftStorageDirectory (RaftStorageDirectoryImpl.java:analyzeStorage(137)) - The storage directory /home/runner/work/ozone/ozone/hadoop-ozone/integration-test/target/test-dir/MiniOzoneClusterImpl-d14c70f5-e14b-41c6-a13f-e3ca6c51505f/datanode-2/data/ratis/c2d1ab89-0d38-495e-98d5-ee387b4baa71 does not exist. Creating ...
2022-11-10 07:14:18,780 [pool-118-thread-1] INFO  storage.RaftStorageDirectory (RaftStorageDirectoryImpl.java:tryLock(231)) - Lock on /home/runner/work/ozone/ozone/hadoop-ozone/integration-test/target/test-dir/MiniOzoneClusterImpl-d14c70f5-e14b-41c6-a13f-e3ca6c51505f/datanode-2/data/ratis/c2d1ab89-0d38-495e-98d5-ee387b4baa71/in_use.lock acquired by nodename 12028@fv-az435-205
2022-11-10 07:14:18,783 [pool-118-thread-1] INFO  storage.RaftStorage (RaftStorageImpl.java:format(96)) - Storage directory /home/runner/work/ozone/ozone/hadoop-ozone/integration-test/target/test-dir/MiniOzoneClusterImpl-d14c70f5-e14b-41c6-a13f-e3ca6c51505f/datanode-2/data/ratis/c2d1ab89-0d38-495e-98d5-ee387b4baa71 has been successfully formatted.
2022-11-10 07:14:18,785 [pool-118-thread-1] INFO  ratis.ContainerStateMachine (ContainerStateMachine.java:loadSnapshot(236)) - group-EE387B4BAA71: The snapshot info is null. Setting the last applied indexto:(t:0, i:~)
2022-11-10 07:14:18,786 [EventQueue-PipelineReportForPipelineReportHandler] INFO  pipeline.PipelineManagerImpl (PipelineManagerImpl.java:openPipeline(367)) - Pipeline Pipeline[ Id: 8afddcaf-4c4d-4837-b84c-3cefcacdb394, Nodes: 901bb4f9-d448-4097-b3df-3dc09329cc1b{ip: 10.1.0.59, host: fv-az435-205.hcxxyugg5vdudo0mn2smve0l3g.cx.internal.cloudapp.net, ports: [REPLICATION=35585, RATIS=35703, RATIS_ADMIN=35703, RATIS_SERVER=35703, STANDALONE=35461], networkLocation: /default-rack, certSerialId: null, persistedOpState: IN_SERVICE, persistedOpStateExpiryEpochSec: 0}, ReplicationConfig: RATIS/ONE, State:ALLOCATED, leaderId:901bb4f9-d448-4097-b3df-3dc09329cc1b, CreationTimestamp2022-11-10T07:14:15.780Z[Etc/UTC]] moved to OPEN state
2022-11-10 07:14:18,786 [pool-118-thread-1] INFO  server.RaftServerConfigKeys (ConfUtils.java:logGet(46)) - raft.server.log.use.memory = false (default)
2022-11-10 07:14:18,786 [pool-118-thread-1] INFO  server.RaftServerConfigKeys (ConfUtils.java:logGet(46)) - raft.server.log.purge.gap = 1000000 (custom)
2022-11-10 07:14:18,786 [pool-118-thread-1] INFO  server.RaftServerConfigKeys (ConfUtils.java:logGet(46)) - raft.server.log.appender.buffer.byte-limit = 33554432 (custom)
2022-11-10 07:14:18,786 [pool-118-thread-1] INFO  server.RaftServerConfigKeys (ConfUtils.java:logGet(46)) - raft.server.log.statemachine.data.read.timeout = 1000ms (default)
2022-11-10 07:14:18,786 [pool-118-thread-1] INFO  server.RaftServerConfigKeys (ConfUtils.java:logGet(46)) - raft.server.log.purge.preservation.log.num = 0 (default)
2022-11-10 07:14:18,786 [pool-118-thread-1] INFO  server.RaftServerConfigKeys (ConfUtils.java:logGet(46)) - raft.server.log.segment.size.max = 1048576 (custom)
2022-11-10 07:14:18,786 [EventQueue-OpenPipelineForHealthyPipelineSafeModeRule] INFO  safemode.SCMSafeModeManager (HealthyPipelineSafeModeRule.java:process(137)) - SCM in safe mode. Healthy pipelines reported count is 0, required healthy pipeline reported count is 1
2022-11-10 07:14:18,787 [pool-118-thread-1] INFO  server.RaftServerConfigKeys (ConfUtils.java:logGet(46)) - raft.server.log.segment.cache.num.max = 2 (custom)
2022-11-10 07:14:18,788 [pool-118-thread-1] INFO  server.RaftServerConfigKeys (ConfUtils.java:logGet(46)) - raft.server.log.segment.cache.size.max = 200MB (=209715200) (default)
2022-11-10 07:14:18,788 [pool-118-thread-1] INFO  segmented.SegmentedRaftLogWorker (SegmentedRaftLogWorker.java:<init>(191)) - new 901bb4f9-d448-4097-b3df-3dc09329cc1b@group-EE387B4BAA71-SegmentedRaftLogWorker for RaftStorageImpl:Storage Directory /home/runner/work/ozone/ozone/hadoop-ozone/integration-test/target/test-dir/MiniOzoneClusterImpl-d14c70f5-e14b-41c6-a13f-e3ca6c51505f/datanode-2/data/ratis/c2d1ab89-0d38-495e-98d5-ee387b4baa71
2022-11-10 07:14:18,788 [pool-118-thread-1] INFO  server.RaftServerConfigKeys (ConfUtils.java:logGet(46)) - raft.server.log.queue.byte-limit = 4294967296 (custom)
2022-11-10 07:14:18,788 [pool-118-thread-1] INFO  server.RaftServerConfigKeys (ConfUtils.java:logGet(46)) - raft.server.log.queue.element-limit = 1024 (custom)
2022-11-10 07:14:18,788 [pool-118-thread-1] INFO  server.RaftServerConfigKeys (ConfUtils.java:logGet(46)) - raft.server.log.segment.size.max = 1048576 (custom)
2022-11-10 07:14:18,788 [pool-118-thread-1] INFO  server.RaftServerConfigKeys (ConfUtils.java:logGet(46)) - raft.server.log.preallocated.size = 16384 (custom)
2022-11-10 07:14:18,788 [pool-118-thread-1] INFO  server.RaftServerConfigKeys (ConfUtils.java:logGet(46)) - raft.server.log.force.sync.num = 128 (default)
2022-11-10 07:14:18,788 [pool-118-thread-1] INFO  server.RaftServerConfigKeys (ConfUtils.java:logGet(46)) - raft.server.log.statemachine.data.sync = true (default)
2022-11-10 07:14:18,788 [pool-118-thread-1] INFO  server.RaftServerConfigKeys (ConfUtils.java:logGet(46)) - raft.server.log.statemachine.data.sync.timeout = 10s (default)
2022-11-10 07:14:18,788 [pool-118-thread-1] INFO  server.RaftServerConfigKeys (ConfUtils.java:logGet(46)) - raft.server.log.statemachine.data.sync.timeout.retry = -1 (default)
2022-11-10 07:14:18,790 [pool-118-thread-1] INFO  server.RaftServerConfigKeys (ConfUtils.java:logGet(46)) - raft.server.log.write.buffer.size = 1048576 (custom)
2022-11-10 07:14:18,791 [pool-118-thread-1] INFO  server.RaftServerConfigKeys (ConfUtils.java:logGet(46)) - raft.server.log.unsafe-flush.enabled = false (default)
2022-11-10 07:14:18,791 [pool-118-thread-1] INFO  server.RaftServerConfigKeys (ConfUtils.java:logGet(46)) - raft.server.log.async-flush.enabled = false (default)
2022-11-10 07:14:18,791 [pool-118-thread-1] INFO  server.RaftServerConfigKeys (ConfUtils.java:logGet(46)) - raft.server.log.statemachine.data.caching.enabled = true (custom)
2022-11-10 07:14:18,792 [pool-118-thread-1] INFO  segmented.SegmentedRaftLogWorker (SegmentedRaftLogWorker.java:lambda$new$0(136)) - 901bb4f9-d448-4097-b3df-3dc09329cc1b@group-EE387B4BAA71-SegmentedRaftLogWorker: flushIndex: setUnconditionally 0 -> -1
2022-11-10 07:14:18,792 [pool-118-thread-1] INFO  segmented.SegmentedRaftLogWorker (SegmentedRaftLogWorker.java:lambda$new$0(136)) - 901bb4f9-d448-4097-b3df-3dc09329cc1b@group-EE387B4BAA71-SegmentedRaftLogWorker: safeCacheEvictIndex: setUnconditionally 0 -> -1
2022-11-10 07:14:18,793 [pool-118-thread-1] INFO  server.RaftServer$Division (RaftServerImpl.java:start(334)) - 901bb4f9-d448-4097-b3df-3dc09329cc1b@group-EE387B4BAA71: start as a follower, conf=-1: peers:[901bb4f9-d448-4097-b3df-3dc09329cc1b|rpc:10.1.0.59:35703|dataStream:|priority:0|startupRole:FOLLOWER, 35d6043c-a711-468a-a34c-4c4022ea36e3|rpc:10.1.0.59:46313|dataStream:|priority:1|startupRole:FOLLOWER, 26c35b0c-04d0-419a-bd9f-9a0c5cb2698b|rpc:10.1.0.59:38927|dataStream:|priority:0|startupRole:FOLLOWER]|listeners:[], old=null
2022-11-10 07:14:18,793 [pool-118-thread-1] INFO  server.RaftServer$Division (RaftServerImpl.java:setRole(321)) - 901bb4f9-d448-4097-b3df-3dc09329cc1b@group-EE387B4BAA71: changes role from      null to FOLLOWER at term 0 for startAsFollower
2022-11-10 07:14:18,793 [pool-118-thread-1] INFO  impl.RoleInfo (RoleInfo.java:updateAndGet(139)) - 901bb4f9-d448-4097-b3df-3dc09329cc1b: start 901bb4f9-d448-4097-b3df-3dc09329cc1b@group-EE387B4BAA71-FollowerState
2022-11-10 07:14:18,794 [pool-118-thread-1] INFO  util.JmxRegister (JmxRegister.java:tryRegister(44)) - Successfully registered JMX Bean with object name Ratis:service=RaftServer,group=group-EE387B4BAA71,id=901bb4f9-d448-4097-b3df-3dc09329cc1b
2022-11-10 07:14:18,794 [pool-118-thread-1] INFO  server.RaftServerConfigKeys (ConfUtils.java:logGet(46)) - raft.server.snapshot.auto.trigger.enabled = true (custom)
2022-11-10 07:14:18,794 [pool-118-thread-1] INFO  server.RaftServerConfigKeys (ConfUtils.java:logGet(46)) - raft.server.snapshot.auto.trigger.threshold = 10000 (custom)
2022-11-10 07:14:18,794 [pool-118-thread-1] INFO  server.RaftServerConfigKeys (ConfUtils.java:logGet(46)) - raft.server.snapshot.retention.file.num = 5 (custom)
2022-11-10 07:14:18,794 [pool-118-thread-1] INFO  server.RaftServerConfigKeys (ConfUtils.java:logGet(46)) - raft.server.log.purge.upto.snapshot.index = false (default)
2022-11-10 07:14:18,795 [901bb4f9-d448-4097-b3df-3dc09329cc1b@group-EE387B4BAA71-FollowerState] INFO  server.RaftServerConfigKeys (ConfUtils.java:logFallback(53)) - raft.server.rpc.first-election.timeout.min = 5s (fallback to raft.server.rpc.timeout.min)
2022-11-10 07:14:18,799 [901bb4f9-d448-4097-b3df-3dc09329cc1b@group-EE387B4BAA71-FollowerState] INFO  server.RaftServerConfigKeys (ConfUtils.java:logFallback(53)) - raft.server.rpc.first-election.timeout.max = 5200ms (fallback to raft.server.rpc.timeout.max)
2022-11-10 07:14:18,800 [pool-118-thread-1] INFO  storage.RaftStorageDirectory (RaftStorageDirectoryImpl.java:analyzeStorage(137)) - The storage directory /home/runner/work/ozone/ozone/hadoop-ozone/integration-test/target/test-dir/MiniOzoneClusterImpl-d14c70f5-e14b-41c6-a13f-e3ca6c51505f/datanode-2/data/ratis/8afddcaf-4c4d-4837-b84c-3cefcacdb394 does not exist. Creating ...
2022-11-10 07:14:18,803 [pool-118-thread-1] INFO  storage.RaftStorageDirectory (RaftStorageDirectoryImpl.java:tryLock(231)) - Lock on /home/runner/work/ozone/ozone/hadoop-ozone/integration-test/target/test-dir/MiniOzoneClusterImpl-d14c70f5-e14b-41c6-a13f-e3ca6c51505f/datanode-2/data/ratis/8afddcaf-4c4d-4837-b84c-3cefcacdb394/in_use.lock acquired by nodename 12028@fv-az435-205
2022-11-10 07:14:18,806 [pool-118-thread-1] INFO  storage.RaftStorage (RaftStorageImpl.java:format(96)) - Storage directory /home/runner/work/ozone/ozone/hadoop-ozone/integration-test/target/test-dir/MiniOzoneClusterImpl-d14c70f5-e14b-41c6-a13f-e3ca6c51505f/datanode-2/data/ratis/8afddcaf-4c4d-4837-b84c-3cefcacdb394 has been successfully formatted.
2022-11-10 07:14:18,806 [pool-118-thread-1] INFO  ratis.ContainerStateMachine (ContainerStateMachine.java:loadSnapshot(236)) - group-3CEFCACDB394: The snapshot info is null. Setting the last applied indexto:(t:0, i:~)
2022-11-10 07:14:18,806 [pool-118-thread-1] INFO  server.RaftServerConfigKeys (ConfUtils.java:logGet(46)) - raft.server.log.use.memory = false (default)
2022-11-10 07:14:18,806 [pool-118-thread-1] INFO  server.RaftServerConfigKeys (ConfUtils.java:logGet(46)) - raft.server.log.purge.gap = 1000000 (custom)
2022-11-10 07:14:18,806 [pool-118-thread-1] INFO  server.RaftServerConfigKeys (ConfUtils.java:logGet(46)) - raft.server.log.appender.buffer.byte-limit = 33554432 (custom)
2022-11-10 07:14:18,806 [pool-118-thread-1] INFO  server.RaftServerConfigKeys (ConfUtils.java:logGet(46)) - raft.server.log.statemachine.data.read.timeout = 1000ms (default)
2022-11-10 07:14:18,806 [pool-118-thread-1] INFO  server.RaftServerConfigKeys (ConfUtils.java:logGet(46)) - raft.server.log.purge.preservation.log.num = 0 (default)
2022-11-10 07:14:18,807 [pool-118-thread-1] INFO  server.RaftServerConfigKeys (ConfUtils.java:logGet(46)) - raft.server.log.segment.size.max = 1048576 (custom)
2022-11-10 07:14:18,808 [Command processor thread] INFO  commandhandler.CreatePipelineCommandHandler (CreatePipelineCommandHandler.java:handle(113)) - Created Pipeline RATIS THREE PipelineID=c2d1ab89-0d38-495e-98d5-ee387b4baa71.
2022-11-10 07:14:18,815 [pool-118-thread-1] INFO  server.RaftServerConfigKeys (ConfUtils.java:logGet(46)) - raft.server.log.segment.cache.num.max = 2 (custom)
2022-11-10 07:14:18,815 [pool-118-thread-1] INFO  server.RaftServerConfigKeys (ConfUtils.java:logGet(46)) - raft.server.log.segment.cache.size.max = 200MB (=209715200) (default)
2022-11-10 07:14:18,815 [pool-118-thread-1] INFO  segmented.SegmentedRaftLogWorker (SegmentedRaftLogWorker.java:<init>(191)) - new 901bb4f9-d448-4097-b3df-3dc09329cc1b@group-3CEFCACDB394-SegmentedRaftLogWorker for RaftStorageImpl:Storage Directory /home/runner/work/ozone/ozone/hadoop-ozone/integration-test/target/test-dir/MiniOzoneClusterImpl-d14c70f5-e14b-41c6-a13f-e3ca6c51505f/datanode-2/data/ratis/8afddcaf-4c4d-4837-b84c-3cefcacdb394
2022-11-10 07:14:18,816 [pool-118-thread-1] INFO  server.RaftServerConfigKeys (ConfUtils.java:logGet(46)) - raft.server.log.queue.byte-limit = 4294967296 (custom)
2022-11-10 07:14:18,816 [pool-118-thread-1] INFO  server.RaftServerConfigKeys (ConfUtils.java:logGet(46)) - raft.server.log.queue.element-limit = 1024 (custom)
2022-11-10 07:14:18,816 [pool-118-thread-1] INFO  server.RaftServerConfigKeys (ConfUtils.java:logGet(46)) - raft.server.log.segment.size.max = 1048576 (custom)
2022-11-10 07:14:18,816 [pool-118-thread-1] INFO  server.RaftServerConfigKeys (ConfUtils.java:logGet(46)) - raft.server.log.preallocated.size = 16384 (custom)
2022-11-10 07:14:18,816 [pool-118-thread-1] INFO  server.RaftServerConfigKeys (ConfUtils.java:logGet(46)) - raft.server.log.force.sync.num = 128 (default)
2022-11-10 07:14:18,816 [pool-118-thread-1] INFO  server.RaftServerConfigKeys (ConfUtils.java:logGet(46)) - raft.server.log.statemachine.data.sync = true (default)
2022-11-10 07:14:18,816 [pool-118-thread-1] INFO  server.RaftServerConfigKeys (ConfUtils.java:logGet(46)) - raft.server.log.statemachine.data.sync.timeout = 10s (default)
2022-11-10 07:14:18,816 [pool-118-thread-1] INFO  server.RaftServerConfigKeys (ConfUtils.java:logGet(46)) - raft.server.log.statemachine.data.sync.timeout.retry = -1 (default)
2022-11-10 07:14:18,816 [pool-118-thread-1] INFO  server.RaftServerConfigKeys (ConfUtils.java:logGet(46)) - raft.server.log.write.buffer.size = 1048576 (custom)
2022-11-10 07:14:18,817 [pool-118-thread-1] INFO  server.RaftServerConfigKeys (ConfUtils.java:logGet(46)) - raft.server.log.unsafe-flush.enabled = false (default)
2022-11-10 07:14:18,817 [pool-118-thread-1] INFO  server.RaftServerConfigKeys (ConfUtils.java:logGet(46)) - raft.server.log.async-flush.enabled = false (default)
2022-11-10 07:14:18,817 [pool-118-thread-1] INFO  server.RaftServerConfigKeys (ConfUtils.java:logGet(46)) - raft.server.log.statemachine.data.caching.enabled = true (custom)
2022-11-10 07:14:18,817 [pool-118-thread-1] INFO  segmented.SegmentedRaftLogWorker (SegmentedRaftLogWorker.java:lambda$new$0(136)) - 901bb4f9-d448-4097-b3df-3dc09329cc1b@group-3CEFCACDB394-SegmentedRaftLogWorker: flushIndex: setUnconditionally 0 -> -1
2022-11-10 07:14:18,817 [pool-118-thread-1] INFO  segmented.SegmentedRaftLogWorker (SegmentedRaftLogWorker.java:lambda$new$0(136)) - 901bb4f9-d448-4097-b3df-3dc09329cc1b@group-3CEFCACDB394-SegmentedRaftLogWorker: safeCacheEvictIndex: setUnconditionally 0 -> -1
2022-11-10 07:14:18,818 [pool-118-thread-1] INFO  server.RaftServer$Division (RaftServerImpl.java:start(334)) - 901bb4f9-d448-4097-b3df-3dc09329cc1b@group-3CEFCACDB394: start as a follower, conf=-1: peers:[901bb4f9-d448-4097-b3df-3dc09329cc1b|rpc:10.1.0.59:35703|priority:1|startupRole:FOLLOWER]|listeners:[], old=null
2022-11-10 07:14:18,818 [pool-118-thread-1] INFO  server.RaftServer$Division (RaftServerImpl.java:setRole(321)) - 901bb4f9-d448-4097-b3df-3dc09329cc1b@group-3CEFCACDB394: changes role from      null to FOLLOWER at term 0 for startAsFollower
2022-11-10 07:14:18,818 [pool-118-thread-1] INFO  impl.RoleInfo (RoleInfo.java:updateAndGet(139)) - 901bb4f9-d448-4097-b3df-3dc09329cc1b: start 901bb4f9-d448-4097-b3df-3dc09329cc1b@group-3CEFCACDB394-FollowerState
2022-11-10 07:14:18,819 [Listener at 127.0.0.1/32813] INFO  ozone.MiniOzoneClusterImpl (MiniOzoneClusterImpl.java:lambda$waitForClusterToBeReady$0(216)) - Nodes are ready. Got 6 of 6 DN Heartbeats.
2022-11-10 07:14:18,819 [Listener at 127.0.0.1/32813] INFO  ozone.MiniOzoneClusterImpl (MiniOzoneClusterImpl.java:lambda$waitForClusterToBeReady$0(219)) - Waiting for cluster to exit safe mode
2022-11-10 07:14:18,819 [Listener at 127.0.0.1/32813] INFO  ozone.MiniOzoneClusterImpl (MiniOzoneClusterImpl.java:lambda$waitForClusterToBeReady$0(221)) - SCM became leader
2022-11-10 07:14:18,819 [pool-118-thread-1] INFO  util.JmxRegister (JmxRegister.java:tryRegister(44)) - Successfully registered JMX Bean with object name Ratis:service=RaftServer,group=group-3CEFCACDB394,id=901bb4f9-d448-4097-b3df-3dc09329cc1b
2022-11-10 07:14:18,819 [pool-118-thread-1] INFO  server.RaftServerConfigKeys (ConfUtils.java:logGet(46)) - raft.server.snapshot.auto.trigger.enabled = true (custom)
2022-11-10 07:14:18,819 [pool-118-thread-1] INFO  server.RaftServerConfigKeys (ConfUtils.java:logGet(46)) - raft.server.snapshot.auto.trigger.threshold = 10000 (custom)
2022-11-10 07:14:18,819 [pool-118-thread-1] INFO  server.RaftServerConfigKeys (ConfUtils.java:logGet(46)) - raft.server.snapshot.retention.file.num = 5 (custom)
2022-11-10 07:14:18,819 [pool-118-thread-1] INFO  server.RaftServerConfigKeys (ConfUtils.java:logGet(46)) - raft.server.log.purge.upto.snapshot.index = false (default)
2022-11-10 07:14:18,820 [901bb4f9-d448-4097-b3df-3dc09329cc1b@group-3CEFCACDB394-FollowerState] INFO  server.RaftServerConfigKeys (ConfUtils.java:logFallback(53)) - raft.server.rpc.first-election.timeout.min = 5s (fallback to raft.server.rpc.timeout.min)
2022-11-10 07:14:18,820 [901bb4f9-d448-4097-b3df-3dc09329cc1b@group-3CEFCACDB394-FollowerState] INFO  server.RaftServerConfigKeys (ConfUtils.java:logFallback(53)) - raft.server.rpc.first-election.timeout.max = 5200ms (fallback to raft.server.rpc.timeout.max)
2022-11-10 07:14:18,820 [Command processor thread] INFO  ratis.XceiverServerRatis (XceiverServerRatis.java:addGroup(765)) - Created group PipelineID=8afddcaf-4c4d-4837-b84c-3cefcacdb394
2022-11-10 07:14:18,821 [Command processor thread] INFO  commandhandler.CreatePipelineCommandHandler (CreatePipelineCommandHandler.java:handle(113)) - Created Pipeline RATIS ONE PipelineID=8afddcaf-4c4d-4837-b84c-3cefcacdb394.
2022-11-10 07:14:18,821 [EventQueue-OpenPipelineForHealthyPipelineSafeModeRule] INFO  safemode.SCMSafeModeManager (HealthyPipelineSafeModeRule.java:process(137)) - SCM in safe mode. Healthy pipelines reported count is 0, required healthy pipeline reported count is 1
2022-11-10 07:14:19,147 [Command processor thread] INFO  server.RaftServer (RaftServerProxy.java:addNew(96)) - 73d758c7-6b76-4e6e-a3d3-7696fd8c55bd: addNew group-2822AD3F708E:[73d758c7-6b76-4e6e-a3d3-7696fd8c55bd|rpc:10.1.0.59:42647|priority:1|startupRole:FOLLOWER] returns group-2822AD3F708E:java.util.concurrent.CompletableFuture@18f1b38d[Not completed]
2022-11-10 07:14:19,148 [pool-141-thread-1] INFO  server.RaftServer$Division (RaftServerImpl.java:<init>(195)) - 73d758c7-6b76-4e6e-a3d3-7696fd8c55bd: new RaftServerImpl for group-2822AD3F708E:[73d758c7-6b76-4e6e-a3d3-7696fd8c55bd|rpc:10.1.0.59:42647|priority:1|startupRole:FOLLOWER] with ContainerStateMachine:uninitialized
2022-11-10 07:14:19,148 [pool-141-thread-1] INFO  server.RaftServerConfigKeys (ConfUtils.java:logGet(46)) - raft.server.rpc.timeout.min = 5s (custom)
2022-11-10 07:14:19,148 [pool-141-thread-1] INFO  server.RaftServerConfigKeys (ConfUtils.java:logGet(46)) - raft.server.rpc.timeout.max = 5200ms (custom)
2022-11-10 07:14:19,148 [pool-141-thread-1] INFO  server.RaftServerConfigKeys (ConfUtils.java:logGet(46)) - raft.server.rpc.sleep.time = 25ms (default)
2022-11-10 07:14:19,148 [pool-141-thread-1] INFO  server.RaftServerConfigKeys (ConfUtils.java:logGet(46)) - raft.server.rpc.slowness.timeout = 300s (custom)
2022-11-10 07:14:19,148 [pool-141-thread-1] INFO  server.RaftServerConfigKeys (ConfUtils.java:logGet(46)) - raft.server.leaderelection.leader.step-down.wait-time = 10s (default)
2022-11-10 07:14:19,148 [pool-141-thread-1] INFO  server.RaftServerConfigKeys (ConfUtils.java:logGet(46)) - raft.server.sleep.deviation.threshold = 300ms (default)
2022-11-10 07:14:19,148 [pool-141-thread-1] INFO  server.RaftServer$Division (ServerState.java:<init>(118)) - 73d758c7-6b76-4e6e-a3d3-7696fd8c55bd@group-2822AD3F708E: ConfigurationManager, init=-1: peers:[73d758c7-6b76-4e6e-a3d3-7696fd8c55bd|rpc:10.1.0.59:42647|priority:1|startupRole:FOLLOWER]|listeners:[], old=null, confs=<EMPTY_MAP>
2022-11-10 07:14:19,149 [pool-141-thread-1] INFO  server.RaftServerConfigKeys (ConfUtils.java:logGet(46)) - raft.server.storage.dir = [/home/runner/work/ozone/ozone/hadoop-ozone/integration-test/target/test-dir/MiniOzoneClusterImpl-d14c70f5-e14b-41c6-a13f-e3ca6c51505f/datanode-3/data/ratis] (custom)
2022-11-10 07:14:19,149 [pool-141-thread-1] INFO  server.RaftServerConfigKeys (ConfUtils.java:logGet(46)) - raft.server.log.corruption.policy = EXCEPTION (default)
2022-11-10 07:14:19,149 [pool-141-thread-1] INFO  server.RaftServerConfigKeys (ConfUtils.java:logGet(46)) - raft.server.storage.free-space.min = 0MB (=0) (default)
2022-11-10 07:14:19,149 [pool-141-thread-1] INFO  server.RaftServerConfigKeys (ConfUtils.java:logGet(46)) - raft.server.notification.no-leader.timeout = 300s (custom)
2022-11-10 07:14:19,149 [pool-141-thread-1] INFO  server.RaftServerConfigKeys (ConfUtils.java:logGet(46)) - raft.server.retrycache.expirytime = 600000ms (custom)
2022-11-10 07:14:19,149 [pool-141-thread-1] INFO  server.RaftServerConfigKeys (ConfUtils.java:logGet(46)) - raft.server.retrycache.statistics.expirytime = 100μs (default)
2022-11-10 07:14:19,151 [pool-141-thread-1] INFO  server.RaftServerConfigKeys (ConfUtils.java:logGet(46)) - raft.server.log.appender.install.snapshot.enabled = false (custom)
2022-11-10 07:14:19,151 [pool-141-thread-1] INFO  server.RaftServerConfigKeys (ConfUtils.java:logGet(46)) - raft.server.threadpool.server.cached = true (default)
2022-11-10 07:14:19,151 [pool-141-thread-1] INFO  server.RaftServerConfigKeys (ConfUtils.java:logGet(46)) - raft.server.threadpool.server.size = 0 (default)
2022-11-10 07:14:19,151 [pool-141-thread-1] INFO  server.RaftServerConfigKeys (ConfUtils.java:logGet(46)) - raft.server.threadpool.client.cached = true (default)
2022-11-10 07:14:19,151 [pool-141-thread-1] INFO  server.RaftServerConfigKeys (ConfUtils.java:logGet(46)) - raft.server.threadpool.client.size = 0 (default)
2022-11-10 07:14:19,151 [pool-141-thread-1] INFO  storage.RaftStorageDirectory (RaftStorageDirectoryImpl.java:analyzeStorage(137)) - The storage directory /home/runner/work/ozone/ozone/hadoop-ozone/integration-test/target/test-dir/MiniOzoneClusterImpl-d14c70f5-e14b-41c6-a13f-e3ca6c51505f/datanode-3/data/ratis/af1c2d6f-b0d4-43b3-9cea-2822ad3f708e does not exist. Creating ...
2022-11-10 07:14:19,152 [pool-141-thread-1] INFO  storage.RaftStorageDirectory (RaftStorageDirectoryImpl.java:tryLock(231)) - Lock on /home/runner/work/ozone/ozone/hadoop-ozone/integration-test/target/test-dir/MiniOzoneClusterImpl-d14c70f5-e14b-41c6-a13f-e3ca6c51505f/datanode-3/data/ratis/af1c2d6f-b0d4-43b3-9cea-2822ad3f708e/in_use.lock acquired by nodename 12028@fv-az435-205
2022-11-10 07:14:19,154 [pool-141-thread-1] INFO  storage.RaftStorage (RaftStorageImpl.java:format(96)) - Storage directory /home/runner/work/ozone/ozone/hadoop-ozone/integration-test/target/test-dir/MiniOzoneClusterImpl-d14c70f5-e14b-41c6-a13f-e3ca6c51505f/datanode-3/data/ratis/af1c2d6f-b0d4-43b3-9cea-2822ad3f708e has been successfully formatted.
2022-11-10 07:14:19,155 [pool-141-thread-1] INFO  ratis.ContainerStateMachine (ContainerStateMachine.java:loadSnapshot(236)) - group-2822AD3F708E: The snapshot info is null. Setting the last applied indexto:(t:0, i:~)
2022-11-10 07:14:19,155 [pool-141-thread-1] INFO  server.RaftServerConfigKeys (ConfUtils.java:logGet(46)) - raft.server.log.use.memory = false (default)
2022-11-10 07:14:19,155 [pool-141-thread-1] INFO  server.RaftServerConfigKeys (ConfUtils.java:logGet(46)) - raft.server.log.purge.gap = 1000000 (custom)
2022-11-10 07:14:19,155 [pool-141-thread-1] INFO  server.RaftServerConfigKeys (ConfUtils.java:logGet(46)) - raft.server.log.appender.buffer.byte-limit = 33554432 (custom)
2022-11-10 07:14:19,155 [pool-141-thread-1] INFO  server.RaftServerConfigKeys (ConfUtils.java:logGet(46)) - raft.server.log.statemachine.data.read.timeout = 1000ms (default)
2022-11-10 07:14:19,155 [pool-141-thread-1] INFO  server.RaftServerConfigKeys (ConfUtils.java:logGet(46)) - raft.server.log.purge.preservation.log.num = 0 (default)
2022-11-10 07:14:19,161 [pool-141-thread-1] INFO  server.RaftServerConfigKeys (ConfUtils.java:logGet(46)) - raft.server.log.segment.size.max = 1048576 (custom)
2022-11-10 07:14:19,161 [pool-141-thread-1] INFO  server.RaftServerConfigKeys (ConfUtils.java:logGet(46)) - raft.server.log.segment.cache.num.max = 2 (custom)
2022-11-10 07:14:19,161 [pool-141-thread-1] INFO  server.RaftServerConfigKeys (ConfUtils.java:logGet(46)) - raft.server.log.segment.cache.size.max = 200MB (=209715200) (default)
2022-11-10 07:14:19,161 [pool-141-thread-1] INFO  segmented.SegmentedRaftLogWorker (SegmentedRaftLogWorker.java:<init>(191)) - new 73d758c7-6b76-4e6e-a3d3-7696fd8c55bd@group-2822AD3F708E-SegmentedRaftLogWorker for RaftStorageImpl:Storage Directory /home/runner/work/ozone/ozone/hadoop-ozone/integration-test/target/test-dir/MiniOzoneClusterImpl-d14c70f5-e14b-41c6-a13f-e3ca6c51505f/datanode-3/data/ratis/af1c2d6f-b0d4-43b3-9cea-2822ad3f708e
2022-11-10 07:14:19,161 [pool-141-thread-1] INFO  server.RaftServerConfigKeys (ConfUtils.java:logGet(46)) - raft.server.log.queue.byte-limit = 4294967296 (custom)
2022-11-10 07:14:19,161 [pool-141-thread-1] INFO  server.RaftServerConfigKeys (ConfUtils.java:logGet(46)) - raft.server.log.queue.element-limit = 1024 (custom)
2022-11-10 07:14:19,161 [pool-141-thread-1] INFO  server.RaftServerConfigKeys (ConfUtils.java:logGet(46)) - raft.server.log.segment.size.max = 1048576 (custom)
2022-11-10 07:14:19,161 [pool-141-thread-1] INFO  server.RaftServerConfigKeys (ConfUtils.java:logGet(46)) - raft.server.log.preallocated.size = 16384 (custom)
2022-11-10 07:14:19,162 [pool-141-thread-1] INFO  server.RaftServerConfigKeys (ConfUtils.java:logGet(46)) - raft.server.log.force.sync.num = 128 (default)
2022-11-10 07:14:19,162 [pool-141-thread-1] INFO  server.RaftServerConfigKeys (ConfUtils.java:logGet(46)) - raft.server.log.statemachine.data.sync = true (default)
2022-11-10 07:14:19,162 [pool-141-thread-1] INFO  server.RaftServerConfigKeys (ConfUtils.java:logGet(46)) - raft.server.log.statemachine.data.sync.timeout = 10s (default)
2022-11-10 07:14:19,162 [pool-141-thread-1] INFO  server.RaftServerConfigKeys (ConfUtils.java:logGet(46)) - raft.server.log.statemachine.data.sync.timeout.retry = -1 (default)
2022-11-10 07:14:19,162 [EventQueue-PipelineReportForPipelineReportHandler] INFO  pipeline.PipelineManagerImpl (PipelineManagerImpl.java:openPipeline(367)) - Pipeline Pipeline[ Id: af1c2d6f-b0d4-43b3-9cea-2822ad3f708e, Nodes: 73d758c7-6b76-4e6e-a3d3-7696fd8c55bd{ip: 10.1.0.59, host: fv-az435-205.hcxxyugg5vdudo0mn2smve0l3g.cx.internal.cloudapp.net, ports: [REPLICATION=33257, RATIS=42647, RATIS_ADMIN=42647, RATIS_SERVER=42647, STANDALONE=41571], networkLocation: /default-rack, certSerialId: null, persistedOpState: IN_SERVICE, persistedOpStateExpiryEpochSec: 0}, ReplicationConfig: RATIS/ONE, State:ALLOCATED, leaderId:73d758c7-6b76-4e6e-a3d3-7696fd8c55bd, CreationTimestamp2022-11-10T07:14:16.153Z[Etc/UTC]] moved to OPEN state
2022-11-10 07:14:19,163 [EventQueue-OpenPipelineForHealthyPipelineSafeModeRule] INFO  safemode.SCMSafeModeManager (HealthyPipelineSafeModeRule.java:process(137)) - SCM in safe mode. Healthy pipelines reported count is 0, required healthy pipeline reported count is 1
2022-11-10 07:14:19,165 [pool-141-thread-1] INFO  server.RaftServerConfigKeys (ConfUtils.java:logGet(46)) - raft.server.log.write.buffer.size = 1048576 (custom)
2022-11-10 07:14:19,165 [pool-141-thread-1] INFO  server.RaftServerConfigKeys (ConfUtils.java:logGet(46)) - raft.server.log.unsafe-flush.enabled = false (default)
2022-11-10 07:14:19,165 [pool-141-thread-1] INFO  server.RaftServerConfigKeys (ConfUtils.java:logGet(46)) - raft.server.log.async-flush.enabled = false (default)
2022-11-10 07:14:19,165 [pool-141-thread-1] INFO  server.RaftServerConfigKeys (ConfUtils.java:logGet(46)) - raft.server.log.statemachine.data.caching.enabled = true (custom)
2022-11-10 07:14:19,166 [pool-141-thread-1] INFO  segmented.SegmentedRaftLogWorker (SegmentedRaftLogWorker.java:lambda$new$0(136)) - 73d758c7-6b76-4e6e-a3d3-7696fd8c55bd@group-2822AD3F708E-SegmentedRaftLogWorker: flushIndex: setUnconditionally 0 -> -1
2022-11-10 07:14:19,166 [pool-141-thread-1] INFO  segmented.SegmentedRaftLogWorker (SegmentedRaftLogWorker.java:lambda$new$0(136)) - 73d758c7-6b76-4e6e-a3d3-7696fd8c55bd@group-2822AD3F708E-SegmentedRaftLogWorker: safeCacheEvictIndex: setUnconditionally 0 -> -1
2022-11-10 07:14:19,166 [pool-141-thread-1] INFO  server.RaftServer$Division (RaftServerImpl.java:start(334)) - 73d758c7-6b76-4e6e-a3d3-7696fd8c55bd@group-2822AD3F708E: start as a follower, conf=-1: peers:[73d758c7-6b76-4e6e-a3d3-7696fd8c55bd|rpc:10.1.0.59:42647|priority:1|startupRole:FOLLOWER]|listeners:[], old=null
2022-11-10 07:14:19,166 [pool-141-thread-1] INFO  server.RaftServer$Division (RaftServerImpl.java:setRole(321)) - 73d758c7-6b76-4e6e-a3d3-7696fd8c55bd@group-2822AD3F708E: changes role from      null to FOLLOWER at term 0 for startAsFollower
2022-11-10 07:14:19,166 [pool-141-thread-1] INFO  impl.RoleInfo (RoleInfo.java:updateAndGet(139)) - 73d758c7-6b76-4e6e-a3d3-7696fd8c55bd: start 73d758c7-6b76-4e6e-a3d3-7696fd8c55bd@group-2822AD3F708E-FollowerState
2022-11-10 07:14:19,171 [pool-141-thread-1] INFO  util.JmxRegister (JmxRegister.java:tryRegister(44)) - Successfully registered JMX Bean with object name Ratis:service=RaftServer,group=group-2822AD3F708E,id=73d758c7-6b76-4e6e-a3d3-7696fd8c55bd
2022-11-10 07:14:19,171 [pool-141-thread-1] INFO  server.RaftServerConfigKeys (ConfUtils.java:logGet(46)) - raft.server.snapshot.auto.trigger.enabled = true (custom)
2022-11-10 07:14:19,171 [pool-141-thread-1] INFO  server.RaftServerConfigKeys (ConfUtils.java:logGet(46)) - raft.server.snapshot.auto.trigger.threshold = 10000 (custom)
2022-11-10 07:14:19,171 [pool-141-thread-1] INFO  server.RaftServerConfigKeys (ConfUtils.java:logGet(46)) - raft.server.snapshot.retention.file.num = 5 (custom)
2022-11-10 07:14:19,171 [pool-141-thread-1] INFO  server.RaftServerConfigKeys (ConfUtils.java:logGet(46)) - raft.server.log.purge.upto.snapshot.index = false (default)
2022-11-10 07:14:19,172 [73d758c7-6b76-4e6e-a3d3-7696fd8c55bd@group-2822AD3F708E-FollowerState] INFO  server.RaftServerConfigKeys (ConfUtils.java:logFallback(53)) - raft.server.rpc.first-election.timeout.min = 5s (fallback to raft.server.rpc.timeout.min)
2022-11-10 07:14:19,173 [73d758c7-6b76-4e6e-a3d3-7696fd8c55bd@group-2822AD3F708E-FollowerState] INFO  server.RaftServerConfigKeys (ConfUtils.java:logFallback(53)) - raft.server.rpc.first-election.timeout.max = 5200ms (fallback to raft.server.rpc.timeout.max)
2022-11-10 07:14:19,174 [Command processor thread] INFO  ratis.XceiverServerRatis (XceiverServerRatis.java:addGroup(765)) - Created group PipelineID=af1c2d6f-b0d4-43b3-9cea-2822ad3f708e
2022-11-10 07:14:19,174 [Command processor thread] INFO  commandhandler.CreatePipelineCommandHandler (CreatePipelineCommandHandler.java:handle(113)) - Created Pipeline RATIS ONE PipelineID=af1c2d6f-b0d4-43b3-9cea-2822ad3f708e.
2022-11-10 07:14:19,175 [Command processor thread] INFO  server.RaftServer (RaftServerProxy.java:addNew(96)) - 73d758c7-6b76-4e6e-a3d3-7696fd8c55bd: addNew group-841363C15B84:[b01711c8-04b4-47a5-9bab-72c84cf7bb6a|rpc:10.1.0.59:44509|priority:1|startupRole:FOLLOWER, 73d758c7-6b76-4e6e-a3d3-7696fd8c55bd|rpc:10.1.0.59:42647|priority:0|startupRole:FOLLOWER, 18b389ac-e92e-45af-bb8d-005344dac216|rpc:10.1.0.59:39897|priority:0|startupRole:FOLLOWER] returns group-841363C15B84:java.util.concurrent.CompletableFuture@1cce244b[Not completed]
2022-11-10 07:14:19,176 [pool-141-thread-1] INFO  server.RaftServer$Division (RaftServerImpl.java:<init>(195)) - 73d758c7-6b76-4e6e-a3d3-7696fd8c55bd: new RaftServerImpl for group-841363C15B84:[b01711c8-04b4-47a5-9bab-72c84cf7bb6a|rpc:10.1.0.59:44509|priority:1|startupRole:FOLLOWER, 73d758c7-6b76-4e6e-a3d3-7696fd8c55bd|rpc:10.1.0.59:42647|priority:0|startupRole:FOLLOWER, 18b389ac-e92e-45af-bb8d-005344dac216|rpc:10.1.0.59:39897|priority:0|startupRole:FOLLOWER] with ContainerStateMachine:uninitialized
2022-11-10 07:14:19,176 [pool-141-thread-1] INFO  server.RaftServerConfigKeys (ConfUtils.java:logGet(46)) - raft.server.rpc.timeout.min = 5s (custom)
2022-11-10 07:14:19,176 [pool-141-thread-1] INFO  server.RaftServerConfigKeys (ConfUtils.java:logGet(46)) - raft.server.rpc.timeout.max = 5200ms (custom)
2022-11-10 07:14:19,176 [pool-141-thread-1] INFO  server.RaftServerConfigKeys (ConfUtils.java:logGet(46)) - raft.server.rpc.sleep.time = 25ms (default)
2022-11-10 07:14:19,176 [pool-141-thread-1] INFO  server.RaftServerConfigKeys (ConfUtils.java:logGet(46)) - raft.server.rpc.slowness.timeout = 300s (custom)
2022-11-10 07:14:19,176 [pool-141-thread-1] INFO  server.RaftServerConfigKeys (ConfUtils.java:logGet(46)) - raft.server.leaderelection.leader.step-down.wait-time = 10s (default)
2022-11-10 07:14:19,176 [pool-141-thread-1] INFO  server.RaftServerConfigKeys (ConfUtils.java:logGet(46)) - raft.server.sleep.deviation.threshold = 300ms (default)
2022-11-10 07:14:19,176 [pool-141-thread-1] INFO  server.RaftServer$Division (ServerState.java:<init>(118)) - 73d758c7-6b76-4e6e-a3d3-7696fd8c55bd@group-841363C15B84: ConfigurationManager, init=-1: peers:[b01711c8-04b4-47a5-9bab-72c84cf7bb6a|rpc:10.1.0.59:44509|priority:1|startupRole:FOLLOWER, 73d758c7-6b76-4e6e-a3d3-7696fd8c55bd|rpc:10.1.0.59:42647|priority:0|startupRole:FOLLOWER, 18b389ac-e92e-45af-bb8d-005344dac216|rpc:10.1.0.59:39897|priority:0|startupRole:FOLLOWER]|listeners:[], old=null, confs=<EMPTY_MAP>
2022-11-10 07:14:19,176 [pool-141-thread-1] INFO  server.RaftServerConfigKeys (ConfUtils.java:logGet(46)) - raft.server.storage.dir = [/home/runner/work/ozone/ozone/hadoop-ozone/integration-test/target/test-dir/MiniOzoneClusterImpl-d14c70f5-e14b-41c6-a13f-e3ca6c51505f/datanode-3/data/ratis] (custom)
2022-11-10 07:14:19,176 [pool-141-thread-1] INFO  server.RaftServerConfigKeys (ConfUtils.java:logGet(46)) - raft.server.log.corruption.policy = EXCEPTION (default)
2022-11-10 07:14:19,176 [pool-141-thread-1] INFO  server.RaftServerConfigKeys (ConfUtils.java:logGet(46)) - raft.server.storage.free-space.min = 0MB (=0) (default)
2022-11-10 07:14:19,176 [pool-141-thread-1] INFO  server.RaftServerConfigKeys (ConfUtils.java:logGet(46)) - raft.server.notification.no-leader.timeout = 300s (custom)
2022-11-10 07:14:19,176 [pool-141-thread-1] INFO  server.RaftServerConfigKeys (ConfUtils.java:logGet(46)) - raft.server.retrycache.expirytime = 600000ms (custom)
2022-11-10 07:14:19,176 [pool-141-thread-1] INFO  server.RaftServerConfigKeys (ConfUtils.java:logGet(46)) - raft.server.retrycache.statistics.expirytime = 100μs (default)
2022-11-10 07:14:19,177 [pool-141-thread-1] INFO  server.RaftServerConfigKeys (ConfUtils.java:logGet(46)) - raft.server.log.appender.install.snapshot.enabled = false (custom)
2022-11-10 07:14:19,177 [pool-141-thread-1] INFO  server.RaftServerConfigKeys (ConfUtils.java:logGet(46)) - raft.server.threadpool.server.cached = true (default)
2022-11-10 07:14:19,177 [pool-141-thread-1] INFO  server.RaftServerConfigKeys (ConfUtils.java:logGet(46)) - raft.server.threadpool.server.size = 0 (default)
2022-11-10 07:14:19,177 [pool-141-thread-1] INFO  server.RaftServerConfigKeys (ConfUtils.java:logGet(46)) - raft.server.threadpool.client.cached = true (default)
2022-11-10 07:14:19,177 [pool-141-thread-1] INFO  server.RaftServerConfigKeys (ConfUtils.java:logGet(46)) - raft.server.threadpool.client.size = 0 (default)
2022-11-10 07:14:19,178 [pool-141-thread-1] INFO  storage.RaftStorageDirectory (RaftStorageDirectoryImpl.java:analyzeStorage(137)) - The storage directory /home/runner/work/ozone/ozone/hadoop-ozone/integration-test/target/test-dir/MiniOzoneClusterImpl-d14c70f5-e14b-41c6-a13f-e3ca6c51505f/datanode-3/data/ratis/b5d9065f-d3ed-40c3-be42-841363c15b84 does not exist. Creating ...
2022-11-10 07:14:19,179 [pool-141-thread-1] INFO  storage.RaftStorageDirectory (RaftStorageDirectoryImpl.java:tryLock(231)) - Lock on /home/runner/work/ozone/ozone/hadoop-ozone/integration-test/target/test-dir/MiniOzoneClusterImpl-d14c70f5-e14b-41c6-a13f-e3ca6c51505f/datanode-3/data/ratis/b5d9065f-d3ed-40c3-be42-841363c15b84/in_use.lock acquired by nodename 12028@fv-az435-205
2022-11-10 07:14:19,181 [pool-141-thread-1] INFO  storage.RaftStorage (RaftStorageImpl.java:format(96)) - Storage directory /home/runner/work/ozone/ozone/hadoop-ozone/integration-test/target/test-dir/MiniOzoneClusterImpl-d14c70f5-e14b-41c6-a13f-e3ca6c51505f/datanode-3/data/ratis/b5d9065f-d3ed-40c3-be42-841363c15b84 has been successfully formatted.
2022-11-10 07:14:19,181 [pool-141-thread-1] INFO  ratis.ContainerStateMachine (ContainerStateMachine.java:loadSnapshot(236)) - group-841363C15B84: The snapshot info is null. Setting the last applied indexto:(t:0, i:~)
2022-11-10 07:14:19,181 [pool-141-thread-1] INFO  server.RaftServerConfigKeys (ConfUtils.java:logGet(46)) - raft.server.log.use.memory = false (default)
2022-11-10 07:14:19,181 [pool-141-thread-1] INFO  server.RaftServerConfigKeys (ConfUtils.java:logGet(46)) - raft.server.log.purge.gap = 1000000 (custom)
2022-11-10 07:14:19,182 [pool-141-thread-1] INFO  server.RaftServerConfigKeys (ConfUtils.java:logGet(46)) - raft.server.log.appender.buffer.byte-limit = 33554432 (custom)
2022-11-10 07:14:19,182 [pool-141-thread-1] INFO  server.RaftServerConfigKeys (ConfUtils.java:logGet(46)) - raft.server.log.statemachine.data.read.timeout = 1000ms (default)
2022-11-10 07:14:19,182 [pool-141-thread-1] INFO  server.RaftServerConfigKeys (ConfUtils.java:logGet(46)) - raft.server.log.purge.preservation.log.num = 0 (default)
2022-11-10 07:14:19,182 [pool-141-thread-1] INFO  server.RaftServerConfigKeys (ConfUtils.java:logGet(46)) - raft.server.log.segment.size.max = 1048576 (custom)
2022-11-10 07:14:19,183 [pool-141-thread-1] INFO  server.RaftServerConfigKeys (ConfUtils.java:logGet(46)) - raft.server.log.segment.cache.num.max = 2 (custom)
2022-11-10 07:14:19,183 [pool-141-thread-1] INFO  server.RaftServerConfigKeys (ConfUtils.java:logGet(46)) - raft.server.log.segment.cache.size.max = 200MB (=209715200) (default)
2022-11-10 07:14:19,183 [pool-141-thread-1] INFO  segmented.SegmentedRaftLogWorker (SegmentedRaftLogWorker.java:<init>(191)) - new 73d758c7-6b76-4e6e-a3d3-7696fd8c55bd@group-841363C15B84-SegmentedRaftLogWorker for RaftStorageImpl:Storage Directory /home/runner/work/ozone/ozone/hadoop-ozone/integration-test/target/test-dir/MiniOzoneClusterImpl-d14c70f5-e14b-41c6-a13f-e3ca6c51505f/datanode-3/data/ratis/b5d9065f-d3ed-40c3-be42-841363c15b84
2022-11-10 07:14:19,183 [pool-141-thread-1] INFO  server.RaftServerConfigKeys (ConfUtils.java:logGet(46)) - raft.server.log.queue.byte-limit = 4294967296 (custom)
2022-11-10 07:14:19,183 [pool-141-thread-1] INFO  server.RaftServerConfigKeys (ConfUtils.java:logGet(46)) - raft.server.log.queue.element-limit = 1024 (custom)
2022-11-10 07:14:19,183 [pool-141-thread-1] INFO  server.RaftServerConfigKeys (ConfUtils.java:logGet(46)) - raft.server.log.segment.size.max = 1048576 (custom)
2022-11-10 07:14:19,183 [pool-141-thread-1] INFO  server.RaftServerConfigKeys (ConfUtils.java:logGet(46)) - raft.server.log.preallocated.size = 16384 (custom)
2022-11-10 07:14:19,183 [pool-141-thread-1] INFO  server.RaftServerConfigKeys (ConfUtils.java:logGet(46)) - raft.server.log.force.sync.num = 128 (default)
2022-11-10 07:14:19,183 [pool-141-thread-1] INFO  server.RaftServerConfigKeys (ConfUtils.java:logGet(46)) - raft.server.log.statemachine.data.sync = true (default)
2022-11-10 07:14:19,183 [pool-141-thread-1] INFO  server.RaftServerConfigKeys (ConfUtils.java:logGet(46)) - raft.server.log.statemachine.data.sync.timeout = 10s (default)
2022-11-10 07:14:19,183 [pool-141-thread-1] INFO  server.RaftServerConfigKeys (ConfUtils.java:logGet(46)) - raft.server.log.statemachine.data.sync.timeout.retry = -1 (default)
2022-11-10 07:14:19,184 [EventQueue-OpenPipelineForHealthyPipelineSafeModeRule] INFO  safemode.SCMSafeModeManager (HealthyPipelineSafeModeRule.java:process(137)) - SCM in safe mode. Healthy pipelines reported count is 0, required healthy pipeline reported count is 1
2022-11-10 07:14:19,185 [pool-141-thread-1] INFO  server.RaftServerConfigKeys (ConfUtils.java:logGet(46)) - raft.server.log.write.buffer.size = 1048576 (custom)
2022-11-10 07:14:19,185 [pool-141-thread-1] INFO  server.RaftServerConfigKeys (ConfUtils.java:logGet(46)) - raft.server.log.unsafe-flush.enabled = false (default)
2022-11-10 07:14:19,185 [pool-141-thread-1] INFO  server.RaftServerConfigKeys (ConfUtils.java:logGet(46)) - raft.server.log.async-flush.enabled = false (default)
2022-11-10 07:14:19,185 [pool-141-thread-1] INFO  server.RaftServerConfigKeys (ConfUtils.java:logGet(46)) - raft.server.log.statemachine.data.caching.enabled = true (custom)
2022-11-10 07:14:19,185 [pool-141-thread-1] INFO  segmented.SegmentedRaftLogWorker (SegmentedRaftLogWorker.java:lambda$new$0(136)) - 73d758c7-6b76-4e6e-a3d3-7696fd8c55bd@group-841363C15B84-SegmentedRaftLogWorker: flushIndex: setUnconditionally 0 -> -1
2022-11-10 07:14:19,185 [pool-141-thread-1] INFO  segmented.SegmentedRaftLogWorker (SegmentedRaftLogWorker.java:lambda$new$0(136)) - 73d758c7-6b76-4e6e-a3d3-7696fd8c55bd@group-841363C15B84-SegmentedRaftLogWorker: safeCacheEvictIndex: setUnconditionally 0 -> -1
2022-11-10 07:14:19,187 [pool-141-thread-1] INFO  server.RaftServer$Division (RaftServerImpl.java:start(334)) - 73d758c7-6b76-4e6e-a3d3-7696fd8c55bd@group-841363C15B84: start as a follower, conf=-1: peers:[b01711c8-04b4-47a5-9bab-72c84cf7bb6a|rpc:10.1.0.59:44509|priority:1|startupRole:FOLLOWER, 73d758c7-6b76-4e6e-a3d3-7696fd8c55bd|rpc:10.1.0.59:42647|priority:0|startupRole:FOLLOWER, 18b389ac-e92e-45af-bb8d-005344dac216|rpc:10.1.0.59:39897|priority:0|startupRole:FOLLOWER]|listeners:[], old=null
2022-11-10 07:14:19,187 [pool-141-thread-1] INFO  server.RaftServer$Division (RaftServerImpl.java:setRole(321)) - 73d758c7-6b76-4e6e-a3d3-7696fd8c55bd@group-841363C15B84: changes role from      null to FOLLOWER at term 0 for startAsFollower
2022-11-10 07:14:19,187 [pool-141-thread-1] INFO  impl.RoleInfo (RoleInfo.java:updateAndGet(139)) - 73d758c7-6b76-4e6e-a3d3-7696fd8c55bd: start 73d758c7-6b76-4e6e-a3d3-7696fd8c55bd@group-841363C15B84-FollowerState
2022-11-10 07:14:19,188 [73d758c7-6b76-4e6e-a3d3-7696fd8c55bd@group-841363C15B84-FollowerState] INFO  server.RaftServerConfigKeys (ConfUtils.java:logFallback(53)) - raft.server.rpc.first-election.timeout.min = 5s (fallback to raft.server.rpc.timeout.min)
2022-11-10 07:14:19,188 [pool-141-thread-1] INFO  util.JmxRegister (JmxRegister.java:tryRegister(44)) - Successfully registered JMX Bean with object name Ratis:service=RaftServer,group=group-841363C15B84,id=73d758c7-6b76-4e6e-a3d3-7696fd8c55bd
2022-11-10 07:14:19,188 [73d758c7-6b76-4e6e-a3d3-7696fd8c55bd@group-841363C15B84-FollowerState] INFO  server.RaftServerConfigKeys (ConfUtils.java:logFallback(53)) - raft.server.rpc.first-election.timeout.max = 5200ms (fallback to raft.server.rpc.timeout.max)
2022-11-10 07:14:19,188 [pool-141-thread-1] INFO  server.RaftServerConfigKeys (ConfUtils.java:logGet(46)) - raft.server.snapshot.auto.trigger.enabled = true (custom)
2022-11-10 07:14:19,188 [pool-141-thread-1] INFO  server.RaftServerConfigKeys (ConfUtils.java:logGet(46)) - raft.server.snapshot.auto.trigger.threshold = 10000 (custom)
2022-11-10 07:14:19,188 [pool-141-thread-1] INFO  server.RaftServerConfigKeys (ConfUtils.java:logGet(46)) - raft.server.snapshot.retention.file.num = 5 (custom)
2022-11-10 07:14:19,188 [pool-141-thread-1] INFO  server.RaftServerConfigKeys (ConfUtils.java:logGet(46)) - raft.server.log.purge.upto.snapshot.index = false (default)
2022-11-10 07:14:19,189 [Command processor thread] INFO  ratis.XceiverServerRatis (XceiverServerRatis.java:addGroup(765)) - Created group PipelineID=b5d9065f-d3ed-40c3-be42-841363c15b84
2022-11-10 07:14:19,201 [grpc-default-executor-1] INFO  server.RaftServer (RaftServerProxy.java:addNew(96)) - 18b389ac-e92e-45af-bb8d-005344dac216: addNew group-841363C15B84:[b01711c8-04b4-47a5-9bab-72c84cf7bb6a|rpc:10.1.0.59:44509|dataStream:|priority:1|startupRole:FOLLOWER, 73d758c7-6b76-4e6e-a3d3-7696fd8c55bd|rpc:10.1.0.59:42647|dataStream:|priority:0|startupRole:FOLLOWER, 18b389ac-e92e-45af-bb8d-005344dac216|rpc:10.1.0.59:39897|dataStream:|priority:0|startupRole:FOLLOWER] returns group-841363C15B84:java.util.concurrent.CompletableFuture@392b3860[Not completed]
2022-11-10 07:14:19,202 [pool-187-thread-1] INFO  server.RaftServer$Division (RaftServerImpl.java:<init>(195)) - 18b389ac-e92e-45af-bb8d-005344dac216: new RaftServerImpl for group-841363C15B84:[b01711c8-04b4-47a5-9bab-72c84cf7bb6a|rpc:10.1.0.59:44509|dataStream:|priority:1|startupRole:FOLLOWER, 73d758c7-6b76-4e6e-a3d3-7696fd8c55bd|rpc:10.1.0.59:42647|dataStream:|priority:0|startupRole:FOLLOWER, 18b389ac-e92e-45af-bb8d-005344dac216|rpc:10.1.0.59:39897|dataStream:|priority:0|startupRole:FOLLOWER] with ContainerStateMachine:uninitialized
2022-11-10 07:14:19,202 [pool-187-thread-1] INFO  server.RaftServerConfigKeys (ConfUtils.java:logGet(46)) - raft.server.rpc.timeout.min = 5s (custom)
2022-11-10 07:14:19,202 [pool-187-thread-1] INFO  server.RaftServerConfigKeys (ConfUtils.java:logGet(46)) - raft.server.rpc.timeout.max = 5200ms (custom)
2022-11-10 07:14:19,202 [pool-187-thread-1] INFO  server.RaftServerConfigKeys (ConfUtils.java:logGet(46)) - raft.server.rpc.sleep.time = 25ms (default)
2022-11-10 07:14:19,202 [pool-187-thread-1] INFO  server.RaftServerConfigKeys (ConfUtils.java:logGet(46)) - raft.server.rpc.slowness.timeout = 300s (custom)
2022-11-10 07:14:19,202 [pool-187-thread-1] INFO  server.RaftServerConfigKeys (ConfUtils.java:logGet(46)) - raft.server.leaderelection.leader.step-down.wait-time = 10s (default)
2022-11-10 07:14:19,202 [pool-187-thread-1] INFO  server.RaftServerConfigKeys (ConfUtils.java:logGet(46)) - raft.server.sleep.deviation.threshold = 300ms (default)
2022-11-10 07:14:19,202 [pool-187-thread-1] INFO  server.RaftServer$Division (ServerState.java:<init>(118)) - 18b389ac-e92e-45af-bb8d-005344dac216@group-841363C15B84: ConfigurationManager, init=-1: peers:[b01711c8-04b4-47a5-9bab-72c84cf7bb6a|rpc:10.1.0.59:44509|dataStream:|priority:1|startupRole:FOLLOWER, 73d758c7-6b76-4e6e-a3d3-7696fd8c55bd|rpc:10.1.0.59:42647|dataStream:|priority:0|startupRole:FOLLOWER, 18b389ac-e92e-45af-bb8d-005344dac216|rpc:10.1.0.59:39897|dataStream:|priority:0|startupRole:FOLLOWER]|listeners:[], old=null, confs=<EMPTY_MAP>
2022-11-10 07:14:19,203 [pool-187-thread-1] INFO  server.RaftServerConfigKeys (ConfUtils.java:logGet(46)) - raft.server.storage.dir = [/home/runner/work/ozone/ozone/hadoop-ozone/integration-test/target/test-dir/MiniOzoneClusterImpl-d14c70f5-e14b-41c6-a13f-e3ca6c51505f/datanode-5/data/ratis] (custom)
2022-11-10 07:14:19,203 [pool-187-thread-1] INFO  server.RaftServerConfigKeys (ConfUtils.java:logGet(46)) - raft.server.log.corruption.policy = EXCEPTION (default)
2022-11-10 07:14:19,203 [pool-187-thread-1] INFO  server.RaftServerConfigKeys (ConfUtils.java:logGet(46)) - raft.server.storage.free-space.min = 0MB (=0) (default)
2022-11-10 07:14:19,203 [pool-187-thread-1] INFO  server.RaftServerConfigKeys (ConfUtils.java:logGet(46)) - raft.server.notification.no-leader.timeout = 300s (custom)
2022-11-10 07:14:19,203 [pool-187-thread-1] INFO  server.RaftServerConfigKeys (ConfUtils.java:logGet(46)) - raft.server.retrycache.expirytime = 600000ms (custom)
2022-11-10 07:14:19,203 [pool-187-thread-1] INFO  server.RaftServerConfigKeys (ConfUtils.java:logGet(46)) - raft.server.retrycache.statistics.expirytime = 100μs (default)
2022-11-10 07:14:19,204 [pool-187-thread-1] INFO  server.RaftServerConfigKeys (ConfUtils.java:logGet(46)) - raft.server.log.appender.install.snapshot.enabled = false (custom)
2022-11-10 07:14:19,204 [pool-187-thread-1] INFO  server.RaftServerConfigKeys (ConfUtils.java:logGet(46)) - raft.server.threadpool.server.cached = true (default)
2022-11-10 07:14:19,204 [pool-187-thread-1] INFO  server.RaftServerConfigKeys (ConfUtils.java:logGet(46)) - raft.server.threadpool.server.size = 0 (default)
2022-11-10 07:14:19,204 [pool-187-thread-1] INFO  server.RaftServerConfigKeys (ConfUtils.java:logGet(46)) - raft.server.threadpool.client.cached = true (default)
2022-11-10 07:14:19,204 [pool-187-thread-1] INFO  server.RaftServerConfigKeys (ConfUtils.java:logGet(46)) - raft.server.threadpool.client.size = 0 (default)
2022-11-10 07:14:19,205 [pool-187-thread-1] INFO  storage.RaftStorageDirectory (RaftStorageDirectoryImpl.java:analyzeStorage(137)) - The storage directory /home/runner/work/ozone/ozone/hadoop-ozone/integration-test/target/test-dir/MiniOzoneClusterImpl-d14c70f5-e14b-41c6-a13f-e3ca6c51505f/datanode-5/data/ratis/b5d9065f-d3ed-40c3-be42-841363c15b84 does not exist. Creating ...
2022-11-10 07:14:19,206 [pool-187-thread-1] INFO  storage.RaftStorageDirectory (RaftStorageDirectoryImpl.java:tryLock(231)) - Lock on /home/runner/work/ozone/ozone/hadoop-ozone/integration-test/target/test-dir/MiniOzoneClusterImpl-d14c70f5-e14b-41c6-a13f-e3ca6c51505f/datanode-5/data/ratis/b5d9065f-d3ed-40c3-be42-841363c15b84/in_use.lock acquired by nodename 12028@fv-az435-205
2022-11-10 07:14:19,207 [pool-187-thread-1] INFO  storage.RaftStorage (RaftStorageImpl.java:format(96)) - Storage directory /home/runner/work/ozone/ozone/hadoop-ozone/integration-test/target/test-dir/MiniOzoneClusterImpl-d14c70f5-e14b-41c6-a13f-e3ca6c51505f/datanode-5/data/ratis/b5d9065f-d3ed-40c3-be42-841363c15b84 has been successfully formatted.
2022-11-10 07:14:19,209 [pool-187-thread-1] INFO  ratis.ContainerStateMachine (ContainerStateMachine.java:loadSnapshot(236)) - group-841363C15B84: The snapshot info is null. Setting the last applied indexto:(t:0, i:~)
2022-11-10 07:14:19,209 [pool-187-thread-1] INFO  server.RaftServerConfigKeys (ConfUtils.java:logGet(46)) - raft.server.log.use.memory = false (default)
2022-11-10 07:14:19,209 [pool-187-thread-1] INFO  server.RaftServerConfigKeys (ConfUtils.java:logGet(46)) - raft.server.log.purge.gap = 1000000 (custom)
2022-11-10 07:14:19,209 [pool-187-thread-1] INFO  server.RaftServerConfigKeys (ConfUtils.java:logGet(46)) - raft.server.log.appender.buffer.byte-limit = 33554432 (custom)
2022-11-10 07:14:19,209 [pool-187-thread-1] INFO  server.RaftServerConfigKeys (ConfUtils.java:logGet(46)) - raft.server.log.statemachine.data.read.timeout = 1000ms (default)
2022-11-10 07:14:19,209 [pool-187-thread-1] INFO  server.RaftServerConfigKeys (ConfUtils.java:logGet(46)) - raft.server.log.purge.preservation.log.num = 0 (default)
2022-11-10 07:14:19,211 [pool-187-thread-1] INFO  server.RaftServerConfigKeys (ConfUtils.java:logGet(46)) - raft.server.log.segment.size.max = 1048576 (custom)
2022-11-10 07:14:19,212 [pool-187-thread-1] INFO  server.RaftServerConfigKeys (ConfUtils.java:logGet(46)) - raft.server.log.segment.cache.num.max = 2 (custom)
2022-11-10 07:14:19,212 [pool-187-thread-1] INFO  server.RaftServerConfigKeys (ConfUtils.java:logGet(46)) - raft.server.log.segment.cache.size.max = 200MB (=209715200) (default)
2022-11-10 07:14:19,212 [pool-187-thread-1] INFO  segmented.SegmentedRaftLogWorker (SegmentedRaftLogWorker.java:<init>(191)) - new 18b389ac-e92e-45af-bb8d-005344dac216@group-841363C15B84-SegmentedRaftLogWorker for RaftStorageImpl:Storage Directory /home/runner/work/ozone/ozone/hadoop-ozone/integration-test/target/test-dir/MiniOzoneClusterImpl-d14c70f5-e14b-41c6-a13f-e3ca6c51505f/datanode-5/data/ratis/b5d9065f-d3ed-40c3-be42-841363c15b84
2022-11-10 07:14:19,212 [pool-187-thread-1] INFO  server.RaftServerConfigKeys (ConfUtils.java:logGet(46)) - raft.server.log.queue.byte-limit = 4294967296 (custom)
2022-11-10 07:14:19,212 [pool-187-thread-1] INFO  server.RaftServerConfigKeys (ConfUtils.java:logGet(46)) - raft.server.log.queue.element-limit = 1024 (custom)
2022-11-10 07:14:19,212 [pool-187-thread-1] INFO  server.RaftServerConfigKeys (ConfUtils.java:logGet(46)) - raft.server.log.segment.size.max = 1048576 (custom)
2022-11-10 07:14:19,212 [pool-187-thread-1] INFO  server.RaftServerConfigKeys (ConfUtils.java:logGet(46)) - raft.server.log.preallocated.size = 16384 (custom)
2022-11-10 07:14:19,212 [pool-187-thread-1] INFO  server.RaftServerConfigKeys (ConfUtils.java:logGet(46)) - raft.server.log.force.sync.num = 128 (default)
2022-11-10 07:14:19,212 [pool-187-thread-1] INFO  server.RaftServerConfigKeys (ConfUtils.java:logGet(46)) - raft.server.log.statemachine.data.sync = true (default)
2022-11-10 07:14:19,212 [pool-187-thread-1] INFO  server.RaftServerConfigKeys (ConfUtils.java:logGet(46)) - raft.server.log.statemachine.data.sync.timeout = 10s (default)
2022-11-10 07:14:19,212 [pool-187-thread-1] INFO  server.RaftServerConfigKeys (ConfUtils.java:logGet(46)) - raft.server.log.statemachine.data.sync.timeout.retry = -1 (default)
2022-11-10 07:14:19,213 [pool-187-thread-1] INFO  server.RaftServerConfigKeys (ConfUtils.java:logGet(46)) - raft.server.log.write.buffer.size = 1048576 (custom)
2022-11-10 07:14:19,214 [pool-187-thread-1] INFO  server.RaftServerConfigKeys (ConfUtils.java:logGet(46)) - raft.server.log.unsafe-flush.enabled = false (default)
2022-11-10 07:14:19,214 [pool-187-thread-1] INFO  server.RaftServerConfigKeys (ConfUtils.java:logGet(46)) - raft.server.log.async-flush.enabled = false (default)
2022-11-10 07:14:19,214 [pool-187-thread-1] INFO  server.RaftServerConfigKeys (ConfUtils.java:logGet(46)) - raft.server.log.statemachine.data.caching.enabled = true (custom)
2022-11-10 07:14:19,214 [pool-187-thread-1] INFO  segmented.SegmentedRaftLogWorker (SegmentedRaftLogWorker.java:lambda$new$0(136)) - 18b389ac-e92e-45af-bb8d-005344dac216@group-841363C15B84-SegmentedRaftLogWorker: flushIndex: setUnconditionally 0 -> -1
2022-11-10 07:14:19,214 [pool-187-thread-1] INFO  segmented.SegmentedRaftLogWorker (SegmentedRaftLogWorker.java:lambda$new$0(136)) - 18b389ac-e92e-45af-bb8d-005344dac216@group-841363C15B84-SegmentedRaftLogWorker: safeCacheEvictIndex: setUnconditionally 0 -> -1
2022-11-10 07:14:19,214 [pool-187-thread-1] INFO  server.RaftServer$Division (RaftServerImpl.java:start(334)) - 18b389ac-e92e-45af-bb8d-005344dac216@group-841363C15B84: start as a follower, conf=-1: peers:[b01711c8-04b4-47a5-9bab-72c84cf7bb6a|rpc:10.1.0.59:44509|dataStream:|priority:1|startupRole:FOLLOWER, 73d758c7-6b76-4e6e-a3d3-7696fd8c55bd|rpc:10.1.0.59:42647|dataStream:|priority:0|startupRole:FOLLOWER, 18b389ac-e92e-45af-bb8d-005344dac216|rpc:10.1.0.59:39897|dataStream:|priority:0|startupRole:FOLLOWER]|listeners:[], old=null
2022-11-10 07:14:19,214 [pool-187-thread-1] INFO  server.RaftServer$Division (RaftServerImpl.java:setRole(321)) - 18b389ac-e92e-45af-bb8d-005344dac216@group-841363C15B84: changes role from      null to FOLLOWER at term 0 for startAsFollower
2022-11-10 07:14:19,214 [pool-187-thread-1] INFO  impl.RoleInfo (RoleInfo.java:updateAndGet(139)) - 18b389ac-e92e-45af-bb8d-005344dac216: start 18b389ac-e92e-45af-bb8d-005344dac216@group-841363C15B84-FollowerState
2022-11-10 07:14:19,215 [pool-187-thread-1] INFO  util.JmxRegister (JmxRegister.java:tryRegister(44)) - Successfully registered JMX Bean with object name Ratis:service=RaftServer,group=group-841363C15B84,id=18b389ac-e92e-45af-bb8d-005344dac216
2022-11-10 07:14:19,215 [pool-187-thread-1] INFO  server.RaftServerConfigKeys (ConfUtils.java:logGet(46)) - raft.server.snapshot.auto.trigger.enabled = true (custom)
2022-11-10 07:14:19,215 [pool-187-thread-1] INFO  server.RaftServerConfigKeys (ConfUtils.java:logGet(46)) - raft.server.snapshot.auto.trigger.threshold = 10000 (custom)
2022-11-10 07:14:19,215 [pool-187-thread-1] INFO  server.RaftServerConfigKeys (ConfUtils.java:logGet(46)) - raft.server.snapshot.retention.file.num = 5 (custom)
2022-11-10 07:14:19,215 [pool-187-thread-1] INFO  server.RaftServerConfigKeys (ConfUtils.java:logGet(46)) - raft.server.log.purge.upto.snapshot.index = false (default)
2022-11-10 07:14:19,216 [18b389ac-e92e-45af-bb8d-005344dac216@group-841363C15B84-FollowerState] INFO  server.RaftServerConfigKeys (ConfUtils.java:logFallback(53)) - raft.server.rpc.first-election.timeout.min = 5s (fallback to raft.server.rpc.timeout.min)
2022-11-10 07:14:19,225 [18b389ac-e92e-45af-bb8d-005344dac216@group-841363C15B84-FollowerState] INFO  server.RaftServerConfigKeys (ConfUtils.java:logFallback(53)) - raft.server.rpc.first-election.timeout.max = 5200ms (fallback to raft.server.rpc.timeout.max)
2022-11-10 07:14:19,248 [grpc-default-executor-1] INFO  server.RaftServer (RaftServerProxy.java:addNew(96)) - b01711c8-04b4-47a5-9bab-72c84cf7bb6a: addNew group-841363C15B84:[b01711c8-04b4-47a5-9bab-72c84cf7bb6a|rpc:10.1.0.59:44509|dataStream:|priority:1|startupRole:FOLLOWER, 73d758c7-6b76-4e6e-a3d3-7696fd8c55bd|rpc:10.1.0.59:42647|dataStream:|priority:0|startupRole:FOLLOWER, 18b389ac-e92e-45af-bb8d-005344dac216|rpc:10.1.0.59:39897|dataStream:|priority:0|startupRole:FOLLOWER] returns group-841363C15B84:java.util.concurrent.CompletableFuture@4c9d414f[Not completed]
2022-11-10 07:14:19,253 [pool-164-thread-1] INFO  server.RaftServer$Division (RaftServerImpl.java:<init>(195)) - b01711c8-04b4-47a5-9bab-72c84cf7bb6a: new RaftServerImpl for group-841363C15B84:[b01711c8-04b4-47a5-9bab-72c84cf7bb6a|rpc:10.1.0.59:44509|dataStream:|priority:1|startupRole:FOLLOWER, 73d758c7-6b76-4e6e-a3d3-7696fd8c55bd|rpc:10.1.0.59:42647|dataStream:|priority:0|startupRole:FOLLOWER, 18b389ac-e92e-45af-bb8d-005344dac216|rpc:10.1.0.59:39897|dataStream:|priority:0|startupRole:FOLLOWER] with ContainerStateMachine:uninitialized
2022-11-10 07:14:19,254 [pool-164-thread-1] INFO  server.RaftServerConfigKeys (ConfUtils.java:logGet(46)) - raft.server.rpc.timeout.min = 5s (custom)
2022-11-10 07:14:19,254 [pool-164-thread-1] INFO  server.RaftServerConfigKeys (ConfUtils.java:logGet(46)) - raft.server.rpc.timeout.max = 5200ms (custom)
2022-11-10 07:14:19,254 [pool-164-thread-1] INFO  server.RaftServerConfigKeys (ConfUtils.java:logGet(46)) - raft.server.rpc.sleep.time = 25ms (default)
2022-11-10 07:14:19,254 [pool-164-thread-1] INFO  server.RaftServerConfigKeys (ConfUtils.java:logGet(46)) - raft.server.rpc.slowness.timeout = 300s (custom)
2022-11-10 07:14:19,254 [pool-164-thread-1] INFO  server.RaftServerConfigKeys (ConfUtils.java:logGet(46)) - raft.server.leaderelection.leader.step-down.wait-time = 10s (default)
2022-11-10 07:14:19,254 [pool-164-thread-1] INFO  server.RaftServerConfigKeys (ConfUtils.java:logGet(46)) - raft.server.sleep.deviation.threshold = 300ms (default)
2022-11-10 07:14:19,255 [pool-164-thread-1] INFO  server.RaftServer$Division (ServerState.java:<init>(118)) - b01711c8-04b4-47a5-9bab-72c84cf7bb6a@group-841363C15B84: ConfigurationManager, init=-1: peers:[b01711c8-04b4-47a5-9bab-72c84cf7bb6a|rpc:10.1.0.59:44509|dataStream:|priority:1|startupRole:FOLLOWER, 73d758c7-6b76-4e6e-a3d3-7696fd8c55bd|rpc:10.1.0.59:42647|dataStream:|priority:0|startupRole:FOLLOWER, 18b389ac-e92e-45af-bb8d-005344dac216|rpc:10.1.0.59:39897|dataStream:|priority:0|startupRole:FOLLOWER]|listeners:[], old=null, confs=<EMPTY_MAP>
2022-11-10 07:14:19,255 [pool-164-thread-1] INFO  server.RaftServerConfigKeys (ConfUtils.java:logGet(46)) - raft.server.storage.dir = [/home/runner/work/ozone/ozone/hadoop-ozone/integration-test/target/test-dir/MiniOzoneClusterImpl-d14c70f5-e14b-41c6-a13f-e3ca6c51505f/datanode-4/data/ratis] (custom)
2022-11-10 07:14:19,255 [pool-164-thread-1] INFO  server.RaftServerConfigKeys (ConfUtils.java:logGet(46)) - raft.server.log.corruption.policy = EXCEPTION (default)
2022-11-10 07:14:19,255 [pool-164-thread-1] INFO  server.RaftServerConfigKeys (ConfUtils.java:logGet(46)) - raft.server.storage.free-space.min = 0MB (=0) (default)
2022-11-10 07:14:19,255 [pool-164-thread-1] INFO  server.RaftServerConfigKeys (ConfUtils.java:logGet(46)) - raft.server.notification.no-leader.timeout = 300s (custom)
2022-11-10 07:14:19,255 [pool-164-thread-1] INFO  server.RaftServerConfigKeys (ConfUtils.java:logGet(46)) - raft.server.retrycache.expirytime = 600000ms (custom)
2022-11-10 07:14:19,255 [pool-164-thread-1] INFO  server.RaftServerConfigKeys (ConfUtils.java:logGet(46)) - raft.server.retrycache.statistics.expirytime = 100μs (default)
2022-11-10 07:14:19,260 [pool-164-thread-1] INFO  server.RaftServerConfigKeys (ConfUtils.java:logGet(46)) - raft.server.log.appender.install.snapshot.enabled = false (custom)
2022-11-10 07:14:19,260 [pool-164-thread-1] INFO  server.RaftServerConfigKeys (ConfUtils.java:logGet(46)) - raft.server.threadpool.server.cached = true (default)
2022-11-10 07:14:19,260 [pool-164-thread-1] INFO  server.RaftServerConfigKeys (ConfUtils.java:logGet(46)) - raft.server.threadpool.server.size = 0 (default)
2022-11-10 07:14:19,260 [pool-164-thread-1] INFO  server.RaftServerConfigKeys (ConfUtils.java:logGet(46)) - raft.server.threadpool.client.cached = true (default)
2022-11-10 07:14:19,260 [pool-164-thread-1] INFO  server.RaftServerConfigKeys (ConfUtils.java:logGet(46)) - raft.server.threadpool.client.size = 0 (default)
2022-11-10 07:14:19,260 [pool-164-thread-1] INFO  storage.RaftStorageDirectory (RaftStorageDirectoryImpl.java:analyzeStorage(137)) - The storage directory /home/runner/work/ozone/ozone/hadoop-ozone/integration-test/target/test-dir/MiniOzoneClusterImpl-d14c70f5-e14b-41c6-a13f-e3ca6c51505f/datanode-4/data/ratis/b5d9065f-d3ed-40c3-be42-841363c15b84 does not exist. Creating ...
2022-11-10 07:14:19,262 [pool-164-thread-1] INFO  storage.RaftStorageDirectory (RaftStorageDirectoryImpl.java:tryLock(231)) - Lock on /home/runner/work/ozone/ozone/hadoop-ozone/integration-test/target/test-dir/MiniOzoneClusterImpl-d14c70f5-e14b-41c6-a13f-e3ca6c51505f/datanode-4/data/ratis/b5d9065f-d3ed-40c3-be42-841363c15b84/in_use.lock acquired by nodename 12028@fv-az435-205
2022-11-10 07:14:19,266 [pool-164-thread-1] INFO  storage.RaftStorage (RaftStorageImpl.java:format(96)) - Storage directory /home/runner/work/ozone/ozone/hadoop-ozone/integration-test/target/test-dir/MiniOzoneClusterImpl-d14c70f5-e14b-41c6-a13f-e3ca6c51505f/datanode-4/data/ratis/b5d9065f-d3ed-40c3-be42-841363c15b84 has been successfully formatted.
2022-11-10 07:14:19,278 [pool-164-thread-1] INFO  ratis.ContainerStateMachine (ContainerStateMachine.java:loadSnapshot(236)) - group-841363C15B84: The snapshot info is null. Setting the last applied indexto:(t:0, i:~)
2022-11-10 07:14:19,278 [pool-164-thread-1] INFO  server.RaftServerConfigKeys (ConfUtils.java:logGet(46)) - raft.server.log.use.memory = false (default)
2022-11-10 07:14:19,278 [pool-164-thread-1] INFO  server.RaftServerConfigKeys (ConfUtils.java:logGet(46)) - raft.server.log.purge.gap = 1000000 (custom)
2022-11-10 07:14:19,278 [pool-164-thread-1] INFO  server.RaftServerConfigKeys (ConfUtils.java:logGet(46)) - raft.server.log.appender.buffer.byte-limit = 33554432 (custom)
2022-11-10 07:14:19,278 [pool-164-thread-1] INFO  server.RaftServerConfigKeys (ConfUtils.java:logGet(46)) - raft.server.log.statemachine.data.read.timeout = 1000ms (default)
2022-11-10 07:14:19,278 [pool-164-thread-1] INFO  server.RaftServerConfigKeys (ConfUtils.java:logGet(46)) - raft.server.log.purge.preservation.log.num = 0 (default)
2022-11-10 07:14:19,278 [pool-164-thread-1] INFO  server.RaftServerConfigKeys (ConfUtils.java:logGet(46)) - raft.server.log.segment.size.max = 1048576 (custom)
2022-11-10 07:14:19,279 [pool-164-thread-1] INFO  server.RaftServerConfigKeys (ConfUtils.java:logGet(46)) - raft.server.log.segment.cache.num.max = 2 (custom)
2022-11-10 07:14:19,279 [pool-164-thread-1] INFO  server.RaftServerConfigKeys (ConfUtils.java:logGet(46)) - raft.server.log.segment.cache.size.max = 200MB (=209715200) (default)
2022-11-10 07:14:19,279 [pool-164-thread-1] INFO  segmented.SegmentedRaftLogWorker (SegmentedRaftLogWorker.java:<init>(191)) - new b01711c8-04b4-47a5-9bab-72c84cf7bb6a@group-841363C15B84-SegmentedRaftLogWorker for RaftStorageImpl:Storage Directory /home/runner/work/ozone/ozone/hadoop-ozone/integration-test/target/test-dir/MiniOzoneClusterImpl-d14c70f5-e14b-41c6-a13f-e3ca6c51505f/datanode-4/data/ratis/b5d9065f-d3ed-40c3-be42-841363c15b84
2022-11-10 07:14:19,279 [pool-164-thread-1] INFO  server.RaftServerConfigKeys (ConfUtils.java:logGet(46)) - raft.server.log.queue.byte-limit = 4294967296 (custom)
2022-11-10 07:14:19,279 [pool-164-thread-1] INFO  server.RaftServerConfigKeys (ConfUtils.java:logGet(46)) - raft.server.log.queue.element-limit = 1024 (custom)
2022-11-10 07:14:19,279 [pool-164-thread-1] INFO  server.RaftServerConfigKeys (ConfUtils.java:logGet(46)) - raft.server.log.segment.size.max = 1048576 (custom)
2022-11-10 07:14:19,279 [pool-164-thread-1] INFO  server.RaftServerConfigKeys (ConfUtils.java:logGet(46)) - raft.server.log.preallocated.size = 16384 (custom)
2022-11-10 07:14:19,279 [pool-164-thread-1] INFO  server.RaftServerConfigKeys (ConfUtils.java:logGet(46)) - raft.server.log.force.sync.num = 128 (default)
2022-11-10 07:14:19,279 [pool-164-thread-1] INFO  server.RaftServerConfigKeys (ConfUtils.java:logGet(46)) - raft.server.log.statemachine.data.sync = true (default)
2022-11-10 07:14:19,279 [pool-164-thread-1] INFO  server.RaftServerConfigKeys (ConfUtils.java:logGet(46)) - raft.server.log.statemachine.data.sync.timeout = 10s (default)
2022-11-10 07:14:19,279 [pool-164-thread-1] INFO  server.RaftServerConfigKeys (ConfUtils.java:logGet(46)) - raft.server.log.statemachine.data.sync.timeout.retry = -1 (default)
2022-11-10 07:14:19,280 [pool-164-thread-1] INFO  server.RaftServerConfigKeys (ConfUtils.java:logGet(46)) - raft.server.log.write.buffer.size = 1048576 (custom)
2022-11-10 07:14:19,280 [pool-164-thread-1] INFO  server.RaftServerConfigKeys (ConfUtils.java:logGet(46)) - raft.server.log.unsafe-flush.enabled = false (default)
2022-11-10 07:14:19,280 [pool-164-thread-1] INFO  server.RaftServerConfigKeys (ConfUtils.java:logGet(46)) - raft.server.log.async-flush.enabled = false (default)
2022-11-10 07:14:19,280 [pool-164-thread-1] INFO  server.RaftServerConfigKeys (ConfUtils.java:logGet(46)) - raft.server.log.statemachine.data.caching.enabled = true (custom)
2022-11-10 07:14:19,280 [pool-164-thread-1] INFO  segmented.SegmentedRaftLogWorker (SegmentedRaftLogWorker.java:lambda$new$0(136)) - b01711c8-04b4-47a5-9bab-72c84cf7bb6a@group-841363C15B84-SegmentedRaftLogWorker: flushIndex: setUnconditionally 0 -> -1
2022-11-10 07:14:19,280 [pool-164-thread-1] INFO  segmented.SegmentedRaftLogWorker (SegmentedRaftLogWorker.java:lambda$new$0(136)) - b01711c8-04b4-47a5-9bab-72c84cf7bb6a@group-841363C15B84-SegmentedRaftLogWorker: safeCacheEvictIndex: setUnconditionally 0 -> -1
2022-11-10 07:14:19,283 [pool-164-thread-1] INFO  server.RaftServer$Division (RaftServerImpl.java:start(334)) - b01711c8-04b4-47a5-9bab-72c84cf7bb6a@group-841363C15B84: start as a follower, conf=-1: peers:[b01711c8-04b4-47a5-9bab-72c84cf7bb6a|rpc:10.1.0.59:44509|dataStream:|priority:1|startupRole:FOLLOWER, 73d758c7-6b76-4e6e-a3d3-7696fd8c55bd|rpc:10.1.0.59:42647|dataStream:|priority:0|startupRole:FOLLOWER, 18b389ac-e92e-45af-bb8d-005344dac216|rpc:10.1.0.59:39897|dataStream:|priority:0|startupRole:FOLLOWER]|listeners:[], old=null
2022-11-10 07:14:19,283 [pool-164-thread-1] INFO  server.RaftServer$Division (RaftServerImpl.java:setRole(321)) - b01711c8-04b4-47a5-9bab-72c84cf7bb6a@group-841363C15B84: changes role from      null to FOLLOWER at term 0 for startAsFollower
2022-11-10 07:14:19,283 [pool-164-thread-1] INFO  impl.RoleInfo (RoleInfo.java:updateAndGet(139)) - b01711c8-04b4-47a5-9bab-72c84cf7bb6a: start b01711c8-04b4-47a5-9bab-72c84cf7bb6a@group-841363C15B84-FollowerState
2022-11-10 07:14:19,287 [pool-164-thread-1] INFO  util.JmxRegister (JmxRegister.java:tryRegister(44)) - Successfully registered JMX Bean with object name Ratis:service=RaftServer,group=group-841363C15B84,id=b01711c8-04b4-47a5-9bab-72c84cf7bb6a
2022-11-10 07:14:19,287 [pool-164-thread-1] INFO  server.RaftServerConfigKeys (ConfUtils.java:logGet(46)) - raft.server.snapshot.auto.trigger.enabled = true (custom)
2022-11-10 07:14:19,287 [pool-164-thread-1] INFO  server.RaftServerConfigKeys (ConfUtils.java:logGet(46)) - raft.server.snapshot.auto.trigger.threshold = 10000 (custom)
2022-11-10 07:14:19,287 [pool-164-thread-1] INFO  server.RaftServerConfigKeys (ConfUtils.java:logGet(46)) - raft.server.snapshot.retention.file.num = 5 (custom)
2022-11-10 07:14:19,287 [pool-164-thread-1] INFO  server.RaftServerConfigKeys (ConfUtils.java:logGet(46)) - raft.server.log.purge.upto.snapshot.index = false (default)
2022-11-10 07:14:19,288 [b01711c8-04b4-47a5-9bab-72c84cf7bb6a@group-841363C15B84-FollowerState] INFO  server.RaftServerConfigKeys (ConfUtils.java:logFallback(53)) - raft.server.rpc.first-election.timeout.min = 5s (fallback to raft.server.rpc.timeout.min)
2022-11-10 07:14:19,297 [b01711c8-04b4-47a5-9bab-72c84cf7bb6a@group-841363C15B84-FollowerState] INFO  server.RaftServerConfigKeys (ConfUtils.java:logFallback(53)) - raft.server.rpc.first-election.timeout.max = 5200ms (fallback to raft.server.rpc.timeout.max)
2022-11-10 07:14:19,304 [Command processor thread] INFO  commandhandler.CreatePipelineCommandHandler (CreatePipelineCommandHandler.java:handle(113)) - Created Pipeline RATIS THREE PipelineID=b5d9065f-d3ed-40c3-be42-841363c15b84.
2022-11-10 07:14:19,304 [Command processor thread] INFO  server.RaftServer (RaftServerProxy.java:addNew(96)) - 73d758c7-6b76-4e6e-a3d3-7696fd8c55bd: addNew group-6A99B4BC2CFE:[b01711c8-04b4-47a5-9bab-72c84cf7bb6a|rpc:10.1.0.59:44509|priority:0|startupRole:FOLLOWER, 73d758c7-6b76-4e6e-a3d3-7696fd8c55bd|rpc:10.1.0.59:42647|priority:1|startupRole:FOLLOWER, 18b389ac-e92e-45af-bb8d-005344dac216|rpc:10.1.0.59:39897|priority:0|startupRole:FOLLOWER] returns group-6A99B4BC2CFE:java.util.concurrent.CompletableFuture@9a32dae[Not completed]
2022-11-10 07:14:19,305 [pool-141-thread-1] INFO  server.RaftServer$Division (RaftServerImpl.java:<init>(195)) - 73d758c7-6b76-4e6e-a3d3-7696fd8c55bd: new RaftServerImpl for group-6A99B4BC2CFE:[b01711c8-04b4-47a5-9bab-72c84cf7bb6a|rpc:10.1.0.59:44509|priority:0|startupRole:FOLLOWER, 73d758c7-6b76-4e6e-a3d3-7696fd8c55bd|rpc:10.1.0.59:42647|priority:1|startupRole:FOLLOWER, 18b389ac-e92e-45af-bb8d-005344dac216|rpc:10.1.0.59:39897|priority:0|startupRole:FOLLOWER] with ContainerStateMachine:uninitialized
2022-11-10 07:14:19,305 [pool-141-thread-1] INFO  server.RaftServerConfigKeys (ConfUtils.java:logGet(46)) - raft.server.rpc.timeout.min = 5s (custom)
2022-11-10 07:14:19,305 [pool-141-thread-1] INFO  server.RaftServerConfigKeys (ConfUtils.java:logGet(46)) - raft.server.rpc.timeout.max = 5200ms (custom)
2022-11-10 07:14:19,305 [pool-141-thread-1] INFO  server.RaftServerConfigKeys (ConfUtils.java:logGet(46)) - raft.server.rpc.sleep.time = 25ms (default)
2022-11-10 07:14:19,305 [pool-141-thread-1] INFO  server.RaftServerConfigKeys (ConfUtils.java:logGet(46)) - raft.server.rpc.slowness.timeout = 300s (custom)
2022-11-10 07:14:19,305 [pool-141-thread-1] INFO  server.RaftServerConfigKeys (ConfUtils.java:logGet(46)) - raft.server.leaderelection.leader.step-down.wait-time = 10s (default)
2022-11-10 07:14:19,305 [pool-141-thread-1] INFO  server.RaftServerConfigKeys (ConfUtils.java:logGet(46)) - raft.server.sleep.deviation.threshold = 300ms (default)
2022-11-10 07:14:19,305 [pool-141-thread-1] INFO  server.RaftServer$Division (ServerState.java:<init>(118)) - 73d758c7-6b76-4e6e-a3d3-7696fd8c55bd@group-6A99B4BC2CFE: ConfigurationManager, init=-1: peers:[b01711c8-04b4-47a5-9bab-72c84cf7bb6a|rpc:10.1.0.59:44509|priority:0|startupRole:FOLLOWER, 73d758c7-6b76-4e6e-a3d3-7696fd8c55bd|rpc:10.1.0.59:42647|priority:1|startupRole:FOLLOWER, 18b389ac-e92e-45af-bb8d-005344dac216|rpc:10.1.0.59:39897|priority:0|startupRole:FOLLOWER]|listeners:[], old=null, confs=<EMPTY_MAP>
2022-11-10 07:14:19,305 [pool-141-thread-1] INFO  server.RaftServerConfigKeys (ConfUtils.java:logGet(46)) - raft.server.storage.dir = [/home/runner/work/ozone/ozone/hadoop-ozone/integration-test/target/test-dir/MiniOzoneClusterImpl-d14c70f5-e14b-41c6-a13f-e3ca6c51505f/datanode-3/data/ratis] (custom)
2022-11-10 07:14:19,305 [pool-141-thread-1] INFO  server.RaftServerConfigKeys (ConfUtils.java:logGet(46)) - raft.server.log.corruption.policy = EXCEPTION (default)
2022-11-10 07:14:19,306 [pool-141-thread-1] INFO  server.RaftServerConfigKeys (ConfUtils.java:logGet(46)) - raft.server.storage.free-space.min = 0MB (=0) (default)
2022-11-10 07:14:19,306 [pool-141-thread-1] INFO  server.RaftServerConfigKeys (ConfUtils.java:logGet(46)) - raft.server.notification.no-leader.timeout = 300s (custom)
2022-11-10 07:14:19,306 [pool-141-thread-1] INFO  server.RaftServerConfigKeys (ConfUtils.java:logGet(46)) - raft.server.retrycache.expirytime = 600000ms (custom)
2022-11-10 07:14:19,306 [pool-141-thread-1] INFO  server.RaftServerConfigKeys (ConfUtils.java:logGet(46)) - raft.server.retrycache.statistics.expirytime = 100μs (default)
2022-11-10 07:14:19,307 [pool-141-thread-1] INFO  server.RaftServerConfigKeys (ConfUtils.java:logGet(46)) - raft.server.log.appender.install.snapshot.enabled = false (custom)
2022-11-10 07:14:19,307 [pool-141-thread-1] INFO  server.RaftServerConfigKeys (ConfUtils.java:logGet(46)) - raft.server.threadpool.server.cached = true (default)
2022-11-10 07:14:19,307 [pool-141-thread-1] INFO  server.RaftServerConfigKeys (ConfUtils.java:logGet(46)) - raft.server.threadpool.server.size = 0 (default)
2022-11-10 07:14:19,307 [pool-141-thread-1] INFO  server.RaftServerConfigKeys (ConfUtils.java:logGet(46)) - raft.server.threadpool.client.cached = true (default)
2022-11-10 07:14:19,307 [pool-141-thread-1] INFO  server.RaftServerConfigKeys (ConfUtils.java:logGet(46)) - raft.server.threadpool.client.size = 0 (default)
2022-11-10 07:14:19,307 [pool-141-thread-1] INFO  storage.RaftStorageDirectory (RaftStorageDirectoryImpl.java:analyzeStorage(137)) - The storage directory /home/runner/work/ozone/ozone/hadoop-ozone/integration-test/target/test-dir/MiniOzoneClusterImpl-d14c70f5-e14b-41c6-a13f-e3ca6c51505f/datanode-3/data/ratis/e89328de-3269-403f-928c-6a99b4bc2cfe does not exist. Creating ...
2022-11-10 07:14:19,308 [pool-141-thread-1] INFO  storage.RaftStorageDirectory (RaftStorageDirectoryImpl.java:tryLock(231)) - Lock on /home/runner/work/ozone/ozone/hadoop-ozone/integration-test/target/test-dir/MiniOzoneClusterImpl-d14c70f5-e14b-41c6-a13f-e3ca6c51505f/datanode-3/data/ratis/e89328de-3269-403f-928c-6a99b4bc2cfe/in_use.lock acquired by nodename 12028@fv-az435-205
2022-11-10 07:14:19,310 [pool-141-thread-1] INFO  storage.RaftStorage (RaftStorageImpl.java:format(96)) - Storage directory /home/runner/work/ozone/ozone/hadoop-ozone/integration-test/target/test-dir/MiniOzoneClusterImpl-d14c70f5-e14b-41c6-a13f-e3ca6c51505f/datanode-3/data/ratis/e89328de-3269-403f-928c-6a99b4bc2cfe has been successfully formatted.
2022-11-10 07:14:19,311 [pool-141-thread-1] INFO  ratis.ContainerStateMachine (ContainerStateMachine.java:loadSnapshot(236)) - group-6A99B4BC2CFE: The snapshot info is null. Setting the last applied indexto:(t:0, i:~)
2022-11-10 07:14:19,311 [pool-141-thread-1] INFO  server.RaftServerConfigKeys (ConfUtils.java:logGet(46)) - raft.server.log.use.memory = false (default)
2022-11-10 07:14:19,313 [EventQueue-OpenPipelineForHealthyPipelineSafeModeRule] INFO  safemode.SCMSafeModeManager (HealthyPipelineSafeModeRule.java:process(137)) - SCM in safe mode. Healthy pipelines reported count is 0, required healthy pipeline reported count is 1
2022-11-10 07:14:19,313 [pool-141-thread-1] INFO  server.RaftServerConfigKeys (ConfUtils.java:logGet(46)) - raft.server.log.purge.gap = 1000000 (custom)
2022-11-10 07:14:19,314 [pool-141-thread-1] INFO  server.RaftServerConfigKeys (ConfUtils.java:logGet(46)) - raft.server.log.appender.buffer.byte-limit = 33554432 (custom)
2022-11-10 07:14:19,314 [pool-141-thread-1] INFO  server.RaftServerConfigKeys (ConfUtils.java:logGet(46)) - raft.server.log.statemachine.data.read.timeout = 1000ms (default)
2022-11-10 07:14:19,315 [pool-141-thread-1] INFO  server.RaftServerConfigKeys (ConfUtils.java:logGet(46)) - raft.server.log.purge.preservation.log.num = 0 (default)
2022-11-10 07:14:19,315 [pool-141-thread-1] INFO  server.RaftServerConfigKeys (ConfUtils.java:logGet(46)) - raft.server.log.segment.size.max = 1048576 (custom)
2022-11-10 07:14:19,315 [pool-141-thread-1] INFO  server.RaftServerConfigKeys (ConfUtils.java:logGet(46)) - raft.server.log.segment.cache.num.max = 2 (custom)
2022-11-10 07:14:19,315 [pool-141-thread-1] INFO  server.RaftServerConfigKeys (ConfUtils.java:logGet(46)) - raft.server.log.segment.cache.size.max = 200MB (=209715200) (default)
2022-11-10 07:14:19,315 [pool-141-thread-1] INFO  segmented.SegmentedRaftLogWorker (SegmentedRaftLogWorker.java:<init>(191)) - new 73d758c7-6b76-4e6e-a3d3-7696fd8c55bd@group-6A99B4BC2CFE-SegmentedRaftLogWorker for RaftStorageImpl:Storage Directory /home/runner/work/ozone/ozone/hadoop-ozone/integration-test/target/test-dir/MiniOzoneClusterImpl-d14c70f5-e14b-41c6-a13f-e3ca6c51505f/datanode-3/data/ratis/e89328de-3269-403f-928c-6a99b4bc2cfe
2022-11-10 07:14:19,315 [pool-141-thread-1] INFO  server.RaftServerConfigKeys (ConfUtils.java:logGet(46)) - raft.server.log.queue.byte-limit = 4294967296 (custom)
2022-11-10 07:14:19,315 [pool-141-thread-1] INFO  server.RaftServerConfigKeys (ConfUtils.java:logGet(46)) - raft.server.log.queue.element-limit = 1024 (custom)
2022-11-10 07:14:19,315 [pool-141-thread-1] INFO  server.RaftServerConfigKeys (ConfUtils.java:logGet(46)) - raft.server.log.segment.size.max = 1048576 (custom)
2022-11-10 07:14:19,315 [pool-141-thread-1] INFO  server.RaftServerConfigKeys (ConfUtils.java:logGet(46)) - raft.server.log.preallocated.size = 16384 (custom)
2022-11-10 07:14:19,315 [pool-141-thread-1] INFO  server.RaftServerConfigKeys (ConfUtils.java:logGet(46)) - raft.server.log.force.sync.num = 128 (default)
2022-11-10 07:14:19,315 [pool-141-thread-1] INFO  server.RaftServerConfigKeys (ConfUtils.java:logGet(46)) - raft.server.log.statemachine.data.sync = true (default)
2022-11-10 07:14:19,315 [pool-141-thread-1] INFO  server.RaftServerConfigKeys (ConfUtils.java:logGet(46)) - raft.server.log.statemachine.data.sync.timeout = 10s (default)
2022-11-10 07:14:19,316 [pool-141-thread-1] INFO  server.RaftServerConfigKeys (ConfUtils.java:logGet(46)) - raft.server.log.statemachine.data.sync.timeout.retry = -1 (default)
2022-11-10 07:14:19,316 [pool-141-thread-1] INFO  server.RaftServerConfigKeys (ConfUtils.java:logGet(46)) - raft.server.log.write.buffer.size = 1048576 (custom)
2022-11-10 07:14:19,316 [pool-141-thread-1] INFO  server.RaftServerConfigKeys (ConfUtils.java:logGet(46)) - raft.server.log.unsafe-flush.enabled = false (default)
2022-11-10 07:14:19,316 [pool-141-thread-1] INFO  server.RaftServerConfigKeys (ConfUtils.java:logGet(46)) - raft.server.log.async-flush.enabled = false (default)
2022-11-10 07:14:19,317 [pool-141-thread-1] INFO  server.RaftServerConfigKeys (ConfUtils.java:logGet(46)) - raft.server.log.statemachine.data.caching.enabled = true (custom)
2022-11-10 07:14:19,317 [pool-141-thread-1] INFO  segmented.SegmentedRaftLogWorker (SegmentedRaftLogWorker.java:lambda$new$0(136)) - 73d758c7-6b76-4e6e-a3d3-7696fd8c55bd@group-6A99B4BC2CFE-SegmentedRaftLogWorker: flushIndex: setUnconditionally 0 -> -1
2022-11-10 07:14:19,317 [pool-141-thread-1] INFO  segmented.SegmentedRaftLogWorker (SegmentedRaftLogWorker.java:lambda$new$0(136)) - 73d758c7-6b76-4e6e-a3d3-7696fd8c55bd@group-6A99B4BC2CFE-SegmentedRaftLogWorker: safeCacheEvictIndex: setUnconditionally 0 -> -1
2022-11-10 07:14:19,317 [pool-141-thread-1] INFO  server.RaftServer$Division (RaftServerImpl.java:start(334)) - 73d758c7-6b76-4e6e-a3d3-7696fd8c55bd@group-6A99B4BC2CFE: start as a follower, conf=-1: peers:[b01711c8-04b4-47a5-9bab-72c84cf7bb6a|rpc:10.1.0.59:44509|priority:0|startupRole:FOLLOWER, 73d758c7-6b76-4e6e-a3d3-7696fd8c55bd|rpc:10.1.0.59:42647|priority:1|startupRole:FOLLOWER, 18b389ac-e92e-45af-bb8d-005344dac216|rpc:10.1.0.59:39897|priority:0|startupRole:FOLLOWER]|listeners:[], old=null
2022-11-10 07:14:19,317 [pool-141-thread-1] INFO  server.RaftServer$Division (RaftServerImpl.java:setRole(321)) - 73d758c7-6b76-4e6e-a3d3-7696fd8c55bd@group-6A99B4BC2CFE: changes role from      null to FOLLOWER at term 0 for startAsFollower
2022-11-10 07:14:19,317 [pool-141-thread-1] INFO  impl.RoleInfo (RoleInfo.java:updateAndGet(139)) - 73d758c7-6b76-4e6e-a3d3-7696fd8c55bd: start 73d758c7-6b76-4e6e-a3d3-7696fd8c55bd@group-6A99B4BC2CFE-FollowerState
2022-11-10 07:14:19,317 [pool-141-thread-1] INFO  util.JmxRegister (JmxRegister.java:tryRegister(44)) - Successfully registered JMX Bean with object name Ratis:service=RaftServer,group=group-6A99B4BC2CFE,id=73d758c7-6b76-4e6e-a3d3-7696fd8c55bd
2022-11-10 07:14:19,317 [73d758c7-6b76-4e6e-a3d3-7696fd8c55bd@group-6A99B4BC2CFE-FollowerState] INFO  server.RaftServerConfigKeys (ConfUtils.java:logFallback(53)) - raft.server.rpc.first-election.timeout.min = 5s (fallback to raft.server.rpc.timeout.min)
2022-11-10 07:14:19,317 [pool-141-thread-1] INFO  server.RaftServerConfigKeys (ConfUtils.java:logGet(46)) - raft.server.snapshot.auto.trigger.enabled = true (custom)
2022-11-10 07:14:19,317 [73d758c7-6b76-4e6e-a3d3-7696fd8c55bd@group-6A99B4BC2CFE-FollowerState] INFO  server.RaftServerConfigKeys (ConfUtils.java:logFallback(53)) - raft.server.rpc.first-election.timeout.max = 5200ms (fallback to raft.server.rpc.timeout.max)
2022-11-10 07:14:19,318 [pool-141-thread-1] INFO  server.RaftServerConfigKeys (ConfUtils.java:logGet(46)) - raft.server.snapshot.auto.trigger.threshold = 10000 (custom)
2022-11-10 07:14:19,319 [pool-141-thread-1] INFO  server.RaftServerConfigKeys (ConfUtils.java:logGet(46)) - raft.server.snapshot.retention.file.num = 5 (custom)
2022-11-10 07:14:19,319 [pool-141-thread-1] INFO  server.RaftServerConfigKeys (ConfUtils.java:logGet(46)) - raft.server.log.purge.upto.snapshot.index = false (default)
2022-11-10 07:14:19,320 [Command processor thread] INFO  ratis.XceiverServerRatis (XceiverServerRatis.java:addGroup(765)) - Created group PipelineID=e89328de-3269-403f-928c-6a99b4bc2cfe
2022-11-10 07:14:19,331 [grpc-default-executor-1] INFO  server.RaftServer (RaftServerProxy.java:addNew(96)) - b01711c8-04b4-47a5-9bab-72c84cf7bb6a: addNew group-6A99B4BC2CFE:[b01711c8-04b4-47a5-9bab-72c84cf7bb6a|rpc:10.1.0.59:44509|dataStream:|priority:0|startupRole:FOLLOWER, 73d758c7-6b76-4e6e-a3d3-7696fd8c55bd|rpc:10.1.0.59:42647|dataStream:|priority:1|startupRole:FOLLOWER, 18b389ac-e92e-45af-bb8d-005344dac216|rpc:10.1.0.59:39897|dataStream:|priority:0|startupRole:FOLLOWER] returns group-6A99B4BC2CFE:java.util.concurrent.CompletableFuture@64d3afc7[Not completed]
2022-11-10 07:14:19,332 [pool-164-thread-1] INFO  server.RaftServer$Division (RaftServerImpl.java:<init>(195)) - b01711c8-04b4-47a5-9bab-72c84cf7bb6a: new RaftServerImpl for group-6A99B4BC2CFE:[b01711c8-04b4-47a5-9bab-72c84cf7bb6a|rpc:10.1.0.59:44509|dataStream:|priority:0|startupRole:FOLLOWER, 73d758c7-6b76-4e6e-a3d3-7696fd8c55bd|rpc:10.1.0.59:42647|dataStream:|priority:1|startupRole:FOLLOWER, 18b389ac-e92e-45af-bb8d-005344dac216|rpc:10.1.0.59:39897|dataStream:|priority:0|startupRole:FOLLOWER] with ContainerStateMachine:uninitialized
2022-11-10 07:14:19,333 [pool-164-thread-1] INFO  server.RaftServerConfigKeys (ConfUtils.java:logGet(46)) - raft.server.rpc.timeout.min = 5s (custom)
2022-11-10 07:14:19,333 [pool-164-thread-1] INFO  server.RaftServerConfigKeys (ConfUtils.java:logGet(46)) - raft.server.rpc.timeout.max = 5200ms (custom)
2022-11-10 07:14:19,333 [pool-164-thread-1] INFO  server.RaftServerConfigKeys (ConfUtils.java:logGet(46)) - raft.server.rpc.sleep.time = 25ms (default)
2022-11-10 07:14:19,333 [pool-164-thread-1] INFO  server.RaftServerConfigKeys (ConfUtils.java:logGet(46)) - raft.server.rpc.slowness.timeout = 300s (custom)
2022-11-10 07:14:19,333 [pool-164-thread-1] INFO  server.RaftServerConfigKeys (ConfUtils.java:logGet(46)) - raft.server.leaderelection.leader.step-down.wait-time = 10s (default)
2022-11-10 07:14:19,333 [pool-164-thread-1] INFO  server.RaftServerConfigKeys (ConfUtils.java:logGet(46)) - raft.server.sleep.deviation.threshold = 300ms (default)
2022-11-10 07:14:19,333 [pool-164-thread-1] INFO  server.RaftServer$Division (ServerState.java:<init>(118)) - b01711c8-04b4-47a5-9bab-72c84cf7bb6a@group-6A99B4BC2CFE: ConfigurationManager, init=-1: peers:[b01711c8-04b4-47a5-9bab-72c84cf7bb6a|rpc:10.1.0.59:44509|dataStream:|priority:0|startupRole:FOLLOWER, 73d758c7-6b76-4e6e-a3d3-7696fd8c55bd|rpc:10.1.0.59:42647|dataStream:|priority:1|startupRole:FOLLOWER, 18b389ac-e92e-45af-bb8d-005344dac216|rpc:10.1.0.59:39897|dataStream:|priority:0|startupRole:FOLLOWER]|listeners:[], old=null, confs=<EMPTY_MAP>
2022-11-10 07:14:19,333 [pool-164-thread-1] INFO  server.RaftServerConfigKeys (ConfUtils.java:logGet(46)) - raft.server.storage.dir = [/home/runner/work/ozone/ozone/hadoop-ozone/integration-test/target/test-dir/MiniOzoneClusterImpl-d14c70f5-e14b-41c6-a13f-e3ca6c51505f/datanode-4/data/ratis] (custom)
2022-11-10 07:14:19,333 [pool-164-thread-1] INFO  server.RaftServerConfigKeys (ConfUtils.java:logGet(46)) - raft.server.log.corruption.policy = EXCEPTION (default)
2022-11-10 07:14:19,333 [pool-164-thread-1] INFO  server.RaftServerConfigKeys (ConfUtils.java:logGet(46)) - raft.server.storage.free-space.min = 0MB (=0) (default)
2022-11-10 07:14:19,334 [pool-164-thread-1] INFO  server.RaftServerConfigKeys (ConfUtils.java:logGet(46)) - raft.server.notification.no-leader.timeout = 300s (custom)
2022-11-10 07:14:19,334 [pool-164-thread-1] INFO  server.RaftServerConfigKeys (ConfUtils.java:logGet(46)) - raft.server.retrycache.expirytime = 600000ms (custom)
2022-11-10 07:14:19,334 [pool-164-thread-1] INFO  server.RaftServerConfigKeys (ConfUtils.java:logGet(46)) - raft.server.retrycache.statistics.expirytime = 100μs (default)
2022-11-10 07:14:19,334 [pool-164-thread-1] INFO  server.RaftServerConfigKeys (ConfUtils.java:logGet(46)) - raft.server.log.appender.install.snapshot.enabled = false (custom)
2022-11-10 07:14:19,334 [pool-164-thread-1] INFO  server.RaftServerConfigKeys (ConfUtils.java:logGet(46)) - raft.server.threadpool.server.cached = true (default)
2022-11-10 07:14:19,335 [pool-164-thread-1] INFO  server.RaftServerConfigKeys (ConfUtils.java:logGet(46)) - raft.server.threadpool.server.size = 0 (default)
2022-11-10 07:14:19,343 [pool-164-thread-1] INFO  server.RaftServerConfigKeys (ConfUtils.java:logGet(46)) - raft.server.threadpool.client.cached = true (default)
2022-11-10 07:14:19,343 [pool-164-thread-1] INFO  server.RaftServerConfigKeys (ConfUtils.java:logGet(46)) - raft.server.threadpool.client.size = 0 (default)
2022-11-10 07:14:19,343 [pool-164-thread-1] INFO  storage.RaftStorageDirectory (RaftStorageDirectoryImpl.java:analyzeStorage(137)) - The storage directory /home/runner/work/ozone/ozone/hadoop-ozone/integration-test/target/test-dir/MiniOzoneClusterImpl-d14c70f5-e14b-41c6-a13f-e3ca6c51505f/datanode-4/data/ratis/e89328de-3269-403f-928c-6a99b4bc2cfe does not exist. Creating ...
2022-11-10 07:14:19,344 [pool-164-thread-1] INFO  storage.RaftStorageDirectory (RaftStorageDirectoryImpl.java:tryLock(231)) - Lock on /home/runner/work/ozone/ozone/hadoop-ozone/integration-test/target/test-dir/MiniOzoneClusterImpl-d14c70f5-e14b-41c6-a13f-e3ca6c51505f/datanode-4/data/ratis/e89328de-3269-403f-928c-6a99b4bc2cfe/in_use.lock acquired by nodename 12028@fv-az435-205
2022-11-10 07:14:19,346 [pool-164-thread-1] INFO  storage.RaftStorage (RaftStorageImpl.java:format(96)) - Storage directory /home/runner/work/ozone/ozone/hadoop-ozone/integration-test/target/test-dir/MiniOzoneClusterImpl-d14c70f5-e14b-41c6-a13f-e3ca6c51505f/datanode-4/data/ratis/e89328de-3269-403f-928c-6a99b4bc2cfe has been successfully formatted.
2022-11-10 07:14:19,346 [pool-164-thread-1] INFO  ratis.ContainerStateMachine (ContainerStateMachine.java:loadSnapshot(236)) - group-6A99B4BC2CFE: The snapshot info is null. Setting the last applied indexto:(t:0, i:~)
2022-11-10 07:14:19,346 [pool-164-thread-1] INFO  server.RaftServerConfigKeys (ConfUtils.java:logGet(46)) - raft.server.log.use.memory = false (default)
2022-11-10 07:14:19,347 [pool-164-thread-1] INFO  server.RaftServerConfigKeys (ConfUtils.java:logGet(46)) - raft.server.log.purge.gap = 1000000 (custom)
2022-11-10 07:14:19,347 [pool-164-thread-1] INFO  server.RaftServerConfigKeys (ConfUtils.java:logGet(46)) - raft.server.log.appender.buffer.byte-limit = 33554432 (custom)
2022-11-10 07:14:19,347 [pool-164-thread-1] INFO  server.RaftServerConfigKeys (ConfUtils.java:logGet(46)) - raft.server.log.statemachine.data.read.timeout = 1000ms (default)
2022-11-10 07:14:19,347 [pool-164-thread-1] INFO  server.RaftServerConfigKeys (ConfUtils.java:logGet(46)) - raft.server.log.purge.preservation.log.num = 0 (default)
2022-11-10 07:14:19,348 [pool-164-thread-1] INFO  server.RaftServerConfigKeys (ConfUtils.java:logGet(46)) - raft.server.log.segment.size.max = 1048576 (custom)
2022-11-10 07:14:19,350 [pool-164-thread-1] INFO  server.RaftServerConfigKeys (ConfUtils.java:logGet(46)) - raft.server.log.segment.cache.num.max = 2 (custom)
2022-11-10 07:14:19,350 [pool-164-thread-1] INFO  server.RaftServerConfigKeys (ConfUtils.java:logGet(46)) - raft.server.log.segment.cache.size.max = 200MB (=209715200) (default)
2022-11-10 07:14:19,350 [pool-164-thread-1] INFO  segmented.SegmentedRaftLogWorker (SegmentedRaftLogWorker.java:<init>(191)) - new b01711c8-04b4-47a5-9bab-72c84cf7bb6a@group-6A99B4BC2CFE-SegmentedRaftLogWorker for RaftStorageImpl:Storage Directory /home/runner/work/ozone/ozone/hadoop-ozone/integration-test/target/test-dir/MiniOzoneClusterImpl-d14c70f5-e14b-41c6-a13f-e3ca6c51505f/datanode-4/data/ratis/e89328de-3269-403f-928c-6a99b4bc2cfe
2022-11-10 07:14:19,350 [pool-164-thread-1] INFO  server.RaftServerConfigKeys (ConfUtils.java:logGet(46)) - raft.server.log.queue.byte-limit = 4294967296 (custom)
2022-11-10 07:14:19,350 [pool-164-thread-1] INFO  server.RaftServerConfigKeys (ConfUtils.java:logGet(46)) - raft.server.log.queue.element-limit = 1024 (custom)
2022-11-10 07:14:19,350 [pool-164-thread-1] INFO  server.RaftServerConfigKeys (ConfUtils.java:logGet(46)) - raft.server.log.segment.size.max = 1048576 (custom)
2022-11-10 07:14:19,350 [pool-164-thread-1] INFO  server.RaftServerConfigKeys (ConfUtils.java:logGet(46)) - raft.server.log.preallocated.size = 16384 (custom)
2022-11-10 07:14:19,350 [pool-164-thread-1] INFO  server.RaftServerConfigKeys (ConfUtils.java:logGet(46)) - raft.server.log.force.sync.num = 128 (default)
2022-11-10 07:14:19,350 [pool-164-thread-1] INFO  server.RaftServerConfigKeys (ConfUtils.java:logGet(46)) - raft.server.log.statemachine.data.sync = true (default)
2022-11-10 07:14:19,350 [pool-164-thread-1] INFO  server.RaftServerConfigKeys (ConfUtils.java:logGet(46)) - raft.server.log.statemachine.data.sync.timeout = 10s (default)
2022-11-10 07:14:19,350 [pool-164-thread-1] INFO  server.RaftServerConfigKeys (ConfUtils.java:logGet(46)) - raft.server.log.statemachine.data.sync.timeout.retry = -1 (default)
2022-11-10 07:14:19,351 [pool-164-thread-1] INFO  server.RaftServerConfigKeys (ConfUtils.java:logGet(46)) - raft.server.log.write.buffer.size = 1048576 (custom)
2022-11-10 07:14:19,351 [pool-164-thread-1] INFO  server.RaftServerConfigKeys (ConfUtils.java:logGet(46)) - raft.server.log.unsafe-flush.enabled = false (default)
2022-11-10 07:14:19,351 [pool-164-thread-1] INFO  server.RaftServerConfigKeys (ConfUtils.java:logGet(46)) - raft.server.log.async-flush.enabled = false (default)
2022-11-10 07:14:19,351 [pool-164-thread-1] INFO  server.RaftServerConfigKeys (ConfUtils.java:logGet(46)) - raft.server.log.statemachine.data.caching.enabled = true (custom)
2022-11-10 07:14:19,351 [pool-164-thread-1] INFO  segmented.SegmentedRaftLogWorker (SegmentedRaftLogWorker.java:lambda$new$0(136)) - b01711c8-04b4-47a5-9bab-72c84cf7bb6a@group-6A99B4BC2CFE-SegmentedRaftLogWorker: flushIndex: setUnconditionally 0 -> -1
2022-11-10 07:14:19,351 [pool-164-thread-1] INFO  segmented.SegmentedRaftLogWorker (SegmentedRaftLogWorker.java:lambda$new$0(136)) - b01711c8-04b4-47a5-9bab-72c84cf7bb6a@group-6A99B4BC2CFE-SegmentedRaftLogWorker: safeCacheEvictIndex: setUnconditionally 0 -> -1
2022-11-10 07:14:19,352 [pool-164-thread-1] INFO  server.RaftServer$Division (RaftServerImpl.java:start(334)) - b01711c8-04b4-47a5-9bab-72c84cf7bb6a@group-6A99B4BC2CFE: start as a follower, conf=-1: peers:[b01711c8-04b4-47a5-9bab-72c84cf7bb6a|rpc:10.1.0.59:44509|dataStream:|priority:0|startupRole:FOLLOWER, 73d758c7-6b76-4e6e-a3d3-7696fd8c55bd|rpc:10.1.0.59:42647|dataStream:|priority:1|startupRole:FOLLOWER, 18b389ac-e92e-45af-bb8d-005344dac216|rpc:10.1.0.59:39897|dataStream:|priority:0|startupRole:FOLLOWER]|listeners:[], old=null
2022-11-10 07:14:19,352 [pool-164-thread-1] INFO  server.RaftServer$Division (RaftServerImpl.java:setRole(321)) - b01711c8-04b4-47a5-9bab-72c84cf7bb6a@group-6A99B4BC2CFE: changes role from      null to FOLLOWER at term 0 for startAsFollower
2022-11-10 07:14:19,352 [pool-164-thread-1] INFO  impl.RoleInfo (RoleInfo.java:updateAndGet(139)) - b01711c8-04b4-47a5-9bab-72c84cf7bb6a: start b01711c8-04b4-47a5-9bab-72c84cf7bb6a@group-6A99B4BC2CFE-FollowerState
2022-11-10 07:14:19,352 [pool-164-thread-1] INFO  util.JmxRegister (JmxRegister.java:tryRegister(44)) - Successfully registered JMX Bean with object name Ratis:service=RaftServer,group=group-6A99B4BC2CFE,id=b01711c8-04b4-47a5-9bab-72c84cf7bb6a
2022-11-10 07:14:19,352 [pool-164-thread-1] INFO  server.RaftServerConfigKeys (ConfUtils.java:logGet(46)) - raft.server.snapshot.auto.trigger.enabled = true (custom)
2022-11-10 07:14:19,352 [pool-164-thread-1] INFO  server.RaftServerConfigKeys (ConfUtils.java:logGet(46)) - raft.server.snapshot.auto.trigger.threshold = 10000 (custom)
2022-11-10 07:14:19,352 [pool-164-thread-1] INFO  server.RaftServerConfigKeys (ConfUtils.java:logGet(46)) - raft.server.snapshot.retention.file.num = 5 (custom)
2022-11-10 07:14:19,352 [pool-164-thread-1] INFO  server.RaftServerConfigKeys (ConfUtils.java:logGet(46)) - raft.server.log.purge.upto.snapshot.index = false (default)
2022-11-10 07:14:19,353 [b01711c8-04b4-47a5-9bab-72c84cf7bb6a@group-6A99B4BC2CFE-FollowerState] INFO  server.RaftServerConfigKeys (ConfUtils.java:logFallback(53)) - raft.server.rpc.first-election.timeout.min = 5s (fallback to raft.server.rpc.timeout.min)
2022-11-10 07:14:19,359 [b01711c8-04b4-47a5-9bab-72c84cf7bb6a@group-6A99B4BC2CFE-FollowerState] INFO  server.RaftServerConfigKeys (ConfUtils.java:logFallback(53)) - raft.server.rpc.first-election.timeout.max = 5200ms (fallback to raft.server.rpc.timeout.max)
2022-11-10 07:14:19,383 [grpc-default-executor-1] INFO  server.RaftServer (RaftServerProxy.java:addNew(96)) - 18b389ac-e92e-45af-bb8d-005344dac216: addNew group-6A99B4BC2CFE:[b01711c8-04b4-47a5-9bab-72c84cf7bb6a|rpc:10.1.0.59:44509|dataStream:|priority:0|startupRole:FOLLOWER, 73d758c7-6b76-4e6e-a3d3-7696fd8c55bd|rpc:10.1.0.59:42647|dataStream:|priority:1|startupRole:FOLLOWER, 18b389ac-e92e-45af-bb8d-005344dac216|rpc:10.1.0.59:39897|dataStream:|priority:0|startupRole:FOLLOWER] returns group-6A99B4BC2CFE:java.util.concurrent.CompletableFuture@74162827[Not completed]
2022-11-10 07:14:19,384 [pool-187-thread-1] INFO  server.RaftServer$Division (RaftServerImpl.java:<init>(195)) - 18b389ac-e92e-45af-bb8d-005344dac216: new RaftServerImpl for group-6A99B4BC2CFE:[b01711c8-04b4-47a5-9bab-72c84cf7bb6a|rpc:10.1.0.59:44509|dataStream:|priority:0|startupRole:FOLLOWER, 73d758c7-6b76-4e6e-a3d3-7696fd8c55bd|rpc:10.1.0.59:42647|dataStream:|priority:1|startupRole:FOLLOWER, 18b389ac-e92e-45af-bb8d-005344dac216|rpc:10.1.0.59:39897|dataStream:|priority:0|startupRole:FOLLOWER] with ContainerStateMachine:uninitialized
2022-11-10 07:14:19,384 [pool-187-thread-1] INFO  server.RaftServerConfigKeys (ConfUtils.java:logGet(46)) - raft.server.rpc.timeout.min = 5s (custom)
2022-11-10 07:14:19,384 [pool-187-thread-1] INFO  server.RaftServerConfigKeys (ConfUtils.java:logGet(46)) - raft.server.rpc.timeout.max = 5200ms (custom)
2022-11-10 07:14:19,384 [pool-187-thread-1] INFO  server.RaftServerConfigKeys (ConfUtils.java:logGet(46)) - raft.server.rpc.sleep.time = 25ms (default)
2022-11-10 07:14:19,384 [pool-187-thread-1] INFO  server.RaftServerConfigKeys (ConfUtils.java:logGet(46)) - raft.server.rpc.slowness.timeout = 300s (custom)
2022-11-10 07:14:19,384 [pool-187-thread-1] INFO  server.RaftServerConfigKeys (ConfUtils.java:logGet(46)) - raft.server.leaderelection.leader.step-down.wait-time = 10s (default)
2022-11-10 07:14:19,384 [pool-187-thread-1] INFO  server.RaftServerConfigKeys (ConfUtils.java:logGet(46)) - raft.server.sleep.deviation.threshold = 300ms (default)
2022-11-10 07:14:19,384 [pool-187-thread-1] INFO  server.RaftServer$Division (ServerState.java:<init>(118)) - 18b389ac-e92e-45af-bb8d-005344dac216@group-6A99B4BC2CFE: ConfigurationManager, init=-1: peers:[b01711c8-04b4-47a5-9bab-72c84cf7bb6a|rpc:10.1.0.59:44509|dataStream:|priority:0|startupRole:FOLLOWER, 73d758c7-6b76-4e6e-a3d3-7696fd8c55bd|rpc:10.1.0.59:42647|dataStream:|priority:1|startupRole:FOLLOWER, 18b389ac-e92e-45af-bb8d-005344dac216|rpc:10.1.0.59:39897|dataStream:|priority:0|startupRole:FOLLOWER]|listeners:[], old=null, confs=<EMPTY_MAP>
2022-11-10 07:14:19,384 [pool-187-thread-1] INFO  server.RaftServerConfigKeys (ConfUtils.java:logGet(46)) - raft.server.storage.dir = [/home/runner/work/ozone/ozone/hadoop-ozone/integration-test/target/test-dir/MiniOzoneClusterImpl-d14c70f5-e14b-41c6-a13f-e3ca6c51505f/datanode-5/data/ratis] (custom)
2022-11-10 07:14:19,384 [pool-187-thread-1] INFO  server.RaftServerConfigKeys (ConfUtils.java:logGet(46)) - raft.server.log.corruption.policy = EXCEPTION (default)
2022-11-10 07:14:19,384 [pool-187-thread-1] INFO  server.RaftServerConfigKeys (ConfUtils.java:logGet(46)) - raft.server.storage.free-space.min = 0MB (=0) (default)
2022-11-10 07:14:19,384 [pool-187-thread-1] INFO  server.RaftServerConfigKeys (ConfUtils.java:logGet(46)) - raft.server.notification.no-leader.timeout = 300s (custom)
2022-11-10 07:14:19,384 [pool-187-thread-1] INFO  server.RaftServerConfigKeys (ConfUtils.java:logGet(46)) - raft.server.retrycache.expirytime = 600000ms (custom)
2022-11-10 07:14:19,384 [pool-187-thread-1] INFO  server.RaftServerConfigKeys (ConfUtils.java:logGet(46)) - raft.server.retrycache.statistics.expirytime = 100μs (default)
2022-11-10 07:14:19,385 [pool-187-thread-1] INFO  server.RaftServerConfigKeys (ConfUtils.java:logGet(46)) - raft.server.log.appender.install.snapshot.enabled = false (custom)
2022-11-10 07:14:19,385 [pool-187-thread-1] INFO  server.RaftServerConfigKeys (ConfUtils.java:logGet(46)) - raft.server.threadpool.server.cached = true (default)
2022-11-10 07:14:19,385 [pool-187-thread-1] INFO  server.RaftServerConfigKeys (ConfUtils.java:logGet(46)) - raft.server.threadpool.server.size = 0 (default)
2022-11-10 07:14:19,385 [pool-187-thread-1] INFO  server.RaftServerConfigKeys (ConfUtils.java:logGet(46)) - raft.server.threadpool.client.cached = true (default)
2022-11-10 07:14:19,385 [pool-187-thread-1] INFO  server.RaftServerConfigKeys (ConfUtils.java:logGet(46)) - raft.server.threadpool.client.size = 0 (default)
2022-11-10 07:14:19,386 [pool-187-thread-1] INFO  storage.RaftStorageDirectory (RaftStorageDirectoryImpl.java:analyzeStorage(137)) - The storage directory /home/runner/work/ozone/ozone/hadoop-ozone/integration-test/target/test-dir/MiniOzoneClusterImpl-d14c70f5-e14b-41c6-a13f-e3ca6c51505f/datanode-5/data/ratis/e89328de-3269-403f-928c-6a99b4bc2cfe does not exist. Creating ...
2022-11-10 07:14:19,387 [pool-187-thread-1] INFO  storage.RaftStorageDirectory (RaftStorageDirectoryImpl.java:tryLock(231)) - Lock on /home/runner/work/ozone/ozone/hadoop-ozone/integration-test/target/test-dir/MiniOzoneClusterImpl-d14c70f5-e14b-41c6-a13f-e3ca6c51505f/datanode-5/data/ratis/e89328de-3269-403f-928c-6a99b4bc2cfe/in_use.lock acquired by nodename 12028@fv-az435-205
2022-11-10 07:14:19,389 [pool-187-thread-1] INFO  storage.RaftStorage (RaftStorageImpl.java:format(96)) - Storage directory /home/runner/work/ozone/ozone/hadoop-ozone/integration-test/target/test-dir/MiniOzoneClusterImpl-d14c70f5-e14b-41c6-a13f-e3ca6c51505f/datanode-5/data/ratis/e89328de-3269-403f-928c-6a99b4bc2cfe has been successfully formatted.
2022-11-10 07:14:19,389 [pool-187-thread-1] INFO  ratis.ContainerStateMachine (ContainerStateMachine.java:loadSnapshot(236)) - group-6A99B4BC2CFE: The snapshot info is null. Setting the last applied indexto:(t:0, i:~)
2022-11-10 07:14:19,389 [pool-187-thread-1] INFO  server.RaftServerConfigKeys (ConfUtils.java:logGet(46)) - raft.server.log.use.memory = false (default)
2022-11-10 07:14:19,389 [pool-187-thread-1] INFO  server.RaftServerConfigKeys (ConfUtils.java:logGet(46)) - raft.server.log.purge.gap = 1000000 (custom)
2022-11-10 07:14:19,389 [pool-187-thread-1] INFO  server.RaftServerConfigKeys (ConfUtils.java:logGet(46)) - raft.server.log.appender.buffer.byte-limit = 33554432 (custom)
2022-11-10 07:14:19,389 [pool-187-thread-1] INFO  server.RaftServerConfigKeys (ConfUtils.java:logGet(46)) - raft.server.log.statemachine.data.read.timeout = 1000ms (default)
2022-11-10 07:14:19,389 [pool-187-thread-1] INFO  server.RaftServerConfigKeys (ConfUtils.java:logGet(46)) - raft.server.log.purge.preservation.log.num = 0 (default)
2022-11-10 07:14:19,389 [pool-187-thread-1] INFO  server.RaftServerConfigKeys (ConfUtils.java:logGet(46)) - raft.server.log.segment.size.max = 1048576 (custom)
2022-11-10 07:14:19,390 [pool-187-thread-1] INFO  server.RaftServerConfigKeys (ConfUtils.java:logGet(46)) - raft.server.log.segment.cache.num.max = 2 (custom)
2022-11-10 07:14:19,390 [pool-187-thread-1] INFO  server.RaftServerConfigKeys (ConfUtils.java:logGet(46)) - raft.server.log.segment.cache.size.max = 200MB (=209715200) (default)
2022-11-10 07:14:19,390 [pool-187-thread-1] INFO  segmented.SegmentedRaftLogWorker (SegmentedRaftLogWorker.java:<init>(191)) - new 18b389ac-e92e-45af-bb8d-005344dac216@group-6A99B4BC2CFE-SegmentedRaftLogWorker for RaftStorageImpl:Storage Directory /home/runner/work/ozone/ozone/hadoop-ozone/integration-test/target/test-dir/MiniOzoneClusterImpl-d14c70f5-e14b-41c6-a13f-e3ca6c51505f/datanode-5/data/ratis/e89328de-3269-403f-928c-6a99b4bc2cfe
2022-11-10 07:14:19,390 [pool-187-thread-1] INFO  server.RaftServerConfigKeys (ConfUtils.java:logGet(46)) - raft.server.log.queue.byte-limit = 4294967296 (custom)
2022-11-10 07:14:19,390 [pool-187-thread-1] INFO  server.RaftServerConfigKeys (ConfUtils.java:logGet(46)) - raft.server.log.queue.element-limit = 1024 (custom)
2022-11-10 07:14:19,390 [pool-187-thread-1] INFO  server.RaftServerConfigKeys (ConfUtils.java:logGet(46)) - raft.server.log.segment.size.max = 1048576 (custom)
2022-11-10 07:14:19,390 [pool-187-thread-1] INFO  server.RaftServerConfigKeys (ConfUtils.java:logGet(46)) - raft.server.log.preallocated.size = 16384 (custom)
2022-11-10 07:14:19,390 [pool-187-thread-1] INFO  server.RaftServerConfigKeys (ConfUtils.java:logGet(46)) - raft.server.log.force.sync.num = 128 (default)
2022-11-10 07:14:19,390 [pool-187-thread-1] INFO  server.RaftServerConfigKeys (ConfUtils.java:logGet(46)) - raft.server.log.statemachine.data.sync = true (default)
2022-11-10 07:14:19,390 [pool-187-thread-1] INFO  server.RaftServerConfigKeys (ConfUtils.java:logGet(46)) - raft.server.log.statemachine.data.sync.timeout = 10s (default)
2022-11-10 07:14:19,390 [pool-187-thread-1] INFO  server.RaftServerConfigKeys (ConfUtils.java:logGet(46)) - raft.server.log.statemachine.data.sync.timeout.retry = -1 (default)
2022-11-10 07:14:19,391 [pool-187-thread-1] INFO  server.RaftServerConfigKeys (ConfUtils.java:logGet(46)) - raft.server.log.write.buffer.size = 1048576 (custom)
2022-11-10 07:14:19,392 [pool-187-thread-1] INFO  server.RaftServerConfigKeys (ConfUtils.java:logGet(46)) - raft.server.log.unsafe-flush.enabled = false (default)
2022-11-10 07:14:19,392 [pool-187-thread-1] INFO  server.RaftServerConfigKeys (ConfUtils.java:logGet(46)) - raft.server.log.async-flush.enabled = false (default)
2022-11-10 07:14:19,392 [pool-187-thread-1] INFO  server.RaftServerConfigKeys (ConfUtils.java:logGet(46)) - raft.server.log.statemachine.data.caching.enabled = true (custom)
2022-11-10 07:14:19,392 [pool-187-thread-1] INFO  segmented.SegmentedRaftLogWorker (SegmentedRaftLogWorker.java:lambda$new$0(136)) - 18b389ac-e92e-45af-bb8d-005344dac216@group-6A99B4BC2CFE-SegmentedRaftLogWorker: flushIndex: setUnconditionally 0 -> -1
2022-11-10 07:14:19,392 [pool-187-thread-1] INFO  segmented.SegmentedRaftLogWorker (SegmentedRaftLogWorker.java:lambda$new$0(136)) - 18b389ac-e92e-45af-bb8d-005344dac216@group-6A99B4BC2CFE-SegmentedRaftLogWorker: safeCacheEvictIndex: setUnconditionally 0 -> -1
2022-11-10 07:14:19,392 [pool-187-thread-1] INFO  server.RaftServer$Division (RaftServerImpl.java:start(334)) - 18b389ac-e92e-45af-bb8d-005344dac216@group-6A99B4BC2CFE: start as a follower, conf=-1: peers:[b01711c8-04b4-47a5-9bab-72c84cf7bb6a|rpc:10.1.0.59:44509|dataStream:|priority:0|startupRole:FOLLOWER, 73d758c7-6b76-4e6e-a3d3-7696fd8c55bd|rpc:10.1.0.59:42647|dataStream:|priority:1|startupRole:FOLLOWER, 18b389ac-e92e-45af-bb8d-005344dac216|rpc:10.1.0.59:39897|dataStream:|priority:0|startupRole:FOLLOWER]|listeners:[], old=null
2022-11-10 07:14:19,392 [pool-187-thread-1] INFO  server.RaftServer$Division (RaftServerImpl.java:setRole(321)) - 18b389ac-e92e-45af-bb8d-005344dac216@group-6A99B4BC2CFE: changes role from      null to FOLLOWER at term 0 for startAsFollower
2022-11-10 07:14:19,392 [pool-187-thread-1] INFO  impl.RoleInfo (RoleInfo.java:updateAndGet(139)) - 18b389ac-e92e-45af-bb8d-005344dac216: start 18b389ac-e92e-45af-bb8d-005344dac216@group-6A99B4BC2CFE-FollowerState
2022-11-10 07:14:19,393 [pool-187-thread-1] INFO  util.JmxRegister (JmxRegister.java:tryRegister(44)) - Successfully registered JMX Bean with object name Ratis:service=RaftServer,group=group-6A99B4BC2CFE,id=18b389ac-e92e-45af-bb8d-005344dac216
2022-11-10 07:14:19,393 [pool-187-thread-1] INFO  server.RaftServerConfigKeys (ConfUtils.java:logGet(46)) - raft.server.snapshot.auto.trigger.enabled = true (custom)
2022-11-10 07:14:19,393 [pool-187-thread-1] INFO  server.RaftServerConfigKeys (ConfUtils.java:logGet(46)) - raft.server.snapshot.auto.trigger.threshold = 10000 (custom)
2022-11-10 07:14:19,393 [pool-187-thread-1] INFO  server.RaftServerConfigKeys (ConfUtils.java:logGet(46)) - raft.server.snapshot.retention.file.num = 5 (custom)
2022-11-10 07:14:19,393 [pool-187-thread-1] INFO  server.RaftServerConfigKeys (ConfUtils.java:logGet(46)) - raft.server.log.purge.upto.snapshot.index = false (default)
2022-11-10 07:14:19,393 [18b389ac-e92e-45af-bb8d-005344dac216@group-6A99B4BC2CFE-FollowerState] INFO  server.RaftServerConfigKeys (ConfUtils.java:logFallback(53)) - raft.server.rpc.first-election.timeout.min = 5s (fallback to raft.server.rpc.timeout.min)
2022-11-10 07:14:19,406 [18b389ac-e92e-45af-bb8d-005344dac216@group-6A99B4BC2CFE-FollowerState] INFO  server.RaftServerConfigKeys (ConfUtils.java:logFallback(53)) - raft.server.rpc.first-election.timeout.max = 5200ms (fallback to raft.server.rpc.timeout.max)
2022-11-10 07:14:19,411 [Command processor thread] INFO  commandhandler.CreatePipelineCommandHandler (CreatePipelineCommandHandler.java:handle(113)) - Created Pipeline RATIS THREE PipelineID=e89328de-3269-403f-928c-6a99b4bc2cfe.
2022-11-10 07:14:19,485 [Command processor thread] INFO  server.RaftServer (RaftServerProxy.java:addNew(96)) - b01711c8-04b4-47a5-9bab-72c84cf7bb6a: addNew group-B7D1079710A0:[b01711c8-04b4-47a5-9bab-72c84cf7bb6a|rpc:10.1.0.59:44509|priority:1|startupRole:FOLLOWER] returns group-B7D1079710A0:java.util.concurrent.CompletableFuture@2974b11f[Not completed]
2022-11-10 07:14:19,487 [pool-164-thread-1] INFO  server.RaftServer$Division (RaftServerImpl.java:<init>(195)) - b01711c8-04b4-47a5-9bab-72c84cf7bb6a: new RaftServerImpl for group-B7D1079710A0:[b01711c8-04b4-47a5-9bab-72c84cf7bb6a|rpc:10.1.0.59:44509|priority:1|startupRole:FOLLOWER] with ContainerStateMachine:uninitialized
2022-11-10 07:14:19,487 [pool-164-thread-1] INFO  server.RaftServerConfigKeys (ConfUtils.java:logGet(46)) - raft.server.rpc.timeout.min = 5s (custom)
2022-11-10 07:14:19,487 [pool-164-thread-1] INFO  server.RaftServerConfigKeys (ConfUtils.java:logGet(46)) - raft.server.rpc.timeout.max = 5200ms (custom)
2022-11-10 07:14:19,487 [pool-164-thread-1] INFO  server.RaftServerConfigKeys (ConfUtils.java:logGet(46)) - raft.server.rpc.sleep.time = 25ms (default)
2022-11-10 07:14:19,487 [pool-164-thread-1] INFO  server.RaftServerConfigKeys (ConfUtils.java:logGet(46)) - raft.server.rpc.slowness.timeout = 300s (custom)
2022-11-10 07:14:19,487 [pool-164-thread-1] INFO  server.RaftServerConfigKeys (ConfUtils.java:logGet(46)) - raft.server.leaderelection.leader.step-down.wait-time = 10s (default)
2022-11-10 07:14:19,487 [pool-164-thread-1] INFO  server.RaftServerConfigKeys (ConfUtils.java:logGet(46)) - raft.server.sleep.deviation.threshold = 300ms (default)
2022-11-10 07:14:19,487 [pool-164-thread-1] INFO  server.RaftServer$Division (ServerState.java:<init>(118)) - b01711c8-04b4-47a5-9bab-72c84cf7bb6a@group-B7D1079710A0: ConfigurationManager, init=-1: peers:[b01711c8-04b4-47a5-9bab-72c84cf7bb6a|rpc:10.1.0.59:44509|priority:1|startupRole:FOLLOWER]|listeners:[], old=null, confs=<EMPTY_MAP>
2022-11-10 07:14:19,487 [pool-164-thread-1] INFO  server.RaftServerConfigKeys (ConfUtils.java:logGet(46)) - raft.server.storage.dir = [/home/runner/work/ozone/ozone/hadoop-ozone/integration-test/target/test-dir/MiniOzoneClusterImpl-d14c70f5-e14b-41c6-a13f-e3ca6c51505f/datanode-4/data/ratis] (custom)
2022-11-10 07:14:19,487 [pool-164-thread-1] INFO  server.RaftServerConfigKeys (ConfUtils.java:logGet(46)) - raft.server.log.corruption.policy = EXCEPTION (default)
2022-11-10 07:14:19,487 [pool-164-thread-1] INFO  server.RaftServerConfigKeys (ConfUtils.java:logGet(46)) - raft.server.storage.free-space.min = 0MB (=0) (default)
2022-11-10 07:14:19,487 [pool-164-thread-1] INFO  server.RaftServerConfigKeys (ConfUtils.java:logGet(46)) - raft.server.notification.no-leader.timeout = 300s (custom)
2022-11-10 07:14:19,487 [pool-164-thread-1] INFO  server.RaftServerConfigKeys (ConfUtils.java:logGet(46)) - raft.server.retrycache.expirytime = 600000ms (custom)
2022-11-10 07:14:19,487 [pool-164-thread-1] INFO  server.RaftServerConfigKeys (ConfUtils.java:logGet(46)) - raft.server.retrycache.statistics.expirytime = 100μs (default)
2022-11-10 07:14:19,488 [pool-164-thread-1] INFO  server.RaftServerConfigKeys (ConfUtils.java:logGet(46)) - raft.server.log.appender.install.snapshot.enabled = false (custom)
2022-11-10 07:14:19,488 [pool-164-thread-1] INFO  server.RaftServerConfigKeys (ConfUtils.java:logGet(46)) - raft.server.threadpool.server.cached = true (default)
2022-11-10 07:14:19,489 [pool-164-thread-1] INFO  server.RaftServerConfigKeys (ConfUtils.java:logGet(46)) - raft.server.threadpool.server.size = 0 (default)
2022-11-10 07:14:19,489 [pool-164-thread-1] INFO  server.RaftServerConfigKeys (ConfUtils.java:logGet(46)) - raft.server.threadpool.client.cached = true (default)
2022-11-10 07:14:19,489 [pool-164-thread-1] INFO  server.RaftServerConfigKeys (ConfUtils.java:logGet(46)) - raft.server.threadpool.client.size = 0 (default)
2022-11-10 07:14:19,489 [pool-164-thread-1] INFO  storage.RaftStorageDirectory (RaftStorageDirectoryImpl.java:analyzeStorage(137)) - The storage directory /home/runner/work/ozone/ozone/hadoop-ozone/integration-test/target/test-dir/MiniOzoneClusterImpl-d14c70f5-e14b-41c6-a13f-e3ca6c51505f/datanode-4/data/ratis/5ef9bd6a-9581-4cf2-872b-b7d1079710a0 does not exist. Creating ...
2022-11-10 07:14:19,490 [pool-164-thread-1] INFO  storage.RaftStorageDirectory (RaftStorageDirectoryImpl.java:tryLock(231)) - Lock on /home/runner/work/ozone/ozone/hadoop-ozone/integration-test/target/test-dir/MiniOzoneClusterImpl-d14c70f5-e14b-41c6-a13f-e3ca6c51505f/datanode-4/data/ratis/5ef9bd6a-9581-4cf2-872b-b7d1079710a0/in_use.lock acquired by nodename 12028@fv-az435-205
2022-11-10 07:14:19,491 [pool-164-thread-1] INFO  storage.RaftStorage (RaftStorageImpl.java:format(96)) - Storage directory /home/runner/work/ozone/ozone/hadoop-ozone/integration-test/target/test-dir/MiniOzoneClusterImpl-d14c70f5-e14b-41c6-a13f-e3ca6c51505f/datanode-4/data/ratis/5ef9bd6a-9581-4cf2-872b-b7d1079710a0 has been successfully formatted.
2022-11-10 07:14:19,493 [pool-164-thread-1] INFO  ratis.ContainerStateMachine (ContainerStateMachine.java:loadSnapshot(236)) - group-B7D1079710A0: The snapshot info is null. Setting the last applied indexto:(t:0, i:~)
2022-11-10 07:14:19,497 [EventQueue-PipelineReportForPipelineReportHandler] INFO  pipeline.PipelineManagerImpl (PipelineManagerImpl.java:openPipeline(367)) - Pipeline Pipeline[ Id: 5ef9bd6a-9581-4cf2-872b-b7d1079710a0, Nodes: b01711c8-04b4-47a5-9bab-72c84cf7bb6a{ip: 10.1.0.59, host: fv-az435-205.hcxxyugg5vdudo0mn2smve0l3g.cx.internal.cloudapp.net, ports: [REPLICATION=45567, RATIS=44509, RATIS_ADMIN=44509, RATIS_SERVER=44509, STANDALONE=36519], networkLocation: /default-rack, certSerialId: null, persistedOpState: IN_SERVICE, persistedOpStateExpiryEpochSec: 0}, ReplicationConfig: RATIS/ONE, State:ALLOCATED, leaderId:b01711c8-04b4-47a5-9bab-72c84cf7bb6a, CreationTimestamp2022-11-10T07:14:16.492Z[Etc/UTC]] moved to OPEN state
2022-11-10 07:14:19,498 [EventQueue-OpenPipelineForHealthyPipelineSafeModeRule] INFO  safemode.SCMSafeModeManager (HealthyPipelineSafeModeRule.java:process(137)) - SCM in safe mode. Healthy pipelines reported count is 0, required healthy pipeline reported count is 1
2022-11-10 07:14:19,498 [pool-164-thread-1] INFO  server.RaftServerConfigKeys (ConfUtils.java:logGet(46)) - raft.server.log.use.memory = false (default)
2022-11-10 07:14:19,498 [pool-164-thread-1] INFO  server.RaftServerConfigKeys (ConfUtils.java:logGet(46)) - raft.server.log.purge.gap = 1000000 (custom)
2022-11-10 07:14:19,499 [pool-164-thread-1] INFO  server.RaftServerConfigKeys (ConfUtils.java:logGet(46)) - raft.server.log.appender.buffer.byte-limit = 33554432 (custom)
2022-11-10 07:14:19,499 [pool-164-thread-1] INFO  server.RaftServerConfigKeys (ConfUtils.java:logGet(46)) - raft.server.log.statemachine.data.read.timeout = 1000ms (default)
2022-11-10 07:14:19,499 [pool-164-thread-1] INFO  server.RaftServerConfigKeys (ConfUtils.java:logGet(46)) - raft.server.log.purge.preservation.log.num = 0 (default)
2022-11-10 07:14:19,499 [pool-164-thread-1] INFO  server.RaftServerConfigKeys (ConfUtils.java:logGet(46)) - raft.server.log.segment.size.max = 1048576 (custom)
2022-11-10 07:14:19,499 [pool-164-thread-1] INFO  server.RaftServerConfigKeys (ConfUtils.java:logGet(46)) - raft.server.log.segment.cache.num.max = 2 (custom)
2022-11-10 07:14:19,499 [pool-164-thread-1] INFO  server.RaftServerConfigKeys (ConfUtils.java:logGet(46)) - raft.server.log.segment.cache.size.max = 200MB (=209715200) (default)
2022-11-10 07:14:19,499 [pool-164-thread-1] INFO  segmented.SegmentedRaftLogWorker (SegmentedRaftLogWorker.java:<init>(191)) - new b01711c8-04b4-47a5-9bab-72c84cf7bb6a@group-B7D1079710A0-SegmentedRaftLogWorker for RaftStorageImpl:Storage Directory /home/runner/work/ozone/ozone/hadoop-ozone/integration-test/target/test-dir/MiniOzoneClusterImpl-d14c70f5-e14b-41c6-a13f-e3ca6c51505f/datanode-4/data/ratis/5ef9bd6a-9581-4cf2-872b-b7d1079710a0
2022-11-10 07:14:19,499 [pool-164-thread-1] INFO  server.RaftServerConfigKeys (ConfUtils.java:logGet(46)) - raft.server.log.queue.byte-limit = 4294967296 (custom)
2022-11-10 07:14:19,499 [pool-164-thread-1] INFO  server.RaftServerConfigKeys (ConfUtils.java:logGet(46)) - raft.server.log.queue.element-limit = 1024 (custom)
2022-11-10 07:14:19,499 [pool-164-thread-1] INFO  server.RaftServerConfigKeys (ConfUtils.java:logGet(46)) - raft.server.log.segment.size.max = 1048576 (custom)
2022-11-10 07:14:19,499 [pool-164-thread-1] INFO  server.RaftServerConfigKeys (ConfUtils.java:logGet(46)) - raft.server.log.preallocated.size = 16384 (custom)
2022-11-10 07:14:19,499 [pool-164-thread-1] INFO  server.RaftServerConfigKeys (ConfUtils.java:logGet(46)) - raft.server.log.force.sync.num = 128 (default)
2022-11-10 07:14:19,500 [pool-164-thread-1] INFO  server.RaftServerConfigKeys (ConfUtils.java:logGet(46)) - raft.server.log.statemachine.data.sync = true (default)
2022-11-10 07:14:19,500 [pool-164-thread-1] INFO  server.RaftServerConfigKeys (ConfUtils.java:logGet(46)) - raft.server.log.statemachine.data.sync.timeout = 10s (default)
2022-11-10 07:14:19,500 [pool-164-thread-1] INFO  server.RaftServerConfigKeys (ConfUtils.java:logGet(46)) - raft.server.log.statemachine.data.sync.timeout.retry = -1 (default)
2022-11-10 07:14:19,500 [pool-164-thread-1] INFO  server.RaftServerConfigKeys (ConfUtils.java:logGet(46)) - raft.server.log.write.buffer.size = 1048576 (custom)
2022-11-10 07:14:19,500 [pool-164-thread-1] INFO  server.RaftServerConfigKeys (ConfUtils.java:logGet(46)) - raft.server.log.unsafe-flush.enabled = false (default)
2022-11-10 07:14:19,500 [pool-164-thread-1] INFO  server.RaftServerConfigKeys (ConfUtils.java:logGet(46)) - raft.server.log.async-flush.enabled = false (default)
2022-11-10 07:14:19,501 [pool-164-thread-1] INFO  server.RaftServerConfigKeys (ConfUtils.java:logGet(46)) - raft.server.log.statemachine.data.caching.enabled = true (custom)
2022-11-10 07:14:19,501 [pool-164-thread-1] INFO  segmented.SegmentedRaftLogWorker (SegmentedRaftLogWorker.java:lambda$new$0(136)) - b01711c8-04b4-47a5-9bab-72c84cf7bb6a@group-B7D1079710A0-SegmentedRaftLogWorker: flushIndex: setUnconditionally 0 -> -1
2022-11-10 07:14:19,501 [pool-164-thread-1] INFO  segmented.SegmentedRaftLogWorker (SegmentedRaftLogWorker.java:lambda$new$0(136)) - b01711c8-04b4-47a5-9bab-72c84cf7bb6a@group-B7D1079710A0-SegmentedRaftLogWorker: safeCacheEvictIndex: setUnconditionally 0 -> -1
2022-11-10 07:14:19,501 [pool-164-thread-1] INFO  server.RaftServer$Division (RaftServerImpl.java:start(334)) - b01711c8-04b4-47a5-9bab-72c84cf7bb6a@group-B7D1079710A0: start as a follower, conf=-1: peers:[b01711c8-04b4-47a5-9bab-72c84cf7bb6a|rpc:10.1.0.59:44509|priority:1|startupRole:FOLLOWER]|listeners:[], old=null
2022-11-10 07:14:19,501 [pool-164-thread-1] INFO  server.RaftServer$Division (RaftServerImpl.java:setRole(321)) - b01711c8-04b4-47a5-9bab-72c84cf7bb6a@group-B7D1079710A0: changes role from      null to FOLLOWER at term 0 for startAsFollower
2022-11-10 07:14:19,501 [pool-164-thread-1] INFO  impl.RoleInfo (RoleInfo.java:updateAndGet(139)) - b01711c8-04b4-47a5-9bab-72c84cf7bb6a: start b01711c8-04b4-47a5-9bab-72c84cf7bb6a@group-B7D1079710A0-FollowerState
2022-11-10 07:14:19,501 [pool-164-thread-1] INFO  util.JmxRegister (JmxRegister.java:tryRegister(44)) - Successfully registered JMX Bean with object name Ratis:service=RaftServer,group=group-B7D1079710A0,id=b01711c8-04b4-47a5-9bab-72c84cf7bb6a
2022-11-10 07:14:19,501 [pool-164-thread-1] INFO  server.RaftServerConfigKeys (ConfUtils.java:logGet(46)) - raft.server.snapshot.auto.trigger.enabled = true (custom)
2022-11-10 07:14:19,501 [pool-164-thread-1] INFO  server.RaftServerConfigKeys (ConfUtils.java:logGet(46)) - raft.server.snapshot.auto.trigger.threshold = 10000 (custom)
2022-11-10 07:14:19,502 [pool-164-thread-1] INFO  server.RaftServerConfigKeys (ConfUtils.java:logGet(46)) - raft.server.snapshot.retention.file.num = 5 (custom)
2022-11-10 07:14:19,502 [pool-164-thread-1] INFO  server.RaftServerConfigKeys (ConfUtils.java:logGet(46)) - raft.server.log.purge.upto.snapshot.index = false (default)
2022-11-10 07:14:19,502 [Command processor thread] INFO  ratis.XceiverServerRatis (XceiverServerRatis.java:addGroup(765)) - Created group PipelineID=5ef9bd6a-9581-4cf2-872b-b7d1079710a0
2022-11-10 07:14:19,502 [Command processor thread] INFO  commandhandler.CreatePipelineCommandHandler (CreatePipelineCommandHandler.java:handle(113)) - Created Pipeline RATIS ONE PipelineID=5ef9bd6a-9581-4cf2-872b-b7d1079710a0.
2022-11-10 07:14:19,508 [b01711c8-04b4-47a5-9bab-72c84cf7bb6a@group-B7D1079710A0-FollowerState] INFO  server.RaftServerConfigKeys (ConfUtils.java:logFallback(53)) - raft.server.rpc.first-election.timeout.min = 5s (fallback to raft.server.rpc.timeout.min)
2022-11-10 07:14:19,508 [b01711c8-04b4-47a5-9bab-72c84cf7bb6a@group-B7D1079710A0-FollowerState] INFO  server.RaftServerConfigKeys (ConfUtils.java:logFallback(53)) - raft.server.rpc.first-election.timeout.max = 5200ms (fallback to raft.server.rpc.timeout.max)
2022-11-10 07:14:19,819 [Listener at 127.0.0.1/32813] INFO  ozone.MiniOzoneClusterImpl (MiniOzoneClusterImpl.java:lambda$waitForClusterToBeReady$0(216)) - Nodes are ready. Got 6 of 6 DN Heartbeats.
2022-11-10 07:14:19,820 [Listener at 127.0.0.1/32813] INFO  ozone.MiniOzoneClusterImpl (MiniOzoneClusterImpl.java:lambda$waitForClusterToBeReady$0(219)) - Waiting for cluster to exit safe mode
2022-11-10 07:14:19,820 [Listener at 127.0.0.1/32813] INFO  ozone.MiniOzoneClusterImpl (MiniOzoneClusterImpl.java:lambda$waitForClusterToBeReady$0(221)) - SCM became leader
2022-11-10 07:14:19,841 [Command processor thread] INFO  server.RaftServer (RaftServerProxy.java:addNew(96)) - 18b389ac-e92e-45af-bb8d-005344dac216: addNew group-A327250958FE:[18b389ac-e92e-45af-bb8d-005344dac216|rpc:10.1.0.59:39897|priority:1|startupRole:FOLLOWER] returns group-A327250958FE:java.util.concurrent.CompletableFuture@648163fc[Not completed]
2022-11-10 07:14:19,842 [pool-187-thread-1] INFO  server.RaftServer$Division (RaftServerImpl.java:<init>(195)) - 18b389ac-e92e-45af-bb8d-005344dac216: new RaftServerImpl for group-A327250958FE:[18b389ac-e92e-45af-bb8d-005344dac216|rpc:10.1.0.59:39897|priority:1|startupRole:FOLLOWER] with ContainerStateMachine:uninitialized
2022-11-10 07:14:19,842 [pool-187-thread-1] INFO  server.RaftServerConfigKeys (ConfUtils.java:logGet(46)) - raft.server.rpc.timeout.min = 5s (custom)
2022-11-10 07:14:19,842 [pool-187-thread-1] INFO  server.RaftServerConfigKeys (ConfUtils.java:logGet(46)) - raft.server.rpc.timeout.max = 5200ms (custom)
2022-11-10 07:14:19,842 [pool-187-thread-1] INFO  server.RaftServerConfigKeys (ConfUtils.java:logGet(46)) - raft.server.rpc.sleep.time = 25ms (default)
2022-11-10 07:14:19,842 [pool-187-thread-1] INFO  server.RaftServerConfigKeys (ConfUtils.java:logGet(46)) - raft.server.rpc.slowness.timeout = 300s (custom)
2022-11-10 07:14:19,842 [pool-187-thread-1] INFO  server.RaftServerConfigKeys (ConfUtils.java:logGet(46)) - raft.server.leaderelection.leader.step-down.wait-time = 10s (default)
2022-11-10 07:14:19,842 [pool-187-thread-1] INFO  server.RaftServerConfigKeys (ConfUtils.java:logGet(46)) - raft.server.sleep.deviation.threshold = 300ms (default)
2022-11-10 07:14:19,843 [pool-187-thread-1] INFO  server.RaftServer$Division (ServerState.java:<init>(118)) - 18b389ac-e92e-45af-bb8d-005344dac216@group-A327250958FE: ConfigurationManager, init=-1: peers:[18b389ac-e92e-45af-bb8d-005344dac216|rpc:10.1.0.59:39897|priority:1|startupRole:FOLLOWER]|listeners:[], old=null, confs=<EMPTY_MAP>
2022-11-10 07:14:19,843 [pool-187-thread-1] INFO  server.RaftServerConfigKeys (ConfUtils.java:logGet(46)) - raft.server.storage.dir = [/home/runner/work/ozone/ozone/hadoop-ozone/integration-test/target/test-dir/MiniOzoneClusterImpl-d14c70f5-e14b-41c6-a13f-e3ca6c51505f/datanode-5/data/ratis] (custom)
2022-11-10 07:14:19,843 [pool-187-thread-1] INFO  server.RaftServerConfigKeys (ConfUtils.java:logGet(46)) - raft.server.log.corruption.policy = EXCEPTION (default)
2022-11-10 07:14:19,843 [pool-187-thread-1] INFO  server.RaftServerConfigKeys (ConfUtils.java:logGet(46)) - raft.server.storage.free-space.min = 0MB (=0) (default)
2022-11-10 07:14:19,843 [pool-187-thread-1] INFO  server.RaftServerConfigKeys (ConfUtils.java:logGet(46)) - raft.server.notification.no-leader.timeout = 300s (custom)
2022-11-10 07:14:19,843 [pool-187-thread-1] INFO  server.RaftServerConfigKeys (ConfUtils.java:logGet(46)) - raft.server.retrycache.expirytime = 600000ms (custom)
2022-11-10 07:14:19,843 [pool-187-thread-1] INFO  server.RaftServerConfigKeys (ConfUtils.java:logGet(46)) - raft.server.retrycache.statistics.expirytime = 100μs (default)
2022-11-10 07:14:19,844 [pool-187-thread-1] INFO  server.RaftServerConfigKeys (ConfUtils.java:logGet(46)) - raft.server.log.appender.install.snapshot.enabled = false (custom)
2022-11-10 07:14:19,844 [pool-187-thread-1] INFO  server.RaftServerConfigKeys (ConfUtils.java:logGet(46)) - raft.server.threadpool.server.cached = true (default)
2022-11-10 07:14:19,844 [pool-187-thread-1] INFO  server.RaftServerConfigKeys (ConfUtils.java:logGet(46)) - raft.server.threadpool.server.size = 0 (default)
2022-11-10 07:14:19,844 [pool-187-thread-1] INFO  server.RaftServerConfigKeys (ConfUtils.java:logGet(46)) - raft.server.threadpool.client.cached = true (default)
2022-11-10 07:14:19,844 [pool-187-thread-1] INFO  server.RaftServerConfigKeys (ConfUtils.java:logGet(46)) - raft.server.threadpool.client.size = 0 (default)
2022-11-10 07:14:19,845 [pool-187-thread-1] INFO  storage.RaftStorageDirectory (RaftStorageDirectoryImpl.java:analyzeStorage(137)) - The storage directory /home/runner/work/ozone/ozone/hadoop-ozone/integration-test/target/test-dir/MiniOzoneClusterImpl-d14c70f5-e14b-41c6-a13f-e3ca6c51505f/datanode-5/data/ratis/0880ca8a-1e35-4e0e-99b3-a327250958fe does not exist. Creating ...
2022-11-10 07:14:19,846 [pool-187-thread-1] INFO  storage.RaftStorageDirectory (RaftStorageDirectoryImpl.java:tryLock(231)) - Lock on /home/runner/work/ozone/ozone/hadoop-ozone/integration-test/target/test-dir/MiniOzoneClusterImpl-d14c70f5-e14b-41c6-a13f-e3ca6c51505f/datanode-5/data/ratis/0880ca8a-1e35-4e0e-99b3-a327250958fe/in_use.lock acquired by nodename 12028@fv-az435-205
2022-11-10 07:14:19,847 [pool-187-thread-1] INFO  storage.RaftStorage (RaftStorageImpl.java:format(96)) - Storage directory /home/runner/work/ozone/ozone/hadoop-ozone/integration-test/target/test-dir/MiniOzoneClusterImpl-d14c70f5-e14b-41c6-a13f-e3ca6c51505f/datanode-5/data/ratis/0880ca8a-1e35-4e0e-99b3-a327250958fe has been successfully formatted.
2022-11-10 07:14:19,847 [pool-187-thread-1] INFO  ratis.ContainerStateMachine (ContainerStateMachine.java:loadSnapshot(236)) - group-A327250958FE: The snapshot info is null. Setting the last applied indexto:(t:0, i:~)
2022-11-10 07:14:19,847 [pool-187-thread-1] INFO  server.RaftServerConfigKeys (ConfUtils.java:logGet(46)) - raft.server.log.use.memory = false (default)
2022-11-10 07:14:19,848 [pool-187-thread-1] INFO  server.RaftServerConfigKeys (ConfUtils.java:logGet(46)) - raft.server.log.purge.gap = 1000000 (custom)
2022-11-10 07:14:19,848 [pool-187-thread-1] INFO  server.RaftServerConfigKeys (ConfUtils.java:logGet(46)) - raft.server.log.appender.buffer.byte-limit = 33554432 (custom)
2022-11-10 07:14:19,848 [pool-187-thread-1] INFO  server.RaftServerConfigKeys (ConfUtils.java:logGet(46)) - raft.server.log.statemachine.data.read.timeout = 1000ms (default)
2022-11-10 07:14:19,848 [pool-187-thread-1] INFO  server.RaftServerConfigKeys (ConfUtils.java:logGet(46)) - raft.server.log.purge.preservation.log.num = 0 (default)
2022-11-10 07:14:19,848 [pool-187-thread-1] INFO  server.RaftServerConfigKeys (ConfUtils.java:logGet(46)) - raft.server.log.segment.size.max = 1048576 (custom)
2022-11-10 07:14:19,853 [EventQueue-PipelineReportForPipelineReportHandler] INFO  pipeline.PipelineManagerImpl (PipelineManagerImpl.java:openPipeline(367)) - Pipeline Pipeline[ Id: 0880ca8a-1e35-4e0e-99b3-a327250958fe, Nodes: 18b389ac-e92e-45af-bb8d-005344dac216{ip: 10.1.0.59, host: fv-az435-205.hcxxyugg5vdudo0mn2smve0l3g.cx.internal.cloudapp.net, ports: [REPLICATION=36081, RATIS=39897, RATIS_ADMIN=39897, RATIS_SERVER=39897, STANDALONE=41939], networkLocation: /default-rack, certSerialId: null, persistedOpState: IN_SERVICE, persistedOpStateExpiryEpochSec: 0}, ReplicationConfig: RATIS/ONE, State:ALLOCATED, leaderId:18b389ac-e92e-45af-bb8d-005344dac216, CreationTimestamp2022-11-10T07:14:16.845Z[Etc/UTC]] moved to OPEN state
2022-11-10 07:14:19,853 [EventQueue-OpenPipelineForHealthyPipelineSafeModeRule] INFO  safemode.SCMSafeModeManager (HealthyPipelineSafeModeRule.java:process(137)) - SCM in safe mode. Healthy pipelines reported count is 0, required healthy pipeline reported count is 1
2022-11-10 07:14:19,854 [pool-187-thread-1] INFO  server.RaftServerConfigKeys (ConfUtils.java:logGet(46)) - raft.server.log.segment.cache.num.max = 2 (custom)
2022-11-10 07:14:19,855 [pool-187-thread-1] INFO  server.RaftServerConfigKeys (ConfUtils.java:logGet(46)) - raft.server.log.segment.cache.size.max = 200MB (=209715200) (default)
2022-11-10 07:14:19,855 [pool-187-thread-1] INFO  segmented.SegmentedRaftLogWorker (SegmentedRaftLogWorker.java:<init>(191)) - new 18b389ac-e92e-45af-bb8d-005344dac216@group-A327250958FE-SegmentedRaftLogWorker for RaftStorageImpl:Storage Directory /home/runner/work/ozone/ozone/hadoop-ozone/integration-test/target/test-dir/MiniOzoneClusterImpl-d14c70f5-e14b-41c6-a13f-e3ca6c51505f/datanode-5/data/ratis/0880ca8a-1e35-4e0e-99b3-a327250958fe
2022-11-10 07:14:19,855 [pool-187-thread-1] INFO  server.RaftServerConfigKeys (ConfUtils.java:logGet(46)) - raft.server.log.queue.byte-limit = 4294967296 (custom)
2022-11-10 07:14:19,855 [pool-187-thread-1] INFO  server.RaftServerConfigKeys (ConfUtils.java:logGet(46)) - raft.server.log.queue.element-limit = 1024 (custom)
2022-11-10 07:14:19,855 [pool-187-thread-1] INFO  server.RaftServerConfigKeys (ConfUtils.java:logGet(46)) - raft.server.log.segment.size.max = 1048576 (custom)
2022-11-10 07:14:19,855 [pool-187-thread-1] INFO  server.RaftServerConfigKeys (ConfUtils.java:logGet(46)) - raft.server.log.preallocated.size = 16384 (custom)
2022-11-10 07:14:19,855 [pool-187-thread-1] INFO  server.RaftServerConfigKeys (ConfUtils.java:logGet(46)) - raft.server.log.force.sync.num = 128 (default)
2022-11-10 07:14:19,855 [pool-187-thread-1] INFO  server.RaftServerConfigKeys (ConfUtils.java:logGet(46)) - raft.server.log.statemachine.data.sync = true (default)
2022-11-10 07:14:19,855 [pool-187-thread-1] INFO  server.RaftServerConfigKeys (ConfUtils.java:logGet(46)) - raft.server.log.statemachine.data.sync.timeout = 10s (default)
2022-11-10 07:14:19,855 [pool-187-thread-1] INFO  server.RaftServerConfigKeys (ConfUtils.java:logGet(46)) - raft.server.log.statemachine.data.sync.timeout.retry = -1 (default)
2022-11-10 07:14:19,856 [pool-187-thread-1] INFO  server.RaftServerConfigKeys (ConfUtils.java:logGet(46)) - raft.server.log.write.buffer.size = 1048576 (custom)
2022-11-10 07:14:19,857 [pool-187-thread-1] INFO  server.RaftServerConfigKeys (ConfUtils.java:logGet(46)) - raft.server.log.unsafe-flush.enabled = false (default)
2022-11-10 07:14:19,857 [pool-187-thread-1] INFO  server.RaftServerConfigKeys (ConfUtils.java:logGet(46)) - raft.server.log.async-flush.enabled = false (default)
2022-11-10 07:14:19,857 [pool-187-thread-1] INFO  server.RaftServerConfigKeys (ConfUtils.java:logGet(46)) - raft.server.log.statemachine.data.caching.enabled = true (custom)
2022-11-10 07:14:19,857 [pool-187-thread-1] INFO  segmented.SegmentedRaftLogWorker (SegmentedRaftLogWorker.java:lambda$new$0(136)) - 18b389ac-e92e-45af-bb8d-005344dac216@group-A327250958FE-SegmentedRaftLogWorker: flushIndex: setUnconditionally 0 -> -1
2022-11-10 07:14:19,857 [pool-187-thread-1] INFO  segmented.SegmentedRaftLogWorker (SegmentedRaftLogWorker.java:lambda$new$0(136)) - 18b389ac-e92e-45af-bb8d-005344dac216@group-A327250958FE-SegmentedRaftLogWorker: safeCacheEvictIndex: setUnconditionally 0 -> -1
2022-11-10 07:14:19,857 [pool-187-thread-1] INFO  server.RaftServer$Division (RaftServerImpl.java:start(334)) - 18b389ac-e92e-45af-bb8d-005344dac216@group-A327250958FE: start as a follower, conf=-1: peers:[18b389ac-e92e-45af-bb8d-005344dac216|rpc:10.1.0.59:39897|priority:1|startupRole:FOLLOWER]|listeners:[], old=null
2022-11-10 07:14:19,857 [pool-187-thread-1] INFO  server.RaftServer$Division (RaftServerImpl.java:setRole(321)) - 18b389ac-e92e-45af-bb8d-005344dac216@group-A327250958FE: changes role from      null to FOLLOWER at term 0 for startAsFollower
2022-11-10 07:14:19,857 [pool-187-thread-1] INFO  impl.RoleInfo (RoleInfo.java:updateAndGet(139)) - 18b389ac-e92e-45af-bb8d-005344dac216: start 18b389ac-e92e-45af-bb8d-005344dac216@group-A327250958FE-FollowerState
2022-11-10 07:14:19,859 [pool-187-thread-1] INFO  util.JmxRegister (JmxRegister.java:tryRegister(44)) - Successfully registered JMX Bean with object name Ratis:service=RaftServer,group=group-A327250958FE,id=18b389ac-e92e-45af-bb8d-005344dac216
2022-11-10 07:14:19,859 [pool-187-thread-1] INFO  server.RaftServerConfigKeys (ConfUtils.java:logGet(46)) - raft.server.snapshot.auto.trigger.enabled = true (custom)
2022-11-10 07:14:19,859 [pool-187-thread-1] INFO  server.RaftServerConfigKeys (ConfUtils.java:logGet(46)) - raft.server.snapshot.auto.trigger.threshold = 10000 (custom)
2022-11-10 07:14:19,859 [pool-187-thread-1] INFO  server.RaftServerConfigKeys (ConfUtils.java:logGet(46)) - raft.server.snapshot.retention.file.num = 5 (custom)
2022-11-10 07:14:19,859 [pool-187-thread-1] INFO  server.RaftServerConfigKeys (ConfUtils.java:logGet(46)) - raft.server.log.purge.upto.snapshot.index = false (default)
2022-11-10 07:14:19,860 [18b389ac-e92e-45af-bb8d-005344dac216@group-A327250958FE-FollowerState] INFO  server.RaftServerConfigKeys (ConfUtils.java:logFallback(53)) - raft.server.rpc.first-election.timeout.min = 5s (fallback to raft.server.rpc.timeout.min)
2022-11-10 07:14:19,860 [18b389ac-e92e-45af-bb8d-005344dac216@group-A327250958FE-FollowerState] INFO  server.RaftServerConfigKeys (ConfUtils.java:logFallback(53)) - raft.server.rpc.first-election.timeout.max = 5200ms (fallback to raft.server.rpc.timeout.max)
2022-11-10 07:14:19,863 [Command processor thread] INFO  ratis.XceiverServerRatis (XceiverServerRatis.java:addGroup(765)) - Created group PipelineID=0880ca8a-1e35-4e0e-99b3-a327250958fe
2022-11-10 07:14:19,863 [Command processor thread] INFO  commandhandler.CreatePipelineCommandHandler (CreatePipelineCommandHandler.java:handle(113)) - Created Pipeline RATIS ONE PipelineID=0880ca8a-1e35-4e0e-99b3-a327250958fe.
2022-11-10 07:14:20,820 [Listener at 127.0.0.1/32813] INFO  ozone.MiniOzoneClusterImpl (MiniOzoneClusterImpl.java:lambda$waitForClusterToBeReady$0(216)) - Nodes are ready. Got 6 of 6 DN Heartbeats.
2022-11-10 07:14:20,820 [Listener at 127.0.0.1/32813] INFO  ozone.MiniOzoneClusterImpl (MiniOzoneClusterImpl.java:lambda$waitForClusterToBeReady$0(219)) - Waiting for cluster to exit safe mode
2022-11-10 07:14:20,820 [Listener at 127.0.0.1/32813] INFO  ozone.MiniOzoneClusterImpl (MiniOzoneClusterImpl.java:lambda$waitForClusterToBeReady$0(221)) - SCM became leader
2022-11-10 07:14:21,821 [Listener at 127.0.0.1/32813] INFO  ozone.MiniOzoneClusterImpl (MiniOzoneClusterImpl.java:lambda$waitForClusterToBeReady$0(216)) - Nodes are ready. Got 6 of 6 DN Heartbeats.
2022-11-10 07:14:21,821 [Listener at 127.0.0.1/32813] INFO  ozone.MiniOzoneClusterImpl (MiniOzoneClusterImpl.java:lambda$waitForClusterToBeReady$0(219)) - Waiting for cluster to exit safe mode
2022-11-10 07:14:21,821 [Listener at 127.0.0.1/32813] INFO  ozone.MiniOzoneClusterImpl (MiniOzoneClusterImpl.java:lambda$waitForClusterToBeReady$0(221)) - SCM became leader
2022-11-10 07:14:22,821 [Listener at 127.0.0.1/32813] INFO  ozone.MiniOzoneClusterImpl (MiniOzoneClusterImpl.java:lambda$waitForClusterToBeReady$0(216)) - Nodes are ready. Got 6 of 6 DN Heartbeats.
2022-11-10 07:14:22,821 [Listener at 127.0.0.1/32813] INFO  ozone.MiniOzoneClusterImpl (MiniOzoneClusterImpl.java:lambda$waitForClusterToBeReady$0(219)) - Waiting for cluster to exit safe mode
2022-11-10 07:14:22,822 [Listener at 127.0.0.1/32813] INFO  ozone.MiniOzoneClusterImpl (MiniOzoneClusterImpl.java:lambda$waitForClusterToBeReady$0(221)) - SCM became leader
2022-11-10 07:14:22,906 [26c35b0c-04d0-419a-bd9f-9a0c5cb2698b@group-168BE77AF746-FollowerState] INFO  impl.FollowerState (FollowerState.java:run(143)) - 26c35b0c-04d0-419a-bd9f-9a0c5cb2698b@group-168BE77AF746-FollowerState: change to CANDIDATE, lastRpcElapsedTime:5021793026ns, electionTimeout:5004ms
2022-11-10 07:14:22,907 [26c35b0c-04d0-419a-bd9f-9a0c5cb2698b@group-168BE77AF746-FollowerState] INFO  impl.RoleInfo (RoleInfo.java:shutdownFollowerState(110)) - 26c35b0c-04d0-419a-bd9f-9a0c5cb2698b: shutdown 26c35b0c-04d0-419a-bd9f-9a0c5cb2698b@group-168BE77AF746-FollowerState
2022-11-10 07:14:22,907 [26c35b0c-04d0-419a-bd9f-9a0c5cb2698b@group-168BE77AF746-FollowerState] INFO  server.RaftServer$Division (RaftServerImpl.java:setRole(321)) - 26c35b0c-04d0-419a-bd9f-9a0c5cb2698b@group-168BE77AF746: changes role from  FOLLOWER to CANDIDATE at term 0 for changeToCandidate
2022-11-10 07:14:22,908 [26c35b0c-04d0-419a-bd9f-9a0c5cb2698b@group-168BE77AF746-FollowerState] INFO  server.RaftServerConfigKeys (ConfUtils.java:logGet(46)) - raft.server.leaderelection.pre-vote = false (custom)
2022-11-10 07:14:22,908 [26c35b0c-04d0-419a-bd9f-9a0c5cb2698b@group-168BE77AF746-FollowerState] INFO  impl.RoleInfo (RoleInfo.java:updateAndGet(139)) - 26c35b0c-04d0-419a-bd9f-9a0c5cb2698b: start 26c35b0c-04d0-419a-bd9f-9a0c5cb2698b@group-168BE77AF746-LeaderElection2
2022-11-10 07:14:22,915 [26c35b0c-04d0-419a-bd9f-9a0c5cb2698b@group-168BE77AF746-LeaderElection2] INFO  impl.LeaderElection (LeaderElection.java:askForVotes(312)) - 26c35b0c-04d0-419a-bd9f-9a0c5cb2698b@group-168BE77AF746-LeaderElection2 ELECTION round 0: submit vote requests at term 1 for -1: peers:[26c35b0c-04d0-419a-bd9f-9a0c5cb2698b|rpc:10.1.0.59:38927|priority:1|startupRole:FOLLOWER]|listeners:[], old=null
2022-11-10 07:14:22,915 [26c35b0c-04d0-419a-bd9f-9a0c5cb2698b@group-168BE77AF746-LeaderElection2] INFO  impl.LeaderElection (LeaderElection.java:askForVotes(314)) - 26c35b0c-04d0-419a-bd9f-9a0c5cb2698b@group-168BE77AF746-LeaderElection2 ELECTION round 0: result PASSED (term=1)
2022-11-10 07:14:22,915 [26c35b0c-04d0-419a-bd9f-9a0c5cb2698b@group-168BE77AF746-LeaderElection2] INFO  impl.RoleInfo (RoleInfo.java:shutdownLeaderElection(130)) - 26c35b0c-04d0-419a-bd9f-9a0c5cb2698b: shutdown 26c35b0c-04d0-419a-bd9f-9a0c5cb2698b@group-168BE77AF746-LeaderElection2
2022-11-10 07:14:22,915 [26c35b0c-04d0-419a-bd9f-9a0c5cb2698b@group-168BE77AF746-LeaderElection2] INFO  server.RaftServer$Division (RaftServerImpl.java:setRole(321)) - 26c35b0c-04d0-419a-bd9f-9a0c5cb2698b@group-168BE77AF746: changes role from CANDIDATE to LEADER at term 1 for changeToLeader
2022-11-10 07:14:22,915 [26c35b0c-04d0-419a-bd9f-9a0c5cb2698b@group-168BE77AF746-LeaderElection2] INFO  ratis.XceiverServerRatis (XceiverServerRatis.java:handleLeaderChangedNotification(863)) - Leader change notification received for group: group-168BE77AF746 with new leaderId: 26c35b0c-04d0-419a-bd9f-9a0c5cb2698b
2022-11-10 07:14:22,916 [26c35b0c-04d0-419a-bd9f-9a0c5cb2698b@group-168BE77AF746-LeaderElection2] INFO  server.RaftServer$Division (ServerState.java:setLeader(313)) - 26c35b0c-04d0-419a-bd9f-9a0c5cb2698b@group-168BE77AF746: change Leader from null to 26c35b0c-04d0-419a-bd9f-9a0c5cb2698b at term 1 for becomeLeader, leader elected after 5049ms
2022-11-10 07:14:22,916 [26c35b0c-04d0-419a-bd9f-9a0c5cb2698b@group-168BE77AF746-LeaderElection2] INFO  server.RaftServerConfigKeys (ConfUtils.java:logGet(46)) - raft.server.staging.catchup.gap = 1000 (default)
2022-11-10 07:14:22,916 [26c35b0c-04d0-419a-bd9f-9a0c5cb2698b@group-168BE77AF746-LeaderElection2] INFO  server.RaftServerConfigKeys (ConfUtils.java:logGet(46)) - raft.server.write.element-limit = 1024 (custom)
2022-11-10 07:14:22,916 [26c35b0c-04d0-419a-bd9f-9a0c5cb2698b@group-168BE77AF746-LeaderElection2] INFO  server.RaftServerConfigKeys (ConfUtils.java:logGet(46)) - raft.server.write.byte-limit = 1024 M (=1073741824) (custom)
2022-11-10 07:14:22,916 [26c35b0c-04d0-419a-bd9f-9a0c5cb2698b@group-168BE77AF746-LeaderElection2] INFO  server.RaftServerConfigKeys (ConfUtils.java:logGet(46)) - raft.server.watch.timeout = 180s (custom)
2022-11-10 07:14:22,916 [26c35b0c-04d0-419a-bd9f-9a0c5cb2698b@group-168BE77AF746-LeaderElection2] INFO  server.RaftServerConfigKeys (ConfUtils.java:logGet(46)) - raft.server.watch.timeout.denomination = 1s (default)
2022-11-10 07:14:22,916 [26c35b0c-04d0-419a-bd9f-9a0c5cb2698b@group-168BE77AF746-LeaderElection2] INFO  server.RaftServerConfigKeys (ConfUtils.java:logGet(46)) - raft.server.watch.element-limit = 65536 (default)
2022-11-10 07:14:22,916 [26c35b0c-04d0-419a-bd9f-9a0c5cb2698b@group-168BE77AF746-LeaderElection2] INFO  server.RaftServerConfigKeys (ConfUtils.java:logGet(46)) - raft.server.write.element-limit = 1024 (custom)
2022-11-10 07:14:22,916 [26c35b0c-04d0-419a-bd9f-9a0c5cb2698b@group-168BE77AF746-LeaderElection2] INFO  server.RaftServerConfigKeys (ConfUtils.java:logGet(46)) - raft.server.write.follower.gap.ratio.max = -1.0 (default)
2022-11-10 07:14:22,917 [26c35b0c-04d0-419a-bd9f-9a0c5cb2698b@group-168BE77AF746-LeaderElection2] INFO  impl.RoleInfo (RoleInfo.java:updateAndGet(139)) - 26c35b0c-04d0-419a-bd9f-9a0c5cb2698b: start 26c35b0c-04d0-419a-bd9f-9a0c5cb2698b@group-168BE77AF746-LeaderStateImpl
2022-11-10 07:14:22,917 [26c35b0c-04d0-419a-bd9f-9a0c5cb2698b@group-168BE77AF746-LeaderElection2] INFO  segmented.SegmentedRaftLogWorker (SegmentedRaftLogWorker.java:startLogSegment(452)) - 26c35b0c-04d0-419a-bd9f-9a0c5cb2698b@group-168BE77AF746-SegmentedRaftLogWorker: Starting segment from index:0
2022-11-10 07:14:22,918 [26c35b0c-04d0-419a-bd9f-9a0c5cb2698b@group-168BE77AF746-SegmentedRaftLogWorker] INFO  segmented.SegmentedRaftLogWorker (SegmentedRaftLogWorker.java:execute(656)) - 26c35b0c-04d0-419a-bd9f-9a0c5cb2698b@group-168BE77AF746-SegmentedRaftLogWorker: created new log segment /home/runner/work/ozone/ozone/hadoop-ozone/integration-test/target/test-dir/MiniOzoneClusterImpl-d14c70f5-e14b-41c6-a13f-e3ca6c51505f/datanode-0/data/ratis/ad067755-8340-4e5f-8c88-168be77af746/current/log_inprogress_0
2022-11-10 07:14:22,920 [EventQueue-OpenPipelineForHealthyPipelineSafeModeRule] INFO  safemode.SCMSafeModeManager (HealthyPipelineSafeModeRule.java:process(137)) - SCM in safe mode. Healthy pipelines reported count is 0, required healthy pipeline reported count is 1
2022-11-10 07:14:22,921 [26c35b0c-04d0-419a-bd9f-9a0c5cb2698b@group-168BE77AF746-LeaderElection2] INFO  server.RaftServer$Division (ServerState.java:setRaftConf(430)) - 26c35b0c-04d0-419a-bd9f-9a0c5cb2698b@group-168BE77AF746: set configuration 0: peers:[26c35b0c-04d0-419a-bd9f-9a0c5cb2698b|rpc:10.1.0.59:38927|dataStream:|priority:1|startupRole:FOLLOWER]|listeners:[], old=null
2022-11-10 07:14:23,052 [26c35b0c-04d0-419a-bd9f-9a0c5cb2698b@group-D66893652DD7-FollowerState] INFO  impl.FollowerState (FollowerState.java:run(143)) - 26c35b0c-04d0-419a-bd9f-9a0c5cb2698b@group-D66893652DD7-FollowerState: change to CANDIDATE, lastRpcElapsedTime:5113597925ns, electionTimeout:5112ms
2022-11-10 07:14:23,053 [26c35b0c-04d0-419a-bd9f-9a0c5cb2698b@group-D66893652DD7-FollowerState] INFO  impl.RoleInfo (RoleInfo.java:shutdownFollowerState(110)) - 26c35b0c-04d0-419a-bd9f-9a0c5cb2698b: shutdown 26c35b0c-04d0-419a-bd9f-9a0c5cb2698b@group-D66893652DD7-FollowerState
2022-11-10 07:14:23,053 [26c35b0c-04d0-419a-bd9f-9a0c5cb2698b@group-D66893652DD7-FollowerState] INFO  server.RaftServer$Division (RaftServerImpl.java:setRole(321)) - 26c35b0c-04d0-419a-bd9f-9a0c5cb2698b@group-D66893652DD7: changes role from  FOLLOWER to CANDIDATE at term 0 for changeToCandidate
2022-11-10 07:14:23,054 [26c35b0c-04d0-419a-bd9f-9a0c5cb2698b@group-D66893652DD7-FollowerState] INFO  server.RaftServerConfigKeys (ConfUtils.java:logGet(46)) - raft.server.leaderelection.pre-vote = false (custom)
2022-11-10 07:14:23,054 [26c35b0c-04d0-419a-bd9f-9a0c5cb2698b@group-D66893652DD7-FollowerState] INFO  impl.RoleInfo (RoleInfo.java:updateAndGet(139)) - 26c35b0c-04d0-419a-bd9f-9a0c5cb2698b: start 26c35b0c-04d0-419a-bd9f-9a0c5cb2698b@group-D66893652DD7-LeaderElection3
2022-11-10 07:14:23,058 [26c35b0c-04d0-419a-bd9f-9a0c5cb2698b@group-D66893652DD7-LeaderElection3] INFO  impl.LeaderElection (LeaderElection.java:askForVotes(312)) - 26c35b0c-04d0-419a-bd9f-9a0c5cb2698b@group-D66893652DD7-LeaderElection3 ELECTION round 0: submit vote requests at term 1 for -1: peers:[901bb4f9-d448-4097-b3df-3dc09329cc1b|rpc:10.1.0.59:35703|priority:1|startupRole:FOLLOWER, 35d6043c-a711-468a-a34c-4c4022ea36e3|rpc:10.1.0.59:46313|priority:0|startupRole:FOLLOWER, 26c35b0c-04d0-419a-bd9f-9a0c5cb2698b|rpc:10.1.0.59:38927|priority:0|startupRole:FOLLOWER]|listeners:[], old=null
2022-11-10 07:14:23,064 [26c35b0c-04d0-419a-bd9f-9a0c5cb2698b@group-D66893652DD7-LeaderElection3-1] INFO  server.GrpcServerProtocolClient (GrpcServerProtocolClient.java:<init>(63)) - Build channel for 901bb4f9-d448-4097-b3df-3dc09329cc1b
2022-11-10 07:14:23,068 [26c35b0c-04d0-419a-bd9f-9a0c5cb2698b@group-D66893652DD7-LeaderElection3] INFO  server.RaftServerConfigKeys (ConfUtils.java:logFallback(53)) - raft.server.rpc.first-election.timeout.min = 5s (fallback to raft.server.rpc.timeout.min)
2022-11-10 07:14:23,071 [26c35b0c-04d0-419a-bd9f-9a0c5cb2698b@group-D66893652DD7-LeaderElection3] INFO  server.RaftServerConfigKeys (ConfUtils.java:logFallback(53)) - raft.server.rpc.first-election.timeout.max = 5200ms (fallback to raft.server.rpc.timeout.max)
2022-11-10 07:14:23,068 [26c35b0c-04d0-419a-bd9f-9a0c5cb2698b@group-D66893652DD7-LeaderElection3-2] INFO  server.GrpcServerProtocolClient (GrpcServerProtocolClient.java:<init>(63)) - Build channel for 35d6043c-a711-468a-a34c-4c4022ea36e3
2022-11-10 07:14:23,093 [grpc-default-executor-1] INFO  server.RaftServer$Division (RaftServerImpl.java:requestVote(1218)) - 901bb4f9-d448-4097-b3df-3dc09329cc1b@group-D66893652DD7: receive requestVote(ELECTION, 26c35b0c-04d0-419a-bd9f-9a0c5cb2698b, group-D66893652DD7, 1, (t:0, i:0))
2022-11-10 07:14:23,094 [grpc-default-executor-1] INFO  impl.VoteContext (VoteContext.java:log(48)) - 901bb4f9-d448-4097-b3df-3dc09329cc1b@group-D66893652DD7-FOLLOWER: reject ELECTION from 26c35b0c-04d0-419a-bd9f-9a0c5cb2698b: our priority 1 > candidate's priority 0
2022-11-10 07:14:23,095 [grpc-default-executor-1] INFO  server.RaftServer$Division (RaftServerImpl.java:setRole(321)) - 901bb4f9-d448-4097-b3df-3dc09329cc1b@group-D66893652DD7: changes role from  FOLLOWER to FOLLOWER at term 1 for candidate:26c35b0c-04d0-419a-bd9f-9a0c5cb2698b
2022-11-10 07:14:23,095 [grpc-default-executor-1] INFO  impl.RoleInfo (RoleInfo.java:shutdownFollowerState(110)) - 901bb4f9-d448-4097-b3df-3dc09329cc1b: shutdown 901bb4f9-d448-4097-b3df-3dc09329cc1b@group-D66893652DD7-FollowerState
2022-11-10 07:14:23,096 [901bb4f9-d448-4097-b3df-3dc09329cc1b@group-D66893652DD7-FollowerState] INFO  impl.FollowerState (FollowerState.java:run(152)) - 901bb4f9-d448-4097-b3df-3dc09329cc1b@group-D66893652DD7-FollowerState was interrupted
2022-11-10 07:14:23,097 [grpc-default-executor-1] INFO  impl.RoleInfo (RoleInfo.java:updateAndGet(139)) - 901bb4f9-d448-4097-b3df-3dc09329cc1b: start 901bb4f9-d448-4097-b3df-3dc09329cc1b@group-D66893652DD7-FollowerState
2022-11-10 07:14:23,099 [grpc-default-executor-0] INFO  server.RaftServer$Division (RaftServerImpl.java:requestVote(1218)) - 35d6043c-a711-468a-a34c-4c4022ea36e3@group-D66893652DD7: receive requestVote(ELECTION, 26c35b0c-04d0-419a-bd9f-9a0c5cb2698b, group-D66893652DD7, 1, (t:0, i:0))
2022-11-10 07:14:23,100 [901bb4f9-d448-4097-b3df-3dc09329cc1b@group-D66893652DD7-FollowerState] INFO  server.RaftServerConfigKeys (ConfUtils.java:logFallback(53)) - raft.server.rpc.first-election.timeout.min = 5s (fallback to raft.server.rpc.timeout.min)
2022-11-10 07:14:23,100 [901bb4f9-d448-4097-b3df-3dc09329cc1b@group-D66893652DD7-FollowerState] INFO  server.RaftServerConfigKeys (ConfUtils.java:logFallback(53)) - raft.server.rpc.first-election.timeout.max = 5200ms (fallback to raft.server.rpc.timeout.max)
2022-11-10 07:14:23,100 [grpc-default-executor-0] INFO  impl.VoteContext (VoteContext.java:log(48)) - 35d6043c-a711-468a-a34c-4c4022ea36e3@group-D66893652DD7-FOLLOWER: accept ELECTION from 26c35b0c-04d0-419a-bd9f-9a0c5cb2698b: our priority 0 <= candidate's priority 0
2022-11-10 07:14:23,101 [grpc-default-executor-0] INFO  server.RaftServer$Division (RaftServerImpl.java:setRole(321)) - 35d6043c-a711-468a-a34c-4c4022ea36e3@group-D66893652DD7: changes role from  FOLLOWER to FOLLOWER at term 1 for candidate:26c35b0c-04d0-419a-bd9f-9a0c5cb2698b
2022-11-10 07:14:23,101 [grpc-default-executor-0] INFO  impl.RoleInfo (RoleInfo.java:shutdownFollowerState(110)) - 35d6043c-a711-468a-a34c-4c4022ea36e3: shutdown 35d6043c-a711-468a-a34c-4c4022ea36e3@group-D66893652DD7-FollowerState
2022-11-10 07:14:23,101 [grpc-default-executor-0] INFO  impl.RoleInfo (RoleInfo.java:updateAndGet(139)) - 35d6043c-a711-468a-a34c-4c4022ea36e3: start 35d6043c-a711-468a-a34c-4c4022ea36e3@group-D66893652DD7-FollowerState
2022-11-10 07:14:23,101 [35d6043c-a711-468a-a34c-4c4022ea36e3@group-D66893652DD7-FollowerState] INFO  server.RaftServerConfigKeys (ConfUtils.java:logFallback(53)) - raft.server.rpc.first-election.timeout.min = 5s (fallback to raft.server.rpc.timeout.min)
2022-11-10 07:14:23,102 [35d6043c-a711-468a-a34c-4c4022ea36e3@group-D66893652DD7-FollowerState] INFO  server.RaftServerConfigKeys (ConfUtils.java:logFallback(53)) - raft.server.rpc.first-election.timeout.max = 5200ms (fallback to raft.server.rpc.timeout.max)
2022-11-10 07:14:23,102 [35d6043c-a711-468a-a34c-4c4022ea36e3@group-D66893652DD7-FollowerState] INFO  impl.FollowerState (FollowerState.java:run(152)) - 35d6043c-a711-468a-a34c-4c4022ea36e3@group-D66893652DD7-FollowerState was interrupted
2022-11-10 07:14:23,104 [grpc-default-executor-1] INFO  server.RaftServer$Division (RaftServerImpl.java:requestVote(1251)) - 901bb4f9-d448-4097-b3df-3dc09329cc1b@group-D66893652DD7 replies to ELECTION vote request: 26c35b0c-04d0-419a-bd9f-9a0c5cb2698b<-901bb4f9-d448-4097-b3df-3dc09329cc1b#0:FAIL-t1. Peer's state: 901bb4f9-d448-4097-b3df-3dc09329cc1b@group-D66893652DD7:t1, leader=null, voted=null, raftlog=Memoized:901bb4f9-d448-4097-b3df-3dc09329cc1b@group-D66893652DD7-SegmentedRaftLog:OPENED:c-1, conf=-1: peers:[901bb4f9-d448-4097-b3df-3dc09329cc1b|rpc:10.1.0.59:35703|dataStream:|priority:1|startupRole:FOLLOWER, 35d6043c-a711-468a-a34c-4c4022ea36e3|rpc:10.1.0.59:46313|dataStream:|priority:0|startupRole:FOLLOWER, 26c35b0c-04d0-419a-bd9f-9a0c5cb2698b|rpc:10.1.0.59:38927|dataStream:|priority:0|startupRole:FOLLOWER]|listeners:[], old=null
2022-11-10 07:14:23,104 [grpc-default-executor-0] INFO  server.RaftServer$Division (RaftServerImpl.java:requestVote(1251)) - 35d6043c-a711-468a-a34c-4c4022ea36e3@group-D66893652DD7 replies to ELECTION vote request: 26c35b0c-04d0-419a-bd9f-9a0c5cb2698b<-35d6043c-a711-468a-a34c-4c4022ea36e3#0:OK-t1. Peer's state: 35d6043c-a711-468a-a34c-4c4022ea36e3@group-D66893652DD7:t1, leader=null, voted=26c35b0c-04d0-419a-bd9f-9a0c5cb2698b, raftlog=Memoized:35d6043c-a711-468a-a34c-4c4022ea36e3@group-D66893652DD7-SegmentedRaftLog:OPENED:c-1, conf=-1: peers:[901bb4f9-d448-4097-b3df-3dc09329cc1b|rpc:10.1.0.59:35703|priority:1|startupRole:FOLLOWER, 35d6043c-a711-468a-a34c-4c4022ea36e3|rpc:10.1.0.59:46313|priority:0|startupRole:FOLLOWER, 26c35b0c-04d0-419a-bd9f-9a0c5cb2698b|rpc:10.1.0.59:38927|priority:0|startupRole:FOLLOWER]|listeners:[], old=null
2022-11-10 07:14:23,121 [26c35b0c-04d0-419a-bd9f-9a0c5cb2698b@group-D66893652DD7-LeaderElection3] INFO  impl.LeaderElection (LeaderElection.java:logAndReturn(90)) - 26c35b0c-04d0-419a-bd9f-9a0c5cb2698b@group-D66893652DD7-LeaderElection3: ELECTION REJECTED received 2 response(s) and 0 exception(s):
2022-11-10 07:14:23,122 [26c35b0c-04d0-419a-bd9f-9a0c5cb2698b@group-D66893652DD7-LeaderElection3] INFO  impl.LeaderElection (LeaderElection.java:logAndReturn(94)) -   Response 0: 26c35b0c-04d0-419a-bd9f-9a0c5cb2698b<-901bb4f9-d448-4097-b3df-3dc09329cc1b#0:FAIL-t1
2022-11-10 07:14:23,122 [26c35b0c-04d0-419a-bd9f-9a0c5cb2698b@group-D66893652DD7-LeaderElection3] INFO  impl.LeaderElection (LeaderElection.java:logAndReturn(94)) -   Response 1: 26c35b0c-04d0-419a-bd9f-9a0c5cb2698b<-35d6043c-a711-468a-a34c-4c4022ea36e3#0:OK-t1
2022-11-10 07:14:23,122 [26c35b0c-04d0-419a-bd9f-9a0c5cb2698b@group-D66893652DD7-LeaderElection3] INFO  impl.LeaderElection (LeaderElection.java:askForVotes(314)) - 26c35b0c-04d0-419a-bd9f-9a0c5cb2698b@group-D66893652DD7-LeaderElection3 ELECTION round 0: result REJECTED
2022-11-10 07:14:23,122 [26c35b0c-04d0-419a-bd9f-9a0c5cb2698b@group-D66893652DD7-LeaderElection3] INFO  server.RaftServer$Division (RaftServerImpl.java:setRole(321)) - 26c35b0c-04d0-419a-bd9f-9a0c5cb2698b@group-D66893652DD7: changes role from CANDIDATE to FOLLOWER at term 1 for REJECTED
2022-11-10 07:14:23,122 [26c35b0c-04d0-419a-bd9f-9a0c5cb2698b@group-D66893652DD7-LeaderElection3] INFO  impl.RoleInfo (RoleInfo.java:shutdownLeaderElection(130)) - 26c35b0c-04d0-419a-bd9f-9a0c5cb2698b: shutdown 26c35b0c-04d0-419a-bd9f-9a0c5cb2698b@group-D66893652DD7-LeaderElection3
2022-11-10 07:14:23,122 [26c35b0c-04d0-419a-bd9f-9a0c5cb2698b@group-D66893652DD7-LeaderElection3] INFO  impl.RoleInfo (RoleInfo.java:updateAndGet(139)) - 26c35b0c-04d0-419a-bd9f-9a0c5cb2698b: start 26c35b0c-04d0-419a-bd9f-9a0c5cb2698b@group-D66893652DD7-FollowerState
2022-11-10 07:14:23,127 [26c35b0c-04d0-419a-bd9f-9a0c5cb2698b@group-D66893652DD7-FollowerState] INFO  server.RaftServerConfigKeys (ConfUtils.java:logFallback(53)) - raft.server.rpc.first-election.timeout.min = 5s (fallback to raft.server.rpc.timeout.min)
2022-11-10 07:14:23,128 [26c35b0c-04d0-419a-bd9f-9a0c5cb2698b@group-D66893652DD7-FollowerState] INFO  server.RaftServerConfigKeys (ConfUtils.java:logFallback(53)) - raft.server.rpc.first-election.timeout.max = 5200ms (fallback to raft.server.rpc.timeout.max)
2022-11-10 07:14:23,468 [35d6043c-a711-468a-a34c-4c4022ea36e3@group-092F80E77802-FollowerState] INFO  impl.FollowerState (FollowerState.java:run(143)) - 35d6043c-a711-468a-a34c-4c4022ea36e3@group-092F80E77802-FollowerState: change to CANDIDATE, lastRpcElapsedTime:5106458941ns, electionTimeout:5085ms
2022-11-10 07:14:23,468 [35d6043c-a711-468a-a34c-4c4022ea36e3@group-092F80E77802-FollowerState] INFO  impl.RoleInfo (RoleInfo.java:shutdownFollowerState(110)) - 35d6043c-a711-468a-a34c-4c4022ea36e3: shutdown 35d6043c-a711-468a-a34c-4c4022ea36e3@group-092F80E77802-FollowerState
2022-11-10 07:14:23,468 [35d6043c-a711-468a-a34c-4c4022ea36e3@group-092F80E77802-FollowerState] INFO  server.RaftServer$Division (RaftServerImpl.java:setRole(321)) - 35d6043c-a711-468a-a34c-4c4022ea36e3@group-092F80E77802: changes role from  FOLLOWER to CANDIDATE at term 0 for changeToCandidate
2022-11-10 07:14:23,470 [35d6043c-a711-468a-a34c-4c4022ea36e3@group-092F80E77802-FollowerState] INFO  server.RaftServerConfigKeys (ConfUtils.java:logGet(46)) - raft.server.leaderelection.pre-vote = false (custom)
2022-11-10 07:14:23,470 [35d6043c-a711-468a-a34c-4c4022ea36e3@group-092F80E77802-FollowerState] INFO  impl.RoleInfo (RoleInfo.java:updateAndGet(139)) - 35d6043c-a711-468a-a34c-4c4022ea36e3: start 35d6043c-a711-468a-a34c-4c4022ea36e3@group-092F80E77802-LeaderElection4
2022-11-10 07:14:23,474 [35d6043c-a711-468a-a34c-4c4022ea36e3@group-092F80E77802-LeaderElection4] INFO  impl.LeaderElection (LeaderElection.java:askForVotes(312)) - 35d6043c-a711-468a-a34c-4c4022ea36e3@group-092F80E77802-LeaderElection4 ELECTION round 0: submit vote requests at term 1 for -1: peers:[35d6043c-a711-468a-a34c-4c4022ea36e3|rpc:10.1.0.59:46313|priority:1|startupRole:FOLLOWER]|listeners:[], old=null
2022-11-10 07:14:23,475 [35d6043c-a711-468a-a34c-4c4022ea36e3@group-092F80E77802-LeaderElection4] INFO  impl.LeaderElection (LeaderElection.java:askForVotes(314)) - 35d6043c-a711-468a-a34c-4c4022ea36e3@group-092F80E77802-LeaderElection4 ELECTION round 0: result PASSED (term=1)
2022-11-10 07:14:23,475 [35d6043c-a711-468a-a34c-4c4022ea36e3@group-092F80E77802-LeaderElection4] INFO  impl.RoleInfo (RoleInfo.java:shutdownLeaderElection(130)) - 35d6043c-a711-468a-a34c-4c4022ea36e3: shutdown 35d6043c-a711-468a-a34c-4c4022ea36e3@group-092F80E77802-LeaderElection4
2022-11-10 07:14:23,475 [35d6043c-a711-468a-a34c-4c4022ea36e3@group-092F80E77802-LeaderElection4] INFO  server.RaftServer$Division (RaftServerImpl.java:setRole(321)) - 35d6043c-a711-468a-a34c-4c4022ea36e3@group-092F80E77802: changes role from CANDIDATE to LEADER at term 1 for changeToLeader
2022-11-10 07:14:23,475 [35d6043c-a711-468a-a34c-4c4022ea36e3@group-092F80E77802-LeaderElection4] INFO  ratis.XceiverServerRatis (XceiverServerRatis.java:handleLeaderChangedNotification(863)) - Leader change notification received for group: group-092F80E77802 with new leaderId: 35d6043c-a711-468a-a34c-4c4022ea36e3
2022-11-10 07:14:23,475 [35d6043c-a711-468a-a34c-4c4022ea36e3@group-092F80E77802-LeaderElection4] INFO  server.RaftServer$Division (ServerState.java:setLeader(313)) - 35d6043c-a711-468a-a34c-4c4022ea36e3@group-092F80E77802: change Leader from null to 35d6043c-a711-468a-a34c-4c4022ea36e3 at term 1 for becomeLeader, leader elected after 5160ms
2022-11-10 07:14:23,475 [35d6043c-a711-468a-a34c-4c4022ea36e3@group-092F80E77802-LeaderElection4] INFO  server.RaftServerConfigKeys (ConfUtils.java:logGet(46)) - raft.server.staging.catchup.gap = 1000 (default)
2022-11-10 07:14:23,475 [35d6043c-a711-468a-a34c-4c4022ea36e3@group-092F80E77802-LeaderElection4] INFO  server.RaftServerConfigKeys (ConfUtils.java:logGet(46)) - raft.server.write.element-limit = 1024 (custom)
2022-11-10 07:14:23,475 [35d6043c-a711-468a-a34c-4c4022ea36e3@group-092F80E77802-LeaderElection4] INFO  server.RaftServerConfigKeys (ConfUtils.java:logGet(46)) - raft.server.write.byte-limit = 1024 M (=1073741824) (custom)
2022-11-10 07:14:23,476 [35d6043c-a711-468a-a34c-4c4022ea36e3@group-092F80E77802-LeaderElection4] INFO  server.RaftServerConfigKeys (ConfUtils.java:logGet(46)) - raft.server.watch.timeout = 180s (custom)
2022-11-10 07:14:23,476 [35d6043c-a711-468a-a34c-4c4022ea36e3@group-092F80E77802-LeaderElection4] INFO  server.RaftServerConfigKeys (ConfUtils.java:logGet(46)) - raft.server.watch.timeout.denomination = 1s (default)
2022-11-10 07:14:23,476 [35d6043c-a711-468a-a34c-4c4022ea36e3@group-092F80E77802-LeaderElection4] INFO  server.RaftServerConfigKeys (ConfUtils.java:logGet(46)) - raft.server.watch.element-limit = 65536 (default)
2022-11-10 07:14:23,476 [35d6043c-a711-468a-a34c-4c4022ea36e3@group-092F80E77802-LeaderElection4] INFO  server.RaftServerConfigKeys (ConfUtils.java:logGet(46)) - raft.server.write.element-limit = 1024 (custom)
2022-11-10 07:14:23,476 [35d6043c-a711-468a-a34c-4c4022ea36e3@group-092F80E77802-LeaderElection4] INFO  server.RaftServerConfigKeys (ConfUtils.java:logGet(46)) - raft.server.write.follower.gap.ratio.max = -1.0 (default)
2022-11-10 07:14:23,476 [35d6043c-a711-468a-a34c-4c4022ea36e3@group-092F80E77802-LeaderElection4] INFO  impl.RoleInfo (RoleInfo.java:updateAndGet(139)) - 35d6043c-a711-468a-a34c-4c4022ea36e3: start 35d6043c-a711-468a-a34c-4c4022ea36e3@group-092F80E77802-LeaderStateImpl
2022-11-10 07:14:23,477 [35d6043c-a711-468a-a34c-4c4022ea36e3@group-092F80E77802-LeaderElection4] INFO  segmented.SegmentedRaftLogWorker (SegmentedRaftLogWorker.java:startLogSegment(452)) - 35d6043c-a711-468a-a34c-4c4022ea36e3@group-092F80E77802-SegmentedRaftLogWorker: Starting segment from index:0
2022-11-10 07:14:23,477 [EventQueue-OpenPipelineForHealthyPipelineSafeModeRule] INFO  safemode.SCMSafeModeManager (HealthyPipelineSafeModeRule.java:process(137)) - SCM in safe mode. Healthy pipelines reported count is 0, required healthy pipeline reported count is 1
2022-11-10 07:14:23,478 [35d6043c-a711-468a-a34c-4c4022ea36e3@group-092F80E77802-SegmentedRaftLogWorker] INFO  segmented.SegmentedRaftLogWorker (SegmentedRaftLogWorker.java:execute(656)) - 35d6043c-a711-468a-a34c-4c4022ea36e3@group-092F80E77802-SegmentedRaftLogWorker: created new log segment /home/runner/work/ozone/ozone/hadoop-ozone/integration-test/target/test-dir/MiniOzoneClusterImpl-d14c70f5-e14b-41c6-a13f-e3ca6c51505f/datanode-1/data/ratis/ae97a55a-4b34-4855-8d17-092f80e77802/current/log_inprogress_0
2022-11-10 07:14:23,479 [35d6043c-a711-468a-a34c-4c4022ea36e3@group-092F80E77802-LeaderElection4] INFO  server.RaftServer$Division (ServerState.java:setRaftConf(430)) - 35d6043c-a711-468a-a34c-4c4022ea36e3@group-092F80E77802: set configuration 0: peers:[35d6043c-a711-468a-a34c-4c4022ea36e3|rpc:10.1.0.59:46313|dataStream:|priority:1|startupRole:FOLLOWER]|listeners:[], old=null
2022-11-10 07:14:23,808 [901bb4f9-d448-4097-b3df-3dc09329cc1b@group-EE387B4BAA71-FollowerState] INFO  impl.FollowerState (FollowerState.java:run(143)) - 901bb4f9-d448-4097-b3df-3dc09329cc1b@group-EE387B4BAA71-FollowerState: change to CANDIDATE, lastRpcElapsedTime:5014114644ns, electionTimeout:5008ms
2022-11-10 07:14:23,808 [901bb4f9-d448-4097-b3df-3dc09329cc1b@group-EE387B4BAA71-FollowerState] INFO  impl.RoleInfo (RoleInfo.java:shutdownFollowerState(110)) - 901bb4f9-d448-4097-b3df-3dc09329cc1b: shutdown 901bb4f9-d448-4097-b3df-3dc09329cc1b@group-EE387B4BAA71-FollowerState
2022-11-10 07:14:23,808 [901bb4f9-d448-4097-b3df-3dc09329cc1b@group-EE387B4BAA71-FollowerState] INFO  server.RaftServer$Division (RaftServerImpl.java:setRole(321)) - 901bb4f9-d448-4097-b3df-3dc09329cc1b@group-EE387B4BAA71: changes role from  FOLLOWER to CANDIDATE at term 0 for changeToCandidate
2022-11-10 07:14:23,809 [901bb4f9-d448-4097-b3df-3dc09329cc1b@group-EE387B4BAA71-FollowerState] INFO  server.RaftServerConfigKeys (ConfUtils.java:logGet(46)) - raft.server.leaderelection.pre-vote = false (custom)
2022-11-10 07:14:23,809 [901bb4f9-d448-4097-b3df-3dc09329cc1b@group-EE387B4BAA71-FollowerState] INFO  impl.RoleInfo (RoleInfo.java:updateAndGet(139)) - 901bb4f9-d448-4097-b3df-3dc09329cc1b: start 901bb4f9-d448-4097-b3df-3dc09329cc1b@group-EE387B4BAA71-LeaderElection5
2022-11-10 07:14:23,814 [901bb4f9-d448-4097-b3df-3dc09329cc1b@group-EE387B4BAA71-LeaderElection5] INFO  impl.LeaderElection (LeaderElection.java:askForVotes(312)) - 901bb4f9-d448-4097-b3df-3dc09329cc1b@group-EE387B4BAA71-LeaderElection5 ELECTION round 0: submit vote requests at term 1 for -1: peers:[901bb4f9-d448-4097-b3df-3dc09329cc1b|rpc:10.1.0.59:35703|dataStream:|priority:0|startupRole:FOLLOWER, 35d6043c-a711-468a-a34c-4c4022ea36e3|rpc:10.1.0.59:46313|dataStream:|priority:1|startupRole:FOLLOWER, 26c35b0c-04d0-419a-bd9f-9a0c5cb2698b|rpc:10.1.0.59:38927|dataStream:|priority:0|startupRole:FOLLOWER]|listeners:[], old=null
2022-11-10 07:14:23,814 [901bb4f9-d448-4097-b3df-3dc09329cc1b@group-EE387B4BAA71-LeaderElection5] INFO  server.RaftServerConfigKeys (ConfUtils.java:logFallback(53)) - raft.server.rpc.first-election.timeout.min = 5s (fallback to raft.server.rpc.timeout.min)
2022-11-10 07:14:23,814 [901bb4f9-d448-4097-b3df-3dc09329cc1b@group-EE387B4BAA71-LeaderElection5-1] INFO  server.GrpcServerProtocolClient (GrpcServerProtocolClient.java:<init>(63)) - Build channel for 35d6043c-a711-468a-a34c-4c4022ea36e3
2022-11-10 07:14:23,815 [901bb4f9-d448-4097-b3df-3dc09329cc1b@group-EE387B4BAA71-LeaderElection5-2] INFO  server.GrpcServerProtocolClient (GrpcServerProtocolClient.java:<init>(63)) - Build channel for 26c35b0c-04d0-419a-bd9f-9a0c5cb2698b
2022-11-10 07:14:23,814 [901bb4f9-d448-4097-b3df-3dc09329cc1b@group-EE387B4BAA71-LeaderElection5] INFO  server.RaftServerConfigKeys (ConfUtils.java:logFallback(53)) - raft.server.rpc.first-election.timeout.max = 5200ms (fallback to raft.server.rpc.timeout.max)
2022-11-10 07:14:23,822 [Listener at 127.0.0.1/32813] INFO  ozone.MiniOzoneClusterImpl (MiniOzoneClusterImpl.java:lambda$waitForClusterToBeReady$0(216)) - Nodes are ready. Got 6 of 6 DN Heartbeats.
2022-11-10 07:14:23,822 [Listener at 127.0.0.1/32813] INFO  ozone.MiniOzoneClusterImpl (MiniOzoneClusterImpl.java:lambda$waitForClusterToBeReady$0(219)) - Waiting for cluster to exit safe mode
2022-11-10 07:14:23,823 [Listener at 127.0.0.1/32813] INFO  ozone.MiniOzoneClusterImpl (MiniOzoneClusterImpl.java:lambda$waitForClusterToBeReady$0(221)) - SCM became leader
2022-11-10 07:14:23,822 [26c35b0c-04d0-419a-bd9f-9a0c5cb2698b@group-EE387B4BAA71-FollowerState] INFO  impl.FollowerState (FollowerState.java:run(143)) - 26c35b0c-04d0-419a-bd9f-9a0c5cb2698b@group-EE387B4BAA71-FollowerState: change to CANDIDATE, lastRpcElapsedTime:5087422100ns, electionTimeout:5075ms
2022-11-10 07:14:23,823 [26c35b0c-04d0-419a-bd9f-9a0c5cb2698b@group-EE387B4BAA71-FollowerState] INFO  impl.RoleInfo (RoleInfo.java:shutdownFollowerState(110)) - 26c35b0c-04d0-419a-bd9f-9a0c5cb2698b: shutdown 26c35b0c-04d0-419a-bd9f-9a0c5cb2698b@group-EE387B4BAA71-FollowerState
2022-11-10 07:14:23,823 [26c35b0c-04d0-419a-bd9f-9a0c5cb2698b@group-EE387B4BAA71-FollowerState] INFO  server.RaftServer$Division (RaftServerImpl.java:setRole(321)) - 26c35b0c-04d0-419a-bd9f-9a0c5cb2698b@group-EE387B4BAA71: changes role from  FOLLOWER to CANDIDATE at term 0 for changeToCandidate
2022-11-10 07:14:23,824 [26c35b0c-04d0-419a-bd9f-9a0c5cb2698b@group-EE387B4BAA71-FollowerState] INFO  server.RaftServerConfigKeys (ConfUtils.java:logGet(46)) - raft.server.leaderelection.pre-vote = false (custom)
2022-11-10 07:14:23,824 [26c35b0c-04d0-419a-bd9f-9a0c5cb2698b@group-EE387B4BAA71-FollowerState] INFO  impl.RoleInfo (RoleInfo.java:updateAndGet(139)) - 26c35b0c-04d0-419a-bd9f-9a0c5cb2698b: start 26c35b0c-04d0-419a-bd9f-9a0c5cb2698b@group-EE387B4BAA71-LeaderElection6
2022-11-10 07:14:23,831 [grpc-default-executor-1] INFO  server.RaftServer$Division (RaftServerImpl.java:requestVote(1218)) - 35d6043c-a711-468a-a34c-4c4022ea36e3@group-EE387B4BAA71: receive requestVote(ELECTION, 901bb4f9-d448-4097-b3df-3dc09329cc1b, group-EE387B4BAA71, 1, (t:0, i:0))
2022-11-10 07:14:23,831 [grpc-default-executor-1] INFO  impl.VoteContext (VoteContext.java:log(48)) - 35d6043c-a711-468a-a34c-4c4022ea36e3@group-EE387B4BAA71-FOLLOWER: reject ELECTION from 901bb4f9-d448-4097-b3df-3dc09329cc1b: our priority 1 > candidate's priority 0
2022-11-10 07:14:23,831 [grpc-default-executor-1] INFO  server.RaftServer$Division (RaftServerImpl.java:setRole(321)) - 35d6043c-a711-468a-a34c-4c4022ea36e3@group-EE387B4BAA71: changes role from  FOLLOWER to FOLLOWER at term 1 for candidate:901bb4f9-d448-4097-b3df-3dc09329cc1b
2022-11-10 07:14:23,831 [grpc-default-executor-1] INFO  impl.RoleInfo (RoleInfo.java:shutdownFollowerState(110)) - 35d6043c-a711-468a-a34c-4c4022ea36e3: shutdown 35d6043c-a711-468a-a34c-4c4022ea36e3@group-EE387B4BAA71-FollowerState
2022-11-10 07:14:23,832 [35d6043c-a711-468a-a34c-4c4022ea36e3@group-EE387B4BAA71-FollowerState] INFO  impl.FollowerState (FollowerState.java:run(152)) - 35d6043c-a711-468a-a34c-4c4022ea36e3@group-EE387B4BAA71-FollowerState was interrupted
2022-11-10 07:14:23,833 [grpc-default-executor-1] INFO  impl.RoleInfo (RoleInfo.java:updateAndGet(139)) - 35d6043c-a711-468a-a34c-4c4022ea36e3: start 35d6043c-a711-468a-a34c-4c4022ea36e3@group-EE387B4BAA71-FollowerState
2022-11-10 07:14:23,839 [35d6043c-a711-468a-a34c-4c4022ea36e3@group-EE387B4BAA71-FollowerState] INFO  server.RaftServerConfigKeys (ConfUtils.java:logFallback(53)) - raft.server.rpc.first-election.timeout.min = 5s (fallback to raft.server.rpc.timeout.min)
2022-11-10 07:14:23,840 [35d6043c-a711-468a-a34c-4c4022ea36e3@group-EE387B4BAA71-FollowerState] INFO  server.RaftServerConfigKeys (ConfUtils.java:logFallback(53)) - raft.server.rpc.first-election.timeout.max = 5200ms (fallback to raft.server.rpc.timeout.max)
2022-11-10 07:14:23,840 [grpc-default-executor-1] INFO  server.RaftServer$Division (RaftServerImpl.java:requestVote(1251)) - 35d6043c-a711-468a-a34c-4c4022ea36e3@group-EE387B4BAA71 replies to ELECTION vote request: 901bb4f9-d448-4097-b3df-3dc09329cc1b<-35d6043c-a711-468a-a34c-4c4022ea36e3#0:FAIL-t1. Peer's state: 35d6043c-a711-468a-a34c-4c4022ea36e3@group-EE387B4BAA71:t1, leader=null, voted=null, raftlog=Memoized:35d6043c-a711-468a-a34c-4c4022ea36e3@group-EE387B4BAA71-SegmentedRaftLog:OPENED:c-1, conf=-1: peers:[901bb4f9-d448-4097-b3df-3dc09329cc1b|rpc:10.1.0.59:35703|priority:0|startupRole:FOLLOWER, 35d6043c-a711-468a-a34c-4c4022ea36e3|rpc:10.1.0.59:46313|priority:1|startupRole:FOLLOWER, 26c35b0c-04d0-419a-bd9f-9a0c5cb2698b|rpc:10.1.0.59:38927|priority:0|startupRole:FOLLOWER]|listeners:[], old=null
2022-11-10 07:14:23,840 [901bb4f9-d448-4097-b3df-3dc09329cc1b@group-3CEFCACDB394-FollowerState] INFO  impl.FollowerState (FollowerState.java:run(143)) - 901bb4f9-d448-4097-b3df-3dc09329cc1b@group-3CEFCACDB394-FollowerState: change to CANDIDATE, lastRpcElapsedTime:5021655643ns, electionTimeout:5014ms
2022-11-10 07:14:23,840 [901bb4f9-d448-4097-b3df-3dc09329cc1b@group-3CEFCACDB394-FollowerState] INFO  impl.RoleInfo (RoleInfo.java:shutdownFollowerState(110)) - 901bb4f9-d448-4097-b3df-3dc09329cc1b: shutdown 901bb4f9-d448-4097-b3df-3dc09329cc1b@group-3CEFCACDB394-FollowerState
2022-11-10 07:14:23,840 [901bb4f9-d448-4097-b3df-3dc09329cc1b@group-3CEFCACDB394-FollowerState] INFO  server.RaftServer$Division (RaftServerImpl.java:setRole(321)) - 901bb4f9-d448-4097-b3df-3dc09329cc1b@group-3CEFCACDB394: changes role from  FOLLOWER to CANDIDATE at term 0 for changeToCandidate
2022-11-10 07:14:23,839 [grpc-default-executor-0] INFO  server.RaftServer$Division (RaftServerImpl.java:requestVote(1218)) - 26c35b0c-04d0-419a-bd9f-9a0c5cb2698b@group-EE387B4BAA71: receive requestVote(ELECTION, 901bb4f9-d448-4097-b3df-3dc09329cc1b, group-EE387B4BAA71, 1, (t:0, i:0))
2022-11-10 07:14:23,842 [901bb4f9-d448-4097-b3df-3dc09329cc1b@group-3CEFCACDB394-FollowerState] INFO  server.RaftServerConfigKeys (ConfUtils.java:logGet(46)) - raft.server.leaderelection.pre-vote = false (custom)
2022-11-10 07:14:23,842 [grpc-default-executor-0] INFO  impl.VoteContext (VoteContext.java:log(48)) - 26c35b0c-04d0-419a-bd9f-9a0c5cb2698b@group-EE387B4BAA71-CANDIDATE: reject ELECTION from 901bb4f9-d448-4097-b3df-3dc09329cc1b: already has voted for 26c35b0c-04d0-419a-bd9f-9a0c5cb2698b at current term 1
2022-11-10 07:14:23,841 [901bb4f9-d448-4097-b3df-3dc09329cc1b@group-EE387B4BAA71-LeaderElection5] INFO  impl.LeaderElection (LeaderElection.java:logAndReturn(90)) - 901bb4f9-d448-4097-b3df-3dc09329cc1b@group-EE387B4BAA71-LeaderElection5: ELECTION REJECTED received 1 response(s) and 0 exception(s):
2022-11-10 07:14:23,842 [grpc-default-executor-0] INFO  server.RaftServer$Division (RaftServerImpl.java:requestVote(1251)) - 26c35b0c-04d0-419a-bd9f-9a0c5cb2698b@group-EE387B4BAA71 replies to ELECTION vote request: 901bb4f9-d448-4097-b3df-3dc09329cc1b<-26c35b0c-04d0-419a-bd9f-9a0c5cb2698b#0:FAIL-t1. Peer's state: 26c35b0c-04d0-419a-bd9f-9a0c5cb2698b@group-EE387B4BAA71:t1, leader=null, voted=26c35b0c-04d0-419a-bd9f-9a0c5cb2698b, raftlog=Memoized:26c35b0c-04d0-419a-bd9f-9a0c5cb2698b@group-EE387B4BAA71-SegmentedRaftLog:OPENED:c-1, conf=-1: peers:[901bb4f9-d448-4097-b3df-3dc09329cc1b|rpc:10.1.0.59:35703|dataStream:|priority:0|startupRole:FOLLOWER, 35d6043c-a711-468a-a34c-4c4022ea36e3|rpc:10.1.0.59:46313|dataStream:|priority:1|startupRole:FOLLOWER, 26c35b0c-04d0-419a-bd9f-9a0c5cb2698b|rpc:10.1.0.59:38927|dataStream:|priority:0|startupRole:FOLLOWER]|listeners:[], old=null
2022-11-10 07:14:23,841 [26c35b0c-04d0-419a-bd9f-9a0c5cb2698b@group-EE387B4BAA71-LeaderElection6] INFO  impl.LeaderElection (LeaderElection.java:askForVotes(312)) - 26c35b0c-04d0-419a-bd9f-9a0c5cb2698b@group-EE387B4BAA71-LeaderElection6 ELECTION round 0: submit vote requests at term 1 for -1: peers:[901bb4f9-d448-4097-b3df-3dc09329cc1b|rpc:10.1.0.59:35703|dataStream:|priority:0|startupRole:FOLLOWER, 35d6043c-a711-468a-a34c-4c4022ea36e3|rpc:10.1.0.59:46313|dataStream:|priority:1|startupRole:FOLLOWER, 26c35b0c-04d0-419a-bd9f-9a0c5cb2698b|rpc:10.1.0.59:38927|dataStream:|priority:0|startupRole:FOLLOWER]|listeners:[], old=null
2022-11-10 07:14:23,842 [901bb4f9-d448-4097-b3df-3dc09329cc1b@group-EE387B4BAA71-LeaderElection5] INFO  impl.LeaderElection (LeaderElection.java:logAndReturn(94)) -   Response 0: 901bb4f9-d448-4097-b3df-3dc09329cc1b<-35d6043c-a711-468a-a34c-4c4022ea36e3#0:FAIL-t1
2022-11-10 07:14:23,850 [901bb4f9-d448-4097-b3df-3dc09329cc1b@group-EE387B4BAA71-LeaderElection5] INFO  impl.LeaderElection (LeaderElection.java:askForVotes(314)) - 901bb4f9-d448-4097-b3df-3dc09329cc1b@group-EE387B4BAA71-LeaderElection5 ELECTION round 0: result REJECTED
2022-11-10 07:14:23,850 [901bb4f9-d448-4097-b3df-3dc09329cc1b@group-EE387B4BAA71-LeaderElection5] INFO  server.RaftServer$Division (RaftServerImpl.java:setRole(321)) - 901bb4f9-d448-4097-b3df-3dc09329cc1b@group-EE387B4BAA71: changes role from CANDIDATE to FOLLOWER at term 1 for REJECTED
2022-11-10 07:14:23,850 [901bb4f9-d448-4097-b3df-3dc09329cc1b@group-EE387B4BAA71-LeaderElection5] INFO  impl.RoleInfo (RoleInfo.java:shutdownLeaderElection(130)) - 901bb4f9-d448-4097-b3df-3dc09329cc1b: shutdown 901bb4f9-d448-4097-b3df-3dc09329cc1b@group-EE387B4BAA71-LeaderElection5
2022-11-10 07:14:23,850 [901bb4f9-d448-4097-b3df-3dc09329cc1b@group-EE387B4BAA71-LeaderElection5] INFO  impl.RoleInfo (RoleInfo.java:updateAndGet(139)) - 901bb4f9-d448-4097-b3df-3dc09329cc1b: start 901bb4f9-d448-4097-b3df-3dc09329cc1b@group-EE387B4BAA71-FollowerState
2022-11-10 07:14:23,842 [901bb4f9-d448-4097-b3df-3dc09329cc1b@group-3CEFCACDB394-FollowerState] INFO  impl.RoleInfo (RoleInfo.java:updateAndGet(139)) - 901bb4f9-d448-4097-b3df-3dc09329cc1b: start 901bb4f9-d448-4097-b3df-3dc09329cc1b@group-3CEFCACDB394-LeaderElection7
2022-11-10 07:14:23,851 [26c35b0c-04d0-419a-bd9f-9a0c5cb2698b@group-EE387B4BAA71-LeaderElection6] INFO  server.RaftServerConfigKeys (ConfUtils.java:logFallback(53)) - raft.server.rpc.first-election.timeout.min = 5s (fallback to raft.server.rpc.timeout.min)
2022-11-10 07:14:23,853 [26c35b0c-04d0-419a-bd9f-9a0c5cb2698b@group-EE387B4BAA71-LeaderElection6] INFO  server.RaftServerConfigKeys (ConfUtils.java:logFallback(53)) - raft.server.rpc.first-election.timeout.max = 5200ms (fallback to raft.server.rpc.timeout.max)
2022-11-10 07:14:23,851 [901bb4f9-d448-4097-b3df-3dc09329cc1b@group-EE387B4BAA71-FollowerState] INFO  server.RaftServerConfigKeys (ConfUtils.java:logFallback(53)) - raft.server.rpc.first-election.timeout.min = 5s (fallback to raft.server.rpc.timeout.min)
2022-11-10 07:14:23,856 [901bb4f9-d448-4097-b3df-3dc09329cc1b@group-EE387B4BAA71-FollowerState] INFO  server.RaftServerConfigKeys (ConfUtils.java:logFallback(53)) - raft.server.rpc.first-election.timeout.max = 5200ms (fallback to raft.server.rpc.timeout.max)
2022-11-10 07:14:23,859 [grpc-default-executor-0] INFO  server.RaftServer$Division (RaftServerImpl.java:requestVote(1218)) - 35d6043c-a711-468a-a34c-4c4022ea36e3@group-EE387B4BAA71: receive requestVote(ELECTION, 26c35b0c-04d0-419a-bd9f-9a0c5cb2698b, group-EE387B4BAA71, 1, (t:0, i:0))
2022-11-10 07:14:23,860 [grpc-default-executor-0] INFO  impl.VoteContext (VoteContext.java:log(48)) - 35d6043c-a711-468a-a34c-4c4022ea36e3@group-EE387B4BAA71-FOLLOWER: reject ELECTION from 26c35b0c-04d0-419a-bd9f-9a0c5cb2698b: our priority 1 > candidate's priority 0
2022-11-10 07:14:23,860 [grpc-default-executor-1] INFO  server.RaftServer$Division (RaftServerImpl.java:requestVote(1218)) - 901bb4f9-d448-4097-b3df-3dc09329cc1b@group-EE387B4BAA71: receive requestVote(ELECTION, 26c35b0c-04d0-419a-bd9f-9a0c5cb2698b, group-EE387B4BAA71, 1, (t:0, i:0))
2022-11-10 07:14:23,860 [grpc-default-executor-1] INFO  impl.VoteContext (VoteContext.java:log(48)) - 901bb4f9-d448-4097-b3df-3dc09329cc1b@group-EE387B4BAA71-FOLLOWER: reject ELECTION from 26c35b0c-04d0-419a-bd9f-9a0c5cb2698b: already has voted for 901bb4f9-d448-4097-b3df-3dc09329cc1b at current term 1
2022-11-10 07:14:23,860 [grpc-default-executor-1] INFO  server.RaftServer$Division (RaftServerImpl.java:requestVote(1251)) - 901bb4f9-d448-4097-b3df-3dc09329cc1b@group-EE387B4BAA71 replies to ELECTION vote request: 26c35b0c-04d0-419a-bd9f-9a0c5cb2698b<-901bb4f9-d448-4097-b3df-3dc09329cc1b#0:FAIL-t1. Peer's state: 901bb4f9-d448-4097-b3df-3dc09329cc1b@group-EE387B4BAA71:t1, leader=null, voted=901bb4f9-d448-4097-b3df-3dc09329cc1b, raftlog=Memoized:901bb4f9-d448-4097-b3df-3dc09329cc1b@group-EE387B4BAA71-SegmentedRaftLog:OPENED:c-1, conf=-1: peers:[901bb4f9-d448-4097-b3df-3dc09329cc1b|rpc:10.1.0.59:35703|dataStream:|priority:0|startupRole:FOLLOWER, 35d6043c-a711-468a-a34c-4c4022ea36e3|rpc:10.1.0.59:46313|dataStream:|priority:1|startupRole:FOLLOWER, 26c35b0c-04d0-419a-bd9f-9a0c5cb2698b|rpc:10.1.0.59:38927|dataStream:|priority:0|startupRole:FOLLOWER]|listeners:[], old=null
2022-11-10 07:14:23,860 [grpc-default-executor-0] INFO  server.RaftServer$Division (RaftServerImpl.java:setRole(321)) - 35d6043c-a711-468a-a34c-4c4022ea36e3@group-EE387B4BAA71: changes role from  FOLLOWER to FOLLOWER at term 1 for candidate:26c35b0c-04d0-419a-bd9f-9a0c5cb2698b
2022-11-10 07:14:23,860 [grpc-default-executor-0] INFO  impl.RoleInfo (RoleInfo.java:shutdownFollowerState(110)) - 35d6043c-a711-468a-a34c-4c4022ea36e3: shutdown 35d6043c-a711-468a-a34c-4c4022ea36e3@group-EE387B4BAA71-FollowerState
2022-11-10 07:14:23,860 [grpc-default-executor-0] INFO  impl.RoleInfo (RoleInfo.java:updateAndGet(139)) - 35d6043c-a711-468a-a34c-4c4022ea36e3: start 35d6043c-a711-468a-a34c-4c4022ea36e3@group-EE387B4BAA71-FollowerState
2022-11-10 07:14:23,861 [35d6043c-a711-468a-a34c-4c4022ea36e3@group-EE387B4BAA71-FollowerState] INFO  impl.FollowerState (FollowerState.java:run(152)) - 35d6043c-a711-468a-a34c-4c4022ea36e3@group-EE387B4BAA71-FollowerState was interrupted
2022-11-10 07:14:23,867 [35d6043c-a711-468a-a34c-4c4022ea36e3@group-EE387B4BAA71-FollowerState] INFO  server.RaftServerConfigKeys (ConfUtils.java:logFallback(53)) - raft.server.rpc.first-election.timeout.min = 5s (fallback to raft.server.rpc.timeout.min)
2022-11-10 07:14:23,863 [grpc-default-executor-0] INFO  server.RaftServer$Division (RaftServerImpl.java:requestVote(1251)) - 35d6043c-a711-468a-a34c-4c4022ea36e3@group-EE387B4BAA71 replies to ELECTION vote request: 26c35b0c-04d0-419a-bd9f-9a0c5cb2698b<-35d6043c-a711-468a-a34c-4c4022ea36e3#0:FAIL-t1. Peer's state: 35d6043c-a711-468a-a34c-4c4022ea36e3@group-EE387B4BAA71:t1, leader=null, voted=null, raftlog=Memoized:35d6043c-a711-468a-a34c-4c4022ea36e3@group-EE387B4BAA71-SegmentedRaftLog:OPENED:c-1, conf=-1: peers:[901bb4f9-d448-4097-b3df-3dc09329cc1b|rpc:10.1.0.59:35703|priority:0|startupRole:FOLLOWER, 35d6043c-a711-468a-a34c-4c4022ea36e3|rpc:10.1.0.59:46313|priority:1|startupRole:FOLLOWER, 26c35b0c-04d0-419a-bd9f-9a0c5cb2698b|rpc:10.1.0.59:38927|priority:0|startupRole:FOLLOWER]|listeners:[], old=null
2022-11-10 07:14:23,869 [35d6043c-a711-468a-a34c-4c4022ea36e3@group-EE387B4BAA71-FollowerState] INFO  server.RaftServerConfigKeys (ConfUtils.java:logFallback(53)) - raft.server.rpc.first-election.timeout.max = 5200ms (fallback to raft.server.rpc.timeout.max)
2022-11-10 07:14:23,869 [26c35b0c-04d0-419a-bd9f-9a0c5cb2698b@group-EE387B4BAA71-LeaderElection6] INFO  impl.LeaderElection (LeaderElection.java:logAndReturn(90)) - 26c35b0c-04d0-419a-bd9f-9a0c5cb2698b@group-EE387B4BAA71-LeaderElection6: ELECTION REJECTED received 2 response(s) and 0 exception(s):
2022-11-10 07:14:23,870 [26c35b0c-04d0-419a-bd9f-9a0c5cb2698b@group-EE387B4BAA71-LeaderElection6] INFO  impl.LeaderElection (LeaderElection.java:logAndReturn(94)) -   Response 0: 26c35b0c-04d0-419a-bd9f-9a0c5cb2698b<-901bb4f9-d448-4097-b3df-3dc09329cc1b#0:FAIL-t1
2022-11-10 07:14:23,870 [26c35b0c-04d0-419a-bd9f-9a0c5cb2698b@group-EE387B4BAA71-LeaderElection6] INFO  impl.LeaderElection (LeaderElection.java:logAndReturn(94)) -   Response 1: 26c35b0c-04d0-419a-bd9f-9a0c5cb2698b<-35d6043c-a711-468a-a34c-4c4022ea36e3#0:FAIL-t1
2022-11-10 07:14:23,870 [26c35b0c-04d0-419a-bd9f-9a0c5cb2698b@group-EE387B4BAA71-LeaderElection6] INFO  impl.LeaderElection (LeaderElection.java:askForVotes(314)) - 26c35b0c-04d0-419a-bd9f-9a0c5cb2698b@group-EE387B4BAA71-LeaderElection6 ELECTION round 0: result REJECTED
2022-11-10 07:14:23,870 [901bb4f9-d448-4097-b3df-3dc09329cc1b@group-3CEFCACDB394-LeaderElection7] INFO  impl.LeaderElection (LeaderElection.java:askForVotes(312)) - 901bb4f9-d448-4097-b3df-3dc09329cc1b@group-3CEFCACDB394-LeaderElection7 ELECTION round 0: submit vote requests at term 1 for -1: peers:[901bb4f9-d448-4097-b3df-3dc09329cc1b|rpc:10.1.0.59:35703|priority:1|startupRole:FOLLOWER]|listeners:[], old=null
2022-11-10 07:14:23,870 [901bb4f9-d448-4097-b3df-3dc09329cc1b@group-3CEFCACDB394-LeaderElection7] INFO  impl.LeaderElection (LeaderElection.java:askForVotes(314)) - 901bb4f9-d448-4097-b3df-3dc09329cc1b@group-3CEFCACDB394-LeaderElection7 ELECTION round 0: result PASSED (term=1)
2022-11-10 07:14:23,870 [901bb4f9-d448-4097-b3df-3dc09329cc1b@group-3CEFCACDB394-LeaderElection7] INFO  impl.RoleInfo (RoleInfo.java:shutdownLeaderElection(130)) - 901bb4f9-d448-4097-b3df-3dc09329cc1b: shutdown 901bb4f9-d448-4097-b3df-3dc09329cc1b@group-3CEFCACDB394-LeaderElection7
2022-11-10 07:14:23,871 [901bb4f9-d448-4097-b3df-3dc09329cc1b@group-3CEFCACDB394-LeaderElection7] INFO  server.RaftServer$Division (RaftServerImpl.java:setRole(321)) - 901bb4f9-d448-4097-b3df-3dc09329cc1b@group-3CEFCACDB394: changes role from CANDIDATE to LEADER at term 1 for changeToLeader
2022-11-10 07:14:23,871 [901bb4f9-d448-4097-b3df-3dc09329cc1b@group-3CEFCACDB394-LeaderElection7] INFO  ratis.XceiverServerRatis (XceiverServerRatis.java:handleLeaderChangedNotification(863)) - Leader change notification received for group: group-3CEFCACDB394 with new leaderId: 901bb4f9-d448-4097-b3df-3dc09329cc1b
2022-11-10 07:14:23,871 [901bb4f9-d448-4097-b3df-3dc09329cc1b@group-3CEFCACDB394-LeaderElection7] INFO  server.RaftServer$Division (ServerState.java:setLeader(313)) - 901bb4f9-d448-4097-b3df-3dc09329cc1b@group-3CEFCACDB394: change Leader from null to 901bb4f9-d448-4097-b3df-3dc09329cc1b at term 1 for becomeLeader, leader elected after 5092ms
2022-11-10 07:14:23,871 [901bb4f9-d448-4097-b3df-3dc09329cc1b@group-3CEFCACDB394-LeaderElection7] INFO  server.RaftServerConfigKeys (ConfUtils.java:logGet(46)) - raft.server.staging.catchup.gap = 1000 (default)
2022-11-10 07:14:23,871 [901bb4f9-d448-4097-b3df-3dc09329cc1b@group-3CEFCACDB394-LeaderElection7] INFO  server.RaftServerConfigKeys (ConfUtils.java:logGet(46)) - raft.server.write.element-limit = 1024 (custom)
2022-11-10 07:14:23,871 [901bb4f9-d448-4097-b3df-3dc09329cc1b@group-3CEFCACDB394-LeaderElection7] INFO  server.RaftServerConfigKeys (ConfUtils.java:logGet(46)) - raft.server.write.byte-limit = 1024 M (=1073741824) (custom)
2022-11-10 07:14:23,871 [26c35b0c-04d0-419a-bd9f-9a0c5cb2698b@group-EE387B4BAA71-LeaderElection6] INFO  server.RaftServer$Division (RaftServerImpl.java:setRole(321)) - 26c35b0c-04d0-419a-bd9f-9a0c5cb2698b@group-EE387B4BAA71: changes role from CANDIDATE to FOLLOWER at term 1 for REJECTED
2022-11-10 07:14:23,872 [26c35b0c-04d0-419a-bd9f-9a0c5cb2698b@group-EE387B4BAA71-LeaderElection6] INFO  impl.RoleInfo (RoleInfo.java:shutdownLeaderElection(130)) - 26c35b0c-04d0-419a-bd9f-9a0c5cb2698b: shutdown 26c35b0c-04d0-419a-bd9f-9a0c5cb2698b@group-EE387B4BAA71-LeaderElection6
2022-11-10 07:14:23,872 [26c35b0c-04d0-419a-bd9f-9a0c5cb2698b@group-EE387B4BAA71-LeaderElection6] INFO  impl.RoleInfo (RoleInfo.java:updateAndGet(139)) - 26c35b0c-04d0-419a-bd9f-9a0c5cb2698b: start 26c35b0c-04d0-419a-bd9f-9a0c5cb2698b@group-EE387B4BAA71-FollowerState
2022-11-10 07:14:23,873 [EventQueue-OpenPipelineForHealthyPipelineSafeModeRule] INFO  safemode.SCMSafeModeManager (HealthyPipelineSafeModeRule.java:process(137)) - SCM in safe mode. Healthy pipelines reported count is 0, required healthy pipeline reported count is 1
2022-11-10 07:14:23,875 [901bb4f9-d448-4097-b3df-3dc09329cc1b@group-3CEFCACDB394-LeaderElection7] INFO  server.RaftServerConfigKeys (ConfUtils.java:logGet(46)) - raft.server.watch.timeout = 180s (custom)
2022-11-10 07:14:23,875 [901bb4f9-d448-4097-b3df-3dc09329cc1b@group-3CEFCACDB394-LeaderElection7] INFO  server.RaftServerConfigKeys (ConfUtils.java:logGet(46)) - raft.server.watch.timeout.denomination = 1s (default)
2022-11-10 07:14:23,875 [901bb4f9-d448-4097-b3df-3dc09329cc1b@group-3CEFCACDB394-LeaderElection7] INFO  server.RaftServerConfigKeys (ConfUtils.java:logGet(46)) - raft.server.watch.element-limit = 65536 (default)
2022-11-10 07:14:23,875 [901bb4f9-d448-4097-b3df-3dc09329cc1b@group-3CEFCACDB394-LeaderElection7] INFO  server.RaftServerConfigKeys (ConfUtils.java:logGet(46)) - raft.server.write.element-limit = 1024 (custom)
2022-11-10 07:14:23,875 [901bb4f9-d448-4097-b3df-3dc09329cc1b@group-3CEFCACDB394-LeaderElection7] INFO  server.RaftServerConfigKeys (ConfUtils.java:logGet(46)) - raft.server.write.follower.gap.ratio.max = -1.0 (default)
2022-11-10 07:14:23,875 [901bb4f9-d448-4097-b3df-3dc09329cc1b@group-3CEFCACDB394-LeaderElection7] INFO  impl.RoleInfo (RoleInfo.java:updateAndGet(139)) - 901bb4f9-d448-4097-b3df-3dc09329cc1b: start 901bb4f9-d448-4097-b3df-3dc09329cc1b@group-3CEFCACDB394-LeaderStateImpl
2022-11-10 07:14:23,875 [901bb4f9-d448-4097-b3df-3dc09329cc1b@group-3CEFCACDB394-LeaderElection7] INFO  segmented.SegmentedRaftLogWorker (SegmentedRaftLogWorker.java:startLogSegment(452)) - 901bb4f9-d448-4097-b3df-3dc09329cc1b@group-3CEFCACDB394-SegmentedRaftLogWorker: Starting segment from index:0
2022-11-10 07:14:23,876 [26c35b0c-04d0-419a-bd9f-9a0c5cb2698b@group-EE387B4BAA71-FollowerState] INFO  server.RaftServerConfigKeys (ConfUtils.java:logFallback(53)) - raft.server.rpc.first-election.timeout.min = 5s (fallback to raft.server.rpc.timeout.min)
2022-11-10 07:14:23,876 [26c35b0c-04d0-419a-bd9f-9a0c5cb2698b@group-EE387B4BAA71-FollowerState] INFO  server.RaftServerConfigKeys (ConfUtils.java:logFallback(53)) - raft.server.rpc.first-election.timeout.max = 5200ms (fallback to raft.server.rpc.timeout.max)
2022-11-10 07:14:23,877 [901bb4f9-d448-4097-b3df-3dc09329cc1b@group-3CEFCACDB394-SegmentedRaftLogWorker] INFO  segmented.SegmentedRaftLogWorker (SegmentedRaftLogWorker.java:execute(656)) - 901bb4f9-d448-4097-b3df-3dc09329cc1b@group-3CEFCACDB394-SegmentedRaftLogWorker: created new log segment /home/runner/work/ozone/ozone/hadoop-ozone/integration-test/target/test-dir/MiniOzoneClusterImpl-d14c70f5-e14b-41c6-a13f-e3ca6c51505f/datanode-2/data/ratis/8afddcaf-4c4d-4837-b84c-3cefcacdb394/current/log_inprogress_0
2022-11-10 07:14:23,879 [901bb4f9-d448-4097-b3df-3dc09329cc1b@group-3CEFCACDB394-LeaderElection7] INFO  server.RaftServer$Division (ServerState.java:setRaftConf(430)) - 901bb4f9-d448-4097-b3df-3dc09329cc1b@group-3CEFCACDB394: set configuration 0: peers:[901bb4f9-d448-4097-b3df-3dc09329cc1b|rpc:10.1.0.59:35703|dataStream:|priority:1|startupRole:FOLLOWER]|listeners:[], old=null
2022-11-10 07:14:24,288 [73d758c7-6b76-4e6e-a3d3-7696fd8c55bd@group-841363C15B84-FollowerState] INFO  impl.FollowerState (FollowerState.java:run(143)) - 73d758c7-6b76-4e6e-a3d3-7696fd8c55bd@group-841363C15B84-FollowerState: change to CANDIDATE, lastRpcElapsedTime:5100835885ns, electionTimeout:5100ms
2022-11-10 07:14:24,289 [73d758c7-6b76-4e6e-a3d3-7696fd8c55bd@group-841363C15B84-FollowerState] INFO  impl.RoleInfo (RoleInfo.java:shutdownFollowerState(110)) - 73d758c7-6b76-4e6e-a3d3-7696fd8c55bd: shutdown 73d758c7-6b76-4e6e-a3d3-7696fd8c55bd@group-841363C15B84-FollowerState
2022-11-10 07:14:24,289 [73d758c7-6b76-4e6e-a3d3-7696fd8c55bd@group-841363C15B84-FollowerState] INFO  server.RaftServer$Division (RaftServerImpl.java:setRole(321)) - 73d758c7-6b76-4e6e-a3d3-7696fd8c55bd@group-841363C15B84: changes role from  FOLLOWER to CANDIDATE at term 0 for changeToCandidate
2022-11-10 07:14:24,290 [73d758c7-6b76-4e6e-a3d3-7696fd8c55bd@group-841363C15B84-FollowerState] INFO  server.RaftServerConfigKeys (ConfUtils.java:logGet(46)) - raft.server.leaderelection.pre-vote = false (custom)
2022-11-10 07:14:24,290 [73d758c7-6b76-4e6e-a3d3-7696fd8c55bd@group-841363C15B84-FollowerState] INFO  impl.RoleInfo (RoleInfo.java:updateAndGet(139)) - 73d758c7-6b76-4e6e-a3d3-7696fd8c55bd: start 73d758c7-6b76-4e6e-a3d3-7696fd8c55bd@group-841363C15B84-LeaderElection8
2022-11-10 07:14:24,293 [73d758c7-6b76-4e6e-a3d3-7696fd8c55bd@group-841363C15B84-LeaderElection8] INFO  impl.LeaderElection (LeaderElection.java:askForVotes(312)) - 73d758c7-6b76-4e6e-a3d3-7696fd8c55bd@group-841363C15B84-LeaderElection8 ELECTION round 0: submit vote requests at term 1 for -1: peers:[b01711c8-04b4-47a5-9bab-72c84cf7bb6a|rpc:10.1.0.59:44509|priority:1|startupRole:FOLLOWER, 73d758c7-6b76-4e6e-a3d3-7696fd8c55bd|rpc:10.1.0.59:42647|priority:0|startupRole:FOLLOWER, 18b389ac-e92e-45af-bb8d-005344dac216|rpc:10.1.0.59:39897|priority:0|startupRole:FOLLOWER]|listeners:[], old=null
2022-11-10 07:14:24,293 [73d758c7-6b76-4e6e-a3d3-7696fd8c55bd@group-841363C15B84-LeaderElection8] INFO  server.RaftServerConfigKeys (ConfUtils.java:logFallback(53)) - raft.server.rpc.first-election.timeout.min = 5s (fallback to raft.server.rpc.timeout.min)
2022-11-10 07:14:24,293 [73d758c7-6b76-4e6e-a3d3-7696fd8c55bd@group-841363C15B84-LeaderElection8-1] INFO  server.GrpcServerProtocolClient (GrpcServerProtocolClient.java:<init>(63)) - Build channel for b01711c8-04b4-47a5-9bab-72c84cf7bb6a
2022-11-10 07:14:24,293 [73d758c7-6b76-4e6e-a3d3-7696fd8c55bd@group-841363C15B84-LeaderElection8] INFO  server.RaftServerConfigKeys (ConfUtils.java:logFallback(53)) - raft.server.rpc.first-election.timeout.max = 5200ms (fallback to raft.server.rpc.timeout.max)
2022-11-10 07:14:24,294 [73d758c7-6b76-4e6e-a3d3-7696fd8c55bd@group-841363C15B84-LeaderElection8-2] INFO  server.GrpcServerProtocolClient (GrpcServerProtocolClient.java:<init>(63)) - Build channel for 18b389ac-e92e-45af-bb8d-005344dac216
2022-11-10 07:14:24,295 [18b389ac-e92e-45af-bb8d-005344dac216@group-841363C15B84-FollowerState] INFO  impl.FollowerState (FollowerState.java:run(143)) - 18b389ac-e92e-45af-bb8d-005344dac216@group-841363C15B84-FollowerState: change to CANDIDATE, lastRpcElapsedTime:5080478619ns, electionTimeout:5070ms
2022-11-10 07:14:24,295 [18b389ac-e92e-45af-bb8d-005344dac216@group-841363C15B84-FollowerState] INFO  impl.RoleInfo (RoleInfo.java:shutdownFollowerState(110)) - 18b389ac-e92e-45af-bb8d-005344dac216: shutdown 18b389ac-e92e-45af-bb8d-005344dac216@group-841363C15B84-FollowerState
2022-11-10 07:14:24,295 [18b389ac-e92e-45af-bb8d-005344dac216@group-841363C15B84-FollowerState] INFO  server.RaftServer$Division (RaftServerImpl.java:setRole(321)) - 18b389ac-e92e-45af-bb8d-005344dac216@group-841363C15B84: changes role from  FOLLOWER to CANDIDATE at term 0 for changeToCandidate
2022-11-10 07:14:24,299 [18b389ac-e92e-45af-bb8d-005344dac216@group-841363C15B84-FollowerState] INFO  server.RaftServerConfigKeys (ConfUtils.java:logGet(46)) - raft.server.leaderelection.pre-vote = false (custom)
2022-11-10 07:14:24,299 [18b389ac-e92e-45af-bb8d-005344dac216@group-841363C15B84-FollowerState] INFO  impl.RoleInfo (RoleInfo.java:updateAndGet(139)) - 18b389ac-e92e-45af-bb8d-005344dac216: start 18b389ac-e92e-45af-bb8d-005344dac216@group-841363C15B84-LeaderElection9
2022-11-10 07:14:24,307 [18b389ac-e92e-45af-bb8d-005344dac216@group-841363C15B84-LeaderElection9] INFO  impl.LeaderElection (LeaderElection.java:askForVotes(312)) - 18b389ac-e92e-45af-bb8d-005344dac216@group-841363C15B84-LeaderElection9 ELECTION round 0: submit vote requests at term 1 for -1: peers:[b01711c8-04b4-47a5-9bab-72c84cf7bb6a|rpc:10.1.0.59:44509|dataStream:|priority:1|startupRole:FOLLOWER, 73d758c7-6b76-4e6e-a3d3-7696fd8c55bd|rpc:10.1.0.59:42647|dataStream:|priority:0|startupRole:FOLLOWER, 18b389ac-e92e-45af-bb8d-005344dac216|rpc:10.1.0.59:39897|dataStream:|priority:0|startupRole:FOLLOWER]|listeners:[], old=null
2022-11-10 07:14:24,316 [18b389ac-e92e-45af-bb8d-005344dac216@group-841363C15B84-LeaderElection9-1] INFO  server.GrpcServerProtocolClient (GrpcServerProtocolClient.java:<init>(63)) - Build channel for b01711c8-04b4-47a5-9bab-72c84cf7bb6a
2022-11-10 07:14:24,318 [73d758c7-6b76-4e6e-a3d3-7696fd8c55bd@group-2822AD3F708E-FollowerState] INFO  impl.FollowerState (FollowerState.java:run(143)) - 73d758c7-6b76-4e6e-a3d3-7696fd8c55bd@group-2822AD3F708E-FollowerState: change to CANDIDATE, lastRpcElapsedTime:5152278256ns, electionTimeout:5135ms
2022-11-10 07:14:24,322 [18b389ac-e92e-45af-bb8d-005344dac216@group-841363C15B84-LeaderElection9-2] INFO  server.GrpcServerProtocolClient (GrpcServerProtocolClient.java:<init>(63)) - Build channel for 73d758c7-6b76-4e6e-a3d3-7696fd8c55bd
2022-11-10 07:14:24,322 [73d758c7-6b76-4e6e-a3d3-7696fd8c55bd@group-2822AD3F708E-FollowerState] INFO  impl.RoleInfo (RoleInfo.java:shutdownFollowerState(110)) - 73d758c7-6b76-4e6e-a3d3-7696fd8c55bd: shutdown 73d758c7-6b76-4e6e-a3d3-7696fd8c55bd@group-2822AD3F708E-FollowerState
2022-11-10 07:14:24,322 [73d758c7-6b76-4e6e-a3d3-7696fd8c55bd@group-2822AD3F708E-FollowerState] INFO  server.RaftServer$Division (RaftServerImpl.java:setRole(321)) - 73d758c7-6b76-4e6e-a3d3-7696fd8c55bd@group-2822AD3F708E: changes role from  FOLLOWER to CANDIDATE at term 0 for changeToCandidate
2022-11-10 07:14:24,321 [18b389ac-e92e-45af-bb8d-005344dac216@group-841363C15B84-LeaderElection9] INFO  server.RaftServerConfigKeys (ConfUtils.java:logFallback(53)) - raft.server.rpc.first-election.timeout.min = 5s (fallback to raft.server.rpc.timeout.min)
2022-11-10 07:14:24,319 [b01711c8-04b4-47a5-9bab-72c84cf7bb6a@group-841363C15B84-FollowerState] INFO  impl.FollowerState (FollowerState.java:run(143)) - b01711c8-04b4-47a5-9bab-72c84cf7bb6a@group-841363C15B84-FollowerState: change to CANDIDATE, lastRpcElapsedTime:5036202043ns, electionTimeout:5022ms
2022-11-10 07:14:24,323 [18b389ac-e92e-45af-bb8d-005344dac216@group-841363C15B84-LeaderElection9] INFO  server.RaftServerConfigKeys (ConfUtils.java:logFallback(53)) - raft.server.rpc.first-election.timeout.max = 5200ms (fallback to raft.server.rpc.timeout.max)
2022-11-10 07:14:24,323 [b01711c8-04b4-47a5-9bab-72c84cf7bb6a@group-841363C15B84-FollowerState] INFO  impl.RoleInfo (RoleInfo.java:shutdownFollowerState(110)) - b01711c8-04b4-47a5-9bab-72c84cf7bb6a: shutdown b01711c8-04b4-47a5-9bab-72c84cf7bb6a@group-841363C15B84-FollowerState
2022-11-10 07:14:24,323 [73d758c7-6b76-4e6e-a3d3-7696fd8c55bd@group-2822AD3F708E-FollowerState] INFO  server.RaftServerConfigKeys (ConfUtils.java:logGet(46)) - raft.server.leaderelection.pre-vote = false (custom)
2022-11-10 07:14:24,324 [b01711c8-04b4-47a5-9bab-72c84cf7bb6a@group-841363C15B84-FollowerState] INFO  server.RaftServer$Division (RaftServerImpl.java:setRole(321)) - b01711c8-04b4-47a5-9bab-72c84cf7bb6a@group-841363C15B84: changes role from  FOLLOWER to CANDIDATE at term 0 for changeToCandidate
2022-11-10 07:14:24,325 [73d758c7-6b76-4e6e-a3d3-7696fd8c55bd@group-2822AD3F708E-FollowerState] INFO  impl.RoleInfo (RoleInfo.java:updateAndGet(139)) - 73d758c7-6b76-4e6e-a3d3-7696fd8c55bd: start 73d758c7-6b76-4e6e-a3d3-7696fd8c55bd@group-2822AD3F708E-LeaderElection10
2022-11-10 07:14:24,327 [b01711c8-04b4-47a5-9bab-72c84cf7bb6a@group-841363C15B84-FollowerState] INFO  server.RaftServerConfigKeys (ConfUtils.java:logGet(46)) - raft.server.leaderelection.pre-vote = false (custom)
2022-11-10 07:14:24,327 [b01711c8-04b4-47a5-9bab-72c84cf7bb6a@group-841363C15B84-FollowerState] INFO  impl.RoleInfo (RoleInfo.java:updateAndGet(139)) - b01711c8-04b4-47a5-9bab-72c84cf7bb6a: start b01711c8-04b4-47a5-9bab-72c84cf7bb6a@group-841363C15B84-LeaderElection11
2022-11-10 07:14:24,350 [grpc-default-executor-2] INFO  server.RaftServer$Division (RaftServerImpl.java:requestVote(1218)) - 18b389ac-e92e-45af-bb8d-005344dac216@group-841363C15B84: receive requestVote(ELECTION, 73d758c7-6b76-4e6e-a3d3-7696fd8c55bd, group-841363C15B84, 1, (t:0, i:0))
2022-11-10 07:14:24,350 [grpc-default-executor-1] INFO  server.RaftServer$Division (RaftServerImpl.java:requestVote(1218)) - b01711c8-04b4-47a5-9bab-72c84cf7bb6a@group-841363C15B84: receive requestVote(ELECTION, 73d758c7-6b76-4e6e-a3d3-7696fd8c55bd, group-841363C15B84, 1, (t:0, i:0))
2022-11-10 07:14:24,350 [grpc-default-executor-0] INFO  server.RaftServer$Division (RaftServerImpl.java:requestVote(1218)) - 73d758c7-6b76-4e6e-a3d3-7696fd8c55bd@group-841363C15B84: receive requestVote(ELECTION, 18b389ac-e92e-45af-bb8d-005344dac216, group-841363C15B84, 1, (t:0, i:0))
2022-11-10 07:14:24,351 [grpc-default-executor-0] INFO  impl.VoteContext (VoteContext.java:log(48)) - 73d758c7-6b76-4e6e-a3d3-7696fd8c55bd@group-841363C15B84-CANDIDATE: reject ELECTION from 18b389ac-e92e-45af-bb8d-005344dac216: already has voted for 73d758c7-6b76-4e6e-a3d3-7696fd8c55bd at current term 1
2022-11-10 07:14:24,351 [grpc-default-executor-0] INFO  server.RaftServer$Division (RaftServerImpl.java:requestVote(1251)) - 73d758c7-6b76-4e6e-a3d3-7696fd8c55bd@group-841363C15B84 replies to ELECTION vote request: 18b389ac-e92e-45af-bb8d-005344dac216<-73d758c7-6b76-4e6e-a3d3-7696fd8c55bd#0:FAIL-t1. Peer's state: 73d758c7-6b76-4e6e-a3d3-7696fd8c55bd@group-841363C15B84:t1, leader=null, voted=73d758c7-6b76-4e6e-a3d3-7696fd8c55bd, raftlog=Memoized:73d758c7-6b76-4e6e-a3d3-7696fd8c55bd@group-841363C15B84-SegmentedRaftLog:OPENED:c-1, conf=-1: peers:[b01711c8-04b4-47a5-9bab-72c84cf7bb6a|rpc:10.1.0.59:44509|priority:1|startupRole:FOLLOWER, 73d758c7-6b76-4e6e-a3d3-7696fd8c55bd|rpc:10.1.0.59:42647|priority:0|startupRole:FOLLOWER, 18b389ac-e92e-45af-bb8d-005344dac216|rpc:10.1.0.59:39897|priority:0|startupRole:FOLLOWER]|listeners:[], old=null
2022-11-10 07:14:24,351 [grpc-default-executor-2] INFO  impl.VoteContext (VoteContext.java:log(48)) - 18b389ac-e92e-45af-bb8d-005344dac216@group-841363C15B84-CANDIDATE: reject ELECTION from 73d758c7-6b76-4e6e-a3d3-7696fd8c55bd: already has voted for 18b389ac-e92e-45af-bb8d-005344dac216 at current term 1
2022-11-10 07:14:24,351 [grpc-default-executor-2] INFO  server.RaftServer$Division (RaftServerImpl.java:requestVote(1251)) - 18b389ac-e92e-45af-bb8d-005344dac216@group-841363C15B84 replies to ELECTION vote request: 73d758c7-6b76-4e6e-a3d3-7696fd8c55bd<-18b389ac-e92e-45af-bb8d-005344dac216#0:FAIL-t1. Peer's state: 18b389ac-e92e-45af-bb8d-005344dac216@group-841363C15B84:t1, leader=null, voted=18b389ac-e92e-45af-bb8d-005344dac216, raftlog=Memoized:18b389ac-e92e-45af-bb8d-005344dac216@group-841363C15B84-SegmentedRaftLog:OPENED:c-1, conf=-1: peers:[b01711c8-04b4-47a5-9bab-72c84cf7bb6a|rpc:10.1.0.59:44509|dataStream:|priority:1|startupRole:FOLLOWER, 73d758c7-6b76-4e6e-a3d3-7696fd8c55bd|rpc:10.1.0.59:42647|dataStream:|priority:0|startupRole:FOLLOWER, 18b389ac-e92e-45af-bb8d-005344dac216|rpc:10.1.0.59:39897|dataStream:|priority:0|startupRole:FOLLOWER]|listeners:[], old=null
2022-11-10 07:14:24,351 [73d758c7-6b76-4e6e-a3d3-7696fd8c55bd@group-6A99B4BC2CFE-FollowerState] INFO  impl.FollowerState (FollowerState.java:run(143)) - 73d758c7-6b76-4e6e-a3d3-7696fd8c55bd@group-6A99B4BC2CFE-FollowerState: change to CANDIDATE, lastRpcElapsedTime:5034195117ns, electionTimeout:5032ms
2022-11-10 07:14:24,353 [73d758c7-6b76-4e6e-a3d3-7696fd8c55bd@group-2822AD3F708E-LeaderElection10] INFO  impl.LeaderElection (LeaderElection.java:askForVotes(312)) - 73d758c7-6b76-4e6e-a3d3-7696fd8c55bd@group-2822AD3F708E-LeaderElection10 ELECTION round 0: submit vote requests at term 1 for -1: peers:[73d758c7-6b76-4e6e-a3d3-7696fd8c55bd|rpc:10.1.0.59:42647|priority:1|startupRole:FOLLOWER]|listeners:[], old=null
2022-11-10 07:14:24,353 [73d758c7-6b76-4e6e-a3d3-7696fd8c55bd@group-6A99B4BC2CFE-FollowerState] INFO  impl.RoleInfo (RoleInfo.java:shutdownFollowerState(110)) - 73d758c7-6b76-4e6e-a3d3-7696fd8c55bd: shutdown 73d758c7-6b76-4e6e-a3d3-7696fd8c55bd@group-6A99B4BC2CFE-FollowerState
2022-11-10 07:14:24,355 [73d758c7-6b76-4e6e-a3d3-7696fd8c55bd@group-6A99B4BC2CFE-FollowerState] INFO  server.RaftServer$Division (RaftServerImpl.java:setRole(321)) - 73d758c7-6b76-4e6e-a3d3-7696fd8c55bd@group-6A99B4BC2CFE: changes role from  FOLLOWER to CANDIDATE at term 0 for changeToCandidate
2022-11-10 07:14:24,359 [73d758c7-6b76-4e6e-a3d3-7696fd8c55bd@group-6A99B4BC2CFE-FollowerState] INFO  server.RaftServerConfigKeys (ConfUtils.java:logGet(46)) - raft.server.leaderelection.pre-vote = false (custom)
2022-11-10 07:14:24,359 [73d758c7-6b76-4e6e-a3d3-7696fd8c55bd@group-6A99B4BC2CFE-FollowerState] INFO  impl.RoleInfo (RoleInfo.java:updateAndGet(139)) - 73d758c7-6b76-4e6e-a3d3-7696fd8c55bd: start 73d758c7-6b76-4e6e-a3d3-7696fd8c55bd@group-6A99B4BC2CFE-LeaderElection12
2022-11-10 07:14:24,363 [73d758c7-6b76-4e6e-a3d3-7696fd8c55bd@group-2822AD3F708E-LeaderElection10] INFO  impl.LeaderElection (LeaderElection.java:askForVotes(314)) - 73d758c7-6b76-4e6e-a3d3-7696fd8c55bd@group-2822AD3F708E-LeaderElection10 ELECTION round 0: result PASSED (term=1)
2022-11-10 07:14:24,364 [73d758c7-6b76-4e6e-a3d3-7696fd8c55bd@group-2822AD3F708E-LeaderElection10] INFO  impl.RoleInfo (RoleInfo.java:shutdownLeaderElection(130)) - 73d758c7-6b76-4e6e-a3d3-7696fd8c55bd: shutdown 73d758c7-6b76-4e6e-a3d3-7696fd8c55bd@group-2822AD3F708E-LeaderElection10
2022-11-10 07:14:24,364 [73d758c7-6b76-4e6e-a3d3-7696fd8c55bd@group-2822AD3F708E-LeaderElection10] INFO  server.RaftServer$Division (RaftServerImpl.java:setRole(321)) - 73d758c7-6b76-4e6e-a3d3-7696fd8c55bd@group-2822AD3F708E: changes role from CANDIDATE to LEADER at term 1 for changeToLeader
2022-11-10 07:14:24,364 [73d758c7-6b76-4e6e-a3d3-7696fd8c55bd@group-2822AD3F708E-LeaderElection10] INFO  ratis.XceiverServerRatis (XceiverServerRatis.java:handleLeaderChangedNotification(863)) - Leader change notification received for group: group-2822AD3F708E with new leaderId: 73d758c7-6b76-4e6e-a3d3-7696fd8c55bd
2022-11-10 07:14:24,365 [grpc-default-executor-3] INFO  server.RaftServer$Division (RaftServerImpl.java:requestVote(1218)) - b01711c8-04b4-47a5-9bab-72c84cf7bb6a@group-841363C15B84: receive requestVote(ELECTION, 18b389ac-e92e-45af-bb8d-005344dac216, group-841363C15B84, 1, (t:0, i:0))
2022-11-10 07:14:24,365 [73d758c7-6b76-4e6e-a3d3-7696fd8c55bd@group-2822AD3F708E-LeaderElection10] INFO  server.RaftServer$Division (ServerState.java:setLeader(313)) - 73d758c7-6b76-4e6e-a3d3-7696fd8c55bd@group-2822AD3F708E: change Leader from null to 73d758c7-6b76-4e6e-a3d3-7696fd8c55bd at term 1 for becomeLeader, leader elected after 5214ms
2022-11-10 07:14:24,365 [73d758c7-6b76-4e6e-a3d3-7696fd8c55bd@group-2822AD3F708E-LeaderElection10] INFO  server.RaftServerConfigKeys (ConfUtils.java:logGet(46)) - raft.server.staging.catchup.gap = 1000 (default)
2022-11-10 07:14:24,366 [b01711c8-04b4-47a5-9bab-72c84cf7bb6a@group-841363C15B84-LeaderElection11] INFO  impl.LeaderElection (LeaderElection.java:askForVotes(312)) - b01711c8-04b4-47a5-9bab-72c84cf7bb6a@group-841363C15B84-LeaderElection11 ELECTION round 0: submit vote requests at term 1 for -1: peers:[b01711c8-04b4-47a5-9bab-72c84cf7bb6a|rpc:10.1.0.59:44509|dataStream:|priority:1|startupRole:FOLLOWER, 73d758c7-6b76-4e6e-a3d3-7696fd8c55bd|rpc:10.1.0.59:42647|dataStream:|priority:0|startupRole:FOLLOWER, 18b389ac-e92e-45af-bb8d-005344dac216|rpc:10.1.0.59:39897|dataStream:|priority:0|startupRole:FOLLOWER]|listeners:[], old=null
2022-11-10 07:14:24,366 [EventQueue-OpenPipelineForHealthyPipelineSafeModeRule] INFO  safemode.SCMSafeModeManager (HealthyPipelineSafeModeRule.java:process(137)) - SCM in safe mode. Healthy pipelines reported count is 0, required healthy pipeline reported count is 1
2022-11-10 07:14:24,366 [grpc-default-executor-3] INFO  impl.VoteContext (VoteContext.java:log(48)) - b01711c8-04b4-47a5-9bab-72c84cf7bb6a@group-841363C15B84-CANDIDATE: reject ELECTION from 18b389ac-e92e-45af-bb8d-005344dac216: already has voted for b01711c8-04b4-47a5-9bab-72c84cf7bb6a at current term 1
2022-11-10 07:14:24,367 [grpc-default-executor-3] INFO  server.RaftServer$Division (RaftServerImpl.java:requestVote(1251)) - b01711c8-04b4-47a5-9bab-72c84cf7bb6a@group-841363C15B84 replies to ELECTION vote request: 18b389ac-e92e-45af-bb8d-005344dac216<-b01711c8-04b4-47a5-9bab-72c84cf7bb6a#0:FAIL-t1. Peer's state: b01711c8-04b4-47a5-9bab-72c84cf7bb6a@group-841363C15B84:t1, leader=null, voted=b01711c8-04b4-47a5-9bab-72c84cf7bb6a, raftlog=Memoized:b01711c8-04b4-47a5-9bab-72c84cf7bb6a@group-841363C15B84-SegmentedRaftLog:OPENED:c-1, conf=-1: peers:[b01711c8-04b4-47a5-9bab-72c84cf7bb6a|rpc:10.1.0.59:44509|dataStream:|priority:1|startupRole:FOLLOWER, 73d758c7-6b76-4e6e-a3d3-7696fd8c55bd|rpc:10.1.0.59:42647|dataStream:|priority:0|startupRole:FOLLOWER, 18b389ac-e92e-45af-bb8d-005344dac216|rpc:10.1.0.59:39897|dataStream:|priority:0|startupRole:FOLLOWER]|listeners:[], old=null
2022-11-10 07:14:24,367 [grpc-default-executor-1] INFO  impl.VoteContext (VoteContext.java:log(48)) - b01711c8-04b4-47a5-9bab-72c84cf7bb6a@group-841363C15B84-CANDIDATE: reject ELECTION from 73d758c7-6b76-4e6e-a3d3-7696fd8c55bd: already has voted for b01711c8-04b4-47a5-9bab-72c84cf7bb6a at current term 1
2022-11-10 07:14:24,367 [73d758c7-6b76-4e6e-a3d3-7696fd8c55bd@group-2822AD3F708E-LeaderElection10] INFO  server.RaftServerConfigKeys (ConfUtils.java:logGet(46)) - raft.server.write.element-limit = 1024 (custom)
2022-11-10 07:14:24,367 [grpc-default-executor-1] INFO  server.RaftServer$Division (RaftServerImpl.java:requestVote(1251)) - b01711c8-04b4-47a5-9bab-72c84cf7bb6a@group-841363C15B84 replies to ELECTION vote request: 73d758c7-6b76-4e6e-a3d3-7696fd8c55bd<-b01711c8-04b4-47a5-9bab-72c84cf7bb6a#0:FAIL-t1. Peer's state: b01711c8-04b4-47a5-9bab-72c84cf7bb6a@group-841363C15B84:t1, leader=null, voted=b01711c8-04b4-47a5-9bab-72c84cf7bb6a, raftlog=Memoized:b01711c8-04b4-47a5-9bab-72c84cf7bb6a@group-841363C15B84-SegmentedRaftLog:OPENED:c-1, conf=-1: peers:[b01711c8-04b4-47a5-9bab-72c84cf7bb6a|rpc:10.1.0.59:44509|dataStream:|priority:1|startupRole:FOLLOWER, 73d758c7-6b76-4e6e-a3d3-7696fd8c55bd|rpc:10.1.0.59:42647|dataStream:|priority:0|startupRole:FOLLOWER, 18b389ac-e92e-45af-bb8d-005344dac216|rpc:10.1.0.59:39897|dataStream:|priority:0|startupRole:FOLLOWER]|listeners:[], old=null
2022-11-10 07:14:24,367 [73d758c7-6b76-4e6e-a3d3-7696fd8c55bd@group-2822AD3F708E-LeaderElection10] INFO  server.RaftServerConfigKeys (ConfUtils.java:logGet(46)) - raft.server.write.byte-limit = 1024 M (=1073741824) (custom)
2022-11-10 07:14:24,367 [73d758c7-6b76-4e6e-a3d3-7696fd8c55bd@group-2822AD3F708E-LeaderElection10] INFO  server.RaftServerConfigKeys (ConfUtils.java:logGet(46)) - raft.server.watch.timeout = 180s (custom)
2022-11-10 07:14:24,368 [73d758c7-6b76-4e6e-a3d3-7696fd8c55bd@group-2822AD3F708E-LeaderElection10] INFO  server.RaftServerConfigKeys (ConfUtils.java:logGet(46)) - raft.server.watch.timeout.denomination = 1s (default)
2022-11-10 07:14:24,368 [73d758c7-6b76-4e6e-a3d3-7696fd8c55bd@group-2822AD3F708E-LeaderElection10] INFO  server.RaftServerConfigKeys (ConfUtils.java:logGet(46)) - raft.server.watch.element-limit = 65536 (default)
2022-11-10 07:14:24,368 [73d758c7-6b76-4e6e-a3d3-7696fd8c55bd@group-2822AD3F708E-LeaderElection10] INFO  server.RaftServerConfigKeys (ConfUtils.java:logGet(46)) - raft.server.write.element-limit = 1024 (custom)
2022-11-10 07:14:24,368 [73d758c7-6b76-4e6e-a3d3-7696fd8c55bd@group-2822AD3F708E-LeaderElection10] INFO  server.RaftServerConfigKeys (ConfUtils.java:logGet(46)) - raft.server.write.follower.gap.ratio.max = -1.0 (default)
2022-11-10 07:14:24,368 [73d758c7-6b76-4e6e-a3d3-7696fd8c55bd@group-2822AD3F708E-LeaderElection10] INFO  impl.RoleInfo (RoleInfo.java:updateAndGet(139)) - 73d758c7-6b76-4e6e-a3d3-7696fd8c55bd: start 73d758c7-6b76-4e6e-a3d3-7696fd8c55bd@group-2822AD3F708E-LeaderStateImpl
2022-11-10 07:14:24,368 [73d758c7-6b76-4e6e-a3d3-7696fd8c55bd@group-2822AD3F708E-LeaderElection10] INFO  segmented.SegmentedRaftLogWorker (SegmentedRaftLogWorker.java:startLogSegment(452)) - 73d758c7-6b76-4e6e-a3d3-7696fd8c55bd@group-2822AD3F708E-SegmentedRaftLogWorker: Starting segment from index:0
2022-11-10 07:14:24,371 [b01711c8-04b4-47a5-9bab-72c84cf7bb6a@group-841363C15B84-LeaderElection11] INFO  server.RaftServerConfigKeys (ConfUtils.java:logFallback(53)) - raft.server.rpc.first-election.timeout.min = 5s (fallback to raft.server.rpc.timeout.min)
2022-11-10 07:14:24,371 [b01711c8-04b4-47a5-9bab-72c84cf7bb6a@group-841363C15B84-LeaderElection11] INFO  server.RaftServerConfigKeys (ConfUtils.java:logFallback(53)) - raft.server.rpc.first-election.timeout.max = 5200ms (fallback to raft.server.rpc.timeout.max)
2022-11-10 07:14:24,375 [73d758c7-6b76-4e6e-a3d3-7696fd8c55bd@group-2822AD3F708E-SegmentedRaftLogWorker] INFO  segmented.SegmentedRaftLogWorker (SegmentedRaftLogWorker.java:execute(656)) - 73d758c7-6b76-4e6e-a3d3-7696fd8c55bd@group-2822AD3F708E-SegmentedRaftLogWorker: created new log segment /home/runner/work/ozone/ozone/hadoop-ozone/integration-test/target/test-dir/MiniOzoneClusterImpl-d14c70f5-e14b-41c6-a13f-e3ca6c51505f/datanode-3/data/ratis/af1c2d6f-b0d4-43b3-9cea-2822ad3f708e/current/log_inprogress_0
2022-11-10 07:14:24,375 [b01711c8-04b4-47a5-9bab-72c84cf7bb6a@group-841363C15B84-LeaderElection11-2] INFO  server.GrpcServerProtocolClient (GrpcServerProtocolClient.java:<init>(63)) - Build channel for 18b389ac-e92e-45af-bb8d-005344dac216
2022-11-10 07:14:24,375 [73d758c7-6b76-4e6e-a3d3-7696fd8c55bd@group-6A99B4BC2CFE-LeaderElection12] INFO  impl.LeaderElection (LeaderElection.java:askForVotes(312)) - 73d758c7-6b76-4e6e-a3d3-7696fd8c55bd@group-6A99B4BC2CFE-LeaderElection12 ELECTION round 0: submit vote requests at term 1 for -1: peers:[b01711c8-04b4-47a5-9bab-72c84cf7bb6a|rpc:10.1.0.59:44509|priority:0|startupRole:FOLLOWER, 73d758c7-6b76-4e6e-a3d3-7696fd8c55bd|rpc:10.1.0.59:42647|priority:1|startupRole:FOLLOWER, 18b389ac-e92e-45af-bb8d-005344dac216|rpc:10.1.0.59:39897|priority:0|startupRole:FOLLOWER]|listeners:[], old=null
2022-11-10 07:14:24,376 [18b389ac-e92e-45af-bb8d-005344dac216@group-841363C15B84-LeaderElection9] INFO  impl.LeaderElection (LeaderElection.java:logAndReturn(90)) - 18b389ac-e92e-45af-bb8d-005344dac216@group-841363C15B84-LeaderElection9: ELECTION REJECTED received 2 response(s) and 0 exception(s):
2022-11-10 07:14:24,383 [18b389ac-e92e-45af-bb8d-005344dac216@group-841363C15B84-LeaderElection9] INFO  impl.LeaderElection (LeaderElection.java:logAndReturn(94)) -   Response 0: 18b389ac-e92e-45af-bb8d-005344dac216<-b01711c8-04b4-47a5-9bab-72c84cf7bb6a#0:FAIL-t1
2022-11-10 07:14:24,383 [18b389ac-e92e-45af-bb8d-005344dac216@group-841363C15B84-LeaderElection9] INFO  impl.LeaderElection (LeaderElection.java:logAndReturn(94)) -   Response 1: 18b389ac-e92e-45af-bb8d-005344dac216<-73d758c7-6b76-4e6e-a3d3-7696fd8c55bd#0:FAIL-t1
2022-11-10 07:14:24,376 [73d758c7-6b76-4e6e-a3d3-7696fd8c55bd@group-841363C15B84-LeaderElection8] INFO  impl.LeaderElection (LeaderElection.java:logAndReturn(90)) - 73d758c7-6b76-4e6e-a3d3-7696fd8c55bd@group-841363C15B84-LeaderElection8: ELECTION REJECTED received 2 response(s) and 0 exception(s):
2022-11-10 07:14:24,376 [73d758c7-6b76-4e6e-a3d3-7696fd8c55bd@group-2822AD3F708E-LeaderElection10] INFO  server.RaftServer$Division (ServerState.java:setRaftConf(430)) - 73d758c7-6b76-4e6e-a3d3-7696fd8c55bd@group-2822AD3F708E: set configuration 0: peers:[73d758c7-6b76-4e6e-a3d3-7696fd8c55bd|rpc:10.1.0.59:42647|dataStream:|priority:1|startupRole:FOLLOWER]|listeners:[], old=null
2022-11-10 07:14:24,376 [b01711c8-04b4-47a5-9bab-72c84cf7bb6a@group-841363C15B84-LeaderElection11-1] INFO  server.GrpcServerProtocolClient (GrpcServerProtocolClient.java:<init>(63)) - Build channel for 73d758c7-6b76-4e6e-a3d3-7696fd8c55bd
2022-11-10 07:14:24,383 [73d758c7-6b76-4e6e-a3d3-7696fd8c55bd@group-841363C15B84-LeaderElection8] INFO  impl.LeaderElection (LeaderElection.java:logAndReturn(94)) -   Response 0: 73d758c7-6b76-4e6e-a3d3-7696fd8c55bd<-b01711c8-04b4-47a5-9bab-72c84cf7bb6a#0:FAIL-t1
2022-11-10 07:14:24,384 [73d758c7-6b76-4e6e-a3d3-7696fd8c55bd@group-841363C15B84-LeaderElection8] INFO  impl.LeaderElection (LeaderElection.java:logAndReturn(94)) -   Response 1: 73d758c7-6b76-4e6e-a3d3-7696fd8c55bd<-18b389ac-e92e-45af-bb8d-005344dac216#0:FAIL-t1
2022-11-10 07:14:24,387 [73d758c7-6b76-4e6e-a3d3-7696fd8c55bd@group-6A99B4BC2CFE-LeaderElection12] INFO  server.RaftServerConfigKeys (ConfUtils.java:logFallback(53)) - raft.server.rpc.first-election.timeout.min = 5s (fallback to raft.server.rpc.timeout.min)
2022-11-10 07:14:24,387 [73d758c7-6b76-4e6e-a3d3-7696fd8c55bd@group-6A99B4BC2CFE-LeaderElection12] INFO  server.RaftServerConfigKeys (ConfUtils.java:logFallback(53)) - raft.server.rpc.first-election.timeout.max = 5200ms (fallback to raft.server.rpc.timeout.max)
2022-11-10 07:14:24,394 [73d758c7-6b76-4e6e-a3d3-7696fd8c55bd@group-841363C15B84-LeaderElection8] INFO  impl.LeaderElection (LeaderElection.java:askForVotes(314)) - 73d758c7-6b76-4e6e-a3d3-7696fd8c55bd@group-841363C15B84-LeaderElection8 ELECTION round 0: result REJECTED
2022-11-10 07:14:24,394 [grpc-default-executor-1] INFO  server.RaftServer$Division (RaftServerImpl.java:requestVote(1218)) - 18b389ac-e92e-45af-bb8d-005344dac216@group-6A99B4BC2CFE: receive requestVote(ELECTION, 73d758c7-6b76-4e6e-a3d3-7696fd8c55bd, group-6A99B4BC2CFE, 1, (t:0, i:0))
2022-11-10 07:14:24,394 [73d758c7-6b76-4e6e-a3d3-7696fd8c55bd@group-841363C15B84-LeaderElection8] INFO  server.RaftServer$Division (RaftServerImpl.java:setRole(321)) - 73d758c7-6b76-4e6e-a3d3-7696fd8c55bd@group-841363C15B84: changes role from CANDIDATE to FOLLOWER at term 1 for REJECTED
2022-11-10 07:14:24,394 [grpc-default-executor-1] INFO  impl.VoteContext (VoteContext.java:log(48)) - 18b389ac-e92e-45af-bb8d-005344dac216@group-6A99B4BC2CFE-FOLLOWER: accept ELECTION from 73d758c7-6b76-4e6e-a3d3-7696fd8c55bd: our priority 0 <= candidate's priority 1
2022-11-10 07:14:24,394 [73d758c7-6b76-4e6e-a3d3-7696fd8c55bd@group-841363C15B84-LeaderElection8] INFO  impl.RoleInfo (RoleInfo.java:shutdownLeaderElection(130)) - 73d758c7-6b76-4e6e-a3d3-7696fd8c55bd: shutdown 73d758c7-6b76-4e6e-a3d3-7696fd8c55bd@group-841363C15B84-LeaderElection8
2022-11-10 07:14:24,394 [grpc-default-executor-1] INFO  server.RaftServer$Division (RaftServerImpl.java:setRole(321)) - 18b389ac-e92e-45af-bb8d-005344dac216@group-6A99B4BC2CFE: changes role from  FOLLOWER to FOLLOWER at term 1 for candidate:73d758c7-6b76-4e6e-a3d3-7696fd8c55bd
2022-11-10 07:14:24,394 [73d758c7-6b76-4e6e-a3d3-7696fd8c55bd@group-841363C15B84-LeaderElection8] INFO  impl.RoleInfo (RoleInfo.java:updateAndGet(139)) - 73d758c7-6b76-4e6e-a3d3-7696fd8c55bd: start 73d758c7-6b76-4e6e-a3d3-7696fd8c55bd@group-841363C15B84-FollowerState
2022-11-10 07:14:24,394 [grpc-default-executor-1] INFO  impl.RoleInfo (RoleInfo.java:shutdownFollowerState(110)) - 18b389ac-e92e-45af-bb8d-005344dac216: shutdown 18b389ac-e92e-45af-bb8d-005344dac216@group-6A99B4BC2CFE-FollowerState
2022-11-10 07:14:24,394 [18b389ac-e92e-45af-bb8d-005344dac216@group-6A99B4BC2CFE-FollowerState] INFO  impl.FollowerState (FollowerState.java:run(152)) - 18b389ac-e92e-45af-bb8d-005344dac216@group-6A99B4BC2CFE-FollowerState was interrupted
2022-11-10 07:14:24,394 [18b389ac-e92e-45af-bb8d-005344dac216@group-841363C15B84-LeaderElection9] INFO  impl.LeaderElection (LeaderElection.java:askForVotes(314)) - 18b389ac-e92e-45af-bb8d-005344dac216@group-841363C15B84-LeaderElection9 ELECTION round 0: result REJECTED
2022-11-10 07:14:24,394 [73d758c7-6b76-4e6e-a3d3-7696fd8c55bd@group-841363C15B84-FollowerState] INFO  server.RaftServerConfigKeys (ConfUtils.java:logFallback(53)) - raft.server.rpc.first-election.timeout.min = 5s (fallback to raft.server.rpc.timeout.min)
2022-11-10 07:14:24,394 [73d758c7-6b76-4e6e-a3d3-7696fd8c55bd@group-841363C15B84-FollowerState] INFO  server.RaftServerConfigKeys (ConfUtils.java:logFallback(53)) - raft.server.rpc.first-election.timeout.max = 5200ms (fallback to raft.server.rpc.timeout.max)
2022-11-10 07:14:24,395 [grpc-default-executor-2] INFO  server.RaftServer$Division (RaftServerImpl.java:requestVote(1218)) - b01711c8-04b4-47a5-9bab-72c84cf7bb6a@group-6A99B4BC2CFE: receive requestVote(ELECTION, 73d758c7-6b76-4e6e-a3d3-7696fd8c55bd, group-6A99B4BC2CFE, 1, (t:0, i:0))
2022-11-10 07:14:24,395 [grpc-default-executor-2] INFO  impl.VoteContext (VoteContext.java:log(48)) - b01711c8-04b4-47a5-9bab-72c84cf7bb6a@group-6A99B4BC2CFE-FOLLOWER: accept ELECTION from 73d758c7-6b76-4e6e-a3d3-7696fd8c55bd: our priority 0 <= candidate's priority 1
2022-11-10 07:14:24,394 [18b389ac-e92e-45af-bb8d-005344dac216@group-841363C15B84-LeaderElection9] INFO  server.RaftServer$Division (RaftServerImpl.java:setRole(321)) - 18b389ac-e92e-45af-bb8d-005344dac216@group-841363C15B84: changes role from CANDIDATE to FOLLOWER at term 1 for REJECTED
2022-11-10 07:14:24,395 [18b389ac-e92e-45af-bb8d-005344dac216@group-841363C15B84-LeaderElection9] INFO  impl.RoleInfo (RoleInfo.java:shutdownLeaderElection(130)) - 18b389ac-e92e-45af-bb8d-005344dac216: shutdown 18b389ac-e92e-45af-bb8d-005344dac216@group-841363C15B84-LeaderElection9
2022-11-10 07:14:24,396 [18b389ac-e92e-45af-bb8d-005344dac216@group-841363C15B84-LeaderElection9] INFO  impl.RoleInfo (RoleInfo.java:updateAndGet(139)) - 18b389ac-e92e-45af-bb8d-005344dac216: start 18b389ac-e92e-45af-bb8d-005344dac216@group-841363C15B84-FollowerState
2022-11-10 07:14:24,395 [grpc-default-executor-2] INFO  server.RaftServer$Division (RaftServerImpl.java:setRole(321)) - b01711c8-04b4-47a5-9bab-72c84cf7bb6a@group-6A99B4BC2CFE: changes role from  FOLLOWER to FOLLOWER at term 1 for candidate:73d758c7-6b76-4e6e-a3d3-7696fd8c55bd
2022-11-10 07:14:24,396 [grpc-default-executor-2] INFO  impl.RoleInfo (RoleInfo.java:shutdownFollowerState(110)) - b01711c8-04b4-47a5-9bab-72c84cf7bb6a: shutdown b01711c8-04b4-47a5-9bab-72c84cf7bb6a@group-6A99B4BC2CFE-FollowerState
2022-11-10 07:14:24,396 [b01711c8-04b4-47a5-9bab-72c84cf7bb6a@group-6A99B4BC2CFE-FollowerState] INFO  impl.FollowerState (FollowerState.java:run(152)) - b01711c8-04b4-47a5-9bab-72c84cf7bb6a@group-6A99B4BC2CFE-FollowerState was interrupted
2022-11-10 07:14:24,396 [18b389ac-e92e-45af-bb8d-005344dac216@group-841363C15B84-FollowerState] INFO  server.RaftServerConfigKeys (ConfUtils.java:logFallback(53)) - raft.server.rpc.first-election.timeout.min = 5s (fallback to raft.server.rpc.timeout.min)
2022-11-10 07:14:24,396 [18b389ac-e92e-45af-bb8d-005344dac216@group-841363C15B84-FollowerState] INFO  server.RaftServerConfigKeys (ConfUtils.java:logFallback(53)) - raft.server.rpc.first-election.timeout.max = 5200ms (fallback to raft.server.rpc.timeout.max)
2022-11-10 07:14:24,403 [grpc-default-executor-1] INFO  impl.RoleInfo (RoleInfo.java:updateAndGet(139)) - 18b389ac-e92e-45af-bb8d-005344dac216: start 18b389ac-e92e-45af-bb8d-005344dac216@group-6A99B4BC2CFE-FollowerState
2022-11-10 07:14:24,404 [grpc-default-executor-2] INFO  impl.RoleInfo (RoleInfo.java:updateAndGet(139)) - b01711c8-04b4-47a5-9bab-72c84cf7bb6a: start b01711c8-04b4-47a5-9bab-72c84cf7bb6a@group-6A99B4BC2CFE-FollowerState
2022-11-10 07:14:24,404 [b01711c8-04b4-47a5-9bab-72c84cf7bb6a@group-6A99B4BC2CFE-FollowerState] INFO  server.RaftServerConfigKeys (ConfUtils.java:logFallback(53)) - raft.server.rpc.first-election.timeout.min = 5s (fallback to raft.server.rpc.timeout.min)
2022-11-10 07:14:24,404 [b01711c8-04b4-47a5-9bab-72c84cf7bb6a@group-6A99B4BC2CFE-FollowerState] INFO  server.RaftServerConfigKeys (ConfUtils.java:logFallback(53)) - raft.server.rpc.first-election.timeout.max = 5200ms (fallback to raft.server.rpc.timeout.max)
2022-11-10 07:14:24,405 [grpc-default-executor-1] INFO  server.RaftServer$Division (RaftServerImpl.java:requestVote(1251)) - 18b389ac-e92e-45af-bb8d-005344dac216@group-6A99B4BC2CFE replies to ELECTION vote request: 73d758c7-6b76-4e6e-a3d3-7696fd8c55bd<-18b389ac-e92e-45af-bb8d-005344dac216#0:OK-t1. Peer's state: 18b389ac-e92e-45af-bb8d-005344dac216@group-6A99B4BC2CFE:t1, leader=null, voted=73d758c7-6b76-4e6e-a3d3-7696fd8c55bd, raftlog=Memoized:18b389ac-e92e-45af-bb8d-005344dac216@group-6A99B4BC2CFE-SegmentedRaftLog:OPENED:c-1, conf=-1: peers:[b01711c8-04b4-47a5-9bab-72c84cf7bb6a|rpc:10.1.0.59:44509|dataStream:|priority:0|startupRole:FOLLOWER, 73d758c7-6b76-4e6e-a3d3-7696fd8c55bd|rpc:10.1.0.59:42647|dataStream:|priority:1|startupRole:FOLLOWER, 18b389ac-e92e-45af-bb8d-005344dac216|rpc:10.1.0.59:39897|dataStream:|priority:0|startupRole:FOLLOWER]|listeners:[], old=null
2022-11-10 07:14:24,405 [grpc-default-executor-2] INFO  server.RaftServer$Division (RaftServerImpl.java:requestVote(1251)) - b01711c8-04b4-47a5-9bab-72c84cf7bb6a@group-6A99B4BC2CFE replies to ELECTION vote request: 73d758c7-6b76-4e6e-a3d3-7696fd8c55bd<-b01711c8-04b4-47a5-9bab-72c84cf7bb6a#0:OK-t1. Peer's state: b01711c8-04b4-47a5-9bab-72c84cf7bb6a@group-6A99B4BC2CFE:t1, leader=null, voted=73d758c7-6b76-4e6e-a3d3-7696fd8c55bd, raftlog=Memoized:b01711c8-04b4-47a5-9bab-72c84cf7bb6a@group-6A99B4BC2CFE-SegmentedRaftLog:OPENED:c-1, conf=-1: peers:[b01711c8-04b4-47a5-9bab-72c84cf7bb6a|rpc:10.1.0.59:44509|dataStream:|priority:0|startupRole:FOLLOWER, 73d758c7-6b76-4e6e-a3d3-7696fd8c55bd|rpc:10.1.0.59:42647|dataStream:|priority:1|startupRole:FOLLOWER, 18b389ac-e92e-45af-bb8d-005344dac216|rpc:10.1.0.59:39897|dataStream:|priority:0|startupRole:FOLLOWER]|listeners:[], old=null
2022-11-10 07:14:24,406 [18b389ac-e92e-45af-bb8d-005344dac216@group-6A99B4BC2CFE-FollowerState] INFO  server.RaftServerConfigKeys (ConfUtils.java:logFallback(53)) - raft.server.rpc.first-election.timeout.min = 5s (fallback to raft.server.rpc.timeout.min)
2022-11-10 07:14:24,406 [18b389ac-e92e-45af-bb8d-005344dac216@group-6A99B4BC2CFE-FollowerState] INFO  server.RaftServerConfigKeys (ConfUtils.java:logFallback(53)) - raft.server.rpc.first-election.timeout.max = 5200ms (fallback to raft.server.rpc.timeout.max)
2022-11-10 07:14:24,409 [73d758c7-6b76-4e6e-a3d3-7696fd8c55bd@group-6A99B4BC2CFE-LeaderElection12] INFO  impl.LeaderElection (LeaderElection.java:logAndReturn(90)) - 73d758c7-6b76-4e6e-a3d3-7696fd8c55bd@group-6A99B4BC2CFE-LeaderElection12: ELECTION PASSED received 1 response(s) and 0 exception(s):
2022-11-10 07:14:24,409 [73d758c7-6b76-4e6e-a3d3-7696fd8c55bd@group-6A99B4BC2CFE-LeaderElection12] INFO  impl.LeaderElection (LeaderElection.java:logAndReturn(94)) -   Response 0: 73d758c7-6b76-4e6e-a3d3-7696fd8c55bd<-18b389ac-e92e-45af-bb8d-005344dac216#0:OK-t1
2022-11-10 07:14:24,409 [73d758c7-6b76-4e6e-a3d3-7696fd8c55bd@group-6A99B4BC2CFE-LeaderElection12] INFO  impl.LeaderElection (LeaderElection.java:askForVotes(314)) - 73d758c7-6b76-4e6e-a3d3-7696fd8c55bd@group-6A99B4BC2CFE-LeaderElection12 ELECTION round 0: result PASSED
2022-11-10 07:14:24,410 [73d758c7-6b76-4e6e-a3d3-7696fd8c55bd@group-6A99B4BC2CFE-LeaderElection12] INFO  impl.RoleInfo (RoleInfo.java:shutdownLeaderElection(130)) - 73d758c7-6b76-4e6e-a3d3-7696fd8c55bd: shutdown 73d758c7-6b76-4e6e-a3d3-7696fd8c55bd@group-6A99B4BC2CFE-LeaderElection12
2022-11-10 07:14:24,410 [73d758c7-6b76-4e6e-a3d3-7696fd8c55bd@group-6A99B4BC2CFE-LeaderElection12] INFO  server.RaftServer$Division (RaftServerImpl.java:setRole(321)) - 73d758c7-6b76-4e6e-a3d3-7696fd8c55bd@group-6A99B4BC2CFE: changes role from CANDIDATE to LEADER at term 1 for changeToLeader
2022-11-10 07:14:24,410 [73d758c7-6b76-4e6e-a3d3-7696fd8c55bd@group-6A99B4BC2CFE-LeaderElection12] INFO  ratis.XceiverServerRatis (XceiverServerRatis.java:handleLeaderChangedNotification(863)) - Leader change notification received for group: group-6A99B4BC2CFE with new leaderId: 73d758c7-6b76-4e6e-a3d3-7696fd8c55bd
2022-11-10 07:14:24,410 [73d758c7-6b76-4e6e-a3d3-7696fd8c55bd@group-6A99B4BC2CFE-LeaderElection12] INFO  server.RaftServer$Division (ServerState.java:setLeader(313)) - 73d758c7-6b76-4e6e-a3d3-7696fd8c55bd@group-6A99B4BC2CFE: change Leader from null to 73d758c7-6b76-4e6e-a3d3-7696fd8c55bd at term 1 for becomeLeader, leader elected after 5104ms
2022-11-10 07:14:24,410 [73d758c7-6b76-4e6e-a3d3-7696fd8c55bd@group-6A99B4BC2CFE-LeaderElection12] INFO  server.RaftServerConfigKeys (ConfUtils.java:logGet(46)) - raft.server.staging.catchup.gap = 1000 (default)
2022-11-10 07:14:24,410 [73d758c7-6b76-4e6e-a3d3-7696fd8c55bd@group-6A99B4BC2CFE-LeaderElection12] INFO  server.RaftServerConfigKeys (ConfUtils.java:logGet(46)) - raft.server.write.element-limit = 1024 (custom)
2022-11-10 07:14:24,410 [73d758c7-6b76-4e6e-a3d3-7696fd8c55bd@group-6A99B4BC2CFE-LeaderElection12] INFO  server.RaftServerConfigKeys (ConfUtils.java:logGet(46)) - raft.server.write.byte-limit = 1024 M (=1073741824) (custom)
2022-11-10 07:14:24,410 [73d758c7-6b76-4e6e-a3d3-7696fd8c55bd@group-6A99B4BC2CFE-LeaderElection12] INFO  server.RaftServerConfigKeys (ConfUtils.java:logGet(46)) - raft.server.watch.timeout = 180s (custom)
2022-11-10 07:14:24,410 [73d758c7-6b76-4e6e-a3d3-7696fd8c55bd@group-6A99B4BC2CFE-LeaderElection12] INFO  server.RaftServerConfigKeys (ConfUtils.java:logGet(46)) - raft.server.watch.timeout.denomination = 1s (default)
2022-11-10 07:14:24,410 [73d758c7-6b76-4e6e-a3d3-7696fd8c55bd@group-6A99B4BC2CFE-LeaderElection12] INFO  server.RaftServerConfigKeys (ConfUtils.java:logGet(46)) - raft.server.watch.element-limit = 65536 (default)
2022-11-10 07:14:24,411 [73d758c7-6b76-4e6e-a3d3-7696fd8c55bd@group-6A99B4BC2CFE-LeaderElection12] INFO  server.RaftServerConfigKeys (ConfUtils.java:logGet(46)) - raft.server.write.element-limit = 1024 (custom)
2022-11-10 07:14:24,411 [73d758c7-6b76-4e6e-a3d3-7696fd8c55bd@group-6A99B4BC2CFE-LeaderElection12] INFO  server.RaftServerConfigKeys (ConfUtils.java:logGet(46)) - raft.server.write.follower.gap.ratio.max = -1.0 (default)
2022-11-10 07:14:24,415 [EventQueue-PipelineReportForPipelineReportHandler] INFO  pipeline.PipelineManagerImpl (PipelineManagerImpl.java:openPipeline(367)) - Pipeline Pipeline[ Id: e89328de-3269-403f-928c-6a99b4bc2cfe, Nodes: 73d758c7-6b76-4e6e-a3d3-7696fd8c55bd{ip: 10.1.0.59, host: fv-az435-205.hcxxyugg5vdudo0mn2smve0l3g.cx.internal.cloudapp.net, ports: [REPLICATION=33257, RATIS=42647, RATIS_ADMIN=42647, RATIS_SERVER=42647, STANDALONE=41571], networkLocation: /default-rack, certSerialId: null, persistedOpState: IN_SERVICE, persistedOpStateExpiryEpochSec: 0}b01711c8-04b4-47a5-9bab-72c84cf7bb6a{ip: 10.1.0.59, host: fv-az435-205.hcxxyugg5vdudo0mn2smve0l3g.cx.internal.cloudapp.net, ports: [REPLICATION=45567, RATIS=44509, RATIS_ADMIN=44509, RATIS_SERVER=44509, STANDALONE=36519], networkLocation: /default-rack, certSerialId: null, persistedOpState: IN_SERVICE, persistedOpStateExpiryEpochSec: 0}18b389ac-e92e-45af-bb8d-005344dac216{ip: 10.1.0.59, host: fv-az435-205.hcxxyugg5vdudo0mn2smve0l3g.cx.internal.cloudapp.net, ports: [REPLICATION=36081, RATIS=39897, RATIS_ADMIN=39897, RATIS_SERVER=39897, STANDALONE=41939], networkLocation: /default-rack, certSerialId: null, persistedOpState: IN_SERVICE, persistedOpStateExpiryEpochSec: 0}, ReplicationConfig: RATIS/THREE, State:ALLOCATED, leaderId:73d758c7-6b76-4e6e-a3d3-7696fd8c55bd, CreationTimestamp2022-11-10T07:14:16.848Z[Etc/UTC]] moved to OPEN state
2022-11-10 07:14:24,417 [EventQueue-OpenPipelineForHealthyPipelineSafeModeRule] INFO  safemode.SCMSafeModeManager (HealthyPipelineSafeModeRule.java:process(137)) - SCM in safe mode. Healthy pipelines reported count is 1, required healthy pipeline reported count is 1
2022-11-10 07:14:24,417 [EventQueue-OpenPipelineForHealthyPipelineSafeModeRule] INFO  safemode.SCMSafeModeManager (SCMSafeModeManager.java:validateSafeModeExitRules(204)) - HealthyPipelineSafeModeRule rule is successfully validated
2022-11-10 07:14:24,417 [EventQueue-OpenPipelineForHealthyPipelineSafeModeRule] INFO  safemode.SCMSafeModeManager (SCMSafeModeManager.java:validateSafeModeExitRules(219)) - ScmSafeModeManager, all rules are successfully validated
2022-11-10 07:14:24,417 [EventQueue-OpenPipelineForHealthyPipelineSafeModeRule] INFO  safemode.SCMSafeModeManager (SCMSafeModeManager.java:exitSafeMode(248)) - SCM exiting safe mode.
2022-11-10 07:14:24,417 [EventQueue-OpenPipelineForHealthyPipelineSafeModeRule] WARN  events.EventQueue (EventQueue.java:fireEvent(216)) - No event handler registered for event TypedEvent{payloadType=SafeModeStatus, name='Safe mode status'}
2022-11-10 07:14:24,417 [EventQueue-OpenPipelineForHealthyPipelineSafeModeRule] INFO  ha.SCMContext (SCMContext.java:updateSafeModeStatus(228)) - Update SafeModeStatus from SafeModeStatus{safeModeStatus=true, preCheckPassed=true} to SafeModeStatus{safeModeStatus=false, preCheckPassed=true}.
2022-11-10 07:14:24,418 [EventQueue-OpenPipelineForHealthyPipelineSafeModeRule] INFO  pipeline.BackgroundPipelineCreator (BackgroundPipelineCreator.java:notifyStatusChanged(254)) - Service BackgroundPipelineCreator transitions to RUNNING.
2022-11-10 07:14:24,418 [EventQueue-OpenPipelineForHealthyPipelineSafeModeRule] INFO  BackgroundPipelineScrubber (BackgroundSCMService.java:notifyStatusChanged(82)) - Service BackgroundPipelineScrubber transitions to RUNNING.
2022-11-10 07:14:24,418 [EventQueue-OpenPipelineForHealthyPipelineSafeModeRule] INFO  ExpiredContainerReplicaOpScrubber (BackgroundSCMService.java:notifyStatusChanged(82)) - Service ExpiredContainerReplicaOpScrubber transitions to RUNNING.
2022-11-10 07:14:24,418 [EventQueue-OpenPipelineForHealthyPipelineSafeModeRule] INFO  replication.ReplicationManager (ReplicationManager.java:notifyStatusChanged(799)) - Service ReplicationManager transitions to RUNNING.
2022-11-10 07:14:24,426 [EventQueue-OpenPipelineForHealthyPipelineSafeModeRule] WARN  balancer.ContainerBalancer (ContainerBalancer.java:shouldRun(131)) - Could not find persisted configuration for ContainerBalancer when checking if ContainerBalancer should run. ContainerBalancer should not run now.
2022-11-10 07:14:24,428 [grpc-default-executor-2] INFO  server.RaftServer$Division (RaftServerImpl.java:requestVote(1218)) - 18b389ac-e92e-45af-bb8d-005344dac216@group-841363C15B84: receive requestVote(ELECTION, b01711c8-04b4-47a5-9bab-72c84cf7bb6a, group-841363C15B84, 1, (t:0, i:0))
2022-11-10 07:14:24,428 [grpc-default-executor-2] INFO  impl.VoteContext (VoteContext.java:log(48)) - 18b389ac-e92e-45af-bb8d-005344dac216@group-841363C15B84-FOLLOWER: reject ELECTION from b01711c8-04b4-47a5-9bab-72c84cf7bb6a: already has voted for 18b389ac-e92e-45af-bb8d-005344dac216 at current term 1
2022-11-10 07:14:24,428 [grpc-default-executor-2] INFO  server.RaftServer$Division (RaftServerImpl.java:requestVote(1251)) - 18b389ac-e92e-45af-bb8d-005344dac216@group-841363C15B84 replies to ELECTION vote request: b01711c8-04b4-47a5-9bab-72c84cf7bb6a<-18b389ac-e92e-45af-bb8d-005344dac216#0:FAIL-t1. Peer's state: 18b389ac-e92e-45af-bb8d-005344dac216@group-841363C15B84:t1, leader=null, voted=18b389ac-e92e-45af-bb8d-005344dac216, raftlog=Memoized:18b389ac-e92e-45af-bb8d-005344dac216@group-841363C15B84-SegmentedRaftLog:OPENED:c-1, conf=-1: peers:[b01711c8-04b4-47a5-9bab-72c84cf7bb6a|rpc:10.1.0.59:44509|dataStream:|priority:1|startupRole:FOLLOWER, 73d758c7-6b76-4e6e-a3d3-7696fd8c55bd|rpc:10.1.0.59:42647|dataStream:|priority:0|startupRole:FOLLOWER, 18b389ac-e92e-45af-bb8d-005344dac216|rpc:10.1.0.59:39897|dataStream:|priority:0|startupRole:FOLLOWER]|listeners:[], old=null
2022-11-10 07:14:24,428 [grpc-default-executor-1] INFO  server.RaftServer$Division (RaftServerImpl.java:requestVote(1218)) - 73d758c7-6b76-4e6e-a3d3-7696fd8c55bd@group-841363C15B84: receive requestVote(ELECTION, b01711c8-04b4-47a5-9bab-72c84cf7bb6a, group-841363C15B84, 1, (t:0, i:0))
2022-11-10 07:14:24,428 [grpc-default-executor-1] INFO  impl.VoteContext (VoteContext.java:log(48)) - 73d758c7-6b76-4e6e-a3d3-7696fd8c55bd@group-841363C15B84-FOLLOWER: reject ELECTION from b01711c8-04b4-47a5-9bab-72c84cf7bb6a: already has voted for 73d758c7-6b76-4e6e-a3d3-7696fd8c55bd at current term 1
2022-11-10 07:14:24,428 [grpc-default-executor-1] INFO  server.RaftServer$Division (RaftServerImpl.java:requestVote(1251)) - 73d758c7-6b76-4e6e-a3d3-7696fd8c55bd@group-841363C15B84 replies to ELECTION vote request: b01711c8-04b4-47a5-9bab-72c84cf7bb6a<-73d758c7-6b76-4e6e-a3d3-7696fd8c55bd#0:FAIL-t1. Peer's state: 73d758c7-6b76-4e6e-a3d3-7696fd8c55bd@group-841363C15B84:t1, leader=null, voted=73d758c7-6b76-4e6e-a3d3-7696fd8c55bd, raftlog=Memoized:73d758c7-6b76-4e6e-a3d3-7696fd8c55bd@group-841363C15B84-SegmentedRaftLog:OPENED:c-1, conf=-1: peers:[b01711c8-04b4-47a5-9bab-72c84cf7bb6a|rpc:10.1.0.59:44509|priority:1|startupRole:FOLLOWER, 73d758c7-6b76-4e6e-a3d3-7696fd8c55bd|rpc:10.1.0.59:42647|priority:0|startupRole:FOLLOWER, 18b389ac-e92e-45af-bb8d-005344dac216|rpc:10.1.0.59:39897|priority:0|startupRole:FOLLOWER]|listeners:[], old=null
2022-11-10 07:14:24,429 [73d758c7-6b76-4e6e-a3d3-7696fd8c55bd@group-6A99B4BC2CFE-LeaderElection12] INFO  server.RaftServerConfigKeys (ConfUtils.java:logGet(46)) - raft.server.log.appender.snapshot.chunk.size.max = 16MB (=16777216) (default)
2022-11-10 07:14:24,430 [73d758c7-6b76-4e6e-a3d3-7696fd8c55bd@group-6A99B4BC2CFE-LeaderElection12] INFO  server.RaftServerConfigKeys (ConfUtils.java:logGet(46)) - raft.server.log.appender.buffer.byte-limit = 33554432 (custom)
2022-11-10 07:14:24,430 [73d758c7-6b76-4e6e-a3d3-7696fd8c55bd@group-6A99B4BC2CFE-LeaderElection12] INFO  server.RaftServerConfigKeys (ConfUtils.java:logGet(46)) - raft.server.log.appender.buffer.element-limit = 1 (custom)
2022-11-10 07:14:24,433 [b01711c8-04b4-47a5-9bab-72c84cf7bb6a@group-841363C15B84-LeaderElection11] INFO  impl.LeaderElection (LeaderElection.java:logAndReturn(90)) - b01711c8-04b4-47a5-9bab-72c84cf7bb6a@group-841363C15B84-LeaderElection11: ELECTION REJECTED received 2 response(s) and 0 exception(s):
2022-11-10 07:14:24,433 [b01711c8-04b4-47a5-9bab-72c84cf7bb6a@group-841363C15B84-LeaderElection11] INFO  impl.LeaderElection (LeaderElection.java:logAndReturn(94)) -   Response 0: b01711c8-04b4-47a5-9bab-72c84cf7bb6a<-73d758c7-6b76-4e6e-a3d3-7696fd8c55bd#0:FAIL-t1
2022-11-10 07:14:24,433 [b01711c8-04b4-47a5-9bab-72c84cf7bb6a@group-841363C15B84-LeaderElection11] INFO  impl.LeaderElection (LeaderElection.java:logAndReturn(94)) -   Response 1: b01711c8-04b4-47a5-9bab-72c84cf7bb6a<-18b389ac-e92e-45af-bb8d-005344dac216#0:FAIL-t1
2022-11-10 07:14:24,433 [b01711c8-04b4-47a5-9bab-72c84cf7bb6a@group-841363C15B84-LeaderElection11] INFO  impl.LeaderElection (LeaderElection.java:askForVotes(314)) - b01711c8-04b4-47a5-9bab-72c84cf7bb6a@group-841363C15B84-LeaderElection11 ELECTION round 0: result REJECTED
2022-11-10 07:14:24,433 [b01711c8-04b4-47a5-9bab-72c84cf7bb6a@group-841363C15B84-LeaderElection11] INFO  server.RaftServer$Division (RaftServerImpl.java:setRole(321)) - b01711c8-04b4-47a5-9bab-72c84cf7bb6a@group-841363C15B84: changes role from CANDIDATE to FOLLOWER at term 1 for REJECTED
2022-11-10 07:14:24,433 [b01711c8-04b4-47a5-9bab-72c84cf7bb6a@group-841363C15B84-LeaderElection11] INFO  impl.RoleInfo (RoleInfo.java:shutdownLeaderElection(130)) - b01711c8-04b4-47a5-9bab-72c84cf7bb6a: shutdown b01711c8-04b4-47a5-9bab-72c84cf7bb6a@group-841363C15B84-LeaderElection11
2022-11-10 07:14:24,433 [b01711c8-04b4-47a5-9bab-72c84cf7bb6a@group-841363C15B84-LeaderElection11] INFO  impl.RoleInfo (RoleInfo.java:updateAndGet(139)) - b01711c8-04b4-47a5-9bab-72c84cf7bb6a: start b01711c8-04b4-47a5-9bab-72c84cf7bb6a@group-841363C15B84-FollowerState
2022-11-10 07:14:24,433 [b01711c8-04b4-47a5-9bab-72c84cf7bb6a@group-841363C15B84-FollowerState] INFO  server.RaftServerConfigKeys (ConfUtils.java:logFallback(53)) - raft.server.rpc.first-election.timeout.min = 5s (fallback to raft.server.rpc.timeout.min)
2022-11-10 07:14:24,434 [b01711c8-04b4-47a5-9bab-72c84cf7bb6a@group-841363C15B84-FollowerState] INFO  server.RaftServerConfigKeys (ConfUtils.java:logFallback(53)) - raft.server.rpc.first-election.timeout.max = 5200ms (fallback to raft.server.rpc.timeout.max)
2022-11-10 07:14:24,436 [73d758c7-6b76-4e6e-a3d3-7696fd8c55bd@group-6A99B4BC2CFE-LeaderElection12] INFO  grpc.GrpcConfigKeys (ConfUtils.java:logGet(46)) - raft.grpc.server.leader.outstanding.appends.max = 128 (default)
2022-11-10 07:14:24,436 [73d758c7-6b76-4e6e-a3d3-7696fd8c55bd@group-6A99B4BC2CFE-LeaderElection12] INFO  server.RaftServerConfigKeys (ConfUtils.java:logGet(46)) - raft.server.rpc.request.timeout = 60s (custom)
2022-11-10 07:14:24,436 [73d758c7-6b76-4e6e-a3d3-7696fd8c55bd@group-6A99B4BC2CFE-LeaderElection12] INFO  server.RaftServerConfigKeys (ConfUtils.java:logGet(46)) - raft.server.log.appender.install.snapshot.enabled = false (custom)
2022-11-10 07:14:24,437 [73d758c7-6b76-4e6e-a3d3-7696fd8c55bd@group-6A99B4BC2CFE-LeaderElection12] INFO  grpc.GrpcConfigKeys (ConfUtils.java:logGet(46)) - raft.grpc.server.heartbeat.channel = true (default)
2022-11-10 07:14:24,437 [73d758c7-6b76-4e6e-a3d3-7696fd8c55bd@group-6A99B4BC2CFE-LeaderElection12] INFO  server.RaftServerConfigKeys (ConfUtils.java:logGet(46)) - raft.server.log.appender.wait-time.min = 10ms (default)
2022-11-10 07:14:24,438 [73d758c7-6b76-4e6e-a3d3-7696fd8c55bd@group-6A99B4BC2CFE-LeaderElection12] INFO  server.RaftServerConfigKeys (ConfUtils.java:logGet(46)) - raft.server.log.appender.snapshot.chunk.size.max = 16MB (=16777216) (default)
2022-11-10 07:14:24,438 [73d758c7-6b76-4e6e-a3d3-7696fd8c55bd@group-6A99B4BC2CFE-LeaderElection12] INFO  server.RaftServerConfigKeys (ConfUtils.java:logGet(46)) - raft.server.log.appender.buffer.byte-limit = 33554432 (custom)
2022-11-10 07:14:24,439 [73d758c7-6b76-4e6e-a3d3-7696fd8c55bd@group-6A99B4BC2CFE-LeaderElection12] INFO  server.RaftServerConfigKeys (ConfUtils.java:logGet(46)) - raft.server.log.appender.buffer.element-limit = 1 (custom)
2022-11-10 07:14:24,439 [73d758c7-6b76-4e6e-a3d3-7696fd8c55bd@group-6A99B4BC2CFE-LeaderElection12] INFO  grpc.GrpcConfigKeys (ConfUtils.java:logGet(46)) - raft.grpc.server.leader.outstanding.appends.max = 128 (default)
2022-11-10 07:14:24,439 [73d758c7-6b76-4e6e-a3d3-7696fd8c55bd@group-6A99B4BC2CFE-LeaderElection12] INFO  server.RaftServerConfigKeys (ConfUtils.java:logGet(46)) - raft.server.rpc.request.timeout = 60s (custom)
2022-11-10 07:14:24,439 [73d758c7-6b76-4e6e-a3d3-7696fd8c55bd@group-6A99B4BC2CFE-LeaderElection12] INFO  server.RaftServerConfigKeys (ConfUtils.java:logGet(46)) - raft.server.log.appender.install.snapshot.enabled = false (custom)
2022-11-10 07:14:24,439 [73d758c7-6b76-4e6e-a3d3-7696fd8c55bd@group-6A99B4BC2CFE-LeaderElection12] INFO  grpc.GrpcConfigKeys (ConfUtils.java:logGet(46)) - raft.grpc.server.heartbeat.channel = true (default)
2022-11-10 07:14:24,439 [73d758c7-6b76-4e6e-a3d3-7696fd8c55bd@group-6A99B4BC2CFE-LeaderElection12] INFO  server.RaftServerConfigKeys (ConfUtils.java:logGet(46)) - raft.server.log.appender.wait-time.min = 10ms (default)
2022-11-10 07:14:24,441 [73d758c7-6b76-4e6e-a3d3-7696fd8c55bd@group-6A99B4BC2CFE-LeaderElection12] INFO  impl.RoleInfo (RoleInfo.java:updateAndGet(139)) - 73d758c7-6b76-4e6e-a3d3-7696fd8c55bd: start 73d758c7-6b76-4e6e-a3d3-7696fd8c55bd@group-6A99B4BC2CFE-LeaderStateImpl
2022-11-10 07:14:24,441 [73d758c7-6b76-4e6e-a3d3-7696fd8c55bd@group-6A99B4BC2CFE-LeaderElection12] INFO  segmented.SegmentedRaftLogWorker (SegmentedRaftLogWorker.java:startLogSegment(452)) - 73d758c7-6b76-4e6e-a3d3-7696fd8c55bd@group-6A99B4BC2CFE-SegmentedRaftLogWorker: Starting segment from index:0
2022-11-10 07:14:24,443 [73d758c7-6b76-4e6e-a3d3-7696fd8c55bd@group-6A99B4BC2CFE-SegmentedRaftLogWorker] INFO  segmented.SegmentedRaftLogWorker (SegmentedRaftLogWorker.java:execute(656)) - 73d758c7-6b76-4e6e-a3d3-7696fd8c55bd@group-6A99B4BC2CFE-SegmentedRaftLogWorker: created new log segment /home/runner/work/ozone/ozone/hadoop-ozone/integration-test/target/test-dir/MiniOzoneClusterImpl-d14c70f5-e14b-41c6-a13f-e3ca6c51505f/datanode-3/data/ratis/e89328de-3269-403f-928c-6a99b4bc2cfe/current/log_inprogress_0
2022-11-10 07:14:24,451 [73d758c7-6b76-4e6e-a3d3-7696fd8c55bd@group-6A99B4BC2CFE-LeaderElection12] INFO  server.RaftServer$Division (ServerState.java:setRaftConf(430)) - 73d758c7-6b76-4e6e-a3d3-7696fd8c55bd@group-6A99B4BC2CFE: set configuration 0: peers:[b01711c8-04b4-47a5-9bab-72c84cf7bb6a|rpc:10.1.0.59:44509|dataStream:|priority:0|startupRole:FOLLOWER, 73d758c7-6b76-4e6e-a3d3-7696fd8c55bd|rpc:10.1.0.59:42647|dataStream:|priority:1|startupRole:FOLLOWER, 18b389ac-e92e-45af-bb8d-005344dac216|rpc:10.1.0.59:39897|dataStream:|priority:0|startupRole:FOLLOWER]|listeners:[], old=null
2022-11-10 07:14:24,483 [18b389ac-e92e-45af-bb8d-005344dac216-server-thread1] INFO  ratis.XceiverServerRatis (XceiverServerRatis.java:handleLeaderChangedNotification(863)) - Leader change notification received for group: group-6A99B4BC2CFE with new leaderId: 73d758c7-6b76-4e6e-a3d3-7696fd8c55bd
2022-11-10 07:14:24,483 [18b389ac-e92e-45af-bb8d-005344dac216-server-thread1] INFO  server.RaftServer$Division (ServerState.java:setLeader(313)) - 18b389ac-e92e-45af-bb8d-005344dac216@group-6A99B4BC2CFE: change Leader from null to 73d758c7-6b76-4e6e-a3d3-7696fd8c55bd at term 1 for appendEntries, leader elected after 5098ms
2022-11-10 07:14:24,489 [b01711c8-04b4-47a5-9bab-72c84cf7bb6a-server-thread1] INFO  ratis.XceiverServerRatis (XceiverServerRatis.java:handleLeaderChangedNotification(863)) - Leader change notification received for group: group-6A99B4BC2CFE with new leaderId: 73d758c7-6b76-4e6e-a3d3-7696fd8c55bd
2022-11-10 07:14:24,489 [b01711c8-04b4-47a5-9bab-72c84cf7bb6a-server-thread1] INFO  server.RaftServer$Division (ServerState.java:setLeader(313)) - b01711c8-04b4-47a5-9bab-72c84cf7bb6a@group-6A99B4BC2CFE: change Leader from null to 73d758c7-6b76-4e6e-a3d3-7696fd8c55bd at term 1 for appendEntries, leader elected after 5155ms
2022-11-10 07:14:24,518 [18b389ac-e92e-45af-bb8d-005344dac216-server-thread1] INFO  server.RaftServer$Division (ServerState.java:setRaftConf(430)) - 18b389ac-e92e-45af-bb8d-005344dac216@group-6A99B4BC2CFE: set configuration 0: peers:[b01711c8-04b4-47a5-9bab-72c84cf7bb6a|rpc:10.1.0.59:44509|dataStream:|priority:0|startupRole:FOLLOWER, 73d758c7-6b76-4e6e-a3d3-7696fd8c55bd|rpc:10.1.0.59:42647|dataStream:|priority:1|startupRole:FOLLOWER, 18b389ac-e92e-45af-bb8d-005344dac216|rpc:10.1.0.59:39897|dataStream:|priority:0|startupRole:FOLLOWER]|listeners:[], old=null
2022-11-10 07:14:24,519 [18b389ac-e92e-45af-bb8d-005344dac216-server-thread1] INFO  segmented.SegmentedRaftLogWorker (SegmentedRaftLogWorker.java:startLogSegment(452)) - 18b389ac-e92e-45af-bb8d-005344dac216@group-6A99B4BC2CFE-SegmentedRaftLogWorker: Starting segment from index:0
2022-11-10 07:14:24,520 [b01711c8-04b4-47a5-9bab-72c84cf7bb6a-server-thread1] INFO  server.RaftServer$Division (ServerState.java:setRaftConf(430)) - b01711c8-04b4-47a5-9bab-72c84cf7bb6a@group-6A99B4BC2CFE: set configuration 0: peers:[b01711c8-04b4-47a5-9bab-72c84cf7bb6a|rpc:10.1.0.59:44509|dataStream:|priority:0|startupRole:FOLLOWER, 73d758c7-6b76-4e6e-a3d3-7696fd8c55bd|rpc:10.1.0.59:42647|dataStream:|priority:1|startupRole:FOLLOWER, 18b389ac-e92e-45af-bb8d-005344dac216|rpc:10.1.0.59:39897|dataStream:|priority:0|startupRole:FOLLOWER]|listeners:[], old=null
2022-11-10 07:14:24,521 [18b389ac-e92e-45af-bb8d-005344dac216@group-6A99B4BC2CFE-SegmentedRaftLogWorker] INFO  segmented.SegmentedRaftLogWorker (SegmentedRaftLogWorker.java:execute(656)) - 18b389ac-e92e-45af-bb8d-005344dac216@group-6A99B4BC2CFE-SegmentedRaftLogWorker: created new log segment /home/runner/work/ozone/ozone/hadoop-ozone/integration-test/target/test-dir/MiniOzoneClusterImpl-d14c70f5-e14b-41c6-a13f-e3ca6c51505f/datanode-5/data/ratis/e89328de-3269-403f-928c-6a99b4bc2cfe/current/log_inprogress_0
2022-11-10 07:14:24,522 [b01711c8-04b4-47a5-9bab-72c84cf7bb6a-server-thread1] INFO  segmented.SegmentedRaftLogWorker (SegmentedRaftLogWorker.java:startLogSegment(452)) - b01711c8-04b4-47a5-9bab-72c84cf7bb6a@group-6A99B4BC2CFE-SegmentedRaftLogWorker: Starting segment from index:0
2022-11-10 07:14:24,524 [b01711c8-04b4-47a5-9bab-72c84cf7bb6a@group-6A99B4BC2CFE-SegmentedRaftLogWorker] INFO  segmented.SegmentedRaftLogWorker (SegmentedRaftLogWorker.java:execute(656)) - b01711c8-04b4-47a5-9bab-72c84cf7bb6a@group-6A99B4BC2CFE-SegmentedRaftLogWorker: created new log segment /home/runner/work/ozone/ozone/hadoop-ozone/integration-test/target/test-dir/MiniOzoneClusterImpl-d14c70f5-e14b-41c6-a13f-e3ca6c51505f/datanode-4/data/ratis/e89328de-3269-403f-928c-6a99b4bc2cfe/current/log_inprogress_0
2022-11-10 07:14:24,680 [b01711c8-04b4-47a5-9bab-72c84cf7bb6a@group-B7D1079710A0-FollowerState] INFO  impl.FollowerState (FollowerState.java:run(143)) - b01711c8-04b4-47a5-9bab-72c84cf7bb6a@group-B7D1079710A0-FollowerState: change to CANDIDATE, lastRpcElapsedTime:5178659908ns, electionTimeout:5172ms
2022-11-10 07:14:24,680 [b01711c8-04b4-47a5-9bab-72c84cf7bb6a@group-B7D1079710A0-FollowerState] INFO  impl.RoleInfo (RoleInfo.java:shutdownFollowerState(110)) - b01711c8-04b4-47a5-9bab-72c84cf7bb6a: shutdown b01711c8-04b4-47a5-9bab-72c84cf7bb6a@group-B7D1079710A0-FollowerState
2022-11-10 07:14:24,680 [b01711c8-04b4-47a5-9bab-72c84cf7bb6a@group-B7D1079710A0-FollowerState] INFO  server.RaftServer$Division (RaftServerImpl.java:setRole(321)) - b01711c8-04b4-47a5-9bab-72c84cf7bb6a@group-B7D1079710A0: changes role from  FOLLOWER to CANDIDATE at term 0 for changeToCandidate
2022-11-10 07:14:24,680 [b01711c8-04b4-47a5-9bab-72c84cf7bb6a@group-B7D1079710A0-FollowerState] INFO  server.RaftServerConfigKeys (ConfUtils.java:logGet(46)) - raft.server.leaderelection.pre-vote = false (custom)
2022-11-10 07:14:24,680 [b01711c8-04b4-47a5-9bab-72c84cf7bb6a@group-B7D1079710A0-FollowerState] INFO  impl.RoleInfo (RoleInfo.java:updateAndGet(139)) - b01711c8-04b4-47a5-9bab-72c84cf7bb6a: start b01711c8-04b4-47a5-9bab-72c84cf7bb6a@group-B7D1079710A0-LeaderElection13
2022-11-10 07:14:24,684 [b01711c8-04b4-47a5-9bab-72c84cf7bb6a@group-B7D1079710A0-LeaderElection13] INFO  impl.LeaderElection (LeaderElection.java:askForVotes(312)) - b01711c8-04b4-47a5-9bab-72c84cf7bb6a@group-B7D1079710A0-LeaderElection13 ELECTION round 0: submit vote requests at term 1 for -1: peers:[b01711c8-04b4-47a5-9bab-72c84cf7bb6a|rpc:10.1.0.59:44509|priority:1|startupRole:FOLLOWER]|listeners:[], old=null
2022-11-10 07:14:24,684 [b01711c8-04b4-47a5-9bab-72c84cf7bb6a@group-B7D1079710A0-LeaderElection13] INFO  impl.LeaderElection (LeaderElection.java:askForVotes(314)) - b01711c8-04b4-47a5-9bab-72c84cf7bb6a@group-B7D1079710A0-LeaderElection13 ELECTION round 0: result PASSED (term=1)
2022-11-10 07:14:24,684 [b01711c8-04b4-47a5-9bab-72c84cf7bb6a@group-B7D1079710A0-LeaderElection13] INFO  impl.RoleInfo (RoleInfo.java:shutdownLeaderElection(130)) - b01711c8-04b4-47a5-9bab-72c84cf7bb6a: shutdown b01711c8-04b4-47a5-9bab-72c84cf7bb6a@group-B7D1079710A0-LeaderElection13
2022-11-10 07:14:24,684 [b01711c8-04b4-47a5-9bab-72c84cf7bb6a@group-B7D1079710A0-LeaderElection13] INFO  server.RaftServer$Division (RaftServerImpl.java:setRole(321)) - b01711c8-04b4-47a5-9bab-72c84cf7bb6a@group-B7D1079710A0: changes role from CANDIDATE to LEADER at term 1 for changeToLeader
2022-11-10 07:14:24,684 [b01711c8-04b4-47a5-9bab-72c84cf7bb6a@group-B7D1079710A0-LeaderElection13] INFO  ratis.XceiverServerRatis (XceiverServerRatis.java:handleLeaderChangedNotification(863)) - Leader change notification received for group: group-B7D1079710A0 with new leaderId: b01711c8-04b4-47a5-9bab-72c84cf7bb6a
2022-11-10 07:14:24,684 [b01711c8-04b4-47a5-9bab-72c84cf7bb6a@group-B7D1079710A0-LeaderElection13] INFO  server.RaftServer$Division (ServerState.java:setLeader(313)) - b01711c8-04b4-47a5-9bab-72c84cf7bb6a@group-B7D1079710A0: change Leader from null to b01711c8-04b4-47a5-9bab-72c84cf7bb6a at term 1 for becomeLeader, leader elected after 5196ms
2022-11-10 07:14:24,684 [b01711c8-04b4-47a5-9bab-72c84cf7bb6a@group-B7D1079710A0-LeaderElection13] INFO  server.RaftServerConfigKeys (ConfUtils.java:logGet(46)) - raft.server.staging.catchup.gap = 1000 (default)
2022-11-10 07:14:24,685 [b01711c8-04b4-47a5-9bab-72c84cf7bb6a@group-B7D1079710A0-LeaderElection13] INFO  server.RaftServerConfigKeys (ConfUtils.java:logGet(46)) - raft.server.write.element-limit = 1024 (custom)
2022-11-10 07:14:24,685 [b01711c8-04b4-47a5-9bab-72c84cf7bb6a@group-B7D1079710A0-LeaderElection13] INFO  server.RaftServerConfigKeys (ConfUtils.java:logGet(46)) - raft.server.write.byte-limit = 1024 M (=1073741824) (custom)
2022-11-10 07:14:24,686 [b01711c8-04b4-47a5-9bab-72c84cf7bb6a@group-B7D1079710A0-LeaderElection13] INFO  server.RaftServerConfigKeys (ConfUtils.java:logGet(46)) - raft.server.watch.timeout = 180s (custom)
2022-11-10 07:14:24,686 [b01711c8-04b4-47a5-9bab-72c84cf7bb6a@group-B7D1079710A0-LeaderElection13] INFO  server.RaftServerConfigKeys (ConfUtils.java:logGet(46)) - raft.server.watch.timeout.denomination = 1s (default)
2022-11-10 07:14:24,687 [b01711c8-04b4-47a5-9bab-72c84cf7bb6a@group-B7D1079710A0-LeaderElection13] INFO  server.RaftServerConfigKeys (ConfUtils.java:logGet(46)) - raft.server.watch.element-limit = 65536 (default)
2022-11-10 07:14:24,687 [b01711c8-04b4-47a5-9bab-72c84cf7bb6a@group-B7D1079710A0-LeaderElection13] INFO  server.RaftServerConfigKeys (ConfUtils.java:logGet(46)) - raft.server.write.element-limit = 1024 (custom)
2022-11-10 07:14:24,687 [b01711c8-04b4-47a5-9bab-72c84cf7bb6a@group-B7D1079710A0-LeaderElection13] INFO  server.RaftServerConfigKeys (ConfUtils.java:logGet(46)) - raft.server.write.follower.gap.ratio.max = -1.0 (default)
2022-11-10 07:14:24,687 [b01711c8-04b4-47a5-9bab-72c84cf7bb6a@group-B7D1079710A0-LeaderElection13] INFO  impl.RoleInfo (RoleInfo.java:updateAndGet(139)) - b01711c8-04b4-47a5-9bab-72c84cf7bb6a: start b01711c8-04b4-47a5-9bab-72c84cf7bb6a@group-B7D1079710A0-LeaderStateImpl
2022-11-10 07:14:24,687 [b01711c8-04b4-47a5-9bab-72c84cf7bb6a@group-B7D1079710A0-LeaderElection13] INFO  segmented.SegmentedRaftLogWorker (SegmentedRaftLogWorker.java:startLogSegment(452)) - b01711c8-04b4-47a5-9bab-72c84cf7bb6a@group-B7D1079710A0-SegmentedRaftLogWorker: Starting segment from index:0
2022-11-10 07:14:24,693 [b01711c8-04b4-47a5-9bab-72c84cf7bb6a@group-B7D1079710A0-LeaderElection13] INFO  server.RaftServer$Division (ServerState.java:setRaftConf(430)) - b01711c8-04b4-47a5-9bab-72c84cf7bb6a@group-B7D1079710A0: set configuration 0: peers:[b01711c8-04b4-47a5-9bab-72c84cf7bb6a|rpc:10.1.0.59:44509|dataStream:|priority:1|startupRole:FOLLOWER]|listeners:[], old=null
2022-11-10 07:14:24,694 [b01711c8-04b4-47a5-9bab-72c84cf7bb6a@group-B7D1079710A0-SegmentedRaftLogWorker] INFO  segmented.SegmentedRaftLogWorker (SegmentedRaftLogWorker.java:execute(656)) - b01711c8-04b4-47a5-9bab-72c84cf7bb6a@group-B7D1079710A0-SegmentedRaftLogWorker: created new log segment /home/runner/work/ozone/ozone/hadoop-ozone/integration-test/target/test-dir/MiniOzoneClusterImpl-d14c70f5-e14b-41c6-a13f-e3ca6c51505f/datanode-4/data/ratis/5ef9bd6a-9581-4cf2-872b-b7d1079710a0/current/log_inprogress_0
2022-11-10 07:14:24,823 [Listener at 127.0.0.1/32813] INFO  ozone.MiniOzoneClusterImpl (MiniOzoneClusterImpl.java:lambda$waitForClusterToBeReady$0(216)) - Nodes are ready. Got 6 of 6 DN Heartbeats.
2022-11-10 07:14:24,823 [Listener at 127.0.0.1/32813] INFO  ozone.MiniOzoneClusterImpl (MiniOzoneClusterImpl.java:lambda$waitForClusterToBeReady$0(219)) - Cluster exits safe mode
2022-11-10 07:14:24,823 [Listener at 127.0.0.1/32813] INFO  ozone.MiniOzoneClusterImpl (MiniOzoneClusterImpl.java:lambda$waitForClusterToBeReady$0(221)) - SCM became leader
2022-11-10 07:14:24,928 [18b389ac-e92e-45af-bb8d-005344dac216@group-A327250958FE-FollowerState] INFO  impl.FollowerState (FollowerState.java:run(143)) - 18b389ac-e92e-45af-bb8d-005344dac216@group-A327250958FE-FollowerState: change to CANDIDATE, lastRpcElapsedTime:5070488103ns, electionTimeout:5068ms
2022-11-10 07:14:24,928 [18b389ac-e92e-45af-bb8d-005344dac216@group-A327250958FE-FollowerState] INFO  impl.RoleInfo (RoleInfo.java:shutdownFollowerState(110)) - 18b389ac-e92e-45af-bb8d-005344dac216: shutdown 18b389ac-e92e-45af-bb8d-005344dac216@group-A327250958FE-FollowerState
2022-11-10 07:14:24,929 [18b389ac-e92e-45af-bb8d-005344dac216@group-A327250958FE-FollowerState] INFO  server.RaftServer$Division (RaftServerImpl.java:setRole(321)) - 18b389ac-e92e-45af-bb8d-005344dac216@group-A327250958FE: changes role from  FOLLOWER to CANDIDATE at term 0 for changeToCandidate
2022-11-10 07:14:24,929 [18b389ac-e92e-45af-bb8d-005344dac216@group-A327250958FE-FollowerState] INFO  server.RaftServerConfigKeys (ConfUtils.java:logGet(46)) - raft.server.leaderelection.pre-vote = false (custom)
2022-11-10 07:14:24,929 [18b389ac-e92e-45af-bb8d-005344dac216@group-A327250958FE-FollowerState] INFO  impl.RoleInfo (RoleInfo.java:updateAndGet(139)) - 18b389ac-e92e-45af-bb8d-005344dac216: start 18b389ac-e92e-45af-bb8d-005344dac216@group-A327250958FE-LeaderElection14
2022-11-10 07:14:24,938 [18b389ac-e92e-45af-bb8d-005344dac216@group-A327250958FE-LeaderElection14] INFO  impl.LeaderElection (LeaderElection.java:askForVotes(312)) - 18b389ac-e92e-45af-bb8d-005344dac216@group-A327250958FE-LeaderElection14 ELECTION round 0: submit vote requests at term 1 for -1: peers:[18b389ac-e92e-45af-bb8d-005344dac216|rpc:10.1.0.59:39897|priority:1|startupRole:FOLLOWER]|listeners:[], old=null
2022-11-10 07:14:24,938 [18b389ac-e92e-45af-bb8d-005344dac216@group-A327250958FE-LeaderElection14] INFO  impl.LeaderElection (LeaderElection.java:askForVotes(314)) - 18b389ac-e92e-45af-bb8d-005344dac216@group-A327250958FE-LeaderElection14 ELECTION round 0: result PASSED (term=1)
2022-11-10 07:14:24,938 [18b389ac-e92e-45af-bb8d-005344dac216@group-A327250958FE-LeaderElection14] INFO  impl.RoleInfo (RoleInfo.java:shutdownLeaderElection(130)) - 18b389ac-e92e-45af-bb8d-005344dac216: shutdown 18b389ac-e92e-45af-bb8d-005344dac216@group-A327250958FE-LeaderElection14
2022-11-10 07:14:24,938 [18b389ac-e92e-45af-bb8d-005344dac216@group-A327250958FE-LeaderElection14] INFO  server.RaftServer$Division (RaftServerImpl.java:setRole(321)) - 18b389ac-e92e-45af-bb8d-005344dac216@group-A327250958FE: changes role from CANDIDATE to LEADER at term 1 for changeToLeader
2022-11-10 07:14:24,938 [18b389ac-e92e-45af-bb8d-005344dac216@group-A327250958FE-LeaderElection14] INFO  ratis.XceiverServerRatis (XceiverServerRatis.java:handleLeaderChangedNotification(863)) - Leader change notification received for group: group-A327250958FE with new leaderId: 18b389ac-e92e-45af-bb8d-005344dac216
2022-11-10 07:14:24,938 [18b389ac-e92e-45af-bb8d-005344dac216@group-A327250958FE-LeaderElection14] INFO  server.RaftServer$Division (ServerState.java:setLeader(313)) - 18b389ac-e92e-45af-bb8d-005344dac216@group-A327250958FE: change Leader from null to 18b389ac-e92e-45af-bb8d-005344dac216 at term 1 for becomeLeader, leader elected after 5095ms
2022-11-10 07:14:24,938 [18b389ac-e92e-45af-bb8d-005344dac216@group-A327250958FE-LeaderElection14] INFO  server.RaftServerConfigKeys (ConfUtils.java:logGet(46)) - raft.server.staging.catchup.gap = 1000 (default)
2022-11-10 07:14:24,939 [18b389ac-e92e-45af-bb8d-005344dac216@group-A327250958FE-LeaderElection14] INFO  server.RaftServerConfigKeys (ConfUtils.java:logGet(46)) - raft.server.write.element-limit = 1024 (custom)
2022-11-10 07:14:24,939 [18b389ac-e92e-45af-bb8d-005344dac216@group-A327250958FE-LeaderElection14] INFO  server.RaftServerConfigKeys (ConfUtils.java:logGet(46)) - raft.server.write.byte-limit = 1024 M (=1073741824) (custom)
2022-11-10 07:14:24,939 [18b389ac-e92e-45af-bb8d-005344dac216@group-A327250958FE-LeaderElection14] INFO  server.RaftServerConfigKeys (ConfUtils.java:logGet(46)) - raft.server.watch.timeout = 180s (custom)
2022-11-10 07:14:24,939 [18b389ac-e92e-45af-bb8d-005344dac216@group-A327250958FE-LeaderElection14] INFO  server.RaftServerConfigKeys (ConfUtils.java:logGet(46)) - raft.server.watch.timeout.denomination = 1s (default)
2022-11-10 07:14:24,939 [18b389ac-e92e-45af-bb8d-005344dac216@group-A327250958FE-LeaderElection14] INFO  server.RaftServerConfigKeys (ConfUtils.java:logGet(46)) - raft.server.watch.element-limit = 65536 (default)
2022-11-10 07:14:24,939 [18b389ac-e92e-45af-bb8d-005344dac216@group-A327250958FE-LeaderElection14] INFO  server.RaftServerConfigKeys (ConfUtils.java:logGet(46)) - raft.server.write.element-limit = 1024 (custom)
2022-11-10 07:14:24,939 [18b389ac-e92e-45af-bb8d-005344dac216@group-A327250958FE-LeaderElection14] INFO  server.RaftServerConfigKeys (ConfUtils.java:logGet(46)) - raft.server.write.follower.gap.ratio.max = -1.0 (default)
2022-11-10 07:14:24,939 [18b389ac-e92e-45af-bb8d-005344dac216@group-A327250958FE-LeaderElection14] INFO  impl.RoleInfo (RoleInfo.java:updateAndGet(139)) - 18b389ac-e92e-45af-bb8d-005344dac216: start 18b389ac-e92e-45af-bb8d-005344dac216@group-A327250958FE-LeaderStateImpl
2022-11-10 07:14:24,940 [18b389ac-e92e-45af-bb8d-005344dac216@group-A327250958FE-LeaderElection14] INFO  segmented.SegmentedRaftLogWorker (SegmentedRaftLogWorker.java:startLogSegment(452)) - 18b389ac-e92e-45af-bb8d-005344dac216@group-A327250958FE-SegmentedRaftLogWorker: Starting segment from index:0
2022-11-10 07:14:24,942 [18b389ac-e92e-45af-bb8d-005344dac216@group-A327250958FE-SegmentedRaftLogWorker] INFO  segmented.SegmentedRaftLogWorker (SegmentedRaftLogWorker.java:execute(656)) - 18b389ac-e92e-45af-bb8d-005344dac216@group-A327250958FE-SegmentedRaftLogWorker: created new log segment /home/runner/work/ozone/ozone/hadoop-ozone/integration-test/target/test-dir/MiniOzoneClusterImpl-d14c70f5-e14b-41c6-a13f-e3ca6c51505f/datanode-5/data/ratis/0880ca8a-1e35-4e0e-99b3-a327250958fe/current/log_inprogress_0
2022-11-10 07:14:24,942 [18b389ac-e92e-45af-bb8d-005344dac216@group-A327250958FE-LeaderElection14] INFO  server.RaftServer$Division (ServerState.java:setRaftConf(430)) - 18b389ac-e92e-45af-bb8d-005344dac216@group-A327250958FE: set configuration 0: peers:[18b389ac-e92e-45af-bb8d-005344dac216|rpc:10.1.0.59:39897|dataStream:|priority:1|startupRole:FOLLOWER]|listeners:[], old=null
2022-11-10 07:14:28,157 [901bb4f9-d448-4097-b3df-3dc09329cc1b@group-D66893652DD7-FollowerState] INFO  impl.FollowerState (FollowerState.java:run(143)) - 901bb4f9-d448-4097-b3df-3dc09329cc1b@group-D66893652DD7-FollowerState: change to CANDIDATE, lastRpcElapsedTime:5060060593ns, electionTimeout:5056ms
2022-11-10 07:14:28,157 [901bb4f9-d448-4097-b3df-3dc09329cc1b@group-D66893652DD7-FollowerState] INFO  impl.RoleInfo (RoleInfo.java:shutdownFollowerState(110)) - 901bb4f9-d448-4097-b3df-3dc09329cc1b: shutdown 901bb4f9-d448-4097-b3df-3dc09329cc1b@group-D66893652DD7-FollowerState
2022-11-10 07:14:28,158 [901bb4f9-d448-4097-b3df-3dc09329cc1b@group-D66893652DD7-FollowerState] INFO  server.RaftServer$Division (RaftServerImpl.java:setRole(321)) - 901bb4f9-d448-4097-b3df-3dc09329cc1b@group-D66893652DD7: changes role from  FOLLOWER to CANDIDATE at term 1 for changeToCandidate
2022-11-10 07:14:28,158 [901bb4f9-d448-4097-b3df-3dc09329cc1b@group-D66893652DD7-FollowerState] INFO  server.RaftServerConfigKeys (ConfUtils.java:logGet(46)) - raft.server.leaderelection.pre-vote = false (custom)
2022-11-10 07:14:28,158 [901bb4f9-d448-4097-b3df-3dc09329cc1b@group-D66893652DD7-FollowerState] INFO  impl.RoleInfo (RoleInfo.java:updateAndGet(139)) - 901bb4f9-d448-4097-b3df-3dc09329cc1b: start 901bb4f9-d448-4097-b3df-3dc09329cc1b@group-D66893652DD7-LeaderElection15
2022-11-10 07:14:28,159 [901bb4f9-d448-4097-b3df-3dc09329cc1b@group-D66893652DD7-LeaderElection15] INFO  impl.LeaderElection (LeaderElection.java:askForVotes(312)) - 901bb4f9-d448-4097-b3df-3dc09329cc1b@group-D66893652DD7-LeaderElection15 ELECTION round 0: submit vote requests at term 2 for -1: peers:[901bb4f9-d448-4097-b3df-3dc09329cc1b|rpc:10.1.0.59:35703|dataStream:|priority:1|startupRole:FOLLOWER, 35d6043c-a711-468a-a34c-4c4022ea36e3|rpc:10.1.0.59:46313|dataStream:|priority:0|startupRole:FOLLOWER, 26c35b0c-04d0-419a-bd9f-9a0c5cb2698b|rpc:10.1.0.59:38927|dataStream:|priority:0|startupRole:FOLLOWER]|listeners:[], old=null
2022-11-10 07:14:28,160 [901bb4f9-d448-4097-b3df-3dc09329cc1b@group-D66893652DD7-LeaderElection15] INFO  server.RaftServerConfigKeys (ConfUtils.java:logFallback(53)) - raft.server.rpc.first-election.timeout.min = 5s (fallback to raft.server.rpc.timeout.min)
2022-11-10 07:14:28,160 [901bb4f9-d448-4097-b3df-3dc09329cc1b@group-D66893652DD7-LeaderElection15] INFO  server.RaftServerConfigKeys (ConfUtils.java:logFallback(53)) - raft.server.rpc.first-election.timeout.max = 5200ms (fallback to raft.server.rpc.timeout.max)
2022-11-10 07:14:28,164 [grpc-default-executor-1] INFO  server.RaftServer$Division (RaftServerImpl.java:requestVote(1218)) - 35d6043c-a711-468a-a34c-4c4022ea36e3@group-D66893652DD7: receive requestVote(ELECTION, 901bb4f9-d448-4097-b3df-3dc09329cc1b, group-D66893652DD7, 2, (t:0, i:0))
2022-11-10 07:14:28,165 [grpc-default-executor-1] INFO  impl.VoteContext (VoteContext.java:log(48)) - 35d6043c-a711-468a-a34c-4c4022ea36e3@group-D66893652DD7-FOLLOWER: accept ELECTION from 901bb4f9-d448-4097-b3df-3dc09329cc1b: our priority 0 <= candidate's priority 1
2022-11-10 07:14:28,165 [grpc-default-executor-1] INFO  server.RaftServer$Division (RaftServerImpl.java:setRole(321)) - 35d6043c-a711-468a-a34c-4c4022ea36e3@group-D66893652DD7: changes role from  FOLLOWER to FOLLOWER at term 2 for candidate:901bb4f9-d448-4097-b3df-3dc09329cc1b
2022-11-10 07:14:28,165 [grpc-default-executor-1] INFO  impl.RoleInfo (RoleInfo.java:shutdownFollowerState(110)) - 35d6043c-a711-468a-a34c-4c4022ea36e3: shutdown 35d6043c-a711-468a-a34c-4c4022ea36e3@group-D66893652DD7-FollowerState
2022-11-10 07:14:28,165 [grpc-default-executor-1] INFO  impl.RoleInfo (RoleInfo.java:updateAndGet(139)) - 35d6043c-a711-468a-a34c-4c4022ea36e3: start 35d6043c-a711-468a-a34c-4c4022ea36e3@group-D66893652DD7-FollowerState
2022-11-10 07:14:28,165 [35d6043c-a711-468a-a34c-4c4022ea36e3@group-D66893652DD7-FollowerState] INFO  impl.FollowerState (FollowerState.java:run(152)) - 35d6043c-a711-468a-a34c-4c4022ea36e3@group-D66893652DD7-FollowerState was interrupted
2022-11-10 07:14:28,167 [grpc-default-executor-1] INFO  server.RaftServer$Division (RaftServerImpl.java:requestVote(1251)) - 35d6043c-a711-468a-a34c-4c4022ea36e3@group-D66893652DD7 replies to ELECTION vote request: 901bb4f9-d448-4097-b3df-3dc09329cc1b<-35d6043c-a711-468a-a34c-4c4022ea36e3#0:OK-t2. Peer's state: 35d6043c-a711-468a-a34c-4c4022ea36e3@group-D66893652DD7:t2, leader=null, voted=901bb4f9-d448-4097-b3df-3dc09329cc1b, raftlog=Memoized:35d6043c-a711-468a-a34c-4c4022ea36e3@group-D66893652DD7-SegmentedRaftLog:OPENED:c-1, conf=-1: peers:[901bb4f9-d448-4097-b3df-3dc09329cc1b|rpc:10.1.0.59:35703|priority:1|startupRole:FOLLOWER, 35d6043c-a711-468a-a34c-4c4022ea36e3|rpc:10.1.0.59:46313|priority:0|startupRole:FOLLOWER, 26c35b0c-04d0-419a-bd9f-9a0c5cb2698b|rpc:10.1.0.59:38927|priority:0|startupRole:FOLLOWER]|listeners:[], old=null
2022-11-10 07:14:28,167 [grpc-default-executor-2] INFO  server.RaftServer$Division (RaftServerImpl.java:requestVote(1218)) - 26c35b0c-04d0-419a-bd9f-9a0c5cb2698b@group-D66893652DD7: receive requestVote(ELECTION, 901bb4f9-d448-4097-b3df-3dc09329cc1b, group-D66893652DD7, 2, (t:0, i:0))
2022-11-10 07:14:28,167 [grpc-default-executor-2] INFO  impl.VoteContext (VoteContext.java:log(48)) - 26c35b0c-04d0-419a-bd9f-9a0c5cb2698b@group-D66893652DD7-FOLLOWER: accept ELECTION from 901bb4f9-d448-4097-b3df-3dc09329cc1b: our priority 0 <= candidate's priority 1
2022-11-10 07:14:28,167 [grpc-default-executor-2] INFO  server.RaftServer$Division (RaftServerImpl.java:setRole(321)) - 26c35b0c-04d0-419a-bd9f-9a0c5cb2698b@group-D66893652DD7: changes role from  FOLLOWER to FOLLOWER at term 2 for candidate:901bb4f9-d448-4097-b3df-3dc09329cc1b
2022-11-10 07:14:28,167 [grpc-default-executor-2] INFO  impl.RoleInfo (RoleInfo.java:shutdownFollowerState(110)) - 26c35b0c-04d0-419a-bd9f-9a0c5cb2698b: shutdown 26c35b0c-04d0-419a-bd9f-9a0c5cb2698b@group-D66893652DD7-FollowerState
2022-11-10 07:14:28,167 [grpc-default-executor-2] INFO  impl.RoleInfo (RoleInfo.java:updateAndGet(139)) - 26c35b0c-04d0-419a-bd9f-9a0c5cb2698b: start 26c35b0c-04d0-419a-bd9f-9a0c5cb2698b@group-D66893652DD7-FollowerState
2022-11-10 07:14:28,167 [26c35b0c-04d0-419a-bd9f-9a0c5cb2698b@group-D66893652DD7-FollowerState] INFO  impl.FollowerState (FollowerState.java:run(152)) - 26c35b0c-04d0-419a-bd9f-9a0c5cb2698b@group-D66893652DD7-FollowerState was interrupted
2022-11-10 07:14:28,168 [grpc-default-executor-2] INFO  server.RaftServer$Division (RaftServerImpl.java:requestVote(1251)) - 26c35b0c-04d0-419a-bd9f-9a0c5cb2698b@group-D66893652DD7 replies to ELECTION vote request: 901bb4f9-d448-4097-b3df-3dc09329cc1b<-26c35b0c-04d0-419a-bd9f-9a0c5cb2698b#0:OK-t2. Peer's state: 26c35b0c-04d0-419a-bd9f-9a0c5cb2698b@group-D66893652DD7:t2, leader=null, voted=901bb4f9-d448-4097-b3df-3dc09329cc1b, raftlog=Memoized:26c35b0c-04d0-419a-bd9f-9a0c5cb2698b@group-D66893652DD7-SegmentedRaftLog:OPENED:c-1, conf=-1: peers:[901bb4f9-d448-4097-b3df-3dc09329cc1b|rpc:10.1.0.59:35703|priority:1|startupRole:FOLLOWER, 35d6043c-a711-468a-a34c-4c4022ea36e3|rpc:10.1.0.59:46313|priority:0|startupRole:FOLLOWER, 26c35b0c-04d0-419a-bd9f-9a0c5cb2698b|rpc:10.1.0.59:38927|priority:0|startupRole:FOLLOWER]|listeners:[], old=null
2022-11-10 07:14:28,171 [35d6043c-a711-468a-a34c-4c4022ea36e3@group-D66893652DD7-FollowerState] INFO  server.RaftServerConfigKeys (ConfUtils.java:logFallback(53)) - raft.server.rpc.first-election.timeout.min = 5s (fallback to raft.server.rpc.timeout.min)
2022-11-10 07:14:28,171 [35d6043c-a711-468a-a34c-4c4022ea36e3@group-D66893652DD7-FollowerState] INFO  server.RaftServerConfigKeys (ConfUtils.java:logFallback(53)) - raft.server.rpc.first-election.timeout.max = 5200ms (fallback to raft.server.rpc.timeout.max)
2022-11-10 07:14:28,171 [901bb4f9-d448-4097-b3df-3dc09329cc1b@group-D66893652DD7-LeaderElection15] INFO  impl.LeaderElection (LeaderElection.java:logAndReturn(90)) - 901bb4f9-d448-4097-b3df-3dc09329cc1b@group-D66893652DD7-LeaderElection15: ELECTION PASSED received 1 response(s) and 0 exception(s):
2022-11-10 07:14:28,172 [901bb4f9-d448-4097-b3df-3dc09329cc1b@group-D66893652DD7-LeaderElection15] INFO  impl.LeaderElection (LeaderElection.java:logAndReturn(94)) -   Response 0: 901bb4f9-d448-4097-b3df-3dc09329cc1b<-35d6043c-a711-468a-a34c-4c4022ea36e3#0:OK-t2
2022-11-10 07:14:28,172 [901bb4f9-d448-4097-b3df-3dc09329cc1b@group-D66893652DD7-LeaderElection15] INFO  impl.LeaderElection (LeaderElection.java:askForVotes(314)) - 901bb4f9-d448-4097-b3df-3dc09329cc1b@group-D66893652DD7-LeaderElection15 ELECTION round 0: result PASSED
2022-11-10 07:14:28,172 [901bb4f9-d448-4097-b3df-3dc09329cc1b@group-D66893652DD7-LeaderElection15] INFO  impl.RoleInfo (RoleInfo.java:shutdownLeaderElection(130)) - 901bb4f9-d448-4097-b3df-3dc09329cc1b: shutdown 901bb4f9-d448-4097-b3df-3dc09329cc1b@group-D66893652DD7-LeaderElection15
2022-11-10 07:14:28,172 [901bb4f9-d448-4097-b3df-3dc09329cc1b@group-D66893652DD7-LeaderElection15] INFO  server.RaftServer$Division (RaftServerImpl.java:setRole(321)) - 901bb4f9-d448-4097-b3df-3dc09329cc1b@group-D66893652DD7: changes role from CANDIDATE to LEADER at term 2 for changeToLeader
2022-11-10 07:14:28,172 [901bb4f9-d448-4097-b3df-3dc09329cc1b@group-D66893652DD7-LeaderElection15] INFO  ratis.XceiverServerRatis (XceiverServerRatis.java:handleLeaderChangedNotification(863)) - Leader change notification received for group: group-D66893652DD7 with new leaderId: 901bb4f9-d448-4097-b3df-3dc09329cc1b
2022-11-10 07:14:28,172 [901bb4f9-d448-4097-b3df-3dc09329cc1b@group-D66893652DD7-LeaderElection15] INFO  server.RaftServer$Division (ServerState.java:setLeader(313)) - 901bb4f9-d448-4097-b3df-3dc09329cc1b@group-D66893652DD7: change Leader from null to 901bb4f9-d448-4097-b3df-3dc09329cc1b at term 2 for becomeLeader, leader elected after 9623ms
2022-11-10 07:14:28,172 [901bb4f9-d448-4097-b3df-3dc09329cc1b@group-D66893652DD7-LeaderElection15] INFO  server.RaftServerConfigKeys (ConfUtils.java:logGet(46)) - raft.server.staging.catchup.gap = 1000 (default)
2022-11-10 07:14:28,173 [26c35b0c-04d0-419a-bd9f-9a0c5cb2698b@group-D66893652DD7-FollowerState] INFO  server.RaftServerConfigKeys (ConfUtils.java:logFallback(53)) - raft.server.rpc.first-election.timeout.min = 5s (fallback to raft.server.rpc.timeout.min)
2022-11-10 07:14:28,173 [26c35b0c-04d0-419a-bd9f-9a0c5cb2698b@group-D66893652DD7-FollowerState] INFO  server.RaftServerConfigKeys (ConfUtils.java:logFallback(53)) - raft.server.rpc.first-election.timeout.max = 5200ms (fallback to raft.server.rpc.timeout.max)
2022-11-10 07:14:28,175 [901bb4f9-d448-4097-b3df-3dc09329cc1b@group-D66893652DD7-LeaderElection15] INFO  server.RaftServerConfigKeys (ConfUtils.java:logGet(46)) - raft.server.write.element-limit = 1024 (custom)
2022-11-10 07:14:28,175 [901bb4f9-d448-4097-b3df-3dc09329cc1b@group-D66893652DD7-LeaderElection15] INFO  server.RaftServerConfigKeys (ConfUtils.java:logGet(46)) - raft.server.write.byte-limit = 1024 M (=1073741824) (custom)
2022-11-10 07:14:28,175 [901bb4f9-d448-4097-b3df-3dc09329cc1b@group-D66893652DD7-LeaderElection15] INFO  server.RaftServerConfigKeys (ConfUtils.java:logGet(46)) - raft.server.watch.timeout = 180s (custom)
2022-11-10 07:14:28,175 [901bb4f9-d448-4097-b3df-3dc09329cc1b@group-D66893652DD7-LeaderElection15] INFO  server.RaftServerConfigKeys (ConfUtils.java:logGet(46)) - raft.server.watch.timeout.denomination = 1s (default)
2022-11-10 07:14:28,175 [901bb4f9-d448-4097-b3df-3dc09329cc1b@group-D66893652DD7-LeaderElection15] INFO  server.RaftServerConfigKeys (ConfUtils.java:logGet(46)) - raft.server.watch.element-limit = 65536 (default)
2022-11-10 07:14:28,175 [901bb4f9-d448-4097-b3df-3dc09329cc1b@group-D66893652DD7-LeaderElection15] INFO  server.RaftServerConfigKeys (ConfUtils.java:logGet(46)) - raft.server.write.element-limit = 1024 (custom)
2022-11-10 07:14:28,175 [901bb4f9-d448-4097-b3df-3dc09329cc1b@group-D66893652DD7-LeaderElection15] INFO  server.RaftServerConfigKeys (ConfUtils.java:logGet(46)) - raft.server.write.follower.gap.ratio.max = -1.0 (default)
2022-11-10 07:14:28,176 [901bb4f9-d448-4097-b3df-3dc09329cc1b@group-D66893652DD7-LeaderElection15] INFO  server.RaftServerConfigKeys (ConfUtils.java:logGet(46)) - raft.server.log.appender.snapshot.chunk.size.max = 16MB (=16777216) (default)
2022-11-10 07:14:28,176 [901bb4f9-d448-4097-b3df-3dc09329cc1b@group-D66893652DD7-LeaderElection15] INFO  server.RaftServerConfigKeys (ConfUtils.java:logGet(46)) - raft.server.log.appender.buffer.byte-limit = 33554432 (custom)
2022-11-10 07:14:28,176 [901bb4f9-d448-4097-b3df-3dc09329cc1b@group-D66893652DD7-LeaderElection15] INFO  server.RaftServerConfigKeys (ConfUtils.java:logGet(46)) - raft.server.log.appender.buffer.element-limit = 1 (custom)
2022-11-10 07:14:28,176 [901bb4f9-d448-4097-b3df-3dc09329cc1b@group-D66893652DD7-LeaderElection15] INFO  grpc.GrpcConfigKeys (ConfUtils.java:logGet(46)) - raft.grpc.server.leader.outstanding.appends.max = 128 (default)
2022-11-10 07:14:28,177 [901bb4f9-d448-4097-b3df-3dc09329cc1b@group-D66893652DD7-LeaderElection15] INFO  server.RaftServerConfigKeys (ConfUtils.java:logGet(46)) - raft.server.rpc.request.timeout = 60s (custom)
2022-11-10 07:14:28,177 [901bb4f9-d448-4097-b3df-3dc09329cc1b@group-D66893652DD7-LeaderElection15] INFO  server.RaftServerConfigKeys (ConfUtils.java:logGet(46)) - raft.server.log.appender.install.snapshot.enabled = false (custom)
2022-11-10 07:14:28,177 [901bb4f9-d448-4097-b3df-3dc09329cc1b@group-D66893652DD7-LeaderElection15] INFO  grpc.GrpcConfigKeys (ConfUtils.java:logGet(46)) - raft.grpc.server.heartbeat.channel = true (default)
2022-11-10 07:14:28,177 [901bb4f9-d448-4097-b3df-3dc09329cc1b@group-D66893652DD7-LeaderElection15] INFO  server.RaftServerConfigKeys (ConfUtils.java:logGet(46)) - raft.server.log.appender.wait-time.min = 10ms (default)
2022-11-10 07:14:28,179 [EventQueue-PipelineReportForPipelineReportHandler] INFO  pipeline.PipelineManagerImpl (PipelineManagerImpl.java:openPipeline(367)) - Pipeline Pipeline[ Id: 7b682ceb-0ee3-4c6e-8cd4-d66893652dd7, Nodes: 901bb4f9-d448-4097-b3df-3dc09329cc1b{ip: 10.1.0.59, host: fv-az435-205.hcxxyugg5vdudo0mn2smve0l3g.cx.internal.cloudapp.net, ports: [REPLICATION=35585, RATIS=35703, RATIS_ADMIN=35703, RATIS_SERVER=35703, STANDALONE=35461], networkLocation: /default-rack, certSerialId: null, persistedOpState: IN_SERVICE, persistedOpStateExpiryEpochSec: 0}35d6043c-a711-468a-a34c-4c4022ea36e3{ip: 10.1.0.59, host: fv-az435-205.hcxxyugg5vdudo0mn2smve0l3g.cx.internal.cloudapp.net, ports: [REPLICATION=33231, RATIS=46313, RATIS_ADMIN=46313, RATIS_SERVER=46313, STANDALONE=43309], networkLocation: /default-rack, certSerialId: null, persistedOpState: IN_SERVICE, persistedOpStateExpiryEpochSec: 0}26c35b0c-04d0-419a-bd9f-9a0c5cb2698b{ip: 10.1.0.59, host: fv-az435-205.hcxxyugg5vdudo0mn2smve0l3g.cx.internal.cloudapp.net, ports: [REPLICATION=34127, RATIS=38927, RATIS_ADMIN=38927, RATIS_SERVER=38927, STANDALONE=38137], networkLocation: /default-rack, certSerialId: null, persistedOpState: IN_SERVICE, persistedOpStateExpiryEpochSec: 0}, ReplicationConfig: RATIS/THREE, State:ALLOCATED, leaderId:901bb4f9-d448-4097-b3df-3dc09329cc1b, CreationTimestamp2022-11-10T07:14:15.786Z[Etc/UTC]] moved to OPEN state
2022-11-10 07:14:28,180 [901bb4f9-d448-4097-b3df-3dc09329cc1b@group-D66893652DD7-LeaderElection15] INFO  server.RaftServerConfigKeys (ConfUtils.java:logGet(46)) - raft.server.log.appender.snapshot.chunk.size.max = 16MB (=16777216) (default)
2022-11-10 07:14:28,180 [901bb4f9-d448-4097-b3df-3dc09329cc1b@group-D66893652DD7-LeaderElection15] INFO  server.RaftServerConfigKeys (ConfUtils.java:logGet(46)) - raft.server.log.appender.buffer.byte-limit = 33554432 (custom)
2022-11-10 07:14:28,180 [901bb4f9-d448-4097-b3df-3dc09329cc1b@group-D66893652DD7-LeaderElection15] INFO  server.RaftServerConfigKeys (ConfUtils.java:logGet(46)) - raft.server.log.appender.buffer.element-limit = 1 (custom)
2022-11-10 07:14:28,180 [901bb4f9-d448-4097-b3df-3dc09329cc1b@group-D66893652DD7-LeaderElection15] INFO  grpc.GrpcConfigKeys (ConfUtils.java:logGet(46)) - raft.grpc.server.leader.outstanding.appends.max = 128 (default)
2022-11-10 07:14:28,180 [901bb4f9-d448-4097-b3df-3dc09329cc1b@group-D66893652DD7-LeaderElection15] INFO  server.RaftServerConfigKeys (ConfUtils.java:logGet(46)) - raft.server.rpc.request.timeout = 60s (custom)
2022-11-10 07:14:28,180 [901bb4f9-d448-4097-b3df-3dc09329cc1b@group-D66893652DD7-LeaderElection15] INFO  server.RaftServerConfigKeys (ConfUtils.java:logGet(46)) - raft.server.log.appender.install.snapshot.enabled = false (custom)
2022-11-10 07:14:28,180 [901bb4f9-d448-4097-b3df-3dc09329cc1b@group-D66893652DD7-LeaderElection15] INFO  grpc.GrpcConfigKeys (ConfUtils.java:logGet(46)) - raft.grpc.server.heartbeat.channel = true (default)
2022-11-10 07:14:28,180 [901bb4f9-d448-4097-b3df-3dc09329cc1b@group-D66893652DD7-LeaderElection15] INFO  server.RaftServerConfigKeys (ConfUtils.java:logGet(46)) - raft.server.log.appender.wait-time.min = 10ms (default)
2022-11-10 07:14:28,180 [901bb4f9-d448-4097-b3df-3dc09329cc1b@group-D66893652DD7-LeaderElection15] INFO  impl.RoleInfo (RoleInfo.java:updateAndGet(139)) - 901bb4f9-d448-4097-b3df-3dc09329cc1b: start 901bb4f9-d448-4097-b3df-3dc09329cc1b@group-D66893652DD7-LeaderStateImpl
2022-11-10 07:14:28,181 [901bb4f9-d448-4097-b3df-3dc09329cc1b@group-D66893652DD7-LeaderElection15] INFO  segmented.SegmentedRaftLogWorker (SegmentedRaftLogWorker.java:startLogSegment(452)) - 901bb4f9-d448-4097-b3df-3dc09329cc1b@group-D66893652DD7-SegmentedRaftLogWorker: Starting segment from index:0
2022-11-10 07:14:28,182 [901bb4f9-d448-4097-b3df-3dc09329cc1b@group-D66893652DD7-SegmentedRaftLogWorker] INFO  segmented.SegmentedRaftLogWorker (SegmentedRaftLogWorker.java:execute(656)) - 901bb4f9-d448-4097-b3df-3dc09329cc1b@group-D66893652DD7-SegmentedRaftLogWorker: created new log segment /home/runner/work/ozone/ozone/hadoop-ozone/integration-test/target/test-dir/MiniOzoneClusterImpl-d14c70f5-e14b-41c6-a13f-e3ca6c51505f/datanode-2/data/ratis/7b682ceb-0ee3-4c6e-8cd4-d66893652dd7/current/log_inprogress_0
2022-11-10 07:14:28,188 [901bb4f9-d448-4097-b3df-3dc09329cc1b@group-D66893652DD7-LeaderElection15] INFO  server.RaftServer$Division (ServerState.java:setRaftConf(430)) - 901bb4f9-d448-4097-b3df-3dc09329cc1b@group-D66893652DD7: set configuration 0: peers:[901bb4f9-d448-4097-b3df-3dc09329cc1b|rpc:10.1.0.59:35703|dataStream:|priority:1|startupRole:FOLLOWER, 35d6043c-a711-468a-a34c-4c4022ea36e3|rpc:10.1.0.59:46313|dataStream:|priority:0|startupRole:FOLLOWER, 26c35b0c-04d0-419a-bd9f-9a0c5cb2698b|rpc:10.1.0.59:38927|dataStream:|priority:0|startupRole:FOLLOWER]|listeners:[], old=null
2022-11-10 07:14:28,208 [35d6043c-a711-468a-a34c-4c4022ea36e3-server-thread1] INFO  ratis.XceiverServerRatis (XceiverServerRatis.java:handleLeaderChangedNotification(863)) - Leader change notification received for group: group-D66893652DD7 with new leaderId: 901bb4f9-d448-4097-b3df-3dc09329cc1b
2022-11-10 07:14:28,208 [35d6043c-a711-468a-a34c-4c4022ea36e3-server-thread1] INFO  server.RaftServer$Division (ServerState.java:setLeader(313)) - 35d6043c-a711-468a-a34c-4c4022ea36e3@group-D66893652DD7: change Leader from null to 901bb4f9-d448-4097-b3df-3dc09329cc1b at term 2 for appendEntries, leader elected after 9815ms
2022-11-10 07:14:28,212 [35d6043c-a711-468a-a34c-4c4022ea36e3-server-thread1] INFO  server.RaftServer$Division (ServerState.java:setRaftConf(430)) - 35d6043c-a711-468a-a34c-4c4022ea36e3@group-D66893652DD7: set configuration 0: peers:[901bb4f9-d448-4097-b3df-3dc09329cc1b|rpc:10.1.0.59:35703|dataStream:|priority:1|startupRole:FOLLOWER, 35d6043c-a711-468a-a34c-4c4022ea36e3|rpc:10.1.0.59:46313|dataStream:|priority:0|startupRole:FOLLOWER, 26c35b0c-04d0-419a-bd9f-9a0c5cb2698b|rpc:10.1.0.59:38927|dataStream:|priority:0|startupRole:FOLLOWER]|listeners:[], old=null
2022-11-10 07:14:28,212 [35d6043c-a711-468a-a34c-4c4022ea36e3-server-thread1] INFO  segmented.SegmentedRaftLogWorker (SegmentedRaftLogWorker.java:startLogSegment(452)) - 35d6043c-a711-468a-a34c-4c4022ea36e3@group-D66893652DD7-SegmentedRaftLogWorker: Starting segment from index:0
2022-11-10 07:14:28,212 [26c35b0c-04d0-419a-bd9f-9a0c5cb2698b-server-thread1] INFO  ratis.XceiverServerRatis (XceiverServerRatis.java:handleLeaderChangedNotification(863)) - Leader change notification received for group: group-D66893652DD7 with new leaderId: 901bb4f9-d448-4097-b3df-3dc09329cc1b
2022-11-10 07:14:28,212 [26c35b0c-04d0-419a-bd9f-9a0c5cb2698b-server-thread1] INFO  server.RaftServer$Division (ServerState.java:setLeader(313)) - 26c35b0c-04d0-419a-bd9f-9a0c5cb2698b@group-D66893652DD7: change Leader from null to 901bb4f9-d448-4097-b3df-3dc09329cc1b at term 2 for appendEntries, leader elected after 10296ms
2022-11-10 07:14:28,220 [26c35b0c-04d0-419a-bd9f-9a0c5cb2698b-server-thread2] INFO  server.RaftServer$Division (ServerState.java:setRaftConf(430)) - 26c35b0c-04d0-419a-bd9f-9a0c5cb2698b@group-D66893652DD7: set configuration 0: peers:[901bb4f9-d448-4097-b3df-3dc09329cc1b|rpc:10.1.0.59:35703|dataStream:|priority:1|startupRole:FOLLOWER, 35d6043c-a711-468a-a34c-4c4022ea36e3|rpc:10.1.0.59:46313|dataStream:|priority:0|startupRole:FOLLOWER, 26c35b0c-04d0-419a-bd9f-9a0c5cb2698b|rpc:10.1.0.59:38927|dataStream:|priority:0|startupRole:FOLLOWER]|listeners:[], old=null
2022-11-10 07:14:28,220 [26c35b0c-04d0-419a-bd9f-9a0c5cb2698b-server-thread2] INFO  segmented.SegmentedRaftLogWorker (SegmentedRaftLogWorker.java:startLogSegment(452)) - 26c35b0c-04d0-419a-bd9f-9a0c5cb2698b@group-D66893652DD7-SegmentedRaftLogWorker: Starting segment from index:0
2022-11-10 07:14:28,221 [26c35b0c-04d0-419a-bd9f-9a0c5cb2698b@group-D66893652DD7-SegmentedRaftLogWorker] INFO  segmented.SegmentedRaftLogWorker (SegmentedRaftLogWorker.java:execute(656)) - 26c35b0c-04d0-419a-bd9f-9a0c5cb2698b@group-D66893652DD7-SegmentedRaftLogWorker: created new log segment /home/runner/work/ozone/ozone/hadoop-ozone/integration-test/target/test-dir/MiniOzoneClusterImpl-d14c70f5-e14b-41c6-a13f-e3ca6c51505f/datanode-0/data/ratis/7b682ceb-0ee3-4c6e-8cd4-d66893652dd7/current/log_inprogress_0
2022-11-10 07:14:28,222 [35d6043c-a711-468a-a34c-4c4022ea36e3@group-D66893652DD7-SegmentedRaftLogWorker] INFO  segmented.SegmentedRaftLogWorker (SegmentedRaftLogWorker.java:execute(656)) - 35d6043c-a711-468a-a34c-4c4022ea36e3@group-D66893652DD7-SegmentedRaftLogWorker: created new log segment /home/runner/work/ozone/ozone/hadoop-ozone/integration-test/target/test-dir/MiniOzoneClusterImpl-d14c70f5-e14b-41c6-a13f-e3ca6c51505f/datanode-1/data/ratis/7b682ceb-0ee3-4c6e-8cd4-d66893652dd7/current/log_inprogress_0
2022-11-10 07:14:28,232 [Listener at 127.0.0.1/32813] INFO  pipeline.PipelineManagerImpl (PipelineManagerImpl.java:closePipeline(442)) - Pipeline Pipeline[ Id: e89328de-3269-403f-928c-6a99b4bc2cfe, Nodes: 73d758c7-6b76-4e6e-a3d3-7696fd8c55bd{ip: 10.1.0.59, host: fv-az435-205.hcxxyugg5vdudo0mn2smve0l3g.cx.internal.cloudapp.net, ports: [REPLICATION=33257, RATIS=42647, RATIS_ADMIN=42647, RATIS_SERVER=42647, STANDALONE=41571], networkLocation: /default-rack, certSerialId: null, persistedOpState: IN_SERVICE, persistedOpStateExpiryEpochSec: 0}b01711c8-04b4-47a5-9bab-72c84cf7bb6a{ip: 10.1.0.59, host: fv-az435-205.hcxxyugg5vdudo0mn2smve0l3g.cx.internal.cloudapp.net, ports: [REPLICATION=45567, RATIS=44509, RATIS_ADMIN=44509, RATIS_SERVER=44509, STANDALONE=36519], networkLocation: /default-rack, certSerialId: null, persistedOpState: IN_SERVICE, persistedOpStateExpiryEpochSec: 0}18b389ac-e92e-45af-bb8d-005344dac216{ip: 10.1.0.59, host: fv-az435-205.hcxxyugg5vdudo0mn2smve0l3g.cx.internal.cloudapp.net, ports: [REPLICATION=36081, RATIS=39897, RATIS_ADMIN=39897, RATIS_SERVER=39897, STANDALONE=41939], networkLocation: /default-rack, certSerialId: null, persistedOpState: IN_SERVICE, persistedOpStateExpiryEpochSec: 0}, ReplicationConfig: RATIS/THREE, State:OPEN, leaderId:73d758c7-6b76-4e6e-a3d3-7696fd8c55bd, CreationTimestamp2022-11-10T07:14:16.848Z[Etc/UTC]] moved to CLOSED state
2022-11-10 07:14:28,233 [Listener at 127.0.0.1/32813] INFO  pipeline.RatisPipelineProvider (RatisPipelineProvider.java:lambda$close$1(244)) - Send pipeline:PipelineID=e89328de-3269-403f-928c-6a99b4bc2cfe close command to datanode 73d758c7-6b76-4e6e-a3d3-7696fd8c55bd
2022-11-10 07:14:28,233 [Listener at 127.0.0.1/32813] INFO  pipeline.RatisPipelineProvider (RatisPipelineProvider.java:lambda$close$1(244)) - Send pipeline:PipelineID=e89328de-3269-403f-928c-6a99b4bc2cfe close command to datanode b01711c8-04b4-47a5-9bab-72c84cf7bb6a
2022-11-10 07:14:28,233 [Listener at 127.0.0.1/32813] INFO  pipeline.RatisPipelineProvider (RatisPipelineProvider.java:lambda$close$1(244)) - Send pipeline:PipelineID=e89328de-3269-403f-928c-6a99b4bc2cfe close command to datanode 18b389ac-e92e-45af-bb8d-005344dac216
2022-11-10 07:14:28,234 [Listener at 127.0.0.1/32813] INFO  pipeline.PipelineStateManagerImpl (PipelineStateManagerImpl.java:removePipeline(245)) - Pipeline Pipeline[ Id: e89328de-3269-403f-928c-6a99b4bc2cfe, Nodes: 73d758c7-6b76-4e6e-a3d3-7696fd8c55bd{ip: 10.1.0.59, host: fv-az435-205.hcxxyugg5vdudo0mn2smve0l3g.cx.internal.cloudapp.net, ports: [REPLICATION=33257, RATIS=42647, RATIS_ADMIN=42647, RATIS_SERVER=42647, STANDALONE=41571], networkLocation: /default-rack, certSerialId: null, persistedOpState: IN_SERVICE, persistedOpStateExpiryEpochSec: 0}b01711c8-04b4-47a5-9bab-72c84cf7bb6a{ip: 10.1.0.59, host: fv-az435-205.hcxxyugg5vdudo0mn2smve0l3g.cx.internal.cloudapp.net, ports: [REPLICATION=45567, RATIS=44509, RATIS_ADMIN=44509, RATIS_SERVER=44509, STANDALONE=36519], networkLocation: /default-rack, certSerialId: null, persistedOpState: IN_SERVICE, persistedOpStateExpiryEpochSec: 0}18b389ac-e92e-45af-bb8d-005344dac216{ip: 10.1.0.59, host: fv-az435-205.hcxxyugg5vdudo0mn2smve0l3g.cx.internal.cloudapp.net, ports: [REPLICATION=36081, RATIS=39897, RATIS_ADMIN=39897, RATIS_SERVER=39897, STANDALONE=41939], networkLocation: /default-rack, certSerialId: null, persistedOpState: IN_SERVICE, persistedOpStateExpiryEpochSec: 0}, ReplicationConfig: RATIS/THREE, State:CLOSED, leaderId:73d758c7-6b76-4e6e-a3d3-7696fd8c55bd, CreationTimestamp2022-11-10T07:14:16.848Z[Etc/UTC]] removed.
2022-11-10 07:14:28,235 [Listener at 127.0.0.1/32813] INFO  pipeline.PipelineManagerImpl (PipelineManagerImpl.java:closePipeline(442)) - Pipeline Pipeline[ Id: 7b682ceb-0ee3-4c6e-8cd4-d66893652dd7, Nodes: 901bb4f9-d448-4097-b3df-3dc09329cc1b{ip: 10.1.0.59, host: fv-az435-205.hcxxyugg5vdudo0mn2smve0l3g.cx.internal.cloudapp.net, ports: [REPLICATION=35585, RATIS=35703, RATIS_ADMIN=35703, RATIS_SERVER=35703, STANDALONE=35461], networkLocation: /default-rack, certSerialId: null, persistedOpState: IN_SERVICE, persistedOpStateExpiryEpochSec: 0}35d6043c-a711-468a-a34c-4c4022ea36e3{ip: 10.1.0.59, host: fv-az435-205.hcxxyugg5vdudo0mn2smve0l3g.cx.internal.cloudapp.net, ports: [REPLICATION=33231, RATIS=46313, RATIS_ADMIN=46313, RATIS_SERVER=46313, STANDALONE=43309], networkLocation: /default-rack, certSerialId: null, persistedOpState: IN_SERVICE, persistedOpStateExpiryEpochSec: 0}26c35b0c-04d0-419a-bd9f-9a0c5cb2698b{ip: 10.1.0.59, host: fv-az435-205.hcxxyugg5vdudo0mn2smve0l3g.cx.internal.cloudapp.net, ports: [REPLICATION=34127, RATIS=38927, RATIS_ADMIN=38927, RATIS_SERVER=38927, STANDALONE=38137], networkLocation: /default-rack, certSerialId: null, persistedOpState: IN_SERVICE, persistedOpStateExpiryEpochSec: 0}, ReplicationConfig: RATIS/THREE, State:OPEN, leaderId:901bb4f9-d448-4097-b3df-3dc09329cc1b, CreationTimestamp2022-11-10T07:14:15.786Z[Etc/UTC]] moved to CLOSED state
2022-11-10 07:14:28,235 [Listener at 127.0.0.1/32813] INFO  pipeline.RatisPipelineProvider (RatisPipelineProvider.java:lambda$close$1(244)) - Send pipeline:PipelineID=7b682ceb-0ee3-4c6e-8cd4-d66893652dd7 close command to datanode 901bb4f9-d448-4097-b3df-3dc09329cc1b
2022-11-10 07:14:28,235 [Listener at 127.0.0.1/32813] INFO  pipeline.RatisPipelineProvider (RatisPipelineProvider.java:lambda$close$1(244)) - Send pipeline:PipelineID=7b682ceb-0ee3-4c6e-8cd4-d66893652dd7 close command to datanode 35d6043c-a711-468a-a34c-4c4022ea36e3
2022-11-10 07:14:28,235 [Listener at 127.0.0.1/32813] INFO  pipeline.RatisPipelineProvider (RatisPipelineProvider.java:lambda$close$1(244)) - Send pipeline:PipelineID=7b682ceb-0ee3-4c6e-8cd4-d66893652dd7 close command to datanode 26c35b0c-04d0-419a-bd9f-9a0c5cb2698b
2022-11-10 07:14:28,235 [Listener at 127.0.0.1/32813] INFO  pipeline.PipelineStateManagerImpl (PipelineStateManagerImpl.java:removePipeline(245)) - Pipeline Pipeline[ Id: 7b682ceb-0ee3-4c6e-8cd4-d66893652dd7, Nodes: 901bb4f9-d448-4097-b3df-3dc09329cc1b{ip: 10.1.0.59, host: fv-az435-205.hcxxyugg5vdudo0mn2smve0l3g.cx.internal.cloudapp.net, ports: [REPLICATION=35585, RATIS=35703, RATIS_ADMIN=35703, RATIS_SERVER=35703, STANDALONE=35461], networkLocation: /default-rack, certSerialId: null, persistedOpState: IN_SERVICE, persistedOpStateExpiryEpochSec: 0}35d6043c-a711-468a-a34c-4c4022ea36e3{ip: 10.1.0.59, host: fv-az435-205.hcxxyugg5vdudo0mn2smve0l3g.cx.internal.cloudapp.net, ports: [REPLICATION=33231, RATIS=46313, RATIS_ADMIN=46313, RATIS_SERVER=46313, STANDALONE=43309], networkLocation: /default-rack, certSerialId: null, persistedOpState: IN_SERVICE, persistedOpStateExpiryEpochSec: 0}26c35b0c-04d0-419a-bd9f-9a0c5cb2698b{ip: 10.1.0.59, host: fv-az435-205.hcxxyugg5vdudo0mn2smve0l3g.cx.internal.cloudapp.net, ports: [REPLICATION=34127, RATIS=38927, RATIS_ADMIN=38927, RATIS_SERVER=38927, STANDALONE=38137], networkLocation: /default-rack, certSerialId: null, persistedOpState: IN_SERVICE, persistedOpStateExpiryEpochSec: 0}, ReplicationConfig: RATIS/THREE, State:CLOSED, leaderId:901bb4f9-d448-4097-b3df-3dc09329cc1b, CreationTimestamp2022-11-10T07:14:15.786Z[Etc/UTC]] removed.
2022-11-10 07:14:28,920 [26c35b0c-04d0-419a-bd9f-9a0c5cb2698b@group-EE387B4BAA71-FollowerState] INFO  impl.FollowerState (FollowerState.java:run(143)) - 26c35b0c-04d0-419a-bd9f-9a0c5cb2698b@group-EE387B4BAA71-FollowerState: change to CANDIDATE, lastRpcElapsedTime:5048237739ns, electionTimeout:5044ms
2022-11-10 07:14:28,921 [26c35b0c-04d0-419a-bd9f-9a0c5cb2698b@group-EE387B4BAA71-FollowerState] INFO  impl.RoleInfo (RoleInfo.java:shutdownFollowerState(110)) - 26c35b0c-04d0-419a-bd9f-9a0c5cb2698b: shutdown 26c35b0c-04d0-419a-bd9f-9a0c5cb2698b@group-EE387B4BAA71-FollowerState
2022-11-10 07:14:28,921 [26c35b0c-04d0-419a-bd9f-9a0c5cb2698b@group-EE387B4BAA71-FollowerState] INFO  server.RaftServer$Division (RaftServerImpl.java:setRole(321)) - 26c35b0c-04d0-419a-bd9f-9a0c5cb2698b@group-EE387B4BAA71: changes role from  FOLLOWER to CANDIDATE at term 1 for changeToCandidate
2022-11-10 07:14:28,921 [26c35b0c-04d0-419a-bd9f-9a0c5cb2698b@group-EE387B4BAA71-FollowerState] INFO  server.RaftServerConfigKeys (ConfUtils.java:logGet(46)) - raft.server.leaderelection.pre-vote = false (custom)
2022-11-10 07:14:28,921 [26c35b0c-04d0-419a-bd9f-9a0c5cb2698b@group-EE387B4BAA71-FollowerState] INFO  impl.RoleInfo (RoleInfo.java:updateAndGet(139)) - 26c35b0c-04d0-419a-bd9f-9a0c5cb2698b: start 26c35b0c-04d0-419a-bd9f-9a0c5cb2698b@group-EE387B4BAA71-LeaderElection16
2022-11-10 07:14:28,922 [26c35b0c-04d0-419a-bd9f-9a0c5cb2698b@group-EE387B4BAA71-LeaderElection16] INFO  impl.LeaderElection (LeaderElection.java:askForVotes(312)) - 26c35b0c-04d0-419a-bd9f-9a0c5cb2698b@group-EE387B4BAA71-LeaderElection16 ELECTION round 0: submit vote requests at term 2 for -1: peers:[901bb4f9-d448-4097-b3df-3dc09329cc1b|rpc:10.1.0.59:35703|dataStream:|priority:0|startupRole:FOLLOWER, 35d6043c-a711-468a-a34c-4c4022ea36e3|rpc:10.1.0.59:46313|dataStream:|priority:1|startupRole:FOLLOWER, 26c35b0c-04d0-419a-bd9f-9a0c5cb2698b|rpc:10.1.0.59:38927|dataStream:|priority:0|startupRole:FOLLOWER]|listeners:[], old=null
2022-11-10 07:14:28,923 [26c35b0c-04d0-419a-bd9f-9a0c5cb2698b@group-EE387B4BAA71-LeaderElection16] INFO  server.RaftServerConfigKeys (ConfUtils.java:logFallback(53)) - raft.server.rpc.first-election.timeout.min = 5s (fallback to raft.server.rpc.timeout.min)
2022-11-10 07:14:28,923 [26c35b0c-04d0-419a-bd9f-9a0c5cb2698b@group-EE387B4BAA71-LeaderElection16] INFO  server.RaftServerConfigKeys (ConfUtils.java:logFallback(53)) - raft.server.rpc.first-election.timeout.max = 5200ms (fallback to raft.server.rpc.timeout.max)
2022-11-10 07:14:28,926 [grpc-default-executor-2] INFO  server.RaftServer$Division (RaftServerImpl.java:requestVote(1218)) - 901bb4f9-d448-4097-b3df-3dc09329cc1b@group-EE387B4BAA71: receive requestVote(ELECTION, 26c35b0c-04d0-419a-bd9f-9a0c5cb2698b, group-EE387B4BAA71, 2, (t:0, i:0))
2022-11-10 07:14:28,926 [grpc-default-executor-2] INFO  impl.VoteContext (VoteContext.java:log(48)) - 901bb4f9-d448-4097-b3df-3dc09329cc1b@group-EE387B4BAA71-FOLLOWER: accept ELECTION from 26c35b0c-04d0-419a-bd9f-9a0c5cb2698b: our priority 0 <= candidate's priority 0
2022-11-10 07:14:28,926 [grpc-default-executor-2] INFO  server.RaftServer$Division (RaftServerImpl.java:setRole(321)) - 901bb4f9-d448-4097-b3df-3dc09329cc1b@group-EE387B4BAA71: changes role from  FOLLOWER to FOLLOWER at term 2 for candidate:26c35b0c-04d0-419a-bd9f-9a0c5cb2698b
2022-11-10 07:14:28,926 [grpc-default-executor-2] INFO  impl.RoleInfo (RoleInfo.java:shutdownFollowerState(110)) - 901bb4f9-d448-4097-b3df-3dc09329cc1b: shutdown 901bb4f9-d448-4097-b3df-3dc09329cc1b@group-EE387B4BAA71-FollowerState
2022-11-10 07:14:28,926 [grpc-default-executor-2] INFO  impl.RoleInfo (RoleInfo.java:updateAndGet(139)) - 901bb4f9-d448-4097-b3df-3dc09329cc1b: start 901bb4f9-d448-4097-b3df-3dc09329cc1b@group-EE387B4BAA71-FollowerState
2022-11-10 07:14:28,927 [901bb4f9-d448-4097-b3df-3dc09329cc1b@group-EE387B4BAA71-FollowerState] INFO  server.RaftServerConfigKeys (ConfUtils.java:logFallback(53)) - raft.server.rpc.first-election.timeout.min = 5s (fallback to raft.server.rpc.timeout.min)
2022-11-10 07:14:28,927 [901bb4f9-d448-4097-b3df-3dc09329cc1b@group-EE387B4BAA71-FollowerState] INFO  server.RaftServerConfigKeys (ConfUtils.java:logFallback(53)) - raft.server.rpc.first-election.timeout.max = 5200ms (fallback to raft.server.rpc.timeout.max)
2022-11-10 07:14:28,927 [901bb4f9-d448-4097-b3df-3dc09329cc1b@group-EE387B4BAA71-FollowerState] INFO  impl.FollowerState (FollowerState.java:run(152)) - 901bb4f9-d448-4097-b3df-3dc09329cc1b@group-EE387B4BAA71-FollowerState was interrupted
2022-11-10 07:14:28,928 [grpc-default-executor-2] INFO  server.RaftServer$Division (RaftServerImpl.java:requestVote(1251)) - 901bb4f9-d448-4097-b3df-3dc09329cc1b@group-EE387B4BAA71 replies to ELECTION vote request: 26c35b0c-04d0-419a-bd9f-9a0c5cb2698b<-901bb4f9-d448-4097-b3df-3dc09329cc1b#0:OK-t2. Peer's state: 901bb4f9-d448-4097-b3df-3dc09329cc1b@group-EE387B4BAA71:t2, leader=null, voted=26c35b0c-04d0-419a-bd9f-9a0c5cb2698b, raftlog=Memoized:901bb4f9-d448-4097-b3df-3dc09329cc1b@group-EE387B4BAA71-SegmentedRaftLog:OPENED:c-1, conf=-1: peers:[901bb4f9-d448-4097-b3df-3dc09329cc1b|rpc:10.1.0.59:35703|dataStream:|priority:0|startupRole:FOLLOWER, 35d6043c-a711-468a-a34c-4c4022ea36e3|rpc:10.1.0.59:46313|dataStream:|priority:1|startupRole:FOLLOWER, 26c35b0c-04d0-419a-bd9f-9a0c5cb2698b|rpc:10.1.0.59:38927|dataStream:|priority:0|startupRole:FOLLOWER]|listeners:[], old=null
2022-11-10 07:14:28,931 [grpc-default-executor-2] INFO  server.RaftServer$Division (RaftServerImpl.java:requestVote(1218)) - 35d6043c-a711-468a-a34c-4c4022ea36e3@group-EE387B4BAA71: receive requestVote(ELECTION, 26c35b0c-04d0-419a-bd9f-9a0c5cb2698b, group-EE387B4BAA71, 2, (t:0, i:0))
2022-11-10 07:14:28,931 [grpc-default-executor-2] INFO  impl.VoteContext (VoteContext.java:log(48)) - 35d6043c-a711-468a-a34c-4c4022ea36e3@group-EE387B4BAA71-FOLLOWER: reject ELECTION from 26c35b0c-04d0-419a-bd9f-9a0c5cb2698b: our priority 1 > candidate's priority 0
2022-11-10 07:14:28,931 [grpc-default-executor-2] INFO  server.RaftServer$Division (RaftServerImpl.java:setRole(321)) - 35d6043c-a711-468a-a34c-4c4022ea36e3@group-EE387B4BAA71: changes role from  FOLLOWER to FOLLOWER at term 2 for candidate:26c35b0c-04d0-419a-bd9f-9a0c5cb2698b
2022-11-10 07:14:28,931 [grpc-default-executor-2] INFO  impl.RoleInfo (RoleInfo.java:shutdownFollowerState(110)) - 35d6043c-a711-468a-a34c-4c4022ea36e3: shutdown 35d6043c-a711-468a-a34c-4c4022ea36e3@group-EE387B4BAA71-FollowerState
2022-11-10 07:14:28,931 [grpc-default-executor-2] INFO  impl.RoleInfo (RoleInfo.java:updateAndGet(139)) - 35d6043c-a711-468a-a34c-4c4022ea36e3: start 35d6043c-a711-468a-a34c-4c4022ea36e3@group-EE387B4BAA71-FollowerState
2022-11-10 07:14:28,931 [35d6043c-a711-468a-a34c-4c4022ea36e3@group-EE387B4BAA71-FollowerState] INFO  impl.FollowerState (FollowerState.java:run(152)) - 35d6043c-a711-468a-a34c-4c4022ea36e3@group-EE387B4BAA71-FollowerState was interrupted
2022-11-10 07:14:28,932 [35d6043c-a711-468a-a34c-4c4022ea36e3@group-EE387B4BAA71-FollowerState] INFO  server.RaftServerConfigKeys (ConfUtils.java:logFallback(53)) - raft.server.rpc.first-election.timeout.min = 5s (fallback to raft.server.rpc.timeout.min)
2022-11-10 07:14:28,932 [35d6043c-a711-468a-a34c-4c4022ea36e3@group-EE387B4BAA71-FollowerState] INFO  server.RaftServerConfigKeys (ConfUtils.java:logFallback(53)) - raft.server.rpc.first-election.timeout.max = 5200ms (fallback to raft.server.rpc.timeout.max)
2022-11-10 07:14:28,932 [grpc-default-executor-2] INFO  server.RaftServer$Division (RaftServerImpl.java:requestVote(1251)) - 35d6043c-a711-468a-a34c-4c4022ea36e3@group-EE387B4BAA71 replies to ELECTION vote request: 26c35b0c-04d0-419a-bd9f-9a0c5cb2698b<-35d6043c-a711-468a-a34c-4c4022ea36e3#0:FAIL-t2. Peer's state: 35d6043c-a711-468a-a34c-4c4022ea36e3@group-EE387B4BAA71:t2, leader=null, voted=null, raftlog=Memoized:35d6043c-a711-468a-a34c-4c4022ea36e3@group-EE387B4BAA71-SegmentedRaftLog:OPENED:c-1, conf=-1: peers:[901bb4f9-d448-4097-b3df-3dc09329cc1b|rpc:10.1.0.59:35703|priority:0|startupRole:FOLLOWER, 35d6043c-a711-468a-a34c-4c4022ea36e3|rpc:10.1.0.59:46313|priority:1|startupRole:FOLLOWER, 26c35b0c-04d0-419a-bd9f-9a0c5cb2698b|rpc:10.1.0.59:38927|priority:0|startupRole:FOLLOWER]|listeners:[], old=null
2022-11-10 07:14:28,933 [26c35b0c-04d0-419a-bd9f-9a0c5cb2698b@group-EE387B4BAA71-LeaderElection16] INFO  impl.LeaderElection (LeaderElection.java:logAndReturn(90)) - 26c35b0c-04d0-419a-bd9f-9a0c5cb2698b@group-EE387B4BAA71-LeaderElection16: ELECTION REJECTED received 2 response(s) and 0 exception(s):
2022-11-10 07:14:28,933 [26c35b0c-04d0-419a-bd9f-9a0c5cb2698b@group-EE387B4BAA71-LeaderElection16] INFO  impl.LeaderElection (LeaderElection.java:logAndReturn(94)) -   Response 0: 26c35b0c-04d0-419a-bd9f-9a0c5cb2698b<-901bb4f9-d448-4097-b3df-3dc09329cc1b#0:OK-t2
2022-11-10 07:14:28,933 [26c35b0c-04d0-419a-bd9f-9a0c5cb2698b@group-EE387B4BAA71-LeaderElection16] INFO  impl.LeaderElection (LeaderElection.java:logAndReturn(94)) -   Response 1: 26c35b0c-04d0-419a-bd9f-9a0c5cb2698b<-35d6043c-a711-468a-a34c-4c4022ea36e3#0:FAIL-t2
2022-11-10 07:14:28,933 [26c35b0c-04d0-419a-bd9f-9a0c5cb2698b@group-EE387B4BAA71-LeaderElection16] INFO  impl.LeaderElection (LeaderElection.java:askForVotes(314)) - 26c35b0c-04d0-419a-bd9f-9a0c5cb2698b@group-EE387B4BAA71-LeaderElection16 ELECTION round 0: result REJECTED
2022-11-10 07:14:28,933 [26c35b0c-04d0-419a-bd9f-9a0c5cb2698b@group-EE387B4BAA71-LeaderElection16] INFO  server.RaftServer$Division (RaftServerImpl.java:setRole(321)) - 26c35b0c-04d0-419a-bd9f-9a0c5cb2698b@group-EE387B4BAA71: changes role from CANDIDATE to FOLLOWER at term 2 for REJECTED
2022-11-10 07:14:28,934 [26c35b0c-04d0-419a-bd9f-9a0c5cb2698b@group-EE387B4BAA71-LeaderElection16] INFO  impl.RoleInfo (RoleInfo.java:shutdownLeaderElection(130)) - 26c35b0c-04d0-419a-bd9f-9a0c5cb2698b: shutdown 26c35b0c-04d0-419a-bd9f-9a0c5cb2698b@group-EE387B4BAA71-LeaderElection16
2022-11-10 07:14:28,934 [26c35b0c-04d0-419a-bd9f-9a0c5cb2698b@group-EE387B4BAA71-LeaderElection16] INFO  impl.RoleInfo (RoleInfo.java:updateAndGet(139)) - 26c35b0c-04d0-419a-bd9f-9a0c5cb2698b: start 26c35b0c-04d0-419a-bd9f-9a0c5cb2698b@group-EE387B4BAA71-FollowerState
2022-11-10 07:14:28,936 [26c35b0c-04d0-419a-bd9f-9a0c5cb2698b@group-EE387B4BAA71-FollowerState] INFO  server.RaftServerConfigKeys (ConfUtils.java:logFallback(53)) - raft.server.rpc.first-election.timeout.min = 5s (fallback to raft.server.rpc.timeout.min)
2022-11-10 07:14:28,936 [26c35b0c-04d0-419a-bd9f-9a0c5cb2698b@group-EE387B4BAA71-FollowerState] INFO  server.RaftServerConfigKeys (ConfUtils.java:logFallback(53)) - raft.server.rpc.first-election.timeout.max = 5200ms (fallback to raft.server.rpc.timeout.max)
2022-11-10 07:14:29,412 [Command processor thread] INFO  server.RaftServer (RaftServerProxy.java:remove(107)) - 73d758c7-6b76-4e6e-a3d3-7696fd8c55bd: remove    LEADER 73d758c7-6b76-4e6e-a3d3-7696fd8c55bd@group-6A99B4BC2CFE:t1, leader=73d758c7-6b76-4e6e-a3d3-7696fd8c55bd, voted=73d758c7-6b76-4e6e-a3d3-7696fd8c55bd, raftlog=Memoized:73d758c7-6b76-4e6e-a3d3-7696fd8c55bd@group-6A99B4BC2CFE-SegmentedRaftLog:OPENED:c0, conf=0: peers:[b01711c8-04b4-47a5-9bab-72c84cf7bb6a|rpc:10.1.0.59:44509|dataStream:|priority:0|startupRole:FOLLOWER, 73d758c7-6b76-4e6e-a3d3-7696fd8c55bd|rpc:10.1.0.59:42647|dataStream:|priority:1|startupRole:FOLLOWER, 18b389ac-e92e-45af-bb8d-005344dac216|rpc:10.1.0.59:39897|dataStream:|priority:0|startupRole:FOLLOWER]|listeners:[], old=null RUNNING
2022-11-10 07:14:29,414 [Command processor thread] INFO  server.RaftServer$Division (RaftServerImpl.java:lambda$close$4(458)) - 73d758c7-6b76-4e6e-a3d3-7696fd8c55bd@group-6A99B4BC2CFE: shutdown
2022-11-10 07:14:29,414 [Command processor thread] INFO  util.JmxRegister (JmxRegister.java:unregister(73)) - Successfully un-registered JMX Bean with object name Ratis:service=RaftServer,group=group-6A99B4BC2CFE,id=73d758c7-6b76-4e6e-a3d3-7696fd8c55bd
2022-11-10 07:14:29,414 [Command processor thread] INFO  impl.RoleInfo (RoleInfo.java:shutdownLeaderState(93)) - 73d758c7-6b76-4e6e-a3d3-7696fd8c55bd: shutdown 73d758c7-6b76-4e6e-a3d3-7696fd8c55bd@group-6A99B4BC2CFE-LeaderStateImpl
2022-11-10 07:14:29,415 [73d758c7-6b76-4e6e-a3d3-7696fd8c55bd@group-6A99B4BC2CFE->b01711c8-04b4-47a5-9bab-72c84cf7bb6a-GrpcLogAppender-LogAppenderDaemon] WARN  server.GrpcLogAppender (GrpcLogAppender.java:mayWait(200)) - 73d758c7-6b76-4e6e-a3d3-7696fd8c55bd@group-6A99B4BC2CFE->b01711c8-04b4-47a5-9bab-72c84cf7bb6a-GrpcLogAppender: Wait interrupted by java.lang.InterruptedException
2022-11-10 07:14:29,415 [Command processor thread] INFO  impl.PendingRequests (PendingRequests.java:sendNotLeaderResponses(282)) - 73d758c7-6b76-4e6e-a3d3-7696fd8c55bd@group-6A99B4BC2CFE-PendingRequests: sendNotLeaderResponses
2022-11-10 07:14:29,416 [grpc-default-executor-1] INFO  server.GrpcServerProtocolService (GrpcServerProtocolService.java:onCompleted(145)) - b01711c8-04b4-47a5-9bab-72c84cf7bb6a: Completed APPEND_ENTRIES, lastRequest: null
2022-11-10 07:14:29,417 [grpc-default-executor-0] INFO  server.GrpcLogAppender (GrpcLogAppender.java:onCompleted(415)) - 73d758c7-6b76-4e6e-a3d3-7696fd8c55bd@group-6A99B4BC2CFE->b01711c8-04b4-47a5-9bab-72c84cf7bb6a-AppendLogResponseHandler: follower responses appendEntries COMPLETED
2022-11-10 07:14:29,421 [grpc-default-executor-0] INFO  leader.FollowerInfo (FollowerInfoImpl.java:lambda$new$0(48)) - 73d758c7-6b76-4e6e-a3d3-7696fd8c55bd@group-6A99B4BC2CFE->b01711c8-04b4-47a5-9bab-72c84cf7bb6a: nextIndex: updateUnconditionally 1 -> 0
2022-11-10 07:14:29,417 [grpc-default-executor-2] INFO  server.GrpcServerProtocolService (GrpcServerProtocolService.java:onCompleted(145)) - b01711c8-04b4-47a5-9bab-72c84cf7bb6a: Completed APPEND_ENTRIES, lastRequest: 73d758c7-6b76-4e6e-a3d3-7696fd8c55bd->b01711c8-04b4-47a5-9bab-72c84cf7bb6a#1-t1,previous=(t:0, i:0),leaderCommit=0,initializing? true,entries: size=1, first=(t:1, i:0), CONFIGURATIONENTRY(current:id: "b01711c8-04b4-47a5-9bab-72c84cf7bb6a"
address: "10.1.0.59:44509"
clientAddress: "10.1.0.59:44509"
adminAddress: "10.1.0.59:44509"
startupRole: FOLLOWER
,id: "73d758c7-6b76-4e6e-a3d3-7696fd8c55bd"
address: "10.1.0.59:42647"
priority: 1
clientAddress: "10.1.0.59:42647"
adminAddress: "10.1.0.59:42647"
startupRole: FOLLOWER
,id: "18b389ac-e92e-45af-bb8d-005344dac216"
address: "10.1.0.59:39897"
clientAddress: "10.1.0.59:39897"
adminAddress: "10.1.0.59:39897"
startupRole: FOLLOWER
, old:)
2022-11-10 07:14:29,417 [73d758c7-6b76-4e6e-a3d3-7696fd8c55bd@group-6A99B4BC2CFE->18b389ac-e92e-45af-bb8d-005344dac216-GrpcLogAppender-LogAppenderDaemon] WARN  server.GrpcLogAppender (GrpcLogAppender.java:mayWait(200)) - 73d758c7-6b76-4e6e-a3d3-7696fd8c55bd@group-6A99B4BC2CFE->18b389ac-e92e-45af-bb8d-005344dac216-GrpcLogAppender: Wait interrupted by java.lang.InterruptedException
2022-11-10 07:14:29,423 [73d758c7-6b76-4e6e-a3d3-7696fd8c55bd@group-6A99B4BC2CFE-StateMachineUpdater] INFO  ratis.ContainerStateMachine (ContainerStateMachine.java:takeSnapshot(304)) - group-6A99B4BC2CFE: Taking a snapshot at:(t:1, i:0) file /home/runner/work/ozone/ozone/hadoop-ozone/integration-test/target/test-dir/MiniOzoneClusterImpl-d14c70f5-e14b-41c6-a13f-e3ca6c51505f/datanode-3/data/ratis/e89328de-3269-403f-928c-6a99b4bc2cfe/sm/snapshot.1_0
2022-11-10 07:14:29,424 [grpc-default-executor-3] INFO  server.GrpcServerProtocolService (GrpcServerProtocolService.java:onCompleted(145)) - 18b389ac-e92e-45af-bb8d-005344dac216: Completed APPEND_ENTRIES, lastRequest: null
2022-11-10 07:14:29,425 [18b389ac-e92e-45af-bb8d-005344dac216@group-841363C15B84-FollowerState] INFO  impl.FollowerState (FollowerState.java:run(143)) - 18b389ac-e92e-45af-bb8d-005344dac216@group-841363C15B84-FollowerState: change to CANDIDATE, lastRpcElapsedTime:5029019455ns, electionTimeout:5028ms
2022-11-10 07:14:29,425 [18b389ac-e92e-45af-bb8d-005344dac216@group-841363C15B84-FollowerState] INFO  impl.RoleInfo (RoleInfo.java:shutdownFollowerState(110)) - 18b389ac-e92e-45af-bb8d-005344dac216: shutdown 18b389ac-e92e-45af-bb8d-005344dac216@group-841363C15B84-FollowerState
2022-11-10 07:14:29,425 [18b389ac-e92e-45af-bb8d-005344dac216@group-841363C15B84-FollowerState] INFO  server.RaftServer$Division (RaftServerImpl.java:setRole(321)) - 18b389ac-e92e-45af-bb8d-005344dac216@group-841363C15B84: changes role from  FOLLOWER to CANDIDATE at term 1 for changeToCandidate
2022-11-10 07:14:29,425 [grpc-default-executor-1] INFO  server.GrpcLogAppender (GrpcLogAppender.java:onCompleted(415)) - 73d758c7-6b76-4e6e-a3d3-7696fd8c55bd@group-6A99B4BC2CFE->b01711c8-04b4-47a5-9bab-72c84cf7bb6a-AppendLogResponseHandler: follower responses appendEntries COMPLETED
2022-11-10 07:14:29,432 [18b389ac-e92e-45af-bb8d-005344dac216@group-841363C15B84-FollowerState] INFO  server.RaftServerConfigKeys (ConfUtils.java:logGet(46)) - raft.server.leaderelection.pre-vote = false (custom)
2022-11-10 07:14:29,432 [18b389ac-e92e-45af-bb8d-005344dac216@group-841363C15B84-FollowerState] INFO  impl.RoleInfo (RoleInfo.java:updateAndGet(139)) - 18b389ac-e92e-45af-bb8d-005344dac216: start 18b389ac-e92e-45af-bb8d-005344dac216@group-841363C15B84-LeaderElection17
2022-11-10 07:14:29,425 [grpc-default-executor-1] INFO  leader.FollowerInfo (FollowerInfoImpl.java:lambda$new$0(48)) - 73d758c7-6b76-4e6e-a3d3-7696fd8c55bd@group-6A99B4BC2CFE->b01711c8-04b4-47a5-9bab-72c84cf7bb6a: nextIndex: updateUnconditionally 0 -> 0
2022-11-10 07:14:29,432 [Command processor thread] INFO  impl.StateMachineUpdater (StateMachineUpdater.java:stopAndJoin(153)) - 73d758c7-6b76-4e6e-a3d3-7696fd8c55bd@group-6A99B4BC2CFE-StateMachineUpdater: set stopIndex = 0
2022-11-10 07:14:29,433 [18b389ac-e92e-45af-bb8d-005344dac216@group-841363C15B84-LeaderElection17] INFO  impl.LeaderElection (LeaderElection.java:askForVotes(312)) - 18b389ac-e92e-45af-bb8d-005344dac216@group-841363C15B84-LeaderElection17 ELECTION round 0: submit vote requests at term 2 for -1: peers:[b01711c8-04b4-47a5-9bab-72c84cf7bb6a|rpc:10.1.0.59:44509|dataStream:|priority:1|startupRole:FOLLOWER, 73d758c7-6b76-4e6e-a3d3-7696fd8c55bd|rpc:10.1.0.59:42647|dataStream:|priority:0|startupRole:FOLLOWER, 18b389ac-e92e-45af-bb8d-005344dac216|rpc:10.1.0.59:39897|dataStream:|priority:0|startupRole:FOLLOWER]|listeners:[], old=null
2022-11-10 07:14:29,433 [18b389ac-e92e-45af-bb8d-005344dac216@group-841363C15B84-LeaderElection17] INFO  server.RaftServerConfigKeys (ConfUtils.java:logFallback(53)) - raft.server.rpc.first-election.timeout.min = 5s (fallback to raft.server.rpc.timeout.min)
2022-11-10 07:14:29,433 [grpc-default-executor-4] INFO  server.GrpcLogAppender (GrpcLogAppender.java:onCompleted(415)) - 73d758c7-6b76-4e6e-a3d3-7696fd8c55bd@group-6A99B4BC2CFE->18b389ac-e92e-45af-bb8d-005344dac216-AppendLogResponseHandler: follower responses appendEntries COMPLETED
2022-11-10 07:14:29,434 [18b389ac-e92e-45af-bb8d-005344dac216@group-841363C15B84-LeaderElection17] INFO  server.RaftServerConfigKeys (ConfUtils.java:logFallback(53)) - raft.server.rpc.first-election.timeout.max = 5200ms (fallback to raft.server.rpc.timeout.max)
2022-11-10 07:14:29,434 [grpc-default-executor-0] INFO  server.GrpcServerProtocolService (GrpcServerProtocolService.java:onCompleted(145)) - 18b389ac-e92e-45af-bb8d-005344dac216: Completed APPEND_ENTRIES, lastRequest: 73d758c7-6b76-4e6e-a3d3-7696fd8c55bd->18b389ac-e92e-45af-bb8d-005344dac216#1-t1,previous=(t:0, i:0),leaderCommit=0,initializing? true,entries: size=1, first=(t:1, i:0), CONFIGURATIONENTRY(current:id: "b01711c8-04b4-47a5-9bab-72c84cf7bb6a"
address: "10.1.0.59:44509"
clientAddress: "10.1.0.59:44509"
adminAddress: "10.1.0.59:44509"
startupRole: FOLLOWER
,id: "73d758c7-6b76-4e6e-a3d3-7696fd8c55bd"
address: "10.1.0.59:42647"
priority: 1
clientAddress: "10.1.0.59:42647"
adminAddress: "10.1.0.59:42647"
startupRole: FOLLOWER
,id: "18b389ac-e92e-45af-bb8d-005344dac216"
address: "10.1.0.59:39897"
clientAddress: "10.1.0.59:39897"
adminAddress: "10.1.0.59:39897"
startupRole: FOLLOWER
, old:)
2022-11-10 07:14:29,437 [grpc-default-executor-1] INFO  server.GrpcLogAppender (GrpcLogAppender.java:onCompleted(415)) - 73d758c7-6b76-4e6e-a3d3-7696fd8c55bd@group-6A99B4BC2CFE->18b389ac-e92e-45af-bb8d-005344dac216-AppendLogResponseHandler: follower responses appendEntries COMPLETED
2022-11-10 07:14:29,441 [grpc-default-executor-4] INFO  leader.FollowerInfo (FollowerInfoImpl.java:lambda$new$0(48)) - 73d758c7-6b76-4e6e-a3d3-7696fd8c55bd@group-6A99B4BC2CFE->18b389ac-e92e-45af-bb8d-005344dac216: nextIndex: updateUnconditionally 1 -> 0
2022-11-10 07:14:29,441 [grpc-default-executor-1] INFO  leader.FollowerInfo (FollowerInfoImpl.java:lambda$new$0(48)) - 73d758c7-6b76-4e6e-a3d3-7696fd8c55bd@group-6A99B4BC2CFE->18b389ac-e92e-45af-bb8d-005344dac216: nextIndex: updateUnconditionally 0 -> 0
2022-11-10 07:14:29,445 [grpc-default-executor-4] INFO  server.RaftServer$Division (RaftServerImpl.java:requestVote(1218)) - b01711c8-04b4-47a5-9bab-72c84cf7bb6a@group-841363C15B84: receive requestVote(ELECTION, 18b389ac-e92e-45af-bb8d-005344dac216, group-841363C15B84, 2, (t:0, i:0))
2022-11-10 07:14:29,446 [grpc-default-executor-4] INFO  impl.VoteContext (VoteContext.java:log(48)) - b01711c8-04b4-47a5-9bab-72c84cf7bb6a@group-841363C15B84-FOLLOWER: reject ELECTION from 18b389ac-e92e-45af-bb8d-005344dac216: our priority 1 > candidate's priority 0
2022-11-10 07:14:29,446 [grpc-default-executor-4] INFO  server.RaftServer$Division (RaftServerImpl.java:setRole(321)) - b01711c8-04b4-47a5-9bab-72c84cf7bb6a@group-841363C15B84: changes role from  FOLLOWER to FOLLOWER at term 2 for candidate:18b389ac-e92e-45af-bb8d-005344dac216
2022-11-10 07:14:29,446 [grpc-default-executor-4] INFO  impl.RoleInfo (RoleInfo.java:shutdownFollowerState(110)) - b01711c8-04b4-47a5-9bab-72c84cf7bb6a: shutdown b01711c8-04b4-47a5-9bab-72c84cf7bb6a@group-841363C15B84-FollowerState
2022-11-10 07:14:29,446 [grpc-default-executor-4] INFO  impl.RoleInfo (RoleInfo.java:updateAndGet(139)) - b01711c8-04b4-47a5-9bab-72c84cf7bb6a: start b01711c8-04b4-47a5-9bab-72c84cf7bb6a@group-841363C15B84-FollowerState
2022-11-10 07:14:29,446 [b01711c8-04b4-47a5-9bab-72c84cf7bb6a@group-841363C15B84-FollowerState] INFO  impl.FollowerState (FollowerState.java:run(152)) - b01711c8-04b4-47a5-9bab-72c84cf7bb6a@group-841363C15B84-FollowerState was interrupted
2022-11-10 07:14:29,446 [b01711c8-04b4-47a5-9bab-72c84cf7bb6a@group-841363C15B84-FollowerState] INFO  server.RaftServerConfigKeys (ConfUtils.java:logFallback(53)) - raft.server.rpc.first-election.timeout.min = 5s (fallback to raft.server.rpc.timeout.min)
2022-11-10 07:14:29,446 [b01711c8-04b4-47a5-9bab-72c84cf7bb6a@group-841363C15B84-FollowerState] INFO  server.RaftServerConfigKeys (ConfUtils.java:logFallback(53)) - raft.server.rpc.first-election.timeout.max = 5200ms (fallback to raft.server.rpc.timeout.max)
2022-11-10 07:14:29,448 [grpc-default-executor-4] INFO  server.RaftServer$Division (RaftServerImpl.java:requestVote(1251)) - b01711c8-04b4-47a5-9bab-72c84cf7bb6a@group-841363C15B84 replies to ELECTION vote request: 18b389ac-e92e-45af-bb8d-005344dac216<-b01711c8-04b4-47a5-9bab-72c84cf7bb6a#0:FAIL-t2. Peer's state: b01711c8-04b4-47a5-9bab-72c84cf7bb6a@group-841363C15B84:t2, leader=null, voted=null, raftlog=Memoized:b01711c8-04b4-47a5-9bab-72c84cf7bb6a@group-841363C15B84-SegmentedRaftLog:OPENED:c-1, conf=-1: peers:[b01711c8-04b4-47a5-9bab-72c84cf7bb6a|rpc:10.1.0.59:44509|dataStream:|priority:1|startupRole:FOLLOWER, 73d758c7-6b76-4e6e-a3d3-7696fd8c55bd|rpc:10.1.0.59:42647|dataStream:|priority:0|startupRole:FOLLOWER, 18b389ac-e92e-45af-bb8d-005344dac216|rpc:10.1.0.59:39897|dataStream:|priority:0|startupRole:FOLLOWER]|listeners:[], old=null
2022-11-10 07:14:29,451 [18b389ac-e92e-45af-bb8d-005344dac216@group-841363C15B84-LeaderElection17] INFO  impl.LeaderElection (LeaderElection.java:logAndReturn(90)) - 18b389ac-e92e-45af-bb8d-005344dac216@group-841363C15B84-LeaderElection17: ELECTION REJECTED received 1 response(s) and 0 exception(s):
2022-11-10 07:14:29,451 [18b389ac-e92e-45af-bb8d-005344dac216@group-841363C15B84-LeaderElection17] INFO  impl.LeaderElection (LeaderElection.java:logAndReturn(94)) -   Response 0: 18b389ac-e92e-45af-bb8d-005344dac216<-b01711c8-04b4-47a5-9bab-72c84cf7bb6a#0:FAIL-t2
2022-11-10 07:14:29,451 [18b389ac-e92e-45af-bb8d-005344dac216@group-841363C15B84-LeaderElection17] INFO  impl.LeaderElection (LeaderElection.java:askForVotes(314)) - 18b389ac-e92e-45af-bb8d-005344dac216@group-841363C15B84-LeaderElection17 ELECTION round 0: result REJECTED
2022-11-10 07:14:29,451 [18b389ac-e92e-45af-bb8d-005344dac216@group-841363C15B84-LeaderElection17] INFO  server.RaftServer$Division (RaftServerImpl.java:setRole(321)) - 18b389ac-e92e-45af-bb8d-005344dac216@group-841363C15B84: changes role from CANDIDATE to FOLLOWER at term 2 for REJECTED
2022-11-10 07:14:29,451 [18b389ac-e92e-45af-bb8d-005344dac216@group-841363C15B84-LeaderElection17] INFO  impl.RoleInfo (RoleInfo.java:shutdownLeaderElection(130)) - 18b389ac-e92e-45af-bb8d-005344dac216: shutdown 18b389ac-e92e-45af-bb8d-005344dac216@group-841363C15B84-LeaderElection17
2022-11-10 07:14:29,451 [18b389ac-e92e-45af-bb8d-005344dac216@group-841363C15B84-LeaderElection17] INFO  impl.RoleInfo (RoleInfo.java:updateAndGet(139)) - 18b389ac-e92e-45af-bb8d-005344dac216: start 18b389ac-e92e-45af-bb8d-005344dac216@group-841363C15B84-FollowerState
2022-11-10 07:14:29,456 [grpc-default-executor-4] INFO  server.RaftServer$Division (RaftServerImpl.java:requestVote(1218)) - 73d758c7-6b76-4e6e-a3d3-7696fd8c55bd@group-841363C15B84: receive requestVote(ELECTION, 18b389ac-e92e-45af-bb8d-005344dac216, group-841363C15B84, 2, (t:0, i:0))
2022-11-10 07:14:29,456 [grpc-default-executor-4] INFO  impl.VoteContext (VoteContext.java:log(48)) - 73d758c7-6b76-4e6e-a3d3-7696fd8c55bd@group-841363C15B84-FOLLOWER: accept ELECTION from 18b389ac-e92e-45af-bb8d-005344dac216: our priority 0 <= candidate's priority 0
2022-11-10 07:14:29,456 [grpc-default-executor-4] INFO  server.RaftServer$Division (RaftServerImpl.java:setRole(321)) - 73d758c7-6b76-4e6e-a3d3-7696fd8c55bd@group-841363C15B84: changes role from  FOLLOWER to FOLLOWER at term 2 for candidate:18b389ac-e92e-45af-bb8d-005344dac216
2022-11-10 07:14:29,456 [grpc-default-executor-4] INFO  impl.RoleInfo (RoleInfo.java:shutdownFollowerState(110)) - 73d758c7-6b76-4e6e-a3d3-7696fd8c55bd: shutdown 73d758c7-6b76-4e6e-a3d3-7696fd8c55bd@group-841363C15B84-FollowerState
2022-11-10 07:14:29,456 [grpc-default-executor-4] INFO  impl.RoleInfo (RoleInfo.java:updateAndGet(139)) - 73d758c7-6b76-4e6e-a3d3-7696fd8c55bd: start 73d758c7-6b76-4e6e-a3d3-7696fd8c55bd@group-841363C15B84-FollowerState
2022-11-10 07:14:29,456 [73d758c7-6b76-4e6e-a3d3-7696fd8c55bd@group-841363C15B84-FollowerState] INFO  impl.FollowerState (FollowerState.java:run(152)) - 73d758c7-6b76-4e6e-a3d3-7696fd8c55bd@group-841363C15B84-FollowerState was interrupted
2022-11-10 07:14:29,461 [grpc-default-executor-4] INFO  server.RaftServer$Division (RaftServerImpl.java:requestVote(1251)) - 73d758c7-6b76-4e6e-a3d3-7696fd8c55bd@group-841363C15B84 replies to ELECTION vote request: 18b389ac-e92e-45af-bb8d-005344dac216<-73d758c7-6b76-4e6e-a3d3-7696fd8c55bd#0:OK-t2. Peer's state: 73d758c7-6b76-4e6e-a3d3-7696fd8c55bd@group-841363C15B84:t2, leader=null, voted=18b389ac-e92e-45af-bb8d-005344dac216, raftlog=Memoized:73d758c7-6b76-4e6e-a3d3-7696fd8c55bd@group-841363C15B84-SegmentedRaftLog:OPENED:c-1, conf=-1: peers:[b01711c8-04b4-47a5-9bab-72c84cf7bb6a|rpc:10.1.0.59:44509|priority:1|startupRole:FOLLOWER, 73d758c7-6b76-4e6e-a3d3-7696fd8c55bd|rpc:10.1.0.59:42647|priority:0|startupRole:FOLLOWER, 18b389ac-e92e-45af-bb8d-005344dac216|rpc:10.1.0.59:39897|priority:0|startupRole:FOLLOWER]|listeners:[], old=null
2022-11-10 07:14:29,461 [18b389ac-e92e-45af-bb8d-005344dac216@group-841363C15B84-FollowerState] INFO  server.RaftServerConfigKeys (ConfUtils.java:logFallback(53)) - raft.server.rpc.first-election.timeout.min = 5s (fallback to raft.server.rpc.timeout.min)
2022-11-10 07:14:29,461 [18b389ac-e92e-45af-bb8d-005344dac216@group-841363C15B84-FollowerState] INFO  server.RaftServerConfigKeys (ConfUtils.java:logFallback(53)) - raft.server.rpc.first-election.timeout.max = 5200ms (fallback to raft.server.rpc.timeout.max)
2022-11-10 07:14:29,467 [73d758c7-6b76-4e6e-a3d3-7696fd8c55bd@group-841363C15B84-FollowerState] INFO  server.RaftServerConfigKeys (ConfUtils.java:logFallback(53)) - raft.server.rpc.first-election.timeout.min = 5s (fallback to raft.server.rpc.timeout.min)
2022-11-10 07:14:29,467 [73d758c7-6b76-4e6e-a3d3-7696fd8c55bd@group-841363C15B84-FollowerState] INFO  server.RaftServerConfigKeys (ConfUtils.java:logFallback(53)) - raft.server.rpc.first-election.timeout.max = 5200ms (fallback to raft.server.rpc.timeout.max)
2022-11-10 07:14:29,487 [73d758c7-6b76-4e6e-a3d3-7696fd8c55bd@group-6A99B4BC2CFE-StateMachineUpdater] INFO  ratis.ContainerStateMachine (ContainerStateMachine.java:takeSnapshot(315)) - group-6A99B4BC2CFE: Finished taking a snapshot at:(t:1, i:0) file:/home/runner/work/ozone/ozone/hadoop-ozone/integration-test/target/test-dir/MiniOzoneClusterImpl-d14c70f5-e14b-41c6-a13f-e3ca6c51505f/datanode-3/data/ratis/e89328de-3269-403f-928c-6a99b4bc2cfe/sm/snapshot.1_0 took: 64 ms
2022-11-10 07:14:29,489 [73d758c7-6b76-4e6e-a3d3-7696fd8c55bd@group-6A99B4BC2CFE-StateMachineUpdater] INFO  impl.StateMachineUpdater (StateMachineUpdater.java:takeSnapshot(287)) - 73d758c7-6b76-4e6e-a3d3-7696fd8c55bd@group-6A99B4BC2CFE-StateMachineUpdater: Took a snapshot at index 0
2022-11-10 07:14:29,490 [73d758c7-6b76-4e6e-a3d3-7696fd8c55bd@group-6A99B4BC2CFE-StateMachineUpdater] INFO  impl.StateMachineUpdater (StateMachineUpdater.java:lambda$new$0(92)) - 73d758c7-6b76-4e6e-a3d3-7696fd8c55bd@group-6A99B4BC2CFE-StateMachineUpdater: snapshotIndex: updateIncreasingly -1 -> 0
2022-11-10 07:14:29,492 [Command processor thread] INFO  server.RaftServer$Division (ServerState.java:close(466)) - 73d758c7-6b76-4e6e-a3d3-7696fd8c55bd@group-6A99B4BC2CFE: closes. applyIndex: 0
2022-11-10 07:14:29,493 [73d758c7-6b76-4e6e-a3d3-7696fd8c55bd@group-6A99B4BC2CFE-SegmentedRaftLogWorker] INFO  segmented.SegmentedRaftLogWorker (SegmentedRaftLogWorker.java:run(345)) - 73d758c7-6b76-4e6e-a3d3-7696fd8c55bd@group-6A99B4BC2CFE-SegmentedRaftLogWorker was interrupted, exiting. There are 0 tasks remaining in the queue.
2022-11-10 07:14:29,494 [Command processor thread] INFO  segmented.SegmentedRaftLogWorker (SegmentedRaftLogWorker.java:close(255)) - 73d758c7-6b76-4e6e-a3d3-7696fd8c55bd@group-6A99B4BC2CFE-SegmentedRaftLogWorker close()
2022-11-10 07:14:29,499 [Command processor thread] INFO  server.RaftServer$Division (RaftServerImpl.java:groupRemove(428)) - 73d758c7-6b76-4e6e-a3d3-7696fd8c55bd@group-6A99B4BC2CFE: Succeed to remove RaftStorageDirectory Storage Directory /home/runner/work/ozone/ozone/hadoop-ozone/integration-test/target/test-dir/MiniOzoneClusterImpl-d14c70f5-e14b-41c6-a13f-e3ca6c51505f/datanode-3/data/ratis/e89328de-3269-403f-928c-6a99b4bc2cfe
2022-11-10 07:14:29,499 [Command processor thread] INFO  commandhandler.ClosePipelineCommandHandler (ClosePipelineCommandHandler.java:handle(78)) - Close Pipeline PipelineID=e89328de-3269-403f-928c-6a99b4bc2cfe command on datanode 73d758c7-6b76-4e6e-a3d3-7696fd8c55bd.
2022-11-10 07:14:29,685 [Command processor thread] INFO  server.RaftServer (RaftServerProxy.java:remove(107)) - b01711c8-04b4-47a5-9bab-72c84cf7bb6a: remove  FOLLOWER b01711c8-04b4-47a5-9bab-72c84cf7bb6a@group-6A99B4BC2CFE:t1, leader=73d758c7-6b76-4e6e-a3d3-7696fd8c55bd, voted=73d758c7-6b76-4e6e-a3d3-7696fd8c55bd, raftlog=Memoized:b01711c8-04b4-47a5-9bab-72c84cf7bb6a@group-6A99B4BC2CFE-SegmentedRaftLog:OPENED:c0, conf=0: peers:[b01711c8-04b4-47a5-9bab-72c84cf7bb6a|rpc:10.1.0.59:44509|dataStream:|priority:0|startupRole:FOLLOWER, 73d758c7-6b76-4e6e-a3d3-7696fd8c55bd|rpc:10.1.0.59:42647|dataStream:|priority:1|startupRole:FOLLOWER, 18b389ac-e92e-45af-bb8d-005344dac216|rpc:10.1.0.59:39897|dataStream:|priority:0|startupRole:FOLLOWER]|listeners:[], old=null RUNNING
2022-11-10 07:14:29,685 [Command processor thread] INFO  server.RaftServer$Division (RaftServerImpl.java:lambda$close$4(458)) - b01711c8-04b4-47a5-9bab-72c84cf7bb6a@group-6A99B4BC2CFE: shutdown
2022-11-10 07:14:29,685 [Command processor thread] INFO  util.JmxRegister (JmxRegister.java:unregister(73)) - Successfully un-registered JMX Bean with object name Ratis:service=RaftServer,group=group-6A99B4BC2CFE,id=b01711c8-04b4-47a5-9bab-72c84cf7bb6a
2022-11-10 07:14:29,685 [Command processor thread] INFO  impl.RoleInfo (RoleInfo.java:shutdownFollowerState(110)) - b01711c8-04b4-47a5-9bab-72c84cf7bb6a: shutdown b01711c8-04b4-47a5-9bab-72c84cf7bb6a@group-6A99B4BC2CFE-FollowerState
2022-11-10 07:14:29,685 [Command processor thread] INFO  impl.StateMachineUpdater (StateMachineUpdater.java:stopAndJoin(153)) - b01711c8-04b4-47a5-9bab-72c84cf7bb6a@group-6A99B4BC2CFE-StateMachineUpdater: set stopIndex = 0
2022-11-10 07:14:29,686 [b01711c8-04b4-47a5-9bab-72c84cf7bb6a@group-6A99B4BC2CFE-StateMachineUpdater] INFO  ratis.ContainerStateMachine (ContainerStateMachine.java:takeSnapshot(304)) - group-6A99B4BC2CFE: Taking a snapshot at:(t:1, i:0) file /home/runner/work/ozone/ozone/hadoop-ozone/integration-test/target/test-dir/MiniOzoneClusterImpl-d14c70f5-e14b-41c6-a13f-e3ca6c51505f/datanode-4/data/ratis/e89328de-3269-403f-928c-6a99b4bc2cfe/sm/snapshot.1_0
2022-11-10 07:14:29,686 [b01711c8-04b4-47a5-9bab-72c84cf7bb6a@group-6A99B4BC2CFE-FollowerState] INFO  impl.FollowerState (FollowerState.java:run(152)) - b01711c8-04b4-47a5-9bab-72c84cf7bb6a@group-6A99B4BC2CFE-FollowerState was interrupted
2022-11-10 07:14:29,687 [b01711c8-04b4-47a5-9bab-72c84cf7bb6a@group-6A99B4BC2CFE-StateMachineUpdater] INFO  ratis.ContainerStateMachine (ContainerStateMachine.java:takeSnapshot(315)) - group-6A99B4BC2CFE: Finished taking a snapshot at:(t:1, i:0) file:/home/runner/work/ozone/ozone/hadoop-ozone/integration-test/target/test-dir/MiniOzoneClusterImpl-d14c70f5-e14b-41c6-a13f-e3ca6c51505f/datanode-4/data/ratis/e89328de-3269-403f-928c-6a99b4bc2cfe/sm/snapshot.1_0 took: 1 ms
2022-11-10 07:14:29,687 [b01711c8-04b4-47a5-9bab-72c84cf7bb6a@group-6A99B4BC2CFE-StateMachineUpdater] INFO  impl.StateMachineUpdater (StateMachineUpdater.java:takeSnapshot(287)) - b01711c8-04b4-47a5-9bab-72c84cf7bb6a@group-6A99B4BC2CFE-StateMachineUpdater: Took a snapshot at index 0
2022-11-10 07:14:29,687 [b01711c8-04b4-47a5-9bab-72c84cf7bb6a@group-6A99B4BC2CFE-StateMachineUpdater] INFO  impl.StateMachineUpdater (StateMachineUpdater.java:lambda$new$0(92)) - b01711c8-04b4-47a5-9bab-72c84cf7bb6a@group-6A99B4BC2CFE-StateMachineUpdater: snapshotIndex: updateIncreasingly -1 -> 0
2022-11-10 07:14:29,688 [Command processor thread] INFO  server.RaftServer$Division (ServerState.java:close(466)) - b01711c8-04b4-47a5-9bab-72c84cf7bb6a@group-6A99B4BC2CFE: closes. applyIndex: 0
2022-11-10 07:14:29,688 [b01711c8-04b4-47a5-9bab-72c84cf7bb6a@group-6A99B4BC2CFE-SegmentedRaftLogWorker] INFO  segmented.SegmentedRaftLogWorker (SegmentedRaftLogWorker.java:run(345)) - b01711c8-04b4-47a5-9bab-72c84cf7bb6a@group-6A99B4BC2CFE-SegmentedRaftLogWorker was interrupted, exiting. There are 0 tasks remaining in the queue.
2022-11-10 07:14:29,689 [Command processor thread] INFO  segmented.SegmentedRaftLogWorker (SegmentedRaftLogWorker.java:close(255)) - b01711c8-04b4-47a5-9bab-72c84cf7bb6a@group-6A99B4BC2CFE-SegmentedRaftLogWorker close()
2022-11-10 07:14:29,691 [Command processor thread] INFO  server.RaftServer$Division (RaftServerImpl.java:groupRemove(428)) - b01711c8-04b4-47a5-9bab-72c84cf7bb6a@group-6A99B4BC2CFE: Succeed to remove RaftStorageDirectory Storage Directory /home/runner/work/ozone/ozone/hadoop-ozone/integration-test/target/test-dir/MiniOzoneClusterImpl-d14c70f5-e14b-41c6-a13f-e3ca6c51505f/datanode-4/data/ratis/e89328de-3269-403f-928c-6a99b4bc2cfe
2022-11-10 07:14:29,692 [Command processor thread] INFO  commandhandler.ClosePipelineCommandHandler (ClosePipelineCommandHandler.java:handle(78)) - Close Pipeline PipelineID=e89328de-3269-403f-928c-6a99b4bc2cfe command on datanode b01711c8-04b4-47a5-9bab-72c84cf7bb6a.
2022-11-10 07:14:29,918 [Command processor thread] INFO  server.RaftServer (RaftServerProxy.java:remove(107)) - 26c35b0c-04d0-419a-bd9f-9a0c5cb2698b: remove  FOLLOWER 26c35b0c-04d0-419a-bd9f-9a0c5cb2698b@group-D66893652DD7:t2, leader=901bb4f9-d448-4097-b3df-3dc09329cc1b, voted=901bb4f9-d448-4097-b3df-3dc09329cc1b, raftlog=Memoized:26c35b0c-04d0-419a-bd9f-9a0c5cb2698b@group-D66893652DD7-SegmentedRaftLog:OPENED:c0, conf=0: peers:[901bb4f9-d448-4097-b3df-3dc09329cc1b|rpc:10.1.0.59:35703|dataStream:|priority:1|startupRole:FOLLOWER, 35d6043c-a711-468a-a34c-4c4022ea36e3|rpc:10.1.0.59:46313|dataStream:|priority:0|startupRole:FOLLOWER, 26c35b0c-04d0-419a-bd9f-9a0c5cb2698b|rpc:10.1.0.59:38927|dataStream:|priority:0|startupRole:FOLLOWER]|listeners:[], old=null RUNNING
2022-11-10 07:14:29,918 [Command processor thread] INFO  server.RaftServer$Division (RaftServerImpl.java:lambda$close$4(458)) - 26c35b0c-04d0-419a-bd9f-9a0c5cb2698b@group-D66893652DD7: shutdown
2022-11-10 07:14:29,918 [Command processor thread] INFO  util.JmxRegister (JmxRegister.java:unregister(73)) - Successfully un-registered JMX Bean with object name Ratis:service=RaftServer,group=group-D66893652DD7,id=26c35b0c-04d0-419a-bd9f-9a0c5cb2698b
2022-11-10 07:14:29,918 [Command processor thread] INFO  impl.RoleInfo (RoleInfo.java:shutdownFollowerState(110)) - 26c35b0c-04d0-419a-bd9f-9a0c5cb2698b: shutdown 26c35b0c-04d0-419a-bd9f-9a0c5cb2698b@group-D66893652DD7-FollowerState
2022-11-10 07:14:29,918 [Command processor thread] INFO  impl.StateMachineUpdater (StateMachineUpdater.java:stopAndJoin(153)) - 26c35b0c-04d0-419a-bd9f-9a0c5cb2698b@group-D66893652DD7-StateMachineUpdater: set stopIndex = 0
2022-11-10 07:14:29,918 [26c35b0c-04d0-419a-bd9f-9a0c5cb2698b@group-D66893652DD7-FollowerState] INFO  impl.FollowerState (FollowerState.java:run(152)) - 26c35b0c-04d0-419a-bd9f-9a0c5cb2698b@group-D66893652DD7-FollowerState was interrupted
2022-11-10 07:14:29,918 [26c35b0c-04d0-419a-bd9f-9a0c5cb2698b@group-D66893652DD7-StateMachineUpdater] INFO  ratis.ContainerStateMachine (ContainerStateMachine.java:takeSnapshot(304)) - group-D66893652DD7: Taking a snapshot at:(t:2, i:0) file /home/runner/work/ozone/ozone/hadoop-ozone/integration-test/target/test-dir/MiniOzoneClusterImpl-d14c70f5-e14b-41c6-a13f-e3ca6c51505f/datanode-0/data/ratis/7b682ceb-0ee3-4c6e-8cd4-d66893652dd7/sm/snapshot.2_0
2022-11-10 07:14:29,920 [26c35b0c-04d0-419a-bd9f-9a0c5cb2698b@group-D66893652DD7-StateMachineUpdater] INFO  ratis.ContainerStateMachine (ContainerStateMachine.java:takeSnapshot(315)) - group-D66893652DD7: Finished taking a snapshot at:(t:2, i:0) file:/home/runner/work/ozone/ozone/hadoop-ozone/integration-test/target/test-dir/MiniOzoneClusterImpl-d14c70f5-e14b-41c6-a13f-e3ca6c51505f/datanode-0/data/ratis/7b682ceb-0ee3-4c6e-8cd4-d66893652dd7/sm/snapshot.2_0 took: 2 ms
2022-11-10 07:14:29,920 [26c35b0c-04d0-419a-bd9f-9a0c5cb2698b@group-D66893652DD7-StateMachineUpdater] INFO  impl.StateMachineUpdater (StateMachineUpdater.java:takeSnapshot(287)) - 26c35b0c-04d0-419a-bd9f-9a0c5cb2698b@group-D66893652DD7-StateMachineUpdater: Took a snapshot at index 0
2022-11-10 07:14:29,920 [26c35b0c-04d0-419a-bd9f-9a0c5cb2698b@group-D66893652DD7-StateMachineUpdater] INFO  impl.StateMachineUpdater (StateMachineUpdater.java:lambda$new$0(92)) - 26c35b0c-04d0-419a-bd9f-9a0c5cb2698b@group-D66893652DD7-StateMachineUpdater: snapshotIndex: updateIncreasingly -1 -> 0
2022-11-10 07:14:29,921 [Command processor thread] INFO  server.RaftServer$Division (ServerState.java:close(466)) - 26c35b0c-04d0-419a-bd9f-9a0c5cb2698b@group-D66893652DD7: closes. applyIndex: 0
2022-11-10 07:14:29,921 [26c35b0c-04d0-419a-bd9f-9a0c5cb2698b@group-D66893652DD7-SegmentedRaftLogWorker] INFO  segmented.SegmentedRaftLogWorker (SegmentedRaftLogWorker.java:run(345)) - 26c35b0c-04d0-419a-bd9f-9a0c5cb2698b@group-D66893652DD7-SegmentedRaftLogWorker was interrupted, exiting. There are 0 tasks remaining in the queue.
2022-11-10 07:14:29,923 [Command processor thread] INFO  segmented.SegmentedRaftLogWorker (SegmentedRaftLogWorker.java:close(255)) - 26c35b0c-04d0-419a-bd9f-9a0c5cb2698b@group-D66893652DD7-SegmentedRaftLogWorker close()
2022-11-10 07:14:29,928 [Command processor thread] INFO  server.RaftServer$Division (RaftServerImpl.java:groupRemove(428)) - 26c35b0c-04d0-419a-bd9f-9a0c5cb2698b@group-D66893652DD7: Succeed to remove RaftStorageDirectory Storage Directory /home/runner/work/ozone/ozone/hadoop-ozone/integration-test/target/test-dir/MiniOzoneClusterImpl-d14c70f5-e14b-41c6-a13f-e3ca6c51505f/datanode-0/data/ratis/7b682ceb-0ee3-4c6e-8cd4-d66893652dd7
2022-11-10 07:14:29,928 [Command processor thread] INFO  commandhandler.ClosePipelineCommandHandler (ClosePipelineCommandHandler.java:handle(78)) - Close Pipeline PipelineID=7b682ceb-0ee3-4c6e-8cd4-d66893652dd7 command on datanode 26c35b0c-04d0-419a-bd9f-9a0c5cb2698b.
2022-11-10 07:14:29,939 [Command processor thread] INFO  server.RaftServer (RaftServerProxy.java:remove(107)) - 18b389ac-e92e-45af-bb8d-005344dac216: remove  FOLLOWER 18b389ac-e92e-45af-bb8d-005344dac216@group-6A99B4BC2CFE:t1, leader=73d758c7-6b76-4e6e-a3d3-7696fd8c55bd, voted=73d758c7-6b76-4e6e-a3d3-7696fd8c55bd, raftlog=Memoized:18b389ac-e92e-45af-bb8d-005344dac216@group-6A99B4BC2CFE-SegmentedRaftLog:OPENED:c0, conf=0: peers:[b01711c8-04b4-47a5-9bab-72c84cf7bb6a|rpc:10.1.0.59:44509|dataStream:|priority:0|startupRole:FOLLOWER, 73d758c7-6b76-4e6e-a3d3-7696fd8c55bd|rpc:10.1.0.59:42647|dataStream:|priority:1|startupRole:FOLLOWER, 18b389ac-e92e-45af-bb8d-005344dac216|rpc:10.1.0.59:39897|dataStream:|priority:0|startupRole:FOLLOWER]|listeners:[], old=null RUNNING
2022-11-10 07:14:29,939 [Command processor thread] INFO  server.RaftServer$Division (RaftServerImpl.java:lambda$close$4(458)) - 18b389ac-e92e-45af-bb8d-005344dac216@group-6A99B4BC2CFE: shutdown
2022-11-10 07:14:29,939 [Command processor thread] INFO  util.JmxRegister (JmxRegister.java:unregister(73)) - Successfully un-registered JMX Bean with object name Ratis:service=RaftServer,group=group-6A99B4BC2CFE,id=18b389ac-e92e-45af-bb8d-005344dac216
2022-11-10 07:14:29,939 [Command processor thread] INFO  impl.RoleInfo (RoleInfo.java:shutdownFollowerState(110)) - 18b389ac-e92e-45af-bb8d-005344dac216: shutdown 18b389ac-e92e-45af-bb8d-005344dac216@group-6A99B4BC2CFE-FollowerState
2022-11-10 07:14:29,939 [Command processor thread] INFO  impl.StateMachineUpdater (StateMachineUpdater.java:stopAndJoin(153)) - 18b389ac-e92e-45af-bb8d-005344dac216@group-6A99B4BC2CFE-StateMachineUpdater: set stopIndex = 0
2022-11-10 07:14:29,939 [18b389ac-e92e-45af-bb8d-005344dac216@group-6A99B4BC2CFE-FollowerState] INFO  impl.FollowerState (FollowerState.java:run(152)) - 18b389ac-e92e-45af-bb8d-005344dac216@group-6A99B4BC2CFE-FollowerState was interrupted
2022-11-10 07:14:29,940 [18b389ac-e92e-45af-bb8d-005344dac216@group-6A99B4BC2CFE-StateMachineUpdater] INFO  ratis.ContainerStateMachine (ContainerStateMachine.java:takeSnapshot(304)) - group-6A99B4BC2CFE: Taking a snapshot at:(t:1, i:0) file /home/runner/work/ozone/ozone/hadoop-ozone/integration-test/target/test-dir/MiniOzoneClusterImpl-d14c70f5-e14b-41c6-a13f-e3ca6c51505f/datanode-5/data/ratis/e89328de-3269-403f-928c-6a99b4bc2cfe/sm/snapshot.1_0
2022-11-10 07:14:29,940 [18b389ac-e92e-45af-bb8d-005344dac216@group-6A99B4BC2CFE-StateMachineUpdater] INFO  ratis.ContainerStateMachine (ContainerStateMachine.java:takeSnapshot(315)) - group-6A99B4BC2CFE: Finished taking a snapshot at:(t:1, i:0) file:/home/runner/work/ozone/ozone/hadoop-ozone/integration-test/target/test-dir/MiniOzoneClusterImpl-d14c70f5-e14b-41c6-a13f-e3ca6c51505f/datanode-5/data/ratis/e89328de-3269-403f-928c-6a99b4bc2cfe/sm/snapshot.1_0 took: 1 ms
2022-11-10 07:14:29,941 [18b389ac-e92e-45af-bb8d-005344dac216@group-6A99B4BC2CFE-StateMachineUpdater] INFO  impl.StateMachineUpdater (StateMachineUpdater.java:takeSnapshot(287)) - 18b389ac-e92e-45af-bb8d-005344dac216@group-6A99B4BC2CFE-StateMachineUpdater: Took a snapshot at index 0
2022-11-10 07:14:29,941 [18b389ac-e92e-45af-bb8d-005344dac216@group-6A99B4BC2CFE-StateMachineUpdater] INFO  impl.StateMachineUpdater (StateMachineUpdater.java:lambda$new$0(92)) - 18b389ac-e92e-45af-bb8d-005344dac216@group-6A99B4BC2CFE-StateMachineUpdater: snapshotIndex: updateIncreasingly -1 -> 0
2022-11-10 07:14:29,941 [Command processor thread] INFO  server.RaftServer$Division (ServerState.java:close(466)) - 18b389ac-e92e-45af-bb8d-005344dac216@group-6A99B4BC2CFE: closes. applyIndex: 0
2022-11-10 07:14:29,941 [18b389ac-e92e-45af-bb8d-005344dac216@group-6A99B4BC2CFE-SegmentedRaftLogWorker] INFO  segmented.SegmentedRaftLogWorker (SegmentedRaftLogWorker.java:run(345)) - 18b389ac-e92e-45af-bb8d-005344dac216@group-6A99B4BC2CFE-SegmentedRaftLogWorker was interrupted, exiting. There are 0 tasks remaining in the queue.
2022-11-10 07:14:29,942 [Command processor thread] INFO  segmented.SegmentedRaftLogWorker (SegmentedRaftLogWorker.java:close(255)) - 18b389ac-e92e-45af-bb8d-005344dac216@group-6A99B4BC2CFE-SegmentedRaftLogWorker close()
2022-11-10 07:14:29,945 [Command processor thread] INFO  server.RaftServer$Division (RaftServerImpl.java:groupRemove(428)) - 18b389ac-e92e-45af-bb8d-005344dac216@group-6A99B4BC2CFE: Succeed to remove RaftStorageDirectory Storage Directory /home/runner/work/ozone/ozone/hadoop-ozone/integration-test/target/test-dir/MiniOzoneClusterImpl-d14c70f5-e14b-41c6-a13f-e3ca6c51505f/datanode-5/data/ratis/e89328de-3269-403f-928c-6a99b4bc2cfe
2022-11-10 07:14:29,945 [Command processor thread] INFO  commandhandler.ClosePipelineCommandHandler (ClosePipelineCommandHandler.java:handle(78)) - Close Pipeline PipelineID=e89328de-3269-403f-928c-6a99b4bc2cfe command on datanode 18b389ac-e92e-45af-bb8d-005344dac216.
2022-11-10 07:14:30,476 [Command processor thread] INFO  server.RaftServer (RaftServerProxy.java:remove(107)) - 35d6043c-a711-468a-a34c-4c4022ea36e3: remove  FOLLOWER 35d6043c-a711-468a-a34c-4c4022ea36e3@group-D66893652DD7:t2, leader=901bb4f9-d448-4097-b3df-3dc09329cc1b, voted=901bb4f9-d448-4097-b3df-3dc09329cc1b, raftlog=Memoized:35d6043c-a711-468a-a34c-4c4022ea36e3@group-D66893652DD7-SegmentedRaftLog:OPENED:c0, conf=0: peers:[901bb4f9-d448-4097-b3df-3dc09329cc1b|rpc:10.1.0.59:35703|dataStream:|priority:1|startupRole:FOLLOWER, 35d6043c-a711-468a-a34c-4c4022ea36e3|rpc:10.1.0.59:46313|dataStream:|priority:0|startupRole:FOLLOWER, 26c35b0c-04d0-419a-bd9f-9a0c5cb2698b|rpc:10.1.0.59:38927|dataStream:|priority:0|startupRole:FOLLOWER]|listeners:[], old=null RUNNING
2022-11-10 07:14:30,476 [Command processor thread] INFO  server.RaftServer$Division (RaftServerImpl.java:lambda$close$4(458)) - 35d6043c-a711-468a-a34c-4c4022ea36e3@group-D66893652DD7: shutdown
2022-11-10 07:14:30,476 [Command processor thread] INFO  util.JmxRegister (JmxRegister.java:unregister(73)) - Successfully un-registered JMX Bean with object name Ratis:service=RaftServer,group=group-D66893652DD7,id=35d6043c-a711-468a-a34c-4c4022ea36e3
2022-11-10 07:14:30,476 [Command processor thread] INFO  impl.RoleInfo (RoleInfo.java:shutdownFollowerState(110)) - 35d6043c-a711-468a-a34c-4c4022ea36e3: shutdown 35d6043c-a711-468a-a34c-4c4022ea36e3@group-D66893652DD7-FollowerState
2022-11-10 07:14:30,476 [Command processor thread] INFO  impl.StateMachineUpdater (StateMachineUpdater.java:stopAndJoin(153)) - 35d6043c-a711-468a-a34c-4c4022ea36e3@group-D66893652DD7-StateMachineUpdater: set stopIndex = 0
2022-11-10 07:14:30,476 [35d6043c-a711-468a-a34c-4c4022ea36e3@group-D66893652DD7-FollowerState] INFO  impl.FollowerState (FollowerState.java:run(152)) - 35d6043c-a711-468a-a34c-4c4022ea36e3@group-D66893652DD7-FollowerState was interrupted
2022-11-10 07:14:30,478 [35d6043c-a711-468a-a34c-4c4022ea36e3@group-D66893652DD7-StateMachineUpdater] INFO  ratis.ContainerStateMachine (ContainerStateMachine.java:takeSnapshot(304)) - group-D66893652DD7: Taking a snapshot at:(t:2, i:0) file /home/runner/work/ozone/ozone/hadoop-ozone/integration-test/target/test-dir/MiniOzoneClusterImpl-d14c70f5-e14b-41c6-a13f-e3ca6c51505f/datanode-1/data/ratis/7b682ceb-0ee3-4c6e-8cd4-d66893652dd7/sm/snapshot.2_0
2022-11-10 07:14:30,479 [35d6043c-a711-468a-a34c-4c4022ea36e3@group-D66893652DD7-StateMachineUpdater] INFO  ratis.ContainerStateMachine (ContainerStateMachine.java:takeSnapshot(315)) - group-D66893652DD7: Finished taking a snapshot at:(t:2, i:0) file:/home/runner/work/ozone/ozone/hadoop-ozone/integration-test/target/test-dir/MiniOzoneClusterImpl-d14c70f5-e14b-41c6-a13f-e3ca6c51505f/datanode-1/data/ratis/7b682ceb-0ee3-4c6e-8cd4-d66893652dd7/sm/snapshot.2_0 took: 1 ms
2022-11-10 07:14:30,479 [35d6043c-a711-468a-a34c-4c4022ea36e3@group-D66893652DD7-StateMachineUpdater] INFO  impl.StateMachineUpdater (StateMachineUpdater.java:takeSnapshot(287)) - 35d6043c-a711-468a-a34c-4c4022ea36e3@group-D66893652DD7-StateMachineUpdater: Took a snapshot at index 0
2022-11-10 07:14:30,479 [35d6043c-a711-468a-a34c-4c4022ea36e3@group-D66893652DD7-StateMachineUpdater] INFO  impl.StateMachineUpdater (StateMachineUpdater.java:lambda$new$0(92)) - 35d6043c-a711-468a-a34c-4c4022ea36e3@group-D66893652DD7-StateMachineUpdater: snapshotIndex: updateIncreasingly -1 -> 0
2022-11-10 07:14:30,479 [Command processor thread] INFO  server.RaftServer$Division (ServerState.java:close(466)) - 35d6043c-a711-468a-a34c-4c4022ea36e3@group-D66893652DD7: closes. applyIndex: 0
2022-11-10 07:14:30,479 [35d6043c-a711-468a-a34c-4c4022ea36e3@group-D66893652DD7-SegmentedRaftLogWorker] INFO  segmented.SegmentedRaftLogWorker (SegmentedRaftLogWorker.java:run(345)) - 35d6043c-a711-468a-a34c-4c4022ea36e3@group-D66893652DD7-SegmentedRaftLogWorker was interrupted, exiting. There are 0 tasks remaining in the queue.
2022-11-10 07:14:30,481 [Command processor thread] INFO  segmented.SegmentedRaftLogWorker (SegmentedRaftLogWorker.java:close(255)) - 35d6043c-a711-468a-a34c-4c4022ea36e3@group-D66893652DD7-SegmentedRaftLogWorker close()
2022-11-10 07:14:30,483 [Command processor thread] INFO  server.RaftServer$Division (RaftServerImpl.java:groupRemove(428)) - 35d6043c-a711-468a-a34c-4c4022ea36e3@group-D66893652DD7: Succeed to remove RaftStorageDirectory Storage Directory /home/runner/work/ozone/ozone/hadoop-ozone/integration-test/target/test-dir/MiniOzoneClusterImpl-d14c70f5-e14b-41c6-a13f-e3ca6c51505f/datanode-1/data/ratis/7b682ceb-0ee3-4c6e-8cd4-d66893652dd7
2022-11-10 07:14:30,483 [Command processor thread] INFO  commandhandler.ClosePipelineCommandHandler (ClosePipelineCommandHandler.java:handle(78)) - Close Pipeline PipelineID=7b682ceb-0ee3-4c6e-8cd4-d66893652dd7 command on datanode 35d6043c-a711-468a-a34c-4c4022ea36e3.
2022-11-10 07:14:31,174 [Command processor thread] INFO  server.RaftServer (RaftServerProxy.java:remove(107)) - 901bb4f9-d448-4097-b3df-3dc09329cc1b: remove    LEADER 901bb4f9-d448-4097-b3df-3dc09329cc1b@group-D66893652DD7:t2, leader=901bb4f9-d448-4097-b3df-3dc09329cc1b, voted=901bb4f9-d448-4097-b3df-3dc09329cc1b, raftlog=Memoized:901bb4f9-d448-4097-b3df-3dc09329cc1b@group-D66893652DD7-SegmentedRaftLog:OPENED:c0, conf=0: peers:[901bb4f9-d448-4097-b3df-3dc09329cc1b|rpc:10.1.0.59:35703|dataStream:|priority:1|startupRole:FOLLOWER, 35d6043c-a711-468a-a34c-4c4022ea36e3|rpc:10.1.0.59:46313|dataStream:|priority:0|startupRole:FOLLOWER, 26c35b0c-04d0-419a-bd9f-9a0c5cb2698b|rpc:10.1.0.59:38927|dataStream:|priority:0|startupRole:FOLLOWER]|listeners:[], old=null RUNNING
2022-11-10 07:14:31,175 [Command processor thread] INFO  server.RaftServer$Division (RaftServerImpl.java:lambda$close$4(458)) - 901bb4f9-d448-4097-b3df-3dc09329cc1b@group-D66893652DD7: shutdown
2022-11-10 07:14:31,175 [Command processor thread] INFO  util.JmxRegister (JmxRegister.java:unregister(73)) - Successfully un-registered JMX Bean with object name Ratis:service=RaftServer,group=group-D66893652DD7,id=901bb4f9-d448-4097-b3df-3dc09329cc1b
2022-11-10 07:14:31,175 [Command processor thread] INFO  impl.RoleInfo (RoleInfo.java:shutdownLeaderState(93)) - 901bb4f9-d448-4097-b3df-3dc09329cc1b: shutdown 901bb4f9-d448-4097-b3df-3dc09329cc1b@group-D66893652DD7-LeaderStateImpl
2022-11-10 07:14:31,175 [901bb4f9-d448-4097-b3df-3dc09329cc1b@group-D66893652DD7->35d6043c-a711-468a-a34c-4c4022ea36e3-GrpcLogAppender-LogAppenderDaemon] WARN  server.GrpcLogAppender (GrpcLogAppender.java:mayWait(200)) - 901bb4f9-d448-4097-b3df-3dc09329cc1b@group-D66893652DD7->35d6043c-a711-468a-a34c-4c4022ea36e3-GrpcLogAppender: Wait interrupted by java.lang.InterruptedException
2022-11-10 07:14:31,175 [901bb4f9-d448-4097-b3df-3dc09329cc1b@group-D66893652DD7->26c35b0c-04d0-419a-bd9f-9a0c5cb2698b-GrpcLogAppender-LogAppenderDaemon] WARN  server.GrpcLogAppender (GrpcLogAppender.java:mayWait(200)) - 901bb4f9-d448-4097-b3df-3dc09329cc1b@group-D66893652DD7->26c35b0c-04d0-419a-bd9f-9a0c5cb2698b-GrpcLogAppender: Wait interrupted by java.lang.InterruptedException
2022-11-10 07:14:31,175 [Command processor thread] INFO  impl.PendingRequests (PendingRequests.java:sendNotLeaderResponses(282)) - 901bb4f9-d448-4097-b3df-3dc09329cc1b@group-D66893652DD7-PendingRequests: sendNotLeaderResponses
2022-11-10 07:14:31,179 [grpc-default-executor-4] INFO  server.GrpcServerProtocolService (GrpcServerProtocolService.java:onCompleted(145)) - 35d6043c-a711-468a-a34c-4c4022ea36e3: Completed APPEND_ENTRIES, lastRequest: null
2022-11-10 07:14:31,179 [grpc-default-executor-3] INFO  server.GrpcServerProtocolService (GrpcServerProtocolService.java:onCompleted(145)) - 26c35b0c-04d0-419a-bd9f-9a0c5cb2698b: Completed APPEND_ENTRIES, lastRequest: null
2022-11-10 07:14:31,181 [Command processor thread] INFO  impl.StateMachineUpdater (StateMachineUpdater.java:stopAndJoin(153)) - 901bb4f9-d448-4097-b3df-3dc09329cc1b@group-D66893652DD7-StateMachineUpdater: set stopIndex = 0
2022-11-10 07:14:31,181 [grpc-default-executor-3] INFO  server.GrpcLogAppender (GrpcLogAppender.java:onCompleted(415)) - 901bb4f9-d448-4097-b3df-3dc09329cc1b@group-D66893652DD7->26c35b0c-04d0-419a-bd9f-9a0c5cb2698b-AppendLogResponseHandler: follower responses appendEntries COMPLETED
2022-11-10 07:14:31,182 [grpc-default-executor-3] INFO  leader.FollowerInfo (FollowerInfoImpl.java:lambda$new$0(48)) - 901bb4f9-d448-4097-b3df-3dc09329cc1b@group-D66893652DD7->26c35b0c-04d0-419a-bd9f-9a0c5cb2698b: nextIndex: updateUnconditionally 1 -> 0
2022-11-10 07:14:31,182 [grpc-default-executor-3] INFO  server.GrpcLogAppender (GrpcLogAppender.java:onCompleted(415)) - 901bb4f9-d448-4097-b3df-3dc09329cc1b@group-D66893652DD7->35d6043c-a711-468a-a34c-4c4022ea36e3-AppendLogResponseHandler: follower responses appendEntries COMPLETED
2022-11-10 07:14:31,182 [grpc-default-executor-3] INFO  leader.FollowerInfo (FollowerInfoImpl.java:lambda$new$0(48)) - 901bb4f9-d448-4097-b3df-3dc09329cc1b@group-D66893652DD7->35d6043c-a711-468a-a34c-4c4022ea36e3: nextIndex: updateUnconditionally 1 -> 0
2022-11-10 07:14:31,182 [901bb4f9-d448-4097-b3df-3dc09329cc1b@group-D66893652DD7-StateMachineUpdater] INFO  ratis.ContainerStateMachine (ContainerStateMachine.java:takeSnapshot(304)) - group-D66893652DD7: Taking a snapshot at:(t:2, i:0) file /home/runner/work/ozone/ozone/hadoop-ozone/integration-test/target/test-dir/MiniOzoneClusterImpl-d14c70f5-e14b-41c6-a13f-e3ca6c51505f/datanode-2/data/ratis/7b682ceb-0ee3-4c6e-8cd4-d66893652dd7/sm/snapshot.2_0
2022-11-10 07:14:31,182 [grpc-default-executor-0] INFO  server.GrpcServerProtocolService (GrpcServerProtocolService.java:onCompleted(145)) - 26c35b0c-04d0-419a-bd9f-9a0c5cb2698b: Completed APPEND_ENTRIES, lastRequest: 901bb4f9-d448-4097-b3df-3dc09329cc1b->26c35b0c-04d0-419a-bd9f-9a0c5cb2698b#1-t2,previous=(t:0, i:0),leaderCommit=0,initializing? true,entries: size=1, first=(t:2, i:0), CONFIGURATIONENTRY(current:id: "901bb4f9-d448-4097-b3df-3dc09329cc1b"
address: "10.1.0.59:35703"
priority: 1
clientAddress: "10.1.0.59:35703"
adminAddress: "10.1.0.59:35703"
startupRole: FOLLOWER
,id: "35d6043c-a711-468a-a34c-4c4022ea36e3"
address: "10.1.0.59:46313"
clientAddress: "10.1.0.59:46313"
adminAddress: "10.1.0.59:46313"
startupRole: FOLLOWER
,id: "26c35b0c-04d0-419a-bd9f-9a0c5cb2698b"
address: "10.1.0.59:38927"
clientAddress: "10.1.0.59:38927"
adminAddress: "10.1.0.59:38927"
startupRole: FOLLOWER
, old:)
2022-11-10 07:14:31,183 [901bb4f9-d448-4097-b3df-3dc09329cc1b@group-D66893652DD7-StateMachineUpdater] INFO  ratis.ContainerStateMachine (ContainerStateMachine.java:takeSnapshot(315)) - group-D66893652DD7: Finished taking a snapshot at:(t:2, i:0) file:/home/runner/work/ozone/ozone/hadoop-ozone/integration-test/target/test-dir/MiniOzoneClusterImpl-d14c70f5-e14b-41c6-a13f-e3ca6c51505f/datanode-2/data/ratis/7b682ceb-0ee3-4c6e-8cd4-d66893652dd7/sm/snapshot.2_0 took: 1 ms
2022-11-10 07:14:31,184 [901bb4f9-d448-4097-b3df-3dc09329cc1b@group-D66893652DD7-StateMachineUpdater] INFO  impl.StateMachineUpdater (StateMachineUpdater.java:takeSnapshot(287)) - 901bb4f9-d448-4097-b3df-3dc09329cc1b@group-D66893652DD7-StateMachineUpdater: Took a snapshot at index 0
2022-11-10 07:14:31,184 [901bb4f9-d448-4097-b3df-3dc09329cc1b@group-D66893652DD7-StateMachineUpdater] INFO  impl.StateMachineUpdater (StateMachineUpdater.java:lambda$new$0(92)) - 901bb4f9-d448-4097-b3df-3dc09329cc1b@group-D66893652DD7-StateMachineUpdater: snapshotIndex: updateIncreasingly -1 -> 0
2022-11-10 07:14:31,184 [grpc-default-executor-0] INFO  server.GrpcLogAppender (GrpcLogAppender.java:onCompleted(415)) - 901bb4f9-d448-4097-b3df-3dc09329cc1b@group-D66893652DD7->26c35b0c-04d0-419a-bd9f-9a0c5cb2698b-AppendLogResponseHandler: follower responses appendEntries COMPLETED
2022-11-10 07:14:31,184 [grpc-default-executor-0] INFO  leader.FollowerInfo (FollowerInfoImpl.java:lambda$new$0(48)) - 901bb4f9-d448-4097-b3df-3dc09329cc1b@group-D66893652DD7->26c35b0c-04d0-419a-bd9f-9a0c5cb2698b: nextIndex: updateUnconditionally 0 -> 0
2022-11-10 07:14:31,185 [grpc-default-executor-1] INFO  server.GrpcServerProtocolService (GrpcServerProtocolService.java:onCompleted(145)) - 35d6043c-a711-468a-a34c-4c4022ea36e3: Completed APPEND_ENTRIES, lastRequest: 901bb4f9-d448-4097-b3df-3dc09329cc1b->35d6043c-a711-468a-a34c-4c4022ea36e3#1-t2,previous=(t:0, i:0),leaderCommit=0,initializing? true,entries: size=1, first=(t:2, i:0), CONFIGURATIONENTRY(current:id: "901bb4f9-d448-4097-b3df-3dc09329cc1b"
address: "10.1.0.59:35703"
priority: 1
clientAddress: "10.1.0.59:35703"
adminAddress: "10.1.0.59:35703"
startupRole: FOLLOWER
,id: "35d6043c-a711-468a-a34c-4c4022ea36e3"
address: "10.1.0.59:46313"
clientAddress: "10.1.0.59:46313"
adminAddress: "10.1.0.59:46313"
startupRole: FOLLOWER
,id: "26c35b0c-04d0-419a-bd9f-9a0c5cb2698b"
address: "10.1.0.59:38927"
clientAddress: "10.1.0.59:38927"
adminAddress: "10.1.0.59:38927"
startupRole: FOLLOWER
, old:)
2022-11-10 07:14:31,185 [Command processor thread] INFO  server.RaftServer$Division (ServerState.java:close(466)) - 901bb4f9-d448-4097-b3df-3dc09329cc1b@group-D66893652DD7: closes. applyIndex: 0
2022-11-10 07:14:31,185 [901bb4f9-d448-4097-b3df-3dc09329cc1b@group-D66893652DD7-SegmentedRaftLogWorker] INFO  segmented.SegmentedRaftLogWorker (SegmentedRaftLogWorker.java:run(345)) - 901bb4f9-d448-4097-b3df-3dc09329cc1b@group-D66893652DD7-SegmentedRaftLogWorker was interrupted, exiting. There are 0 tasks remaining in the queue.
2022-11-10 07:14:31,185 [grpc-default-executor-1] INFO  server.GrpcLogAppender (GrpcLogAppender.java:onCompleted(415)) - 901bb4f9-d448-4097-b3df-3dc09329cc1b@group-D66893652DD7->35d6043c-a711-468a-a34c-4c4022ea36e3-AppendLogResponseHandler: follower responses appendEntries COMPLETED
2022-11-10 07:14:31,186 [grpc-default-executor-1] INFO  leader.FollowerInfo (FollowerInfoImpl.java:lambda$new$0(48)) - 901bb4f9-d448-4097-b3df-3dc09329cc1b@group-D66893652DD7->35d6043c-a711-468a-a34c-4c4022ea36e3: nextIndex: updateUnconditionally 0 -> 0
2022-11-10 07:14:31,192 [Command processor thread] INFO  segmented.SegmentedRaftLogWorker (SegmentedRaftLogWorker.java:close(255)) - 901bb4f9-d448-4097-b3df-3dc09329cc1b@group-D66893652DD7-SegmentedRaftLogWorker close()
2022-11-10 07:14:31,195 [Command processor thread] INFO  server.RaftServer$Division (RaftServerImpl.java:groupRemove(428)) - 901bb4f9-d448-4097-b3df-3dc09329cc1b@group-D66893652DD7: Succeed to remove RaftStorageDirectory Storage Directory /home/runner/work/ozone/ozone/hadoop-ozone/integration-test/target/test-dir/MiniOzoneClusterImpl-d14c70f5-e14b-41c6-a13f-e3ca6c51505f/datanode-2/data/ratis/7b682ceb-0ee3-4c6e-8cd4-d66893652dd7
2022-11-10 07:14:31,195 [Command processor thread] INFO  commandhandler.ClosePipelineCommandHandler (ClosePipelineCommandHandler.java:handle(78)) - Close Pipeline PipelineID=7b682ceb-0ee3-4c6e-8cd4-d66893652dd7 command on datanode 901bb4f9-d448-4097-b3df-3dc09329cc1b.
2022-11-10 07:14:34,009 [26c35b0c-04d0-419a-bd9f-9a0c5cb2698b@group-EE387B4BAA71-FollowerState] INFO  impl.FollowerState (FollowerState.java:run(143)) - 26c35b0c-04d0-419a-bd9f-9a0c5cb2698b@group-EE387B4BAA71-FollowerState: change to CANDIDATE, lastRpcElapsedTime:5075287111ns, electionTimeout:5073ms
2022-11-10 07:14:34,010 [26c35b0c-04d0-419a-bd9f-9a0c5cb2698b@group-EE387B4BAA71-FollowerState] INFO  impl.RoleInfo (RoleInfo.java:shutdownFollowerState(110)) - 26c35b0c-04d0-419a-bd9f-9a0c5cb2698b: shutdown 26c35b0c-04d0-419a-bd9f-9a0c5cb2698b@group-EE387B4BAA71-FollowerState
2022-11-10 07:14:34,010 [26c35b0c-04d0-419a-bd9f-9a0c5cb2698b@group-EE387B4BAA71-FollowerState] INFO  server.RaftServer$Division (RaftServerImpl.java:setRole(321)) - 26c35b0c-04d0-419a-bd9f-9a0c5cb2698b@group-EE387B4BAA71: changes role from  FOLLOWER to CANDIDATE at term 2 for changeToCandidate
2022-11-10 07:14:34,010 [26c35b0c-04d0-419a-bd9f-9a0c5cb2698b@group-EE387B4BAA71-FollowerState] INFO  server.RaftServerConfigKeys (ConfUtils.java:logGet(46)) - raft.server.leaderelection.pre-vote = false (custom)
2022-11-10 07:14:34,010 [26c35b0c-04d0-419a-bd9f-9a0c5cb2698b@group-EE387B4BAA71-FollowerState] INFO  impl.RoleInfo (RoleInfo.java:updateAndGet(139)) - 26c35b0c-04d0-419a-bd9f-9a0c5cb2698b: start 26c35b0c-04d0-419a-bd9f-9a0c5cb2698b@group-EE387B4BAA71-LeaderElection18
2022-11-10 07:14:34,013 [26c35b0c-04d0-419a-bd9f-9a0c5cb2698b@group-EE387B4BAA71-LeaderElection18] INFO  impl.LeaderElection (LeaderElection.java:askForVotes(312)) - 26c35b0c-04d0-419a-bd9f-9a0c5cb2698b@group-EE387B4BAA71-LeaderElection18 ELECTION round 0: submit vote requests at term 3 for -1: peers:[901bb4f9-d448-4097-b3df-3dc09329cc1b|rpc:10.1.0.59:35703|dataStream:|priority:0|startupRole:FOLLOWER, 35d6043c-a711-468a-a34c-4c4022ea36e3|rpc:10.1.0.59:46313|dataStream:|priority:1|startupRole:FOLLOWER, 26c35b0c-04d0-419a-bd9f-9a0c5cb2698b|rpc:10.1.0.59:38927|dataStream:|priority:0|startupRole:FOLLOWER]|listeners:[], old=null
2022-11-10 07:14:34,013 [26c35b0c-04d0-419a-bd9f-9a0c5cb2698b@group-EE387B4BAA71-LeaderElection18] INFO  server.RaftServerConfigKeys (ConfUtils.java:logFallback(53)) - raft.server.rpc.first-election.timeout.min = 5s (fallback to raft.server.rpc.timeout.min)
2022-11-10 07:14:34,013 [26c35b0c-04d0-419a-bd9f-9a0c5cb2698b@group-EE387B4BAA71-LeaderElection18] INFO  server.RaftServerConfigKeys (ConfUtils.java:logFallback(53)) - raft.server.rpc.first-election.timeout.max = 5200ms (fallback to raft.server.rpc.timeout.max)
2022-11-10 07:14:34,020 [grpc-default-executor-1] INFO  server.RaftServer$Division (RaftServerImpl.java:requestVote(1218)) - 901bb4f9-d448-4097-b3df-3dc09329cc1b@group-EE387B4BAA71: receive requestVote(ELECTION, 26c35b0c-04d0-419a-bd9f-9a0c5cb2698b, group-EE387B4BAA71, 3, (t:0, i:0))
2022-11-10 07:14:34,020 [grpc-default-executor-1] INFO  impl.VoteContext (VoteContext.java:log(48)) - 901bb4f9-d448-4097-b3df-3dc09329cc1b@group-EE387B4BAA71-FOLLOWER: accept ELECTION from 26c35b0c-04d0-419a-bd9f-9a0c5cb2698b: our priority 0 <= candidate's priority 0
2022-11-10 07:14:34,020 [grpc-default-executor-1] INFO  server.RaftServer$Division (RaftServerImpl.java:setRole(321)) - 901bb4f9-d448-4097-b3df-3dc09329cc1b@group-EE387B4BAA71: changes role from  FOLLOWER to FOLLOWER at term 3 for candidate:26c35b0c-04d0-419a-bd9f-9a0c5cb2698b
2022-11-10 07:14:34,020 [grpc-default-executor-1] INFO  impl.RoleInfo (RoleInfo.java:shutdownFollowerState(110)) - 901bb4f9-d448-4097-b3df-3dc09329cc1b: shutdown 901bb4f9-d448-4097-b3df-3dc09329cc1b@group-EE387B4BAA71-FollowerState
2022-11-10 07:14:34,020 [grpc-default-executor-1] INFO  impl.RoleInfo (RoleInfo.java:updateAndGet(139)) - 901bb4f9-d448-4097-b3df-3dc09329cc1b: start 901bb4f9-d448-4097-b3df-3dc09329cc1b@group-EE387B4BAA71-FollowerState
2022-11-10 07:14:34,020 [901bb4f9-d448-4097-b3df-3dc09329cc1b@group-EE387B4BAA71-FollowerState] INFO  impl.FollowerState (FollowerState.java:run(152)) - 901bb4f9-d448-4097-b3df-3dc09329cc1b@group-EE387B4BAA71-FollowerState was interrupted
2022-11-10 07:14:34,022 [901bb4f9-d448-4097-b3df-3dc09329cc1b@group-EE387B4BAA71-FollowerState] INFO  server.RaftServerConfigKeys (ConfUtils.java:logFallback(53)) - raft.server.rpc.first-election.timeout.min = 5s (fallback to raft.server.rpc.timeout.min)
2022-11-10 07:14:34,022 [901bb4f9-d448-4097-b3df-3dc09329cc1b@group-EE387B4BAA71-FollowerState] INFO  server.RaftServerConfigKeys (ConfUtils.java:logFallback(53)) - raft.server.rpc.first-election.timeout.max = 5200ms (fallback to raft.server.rpc.timeout.max)
2022-11-10 07:14:34,023 [grpc-default-executor-1] INFO  server.RaftServer$Division (RaftServerImpl.java:requestVote(1251)) - 901bb4f9-d448-4097-b3df-3dc09329cc1b@group-EE387B4BAA71 replies to ELECTION vote request: 26c35b0c-04d0-419a-bd9f-9a0c5cb2698b<-901bb4f9-d448-4097-b3df-3dc09329cc1b#0:OK-t3. Peer's state: 901bb4f9-d448-4097-b3df-3dc09329cc1b@group-EE387B4BAA71:t3, leader=null, voted=26c35b0c-04d0-419a-bd9f-9a0c5cb2698b, raftlog=Memoized:901bb4f9-d448-4097-b3df-3dc09329cc1b@group-EE387B4BAA71-SegmentedRaftLog:OPENED:c-1, conf=-1: peers:[901bb4f9-d448-4097-b3df-3dc09329cc1b|rpc:10.1.0.59:35703|dataStream:|priority:0|startupRole:FOLLOWER, 35d6043c-a711-468a-a34c-4c4022ea36e3|rpc:10.1.0.59:46313|dataStream:|priority:1|startupRole:FOLLOWER, 26c35b0c-04d0-419a-bd9f-9a0c5cb2698b|rpc:10.1.0.59:38927|dataStream:|priority:0|startupRole:FOLLOWER]|listeners:[], old=null
2022-11-10 07:14:34,023 [grpc-default-executor-0] INFO  server.RaftServer$Division (RaftServerImpl.java:requestVote(1218)) - 35d6043c-a711-468a-a34c-4c4022ea36e3@group-EE387B4BAA71: receive requestVote(ELECTION, 26c35b0c-04d0-419a-bd9f-9a0c5cb2698b, group-EE387B4BAA71, 3, (t:0, i:0))
2022-11-10 07:14:34,023 [grpc-default-executor-0] INFO  impl.VoteContext (VoteContext.java:log(48)) - 35d6043c-a711-468a-a34c-4c4022ea36e3@group-EE387B4BAA71-FOLLOWER: reject ELECTION from 26c35b0c-04d0-419a-bd9f-9a0c5cb2698b: our priority 1 > candidate's priority 0
2022-11-10 07:14:34,023 [grpc-default-executor-0] INFO  server.RaftServer$Division (RaftServerImpl.java:setRole(321)) - 35d6043c-a711-468a-a34c-4c4022ea36e3@group-EE387B4BAA71: changes role from  FOLLOWER to FOLLOWER at term 3 for candidate:26c35b0c-04d0-419a-bd9f-9a0c5cb2698b
2022-11-10 07:14:34,024 [grpc-default-executor-0] INFO  impl.RoleInfo (RoleInfo.java:shutdownFollowerState(110)) - 35d6043c-a711-468a-a34c-4c4022ea36e3: shutdown 35d6043c-a711-468a-a34c-4c4022ea36e3@group-EE387B4BAA71-FollowerState
2022-11-10 07:14:34,024 [grpc-default-executor-0] INFO  impl.RoleInfo (RoleInfo.java:updateAndGet(139)) - 35d6043c-a711-468a-a34c-4c4022ea36e3: start 35d6043c-a711-468a-a34c-4c4022ea36e3@group-EE387B4BAA71-FollowerState
2022-11-10 07:14:34,025 [35d6043c-a711-468a-a34c-4c4022ea36e3@group-EE387B4BAA71-FollowerState] INFO  impl.FollowerState (FollowerState.java:run(152)) - 35d6043c-a711-468a-a34c-4c4022ea36e3@group-EE387B4BAA71-FollowerState was interrupted
2022-11-10 07:14:34,033 [35d6043c-a711-468a-a34c-4c4022ea36e3@group-EE387B4BAA71-FollowerState] INFO  server.RaftServerConfigKeys (ConfUtils.java:logFallback(53)) - raft.server.rpc.first-election.timeout.min = 5s (fallback to raft.server.rpc.timeout.min)
2022-11-10 07:14:34,033 [35d6043c-a711-468a-a34c-4c4022ea36e3@group-EE387B4BAA71-FollowerState] INFO  server.RaftServerConfigKeys (ConfUtils.java:logFallback(53)) - raft.server.rpc.first-election.timeout.max = 5200ms (fallback to raft.server.rpc.timeout.max)
2022-11-10 07:14:34,033 [grpc-default-executor-0] INFO  server.RaftServer$Division (RaftServerImpl.java:requestVote(1251)) - 35d6043c-a711-468a-a34c-4c4022ea36e3@group-EE387B4BAA71 replies to ELECTION vote request: 26c35b0c-04d0-419a-bd9f-9a0c5cb2698b<-35d6043c-a711-468a-a34c-4c4022ea36e3#0:FAIL-t3. Peer's state: 35d6043c-a711-468a-a34c-4c4022ea36e3@group-EE387B4BAA71:t3, leader=null, voted=null, raftlog=Memoized:35d6043c-a711-468a-a34c-4c4022ea36e3@group-EE387B4BAA71-SegmentedRaftLog:OPENED:c-1, conf=-1: peers:[901bb4f9-d448-4097-b3df-3dc09329cc1b|rpc:10.1.0.59:35703|priority:0|startupRole:FOLLOWER, 35d6043c-a711-468a-a34c-4c4022ea36e3|rpc:10.1.0.59:46313|priority:1|startupRole:FOLLOWER, 26c35b0c-04d0-419a-bd9f-9a0c5cb2698b|rpc:10.1.0.59:38927|priority:0|startupRole:FOLLOWER]|listeners:[], old=null
2022-11-10 07:14:34,034 [26c35b0c-04d0-419a-bd9f-9a0c5cb2698b@group-EE387B4BAA71-LeaderElection18] INFO  impl.LeaderElection (LeaderElection.java:logAndReturn(90)) - 26c35b0c-04d0-419a-bd9f-9a0c5cb2698b@group-EE387B4BAA71-LeaderElection18: ELECTION REJECTED received 2 response(s) and 0 exception(s):
2022-11-10 07:14:34,034 [26c35b0c-04d0-419a-bd9f-9a0c5cb2698b@group-EE387B4BAA71-LeaderElection18] INFO  impl.LeaderElection (LeaderElection.java:logAndReturn(94)) -   Response 0: 26c35b0c-04d0-419a-bd9f-9a0c5cb2698b<-901bb4f9-d448-4097-b3df-3dc09329cc1b#0:OK-t3
2022-11-10 07:14:34,034 [26c35b0c-04d0-419a-bd9f-9a0c5cb2698b@group-EE387B4BAA71-LeaderElection18] INFO  impl.LeaderElection (LeaderElection.java:logAndReturn(94)) -   Response 1: 26c35b0c-04d0-419a-bd9f-9a0c5cb2698b<-35d6043c-a711-468a-a34c-4c4022ea36e3#0:FAIL-t3
2022-11-10 07:14:34,034 [26c35b0c-04d0-419a-bd9f-9a0c5cb2698b@group-EE387B4BAA71-LeaderElection18] INFO  impl.LeaderElection (LeaderElection.java:askForVotes(314)) - 26c35b0c-04d0-419a-bd9f-9a0c5cb2698b@group-EE387B4BAA71-LeaderElection18 ELECTION round 0: result REJECTED
2022-11-10 07:14:34,035 [26c35b0c-04d0-419a-bd9f-9a0c5cb2698b@group-EE387B4BAA71-LeaderElection18] INFO  server.RaftServer$Division (RaftServerImpl.java:setRole(321)) - 26c35b0c-04d0-419a-bd9f-9a0c5cb2698b@group-EE387B4BAA71: changes role from CANDIDATE to FOLLOWER at term 3 for REJECTED
2022-11-10 07:14:34,035 [26c35b0c-04d0-419a-bd9f-9a0c5cb2698b@group-EE387B4BAA71-LeaderElection18] INFO  impl.RoleInfo (RoleInfo.java:shutdownLeaderElection(130)) - 26c35b0c-04d0-419a-bd9f-9a0c5cb2698b: shutdown 26c35b0c-04d0-419a-bd9f-9a0c5cb2698b@group-EE387B4BAA71-LeaderElection18
2022-11-10 07:14:34,035 [26c35b0c-04d0-419a-bd9f-9a0c5cb2698b@group-EE387B4BAA71-LeaderElection18] INFO  impl.RoleInfo (RoleInfo.java:updateAndGet(139)) - 26c35b0c-04d0-419a-bd9f-9a0c5cb2698b: start 26c35b0c-04d0-419a-bd9f-9a0c5cb2698b@group-EE387B4BAA71-FollowerState
2022-11-10 07:14:34,035 [26c35b0c-04d0-419a-bd9f-9a0c5cb2698b@group-EE387B4BAA71-FollowerState] INFO  server.RaftServerConfigKeys (ConfUtils.java:logFallback(53)) - raft.server.rpc.first-election.timeout.min = 5s (fallback to raft.server.rpc.timeout.min)
2022-11-10 07:14:34,035 [26c35b0c-04d0-419a-bd9f-9a0c5cb2698b@group-EE387B4BAA71-FollowerState] INFO  server.RaftServerConfigKeys (ConfUtils.java:logFallback(53)) - raft.server.rpc.first-election.timeout.max = 5200ms (fallback to raft.server.rpc.timeout.max)
2022-11-10 07:14:34,615 [18b389ac-e92e-45af-bb8d-005344dac216@group-841363C15B84-FollowerState] INFO  impl.FollowerState (FollowerState.java:run(143)) - 18b389ac-e92e-45af-bb8d-005344dac216@group-841363C15B84-FollowerState: change to CANDIDATE, lastRpcElapsedTime:5163838718ns, electionTimeout:5154ms
2022-11-10 07:14:34,615 [18b389ac-e92e-45af-bb8d-005344dac216@group-841363C15B84-FollowerState] INFO  impl.RoleInfo (RoleInfo.java:shutdownFollowerState(110)) - 18b389ac-e92e-45af-bb8d-005344dac216: shutdown 18b389ac-e92e-45af-bb8d-005344dac216@group-841363C15B84-FollowerState
2022-11-10 07:14:34,615 [18b389ac-e92e-45af-bb8d-005344dac216@group-841363C15B84-FollowerState] INFO  server.RaftServer$Division (RaftServerImpl.java:setRole(321)) - 18b389ac-e92e-45af-bb8d-005344dac216@group-841363C15B84: changes role from  FOLLOWER to CANDIDATE at term 2 for changeToCandidate
2022-11-10 07:14:34,615 [18b389ac-e92e-45af-bb8d-005344dac216@group-841363C15B84-FollowerState] INFO  server.RaftServerConfigKeys (ConfUtils.java:logGet(46)) - raft.server.leaderelection.pre-vote = false (custom)
2022-11-10 07:14:34,616 [18b389ac-e92e-45af-bb8d-005344dac216@group-841363C15B84-FollowerState] INFO  impl.RoleInfo (RoleInfo.java:updateAndGet(139)) - 18b389ac-e92e-45af-bb8d-005344dac216: start 18b389ac-e92e-45af-bb8d-005344dac216@group-841363C15B84-LeaderElection19
2022-11-10 07:14:34,619 [18b389ac-e92e-45af-bb8d-005344dac216@group-841363C15B84-LeaderElection19] INFO  impl.LeaderElection (LeaderElection.java:askForVotes(312)) - 18b389ac-e92e-45af-bb8d-005344dac216@group-841363C15B84-LeaderElection19 ELECTION round 0: submit vote requests at term 3 for -1: peers:[b01711c8-04b4-47a5-9bab-72c84cf7bb6a|rpc:10.1.0.59:44509|dataStream:|priority:1|startupRole:FOLLOWER, 73d758c7-6b76-4e6e-a3d3-7696fd8c55bd|rpc:10.1.0.59:42647|dataStream:|priority:0|startupRole:FOLLOWER, 18b389ac-e92e-45af-bb8d-005344dac216|rpc:10.1.0.59:39897|dataStream:|priority:0|startupRole:FOLLOWER]|listeners:[], old=null
2022-11-10 07:14:34,620 [18b389ac-e92e-45af-bb8d-005344dac216@group-841363C15B84-LeaderElection19] INFO  server.RaftServerConfigKeys (ConfUtils.java:logFallback(53)) - raft.server.rpc.first-election.timeout.min = 5s (fallback to raft.server.rpc.timeout.min)
2022-11-10 07:14:34,620 [18b389ac-e92e-45af-bb8d-005344dac216@group-841363C15B84-LeaderElection19] INFO  server.RaftServerConfigKeys (ConfUtils.java:logFallback(53)) - raft.server.rpc.first-election.timeout.max = 5200ms (fallback to raft.server.rpc.timeout.max)
2022-11-10 07:14:34,623 [grpc-default-executor-0] INFO  server.RaftServer$Division (RaftServerImpl.java:requestVote(1218)) - 73d758c7-6b76-4e6e-a3d3-7696fd8c55bd@group-841363C15B84: receive requestVote(ELECTION, 18b389ac-e92e-45af-bb8d-005344dac216, group-841363C15B84, 3, (t:0, i:0))
2022-11-10 07:14:34,623 [grpc-default-executor-0] INFO  impl.VoteContext (VoteContext.java:log(48)) - 73d758c7-6b76-4e6e-a3d3-7696fd8c55bd@group-841363C15B84-FOLLOWER: accept ELECTION from 18b389ac-e92e-45af-bb8d-005344dac216: our priority 0 <= candidate's priority 0
2022-11-10 07:14:34,623 [grpc-default-executor-0] INFO  server.RaftServer$Division (RaftServerImpl.java:setRole(321)) - 73d758c7-6b76-4e6e-a3d3-7696fd8c55bd@group-841363C15B84: changes role from  FOLLOWER to FOLLOWER at term 3 for candidate:18b389ac-e92e-45af-bb8d-005344dac216
2022-11-10 07:14:34,623 [grpc-default-executor-0] INFO  impl.RoleInfo (RoleInfo.java:shutdownFollowerState(110)) - 73d758c7-6b76-4e6e-a3d3-7696fd8c55bd: shutdown 73d758c7-6b76-4e6e-a3d3-7696fd8c55bd@group-841363C15B84-FollowerState
2022-11-10 07:14:34,623 [grpc-default-executor-0] INFO  impl.RoleInfo (RoleInfo.java:updateAndGet(139)) - 73d758c7-6b76-4e6e-a3d3-7696fd8c55bd: start 73d758c7-6b76-4e6e-a3d3-7696fd8c55bd@group-841363C15B84-FollowerState
2022-11-10 07:14:34,624 [73d758c7-6b76-4e6e-a3d3-7696fd8c55bd@group-841363C15B84-FollowerState] INFO  impl.FollowerState (FollowerState.java:run(152)) - 73d758c7-6b76-4e6e-a3d3-7696fd8c55bd@group-841363C15B84-FollowerState was interrupted
2022-11-10 07:14:34,633 [grpc-default-executor-1] INFO  server.RaftServer$Division (RaftServerImpl.java:requestVote(1218)) - b01711c8-04b4-47a5-9bab-72c84cf7bb6a@group-841363C15B84: receive requestVote(ELECTION, 18b389ac-e92e-45af-bb8d-005344dac216, group-841363C15B84, 3, (t:0, i:0))
2022-11-10 07:14:34,634 [grpc-default-executor-1] INFO  impl.VoteContext (VoteContext.java:log(48)) - b01711c8-04b4-47a5-9bab-72c84cf7bb6a@group-841363C15B84-FOLLOWER: reject ELECTION from 18b389ac-e92e-45af-bb8d-005344dac216: our priority 1 > candidate's priority 0
2022-11-10 07:14:34,634 [grpc-default-executor-1] INFO  server.RaftServer$Division (RaftServerImpl.java:setRole(321)) - b01711c8-04b4-47a5-9bab-72c84cf7bb6a@group-841363C15B84: changes role from  FOLLOWER to FOLLOWER at term 3 for candidate:18b389ac-e92e-45af-bb8d-005344dac216
2022-11-10 07:14:34,634 [grpc-default-executor-1] INFO  impl.RoleInfo (RoleInfo.java:shutdownFollowerState(110)) - b01711c8-04b4-47a5-9bab-72c84cf7bb6a: shutdown b01711c8-04b4-47a5-9bab-72c84cf7bb6a@group-841363C15B84-FollowerState
2022-11-10 07:14:34,634 [grpc-default-executor-1] INFO  impl.RoleInfo (RoleInfo.java:updateAndGet(139)) - b01711c8-04b4-47a5-9bab-72c84cf7bb6a: start b01711c8-04b4-47a5-9bab-72c84cf7bb6a@group-841363C15B84-FollowerState
2022-11-10 07:14:34,634 [b01711c8-04b4-47a5-9bab-72c84cf7bb6a@group-841363C15B84-FollowerState] INFO  impl.FollowerState (FollowerState.java:run(152)) - b01711c8-04b4-47a5-9bab-72c84cf7bb6a@group-841363C15B84-FollowerState was interrupted
2022-11-10 07:14:34,634 [b01711c8-04b4-47a5-9bab-72c84cf7bb6a@group-841363C15B84-FollowerState] INFO  server.RaftServerConfigKeys (ConfUtils.java:logFallback(53)) - raft.server.rpc.first-election.timeout.min = 5s (fallback to raft.server.rpc.timeout.min)
2022-11-10 07:14:34,634 [b01711c8-04b4-47a5-9bab-72c84cf7bb6a@group-841363C15B84-FollowerState] INFO  server.RaftServerConfigKeys (ConfUtils.java:logFallback(53)) - raft.server.rpc.first-election.timeout.max = 5200ms (fallback to raft.server.rpc.timeout.max)
2022-11-10 07:14:34,634 [73d758c7-6b76-4e6e-a3d3-7696fd8c55bd@group-841363C15B84-FollowerState] INFO  server.RaftServerConfigKeys (ConfUtils.java:logFallback(53)) - raft.server.rpc.first-election.timeout.min = 5s (fallback to raft.server.rpc.timeout.min)
2022-11-10 07:14:34,634 [73d758c7-6b76-4e6e-a3d3-7696fd8c55bd@group-841363C15B84-FollowerState] INFO  server.RaftServerConfigKeys (ConfUtils.java:logFallback(53)) - raft.server.rpc.first-election.timeout.max = 5200ms (fallback to raft.server.rpc.timeout.max)
2022-11-10 07:14:34,635 [grpc-default-executor-0] INFO  server.RaftServer$Division (RaftServerImpl.java:requestVote(1251)) - 73d758c7-6b76-4e6e-a3d3-7696fd8c55bd@group-841363C15B84 replies to ELECTION vote request: 18b389ac-e92e-45af-bb8d-005344dac216<-73d758c7-6b76-4e6e-a3d3-7696fd8c55bd#0:OK-t3. Peer's state: 73d758c7-6b76-4e6e-a3d3-7696fd8c55bd@group-841363C15B84:t3, leader=null, voted=18b389ac-e92e-45af-bb8d-005344dac216, raftlog=Memoized:73d758c7-6b76-4e6e-a3d3-7696fd8c55bd@group-841363C15B84-SegmentedRaftLog:OPENED:c-1, conf=-1: peers:[b01711c8-04b4-47a5-9bab-72c84cf7bb6a|rpc:10.1.0.59:44509|priority:1|startupRole:FOLLOWER, 73d758c7-6b76-4e6e-a3d3-7696fd8c55bd|rpc:10.1.0.59:42647|priority:0|startupRole:FOLLOWER, 18b389ac-e92e-45af-bb8d-005344dac216|rpc:10.1.0.59:39897|priority:0|startupRole:FOLLOWER]|listeners:[], old=null
2022-11-10 07:14:34,636 [grpc-default-executor-1] INFO  server.RaftServer$Division (RaftServerImpl.java:requestVote(1251)) - b01711c8-04b4-47a5-9bab-72c84cf7bb6a@group-841363C15B84 replies to ELECTION vote request: 18b389ac-e92e-45af-bb8d-005344dac216<-b01711c8-04b4-47a5-9bab-72c84cf7bb6a#0:FAIL-t3. Peer's state: b01711c8-04b4-47a5-9bab-72c84cf7bb6a@group-841363C15B84:t3, leader=null, voted=null, raftlog=Memoized:b01711c8-04b4-47a5-9bab-72c84cf7bb6a@group-841363C15B84-SegmentedRaftLog:OPENED:c-1, conf=-1: peers:[b01711c8-04b4-47a5-9bab-72c84cf7bb6a|rpc:10.1.0.59:44509|dataStream:|priority:1|startupRole:FOLLOWER, 73d758c7-6b76-4e6e-a3d3-7696fd8c55bd|rpc:10.1.0.59:42647|dataStream:|priority:0|startupRole:FOLLOWER, 18b389ac-e92e-45af-bb8d-005344dac216|rpc:10.1.0.59:39897|dataStream:|priority:0|startupRole:FOLLOWER]|listeners:[], old=null
2022-11-10 07:14:34,640 [18b389ac-e92e-45af-bb8d-005344dac216@group-841363C15B84-LeaderElection19] INFO  impl.LeaderElection (LeaderElection.java:logAndReturn(90)) - 18b389ac-e92e-45af-bb8d-005344dac216@group-841363C15B84-LeaderElection19: ELECTION REJECTED received 2 response(s) and 0 exception(s):
2022-11-10 07:14:34,640 [18b389ac-e92e-45af-bb8d-005344dac216@group-841363C15B84-LeaderElection19] INFO  impl.LeaderElection (LeaderElection.java:logAndReturn(94)) -   Response 0: 18b389ac-e92e-45af-bb8d-005344dac216<-b01711c8-04b4-47a5-9bab-72c84cf7bb6a#0:FAIL-t3
2022-11-10 07:14:34,640 [18b389ac-e92e-45af-bb8d-005344dac216@group-841363C15B84-LeaderElection19] INFO  impl.LeaderElection (LeaderElection.java:logAndReturn(94)) -   Response 1: 18b389ac-e92e-45af-bb8d-005344dac216<-73d758c7-6b76-4e6e-a3d3-7696fd8c55bd#0:OK-t3
2022-11-10 07:14:34,640 [18b389ac-e92e-45af-bb8d-005344dac216@group-841363C15B84-LeaderElection19] INFO  impl.LeaderElection (LeaderElection.java:askForVotes(314)) - 18b389ac-e92e-45af-bb8d-005344dac216@group-841363C15B84-LeaderElection19 ELECTION round 0: result REJECTED
2022-11-10 07:14:34,640 [18b389ac-e92e-45af-bb8d-005344dac216@group-841363C15B84-LeaderElection19] INFO  server.RaftServer$Division (RaftServerImpl.java:setRole(321)) - 18b389ac-e92e-45af-bb8d-005344dac216@group-841363C15B84: changes role from CANDIDATE to FOLLOWER at term 3 for REJECTED
2022-11-10 07:14:34,640 [18b389ac-e92e-45af-bb8d-005344dac216@group-841363C15B84-LeaderElection19] INFO  impl.RoleInfo (RoleInfo.java:shutdownLeaderElection(130)) - 18b389ac-e92e-45af-bb8d-005344dac216: shutdown 18b389ac-e92e-45af-bb8d-005344dac216@group-841363C15B84-LeaderElection19
2022-11-10 07:14:34,640 [18b389ac-e92e-45af-bb8d-005344dac216@group-841363C15B84-LeaderElection19] INFO  impl.RoleInfo (RoleInfo.java:updateAndGet(139)) - 18b389ac-e92e-45af-bb8d-005344dac216: start 18b389ac-e92e-45af-bb8d-005344dac216@group-841363C15B84-FollowerState
2022-11-10 07:14:34,641 [18b389ac-e92e-45af-bb8d-005344dac216@group-841363C15B84-FollowerState] INFO  server.RaftServerConfigKeys (ConfUtils.java:logFallback(53)) - raft.server.rpc.first-election.timeout.min = 5s (fallback to raft.server.rpc.timeout.min)
2022-11-10 07:14:34,641 [18b389ac-e92e-45af-bb8d-005344dac216@group-841363C15B84-FollowerState] INFO  server.RaftServerConfigKeys (ConfUtils.java:logFallback(53)) - raft.server.rpc.first-election.timeout.max = 5200ms (fallback to raft.server.rpc.timeout.max)
2022-11-10 07:14:35,487 [Under Replicated Processor] INFO  replication.UnderReplicatedProcessor (UnderReplicatedProcessor.java:processAll(92)) - Processed 0 under replicated containers, failed processing 0
2022-11-10 07:14:35,499 [Over Replicated Processor] INFO  replication.OverReplicatedProcessor (OverReplicatedProcessor.java:processAll(90)) - Processed 0 over replicated containers, failed processing 0
2022-11-10 07:14:39,106 [901bb4f9-d448-4097-b3df-3dc09329cc1b@group-EE387B4BAA71-FollowerState] INFO  server.RaftServerConfigKeys (ConfUtils.java:logFallback(53)) - raft.server.rpc.first-election.timeout.min = 5s (fallback to raft.server.rpc.timeout.min)
2022-11-10 07:14:39,106 [901bb4f9-d448-4097-b3df-3dc09329cc1b@group-EE387B4BAA71-FollowerState] INFO  server.RaftServerConfigKeys (ConfUtils.java:logFallback(53)) - raft.server.rpc.first-election.timeout.max = 5200ms (fallback to raft.server.rpc.timeout.max)
2022-11-10 07:14:39,163 [35d6043c-a711-468a-a34c-4c4022ea36e3@group-EE387B4BAA71-FollowerState] INFO  impl.FollowerState (FollowerState.java:run(143)) - 35d6043c-a711-468a-a34c-4c4022ea36e3@group-EE387B4BAA71-FollowerState: change to CANDIDATE, lastRpcElapsedTime:5139577398ns, electionTimeout:5130ms
2022-11-10 07:14:39,164 [35d6043c-a711-468a-a34c-4c4022ea36e3@group-EE387B4BAA71-FollowerState] INFO  impl.RoleInfo (RoleInfo.java:shutdownFollowerState(110)) - 35d6043c-a711-468a-a34c-4c4022ea36e3: shutdown 35d6043c-a711-468a-a34c-4c4022ea36e3@group-EE387B4BAA71-FollowerState
2022-11-10 07:14:39,164 [35d6043c-a711-468a-a34c-4c4022ea36e3@group-EE387B4BAA71-FollowerState] INFO  server.RaftServer$Division (RaftServerImpl.java:setRole(321)) - 35d6043c-a711-468a-a34c-4c4022ea36e3@group-EE387B4BAA71: changes role from  FOLLOWER to CANDIDATE at term 3 for changeToCandidate
2022-11-10 07:14:39,164 [35d6043c-a711-468a-a34c-4c4022ea36e3@group-EE387B4BAA71-FollowerState] INFO  server.RaftServerConfigKeys (ConfUtils.java:logGet(46)) - raft.server.leaderelection.pre-vote = false (custom)
2022-11-10 07:14:39,164 [35d6043c-a711-468a-a34c-4c4022ea36e3@group-EE387B4BAA71-FollowerState] INFO  impl.RoleInfo (RoleInfo.java:updateAndGet(139)) - 35d6043c-a711-468a-a34c-4c4022ea36e3: start 35d6043c-a711-468a-a34c-4c4022ea36e3@group-EE387B4BAA71-LeaderElection20
2022-11-10 07:14:39,167 [35d6043c-a711-468a-a34c-4c4022ea36e3@group-EE387B4BAA71-LeaderElection20] INFO  impl.LeaderElection (LeaderElection.java:askForVotes(312)) - 35d6043c-a711-468a-a34c-4c4022ea36e3@group-EE387B4BAA71-LeaderElection20 ELECTION round 0: submit vote requests at term 4 for -1: peers:[901bb4f9-d448-4097-b3df-3dc09329cc1b|rpc:10.1.0.59:35703|priority:0|startupRole:FOLLOWER, 35d6043c-a711-468a-a34c-4c4022ea36e3|rpc:10.1.0.59:46313|priority:1|startupRole:FOLLOWER, 26c35b0c-04d0-419a-bd9f-9a0c5cb2698b|rpc:10.1.0.59:38927|priority:0|startupRole:FOLLOWER]|listeners:[], old=null
2022-11-10 07:14:39,167 [35d6043c-a711-468a-a34c-4c4022ea36e3@group-EE387B4BAA71-LeaderElection20] INFO  server.RaftServerConfigKeys (ConfUtils.java:logFallback(53)) - raft.server.rpc.first-election.timeout.min = 5s (fallback to raft.server.rpc.timeout.min)
2022-11-10 07:14:39,167 [35d6043c-a711-468a-a34c-4c4022ea36e3@group-EE387B4BAA71-LeaderElection20-1] INFO  server.GrpcServerProtocolClient (GrpcServerProtocolClient.java:<init>(63)) - Build channel for 901bb4f9-d448-4097-b3df-3dc09329cc1b
2022-11-10 07:14:39,168 [35d6043c-a711-468a-a34c-4c4022ea36e3@group-EE387B4BAA71-LeaderElection20] INFO  server.RaftServerConfigKeys (ConfUtils.java:logFallback(53)) - raft.server.rpc.first-election.timeout.max = 5200ms (fallback to raft.server.rpc.timeout.max)
2022-11-10 07:14:39,169 [35d6043c-a711-468a-a34c-4c4022ea36e3@group-EE387B4BAA71-LeaderElection20-2] INFO  server.GrpcServerProtocolClient (GrpcServerProtocolClient.java:<init>(63)) - Build channel for 26c35b0c-04d0-419a-bd9f-9a0c5cb2698b
2022-11-10 07:14:39,179 [grpc-default-executor-0] INFO  server.RaftServer$Division (RaftServerImpl.java:requestVote(1218)) - 26c35b0c-04d0-419a-bd9f-9a0c5cb2698b@group-EE387B4BAA71: receive requestVote(ELECTION, 35d6043c-a711-468a-a34c-4c4022ea36e3, group-EE387B4BAA71, 4, (t:0, i:0))
2022-11-10 07:14:39,179 [grpc-default-executor-0] INFO  impl.VoteContext (VoteContext.java:log(48)) - 26c35b0c-04d0-419a-bd9f-9a0c5cb2698b@group-EE387B4BAA71-FOLLOWER: accept ELECTION from 35d6043c-a711-468a-a34c-4c4022ea36e3: our priority 0 <= candidate's priority 1
2022-11-10 07:14:39,179 [grpc-default-executor-0] INFO  server.RaftServer$Division (RaftServerImpl.java:setRole(321)) - 26c35b0c-04d0-419a-bd9f-9a0c5cb2698b@group-EE387B4BAA71: changes role from  FOLLOWER to FOLLOWER at term 4 for candidate:35d6043c-a711-468a-a34c-4c4022ea36e3
2022-11-10 07:14:39,179 [grpc-default-executor-0] INFO  impl.RoleInfo (RoleInfo.java:shutdownFollowerState(110)) - 26c35b0c-04d0-419a-bd9f-9a0c5cb2698b: shutdown 26c35b0c-04d0-419a-bd9f-9a0c5cb2698b@group-EE387B4BAA71-FollowerState
2022-11-10 07:14:39,180 [grpc-default-executor-0] INFO  impl.RoleInfo (RoleInfo.java:updateAndGet(139)) - 26c35b0c-04d0-419a-bd9f-9a0c5cb2698b: start 26c35b0c-04d0-419a-bd9f-9a0c5cb2698b@group-EE387B4BAA71-FollowerState
2022-11-10 07:14:39,180 [26c35b0c-04d0-419a-bd9f-9a0c5cb2698b@group-EE387B4BAA71-FollowerState] INFO  impl.FollowerState (FollowerState.java:run(152)) - 26c35b0c-04d0-419a-bd9f-9a0c5cb2698b@group-EE387B4BAA71-FollowerState was interrupted
2022-11-10 07:14:39,181 [26c35b0c-04d0-419a-bd9f-9a0c5cb2698b@group-EE387B4BAA71-FollowerState] INFO  server.RaftServerConfigKeys (ConfUtils.java:logFallback(53)) - raft.server.rpc.first-election.timeout.min = 5s (fallback to raft.server.rpc.timeout.min)
2022-11-10 07:14:39,182 [26c35b0c-04d0-419a-bd9f-9a0c5cb2698b@group-EE387B4BAA71-FollowerState] INFO  server.RaftServerConfigKeys (ConfUtils.java:logFallback(53)) - raft.server.rpc.first-election.timeout.max = 5200ms (fallback to raft.server.rpc.timeout.max)
2022-11-10 07:14:39,183 [grpc-default-executor-0] INFO  server.RaftServer$Division (RaftServerImpl.java:requestVote(1251)) - 26c35b0c-04d0-419a-bd9f-9a0c5cb2698b@group-EE387B4BAA71 replies to ELECTION vote request: 35d6043c-a711-468a-a34c-4c4022ea36e3<-26c35b0c-04d0-419a-bd9f-9a0c5cb2698b#0:OK-t4. Peer's state: 26c35b0c-04d0-419a-bd9f-9a0c5cb2698b@group-EE387B4BAA71:t4, leader=null, voted=35d6043c-a711-468a-a34c-4c4022ea36e3, raftlog=Memoized:26c35b0c-04d0-419a-bd9f-9a0c5cb2698b@group-EE387B4BAA71-SegmentedRaftLog:OPENED:c-1, conf=-1: peers:[901bb4f9-d448-4097-b3df-3dc09329cc1b|rpc:10.1.0.59:35703|dataStream:|priority:0|startupRole:FOLLOWER, 35d6043c-a711-468a-a34c-4c4022ea36e3|rpc:10.1.0.59:46313|dataStream:|priority:1|startupRole:FOLLOWER, 26c35b0c-04d0-419a-bd9f-9a0c5cb2698b|rpc:10.1.0.59:38927|dataStream:|priority:0|startupRole:FOLLOWER]|listeners:[], old=null
2022-11-10 07:14:39,185 [grpc-default-executor-0] INFO  server.RaftServer$Division (RaftServerImpl.java:requestVote(1218)) - 901bb4f9-d448-4097-b3df-3dc09329cc1b@group-EE387B4BAA71: receive requestVote(ELECTION, 35d6043c-a711-468a-a34c-4c4022ea36e3, group-EE387B4BAA71, 4, (t:0, i:0))
2022-11-10 07:14:39,185 [grpc-default-executor-0] INFO  impl.VoteContext (VoteContext.java:log(48)) - 901bb4f9-d448-4097-b3df-3dc09329cc1b@group-EE387B4BAA71-FOLLOWER: accept ELECTION from 35d6043c-a711-468a-a34c-4c4022ea36e3: our priority 0 <= candidate's priority 1
2022-11-10 07:14:39,185 [grpc-default-executor-0] INFO  server.RaftServer$Division (RaftServerImpl.java:setRole(321)) - 901bb4f9-d448-4097-b3df-3dc09329cc1b@group-EE387B4BAA71: changes role from  FOLLOWER to FOLLOWER at term 4 for candidate:35d6043c-a711-468a-a34c-4c4022ea36e3
2022-11-10 07:14:39,185 [grpc-default-executor-0] INFO  impl.RoleInfo (RoleInfo.java:shutdownFollowerState(110)) - 901bb4f9-d448-4097-b3df-3dc09329cc1b: shutdown 901bb4f9-d448-4097-b3df-3dc09329cc1b@group-EE387B4BAA71-FollowerState
2022-11-10 07:14:39,185 [grpc-default-executor-0] INFO  impl.RoleInfo (RoleInfo.java:updateAndGet(139)) - 901bb4f9-d448-4097-b3df-3dc09329cc1b: start 901bb4f9-d448-4097-b3df-3dc09329cc1b@group-EE387B4BAA71-FollowerState
2022-11-10 07:14:39,185 [901bb4f9-d448-4097-b3df-3dc09329cc1b@group-EE387B4BAA71-FollowerState] INFO  impl.FollowerState (FollowerState.java:run(152)) - 901bb4f9-d448-4097-b3df-3dc09329cc1b@group-EE387B4BAA71-FollowerState was interrupted
2022-11-10 07:14:39,185 [35d6043c-a711-468a-a34c-4c4022ea36e3@group-EE387B4BAA71-LeaderElection20] INFO  impl.LeaderElection (LeaderElection.java:logAndReturn(90)) - 35d6043c-a711-468a-a34c-4c4022ea36e3@group-EE387B4BAA71-LeaderElection20: ELECTION PASSED received 1 response(s) and 0 exception(s):
2022-11-10 07:14:39,185 [35d6043c-a711-468a-a34c-4c4022ea36e3@group-EE387B4BAA71-LeaderElection20] INFO  impl.LeaderElection (LeaderElection.java:logAndReturn(94)) -   Response 0: 35d6043c-a711-468a-a34c-4c4022ea36e3<-26c35b0c-04d0-419a-bd9f-9a0c5cb2698b#0:OK-t4
2022-11-10 07:14:39,185 [35d6043c-a711-468a-a34c-4c4022ea36e3@group-EE387B4BAA71-LeaderElection20] INFO  impl.LeaderElection (LeaderElection.java:askForVotes(314)) - 35d6043c-a711-468a-a34c-4c4022ea36e3@group-EE387B4BAA71-LeaderElection20 ELECTION round 0: result PASSED
2022-11-10 07:14:39,185 [35d6043c-a711-468a-a34c-4c4022ea36e3@group-EE387B4BAA71-LeaderElection20] INFO  impl.RoleInfo (RoleInfo.java:shutdownLeaderElection(130)) - 35d6043c-a711-468a-a34c-4c4022ea36e3: shutdown 35d6043c-a711-468a-a34c-4c4022ea36e3@group-EE387B4BAA71-LeaderElection20
2022-11-10 07:14:39,186 [35d6043c-a711-468a-a34c-4c4022ea36e3@group-EE387B4BAA71-LeaderElection20] INFO  server.RaftServer$Division (RaftServerImpl.java:setRole(321)) - 35d6043c-a711-468a-a34c-4c4022ea36e3@group-EE387B4BAA71: changes role from CANDIDATE to LEADER at term 4 for changeToLeader
2022-11-10 07:14:39,186 [35d6043c-a711-468a-a34c-4c4022ea36e3@group-EE387B4BAA71-LeaderElection20] INFO  ratis.XceiverServerRatis (XceiverServerRatis.java:handleLeaderChangedNotification(863)) - Leader change notification received for group: group-EE387B4BAA71 with new leaderId: 35d6043c-a711-468a-a34c-4c4022ea36e3
2022-11-10 07:14:39,186 [35d6043c-a711-468a-a34c-4c4022ea36e3@group-EE387B4BAA71-LeaderElection20] INFO  server.RaftServer$Division (ServerState.java:setLeader(313)) - 35d6043c-a711-468a-a34c-4c4022ea36e3@group-EE387B4BAA71: change Leader from null to 35d6043c-a711-468a-a34c-4c4022ea36e3 at term 4 for becomeLeader, leader elected after 20532ms
2022-11-10 07:14:39,186 [901bb4f9-d448-4097-b3df-3dc09329cc1b@group-EE387B4BAA71-FollowerState] INFO  server.RaftServerConfigKeys (ConfUtils.java:logFallback(53)) - raft.server.rpc.first-election.timeout.min = 5s (fallback to raft.server.rpc.timeout.min)
2022-11-10 07:14:39,187 [35d6043c-a711-468a-a34c-4c4022ea36e3@group-EE387B4BAA71-LeaderElection20] INFO  server.RaftServerConfigKeys (ConfUtils.java:logGet(46)) - raft.server.staging.catchup.gap = 1000 (default)
2022-11-10 07:14:39,187 [901bb4f9-d448-4097-b3df-3dc09329cc1b@group-EE387B4BAA71-FollowerState] INFO  server.RaftServerConfigKeys (ConfUtils.java:logFallback(53)) - raft.server.rpc.first-election.timeout.max = 5200ms (fallback to raft.server.rpc.timeout.max)
2022-11-10 07:14:39,187 [35d6043c-a711-468a-a34c-4c4022ea36e3@group-EE387B4BAA71-LeaderElection20] INFO  server.RaftServerConfigKeys (ConfUtils.java:logGet(46)) - raft.server.write.element-limit = 1024 (custom)
2022-11-10 07:14:39,187 [35d6043c-a711-468a-a34c-4c4022ea36e3@group-EE387B4BAA71-LeaderElection20] INFO  server.RaftServerConfigKeys (ConfUtils.java:logGet(46)) - raft.server.write.byte-limit = 1024 M (=1073741824) (custom)
2022-11-10 07:14:39,187 [35d6043c-a711-468a-a34c-4c4022ea36e3@group-EE387B4BAA71-LeaderElection20] INFO  server.RaftServerConfigKeys (ConfUtils.java:logGet(46)) - raft.server.watch.timeout = 180s (custom)
2022-11-10 07:14:39,187 [35d6043c-a711-468a-a34c-4c4022ea36e3@group-EE387B4BAA71-LeaderElection20] INFO  server.RaftServerConfigKeys (ConfUtils.java:logGet(46)) - raft.server.watch.timeout.denomination = 1s (default)
2022-11-10 07:14:39,187 [35d6043c-a711-468a-a34c-4c4022ea36e3@group-EE387B4BAA71-LeaderElection20] INFO  server.RaftServerConfigKeys (ConfUtils.java:logGet(46)) - raft.server.watch.element-limit = 65536 (default)
2022-11-10 07:14:39,187 [35d6043c-a711-468a-a34c-4c4022ea36e3@group-EE387B4BAA71-LeaderElection20] INFO  server.RaftServerConfigKeys (ConfUtils.java:logGet(46)) - raft.server.write.element-limit = 1024 (custom)
2022-11-10 07:14:39,187 [35d6043c-a711-468a-a34c-4c4022ea36e3@group-EE387B4BAA71-LeaderElection20] INFO  server.RaftServerConfigKeys (ConfUtils.java:logGet(46)) - raft.server.write.follower.gap.ratio.max = -1.0 (default)
2022-11-10 07:14:39,188 [35d6043c-a711-468a-a34c-4c4022ea36e3@group-EE387B4BAA71-LeaderElection20] INFO  server.RaftServerConfigKeys (ConfUtils.java:logGet(46)) - raft.server.log.appender.snapshot.chunk.size.max = 16MB (=16777216) (default)
2022-11-10 07:14:39,188 [35d6043c-a711-468a-a34c-4c4022ea36e3@group-EE387B4BAA71-LeaderElection20] INFO  server.RaftServerConfigKeys (ConfUtils.java:logGet(46)) - raft.server.log.appender.buffer.byte-limit = 33554432 (custom)
2022-11-10 07:14:39,188 [35d6043c-a711-468a-a34c-4c4022ea36e3@group-EE387B4BAA71-LeaderElection20] INFO  server.RaftServerConfigKeys (ConfUtils.java:logGet(46)) - raft.server.log.appender.buffer.element-limit = 1 (custom)
2022-11-10 07:14:39,188 [35d6043c-a711-468a-a34c-4c4022ea36e3@group-EE387B4BAA71-LeaderElection20] INFO  grpc.GrpcConfigKeys (ConfUtils.java:logGet(46)) - raft.grpc.server.leader.outstanding.appends.max = 128 (default)
2022-11-10 07:14:39,188 [35d6043c-a711-468a-a34c-4c4022ea36e3@group-EE387B4BAA71-LeaderElection20] INFO  server.RaftServerConfigKeys (ConfUtils.java:logGet(46)) - raft.server.rpc.request.timeout = 60s (custom)
2022-11-10 07:14:39,188 [35d6043c-a711-468a-a34c-4c4022ea36e3@group-EE387B4BAA71-LeaderElection20] INFO  server.RaftServerConfigKeys (ConfUtils.java:logGet(46)) - raft.server.log.appender.install.snapshot.enabled = false (custom)
2022-11-10 07:14:39,188 [35d6043c-a711-468a-a34c-4c4022ea36e3@group-EE387B4BAA71-LeaderElection20] INFO  grpc.GrpcConfigKeys (ConfUtils.java:logGet(46)) - raft.grpc.server.heartbeat.channel = true (default)
2022-11-10 07:14:39,188 [35d6043c-a711-468a-a34c-4c4022ea36e3@group-EE387B4BAA71-LeaderElection20] INFO  server.RaftServerConfigKeys (ConfUtils.java:logGet(46)) - raft.server.log.appender.wait-time.min = 10ms (default)
2022-11-10 07:14:39,189 [35d6043c-a711-468a-a34c-4c4022ea36e3@group-EE387B4BAA71-LeaderElection20] INFO  server.RaftServerConfigKeys (ConfUtils.java:logGet(46)) - raft.server.log.appender.snapshot.chunk.size.max = 16MB (=16777216) (default)
2022-11-10 07:14:39,189 [35d6043c-a711-468a-a34c-4c4022ea36e3@group-EE387B4BAA71-LeaderElection20] INFO  server.RaftServerConfigKeys (ConfUtils.java:logGet(46)) - raft.server.log.appender.buffer.byte-limit = 33554432 (custom)
2022-11-10 07:14:39,189 [35d6043c-a711-468a-a34c-4c4022ea36e3@group-EE387B4BAA71-LeaderElection20] INFO  server.RaftServerConfigKeys (ConfUtils.java:logGet(46)) - raft.server.log.appender.buffer.element-limit = 1 (custom)
2022-11-10 07:14:39,189 [35d6043c-a711-468a-a34c-4c4022ea36e3@group-EE387B4BAA71-LeaderElection20] INFO  grpc.GrpcConfigKeys (ConfUtils.java:logGet(46)) - raft.grpc.server.leader.outstanding.appends.max = 128 (default)
2022-11-10 07:14:39,189 [35d6043c-a711-468a-a34c-4c4022ea36e3@group-EE387B4BAA71-LeaderElection20] INFO  server.RaftServerConfigKeys (ConfUtils.java:logGet(46)) - raft.server.rpc.request.timeout = 60s (custom)
2022-11-10 07:14:39,189 [35d6043c-a711-468a-a34c-4c4022ea36e3@group-EE387B4BAA71-LeaderElection20] INFO  server.RaftServerConfigKeys (ConfUtils.java:logGet(46)) - raft.server.log.appender.install.snapshot.enabled = false (custom)
2022-11-10 07:14:39,189 [35d6043c-a711-468a-a34c-4c4022ea36e3@group-EE387B4BAA71-LeaderElection20] INFO  grpc.GrpcConfigKeys (ConfUtils.java:logGet(46)) - raft.grpc.server.heartbeat.channel = true (default)
2022-11-10 07:14:39,189 [35d6043c-a711-468a-a34c-4c4022ea36e3@group-EE387B4BAA71-LeaderElection20] INFO  server.RaftServerConfigKeys (ConfUtils.java:logGet(46)) - raft.server.log.appender.wait-time.min = 10ms (default)
2022-11-10 07:14:39,189 [35d6043c-a711-468a-a34c-4c4022ea36e3@group-EE387B4BAA71-LeaderElection20] INFO  impl.RoleInfo (RoleInfo.java:updateAndGet(139)) - 35d6043c-a711-468a-a34c-4c4022ea36e3: start 35d6043c-a711-468a-a34c-4c4022ea36e3@group-EE387B4BAA71-LeaderStateImpl
2022-11-10 07:14:39,190 [35d6043c-a711-468a-a34c-4c4022ea36e3@group-EE387B4BAA71-LeaderElection20] INFO  segmented.SegmentedRaftLogWorker (SegmentedRaftLogWorker.java:startLogSegment(452)) - 35d6043c-a711-468a-a34c-4c4022ea36e3@group-EE387B4BAA71-SegmentedRaftLogWorker: Starting segment from index:0
2022-11-10 07:14:39,190 [grpc-default-executor-0] INFO  server.RaftServer$Division (RaftServerImpl.java:requestVote(1251)) - 901bb4f9-d448-4097-b3df-3dc09329cc1b@group-EE387B4BAA71 replies to ELECTION vote request: 35d6043c-a711-468a-a34c-4c4022ea36e3<-901bb4f9-d448-4097-b3df-3dc09329cc1b#0:OK-t4. Peer's state: 901bb4f9-d448-4097-b3df-3dc09329cc1b@group-EE387B4BAA71:t4, leader=null, voted=35d6043c-a711-468a-a34c-4c4022ea36e3, raftlog=Memoized:901bb4f9-d448-4097-b3df-3dc09329cc1b@group-EE387B4BAA71-SegmentedRaftLog:OPENED:c-1, conf=-1: peers:[901bb4f9-d448-4097-b3df-3dc09329cc1b|rpc:10.1.0.59:35703|dataStream:|priority:0|startupRole:FOLLOWER, 35d6043c-a711-468a-a34c-4c4022ea36e3|rpc:10.1.0.59:46313|dataStream:|priority:1|startupRole:FOLLOWER, 26c35b0c-04d0-419a-bd9f-9a0c5cb2698b|rpc:10.1.0.59:38927|dataStream:|priority:0|startupRole:FOLLOWER]|listeners:[], old=null
2022-11-10 07:14:39,192 [EventQueue-PipelineReportForPipelineReportHandler] INFO  pipeline.PipelineManagerImpl (PipelineManagerImpl.java:openPipeline(367)) - Pipeline Pipeline[ Id: c2d1ab89-0d38-495e-98d5-ee387b4baa71, Nodes: 26c35b0c-04d0-419a-bd9f-9a0c5cb2698b{ip: 10.1.0.59, host: fv-az435-205.hcxxyugg5vdudo0mn2smve0l3g.cx.internal.cloudapp.net, ports: [REPLICATION=34127, RATIS=38927, RATIS_ADMIN=38927, RATIS_SERVER=38927, STANDALONE=38137], networkLocation: /default-rack, certSerialId: null, persistedOpState: IN_SERVICE, persistedOpStateExpiryEpochSec: 0}35d6043c-a711-468a-a34c-4c4022ea36e3{ip: 10.1.0.59, host: fv-az435-205.hcxxyugg5vdudo0mn2smve0l3g.cx.internal.cloudapp.net, ports: [REPLICATION=33231, RATIS=46313, RATIS_ADMIN=46313, RATIS_SERVER=46313, STANDALONE=43309], networkLocation: /default-rack, certSerialId: null, persistedOpState: IN_SERVICE, persistedOpStateExpiryEpochSec: 0}901bb4f9-d448-4097-b3df-3dc09329cc1b{ip: 10.1.0.59, host: fv-az435-205.hcxxyugg5vdudo0mn2smve0l3g.cx.internal.cloudapp.net, ports: [REPLICATION=35585, RATIS=35703, RATIS_ADMIN=35703, RATIS_SERVER=35703, STANDALONE=35461], networkLocation: /default-rack, certSerialId: null, persistedOpState: IN_SERVICE, persistedOpStateExpiryEpochSec: 0}, ReplicationConfig: RATIS/THREE, State:ALLOCATED, leaderId:35d6043c-a711-468a-a34c-4c4022ea36e3, CreationTimestamp2022-11-10T07:14:15.790Z[Etc/UTC]] moved to OPEN state
2022-11-10 07:14:39,192 [35d6043c-a711-468a-a34c-4c4022ea36e3@group-EE387B4BAA71-SegmentedRaftLogWorker] INFO  segmented.SegmentedRaftLogWorker (SegmentedRaftLogWorker.java:execute(656)) - 35d6043c-a711-468a-a34c-4c4022ea36e3@group-EE387B4BAA71-SegmentedRaftLogWorker: created new log segment /home/runner/work/ozone/ozone/hadoop-ozone/integration-test/target/test-dir/MiniOzoneClusterImpl-d14c70f5-e14b-41c6-a13f-e3ca6c51505f/datanode-1/data/ratis/c2d1ab89-0d38-495e-98d5-ee387b4baa71/current/log_inprogress_0
2022-11-10 07:14:39,195 [35d6043c-a711-468a-a34c-4c4022ea36e3@group-EE387B4BAA71-LeaderElection20] INFO  server.RaftServer$Division (ServerState.java:setRaftConf(430)) - 35d6043c-a711-468a-a34c-4c4022ea36e3@group-EE387B4BAA71: set configuration 0: peers:[901bb4f9-d448-4097-b3df-3dc09329cc1b|rpc:10.1.0.59:35703|dataStream:|priority:0|startupRole:FOLLOWER, 35d6043c-a711-468a-a34c-4c4022ea36e3|rpc:10.1.0.59:46313|dataStream:|priority:1|startupRole:FOLLOWER, 26c35b0c-04d0-419a-bd9f-9a0c5cb2698b|rpc:10.1.0.59:38927|dataStream:|priority:0|startupRole:FOLLOWER]|listeners:[], old=null
2022-11-10 07:14:39,215 [901bb4f9-d448-4097-b3df-3dc09329cc1b-server-thread1] INFO  ratis.XceiverServerRatis (XceiverServerRatis.java:handleLeaderChangedNotification(863)) - Leader change notification received for group: group-EE387B4BAA71 with new leaderId: 35d6043c-a711-468a-a34c-4c4022ea36e3
2022-11-10 07:14:39,215 [901bb4f9-d448-4097-b3df-3dc09329cc1b-server-thread1] INFO  server.RaftServer$Division (ServerState.java:setLeader(313)) - 901bb4f9-d448-4097-b3df-3dc09329cc1b@group-EE387B4BAA71: change Leader from null to 35d6043c-a711-468a-a34c-4c4022ea36e3 at term 4 for appendEntries, leader elected after 20441ms
2022-11-10 07:14:39,218 [26c35b0c-04d0-419a-bd9f-9a0c5cb2698b-server-thread2] INFO  ratis.XceiverServerRatis (XceiverServerRatis.java:handleLeaderChangedNotification(863)) - Leader change notification received for group: group-EE387B4BAA71 with new leaderId: 35d6043c-a711-468a-a34c-4c4022ea36e3
2022-11-10 07:14:39,218 [26c35b0c-04d0-419a-bd9f-9a0c5cb2698b-server-thread2] INFO  server.RaftServer$Division (ServerState.java:setLeader(313)) - 26c35b0c-04d0-419a-bd9f-9a0c5cb2698b@group-EE387B4BAA71: change Leader from null to 35d6043c-a711-468a-a34c-4c4022ea36e3 at term 4 for appendEntries, leader elected after 20505ms
2022-11-10 07:14:39,223 [26c35b0c-04d0-419a-bd9f-9a0c5cb2698b-server-thread2] INFO  server.RaftServer$Division (ServerState.java:setRaftConf(430)) - 26c35b0c-04d0-419a-bd9f-9a0c5cb2698b@group-EE387B4BAA71: set configuration 0: peers:[901bb4f9-d448-4097-b3df-3dc09329cc1b|rpc:10.1.0.59:35703|dataStream:|priority:0|startupRole:FOLLOWER, 35d6043c-a711-468a-a34c-4c4022ea36e3|rpc:10.1.0.59:46313|dataStream:|priority:1|startupRole:FOLLOWER, 26c35b0c-04d0-419a-bd9f-9a0c5cb2698b|rpc:10.1.0.59:38927|dataStream:|priority:0|startupRole:FOLLOWER]|listeners:[], old=null
2022-11-10 07:14:39,224 [26c35b0c-04d0-419a-bd9f-9a0c5cb2698b-server-thread2] INFO  segmented.SegmentedRaftLogWorker (SegmentedRaftLogWorker.java:startLogSegment(452)) - 26c35b0c-04d0-419a-bd9f-9a0c5cb2698b@group-EE387B4BAA71-SegmentedRaftLogWorker: Starting segment from index:0
2022-11-10 07:14:39,228 [901bb4f9-d448-4097-b3df-3dc09329cc1b-server-thread2] INFO  server.RaftServer$Division (ServerState.java:setRaftConf(430)) - 901bb4f9-d448-4097-b3df-3dc09329cc1b@group-EE387B4BAA71: set configuration 0: peers:[901bb4f9-d448-4097-b3df-3dc09329cc1b|rpc:10.1.0.59:35703|dataStream:|priority:0|startupRole:FOLLOWER, 35d6043c-a711-468a-a34c-4c4022ea36e3|rpc:10.1.0.59:46313|dataStream:|priority:1|startupRole:FOLLOWER, 26c35b0c-04d0-419a-bd9f-9a0c5cb2698b|rpc:10.1.0.59:38927|dataStream:|priority:0|startupRole:FOLLOWER]|listeners:[], old=null
2022-11-10 07:14:39,228 [901bb4f9-d448-4097-b3df-3dc09329cc1b-server-thread2] INFO  segmented.SegmentedRaftLogWorker (SegmentedRaftLogWorker.java:startLogSegment(452)) - 901bb4f9-d448-4097-b3df-3dc09329cc1b@group-EE387B4BAA71-SegmentedRaftLogWorker: Starting segment from index:0
2022-11-10 07:14:39,230 [26c35b0c-04d0-419a-bd9f-9a0c5cb2698b@group-EE387B4BAA71-SegmentedRaftLogWorker] INFO  segmented.SegmentedRaftLogWorker (SegmentedRaftLogWorker.java:execute(656)) - 26c35b0c-04d0-419a-bd9f-9a0c5cb2698b@group-EE387B4BAA71-SegmentedRaftLogWorker: created new log segment /home/runner/work/ozone/ozone/hadoop-ozone/integration-test/target/test-dir/MiniOzoneClusterImpl-d14c70f5-e14b-41c6-a13f-e3ca6c51505f/datanode-0/data/ratis/c2d1ab89-0d38-495e-98d5-ee387b4baa71/current/log_inprogress_0
2022-11-10 07:14:39,230 [901bb4f9-d448-4097-b3df-3dc09329cc1b@group-EE387B4BAA71-SegmentedRaftLogWorker] INFO  segmented.SegmentedRaftLogWorker (SegmentedRaftLogWorker.java:execute(656)) - 901bb4f9-d448-4097-b3df-3dc09329cc1b@group-EE387B4BAA71-SegmentedRaftLogWorker: created new log segment /home/runner/work/ozone/ozone/hadoop-ozone/integration-test/target/test-dir/MiniOzoneClusterImpl-d14c70f5-e14b-41c6-a13f-e3ca6c51505f/datanode-2/data/ratis/c2d1ab89-0d38-495e-98d5-ee387b4baa71/current/log_inprogress_0
2022-11-10 07:14:39,693 [18b389ac-e92e-45af-bb8d-005344dac216@group-841363C15B84-FollowerState] INFO  impl.FollowerState (FollowerState.java:run(143)) - 18b389ac-e92e-45af-bb8d-005344dac216@group-841363C15B84-FollowerState: change to CANDIDATE, lastRpcElapsedTime:5052493217ns, electionTimeout:5052ms
2022-11-10 07:14:39,693 [18b389ac-e92e-45af-bb8d-005344dac216@group-841363C15B84-FollowerState] INFO  impl.RoleInfo (RoleInfo.java:shutdownFollowerState(110)) - 18b389ac-e92e-45af-bb8d-005344dac216: shutdown 18b389ac-e92e-45af-bb8d-005344dac216@group-841363C15B84-FollowerState
2022-11-10 07:14:39,693 [18b389ac-e92e-45af-bb8d-005344dac216@group-841363C15B84-FollowerState] INFO  server.RaftServer$Division (RaftServerImpl.java:setRole(321)) - 18b389ac-e92e-45af-bb8d-005344dac216@group-841363C15B84: changes role from  FOLLOWER to CANDIDATE at term 3 for changeToCandidate
2022-11-10 07:14:39,693 [18b389ac-e92e-45af-bb8d-005344dac216@group-841363C15B84-FollowerState] INFO  server.RaftServerConfigKeys (ConfUtils.java:logGet(46)) - raft.server.leaderelection.pre-vote = false (custom)
2022-11-10 07:14:39,693 [18b389ac-e92e-45af-bb8d-005344dac216@group-841363C15B84-FollowerState] INFO  impl.RoleInfo (RoleInfo.java:updateAndGet(139)) - 18b389ac-e92e-45af-bb8d-005344dac216: start 18b389ac-e92e-45af-bb8d-005344dac216@group-841363C15B84-LeaderElection21
2022-11-10 07:14:39,697 [18b389ac-e92e-45af-bb8d-005344dac216@group-841363C15B84-LeaderElection21] INFO  impl.LeaderElection (LeaderElection.java:askForVotes(312)) - 18b389ac-e92e-45af-bb8d-005344dac216@group-841363C15B84-LeaderElection21 ELECTION round 0: submit vote requests at term 4 for -1: peers:[b01711c8-04b4-47a5-9bab-72c84cf7bb6a|rpc:10.1.0.59:44509|dataStream:|priority:1|startupRole:FOLLOWER, 73d758c7-6b76-4e6e-a3d3-7696fd8c55bd|rpc:10.1.0.59:42647|dataStream:|priority:0|startupRole:FOLLOWER, 18b389ac-e92e-45af-bb8d-005344dac216|rpc:10.1.0.59:39897|dataStream:|priority:0|startupRole:FOLLOWER]|listeners:[], old=null
2022-11-10 07:14:39,697 [18b389ac-e92e-45af-bb8d-005344dac216@group-841363C15B84-LeaderElection21] INFO  server.RaftServerConfigKeys (ConfUtils.java:logFallback(53)) - raft.server.rpc.first-election.timeout.min = 5s (fallback to raft.server.rpc.timeout.min)
2022-11-10 07:14:39,697 [18b389ac-e92e-45af-bb8d-005344dac216@group-841363C15B84-LeaderElection21] INFO  server.RaftServerConfigKeys (ConfUtils.java:logFallback(53)) - raft.server.rpc.first-election.timeout.max = 5200ms (fallback to raft.server.rpc.timeout.max)
2022-11-10 07:14:39,700 [grpc-default-executor-5] INFO  server.RaftServer$Division (RaftServerImpl.java:requestVote(1218)) - b01711c8-04b4-47a5-9bab-72c84cf7bb6a@group-841363C15B84: receive requestVote(ELECTION, 18b389ac-e92e-45af-bb8d-005344dac216, group-841363C15B84, 4, (t:0, i:0))
2022-11-10 07:14:39,700 [grpc-default-executor-5] INFO  impl.VoteContext (VoteContext.java:log(48)) - b01711c8-04b4-47a5-9bab-72c84cf7bb6a@group-841363C15B84-FOLLOWER: reject ELECTION from 18b389ac-e92e-45af-bb8d-005344dac216: our priority 1 > candidate's priority 0
2022-11-10 07:14:39,700 [grpc-default-executor-5] INFO  server.RaftServer$Division (RaftServerImpl.java:setRole(321)) - b01711c8-04b4-47a5-9bab-72c84cf7bb6a@group-841363C15B84: changes role from  FOLLOWER to FOLLOWER at term 4 for candidate:18b389ac-e92e-45af-bb8d-005344dac216
2022-11-10 07:14:39,700 [grpc-default-executor-5] INFO  impl.RoleInfo (RoleInfo.java:shutdownFollowerState(110)) - b01711c8-04b4-47a5-9bab-72c84cf7bb6a: shutdown b01711c8-04b4-47a5-9bab-72c84cf7bb6a@group-841363C15B84-FollowerState
2022-11-10 07:14:39,700 [grpc-default-executor-5] INFO  impl.RoleInfo (RoleInfo.java:updateAndGet(139)) - b01711c8-04b4-47a5-9bab-72c84cf7bb6a: start b01711c8-04b4-47a5-9bab-72c84cf7bb6a@group-841363C15B84-FollowerState
2022-11-10 07:14:39,702 [b01711c8-04b4-47a5-9bab-72c84cf7bb6a@group-841363C15B84-FollowerState] INFO  impl.FollowerState (FollowerState.java:run(152)) - b01711c8-04b4-47a5-9bab-72c84cf7bb6a@group-841363C15B84-FollowerState was interrupted
2022-11-10 07:14:39,703 [grpc-default-executor-3] INFO  server.RaftServer$Division (RaftServerImpl.java:requestVote(1218)) - 73d758c7-6b76-4e6e-a3d3-7696fd8c55bd@group-841363C15B84: receive requestVote(ELECTION, 18b389ac-e92e-45af-bb8d-005344dac216, group-841363C15B84, 4, (t:0, i:0))
2022-11-10 07:14:39,703 [grpc-default-executor-3] INFO  impl.VoteContext (VoteContext.java:log(48)) - 73d758c7-6b76-4e6e-a3d3-7696fd8c55bd@group-841363C15B84-FOLLOWER: accept ELECTION from 18b389ac-e92e-45af-bb8d-005344dac216: our priority 0 <= candidate's priority 0
2022-11-10 07:14:39,703 [grpc-default-executor-3] INFO  server.RaftServer$Division (RaftServerImpl.java:setRole(321)) - 73d758c7-6b76-4e6e-a3d3-7696fd8c55bd@group-841363C15B84: changes role from  FOLLOWER to FOLLOWER at term 4 for candidate:18b389ac-e92e-45af-bb8d-005344dac216
2022-11-10 07:14:39,708 [grpc-default-executor-5] INFO  server.RaftServer$Division (RaftServerImpl.java:requestVote(1251)) - b01711c8-04b4-47a5-9bab-72c84cf7bb6a@group-841363C15B84 replies to ELECTION vote request: 18b389ac-e92e-45af-bb8d-005344dac216<-b01711c8-04b4-47a5-9bab-72c84cf7bb6a#0:FAIL-t4. Peer's state: b01711c8-04b4-47a5-9bab-72c84cf7bb6a@group-841363C15B84:t4, leader=null, voted=null, raftlog=Memoized:b01711c8-04b4-47a5-9bab-72c84cf7bb6a@group-841363C15B84-SegmentedRaftLog:OPENED:c-1, conf=-1: peers:[b01711c8-04b4-47a5-9bab-72c84cf7bb6a|rpc:10.1.0.59:44509|dataStream:|priority:1|startupRole:FOLLOWER, 73d758c7-6b76-4e6e-a3d3-7696fd8c55bd|rpc:10.1.0.59:42647|dataStream:|priority:0|startupRole:FOLLOWER, 18b389ac-e92e-45af-bb8d-005344dac216|rpc:10.1.0.59:39897|dataStream:|priority:0|startupRole:FOLLOWER]|listeners:[], old=null
2022-11-10 07:14:39,708 [b01711c8-04b4-47a5-9bab-72c84cf7bb6a@group-841363C15B84-FollowerState] INFO  server.RaftServerConfigKeys (ConfUtils.java:logFallback(53)) - raft.server.rpc.first-election.timeout.min = 5s (fallback to raft.server.rpc.timeout.min)
2022-11-10 07:14:39,709 [b01711c8-04b4-47a5-9bab-72c84cf7bb6a@group-841363C15B84-FollowerState] INFO  server.RaftServerConfigKeys (ConfUtils.java:logFallback(53)) - raft.server.rpc.first-election.timeout.max = 5200ms (fallback to raft.server.rpc.timeout.max)
2022-11-10 07:14:39,708 [grpc-default-executor-3] INFO  impl.RoleInfo (RoleInfo.java:shutdownFollowerState(110)) - 73d758c7-6b76-4e6e-a3d3-7696fd8c55bd: shutdown 73d758c7-6b76-4e6e-a3d3-7696fd8c55bd@group-841363C15B84-FollowerState
2022-11-10 07:14:39,709 [grpc-default-executor-3] INFO  impl.RoleInfo (RoleInfo.java:updateAndGet(139)) - 73d758c7-6b76-4e6e-a3d3-7696fd8c55bd: start 73d758c7-6b76-4e6e-a3d3-7696fd8c55bd@group-841363C15B84-FollowerState
2022-11-10 07:14:39,709 [73d758c7-6b76-4e6e-a3d3-7696fd8c55bd@group-841363C15B84-FollowerState] INFO  impl.FollowerState (FollowerState.java:run(152)) - 73d758c7-6b76-4e6e-a3d3-7696fd8c55bd@group-841363C15B84-FollowerState was interrupted
2022-11-10 07:14:39,711 [18b389ac-e92e-45af-bb8d-005344dac216@group-841363C15B84-LeaderElection21] INFO  impl.LeaderElection (LeaderElection.java:logAndReturn(90)) - 18b389ac-e92e-45af-bb8d-005344dac216@group-841363C15B84-LeaderElection21: ELECTION REJECTED received 1 response(s) and 0 exception(s):
2022-11-10 07:14:39,711 [18b389ac-e92e-45af-bb8d-005344dac216@group-841363C15B84-LeaderElection21] INFO  impl.LeaderElection (LeaderElection.java:logAndReturn(94)) -   Response 0: 18b389ac-e92e-45af-bb8d-005344dac216<-b01711c8-04b4-47a5-9bab-72c84cf7bb6a#0:FAIL-t4
2022-11-10 07:14:39,711 [18b389ac-e92e-45af-bb8d-005344dac216@group-841363C15B84-LeaderElection21] INFO  impl.LeaderElection (LeaderElection.java:askForVotes(314)) - 18b389ac-e92e-45af-bb8d-005344dac216@group-841363C15B84-LeaderElection21 ELECTION round 0: result REJECTED
2022-11-10 07:14:39,711 [18b389ac-e92e-45af-bb8d-005344dac216@group-841363C15B84-LeaderElection21] INFO  server.RaftServer$Division (RaftServerImpl.java:setRole(321)) - 18b389ac-e92e-45af-bb8d-005344dac216@group-841363C15B84: changes role from CANDIDATE to FOLLOWER at term 4 for REJECTED
2022-11-10 07:14:39,711 [18b389ac-e92e-45af-bb8d-005344dac216@group-841363C15B84-LeaderElection21] INFO  impl.RoleInfo (RoleInfo.java:shutdownLeaderElection(130)) - 18b389ac-e92e-45af-bb8d-005344dac216: shutdown 18b389ac-e92e-45af-bb8d-005344dac216@group-841363C15B84-LeaderElection21
2022-11-10 07:14:39,712 [18b389ac-e92e-45af-bb8d-005344dac216@group-841363C15B84-LeaderElection21] INFO  impl.RoleInfo (RoleInfo.java:updateAndGet(139)) - 18b389ac-e92e-45af-bb8d-005344dac216: start 18b389ac-e92e-45af-bb8d-005344dac216@group-841363C15B84-FollowerState
2022-11-10 07:14:39,713 [grpc-default-executor-3] INFO  server.RaftServer$Division (RaftServerImpl.java:requestVote(1251)) - 73d758c7-6b76-4e6e-a3d3-7696fd8c55bd@group-841363C15B84 replies to ELECTION vote request: 18b389ac-e92e-45af-bb8d-005344dac216<-73d758c7-6b76-4e6e-a3d3-7696fd8c55bd#0:OK-t4. Peer's state: 73d758c7-6b76-4e6e-a3d3-7696fd8c55bd@group-841363C15B84:t4, leader=null, voted=18b389ac-e92e-45af-bb8d-005344dac216, raftlog=Memoized:73d758c7-6b76-4e6e-a3d3-7696fd8c55bd@group-841363C15B84-SegmentedRaftLog:OPENED:c-1, conf=-1: peers:[b01711c8-04b4-47a5-9bab-72c84cf7bb6a|rpc:10.1.0.59:44509|priority:1|startupRole:FOLLOWER, 73d758c7-6b76-4e6e-a3d3-7696fd8c55bd|rpc:10.1.0.59:42647|priority:0|startupRole:FOLLOWER, 18b389ac-e92e-45af-bb8d-005344dac216|rpc:10.1.0.59:39897|priority:0|startupRole:FOLLOWER]|listeners:[], old=null
2022-11-10 07:14:39,715 [73d758c7-6b76-4e6e-a3d3-7696fd8c55bd@group-841363C15B84-FollowerState] INFO  server.RaftServerConfigKeys (ConfUtils.java:logFallback(53)) - raft.server.rpc.first-election.timeout.min = 5s (fallback to raft.server.rpc.timeout.min)
2022-11-10 07:14:39,715 [73d758c7-6b76-4e6e-a3d3-7696fd8c55bd@group-841363C15B84-FollowerState] INFO  server.RaftServerConfigKeys (ConfUtils.java:logFallback(53)) - raft.server.rpc.first-election.timeout.max = 5200ms (fallback to raft.server.rpc.timeout.max)
2022-11-10 07:14:39,723 [18b389ac-e92e-45af-bb8d-005344dac216@group-841363C15B84-FollowerState] INFO  server.RaftServerConfigKeys (ConfUtils.java:logFallback(53)) - raft.server.rpc.first-election.timeout.min = 5s (fallback to raft.server.rpc.timeout.min)
2022-11-10 07:14:39,723 [18b389ac-e92e-45af-bb8d-005344dac216@group-841363C15B84-FollowerState] INFO  server.RaftServerConfigKeys (ConfUtils.java:logFallback(53)) - raft.server.rpc.first-election.timeout.max = 5200ms (fallback to raft.server.rpc.timeout.max)
2022-11-10 07:14:44,754 [18b389ac-e92e-45af-bb8d-005344dac216@group-841363C15B84-FollowerState] INFO  impl.FollowerState (FollowerState.java:run(143)) - 18b389ac-e92e-45af-bb8d-005344dac216@group-841363C15B84-FollowerState: change to CANDIDATE, lastRpcElapsedTime:5042365918ns, electionTimeout:5031ms
2022-11-10 07:14:44,754 [18b389ac-e92e-45af-bb8d-005344dac216@group-841363C15B84-FollowerState] INFO  impl.RoleInfo (RoleInfo.java:shutdownFollowerState(110)) - 18b389ac-e92e-45af-bb8d-005344dac216: shutdown 18b389ac-e92e-45af-bb8d-005344dac216@group-841363C15B84-FollowerState
2022-11-10 07:14:44,754 [18b389ac-e92e-45af-bb8d-005344dac216@group-841363C15B84-FollowerState] INFO  server.RaftServer$Division (RaftServerImpl.java:setRole(321)) - 18b389ac-e92e-45af-bb8d-005344dac216@group-841363C15B84: changes role from  FOLLOWER to CANDIDATE at term 4 for changeToCandidate
2022-11-10 07:14:44,755 [18b389ac-e92e-45af-bb8d-005344dac216@group-841363C15B84-FollowerState] INFO  server.RaftServerConfigKeys (ConfUtils.java:logGet(46)) - raft.server.leaderelection.pre-vote = false (custom)
2022-11-10 07:14:44,755 [18b389ac-e92e-45af-bb8d-005344dac216@group-841363C15B84-FollowerState] INFO  impl.RoleInfo (RoleInfo.java:updateAndGet(139)) - 18b389ac-e92e-45af-bb8d-005344dac216: start 18b389ac-e92e-45af-bb8d-005344dac216@group-841363C15B84-LeaderElection22
2022-11-10 07:14:44,757 [18b389ac-e92e-45af-bb8d-005344dac216@group-841363C15B84-LeaderElection22] INFO  impl.LeaderElection (LeaderElection.java:askForVotes(312)) - 18b389ac-e92e-45af-bb8d-005344dac216@group-841363C15B84-LeaderElection22 ELECTION round 0: submit vote requests at term 5 for -1: peers:[b01711c8-04b4-47a5-9bab-72c84cf7bb6a|rpc:10.1.0.59:44509|dataStream:|priority:1|startupRole:FOLLOWER, 73d758c7-6b76-4e6e-a3d3-7696fd8c55bd|rpc:10.1.0.59:42647|dataStream:|priority:0|startupRole:FOLLOWER, 18b389ac-e92e-45af-bb8d-005344dac216|rpc:10.1.0.59:39897|dataStream:|priority:0|startupRole:FOLLOWER]|listeners:[], old=null
2022-11-10 07:14:44,757 [18b389ac-e92e-45af-bb8d-005344dac216@group-841363C15B84-LeaderElection22] INFO  server.RaftServerConfigKeys (ConfUtils.java:logFallback(53)) - raft.server.rpc.first-election.timeout.min = 5s (fallback to raft.server.rpc.timeout.min)
2022-11-10 07:14:44,757 [18b389ac-e92e-45af-bb8d-005344dac216@group-841363C15B84-LeaderElection22] INFO  server.RaftServerConfigKeys (ConfUtils.java:logFallback(53)) - raft.server.rpc.first-election.timeout.max = 5200ms (fallback to raft.server.rpc.timeout.max)
2022-11-10 07:14:44,760 [grpc-default-executor-3] INFO  server.RaftServer$Division (RaftServerImpl.java:requestVote(1218)) - 73d758c7-6b76-4e6e-a3d3-7696fd8c55bd@group-841363C15B84: receive requestVote(ELECTION, 18b389ac-e92e-45af-bb8d-005344dac216, group-841363C15B84, 5, (t:0, i:0))
2022-11-10 07:14:44,760 [grpc-default-executor-3] INFO  impl.VoteContext (VoteContext.java:log(48)) - 73d758c7-6b76-4e6e-a3d3-7696fd8c55bd@group-841363C15B84-FOLLOWER: accept ELECTION from 18b389ac-e92e-45af-bb8d-005344dac216: our priority 0 <= candidate's priority 0
2022-11-10 07:14:44,760 [grpc-default-executor-3] INFO  server.RaftServer$Division (RaftServerImpl.java:setRole(321)) - 73d758c7-6b76-4e6e-a3d3-7696fd8c55bd@group-841363C15B84: changes role from  FOLLOWER to FOLLOWER at term 5 for candidate:18b389ac-e92e-45af-bb8d-005344dac216
2022-11-10 07:14:44,760 [grpc-default-executor-3] INFO  impl.RoleInfo (RoleInfo.java:shutdownFollowerState(110)) - 73d758c7-6b76-4e6e-a3d3-7696fd8c55bd: shutdown 73d758c7-6b76-4e6e-a3d3-7696fd8c55bd@group-841363C15B84-FollowerState
2022-11-10 07:14:44,760 [grpc-default-executor-3] INFO  impl.RoleInfo (RoleInfo.java:updateAndGet(139)) - 73d758c7-6b76-4e6e-a3d3-7696fd8c55bd: start 73d758c7-6b76-4e6e-a3d3-7696fd8c55bd@group-841363C15B84-FollowerState
2022-11-10 07:14:44,760 [73d758c7-6b76-4e6e-a3d3-7696fd8c55bd@group-841363C15B84-FollowerState] INFO  impl.FollowerState (FollowerState.java:run(152)) - 73d758c7-6b76-4e6e-a3d3-7696fd8c55bd@group-841363C15B84-FollowerState was interrupted
2022-11-10 07:14:44,761 [grpc-default-executor-5] INFO  server.RaftServer$Division (RaftServerImpl.java:requestVote(1218)) - b01711c8-04b4-47a5-9bab-72c84cf7bb6a@group-841363C15B84: receive requestVote(ELECTION, 18b389ac-e92e-45af-bb8d-005344dac216, group-841363C15B84, 5, (t:0, i:0))
2022-11-10 07:14:44,761 [grpc-default-executor-5] INFO  impl.VoteContext (VoteContext.java:log(48)) - b01711c8-04b4-47a5-9bab-72c84cf7bb6a@group-841363C15B84-FOLLOWER: reject ELECTION from 18b389ac-e92e-45af-bb8d-005344dac216: our priority 1 > candidate's priority 0
2022-11-10 07:14:44,761 [grpc-default-executor-5] INFO  server.RaftServer$Division (RaftServerImpl.java:setRole(321)) - b01711c8-04b4-47a5-9bab-72c84cf7bb6a@group-841363C15B84: changes role from  FOLLOWER to FOLLOWER at term 5 for candidate:18b389ac-e92e-45af-bb8d-005344dac216
2022-11-10 07:14:44,761 [grpc-default-executor-5] INFO  impl.RoleInfo (RoleInfo.java:shutdownFollowerState(110)) - b01711c8-04b4-47a5-9bab-72c84cf7bb6a: shutdown b01711c8-04b4-47a5-9bab-72c84cf7bb6a@group-841363C15B84-FollowerState
2022-11-10 07:14:44,767 [73d758c7-6b76-4e6e-a3d3-7696fd8c55bd@group-841363C15B84-FollowerState] INFO  server.RaftServerConfigKeys (ConfUtils.java:logFallback(53)) - raft.server.rpc.first-election.timeout.min = 5s (fallback to raft.server.rpc.timeout.min)
2022-11-10 07:14:44,768 [73d758c7-6b76-4e6e-a3d3-7696fd8c55bd@group-841363C15B84-FollowerState] INFO  server.RaftServerConfigKeys (ConfUtils.java:logFallback(53)) - raft.server.rpc.first-election.timeout.max = 5200ms (fallback to raft.server.rpc.timeout.max)
2022-11-10 07:14:44,768 [grpc-default-executor-3] INFO  server.RaftServer$Division (RaftServerImpl.java:requestVote(1251)) - 73d758c7-6b76-4e6e-a3d3-7696fd8c55bd@group-841363C15B84 replies to ELECTION vote request: 18b389ac-e92e-45af-bb8d-005344dac216<-73d758c7-6b76-4e6e-a3d3-7696fd8c55bd#0:OK-t5. Peer's state: 73d758c7-6b76-4e6e-a3d3-7696fd8c55bd@group-841363C15B84:t5, leader=null, voted=18b389ac-e92e-45af-bb8d-005344dac216, raftlog=Memoized:73d758c7-6b76-4e6e-a3d3-7696fd8c55bd@group-841363C15B84-SegmentedRaftLog:OPENED:c-1, conf=-1: peers:[b01711c8-04b4-47a5-9bab-72c84cf7bb6a|rpc:10.1.0.59:44509|priority:1|startupRole:FOLLOWER, 73d758c7-6b76-4e6e-a3d3-7696fd8c55bd|rpc:10.1.0.59:42647|priority:0|startupRole:FOLLOWER, 18b389ac-e92e-45af-bb8d-005344dac216|rpc:10.1.0.59:39897|priority:0|startupRole:FOLLOWER]|listeners:[], old=null
2022-11-10 07:14:44,768 [grpc-default-executor-5] INFO  impl.RoleInfo (RoleInfo.java:updateAndGet(139)) - b01711c8-04b4-47a5-9bab-72c84cf7bb6a: start b01711c8-04b4-47a5-9bab-72c84cf7bb6a@group-841363C15B84-FollowerState
2022-11-10 07:14:44,768 [b01711c8-04b4-47a5-9bab-72c84cf7bb6a@group-841363C15B84-FollowerState] INFO  impl.FollowerState (FollowerState.java:run(152)) - b01711c8-04b4-47a5-9bab-72c84cf7bb6a@group-841363C15B84-FollowerState was interrupted
2022-11-10 07:14:44,770 [b01711c8-04b4-47a5-9bab-72c84cf7bb6a@group-841363C15B84-FollowerState] INFO  server.RaftServerConfigKeys (ConfUtils.java:logFallback(53)) - raft.server.rpc.first-election.timeout.min = 5s (fallback to raft.server.rpc.timeout.min)
2022-11-10 07:14:44,770 [b01711c8-04b4-47a5-9bab-72c84cf7bb6a@group-841363C15B84-FollowerState] INFO  server.RaftServerConfigKeys (ConfUtils.java:logFallback(53)) - raft.server.rpc.first-election.timeout.max = 5200ms (fallback to raft.server.rpc.timeout.max)
2022-11-10 07:14:44,771 [grpc-default-executor-5] INFO  server.RaftServer$Division (RaftServerImpl.java:requestVote(1251)) - b01711c8-04b4-47a5-9bab-72c84cf7bb6a@group-841363C15B84 replies to ELECTION vote request: 18b389ac-e92e-45af-bb8d-005344dac216<-b01711c8-04b4-47a5-9bab-72c84cf7bb6a#0:FAIL-t5. Peer's state: b01711c8-04b4-47a5-9bab-72c84cf7bb6a@group-841363C15B84:t5, leader=null, voted=null, raftlog=Memoized:b01711c8-04b4-47a5-9bab-72c84cf7bb6a@group-841363C15B84-SegmentedRaftLog:OPENED:c-1, conf=-1: peers:[b01711c8-04b4-47a5-9bab-72c84cf7bb6a|rpc:10.1.0.59:44509|dataStream:|priority:1|startupRole:FOLLOWER, 73d758c7-6b76-4e6e-a3d3-7696fd8c55bd|rpc:10.1.0.59:42647|dataStream:|priority:0|startupRole:FOLLOWER, 18b389ac-e92e-45af-bb8d-005344dac216|rpc:10.1.0.59:39897|dataStream:|priority:0|startupRole:FOLLOWER]|listeners:[], old=null
2022-11-10 07:14:44,772 [18b389ac-e92e-45af-bb8d-005344dac216@group-841363C15B84-LeaderElection22] INFO  impl.LeaderElection (LeaderElection.java:logAndReturn(90)) - 18b389ac-e92e-45af-bb8d-005344dac216@group-841363C15B84-LeaderElection22: ELECTION REJECTED received 2 response(s) and 0 exception(s):
2022-11-10 07:14:44,772 [18b389ac-e92e-45af-bb8d-005344dac216@group-841363C15B84-LeaderElection22] INFO  impl.LeaderElection (LeaderElection.java:logAndReturn(94)) -   Response 0: 18b389ac-e92e-45af-bb8d-005344dac216<-b01711c8-04b4-47a5-9bab-72c84cf7bb6a#0:FAIL-t5
2022-11-10 07:14:44,772 [18b389ac-e92e-45af-bb8d-005344dac216@group-841363C15B84-LeaderElection22] INFO  impl.LeaderElection (LeaderElection.java:logAndReturn(94)) -   Response 1: 18b389ac-e92e-45af-bb8d-005344dac216<-73d758c7-6b76-4e6e-a3d3-7696fd8c55bd#0:OK-t5
2022-11-10 07:14:44,772 [18b389ac-e92e-45af-bb8d-005344dac216@group-841363C15B84-LeaderElection22] INFO  impl.LeaderElection (LeaderElection.java:askForVotes(314)) - 18b389ac-e92e-45af-bb8d-005344dac216@group-841363C15B84-LeaderElection22 ELECTION round 0: result REJECTED
2022-11-10 07:14:44,772 [18b389ac-e92e-45af-bb8d-005344dac216@group-841363C15B84-LeaderElection22] INFO  server.RaftServer$Division (RaftServerImpl.java:setRole(321)) - 18b389ac-e92e-45af-bb8d-005344dac216@group-841363C15B84: changes role from CANDIDATE to FOLLOWER at term 5 for REJECTED
2022-11-10 07:14:44,772 [18b389ac-e92e-45af-bb8d-005344dac216@group-841363C15B84-LeaderElection22] INFO  impl.RoleInfo (RoleInfo.java:shutdownLeaderElection(130)) - 18b389ac-e92e-45af-bb8d-005344dac216: shutdown 18b389ac-e92e-45af-bb8d-005344dac216@group-841363C15B84-LeaderElection22
2022-11-10 07:14:44,772 [18b389ac-e92e-45af-bb8d-005344dac216@group-841363C15B84-LeaderElection22] INFO  impl.RoleInfo (RoleInfo.java:updateAndGet(139)) - 18b389ac-e92e-45af-bb8d-005344dac216: start 18b389ac-e92e-45af-bb8d-005344dac216@group-841363C15B84-FollowerState
2022-11-10 07:14:44,773 [18b389ac-e92e-45af-bb8d-005344dac216@group-841363C15B84-FollowerState] INFO  server.RaftServerConfigKeys (ConfUtils.java:logFallback(53)) - raft.server.rpc.first-election.timeout.min = 5s (fallback to raft.server.rpc.timeout.min)
2022-11-10 07:14:44,773 [18b389ac-e92e-45af-bb8d-005344dac216@group-841363C15B84-FollowerState] INFO  server.RaftServerConfigKeys (ConfUtils.java:logFallback(53)) - raft.server.rpc.first-election.timeout.max = 5200ms (fallback to raft.server.rpc.timeout.max)
2022-11-10 07:14:49,871 [73d758c7-6b76-4e6e-a3d3-7696fd8c55bd@group-841363C15B84-FollowerState] INFO  server.RaftServerConfigKeys (ConfUtils.java:logFallback(53)) - raft.server.rpc.first-election.timeout.min = 5s (fallback to raft.server.rpc.timeout.min)
2022-11-10 07:14:49,871 [73d758c7-6b76-4e6e-a3d3-7696fd8c55bd@group-841363C15B84-FollowerState] INFO  server.RaftServerConfigKeys (ConfUtils.java:logFallback(53)) - raft.server.rpc.first-election.timeout.max = 5200ms (fallback to raft.server.rpc.timeout.max)
2022-11-10 07:14:49,916 [18b389ac-e92e-45af-bb8d-005344dac216@group-841363C15B84-FollowerState] INFO  impl.FollowerState (FollowerState.java:run(143)) - 18b389ac-e92e-45af-bb8d-005344dac216@group-841363C15B84-FollowerState: change to CANDIDATE, lastRpcElapsedTime:5143616220ns, electionTimeout:5143ms
2022-11-10 07:14:49,916 [18b389ac-e92e-45af-bb8d-005344dac216@group-841363C15B84-FollowerState] INFO  impl.RoleInfo (RoleInfo.java:shutdownFollowerState(110)) - 18b389ac-e92e-45af-bb8d-005344dac216: shutdown 18b389ac-e92e-45af-bb8d-005344dac216@group-841363C15B84-FollowerState
2022-11-10 07:14:49,916 [18b389ac-e92e-45af-bb8d-005344dac216@group-841363C15B84-FollowerState] INFO  server.RaftServer$Division (RaftServerImpl.java:setRole(321)) - 18b389ac-e92e-45af-bb8d-005344dac216@group-841363C15B84: changes role from  FOLLOWER to CANDIDATE at term 5 for changeToCandidate
2022-11-10 07:14:49,916 [18b389ac-e92e-45af-bb8d-005344dac216@group-841363C15B84-FollowerState] INFO  server.RaftServerConfigKeys (ConfUtils.java:logGet(46)) - raft.server.leaderelection.pre-vote = false (custom)
2022-11-10 07:14:49,916 [18b389ac-e92e-45af-bb8d-005344dac216@group-841363C15B84-FollowerState] INFO  impl.RoleInfo (RoleInfo.java:updateAndGet(139)) - 18b389ac-e92e-45af-bb8d-005344dac216: start 18b389ac-e92e-45af-bb8d-005344dac216@group-841363C15B84-LeaderElection23
2022-11-10 07:14:49,922 [18b389ac-e92e-45af-bb8d-005344dac216@group-841363C15B84-LeaderElection23] INFO  impl.LeaderElection (LeaderElection.java:askForVotes(312)) - 18b389ac-e92e-45af-bb8d-005344dac216@group-841363C15B84-LeaderElection23 ELECTION round 0: submit vote requests at term 6 for -1: peers:[b01711c8-04b4-47a5-9bab-72c84cf7bb6a|rpc:10.1.0.59:44509|dataStream:|priority:1|startupRole:FOLLOWER, 73d758c7-6b76-4e6e-a3d3-7696fd8c55bd|rpc:10.1.0.59:42647|dataStream:|priority:0|startupRole:FOLLOWER, 18b389ac-e92e-45af-bb8d-005344dac216|rpc:10.1.0.59:39897|dataStream:|priority:0|startupRole:FOLLOWER]|listeners:[], old=null
2022-11-10 07:14:49,922 [18b389ac-e92e-45af-bb8d-005344dac216@group-841363C15B84-LeaderElection23] INFO  server.RaftServerConfigKeys (ConfUtils.java:logFallback(53)) - raft.server.rpc.first-election.timeout.min = 5s (fallback to raft.server.rpc.timeout.min)
2022-11-10 07:14:49,922 [18b389ac-e92e-45af-bb8d-005344dac216@group-841363C15B84-LeaderElection23] INFO  server.RaftServerConfigKeys (ConfUtils.java:logFallback(53)) - raft.server.rpc.first-election.timeout.max = 5200ms (fallback to raft.server.rpc.timeout.max)
2022-11-10 07:14:49,926 [grpc-default-executor-5] INFO  server.RaftServer$Division (RaftServerImpl.java:requestVote(1218)) - b01711c8-04b4-47a5-9bab-72c84cf7bb6a@group-841363C15B84: receive requestVote(ELECTION, 18b389ac-e92e-45af-bb8d-005344dac216, group-841363C15B84, 6, (t:0, i:0))
2022-11-10 07:14:49,926 [grpc-default-executor-5] INFO  impl.VoteContext (VoteContext.java:log(48)) - b01711c8-04b4-47a5-9bab-72c84cf7bb6a@group-841363C15B84-FOLLOWER: reject ELECTION from 18b389ac-e92e-45af-bb8d-005344dac216: our priority 1 > candidate's priority 0
2022-11-10 07:14:49,926 [grpc-default-executor-5] INFO  server.RaftServer$Division (RaftServerImpl.java:setRole(321)) - b01711c8-04b4-47a5-9bab-72c84cf7bb6a@group-841363C15B84: changes role from  FOLLOWER to FOLLOWER at term 6 for candidate:18b389ac-e92e-45af-bb8d-005344dac216
2022-11-10 07:14:49,926 [grpc-default-executor-5] INFO  impl.RoleInfo (RoleInfo.java:shutdownFollowerState(110)) - b01711c8-04b4-47a5-9bab-72c84cf7bb6a: shutdown b01711c8-04b4-47a5-9bab-72c84cf7bb6a@group-841363C15B84-FollowerState
2022-11-10 07:14:49,926 [grpc-default-executor-5] INFO  impl.RoleInfo (RoleInfo.java:updateAndGet(139)) - b01711c8-04b4-47a5-9bab-72c84cf7bb6a: start b01711c8-04b4-47a5-9bab-72c84cf7bb6a@group-841363C15B84-FollowerState
2022-11-10 07:14:49,926 [b01711c8-04b4-47a5-9bab-72c84cf7bb6a@group-841363C15B84-FollowerState] INFO  impl.FollowerState (FollowerState.java:run(152)) - b01711c8-04b4-47a5-9bab-72c84cf7bb6a@group-841363C15B84-FollowerState was interrupted
2022-11-10 07:14:49,926 [grpc-default-executor-3] INFO  server.RaftServer$Division (RaftServerImpl.java:requestVote(1218)) - 73d758c7-6b76-4e6e-a3d3-7696fd8c55bd@group-841363C15B84: receive requestVote(ELECTION, 18b389ac-e92e-45af-bb8d-005344dac216, group-841363C15B84, 6, (t:0, i:0))
2022-11-10 07:14:49,926 [grpc-default-executor-3] INFO  impl.VoteContext (VoteContext.java:log(48)) - 73d758c7-6b76-4e6e-a3d3-7696fd8c55bd@group-841363C15B84-FOLLOWER: accept ELECTION from 18b389ac-e92e-45af-bb8d-005344dac216: our priority 0 <= candidate's priority 0
2022-11-10 07:14:49,926 [grpc-default-executor-3] INFO  server.RaftServer$Division (RaftServerImpl.java:setRole(321)) - 73d758c7-6b76-4e6e-a3d3-7696fd8c55bd@group-841363C15B84: changes role from  FOLLOWER to FOLLOWER at term 6 for candidate:18b389ac-e92e-45af-bb8d-005344dac216
2022-11-10 07:14:49,926 [grpc-default-executor-3] INFO  impl.RoleInfo (RoleInfo.java:shutdownFollowerState(110)) - 73d758c7-6b76-4e6e-a3d3-7696fd8c55bd: shutdown 73d758c7-6b76-4e6e-a3d3-7696fd8c55bd@group-841363C15B84-FollowerState
2022-11-10 07:14:49,932 [grpc-default-executor-3] INFO  impl.RoleInfo (RoleInfo.java:updateAndGet(139)) - 73d758c7-6b76-4e6e-a3d3-7696fd8c55bd: start 73d758c7-6b76-4e6e-a3d3-7696fd8c55bd@group-841363C15B84-FollowerState
2022-11-10 07:14:49,932 [73d758c7-6b76-4e6e-a3d3-7696fd8c55bd@group-841363C15B84-FollowerState] INFO  impl.FollowerState (FollowerState.java:run(152)) - 73d758c7-6b76-4e6e-a3d3-7696fd8c55bd@group-841363C15B84-FollowerState was interrupted
2022-11-10 07:14:49,932 [grpc-default-executor-5] INFO  server.RaftServer$Division (RaftServerImpl.java:requestVote(1251)) - b01711c8-04b4-47a5-9bab-72c84cf7bb6a@group-841363C15B84 replies to ELECTION vote request: 18b389ac-e92e-45af-bb8d-005344dac216<-b01711c8-04b4-47a5-9bab-72c84cf7bb6a#0:FAIL-t6. Peer's state: b01711c8-04b4-47a5-9bab-72c84cf7bb6a@group-841363C15B84:t6, leader=null, voted=null, raftlog=Memoized:b01711c8-04b4-47a5-9bab-72c84cf7bb6a@group-841363C15B84-SegmentedRaftLog:OPENED:c-1, conf=-1: peers:[b01711c8-04b4-47a5-9bab-72c84cf7bb6a|rpc:10.1.0.59:44509|dataStream:|priority:1|startupRole:FOLLOWER, 73d758c7-6b76-4e6e-a3d3-7696fd8c55bd|rpc:10.1.0.59:42647|dataStream:|priority:0|startupRole:FOLLOWER, 18b389ac-e92e-45af-bb8d-005344dac216|rpc:10.1.0.59:39897|dataStream:|priority:0|startupRole:FOLLOWER]|listeners:[], old=null
2022-11-10 07:14:49,939 [b01711c8-04b4-47a5-9bab-72c84cf7bb6a@group-841363C15B84-FollowerState] INFO  server.RaftServerConfigKeys (ConfUtils.java:logFallback(53)) - raft.server.rpc.first-election.timeout.min = 5s (fallback to raft.server.rpc.timeout.min)
2022-11-10 07:14:49,939 [b01711c8-04b4-47a5-9bab-72c84cf7bb6a@group-841363C15B84-FollowerState] INFO  server.RaftServerConfigKeys (ConfUtils.java:logFallback(53)) - raft.server.rpc.first-election.timeout.max = 5200ms (fallback to raft.server.rpc.timeout.max)
2022-11-10 07:14:49,939 [73d758c7-6b76-4e6e-a3d3-7696fd8c55bd@group-841363C15B84-FollowerState] INFO  server.RaftServerConfigKeys (ConfUtils.java:logFallback(53)) - raft.server.rpc.first-election.timeout.min = 5s (fallback to raft.server.rpc.timeout.min)
2022-11-10 07:14:49,940 [73d758c7-6b76-4e6e-a3d3-7696fd8c55bd@group-841363C15B84-FollowerState] INFO  server.RaftServerConfigKeys (ConfUtils.java:logFallback(53)) - raft.server.rpc.first-election.timeout.max = 5200ms (fallback to raft.server.rpc.timeout.max)
2022-11-10 07:14:49,940 [18b389ac-e92e-45af-bb8d-005344dac216@group-841363C15B84-LeaderElection23] INFO  impl.LeaderElection (LeaderElection.java:logAndReturn(90)) - 18b389ac-e92e-45af-bb8d-005344dac216@group-841363C15B84-LeaderElection23: ELECTION REJECTED received 1 response(s) and 0 exception(s):
2022-11-10 07:14:49,939 [grpc-default-executor-3] INFO  server.RaftServer$Division (RaftServerImpl.java:requestVote(1251)) - 73d758c7-6b76-4e6e-a3d3-7696fd8c55bd@group-841363C15B84 replies to ELECTION vote request: 18b389ac-e92e-45af-bb8d-005344dac216<-73d758c7-6b76-4e6e-a3d3-7696fd8c55bd#0:OK-t6. Peer's state: 73d758c7-6b76-4e6e-a3d3-7696fd8c55bd@group-841363C15B84:t6, leader=null, voted=18b389ac-e92e-45af-bb8d-005344dac216, raftlog=Memoized:73d758c7-6b76-4e6e-a3d3-7696fd8c55bd@group-841363C15B84-SegmentedRaftLog:OPENED:c-1, conf=-1: peers:[b01711c8-04b4-47a5-9bab-72c84cf7bb6a|rpc:10.1.0.59:44509|priority:1|startupRole:FOLLOWER, 73d758c7-6b76-4e6e-a3d3-7696fd8c55bd|rpc:10.1.0.59:42647|priority:0|startupRole:FOLLOWER, 18b389ac-e92e-45af-bb8d-005344dac216|rpc:10.1.0.59:39897|priority:0|startupRole:FOLLOWER]|listeners:[], old=null
2022-11-10 07:14:49,940 [18b389ac-e92e-45af-bb8d-005344dac216@group-841363C15B84-LeaderElection23] INFO  impl.LeaderElection (LeaderElection.java:logAndReturn(94)) -   Response 0: 18b389ac-e92e-45af-bb8d-005344dac216<-b01711c8-04b4-47a5-9bab-72c84cf7bb6a#0:FAIL-t6
2022-11-10 07:14:49,940 [18b389ac-e92e-45af-bb8d-005344dac216@group-841363C15B84-LeaderElection23] INFO  impl.LeaderElection (LeaderElection.java:askForVotes(314)) - 18b389ac-e92e-45af-bb8d-005344dac216@group-841363C15B84-LeaderElection23 ELECTION round 0: result REJECTED
2022-11-10 07:14:49,940 [18b389ac-e92e-45af-bb8d-005344dac216@group-841363C15B84-LeaderElection23] INFO  server.RaftServer$Division (RaftServerImpl.java:setRole(321)) - 18b389ac-e92e-45af-bb8d-005344dac216@group-841363C15B84: changes role from CANDIDATE to FOLLOWER at term 6 for REJECTED
2022-11-10 07:14:49,940 [18b389ac-e92e-45af-bb8d-005344dac216@group-841363C15B84-LeaderElection23] INFO  impl.RoleInfo (RoleInfo.java:shutdownLeaderElection(130)) - 18b389ac-e92e-45af-bb8d-005344dac216: shutdown 18b389ac-e92e-45af-bb8d-005344dac216@group-841363C15B84-LeaderElection23
2022-11-10 07:14:49,940 [18b389ac-e92e-45af-bb8d-005344dac216@group-841363C15B84-LeaderElection23] INFO  impl.RoleInfo (RoleInfo.java:updateAndGet(139)) - 18b389ac-e92e-45af-bb8d-005344dac216: start 18b389ac-e92e-45af-bb8d-005344dac216@group-841363C15B84-FollowerState
2022-11-10 07:14:49,944 [18b389ac-e92e-45af-bb8d-005344dac216@group-841363C15B84-FollowerState] INFO  server.RaftServerConfigKeys (ConfUtils.java:logFallback(53)) - raft.server.rpc.first-election.timeout.min = 5s (fallback to raft.server.rpc.timeout.min)
2022-11-10 07:14:49,944 [18b389ac-e92e-45af-bb8d-005344dac216@group-841363C15B84-FollowerState] INFO  server.RaftServerConfigKeys (ConfUtils.java:logFallback(53)) - raft.server.rpc.first-election.timeout.max = 5200ms (fallback to raft.server.rpc.timeout.max)
2022-11-10 07:14:54,969 [18b389ac-e92e-45af-bb8d-005344dac216@group-841363C15B84-FollowerState] INFO  impl.FollowerState (FollowerState.java:run(143)) - 18b389ac-e92e-45af-bb8d-005344dac216@group-841363C15B84-FollowerState: change to CANDIDATE, lastRpcElapsedTime:5028769471ns, electionTimeout:5025ms
2022-11-10 07:14:54,969 [18b389ac-e92e-45af-bb8d-005344dac216@group-841363C15B84-FollowerState] INFO  impl.RoleInfo (RoleInfo.java:shutdownFollowerState(110)) - 18b389ac-e92e-45af-bb8d-005344dac216: shutdown 18b389ac-e92e-45af-bb8d-005344dac216@group-841363C15B84-FollowerState
2022-11-10 07:14:54,969 [18b389ac-e92e-45af-bb8d-005344dac216@group-841363C15B84-FollowerState] INFO  server.RaftServer$Division (RaftServerImpl.java:setRole(321)) - 18b389ac-e92e-45af-bb8d-005344dac216@group-841363C15B84: changes role from  FOLLOWER to CANDIDATE at term 6 for changeToCandidate
2022-11-10 07:14:54,969 [18b389ac-e92e-45af-bb8d-005344dac216@group-841363C15B84-FollowerState] INFO  server.RaftServerConfigKeys (ConfUtils.java:logGet(46)) - raft.server.leaderelection.pre-vote = false (custom)
2022-11-10 07:14:54,969 [18b389ac-e92e-45af-bb8d-005344dac216@group-841363C15B84-FollowerState] INFO  impl.RoleInfo (RoleInfo.java:updateAndGet(139)) - 18b389ac-e92e-45af-bb8d-005344dac216: start 18b389ac-e92e-45af-bb8d-005344dac216@group-841363C15B84-LeaderElection24
2022-11-10 07:14:54,973 [18b389ac-e92e-45af-bb8d-005344dac216@group-841363C15B84-LeaderElection24] INFO  impl.LeaderElection (LeaderElection.java:askForVotes(312)) - 18b389ac-e92e-45af-bb8d-005344dac216@group-841363C15B84-LeaderElection24 ELECTION round 0: submit vote requests at term 7 for -1: peers:[b01711c8-04b4-47a5-9bab-72c84cf7bb6a|rpc:10.1.0.59:44509|dataStream:|priority:1|startupRole:FOLLOWER, 73d758c7-6b76-4e6e-a3d3-7696fd8c55bd|rpc:10.1.0.59:42647|dataStream:|priority:0|startupRole:FOLLOWER, 18b389ac-e92e-45af-bb8d-005344dac216|rpc:10.1.0.59:39897|dataStream:|priority:0|startupRole:FOLLOWER]|listeners:[], old=null
2022-11-10 07:14:54,973 [18b389ac-e92e-45af-bb8d-005344dac216@group-841363C15B84-LeaderElection24] INFO  server.RaftServerConfigKeys (ConfUtils.java:logFallback(53)) - raft.server.rpc.first-election.timeout.min = 5s (fallback to raft.server.rpc.timeout.min)
2022-11-10 07:14:54,973 [18b389ac-e92e-45af-bb8d-005344dac216@group-841363C15B84-LeaderElection24] INFO  server.RaftServerConfigKeys (ConfUtils.java:logFallback(53)) - raft.server.rpc.first-election.timeout.max = 5200ms (fallback to raft.server.rpc.timeout.max)
2022-11-10 07:14:54,975 [grpc-default-executor-5] INFO  server.RaftServer$Division (RaftServerImpl.java:requestVote(1218)) - 73d758c7-6b76-4e6e-a3d3-7696fd8c55bd@group-841363C15B84: receive requestVote(ELECTION, 18b389ac-e92e-45af-bb8d-005344dac216, group-841363C15B84, 7, (t:0, i:0))
2022-11-10 07:14:54,975 [grpc-default-executor-5] INFO  impl.VoteContext (VoteContext.java:log(48)) - 73d758c7-6b76-4e6e-a3d3-7696fd8c55bd@group-841363C15B84-FOLLOWER: accept ELECTION from 18b389ac-e92e-45af-bb8d-005344dac216: our priority 0 <= candidate's priority 0
2022-11-10 07:14:54,975 [grpc-default-executor-5] INFO  server.RaftServer$Division (RaftServerImpl.java:setRole(321)) - 73d758c7-6b76-4e6e-a3d3-7696fd8c55bd@group-841363C15B84: changes role from  FOLLOWER to FOLLOWER at term 7 for candidate:18b389ac-e92e-45af-bb8d-005344dac216
2022-11-10 07:14:54,975 [grpc-default-executor-5] INFO  impl.RoleInfo (RoleInfo.java:shutdownFollowerState(110)) - 73d758c7-6b76-4e6e-a3d3-7696fd8c55bd: shutdown 73d758c7-6b76-4e6e-a3d3-7696fd8c55bd@group-841363C15B84-FollowerState
2022-11-10 07:14:54,975 [grpc-default-executor-5] INFO  impl.RoleInfo (RoleInfo.java:updateAndGet(139)) - 73d758c7-6b76-4e6e-a3d3-7696fd8c55bd: start 73d758c7-6b76-4e6e-a3d3-7696fd8c55bd@group-841363C15B84-FollowerState
2022-11-10 07:14:54,976 [73d758c7-6b76-4e6e-a3d3-7696fd8c55bd@group-841363C15B84-FollowerState] INFO  impl.FollowerState (FollowerState.java:run(152)) - 73d758c7-6b76-4e6e-a3d3-7696fd8c55bd@group-841363C15B84-FollowerState was interrupted
2022-11-10 07:14:54,977 [grpc-default-executor-5] INFO  server.RaftServer$Division (RaftServerImpl.java:requestVote(1251)) - 73d758c7-6b76-4e6e-a3d3-7696fd8c55bd@group-841363C15B84 replies to ELECTION vote request: 18b389ac-e92e-45af-bb8d-005344dac216<-73d758c7-6b76-4e6e-a3d3-7696fd8c55bd#0:OK-t7. Peer's state: 73d758c7-6b76-4e6e-a3d3-7696fd8c55bd@group-841363C15B84:t7, leader=null, voted=18b389ac-e92e-45af-bb8d-005344dac216, raftlog=Memoized:73d758c7-6b76-4e6e-a3d3-7696fd8c55bd@group-841363C15B84-SegmentedRaftLog:OPENED:c-1, conf=-1: peers:[b01711c8-04b4-47a5-9bab-72c84cf7bb6a|rpc:10.1.0.59:44509|priority:1|startupRole:FOLLOWER, 73d758c7-6b76-4e6e-a3d3-7696fd8c55bd|rpc:10.1.0.59:42647|priority:0|startupRole:FOLLOWER, 18b389ac-e92e-45af-bb8d-005344dac216|rpc:10.1.0.59:39897|priority:0|startupRole:FOLLOWER]|listeners:[], old=null
2022-11-10 07:14:54,978 [73d758c7-6b76-4e6e-a3d3-7696fd8c55bd@group-841363C15B84-FollowerState] INFO  server.RaftServerConfigKeys (ConfUtils.java:logFallback(53)) - raft.server.rpc.first-election.timeout.min = 5s (fallback to raft.server.rpc.timeout.min)
2022-11-10 07:14:54,978 [grpc-default-executor-5] INFO  server.RaftServer$Division (RaftServerImpl.java:requestVote(1218)) - b01711c8-04b4-47a5-9bab-72c84cf7bb6a@group-841363C15B84: receive requestVote(ELECTION, 18b389ac-e92e-45af-bb8d-005344dac216, group-841363C15B84, 7, (t:0, i:0))
2022-11-10 07:14:54,979 [grpc-default-executor-5] INFO  impl.VoteContext (VoteContext.java:log(48)) - b01711c8-04b4-47a5-9bab-72c84cf7bb6a@group-841363C15B84-FOLLOWER: reject ELECTION from 18b389ac-e92e-45af-bb8d-005344dac216: our priority 1 > candidate's priority 0
2022-11-10 07:14:54,979 [grpc-default-executor-5] INFO  server.RaftServer$Division (RaftServerImpl.java:setRole(321)) - b01711c8-04b4-47a5-9bab-72c84cf7bb6a@group-841363C15B84: changes role from  FOLLOWER to FOLLOWER at term 7 for candidate:18b389ac-e92e-45af-bb8d-005344dac216
2022-11-10 07:14:54,979 [grpc-default-executor-5] INFO  impl.RoleInfo (RoleInfo.java:shutdownFollowerState(110)) - b01711c8-04b4-47a5-9bab-72c84cf7bb6a: shutdown b01711c8-04b4-47a5-9bab-72c84cf7bb6a@group-841363C15B84-FollowerState
2022-11-10 07:14:54,979 [grpc-default-executor-5] INFO  impl.RoleInfo (RoleInfo.java:updateAndGet(139)) - b01711c8-04b4-47a5-9bab-72c84cf7bb6a: start b01711c8-04b4-47a5-9bab-72c84cf7bb6a@group-841363C15B84-FollowerState
2022-11-10 07:14:54,979 [b01711c8-04b4-47a5-9bab-72c84cf7bb6a@group-841363C15B84-FollowerState] INFO  impl.FollowerState (FollowerState.java:run(152)) - b01711c8-04b4-47a5-9bab-72c84cf7bb6a@group-841363C15B84-FollowerState was interrupted
2022-11-10 07:14:54,980 [73d758c7-6b76-4e6e-a3d3-7696fd8c55bd@group-841363C15B84-FollowerState] INFO  server.RaftServerConfigKeys (ConfUtils.java:logFallback(53)) - raft.server.rpc.first-election.timeout.max = 5200ms (fallback to raft.server.rpc.timeout.max)
2022-11-10 07:14:54,980 [b01711c8-04b4-47a5-9bab-72c84cf7bb6a@group-841363C15B84-FollowerState] INFO  server.RaftServerConfigKeys (ConfUtils.java:logFallback(53)) - raft.server.rpc.first-election.timeout.min = 5s (fallback to raft.server.rpc.timeout.min)
2022-11-10 07:14:54,981 [b01711c8-04b4-47a5-9bab-72c84cf7bb6a@group-841363C15B84-FollowerState] INFO  server.RaftServerConfigKeys (ConfUtils.java:logFallback(53)) - raft.server.rpc.first-election.timeout.max = 5200ms (fallback to raft.server.rpc.timeout.max)
2022-11-10 07:14:54,981 [grpc-default-executor-5] INFO  server.RaftServer$Division (RaftServerImpl.java:requestVote(1251)) - b01711c8-04b4-47a5-9bab-72c84cf7bb6a@group-841363C15B84 replies to ELECTION vote request: 18b389ac-e92e-45af-bb8d-005344dac216<-b01711c8-04b4-47a5-9bab-72c84cf7bb6a#0:FAIL-t7. Peer's state: b01711c8-04b4-47a5-9bab-72c84cf7bb6a@group-841363C15B84:t7, leader=null, voted=null, raftlog=Memoized:b01711c8-04b4-47a5-9bab-72c84cf7bb6a@group-841363C15B84-SegmentedRaftLog:OPENED:c-1, conf=-1: peers:[b01711c8-04b4-47a5-9bab-72c84cf7bb6a|rpc:10.1.0.59:44509|dataStream:|priority:1|startupRole:FOLLOWER, 73d758c7-6b76-4e6e-a3d3-7696fd8c55bd|rpc:10.1.0.59:42647|dataStream:|priority:0|startupRole:FOLLOWER, 18b389ac-e92e-45af-bb8d-005344dac216|rpc:10.1.0.59:39897|dataStream:|priority:0|startupRole:FOLLOWER]|listeners:[], old=null
2022-11-10 07:14:54,982 [18b389ac-e92e-45af-bb8d-005344dac216@group-841363C15B84-LeaderElection24] INFO  impl.LeaderElection (LeaderElection.java:logAndReturn(90)) - 18b389ac-e92e-45af-bb8d-005344dac216@group-841363C15B84-LeaderElection24: ELECTION REJECTED received 2 response(s) and 0 exception(s):
2022-11-10 07:14:54,982 [18b389ac-e92e-45af-bb8d-005344dac216@group-841363C15B84-LeaderElection24] INFO  impl.LeaderElection (LeaderElection.java:logAndReturn(94)) -   Response 0: 18b389ac-e92e-45af-bb8d-005344dac216<-b01711c8-04b4-47a5-9bab-72c84cf7bb6a#0:FAIL-t7
2022-11-10 07:14:54,982 [18b389ac-e92e-45af-bb8d-005344dac216@group-841363C15B84-LeaderElection24] INFO  impl.LeaderElection (LeaderElection.java:logAndReturn(94)) -   Response 1: 18b389ac-e92e-45af-bb8d-005344dac216<-73d758c7-6b76-4e6e-a3d3-7696fd8c55bd#0:OK-t7
2022-11-10 07:14:54,982 [18b389ac-e92e-45af-bb8d-005344dac216@group-841363C15B84-LeaderElection24] INFO  impl.LeaderElection (LeaderElection.java:askForVotes(314)) - 18b389ac-e92e-45af-bb8d-005344dac216@group-841363C15B84-LeaderElection24 ELECTION round 0: result REJECTED
2022-11-10 07:14:54,982 [18b389ac-e92e-45af-bb8d-005344dac216@group-841363C15B84-LeaderElection24] INFO  server.RaftServer$Division (RaftServerImpl.java:setRole(321)) - 18b389ac-e92e-45af-bb8d-005344dac216@group-841363C15B84: changes role from CANDIDATE to FOLLOWER at term 7 for REJECTED
2022-11-10 07:14:54,982 [18b389ac-e92e-45af-bb8d-005344dac216@group-841363C15B84-LeaderElection24] INFO  impl.RoleInfo (RoleInfo.java:shutdownLeaderElection(130)) - 18b389ac-e92e-45af-bb8d-005344dac216: shutdown 18b389ac-e92e-45af-bb8d-005344dac216@group-841363C15B84-LeaderElection24
2022-11-10 07:14:54,982 [18b389ac-e92e-45af-bb8d-005344dac216@group-841363C15B84-LeaderElection24] INFO  impl.RoleInfo (RoleInfo.java:updateAndGet(139)) - 18b389ac-e92e-45af-bb8d-005344dac216: start 18b389ac-e92e-45af-bb8d-005344dac216@group-841363C15B84-FollowerState
2022-11-10 07:14:54,983 [18b389ac-e92e-45af-bb8d-005344dac216@group-841363C15B84-FollowerState] INFO  server.RaftServerConfigKeys (ConfUtils.java:logFallback(53)) - raft.server.rpc.first-election.timeout.min = 5s (fallback to raft.server.rpc.timeout.min)
2022-11-10 07:14:54,983 [18b389ac-e92e-45af-bb8d-005344dac216@group-841363C15B84-FollowerState] INFO  server.RaftServerConfigKeys (ConfUtils.java:logFallback(53)) - raft.server.rpc.first-election.timeout.max = 5200ms (fallback to raft.server.rpc.timeout.max)
2022-11-10 07:15:00,036 [18b389ac-e92e-45af-bb8d-005344dac216@group-841363C15B84-FollowerState] INFO  impl.FollowerState (FollowerState.java:run(143)) - 18b389ac-e92e-45af-bb8d-005344dac216@group-841363C15B84-FollowerState: change to CANDIDATE, lastRpcElapsedTime:5054137525ns, electionTimeout:5053ms
2022-11-10 07:15:00,036 [18b389ac-e92e-45af-bb8d-005344dac216@group-841363C15B84-FollowerState] INFO  impl.RoleInfo (RoleInfo.java:shutdownFollowerState(110)) - 18b389ac-e92e-45af-bb8d-005344dac216: shutdown 18b389ac-e92e-45af-bb8d-005344dac216@group-841363C15B84-FollowerState
2022-11-10 07:15:00,036 [18b389ac-e92e-45af-bb8d-005344dac216@group-841363C15B84-FollowerState] INFO  server.RaftServer$Division (RaftServerImpl.java:setRole(321)) - 18b389ac-e92e-45af-bb8d-005344dac216@group-841363C15B84: changes role from  FOLLOWER to CANDIDATE at term 7 for changeToCandidate
2022-11-10 07:15:00,037 [18b389ac-e92e-45af-bb8d-005344dac216@group-841363C15B84-FollowerState] INFO  server.RaftServerConfigKeys (ConfUtils.java:logGet(46)) - raft.server.leaderelection.pre-vote = false (custom)
2022-11-10 07:15:00,037 [18b389ac-e92e-45af-bb8d-005344dac216@group-841363C15B84-FollowerState] INFO  impl.RoleInfo (RoleInfo.java:updateAndGet(139)) - 18b389ac-e92e-45af-bb8d-005344dac216: start 18b389ac-e92e-45af-bb8d-005344dac216@group-841363C15B84-LeaderElection25
2022-11-10 07:15:00,039 [18b389ac-e92e-45af-bb8d-005344dac216@group-841363C15B84-LeaderElection25] INFO  impl.LeaderElection (LeaderElection.java:askForVotes(312)) - 18b389ac-e92e-45af-bb8d-005344dac216@group-841363C15B84-LeaderElection25 ELECTION round 0: submit vote requests at term 8 for -1: peers:[b01711c8-04b4-47a5-9bab-72c84cf7bb6a|rpc:10.1.0.59:44509|dataStream:|priority:1|startupRole:FOLLOWER, 73d758c7-6b76-4e6e-a3d3-7696fd8c55bd|rpc:10.1.0.59:42647|dataStream:|priority:0|startupRole:FOLLOWER, 18b389ac-e92e-45af-bb8d-005344dac216|rpc:10.1.0.59:39897|dataStream:|priority:0|startupRole:FOLLOWER]|listeners:[], old=null
2022-11-10 07:15:00,040 [18b389ac-e92e-45af-bb8d-005344dac216@group-841363C15B84-LeaderElection25] INFO  server.RaftServerConfigKeys (ConfUtils.java:logFallback(53)) - raft.server.rpc.first-election.timeout.min = 5s (fallback to raft.server.rpc.timeout.min)
2022-11-10 07:15:00,040 [18b389ac-e92e-45af-bb8d-005344dac216@group-841363C15B84-LeaderElection25] INFO  server.RaftServerConfigKeys (ConfUtils.java:logFallback(53)) - raft.server.rpc.first-election.timeout.max = 5200ms (fallback to raft.server.rpc.timeout.max)
2022-11-10 07:15:00,042 [grpc-default-executor-5] INFO  server.RaftServer$Division (RaftServerImpl.java:requestVote(1218)) - b01711c8-04b4-47a5-9bab-72c84cf7bb6a@group-841363C15B84: receive requestVote(ELECTION, 18b389ac-e92e-45af-bb8d-005344dac216, group-841363C15B84, 8, (t:0, i:0))
2022-11-10 07:15:00,042 [grpc-default-executor-5] INFO  impl.VoteContext (VoteContext.java:log(48)) - b01711c8-04b4-47a5-9bab-72c84cf7bb6a@group-841363C15B84-FOLLOWER: reject ELECTION from 18b389ac-e92e-45af-bb8d-005344dac216: our priority 1 > candidate's priority 0
2022-11-10 07:15:00,042 [grpc-default-executor-5] INFO  server.RaftServer$Division (RaftServerImpl.java:setRole(321)) - b01711c8-04b4-47a5-9bab-72c84cf7bb6a@group-841363C15B84: changes role from  FOLLOWER to FOLLOWER at term 8 for candidate:18b389ac-e92e-45af-bb8d-005344dac216
2022-11-10 07:15:00,042 [grpc-default-executor-5] INFO  impl.RoleInfo (RoleInfo.java:shutdownFollowerState(110)) - b01711c8-04b4-47a5-9bab-72c84cf7bb6a: shutdown b01711c8-04b4-47a5-9bab-72c84cf7bb6a@group-841363C15B84-FollowerState
2022-11-10 07:15:00,042 [grpc-default-executor-5] INFO  impl.RoleInfo (RoleInfo.java:updateAndGet(139)) - b01711c8-04b4-47a5-9bab-72c84cf7bb6a: start b01711c8-04b4-47a5-9bab-72c84cf7bb6a@group-841363C15B84-FollowerState
2022-11-10 07:15:00,044 [b01711c8-04b4-47a5-9bab-72c84cf7bb6a@group-841363C15B84-FollowerState] INFO  impl.FollowerState (FollowerState.java:run(152)) - b01711c8-04b4-47a5-9bab-72c84cf7bb6a@group-841363C15B84-FollowerState was interrupted
2022-11-10 07:15:00,048 [grpc-default-executor-3] INFO  server.RaftServer$Division (RaftServerImpl.java:requestVote(1218)) - 73d758c7-6b76-4e6e-a3d3-7696fd8c55bd@group-841363C15B84: receive requestVote(ELECTION, 18b389ac-e92e-45af-bb8d-005344dac216, group-841363C15B84, 8, (t:0, i:0))
2022-11-10 07:15:00,048 [grpc-default-executor-3] INFO  impl.VoteContext (VoteContext.java:log(48)) - 73d758c7-6b76-4e6e-a3d3-7696fd8c55bd@group-841363C15B84-FOLLOWER: accept ELECTION from 18b389ac-e92e-45af-bb8d-005344dac216: our priority 0 <= candidate's priority 0
2022-11-10 07:15:00,048 [grpc-default-executor-3] INFO  server.RaftServer$Division (RaftServerImpl.java:setRole(321)) - 73d758c7-6b76-4e6e-a3d3-7696fd8c55bd@group-841363C15B84: changes role from  FOLLOWER to FOLLOWER at term 8 for candidate:18b389ac-e92e-45af-bb8d-005344dac216
2022-11-10 07:15:00,048 [grpc-default-executor-3] INFO  impl.RoleInfo (RoleInfo.java:shutdownFollowerState(110)) - 73d758c7-6b76-4e6e-a3d3-7696fd8c55bd: shutdown 73d758c7-6b76-4e6e-a3d3-7696fd8c55bd@group-841363C15B84-FollowerState
2022-11-10 07:15:00,048 [grpc-default-executor-3] INFO  impl.RoleInfo (RoleInfo.java:updateAndGet(139)) - 73d758c7-6b76-4e6e-a3d3-7696fd8c55bd: start 73d758c7-6b76-4e6e-a3d3-7696fd8c55bd@group-841363C15B84-FollowerState
2022-11-10 07:15:00,048 [grpc-default-executor-5] INFO  server.RaftServer$Division (RaftServerImpl.java:requestVote(1251)) - b01711c8-04b4-47a5-9bab-72c84cf7bb6a@group-841363C15B84 replies to ELECTION vote request: 18b389ac-e92e-45af-bb8d-005344dac216<-b01711c8-04b4-47a5-9bab-72c84cf7bb6a#0:FAIL-t8. Peer's state: b01711c8-04b4-47a5-9bab-72c84cf7bb6a@group-841363C15B84:t8, leader=null, voted=null, raftlog=Memoized:b01711c8-04b4-47a5-9bab-72c84cf7bb6a@group-841363C15B84-SegmentedRaftLog:OPENED:c-1, conf=-1: peers:[b01711c8-04b4-47a5-9bab-72c84cf7bb6a|rpc:10.1.0.59:44509|dataStream:|priority:1|startupRole:FOLLOWER, 73d758c7-6b76-4e6e-a3d3-7696fd8c55bd|rpc:10.1.0.59:42647|dataStream:|priority:0|startupRole:FOLLOWER, 18b389ac-e92e-45af-bb8d-005344dac216|rpc:10.1.0.59:39897|dataStream:|priority:0|startupRole:FOLLOWER]|listeners:[], old=null
2022-11-10 07:15:00,048 [73d758c7-6b76-4e6e-a3d3-7696fd8c55bd@group-841363C15B84-FollowerState] INFO  impl.FollowerState (FollowerState.java:run(152)) - 73d758c7-6b76-4e6e-a3d3-7696fd8c55bd@group-841363C15B84-FollowerState was interrupted
2022-11-10 07:15:00,048 [b01711c8-04b4-47a5-9bab-72c84cf7bb6a@group-841363C15B84-FollowerState] INFO  server.RaftServerConfigKeys (ConfUtils.java:logFallback(53)) - raft.server.rpc.first-election.timeout.min = 5s (fallback to raft.server.rpc.timeout.min)
2022-11-10 07:15:00,049 [b01711c8-04b4-47a5-9bab-72c84cf7bb6a@group-841363C15B84-FollowerState] INFO  server.RaftServerConfigKeys (ConfUtils.java:logFallback(53)) - raft.server.rpc.first-election.timeout.max = 5200ms (fallback to raft.server.rpc.timeout.max)
2022-11-10 07:15:00,059 [grpc-default-executor-3] INFO  server.RaftServer$Division (RaftServerImpl.java:requestVote(1251)) - 73d758c7-6b76-4e6e-a3d3-7696fd8c55bd@group-841363C15B84 replies to ELECTION vote request: 18b389ac-e92e-45af-bb8d-005344dac216<-73d758c7-6b76-4e6e-a3d3-7696fd8c55bd#0:OK-t8. Peer's state: 73d758c7-6b76-4e6e-a3d3-7696fd8c55bd@group-841363C15B84:t8, leader=null, voted=18b389ac-e92e-45af-bb8d-005344dac216, raftlog=Memoized:73d758c7-6b76-4e6e-a3d3-7696fd8c55bd@group-841363C15B84-SegmentedRaftLog:OPENED:c-1, conf=-1: peers:[b01711c8-04b4-47a5-9bab-72c84cf7bb6a|rpc:10.1.0.59:44509|priority:1|startupRole:FOLLOWER, 73d758c7-6b76-4e6e-a3d3-7696fd8c55bd|rpc:10.1.0.59:42647|priority:0|startupRole:FOLLOWER, 18b389ac-e92e-45af-bb8d-005344dac216|rpc:10.1.0.59:39897|priority:0|startupRole:FOLLOWER]|listeners:[], old=null
2022-11-10 07:15:00,060 [73d758c7-6b76-4e6e-a3d3-7696fd8c55bd@group-841363C15B84-FollowerState] INFO  server.RaftServerConfigKeys (ConfUtils.java:logFallback(53)) - raft.server.rpc.first-election.timeout.min = 5s (fallback to raft.server.rpc.timeout.min)
2022-11-10 07:15:00,060 [73d758c7-6b76-4e6e-a3d3-7696fd8c55bd@group-841363C15B84-FollowerState] INFO  server.RaftServerConfigKeys (ConfUtils.java:logFallback(53)) - raft.server.rpc.first-election.timeout.max = 5200ms (fallback to raft.server.rpc.timeout.max)
2022-11-10 07:15:00,060 [18b389ac-e92e-45af-bb8d-005344dac216@group-841363C15B84-LeaderElection25] INFO  impl.LeaderElection (LeaderElection.java:logAndReturn(90)) - 18b389ac-e92e-45af-bb8d-005344dac216@group-841363C15B84-LeaderElection25: ELECTION REJECTED received 1 response(s) and 0 exception(s):
2022-11-10 07:15:00,060 [18b389ac-e92e-45af-bb8d-005344dac216@group-841363C15B84-LeaderElection25] INFO  impl.LeaderElection (LeaderElection.java:logAndReturn(94)) -   Response 0: 18b389ac-e92e-45af-bb8d-005344dac216<-b01711c8-04b4-47a5-9bab-72c84cf7bb6a#0:FAIL-t8
2022-11-10 07:15:00,060 [18b389ac-e92e-45af-bb8d-005344dac216@group-841363C15B84-LeaderElection25] INFO  impl.LeaderElection (LeaderElection.java:askForVotes(314)) - 18b389ac-e92e-45af-bb8d-005344dac216@group-841363C15B84-LeaderElection25 ELECTION round 0: result REJECTED
2022-11-10 07:15:00,060 [18b389ac-e92e-45af-bb8d-005344dac216@group-841363C15B84-LeaderElection25] INFO  server.RaftServer$Division (RaftServerImpl.java:setRole(321)) - 18b389ac-e92e-45af-bb8d-005344dac216@group-841363C15B84: changes role from CANDIDATE to FOLLOWER at term 8 for REJECTED
2022-11-10 07:15:00,060 [18b389ac-e92e-45af-bb8d-005344dac216@group-841363C15B84-LeaderElection25] INFO  impl.RoleInfo (RoleInfo.java:shutdownLeaderElection(130)) - 18b389ac-e92e-45af-bb8d-005344dac216: shutdown 18b389ac-e92e-45af-bb8d-005344dac216@group-841363C15B84-LeaderElection25
2022-11-10 07:15:00,061 [18b389ac-e92e-45af-bb8d-005344dac216@group-841363C15B84-LeaderElection25] INFO  impl.RoleInfo (RoleInfo.java:updateAndGet(139)) - 18b389ac-e92e-45af-bb8d-005344dac216: start 18b389ac-e92e-45af-bb8d-005344dac216@group-841363C15B84-FollowerState
2022-11-10 07:15:00,062 [18b389ac-e92e-45af-bb8d-005344dac216@group-841363C15B84-FollowerState] INFO  server.RaftServerConfigKeys (ConfUtils.java:logFallback(53)) - raft.server.rpc.first-election.timeout.min = 5s (fallback to raft.server.rpc.timeout.min)
2022-11-10 07:15:00,062 [18b389ac-e92e-45af-bb8d-005344dac216@group-841363C15B84-FollowerState] INFO  server.RaftServerConfigKeys (ConfUtils.java:logFallback(53)) - raft.server.rpc.first-election.timeout.max = 5200ms (fallback to raft.server.rpc.timeout.max)
2022-11-10 07:15:05,103 [73d758c7-6b76-4e6e-a3d3-7696fd8c55bd@group-841363C15B84-FollowerState] INFO  impl.FollowerState (FollowerState.java:run(143)) - 73d758c7-6b76-4e6e-a3d3-7696fd8c55bd@group-841363C15B84-FollowerState: change to CANDIDATE, lastRpcElapsedTime:5043723726ns, electionTimeout:5043ms
2022-11-10 07:15:05,103 [73d758c7-6b76-4e6e-a3d3-7696fd8c55bd@group-841363C15B84-FollowerState] INFO  impl.RoleInfo (RoleInfo.java:shutdownFollowerState(110)) - 73d758c7-6b76-4e6e-a3d3-7696fd8c55bd: shutdown 73d758c7-6b76-4e6e-a3d3-7696fd8c55bd@group-841363C15B84-FollowerState
2022-11-10 07:15:05,103 [73d758c7-6b76-4e6e-a3d3-7696fd8c55bd@group-841363C15B84-FollowerState] INFO  server.RaftServer$Division (RaftServerImpl.java:setRole(321)) - 73d758c7-6b76-4e6e-a3d3-7696fd8c55bd@group-841363C15B84: changes role from  FOLLOWER to CANDIDATE at term 8 for changeToCandidate
2022-11-10 07:15:05,103 [73d758c7-6b76-4e6e-a3d3-7696fd8c55bd@group-841363C15B84-FollowerState] INFO  server.RaftServerConfigKeys (ConfUtils.java:logGet(46)) - raft.server.leaderelection.pre-vote = false (custom)
2022-11-10 07:15:05,104 [73d758c7-6b76-4e6e-a3d3-7696fd8c55bd@group-841363C15B84-FollowerState] INFO  impl.RoleInfo (RoleInfo.java:updateAndGet(139)) - 73d758c7-6b76-4e6e-a3d3-7696fd8c55bd: start 73d758c7-6b76-4e6e-a3d3-7696fd8c55bd@group-841363C15B84-LeaderElection26
2022-11-10 07:15:05,106 [73d758c7-6b76-4e6e-a3d3-7696fd8c55bd@group-841363C15B84-LeaderElection26] INFO  impl.LeaderElection (LeaderElection.java:askForVotes(312)) - 73d758c7-6b76-4e6e-a3d3-7696fd8c55bd@group-841363C15B84-LeaderElection26 ELECTION round 0: submit vote requests at term 9 for -1: peers:[b01711c8-04b4-47a5-9bab-72c84cf7bb6a|rpc:10.1.0.59:44509|priority:1|startupRole:FOLLOWER, 73d758c7-6b76-4e6e-a3d3-7696fd8c55bd|rpc:10.1.0.59:42647|priority:0|startupRole:FOLLOWER, 18b389ac-e92e-45af-bb8d-005344dac216|rpc:10.1.0.59:39897|priority:0|startupRole:FOLLOWER]|listeners:[], old=null
2022-11-10 07:15:05,108 [73d758c7-6b76-4e6e-a3d3-7696fd8c55bd@group-841363C15B84-LeaderElection26] INFO  server.RaftServerConfigKeys (ConfUtils.java:logFallback(53)) - raft.server.rpc.first-election.timeout.min = 5s (fallback to raft.server.rpc.timeout.min)
2022-11-10 07:15:05,108 [73d758c7-6b76-4e6e-a3d3-7696fd8c55bd@group-841363C15B84-LeaderElection26] INFO  server.RaftServerConfigKeys (ConfUtils.java:logFallback(53)) - raft.server.rpc.first-election.timeout.max = 5200ms (fallback to raft.server.rpc.timeout.max)
2022-11-10 07:15:05,110 [grpc-default-executor-3] INFO  server.RaftServer$Division (RaftServerImpl.java:requestVote(1218)) - b01711c8-04b4-47a5-9bab-72c84cf7bb6a@group-841363C15B84: receive requestVote(ELECTION, 73d758c7-6b76-4e6e-a3d3-7696fd8c55bd, group-841363C15B84, 9, (t:0, i:0))
2022-11-10 07:15:05,111 [grpc-default-executor-3] INFO  impl.VoteContext (VoteContext.java:log(48)) - b01711c8-04b4-47a5-9bab-72c84cf7bb6a@group-841363C15B84-FOLLOWER: reject ELECTION from 73d758c7-6b76-4e6e-a3d3-7696fd8c55bd: our priority 1 > candidate's priority 0
2022-11-10 07:15:05,111 [grpc-default-executor-3] INFO  server.RaftServer$Division (RaftServerImpl.java:setRole(321)) - b01711c8-04b4-47a5-9bab-72c84cf7bb6a@group-841363C15B84: changes role from  FOLLOWER to FOLLOWER at term 9 for candidate:73d758c7-6b76-4e6e-a3d3-7696fd8c55bd
2022-11-10 07:15:05,111 [grpc-default-executor-3] INFO  impl.RoleInfo (RoleInfo.java:shutdownFollowerState(110)) - b01711c8-04b4-47a5-9bab-72c84cf7bb6a: shutdown b01711c8-04b4-47a5-9bab-72c84cf7bb6a@group-841363C15B84-FollowerState
2022-11-10 07:15:05,111 [grpc-default-executor-3] INFO  impl.RoleInfo (RoleInfo.java:updateAndGet(139)) - b01711c8-04b4-47a5-9bab-72c84cf7bb6a: start b01711c8-04b4-47a5-9bab-72c84cf7bb6a@group-841363C15B84-FollowerState
2022-11-10 07:15:05,111 [b01711c8-04b4-47a5-9bab-72c84cf7bb6a@group-841363C15B84-FollowerState] INFO  impl.FollowerState (FollowerState.java:run(152)) - b01711c8-04b4-47a5-9bab-72c84cf7bb6a@group-841363C15B84-FollowerState was interrupted
2022-11-10 07:15:05,111 [grpc-default-executor-5] INFO  server.RaftServer$Division (RaftServerImpl.java:requestVote(1218)) - 18b389ac-e92e-45af-bb8d-005344dac216@group-841363C15B84: receive requestVote(ELECTION, 73d758c7-6b76-4e6e-a3d3-7696fd8c55bd, group-841363C15B84, 9, (t:0, i:0))
2022-11-10 07:15:05,111 [grpc-default-executor-5] INFO  impl.VoteContext (VoteContext.java:log(48)) - 18b389ac-e92e-45af-bb8d-005344dac216@group-841363C15B84-FOLLOWER: accept ELECTION from 73d758c7-6b76-4e6e-a3d3-7696fd8c55bd: our priority 0 <= candidate's priority 0
2022-11-10 07:15:05,111 [grpc-default-executor-5] INFO  server.RaftServer$Division (RaftServerImpl.java:setRole(321)) - 18b389ac-e92e-45af-bb8d-005344dac216@group-841363C15B84: changes role from  FOLLOWER to FOLLOWER at term 9 for candidate:73d758c7-6b76-4e6e-a3d3-7696fd8c55bd
2022-11-10 07:15:05,111 [grpc-default-executor-5] INFO  impl.RoleInfo (RoleInfo.java:shutdownFollowerState(110)) - 18b389ac-e92e-45af-bb8d-005344dac216: shutdown 18b389ac-e92e-45af-bb8d-005344dac216@group-841363C15B84-FollowerState
2022-11-10 07:15:05,112 [grpc-default-executor-5] INFO  impl.RoleInfo (RoleInfo.java:updateAndGet(139)) - 18b389ac-e92e-45af-bb8d-005344dac216: start 18b389ac-e92e-45af-bb8d-005344dac216@group-841363C15B84-FollowerState
2022-11-10 07:15:05,112 [18b389ac-e92e-45af-bb8d-005344dac216@group-841363C15B84-FollowerState] INFO  impl.FollowerState (FollowerState.java:run(152)) - 18b389ac-e92e-45af-bb8d-005344dac216@group-841363C15B84-FollowerState was interrupted
2022-11-10 07:15:05,112 [b01711c8-04b4-47a5-9bab-72c84cf7bb6a@group-841363C15B84-FollowerState] INFO  server.RaftServerConfigKeys (ConfUtils.java:logFallback(53)) - raft.server.rpc.first-election.timeout.min = 5s (fallback to raft.server.rpc.timeout.min)
2022-11-10 07:15:05,112 [b01711c8-04b4-47a5-9bab-72c84cf7bb6a@group-841363C15B84-FollowerState] INFO  server.RaftServerConfigKeys (ConfUtils.java:logFallback(53)) - raft.server.rpc.first-election.timeout.max = 5200ms (fallback to raft.server.rpc.timeout.max)
2022-11-10 07:15:05,119 [grpc-default-executor-3] INFO  server.RaftServer$Division (RaftServerImpl.java:requestVote(1251)) - b01711c8-04b4-47a5-9bab-72c84cf7bb6a@group-841363C15B84 replies to ELECTION vote request: 73d758c7-6b76-4e6e-a3d3-7696fd8c55bd<-b01711c8-04b4-47a5-9bab-72c84cf7bb6a#0:FAIL-t9. Peer's state: b01711c8-04b4-47a5-9bab-72c84cf7bb6a@group-841363C15B84:t9, leader=null, voted=null, raftlog=Memoized:b01711c8-04b4-47a5-9bab-72c84cf7bb6a@group-841363C15B84-SegmentedRaftLog:OPENED:c-1, conf=-1: peers:[b01711c8-04b4-47a5-9bab-72c84cf7bb6a|rpc:10.1.0.59:44509|dataStream:|priority:1|startupRole:FOLLOWER, 73d758c7-6b76-4e6e-a3d3-7696fd8c55bd|rpc:10.1.0.59:42647|dataStream:|priority:0|startupRole:FOLLOWER, 18b389ac-e92e-45af-bb8d-005344dac216|rpc:10.1.0.59:39897|dataStream:|priority:0|startupRole:FOLLOWER]|listeners:[], old=null
2022-11-10 07:15:05,119 [18b389ac-e92e-45af-bb8d-005344dac216@group-841363C15B84-FollowerState] INFO  server.RaftServerConfigKeys (ConfUtils.java:logFallback(53)) - raft.server.rpc.first-election.timeout.min = 5s (fallback to raft.server.rpc.timeout.min)
2022-11-10 07:15:05,120 [18b389ac-e92e-45af-bb8d-005344dac216@group-841363C15B84-FollowerState] INFO  server.RaftServerConfigKeys (ConfUtils.java:logFallback(53)) - raft.server.rpc.first-election.timeout.max = 5200ms (fallback to raft.server.rpc.timeout.max)
2022-11-10 07:15:05,120 [73d758c7-6b76-4e6e-a3d3-7696fd8c55bd@group-841363C15B84-LeaderElection26] INFO  impl.LeaderElection (LeaderElection.java:logAndReturn(90)) - 73d758c7-6b76-4e6e-a3d3-7696fd8c55bd@group-841363C15B84-LeaderElection26: ELECTION REJECTED received 1 response(s) and 0 exception(s):
2022-11-10 07:15:05,120 [73d758c7-6b76-4e6e-a3d3-7696fd8c55bd@group-841363C15B84-LeaderElection26] INFO  impl.LeaderElection (LeaderElection.java:logAndReturn(94)) -   Response 0: 73d758c7-6b76-4e6e-a3d3-7696fd8c55bd<-b01711c8-04b4-47a5-9bab-72c84cf7bb6a#0:FAIL-t9
2022-11-10 07:15:05,120 [grpc-default-executor-5] INFO  server.RaftServer$Division (RaftServerImpl.java:requestVote(1251)) - 18b389ac-e92e-45af-bb8d-005344dac216@group-841363C15B84 replies to ELECTION vote request: 73d758c7-6b76-4e6e-a3d3-7696fd8c55bd<-18b389ac-e92e-45af-bb8d-005344dac216#0:OK-t9. Peer's state: 18b389ac-e92e-45af-bb8d-005344dac216@group-841363C15B84:t9, leader=null, voted=73d758c7-6b76-4e6e-a3d3-7696fd8c55bd, raftlog=Memoized:18b389ac-e92e-45af-bb8d-005344dac216@group-841363C15B84-SegmentedRaftLog:OPENED:c-1, conf=-1: peers:[b01711c8-04b4-47a5-9bab-72c84cf7bb6a|rpc:10.1.0.59:44509|dataStream:|priority:1|startupRole:FOLLOWER, 73d758c7-6b76-4e6e-a3d3-7696fd8c55bd|rpc:10.1.0.59:42647|dataStream:|priority:0|startupRole:FOLLOWER, 18b389ac-e92e-45af-bb8d-005344dac216|rpc:10.1.0.59:39897|dataStream:|priority:0|startupRole:FOLLOWER]|listeners:[], old=null
2022-11-10 07:15:05,120 [73d758c7-6b76-4e6e-a3d3-7696fd8c55bd@group-841363C15B84-LeaderElection26] INFO  impl.LeaderElection (LeaderElection.java:askForVotes(314)) - 73d758c7-6b76-4e6e-a3d3-7696fd8c55bd@group-841363C15B84-LeaderElection26 ELECTION round 0: result REJECTED
2022-11-10 07:15:05,121 [73d758c7-6b76-4e6e-a3d3-7696fd8c55bd@group-841363C15B84-LeaderElection26] INFO  server.RaftServer$Division (RaftServerImpl.java:setRole(321)) - 73d758c7-6b76-4e6e-a3d3-7696fd8c55bd@group-841363C15B84: changes role from CANDIDATE to FOLLOWER at term 9 for REJECTED
2022-11-10 07:15:05,121 [73d758c7-6b76-4e6e-a3d3-7696fd8c55bd@group-841363C15B84-LeaderElection26] INFO  impl.RoleInfo (RoleInfo.java:shutdownLeaderElection(130)) - 73d758c7-6b76-4e6e-a3d3-7696fd8c55bd: shutdown 73d758c7-6b76-4e6e-a3d3-7696fd8c55bd@group-841363C15B84-LeaderElection26
2022-11-10 07:15:05,121 [73d758c7-6b76-4e6e-a3d3-7696fd8c55bd@group-841363C15B84-LeaderElection26] INFO  impl.RoleInfo (RoleInfo.java:updateAndGet(139)) - 73d758c7-6b76-4e6e-a3d3-7696fd8c55bd: start 73d758c7-6b76-4e6e-a3d3-7696fd8c55bd@group-841363C15B84-FollowerState
2022-11-10 07:15:05,122 [73d758c7-6b76-4e6e-a3d3-7696fd8c55bd@group-841363C15B84-FollowerState] INFO  server.RaftServerConfigKeys (ConfUtils.java:logFallback(53)) - raft.server.rpc.first-election.timeout.min = 5s (fallback to raft.server.rpc.timeout.min)
2022-11-10 07:15:05,122 [73d758c7-6b76-4e6e-a3d3-7696fd8c55bd@group-841363C15B84-FollowerState] INFO  server.RaftServerConfigKeys (ConfUtils.java:logFallback(53)) - raft.server.rpc.first-election.timeout.max = 5200ms (fallback to raft.server.rpc.timeout.max)
2022-11-10 07:15:05,488 [Under Replicated Processor] INFO  replication.UnderReplicatedProcessor (UnderReplicatedProcessor.java:processAll(92)) - Processed 0 under replicated containers, failed processing 0
2022-11-10 07:15:05,499 [Over Replicated Processor] INFO  replication.OverReplicatedProcessor (OverReplicatedProcessor.java:processAll(90)) - Processed 0 over replicated containers, failed processing 0
2022-11-10 07:15:10,145 [18b389ac-e92e-45af-bb8d-005344dac216@group-841363C15B84-FollowerState] INFO  server.RaftServerConfigKeys (ConfUtils.java:logFallback(53)) - raft.server.rpc.first-election.timeout.min = 5s (fallback to raft.server.rpc.timeout.min)
2022-11-10 07:15:10,145 [18b389ac-e92e-45af-bb8d-005344dac216@group-841363C15B84-FollowerState] INFO  server.RaftServerConfigKeys (ConfUtils.java:logFallback(53)) - raft.server.rpc.first-election.timeout.max = 5200ms (fallback to raft.server.rpc.timeout.max)
2022-11-10 07:15:10,293 [73d758c7-6b76-4e6e-a3d3-7696fd8c55bd@group-841363C15B84-FollowerState] INFO  impl.FollowerState (FollowerState.java:run(143)) - 73d758c7-6b76-4e6e-a3d3-7696fd8c55bd@group-841363C15B84-FollowerState: change to CANDIDATE, lastRpcElapsedTime:5172119561ns, electionTimeout:5171ms
2022-11-10 07:15:10,293 [73d758c7-6b76-4e6e-a3d3-7696fd8c55bd@group-841363C15B84-FollowerState] INFO  impl.RoleInfo (RoleInfo.java:shutdownFollowerState(110)) - 73d758c7-6b76-4e6e-a3d3-7696fd8c55bd: shutdown 73d758c7-6b76-4e6e-a3d3-7696fd8c55bd@group-841363C15B84-FollowerState
2022-11-10 07:15:10,293 [73d758c7-6b76-4e6e-a3d3-7696fd8c55bd@group-841363C15B84-FollowerState] INFO  server.RaftServer$Division (RaftServerImpl.java:setRole(321)) - 73d758c7-6b76-4e6e-a3d3-7696fd8c55bd@group-841363C15B84: changes role from  FOLLOWER to CANDIDATE at term 9 for changeToCandidate
2022-11-10 07:15:10,293 [73d758c7-6b76-4e6e-a3d3-7696fd8c55bd@group-841363C15B84-FollowerState] INFO  server.RaftServerConfigKeys (ConfUtils.java:logGet(46)) - raft.server.leaderelection.pre-vote = false (custom)
2022-11-10 07:15:10,293 [73d758c7-6b76-4e6e-a3d3-7696fd8c55bd@group-841363C15B84-FollowerState] INFO  impl.RoleInfo (RoleInfo.java:updateAndGet(139)) - 73d758c7-6b76-4e6e-a3d3-7696fd8c55bd: start 73d758c7-6b76-4e6e-a3d3-7696fd8c55bd@group-841363C15B84-LeaderElection27
2022-11-10 07:15:10,305 [73d758c7-6b76-4e6e-a3d3-7696fd8c55bd@group-841363C15B84-LeaderElection27] INFO  impl.LeaderElection (LeaderElection.java:askForVotes(312)) - 73d758c7-6b76-4e6e-a3d3-7696fd8c55bd@group-841363C15B84-LeaderElection27 ELECTION round 0: submit vote requests at term 10 for -1: peers:[b01711c8-04b4-47a5-9bab-72c84cf7bb6a|rpc:10.1.0.59:44509|priority:1|startupRole:FOLLOWER, 73d758c7-6b76-4e6e-a3d3-7696fd8c55bd|rpc:10.1.0.59:42647|priority:0|startupRole:FOLLOWER, 18b389ac-e92e-45af-bb8d-005344dac216|rpc:10.1.0.59:39897|priority:0|startupRole:FOLLOWER]|listeners:[], old=null
2022-11-10 07:15:10,305 [b01711c8-04b4-47a5-9bab-72c84cf7bb6a@group-841363C15B84-FollowerState] INFO  impl.FollowerState (FollowerState.java:run(143)) - b01711c8-04b4-47a5-9bab-72c84cf7bb6a@group-841363C15B84-FollowerState: change to CANDIDATE, lastRpcElapsedTime:5194620553ns, electionTimeout:5193ms
2022-11-10 07:15:10,306 [b01711c8-04b4-47a5-9bab-72c84cf7bb6a@group-841363C15B84-FollowerState] INFO  impl.RoleInfo (RoleInfo.java:shutdownFollowerState(110)) - b01711c8-04b4-47a5-9bab-72c84cf7bb6a: shutdown b01711c8-04b4-47a5-9bab-72c84cf7bb6a@group-841363C15B84-FollowerState
2022-11-10 07:15:10,306 [b01711c8-04b4-47a5-9bab-72c84cf7bb6a@group-841363C15B84-FollowerState] INFO  server.RaftServer$Division (RaftServerImpl.java:setRole(321)) - b01711c8-04b4-47a5-9bab-72c84cf7bb6a@group-841363C15B84: changes role from  FOLLOWER to CANDIDATE at term 9 for changeToCandidate
2022-11-10 07:15:10,313 [grpc-default-executor-3] INFO  server.RaftServer$Division (RaftServerImpl.java:requestVote(1218)) - b01711c8-04b4-47a5-9bab-72c84cf7bb6a@group-841363C15B84: receive requestVote(ELECTION, 73d758c7-6b76-4e6e-a3d3-7696fd8c55bd, group-841363C15B84, 10, (t:0, i:0))
2022-11-10 07:15:10,315 [73d758c7-6b76-4e6e-a3d3-7696fd8c55bd@group-841363C15B84-LeaderElection27] INFO  server.RaftServerConfigKeys (ConfUtils.java:logFallback(53)) - raft.server.rpc.first-election.timeout.min = 5s (fallback to raft.server.rpc.timeout.min)
2022-11-10 07:15:10,315 [73d758c7-6b76-4e6e-a3d3-7696fd8c55bd@group-841363C15B84-LeaderElection27] INFO  server.RaftServerConfigKeys (ConfUtils.java:logFallback(53)) - raft.server.rpc.first-election.timeout.max = 5200ms (fallback to raft.server.rpc.timeout.max)
2022-11-10 07:15:10,315 [b01711c8-04b4-47a5-9bab-72c84cf7bb6a@group-841363C15B84-FollowerState] INFO  server.RaftServerConfigKeys (ConfUtils.java:logGet(46)) - raft.server.leaderelection.pre-vote = false (custom)
2022-11-10 07:15:10,315 [b01711c8-04b4-47a5-9bab-72c84cf7bb6a@group-841363C15B84-FollowerState] INFO  impl.RoleInfo (RoleInfo.java:updateAndGet(139)) - b01711c8-04b4-47a5-9bab-72c84cf7bb6a: start b01711c8-04b4-47a5-9bab-72c84cf7bb6a@group-841363C15B84-LeaderElection28
2022-11-10 07:15:10,317 [grpc-default-executor-5] INFO  server.RaftServer$Division (RaftServerImpl.java:requestVote(1218)) - 18b389ac-e92e-45af-bb8d-005344dac216@group-841363C15B84: receive requestVote(ELECTION, 73d758c7-6b76-4e6e-a3d3-7696fd8c55bd, group-841363C15B84, 10, (t:0, i:0))
2022-11-10 07:15:10,317 [grpc-default-executor-5] INFO  impl.VoteContext (VoteContext.java:log(48)) - 18b389ac-e92e-45af-bb8d-005344dac216@group-841363C15B84-FOLLOWER: accept ELECTION from 73d758c7-6b76-4e6e-a3d3-7696fd8c55bd: our priority 0 <= candidate's priority 0
2022-11-10 07:15:10,317 [grpc-default-executor-5] INFO  server.RaftServer$Division (RaftServerImpl.java:setRole(321)) - 18b389ac-e92e-45af-bb8d-005344dac216@group-841363C15B84: changes role from  FOLLOWER to FOLLOWER at term 10 for candidate:73d758c7-6b76-4e6e-a3d3-7696fd8c55bd
2022-11-10 07:15:10,317 [grpc-default-executor-5] INFO  impl.RoleInfo (RoleInfo.java:shutdownFollowerState(110)) - 18b389ac-e92e-45af-bb8d-005344dac216: shutdown 18b389ac-e92e-45af-bb8d-005344dac216@group-841363C15B84-FollowerState
2022-11-10 07:15:10,322 [grpc-default-executor-5] INFO  impl.RoleInfo (RoleInfo.java:updateAndGet(139)) - 18b389ac-e92e-45af-bb8d-005344dac216: start 18b389ac-e92e-45af-bb8d-005344dac216@group-841363C15B84-FollowerState
2022-11-10 07:15:10,327 [grpc-default-executor-3] INFO  impl.VoteContext (VoteContext.java:log(48)) - b01711c8-04b4-47a5-9bab-72c84cf7bb6a@group-841363C15B84-CANDIDATE: reject ELECTION from 73d758c7-6b76-4e6e-a3d3-7696fd8c55bd: our priority 1 > candidate's priority 0
2022-11-10 07:15:10,322 [18b389ac-e92e-45af-bb8d-005344dac216@group-841363C15B84-FollowerState] INFO  impl.FollowerState (FollowerState.java:run(152)) - 18b389ac-e92e-45af-bb8d-005344dac216@group-841363C15B84-FollowerState was interrupted
2022-11-10 07:15:10,327 [grpc-default-executor-3] INFO  server.RaftServer$Division (RaftServerImpl.java:setRole(321)) - b01711c8-04b4-47a5-9bab-72c84cf7bb6a@group-841363C15B84: changes role from CANDIDATE to FOLLOWER at term 10 for candidate:73d758c7-6b76-4e6e-a3d3-7696fd8c55bd
2022-11-10 07:15:10,327 [grpc-default-executor-3] INFO  impl.RoleInfo (RoleInfo.java:shutdownLeaderElection(130)) - b01711c8-04b4-47a5-9bab-72c84cf7bb6a: shutdown b01711c8-04b4-47a5-9bab-72c84cf7bb6a@group-841363C15B84-LeaderElection28
2022-11-10 07:15:10,344 [grpc-default-executor-3] INFO  impl.RoleInfo (RoleInfo.java:updateAndGet(139)) - b01711c8-04b4-47a5-9bab-72c84cf7bb6a: start b01711c8-04b4-47a5-9bab-72c84cf7bb6a@group-841363C15B84-FollowerState
2022-11-10 07:15:10,347 [b01711c8-04b4-47a5-9bab-72c84cf7bb6a@group-841363C15B84-FollowerState] INFO  server.RaftServerConfigKeys (ConfUtils.java:logFallback(53)) - raft.server.rpc.first-election.timeout.min = 5s (fallback to raft.server.rpc.timeout.min)
2022-11-10 07:15:10,347 [b01711c8-04b4-47a5-9bab-72c84cf7bb6a@group-841363C15B84-FollowerState] INFO  server.RaftServerConfigKeys (ConfUtils.java:logFallback(53)) - raft.server.rpc.first-election.timeout.max = 5200ms (fallback to raft.server.rpc.timeout.max)
2022-11-10 07:15:10,348 [grpc-default-executor-5] INFO  server.RaftServer$Division (RaftServerImpl.java:requestVote(1251)) - 18b389ac-e92e-45af-bb8d-005344dac216@group-841363C15B84 replies to ELECTION vote request: 73d758c7-6b76-4e6e-a3d3-7696fd8c55bd<-18b389ac-e92e-45af-bb8d-005344dac216#0:OK-t10. Peer's state: 18b389ac-e92e-45af-bb8d-005344dac216@group-841363C15B84:t10, leader=null, voted=73d758c7-6b76-4e6e-a3d3-7696fd8c55bd, raftlog=Memoized:18b389ac-e92e-45af-bb8d-005344dac216@group-841363C15B84-SegmentedRaftLog:OPENED:c-1, conf=-1: peers:[b01711c8-04b4-47a5-9bab-72c84cf7bb6a|rpc:10.1.0.59:44509|dataStream:|priority:1|startupRole:FOLLOWER, 73d758c7-6b76-4e6e-a3d3-7696fd8c55bd|rpc:10.1.0.59:42647|dataStream:|priority:0|startupRole:FOLLOWER, 18b389ac-e92e-45af-bb8d-005344dac216|rpc:10.1.0.59:39897|dataStream:|priority:0|startupRole:FOLLOWER]|listeners:[], old=null
2022-11-10 07:15:10,348 [grpc-default-executor-3] INFO  server.RaftServer$Division (RaftServerImpl.java:requestVote(1251)) - b01711c8-04b4-47a5-9bab-72c84cf7bb6a@group-841363C15B84 replies to ELECTION vote request: 73d758c7-6b76-4e6e-a3d3-7696fd8c55bd<-b01711c8-04b4-47a5-9bab-72c84cf7bb6a#0:FAIL-t10. Peer's state: b01711c8-04b4-47a5-9bab-72c84cf7bb6a@group-841363C15B84:t10, leader=null, voted=null, raftlog=Memoized:b01711c8-04b4-47a5-9bab-72c84cf7bb6a@group-841363C15B84-SegmentedRaftLog:OPENED:c-1, conf=-1: peers:[b01711c8-04b4-47a5-9bab-72c84cf7bb6a|rpc:10.1.0.59:44509|dataStream:|priority:1|startupRole:FOLLOWER, 73d758c7-6b76-4e6e-a3d3-7696fd8c55bd|rpc:10.1.0.59:42647|dataStream:|priority:0|startupRole:FOLLOWER, 18b389ac-e92e-45af-bb8d-005344dac216|rpc:10.1.0.59:39897|dataStream:|priority:0|startupRole:FOLLOWER]|listeners:[], old=null
2022-11-10 07:15:10,355 [18b389ac-e92e-45af-bb8d-005344dac216@group-841363C15B84-FollowerState] INFO  server.RaftServerConfigKeys (ConfUtils.java:logFallback(53)) - raft.server.rpc.first-election.timeout.min = 5s (fallback to raft.server.rpc.timeout.min)
2022-11-10 07:15:10,355 [18b389ac-e92e-45af-bb8d-005344dac216@group-841363C15B84-FollowerState] INFO  server.RaftServerConfigKeys (ConfUtils.java:logFallback(53)) - raft.server.rpc.first-election.timeout.max = 5200ms (fallback to raft.server.rpc.timeout.max)
2022-11-10 07:15:10,358 [73d758c7-6b76-4e6e-a3d3-7696fd8c55bd@group-841363C15B84-LeaderElection27] INFO  impl.LeaderElection (LeaderElection.java:logAndReturn(90)) - 73d758c7-6b76-4e6e-a3d3-7696fd8c55bd@group-841363C15B84-LeaderElection27: ELECTION REJECTED received 2 response(s) and 0 exception(s):
2022-11-10 07:15:10,358 [73d758c7-6b76-4e6e-a3d3-7696fd8c55bd@group-841363C15B84-LeaderElection27] INFO  impl.LeaderElection (LeaderElection.java:logAndReturn(94)) -   Response 0: 73d758c7-6b76-4e6e-a3d3-7696fd8c55bd<-b01711c8-04b4-47a5-9bab-72c84cf7bb6a#0:FAIL-t10
2022-11-10 07:15:10,358 [73d758c7-6b76-4e6e-a3d3-7696fd8c55bd@group-841363C15B84-LeaderElection27] INFO  impl.LeaderElection (LeaderElection.java:logAndReturn(94)) -   Response 1: 73d758c7-6b76-4e6e-a3d3-7696fd8c55bd<-18b389ac-e92e-45af-bb8d-005344dac216#0:OK-t10
2022-11-10 07:15:10,359 [73d758c7-6b76-4e6e-a3d3-7696fd8c55bd@group-841363C15B84-LeaderElection27] INFO  impl.LeaderElection (LeaderElection.java:askForVotes(314)) - 73d758c7-6b76-4e6e-a3d3-7696fd8c55bd@group-841363C15B84-LeaderElection27 ELECTION round 0: result REJECTED
2022-11-10 07:15:10,359 [73d758c7-6b76-4e6e-a3d3-7696fd8c55bd@group-841363C15B84-LeaderElection27] INFO  server.RaftServer$Division (RaftServerImpl.java:setRole(321)) - 73d758c7-6b76-4e6e-a3d3-7696fd8c55bd@group-841363C15B84: changes role from CANDIDATE to FOLLOWER at term 10 for REJECTED
2022-11-10 07:15:10,359 [73d758c7-6b76-4e6e-a3d3-7696fd8c55bd@group-841363C15B84-LeaderElection27] INFO  impl.RoleInfo (RoleInfo.java:shutdownLeaderElection(130)) - 73d758c7-6b76-4e6e-a3d3-7696fd8c55bd: shutdown 73d758c7-6b76-4e6e-a3d3-7696fd8c55bd@group-841363C15B84-LeaderElection27
2022-11-10 07:15:10,359 [73d758c7-6b76-4e6e-a3d3-7696fd8c55bd@group-841363C15B84-LeaderElection27] INFO  impl.RoleInfo (RoleInfo.java:updateAndGet(139)) - 73d758c7-6b76-4e6e-a3d3-7696fd8c55bd: start 73d758c7-6b76-4e6e-a3d3-7696fd8c55bd@group-841363C15B84-FollowerState
2022-11-10 07:15:10,362 [73d758c7-6b76-4e6e-a3d3-7696fd8c55bd@group-841363C15B84-FollowerState] INFO  server.RaftServerConfigKeys (ConfUtils.java:logFallback(53)) - raft.server.rpc.first-election.timeout.min = 5s (fallback to raft.server.rpc.timeout.min)
2022-11-10 07:15:10,362 [73d758c7-6b76-4e6e-a3d3-7696fd8c55bd@group-841363C15B84-FollowerState] INFO  server.RaftServerConfigKeys (ConfUtils.java:logFallback(53)) - raft.server.rpc.first-election.timeout.max = 5200ms (fallback to raft.server.rpc.timeout.max)
2022-11-10 07:15:15,396 [18b389ac-e92e-45af-bb8d-005344dac216@group-841363C15B84-FollowerState] INFO  impl.FollowerState (FollowerState.java:run(143)) - 18b389ac-e92e-45af-bb8d-005344dac216@group-841363C15B84-FollowerState: change to CANDIDATE, lastRpcElapsedTime:5048721666ns, electionTimeout:5041ms
2022-11-10 07:15:15,397 [18b389ac-e92e-45af-bb8d-005344dac216@group-841363C15B84-FollowerState] INFO  impl.RoleInfo (RoleInfo.java:shutdownFollowerState(110)) - 18b389ac-e92e-45af-bb8d-005344dac216: shutdown 18b389ac-e92e-45af-bb8d-005344dac216@group-841363C15B84-FollowerState
2022-11-10 07:15:15,397 [18b389ac-e92e-45af-bb8d-005344dac216@group-841363C15B84-FollowerState] INFO  server.RaftServer$Division (RaftServerImpl.java:setRole(321)) - 18b389ac-e92e-45af-bb8d-005344dac216@group-841363C15B84: changes role from  FOLLOWER to CANDIDATE at term 10 for changeToCandidate
2022-11-10 07:15:15,397 [18b389ac-e92e-45af-bb8d-005344dac216@group-841363C15B84-FollowerState] INFO  server.RaftServerConfigKeys (ConfUtils.java:logGet(46)) - raft.server.leaderelection.pre-vote = false (custom)
2022-11-10 07:15:15,397 [18b389ac-e92e-45af-bb8d-005344dac216@group-841363C15B84-FollowerState] INFO  impl.RoleInfo (RoleInfo.java:updateAndGet(139)) - 18b389ac-e92e-45af-bb8d-005344dac216: start 18b389ac-e92e-45af-bb8d-005344dac216@group-841363C15B84-LeaderElection29
2022-11-10 07:15:15,400 [18b389ac-e92e-45af-bb8d-005344dac216@group-841363C15B84-LeaderElection29] INFO  impl.LeaderElection (LeaderElection.java:askForVotes(312)) - 18b389ac-e92e-45af-bb8d-005344dac216@group-841363C15B84-LeaderElection29 ELECTION round 0: submit vote requests at term 11 for -1: peers:[b01711c8-04b4-47a5-9bab-72c84cf7bb6a|rpc:10.1.0.59:44509|dataStream:|priority:1|startupRole:FOLLOWER, 73d758c7-6b76-4e6e-a3d3-7696fd8c55bd|rpc:10.1.0.59:42647|dataStream:|priority:0|startupRole:FOLLOWER, 18b389ac-e92e-45af-bb8d-005344dac216|rpc:10.1.0.59:39897|dataStream:|priority:0|startupRole:FOLLOWER]|listeners:[], old=null
2022-11-10 07:15:15,401 [18b389ac-e92e-45af-bb8d-005344dac216@group-841363C15B84-LeaderElection29] INFO  server.RaftServerConfigKeys (ConfUtils.java:logFallback(53)) - raft.server.rpc.first-election.timeout.min = 5s (fallback to raft.server.rpc.timeout.min)
2022-11-10 07:15:15,401 [18b389ac-e92e-45af-bb8d-005344dac216@group-841363C15B84-LeaderElection29] INFO  server.RaftServerConfigKeys (ConfUtils.java:logFallback(53)) - raft.server.rpc.first-election.timeout.max = 5200ms (fallback to raft.server.rpc.timeout.max)
2022-11-10 07:15:15,404 [grpc-default-executor-3] INFO  server.RaftServer$Division (RaftServerImpl.java:requestVote(1218)) - b01711c8-04b4-47a5-9bab-72c84cf7bb6a@group-841363C15B84: receive requestVote(ELECTION, 18b389ac-e92e-45af-bb8d-005344dac216, group-841363C15B84, 11, (t:0, i:0))
2022-11-10 07:15:15,404 [grpc-default-executor-3] INFO  impl.VoteContext (VoteContext.java:log(48)) - b01711c8-04b4-47a5-9bab-72c84cf7bb6a@group-841363C15B84-FOLLOWER: reject ELECTION from 18b389ac-e92e-45af-bb8d-005344dac216: our priority 1 > candidate's priority 0
2022-11-10 07:15:15,404 [grpc-default-executor-3] INFO  server.RaftServer$Division (RaftServerImpl.java:setRole(321)) - b01711c8-04b4-47a5-9bab-72c84cf7bb6a@group-841363C15B84: changes role from  FOLLOWER to FOLLOWER at term 11 for candidate:18b389ac-e92e-45af-bb8d-005344dac216
2022-11-10 07:15:15,404 [grpc-default-executor-3] INFO  impl.RoleInfo (RoleInfo.java:shutdownFollowerState(110)) - b01711c8-04b4-47a5-9bab-72c84cf7bb6a: shutdown b01711c8-04b4-47a5-9bab-72c84cf7bb6a@group-841363C15B84-FollowerState
2022-11-10 07:15:15,404 [grpc-default-executor-3] INFO  impl.RoleInfo (RoleInfo.java:updateAndGet(139)) - b01711c8-04b4-47a5-9bab-72c84cf7bb6a: start b01711c8-04b4-47a5-9bab-72c84cf7bb6a@group-841363C15B84-FollowerState
2022-11-10 07:15:15,404 [b01711c8-04b4-47a5-9bab-72c84cf7bb6a@group-841363C15B84-FollowerState] INFO  impl.FollowerState (FollowerState.java:run(152)) - b01711c8-04b4-47a5-9bab-72c84cf7bb6a@group-841363C15B84-FollowerState was interrupted
2022-11-10 07:15:15,404 [grpc-default-executor-5] INFO  server.RaftServer$Division (RaftServerImpl.java:requestVote(1218)) - 73d758c7-6b76-4e6e-a3d3-7696fd8c55bd@group-841363C15B84: receive requestVote(ELECTION, 18b389ac-e92e-45af-bb8d-005344dac216, group-841363C15B84, 11, (t:0, i:0))
2022-11-10 07:15:15,404 [grpc-default-executor-5] INFO  impl.VoteContext (VoteContext.java:log(48)) - 73d758c7-6b76-4e6e-a3d3-7696fd8c55bd@group-841363C15B84-FOLLOWER: accept ELECTION from 18b389ac-e92e-45af-bb8d-005344dac216: our priority 0 <= candidate's priority 0
2022-11-10 07:15:15,405 [grpc-default-executor-5] INFO  server.RaftServer$Division (RaftServerImpl.java:setRole(321)) - 73d758c7-6b76-4e6e-a3d3-7696fd8c55bd@group-841363C15B84: changes role from  FOLLOWER to FOLLOWER at term 11 for candidate:18b389ac-e92e-45af-bb8d-005344dac216
2022-11-10 07:15:15,405 [grpc-default-executor-5] INFO  impl.RoleInfo (RoleInfo.java:shutdownFollowerState(110)) - 73d758c7-6b76-4e6e-a3d3-7696fd8c55bd: shutdown 73d758c7-6b76-4e6e-a3d3-7696fd8c55bd@group-841363C15B84-FollowerState
2022-11-10 07:15:15,411 [grpc-default-executor-5] INFO  impl.RoleInfo (RoleInfo.java:updateAndGet(139)) - 73d758c7-6b76-4e6e-a3d3-7696fd8c55bd: start 73d758c7-6b76-4e6e-a3d3-7696fd8c55bd@group-841363C15B84-FollowerState
2022-11-10 07:15:15,411 [73d758c7-6b76-4e6e-a3d3-7696fd8c55bd@group-841363C15B84-FollowerState] INFO  impl.FollowerState (FollowerState.java:run(152)) - 73d758c7-6b76-4e6e-a3d3-7696fd8c55bd@group-841363C15B84-FollowerState was interrupted
2022-11-10 07:15:15,411 [grpc-default-executor-3] INFO  server.RaftServer$Division (RaftServerImpl.java:requestVote(1251)) - b01711c8-04b4-47a5-9bab-72c84cf7bb6a@group-841363C15B84 replies to ELECTION vote request: 18b389ac-e92e-45af-bb8d-005344dac216<-b01711c8-04b4-47a5-9bab-72c84cf7bb6a#0:FAIL-t11. Peer's state: b01711c8-04b4-47a5-9bab-72c84cf7bb6a@group-841363C15B84:t11, leader=null, voted=null, raftlog=Memoized:b01711c8-04b4-47a5-9bab-72c84cf7bb6a@group-841363C15B84-SegmentedRaftLog:OPENED:c-1, conf=-1: peers:[b01711c8-04b4-47a5-9bab-72c84cf7bb6a|rpc:10.1.0.59:44509|dataStream:|priority:1|startupRole:FOLLOWER, 73d758c7-6b76-4e6e-a3d3-7696fd8c55bd|rpc:10.1.0.59:42647|dataStream:|priority:0|startupRole:FOLLOWER, 18b389ac-e92e-45af-bb8d-005344dac216|rpc:10.1.0.59:39897|dataStream:|priority:0|startupRole:FOLLOWER]|listeners:[], old=null
2022-11-10 07:15:15,412 [grpc-default-executor-5] INFO  server.RaftServer$Division (RaftServerImpl.java:requestVote(1251)) - 73d758c7-6b76-4e6e-a3d3-7696fd8c55bd@group-841363C15B84 replies to ELECTION vote request: 18b389ac-e92e-45af-bb8d-005344dac216<-73d758c7-6b76-4e6e-a3d3-7696fd8c55bd#0:OK-t11. Peer's state: 73d758c7-6b76-4e6e-a3d3-7696fd8c55bd@group-841363C15B84:t11, leader=null, voted=18b389ac-e92e-45af-bb8d-005344dac216, raftlog=Memoized:73d758c7-6b76-4e6e-a3d3-7696fd8c55bd@group-841363C15B84-SegmentedRaftLog:OPENED:c-1, conf=-1: peers:[b01711c8-04b4-47a5-9bab-72c84cf7bb6a|rpc:10.1.0.59:44509|priority:1|startupRole:FOLLOWER, 73d758c7-6b76-4e6e-a3d3-7696fd8c55bd|rpc:10.1.0.59:42647|priority:0|startupRole:FOLLOWER, 18b389ac-e92e-45af-bb8d-005344dac216|rpc:10.1.0.59:39897|priority:0|startupRole:FOLLOWER]|listeners:[], old=null
2022-11-10 07:15:15,413 [18b389ac-e92e-45af-bb8d-005344dac216@group-841363C15B84-LeaderElection29] INFO  impl.LeaderElection (LeaderElection.java:logAndReturn(90)) - 18b389ac-e92e-45af-bb8d-005344dac216@group-841363C15B84-LeaderElection29: ELECTION REJECTED received 1 response(s) and 0 exception(s):
2022-11-10 07:15:15,413 [18b389ac-e92e-45af-bb8d-005344dac216@group-841363C15B84-LeaderElection29] INFO  impl.LeaderElection (LeaderElection.java:logAndReturn(94)) -   Response 0: 18b389ac-e92e-45af-bb8d-005344dac216<-b01711c8-04b4-47a5-9bab-72c84cf7bb6a#0:FAIL-t11
2022-11-10 07:15:15,413 [18b389ac-e92e-45af-bb8d-005344dac216@group-841363C15B84-LeaderElection29] INFO  impl.LeaderElection (LeaderElection.java:askForVotes(314)) - 18b389ac-e92e-45af-bb8d-005344dac216@group-841363C15B84-LeaderElection29 ELECTION round 0: result REJECTED
2022-11-10 07:15:15,413 [18b389ac-e92e-45af-bb8d-005344dac216@group-841363C15B84-LeaderElection29] INFO  server.RaftServer$Division (RaftServerImpl.java:setRole(321)) - 18b389ac-e92e-45af-bb8d-005344dac216@group-841363C15B84: changes role from CANDIDATE to FOLLOWER at term 11 for REJECTED
2022-11-10 07:15:15,413 [18b389ac-e92e-45af-bb8d-005344dac216@group-841363C15B84-LeaderElection29] INFO  impl.RoleInfo (RoleInfo.java:shutdownLeaderElection(130)) - 18b389ac-e92e-45af-bb8d-005344dac216: shutdown 18b389ac-e92e-45af-bb8d-005344dac216@group-841363C15B84-LeaderElection29
2022-11-10 07:15:15,413 [18b389ac-e92e-45af-bb8d-005344dac216@group-841363C15B84-LeaderElection29] INFO  impl.RoleInfo (RoleInfo.java:updateAndGet(139)) - 18b389ac-e92e-45af-bb8d-005344dac216: start 18b389ac-e92e-45af-bb8d-005344dac216@group-841363C15B84-FollowerState
2022-11-10 07:15:15,413 [73d758c7-6b76-4e6e-a3d3-7696fd8c55bd@group-841363C15B84-FollowerState] INFO  server.RaftServerConfigKeys (ConfUtils.java:logFallback(53)) - raft.server.rpc.first-election.timeout.min = 5s (fallback to raft.server.rpc.timeout.min)
2022-11-10 07:15:15,413 [73d758c7-6b76-4e6e-a3d3-7696fd8c55bd@group-841363C15B84-FollowerState] INFO  server.RaftServerConfigKeys (ConfUtils.java:logFallback(53)) - raft.server.rpc.first-election.timeout.max = 5200ms (fallback to raft.server.rpc.timeout.max)
2022-11-10 07:15:15,413 [18b389ac-e92e-45af-bb8d-005344dac216@group-841363C15B84-FollowerState] INFO  server.RaftServerConfigKeys (ConfUtils.java:logFallback(53)) - raft.server.rpc.first-election.timeout.min = 5s (fallback to raft.server.rpc.timeout.min)
2022-11-10 07:15:15,413 [18b389ac-e92e-45af-bb8d-005344dac216@group-841363C15B84-FollowerState] INFO  server.RaftServerConfigKeys (ConfUtils.java:logFallback(53)) - raft.server.rpc.first-election.timeout.max = 5200ms (fallback to raft.server.rpc.timeout.max)
2022-11-10 07:15:15,415 [b01711c8-04b4-47a5-9bab-72c84cf7bb6a@group-841363C15B84-FollowerState] INFO  server.RaftServerConfigKeys (ConfUtils.java:logFallback(53)) - raft.server.rpc.first-election.timeout.min = 5s (fallback to raft.server.rpc.timeout.min)
2022-11-10 07:15:15,415 [b01711c8-04b4-47a5-9bab-72c84cf7bb6a@group-841363C15B84-FollowerState] INFO  server.RaftServerConfigKeys (ConfUtils.java:logFallback(53)) - raft.server.rpc.first-election.timeout.max = 5200ms (fallback to raft.server.rpc.timeout.max)
2022-11-10 07:15:20,491 [73d758c7-6b76-4e6e-a3d3-7696fd8c55bd@group-841363C15B84-FollowerState] INFO  impl.FollowerState (FollowerState.java:run(143)) - 73d758c7-6b76-4e6e-a3d3-7696fd8c55bd@group-841363C15B84-FollowerState: change to CANDIDATE, lastRpcElapsedTime:5079078895ns, electionTimeout:5078ms
2022-11-10 07:15:20,492 [73d758c7-6b76-4e6e-a3d3-7696fd8c55bd@group-841363C15B84-FollowerState] INFO  impl.RoleInfo (RoleInfo.java:shutdownFollowerState(110)) - 73d758c7-6b76-4e6e-a3d3-7696fd8c55bd: shutdown 73d758c7-6b76-4e6e-a3d3-7696fd8c55bd@group-841363C15B84-FollowerState
2022-11-10 07:15:20,492 [73d758c7-6b76-4e6e-a3d3-7696fd8c55bd@group-841363C15B84-FollowerState] INFO  server.RaftServer$Division (RaftServerImpl.java:setRole(321)) - 73d758c7-6b76-4e6e-a3d3-7696fd8c55bd@group-841363C15B84: changes role from  FOLLOWER to CANDIDATE at term 11 for changeToCandidate
2022-11-10 07:15:20,492 [73d758c7-6b76-4e6e-a3d3-7696fd8c55bd@group-841363C15B84-FollowerState] INFO  server.RaftServerConfigKeys (ConfUtils.java:logGet(46)) - raft.server.leaderelection.pre-vote = false (custom)
2022-11-10 07:15:20,492 [73d758c7-6b76-4e6e-a3d3-7696fd8c55bd@group-841363C15B84-FollowerState] INFO  impl.RoleInfo (RoleInfo.java:updateAndGet(139)) - 73d758c7-6b76-4e6e-a3d3-7696fd8c55bd: start 73d758c7-6b76-4e6e-a3d3-7696fd8c55bd@group-841363C15B84-LeaderElection30
2022-11-10 07:15:20,495 [73d758c7-6b76-4e6e-a3d3-7696fd8c55bd@group-841363C15B84-LeaderElection30] INFO  impl.LeaderElection (LeaderElection.java:askForVotes(312)) - 73d758c7-6b76-4e6e-a3d3-7696fd8c55bd@group-841363C15B84-LeaderElection30 ELECTION round 0: submit vote requests at term 12 for -1: peers:[b01711c8-04b4-47a5-9bab-72c84cf7bb6a|rpc:10.1.0.59:44509|priority:1|startupRole:FOLLOWER, 73d758c7-6b76-4e6e-a3d3-7696fd8c55bd|rpc:10.1.0.59:42647|priority:0|startupRole:FOLLOWER, 18b389ac-e92e-45af-bb8d-005344dac216|rpc:10.1.0.59:39897|priority:0|startupRole:FOLLOWER]|listeners:[], old=null
2022-11-10 07:15:20,498 [73d758c7-6b76-4e6e-a3d3-7696fd8c55bd@group-841363C15B84-LeaderElection30] INFO  server.RaftServerConfigKeys (ConfUtils.java:logFallback(53)) - raft.server.rpc.first-election.timeout.min = 5s (fallback to raft.server.rpc.timeout.min)
2022-11-10 07:15:20,498 [73d758c7-6b76-4e6e-a3d3-7696fd8c55bd@group-841363C15B84-LeaderElection30] INFO  server.RaftServerConfigKeys (ConfUtils.java:logFallback(53)) - raft.server.rpc.first-election.timeout.max = 5200ms (fallback to raft.server.rpc.timeout.max)
2022-11-10 07:15:20,500 [grpc-default-executor-3] INFO  server.RaftServer$Division (RaftServerImpl.java:requestVote(1218)) - b01711c8-04b4-47a5-9bab-72c84cf7bb6a@group-841363C15B84: receive requestVote(ELECTION, 73d758c7-6b76-4e6e-a3d3-7696fd8c55bd, group-841363C15B84, 12, (t:0, i:0))
2022-11-10 07:15:20,500 [grpc-default-executor-3] INFO  impl.VoteContext (VoteContext.java:log(48)) - b01711c8-04b4-47a5-9bab-72c84cf7bb6a@group-841363C15B84-FOLLOWER: reject ELECTION from 73d758c7-6b76-4e6e-a3d3-7696fd8c55bd: our priority 1 > candidate's priority 0
2022-11-10 07:15:20,500 [grpc-default-executor-3] INFO  server.RaftServer$Division (RaftServerImpl.java:setRole(321)) - b01711c8-04b4-47a5-9bab-72c84cf7bb6a@group-841363C15B84: changes role from  FOLLOWER to FOLLOWER at term 12 for candidate:73d758c7-6b76-4e6e-a3d3-7696fd8c55bd
2022-11-10 07:15:20,500 [grpc-default-executor-3] INFO  impl.RoleInfo (RoleInfo.java:shutdownFollowerState(110)) - b01711c8-04b4-47a5-9bab-72c84cf7bb6a: shutdown b01711c8-04b4-47a5-9bab-72c84cf7bb6a@group-841363C15B84-FollowerState
2022-11-10 07:15:20,500 [grpc-default-executor-3] INFO  impl.RoleInfo (RoleInfo.java:updateAndGet(139)) - b01711c8-04b4-47a5-9bab-72c84cf7bb6a: start b01711c8-04b4-47a5-9bab-72c84cf7bb6a@group-841363C15B84-FollowerState
2022-11-10 07:15:20,500 [b01711c8-04b4-47a5-9bab-72c84cf7bb6a@group-841363C15B84-FollowerState] INFO  impl.FollowerState (FollowerState.java:run(152)) - b01711c8-04b4-47a5-9bab-72c84cf7bb6a@group-841363C15B84-FollowerState was interrupted
2022-11-10 07:15:20,501 [grpc-default-executor-5] INFO  server.RaftServer$Division (RaftServerImpl.java:requestVote(1218)) - 18b389ac-e92e-45af-bb8d-005344dac216@group-841363C15B84: receive requestVote(ELECTION, 73d758c7-6b76-4e6e-a3d3-7696fd8c55bd, group-841363C15B84, 12, (t:0, i:0))
2022-11-10 07:15:20,502 [grpc-default-executor-5] INFO  impl.VoteContext (VoteContext.java:log(48)) - 18b389ac-e92e-45af-bb8d-005344dac216@group-841363C15B84-FOLLOWER: accept ELECTION from 73d758c7-6b76-4e6e-a3d3-7696fd8c55bd: our priority 0 <= candidate's priority 0
2022-11-10 07:15:20,502 [grpc-default-executor-5] INFO  server.RaftServer$Division (RaftServerImpl.java:setRole(321)) - 18b389ac-e92e-45af-bb8d-005344dac216@group-841363C15B84: changes role from  FOLLOWER to FOLLOWER at term 12 for candidate:73d758c7-6b76-4e6e-a3d3-7696fd8c55bd
2022-11-10 07:15:20,502 [grpc-default-executor-5] INFO  impl.RoleInfo (RoleInfo.java:shutdownFollowerState(110)) - 18b389ac-e92e-45af-bb8d-005344dac216: shutdown 18b389ac-e92e-45af-bb8d-005344dac216@group-841363C15B84-FollowerState
2022-11-10 07:15:20,502 [grpc-default-executor-5] INFO  impl.RoleInfo (RoleInfo.java:updateAndGet(139)) - 18b389ac-e92e-45af-bb8d-005344dac216: start 18b389ac-e92e-45af-bb8d-005344dac216@group-841363C15B84-FollowerState
2022-11-10 07:15:20,502 [18b389ac-e92e-45af-bb8d-005344dac216@group-841363C15B84-FollowerState] INFO  impl.FollowerState (FollowerState.java:run(152)) - 18b389ac-e92e-45af-bb8d-005344dac216@group-841363C15B84-FollowerState was interrupted
2022-11-10 07:15:20,502 [b01711c8-04b4-47a5-9bab-72c84cf7bb6a@group-841363C15B84-FollowerState] INFO  server.RaftServerConfigKeys (ConfUtils.java:logFallback(53)) - raft.server.rpc.first-election.timeout.min = 5s (fallback to raft.server.rpc.timeout.min)
2022-11-10 07:15:20,502 [b01711c8-04b4-47a5-9bab-72c84cf7bb6a@group-841363C15B84-FollowerState] INFO  server.RaftServerConfigKeys (ConfUtils.java:logFallback(53)) - raft.server.rpc.first-election.timeout.max = 5200ms (fallback to raft.server.rpc.timeout.max)
2022-11-10 07:15:20,508 [grpc-default-executor-3] INFO  server.RaftServer$Division (RaftServerImpl.java:requestVote(1251)) - b01711c8-04b4-47a5-9bab-72c84cf7bb6a@group-841363C15B84 replies to ELECTION vote request: 73d758c7-6b76-4e6e-a3d3-7696fd8c55bd<-b01711c8-04b4-47a5-9bab-72c84cf7bb6a#0:FAIL-t12. Peer's state: b01711c8-04b4-47a5-9bab-72c84cf7bb6a@group-841363C15B84:t12, leader=null, voted=null, raftlog=Memoized:b01711c8-04b4-47a5-9bab-72c84cf7bb6a@group-841363C15B84-SegmentedRaftLog:OPENED:c-1, conf=-1: peers:[b01711c8-04b4-47a5-9bab-72c84cf7bb6a|rpc:10.1.0.59:44509|dataStream:|priority:1|startupRole:FOLLOWER, 73d758c7-6b76-4e6e-a3d3-7696fd8c55bd|rpc:10.1.0.59:42647|dataStream:|priority:0|startupRole:FOLLOWER, 18b389ac-e92e-45af-bb8d-005344dac216|rpc:10.1.0.59:39897|dataStream:|priority:0|startupRole:FOLLOWER]|listeners:[], old=null
2022-11-10 07:15:20,509 [73d758c7-6b76-4e6e-a3d3-7696fd8c55bd@group-841363C15B84-LeaderElection30] INFO  impl.LeaderElection (LeaderElection.java:logAndReturn(90)) - 73d758c7-6b76-4e6e-a3d3-7696fd8c55bd@group-841363C15B84-LeaderElection30: ELECTION REJECTED received 1 response(s) and 0 exception(s):
2022-11-10 07:15:20,509 [73d758c7-6b76-4e6e-a3d3-7696fd8c55bd@group-841363C15B84-LeaderElection30] INFO  impl.LeaderElection (LeaderElection.java:logAndReturn(94)) -   Response 0: 73d758c7-6b76-4e6e-a3d3-7696fd8c55bd<-b01711c8-04b4-47a5-9bab-72c84cf7bb6a#0:FAIL-t12
2022-11-10 07:15:20,509 [73d758c7-6b76-4e6e-a3d3-7696fd8c55bd@group-841363C15B84-LeaderElection30] INFO  impl.LeaderElection (LeaderElection.java:askForVotes(314)) - 73d758c7-6b76-4e6e-a3d3-7696fd8c55bd@group-841363C15B84-LeaderElection30 ELECTION round 0: result REJECTED
2022-11-10 07:15:20,509 [73d758c7-6b76-4e6e-a3d3-7696fd8c55bd@group-841363C15B84-LeaderElection30] INFO  server.RaftServer$Division (RaftServerImpl.java:setRole(321)) - 73d758c7-6b76-4e6e-a3d3-7696fd8c55bd@group-841363C15B84: changes role from CANDIDATE to FOLLOWER at term 12 for REJECTED
2022-11-10 07:15:20,509 [73d758c7-6b76-4e6e-a3d3-7696fd8c55bd@group-841363C15B84-LeaderElection30] INFO  impl.RoleInfo (RoleInfo.java:shutdownLeaderElection(130)) - 73d758c7-6b76-4e6e-a3d3-7696fd8c55bd: shutdown 73d758c7-6b76-4e6e-a3d3-7696fd8c55bd@group-841363C15B84-LeaderElection30
2022-11-10 07:15:20,509 [18b389ac-e92e-45af-bb8d-005344dac216@group-841363C15B84-FollowerState] INFO  server.RaftServerConfigKeys (ConfUtils.java:logFallback(53)) - raft.server.rpc.first-election.timeout.min = 5s (fallback to raft.server.rpc.timeout.min)
2022-11-10 07:15:20,509 [73d758c7-6b76-4e6e-a3d3-7696fd8c55bd@group-841363C15B84-LeaderElection30] INFO  impl.RoleInfo (RoleInfo.java:updateAndGet(139)) - 73d758c7-6b76-4e6e-a3d3-7696fd8c55bd: start 73d758c7-6b76-4e6e-a3d3-7696fd8c55bd@group-841363C15B84-FollowerState
2022-11-10 07:15:20,509 [18b389ac-e92e-45af-bb8d-005344dac216@group-841363C15B84-FollowerState] INFO  server.RaftServerConfigKeys (ConfUtils.java:logFallback(53)) - raft.server.rpc.first-election.timeout.max = 5200ms (fallback to raft.server.rpc.timeout.max)
2022-11-10 07:15:20,509 [73d758c7-6b76-4e6e-a3d3-7696fd8c55bd@group-841363C15B84-FollowerState] INFO  server.RaftServerConfigKeys (ConfUtils.java:logFallback(53)) - raft.server.rpc.first-election.timeout.min = 5s (fallback to raft.server.rpc.timeout.min)
2022-11-10 07:15:20,510 [grpc-default-executor-5] INFO  server.RaftServer$Division (RaftServerImpl.java:requestVote(1251)) - 18b389ac-e92e-45af-bb8d-005344dac216@group-841363C15B84 replies to ELECTION vote request: 73d758c7-6b76-4e6e-a3d3-7696fd8c55bd<-18b389ac-e92e-45af-bb8d-005344dac216#0:OK-t12. Peer's state: 18b389ac-e92e-45af-bb8d-005344dac216@group-841363C15B84:t12, leader=null, voted=73d758c7-6b76-4e6e-a3d3-7696fd8c55bd, raftlog=Memoized:18b389ac-e92e-45af-bb8d-005344dac216@group-841363C15B84-SegmentedRaftLog:OPENED:c-1, conf=-1: peers:[b01711c8-04b4-47a5-9bab-72c84cf7bb6a|rpc:10.1.0.59:44509|dataStream:|priority:1|startupRole:FOLLOWER, 73d758c7-6b76-4e6e-a3d3-7696fd8c55bd|rpc:10.1.0.59:42647|dataStream:|priority:0|startupRole:FOLLOWER, 18b389ac-e92e-45af-bb8d-005344dac216|rpc:10.1.0.59:39897|dataStream:|priority:0|startupRole:FOLLOWER]|listeners:[], old=null
2022-11-10 07:15:20,510 [73d758c7-6b76-4e6e-a3d3-7696fd8c55bd@group-841363C15B84-FollowerState] INFO  server.RaftServerConfigKeys (ConfUtils.java:logFallback(53)) - raft.server.rpc.first-election.timeout.max = 5200ms (fallback to raft.server.rpc.timeout.max)
2022-11-10 07:15:25,549 [18b389ac-e92e-45af-bb8d-005344dac216@group-841363C15B84-FollowerState] INFO  server.RaftServerConfigKeys (ConfUtils.java:logFallback(53)) - raft.server.rpc.first-election.timeout.min = 5s (fallback to raft.server.rpc.timeout.min)
2022-11-10 07:15:25,550 [18b389ac-e92e-45af-bb8d-005344dac216@group-841363C15B84-FollowerState] INFO  server.RaftServerConfigKeys (ConfUtils.java:logFallback(53)) - raft.server.rpc.first-election.timeout.max = 5200ms (fallback to raft.server.rpc.timeout.max)
2022-11-10 07:15:25,659 [73d758c7-6b76-4e6e-a3d3-7696fd8c55bd@group-841363C15B84-FollowerState] INFO  impl.FollowerState (FollowerState.java:run(143)) - 73d758c7-6b76-4e6e-a3d3-7696fd8c55bd@group-841363C15B84-FollowerState: change to CANDIDATE, lastRpcElapsedTime:5150258143ns, electionTimeout:5148ms
2022-11-10 07:15:25,659 [73d758c7-6b76-4e6e-a3d3-7696fd8c55bd@group-841363C15B84-FollowerState] INFO  impl.RoleInfo (RoleInfo.java:shutdownFollowerState(110)) - 73d758c7-6b76-4e6e-a3d3-7696fd8c55bd: shutdown 73d758c7-6b76-4e6e-a3d3-7696fd8c55bd@group-841363C15B84-FollowerState
2022-11-10 07:15:25,659 [73d758c7-6b76-4e6e-a3d3-7696fd8c55bd@group-841363C15B84-FollowerState] INFO  server.RaftServer$Division (RaftServerImpl.java:setRole(321)) - 73d758c7-6b76-4e6e-a3d3-7696fd8c55bd@group-841363C15B84: changes role from  FOLLOWER to CANDIDATE at term 12 for changeToCandidate
2022-11-10 07:15:25,660 [73d758c7-6b76-4e6e-a3d3-7696fd8c55bd@group-841363C15B84-FollowerState] INFO  server.RaftServerConfigKeys (ConfUtils.java:logGet(46)) - raft.server.leaderelection.pre-vote = false (custom)
2022-11-10 07:15:25,660 [73d758c7-6b76-4e6e-a3d3-7696fd8c55bd@group-841363C15B84-FollowerState] INFO  impl.RoleInfo (RoleInfo.java:updateAndGet(139)) - 73d758c7-6b76-4e6e-a3d3-7696fd8c55bd: start 73d758c7-6b76-4e6e-a3d3-7696fd8c55bd@group-841363C15B84-LeaderElection31
2022-11-10 07:15:25,667 [73d758c7-6b76-4e6e-a3d3-7696fd8c55bd@group-841363C15B84-LeaderElection31] INFO  impl.LeaderElection (LeaderElection.java:askForVotes(312)) - 73d758c7-6b76-4e6e-a3d3-7696fd8c55bd@group-841363C15B84-LeaderElection31 ELECTION round 0: submit vote requests at term 13 for -1: peers:[b01711c8-04b4-47a5-9bab-72c84cf7bb6a|rpc:10.1.0.59:44509|priority:1|startupRole:FOLLOWER, 73d758c7-6b76-4e6e-a3d3-7696fd8c55bd|rpc:10.1.0.59:42647|priority:0|startupRole:FOLLOWER, 18b389ac-e92e-45af-bb8d-005344dac216|rpc:10.1.0.59:39897|priority:0|startupRole:FOLLOWER]|listeners:[], old=null
2022-11-10 07:15:25,669 [73d758c7-6b76-4e6e-a3d3-7696fd8c55bd@group-841363C15B84-LeaderElection31] INFO  server.RaftServerConfigKeys (ConfUtils.java:logFallback(53)) - raft.server.rpc.first-election.timeout.min = 5s (fallback to raft.server.rpc.timeout.min)
2022-11-10 07:15:25,669 [73d758c7-6b76-4e6e-a3d3-7696fd8c55bd@group-841363C15B84-LeaderElection31] INFO  server.RaftServerConfigKeys (ConfUtils.java:logFallback(53)) - raft.server.rpc.first-election.timeout.max = 5200ms (fallback to raft.server.rpc.timeout.max)
2022-11-10 07:15:25,669 [grpc-default-executor-3] INFO  server.RaftServer$Division (RaftServerImpl.java:requestVote(1218)) - b01711c8-04b4-47a5-9bab-72c84cf7bb6a@group-841363C15B84: receive requestVote(ELECTION, 73d758c7-6b76-4e6e-a3d3-7696fd8c55bd, group-841363C15B84, 13, (t:0, i:0))
2022-11-10 07:15:25,669 [grpc-default-executor-3] INFO  impl.VoteContext (VoteContext.java:log(48)) - b01711c8-04b4-47a5-9bab-72c84cf7bb6a@group-841363C15B84-FOLLOWER: reject ELECTION from 73d758c7-6b76-4e6e-a3d3-7696fd8c55bd: our priority 1 > candidate's priority 0
2022-11-10 07:15:25,669 [grpc-default-executor-3] INFO  server.RaftServer$Division (RaftServerImpl.java:setRole(321)) - b01711c8-04b4-47a5-9bab-72c84cf7bb6a@group-841363C15B84: changes role from  FOLLOWER to FOLLOWER at term 13 for candidate:73d758c7-6b76-4e6e-a3d3-7696fd8c55bd
2022-11-10 07:15:25,669 [grpc-default-executor-3] INFO  impl.RoleInfo (RoleInfo.java:shutdownFollowerState(110)) - b01711c8-04b4-47a5-9bab-72c84cf7bb6a: shutdown b01711c8-04b4-47a5-9bab-72c84cf7bb6a@group-841363C15B84-FollowerState
2022-11-10 07:15:25,670 [grpc-default-executor-3] INFO  impl.RoleInfo (RoleInfo.java:updateAndGet(139)) - b01711c8-04b4-47a5-9bab-72c84cf7bb6a: start b01711c8-04b4-47a5-9bab-72c84cf7bb6a@group-841363C15B84-FollowerState
2022-11-10 07:15:25,670 [b01711c8-04b4-47a5-9bab-72c84cf7bb6a@group-841363C15B84-FollowerState] INFO  impl.FollowerState (FollowerState.java:run(152)) - b01711c8-04b4-47a5-9bab-72c84cf7bb6a@group-841363C15B84-FollowerState was interrupted
2022-11-10 07:15:25,670 [grpc-default-executor-5] INFO  server.RaftServer$Division (RaftServerImpl.java:requestVote(1218)) - 18b389ac-e92e-45af-bb8d-005344dac216@group-841363C15B84: receive requestVote(ELECTION, 73d758c7-6b76-4e6e-a3d3-7696fd8c55bd, group-841363C15B84, 13, (t:0, i:0))
2022-11-10 07:15:25,671 [grpc-default-executor-5] INFO  impl.VoteContext (VoteContext.java:log(48)) - 18b389ac-e92e-45af-bb8d-005344dac216@group-841363C15B84-FOLLOWER: accept ELECTION from 73d758c7-6b76-4e6e-a3d3-7696fd8c55bd: our priority 0 <= candidate's priority 0
2022-11-10 07:15:25,671 [grpc-default-executor-5] INFO  server.RaftServer$Division (RaftServerImpl.java:setRole(321)) - 18b389ac-e92e-45af-bb8d-005344dac216@group-841363C15B84: changes role from  FOLLOWER to FOLLOWER at term 13 for candidate:73d758c7-6b76-4e6e-a3d3-7696fd8c55bd
2022-11-10 07:15:25,671 [grpc-default-executor-5] INFO  impl.RoleInfo (RoleInfo.java:shutdownFollowerState(110)) - 18b389ac-e92e-45af-bb8d-005344dac216: shutdown 18b389ac-e92e-45af-bb8d-005344dac216@group-841363C15B84-FollowerState
2022-11-10 07:15:25,674 [grpc-default-executor-5] INFO  impl.RoleInfo (RoleInfo.java:updateAndGet(139)) - 18b389ac-e92e-45af-bb8d-005344dac216: start 18b389ac-e92e-45af-bb8d-005344dac216@group-841363C15B84-FollowerState
2022-11-10 07:15:25,674 [18b389ac-e92e-45af-bb8d-005344dac216@group-841363C15B84-FollowerState] INFO  impl.FollowerState (FollowerState.java:run(152)) - 18b389ac-e92e-45af-bb8d-005344dac216@group-841363C15B84-FollowerState was interrupted
2022-11-10 07:15:25,674 [b01711c8-04b4-47a5-9bab-72c84cf7bb6a@group-841363C15B84-FollowerState] INFO  server.RaftServerConfigKeys (ConfUtils.java:logFallback(53)) - raft.server.rpc.first-election.timeout.min = 5s (fallback to raft.server.rpc.timeout.min)
2022-11-10 07:15:25,674 [b01711c8-04b4-47a5-9bab-72c84cf7bb6a@group-841363C15B84-FollowerState] INFO  server.RaftServerConfigKeys (ConfUtils.java:logFallback(53)) - raft.server.rpc.first-election.timeout.max = 5200ms (fallback to raft.server.rpc.timeout.max)
2022-11-10 07:15:25,675 [grpc-default-executor-3] INFO  server.RaftServer$Division (RaftServerImpl.java:requestVote(1251)) - b01711c8-04b4-47a5-9bab-72c84cf7bb6a@group-841363C15B84 replies to ELECTION vote request: 73d758c7-6b76-4e6e-a3d3-7696fd8c55bd<-b01711c8-04b4-47a5-9bab-72c84cf7bb6a#0:FAIL-t13. Peer's state: b01711c8-04b4-47a5-9bab-72c84cf7bb6a@group-841363C15B84:t13, leader=null, voted=null, raftlog=Memoized:b01711c8-04b4-47a5-9bab-72c84cf7bb6a@group-841363C15B84-SegmentedRaftLog:OPENED:c-1, conf=-1: peers:[b01711c8-04b4-47a5-9bab-72c84cf7bb6a|rpc:10.1.0.59:44509|dataStream:|priority:1|startupRole:FOLLOWER, 73d758c7-6b76-4e6e-a3d3-7696fd8c55bd|rpc:10.1.0.59:42647|dataStream:|priority:0|startupRole:FOLLOWER, 18b389ac-e92e-45af-bb8d-005344dac216|rpc:10.1.0.59:39897|dataStream:|priority:0|startupRole:FOLLOWER]|listeners:[], old=null
2022-11-10 07:15:25,675 [18b389ac-e92e-45af-bb8d-005344dac216@group-841363C15B84-FollowerState] INFO  server.RaftServerConfigKeys (ConfUtils.java:logFallback(53)) - raft.server.rpc.first-election.timeout.min = 5s (fallback to raft.server.rpc.timeout.min)
2022-11-10 07:15:25,675 [18b389ac-e92e-45af-bb8d-005344dac216@group-841363C15B84-FollowerState] INFO  server.RaftServerConfigKeys (ConfUtils.java:logFallback(53)) - raft.server.rpc.first-election.timeout.max = 5200ms (fallback to raft.server.rpc.timeout.max)
2022-11-10 07:15:25,676 [grpc-default-executor-5] INFO  server.RaftServer$Division (RaftServerImpl.java:requestVote(1251)) - 18b389ac-e92e-45af-bb8d-005344dac216@group-841363C15B84 replies to ELECTION vote request: 73d758c7-6b76-4e6e-a3d3-7696fd8c55bd<-18b389ac-e92e-45af-bb8d-005344dac216#0:OK-t13. Peer's state: 18b389ac-e92e-45af-bb8d-005344dac216@group-841363C15B84:t13, leader=null, voted=73d758c7-6b76-4e6e-a3d3-7696fd8c55bd, raftlog=Memoized:18b389ac-e92e-45af-bb8d-005344dac216@group-841363C15B84-SegmentedRaftLog:OPENED:c-1, conf=-1: peers:[b01711c8-04b4-47a5-9bab-72c84cf7bb6a|rpc:10.1.0.59:44509|dataStream:|priority:1|startupRole:FOLLOWER, 73d758c7-6b76-4e6e-a3d3-7696fd8c55bd|rpc:10.1.0.59:42647|dataStream:|priority:0|startupRole:FOLLOWER, 18b389ac-e92e-45af-bb8d-005344dac216|rpc:10.1.0.59:39897|dataStream:|priority:0|startupRole:FOLLOWER]|listeners:[], old=null
2022-11-10 07:15:25,676 [73d758c7-6b76-4e6e-a3d3-7696fd8c55bd@group-841363C15B84-LeaderElection31] INFO  impl.LeaderElection (LeaderElection.java:logAndReturn(90)) - 73d758c7-6b76-4e6e-a3d3-7696fd8c55bd@group-841363C15B84-LeaderElection31: ELECTION REJECTED received 1 response(s) and 0 exception(s):
2022-11-10 07:15:25,676 [73d758c7-6b76-4e6e-a3d3-7696fd8c55bd@group-841363C15B84-LeaderElection31] INFO  impl.LeaderElection (LeaderElection.java:logAndReturn(94)) -   Response 0: 73d758c7-6b76-4e6e-a3d3-7696fd8c55bd<-b01711c8-04b4-47a5-9bab-72c84cf7bb6a#0:FAIL-t13
2022-11-10 07:15:25,676 [73d758c7-6b76-4e6e-a3d3-7696fd8c55bd@group-841363C15B84-LeaderElection31] INFO  impl.LeaderElection (LeaderElection.java:askForVotes(314)) - 73d758c7-6b76-4e6e-a3d3-7696fd8c55bd@group-841363C15B84-LeaderElection31 ELECTION round 0: result REJECTED
2022-11-10 07:15:25,676 [73d758c7-6b76-4e6e-a3d3-7696fd8c55bd@group-841363C15B84-LeaderElection31] INFO  server.RaftServer$Division (RaftServerImpl.java:setRole(321)) - 73d758c7-6b76-4e6e-a3d3-7696fd8c55bd@group-841363C15B84: changes role from CANDIDATE to FOLLOWER at term 13 for REJECTED
2022-11-10 07:15:25,676 [73d758c7-6b76-4e6e-a3d3-7696fd8c55bd@group-841363C15B84-LeaderElection31] INFO  impl.RoleInfo (RoleInfo.java:shutdownLeaderElection(130)) - 73d758c7-6b76-4e6e-a3d3-7696fd8c55bd: shutdown 73d758c7-6b76-4e6e-a3d3-7696fd8c55bd@group-841363C15B84-LeaderElection31
2022-11-10 07:15:25,676 [73d758c7-6b76-4e6e-a3d3-7696fd8c55bd@group-841363C15B84-LeaderElection31] INFO  impl.RoleInfo (RoleInfo.java:updateAndGet(139)) - 73d758c7-6b76-4e6e-a3d3-7696fd8c55bd: start 73d758c7-6b76-4e6e-a3d3-7696fd8c55bd@group-841363C15B84-FollowerState
2022-11-10 07:15:25,677 [73d758c7-6b76-4e6e-a3d3-7696fd8c55bd@group-841363C15B84-FollowerState] INFO  server.RaftServerConfigKeys (ConfUtils.java:logFallback(53)) - raft.server.rpc.first-election.timeout.min = 5s (fallback to raft.server.rpc.timeout.min)
2022-11-10 07:15:25,677 [73d758c7-6b76-4e6e-a3d3-7696fd8c55bd@group-841363C15B84-FollowerState] INFO  server.RaftServerConfigKeys (ConfUtils.java:logFallback(53)) - raft.server.rpc.first-election.timeout.max = 5200ms (fallback to raft.server.rpc.timeout.max)
2022-11-10 07:15:28,343 [Listener at 127.0.0.1/32813] INFO  ozone.MiniOzoneClusterImpl (MiniOzoneClusterImpl.java:shutdown(448)) - Shutting down the Mini Ozone Cluster
2022-11-10 07:15:28,344 [Listener at 127.0.0.1/32813] INFO  ozone.MiniOzoneClusterImpl (MiniOzoneClusterImpl.java:stop(463)) - Stopping the Mini Ozone Cluster
2022-11-10 07:15:28,344 [Listener at 127.0.0.1/32813] INFO  ozone.MiniOzoneClusterImpl (MiniOzoneClusterImpl.java:stopOM(545)) - Stopping the OzoneManager
2022-11-10 07:15:28,344 [Listener at 127.0.0.1/32813] INFO  om.OzoneManager (OzoneManager.java:stop(2036)) - om1[localhost:0]: Stopping Ozone Manager
2022-11-10 07:15:28,345 [Listener at 127.0.0.1/32813] INFO  ipc.Server (Server.java:stop(3428)) - Stopping server on 32813
2022-11-10 07:15:28,347 [IPC Server Responder] INFO  ipc.Server (Server.java:run(1517)) - Stopping IPC Server Responder
2022-11-10 07:15:28,347 [IPC Server listener on 0] INFO  ipc.Server (Server.java:run(1384)) - Stopping IPC Server listener on 0
2022-11-10 07:15:28,347 [Listener at 127.0.0.1/32813] INFO  server.RaftServer (RaftServerProxy.java:lambda$close$6(409)) - om1: close
2022-11-10 07:15:28,349 [Listener at 127.0.0.1/32813] INFO  server.GrpcService (GrpcService.java:closeImpl(279)) - om1: shutdown server GrpcServerProtocolService now
2022-11-10 07:15:28,355 [om1-impl-thread2] INFO  server.RaftServer$Division (RaftServerImpl.java:lambda$close$4(458)) - om1@group-C5BA1605619E: shutdown
2022-11-10 07:15:28,356 [om1-impl-thread2] INFO  util.JmxRegister (JmxRegister.java:unregister(73)) - Successfully un-registered JMX Bean with object name Ratis:service=RaftServer,group=group-C5BA1605619E,id=om1
2022-11-10 07:15:28,364 [om1-impl-thread2] INFO  impl.RoleInfo (RoleInfo.java:shutdownLeaderState(93)) - om1: shutdown om1@group-C5BA1605619E-LeaderStateImpl
2022-11-10 07:15:28,364 [om1-impl-thread2] INFO  impl.PendingRequests (PendingRequests.java:sendNotLeaderResponses(282)) - om1@group-C5BA1605619E-PendingRequests: sendNotLeaderResponses
2022-11-10 07:15:28,364 [Listener at 127.0.0.1/32813] INFO  server.GrpcService (GrpcService.java:closeImpl(288)) - om1: shutdown server GrpcServerProtocolService successfully
2022-11-10 07:15:28,369 [om1-impl-thread2] INFO  impl.StateMachineUpdater (StateMachineUpdater.java:stopAndJoin(153)) - om1@group-C5BA1605619E-StateMachineUpdater: set stopIndex = 2
2022-11-10 07:15:28,370 [om1@group-C5BA1605619E-StateMachineUpdater] INFO  ratis.OzoneManagerStateMachine (OzoneManagerStateMachine.java:takeSnapshot(445)) - Current Snapshot Index (t:1, i:2)
2022-11-10 07:15:28,371 [om1@group-C5BA1605619E-StateMachineUpdater] INFO  impl.StateMachineUpdater (StateMachineUpdater.java:takeSnapshot(287)) - om1@group-C5BA1605619E-StateMachineUpdater: Took a snapshot at index 2
2022-11-10 07:15:28,371 [om1@group-C5BA1605619E-StateMachineUpdater] INFO  impl.StateMachineUpdater (StateMachineUpdater.java:lambda$new$0(92)) - om1@group-C5BA1605619E-StateMachineUpdater: snapshotIndex: updateIncreasingly -1 -> 2
2022-11-10 07:15:28,371 [om1@group-C5BA1605619E-StateMachineUpdater] INFO  ratis.OzoneManagerStateMachine (OzoneManagerStateMachine.java:close(499)) - StateMachine has shutdown. Shutdown OzoneManager if not already shutdown.
2022-11-10 07:15:28,371 [om1@group-C5BA1605619E-StateMachineUpdater] INFO  ratis.OzoneManagerDoubleBuffer (OzoneManagerDoubleBuffer.java:stop(466)) - Stopping OMDoubleBuffer flush thread
2022-11-10 07:15:28,372 [OMDoubleBufferFlushThread] INFO  ratis.OzoneManagerDoubleBuffer (OzoneManagerDoubleBuffer.java:flushTransactions(385)) - OMDoubleBuffer flush thread OMDoubleBufferFlushThread is interrupted and will exit.
2022-11-10 07:15:28,374 [om1-impl-thread2] INFO  server.RaftServer$Division (ServerState.java:close(466)) - om1@group-C5BA1605619E: closes. applyIndex: 2
2022-11-10 07:15:28,374 [om1@group-C5BA1605619E-SegmentedRaftLogWorker] INFO  segmented.SegmentedRaftLogWorker (SegmentedRaftLogWorker.java:run(345)) - om1@group-C5BA1605619E-SegmentedRaftLogWorker was interrupted, exiting. There are 0 tasks remaining in the queue.
2022-11-10 07:15:28,375 [om1-impl-thread2] INFO  segmented.SegmentedRaftLogWorker (SegmentedRaftLogWorker.java:close(255)) - om1@group-C5BA1605619E-SegmentedRaftLogWorker close()
2022-11-10 07:15:28,376 [JvmPauseMonitor0] INFO  util.JvmPauseMonitor (JvmPauseMonitor.java:run(111)) - JvmPauseMonitor-om1: Stopped
2022-11-10 07:15:28,377 [Listener at 127.0.0.1/32813] INFO  ratis.OzoneManagerStateMachine (OzoneManagerStateMachine.java:close(499)) - StateMachine has shutdown. Shutdown OzoneManager if not already shutdown.
2022-11-10 07:15:28,377 [Listener at 127.0.0.1/32813] INFO  ratis.OzoneManagerDoubleBuffer (OzoneManagerDoubleBuffer.java:stop(478)) - OMDoubleBuffer flush thread is not running.
2022-11-10 07:15:28,377 [Listener at 127.0.0.1/32813] INFO  utils.BackgroundService (BackgroundService.java:shutdown(141)) - Shutting down service KeyDeletingService
2022-11-10 07:15:28,377 [Listener at 127.0.0.1/32813] INFO  utils.BackgroundService (BackgroundService.java:shutdown(141)) - Shutting down service DirectoryDeletingService
2022-11-10 07:15:28,378 [Listener at 127.0.0.1/32813] INFO  utils.BackgroundService (BackgroundService.java:shutdown(141)) - Shutting down service OpenKeyCleanupService
2022-11-10 07:15:28,380 [Listener at 127.0.0.1/32813] INFO  handler.ContextHandler (ContextHandler.java:doStop(1159)) - Stopped o.e.j.w.WebAppContext@736f0d1b{ozoneManager,/,null,STOPPED}{file:/home/runner/work/ozone/ozone/hadoop-ozone/integration-test/target/test-classes/webapps/ozoneManager}
2022-11-10 07:15:28,385 [Listener at 127.0.0.1/32813] INFO  server.AbstractConnector (AbstractConnector.java:doStop(383)) - Stopped ServerConnector@50836877{HTTP/1.1, (http/1.1)}{0.0.0.0:0}
2022-11-10 07:15:28,385 [Listener at 127.0.0.1/32813] INFO  server.session (HouseKeeper.java:stopScavenging(149)) - node0 Stopped scavenging
2022-11-10 07:15:28,386 [Listener at 127.0.0.1/32813] INFO  handler.ContextHandler (ContextHandler.java:doStop(1159)) - Stopped o.e.j.s.ServletContextHandler@e92cb3a{static,/static,file:///home/runner/work/ozone/ozone/hadoop-ozone/integration-test/target/test-classes/webapps/static,STOPPED}
2022-11-10 07:15:28,386 [Listener at 127.0.0.1/32813] INFO  handler.ContextHandler (ContextHandler.java:doStop(1159)) - Stopped o.e.j.s.ServletContextHandler@51764654{logs,/logs,file:///home/runner/work/ozone/ozone/hadoop-ozone/integration-test/target/log,STOPPED}
2022-11-10 07:15:28,397 [Listener at 127.0.0.1/32813] INFO  ozone.MiniOzoneClusterImpl (MiniOzoneClusterImpl.java:stopDatanodes(522)) - Stopping the HddsDatanodes
2022-11-10 07:15:28,400 [Listener at 127.0.0.1/32813] INFO  ozoneimpl.OzoneContainer (OzoneContainer.java:stop(400)) - Attempting to stop container services.
2022-11-10 07:15:28,404 [Listener at 127.0.0.1/32813] INFO  server.RaftServer (RaftServerProxy.java:lambda$close$6(409)) - 73d758c7-6b76-4e6e-a3d3-7696fd8c55bd: close
2022-11-10 07:15:28,410 [73d758c7-6b76-4e6e-a3d3-7696fd8c55bd-impl-thread2] INFO  server.RaftServer$Division (RaftServerImpl.java:lambda$close$4(458)) - 73d758c7-6b76-4e6e-a3d3-7696fd8c55bd@group-841363C15B84: shutdown
2022-11-10 07:15:28,410 [73d758c7-6b76-4e6e-a3d3-7696fd8c55bd-impl-thread2] INFO  util.JmxRegister (JmxRegister.java:unregister(73)) - Successfully un-registered JMX Bean with object name Ratis:service=RaftServer,group=group-841363C15B84,id=73d758c7-6b76-4e6e-a3d3-7696fd8c55bd
2022-11-10 07:15:28,410 [73d758c7-6b76-4e6e-a3d3-7696fd8c55bd-impl-thread2] INFO  impl.RoleInfo (RoleInfo.java:shutdownFollowerState(110)) - 73d758c7-6b76-4e6e-a3d3-7696fd8c55bd: shutdown 73d758c7-6b76-4e6e-a3d3-7696fd8c55bd@group-841363C15B84-FollowerState
2022-11-10 07:15:28,411 [Listener at 127.0.0.1/32813] INFO  server.GrpcService (GrpcService.java:closeImpl(279)) - 73d758c7-6b76-4e6e-a3d3-7696fd8c55bd: shutdown server GrpcServerProtocolService now
2022-11-10 07:15:28,423 [73d758c7-6b76-4e6e-a3d3-7696fd8c55bd-impl-thread2] INFO  impl.StateMachineUpdater (StateMachineUpdater.java:stopAndJoin(153)) - 73d758c7-6b76-4e6e-a3d3-7696fd8c55bd@group-841363C15B84-StateMachineUpdater: set stopIndex = -1
2022-11-10 07:15:28,423 [73d758c7-6b76-4e6e-a3d3-7696fd8c55bd-impl-thread2] INFO  server.RaftServer$Division (ServerState.java:close(466)) - 73d758c7-6b76-4e6e-a3d3-7696fd8c55bd@group-841363C15B84: closes. applyIndex: -1
2022-11-10 07:15:28,423 [73d758c7-6b76-4e6e-a3d3-7696fd8c55bd@group-841363C15B84-FollowerState] INFO  impl.FollowerState (FollowerState.java:run(152)) - 73d758c7-6b76-4e6e-a3d3-7696fd8c55bd@group-841363C15B84-FollowerState was interrupted
2022-11-10 07:15:28,423 [73d758c7-6b76-4e6e-a3d3-7696fd8c55bd@group-841363C15B84-SegmentedRaftLogWorker] INFO  segmented.SegmentedRaftLogWorker (SegmentedRaftLogWorker.java:run(345)) - 73d758c7-6b76-4e6e-a3d3-7696fd8c55bd@group-841363C15B84-SegmentedRaftLogWorker was interrupted, exiting. There are 0 tasks remaining in the queue.
2022-11-10 07:15:28,423 [73d758c7-6b76-4e6e-a3d3-7696fd8c55bd-impl-thread2] INFO  segmented.SegmentedRaftLogWorker (SegmentedRaftLogWorker.java:close(255)) - 73d758c7-6b76-4e6e-a3d3-7696fd8c55bd@group-841363C15B84-SegmentedRaftLogWorker close()
2022-11-10 07:15:28,424 [ForkJoinPool.commonPool-worker-0] INFO  ozoneimpl.OzoneContainer (OzoneContainer.java:stop(400)) - Attempting to stop container services.
2022-11-10 07:15:28,426 [ForkJoinPool.commonPool-worker-0] INFO  server.RaftServer (RaftServerProxy.java:lambda$close$6(409)) - 35d6043c-a711-468a-a34c-4c4022ea36e3: close
2022-11-10 07:15:28,426 [73d758c7-6b76-4e6e-a3d3-7696fd8c55bd-impl-thread3] INFO  server.RaftServer$Division (RaftServerImpl.java:lambda$close$4(458)) - 73d758c7-6b76-4e6e-a3d3-7696fd8c55bd@group-2822AD3F708E: shutdown
2022-11-10 07:15:28,426 [73d758c7-6b76-4e6e-a3d3-7696fd8c55bd-impl-thread3] INFO  util.JmxRegister (JmxRegister.java:unregister(73)) - Successfully un-registered JMX Bean with object name Ratis:service=RaftServer,group=group-2822AD3F708E,id=73d758c7-6b76-4e6e-a3d3-7696fd8c55bd
2022-11-10 07:15:28,426 [73d758c7-6b76-4e6e-a3d3-7696fd8c55bd-impl-thread3] INFO  impl.RoleInfo (RoleInfo.java:shutdownLeaderState(93)) - 73d758c7-6b76-4e6e-a3d3-7696fd8c55bd: shutdown 73d758c7-6b76-4e6e-a3d3-7696fd8c55bd@group-2822AD3F708E-LeaderStateImpl
2022-11-10 07:15:28,426 [73d758c7-6b76-4e6e-a3d3-7696fd8c55bd-impl-thread3] INFO  impl.PendingRequests (PendingRequests.java:sendNotLeaderResponses(282)) - 73d758c7-6b76-4e6e-a3d3-7696fd8c55bd@group-2822AD3F708E-PendingRequests: sendNotLeaderResponses
2022-11-10 07:15:28,426 [73d758c7-6b76-4e6e-a3d3-7696fd8c55bd-impl-thread3] INFO  impl.StateMachineUpdater (StateMachineUpdater.java:stopAndJoin(153)) - 73d758c7-6b76-4e6e-a3d3-7696fd8c55bd@group-2822AD3F708E-StateMachineUpdater: set stopIndex = 0
2022-11-10 07:15:28,426 [Listener at 127.0.0.1/32813] INFO  server.GrpcServerProtocolClient (GrpcServerProtocolClient.java:close(111)) - b01711c8-04b4-47a5-9bab-72c84cf7bb6a Close channels
2022-11-10 07:15:28,430 [73d758c7-6b76-4e6e-a3d3-7696fd8c55bd@group-2822AD3F708E-StateMachineUpdater] INFO  ratis.ContainerStateMachine (ContainerStateMachine.java:takeSnapshot(304)) - group-2822AD3F708E: Taking a snapshot at:(t:1, i:0) file /home/runner/work/ozone/ozone/hadoop-ozone/integration-test/target/test-dir/MiniOzoneClusterImpl-d14c70f5-e14b-41c6-a13f-e3ca6c51505f/datanode-3/data/ratis/af1c2d6f-b0d4-43b3-9cea-2822ad3f708e/sm/snapshot.1_0
2022-11-10 07:15:28,431 [73d758c7-6b76-4e6e-a3d3-7696fd8c55bd@group-2822AD3F708E-StateMachineUpdater] INFO  ratis.ContainerStateMachine (ContainerStateMachine.java:takeSnapshot(315)) - group-2822AD3F708E: Finished taking a snapshot at:(t:1, i:0) file:/home/runner/work/ozone/ozone/hadoop-ozone/integration-test/target/test-dir/MiniOzoneClusterImpl-d14c70f5-e14b-41c6-a13f-e3ca6c51505f/datanode-3/data/ratis/af1c2d6f-b0d4-43b3-9cea-2822ad3f708e/sm/snapshot.1_0 took: 1 ms
2022-11-10 07:15:28,431 [35d6043c-a711-468a-a34c-4c4022ea36e3-impl-thread2] INFO  server.RaftServer$Division (RaftServerImpl.java:lambda$close$4(458)) - 35d6043c-a711-468a-a34c-4c4022ea36e3@group-092F80E77802: shutdown
2022-11-10 07:15:28,431 [73d758c7-6b76-4e6e-a3d3-7696fd8c55bd@group-2822AD3F708E-StateMachineUpdater] INFO  impl.StateMachineUpdater (StateMachineUpdater.java:takeSnapshot(287)) - 73d758c7-6b76-4e6e-a3d3-7696fd8c55bd@group-2822AD3F708E-StateMachineUpdater: Took a snapshot at index 0
2022-11-10 07:15:28,432 [35d6043c-a711-468a-a34c-4c4022ea36e3-impl-thread2] INFO  util.JmxRegister (JmxRegister.java:unregister(73)) - Successfully un-registered JMX Bean with object name Ratis:service=RaftServer,group=group-092F80E77802,id=35d6043c-a711-468a-a34c-4c4022ea36e3
2022-11-10 07:15:28,432 [73d758c7-6b76-4e6e-a3d3-7696fd8c55bd@group-2822AD3F708E-StateMachineUpdater] INFO  impl.StateMachineUpdater (StateMachineUpdater.java:lambda$new$0(92)) - 73d758c7-6b76-4e6e-a3d3-7696fd8c55bd@group-2822AD3F708E-StateMachineUpdater: snapshotIndex: updateIncreasingly -1 -> 0
2022-11-10 07:15:28,432 [35d6043c-a711-468a-a34c-4c4022ea36e3-impl-thread2] INFO  impl.RoleInfo (RoleInfo.java:shutdownLeaderState(93)) - 35d6043c-a711-468a-a34c-4c4022ea36e3: shutdown 35d6043c-a711-468a-a34c-4c4022ea36e3@group-092F80E77802-LeaderStateImpl
2022-11-10 07:15:28,432 [35d6043c-a711-468a-a34c-4c4022ea36e3-impl-thread2] INFO  impl.PendingRequests (PendingRequests.java:sendNotLeaderResponses(282)) - 35d6043c-a711-468a-a34c-4c4022ea36e3@group-092F80E77802-PendingRequests: sendNotLeaderResponses
2022-11-10 07:15:28,432 [73d758c7-6b76-4e6e-a3d3-7696fd8c55bd-impl-thread3] INFO  server.RaftServer$Division (ServerState.java:close(466)) - 73d758c7-6b76-4e6e-a3d3-7696fd8c55bd@group-2822AD3F708E: closes. applyIndex: 0
2022-11-10 07:15:28,432 [35d6043c-a711-468a-a34c-4c4022ea36e3-impl-thread2] INFO  impl.StateMachineUpdater (StateMachineUpdater.java:stopAndJoin(153)) - 35d6043c-a711-468a-a34c-4c4022ea36e3@group-092F80E77802-StateMachineUpdater: set stopIndex = 0
2022-11-10 07:15:28,432 [35d6043c-a711-468a-a34c-4c4022ea36e3@group-092F80E77802-StateMachineUpdater] INFO  ratis.ContainerStateMachine (ContainerStateMachine.java:takeSnapshot(304)) - group-092F80E77802: Taking a snapshot at:(t:1, i:0) file /home/runner/work/ozone/ozone/hadoop-ozone/integration-test/target/test-dir/MiniOzoneClusterImpl-d14c70f5-e14b-41c6-a13f-e3ca6c51505f/datanode-1/data/ratis/ae97a55a-4b34-4855-8d17-092f80e77802/sm/snapshot.1_0
2022-11-10 07:15:28,433 [35d6043c-a711-468a-a34c-4c4022ea36e3@group-092F80E77802-StateMachineUpdater] INFO  ratis.ContainerStateMachine (ContainerStateMachine.java:takeSnapshot(315)) - group-092F80E77802: Finished taking a snapshot at:(t:1, i:0) file:/home/runner/work/ozone/ozone/hadoop-ozone/integration-test/target/test-dir/MiniOzoneClusterImpl-d14c70f5-e14b-41c6-a13f-e3ca6c51505f/datanode-1/data/ratis/ae97a55a-4b34-4855-8d17-092f80e77802/sm/snapshot.1_0 took: 1 ms
2022-11-10 07:15:28,433 [35d6043c-a711-468a-a34c-4c4022ea36e3@group-092F80E77802-StateMachineUpdater] INFO  impl.StateMachineUpdater (StateMachineUpdater.java:takeSnapshot(287)) - 35d6043c-a711-468a-a34c-4c4022ea36e3@group-092F80E77802-StateMachineUpdater: Took a snapshot at index 0
2022-11-10 07:15:28,433 [35d6043c-a711-468a-a34c-4c4022ea36e3@group-092F80E77802-StateMachineUpdater] INFO  impl.StateMachineUpdater (StateMachineUpdater.java:lambda$new$0(92)) - 35d6043c-a711-468a-a34c-4c4022ea36e3@group-092F80E77802-StateMachineUpdater: snapshotIndex: updateIncreasingly -1 -> 0
2022-11-10 07:15:28,433 [35d6043c-a711-468a-a34c-4c4022ea36e3-impl-thread2] INFO  server.RaftServer$Division (ServerState.java:close(466)) - 35d6043c-a711-468a-a34c-4c4022ea36e3@group-092F80E77802: closes. applyIndex: 0
2022-11-10 07:15:28,442 [ForkJoinPool.commonPool-worker-0] INFO  server.GrpcService (GrpcService.java:closeImpl(279)) - 35d6043c-a711-468a-a34c-4c4022ea36e3: shutdown server GrpcServerProtocolService now
2022-11-10 07:15:28,445 [ForkJoinPool.commonPool-worker-0] INFO  server.GrpcServerProtocolClient (GrpcServerProtocolClient.java:close(111)) - 901bb4f9-d448-4097-b3df-3dc09329cc1b Close channels
2022-11-10 07:15:28,445 [35d6043c-a711-468a-a34c-4c4022ea36e3-impl-thread3] INFO  server.RaftServer$Division (RaftServerImpl.java:lambda$close$4(458)) - 35d6043c-a711-468a-a34c-4c4022ea36e3@group-EE387B4BAA71: shutdown
2022-11-10 07:15:28,446 [73d758c7-6b76-4e6e-a3d3-7696fd8c55bd@group-2822AD3F708E-SegmentedRaftLogWorker] INFO  segmented.SegmentedRaftLogWorker (SegmentedRaftLogWorker.java:run(345)) - 73d758c7-6b76-4e6e-a3d3-7696fd8c55bd@group-2822AD3F708E-SegmentedRaftLogWorker was interrupted, exiting. There are 0 tasks remaining in the queue.
2022-11-10 07:15:28,445 [35d6043c-a711-468a-a34c-4c4022ea36e3@group-092F80E77802-SegmentedRaftLogWorker] INFO  segmented.SegmentedRaftLogWorker (SegmentedRaftLogWorker.java:run(345)) - 35d6043c-a711-468a-a34c-4c4022ea36e3@group-092F80E77802-SegmentedRaftLogWorker was interrupted, exiting. There are 0 tasks remaining in the queue.
2022-11-10 07:15:28,454 [73d758c7-6b76-4e6e-a3d3-7696fd8c55bd-impl-thread3] INFO  segmented.SegmentedRaftLogWorker (SegmentedRaftLogWorker.java:close(255)) - 73d758c7-6b76-4e6e-a3d3-7696fd8c55bd@group-2822AD3F708E-SegmentedRaftLogWorker close()
2022-11-10 07:15:28,455 [35d6043c-a711-468a-a34c-4c4022ea36e3-impl-thread2] INFO  segmented.SegmentedRaftLogWorker (SegmentedRaftLogWorker.java:close(255)) - 35d6043c-a711-468a-a34c-4c4022ea36e3@group-092F80E77802-SegmentedRaftLogWorker close()
2022-11-10 07:15:28,455 [35d6043c-a711-468a-a34c-4c4022ea36e3-impl-thread3] INFO  util.JmxRegister (JmxRegister.java:unregister(73)) - Successfully un-registered JMX Bean with object name Ratis:service=RaftServer,group=group-EE387B4BAA71,id=35d6043c-a711-468a-a34c-4c4022ea36e3
2022-11-10 07:15:28,455 [35d6043c-a711-468a-a34c-4c4022ea36e3-impl-thread3] INFO  impl.RoleInfo (RoleInfo.java:shutdownLeaderState(93)) - 35d6043c-a711-468a-a34c-4c4022ea36e3: shutdown 35d6043c-a711-468a-a34c-4c4022ea36e3@group-EE387B4BAA71-LeaderStateImpl
2022-11-10 07:15:28,455 [35d6043c-a711-468a-a34c-4c4022ea36e3-impl-thread3] INFO  impl.PendingRequests (PendingRequests.java:sendNotLeaderResponses(282)) - 35d6043c-a711-468a-a34c-4c4022ea36e3@group-EE387B4BAA71-PendingRequests: sendNotLeaderResponses
2022-11-10 07:15:28,455 [35d6043c-a711-468a-a34c-4c4022ea36e3@group-EE387B4BAA71->901bb4f9-d448-4097-b3df-3dc09329cc1b-GrpcLogAppender-LogAppenderDaemon] WARN  server.GrpcLogAppender (GrpcLogAppender.java:mayWait(200)) - 35d6043c-a711-468a-a34c-4c4022ea36e3@group-EE387B4BAA71->901bb4f9-d448-4097-b3df-3dc09329cc1b-GrpcLogAppender: Wait interrupted by java.lang.InterruptedException
2022-11-10 07:15:28,455 [35d6043c-a711-468a-a34c-4c4022ea36e3@group-EE387B4BAA71->26c35b0c-04d0-419a-bd9f-9a0c5cb2698b-GrpcLogAppender-LogAppenderDaemon] WARN  server.GrpcLogAppender (GrpcLogAppender.java:mayWait(200)) - 35d6043c-a711-468a-a34c-4c4022ea36e3@group-EE387B4BAA71->26c35b0c-04d0-419a-bd9f-9a0c5cb2698b-GrpcLogAppender: Wait interrupted by java.lang.InterruptedException
2022-11-10 07:15:28,456 [35d6043c-a711-468a-a34c-4c4022ea36e3@group-EE387B4BAA71-StateMachineUpdater] INFO  ratis.ContainerStateMachine (ContainerStateMachine.java:takeSnapshot(304)) - group-EE387B4BAA71: Taking a snapshot at:(t:4, i:0) file /home/runner/work/ozone/ozone/hadoop-ozone/integration-test/target/test-dir/MiniOzoneClusterImpl-d14c70f5-e14b-41c6-a13f-e3ca6c51505f/datanode-1/data/ratis/c2d1ab89-0d38-495e-98d5-ee387b4baa71/sm/snapshot.4_0
2022-11-10 07:15:28,456 [grpc-default-executor-5] INFO  server.GrpcServerProtocolService (GrpcServerProtocolService.java:onCompleted(145)) - 901bb4f9-d448-4097-b3df-3dc09329cc1b: Completed APPEND_ENTRIES, lastRequest: null
2022-11-10 07:15:28,456 [35d6043c-a711-468a-a34c-4c4022ea36e3-impl-thread3] INFO  impl.StateMachineUpdater (StateMachineUpdater.java:stopAndJoin(153)) - 35d6043c-a711-468a-a34c-4c4022ea36e3@group-EE387B4BAA71-StateMachineUpdater: set stopIndex = 0
2022-11-10 07:15:28,457 [35d6043c-a711-468a-a34c-4c4022ea36e3@group-EE387B4BAA71-StateMachineUpdater] INFO  ratis.ContainerStateMachine (ContainerStateMachine.java:takeSnapshot(315)) - group-EE387B4BAA71: Finished taking a snapshot at:(t:4, i:0) file:/home/runner/work/ozone/ozone/hadoop-ozone/integration-test/target/test-dir/MiniOzoneClusterImpl-d14c70f5-e14b-41c6-a13f-e3ca6c51505f/datanode-1/data/ratis/c2d1ab89-0d38-495e-98d5-ee387b4baa71/sm/snapshot.4_0 took: 0 ms
2022-11-10 07:15:28,457 [35d6043c-a711-468a-a34c-4c4022ea36e3@group-EE387B4BAA71-StateMachineUpdater] INFO  impl.StateMachineUpdater (StateMachineUpdater.java:takeSnapshot(287)) - 35d6043c-a711-468a-a34c-4c4022ea36e3@group-EE387B4BAA71-StateMachineUpdater: Took a snapshot at index 0
2022-11-10 07:15:28,457 [35d6043c-a711-468a-a34c-4c4022ea36e3@group-EE387B4BAA71-StateMachineUpdater] INFO  impl.StateMachineUpdater (StateMachineUpdater.java:lambda$new$0(92)) - 35d6043c-a711-468a-a34c-4c4022ea36e3@group-EE387B4BAA71-StateMachineUpdater: snapshotIndex: updateIncreasingly -1 -> 0
2022-11-10 07:15:28,458 [35d6043c-a711-468a-a34c-4c4022ea36e3-impl-thread3] INFO  server.RaftServer$Division (ServerState.java:close(466)) - 35d6043c-a711-468a-a34c-4c4022ea36e3@group-EE387B4BAA71: closes. applyIndex: 0
2022-11-10 07:15:28,458 [grpc-default-executor-3] INFO  server.GrpcLogAppender (GrpcLogAppender.java:onCompleted(415)) - 35d6043c-a711-468a-a34c-4c4022ea36e3@group-EE387B4BAA71->901bb4f9-d448-4097-b3df-3dc09329cc1b-AppendLogResponseHandler: follower responses appendEntries COMPLETED
2022-11-10 07:15:28,459 [grpc-default-executor-3] WARN  server.GrpcLogAppender (GrpcLogAppender.java:resetClient(137)) - 35d6043c-a711-468a-a34c-4c4022ea36e3@group-EE387B4BAA71->901bb4f9-d448-4097-b3df-3dc09329cc1b-GrpcLogAppender: Failed to getClient for 901bb4f9-d448-4097-b3df-3dc09329cc1b
org.apache.ratis.protocol.exceptions.AlreadyClosedException: 35d6043c-a711-468a-a34c-4c4022ea36e3 is already CLOSED
	at org.apache.ratis.util.PeerProxyMap$PeerAndProxy.getProxy(PeerProxyMap.java:61)
	at org.apache.ratis.util.PeerProxyMap.getProxy(PeerProxyMap.java:115)
	at org.apache.ratis.grpc.server.GrpcLogAppender.getClient(GrpcLogAppender.java:116)
	at org.apache.ratis.grpc.server.GrpcLogAppender.resetClient(GrpcLogAppender.java:121)
	at org.apache.ratis.grpc.server.GrpcLogAppender.access$500(GrpcLogAppender.java:58)
	at org.apache.ratis.grpc.server.GrpcLogAppender$AppendLogResponseHandler.onCompleted(GrpcLogAppender.java:416)
	at org.apache.ratis.thirdparty.io.grpc.stub.ClientCalls$StreamObserverToCallListenerAdapter.onClose(ClientCalls.java:485)
	at org.apache.ratis.thirdparty.io.grpc.internal.ClientCallImpl.closeObserver(ClientCallImpl.java:562)
	at org.apache.ratis.thirdparty.io.grpc.internal.ClientCallImpl.access$300(ClientCallImpl.java:70)
	at org.apache.ratis.thirdparty.io.grpc.internal.ClientCallImpl$ClientStreamListenerImpl$1StreamClosed.runInternal(ClientCallImpl.java:743)
	at org.apache.ratis.thirdparty.io.grpc.internal.ClientCallImpl$ClientStreamListenerImpl$1StreamClosed.runInContext(ClientCallImpl.java:722)
	at org.apache.ratis.thirdparty.io.grpc.internal.ContextRunnable.run(ContextRunnable.java:37)
	at org.apache.ratis.thirdparty.io.grpc.internal.SerializingExecutor.run(SerializingExecutor.java:133)
	at java.util.concurrent.ThreadPoolExecutor.runWorker(ThreadPoolExecutor.java:1149)
	at java.util.concurrent.ThreadPoolExecutor$Worker.run(ThreadPoolExecutor.java:624)
	at java.lang.Thread.run(Thread.java:750)
2022-11-10 07:15:28,460 [Listener at 127.0.0.1/32813] INFO  server.GrpcServerProtocolClient (GrpcServerProtocolClient.java:close(111)) - 18b389ac-e92e-45af-bb8d-005344dac216 Close channels
2022-11-10 07:15:28,461 [35d6043c-a711-468a-a34c-4c4022ea36e3@group-EE387B4BAA71-SegmentedRaftLogWorker] INFO  segmented.SegmentedRaftLogWorker (SegmentedRaftLogWorker.java:run(345)) - 35d6043c-a711-468a-a34c-4c4022ea36e3@group-EE387B4BAA71-SegmentedRaftLogWorker was interrupted, exiting. There are 0 tasks remaining in the queue.
2022-11-10 07:15:28,464 [35d6043c-a711-468a-a34c-4c4022ea36e3-impl-thread3] INFO  segmented.SegmentedRaftLogWorker (SegmentedRaftLogWorker.java:close(255)) - 35d6043c-a711-468a-a34c-4c4022ea36e3@group-EE387B4BAA71-SegmentedRaftLogWorker close()
2022-11-10 07:15:28,466 [grpc-default-executor-3] INFO  server.GrpcServerProtocolService (GrpcServerProtocolService.java:onCompleted(145)) - 26c35b0c-04d0-419a-bd9f-9a0c5cb2698b: Completed APPEND_ENTRIES, lastRequest: 35d6043c-a711-468a-a34c-4c4022ea36e3->26c35b0c-04d0-419a-bd9f-9a0c5cb2698b#1-t4,previous=(t:0, i:0),leaderCommit=0,initializing? true,entries: size=1, first=(t:4, i:0), CONFIGURATIONENTRY(current:id: "901bb4f9-d448-4097-b3df-3dc09329cc1b"
address: "10.1.0.59:35703"
clientAddress: "10.1.0.59:35703"
adminAddress: "10.1.0.59:35703"
startupRole: FOLLOWER
,id: "35d6043c-a711-468a-a34c-4c4022ea36e3"
address: "10.1.0.59:46313"
priority: 1
clientAddress: "10.1.0.59:46313"
adminAddress: "10.1.0.59:46313"
startupRole: FOLLOWER
,id: "26c35b0c-04d0-419a-bd9f-9a0c5cb2698b"
address: "10.1.0.59:38927"
clientAddress: "10.1.0.59:38927"
adminAddress: "10.1.0.59:38927"
startupRole: FOLLOWER
, old:)
2022-11-10 07:15:28,467 [grpc-default-executor-5] INFO  server.GrpcServerProtocolService (GrpcServerProtocolService.java:onCompleted(145)) - 26c35b0c-04d0-419a-bd9f-9a0c5cb2698b: Completed APPEND_ENTRIES, lastRequest: null
2022-11-10 07:15:28,467 [grpc-default-executor-3] INFO  server.GrpcServerProtocolService (GrpcServerProtocolService.java:onCompleted(145)) - 901bb4f9-d448-4097-b3df-3dc09329cc1b: Completed APPEND_ENTRIES, lastRequest: 35d6043c-a711-468a-a34c-4c4022ea36e3->901bb4f9-d448-4097-b3df-3dc09329cc1b#1-t4,previous=(t:0, i:0),leaderCommit=0,initializing? true,entries: size=1, first=(t:4, i:0), CONFIGURATIONENTRY(current:id: "901bb4f9-d448-4097-b3df-3dc09329cc1b"
address: "10.1.0.59:35703"
clientAddress: "10.1.0.59:35703"
adminAddress: "10.1.0.59:35703"
startupRole: FOLLOWER
,id: "35d6043c-a711-468a-a34c-4c4022ea36e3"
address: "10.1.0.59:46313"
priority: 1
clientAddress: "10.1.0.59:46313"
adminAddress: "10.1.0.59:46313"
startupRole: FOLLOWER
,id: "26c35b0c-04d0-419a-bd9f-9a0c5cb2698b"
address: "10.1.0.59:38927"
clientAddress: "10.1.0.59:38927"
adminAddress: "10.1.0.59:38927"
startupRole: FOLLOWER
, old:)
2022-11-10 07:15:28,468 [grpc-default-executor-5] INFO  server.GrpcLogAppender (GrpcLogAppender.java:onCompleted(415)) - 35d6043c-a711-468a-a34c-4c4022ea36e3@group-EE387B4BAA71->26c35b0c-04d0-419a-bd9f-9a0c5cb2698b-AppendLogResponseHandler: follower responses appendEntries COMPLETED
2022-11-10 07:15:28,468 [grpc-default-executor-5] INFO  leader.FollowerInfo (FollowerInfoImpl.java:lambda$new$0(48)) - 35d6043c-a711-468a-a34c-4c4022ea36e3@group-EE387B4BAA71->26c35b0c-04d0-419a-bd9f-9a0c5cb2698b: nextIndex: updateUnconditionally 1 -> 0
2022-11-10 07:15:28,468 [grpc-default-executor-4] INFO  server.GrpcLogAppender (GrpcLogAppender.java:onCompleted(415)) - 35d6043c-a711-468a-a34c-4c4022ea36e3@group-EE387B4BAA71->901bb4f9-d448-4097-b3df-3dc09329cc1b-AppendLogResponseHandler: follower responses appendEntries COMPLETED
2022-11-10 07:15:28,468 [grpc-default-executor-4] WARN  server.GrpcLogAppender (GrpcLogAppender.java:resetClient(137)) - 35d6043c-a711-468a-a34c-4c4022ea36e3@group-EE387B4BAA71->901bb4f9-d448-4097-b3df-3dc09329cc1b-GrpcLogAppender: Failed to getClient for 901bb4f9-d448-4097-b3df-3dc09329cc1b
org.apache.ratis.protocol.exceptions.AlreadyClosedException: 35d6043c-a711-468a-a34c-4c4022ea36e3 is already CLOSED
	at org.apache.ratis.util.PeerProxyMap$PeerAndProxy.getProxy(PeerProxyMap.java:61)
	at org.apache.ratis.util.PeerProxyMap.getProxy(PeerProxyMap.java:115)
	at org.apache.ratis.grpc.server.GrpcLogAppender.getClient(GrpcLogAppender.java:116)
	at org.apache.ratis.grpc.server.GrpcLogAppender.resetClient(GrpcLogAppender.java:121)
	at org.apache.ratis.grpc.server.GrpcLogAppender.access$500(GrpcLogAppender.java:58)
	at org.apache.ratis.grpc.server.GrpcLogAppender$AppendLogResponseHandler.onCompleted(GrpcLogAppender.java:416)
	at org.apache.ratis.thirdparty.io.grpc.stub.ClientCalls$StreamObserverToCallListenerAdapter.onClose(ClientCalls.java:485)
	at org.apache.ratis.thirdparty.io.grpc.internal.ClientCallImpl.closeObserver(ClientCallImpl.java:562)
	at org.apache.ratis.thirdparty.io.grpc.internal.ClientCallImpl.access$300(ClientCallImpl.java:70)
	at org.apache.ratis.thirdparty.io.grpc.internal.ClientCallImpl$ClientStreamListenerImpl$1StreamClosed.runInternal(ClientCallImpl.java:743)
	at org.apache.ratis.thirdparty.io.grpc.internal.ClientCallImpl$ClientStreamListenerImpl$1StreamClosed.runInContext(ClientCallImpl.java:722)
	at org.apache.ratis.thirdparty.io.grpc.internal.ContextRunnable.run(ContextRunnable.java:37)
	at org.apache.ratis.thirdparty.io.grpc.internal.SerializingExecutor.run(SerializingExecutor.java:133)
	at java.util.concurrent.ThreadPoolExecutor.runWorker(ThreadPoolExecutor.java:1149)
	at java.util.concurrent.ThreadPoolExecutor$Worker.run(ThreadPoolExecutor.java:624)
	at java.lang.Thread.run(Thread.java:750)
2022-11-10 07:15:28,470 [ForkJoinPool.commonPool-worker-0] INFO  server.GrpcServerProtocolClient (GrpcServerProtocolClient.java:close(111)) - 26c35b0c-04d0-419a-bd9f-9a0c5cb2698b Close channels
2022-11-10 07:15:28,470 [Listener at 127.0.0.1/32813] INFO  server.GrpcService (GrpcService.java:closeImpl(288)) - 73d758c7-6b76-4e6e-a3d3-7696fd8c55bd: shutdown server GrpcServerProtocolService successfully
2022-11-10 07:15:28,471 [JvmPauseMonitor4] INFO  util.JvmPauseMonitor (JvmPauseMonitor.java:run(111)) - JvmPauseMonitor-73d758c7-6b76-4e6e-a3d3-7696fd8c55bd: Stopped
2022-11-10 07:15:28,475 [grpc-default-executor-4] INFO  server.GrpcLogAppender (GrpcLogAppender.java:onCompleted(415)) - 35d6043c-a711-468a-a34c-4c4022ea36e3@group-EE387B4BAA71->26c35b0c-04d0-419a-bd9f-9a0c5cb2698b-AppendLogResponseHandler: follower responses appendEntries COMPLETED
2022-11-10 07:15:28,475 [grpc-default-executor-4] WARN  server.GrpcLogAppender (GrpcLogAppender.java:resetClient(137)) - 35d6043c-a711-468a-a34c-4c4022ea36e3@group-EE387B4BAA71->26c35b0c-04d0-419a-bd9f-9a0c5cb2698b-GrpcLogAppender: Failed to getClient for 26c35b0c-04d0-419a-bd9f-9a0c5cb2698b
org.apache.ratis.protocol.exceptions.AlreadyClosedException: 35d6043c-a711-468a-a34c-4c4022ea36e3 is already CLOSED
	at org.apache.ratis.util.PeerProxyMap$PeerAndProxy.getProxy(PeerProxyMap.java:61)
	at org.apache.ratis.util.PeerProxyMap.getProxy(PeerProxyMap.java:115)
	at org.apache.ratis.grpc.server.GrpcLogAppender.getClient(GrpcLogAppender.java:116)
	at org.apache.ratis.grpc.server.GrpcLogAppender.resetClient(GrpcLogAppender.java:121)
	at org.apache.ratis.grpc.server.GrpcLogAppender.access$500(GrpcLogAppender.java:58)
	at org.apache.ratis.grpc.server.GrpcLogAppender$AppendLogResponseHandler.onCompleted(GrpcLogAppender.java:416)
	at org.apache.ratis.thirdparty.io.grpc.stub.ClientCalls$StreamObserverToCallListenerAdapter.onClose(ClientCalls.java:485)
	at org.apache.ratis.thirdparty.io.grpc.internal.ClientCallImpl.closeObserver(ClientCallImpl.java:562)
	at org.apache.ratis.thirdparty.io.grpc.internal.ClientCallImpl.access$300(ClientCallImpl.java:70)
	at org.apache.ratis.thirdparty.io.grpc.internal.ClientCallImpl$ClientStreamListenerImpl$1StreamClosed.runInternal(ClientCallImpl.java:743)
	at org.apache.ratis.thirdparty.io.grpc.internal.ClientCallImpl$ClientStreamListenerImpl$1StreamClosed.runInContext(ClientCallImpl.java:722)
	at org.apache.ratis.thirdparty.io.grpc.internal.ContextRunnable.run(ContextRunnable.java:37)
	at org.apache.ratis.thirdparty.io.grpc.internal.SerializingExecutor.run(SerializingExecutor.java:133)
	at java.util.concurrent.ThreadPoolExecutor.runWorker(ThreadPoolExecutor.java:1149)
	at java.util.concurrent.ThreadPoolExecutor$Worker.run(ThreadPoolExecutor.java:624)
	at java.lang.Thread.run(Thread.java:750)
2022-11-10 07:15:28,475 [ForkJoinPool.commonPool-worker-0] INFO  server.GrpcService (GrpcService.java:closeImpl(288)) - 35d6043c-a711-468a-a34c-4c4022ea36e3: shutdown server GrpcServerProtocolService successfully
2022-11-10 07:15:28,476 [JvmPauseMonitor2] INFO  util.JvmPauseMonitor (JvmPauseMonitor.java:run(111)) - JvmPauseMonitor-35d6043c-a711-468a-a34c-4c4022ea36e3: Stopped
2022-11-10 07:15:30,512 [ForkJoinPool.commonPool-worker-0] INFO  volume.HddsVolume (HddsVolume.java:closeDbStore(338)) - SchemaV3 db is stopped at /home/runner/work/ozone/ozone/hadoop-ozone/integration-test/target/test-dir/MiniOzoneClusterImpl-d14c70f5-e14b-41c6-a13f-e3ca6c51505f/datanode-1/data-0/containers/hdds/d14c70f5-e14b-41c6-a13f-e3ca6c51505f/DS-949c8d0f-8ab5-4f11-9ea9-353990432570/container.db for volume DS-949c8d0f-8ab5-4f11-9ea9-353990432570
2022-11-10 07:15:30,513 [ForkJoinPool.commonPool-worker-0] INFO  utils.BackgroundService (BackgroundService.java:shutdown(141)) - Shutting down service BlockDeletingService
2022-11-10 07:15:30,513 [ForkJoinPool.commonPool-worker-0] INFO  utils.BackgroundService (BackgroundService.java:shutdown(141)) - Shutting down service StaleRecoveringContainerScrubbingService
2022-11-10 07:15:30,514 [Listener at 127.0.0.1/32813] INFO  volume.HddsVolume (HddsVolume.java:closeDbStore(338)) - SchemaV3 db is stopped at /home/runner/work/ozone/ozone/hadoop-ozone/integration-test/target/test-dir/MiniOzoneClusterImpl-d14c70f5-e14b-41c6-a13f-e3ca6c51505f/datanode-3/data-0/containers/hdds/d14c70f5-e14b-41c6-a13f-e3ca6c51505f/DS-14287742-9209-48dc-9f4d-59267ebec3e0/container.db for volume DS-14287742-9209-48dc-9f4d-59267ebec3e0
2022-11-10 07:15:30,515 [Listener at 127.0.0.1/32813] INFO  utils.BackgroundService (BackgroundService.java:shutdown(141)) - Shutting down service BlockDeletingService
2022-11-10 07:15:30,516 [ForkJoinPool.commonPool-worker-0] INFO  statemachine.DatanodeStateMachine (DatanodeStateMachine.java:stopDaemon(593)) - Ozone container server stopped.
2022-11-10 07:15:30,523 [Listener at 127.0.0.1/32813] INFO  utils.BackgroundService (BackgroundService.java:shutdown(141)) - Shutting down service StaleRecoveringContainerScrubbingService
2022-11-10 07:15:30,529 [Listener at 127.0.0.1/32813] INFO  statemachine.DatanodeStateMachine (DatanodeStateMachine.java:stopDaemon(593)) - Ozone container server stopped.
2022-11-10 07:15:30,531 [ForkJoinPool.commonPool-worker-0] INFO  handler.ContextHandler (ContextHandler.java:doStop(1159)) - Stopped o.e.j.w.WebAppContext@2f88c81a{hddsDatanode,/,null,STOPPED}{jar:file:/home/runner/.m2/repository/org/apache/ozone/hdds-container-service/1.3.0-SNAPSHOT/hdds-container-service-1.3.0-SNAPSHOT.jar!/webapps/hddsDatanode}
2022-11-10 07:15:30,532 [ForkJoinPool.commonPool-worker-0] INFO  server.AbstractConnector (AbstractConnector.java:doStop(383)) - Stopped ServerConnector@79f127e{HTTP/1.1, (http/1.1)}{0.0.0.0:0}
2022-11-10 07:15:30,532 [ForkJoinPool.commonPool-worker-0] INFO  server.session (HouseKeeper.java:stopScavenging(149)) - node0 Stopped scavenging
2022-11-10 07:15:30,534 [ForkJoinPool.commonPool-worker-0] INFO  handler.ContextHandler (ContextHandler.java:doStop(1159)) - Stopped o.e.j.s.ServletContextHandler@65a288e7{static,/static,jar:file:/home/runner/.m2/repository/org/apache/ozone/hdds-container-service/1.3.0-SNAPSHOT/hdds-container-service-1.3.0-SNAPSHOT.jar!/webapps/static,STOPPED}
2022-11-10 07:15:30,535 [ForkJoinPool.commonPool-worker-0] INFO  handler.ContextHandler (ContextHandler.java:doStop(1159)) - Stopped o.e.j.s.ServletContextHandler@782c927d{logs,/logs,file:///home/runner/work/ozone/ozone/hadoop-ozone/integration-test/target/log,STOPPED}
2022-11-10 07:15:30,539 [ForkJoinPool.commonPool-worker-0] INFO  ozoneimpl.OzoneContainer (OzoneContainer.java:stop(400)) - Attempting to stop container services.
2022-11-10 07:15:30,539 [ForkJoinPool.commonPool-worker-0] INFO  server.RaftServer (RaftServerProxy.java:lambda$close$6(409)) - 901bb4f9-d448-4097-b3df-3dc09329cc1b: close
2022-11-10 07:15:30,543 [901bb4f9-d448-4097-b3df-3dc09329cc1b-impl-thread2] INFO  server.RaftServer$Division (RaftServerImpl.java:lambda$close$4(458)) - 901bb4f9-d448-4097-b3df-3dc09329cc1b@group-3CEFCACDB394: shutdown
2022-11-10 07:15:30,543 [901bb4f9-d448-4097-b3df-3dc09329cc1b-impl-thread2] INFO  util.JmxRegister (JmxRegister.java:unregister(73)) - Successfully un-registered JMX Bean with object name Ratis:service=RaftServer,group=group-3CEFCACDB394,id=901bb4f9-d448-4097-b3df-3dc09329cc1b
2022-11-10 07:15:30,543 [901bb4f9-d448-4097-b3df-3dc09329cc1b-impl-thread2] INFO  impl.RoleInfo (RoleInfo.java:shutdownLeaderState(93)) - 901bb4f9-d448-4097-b3df-3dc09329cc1b: shutdown 901bb4f9-d448-4097-b3df-3dc09329cc1b@group-3CEFCACDB394-LeaderStateImpl
2022-11-10 07:15:30,543 [901bb4f9-d448-4097-b3df-3dc09329cc1b-impl-thread3] INFO  server.RaftServer$Division (RaftServerImpl.java:lambda$close$4(458)) - 901bb4f9-d448-4097-b3df-3dc09329cc1b@group-EE387B4BAA71: shutdown
2022-11-10 07:15:30,543 [ForkJoinPool.commonPool-worker-0] INFO  server.GrpcService (GrpcService.java:closeImpl(279)) - 901bb4f9-d448-4097-b3df-3dc09329cc1b: shutdown server GrpcServerProtocolService now
2022-11-10 07:15:30,543 [Listener at 127.0.0.1/32813] INFO  handler.ContextHandler (ContextHandler.java:doStop(1159)) - Stopped o.e.j.w.WebAppContext@29c7a145{hddsDatanode,/,null,STOPPED}{jar:file:/home/runner/.m2/repository/org/apache/ozone/hdds-container-service/1.3.0-SNAPSHOT/hdds-container-service-1.3.0-SNAPSHOT.jar!/webapps/hddsDatanode}
2022-11-10 07:15:30,545 [901bb4f9-d448-4097-b3df-3dc09329cc1b-impl-thread2] INFO  impl.PendingRequests (PendingRequests.java:sendNotLeaderResponses(282)) - 901bb4f9-d448-4097-b3df-3dc09329cc1b@group-3CEFCACDB394-PendingRequests: sendNotLeaderResponses
2022-11-10 07:15:30,546 [ForkJoinPool.commonPool-worker-0] INFO  server.GrpcServerProtocolClient (GrpcServerProtocolClient.java:close(111)) - 35d6043c-a711-468a-a34c-4c4022ea36e3 Close channels
2022-11-10 07:15:30,547 [Listener at 127.0.0.1/32813] INFO  server.AbstractConnector (AbstractConnector.java:doStop(383)) - Stopped ServerConnector@37ab2edc{HTTP/1.1, (http/1.1)}{0.0.0.0:0}
2022-11-10 07:15:30,548 [Listener at 127.0.0.1/32813] INFO  server.session (HouseKeeper.java:stopScavenging(149)) - node0 Stopped scavenging
2022-11-10 07:15:30,549 [Listener at 127.0.0.1/32813] INFO  handler.ContextHandler (ContextHandler.java:doStop(1159)) - Stopped o.e.j.s.ServletContextHandler@145b522b{static,/static,jar:file:/home/runner/.m2/repository/org/apache/ozone/hdds-container-service/1.3.0-SNAPSHOT/hdds-container-service-1.3.0-SNAPSHOT.jar!/webapps/static,STOPPED}
2022-11-10 07:15:30,549 [Listener at 127.0.0.1/32813] INFO  handler.ContextHandler (ContextHandler.java:doStop(1159)) - Stopped o.e.j.s.ServletContextHandler@671d19c8{logs,/logs,file:///home/runner/work/ozone/ozone/hadoop-ozone/integration-test/target/log,STOPPED}
2022-11-10 07:15:30,547 [ForkJoinPool.commonPool-worker-0] INFO  server.GrpcServerProtocolClient (GrpcServerProtocolClient.java:close(111)) - 26c35b0c-04d0-419a-bd9f-9a0c5cb2698b Close channels
2022-11-10 07:15:30,551 [ForkJoinPool.commonPool-worker-0] INFO  server.GrpcService (GrpcService.java:closeImpl(288)) - 901bb4f9-d448-4097-b3df-3dc09329cc1b: shutdown server GrpcServerProtocolService successfully
2022-11-10 07:15:30,552 [901bb4f9-d448-4097-b3df-3dc09329cc1b-impl-thread3] INFO  util.JmxRegister (JmxRegister.java:unregister(73)) - Successfully un-registered JMX Bean with object name Ratis:service=RaftServer,group=group-EE387B4BAA71,id=901bb4f9-d448-4097-b3df-3dc09329cc1b
2022-11-10 07:15:30,552 [901bb4f9-d448-4097-b3df-3dc09329cc1b-impl-thread3] INFO  impl.RoleInfo (RoleInfo.java:shutdownFollowerState(110)) - 901bb4f9-d448-4097-b3df-3dc09329cc1b: shutdown 901bb4f9-d448-4097-b3df-3dc09329cc1b@group-EE387B4BAA71-FollowerState
2022-11-10 07:15:30,553 [901bb4f9-d448-4097-b3df-3dc09329cc1b@group-EE387B4BAA71-FollowerState] INFO  impl.FollowerState (FollowerState.java:run(152)) - 901bb4f9-d448-4097-b3df-3dc09329cc1b@group-EE387B4BAA71-FollowerState was interrupted
2022-11-10 07:15:30,553 [901bb4f9-d448-4097-b3df-3dc09329cc1b-impl-thread3] INFO  impl.StateMachineUpdater (StateMachineUpdater.java:stopAndJoin(153)) - 901bb4f9-d448-4097-b3df-3dc09329cc1b@group-EE387B4BAA71-StateMachineUpdater: set stopIndex = 0
2022-11-10 07:15:30,553 [Listener at 127.0.0.1/32813] INFO  ozoneimpl.OzoneContainer (OzoneContainer.java:stop(400)) - Attempting to stop container services.
2022-11-10 07:15:30,553 [901bb4f9-d448-4097-b3df-3dc09329cc1b@group-EE387B4BAA71-StateMachineUpdater] INFO  ratis.ContainerStateMachine (ContainerStateMachine.java:takeSnapshot(304)) - group-EE387B4BAA71: Taking a snapshot at:(t:4, i:0) file /home/runner/work/ozone/ozone/hadoop-ozone/integration-test/target/test-dir/MiniOzoneClusterImpl-d14c70f5-e14b-41c6-a13f-e3ca6c51505f/datanode-2/data/ratis/c2d1ab89-0d38-495e-98d5-ee387b4baa71/sm/snapshot.4_0
2022-11-10 07:15:30,555 [Listener at 127.0.0.1/32813] INFO  server.RaftServer (RaftServerProxy.java:lambda$close$6(409)) - 18b389ac-e92e-45af-bb8d-005344dac216: close
2022-11-10 07:15:30,556 [901bb4f9-d448-4097-b3df-3dc09329cc1b@group-3CEFCACDB394-StateMachineUpdater] INFO  ratis.ContainerStateMachine (ContainerStateMachine.java:takeSnapshot(304)) - group-3CEFCACDB394: Taking a snapshot at:(t:1, i:0) file /home/runner/work/ozone/ozone/hadoop-ozone/integration-test/target/test-dir/MiniOzoneClusterImpl-d14c70f5-e14b-41c6-a13f-e3ca6c51505f/datanode-2/data/ratis/8afddcaf-4c4d-4837-b84c-3cefcacdb394/sm/snapshot.1_0
2022-11-10 07:15:30,556 [901bb4f9-d448-4097-b3df-3dc09329cc1b-impl-thread2] INFO  impl.StateMachineUpdater (StateMachineUpdater.java:stopAndJoin(153)) - 901bb4f9-d448-4097-b3df-3dc09329cc1b@group-3CEFCACDB394-StateMachineUpdater: set stopIndex = 0
2022-11-10 07:15:30,556 [Listener at 127.0.0.1/32813] INFO  server.GrpcService (GrpcService.java:closeImpl(279)) - 18b389ac-e92e-45af-bb8d-005344dac216: shutdown server GrpcServerProtocolService now
2022-11-10 07:15:30,556 [18b389ac-e92e-45af-bb8d-005344dac216-impl-thread2] INFO  server.RaftServer$Division (RaftServerImpl.java:lambda$close$4(458)) - 18b389ac-e92e-45af-bb8d-005344dac216@group-A327250958FE: shutdown
2022-11-10 07:15:30,563 [18b389ac-e92e-45af-bb8d-005344dac216-impl-thread2] INFO  util.JmxRegister (JmxRegister.java:unregister(73)) - Successfully un-registered JMX Bean with object name Ratis:service=RaftServer,group=group-A327250958FE,id=18b389ac-e92e-45af-bb8d-005344dac216
2022-11-10 07:15:30,563 [18b389ac-e92e-45af-bb8d-005344dac216-impl-thread2] INFO  impl.RoleInfo (RoleInfo.java:shutdownLeaderState(93)) - 18b389ac-e92e-45af-bb8d-005344dac216: shutdown 18b389ac-e92e-45af-bb8d-005344dac216@group-A327250958FE-LeaderStateImpl
2022-11-10 07:15:30,563 [18b389ac-e92e-45af-bb8d-005344dac216-impl-thread2] INFO  impl.PendingRequests (PendingRequests.java:sendNotLeaderResponses(282)) - 18b389ac-e92e-45af-bb8d-005344dac216@group-A327250958FE-PendingRequests: sendNotLeaderResponses
2022-11-10 07:15:30,563 [901bb4f9-d448-4097-b3df-3dc09329cc1b@group-EE387B4BAA71-StateMachineUpdater] INFO  ratis.ContainerStateMachine (ContainerStateMachine.java:takeSnapshot(315)) - group-EE387B4BAA71: Finished taking a snapshot at:(t:4, i:0) file:/home/runner/work/ozone/ozone/hadoop-ozone/integration-test/target/test-dir/MiniOzoneClusterImpl-d14c70f5-e14b-41c6-a13f-e3ca6c51505f/datanode-2/data/ratis/c2d1ab89-0d38-495e-98d5-ee387b4baa71/sm/snapshot.4_0 took: 10 ms
2022-11-10 07:15:30,564 [18b389ac-e92e-45af-bb8d-005344dac216-impl-thread3] INFO  server.RaftServer$Division (RaftServerImpl.java:lambda$close$4(458)) - 18b389ac-e92e-45af-bb8d-005344dac216@group-841363C15B84: shutdown
2022-11-10 07:15:30,564 [901bb4f9-d448-4097-b3df-3dc09329cc1b@group-EE387B4BAA71-StateMachineUpdater] INFO  impl.StateMachineUpdater (StateMachineUpdater.java:takeSnapshot(287)) - 901bb4f9-d448-4097-b3df-3dc09329cc1b@group-EE387B4BAA71-StateMachineUpdater: Took a snapshot at index 0
2022-11-10 07:15:30,564 [Listener at 127.0.0.1/32813] INFO  server.GrpcServerProtocolClient (GrpcServerProtocolClient.java:close(111)) - b01711c8-04b4-47a5-9bab-72c84cf7bb6a Close channels
2022-11-10 07:15:30,564 [901bb4f9-d448-4097-b3df-3dc09329cc1b@group-EE387B4BAA71-StateMachineUpdater] INFO  impl.StateMachineUpdater (StateMachineUpdater.java:lambda$new$0(92)) - 901bb4f9-d448-4097-b3df-3dc09329cc1b@group-EE387B4BAA71-StateMachineUpdater: snapshotIndex: updateIncreasingly -1 -> 0
2022-11-10 07:15:30,565 [901bb4f9-d448-4097-b3df-3dc09329cc1b-impl-thread3] INFO  server.RaftServer$Division (ServerState.java:close(466)) - 901bb4f9-d448-4097-b3df-3dc09329cc1b@group-EE387B4BAA71: closes. applyIndex: 0
2022-11-10 07:15:30,565 [901bb4f9-d448-4097-b3df-3dc09329cc1b@group-EE387B4BAA71-SegmentedRaftLogWorker] INFO  segmented.SegmentedRaftLogWorker (SegmentedRaftLogWorker.java:run(345)) - 901bb4f9-d448-4097-b3df-3dc09329cc1b@group-EE387B4BAA71-SegmentedRaftLogWorker was interrupted, exiting. There are 0 tasks remaining in the queue.
2022-11-10 07:15:30,566 [901bb4f9-d448-4097-b3df-3dc09329cc1b-impl-thread3] INFO  segmented.SegmentedRaftLogWorker (SegmentedRaftLogWorker.java:close(255)) - 901bb4f9-d448-4097-b3df-3dc09329cc1b@group-EE387B4BAA71-SegmentedRaftLogWorker close()
2022-11-10 07:15:30,564 [18b389ac-e92e-45af-bb8d-005344dac216-impl-thread2] INFO  impl.StateMachineUpdater (StateMachineUpdater.java:stopAndJoin(153)) - 18b389ac-e92e-45af-bb8d-005344dac216@group-A327250958FE-StateMachineUpdater: set stopIndex = 0
2022-11-10 07:15:30,564 [18b389ac-e92e-45af-bb8d-005344dac216@group-A327250958FE-StateMachineUpdater] INFO  ratis.ContainerStateMachine (ContainerStateMachine.java:takeSnapshot(304)) - group-A327250958FE: Taking a snapshot at:(t:1, i:0) file /home/runner/work/ozone/ozone/hadoop-ozone/integration-test/target/test-dir/MiniOzoneClusterImpl-d14c70f5-e14b-41c6-a13f-e3ca6c51505f/datanode-5/data/ratis/0880ca8a-1e35-4e0e-99b3-a327250958fe/sm/snapshot.1_0
2022-11-10 07:15:30,564 [901bb4f9-d448-4097-b3df-3dc09329cc1b@group-3CEFCACDB394-StateMachineUpdater] INFO  ratis.ContainerStateMachine (ContainerStateMachine.java:takeSnapshot(315)) - group-3CEFCACDB394: Finished taking a snapshot at:(t:1, i:0) file:/home/runner/work/ozone/ozone/hadoop-ozone/integration-test/target/test-dir/MiniOzoneClusterImpl-d14c70f5-e14b-41c6-a13f-e3ca6c51505f/datanode-2/data/ratis/8afddcaf-4c4d-4837-b84c-3cefcacdb394/sm/snapshot.1_0 took: 9 ms
2022-11-10 07:15:30,570 [901bb4f9-d448-4097-b3df-3dc09329cc1b@group-3CEFCACDB394-StateMachineUpdater] INFO  impl.StateMachineUpdater (StateMachineUpdater.java:takeSnapshot(287)) - 901bb4f9-d448-4097-b3df-3dc09329cc1b@group-3CEFCACDB394-StateMachineUpdater: Took a snapshot at index 0
2022-11-10 07:15:30,570 [901bb4f9-d448-4097-b3df-3dc09329cc1b@group-3CEFCACDB394-StateMachineUpdater] INFO  impl.StateMachineUpdater (StateMachineUpdater.java:lambda$new$0(92)) - 901bb4f9-d448-4097-b3df-3dc09329cc1b@group-3CEFCACDB394-StateMachineUpdater: snapshotIndex: updateIncreasingly -1 -> 0
2022-11-10 07:15:30,570 [901bb4f9-d448-4097-b3df-3dc09329cc1b-impl-thread2] INFO  server.RaftServer$Division (ServerState.java:close(466)) - 901bb4f9-d448-4097-b3df-3dc09329cc1b@group-3CEFCACDB394: closes. applyIndex: 0
2022-11-10 07:15:30,570 [18b389ac-e92e-45af-bb8d-005344dac216@group-A327250958FE-StateMachineUpdater] INFO  ratis.ContainerStateMachine (ContainerStateMachine.java:takeSnapshot(315)) - group-A327250958FE: Finished taking a snapshot at:(t:1, i:0) file:/home/runner/work/ozone/ozone/hadoop-ozone/integration-test/target/test-dir/MiniOzoneClusterImpl-d14c70f5-e14b-41c6-a13f-e3ca6c51505f/datanode-5/data/ratis/0880ca8a-1e35-4e0e-99b3-a327250958fe/sm/snapshot.1_0 took: 6 ms
2022-11-10 07:15:30,570 [18b389ac-e92e-45af-bb8d-005344dac216@group-A327250958FE-StateMachineUpdater] INFO  impl.StateMachineUpdater (StateMachineUpdater.java:takeSnapshot(287)) - 18b389ac-e92e-45af-bb8d-005344dac216@group-A327250958FE-StateMachineUpdater: Took a snapshot at index 0
2022-11-10 07:15:30,570 [18b389ac-e92e-45af-bb8d-005344dac216@group-A327250958FE-StateMachineUpdater] INFO  impl.StateMachineUpdater (StateMachineUpdater.java:lambda$new$0(92)) - 18b389ac-e92e-45af-bb8d-005344dac216@group-A327250958FE-StateMachineUpdater: snapshotIndex: updateIncreasingly -1 -> 0
2022-11-10 07:15:30,571 [901bb4f9-d448-4097-b3df-3dc09329cc1b@group-3CEFCACDB394-SegmentedRaftLogWorker] INFO  segmented.SegmentedRaftLogWorker (SegmentedRaftLogWorker.java:run(345)) - 901bb4f9-d448-4097-b3df-3dc09329cc1b@group-3CEFCACDB394-SegmentedRaftLogWorker was interrupted, exiting. There are 0 tasks remaining in the queue.
2022-11-10 07:15:30,571 [18b389ac-e92e-45af-bb8d-005344dac216-impl-thread2] INFO  server.RaftServer$Division (ServerState.java:close(466)) - 18b389ac-e92e-45af-bb8d-005344dac216@group-A327250958FE: closes. applyIndex: 0
2022-11-10 07:15:30,571 [901bb4f9-d448-4097-b3df-3dc09329cc1b-impl-thread2] INFO  segmented.SegmentedRaftLogWorker (SegmentedRaftLogWorker.java:close(255)) - 901bb4f9-d448-4097-b3df-3dc09329cc1b@group-3CEFCACDB394-SegmentedRaftLogWorker close()
2022-11-10 07:15:30,571 [18b389ac-e92e-45af-bb8d-005344dac216@group-A327250958FE-SegmentedRaftLogWorker] INFO  segmented.SegmentedRaftLogWorker (SegmentedRaftLogWorker.java:run(345)) - 18b389ac-e92e-45af-bb8d-005344dac216@group-A327250958FE-SegmentedRaftLogWorker was interrupted, exiting. There are 0 tasks remaining in the queue.
2022-11-10 07:15:30,571 [18b389ac-e92e-45af-bb8d-005344dac216-impl-thread2] INFO  segmented.SegmentedRaftLogWorker (SegmentedRaftLogWorker.java:close(255)) - 18b389ac-e92e-45af-bb8d-005344dac216@group-A327250958FE-SegmentedRaftLogWorker close()
2022-11-10 07:15:30,583 [Listener at 127.0.0.1/32813] INFO  server.GrpcServerProtocolClient (GrpcServerProtocolClient.java:close(111)) - 73d758c7-6b76-4e6e-a3d3-7696fd8c55bd Close channels
2022-11-10 07:15:30,583 [18b389ac-e92e-45af-bb8d-005344dac216-impl-thread3] INFO  util.JmxRegister (JmxRegister.java:unregister(73)) - Successfully un-registered JMX Bean with object name Ratis:service=RaftServer,group=group-841363C15B84,id=18b389ac-e92e-45af-bb8d-005344dac216
2022-11-10 07:15:30,584 [18b389ac-e92e-45af-bb8d-005344dac216-impl-thread3] INFO  impl.RoleInfo (RoleInfo.java:shutdownFollowerState(110)) - 18b389ac-e92e-45af-bb8d-005344dac216: shutdown 18b389ac-e92e-45af-bb8d-005344dac216@group-841363C15B84-FollowerState
2022-11-10 07:15:30,584 [Listener at 127.0.0.1/32813] INFO  server.GrpcService (GrpcService.java:closeImpl(288)) - 18b389ac-e92e-45af-bb8d-005344dac216: shutdown server GrpcServerProtocolService successfully
2022-11-10 07:15:30,584 [18b389ac-e92e-45af-bb8d-005344dac216@group-841363C15B84-FollowerState] INFO  impl.FollowerState (FollowerState.java:run(152)) - 18b389ac-e92e-45af-bb8d-005344dac216@group-841363C15B84-FollowerState was interrupted
2022-11-10 07:15:30,584 [18b389ac-e92e-45af-bb8d-005344dac216-impl-thread3] INFO  impl.StateMachineUpdater (StateMachineUpdater.java:stopAndJoin(153)) - 18b389ac-e92e-45af-bb8d-005344dac216@group-841363C15B84-StateMachineUpdater: set stopIndex = -1
2022-11-10 07:15:30,584 [18b389ac-e92e-45af-bb8d-005344dac216-impl-thread3] INFO  server.RaftServer$Division (ServerState.java:close(466)) - 18b389ac-e92e-45af-bb8d-005344dac216@group-841363C15B84: closes. applyIndex: -1
2022-11-10 07:15:30,584 [18b389ac-e92e-45af-bb8d-005344dac216@group-841363C15B84-SegmentedRaftLogWorker] INFO  segmented.SegmentedRaftLogWorker (SegmentedRaftLogWorker.java:run(345)) - 18b389ac-e92e-45af-bb8d-005344dac216@group-841363C15B84-SegmentedRaftLogWorker was interrupted, exiting. There are 0 tasks remaining in the queue.
2022-11-10 07:15:30,584 [18b389ac-e92e-45af-bb8d-005344dac216-impl-thread3] INFO  segmented.SegmentedRaftLogWorker (SegmentedRaftLogWorker.java:close(255)) - 18b389ac-e92e-45af-bb8d-005344dac216@group-841363C15B84-SegmentedRaftLogWorker close()
2022-11-10 07:15:30,587 [JvmPauseMonitor6] INFO  util.JvmPauseMonitor (JvmPauseMonitor.java:run(111)) - JvmPauseMonitor-18b389ac-e92e-45af-bb8d-005344dac216: Stopped
2022-11-10 07:15:30,588 [JvmPauseMonitor3] INFO  util.JvmPauseMonitor (JvmPauseMonitor.java:run(111)) - JvmPauseMonitor-901bb4f9-d448-4097-b3df-3dc09329cc1b: Stopped
2022-11-10 07:15:30,792 [b01711c8-04b4-47a5-9bab-72c84cf7bb6a@group-841363C15B84-FollowerState] INFO  impl.FollowerState (FollowerState.java:run(143)) - b01711c8-04b4-47a5-9bab-72c84cf7bb6a@group-841363C15B84-FollowerState: change to CANDIDATE, lastRpcElapsedTime:5122741200ns, electionTimeout:5118ms
2022-11-10 07:15:30,792 [b01711c8-04b4-47a5-9bab-72c84cf7bb6a@group-841363C15B84-FollowerState] INFO  impl.RoleInfo (RoleInfo.java:shutdownFollowerState(110)) - b01711c8-04b4-47a5-9bab-72c84cf7bb6a: shutdown b01711c8-04b4-47a5-9bab-72c84cf7bb6a@group-841363C15B84-FollowerState
2022-11-10 07:15:30,793 [b01711c8-04b4-47a5-9bab-72c84cf7bb6a@group-841363C15B84-FollowerState] INFO  server.RaftServer$Division (RaftServerImpl.java:setRole(321)) - b01711c8-04b4-47a5-9bab-72c84cf7bb6a@group-841363C15B84: changes role from  FOLLOWER to CANDIDATE at term 13 for changeToCandidate
2022-11-10 07:15:30,793 [b01711c8-04b4-47a5-9bab-72c84cf7bb6a@group-841363C15B84-FollowerState] INFO  server.RaftServerConfigKeys (ConfUtils.java:logGet(46)) - raft.server.leaderelection.pre-vote = false (custom)
2022-11-10 07:15:30,793 [b01711c8-04b4-47a5-9bab-72c84cf7bb6a@group-841363C15B84-FollowerState] INFO  impl.RoleInfo (RoleInfo.java:updateAndGet(139)) - b01711c8-04b4-47a5-9bab-72c84cf7bb6a: start b01711c8-04b4-47a5-9bab-72c84cf7bb6a@group-841363C15B84-LeaderElection32
2022-11-10 07:15:30,794 [b01711c8-04b4-47a5-9bab-72c84cf7bb6a@group-841363C15B84-LeaderElection32] INFO  impl.LeaderElection (LeaderElection.java:askForVotes(312)) - b01711c8-04b4-47a5-9bab-72c84cf7bb6a@group-841363C15B84-LeaderElection32 ELECTION round 0: submit vote requests at term 14 for -1: peers:[b01711c8-04b4-47a5-9bab-72c84cf7bb6a|rpc:10.1.0.59:44509|dataStream:|priority:1|startupRole:FOLLOWER, 73d758c7-6b76-4e6e-a3d3-7696fd8c55bd|rpc:10.1.0.59:42647|dataStream:|priority:0|startupRole:FOLLOWER, 18b389ac-e92e-45af-bb8d-005344dac216|rpc:10.1.0.59:39897|dataStream:|priority:0|startupRole:FOLLOWER]|listeners:[], old=null
2022-11-10 07:15:30,795 [b01711c8-04b4-47a5-9bab-72c84cf7bb6a@group-841363C15B84-LeaderElection32] INFO  server.RaftServerConfigKeys (ConfUtils.java:logFallback(53)) - raft.server.rpc.first-election.timeout.min = 5s (fallback to raft.server.rpc.timeout.min)
2022-11-10 07:15:30,795 [b01711c8-04b4-47a5-9bab-72c84cf7bb6a@group-841363C15B84-LeaderElection32] INFO  server.RaftServerConfigKeys (ConfUtils.java:logFallback(53)) - raft.server.rpc.first-election.timeout.max = 5200ms (fallback to raft.server.rpc.timeout.max)
2022-11-10 07:15:30,806 [b01711c8-04b4-47a5-9bab-72c84cf7bb6a@group-841363C15B84-LeaderElection32] INFO  impl.LeaderElection (LogUtils.java:infoOrTrace(137)) - b01711c8-04b4-47a5-9bab-72c84cf7bb6a@group-841363C15B84-LeaderElection32 got exception when requesting votes: java.util.concurrent.ExecutionException: org.apache.ratis.thirdparty.io.grpc.StatusRuntimeException: UNAVAILABLE: io exception
2022-11-10 07:15:30,807 [b01711c8-04b4-47a5-9bab-72c84cf7bb6a@group-841363C15B84-LeaderElection32] INFO  impl.LeaderElection (LogUtils.java:infoOrTrace(137)) - b01711c8-04b4-47a5-9bab-72c84cf7bb6a@group-841363C15B84-LeaderElection32 got exception when requesting votes: java.util.concurrent.ExecutionException: org.apache.ratis.thirdparty.io.grpc.StatusRuntimeException: UNAVAILABLE: io exception
2022-11-10 07:15:30,807 [b01711c8-04b4-47a5-9bab-72c84cf7bb6a@group-841363C15B84-LeaderElection32] INFO  impl.LeaderElection (LeaderElection.java:logAndReturn(90)) - b01711c8-04b4-47a5-9bab-72c84cf7bb6a@group-841363C15B84-LeaderElection32: ELECTION REJECTED received 0 response(s) and 2 exception(s):
2022-11-10 07:15:30,807 [b01711c8-04b4-47a5-9bab-72c84cf7bb6a@group-841363C15B84-LeaderElection32] INFO  impl.LeaderElection (LogUtils.java:infoOrTrace(137)) -   Exception 0: java.util.concurrent.ExecutionException: org.apache.ratis.thirdparty.io.grpc.StatusRuntimeException: UNAVAILABLE: io exception
2022-11-10 07:15:30,807 [b01711c8-04b4-47a5-9bab-72c84cf7bb6a@group-841363C15B84-LeaderElection32] INFO  impl.LeaderElection (LogUtils.java:infoOrTrace(137)) -   Exception 1: java.util.concurrent.ExecutionException: org.apache.ratis.thirdparty.io.grpc.StatusRuntimeException: UNAVAILABLE: io exception
2022-11-10 07:15:30,807 [b01711c8-04b4-47a5-9bab-72c84cf7bb6a@group-841363C15B84-LeaderElection32] INFO  impl.LeaderElection (LeaderElection.java:askForVotes(314)) - b01711c8-04b4-47a5-9bab-72c84cf7bb6a@group-841363C15B84-LeaderElection32 ELECTION round 0: result REJECTED
2022-11-10 07:15:30,807 [b01711c8-04b4-47a5-9bab-72c84cf7bb6a@group-841363C15B84-LeaderElection32] INFO  server.RaftServer$Division (RaftServerImpl.java:setRole(321)) - b01711c8-04b4-47a5-9bab-72c84cf7bb6a@group-841363C15B84: changes role from CANDIDATE to FOLLOWER at term 14 for REJECTED
2022-11-10 07:15:30,807 [b01711c8-04b4-47a5-9bab-72c84cf7bb6a@group-841363C15B84-LeaderElection32] INFO  impl.RoleInfo (RoleInfo.java:shutdownLeaderElection(130)) - b01711c8-04b4-47a5-9bab-72c84cf7bb6a: shutdown b01711c8-04b4-47a5-9bab-72c84cf7bb6a@group-841363C15B84-LeaderElection32
2022-11-10 07:15:30,807 [b01711c8-04b4-47a5-9bab-72c84cf7bb6a@group-841363C15B84-LeaderElection32] INFO  impl.RoleInfo (RoleInfo.java:updateAndGet(139)) - b01711c8-04b4-47a5-9bab-72c84cf7bb6a: start b01711c8-04b4-47a5-9bab-72c84cf7bb6a@group-841363C15B84-FollowerState
2022-11-10 07:15:30,807 [b01711c8-04b4-47a5-9bab-72c84cf7bb6a@group-841363C15B84-FollowerState] INFO  server.RaftServerConfigKeys (ConfUtils.java:logFallback(53)) - raft.server.rpc.first-election.timeout.min = 5s (fallback to raft.server.rpc.timeout.min)
2022-11-10 07:15:30,807 [b01711c8-04b4-47a5-9bab-72c84cf7bb6a@group-841363C15B84-FollowerState] INFO  server.RaftServerConfigKeys (ConfUtils.java:logFallback(53)) - raft.server.rpc.first-election.timeout.max = 5200ms (fallback to raft.server.rpc.timeout.max)
2022-11-10 07:15:32,592 [Listener at 127.0.0.1/32813] INFO  volume.HddsVolume (HddsVolume.java:closeDbStore(338)) - SchemaV3 db is stopped at /home/runner/work/ozone/ozone/hadoop-ozone/integration-test/target/test-dir/MiniOzoneClusterImpl-d14c70f5-e14b-41c6-a13f-e3ca6c51505f/datanode-5/data-0/containers/hdds/d14c70f5-e14b-41c6-a13f-e3ca6c51505f/DS-72b4673e-f67d-4c89-8b62-2f814a146397/container.db for volume DS-72b4673e-f67d-4c89-8b62-2f814a146397
2022-11-10 07:15:32,592 [Listener at 127.0.0.1/32813] INFO  utils.BackgroundService (BackgroundService.java:shutdown(141)) - Shutting down service BlockDeletingService
2022-11-10 07:15:32,595 [Listener at 127.0.0.1/32813] INFO  utils.BackgroundService (BackgroundService.java:shutdown(141)) - Shutting down service StaleRecoveringContainerScrubbingService
2022-11-10 07:15:32,603 [ForkJoinPool.commonPool-worker-0] INFO  volume.HddsVolume (HddsVolume.java:closeDbStore(338)) - SchemaV3 db is stopped at /home/runner/work/ozone/ozone/hadoop-ozone/integration-test/target/test-dir/MiniOzoneClusterImpl-d14c70f5-e14b-41c6-a13f-e3ca6c51505f/datanode-2/data-0/containers/hdds/d14c70f5-e14b-41c6-a13f-e3ca6c51505f/DS-0ca58bf6-4845-4e29-806c-8a44abb79bc6/container.db for volume DS-0ca58bf6-4845-4e29-806c-8a44abb79bc6
2022-11-10 07:15:32,604 [ForkJoinPool.commonPool-worker-0] INFO  utils.BackgroundService (BackgroundService.java:shutdown(141)) - Shutting down service BlockDeletingService
2022-11-10 07:15:32,605 [Listener at 127.0.0.1/32813] INFO  statemachine.DatanodeStateMachine (DatanodeStateMachine.java:stopDaemon(593)) - Ozone container server stopped.
2022-11-10 07:15:32,606 [ForkJoinPool.commonPool-worker-0] INFO  utils.BackgroundService (BackgroundService.java:shutdown(141)) - Shutting down service StaleRecoveringContainerScrubbingService
2022-11-10 07:15:32,610 [ForkJoinPool.commonPool-worker-0] INFO  statemachine.DatanodeStateMachine (DatanodeStateMachine.java:stopDaemon(593)) - Ozone container server stopped.
2022-11-10 07:15:32,624 [Listener at 127.0.0.1/32813] INFO  handler.ContextHandler (ContextHandler.java:doStop(1159)) - Stopped o.e.j.w.WebAppContext@68876a1a{hddsDatanode,/,null,STOPPED}{jar:file:/home/runner/.m2/repository/org/apache/ozone/hdds-container-service/1.3.0-SNAPSHOT/hdds-container-service-1.3.0-SNAPSHOT.jar!/webapps/hddsDatanode}
2022-11-10 07:15:32,624 [ForkJoinPool.commonPool-worker-0] INFO  handler.ContextHandler (ContextHandler.java:doStop(1159)) - Stopped o.e.j.w.WebAppContext@7006e4c6{hddsDatanode,/,null,STOPPED}{jar:file:/home/runner/.m2/repository/org/apache/ozone/hdds-container-service/1.3.0-SNAPSHOT/hdds-container-service-1.3.0-SNAPSHOT.jar!/webapps/hddsDatanode}
2022-11-10 07:15:32,624 [ForkJoinPool.commonPool-worker-0] INFO  server.AbstractConnector (AbstractConnector.java:doStop(383)) - Stopped ServerConnector@607624b7{HTTP/1.1, (http/1.1)}{0.0.0.0:0}
2022-11-10 07:15:32,624 [Listener at 127.0.0.1/32813] INFO  server.AbstractConnector (AbstractConnector.java:doStop(383)) - Stopped ServerConnector@6a05f8d0{HTTP/1.1, (http/1.1)}{0.0.0.0:0}
2022-11-10 07:15:32,624 [ForkJoinPool.commonPool-worker-0] INFO  server.session (HouseKeeper.java:stopScavenging(149)) - node0 Stopped scavenging
2022-11-10 07:15:32,624 [Listener at 127.0.0.1/32813] INFO  server.session (HouseKeeper.java:stopScavenging(149)) - node0 Stopped scavenging
2022-11-10 07:15:32,625 [Listener at 127.0.0.1/32813] INFO  handler.ContextHandler (ContextHandler.java:doStop(1159)) - Stopped o.e.j.s.ServletContextHandler@25240d08{static,/static,jar:file:/home/runner/.m2/repository/org/apache/ozone/hdds-container-service/1.3.0-SNAPSHOT/hdds-container-service-1.3.0-SNAPSHOT.jar!/webapps/static,STOPPED}
2022-11-10 07:15:32,625 [Listener at 127.0.0.1/32813] INFO  handler.ContextHandler (ContextHandler.java:doStop(1159)) - Stopped o.e.j.s.ServletContextHandler@3a6a0909{logs,/logs,file:///home/runner/work/ozone/ozone/hadoop-ozone/integration-test/target/log,STOPPED}
2022-11-10 07:15:32,626 [ForkJoinPool.commonPool-worker-0] INFO  handler.ContextHandler (ContextHandler.java:doStop(1159)) - Stopped o.e.j.s.ServletContextHandler@5ce59857{static,/static,jar:file:/home/runner/.m2/repository/org/apache/ozone/hdds-container-service/1.3.0-SNAPSHOT/hdds-container-service-1.3.0-SNAPSHOT.jar!/webapps/static,STOPPED}
2022-11-10 07:15:32,631 [Listener at 127.0.0.1/32813] INFO  ozoneimpl.OzoneContainer (OzoneContainer.java:stop(400)) - Attempting to stop container services.
2022-11-10 07:15:32,631 [ForkJoinPool.commonPool-worker-0] INFO  handler.ContextHandler (ContextHandler.java:doStop(1159)) - Stopped o.e.j.s.ServletContextHandler@5d6c5267{logs,/logs,file:///home/runner/work/ozone/ozone/hadoop-ozone/integration-test/target/log,STOPPED}
2022-11-10 07:15:32,632 [Listener at 127.0.0.1/32813] INFO  server.RaftServer (RaftServerProxy.java:lambda$close$6(409)) - b01711c8-04b4-47a5-9bab-72c84cf7bb6a: close
2022-11-10 07:15:32,636 [ForkJoinPool.commonPool-worker-0] INFO  ozoneimpl.OzoneContainer (OzoneContainer.java:stop(400)) - Attempting to stop container services.
2022-11-10 07:15:32,637 [b01711c8-04b4-47a5-9bab-72c84cf7bb6a-impl-thread2] INFO  server.RaftServer$Division (RaftServerImpl.java:lambda$close$4(458)) - b01711c8-04b4-47a5-9bab-72c84cf7bb6a@group-841363C15B84: shutdown
2022-11-10 07:15:32,637 [b01711c8-04b4-47a5-9bab-72c84cf7bb6a-impl-thread2] INFO  util.JmxRegister (JmxRegister.java:unregister(73)) - Successfully un-registered JMX Bean with object name Ratis:service=RaftServer,group=group-841363C15B84,id=b01711c8-04b4-47a5-9bab-72c84cf7bb6a
2022-11-10 07:15:32,637 [b01711c8-04b4-47a5-9bab-72c84cf7bb6a-impl-thread2] INFO  impl.RoleInfo (RoleInfo.java:shutdownFollowerState(110)) - b01711c8-04b4-47a5-9bab-72c84cf7bb6a: shutdown b01711c8-04b4-47a5-9bab-72c84cf7bb6a@group-841363C15B84-FollowerState
2022-11-10 07:15:32,637 [b01711c8-04b4-47a5-9bab-72c84cf7bb6a-impl-thread2] INFO  impl.StateMachineUpdater (StateMachineUpdater.java:stopAndJoin(153)) - b01711c8-04b4-47a5-9bab-72c84cf7bb6a@group-841363C15B84-StateMachineUpdater: set stopIndex = -1
2022-11-10 07:15:32,637 [b01711c8-04b4-47a5-9bab-72c84cf7bb6a-impl-thread2] INFO  server.RaftServer$Division (ServerState.java:close(466)) - b01711c8-04b4-47a5-9bab-72c84cf7bb6a@group-841363C15B84: closes. applyIndex: -1
2022-11-10 07:15:32,637 [b01711c8-04b4-47a5-9bab-72c84cf7bb6a@group-841363C15B84-SegmentedRaftLogWorker] INFO  segmented.SegmentedRaftLogWorker (SegmentedRaftLogWorker.java:run(345)) - b01711c8-04b4-47a5-9bab-72c84cf7bb6a@group-841363C15B84-SegmentedRaftLogWorker was interrupted, exiting. There are 0 tasks remaining in the queue.
2022-11-10 07:15:32,637 [b01711c8-04b4-47a5-9bab-72c84cf7bb6a-impl-thread2] INFO  segmented.SegmentedRaftLogWorker (SegmentedRaftLogWorker.java:close(255)) - b01711c8-04b4-47a5-9bab-72c84cf7bb6a@group-841363C15B84-SegmentedRaftLogWorker close()
2022-11-10 07:15:32,639 [ForkJoinPool.commonPool-worker-0] INFO  server.RaftServer (RaftServerProxy.java:lambda$close$6(409)) - 26c35b0c-04d0-419a-bd9f-9a0c5cb2698b: close
2022-11-10 07:15:32,638 [b01711c8-04b4-47a5-9bab-72c84cf7bb6a@group-841363C15B84-FollowerState] INFO  impl.FollowerState (FollowerState.java:run(152)) - b01711c8-04b4-47a5-9bab-72c84cf7bb6a@group-841363C15B84-FollowerState was interrupted
2022-11-10 07:15:32,643 [ForkJoinPool.commonPool-worker-0] INFO  server.GrpcService (GrpcService.java:closeImpl(279)) - 26c35b0c-04d0-419a-bd9f-9a0c5cb2698b: shutdown server GrpcServerProtocolService now
2022-11-10 07:15:32,647 [26c35b0c-04d0-419a-bd9f-9a0c5cb2698b-impl-thread3] INFO  server.RaftServer$Division (RaftServerImpl.java:lambda$close$4(458)) - 26c35b0c-04d0-419a-bd9f-9a0c5cb2698b@group-EE387B4BAA71: shutdown
2022-11-10 07:15:32,647 [b01711c8-04b4-47a5-9bab-72c84cf7bb6a-impl-thread3] INFO  server.RaftServer$Division (RaftServerImpl.java:lambda$close$4(458)) - b01711c8-04b4-47a5-9bab-72c84cf7bb6a@group-B7D1079710A0: shutdown
2022-11-10 07:15:32,647 [b01711c8-04b4-47a5-9bab-72c84cf7bb6a-impl-thread3] INFO  util.JmxRegister (JmxRegister.java:unregister(73)) - Successfully un-registered JMX Bean with object name Ratis:service=RaftServer,group=group-B7D1079710A0,id=b01711c8-04b4-47a5-9bab-72c84cf7bb6a
2022-11-10 07:15:32,648 [b01711c8-04b4-47a5-9bab-72c84cf7bb6a-impl-thread3] INFO  impl.RoleInfo (RoleInfo.java:shutdownLeaderState(93)) - b01711c8-04b4-47a5-9bab-72c84cf7bb6a: shutdown b01711c8-04b4-47a5-9bab-72c84cf7bb6a@group-B7D1079710A0-LeaderStateImpl
2022-11-10 07:15:32,647 [Listener at 127.0.0.1/32813] INFO  server.GrpcService (GrpcService.java:closeImpl(279)) - b01711c8-04b4-47a5-9bab-72c84cf7bb6a: shutdown server GrpcServerProtocolService now
2022-11-10 07:15:32,648 [26c35b0c-04d0-419a-bd9f-9a0c5cb2698b-impl-thread2] INFO  server.RaftServer$Division (RaftServerImpl.java:lambda$close$4(458)) - 26c35b0c-04d0-419a-bd9f-9a0c5cb2698b@group-168BE77AF746: shutdown
2022-11-10 07:15:32,648 [ForkJoinPool.commonPool-worker-0] INFO  server.GrpcServerProtocolClient (GrpcServerProtocolClient.java:close(111)) - 901bb4f9-d448-4097-b3df-3dc09329cc1b Close channels
2022-11-10 07:15:32,648 [26c35b0c-04d0-419a-bd9f-9a0c5cb2698b-impl-thread3] INFO  util.JmxRegister (JmxRegister.java:unregister(73)) - Successfully un-registered JMX Bean with object name Ratis:service=RaftServer,group=group-EE387B4BAA71,id=26c35b0c-04d0-419a-bd9f-9a0c5cb2698b
2022-11-10 07:15:32,650 [26c35b0c-04d0-419a-bd9f-9a0c5cb2698b-impl-thread3] INFO  impl.RoleInfo (RoleInfo.java:shutdownFollowerState(110)) - 26c35b0c-04d0-419a-bd9f-9a0c5cb2698b: shutdown 26c35b0c-04d0-419a-bd9f-9a0c5cb2698b@group-EE387B4BAA71-FollowerState
2022-11-10 07:15:32,650 [26c35b0c-04d0-419a-bd9f-9a0c5cb2698b@group-EE387B4BAA71-FollowerState] INFO  impl.FollowerState (FollowerState.java:run(152)) - 26c35b0c-04d0-419a-bd9f-9a0c5cb2698b@group-EE387B4BAA71-FollowerState was interrupted
2022-11-10 07:15:32,651 [26c35b0c-04d0-419a-bd9f-9a0c5cb2698b@group-EE387B4BAA71-StateMachineUpdater] INFO  ratis.ContainerStateMachine (ContainerStateMachine.java:takeSnapshot(304)) - group-EE387B4BAA71: Taking a snapshot at:(t:4, i:0) file /home/runner/work/ozone/ozone/hadoop-ozone/integration-test/target/test-dir/MiniOzoneClusterImpl-d14c70f5-e14b-41c6-a13f-e3ca6c51505f/datanode-0/data/ratis/c2d1ab89-0d38-495e-98d5-ee387b4baa71/sm/snapshot.4_0
2022-11-10 07:15:32,651 [26c35b0c-04d0-419a-bd9f-9a0c5cb2698b-impl-thread3] INFO  impl.StateMachineUpdater (StateMachineUpdater.java:stopAndJoin(153)) - 26c35b0c-04d0-419a-bd9f-9a0c5cb2698b@group-EE387B4BAA71-StateMachineUpdater: set stopIndex = 0
2022-11-10 07:15:32,648 [b01711c8-04b4-47a5-9bab-72c84cf7bb6a-impl-thread3] INFO  impl.PendingRequests (PendingRequests.java:sendNotLeaderResponses(282)) - b01711c8-04b4-47a5-9bab-72c84cf7bb6a@group-B7D1079710A0-PendingRequests: sendNotLeaderResponses
2022-11-10 07:15:32,656 [b01711c8-04b4-47a5-9bab-72c84cf7bb6a-impl-thread3] INFO  impl.StateMachineUpdater (StateMachineUpdater.java:stopAndJoin(153)) - b01711c8-04b4-47a5-9bab-72c84cf7bb6a@group-B7D1079710A0-StateMachineUpdater: set stopIndex = 0
2022-11-10 07:15:32,655 [26c35b0c-04d0-419a-bd9f-9a0c5cb2698b-impl-thread2] INFO  util.JmxRegister (JmxRegister.java:unregister(73)) - Successfully un-registered JMX Bean with object name Ratis:service=RaftServer,group=group-168BE77AF746,id=26c35b0c-04d0-419a-bd9f-9a0c5cb2698b
2022-11-10 07:15:32,657 [26c35b0c-04d0-419a-bd9f-9a0c5cb2698b-impl-thread2] INFO  impl.RoleInfo (RoleInfo.java:shutdownLeaderState(93)) - 26c35b0c-04d0-419a-bd9f-9a0c5cb2698b: shutdown 26c35b0c-04d0-419a-bd9f-9a0c5cb2698b@group-168BE77AF746-LeaderStateImpl
2022-11-10 07:15:32,656 [ForkJoinPool.commonPool-worker-0] INFO  server.GrpcServerProtocolClient (GrpcServerProtocolClient.java:close(111)) - 35d6043c-a711-468a-a34c-4c4022ea36e3 Close channels
2022-11-10 07:15:32,657 [26c35b0c-04d0-419a-bd9f-9a0c5cb2698b-impl-thread2] INFO  impl.PendingRequests (PendingRequests.java:sendNotLeaderResponses(282)) - 26c35b0c-04d0-419a-bd9f-9a0c5cb2698b@group-168BE77AF746-PendingRequests: sendNotLeaderResponses
2022-11-10 07:15:32,657 [ForkJoinPool.commonPool-worker-0] INFO  server.GrpcService (GrpcService.java:closeImpl(288)) - 26c35b0c-04d0-419a-bd9f-9a0c5cb2698b: shutdown server GrpcServerProtocolService successfully
2022-11-10 07:15:32,655 [26c35b0c-04d0-419a-bd9f-9a0c5cb2698b@group-EE387B4BAA71-StateMachineUpdater] INFO  ratis.ContainerStateMachine (ContainerStateMachine.java:takeSnapshot(315)) - group-EE387B4BAA71: Finished taking a snapshot at:(t:4, i:0) file:/home/runner/work/ozone/ozone/hadoop-ozone/integration-test/target/test-dir/MiniOzoneClusterImpl-d14c70f5-e14b-41c6-a13f-e3ca6c51505f/datanode-0/data/ratis/c2d1ab89-0d38-495e-98d5-ee387b4baa71/sm/snapshot.4_0 took: 5 ms
2022-11-10 07:15:32,658 [26c35b0c-04d0-419a-bd9f-9a0c5cb2698b@group-168BE77AF746-StateMachineUpdater] INFO  ratis.ContainerStateMachine (ContainerStateMachine.java:takeSnapshot(304)) - group-168BE77AF746: Taking a snapshot at:(t:1, i:0) file /home/runner/work/ozone/ozone/hadoop-ozone/integration-test/target/test-dir/MiniOzoneClusterImpl-d14c70f5-e14b-41c6-a13f-e3ca6c51505f/datanode-0/data/ratis/ad067755-8340-4e5f-8c88-168be77af746/sm/snapshot.1_0
2022-11-10 07:15:32,649 [Listener at 127.0.0.1/32813] INFO  server.GrpcServerProtocolClient (GrpcServerProtocolClient.java:close(111)) - 73d758c7-6b76-4e6e-a3d3-7696fd8c55bd Close channels
2022-11-10 07:15:32,658 [26c35b0c-04d0-419a-bd9f-9a0c5cb2698b@group-EE387B4BAA71-StateMachineUpdater] INFO  impl.StateMachineUpdater (StateMachineUpdater.java:takeSnapshot(287)) - 26c35b0c-04d0-419a-bd9f-9a0c5cb2698b@group-EE387B4BAA71-StateMachineUpdater: Took a snapshot at index 0
2022-11-10 07:15:32,657 [b01711c8-04b4-47a5-9bab-72c84cf7bb6a@group-B7D1079710A0-StateMachineUpdater] INFO  ratis.ContainerStateMachine (ContainerStateMachine.java:takeSnapshot(304)) - group-B7D1079710A0: Taking a snapshot at:(t:1, i:0) file /home/runner/work/ozone/ozone/hadoop-ozone/integration-test/target/test-dir/MiniOzoneClusterImpl-d14c70f5-e14b-41c6-a13f-e3ca6c51505f/datanode-4/data/ratis/5ef9bd6a-9581-4cf2-872b-b7d1079710a0/sm/snapshot.1_0
2022-11-10 07:15:32,658 [26c35b0c-04d0-419a-bd9f-9a0c5cb2698b@group-EE387B4BAA71-StateMachineUpdater] INFO  impl.StateMachineUpdater (StateMachineUpdater.java:lambda$new$0(92)) - 26c35b0c-04d0-419a-bd9f-9a0c5cb2698b@group-EE387B4BAA71-StateMachineUpdater: snapshotIndex: updateIncreasingly -1 -> 0
2022-11-10 07:15:32,658 [26c35b0c-04d0-419a-bd9f-9a0c5cb2698b@group-168BE77AF746-StateMachineUpdater] INFO  ratis.ContainerStateMachine (ContainerStateMachine.java:takeSnapshot(315)) - group-168BE77AF746: Finished taking a snapshot at:(t:1, i:0) file:/home/runner/work/ozone/ozone/hadoop-ozone/integration-test/target/test-dir/MiniOzoneClusterImpl-d14c70f5-e14b-41c6-a13f-e3ca6c51505f/datanode-0/data/ratis/ad067755-8340-4e5f-8c88-168be77af746/sm/snapshot.1_0 took: 1 ms
2022-11-10 07:15:32,659 [26c35b0c-04d0-419a-bd9f-9a0c5cb2698b@group-168BE77AF746-StateMachineUpdater] INFO  impl.StateMachineUpdater (StateMachineUpdater.java:takeSnapshot(287)) - 26c35b0c-04d0-419a-bd9f-9a0c5cb2698b@group-168BE77AF746-StateMachineUpdater: Took a snapshot at index 0
2022-11-10 07:15:32,659 [26c35b0c-04d0-419a-bd9f-9a0c5cb2698b@group-168BE77AF746-StateMachineUpdater] INFO  impl.StateMachineUpdater (StateMachineUpdater.java:lambda$new$0(92)) - 26c35b0c-04d0-419a-bd9f-9a0c5cb2698b@group-168BE77AF746-StateMachineUpdater: snapshotIndex: updateIncreasingly -1 -> 0
2022-11-10 07:15:32,659 [26c35b0c-04d0-419a-bd9f-9a0c5cb2698b-impl-thread3] INFO  server.RaftServer$Division (ServerState.java:close(466)) - 26c35b0c-04d0-419a-bd9f-9a0c5cb2698b@group-EE387B4BAA71: closes. applyIndex: 0
2022-11-10 07:15:32,659 [b01711c8-04b4-47a5-9bab-72c84cf7bb6a@group-B7D1079710A0-StateMachineUpdater] INFO  ratis.ContainerStateMachine (ContainerStateMachine.java:takeSnapshot(315)) - group-B7D1079710A0: Finished taking a snapshot at:(t:1, i:0) file:/home/runner/work/ozone/ozone/hadoop-ozone/integration-test/target/test-dir/MiniOzoneClusterImpl-d14c70f5-e14b-41c6-a13f-e3ca6c51505f/datanode-4/data/ratis/5ef9bd6a-9581-4cf2-872b-b7d1079710a0/sm/snapshot.1_0 took: 3 ms
2022-11-10 07:15:32,659 [26c35b0c-04d0-419a-bd9f-9a0c5cb2698b@group-EE387B4BAA71-SegmentedRaftLogWorker] INFO  segmented.SegmentedRaftLogWorker (SegmentedRaftLogWorker.java:run(345)) - 26c35b0c-04d0-419a-bd9f-9a0c5cb2698b@group-EE387B4BAA71-SegmentedRaftLogWorker was interrupted, exiting. There are 0 tasks remaining in the queue.
2022-11-10 07:15:32,659 [b01711c8-04b4-47a5-9bab-72c84cf7bb6a@group-B7D1079710A0-StateMachineUpdater] INFO  impl.StateMachineUpdater (StateMachineUpdater.java:takeSnapshot(287)) - b01711c8-04b4-47a5-9bab-72c84cf7bb6a@group-B7D1079710A0-StateMachineUpdater: Took a snapshot at index 0
2022-11-10 07:15:32,659 [b01711c8-04b4-47a5-9bab-72c84cf7bb6a@group-B7D1079710A0-StateMachineUpdater] INFO  impl.StateMachineUpdater (StateMachineUpdater.java:lambda$new$0(92)) - b01711c8-04b4-47a5-9bab-72c84cf7bb6a@group-B7D1079710A0-StateMachineUpdater: snapshotIndex: updateIncreasingly -1 -> 0
2022-11-10 07:15:32,659 [b01711c8-04b4-47a5-9bab-72c84cf7bb6a-impl-thread3] INFO  server.RaftServer$Division (ServerState.java:close(466)) - b01711c8-04b4-47a5-9bab-72c84cf7bb6a@group-B7D1079710A0: closes. applyIndex: 0
2022-11-10 07:15:32,659 [26c35b0c-04d0-419a-bd9f-9a0c5cb2698b-impl-thread3] INFO  segmented.SegmentedRaftLogWorker (SegmentedRaftLogWorker.java:close(255)) - 26c35b0c-04d0-419a-bd9f-9a0c5cb2698b@group-EE387B4BAA71-SegmentedRaftLogWorker close()
2022-11-10 07:15:32,660 [26c35b0c-04d0-419a-bd9f-9a0c5cb2698b-impl-thread2] INFO  impl.StateMachineUpdater (StateMachineUpdater.java:stopAndJoin(153)) - 26c35b0c-04d0-419a-bd9f-9a0c5cb2698b@group-168BE77AF746-StateMachineUpdater: set stopIndex = 0
2022-11-10 07:15:32,660 [b01711c8-04b4-47a5-9bab-72c84cf7bb6a@group-B7D1079710A0-SegmentedRaftLogWorker] INFO  segmented.SegmentedRaftLogWorker (SegmentedRaftLogWorker.java:run(345)) - b01711c8-04b4-47a5-9bab-72c84cf7bb6a@group-B7D1079710A0-SegmentedRaftLogWorker was interrupted, exiting. There are 0 tasks remaining in the queue.
2022-11-10 07:15:32,660 [26c35b0c-04d0-419a-bd9f-9a0c5cb2698b-impl-thread2] INFO  server.RaftServer$Division (ServerState.java:close(466)) - 26c35b0c-04d0-419a-bd9f-9a0c5cb2698b@group-168BE77AF746: closes. applyIndex: 0
2022-11-10 07:15:32,660 [b01711c8-04b4-47a5-9bab-72c84cf7bb6a-impl-thread3] INFO  segmented.SegmentedRaftLogWorker (SegmentedRaftLogWorker.java:close(255)) - b01711c8-04b4-47a5-9bab-72c84cf7bb6a@group-B7D1079710A0-SegmentedRaftLogWorker close()
2022-11-10 07:15:32,661 [26c35b0c-04d0-419a-bd9f-9a0c5cb2698b@group-168BE77AF746-SegmentedRaftLogWorker] INFO  segmented.SegmentedRaftLogWorker (SegmentedRaftLogWorker.java:run(345)) - 26c35b0c-04d0-419a-bd9f-9a0c5cb2698b@group-168BE77AF746-SegmentedRaftLogWorker was interrupted, exiting. There are 0 tasks remaining in the queue.
2022-11-10 07:15:32,661 [26c35b0c-04d0-419a-bd9f-9a0c5cb2698b-impl-thread2] INFO  segmented.SegmentedRaftLogWorker (SegmentedRaftLogWorker.java:close(255)) - 26c35b0c-04d0-419a-bd9f-9a0c5cb2698b@group-168BE77AF746-SegmentedRaftLogWorker close()
2022-11-10 07:15:32,663 [Listener at 127.0.0.1/32813] INFO  server.GrpcServerProtocolClient (GrpcServerProtocolClient.java:close(111)) - 18b389ac-e92e-45af-bb8d-005344dac216 Close channels
2022-11-10 07:15:32,666 [Listener at 127.0.0.1/32813] INFO  server.GrpcService (GrpcService.java:closeImpl(288)) - b01711c8-04b4-47a5-9bab-72c84cf7bb6a: shutdown server GrpcServerProtocolService successfully
2022-11-10 07:15:32,667 [JvmPauseMonitor1] INFO  util.JvmPauseMonitor (JvmPauseMonitor.java:run(111)) - JvmPauseMonitor-26c35b0c-04d0-419a-bd9f-9a0c5cb2698b: Stopped
2022-11-10 07:15:32,667 [JvmPauseMonitor5] INFO  util.JvmPauseMonitor (JvmPauseMonitor.java:run(111)) - JvmPauseMonitor-b01711c8-04b4-47a5-9bab-72c84cf7bb6a: Stopped
2022-11-10 07:15:34,678 [ForkJoinPool.commonPool-worker-0] INFO  volume.HddsVolume (HddsVolume.java:closeDbStore(338)) - SchemaV3 db is stopped at /home/runner/work/ozone/ozone/hadoop-ozone/integration-test/target/test-dir/MiniOzoneClusterImpl-d14c70f5-e14b-41c6-a13f-e3ca6c51505f/datanode-0/data-0/containers/hdds/d14c70f5-e14b-41c6-a13f-e3ca6c51505f/DS-8b83cce5-dad9-4b54-bf53-d9d290ad395e/container.db for volume DS-8b83cce5-dad9-4b54-bf53-d9d290ad395e
2022-11-10 07:15:34,678 [Listener at 127.0.0.1/32813] INFO  volume.HddsVolume (HddsVolume.java:closeDbStore(338)) - SchemaV3 db is stopped at /home/runner/work/ozone/ozone/hadoop-ozone/integration-test/target/test-dir/MiniOzoneClusterImpl-d14c70f5-e14b-41c6-a13f-e3ca6c51505f/datanode-4/data-0/containers/hdds/d14c70f5-e14b-41c6-a13f-e3ca6c51505f/DS-5e98bbcb-3b73-43fe-a20f-fd83e3dcd4a1/container.db for volume DS-5e98bbcb-3b73-43fe-a20f-fd83e3dcd4a1
2022-11-10 07:15:34,678 [ForkJoinPool.commonPool-worker-0] INFO  utils.BackgroundService (BackgroundService.java:shutdown(141)) - Shutting down service BlockDeletingService
2022-11-10 07:15:34,679 [Listener at 127.0.0.1/32813] INFO  utils.BackgroundService (BackgroundService.java:shutdown(141)) - Shutting down service BlockDeletingService
2022-11-10 07:15:34,679 [Listener at 127.0.0.1/32813] INFO  utils.BackgroundService (BackgroundService.java:shutdown(141)) - Shutting down service StaleRecoveringContainerScrubbingService
2022-11-10 07:15:34,680 [ForkJoinPool.commonPool-worker-0] INFO  utils.BackgroundService (BackgroundService.java:shutdown(141)) - Shutting down service StaleRecoveringContainerScrubbingService
2022-11-10 07:15:34,682 [Listener at 127.0.0.1/32813] INFO  statemachine.DatanodeStateMachine (DatanodeStateMachine.java:stopDaemon(593)) - Ozone container server stopped.
2022-11-10 07:15:34,683 [ForkJoinPool.commonPool-worker-0] INFO  statemachine.DatanodeStateMachine (DatanodeStateMachine.java:stopDaemon(593)) - Ozone container server stopped.
2022-11-10 07:15:34,699 [Listener at 127.0.0.1/32813] INFO  handler.ContextHandler (ContextHandler.java:doStop(1159)) - Stopped o.e.j.w.WebAppContext@1b1f1ee4{hddsDatanode,/,null,STOPPED}{jar:file:/home/runner/.m2/repository/org/apache/ozone/hdds-container-service/1.3.0-SNAPSHOT/hdds-container-service-1.3.0-SNAPSHOT.jar!/webapps/hddsDatanode}
2022-11-10 07:15:34,700 [ForkJoinPool.commonPool-worker-0] INFO  handler.ContextHandler (ContextHandler.java:doStop(1159)) - Stopped o.e.j.w.WebAppContext@4d3d02c9{hddsDatanode,/,null,STOPPED}{jar:file:/home/runner/.m2/repository/org/apache/ozone/hdds-container-service/1.3.0-SNAPSHOT/hdds-container-service-1.3.0-SNAPSHOT.jar!/webapps/hddsDatanode}
2022-11-10 07:15:34,702 [ForkJoinPool.commonPool-worker-0] INFO  server.AbstractConnector (AbstractConnector.java:doStop(383)) - Stopped ServerConnector@2bc1cc4{HTTP/1.1, (http/1.1)}{0.0.0.0:0}
2022-11-10 07:15:34,703 [ForkJoinPool.commonPool-worker-0] INFO  server.session (HouseKeeper.java:stopScavenging(149)) - node0 Stopped scavenging
2022-11-10 07:15:34,703 [ForkJoinPool.commonPool-worker-0] INFO  handler.ContextHandler (ContextHandler.java:doStop(1159)) - Stopped o.e.j.s.ServletContextHandler@22a05628{static,/static,jar:file:/home/runner/.m2/repository/org/apache/ozone/hdds-container-service/1.3.0-SNAPSHOT/hdds-container-service-1.3.0-SNAPSHOT.jar!/webapps/static,STOPPED}
2022-11-10 07:15:34,704 [Listener at 127.0.0.1/32813] INFO  server.AbstractConnector (AbstractConnector.java:doStop(383)) - Stopped ServerConnector@1a3a1b59{HTTP/1.1, (http/1.1)}{0.0.0.0:0}
2022-11-10 07:15:34,704 [Listener at 127.0.0.1/32813] INFO  server.session (HouseKeeper.java:stopScavenging(149)) - node0 Stopped scavenging
2022-11-10 07:15:34,704 [Listener at 127.0.0.1/32813] INFO  handler.ContextHandler (ContextHandler.java:doStop(1159)) - Stopped o.e.j.s.ServletContextHandler@6bf1b075{static,/static,jar:file:/home/runner/.m2/repository/org/apache/ozone/hdds-container-service/1.3.0-SNAPSHOT/hdds-container-service-1.3.0-SNAPSHOT.jar!/webapps/static,STOPPED}
2022-11-10 07:15:34,704 [Listener at 127.0.0.1/32813] INFO  handler.ContextHandler (ContextHandler.java:doStop(1159)) - Stopped o.e.j.s.ServletContextHandler@5e1c2cff{logs,/logs,file:///home/runner/work/ozone/ozone/hadoop-ozone/integration-test/target/log,STOPPED}
2022-11-10 07:15:34,707 [ForkJoinPool.commonPool-worker-0] INFO  handler.ContextHandler (ContextHandler.java:doStop(1159)) - Stopped o.e.j.s.ServletContextHandler@738db631{logs,/logs,file:///home/runner/work/ozone/ozone/hadoop-ozone/integration-test/target/log,STOPPED}
2022-11-10 07:15:34,711 [Listener at 127.0.0.1/32813] INFO  ozone.MiniOzoneClusterImpl (MiniOzoneClusterImpl.java:stopSCM(537)) - Stopping the StorageContainerManager
2022-11-10 07:15:34,711 [Listener at 127.0.0.1/32813] INFO  server.StorageContainerManager (StorageContainerManager.java:stop(1545)) - Container Balancer is not running.
2022-11-10 07:15:34,711 [Listener at 127.0.0.1/32813] INFO  server.StorageContainerManager (StorageContainerManager.java:stop(1552)) - Stopping Replication Manager Service.
2022-11-10 07:15:34,711 [Listener at 127.0.0.1/32813] INFO  replication.ReplicationManager (ReplicationManager.java:stop(274)) - Stopping Replication Monitor Thread.
2022-11-10 07:15:34,711 [Over Replicated Processor] WARN  replication.OverReplicatedProcessor (OverReplicatedProcessor.java:run(142)) - Over Replicated Processor interrupted. Exiting...
2022-11-10 07:15:34,711 [Under Replicated Processor] WARN  replication.UnderReplicatedProcessor (UnderReplicatedProcessor.java:run(154)) - Under Replicated Processor interrupted. Exiting...
2022-11-10 07:15:34,712 [ReplicationMonitor] INFO  replication.ReplicationManager (ReplicationManager.java:run(580)) - Replication Monitor Thread is stopped
2022-11-10 07:15:34,712 [Listener at 127.0.0.1/32813] INFO  server.StorageContainerManager (StorageContainerManager.java:stop(1559)) - Stopping the Datanode Admin Monitor.
2022-11-10 07:15:34,712 [Listener at 127.0.0.1/32813] INFO  server.StorageContainerManager (StorageContainerManager.java:stop(1566)) - Stopping Lease Manager of the command watchers
2022-11-10 07:15:34,712 [Listener at 127.0.0.1/32813] INFO  server.StorageContainerManager (StorageContainerManager.java:stop(1573)) - Stopping datanode service RPC server
2022-11-10 07:15:34,712 [Listener at 127.0.0.1/32813] INFO  server.SCMDatanodeProtocolServer (SCMDatanodeProtocolServer.java:stop(414)) - Stopping the RPC server for DataNodes
2022-11-10 07:15:34,713 [Listener at 127.0.0.1/32813] INFO  ipc.Server (Server.java:stop(3428)) - Stopping server on 45735
2022-11-10 07:15:34,713 [IPC Server listener on 0] INFO  ipc.Server (Server.java:run(1384)) - Stopping IPC Server listener on 0
2022-11-10 07:15:34,715 [IPC Server Responder] INFO  ipc.Server (Server.java:run(1517)) - Stopping IPC Server Responder
2022-11-10 07:15:35,271 [SCM Heartbeat Processing Thread - 0] WARN  node.NodeStateManager (NodeStateManager.java:scheduleNextHealthCheck(870)) - Current Thread is interrupted, shutting down HB processing thread for Node Manager.
2022-11-10 07:15:35,271 [Listener at 127.0.0.1/32813] INFO  server.StorageContainerManager (StorageContainerManager.java:stop(1581)) - Stopping block service RPC server
2022-11-10 07:15:35,272 [Listener at 127.0.0.1/32813] INFO  server.SCMBlockProtocolServer (SCMBlockProtocolServer.java:stop(161)) - Stopping the RPC server for Block Protocol
2022-11-10 07:15:35,272 [Listener at 127.0.0.1/32813] INFO  ipc.Server (Server.java:stop(3428)) - Stopping server on 40853
2022-11-10 07:15:35,275 [IPC Server Responder] INFO  ipc.Server (Server.java:run(1517)) - Stopping IPC Server Responder
2022-11-10 07:15:35,275 [IPC Server listener on 0] INFO  ipc.Server (Server.java:run(1384)) - Stopping IPC Server listener on 0
2022-11-10 07:15:35,275 [Listener at 127.0.0.1/32813] INFO  server.StorageContainerManager (StorageContainerManager.java:stop(1588)) - Stopping the StorageContainerLocationProtocol RPC server
2022-11-10 07:15:35,276 [Listener at 127.0.0.1/32813] INFO  server.SCMClientProtocolServer (SCMClientProtocolServer.java:stop(179)) - Stopping the RPC server for Client Protocol
2022-11-10 07:15:35,276 [Listener at 127.0.0.1/32813] INFO  ipc.Server (Server.java:stop(3428)) - Stopping server on 46277
2022-11-10 07:15:35,277 [IPC Server listener on 0] INFO  ipc.Server (Server.java:run(1384)) - Stopping IPC Server listener on 0
2022-11-10 07:15:35,277 [IPC Server Responder] INFO  ipc.Server (Server.java:run(1517)) - Stopping IPC Server Responder
2022-11-10 07:15:35,278 [Listener at 127.0.0.1/32813] INFO  server.StorageContainerManager (StorageContainerManager.java:stop(1595)) - Stopping Storage Container Manager HTTP server.
2022-11-10 07:15:35,278 [Listener at 127.0.0.1/32813] INFO  handler.ContextHandler (ContextHandler.java:doStop(1159)) - Stopped o.e.j.w.WebAppContext@62cb977a{scm,/,null,STOPPED}{file:/home/runner/work/ozone/ozone/hadoop-ozone/integration-test/target/test-classes/webapps/scm}
2022-11-10 07:15:35,280 [Listener at 127.0.0.1/32813] INFO  server.AbstractConnector (AbstractConnector.java:doStop(383)) - Stopped ServerConnector@2c0d7099{HTTP/1.1, (http/1.1)}{0.0.0.0:0}
2022-11-10 07:15:35,280 [Listener at 127.0.0.1/32813] INFO  server.session (HouseKeeper.java:stopScavenging(149)) - node0 Stopped scavenging
2022-11-10 07:15:35,281 [Listener at 127.0.0.1/32813] INFO  handler.ContextHandler (ContextHandler.java:doStop(1159)) - Stopped o.e.j.s.ServletContextHandler@8ad182c{static,/static,file:///home/runner/work/ozone/ozone/hadoop-ozone/integration-test/target/test-classes/webapps/static,STOPPED}
2022-11-10 07:15:35,281 [Listener at 127.0.0.1/32813] INFO  handler.ContextHandler (ContextHandler.java:doStop(1159)) - Stopped o.e.j.s.ServletContextHandler@78141c58{logs,/logs,file:///home/runner/work/ozone/ozone/hadoop-ozone/integration-test/target/log,STOPPED}
2022-11-10 07:15:35,283 [Listener at 127.0.0.1/32813] INFO  server.StorageContainerManager (StorageContainerManager.java:stop(1601)) - Stopping SCM LayoutVersionManager Service.
2022-11-10 07:15:35,283 [Listener at 127.0.0.1/32813] INFO  server.StorageContainerManager (StorageContainerManager.java:stop(1609)) - Stopping Block Manager Service.
2022-11-10 07:15:35,283 [Listener at 127.0.0.1/32813] INFO  utils.BackgroundService (BackgroundService.java:shutdown(141)) - Shutting down service SCMBlockDeletingService
2022-11-10 07:15:35,283 [Listener at 127.0.0.1/32813] INFO  utils.BackgroundService (BackgroundService.java:shutdown(141)) - Shutting down service SCMBlockDeletingService
2022-11-10 07:15:35,284 [Listener at 127.0.0.1/32813] INFO  server.StorageContainerManager (StorageContainerManager.java:stop(1636)) - Stopping SCM Event Queue.
2022-11-10 07:15:35,286 [Listener at 127.0.0.1/32813] INFO  server.StorageContainerManager (StorageContainerManager.java:stop(1647)) - Stopping SCM HA services.
2022-11-10 07:15:35,286 [Listener at 127.0.0.1/32813] INFO  pipeline.BackgroundPipelineCreator (BackgroundPipelineCreator.java:stop(149)) - Stopping RatisPipelineUtilsThread.
2022-11-10 07:15:35,286 [RatisPipelineUtilsThread - 0] WARN  pipeline.BackgroundPipelineCreator (BackgroundPipelineCreator.java:run(180)) - RatisPipelineUtilsThread is interrupted.
2022-11-10 07:15:35,286 [Listener at 127.0.0.1/32813] INFO  BackgroundPipelineScrubber (BackgroundSCMService.java:stop(131)) - Stopping BackgroundPipelineScrubber Service.
2022-11-10 07:15:35,286 [BackgroundPipelineScrubberThread] WARN  BackgroundPipelineScrubber (BackgroundSCMService.java:run(115)) - BackgroundPipelineScrubber is interrupted, exit
2022-11-10 07:15:35,287 [Listener at 127.0.0.1/32813] INFO  impl.MetricsSystemImpl (MetricsSystemImpl.java:stop(210)) - Stopping HddsDatanode metrics system...
2022-11-10 07:15:35,293 [prometheus] INFO  impl.MetricsSinkAdapter (MetricsSinkAdapter.java:publishMetricsFromQueue(141)) - prometheus thread interrupted.
2022-11-10 07:15:35,293 [Listener at 127.0.0.1/32813] INFO  impl.MetricsSystemImpl (MetricsSystemImpl.java:stop(216)) - HddsDatanode metrics system stopped.
2022-11-10 07:15:35,294 [Listener at 127.0.0.1/32813] WARN  pipeline.BackgroundPipelineCreator (BackgroundPipelineCreator.java:stop(145)) - RatisPipelineUtilsThread is not running, just ignore.
2022-11-10 07:15:35,294 [Listener at 127.0.0.1/32813] INFO  BackgroundPipelineScrubber (BackgroundSCMService.java:stop(126)) - BackgroundPipelineScrubber Service is not running, skip stop.
2022-11-10 07:15:35,294 [Listener at 127.0.0.1/32813] INFO  ExpiredContainerReplicaOpScrubber (BackgroundSCMService.java:stop(131)) - Stopping ExpiredContainerReplicaOpScrubber Service.
2022-11-10 07:15:35,294 [ExpiredContainerReplicaOpScrubberThread] WARN  ExpiredContainerReplicaOpScrubber (BackgroundSCMService.java:run(115)) - ExpiredContainerReplicaOpScrubber is interrupted, exit
2022-11-10 07:15:35,294 [Listener at 127.0.0.1/32813] INFO  utils.BackgroundService (BackgroundService.java:shutdown(141)) - Shutting down service SCMBlockDeletingService
2022-11-10 07:15:35,295 [Listener at 127.0.0.1/32813] INFO  replication.ReplicationManager (ReplicationManager.java:stop(282)) - Replication Monitor Thread is not running.
2022-11-10 07:15:35,295 [Listener at 127.0.0.1/32813] WARN  balancer.ContainerBalancer (ContainerBalancer.java:stop(322)) - Cannot stop Container Balancer because it's not running or stopping
2022-11-10 07:15:35,295 [Listener at 127.0.0.1/32813] INFO  server.StorageContainerManager (StorageContainerManager.java:stop(1665)) - Stopping SCM MetadataStore.
]]></system-out>
  </testcase>
  <testcase name="testPipelineCreationOnNodeRestart" classname="org.apache.hadoop.hdds.scm.pipeline.TestRatisPipelineCreateAndDestroy" time="26.229">
    <system-out><![CDATA[2022-11-10 07:15:35,465 [Listener at 127.0.0.1/32813] WARN  server.ServerUtils (ServerUtils.java:getScmDbDir(148)) - ozone.scm.db.dirs is not configured. We recommend adding this setting. Falling back to ozone.metadata.dirs instead.
2022-11-10 07:15:35,469 [Listener at 127.0.0.1/32813] WARN  server.ServerUtils (ServerUtils.java:getScmDbDir(148)) - ozone.scm.db.dirs is not configured. We recommend adding this setting. Falling back to ozone.metadata.dirs instead.
2022-11-10 07:15:35,470 [Listener at 127.0.0.1/32813] INFO  ha.SCMHANodeDetails (SCMHANodeDetails.java:loadSCMHAConfig(209)) - ServiceID for StorageContainerManager is null
2022-11-10 07:15:35,470 [Listener at 127.0.0.1/32813] INFO  ha.SCMHANodeDetails (SCMHANodeDetails.java:loadSCMHAConfig(214)) - ozone.scm.default.service.id is not defined, falling back to ozone.scm.service.ids to find serviceID for StorageContainerManager if it is HA enabled cluster
2022-11-10 07:15:35,471 [Listener at 127.0.0.1/32813] WARN  utils.HAUtils (HAUtils.java:getMetaDir(342)) - ozone.scm.db.dirs is not configured. We recommend adding this setting. Falling back to ozone.metadata.dirs instead.
2022-11-10 07:15:35,471 [Listener at 127.0.0.1/32813] WARN  db.DBStoreBuilder (DBStoreBuilder.java:applyDBDefinition(144)) - ozone.scm.db.dirs is not configured. We recommend adding this setting. Falling back to ozone.metadata.dirs instead.
2022-11-10 07:15:35,562 [Listener at 127.0.0.1/32813] INFO  net.NodeSchemaLoader (NodeSchemaLoader.java:loadSchemaFromFile(129)) - Loading schema from [jar:file:/home/runner/.m2/repository/org/apache/ozone/hdds-common/1.3.0-SNAPSHOT/hdds-common-1.3.0-SNAPSHOT.jar!/network-topology-default.xml]
2022-11-10 07:15:35,563 [Listener at 127.0.0.1/32813] INFO  net.NodeSchemaLoader (NodeSchemaLoader.java:loadSchema(176)) - Loading network topology layer schema file
2022-11-10 07:15:35,566 [Listener at 127.0.0.1/32813] INFO  upgrade.AbstractLayoutVersionManager (AbstractLayoutVersionManager.java:init(83)) - Initializing Layout version manager with metadata layout = DATANODE_SCHEMA_V3 (version = 4), software layout = DATANODE_SCHEMA_V3 (version = 4)
2022-11-10 07:15:35,608 [Listener at 127.0.0.1/32813] INFO  reflections.Reflections (Reflections.java:scan(232)) - Reflections took 41 ms to scan 7 urls, producing 139 keys and 336 values 
2022-11-10 07:15:35,610 [Listener at 127.0.0.1/32813] INFO  ha.SequenceIdGenerator (SequenceIdGenerator.java:upgradeToSequenceId(349)) - upgrade localId to 109611004723200000
2022-11-10 07:15:35,610 [Listener at 127.0.0.1/32813] INFO  ha.SequenceIdGenerator (SequenceIdGenerator.java:upgradeToSequenceId(359)) - upgrade delTxnId to 0
2022-11-10 07:15:35,610 [Listener at 127.0.0.1/32813] INFO  ha.SequenceIdGenerator (SequenceIdGenerator.java:upgradeToSequenceId(376)) - upgrade containerId to 0
2022-11-10 07:15:35,610 [Listener at 127.0.0.1/32813] INFO  ha.SequenceIdGenerator (SequenceIdGenerator.java:<init>(220)) - Init the HA SequenceIdGenerator.
2022-11-10 07:15:35,611 [Listener at 127.0.0.1/32813] WARN  server.ServerUtils (ServerUtils.java:sanitizeUserArgs(67)) - ozone.scm.stale.node.interval value = 5000 is smaller than min = 6000 based on the key value of hdds.heartbeat.interval, reset to the min value 6000.
2022-11-10 07:15:35,611 [Listener at 127.0.0.1/32813] WARN  server.ServerUtils (ServerUtils.java:sanitizeUserArgs(67)) - ozone.scm.stale.node.interval value = 5000 is smaller than min = 6000 based on the key value of hdds.heartbeat.interval, reset to the min value 6000.
2022-11-10 07:15:35,612 [Listener at 127.0.0.1/32813] INFO  node.SCMNodeManager (SCMNodeManager.java:<init>(149)) - Entering startup safe mode.
2022-11-10 07:15:35,612 [Listener at 127.0.0.1/32813] INFO  algorithms.ContainerPlacementPolicyFactory (ContainerPlacementPolicyFactory.java:getPolicyInternal(86)) - Create container placement policy of type org.apache.hadoop.hdds.scm.container.placement.algorithms.SCMContainerPlacementRandom
2022-11-10 07:15:35,612 [Listener at 127.0.0.1/32813] INFO  algorithms.ContainerPlacementPolicyFactory (ContainerPlacementPolicyFactory.java:getPolicyInternal(86)) - Create container placement policy of type org.apache.hadoop.hdds.scm.container.placement.algorithms.SCMContainerPlacementRackScatter
2022-11-10 07:15:35,613 [Listener at 127.0.0.1/32813] INFO  pipeline.PipelineStateManagerImpl (PipelineStateManagerImpl.java:initialize(78)) - No pipeline exists in current db
2022-11-10 07:15:35,613 [Listener at 127.0.0.1/32813] INFO  algorithms.LeaderChoosePolicyFactory (LeaderChoosePolicyFactory.java:getPolicy(57)) - Create leader choose policy of type org.apache.hadoop.hdds.scm.pipeline.leader.choose.algorithms.MinLeaderCountChoosePolicy
2022-11-10 07:15:35,613 [Listener at 127.0.0.1/32813] INFO  algorithms.ContainerPlacementPolicyFactory (ContainerPlacementPolicyFactory.java:getPolicyInternal(86)) - Create container placement policy of type org.apache.hadoop.hdds.scm.container.placement.algorithms.SCMContainerPlacementRackScatter
2022-11-10 07:15:35,613 [Listener at 127.0.0.1/32813] INFO  ha.SCMServiceManager (SCMServiceManager.java:register(42)) - Registering service BackgroundPipelineCreator.
2022-11-10 07:15:35,613 [Listener at 127.0.0.1/32813] INFO  pipeline.BackgroundPipelineCreator (BackgroundPipelineCreator.java:start(124)) - Starting RatisPipelineUtilsThread.
2022-11-10 07:15:35,616 [Listener at 127.0.0.1/32813] INFO  BackgroundPipelineScrubber (BackgroundSCMService.java:start(68)) - Starting BackgroundPipelineScrubber Service.
2022-11-10 07:15:35,617 [Listener at 127.0.0.1/32813] INFO  ha.SCMServiceManager (SCMServiceManager.java:register(42)) - Registering service BackgroundPipelineScrubber.
2022-11-10 07:15:35,617 [Listener at 127.0.0.1/32813] INFO  ExpiredContainerReplicaOpScrubber (BackgroundSCMService.java:start(68)) - Starting ExpiredContainerReplicaOpScrubber Service.
2022-11-10 07:15:35,617 [Listener at 127.0.0.1/32813] INFO  ha.SCMServiceManager (SCMServiceManager.java:register(42)) - Registering service ExpiredContainerReplicaOpScrubber.
2022-11-10 07:15:35,618 [Listener at 127.0.0.1/32813] INFO  algorithms.PipelineChoosePolicyFactory (PipelineChoosePolicyFactory.java:createPipelineChoosePolicyFromClass(73)) - Create pipeline choose policy of type org.apache.hadoop.hdds.scm.pipeline.choose.algorithms.RandomPipelineChoosePolicy
2022-11-10 07:15:35,619 [Listener at 127.0.0.1/32813] INFO  ha.SCMServiceManager (SCMServiceManager.java:register(42)) - Registering service SCMBlockDeletingService.
2022-11-10 07:15:35,619 [Listener at 127.0.0.1/32813] INFO  replication.ReplicationManager (ReplicationManager.java:start(239)) - Starting Replication Monitor Thread.
2022-11-10 07:15:35,620 [Listener at 127.0.0.1/32813] INFO  ha.SCMServiceManager (SCMServiceManager.java:register(42)) - Registering service ReplicationManager.
2022-11-10 07:15:35,620 [Listener at 127.0.0.1/32813] INFO  safemode.ContainerSafeModeRule (ContainerSafeModeRule.java:<init>(89)) - containers with one replica threshold count 0
2022-11-10 07:15:35,621 [Listener at 127.0.0.1/32813] INFO  safemode.HealthyPipelineSafeModeRule (HealthyPipelineSafeModeRule.java:initializeRule(169)) - Total pipeline count is 0, healthy pipeline threshold count is 1
2022-11-10 07:15:35,621 [Listener at 127.0.0.1/32813] INFO  safemode.OneReplicaPipelineSafeModeRule (OneReplicaPipelineSafeModeRule.java:initializeRule(180)) - Total pipeline count is 0, pipeline's with at least one datanode reported threshold count is 0
2022-11-10 07:15:35,621 [Listener at 127.0.0.1/32813] INFO  ipc.CallQueueManager (CallQueueManager.java:<init>(90)) - Using callQueue: class java.util.concurrent.LinkedBlockingQueue, queueCapacity: 2000, scheduler: class org.apache.hadoop.ipc.DefaultRpcScheduler, ipcBackoff: false.
2022-11-10 07:15:35,622 [ReplicationMonitor] INFO  replication.ReplicationManager (ReplicationManager.java:processAll(308)) - Replication Manager is not ready to run until 3000ms after safemode exit
2022-11-10 07:15:35,622 [Socket Reader #1 for port 0] INFO  ipc.Server (Server.java:run(1273)) - Starting Socket Reader #1 for port 0
2022-11-10 07:15:35,623 [Listener at 0.0.0.0/33277] INFO  ipc.CallQueueManager (CallQueueManager.java:<init>(90)) - Using callQueue: class java.util.concurrent.LinkedBlockingQueue, queueCapacity: 2000, scheduler: class org.apache.hadoop.ipc.DefaultRpcScheduler, ipcBackoff: false.
2022-11-10 07:15:35,623 [Socket Reader #1 for port 0] INFO  ipc.Server (Server.java:run(1273)) - Starting Socket Reader #1 for port 0
2022-11-10 07:15:35,624 [Listener at 0.0.0.0/40683] INFO  ipc.CallQueueManager (CallQueueManager.java:<init>(90)) - Using callQueue: class java.util.concurrent.LinkedBlockingQueue, queueCapacity: 2000, scheduler: class org.apache.hadoop.ipc.DefaultRpcScheduler, ipcBackoff: false.
2022-11-10 07:15:35,625 [Socket Reader #1 for port 0] INFO  ipc.Server (Server.java:run(1273)) - Starting Socket Reader #1 for port 0
2022-11-10 07:15:35,628 [Listener at 0.0.0.0/41867] INFO  ha.SCMServiceManager (SCMServiceManager.java:register(42)) - Registering service ContainerBalancer.
2022-11-10 07:15:35,628 [Listener at 0.0.0.0/41867] INFO  server.StorageContainerManager (StorageContainerManager.java:<init>(415)) - 
Container Balancer status:
Key                            Value
Running                        true
Container Balancer Configuration values:
Key                                                Value
Threshold                                          10
Max Datanodes to Involve per Iteration(percent)    20
Max Size to Move per Iteration                     500GB
Max Size Entering Target per Iteration             26GB
Max Size Leaving Source per Iteration              26GB

2022-11-10 07:15:35,628 [Listener at 0.0.0.0/41867] WARN  events.EventQueue (EventQueue.java:fireEvent(216)) - No event handler registered for event TypedEvent{payloadType=SafeModeStatus, name='Safe mode status'}
2022-11-10 07:15:35,628 [Listener at 0.0.0.0/41867] INFO  ha.SCMContext (SCMContext.java:updateSafeModeStatus(228)) - Update SafeModeStatus from SafeModeStatus{safeModeStatus=true, preCheckPassed=false} to SafeModeStatus{safeModeStatus=true, preCheckPassed=false}.
2022-11-10 07:15:35,629 [Listener at 0.0.0.0/41867] INFO  server.StorageContainerManager (StorageContainerManager.java:start(1449)) - StorageContainerLocationProtocol RPC server is listening at /0.0.0.0:41867
2022-11-10 07:15:35,630 [Listener at 0.0.0.0/41867] WARN  impl.MetricsConfig (MetricsConfig.java:loadFirst(136)) - Cannot locate configuration: tried hadoop-metrics2-storagecontainermanager.properties,hadoop-metrics2.properties
2022-11-10 07:15:35,636 [Listener at 0.0.0.0/41867] INFO  impl.MetricsSystemImpl (MetricsSystemImpl.java:startTimer(378)) - Scheduled Metric snapshot period at 10 second(s).
2022-11-10 07:15:35,636 [Listener at 0.0.0.0/41867] INFO  impl.MetricsSystemImpl (MetricsSystemImpl.java:start(191)) - StorageContainerManager metrics system started
2022-11-10 07:15:35,658 [Listener at 0.0.0.0/41867] INFO  impl.MetricsSinkAdapter (MetricsSinkAdapter.java:start(204)) - Sink prometheus started
2022-11-10 07:15:35,658 [Listener at 0.0.0.0/41867] INFO  impl.MetricsSystemImpl (MetricsSystemImpl.java:registerSink(305)) - Registered sink prometheus
2022-11-10 07:15:35,671 [Listener at 0.0.0.0/41867] INFO  server.SCMClientProtocolServer (SCMClientProtocolServer.java:start(170)) - RPC server for Client  is listening at /0.0.0.0:41867
2022-11-10 07:15:35,672 [IPC Server Responder] INFO  ipc.Server (Server.java:run(1512)) - IPC Server Responder: starting
2022-11-10 07:15:35,675 [IPC Server listener on 0] INFO  ipc.Server (Server.java:run(1352)) - IPC Server listener on 0: starting
2022-11-10 07:15:35,677 [Listener at 0.0.0.0/41867] INFO  server.StorageContainerManager (StorageContainerManager.java:start(1464)) - ScmBlockLocationProtocol RPC server is listening at /0.0.0.0:40683
2022-11-10 07:15:35,677 [Listener at 0.0.0.0/41867] INFO  server.SCMBlockProtocolServer (SCMBlockProtocolServer.java:start(152)) - RPC server for Block Protocol is listening at /0.0.0.0:40683
2022-11-10 07:15:35,678 [IPC Server Responder] INFO  ipc.Server (Server.java:run(1512)) - IPC Server Responder: starting
2022-11-10 07:15:35,678 [IPC Server listener on 0] INFO  ipc.Server (Server.java:run(1352)) - IPC Server listener on 0: starting
2022-11-10 07:15:35,684 [Listener at 0.0.0.0/41867] INFO  server.SCMDatanodeProtocolServer (SCMDatanodeProtocolServer.java:start(186)) - ScmDatanodeProtocol RPC server for DataNodes is listening at /0.0.0.0:33277
2022-11-10 07:15:35,684 [IPC Server Responder] INFO  ipc.Server (Server.java:run(1512)) - IPC Server Responder: starting
2022-11-10 07:15:35,685 [IPC Server listener on 0] INFO  ipc.Server (Server.java:run(1352)) - IPC Server listener on 0: starting
2022-11-10 07:15:35,692 [org.apache.hadoop.util.JvmPauseMonitor$Monitor@5379a77a] INFO  util.JvmPauseMonitor (JvmPauseMonitor.java:run(188)) - Starting JVM pause monitor
2022-11-10 07:15:35,692 [Listener at 0.0.0.0/41867] INFO  http.BaseHttpServer (BaseHttpServer.java:newHttpServer2BuilderForOzone(213)) - Starting Web-server for scm at: http://0.0.0.0:0
2022-11-10 07:15:35,692 [Listener at 0.0.0.0/41867] INFO  http.BaseHttpServer (BaseHttpServer.java:<init>(108)) - Hadoop Security Enabled: false Ozone Security Enabled: false Ozone HTTP Security Enabled: false 
2022-11-10 07:15:35,694 [Listener at 0.0.0.0/41867] WARN  server.AuthenticationFilter (AuthenticationFilter.java:constructSecretProvider(240)) - Unable to initialize FileSignerSecretProvider, falling back to use random secrets. Reason: Could not read signature secret file: /home/runner/hadoop-http-auth-signature-secret
2022-11-10 07:15:35,695 [Listener at 0.0.0.0/41867] WARN  http.HttpRequestLog (HttpRequestLog.java:getRequestLog(103)) - Jetty request log can only be enabled using Log4j
2022-11-10 07:15:35,697 [Listener at 0.0.0.0/41867] INFO  http.HttpServer2 (HttpServer2.java:addGlobalFilter(1031)) - Added global filter 'safety' (class=org.apache.hadoop.hdds.server.http.HttpServer2$QuotingInputFilter)
2022-11-10 07:15:35,697 [Listener at 0.0.0.0/41867] INFO  http.HttpServer2 (HttpServer2.java:addFilter(1007)) - Added filter static_user_filter (class=org.apache.hadoop.http.lib.StaticUserWebFilter$StaticUserFilter) to context scm
2022-11-10 07:15:35,697 [Listener at 0.0.0.0/41867] INFO  http.HttpServer2 (HttpServer2.java:addFilter(1015)) - Added filter static_user_filter (class=org.apache.hadoop.http.lib.StaticUserWebFilter$StaticUserFilter) to context logs
2022-11-10 07:15:35,698 [Listener at 0.0.0.0/41867] INFO  http.HttpServer2 (HttpServer2.java:addFilter(1015)) - Added filter static_user_filter (class=org.apache.hadoop.http.lib.StaticUserWebFilter$StaticUserFilter) to context static
2022-11-10 07:15:35,698 [Listener at 0.0.0.0/41867] INFO  http.HttpServer2 (HttpServer2.java:bindListener(1250)) - Jetty bound to port 36209
2022-11-10 07:15:35,698 [Listener at 0.0.0.0/41867] INFO  server.Server (Server.java:doStart(375)) - jetty-9.4.49.v20220914; built: 2022-09-14T01:07:36.601Z; git: 4231a3b2e4cb8548a412a789936d640a97b1aa0a; jvm 1.8.0_345-b01
2022-11-10 07:15:35,700 [Listener at 0.0.0.0/41867] INFO  server.session (DefaultSessionIdManager.java:doStart(334)) - DefaultSessionIdManager workerName=node0
2022-11-10 07:15:35,700 [Listener at 0.0.0.0/41867] INFO  server.session (DefaultSessionIdManager.java:doStart(339)) - No SessionScavenger set, using defaults
2022-11-10 07:15:35,700 [Listener at 0.0.0.0/41867] INFO  server.session (HouseKeeper.java:startScavenging(132)) - node0 Scavenging every 660000ms
2022-11-10 07:15:35,701 [Listener at 0.0.0.0/41867] INFO  handler.ContextHandler (ContextHandler.java:doStart(921)) - Started o.e.j.s.ServletContextHandler@49fbfecf{logs,/logs,file:///home/runner/work/ozone/ozone/hadoop-ozone/integration-test/target/log,AVAILABLE}
2022-11-10 07:15:35,701 [Listener at 0.0.0.0/41867] INFO  handler.ContextHandler (ContextHandler.java:doStart(921)) - Started o.e.j.s.ServletContextHandler@4ac6ccfc{static,/static,file:///home/runner/work/ozone/ozone/hadoop-ozone/integration-test/target/test-classes/webapps/static,AVAILABLE}
2022-11-10 07:15:35,704 [Listener at 0.0.0.0/41867] INFO  handler.ContextHandler (ContextHandler.java:doStart(921)) - Started o.e.j.w.WebAppContext@6280d214{scm,/,file:///home/runner/work/ozone/ozone/hadoop-ozone/integration-test/target/test-classes/webapps/scm/,AVAILABLE}{file:/home/runner/work/ozone/ozone/hadoop-ozone/integration-test/target/test-classes/webapps/scm}
2022-11-10 07:15:35,705 [Listener at 0.0.0.0/41867] INFO  server.AbstractConnector (AbstractConnector.java:doStart(333)) - Started ServerConnector@5d657a3a{HTTP/1.1, (http/1.1)}{0.0.0.0:36209}
2022-11-10 07:15:35,705 [Listener at 0.0.0.0/41867] INFO  server.Server (Server.java:doStart(415)) - Started @93185ms
2022-11-10 07:15:35,705 [Listener at 0.0.0.0/41867] WARN  impl.MetricsSystemImpl (MetricsSystemImpl.java:register(279)) - Sink prometheus already exists!
2022-11-10 07:15:35,706 [Listener at 0.0.0.0/41867] INFO  http.BaseHttpServer (BaseHttpServer.java:updateConnectorAddress(333)) - HTTP server of scm listening at http://0.0.0.0:36209
2022-11-10 07:15:35,706 [Listener at 0.0.0.0/41867] WARN  server.ServerUtils (ServerUtils.java:getDBPath(225)) - ozone.om.db.dirs is not configured. We recommend adding this setting. Falling back to ozone.metadata.dirs instead.
2022-11-10 07:15:35,707 [Listener at 0.0.0.0/41867] INFO  ha.OMHANodeDetails (OMHANodeDetails.java:loadOMHAConfig(115)) - ozone.om.internal.service.id is not defined, falling back to ozone.om.service.ids to find serviceID for OzoneManager if it is HA enabled cluster
2022-11-10 07:15:35,708 [Listener at 0.0.0.0/41867] INFO  ha.OMHANodeDetails (OMHANodeDetails.java:loadOMHAConfig(226)) - Configuration does not have ozone.om.address set. Falling back to the default OM address /127.0.0.1:0
2022-11-10 07:15:35,708 [Listener at 0.0.0.0/41867] INFO  ha.OMHANodeDetails (OMHANodeDetails.java:getOMNodeDetailsForNonHA(254)) - OM Service ID is not set. Setting it to the default ID: omServiceIdDefault
2022-11-10 07:15:35,708 [Listener at 0.0.0.0/41867] INFO  ha.OMHANodeDetails (OMHANodeDetails.java:getOMNodeDetailsForNonHA(261)) - OM Node ID is not set. Setting it to the default ID: om1
2022-11-10 07:15:35,708 [Listener at 0.0.0.0/41867] WARN  server.ServerUtils (ServerUtils.java:getDBPath(225)) - ozone.om.db.dirs is not configured. We recommend adding this setting. Falling back to ozone.metadata.dirs instead.
2022-11-10 07:15:35,709 [Listener at 0.0.0.0/41867] INFO  upgrade.AbstractLayoutVersionManager (AbstractLayoutVersionManager.java:init(83)) - Initializing Layout version manager with metadata layout = MULTITENANCY_SCHEMA (version = 3), software layout = MULTITENANCY_SCHEMA (version = 3)
2022-11-10 07:15:35,784 [Listener at 0.0.0.0/41867] INFO  reflections.Reflections (Reflections.java:scan(232)) - Reflections took 74 ms to scan 2 urls, producing 154 keys and 428 values [using 2 cores]
2022-11-10 07:15:35,785 [Listener at 0.0.0.0/41867] INFO  upgrade.OMLayoutVersionManager (OMLayoutVersionManager.java:lambda$0(115)) - Skipping Upgrade Action MockOmUpgradeAction since it has been finalized.
2022-11-10 07:15:35,785 [Listener at 0.0.0.0/41867] WARN  server.ServerUtils (ServerUtils.java:getDBPath(225)) - ozone.om.db.dirs is not configured. We recommend adding this setting. Falling back to ozone.metadata.dirs instead.
2022-11-10 07:15:35,786 [Listener at 0.0.0.0/41867] INFO  proxy.SCMBlockLocationFailoverProxyProvider (SCMBlockLocationFailoverProxyProvider.java:<init>(114)) - Created block location fail-over proxy with 1 nodes: [nodeId=scmNodeId,nodeAddress=/0.0.0.0:40683]
2022-11-10 07:15:35,787 [Listener at 0.0.0.0/41867] INFO  proxy.SCMBlockLocationFailoverProxyProvider (SCMBlockLocationFailoverProxyProvider.java:<init>(114)) - Created block location fail-over proxy with 1 nodes: [nodeId=scmNodeId,nodeAddress=/0.0.0.0:40683]
2022-11-10 07:15:35,797 [Listener at 0.0.0.0/41867] WARN  server.ServerUtils (ServerUtils.java:getDBPath(225)) - ozone.om.db.dirs is not configured. We recommend adding this setting. Falling back to ozone.metadata.dirs instead.
2022-11-10 07:15:35,797 [Listener at 0.0.0.0/41867] INFO  codec.OmKeyInfoCodec (OmKeyInfoCodec.java:<init>(49)) - OmKeyInfoCodec ignorePipeline = true
2022-11-10 07:15:35,797 [Listener at 0.0.0.0/41867] INFO  codec.RepeatedOmKeyInfoCodec (RepeatedOmKeyInfoCodec.java:<init>(41)) - RepeatedOmKeyInfoCodec ignorePipeline = true
2022-11-10 07:15:35,939 [Listener at 0.0.0.0/41867] INFO  om.OzoneManager (OzoneManager.java:instantiateServices(715)) - S3 Multi-Tenancy is disabled
2022-11-10 07:15:35,940 [Listener at 0.0.0.0/41867] INFO  om.OzoneManager (OzoneManager.java:addS3GVolumeToDB(4394)) - Created Volume s3v With Owner runner required for S3Gateway operations.
2022-11-10 07:15:35,940 [Listener at 0.0.0.0/41867] WARN  server.ServerUtils (ServerUtils.java:getDefaultRatisDirectory(237)) - Storage directory for Ratis is not configured. It is a good idea to map this to an SSD disk. Falling back to ozone.metadata.dirs
2022-11-10 07:15:35,940 [Listener at 0.0.0.0/41867] WARN  utils.OzoneManagerRatisUtils (OzoneManagerRatisUtils.java:getOMRatisSnapshotDirectory(434)) - ozone.om.ratis.snapshot.dir is not configured. Falling back to ozone.metadata.dirs config
2022-11-10 07:15:35,941 [Listener at 0.0.0.0/41867] WARN  server.ServerUtils (ServerUtils.java:getDefaultRatisDirectory(237)) - Storage directory for Ratis is not configured. It is a good idea to map this to an SSD disk. Falling back to ozone.metadata.dirs
2022-11-10 07:15:35,942 [Listener at 0.0.0.0/41867] INFO  ratis.OzoneManagerRatisServer (OzoneManagerRatisServer.java:<init>(160)) - Instantiating OM Ratis server with groupID: omServiceIdDefault and peers: localhost:9872
2022-11-10 07:15:35,942 [Listener at 0.0.0.0/41867] INFO  ratis.OzoneManagerStateMachine (OzoneManagerStateMachine.java:loadSnapshotInfoFromDB(636)) - LastAppliedIndex is set from TransactionInfo from OM DB as (t:0, i:~)
2022-11-10 07:15:35,943 [Listener at 0.0.0.0/41867] INFO  server.RaftServer (ConfUtils.java:logGet(46)) - raft.rpc.type = GRPC (default)
2022-11-10 07:15:35,943 [Listener at 0.0.0.0/41867] INFO  grpc.GrpcConfigKeys (ConfUtils.java:logFallback(53)) - raft.grpc.admin.host = null (fallback to raft.grpc.server.host)
2022-11-10 07:15:35,943 [Listener at 0.0.0.0/41867] INFO  grpc.GrpcConfigKeys (ConfUtils.java:logFallback(53)) - raft.grpc.admin.port = 9872 (fallback to raft.grpc.server.port)
2022-11-10 07:15:35,943 [Listener at 0.0.0.0/41867] INFO  grpc.GrpcConfigKeys (ConfUtils.java:logFallback(53)) - raft.grpc.client.host = null (fallback to raft.grpc.server.host)
2022-11-10 07:15:35,943 [Listener at 0.0.0.0/41867] INFO  grpc.GrpcConfigKeys (ConfUtils.java:logFallback(53)) - raft.grpc.client.port = 9872 (fallback to raft.grpc.server.port)
2022-11-10 07:15:35,944 [Listener at 0.0.0.0/41867] INFO  grpc.GrpcConfigKeys (ConfUtils.java:logGet(46)) - raft.grpc.server.host = null (default)
2022-11-10 07:15:35,944 [Listener at 0.0.0.0/41867] INFO  grpc.GrpcConfigKeys (ConfUtils.java:logGet(46)) - raft.grpc.server.port = 9872 (custom)
2022-11-10 07:15:35,944 [Listener at 0.0.0.0/41867] INFO  server.GrpcService (ConfUtils.java:logGet(46)) - raft.grpc.message.size.max = 33554432 (custom)
2022-11-10 07:15:35,944 [Listener at 0.0.0.0/41867] INFO  server.RaftServerConfigKeys (ConfUtils.java:logGet(46)) - raft.server.log.appender.buffer.byte-limit = 33554432 (custom)
2022-11-10 07:15:35,944 [Listener at 0.0.0.0/41867] INFO  server.GrpcService (ConfUtils.java:logGet(46)) - raft.grpc.flow.control.window = 1MB (=1048576) (default)
2022-11-10 07:15:35,944 [Listener at 0.0.0.0/41867] INFO  server.RaftServerConfigKeys (ConfUtils.java:logGet(46)) - raft.server.rpc.request.timeout = 3000ms (default)
2022-11-10 07:15:35,944 [Listener at 0.0.0.0/41867] INFO  grpc.GrpcConfigKeys (ConfUtils.java:logGet(46)) - raft.grpc.server.heartbeat.channel = true (default)
2022-11-10 07:15:35,945 [Listener at 0.0.0.0/41867] INFO  grpc.GrpcConfigKeys (ConfUtils.java:logGet(46)) - raft.grpc.server.async.request.thread.pool.cached = true (default)
2022-11-10 07:15:35,945 [Listener at 0.0.0.0/41867] INFO  grpc.GrpcConfigKeys (ConfUtils.java:logGet(46)) - raft.grpc.server.async.request.thread.pool.size = 32 (default)
2022-11-10 07:15:35,946 [Listener at 0.0.0.0/41867] INFO  impl.DataStreamServerImpl (ConfUtils.java:logGet(46)) - raft.datastream.type = DISABLED (default)
2022-11-10 07:15:35,946 [Listener at 0.0.0.0/41867] INFO  server.RaftServerConfigKeys (ConfUtils.java:logGet(46)) - raft.server.threadpool.proxy.cached = true (default)
2022-11-10 07:15:35,947 [Listener at 0.0.0.0/41867] INFO  server.RaftServerConfigKeys (ConfUtils.java:logGet(46)) - raft.server.threadpool.proxy.size = 0 (default)
2022-11-10 07:15:35,947 [Listener at 0.0.0.0/41867] INFO  server.RaftServerConfigKeys (ConfUtils.java:logGet(46)) - raft.server.rpc.slowness.timeout = 120s (custom)
2022-11-10 07:15:35,947 [Listener at 0.0.0.0/41867] INFO  server.RaftServerConfigKeys (ConfUtils.java:logGet(46)) - raft.server.leaderelection.leader.step-down.wait-time = 10s (default)
2022-11-10 07:15:35,947 [Listener at 0.0.0.0/41867] INFO  server.RaftServerConfigKeys (ConfUtils.java:logGet(46)) - raft.server.storage.dir = [/home/runner/work/ozone/ozone/hadoop-ozone/integration-test/target/test-dir/MiniOzoneClusterImpl-84cafbd6-325b-4886-915b-d0b5d28b8cf9/ozone-meta/ratis] (custom)
2022-11-10 07:15:35,951 [Listener at 0.0.0.0/41867] INFO  server.RaftServer (RaftServerProxy.java:addNew(96)) - om1: addNew group-C5BA1605619E:[om1|rpc:localhost:9872|priority:0|startupRole:FOLLOWER] returns group-C5BA1605619E:java.util.concurrent.CompletableFuture@23f7b16[Not completed]
2022-11-10 07:15:35,951 [pool-293-thread-1] INFO  server.RaftServer$Division (RaftServerImpl.java:<init>(195)) - om1: new RaftServerImpl for group-C5BA1605619E:[om1|rpc:localhost:9872|priority:0|startupRole:FOLLOWER] with OzoneManagerStateMachine:uninitialized
2022-11-10 07:15:35,951 [Listener at 0.0.0.0/41867] INFO  om.OzoneManager (OzoneManager.java:initializeRatisServer(1977)) - OzoneManager Ratis server initialized at port 9872
2022-11-10 07:15:35,951 [pool-293-thread-1] INFO  server.RaftServerConfigKeys (ConfUtils.java:logGet(46)) - raft.server.rpc.timeout.min = 1s (custom)
2022-11-10 07:15:35,951 [pool-293-thread-1] INFO  server.RaftServerConfigKeys (ConfUtils.java:logGet(46)) - raft.server.rpc.timeout.max = 1200ms (custom)
2022-11-10 07:15:35,951 [pool-293-thread-1] INFO  server.RaftServerConfigKeys (ConfUtils.java:logGet(46)) - raft.server.rpc.sleep.time = 25ms (default)
2022-11-10 07:15:35,951 [pool-293-thread-1] INFO  server.RaftServerConfigKeys (ConfUtils.java:logGet(46)) - raft.server.rpc.slowness.timeout = 120s (custom)
2022-11-10 07:15:35,951 [pool-293-thread-1] INFO  server.RaftServerConfigKeys (ConfUtils.java:logGet(46)) - raft.server.leaderelection.leader.step-down.wait-time = 10s (default)
2022-11-10 07:15:35,951 [pool-293-thread-1] INFO  server.RaftServerConfigKeys (ConfUtils.java:logGet(46)) - raft.server.sleep.deviation.threshold = 300ms (default)
2022-11-10 07:15:35,951 [pool-293-thread-1] INFO  server.RaftServer$Division (ServerState.java:<init>(118)) - om1@group-C5BA1605619E: ConfigurationManager, init=-1: peers:[om1|rpc:localhost:9872|priority:0|startupRole:FOLLOWER]|listeners:[], old=null, confs=<EMPTY_MAP>
2022-11-10 07:15:35,952 [pool-293-thread-1] INFO  server.RaftServerConfigKeys (ConfUtils.java:logGet(46)) - raft.server.storage.dir = [/home/runner/work/ozone/ozone/hadoop-ozone/integration-test/target/test-dir/MiniOzoneClusterImpl-84cafbd6-325b-4886-915b-d0b5d28b8cf9/ozone-meta/ratis] (custom)
2022-11-10 07:15:35,952 [Listener at 0.0.0.0/41867] INFO  om.OzoneManager (OzoneManager.java:getRpcServer(1104)) - Creating RPC Server
2022-11-10 07:15:35,954 [pool-293-thread-1] INFO  server.RaftServerConfigKeys (ConfUtils.java:logGet(46)) - raft.server.log.corruption.policy = EXCEPTION (default)
2022-11-10 07:15:35,954 [pool-293-thread-1] INFO  server.RaftServerConfigKeys (ConfUtils.java:logGet(46)) - raft.server.storage.free-space.min = 0MB (=0) (default)
2022-11-10 07:15:35,954 [pool-293-thread-1] INFO  server.RaftServerConfigKeys (ConfUtils.java:logGet(46)) - raft.server.notification.no-leader.timeout = 120s (custom)
2022-11-10 07:15:35,954 [pool-293-thread-1] INFO  server.RaftServerConfigKeys (ConfUtils.java:logGet(46)) - raft.server.retrycache.expirytime = 300s (custom)
2022-11-10 07:15:35,954 [pool-293-thread-1] INFO  server.RaftServerConfigKeys (ConfUtils.java:logGet(46)) - raft.server.retrycache.statistics.expirytime = 100μs (default)
2022-11-10 07:15:35,962 [pool-293-thread-1] INFO  server.RaftServerConfigKeys (ConfUtils.java:logGet(46)) - raft.server.log.appender.install.snapshot.enabled = false (custom)
2022-11-10 07:15:35,962 [pool-293-thread-1] INFO  server.RaftServerConfigKeys (ConfUtils.java:logGet(46)) - raft.server.threadpool.server.cached = true (default)
2022-11-10 07:15:35,962 [pool-293-thread-1] INFO  server.RaftServerConfigKeys (ConfUtils.java:logGet(46)) - raft.server.threadpool.server.size = 0 (default)
2022-11-10 07:15:35,962 [pool-293-thread-1] INFO  server.RaftServerConfigKeys (ConfUtils.java:logGet(46)) - raft.server.threadpool.client.cached = true (default)
2022-11-10 07:15:35,962 [pool-293-thread-1] INFO  server.RaftServerConfigKeys (ConfUtils.java:logGet(46)) - raft.server.threadpool.client.size = 0 (default)
2022-11-10 07:15:36,369 [Listener at 0.0.0.0/41867] INFO  reflections.Reflections (Reflections.java:scan(232)) - Reflections took 416 ms to scan 19 urls, producing 67 keys and 4327 values [using 2 cores]
2022-11-10 07:15:36,370 [Listener at 0.0.0.0/41867] INFO  ipc.CallQueueManager (CallQueueManager.java:<init>(90)) - Using callQueue: class java.util.concurrent.LinkedBlockingQueue, queueCapacity: 2000, scheduler: class org.apache.hadoop.ipc.DefaultRpcScheduler, ipcBackoff: false.
2022-11-10 07:15:36,371 [Socket Reader #1 for port 0] INFO  ipc.Server (Server.java:run(1273)) - Starting Socket Reader #1 for port 0
2022-11-10 07:15:36,393 [Listener at 127.0.0.1/43521] INFO  impl.MetricsSystemImpl (MetricsSystemImpl.java:init(158)) - OzoneManager metrics system started (again)
2022-11-10 07:15:36,404 [Listener at 127.0.0.1/43521] INFO  om.OzoneManager (OzoneManager.java:start(1484)) - OzoneManager RPC server is listening at localhost/127.0.0.1:43521
2022-11-10 07:15:36,404 [Listener at 127.0.0.1/43521] INFO  ratis.OzoneManagerRatisServer (OzoneManagerRatisServer.java:start(555)) - Starting OzoneManagerRatisServer om1 at port 9872
2022-11-10 07:15:36,404 [om1-impl-thread1] INFO  storage.RaftStorageDirectory (RaftStorageDirectoryImpl.java:analyzeStorage(137)) - The storage directory /home/runner/work/ozone/ozone/hadoop-ozone/integration-test/target/test-dir/MiniOzoneClusterImpl-84cafbd6-325b-4886-915b-d0b5d28b8cf9/ozone-meta/ratis/bf265839-605b-3f16-9796-c5ba1605619e does not exist. Creating ...
2022-11-10 07:15:36,406 [om1-impl-thread1] INFO  storage.RaftStorageDirectory (RaftStorageDirectoryImpl.java:tryLock(231)) - Lock on /home/runner/work/ozone/ozone/hadoop-ozone/integration-test/target/test-dir/MiniOzoneClusterImpl-84cafbd6-325b-4886-915b-d0b5d28b8cf9/ozone-meta/ratis/bf265839-605b-3f16-9796-c5ba1605619e/in_use.lock acquired by nodename 12028@fv-az435-205
2022-11-10 07:15:36,407 [om1-impl-thread1] INFO  storage.RaftStorage (RaftStorageImpl.java:format(96)) - Storage directory /home/runner/work/ozone/ozone/hadoop-ozone/integration-test/target/test-dir/MiniOzoneClusterImpl-84cafbd6-325b-4886-915b-d0b5d28b8cf9/ozone-meta/ratis/bf265839-605b-3f16-9796-c5ba1605619e has been successfully formatted.
2022-11-10 07:15:36,407 [om1-impl-thread1] INFO  server.RaftServerConfigKeys (ConfUtils.java:logGet(46)) - raft.server.log.use.memory = false (default)
2022-11-10 07:15:36,407 [om1-impl-thread1] INFO  server.RaftServerConfigKeys (ConfUtils.java:logGet(46)) - raft.server.log.purge.gap = 1000000 (custom)
2022-11-10 07:15:36,407 [om1-impl-thread1] INFO  server.RaftServerConfigKeys (ConfUtils.java:logGet(46)) - raft.server.log.appender.buffer.byte-limit = 33554432 (custom)
2022-11-10 07:15:36,407 [om1-impl-thread1] INFO  server.RaftServerConfigKeys (ConfUtils.java:logGet(46)) - raft.server.log.statemachine.data.read.timeout = 1000ms (default)
2022-11-10 07:15:36,407 [om1-impl-thread1] INFO  server.RaftServerConfigKeys (ConfUtils.java:logGet(46)) - raft.server.log.purge.preservation.log.num = 0 (default)
2022-11-10 07:15:36,407 [om1-impl-thread1] INFO  server.RaftServerConfigKeys (ConfUtils.java:logGet(46)) - raft.server.log.segment.size.max = 4194304 (custom)
2022-11-10 07:15:36,408 [om1-impl-thread1] INFO  server.RaftServerConfigKeys (ConfUtils.java:logGet(46)) - raft.server.log.segment.cache.num.max = 2 (custom)
2022-11-10 07:15:36,408 [om1-impl-thread1] INFO  server.RaftServerConfigKeys (ConfUtils.java:logGet(46)) - raft.server.log.segment.cache.size.max = 200MB (=209715200) (default)
2022-11-10 07:15:36,408 [om1-impl-thread1] INFO  segmented.SegmentedRaftLogWorker (SegmentedRaftLogWorker.java:<init>(191)) - new om1@group-C5BA1605619E-SegmentedRaftLogWorker for RaftStorageImpl:Storage Directory /home/runner/work/ozone/ozone/hadoop-ozone/integration-test/target/test-dir/MiniOzoneClusterImpl-84cafbd6-325b-4886-915b-d0b5d28b8cf9/ozone-meta/ratis/bf265839-605b-3f16-9796-c5ba1605619e
2022-11-10 07:15:36,408 [om1-impl-thread1] INFO  server.RaftServerConfigKeys (ConfUtils.java:logGet(46)) - raft.server.log.queue.byte-limit = 64MB (=67108864) (default)
2022-11-10 07:15:36,408 [om1-impl-thread1] INFO  server.RaftServerConfigKeys (ConfUtils.java:logGet(46)) - raft.server.log.queue.element-limit = 4096 (default)
2022-11-10 07:15:36,408 [om1-impl-thread1] INFO  server.RaftServerConfigKeys (ConfUtils.java:logGet(46)) - raft.server.log.segment.size.max = 4194304 (custom)
2022-11-10 07:15:36,408 [om1-impl-thread1] INFO  server.RaftServerConfigKeys (ConfUtils.java:logGet(46)) - raft.server.log.preallocated.size = 4194304 (custom)
2022-11-10 07:15:36,408 [om1-impl-thread1] INFO  server.RaftServerConfigKeys (ConfUtils.java:logGet(46)) - raft.server.log.force.sync.num = 128 (default)
2022-11-10 07:15:36,408 [om1-impl-thread1] INFO  server.RaftServerConfigKeys (ConfUtils.java:logGet(46)) - raft.server.log.statemachine.data.sync = true (default)
2022-11-10 07:15:36,408 [om1-impl-thread1] INFO  server.RaftServerConfigKeys (ConfUtils.java:logGet(46)) - raft.server.log.statemachine.data.sync.timeout = 10s (default)
2022-11-10 07:15:36,408 [om1-impl-thread1] INFO  server.RaftServerConfigKeys (ConfUtils.java:logGet(46)) - raft.server.log.statemachine.data.sync.timeout.retry = -1 (default)
2022-11-10 07:15:36,409 [om1-impl-thread1] INFO  server.RaftServerConfigKeys (ConfUtils.java:logGet(46)) - raft.server.log.write.buffer.size = 64KB (=65536) (default)
2022-11-10 07:15:36,409 [om1-impl-thread1] INFO  server.RaftServerConfigKeys (ConfUtils.java:logGet(46)) - raft.server.log.unsafe-flush.enabled = false (default)
2022-11-10 07:15:36,409 [om1-impl-thread1] INFO  server.RaftServerConfigKeys (ConfUtils.java:logGet(46)) - raft.server.log.async-flush.enabled = false (default)
2022-11-10 07:15:36,409 [om1-impl-thread1] INFO  server.RaftServerConfigKeys (ConfUtils.java:logGet(46)) - raft.server.log.statemachine.data.caching.enabled = false (default)
2022-11-10 07:15:36,409 [om1-impl-thread1] INFO  segmented.SegmentedRaftLogWorker (SegmentedRaftLogWorker.java:lambda$new$0(136)) - om1@group-C5BA1605619E-SegmentedRaftLogWorker: flushIndex: setUnconditionally 0 -> -1
2022-11-10 07:15:36,409 [om1-impl-thread1] INFO  segmented.SegmentedRaftLogWorker (SegmentedRaftLogWorker.java:lambda$new$0(136)) - om1@group-C5BA1605619E-SegmentedRaftLogWorker: safeCacheEvictIndex: setUnconditionally 0 -> -1
2022-11-10 07:15:36,410 [om1-impl-thread1] INFO  server.RaftServer$Division (RaftServerImpl.java:start(334)) - om1@group-C5BA1605619E: start as a follower, conf=-1: peers:[om1|rpc:localhost:9872|priority:0|startupRole:FOLLOWER]|listeners:[], old=null
2022-11-10 07:15:36,410 [om1-impl-thread1] INFO  server.RaftServer$Division (RaftServerImpl.java:setRole(321)) - om1@group-C5BA1605619E: changes role from      null to FOLLOWER at term 0 for startAsFollower
2022-11-10 07:15:36,410 [om1-impl-thread1] INFO  impl.RoleInfo (RoleInfo.java:updateAndGet(139)) - om1: start om1@group-C5BA1605619E-FollowerState
2022-11-10 07:15:36,416 [om1-impl-thread1] INFO  util.JmxRegister (JmxRegister.java:tryRegister(44)) - Successfully registered JMX Bean with object name Ratis:service=RaftServer,group=group-C5BA1605619E,id=om1
2022-11-10 07:15:36,416 [om1-impl-thread1] INFO  server.RaftServerConfigKeys (ConfUtils.java:logGet(46)) - raft.server.snapshot.auto.trigger.enabled = true (custom)
2022-11-10 07:15:36,416 [om1-impl-thread1] INFO  server.RaftServerConfigKeys (ConfUtils.java:logGet(46)) - raft.server.snapshot.auto.trigger.threshold = 400000 (default)
2022-11-10 07:15:36,416 [om1-impl-thread1] INFO  server.RaftServerConfigKeys (ConfUtils.java:logGet(46)) - raft.server.snapshot.retention.file.num = -1 (default)
2022-11-10 07:15:36,416 [om1-impl-thread1] INFO  server.RaftServerConfigKeys (ConfUtils.java:logGet(46)) - raft.server.log.purge.upto.snapshot.index = true (custom)
2022-11-10 07:15:36,417 [Listener at 127.0.0.1/43521] INFO  server.RaftServer (RaftServerProxy.java:startImpl(393)) - om1: start RPC server
2022-11-10 07:15:36,417 [om1@group-C5BA1605619E-FollowerState] INFO  server.RaftServerConfigKeys (ConfUtils.java:logFallback(53)) - raft.server.rpc.first-election.timeout.min = 1s (fallback to raft.server.rpc.timeout.min)
2022-11-10 07:15:36,418 [om1@group-C5BA1605619E-FollowerState] INFO  server.RaftServerConfigKeys (ConfUtils.java:logFallback(53)) - raft.server.rpc.first-election.timeout.max = 1200ms (fallback to raft.server.rpc.timeout.max)
2022-11-10 07:15:36,420 [Listener at 127.0.0.1/43521] INFO  server.GrpcService (GrpcService.java:startImpl(270)) - om1: GrpcService started, listening on 9872
2022-11-10 07:15:36,420 [Listener at 127.0.0.1/43521] INFO  om.OzoneManager (OzoneManager.java:start(1500)) - Version File has different layout version (3) than OM DB (null). That is expected if this OM has never been finalized to a newer layout version.
2022-11-10 07:15:36,421 [JvmPauseMonitor7] INFO  util.JvmPauseMonitor (JvmPauseMonitor.java:run(105)) - JvmPauseMonitor-om1: Started
2022-11-10 07:15:36,436 [Listener at 127.0.0.1/43521] INFO  http.BaseHttpServer (BaseHttpServer.java:newHttpServer2BuilderForOzone(213)) - Starting Web-server for ozoneManager at: http://0.0.0.0:0
2022-11-10 07:15:36,436 [Listener at 127.0.0.1/43521] INFO  http.BaseHttpServer (BaseHttpServer.java:<init>(108)) - Hadoop Security Enabled: false Ozone Security Enabled: false Ozone HTTP Security Enabled: false 
2022-11-10 07:15:36,437 [Listener at 127.0.0.1/43521] WARN  server.AuthenticationFilter (AuthenticationFilter.java:constructSecretProvider(240)) - Unable to initialize FileSignerSecretProvider, falling back to use random secrets. Reason: Could not read signature secret file: /home/runner/hadoop-http-auth-signature-secret
2022-11-10 07:15:36,438 [Listener at 127.0.0.1/43521] WARN  http.HttpRequestLog (HttpRequestLog.java:getRequestLog(103)) - Jetty request log can only be enabled using Log4j
2022-11-10 07:15:36,439 [Listener at 127.0.0.1/43521] INFO  http.HttpServer2 (HttpServer2.java:addGlobalFilter(1031)) - Added global filter 'safety' (class=org.apache.hadoop.hdds.server.http.HttpServer2$QuotingInputFilter)
2022-11-10 07:15:36,440 [Listener at 127.0.0.1/43521] INFO  http.HttpServer2 (HttpServer2.java:addFilter(1007)) - Added filter static_user_filter (class=org.apache.hadoop.http.lib.StaticUserWebFilter$StaticUserFilter) to context ozoneManager
2022-11-10 07:15:36,440 [Listener at 127.0.0.1/43521] INFO  http.HttpServer2 (HttpServer2.java:addFilter(1015)) - Added filter static_user_filter (class=org.apache.hadoop.http.lib.StaticUserWebFilter$StaticUserFilter) to context static
2022-11-10 07:15:36,440 [Listener at 127.0.0.1/43521] INFO  http.HttpServer2 (HttpServer2.java:addFilter(1015)) - Added filter static_user_filter (class=org.apache.hadoop.http.lib.StaticUserWebFilter$StaticUserFilter) to context logs
2022-11-10 07:15:36,440 [Listener at 127.0.0.1/43521] INFO  http.HttpServer2 (HttpServer2.java:bindListener(1250)) - Jetty bound to port 45679
2022-11-10 07:15:36,443 [Listener at 127.0.0.1/43521] INFO  server.Server (Server.java:doStart(375)) - jetty-9.4.49.v20220914; built: 2022-09-14T01:07:36.601Z; git: 4231a3b2e4cb8548a412a789936d640a97b1aa0a; jvm 1.8.0_345-b01
2022-11-10 07:15:36,444 [Listener at 127.0.0.1/43521] INFO  server.session (DefaultSessionIdManager.java:doStart(334)) - DefaultSessionIdManager workerName=node0
2022-11-10 07:15:36,444 [Listener at 127.0.0.1/43521] INFO  server.session (DefaultSessionIdManager.java:doStart(339)) - No SessionScavenger set, using defaults
2022-11-10 07:15:36,444 [Listener at 127.0.0.1/43521] INFO  server.session (HouseKeeper.java:startScavenging(132)) - node0 Scavenging every 660000ms
2022-11-10 07:15:36,445 [Listener at 127.0.0.1/43521] INFO  handler.ContextHandler (ContextHandler.java:doStart(921)) - Started o.e.j.s.ServletContextHandler@27bda972{logs,/logs,file:///home/runner/work/ozone/ozone/hadoop-ozone/integration-test/target/log,AVAILABLE}
2022-11-10 07:15:36,445 [Listener at 127.0.0.1/43521] INFO  handler.ContextHandler (ContextHandler.java:doStart(921)) - Started o.e.j.s.ServletContextHandler@1da91851{static,/static,file:///home/runner/work/ozone/ozone/hadoop-ozone/integration-test/target/test-classes/webapps/static,AVAILABLE}
2022-11-10 07:15:36,453 [Listener at 127.0.0.1/43521] INFO  handler.ContextHandler (ContextHandler.java:doStart(921)) - Started o.e.j.w.WebAppContext@318be20{ozoneManager,/,file:///home/runner/work/ozone/ozone/hadoop-ozone/integration-test/target/test-classes/webapps/ozoneManager/,AVAILABLE}{file:/home/runner/work/ozone/ozone/hadoop-ozone/integration-test/target/test-classes/webapps/ozoneManager}
2022-11-10 07:15:36,455 [Listener at 127.0.0.1/43521] INFO  server.AbstractConnector (AbstractConnector.java:doStart(333)) - Started ServerConnector@1796b26{HTTP/1.1, (http/1.1)}{0.0.0.0:45679}
2022-11-10 07:15:36,456 [Listener at 127.0.0.1/43521] INFO  server.Server (Server.java:doStart(415)) - Started @93936ms
2022-11-10 07:15:36,456 [Listener at 127.0.0.1/43521] WARN  impl.MetricsSystemImpl (MetricsSystemImpl.java:register(279)) - Sink prometheus already exists!
2022-11-10 07:15:36,456 [Listener at 127.0.0.1/43521] INFO  http.BaseHttpServer (BaseHttpServer.java:updateConnectorAddress(333)) - HTTP server of ozoneManager listening at http://0.0.0.0:45679
2022-11-10 07:15:36,457 [IPC Server Responder] INFO  ipc.Server (Server.java:run(1512)) - IPC Server Responder: starting
2022-11-10 07:15:36,457 [IPC Server listener on 0] INFO  ipc.Server (Server.java:run(1352)) - IPC Server listener on 0: starting
2022-11-10 07:15:36,463 [Listener at 127.0.0.1/43521] INFO  om.OzoneManager (OzoneManager.java:startTrashEmptier(1921)) - Trash Interval set to 0. Files deleted won't move to trash
2022-11-10 07:15:36,477 [org.apache.hadoop.util.JvmPauseMonitor$Monitor@14aec0e4] INFO  util.JvmPauseMonitor (JvmPauseMonitor.java:run(188)) - Starting JVM pause monitor
2022-11-10 07:15:36,481 [Listener at 127.0.0.1/43521] WARN  impl.MetricRegistriesImpl (MetricRegistriesImpl.java:addReporterRegistration(111)) - New reporters are added after registries were created. Some metrics will be missing from the reporter. Please add reporter before adding any new registry.
2022-11-10 07:15:36,481 [Listener at 127.0.0.1/43521] WARN  impl.MetricRegistriesImpl (MetricRegistriesImpl.java:addReporterRegistration(111)) - New reporters are added after registries were created. Some metrics will be missing from the reporter. Please add reporter before adding any new registry.
2022-11-10 07:15:36,481 [Listener at 127.0.0.1/43521] INFO  impl.MetricsSystemImpl (MetricsSystemImpl.java:init(158)) - HddsDatanode metrics system started (again)
2022-11-10 07:15:36,493 [Listener at 127.0.0.1/43521] INFO  ozone.HddsDatanodeService (HddsDatanodeService.java:start(236)) - HddsDatanodeService host:fv-az435-205.hcxxyugg5vdudo0mn2smve0l3g.cx.internal.cloudapp.net ip:10.1.0.59
2022-11-10 07:15:36,512 [Listener at 127.0.0.1/43521] INFO  upgrade.AbstractLayoutVersionManager (AbstractLayoutVersionManager.java:init(83)) - Initializing Layout version manager with metadata layout = DATANODE_SCHEMA_V3 (version = 4), software layout = DATANODE_SCHEMA_V3 (version = 4)
2022-11-10 07:15:36,554 [Listener at 127.0.0.1/43521] INFO  reflections.Reflections (Reflections.java:scan(232)) - Reflections took 40 ms to scan 7 urls, producing 139 keys and 336 values 
2022-11-10 07:15:36,555 [Listener at 127.0.0.1/43521] INFO  statemachine.DatanodeStateMachine (DatanodeStateMachine.java:getEndPointTaskThreadPoolSize(245)) - Datanode State Machine Task Thread Pool size 2
2022-11-10 07:15:36,558 [Listener at 127.0.0.1/43521] INFO  volume.HddsVolume (HddsVolume.java:<init>(117)) - Creating HddsVolume: /home/runner/work/ozone/ozone/hadoop-ozone/integration-test/target/test-dir/MiniOzoneClusterImpl-84cafbd6-325b-4886-915b-d0b5d28b8cf9/datanode-0/data-0/containers/hdds of storage type : DISK capacity : 9223372036854775807
2022-11-10 07:15:36,558 [Listener at 127.0.0.1/43521] INFO  volume.MutableVolumeSet (MutableVolumeSet.java:initializeVolumeSet(174)) - Added Volume : /home/runner/work/ozone/ozone/hadoop-ozone/integration-test/target/test-dir/MiniOzoneClusterImpl-84cafbd6-325b-4886-915b-d0b5d28b8cf9/datanode-0/data-0/containers/hdds to VolumeSet
2022-11-10 07:15:36,558 [Listener at 127.0.0.1/43521] INFO  volume.ThrottledAsyncChecker (ThrottledAsyncChecker.java:schedule(141)) - Scheduling a check for /home/runner/work/ozone/ozone/hadoop-ozone/integration-test/target/test-dir/MiniOzoneClusterImpl-84cafbd6-325b-4886-915b-d0b5d28b8cf9/datanode-0/data-0/containers/hdds
2022-11-10 07:15:36,558 [Listener at 127.0.0.1/43521] INFO  volume.StorageVolumeChecker (StorageVolumeChecker.java:checkAllVolumes(202)) - Scheduled health check for volume /home/runner/work/ozone/ozone/hadoop-ozone/integration-test/target/test-dir/MiniOzoneClusterImpl-84cafbd6-325b-4886-915b-d0b5d28b8cf9/datanode-0/data-0/containers/hdds
2022-11-10 07:15:36,570 [Listener at 127.0.0.1/43521] INFO  volume.MutableVolumeSet (MutableVolumeSet.java:initializeVolumeSet(174)) - Added Volume : /home/runner/work/ozone/ozone/hadoop-ozone/integration-test/target/test-dir/MiniOzoneClusterImpl-84cafbd6-325b-4886-915b-d0b5d28b8cf9/datanode-0/data/ratis to VolumeSet
2022-11-10 07:15:36,570 [Listener at 127.0.0.1/43521] INFO  volume.ThrottledAsyncChecker (ThrottledAsyncChecker.java:schedule(141)) - Scheduling a check for /home/runner/work/ozone/ozone/hadoop-ozone/integration-test/target/test-dir/MiniOzoneClusterImpl-84cafbd6-325b-4886-915b-d0b5d28b8cf9/datanode-0/data/ratis
2022-11-10 07:15:36,570 [Listener at 127.0.0.1/43521] INFO  volume.StorageVolumeChecker (StorageVolumeChecker.java:checkAllVolumes(202)) - Scheduled health check for volume /home/runner/work/ozone/ozone/hadoop-ozone/integration-test/target/test-dir/MiniOzoneClusterImpl-84cafbd6-325b-4886-915b-d0b5d28b8cf9/datanode-0/data/ratis
2022-11-10 07:15:36,580 [Thread-633] INFO  ozoneimpl.ContainerReader (ContainerReader.java:readVolume(175)) - Finish verifying containers on volume /home/runner/work/ozone/ozone/hadoop-ozone/integration-test/target/test-dir/MiniOzoneClusterImpl-84cafbd6-325b-4886-915b-d0b5d28b8cf9/datanode-0/data-0/containers/hdds
2022-11-10 07:15:36,580 [Listener at 127.0.0.1/43521] INFO  ozoneimpl.OzoneContainer (OzoneContainer.java:buildContainerSet(300)) - Build ContainerSet costs 0s
2022-11-10 07:15:36,582 [Listener at 127.0.0.1/43521] INFO  server.RaftServer (ConfUtils.java:logGet(46)) - raft.rpc.type = GRPC (default)
2022-11-10 07:15:36,582 [Listener at 127.0.0.1/43521] INFO  grpc.GrpcConfigKeys (ConfUtils.java:logFallback(53)) - raft.grpc.admin.host = null (fallback to raft.grpc.server.host)
2022-11-10 07:15:36,582 [Listener at 127.0.0.1/43521] INFO  grpc.GrpcConfigKeys (ConfUtils.java:logGet(46)) - raft.grpc.admin.port = 0 (custom)
2022-11-10 07:15:36,583 [Listener at 127.0.0.1/43521] INFO  grpc.GrpcConfigKeys (ConfUtils.java:logFallback(53)) - raft.grpc.client.host = null (fallback to raft.grpc.server.host)
2022-11-10 07:15:36,583 [Listener at 127.0.0.1/43521] INFO  grpc.GrpcConfigKeys (ConfUtils.java:logGet(46)) - raft.grpc.client.port = 0 (custom)
2022-11-10 07:15:36,583 [Listener at 127.0.0.1/43521] INFO  grpc.GrpcConfigKeys (ConfUtils.java:logGet(46)) - raft.grpc.server.host = null (default)
2022-11-10 07:15:36,583 [Listener at 127.0.0.1/43521] INFO  grpc.GrpcConfigKeys (ConfUtils.java:logGet(46)) - raft.grpc.server.port = 0 (default)
2022-11-10 07:15:36,583 [Listener at 127.0.0.1/43521] INFO  server.GrpcService (ConfUtils.java:logGet(46)) - raft.grpc.message.size.max = 32MB (=33554432) (custom)
2022-11-10 07:15:36,583 [Listener at 127.0.0.1/43521] INFO  server.RaftServerConfigKeys (ConfUtils.java:logGet(46)) - raft.server.log.appender.buffer.byte-limit = 33554432 (custom)
2022-11-10 07:15:36,583 [Listener at 127.0.0.1/43521] INFO  server.GrpcService (ConfUtils.java:logGet(46)) - raft.grpc.flow.control.window = 5MB (=5242880) (custom)
2022-11-10 07:15:36,583 [Listener at 127.0.0.1/43521] INFO  server.RaftServerConfigKeys (ConfUtils.java:logGet(46)) - raft.server.rpc.request.timeout = 60s (custom)
2022-11-10 07:15:36,584 [Listener at 127.0.0.1/43521] INFO  grpc.GrpcConfigKeys (ConfUtils.java:logGet(46)) - raft.grpc.server.heartbeat.channel = true (default)
2022-11-10 07:15:36,584 [Listener at 127.0.0.1/43521] INFO  grpc.GrpcConfigKeys (ConfUtils.java:logGet(46)) - raft.grpc.server.async.request.thread.pool.cached = true (default)
2022-11-10 07:15:36,584 [Listener at 127.0.0.1/43521] INFO  grpc.GrpcConfigKeys (ConfUtils.java:logGet(46)) - raft.grpc.server.async.request.thread.pool.size = 32 (default)
2022-11-10 07:15:36,585 [Listener at 127.0.0.1/43521] INFO  impl.DataStreamServerImpl (ConfUtils.java:logGet(46)) - raft.datastream.type = DISABLED (default)
2022-11-10 07:15:36,585 [Listener at 127.0.0.1/43521] INFO  server.RaftServerConfigKeys (ConfUtils.java:logGet(46)) - raft.server.threadpool.proxy.cached = true (default)
2022-11-10 07:15:36,585 [Listener at 127.0.0.1/43521] INFO  server.RaftServerConfigKeys (ConfUtils.java:logGet(46)) - raft.server.threadpool.proxy.size = 0 (default)
2022-11-10 07:15:36,585 [Listener at 127.0.0.1/43521] INFO  server.RaftServerConfigKeys (ConfUtils.java:logGet(46)) - raft.server.rpc.slowness.timeout = 300s (custom)
2022-11-10 07:15:36,586 [Listener at 127.0.0.1/43521] INFO  server.RaftServerConfigKeys (ConfUtils.java:logGet(46)) - raft.server.leaderelection.leader.step-down.wait-time = 10s (default)
2022-11-10 07:15:36,586 [Listener at 127.0.0.1/43521] INFO  server.RaftServerConfigKeys (ConfUtils.java:logGet(46)) - raft.server.storage.dir = [/home/runner/work/ozone/ozone/hadoop-ozone/integration-test/target/test-dir/MiniOzoneClusterImpl-84cafbd6-325b-4886-915b-d0b5d28b8cf9/datanode-0/data/ratis] (custom)
2022-11-10 07:15:36,592 [Listener at 127.0.0.1/43521] INFO  server.XceiverServerGrpc (XceiverServerGrpc.java:<init>(132)) - GrpcServer channel type EpollServerSocketChannel
2022-11-10 07:15:36,595 [Listener at 127.0.0.1/43521] INFO  http.BaseHttpServer (BaseHttpServer.java:newHttpServer2BuilderForOzone(213)) - Starting Web-server for hddsDatanode at: http://0.0.0.0:0
2022-11-10 07:15:36,595 [Listener at 127.0.0.1/43521] INFO  http.BaseHttpServer (BaseHttpServer.java:<init>(108)) - Hadoop Security Enabled: false Ozone Security Enabled: false Ozone HTTP Security Enabled: false 
2022-11-10 07:15:36,597 [Listener at 127.0.0.1/43521] WARN  server.AuthenticationFilter (AuthenticationFilter.java:constructSecretProvider(240)) - Unable to initialize FileSignerSecretProvider, falling back to use random secrets. Reason: Could not read signature secret file: /home/runner/hadoop-http-auth-signature-secret
2022-11-10 07:15:36,599 [Listener at 127.0.0.1/43521] WARN  http.HttpRequestLog (HttpRequestLog.java:getRequestLog(103)) - Jetty request log can only be enabled using Log4j
2022-11-10 07:15:36,600 [Listener at 127.0.0.1/43521] INFO  http.HttpServer2 (HttpServer2.java:addGlobalFilter(1031)) - Added global filter 'safety' (class=org.apache.hadoop.hdds.server.http.HttpServer2$QuotingInputFilter)
2022-11-10 07:15:36,601 [Listener at 127.0.0.1/43521] INFO  http.HttpServer2 (HttpServer2.java:addFilter(1007)) - Added filter static_user_filter (class=org.apache.hadoop.http.lib.StaticUserWebFilter$StaticUserFilter) to context hddsDatanode
2022-11-10 07:15:36,601 [Listener at 127.0.0.1/43521] INFO  http.HttpServer2 (HttpServer2.java:addFilter(1015)) - Added filter static_user_filter (class=org.apache.hadoop.http.lib.StaticUserWebFilter$StaticUserFilter) to context static
2022-11-10 07:15:36,601 [Listener at 127.0.0.1/43521] INFO  http.HttpServer2 (HttpServer2.java:addFilter(1015)) - Added filter static_user_filter (class=org.apache.hadoop.http.lib.StaticUserWebFilter$StaticUserFilter) to context logs
2022-11-10 07:15:36,602 [Listener at 127.0.0.1/43521] INFO  http.HttpServer2 (HttpServer2.java:bindListener(1250)) - Jetty bound to port 33095
2022-11-10 07:15:36,602 [Listener at 127.0.0.1/43521] INFO  server.Server (Server.java:doStart(375)) - jetty-9.4.49.v20220914; built: 2022-09-14T01:07:36.601Z; git: 4231a3b2e4cb8548a412a789936d640a97b1aa0a; jvm 1.8.0_345-b01
2022-11-10 07:15:36,619 [Listener at 127.0.0.1/43521] INFO  server.session (DefaultSessionIdManager.java:doStart(334)) - DefaultSessionIdManager workerName=node0
2022-11-10 07:15:36,619 [Listener at 127.0.0.1/43521] INFO  server.session (DefaultSessionIdManager.java:doStart(339)) - No SessionScavenger set, using defaults
2022-11-10 07:15:36,620 [Listener at 127.0.0.1/43521] INFO  server.session (HouseKeeper.java:startScavenging(132)) - node0 Scavenging every 600000ms
2022-11-10 07:15:36,622 [Listener at 127.0.0.1/43521] INFO  handler.ContextHandler (ContextHandler.java:doStart(921)) - Started o.e.j.s.ServletContextHandler@6cc4aa3d{logs,/logs,file:///home/runner/work/ozone/ozone/hadoop-ozone/integration-test/target/log,AVAILABLE}
2022-11-10 07:15:36,623 [Listener at 127.0.0.1/43521] INFO  handler.ContextHandler (ContextHandler.java:doStart(921)) - Started o.e.j.s.ServletContextHandler@a429406{static,/static,jar:file:/home/runner/.m2/repository/org/apache/ozone/hdds-container-service/1.3.0-SNAPSHOT/hdds-container-service-1.3.0-SNAPSHOT.jar!/webapps/static,AVAILABLE}
2022-11-10 07:15:36,811 [Listener at 127.0.0.1/43521] INFO  handler.ContextHandler (ContextHandler.java:doStart(921)) - Started o.e.j.w.WebAppContext@ad9f257{hddsDatanode,/,file:///tmp/jetty-0_0_0_0-33095-hdds-container-service-1_3_0-SNAPSHOT_jar-_-any-8233384177643156889/webapp/,AVAILABLE}{jar:file:/home/runner/.m2/repository/org/apache/ozone/hdds-container-service/1.3.0-SNAPSHOT/hdds-container-service-1.3.0-SNAPSHOT.jar!/webapps/hddsDatanode}
2022-11-10 07:15:36,813 [Listener at 127.0.0.1/43521] INFO  server.AbstractConnector (AbstractConnector.java:doStart(333)) - Started ServerConnector@e6939{HTTP/1.1, (http/1.1)}{0.0.0.0:33095}
2022-11-10 07:15:36,813 [Listener at 127.0.0.1/43521] INFO  server.Server (Server.java:doStart(415)) - Started @94293ms
2022-11-10 07:15:36,813 [Listener at 127.0.0.1/43521] WARN  impl.MetricsSystemImpl (MetricsSystemImpl.java:register(279)) - Sink prometheus already exists!
2022-11-10 07:15:36,814 [Listener at 127.0.0.1/43521] INFO  http.BaseHttpServer (BaseHttpServer.java:updateConnectorAddress(333)) - HTTP server of hddsDatanode listening at http://0.0.0.0:33095
2022-11-10 07:15:36,815 [Datanode State Machine Daemon Thread] INFO  statemachine.DatanodeStateMachine (DatanodeStateMachine.java:lambda$startDaemon$0(505)) - Ozone container server started.
2022-11-10 07:15:36,815 [Listener at 127.0.0.1/43521] WARN  impl.MetricRegistriesImpl (MetricRegistriesImpl.java:addReporterRegistration(111)) - New reporters are added after registries were created. Some metrics will be missing from the reporter. Please add reporter before adding any new registry.
2022-11-10 07:15:36,815 [Listener at 127.0.0.1/43521] WARN  impl.MetricRegistriesImpl (MetricRegistriesImpl.java:addReporterRegistration(111)) - New reporters are added after registries were created. Some metrics will be missing from the reporter. Please add reporter before adding any new registry.
2022-11-10 07:15:36,816 [Listener at 127.0.0.1/43521] INFO  impl.MetricsSystemImpl (MetricsSystemImpl.java:init(158)) - HddsDatanode metrics system started (again)
2022-11-10 07:15:36,831 [Listener at 127.0.0.1/43521] INFO  ozone.HddsDatanodeService (HddsDatanodeService.java:start(236)) - HddsDatanodeService host:fv-az435-205.hcxxyugg5vdudo0mn2smve0l3g.cx.internal.cloudapp.net ip:10.1.0.59
2022-11-10 07:15:36,843 [org.apache.hadoop.util.JvmPauseMonitor$Monitor@34b891f6] INFO  util.JvmPauseMonitor (JvmPauseMonitor.java:run(188)) - Starting JVM pause monitor
2022-11-10 07:15:36,855 [Listener at 127.0.0.1/43521] INFO  upgrade.AbstractLayoutVersionManager (AbstractLayoutVersionManager.java:init(83)) - Initializing Layout version manager with metadata layout = DATANODE_SCHEMA_V3 (version = 4), software layout = DATANODE_SCHEMA_V3 (version = 4)
2022-11-10 07:15:36,856 [Datanode State Machine Task Thread - 0] INFO  datanode.InitDatanodeState (InitDatanodeState.java:persistContainerDatanodeDetails(138)) - DatanodeDetails is persisted to /home/runner/work/ozone/ozone/hadoop-ozone/integration-test/target/test-dir/MiniOzoneClusterImpl-84cafbd6-325b-4886-915b-d0b5d28b8cf9/datanode-0/meta/datanode.id
2022-11-10 07:15:36,898 [Listener at 127.0.0.1/43521] INFO  reflections.Reflections (Reflections.java:scan(232)) - Reflections took 41 ms to scan 7 urls, producing 139 keys and 336 values 
2022-11-10 07:15:36,899 [Listener at 127.0.0.1/43521] INFO  statemachine.DatanodeStateMachine (DatanodeStateMachine.java:getEndPointTaskThreadPoolSize(245)) - Datanode State Machine Task Thread Pool size 2
2022-11-10 07:15:36,901 [Listener at 127.0.0.1/43521] INFO  volume.HddsVolume (HddsVolume.java:<init>(117)) - Creating HddsVolume: /home/runner/work/ozone/ozone/hadoop-ozone/integration-test/target/test-dir/MiniOzoneClusterImpl-84cafbd6-325b-4886-915b-d0b5d28b8cf9/datanode-1/data-0/containers/hdds of storage type : DISK capacity : 9223372036854775807
2022-11-10 07:15:36,901 [Listener at 127.0.0.1/43521] INFO  volume.MutableVolumeSet (MutableVolumeSet.java:initializeVolumeSet(174)) - Added Volume : /home/runner/work/ozone/ozone/hadoop-ozone/integration-test/target/test-dir/MiniOzoneClusterImpl-84cafbd6-325b-4886-915b-d0b5d28b8cf9/datanode-1/data-0/containers/hdds to VolumeSet
2022-11-10 07:15:36,901 [Listener at 127.0.0.1/43521] INFO  volume.ThrottledAsyncChecker (ThrottledAsyncChecker.java:schedule(141)) - Scheduling a check for /home/runner/work/ozone/ozone/hadoop-ozone/integration-test/target/test-dir/MiniOzoneClusterImpl-84cafbd6-325b-4886-915b-d0b5d28b8cf9/datanode-1/data-0/containers/hdds
2022-11-10 07:15:36,903 [Listener at 127.0.0.1/43521] INFO  volume.StorageVolumeChecker (StorageVolumeChecker.java:checkAllVolumes(202)) - Scheduled health check for volume /home/runner/work/ozone/ozone/hadoop-ozone/integration-test/target/test-dir/MiniOzoneClusterImpl-84cafbd6-325b-4886-915b-d0b5d28b8cf9/datanode-1/data-0/containers/hdds
2022-11-10 07:15:36,914 [Listener at 127.0.0.1/43521] INFO  volume.MutableVolumeSet (MutableVolumeSet.java:initializeVolumeSet(174)) - Added Volume : /home/runner/work/ozone/ozone/hadoop-ozone/integration-test/target/test-dir/MiniOzoneClusterImpl-84cafbd6-325b-4886-915b-d0b5d28b8cf9/datanode-1/data/ratis to VolumeSet
2022-11-10 07:15:36,914 [Listener at 127.0.0.1/43521] INFO  volume.ThrottledAsyncChecker (ThrottledAsyncChecker.java:schedule(141)) - Scheduling a check for /home/runner/work/ozone/ozone/hadoop-ozone/integration-test/target/test-dir/MiniOzoneClusterImpl-84cafbd6-325b-4886-915b-d0b5d28b8cf9/datanode-1/data/ratis
2022-11-10 07:15:36,915 [Listener at 127.0.0.1/43521] INFO  volume.StorageVolumeChecker (StorageVolumeChecker.java:checkAllVolumes(202)) - Scheduled health check for volume /home/runner/work/ozone/ozone/hadoop-ozone/integration-test/target/test-dir/MiniOzoneClusterImpl-84cafbd6-325b-4886-915b-d0b5d28b8cf9/datanode-1/data/ratis
2022-11-10 07:15:36,925 [Thread-646] INFO  ozoneimpl.ContainerReader (ContainerReader.java:readVolume(175)) - Finish verifying containers on volume /home/runner/work/ozone/ozone/hadoop-ozone/integration-test/target/test-dir/MiniOzoneClusterImpl-84cafbd6-325b-4886-915b-d0b5d28b8cf9/datanode-1/data-0/containers/hdds
2022-11-10 07:15:36,925 [Listener at 127.0.0.1/43521] INFO  ozoneimpl.OzoneContainer (OzoneContainer.java:buildContainerSet(300)) - Build ContainerSet costs 0s
2022-11-10 07:15:36,927 [Listener at 127.0.0.1/43521] INFO  server.RaftServer (ConfUtils.java:logGet(46)) - raft.rpc.type = GRPC (default)
2022-11-10 07:15:36,927 [Listener at 127.0.0.1/43521] INFO  grpc.GrpcConfigKeys (ConfUtils.java:logFallback(53)) - raft.grpc.admin.host = null (fallback to raft.grpc.server.host)
2022-11-10 07:15:36,927 [Listener at 127.0.0.1/43521] INFO  grpc.GrpcConfigKeys (ConfUtils.java:logGet(46)) - raft.grpc.admin.port = 0 (custom)
2022-11-10 07:15:36,927 [Listener at 127.0.0.1/43521] INFO  grpc.GrpcConfigKeys (ConfUtils.java:logFallback(53)) - raft.grpc.client.host = null (fallback to raft.grpc.server.host)
2022-11-10 07:15:36,927 [Listener at 127.0.0.1/43521] INFO  grpc.GrpcConfigKeys (ConfUtils.java:logGet(46)) - raft.grpc.client.port = 0 (custom)
2022-11-10 07:15:36,927 [Listener at 127.0.0.1/43521] INFO  grpc.GrpcConfigKeys (ConfUtils.java:logGet(46)) - raft.grpc.server.host = null (default)
2022-11-10 07:15:36,928 [Listener at 127.0.0.1/43521] INFO  grpc.GrpcConfigKeys (ConfUtils.java:logGet(46)) - raft.grpc.server.port = 0 (default)
2022-11-10 07:15:36,928 [Listener at 127.0.0.1/43521] INFO  server.GrpcService (ConfUtils.java:logGet(46)) - raft.grpc.message.size.max = 32MB (=33554432) (custom)
2022-11-10 07:15:36,928 [Listener at 127.0.0.1/43521] INFO  server.RaftServerConfigKeys (ConfUtils.java:logGet(46)) - raft.server.log.appender.buffer.byte-limit = 33554432 (custom)
2022-11-10 07:15:36,928 [Listener at 127.0.0.1/43521] INFO  server.GrpcService (ConfUtils.java:logGet(46)) - raft.grpc.flow.control.window = 5MB (=5242880) (custom)
2022-11-10 07:15:36,928 [Listener at 127.0.0.1/43521] INFO  server.RaftServerConfigKeys (ConfUtils.java:logGet(46)) - raft.server.rpc.request.timeout = 60s (custom)
2022-11-10 07:15:36,928 [Listener at 127.0.0.1/43521] INFO  grpc.GrpcConfigKeys (ConfUtils.java:logGet(46)) - raft.grpc.server.heartbeat.channel = true (default)
2022-11-10 07:15:36,928 [Listener at 127.0.0.1/43521] INFO  grpc.GrpcConfigKeys (ConfUtils.java:logGet(46)) - raft.grpc.server.async.request.thread.pool.cached = true (default)
2022-11-10 07:15:36,928 [Listener at 127.0.0.1/43521] INFO  grpc.GrpcConfigKeys (ConfUtils.java:logGet(46)) - raft.grpc.server.async.request.thread.pool.size = 32 (default)
2022-11-10 07:15:36,929 [Listener at 127.0.0.1/43521] INFO  impl.DataStreamServerImpl (ConfUtils.java:logGet(46)) - raft.datastream.type = DISABLED (default)
2022-11-10 07:15:36,930 [Listener at 127.0.0.1/43521] INFO  server.RaftServerConfigKeys (ConfUtils.java:logGet(46)) - raft.server.threadpool.proxy.cached = true (default)
2022-11-10 07:15:36,930 [Listener at 127.0.0.1/43521] INFO  server.RaftServerConfigKeys (ConfUtils.java:logGet(46)) - raft.server.threadpool.proxy.size = 0 (default)
2022-11-10 07:15:36,930 [Listener at 127.0.0.1/43521] INFO  server.RaftServerConfigKeys (ConfUtils.java:logGet(46)) - raft.server.rpc.slowness.timeout = 300s (custom)
2022-11-10 07:15:36,930 [Listener at 127.0.0.1/43521] INFO  server.RaftServerConfigKeys (ConfUtils.java:logGet(46)) - raft.server.leaderelection.leader.step-down.wait-time = 10s (default)
2022-11-10 07:15:36,930 [Listener at 127.0.0.1/43521] INFO  server.RaftServerConfigKeys (ConfUtils.java:logGet(46)) - raft.server.storage.dir = [/home/runner/work/ozone/ozone/hadoop-ozone/integration-test/target/test-dir/MiniOzoneClusterImpl-84cafbd6-325b-4886-915b-d0b5d28b8cf9/datanode-1/data/ratis] (custom)
2022-11-10 07:15:36,932 [Listener at 127.0.0.1/43521] INFO  server.XceiverServerGrpc (XceiverServerGrpc.java:<init>(132)) - GrpcServer channel type EpollServerSocketChannel
2022-11-10 07:15:36,935 [Listener at 127.0.0.1/43521] INFO  http.BaseHttpServer (BaseHttpServer.java:newHttpServer2BuilderForOzone(213)) - Starting Web-server for hddsDatanode at: http://0.0.0.0:0
2022-11-10 07:15:36,935 [Listener at 127.0.0.1/43521] INFO  http.BaseHttpServer (BaseHttpServer.java:<init>(108)) - Hadoop Security Enabled: false Ozone Security Enabled: false Ozone HTTP Security Enabled: false 
2022-11-10 07:15:36,936 [Listener at 127.0.0.1/43521] WARN  server.AuthenticationFilter (AuthenticationFilter.java:constructSecretProvider(240)) - Unable to initialize FileSignerSecretProvider, falling back to use random secrets. Reason: Could not read signature secret file: /home/runner/hadoop-http-auth-signature-secret
2022-11-10 07:15:36,937 [Listener at 127.0.0.1/43521] WARN  http.HttpRequestLog (HttpRequestLog.java:getRequestLog(103)) - Jetty request log can only be enabled using Log4j
2022-11-10 07:15:36,938 [Listener at 127.0.0.1/43521] INFO  http.HttpServer2 (HttpServer2.java:addGlobalFilter(1031)) - Added global filter 'safety' (class=org.apache.hadoop.hdds.server.http.HttpServer2$QuotingInputFilter)
2022-11-10 07:15:36,938 [Listener at 127.0.0.1/43521] INFO  http.HttpServer2 (HttpServer2.java:addFilter(1007)) - Added filter static_user_filter (class=org.apache.hadoop.http.lib.StaticUserWebFilter$StaticUserFilter) to context hddsDatanode
2022-11-10 07:15:36,939 [Listener at 127.0.0.1/43521] INFO  http.HttpServer2 (HttpServer2.java:addFilter(1015)) - Added filter static_user_filter (class=org.apache.hadoop.http.lib.StaticUserWebFilter$StaticUserFilter) to context static
2022-11-10 07:15:36,939 [Listener at 127.0.0.1/43521] INFO  http.HttpServer2 (HttpServer2.java:addFilter(1015)) - Added filter static_user_filter (class=org.apache.hadoop.http.lib.StaticUserWebFilter$StaticUserFilter) to context logs
2022-11-10 07:15:36,939 [Listener at 127.0.0.1/43521] INFO  http.HttpServer2 (HttpServer2.java:bindListener(1250)) - Jetty bound to port 41193
2022-11-10 07:15:36,939 [Listener at 127.0.0.1/43521] INFO  server.Server (Server.java:doStart(375)) - jetty-9.4.49.v20220914; built: 2022-09-14T01:07:36.601Z; git: 4231a3b2e4cb8548a412a789936d640a97b1aa0a; jvm 1.8.0_345-b01
2022-11-10 07:15:36,940 [Listener at 127.0.0.1/43521] INFO  server.session (DefaultSessionIdManager.java:doStart(334)) - DefaultSessionIdManager workerName=node0
2022-11-10 07:15:36,941 [Listener at 127.0.0.1/43521] INFO  server.session (DefaultSessionIdManager.java:doStart(339)) - No SessionScavenger set, using defaults
2022-11-10 07:15:36,941 [Listener at 127.0.0.1/43521] INFO  server.session (HouseKeeper.java:startScavenging(132)) - node0 Scavenging every 600000ms
2022-11-10 07:15:36,941 [Listener at 127.0.0.1/43521] INFO  handler.ContextHandler (ContextHandler.java:doStart(921)) - Started o.e.j.s.ServletContextHandler@203cc120{logs,/logs,file:///home/runner/work/ozone/ozone/hadoop-ozone/integration-test/target/log,AVAILABLE}
2022-11-10 07:15:36,942 [Listener at 127.0.0.1/43521] INFO  handler.ContextHandler (ContextHandler.java:doStart(921)) - Started o.e.j.s.ServletContextHandler@176c15d8{static,/static,jar:file:/home/runner/.m2/repository/org/apache/ozone/hdds-container-service/1.3.0-SNAPSHOT/hdds-container-service-1.3.0-SNAPSHOT.jar!/webapps/static,AVAILABLE}
2022-11-10 07:15:37,105 [Listener at 127.0.0.1/43521] INFO  handler.ContextHandler (ContextHandler.java:doStart(921)) - Started o.e.j.w.WebAppContext@1f5e7fe1{hddsDatanode,/,file:///tmp/jetty-0_0_0_0-41193-hdds-container-service-1_3_0-SNAPSHOT_jar-_-any-3529641073195254312/webapp/,AVAILABLE}{jar:file:/home/runner/.m2/repository/org/apache/ozone/hdds-container-service/1.3.0-SNAPSHOT/hdds-container-service-1.3.0-SNAPSHOT.jar!/webapps/hddsDatanode}
2022-11-10 07:15:37,107 [Listener at 127.0.0.1/43521] INFO  server.AbstractConnector (AbstractConnector.java:doStart(333)) - Started ServerConnector@74300dba{HTTP/1.1, (http/1.1)}{0.0.0.0:41193}
2022-11-10 07:15:37,107 [Listener at 127.0.0.1/43521] INFO  server.Server (Server.java:doStart(415)) - Started @94587ms
2022-11-10 07:15:37,107 [Listener at 127.0.0.1/43521] WARN  impl.MetricsSystemImpl (MetricsSystemImpl.java:register(279)) - Sink prometheus already exists!
2022-11-10 07:15:37,108 [Listener at 127.0.0.1/43521] INFO  http.BaseHttpServer (BaseHttpServer.java:updateConnectorAddress(333)) - HTTP server of hddsDatanode listening at http://0.0.0.0:41193
2022-11-10 07:15:37,115 [Listener at 127.0.0.1/43521] WARN  impl.MetricRegistriesImpl (MetricRegistriesImpl.java:addReporterRegistration(111)) - New reporters are added after registries were created. Some metrics will be missing from the reporter. Please add reporter before adding any new registry.
2022-11-10 07:15:37,115 [Listener at 127.0.0.1/43521] WARN  impl.MetricRegistriesImpl (MetricRegistriesImpl.java:addReporterRegistration(111)) - New reporters are added after registries were created. Some metrics will be missing from the reporter. Please add reporter before adding any new registry.
2022-11-10 07:15:37,115 [Listener at 127.0.0.1/43521] INFO  impl.MetricsSystemImpl (MetricsSystemImpl.java:init(158)) - HddsDatanode metrics system started (again)
2022-11-10 07:15:37,117 [Datanode State Machine Daemon Thread] INFO  statemachine.DatanodeStateMachine (DatanodeStateMachine.java:lambda$startDaemon$0(505)) - Ozone container server started.
2022-11-10 07:15:37,128 [Listener at 127.0.0.1/43521] INFO  ozone.HddsDatanodeService (HddsDatanodeService.java:start(236)) - HddsDatanodeService host:fv-az435-205.hcxxyugg5vdudo0mn2smve0l3g.cx.internal.cloudapp.net ip:10.1.0.59
2022-11-10 07:15:37,145 [org.apache.hadoop.util.JvmPauseMonitor$Monitor@5fe57745] INFO  util.JvmPauseMonitor (JvmPauseMonitor.java:run(188)) - Starting JVM pause monitor
2022-11-10 07:15:37,147 [Datanode State Machine Task Thread - 0] INFO  datanode.InitDatanodeState (InitDatanodeState.java:persistContainerDatanodeDetails(138)) - DatanodeDetails is persisted to /home/runner/work/ozone/ozone/hadoop-ozone/integration-test/target/test-dir/MiniOzoneClusterImpl-84cafbd6-325b-4886-915b-d0b5d28b8cf9/datanode-1/meta/datanode.id
2022-11-10 07:15:37,154 [Listener at 127.0.0.1/43521] INFO  upgrade.AbstractLayoutVersionManager (AbstractLayoutVersionManager.java:init(83)) - Initializing Layout version manager with metadata layout = DATANODE_SCHEMA_V3 (version = 4), software layout = DATANODE_SCHEMA_V3 (version = 4)
2022-11-10 07:15:37,196 [Listener at 127.0.0.1/43521] INFO  reflections.Reflections (Reflections.java:scan(232)) - Reflections took 39 ms to scan 7 urls, producing 139 keys and 336 values 
2022-11-10 07:15:37,197 [Listener at 127.0.0.1/43521] INFO  statemachine.DatanodeStateMachine (DatanodeStateMachine.java:getEndPointTaskThreadPoolSize(245)) - Datanode State Machine Task Thread Pool size 2
2022-11-10 07:15:37,199 [Listener at 127.0.0.1/43521] INFO  volume.HddsVolume (HddsVolume.java:<init>(117)) - Creating HddsVolume: /home/runner/work/ozone/ozone/hadoop-ozone/integration-test/target/test-dir/MiniOzoneClusterImpl-84cafbd6-325b-4886-915b-d0b5d28b8cf9/datanode-2/data-0/containers/hdds of storage type : DISK capacity : 9223372036854775807
2022-11-10 07:15:37,200 [Listener at 127.0.0.1/43521] INFO  volume.MutableVolumeSet (MutableVolumeSet.java:initializeVolumeSet(174)) - Added Volume : /home/runner/work/ozone/ozone/hadoop-ozone/integration-test/target/test-dir/MiniOzoneClusterImpl-84cafbd6-325b-4886-915b-d0b5d28b8cf9/datanode-2/data-0/containers/hdds to VolumeSet
2022-11-10 07:15:37,200 [Listener at 127.0.0.1/43521] INFO  volume.ThrottledAsyncChecker (ThrottledAsyncChecker.java:schedule(141)) - Scheduling a check for /home/runner/work/ozone/ozone/hadoop-ozone/integration-test/target/test-dir/MiniOzoneClusterImpl-84cafbd6-325b-4886-915b-d0b5d28b8cf9/datanode-2/data-0/containers/hdds
2022-11-10 07:15:37,200 [Listener at 127.0.0.1/43521] INFO  volume.StorageVolumeChecker (StorageVolumeChecker.java:checkAllVolumes(202)) - Scheduled health check for volume /home/runner/work/ozone/ozone/hadoop-ozone/integration-test/target/test-dir/MiniOzoneClusterImpl-84cafbd6-325b-4886-915b-d0b5d28b8cf9/datanode-2/data-0/containers/hdds
2022-11-10 07:15:37,211 [Listener at 127.0.0.1/43521] INFO  volume.MutableVolumeSet (MutableVolumeSet.java:initializeVolumeSet(174)) - Added Volume : /home/runner/work/ozone/ozone/hadoop-ozone/integration-test/target/test-dir/MiniOzoneClusterImpl-84cafbd6-325b-4886-915b-d0b5d28b8cf9/datanode-2/data/ratis to VolumeSet
2022-11-10 07:15:37,211 [Listener at 127.0.0.1/43521] INFO  volume.ThrottledAsyncChecker (ThrottledAsyncChecker.java:schedule(141)) - Scheduling a check for /home/runner/work/ozone/ozone/hadoop-ozone/integration-test/target/test-dir/MiniOzoneClusterImpl-84cafbd6-325b-4886-915b-d0b5d28b8cf9/datanode-2/data/ratis
2022-11-10 07:15:37,212 [Listener at 127.0.0.1/43521] INFO  volume.StorageVolumeChecker (StorageVolumeChecker.java:checkAllVolumes(202)) - Scheduled health check for volume /home/runner/work/ozone/ozone/hadoop-ozone/integration-test/target/test-dir/MiniOzoneClusterImpl-84cafbd6-325b-4886-915b-d0b5d28b8cf9/datanode-2/data/ratis
2022-11-10 07:15:37,221 [Thread-659] INFO  ozoneimpl.ContainerReader (ContainerReader.java:readVolume(175)) - Finish verifying containers on volume /home/runner/work/ozone/ozone/hadoop-ozone/integration-test/target/test-dir/MiniOzoneClusterImpl-84cafbd6-325b-4886-915b-d0b5d28b8cf9/datanode-2/data-0/containers/hdds
2022-11-10 07:15:37,222 [Listener at 127.0.0.1/43521] INFO  ozoneimpl.OzoneContainer (OzoneContainer.java:buildContainerSet(300)) - Build ContainerSet costs 0s
2022-11-10 07:15:37,224 [Listener at 127.0.0.1/43521] INFO  server.RaftServer (ConfUtils.java:logGet(46)) - raft.rpc.type = GRPC (default)
2022-11-10 07:15:37,224 [Listener at 127.0.0.1/43521] INFO  grpc.GrpcConfigKeys (ConfUtils.java:logFallback(53)) - raft.grpc.admin.host = null (fallback to raft.grpc.server.host)
2022-11-10 07:15:37,224 [Listener at 127.0.0.1/43521] INFO  grpc.GrpcConfigKeys (ConfUtils.java:logGet(46)) - raft.grpc.admin.port = 0 (custom)
2022-11-10 07:15:37,224 [Listener at 127.0.0.1/43521] INFO  grpc.GrpcConfigKeys (ConfUtils.java:logFallback(53)) - raft.grpc.client.host = null (fallback to raft.grpc.server.host)
2022-11-10 07:15:37,224 [Listener at 127.0.0.1/43521] INFO  grpc.GrpcConfigKeys (ConfUtils.java:logGet(46)) - raft.grpc.client.port = 0 (custom)
2022-11-10 07:15:37,224 [Listener at 127.0.0.1/43521] INFO  grpc.GrpcConfigKeys (ConfUtils.java:logGet(46)) - raft.grpc.server.host = null (default)
2022-11-10 07:15:37,225 [Listener at 127.0.0.1/43521] INFO  grpc.GrpcConfigKeys (ConfUtils.java:logGet(46)) - raft.grpc.server.port = 0 (default)
2022-11-10 07:15:37,225 [Listener at 127.0.0.1/43521] INFO  server.GrpcService (ConfUtils.java:logGet(46)) - raft.grpc.message.size.max = 32MB (=33554432) (custom)
2022-11-10 07:15:37,225 [Listener at 127.0.0.1/43521] INFO  server.RaftServerConfigKeys (ConfUtils.java:logGet(46)) - raft.server.log.appender.buffer.byte-limit = 33554432 (custom)
2022-11-10 07:15:37,225 [Listener at 127.0.0.1/43521] INFO  server.GrpcService (ConfUtils.java:logGet(46)) - raft.grpc.flow.control.window = 5MB (=5242880) (custom)
2022-11-10 07:15:37,225 [Listener at 127.0.0.1/43521] INFO  server.RaftServerConfigKeys (ConfUtils.java:logGet(46)) - raft.server.rpc.request.timeout = 60s (custom)
2022-11-10 07:15:37,225 [Listener at 127.0.0.1/43521] INFO  grpc.GrpcConfigKeys (ConfUtils.java:logGet(46)) - raft.grpc.server.heartbeat.channel = true (default)
2022-11-10 07:15:37,225 [Listener at 127.0.0.1/43521] INFO  grpc.GrpcConfigKeys (ConfUtils.java:logGet(46)) - raft.grpc.server.async.request.thread.pool.cached = true (default)
2022-11-10 07:15:37,225 [Listener at 127.0.0.1/43521] INFO  grpc.GrpcConfigKeys (ConfUtils.java:logGet(46)) - raft.grpc.server.async.request.thread.pool.size = 32 (default)
2022-11-10 07:15:37,226 [Listener at 127.0.0.1/43521] INFO  impl.DataStreamServerImpl (ConfUtils.java:logGet(46)) - raft.datastream.type = DISABLED (default)
2022-11-10 07:15:37,227 [Listener at 127.0.0.1/43521] INFO  server.RaftServerConfigKeys (ConfUtils.java:logGet(46)) - raft.server.threadpool.proxy.cached = true (default)
2022-11-10 07:15:37,227 [Listener at 127.0.0.1/43521] INFO  server.RaftServerConfigKeys (ConfUtils.java:logGet(46)) - raft.server.threadpool.proxy.size = 0 (default)
2022-11-10 07:15:37,227 [Listener at 127.0.0.1/43521] INFO  server.RaftServerConfigKeys (ConfUtils.java:logGet(46)) - raft.server.rpc.slowness.timeout = 300s (custom)
2022-11-10 07:15:37,227 [Listener at 127.0.0.1/43521] INFO  server.RaftServerConfigKeys (ConfUtils.java:logGet(46)) - raft.server.leaderelection.leader.step-down.wait-time = 10s (default)
2022-11-10 07:15:37,227 [Listener at 127.0.0.1/43521] INFO  server.RaftServerConfigKeys (ConfUtils.java:logGet(46)) - raft.server.storage.dir = [/home/runner/work/ozone/ozone/hadoop-ozone/integration-test/target/test-dir/MiniOzoneClusterImpl-84cafbd6-325b-4886-915b-d0b5d28b8cf9/datanode-2/data/ratis] (custom)
2022-11-10 07:15:37,229 [Listener at 127.0.0.1/43521] INFO  server.XceiverServerGrpc (XceiverServerGrpc.java:<init>(132)) - GrpcServer channel type EpollServerSocketChannel
2022-11-10 07:15:37,231 [Listener at 127.0.0.1/43521] INFO  http.BaseHttpServer (BaseHttpServer.java:newHttpServer2BuilderForOzone(213)) - Starting Web-server for hddsDatanode at: http://0.0.0.0:0
2022-11-10 07:15:37,231 [Listener at 127.0.0.1/43521] INFO  http.BaseHttpServer (BaseHttpServer.java:<init>(108)) - Hadoop Security Enabled: false Ozone Security Enabled: false Ozone HTTP Security Enabled: false 
2022-11-10 07:15:37,232 [Listener at 127.0.0.1/43521] WARN  server.AuthenticationFilter (AuthenticationFilter.java:constructSecretProvider(240)) - Unable to initialize FileSignerSecretProvider, falling back to use random secrets. Reason: Could not read signature secret file: /home/runner/hadoop-http-auth-signature-secret
2022-11-10 07:15:37,233 [Listener at 127.0.0.1/43521] WARN  http.HttpRequestLog (HttpRequestLog.java:getRequestLog(103)) - Jetty request log can only be enabled using Log4j
2022-11-10 07:15:37,235 [Listener at 127.0.0.1/43521] INFO  http.HttpServer2 (HttpServer2.java:addGlobalFilter(1031)) - Added global filter 'safety' (class=org.apache.hadoop.hdds.server.http.HttpServer2$QuotingInputFilter)
2022-11-10 07:15:37,236 [Listener at 127.0.0.1/43521] INFO  http.HttpServer2 (HttpServer2.java:addFilter(1007)) - Added filter static_user_filter (class=org.apache.hadoop.http.lib.StaticUserWebFilter$StaticUserFilter) to context hddsDatanode
2022-11-10 07:15:37,237 [Listener at 127.0.0.1/43521] INFO  http.HttpServer2 (HttpServer2.java:addFilter(1015)) - Added filter static_user_filter (class=org.apache.hadoop.http.lib.StaticUserWebFilter$StaticUserFilter) to context logs
2022-11-10 07:15:37,237 [Listener at 127.0.0.1/43521] INFO  http.HttpServer2 (HttpServer2.java:addFilter(1015)) - Added filter static_user_filter (class=org.apache.hadoop.http.lib.StaticUserWebFilter$StaticUserFilter) to context static
2022-11-10 07:15:37,237 [Listener at 127.0.0.1/43521] INFO  http.HttpServer2 (HttpServer2.java:bindListener(1250)) - Jetty bound to port 45117
2022-11-10 07:15:37,237 [Listener at 127.0.0.1/43521] INFO  server.Server (Server.java:doStart(375)) - jetty-9.4.49.v20220914; built: 2022-09-14T01:07:36.601Z; git: 4231a3b2e4cb8548a412a789936d640a97b1aa0a; jvm 1.8.0_345-b01
2022-11-10 07:15:37,239 [Listener at 127.0.0.1/43521] INFO  server.session (DefaultSessionIdManager.java:doStart(334)) - DefaultSessionIdManager workerName=node0
2022-11-10 07:15:37,239 [Listener at 127.0.0.1/43521] INFO  server.session (DefaultSessionIdManager.java:doStart(339)) - No SessionScavenger set, using defaults
2022-11-10 07:15:37,239 [Listener at 127.0.0.1/43521] INFO  server.session (HouseKeeper.java:startScavenging(132)) - node0 Scavenging every 600000ms
2022-11-10 07:15:37,240 [Listener at 127.0.0.1/43521] INFO  handler.ContextHandler (ContextHandler.java:doStart(921)) - Started o.e.j.s.ServletContextHandler@8e9079{logs,/logs,file:///home/runner/work/ozone/ozone/hadoop-ozone/integration-test/target/log,AVAILABLE}
2022-11-10 07:15:37,240 [Listener at 127.0.0.1/43521] INFO  handler.ContextHandler (ContextHandler.java:doStart(921)) - Started o.e.j.s.ServletContextHandler@7ed91434{static,/static,jar:file:/home/runner/.m2/repository/org/apache/ozone/hdds-container-service/1.3.0-SNAPSHOT/hdds-container-service-1.3.0-SNAPSHOT.jar!/webapps/static,AVAILABLE}
2022-11-10 07:15:37,403 [Listener at 127.0.0.1/43521] INFO  handler.ContextHandler (ContextHandler.java:doStart(921)) - Started o.e.j.w.WebAppContext@90f8c34{hddsDatanode,/,file:///tmp/jetty-0_0_0_0-45117-hdds-container-service-1_3_0-SNAPSHOT_jar-_-any-2300246467167505390/webapp/,AVAILABLE}{jar:file:/home/runner/.m2/repository/org/apache/ozone/hdds-container-service/1.3.0-SNAPSHOT/hdds-container-service-1.3.0-SNAPSHOT.jar!/webapps/hddsDatanode}
2022-11-10 07:15:37,407 [Listener at 127.0.0.1/43521] INFO  server.AbstractConnector (AbstractConnector.java:doStart(333)) - Started ServerConnector@67592ab0{HTTP/1.1, (http/1.1)}{0.0.0.0:45117}
2022-11-10 07:15:37,407 [Listener at 127.0.0.1/43521] INFO  server.Server (Server.java:doStart(415)) - Started @94887ms
2022-11-10 07:15:37,407 [Listener at 127.0.0.1/43521] WARN  impl.MetricsSystemImpl (MetricsSystemImpl.java:register(279)) - Sink prometheus already exists!
2022-11-10 07:15:37,408 [Listener at 127.0.0.1/43521] INFO  http.BaseHttpServer (BaseHttpServer.java:updateConnectorAddress(333)) - HTTP server of hddsDatanode listening at http://0.0.0.0:45117
2022-11-10 07:15:37,411 [Listener at 127.0.0.1/43521] INFO  ozone.MiniOzoneClusterImpl (MiniOzoneClusterImpl.java:lambda$waitForClusterToBeReady$0(216)) - Waiting for nodes to be ready. Got 0 of 3 DN Heartbeats.
2022-11-10 07:15:37,411 [Listener at 127.0.0.1/43521] INFO  ozone.MiniOzoneClusterImpl (MiniOzoneClusterImpl.java:lambda$waitForClusterToBeReady$0(219)) - Waiting for cluster to exit safe mode
2022-11-10 07:15:37,411 [Listener at 127.0.0.1/43521] INFO  ozone.MiniOzoneClusterImpl (MiniOzoneClusterImpl.java:lambda$waitForClusterToBeReady$0(221)) - SCM became leader
2022-11-10 07:15:37,412 [Datanode State Machine Daemon Thread] INFO  statemachine.DatanodeStateMachine (DatanodeStateMachine.java:lambda$startDaemon$0(505)) - Ozone container server started.
2022-11-10 07:15:37,415 [org.apache.hadoop.util.JvmPauseMonitor$Monitor@a694dd6] INFO  util.JvmPauseMonitor (JvmPauseMonitor.java:run(188)) - Starting JVM pause monitor
2022-11-10 07:15:37,416 [Datanode State Machine Task Thread - 0] INFO  datanode.InitDatanodeState (InitDatanodeState.java:persistContainerDatanodeDetails(138)) - DatanodeDetails is persisted to /home/runner/work/ozone/ozone/hadoop-ozone/integration-test/target/test-dir/MiniOzoneClusterImpl-84cafbd6-325b-4886-915b-d0b5d28b8cf9/datanode-2/meta/datanode.id
2022-11-10 07:15:37,501 [om1@group-C5BA1605619E-FollowerState] INFO  impl.FollowerState (FollowerState.java:run(143)) - om1@group-C5BA1605619E-FollowerState: change to CANDIDATE, lastRpcElapsedTime:1090401517ns, electionTimeout:1082ms
2022-11-10 07:15:37,501 [om1@group-C5BA1605619E-FollowerState] INFO  impl.RoleInfo (RoleInfo.java:shutdownFollowerState(110)) - om1: shutdown om1@group-C5BA1605619E-FollowerState
2022-11-10 07:15:37,501 [om1@group-C5BA1605619E-FollowerState] INFO  server.RaftServer$Division (RaftServerImpl.java:setRole(321)) - om1@group-C5BA1605619E: changes role from  FOLLOWER to CANDIDATE at term 0 for changeToCandidate
2022-11-10 07:15:37,501 [om1@group-C5BA1605619E-FollowerState] INFO  server.RaftServerConfigKeys (ConfUtils.java:logGet(46)) - raft.server.leaderelection.pre-vote = false (custom)
2022-11-10 07:15:37,501 [om1@group-C5BA1605619E-FollowerState] INFO  impl.RoleInfo (RoleInfo.java:updateAndGet(139)) - om1: start om1@group-C5BA1605619E-LeaderElection33
2022-11-10 07:15:37,509 [om1@group-C5BA1605619E-LeaderElection33] INFO  impl.LeaderElection (LeaderElection.java:askForVotes(312)) - om1@group-C5BA1605619E-LeaderElection33 ELECTION round 0: submit vote requests at term 1 for -1: peers:[om1|rpc:localhost:9872|priority:0|startupRole:FOLLOWER]|listeners:[], old=null
2022-11-10 07:15:37,509 [om1@group-C5BA1605619E-LeaderElection33] INFO  impl.LeaderElection (LeaderElection.java:askForVotes(314)) - om1@group-C5BA1605619E-LeaderElection33 ELECTION round 0: result PASSED (term=1)
2022-11-10 07:15:37,509 [om1@group-C5BA1605619E-LeaderElection33] INFO  impl.RoleInfo (RoleInfo.java:shutdownLeaderElection(130)) - om1: shutdown om1@group-C5BA1605619E-LeaderElection33
2022-11-10 07:15:37,510 [om1@group-C5BA1605619E-LeaderElection33] INFO  server.RaftServer$Division (RaftServerImpl.java:setRole(321)) - om1@group-C5BA1605619E: changes role from CANDIDATE to LEADER at term 1 for changeToLeader
2022-11-10 07:15:37,510 [om1@group-C5BA1605619E-LeaderElection33] INFO  server.RaftServer$Division (ServerState.java:setLeader(313)) - om1@group-C5BA1605619E: change Leader from null to om1 at term 1 for becomeLeader, leader elected after 1555ms
2022-11-10 07:15:37,510 [om1@group-C5BA1605619E-LeaderElection33] INFO  server.RaftServerConfigKeys (ConfUtils.java:logGet(46)) - raft.server.staging.catchup.gap = 1000 (default)
2022-11-10 07:15:37,510 [om1@group-C5BA1605619E-LeaderElection33] INFO  server.RaftServerConfigKeys (ConfUtils.java:logGet(46)) - raft.server.write.element-limit = 4096 (default)
2022-11-10 07:15:37,510 [om1@group-C5BA1605619E-LeaderElection33] INFO  server.RaftServerConfigKeys (ConfUtils.java:logGet(46)) - raft.server.write.byte-limit = 64MB (=67108864) (default)
2022-11-10 07:15:37,510 [om1@group-C5BA1605619E-LeaderElection33] INFO  server.RaftServerConfigKeys (ConfUtils.java:logGet(46)) - raft.server.watch.timeout = 10s (default)
2022-11-10 07:15:37,510 [om1@group-C5BA1605619E-LeaderElection33] INFO  server.RaftServerConfigKeys (ConfUtils.java:logGet(46)) - raft.server.watch.timeout.denomination = 1s (default)
2022-11-10 07:15:37,510 [om1@group-C5BA1605619E-LeaderElection33] INFO  server.RaftServerConfigKeys (ConfUtils.java:logGet(46)) - raft.server.watch.element-limit = 65536 (default)
2022-11-10 07:15:37,510 [om1@group-C5BA1605619E-LeaderElection33] INFO  server.RaftServerConfigKeys (ConfUtils.java:logGet(46)) - raft.server.write.element-limit = 4096 (default)
2022-11-10 07:15:37,510 [om1@group-C5BA1605619E-LeaderElection33] INFO  server.RaftServerConfigKeys (ConfUtils.java:logGet(46)) - raft.server.write.follower.gap.ratio.max = -1.0 (default)
2022-11-10 07:15:37,511 [om1@group-C5BA1605619E-LeaderElection33] INFO  impl.RoleInfo (RoleInfo.java:updateAndGet(139)) - om1: start om1@group-C5BA1605619E-LeaderStateImpl
2022-11-10 07:15:37,511 [om1@group-C5BA1605619E-LeaderElection33] INFO  segmented.SegmentedRaftLogWorker (SegmentedRaftLogWorker.java:startLogSegment(452)) - om1@group-C5BA1605619E-SegmentedRaftLogWorker: Starting segment from index:0
2022-11-10 07:15:37,515 [om1@group-C5BA1605619E-LeaderElection33] INFO  server.RaftServer$Division (ServerState.java:setRaftConf(430)) - om1@group-C5BA1605619E: set configuration 0: peers:[om1|rpc:localhost:9872|admin:|client:|dataStream:|priority:0|startupRole:FOLLOWER]|listeners:[], old=null
2022-11-10 07:15:37,522 [om1@group-C5BA1605619E-SegmentedRaftLogWorker] INFO  segmented.SegmentedRaftLogWorker (SegmentedRaftLogWorker.java:execute(656)) - om1@group-C5BA1605619E-SegmentedRaftLogWorker: created new log segment /home/runner/work/ozone/ozone/hadoop-ozone/integration-test/target/test-dir/MiniOzoneClusterImpl-84cafbd6-325b-4886-915b-d0b5d28b8cf9/ozone-meta/ratis/bf265839-605b-3f16-9796-c5ba1605619e/current/log_inprogress_0
2022-11-10 07:15:37,524 [om1@group-C5BA1605619E-StateMachineUpdater] INFO  ratis.OzoneManagerStateMachine (OzoneManagerStateMachine.java:notifyConfigurationChanged(192)) - Received Configuration change notification from Ratis. New Peer list:
[id: "om1"
address: "localhost:9872"
startupRole: FOLLOWER
]
2022-11-10 07:15:38,412 [Listener at 127.0.0.1/43521] INFO  ozone.MiniOzoneClusterImpl (MiniOzoneClusterImpl.java:lambda$waitForClusterToBeReady$0(216)) - Waiting for nodes to be ready. Got 0 of 3 DN Heartbeats.
2022-11-10 07:15:38,412 [Listener at 127.0.0.1/43521] INFO  ozone.MiniOzoneClusterImpl (MiniOzoneClusterImpl.java:lambda$waitForClusterToBeReady$0(219)) - Waiting for cluster to exit safe mode
2022-11-10 07:15:38,412 [Listener at 127.0.0.1/43521] INFO  ozone.MiniOzoneClusterImpl (MiniOzoneClusterImpl.java:lambda$waitForClusterToBeReady$0(221)) - SCM became leader
2022-11-10 07:15:38,877 [EndpointStateMachine task thread for /0.0.0.0:33277 - 0 ] INFO  utils.DatanodeStoreCache (DatanodeStoreCache.java:addDB(58)) - Added db /home/runner/work/ozone/ozone/hadoop-ozone/integration-test/target/test-dir/MiniOzoneClusterImpl-84cafbd6-325b-4886-915b-d0b5d28b8cf9/datanode-0/data-0/containers/hdds/84cafbd6-325b-4886-915b-d0b5d28b8cf9/DS-b6cd647d-35ae-495c-8eee-e51e32f56a94/container.db to cache
2022-11-10 07:15:38,877 [EndpointStateMachine task thread for /0.0.0.0:33277 - 0 ] INFO  volume.HddsVolume (HddsVolume.java:createDbStore(307)) - SchemaV3 db is created and loaded at /home/runner/work/ozone/ozone/hadoop-ozone/integration-test/target/test-dir/MiniOzoneClusterImpl-84cafbd6-325b-4886-915b-d0b5d28b8cf9/datanode-0/data-0/containers/hdds/84cafbd6-325b-4886-915b-d0b5d28b8cf9/DS-b6cd647d-35ae-495c-8eee-e51e32f56a94/container.db for volume DS-b6cd647d-35ae-495c-8eee-e51e32f56a94
2022-11-10 07:15:38,877 [EndpointStateMachine task thread for /0.0.0.0:33277 - 0 ] INFO  ozoneimpl.OzoneContainer (OzoneContainer.java:start(378)) - Attempting to start container services.
2022-11-10 07:15:38,877 [EndpointStateMachine task thread for /0.0.0.0:33277 - 0 ] INFO  ozoneimpl.OzoneContainer (OzoneContainer.java:startContainerScrub(313)) - Background container scanner has been disabled.
2022-11-10 07:15:38,882 [EndpointStateMachine task thread for /0.0.0.0:33277 - 0 ] INFO  replication.ReplicationServer (ReplicationServer.java:start(111)) - ReplicationServer is started using port 32961
2022-11-10 07:15:38,882 [EndpointStateMachine task thread for /0.0.0.0:33277 - 0 ] INFO  ratis.XceiverServerRatis (XceiverServerRatis.java:start(481)) - Starting XceiverServerRatis 85a84f3f-4e6e-49f5-978d-fa543ddbfdc8
2022-11-10 07:15:38,883 [EndpointStateMachine task thread for /0.0.0.0:33277 - 0 ] INFO  server.RaftServer (RaftServerProxy.java:startImpl(393)) - 85a84f3f-4e6e-49f5-978d-fa543ddbfdc8: start RPC server
2022-11-10 07:15:38,886 [EndpointStateMachine task thread for /0.0.0.0:33277 - 0 ] INFO  server.GrpcService (GrpcService.java:startImpl(270)) - 85a84f3f-4e6e-49f5-978d-fa543ddbfdc8: GrpcService started, listening on 35209
2022-11-10 07:15:38,886 [EndpointStateMachine task thread for /0.0.0.0:33277 - 0 ] INFO  ratis.XceiverServerRatis (XceiverServerRatis.java:getRealPort(502)) - XceiverServerRatis 85a84f3f-4e6e-49f5-978d-fa543ddbfdc8 is started using port 35209 for RATIS
2022-11-10 07:15:38,886 [JvmPauseMonitor8] INFO  util.JvmPauseMonitor (JvmPauseMonitor.java:run(105)) - JvmPauseMonitor-85a84f3f-4e6e-49f5-978d-fa543ddbfdc8: Started
2022-11-10 07:15:38,886 [EndpointStateMachine task thread for /0.0.0.0:33277 - 0 ] INFO  ratis.XceiverServerRatis (XceiverServerRatis.java:getRealPort(502)) - XceiverServerRatis 85a84f3f-4e6e-49f5-978d-fa543ddbfdc8 is started using port 35209 for RATIS_ADMIN
2022-11-10 07:15:38,886 [EndpointStateMachine task thread for /0.0.0.0:33277 - 0 ] INFO  ratis.XceiverServerRatis (XceiverServerRatis.java:getRealPort(502)) - XceiverServerRatis 85a84f3f-4e6e-49f5-978d-fa543ddbfdc8 is started using port 35209 for RATIS_SERVER
2022-11-10 07:15:38,892 [EndpointStateMachine task thread for /0.0.0.0:33277 - 0 ] INFO  server.XceiverServerGrpc (XceiverServerGrpc.java:start(180)) - XceiverServerGrpc 85a84f3f-4e6e-49f5-978d-fa543ddbfdc8 is started using port 42877
2022-11-10 07:15:39,179 [EndpointStateMachine task thread for /0.0.0.0:33277 - 0 ] INFO  utils.DatanodeStoreCache (DatanodeStoreCache.java:addDB(58)) - Added db /home/runner/work/ozone/ozone/hadoop-ozone/integration-test/target/test-dir/MiniOzoneClusterImpl-84cafbd6-325b-4886-915b-d0b5d28b8cf9/datanode-1/data-0/containers/hdds/84cafbd6-325b-4886-915b-d0b5d28b8cf9/DS-12d05e66-f897-42dc-b572-b5becad059d7/container.db to cache
2022-11-10 07:15:39,179 [EndpointStateMachine task thread for /0.0.0.0:33277 - 0 ] INFO  volume.HddsVolume (HddsVolume.java:createDbStore(307)) - SchemaV3 db is created and loaded at /home/runner/work/ozone/ozone/hadoop-ozone/integration-test/target/test-dir/MiniOzoneClusterImpl-84cafbd6-325b-4886-915b-d0b5d28b8cf9/datanode-1/data-0/containers/hdds/84cafbd6-325b-4886-915b-d0b5d28b8cf9/DS-12d05e66-f897-42dc-b572-b5becad059d7/container.db for volume DS-12d05e66-f897-42dc-b572-b5becad059d7
2022-11-10 07:15:39,180 [EndpointStateMachine task thread for /0.0.0.0:33277 - 0 ] INFO  ozoneimpl.OzoneContainer (OzoneContainer.java:start(378)) - Attempting to start container services.
2022-11-10 07:15:39,180 [EndpointStateMachine task thread for /0.0.0.0:33277 - 0 ] INFO  ozoneimpl.OzoneContainer (OzoneContainer.java:startContainerScrub(313)) - Background container scanner has been disabled.
2022-11-10 07:15:39,182 [EndpointStateMachine task thread for /0.0.0.0:33277 - 0 ] INFO  replication.ReplicationServer (ReplicationServer.java:start(111)) - ReplicationServer is started using port 44547
2022-11-10 07:15:39,182 [EndpointStateMachine task thread for /0.0.0.0:33277 - 0 ] INFO  ratis.XceiverServerRatis (XceiverServerRatis.java:start(481)) - Starting XceiverServerRatis 3950d273-d245-4570-97e3-85d09fa36925
2022-11-10 07:15:39,184 [EndpointStateMachine task thread for /0.0.0.0:33277 - 0 ] INFO  server.RaftServer (RaftServerProxy.java:startImpl(393)) - 3950d273-d245-4570-97e3-85d09fa36925: start RPC server
2022-11-10 07:15:39,185 [EndpointStateMachine task thread for /0.0.0.0:33277 - 0 ] INFO  server.GrpcService (GrpcService.java:startImpl(270)) - 3950d273-d245-4570-97e3-85d09fa36925: GrpcService started, listening on 37013
2022-11-10 07:15:39,185 [EndpointStateMachine task thread for /0.0.0.0:33277 - 0 ] INFO  ratis.XceiverServerRatis (XceiverServerRatis.java:getRealPort(502)) - XceiverServerRatis 3950d273-d245-4570-97e3-85d09fa36925 is started using port 37013 for RATIS
2022-11-10 07:15:39,185 [JvmPauseMonitor9] INFO  util.JvmPauseMonitor (JvmPauseMonitor.java:run(105)) - JvmPauseMonitor-3950d273-d245-4570-97e3-85d09fa36925: Started
2022-11-10 07:15:39,185 [EndpointStateMachine task thread for /0.0.0.0:33277 - 0 ] INFO  ratis.XceiverServerRatis (XceiverServerRatis.java:getRealPort(502)) - XceiverServerRatis 3950d273-d245-4570-97e3-85d09fa36925 is started using port 37013 for RATIS_ADMIN
2022-11-10 07:15:39,186 [EndpointStateMachine task thread for /0.0.0.0:33277 - 0 ] INFO  ratis.XceiverServerRatis (XceiverServerRatis.java:getRealPort(502)) - XceiverServerRatis 3950d273-d245-4570-97e3-85d09fa36925 is started using port 37013 for RATIS_SERVER
2022-11-10 07:15:39,188 [EndpointStateMachine task thread for /0.0.0.0:33277 - 0 ] INFO  server.XceiverServerGrpc (XceiverServerGrpc.java:start(180)) - XceiverServerGrpc 3950d273-d245-4570-97e3-85d09fa36925 is started using port 39881
2022-11-10 07:15:39,412 [Listener at 127.0.0.1/43521] INFO  ozone.MiniOzoneClusterImpl (MiniOzoneClusterImpl.java:lambda$waitForClusterToBeReady$0(216)) - Waiting for nodes to be ready. Got 0 of 3 DN Heartbeats.
2022-11-10 07:15:39,413 [Listener at 127.0.0.1/43521] INFO  ozone.MiniOzoneClusterImpl (MiniOzoneClusterImpl.java:lambda$waitForClusterToBeReady$0(219)) - Waiting for cluster to exit safe mode
2022-11-10 07:15:39,413 [Listener at 127.0.0.1/43521] INFO  ozone.MiniOzoneClusterImpl (MiniOzoneClusterImpl.java:lambda$waitForClusterToBeReady$0(221)) - SCM became leader
2022-11-10 07:15:39,447 [EndpointStateMachine task thread for /0.0.0.0:33277 - 0 ] INFO  utils.DatanodeStoreCache (DatanodeStoreCache.java:addDB(58)) - Added db /home/runner/work/ozone/ozone/hadoop-ozone/integration-test/target/test-dir/MiniOzoneClusterImpl-84cafbd6-325b-4886-915b-d0b5d28b8cf9/datanode-2/data-0/containers/hdds/84cafbd6-325b-4886-915b-d0b5d28b8cf9/DS-b8ef9b31-df07-4354-9ad8-b5a742dcd229/container.db to cache
2022-11-10 07:15:39,447 [EndpointStateMachine task thread for /0.0.0.0:33277 - 0 ] INFO  volume.HddsVolume (HddsVolume.java:createDbStore(307)) - SchemaV3 db is created and loaded at /home/runner/work/ozone/ozone/hadoop-ozone/integration-test/target/test-dir/MiniOzoneClusterImpl-84cafbd6-325b-4886-915b-d0b5d28b8cf9/datanode-2/data-0/containers/hdds/84cafbd6-325b-4886-915b-d0b5d28b8cf9/DS-b8ef9b31-df07-4354-9ad8-b5a742dcd229/container.db for volume DS-b8ef9b31-df07-4354-9ad8-b5a742dcd229
2022-11-10 07:15:39,447 [EndpointStateMachine task thread for /0.0.0.0:33277 - 0 ] INFO  ozoneimpl.OzoneContainer (OzoneContainer.java:start(378)) - Attempting to start container services.
2022-11-10 07:15:39,447 [EndpointStateMachine task thread for /0.0.0.0:33277 - 0 ] INFO  ozoneimpl.OzoneContainer (OzoneContainer.java:startContainerScrub(313)) - Background container scanner has been disabled.
2022-11-10 07:15:39,449 [EndpointStateMachine task thread for /0.0.0.0:33277 - 0 ] INFO  replication.ReplicationServer (ReplicationServer.java:start(111)) - ReplicationServer is started using port 35357
2022-11-10 07:15:39,450 [EndpointStateMachine task thread for /0.0.0.0:33277 - 0 ] INFO  ratis.XceiverServerRatis (XceiverServerRatis.java:start(481)) - Starting XceiverServerRatis 06ff1ec3-3332-4ac8-b4dc-23bc541e60c0
2022-11-10 07:15:39,450 [EndpointStateMachine task thread for /0.0.0.0:33277 - 0 ] INFO  server.RaftServer (RaftServerProxy.java:startImpl(393)) - 06ff1ec3-3332-4ac8-b4dc-23bc541e60c0: start RPC server
2022-11-10 07:15:39,452 [EndpointStateMachine task thread for /0.0.0.0:33277 - 0 ] INFO  server.GrpcService (GrpcService.java:startImpl(270)) - 06ff1ec3-3332-4ac8-b4dc-23bc541e60c0: GrpcService started, listening on 34685
2022-11-10 07:15:39,452 [EndpointStateMachine task thread for /0.0.0.0:33277 - 0 ] INFO  ratis.XceiverServerRatis (XceiverServerRatis.java:getRealPort(502)) - XceiverServerRatis 06ff1ec3-3332-4ac8-b4dc-23bc541e60c0 is started using port 34685 for RATIS
2022-11-10 07:15:39,452 [JvmPauseMonitor10] INFO  util.JvmPauseMonitor (JvmPauseMonitor.java:run(105)) - JvmPauseMonitor-06ff1ec3-3332-4ac8-b4dc-23bc541e60c0: Started
2022-11-10 07:15:39,452 [EndpointStateMachine task thread for /0.0.0.0:33277 - 0 ] INFO  ratis.XceiverServerRatis (XceiverServerRatis.java:getRealPort(502)) - XceiverServerRatis 06ff1ec3-3332-4ac8-b4dc-23bc541e60c0 is started using port 34685 for RATIS_ADMIN
2022-11-10 07:15:39,453 [EndpointStateMachine task thread for /0.0.0.0:33277 - 0 ] INFO  ratis.XceiverServerRatis (XceiverServerRatis.java:getRealPort(502)) - XceiverServerRatis 06ff1ec3-3332-4ac8-b4dc-23bc541e60c0 is started using port 34685 for RATIS_SERVER
2022-11-10 07:15:39,455 [EndpointStateMachine task thread for /0.0.0.0:33277 - 0 ] INFO  server.XceiverServerGrpc (XceiverServerGrpc.java:start(180)) - XceiverServerGrpc 06ff1ec3-3332-4ac8-b4dc-23bc541e60c0 is started using port 46803
2022-11-10 07:15:40,413 [Listener at 127.0.0.1/43521] INFO  ozone.MiniOzoneClusterImpl (MiniOzoneClusterImpl.java:lambda$waitForClusterToBeReady$0(216)) - Waiting for nodes to be ready. Got 0 of 3 DN Heartbeats.
2022-11-10 07:15:40,413 [Listener at 127.0.0.1/43521] INFO  ozone.MiniOzoneClusterImpl (MiniOzoneClusterImpl.java:lambda$waitForClusterToBeReady$0(219)) - Waiting for cluster to exit safe mode
2022-11-10 07:15:40,414 [Listener at 127.0.0.1/43521] INFO  ozone.MiniOzoneClusterImpl (MiniOzoneClusterImpl.java:lambda$waitForClusterToBeReady$0(221)) - SCM became leader
2022-11-10 07:15:40,846 [IPC Server handler 0 on default port 33277] INFO  net.NetworkTopologyImpl (NetworkTopologyImpl.java:add(112)) - Added a new node: /default-rack/85a84f3f-4e6e-49f5-978d-fa543ddbfdc8
2022-11-10 07:15:40,846 [IPC Server handler 0 on default port 33277] INFO  node.SCMNodeManager (SCMNodeManager.java:register(397)) - Registered Data node : 85a84f3f-4e6e-49f5-978d-fa543ddbfdc8{ip: 10.1.0.59, host: fv-az435-205.hcxxyugg5vdudo0mn2smve0l3g.cx.internal.cloudapp.net, ports: [REPLICATION=32961, RATIS=35209, RATIS_ADMIN=35209, RATIS_SERVER=35209, STANDALONE=42877], networkLocation: /default-rack, certSerialId: null, persistedOpState: null, persistedOpStateExpiryEpochSec: 0}
2022-11-10 07:15:40,852 [EventQueue-NodeRegistrationContainerReportForContainerSafeModeRule] INFO  safemode.SCMSafeModeManager (SCMSafeModeManager.java:validateSafeModeExitRules(204)) - ContainerSafeModeRule rule is successfully validated
2022-11-10 07:15:40,852 [EventQueue-NodeRegistrationContainerReportForDataNodeSafeModeRule] INFO  safemode.SCMSafeModeManager (DataNodeSafeModeRule.java:process(71)) - SCM in safe mode. 1 DataNodes registered, 3 required.
2022-11-10 07:15:40,858 [EventQueue-NewNodeForNewNodeHandler] INFO  pipeline.BackgroundPipelineCreator (BackgroundPipelineCreator.java:notifyEventTriggered(276)) - trigger a one-shot run on RatisPipelineUtilsThread.
2022-11-10 07:15:40,858 [RatisPipelineUtilsThread - 0] INFO  pipeline.RatisPipelineProvider (RatisPipelineProvider.java:lambda$create$0(195)) - Sending CreatePipelineCommand for pipeline:PipelineID=0095fc01-12e9-40ce-98c7-a7aea554e317 to datanode:85a84f3f-4e6e-49f5-978d-fa543ddbfdc8
2022-11-10 07:15:40,859 [RatisPipelineUtilsThread - 0] INFO  pipeline.PipelineStateManagerImpl (PipelineStateManagerImpl.java:addPipeline(103)) - Created pipeline Pipeline[ Id: 0095fc01-12e9-40ce-98c7-a7aea554e317, Nodes: 85a84f3f-4e6e-49f5-978d-fa543ddbfdc8{ip: 10.1.0.59, host: fv-az435-205.hcxxyugg5vdudo0mn2smve0l3g.cx.internal.cloudapp.net, ports: [REPLICATION=32961, RATIS=35209, RATIS_ADMIN=35209, RATIS_SERVER=35209, STANDALONE=42877], networkLocation: /default-rack, certSerialId: null, persistedOpState: IN_SERVICE, persistedOpStateExpiryEpochSec: 0}, ReplicationConfig: RATIS/ONE, State:ALLOCATED, leaderId:, CreationTimestamp2022-11-10T07:15:40.858Z[Etc/UTC]].
2022-11-10 07:15:40,860 [EventQueue-PipelineReportForOneReplicaPipelineSafeModeRule] INFO  safemode.SCMSafeModeManager (SCMSafeModeManager.java:validateSafeModeExitRules(204)) - AtleastOneDatanodeReportedRule rule is successfully validated
2022-11-10 07:15:41,146 [IPC Server handler 1 on default port 33277] INFO  net.NetworkTopologyImpl (NetworkTopologyImpl.java:add(112)) - Added a new node: /default-rack/3950d273-d245-4570-97e3-85d09fa36925
2022-11-10 07:15:41,146 [IPC Server handler 1 on default port 33277] INFO  node.SCMNodeManager (SCMNodeManager.java:register(397)) - Registered Data node : 3950d273-d245-4570-97e3-85d09fa36925{ip: 10.1.0.59, host: fv-az435-205.hcxxyugg5vdudo0mn2smve0l3g.cx.internal.cloudapp.net, ports: [REPLICATION=44547, RATIS=37013, RATIS_ADMIN=37013, RATIS_SERVER=37013, STANDALONE=39881], networkLocation: /default-rack, certSerialId: null, persistedOpState: null, persistedOpStateExpiryEpochSec: 0}
2022-11-10 07:15:41,146 [EventQueue-NewNodeForNewNodeHandler] INFO  pipeline.BackgroundPipelineCreator (BackgroundPipelineCreator.java:notifyEventTriggered(276)) - trigger a one-shot run on RatisPipelineUtilsThread.
2022-11-10 07:15:41,146 [EventQueue-NodeRegistrationContainerReportForDataNodeSafeModeRule] INFO  safemode.SCMSafeModeManager (DataNodeSafeModeRule.java:process(71)) - SCM in safe mode. 2 DataNodes registered, 3 required.
2022-11-10 07:15:41,149 [RatisPipelineUtilsThread - 0] INFO  pipeline.RatisPipelineProvider (RatisPipelineProvider.java:lambda$create$0(195)) - Sending CreatePipelineCommand for pipeline:PipelineID=9be934be-80e4-444c-9f95-5a95d11c1572 to datanode:3950d273-d245-4570-97e3-85d09fa36925
2022-11-10 07:15:41,150 [RatisPipelineUtilsThread - 0] INFO  pipeline.PipelineStateManagerImpl (PipelineStateManagerImpl.java:addPipeline(103)) - Created pipeline Pipeline[ Id: 9be934be-80e4-444c-9f95-5a95d11c1572, Nodes: 3950d273-d245-4570-97e3-85d09fa36925{ip: 10.1.0.59, host: fv-az435-205.hcxxyugg5vdudo0mn2smve0l3g.cx.internal.cloudapp.net, ports: [REPLICATION=44547, RATIS=37013, RATIS_ADMIN=37013, RATIS_SERVER=37013, STANDALONE=39881], networkLocation: /default-rack, certSerialId: null, persistedOpState: IN_SERVICE, persistedOpStateExpiryEpochSec: 0}, ReplicationConfig: RATIS/ONE, State:ALLOCATED, leaderId:, CreationTimestamp2022-11-10T07:15:41.149Z[Etc/UTC]].
2022-11-10 07:15:41,414 [Listener at 127.0.0.1/43521] INFO  ozone.MiniOzoneClusterImpl (MiniOzoneClusterImpl.java:lambda$waitForClusterToBeReady$0(216)) - Waiting for nodes to be ready. Got 2 of 3 DN Heartbeats.
2022-11-10 07:15:41,414 [Listener at 127.0.0.1/43521] INFO  ozone.MiniOzoneClusterImpl (MiniOzoneClusterImpl.java:lambda$waitForClusterToBeReady$0(219)) - Waiting for cluster to exit safe mode
2022-11-10 07:15:41,414 [Listener at 127.0.0.1/43521] INFO  ozone.MiniOzoneClusterImpl (MiniOzoneClusterImpl.java:lambda$waitForClusterToBeReady$0(221)) - SCM became leader
2022-11-10 07:15:41,417 [IPC Server handler 4 on default port 33277] INFO  net.NetworkTopologyImpl (NetworkTopologyImpl.java:add(112)) - Added a new node: /default-rack/06ff1ec3-3332-4ac8-b4dc-23bc541e60c0
2022-11-10 07:15:41,417 [IPC Server handler 4 on default port 33277] INFO  node.SCMNodeManager (SCMNodeManager.java:register(397)) - Registered Data node : 06ff1ec3-3332-4ac8-b4dc-23bc541e60c0{ip: 10.1.0.59, host: fv-az435-205.hcxxyugg5vdudo0mn2smve0l3g.cx.internal.cloudapp.net, ports: [REPLICATION=35357, RATIS=34685, RATIS_ADMIN=34685, RATIS_SERVER=34685, STANDALONE=46803], networkLocation: /default-rack, certSerialId: null, persistedOpState: null, persistedOpStateExpiryEpochSec: 0}
2022-11-10 07:15:41,417 [EventQueue-NewNodeForNewNodeHandler] INFO  pipeline.BackgroundPipelineCreator (BackgroundPipelineCreator.java:notifyEventTriggered(276)) - trigger a one-shot run on RatisPipelineUtilsThread.
2022-11-10 07:15:41,418 [EventQueue-NodeRegistrationContainerReportForDataNodeSafeModeRule] INFO  safemode.SCMSafeModeManager (DataNodeSafeModeRule.java:process(71)) - SCM in safe mode. 3 DataNodes registered, 3 required.
2022-11-10 07:15:41,419 [RatisPipelineUtilsThread - 0] INFO  pipeline.RatisPipelineProvider (RatisPipelineProvider.java:lambda$create$0(195)) - Sending CreatePipelineCommand for pipeline:PipelineID=637d6c75-b572-4caf-a2ca-9cddbf873c89 to datanode:06ff1ec3-3332-4ac8-b4dc-23bc541e60c0
2022-11-10 07:15:41,419 [EventQueue-NodeRegistrationContainerReportForDataNodeSafeModeRule] INFO  safemode.SCMSafeModeManager (SCMSafeModeManager.java:validateSafeModeExitRules(204)) - DataNodeSafeModeRule rule is successfully validated
2022-11-10 07:15:41,419 [EventQueue-NodeRegistrationContainerReportForDataNodeSafeModeRule] INFO  safemode.SCMSafeModeManager (SCMSafeModeManager.java:completePreCheck(233)) - All SCM safe mode pre check rules have passed
2022-11-10 07:15:41,419 [EventQueue-NodeRegistrationContainerReportForDataNodeSafeModeRule] WARN  events.EventQueue (EventQueue.java:fireEvent(216)) - No event handler registered for event TypedEvent{payloadType=SafeModeStatus, name='Safe mode status'}
2022-11-10 07:15:41,419 [EventQueue-NodeRegistrationContainerReportForDataNodeSafeModeRule] INFO  ha.SCMContext (SCMContext.java:updateSafeModeStatus(228)) - Update SafeModeStatus from SafeModeStatus{safeModeStatus=true, preCheckPassed=false} to SafeModeStatus{safeModeStatus=true, preCheckPassed=true}.
2022-11-10 07:15:41,419 [EventQueue-NodeRegistrationContainerReportForDataNodeSafeModeRule] INFO  pipeline.BackgroundPipelineCreator (BackgroundPipelineCreator.java:notifyEventTriggered(276)) - trigger a one-shot run on RatisPipelineUtilsThread.
2022-11-10 07:15:41,419 [RatisPipelineUtilsThread - 0] INFO  pipeline.PipelineStateManagerImpl (PipelineStateManagerImpl.java:addPipeline(103)) - Created pipeline Pipeline[ Id: 637d6c75-b572-4caf-a2ca-9cddbf873c89, Nodes: 06ff1ec3-3332-4ac8-b4dc-23bc541e60c0{ip: 10.1.0.59, host: fv-az435-205.hcxxyugg5vdudo0mn2smve0l3g.cx.internal.cloudapp.net, ports: [REPLICATION=35357, RATIS=34685, RATIS_ADMIN=34685, RATIS_SERVER=34685, STANDALONE=46803], networkLocation: /default-rack, certSerialId: null, persistedOpState: IN_SERVICE, persistedOpStateExpiryEpochSec: 0}, ReplicationConfig: RATIS/ONE, State:ALLOCATED, leaderId:, CreationTimestamp2022-11-10T07:15:41.418Z[Etc/UTC]].
2022-11-10 07:15:41,420 [RatisPipelineUtilsThread - 0] INFO  pipeline.RatisPipelineProvider (RatisPipelineProvider.java:lambda$create$0(195)) - Sending CreatePipelineCommand for pipeline:PipelineID=4adb2238-70fd-428a-a0b8-775324b89def to datanode:85a84f3f-4e6e-49f5-978d-fa543ddbfdc8
2022-11-10 07:15:41,420 [RatisPipelineUtilsThread - 0] INFO  pipeline.RatisPipelineProvider (RatisPipelineProvider.java:lambda$create$0(195)) - Sending CreatePipelineCommand for pipeline:PipelineID=4adb2238-70fd-428a-a0b8-775324b89def to datanode:06ff1ec3-3332-4ac8-b4dc-23bc541e60c0
2022-11-10 07:15:41,420 [RatisPipelineUtilsThread - 0] INFO  pipeline.RatisPipelineProvider (RatisPipelineProvider.java:lambda$create$0(195)) - Sending CreatePipelineCommand for pipeline:PipelineID=4adb2238-70fd-428a-a0b8-775324b89def to datanode:3950d273-d245-4570-97e3-85d09fa36925
2022-11-10 07:15:41,420 [RatisPipelineUtilsThread - 0] INFO  pipeline.PipelineStateManagerImpl (PipelineStateManagerImpl.java:addPipeline(103)) - Created pipeline Pipeline[ Id: 4adb2238-70fd-428a-a0b8-775324b89def, Nodes: 85a84f3f-4e6e-49f5-978d-fa543ddbfdc8{ip: 10.1.0.59, host: fv-az435-205.hcxxyugg5vdudo0mn2smve0l3g.cx.internal.cloudapp.net, ports: [REPLICATION=32961, RATIS=35209, RATIS_ADMIN=35209, RATIS_SERVER=35209, STANDALONE=42877], networkLocation: /default-rack, certSerialId: null, persistedOpState: IN_SERVICE, persistedOpStateExpiryEpochSec: 0}06ff1ec3-3332-4ac8-b4dc-23bc541e60c0{ip: 10.1.0.59, host: fv-az435-205.hcxxyugg5vdudo0mn2smve0l3g.cx.internal.cloudapp.net, ports: [REPLICATION=35357, RATIS=34685, RATIS_ADMIN=34685, RATIS_SERVER=34685, STANDALONE=46803], networkLocation: /default-rack, certSerialId: null, persistedOpState: IN_SERVICE, persistedOpStateExpiryEpochSec: 0}3950d273-d245-4570-97e3-85d09fa36925{ip: 10.1.0.59, host: fv-az435-205.hcxxyugg5vdudo0mn2smve0l3g.cx.internal.cloudapp.net, ports: [REPLICATION=44547, RATIS=37013, RATIS_ADMIN=37013, RATIS_SERVER=37013, STANDALONE=39881], networkLocation: /default-rack, certSerialId: null, persistedOpState: IN_SERVICE, persistedOpStateExpiryEpochSec: 0}, ReplicationConfig: RATIS/THREE, State:ALLOCATED, leaderId:, CreationTimestamp2022-11-10T07:15:41.420Z[Etc/UTC]].
2022-11-10 07:15:41,421 [RatisPipelineUtilsThread - 0] INFO  pipeline.RatisPipelineProvider (RatisPipelineProvider.java:lambda$create$0(195)) - Sending CreatePipelineCommand for pipeline:PipelineID=24cf041f-b10b-4731-9db4-67df168abd2c to datanode:06ff1ec3-3332-4ac8-b4dc-23bc541e60c0
2022-11-10 07:15:41,421 [RatisPipelineUtilsThread - 0] INFO  pipeline.RatisPipelineProvider (RatisPipelineProvider.java:lambda$create$0(195)) - Sending CreatePipelineCommand for pipeline:PipelineID=24cf041f-b10b-4731-9db4-67df168abd2c to datanode:85a84f3f-4e6e-49f5-978d-fa543ddbfdc8
2022-11-10 07:15:41,421 [RatisPipelineUtilsThread - 0] INFO  pipeline.RatisPipelineProvider (RatisPipelineProvider.java:lambda$create$0(195)) - Sending CreatePipelineCommand for pipeline:PipelineID=24cf041f-b10b-4731-9db4-67df168abd2c to datanode:3950d273-d245-4570-97e3-85d09fa36925
2022-11-10 07:15:41,422 [RatisPipelineUtilsThread - 0] INFO  pipeline.PipelineStateManagerImpl (PipelineStateManagerImpl.java:addPipeline(103)) - Created pipeline Pipeline[ Id: 24cf041f-b10b-4731-9db4-67df168abd2c, Nodes: 06ff1ec3-3332-4ac8-b4dc-23bc541e60c0{ip: 10.1.0.59, host: fv-az435-205.hcxxyugg5vdudo0mn2smve0l3g.cx.internal.cloudapp.net, ports: [REPLICATION=35357, RATIS=34685, RATIS_ADMIN=34685, RATIS_SERVER=34685, STANDALONE=46803], networkLocation: /default-rack, certSerialId: null, persistedOpState: IN_SERVICE, persistedOpStateExpiryEpochSec: 0}85a84f3f-4e6e-49f5-978d-fa543ddbfdc8{ip: 10.1.0.59, host: fv-az435-205.hcxxyugg5vdudo0mn2smve0l3g.cx.internal.cloudapp.net, ports: [REPLICATION=32961, RATIS=35209, RATIS_ADMIN=35209, RATIS_SERVER=35209, STANDALONE=42877], networkLocation: /default-rack, certSerialId: null, persistedOpState: IN_SERVICE, persistedOpStateExpiryEpochSec: 0}3950d273-d245-4570-97e3-85d09fa36925{ip: 10.1.0.59, host: fv-az435-205.hcxxyugg5vdudo0mn2smve0l3g.cx.internal.cloudapp.net, ports: [REPLICATION=44547, RATIS=37013, RATIS_ADMIN=37013, RATIS_SERVER=37013, STANDALONE=39881], networkLocation: /default-rack, certSerialId: null, persistedOpState: IN_SERVICE, persistedOpStateExpiryEpochSec: 0}, ReplicationConfig: RATIS/THREE, State:ALLOCATED, leaderId:, CreationTimestamp2022-11-10T07:15:41.421Z[Etc/UTC]].
2022-11-10 07:15:41,422 [RatisPipelineUtilsThread - 0] INFO  pipeline.PipelineManagerImpl (PipelineManagerImpl.java:recordMetricsForPipeline(826)) - Pipeline: PipelineID=24cf041f-b10b-4731-9db4-67df168abd2c contains same datanodes as previous pipelines: PipelineID=4adb2238-70fd-428a-a0b8-775324b89def nodeIds: 06ff1ec3-3332-4ac8-b4dc-23bc541e60c0, 85a84f3f-4e6e-49f5-978d-fa543ddbfdc8, 3950d273-d245-4570-97e3-85d09fa36925
2022-11-10 07:15:42,415 [Listener at 127.0.0.1/43521] INFO  ozone.MiniOzoneClusterImpl (MiniOzoneClusterImpl.java:lambda$waitForClusterToBeReady$0(216)) - Nodes are ready. Got 3 of 3 DN Heartbeats.
2022-11-10 07:15:42,415 [Listener at 127.0.0.1/43521] INFO  ozone.MiniOzoneClusterImpl (MiniOzoneClusterImpl.java:lambda$waitForClusterToBeReady$0(219)) - Waiting for cluster to exit safe mode
2022-11-10 07:15:42,416 [Listener at 127.0.0.1/43521] INFO  ozone.MiniOzoneClusterImpl (MiniOzoneClusterImpl.java:lambda$waitForClusterToBeReady$0(221)) - SCM became leader
2022-11-10 07:15:43,416 [Listener at 127.0.0.1/43521] INFO  ozone.MiniOzoneClusterImpl (MiniOzoneClusterImpl.java:lambda$waitForClusterToBeReady$0(216)) - Nodes are ready. Got 3 of 3 DN Heartbeats.
2022-11-10 07:15:43,416 [Listener at 127.0.0.1/43521] INFO  ozone.MiniOzoneClusterImpl (MiniOzoneClusterImpl.java:lambda$waitForClusterToBeReady$0(219)) - Waiting for cluster to exit safe mode
2022-11-10 07:15:43,416 [Listener at 127.0.0.1/43521] INFO  ozone.MiniOzoneClusterImpl (MiniOzoneClusterImpl.java:lambda$waitForClusterToBeReady$0(221)) - SCM became leader
2022-11-10 07:15:43,844 [Command processor thread] INFO  server.RaftServer (RaftServerProxy.java:addNew(96)) - 85a84f3f-4e6e-49f5-978d-fa543ddbfdc8: addNew group-A7AEA554E317:[85a84f3f-4e6e-49f5-978d-fa543ddbfdc8|rpc:10.1.0.59:35209|priority:1|startupRole:FOLLOWER] returns group-A7AEA554E317:java.util.concurrent.CompletableFuture@7a151fc3[Not completed]
2022-11-10 07:15:43,845 [pool-308-thread-1] INFO  server.RaftServer$Division (RaftServerImpl.java:<init>(195)) - 85a84f3f-4e6e-49f5-978d-fa543ddbfdc8: new RaftServerImpl for group-A7AEA554E317:[85a84f3f-4e6e-49f5-978d-fa543ddbfdc8|rpc:10.1.0.59:35209|priority:1|startupRole:FOLLOWER] with ContainerStateMachine:uninitialized
2022-11-10 07:15:43,845 [pool-308-thread-1] INFO  server.RaftServerConfigKeys (ConfUtils.java:logGet(46)) - raft.server.rpc.timeout.min = 5s (custom)
2022-11-10 07:15:43,846 [pool-308-thread-1] INFO  server.RaftServerConfigKeys (ConfUtils.java:logGet(46)) - raft.server.rpc.timeout.max = 5200ms (custom)
2022-11-10 07:15:43,846 [pool-308-thread-1] INFO  server.RaftServerConfigKeys (ConfUtils.java:logGet(46)) - raft.server.rpc.sleep.time = 25ms (default)
2022-11-10 07:15:43,846 [pool-308-thread-1] INFO  server.RaftServerConfigKeys (ConfUtils.java:logGet(46)) - raft.server.rpc.slowness.timeout = 300s (custom)
2022-11-10 07:15:43,846 [pool-308-thread-1] INFO  server.RaftServerConfigKeys (ConfUtils.java:logGet(46)) - raft.server.leaderelection.leader.step-down.wait-time = 10s (default)
2022-11-10 07:15:43,846 [pool-308-thread-1] INFO  server.RaftServerConfigKeys (ConfUtils.java:logGet(46)) - raft.server.sleep.deviation.threshold = 300ms (default)
2022-11-10 07:15:43,846 [pool-308-thread-1] INFO  server.RaftServer$Division (ServerState.java:<init>(118)) - 85a84f3f-4e6e-49f5-978d-fa543ddbfdc8@group-A7AEA554E317: ConfigurationManager, init=-1: peers:[85a84f3f-4e6e-49f5-978d-fa543ddbfdc8|rpc:10.1.0.59:35209|priority:1|startupRole:FOLLOWER]|listeners:[], old=null, confs=<EMPTY_MAP>
2022-11-10 07:15:43,846 [pool-308-thread-1] INFO  server.RaftServerConfigKeys (ConfUtils.java:logGet(46)) - raft.server.storage.dir = [/home/runner/work/ozone/ozone/hadoop-ozone/integration-test/target/test-dir/MiniOzoneClusterImpl-84cafbd6-325b-4886-915b-d0b5d28b8cf9/datanode-0/data/ratis] (custom)
2022-11-10 07:15:43,846 [pool-308-thread-1] INFO  server.RaftServerConfigKeys (ConfUtils.java:logGet(46)) - raft.server.log.corruption.policy = EXCEPTION (default)
2022-11-10 07:15:43,846 [pool-308-thread-1] INFO  server.RaftServerConfigKeys (ConfUtils.java:logGet(46)) - raft.server.storage.free-space.min = 0MB (=0) (default)
2022-11-10 07:15:43,846 [pool-308-thread-1] INFO  server.RaftServerConfigKeys (ConfUtils.java:logGet(46)) - raft.server.notification.no-leader.timeout = 300s (custom)
2022-11-10 07:15:43,846 [pool-308-thread-1] INFO  server.RaftServerConfigKeys (ConfUtils.java:logGet(46)) - raft.server.retrycache.expirytime = 600000ms (custom)
2022-11-10 07:15:43,846 [pool-308-thread-1] INFO  server.RaftServerConfigKeys (ConfUtils.java:logGet(46)) - raft.server.retrycache.statistics.expirytime = 100μs (default)
2022-11-10 07:15:43,847 [pool-308-thread-1] INFO  server.RaftServerConfigKeys (ConfUtils.java:logGet(46)) - raft.server.log.appender.install.snapshot.enabled = false (custom)
2022-11-10 07:15:43,847 [pool-308-thread-1] INFO  server.RaftServerConfigKeys (ConfUtils.java:logGet(46)) - raft.server.threadpool.server.cached = true (default)
2022-11-10 07:15:43,847 [pool-308-thread-1] INFO  server.RaftServerConfigKeys (ConfUtils.java:logGet(46)) - raft.server.threadpool.server.size = 0 (default)
2022-11-10 07:15:43,848 [pool-308-thread-1] INFO  server.RaftServerConfigKeys (ConfUtils.java:logGet(46)) - raft.server.threadpool.client.cached = true (default)
2022-11-10 07:15:43,848 [pool-308-thread-1] INFO  server.RaftServerConfigKeys (ConfUtils.java:logGet(46)) - raft.server.threadpool.client.size = 0 (default)
2022-11-10 07:15:43,848 [pool-308-thread-1] INFO  storage.RaftStorageDirectory (RaftStorageDirectoryImpl.java:analyzeStorage(137)) - The storage directory /home/runner/work/ozone/ozone/hadoop-ozone/integration-test/target/test-dir/MiniOzoneClusterImpl-84cafbd6-325b-4886-915b-d0b5d28b8cf9/datanode-0/data/ratis/0095fc01-12e9-40ce-98c7-a7aea554e317 does not exist. Creating ...
2022-11-10 07:15:43,849 [pool-308-thread-1] INFO  storage.RaftStorageDirectory (RaftStorageDirectoryImpl.java:tryLock(231)) - Lock on /home/runner/work/ozone/ozone/hadoop-ozone/integration-test/target/test-dir/MiniOzoneClusterImpl-84cafbd6-325b-4886-915b-d0b5d28b8cf9/datanode-0/data/ratis/0095fc01-12e9-40ce-98c7-a7aea554e317/in_use.lock acquired by nodename 12028@fv-az435-205
2022-11-10 07:15:43,850 [pool-308-thread-1] INFO  storage.RaftStorage (RaftStorageImpl.java:format(96)) - Storage directory /home/runner/work/ozone/ozone/hadoop-ozone/integration-test/target/test-dir/MiniOzoneClusterImpl-84cafbd6-325b-4886-915b-d0b5d28b8cf9/datanode-0/data/ratis/0095fc01-12e9-40ce-98c7-a7aea554e317 has been successfully formatted.
2022-11-10 07:15:43,852 [pool-308-thread-1] INFO  ratis.ContainerStateMachine (ContainerStateMachine.java:loadSnapshot(236)) - group-A7AEA554E317: The snapshot info is null. Setting the last applied indexto:(t:0, i:~)
2022-11-10 07:15:43,852 [pool-308-thread-1] INFO  server.RaftServerConfigKeys (ConfUtils.java:logGet(46)) - raft.server.log.use.memory = false (default)
2022-11-10 07:15:43,852 [pool-308-thread-1] INFO  server.RaftServerConfigKeys (ConfUtils.java:logGet(46)) - raft.server.log.purge.gap = 1000000 (custom)
2022-11-10 07:15:43,852 [pool-308-thread-1] INFO  server.RaftServerConfigKeys (ConfUtils.java:logGet(46)) - raft.server.log.appender.buffer.byte-limit = 33554432 (custom)
2022-11-10 07:15:43,852 [pool-308-thread-1] INFO  server.RaftServerConfigKeys (ConfUtils.java:logGet(46)) - raft.server.log.statemachine.data.read.timeout = 1000ms (default)
2022-11-10 07:15:43,852 [pool-308-thread-1] INFO  server.RaftServerConfigKeys (ConfUtils.java:logGet(46)) - raft.server.log.purge.preservation.log.num = 0 (default)
2022-11-10 07:15:43,852 [pool-308-thread-1] INFO  server.RaftServerConfigKeys (ConfUtils.java:logGet(46)) - raft.server.log.segment.size.max = 1048576 (custom)
2022-11-10 07:15:43,853 [EventQueue-PipelineReportForPipelineReportHandler] INFO  pipeline.PipelineManagerImpl (PipelineManagerImpl.java:openPipeline(367)) - Pipeline Pipeline[ Id: 0095fc01-12e9-40ce-98c7-a7aea554e317, Nodes: 85a84f3f-4e6e-49f5-978d-fa543ddbfdc8{ip: 10.1.0.59, host: fv-az435-205.hcxxyugg5vdudo0mn2smve0l3g.cx.internal.cloudapp.net, ports: [REPLICATION=32961, RATIS=35209, RATIS_ADMIN=35209, RATIS_SERVER=35209, STANDALONE=42877], networkLocation: /default-rack, certSerialId: null, persistedOpState: IN_SERVICE, persistedOpStateExpiryEpochSec: 0}, ReplicationConfig: RATIS/ONE, State:ALLOCATED, leaderId:85a84f3f-4e6e-49f5-978d-fa543ddbfdc8, CreationTimestamp2022-11-10T07:15:40.858Z[Etc/UTC]] moved to OPEN state
2022-11-10 07:15:43,853 [pool-308-thread-1] INFO  server.RaftServerConfigKeys (ConfUtils.java:logGet(46)) - raft.server.log.segment.cache.num.max = 2 (custom)
2022-11-10 07:15:43,853 [pool-308-thread-1] INFO  server.RaftServerConfigKeys (ConfUtils.java:logGet(46)) - raft.server.log.segment.cache.size.max = 200MB (=209715200) (default)
2022-11-10 07:15:43,853 [pool-308-thread-1] INFO  segmented.SegmentedRaftLogWorker (SegmentedRaftLogWorker.java:<init>(191)) - new 85a84f3f-4e6e-49f5-978d-fa543ddbfdc8@group-A7AEA554E317-SegmentedRaftLogWorker for RaftStorageImpl:Storage Directory /home/runner/work/ozone/ozone/hadoop-ozone/integration-test/target/test-dir/MiniOzoneClusterImpl-84cafbd6-325b-4886-915b-d0b5d28b8cf9/datanode-0/data/ratis/0095fc01-12e9-40ce-98c7-a7aea554e317
2022-11-10 07:15:43,853 [pool-308-thread-1] INFO  server.RaftServerConfigKeys (ConfUtils.java:logGet(46)) - raft.server.log.queue.byte-limit = 4294967296 (custom)
2022-11-10 07:15:43,853 [pool-308-thread-1] INFO  server.RaftServerConfigKeys (ConfUtils.java:logGet(46)) - raft.server.log.queue.element-limit = 1024 (custom)
2022-11-10 07:15:43,853 [pool-308-thread-1] INFO  server.RaftServerConfigKeys (ConfUtils.java:logGet(46)) - raft.server.log.segment.size.max = 1048576 (custom)
2022-11-10 07:15:43,853 [pool-308-thread-1] INFO  server.RaftServerConfigKeys (ConfUtils.java:logGet(46)) - raft.server.log.preallocated.size = 16384 (custom)
2022-11-10 07:15:43,856 [EventQueue-OpenPipelineForHealthyPipelineSafeModeRule] INFO  safemode.SCMSafeModeManager (HealthyPipelineSafeModeRule.java:process(137)) - SCM in safe mode. Healthy pipelines reported count is 0, required healthy pipeline reported count is 1
2022-11-10 07:15:43,857 [pool-308-thread-1] INFO  server.RaftServerConfigKeys (ConfUtils.java:logGet(46)) - raft.server.log.force.sync.num = 128 (default)
2022-11-10 07:15:43,857 [pool-308-thread-1] INFO  server.RaftServerConfigKeys (ConfUtils.java:logGet(46)) - raft.server.log.statemachine.data.sync = true (default)
2022-11-10 07:15:43,857 [pool-308-thread-1] INFO  server.RaftServerConfigKeys (ConfUtils.java:logGet(46)) - raft.server.log.statemachine.data.sync.timeout = 10s (default)
2022-11-10 07:15:43,857 [pool-308-thread-1] INFO  server.RaftServerConfigKeys (ConfUtils.java:logGet(46)) - raft.server.log.statemachine.data.sync.timeout.retry = -1 (default)
2022-11-10 07:15:43,858 [pool-308-thread-1] INFO  server.RaftServerConfigKeys (ConfUtils.java:logGet(46)) - raft.server.log.write.buffer.size = 1048576 (custom)
2022-11-10 07:15:43,858 [pool-308-thread-1] INFO  server.RaftServerConfigKeys (ConfUtils.java:logGet(46)) - raft.server.log.unsafe-flush.enabled = false (default)
2022-11-10 07:15:43,858 [pool-308-thread-1] INFO  server.RaftServerConfigKeys (ConfUtils.java:logGet(46)) - raft.server.log.async-flush.enabled = false (default)
2022-11-10 07:15:43,859 [pool-308-thread-1] INFO  server.RaftServerConfigKeys (ConfUtils.java:logGet(46)) - raft.server.log.statemachine.data.caching.enabled = true (custom)
2022-11-10 07:15:43,859 [pool-308-thread-1] INFO  segmented.SegmentedRaftLogWorker (SegmentedRaftLogWorker.java:lambda$new$0(136)) - 85a84f3f-4e6e-49f5-978d-fa543ddbfdc8@group-A7AEA554E317-SegmentedRaftLogWorker: flushIndex: setUnconditionally 0 -> -1
2022-11-10 07:15:43,859 [pool-308-thread-1] INFO  segmented.SegmentedRaftLogWorker (SegmentedRaftLogWorker.java:lambda$new$0(136)) - 85a84f3f-4e6e-49f5-978d-fa543ddbfdc8@group-A7AEA554E317-SegmentedRaftLogWorker: safeCacheEvictIndex: setUnconditionally 0 -> -1
2022-11-10 07:15:43,859 [pool-308-thread-1] INFO  server.RaftServer$Division (RaftServerImpl.java:start(334)) - 85a84f3f-4e6e-49f5-978d-fa543ddbfdc8@group-A7AEA554E317: start as a follower, conf=-1: peers:[85a84f3f-4e6e-49f5-978d-fa543ddbfdc8|rpc:10.1.0.59:35209|priority:1|startupRole:FOLLOWER]|listeners:[], old=null
2022-11-10 07:15:43,859 [pool-308-thread-1] INFO  server.RaftServer$Division (RaftServerImpl.java:setRole(321)) - 85a84f3f-4e6e-49f5-978d-fa543ddbfdc8@group-A7AEA554E317: changes role from      null to FOLLOWER at term 0 for startAsFollower
2022-11-10 07:15:43,859 [pool-308-thread-1] INFO  impl.RoleInfo (RoleInfo.java:updateAndGet(139)) - 85a84f3f-4e6e-49f5-978d-fa543ddbfdc8: start 85a84f3f-4e6e-49f5-978d-fa543ddbfdc8@group-A7AEA554E317-FollowerState
2022-11-10 07:15:43,859 [pool-308-thread-1] INFO  util.JmxRegister (JmxRegister.java:tryRegister(44)) - Successfully registered JMX Bean with object name Ratis:service=RaftServer,group=group-A7AEA554E317,id=85a84f3f-4e6e-49f5-978d-fa543ddbfdc8
2022-11-10 07:15:43,859 [pool-308-thread-1] INFO  server.RaftServerConfigKeys (ConfUtils.java:logGet(46)) - raft.server.snapshot.auto.trigger.enabled = true (custom)
2022-11-10 07:15:43,860 [pool-308-thread-1] INFO  server.RaftServerConfigKeys (ConfUtils.java:logGet(46)) - raft.server.snapshot.auto.trigger.threshold = 10000 (custom)
2022-11-10 07:15:43,860 [pool-308-thread-1] INFO  server.RaftServerConfigKeys (ConfUtils.java:logGet(46)) - raft.server.snapshot.retention.file.num = 5 (custom)
2022-11-10 07:15:43,860 [pool-308-thread-1] INFO  server.RaftServerConfigKeys (ConfUtils.java:logGet(46)) - raft.server.log.purge.upto.snapshot.index = false (default)
2022-11-10 07:15:43,860 [85a84f3f-4e6e-49f5-978d-fa543ddbfdc8@group-A7AEA554E317-FollowerState] INFO  server.RaftServerConfigKeys (ConfUtils.java:logFallback(53)) - raft.server.rpc.first-election.timeout.min = 5s (fallback to raft.server.rpc.timeout.min)
2022-11-10 07:15:43,860 [85a84f3f-4e6e-49f5-978d-fa543ddbfdc8@group-A7AEA554E317-FollowerState] INFO  server.RaftServerConfigKeys (ConfUtils.java:logFallback(53)) - raft.server.rpc.first-election.timeout.max = 5200ms (fallback to raft.server.rpc.timeout.max)
2022-11-10 07:15:43,860 [Command processor thread] INFO  ratis.XceiverServerRatis (XceiverServerRatis.java:addGroup(765)) - Created group PipelineID=0095fc01-12e9-40ce-98c7-a7aea554e317
2022-11-10 07:15:43,861 [Command processor thread] INFO  commandhandler.CreatePipelineCommandHandler (CreatePipelineCommandHandler.java:handle(113)) - Created Pipeline RATIS ONE PipelineID=0095fc01-12e9-40ce-98c7-a7aea554e317.
2022-11-10 07:15:43,861 [Command processor thread] INFO  server.RaftServer (RaftServerProxy.java:addNew(96)) - 85a84f3f-4e6e-49f5-978d-fa543ddbfdc8: addNew group-775324B89DEF:[06ff1ec3-3332-4ac8-b4dc-23bc541e60c0|rpc:10.1.0.59:34685|priority:0|startupRole:FOLLOWER, 3950d273-d245-4570-97e3-85d09fa36925|rpc:10.1.0.59:37013|priority:1|startupRole:FOLLOWER, 85a84f3f-4e6e-49f5-978d-fa543ddbfdc8|rpc:10.1.0.59:35209|priority:0|startupRole:FOLLOWER] returns group-775324B89DEF:java.util.concurrent.CompletableFuture@7e2a9459[Not completed]
2022-11-10 07:15:43,863 [pool-308-thread-1] INFO  server.RaftServer$Division (RaftServerImpl.java:<init>(195)) - 85a84f3f-4e6e-49f5-978d-fa543ddbfdc8: new RaftServerImpl for group-775324B89DEF:[06ff1ec3-3332-4ac8-b4dc-23bc541e60c0|rpc:10.1.0.59:34685|priority:0|startupRole:FOLLOWER, 3950d273-d245-4570-97e3-85d09fa36925|rpc:10.1.0.59:37013|priority:1|startupRole:FOLLOWER, 85a84f3f-4e6e-49f5-978d-fa543ddbfdc8|rpc:10.1.0.59:35209|priority:0|startupRole:FOLLOWER] with ContainerStateMachine:uninitialized
2022-11-10 07:15:43,864 [pool-308-thread-1] INFO  server.RaftServerConfigKeys (ConfUtils.java:logGet(46)) - raft.server.rpc.timeout.min = 5s (custom)
2022-11-10 07:15:43,864 [pool-308-thread-1] INFO  server.RaftServerConfigKeys (ConfUtils.java:logGet(46)) - raft.server.rpc.timeout.max = 5200ms (custom)
2022-11-10 07:15:43,864 [pool-308-thread-1] INFO  server.RaftServerConfigKeys (ConfUtils.java:logGet(46)) - raft.server.rpc.sleep.time = 25ms (default)
2022-11-10 07:15:43,864 [pool-308-thread-1] INFO  server.RaftServerConfigKeys (ConfUtils.java:logGet(46)) - raft.server.rpc.slowness.timeout = 300s (custom)
2022-11-10 07:15:43,864 [pool-308-thread-1] INFO  server.RaftServerConfigKeys (ConfUtils.java:logGet(46)) - raft.server.leaderelection.leader.step-down.wait-time = 10s (default)
2022-11-10 07:15:43,864 [pool-308-thread-1] INFO  server.RaftServerConfigKeys (ConfUtils.java:logGet(46)) - raft.server.sleep.deviation.threshold = 300ms (default)
2022-11-10 07:15:43,864 [pool-308-thread-1] INFO  server.RaftServer$Division (ServerState.java:<init>(118)) - 85a84f3f-4e6e-49f5-978d-fa543ddbfdc8@group-775324B89DEF: ConfigurationManager, init=-1: peers:[06ff1ec3-3332-4ac8-b4dc-23bc541e60c0|rpc:10.1.0.59:34685|priority:0|startupRole:FOLLOWER, 3950d273-d245-4570-97e3-85d09fa36925|rpc:10.1.0.59:37013|priority:1|startupRole:FOLLOWER, 85a84f3f-4e6e-49f5-978d-fa543ddbfdc8|rpc:10.1.0.59:35209|priority:0|startupRole:FOLLOWER]|listeners:[], old=null, confs=<EMPTY_MAP>
2022-11-10 07:15:43,864 [pool-308-thread-1] INFO  server.RaftServerConfigKeys (ConfUtils.java:logGet(46)) - raft.server.storage.dir = [/home/runner/work/ozone/ozone/hadoop-ozone/integration-test/target/test-dir/MiniOzoneClusterImpl-84cafbd6-325b-4886-915b-d0b5d28b8cf9/datanode-0/data/ratis] (custom)
2022-11-10 07:15:43,864 [pool-308-thread-1] INFO  server.RaftServerConfigKeys (ConfUtils.java:logGet(46)) - raft.server.log.corruption.policy = EXCEPTION (default)
2022-11-10 07:15:43,864 [pool-308-thread-1] INFO  server.RaftServerConfigKeys (ConfUtils.java:logGet(46)) - raft.server.storage.free-space.min = 0MB (=0) (default)
2022-11-10 07:15:43,864 [pool-308-thread-1] INFO  server.RaftServerConfigKeys (ConfUtils.java:logGet(46)) - raft.server.notification.no-leader.timeout = 300s (custom)
2022-11-10 07:15:43,864 [pool-308-thread-1] INFO  server.RaftServerConfigKeys (ConfUtils.java:logGet(46)) - raft.server.retrycache.expirytime = 600000ms (custom)
2022-11-10 07:15:43,864 [pool-308-thread-1] INFO  server.RaftServerConfigKeys (ConfUtils.java:logGet(46)) - raft.server.retrycache.statistics.expirytime = 100μs (default)
2022-11-10 07:15:43,865 [pool-308-thread-1] INFO  server.RaftServerConfigKeys (ConfUtils.java:logGet(46)) - raft.server.log.appender.install.snapshot.enabled = false (custom)
2022-11-10 07:15:43,865 [pool-308-thread-1] INFO  server.RaftServerConfigKeys (ConfUtils.java:logGet(46)) - raft.server.threadpool.server.cached = true (default)
2022-11-10 07:15:43,865 [pool-308-thread-1] INFO  server.RaftServerConfigKeys (ConfUtils.java:logGet(46)) - raft.server.threadpool.server.size = 0 (default)
2022-11-10 07:15:43,865 [pool-308-thread-1] INFO  server.RaftServerConfigKeys (ConfUtils.java:logGet(46)) - raft.server.threadpool.client.cached = true (default)
2022-11-10 07:15:43,865 [pool-308-thread-1] INFO  server.RaftServerConfigKeys (ConfUtils.java:logGet(46)) - raft.server.threadpool.client.size = 0 (default)
2022-11-10 07:15:43,866 [pool-308-thread-1] INFO  storage.RaftStorageDirectory (RaftStorageDirectoryImpl.java:analyzeStorage(137)) - The storage directory /home/runner/work/ozone/ozone/hadoop-ozone/integration-test/target/test-dir/MiniOzoneClusterImpl-84cafbd6-325b-4886-915b-d0b5d28b8cf9/datanode-0/data/ratis/4adb2238-70fd-428a-a0b8-775324b89def does not exist. Creating ...
2022-11-10 07:15:43,867 [pool-308-thread-1] INFO  storage.RaftStorageDirectory (RaftStorageDirectoryImpl.java:tryLock(231)) - Lock on /home/runner/work/ozone/ozone/hadoop-ozone/integration-test/target/test-dir/MiniOzoneClusterImpl-84cafbd6-325b-4886-915b-d0b5d28b8cf9/datanode-0/data/ratis/4adb2238-70fd-428a-a0b8-775324b89def/in_use.lock acquired by nodename 12028@fv-az435-205
2022-11-10 07:15:43,868 [pool-308-thread-1] INFO  storage.RaftStorage (RaftStorageImpl.java:format(96)) - Storage directory /home/runner/work/ozone/ozone/hadoop-ozone/integration-test/target/test-dir/MiniOzoneClusterImpl-84cafbd6-325b-4886-915b-d0b5d28b8cf9/datanode-0/data/ratis/4adb2238-70fd-428a-a0b8-775324b89def has been successfully formatted.
2022-11-10 07:15:43,868 [pool-308-thread-1] INFO  ratis.ContainerStateMachine (ContainerStateMachine.java:loadSnapshot(236)) - group-775324B89DEF: The snapshot info is null. Setting the last applied indexto:(t:0, i:~)
2022-11-10 07:15:43,868 [pool-308-thread-1] INFO  server.RaftServerConfigKeys (ConfUtils.java:logGet(46)) - raft.server.log.use.memory = false (default)
2022-11-10 07:15:43,868 [pool-308-thread-1] INFO  server.RaftServerConfigKeys (ConfUtils.java:logGet(46)) - raft.server.log.purge.gap = 1000000 (custom)
2022-11-10 07:15:43,868 [pool-308-thread-1] INFO  server.RaftServerConfigKeys (ConfUtils.java:logGet(46)) - raft.server.log.appender.buffer.byte-limit = 33554432 (custom)
2022-11-10 07:15:43,868 [pool-308-thread-1] INFO  server.RaftServerConfigKeys (ConfUtils.java:logGet(46)) - raft.server.log.statemachine.data.read.timeout = 1000ms (default)
2022-11-10 07:15:43,869 [pool-308-thread-1] INFO  server.RaftServerConfigKeys (ConfUtils.java:logGet(46)) - raft.server.log.purge.preservation.log.num = 0 (default)
2022-11-10 07:15:43,869 [pool-308-thread-1] INFO  server.RaftServerConfigKeys (ConfUtils.java:logGet(46)) - raft.server.log.segment.size.max = 1048576 (custom)
2022-11-10 07:15:43,869 [pool-308-thread-1] INFO  server.RaftServerConfigKeys (ConfUtils.java:logGet(46)) - raft.server.log.segment.cache.num.max = 2 (custom)
2022-11-10 07:15:43,869 [pool-308-thread-1] INFO  server.RaftServerConfigKeys (ConfUtils.java:logGet(46)) - raft.server.log.segment.cache.size.max = 200MB (=209715200) (default)
2022-11-10 07:15:43,869 [pool-308-thread-1] INFO  segmented.SegmentedRaftLogWorker (SegmentedRaftLogWorker.java:<init>(191)) - new 85a84f3f-4e6e-49f5-978d-fa543ddbfdc8@group-775324B89DEF-SegmentedRaftLogWorker for RaftStorageImpl:Storage Directory /home/runner/work/ozone/ozone/hadoop-ozone/integration-test/target/test-dir/MiniOzoneClusterImpl-84cafbd6-325b-4886-915b-d0b5d28b8cf9/datanode-0/data/ratis/4adb2238-70fd-428a-a0b8-775324b89def
2022-11-10 07:15:43,869 [pool-308-thread-1] INFO  server.RaftServerConfigKeys (ConfUtils.java:logGet(46)) - raft.server.log.queue.byte-limit = 4294967296 (custom)
2022-11-10 07:15:43,869 [pool-308-thread-1] INFO  server.RaftServerConfigKeys (ConfUtils.java:logGet(46)) - raft.server.log.queue.element-limit = 1024 (custom)
2022-11-10 07:15:43,869 [pool-308-thread-1] INFO  server.RaftServerConfigKeys (ConfUtils.java:logGet(46)) - raft.server.log.segment.size.max = 1048576 (custom)
2022-11-10 07:15:43,870 [pool-308-thread-1] INFO  server.RaftServerConfigKeys (ConfUtils.java:logGet(46)) - raft.server.log.preallocated.size = 16384 (custom)
2022-11-10 07:15:43,870 [pool-308-thread-1] INFO  server.RaftServerConfigKeys (ConfUtils.java:logGet(46)) - raft.server.log.force.sync.num = 128 (default)
2022-11-10 07:15:43,870 [pool-308-thread-1] INFO  server.RaftServerConfigKeys (ConfUtils.java:logGet(46)) - raft.server.log.statemachine.data.sync = true (default)
2022-11-10 07:15:43,870 [pool-308-thread-1] INFO  server.RaftServerConfigKeys (ConfUtils.java:logGet(46)) - raft.server.log.statemachine.data.sync.timeout = 10s (default)
2022-11-10 07:15:43,870 [pool-308-thread-1] INFO  server.RaftServerConfigKeys (ConfUtils.java:logGet(46)) - raft.server.log.statemachine.data.sync.timeout.retry = -1 (default)
2022-11-10 07:15:43,870 [EventQueue-OpenPipelineForHealthyPipelineSafeModeRule] INFO  safemode.SCMSafeModeManager (HealthyPipelineSafeModeRule.java:process(137)) - SCM in safe mode. Healthy pipelines reported count is 0, required healthy pipeline reported count is 1
2022-11-10 07:15:43,871 [pool-308-thread-1] INFO  server.RaftServerConfigKeys (ConfUtils.java:logGet(46)) - raft.server.log.write.buffer.size = 1048576 (custom)
2022-11-10 07:15:43,871 [pool-308-thread-1] INFO  server.RaftServerConfigKeys (ConfUtils.java:logGet(46)) - raft.server.log.unsafe-flush.enabled = false (default)
2022-11-10 07:15:43,871 [pool-308-thread-1] INFO  server.RaftServerConfigKeys (ConfUtils.java:logGet(46)) - raft.server.log.async-flush.enabled = false (default)
2022-11-10 07:15:43,871 [pool-308-thread-1] INFO  server.RaftServerConfigKeys (ConfUtils.java:logGet(46)) - raft.server.log.statemachine.data.caching.enabled = true (custom)
2022-11-10 07:15:43,872 [pool-308-thread-1] INFO  segmented.SegmentedRaftLogWorker (SegmentedRaftLogWorker.java:lambda$new$0(136)) - 85a84f3f-4e6e-49f5-978d-fa543ddbfdc8@group-775324B89DEF-SegmentedRaftLogWorker: flushIndex: setUnconditionally 0 -> -1
2022-11-10 07:15:43,872 [pool-308-thread-1] INFO  segmented.SegmentedRaftLogWorker (SegmentedRaftLogWorker.java:lambda$new$0(136)) - 85a84f3f-4e6e-49f5-978d-fa543ddbfdc8@group-775324B89DEF-SegmentedRaftLogWorker: safeCacheEvictIndex: setUnconditionally 0 -> -1
2022-11-10 07:15:43,872 [pool-308-thread-1] INFO  server.RaftServer$Division (RaftServerImpl.java:start(334)) - 85a84f3f-4e6e-49f5-978d-fa543ddbfdc8@group-775324B89DEF: start as a follower, conf=-1: peers:[06ff1ec3-3332-4ac8-b4dc-23bc541e60c0|rpc:10.1.0.59:34685|priority:0|startupRole:FOLLOWER, 3950d273-d245-4570-97e3-85d09fa36925|rpc:10.1.0.59:37013|priority:1|startupRole:FOLLOWER, 85a84f3f-4e6e-49f5-978d-fa543ddbfdc8|rpc:10.1.0.59:35209|priority:0|startupRole:FOLLOWER]|listeners:[], old=null
2022-11-10 07:15:43,872 [pool-308-thread-1] INFO  server.RaftServer$Division (RaftServerImpl.java:setRole(321)) - 85a84f3f-4e6e-49f5-978d-fa543ddbfdc8@group-775324B89DEF: changes role from      null to FOLLOWER at term 0 for startAsFollower
2022-11-10 07:15:43,872 [pool-308-thread-1] INFO  impl.RoleInfo (RoleInfo.java:updateAndGet(139)) - 85a84f3f-4e6e-49f5-978d-fa543ddbfdc8: start 85a84f3f-4e6e-49f5-978d-fa543ddbfdc8@group-775324B89DEF-FollowerState
2022-11-10 07:15:43,880 [pool-308-thread-1] INFO  util.JmxRegister (JmxRegister.java:tryRegister(44)) - Successfully registered JMX Bean with object name Ratis:service=RaftServer,group=group-775324B89DEF,id=85a84f3f-4e6e-49f5-978d-fa543ddbfdc8
2022-11-10 07:15:43,880 [pool-308-thread-1] INFO  server.RaftServerConfigKeys (ConfUtils.java:logGet(46)) - raft.server.snapshot.auto.trigger.enabled = true (custom)
2022-11-10 07:15:43,881 [pool-308-thread-1] INFO  server.RaftServerConfigKeys (ConfUtils.java:logGet(46)) - raft.server.snapshot.auto.trigger.threshold = 10000 (custom)
2022-11-10 07:15:43,881 [pool-308-thread-1] INFO  server.RaftServerConfigKeys (ConfUtils.java:logGet(46)) - raft.server.snapshot.retention.file.num = 5 (custom)
2022-11-10 07:15:43,881 [pool-308-thread-1] INFO  server.RaftServerConfigKeys (ConfUtils.java:logGet(46)) - raft.server.log.purge.upto.snapshot.index = false (default)
2022-11-10 07:15:43,881 [85a84f3f-4e6e-49f5-978d-fa543ddbfdc8@group-775324B89DEF-FollowerState] INFO  server.RaftServerConfigKeys (ConfUtils.java:logFallback(53)) - raft.server.rpc.first-election.timeout.min = 5s (fallback to raft.server.rpc.timeout.min)
2022-11-10 07:15:43,881 [85a84f3f-4e6e-49f5-978d-fa543ddbfdc8@group-775324B89DEF-FollowerState] INFO  server.RaftServerConfigKeys (ConfUtils.java:logFallback(53)) - raft.server.rpc.first-election.timeout.max = 5200ms (fallback to raft.server.rpc.timeout.max)
2022-11-10 07:15:43,883 [Command processor thread] INFO  ratis.XceiverServerRatis (XceiverServerRatis.java:addGroup(765)) - Created group PipelineID=4adb2238-70fd-428a-a0b8-775324b89def
2022-11-10 07:15:43,912 [grpc-default-executor-0] INFO  server.RaftServer (RaftServerProxy.java:addNew(96)) - 06ff1ec3-3332-4ac8-b4dc-23bc541e60c0: addNew group-775324B89DEF:[06ff1ec3-3332-4ac8-b4dc-23bc541e60c0|rpc:10.1.0.59:34685|dataStream:|priority:0|startupRole:FOLLOWER, 3950d273-d245-4570-97e3-85d09fa36925|rpc:10.1.0.59:37013|dataStream:|priority:1|startupRole:FOLLOWER, 85a84f3f-4e6e-49f5-978d-fa543ddbfdc8|rpc:10.1.0.59:35209|dataStream:|priority:0|startupRole:FOLLOWER] returns group-775324B89DEF:java.util.concurrent.CompletableFuture@707c5ffd[Not completed]
2022-11-10 07:15:43,914 [pool-354-thread-1] INFO  server.RaftServer$Division (RaftServerImpl.java:<init>(195)) - 06ff1ec3-3332-4ac8-b4dc-23bc541e60c0: new RaftServerImpl for group-775324B89DEF:[06ff1ec3-3332-4ac8-b4dc-23bc541e60c0|rpc:10.1.0.59:34685|dataStream:|priority:0|startupRole:FOLLOWER, 3950d273-d245-4570-97e3-85d09fa36925|rpc:10.1.0.59:37013|dataStream:|priority:1|startupRole:FOLLOWER, 85a84f3f-4e6e-49f5-978d-fa543ddbfdc8|rpc:10.1.0.59:35209|dataStream:|priority:0|startupRole:FOLLOWER] with ContainerStateMachine:uninitialized
2022-11-10 07:15:43,915 [pool-354-thread-1] INFO  server.RaftServerConfigKeys (ConfUtils.java:logGet(46)) - raft.server.rpc.timeout.min = 5s (custom)
2022-11-10 07:15:43,915 [pool-354-thread-1] INFO  server.RaftServerConfigKeys (ConfUtils.java:logGet(46)) - raft.server.rpc.timeout.max = 5200ms (custom)
2022-11-10 07:15:43,915 [pool-354-thread-1] INFO  server.RaftServerConfigKeys (ConfUtils.java:logGet(46)) - raft.server.rpc.sleep.time = 25ms (default)
2022-11-10 07:15:43,915 [pool-354-thread-1] INFO  server.RaftServerConfigKeys (ConfUtils.java:logGet(46)) - raft.server.rpc.slowness.timeout = 300s (custom)
2022-11-10 07:15:43,915 [pool-354-thread-1] INFO  server.RaftServerConfigKeys (ConfUtils.java:logGet(46)) - raft.server.leaderelection.leader.step-down.wait-time = 10s (default)
2022-11-10 07:15:43,915 [pool-354-thread-1] INFO  server.RaftServerConfigKeys (ConfUtils.java:logGet(46)) - raft.server.sleep.deviation.threshold = 300ms (default)
2022-11-10 07:15:43,915 [pool-354-thread-1] INFO  server.RaftServer$Division (ServerState.java:<init>(118)) - 06ff1ec3-3332-4ac8-b4dc-23bc541e60c0@group-775324B89DEF: ConfigurationManager, init=-1: peers:[06ff1ec3-3332-4ac8-b4dc-23bc541e60c0|rpc:10.1.0.59:34685|dataStream:|priority:0|startupRole:FOLLOWER, 3950d273-d245-4570-97e3-85d09fa36925|rpc:10.1.0.59:37013|dataStream:|priority:1|startupRole:FOLLOWER, 85a84f3f-4e6e-49f5-978d-fa543ddbfdc8|rpc:10.1.0.59:35209|dataStream:|priority:0|startupRole:FOLLOWER]|listeners:[], old=null, confs=<EMPTY_MAP>
2022-11-10 07:15:43,915 [pool-354-thread-1] INFO  server.RaftServerConfigKeys (ConfUtils.java:logGet(46)) - raft.server.storage.dir = [/home/runner/work/ozone/ozone/hadoop-ozone/integration-test/target/test-dir/MiniOzoneClusterImpl-84cafbd6-325b-4886-915b-d0b5d28b8cf9/datanode-2/data/ratis] (custom)
2022-11-10 07:15:43,915 [pool-354-thread-1] INFO  server.RaftServerConfigKeys (ConfUtils.java:logGet(46)) - raft.server.log.corruption.policy = EXCEPTION (default)
2022-11-10 07:15:43,915 [pool-354-thread-1] INFO  server.RaftServerConfigKeys (ConfUtils.java:logGet(46)) - raft.server.storage.free-space.min = 0MB (=0) (default)
2022-11-10 07:15:43,915 [pool-354-thread-1] INFO  server.RaftServerConfigKeys (ConfUtils.java:logGet(46)) - raft.server.notification.no-leader.timeout = 300s (custom)
2022-11-10 07:15:43,915 [pool-354-thread-1] INFO  server.RaftServerConfigKeys (ConfUtils.java:logGet(46)) - raft.server.retrycache.expirytime = 600000ms (custom)
2022-11-10 07:15:43,915 [pool-354-thread-1] INFO  server.RaftServerConfigKeys (ConfUtils.java:logGet(46)) - raft.server.retrycache.statistics.expirytime = 100μs (default)
2022-11-10 07:15:43,917 [pool-354-thread-1] INFO  server.RaftServerConfigKeys (ConfUtils.java:logGet(46)) - raft.server.log.appender.install.snapshot.enabled = false (custom)
2022-11-10 07:15:43,917 [pool-354-thread-1] INFO  server.RaftServerConfigKeys (ConfUtils.java:logGet(46)) - raft.server.threadpool.server.cached = true (default)
2022-11-10 07:15:43,917 [pool-354-thread-1] INFO  server.RaftServerConfigKeys (ConfUtils.java:logGet(46)) - raft.server.threadpool.server.size = 0 (default)
2022-11-10 07:15:43,917 [pool-354-thread-1] INFO  server.RaftServerConfigKeys (ConfUtils.java:logGet(46)) - raft.server.threadpool.client.cached = true (default)
2022-11-10 07:15:43,917 [pool-354-thread-1] INFO  server.RaftServerConfigKeys (ConfUtils.java:logGet(46)) - raft.server.threadpool.client.size = 0 (default)
2022-11-10 07:15:43,917 [pool-354-thread-1] INFO  storage.RaftStorageDirectory (RaftStorageDirectoryImpl.java:analyzeStorage(137)) - The storage directory /home/runner/work/ozone/ozone/hadoop-ozone/integration-test/target/test-dir/MiniOzoneClusterImpl-84cafbd6-325b-4886-915b-d0b5d28b8cf9/datanode-2/data/ratis/4adb2238-70fd-428a-a0b8-775324b89def does not exist. Creating ...
2022-11-10 07:15:43,919 [pool-354-thread-1] INFO  storage.RaftStorageDirectory (RaftStorageDirectoryImpl.java:tryLock(231)) - Lock on /home/runner/work/ozone/ozone/hadoop-ozone/integration-test/target/test-dir/MiniOzoneClusterImpl-84cafbd6-325b-4886-915b-d0b5d28b8cf9/datanode-2/data/ratis/4adb2238-70fd-428a-a0b8-775324b89def/in_use.lock acquired by nodename 12028@fv-az435-205
2022-11-10 07:15:43,920 [pool-354-thread-1] INFO  storage.RaftStorage (RaftStorageImpl.java:format(96)) - Storage directory /home/runner/work/ozone/ozone/hadoop-ozone/integration-test/target/test-dir/MiniOzoneClusterImpl-84cafbd6-325b-4886-915b-d0b5d28b8cf9/datanode-2/data/ratis/4adb2238-70fd-428a-a0b8-775324b89def has been successfully formatted.
2022-11-10 07:15:43,920 [pool-354-thread-1] INFO  ratis.ContainerStateMachine (ContainerStateMachine.java:loadSnapshot(236)) - group-775324B89DEF: The snapshot info is null. Setting the last applied indexto:(t:0, i:~)
2022-11-10 07:15:43,921 [pool-354-thread-1] INFO  server.RaftServerConfigKeys (ConfUtils.java:logGet(46)) - raft.server.log.use.memory = false (default)
2022-11-10 07:15:43,921 [pool-354-thread-1] INFO  server.RaftServerConfigKeys (ConfUtils.java:logGet(46)) - raft.server.log.purge.gap = 1000000 (custom)
2022-11-10 07:15:43,921 [pool-354-thread-1] INFO  server.RaftServerConfigKeys (ConfUtils.java:logGet(46)) - raft.server.log.appender.buffer.byte-limit = 33554432 (custom)
2022-11-10 07:15:43,921 [pool-354-thread-1] INFO  server.RaftServerConfigKeys (ConfUtils.java:logGet(46)) - raft.server.log.statemachine.data.read.timeout = 1000ms (default)
2022-11-10 07:15:43,921 [pool-354-thread-1] INFO  server.RaftServerConfigKeys (ConfUtils.java:logGet(46)) - raft.server.log.purge.preservation.log.num = 0 (default)
2022-11-10 07:15:43,921 [pool-354-thread-1] INFO  server.RaftServerConfigKeys (ConfUtils.java:logGet(46)) - raft.server.log.segment.size.max = 1048576 (custom)
2022-11-10 07:15:43,921 [pool-354-thread-1] INFO  server.RaftServerConfigKeys (ConfUtils.java:logGet(46)) - raft.server.log.segment.cache.num.max = 2 (custom)
2022-11-10 07:15:43,921 [pool-354-thread-1] INFO  server.RaftServerConfigKeys (ConfUtils.java:logGet(46)) - raft.server.log.segment.cache.size.max = 200MB (=209715200) (default)
2022-11-10 07:15:43,921 [pool-354-thread-1] INFO  segmented.SegmentedRaftLogWorker (SegmentedRaftLogWorker.java:<init>(191)) - new 06ff1ec3-3332-4ac8-b4dc-23bc541e60c0@group-775324B89DEF-SegmentedRaftLogWorker for RaftStorageImpl:Storage Directory /home/runner/work/ozone/ozone/hadoop-ozone/integration-test/target/test-dir/MiniOzoneClusterImpl-84cafbd6-325b-4886-915b-d0b5d28b8cf9/datanode-2/data/ratis/4adb2238-70fd-428a-a0b8-775324b89def
2022-11-10 07:15:43,922 [pool-354-thread-1] INFO  server.RaftServerConfigKeys (ConfUtils.java:logGet(46)) - raft.server.log.queue.byte-limit = 4294967296 (custom)
2022-11-10 07:15:43,922 [pool-354-thread-1] INFO  server.RaftServerConfigKeys (ConfUtils.java:logGet(46)) - raft.server.log.queue.element-limit = 1024 (custom)
2022-11-10 07:15:43,922 [pool-354-thread-1] INFO  server.RaftServerConfigKeys (ConfUtils.java:logGet(46)) - raft.server.log.segment.size.max = 1048576 (custom)
2022-11-10 07:15:43,922 [pool-354-thread-1] INFO  server.RaftServerConfigKeys (ConfUtils.java:logGet(46)) - raft.server.log.preallocated.size = 16384 (custom)
2022-11-10 07:15:43,922 [pool-354-thread-1] INFO  server.RaftServerConfigKeys (ConfUtils.java:logGet(46)) - raft.server.log.force.sync.num = 128 (default)
2022-11-10 07:15:43,922 [pool-354-thread-1] INFO  server.RaftServerConfigKeys (ConfUtils.java:logGet(46)) - raft.server.log.statemachine.data.sync = true (default)
2022-11-10 07:15:43,922 [pool-354-thread-1] INFO  server.RaftServerConfigKeys (ConfUtils.java:logGet(46)) - raft.server.log.statemachine.data.sync.timeout = 10s (default)
2022-11-10 07:15:43,922 [pool-354-thread-1] INFO  server.RaftServerConfigKeys (ConfUtils.java:logGet(46)) - raft.server.log.statemachine.data.sync.timeout.retry = -1 (default)
2022-11-10 07:15:43,923 [pool-354-thread-1] INFO  server.RaftServerConfigKeys (ConfUtils.java:logGet(46)) - raft.server.log.write.buffer.size = 1048576 (custom)
2022-11-10 07:15:43,924 [pool-354-thread-1] INFO  server.RaftServerConfigKeys (ConfUtils.java:logGet(46)) - raft.server.log.unsafe-flush.enabled = false (default)
2022-11-10 07:15:43,924 [pool-354-thread-1] INFO  server.RaftServerConfigKeys (ConfUtils.java:logGet(46)) - raft.server.log.async-flush.enabled = false (default)
2022-11-10 07:15:43,924 [pool-354-thread-1] INFO  server.RaftServerConfigKeys (ConfUtils.java:logGet(46)) - raft.server.log.statemachine.data.caching.enabled = true (custom)
2022-11-10 07:15:43,924 [pool-354-thread-1] INFO  segmented.SegmentedRaftLogWorker (SegmentedRaftLogWorker.java:lambda$new$0(136)) - 06ff1ec3-3332-4ac8-b4dc-23bc541e60c0@group-775324B89DEF-SegmentedRaftLogWorker: flushIndex: setUnconditionally 0 -> -1
2022-11-10 07:15:43,924 [pool-354-thread-1] INFO  segmented.SegmentedRaftLogWorker (SegmentedRaftLogWorker.java:lambda$new$0(136)) - 06ff1ec3-3332-4ac8-b4dc-23bc541e60c0@group-775324B89DEF-SegmentedRaftLogWorker: safeCacheEvictIndex: setUnconditionally 0 -> -1
2022-11-10 07:15:43,924 [pool-354-thread-1] INFO  server.RaftServer$Division (RaftServerImpl.java:start(334)) - 06ff1ec3-3332-4ac8-b4dc-23bc541e60c0@group-775324B89DEF: start as a follower, conf=-1: peers:[06ff1ec3-3332-4ac8-b4dc-23bc541e60c0|rpc:10.1.0.59:34685|dataStream:|priority:0|startupRole:FOLLOWER, 3950d273-d245-4570-97e3-85d09fa36925|rpc:10.1.0.59:37013|dataStream:|priority:1|startupRole:FOLLOWER, 85a84f3f-4e6e-49f5-978d-fa543ddbfdc8|rpc:10.1.0.59:35209|dataStream:|priority:0|startupRole:FOLLOWER]|listeners:[], old=null
2022-11-10 07:15:43,924 [pool-354-thread-1] INFO  server.RaftServer$Division (RaftServerImpl.java:setRole(321)) - 06ff1ec3-3332-4ac8-b4dc-23bc541e60c0@group-775324B89DEF: changes role from      null to FOLLOWER at term 0 for startAsFollower
2022-11-10 07:15:43,924 [pool-354-thread-1] INFO  impl.RoleInfo (RoleInfo.java:updateAndGet(139)) - 06ff1ec3-3332-4ac8-b4dc-23bc541e60c0: start 06ff1ec3-3332-4ac8-b4dc-23bc541e60c0@group-775324B89DEF-FollowerState
2022-11-10 07:15:43,927 [pool-354-thread-1] INFO  util.JmxRegister (JmxRegister.java:tryRegister(44)) - Successfully registered JMX Bean with object name Ratis:service=RaftServer,group=group-775324B89DEF,id=06ff1ec3-3332-4ac8-b4dc-23bc541e60c0
2022-11-10 07:15:43,927 [pool-354-thread-1] INFO  server.RaftServerConfigKeys (ConfUtils.java:logGet(46)) - raft.server.snapshot.auto.trigger.enabled = true (custom)
2022-11-10 07:15:43,927 [pool-354-thread-1] INFO  server.RaftServerConfigKeys (ConfUtils.java:logGet(46)) - raft.server.snapshot.auto.trigger.threshold = 10000 (custom)
2022-11-10 07:15:43,927 [pool-354-thread-1] INFO  server.RaftServerConfigKeys (ConfUtils.java:logGet(46)) - raft.server.snapshot.retention.file.num = 5 (custom)
2022-11-10 07:15:43,927 [pool-354-thread-1] INFO  server.RaftServerConfigKeys (ConfUtils.java:logGet(46)) - raft.server.log.purge.upto.snapshot.index = false (default)
2022-11-10 07:15:43,928 [06ff1ec3-3332-4ac8-b4dc-23bc541e60c0@group-775324B89DEF-FollowerState] INFO  server.RaftServerConfigKeys (ConfUtils.java:logFallback(53)) - raft.server.rpc.first-election.timeout.min = 5s (fallback to raft.server.rpc.timeout.min)
2022-11-10 07:15:43,928 [06ff1ec3-3332-4ac8-b4dc-23bc541e60c0@group-775324B89DEF-FollowerState] INFO  server.RaftServerConfigKeys (ConfUtils.java:logFallback(53)) - raft.server.rpc.first-election.timeout.max = 5200ms (fallback to raft.server.rpc.timeout.max)
2022-11-10 07:15:43,956 [grpc-default-executor-0] INFO  server.RaftServer (RaftServerProxy.java:addNew(96)) - 3950d273-d245-4570-97e3-85d09fa36925: addNew group-775324B89DEF:[06ff1ec3-3332-4ac8-b4dc-23bc541e60c0|rpc:10.1.0.59:34685|dataStream:|priority:0|startupRole:FOLLOWER, 3950d273-d245-4570-97e3-85d09fa36925|rpc:10.1.0.59:37013|dataStream:|priority:1|startupRole:FOLLOWER, 85a84f3f-4e6e-49f5-978d-fa543ddbfdc8|rpc:10.1.0.59:35209|dataStream:|priority:0|startupRole:FOLLOWER] returns group-775324B89DEF:java.util.concurrent.CompletableFuture@71ba2f99[Not completed]
2022-11-10 07:15:43,957 [pool-331-thread-1] INFO  server.RaftServer$Division (RaftServerImpl.java:<init>(195)) - 3950d273-d245-4570-97e3-85d09fa36925: new RaftServerImpl for group-775324B89DEF:[06ff1ec3-3332-4ac8-b4dc-23bc541e60c0|rpc:10.1.0.59:34685|dataStream:|priority:0|startupRole:FOLLOWER, 3950d273-d245-4570-97e3-85d09fa36925|rpc:10.1.0.59:37013|dataStream:|priority:1|startupRole:FOLLOWER, 85a84f3f-4e6e-49f5-978d-fa543ddbfdc8|rpc:10.1.0.59:35209|dataStream:|priority:0|startupRole:FOLLOWER] with ContainerStateMachine:uninitialized
2022-11-10 07:15:43,957 [pool-331-thread-1] INFO  server.RaftServerConfigKeys (ConfUtils.java:logGet(46)) - raft.server.rpc.timeout.min = 5s (custom)
2022-11-10 07:15:43,957 [pool-331-thread-1] INFO  server.RaftServerConfigKeys (ConfUtils.java:logGet(46)) - raft.server.rpc.timeout.max = 5200ms (custom)
2022-11-10 07:15:43,957 [pool-331-thread-1] INFO  server.RaftServerConfigKeys (ConfUtils.java:logGet(46)) - raft.server.rpc.sleep.time = 25ms (default)
2022-11-10 07:15:43,957 [pool-331-thread-1] INFO  server.RaftServerConfigKeys (ConfUtils.java:logGet(46)) - raft.server.rpc.slowness.timeout = 300s (custom)
2022-11-10 07:15:43,957 [pool-331-thread-1] INFO  server.RaftServerConfigKeys (ConfUtils.java:logGet(46)) - raft.server.leaderelection.leader.step-down.wait-time = 10s (default)
2022-11-10 07:15:43,957 [pool-331-thread-1] INFO  server.RaftServerConfigKeys (ConfUtils.java:logGet(46)) - raft.server.sleep.deviation.threshold = 300ms (default)
2022-11-10 07:15:43,957 [pool-331-thread-1] INFO  server.RaftServer$Division (ServerState.java:<init>(118)) - 3950d273-d245-4570-97e3-85d09fa36925@group-775324B89DEF: ConfigurationManager, init=-1: peers:[06ff1ec3-3332-4ac8-b4dc-23bc541e60c0|rpc:10.1.0.59:34685|dataStream:|priority:0|startupRole:FOLLOWER, 3950d273-d245-4570-97e3-85d09fa36925|rpc:10.1.0.59:37013|dataStream:|priority:1|startupRole:FOLLOWER, 85a84f3f-4e6e-49f5-978d-fa543ddbfdc8|rpc:10.1.0.59:35209|dataStream:|priority:0|startupRole:FOLLOWER]|listeners:[], old=null, confs=<EMPTY_MAP>
2022-11-10 07:15:43,957 [pool-331-thread-1] INFO  server.RaftServerConfigKeys (ConfUtils.java:logGet(46)) - raft.server.storage.dir = [/home/runner/work/ozone/ozone/hadoop-ozone/integration-test/target/test-dir/MiniOzoneClusterImpl-84cafbd6-325b-4886-915b-d0b5d28b8cf9/datanode-1/data/ratis] (custom)
2022-11-10 07:15:43,957 [pool-331-thread-1] INFO  server.RaftServerConfigKeys (ConfUtils.java:logGet(46)) - raft.server.log.corruption.policy = EXCEPTION (default)
2022-11-10 07:15:43,957 [pool-331-thread-1] INFO  server.RaftServerConfigKeys (ConfUtils.java:logGet(46)) - raft.server.storage.free-space.min = 0MB (=0) (default)
2022-11-10 07:15:43,957 [pool-331-thread-1] INFO  server.RaftServerConfigKeys (ConfUtils.java:logGet(46)) - raft.server.notification.no-leader.timeout = 300s (custom)
2022-11-10 07:15:43,957 [pool-331-thread-1] INFO  server.RaftServerConfigKeys (ConfUtils.java:logGet(46)) - raft.server.retrycache.expirytime = 600000ms (custom)
2022-11-10 07:15:43,957 [pool-331-thread-1] INFO  server.RaftServerConfigKeys (ConfUtils.java:logGet(46)) - raft.server.retrycache.statistics.expirytime = 100μs (default)
2022-11-10 07:15:43,958 [pool-331-thread-1] INFO  server.RaftServerConfigKeys (ConfUtils.java:logGet(46)) - raft.server.log.appender.install.snapshot.enabled = false (custom)
2022-11-10 07:15:43,958 [pool-331-thread-1] INFO  server.RaftServerConfigKeys (ConfUtils.java:logGet(46)) - raft.server.threadpool.server.cached = true (default)
2022-11-10 07:15:43,958 [pool-331-thread-1] INFO  server.RaftServerConfigKeys (ConfUtils.java:logGet(46)) - raft.server.threadpool.server.size = 0 (default)
2022-11-10 07:15:43,958 [pool-331-thread-1] INFO  server.RaftServerConfigKeys (ConfUtils.java:logGet(46)) - raft.server.threadpool.client.cached = true (default)
2022-11-10 07:15:43,958 [pool-331-thread-1] INFO  server.RaftServerConfigKeys (ConfUtils.java:logGet(46)) - raft.server.threadpool.client.size = 0 (default)
2022-11-10 07:15:43,959 [pool-331-thread-1] INFO  storage.RaftStorageDirectory (RaftStorageDirectoryImpl.java:analyzeStorage(137)) - The storage directory /home/runner/work/ozone/ozone/hadoop-ozone/integration-test/target/test-dir/MiniOzoneClusterImpl-84cafbd6-325b-4886-915b-d0b5d28b8cf9/datanode-1/data/ratis/4adb2238-70fd-428a-a0b8-775324b89def does not exist. Creating ...
2022-11-10 07:15:43,960 [pool-331-thread-1] INFO  storage.RaftStorageDirectory (RaftStorageDirectoryImpl.java:tryLock(231)) - Lock on /home/runner/work/ozone/ozone/hadoop-ozone/integration-test/target/test-dir/MiniOzoneClusterImpl-84cafbd6-325b-4886-915b-d0b5d28b8cf9/datanode-1/data/ratis/4adb2238-70fd-428a-a0b8-775324b89def/in_use.lock acquired by nodename 12028@fv-az435-205
2022-11-10 07:15:43,961 [pool-331-thread-1] INFO  storage.RaftStorage (RaftStorageImpl.java:format(96)) - Storage directory /home/runner/work/ozone/ozone/hadoop-ozone/integration-test/target/test-dir/MiniOzoneClusterImpl-84cafbd6-325b-4886-915b-d0b5d28b8cf9/datanode-1/data/ratis/4adb2238-70fd-428a-a0b8-775324b89def has been successfully formatted.
2022-11-10 07:15:43,963 [pool-331-thread-1] INFO  ratis.ContainerStateMachine (ContainerStateMachine.java:loadSnapshot(236)) - group-775324B89DEF: The snapshot info is null. Setting the last applied indexto:(t:0, i:~)
2022-11-10 07:15:43,963 [pool-331-thread-1] INFO  server.RaftServerConfigKeys (ConfUtils.java:logGet(46)) - raft.server.log.use.memory = false (default)
2022-11-10 07:15:43,963 [pool-331-thread-1] INFO  server.RaftServerConfigKeys (ConfUtils.java:logGet(46)) - raft.server.log.purge.gap = 1000000 (custom)
2022-11-10 07:15:43,964 [pool-331-thread-1] INFO  server.RaftServerConfigKeys (ConfUtils.java:logGet(46)) - raft.server.log.appender.buffer.byte-limit = 33554432 (custom)
2022-11-10 07:15:43,964 [pool-331-thread-1] INFO  server.RaftServerConfigKeys (ConfUtils.java:logGet(46)) - raft.server.log.statemachine.data.read.timeout = 1000ms (default)
2022-11-10 07:15:43,964 [pool-331-thread-1] INFO  server.RaftServerConfigKeys (ConfUtils.java:logGet(46)) - raft.server.log.purge.preservation.log.num = 0 (default)
2022-11-10 07:15:43,964 [pool-331-thread-1] INFO  server.RaftServerConfigKeys (ConfUtils.java:logGet(46)) - raft.server.log.segment.size.max = 1048576 (custom)
2022-11-10 07:15:43,965 [pool-331-thread-1] INFO  server.RaftServerConfigKeys (ConfUtils.java:logGet(46)) - raft.server.log.segment.cache.num.max = 2 (custom)
2022-11-10 07:15:43,965 [pool-331-thread-1] INFO  server.RaftServerConfigKeys (ConfUtils.java:logGet(46)) - raft.server.log.segment.cache.size.max = 200MB (=209715200) (default)
2022-11-10 07:15:43,965 [pool-331-thread-1] INFO  segmented.SegmentedRaftLogWorker (SegmentedRaftLogWorker.java:<init>(191)) - new 3950d273-d245-4570-97e3-85d09fa36925@group-775324B89DEF-SegmentedRaftLogWorker for RaftStorageImpl:Storage Directory /home/runner/work/ozone/ozone/hadoop-ozone/integration-test/target/test-dir/MiniOzoneClusterImpl-84cafbd6-325b-4886-915b-d0b5d28b8cf9/datanode-1/data/ratis/4adb2238-70fd-428a-a0b8-775324b89def
2022-11-10 07:15:43,965 [pool-331-thread-1] INFO  server.RaftServerConfigKeys (ConfUtils.java:logGet(46)) - raft.server.log.queue.byte-limit = 4294967296 (custom)
2022-11-10 07:15:43,965 [pool-331-thread-1] INFO  server.RaftServerConfigKeys (ConfUtils.java:logGet(46)) - raft.server.log.queue.element-limit = 1024 (custom)
2022-11-10 07:15:43,965 [pool-331-thread-1] INFO  server.RaftServerConfigKeys (ConfUtils.java:logGet(46)) - raft.server.log.segment.size.max = 1048576 (custom)
2022-11-10 07:15:43,965 [pool-331-thread-1] INFO  server.RaftServerConfigKeys (ConfUtils.java:logGet(46)) - raft.server.log.preallocated.size = 16384 (custom)
2022-11-10 07:15:43,965 [pool-331-thread-1] INFO  server.RaftServerConfigKeys (ConfUtils.java:logGet(46)) - raft.server.log.force.sync.num = 128 (default)
2022-11-10 07:15:43,966 [pool-331-thread-1] INFO  server.RaftServerConfigKeys (ConfUtils.java:logGet(46)) - raft.server.log.statemachine.data.sync = true (default)
2022-11-10 07:15:43,966 [pool-331-thread-1] INFO  server.RaftServerConfigKeys (ConfUtils.java:logGet(46)) - raft.server.log.statemachine.data.sync.timeout = 10s (default)
2022-11-10 07:15:43,966 [pool-331-thread-1] INFO  server.RaftServerConfigKeys (ConfUtils.java:logGet(46)) - raft.server.log.statemachine.data.sync.timeout.retry = -1 (default)
2022-11-10 07:15:43,967 [pool-331-thread-1] INFO  server.RaftServerConfigKeys (ConfUtils.java:logGet(46)) - raft.server.log.write.buffer.size = 1048576 (custom)
2022-11-10 07:15:43,969 [pool-331-thread-1] INFO  server.RaftServerConfigKeys (ConfUtils.java:logGet(46)) - raft.server.log.unsafe-flush.enabled = false (default)
2022-11-10 07:15:43,969 [pool-331-thread-1] INFO  server.RaftServerConfigKeys (ConfUtils.java:logGet(46)) - raft.server.log.async-flush.enabled = false (default)
2022-11-10 07:15:43,969 [pool-331-thread-1] INFO  server.RaftServerConfigKeys (ConfUtils.java:logGet(46)) - raft.server.log.statemachine.data.caching.enabled = true (custom)
2022-11-10 07:15:43,969 [pool-331-thread-1] INFO  segmented.SegmentedRaftLogWorker (SegmentedRaftLogWorker.java:lambda$new$0(136)) - 3950d273-d245-4570-97e3-85d09fa36925@group-775324B89DEF-SegmentedRaftLogWorker: flushIndex: setUnconditionally 0 -> -1
2022-11-10 07:15:43,970 [pool-331-thread-1] INFO  segmented.SegmentedRaftLogWorker (SegmentedRaftLogWorker.java:lambda$new$0(136)) - 3950d273-d245-4570-97e3-85d09fa36925@group-775324B89DEF-SegmentedRaftLogWorker: safeCacheEvictIndex: setUnconditionally 0 -> -1
2022-11-10 07:15:43,975 [pool-331-thread-1] INFO  server.RaftServer$Division (RaftServerImpl.java:start(334)) - 3950d273-d245-4570-97e3-85d09fa36925@group-775324B89DEF: start as a follower, conf=-1: peers:[06ff1ec3-3332-4ac8-b4dc-23bc541e60c0|rpc:10.1.0.59:34685|dataStream:|priority:0|startupRole:FOLLOWER, 3950d273-d245-4570-97e3-85d09fa36925|rpc:10.1.0.59:37013|dataStream:|priority:1|startupRole:FOLLOWER, 85a84f3f-4e6e-49f5-978d-fa543ddbfdc8|rpc:10.1.0.59:35209|dataStream:|priority:0|startupRole:FOLLOWER]|listeners:[], old=null
2022-11-10 07:15:43,975 [pool-331-thread-1] INFO  server.RaftServer$Division (RaftServerImpl.java:setRole(321)) - 3950d273-d245-4570-97e3-85d09fa36925@group-775324B89DEF: changes role from      null to FOLLOWER at term 0 for startAsFollower
2022-11-10 07:15:43,975 [pool-331-thread-1] INFO  impl.RoleInfo (RoleInfo.java:updateAndGet(139)) - 3950d273-d245-4570-97e3-85d09fa36925: start 3950d273-d245-4570-97e3-85d09fa36925@group-775324B89DEF-FollowerState
2022-11-10 07:15:43,975 [pool-331-thread-1] INFO  util.JmxRegister (JmxRegister.java:tryRegister(44)) - Successfully registered JMX Bean with object name Ratis:service=RaftServer,group=group-775324B89DEF,id=3950d273-d245-4570-97e3-85d09fa36925
2022-11-10 07:15:43,976 [pool-331-thread-1] INFO  server.RaftServerConfigKeys (ConfUtils.java:logGet(46)) - raft.server.snapshot.auto.trigger.enabled = true (custom)
2022-11-10 07:15:43,976 [pool-331-thread-1] INFO  server.RaftServerConfigKeys (ConfUtils.java:logGet(46)) - raft.server.snapshot.auto.trigger.threshold = 10000 (custom)
2022-11-10 07:15:43,976 [pool-331-thread-1] INFO  server.RaftServerConfigKeys (ConfUtils.java:logGet(46)) - raft.server.snapshot.retention.file.num = 5 (custom)
2022-11-10 07:15:43,976 [pool-331-thread-1] INFO  server.RaftServerConfigKeys (ConfUtils.java:logGet(46)) - raft.server.log.purge.upto.snapshot.index = false (default)
2022-11-10 07:15:43,976 [3950d273-d245-4570-97e3-85d09fa36925@group-775324B89DEF-FollowerState] INFO  server.RaftServerConfigKeys (ConfUtils.java:logFallback(53)) - raft.server.rpc.first-election.timeout.min = 5s (fallback to raft.server.rpc.timeout.min)
2022-11-10 07:15:43,976 [3950d273-d245-4570-97e3-85d09fa36925@group-775324B89DEF-FollowerState] INFO  server.RaftServerConfigKeys (ConfUtils.java:logFallback(53)) - raft.server.rpc.first-election.timeout.max = 5200ms (fallback to raft.server.rpc.timeout.max)
2022-11-10 07:15:43,990 [Command processor thread] INFO  commandhandler.CreatePipelineCommandHandler (CreatePipelineCommandHandler.java:handle(113)) - Created Pipeline RATIS THREE PipelineID=4adb2238-70fd-428a-a0b8-775324b89def.
2022-11-10 07:15:43,991 [Command processor thread] INFO  server.RaftServer (RaftServerProxy.java:addNew(96)) - 85a84f3f-4e6e-49f5-978d-fa543ddbfdc8: addNew group-67DF168ABD2C:[06ff1ec3-3332-4ac8-b4dc-23bc541e60c0|rpc:10.1.0.59:34685|priority:0|startupRole:FOLLOWER, 3950d273-d245-4570-97e3-85d09fa36925|rpc:10.1.0.59:37013|priority:0|startupRole:FOLLOWER, 85a84f3f-4e6e-49f5-978d-fa543ddbfdc8|rpc:10.1.0.59:35209|priority:1|startupRole:FOLLOWER] returns group-67DF168ABD2C:java.util.concurrent.CompletableFuture@26aae9bf[Not completed]
2022-11-10 07:15:43,992 [pool-308-thread-1] INFO  server.RaftServer$Division (RaftServerImpl.java:<init>(195)) - 85a84f3f-4e6e-49f5-978d-fa543ddbfdc8: new RaftServerImpl for group-67DF168ABD2C:[06ff1ec3-3332-4ac8-b4dc-23bc541e60c0|rpc:10.1.0.59:34685|priority:0|startupRole:FOLLOWER, 3950d273-d245-4570-97e3-85d09fa36925|rpc:10.1.0.59:37013|priority:0|startupRole:FOLLOWER, 85a84f3f-4e6e-49f5-978d-fa543ddbfdc8|rpc:10.1.0.59:35209|priority:1|startupRole:FOLLOWER] with ContainerStateMachine:uninitialized
2022-11-10 07:15:43,992 [pool-308-thread-1] INFO  server.RaftServerConfigKeys (ConfUtils.java:logGet(46)) - raft.server.rpc.timeout.min = 5s (custom)
2022-11-10 07:15:43,992 [pool-308-thread-1] INFO  server.RaftServerConfigKeys (ConfUtils.java:logGet(46)) - raft.server.rpc.timeout.max = 5200ms (custom)
2022-11-10 07:15:43,992 [pool-308-thread-1] INFO  server.RaftServerConfigKeys (ConfUtils.java:logGet(46)) - raft.server.rpc.sleep.time = 25ms (default)
2022-11-10 07:15:43,992 [pool-308-thread-1] INFO  server.RaftServerConfigKeys (ConfUtils.java:logGet(46)) - raft.server.rpc.slowness.timeout = 300s (custom)
2022-11-10 07:15:43,992 [pool-308-thread-1] INFO  server.RaftServerConfigKeys (ConfUtils.java:logGet(46)) - raft.server.leaderelection.leader.step-down.wait-time = 10s (default)
2022-11-10 07:15:43,992 [pool-308-thread-1] INFO  server.RaftServerConfigKeys (ConfUtils.java:logGet(46)) - raft.server.sleep.deviation.threshold = 300ms (default)
2022-11-10 07:15:43,992 [pool-308-thread-1] INFO  server.RaftServer$Division (ServerState.java:<init>(118)) - 85a84f3f-4e6e-49f5-978d-fa543ddbfdc8@group-67DF168ABD2C: ConfigurationManager, init=-1: peers:[06ff1ec3-3332-4ac8-b4dc-23bc541e60c0|rpc:10.1.0.59:34685|priority:0|startupRole:FOLLOWER, 3950d273-d245-4570-97e3-85d09fa36925|rpc:10.1.0.59:37013|priority:0|startupRole:FOLLOWER, 85a84f3f-4e6e-49f5-978d-fa543ddbfdc8|rpc:10.1.0.59:35209|priority:1|startupRole:FOLLOWER]|listeners:[], old=null, confs=<EMPTY_MAP>
2022-11-10 07:15:43,992 [pool-308-thread-1] INFO  server.RaftServerConfigKeys (ConfUtils.java:logGet(46)) - raft.server.storage.dir = [/home/runner/work/ozone/ozone/hadoop-ozone/integration-test/target/test-dir/MiniOzoneClusterImpl-84cafbd6-325b-4886-915b-d0b5d28b8cf9/datanode-0/data/ratis] (custom)
2022-11-10 07:15:43,992 [pool-308-thread-1] INFO  server.RaftServerConfigKeys (ConfUtils.java:logGet(46)) - raft.server.log.corruption.policy = EXCEPTION (default)
2022-11-10 07:15:43,992 [pool-308-thread-1] INFO  server.RaftServerConfigKeys (ConfUtils.java:logGet(46)) - raft.server.storage.free-space.min = 0MB (=0) (default)
2022-11-10 07:15:43,992 [pool-308-thread-1] INFO  server.RaftServerConfigKeys (ConfUtils.java:logGet(46)) - raft.server.notification.no-leader.timeout = 300s (custom)
2022-11-10 07:15:43,992 [pool-308-thread-1] INFO  server.RaftServerConfigKeys (ConfUtils.java:logGet(46)) - raft.server.retrycache.expirytime = 600000ms (custom)
2022-11-10 07:15:43,992 [pool-308-thread-1] INFO  server.RaftServerConfigKeys (ConfUtils.java:logGet(46)) - raft.server.retrycache.statistics.expirytime = 100μs (default)
2022-11-10 07:15:43,993 [pool-308-thread-1] INFO  server.RaftServerConfigKeys (ConfUtils.java:logGet(46)) - raft.server.log.appender.install.snapshot.enabled = false (custom)
2022-11-10 07:15:43,993 [pool-308-thread-1] INFO  server.RaftServerConfigKeys (ConfUtils.java:logGet(46)) - raft.server.threadpool.server.cached = true (default)
2022-11-10 07:15:43,993 [pool-308-thread-1] INFO  server.RaftServerConfigKeys (ConfUtils.java:logGet(46)) - raft.server.threadpool.server.size = 0 (default)
2022-11-10 07:15:43,993 [pool-308-thread-1] INFO  server.RaftServerConfigKeys (ConfUtils.java:logGet(46)) - raft.server.threadpool.client.cached = true (default)
2022-11-10 07:15:43,994 [pool-308-thread-1] INFO  server.RaftServerConfigKeys (ConfUtils.java:logGet(46)) - raft.server.threadpool.client.size = 0 (default)
2022-11-10 07:15:43,994 [pool-308-thread-1] INFO  storage.RaftStorageDirectory (RaftStorageDirectoryImpl.java:analyzeStorage(137)) - The storage directory /home/runner/work/ozone/ozone/hadoop-ozone/integration-test/target/test-dir/MiniOzoneClusterImpl-84cafbd6-325b-4886-915b-d0b5d28b8cf9/datanode-0/data/ratis/24cf041f-b10b-4731-9db4-67df168abd2c does not exist. Creating ...
2022-11-10 07:15:43,995 [pool-308-thread-1] INFO  storage.RaftStorageDirectory (RaftStorageDirectoryImpl.java:tryLock(231)) - Lock on /home/runner/work/ozone/ozone/hadoop-ozone/integration-test/target/test-dir/MiniOzoneClusterImpl-84cafbd6-325b-4886-915b-d0b5d28b8cf9/datanode-0/data/ratis/24cf041f-b10b-4731-9db4-67df168abd2c/in_use.lock acquired by nodename 12028@fv-az435-205
2022-11-10 07:15:43,997 [pool-308-thread-1] INFO  storage.RaftStorage (RaftStorageImpl.java:format(96)) - Storage directory /home/runner/work/ozone/ozone/hadoop-ozone/integration-test/target/test-dir/MiniOzoneClusterImpl-84cafbd6-325b-4886-915b-d0b5d28b8cf9/datanode-0/data/ratis/24cf041f-b10b-4731-9db4-67df168abd2c has been successfully formatted.
2022-11-10 07:15:43,997 [pool-308-thread-1] INFO  ratis.ContainerStateMachine (ContainerStateMachine.java:loadSnapshot(236)) - group-67DF168ABD2C: The snapshot info is null. Setting the last applied indexto:(t:0, i:~)
2022-11-10 07:15:43,997 [pool-308-thread-1] INFO  server.RaftServerConfigKeys (ConfUtils.java:logGet(46)) - raft.server.log.use.memory = false (default)
2022-11-10 07:15:43,997 [pool-308-thread-1] INFO  server.RaftServerConfigKeys (ConfUtils.java:logGet(46)) - raft.server.log.purge.gap = 1000000 (custom)
2022-11-10 07:15:43,997 [pool-308-thread-1] INFO  server.RaftServerConfigKeys (ConfUtils.java:logGet(46)) - raft.server.log.appender.buffer.byte-limit = 33554432 (custom)
2022-11-10 07:15:43,997 [pool-308-thread-1] INFO  server.RaftServerConfigKeys (ConfUtils.java:logGet(46)) - raft.server.log.statemachine.data.read.timeout = 1000ms (default)
2022-11-10 07:15:43,997 [pool-308-thread-1] INFO  server.RaftServerConfigKeys (ConfUtils.java:logGet(46)) - raft.server.log.purge.preservation.log.num = 0 (default)
2022-11-10 07:15:43,998 [EventQueue-OpenPipelineForHealthyPipelineSafeModeRule] INFO  safemode.SCMSafeModeManager (HealthyPipelineSafeModeRule.java:process(137)) - SCM in safe mode. Healthy pipelines reported count is 0, required healthy pipeline reported count is 1
2022-11-10 07:15:43,999 [pool-308-thread-1] INFO  server.RaftServerConfigKeys (ConfUtils.java:logGet(46)) - raft.server.log.segment.size.max = 1048576 (custom)
2022-11-10 07:15:43,999 [pool-308-thread-1] INFO  server.RaftServerConfigKeys (ConfUtils.java:logGet(46)) - raft.server.log.segment.cache.num.max = 2 (custom)
2022-11-10 07:15:44,000 [pool-308-thread-1] INFO  server.RaftServerConfigKeys (ConfUtils.java:logGet(46)) - raft.server.log.segment.cache.size.max = 200MB (=209715200) (default)
2022-11-10 07:15:44,001 [pool-308-thread-1] INFO  segmented.SegmentedRaftLogWorker (SegmentedRaftLogWorker.java:<init>(191)) - new 85a84f3f-4e6e-49f5-978d-fa543ddbfdc8@group-67DF168ABD2C-SegmentedRaftLogWorker for RaftStorageImpl:Storage Directory /home/runner/work/ozone/ozone/hadoop-ozone/integration-test/target/test-dir/MiniOzoneClusterImpl-84cafbd6-325b-4886-915b-d0b5d28b8cf9/datanode-0/data/ratis/24cf041f-b10b-4731-9db4-67df168abd2c
2022-11-10 07:15:44,001 [pool-308-thread-1] INFO  server.RaftServerConfigKeys (ConfUtils.java:logGet(46)) - raft.server.log.queue.byte-limit = 4294967296 (custom)
2022-11-10 07:15:44,001 [pool-308-thread-1] INFO  server.RaftServerConfigKeys (ConfUtils.java:logGet(46)) - raft.server.log.queue.element-limit = 1024 (custom)
2022-11-10 07:15:44,001 [pool-308-thread-1] INFO  server.RaftServerConfigKeys (ConfUtils.java:logGet(46)) - raft.server.log.segment.size.max = 1048576 (custom)
2022-11-10 07:15:44,001 [pool-308-thread-1] INFO  server.RaftServerConfigKeys (ConfUtils.java:logGet(46)) - raft.server.log.preallocated.size = 16384 (custom)
2022-11-10 07:15:44,001 [pool-308-thread-1] INFO  server.RaftServerConfigKeys (ConfUtils.java:logGet(46)) - raft.server.log.force.sync.num = 128 (default)
2022-11-10 07:15:44,001 [pool-308-thread-1] INFO  server.RaftServerConfigKeys (ConfUtils.java:logGet(46)) - raft.server.log.statemachine.data.sync = true (default)
2022-11-10 07:15:44,001 [pool-308-thread-1] INFO  server.RaftServerConfigKeys (ConfUtils.java:logGet(46)) - raft.server.log.statemachine.data.sync.timeout = 10s (default)
2022-11-10 07:15:44,001 [pool-308-thread-1] INFO  server.RaftServerConfigKeys (ConfUtils.java:logGet(46)) - raft.server.log.statemachine.data.sync.timeout.retry = -1 (default)
2022-11-10 07:15:44,003 [pool-308-thread-1] INFO  server.RaftServerConfigKeys (ConfUtils.java:logGet(46)) - raft.server.log.write.buffer.size = 1048576 (custom)
2022-11-10 07:15:44,004 [pool-308-thread-1] INFO  server.RaftServerConfigKeys (ConfUtils.java:logGet(46)) - raft.server.log.unsafe-flush.enabled = false (default)
2022-11-10 07:15:44,004 [pool-308-thread-1] INFO  server.RaftServerConfigKeys (ConfUtils.java:logGet(46)) - raft.server.log.async-flush.enabled = false (default)
2022-11-10 07:15:44,005 [pool-308-thread-1] INFO  server.RaftServerConfigKeys (ConfUtils.java:logGet(46)) - raft.server.log.statemachine.data.caching.enabled = true (custom)
2022-11-10 07:15:44,005 [pool-308-thread-1] INFO  segmented.SegmentedRaftLogWorker (SegmentedRaftLogWorker.java:lambda$new$0(136)) - 85a84f3f-4e6e-49f5-978d-fa543ddbfdc8@group-67DF168ABD2C-SegmentedRaftLogWorker: flushIndex: setUnconditionally 0 -> -1
2022-11-10 07:15:44,005 [pool-308-thread-1] INFO  segmented.SegmentedRaftLogWorker (SegmentedRaftLogWorker.java:lambda$new$0(136)) - 85a84f3f-4e6e-49f5-978d-fa543ddbfdc8@group-67DF168ABD2C-SegmentedRaftLogWorker: safeCacheEvictIndex: setUnconditionally 0 -> -1
2022-11-10 07:15:44,005 [pool-308-thread-1] INFO  server.RaftServer$Division (RaftServerImpl.java:start(334)) - 85a84f3f-4e6e-49f5-978d-fa543ddbfdc8@group-67DF168ABD2C: start as a follower, conf=-1: peers:[06ff1ec3-3332-4ac8-b4dc-23bc541e60c0|rpc:10.1.0.59:34685|priority:0|startupRole:FOLLOWER, 3950d273-d245-4570-97e3-85d09fa36925|rpc:10.1.0.59:37013|priority:0|startupRole:FOLLOWER, 85a84f3f-4e6e-49f5-978d-fa543ddbfdc8|rpc:10.1.0.59:35209|priority:1|startupRole:FOLLOWER]|listeners:[], old=null
2022-11-10 07:15:44,005 [pool-308-thread-1] INFO  server.RaftServer$Division (RaftServerImpl.java:setRole(321)) - 85a84f3f-4e6e-49f5-978d-fa543ddbfdc8@group-67DF168ABD2C: changes role from      null to FOLLOWER at term 0 for startAsFollower
2022-11-10 07:15:44,005 [pool-308-thread-1] INFO  impl.RoleInfo (RoleInfo.java:updateAndGet(139)) - 85a84f3f-4e6e-49f5-978d-fa543ddbfdc8: start 85a84f3f-4e6e-49f5-978d-fa543ddbfdc8@group-67DF168ABD2C-FollowerState
2022-11-10 07:15:44,010 [pool-308-thread-1] INFO  util.JmxRegister (JmxRegister.java:tryRegister(44)) - Successfully registered JMX Bean with object name Ratis:service=RaftServer,group=group-67DF168ABD2C,id=85a84f3f-4e6e-49f5-978d-fa543ddbfdc8
2022-11-10 07:15:44,010 [pool-308-thread-1] INFO  server.RaftServerConfigKeys (ConfUtils.java:logGet(46)) - raft.server.snapshot.auto.trigger.enabled = true (custom)
2022-11-10 07:15:44,010 [pool-308-thread-1] INFO  server.RaftServerConfigKeys (ConfUtils.java:logGet(46)) - raft.server.snapshot.auto.trigger.threshold = 10000 (custom)
2022-11-10 07:15:44,010 [pool-308-thread-1] INFO  server.RaftServerConfigKeys (ConfUtils.java:logGet(46)) - raft.server.snapshot.retention.file.num = 5 (custom)
2022-11-10 07:15:44,010 [pool-308-thread-1] INFO  server.RaftServerConfigKeys (ConfUtils.java:logGet(46)) - raft.server.log.purge.upto.snapshot.index = false (default)
2022-11-10 07:15:44,011 [85a84f3f-4e6e-49f5-978d-fa543ddbfdc8@group-67DF168ABD2C-FollowerState] INFO  server.RaftServerConfigKeys (ConfUtils.java:logFallback(53)) - raft.server.rpc.first-election.timeout.min = 5s (fallback to raft.server.rpc.timeout.min)
2022-11-10 07:15:44,011 [85a84f3f-4e6e-49f5-978d-fa543ddbfdc8@group-67DF168ABD2C-FollowerState] INFO  server.RaftServerConfigKeys (ConfUtils.java:logFallback(53)) - raft.server.rpc.first-election.timeout.max = 5200ms (fallback to raft.server.rpc.timeout.max)
2022-11-10 07:15:44,011 [Command processor thread] INFO  ratis.XceiverServerRatis (XceiverServerRatis.java:addGroup(765)) - Created group PipelineID=24cf041f-b10b-4731-9db4-67df168abd2c
2022-11-10 07:15:44,017 [grpc-default-executor-0] INFO  server.RaftServer (RaftServerProxy.java:addNew(96)) - 06ff1ec3-3332-4ac8-b4dc-23bc541e60c0: addNew group-67DF168ABD2C:[06ff1ec3-3332-4ac8-b4dc-23bc541e60c0|rpc:10.1.0.59:34685|dataStream:|priority:0|startupRole:FOLLOWER, 3950d273-d245-4570-97e3-85d09fa36925|rpc:10.1.0.59:37013|dataStream:|priority:0|startupRole:FOLLOWER, 85a84f3f-4e6e-49f5-978d-fa543ddbfdc8|rpc:10.1.0.59:35209|dataStream:|priority:1|startupRole:FOLLOWER] returns group-67DF168ABD2C:java.util.concurrent.CompletableFuture@17f71985[Not completed]
2022-11-10 07:15:44,018 [pool-354-thread-1] INFO  server.RaftServer$Division (RaftServerImpl.java:<init>(195)) - 06ff1ec3-3332-4ac8-b4dc-23bc541e60c0: new RaftServerImpl for group-67DF168ABD2C:[06ff1ec3-3332-4ac8-b4dc-23bc541e60c0|rpc:10.1.0.59:34685|dataStream:|priority:0|startupRole:FOLLOWER, 3950d273-d245-4570-97e3-85d09fa36925|rpc:10.1.0.59:37013|dataStream:|priority:0|startupRole:FOLLOWER, 85a84f3f-4e6e-49f5-978d-fa543ddbfdc8|rpc:10.1.0.59:35209|dataStream:|priority:1|startupRole:FOLLOWER] with ContainerStateMachine:uninitialized
2022-11-10 07:15:44,018 [pool-354-thread-1] INFO  server.RaftServerConfigKeys (ConfUtils.java:logGet(46)) - raft.server.rpc.timeout.min = 5s (custom)
2022-11-10 07:15:44,018 [pool-354-thread-1] INFO  server.RaftServerConfigKeys (ConfUtils.java:logGet(46)) - raft.server.rpc.timeout.max = 5200ms (custom)
2022-11-10 07:15:44,018 [pool-354-thread-1] INFO  server.RaftServerConfigKeys (ConfUtils.java:logGet(46)) - raft.server.rpc.sleep.time = 25ms (default)
2022-11-10 07:15:44,018 [pool-354-thread-1] INFO  server.RaftServerConfigKeys (ConfUtils.java:logGet(46)) - raft.server.rpc.slowness.timeout = 300s (custom)
2022-11-10 07:15:44,018 [pool-354-thread-1] INFO  server.RaftServerConfigKeys (ConfUtils.java:logGet(46)) - raft.server.leaderelection.leader.step-down.wait-time = 10s (default)
2022-11-10 07:15:44,018 [pool-354-thread-1] INFO  server.RaftServerConfigKeys (ConfUtils.java:logGet(46)) - raft.server.sleep.deviation.threshold = 300ms (default)
2022-11-10 07:15:44,018 [pool-354-thread-1] INFO  server.RaftServer$Division (ServerState.java:<init>(118)) - 06ff1ec3-3332-4ac8-b4dc-23bc541e60c0@group-67DF168ABD2C: ConfigurationManager, init=-1: peers:[06ff1ec3-3332-4ac8-b4dc-23bc541e60c0|rpc:10.1.0.59:34685|dataStream:|priority:0|startupRole:FOLLOWER, 3950d273-d245-4570-97e3-85d09fa36925|rpc:10.1.0.59:37013|dataStream:|priority:0|startupRole:FOLLOWER, 85a84f3f-4e6e-49f5-978d-fa543ddbfdc8|rpc:10.1.0.59:35209|dataStream:|priority:1|startupRole:FOLLOWER]|listeners:[], old=null, confs=<EMPTY_MAP>
2022-11-10 07:15:44,019 [pool-354-thread-1] INFO  server.RaftServerConfigKeys (ConfUtils.java:logGet(46)) - raft.server.storage.dir = [/home/runner/work/ozone/ozone/hadoop-ozone/integration-test/target/test-dir/MiniOzoneClusterImpl-84cafbd6-325b-4886-915b-d0b5d28b8cf9/datanode-2/data/ratis] (custom)
2022-11-10 07:15:44,019 [pool-354-thread-1] INFO  server.RaftServerConfigKeys (ConfUtils.java:logGet(46)) - raft.server.log.corruption.policy = EXCEPTION (default)
2022-11-10 07:15:44,019 [pool-354-thread-1] INFO  server.RaftServerConfigKeys (ConfUtils.java:logGet(46)) - raft.server.storage.free-space.min = 0MB (=0) (default)
2022-11-10 07:15:44,019 [pool-354-thread-1] INFO  server.RaftServerConfigKeys (ConfUtils.java:logGet(46)) - raft.server.notification.no-leader.timeout = 300s (custom)
2022-11-10 07:15:44,019 [pool-354-thread-1] INFO  server.RaftServerConfigKeys (ConfUtils.java:logGet(46)) - raft.server.retrycache.expirytime = 600000ms (custom)
2022-11-10 07:15:44,019 [pool-354-thread-1] INFO  server.RaftServerConfigKeys (ConfUtils.java:logGet(46)) - raft.server.retrycache.statistics.expirytime = 100μs (default)
2022-11-10 07:15:44,020 [pool-354-thread-1] INFO  server.RaftServerConfigKeys (ConfUtils.java:logGet(46)) - raft.server.log.appender.install.snapshot.enabled = false (custom)
2022-11-10 07:15:44,020 [pool-354-thread-1] INFO  server.RaftServerConfigKeys (ConfUtils.java:logGet(46)) - raft.server.threadpool.server.cached = true (default)
2022-11-10 07:15:44,020 [pool-354-thread-1] INFO  server.RaftServerConfigKeys (ConfUtils.java:logGet(46)) - raft.server.threadpool.server.size = 0 (default)
2022-11-10 07:15:44,020 [pool-354-thread-1] INFO  server.RaftServerConfigKeys (ConfUtils.java:logGet(46)) - raft.server.threadpool.client.cached = true (default)
2022-11-10 07:15:44,020 [pool-354-thread-1] INFO  server.RaftServerConfigKeys (ConfUtils.java:logGet(46)) - raft.server.threadpool.client.size = 0 (default)
2022-11-10 07:15:44,020 [pool-354-thread-1] INFO  storage.RaftStorageDirectory (RaftStorageDirectoryImpl.java:analyzeStorage(137)) - The storage directory /home/runner/work/ozone/ozone/hadoop-ozone/integration-test/target/test-dir/MiniOzoneClusterImpl-84cafbd6-325b-4886-915b-d0b5d28b8cf9/datanode-2/data/ratis/24cf041f-b10b-4731-9db4-67df168abd2c does not exist. Creating ...
2022-11-10 07:15:44,021 [pool-354-thread-1] INFO  storage.RaftStorageDirectory (RaftStorageDirectoryImpl.java:tryLock(231)) - Lock on /home/runner/work/ozone/ozone/hadoop-ozone/integration-test/target/test-dir/MiniOzoneClusterImpl-84cafbd6-325b-4886-915b-d0b5d28b8cf9/datanode-2/data/ratis/24cf041f-b10b-4731-9db4-67df168abd2c/in_use.lock acquired by nodename 12028@fv-az435-205
2022-11-10 07:15:44,022 [pool-354-thread-1] INFO  storage.RaftStorage (RaftStorageImpl.java:format(96)) - Storage directory /home/runner/work/ozone/ozone/hadoop-ozone/integration-test/target/test-dir/MiniOzoneClusterImpl-84cafbd6-325b-4886-915b-d0b5d28b8cf9/datanode-2/data/ratis/24cf041f-b10b-4731-9db4-67df168abd2c has been successfully formatted.
2022-11-10 07:15:44,022 [pool-354-thread-1] INFO  ratis.ContainerStateMachine (ContainerStateMachine.java:loadSnapshot(236)) - group-67DF168ABD2C: The snapshot info is null. Setting the last applied indexto:(t:0, i:~)
2022-11-10 07:15:44,023 [pool-354-thread-1] INFO  server.RaftServerConfigKeys (ConfUtils.java:logGet(46)) - raft.server.log.use.memory = false (default)
2022-11-10 07:15:44,023 [pool-354-thread-1] INFO  server.RaftServerConfigKeys (ConfUtils.java:logGet(46)) - raft.server.log.purge.gap = 1000000 (custom)
2022-11-10 07:15:44,023 [pool-354-thread-1] INFO  server.RaftServerConfigKeys (ConfUtils.java:logGet(46)) - raft.server.log.appender.buffer.byte-limit = 33554432 (custom)
2022-11-10 07:15:44,023 [pool-354-thread-1] INFO  server.RaftServerConfigKeys (ConfUtils.java:logGet(46)) - raft.server.log.statemachine.data.read.timeout = 1000ms (default)
2022-11-10 07:15:44,023 [pool-354-thread-1] INFO  server.RaftServerConfigKeys (ConfUtils.java:logGet(46)) - raft.server.log.purge.preservation.log.num = 0 (default)
2022-11-10 07:15:44,023 [pool-354-thread-1] INFO  server.RaftServerConfigKeys (ConfUtils.java:logGet(46)) - raft.server.log.segment.size.max = 1048576 (custom)
2022-11-10 07:15:44,024 [pool-354-thread-1] INFO  server.RaftServerConfigKeys (ConfUtils.java:logGet(46)) - raft.server.log.segment.cache.num.max = 2 (custom)
2022-11-10 07:15:44,024 [pool-354-thread-1] INFO  server.RaftServerConfigKeys (ConfUtils.java:logGet(46)) - raft.server.log.segment.cache.size.max = 200MB (=209715200) (default)
2022-11-10 07:15:44,024 [pool-354-thread-1] INFO  segmented.SegmentedRaftLogWorker (SegmentedRaftLogWorker.java:<init>(191)) - new 06ff1ec3-3332-4ac8-b4dc-23bc541e60c0@group-67DF168ABD2C-SegmentedRaftLogWorker for RaftStorageImpl:Storage Directory /home/runner/work/ozone/ozone/hadoop-ozone/integration-test/target/test-dir/MiniOzoneClusterImpl-84cafbd6-325b-4886-915b-d0b5d28b8cf9/datanode-2/data/ratis/24cf041f-b10b-4731-9db4-67df168abd2c
2022-11-10 07:15:44,024 [pool-354-thread-1] INFO  server.RaftServerConfigKeys (ConfUtils.java:logGet(46)) - raft.server.log.queue.byte-limit = 4294967296 (custom)
2022-11-10 07:15:44,024 [pool-354-thread-1] INFO  server.RaftServerConfigKeys (ConfUtils.java:logGet(46)) - raft.server.log.queue.element-limit = 1024 (custom)
2022-11-10 07:15:44,024 [pool-354-thread-1] INFO  server.RaftServerConfigKeys (ConfUtils.java:logGet(46)) - raft.server.log.segment.size.max = 1048576 (custom)
2022-11-10 07:15:44,025 [pool-354-thread-1] INFO  server.RaftServerConfigKeys (ConfUtils.java:logGet(46)) - raft.server.log.preallocated.size = 16384 (custom)
2022-11-10 07:15:44,025 [pool-354-thread-1] INFO  server.RaftServerConfigKeys (ConfUtils.java:logGet(46)) - raft.server.log.force.sync.num = 128 (default)
2022-11-10 07:15:44,025 [pool-354-thread-1] INFO  server.RaftServerConfigKeys (ConfUtils.java:logGet(46)) - raft.server.log.statemachine.data.sync = true (default)
2022-11-10 07:15:44,025 [pool-354-thread-1] INFO  server.RaftServerConfigKeys (ConfUtils.java:logGet(46)) - raft.server.log.statemachine.data.sync.timeout = 10s (default)
2022-11-10 07:15:44,025 [pool-354-thread-1] INFO  server.RaftServerConfigKeys (ConfUtils.java:logGet(46)) - raft.server.log.statemachine.data.sync.timeout.retry = -1 (default)
2022-11-10 07:15:44,025 [pool-354-thread-1] INFO  server.RaftServerConfigKeys (ConfUtils.java:logGet(46)) - raft.server.log.write.buffer.size = 1048576 (custom)
2022-11-10 07:15:44,026 [pool-354-thread-1] INFO  server.RaftServerConfigKeys (ConfUtils.java:logGet(46)) - raft.server.log.unsafe-flush.enabled = false (default)
2022-11-10 07:15:44,026 [pool-354-thread-1] INFO  server.RaftServerConfigKeys (ConfUtils.java:logGet(46)) - raft.server.log.async-flush.enabled = false (default)
2022-11-10 07:15:44,026 [pool-354-thread-1] INFO  server.RaftServerConfigKeys (ConfUtils.java:logGet(46)) - raft.server.log.statemachine.data.caching.enabled = true (custom)
2022-11-10 07:15:44,026 [pool-354-thread-1] INFO  segmented.SegmentedRaftLogWorker (SegmentedRaftLogWorker.java:lambda$new$0(136)) - 06ff1ec3-3332-4ac8-b4dc-23bc541e60c0@group-67DF168ABD2C-SegmentedRaftLogWorker: flushIndex: setUnconditionally 0 -> -1
2022-11-10 07:15:44,026 [pool-354-thread-1] INFO  segmented.SegmentedRaftLogWorker (SegmentedRaftLogWorker.java:lambda$new$0(136)) - 06ff1ec3-3332-4ac8-b4dc-23bc541e60c0@group-67DF168ABD2C-SegmentedRaftLogWorker: safeCacheEvictIndex: setUnconditionally 0 -> -1
2022-11-10 07:15:44,027 [pool-354-thread-1] INFO  server.RaftServer$Division (RaftServerImpl.java:start(334)) - 06ff1ec3-3332-4ac8-b4dc-23bc541e60c0@group-67DF168ABD2C: start as a follower, conf=-1: peers:[06ff1ec3-3332-4ac8-b4dc-23bc541e60c0|rpc:10.1.0.59:34685|dataStream:|priority:0|startupRole:FOLLOWER, 3950d273-d245-4570-97e3-85d09fa36925|rpc:10.1.0.59:37013|dataStream:|priority:0|startupRole:FOLLOWER, 85a84f3f-4e6e-49f5-978d-fa543ddbfdc8|rpc:10.1.0.59:35209|dataStream:|priority:1|startupRole:FOLLOWER]|listeners:[], old=null
2022-11-10 07:15:44,027 [pool-354-thread-1] INFO  server.RaftServer$Division (RaftServerImpl.java:setRole(321)) - 06ff1ec3-3332-4ac8-b4dc-23bc541e60c0@group-67DF168ABD2C: changes role from      null to FOLLOWER at term 0 for startAsFollower
2022-11-10 07:15:44,027 [pool-354-thread-1] INFO  impl.RoleInfo (RoleInfo.java:updateAndGet(139)) - 06ff1ec3-3332-4ac8-b4dc-23bc541e60c0: start 06ff1ec3-3332-4ac8-b4dc-23bc541e60c0@group-67DF168ABD2C-FollowerState
2022-11-10 07:15:44,027 [pool-354-thread-1] INFO  util.JmxRegister (JmxRegister.java:tryRegister(44)) - Successfully registered JMX Bean with object name Ratis:service=RaftServer,group=group-67DF168ABD2C,id=06ff1ec3-3332-4ac8-b4dc-23bc541e60c0
2022-11-10 07:15:44,027 [pool-354-thread-1] INFO  server.RaftServerConfigKeys (ConfUtils.java:logGet(46)) - raft.server.snapshot.auto.trigger.enabled = true (custom)
2022-11-10 07:15:44,027 [pool-354-thread-1] INFO  server.RaftServerConfigKeys (ConfUtils.java:logGet(46)) - raft.server.snapshot.auto.trigger.threshold = 10000 (custom)
2022-11-10 07:15:44,027 [pool-354-thread-1] INFO  server.RaftServerConfigKeys (ConfUtils.java:logGet(46)) - raft.server.snapshot.retention.file.num = 5 (custom)
2022-11-10 07:15:44,027 [pool-354-thread-1] INFO  server.RaftServerConfigKeys (ConfUtils.java:logGet(46)) - raft.server.log.purge.upto.snapshot.index = false (default)
2022-11-10 07:15:44,028 [06ff1ec3-3332-4ac8-b4dc-23bc541e60c0@group-67DF168ABD2C-FollowerState] INFO  server.RaftServerConfigKeys (ConfUtils.java:logFallback(53)) - raft.server.rpc.first-election.timeout.min = 5s (fallback to raft.server.rpc.timeout.min)
2022-11-10 07:15:44,028 [06ff1ec3-3332-4ac8-b4dc-23bc541e60c0@group-67DF168ABD2C-FollowerState] INFO  server.RaftServerConfigKeys (ConfUtils.java:logFallback(53)) - raft.server.rpc.first-election.timeout.max = 5200ms (fallback to raft.server.rpc.timeout.max)
2022-11-10 07:15:44,046 [grpc-default-executor-0] INFO  server.RaftServer (RaftServerProxy.java:addNew(96)) - 3950d273-d245-4570-97e3-85d09fa36925: addNew group-67DF168ABD2C:[06ff1ec3-3332-4ac8-b4dc-23bc541e60c0|rpc:10.1.0.59:34685|dataStream:|priority:0|startupRole:FOLLOWER, 3950d273-d245-4570-97e3-85d09fa36925|rpc:10.1.0.59:37013|dataStream:|priority:0|startupRole:FOLLOWER, 85a84f3f-4e6e-49f5-978d-fa543ddbfdc8|rpc:10.1.0.59:35209|dataStream:|priority:1|startupRole:FOLLOWER] returns group-67DF168ABD2C:java.util.concurrent.CompletableFuture@51ee2c1e[Not completed]
2022-11-10 07:15:44,047 [pool-331-thread-1] INFO  server.RaftServer$Division (RaftServerImpl.java:<init>(195)) - 3950d273-d245-4570-97e3-85d09fa36925: new RaftServerImpl for group-67DF168ABD2C:[06ff1ec3-3332-4ac8-b4dc-23bc541e60c0|rpc:10.1.0.59:34685|dataStream:|priority:0|startupRole:FOLLOWER, 3950d273-d245-4570-97e3-85d09fa36925|rpc:10.1.0.59:37013|dataStream:|priority:0|startupRole:FOLLOWER, 85a84f3f-4e6e-49f5-978d-fa543ddbfdc8|rpc:10.1.0.59:35209|dataStream:|priority:1|startupRole:FOLLOWER] with ContainerStateMachine:uninitialized
2022-11-10 07:15:44,047 [pool-331-thread-1] INFO  server.RaftServerConfigKeys (ConfUtils.java:logGet(46)) - raft.server.rpc.timeout.min = 5s (custom)
2022-11-10 07:15:44,047 [pool-331-thread-1] INFO  server.RaftServerConfigKeys (ConfUtils.java:logGet(46)) - raft.server.rpc.timeout.max = 5200ms (custom)
2022-11-10 07:15:44,047 [pool-331-thread-1] INFO  server.RaftServerConfigKeys (ConfUtils.java:logGet(46)) - raft.server.rpc.sleep.time = 25ms (default)
2022-11-10 07:15:44,047 [pool-331-thread-1] INFO  server.RaftServerConfigKeys (ConfUtils.java:logGet(46)) - raft.server.rpc.slowness.timeout = 300s (custom)
2022-11-10 07:15:44,047 [pool-331-thread-1] INFO  server.RaftServerConfigKeys (ConfUtils.java:logGet(46)) - raft.server.leaderelection.leader.step-down.wait-time = 10s (default)
2022-11-10 07:15:44,047 [pool-331-thread-1] INFO  server.RaftServerConfigKeys (ConfUtils.java:logGet(46)) - raft.server.sleep.deviation.threshold = 300ms (default)
2022-11-10 07:15:44,047 [pool-331-thread-1] INFO  server.RaftServer$Division (ServerState.java:<init>(118)) - 3950d273-d245-4570-97e3-85d09fa36925@group-67DF168ABD2C: ConfigurationManager, init=-1: peers:[06ff1ec3-3332-4ac8-b4dc-23bc541e60c0|rpc:10.1.0.59:34685|dataStream:|priority:0|startupRole:FOLLOWER, 3950d273-d245-4570-97e3-85d09fa36925|rpc:10.1.0.59:37013|dataStream:|priority:0|startupRole:FOLLOWER, 85a84f3f-4e6e-49f5-978d-fa543ddbfdc8|rpc:10.1.0.59:35209|dataStream:|priority:1|startupRole:FOLLOWER]|listeners:[], old=null, confs=<EMPTY_MAP>
2022-11-10 07:15:44,047 [pool-331-thread-1] INFO  server.RaftServerConfigKeys (ConfUtils.java:logGet(46)) - raft.server.storage.dir = [/home/runner/work/ozone/ozone/hadoop-ozone/integration-test/target/test-dir/MiniOzoneClusterImpl-84cafbd6-325b-4886-915b-d0b5d28b8cf9/datanode-1/data/ratis] (custom)
2022-11-10 07:15:44,048 [pool-331-thread-1] INFO  server.RaftServerConfigKeys (ConfUtils.java:logGet(46)) - raft.server.log.corruption.policy = EXCEPTION (default)
2022-11-10 07:15:44,048 [pool-331-thread-1] INFO  server.RaftServerConfigKeys (ConfUtils.java:logGet(46)) - raft.server.storage.free-space.min = 0MB (=0) (default)
2022-11-10 07:15:44,048 [pool-331-thread-1] INFO  server.RaftServerConfigKeys (ConfUtils.java:logGet(46)) - raft.server.notification.no-leader.timeout = 300s (custom)
2022-11-10 07:15:44,048 [pool-331-thread-1] INFO  server.RaftServerConfigKeys (ConfUtils.java:logGet(46)) - raft.server.retrycache.expirytime = 600000ms (custom)
2022-11-10 07:15:44,048 [pool-331-thread-1] INFO  server.RaftServerConfigKeys (ConfUtils.java:logGet(46)) - raft.server.retrycache.statistics.expirytime = 100μs (default)
2022-11-10 07:15:44,049 [pool-331-thread-1] INFO  server.RaftServerConfigKeys (ConfUtils.java:logGet(46)) - raft.server.log.appender.install.snapshot.enabled = false (custom)
2022-11-10 07:15:44,049 [pool-331-thread-1] INFO  server.RaftServerConfigKeys (ConfUtils.java:logGet(46)) - raft.server.threadpool.server.cached = true (default)
2022-11-10 07:15:44,049 [pool-331-thread-1] INFO  server.RaftServerConfigKeys (ConfUtils.java:logGet(46)) - raft.server.threadpool.server.size = 0 (default)
2022-11-10 07:15:44,049 [pool-331-thread-1] INFO  server.RaftServerConfigKeys (ConfUtils.java:logGet(46)) - raft.server.threadpool.client.cached = true (default)
2022-11-10 07:15:44,049 [pool-331-thread-1] INFO  server.RaftServerConfigKeys (ConfUtils.java:logGet(46)) - raft.server.threadpool.client.size = 0 (default)
2022-11-10 07:15:44,049 [pool-331-thread-1] INFO  storage.RaftStorageDirectory (RaftStorageDirectoryImpl.java:analyzeStorage(137)) - The storage directory /home/runner/work/ozone/ozone/hadoop-ozone/integration-test/target/test-dir/MiniOzoneClusterImpl-84cafbd6-325b-4886-915b-d0b5d28b8cf9/datanode-1/data/ratis/24cf041f-b10b-4731-9db4-67df168abd2c does not exist. Creating ...
2022-11-10 07:15:44,050 [pool-331-thread-1] INFO  storage.RaftStorageDirectory (RaftStorageDirectoryImpl.java:tryLock(231)) - Lock on /home/runner/work/ozone/ozone/hadoop-ozone/integration-test/target/test-dir/MiniOzoneClusterImpl-84cafbd6-325b-4886-915b-d0b5d28b8cf9/datanode-1/data/ratis/24cf041f-b10b-4731-9db4-67df168abd2c/in_use.lock acquired by nodename 12028@fv-az435-205
2022-11-10 07:15:44,051 [pool-331-thread-1] INFO  storage.RaftStorage (RaftStorageImpl.java:format(96)) - Storage directory /home/runner/work/ozone/ozone/hadoop-ozone/integration-test/target/test-dir/MiniOzoneClusterImpl-84cafbd6-325b-4886-915b-d0b5d28b8cf9/datanode-1/data/ratis/24cf041f-b10b-4731-9db4-67df168abd2c has been successfully formatted.
2022-11-10 07:15:44,052 [pool-331-thread-1] INFO  ratis.ContainerStateMachine (ContainerStateMachine.java:loadSnapshot(236)) - group-67DF168ABD2C: The snapshot info is null. Setting the last applied indexto:(t:0, i:~)
2022-11-10 07:15:44,053 [pool-331-thread-1] INFO  server.RaftServerConfigKeys (ConfUtils.java:logGet(46)) - raft.server.log.use.memory = false (default)
2022-11-10 07:15:44,053 [pool-331-thread-1] INFO  server.RaftServerConfigKeys (ConfUtils.java:logGet(46)) - raft.server.log.purge.gap = 1000000 (custom)
2022-11-10 07:15:44,053 [pool-331-thread-1] INFO  server.RaftServerConfigKeys (ConfUtils.java:logGet(46)) - raft.server.log.appender.buffer.byte-limit = 33554432 (custom)
2022-11-10 07:15:44,053 [pool-331-thread-1] INFO  server.RaftServerConfigKeys (ConfUtils.java:logGet(46)) - raft.server.log.statemachine.data.read.timeout = 1000ms (default)
2022-11-10 07:15:44,053 [pool-331-thread-1] INFO  server.RaftServerConfigKeys (ConfUtils.java:logGet(46)) - raft.server.log.purge.preservation.log.num = 0 (default)
2022-11-10 07:15:44,053 [pool-331-thread-1] INFO  server.RaftServerConfigKeys (ConfUtils.java:logGet(46)) - raft.server.log.segment.size.max = 1048576 (custom)
2022-11-10 07:15:44,053 [pool-331-thread-1] INFO  server.RaftServerConfigKeys (ConfUtils.java:logGet(46)) - raft.server.log.segment.cache.num.max = 2 (custom)
2022-11-10 07:15:44,053 [pool-331-thread-1] INFO  server.RaftServerConfigKeys (ConfUtils.java:logGet(46)) - raft.server.log.segment.cache.size.max = 200MB (=209715200) (default)
2022-11-10 07:15:44,053 [pool-331-thread-1] INFO  segmented.SegmentedRaftLogWorker (SegmentedRaftLogWorker.java:<init>(191)) - new 3950d273-d245-4570-97e3-85d09fa36925@group-67DF168ABD2C-SegmentedRaftLogWorker for RaftStorageImpl:Storage Directory /home/runner/work/ozone/ozone/hadoop-ozone/integration-test/target/test-dir/MiniOzoneClusterImpl-84cafbd6-325b-4886-915b-d0b5d28b8cf9/datanode-1/data/ratis/24cf041f-b10b-4731-9db4-67df168abd2c
2022-11-10 07:15:44,054 [pool-331-thread-1] INFO  server.RaftServerConfigKeys (ConfUtils.java:logGet(46)) - raft.server.log.queue.byte-limit = 4294967296 (custom)
2022-11-10 07:15:44,054 [pool-331-thread-1] INFO  server.RaftServerConfigKeys (ConfUtils.java:logGet(46)) - raft.server.log.queue.element-limit = 1024 (custom)
2022-11-10 07:15:44,054 [pool-331-thread-1] INFO  server.RaftServerConfigKeys (ConfUtils.java:logGet(46)) - raft.server.log.segment.size.max = 1048576 (custom)
2022-11-10 07:15:44,054 [pool-331-thread-1] INFO  server.RaftServerConfigKeys (ConfUtils.java:logGet(46)) - raft.server.log.preallocated.size = 16384 (custom)
2022-11-10 07:15:44,054 [pool-331-thread-1] INFO  server.RaftServerConfigKeys (ConfUtils.java:logGet(46)) - raft.server.log.force.sync.num = 128 (default)
2022-11-10 07:15:44,054 [pool-331-thread-1] INFO  server.RaftServerConfigKeys (ConfUtils.java:logGet(46)) - raft.server.log.statemachine.data.sync = true (default)
2022-11-10 07:15:44,054 [pool-331-thread-1] INFO  server.RaftServerConfigKeys (ConfUtils.java:logGet(46)) - raft.server.log.statemachine.data.sync.timeout = 10s (default)
2022-11-10 07:15:44,054 [pool-331-thread-1] INFO  server.RaftServerConfigKeys (ConfUtils.java:logGet(46)) - raft.server.log.statemachine.data.sync.timeout.retry = -1 (default)
2022-11-10 07:15:44,056 [pool-331-thread-1] INFO  server.RaftServerConfigKeys (ConfUtils.java:logGet(46)) - raft.server.log.write.buffer.size = 1048576 (custom)
2022-11-10 07:15:44,056 [pool-331-thread-1] INFO  server.RaftServerConfigKeys (ConfUtils.java:logGet(46)) - raft.server.log.unsafe-flush.enabled = false (default)
2022-11-10 07:15:44,056 [pool-331-thread-1] INFO  server.RaftServerConfigKeys (ConfUtils.java:logGet(46)) - raft.server.log.async-flush.enabled = false (default)
2022-11-10 07:15:44,056 [pool-331-thread-1] INFO  server.RaftServerConfigKeys (ConfUtils.java:logGet(46)) - raft.server.log.statemachine.data.caching.enabled = true (custom)
2022-11-10 07:15:44,057 [pool-331-thread-1] INFO  segmented.SegmentedRaftLogWorker (SegmentedRaftLogWorker.java:lambda$new$0(136)) - 3950d273-d245-4570-97e3-85d09fa36925@group-67DF168ABD2C-SegmentedRaftLogWorker: flushIndex: setUnconditionally 0 -> -1
2022-11-10 07:15:44,057 [pool-331-thread-1] INFO  segmented.SegmentedRaftLogWorker (SegmentedRaftLogWorker.java:lambda$new$0(136)) - 3950d273-d245-4570-97e3-85d09fa36925@group-67DF168ABD2C-SegmentedRaftLogWorker: safeCacheEvictIndex: setUnconditionally 0 -> -1
2022-11-10 07:15:44,065 [pool-331-thread-1] INFO  server.RaftServer$Division (RaftServerImpl.java:start(334)) - 3950d273-d245-4570-97e3-85d09fa36925@group-67DF168ABD2C: start as a follower, conf=-1: peers:[06ff1ec3-3332-4ac8-b4dc-23bc541e60c0|rpc:10.1.0.59:34685|dataStream:|priority:0|startupRole:FOLLOWER, 3950d273-d245-4570-97e3-85d09fa36925|rpc:10.1.0.59:37013|dataStream:|priority:0|startupRole:FOLLOWER, 85a84f3f-4e6e-49f5-978d-fa543ddbfdc8|rpc:10.1.0.59:35209|dataStream:|priority:1|startupRole:FOLLOWER]|listeners:[], old=null
2022-11-10 07:15:44,065 [pool-331-thread-1] INFO  server.RaftServer$Division (RaftServerImpl.java:setRole(321)) - 3950d273-d245-4570-97e3-85d09fa36925@group-67DF168ABD2C: changes role from      null to FOLLOWER at term 0 for startAsFollower
2022-11-10 07:15:44,065 [pool-331-thread-1] INFO  impl.RoleInfo (RoleInfo.java:updateAndGet(139)) - 3950d273-d245-4570-97e3-85d09fa36925: start 3950d273-d245-4570-97e3-85d09fa36925@group-67DF168ABD2C-FollowerState
2022-11-10 07:15:44,066 [pool-331-thread-1] INFO  util.JmxRegister (JmxRegister.java:tryRegister(44)) - Successfully registered JMX Bean with object name Ratis:service=RaftServer,group=group-67DF168ABD2C,id=3950d273-d245-4570-97e3-85d09fa36925
2022-11-10 07:15:44,066 [pool-331-thread-1] INFO  server.RaftServerConfigKeys (ConfUtils.java:logGet(46)) - raft.server.snapshot.auto.trigger.enabled = true (custom)
2022-11-10 07:15:44,066 [pool-331-thread-1] INFO  server.RaftServerConfigKeys (ConfUtils.java:logGet(46)) - raft.server.snapshot.auto.trigger.threshold = 10000 (custom)
2022-11-10 07:15:44,066 [pool-331-thread-1] INFO  server.RaftServerConfigKeys (ConfUtils.java:logGet(46)) - raft.server.snapshot.retention.file.num = 5 (custom)
2022-11-10 07:15:44,066 [pool-331-thread-1] INFO  server.RaftServerConfigKeys (ConfUtils.java:logGet(46)) - raft.server.log.purge.upto.snapshot.index = false (default)
2022-11-10 07:15:44,067 [3950d273-d245-4570-97e3-85d09fa36925@group-67DF168ABD2C-FollowerState] INFO  server.RaftServerConfigKeys (ConfUtils.java:logFallback(53)) - raft.server.rpc.first-election.timeout.min = 5s (fallback to raft.server.rpc.timeout.min)
2022-11-10 07:15:44,067 [3950d273-d245-4570-97e3-85d09fa36925@group-67DF168ABD2C-FollowerState] INFO  server.RaftServerConfigKeys (ConfUtils.java:logFallback(53)) - raft.server.rpc.first-election.timeout.max = 5200ms (fallback to raft.server.rpc.timeout.max)
2022-11-10 07:15:44,076 [Command processor thread] INFO  commandhandler.CreatePipelineCommandHandler (CreatePipelineCommandHandler.java:handle(113)) - Created Pipeline RATIS THREE PipelineID=24cf041f-b10b-4731-9db4-67df168abd2c.
2022-11-10 07:15:44,144 [Command processor thread] INFO  server.RaftServer (RaftServerProxy.java:addNew(96)) - 3950d273-d245-4570-97e3-85d09fa36925: addNew group-5A95D11C1572:[3950d273-d245-4570-97e3-85d09fa36925|rpc:10.1.0.59:37013|priority:1|startupRole:FOLLOWER] returns group-5A95D11C1572:java.util.concurrent.CompletableFuture@9e4ad72[Not completed]
2022-11-10 07:15:44,145 [pool-331-thread-1] INFO  server.RaftServer$Division (RaftServerImpl.java:<init>(195)) - 3950d273-d245-4570-97e3-85d09fa36925: new RaftServerImpl for group-5A95D11C1572:[3950d273-d245-4570-97e3-85d09fa36925|rpc:10.1.0.59:37013|priority:1|startupRole:FOLLOWER] with ContainerStateMachine:uninitialized
2022-11-10 07:15:44,146 [pool-331-thread-1] INFO  server.RaftServerConfigKeys (ConfUtils.java:logGet(46)) - raft.server.rpc.timeout.min = 5s (custom)
2022-11-10 07:15:44,146 [pool-331-thread-1] INFO  server.RaftServerConfigKeys (ConfUtils.java:logGet(46)) - raft.server.rpc.timeout.max = 5200ms (custom)
2022-11-10 07:15:44,146 [pool-331-thread-1] INFO  server.RaftServerConfigKeys (ConfUtils.java:logGet(46)) - raft.server.rpc.sleep.time = 25ms (default)
2022-11-10 07:15:44,146 [pool-331-thread-1] INFO  server.RaftServerConfigKeys (ConfUtils.java:logGet(46)) - raft.server.rpc.slowness.timeout = 300s (custom)
2022-11-10 07:15:44,146 [pool-331-thread-1] INFO  server.RaftServerConfigKeys (ConfUtils.java:logGet(46)) - raft.server.leaderelection.leader.step-down.wait-time = 10s (default)
2022-11-10 07:15:44,146 [pool-331-thread-1] INFO  server.RaftServerConfigKeys (ConfUtils.java:logGet(46)) - raft.server.sleep.deviation.threshold = 300ms (default)
2022-11-10 07:15:44,146 [pool-331-thread-1] INFO  server.RaftServer$Division (ServerState.java:<init>(118)) - 3950d273-d245-4570-97e3-85d09fa36925@group-5A95D11C1572: ConfigurationManager, init=-1: peers:[3950d273-d245-4570-97e3-85d09fa36925|rpc:10.1.0.59:37013|priority:1|startupRole:FOLLOWER]|listeners:[], old=null, confs=<EMPTY_MAP>
2022-11-10 07:15:44,146 [pool-331-thread-1] INFO  server.RaftServerConfigKeys (ConfUtils.java:logGet(46)) - raft.server.storage.dir = [/home/runner/work/ozone/ozone/hadoop-ozone/integration-test/target/test-dir/MiniOzoneClusterImpl-84cafbd6-325b-4886-915b-d0b5d28b8cf9/datanode-1/data/ratis] (custom)
2022-11-10 07:15:44,146 [pool-331-thread-1] INFO  server.RaftServerConfigKeys (ConfUtils.java:logGet(46)) - raft.server.log.corruption.policy = EXCEPTION (default)
2022-11-10 07:15:44,146 [pool-331-thread-1] INFO  server.RaftServerConfigKeys (ConfUtils.java:logGet(46)) - raft.server.storage.free-space.min = 0MB (=0) (default)
2022-11-10 07:15:44,146 [pool-331-thread-1] INFO  server.RaftServerConfigKeys (ConfUtils.java:logGet(46)) - raft.server.notification.no-leader.timeout = 300s (custom)
2022-11-10 07:15:44,147 [pool-331-thread-1] INFO  server.RaftServerConfigKeys (ConfUtils.java:logGet(46)) - raft.server.retrycache.expirytime = 600000ms (custom)
2022-11-10 07:15:44,147 [pool-331-thread-1] INFO  server.RaftServerConfigKeys (ConfUtils.java:logGet(46)) - raft.server.retrycache.statistics.expirytime = 100μs (default)
2022-11-10 07:15:44,148 [pool-331-thread-1] INFO  server.RaftServerConfigKeys (ConfUtils.java:logGet(46)) - raft.server.log.appender.install.snapshot.enabled = false (custom)
2022-11-10 07:15:44,148 [pool-331-thread-1] INFO  server.RaftServerConfigKeys (ConfUtils.java:logGet(46)) - raft.server.threadpool.server.cached = true (default)
2022-11-10 07:15:44,148 [pool-331-thread-1] INFO  server.RaftServerConfigKeys (ConfUtils.java:logGet(46)) - raft.server.threadpool.server.size = 0 (default)
2022-11-10 07:15:44,148 [pool-331-thread-1] INFO  server.RaftServerConfigKeys (ConfUtils.java:logGet(46)) - raft.server.threadpool.client.cached = true (default)
2022-11-10 07:15:44,148 [pool-331-thread-1] INFO  server.RaftServerConfigKeys (ConfUtils.java:logGet(46)) - raft.server.threadpool.client.size = 0 (default)
2022-11-10 07:15:44,148 [pool-331-thread-1] INFO  storage.RaftStorageDirectory (RaftStorageDirectoryImpl.java:analyzeStorage(137)) - The storage directory /home/runner/work/ozone/ozone/hadoop-ozone/integration-test/target/test-dir/MiniOzoneClusterImpl-84cafbd6-325b-4886-915b-d0b5d28b8cf9/datanode-1/data/ratis/9be934be-80e4-444c-9f95-5a95d11c1572 does not exist. Creating ...
2022-11-10 07:15:44,150 [pool-331-thread-1] INFO  storage.RaftStorageDirectory (RaftStorageDirectoryImpl.java:tryLock(231)) - Lock on /home/runner/work/ozone/ozone/hadoop-ozone/integration-test/target/test-dir/MiniOzoneClusterImpl-84cafbd6-325b-4886-915b-d0b5d28b8cf9/datanode-1/data/ratis/9be934be-80e4-444c-9f95-5a95d11c1572/in_use.lock acquired by nodename 12028@fv-az435-205
2022-11-10 07:15:44,151 [pool-331-thread-1] INFO  storage.RaftStorage (RaftStorageImpl.java:format(96)) - Storage directory /home/runner/work/ozone/ozone/hadoop-ozone/integration-test/target/test-dir/MiniOzoneClusterImpl-84cafbd6-325b-4886-915b-d0b5d28b8cf9/datanode-1/data/ratis/9be934be-80e4-444c-9f95-5a95d11c1572 has been successfully formatted.
2022-11-10 07:15:44,151 [pool-331-thread-1] INFO  ratis.ContainerStateMachine (ContainerStateMachine.java:loadSnapshot(236)) - group-5A95D11C1572: The snapshot info is null. Setting the last applied indexto:(t:0, i:~)
2022-11-10 07:15:44,152 [pool-331-thread-1] INFO  server.RaftServerConfigKeys (ConfUtils.java:logGet(46)) - raft.server.log.use.memory = false (default)
2022-11-10 07:15:44,152 [pool-331-thread-1] INFO  server.RaftServerConfigKeys (ConfUtils.java:logGet(46)) - raft.server.log.purge.gap = 1000000 (custom)
2022-11-10 07:15:44,152 [pool-331-thread-1] INFO  server.RaftServerConfigKeys (ConfUtils.java:logGet(46)) - raft.server.log.appender.buffer.byte-limit = 33554432 (custom)
2022-11-10 07:15:44,152 [pool-331-thread-1] INFO  server.RaftServerConfigKeys (ConfUtils.java:logGet(46)) - raft.server.log.statemachine.data.read.timeout = 1000ms (default)
2022-11-10 07:15:44,152 [pool-331-thread-1] INFO  server.RaftServerConfigKeys (ConfUtils.java:logGet(46)) - raft.server.log.purge.preservation.log.num = 0 (default)
2022-11-10 07:15:44,153 [EventQueue-PipelineReportForPipelineReportHandler] INFO  pipeline.PipelineManagerImpl (PipelineManagerImpl.java:openPipeline(367)) - Pipeline Pipeline[ Id: 9be934be-80e4-444c-9f95-5a95d11c1572, Nodes: 3950d273-d245-4570-97e3-85d09fa36925{ip: 10.1.0.59, host: fv-az435-205.hcxxyugg5vdudo0mn2smve0l3g.cx.internal.cloudapp.net, ports: [REPLICATION=44547, RATIS=37013, RATIS_ADMIN=37013, RATIS_SERVER=37013, STANDALONE=39881], networkLocation: /default-rack, certSerialId: null, persistedOpState: IN_SERVICE, persistedOpStateExpiryEpochSec: 0}, ReplicationConfig: RATIS/ONE, State:ALLOCATED, leaderId:3950d273-d245-4570-97e3-85d09fa36925, CreationTimestamp2022-11-10T07:15:41.149Z[Etc/UTC]] moved to OPEN state
2022-11-10 07:15:44,154 [EventQueue-OpenPipelineForHealthyPipelineSafeModeRule] INFO  safemode.SCMSafeModeManager (HealthyPipelineSafeModeRule.java:process(137)) - SCM in safe mode. Healthy pipelines reported count is 0, required healthy pipeline reported count is 1
2022-11-10 07:15:44,154 [pool-331-thread-1] INFO  server.RaftServerConfigKeys (ConfUtils.java:logGet(46)) - raft.server.log.segment.size.max = 1048576 (custom)
2022-11-10 07:15:44,154 [pool-331-thread-1] INFO  server.RaftServerConfigKeys (ConfUtils.java:logGet(46)) - raft.server.log.segment.cache.num.max = 2 (custom)
2022-11-10 07:15:44,154 [pool-331-thread-1] INFO  server.RaftServerConfigKeys (ConfUtils.java:logGet(46)) - raft.server.log.segment.cache.size.max = 200MB (=209715200) (default)
2022-11-10 07:15:44,154 [pool-331-thread-1] INFO  segmented.SegmentedRaftLogWorker (SegmentedRaftLogWorker.java:<init>(191)) - new 3950d273-d245-4570-97e3-85d09fa36925@group-5A95D11C1572-SegmentedRaftLogWorker for RaftStorageImpl:Storage Directory /home/runner/work/ozone/ozone/hadoop-ozone/integration-test/target/test-dir/MiniOzoneClusterImpl-84cafbd6-325b-4886-915b-d0b5d28b8cf9/datanode-1/data/ratis/9be934be-80e4-444c-9f95-5a95d11c1572
2022-11-10 07:15:44,154 [pool-331-thread-1] INFO  server.RaftServerConfigKeys (ConfUtils.java:logGet(46)) - raft.server.log.queue.byte-limit = 4294967296 (custom)
2022-11-10 07:15:44,154 [pool-331-thread-1] INFO  server.RaftServerConfigKeys (ConfUtils.java:logGet(46)) - raft.server.log.queue.element-limit = 1024 (custom)
2022-11-10 07:15:44,154 [pool-331-thread-1] INFO  server.RaftServerConfigKeys (ConfUtils.java:logGet(46)) - raft.server.log.segment.size.max = 1048576 (custom)
2022-11-10 07:15:44,154 [pool-331-thread-1] INFO  server.RaftServerConfigKeys (ConfUtils.java:logGet(46)) - raft.server.log.preallocated.size = 16384 (custom)
2022-11-10 07:15:44,154 [pool-331-thread-1] INFO  server.RaftServerConfigKeys (ConfUtils.java:logGet(46)) - raft.server.log.force.sync.num = 128 (default)
2022-11-10 07:15:44,154 [pool-331-thread-1] INFO  server.RaftServerConfigKeys (ConfUtils.java:logGet(46)) - raft.server.log.statemachine.data.sync = true (default)
2022-11-10 07:15:44,154 [pool-331-thread-1] INFO  server.RaftServerConfigKeys (ConfUtils.java:logGet(46)) - raft.server.log.statemachine.data.sync.timeout = 10s (default)
2022-11-10 07:15:44,154 [pool-331-thread-1] INFO  server.RaftServerConfigKeys (ConfUtils.java:logGet(46)) - raft.server.log.statemachine.data.sync.timeout.retry = -1 (default)
2022-11-10 07:15:44,156 [pool-331-thread-1] INFO  server.RaftServerConfigKeys (ConfUtils.java:logGet(46)) - raft.server.log.write.buffer.size = 1048576 (custom)
2022-11-10 07:15:44,156 [pool-331-thread-1] INFO  server.RaftServerConfigKeys (ConfUtils.java:logGet(46)) - raft.server.log.unsafe-flush.enabled = false (default)
2022-11-10 07:15:44,156 [pool-331-thread-1] INFO  server.RaftServerConfigKeys (ConfUtils.java:logGet(46)) - raft.server.log.async-flush.enabled = false (default)
2022-11-10 07:15:44,157 [pool-331-thread-1] INFO  server.RaftServerConfigKeys (ConfUtils.java:logGet(46)) - raft.server.log.statemachine.data.caching.enabled = true (custom)
2022-11-10 07:15:44,157 [pool-331-thread-1] INFO  segmented.SegmentedRaftLogWorker (SegmentedRaftLogWorker.java:lambda$new$0(136)) - 3950d273-d245-4570-97e3-85d09fa36925@group-5A95D11C1572-SegmentedRaftLogWorker: flushIndex: setUnconditionally 0 -> -1
2022-11-10 07:15:44,159 [pool-331-thread-1] INFO  segmented.SegmentedRaftLogWorker (SegmentedRaftLogWorker.java:lambda$new$0(136)) - 3950d273-d245-4570-97e3-85d09fa36925@group-5A95D11C1572-SegmentedRaftLogWorker: safeCacheEvictIndex: setUnconditionally 0 -> -1
2022-11-10 07:15:44,159 [pool-331-thread-1] INFO  server.RaftServer$Division (RaftServerImpl.java:start(334)) - 3950d273-d245-4570-97e3-85d09fa36925@group-5A95D11C1572: start as a follower, conf=-1: peers:[3950d273-d245-4570-97e3-85d09fa36925|rpc:10.1.0.59:37013|priority:1|startupRole:FOLLOWER]|listeners:[], old=null
2022-11-10 07:15:44,159 [pool-331-thread-1] INFO  server.RaftServer$Division (RaftServerImpl.java:setRole(321)) - 3950d273-d245-4570-97e3-85d09fa36925@group-5A95D11C1572: changes role from      null to FOLLOWER at term 0 for startAsFollower
2022-11-10 07:15:44,159 [pool-331-thread-1] INFO  impl.RoleInfo (RoleInfo.java:updateAndGet(139)) - 3950d273-d245-4570-97e3-85d09fa36925: start 3950d273-d245-4570-97e3-85d09fa36925@group-5A95D11C1572-FollowerState
2022-11-10 07:15:44,159 [pool-331-thread-1] INFO  util.JmxRegister (JmxRegister.java:tryRegister(44)) - Successfully registered JMX Bean with object name Ratis:service=RaftServer,group=group-5A95D11C1572,id=3950d273-d245-4570-97e3-85d09fa36925
2022-11-10 07:15:44,159 [3950d273-d245-4570-97e3-85d09fa36925@group-5A95D11C1572-FollowerState] INFO  server.RaftServerConfigKeys (ConfUtils.java:logFallback(53)) - raft.server.rpc.first-election.timeout.min = 5s (fallback to raft.server.rpc.timeout.min)
2022-11-10 07:15:44,159 [pool-331-thread-1] INFO  server.RaftServerConfigKeys (ConfUtils.java:logGet(46)) - raft.server.snapshot.auto.trigger.enabled = true (custom)
2022-11-10 07:15:44,160 [3950d273-d245-4570-97e3-85d09fa36925@group-5A95D11C1572-FollowerState] INFO  server.RaftServerConfigKeys (ConfUtils.java:logFallback(53)) - raft.server.rpc.first-election.timeout.max = 5200ms (fallback to raft.server.rpc.timeout.max)
2022-11-10 07:15:44,160 [pool-331-thread-1] INFO  server.RaftServerConfigKeys (ConfUtils.java:logGet(46)) - raft.server.snapshot.auto.trigger.threshold = 10000 (custom)
2022-11-10 07:15:44,160 [pool-331-thread-1] INFO  server.RaftServerConfigKeys (ConfUtils.java:logGet(46)) - raft.server.snapshot.retention.file.num = 5 (custom)
2022-11-10 07:15:44,160 [pool-331-thread-1] INFO  server.RaftServerConfigKeys (ConfUtils.java:logGet(46)) - raft.server.log.purge.upto.snapshot.index = false (default)
2022-11-10 07:15:44,160 [Command processor thread] INFO  ratis.XceiverServerRatis (XceiverServerRatis.java:addGroup(765)) - Created group PipelineID=9be934be-80e4-444c-9f95-5a95d11c1572
2022-11-10 07:15:44,160 [Command processor thread] INFO  commandhandler.CreatePipelineCommandHandler (CreatePipelineCommandHandler.java:handle(113)) - Created Pipeline RATIS ONE PipelineID=9be934be-80e4-444c-9f95-5a95d11c1572.
2022-11-10 07:15:44,416 [Command processor thread] INFO  server.RaftServer (RaftServerProxy.java:addNew(96)) - 06ff1ec3-3332-4ac8-b4dc-23bc541e60c0: addNew group-9CDDBF873C89:[06ff1ec3-3332-4ac8-b4dc-23bc541e60c0|rpc:10.1.0.59:34685|priority:1|startupRole:FOLLOWER] returns group-9CDDBF873C89:java.util.concurrent.CompletableFuture@55d048a3[Not completed]
2022-11-10 07:15:44,416 [pool-354-thread-1] INFO  server.RaftServer$Division (RaftServerImpl.java:<init>(195)) - 06ff1ec3-3332-4ac8-b4dc-23bc541e60c0: new RaftServerImpl for group-9CDDBF873C89:[06ff1ec3-3332-4ac8-b4dc-23bc541e60c0|rpc:10.1.0.59:34685|priority:1|startupRole:FOLLOWER] with ContainerStateMachine:uninitialized
2022-11-10 07:15:44,417 [Listener at 127.0.0.1/43521] INFO  ozone.MiniOzoneClusterImpl (MiniOzoneClusterImpl.java:lambda$waitForClusterToBeReady$0(216)) - Nodes are ready. Got 3 of 3 DN Heartbeats.
2022-11-10 07:15:44,417 [Listener at 127.0.0.1/43521] INFO  ozone.MiniOzoneClusterImpl (MiniOzoneClusterImpl.java:lambda$waitForClusterToBeReady$0(219)) - Waiting for cluster to exit safe mode
2022-11-10 07:15:44,417 [Listener at 127.0.0.1/43521] INFO  ozone.MiniOzoneClusterImpl (MiniOzoneClusterImpl.java:lambda$waitForClusterToBeReady$0(221)) - SCM became leader
2022-11-10 07:15:44,417 [pool-354-thread-1] INFO  server.RaftServerConfigKeys (ConfUtils.java:logGet(46)) - raft.server.rpc.timeout.min = 5s (custom)
2022-11-10 07:15:44,417 [pool-354-thread-1] INFO  server.RaftServerConfigKeys (ConfUtils.java:logGet(46)) - raft.server.rpc.timeout.max = 5200ms (custom)
2022-11-10 07:15:44,417 [pool-354-thread-1] INFO  server.RaftServerConfigKeys (ConfUtils.java:logGet(46)) - raft.server.rpc.sleep.time = 25ms (default)
2022-11-10 07:15:44,417 [pool-354-thread-1] INFO  server.RaftServerConfigKeys (ConfUtils.java:logGet(46)) - raft.server.rpc.slowness.timeout = 300s (custom)
2022-11-10 07:15:44,417 [pool-354-thread-1] INFO  server.RaftServerConfigKeys (ConfUtils.java:logGet(46)) - raft.server.leaderelection.leader.step-down.wait-time = 10s (default)
2022-11-10 07:15:44,417 [pool-354-thread-1] INFO  server.RaftServerConfigKeys (ConfUtils.java:logGet(46)) - raft.server.sleep.deviation.threshold = 300ms (default)
2022-11-10 07:15:44,417 [pool-354-thread-1] INFO  server.RaftServer$Division (ServerState.java:<init>(118)) - 06ff1ec3-3332-4ac8-b4dc-23bc541e60c0@group-9CDDBF873C89: ConfigurationManager, init=-1: peers:[06ff1ec3-3332-4ac8-b4dc-23bc541e60c0|rpc:10.1.0.59:34685|priority:1|startupRole:FOLLOWER]|listeners:[], old=null, confs=<EMPTY_MAP>
2022-11-10 07:15:44,418 [pool-354-thread-1] INFO  server.RaftServerConfigKeys (ConfUtils.java:logGet(46)) - raft.server.storage.dir = [/home/runner/work/ozone/ozone/hadoop-ozone/integration-test/target/test-dir/MiniOzoneClusterImpl-84cafbd6-325b-4886-915b-d0b5d28b8cf9/datanode-2/data/ratis] (custom)
2022-11-10 07:15:44,418 [pool-354-thread-1] INFO  server.RaftServerConfigKeys (ConfUtils.java:logGet(46)) - raft.server.log.corruption.policy = EXCEPTION (default)
2022-11-10 07:15:44,418 [pool-354-thread-1] INFO  server.RaftServerConfigKeys (ConfUtils.java:logGet(46)) - raft.server.storage.free-space.min = 0MB (=0) (default)
2022-11-10 07:15:44,418 [pool-354-thread-1] INFO  server.RaftServerConfigKeys (ConfUtils.java:logGet(46)) - raft.server.notification.no-leader.timeout = 300s (custom)
2022-11-10 07:15:44,418 [pool-354-thread-1] INFO  server.RaftServerConfigKeys (ConfUtils.java:logGet(46)) - raft.server.retrycache.expirytime = 600000ms (custom)
2022-11-10 07:15:44,418 [pool-354-thread-1] INFO  server.RaftServerConfigKeys (ConfUtils.java:logGet(46)) - raft.server.retrycache.statistics.expirytime = 100μs (default)
2022-11-10 07:15:44,419 [pool-354-thread-1] INFO  server.RaftServerConfigKeys (ConfUtils.java:logGet(46)) - raft.server.log.appender.install.snapshot.enabled = false (custom)
2022-11-10 07:15:44,419 [pool-354-thread-1] INFO  server.RaftServerConfigKeys (ConfUtils.java:logGet(46)) - raft.server.threadpool.server.cached = true (default)
2022-11-10 07:15:44,419 [pool-354-thread-1] INFO  server.RaftServerConfigKeys (ConfUtils.java:logGet(46)) - raft.server.threadpool.server.size = 0 (default)
2022-11-10 07:15:44,419 [pool-354-thread-1] INFO  server.RaftServerConfigKeys (ConfUtils.java:logGet(46)) - raft.server.threadpool.client.cached = true (default)
2022-11-10 07:15:44,419 [pool-354-thread-1] INFO  server.RaftServerConfigKeys (ConfUtils.java:logGet(46)) - raft.server.threadpool.client.size = 0 (default)
2022-11-10 07:15:44,419 [pool-354-thread-1] INFO  storage.RaftStorageDirectory (RaftStorageDirectoryImpl.java:analyzeStorage(137)) - The storage directory /home/runner/work/ozone/ozone/hadoop-ozone/integration-test/target/test-dir/MiniOzoneClusterImpl-84cafbd6-325b-4886-915b-d0b5d28b8cf9/datanode-2/data/ratis/637d6c75-b572-4caf-a2ca-9cddbf873c89 does not exist. Creating ...
2022-11-10 07:15:44,421 [pool-354-thread-1] INFO  storage.RaftStorageDirectory (RaftStorageDirectoryImpl.java:tryLock(231)) - Lock on /home/runner/work/ozone/ozone/hadoop-ozone/integration-test/target/test-dir/MiniOzoneClusterImpl-84cafbd6-325b-4886-915b-d0b5d28b8cf9/datanode-2/data/ratis/637d6c75-b572-4caf-a2ca-9cddbf873c89/in_use.lock acquired by nodename 12028@fv-az435-205
2022-11-10 07:15:44,422 [pool-354-thread-1] INFO  storage.RaftStorage (RaftStorageImpl.java:format(96)) - Storage directory /home/runner/work/ozone/ozone/hadoop-ozone/integration-test/target/test-dir/MiniOzoneClusterImpl-84cafbd6-325b-4886-915b-d0b5d28b8cf9/datanode-2/data/ratis/637d6c75-b572-4caf-a2ca-9cddbf873c89 has been successfully formatted.
2022-11-10 07:15:44,422 [pool-354-thread-1] INFO  ratis.ContainerStateMachine (ContainerStateMachine.java:loadSnapshot(236)) - group-9CDDBF873C89: The snapshot info is null. Setting the last applied indexto:(t:0, i:~)
2022-11-10 07:15:44,422 [pool-354-thread-1] INFO  server.RaftServerConfigKeys (ConfUtils.java:logGet(46)) - raft.server.log.use.memory = false (default)
2022-11-10 07:15:44,423 [pool-354-thread-1] INFO  server.RaftServerConfigKeys (ConfUtils.java:logGet(46)) - raft.server.log.purge.gap = 1000000 (custom)
2022-11-10 07:15:44,423 [pool-354-thread-1] INFO  server.RaftServerConfigKeys (ConfUtils.java:logGet(46)) - raft.server.log.appender.buffer.byte-limit = 33554432 (custom)
2022-11-10 07:15:44,423 [pool-354-thread-1] INFO  server.RaftServerConfigKeys (ConfUtils.java:logGet(46)) - raft.server.log.statemachine.data.read.timeout = 1000ms (default)
2022-11-10 07:15:44,423 [pool-354-thread-1] INFO  server.RaftServerConfigKeys (ConfUtils.java:logGet(46)) - raft.server.log.purge.preservation.log.num = 0 (default)
2022-11-10 07:15:44,423 [pool-354-thread-1] INFO  server.RaftServerConfigKeys (ConfUtils.java:logGet(46)) - raft.server.log.segment.size.max = 1048576 (custom)
2022-11-10 07:15:44,424 [EventQueue-PipelineReportForPipelineReportHandler] INFO  pipeline.PipelineManagerImpl (PipelineManagerImpl.java:openPipeline(367)) - Pipeline Pipeline[ Id: 637d6c75-b572-4caf-a2ca-9cddbf873c89, Nodes: 06ff1ec3-3332-4ac8-b4dc-23bc541e60c0{ip: 10.1.0.59, host: fv-az435-205.hcxxyugg5vdudo0mn2smve0l3g.cx.internal.cloudapp.net, ports: [REPLICATION=35357, RATIS=34685, RATIS_ADMIN=34685, RATIS_SERVER=34685, STANDALONE=46803], networkLocation: /default-rack, certSerialId: null, persistedOpState: IN_SERVICE, persistedOpStateExpiryEpochSec: 0}, ReplicationConfig: RATIS/ONE, State:ALLOCATED, leaderId:06ff1ec3-3332-4ac8-b4dc-23bc541e60c0, CreationTimestamp2022-11-10T07:15:41.418Z[Etc/UTC]] moved to OPEN state
2022-11-10 07:15:44,424 [EventQueue-OpenPipelineForHealthyPipelineSafeModeRule] INFO  safemode.SCMSafeModeManager (HealthyPipelineSafeModeRule.java:process(137)) - SCM in safe mode. Healthy pipelines reported count is 0, required healthy pipeline reported count is 1
2022-11-10 07:15:44,425 [pool-354-thread-1] INFO  server.RaftServerConfigKeys (ConfUtils.java:logGet(46)) - raft.server.log.segment.cache.num.max = 2 (custom)
2022-11-10 07:15:44,425 [pool-354-thread-1] INFO  server.RaftServerConfigKeys (ConfUtils.java:logGet(46)) - raft.server.log.segment.cache.size.max = 200MB (=209715200) (default)
2022-11-10 07:15:44,425 [pool-354-thread-1] INFO  segmented.SegmentedRaftLogWorker (SegmentedRaftLogWorker.java:<init>(191)) - new 06ff1ec3-3332-4ac8-b4dc-23bc541e60c0@group-9CDDBF873C89-SegmentedRaftLogWorker for RaftStorageImpl:Storage Directory /home/runner/work/ozone/ozone/hadoop-ozone/integration-test/target/test-dir/MiniOzoneClusterImpl-84cafbd6-325b-4886-915b-d0b5d28b8cf9/datanode-2/data/ratis/637d6c75-b572-4caf-a2ca-9cddbf873c89
2022-11-10 07:15:44,425 [pool-354-thread-1] INFO  server.RaftServerConfigKeys (ConfUtils.java:logGet(46)) - raft.server.log.queue.byte-limit = 4294967296 (custom)
2022-11-10 07:15:44,425 [pool-354-thread-1] INFO  server.RaftServerConfigKeys (ConfUtils.java:logGet(46)) - raft.server.log.queue.element-limit = 1024 (custom)
2022-11-10 07:15:44,425 [pool-354-thread-1] INFO  server.RaftServerConfigKeys (ConfUtils.java:logGet(46)) - raft.server.log.segment.size.max = 1048576 (custom)
2022-11-10 07:15:44,425 [pool-354-thread-1] INFO  server.RaftServerConfigKeys (ConfUtils.java:logGet(46)) - raft.server.log.preallocated.size = 16384 (custom)
2022-11-10 07:15:44,425 [pool-354-thread-1] INFO  server.RaftServerConfigKeys (ConfUtils.java:logGet(46)) - raft.server.log.force.sync.num = 128 (default)
2022-11-10 07:15:44,425 [pool-354-thread-1] INFO  server.RaftServerConfigKeys (ConfUtils.java:logGet(46)) - raft.server.log.statemachine.data.sync = true (default)
2022-11-10 07:15:44,425 [pool-354-thread-1] INFO  server.RaftServerConfigKeys (ConfUtils.java:logGet(46)) - raft.server.log.statemachine.data.sync.timeout = 10s (default)
2022-11-10 07:15:44,425 [pool-354-thread-1] INFO  server.RaftServerConfigKeys (ConfUtils.java:logGet(46)) - raft.server.log.statemachine.data.sync.timeout.retry = -1 (default)
2022-11-10 07:15:44,426 [pool-354-thread-1] INFO  server.RaftServerConfigKeys (ConfUtils.java:logGet(46)) - raft.server.log.write.buffer.size = 1048576 (custom)
2022-11-10 07:15:44,427 [pool-354-thread-1] INFO  server.RaftServerConfigKeys (ConfUtils.java:logGet(46)) - raft.server.log.unsafe-flush.enabled = false (default)
2022-11-10 07:15:44,427 [pool-354-thread-1] INFO  server.RaftServerConfigKeys (ConfUtils.java:logGet(46)) - raft.server.log.async-flush.enabled = false (default)
2022-11-10 07:15:44,427 [pool-354-thread-1] INFO  server.RaftServerConfigKeys (ConfUtils.java:logGet(46)) - raft.server.log.statemachine.data.caching.enabled = true (custom)
2022-11-10 07:15:44,427 [pool-354-thread-1] INFO  segmented.SegmentedRaftLogWorker (SegmentedRaftLogWorker.java:lambda$new$0(136)) - 06ff1ec3-3332-4ac8-b4dc-23bc541e60c0@group-9CDDBF873C89-SegmentedRaftLogWorker: flushIndex: setUnconditionally 0 -> -1
2022-11-10 07:15:44,428 [pool-354-thread-1] INFO  segmented.SegmentedRaftLogWorker (SegmentedRaftLogWorker.java:lambda$new$0(136)) - 06ff1ec3-3332-4ac8-b4dc-23bc541e60c0@group-9CDDBF873C89-SegmentedRaftLogWorker: safeCacheEvictIndex: setUnconditionally 0 -> -1
2022-11-10 07:15:44,428 [pool-354-thread-1] INFO  server.RaftServer$Division (RaftServerImpl.java:start(334)) - 06ff1ec3-3332-4ac8-b4dc-23bc541e60c0@group-9CDDBF873C89: start as a follower, conf=-1: peers:[06ff1ec3-3332-4ac8-b4dc-23bc541e60c0|rpc:10.1.0.59:34685|priority:1|startupRole:FOLLOWER]|listeners:[], old=null
2022-11-10 07:15:44,428 [pool-354-thread-1] INFO  server.RaftServer$Division (RaftServerImpl.java:setRole(321)) - 06ff1ec3-3332-4ac8-b4dc-23bc541e60c0@group-9CDDBF873C89: changes role from      null to FOLLOWER at term 0 for startAsFollower
2022-11-10 07:15:44,428 [pool-354-thread-1] INFO  impl.RoleInfo (RoleInfo.java:updateAndGet(139)) - 06ff1ec3-3332-4ac8-b4dc-23bc541e60c0: start 06ff1ec3-3332-4ac8-b4dc-23bc541e60c0@group-9CDDBF873C89-FollowerState
2022-11-10 07:15:44,428 [pool-354-thread-1] INFO  util.JmxRegister (JmxRegister.java:tryRegister(44)) - Successfully registered JMX Bean with object name Ratis:service=RaftServer,group=group-9CDDBF873C89,id=06ff1ec3-3332-4ac8-b4dc-23bc541e60c0
2022-11-10 07:15:44,428 [pool-354-thread-1] INFO  server.RaftServerConfigKeys (ConfUtils.java:logGet(46)) - raft.server.snapshot.auto.trigger.enabled = true (custom)
2022-11-10 07:15:44,428 [pool-354-thread-1] INFO  server.RaftServerConfigKeys (ConfUtils.java:logGet(46)) - raft.server.snapshot.auto.trigger.threshold = 10000 (custom)
2022-11-10 07:15:44,428 [pool-354-thread-1] INFO  server.RaftServerConfigKeys (ConfUtils.java:logGet(46)) - raft.server.snapshot.retention.file.num = 5 (custom)
2022-11-10 07:15:44,428 [pool-354-thread-1] INFO  server.RaftServerConfigKeys (ConfUtils.java:logGet(46)) - raft.server.log.purge.upto.snapshot.index = false (default)
2022-11-10 07:15:44,429 [06ff1ec3-3332-4ac8-b4dc-23bc541e60c0@group-9CDDBF873C89-FollowerState] INFO  server.RaftServerConfigKeys (ConfUtils.java:logFallback(53)) - raft.server.rpc.first-election.timeout.min = 5s (fallback to raft.server.rpc.timeout.min)
2022-11-10 07:15:44,429 [06ff1ec3-3332-4ac8-b4dc-23bc541e60c0@group-9CDDBF873C89-FollowerState] INFO  server.RaftServerConfigKeys (ConfUtils.java:logFallback(53)) - raft.server.rpc.first-election.timeout.max = 5200ms (fallback to raft.server.rpc.timeout.max)
2022-11-10 07:15:44,429 [Command processor thread] INFO  ratis.XceiverServerRatis (XceiverServerRatis.java:addGroup(765)) - Created group PipelineID=637d6c75-b572-4caf-a2ca-9cddbf873c89
2022-11-10 07:15:44,429 [Command processor thread] INFO  commandhandler.CreatePipelineCommandHandler (CreatePipelineCommandHandler.java:handle(113)) - Created Pipeline RATIS ONE PipelineID=637d6c75-b572-4caf-a2ca-9cddbf873c89.
2022-11-10 07:15:45,417 [Listener at 127.0.0.1/43521] INFO  ozone.MiniOzoneClusterImpl (MiniOzoneClusterImpl.java:lambda$waitForClusterToBeReady$0(216)) - Nodes are ready. Got 3 of 3 DN Heartbeats.
2022-11-10 07:15:45,418 [Listener at 127.0.0.1/43521] INFO  ozone.MiniOzoneClusterImpl (MiniOzoneClusterImpl.java:lambda$waitForClusterToBeReady$0(219)) - Waiting for cluster to exit safe mode
2022-11-10 07:15:45,418 [Listener at 127.0.0.1/43521] INFO  ozone.MiniOzoneClusterImpl (MiniOzoneClusterImpl.java:lambda$waitForClusterToBeReady$0(221)) - SCM became leader
2022-11-10 07:15:46,418 [Listener at 127.0.0.1/43521] INFO  ozone.MiniOzoneClusterImpl (MiniOzoneClusterImpl.java:lambda$waitForClusterToBeReady$0(216)) - Nodes are ready. Got 3 of 3 DN Heartbeats.
2022-11-10 07:15:46,418 [Listener at 127.0.0.1/43521] INFO  ozone.MiniOzoneClusterImpl (MiniOzoneClusterImpl.java:lambda$waitForClusterToBeReady$0(219)) - Waiting for cluster to exit safe mode
2022-11-10 07:15:46,418 [Listener at 127.0.0.1/43521] INFO  ozone.MiniOzoneClusterImpl (MiniOzoneClusterImpl.java:lambda$waitForClusterToBeReady$0(221)) - SCM became leader
2022-11-10 07:15:47,419 [Listener at 127.0.0.1/43521] INFO  ozone.MiniOzoneClusterImpl (MiniOzoneClusterImpl.java:lambda$waitForClusterToBeReady$0(216)) - Nodes are ready. Got 3 of 3 DN Heartbeats.
2022-11-10 07:15:47,419 [Listener at 127.0.0.1/43521] INFO  ozone.MiniOzoneClusterImpl (MiniOzoneClusterImpl.java:lambda$waitForClusterToBeReady$0(219)) - Waiting for cluster to exit safe mode
2022-11-10 07:15:47,420 [Listener at 127.0.0.1/43521] INFO  ozone.MiniOzoneClusterImpl (MiniOzoneClusterImpl.java:lambda$waitForClusterToBeReady$0(221)) - SCM became leader
2022-11-10 07:15:48,420 [Listener at 127.0.0.1/43521] INFO  ozone.MiniOzoneClusterImpl (MiniOzoneClusterImpl.java:lambda$waitForClusterToBeReady$0(216)) - Nodes are ready. Got 3 of 3 DN Heartbeats.
2022-11-10 07:15:48,420 [Listener at 127.0.0.1/43521] INFO  ozone.MiniOzoneClusterImpl (MiniOzoneClusterImpl.java:lambda$waitForClusterToBeReady$0(219)) - Waiting for cluster to exit safe mode
2022-11-10 07:15:48,420 [Listener at 127.0.0.1/43521] INFO  ozone.MiniOzoneClusterImpl (MiniOzoneClusterImpl.java:lambda$waitForClusterToBeReady$0(221)) - SCM became leader
2022-11-10 07:15:48,907 [85a84f3f-4e6e-49f5-978d-fa543ddbfdc8@group-A7AEA554E317-FollowerState] INFO  impl.FollowerState (FollowerState.java:run(143)) - 85a84f3f-4e6e-49f5-978d-fa543ddbfdc8@group-A7AEA554E317-FollowerState: change to CANDIDATE, lastRpcElapsedTime:5048273380ns, electionTimeout:5047ms
2022-11-10 07:15:48,908 [85a84f3f-4e6e-49f5-978d-fa543ddbfdc8@group-A7AEA554E317-FollowerState] INFO  impl.RoleInfo (RoleInfo.java:shutdownFollowerState(110)) - 85a84f3f-4e6e-49f5-978d-fa543ddbfdc8: shutdown 85a84f3f-4e6e-49f5-978d-fa543ddbfdc8@group-A7AEA554E317-FollowerState
2022-11-10 07:15:48,908 [85a84f3f-4e6e-49f5-978d-fa543ddbfdc8@group-A7AEA554E317-FollowerState] INFO  server.RaftServer$Division (RaftServerImpl.java:setRole(321)) - 85a84f3f-4e6e-49f5-978d-fa543ddbfdc8@group-A7AEA554E317: changes role from  FOLLOWER to CANDIDATE at term 0 for changeToCandidate
2022-11-10 07:15:48,908 [85a84f3f-4e6e-49f5-978d-fa543ddbfdc8@group-A7AEA554E317-FollowerState] INFO  server.RaftServerConfigKeys (ConfUtils.java:logGet(46)) - raft.server.leaderelection.pre-vote = false (custom)
2022-11-10 07:15:48,908 [85a84f3f-4e6e-49f5-978d-fa543ddbfdc8@group-A7AEA554E317-FollowerState] INFO  impl.RoleInfo (RoleInfo.java:updateAndGet(139)) - 85a84f3f-4e6e-49f5-978d-fa543ddbfdc8: start 85a84f3f-4e6e-49f5-978d-fa543ddbfdc8@group-A7AEA554E317-LeaderElection34
2022-11-10 07:15:48,912 [85a84f3f-4e6e-49f5-978d-fa543ddbfdc8@group-A7AEA554E317-LeaderElection34] INFO  impl.LeaderElection (LeaderElection.java:askForVotes(312)) - 85a84f3f-4e6e-49f5-978d-fa543ddbfdc8@group-A7AEA554E317-LeaderElection34 ELECTION round 0: submit vote requests at term 1 for -1: peers:[85a84f3f-4e6e-49f5-978d-fa543ddbfdc8|rpc:10.1.0.59:35209|priority:1|startupRole:FOLLOWER]|listeners:[], old=null
2022-11-10 07:15:48,912 [85a84f3f-4e6e-49f5-978d-fa543ddbfdc8@group-A7AEA554E317-LeaderElection34] INFO  impl.LeaderElection (LeaderElection.java:askForVotes(314)) - 85a84f3f-4e6e-49f5-978d-fa543ddbfdc8@group-A7AEA554E317-LeaderElection34 ELECTION round 0: result PASSED (term=1)
2022-11-10 07:15:48,912 [85a84f3f-4e6e-49f5-978d-fa543ddbfdc8@group-A7AEA554E317-LeaderElection34] INFO  impl.RoleInfo (RoleInfo.java:shutdownLeaderElection(130)) - 85a84f3f-4e6e-49f5-978d-fa543ddbfdc8: shutdown 85a84f3f-4e6e-49f5-978d-fa543ddbfdc8@group-A7AEA554E317-LeaderElection34
2022-11-10 07:15:48,912 [85a84f3f-4e6e-49f5-978d-fa543ddbfdc8@group-A7AEA554E317-LeaderElection34] INFO  server.RaftServer$Division (RaftServerImpl.java:setRole(321)) - 85a84f3f-4e6e-49f5-978d-fa543ddbfdc8@group-A7AEA554E317: changes role from CANDIDATE to LEADER at term 1 for changeToLeader
2022-11-10 07:15:48,912 [85a84f3f-4e6e-49f5-978d-fa543ddbfdc8@group-A7AEA554E317-LeaderElection34] INFO  ratis.XceiverServerRatis (XceiverServerRatis.java:handleLeaderChangedNotification(863)) - Leader change notification received for group: group-A7AEA554E317 with new leaderId: 85a84f3f-4e6e-49f5-978d-fa543ddbfdc8
2022-11-10 07:15:48,912 [85a84f3f-4e6e-49f5-978d-fa543ddbfdc8@group-A7AEA554E317-LeaderElection34] INFO  server.RaftServer$Division (ServerState.java:setLeader(313)) - 85a84f3f-4e6e-49f5-978d-fa543ddbfdc8@group-A7AEA554E317: change Leader from null to 85a84f3f-4e6e-49f5-978d-fa543ddbfdc8 at term 1 for becomeLeader, leader elected after 5065ms
2022-11-10 07:15:48,912 [85a84f3f-4e6e-49f5-978d-fa543ddbfdc8@group-A7AEA554E317-LeaderElection34] INFO  server.RaftServerConfigKeys (ConfUtils.java:logGet(46)) - raft.server.staging.catchup.gap = 1000 (default)
2022-11-10 07:15:48,912 [85a84f3f-4e6e-49f5-978d-fa543ddbfdc8@group-A7AEA554E317-LeaderElection34] INFO  server.RaftServerConfigKeys (ConfUtils.java:logGet(46)) - raft.server.write.element-limit = 1024 (custom)
2022-11-10 07:15:48,913 [85a84f3f-4e6e-49f5-978d-fa543ddbfdc8@group-A7AEA554E317-LeaderElection34] INFO  server.RaftServerConfigKeys (ConfUtils.java:logGet(46)) - raft.server.write.byte-limit = 1024 M (=1073741824) (custom)
2022-11-10 07:15:48,913 [85a84f3f-4e6e-49f5-978d-fa543ddbfdc8@group-A7AEA554E317-LeaderElection34] INFO  server.RaftServerConfigKeys (ConfUtils.java:logGet(46)) - raft.server.watch.timeout = 180s (custom)
2022-11-10 07:15:48,913 [85a84f3f-4e6e-49f5-978d-fa543ddbfdc8@group-A7AEA554E317-LeaderElection34] INFO  server.RaftServerConfigKeys (ConfUtils.java:logGet(46)) - raft.server.watch.timeout.denomination = 1s (default)
2022-11-10 07:15:48,913 [85a84f3f-4e6e-49f5-978d-fa543ddbfdc8@group-A7AEA554E317-LeaderElection34] INFO  server.RaftServerConfigKeys (ConfUtils.java:logGet(46)) - raft.server.watch.element-limit = 65536 (default)
2022-11-10 07:15:48,913 [85a84f3f-4e6e-49f5-978d-fa543ddbfdc8@group-A7AEA554E317-LeaderElection34] INFO  server.RaftServerConfigKeys (ConfUtils.java:logGet(46)) - raft.server.write.element-limit = 1024 (custom)
2022-11-10 07:15:48,913 [85a84f3f-4e6e-49f5-978d-fa543ddbfdc8@group-A7AEA554E317-LeaderElection34] INFO  server.RaftServerConfigKeys (ConfUtils.java:logGet(46)) - raft.server.write.follower.gap.ratio.max = -1.0 (default)
2022-11-10 07:15:48,913 [85a84f3f-4e6e-49f5-978d-fa543ddbfdc8@group-A7AEA554E317-LeaderElection34] INFO  impl.RoleInfo (RoleInfo.java:updateAndGet(139)) - 85a84f3f-4e6e-49f5-978d-fa543ddbfdc8: start 85a84f3f-4e6e-49f5-978d-fa543ddbfdc8@group-A7AEA554E317-LeaderStateImpl
2022-11-10 07:15:48,913 [85a84f3f-4e6e-49f5-978d-fa543ddbfdc8@group-A7AEA554E317-LeaderElection34] INFO  segmented.SegmentedRaftLogWorker (SegmentedRaftLogWorker.java:startLogSegment(452)) - 85a84f3f-4e6e-49f5-978d-fa543ddbfdc8@group-A7AEA554E317-SegmentedRaftLogWorker: Starting segment from index:0
2022-11-10 07:15:48,915 [85a84f3f-4e6e-49f5-978d-fa543ddbfdc8@group-A7AEA554E317-LeaderElection34] INFO  server.RaftServer$Division (ServerState.java:setRaftConf(430)) - 85a84f3f-4e6e-49f5-978d-fa543ddbfdc8@group-A7AEA554E317: set configuration 0: peers:[85a84f3f-4e6e-49f5-978d-fa543ddbfdc8|rpc:10.1.0.59:35209|dataStream:|priority:1|startupRole:FOLLOWER]|listeners:[], old=null
2022-11-10 07:15:48,916 [EventQueue-OpenPipelineForHealthyPipelineSafeModeRule] INFO  safemode.SCMSafeModeManager (HealthyPipelineSafeModeRule.java:process(137)) - SCM in safe mode. Healthy pipelines reported count is 0, required healthy pipeline reported count is 1
2022-11-10 07:15:48,918 [85a84f3f-4e6e-49f5-978d-fa543ddbfdc8@group-A7AEA554E317-SegmentedRaftLogWorker] INFO  segmented.SegmentedRaftLogWorker (SegmentedRaftLogWorker.java:execute(656)) - 85a84f3f-4e6e-49f5-978d-fa543ddbfdc8@group-A7AEA554E317-SegmentedRaftLogWorker: created new log segment /home/runner/work/ozone/ozone/hadoop-ozone/integration-test/target/test-dir/MiniOzoneClusterImpl-84cafbd6-325b-4886-915b-d0b5d28b8cf9/datanode-0/data/ratis/0095fc01-12e9-40ce-98c7-a7aea554e317/current/log_inprogress_0
2022-11-10 07:15:48,946 [06ff1ec3-3332-4ac8-b4dc-23bc541e60c0@group-775324B89DEF-FollowerState] INFO  impl.FollowerState (FollowerState.java:run(143)) - 06ff1ec3-3332-4ac8-b4dc-23bc541e60c0@group-775324B89DEF-FollowerState: change to CANDIDATE, lastRpcElapsedTime:5021476632ns, electionTimeout:5018ms
2022-11-10 07:15:48,946 [06ff1ec3-3332-4ac8-b4dc-23bc541e60c0@group-775324B89DEF-FollowerState] INFO  impl.RoleInfo (RoleInfo.java:shutdownFollowerState(110)) - 06ff1ec3-3332-4ac8-b4dc-23bc541e60c0: shutdown 06ff1ec3-3332-4ac8-b4dc-23bc541e60c0@group-775324B89DEF-FollowerState
2022-11-10 07:15:48,946 [06ff1ec3-3332-4ac8-b4dc-23bc541e60c0@group-775324B89DEF-FollowerState] INFO  server.RaftServer$Division (RaftServerImpl.java:setRole(321)) - 06ff1ec3-3332-4ac8-b4dc-23bc541e60c0@group-775324B89DEF: changes role from  FOLLOWER to CANDIDATE at term 0 for changeToCandidate
2022-11-10 07:15:48,946 [06ff1ec3-3332-4ac8-b4dc-23bc541e60c0@group-775324B89DEF-FollowerState] INFO  server.RaftServerConfigKeys (ConfUtils.java:logGet(46)) - raft.server.leaderelection.pre-vote = false (custom)
2022-11-10 07:15:48,946 [06ff1ec3-3332-4ac8-b4dc-23bc541e60c0@group-775324B89DEF-FollowerState] INFO  impl.RoleInfo (RoleInfo.java:updateAndGet(139)) - 06ff1ec3-3332-4ac8-b4dc-23bc541e60c0: start 06ff1ec3-3332-4ac8-b4dc-23bc541e60c0@group-775324B89DEF-LeaderElection35
2022-11-10 07:15:48,949 [06ff1ec3-3332-4ac8-b4dc-23bc541e60c0@group-775324B89DEF-LeaderElection35] INFO  impl.LeaderElection (LeaderElection.java:askForVotes(312)) - 06ff1ec3-3332-4ac8-b4dc-23bc541e60c0@group-775324B89DEF-LeaderElection35 ELECTION round 0: submit vote requests at term 1 for -1: peers:[06ff1ec3-3332-4ac8-b4dc-23bc541e60c0|rpc:10.1.0.59:34685|dataStream:|priority:0|startupRole:FOLLOWER, 3950d273-d245-4570-97e3-85d09fa36925|rpc:10.1.0.59:37013|dataStream:|priority:1|startupRole:FOLLOWER, 85a84f3f-4e6e-49f5-978d-fa543ddbfdc8|rpc:10.1.0.59:35209|dataStream:|priority:0|startupRole:FOLLOWER]|listeners:[], old=null
2022-11-10 07:15:48,950 [06ff1ec3-3332-4ac8-b4dc-23bc541e60c0@group-775324B89DEF-LeaderElection35-1] INFO  server.GrpcServerProtocolClient (GrpcServerProtocolClient.java:<init>(63)) - Build channel for 3950d273-d245-4570-97e3-85d09fa36925
2022-11-10 07:15:48,955 [06ff1ec3-3332-4ac8-b4dc-23bc541e60c0@group-775324B89DEF-LeaderElection35] INFO  server.RaftServerConfigKeys (ConfUtils.java:logFallback(53)) - raft.server.rpc.first-election.timeout.min = 5s (fallback to raft.server.rpc.timeout.min)
2022-11-10 07:15:48,955 [06ff1ec3-3332-4ac8-b4dc-23bc541e60c0@group-775324B89DEF-LeaderElection35] INFO  server.RaftServerConfigKeys (ConfUtils.java:logFallback(53)) - raft.server.rpc.first-election.timeout.max = 5200ms (fallback to raft.server.rpc.timeout.max)
2022-11-10 07:15:48,955 [06ff1ec3-3332-4ac8-b4dc-23bc541e60c0@group-775324B89DEF-LeaderElection35-2] INFO  server.GrpcServerProtocolClient (GrpcServerProtocolClient.java:<init>(63)) - Build channel for 85a84f3f-4e6e-49f5-978d-fa543ddbfdc8
2022-11-10 07:15:48,963 [grpc-default-executor-0] INFO  server.RaftServer$Division (RaftServerImpl.java:requestVote(1218)) - 85a84f3f-4e6e-49f5-978d-fa543ddbfdc8@group-775324B89DEF: receive requestVote(ELECTION, 06ff1ec3-3332-4ac8-b4dc-23bc541e60c0, group-775324B89DEF, 1, (t:0, i:0))
2022-11-10 07:15:48,963 [grpc-default-executor-0] INFO  impl.VoteContext (VoteContext.java:log(48)) - 85a84f3f-4e6e-49f5-978d-fa543ddbfdc8@group-775324B89DEF-FOLLOWER: accept ELECTION from 06ff1ec3-3332-4ac8-b4dc-23bc541e60c0: our priority 0 <= candidate's priority 0
2022-11-10 07:15:48,963 [grpc-default-executor-0] INFO  server.RaftServer$Division (RaftServerImpl.java:setRole(321)) - 85a84f3f-4e6e-49f5-978d-fa543ddbfdc8@group-775324B89DEF: changes role from  FOLLOWER to FOLLOWER at term 1 for candidate:06ff1ec3-3332-4ac8-b4dc-23bc541e60c0
2022-11-10 07:15:48,963 [grpc-default-executor-0] INFO  impl.RoleInfo (RoleInfo.java:shutdownFollowerState(110)) - 85a84f3f-4e6e-49f5-978d-fa543ddbfdc8: shutdown 85a84f3f-4e6e-49f5-978d-fa543ddbfdc8@group-775324B89DEF-FollowerState
2022-11-10 07:15:48,963 [grpc-default-executor-0] INFO  impl.RoleInfo (RoleInfo.java:updateAndGet(139)) - 85a84f3f-4e6e-49f5-978d-fa543ddbfdc8: start 85a84f3f-4e6e-49f5-978d-fa543ddbfdc8@group-775324B89DEF-FollowerState
2022-11-10 07:15:48,964 [85a84f3f-4e6e-49f5-978d-fa543ddbfdc8@group-775324B89DEF-FollowerState] INFO  impl.FollowerState (FollowerState.java:run(152)) - 85a84f3f-4e6e-49f5-978d-fa543ddbfdc8@group-775324B89DEF-FollowerState was interrupted
2022-11-10 07:15:48,967 [85a84f3f-4e6e-49f5-978d-fa543ddbfdc8@group-775324B89DEF-FollowerState] INFO  server.RaftServerConfigKeys (ConfUtils.java:logFallback(53)) - raft.server.rpc.first-election.timeout.min = 5s (fallback to raft.server.rpc.timeout.min)
2022-11-10 07:15:48,967 [85a84f3f-4e6e-49f5-978d-fa543ddbfdc8@group-775324B89DEF-FollowerState] INFO  server.RaftServerConfigKeys (ConfUtils.java:logFallback(53)) - raft.server.rpc.first-election.timeout.max = 5200ms (fallback to raft.server.rpc.timeout.max)
2022-11-10 07:15:48,969 [grpc-default-executor-0] INFO  server.RaftServer$Division (RaftServerImpl.java:requestVote(1251)) - 85a84f3f-4e6e-49f5-978d-fa543ddbfdc8@group-775324B89DEF replies to ELECTION vote request: 06ff1ec3-3332-4ac8-b4dc-23bc541e60c0<-85a84f3f-4e6e-49f5-978d-fa543ddbfdc8#0:OK-t1. Peer's state: 85a84f3f-4e6e-49f5-978d-fa543ddbfdc8@group-775324B89DEF:t1, leader=null, voted=06ff1ec3-3332-4ac8-b4dc-23bc541e60c0, raftlog=Memoized:85a84f3f-4e6e-49f5-978d-fa543ddbfdc8@group-775324B89DEF-SegmentedRaftLog:OPENED:c-1, conf=-1: peers:[06ff1ec3-3332-4ac8-b4dc-23bc541e60c0|rpc:10.1.0.59:34685|priority:0|startupRole:FOLLOWER, 3950d273-d245-4570-97e3-85d09fa36925|rpc:10.1.0.59:37013|priority:1|startupRole:FOLLOWER, 85a84f3f-4e6e-49f5-978d-fa543ddbfdc8|rpc:10.1.0.59:35209|priority:0|startupRole:FOLLOWER]|listeners:[], old=null
2022-11-10 07:15:48,980 [grpc-default-executor-1] INFO  server.RaftServer$Division (RaftServerImpl.java:requestVote(1218)) - 3950d273-d245-4570-97e3-85d09fa36925@group-775324B89DEF: receive requestVote(ELECTION, 06ff1ec3-3332-4ac8-b4dc-23bc541e60c0, group-775324B89DEF, 1, (t:0, i:0))
2022-11-10 07:15:48,980 [grpc-default-executor-1] INFO  impl.VoteContext (VoteContext.java:log(48)) - 3950d273-d245-4570-97e3-85d09fa36925@group-775324B89DEF-FOLLOWER: reject ELECTION from 06ff1ec3-3332-4ac8-b4dc-23bc541e60c0: our priority 1 > candidate's priority 0
2022-11-10 07:15:48,980 [grpc-default-executor-1] INFO  server.RaftServer$Division (RaftServerImpl.java:setRole(321)) - 3950d273-d245-4570-97e3-85d09fa36925@group-775324B89DEF: changes role from  FOLLOWER to FOLLOWER at term 1 for candidate:06ff1ec3-3332-4ac8-b4dc-23bc541e60c0
2022-11-10 07:15:48,980 [grpc-default-executor-1] INFO  impl.RoleInfo (RoleInfo.java:shutdownFollowerState(110)) - 3950d273-d245-4570-97e3-85d09fa36925: shutdown 3950d273-d245-4570-97e3-85d09fa36925@group-775324B89DEF-FollowerState
2022-11-10 07:15:48,981 [grpc-default-executor-1] INFO  impl.RoleInfo (RoleInfo.java:updateAndGet(139)) - 3950d273-d245-4570-97e3-85d09fa36925: start 3950d273-d245-4570-97e3-85d09fa36925@group-775324B89DEF-FollowerState
2022-11-10 07:15:48,981 [3950d273-d245-4570-97e3-85d09fa36925@group-775324B89DEF-FollowerState] INFO  impl.FollowerState (FollowerState.java:run(152)) - 3950d273-d245-4570-97e3-85d09fa36925@group-775324B89DEF-FollowerState was interrupted
2022-11-10 07:15:48,993 [3950d273-d245-4570-97e3-85d09fa36925@group-775324B89DEF-FollowerState] INFO  server.RaftServerConfigKeys (ConfUtils.java:logFallback(53)) - raft.server.rpc.first-election.timeout.min = 5s (fallback to raft.server.rpc.timeout.min)
2022-11-10 07:15:48,993 [3950d273-d245-4570-97e3-85d09fa36925@group-775324B89DEF-FollowerState] INFO  server.RaftServerConfigKeys (ConfUtils.java:logFallback(53)) - raft.server.rpc.first-election.timeout.max = 5200ms (fallback to raft.server.rpc.timeout.max)
2022-11-10 07:15:48,993 [grpc-default-executor-1] INFO  server.RaftServer$Division (RaftServerImpl.java:requestVote(1251)) - 3950d273-d245-4570-97e3-85d09fa36925@group-775324B89DEF replies to ELECTION vote request: 06ff1ec3-3332-4ac8-b4dc-23bc541e60c0<-3950d273-d245-4570-97e3-85d09fa36925#0:FAIL-t1. Peer's state: 3950d273-d245-4570-97e3-85d09fa36925@group-775324B89DEF:t1, leader=null, voted=null, raftlog=Memoized:3950d273-d245-4570-97e3-85d09fa36925@group-775324B89DEF-SegmentedRaftLog:OPENED:c-1, conf=-1: peers:[06ff1ec3-3332-4ac8-b4dc-23bc541e60c0|rpc:10.1.0.59:34685|dataStream:|priority:0|startupRole:FOLLOWER, 3950d273-d245-4570-97e3-85d09fa36925|rpc:10.1.0.59:37013|dataStream:|priority:1|startupRole:FOLLOWER, 85a84f3f-4e6e-49f5-978d-fa543ddbfdc8|rpc:10.1.0.59:35209|dataStream:|priority:0|startupRole:FOLLOWER]|listeners:[], old=null
2022-11-10 07:15:48,994 [06ff1ec3-3332-4ac8-b4dc-23bc541e60c0@group-775324B89DEF-LeaderElection35] INFO  impl.LeaderElection (LeaderElection.java:logAndReturn(90)) - 06ff1ec3-3332-4ac8-b4dc-23bc541e60c0@group-775324B89DEF-LeaderElection35: ELECTION REJECTED received 2 response(s) and 0 exception(s):
2022-11-10 07:15:48,994 [06ff1ec3-3332-4ac8-b4dc-23bc541e60c0@group-775324B89DEF-LeaderElection35] INFO  impl.LeaderElection (LeaderElection.java:logAndReturn(94)) -   Response 0: 06ff1ec3-3332-4ac8-b4dc-23bc541e60c0<-3950d273-d245-4570-97e3-85d09fa36925#0:FAIL-t1
2022-11-10 07:15:48,994 [06ff1ec3-3332-4ac8-b4dc-23bc541e60c0@group-775324B89DEF-LeaderElection35] INFO  impl.LeaderElection (LeaderElection.java:logAndReturn(94)) -   Response 1: 06ff1ec3-3332-4ac8-b4dc-23bc541e60c0<-85a84f3f-4e6e-49f5-978d-fa543ddbfdc8#0:OK-t1
2022-11-10 07:15:48,994 [06ff1ec3-3332-4ac8-b4dc-23bc541e60c0@group-775324B89DEF-LeaderElection35] INFO  impl.LeaderElection (LeaderElection.java:askForVotes(314)) - 06ff1ec3-3332-4ac8-b4dc-23bc541e60c0@group-775324B89DEF-LeaderElection35 ELECTION round 0: result REJECTED
2022-11-10 07:15:48,994 [06ff1ec3-3332-4ac8-b4dc-23bc541e60c0@group-775324B89DEF-LeaderElection35] INFO  server.RaftServer$Division (RaftServerImpl.java:setRole(321)) - 06ff1ec3-3332-4ac8-b4dc-23bc541e60c0@group-775324B89DEF: changes role from CANDIDATE to FOLLOWER at term 1 for REJECTED
2022-11-10 07:15:48,994 [06ff1ec3-3332-4ac8-b4dc-23bc541e60c0@group-775324B89DEF-LeaderElection35] INFO  impl.RoleInfo (RoleInfo.java:shutdownLeaderElection(130)) - 06ff1ec3-3332-4ac8-b4dc-23bc541e60c0: shutdown 06ff1ec3-3332-4ac8-b4dc-23bc541e60c0@group-775324B89DEF-LeaderElection35
2022-11-10 07:15:48,994 [06ff1ec3-3332-4ac8-b4dc-23bc541e60c0@group-775324B89DEF-LeaderElection35] INFO  impl.RoleInfo (RoleInfo.java:updateAndGet(139)) - 06ff1ec3-3332-4ac8-b4dc-23bc541e60c0: start 06ff1ec3-3332-4ac8-b4dc-23bc541e60c0@group-775324B89DEF-FollowerState
2022-11-10 07:15:48,996 [06ff1ec3-3332-4ac8-b4dc-23bc541e60c0@group-775324B89DEF-FollowerState] INFO  server.RaftServerConfigKeys (ConfUtils.java:logFallback(53)) - raft.server.rpc.first-election.timeout.min = 5s (fallback to raft.server.rpc.timeout.min)
2022-11-10 07:15:48,996 [06ff1ec3-3332-4ac8-b4dc-23bc541e60c0@group-775324B89DEF-FollowerState] INFO  server.RaftServerConfigKeys (ConfUtils.java:logFallback(53)) - raft.server.rpc.first-election.timeout.max = 5200ms (fallback to raft.server.rpc.timeout.max)
2022-11-10 07:15:49,072 [85a84f3f-4e6e-49f5-978d-fa543ddbfdc8@group-67DF168ABD2C-FollowerState] INFO  impl.FollowerState (FollowerState.java:run(143)) - 85a84f3f-4e6e-49f5-978d-fa543ddbfdc8@group-67DF168ABD2C-FollowerState: change to CANDIDATE, lastRpcElapsedTime:5066359214ns, electionTimeout:5061ms
2022-11-10 07:15:49,072 [85a84f3f-4e6e-49f5-978d-fa543ddbfdc8@group-67DF168ABD2C-FollowerState] INFO  impl.RoleInfo (RoleInfo.java:shutdownFollowerState(110)) - 85a84f3f-4e6e-49f5-978d-fa543ddbfdc8: shutdown 85a84f3f-4e6e-49f5-978d-fa543ddbfdc8@group-67DF168ABD2C-FollowerState
2022-11-10 07:15:49,072 [85a84f3f-4e6e-49f5-978d-fa543ddbfdc8@group-67DF168ABD2C-FollowerState] INFO  server.RaftServer$Division (RaftServerImpl.java:setRole(321)) - 85a84f3f-4e6e-49f5-978d-fa543ddbfdc8@group-67DF168ABD2C: changes role from  FOLLOWER to CANDIDATE at term 0 for changeToCandidate
2022-11-10 07:15:49,072 [85a84f3f-4e6e-49f5-978d-fa543ddbfdc8@group-67DF168ABD2C-FollowerState] INFO  server.RaftServerConfigKeys (ConfUtils.java:logGet(46)) - raft.server.leaderelection.pre-vote = false (custom)
2022-11-10 07:15:49,072 [85a84f3f-4e6e-49f5-978d-fa543ddbfdc8@group-67DF168ABD2C-FollowerState] INFO  impl.RoleInfo (RoleInfo.java:updateAndGet(139)) - 85a84f3f-4e6e-49f5-978d-fa543ddbfdc8: start 85a84f3f-4e6e-49f5-978d-fa543ddbfdc8@group-67DF168ABD2C-LeaderElection36
2022-11-10 07:15:49,076 [85a84f3f-4e6e-49f5-978d-fa543ddbfdc8@group-67DF168ABD2C-LeaderElection36] INFO  impl.LeaderElection (LeaderElection.java:askForVotes(312)) - 85a84f3f-4e6e-49f5-978d-fa543ddbfdc8@group-67DF168ABD2C-LeaderElection36 ELECTION round 0: submit vote requests at term 1 for -1: peers:[06ff1ec3-3332-4ac8-b4dc-23bc541e60c0|rpc:10.1.0.59:34685|priority:0|startupRole:FOLLOWER, 3950d273-d245-4570-97e3-85d09fa36925|rpc:10.1.0.59:37013|priority:0|startupRole:FOLLOWER, 85a84f3f-4e6e-49f5-978d-fa543ddbfdc8|rpc:10.1.0.59:35209|priority:1|startupRole:FOLLOWER]|listeners:[], old=null
2022-11-10 07:15:49,076 [85a84f3f-4e6e-49f5-978d-fa543ddbfdc8@group-67DF168ABD2C-LeaderElection36] INFO  server.RaftServerConfigKeys (ConfUtils.java:logFallback(53)) - raft.server.rpc.first-election.timeout.min = 5s (fallback to raft.server.rpc.timeout.min)
2022-11-10 07:15:49,076 [85a84f3f-4e6e-49f5-978d-fa543ddbfdc8@group-67DF168ABD2C-LeaderElection36-1] INFO  server.GrpcServerProtocolClient (GrpcServerProtocolClient.java:<init>(63)) - Build channel for 06ff1ec3-3332-4ac8-b4dc-23bc541e60c0
2022-11-10 07:15:49,077 [85a84f3f-4e6e-49f5-978d-fa543ddbfdc8@group-67DF168ABD2C-LeaderElection36] INFO  server.RaftServerConfigKeys (ConfUtils.java:logFallback(53)) - raft.server.rpc.first-election.timeout.max = 5200ms (fallback to raft.server.rpc.timeout.max)
2022-11-10 07:15:49,077 [85a84f3f-4e6e-49f5-978d-fa543ddbfdc8@group-67DF168ABD2C-LeaderElection36-2] INFO  server.GrpcServerProtocolClient (GrpcServerProtocolClient.java:<init>(63)) - Build channel for 3950d273-d245-4570-97e3-85d09fa36925
2022-11-10 07:15:49,084 [grpc-default-executor-1] INFO  server.RaftServer$Division (RaftServerImpl.java:requestVote(1218)) - 3950d273-d245-4570-97e3-85d09fa36925@group-67DF168ABD2C: receive requestVote(ELECTION, 85a84f3f-4e6e-49f5-978d-fa543ddbfdc8, group-67DF168ABD2C, 1, (t:0, i:0))
2022-11-10 07:15:49,084 [grpc-default-executor-1] INFO  impl.VoteContext (VoteContext.java:log(48)) - 3950d273-d245-4570-97e3-85d09fa36925@group-67DF168ABD2C-FOLLOWER: accept ELECTION from 85a84f3f-4e6e-49f5-978d-fa543ddbfdc8: our priority 0 <= candidate's priority 1
2022-11-10 07:15:49,084 [grpc-default-executor-1] INFO  server.RaftServer$Division (RaftServerImpl.java:setRole(321)) - 3950d273-d245-4570-97e3-85d09fa36925@group-67DF168ABD2C: changes role from  FOLLOWER to FOLLOWER at term 1 for candidate:85a84f3f-4e6e-49f5-978d-fa543ddbfdc8
2022-11-10 07:15:49,084 [grpc-default-executor-1] INFO  impl.RoleInfo (RoleInfo.java:shutdownFollowerState(110)) - 3950d273-d245-4570-97e3-85d09fa36925: shutdown 3950d273-d245-4570-97e3-85d09fa36925@group-67DF168ABD2C-FollowerState
2022-11-10 07:15:49,084 [grpc-default-executor-1] INFO  impl.RoleInfo (RoleInfo.java:updateAndGet(139)) - 3950d273-d245-4570-97e3-85d09fa36925: start 3950d273-d245-4570-97e3-85d09fa36925@group-67DF168ABD2C-FollowerState
2022-11-10 07:15:49,085 [3950d273-d245-4570-97e3-85d09fa36925@group-67DF168ABD2C-FollowerState] INFO  impl.FollowerState (FollowerState.java:run(152)) - 3950d273-d245-4570-97e3-85d09fa36925@group-67DF168ABD2C-FollowerState was interrupted
2022-11-10 07:15:49,090 [grpc-default-executor-0] INFO  server.RaftServer$Division (RaftServerImpl.java:requestVote(1218)) - 06ff1ec3-3332-4ac8-b4dc-23bc541e60c0@group-67DF168ABD2C: receive requestVote(ELECTION, 85a84f3f-4e6e-49f5-978d-fa543ddbfdc8, group-67DF168ABD2C, 1, (t:0, i:0))
2022-11-10 07:15:49,090 [grpc-default-executor-0] INFO  impl.VoteContext (VoteContext.java:log(48)) - 06ff1ec3-3332-4ac8-b4dc-23bc541e60c0@group-67DF168ABD2C-FOLLOWER: accept ELECTION from 85a84f3f-4e6e-49f5-978d-fa543ddbfdc8: our priority 0 <= candidate's priority 1
2022-11-10 07:15:49,090 [grpc-default-executor-0] INFO  server.RaftServer$Division (RaftServerImpl.java:setRole(321)) - 06ff1ec3-3332-4ac8-b4dc-23bc541e60c0@group-67DF168ABD2C: changes role from  FOLLOWER to FOLLOWER at term 1 for candidate:85a84f3f-4e6e-49f5-978d-fa543ddbfdc8
2022-11-10 07:15:49,091 [grpc-default-executor-0] INFO  impl.RoleInfo (RoleInfo.java:shutdownFollowerState(110)) - 06ff1ec3-3332-4ac8-b4dc-23bc541e60c0: shutdown 06ff1ec3-3332-4ac8-b4dc-23bc541e60c0@group-67DF168ABD2C-FollowerState
2022-11-10 07:15:49,091 [grpc-default-executor-0] INFO  impl.RoleInfo (RoleInfo.java:updateAndGet(139)) - 06ff1ec3-3332-4ac8-b4dc-23bc541e60c0: start 06ff1ec3-3332-4ac8-b4dc-23bc541e60c0@group-67DF168ABD2C-FollowerState
2022-11-10 07:15:49,091 [06ff1ec3-3332-4ac8-b4dc-23bc541e60c0@group-67DF168ABD2C-FollowerState] INFO  impl.FollowerState (FollowerState.java:run(152)) - 06ff1ec3-3332-4ac8-b4dc-23bc541e60c0@group-67DF168ABD2C-FollowerState was interrupted
2022-11-10 07:15:49,093 [3950d273-d245-4570-97e3-85d09fa36925@group-67DF168ABD2C-FollowerState] INFO  server.RaftServerConfigKeys (ConfUtils.java:logFallback(53)) - raft.server.rpc.first-election.timeout.min = 5s (fallback to raft.server.rpc.timeout.min)
2022-11-10 07:15:49,093 [3950d273-d245-4570-97e3-85d09fa36925@group-67DF168ABD2C-FollowerState] INFO  server.RaftServerConfigKeys (ConfUtils.java:logFallback(53)) - raft.server.rpc.first-election.timeout.max = 5200ms (fallback to raft.server.rpc.timeout.max)
2022-11-10 07:15:49,094 [grpc-default-executor-1] INFO  server.RaftServer$Division (RaftServerImpl.java:requestVote(1251)) - 3950d273-d245-4570-97e3-85d09fa36925@group-67DF168ABD2C replies to ELECTION vote request: 85a84f3f-4e6e-49f5-978d-fa543ddbfdc8<-3950d273-d245-4570-97e3-85d09fa36925#0:OK-t1. Peer's state: 3950d273-d245-4570-97e3-85d09fa36925@group-67DF168ABD2C:t1, leader=null, voted=85a84f3f-4e6e-49f5-978d-fa543ddbfdc8, raftlog=Memoized:3950d273-d245-4570-97e3-85d09fa36925@group-67DF168ABD2C-SegmentedRaftLog:OPENED:c-1, conf=-1: peers:[06ff1ec3-3332-4ac8-b4dc-23bc541e60c0|rpc:10.1.0.59:34685|dataStream:|priority:0|startupRole:FOLLOWER, 3950d273-d245-4570-97e3-85d09fa36925|rpc:10.1.0.59:37013|dataStream:|priority:0|startupRole:FOLLOWER, 85a84f3f-4e6e-49f5-978d-fa543ddbfdc8|rpc:10.1.0.59:35209|dataStream:|priority:1|startupRole:FOLLOWER]|listeners:[], old=null
2022-11-10 07:15:49,104 [06ff1ec3-3332-4ac8-b4dc-23bc541e60c0@group-67DF168ABD2C-FollowerState] INFO  server.RaftServerConfigKeys (ConfUtils.java:logFallback(53)) - raft.server.rpc.first-election.timeout.min = 5s (fallback to raft.server.rpc.timeout.min)
2022-11-10 07:15:49,104 [grpc-default-executor-0] INFO  server.RaftServer$Division (RaftServerImpl.java:requestVote(1251)) - 06ff1ec3-3332-4ac8-b4dc-23bc541e60c0@group-67DF168ABD2C replies to ELECTION vote request: 85a84f3f-4e6e-49f5-978d-fa543ddbfdc8<-06ff1ec3-3332-4ac8-b4dc-23bc541e60c0#0:OK-t1. Peer's state: 06ff1ec3-3332-4ac8-b4dc-23bc541e60c0@group-67DF168ABD2C:t1, leader=null, voted=85a84f3f-4e6e-49f5-978d-fa543ddbfdc8, raftlog=Memoized:06ff1ec3-3332-4ac8-b4dc-23bc541e60c0@group-67DF168ABD2C-SegmentedRaftLog:OPENED:c-1, conf=-1: peers:[06ff1ec3-3332-4ac8-b4dc-23bc541e60c0|rpc:10.1.0.59:34685|dataStream:|priority:0|startupRole:FOLLOWER, 3950d273-d245-4570-97e3-85d09fa36925|rpc:10.1.0.59:37013|dataStream:|priority:0|startupRole:FOLLOWER, 85a84f3f-4e6e-49f5-978d-fa543ddbfdc8|rpc:10.1.0.59:35209|dataStream:|priority:1|startupRole:FOLLOWER]|listeners:[], old=null
2022-11-10 07:15:49,104 [06ff1ec3-3332-4ac8-b4dc-23bc541e60c0@group-67DF168ABD2C-FollowerState] INFO  server.RaftServerConfigKeys (ConfUtils.java:logFallback(53)) - raft.server.rpc.first-election.timeout.max = 5200ms (fallback to raft.server.rpc.timeout.max)
2022-11-10 07:15:49,104 [85a84f3f-4e6e-49f5-978d-fa543ddbfdc8@group-67DF168ABD2C-LeaderElection36] INFO  impl.LeaderElection (LeaderElection.java:logAndReturn(90)) - 85a84f3f-4e6e-49f5-978d-fa543ddbfdc8@group-67DF168ABD2C-LeaderElection36: ELECTION PASSED received 1 response(s) and 0 exception(s):
2022-11-10 07:15:49,104 [85a84f3f-4e6e-49f5-978d-fa543ddbfdc8@group-67DF168ABD2C-LeaderElection36] INFO  impl.LeaderElection (LeaderElection.java:logAndReturn(94)) -   Response 0: 85a84f3f-4e6e-49f5-978d-fa543ddbfdc8<-3950d273-d245-4570-97e3-85d09fa36925#0:OK-t1
2022-11-10 07:15:49,104 [85a84f3f-4e6e-49f5-978d-fa543ddbfdc8@group-67DF168ABD2C-LeaderElection36] INFO  impl.LeaderElection (LeaderElection.java:askForVotes(314)) - 85a84f3f-4e6e-49f5-978d-fa543ddbfdc8@group-67DF168ABD2C-LeaderElection36 ELECTION round 0: result PASSED
2022-11-10 07:15:49,104 [85a84f3f-4e6e-49f5-978d-fa543ddbfdc8@group-67DF168ABD2C-LeaderElection36] INFO  impl.RoleInfo (RoleInfo.java:shutdownLeaderElection(130)) - 85a84f3f-4e6e-49f5-978d-fa543ddbfdc8: shutdown 85a84f3f-4e6e-49f5-978d-fa543ddbfdc8@group-67DF168ABD2C-LeaderElection36
2022-11-10 07:15:49,105 [85a84f3f-4e6e-49f5-978d-fa543ddbfdc8@group-67DF168ABD2C-LeaderElection36] INFO  server.RaftServer$Division (RaftServerImpl.java:setRole(321)) - 85a84f3f-4e6e-49f5-978d-fa543ddbfdc8@group-67DF168ABD2C: changes role from CANDIDATE to LEADER at term 1 for changeToLeader
2022-11-10 07:15:49,105 [85a84f3f-4e6e-49f5-978d-fa543ddbfdc8@group-67DF168ABD2C-LeaderElection36] INFO  ratis.XceiverServerRatis (XceiverServerRatis.java:handleLeaderChangedNotification(863)) - Leader change notification received for group: group-67DF168ABD2C with new leaderId: 85a84f3f-4e6e-49f5-978d-fa543ddbfdc8
2022-11-10 07:15:49,105 [85a84f3f-4e6e-49f5-978d-fa543ddbfdc8@group-67DF168ABD2C-LeaderElection36] INFO  server.RaftServer$Division (ServerState.java:setLeader(313)) - 85a84f3f-4e6e-49f5-978d-fa543ddbfdc8@group-67DF168ABD2C: change Leader from null to 85a84f3f-4e6e-49f5-978d-fa543ddbfdc8 at term 1 for becomeLeader, leader elected after 5112ms
2022-11-10 07:15:49,105 [85a84f3f-4e6e-49f5-978d-fa543ddbfdc8@group-67DF168ABD2C-LeaderElection36] INFO  server.RaftServerConfigKeys (ConfUtils.java:logGet(46)) - raft.server.staging.catchup.gap = 1000 (default)
2022-11-10 07:15:49,105 [85a84f3f-4e6e-49f5-978d-fa543ddbfdc8@group-67DF168ABD2C-LeaderElection36] INFO  server.RaftServerConfigKeys (ConfUtils.java:logGet(46)) - raft.server.write.element-limit = 1024 (custom)
2022-11-10 07:15:49,105 [85a84f3f-4e6e-49f5-978d-fa543ddbfdc8@group-67DF168ABD2C-LeaderElection36] INFO  server.RaftServerConfigKeys (ConfUtils.java:logGet(46)) - raft.server.write.byte-limit = 1024 M (=1073741824) (custom)
2022-11-10 07:15:49,105 [85a84f3f-4e6e-49f5-978d-fa543ddbfdc8@group-67DF168ABD2C-LeaderElection36] INFO  server.RaftServerConfigKeys (ConfUtils.java:logGet(46)) - raft.server.watch.timeout = 180s (custom)
2022-11-10 07:15:49,105 [85a84f3f-4e6e-49f5-978d-fa543ddbfdc8@group-67DF168ABD2C-LeaderElection36] INFO  server.RaftServerConfigKeys (ConfUtils.java:logGet(46)) - raft.server.watch.timeout.denomination = 1s (default)
2022-11-10 07:15:49,105 [85a84f3f-4e6e-49f5-978d-fa543ddbfdc8@group-67DF168ABD2C-LeaderElection36] INFO  server.RaftServerConfigKeys (ConfUtils.java:logGet(46)) - raft.server.watch.element-limit = 65536 (default)
2022-11-10 07:15:49,105 [85a84f3f-4e6e-49f5-978d-fa543ddbfdc8@group-67DF168ABD2C-LeaderElection36] INFO  server.RaftServerConfigKeys (ConfUtils.java:logGet(46)) - raft.server.write.element-limit = 1024 (custom)
2022-11-10 07:15:49,105 [85a84f3f-4e6e-49f5-978d-fa543ddbfdc8@group-67DF168ABD2C-LeaderElection36] INFO  server.RaftServerConfigKeys (ConfUtils.java:logGet(46)) - raft.server.write.follower.gap.ratio.max = -1.0 (default)
2022-11-10 07:15:49,106 [85a84f3f-4e6e-49f5-978d-fa543ddbfdc8@group-67DF168ABD2C-LeaderElection36] INFO  server.RaftServerConfigKeys (ConfUtils.java:logGet(46)) - raft.server.log.appender.snapshot.chunk.size.max = 16MB (=16777216) (default)
2022-11-10 07:15:49,106 [85a84f3f-4e6e-49f5-978d-fa543ddbfdc8@group-67DF168ABD2C-LeaderElection36] INFO  server.RaftServerConfigKeys (ConfUtils.java:logGet(46)) - raft.server.log.appender.buffer.byte-limit = 33554432 (custom)
2022-11-10 07:15:49,106 [85a84f3f-4e6e-49f5-978d-fa543ddbfdc8@group-67DF168ABD2C-LeaderElection36] INFO  server.RaftServerConfigKeys (ConfUtils.java:logGet(46)) - raft.server.log.appender.buffer.element-limit = 1 (custom)
2022-11-10 07:15:49,106 [85a84f3f-4e6e-49f5-978d-fa543ddbfdc8@group-67DF168ABD2C-LeaderElection36] INFO  grpc.GrpcConfigKeys (ConfUtils.java:logGet(46)) - raft.grpc.server.leader.outstanding.appends.max = 128 (default)
2022-11-10 07:15:49,106 [85a84f3f-4e6e-49f5-978d-fa543ddbfdc8@group-67DF168ABD2C-LeaderElection36] INFO  server.RaftServerConfigKeys (ConfUtils.java:logGet(46)) - raft.server.rpc.request.timeout = 60s (custom)
2022-11-10 07:15:49,106 [85a84f3f-4e6e-49f5-978d-fa543ddbfdc8@group-67DF168ABD2C-LeaderElection36] INFO  server.RaftServerConfigKeys (ConfUtils.java:logGet(46)) - raft.server.log.appender.install.snapshot.enabled = false (custom)
2022-11-10 07:15:49,106 [85a84f3f-4e6e-49f5-978d-fa543ddbfdc8@group-67DF168ABD2C-LeaderElection36] INFO  grpc.GrpcConfigKeys (ConfUtils.java:logGet(46)) - raft.grpc.server.heartbeat.channel = true (default)
2022-11-10 07:15:49,106 [85a84f3f-4e6e-49f5-978d-fa543ddbfdc8@group-67DF168ABD2C-LeaderElection36] INFO  server.RaftServerConfigKeys (ConfUtils.java:logGet(46)) - raft.server.log.appender.wait-time.min = 10ms (default)
2022-11-10 07:15:49,107 [85a84f3f-4e6e-49f5-978d-fa543ddbfdc8@group-67DF168ABD2C-LeaderElection36] INFO  server.RaftServerConfigKeys (ConfUtils.java:logGet(46)) - raft.server.log.appender.snapshot.chunk.size.max = 16MB (=16777216) (default)
2022-11-10 07:15:49,108 [85a84f3f-4e6e-49f5-978d-fa543ddbfdc8@group-67DF168ABD2C-LeaderElection36] INFO  server.RaftServerConfigKeys (ConfUtils.java:logGet(46)) - raft.server.log.appender.buffer.byte-limit = 33554432 (custom)
2022-11-10 07:15:49,108 [85a84f3f-4e6e-49f5-978d-fa543ddbfdc8@group-67DF168ABD2C-LeaderElection36] INFO  server.RaftServerConfigKeys (ConfUtils.java:logGet(46)) - raft.server.log.appender.buffer.element-limit = 1 (custom)
2022-11-10 07:15:49,108 [EventQueue-PipelineReportForPipelineReportHandler] INFO  pipeline.PipelineManagerImpl (PipelineManagerImpl.java:openPipeline(367)) - Pipeline Pipeline[ Id: 24cf041f-b10b-4731-9db4-67df168abd2c, Nodes: 06ff1ec3-3332-4ac8-b4dc-23bc541e60c0{ip: 10.1.0.59, host: fv-az435-205.hcxxyugg5vdudo0mn2smve0l3g.cx.internal.cloudapp.net, ports: [REPLICATION=35357, RATIS=34685, RATIS_ADMIN=34685, RATIS_SERVER=34685, STANDALONE=46803], networkLocation: /default-rack, certSerialId: null, persistedOpState: IN_SERVICE, persistedOpStateExpiryEpochSec: 0}85a84f3f-4e6e-49f5-978d-fa543ddbfdc8{ip: 10.1.0.59, host: fv-az435-205.hcxxyugg5vdudo0mn2smve0l3g.cx.internal.cloudapp.net, ports: [REPLICATION=32961, RATIS=35209, RATIS_ADMIN=35209, RATIS_SERVER=35209, STANDALONE=42877], networkLocation: /default-rack, certSerialId: null, persistedOpState: IN_SERVICE, persistedOpStateExpiryEpochSec: 0}3950d273-d245-4570-97e3-85d09fa36925{ip: 10.1.0.59, host: fv-az435-205.hcxxyugg5vdudo0mn2smve0l3g.cx.internal.cloudapp.net, ports: [REPLICATION=44547, RATIS=37013, RATIS_ADMIN=37013, RATIS_SERVER=37013, STANDALONE=39881], networkLocation: /default-rack, certSerialId: null, persistedOpState: IN_SERVICE, persistedOpStateExpiryEpochSec: 0}, ReplicationConfig: RATIS/THREE, State:ALLOCATED, leaderId:85a84f3f-4e6e-49f5-978d-fa543ddbfdc8, CreationTimestamp2022-11-10T07:15:41.421Z[Etc/UTC]] moved to OPEN state
2022-11-10 07:15:49,109 [85a84f3f-4e6e-49f5-978d-fa543ddbfdc8@group-67DF168ABD2C-LeaderElection36] INFO  grpc.GrpcConfigKeys (ConfUtils.java:logGet(46)) - raft.grpc.server.leader.outstanding.appends.max = 128 (default)
2022-11-10 07:15:49,109 [85a84f3f-4e6e-49f5-978d-fa543ddbfdc8@group-67DF168ABD2C-LeaderElection36] INFO  server.RaftServerConfigKeys (ConfUtils.java:logGet(46)) - raft.server.rpc.request.timeout = 60s (custom)
2022-11-10 07:15:49,109 [85a84f3f-4e6e-49f5-978d-fa543ddbfdc8@group-67DF168ABD2C-LeaderElection36] INFO  server.RaftServerConfigKeys (ConfUtils.java:logGet(46)) - raft.server.log.appender.install.snapshot.enabled = false (custom)
2022-11-10 07:15:49,109 [85a84f3f-4e6e-49f5-978d-fa543ddbfdc8@group-67DF168ABD2C-LeaderElection36] INFO  grpc.GrpcConfigKeys (ConfUtils.java:logGet(46)) - raft.grpc.server.heartbeat.channel = true (default)
2022-11-10 07:15:49,109 [EventQueue-OpenPipelineForHealthyPipelineSafeModeRule] INFO  safemode.SCMSafeModeManager (HealthyPipelineSafeModeRule.java:process(137)) - SCM in safe mode. Healthy pipelines reported count is 1, required healthy pipeline reported count is 1
2022-11-10 07:15:49,109 [EventQueue-OpenPipelineForHealthyPipelineSafeModeRule] INFO  safemode.SCMSafeModeManager (SCMSafeModeManager.java:validateSafeModeExitRules(204)) - HealthyPipelineSafeModeRule rule is successfully validated
2022-11-10 07:15:49,109 [EventQueue-OpenPipelineForHealthyPipelineSafeModeRule] INFO  safemode.SCMSafeModeManager (SCMSafeModeManager.java:validateSafeModeExitRules(219)) - ScmSafeModeManager, all rules are successfully validated
2022-11-10 07:15:49,109 [EventQueue-OpenPipelineForHealthyPipelineSafeModeRule] INFO  safemode.SCMSafeModeManager (SCMSafeModeManager.java:exitSafeMode(248)) - SCM exiting safe mode.
2022-11-10 07:15:49,109 [EventQueue-OpenPipelineForHealthyPipelineSafeModeRule] WARN  events.EventQueue (EventQueue.java:fireEvent(216)) - No event handler registered for event TypedEvent{payloadType=SafeModeStatus, name='Safe mode status'}
2022-11-10 07:15:49,109 [EventQueue-OpenPipelineForHealthyPipelineSafeModeRule] INFO  ha.SCMContext (SCMContext.java:updateSafeModeStatus(228)) - Update SafeModeStatus from SafeModeStatus{safeModeStatus=true, preCheckPassed=true} to SafeModeStatus{safeModeStatus=false, preCheckPassed=true}.
2022-11-10 07:15:49,109 [EventQueue-OpenPipelineForHealthyPipelineSafeModeRule] INFO  pipeline.BackgroundPipelineCreator (BackgroundPipelineCreator.java:notifyStatusChanged(254)) - Service BackgroundPipelineCreator transitions to RUNNING.
2022-11-10 07:15:49,109 [EventQueue-OpenPipelineForHealthyPipelineSafeModeRule] INFO  BackgroundPipelineScrubber (BackgroundSCMService.java:notifyStatusChanged(82)) - Service BackgroundPipelineScrubber transitions to RUNNING.
2022-11-10 07:15:49,109 [EventQueue-OpenPipelineForHealthyPipelineSafeModeRule] INFO  ExpiredContainerReplicaOpScrubber (BackgroundSCMService.java:notifyStatusChanged(82)) - Service ExpiredContainerReplicaOpScrubber transitions to RUNNING.
2022-11-10 07:15:49,110 [EventQueue-OpenPipelineForHealthyPipelineSafeModeRule] INFO  replication.ReplicationManager (ReplicationManager.java:notifyStatusChanged(799)) - Service ReplicationManager transitions to RUNNING.
2022-11-10 07:15:49,110 [EventQueue-OpenPipelineForHealthyPipelineSafeModeRule] WARN  balancer.ContainerBalancer (ContainerBalancer.java:shouldRun(131)) - Could not find persisted configuration for ContainerBalancer when checking if ContainerBalancer should run. ContainerBalancer should not run now.
2022-11-10 07:15:49,109 [85a84f3f-4e6e-49f5-978d-fa543ddbfdc8@group-67DF168ABD2C-LeaderElection36] INFO  server.RaftServerConfigKeys (ConfUtils.java:logGet(46)) - raft.server.log.appender.wait-time.min = 10ms (default)
2022-11-10 07:15:49,113 [85a84f3f-4e6e-49f5-978d-fa543ddbfdc8@group-67DF168ABD2C-LeaderElection36] INFO  impl.RoleInfo (RoleInfo.java:updateAndGet(139)) - 85a84f3f-4e6e-49f5-978d-fa543ddbfdc8: start 85a84f3f-4e6e-49f5-978d-fa543ddbfdc8@group-67DF168ABD2C-LeaderStateImpl
2022-11-10 07:15:49,113 [85a84f3f-4e6e-49f5-978d-fa543ddbfdc8@group-67DF168ABD2C-LeaderElection36] INFO  segmented.SegmentedRaftLogWorker (SegmentedRaftLogWorker.java:startLogSegment(452)) - 85a84f3f-4e6e-49f5-978d-fa543ddbfdc8@group-67DF168ABD2C-SegmentedRaftLogWorker: Starting segment from index:0
2022-11-10 07:15:49,119 [85a84f3f-4e6e-49f5-978d-fa543ddbfdc8@group-67DF168ABD2C-LeaderElection36] INFO  server.RaftServer$Division (ServerState.java:setRaftConf(430)) - 85a84f3f-4e6e-49f5-978d-fa543ddbfdc8@group-67DF168ABD2C: set configuration 0: peers:[06ff1ec3-3332-4ac8-b4dc-23bc541e60c0|rpc:10.1.0.59:34685|dataStream:|priority:0|startupRole:FOLLOWER, 3950d273-d245-4570-97e3-85d09fa36925|rpc:10.1.0.59:37013|dataStream:|priority:0|startupRole:FOLLOWER, 85a84f3f-4e6e-49f5-978d-fa543ddbfdc8|rpc:10.1.0.59:35209|dataStream:|priority:1|startupRole:FOLLOWER]|listeners:[], old=null
2022-11-10 07:15:49,120 [85a84f3f-4e6e-49f5-978d-fa543ddbfdc8@group-67DF168ABD2C-SegmentedRaftLogWorker] INFO  segmented.SegmentedRaftLogWorker (SegmentedRaftLogWorker.java:execute(656)) - 85a84f3f-4e6e-49f5-978d-fa543ddbfdc8@group-67DF168ABD2C-SegmentedRaftLogWorker: created new log segment /home/runner/work/ozone/ozone/hadoop-ozone/integration-test/target/test-dir/MiniOzoneClusterImpl-84cafbd6-325b-4886-915b-d0b5d28b8cf9/datanode-0/data/ratis/24cf041f-b10b-4731-9db4-67df168abd2c/current/log_inprogress_0
2022-11-10 07:15:49,127 [3950d273-d245-4570-97e3-85d09fa36925-server-thread1] INFO  ratis.XceiverServerRatis (XceiverServerRatis.java:handleLeaderChangedNotification(863)) - Leader change notification received for group: group-67DF168ABD2C with new leaderId: 85a84f3f-4e6e-49f5-978d-fa543ddbfdc8
2022-11-10 07:15:49,127 [3950d273-d245-4570-97e3-85d09fa36925-server-thread1] INFO  server.RaftServer$Division (ServerState.java:setLeader(313)) - 3950d273-d245-4570-97e3-85d09fa36925@group-67DF168ABD2C: change Leader from null to 85a84f3f-4e6e-49f5-978d-fa543ddbfdc8 at term 1 for appendEntries, leader elected after 5078ms
2022-11-10 07:15:49,138 [06ff1ec3-3332-4ac8-b4dc-23bc541e60c0-server-thread1] INFO  ratis.XceiverServerRatis (XceiverServerRatis.java:handleLeaderChangedNotification(863)) - Leader change notification received for group: group-67DF168ABD2C with new leaderId: 85a84f3f-4e6e-49f5-978d-fa543ddbfdc8
2022-11-10 07:15:49,138 [06ff1ec3-3332-4ac8-b4dc-23bc541e60c0-server-thread1] INFO  server.RaftServer$Division (ServerState.java:setLeader(313)) - 06ff1ec3-3332-4ac8-b4dc-23bc541e60c0@group-67DF168ABD2C: change Leader from null to 85a84f3f-4e6e-49f5-978d-fa543ddbfdc8 at term 1 for appendEntries, leader elected after 5119ms
2022-11-10 07:15:49,139 [3950d273-d245-4570-97e3-85d09fa36925-server-thread2] INFO  server.RaftServer$Division (ServerState.java:setRaftConf(430)) - 3950d273-d245-4570-97e3-85d09fa36925@group-67DF168ABD2C: set configuration 0: peers:[06ff1ec3-3332-4ac8-b4dc-23bc541e60c0|rpc:10.1.0.59:34685|dataStream:|priority:0|startupRole:FOLLOWER, 3950d273-d245-4570-97e3-85d09fa36925|rpc:10.1.0.59:37013|dataStream:|priority:0|startupRole:FOLLOWER, 85a84f3f-4e6e-49f5-978d-fa543ddbfdc8|rpc:10.1.0.59:35209|dataStream:|priority:1|startupRole:FOLLOWER]|listeners:[], old=null
2022-11-10 07:15:49,141 [06ff1ec3-3332-4ac8-b4dc-23bc541e60c0-server-thread2] INFO  server.RaftServer$Division (ServerState.java:setRaftConf(430)) - 06ff1ec3-3332-4ac8-b4dc-23bc541e60c0@group-67DF168ABD2C: set configuration 0: peers:[06ff1ec3-3332-4ac8-b4dc-23bc541e60c0|rpc:10.1.0.59:34685|dataStream:|priority:0|startupRole:FOLLOWER, 3950d273-d245-4570-97e3-85d09fa36925|rpc:10.1.0.59:37013|dataStream:|priority:0|startupRole:FOLLOWER, 85a84f3f-4e6e-49f5-978d-fa543ddbfdc8|rpc:10.1.0.59:35209|dataStream:|priority:1|startupRole:FOLLOWER]|listeners:[], old=null
2022-11-10 07:15:49,142 [06ff1ec3-3332-4ac8-b4dc-23bc541e60c0-server-thread2] INFO  segmented.SegmentedRaftLogWorker (SegmentedRaftLogWorker.java:startLogSegment(452)) - 06ff1ec3-3332-4ac8-b4dc-23bc541e60c0@group-67DF168ABD2C-SegmentedRaftLogWorker: Starting segment from index:0
2022-11-10 07:15:49,142 [3950d273-d245-4570-97e3-85d09fa36925-server-thread2] INFO  segmented.SegmentedRaftLogWorker (SegmentedRaftLogWorker.java:startLogSegment(452)) - 3950d273-d245-4570-97e3-85d09fa36925@group-67DF168ABD2C-SegmentedRaftLogWorker: Starting segment from index:0
2022-11-10 07:15:49,143 [06ff1ec3-3332-4ac8-b4dc-23bc541e60c0@group-67DF168ABD2C-SegmentedRaftLogWorker] INFO  segmented.SegmentedRaftLogWorker (SegmentedRaftLogWorker.java:execute(656)) - 06ff1ec3-3332-4ac8-b4dc-23bc541e60c0@group-67DF168ABD2C-SegmentedRaftLogWorker: created new log segment /home/runner/work/ozone/ozone/hadoop-ozone/integration-test/target/test-dir/MiniOzoneClusterImpl-84cafbd6-325b-4886-915b-d0b5d28b8cf9/datanode-2/data/ratis/24cf041f-b10b-4731-9db4-67df168abd2c/current/log_inprogress_0
2022-11-10 07:15:49,143 [3950d273-d245-4570-97e3-85d09fa36925@group-67DF168ABD2C-SegmentedRaftLogWorker] INFO  segmented.SegmentedRaftLogWorker (SegmentedRaftLogWorker.java:execute(656)) - 3950d273-d245-4570-97e3-85d09fa36925@group-67DF168ABD2C-SegmentedRaftLogWorker: created new log segment /home/runner/work/ozone/ozone/hadoop-ozone/integration-test/target/test-dir/MiniOzoneClusterImpl-84cafbd6-325b-4886-915b-d0b5d28b8cf9/datanode-1/data/ratis/24cf041f-b10b-4731-9db4-67df168abd2c/current/log_inprogress_0
2022-11-10 07:15:49,250 [3950d273-d245-4570-97e3-85d09fa36925@group-5A95D11C1572-FollowerState] INFO  impl.FollowerState (FollowerState.java:run(143)) - 3950d273-d245-4570-97e3-85d09fa36925@group-5A95D11C1572-FollowerState: change to CANDIDATE, lastRpcElapsedTime:5090699330ns, electionTimeout:5090ms
2022-11-10 07:15:49,250 [3950d273-d245-4570-97e3-85d09fa36925@group-5A95D11C1572-FollowerState] INFO  impl.RoleInfo (RoleInfo.java:shutdownFollowerState(110)) - 3950d273-d245-4570-97e3-85d09fa36925: shutdown 3950d273-d245-4570-97e3-85d09fa36925@group-5A95D11C1572-FollowerState
2022-11-10 07:15:49,250 [3950d273-d245-4570-97e3-85d09fa36925@group-5A95D11C1572-FollowerState] INFO  server.RaftServer$Division (RaftServerImpl.java:setRole(321)) - 3950d273-d245-4570-97e3-85d09fa36925@group-5A95D11C1572: changes role from  FOLLOWER to CANDIDATE at term 0 for changeToCandidate
2022-11-10 07:15:49,251 [3950d273-d245-4570-97e3-85d09fa36925@group-5A95D11C1572-FollowerState] INFO  server.RaftServerConfigKeys (ConfUtils.java:logGet(46)) - raft.server.leaderelection.pre-vote = false (custom)
2022-11-10 07:15:49,251 [3950d273-d245-4570-97e3-85d09fa36925@group-5A95D11C1572-FollowerState] INFO  impl.RoleInfo (RoleInfo.java:updateAndGet(139)) - 3950d273-d245-4570-97e3-85d09fa36925: start 3950d273-d245-4570-97e3-85d09fa36925@group-5A95D11C1572-LeaderElection37
2022-11-10 07:15:49,254 [3950d273-d245-4570-97e3-85d09fa36925@group-5A95D11C1572-LeaderElection37] INFO  impl.LeaderElection (LeaderElection.java:askForVotes(312)) - 3950d273-d245-4570-97e3-85d09fa36925@group-5A95D11C1572-LeaderElection37 ELECTION round 0: submit vote requests at term 1 for -1: peers:[3950d273-d245-4570-97e3-85d09fa36925|rpc:10.1.0.59:37013|priority:1|startupRole:FOLLOWER]|listeners:[], old=null
2022-11-10 07:15:49,255 [3950d273-d245-4570-97e3-85d09fa36925@group-5A95D11C1572-LeaderElection37] INFO  impl.LeaderElection (LeaderElection.java:askForVotes(314)) - 3950d273-d245-4570-97e3-85d09fa36925@group-5A95D11C1572-LeaderElection37 ELECTION round 0: result PASSED (term=1)
2022-11-10 07:15:49,255 [3950d273-d245-4570-97e3-85d09fa36925@group-5A95D11C1572-LeaderElection37] INFO  impl.RoleInfo (RoleInfo.java:shutdownLeaderElection(130)) - 3950d273-d245-4570-97e3-85d09fa36925: shutdown 3950d273-d245-4570-97e3-85d09fa36925@group-5A95D11C1572-LeaderElection37
2022-11-10 07:15:49,255 [3950d273-d245-4570-97e3-85d09fa36925@group-5A95D11C1572-LeaderElection37] INFO  server.RaftServer$Division (RaftServerImpl.java:setRole(321)) - 3950d273-d245-4570-97e3-85d09fa36925@group-5A95D11C1572: changes role from CANDIDATE to LEADER at term 1 for changeToLeader
2022-11-10 07:15:49,255 [3950d273-d245-4570-97e3-85d09fa36925@group-5A95D11C1572-LeaderElection37] INFO  ratis.XceiverServerRatis (XceiverServerRatis.java:handleLeaderChangedNotification(863)) - Leader change notification received for group: group-5A95D11C1572 with new leaderId: 3950d273-d245-4570-97e3-85d09fa36925
2022-11-10 07:15:49,255 [3950d273-d245-4570-97e3-85d09fa36925@group-5A95D11C1572-LeaderElection37] INFO  server.RaftServer$Division (ServerState.java:setLeader(313)) - 3950d273-d245-4570-97e3-85d09fa36925@group-5A95D11C1572: change Leader from null to 3950d273-d245-4570-97e3-85d09fa36925 at term 1 for becomeLeader, leader elected after 5108ms
2022-11-10 07:15:49,255 [3950d273-d245-4570-97e3-85d09fa36925@group-5A95D11C1572-LeaderElection37] INFO  server.RaftServerConfigKeys (ConfUtils.java:logGet(46)) - raft.server.staging.catchup.gap = 1000 (default)
2022-11-10 07:15:49,255 [3950d273-d245-4570-97e3-85d09fa36925@group-5A95D11C1572-LeaderElection37] INFO  server.RaftServerConfigKeys (ConfUtils.java:logGet(46)) - raft.server.write.element-limit = 1024 (custom)
2022-11-10 07:15:49,255 [3950d273-d245-4570-97e3-85d09fa36925@group-5A95D11C1572-LeaderElection37] INFO  server.RaftServerConfigKeys (ConfUtils.java:logGet(46)) - raft.server.write.byte-limit = 1024 M (=1073741824) (custom)
2022-11-10 07:15:49,256 [3950d273-d245-4570-97e3-85d09fa36925@group-5A95D11C1572-LeaderElection37] INFO  server.RaftServerConfigKeys (ConfUtils.java:logGet(46)) - raft.server.watch.timeout = 180s (custom)
2022-11-10 07:15:49,256 [3950d273-d245-4570-97e3-85d09fa36925@group-5A95D11C1572-LeaderElection37] INFO  server.RaftServerConfigKeys (ConfUtils.java:logGet(46)) - raft.server.watch.timeout.denomination = 1s (default)
2022-11-10 07:15:49,256 [3950d273-d245-4570-97e3-85d09fa36925@group-5A95D11C1572-LeaderElection37] INFO  server.RaftServerConfigKeys (ConfUtils.java:logGet(46)) - raft.server.watch.element-limit = 65536 (default)
2022-11-10 07:15:49,256 [3950d273-d245-4570-97e3-85d09fa36925@group-5A95D11C1572-LeaderElection37] INFO  server.RaftServerConfigKeys (ConfUtils.java:logGet(46)) - raft.server.write.element-limit = 1024 (custom)
2022-11-10 07:15:49,256 [3950d273-d245-4570-97e3-85d09fa36925@group-5A95D11C1572-LeaderElection37] INFO  server.RaftServerConfigKeys (ConfUtils.java:logGet(46)) - raft.server.write.follower.gap.ratio.max = -1.0 (default)
2022-11-10 07:15:49,256 [3950d273-d245-4570-97e3-85d09fa36925@group-5A95D11C1572-LeaderElection37] INFO  impl.RoleInfo (RoleInfo.java:updateAndGet(139)) - 3950d273-d245-4570-97e3-85d09fa36925: start 3950d273-d245-4570-97e3-85d09fa36925@group-5A95D11C1572-LeaderStateImpl
2022-11-10 07:15:49,256 [3950d273-d245-4570-97e3-85d09fa36925@group-5A95D11C1572-LeaderElection37] INFO  segmented.SegmentedRaftLogWorker (SegmentedRaftLogWorker.java:startLogSegment(452)) - 3950d273-d245-4570-97e3-85d09fa36925@group-5A95D11C1572-SegmentedRaftLogWorker: Starting segment from index:0
2022-11-10 07:15:49,257 [3950d273-d245-4570-97e3-85d09fa36925@group-5A95D11C1572-LeaderElection37] INFO  server.RaftServer$Division (ServerState.java:setRaftConf(430)) - 3950d273-d245-4570-97e3-85d09fa36925@group-5A95D11C1572: set configuration 0: peers:[3950d273-d245-4570-97e3-85d09fa36925|rpc:10.1.0.59:37013|dataStream:|priority:1|startupRole:FOLLOWER]|listeners:[], old=null
2022-11-10 07:15:49,258 [3950d273-d245-4570-97e3-85d09fa36925@group-5A95D11C1572-SegmentedRaftLogWorker] INFO  segmented.SegmentedRaftLogWorker (SegmentedRaftLogWorker.java:execute(656)) - 3950d273-d245-4570-97e3-85d09fa36925@group-5A95D11C1572-SegmentedRaftLogWorker: created new log segment /home/runner/work/ozone/ozone/hadoop-ozone/integration-test/target/test-dir/MiniOzoneClusterImpl-84cafbd6-325b-4886-915b-d0b5d28b8cf9/datanode-1/data/ratis/9be934be-80e4-444c-9f95-5a95d11c1572/current/log_inprogress_0
2022-11-10 07:15:49,421 [Listener at 127.0.0.1/43521] INFO  ozone.MiniOzoneClusterImpl (MiniOzoneClusterImpl.java:lambda$waitForClusterToBeReady$0(216)) - Nodes are ready. Got 3 of 3 DN Heartbeats.
2022-11-10 07:15:49,421 [Listener at 127.0.0.1/43521] INFO  ozone.MiniOzoneClusterImpl (MiniOzoneClusterImpl.java:lambda$waitForClusterToBeReady$0(219)) - Cluster exits safe mode
2022-11-10 07:15:49,421 [Listener at 127.0.0.1/43521] INFO  ozone.MiniOzoneClusterImpl (MiniOzoneClusterImpl.java:lambda$waitForClusterToBeReady$0(221)) - SCM became leader
2022-11-10 07:15:49,423 [Listener at 127.0.0.1/43521] INFO  ozoneimpl.OzoneContainer (OzoneContainer.java:stop(400)) - Attempting to stop container services.
2022-11-10 07:15:49,426 [Listener at 127.0.0.1/43521] INFO  server.RaftServer (RaftServerProxy.java:lambda$close$6(409)) - 85a84f3f-4e6e-49f5-978d-fa543ddbfdc8: close
2022-11-10 07:15:49,426 [85a84f3f-4e6e-49f5-978d-fa543ddbfdc8-impl-thread1] INFO  server.RaftServer$Division (RaftServerImpl.java:lambda$close$4(458)) - 85a84f3f-4e6e-49f5-978d-fa543ddbfdc8@group-67DF168ABD2C: shutdown
2022-11-10 07:15:49,426 [85a84f3f-4e6e-49f5-978d-fa543ddbfdc8-impl-thread1] INFO  util.JmxRegister (JmxRegister.java:unregister(73)) - Successfully un-registered JMX Bean with object name Ratis:service=RaftServer,group=group-67DF168ABD2C,id=85a84f3f-4e6e-49f5-978d-fa543ddbfdc8
2022-11-10 07:15:49,426 [85a84f3f-4e6e-49f5-978d-fa543ddbfdc8-impl-thread1] INFO  impl.RoleInfo (RoleInfo.java:shutdownLeaderState(93)) - 85a84f3f-4e6e-49f5-978d-fa543ddbfdc8: shutdown 85a84f3f-4e6e-49f5-978d-fa543ddbfdc8@group-67DF168ABD2C-LeaderStateImpl
2022-11-10 07:15:49,427 [85a84f3f-4e6e-49f5-978d-fa543ddbfdc8@group-67DF168ABD2C->3950d273-d245-4570-97e3-85d09fa36925-GrpcLogAppender-LogAppenderDaemon] WARN  server.GrpcLogAppender (GrpcLogAppender.java:mayWait(200)) - 85a84f3f-4e6e-49f5-978d-fa543ddbfdc8@group-67DF168ABD2C->3950d273-d245-4570-97e3-85d09fa36925-GrpcLogAppender: Wait interrupted by java.lang.InterruptedException
2022-11-10 07:15:49,427 [85a84f3f-4e6e-49f5-978d-fa543ddbfdc8@group-67DF168ABD2C->06ff1ec3-3332-4ac8-b4dc-23bc541e60c0-GrpcLogAppender-LogAppenderDaemon] WARN  server.GrpcLogAppender (GrpcLogAppender.java:mayWait(200)) - 85a84f3f-4e6e-49f5-978d-fa543ddbfdc8@group-67DF168ABD2C->06ff1ec3-3332-4ac8-b4dc-23bc541e60c0-GrpcLogAppender: Wait interrupted by java.lang.InterruptedException
2022-11-10 07:15:49,427 [grpc-default-executor-0] INFO  server.GrpcServerProtocolService (GrpcServerProtocolService.java:onCompleted(145)) - 3950d273-d245-4570-97e3-85d09fa36925: Completed APPEND_ENTRIES, lastRequest: null
2022-11-10 07:15:49,428 [grpc-default-executor-2] INFO  server.GrpcServerProtocolService (GrpcServerProtocolService.java:onCompleted(145)) - 3950d273-d245-4570-97e3-85d09fa36925: Completed APPEND_ENTRIES, lastRequest: 85a84f3f-4e6e-49f5-978d-fa543ddbfdc8->3950d273-d245-4570-97e3-85d09fa36925#1-t1,previous=(t:0, i:0),leaderCommit=0,initializing? true,entries: size=1, first=(t:1, i:0), CONFIGURATIONENTRY(current:id: "06ff1ec3-3332-4ac8-b4dc-23bc541e60c0"
address: "10.1.0.59:34685"
clientAddress: "10.1.0.59:34685"
adminAddress: "10.1.0.59:34685"
startupRole: FOLLOWER
,id: "3950d273-d245-4570-97e3-85d09fa36925"
address: "10.1.0.59:37013"
clientAddress: "10.1.0.59:37013"
adminAddress: "10.1.0.59:37013"
startupRole: FOLLOWER
,id: "85a84f3f-4e6e-49f5-978d-fa543ddbfdc8"
address: "10.1.0.59:35209"
priority: 1
clientAddress: "10.1.0.59:35209"
adminAddress: "10.1.0.59:35209"
startupRole: FOLLOWER
, old:)
2022-11-10 07:15:49,428 [grpc-default-executor-4] INFO  server.GrpcServerProtocolService (GrpcServerProtocolService.java:onCompleted(145)) - 06ff1ec3-3332-4ac8-b4dc-23bc541e60c0: Completed APPEND_ENTRIES, lastRequest: 85a84f3f-4e6e-49f5-978d-fa543ddbfdc8->06ff1ec3-3332-4ac8-b4dc-23bc541e60c0#1-t1,previous=(t:0, i:0),leaderCommit=0,initializing? true,entries: size=1, first=(t:1, i:0), CONFIGURATIONENTRY(current:id: "06ff1ec3-3332-4ac8-b4dc-23bc541e60c0"
address: "10.1.0.59:34685"
clientAddress: "10.1.0.59:34685"
adminAddress: "10.1.0.59:34685"
startupRole: FOLLOWER
,id: "3950d273-d245-4570-97e3-85d09fa36925"
address: "10.1.0.59:37013"
clientAddress: "10.1.0.59:37013"
adminAddress: "10.1.0.59:37013"
startupRole: FOLLOWER
,id: "85a84f3f-4e6e-49f5-978d-fa543ddbfdc8"
address: "10.1.0.59:35209"
priority: 1
clientAddress: "10.1.0.59:35209"
adminAddress: "10.1.0.59:35209"
startupRole: FOLLOWER
, old:)
2022-11-10 07:15:49,429 [grpc-default-executor-2] INFO  server.GrpcLogAppender (GrpcLogAppender.java:onCompleted(415)) - 85a84f3f-4e6e-49f5-978d-fa543ddbfdc8@group-67DF168ABD2C->3950d273-d245-4570-97e3-85d09fa36925-AppendLogResponseHandler: follower responses appendEntries COMPLETED
2022-11-10 07:15:49,427 [85a84f3f-4e6e-49f5-978d-fa543ddbfdc8-impl-thread1] INFO  impl.PendingRequests (PendingRequests.java:sendNotLeaderResponses(282)) - 85a84f3f-4e6e-49f5-978d-fa543ddbfdc8@group-67DF168ABD2C-PendingRequests: sendNotLeaderResponses
2022-11-10 07:15:49,429 [grpc-default-executor-2] INFO  leader.FollowerInfo (FollowerInfoImpl.java:lambda$new$0(48)) - 85a84f3f-4e6e-49f5-978d-fa543ddbfdc8@group-67DF168ABD2C->3950d273-d245-4570-97e3-85d09fa36925: nextIndex: updateUnconditionally 1 -> 0
2022-11-10 07:15:49,429 [85a84f3f-4e6e-49f5-978d-fa543ddbfdc8-impl-thread1] INFO  impl.StateMachineUpdater (StateMachineUpdater.java:stopAndJoin(153)) - 85a84f3f-4e6e-49f5-978d-fa543ddbfdc8@group-67DF168ABD2C-StateMachineUpdater: set stopIndex = 0
2022-11-10 07:15:49,430 [grpc-default-executor-4] INFO  server.GrpcServerProtocolService (GrpcServerProtocolService.java:onCompleted(145)) - 06ff1ec3-3332-4ac8-b4dc-23bc541e60c0: Completed APPEND_ENTRIES, lastRequest: null
2022-11-10 07:15:49,430 [85a84f3f-4e6e-49f5-978d-fa543ddbfdc8@group-67DF168ABD2C-StateMachineUpdater] INFO  ratis.ContainerStateMachine (ContainerStateMachine.java:takeSnapshot(304)) - group-67DF168ABD2C: Taking a snapshot at:(t:1, i:0) file /home/runner/work/ozone/ozone/hadoop-ozone/integration-test/target/test-dir/MiniOzoneClusterImpl-84cafbd6-325b-4886-915b-d0b5d28b8cf9/datanode-0/data/ratis/24cf041f-b10b-4731-9db4-67df168abd2c/sm/snapshot.1_0
2022-11-10 07:15:49,431 [85a84f3f-4e6e-49f5-978d-fa543ddbfdc8@group-67DF168ABD2C-StateMachineUpdater] INFO  ratis.ContainerStateMachine (ContainerStateMachine.java:takeSnapshot(315)) - group-67DF168ABD2C: Finished taking a snapshot at:(t:1, i:0) file:/home/runner/work/ozone/ozone/hadoop-ozone/integration-test/target/test-dir/MiniOzoneClusterImpl-84cafbd6-325b-4886-915b-d0b5d28b8cf9/datanode-0/data/ratis/24cf041f-b10b-4731-9db4-67df168abd2c/sm/snapshot.1_0 took: 2 ms
2022-11-10 07:15:49,431 [85a84f3f-4e6e-49f5-978d-fa543ddbfdc8@group-67DF168ABD2C-StateMachineUpdater] INFO  impl.StateMachineUpdater (StateMachineUpdater.java:takeSnapshot(287)) - 85a84f3f-4e6e-49f5-978d-fa543ddbfdc8@group-67DF168ABD2C-StateMachineUpdater: Took a snapshot at index 0
2022-11-10 07:15:49,431 [85a84f3f-4e6e-49f5-978d-fa543ddbfdc8@group-67DF168ABD2C-StateMachineUpdater] INFO  impl.StateMachineUpdater (StateMachineUpdater.java:lambda$new$0(92)) - 85a84f3f-4e6e-49f5-978d-fa543ddbfdc8@group-67DF168ABD2C-StateMachineUpdater: snapshotIndex: updateIncreasingly -1 -> 0
2022-11-10 07:15:49,432 [85a84f3f-4e6e-49f5-978d-fa543ddbfdc8-impl-thread1] INFO  server.RaftServer$Division (ServerState.java:close(466)) - 85a84f3f-4e6e-49f5-978d-fa543ddbfdc8@group-67DF168ABD2C: closes. applyIndex: 0
2022-11-10 07:15:49,432 [85a84f3f-4e6e-49f5-978d-fa543ddbfdc8@group-67DF168ABD2C-SegmentedRaftLogWorker] INFO  segmented.SegmentedRaftLogWorker (SegmentedRaftLogWorker.java:run(345)) - 85a84f3f-4e6e-49f5-978d-fa543ddbfdc8@group-67DF168ABD2C-SegmentedRaftLogWorker was interrupted, exiting. There are 0 tasks remaining in the queue.
2022-11-10 07:15:49,433 [85a84f3f-4e6e-49f5-978d-fa543ddbfdc8-impl-thread2] INFO  server.RaftServer$Division (RaftServerImpl.java:lambda$close$4(458)) - 85a84f3f-4e6e-49f5-978d-fa543ddbfdc8@group-775324B89DEF: shutdown
2022-11-10 07:15:49,433 [85a84f3f-4e6e-49f5-978d-fa543ddbfdc8-impl-thread2] INFO  util.JmxRegister (JmxRegister.java:unregister(73)) - Successfully un-registered JMX Bean with object name Ratis:service=RaftServer,group=group-775324B89DEF,id=85a84f3f-4e6e-49f5-978d-fa543ddbfdc8
2022-11-10 07:15:49,433 [85a84f3f-4e6e-49f5-978d-fa543ddbfdc8-impl-thread2] INFO  impl.RoleInfo (RoleInfo.java:shutdownFollowerState(110)) - 85a84f3f-4e6e-49f5-978d-fa543ddbfdc8: shutdown 85a84f3f-4e6e-49f5-978d-fa543ddbfdc8@group-775324B89DEF-FollowerState
2022-11-10 07:15:49,436 [Listener at 127.0.0.1/43521] INFO  server.GrpcService (GrpcService.java:closeImpl(279)) - 85a84f3f-4e6e-49f5-978d-fa543ddbfdc8: shutdown server GrpcServerProtocolService now
2022-11-10 07:15:49,436 [grpc-default-executor-4] INFO  server.GrpcLogAppender (GrpcLogAppender.java:onCompleted(415)) - 85a84f3f-4e6e-49f5-978d-fa543ddbfdc8@group-67DF168ABD2C->3950d273-d245-4570-97e3-85d09fa36925-AppendLogResponseHandler: follower responses appendEntries COMPLETED
2022-11-10 07:15:49,436 [grpc-default-executor-4] INFO  leader.FollowerInfo (FollowerInfoImpl.java:lambda$new$0(48)) - 85a84f3f-4e6e-49f5-978d-fa543ddbfdc8@group-67DF168ABD2C->3950d273-d245-4570-97e3-85d09fa36925: nextIndex: updateUnconditionally 0 -> 0
2022-11-10 07:15:49,436 [grpc-default-executor-4] INFO  server.GrpcLogAppender (GrpcLogAppender.java:onCompleted(415)) - 85a84f3f-4e6e-49f5-978d-fa543ddbfdc8@group-67DF168ABD2C->06ff1ec3-3332-4ac8-b4dc-23bc541e60c0-AppendLogResponseHandler: follower responses appendEntries COMPLETED
2022-11-10 07:15:49,436 [grpc-default-executor-0] INFO  server.GrpcLogAppender (GrpcLogAppender.java:onCompleted(415)) - 85a84f3f-4e6e-49f5-978d-fa543ddbfdc8@group-67DF168ABD2C->06ff1ec3-3332-4ac8-b4dc-23bc541e60c0-AppendLogResponseHandler: follower responses appendEntries COMPLETED
2022-11-10 07:15:49,436 [grpc-default-executor-4] INFO  leader.FollowerInfo (FollowerInfoImpl.java:lambda$new$0(48)) - 85a84f3f-4e6e-49f5-978d-fa543ddbfdc8@group-67DF168ABD2C->06ff1ec3-3332-4ac8-b4dc-23bc541e60c0: nextIndex: updateUnconditionally 1 -> 0
2022-11-10 07:15:49,436 [grpc-default-executor-0] INFO  leader.FollowerInfo (FollowerInfoImpl.java:lambda$new$0(48)) - 85a84f3f-4e6e-49f5-978d-fa543ddbfdc8@group-67DF168ABD2C->06ff1ec3-3332-4ac8-b4dc-23bc541e60c0: nextIndex: updateUnconditionally 0 -> 0
2022-11-10 07:15:49,437 [85a84f3f-4e6e-49f5-978d-fa543ddbfdc8@group-775324B89DEF-FollowerState] INFO  impl.FollowerState (FollowerState.java:run(152)) - 85a84f3f-4e6e-49f5-978d-fa543ddbfdc8@group-775324B89DEF-FollowerState was interrupted
2022-11-10 07:15:49,438 [85a84f3f-4e6e-49f5-978d-fa543ddbfdc8-impl-thread1] INFO  segmented.SegmentedRaftLogWorker (SegmentedRaftLogWorker.java:close(255)) - 85a84f3f-4e6e-49f5-978d-fa543ddbfdc8@group-67DF168ABD2C-SegmentedRaftLogWorker close()
2022-11-10 07:15:49,438 [Listener at 127.0.0.1/43521] INFO  server.GrpcServerProtocolClient (GrpcServerProtocolClient.java:close(111)) - 06ff1ec3-3332-4ac8-b4dc-23bc541e60c0 Close channels
2022-11-10 07:15:49,438 [85a84f3f-4e6e-49f5-978d-fa543ddbfdc8-impl-thread3] INFO  server.RaftServer$Division (RaftServerImpl.java:lambda$close$4(458)) - 85a84f3f-4e6e-49f5-978d-fa543ddbfdc8@group-A7AEA554E317: shutdown
2022-11-10 07:15:49,438 [85a84f3f-4e6e-49f5-978d-fa543ddbfdc8-impl-thread3] INFO  util.JmxRegister (JmxRegister.java:unregister(73)) - Successfully un-registered JMX Bean with object name Ratis:service=RaftServer,group=group-A7AEA554E317,id=85a84f3f-4e6e-49f5-978d-fa543ddbfdc8
2022-11-10 07:15:49,438 [85a84f3f-4e6e-49f5-978d-fa543ddbfdc8-impl-thread3] INFO  impl.RoleInfo (RoleInfo.java:shutdownLeaderState(93)) - 85a84f3f-4e6e-49f5-978d-fa543ddbfdc8: shutdown 85a84f3f-4e6e-49f5-978d-fa543ddbfdc8@group-A7AEA554E317-LeaderStateImpl
2022-11-10 07:15:49,438 [85a84f3f-4e6e-49f5-978d-fa543ddbfdc8-impl-thread3] INFO  impl.PendingRequests (PendingRequests.java:sendNotLeaderResponses(282)) - 85a84f3f-4e6e-49f5-978d-fa543ddbfdc8@group-A7AEA554E317-PendingRequests: sendNotLeaderResponses
2022-11-10 07:15:49,439 [85a84f3f-4e6e-49f5-978d-fa543ddbfdc8-impl-thread2] INFO  impl.StateMachineUpdater (StateMachineUpdater.java:stopAndJoin(153)) - 85a84f3f-4e6e-49f5-978d-fa543ddbfdc8@group-775324B89DEF-StateMachineUpdater: set stopIndex = -1
2022-11-10 07:15:49,439 [85a84f3f-4e6e-49f5-978d-fa543ddbfdc8@group-A7AEA554E317-StateMachineUpdater] INFO  ratis.ContainerStateMachine (ContainerStateMachine.java:takeSnapshot(304)) - group-A7AEA554E317: Taking a snapshot at:(t:1, i:0) file /home/runner/work/ozone/ozone/hadoop-ozone/integration-test/target/test-dir/MiniOzoneClusterImpl-84cafbd6-325b-4886-915b-d0b5d28b8cf9/datanode-0/data/ratis/0095fc01-12e9-40ce-98c7-a7aea554e317/sm/snapshot.1_0
2022-11-10 07:15:49,439 [85a84f3f-4e6e-49f5-978d-fa543ddbfdc8-impl-thread3] INFO  impl.StateMachineUpdater (StateMachineUpdater.java:stopAndJoin(153)) - 85a84f3f-4e6e-49f5-978d-fa543ddbfdc8@group-A7AEA554E317-StateMachineUpdater: set stopIndex = 0
2022-11-10 07:15:49,439 [85a84f3f-4e6e-49f5-978d-fa543ddbfdc8-impl-thread2] INFO  server.RaftServer$Division (ServerState.java:close(466)) - 85a84f3f-4e6e-49f5-978d-fa543ddbfdc8@group-775324B89DEF: closes. applyIndex: -1
2022-11-10 07:15:49,443 [85a84f3f-4e6e-49f5-978d-fa543ddbfdc8@group-775324B89DEF-SegmentedRaftLogWorker] INFO  segmented.SegmentedRaftLogWorker (SegmentedRaftLogWorker.java:run(345)) - 85a84f3f-4e6e-49f5-978d-fa543ddbfdc8@group-775324B89DEF-SegmentedRaftLogWorker was interrupted, exiting. There are 0 tasks remaining in the queue.
2022-11-10 07:15:49,443 [85a84f3f-4e6e-49f5-978d-fa543ddbfdc8-impl-thread2] INFO  segmented.SegmentedRaftLogWorker (SegmentedRaftLogWorker.java:close(255)) - 85a84f3f-4e6e-49f5-978d-fa543ddbfdc8@group-775324B89DEF-SegmentedRaftLogWorker close()
2022-11-10 07:15:49,443 [85a84f3f-4e6e-49f5-978d-fa543ddbfdc8@group-A7AEA554E317-StateMachineUpdater] INFO  ratis.ContainerStateMachine (ContainerStateMachine.java:takeSnapshot(315)) - group-A7AEA554E317: Finished taking a snapshot at:(t:1, i:0) file:/home/runner/work/ozone/ozone/hadoop-ozone/integration-test/target/test-dir/MiniOzoneClusterImpl-84cafbd6-325b-4886-915b-d0b5d28b8cf9/datanode-0/data/ratis/0095fc01-12e9-40ce-98c7-a7aea554e317/sm/snapshot.1_0 took: 1 ms
2022-11-10 07:15:49,444 [85a84f3f-4e6e-49f5-978d-fa543ddbfdc8@group-A7AEA554E317-StateMachineUpdater] INFO  impl.StateMachineUpdater (StateMachineUpdater.java:takeSnapshot(287)) - 85a84f3f-4e6e-49f5-978d-fa543ddbfdc8@group-A7AEA554E317-StateMachineUpdater: Took a snapshot at index 0
2022-11-10 07:15:49,444 [85a84f3f-4e6e-49f5-978d-fa543ddbfdc8@group-A7AEA554E317-StateMachineUpdater] INFO  impl.StateMachineUpdater (StateMachineUpdater.java:lambda$new$0(92)) - 85a84f3f-4e6e-49f5-978d-fa543ddbfdc8@group-A7AEA554E317-StateMachineUpdater: snapshotIndex: updateIncreasingly -1 -> 0
2022-11-10 07:15:49,444 [85a84f3f-4e6e-49f5-978d-fa543ddbfdc8-impl-thread3] INFO  server.RaftServer$Division (ServerState.java:close(466)) - 85a84f3f-4e6e-49f5-978d-fa543ddbfdc8@group-A7AEA554E317: closes. applyIndex: 0
2022-11-10 07:15:49,447 [85a84f3f-4e6e-49f5-978d-fa543ddbfdc8@group-A7AEA554E317-SegmentedRaftLogWorker] INFO  segmented.SegmentedRaftLogWorker (SegmentedRaftLogWorker.java:run(345)) - 85a84f3f-4e6e-49f5-978d-fa543ddbfdc8@group-A7AEA554E317-SegmentedRaftLogWorker was interrupted, exiting. There are 0 tasks remaining in the queue.
2022-11-10 07:15:49,449 [85a84f3f-4e6e-49f5-978d-fa543ddbfdc8-impl-thread3] INFO  segmented.SegmentedRaftLogWorker (SegmentedRaftLogWorker.java:close(255)) - 85a84f3f-4e6e-49f5-978d-fa543ddbfdc8@group-A7AEA554E317-SegmentedRaftLogWorker close()
2022-11-10 07:15:49,449 [Listener at 127.0.0.1/43521] INFO  server.GrpcServerProtocolClient (GrpcServerProtocolClient.java:close(111)) - 3950d273-d245-4570-97e3-85d09fa36925 Close channels
2022-11-10 07:15:49,452 [Listener at 127.0.0.1/43521] INFO  server.GrpcService (GrpcService.java:closeImpl(288)) - 85a84f3f-4e6e-49f5-978d-fa543ddbfdc8: shutdown server GrpcServerProtocolService successfully
2022-11-10 07:15:49,453 [06ff1ec3-3332-4ac8-b4dc-23bc541e60c0@group-9CDDBF873C89-FollowerState] INFO  impl.FollowerState (FollowerState.java:run(143)) - 06ff1ec3-3332-4ac8-b4dc-23bc541e60c0@group-9CDDBF873C89-FollowerState: change to CANDIDATE, lastRpcElapsedTime:5025138188ns, electionTimeout:5024ms
2022-11-10 07:15:49,453 [06ff1ec3-3332-4ac8-b4dc-23bc541e60c0@group-9CDDBF873C89-FollowerState] INFO  impl.RoleInfo (RoleInfo.java:shutdownFollowerState(110)) - 06ff1ec3-3332-4ac8-b4dc-23bc541e60c0: shutdown 06ff1ec3-3332-4ac8-b4dc-23bc541e60c0@group-9CDDBF873C89-FollowerState
2022-11-10 07:15:49,453 [06ff1ec3-3332-4ac8-b4dc-23bc541e60c0@group-9CDDBF873C89-FollowerState] INFO  server.RaftServer$Division (RaftServerImpl.java:setRole(321)) - 06ff1ec3-3332-4ac8-b4dc-23bc541e60c0@group-9CDDBF873C89: changes role from  FOLLOWER to CANDIDATE at term 0 for changeToCandidate
2022-11-10 07:15:49,453 [06ff1ec3-3332-4ac8-b4dc-23bc541e60c0@group-9CDDBF873C89-FollowerState] INFO  server.RaftServerConfigKeys (ConfUtils.java:logGet(46)) - raft.server.leaderelection.pre-vote = false (custom)
2022-11-10 07:15:49,453 [06ff1ec3-3332-4ac8-b4dc-23bc541e60c0@group-9CDDBF873C89-FollowerState] INFO  impl.RoleInfo (RoleInfo.java:updateAndGet(139)) - 06ff1ec3-3332-4ac8-b4dc-23bc541e60c0: start 06ff1ec3-3332-4ac8-b4dc-23bc541e60c0@group-9CDDBF873C89-LeaderElection38
2022-11-10 07:15:49,455 [JvmPauseMonitor8] INFO  util.JvmPauseMonitor (JvmPauseMonitor.java:run(111)) - JvmPauseMonitor-85a84f3f-4e6e-49f5-978d-fa543ddbfdc8: Stopped
2022-11-10 07:15:49,459 [06ff1ec3-3332-4ac8-b4dc-23bc541e60c0@group-9CDDBF873C89-LeaderElection38] INFO  impl.LeaderElection (LeaderElection.java:askForVotes(312)) - 06ff1ec3-3332-4ac8-b4dc-23bc541e60c0@group-9CDDBF873C89-LeaderElection38 ELECTION round 0: submit vote requests at term 1 for -1: peers:[06ff1ec3-3332-4ac8-b4dc-23bc541e60c0|rpc:10.1.0.59:34685|priority:1|startupRole:FOLLOWER]|listeners:[], old=null
2022-11-10 07:15:49,459 [06ff1ec3-3332-4ac8-b4dc-23bc541e60c0@group-9CDDBF873C89-LeaderElection38] INFO  impl.LeaderElection (LeaderElection.java:askForVotes(314)) - 06ff1ec3-3332-4ac8-b4dc-23bc541e60c0@group-9CDDBF873C89-LeaderElection38 ELECTION round 0: result PASSED (term=1)
2022-11-10 07:15:49,459 [06ff1ec3-3332-4ac8-b4dc-23bc541e60c0@group-9CDDBF873C89-LeaderElection38] INFO  impl.RoleInfo (RoleInfo.java:shutdownLeaderElection(130)) - 06ff1ec3-3332-4ac8-b4dc-23bc541e60c0: shutdown 06ff1ec3-3332-4ac8-b4dc-23bc541e60c0@group-9CDDBF873C89-LeaderElection38
2022-11-10 07:15:49,459 [06ff1ec3-3332-4ac8-b4dc-23bc541e60c0@group-9CDDBF873C89-LeaderElection38] INFO  server.RaftServer$Division (RaftServerImpl.java:setRole(321)) - 06ff1ec3-3332-4ac8-b4dc-23bc541e60c0@group-9CDDBF873C89: changes role from CANDIDATE to LEADER at term 1 for changeToLeader
2022-11-10 07:15:49,459 [06ff1ec3-3332-4ac8-b4dc-23bc541e60c0@group-9CDDBF873C89-LeaderElection38] INFO  ratis.XceiverServerRatis (XceiverServerRatis.java:handleLeaderChangedNotification(863)) - Leader change notification received for group: group-9CDDBF873C89 with new leaderId: 06ff1ec3-3332-4ac8-b4dc-23bc541e60c0
2022-11-10 07:15:49,459 [06ff1ec3-3332-4ac8-b4dc-23bc541e60c0@group-9CDDBF873C89-LeaderElection38] INFO  server.RaftServer$Division (ServerState.java:setLeader(313)) - 06ff1ec3-3332-4ac8-b4dc-23bc541e60c0@group-9CDDBF873C89: change Leader from null to 06ff1ec3-3332-4ac8-b4dc-23bc541e60c0 at term 1 for becomeLeader, leader elected after 5040ms
2022-11-10 07:15:49,459 [06ff1ec3-3332-4ac8-b4dc-23bc541e60c0@group-9CDDBF873C89-LeaderElection38] INFO  server.RaftServerConfigKeys (ConfUtils.java:logGet(46)) - raft.server.staging.catchup.gap = 1000 (default)
2022-11-10 07:15:49,459 [06ff1ec3-3332-4ac8-b4dc-23bc541e60c0@group-9CDDBF873C89-LeaderElection38] INFO  server.RaftServerConfigKeys (ConfUtils.java:logGet(46)) - raft.server.write.element-limit = 1024 (custom)
2022-11-10 07:15:49,459 [06ff1ec3-3332-4ac8-b4dc-23bc541e60c0@group-9CDDBF873C89-LeaderElection38] INFO  server.RaftServerConfigKeys (ConfUtils.java:logGet(46)) - raft.server.write.byte-limit = 1024 M (=1073741824) (custom)
2022-11-10 07:15:49,460 [06ff1ec3-3332-4ac8-b4dc-23bc541e60c0@group-9CDDBF873C89-LeaderElection38] INFO  server.RaftServerConfigKeys (ConfUtils.java:logGet(46)) - raft.server.watch.timeout = 180s (custom)
2022-11-10 07:15:49,460 [06ff1ec3-3332-4ac8-b4dc-23bc541e60c0@group-9CDDBF873C89-LeaderElection38] INFO  server.RaftServerConfigKeys (ConfUtils.java:logGet(46)) - raft.server.watch.timeout.denomination = 1s (default)
2022-11-10 07:15:49,460 [06ff1ec3-3332-4ac8-b4dc-23bc541e60c0@group-9CDDBF873C89-LeaderElection38] INFO  server.RaftServerConfigKeys (ConfUtils.java:logGet(46)) - raft.server.watch.element-limit = 65536 (default)
2022-11-10 07:15:49,460 [06ff1ec3-3332-4ac8-b4dc-23bc541e60c0@group-9CDDBF873C89-LeaderElection38] INFO  server.RaftServerConfigKeys (ConfUtils.java:logGet(46)) - raft.server.write.element-limit = 1024 (custom)
2022-11-10 07:15:49,460 [06ff1ec3-3332-4ac8-b4dc-23bc541e60c0@group-9CDDBF873C89-LeaderElection38] INFO  server.RaftServerConfigKeys (ConfUtils.java:logGet(46)) - raft.server.write.follower.gap.ratio.max = -1.0 (default)
2022-11-10 07:15:49,460 [06ff1ec3-3332-4ac8-b4dc-23bc541e60c0@group-9CDDBF873C89-LeaderElection38] INFO  impl.RoleInfo (RoleInfo.java:updateAndGet(139)) - 06ff1ec3-3332-4ac8-b4dc-23bc541e60c0: start 06ff1ec3-3332-4ac8-b4dc-23bc541e60c0@group-9CDDBF873C89-LeaderStateImpl
2022-11-10 07:15:49,462 [06ff1ec3-3332-4ac8-b4dc-23bc541e60c0@group-9CDDBF873C89-LeaderElection38] INFO  segmented.SegmentedRaftLogWorker (SegmentedRaftLogWorker.java:startLogSegment(452)) - 06ff1ec3-3332-4ac8-b4dc-23bc541e60c0@group-9CDDBF873C89-SegmentedRaftLogWorker: Starting segment from index:0
2022-11-10 07:15:49,463 [06ff1ec3-3332-4ac8-b4dc-23bc541e60c0@group-9CDDBF873C89-SegmentedRaftLogWorker] INFO  segmented.SegmentedRaftLogWorker (SegmentedRaftLogWorker.java:execute(656)) - 06ff1ec3-3332-4ac8-b4dc-23bc541e60c0@group-9CDDBF873C89-SegmentedRaftLogWorker: created new log segment /home/runner/work/ozone/ozone/hadoop-ozone/integration-test/target/test-dir/MiniOzoneClusterImpl-84cafbd6-325b-4886-915b-d0b5d28b8cf9/datanode-2/data/ratis/637d6c75-b572-4caf-a2ca-9cddbf873c89/current/log_inprogress_0
2022-11-10 07:15:49,464 [06ff1ec3-3332-4ac8-b4dc-23bc541e60c0@group-9CDDBF873C89-LeaderElection38] INFO  server.RaftServer$Division (ServerState.java:setRaftConf(430)) - 06ff1ec3-3332-4ac8-b4dc-23bc541e60c0@group-9CDDBF873C89: set configuration 0: peers:[06ff1ec3-3332-4ac8-b4dc-23bc541e60c0|rpc:10.1.0.59:34685|dataStream:|priority:1|startupRole:FOLLOWER]|listeners:[], old=null
2022-11-10 07:15:51,462 [Listener at 127.0.0.1/43521] INFO  volume.HddsVolume (HddsVolume.java:closeDbStore(338)) - SchemaV3 db is stopped at /home/runner/work/ozone/ozone/hadoop-ozone/integration-test/target/test-dir/MiniOzoneClusterImpl-84cafbd6-325b-4886-915b-d0b5d28b8cf9/datanode-0/data-0/containers/hdds/84cafbd6-325b-4886-915b-d0b5d28b8cf9/DS-b6cd647d-35ae-495c-8eee-e51e32f56a94/container.db for volume DS-b6cd647d-35ae-495c-8eee-e51e32f56a94
2022-11-10 07:15:51,462 [Listener at 127.0.0.1/43521] INFO  utils.BackgroundService (BackgroundService.java:shutdown(141)) - Shutting down service BlockDeletingService
2022-11-10 07:15:51,467 [Listener at 127.0.0.1/43521] INFO  utils.BackgroundService (BackgroundService.java:shutdown(141)) - Shutting down service StaleRecoveringContainerScrubbingService
2022-11-10 07:15:51,469 [Listener at 127.0.0.1/43521] INFO  statemachine.DatanodeStateMachine (DatanodeStateMachine.java:stopDaemon(593)) - Ozone container server stopped.
2022-11-10 07:15:51,477 [Listener at 127.0.0.1/43521] INFO  handler.ContextHandler (ContextHandler.java:doStop(1159)) - Stopped o.e.j.w.WebAppContext@ad9f257{hddsDatanode,/,null,STOPPED}{jar:file:/home/runner/.m2/repository/org/apache/ozone/hdds-container-service/1.3.0-SNAPSHOT/hdds-container-service-1.3.0-SNAPSHOT.jar!/webapps/hddsDatanode}
2022-11-10 07:15:51,477 [Listener at 127.0.0.1/43521] INFO  server.AbstractConnector (AbstractConnector.java:doStop(383)) - Stopped ServerConnector@e6939{HTTP/1.1, (http/1.1)}{0.0.0.0:0}
2022-11-10 07:15:51,477 [Listener at 127.0.0.1/43521] INFO  server.session (HouseKeeper.java:stopScavenging(149)) - node0 Stopped scavenging
2022-11-10 07:15:51,478 [Listener at 127.0.0.1/43521] INFO  handler.ContextHandler (ContextHandler.java:doStop(1159)) - Stopped o.e.j.s.ServletContextHandler@a429406{static,/static,jar:file:/home/runner/.m2/repository/org/apache/ozone/hdds-container-service/1.3.0-SNAPSHOT/hdds-container-service-1.3.0-SNAPSHOT.jar!/webapps/static,STOPPED}
2022-11-10 07:15:51,479 [Listener at 127.0.0.1/43521] INFO  handler.ContextHandler (ContextHandler.java:doStop(1159)) - Stopped o.e.j.s.ServletContextHandler@6cc4aa3d{logs,/logs,file:///home/runner/work/ozone/ozone/hadoop-ozone/integration-test/target/log,STOPPED}
2022-11-10 07:15:51,484 [Listener at 127.0.0.1/43521] INFO  ozoneimpl.OzoneContainer (OzoneContainer.java:stop(400)) - Attempting to stop container services.
2022-11-10 07:15:51,485 [Listener at 127.0.0.1/43521] INFO  server.RaftServer (RaftServerProxy.java:lambda$close$6(409)) - 3950d273-d245-4570-97e3-85d09fa36925: close
2022-11-10 07:15:51,486 [3950d273-d245-4570-97e3-85d09fa36925-impl-thread1] INFO  server.RaftServer$Division (RaftServerImpl.java:lambda$close$4(458)) - 3950d273-d245-4570-97e3-85d09fa36925@group-5A95D11C1572: shutdown
2022-11-10 07:15:51,486 [3950d273-d245-4570-97e3-85d09fa36925-impl-thread1] INFO  util.JmxRegister (JmxRegister.java:unregister(73)) - Successfully un-registered JMX Bean with object name Ratis:service=RaftServer,group=group-5A95D11C1572,id=3950d273-d245-4570-97e3-85d09fa36925
2022-11-10 07:15:51,486 [3950d273-d245-4570-97e3-85d09fa36925-impl-thread1] INFO  impl.RoleInfo (RoleInfo.java:shutdownLeaderState(93)) - 3950d273-d245-4570-97e3-85d09fa36925: shutdown 3950d273-d245-4570-97e3-85d09fa36925@group-5A95D11C1572-LeaderStateImpl
2022-11-10 07:15:51,486 [3950d273-d245-4570-97e3-85d09fa36925-impl-thread1] INFO  impl.PendingRequests (PendingRequests.java:sendNotLeaderResponses(282)) - 3950d273-d245-4570-97e3-85d09fa36925@group-5A95D11C1572-PendingRequests: sendNotLeaderResponses
2022-11-10 07:15:51,486 [3950d273-d245-4570-97e3-85d09fa36925-impl-thread1] INFO  impl.StateMachineUpdater (StateMachineUpdater.java:stopAndJoin(153)) - 3950d273-d245-4570-97e3-85d09fa36925@group-5A95D11C1572-StateMachineUpdater: set stopIndex = 0
2022-11-10 07:15:51,486 [3950d273-d245-4570-97e3-85d09fa36925@group-5A95D11C1572-StateMachineUpdater] INFO  ratis.ContainerStateMachine (ContainerStateMachine.java:takeSnapshot(304)) - group-5A95D11C1572: Taking a snapshot at:(t:1, i:0) file /home/runner/work/ozone/ozone/hadoop-ozone/integration-test/target/test-dir/MiniOzoneClusterImpl-84cafbd6-325b-4886-915b-d0b5d28b8cf9/datanode-1/data/ratis/9be934be-80e4-444c-9f95-5a95d11c1572/sm/snapshot.1_0
2022-11-10 07:15:51,488 [3950d273-d245-4570-97e3-85d09fa36925@group-5A95D11C1572-StateMachineUpdater] INFO  ratis.ContainerStateMachine (ContainerStateMachine.java:takeSnapshot(315)) - group-5A95D11C1572: Finished taking a snapshot at:(t:1, i:0) file:/home/runner/work/ozone/ozone/hadoop-ozone/integration-test/target/test-dir/MiniOzoneClusterImpl-84cafbd6-325b-4886-915b-d0b5d28b8cf9/datanode-1/data/ratis/9be934be-80e4-444c-9f95-5a95d11c1572/sm/snapshot.1_0 took: 2 ms
2022-11-10 07:15:51,488 [3950d273-d245-4570-97e3-85d09fa36925@group-5A95D11C1572-StateMachineUpdater] INFO  impl.StateMachineUpdater (StateMachineUpdater.java:takeSnapshot(287)) - 3950d273-d245-4570-97e3-85d09fa36925@group-5A95D11C1572-StateMachineUpdater: Took a snapshot at index 0
2022-11-10 07:15:51,488 [3950d273-d245-4570-97e3-85d09fa36925@group-5A95D11C1572-StateMachineUpdater] INFO  impl.StateMachineUpdater (StateMachineUpdater.java:lambda$new$0(92)) - 3950d273-d245-4570-97e3-85d09fa36925@group-5A95D11C1572-StateMachineUpdater: snapshotIndex: updateIncreasingly -1 -> 0
2022-11-10 07:15:51,488 [3950d273-d245-4570-97e3-85d09fa36925-impl-thread1] INFO  server.RaftServer$Division (ServerState.java:close(466)) - 3950d273-d245-4570-97e3-85d09fa36925@group-5A95D11C1572: closes. applyIndex: 0
2022-11-10 07:15:51,494 [3950d273-d245-4570-97e3-85d09fa36925@group-5A95D11C1572-SegmentedRaftLogWorker] INFO  segmented.SegmentedRaftLogWorker (SegmentedRaftLogWorker.java:run(345)) - 3950d273-d245-4570-97e3-85d09fa36925@group-5A95D11C1572-SegmentedRaftLogWorker was interrupted, exiting. There are 0 tasks remaining in the queue.
2022-11-10 07:15:51,494 [3950d273-d245-4570-97e3-85d09fa36925-impl-thread2] INFO  server.RaftServer$Division (RaftServerImpl.java:lambda$close$4(458)) - 3950d273-d245-4570-97e3-85d09fa36925@group-67DF168ABD2C: shutdown
2022-11-10 07:15:51,494 [Listener at 127.0.0.1/43521] INFO  server.GrpcService (GrpcService.java:closeImpl(279)) - 3950d273-d245-4570-97e3-85d09fa36925: shutdown server GrpcServerProtocolService now
2022-11-10 07:15:51,494 [3950d273-d245-4570-97e3-85d09fa36925-impl-thread2] INFO  util.JmxRegister (JmxRegister.java:unregister(73)) - Successfully un-registered JMX Bean with object name Ratis:service=RaftServer,group=group-67DF168ABD2C,id=3950d273-d245-4570-97e3-85d09fa36925
2022-11-10 07:15:51,507 [3950d273-d245-4570-97e3-85d09fa36925-impl-thread2] INFO  impl.RoleInfo (RoleInfo.java:shutdownFollowerState(110)) - 3950d273-d245-4570-97e3-85d09fa36925: shutdown 3950d273-d245-4570-97e3-85d09fa36925@group-67DF168ABD2C-FollowerState
2022-11-10 07:15:51,507 [3950d273-d245-4570-97e3-85d09fa36925-impl-thread2] INFO  impl.StateMachineUpdater (StateMachineUpdater.java:stopAndJoin(153)) - 3950d273-d245-4570-97e3-85d09fa36925@group-67DF168ABD2C-StateMachineUpdater: set stopIndex = 0
2022-11-10 07:15:51,507 [3950d273-d245-4570-97e3-85d09fa36925@group-67DF168ABD2C-StateMachineUpdater] INFO  ratis.ContainerStateMachine (ContainerStateMachine.java:takeSnapshot(304)) - group-67DF168ABD2C: Taking a snapshot at:(t:1, i:0) file /home/runner/work/ozone/ozone/hadoop-ozone/integration-test/target/test-dir/MiniOzoneClusterImpl-84cafbd6-325b-4886-915b-d0b5d28b8cf9/datanode-1/data/ratis/24cf041f-b10b-4731-9db4-67df168abd2c/sm/snapshot.1_0
2022-11-10 07:15:51,507 [Listener at 127.0.0.1/43521] INFO  server.GrpcService (GrpcService.java:closeImpl(288)) - 3950d273-d245-4570-97e3-85d09fa36925: shutdown server GrpcServerProtocolService successfully
2022-11-10 07:15:51,496 [3950d273-d245-4570-97e3-85d09fa36925-impl-thread3] INFO  server.RaftServer$Division (RaftServerImpl.java:lambda$close$4(458)) - 3950d273-d245-4570-97e3-85d09fa36925@group-775324B89DEF: shutdown
2022-11-10 07:15:51,508 [3950d273-d245-4570-97e3-85d09fa36925@group-67DF168ABD2C-StateMachineUpdater] INFO  ratis.ContainerStateMachine (ContainerStateMachine.java:takeSnapshot(315)) - group-67DF168ABD2C: Finished taking a snapshot at:(t:1, i:0) file:/home/runner/work/ozone/ozone/hadoop-ozone/integration-test/target/test-dir/MiniOzoneClusterImpl-84cafbd6-325b-4886-915b-d0b5d28b8cf9/datanode-1/data/ratis/24cf041f-b10b-4731-9db4-67df168abd2c/sm/snapshot.1_0 took: 1 ms
2022-11-10 07:15:51,508 [3950d273-d245-4570-97e3-85d09fa36925-impl-thread3] INFO  util.JmxRegister (JmxRegister.java:unregister(73)) - Successfully un-registered JMX Bean with object name Ratis:service=RaftServer,group=group-775324B89DEF,id=3950d273-d245-4570-97e3-85d09fa36925
2022-11-10 07:15:51,495 [3950d273-d245-4570-97e3-85d09fa36925-impl-thread1] INFO  segmented.SegmentedRaftLogWorker (SegmentedRaftLogWorker.java:close(255)) - 3950d273-d245-4570-97e3-85d09fa36925@group-5A95D11C1572-SegmentedRaftLogWorker close()
2022-11-10 07:15:51,507 [3950d273-d245-4570-97e3-85d09fa36925@group-67DF168ABD2C-FollowerState] INFO  impl.FollowerState (FollowerState.java:run(152)) - 3950d273-d245-4570-97e3-85d09fa36925@group-67DF168ABD2C-FollowerState was interrupted
2022-11-10 07:15:51,508 [3950d273-d245-4570-97e3-85d09fa36925@group-67DF168ABD2C-StateMachineUpdater] INFO  impl.StateMachineUpdater (StateMachineUpdater.java:takeSnapshot(287)) - 3950d273-d245-4570-97e3-85d09fa36925@group-67DF168ABD2C-StateMachineUpdater: Took a snapshot at index 0
2022-11-10 07:15:51,511 [3950d273-d245-4570-97e3-85d09fa36925@group-67DF168ABD2C-StateMachineUpdater] INFO  impl.StateMachineUpdater (StateMachineUpdater.java:lambda$new$0(92)) - 3950d273-d245-4570-97e3-85d09fa36925@group-67DF168ABD2C-StateMachineUpdater: snapshotIndex: updateIncreasingly -1 -> 0
2022-11-10 07:15:51,511 [3950d273-d245-4570-97e3-85d09fa36925-impl-thread3] INFO  impl.RoleInfo (RoleInfo.java:shutdownFollowerState(110)) - 3950d273-d245-4570-97e3-85d09fa36925: shutdown 3950d273-d245-4570-97e3-85d09fa36925@group-775324B89DEF-FollowerState
2022-11-10 07:15:51,512 [3950d273-d245-4570-97e3-85d09fa36925-impl-thread3] INFO  impl.StateMachineUpdater (StateMachineUpdater.java:stopAndJoin(153)) - 3950d273-d245-4570-97e3-85d09fa36925@group-775324B89DEF-StateMachineUpdater: set stopIndex = -1
2022-11-10 07:15:51,512 [3950d273-d245-4570-97e3-85d09fa36925-impl-thread2] INFO  server.RaftServer$Division (ServerState.java:close(466)) - 3950d273-d245-4570-97e3-85d09fa36925@group-67DF168ABD2C: closes. applyIndex: 0
2022-11-10 07:15:51,512 [3950d273-d245-4570-97e3-85d09fa36925-impl-thread3] INFO  server.RaftServer$Division (ServerState.java:close(466)) - 3950d273-d245-4570-97e3-85d09fa36925@group-775324B89DEF: closes. applyIndex: -1
2022-11-10 07:15:51,512 [3950d273-d245-4570-97e3-85d09fa36925@group-67DF168ABD2C-SegmentedRaftLogWorker] INFO  segmented.SegmentedRaftLogWorker (SegmentedRaftLogWorker.java:run(345)) - 3950d273-d245-4570-97e3-85d09fa36925@group-67DF168ABD2C-SegmentedRaftLogWorker was interrupted, exiting. There are 0 tasks remaining in the queue.
2022-11-10 07:15:51,512 [3950d273-d245-4570-97e3-85d09fa36925@group-775324B89DEF-FollowerState] INFO  impl.FollowerState (FollowerState.java:run(152)) - 3950d273-d245-4570-97e3-85d09fa36925@group-775324B89DEF-FollowerState was interrupted
2022-11-10 07:15:51,513 [3950d273-d245-4570-97e3-85d09fa36925@group-775324B89DEF-SegmentedRaftLogWorker] INFO  segmented.SegmentedRaftLogWorker (SegmentedRaftLogWorker.java:run(345)) - 3950d273-d245-4570-97e3-85d09fa36925@group-775324B89DEF-SegmentedRaftLogWorker was interrupted, exiting. There are 0 tasks remaining in the queue.
2022-11-10 07:15:51,513 [3950d273-d245-4570-97e3-85d09fa36925-impl-thread2] INFO  segmented.SegmentedRaftLogWorker (SegmentedRaftLogWorker.java:close(255)) - 3950d273-d245-4570-97e3-85d09fa36925@group-67DF168ABD2C-SegmentedRaftLogWorker close()
2022-11-10 07:15:51,515 [3950d273-d245-4570-97e3-85d09fa36925-impl-thread3] INFO  segmented.SegmentedRaftLogWorker (SegmentedRaftLogWorker.java:close(255)) - 3950d273-d245-4570-97e3-85d09fa36925@group-775324B89DEF-SegmentedRaftLogWorker close()
2022-11-10 07:15:51,515 [JvmPauseMonitor9] INFO  util.JvmPauseMonitor (JvmPauseMonitor.java:run(111)) - JvmPauseMonitor-3950d273-d245-4570-97e3-85d09fa36925: Stopped
2022-11-10 07:15:53,520 [Listener at 127.0.0.1/43521] INFO  volume.HddsVolume (HddsVolume.java:closeDbStore(338)) - SchemaV3 db is stopped at /home/runner/work/ozone/ozone/hadoop-ozone/integration-test/target/test-dir/MiniOzoneClusterImpl-84cafbd6-325b-4886-915b-d0b5d28b8cf9/datanode-1/data-0/containers/hdds/84cafbd6-325b-4886-915b-d0b5d28b8cf9/DS-12d05e66-f897-42dc-b572-b5becad059d7/container.db for volume DS-12d05e66-f897-42dc-b572-b5becad059d7
2022-11-10 07:15:53,520 [Listener at 127.0.0.1/43521] INFO  utils.BackgroundService (BackgroundService.java:shutdown(141)) - Shutting down service BlockDeletingService
2022-11-10 07:15:53,523 [Listener at 127.0.0.1/43521] INFO  utils.BackgroundService (BackgroundService.java:shutdown(141)) - Shutting down service StaleRecoveringContainerScrubbingService
2022-11-10 07:15:53,528 [Listener at 127.0.0.1/43521] INFO  statemachine.DatanodeStateMachine (DatanodeStateMachine.java:stopDaemon(593)) - Ozone container server stopped.
2022-11-10 07:15:53,536 [Listener at 127.0.0.1/43521] INFO  handler.ContextHandler (ContextHandler.java:doStop(1159)) - Stopped o.e.j.w.WebAppContext@1f5e7fe1{hddsDatanode,/,null,STOPPED}{jar:file:/home/runner/.m2/repository/org/apache/ozone/hdds-container-service/1.3.0-SNAPSHOT/hdds-container-service-1.3.0-SNAPSHOT.jar!/webapps/hddsDatanode}
2022-11-10 07:15:53,537 [Listener at 127.0.0.1/43521] INFO  server.AbstractConnector (AbstractConnector.java:doStop(383)) - Stopped ServerConnector@74300dba{HTTP/1.1, (http/1.1)}{0.0.0.0:0}
2022-11-10 07:15:53,537 [Listener at 127.0.0.1/43521] INFO  server.session (HouseKeeper.java:stopScavenging(149)) - node0 Stopped scavenging
2022-11-10 07:15:53,537 [Listener at 127.0.0.1/43521] INFO  handler.ContextHandler (ContextHandler.java:doStop(1159)) - Stopped o.e.j.s.ServletContextHandler@176c15d8{static,/static,jar:file:/home/runner/.m2/repository/org/apache/ozone/hdds-container-service/1.3.0-SNAPSHOT/hdds-container-service-1.3.0-SNAPSHOT.jar!/webapps/static,STOPPED}
2022-11-10 07:15:53,538 [Listener at 127.0.0.1/43521] INFO  handler.ContextHandler (ContextHandler.java:doStop(1159)) - Stopped o.e.j.s.ServletContextHandler@203cc120{logs,/logs,file:///home/runner/work/ozone/ozone/hadoop-ozone/integration-test/target/log,STOPPED}
2022-11-10 07:15:53,540 [Listener at 127.0.0.1/43521] INFO  ozoneimpl.OzoneContainer (OzoneContainer.java:stop(400)) - Attempting to stop container services.
2022-11-10 07:15:53,541 [Listener at 127.0.0.1/43521] INFO  server.RaftServer (RaftServerProxy.java:lambda$close$6(409)) - 06ff1ec3-3332-4ac8-b4dc-23bc541e60c0: close
2022-11-10 07:15:53,542 [06ff1ec3-3332-4ac8-b4dc-23bc541e60c0-impl-thread1] INFO  server.RaftServer$Division (RaftServerImpl.java:lambda$close$4(458)) - 06ff1ec3-3332-4ac8-b4dc-23bc541e60c0@group-67DF168ABD2C: shutdown
2022-11-10 07:15:53,542 [06ff1ec3-3332-4ac8-b4dc-23bc541e60c0-impl-thread1] INFO  util.JmxRegister (JmxRegister.java:unregister(73)) - Successfully un-registered JMX Bean with object name Ratis:service=RaftServer,group=group-67DF168ABD2C,id=06ff1ec3-3332-4ac8-b4dc-23bc541e60c0
2022-11-10 07:15:53,542 [06ff1ec3-3332-4ac8-b4dc-23bc541e60c0-impl-thread1] INFO  impl.RoleInfo (RoleInfo.java:shutdownFollowerState(110)) - 06ff1ec3-3332-4ac8-b4dc-23bc541e60c0: shutdown 06ff1ec3-3332-4ac8-b4dc-23bc541e60c0@group-67DF168ABD2C-FollowerState
2022-11-10 07:15:53,542 [06ff1ec3-3332-4ac8-b4dc-23bc541e60c0-impl-thread2] INFO  server.RaftServer$Division (RaftServerImpl.java:lambda$close$4(458)) - 06ff1ec3-3332-4ac8-b4dc-23bc541e60c0@group-775324B89DEF: shutdown
2022-11-10 07:15:53,542 [06ff1ec3-3332-4ac8-b4dc-23bc541e60c0-impl-thread2] INFO  util.JmxRegister (JmxRegister.java:unregister(73)) - Successfully un-registered JMX Bean with object name Ratis:service=RaftServer,group=group-775324B89DEF,id=06ff1ec3-3332-4ac8-b4dc-23bc541e60c0
2022-11-10 07:15:53,542 [06ff1ec3-3332-4ac8-b4dc-23bc541e60c0-impl-thread2] INFO  impl.RoleInfo (RoleInfo.java:shutdownFollowerState(110)) - 06ff1ec3-3332-4ac8-b4dc-23bc541e60c0: shutdown 06ff1ec3-3332-4ac8-b4dc-23bc541e60c0@group-775324B89DEF-FollowerState
2022-11-10 07:15:53,543 [Listener at 127.0.0.1/43521] INFO  server.GrpcService (GrpcService.java:closeImpl(279)) - 06ff1ec3-3332-4ac8-b4dc-23bc541e60c0: shutdown server GrpcServerProtocolService now
2022-11-10 07:15:53,544 [06ff1ec3-3332-4ac8-b4dc-23bc541e60c0-impl-thread3] INFO  server.RaftServer$Division (RaftServerImpl.java:lambda$close$4(458)) - 06ff1ec3-3332-4ac8-b4dc-23bc541e60c0@group-9CDDBF873C89: shutdown
2022-11-10 07:15:53,546 [06ff1ec3-3332-4ac8-b4dc-23bc541e60c0-impl-thread3] INFO  util.JmxRegister (JmxRegister.java:unregister(73)) - Successfully un-registered JMX Bean with object name Ratis:service=RaftServer,group=group-9CDDBF873C89,id=06ff1ec3-3332-4ac8-b4dc-23bc541e60c0
2022-11-10 07:15:53,551 [06ff1ec3-3332-4ac8-b4dc-23bc541e60c0@group-67DF168ABD2C-StateMachineUpdater] INFO  ratis.ContainerStateMachine (ContainerStateMachine.java:takeSnapshot(304)) - group-67DF168ABD2C: Taking a snapshot at:(t:1, i:0) file /home/runner/work/ozone/ozone/hadoop-ozone/integration-test/target/test-dir/MiniOzoneClusterImpl-84cafbd6-325b-4886-915b-d0b5d28b8cf9/datanode-2/data/ratis/24cf041f-b10b-4731-9db4-67df168abd2c/sm/snapshot.1_0
2022-11-10 07:15:53,551 [06ff1ec3-3332-4ac8-b4dc-23bc541e60c0@group-67DF168ABD2C-FollowerState] INFO  impl.FollowerState (FollowerState.java:run(152)) - 06ff1ec3-3332-4ac8-b4dc-23bc541e60c0@group-67DF168ABD2C-FollowerState was interrupted
2022-11-10 07:15:53,551 [Listener at 127.0.0.1/43521] INFO  server.GrpcServerProtocolClient (GrpcServerProtocolClient.java:close(111)) - 3950d273-d245-4570-97e3-85d09fa36925 Close channels
2022-11-10 07:15:53,546 [06ff1ec3-3332-4ac8-b4dc-23bc541e60c0-impl-thread1] INFO  impl.StateMachineUpdater (StateMachineUpdater.java:stopAndJoin(153)) - 06ff1ec3-3332-4ac8-b4dc-23bc541e60c0@group-67DF168ABD2C-StateMachineUpdater: set stopIndex = 0
2022-11-10 07:15:53,546 [06ff1ec3-3332-4ac8-b4dc-23bc541e60c0@group-775324B89DEF-FollowerState] INFO  impl.FollowerState (FollowerState.java:run(152)) - 06ff1ec3-3332-4ac8-b4dc-23bc541e60c0@group-775324B89DEF-FollowerState was interrupted
2022-11-10 07:15:53,546 [06ff1ec3-3332-4ac8-b4dc-23bc541e60c0-impl-thread2] INFO  impl.StateMachineUpdater (StateMachineUpdater.java:stopAndJoin(153)) - 06ff1ec3-3332-4ac8-b4dc-23bc541e60c0@group-775324B89DEF-StateMachineUpdater: set stopIndex = -1
2022-11-10 07:15:53,552 [06ff1ec3-3332-4ac8-b4dc-23bc541e60c0-impl-thread2] INFO  server.RaftServer$Division (ServerState.java:close(466)) - 06ff1ec3-3332-4ac8-b4dc-23bc541e60c0@group-775324B89DEF: closes. applyIndex: -1
2022-11-10 07:15:53,553 [06ff1ec3-3332-4ac8-b4dc-23bc541e60c0@group-775324B89DEF-SegmentedRaftLogWorker] INFO  segmented.SegmentedRaftLogWorker (SegmentedRaftLogWorker.java:run(345)) - 06ff1ec3-3332-4ac8-b4dc-23bc541e60c0@group-775324B89DEF-SegmentedRaftLogWorker was interrupted, exiting. There are 0 tasks remaining in the queue.
2022-11-10 07:15:53,553 [06ff1ec3-3332-4ac8-b4dc-23bc541e60c0-impl-thread2] INFO  segmented.SegmentedRaftLogWorker (SegmentedRaftLogWorker.java:close(255)) - 06ff1ec3-3332-4ac8-b4dc-23bc541e60c0@group-775324B89DEF-SegmentedRaftLogWorker close()
2022-11-10 07:15:53,551 [06ff1ec3-3332-4ac8-b4dc-23bc541e60c0-impl-thread3] INFO  impl.RoleInfo (RoleInfo.java:shutdownLeaderState(93)) - 06ff1ec3-3332-4ac8-b4dc-23bc541e60c0: shutdown 06ff1ec3-3332-4ac8-b4dc-23bc541e60c0@group-9CDDBF873C89-LeaderStateImpl
2022-11-10 07:15:53,553 [06ff1ec3-3332-4ac8-b4dc-23bc541e60c0@group-67DF168ABD2C-StateMachineUpdater] INFO  ratis.ContainerStateMachine (ContainerStateMachine.java:takeSnapshot(315)) - group-67DF168ABD2C: Finished taking a snapshot at:(t:1, i:0) file:/home/runner/work/ozone/ozone/hadoop-ozone/integration-test/target/test-dir/MiniOzoneClusterImpl-84cafbd6-325b-4886-915b-d0b5d28b8cf9/datanode-2/data/ratis/24cf041f-b10b-4731-9db4-67df168abd2c/sm/snapshot.1_0 took: 2 ms
2022-11-10 07:15:53,554 [06ff1ec3-3332-4ac8-b4dc-23bc541e60c0@group-67DF168ABD2C-StateMachineUpdater] INFO  impl.StateMachineUpdater (StateMachineUpdater.java:takeSnapshot(287)) - 06ff1ec3-3332-4ac8-b4dc-23bc541e60c0@group-67DF168ABD2C-StateMachineUpdater: Took a snapshot at index 0
2022-11-10 07:15:53,554 [06ff1ec3-3332-4ac8-b4dc-23bc541e60c0@group-67DF168ABD2C-StateMachineUpdater] INFO  impl.StateMachineUpdater (StateMachineUpdater.java:lambda$new$0(92)) - 06ff1ec3-3332-4ac8-b4dc-23bc541e60c0@group-67DF168ABD2C-StateMachineUpdater: snapshotIndex: updateIncreasingly -1 -> 0
2022-11-10 07:15:53,554 [06ff1ec3-3332-4ac8-b4dc-23bc541e60c0-impl-thread1] INFO  server.RaftServer$Division (ServerState.java:close(466)) - 06ff1ec3-3332-4ac8-b4dc-23bc541e60c0@group-67DF168ABD2C: closes. applyIndex: 0
2022-11-10 07:15:53,554 [06ff1ec3-3332-4ac8-b4dc-23bc541e60c0@group-67DF168ABD2C-SegmentedRaftLogWorker] INFO  segmented.SegmentedRaftLogWorker (SegmentedRaftLogWorker.java:run(345)) - 06ff1ec3-3332-4ac8-b4dc-23bc541e60c0@group-67DF168ABD2C-SegmentedRaftLogWorker was interrupted, exiting. There are 0 tasks remaining in the queue.
2022-11-10 07:15:53,555 [06ff1ec3-3332-4ac8-b4dc-23bc541e60c0-impl-thread3] INFO  impl.PendingRequests (PendingRequests.java:sendNotLeaderResponses(282)) - 06ff1ec3-3332-4ac8-b4dc-23bc541e60c0@group-9CDDBF873C89-PendingRequests: sendNotLeaderResponses
2022-11-10 07:15:53,555 [06ff1ec3-3332-4ac8-b4dc-23bc541e60c0@group-9CDDBF873C89-StateMachineUpdater] INFO  ratis.ContainerStateMachine (ContainerStateMachine.java:takeSnapshot(304)) - group-9CDDBF873C89: Taking a snapshot at:(t:1, i:0) file /home/runner/work/ozone/ozone/hadoop-ozone/integration-test/target/test-dir/MiniOzoneClusterImpl-84cafbd6-325b-4886-915b-d0b5d28b8cf9/datanode-2/data/ratis/637d6c75-b572-4caf-a2ca-9cddbf873c89/sm/snapshot.1_0
2022-11-10 07:15:53,555 [06ff1ec3-3332-4ac8-b4dc-23bc541e60c0-impl-thread3] INFO  impl.StateMachineUpdater (StateMachineUpdater.java:stopAndJoin(153)) - 06ff1ec3-3332-4ac8-b4dc-23bc541e60c0@group-9CDDBF873C89-StateMachineUpdater: set stopIndex = 0
2022-11-10 07:15:53,556 [06ff1ec3-3332-4ac8-b4dc-23bc541e60c0@group-9CDDBF873C89-StateMachineUpdater] INFO  ratis.ContainerStateMachine (ContainerStateMachine.java:takeSnapshot(315)) - group-9CDDBF873C89: Finished taking a snapshot at:(t:1, i:0) file:/home/runner/work/ozone/ozone/hadoop-ozone/integration-test/target/test-dir/MiniOzoneClusterImpl-84cafbd6-325b-4886-915b-d0b5d28b8cf9/datanode-2/data/ratis/637d6c75-b572-4caf-a2ca-9cddbf873c89/sm/snapshot.1_0 took: 0 ms
2022-11-10 07:15:53,556 [06ff1ec3-3332-4ac8-b4dc-23bc541e60c0@group-9CDDBF873C89-StateMachineUpdater] INFO  impl.StateMachineUpdater (StateMachineUpdater.java:takeSnapshot(287)) - 06ff1ec3-3332-4ac8-b4dc-23bc541e60c0@group-9CDDBF873C89-StateMachineUpdater: Took a snapshot at index 0
2022-11-10 07:15:53,556 [06ff1ec3-3332-4ac8-b4dc-23bc541e60c0@group-9CDDBF873C89-StateMachineUpdater] INFO  impl.StateMachineUpdater (StateMachineUpdater.java:lambda$new$0(92)) - 06ff1ec3-3332-4ac8-b4dc-23bc541e60c0@group-9CDDBF873C89-StateMachineUpdater: snapshotIndex: updateIncreasingly -1 -> 0
2022-11-10 07:15:53,556 [06ff1ec3-3332-4ac8-b4dc-23bc541e60c0-impl-thread3] INFO  server.RaftServer$Division (ServerState.java:close(466)) - 06ff1ec3-3332-4ac8-b4dc-23bc541e60c0@group-9CDDBF873C89: closes. applyIndex: 0
2022-11-10 07:15:53,556 [06ff1ec3-3332-4ac8-b4dc-23bc541e60c0@group-9CDDBF873C89-SegmentedRaftLogWorker] INFO  segmented.SegmentedRaftLogWorker (SegmentedRaftLogWorker.java:run(345)) - 06ff1ec3-3332-4ac8-b4dc-23bc541e60c0@group-9CDDBF873C89-SegmentedRaftLogWorker was interrupted, exiting. There are 0 tasks remaining in the queue.
2022-11-10 07:15:53,558 [Listener at 127.0.0.1/43521] INFO  server.GrpcServerProtocolClient (GrpcServerProtocolClient.java:close(111)) - 85a84f3f-4e6e-49f5-978d-fa543ddbfdc8 Close channels
2022-11-10 07:15:53,559 [06ff1ec3-3332-4ac8-b4dc-23bc541e60c0-impl-thread1] INFO  segmented.SegmentedRaftLogWorker (SegmentedRaftLogWorker.java:close(255)) - 06ff1ec3-3332-4ac8-b4dc-23bc541e60c0@group-67DF168ABD2C-SegmentedRaftLogWorker close()
2022-11-10 07:15:53,559 [Listener at 127.0.0.1/43521] INFO  server.GrpcService (GrpcService.java:closeImpl(288)) - 06ff1ec3-3332-4ac8-b4dc-23bc541e60c0: shutdown server GrpcServerProtocolService successfully
2022-11-10 07:15:53,559 [06ff1ec3-3332-4ac8-b4dc-23bc541e60c0-impl-thread3] INFO  segmented.SegmentedRaftLogWorker (SegmentedRaftLogWorker.java:close(255)) - 06ff1ec3-3332-4ac8-b4dc-23bc541e60c0@group-9CDDBF873C89-SegmentedRaftLogWorker close()
2022-11-10 07:15:53,561 [JvmPauseMonitor10] INFO  util.JvmPauseMonitor (JvmPauseMonitor.java:run(111)) - JvmPauseMonitor-06ff1ec3-3332-4ac8-b4dc-23bc541e60c0: Stopped
2022-11-10 07:15:55,567 [Listener at 127.0.0.1/43521] INFO  volume.HddsVolume (HddsVolume.java:closeDbStore(338)) - SchemaV3 db is stopped at /home/runner/work/ozone/ozone/hadoop-ozone/integration-test/target/test-dir/MiniOzoneClusterImpl-84cafbd6-325b-4886-915b-d0b5d28b8cf9/datanode-2/data-0/containers/hdds/84cafbd6-325b-4886-915b-d0b5d28b8cf9/DS-b8ef9b31-df07-4354-9ad8-b5a742dcd229/container.db for volume DS-b8ef9b31-df07-4354-9ad8-b5a742dcd229
2022-11-10 07:15:55,567 [Listener at 127.0.0.1/43521] INFO  utils.BackgroundService (BackgroundService.java:shutdown(141)) - Shutting down service BlockDeletingService
2022-11-10 07:15:55,568 [Listener at 127.0.0.1/43521] INFO  utils.BackgroundService (BackgroundService.java:shutdown(141)) - Shutting down service StaleRecoveringContainerScrubbingService
2022-11-10 07:15:55,574 [Listener at 127.0.0.1/43521] INFO  statemachine.DatanodeStateMachine (DatanodeStateMachine.java:stopDaemon(593)) - Ozone container server stopped.
2022-11-10 07:15:55,581 [Listener at 127.0.0.1/43521] INFO  handler.ContextHandler (ContextHandler.java:doStop(1159)) - Stopped o.e.j.w.WebAppContext@90f8c34{hddsDatanode,/,null,STOPPED}{jar:file:/home/runner/.m2/repository/org/apache/ozone/hdds-container-service/1.3.0-SNAPSHOT/hdds-container-service-1.3.0-SNAPSHOT.jar!/webapps/hddsDatanode}
2022-11-10 07:15:55,582 [Listener at 127.0.0.1/43521] INFO  server.AbstractConnector (AbstractConnector.java:doStop(383)) - Stopped ServerConnector@67592ab0{HTTP/1.1, (http/1.1)}{0.0.0.0:0}
2022-11-10 07:15:55,583 [Listener at 127.0.0.1/43521] INFO  server.session (HouseKeeper.java:stopScavenging(149)) - node0 Stopped scavenging
2022-11-10 07:15:55,583 [Listener at 127.0.0.1/43521] INFO  handler.ContextHandler (ContextHandler.java:doStop(1159)) - Stopped o.e.j.s.ServletContextHandler@7ed91434{static,/static,jar:file:/home/runner/.m2/repository/org/apache/ozone/hdds-container-service/1.3.0-SNAPSHOT/hdds-container-service-1.3.0-SNAPSHOT.jar!/webapps/static,STOPPED}
2022-11-10 07:15:55,583 [Listener at 127.0.0.1/43521] INFO  handler.ContextHandler (ContextHandler.java:doStop(1159)) - Stopped o.e.j.s.ServletContextHandler@8e9079{logs,/logs,file:///home/runner/work/ozone/ozone/hadoop-ozone/integration-test/target/log,STOPPED}
2022-11-10 07:15:55,615 [EventQueue-StaleNodeForStaleNodeHandler] INFO  node.StaleNodeHandler (StaleNodeHandler.java:onMessage(59)) - Datanode 85a84f3f-4e6e-49f5-978d-fa543ddbfdc8{ip: 10.1.0.59, host: fv-az435-205.hcxxyugg5vdudo0mn2smve0l3g.cx.internal.cloudapp.net, ports: [REPLICATION=32961, RATIS=35209, RATIS_ADMIN=35209, RATIS_SERVER=35209, STANDALONE=42877], networkLocation: /default-rack, certSerialId: null, persistedOpState: IN_SERVICE, persistedOpStateExpiryEpochSec: 0} moved to stale state. Finalizing its pipelines [PipelineID=24cf041f-b10b-4731-9db4-67df168abd2c, PipelineID=4adb2238-70fd-428a-a0b8-775324b89def, PipelineID=0095fc01-12e9-40ce-98c7-a7aea554e317]
2022-11-10 07:15:55,616 [EventQueue-StaleNodeForStaleNodeHandler] INFO  pipeline.PipelineManagerImpl (PipelineManagerImpl.java:closePipeline(442)) - Pipeline Pipeline[ Id: 24cf041f-b10b-4731-9db4-67df168abd2c, Nodes: 06ff1ec3-3332-4ac8-b4dc-23bc541e60c0{ip: 10.1.0.59, host: fv-az435-205.hcxxyugg5vdudo0mn2smve0l3g.cx.internal.cloudapp.net, ports: [REPLICATION=35357, RATIS=34685, RATIS_ADMIN=34685, RATIS_SERVER=34685, STANDALONE=46803], networkLocation: /default-rack, certSerialId: null, persistedOpState: IN_SERVICE, persistedOpStateExpiryEpochSec: 0}85a84f3f-4e6e-49f5-978d-fa543ddbfdc8{ip: 10.1.0.59, host: fv-az435-205.hcxxyugg5vdudo0mn2smve0l3g.cx.internal.cloudapp.net, ports: [REPLICATION=32961, RATIS=35209, RATIS_ADMIN=35209, RATIS_SERVER=35209, STANDALONE=42877], networkLocation: /default-rack, certSerialId: null, persistedOpState: IN_SERVICE, persistedOpStateExpiryEpochSec: 0}3950d273-d245-4570-97e3-85d09fa36925{ip: 10.1.0.59, host: fv-az435-205.hcxxyugg5vdudo0mn2smve0l3g.cx.internal.cloudapp.net, ports: [REPLICATION=44547, RATIS=37013, RATIS_ADMIN=37013, RATIS_SERVER=37013, STANDALONE=39881], networkLocation: /default-rack, certSerialId: null, persistedOpState: IN_SERVICE, persistedOpStateExpiryEpochSec: 0}, ReplicationConfig: RATIS/THREE, State:OPEN, leaderId:85a84f3f-4e6e-49f5-978d-fa543ddbfdc8, CreationTimestamp2022-11-10T07:15:41.421Z[Etc/UTC]] moved to CLOSED state
2022-11-10 07:15:55,616 [EventQueue-StaleNodeForStaleNodeHandler] INFO  pipeline.PipelineManagerImpl (PipelineManagerImpl.java:closePipeline(442)) - Pipeline Pipeline[ Id: 4adb2238-70fd-428a-a0b8-775324b89def, Nodes: 85a84f3f-4e6e-49f5-978d-fa543ddbfdc8{ip: 10.1.0.59, host: fv-az435-205.hcxxyugg5vdudo0mn2smve0l3g.cx.internal.cloudapp.net, ports: [REPLICATION=32961, RATIS=35209, RATIS_ADMIN=35209, RATIS_SERVER=35209, STANDALONE=42877], networkLocation: /default-rack, certSerialId: null, persistedOpState: IN_SERVICE, persistedOpStateExpiryEpochSec: 0}06ff1ec3-3332-4ac8-b4dc-23bc541e60c0{ip: 10.1.0.59, host: fv-az435-205.hcxxyugg5vdudo0mn2smve0l3g.cx.internal.cloudapp.net, ports: [REPLICATION=35357, RATIS=34685, RATIS_ADMIN=34685, RATIS_SERVER=34685, STANDALONE=46803], networkLocation: /default-rack, certSerialId: null, persistedOpState: IN_SERVICE, persistedOpStateExpiryEpochSec: 0}3950d273-d245-4570-97e3-85d09fa36925{ip: 10.1.0.59, host: fv-az435-205.hcxxyugg5vdudo0mn2smve0l3g.cx.internal.cloudapp.net, ports: [REPLICATION=44547, RATIS=37013, RATIS_ADMIN=37013, RATIS_SERVER=37013, STANDALONE=39881], networkLocation: /default-rack, certSerialId: null, persistedOpState: IN_SERVICE, persistedOpStateExpiryEpochSec: 0}, ReplicationConfig: RATIS/THREE, State:ALLOCATED, leaderId:, CreationTimestamp2022-11-10T07:15:41.420Z[Etc/UTC]] moved to CLOSED state
2022-11-10 07:15:55,617 [EventQueue-StaleNodeForStaleNodeHandler] INFO  pipeline.PipelineManagerImpl (PipelineManagerImpl.java:closePipeline(442)) - Pipeline Pipeline[ Id: 0095fc01-12e9-40ce-98c7-a7aea554e317, Nodes: 85a84f3f-4e6e-49f5-978d-fa543ddbfdc8{ip: 10.1.0.59, host: fv-az435-205.hcxxyugg5vdudo0mn2smve0l3g.cx.internal.cloudapp.net, ports: [REPLICATION=32961, RATIS=35209, RATIS_ADMIN=35209, RATIS_SERVER=35209, STANDALONE=42877], networkLocation: /default-rack, certSerialId: null, persistedOpState: IN_SERVICE, persistedOpStateExpiryEpochSec: 0}, ReplicationConfig: RATIS/ONE, State:OPEN, leaderId:85a84f3f-4e6e-49f5-978d-fa543ddbfdc8, CreationTimestamp2022-11-10T07:15:40.858Z[Etc/UTC]] moved to CLOSED state
2022-11-10 07:15:57,615 [EventQueue-StaleNodeForStaleNodeHandler] INFO  node.StaleNodeHandler (StaleNodeHandler.java:onMessage(59)) - Datanode 3950d273-d245-4570-97e3-85d09fa36925{ip: 10.1.0.59, host: fv-az435-205.hcxxyugg5vdudo0mn2smve0l3g.cx.internal.cloudapp.net, ports: [REPLICATION=44547, RATIS=37013, RATIS_ADMIN=37013, RATIS_SERVER=37013, STANDALONE=39881], networkLocation: /default-rack, certSerialId: null, persistedOpState: IN_SERVICE, persistedOpStateExpiryEpochSec: 0} moved to stale state. Finalizing its pipelines [PipelineID=9be934be-80e4-444c-9f95-5a95d11c1572, PipelineID=24cf041f-b10b-4731-9db4-67df168abd2c, PipelineID=4adb2238-70fd-428a-a0b8-775324b89def]
2022-11-10 07:15:57,616 [EventQueue-StaleNodeForStaleNodeHandler] INFO  pipeline.PipelineManagerImpl (PipelineManagerImpl.java:closePipeline(442)) - Pipeline Pipeline[ Id: 9be934be-80e4-444c-9f95-5a95d11c1572, Nodes: 3950d273-d245-4570-97e3-85d09fa36925{ip: 10.1.0.59, host: fv-az435-205.hcxxyugg5vdudo0mn2smve0l3g.cx.internal.cloudapp.net, ports: [REPLICATION=44547, RATIS=37013, RATIS_ADMIN=37013, RATIS_SERVER=37013, STANDALONE=39881], networkLocation: /default-rack, certSerialId: null, persistedOpState: IN_SERVICE, persistedOpStateExpiryEpochSec: 0}, ReplicationConfig: RATIS/ONE, State:OPEN, leaderId:3950d273-d245-4570-97e3-85d09fa36925, CreationTimestamp2022-11-10T07:15:41.149Z[Etc/UTC]] moved to CLOSED state
2022-11-10 07:15:59,616 [EventQueue-StaleNodeForStaleNodeHandler] INFO  node.StaleNodeHandler (StaleNodeHandler.java:onMessage(59)) - Datanode 06ff1ec3-3332-4ac8-b4dc-23bc541e60c0{ip: 10.1.0.59, host: fv-az435-205.hcxxyugg5vdudo0mn2smve0l3g.cx.internal.cloudapp.net, ports: [REPLICATION=35357, RATIS=34685, RATIS_ADMIN=34685, RATIS_SERVER=34685, STANDALONE=46803], networkLocation: /default-rack, certSerialId: null, persistedOpState: IN_SERVICE, persistedOpStateExpiryEpochSec: 0} moved to stale state. Finalizing its pipelines [PipelineID=24cf041f-b10b-4731-9db4-67df168abd2c, PipelineID=4adb2238-70fd-428a-a0b8-775324b89def, PipelineID=637d6c75-b572-4caf-a2ca-9cddbf873c89]
2022-11-10 07:15:59,617 [EventQueue-StaleNodeForStaleNodeHandler] INFO  pipeline.PipelineManagerImpl (PipelineManagerImpl.java:closePipeline(442)) - Pipeline Pipeline[ Id: 637d6c75-b572-4caf-a2ca-9cddbf873c89, Nodes: 06ff1ec3-3332-4ac8-b4dc-23bc541e60c0{ip: 10.1.0.59, host: fv-az435-205.hcxxyugg5vdudo0mn2smve0l3g.cx.internal.cloudapp.net, ports: [REPLICATION=35357, RATIS=34685, RATIS_ADMIN=34685, RATIS_SERVER=34685, STANDALONE=46803], networkLocation: /default-rack, certSerialId: null, persistedOpState: IN_SERVICE, persistedOpStateExpiryEpochSec: 0}, ReplicationConfig: RATIS/ONE, State:OPEN, leaderId:06ff1ec3-3332-4ac8-b4dc-23bc541e60c0, CreationTimestamp2022-11-10T07:15:41.418Z[Etc/UTC]] moved to CLOSED state
2022-11-10 07:15:59,692 [Listener at 127.0.0.1/43521] ERROR pipeline.PipelinePlacementPolicy (PipelinePlacementPolicy.java:filterViableNodes(130)) - No healthy node found to allocate container.
2022-11-10 07:15:59,694 [Listener at 127.0.0.1/43521] INFO  impl.MetricsSystemImpl (MetricsSystemImpl.java:init(158)) - HddsDatanode metrics system started (again)
2022-11-10 07:15:59,733 [Listener at 127.0.0.1/43521] INFO  ozone.HddsDatanodeService (HddsDatanodeService.java:start(236)) - HddsDatanodeService host:fv-az435-205.hcxxyugg5vdudo0mn2smve0l3g.cx.internal.cloudapp.net ip:10.1.0.59
2022-11-10 07:15:59,748 [Listener at 127.0.0.1/43521] INFO  upgrade.AbstractLayoutVersionManager (AbstractLayoutVersionManager.java:init(83)) - Initializing Layout version manager with metadata layout = DATANODE_SCHEMA_V3 (version = 4), software layout = DATANODE_SCHEMA_V3 (version = 4)
2022-11-10 07:15:59,790 [Listener at 127.0.0.1/43521] INFO  reflections.Reflections (Reflections.java:scan(232)) - Reflections took 41 ms to scan 7 urls, producing 139 keys and 336 values 
2022-11-10 07:15:59,791 [Listener at 127.0.0.1/43521] INFO  statemachine.DatanodeStateMachine (DatanodeStateMachine.java:getEndPointTaskThreadPoolSize(245)) - Datanode State Machine Task Thread Pool size 2
2022-11-10 07:15:59,792 [Listener at 127.0.0.1/43521] INFO  volume.HddsVolume (HddsVolume.java:<init>(117)) - Creating HddsVolume: /home/runner/work/ozone/ozone/hadoop-ozone/integration-test/target/test-dir/MiniOzoneClusterImpl-84cafbd6-325b-4886-915b-d0b5d28b8cf9/datanode-0/data-0/containers/hdds of storage type : DISK capacity : 9223372036854775807
2022-11-10 07:15:59,793 [Listener at 127.0.0.1/43521] INFO  volume.MutableVolumeSet (MutableVolumeSet.java:initializeVolumeSet(174)) - Added Volume : /home/runner/work/ozone/ozone/hadoop-ozone/integration-test/target/test-dir/MiniOzoneClusterImpl-84cafbd6-325b-4886-915b-d0b5d28b8cf9/datanode-0/data-0/containers/hdds to VolumeSet
2022-11-10 07:15:59,793 [Listener at 127.0.0.1/43521] INFO  volume.ThrottledAsyncChecker (ThrottledAsyncChecker.java:schedule(141)) - Scheduling a check for /home/runner/work/ozone/ozone/hadoop-ozone/integration-test/target/test-dir/MiniOzoneClusterImpl-84cafbd6-325b-4886-915b-d0b5d28b8cf9/datanode-0/data-0/containers/hdds
2022-11-10 07:15:59,794 [Listener at 127.0.0.1/43521] INFO  volume.StorageVolumeChecker (StorageVolumeChecker.java:checkAllVolumes(202)) - Scheduled health check for volume /home/runner/work/ozone/ozone/hadoop-ozone/integration-test/target/test-dir/MiniOzoneClusterImpl-84cafbd6-325b-4886-915b-d0b5d28b8cf9/datanode-0/data-0/containers/hdds
2022-11-10 07:15:59,806 [Listener at 127.0.0.1/43521] INFO  volume.MutableVolumeSet (MutableVolumeSet.java:initializeVolumeSet(174)) - Added Volume : /home/runner/work/ozone/ozone/hadoop-ozone/integration-test/target/test-dir/MiniOzoneClusterImpl-84cafbd6-325b-4886-915b-d0b5d28b8cf9/datanode-0/data/ratis to VolumeSet
2022-11-10 07:15:59,807 [Listener at 127.0.0.1/43521] INFO  volume.ThrottledAsyncChecker (ThrottledAsyncChecker.java:schedule(141)) - Scheduling a check for /home/runner/work/ozone/ozone/hadoop-ozone/integration-test/target/test-dir/MiniOzoneClusterImpl-84cafbd6-325b-4886-915b-d0b5d28b8cf9/datanode-0/data/ratis
2022-11-10 07:15:59,807 [Listener at 127.0.0.1/43521] INFO  volume.StorageVolumeChecker (StorageVolumeChecker.java:checkAllVolumes(202)) - Scheduled health check for volume /home/runner/work/ozone/ozone/hadoop-ozone/integration-test/target/test-dir/MiniOzoneClusterImpl-84cafbd6-325b-4886-915b-d0b5d28b8cf9/datanode-0/data/ratis
2022-11-10 07:15:59,854 [Listener at 127.0.0.1/43521] INFO  utils.DatanodeStoreCache (DatanodeStoreCache.java:addDB(58)) - Added db /home/runner/work/ozone/ozone/hadoop-ozone/integration-test/target/test-dir/MiniOzoneClusterImpl-84cafbd6-325b-4886-915b-d0b5d28b8cf9/datanode-0/data-0/containers/hdds/84cafbd6-325b-4886-915b-d0b5d28b8cf9/DS-b6cd647d-35ae-495c-8eee-e51e32f56a94/container.db to cache
2022-11-10 07:15:59,855 [Listener at 127.0.0.1/43521] INFO  volume.HddsVolume (HddsVolume.java:loadDbStore(260)) - SchemaV3 db is loaded at /home/runner/work/ozone/ozone/hadoop-ozone/integration-test/target/test-dir/MiniOzoneClusterImpl-84cafbd6-325b-4886-915b-d0b5d28b8cf9/datanode-0/data-0/containers/hdds/84cafbd6-325b-4886-915b-d0b5d28b8cf9/DS-b6cd647d-35ae-495c-8eee-e51e32f56a94/container.db for volume DS-b6cd647d-35ae-495c-8eee-e51e32f56a94
2022-11-10 07:15:59,859 [Thread-751] INFO  ozoneimpl.ContainerReader (ContainerReader.java:readVolume(145)) - Start to verify containers on volume /home/runner/work/ozone/ozone/hadoop-ozone/integration-test/target/test-dir/MiniOzoneClusterImpl-84cafbd6-325b-4886-915b-d0b5d28b8cf9/datanode-0/data-0/containers/hdds
2022-11-10 07:15:59,859 [Thread-751] INFO  ozoneimpl.ContainerReader (ContainerReader.java:readVolume(175)) - Finish verifying containers on volume /home/runner/work/ozone/ozone/hadoop-ozone/integration-test/target/test-dir/MiniOzoneClusterImpl-84cafbd6-325b-4886-915b-d0b5d28b8cf9/datanode-0/data-0/containers/hdds
2022-11-10 07:15:59,859 [Listener at 127.0.0.1/43521] INFO  ozoneimpl.OzoneContainer (OzoneContainer.java:buildContainerSet(300)) - Build ContainerSet costs 0s
2022-11-10 07:15:59,861 [Listener at 127.0.0.1/43521] INFO  server.RaftServer (ConfUtils.java:logGet(46)) - raft.rpc.type = GRPC (default)
2022-11-10 07:15:59,862 [Listener at 127.0.0.1/43521] INFO  grpc.GrpcConfigKeys (ConfUtils.java:logFallback(53)) - raft.grpc.admin.host = null (fallback to raft.grpc.server.host)
2022-11-10 07:15:59,862 [Listener at 127.0.0.1/43521] INFO  grpc.GrpcConfigKeys (ConfUtils.java:logGet(46)) - raft.grpc.admin.port = 35209 (custom)
2022-11-10 07:15:59,862 [Listener at 127.0.0.1/43521] INFO  grpc.GrpcConfigKeys (ConfUtils.java:logFallback(53)) - raft.grpc.client.host = null (fallback to raft.grpc.server.host)
2022-11-10 07:15:59,862 [Listener at 127.0.0.1/43521] INFO  grpc.GrpcConfigKeys (ConfUtils.java:logGet(46)) - raft.grpc.client.port = 35209 (custom)
2022-11-10 07:15:59,862 [Listener at 127.0.0.1/43521] INFO  grpc.GrpcConfigKeys (ConfUtils.java:logGet(46)) - raft.grpc.server.host = null (default)
2022-11-10 07:15:59,862 [Listener at 127.0.0.1/43521] INFO  grpc.GrpcConfigKeys (ConfUtils.java:logGet(46)) - raft.grpc.server.port = 35209 (custom)
2022-11-10 07:15:59,863 [Listener at 127.0.0.1/43521] INFO  server.GrpcService (ConfUtils.java:logGet(46)) - raft.grpc.message.size.max = 32MB (=33554432) (custom)
2022-11-10 07:15:59,863 [Listener at 127.0.0.1/43521] INFO  server.RaftServerConfigKeys (ConfUtils.java:logGet(46)) - raft.server.log.appender.buffer.byte-limit = 33554432 (custom)
2022-11-10 07:15:59,863 [Listener at 127.0.0.1/43521] INFO  server.GrpcService (ConfUtils.java:logGet(46)) - raft.grpc.flow.control.window = 5MB (=5242880) (custom)
2022-11-10 07:15:59,863 [Listener at 127.0.0.1/43521] INFO  server.RaftServerConfigKeys (ConfUtils.java:logGet(46)) - raft.server.rpc.request.timeout = 60s (custom)
2022-11-10 07:15:59,863 [Listener at 127.0.0.1/43521] INFO  grpc.GrpcConfigKeys (ConfUtils.java:logGet(46)) - raft.grpc.server.heartbeat.channel = true (default)
2022-11-10 07:15:59,863 [Listener at 127.0.0.1/43521] INFO  grpc.GrpcConfigKeys (ConfUtils.java:logGet(46)) - raft.grpc.server.async.request.thread.pool.cached = true (default)
2022-11-10 07:15:59,863 [Listener at 127.0.0.1/43521] INFO  grpc.GrpcConfigKeys (ConfUtils.java:logGet(46)) - raft.grpc.server.async.request.thread.pool.size = 32 (default)
2022-11-10 07:15:59,865 [Listener at 127.0.0.1/43521] INFO  impl.DataStreamServerImpl (ConfUtils.java:logGet(46)) - raft.datastream.type = DISABLED (default)
2022-11-10 07:15:59,865 [Listener at 127.0.0.1/43521] INFO  server.RaftServerConfigKeys (ConfUtils.java:logGet(46)) - raft.server.threadpool.proxy.cached = true (default)
2022-11-10 07:15:59,865 [Listener at 127.0.0.1/43521] INFO  server.RaftServerConfigKeys (ConfUtils.java:logGet(46)) - raft.server.threadpool.proxy.size = 0 (default)
2022-11-10 07:15:59,865 [Listener at 127.0.0.1/43521] INFO  server.RaftServerConfigKeys (ConfUtils.java:logGet(46)) - raft.server.rpc.slowness.timeout = 300s (custom)
2022-11-10 07:15:59,865 [Listener at 127.0.0.1/43521] INFO  server.RaftServerConfigKeys (ConfUtils.java:logGet(46)) - raft.server.leaderelection.leader.step-down.wait-time = 10s (default)
2022-11-10 07:15:59,865 [Listener at 127.0.0.1/43521] INFO  server.RaftServerConfigKeys (ConfUtils.java:logGet(46)) - raft.server.storage.dir = [/home/runner/work/ozone/ozone/hadoop-ozone/integration-test/target/test-dir/MiniOzoneClusterImpl-84cafbd6-325b-4886-915b-d0b5d28b8cf9/datanode-0/data/ratis] (custom)
2022-11-10 07:15:59,867 [85a84f3f-4e6e-49f5-978d-fa543ddbfdc8-impl-thread1] INFO  server.RaftServer (RaftServerProxy.java:initGroupDir(251)) - 85a84f3f-4e6e-49f5-978d-fa543ddbfdc8: found a subdirectory /home/runner/work/ozone/ozone/hadoop-ozone/integration-test/target/test-dir/MiniOzoneClusterImpl-84cafbd6-325b-4886-915b-d0b5d28b8cf9/datanode-0/data/ratis/0095fc01-12e9-40ce-98c7-a7aea554e317
2022-11-10 07:15:59,871 [85a84f3f-4e6e-49f5-978d-fa543ddbfdc8-impl-thread1] INFO  server.RaftServer (RaftServerProxy.java:addNew(96)) - 85a84f3f-4e6e-49f5-978d-fa543ddbfdc8: addNew group-A7AEA554E317:[] returns group-A7AEA554E317:java.util.concurrent.CompletableFuture@17b681d9[Not completed]
2022-11-10 07:15:59,871 [85a84f3f-4e6e-49f5-978d-fa543ddbfdc8-impl-thread1] INFO  server.RaftServer (RaftServerProxy.java:initGroupDir(251)) - 85a84f3f-4e6e-49f5-978d-fa543ddbfdc8: found a subdirectory /home/runner/work/ozone/ozone/hadoop-ozone/integration-test/target/test-dir/MiniOzoneClusterImpl-84cafbd6-325b-4886-915b-d0b5d28b8cf9/datanode-0/data/ratis/4adb2238-70fd-428a-a0b8-775324b89def
2022-11-10 07:15:59,871 [85a84f3f-4e6e-49f5-978d-fa543ddbfdc8-impl-thread1] INFO  server.RaftServer (RaftServerProxy.java:addNew(96)) - 85a84f3f-4e6e-49f5-978d-fa543ddbfdc8: addNew group-775324B89DEF:[] returns group-775324B89DEF:java.util.concurrent.CompletableFuture@138907f7[Not completed]
2022-11-10 07:15:59,871 [85a84f3f-4e6e-49f5-978d-fa543ddbfdc8-impl-thread1] INFO  server.RaftServer (RaftServerProxy.java:initGroupDir(251)) - 85a84f3f-4e6e-49f5-978d-fa543ddbfdc8: found a subdirectory /home/runner/work/ozone/ozone/hadoop-ozone/integration-test/target/test-dir/MiniOzoneClusterImpl-84cafbd6-325b-4886-915b-d0b5d28b8cf9/datanode-0/data/ratis/24cf041f-b10b-4731-9db4-67df168abd2c
2022-11-10 07:15:59,871 [85a84f3f-4e6e-49f5-978d-fa543ddbfdc8-impl-thread1] INFO  server.RaftServer (RaftServerProxy.java:addNew(96)) - 85a84f3f-4e6e-49f5-978d-fa543ddbfdc8: addNew group-67DF168ABD2C:[] returns group-67DF168ABD2C:java.util.concurrent.CompletableFuture@568b8be2[Not completed]
2022-11-10 07:15:59,872 [Listener at 127.0.0.1/43521] INFO  server.XceiverServerGrpc (XceiverServerGrpc.java:<init>(132)) - GrpcServer channel type EpollServerSocketChannel
2022-11-10 07:15:59,875 [pool-402-thread-1] INFO  server.RaftServer$Division (RaftServerImpl.java:<init>(195)) - 85a84f3f-4e6e-49f5-978d-fa543ddbfdc8: new RaftServerImpl for group-A7AEA554E317:[] with ContainerStateMachine:uninitialized
2022-11-10 07:15:59,875 [pool-402-thread-1] INFO  server.RaftServerConfigKeys (ConfUtils.java:logGet(46)) - raft.server.rpc.timeout.min = 5s (custom)
2022-11-10 07:15:59,875 [pool-402-thread-1] INFO  server.RaftServerConfigKeys (ConfUtils.java:logGet(46)) - raft.server.rpc.timeout.max = 5200ms (custom)
2022-11-10 07:15:59,875 [pool-402-thread-1] INFO  server.RaftServerConfigKeys (ConfUtils.java:logGet(46)) - raft.server.rpc.sleep.time = 25ms (default)
2022-11-10 07:15:59,875 [pool-402-thread-1] INFO  server.RaftServerConfigKeys (ConfUtils.java:logGet(46)) - raft.server.rpc.slowness.timeout = 300s (custom)
2022-11-10 07:15:59,875 [pool-402-thread-1] INFO  server.RaftServerConfigKeys (ConfUtils.java:logGet(46)) - raft.server.leaderelection.leader.step-down.wait-time = 10s (default)
2022-11-10 07:15:59,875 [pool-402-thread-1] INFO  server.RaftServerConfigKeys (ConfUtils.java:logGet(46)) - raft.server.sleep.deviation.threshold = 300ms (default)
2022-11-10 07:15:59,875 [pool-402-thread-1] INFO  server.RaftServer$Division (ServerState.java:<init>(118)) - 85a84f3f-4e6e-49f5-978d-fa543ddbfdc8@group-A7AEA554E317: ConfigurationManager, init=-1: peers:[]|listeners:[], old=null, confs=<EMPTY_MAP>
2022-11-10 07:15:59,875 [pool-402-thread-1] INFO  server.RaftServerConfigKeys (ConfUtils.java:logGet(46)) - raft.server.storage.dir = [/home/runner/work/ozone/ozone/hadoop-ozone/integration-test/target/test-dir/MiniOzoneClusterImpl-84cafbd6-325b-4886-915b-d0b5d28b8cf9/datanode-0/data/ratis] (custom)
2022-11-10 07:15:59,875 [pool-402-thread-1] INFO  server.RaftServerConfigKeys (ConfUtils.java:logGet(46)) - raft.server.log.corruption.policy = EXCEPTION (default)
2022-11-10 07:15:59,875 [pool-402-thread-1] INFO  server.RaftServerConfigKeys (ConfUtils.java:logGet(46)) - raft.server.storage.free-space.min = 0MB (=0) (default)
2022-11-10 07:15:59,876 [pool-402-thread-1] INFO  server.RaftServerConfigKeys (ConfUtils.java:logGet(46)) - raft.server.notification.no-leader.timeout = 300s (custom)
2022-11-10 07:15:59,876 [pool-402-thread-1] INFO  server.RaftServerConfigKeys (ConfUtils.java:logGet(46)) - raft.server.retrycache.expirytime = 600000ms (custom)
2022-11-10 07:15:59,876 [pool-402-thread-1] INFO  server.RaftServerConfigKeys (ConfUtils.java:logGet(46)) - raft.server.retrycache.statistics.expirytime = 100μs (default)
2022-11-10 07:15:59,876 [pool-402-thread-1] INFO  server.RaftServerConfigKeys (ConfUtils.java:logGet(46)) - raft.server.log.appender.install.snapshot.enabled = false (custom)
2022-11-10 07:15:59,877 [pool-402-thread-1] INFO  server.RaftServerConfigKeys (ConfUtils.java:logGet(46)) - raft.server.threadpool.server.cached = true (default)
2022-11-10 07:15:59,877 [pool-402-thread-1] INFO  server.RaftServerConfigKeys (ConfUtils.java:logGet(46)) - raft.server.threadpool.server.size = 0 (default)
2022-11-10 07:15:59,877 [pool-402-thread-1] INFO  server.RaftServerConfigKeys (ConfUtils.java:logGet(46)) - raft.server.threadpool.client.cached = true (default)
2022-11-10 07:15:59,877 [pool-402-thread-1] INFO  server.RaftServerConfigKeys (ConfUtils.java:logGet(46)) - raft.server.threadpool.client.size = 0 (default)
2022-11-10 07:15:59,877 [pool-402-thread-1] INFO  server.RaftServer$Division (RaftServerImpl.java:<init>(195)) - 85a84f3f-4e6e-49f5-978d-fa543ddbfdc8: new RaftServerImpl for group-775324B89DEF:[] with ContainerStateMachine:uninitialized
2022-11-10 07:15:59,877 [pool-402-thread-1] INFO  server.RaftServerConfigKeys (ConfUtils.java:logGet(46)) - raft.server.rpc.timeout.min = 5s (custom)
2022-11-10 07:15:59,877 [pool-402-thread-1] INFO  server.RaftServerConfigKeys (ConfUtils.java:logGet(46)) - raft.server.rpc.timeout.max = 5200ms (custom)
2022-11-10 07:15:59,877 [pool-402-thread-1] INFO  server.RaftServerConfigKeys (ConfUtils.java:logGet(46)) - raft.server.rpc.sleep.time = 25ms (default)
2022-11-10 07:15:59,877 [pool-402-thread-1] INFO  server.RaftServerConfigKeys (ConfUtils.java:logGet(46)) - raft.server.rpc.slowness.timeout = 300s (custom)
2022-11-10 07:15:59,877 [pool-402-thread-1] INFO  server.RaftServerConfigKeys (ConfUtils.java:logGet(46)) - raft.server.leaderelection.leader.step-down.wait-time = 10s (default)
2022-11-10 07:15:59,877 [pool-402-thread-1] INFO  server.RaftServerConfigKeys (ConfUtils.java:logGet(46)) - raft.server.sleep.deviation.threshold = 300ms (default)
2022-11-10 07:15:59,878 [pool-402-thread-1] INFO  server.RaftServer$Division (ServerState.java:<init>(118)) - 85a84f3f-4e6e-49f5-978d-fa543ddbfdc8@group-775324B89DEF: ConfigurationManager, init=-1: peers:[]|listeners:[], old=null, confs=<EMPTY_MAP>
2022-11-10 07:15:59,878 [pool-402-thread-1] INFO  server.RaftServerConfigKeys (ConfUtils.java:logGet(46)) - raft.server.storage.dir = [/home/runner/work/ozone/ozone/hadoop-ozone/integration-test/target/test-dir/MiniOzoneClusterImpl-84cafbd6-325b-4886-915b-d0b5d28b8cf9/datanode-0/data/ratis] (custom)
2022-11-10 07:15:59,878 [pool-402-thread-1] INFO  server.RaftServerConfigKeys (ConfUtils.java:logGet(46)) - raft.server.log.corruption.policy = EXCEPTION (default)
2022-11-10 07:15:59,878 [pool-402-thread-1] INFO  server.RaftServerConfigKeys (ConfUtils.java:logGet(46)) - raft.server.storage.free-space.min = 0MB (=0) (default)
2022-11-10 07:15:59,878 [pool-402-thread-1] INFO  server.RaftServerConfigKeys (ConfUtils.java:logGet(46)) - raft.server.notification.no-leader.timeout = 300s (custom)
2022-11-10 07:15:59,878 [pool-402-thread-1] INFO  server.RaftServerConfigKeys (ConfUtils.java:logGet(46)) - raft.server.retrycache.expirytime = 600000ms (custom)
2022-11-10 07:15:59,878 [pool-402-thread-1] INFO  server.RaftServerConfigKeys (ConfUtils.java:logGet(46)) - raft.server.retrycache.statistics.expirytime = 100μs (default)
2022-11-10 07:15:59,879 [pool-402-thread-1] INFO  server.RaftServerConfigKeys (ConfUtils.java:logGet(46)) - raft.server.log.appender.install.snapshot.enabled = false (custom)
2022-11-10 07:15:59,879 [pool-402-thread-1] INFO  server.RaftServerConfigKeys (ConfUtils.java:logGet(46)) - raft.server.threadpool.server.cached = true (default)
2022-11-10 07:15:59,879 [pool-402-thread-1] INFO  server.RaftServerConfigKeys (ConfUtils.java:logGet(46)) - raft.server.threadpool.server.size = 0 (default)
2022-11-10 07:15:59,879 [pool-402-thread-1] INFO  server.RaftServerConfigKeys (ConfUtils.java:logGet(46)) - raft.server.threadpool.client.cached = true (default)
2022-11-10 07:15:59,879 [pool-402-thread-1] INFO  server.RaftServerConfigKeys (ConfUtils.java:logGet(46)) - raft.server.threadpool.client.size = 0 (default)
2022-11-10 07:15:59,879 [pool-402-thread-1] INFO  server.RaftServer$Division (RaftServerImpl.java:<init>(195)) - 85a84f3f-4e6e-49f5-978d-fa543ddbfdc8: new RaftServerImpl for group-67DF168ABD2C:[] with ContainerStateMachine:uninitialized
2022-11-10 07:15:59,880 [pool-402-thread-1] INFO  server.RaftServerConfigKeys (ConfUtils.java:logGet(46)) - raft.server.rpc.timeout.min = 5s (custom)
2022-11-10 07:15:59,880 [pool-402-thread-1] INFO  server.RaftServerConfigKeys (ConfUtils.java:logGet(46)) - raft.server.rpc.timeout.max = 5200ms (custom)
2022-11-10 07:15:59,880 [pool-402-thread-1] INFO  server.RaftServerConfigKeys (ConfUtils.java:logGet(46)) - raft.server.rpc.sleep.time = 25ms (default)
2022-11-10 07:15:59,880 [pool-402-thread-1] INFO  server.RaftServerConfigKeys (ConfUtils.java:logGet(46)) - raft.server.rpc.slowness.timeout = 300s (custom)
2022-11-10 07:15:59,880 [pool-402-thread-1] INFO  server.RaftServerConfigKeys (ConfUtils.java:logGet(46)) - raft.server.leaderelection.leader.step-down.wait-time = 10s (default)
2022-11-10 07:15:59,880 [pool-402-thread-1] INFO  server.RaftServerConfigKeys (ConfUtils.java:logGet(46)) - raft.server.sleep.deviation.threshold = 300ms (default)
2022-11-10 07:15:59,880 [pool-402-thread-1] INFO  server.RaftServer$Division (ServerState.java:<init>(118)) - 85a84f3f-4e6e-49f5-978d-fa543ddbfdc8@group-67DF168ABD2C: ConfigurationManager, init=-1: peers:[]|listeners:[], old=null, confs=<EMPTY_MAP>
2022-11-10 07:15:59,880 [pool-402-thread-1] INFO  server.RaftServerConfigKeys (ConfUtils.java:logGet(46)) - raft.server.storage.dir = [/home/runner/work/ozone/ozone/hadoop-ozone/integration-test/target/test-dir/MiniOzoneClusterImpl-84cafbd6-325b-4886-915b-d0b5d28b8cf9/datanode-0/data/ratis] (custom)
2022-11-10 07:15:59,880 [pool-402-thread-1] INFO  server.RaftServerConfigKeys (ConfUtils.java:logGet(46)) - raft.server.log.corruption.policy = EXCEPTION (default)
2022-11-10 07:15:59,880 [pool-402-thread-1] INFO  server.RaftServerConfigKeys (ConfUtils.java:logGet(46)) - raft.server.storage.free-space.min = 0MB (=0) (default)
2022-11-10 07:15:59,880 [pool-402-thread-1] INFO  server.RaftServerConfigKeys (ConfUtils.java:logGet(46)) - raft.server.notification.no-leader.timeout = 300s (custom)
2022-11-10 07:15:59,880 [pool-402-thread-1] INFO  server.RaftServerConfigKeys (ConfUtils.java:logGet(46)) - raft.server.retrycache.expirytime = 600000ms (custom)
2022-11-10 07:15:59,880 [pool-402-thread-1] INFO  server.RaftServerConfigKeys (ConfUtils.java:logGet(46)) - raft.server.retrycache.statistics.expirytime = 100μs (default)
2022-11-10 07:15:59,881 [pool-402-thread-1] INFO  server.RaftServerConfigKeys (ConfUtils.java:logGet(46)) - raft.server.log.appender.install.snapshot.enabled = false (custom)
2022-11-10 07:15:59,881 [pool-402-thread-1] INFO  server.RaftServerConfigKeys (ConfUtils.java:logGet(46)) - raft.server.threadpool.server.cached = true (default)
2022-11-10 07:15:59,881 [pool-402-thread-1] INFO  server.RaftServerConfigKeys (ConfUtils.java:logGet(46)) - raft.server.threadpool.server.size = 0 (default)
2022-11-10 07:15:59,881 [pool-402-thread-1] INFO  server.RaftServerConfigKeys (ConfUtils.java:logGet(46)) - raft.server.threadpool.client.cached = true (default)
2022-11-10 07:15:59,881 [pool-402-thread-1] INFO  server.RaftServerConfigKeys (ConfUtils.java:logGet(46)) - raft.server.threadpool.client.size = 0 (default)
2022-11-10 07:15:59,882 [Listener at 127.0.0.1/43521] INFO  http.BaseHttpServer (BaseHttpServer.java:newHttpServer2BuilderForOzone(213)) - Starting Web-server for hddsDatanode at: http://0.0.0.0:33095
2022-11-10 07:15:59,882 [Listener at 127.0.0.1/43521] INFO  http.BaseHttpServer (BaseHttpServer.java:<init>(108)) - Hadoop Security Enabled: false Ozone Security Enabled: false Ozone HTTP Security Enabled: false 
2022-11-10 07:15:59,884 [Listener at 127.0.0.1/43521] WARN  server.AuthenticationFilter (AuthenticationFilter.java:constructSecretProvider(240)) - Unable to initialize FileSignerSecretProvider, falling back to use random secrets. Reason: Could not read signature secret file: /home/runner/hadoop-http-auth-signature-secret
2022-11-10 07:15:59,886 [Listener at 127.0.0.1/43521] WARN  http.HttpRequestLog (HttpRequestLog.java:getRequestLog(103)) - Jetty request log can only be enabled using Log4j
2022-11-10 07:15:59,888 [Listener at 127.0.0.1/43521] INFO  http.HttpServer2 (HttpServer2.java:addGlobalFilter(1031)) - Added global filter 'safety' (class=org.apache.hadoop.hdds.server.http.HttpServer2$QuotingInputFilter)
2022-11-10 07:15:59,889 [Listener at 127.0.0.1/43521] INFO  http.HttpServer2 (HttpServer2.java:addFilter(1007)) - Added filter static_user_filter (class=org.apache.hadoop.http.lib.StaticUserWebFilter$StaticUserFilter) to context hddsDatanode
2022-11-10 07:15:59,889 [Listener at 127.0.0.1/43521] INFO  http.HttpServer2 (HttpServer2.java:addFilter(1015)) - Added filter static_user_filter (class=org.apache.hadoop.http.lib.StaticUserWebFilter$StaticUserFilter) to context logs
2022-11-10 07:15:59,889 [Listener at 127.0.0.1/43521] INFO  http.HttpServer2 (HttpServer2.java:addFilter(1015)) - Added filter static_user_filter (class=org.apache.hadoop.http.lib.StaticUserWebFilter$StaticUserFilter) to context static
2022-11-10 07:15:59,889 [Listener at 127.0.0.1/43521] INFO  http.HttpServer2 (HttpServer2.java:bindListener(1250)) - Jetty bound to port 33095
2022-11-10 07:15:59,890 [Listener at 127.0.0.1/43521] INFO  server.Server (Server.java:doStart(375)) - jetty-9.4.49.v20220914; built: 2022-09-14T01:07:36.601Z; git: 4231a3b2e4cb8548a412a789936d640a97b1aa0a; jvm 1.8.0_345-b01
2022-11-10 07:15:59,901 [Listener at 127.0.0.1/43521] INFO  server.session (DefaultSessionIdManager.java:doStart(334)) - DefaultSessionIdManager workerName=node0
2022-11-10 07:15:59,901 [Listener at 127.0.0.1/43521] INFO  server.session (DefaultSessionIdManager.java:doStart(339)) - No SessionScavenger set, using defaults
2022-11-10 07:15:59,901 [Listener at 127.0.0.1/43521] INFO  server.session (HouseKeeper.java:startScavenging(132)) - node0 Scavenging every 600000ms
2022-11-10 07:15:59,902 [Listener at 127.0.0.1/43521] INFO  handler.ContextHandler (ContextHandler.java:doStart(921)) - Started o.e.j.s.ServletContextHandler@6be9e443{logs,/logs,file:///home/runner/work/ozone/ozone/hadoop-ozone/integration-test/target/log,AVAILABLE}
2022-11-10 07:15:59,902 [Listener at 127.0.0.1/43521] INFO  handler.ContextHandler (ContextHandler.java:doStart(921)) - Started o.e.j.s.ServletContextHandler@473ae517{static,/static,jar:file:/home/runner/.m2/repository/org/apache/ozone/hdds-container-service/1.3.0-SNAPSHOT/hdds-container-service-1.3.0-SNAPSHOT.jar!/webapps/static,AVAILABLE}
2022-11-10 07:16:00,066 [Listener at 127.0.0.1/43521] INFO  handler.ContextHandler (ContextHandler.java:doStart(921)) - Started o.e.j.w.WebAppContext@4b342bb8{hddsDatanode,/,file:///tmp/jetty-0_0_0_0-33095-hdds-container-service-1_3_0-SNAPSHOT_jar-_-any-7236773681440170354/webapp/,AVAILABLE}{jar:file:/home/runner/.m2/repository/org/apache/ozone/hdds-container-service/1.3.0-SNAPSHOT/hdds-container-service-1.3.0-SNAPSHOT.jar!/webapps/hddsDatanode}
2022-11-10 07:16:00,068 [Listener at 127.0.0.1/43521] INFO  server.AbstractConnector (AbstractConnector.java:doStart(333)) - Started ServerConnector@2b14775c{HTTP/1.1, (http/1.1)}{0.0.0.0:33095}
2022-11-10 07:16:00,068 [Listener at 127.0.0.1/43521] INFO  server.Server (Server.java:doStart(415)) - Started @117548ms
2022-11-10 07:16:00,068 [Listener at 127.0.0.1/43521] WARN  impl.MetricsSystemImpl (MetricsSystemImpl.java:register(279)) - Sink prometheus already exists!
2022-11-10 07:16:00,070 [Listener at 127.0.0.1/43521] INFO  http.BaseHttpServer (BaseHttpServer.java:updateConnectorAddress(333)) - HTTP server of hddsDatanode listening at http://0.0.0.0:33095
2022-11-10 07:16:00,071 [Datanode State Machine Daemon Thread] INFO  statemachine.DatanodeStateMachine (DatanodeStateMachine.java:lambda$startDaemon$0(505)) - Ozone container server started.
2022-11-10 07:16:00,133 [Listener at 127.0.0.1/43521] WARN  impl.MetricRegistriesImpl (MetricRegistriesImpl.java:addReporterRegistration(111)) - New reporters are added after registries were created. Some metrics will be missing from the reporter. Please add reporter before adding any new registry.
2022-11-10 07:16:00,133 [Listener at 127.0.0.1/43521] WARN  impl.MetricRegistriesImpl (MetricRegistriesImpl.java:addReporterRegistration(111)) - New reporters are added after registries were created. Some metrics will be missing from the reporter. Please add reporter before adding any new registry.
2022-11-10 07:16:00,134 [Listener at 127.0.0.1/43521] INFO  impl.MetricsSystemImpl (MetricsSystemImpl.java:init(158)) - HddsDatanode metrics system started (again)
2022-11-10 07:16:00,144 [org.apache.hadoop.util.JvmPauseMonitor$Monitor@5f2eac4f] INFO  util.JvmPauseMonitor (JvmPauseMonitor.java:run(188)) - Starting JVM pause monitor
2022-11-10 07:16:00,157 [Datanode State Machine Task Thread - 0] INFO  datanode.InitDatanodeState (InitDatanodeState.java:persistContainerDatanodeDetails(138)) - DatanodeDetails is persisted to /home/runner/work/ozone/ozone/hadoop-ozone/integration-test/target/test-dir/MiniOzoneClusterImpl-84cafbd6-325b-4886-915b-d0b5d28b8cf9/datanode-0/meta/datanode.id
2022-11-10 07:16:00,162 [Listener at 127.0.0.1/43521] INFO  ozone.HddsDatanodeService (HddsDatanodeService.java:start(236)) - HddsDatanodeService host:fv-az435-205.hcxxyugg5vdudo0mn2smve0l3g.cx.internal.cloudapp.net ip:10.1.0.59
2022-11-10 07:16:00,191 [Listener at 127.0.0.1/43521] INFO  upgrade.AbstractLayoutVersionManager (AbstractLayoutVersionManager.java:init(83)) - Initializing Layout version manager with metadata layout = DATANODE_SCHEMA_V3 (version = 4), software layout = DATANODE_SCHEMA_V3 (version = 4)
2022-11-10 07:16:00,236 [Listener at 127.0.0.1/43521] INFO  reflections.Reflections (Reflections.java:scan(232)) - Reflections took 42 ms to scan 7 urls, producing 139 keys and 336 values 
2022-11-10 07:16:00,240 [Listener at 127.0.0.1/43521] INFO  statemachine.DatanodeStateMachine (DatanodeStateMachine.java:getEndPointTaskThreadPoolSize(245)) - Datanode State Machine Task Thread Pool size 2
2022-11-10 07:16:00,248 [Listener at 127.0.0.1/43521] INFO  volume.HddsVolume (HddsVolume.java:<init>(117)) - Creating HddsVolume: /home/runner/work/ozone/ozone/hadoop-ozone/integration-test/target/test-dir/MiniOzoneClusterImpl-84cafbd6-325b-4886-915b-d0b5d28b8cf9/datanode-1/data-0/containers/hdds of storage type : DISK capacity : 9223372036854775807
2022-11-10 07:16:00,249 [Listener at 127.0.0.1/43521] INFO  volume.MutableVolumeSet (MutableVolumeSet.java:initializeVolumeSet(174)) - Added Volume : /home/runner/work/ozone/ozone/hadoop-ozone/integration-test/target/test-dir/MiniOzoneClusterImpl-84cafbd6-325b-4886-915b-d0b5d28b8cf9/datanode-1/data-0/containers/hdds to VolumeSet
2022-11-10 07:16:00,249 [Listener at 127.0.0.1/43521] INFO  volume.ThrottledAsyncChecker (ThrottledAsyncChecker.java:schedule(141)) - Scheduling a check for /home/runner/work/ozone/ozone/hadoop-ozone/integration-test/target/test-dir/MiniOzoneClusterImpl-84cafbd6-325b-4886-915b-d0b5d28b8cf9/datanode-1/data-0/containers/hdds
2022-11-10 07:16:00,251 [Listener at 127.0.0.1/43521] INFO  volume.StorageVolumeChecker (StorageVolumeChecker.java:checkAllVolumes(202)) - Scheduled health check for volume /home/runner/work/ozone/ozone/hadoop-ozone/integration-test/target/test-dir/MiniOzoneClusterImpl-84cafbd6-325b-4886-915b-d0b5d28b8cf9/datanode-1/data-0/containers/hdds
2022-11-10 07:16:00,263 [Listener at 127.0.0.1/43521] INFO  volume.MutableVolumeSet (MutableVolumeSet.java:initializeVolumeSet(174)) - Added Volume : /home/runner/work/ozone/ozone/hadoop-ozone/integration-test/target/test-dir/MiniOzoneClusterImpl-84cafbd6-325b-4886-915b-d0b5d28b8cf9/datanode-1/data/ratis to VolumeSet
2022-11-10 07:16:00,263 [Listener at 127.0.0.1/43521] INFO  volume.ThrottledAsyncChecker (ThrottledAsyncChecker.java:schedule(141)) - Scheduling a check for /home/runner/work/ozone/ozone/hadoop-ozone/integration-test/target/test-dir/MiniOzoneClusterImpl-84cafbd6-325b-4886-915b-d0b5d28b8cf9/datanode-1/data/ratis
2022-11-10 07:16:00,263 [Listener at 127.0.0.1/43521] INFO  volume.StorageVolumeChecker (StorageVolumeChecker.java:checkAllVolumes(202)) - Scheduled health check for volume /home/runner/work/ozone/ozone/hadoop-ozone/integration-test/target/test-dir/MiniOzoneClusterImpl-84cafbd6-325b-4886-915b-d0b5d28b8cf9/datanode-1/data/ratis
2022-11-10 07:16:00,288 [Listener at 127.0.0.1/43521] INFO  utils.DatanodeStoreCache (DatanodeStoreCache.java:addDB(58)) - Added db /home/runner/work/ozone/ozone/hadoop-ozone/integration-test/target/test-dir/MiniOzoneClusterImpl-84cafbd6-325b-4886-915b-d0b5d28b8cf9/datanode-1/data-0/containers/hdds/84cafbd6-325b-4886-915b-d0b5d28b8cf9/DS-12d05e66-f897-42dc-b572-b5becad059d7/container.db to cache
2022-11-10 07:16:00,288 [Listener at 127.0.0.1/43521] INFO  volume.HddsVolume (HddsVolume.java:loadDbStore(260)) - SchemaV3 db is loaded at /home/runner/work/ozone/ozone/hadoop-ozone/integration-test/target/test-dir/MiniOzoneClusterImpl-84cafbd6-325b-4886-915b-d0b5d28b8cf9/datanode-1/data-0/containers/hdds/84cafbd6-325b-4886-915b-d0b5d28b8cf9/DS-12d05e66-f897-42dc-b572-b5becad059d7/container.db for volume DS-12d05e66-f897-42dc-b572-b5becad059d7
2022-11-10 07:16:00,293 [Thread-764] INFO  ozoneimpl.ContainerReader (ContainerReader.java:readVolume(145)) - Start to verify containers on volume /home/runner/work/ozone/ozone/hadoop-ozone/integration-test/target/test-dir/MiniOzoneClusterImpl-84cafbd6-325b-4886-915b-d0b5d28b8cf9/datanode-1/data-0/containers/hdds
2022-11-10 07:16:00,293 [Thread-764] INFO  ozoneimpl.ContainerReader (ContainerReader.java:readVolume(175)) - Finish verifying containers on volume /home/runner/work/ozone/ozone/hadoop-ozone/integration-test/target/test-dir/MiniOzoneClusterImpl-84cafbd6-325b-4886-915b-d0b5d28b8cf9/datanode-1/data-0/containers/hdds
2022-11-10 07:16:00,293 [Listener at 127.0.0.1/43521] INFO  ozoneimpl.OzoneContainer (OzoneContainer.java:buildContainerSet(300)) - Build ContainerSet costs 0s
2022-11-10 07:16:00,296 [Listener at 127.0.0.1/43521] INFO  server.RaftServer (ConfUtils.java:logGet(46)) - raft.rpc.type = GRPC (default)
2022-11-10 07:16:00,296 [Listener at 127.0.0.1/43521] INFO  grpc.GrpcConfigKeys (ConfUtils.java:logFallback(53)) - raft.grpc.admin.host = null (fallback to raft.grpc.server.host)
2022-11-10 07:16:00,297 [Listener at 127.0.0.1/43521] INFO  grpc.GrpcConfigKeys (ConfUtils.java:logGet(46)) - raft.grpc.admin.port = 37013 (custom)
2022-11-10 07:16:00,297 [Listener at 127.0.0.1/43521] INFO  grpc.GrpcConfigKeys (ConfUtils.java:logFallback(53)) - raft.grpc.client.host = null (fallback to raft.grpc.server.host)
2022-11-10 07:16:00,297 [Listener at 127.0.0.1/43521] INFO  grpc.GrpcConfigKeys (ConfUtils.java:logGet(46)) - raft.grpc.client.port = 37013 (custom)
2022-11-10 07:16:00,297 [Listener at 127.0.0.1/43521] INFO  grpc.GrpcConfigKeys (ConfUtils.java:logGet(46)) - raft.grpc.server.host = null (default)
2022-11-10 07:16:00,297 [Listener at 127.0.0.1/43521] INFO  grpc.GrpcConfigKeys (ConfUtils.java:logGet(46)) - raft.grpc.server.port = 37013 (custom)
2022-11-10 07:16:00,297 [Listener at 127.0.0.1/43521] INFO  server.GrpcService (ConfUtils.java:logGet(46)) - raft.grpc.message.size.max = 32MB (=33554432) (custom)
2022-11-10 07:16:00,297 [Listener at 127.0.0.1/43521] INFO  server.RaftServerConfigKeys (ConfUtils.java:logGet(46)) - raft.server.log.appender.buffer.byte-limit = 33554432 (custom)
2022-11-10 07:16:00,299 [Listener at 127.0.0.1/43521] INFO  server.GrpcService (ConfUtils.java:logGet(46)) - raft.grpc.flow.control.window = 5MB (=5242880) (custom)
2022-11-10 07:16:00,299 [Listener at 127.0.0.1/43521] INFO  server.RaftServerConfigKeys (ConfUtils.java:logGet(46)) - raft.server.rpc.request.timeout = 60s (custom)
2022-11-10 07:16:00,300 [Listener at 127.0.0.1/43521] INFO  grpc.GrpcConfigKeys (ConfUtils.java:logGet(46)) - raft.grpc.server.heartbeat.channel = true (default)
2022-11-10 07:16:00,300 [Listener at 127.0.0.1/43521] INFO  grpc.GrpcConfigKeys (ConfUtils.java:logGet(46)) - raft.grpc.server.async.request.thread.pool.cached = true (default)
2022-11-10 07:16:00,300 [Listener at 127.0.0.1/43521] INFO  grpc.GrpcConfigKeys (ConfUtils.java:logGet(46)) - raft.grpc.server.async.request.thread.pool.size = 32 (default)
2022-11-10 07:16:00,301 [Listener at 127.0.0.1/43521] INFO  impl.DataStreamServerImpl (ConfUtils.java:logGet(46)) - raft.datastream.type = DISABLED (default)
2022-11-10 07:16:00,301 [Listener at 127.0.0.1/43521] INFO  server.RaftServerConfigKeys (ConfUtils.java:logGet(46)) - raft.server.threadpool.proxy.cached = true (default)
2022-11-10 07:16:00,301 [Listener at 127.0.0.1/43521] INFO  server.RaftServerConfigKeys (ConfUtils.java:logGet(46)) - raft.server.threadpool.proxy.size = 0 (default)
2022-11-10 07:16:00,302 [Listener at 127.0.0.1/43521] INFO  server.RaftServerConfigKeys (ConfUtils.java:logGet(46)) - raft.server.rpc.slowness.timeout = 300s (custom)
2022-11-10 07:16:00,302 [Listener at 127.0.0.1/43521] INFO  server.RaftServerConfigKeys (ConfUtils.java:logGet(46)) - raft.server.leaderelection.leader.step-down.wait-time = 10s (default)
2022-11-10 07:16:00,302 [Listener at 127.0.0.1/43521] INFO  server.RaftServerConfigKeys (ConfUtils.java:logGet(46)) - raft.server.storage.dir = [/home/runner/work/ozone/ozone/hadoop-ozone/integration-test/target/test-dir/MiniOzoneClusterImpl-84cafbd6-325b-4886-915b-d0b5d28b8cf9/datanode-1/data/ratis] (custom)
2022-11-10 07:16:00,302 [3950d273-d245-4570-97e3-85d09fa36925-impl-thread1] INFO  server.RaftServer (RaftServerProxy.java:initGroupDir(251)) - 3950d273-d245-4570-97e3-85d09fa36925: found a subdirectory /home/runner/work/ozone/ozone/hadoop-ozone/integration-test/target/test-dir/MiniOzoneClusterImpl-84cafbd6-325b-4886-915b-d0b5d28b8cf9/datanode-1/data/ratis/9be934be-80e4-444c-9f95-5a95d11c1572
2022-11-10 07:16:00,303 [3950d273-d245-4570-97e3-85d09fa36925-impl-thread1] INFO  server.RaftServer (RaftServerProxy.java:addNew(96)) - 3950d273-d245-4570-97e3-85d09fa36925: addNew group-5A95D11C1572:[] returns group-5A95D11C1572:java.util.concurrent.CompletableFuture@7a72b9b0[Not completed]
2022-11-10 07:16:00,303 [3950d273-d245-4570-97e3-85d09fa36925-impl-thread1] INFO  server.RaftServer (RaftServerProxy.java:initGroupDir(251)) - 3950d273-d245-4570-97e3-85d09fa36925: found a subdirectory /home/runner/work/ozone/ozone/hadoop-ozone/integration-test/target/test-dir/MiniOzoneClusterImpl-84cafbd6-325b-4886-915b-d0b5d28b8cf9/datanode-1/data/ratis/4adb2238-70fd-428a-a0b8-775324b89def
2022-11-10 07:16:00,303 [3950d273-d245-4570-97e3-85d09fa36925-impl-thread1] INFO  server.RaftServer (RaftServerProxy.java:addNew(96)) - 3950d273-d245-4570-97e3-85d09fa36925: addNew group-775324B89DEF:[] returns group-775324B89DEF:java.util.concurrent.CompletableFuture@7e4d3226[Not completed]
2022-11-10 07:16:00,303 [3950d273-d245-4570-97e3-85d09fa36925-impl-thread1] INFO  server.RaftServer (RaftServerProxy.java:initGroupDir(251)) - 3950d273-d245-4570-97e3-85d09fa36925: found a subdirectory /home/runner/work/ozone/ozone/hadoop-ozone/integration-test/target/test-dir/MiniOzoneClusterImpl-84cafbd6-325b-4886-915b-d0b5d28b8cf9/datanode-1/data/ratis/24cf041f-b10b-4731-9db4-67df168abd2c
2022-11-10 07:16:00,303 [3950d273-d245-4570-97e3-85d09fa36925-impl-thread1] INFO  server.RaftServer (RaftServerProxy.java:addNew(96)) - 3950d273-d245-4570-97e3-85d09fa36925: addNew group-67DF168ABD2C:[] returns group-67DF168ABD2C:java.util.concurrent.CompletableFuture@3b4fb38b[Not completed]
2022-11-10 07:16:00,304 [Listener at 127.0.0.1/43521] INFO  server.XceiverServerGrpc (XceiverServerGrpc.java:<init>(132)) - GrpcServer channel type EpollServerSocketChannel
2022-11-10 07:16:00,308 [pool-432-thread-1] INFO  server.RaftServer$Division (RaftServerImpl.java:<init>(195)) - 3950d273-d245-4570-97e3-85d09fa36925: new RaftServerImpl for group-5A95D11C1572:[] with ContainerStateMachine:uninitialized
2022-11-10 07:16:00,308 [pool-432-thread-1] INFO  server.RaftServerConfigKeys (ConfUtils.java:logGet(46)) - raft.server.rpc.timeout.min = 5s (custom)
2022-11-10 07:16:00,308 [pool-432-thread-1] INFO  server.RaftServerConfigKeys (ConfUtils.java:logGet(46)) - raft.server.rpc.timeout.max = 5200ms (custom)
2022-11-10 07:16:00,308 [pool-432-thread-1] INFO  server.RaftServerConfigKeys (ConfUtils.java:logGet(46)) - raft.server.rpc.sleep.time = 25ms (default)
2022-11-10 07:16:00,308 [pool-432-thread-1] INFO  server.RaftServerConfigKeys (ConfUtils.java:logGet(46)) - raft.server.rpc.slowness.timeout = 300s (custom)
2022-11-10 07:16:00,308 [Listener at 127.0.0.1/43521] INFO  http.BaseHttpServer (BaseHttpServer.java:newHttpServer2BuilderForOzone(213)) - Starting Web-server for hddsDatanode at: http://0.0.0.0:41193
2022-11-10 07:16:00,308 [Listener at 127.0.0.1/43521] INFO  http.BaseHttpServer (BaseHttpServer.java:<init>(108)) - Hadoop Security Enabled: false Ozone Security Enabled: false Ozone HTTP Security Enabled: false 
2022-11-10 07:16:00,309 [Listener at 127.0.0.1/43521] WARN  server.AuthenticationFilter (AuthenticationFilter.java:constructSecretProvider(240)) - Unable to initialize FileSignerSecretProvider, falling back to use random secrets. Reason: Could not read signature secret file: /home/runner/hadoop-http-auth-signature-secret
2022-11-10 07:16:00,308 [pool-432-thread-1] INFO  server.RaftServerConfigKeys (ConfUtils.java:logGet(46)) - raft.server.leaderelection.leader.step-down.wait-time = 10s (default)
2022-11-10 07:16:00,310 [pool-432-thread-1] INFO  server.RaftServerConfigKeys (ConfUtils.java:logGet(46)) - raft.server.sleep.deviation.threshold = 300ms (default)
2022-11-10 07:16:00,310 [pool-432-thread-1] INFO  server.RaftServer$Division (ServerState.java:<init>(118)) - 3950d273-d245-4570-97e3-85d09fa36925@group-5A95D11C1572: ConfigurationManager, init=-1: peers:[]|listeners:[], old=null, confs=<EMPTY_MAP>
2022-11-10 07:16:00,310 [pool-432-thread-1] INFO  server.RaftServerConfigKeys (ConfUtils.java:logGet(46)) - raft.server.storage.dir = [/home/runner/work/ozone/ozone/hadoop-ozone/integration-test/target/test-dir/MiniOzoneClusterImpl-84cafbd6-325b-4886-915b-d0b5d28b8cf9/datanode-1/data/ratis] (custom)
2022-11-10 07:16:00,310 [pool-432-thread-1] INFO  server.RaftServerConfigKeys (ConfUtils.java:logGet(46)) - raft.server.log.corruption.policy = EXCEPTION (default)
2022-11-10 07:16:00,310 [pool-432-thread-1] INFO  server.RaftServerConfigKeys (ConfUtils.java:logGet(46)) - raft.server.storage.free-space.min = 0MB (=0) (default)
2022-11-10 07:16:00,310 [pool-432-thread-1] INFO  server.RaftServerConfigKeys (ConfUtils.java:logGet(46)) - raft.server.notification.no-leader.timeout = 300s (custom)
2022-11-10 07:16:00,310 [pool-432-thread-1] INFO  server.RaftServerConfigKeys (ConfUtils.java:logGet(46)) - raft.server.retrycache.expirytime = 600000ms (custom)
2022-11-10 07:16:00,310 [pool-432-thread-1] INFO  server.RaftServerConfigKeys (ConfUtils.java:logGet(46)) - raft.server.retrycache.statistics.expirytime = 100μs (default)
2022-11-10 07:16:00,311 [pool-432-thread-1] INFO  server.RaftServerConfigKeys (ConfUtils.java:logGet(46)) - raft.server.log.appender.install.snapshot.enabled = false (custom)
2022-11-10 07:16:00,311 [pool-432-thread-1] INFO  server.RaftServerConfigKeys (ConfUtils.java:logGet(46)) - raft.server.threadpool.server.cached = true (default)
2022-11-10 07:16:00,311 [pool-432-thread-1] INFO  server.RaftServerConfigKeys (ConfUtils.java:logGet(46)) - raft.server.threadpool.server.size = 0 (default)
2022-11-10 07:16:00,311 [pool-432-thread-1] INFO  server.RaftServerConfigKeys (ConfUtils.java:logGet(46)) - raft.server.threadpool.client.cached = true (default)
2022-11-10 07:16:00,311 [pool-432-thread-1] INFO  server.RaftServerConfigKeys (ConfUtils.java:logGet(46)) - raft.server.threadpool.client.size = 0 (default)
2022-11-10 07:16:00,312 [pool-432-thread-1] INFO  server.RaftServer$Division (RaftServerImpl.java:<init>(195)) - 3950d273-d245-4570-97e3-85d09fa36925: new RaftServerImpl for group-775324B89DEF:[] with ContainerStateMachine:uninitialized
2022-11-10 07:16:00,312 [pool-432-thread-1] INFO  server.RaftServerConfigKeys (ConfUtils.java:logGet(46)) - raft.server.rpc.timeout.min = 5s (custom)
2022-11-10 07:16:00,312 [pool-432-thread-1] INFO  server.RaftServerConfigKeys (ConfUtils.java:logGet(46)) - raft.server.rpc.timeout.max = 5200ms (custom)
2022-11-10 07:16:00,312 [pool-432-thread-1] INFO  server.RaftServerConfigKeys (ConfUtils.java:logGet(46)) - raft.server.rpc.sleep.time = 25ms (default)
2022-11-10 07:16:00,312 [pool-432-thread-1] INFO  server.RaftServerConfigKeys (ConfUtils.java:logGet(46)) - raft.server.rpc.slowness.timeout = 300s (custom)
2022-11-10 07:16:00,312 [pool-432-thread-1] INFO  server.RaftServerConfigKeys (ConfUtils.java:logGet(46)) - raft.server.leaderelection.leader.step-down.wait-time = 10s (default)
2022-11-10 07:16:00,312 [pool-432-thread-1] INFO  server.RaftServerConfigKeys (ConfUtils.java:logGet(46)) - raft.server.sleep.deviation.threshold = 300ms (default)
2022-11-10 07:16:00,312 [pool-432-thread-1] INFO  server.RaftServer$Division (ServerState.java:<init>(118)) - 3950d273-d245-4570-97e3-85d09fa36925@group-775324B89DEF: ConfigurationManager, init=-1: peers:[]|listeners:[], old=null, confs=<EMPTY_MAP>
2022-11-10 07:16:00,312 [pool-432-thread-1] INFO  server.RaftServerConfigKeys (ConfUtils.java:logGet(46)) - raft.server.storage.dir = [/home/runner/work/ozone/ozone/hadoop-ozone/integration-test/target/test-dir/MiniOzoneClusterImpl-84cafbd6-325b-4886-915b-d0b5d28b8cf9/datanode-1/data/ratis] (custom)
2022-11-10 07:16:00,312 [pool-432-thread-1] INFO  server.RaftServerConfigKeys (ConfUtils.java:logGet(46)) - raft.server.log.corruption.policy = EXCEPTION (default)
2022-11-10 07:16:00,312 [pool-432-thread-1] INFO  server.RaftServerConfigKeys (ConfUtils.java:logGet(46)) - raft.server.storage.free-space.min = 0MB (=0) (default)
2022-11-10 07:16:00,312 [pool-432-thread-1] INFO  server.RaftServerConfigKeys (ConfUtils.java:logGet(46)) - raft.server.notification.no-leader.timeout = 300s (custom)
2022-11-10 07:16:00,312 [pool-432-thread-1] INFO  server.RaftServerConfigKeys (ConfUtils.java:logGet(46)) - raft.server.retrycache.expirytime = 600000ms (custom)
2022-11-10 07:16:00,312 [pool-432-thread-1] INFO  server.RaftServerConfigKeys (ConfUtils.java:logGet(46)) - raft.server.retrycache.statistics.expirytime = 100μs (default)
2022-11-10 07:16:00,313 [pool-432-thread-1] INFO  server.RaftServerConfigKeys (ConfUtils.java:logGet(46)) - raft.server.log.appender.install.snapshot.enabled = false (custom)
2022-11-10 07:16:00,313 [pool-432-thread-1] INFO  server.RaftServerConfigKeys (ConfUtils.java:logGet(46)) - raft.server.threadpool.server.cached = true (default)
2022-11-10 07:16:00,313 [pool-432-thread-1] INFO  server.RaftServerConfigKeys (ConfUtils.java:logGet(46)) - raft.server.threadpool.server.size = 0 (default)
2022-11-10 07:16:00,313 [pool-432-thread-1] INFO  server.RaftServerConfigKeys (ConfUtils.java:logGet(46)) - raft.server.threadpool.client.cached = true (default)
2022-11-10 07:16:00,313 [pool-432-thread-1] INFO  server.RaftServerConfigKeys (ConfUtils.java:logGet(46)) - raft.server.threadpool.client.size = 0 (default)
2022-11-10 07:16:00,314 [pool-432-thread-1] INFO  server.RaftServer$Division (RaftServerImpl.java:<init>(195)) - 3950d273-d245-4570-97e3-85d09fa36925: new RaftServerImpl for group-67DF168ABD2C:[] with ContainerStateMachine:uninitialized
2022-11-10 07:16:00,314 [pool-432-thread-1] INFO  server.RaftServerConfigKeys (ConfUtils.java:logGet(46)) - raft.server.rpc.timeout.min = 5s (custom)
2022-11-10 07:16:00,314 [pool-432-thread-1] INFO  server.RaftServerConfigKeys (ConfUtils.java:logGet(46)) - raft.server.rpc.timeout.max = 5200ms (custom)
2022-11-10 07:16:00,314 [pool-432-thread-1] INFO  server.RaftServerConfigKeys (ConfUtils.java:logGet(46)) - raft.server.rpc.sleep.time = 25ms (default)
2022-11-10 07:16:00,314 [pool-432-thread-1] INFO  server.RaftServerConfigKeys (ConfUtils.java:logGet(46)) - raft.server.rpc.slowness.timeout = 300s (custom)
2022-11-10 07:16:00,314 [pool-432-thread-1] INFO  server.RaftServerConfigKeys (ConfUtils.java:logGet(46)) - raft.server.leaderelection.leader.step-down.wait-time = 10s (default)
2022-11-10 07:16:00,314 [pool-432-thread-1] INFO  server.RaftServerConfigKeys (ConfUtils.java:logGet(46)) - raft.server.sleep.deviation.threshold = 300ms (default)
2022-11-10 07:16:00,314 [pool-432-thread-1] INFO  server.RaftServer$Division (ServerState.java:<init>(118)) - 3950d273-d245-4570-97e3-85d09fa36925@group-67DF168ABD2C: ConfigurationManager, init=-1: peers:[]|listeners:[], old=null, confs=<EMPTY_MAP>
2022-11-10 07:16:00,314 [pool-432-thread-1] INFO  server.RaftServerConfigKeys (ConfUtils.java:logGet(46)) - raft.server.storage.dir = [/home/runner/work/ozone/ozone/hadoop-ozone/integration-test/target/test-dir/MiniOzoneClusterImpl-84cafbd6-325b-4886-915b-d0b5d28b8cf9/datanode-1/data/ratis] (custom)
2022-11-10 07:16:00,314 [pool-432-thread-1] INFO  server.RaftServerConfigKeys (ConfUtils.java:logGet(46)) - raft.server.log.corruption.policy = EXCEPTION (default)
2022-11-10 07:16:00,314 [pool-432-thread-1] INFO  server.RaftServerConfigKeys (ConfUtils.java:logGet(46)) - raft.server.storage.free-space.min = 0MB (=0) (default)
2022-11-10 07:16:00,314 [pool-432-thread-1] INFO  server.RaftServerConfigKeys (ConfUtils.java:logGet(46)) - raft.server.notification.no-leader.timeout = 300s (custom)
2022-11-10 07:16:00,314 [pool-432-thread-1] INFO  server.RaftServerConfigKeys (ConfUtils.java:logGet(46)) - raft.server.retrycache.expirytime = 600000ms (custom)
2022-11-10 07:16:00,314 [pool-432-thread-1] INFO  server.RaftServerConfigKeys (ConfUtils.java:logGet(46)) - raft.server.retrycache.statistics.expirytime = 100μs (default)
2022-11-10 07:16:00,315 [pool-432-thread-1] INFO  server.RaftServerConfigKeys (ConfUtils.java:logGet(46)) - raft.server.log.appender.install.snapshot.enabled = false (custom)
2022-11-10 07:16:00,315 [pool-432-thread-1] INFO  server.RaftServerConfigKeys (ConfUtils.java:logGet(46)) - raft.server.threadpool.server.cached = true (default)
2022-11-10 07:16:00,315 [pool-432-thread-1] INFO  server.RaftServerConfigKeys (ConfUtils.java:logGet(46)) - raft.server.threadpool.server.size = 0 (default)
2022-11-10 07:16:00,315 [pool-432-thread-1] INFO  server.RaftServerConfigKeys (ConfUtils.java:logGet(46)) - raft.server.threadpool.client.cached = true (default)
2022-11-10 07:16:00,315 [pool-432-thread-1] INFO  server.RaftServerConfigKeys (ConfUtils.java:logGet(46)) - raft.server.threadpool.client.size = 0 (default)
2022-11-10 07:16:00,316 [Listener at 127.0.0.1/43521] WARN  http.HttpRequestLog (HttpRequestLog.java:getRequestLog(103)) - Jetty request log can only be enabled using Log4j
2022-11-10 07:16:00,317 [Listener at 127.0.0.1/43521] INFO  http.HttpServer2 (HttpServer2.java:addGlobalFilter(1031)) - Added global filter 'safety' (class=org.apache.hadoop.hdds.server.http.HttpServer2$QuotingInputFilter)
2022-11-10 07:16:00,318 [Listener at 127.0.0.1/43521] INFO  http.HttpServer2 (HttpServer2.java:addFilter(1007)) - Added filter static_user_filter (class=org.apache.hadoop.http.lib.StaticUserWebFilter$StaticUserFilter) to context hddsDatanode
2022-11-10 07:16:00,318 [Listener at 127.0.0.1/43521] INFO  http.HttpServer2 (HttpServer2.java:addFilter(1015)) - Added filter static_user_filter (class=org.apache.hadoop.http.lib.StaticUserWebFilter$StaticUserFilter) to context logs
2022-11-10 07:16:00,318 [Listener at 127.0.0.1/43521] INFO  http.HttpServer2 (HttpServer2.java:addFilter(1015)) - Added filter static_user_filter (class=org.apache.hadoop.http.lib.StaticUserWebFilter$StaticUserFilter) to context static
2022-11-10 07:16:00,318 [Listener at 127.0.0.1/43521] INFO  http.HttpServer2 (HttpServer2.java:bindListener(1250)) - Jetty bound to port 41193
2022-11-10 07:16:00,318 [Listener at 127.0.0.1/43521] INFO  server.Server (Server.java:doStart(375)) - jetty-9.4.49.v20220914; built: 2022-09-14T01:07:36.601Z; git: 4231a3b2e4cb8548a412a789936d640a97b1aa0a; jvm 1.8.0_345-b01
2022-11-10 07:16:00,321 [Listener at 127.0.0.1/43521] INFO  server.session (DefaultSessionIdManager.java:doStart(334)) - DefaultSessionIdManager workerName=node0
2022-11-10 07:16:00,321 [Listener at 127.0.0.1/43521] INFO  server.session (DefaultSessionIdManager.java:doStart(339)) - No SessionScavenger set, using defaults
2022-11-10 07:16:00,321 [Listener at 127.0.0.1/43521] INFO  server.session (HouseKeeper.java:startScavenging(132)) - node0 Scavenging every 600000ms
2022-11-10 07:16:00,322 [Listener at 127.0.0.1/43521] INFO  handler.ContextHandler (ContextHandler.java:doStart(921)) - Started o.e.j.s.ServletContextHandler@15dc84bd{logs,/logs,file:///home/runner/work/ozone/ozone/hadoop-ozone/integration-test/target/log,AVAILABLE}
2022-11-10 07:16:00,322 [Listener at 127.0.0.1/43521] INFO  handler.ContextHandler (ContextHandler.java:doStart(921)) - Started o.e.j.s.ServletContextHandler@17c3d19a{static,/static,jar:file:/home/runner/.m2/repository/org/apache/ozone/hdds-container-service/1.3.0-SNAPSHOT/hdds-container-service-1.3.0-SNAPSHOT.jar!/webapps/static,AVAILABLE}
2022-11-10 07:16:00,487 [Listener at 127.0.0.1/43521] INFO  handler.ContextHandler (ContextHandler.java:doStart(921)) - Started o.e.j.w.WebAppContext@7d578694{hddsDatanode,/,file:///tmp/jetty-0_0_0_0-41193-hdds-container-service-1_3_0-SNAPSHOT_jar-_-any-5210166847081300195/webapp/,AVAILABLE}{jar:file:/home/runner/.m2/repository/org/apache/ozone/hdds-container-service/1.3.0-SNAPSHOT/hdds-container-service-1.3.0-SNAPSHOT.jar!/webapps/hddsDatanode}
2022-11-10 07:16:00,489 [Listener at 127.0.0.1/43521] INFO  server.AbstractConnector (AbstractConnector.java:doStart(333)) - Started ServerConnector@1f21f1f{HTTP/1.1, (http/1.1)}{0.0.0.0:41193}
2022-11-10 07:16:00,489 [Listener at 127.0.0.1/43521] INFO  server.Server (Server.java:doStart(415)) - Started @117969ms
2022-11-10 07:16:00,489 [Listener at 127.0.0.1/43521] WARN  impl.MetricsSystemImpl (MetricsSystemImpl.java:register(279)) - Sink prometheus already exists!
2022-11-10 07:16:00,490 [Listener at 127.0.0.1/43521] INFO  http.BaseHttpServer (BaseHttpServer.java:updateConnectorAddress(333)) - HTTP server of hddsDatanode listening at http://0.0.0.0:41193
2022-11-10 07:16:00,491 [Datanode State Machine Daemon Thread] INFO  statemachine.DatanodeStateMachine (DatanodeStateMachine.java:lambda$startDaemon$0(505)) - Ozone container server started.
2022-11-10 07:16:00,492 [Listener at 127.0.0.1/43521] WARN  impl.MetricRegistriesImpl (MetricRegistriesImpl.java:addReporterRegistration(111)) - New reporters are added after registries were created. Some metrics will be missing from the reporter. Please add reporter before adding any new registry.
2022-11-10 07:16:00,492 [Listener at 127.0.0.1/43521] WARN  impl.MetricRegistriesImpl (MetricRegistriesImpl.java:addReporterRegistration(111)) - New reporters are added after registries were created. Some metrics will be missing from the reporter. Please add reporter before adding any new registry.
2022-11-10 07:16:00,492 [Listener at 127.0.0.1/43521] INFO  impl.MetricsSystemImpl (MetricsSystemImpl.java:init(158)) - HddsDatanode metrics system started (again)
2022-11-10 07:16:00,504 [org.apache.hadoop.util.JvmPauseMonitor$Monitor@1872342f] INFO  util.JvmPauseMonitor (JvmPauseMonitor.java:run(188)) - Starting JVM pause monitor
2022-11-10 07:16:00,505 [Listener at 127.0.0.1/43521] INFO  ozone.HddsDatanodeService (HddsDatanodeService.java:start(236)) - HddsDatanodeService host:fv-az435-205.hcxxyugg5vdudo0mn2smve0l3g.cx.internal.cloudapp.net ip:10.1.0.59
2022-11-10 07:16:00,509 [Datanode State Machine Task Thread - 0] INFO  datanode.InitDatanodeState (InitDatanodeState.java:persistContainerDatanodeDetails(138)) - DatanodeDetails is persisted to /home/runner/work/ozone/ozone/hadoop-ozone/integration-test/target/test-dir/MiniOzoneClusterImpl-84cafbd6-325b-4886-915b-d0b5d28b8cf9/datanode-1/meta/datanode.id
2022-11-10 07:16:00,520 [Listener at 127.0.0.1/43521] INFO  upgrade.AbstractLayoutVersionManager (AbstractLayoutVersionManager.java:init(83)) - Initializing Layout version manager with metadata layout = DATANODE_SCHEMA_V3 (version = 4), software layout = DATANODE_SCHEMA_V3 (version = 4)
2022-11-10 07:16:00,560 [Listener at 127.0.0.1/43521] INFO  reflections.Reflections (Reflections.java:scan(232)) - Reflections took 39 ms to scan 7 urls, producing 139 keys and 336 values 
2022-11-10 07:16:00,561 [Listener at 127.0.0.1/43521] INFO  statemachine.DatanodeStateMachine (DatanodeStateMachine.java:getEndPointTaskThreadPoolSize(245)) - Datanode State Machine Task Thread Pool size 2
2022-11-10 07:16:00,563 [Listener at 127.0.0.1/43521] INFO  volume.HddsVolume (HddsVolume.java:<init>(117)) - Creating HddsVolume: /home/runner/work/ozone/ozone/hadoop-ozone/integration-test/target/test-dir/MiniOzoneClusterImpl-84cafbd6-325b-4886-915b-d0b5d28b8cf9/datanode-2/data-0/containers/hdds of storage type : DISK capacity : 9223372036854775807
2022-11-10 07:16:00,563 [Listener at 127.0.0.1/43521] INFO  volume.MutableVolumeSet (MutableVolumeSet.java:initializeVolumeSet(174)) - Added Volume : /home/runner/work/ozone/ozone/hadoop-ozone/integration-test/target/test-dir/MiniOzoneClusterImpl-84cafbd6-325b-4886-915b-d0b5d28b8cf9/datanode-2/data-0/containers/hdds to VolumeSet
2022-11-10 07:16:00,563 [Listener at 127.0.0.1/43521] INFO  volume.ThrottledAsyncChecker (ThrottledAsyncChecker.java:schedule(141)) - Scheduling a check for /home/runner/work/ozone/ozone/hadoop-ozone/integration-test/target/test-dir/MiniOzoneClusterImpl-84cafbd6-325b-4886-915b-d0b5d28b8cf9/datanode-2/data-0/containers/hdds
2022-11-10 07:16:00,568 [Listener at 127.0.0.1/43521] INFO  volume.StorageVolumeChecker (StorageVolumeChecker.java:checkAllVolumes(202)) - Scheduled health check for volume /home/runner/work/ozone/ozone/hadoop-ozone/integration-test/target/test-dir/MiniOzoneClusterImpl-84cafbd6-325b-4886-915b-d0b5d28b8cf9/datanode-2/data-0/containers/hdds
2022-11-10 07:16:00,579 [Listener at 127.0.0.1/43521] INFO  volume.MutableVolumeSet (MutableVolumeSet.java:initializeVolumeSet(174)) - Added Volume : /home/runner/work/ozone/ozone/hadoop-ozone/integration-test/target/test-dir/MiniOzoneClusterImpl-84cafbd6-325b-4886-915b-d0b5d28b8cf9/datanode-2/data/ratis to VolumeSet
2022-11-10 07:16:00,580 [Listener at 127.0.0.1/43521] INFO  volume.ThrottledAsyncChecker (ThrottledAsyncChecker.java:schedule(141)) - Scheduling a check for /home/runner/work/ozone/ozone/hadoop-ozone/integration-test/target/test-dir/MiniOzoneClusterImpl-84cafbd6-325b-4886-915b-d0b5d28b8cf9/datanode-2/data/ratis
2022-11-10 07:16:00,580 [Listener at 127.0.0.1/43521] INFO  volume.StorageVolumeChecker (StorageVolumeChecker.java:checkAllVolumes(202)) - Scheduled health check for volume /home/runner/work/ozone/ozone/hadoop-ozone/integration-test/target/test-dir/MiniOzoneClusterImpl-84cafbd6-325b-4886-915b-d0b5d28b8cf9/datanode-2/data/ratis
2022-11-10 07:16:00,604 [Listener at 127.0.0.1/43521] INFO  utils.DatanodeStoreCache (DatanodeStoreCache.java:addDB(58)) - Added db /home/runner/work/ozone/ozone/hadoop-ozone/integration-test/target/test-dir/MiniOzoneClusterImpl-84cafbd6-325b-4886-915b-d0b5d28b8cf9/datanode-2/data-0/containers/hdds/84cafbd6-325b-4886-915b-d0b5d28b8cf9/DS-b8ef9b31-df07-4354-9ad8-b5a742dcd229/container.db to cache
2022-11-10 07:16:00,605 [Listener at 127.0.0.1/43521] INFO  volume.HddsVolume (HddsVolume.java:loadDbStore(260)) - SchemaV3 db is loaded at /home/runner/work/ozone/ozone/hadoop-ozone/integration-test/target/test-dir/MiniOzoneClusterImpl-84cafbd6-325b-4886-915b-d0b5d28b8cf9/datanode-2/data-0/containers/hdds/84cafbd6-325b-4886-915b-d0b5d28b8cf9/DS-b8ef9b31-df07-4354-9ad8-b5a742dcd229/container.db for volume DS-b8ef9b31-df07-4354-9ad8-b5a742dcd229
2022-11-10 07:16:00,605 [Thread-777] INFO  ozoneimpl.ContainerReader (ContainerReader.java:readVolume(145)) - Start to verify containers on volume /home/runner/work/ozone/ozone/hadoop-ozone/integration-test/target/test-dir/MiniOzoneClusterImpl-84cafbd6-325b-4886-915b-d0b5d28b8cf9/datanode-2/data-0/containers/hdds
2022-11-10 07:16:00,605 [Thread-777] INFO  ozoneimpl.ContainerReader (ContainerReader.java:readVolume(175)) - Finish verifying containers on volume /home/runner/work/ozone/ozone/hadoop-ozone/integration-test/target/test-dir/MiniOzoneClusterImpl-84cafbd6-325b-4886-915b-d0b5d28b8cf9/datanode-2/data-0/containers/hdds
2022-11-10 07:16:00,605 [Listener at 127.0.0.1/43521] INFO  ozoneimpl.OzoneContainer (OzoneContainer.java:buildContainerSet(300)) - Build ContainerSet costs 0s
2022-11-10 07:16:00,609 [Listener at 127.0.0.1/43521] INFO  server.RaftServer (ConfUtils.java:logGet(46)) - raft.rpc.type = GRPC (default)
2022-11-10 07:16:00,609 [Listener at 127.0.0.1/43521] INFO  grpc.GrpcConfigKeys (ConfUtils.java:logFallback(53)) - raft.grpc.admin.host = null (fallback to raft.grpc.server.host)
2022-11-10 07:16:00,609 [Listener at 127.0.0.1/43521] INFO  grpc.GrpcConfigKeys (ConfUtils.java:logGet(46)) - raft.grpc.admin.port = 34685 (custom)
2022-11-10 07:16:00,609 [Listener at 127.0.0.1/43521] INFO  grpc.GrpcConfigKeys (ConfUtils.java:logFallback(53)) - raft.grpc.client.host = null (fallback to raft.grpc.server.host)
2022-11-10 07:16:00,610 [Listener at 127.0.0.1/43521] INFO  grpc.GrpcConfigKeys (ConfUtils.java:logGet(46)) - raft.grpc.client.port = 34685 (custom)
2022-11-10 07:16:00,610 [Listener at 127.0.0.1/43521] INFO  grpc.GrpcConfigKeys (ConfUtils.java:logGet(46)) - raft.grpc.server.host = null (default)
2022-11-10 07:16:00,610 [Listener at 127.0.0.1/43521] INFO  grpc.GrpcConfigKeys (ConfUtils.java:logGet(46)) - raft.grpc.server.port = 34685 (custom)
2022-11-10 07:16:00,610 [Listener at 127.0.0.1/43521] INFO  server.GrpcService (ConfUtils.java:logGet(46)) - raft.grpc.message.size.max = 32MB (=33554432) (custom)
2022-11-10 07:16:00,610 [Listener at 127.0.0.1/43521] INFO  server.RaftServerConfigKeys (ConfUtils.java:logGet(46)) - raft.server.log.appender.buffer.byte-limit = 33554432 (custom)
2022-11-10 07:16:00,610 [Listener at 127.0.0.1/43521] INFO  server.GrpcService (ConfUtils.java:logGet(46)) - raft.grpc.flow.control.window = 5MB (=5242880) (custom)
2022-11-10 07:16:00,610 [Listener at 127.0.0.1/43521] INFO  server.RaftServerConfigKeys (ConfUtils.java:logGet(46)) - raft.server.rpc.request.timeout = 60s (custom)
2022-11-10 07:16:00,610 [Listener at 127.0.0.1/43521] INFO  grpc.GrpcConfigKeys (ConfUtils.java:logGet(46)) - raft.grpc.server.heartbeat.channel = true (default)
2022-11-10 07:16:00,611 [Listener at 127.0.0.1/43521] INFO  grpc.GrpcConfigKeys (ConfUtils.java:logGet(46)) - raft.grpc.server.async.request.thread.pool.cached = true (default)
2022-11-10 07:16:00,611 [Listener at 127.0.0.1/43521] INFO  grpc.GrpcConfigKeys (ConfUtils.java:logGet(46)) - raft.grpc.server.async.request.thread.pool.size = 32 (default)
2022-11-10 07:16:00,612 [Listener at 127.0.0.1/43521] INFO  impl.DataStreamServerImpl (ConfUtils.java:logGet(46)) - raft.datastream.type = DISABLED (default)
2022-11-10 07:16:00,612 [Listener at 127.0.0.1/43521] INFO  server.RaftServerConfigKeys (ConfUtils.java:logGet(46)) - raft.server.threadpool.proxy.cached = true (default)
2022-11-10 07:16:00,612 [Listener at 127.0.0.1/43521] INFO  server.RaftServerConfigKeys (ConfUtils.java:logGet(46)) - raft.server.threadpool.proxy.size = 0 (default)
2022-11-10 07:16:00,613 [Listener at 127.0.0.1/43521] INFO  server.RaftServerConfigKeys (ConfUtils.java:logGet(46)) - raft.server.rpc.slowness.timeout = 300s (custom)
2022-11-10 07:16:00,613 [Listener at 127.0.0.1/43521] INFO  server.RaftServerConfigKeys (ConfUtils.java:logGet(46)) - raft.server.leaderelection.leader.step-down.wait-time = 10s (default)
2022-11-10 07:16:00,613 [Listener at 127.0.0.1/43521] INFO  server.RaftServerConfigKeys (ConfUtils.java:logGet(46)) - raft.server.storage.dir = [/home/runner/work/ozone/ozone/hadoop-ozone/integration-test/target/test-dir/MiniOzoneClusterImpl-84cafbd6-325b-4886-915b-d0b5d28b8cf9/datanode-2/data/ratis] (custom)
2022-11-10 07:16:00,615 [06ff1ec3-3332-4ac8-b4dc-23bc541e60c0-impl-thread1] INFO  server.RaftServer (RaftServerProxy.java:initGroupDir(251)) - 06ff1ec3-3332-4ac8-b4dc-23bc541e60c0: found a subdirectory /home/runner/work/ozone/ozone/hadoop-ozone/integration-test/target/test-dir/MiniOzoneClusterImpl-84cafbd6-325b-4886-915b-d0b5d28b8cf9/datanode-2/data/ratis/637d6c75-b572-4caf-a2ca-9cddbf873c89
2022-11-10 07:16:00,615 [06ff1ec3-3332-4ac8-b4dc-23bc541e60c0-impl-thread1] INFO  server.RaftServer (RaftServerProxy.java:addNew(96)) - 06ff1ec3-3332-4ac8-b4dc-23bc541e60c0: addNew group-9CDDBF873C89:[] returns group-9CDDBF873C89:java.util.concurrent.CompletableFuture@1485f887[Not completed]
2022-11-10 07:16:00,615 [06ff1ec3-3332-4ac8-b4dc-23bc541e60c0-impl-thread1] INFO  server.RaftServer (RaftServerProxy.java:initGroupDir(251)) - 06ff1ec3-3332-4ac8-b4dc-23bc541e60c0: found a subdirectory /home/runner/work/ozone/ozone/hadoop-ozone/integration-test/target/test-dir/MiniOzoneClusterImpl-84cafbd6-325b-4886-915b-d0b5d28b8cf9/datanode-2/data/ratis/4adb2238-70fd-428a-a0b8-775324b89def
2022-11-10 07:16:00,616 [06ff1ec3-3332-4ac8-b4dc-23bc541e60c0-impl-thread1] INFO  server.RaftServer (RaftServerProxy.java:addNew(96)) - 06ff1ec3-3332-4ac8-b4dc-23bc541e60c0: addNew group-775324B89DEF:[] returns group-775324B89DEF:java.util.concurrent.CompletableFuture@10ba6ecf[Not completed]
2022-11-10 07:16:00,616 [06ff1ec3-3332-4ac8-b4dc-23bc541e60c0-impl-thread1] INFO  server.RaftServer (RaftServerProxy.java:initGroupDir(251)) - 06ff1ec3-3332-4ac8-b4dc-23bc541e60c0: found a subdirectory /home/runner/work/ozone/ozone/hadoop-ozone/integration-test/target/test-dir/MiniOzoneClusterImpl-84cafbd6-325b-4886-915b-d0b5d28b8cf9/datanode-2/data/ratis/24cf041f-b10b-4731-9db4-67df168abd2c
2022-11-10 07:16:00,616 [06ff1ec3-3332-4ac8-b4dc-23bc541e60c0-impl-thread1] INFO  server.RaftServer (RaftServerProxy.java:addNew(96)) - 06ff1ec3-3332-4ac8-b4dc-23bc541e60c0: addNew group-67DF168ABD2C:[] returns group-67DF168ABD2C:java.util.concurrent.CompletableFuture@55b8f2bc[Not completed]
2022-11-10 07:16:00,617 [Listener at 127.0.0.1/43521] INFO  server.XceiverServerGrpc (XceiverServerGrpc.java:<init>(132)) - GrpcServer channel type EpollServerSocketChannel
2022-11-10 07:16:00,621 [pool-462-thread-1] INFO  server.RaftServer$Division (RaftServerImpl.java:<init>(195)) - 06ff1ec3-3332-4ac8-b4dc-23bc541e60c0: new RaftServerImpl for group-9CDDBF873C89:[] with ContainerStateMachine:uninitialized
2022-11-10 07:16:00,621 [pool-462-thread-1] INFO  server.RaftServerConfigKeys (ConfUtils.java:logGet(46)) - raft.server.rpc.timeout.min = 5s (custom)
2022-11-10 07:16:00,621 [pool-462-thread-1] INFO  server.RaftServerConfigKeys (ConfUtils.java:logGet(46)) - raft.server.rpc.timeout.max = 5200ms (custom)
2022-11-10 07:16:00,621 [pool-462-thread-1] INFO  server.RaftServerConfigKeys (ConfUtils.java:logGet(46)) - raft.server.rpc.sleep.time = 25ms (default)
2022-11-10 07:16:00,621 [pool-462-thread-1] INFO  server.RaftServerConfigKeys (ConfUtils.java:logGet(46)) - raft.server.rpc.slowness.timeout = 300s (custom)
2022-11-10 07:16:00,621 [pool-462-thread-1] INFO  server.RaftServerConfigKeys (ConfUtils.java:logGet(46)) - raft.server.leaderelection.leader.step-down.wait-time = 10s (default)
2022-11-10 07:16:00,621 [pool-462-thread-1] INFO  server.RaftServerConfigKeys (ConfUtils.java:logGet(46)) - raft.server.sleep.deviation.threshold = 300ms (default)
2022-11-10 07:16:00,621 [pool-462-thread-1] INFO  server.RaftServer$Division (ServerState.java:<init>(118)) - 06ff1ec3-3332-4ac8-b4dc-23bc541e60c0@group-9CDDBF873C89: ConfigurationManager, init=-1: peers:[]|listeners:[], old=null, confs=<EMPTY_MAP>
2022-11-10 07:16:00,621 [pool-462-thread-1] INFO  server.RaftServerConfigKeys (ConfUtils.java:logGet(46)) - raft.server.storage.dir = [/home/runner/work/ozone/ozone/hadoop-ozone/integration-test/target/test-dir/MiniOzoneClusterImpl-84cafbd6-325b-4886-915b-d0b5d28b8cf9/datanode-2/data/ratis] (custom)
2022-11-10 07:16:00,621 [pool-462-thread-1] INFO  server.RaftServerConfigKeys (ConfUtils.java:logGet(46)) - raft.server.log.corruption.policy = EXCEPTION (default)
2022-11-10 07:16:00,621 [pool-462-thread-1] INFO  server.RaftServerConfigKeys (ConfUtils.java:logGet(46)) - raft.server.storage.free-space.min = 0MB (=0) (default)
2022-11-10 07:16:00,621 [pool-462-thread-1] INFO  server.RaftServerConfigKeys (ConfUtils.java:logGet(46)) - raft.server.notification.no-leader.timeout = 300s (custom)
2022-11-10 07:16:00,622 [pool-462-thread-1] INFO  server.RaftServerConfigKeys (ConfUtils.java:logGet(46)) - raft.server.retrycache.expirytime = 600000ms (custom)
2022-11-10 07:16:00,622 [pool-462-thread-1] INFO  server.RaftServerConfigKeys (ConfUtils.java:logGet(46)) - raft.server.retrycache.statistics.expirytime = 100μs (default)
2022-11-10 07:16:00,622 [pool-462-thread-1] INFO  server.RaftServerConfigKeys (ConfUtils.java:logGet(46)) - raft.server.log.appender.install.snapshot.enabled = false (custom)
2022-11-10 07:16:00,623 [pool-462-thread-1] INFO  server.RaftServerConfigKeys (ConfUtils.java:logGet(46)) - raft.server.threadpool.server.cached = true (default)
2022-11-10 07:16:00,623 [pool-462-thread-1] INFO  server.RaftServerConfigKeys (ConfUtils.java:logGet(46)) - raft.server.threadpool.server.size = 0 (default)
2022-11-10 07:16:00,623 [pool-462-thread-1] INFO  server.RaftServerConfigKeys (ConfUtils.java:logGet(46)) - raft.server.threadpool.client.cached = true (default)
2022-11-10 07:16:00,623 [pool-462-thread-1] INFO  server.RaftServerConfigKeys (ConfUtils.java:logGet(46)) - raft.server.threadpool.client.size = 0 (default)
2022-11-10 07:16:00,623 [pool-462-thread-1] INFO  server.RaftServer$Division (RaftServerImpl.java:<init>(195)) - 06ff1ec3-3332-4ac8-b4dc-23bc541e60c0: new RaftServerImpl for group-775324B89DEF:[] with ContainerStateMachine:uninitialized
2022-11-10 07:16:00,623 [pool-462-thread-1] INFO  server.RaftServerConfigKeys (ConfUtils.java:logGet(46)) - raft.server.rpc.timeout.min = 5s (custom)
2022-11-10 07:16:00,623 [pool-462-thread-1] INFO  server.RaftServerConfigKeys (ConfUtils.java:logGet(46)) - raft.server.rpc.timeout.max = 5200ms (custom)
2022-11-10 07:16:00,623 [pool-462-thread-1] INFO  server.RaftServerConfigKeys (ConfUtils.java:logGet(46)) - raft.server.rpc.sleep.time = 25ms (default)
2022-11-10 07:16:00,623 [pool-462-thread-1] INFO  server.RaftServerConfigKeys (ConfUtils.java:logGet(46)) - raft.server.rpc.slowness.timeout = 300s (custom)
2022-11-10 07:16:00,623 [pool-462-thread-1] INFO  server.RaftServerConfigKeys (ConfUtils.java:logGet(46)) - raft.server.leaderelection.leader.step-down.wait-time = 10s (default)
2022-11-10 07:16:00,623 [pool-462-thread-1] INFO  server.RaftServerConfigKeys (ConfUtils.java:logGet(46)) - raft.server.sleep.deviation.threshold = 300ms (default)
2022-11-10 07:16:00,624 [pool-462-thread-1] INFO  server.RaftServer$Division (ServerState.java:<init>(118)) - 06ff1ec3-3332-4ac8-b4dc-23bc541e60c0@group-775324B89DEF: ConfigurationManager, init=-1: peers:[]|listeners:[], old=null, confs=<EMPTY_MAP>
2022-11-10 07:16:00,624 [pool-462-thread-1] INFO  server.RaftServerConfigKeys (ConfUtils.java:logGet(46)) - raft.server.storage.dir = [/home/runner/work/ozone/ozone/hadoop-ozone/integration-test/target/test-dir/MiniOzoneClusterImpl-84cafbd6-325b-4886-915b-d0b5d28b8cf9/datanode-2/data/ratis] (custom)
2022-11-10 07:16:00,624 [pool-462-thread-1] INFO  server.RaftServerConfigKeys (ConfUtils.java:logGet(46)) - raft.server.log.corruption.policy = EXCEPTION (default)
2022-11-10 07:16:00,624 [pool-462-thread-1] INFO  server.RaftServerConfigKeys (ConfUtils.java:logGet(46)) - raft.server.storage.free-space.min = 0MB (=0) (default)
2022-11-10 07:16:00,624 [pool-462-thread-1] INFO  server.RaftServerConfigKeys (ConfUtils.java:logGet(46)) - raft.server.notification.no-leader.timeout = 300s (custom)
2022-11-10 07:16:00,624 [pool-462-thread-1] INFO  server.RaftServerConfigKeys (ConfUtils.java:logGet(46)) - raft.server.retrycache.expirytime = 600000ms (custom)
2022-11-10 07:16:00,624 [pool-462-thread-1] INFO  server.RaftServerConfigKeys (ConfUtils.java:logGet(46)) - raft.server.retrycache.statistics.expirytime = 100μs (default)
2022-11-10 07:16:00,625 [pool-462-thread-1] INFO  server.RaftServerConfigKeys (ConfUtils.java:logGet(46)) - raft.server.log.appender.install.snapshot.enabled = false (custom)
2022-11-10 07:16:00,625 [pool-462-thread-1] INFO  server.RaftServerConfigKeys (ConfUtils.java:logGet(46)) - raft.server.threadpool.server.cached = true (default)
2022-11-10 07:16:00,625 [pool-462-thread-1] INFO  server.RaftServerConfigKeys (ConfUtils.java:logGet(46)) - raft.server.threadpool.server.size = 0 (default)
2022-11-10 07:16:00,625 [pool-462-thread-1] INFO  server.RaftServerConfigKeys (ConfUtils.java:logGet(46)) - raft.server.threadpool.client.cached = true (default)
2022-11-10 07:16:00,625 [pool-462-thread-1] INFO  server.RaftServerConfigKeys (ConfUtils.java:logGet(46)) - raft.server.threadpool.client.size = 0 (default)
2022-11-10 07:16:00,625 [pool-462-thread-1] INFO  server.RaftServer$Division (RaftServerImpl.java:<init>(195)) - 06ff1ec3-3332-4ac8-b4dc-23bc541e60c0: new RaftServerImpl for group-67DF168ABD2C:[] with ContainerStateMachine:uninitialized
2022-11-10 07:16:00,625 [pool-462-thread-1] INFO  server.RaftServerConfigKeys (ConfUtils.java:logGet(46)) - raft.server.rpc.timeout.min = 5s (custom)
2022-11-10 07:16:00,626 [pool-462-thread-1] INFO  server.RaftServerConfigKeys (ConfUtils.java:logGet(46)) - raft.server.rpc.timeout.max = 5200ms (custom)
2022-11-10 07:16:00,626 [pool-462-thread-1] INFO  server.RaftServerConfigKeys (ConfUtils.java:logGet(46)) - raft.server.rpc.sleep.time = 25ms (default)
2022-11-10 07:16:00,626 [pool-462-thread-1] INFO  server.RaftServerConfigKeys (ConfUtils.java:logGet(46)) - raft.server.rpc.slowness.timeout = 300s (custom)
2022-11-10 07:16:00,626 [pool-462-thread-1] INFO  server.RaftServerConfigKeys (ConfUtils.java:logGet(46)) - raft.server.leaderelection.leader.step-down.wait-time = 10s (default)
2022-11-10 07:16:00,626 [pool-462-thread-1] INFO  server.RaftServerConfigKeys (ConfUtils.java:logGet(46)) - raft.server.sleep.deviation.threshold = 300ms (default)
2022-11-10 07:16:00,626 [pool-462-thread-1] INFO  server.RaftServer$Division (ServerState.java:<init>(118)) - 06ff1ec3-3332-4ac8-b4dc-23bc541e60c0@group-67DF168ABD2C: ConfigurationManager, init=-1: peers:[]|listeners:[], old=null, confs=<EMPTY_MAP>
2022-11-10 07:16:00,626 [pool-462-thread-1] INFO  server.RaftServerConfigKeys (ConfUtils.java:logGet(46)) - raft.server.storage.dir = [/home/runner/work/ozone/ozone/hadoop-ozone/integration-test/target/test-dir/MiniOzoneClusterImpl-84cafbd6-325b-4886-915b-d0b5d28b8cf9/datanode-2/data/ratis] (custom)
2022-11-10 07:16:00,626 [pool-462-thread-1] INFO  server.RaftServerConfigKeys (ConfUtils.java:logGet(46)) - raft.server.log.corruption.policy = EXCEPTION (default)
2022-11-10 07:16:00,626 [pool-462-thread-1] INFO  server.RaftServerConfigKeys (ConfUtils.java:logGet(46)) - raft.server.storage.free-space.min = 0MB (=0) (default)
2022-11-10 07:16:00,626 [pool-462-thread-1] INFO  server.RaftServerConfigKeys (ConfUtils.java:logGet(46)) - raft.server.notification.no-leader.timeout = 300s (custom)
2022-11-10 07:16:00,626 [pool-462-thread-1] INFO  server.RaftServerConfigKeys (ConfUtils.java:logGet(46)) - raft.server.retrycache.expirytime = 600000ms (custom)
2022-11-10 07:16:00,626 [pool-462-thread-1] INFO  server.RaftServerConfigKeys (ConfUtils.java:logGet(46)) - raft.server.retrycache.statistics.expirytime = 100μs (default)
2022-11-10 07:16:00,628 [Listener at 127.0.0.1/43521] INFO  http.BaseHttpServer (BaseHttpServer.java:newHttpServer2BuilderForOzone(213)) - Starting Web-server for hddsDatanode at: http://0.0.0.0:45117
2022-11-10 07:16:00,628 [Listener at 127.0.0.1/43521] INFO  http.BaseHttpServer (BaseHttpServer.java:<init>(108)) - Hadoop Security Enabled: false Ozone Security Enabled: false Ozone HTTP Security Enabled: false 
2022-11-10 07:16:00,629 [Listener at 127.0.0.1/43521] WARN  server.AuthenticationFilter (AuthenticationFilter.java:constructSecretProvider(240)) - Unable to initialize FileSignerSecretProvider, falling back to use random secrets. Reason: Could not read signature secret file: /home/runner/hadoop-http-auth-signature-secret
2022-11-10 07:16:00,630 [pool-462-thread-1] INFO  server.RaftServerConfigKeys (ConfUtils.java:logGet(46)) - raft.server.log.appender.install.snapshot.enabled = false (custom)
2022-11-10 07:16:00,630 [pool-462-thread-1] INFO  server.RaftServerConfigKeys (ConfUtils.java:logGet(46)) - raft.server.threadpool.server.cached = true (default)
2022-11-10 07:16:00,630 [pool-462-thread-1] INFO  server.RaftServerConfigKeys (ConfUtils.java:logGet(46)) - raft.server.threadpool.server.size = 0 (default)
2022-11-10 07:16:00,630 [pool-462-thread-1] INFO  server.RaftServerConfigKeys (ConfUtils.java:logGet(46)) - raft.server.threadpool.client.cached = true (default)
2022-11-10 07:16:00,630 [pool-462-thread-1] INFO  server.RaftServerConfigKeys (ConfUtils.java:logGet(46)) - raft.server.threadpool.client.size = 0 (default)
2022-11-10 07:16:00,630 [Listener at 127.0.0.1/43521] WARN  http.HttpRequestLog (HttpRequestLog.java:getRequestLog(103)) - Jetty request log can only be enabled using Log4j
2022-11-10 07:16:00,631 [Listener at 127.0.0.1/43521] INFO  http.HttpServer2 (HttpServer2.java:addGlobalFilter(1031)) - Added global filter 'safety' (class=org.apache.hadoop.hdds.server.http.HttpServer2$QuotingInputFilter)
2022-11-10 07:16:00,634 [Listener at 127.0.0.1/43521] INFO  http.HttpServer2 (HttpServer2.java:addFilter(1007)) - Added filter static_user_filter (class=org.apache.hadoop.http.lib.StaticUserWebFilter$StaticUserFilter) to context hddsDatanode
2022-11-10 07:16:00,634 [Listener at 127.0.0.1/43521] INFO  http.HttpServer2 (HttpServer2.java:addFilter(1015)) - Added filter static_user_filter (class=org.apache.hadoop.http.lib.StaticUserWebFilter$StaticUserFilter) to context logs
2022-11-10 07:16:00,634 [Listener at 127.0.0.1/43521] INFO  http.HttpServer2 (HttpServer2.java:addFilter(1015)) - Added filter static_user_filter (class=org.apache.hadoop.http.lib.StaticUserWebFilter$StaticUserFilter) to context static
2022-11-10 07:16:00,636 [Listener at 127.0.0.1/43521] INFO  http.HttpServer2 (HttpServer2.java:bindListener(1250)) - Jetty bound to port 45117
2022-11-10 07:16:00,636 [Listener at 127.0.0.1/43521] INFO  server.Server (Server.java:doStart(375)) - jetty-9.4.49.v20220914; built: 2022-09-14T01:07:36.601Z; git: 4231a3b2e4cb8548a412a789936d640a97b1aa0a; jvm 1.8.0_345-b01
2022-11-10 07:16:00,641 [Listener at 127.0.0.1/43521] INFO  server.session (DefaultSessionIdManager.java:doStart(334)) - DefaultSessionIdManager workerName=node0
2022-11-10 07:16:00,641 [Listener at 127.0.0.1/43521] INFO  server.session (DefaultSessionIdManager.java:doStart(339)) - No SessionScavenger set, using defaults
2022-11-10 07:16:00,642 [Listener at 127.0.0.1/43521] INFO  server.session (HouseKeeper.java:startScavenging(132)) - node0 Scavenging every 600000ms
2022-11-10 07:16:00,643 [Listener at 127.0.0.1/43521] INFO  handler.ContextHandler (ContextHandler.java:doStart(921)) - Started o.e.j.s.ServletContextHandler@7e9d3832{logs,/logs,file:///home/runner/work/ozone/ozone/hadoop-ozone/integration-test/target/log,AVAILABLE}
2022-11-10 07:16:00,644 [Listener at 127.0.0.1/43521] INFO  handler.ContextHandler (ContextHandler.java:doStart(921)) - Started o.e.j.s.ServletContextHandler@2562e38d{static,/static,jar:file:/home/runner/.m2/repository/org/apache/ozone/hdds-container-service/1.3.0-SNAPSHOT/hdds-container-service-1.3.0-SNAPSHOT.jar!/webapps/static,AVAILABLE}
2022-11-10 07:16:00,810 [Listener at 127.0.0.1/43521] INFO  handler.ContextHandler (ContextHandler.java:doStart(921)) - Started o.e.j.w.WebAppContext@7a2d6483{hddsDatanode,/,file:///tmp/jetty-0_0_0_0-45117-hdds-container-service-1_3_0-SNAPSHOT_jar-_-any-7552258507295826516/webapp/,AVAILABLE}{jar:file:/home/runner/.m2/repository/org/apache/ozone/hdds-container-service/1.3.0-SNAPSHOT/hdds-container-service-1.3.0-SNAPSHOT.jar!/webapps/hddsDatanode}
2022-11-10 07:16:00,812 [Listener at 127.0.0.1/43521] INFO  server.AbstractConnector (AbstractConnector.java:doStart(333)) - Started ServerConnector@71e34120{HTTP/1.1, (http/1.1)}{0.0.0.0:45117}
2022-11-10 07:16:00,812 [Listener at 127.0.0.1/43521] INFO  server.Server (Server.java:doStart(415)) - Started @118292ms
2022-11-10 07:16:00,813 [Listener at 127.0.0.1/43521] WARN  impl.MetricsSystemImpl (MetricsSystemImpl.java:register(279)) - Sink prometheus already exists!
2022-11-10 07:16:00,813 [Listener at 127.0.0.1/43521] INFO  http.BaseHttpServer (BaseHttpServer.java:updateConnectorAddress(333)) - HTTP server of hddsDatanode listening at http://0.0.0.0:45117
2022-11-10 07:16:00,814 [Datanode State Machine Daemon Thread] INFO  statemachine.DatanodeStateMachine (DatanodeStateMachine.java:lambda$startDaemon$0(505)) - Ozone container server started.
2022-11-10 07:16:00,815 [Listener at 127.0.0.1/43521] INFO  pipeline.PipelineManagerImpl (PipelineManagerImpl.java:closePipeline(442)) - Pipeline Pipeline[ Id: 24cf041f-b10b-4731-9db4-67df168abd2c, Nodes: 06ff1ec3-3332-4ac8-b4dc-23bc541e60c0{ip: 10.1.0.59, host: fv-az435-205.hcxxyugg5vdudo0mn2smve0l3g.cx.internal.cloudapp.net, ports: [REPLICATION=35357, RATIS=34685, RATIS_ADMIN=34685, RATIS_SERVER=34685, STANDALONE=46803], networkLocation: /default-rack, certSerialId: null, persistedOpState: IN_SERVICE, persistedOpStateExpiryEpochSec: 0}85a84f3f-4e6e-49f5-978d-fa543ddbfdc8{ip: 10.1.0.59, host: fv-az435-205.hcxxyugg5vdudo0mn2smve0l3g.cx.internal.cloudapp.net, ports: [REPLICATION=32961, RATIS=35209, RATIS_ADMIN=35209, RATIS_SERVER=35209, STANDALONE=42877], networkLocation: /default-rack, certSerialId: null, persistedOpState: IN_SERVICE, persistedOpStateExpiryEpochSec: 0}3950d273-d245-4570-97e3-85d09fa36925{ip: 10.1.0.59, host: fv-az435-205.hcxxyugg5vdudo0mn2smve0l3g.cx.internal.cloudapp.net, ports: [REPLICATION=44547, RATIS=37013, RATIS_ADMIN=37013, RATIS_SERVER=37013, STANDALONE=39881], networkLocation: /default-rack, certSerialId: null, persistedOpState: IN_SERVICE, persistedOpStateExpiryEpochSec: 0}, ReplicationConfig: RATIS/THREE, State:OPEN, leaderId:85a84f3f-4e6e-49f5-978d-fa543ddbfdc8, CreationTimestamp2022-11-10T07:15:41.421Z[Etc/UTC]] moved to CLOSED state
2022-11-10 07:16:00,815 [Listener at 127.0.0.1/43521] INFO  pipeline.RatisPipelineProvider (RatisPipelineProvider.java:lambda$close$1(244)) - Send pipeline:PipelineID=24cf041f-b10b-4731-9db4-67df168abd2c close command to datanode 06ff1ec3-3332-4ac8-b4dc-23bc541e60c0
2022-11-10 07:16:00,815 [Listener at 127.0.0.1/43521] INFO  pipeline.RatisPipelineProvider (RatisPipelineProvider.java:lambda$close$1(244)) - Send pipeline:PipelineID=24cf041f-b10b-4731-9db4-67df168abd2c close command to datanode 85a84f3f-4e6e-49f5-978d-fa543ddbfdc8
2022-11-10 07:16:00,815 [Listener at 127.0.0.1/43521] INFO  pipeline.RatisPipelineProvider (RatisPipelineProvider.java:lambda$close$1(244)) - Send pipeline:PipelineID=24cf041f-b10b-4731-9db4-67df168abd2c close command to datanode 3950d273-d245-4570-97e3-85d09fa36925
2022-11-10 07:16:00,820 [Listener at 127.0.0.1/43521] INFO  pipeline.PipelineStateManagerImpl (PipelineStateManagerImpl.java:removePipeline(245)) - Pipeline Pipeline[ Id: 24cf041f-b10b-4731-9db4-67df168abd2c, Nodes: 06ff1ec3-3332-4ac8-b4dc-23bc541e60c0{ip: 10.1.0.59, host: fv-az435-205.hcxxyugg5vdudo0mn2smve0l3g.cx.internal.cloudapp.net, ports: [REPLICATION=35357, RATIS=34685, RATIS_ADMIN=34685, RATIS_SERVER=34685, STANDALONE=46803], networkLocation: /default-rack, certSerialId: null, persistedOpState: IN_SERVICE, persistedOpStateExpiryEpochSec: 0}85a84f3f-4e6e-49f5-978d-fa543ddbfdc8{ip: 10.1.0.59, host: fv-az435-205.hcxxyugg5vdudo0mn2smve0l3g.cx.internal.cloudapp.net, ports: [REPLICATION=32961, RATIS=35209, RATIS_ADMIN=35209, RATIS_SERVER=35209, STANDALONE=42877], networkLocation: /default-rack, certSerialId: null, persistedOpState: IN_SERVICE, persistedOpStateExpiryEpochSec: 0}3950d273-d245-4570-97e3-85d09fa36925{ip: 10.1.0.59, host: fv-az435-205.hcxxyugg5vdudo0mn2smve0l3g.cx.internal.cloudapp.net, ports: [REPLICATION=44547, RATIS=37013, RATIS_ADMIN=37013, RATIS_SERVER=37013, STANDALONE=39881], networkLocation: /default-rack, certSerialId: null, persistedOpState: IN_SERVICE, persistedOpStateExpiryEpochSec: 0}, ReplicationConfig: RATIS/THREE, State:CLOSED, leaderId:85a84f3f-4e6e-49f5-978d-fa543ddbfdc8, CreationTimestamp2022-11-10T07:15:41.421Z[Etc/UTC]] removed.
2022-11-10 07:16:00,821 [Listener at 127.0.0.1/43521] INFO  pipeline.PipelineManagerImpl (PipelineManagerImpl.java:closePipeline(442)) - Pipeline Pipeline[ Id: 4adb2238-70fd-428a-a0b8-775324b89def, Nodes: 85a84f3f-4e6e-49f5-978d-fa543ddbfdc8{ip: 10.1.0.59, host: fv-az435-205.hcxxyugg5vdudo0mn2smve0l3g.cx.internal.cloudapp.net, ports: [REPLICATION=32961, RATIS=35209, RATIS_ADMIN=35209, RATIS_SERVER=35209, STANDALONE=42877], networkLocation: /default-rack, certSerialId: null, persistedOpState: IN_SERVICE, persistedOpStateExpiryEpochSec: 0}06ff1ec3-3332-4ac8-b4dc-23bc541e60c0{ip: 10.1.0.59, host: fv-az435-205.hcxxyugg5vdudo0mn2smve0l3g.cx.internal.cloudapp.net, ports: [REPLICATION=35357, RATIS=34685, RATIS_ADMIN=34685, RATIS_SERVER=34685, STANDALONE=46803], networkLocation: /default-rack, certSerialId: null, persistedOpState: IN_SERVICE, persistedOpStateExpiryEpochSec: 0}3950d273-d245-4570-97e3-85d09fa36925{ip: 10.1.0.59, host: fv-az435-205.hcxxyugg5vdudo0mn2smve0l3g.cx.internal.cloudapp.net, ports: [REPLICATION=44547, RATIS=37013, RATIS_ADMIN=37013, RATIS_SERVER=37013, STANDALONE=39881], networkLocation: /default-rack, certSerialId: null, persistedOpState: IN_SERVICE, persistedOpStateExpiryEpochSec: 0}, ReplicationConfig: RATIS/THREE, State:ALLOCATED, leaderId:, CreationTimestamp2022-11-10T07:15:41.420Z[Etc/UTC]] moved to CLOSED state
2022-11-10 07:16:00,821 [Listener at 127.0.0.1/43521] INFO  pipeline.RatisPipelineProvider (RatisPipelineProvider.java:lambda$close$1(244)) - Send pipeline:PipelineID=4adb2238-70fd-428a-a0b8-775324b89def close command to datanode 85a84f3f-4e6e-49f5-978d-fa543ddbfdc8
2022-11-10 07:16:00,821 [Listener at 127.0.0.1/43521] INFO  pipeline.RatisPipelineProvider (RatisPipelineProvider.java:lambda$close$1(244)) - Send pipeline:PipelineID=4adb2238-70fd-428a-a0b8-775324b89def close command to datanode 06ff1ec3-3332-4ac8-b4dc-23bc541e60c0
2022-11-10 07:16:00,821 [Listener at 127.0.0.1/43521] INFO  pipeline.RatisPipelineProvider (RatisPipelineProvider.java:lambda$close$1(244)) - Send pipeline:PipelineID=4adb2238-70fd-428a-a0b8-775324b89def close command to datanode 3950d273-d245-4570-97e3-85d09fa36925
2022-11-10 07:16:00,821 [Listener at 127.0.0.1/43521] INFO  pipeline.PipelineStateManagerImpl (PipelineStateManagerImpl.java:removePipeline(245)) - Pipeline Pipeline[ Id: 4adb2238-70fd-428a-a0b8-775324b89def, Nodes: 85a84f3f-4e6e-49f5-978d-fa543ddbfdc8{ip: 10.1.0.59, host: fv-az435-205.hcxxyugg5vdudo0mn2smve0l3g.cx.internal.cloudapp.net, ports: [REPLICATION=32961, RATIS=35209, RATIS_ADMIN=35209, RATIS_SERVER=35209, STANDALONE=42877], networkLocation: /default-rack, certSerialId: null, persistedOpState: IN_SERVICE, persistedOpStateExpiryEpochSec: 0}06ff1ec3-3332-4ac8-b4dc-23bc541e60c0{ip: 10.1.0.59, host: fv-az435-205.hcxxyugg5vdudo0mn2smve0l3g.cx.internal.cloudapp.net, ports: [REPLICATION=35357, RATIS=34685, RATIS_ADMIN=34685, RATIS_SERVER=34685, STANDALONE=46803], networkLocation: /default-rack, certSerialId: null, persistedOpState: IN_SERVICE, persistedOpStateExpiryEpochSec: 0}3950d273-d245-4570-97e3-85d09fa36925{ip: 10.1.0.59, host: fv-az435-205.hcxxyugg5vdudo0mn2smve0l3g.cx.internal.cloudapp.net, ports: [REPLICATION=44547, RATIS=37013, RATIS_ADMIN=37013, RATIS_SERVER=37013, STANDALONE=39881], networkLocation: /default-rack, certSerialId: null, persistedOpState: IN_SERVICE, persistedOpStateExpiryEpochSec: 0}, ReplicationConfig: RATIS/THREE, State:CLOSED, leaderId:, CreationTimestamp2022-11-10T07:15:41.420Z[Etc/UTC]] removed.
2022-11-10 07:16:00,822 [Listener at 127.0.0.1/43521] INFO  ozone.MiniOzoneClusterImpl (MiniOzoneClusterImpl.java:shutdown(448)) - Shutting down the Mini Ozone Cluster
2022-11-10 07:16:00,822 [Listener at 127.0.0.1/43521] INFO  ozone.MiniOzoneClusterImpl (MiniOzoneClusterImpl.java:stop(463)) - Stopping the Mini Ozone Cluster
2022-11-10 07:16:00,822 [Listener at 127.0.0.1/43521] INFO  ozone.MiniOzoneClusterImpl (MiniOzoneClusterImpl.java:stopOM(545)) - Stopping the OzoneManager
2022-11-10 07:16:00,822 [Listener at 127.0.0.1/43521] INFO  om.OzoneManager (OzoneManager.java:stop(2036)) - om1[localhost:0]: Stopping Ozone Manager
2022-11-10 07:16:00,823 [Listener at 127.0.0.1/43521] INFO  ipc.Server (Server.java:stop(3428)) - Stopping server on 43521
2022-11-10 07:16:00,835 [org.apache.hadoop.util.JvmPauseMonitor$Monitor@8ed7ed2] INFO  util.JvmPauseMonitor (JvmPauseMonitor.java:run(188)) - Starting JVM pause monitor
2022-11-10 07:16:00,840 [IPC Server listener on 0] INFO  ipc.Server (Server.java:run(1384)) - Stopping IPC Server listener on 0
2022-11-10 07:16:00,840 [IPC Server Responder] INFO  ipc.Server (Server.java:run(1517)) - Stopping IPC Server Responder
2022-11-10 07:16:00,840 [Listener at 127.0.0.1/43521] INFO  server.RaftServer (RaftServerProxy.java:lambda$close$6(409)) - om1: close
2022-11-10 07:16:00,840 [Listener at 127.0.0.1/43521] INFO  server.GrpcService (GrpcService.java:closeImpl(279)) - om1: shutdown server GrpcServerProtocolService now
2022-11-10 07:16:00,841 [om1-impl-thread1] INFO  server.RaftServer$Division (RaftServerImpl.java:lambda$close$4(458)) - om1@group-C5BA1605619E: shutdown
2022-11-10 07:16:00,841 [om1-impl-thread1] INFO  util.JmxRegister (JmxRegister.java:unregister(73)) - Successfully un-registered JMX Bean with object name Ratis:service=RaftServer,group=group-C5BA1605619E,id=om1
2022-11-10 07:16:00,841 [om1-impl-thread1] INFO  impl.RoleInfo (RoleInfo.java:shutdownLeaderState(93)) - om1: shutdown om1@group-C5BA1605619E-LeaderStateImpl
2022-11-10 07:16:00,841 [om1-impl-thread1] INFO  impl.PendingRequests (PendingRequests.java:sendNotLeaderResponses(282)) - om1@group-C5BA1605619E-PendingRequests: sendNotLeaderResponses
2022-11-10 07:16:00,841 [om1-impl-thread1] INFO  impl.StateMachineUpdater (StateMachineUpdater.java:stopAndJoin(153)) - om1@group-C5BA1605619E-StateMachineUpdater: set stopIndex = 0
2022-11-10 07:16:00,841 [om1@group-C5BA1605619E-StateMachineUpdater] INFO  ratis.OzoneManagerStateMachine (OzoneManagerStateMachine.java:takeSnapshot(445)) - Current Snapshot Index (t:1, i:0)
2022-11-10 07:16:00,841 [om1@group-C5BA1605619E-StateMachineUpdater] INFO  impl.StateMachineUpdater (StateMachineUpdater.java:takeSnapshot(287)) - om1@group-C5BA1605619E-StateMachineUpdater: Took a snapshot at index 0
2022-11-10 07:16:00,841 [om1@group-C5BA1605619E-StateMachineUpdater] INFO  impl.StateMachineUpdater (StateMachineUpdater.java:lambda$new$0(92)) - om1@group-C5BA1605619E-StateMachineUpdater: snapshotIndex: updateIncreasingly -1 -> 0
2022-11-10 07:16:00,842 [om1@group-C5BA1605619E-StateMachineUpdater] INFO  ratis.OzoneManagerStateMachine (OzoneManagerStateMachine.java:close(499)) - StateMachine has shutdown. Shutdown OzoneManager if not already shutdown.
2022-11-10 07:16:00,842 [om1@group-C5BA1605619E-StateMachineUpdater] INFO  ratis.OzoneManagerDoubleBuffer (OzoneManagerDoubleBuffer.java:stop(466)) - Stopping OMDoubleBuffer flush thread
2022-11-10 07:16:00,842 [OMDoubleBufferFlushThread] INFO  ratis.OzoneManagerDoubleBuffer (OzoneManagerDoubleBuffer.java:flushTransactions(385)) - OMDoubleBuffer flush thread OMDoubleBufferFlushThread is interrupted and will exit.
2022-11-10 07:16:00,842 [om1-impl-thread1] INFO  server.RaftServer$Division (ServerState.java:close(466)) - om1@group-C5BA1605619E: closes. applyIndex: 0
2022-11-10 07:16:00,843 [om1@group-C5BA1605619E-SegmentedRaftLogWorker] INFO  segmented.SegmentedRaftLogWorker (SegmentedRaftLogWorker.java:run(345)) - om1@group-C5BA1605619E-SegmentedRaftLogWorker was interrupted, exiting. There are 0 tasks remaining in the queue.
2022-11-10 07:16:00,843 [Datanode State Machine Task Thread - 0] INFO  datanode.InitDatanodeState (InitDatanodeState.java:persistContainerDatanodeDetails(138)) - DatanodeDetails is persisted to /home/runner/work/ozone/ozone/hadoop-ozone/integration-test/target/test-dir/MiniOzoneClusterImpl-84cafbd6-325b-4886-915b-d0b5d28b8cf9/datanode-2/meta/datanode.id
2022-11-10 07:16:00,848 [om1-impl-thread1] INFO  segmented.SegmentedRaftLogWorker (SegmentedRaftLogWorker.java:close(255)) - om1@group-C5BA1605619E-SegmentedRaftLogWorker close()
2022-11-10 07:16:00,849 [Listener at 127.0.0.1/43521] INFO  server.GrpcService (GrpcService.java:closeImpl(288)) - om1: shutdown server GrpcServerProtocolService successfully
2022-11-10 07:16:00,849 [JvmPauseMonitor7] INFO  util.JvmPauseMonitor (JvmPauseMonitor.java:run(111)) - JvmPauseMonitor-om1: Stopped
2022-11-10 07:16:00,849 [Listener at 127.0.0.1/43521] INFO  ratis.OzoneManagerStateMachine (OzoneManagerStateMachine.java:close(499)) - StateMachine has shutdown. Shutdown OzoneManager if not already shutdown.
2022-11-10 07:16:00,849 [Listener at 127.0.0.1/43521] INFO  ratis.OzoneManagerDoubleBuffer (OzoneManagerDoubleBuffer.java:stop(478)) - OMDoubleBuffer flush thread is not running.
2022-11-10 07:16:00,849 [Listener at 127.0.0.1/43521] INFO  utils.BackgroundService (BackgroundService.java:shutdown(141)) - Shutting down service KeyDeletingService
2022-11-10 07:16:00,849 [Listener at 127.0.0.1/43521] INFO  utils.BackgroundService (BackgroundService.java:shutdown(141)) - Shutting down service DirectoryDeletingService
2022-11-10 07:16:00,850 [Listener at 127.0.0.1/43521] INFO  utils.BackgroundService (BackgroundService.java:shutdown(141)) - Shutting down service OpenKeyCleanupService
2022-11-10 07:16:00,850 [Listener at 127.0.0.1/43521] INFO  handler.ContextHandler (ContextHandler.java:doStop(1159)) - Stopped o.e.j.w.WebAppContext@318be20{ozoneManager,/,null,STOPPED}{file:/home/runner/work/ozone/ozone/hadoop-ozone/integration-test/target/test-classes/webapps/ozoneManager}
2022-11-10 07:16:00,851 [Listener at 127.0.0.1/43521] INFO  server.AbstractConnector (AbstractConnector.java:doStop(383)) - Stopped ServerConnector@1796b26{HTTP/1.1, (http/1.1)}{0.0.0.0:0}
2022-11-10 07:16:00,851 [Listener at 127.0.0.1/43521] INFO  server.session (HouseKeeper.java:stopScavenging(149)) - node0 Stopped scavenging
2022-11-10 07:16:00,851 [Listener at 127.0.0.1/43521] INFO  handler.ContextHandler (ContextHandler.java:doStop(1159)) - Stopped o.e.j.s.ServletContextHandler@1da91851{static,/static,file:///home/runner/work/ozone/ozone/hadoop-ozone/integration-test/target/test-classes/webapps/static,STOPPED}
2022-11-10 07:16:00,852 [Listener at 127.0.0.1/43521] INFO  handler.ContextHandler (ContextHandler.java:doStop(1159)) - Stopped o.e.j.s.ServletContextHandler@27bda972{logs,/logs,file:///home/runner/work/ozone/ozone/hadoop-ozone/integration-test/target/log,STOPPED}
2022-11-10 07:16:00,855 [Listener at 127.0.0.1/43521] INFO  ozone.MiniOzoneClusterImpl (MiniOzoneClusterImpl.java:stopDatanodes(522)) - Stopping the HddsDatanodes
2022-11-10 07:16:00,860 [ForkJoinPool.commonPool-worker-0] INFO  ozoneimpl.OzoneContainer (OzoneContainer.java:stop(400)) - Attempting to stop container services.
2022-11-10 07:16:00,860 [Listener at 127.0.0.1/43521] INFO  ozoneimpl.OzoneContainer (OzoneContainer.java:stop(400)) - Attempting to stop container services.
2022-11-10 07:16:00,863 [Listener at 127.0.0.1/43521] INFO  volume.HddsVolume (HddsVolume.java:closeDbStore(338)) - SchemaV3 db is stopped at /home/runner/work/ozone/ozone/hadoop-ozone/integration-test/target/test-dir/MiniOzoneClusterImpl-84cafbd6-325b-4886-915b-d0b5d28b8cf9/datanode-1/data-0/containers/hdds/84cafbd6-325b-4886-915b-d0b5d28b8cf9/DS-12d05e66-f897-42dc-b572-b5becad059d7/container.db for volume DS-12d05e66-f897-42dc-b572-b5becad059d7
2022-11-10 07:16:00,863 [Listener at 127.0.0.1/43521] INFO  utils.BackgroundService (BackgroundService.java:shutdown(141)) - Shutting down service BlockDeletingService
2022-11-10 07:16:00,863 [Listener at 127.0.0.1/43521] INFO  utils.BackgroundService (BackgroundService.java:shutdown(141)) - Shutting down service StaleRecoveringContainerScrubbingService
2022-11-10 07:16:00,864 [ForkJoinPool.commonPool-worker-0] INFO  volume.HddsVolume (HddsVolume.java:closeDbStore(338)) - SchemaV3 db is stopped at /home/runner/work/ozone/ozone/hadoop-ozone/integration-test/target/test-dir/MiniOzoneClusterImpl-84cafbd6-325b-4886-915b-d0b5d28b8cf9/datanode-0/data-0/containers/hdds/84cafbd6-325b-4886-915b-d0b5d28b8cf9/DS-b6cd647d-35ae-495c-8eee-e51e32f56a94/container.db for volume DS-b6cd647d-35ae-495c-8eee-e51e32f56a94
2022-11-10 07:16:00,865 [Listener at 127.0.0.1/43521] INFO  statemachine.DatanodeStateMachine (DatanodeStateMachine.java:stopDaemon(593)) - Ozone container server stopped.
2022-11-10 07:16:00,867 [ForkJoinPool.commonPool-worker-0] INFO  utils.BackgroundService (BackgroundService.java:shutdown(141)) - Shutting down service BlockDeletingService
2022-11-10 07:16:00,867 [ForkJoinPool.commonPool-worker-0] INFO  utils.BackgroundService (BackgroundService.java:shutdown(141)) - Shutting down service StaleRecoveringContainerScrubbingService
2022-11-10 07:16:00,868 [ForkJoinPool.commonPool-worker-0] INFO  statemachine.DatanodeStateMachine (DatanodeStateMachine.java:stopDaemon(593)) - Ozone container server stopped.
2022-11-10 07:16:00,877 [Listener at 127.0.0.1/43521] INFO  handler.ContextHandler (ContextHandler.java:doStop(1159)) - Stopped o.e.j.w.WebAppContext@7d578694{hddsDatanode,/,null,STOPPED}{jar:file:/home/runner/.m2/repository/org/apache/ozone/hdds-container-service/1.3.0-SNAPSHOT/hdds-container-service-1.3.0-SNAPSHOT.jar!/webapps/hddsDatanode}
2022-11-10 07:16:00,878 [Listener at 127.0.0.1/43521] INFO  server.AbstractConnector (AbstractConnector.java:doStop(383)) - Stopped ServerConnector@1f21f1f{HTTP/1.1, (http/1.1)}{0.0.0.0:41193}
2022-11-10 07:16:00,878 [Listener at 127.0.0.1/43521] INFO  server.session (HouseKeeper.java:stopScavenging(149)) - node0 Stopped scavenging
2022-11-10 07:16:00,878 [Listener at 127.0.0.1/43521] INFO  handler.ContextHandler (ContextHandler.java:doStop(1159)) - Stopped o.e.j.s.ServletContextHandler@17c3d19a{static,/static,jar:file:/home/runner/.m2/repository/org/apache/ozone/hdds-container-service/1.3.0-SNAPSHOT/hdds-container-service-1.3.0-SNAPSHOT.jar!/webapps/static,STOPPED}
2022-11-10 07:16:00,879 [Listener at 127.0.0.1/43521] INFO  handler.ContextHandler (ContextHandler.java:doStop(1159)) - Stopped o.e.j.s.ServletContextHandler@15dc84bd{logs,/logs,file:///home/runner/work/ozone/ozone/hadoop-ozone/integration-test/target/log,STOPPED}
2022-11-10 07:16:00,881 [Listener at 127.0.0.1/43521] INFO  ozoneimpl.OzoneContainer (OzoneContainer.java:stop(400)) - Attempting to stop container services.
2022-11-10 07:16:00,882 [Listener at 127.0.0.1/43521] INFO  volume.HddsVolume (HddsVolume.java:closeDbStore(338)) - SchemaV3 db is stopped at /home/runner/work/ozone/ozone/hadoop-ozone/integration-test/target/test-dir/MiniOzoneClusterImpl-84cafbd6-325b-4886-915b-d0b5d28b8cf9/datanode-2/data-0/containers/hdds/84cafbd6-325b-4886-915b-d0b5d28b8cf9/DS-b8ef9b31-df07-4354-9ad8-b5a742dcd229/container.db for volume DS-b8ef9b31-df07-4354-9ad8-b5a742dcd229
2022-11-10 07:16:00,883 [Listener at 127.0.0.1/43521] INFO  utils.BackgroundService (BackgroundService.java:shutdown(141)) - Shutting down service BlockDeletingService
2022-11-10 07:16:00,883 [Listener at 127.0.0.1/43521] INFO  utils.BackgroundService (BackgroundService.java:shutdown(141)) - Shutting down service StaleRecoveringContainerScrubbingService
2022-11-10 07:16:00,884 [Listener at 127.0.0.1/43521] INFO  statemachine.DatanodeStateMachine (DatanodeStateMachine.java:stopDaemon(593)) - Ozone container server stopped.
2022-11-10 07:16:00,885 [ForkJoinPool.commonPool-worker-0] INFO  handler.ContextHandler (ContextHandler.java:doStop(1159)) - Stopped o.e.j.w.WebAppContext@4b342bb8{hddsDatanode,/,null,STOPPED}{jar:file:/home/runner/.m2/repository/org/apache/ozone/hdds-container-service/1.3.0-SNAPSHOT/hdds-container-service-1.3.0-SNAPSHOT.jar!/webapps/hddsDatanode}
2022-11-10 07:16:00,886 [ForkJoinPool.commonPool-worker-0] INFO  server.AbstractConnector (AbstractConnector.java:doStop(383)) - Stopped ServerConnector@2b14775c{HTTP/1.1, (http/1.1)}{0.0.0.0:33095}
2022-11-10 07:16:00,886 [ForkJoinPool.commonPool-worker-0] INFO  server.session (HouseKeeper.java:stopScavenging(149)) - node0 Stopped scavenging
2022-11-10 07:16:00,886 [ForkJoinPool.commonPool-worker-0] INFO  handler.ContextHandler (ContextHandler.java:doStop(1159)) - Stopped o.e.j.s.ServletContextHandler@473ae517{static,/static,jar:file:/home/runner/.m2/repository/org/apache/ozone/hdds-container-service/1.3.0-SNAPSHOT/hdds-container-service-1.3.0-SNAPSHOT.jar!/webapps/static,STOPPED}
2022-11-10 07:16:00,889 [ForkJoinPool.commonPool-worker-0] INFO  handler.ContextHandler (ContextHandler.java:doStop(1159)) - Stopped o.e.j.s.ServletContextHandler@6be9e443{logs,/logs,file:///home/runner/work/ozone/ozone/hadoop-ozone/integration-test/target/log,STOPPED}
2022-11-10 07:16:00,896 [Listener at 127.0.0.1/43521] INFO  handler.ContextHandler (ContextHandler.java:doStop(1159)) - Stopped o.e.j.w.WebAppContext@7a2d6483{hddsDatanode,/,null,STOPPED}{jar:file:/home/runner/.m2/repository/org/apache/ozone/hdds-container-service/1.3.0-SNAPSHOT/hdds-container-service-1.3.0-SNAPSHOT.jar!/webapps/hddsDatanode}
2022-11-10 07:16:00,896 [Listener at 127.0.0.1/43521] INFO  server.AbstractConnector (AbstractConnector.java:doStop(383)) - Stopped ServerConnector@71e34120{HTTP/1.1, (http/1.1)}{0.0.0.0:45117}
2022-11-10 07:16:00,896 [Listener at 127.0.0.1/43521] INFO  server.session (HouseKeeper.java:stopScavenging(149)) - node0 Stopped scavenging
2022-11-10 07:16:00,897 [Listener at 127.0.0.1/43521] INFO  handler.ContextHandler (ContextHandler.java:doStop(1159)) - Stopped o.e.j.s.ServletContextHandler@2562e38d{static,/static,jar:file:/home/runner/.m2/repository/org/apache/ozone/hdds-container-service/1.3.0-SNAPSHOT/hdds-container-service-1.3.0-SNAPSHOT.jar!/webapps/static,STOPPED}
2022-11-10 07:16:00,897 [Listener at 127.0.0.1/43521] INFO  handler.ContextHandler (ContextHandler.java:doStop(1159)) - Stopped o.e.j.s.ServletContextHandler@7e9d3832{logs,/logs,file:///home/runner/work/ozone/ozone/hadoop-ozone/integration-test/target/log,STOPPED}
2022-11-10 07:16:00,898 [Listener at 127.0.0.1/43521] INFO  ozone.MiniOzoneClusterImpl (MiniOzoneClusterImpl.java:stopSCM(537)) - Stopping the StorageContainerManager
2022-11-10 07:16:00,898 [Listener at 127.0.0.1/43521] INFO  server.StorageContainerManager (StorageContainerManager.java:stop(1545)) - Container Balancer is not running.
2022-11-10 07:16:00,898 [Listener at 127.0.0.1/43521] INFO  server.StorageContainerManager (StorageContainerManager.java:stop(1552)) - Stopping Replication Manager Service.
2022-11-10 07:16:00,898 [Listener at 127.0.0.1/43521] INFO  replication.ReplicationManager (ReplicationManager.java:stop(274)) - Stopping Replication Monitor Thread.
2022-11-10 07:16:00,898 [Under Replicated Processor] WARN  replication.UnderReplicatedProcessor (UnderReplicatedProcessor.java:run(154)) - Under Replicated Processor interrupted. Exiting...
2022-11-10 07:16:00,899 [Over Replicated Processor] WARN  replication.OverReplicatedProcessor (OverReplicatedProcessor.java:run(142)) - Over Replicated Processor interrupted. Exiting...
2022-11-10 07:16:00,899 [Listener at 127.0.0.1/43521] INFO  server.StorageContainerManager (StorageContainerManager.java:stop(1559)) - Stopping the Datanode Admin Monitor.
2022-11-10 07:16:00,899 [ReplicationMonitor] INFO  replication.ReplicationManager (ReplicationManager.java:run(580)) - Replication Monitor Thread is stopped
2022-11-10 07:16:00,899 [Listener at 127.0.0.1/43521] INFO  server.StorageContainerManager (StorageContainerManager.java:stop(1566)) - Stopping Lease Manager of the command watchers
2022-11-10 07:16:00,899 [Listener at 127.0.0.1/43521] INFO  server.StorageContainerManager (StorageContainerManager.java:stop(1573)) - Stopping datanode service RPC server
2022-11-10 07:16:00,899 [Listener at 127.0.0.1/43521] INFO  server.SCMDatanodeProtocolServer (SCMDatanodeProtocolServer.java:stop(414)) - Stopping the RPC server for DataNodes
2022-11-10 07:16:00,899 [Listener at 127.0.0.1/43521] INFO  ipc.Server (Server.java:stop(3428)) - Stopping server on 33277
2022-11-10 07:16:00,902 [IPC Server listener on 0] INFO  ipc.Server (Server.java:run(1384)) - Stopping IPC Server listener on 0
2022-11-10 07:16:00,908 [IPC Server Responder] INFO  ipc.Server (Server.java:run(1517)) - Stopping IPC Server Responder
2022-11-10 07:16:01,619 [SCM Heartbeat Processing Thread - 0] WARN  node.NodeStateManager (NodeStateManager.java:scheduleNextHealthCheck(870)) - Current Thread is interrupted, shutting down HB processing thread for Node Manager.
2022-11-10 07:16:01,619 [Listener at 127.0.0.1/43521] INFO  server.StorageContainerManager (StorageContainerManager.java:stop(1581)) - Stopping block service RPC server
2022-11-10 07:16:01,619 [Listener at 127.0.0.1/43521] INFO  server.SCMBlockProtocolServer (SCMBlockProtocolServer.java:stop(161)) - Stopping the RPC server for Block Protocol
2022-11-10 07:16:01,619 [Listener at 127.0.0.1/43521] INFO  ipc.Server (Server.java:stop(3428)) - Stopping server on 40683
2022-11-10 07:16:01,620 [IPC Server listener on 0] INFO  ipc.Server (Server.java:run(1384)) - Stopping IPC Server listener on 0
2022-11-10 07:16:01,623 [IPC Server Responder] INFO  ipc.Server (Server.java:run(1517)) - Stopping IPC Server Responder
2022-11-10 07:16:01,623 [Listener at 127.0.0.1/43521] INFO  server.StorageContainerManager (StorageContainerManager.java:stop(1588)) - Stopping the StorageContainerLocationProtocol RPC server
2022-11-10 07:16:01,623 [Listener at 127.0.0.1/43521] INFO  server.SCMClientProtocolServer (SCMClientProtocolServer.java:stop(179)) - Stopping the RPC server for Client Protocol
2022-11-10 07:16:01,624 [Listener at 127.0.0.1/43521] INFO  ipc.Server (Server.java:stop(3428)) - Stopping server on 41867
2022-11-10 07:16:01,624 [IPC Server listener on 0] INFO  ipc.Server (Server.java:run(1384)) - Stopping IPC Server listener on 0
2022-11-10 07:16:01,624 [IPC Server Responder] INFO  ipc.Server (Server.java:run(1517)) - Stopping IPC Server Responder
2022-11-10 07:16:01,625 [Listener at 127.0.0.1/43521] INFO  server.StorageContainerManager (StorageContainerManager.java:stop(1595)) - Stopping Storage Container Manager HTTP server.
2022-11-10 07:16:01,626 [Listener at 127.0.0.1/43521] INFO  handler.ContextHandler (ContextHandler.java:doStop(1159)) - Stopped o.e.j.w.WebAppContext@6280d214{scm,/,null,STOPPED}{file:/home/runner/work/ozone/ozone/hadoop-ozone/integration-test/target/test-classes/webapps/scm}
2022-11-10 07:16:01,626 [Listener at 127.0.0.1/43521] INFO  server.AbstractConnector (AbstractConnector.java:doStop(383)) - Stopped ServerConnector@5d657a3a{HTTP/1.1, (http/1.1)}{0.0.0.0:0}
2022-11-10 07:16:01,627 [Listener at 127.0.0.1/43521] INFO  server.session (HouseKeeper.java:stopScavenging(149)) - node0 Stopped scavenging
2022-11-10 07:16:01,627 [Listener at 127.0.0.1/43521] INFO  handler.ContextHandler (ContextHandler.java:doStop(1159)) - Stopped o.e.j.s.ServletContextHandler@4ac6ccfc{static,/static,file:///home/runner/work/ozone/ozone/hadoop-ozone/integration-test/target/test-classes/webapps/static,STOPPED}
2022-11-10 07:16:01,627 [Listener at 127.0.0.1/43521] INFO  handler.ContextHandler (ContextHandler.java:doStop(1159)) - Stopped o.e.j.s.ServletContextHandler@49fbfecf{logs,/logs,file:///home/runner/work/ozone/ozone/hadoop-ozone/integration-test/target/log,STOPPED}
2022-11-10 07:16:01,628 [Listener at 127.0.0.1/43521] INFO  server.StorageContainerManager (StorageContainerManager.java:stop(1601)) - Stopping SCM LayoutVersionManager Service.
2022-11-10 07:16:01,628 [Listener at 127.0.0.1/43521] INFO  server.StorageContainerManager (StorageContainerManager.java:stop(1609)) - Stopping Block Manager Service.
2022-11-10 07:16:01,628 [Listener at 127.0.0.1/43521] INFO  utils.BackgroundService (BackgroundService.java:shutdown(141)) - Shutting down service SCMBlockDeletingService
2022-11-10 07:16:01,628 [Listener at 127.0.0.1/43521] INFO  utils.BackgroundService (BackgroundService.java:shutdown(141)) - Shutting down service SCMBlockDeletingService
2022-11-10 07:16:01,629 [Listener at 127.0.0.1/43521] INFO  server.StorageContainerManager (StorageContainerManager.java:stop(1636)) - Stopping SCM Event Queue.
2022-11-10 07:16:01,629 [Listener at 127.0.0.1/43521] INFO  server.StorageContainerManager (StorageContainerManager.java:stop(1647)) - Stopping SCM HA services.
2022-11-10 07:16:01,630 [Listener at 127.0.0.1/43521] INFO  pipeline.BackgroundPipelineCreator (BackgroundPipelineCreator.java:stop(149)) - Stopping RatisPipelineUtilsThread.
2022-11-10 07:16:01,630 [RatisPipelineUtilsThread - 0] WARN  pipeline.BackgroundPipelineCreator (BackgroundPipelineCreator.java:run(180)) - RatisPipelineUtilsThread is interrupted.
2022-11-10 07:16:01,631 [BackgroundPipelineScrubberThread] WARN  BackgroundPipelineScrubber (BackgroundSCMService.java:run(115)) - BackgroundPipelineScrubber is interrupted, exit
2022-11-10 07:16:01,631 [Listener at 127.0.0.1/43521] INFO  BackgroundPipelineScrubber (BackgroundSCMService.java:stop(131)) - Stopping BackgroundPipelineScrubber Service.
2022-11-10 07:16:01,631 [Listener at 127.0.0.1/43521] INFO  impl.MetricsSystemImpl (MetricsSystemImpl.java:stop(210)) - Stopping HddsDatanode metrics system...
2022-11-10 07:16:01,637 [prometheus] INFO  impl.MetricsSinkAdapter (MetricsSinkAdapter.java:publishMetricsFromQueue(141)) - prometheus thread interrupted.
2022-11-10 07:16:01,638 [Listener at 127.0.0.1/43521] INFO  impl.MetricsSystemImpl (MetricsSystemImpl.java:stop(216)) - HddsDatanode metrics system stopped.
2022-11-10 07:16:01,638 [Listener at 127.0.0.1/43521] WARN  pipeline.BackgroundPipelineCreator (BackgroundPipelineCreator.java:stop(145)) - RatisPipelineUtilsThread is not running, just ignore.
2022-11-10 07:16:01,638 [Listener at 127.0.0.1/43521] INFO  BackgroundPipelineScrubber (BackgroundSCMService.java:stop(126)) - BackgroundPipelineScrubber Service is not running, skip stop.
2022-11-10 07:16:01,638 [Listener at 127.0.0.1/43521] INFO  ExpiredContainerReplicaOpScrubber (BackgroundSCMService.java:stop(131)) - Stopping ExpiredContainerReplicaOpScrubber Service.
2022-11-10 07:16:01,638 [Listener at 127.0.0.1/43521] INFO  utils.BackgroundService (BackgroundService.java:shutdown(141)) - Shutting down service SCMBlockDeletingService
2022-11-10 07:16:01,638 [ExpiredContainerReplicaOpScrubberThread] WARN  ExpiredContainerReplicaOpScrubber (BackgroundSCMService.java:run(115)) - ExpiredContainerReplicaOpScrubber is interrupted, exit
2022-11-10 07:16:01,638 [Listener at 127.0.0.1/43521] INFO  replication.ReplicationManager (ReplicationManager.java:stop(282)) - Replication Monitor Thread is not running.
2022-11-10 07:16:01,643 [Listener at 127.0.0.1/43521] WARN  balancer.ContainerBalancer (ContainerBalancer.java:stop(322)) - Cannot stop Container Balancer because it's not running or stopping
2022-11-10 07:16:01,643 [Listener at 127.0.0.1/43521] INFO  server.StorageContainerManager (StorageContainerManager.java:stop(1665)) - Stopping SCM MetadataStore.
]]></system-out>
  </testcase>
  <testcase name="testAutomaticPipelineCreationDisablingFactorONE" classname="org.apache.hadoop.hdds.scm.pipeline.TestRatisPipelineCreateAndDestroy" time="40.203">
    <system-out><![CDATA[2022-11-10 07:16:01,677 [Listener at 127.0.0.1/43521] WARN  server.ServerUtils (ServerUtils.java:getScmDbDir(148)) - ozone.scm.db.dirs is not configured. We recommend adding this setting. Falling back to ozone.metadata.dirs instead.
2022-11-10 07:16:01,680 [Listener at 127.0.0.1/43521] WARN  server.ServerUtils (ServerUtils.java:getScmDbDir(148)) - ozone.scm.db.dirs is not configured. We recommend adding this setting. Falling back to ozone.metadata.dirs instead.
2022-11-10 07:16:01,681 [Listener at 127.0.0.1/43521] INFO  ha.SCMHANodeDetails (SCMHANodeDetails.java:loadSCMHAConfig(209)) - ServiceID for StorageContainerManager is null
2022-11-10 07:16:01,681 [Listener at 127.0.0.1/43521] INFO  ha.SCMHANodeDetails (SCMHANodeDetails.java:loadSCMHAConfig(214)) - ozone.scm.default.service.id is not defined, falling back to ozone.scm.service.ids to find serviceID for StorageContainerManager if it is HA enabled cluster
2022-11-10 07:16:01,681 [Listener at 127.0.0.1/43521] WARN  utils.HAUtils (HAUtils.java:getMetaDir(342)) - ozone.scm.db.dirs is not configured. We recommend adding this setting. Falling back to ozone.metadata.dirs instead.
2022-11-10 07:16:01,681 [Listener at 127.0.0.1/43521] WARN  db.DBStoreBuilder (DBStoreBuilder.java:applyDBDefinition(144)) - ozone.scm.db.dirs is not configured. We recommend adding this setting. Falling back to ozone.metadata.dirs instead.
2022-11-10 07:16:01,771 [Listener at 127.0.0.1/43521] INFO  net.NodeSchemaLoader (NodeSchemaLoader.java:loadSchemaFromFile(129)) - Loading schema from [jar:file:/home/runner/.m2/repository/org/apache/ozone/hdds-common/1.3.0-SNAPSHOT/hdds-common-1.3.0-SNAPSHOT.jar!/network-topology-default.xml]
2022-11-10 07:16:01,771 [Listener at 127.0.0.1/43521] INFO  net.NodeSchemaLoader (NodeSchemaLoader.java:loadSchema(176)) - Loading network topology layer schema file
2022-11-10 07:16:01,773 [Listener at 127.0.0.1/43521] INFO  upgrade.AbstractLayoutVersionManager (AbstractLayoutVersionManager.java:init(83)) - Initializing Layout version manager with metadata layout = DATANODE_SCHEMA_V3 (version = 4), software layout = DATANODE_SCHEMA_V3 (version = 4)
2022-11-10 07:16:01,809 [Listener at 127.0.0.1/43521] INFO  reflections.Reflections (Reflections.java:scan(232)) - Reflections took 35 ms to scan 7 urls, producing 139 keys and 336 values 
2022-11-10 07:16:01,811 [Listener at 127.0.0.1/43521] INFO  ha.SequenceIdGenerator (SequenceIdGenerator.java:upgradeToSequenceId(349)) - upgrade localId to 109611004723200000
2022-11-10 07:16:01,811 [Listener at 127.0.0.1/43521] INFO  ha.SequenceIdGenerator (SequenceIdGenerator.java:upgradeToSequenceId(359)) - upgrade delTxnId to 0
2022-11-10 07:16:01,811 [Listener at 127.0.0.1/43521] INFO  ha.SequenceIdGenerator (SequenceIdGenerator.java:upgradeToSequenceId(376)) - upgrade containerId to 0
2022-11-10 07:16:01,811 [Listener at 127.0.0.1/43521] INFO  ha.SequenceIdGenerator (SequenceIdGenerator.java:<init>(220)) - Init the HA SequenceIdGenerator.
2022-11-10 07:16:01,815 [Listener at 127.0.0.1/43521] INFO  node.SCMNodeManager (SCMNodeManager.java:<init>(149)) - Entering startup safe mode.
2022-11-10 07:16:01,815 [Listener at 127.0.0.1/43521] INFO  algorithms.ContainerPlacementPolicyFactory (ContainerPlacementPolicyFactory.java:getPolicyInternal(86)) - Create container placement policy of type org.apache.hadoop.hdds.scm.container.placement.algorithms.SCMContainerPlacementRandom
2022-11-10 07:16:01,815 [Listener at 127.0.0.1/43521] INFO  algorithms.ContainerPlacementPolicyFactory (ContainerPlacementPolicyFactory.java:getPolicyInternal(86)) - Create container placement policy of type org.apache.hadoop.hdds.scm.container.placement.algorithms.SCMContainerPlacementRackScatter
2022-11-10 07:16:01,816 [Listener at 127.0.0.1/43521] INFO  pipeline.PipelineStateManagerImpl (PipelineStateManagerImpl.java:initialize(78)) - No pipeline exists in current db
2022-11-10 07:16:01,816 [Listener at 127.0.0.1/43521] INFO  algorithms.LeaderChoosePolicyFactory (LeaderChoosePolicyFactory.java:getPolicy(57)) - Create leader choose policy of type org.apache.hadoop.hdds.scm.pipeline.leader.choose.algorithms.MinLeaderCountChoosePolicy
2022-11-10 07:16:01,816 [Listener at 127.0.0.1/43521] INFO  algorithms.ContainerPlacementPolicyFactory (ContainerPlacementPolicyFactory.java:getPolicyInternal(86)) - Create container placement policy of type org.apache.hadoop.hdds.scm.container.placement.algorithms.SCMContainerPlacementRackScatter
2022-11-10 07:16:01,816 [Listener at 127.0.0.1/43521] INFO  ha.SCMServiceManager (SCMServiceManager.java:register(42)) - Registering service BackgroundPipelineCreator.
2022-11-10 07:16:01,816 [Listener at 127.0.0.1/43521] INFO  pipeline.BackgroundPipelineCreator (BackgroundPipelineCreator.java:start(124)) - Starting RatisPipelineUtilsThread.
2022-11-10 07:16:01,816 [Listener at 127.0.0.1/43521] INFO  BackgroundPipelineScrubber (BackgroundSCMService.java:start(68)) - Starting BackgroundPipelineScrubber Service.
2022-11-10 07:16:01,817 [Listener at 127.0.0.1/43521] INFO  ha.SCMServiceManager (SCMServiceManager.java:register(42)) - Registering service BackgroundPipelineScrubber.
2022-11-10 07:16:01,817 [Listener at 127.0.0.1/43521] INFO  ExpiredContainerReplicaOpScrubber (BackgroundSCMService.java:start(68)) - Starting ExpiredContainerReplicaOpScrubber Service.
2022-11-10 07:16:01,817 [Listener at 127.0.0.1/43521] INFO  ha.SCMServiceManager (SCMServiceManager.java:register(42)) - Registering service ExpiredContainerReplicaOpScrubber.
2022-11-10 07:16:01,818 [Listener at 127.0.0.1/43521] INFO  algorithms.PipelineChoosePolicyFactory (PipelineChoosePolicyFactory.java:createPipelineChoosePolicyFromClass(73)) - Create pipeline choose policy of type org.apache.hadoop.hdds.scm.pipeline.choose.algorithms.RandomPipelineChoosePolicy
2022-11-10 07:16:01,818 [Listener at 127.0.0.1/43521] INFO  ha.SCMServiceManager (SCMServiceManager.java:register(42)) - Registering service SCMBlockDeletingService.
2022-11-10 07:16:01,819 [Listener at 127.0.0.1/43521] INFO  replication.ReplicationManager (ReplicationManager.java:start(239)) - Starting Replication Monitor Thread.
2022-11-10 07:16:01,819 [Listener at 127.0.0.1/43521] INFO  ha.SCMServiceManager (SCMServiceManager.java:register(42)) - Registering service ReplicationManager.
2022-11-10 07:16:01,820 [Listener at 127.0.0.1/43521] INFO  safemode.ContainerSafeModeRule (ContainerSafeModeRule.java:<init>(89)) - containers with one replica threshold count 0
2022-11-10 07:16:01,820 [Listener at 127.0.0.1/43521] INFO  safemode.HealthyPipelineSafeModeRule (HealthyPipelineSafeModeRule.java:initializeRule(169)) - Total pipeline count is 0, healthy pipeline threshold count is 1
2022-11-10 07:16:01,820 [Listener at 127.0.0.1/43521] INFO  safemode.OneReplicaPipelineSafeModeRule (OneReplicaPipelineSafeModeRule.java:initializeRule(180)) - Total pipeline count is 0, pipeline's with at least one datanode reported threshold count is 0
2022-11-10 07:16:01,820 [Listener at 127.0.0.1/43521] INFO  ipc.CallQueueManager (CallQueueManager.java:<init>(90)) - Using callQueue: class java.util.concurrent.LinkedBlockingQueue, queueCapacity: 2000, scheduler: class org.apache.hadoop.ipc.DefaultRpcScheduler, ipcBackoff: false.
2022-11-10 07:16:01,821 [Socket Reader #1 for port 0] INFO  ipc.Server (Server.java:run(1273)) - Starting Socket Reader #1 for port 0
2022-11-10 07:16:01,822 [Listener at 0.0.0.0/34899] INFO  ipc.CallQueueManager (CallQueueManager.java:<init>(90)) - Using callQueue: class java.util.concurrent.LinkedBlockingQueue, queueCapacity: 2000, scheduler: class org.apache.hadoop.ipc.DefaultRpcScheduler, ipcBackoff: false.
2022-11-10 07:16:01,825 [ReplicationMonitor] INFO  replication.ReplicationManager (ReplicationManager.java:processAll(308)) - Replication Manager is not ready to run until 3000ms after safemode exit
2022-11-10 07:16:01,825 [Socket Reader #1 for port 0] INFO  ipc.Server (Server.java:run(1273)) - Starting Socket Reader #1 for port 0
2022-11-10 07:16:01,827 [Listener at 0.0.0.0/44497] INFO  ipc.CallQueueManager (CallQueueManager.java:<init>(90)) - Using callQueue: class java.util.concurrent.LinkedBlockingQueue, queueCapacity: 2000, scheduler: class org.apache.hadoop.ipc.DefaultRpcScheduler, ipcBackoff: false.
2022-11-10 07:16:01,828 [Socket Reader #1 for port 0] INFO  ipc.Server (Server.java:run(1273)) - Starting Socket Reader #1 for port 0
2022-11-10 07:16:01,839 [Listener at 0.0.0.0/33565] INFO  ha.SCMServiceManager (SCMServiceManager.java:register(42)) - Registering service ContainerBalancer.
2022-11-10 07:16:01,840 [Listener at 0.0.0.0/33565] INFO  server.StorageContainerManager (StorageContainerManager.java:<init>(415)) - 
Container Balancer status:
Key                            Value
Running                        true
Container Balancer Configuration values:
Key                                                Value
Threshold                                          10
Max Datanodes to Involve per Iteration(percent)    20
Max Size to Move per Iteration                     500GB
Max Size Entering Target per Iteration             26GB
Max Size Leaving Source per Iteration              26GB

2022-11-10 07:16:01,840 [Listener at 0.0.0.0/33565] WARN  events.EventQueue (EventQueue.java:fireEvent(216)) - No event handler registered for event TypedEvent{payloadType=SafeModeStatus, name='Safe mode status'}
2022-11-10 07:16:01,840 [Listener at 0.0.0.0/33565] INFO  ha.SCMContext (SCMContext.java:updateSafeModeStatus(228)) - Update SafeModeStatus from SafeModeStatus{safeModeStatus=true, preCheckPassed=false} to SafeModeStatus{safeModeStatus=true, preCheckPassed=false}.
2022-11-10 07:16:01,840 [Listener at 0.0.0.0/33565] INFO  server.StorageContainerManager (StorageContainerManager.java:start(1449)) - StorageContainerLocationProtocol RPC server is listening at /0.0.0.0:33565
2022-11-10 07:16:01,842 [Listener at 0.0.0.0/33565] WARN  impl.MetricsConfig (MetricsConfig.java:loadFirst(136)) - Cannot locate configuration: tried hadoop-metrics2-storagecontainermanager.properties,hadoop-metrics2.properties
2022-11-10 07:16:01,845 [Listener at 0.0.0.0/33565] INFO  impl.MetricsSystemImpl (MetricsSystemImpl.java:startTimer(378)) - Scheduled Metric snapshot period at 10 second(s).
2022-11-10 07:16:01,845 [Listener at 0.0.0.0/33565] INFO  impl.MetricsSystemImpl (MetricsSystemImpl.java:start(191)) - StorageContainerManager metrics system started
2022-11-10 07:16:01,850 [Listener at 0.0.0.0/33565] INFO  impl.MetricsSinkAdapter (MetricsSinkAdapter.java:start(204)) - Sink prometheus started
2022-11-10 07:16:01,851 [Listener at 0.0.0.0/33565] INFO  impl.MetricsSystemImpl (MetricsSystemImpl.java:registerSink(305)) - Registered sink prometheus
2022-11-10 07:16:01,873 [Listener at 0.0.0.0/33565] INFO  server.SCMClientProtocolServer (SCMClientProtocolServer.java:start(170)) - RPC server for Client  is listening at /0.0.0.0:33565
2022-11-10 07:16:01,874 [IPC Server Responder] INFO  ipc.Server (Server.java:run(1512)) - IPC Server Responder: starting
2022-11-10 07:16:01,874 [IPC Server listener on 0] INFO  ipc.Server (Server.java:run(1352)) - IPC Server listener on 0: starting
2022-11-10 07:16:01,880 [Listener at 0.0.0.0/33565] INFO  server.StorageContainerManager (StorageContainerManager.java:start(1464)) - ScmBlockLocationProtocol RPC server is listening at /0.0.0.0:44497
2022-11-10 07:16:01,880 [Listener at 0.0.0.0/33565] INFO  server.SCMBlockProtocolServer (SCMBlockProtocolServer.java:start(152)) - RPC server for Block Protocol is listening at /0.0.0.0:44497
2022-11-10 07:16:01,880 [IPC Server Responder] INFO  ipc.Server (Server.java:run(1512)) - IPC Server Responder: starting
2022-11-10 07:16:01,881 [IPC Server listener on 0] INFO  ipc.Server (Server.java:run(1352)) - IPC Server listener on 0: starting
2022-11-10 07:16:01,884 [Listener at 0.0.0.0/33565] INFO  server.SCMDatanodeProtocolServer (SCMDatanodeProtocolServer.java:start(186)) - ScmDatanodeProtocol RPC server for DataNodes is listening at /0.0.0.0:34899
2022-11-10 07:16:01,885 [IPC Server Responder] INFO  ipc.Server (Server.java:run(1512)) - IPC Server Responder: starting
2022-11-10 07:16:01,885 [IPC Server listener on 0] INFO  ipc.Server (Server.java:run(1352)) - IPC Server listener on 0: starting
2022-11-10 07:16:01,889 [org.apache.hadoop.util.JvmPauseMonitor$Monitor@7c26b384] INFO  util.JvmPauseMonitor (JvmPauseMonitor.java:run(188)) - Starting JVM pause monitor
2022-11-10 07:16:01,889 [Listener at 0.0.0.0/33565] INFO  http.BaseHttpServer (BaseHttpServer.java:newHttpServer2BuilderForOzone(213)) - Starting Web-server for scm at: http://0.0.0.0:0
2022-11-10 07:16:01,889 [Listener at 0.0.0.0/33565] INFO  http.BaseHttpServer (BaseHttpServer.java:<init>(108)) - Hadoop Security Enabled: false Ozone Security Enabled: false Ozone HTTP Security Enabled: false 
2022-11-10 07:16:01,891 [Listener at 0.0.0.0/33565] WARN  server.AuthenticationFilter (AuthenticationFilter.java:constructSecretProvider(240)) - Unable to initialize FileSignerSecretProvider, falling back to use random secrets. Reason: Could not read signature secret file: /home/runner/hadoop-http-auth-signature-secret
2022-11-10 07:16:01,891 [Listener at 0.0.0.0/33565] WARN  http.HttpRequestLog (HttpRequestLog.java:getRequestLog(103)) - Jetty request log can only be enabled using Log4j
2022-11-10 07:16:01,893 [Listener at 0.0.0.0/33565] INFO  http.HttpServer2 (HttpServer2.java:addGlobalFilter(1031)) - Added global filter 'safety' (class=org.apache.hadoop.hdds.server.http.HttpServer2$QuotingInputFilter)
2022-11-10 07:16:01,893 [Listener at 0.0.0.0/33565] INFO  http.HttpServer2 (HttpServer2.java:addFilter(1007)) - Added filter static_user_filter (class=org.apache.hadoop.http.lib.StaticUserWebFilter$StaticUserFilter) to context scm
2022-11-10 07:16:01,893 [Listener at 0.0.0.0/33565] INFO  http.HttpServer2 (HttpServer2.java:addFilter(1015)) - Added filter static_user_filter (class=org.apache.hadoop.http.lib.StaticUserWebFilter$StaticUserFilter) to context static
2022-11-10 07:16:01,893 [Listener at 0.0.0.0/33565] INFO  http.HttpServer2 (HttpServer2.java:addFilter(1015)) - Added filter static_user_filter (class=org.apache.hadoop.http.lib.StaticUserWebFilter$StaticUserFilter) to context logs
2022-11-10 07:16:01,894 [Listener at 0.0.0.0/33565] INFO  http.HttpServer2 (HttpServer2.java:bindListener(1250)) - Jetty bound to port 35469
2022-11-10 07:16:01,894 [Listener at 0.0.0.0/33565] INFO  server.Server (Server.java:doStart(375)) - jetty-9.4.49.v20220914; built: 2022-09-14T01:07:36.601Z; git: 4231a3b2e4cb8548a412a789936d640a97b1aa0a; jvm 1.8.0_345-b01
2022-11-10 07:16:01,909 [Listener at 0.0.0.0/33565] INFO  server.session (DefaultSessionIdManager.java:doStart(334)) - DefaultSessionIdManager workerName=node0
2022-11-10 07:16:01,909 [Listener at 0.0.0.0/33565] INFO  server.session (DefaultSessionIdManager.java:doStart(339)) - No SessionScavenger set, using defaults
2022-11-10 07:16:01,910 [Listener at 0.0.0.0/33565] INFO  server.session (HouseKeeper.java:startScavenging(132)) - node0 Scavenging every 660000ms
2022-11-10 07:16:01,910 [Listener at 0.0.0.0/33565] INFO  handler.ContextHandler (ContextHandler.java:doStart(921)) - Started o.e.j.s.ServletContextHandler@2c8cced4{logs,/logs,file:///home/runner/work/ozone/ozone/hadoop-ozone/integration-test/target/log,AVAILABLE}
2022-11-10 07:16:01,911 [Listener at 0.0.0.0/33565] INFO  handler.ContextHandler (ContextHandler.java:doStart(921)) - Started o.e.j.s.ServletContextHandler@28c8c41a{static,/static,file:///home/runner/work/ozone/ozone/hadoop-ozone/integration-test/target/test-classes/webapps/static,AVAILABLE}
2022-11-10 07:16:01,913 [Listener at 0.0.0.0/33565] INFO  handler.ContextHandler (ContextHandler.java:doStart(921)) - Started o.e.j.w.WebAppContext@5ec75175{scm,/,file:///home/runner/work/ozone/ozone/hadoop-ozone/integration-test/target/test-classes/webapps/scm/,AVAILABLE}{file:/home/runner/work/ozone/ozone/hadoop-ozone/integration-test/target/test-classes/webapps/scm}
2022-11-10 07:16:01,914 [Listener at 0.0.0.0/33565] INFO  server.AbstractConnector (AbstractConnector.java:doStart(333)) - Started ServerConnector@ed80697{HTTP/1.1, (http/1.1)}{0.0.0.0:35469}
2022-11-10 07:16:01,914 [Listener at 0.0.0.0/33565] INFO  server.Server (Server.java:doStart(415)) - Started @119394ms
2022-11-10 07:16:01,914 [Listener at 0.0.0.0/33565] WARN  impl.MetricsSystemImpl (MetricsSystemImpl.java:register(279)) - Sink prometheus already exists!
2022-11-10 07:16:01,915 [Listener at 0.0.0.0/33565] INFO  http.BaseHttpServer (BaseHttpServer.java:updateConnectorAddress(333)) - HTTP server of scm listening at http://0.0.0.0:35469
2022-11-10 07:16:01,915 [Listener at 0.0.0.0/33565] WARN  server.ServerUtils (ServerUtils.java:getDBPath(225)) - ozone.om.db.dirs is not configured. We recommend adding this setting. Falling back to ozone.metadata.dirs instead.
2022-11-10 07:16:01,917 [Listener at 0.0.0.0/33565] INFO  ha.OMHANodeDetails (OMHANodeDetails.java:loadOMHAConfig(115)) - ozone.om.internal.service.id is not defined, falling back to ozone.om.service.ids to find serviceID for OzoneManager if it is HA enabled cluster
2022-11-10 07:16:01,917 [Listener at 0.0.0.0/33565] INFO  ha.OMHANodeDetails (OMHANodeDetails.java:loadOMHAConfig(226)) - Configuration does not have ozone.om.address set. Falling back to the default OM address /127.0.0.1:0
2022-11-10 07:16:01,917 [Listener at 0.0.0.0/33565] INFO  ha.OMHANodeDetails (OMHANodeDetails.java:getOMNodeDetailsForNonHA(254)) - OM Service ID is not set. Setting it to the default ID: omServiceIdDefault
2022-11-10 07:16:01,917 [Listener at 0.0.0.0/33565] INFO  ha.OMHANodeDetails (OMHANodeDetails.java:getOMNodeDetailsForNonHA(261)) - OM Node ID is not set. Setting it to the default ID: om1
2022-11-10 07:16:01,917 [Listener at 0.0.0.0/33565] WARN  server.ServerUtils (ServerUtils.java:getDBPath(225)) - ozone.om.db.dirs is not configured. We recommend adding this setting. Falling back to ozone.metadata.dirs instead.
2022-11-10 07:16:01,918 [Listener at 0.0.0.0/33565] INFO  upgrade.AbstractLayoutVersionManager (AbstractLayoutVersionManager.java:init(83)) - Initializing Layout version manager with metadata layout = MULTITENANCY_SCHEMA (version = 3), software layout = MULTITENANCY_SCHEMA (version = 3)
2022-11-10 07:16:01,978 [Listener at 0.0.0.0/33565] INFO  reflections.Reflections (Reflections.java:scan(232)) - Reflections took 56 ms to scan 2 urls, producing 154 keys and 428 values [using 2 cores]
2022-11-10 07:16:01,979 [Listener at 0.0.0.0/33565] INFO  upgrade.OMLayoutVersionManager (OMLayoutVersionManager.java:lambda$0(115)) - Skipping Upgrade Action MockOmUpgradeAction since it has been finalized.
2022-11-10 07:16:01,979 [Listener at 0.0.0.0/33565] WARN  server.ServerUtils (ServerUtils.java:getDBPath(225)) - ozone.om.db.dirs is not configured. We recommend adding this setting. Falling back to ozone.metadata.dirs instead.
2022-11-10 07:16:01,980 [Listener at 0.0.0.0/33565] INFO  proxy.SCMBlockLocationFailoverProxyProvider (SCMBlockLocationFailoverProxyProvider.java:<init>(114)) - Created block location fail-over proxy with 1 nodes: [nodeId=scmNodeId,nodeAddress=/0.0.0.0:44497]
2022-11-10 07:16:01,987 [Listener at 0.0.0.0/33565] INFO  proxy.SCMBlockLocationFailoverProxyProvider (SCMBlockLocationFailoverProxyProvider.java:<init>(114)) - Created block location fail-over proxy with 1 nodes: [nodeId=scmNodeId,nodeAddress=/0.0.0.0:44497]
2022-11-10 07:16:01,997 [Listener at 0.0.0.0/33565] WARN  server.ServerUtils (ServerUtils.java:getDBPath(225)) - ozone.om.db.dirs is not configured. We recommend adding this setting. Falling back to ozone.metadata.dirs instead.
2022-11-10 07:16:01,997 [Listener at 0.0.0.0/33565] INFO  codec.OmKeyInfoCodec (OmKeyInfoCodec.java:<init>(49)) - OmKeyInfoCodec ignorePipeline = true
2022-11-10 07:16:01,997 [Listener at 0.0.0.0/33565] INFO  codec.RepeatedOmKeyInfoCodec (RepeatedOmKeyInfoCodec.java:<init>(41)) - RepeatedOmKeyInfoCodec ignorePipeline = true
2022-11-10 07:16:02,139 [Listener at 0.0.0.0/33565] INFO  om.OzoneManager (OzoneManager.java:instantiateServices(715)) - S3 Multi-Tenancy is disabled
2022-11-10 07:16:02,141 [Listener at 0.0.0.0/33565] INFO  om.OzoneManager (OzoneManager.java:addS3GVolumeToDB(4394)) - Created Volume s3v With Owner runner required for S3Gateway operations.
2022-11-10 07:16:02,141 [Listener at 0.0.0.0/33565] WARN  server.ServerUtils (ServerUtils.java:getDefaultRatisDirectory(237)) - Storage directory for Ratis is not configured. It is a good idea to map this to an SSD disk. Falling back to ozone.metadata.dirs
2022-11-10 07:16:02,141 [Listener at 0.0.0.0/33565] WARN  utils.OzoneManagerRatisUtils (OzoneManagerRatisUtils.java:getOMRatisSnapshotDirectory(434)) - ozone.om.ratis.snapshot.dir is not configured. Falling back to ozone.metadata.dirs config
2022-11-10 07:16:02,141 [Listener at 0.0.0.0/33565] WARN  server.ServerUtils (ServerUtils.java:getDefaultRatisDirectory(237)) - Storage directory for Ratis is not configured. It is a good idea to map this to an SSD disk. Falling back to ozone.metadata.dirs
2022-11-10 07:16:02,142 [Listener at 0.0.0.0/33565] INFO  ratis.OzoneManagerRatisServer (OzoneManagerRatisServer.java:<init>(160)) - Instantiating OM Ratis server with groupID: omServiceIdDefault and peers: localhost:9872
2022-11-10 07:16:02,143 [Listener at 0.0.0.0/33565] INFO  ratis.OzoneManagerStateMachine (OzoneManagerStateMachine.java:loadSnapshotInfoFromDB(636)) - LastAppliedIndex is set from TransactionInfo from OM DB as (t:0, i:~)
2022-11-10 07:16:02,143 [Listener at 0.0.0.0/33565] INFO  server.RaftServer (ConfUtils.java:logGet(46)) - raft.rpc.type = GRPC (default)
2022-11-10 07:16:02,143 [Listener at 0.0.0.0/33565] INFO  grpc.GrpcConfigKeys (ConfUtils.java:logFallback(53)) - raft.grpc.admin.host = null (fallback to raft.grpc.server.host)
2022-11-10 07:16:02,143 [Listener at 0.0.0.0/33565] INFO  grpc.GrpcConfigKeys (ConfUtils.java:logFallback(53)) - raft.grpc.admin.port = 9872 (fallback to raft.grpc.server.port)
2022-11-10 07:16:02,144 [Listener at 0.0.0.0/33565] INFO  grpc.GrpcConfigKeys (ConfUtils.java:logFallback(53)) - raft.grpc.client.host = null (fallback to raft.grpc.server.host)
2022-11-10 07:16:02,144 [Listener at 0.0.0.0/33565] INFO  grpc.GrpcConfigKeys (ConfUtils.java:logFallback(53)) - raft.grpc.client.port = 9872 (fallback to raft.grpc.server.port)
2022-11-10 07:16:02,144 [Listener at 0.0.0.0/33565] INFO  grpc.GrpcConfigKeys (ConfUtils.java:logGet(46)) - raft.grpc.server.host = null (default)
2022-11-10 07:16:02,144 [Listener at 0.0.0.0/33565] INFO  grpc.GrpcConfigKeys (ConfUtils.java:logGet(46)) - raft.grpc.server.port = 9872 (custom)
2022-11-10 07:16:02,144 [Listener at 0.0.0.0/33565] INFO  server.GrpcService (ConfUtils.java:logGet(46)) - raft.grpc.message.size.max = 33554432 (custom)
2022-11-10 07:16:02,144 [Listener at 0.0.0.0/33565] INFO  server.RaftServerConfigKeys (ConfUtils.java:logGet(46)) - raft.server.log.appender.buffer.byte-limit = 33554432 (custom)
2022-11-10 07:16:02,144 [Listener at 0.0.0.0/33565] INFO  server.GrpcService (ConfUtils.java:logGet(46)) - raft.grpc.flow.control.window = 1MB (=1048576) (default)
2022-11-10 07:16:02,144 [Listener at 0.0.0.0/33565] INFO  server.RaftServerConfigKeys (ConfUtils.java:logGet(46)) - raft.server.rpc.request.timeout = 3000ms (default)
2022-11-10 07:16:02,144 [Listener at 0.0.0.0/33565] INFO  grpc.GrpcConfigKeys (ConfUtils.java:logGet(46)) - raft.grpc.server.heartbeat.channel = true (default)
2022-11-10 07:16:02,145 [Listener at 0.0.0.0/33565] INFO  grpc.GrpcConfigKeys (ConfUtils.java:logGet(46)) - raft.grpc.server.async.request.thread.pool.cached = true (default)
2022-11-10 07:16:02,145 [Listener at 0.0.0.0/33565] INFO  grpc.GrpcConfigKeys (ConfUtils.java:logGet(46)) - raft.grpc.server.async.request.thread.pool.size = 32 (default)
2022-11-10 07:16:02,146 [Listener at 0.0.0.0/33565] INFO  impl.DataStreamServerImpl (ConfUtils.java:logGet(46)) - raft.datastream.type = DISABLED (default)
2022-11-10 07:16:02,146 [Listener at 0.0.0.0/33565] INFO  server.RaftServerConfigKeys (ConfUtils.java:logGet(46)) - raft.server.threadpool.proxy.cached = true (default)
2022-11-10 07:16:02,146 [Listener at 0.0.0.0/33565] INFO  server.RaftServerConfigKeys (ConfUtils.java:logGet(46)) - raft.server.threadpool.proxy.size = 0 (default)
2022-11-10 07:16:02,146 [Listener at 0.0.0.0/33565] INFO  server.RaftServerConfigKeys (ConfUtils.java:logGet(46)) - raft.server.rpc.slowness.timeout = 120s (custom)
2022-11-10 07:16:02,146 [Listener at 0.0.0.0/33565] INFO  server.RaftServerConfigKeys (ConfUtils.java:logGet(46)) - raft.server.leaderelection.leader.step-down.wait-time = 10s (default)
2022-11-10 07:16:02,147 [Listener at 0.0.0.0/33565] INFO  server.RaftServerConfigKeys (ConfUtils.java:logGet(46)) - raft.server.storage.dir = [/home/runner/work/ozone/ozone/hadoop-ozone/integration-test/target/test-dir/MiniOzoneClusterImpl-6c329fba-5d84-49d5-96bd-8530b1407181/ozone-meta/ratis] (custom)
2022-11-10 07:16:02,147 [Listener at 0.0.0.0/33565] INFO  server.RaftServer (RaftServerProxy.java:addNew(96)) - om1: addNew group-C5BA1605619E:[om1|rpc:localhost:9872|priority:0|startupRole:FOLLOWER] returns group-C5BA1605619E:java.util.concurrent.CompletableFuture@732172ad[Not completed]
2022-11-10 07:16:02,147 [Listener at 0.0.0.0/33565] INFO  om.OzoneManager (OzoneManager.java:initializeRatisServer(1977)) - OzoneManager Ratis server initialized at port 9872
2022-11-10 07:16:02,147 [pool-529-thread-1] INFO  server.RaftServer$Division (RaftServerImpl.java:<init>(195)) - om1: new RaftServerImpl for group-C5BA1605619E:[om1|rpc:localhost:9872|priority:0|startupRole:FOLLOWER] with OzoneManagerStateMachine:uninitialized
2022-11-10 07:16:02,148 [pool-529-thread-1] INFO  server.RaftServerConfigKeys (ConfUtils.java:logGet(46)) - raft.server.rpc.timeout.min = 1s (custom)
2022-11-10 07:16:02,148 [pool-529-thread-1] INFO  server.RaftServerConfigKeys (ConfUtils.java:logGet(46)) - raft.server.rpc.timeout.max = 1200ms (custom)
2022-11-10 07:16:02,148 [pool-529-thread-1] INFO  server.RaftServerConfigKeys (ConfUtils.java:logGet(46)) - raft.server.rpc.sleep.time = 25ms (default)
2022-11-10 07:16:02,148 [pool-529-thread-1] INFO  server.RaftServerConfigKeys (ConfUtils.java:logGet(46)) - raft.server.rpc.slowness.timeout = 120s (custom)
2022-11-10 07:16:02,148 [pool-529-thread-1] INFO  server.RaftServerConfigKeys (ConfUtils.java:logGet(46)) - raft.server.leaderelection.leader.step-down.wait-time = 10s (default)
2022-11-10 07:16:02,148 [pool-529-thread-1] INFO  server.RaftServerConfigKeys (ConfUtils.java:logGet(46)) - raft.server.sleep.deviation.threshold = 300ms (default)
2022-11-10 07:16:02,148 [Listener at 0.0.0.0/33565] INFO  om.OzoneManager (OzoneManager.java:getRpcServer(1104)) - Creating RPC Server
2022-11-10 07:16:02,149 [pool-529-thread-1] INFO  server.RaftServer$Division (ServerState.java:<init>(118)) - om1@group-C5BA1605619E: ConfigurationManager, init=-1: peers:[om1|rpc:localhost:9872|priority:0|startupRole:FOLLOWER]|listeners:[], old=null, confs=<EMPTY_MAP>
2022-11-10 07:16:02,149 [pool-529-thread-1] INFO  server.RaftServerConfigKeys (ConfUtils.java:logGet(46)) - raft.server.storage.dir = [/home/runner/work/ozone/ozone/hadoop-ozone/integration-test/target/test-dir/MiniOzoneClusterImpl-6c329fba-5d84-49d5-96bd-8530b1407181/ozone-meta/ratis] (custom)
2022-11-10 07:16:02,149 [pool-529-thread-1] INFO  server.RaftServerConfigKeys (ConfUtils.java:logGet(46)) - raft.server.log.corruption.policy = EXCEPTION (default)
2022-11-10 07:16:02,150 [pool-529-thread-1] INFO  server.RaftServerConfigKeys (ConfUtils.java:logGet(46)) - raft.server.storage.free-space.min = 0MB (=0) (default)
2022-11-10 07:16:02,150 [pool-529-thread-1] INFO  server.RaftServerConfigKeys (ConfUtils.java:logGet(46)) - raft.server.notification.no-leader.timeout = 120s (custom)
2022-11-10 07:16:02,150 [pool-529-thread-1] INFO  server.RaftServerConfigKeys (ConfUtils.java:logGet(46)) - raft.server.retrycache.expirytime = 300s (custom)
2022-11-10 07:16:02,150 [pool-529-thread-1] INFO  server.RaftServerConfigKeys (ConfUtils.java:logGet(46)) - raft.server.retrycache.statistics.expirytime = 100μs (default)
2022-11-10 07:16:02,151 [pool-529-thread-1] INFO  server.RaftServerConfigKeys (ConfUtils.java:logGet(46)) - raft.server.log.appender.install.snapshot.enabled = false (custom)
2022-11-10 07:16:02,151 [pool-529-thread-1] INFO  server.RaftServerConfigKeys (ConfUtils.java:logGet(46)) - raft.server.threadpool.server.cached = true (default)
2022-11-10 07:16:02,151 [pool-529-thread-1] INFO  server.RaftServerConfigKeys (ConfUtils.java:logGet(46)) - raft.server.threadpool.server.size = 0 (default)
2022-11-10 07:16:02,151 [pool-529-thread-1] INFO  server.RaftServerConfigKeys (ConfUtils.java:logGet(46)) - raft.server.threadpool.client.cached = true (default)
2022-11-10 07:16:02,151 [pool-529-thread-1] INFO  server.RaftServerConfigKeys (ConfUtils.java:logGet(46)) - raft.server.threadpool.client.size = 0 (default)
2022-11-10 07:16:02,718 [Listener at 0.0.0.0/33565] INFO  reflections.Reflections (Reflections.java:scan(232)) - Reflections took 569 ms to scan 19 urls, producing 67 keys and 4327 values [using 2 cores]
2022-11-10 07:16:02,719 [Listener at 0.0.0.0/33565] INFO  ipc.CallQueueManager (CallQueueManager.java:<init>(90)) - Using callQueue: class java.util.concurrent.LinkedBlockingQueue, queueCapacity: 2000, scheduler: class org.apache.hadoop.ipc.DefaultRpcScheduler, ipcBackoff: false.
2022-11-10 07:16:02,727 [Socket Reader #1 for port 0] INFO  ipc.Server (Server.java:run(1273)) - Starting Socket Reader #1 for port 0
2022-11-10 07:16:02,748 [Listener at 127.0.0.1/32977] INFO  impl.MetricsSystemImpl (MetricsSystemImpl.java:init(158)) - OzoneManager metrics system started (again)
2022-11-10 07:16:02,757 [Listener at 127.0.0.1/32977] INFO  om.OzoneManager (OzoneManager.java:start(1484)) - OzoneManager RPC server is listening at localhost/127.0.0.1:32977
2022-11-10 07:16:02,758 [Listener at 127.0.0.1/32977] INFO  ratis.OzoneManagerRatisServer (OzoneManagerRatisServer.java:start(555)) - Starting OzoneManagerRatisServer om1 at port 9872
2022-11-10 07:16:02,758 [om1-impl-thread1] INFO  storage.RaftStorageDirectory (RaftStorageDirectoryImpl.java:analyzeStorage(137)) - The storage directory /home/runner/work/ozone/ozone/hadoop-ozone/integration-test/target/test-dir/MiniOzoneClusterImpl-6c329fba-5d84-49d5-96bd-8530b1407181/ozone-meta/ratis/bf265839-605b-3f16-9796-c5ba1605619e does not exist. Creating ...
2022-11-10 07:16:02,760 [om1-impl-thread1] INFO  storage.RaftStorageDirectory (RaftStorageDirectoryImpl.java:tryLock(231)) - Lock on /home/runner/work/ozone/ozone/hadoop-ozone/integration-test/target/test-dir/MiniOzoneClusterImpl-6c329fba-5d84-49d5-96bd-8530b1407181/ozone-meta/ratis/bf265839-605b-3f16-9796-c5ba1605619e/in_use.lock acquired by nodename 12028@fv-az435-205
2022-11-10 07:16:02,761 [om1-impl-thread1] INFO  storage.RaftStorage (RaftStorageImpl.java:format(96)) - Storage directory /home/runner/work/ozone/ozone/hadoop-ozone/integration-test/target/test-dir/MiniOzoneClusterImpl-6c329fba-5d84-49d5-96bd-8530b1407181/ozone-meta/ratis/bf265839-605b-3f16-9796-c5ba1605619e has been successfully formatted.
2022-11-10 07:16:02,761 [om1-impl-thread1] INFO  server.RaftServerConfigKeys (ConfUtils.java:logGet(46)) - raft.server.log.use.memory = false (default)
2022-11-10 07:16:02,761 [om1-impl-thread1] INFO  server.RaftServerConfigKeys (ConfUtils.java:logGet(46)) - raft.server.log.purge.gap = 1000000 (custom)
2022-11-10 07:16:02,761 [om1-impl-thread1] INFO  server.RaftServerConfigKeys (ConfUtils.java:logGet(46)) - raft.server.log.appender.buffer.byte-limit = 33554432 (custom)
2022-11-10 07:16:02,761 [om1-impl-thread1] INFO  server.RaftServerConfigKeys (ConfUtils.java:logGet(46)) - raft.server.log.statemachine.data.read.timeout = 1000ms (default)
2022-11-10 07:16:02,762 [om1-impl-thread1] INFO  server.RaftServerConfigKeys (ConfUtils.java:logGet(46)) - raft.server.log.purge.preservation.log.num = 0 (default)
2022-11-10 07:16:02,762 [om1-impl-thread1] INFO  server.RaftServerConfigKeys (ConfUtils.java:logGet(46)) - raft.server.log.segment.size.max = 4194304 (custom)
2022-11-10 07:16:02,762 [om1-impl-thread1] INFO  server.RaftServerConfigKeys (ConfUtils.java:logGet(46)) - raft.server.log.segment.cache.num.max = 2 (custom)
2022-11-10 07:16:02,762 [om1-impl-thread1] INFO  server.RaftServerConfigKeys (ConfUtils.java:logGet(46)) - raft.server.log.segment.cache.size.max = 200MB (=209715200) (default)
2022-11-10 07:16:02,762 [om1-impl-thread1] INFO  segmented.SegmentedRaftLogWorker (SegmentedRaftLogWorker.java:<init>(191)) - new om1@group-C5BA1605619E-SegmentedRaftLogWorker for RaftStorageImpl:Storage Directory /home/runner/work/ozone/ozone/hadoop-ozone/integration-test/target/test-dir/MiniOzoneClusterImpl-6c329fba-5d84-49d5-96bd-8530b1407181/ozone-meta/ratis/bf265839-605b-3f16-9796-c5ba1605619e
2022-11-10 07:16:02,762 [om1-impl-thread1] INFO  server.RaftServerConfigKeys (ConfUtils.java:logGet(46)) - raft.server.log.queue.byte-limit = 64MB (=67108864) (default)
2022-11-10 07:16:02,762 [om1-impl-thread1] INFO  server.RaftServerConfigKeys (ConfUtils.java:logGet(46)) - raft.server.log.queue.element-limit = 4096 (default)
2022-11-10 07:16:02,762 [om1-impl-thread1] INFO  server.RaftServerConfigKeys (ConfUtils.java:logGet(46)) - raft.server.log.segment.size.max = 4194304 (custom)
2022-11-10 07:16:02,762 [om1-impl-thread1] INFO  server.RaftServerConfigKeys (ConfUtils.java:logGet(46)) - raft.server.log.preallocated.size = 4194304 (custom)
2022-11-10 07:16:02,762 [om1-impl-thread1] INFO  server.RaftServerConfigKeys (ConfUtils.java:logGet(46)) - raft.server.log.force.sync.num = 128 (default)
2022-11-10 07:16:02,762 [om1-impl-thread1] INFO  server.RaftServerConfigKeys (ConfUtils.java:logGet(46)) - raft.server.log.statemachine.data.sync = true (default)
2022-11-10 07:16:02,762 [om1-impl-thread1] INFO  server.RaftServerConfigKeys (ConfUtils.java:logGet(46)) - raft.server.log.statemachine.data.sync.timeout = 10s (default)
2022-11-10 07:16:02,762 [om1-impl-thread1] INFO  server.RaftServerConfigKeys (ConfUtils.java:logGet(46)) - raft.server.log.statemachine.data.sync.timeout.retry = -1 (default)
2022-11-10 07:16:02,763 [om1-impl-thread1] INFO  server.RaftServerConfigKeys (ConfUtils.java:logGet(46)) - raft.server.log.write.buffer.size = 64KB (=65536) (default)
2022-11-10 07:16:02,763 [om1-impl-thread1] INFO  server.RaftServerConfigKeys (ConfUtils.java:logGet(46)) - raft.server.log.unsafe-flush.enabled = false (default)
2022-11-10 07:16:02,763 [om1-impl-thread1] INFO  server.RaftServerConfigKeys (ConfUtils.java:logGet(46)) - raft.server.log.async-flush.enabled = false (default)
2022-11-10 07:16:02,763 [om1-impl-thread1] INFO  server.RaftServerConfigKeys (ConfUtils.java:logGet(46)) - raft.server.log.statemachine.data.caching.enabled = false (default)
2022-11-10 07:16:02,764 [om1-impl-thread1] INFO  segmented.SegmentedRaftLogWorker (SegmentedRaftLogWorker.java:lambda$new$0(136)) - om1@group-C5BA1605619E-SegmentedRaftLogWorker: flushIndex: setUnconditionally 0 -> -1
2022-11-10 07:16:02,764 [om1-impl-thread1] INFO  segmented.SegmentedRaftLogWorker (SegmentedRaftLogWorker.java:lambda$new$0(136)) - om1@group-C5BA1605619E-SegmentedRaftLogWorker: safeCacheEvictIndex: setUnconditionally 0 -> -1
2022-11-10 07:16:02,764 [om1-impl-thread1] INFO  server.RaftServer$Division (RaftServerImpl.java:start(334)) - om1@group-C5BA1605619E: start as a follower, conf=-1: peers:[om1|rpc:localhost:9872|priority:0|startupRole:FOLLOWER]|listeners:[], old=null
2022-11-10 07:16:02,764 [om1-impl-thread1] INFO  server.RaftServer$Division (RaftServerImpl.java:setRole(321)) - om1@group-C5BA1605619E: changes role from      null to FOLLOWER at term 0 for startAsFollower
2022-11-10 07:16:02,764 [om1-impl-thread1] INFO  impl.RoleInfo (RoleInfo.java:updateAndGet(139)) - om1: start om1@group-C5BA1605619E-FollowerState
2022-11-10 07:16:02,764 [om1@group-C5BA1605619E-FollowerState] INFO  server.RaftServerConfigKeys (ConfUtils.java:logFallback(53)) - raft.server.rpc.first-election.timeout.min = 1s (fallback to raft.server.rpc.timeout.min)
2022-11-10 07:16:02,764 [om1@group-C5BA1605619E-FollowerState] INFO  server.RaftServerConfigKeys (ConfUtils.java:logFallback(53)) - raft.server.rpc.first-election.timeout.max = 1200ms (fallback to raft.server.rpc.timeout.max)
2022-11-10 07:16:02,764 [om1-impl-thread1] INFO  util.JmxRegister (JmxRegister.java:tryRegister(44)) - Successfully registered JMX Bean with object name Ratis:service=RaftServer,group=group-C5BA1605619E,id=om1
2022-11-10 07:16:02,765 [om1-impl-thread1] INFO  server.RaftServerConfigKeys (ConfUtils.java:logGet(46)) - raft.server.snapshot.auto.trigger.enabled = true (custom)
2022-11-10 07:16:02,765 [om1-impl-thread1] INFO  server.RaftServerConfigKeys (ConfUtils.java:logGet(46)) - raft.server.snapshot.auto.trigger.threshold = 400000 (default)
2022-11-10 07:16:02,765 [om1-impl-thread1] INFO  server.RaftServerConfigKeys (ConfUtils.java:logGet(46)) - raft.server.snapshot.retention.file.num = -1 (default)
2022-11-10 07:16:02,765 [om1-impl-thread1] INFO  server.RaftServerConfigKeys (ConfUtils.java:logGet(46)) - raft.server.log.purge.upto.snapshot.index = true (custom)
2022-11-10 07:16:02,765 [Listener at 127.0.0.1/32977] INFO  server.RaftServer (RaftServerProxy.java:startImpl(393)) - om1: start RPC server
2022-11-10 07:16:02,767 [Listener at 127.0.0.1/32977] INFO  server.GrpcService (GrpcService.java:startImpl(270)) - om1: GrpcService started, listening on 9872
2022-11-10 07:16:02,768 [JvmPauseMonitor11] INFO  util.JvmPauseMonitor (JvmPauseMonitor.java:run(105)) - JvmPauseMonitor-om1: Started
2022-11-10 07:16:02,768 [Listener at 127.0.0.1/32977] INFO  om.OzoneManager (OzoneManager.java:start(1500)) - Version File has different layout version (3) than OM DB (null). That is expected if this OM has never been finalized to a newer layout version.
2022-11-10 07:16:02,770 [Listener at 127.0.0.1/32977] INFO  http.BaseHttpServer (BaseHttpServer.java:newHttpServer2BuilderForOzone(213)) - Starting Web-server for ozoneManager at: http://0.0.0.0:0
2022-11-10 07:16:02,770 [Listener at 127.0.0.1/32977] INFO  http.BaseHttpServer (BaseHttpServer.java:<init>(108)) - Hadoop Security Enabled: false Ozone Security Enabled: false Ozone HTTP Security Enabled: false 
2022-11-10 07:16:02,771 [Listener at 127.0.0.1/32977] WARN  server.AuthenticationFilter (AuthenticationFilter.java:constructSecretProvider(240)) - Unable to initialize FileSignerSecretProvider, falling back to use random secrets. Reason: Could not read signature secret file: /home/runner/hadoop-http-auth-signature-secret
2022-11-10 07:16:02,771 [Listener at 127.0.0.1/32977] WARN  http.HttpRequestLog (HttpRequestLog.java:getRequestLog(103)) - Jetty request log can only be enabled using Log4j
2022-11-10 07:16:02,773 [Listener at 127.0.0.1/32977] INFO  http.HttpServer2 (HttpServer2.java:addGlobalFilter(1031)) - Added global filter 'safety' (class=org.apache.hadoop.hdds.server.http.HttpServer2$QuotingInputFilter)
2022-11-10 07:16:02,773 [Listener at 127.0.0.1/32977] INFO  http.HttpServer2 (HttpServer2.java:addFilter(1007)) - Added filter static_user_filter (class=org.apache.hadoop.http.lib.StaticUserWebFilter$StaticUserFilter) to context ozoneManager
2022-11-10 07:16:02,773 [Listener at 127.0.0.1/32977] INFO  http.HttpServer2 (HttpServer2.java:addFilter(1015)) - Added filter static_user_filter (class=org.apache.hadoop.http.lib.StaticUserWebFilter$StaticUserFilter) to context static
2022-11-10 07:16:02,774 [Listener at 127.0.0.1/32977] INFO  http.HttpServer2 (HttpServer2.java:addFilter(1015)) - Added filter static_user_filter (class=org.apache.hadoop.http.lib.StaticUserWebFilter$StaticUserFilter) to context logs
2022-11-10 07:16:02,774 [Listener at 127.0.0.1/32977] INFO  http.HttpServer2 (HttpServer2.java:bindListener(1250)) - Jetty bound to port 37845
2022-11-10 07:16:02,774 [Listener at 127.0.0.1/32977] INFO  server.Server (Server.java:doStart(375)) - jetty-9.4.49.v20220914; built: 2022-09-14T01:07:36.601Z; git: 4231a3b2e4cb8548a412a789936d640a97b1aa0a; jvm 1.8.0_345-b01
2022-11-10 07:16:02,775 [Listener at 127.0.0.1/32977] INFO  server.session (DefaultSessionIdManager.java:doStart(334)) - DefaultSessionIdManager workerName=node0
2022-11-10 07:16:02,776 [Listener at 127.0.0.1/32977] INFO  server.session (DefaultSessionIdManager.java:doStart(339)) - No SessionScavenger set, using defaults
2022-11-10 07:16:02,776 [Listener at 127.0.0.1/32977] INFO  server.session (HouseKeeper.java:startScavenging(132)) - node0 Scavenging every 660000ms
2022-11-10 07:16:02,777 [Listener at 127.0.0.1/32977] INFO  handler.ContextHandler (ContextHandler.java:doStart(921)) - Started o.e.j.s.ServletContextHandler@dcba21c{logs,/logs,file:///home/runner/work/ozone/ozone/hadoop-ozone/integration-test/target/log,AVAILABLE}
2022-11-10 07:16:02,777 [Listener at 127.0.0.1/32977] INFO  handler.ContextHandler (ContextHandler.java:doStart(921)) - Started o.e.j.s.ServletContextHandler@41acf46d{static,/static,file:///home/runner/work/ozone/ozone/hadoop-ozone/integration-test/target/test-classes/webapps/static,AVAILABLE}
2022-11-10 07:16:02,780 [Listener at 127.0.0.1/32977] INFO  handler.ContextHandler (ContextHandler.java:doStart(921)) - Started o.e.j.w.WebAppContext@1877da1d{ozoneManager,/,file:///home/runner/work/ozone/ozone/hadoop-ozone/integration-test/target/test-classes/webapps/ozoneManager/,AVAILABLE}{file:/home/runner/work/ozone/ozone/hadoop-ozone/integration-test/target/test-classes/webapps/ozoneManager}
2022-11-10 07:16:02,781 [Listener at 127.0.0.1/32977] INFO  server.AbstractConnector (AbstractConnector.java:doStart(333)) - Started ServerConnector@24ceafbe{HTTP/1.1, (http/1.1)}{0.0.0.0:37845}
2022-11-10 07:16:02,781 [Listener at 127.0.0.1/32977] INFO  server.Server (Server.java:doStart(415)) - Started @120261ms
2022-11-10 07:16:02,781 [Listener at 127.0.0.1/32977] WARN  impl.MetricsSystemImpl (MetricsSystemImpl.java:register(279)) - Sink prometheus already exists!
2022-11-10 07:16:02,782 [Listener at 127.0.0.1/32977] INFO  http.BaseHttpServer (BaseHttpServer.java:updateConnectorAddress(333)) - HTTP server of ozoneManager listening at http://0.0.0.0:37845
2022-11-10 07:16:02,782 [IPC Server listener on 0] INFO  ipc.Server (Server.java:run(1352)) - IPC Server listener on 0: starting
2022-11-10 07:16:02,782 [IPC Server Responder] INFO  ipc.Server (Server.java:run(1512)) - IPC Server Responder: starting
2022-11-10 07:16:02,789 [Listener at 127.0.0.1/32977] INFO  om.OzoneManager (OzoneManager.java:startTrashEmptier(1921)) - Trash Interval set to 0. Files deleted won't move to trash
2022-11-10 07:16:02,794 [org.apache.hadoop.util.JvmPauseMonitor$Monitor@1701be39] INFO  util.JvmPauseMonitor (JvmPauseMonitor.java:run(188)) - Starting JVM pause monitor
2022-11-10 07:16:02,812 [Listener at 127.0.0.1/32977] WARN  impl.MetricRegistriesImpl (MetricRegistriesImpl.java:addReporterRegistration(111)) - New reporters are added after registries were created. Some metrics will be missing from the reporter. Please add reporter before adding any new registry.
2022-11-10 07:16:02,812 [Listener at 127.0.0.1/32977] WARN  impl.MetricRegistriesImpl (MetricRegistriesImpl.java:addReporterRegistration(111)) - New reporters are added after registries were created. Some metrics will be missing from the reporter. Please add reporter before adding any new registry.
2022-11-10 07:16:02,812 [Listener at 127.0.0.1/32977] INFO  impl.MetricsSystemImpl (MetricsSystemImpl.java:init(158)) - HddsDatanode metrics system started (again)
2022-11-10 07:16:02,823 [Listener at 127.0.0.1/32977] INFO  ozone.HddsDatanodeService (HddsDatanodeService.java:start(236)) - HddsDatanodeService host:fv-az435-205.hcxxyugg5vdudo0mn2smve0l3g.cx.internal.cloudapp.net ip:10.1.0.59
2022-11-10 07:16:02,843 [Listener at 127.0.0.1/32977] INFO  upgrade.AbstractLayoutVersionManager (AbstractLayoutVersionManager.java:init(83)) - Initializing Layout version manager with metadata layout = DATANODE_SCHEMA_V3 (version = 4), software layout = DATANODE_SCHEMA_V3 (version = 4)
2022-11-10 07:16:02,883 [Listener at 127.0.0.1/32977] INFO  reflections.Reflections (Reflections.java:scan(232)) - Reflections took 39 ms to scan 7 urls, producing 139 keys and 336 values 
2022-11-10 07:16:02,886 [Listener at 127.0.0.1/32977] INFO  statemachine.DatanodeStateMachine (DatanodeStateMachine.java:getEndPointTaskThreadPoolSize(245)) - Datanode State Machine Task Thread Pool size 2
2022-11-10 07:16:02,888 [Listener at 127.0.0.1/32977] INFO  volume.HddsVolume (HddsVolume.java:<init>(117)) - Creating HddsVolume: /home/runner/work/ozone/ozone/hadoop-ozone/integration-test/target/test-dir/MiniOzoneClusterImpl-6c329fba-5d84-49d5-96bd-8530b1407181/datanode-0/data-0/containers/hdds of storage type : DISK capacity : 9223372036854775807
2022-11-10 07:16:02,889 [Listener at 127.0.0.1/32977] INFO  volume.MutableVolumeSet (MutableVolumeSet.java:initializeVolumeSet(174)) - Added Volume : /home/runner/work/ozone/ozone/hadoop-ozone/integration-test/target/test-dir/MiniOzoneClusterImpl-6c329fba-5d84-49d5-96bd-8530b1407181/datanode-0/data-0/containers/hdds to VolumeSet
2022-11-10 07:16:02,889 [Listener at 127.0.0.1/32977] INFO  volume.ThrottledAsyncChecker (ThrottledAsyncChecker.java:schedule(141)) - Scheduling a check for /home/runner/work/ozone/ozone/hadoop-ozone/integration-test/target/test-dir/MiniOzoneClusterImpl-6c329fba-5d84-49d5-96bd-8530b1407181/datanode-0/data-0/containers/hdds
2022-11-10 07:16:02,894 [Listener at 127.0.0.1/32977] INFO  volume.StorageVolumeChecker (StorageVolumeChecker.java:checkAllVolumes(202)) - Scheduled health check for volume /home/runner/work/ozone/ozone/hadoop-ozone/integration-test/target/test-dir/MiniOzoneClusterImpl-6c329fba-5d84-49d5-96bd-8530b1407181/datanode-0/data-0/containers/hdds
2022-11-10 07:16:02,910 [Listener at 127.0.0.1/32977] INFO  volume.MutableVolumeSet (MutableVolumeSet.java:initializeVolumeSet(174)) - Added Volume : /home/runner/work/ozone/ozone/hadoop-ozone/integration-test/target/test-dir/MiniOzoneClusterImpl-6c329fba-5d84-49d5-96bd-8530b1407181/datanode-0/data/ratis to VolumeSet
2022-11-10 07:16:02,910 [Listener at 127.0.0.1/32977] INFO  volume.ThrottledAsyncChecker (ThrottledAsyncChecker.java:schedule(141)) - Scheduling a check for /home/runner/work/ozone/ozone/hadoop-ozone/integration-test/target/test-dir/MiniOzoneClusterImpl-6c329fba-5d84-49d5-96bd-8530b1407181/datanode-0/data/ratis
2022-11-10 07:16:02,911 [Listener at 127.0.0.1/32977] INFO  volume.StorageVolumeChecker (StorageVolumeChecker.java:checkAllVolumes(202)) - Scheduled health check for volume /home/runner/work/ozone/ozone/hadoop-ozone/integration-test/target/test-dir/MiniOzoneClusterImpl-6c329fba-5d84-49d5-96bd-8530b1407181/datanode-0/data/ratis
2022-11-10 07:16:02,922 [Thread-919] INFO  ozoneimpl.ContainerReader (ContainerReader.java:readVolume(175)) - Finish verifying containers on volume /home/runner/work/ozone/ozone/hadoop-ozone/integration-test/target/test-dir/MiniOzoneClusterImpl-6c329fba-5d84-49d5-96bd-8530b1407181/datanode-0/data-0/containers/hdds
2022-11-10 07:16:02,922 [Listener at 127.0.0.1/32977] INFO  ozoneimpl.OzoneContainer (OzoneContainer.java:buildContainerSet(300)) - Build ContainerSet costs 0s
2022-11-10 07:16:02,924 [Listener at 127.0.0.1/32977] INFO  server.RaftServer (ConfUtils.java:logGet(46)) - raft.rpc.type = GRPC (default)
2022-11-10 07:16:02,925 [Listener at 127.0.0.1/32977] INFO  grpc.GrpcConfigKeys (ConfUtils.java:logFallback(53)) - raft.grpc.admin.host = null (fallback to raft.grpc.server.host)
2022-11-10 07:16:02,925 [Listener at 127.0.0.1/32977] INFO  grpc.GrpcConfigKeys (ConfUtils.java:logGet(46)) - raft.grpc.admin.port = 0 (custom)
2022-11-10 07:16:02,925 [Listener at 127.0.0.1/32977] INFO  grpc.GrpcConfigKeys (ConfUtils.java:logFallback(53)) - raft.grpc.client.host = null (fallback to raft.grpc.server.host)
2022-11-10 07:16:02,925 [Listener at 127.0.0.1/32977] INFO  grpc.GrpcConfigKeys (ConfUtils.java:logGet(46)) - raft.grpc.client.port = 0 (custom)
2022-11-10 07:16:02,925 [Listener at 127.0.0.1/32977] INFO  grpc.GrpcConfigKeys (ConfUtils.java:logGet(46)) - raft.grpc.server.host = null (default)
2022-11-10 07:16:02,925 [Listener at 127.0.0.1/32977] INFO  grpc.GrpcConfigKeys (ConfUtils.java:logGet(46)) - raft.grpc.server.port = 0 (default)
2022-11-10 07:16:02,925 [Listener at 127.0.0.1/32977] INFO  server.GrpcService (ConfUtils.java:logGet(46)) - raft.grpc.message.size.max = 32MB (=33554432) (custom)
2022-11-10 07:16:02,925 [Listener at 127.0.0.1/32977] INFO  server.RaftServerConfigKeys (ConfUtils.java:logGet(46)) - raft.server.log.appender.buffer.byte-limit = 33554432 (custom)
2022-11-10 07:16:02,926 [Listener at 127.0.0.1/32977] INFO  server.GrpcService (ConfUtils.java:logGet(46)) - raft.grpc.flow.control.window = 5MB (=5242880) (custom)
2022-11-10 07:16:02,926 [Listener at 127.0.0.1/32977] INFO  server.RaftServerConfigKeys (ConfUtils.java:logGet(46)) - raft.server.rpc.request.timeout = 60s (custom)
2022-11-10 07:16:02,926 [Listener at 127.0.0.1/32977] INFO  grpc.GrpcConfigKeys (ConfUtils.java:logGet(46)) - raft.grpc.server.heartbeat.channel = true (default)
2022-11-10 07:16:02,926 [Listener at 127.0.0.1/32977] INFO  grpc.GrpcConfigKeys (ConfUtils.java:logGet(46)) - raft.grpc.server.async.request.thread.pool.cached = true (default)
2022-11-10 07:16:02,926 [Listener at 127.0.0.1/32977] INFO  grpc.GrpcConfigKeys (ConfUtils.java:logGet(46)) - raft.grpc.server.async.request.thread.pool.size = 32 (default)
2022-11-10 07:16:02,928 [Listener at 127.0.0.1/32977] INFO  impl.DataStreamServerImpl (ConfUtils.java:logGet(46)) - raft.datastream.type = DISABLED (default)
2022-11-10 07:16:02,928 [Listener at 127.0.0.1/32977] INFO  server.RaftServerConfigKeys (ConfUtils.java:logGet(46)) - raft.server.threadpool.proxy.cached = true (default)
2022-11-10 07:16:02,929 [Listener at 127.0.0.1/32977] INFO  server.RaftServerConfigKeys (ConfUtils.java:logGet(46)) - raft.server.threadpool.proxy.size = 0 (default)
2022-11-10 07:16:02,929 [Listener at 127.0.0.1/32977] INFO  server.RaftServerConfigKeys (ConfUtils.java:logGet(46)) - raft.server.rpc.slowness.timeout = 300s (custom)
2022-11-10 07:16:02,929 [Listener at 127.0.0.1/32977] INFO  server.RaftServerConfigKeys (ConfUtils.java:logGet(46)) - raft.server.leaderelection.leader.step-down.wait-time = 10s (default)
2022-11-10 07:16:02,929 [Listener at 127.0.0.1/32977] INFO  server.RaftServerConfigKeys (ConfUtils.java:logGet(46)) - raft.server.storage.dir = [/home/runner/work/ozone/ozone/hadoop-ozone/integration-test/target/test-dir/MiniOzoneClusterImpl-6c329fba-5d84-49d5-96bd-8530b1407181/datanode-0/data/ratis] (custom)
2022-11-10 07:16:02,931 [Listener at 127.0.0.1/32977] INFO  server.XceiverServerGrpc (XceiverServerGrpc.java:<init>(132)) - GrpcServer channel type EpollServerSocketChannel
2022-11-10 07:16:02,934 [Listener at 127.0.0.1/32977] INFO  http.BaseHttpServer (BaseHttpServer.java:newHttpServer2BuilderForOzone(213)) - Starting Web-server for hddsDatanode at: http://0.0.0.0:0
2022-11-10 07:16:02,935 [Listener at 127.0.0.1/32977] INFO  http.BaseHttpServer (BaseHttpServer.java:<init>(108)) - Hadoop Security Enabled: false Ozone Security Enabled: false Ozone HTTP Security Enabled: false 
2022-11-10 07:16:02,936 [Listener at 127.0.0.1/32977] WARN  server.AuthenticationFilter (AuthenticationFilter.java:constructSecretProvider(240)) - Unable to initialize FileSignerSecretProvider, falling back to use random secrets. Reason: Could not read signature secret file: /home/runner/hadoop-http-auth-signature-secret
2022-11-10 07:16:02,937 [Listener at 127.0.0.1/32977] WARN  http.HttpRequestLog (HttpRequestLog.java:getRequestLog(103)) - Jetty request log can only be enabled using Log4j
2022-11-10 07:16:02,938 [Listener at 127.0.0.1/32977] INFO  http.HttpServer2 (HttpServer2.java:addGlobalFilter(1031)) - Added global filter 'safety' (class=org.apache.hadoop.hdds.server.http.HttpServer2$QuotingInputFilter)
2022-11-10 07:16:02,939 [Listener at 127.0.0.1/32977] INFO  http.HttpServer2 (HttpServer2.java:addFilter(1007)) - Added filter static_user_filter (class=org.apache.hadoop.http.lib.StaticUserWebFilter$StaticUserFilter) to context hddsDatanode
2022-11-10 07:16:02,939 [Listener at 127.0.0.1/32977] INFO  http.HttpServer2 (HttpServer2.java:addFilter(1015)) - Added filter static_user_filter (class=org.apache.hadoop.http.lib.StaticUserWebFilter$StaticUserFilter) to context logs
2022-11-10 07:16:02,939 [Listener at 127.0.0.1/32977] INFO  http.HttpServer2 (HttpServer2.java:addFilter(1015)) - Added filter static_user_filter (class=org.apache.hadoop.http.lib.StaticUserWebFilter$StaticUserFilter) to context static
2022-11-10 07:16:02,939 [Listener at 127.0.0.1/32977] INFO  http.HttpServer2 (HttpServer2.java:bindListener(1250)) - Jetty bound to port 42979
2022-11-10 07:16:02,940 [Listener at 127.0.0.1/32977] INFO  server.Server (Server.java:doStart(375)) - jetty-9.4.49.v20220914; built: 2022-09-14T01:07:36.601Z; git: 4231a3b2e4cb8548a412a789936d640a97b1aa0a; jvm 1.8.0_345-b01
2022-11-10 07:16:02,967 [Listener at 127.0.0.1/32977] INFO  server.session (DefaultSessionIdManager.java:doStart(334)) - DefaultSessionIdManager workerName=node0
2022-11-10 07:16:02,967 [Listener at 127.0.0.1/32977] INFO  server.session (DefaultSessionIdManager.java:doStart(339)) - No SessionScavenger set, using defaults
2022-11-10 07:16:02,968 [Listener at 127.0.0.1/32977] INFO  server.session (HouseKeeper.java:startScavenging(132)) - node0 Scavenging every 600000ms
2022-11-10 07:16:02,973 [Listener at 127.0.0.1/32977] INFO  handler.ContextHandler (ContextHandler.java:doStart(921)) - Started o.e.j.s.ServletContextHandler@676d03bf{logs,/logs,file:///home/runner/work/ozone/ozone/hadoop-ozone/integration-test/target/log,AVAILABLE}
2022-11-10 07:16:02,973 [Listener at 127.0.0.1/32977] INFO  handler.ContextHandler (ContextHandler.java:doStart(921)) - Started o.e.j.s.ServletContextHandler@e831c41{static,/static,jar:file:/home/runner/.m2/repository/org/apache/ozone/hdds-container-service/1.3.0-SNAPSHOT/hdds-container-service-1.3.0-SNAPSHOT.jar!/webapps/static,AVAILABLE}
2022-11-10 07:16:03,138 [Listener at 127.0.0.1/32977] INFO  handler.ContextHandler (ContextHandler.java:doStart(921)) - Started o.e.j.w.WebAppContext@14d953ce{hddsDatanode,/,file:///tmp/jetty-0_0_0_0-42979-hdds-container-service-1_3_0-SNAPSHOT_jar-_-any-8363586327036611842/webapp/,AVAILABLE}{jar:file:/home/runner/.m2/repository/org/apache/ozone/hdds-container-service/1.3.0-SNAPSHOT/hdds-container-service-1.3.0-SNAPSHOT.jar!/webapps/hddsDatanode}
2022-11-10 07:16:03,140 [Listener at 127.0.0.1/32977] INFO  server.AbstractConnector (AbstractConnector.java:doStart(333)) - Started ServerConnector@4705bd7a{HTTP/1.1, (http/1.1)}{0.0.0.0:42979}
2022-11-10 07:16:03,140 [Listener at 127.0.0.1/32977] INFO  server.Server (Server.java:doStart(415)) - Started @120620ms
2022-11-10 07:16:03,140 [Listener at 127.0.0.1/32977] WARN  impl.MetricsSystemImpl (MetricsSystemImpl.java:register(279)) - Sink prometheus already exists!
2022-11-10 07:16:03,141 [Listener at 127.0.0.1/32977] INFO  http.BaseHttpServer (BaseHttpServer.java:updateConnectorAddress(333)) - HTTP server of hddsDatanode listening at http://0.0.0.0:42979
2022-11-10 07:16:03,141 [Datanode State Machine Daemon Thread] INFO  statemachine.DatanodeStateMachine (DatanodeStateMachine.java:lambda$startDaemon$0(505)) - Ozone container server started.
2022-11-10 07:16:03,144 [Listener at 127.0.0.1/32977] WARN  impl.MetricRegistriesImpl (MetricRegistriesImpl.java:addReporterRegistration(111)) - New reporters are added after registries were created. Some metrics will be missing from the reporter. Please add reporter before adding any new registry.
2022-11-10 07:16:03,144 [Listener at 127.0.0.1/32977] WARN  impl.MetricRegistriesImpl (MetricRegistriesImpl.java:addReporterRegistration(111)) - New reporters are added after registries were created. Some metrics will be missing from the reporter. Please add reporter before adding any new registry.
2022-11-10 07:16:03,144 [Listener at 127.0.0.1/32977] INFO  impl.MetricsSystemImpl (MetricsSystemImpl.java:init(158)) - HddsDatanode metrics system started (again)
2022-11-10 07:16:03,151 [org.apache.hadoop.util.JvmPauseMonitor$Monitor@28b6857b] INFO  util.JvmPauseMonitor (JvmPauseMonitor.java:run(188)) - Starting JVM pause monitor
2022-11-10 07:16:03,158 [Listener at 127.0.0.1/32977] INFO  ozone.HddsDatanodeService (HddsDatanodeService.java:start(236)) - HddsDatanodeService host:fv-az435-205.hcxxyugg5vdudo0mn2smve0l3g.cx.internal.cloudapp.net ip:10.1.0.59
2022-11-10 07:16:03,160 [Datanode State Machine Task Thread - 0] INFO  datanode.InitDatanodeState (InitDatanodeState.java:persistContainerDatanodeDetails(138)) - DatanodeDetails is persisted to /home/runner/work/ozone/ozone/hadoop-ozone/integration-test/target/test-dir/MiniOzoneClusterImpl-6c329fba-5d84-49d5-96bd-8530b1407181/datanode-0/meta/datanode.id
2022-11-10 07:16:03,177 [Listener at 127.0.0.1/32977] INFO  upgrade.AbstractLayoutVersionManager (AbstractLayoutVersionManager.java:init(83)) - Initializing Layout version manager with metadata layout = DATANODE_SCHEMA_V3 (version = 4), software layout = DATANODE_SCHEMA_V3 (version = 4)
2022-11-10 07:16:03,217 [Listener at 127.0.0.1/32977] INFO  reflections.Reflections (Reflections.java:scan(232)) - Reflections took 39 ms to scan 7 urls, producing 139 keys and 336 values 
2022-11-10 07:16:03,219 [Listener at 127.0.0.1/32977] INFO  statemachine.DatanodeStateMachine (DatanodeStateMachine.java:getEndPointTaskThreadPoolSize(245)) - Datanode State Machine Task Thread Pool size 2
2022-11-10 07:16:03,220 [Listener at 127.0.0.1/32977] INFO  volume.HddsVolume (HddsVolume.java:<init>(117)) - Creating HddsVolume: /home/runner/work/ozone/ozone/hadoop-ozone/integration-test/target/test-dir/MiniOzoneClusterImpl-6c329fba-5d84-49d5-96bd-8530b1407181/datanode-1/data-0/containers/hdds of storage type : DISK capacity : 9223372036854775807
2022-11-10 07:16:03,220 [Listener at 127.0.0.1/32977] INFO  volume.MutableVolumeSet (MutableVolumeSet.java:initializeVolumeSet(174)) - Added Volume : /home/runner/work/ozone/ozone/hadoop-ozone/integration-test/target/test-dir/MiniOzoneClusterImpl-6c329fba-5d84-49d5-96bd-8530b1407181/datanode-1/data-0/containers/hdds to VolumeSet
2022-11-10 07:16:03,221 [Listener at 127.0.0.1/32977] INFO  volume.ThrottledAsyncChecker (ThrottledAsyncChecker.java:schedule(141)) - Scheduling a check for /home/runner/work/ozone/ozone/hadoop-ozone/integration-test/target/test-dir/MiniOzoneClusterImpl-6c329fba-5d84-49d5-96bd-8530b1407181/datanode-1/data-0/containers/hdds
2022-11-10 07:16:03,227 [Listener at 127.0.0.1/32977] INFO  volume.StorageVolumeChecker (StorageVolumeChecker.java:checkAllVolumes(202)) - Scheduled health check for volume /home/runner/work/ozone/ozone/hadoop-ozone/integration-test/target/test-dir/MiniOzoneClusterImpl-6c329fba-5d84-49d5-96bd-8530b1407181/datanode-1/data-0/containers/hdds
2022-11-10 07:16:03,238 [Listener at 127.0.0.1/32977] INFO  volume.MutableVolumeSet (MutableVolumeSet.java:initializeVolumeSet(174)) - Added Volume : /home/runner/work/ozone/ozone/hadoop-ozone/integration-test/target/test-dir/MiniOzoneClusterImpl-6c329fba-5d84-49d5-96bd-8530b1407181/datanode-1/data/ratis to VolumeSet
2022-11-10 07:16:03,238 [Listener at 127.0.0.1/32977] INFO  volume.ThrottledAsyncChecker (ThrottledAsyncChecker.java:schedule(141)) - Scheduling a check for /home/runner/work/ozone/ozone/hadoop-ozone/integration-test/target/test-dir/MiniOzoneClusterImpl-6c329fba-5d84-49d5-96bd-8530b1407181/datanode-1/data/ratis
2022-11-10 07:16:03,238 [Listener at 127.0.0.1/32977] INFO  volume.StorageVolumeChecker (StorageVolumeChecker.java:checkAllVolumes(202)) - Scheduled health check for volume /home/runner/work/ozone/ozone/hadoop-ozone/integration-test/target/test-dir/MiniOzoneClusterImpl-6c329fba-5d84-49d5-96bd-8530b1407181/datanode-1/data/ratis
2022-11-10 07:16:03,248 [Thread-932] INFO  ozoneimpl.ContainerReader (ContainerReader.java:readVolume(175)) - Finish verifying containers on volume /home/runner/work/ozone/ozone/hadoop-ozone/integration-test/target/test-dir/MiniOzoneClusterImpl-6c329fba-5d84-49d5-96bd-8530b1407181/datanode-1/data-0/containers/hdds
2022-11-10 07:16:03,248 [Listener at 127.0.0.1/32977] INFO  ozoneimpl.OzoneContainer (OzoneContainer.java:buildContainerSet(300)) - Build ContainerSet costs 0s
2022-11-10 07:16:03,250 [Listener at 127.0.0.1/32977] INFO  server.RaftServer (ConfUtils.java:logGet(46)) - raft.rpc.type = GRPC (default)
2022-11-10 07:16:03,250 [Listener at 127.0.0.1/32977] INFO  grpc.GrpcConfigKeys (ConfUtils.java:logFallback(53)) - raft.grpc.admin.host = null (fallback to raft.grpc.server.host)
2022-11-10 07:16:03,250 [Listener at 127.0.0.1/32977] INFO  grpc.GrpcConfigKeys (ConfUtils.java:logGet(46)) - raft.grpc.admin.port = 0 (custom)
2022-11-10 07:16:03,251 [Listener at 127.0.0.1/32977] INFO  grpc.GrpcConfigKeys (ConfUtils.java:logFallback(53)) - raft.grpc.client.host = null (fallback to raft.grpc.server.host)
2022-11-10 07:16:03,251 [Listener at 127.0.0.1/32977] INFO  grpc.GrpcConfigKeys (ConfUtils.java:logGet(46)) - raft.grpc.client.port = 0 (custom)
2022-11-10 07:16:03,251 [Listener at 127.0.0.1/32977] INFO  grpc.GrpcConfigKeys (ConfUtils.java:logGet(46)) - raft.grpc.server.host = null (default)
2022-11-10 07:16:03,251 [Listener at 127.0.0.1/32977] INFO  grpc.GrpcConfigKeys (ConfUtils.java:logGet(46)) - raft.grpc.server.port = 0 (default)
2022-11-10 07:16:03,251 [Listener at 127.0.0.1/32977] INFO  server.GrpcService (ConfUtils.java:logGet(46)) - raft.grpc.message.size.max = 32MB (=33554432) (custom)
2022-11-10 07:16:03,251 [Listener at 127.0.0.1/32977] INFO  server.RaftServerConfigKeys (ConfUtils.java:logGet(46)) - raft.server.log.appender.buffer.byte-limit = 33554432 (custom)
2022-11-10 07:16:03,251 [Listener at 127.0.0.1/32977] INFO  server.GrpcService (ConfUtils.java:logGet(46)) - raft.grpc.flow.control.window = 5MB (=5242880) (custom)
2022-11-10 07:16:03,251 [Listener at 127.0.0.1/32977] INFO  server.RaftServerConfigKeys (ConfUtils.java:logGet(46)) - raft.server.rpc.request.timeout = 60s (custom)
2022-11-10 07:16:03,252 [Listener at 127.0.0.1/32977] INFO  grpc.GrpcConfigKeys (ConfUtils.java:logGet(46)) - raft.grpc.server.heartbeat.channel = true (default)
2022-11-10 07:16:03,252 [Listener at 127.0.0.1/32977] INFO  grpc.GrpcConfigKeys (ConfUtils.java:logGet(46)) - raft.grpc.server.async.request.thread.pool.cached = true (default)
2022-11-10 07:16:03,252 [Listener at 127.0.0.1/32977] INFO  grpc.GrpcConfigKeys (ConfUtils.java:logGet(46)) - raft.grpc.server.async.request.thread.pool.size = 32 (default)
2022-11-10 07:16:03,253 [Listener at 127.0.0.1/32977] INFO  impl.DataStreamServerImpl (ConfUtils.java:logGet(46)) - raft.datastream.type = DISABLED (default)
2022-11-10 07:16:03,253 [Listener at 127.0.0.1/32977] INFO  server.RaftServerConfigKeys (ConfUtils.java:logGet(46)) - raft.server.threadpool.proxy.cached = true (default)
2022-11-10 07:16:03,253 [Listener at 127.0.0.1/32977] INFO  server.RaftServerConfigKeys (ConfUtils.java:logGet(46)) - raft.server.threadpool.proxy.size = 0 (default)
2022-11-10 07:16:03,253 [Listener at 127.0.0.1/32977] INFO  server.RaftServerConfigKeys (ConfUtils.java:logGet(46)) - raft.server.rpc.slowness.timeout = 300s (custom)
2022-11-10 07:16:03,253 [Listener at 127.0.0.1/32977] INFO  server.RaftServerConfigKeys (ConfUtils.java:logGet(46)) - raft.server.leaderelection.leader.step-down.wait-time = 10s (default)
2022-11-10 07:16:03,254 [Listener at 127.0.0.1/32977] INFO  server.RaftServerConfigKeys (ConfUtils.java:logGet(46)) - raft.server.storage.dir = [/home/runner/work/ozone/ozone/hadoop-ozone/integration-test/target/test-dir/MiniOzoneClusterImpl-6c329fba-5d84-49d5-96bd-8530b1407181/datanode-1/data/ratis] (custom)
2022-11-10 07:16:03,256 [Listener at 127.0.0.1/32977] INFO  server.XceiverServerGrpc (XceiverServerGrpc.java:<init>(132)) - GrpcServer channel type EpollServerSocketChannel
2022-11-10 07:16:03,260 [Listener at 127.0.0.1/32977] INFO  http.BaseHttpServer (BaseHttpServer.java:newHttpServer2BuilderForOzone(213)) - Starting Web-server for hddsDatanode at: http://0.0.0.0:0
2022-11-10 07:16:03,260 [Listener at 127.0.0.1/32977] INFO  http.BaseHttpServer (BaseHttpServer.java:<init>(108)) - Hadoop Security Enabled: false Ozone Security Enabled: false Ozone HTTP Security Enabled: false 
2022-11-10 07:16:03,261 [Listener at 127.0.0.1/32977] WARN  server.AuthenticationFilter (AuthenticationFilter.java:constructSecretProvider(240)) - Unable to initialize FileSignerSecretProvider, falling back to use random secrets. Reason: Could not read signature secret file: /home/runner/hadoop-http-auth-signature-secret
2022-11-10 07:16:03,267 [Listener at 127.0.0.1/32977] WARN  http.HttpRequestLog (HttpRequestLog.java:getRequestLog(103)) - Jetty request log can only be enabled using Log4j
2022-11-10 07:16:03,268 [Listener at 127.0.0.1/32977] INFO  http.HttpServer2 (HttpServer2.java:addGlobalFilter(1031)) - Added global filter 'safety' (class=org.apache.hadoop.hdds.server.http.HttpServer2$QuotingInputFilter)
2022-11-10 07:16:03,269 [Listener at 127.0.0.1/32977] INFO  http.HttpServer2 (HttpServer2.java:addFilter(1007)) - Added filter static_user_filter (class=org.apache.hadoop.http.lib.StaticUserWebFilter$StaticUserFilter) to context hddsDatanode
2022-11-10 07:16:03,269 [Listener at 127.0.0.1/32977] INFO  http.HttpServer2 (HttpServer2.java:addFilter(1015)) - Added filter static_user_filter (class=org.apache.hadoop.http.lib.StaticUserWebFilter$StaticUserFilter) to context static
2022-11-10 07:16:03,269 [Listener at 127.0.0.1/32977] INFO  http.HttpServer2 (HttpServer2.java:addFilter(1015)) - Added filter static_user_filter (class=org.apache.hadoop.http.lib.StaticUserWebFilter$StaticUserFilter) to context logs
2022-11-10 07:16:03,270 [Listener at 127.0.0.1/32977] INFO  http.HttpServer2 (HttpServer2.java:bindListener(1250)) - Jetty bound to port 40507
2022-11-10 07:16:03,270 [Listener at 127.0.0.1/32977] INFO  server.Server (Server.java:doStart(375)) - jetty-9.4.49.v20220914; built: 2022-09-14T01:07:36.601Z; git: 4231a3b2e4cb8548a412a789936d640a97b1aa0a; jvm 1.8.0_345-b01
2022-11-10 07:16:03,299 [Listener at 127.0.0.1/32977] INFO  server.session (DefaultSessionIdManager.java:doStart(334)) - DefaultSessionIdManager workerName=node0
2022-11-10 07:16:03,299 [Listener at 127.0.0.1/32977] INFO  server.session (DefaultSessionIdManager.java:doStart(339)) - No SessionScavenger set, using defaults
2022-11-10 07:16:03,300 [Listener at 127.0.0.1/32977] INFO  server.session (HouseKeeper.java:startScavenging(132)) - node0 Scavenging every 660000ms
2022-11-10 07:16:03,302 [Listener at 127.0.0.1/32977] INFO  handler.ContextHandler (ContextHandler.java:doStart(921)) - Started o.e.j.s.ServletContextHandler@7fd4314b{logs,/logs,file:///home/runner/work/ozone/ozone/hadoop-ozone/integration-test/target/log,AVAILABLE}
2022-11-10 07:16:03,303 [Listener at 127.0.0.1/32977] INFO  handler.ContextHandler (ContextHandler.java:doStart(921)) - Started o.e.j.s.ServletContextHandler@751bb6ff{static,/static,jar:file:/home/runner/.m2/repository/org/apache/ozone/hdds-container-service/1.3.0-SNAPSHOT/hdds-container-service-1.3.0-SNAPSHOT.jar!/webapps/static,AVAILABLE}
2022-11-10 07:16:03,468 [Listener at 127.0.0.1/32977] INFO  handler.ContextHandler (ContextHandler.java:doStart(921)) - Started o.e.j.w.WebAppContext@6571c5ed{hddsDatanode,/,file:///tmp/jetty-0_0_0_0-40507-hdds-container-service-1_3_0-SNAPSHOT_jar-_-any-8099135392384226418/webapp/,AVAILABLE}{jar:file:/home/runner/.m2/repository/org/apache/ozone/hdds-container-service/1.3.0-SNAPSHOT/hdds-container-service-1.3.0-SNAPSHOT.jar!/webapps/hddsDatanode}
2022-11-10 07:16:03,469 [Listener at 127.0.0.1/32977] INFO  server.AbstractConnector (AbstractConnector.java:doStart(333)) - Started ServerConnector@2394231f{HTTP/1.1, (http/1.1)}{0.0.0.0:40507}
2022-11-10 07:16:03,470 [Listener at 127.0.0.1/32977] INFO  server.Server (Server.java:doStart(415)) - Started @120949ms
2022-11-10 07:16:03,470 [Listener at 127.0.0.1/32977] WARN  impl.MetricsSystemImpl (MetricsSystemImpl.java:register(279)) - Sink prometheus already exists!
2022-11-10 07:16:03,470 [Listener at 127.0.0.1/32977] INFO  http.BaseHttpServer (BaseHttpServer.java:updateConnectorAddress(333)) - HTTP server of hddsDatanode listening at http://0.0.0.0:40507
2022-11-10 07:16:03,471 [Datanode State Machine Daemon Thread] INFO  statemachine.DatanodeStateMachine (DatanodeStateMachine.java:lambda$startDaemon$0(505)) - Ozone container server started.
2022-11-10 07:16:03,471 [Listener at 127.0.0.1/32977] WARN  impl.MetricRegistriesImpl (MetricRegistriesImpl.java:addReporterRegistration(111)) - New reporters are added after registries were created. Some metrics will be missing from the reporter. Please add reporter before adding any new registry.
2022-11-10 07:16:03,472 [Listener at 127.0.0.1/32977] WARN  impl.MetricRegistriesImpl (MetricRegistriesImpl.java:addReporterRegistration(111)) - New reporters are added after registries were created. Some metrics will be missing from the reporter. Please add reporter before adding any new registry.
2022-11-10 07:16:03,472 [Listener at 127.0.0.1/32977] INFO  impl.MetricsSystemImpl (MetricsSystemImpl.java:init(158)) - HddsDatanode metrics system started (again)
2022-11-10 07:16:03,482 [Listener at 127.0.0.1/32977] INFO  ozone.HddsDatanodeService (HddsDatanodeService.java:start(236)) - HddsDatanodeService host:fv-az435-205.hcxxyugg5vdudo0mn2smve0l3g.cx.internal.cloudapp.net ip:10.1.0.59
2022-11-10 07:16:03,483 [org.apache.hadoop.util.JvmPauseMonitor$Monitor@497c7724] INFO  util.JvmPauseMonitor (JvmPauseMonitor.java:run(188)) - Starting JVM pause monitor
2022-11-10 07:16:03,486 [Datanode State Machine Task Thread - 0] INFO  datanode.InitDatanodeState (InitDatanodeState.java:persistContainerDatanodeDetails(138)) - DatanodeDetails is persisted to /home/runner/work/ozone/ozone/hadoop-ozone/integration-test/target/test-dir/MiniOzoneClusterImpl-6c329fba-5d84-49d5-96bd-8530b1407181/datanode-1/meta/datanode.id
2022-11-10 07:16:03,515 [Listener at 127.0.0.1/32977] INFO  upgrade.AbstractLayoutVersionManager (AbstractLayoutVersionManager.java:init(83)) - Initializing Layout version manager with metadata layout = DATANODE_SCHEMA_V3 (version = 4), software layout = DATANODE_SCHEMA_V3 (version = 4)
2022-11-10 07:16:03,555 [Listener at 127.0.0.1/32977] INFO  reflections.Reflections (Reflections.java:scan(232)) - Reflections took 39 ms to scan 7 urls, producing 139 keys and 336 values 
2022-11-10 07:16:03,556 [Listener at 127.0.0.1/32977] INFO  statemachine.DatanodeStateMachine (DatanodeStateMachine.java:getEndPointTaskThreadPoolSize(245)) - Datanode State Machine Task Thread Pool size 2
2022-11-10 07:16:03,558 [Listener at 127.0.0.1/32977] INFO  volume.HddsVolume (HddsVolume.java:<init>(117)) - Creating HddsVolume: /home/runner/work/ozone/ozone/hadoop-ozone/integration-test/target/test-dir/MiniOzoneClusterImpl-6c329fba-5d84-49d5-96bd-8530b1407181/datanode-2/data-0/containers/hdds of storage type : DISK capacity : 9223372036854775807
2022-11-10 07:16:03,558 [Listener at 127.0.0.1/32977] INFO  volume.MutableVolumeSet (MutableVolumeSet.java:initializeVolumeSet(174)) - Added Volume : /home/runner/work/ozone/ozone/hadoop-ozone/integration-test/target/test-dir/MiniOzoneClusterImpl-6c329fba-5d84-49d5-96bd-8530b1407181/datanode-2/data-0/containers/hdds to VolumeSet
2022-11-10 07:16:03,558 [Listener at 127.0.0.1/32977] INFO  volume.ThrottledAsyncChecker (ThrottledAsyncChecker.java:schedule(141)) - Scheduling a check for /home/runner/work/ozone/ozone/hadoop-ozone/integration-test/target/test-dir/MiniOzoneClusterImpl-6c329fba-5d84-49d5-96bd-8530b1407181/datanode-2/data-0/containers/hdds
2022-11-10 07:16:03,558 [Listener at 127.0.0.1/32977] INFO  volume.StorageVolumeChecker (StorageVolumeChecker.java:checkAllVolumes(202)) - Scheduled health check for volume /home/runner/work/ozone/ozone/hadoop-ozone/integration-test/target/test-dir/MiniOzoneClusterImpl-6c329fba-5d84-49d5-96bd-8530b1407181/datanode-2/data-0/containers/hdds
2022-11-10 07:16:03,569 [Listener at 127.0.0.1/32977] INFO  volume.MutableVolumeSet (MutableVolumeSet.java:initializeVolumeSet(174)) - Added Volume : /home/runner/work/ozone/ozone/hadoop-ozone/integration-test/target/test-dir/MiniOzoneClusterImpl-6c329fba-5d84-49d5-96bd-8530b1407181/datanode-2/data/ratis to VolumeSet
2022-11-10 07:16:03,569 [Listener at 127.0.0.1/32977] INFO  volume.ThrottledAsyncChecker (ThrottledAsyncChecker.java:schedule(141)) - Scheduling a check for /home/runner/work/ozone/ozone/hadoop-ozone/integration-test/target/test-dir/MiniOzoneClusterImpl-6c329fba-5d84-49d5-96bd-8530b1407181/datanode-2/data/ratis
2022-11-10 07:16:03,569 [Listener at 127.0.0.1/32977] INFO  volume.StorageVolumeChecker (StorageVolumeChecker.java:checkAllVolumes(202)) - Scheduled health check for volume /home/runner/work/ozone/ozone/hadoop-ozone/integration-test/target/test-dir/MiniOzoneClusterImpl-6c329fba-5d84-49d5-96bd-8530b1407181/datanode-2/data/ratis
2022-11-10 07:16:03,580 [Thread-945] INFO  ozoneimpl.ContainerReader (ContainerReader.java:readVolume(175)) - Finish verifying containers on volume /home/runner/work/ozone/ozone/hadoop-ozone/integration-test/target/test-dir/MiniOzoneClusterImpl-6c329fba-5d84-49d5-96bd-8530b1407181/datanode-2/data-0/containers/hdds
2022-11-10 07:16:03,580 [Listener at 127.0.0.1/32977] INFO  ozoneimpl.OzoneContainer (OzoneContainer.java:buildContainerSet(300)) - Build ContainerSet costs 0s
2022-11-10 07:16:03,582 [Listener at 127.0.0.1/32977] INFO  server.RaftServer (ConfUtils.java:logGet(46)) - raft.rpc.type = GRPC (default)
2022-11-10 07:16:03,582 [Listener at 127.0.0.1/32977] INFO  grpc.GrpcConfigKeys (ConfUtils.java:logFallback(53)) - raft.grpc.admin.host = null (fallback to raft.grpc.server.host)
2022-11-10 07:16:03,582 [Listener at 127.0.0.1/32977] INFO  grpc.GrpcConfigKeys (ConfUtils.java:logGet(46)) - raft.grpc.admin.port = 0 (custom)
2022-11-10 07:16:03,582 [Listener at 127.0.0.1/32977] INFO  grpc.GrpcConfigKeys (ConfUtils.java:logFallback(53)) - raft.grpc.client.host = null (fallback to raft.grpc.server.host)
2022-11-10 07:16:03,582 [Listener at 127.0.0.1/32977] INFO  grpc.GrpcConfigKeys (ConfUtils.java:logGet(46)) - raft.grpc.client.port = 0 (custom)
2022-11-10 07:16:03,582 [Listener at 127.0.0.1/32977] INFO  grpc.GrpcConfigKeys (ConfUtils.java:logGet(46)) - raft.grpc.server.host = null (default)
2022-11-10 07:16:03,583 [Listener at 127.0.0.1/32977] INFO  grpc.GrpcConfigKeys (ConfUtils.java:logGet(46)) - raft.grpc.server.port = 0 (default)
2022-11-10 07:16:03,583 [Listener at 127.0.0.1/32977] INFO  server.GrpcService (ConfUtils.java:logGet(46)) - raft.grpc.message.size.max = 32MB (=33554432) (custom)
2022-11-10 07:16:03,583 [Listener at 127.0.0.1/32977] INFO  server.RaftServerConfigKeys (ConfUtils.java:logGet(46)) - raft.server.log.appender.buffer.byte-limit = 33554432 (custom)
2022-11-10 07:16:03,583 [Listener at 127.0.0.1/32977] INFO  server.GrpcService (ConfUtils.java:logGet(46)) - raft.grpc.flow.control.window = 5MB (=5242880) (custom)
2022-11-10 07:16:03,583 [Listener at 127.0.0.1/32977] INFO  server.RaftServerConfigKeys (ConfUtils.java:logGet(46)) - raft.server.rpc.request.timeout = 60s (custom)
2022-11-10 07:16:03,583 [Listener at 127.0.0.1/32977] INFO  grpc.GrpcConfigKeys (ConfUtils.java:logGet(46)) - raft.grpc.server.heartbeat.channel = true (default)
2022-11-10 07:16:03,583 [Listener at 127.0.0.1/32977] INFO  grpc.GrpcConfigKeys (ConfUtils.java:logGet(46)) - raft.grpc.server.async.request.thread.pool.cached = true (default)
2022-11-10 07:16:03,583 [Listener at 127.0.0.1/32977] INFO  grpc.GrpcConfigKeys (ConfUtils.java:logGet(46)) - raft.grpc.server.async.request.thread.pool.size = 32 (default)
2022-11-10 07:16:03,584 [Listener at 127.0.0.1/32977] INFO  impl.DataStreamServerImpl (ConfUtils.java:logGet(46)) - raft.datastream.type = DISABLED (default)
2022-11-10 07:16:03,585 [Listener at 127.0.0.1/32977] INFO  server.RaftServerConfigKeys (ConfUtils.java:logGet(46)) - raft.server.threadpool.proxy.cached = true (default)
2022-11-10 07:16:03,585 [Listener at 127.0.0.1/32977] INFO  server.RaftServerConfigKeys (ConfUtils.java:logGet(46)) - raft.server.threadpool.proxy.size = 0 (default)
2022-11-10 07:16:03,585 [Listener at 127.0.0.1/32977] INFO  server.RaftServerConfigKeys (ConfUtils.java:logGet(46)) - raft.server.rpc.slowness.timeout = 300s (custom)
2022-11-10 07:16:03,585 [Listener at 127.0.0.1/32977] INFO  server.RaftServerConfigKeys (ConfUtils.java:logGet(46)) - raft.server.leaderelection.leader.step-down.wait-time = 10s (default)
2022-11-10 07:16:03,585 [Listener at 127.0.0.1/32977] INFO  server.RaftServerConfigKeys (ConfUtils.java:logGet(46)) - raft.server.storage.dir = [/home/runner/work/ozone/ozone/hadoop-ozone/integration-test/target/test-dir/MiniOzoneClusterImpl-6c329fba-5d84-49d5-96bd-8530b1407181/datanode-2/data/ratis] (custom)
2022-11-10 07:16:03,587 [Listener at 127.0.0.1/32977] INFO  server.XceiverServerGrpc (XceiverServerGrpc.java:<init>(132)) - GrpcServer channel type EpollServerSocketChannel
2022-11-10 07:16:03,589 [Listener at 127.0.0.1/32977] INFO  http.BaseHttpServer (BaseHttpServer.java:newHttpServer2BuilderForOzone(213)) - Starting Web-server for hddsDatanode at: http://0.0.0.0:0
2022-11-10 07:16:03,589 [Listener at 127.0.0.1/32977] INFO  http.BaseHttpServer (BaseHttpServer.java:<init>(108)) - Hadoop Security Enabled: false Ozone Security Enabled: false Ozone HTTP Security Enabled: false 
2022-11-10 07:16:03,592 [Listener at 127.0.0.1/32977] WARN  server.AuthenticationFilter (AuthenticationFilter.java:constructSecretProvider(240)) - Unable to initialize FileSignerSecretProvider, falling back to use random secrets. Reason: Could not read signature secret file: /home/runner/hadoop-http-auth-signature-secret
2022-11-10 07:16:03,592 [Listener at 127.0.0.1/32977] WARN  http.HttpRequestLog (HttpRequestLog.java:getRequestLog(103)) - Jetty request log can only be enabled using Log4j
2022-11-10 07:16:03,594 [Listener at 127.0.0.1/32977] INFO  http.HttpServer2 (HttpServer2.java:addGlobalFilter(1031)) - Added global filter 'safety' (class=org.apache.hadoop.hdds.server.http.HttpServer2$QuotingInputFilter)
2022-11-10 07:16:03,594 [Listener at 127.0.0.1/32977] INFO  http.HttpServer2 (HttpServer2.java:addFilter(1007)) - Added filter static_user_filter (class=org.apache.hadoop.http.lib.StaticUserWebFilter$StaticUserFilter) to context hddsDatanode
2022-11-10 07:16:03,594 [Listener at 127.0.0.1/32977] INFO  http.HttpServer2 (HttpServer2.java:addFilter(1015)) - Added filter static_user_filter (class=org.apache.hadoop.http.lib.StaticUserWebFilter$StaticUserFilter) to context logs
2022-11-10 07:16:03,594 [Listener at 127.0.0.1/32977] INFO  http.HttpServer2 (HttpServer2.java:addFilter(1015)) - Added filter static_user_filter (class=org.apache.hadoop.http.lib.StaticUserWebFilter$StaticUserFilter) to context static
2022-11-10 07:16:03,596 [Listener at 127.0.0.1/32977] INFO  http.HttpServer2 (HttpServer2.java:bindListener(1250)) - Jetty bound to port 38743
2022-11-10 07:16:03,596 [Listener at 127.0.0.1/32977] INFO  server.Server (Server.java:doStart(375)) - jetty-9.4.49.v20220914; built: 2022-09-14T01:07:36.601Z; git: 4231a3b2e4cb8548a412a789936d640a97b1aa0a; jvm 1.8.0_345-b01
2022-11-10 07:16:03,598 [Listener at 127.0.0.1/32977] INFO  server.session (DefaultSessionIdManager.java:doStart(334)) - DefaultSessionIdManager workerName=node0
2022-11-10 07:16:03,598 [Listener at 127.0.0.1/32977] INFO  server.session (DefaultSessionIdManager.java:doStart(339)) - No SessionScavenger set, using defaults
2022-11-10 07:16:03,600 [Listener at 127.0.0.1/32977] INFO  server.session (HouseKeeper.java:startScavenging(132)) - node0 Scavenging every 600000ms
2022-11-10 07:16:03,600 [Listener at 127.0.0.1/32977] INFO  handler.ContextHandler (ContextHandler.java:doStart(921)) - Started o.e.j.s.ServletContextHandler@38470150{logs,/logs,file:///home/runner/work/ozone/ozone/hadoop-ozone/integration-test/target/log,AVAILABLE}
2022-11-10 07:16:03,601 [Listener at 127.0.0.1/32977] INFO  handler.ContextHandler (ContextHandler.java:doStart(921)) - Started o.e.j.s.ServletContextHandler@19263e99{static,/static,jar:file:/home/runner/.m2/repository/org/apache/ozone/hdds-container-service/1.3.0-SNAPSHOT/hdds-container-service-1.3.0-SNAPSHOT.jar!/webapps/static,AVAILABLE}
2022-11-10 07:16:03,763 [Listener at 127.0.0.1/32977] INFO  handler.ContextHandler (ContextHandler.java:doStart(921)) - Started o.e.j.w.WebAppContext@6a8695f8{hddsDatanode,/,file:///tmp/jetty-0_0_0_0-38743-hdds-container-service-1_3_0-SNAPSHOT_jar-_-any-2942271221098495706/webapp/,AVAILABLE}{jar:file:/home/runner/.m2/repository/org/apache/ozone/hdds-container-service/1.3.0-SNAPSHOT/hdds-container-service-1.3.0-SNAPSHOT.jar!/webapps/hddsDatanode}
2022-11-10 07:16:03,765 [Listener at 127.0.0.1/32977] INFO  server.AbstractConnector (AbstractConnector.java:doStart(333)) - Started ServerConnector@3e031b47{HTTP/1.1, (http/1.1)}{0.0.0.0:38743}
2022-11-10 07:16:03,765 [Listener at 127.0.0.1/32977] INFO  server.Server (Server.java:doStart(415)) - Started @121245ms
2022-11-10 07:16:03,765 [Listener at 127.0.0.1/32977] WARN  impl.MetricsSystemImpl (MetricsSystemImpl.java:register(279)) - Sink prometheus already exists!
2022-11-10 07:16:03,768 [Listener at 127.0.0.1/32977] INFO  http.BaseHttpServer (BaseHttpServer.java:updateConnectorAddress(333)) - HTTP server of hddsDatanode listening at http://0.0.0.0:38743
2022-11-10 07:16:03,768 [Datanode State Machine Daemon Thread] INFO  statemachine.DatanodeStateMachine (DatanodeStateMachine.java:lambda$startDaemon$0(505)) - Ozone container server started.
2022-11-10 07:16:03,770 [Listener at 127.0.0.1/32977] WARN  impl.MetricRegistriesImpl (MetricRegistriesImpl.java:addReporterRegistration(111)) - New reporters are added after registries were created. Some metrics will be missing from the reporter. Please add reporter before adding any new registry.
2022-11-10 07:16:03,770 [Listener at 127.0.0.1/32977] WARN  impl.MetricRegistriesImpl (MetricRegistriesImpl.java:addReporterRegistration(111)) - New reporters are added after registries were created. Some metrics will be missing from the reporter. Please add reporter before adding any new registry.
2022-11-10 07:16:03,770 [Listener at 127.0.0.1/32977] INFO  impl.MetricsSystemImpl (MetricsSystemImpl.java:init(158)) - HddsDatanode metrics system started (again)
2022-11-10 07:16:03,770 [om1@group-C5BA1605619E-FollowerState] INFO  impl.FollowerState (FollowerState.java:run(143)) - om1@group-C5BA1605619E-FollowerState: change to CANDIDATE, lastRpcElapsedTime:1006481512ns, electionTimeout:1006ms
2022-11-10 07:16:03,771 [om1@group-C5BA1605619E-FollowerState] INFO  impl.RoleInfo (RoleInfo.java:shutdownFollowerState(110)) - om1: shutdown om1@group-C5BA1605619E-FollowerState
2022-11-10 07:16:03,771 [om1@group-C5BA1605619E-FollowerState] INFO  server.RaftServer$Division (RaftServerImpl.java:setRole(321)) - om1@group-C5BA1605619E: changes role from  FOLLOWER to CANDIDATE at term 0 for changeToCandidate
2022-11-10 07:16:03,775 [org.apache.hadoop.util.JvmPauseMonitor$Monitor@1afde445] INFO  util.JvmPauseMonitor (JvmPauseMonitor.java:run(188)) - Starting JVM pause monitor
2022-11-10 07:16:03,778 [om1@group-C5BA1605619E-FollowerState] INFO  server.RaftServerConfigKeys (ConfUtils.java:logGet(46)) - raft.server.leaderelection.pre-vote = false (custom)
2022-11-10 07:16:03,778 [om1@group-C5BA1605619E-FollowerState] INFO  impl.RoleInfo (RoleInfo.java:updateAndGet(139)) - om1: start om1@group-C5BA1605619E-LeaderElection39
2022-11-10 07:16:03,781 [Listener at 127.0.0.1/32977] INFO  ozone.HddsDatanodeService (HddsDatanodeService.java:start(236)) - HddsDatanodeService host:fv-az435-205.hcxxyugg5vdudo0mn2smve0l3g.cx.internal.cloudapp.net ip:10.1.0.59
2022-11-10 07:16:03,781 [Datanode State Machine Task Thread - 0] INFO  datanode.InitDatanodeState (InitDatanodeState.java:persistContainerDatanodeDetails(138)) - DatanodeDetails is persisted to /home/runner/work/ozone/ozone/hadoop-ozone/integration-test/target/test-dir/MiniOzoneClusterImpl-6c329fba-5d84-49d5-96bd-8530b1407181/datanode-2/meta/datanode.id
2022-11-10 07:16:03,787 [om1@group-C5BA1605619E-LeaderElection39] INFO  impl.LeaderElection (LeaderElection.java:askForVotes(312)) - om1@group-C5BA1605619E-LeaderElection39 ELECTION round 0: submit vote requests at term 1 for -1: peers:[om1|rpc:localhost:9872|priority:0|startupRole:FOLLOWER]|listeners:[], old=null
2022-11-10 07:16:03,787 [om1@group-C5BA1605619E-LeaderElection39] INFO  impl.LeaderElection (LeaderElection.java:askForVotes(314)) - om1@group-C5BA1605619E-LeaderElection39 ELECTION round 0: result PASSED (term=1)
2022-11-10 07:16:03,787 [om1@group-C5BA1605619E-LeaderElection39] INFO  impl.RoleInfo (RoleInfo.java:shutdownLeaderElection(130)) - om1: shutdown om1@group-C5BA1605619E-LeaderElection39
2022-11-10 07:16:03,787 [om1@group-C5BA1605619E-LeaderElection39] INFO  server.RaftServer$Division (RaftServerImpl.java:setRole(321)) - om1@group-C5BA1605619E: changes role from CANDIDATE to LEADER at term 1 for changeToLeader
2022-11-10 07:16:03,787 [om1@group-C5BA1605619E-LeaderElection39] INFO  server.RaftServer$Division (ServerState.java:setLeader(313)) - om1@group-C5BA1605619E: change Leader from null to om1 at term 1 for becomeLeader, leader elected after 1637ms
2022-11-10 07:16:03,787 [om1@group-C5BA1605619E-LeaderElection39] INFO  server.RaftServerConfigKeys (ConfUtils.java:logGet(46)) - raft.server.staging.catchup.gap = 1000 (default)
2022-11-10 07:16:03,788 [om1@group-C5BA1605619E-LeaderElection39] INFO  server.RaftServerConfigKeys (ConfUtils.java:logGet(46)) - raft.server.write.element-limit = 4096 (default)
2022-11-10 07:16:03,788 [om1@group-C5BA1605619E-LeaderElection39] INFO  server.RaftServerConfigKeys (ConfUtils.java:logGet(46)) - raft.server.write.byte-limit = 64MB (=67108864) (default)
2022-11-10 07:16:03,790 [om1@group-C5BA1605619E-LeaderElection39] INFO  server.RaftServerConfigKeys (ConfUtils.java:logGet(46)) - raft.server.watch.timeout = 10s (default)
2022-11-10 07:16:03,790 [om1@group-C5BA1605619E-LeaderElection39] INFO  server.RaftServerConfigKeys (ConfUtils.java:logGet(46)) - raft.server.watch.timeout.denomination = 1s (default)
2022-11-10 07:16:03,790 [om1@group-C5BA1605619E-LeaderElection39] INFO  server.RaftServerConfigKeys (ConfUtils.java:logGet(46)) - raft.server.watch.element-limit = 65536 (default)
2022-11-10 07:16:03,790 [om1@group-C5BA1605619E-LeaderElection39] INFO  server.RaftServerConfigKeys (ConfUtils.java:logGet(46)) - raft.server.write.element-limit = 4096 (default)
2022-11-10 07:16:03,790 [om1@group-C5BA1605619E-LeaderElection39] INFO  server.RaftServerConfigKeys (ConfUtils.java:logGet(46)) - raft.server.write.follower.gap.ratio.max = -1.0 (default)
2022-11-10 07:16:03,790 [om1@group-C5BA1605619E-LeaderElection39] INFO  impl.RoleInfo (RoleInfo.java:updateAndGet(139)) - om1: start om1@group-C5BA1605619E-LeaderStateImpl
2022-11-10 07:16:03,790 [om1@group-C5BA1605619E-LeaderElection39] INFO  segmented.SegmentedRaftLogWorker (SegmentedRaftLogWorker.java:startLogSegment(452)) - om1@group-C5BA1605619E-SegmentedRaftLogWorker: Starting segment from index:0
2022-11-10 07:16:03,795 [om1@group-C5BA1605619E-LeaderElection39] INFO  server.RaftServer$Division (ServerState.java:setRaftConf(430)) - om1@group-C5BA1605619E: set configuration 0: peers:[om1|rpc:localhost:9872|admin:|client:|dataStream:|priority:0|startupRole:FOLLOWER]|listeners:[], old=null
2022-11-10 07:16:03,802 [om1@group-C5BA1605619E-SegmentedRaftLogWorker] INFO  segmented.SegmentedRaftLogWorker (SegmentedRaftLogWorker.java:execute(656)) - om1@group-C5BA1605619E-SegmentedRaftLogWorker: created new log segment /home/runner/work/ozone/ozone/hadoop-ozone/integration-test/target/test-dir/MiniOzoneClusterImpl-6c329fba-5d84-49d5-96bd-8530b1407181/ozone-meta/ratis/bf265839-605b-3f16-9796-c5ba1605619e/current/log_inprogress_0
2022-11-10 07:16:03,809 [om1@group-C5BA1605619E-StateMachineUpdater] INFO  ratis.OzoneManagerStateMachine (OzoneManagerStateMachine.java:notifyConfigurationChanged(192)) - Received Configuration change notification from Ratis. New Peer list:
[id: "om1"
address: "localhost:9872"
startupRole: FOLLOWER
]
2022-11-10 07:16:03,813 [Listener at 127.0.0.1/32977] INFO  upgrade.AbstractLayoutVersionManager (AbstractLayoutVersionManager.java:init(83)) - Initializing Layout version manager with metadata layout = DATANODE_SCHEMA_V3 (version = 4), software layout = DATANODE_SCHEMA_V3 (version = 4)
2022-11-10 07:16:03,853 [Listener at 127.0.0.1/32977] INFO  reflections.Reflections (Reflections.java:scan(232)) - Reflections took 39 ms to scan 7 urls, producing 139 keys and 336 values 
2022-11-10 07:16:03,854 [Listener at 127.0.0.1/32977] INFO  statemachine.DatanodeStateMachine (DatanodeStateMachine.java:getEndPointTaskThreadPoolSize(245)) - Datanode State Machine Task Thread Pool size 2
2022-11-10 07:16:03,856 [Listener at 127.0.0.1/32977] INFO  volume.HddsVolume (HddsVolume.java:<init>(117)) - Creating HddsVolume: /home/runner/work/ozone/ozone/hadoop-ozone/integration-test/target/test-dir/MiniOzoneClusterImpl-6c329fba-5d84-49d5-96bd-8530b1407181/datanode-3/data-0/containers/hdds of storage type : DISK capacity : 9223372036854775807
2022-11-10 07:16:03,856 [Listener at 127.0.0.1/32977] INFO  volume.MutableVolumeSet (MutableVolumeSet.java:initializeVolumeSet(174)) - Added Volume : /home/runner/work/ozone/ozone/hadoop-ozone/integration-test/target/test-dir/MiniOzoneClusterImpl-6c329fba-5d84-49d5-96bd-8530b1407181/datanode-3/data-0/containers/hdds to VolumeSet
2022-11-10 07:16:03,856 [Listener at 127.0.0.1/32977] INFO  volume.ThrottledAsyncChecker (ThrottledAsyncChecker.java:schedule(141)) - Scheduling a check for /home/runner/work/ozone/ozone/hadoop-ozone/integration-test/target/test-dir/MiniOzoneClusterImpl-6c329fba-5d84-49d5-96bd-8530b1407181/datanode-3/data-0/containers/hdds
2022-11-10 07:16:03,863 [Listener at 127.0.0.1/32977] INFO  volume.StorageVolumeChecker (StorageVolumeChecker.java:checkAllVolumes(202)) - Scheduled health check for volume /home/runner/work/ozone/ozone/hadoop-ozone/integration-test/target/test-dir/MiniOzoneClusterImpl-6c329fba-5d84-49d5-96bd-8530b1407181/datanode-3/data-0/containers/hdds
2022-11-10 07:16:03,874 [Listener at 127.0.0.1/32977] INFO  volume.MutableVolumeSet (MutableVolumeSet.java:initializeVolumeSet(174)) - Added Volume : /home/runner/work/ozone/ozone/hadoop-ozone/integration-test/target/test-dir/MiniOzoneClusterImpl-6c329fba-5d84-49d5-96bd-8530b1407181/datanode-3/data/ratis to VolumeSet
2022-11-10 07:16:03,874 [Listener at 127.0.0.1/32977] INFO  volume.ThrottledAsyncChecker (ThrottledAsyncChecker.java:schedule(141)) - Scheduling a check for /home/runner/work/ozone/ozone/hadoop-ozone/integration-test/target/test-dir/MiniOzoneClusterImpl-6c329fba-5d84-49d5-96bd-8530b1407181/datanode-3/data/ratis
2022-11-10 07:16:03,874 [Listener at 127.0.0.1/32977] INFO  volume.StorageVolumeChecker (StorageVolumeChecker.java:checkAllVolumes(202)) - Scheduled health check for volume /home/runner/work/ozone/ozone/hadoop-ozone/integration-test/target/test-dir/MiniOzoneClusterImpl-6c329fba-5d84-49d5-96bd-8530b1407181/datanode-3/data/ratis
2022-11-10 07:16:03,887 [Thread-960] INFO  ozoneimpl.ContainerReader (ContainerReader.java:readVolume(175)) - Finish verifying containers on volume /home/runner/work/ozone/ozone/hadoop-ozone/integration-test/target/test-dir/MiniOzoneClusterImpl-6c329fba-5d84-49d5-96bd-8530b1407181/datanode-3/data-0/containers/hdds
2022-11-10 07:16:03,887 [Listener at 127.0.0.1/32977] INFO  ozoneimpl.OzoneContainer (OzoneContainer.java:buildContainerSet(300)) - Build ContainerSet costs 0s
2022-11-10 07:16:03,890 [Listener at 127.0.0.1/32977] INFO  server.RaftServer (ConfUtils.java:logGet(46)) - raft.rpc.type = GRPC (default)
2022-11-10 07:16:03,890 [Listener at 127.0.0.1/32977] INFO  grpc.GrpcConfigKeys (ConfUtils.java:logFallback(53)) - raft.grpc.admin.host = null (fallback to raft.grpc.server.host)
2022-11-10 07:16:03,890 [Listener at 127.0.0.1/32977] INFO  grpc.GrpcConfigKeys (ConfUtils.java:logGet(46)) - raft.grpc.admin.port = 0 (custom)
2022-11-10 07:16:03,890 [Listener at 127.0.0.1/32977] INFO  grpc.GrpcConfigKeys (ConfUtils.java:logFallback(53)) - raft.grpc.client.host = null (fallback to raft.grpc.server.host)
2022-11-10 07:16:03,890 [Listener at 127.0.0.1/32977] INFO  grpc.GrpcConfigKeys (ConfUtils.java:logGet(46)) - raft.grpc.client.port = 0 (custom)
2022-11-10 07:16:03,890 [Listener at 127.0.0.1/32977] INFO  grpc.GrpcConfigKeys (ConfUtils.java:logGet(46)) - raft.grpc.server.host = null (default)
2022-11-10 07:16:03,890 [Listener at 127.0.0.1/32977] INFO  grpc.GrpcConfigKeys (ConfUtils.java:logGet(46)) - raft.grpc.server.port = 0 (default)
2022-11-10 07:16:03,891 [Listener at 127.0.0.1/32977] INFO  server.GrpcService (ConfUtils.java:logGet(46)) - raft.grpc.message.size.max = 32MB (=33554432) (custom)
2022-11-10 07:16:03,891 [Listener at 127.0.0.1/32977] INFO  server.RaftServerConfigKeys (ConfUtils.java:logGet(46)) - raft.server.log.appender.buffer.byte-limit = 33554432 (custom)
2022-11-10 07:16:03,891 [Listener at 127.0.0.1/32977] INFO  server.GrpcService (ConfUtils.java:logGet(46)) - raft.grpc.flow.control.window = 5MB (=5242880) (custom)
2022-11-10 07:16:03,891 [Listener at 127.0.0.1/32977] INFO  server.RaftServerConfigKeys (ConfUtils.java:logGet(46)) - raft.server.rpc.request.timeout = 60s (custom)
2022-11-10 07:16:03,891 [Listener at 127.0.0.1/32977] INFO  grpc.GrpcConfigKeys (ConfUtils.java:logGet(46)) - raft.grpc.server.heartbeat.channel = true (default)
2022-11-10 07:16:03,891 [Listener at 127.0.0.1/32977] INFO  grpc.GrpcConfigKeys (ConfUtils.java:logGet(46)) - raft.grpc.server.async.request.thread.pool.cached = true (default)
2022-11-10 07:16:03,891 [Listener at 127.0.0.1/32977] INFO  grpc.GrpcConfigKeys (ConfUtils.java:logGet(46)) - raft.grpc.server.async.request.thread.pool.size = 32 (default)
2022-11-10 07:16:03,892 [Listener at 127.0.0.1/32977] INFO  impl.DataStreamServerImpl (ConfUtils.java:logGet(46)) - raft.datastream.type = DISABLED (default)
2022-11-10 07:16:03,893 [Listener at 127.0.0.1/32977] INFO  server.RaftServerConfigKeys (ConfUtils.java:logGet(46)) - raft.server.threadpool.proxy.cached = true (default)
2022-11-10 07:16:03,893 [Listener at 127.0.0.1/32977] INFO  server.RaftServerConfigKeys (ConfUtils.java:logGet(46)) - raft.server.threadpool.proxy.size = 0 (default)
2022-11-10 07:16:03,893 [Listener at 127.0.0.1/32977] INFO  server.RaftServerConfigKeys (ConfUtils.java:logGet(46)) - raft.server.rpc.slowness.timeout = 300s (custom)
2022-11-10 07:16:03,893 [Listener at 127.0.0.1/32977] INFO  server.RaftServerConfigKeys (ConfUtils.java:logGet(46)) - raft.server.leaderelection.leader.step-down.wait-time = 10s (default)
2022-11-10 07:16:03,893 [Listener at 127.0.0.1/32977] INFO  server.RaftServerConfigKeys (ConfUtils.java:logGet(46)) - raft.server.storage.dir = [/home/runner/work/ozone/ozone/hadoop-ozone/integration-test/target/test-dir/MiniOzoneClusterImpl-6c329fba-5d84-49d5-96bd-8530b1407181/datanode-3/data/ratis] (custom)
2022-11-10 07:16:03,896 [Listener at 127.0.0.1/32977] INFO  server.XceiverServerGrpc (XceiverServerGrpc.java:<init>(132)) - GrpcServer channel type EpollServerSocketChannel
2022-11-10 07:16:03,900 [Listener at 127.0.0.1/32977] INFO  http.BaseHttpServer (BaseHttpServer.java:newHttpServer2BuilderForOzone(213)) - Starting Web-server for hddsDatanode at: http://0.0.0.0:0
2022-11-10 07:16:03,900 [Listener at 127.0.0.1/32977] INFO  http.BaseHttpServer (BaseHttpServer.java:<init>(108)) - Hadoop Security Enabled: false Ozone Security Enabled: false Ozone HTTP Security Enabled: false 
2022-11-10 07:16:03,901 [Listener at 127.0.0.1/32977] WARN  server.AuthenticationFilter (AuthenticationFilter.java:constructSecretProvider(240)) - Unable to initialize FileSignerSecretProvider, falling back to use random secrets. Reason: Could not read signature secret file: /home/runner/hadoop-http-auth-signature-secret
2022-11-10 07:16:03,903 [Listener at 127.0.0.1/32977] WARN  http.HttpRequestLog (HttpRequestLog.java:getRequestLog(103)) - Jetty request log can only be enabled using Log4j
2022-11-10 07:16:03,904 [Listener at 127.0.0.1/32977] INFO  http.HttpServer2 (HttpServer2.java:addGlobalFilter(1031)) - Added global filter 'safety' (class=org.apache.hadoop.hdds.server.http.HttpServer2$QuotingInputFilter)
2022-11-10 07:16:03,905 [Listener at 127.0.0.1/32977] INFO  http.HttpServer2 (HttpServer2.java:addFilter(1007)) - Added filter static_user_filter (class=org.apache.hadoop.http.lib.StaticUserWebFilter$StaticUserFilter) to context hddsDatanode
2022-11-10 07:16:03,905 [Listener at 127.0.0.1/32977] INFO  http.HttpServer2 (HttpServer2.java:addFilter(1015)) - Added filter static_user_filter (class=org.apache.hadoop.http.lib.StaticUserWebFilter$StaticUserFilter) to context static
2022-11-10 07:16:03,905 [Listener at 127.0.0.1/32977] INFO  http.HttpServer2 (HttpServer2.java:addFilter(1015)) - Added filter static_user_filter (class=org.apache.hadoop.http.lib.StaticUserWebFilter$StaticUserFilter) to context logs
2022-11-10 07:16:03,905 [Listener at 127.0.0.1/32977] INFO  http.HttpServer2 (HttpServer2.java:bindListener(1250)) - Jetty bound to port 42365
2022-11-10 07:16:03,906 [Listener at 127.0.0.1/32977] INFO  server.Server (Server.java:doStart(375)) - jetty-9.4.49.v20220914; built: 2022-09-14T01:07:36.601Z; git: 4231a3b2e4cb8548a412a789936d640a97b1aa0a; jvm 1.8.0_345-b01
2022-11-10 07:16:03,911 [Listener at 127.0.0.1/32977] INFO  server.session (DefaultSessionIdManager.java:doStart(334)) - DefaultSessionIdManager workerName=node0
2022-11-10 07:16:03,911 [Listener at 127.0.0.1/32977] INFO  server.session (DefaultSessionIdManager.java:doStart(339)) - No SessionScavenger set, using defaults
2022-11-10 07:16:03,912 [Listener at 127.0.0.1/32977] INFO  server.session (HouseKeeper.java:startScavenging(132)) - node0 Scavenging every 660000ms
2022-11-10 07:16:03,912 [Listener at 127.0.0.1/32977] INFO  handler.ContextHandler (ContextHandler.java:doStart(921)) - Started o.e.j.s.ServletContextHandler@19b6b6{logs,/logs,file:///home/runner/work/ozone/ozone/hadoop-ozone/integration-test/target/log,AVAILABLE}
2022-11-10 07:16:03,913 [Listener at 127.0.0.1/32977] INFO  handler.ContextHandler (ContextHandler.java:doStart(921)) - Started o.e.j.s.ServletContextHandler@71d6ac8d{static,/static,jar:file:/home/runner/.m2/repository/org/apache/ozone/hdds-container-service/1.3.0-SNAPSHOT/hdds-container-service-1.3.0-SNAPSHOT.jar!/webapps/static,AVAILABLE}
2022-11-10 07:16:04,083 [Listener at 127.0.0.1/32977] INFO  handler.ContextHandler (ContextHandler.java:doStart(921)) - Started o.e.j.w.WebAppContext@3287f2d{hddsDatanode,/,file:///tmp/jetty-0_0_0_0-42365-hdds-container-service-1_3_0-SNAPSHOT_jar-_-any-1298412099613628555/webapp/,AVAILABLE}{jar:file:/home/runner/.m2/repository/org/apache/ozone/hdds-container-service/1.3.0-SNAPSHOT/hdds-container-service-1.3.0-SNAPSHOT.jar!/webapps/hddsDatanode}
2022-11-10 07:16:04,085 [Listener at 127.0.0.1/32977] INFO  server.AbstractConnector (AbstractConnector.java:doStart(333)) - Started ServerConnector@6b4e1ef6{HTTP/1.1, (http/1.1)}{0.0.0.0:42365}
2022-11-10 07:16:04,085 [Listener at 127.0.0.1/32977] INFO  server.Server (Server.java:doStart(415)) - Started @121565ms
2022-11-10 07:16:04,085 [Listener at 127.0.0.1/32977] WARN  impl.MetricsSystemImpl (MetricsSystemImpl.java:register(279)) - Sink prometheus already exists!
2022-11-10 07:16:04,086 [Listener at 127.0.0.1/32977] INFO  http.BaseHttpServer (BaseHttpServer.java:updateConnectorAddress(333)) - HTTP server of hddsDatanode listening at http://0.0.0.0:42365
2022-11-10 07:16:04,086 [Listener at 127.0.0.1/32977] WARN  impl.MetricRegistriesImpl (MetricRegistriesImpl.java:addReporterRegistration(111)) - New reporters are added after registries were created. Some metrics will be missing from the reporter. Please add reporter before adding any new registry.
2022-11-10 07:16:04,087 [Listener at 127.0.0.1/32977] WARN  impl.MetricRegistriesImpl (MetricRegistriesImpl.java:addReporterRegistration(111)) - New reporters are added after registries were created. Some metrics will be missing from the reporter. Please add reporter before adding any new registry.
2022-11-10 07:16:04,087 [Listener at 127.0.0.1/32977] INFO  impl.MetricsSystemImpl (MetricsSystemImpl.java:init(158)) - HddsDatanode metrics system started (again)
2022-11-10 07:16:04,095 [Datanode State Machine Daemon Thread] INFO  statemachine.DatanodeStateMachine (DatanodeStateMachine.java:lambda$startDaemon$0(505)) - Ozone container server started.
2022-11-10 07:16:04,099 [Listener at 127.0.0.1/32977] INFO  ozone.HddsDatanodeService (HddsDatanodeService.java:start(236)) - HddsDatanodeService host:fv-az435-205.hcxxyugg5vdudo0mn2smve0l3g.cx.internal.cloudapp.net ip:10.1.0.59
2022-11-10 07:16:04,111 [org.apache.hadoop.util.JvmPauseMonitor$Monitor@127d6757] INFO  util.JvmPauseMonitor (JvmPauseMonitor.java:run(188)) - Starting JVM pause monitor
2022-11-10 07:16:04,114 [Datanode State Machine Task Thread - 0] INFO  datanode.InitDatanodeState (InitDatanodeState.java:persistContainerDatanodeDetails(138)) - DatanodeDetails is persisted to /home/runner/work/ozone/ozone/hadoop-ozone/integration-test/target/test-dir/MiniOzoneClusterImpl-6c329fba-5d84-49d5-96bd-8530b1407181/datanode-3/meta/datanode.id
2022-11-10 07:16:04,125 [Listener at 127.0.0.1/32977] INFO  upgrade.AbstractLayoutVersionManager (AbstractLayoutVersionManager.java:init(83)) - Initializing Layout version manager with metadata layout = DATANODE_SCHEMA_V3 (version = 4), software layout = DATANODE_SCHEMA_V3 (version = 4)
2022-11-10 07:16:04,165 [Listener at 127.0.0.1/32977] INFO  reflections.Reflections (Reflections.java:scan(232)) - Reflections took 39 ms to scan 7 urls, producing 139 keys and 336 values 
2022-11-10 07:16:04,166 [Listener at 127.0.0.1/32977] INFO  statemachine.DatanodeStateMachine (DatanodeStateMachine.java:getEndPointTaskThreadPoolSize(245)) - Datanode State Machine Task Thread Pool size 2
2022-11-10 07:16:04,172 [Listener at 127.0.0.1/32977] INFO  volume.HddsVolume (HddsVolume.java:<init>(117)) - Creating HddsVolume: /home/runner/work/ozone/ozone/hadoop-ozone/integration-test/target/test-dir/MiniOzoneClusterImpl-6c329fba-5d84-49d5-96bd-8530b1407181/datanode-4/data-0/containers/hdds of storage type : DISK capacity : 9223372036854775807
2022-11-10 07:16:04,172 [Listener at 127.0.0.1/32977] INFO  volume.MutableVolumeSet (MutableVolumeSet.java:initializeVolumeSet(174)) - Added Volume : /home/runner/work/ozone/ozone/hadoop-ozone/integration-test/target/test-dir/MiniOzoneClusterImpl-6c329fba-5d84-49d5-96bd-8530b1407181/datanode-4/data-0/containers/hdds to VolumeSet
2022-11-10 07:16:04,172 [Listener at 127.0.0.1/32977] INFO  volume.ThrottledAsyncChecker (ThrottledAsyncChecker.java:schedule(141)) - Scheduling a check for /home/runner/work/ozone/ozone/hadoop-ozone/integration-test/target/test-dir/MiniOzoneClusterImpl-6c329fba-5d84-49d5-96bd-8530b1407181/datanode-4/data-0/containers/hdds
2022-11-10 07:16:04,174 [Listener at 127.0.0.1/32977] INFO  volume.StorageVolumeChecker (StorageVolumeChecker.java:checkAllVolumes(202)) - Scheduled health check for volume /home/runner/work/ozone/ozone/hadoop-ozone/integration-test/target/test-dir/MiniOzoneClusterImpl-6c329fba-5d84-49d5-96bd-8530b1407181/datanode-4/data-0/containers/hdds
2022-11-10 07:16:04,184 [Listener at 127.0.0.1/32977] INFO  volume.MutableVolumeSet (MutableVolumeSet.java:initializeVolumeSet(174)) - Added Volume : /home/runner/work/ozone/ozone/hadoop-ozone/integration-test/target/test-dir/MiniOzoneClusterImpl-6c329fba-5d84-49d5-96bd-8530b1407181/datanode-4/data/ratis to VolumeSet
2022-11-10 07:16:04,185 [Listener at 127.0.0.1/32977] INFO  volume.ThrottledAsyncChecker (ThrottledAsyncChecker.java:schedule(141)) - Scheduling a check for /home/runner/work/ozone/ozone/hadoop-ozone/integration-test/target/test-dir/MiniOzoneClusterImpl-6c329fba-5d84-49d5-96bd-8530b1407181/datanode-4/data/ratis
2022-11-10 07:16:04,185 [Listener at 127.0.0.1/32977] INFO  volume.StorageVolumeChecker (StorageVolumeChecker.java:checkAllVolumes(202)) - Scheduled health check for volume /home/runner/work/ozone/ozone/hadoop-ozone/integration-test/target/test-dir/MiniOzoneClusterImpl-6c329fba-5d84-49d5-96bd-8530b1407181/datanode-4/data/ratis
2022-11-10 07:16:04,199 [Thread-973] INFO  ozoneimpl.ContainerReader (ContainerReader.java:readVolume(175)) - Finish verifying containers on volume /home/runner/work/ozone/ozone/hadoop-ozone/integration-test/target/test-dir/MiniOzoneClusterImpl-6c329fba-5d84-49d5-96bd-8530b1407181/datanode-4/data-0/containers/hdds
2022-11-10 07:16:04,199 [Listener at 127.0.0.1/32977] INFO  ozoneimpl.OzoneContainer (OzoneContainer.java:buildContainerSet(300)) - Build ContainerSet costs 0s
2022-11-10 07:16:04,201 [Listener at 127.0.0.1/32977] INFO  server.RaftServer (ConfUtils.java:logGet(46)) - raft.rpc.type = GRPC (default)
2022-11-10 07:16:04,201 [Listener at 127.0.0.1/32977] INFO  grpc.GrpcConfigKeys (ConfUtils.java:logFallback(53)) - raft.grpc.admin.host = null (fallback to raft.grpc.server.host)
2022-11-10 07:16:04,201 [Listener at 127.0.0.1/32977] INFO  grpc.GrpcConfigKeys (ConfUtils.java:logGet(46)) - raft.grpc.admin.port = 0 (custom)
2022-11-10 07:16:04,201 [Listener at 127.0.0.1/32977] INFO  grpc.GrpcConfigKeys (ConfUtils.java:logFallback(53)) - raft.grpc.client.host = null (fallback to raft.grpc.server.host)
2022-11-10 07:16:04,201 [Listener at 127.0.0.1/32977] INFO  grpc.GrpcConfigKeys (ConfUtils.java:logGet(46)) - raft.grpc.client.port = 0 (custom)
2022-11-10 07:16:04,202 [Listener at 127.0.0.1/32977] INFO  grpc.GrpcConfigKeys (ConfUtils.java:logGet(46)) - raft.grpc.server.host = null (default)
2022-11-10 07:16:04,202 [Listener at 127.0.0.1/32977] INFO  grpc.GrpcConfigKeys (ConfUtils.java:logGet(46)) - raft.grpc.server.port = 0 (default)
2022-11-10 07:16:04,202 [Listener at 127.0.0.1/32977] INFO  server.GrpcService (ConfUtils.java:logGet(46)) - raft.grpc.message.size.max = 32MB (=33554432) (custom)
2022-11-10 07:16:04,202 [Listener at 127.0.0.1/32977] INFO  server.RaftServerConfigKeys (ConfUtils.java:logGet(46)) - raft.server.log.appender.buffer.byte-limit = 33554432 (custom)
2022-11-10 07:16:04,202 [Listener at 127.0.0.1/32977] INFO  server.GrpcService (ConfUtils.java:logGet(46)) - raft.grpc.flow.control.window = 5MB (=5242880) (custom)
2022-11-10 07:16:04,202 [Listener at 127.0.0.1/32977] INFO  server.RaftServerConfigKeys (ConfUtils.java:logGet(46)) - raft.server.rpc.request.timeout = 60s (custom)
2022-11-10 07:16:04,202 [Listener at 127.0.0.1/32977] INFO  grpc.GrpcConfigKeys (ConfUtils.java:logGet(46)) - raft.grpc.server.heartbeat.channel = true (default)
2022-11-10 07:16:04,202 [Listener at 127.0.0.1/32977] INFO  grpc.GrpcConfigKeys (ConfUtils.java:logGet(46)) - raft.grpc.server.async.request.thread.pool.cached = true (default)
2022-11-10 07:16:04,203 [Listener at 127.0.0.1/32977] INFO  grpc.GrpcConfigKeys (ConfUtils.java:logGet(46)) - raft.grpc.server.async.request.thread.pool.size = 32 (default)
2022-11-10 07:16:04,204 [Listener at 127.0.0.1/32977] INFO  impl.DataStreamServerImpl (ConfUtils.java:logGet(46)) - raft.datastream.type = DISABLED (default)
2022-11-10 07:16:04,204 [Listener at 127.0.0.1/32977] INFO  server.RaftServerConfigKeys (ConfUtils.java:logGet(46)) - raft.server.threadpool.proxy.cached = true (default)
2022-11-10 07:16:04,204 [Listener at 127.0.0.1/32977] INFO  server.RaftServerConfigKeys (ConfUtils.java:logGet(46)) - raft.server.threadpool.proxy.size = 0 (default)
2022-11-10 07:16:04,204 [Listener at 127.0.0.1/32977] INFO  server.RaftServerConfigKeys (ConfUtils.java:logGet(46)) - raft.server.rpc.slowness.timeout = 300s (custom)
2022-11-10 07:16:04,204 [Listener at 127.0.0.1/32977] INFO  server.RaftServerConfigKeys (ConfUtils.java:logGet(46)) - raft.server.leaderelection.leader.step-down.wait-time = 10s (default)
2022-11-10 07:16:04,205 [Listener at 127.0.0.1/32977] INFO  server.RaftServerConfigKeys (ConfUtils.java:logGet(46)) - raft.server.storage.dir = [/home/runner/work/ozone/ozone/hadoop-ozone/integration-test/target/test-dir/MiniOzoneClusterImpl-6c329fba-5d84-49d5-96bd-8530b1407181/datanode-4/data/ratis] (custom)
2022-11-10 07:16:04,210 [Listener at 127.0.0.1/32977] INFO  server.XceiverServerGrpc (XceiverServerGrpc.java:<init>(132)) - GrpcServer channel type EpollServerSocketChannel
2022-11-10 07:16:04,213 [Listener at 127.0.0.1/32977] INFO  http.BaseHttpServer (BaseHttpServer.java:newHttpServer2BuilderForOzone(213)) - Starting Web-server for hddsDatanode at: http://0.0.0.0:0
2022-11-10 07:16:04,213 [Listener at 127.0.0.1/32977] INFO  http.BaseHttpServer (BaseHttpServer.java:<init>(108)) - Hadoop Security Enabled: false Ozone Security Enabled: false Ozone HTTP Security Enabled: false 
2022-11-10 07:16:04,214 [Listener at 127.0.0.1/32977] WARN  server.AuthenticationFilter (AuthenticationFilter.java:constructSecretProvider(240)) - Unable to initialize FileSignerSecretProvider, falling back to use random secrets. Reason: Could not read signature secret file: /home/runner/hadoop-http-auth-signature-secret
2022-11-10 07:16:04,215 [Listener at 127.0.0.1/32977] WARN  http.HttpRequestLog (HttpRequestLog.java:getRequestLog(103)) - Jetty request log can only be enabled using Log4j
2022-11-10 07:16:04,216 [Listener at 127.0.0.1/32977] INFO  http.HttpServer2 (HttpServer2.java:addGlobalFilter(1031)) - Added global filter 'safety' (class=org.apache.hadoop.hdds.server.http.HttpServer2$QuotingInputFilter)
2022-11-10 07:16:04,217 [Listener at 127.0.0.1/32977] INFO  http.HttpServer2 (HttpServer2.java:addFilter(1007)) - Added filter static_user_filter (class=org.apache.hadoop.http.lib.StaticUserWebFilter$StaticUserFilter) to context hddsDatanode
2022-11-10 07:16:04,217 [Listener at 127.0.0.1/32977] INFO  http.HttpServer2 (HttpServer2.java:addFilter(1015)) - Added filter static_user_filter (class=org.apache.hadoop.http.lib.StaticUserWebFilter$StaticUserFilter) to context static
2022-11-10 07:16:04,217 [Listener at 127.0.0.1/32977] INFO  http.HttpServer2 (HttpServer2.java:addFilter(1015)) - Added filter static_user_filter (class=org.apache.hadoop.http.lib.StaticUserWebFilter$StaticUserFilter) to context logs
2022-11-10 07:16:04,217 [Listener at 127.0.0.1/32977] INFO  http.HttpServer2 (HttpServer2.java:bindListener(1250)) - Jetty bound to port 39859
2022-11-10 07:16:04,217 [Listener at 127.0.0.1/32977] INFO  server.Server (Server.java:doStart(375)) - jetty-9.4.49.v20220914; built: 2022-09-14T01:07:36.601Z; git: 4231a3b2e4cb8548a412a789936d640a97b1aa0a; jvm 1.8.0_345-b01
2022-11-10 07:16:04,219 [Listener at 127.0.0.1/32977] INFO  server.session (DefaultSessionIdManager.java:doStart(334)) - DefaultSessionIdManager workerName=node0
2022-11-10 07:16:04,220 [Listener at 127.0.0.1/32977] INFO  server.session (DefaultSessionIdManager.java:doStart(339)) - No SessionScavenger set, using defaults
2022-11-10 07:16:04,220 [Listener at 127.0.0.1/32977] INFO  server.session (HouseKeeper.java:startScavenging(132)) - node0 Scavenging every 660000ms
2022-11-10 07:16:04,220 [Listener at 127.0.0.1/32977] INFO  handler.ContextHandler (ContextHandler.java:doStart(921)) - Started o.e.j.s.ServletContextHandler@5c296c8c{logs,/logs,file:///home/runner/work/ozone/ozone/hadoop-ozone/integration-test/target/log,AVAILABLE}
2022-11-10 07:16:04,221 [Listener at 127.0.0.1/32977] INFO  handler.ContextHandler (ContextHandler.java:doStart(921)) - Started o.e.j.s.ServletContextHandler@67aad9da{static,/static,jar:file:/home/runner/.m2/repository/org/apache/ozone/hdds-container-service/1.3.0-SNAPSHOT/hdds-container-service-1.3.0-SNAPSHOT.jar!/webapps/static,AVAILABLE}
2022-11-10 07:16:04,382 [Listener at 127.0.0.1/32977] INFO  handler.ContextHandler (ContextHandler.java:doStart(921)) - Started o.e.j.w.WebAppContext@d22747f{hddsDatanode,/,file:///tmp/jetty-0_0_0_0-39859-hdds-container-service-1_3_0-SNAPSHOT_jar-_-any-1192444256082133660/webapp/,AVAILABLE}{jar:file:/home/runner/.m2/repository/org/apache/ozone/hdds-container-service/1.3.0-SNAPSHOT/hdds-container-service-1.3.0-SNAPSHOT.jar!/webapps/hddsDatanode}
2022-11-10 07:16:04,383 [Listener at 127.0.0.1/32977] INFO  server.AbstractConnector (AbstractConnector.java:doStart(333)) - Started ServerConnector@158315c8{HTTP/1.1, (http/1.1)}{0.0.0.0:39859}
2022-11-10 07:16:04,383 [Listener at 127.0.0.1/32977] INFO  server.Server (Server.java:doStart(415)) - Started @121863ms
2022-11-10 07:16:04,384 [Listener at 127.0.0.1/32977] WARN  impl.MetricsSystemImpl (MetricsSystemImpl.java:register(279)) - Sink prometheus already exists!
2022-11-10 07:16:04,384 [Listener at 127.0.0.1/32977] INFO  http.BaseHttpServer (BaseHttpServer.java:updateConnectorAddress(333)) - HTTP server of hddsDatanode listening at http://0.0.0.0:39859
2022-11-10 07:16:04,385 [Datanode State Machine Daemon Thread] INFO  statemachine.DatanodeStateMachine (DatanodeStateMachine.java:lambda$startDaemon$0(505)) - Ozone container server started.
2022-11-10 07:16:04,385 [Listener at 127.0.0.1/32977] WARN  impl.MetricRegistriesImpl (MetricRegistriesImpl.java:addReporterRegistration(111)) - New reporters are added after registries were created. Some metrics will be missing from the reporter. Please add reporter before adding any new registry.
2022-11-10 07:16:04,386 [Listener at 127.0.0.1/32977] WARN  impl.MetricRegistriesImpl (MetricRegistriesImpl.java:addReporterRegistration(111)) - New reporters are added after registries were created. Some metrics will be missing from the reporter. Please add reporter before adding any new registry.
2022-11-10 07:16:04,386 [Listener at 127.0.0.1/32977] INFO  impl.MetricsSystemImpl (MetricsSystemImpl.java:init(158)) - HddsDatanode metrics system started (again)
2022-11-10 07:16:04,397 [Listener at 127.0.0.1/32977] INFO  ozone.HddsDatanodeService (HddsDatanodeService.java:start(236)) - HddsDatanodeService host:fv-az435-205.hcxxyugg5vdudo0mn2smve0l3g.cx.internal.cloudapp.net ip:10.1.0.59
2022-11-10 07:16:04,397 [org.apache.hadoop.util.JvmPauseMonitor$Monitor@2e5ed086] INFO  util.JvmPauseMonitor (JvmPauseMonitor.java:run(188)) - Starting JVM pause monitor
2022-11-10 07:16:04,408 [Datanode State Machine Task Thread - 0] INFO  datanode.InitDatanodeState (InitDatanodeState.java:persistContainerDatanodeDetails(138)) - DatanodeDetails is persisted to /home/runner/work/ozone/ozone/hadoop-ozone/integration-test/target/test-dir/MiniOzoneClusterImpl-6c329fba-5d84-49d5-96bd-8530b1407181/datanode-4/meta/datanode.id
2022-11-10 07:16:04,424 [Listener at 127.0.0.1/32977] INFO  upgrade.AbstractLayoutVersionManager (AbstractLayoutVersionManager.java:init(83)) - Initializing Layout version manager with metadata layout = DATANODE_SCHEMA_V3 (version = 4), software layout = DATANODE_SCHEMA_V3 (version = 4)
2022-11-10 07:16:04,464 [Listener at 127.0.0.1/32977] INFO  reflections.Reflections (Reflections.java:scan(232)) - Reflections took 39 ms to scan 7 urls, producing 139 keys and 336 values 
2022-11-10 07:16:04,465 [Listener at 127.0.0.1/32977] INFO  statemachine.DatanodeStateMachine (DatanodeStateMachine.java:getEndPointTaskThreadPoolSize(245)) - Datanode State Machine Task Thread Pool size 2
2022-11-10 07:16:04,468 [Listener at 127.0.0.1/32977] INFO  volume.HddsVolume (HddsVolume.java:<init>(117)) - Creating HddsVolume: /home/runner/work/ozone/ozone/hadoop-ozone/integration-test/target/test-dir/MiniOzoneClusterImpl-6c329fba-5d84-49d5-96bd-8530b1407181/datanode-5/data-0/containers/hdds of storage type : DISK capacity : 9223372036854775807
2022-11-10 07:16:04,468 [Listener at 127.0.0.1/32977] INFO  volume.MutableVolumeSet (MutableVolumeSet.java:initializeVolumeSet(174)) - Added Volume : /home/runner/work/ozone/ozone/hadoop-ozone/integration-test/target/test-dir/MiniOzoneClusterImpl-6c329fba-5d84-49d5-96bd-8530b1407181/datanode-5/data-0/containers/hdds to VolumeSet
2022-11-10 07:16:04,468 [Listener at 127.0.0.1/32977] INFO  volume.ThrottledAsyncChecker (ThrottledAsyncChecker.java:schedule(141)) - Scheduling a check for /home/runner/work/ozone/ozone/hadoop-ozone/integration-test/target/test-dir/MiniOzoneClusterImpl-6c329fba-5d84-49d5-96bd-8530b1407181/datanode-5/data-0/containers/hdds
2022-11-10 07:16:04,483 [Listener at 127.0.0.1/32977] INFO  volume.StorageVolumeChecker (StorageVolumeChecker.java:checkAllVolumes(202)) - Scheduled health check for volume /home/runner/work/ozone/ozone/hadoop-ozone/integration-test/target/test-dir/MiniOzoneClusterImpl-6c329fba-5d84-49d5-96bd-8530b1407181/datanode-5/data-0/containers/hdds
2022-11-10 07:16:04,494 [Listener at 127.0.0.1/32977] INFO  volume.MutableVolumeSet (MutableVolumeSet.java:initializeVolumeSet(174)) - Added Volume : /home/runner/work/ozone/ozone/hadoop-ozone/integration-test/target/test-dir/MiniOzoneClusterImpl-6c329fba-5d84-49d5-96bd-8530b1407181/datanode-5/data/ratis to VolumeSet
2022-11-10 07:16:04,495 [Listener at 127.0.0.1/32977] INFO  volume.ThrottledAsyncChecker (ThrottledAsyncChecker.java:schedule(141)) - Scheduling a check for /home/runner/work/ozone/ozone/hadoop-ozone/integration-test/target/test-dir/MiniOzoneClusterImpl-6c329fba-5d84-49d5-96bd-8530b1407181/datanode-5/data/ratis
2022-11-10 07:16:04,495 [Listener at 127.0.0.1/32977] INFO  volume.StorageVolumeChecker (StorageVolumeChecker.java:checkAllVolumes(202)) - Scheduled health check for volume /home/runner/work/ozone/ozone/hadoop-ozone/integration-test/target/test-dir/MiniOzoneClusterImpl-6c329fba-5d84-49d5-96bd-8530b1407181/datanode-5/data/ratis
2022-11-10 07:16:04,506 [Thread-986] INFO  ozoneimpl.ContainerReader (ContainerReader.java:readVolume(175)) - Finish verifying containers on volume /home/runner/work/ozone/ozone/hadoop-ozone/integration-test/target/test-dir/MiniOzoneClusterImpl-6c329fba-5d84-49d5-96bd-8530b1407181/datanode-5/data-0/containers/hdds
2022-11-10 07:16:04,506 [Listener at 127.0.0.1/32977] INFO  ozoneimpl.OzoneContainer (OzoneContainer.java:buildContainerSet(300)) - Build ContainerSet costs 0s
2022-11-10 07:16:04,508 [Listener at 127.0.0.1/32977] INFO  server.RaftServer (ConfUtils.java:logGet(46)) - raft.rpc.type = GRPC (default)
2022-11-10 07:16:04,508 [Listener at 127.0.0.1/32977] INFO  grpc.GrpcConfigKeys (ConfUtils.java:logFallback(53)) - raft.grpc.admin.host = null (fallback to raft.grpc.server.host)
2022-11-10 07:16:04,508 [Listener at 127.0.0.1/32977] INFO  grpc.GrpcConfigKeys (ConfUtils.java:logGet(46)) - raft.grpc.admin.port = 0 (custom)
2022-11-10 07:16:04,509 [Listener at 127.0.0.1/32977] INFO  grpc.GrpcConfigKeys (ConfUtils.java:logFallback(53)) - raft.grpc.client.host = null (fallback to raft.grpc.server.host)
2022-11-10 07:16:04,509 [Listener at 127.0.0.1/32977] INFO  grpc.GrpcConfigKeys (ConfUtils.java:logGet(46)) - raft.grpc.client.port = 0 (custom)
2022-11-10 07:16:04,509 [Listener at 127.0.0.1/32977] INFO  grpc.GrpcConfigKeys (ConfUtils.java:logGet(46)) - raft.grpc.server.host = null (default)
2022-11-10 07:16:04,509 [Listener at 127.0.0.1/32977] INFO  grpc.GrpcConfigKeys (ConfUtils.java:logGet(46)) - raft.grpc.server.port = 0 (default)
2022-11-10 07:16:04,509 [Listener at 127.0.0.1/32977] INFO  server.GrpcService (ConfUtils.java:logGet(46)) - raft.grpc.message.size.max = 32MB (=33554432) (custom)
2022-11-10 07:16:04,509 [Listener at 127.0.0.1/32977] INFO  server.RaftServerConfigKeys (ConfUtils.java:logGet(46)) - raft.server.log.appender.buffer.byte-limit = 33554432 (custom)
2022-11-10 07:16:04,509 [Listener at 127.0.0.1/32977] INFO  server.GrpcService (ConfUtils.java:logGet(46)) - raft.grpc.flow.control.window = 5MB (=5242880) (custom)
2022-11-10 07:16:04,509 [Listener at 127.0.0.1/32977] INFO  server.RaftServerConfigKeys (ConfUtils.java:logGet(46)) - raft.server.rpc.request.timeout = 60s (custom)
2022-11-10 07:16:04,510 [Listener at 127.0.0.1/32977] INFO  grpc.GrpcConfigKeys (ConfUtils.java:logGet(46)) - raft.grpc.server.heartbeat.channel = true (default)
2022-11-10 07:16:04,510 [Listener at 127.0.0.1/32977] INFO  grpc.GrpcConfigKeys (ConfUtils.java:logGet(46)) - raft.grpc.server.async.request.thread.pool.cached = true (default)
2022-11-10 07:16:04,510 [Listener at 127.0.0.1/32977] INFO  grpc.GrpcConfigKeys (ConfUtils.java:logGet(46)) - raft.grpc.server.async.request.thread.pool.size = 32 (default)
2022-11-10 07:16:04,511 [Listener at 127.0.0.1/32977] INFO  impl.DataStreamServerImpl (ConfUtils.java:logGet(46)) - raft.datastream.type = DISABLED (default)
2022-11-10 07:16:04,511 [Listener at 127.0.0.1/32977] INFO  server.RaftServerConfigKeys (ConfUtils.java:logGet(46)) - raft.server.threadpool.proxy.cached = true (default)
2022-11-10 07:16:04,511 [Listener at 127.0.0.1/32977] INFO  server.RaftServerConfigKeys (ConfUtils.java:logGet(46)) - raft.server.threadpool.proxy.size = 0 (default)
2022-11-10 07:16:04,512 [Listener at 127.0.0.1/32977] INFO  server.RaftServerConfigKeys (ConfUtils.java:logGet(46)) - raft.server.rpc.slowness.timeout = 300s (custom)
2022-11-10 07:16:04,512 [Listener at 127.0.0.1/32977] INFO  server.RaftServerConfigKeys (ConfUtils.java:logGet(46)) - raft.server.leaderelection.leader.step-down.wait-time = 10s (default)
2022-11-10 07:16:04,512 [Listener at 127.0.0.1/32977] INFO  server.RaftServerConfigKeys (ConfUtils.java:logGet(46)) - raft.server.storage.dir = [/home/runner/work/ozone/ozone/hadoop-ozone/integration-test/target/test-dir/MiniOzoneClusterImpl-6c329fba-5d84-49d5-96bd-8530b1407181/datanode-5/data/ratis] (custom)
2022-11-10 07:16:04,516 [Listener at 127.0.0.1/32977] INFO  server.XceiverServerGrpc (XceiverServerGrpc.java:<init>(132)) - GrpcServer channel type EpollServerSocketChannel
2022-11-10 07:16:04,519 [Listener at 127.0.0.1/32977] INFO  http.BaseHttpServer (BaseHttpServer.java:newHttpServer2BuilderForOzone(213)) - Starting Web-server for hddsDatanode at: http://0.0.0.0:0
2022-11-10 07:16:04,519 [Listener at 127.0.0.1/32977] INFO  http.BaseHttpServer (BaseHttpServer.java:<init>(108)) - Hadoop Security Enabled: false Ozone Security Enabled: false Ozone HTTP Security Enabled: false 
2022-11-10 07:16:04,520 [Listener at 127.0.0.1/32977] WARN  server.AuthenticationFilter (AuthenticationFilter.java:constructSecretProvider(240)) - Unable to initialize FileSignerSecretProvider, falling back to use random secrets. Reason: Could not read signature secret file: /home/runner/hadoop-http-auth-signature-secret
2022-11-10 07:16:04,523 [Listener at 127.0.0.1/32977] WARN  http.HttpRequestLog (HttpRequestLog.java:getRequestLog(103)) - Jetty request log can only be enabled using Log4j
2022-11-10 07:16:04,524 [Listener at 127.0.0.1/32977] INFO  http.HttpServer2 (HttpServer2.java:addGlobalFilter(1031)) - Added global filter 'safety' (class=org.apache.hadoop.hdds.server.http.HttpServer2$QuotingInputFilter)
2022-11-10 07:16:04,525 [Listener at 127.0.0.1/32977] INFO  http.HttpServer2 (HttpServer2.java:addFilter(1007)) - Added filter static_user_filter (class=org.apache.hadoop.http.lib.StaticUserWebFilter$StaticUserFilter) to context hddsDatanode
2022-11-10 07:16:04,525 [Listener at 127.0.0.1/32977] INFO  http.HttpServer2 (HttpServer2.java:addFilter(1015)) - Added filter static_user_filter (class=org.apache.hadoop.http.lib.StaticUserWebFilter$StaticUserFilter) to context static
2022-11-10 07:16:04,525 [Listener at 127.0.0.1/32977] INFO  http.HttpServer2 (HttpServer2.java:addFilter(1015)) - Added filter static_user_filter (class=org.apache.hadoop.http.lib.StaticUserWebFilter$StaticUserFilter) to context logs
2022-11-10 07:16:04,526 [Listener at 127.0.0.1/32977] INFO  http.HttpServer2 (HttpServer2.java:bindListener(1250)) - Jetty bound to port 38349
2022-11-10 07:16:04,526 [Listener at 127.0.0.1/32977] INFO  server.Server (Server.java:doStart(375)) - jetty-9.4.49.v20220914; built: 2022-09-14T01:07:36.601Z; git: 4231a3b2e4cb8548a412a789936d640a97b1aa0a; jvm 1.8.0_345-b01
2022-11-10 07:16:04,529 [Listener at 127.0.0.1/32977] INFO  server.session (DefaultSessionIdManager.java:doStart(334)) - DefaultSessionIdManager workerName=node0
2022-11-10 07:16:04,529 [Listener at 127.0.0.1/32977] INFO  server.session (DefaultSessionIdManager.java:doStart(339)) - No SessionScavenger set, using defaults
2022-11-10 07:16:04,529 [Listener at 127.0.0.1/32977] INFO  server.session (HouseKeeper.java:startScavenging(132)) - node0 Scavenging every 600000ms
2022-11-10 07:16:04,530 [Listener at 127.0.0.1/32977] INFO  handler.ContextHandler (ContextHandler.java:doStart(921)) - Started o.e.j.s.ServletContextHandler@649dfff8{logs,/logs,file:///home/runner/work/ozone/ozone/hadoop-ozone/integration-test/target/log,AVAILABLE}
2022-11-10 07:16:04,531 [Listener at 127.0.0.1/32977] INFO  handler.ContextHandler (ContextHandler.java:doStart(921)) - Started o.e.j.s.ServletContextHandler@4d2f442e{static,/static,jar:file:/home/runner/.m2/repository/org/apache/ozone/hdds-container-service/1.3.0-SNAPSHOT/hdds-container-service-1.3.0-SNAPSHOT.jar!/webapps/static,AVAILABLE}
2022-11-10 07:16:04,695 [Listener at 127.0.0.1/32977] INFO  handler.ContextHandler (ContextHandler.java:doStart(921)) - Started o.e.j.w.WebAppContext@758fafb5{hddsDatanode,/,file:///tmp/jetty-0_0_0_0-38349-hdds-container-service-1_3_0-SNAPSHOT_jar-_-any-6752345023172574755/webapp/,AVAILABLE}{jar:file:/home/runner/.m2/repository/org/apache/ozone/hdds-container-service/1.3.0-SNAPSHOT/hdds-container-service-1.3.0-SNAPSHOT.jar!/webapps/hddsDatanode}
2022-11-10 07:16:04,697 [Listener at 127.0.0.1/32977] INFO  server.AbstractConnector (AbstractConnector.java:doStart(333)) - Started ServerConnector@bc54966{HTTP/1.1, (http/1.1)}{0.0.0.0:38349}
2022-11-10 07:16:04,697 [Listener at 127.0.0.1/32977] INFO  server.Server (Server.java:doStart(415)) - Started @122177ms
2022-11-10 07:16:04,697 [Listener at 127.0.0.1/32977] WARN  impl.MetricsSystemImpl (MetricsSystemImpl.java:register(279)) - Sink prometheus already exists!
2022-11-10 07:16:04,698 [Listener at 127.0.0.1/32977] INFO  http.BaseHttpServer (BaseHttpServer.java:updateConnectorAddress(333)) - HTTP server of hddsDatanode listening at http://0.0.0.0:38349
2022-11-10 07:16:04,698 [Datanode State Machine Daemon Thread] INFO  statemachine.DatanodeStateMachine (DatanodeStateMachine.java:lambda$startDaemon$0(505)) - Ozone container server started.
2022-11-10 07:16:04,698 [Listener at 127.0.0.1/32977] INFO  ozone.MiniOzoneClusterImpl (MiniOzoneClusterImpl.java:lambda$waitForClusterToBeReady$0(216)) - Waiting for nodes to be ready. Got 0 of 6 DN Heartbeats.
2022-11-10 07:16:04,700 [Listener at 127.0.0.1/32977] INFO  ozone.MiniOzoneClusterImpl (MiniOzoneClusterImpl.java:lambda$waitForClusterToBeReady$0(219)) - Waiting for cluster to exit safe mode
2022-11-10 07:16:04,700 [Listener at 127.0.0.1/32977] INFO  ozone.MiniOzoneClusterImpl (MiniOzoneClusterImpl.java:lambda$waitForClusterToBeReady$0(221)) - SCM became leader
2022-11-10 07:16:04,703 [org.apache.hadoop.util.JvmPauseMonitor$Monitor@451ac4b1] INFO  util.JvmPauseMonitor (JvmPauseMonitor.java:run(188)) - Starting JVM pause monitor
2022-11-10 07:16:04,705 [Datanode State Machine Task Thread - 0] INFO  datanode.InitDatanodeState (InitDatanodeState.java:persistContainerDatanodeDetails(138)) - DatanodeDetails is persisted to /home/runner/work/ozone/ozone/hadoop-ozone/integration-test/target/test-dir/MiniOzoneClusterImpl-6c329fba-5d84-49d5-96bd-8530b1407181/datanode-5/meta/datanode.id
2022-11-10 07:16:05,184 [EndpointStateMachine task thread for /0.0.0.0:34899 - 0 ] INFO  utils.DatanodeStoreCache (DatanodeStoreCache.java:addDB(58)) - Added db /home/runner/work/ozone/ozone/hadoop-ozone/integration-test/target/test-dir/MiniOzoneClusterImpl-6c329fba-5d84-49d5-96bd-8530b1407181/datanode-0/data-0/containers/hdds/6c329fba-5d84-49d5-96bd-8530b1407181/DS-75784bf8-b644-4e90-90b0-4ef4d5c9ffe8/container.db to cache
2022-11-10 07:16:05,185 [EndpointStateMachine task thread for /0.0.0.0:34899 - 0 ] INFO  volume.HddsVolume (HddsVolume.java:createDbStore(307)) - SchemaV3 db is created and loaded at /home/runner/work/ozone/ozone/hadoop-ozone/integration-test/target/test-dir/MiniOzoneClusterImpl-6c329fba-5d84-49d5-96bd-8530b1407181/datanode-0/data-0/containers/hdds/6c329fba-5d84-49d5-96bd-8530b1407181/DS-75784bf8-b644-4e90-90b0-4ef4d5c9ffe8/container.db for volume DS-75784bf8-b644-4e90-90b0-4ef4d5c9ffe8
2022-11-10 07:16:05,185 [EndpointStateMachine task thread for /0.0.0.0:34899 - 0 ] INFO  ozoneimpl.OzoneContainer (OzoneContainer.java:start(378)) - Attempting to start container services.
2022-11-10 07:16:05,185 [EndpointStateMachine task thread for /0.0.0.0:34899 - 0 ] INFO  ozoneimpl.OzoneContainer (OzoneContainer.java:startContainerScrub(313)) - Background container scanner has been disabled.
2022-11-10 07:16:05,187 [EndpointStateMachine task thread for /0.0.0.0:34899 - 0 ] INFO  replication.ReplicationServer (ReplicationServer.java:start(111)) - ReplicationServer is started using port 43925
2022-11-10 07:16:05,187 [EndpointStateMachine task thread for /0.0.0.0:34899 - 0 ] INFO  ratis.XceiverServerRatis (XceiverServerRatis.java:start(481)) - Starting XceiverServerRatis 91b954a0-6378-41b2-9057-8851e07a0c7d
2022-11-10 07:16:05,188 [EndpointStateMachine task thread for /0.0.0.0:34899 - 0 ] INFO  server.RaftServer (RaftServerProxy.java:startImpl(393)) - 91b954a0-6378-41b2-9057-8851e07a0c7d: start RPC server
2022-11-10 07:16:05,192 [EndpointStateMachine task thread for /0.0.0.0:34899 - 0 ] INFO  server.GrpcService (GrpcService.java:startImpl(270)) - 91b954a0-6378-41b2-9057-8851e07a0c7d: GrpcService started, listening on 36765
2022-11-10 07:16:05,192 [EndpointStateMachine task thread for /0.0.0.0:34899 - 0 ] INFO  ratis.XceiverServerRatis (XceiverServerRatis.java:getRealPort(502)) - XceiverServerRatis 91b954a0-6378-41b2-9057-8851e07a0c7d is started using port 36765 for RATIS
2022-11-10 07:16:05,192 [EndpointStateMachine task thread for /0.0.0.0:34899 - 0 ] INFO  ratis.XceiverServerRatis (XceiverServerRatis.java:getRealPort(502)) - XceiverServerRatis 91b954a0-6378-41b2-9057-8851e07a0c7d is started using port 36765 for RATIS_ADMIN
2022-11-10 07:16:05,192 [EndpointStateMachine task thread for /0.0.0.0:34899 - 0 ] INFO  ratis.XceiverServerRatis (XceiverServerRatis.java:getRealPort(502)) - XceiverServerRatis 91b954a0-6378-41b2-9057-8851e07a0c7d is started using port 36765 for RATIS_SERVER
2022-11-10 07:16:05,193 [JvmPauseMonitor12] INFO  util.JvmPauseMonitor (JvmPauseMonitor.java:run(105)) - JvmPauseMonitor-91b954a0-6378-41b2-9057-8851e07a0c7d: Started
2022-11-10 07:16:05,194 [EndpointStateMachine task thread for /0.0.0.0:34899 - 0 ] INFO  server.XceiverServerGrpc (XceiverServerGrpc.java:start(180)) - XceiverServerGrpc 91b954a0-6378-41b2-9057-8851e07a0c7d is started using port 38167
2022-11-10 07:16:05,525 [EndpointStateMachine task thread for /0.0.0.0:34899 - 0 ] INFO  utils.DatanodeStoreCache (DatanodeStoreCache.java:addDB(58)) - Added db /home/runner/work/ozone/ozone/hadoop-ozone/integration-test/target/test-dir/MiniOzoneClusterImpl-6c329fba-5d84-49d5-96bd-8530b1407181/datanode-1/data-0/containers/hdds/6c329fba-5d84-49d5-96bd-8530b1407181/DS-24ac21ca-1d22-48d7-a65e-8183d9504b5e/container.db to cache
2022-11-10 07:16:05,526 [EndpointStateMachine task thread for /0.0.0.0:34899 - 0 ] INFO  volume.HddsVolume (HddsVolume.java:createDbStore(307)) - SchemaV3 db is created and loaded at /home/runner/work/ozone/ozone/hadoop-ozone/integration-test/target/test-dir/MiniOzoneClusterImpl-6c329fba-5d84-49d5-96bd-8530b1407181/datanode-1/data-0/containers/hdds/6c329fba-5d84-49d5-96bd-8530b1407181/DS-24ac21ca-1d22-48d7-a65e-8183d9504b5e/container.db for volume DS-24ac21ca-1d22-48d7-a65e-8183d9504b5e
2022-11-10 07:16:05,526 [EndpointStateMachine task thread for /0.0.0.0:34899 - 0 ] INFO  ozoneimpl.OzoneContainer (OzoneContainer.java:start(378)) - Attempting to start container services.
2022-11-10 07:16:05,526 [EndpointStateMachine task thread for /0.0.0.0:34899 - 0 ] INFO  ozoneimpl.OzoneContainer (OzoneContainer.java:startContainerScrub(313)) - Background container scanner has been disabled.
2022-11-10 07:16:05,528 [EndpointStateMachine task thread for /0.0.0.0:34899 - 0 ] INFO  replication.ReplicationServer (ReplicationServer.java:start(111)) - ReplicationServer is started using port 40117
2022-11-10 07:16:05,529 [EndpointStateMachine task thread for /0.0.0.0:34899 - 0 ] INFO  ratis.XceiverServerRatis (XceiverServerRatis.java:start(481)) - Starting XceiverServerRatis 37bda9b0-0df5-4ea8-952a-0c6f71b93e6d
2022-11-10 07:16:05,529 [EndpointStateMachine task thread for /0.0.0.0:34899 - 0 ] INFO  server.RaftServer (RaftServerProxy.java:startImpl(393)) - 37bda9b0-0df5-4ea8-952a-0c6f71b93e6d: start RPC server
2022-11-10 07:16:05,532 [EndpointStateMachine task thread for /0.0.0.0:34899 - 0 ] INFO  server.GrpcService (GrpcService.java:startImpl(270)) - 37bda9b0-0df5-4ea8-952a-0c6f71b93e6d: GrpcService started, listening on 43699
2022-11-10 07:16:05,532 [EndpointStateMachine task thread for /0.0.0.0:34899 - 0 ] INFO  ratis.XceiverServerRatis (XceiverServerRatis.java:getRealPort(502)) - XceiverServerRatis 37bda9b0-0df5-4ea8-952a-0c6f71b93e6d is started using port 43699 for RATIS
2022-11-10 07:16:05,532 [JvmPauseMonitor13] INFO  util.JvmPauseMonitor (JvmPauseMonitor.java:run(105)) - JvmPauseMonitor-37bda9b0-0df5-4ea8-952a-0c6f71b93e6d: Started
2022-11-10 07:16:05,532 [EndpointStateMachine task thread for /0.0.0.0:34899 - 0 ] INFO  ratis.XceiverServerRatis (XceiverServerRatis.java:getRealPort(502)) - XceiverServerRatis 37bda9b0-0df5-4ea8-952a-0c6f71b93e6d is started using port 43699 for RATIS_ADMIN
2022-11-10 07:16:05,533 [EndpointStateMachine task thread for /0.0.0.0:34899 - 0 ] INFO  ratis.XceiverServerRatis (XceiverServerRatis.java:getRealPort(502)) - XceiverServerRatis 37bda9b0-0df5-4ea8-952a-0c6f71b93e6d is started using port 43699 for RATIS_SERVER
2022-11-10 07:16:05,534 [EndpointStateMachine task thread for /0.0.0.0:34899 - 0 ] INFO  server.XceiverServerGrpc (XceiverServerGrpc.java:start(180)) - XceiverServerGrpc 37bda9b0-0df5-4ea8-952a-0c6f71b93e6d is started using port 39567
2022-11-10 07:16:05,700 [Listener at 127.0.0.1/32977] INFO  ozone.MiniOzoneClusterImpl (MiniOzoneClusterImpl.java:lambda$waitForClusterToBeReady$0(216)) - Waiting for nodes to be ready. Got 0 of 6 DN Heartbeats.
2022-11-10 07:16:05,701 [Listener at 127.0.0.1/32977] INFO  ozone.MiniOzoneClusterImpl (MiniOzoneClusterImpl.java:lambda$waitForClusterToBeReady$0(219)) - Waiting for cluster to exit safe mode
2022-11-10 07:16:05,701 [Listener at 127.0.0.1/32977] INFO  ozone.MiniOzoneClusterImpl (MiniOzoneClusterImpl.java:lambda$waitForClusterToBeReady$0(221)) - SCM became leader
2022-11-10 07:16:05,810 [EndpointStateMachine task thread for /0.0.0.0:34899 - 0 ] INFO  utils.DatanodeStoreCache (DatanodeStoreCache.java:addDB(58)) - Added db /home/runner/work/ozone/ozone/hadoop-ozone/integration-test/target/test-dir/MiniOzoneClusterImpl-6c329fba-5d84-49d5-96bd-8530b1407181/datanode-2/data-0/containers/hdds/6c329fba-5d84-49d5-96bd-8530b1407181/DS-3734cc13-9cdc-4f6f-8da6-77616c1fcacd/container.db to cache
2022-11-10 07:16:05,810 [EndpointStateMachine task thread for /0.0.0.0:34899 - 0 ] INFO  volume.HddsVolume (HddsVolume.java:createDbStore(307)) - SchemaV3 db is created and loaded at /home/runner/work/ozone/ozone/hadoop-ozone/integration-test/target/test-dir/MiniOzoneClusterImpl-6c329fba-5d84-49d5-96bd-8530b1407181/datanode-2/data-0/containers/hdds/6c329fba-5d84-49d5-96bd-8530b1407181/DS-3734cc13-9cdc-4f6f-8da6-77616c1fcacd/container.db for volume DS-3734cc13-9cdc-4f6f-8da6-77616c1fcacd
2022-11-10 07:16:05,810 [EndpointStateMachine task thread for /0.0.0.0:34899 - 0 ] INFO  ozoneimpl.OzoneContainer (OzoneContainer.java:start(378)) - Attempting to start container services.
2022-11-10 07:16:05,810 [EndpointStateMachine task thread for /0.0.0.0:34899 - 0 ] INFO  ozoneimpl.OzoneContainer (OzoneContainer.java:startContainerScrub(313)) - Background container scanner has been disabled.
2022-11-10 07:16:05,817 [EndpointStateMachine task thread for /0.0.0.0:34899 - 0 ] INFO  replication.ReplicationServer (ReplicationServer.java:start(111)) - ReplicationServer is started using port 39687
2022-11-10 07:16:05,818 [EndpointStateMachine task thread for /0.0.0.0:34899 - 0 ] INFO  ratis.XceiverServerRatis (XceiverServerRatis.java:start(481)) - Starting XceiverServerRatis ebd53443-e3ae-4256-96ac-f1308b179955
2022-11-10 07:16:05,818 [EndpointStateMachine task thread for /0.0.0.0:34899 - 0 ] INFO  server.RaftServer (RaftServerProxy.java:startImpl(393)) - ebd53443-e3ae-4256-96ac-f1308b179955: start RPC server
2022-11-10 07:16:05,820 [EndpointStateMachine task thread for /0.0.0.0:34899 - 0 ] INFO  server.GrpcService (GrpcService.java:startImpl(270)) - ebd53443-e3ae-4256-96ac-f1308b179955: GrpcService started, listening on 38343
2022-11-10 07:16:05,820 [EndpointStateMachine task thread for /0.0.0.0:34899 - 0 ] INFO  ratis.XceiverServerRatis (XceiverServerRatis.java:getRealPort(502)) - XceiverServerRatis ebd53443-e3ae-4256-96ac-f1308b179955 is started using port 38343 for RATIS
2022-11-10 07:16:05,820 [JvmPauseMonitor14] INFO  util.JvmPauseMonitor (JvmPauseMonitor.java:run(105)) - JvmPauseMonitor-ebd53443-e3ae-4256-96ac-f1308b179955: Started
2022-11-10 07:16:05,820 [EndpointStateMachine task thread for /0.0.0.0:34899 - 0 ] INFO  ratis.XceiverServerRatis (XceiverServerRatis.java:getRealPort(502)) - XceiverServerRatis ebd53443-e3ae-4256-96ac-f1308b179955 is started using port 38343 for RATIS_ADMIN
2022-11-10 07:16:05,820 [EndpointStateMachine task thread for /0.0.0.0:34899 - 0 ] INFO  ratis.XceiverServerRatis (XceiverServerRatis.java:getRealPort(502)) - XceiverServerRatis ebd53443-e3ae-4256-96ac-f1308b179955 is started using port 38343 for RATIS_SERVER
2022-11-10 07:16:05,822 [EndpointStateMachine task thread for /0.0.0.0:34899 - 0 ] INFO  server.XceiverServerGrpc (XceiverServerGrpc.java:start(180)) - XceiverServerGrpc ebd53443-e3ae-4256-96ac-f1308b179955 is started using port 34093
2022-11-10 07:16:06,140 [EndpointStateMachine task thread for /0.0.0.0:34899 - 0 ] INFO  utils.DatanodeStoreCache (DatanodeStoreCache.java:addDB(58)) - Added db /home/runner/work/ozone/ozone/hadoop-ozone/integration-test/target/test-dir/MiniOzoneClusterImpl-6c329fba-5d84-49d5-96bd-8530b1407181/datanode-3/data-0/containers/hdds/6c329fba-5d84-49d5-96bd-8530b1407181/DS-2c47adce-3e8c-4e42-b9d9-48ca5bae3ed9/container.db to cache
2022-11-10 07:16:06,140 [EndpointStateMachine task thread for /0.0.0.0:34899 - 0 ] INFO  volume.HddsVolume (HddsVolume.java:createDbStore(307)) - SchemaV3 db is created and loaded at /home/runner/work/ozone/ozone/hadoop-ozone/integration-test/target/test-dir/MiniOzoneClusterImpl-6c329fba-5d84-49d5-96bd-8530b1407181/datanode-3/data-0/containers/hdds/6c329fba-5d84-49d5-96bd-8530b1407181/DS-2c47adce-3e8c-4e42-b9d9-48ca5bae3ed9/container.db for volume DS-2c47adce-3e8c-4e42-b9d9-48ca5bae3ed9
2022-11-10 07:16:06,140 [EndpointStateMachine task thread for /0.0.0.0:34899 - 0 ] INFO  ozoneimpl.OzoneContainer (OzoneContainer.java:start(378)) - Attempting to start container services.
2022-11-10 07:16:06,140 [EndpointStateMachine task thread for /0.0.0.0:34899 - 0 ] INFO  ozoneimpl.OzoneContainer (OzoneContainer.java:startContainerScrub(313)) - Background container scanner has been disabled.
2022-11-10 07:16:06,144 [EndpointStateMachine task thread for /0.0.0.0:34899 - 0 ] INFO  replication.ReplicationServer (ReplicationServer.java:start(111)) - ReplicationServer is started using port 43701
2022-11-10 07:16:06,145 [EndpointStateMachine task thread for /0.0.0.0:34899 - 0 ] INFO  ratis.XceiverServerRatis (XceiverServerRatis.java:start(481)) - Starting XceiverServerRatis 2761f105-bad8-4cc1-bdb0-f2de1107aa09
2022-11-10 07:16:06,145 [EndpointStateMachine task thread for /0.0.0.0:34899 - 0 ] INFO  server.RaftServer (RaftServerProxy.java:startImpl(393)) - 2761f105-bad8-4cc1-bdb0-f2de1107aa09: start RPC server
2022-11-10 07:16:06,148 [EndpointStateMachine task thread for /0.0.0.0:34899 - 0 ] INFO  server.GrpcService (GrpcService.java:startImpl(270)) - 2761f105-bad8-4cc1-bdb0-f2de1107aa09: GrpcService started, listening on 44127
2022-11-10 07:16:06,148 [EndpointStateMachine task thread for /0.0.0.0:34899 - 0 ] INFO  ratis.XceiverServerRatis (XceiverServerRatis.java:getRealPort(502)) - XceiverServerRatis 2761f105-bad8-4cc1-bdb0-f2de1107aa09 is started using port 44127 for RATIS
2022-11-10 07:16:06,148 [JvmPauseMonitor15] INFO  util.JvmPauseMonitor (JvmPauseMonitor.java:run(105)) - JvmPauseMonitor-2761f105-bad8-4cc1-bdb0-f2de1107aa09: Started
2022-11-10 07:16:06,148 [EndpointStateMachine task thread for /0.0.0.0:34899 - 0 ] INFO  ratis.XceiverServerRatis (XceiverServerRatis.java:getRealPort(502)) - XceiverServerRatis 2761f105-bad8-4cc1-bdb0-f2de1107aa09 is started using port 44127 for RATIS_ADMIN
2022-11-10 07:16:06,148 [EndpointStateMachine task thread for /0.0.0.0:34899 - 0 ] INFO  ratis.XceiverServerRatis (XceiverServerRatis.java:getRealPort(502)) - XceiverServerRatis 2761f105-bad8-4cc1-bdb0-f2de1107aa09 is started using port 44127 for RATIS_SERVER
2022-11-10 07:16:06,151 [EndpointStateMachine task thread for /0.0.0.0:34899 - 0 ] INFO  server.XceiverServerGrpc (XceiverServerGrpc.java:start(180)) - XceiverServerGrpc 2761f105-bad8-4cc1-bdb0-f2de1107aa09 is started using port 39539
2022-11-10 07:16:06,428 [EndpointStateMachine task thread for /0.0.0.0:34899 - 0 ] INFO  utils.DatanodeStoreCache (DatanodeStoreCache.java:addDB(58)) - Added db /home/runner/work/ozone/ozone/hadoop-ozone/integration-test/target/test-dir/MiniOzoneClusterImpl-6c329fba-5d84-49d5-96bd-8530b1407181/datanode-4/data-0/containers/hdds/6c329fba-5d84-49d5-96bd-8530b1407181/DS-47a68bf4-e514-473b-b902-0644ff26ef97/container.db to cache
2022-11-10 07:16:06,428 [EndpointStateMachine task thread for /0.0.0.0:34899 - 0 ] INFO  volume.HddsVolume (HddsVolume.java:createDbStore(307)) - SchemaV3 db is created and loaded at /home/runner/work/ozone/ozone/hadoop-ozone/integration-test/target/test-dir/MiniOzoneClusterImpl-6c329fba-5d84-49d5-96bd-8530b1407181/datanode-4/data-0/containers/hdds/6c329fba-5d84-49d5-96bd-8530b1407181/DS-47a68bf4-e514-473b-b902-0644ff26ef97/container.db for volume DS-47a68bf4-e514-473b-b902-0644ff26ef97
2022-11-10 07:16:06,429 [EndpointStateMachine task thread for /0.0.0.0:34899 - 0 ] INFO  ozoneimpl.OzoneContainer (OzoneContainer.java:start(378)) - Attempting to start container services.
2022-11-10 07:16:06,429 [EndpointStateMachine task thread for /0.0.0.0:34899 - 0 ] INFO  ozoneimpl.OzoneContainer (OzoneContainer.java:startContainerScrub(313)) - Background container scanner has been disabled.
2022-11-10 07:16:06,431 [EndpointStateMachine task thread for /0.0.0.0:34899 - 0 ] INFO  replication.ReplicationServer (ReplicationServer.java:start(111)) - ReplicationServer is started using port 38971
2022-11-10 07:16:06,432 [EndpointStateMachine task thread for /0.0.0.0:34899 - 0 ] INFO  ratis.XceiverServerRatis (XceiverServerRatis.java:start(481)) - Starting XceiverServerRatis 93f75986-a2fd-4e1e-8c9d-e124aac8f1f2
2022-11-10 07:16:06,432 [EndpointStateMachine task thread for /0.0.0.0:34899 - 0 ] INFO  server.RaftServer (RaftServerProxy.java:startImpl(393)) - 93f75986-a2fd-4e1e-8c9d-e124aac8f1f2: start RPC server
2022-11-10 07:16:06,434 [EndpointStateMachine task thread for /0.0.0.0:34899 - 0 ] INFO  server.GrpcService (GrpcService.java:startImpl(270)) - 93f75986-a2fd-4e1e-8c9d-e124aac8f1f2: GrpcService started, listening on 37359
2022-11-10 07:16:06,435 [EndpointStateMachine task thread for /0.0.0.0:34899 - 0 ] INFO  ratis.XceiverServerRatis (XceiverServerRatis.java:getRealPort(502)) - XceiverServerRatis 93f75986-a2fd-4e1e-8c9d-e124aac8f1f2 is started using port 37359 for RATIS
2022-11-10 07:16:06,435 [JvmPauseMonitor16] INFO  util.JvmPauseMonitor (JvmPauseMonitor.java:run(105)) - JvmPauseMonitor-93f75986-a2fd-4e1e-8c9d-e124aac8f1f2: Started
2022-11-10 07:16:06,435 [EndpointStateMachine task thread for /0.0.0.0:34899 - 0 ] INFO  ratis.XceiverServerRatis (XceiverServerRatis.java:getRealPort(502)) - XceiverServerRatis 93f75986-a2fd-4e1e-8c9d-e124aac8f1f2 is started using port 37359 for RATIS_ADMIN
2022-11-10 07:16:06,435 [EndpointStateMachine task thread for /0.0.0.0:34899 - 0 ] INFO  ratis.XceiverServerRatis (XceiverServerRatis.java:getRealPort(502)) - XceiverServerRatis 93f75986-a2fd-4e1e-8c9d-e124aac8f1f2 is started using port 37359 for RATIS_SERVER
2022-11-10 07:16:06,438 [EndpointStateMachine task thread for /0.0.0.0:34899 - 0 ] INFO  server.XceiverServerGrpc (XceiverServerGrpc.java:start(180)) - XceiverServerGrpc 93f75986-a2fd-4e1e-8c9d-e124aac8f1f2 is started using port 40483
2022-11-10 07:16:06,701 [Listener at 127.0.0.1/32977] INFO  ozone.MiniOzoneClusterImpl (MiniOzoneClusterImpl.java:lambda$waitForClusterToBeReady$0(216)) - Waiting for nodes to be ready. Got 0 of 6 DN Heartbeats.
2022-11-10 07:16:06,701 [Listener at 127.0.0.1/32977] INFO  ozone.MiniOzoneClusterImpl (MiniOzoneClusterImpl.java:lambda$waitForClusterToBeReady$0(219)) - Waiting for cluster to exit safe mode
2022-11-10 07:16:06,701 [Listener at 127.0.0.1/32977] INFO  ozone.MiniOzoneClusterImpl (MiniOzoneClusterImpl.java:lambda$waitForClusterToBeReady$0(221)) - SCM became leader
2022-11-10 07:16:06,732 [EndpointStateMachine task thread for /0.0.0.0:34899 - 0 ] INFO  utils.DatanodeStoreCache (DatanodeStoreCache.java:addDB(58)) - Added db /home/runner/work/ozone/ozone/hadoop-ozone/integration-test/target/test-dir/MiniOzoneClusterImpl-6c329fba-5d84-49d5-96bd-8530b1407181/datanode-5/data-0/containers/hdds/6c329fba-5d84-49d5-96bd-8530b1407181/DS-05e1d580-07c0-45fa-953d-cdb79c94a29a/container.db to cache
2022-11-10 07:16:06,732 [EndpointStateMachine task thread for /0.0.0.0:34899 - 0 ] INFO  volume.HddsVolume (HddsVolume.java:createDbStore(307)) - SchemaV3 db is created and loaded at /home/runner/work/ozone/ozone/hadoop-ozone/integration-test/target/test-dir/MiniOzoneClusterImpl-6c329fba-5d84-49d5-96bd-8530b1407181/datanode-5/data-0/containers/hdds/6c329fba-5d84-49d5-96bd-8530b1407181/DS-05e1d580-07c0-45fa-953d-cdb79c94a29a/container.db for volume DS-05e1d580-07c0-45fa-953d-cdb79c94a29a
2022-11-10 07:16:06,732 [EndpointStateMachine task thread for /0.0.0.0:34899 - 0 ] INFO  ozoneimpl.OzoneContainer (OzoneContainer.java:start(378)) - Attempting to start container services.
2022-11-10 07:16:06,732 [EndpointStateMachine task thread for /0.0.0.0:34899 - 0 ] INFO  ozoneimpl.OzoneContainer (OzoneContainer.java:startContainerScrub(313)) - Background container scanner has been disabled.
2022-11-10 07:16:06,735 [EndpointStateMachine task thread for /0.0.0.0:34899 - 0 ] INFO  replication.ReplicationServer (ReplicationServer.java:start(111)) - ReplicationServer is started using port 40973
2022-11-10 07:16:06,735 [EndpointStateMachine task thread for /0.0.0.0:34899 - 0 ] INFO  ratis.XceiverServerRatis (XceiverServerRatis.java:start(481)) - Starting XceiverServerRatis 61b4adde-551e-4095-bce8-06739a9df4a2
2022-11-10 07:16:06,736 [EndpointStateMachine task thread for /0.0.0.0:34899 - 0 ] INFO  server.RaftServer (RaftServerProxy.java:startImpl(393)) - 61b4adde-551e-4095-bce8-06739a9df4a2: start RPC server
2022-11-10 07:16:06,739 [EndpointStateMachine task thread for /0.0.0.0:34899 - 0 ] INFO  server.GrpcService (GrpcService.java:startImpl(270)) - 61b4adde-551e-4095-bce8-06739a9df4a2: GrpcService started, listening on 44441
2022-11-10 07:16:06,739 [EndpointStateMachine task thread for /0.0.0.0:34899 - 0 ] INFO  ratis.XceiverServerRatis (XceiverServerRatis.java:getRealPort(502)) - XceiverServerRatis 61b4adde-551e-4095-bce8-06739a9df4a2 is started using port 44441 for RATIS
2022-11-10 07:16:06,739 [JvmPauseMonitor17] INFO  util.JvmPauseMonitor (JvmPauseMonitor.java:run(105)) - JvmPauseMonitor-61b4adde-551e-4095-bce8-06739a9df4a2: Started
2022-11-10 07:16:06,739 [EndpointStateMachine task thread for /0.0.0.0:34899 - 0 ] INFO  ratis.XceiverServerRatis (XceiverServerRatis.java:getRealPort(502)) - XceiverServerRatis 61b4adde-551e-4095-bce8-06739a9df4a2 is started using port 44441 for RATIS_ADMIN
2022-11-10 07:16:06,739 [EndpointStateMachine task thread for /0.0.0.0:34899 - 0 ] INFO  ratis.XceiverServerRatis (XceiverServerRatis.java:getRealPort(502)) - XceiverServerRatis 61b4adde-551e-4095-bce8-06739a9df4a2 is started using port 44441 for RATIS_SERVER
2022-11-10 07:16:06,744 [EndpointStateMachine task thread for /0.0.0.0:34899 - 0 ] INFO  server.XceiverServerGrpc (XceiverServerGrpc.java:start(180)) - XceiverServerGrpc 61b4adde-551e-4095-bce8-06739a9df4a2 is started using port 36633
2022-11-10 07:16:07,153 [IPC Server handler 2 on default port 34899] INFO  net.NetworkTopologyImpl (NetworkTopologyImpl.java:add(112)) - Added a new node: /default-rack/91b954a0-6378-41b2-9057-8851e07a0c7d
2022-11-10 07:16:07,153 [IPC Server handler 2 on default port 34899] INFO  node.SCMNodeManager (SCMNodeManager.java:register(397)) - Registered Data node : 91b954a0-6378-41b2-9057-8851e07a0c7d{ip: 10.1.0.59, host: fv-az435-205.hcxxyugg5vdudo0mn2smve0l3g.cx.internal.cloudapp.net, ports: [REPLICATION=43925, RATIS=36765, RATIS_ADMIN=36765, RATIS_SERVER=36765, STANDALONE=38167], networkLocation: /default-rack, certSerialId: null, persistedOpState: null, persistedOpStateExpiryEpochSec: 0}
2022-11-10 07:16:07,155 [EventQueue-NodeRegistrationContainerReportForContainerSafeModeRule] INFO  safemode.SCMSafeModeManager (SCMSafeModeManager.java:validateSafeModeExitRules(204)) - ContainerSafeModeRule rule is successfully validated
2022-11-10 07:16:07,156 [EventQueue-NewNodeForNewNodeHandler] INFO  pipeline.BackgroundPipelineCreator (BackgroundPipelineCreator.java:notifyEventTriggered(276)) - trigger a one-shot run on RatisPipelineUtilsThread.
2022-11-10 07:16:07,156 [EventQueue-NodeRegistrationContainerReportForDataNodeSafeModeRule] INFO  safemode.SCMSafeModeManager (DataNodeSafeModeRule.java:process(71)) - SCM in safe mode. 1 DataNodes registered, 3 required.
2022-11-10 07:16:07,157 [EventQueue-PipelineReportForOneReplicaPipelineSafeModeRule] INFO  safemode.SCMSafeModeManager (SCMSafeModeManager.java:validateSafeModeExitRules(204)) - AtleastOneDatanodeReportedRule rule is successfully validated
2022-11-10 07:16:07,486 [IPC Server handler 1 on default port 34899] INFO  net.NetworkTopologyImpl (NetworkTopologyImpl.java:add(112)) - Added a new node: /default-rack/37bda9b0-0df5-4ea8-952a-0c6f71b93e6d
2022-11-10 07:16:07,486 [IPC Server handler 1 on default port 34899] INFO  node.SCMNodeManager (SCMNodeManager.java:register(397)) - Registered Data node : 37bda9b0-0df5-4ea8-952a-0c6f71b93e6d{ip: 10.1.0.59, host: fv-az435-205.hcxxyugg5vdudo0mn2smve0l3g.cx.internal.cloudapp.net, ports: [REPLICATION=40117, RATIS=43699, RATIS_ADMIN=43699, RATIS_SERVER=43699, STANDALONE=39567], networkLocation: /default-rack, certSerialId: null, persistedOpState: null, persistedOpStateExpiryEpochSec: 0}
2022-11-10 07:16:07,487 [EventQueue-NodeRegistrationContainerReportForDataNodeSafeModeRule] INFO  safemode.SCMSafeModeManager (DataNodeSafeModeRule.java:process(71)) - SCM in safe mode. 2 DataNodes registered, 3 required.
2022-11-10 07:16:07,487 [EventQueue-NewNodeForNewNodeHandler] INFO  pipeline.BackgroundPipelineCreator (BackgroundPipelineCreator.java:notifyEventTriggered(276)) - trigger a one-shot run on RatisPipelineUtilsThread.
2022-11-10 07:16:07,702 [Listener at 127.0.0.1/32977] INFO  ozone.MiniOzoneClusterImpl (MiniOzoneClusterImpl.java:lambda$waitForClusterToBeReady$0(216)) - Waiting for nodes to be ready. Got 2 of 6 DN Heartbeats.
2022-11-10 07:16:07,702 [Listener at 127.0.0.1/32977] INFO  ozone.MiniOzoneClusterImpl (MiniOzoneClusterImpl.java:lambda$waitForClusterToBeReady$0(219)) - Waiting for cluster to exit safe mode
2022-11-10 07:16:07,702 [Listener at 127.0.0.1/32977] INFO  ozone.MiniOzoneClusterImpl (MiniOzoneClusterImpl.java:lambda$waitForClusterToBeReady$0(221)) - SCM became leader
2022-11-10 07:16:07,776 [IPC Server handler 3 on default port 34899] INFO  net.NetworkTopologyImpl (NetworkTopologyImpl.java:add(112)) - Added a new node: /default-rack/ebd53443-e3ae-4256-96ac-f1308b179955
2022-11-10 07:16:07,776 [IPC Server handler 3 on default port 34899] INFO  node.SCMNodeManager (SCMNodeManager.java:register(397)) - Registered Data node : ebd53443-e3ae-4256-96ac-f1308b179955{ip: 10.1.0.59, host: fv-az435-205.hcxxyugg5vdudo0mn2smve0l3g.cx.internal.cloudapp.net, ports: [REPLICATION=39687, RATIS=38343, RATIS_ADMIN=38343, RATIS_SERVER=38343, STANDALONE=34093], networkLocation: /default-rack, certSerialId: null, persistedOpState: null, persistedOpStateExpiryEpochSec: 0}
2022-11-10 07:16:07,777 [EventQueue-NewNodeForNewNodeHandler] INFO  pipeline.BackgroundPipelineCreator (BackgroundPipelineCreator.java:notifyEventTriggered(276)) - trigger a one-shot run on RatisPipelineUtilsThread.
2022-11-10 07:16:07,778 [EventQueue-NodeRegistrationContainerReportForDataNodeSafeModeRule] INFO  safemode.SCMSafeModeManager (DataNodeSafeModeRule.java:process(71)) - SCM in safe mode. 3 DataNodes registered, 3 required.
2022-11-10 07:16:07,778 [EventQueue-NodeRegistrationContainerReportForDataNodeSafeModeRule] INFO  safemode.SCMSafeModeManager (SCMSafeModeManager.java:validateSafeModeExitRules(204)) - DataNodeSafeModeRule rule is successfully validated
2022-11-10 07:16:07,778 [EventQueue-NodeRegistrationContainerReportForDataNodeSafeModeRule] INFO  safemode.SCMSafeModeManager (SCMSafeModeManager.java:completePreCheck(233)) - All SCM safe mode pre check rules have passed
2022-11-10 07:16:07,778 [EventQueue-NodeRegistrationContainerReportForDataNodeSafeModeRule] WARN  events.EventQueue (EventQueue.java:fireEvent(216)) - No event handler registered for event TypedEvent{payloadType=SafeModeStatus, name='Safe mode status'}
2022-11-10 07:16:07,778 [EventQueue-NodeRegistrationContainerReportForDataNodeSafeModeRule] INFO  ha.SCMContext (SCMContext.java:updateSafeModeStatus(228)) - Update SafeModeStatus from SafeModeStatus{safeModeStatus=true, preCheckPassed=false} to SafeModeStatus{safeModeStatus=true, preCheckPassed=true}.
2022-11-10 07:16:07,778 [EventQueue-NodeRegistrationContainerReportForDataNodeSafeModeRule] INFO  pipeline.BackgroundPipelineCreator (BackgroundPipelineCreator.java:notifyEventTriggered(276)) - trigger a one-shot run on RatisPipelineUtilsThread.
2022-11-10 07:16:07,779 [RatisPipelineUtilsThread - 0] INFO  pipeline.RatisPipelineProvider (RatisPipelineProvider.java:lambda$create$0(195)) - Sending CreatePipelineCommand for pipeline:PipelineID=181faa83-6378-4eb1-95c4-d2b3a0d0972f to datanode:37bda9b0-0df5-4ea8-952a-0c6f71b93e6d
2022-11-10 07:16:07,779 [RatisPipelineUtilsThread - 0] INFO  pipeline.RatisPipelineProvider (RatisPipelineProvider.java:lambda$create$0(195)) - Sending CreatePipelineCommand for pipeline:PipelineID=181faa83-6378-4eb1-95c4-d2b3a0d0972f to datanode:91b954a0-6378-41b2-9057-8851e07a0c7d
2022-11-10 07:16:07,779 [RatisPipelineUtilsThread - 0] INFO  pipeline.RatisPipelineProvider (RatisPipelineProvider.java:lambda$create$0(195)) - Sending CreatePipelineCommand for pipeline:PipelineID=181faa83-6378-4eb1-95c4-d2b3a0d0972f to datanode:ebd53443-e3ae-4256-96ac-f1308b179955
2022-11-10 07:16:07,780 [RatisPipelineUtilsThread - 0] INFO  pipeline.PipelineStateManagerImpl (PipelineStateManagerImpl.java:addPipeline(103)) - Created pipeline Pipeline[ Id: 181faa83-6378-4eb1-95c4-d2b3a0d0972f, Nodes: 37bda9b0-0df5-4ea8-952a-0c6f71b93e6d{ip: 10.1.0.59, host: fv-az435-205.hcxxyugg5vdudo0mn2smve0l3g.cx.internal.cloudapp.net, ports: [REPLICATION=40117, RATIS=43699, RATIS_ADMIN=43699, RATIS_SERVER=43699, STANDALONE=39567], networkLocation: /default-rack, certSerialId: null, persistedOpState: IN_SERVICE, persistedOpStateExpiryEpochSec: 0}91b954a0-6378-41b2-9057-8851e07a0c7d{ip: 10.1.0.59, host: fv-az435-205.hcxxyugg5vdudo0mn2smve0l3g.cx.internal.cloudapp.net, ports: [REPLICATION=43925, RATIS=36765, RATIS_ADMIN=36765, RATIS_SERVER=36765, STANDALONE=38167], networkLocation: /default-rack, certSerialId: null, persistedOpState: IN_SERVICE, persistedOpStateExpiryEpochSec: 0}ebd53443-e3ae-4256-96ac-f1308b179955{ip: 10.1.0.59, host: fv-az435-205.hcxxyugg5vdudo0mn2smve0l3g.cx.internal.cloudapp.net, ports: [REPLICATION=39687, RATIS=38343, RATIS_ADMIN=38343, RATIS_SERVER=38343, STANDALONE=34093], networkLocation: /default-rack, certSerialId: null, persistedOpState: IN_SERVICE, persistedOpStateExpiryEpochSec: 0}, ReplicationConfig: RATIS/THREE, State:ALLOCATED, leaderId:, CreationTimestamp2022-11-10T07:16:07.779Z[Etc/UTC]].
2022-11-10 07:16:07,781 [RatisPipelineUtilsThread - 0] INFO  pipeline.RatisPipelineProvider (RatisPipelineProvider.java:lambda$create$0(195)) - Sending CreatePipelineCommand for pipeline:PipelineID=cbf08c3e-2880-4af4-bef9-35a0037a9220 to datanode:ebd53443-e3ae-4256-96ac-f1308b179955
2022-11-10 07:16:07,781 [RatisPipelineUtilsThread - 0] INFO  pipeline.RatisPipelineProvider (RatisPipelineProvider.java:lambda$create$0(195)) - Sending CreatePipelineCommand for pipeline:PipelineID=cbf08c3e-2880-4af4-bef9-35a0037a9220 to datanode:91b954a0-6378-41b2-9057-8851e07a0c7d
2022-11-10 07:16:07,781 [RatisPipelineUtilsThread - 0] INFO  pipeline.RatisPipelineProvider (RatisPipelineProvider.java:lambda$create$0(195)) - Sending CreatePipelineCommand for pipeline:PipelineID=cbf08c3e-2880-4af4-bef9-35a0037a9220 to datanode:37bda9b0-0df5-4ea8-952a-0c6f71b93e6d
2022-11-10 07:16:07,781 [RatisPipelineUtilsThread - 0] INFO  pipeline.PipelineStateManagerImpl (PipelineStateManagerImpl.java:addPipeline(103)) - Created pipeline Pipeline[ Id: cbf08c3e-2880-4af4-bef9-35a0037a9220, Nodes: ebd53443-e3ae-4256-96ac-f1308b179955{ip: 10.1.0.59, host: fv-az435-205.hcxxyugg5vdudo0mn2smve0l3g.cx.internal.cloudapp.net, ports: [REPLICATION=39687, RATIS=38343, RATIS_ADMIN=38343, RATIS_SERVER=38343, STANDALONE=34093], networkLocation: /default-rack, certSerialId: null, persistedOpState: IN_SERVICE, persistedOpStateExpiryEpochSec: 0}91b954a0-6378-41b2-9057-8851e07a0c7d{ip: 10.1.0.59, host: fv-az435-205.hcxxyugg5vdudo0mn2smve0l3g.cx.internal.cloudapp.net, ports: [REPLICATION=43925, RATIS=36765, RATIS_ADMIN=36765, RATIS_SERVER=36765, STANDALONE=38167], networkLocation: /default-rack, certSerialId: null, persistedOpState: IN_SERVICE, persistedOpStateExpiryEpochSec: 0}37bda9b0-0df5-4ea8-952a-0c6f71b93e6d{ip: 10.1.0.59, host: fv-az435-205.hcxxyugg5vdudo0mn2smve0l3g.cx.internal.cloudapp.net, ports: [REPLICATION=40117, RATIS=43699, RATIS_ADMIN=43699, RATIS_SERVER=43699, STANDALONE=39567], networkLocation: /default-rack, certSerialId: null, persistedOpState: IN_SERVICE, persistedOpStateExpiryEpochSec: 0}, ReplicationConfig: RATIS/THREE, State:ALLOCATED, leaderId:, CreationTimestamp2022-11-10T07:16:07.781Z[Etc/UTC]].
2022-11-10 07:16:07,781 [RatisPipelineUtilsThread - 0] INFO  pipeline.PipelineManagerImpl (PipelineManagerImpl.java:recordMetricsForPipeline(826)) - Pipeline: PipelineID=cbf08c3e-2880-4af4-bef9-35a0037a9220 contains same datanodes as previous pipelines: PipelineID=181faa83-6378-4eb1-95c4-d2b3a0d0972f nodeIds: ebd53443-e3ae-4256-96ac-f1308b179955, 91b954a0-6378-41b2-9057-8851e07a0c7d, 37bda9b0-0df5-4ea8-952a-0c6f71b93e6d
2022-11-10 07:16:08,109 [IPC Server handler 0 on default port 34899] INFO  net.NetworkTopologyImpl (NetworkTopologyImpl.java:add(112)) - Added a new node: /default-rack/2761f105-bad8-4cc1-bdb0-f2de1107aa09
2022-11-10 07:16:08,110 [IPC Server handler 0 on default port 34899] INFO  node.SCMNodeManager (SCMNodeManager.java:register(397)) - Registered Data node : 2761f105-bad8-4cc1-bdb0-f2de1107aa09{ip: 10.1.0.59, host: fv-az435-205.hcxxyugg5vdudo0mn2smve0l3g.cx.internal.cloudapp.net, ports: [REPLICATION=43701, RATIS=44127, RATIS_ADMIN=44127, RATIS_SERVER=44127, STANDALONE=39539], networkLocation: /default-rack, certSerialId: null, persistedOpState: null, persistedOpStateExpiryEpochSec: 0}
2022-11-10 07:16:08,110 [EventQueue-NewNodeForNewNodeHandler] INFO  pipeline.BackgroundPipelineCreator (BackgroundPipelineCreator.java:notifyEventTriggered(276)) - trigger a one-shot run on RatisPipelineUtilsThread.
2022-11-10 07:16:08,399 [IPC Server handler 1 on default port 34899] INFO  net.NetworkTopologyImpl (NetworkTopologyImpl.java:add(112)) - Added a new node: /default-rack/93f75986-a2fd-4e1e-8c9d-e124aac8f1f2
2022-11-10 07:16:08,399 [IPC Server handler 1 on default port 34899] INFO  node.SCMNodeManager (SCMNodeManager.java:register(397)) - Registered Data node : 93f75986-a2fd-4e1e-8c9d-e124aac8f1f2{ip: 10.1.0.59, host: fv-az435-205.hcxxyugg5vdudo0mn2smve0l3g.cx.internal.cloudapp.net, ports: [REPLICATION=38971, RATIS=37359, RATIS_ADMIN=37359, RATIS_SERVER=37359, STANDALONE=40483], networkLocation: /default-rack, certSerialId: null, persistedOpState: null, persistedOpStateExpiryEpochSec: 0}
2022-11-10 07:16:08,399 [EventQueue-NewNodeForNewNodeHandler] INFO  pipeline.BackgroundPipelineCreator (BackgroundPipelineCreator.java:notifyEventTriggered(276)) - trigger a one-shot run on RatisPipelineUtilsThread.
2022-11-10 07:16:08,702 [Listener at 127.0.0.1/32977] INFO  ozone.MiniOzoneClusterImpl (MiniOzoneClusterImpl.java:lambda$waitForClusterToBeReady$0(216)) - Waiting for nodes to be ready. Got 5 of 6 DN Heartbeats.
2022-11-10 07:16:08,703 [Listener at 127.0.0.1/32977] INFO  ozone.MiniOzoneClusterImpl (MiniOzoneClusterImpl.java:lambda$waitForClusterToBeReady$0(219)) - Waiting for cluster to exit safe mode
2022-11-10 07:16:08,703 [Listener at 127.0.0.1/32977] INFO  ozone.MiniOzoneClusterImpl (MiniOzoneClusterImpl.java:lambda$waitForClusterToBeReady$0(221)) - SCM became leader
2022-11-10 07:16:08,705 [IPC Server handler 3 on default port 34899] INFO  net.NetworkTopologyImpl (NetworkTopologyImpl.java:add(112)) - Added a new node: /default-rack/61b4adde-551e-4095-bce8-06739a9df4a2
2022-11-10 07:16:08,705 [IPC Server handler 3 on default port 34899] INFO  node.SCMNodeManager (SCMNodeManager.java:register(397)) - Registered Data node : 61b4adde-551e-4095-bce8-06739a9df4a2{ip: 10.1.0.59, host: fv-az435-205.hcxxyugg5vdudo0mn2smve0l3g.cx.internal.cloudapp.net, ports: [REPLICATION=40973, RATIS=44441, RATIS_ADMIN=44441, RATIS_SERVER=44441, STANDALONE=36633], networkLocation: /default-rack, certSerialId: null, persistedOpState: null, persistedOpStateExpiryEpochSec: 0}
2022-11-10 07:16:08,705 [EventQueue-NewNodeForNewNodeHandler] INFO  pipeline.BackgroundPipelineCreator (BackgroundPipelineCreator.java:notifyEventTriggered(276)) - trigger a one-shot run on RatisPipelineUtilsThread.
2022-11-10 07:16:08,706 [RatisPipelineUtilsThread - 0] INFO  pipeline.RatisPipelineProvider (RatisPipelineProvider.java:lambda$create$0(195)) - Sending CreatePipelineCommand for pipeline:PipelineID=8d3d5767-c6f2-4391-89a8-f29bb377db86 to datanode:2761f105-bad8-4cc1-bdb0-f2de1107aa09
2022-11-10 07:16:08,706 [RatisPipelineUtilsThread - 0] INFO  pipeline.RatisPipelineProvider (RatisPipelineProvider.java:lambda$create$0(195)) - Sending CreatePipelineCommand for pipeline:PipelineID=8d3d5767-c6f2-4391-89a8-f29bb377db86 to datanode:93f75986-a2fd-4e1e-8c9d-e124aac8f1f2
2022-11-10 07:16:08,706 [RatisPipelineUtilsThread - 0] INFO  pipeline.RatisPipelineProvider (RatisPipelineProvider.java:lambda$create$0(195)) - Sending CreatePipelineCommand for pipeline:PipelineID=8d3d5767-c6f2-4391-89a8-f29bb377db86 to datanode:61b4adde-551e-4095-bce8-06739a9df4a2
2022-11-10 07:16:08,706 [RatisPipelineUtilsThread - 0] INFO  pipeline.PipelineStateManagerImpl (PipelineStateManagerImpl.java:addPipeline(103)) - Created pipeline Pipeline[ Id: 8d3d5767-c6f2-4391-89a8-f29bb377db86, Nodes: 2761f105-bad8-4cc1-bdb0-f2de1107aa09{ip: 10.1.0.59, host: fv-az435-205.hcxxyugg5vdudo0mn2smve0l3g.cx.internal.cloudapp.net, ports: [REPLICATION=43701, RATIS=44127, RATIS_ADMIN=44127, RATIS_SERVER=44127, STANDALONE=39539], networkLocation: /default-rack, certSerialId: null, persistedOpState: IN_SERVICE, persistedOpStateExpiryEpochSec: 0}93f75986-a2fd-4e1e-8c9d-e124aac8f1f2{ip: 10.1.0.59, host: fv-az435-205.hcxxyugg5vdudo0mn2smve0l3g.cx.internal.cloudapp.net, ports: [REPLICATION=38971, RATIS=37359, RATIS_ADMIN=37359, RATIS_SERVER=37359, STANDALONE=40483], networkLocation: /default-rack, certSerialId: null, persistedOpState: IN_SERVICE, persistedOpStateExpiryEpochSec: 0}61b4adde-551e-4095-bce8-06739a9df4a2{ip: 10.1.0.59, host: fv-az435-205.hcxxyugg5vdudo0mn2smve0l3g.cx.internal.cloudapp.net, ports: [REPLICATION=40973, RATIS=44441, RATIS_ADMIN=44441, RATIS_SERVER=44441, STANDALONE=36633], networkLocation: /default-rack, certSerialId: null, persistedOpState: IN_SERVICE, persistedOpStateExpiryEpochSec: 0}, ReplicationConfig: RATIS/THREE, State:ALLOCATED, leaderId:, CreationTimestamp2022-11-10T07:16:08.706Z[Etc/UTC]].
2022-11-10 07:16:08,707 [RatisPipelineUtilsThread - 0] INFO  pipeline.RatisPipelineProvider (RatisPipelineProvider.java:lambda$create$0(195)) - Sending CreatePipelineCommand for pipeline:PipelineID=1878dcfb-78e5-4a16-b63f-6a3f1df3bd93 to datanode:61b4adde-551e-4095-bce8-06739a9df4a2
2022-11-10 07:16:08,707 [RatisPipelineUtilsThread - 0] INFO  pipeline.RatisPipelineProvider (RatisPipelineProvider.java:lambda$create$0(195)) - Sending CreatePipelineCommand for pipeline:PipelineID=1878dcfb-78e5-4a16-b63f-6a3f1df3bd93 to datanode:2761f105-bad8-4cc1-bdb0-f2de1107aa09
2022-11-10 07:16:08,707 [RatisPipelineUtilsThread - 0] INFO  pipeline.RatisPipelineProvider (RatisPipelineProvider.java:lambda$create$0(195)) - Sending CreatePipelineCommand for pipeline:PipelineID=1878dcfb-78e5-4a16-b63f-6a3f1df3bd93 to datanode:93f75986-a2fd-4e1e-8c9d-e124aac8f1f2
2022-11-10 07:16:08,708 [RatisPipelineUtilsThread - 0] INFO  pipeline.PipelineStateManagerImpl (PipelineStateManagerImpl.java:addPipeline(103)) - Created pipeline Pipeline[ Id: 1878dcfb-78e5-4a16-b63f-6a3f1df3bd93, Nodes: 61b4adde-551e-4095-bce8-06739a9df4a2{ip: 10.1.0.59, host: fv-az435-205.hcxxyugg5vdudo0mn2smve0l3g.cx.internal.cloudapp.net, ports: [REPLICATION=40973, RATIS=44441, RATIS_ADMIN=44441, RATIS_SERVER=44441, STANDALONE=36633], networkLocation: /default-rack, certSerialId: null, persistedOpState: IN_SERVICE, persistedOpStateExpiryEpochSec: 0}2761f105-bad8-4cc1-bdb0-f2de1107aa09{ip: 10.1.0.59, host: fv-az435-205.hcxxyugg5vdudo0mn2smve0l3g.cx.internal.cloudapp.net, ports: [REPLICATION=43701, RATIS=44127, RATIS_ADMIN=44127, RATIS_SERVER=44127, STANDALONE=39539], networkLocation: /default-rack, certSerialId: null, persistedOpState: IN_SERVICE, persistedOpStateExpiryEpochSec: 0}93f75986-a2fd-4e1e-8c9d-e124aac8f1f2{ip: 10.1.0.59, host: fv-az435-205.hcxxyugg5vdudo0mn2smve0l3g.cx.internal.cloudapp.net, ports: [REPLICATION=38971, RATIS=37359, RATIS_ADMIN=37359, RATIS_SERVER=37359, STANDALONE=40483], networkLocation: /default-rack, certSerialId: null, persistedOpState: IN_SERVICE, persistedOpStateExpiryEpochSec: 0}, ReplicationConfig: RATIS/THREE, State:ALLOCATED, leaderId:, CreationTimestamp2022-11-10T07:16:08.707Z[Etc/UTC]].
2022-11-10 07:16:08,708 [RatisPipelineUtilsThread - 0] INFO  pipeline.PipelineManagerImpl (PipelineManagerImpl.java:recordMetricsForPipeline(826)) - Pipeline: PipelineID=1878dcfb-78e5-4a16-b63f-6a3f1df3bd93 contains same datanodes as previous pipelines: PipelineID=8d3d5767-c6f2-4391-89a8-f29bb377db86 nodeIds: 61b4adde-551e-4095-bce8-06739a9df4a2, 2761f105-bad8-4cc1-bdb0-f2de1107aa09, 93f75986-a2fd-4e1e-8c9d-e124aac8f1f2
2022-11-10 07:16:09,703 [Listener at 127.0.0.1/32977] INFO  ozone.MiniOzoneClusterImpl (MiniOzoneClusterImpl.java:lambda$waitForClusterToBeReady$0(216)) - Nodes are ready. Got 6 of 6 DN Heartbeats.
2022-11-10 07:16:09,703 [Listener at 127.0.0.1/32977] INFO  ozone.MiniOzoneClusterImpl (MiniOzoneClusterImpl.java:lambda$waitForClusterToBeReady$0(219)) - Waiting for cluster to exit safe mode
2022-11-10 07:16:09,703 [Listener at 127.0.0.1/32977] INFO  ozone.MiniOzoneClusterImpl (MiniOzoneClusterImpl.java:lambda$waitForClusterToBeReady$0(221)) - SCM became leader
2022-11-10 07:16:10,153 [Command processor thread] INFO  server.RaftServer (RaftServerProxy.java:addNew(96)) - 91b954a0-6378-41b2-9057-8851e07a0c7d: addNew group-D2B3A0D0972F:[91b954a0-6378-41b2-9057-8851e07a0c7d|rpc:10.1.0.59:36765|priority:0|startupRole:FOLLOWER, ebd53443-e3ae-4256-96ac-f1308b179955|rpc:10.1.0.59:38343|priority:1|startupRole:FOLLOWER, 37bda9b0-0df5-4ea8-952a-0c6f71b93e6d|rpc:10.1.0.59:43699|priority:0|startupRole:FOLLOWER] returns group-D2B3A0D0972F:java.util.concurrent.CompletableFuture@3bbede2[Not completed]
2022-11-10 07:16:10,154 [pool-544-thread-1] INFO  server.RaftServer$Division (RaftServerImpl.java:<init>(195)) - 91b954a0-6378-41b2-9057-8851e07a0c7d: new RaftServerImpl for group-D2B3A0D0972F:[91b954a0-6378-41b2-9057-8851e07a0c7d|rpc:10.1.0.59:36765|priority:0|startupRole:FOLLOWER, ebd53443-e3ae-4256-96ac-f1308b179955|rpc:10.1.0.59:38343|priority:1|startupRole:FOLLOWER, 37bda9b0-0df5-4ea8-952a-0c6f71b93e6d|rpc:10.1.0.59:43699|priority:0|startupRole:FOLLOWER] with ContainerStateMachine:uninitialized
2022-11-10 07:16:10,154 [pool-544-thread-1] INFO  server.RaftServerConfigKeys (ConfUtils.java:logGet(46)) - raft.server.rpc.timeout.min = 5s (custom)
2022-11-10 07:16:10,154 [pool-544-thread-1] INFO  server.RaftServerConfigKeys (ConfUtils.java:logGet(46)) - raft.server.rpc.timeout.max = 5200ms (custom)
2022-11-10 07:16:10,154 [pool-544-thread-1] INFO  server.RaftServerConfigKeys (ConfUtils.java:logGet(46)) - raft.server.rpc.sleep.time = 25ms (default)
2022-11-10 07:16:10,154 [pool-544-thread-1] INFO  server.RaftServerConfigKeys (ConfUtils.java:logGet(46)) - raft.server.rpc.slowness.timeout = 300s (custom)
2022-11-10 07:16:10,154 [pool-544-thread-1] INFO  server.RaftServerConfigKeys (ConfUtils.java:logGet(46)) - raft.server.leaderelection.leader.step-down.wait-time = 10s (default)
2022-11-10 07:16:10,154 [pool-544-thread-1] INFO  server.RaftServerConfigKeys (ConfUtils.java:logGet(46)) - raft.server.sleep.deviation.threshold = 300ms (default)
2022-11-10 07:16:10,154 [pool-544-thread-1] INFO  server.RaftServer$Division (ServerState.java:<init>(118)) - 91b954a0-6378-41b2-9057-8851e07a0c7d@group-D2B3A0D0972F: ConfigurationManager, init=-1: peers:[91b954a0-6378-41b2-9057-8851e07a0c7d|rpc:10.1.0.59:36765|priority:0|startupRole:FOLLOWER, ebd53443-e3ae-4256-96ac-f1308b179955|rpc:10.1.0.59:38343|priority:1|startupRole:FOLLOWER, 37bda9b0-0df5-4ea8-952a-0c6f71b93e6d|rpc:10.1.0.59:43699|priority:0|startupRole:FOLLOWER]|listeners:[], old=null, confs=<EMPTY_MAP>
2022-11-10 07:16:10,154 [pool-544-thread-1] INFO  server.RaftServerConfigKeys (ConfUtils.java:logGet(46)) - raft.server.storage.dir = [/home/runner/work/ozone/ozone/hadoop-ozone/integration-test/target/test-dir/MiniOzoneClusterImpl-6c329fba-5d84-49d5-96bd-8530b1407181/datanode-0/data/ratis] (custom)
2022-11-10 07:16:10,154 [pool-544-thread-1] INFO  server.RaftServerConfigKeys (ConfUtils.java:logGet(46)) - raft.server.log.corruption.policy = EXCEPTION (default)
2022-11-10 07:16:10,154 [pool-544-thread-1] INFO  server.RaftServerConfigKeys (ConfUtils.java:logGet(46)) - raft.server.storage.free-space.min = 0MB (=0) (default)
2022-11-10 07:16:10,155 [pool-544-thread-1] INFO  server.RaftServerConfigKeys (ConfUtils.java:logGet(46)) - raft.server.notification.no-leader.timeout = 300s (custom)
2022-11-10 07:16:10,155 [pool-544-thread-1] INFO  server.RaftServerConfigKeys (ConfUtils.java:logGet(46)) - raft.server.retrycache.expirytime = 600000ms (custom)
2022-11-10 07:16:10,155 [pool-544-thread-1] INFO  server.RaftServerConfigKeys (ConfUtils.java:logGet(46)) - raft.server.retrycache.statistics.expirytime = 100μs (default)
2022-11-10 07:16:10,156 [pool-544-thread-1] INFO  server.RaftServerConfigKeys (ConfUtils.java:logGet(46)) - raft.server.log.appender.install.snapshot.enabled = false (custom)
2022-11-10 07:16:10,156 [pool-544-thread-1] INFO  server.RaftServerConfigKeys (ConfUtils.java:logGet(46)) - raft.server.threadpool.server.cached = true (default)
2022-11-10 07:16:10,156 [pool-544-thread-1] INFO  server.RaftServerConfigKeys (ConfUtils.java:logGet(46)) - raft.server.threadpool.server.size = 0 (default)
2022-11-10 07:16:10,156 [pool-544-thread-1] INFO  server.RaftServerConfigKeys (ConfUtils.java:logGet(46)) - raft.server.threadpool.client.cached = true (default)
2022-11-10 07:16:10,156 [pool-544-thread-1] INFO  server.RaftServerConfigKeys (ConfUtils.java:logGet(46)) - raft.server.threadpool.client.size = 0 (default)
2022-11-10 07:16:10,156 [pool-544-thread-1] INFO  storage.RaftStorageDirectory (RaftStorageDirectoryImpl.java:analyzeStorage(137)) - The storage directory /home/runner/work/ozone/ozone/hadoop-ozone/integration-test/target/test-dir/MiniOzoneClusterImpl-6c329fba-5d84-49d5-96bd-8530b1407181/datanode-0/data/ratis/181faa83-6378-4eb1-95c4-d2b3a0d0972f does not exist. Creating ...
2022-11-10 07:16:10,158 [pool-544-thread-1] INFO  storage.RaftStorageDirectory (RaftStorageDirectoryImpl.java:tryLock(231)) - Lock on /home/runner/work/ozone/ozone/hadoop-ozone/integration-test/target/test-dir/MiniOzoneClusterImpl-6c329fba-5d84-49d5-96bd-8530b1407181/datanode-0/data/ratis/181faa83-6378-4eb1-95c4-d2b3a0d0972f/in_use.lock acquired by nodename 12028@fv-az435-205
2022-11-10 07:16:10,159 [pool-544-thread-1] INFO  storage.RaftStorage (RaftStorageImpl.java:format(96)) - Storage directory /home/runner/work/ozone/ozone/hadoop-ozone/integration-test/target/test-dir/MiniOzoneClusterImpl-6c329fba-5d84-49d5-96bd-8530b1407181/datanode-0/data/ratis/181faa83-6378-4eb1-95c4-d2b3a0d0972f has been successfully formatted.
2022-11-10 07:16:10,160 [pool-544-thread-1] INFO  ratis.ContainerStateMachine (ContainerStateMachine.java:loadSnapshot(236)) - group-D2B3A0D0972F: The snapshot info is null. Setting the last applied indexto:(t:0, i:~)
2022-11-10 07:16:10,160 [pool-544-thread-1] INFO  server.RaftServerConfigKeys (ConfUtils.java:logGet(46)) - raft.server.log.use.memory = false (default)
2022-11-10 07:16:10,160 [pool-544-thread-1] INFO  server.RaftServerConfigKeys (ConfUtils.java:logGet(46)) - raft.server.log.purge.gap = 1000000 (custom)
2022-11-10 07:16:10,160 [pool-544-thread-1] INFO  server.RaftServerConfigKeys (ConfUtils.java:logGet(46)) - raft.server.log.appender.buffer.byte-limit = 33554432 (custom)
2022-11-10 07:16:10,160 [pool-544-thread-1] INFO  server.RaftServerConfigKeys (ConfUtils.java:logGet(46)) - raft.server.log.statemachine.data.read.timeout = 1000ms (default)
2022-11-10 07:16:10,161 [pool-544-thread-1] INFO  server.RaftServerConfigKeys (ConfUtils.java:logGet(46)) - raft.server.log.purge.preservation.log.num = 0 (default)
2022-11-10 07:16:10,161 [pool-544-thread-1] INFO  server.RaftServerConfigKeys (ConfUtils.java:logGet(46)) - raft.server.log.segment.size.max = 1048576 (custom)
2022-11-10 07:16:10,162 [pool-544-thread-1] INFO  server.RaftServerConfigKeys (ConfUtils.java:logGet(46)) - raft.server.log.segment.cache.num.max = 2 (custom)
2022-11-10 07:16:10,162 [pool-544-thread-1] INFO  server.RaftServerConfigKeys (ConfUtils.java:logGet(46)) - raft.server.log.segment.cache.size.max = 200MB (=209715200) (default)
2022-11-10 07:16:10,162 [pool-544-thread-1] INFO  segmented.SegmentedRaftLogWorker (SegmentedRaftLogWorker.java:<init>(191)) - new 91b954a0-6378-41b2-9057-8851e07a0c7d@group-D2B3A0D0972F-SegmentedRaftLogWorker for RaftStorageImpl:Storage Directory /home/runner/work/ozone/ozone/hadoop-ozone/integration-test/target/test-dir/MiniOzoneClusterImpl-6c329fba-5d84-49d5-96bd-8530b1407181/datanode-0/data/ratis/181faa83-6378-4eb1-95c4-d2b3a0d0972f
2022-11-10 07:16:10,162 [pool-544-thread-1] INFO  server.RaftServerConfigKeys (ConfUtils.java:logGet(46)) - raft.server.log.queue.byte-limit = 4294967296 (custom)
2022-11-10 07:16:10,162 [pool-544-thread-1] INFO  server.RaftServerConfigKeys (ConfUtils.java:logGet(46)) - raft.server.log.queue.element-limit = 1024 (custom)
2022-11-10 07:16:10,162 [pool-544-thread-1] INFO  server.RaftServerConfigKeys (ConfUtils.java:logGet(46)) - raft.server.log.segment.size.max = 1048576 (custom)
2022-11-10 07:16:10,162 [pool-544-thread-1] INFO  server.RaftServerConfigKeys (ConfUtils.java:logGet(46)) - raft.server.log.preallocated.size = 16384 (custom)
2022-11-10 07:16:10,162 [pool-544-thread-1] INFO  server.RaftServerConfigKeys (ConfUtils.java:logGet(46)) - raft.server.log.force.sync.num = 128 (default)
2022-11-10 07:16:10,162 [pool-544-thread-1] INFO  server.RaftServerConfigKeys (ConfUtils.java:logGet(46)) - raft.server.log.statemachine.data.sync = true (default)
2022-11-10 07:16:10,162 [pool-544-thread-1] INFO  server.RaftServerConfigKeys (ConfUtils.java:logGet(46)) - raft.server.log.statemachine.data.sync.timeout = 10s (default)
2022-11-10 07:16:10,162 [pool-544-thread-1] INFO  server.RaftServerConfigKeys (ConfUtils.java:logGet(46)) - raft.server.log.statemachine.data.sync.timeout.retry = -1 (default)
2022-11-10 07:16:10,163 [pool-544-thread-1] INFO  server.RaftServerConfigKeys (ConfUtils.java:logGet(46)) - raft.server.log.write.buffer.size = 1048576 (custom)
2022-11-10 07:16:10,163 [pool-544-thread-1] INFO  server.RaftServerConfigKeys (ConfUtils.java:logGet(46)) - raft.server.log.unsafe-flush.enabled = false (default)
2022-11-10 07:16:10,163 [pool-544-thread-1] INFO  server.RaftServerConfigKeys (ConfUtils.java:logGet(46)) - raft.server.log.async-flush.enabled = false (default)
2022-11-10 07:16:10,163 [pool-544-thread-1] INFO  server.RaftServerConfigKeys (ConfUtils.java:logGet(46)) - raft.server.log.statemachine.data.caching.enabled = true (custom)
2022-11-10 07:16:10,164 [pool-544-thread-1] INFO  segmented.SegmentedRaftLogWorker (SegmentedRaftLogWorker.java:lambda$new$0(136)) - 91b954a0-6378-41b2-9057-8851e07a0c7d@group-D2B3A0D0972F-SegmentedRaftLogWorker: flushIndex: setUnconditionally 0 -> -1
2022-11-10 07:16:10,164 [pool-544-thread-1] INFO  segmented.SegmentedRaftLogWorker (SegmentedRaftLogWorker.java:lambda$new$0(136)) - 91b954a0-6378-41b2-9057-8851e07a0c7d@group-D2B3A0D0972F-SegmentedRaftLogWorker: safeCacheEvictIndex: setUnconditionally 0 -> -1
2022-11-10 07:16:10,164 [pool-544-thread-1] INFO  server.RaftServer$Division (RaftServerImpl.java:start(334)) - 91b954a0-6378-41b2-9057-8851e07a0c7d@group-D2B3A0D0972F: start as a follower, conf=-1: peers:[91b954a0-6378-41b2-9057-8851e07a0c7d|rpc:10.1.0.59:36765|priority:0|startupRole:FOLLOWER, ebd53443-e3ae-4256-96ac-f1308b179955|rpc:10.1.0.59:38343|priority:1|startupRole:FOLLOWER, 37bda9b0-0df5-4ea8-952a-0c6f71b93e6d|rpc:10.1.0.59:43699|priority:0|startupRole:FOLLOWER]|listeners:[], old=null
2022-11-10 07:16:10,164 [pool-544-thread-1] INFO  server.RaftServer$Division (RaftServerImpl.java:setRole(321)) - 91b954a0-6378-41b2-9057-8851e07a0c7d@group-D2B3A0D0972F: changes role from      null to FOLLOWER at term 0 for startAsFollower
2022-11-10 07:16:10,164 [pool-544-thread-1] INFO  impl.RoleInfo (RoleInfo.java:updateAndGet(139)) - 91b954a0-6378-41b2-9057-8851e07a0c7d: start 91b954a0-6378-41b2-9057-8851e07a0c7d@group-D2B3A0D0972F-FollowerState
2022-11-10 07:16:10,164 [pool-544-thread-1] INFO  util.JmxRegister (JmxRegister.java:tryRegister(44)) - Successfully registered JMX Bean with object name Ratis:service=RaftServer,group=group-D2B3A0D0972F,id=91b954a0-6378-41b2-9057-8851e07a0c7d
2022-11-10 07:16:10,164 [91b954a0-6378-41b2-9057-8851e07a0c7d@group-D2B3A0D0972F-FollowerState] INFO  server.RaftServerConfigKeys (ConfUtils.java:logFallback(53)) - raft.server.rpc.first-election.timeout.min = 5s (fallback to raft.server.rpc.timeout.min)
2022-11-10 07:16:10,164 [pool-544-thread-1] INFO  server.RaftServerConfigKeys (ConfUtils.java:logGet(46)) - raft.server.snapshot.auto.trigger.enabled = true (custom)
2022-11-10 07:16:10,164 [91b954a0-6378-41b2-9057-8851e07a0c7d@group-D2B3A0D0972F-FollowerState] INFO  server.RaftServerConfigKeys (ConfUtils.java:logFallback(53)) - raft.server.rpc.first-election.timeout.max = 5200ms (fallback to raft.server.rpc.timeout.max)
2022-11-10 07:16:10,164 [pool-544-thread-1] INFO  server.RaftServerConfigKeys (ConfUtils.java:logGet(46)) - raft.server.snapshot.auto.trigger.threshold = 10000 (custom)
2022-11-10 07:16:10,164 [pool-544-thread-1] INFO  server.RaftServerConfigKeys (ConfUtils.java:logGet(46)) - raft.server.snapshot.retention.file.num = 5 (custom)
2022-11-10 07:16:10,165 [pool-544-thread-1] INFO  server.RaftServerConfigKeys (ConfUtils.java:logGet(46)) - raft.server.log.purge.upto.snapshot.index = false (default)
2022-11-10 07:16:10,165 [Command processor thread] INFO  ratis.XceiverServerRatis (XceiverServerRatis.java:addGroup(765)) - Created group PipelineID=181faa83-6378-4eb1-95c4-d2b3a0d0972f
2022-11-10 07:16:10,177 [grpc-default-executor-0] INFO  server.RaftServer (RaftServerProxy.java:addNew(96)) - 37bda9b0-0df5-4ea8-952a-0c6f71b93e6d: addNew group-D2B3A0D0972F:[91b954a0-6378-41b2-9057-8851e07a0c7d|rpc:10.1.0.59:36765|dataStream:|priority:0|startupRole:FOLLOWER, ebd53443-e3ae-4256-96ac-f1308b179955|rpc:10.1.0.59:38343|dataStream:|priority:1|startupRole:FOLLOWER, 37bda9b0-0df5-4ea8-952a-0c6f71b93e6d|rpc:10.1.0.59:43699|dataStream:|priority:0|startupRole:FOLLOWER] returns group-D2B3A0D0972F:java.util.concurrent.CompletableFuture@4b1eb36d[Not completed]
2022-11-10 07:16:10,181 [pool-567-thread-1] INFO  server.RaftServer$Division (RaftServerImpl.java:<init>(195)) - 37bda9b0-0df5-4ea8-952a-0c6f71b93e6d: new RaftServerImpl for group-D2B3A0D0972F:[91b954a0-6378-41b2-9057-8851e07a0c7d|rpc:10.1.0.59:36765|dataStream:|priority:0|startupRole:FOLLOWER, ebd53443-e3ae-4256-96ac-f1308b179955|rpc:10.1.0.59:38343|dataStream:|priority:1|startupRole:FOLLOWER, 37bda9b0-0df5-4ea8-952a-0c6f71b93e6d|rpc:10.1.0.59:43699|dataStream:|priority:0|startupRole:FOLLOWER] with ContainerStateMachine:uninitialized
2022-11-10 07:16:10,181 [pool-567-thread-1] INFO  server.RaftServerConfigKeys (ConfUtils.java:logGet(46)) - raft.server.rpc.timeout.min = 5s (custom)
2022-11-10 07:16:10,181 [pool-567-thread-1] INFO  server.RaftServerConfigKeys (ConfUtils.java:logGet(46)) - raft.server.rpc.timeout.max = 5200ms (custom)
2022-11-10 07:16:10,181 [pool-567-thread-1] INFO  server.RaftServerConfigKeys (ConfUtils.java:logGet(46)) - raft.server.rpc.sleep.time = 25ms (default)
2022-11-10 07:16:10,181 [pool-567-thread-1] INFO  server.RaftServerConfigKeys (ConfUtils.java:logGet(46)) - raft.server.rpc.slowness.timeout = 300s (custom)
2022-11-10 07:16:10,181 [pool-567-thread-1] INFO  server.RaftServerConfigKeys (ConfUtils.java:logGet(46)) - raft.server.leaderelection.leader.step-down.wait-time = 10s (default)
2022-11-10 07:16:10,181 [pool-567-thread-1] INFO  server.RaftServerConfigKeys (ConfUtils.java:logGet(46)) - raft.server.sleep.deviation.threshold = 300ms (default)
2022-11-10 07:16:10,181 [pool-567-thread-1] INFO  server.RaftServer$Division (ServerState.java:<init>(118)) - 37bda9b0-0df5-4ea8-952a-0c6f71b93e6d@group-D2B3A0D0972F: ConfigurationManager, init=-1: peers:[91b954a0-6378-41b2-9057-8851e07a0c7d|rpc:10.1.0.59:36765|dataStream:|priority:0|startupRole:FOLLOWER, ebd53443-e3ae-4256-96ac-f1308b179955|rpc:10.1.0.59:38343|dataStream:|priority:1|startupRole:FOLLOWER, 37bda9b0-0df5-4ea8-952a-0c6f71b93e6d|rpc:10.1.0.59:43699|dataStream:|priority:0|startupRole:FOLLOWER]|listeners:[], old=null, confs=<EMPTY_MAP>
2022-11-10 07:16:10,181 [pool-567-thread-1] INFO  server.RaftServerConfigKeys (ConfUtils.java:logGet(46)) - raft.server.storage.dir = [/home/runner/work/ozone/ozone/hadoop-ozone/integration-test/target/test-dir/MiniOzoneClusterImpl-6c329fba-5d84-49d5-96bd-8530b1407181/datanode-1/data/ratis] (custom)
2022-11-10 07:16:10,182 [pool-567-thread-1] INFO  server.RaftServerConfigKeys (ConfUtils.java:logGet(46)) - raft.server.log.corruption.policy = EXCEPTION (default)
2022-11-10 07:16:10,182 [pool-567-thread-1] INFO  server.RaftServerConfigKeys (ConfUtils.java:logGet(46)) - raft.server.storage.free-space.min = 0MB (=0) (default)
2022-11-10 07:16:10,182 [pool-567-thread-1] INFO  server.RaftServerConfigKeys (ConfUtils.java:logGet(46)) - raft.server.notification.no-leader.timeout = 300s (custom)
2022-11-10 07:16:10,182 [pool-567-thread-1] INFO  server.RaftServerConfigKeys (ConfUtils.java:logGet(46)) - raft.server.retrycache.expirytime = 600000ms (custom)
2022-11-10 07:16:10,182 [pool-567-thread-1] INFO  server.RaftServerConfigKeys (ConfUtils.java:logGet(46)) - raft.server.retrycache.statistics.expirytime = 100μs (default)
2022-11-10 07:16:10,183 [pool-567-thread-1] INFO  server.RaftServerConfigKeys (ConfUtils.java:logGet(46)) - raft.server.log.appender.install.snapshot.enabled = false (custom)
2022-11-10 07:16:10,183 [pool-567-thread-1] INFO  server.RaftServerConfigKeys (ConfUtils.java:logGet(46)) - raft.server.threadpool.server.cached = true (default)
2022-11-10 07:16:10,183 [pool-567-thread-1] INFO  server.RaftServerConfigKeys (ConfUtils.java:logGet(46)) - raft.server.threadpool.server.size = 0 (default)
2022-11-10 07:16:10,183 [pool-567-thread-1] INFO  server.RaftServerConfigKeys (ConfUtils.java:logGet(46)) - raft.server.threadpool.client.cached = true (default)
2022-11-10 07:16:10,183 [pool-567-thread-1] INFO  server.RaftServerConfigKeys (ConfUtils.java:logGet(46)) - raft.server.threadpool.client.size = 0 (default)
2022-11-10 07:16:10,183 [pool-567-thread-1] INFO  storage.RaftStorageDirectory (RaftStorageDirectoryImpl.java:analyzeStorage(137)) - The storage directory /home/runner/work/ozone/ozone/hadoop-ozone/integration-test/target/test-dir/MiniOzoneClusterImpl-6c329fba-5d84-49d5-96bd-8530b1407181/datanode-1/data/ratis/181faa83-6378-4eb1-95c4-d2b3a0d0972f does not exist. Creating ...
2022-11-10 07:16:10,185 [pool-567-thread-1] INFO  storage.RaftStorageDirectory (RaftStorageDirectoryImpl.java:tryLock(231)) - Lock on /home/runner/work/ozone/ozone/hadoop-ozone/integration-test/target/test-dir/MiniOzoneClusterImpl-6c329fba-5d84-49d5-96bd-8530b1407181/datanode-1/data/ratis/181faa83-6378-4eb1-95c4-d2b3a0d0972f/in_use.lock acquired by nodename 12028@fv-az435-205
2022-11-10 07:16:10,186 [pool-567-thread-1] INFO  storage.RaftStorage (RaftStorageImpl.java:format(96)) - Storage directory /home/runner/work/ozone/ozone/hadoop-ozone/integration-test/target/test-dir/MiniOzoneClusterImpl-6c329fba-5d84-49d5-96bd-8530b1407181/datanode-1/data/ratis/181faa83-6378-4eb1-95c4-d2b3a0d0972f has been successfully formatted.
2022-11-10 07:16:10,188 [pool-567-thread-1] INFO  ratis.ContainerStateMachine (ContainerStateMachine.java:loadSnapshot(236)) - group-D2B3A0D0972F: The snapshot info is null. Setting the last applied indexto:(t:0, i:~)
2022-11-10 07:16:10,188 [pool-567-thread-1] INFO  server.RaftServerConfigKeys (ConfUtils.java:logGet(46)) - raft.server.log.use.memory = false (default)
2022-11-10 07:16:10,188 [pool-567-thread-1] INFO  server.RaftServerConfigKeys (ConfUtils.java:logGet(46)) - raft.server.log.purge.gap = 1000000 (custom)
2022-11-10 07:16:10,188 [pool-567-thread-1] INFO  server.RaftServerConfigKeys (ConfUtils.java:logGet(46)) - raft.server.log.appender.buffer.byte-limit = 33554432 (custom)
2022-11-10 07:16:10,188 [pool-567-thread-1] INFO  server.RaftServerConfigKeys (ConfUtils.java:logGet(46)) - raft.server.log.statemachine.data.read.timeout = 1000ms (default)
2022-11-10 07:16:10,188 [pool-567-thread-1] INFO  server.RaftServerConfigKeys (ConfUtils.java:logGet(46)) - raft.server.log.purge.preservation.log.num = 0 (default)
2022-11-10 07:16:10,188 [pool-567-thread-1] INFO  server.RaftServerConfigKeys (ConfUtils.java:logGet(46)) - raft.server.log.segment.size.max = 1048576 (custom)
2022-11-10 07:16:10,189 [pool-567-thread-1] INFO  server.RaftServerConfigKeys (ConfUtils.java:logGet(46)) - raft.server.log.segment.cache.num.max = 2 (custom)
2022-11-10 07:16:10,189 [pool-567-thread-1] INFO  server.RaftServerConfigKeys (ConfUtils.java:logGet(46)) - raft.server.log.segment.cache.size.max = 200MB (=209715200) (default)
2022-11-10 07:16:10,189 [pool-567-thread-1] INFO  segmented.SegmentedRaftLogWorker (SegmentedRaftLogWorker.java:<init>(191)) - new 37bda9b0-0df5-4ea8-952a-0c6f71b93e6d@group-D2B3A0D0972F-SegmentedRaftLogWorker for RaftStorageImpl:Storage Directory /home/runner/work/ozone/ozone/hadoop-ozone/integration-test/target/test-dir/MiniOzoneClusterImpl-6c329fba-5d84-49d5-96bd-8530b1407181/datanode-1/data/ratis/181faa83-6378-4eb1-95c4-d2b3a0d0972f
2022-11-10 07:16:10,189 [pool-567-thread-1] INFO  server.RaftServerConfigKeys (ConfUtils.java:logGet(46)) - raft.server.log.queue.byte-limit = 4294967296 (custom)
2022-11-10 07:16:10,189 [pool-567-thread-1] INFO  server.RaftServerConfigKeys (ConfUtils.java:logGet(46)) - raft.server.log.queue.element-limit = 1024 (custom)
2022-11-10 07:16:10,189 [pool-567-thread-1] INFO  server.RaftServerConfigKeys (ConfUtils.java:logGet(46)) - raft.server.log.segment.size.max = 1048576 (custom)
2022-11-10 07:16:10,189 [pool-567-thread-1] INFO  server.RaftServerConfigKeys (ConfUtils.java:logGet(46)) - raft.server.log.preallocated.size = 16384 (custom)
2022-11-10 07:16:10,189 [pool-567-thread-1] INFO  server.RaftServerConfigKeys (ConfUtils.java:logGet(46)) - raft.server.log.force.sync.num = 128 (default)
2022-11-10 07:16:10,189 [pool-567-thread-1] INFO  server.RaftServerConfigKeys (ConfUtils.java:logGet(46)) - raft.server.log.statemachine.data.sync = true (default)
2022-11-10 07:16:10,189 [pool-567-thread-1] INFO  server.RaftServerConfigKeys (ConfUtils.java:logGet(46)) - raft.server.log.statemachine.data.sync.timeout = 10s (default)
2022-11-10 07:16:10,189 [pool-567-thread-1] INFO  server.RaftServerConfigKeys (ConfUtils.java:logGet(46)) - raft.server.log.statemachine.data.sync.timeout.retry = -1 (default)
2022-11-10 07:16:10,190 [pool-567-thread-1] INFO  server.RaftServerConfigKeys (ConfUtils.java:logGet(46)) - raft.server.log.write.buffer.size = 1048576 (custom)
2022-11-10 07:16:10,190 [pool-567-thread-1] INFO  server.RaftServerConfigKeys (ConfUtils.java:logGet(46)) - raft.server.log.unsafe-flush.enabled = false (default)
2022-11-10 07:16:10,190 [pool-567-thread-1] INFO  server.RaftServerConfigKeys (ConfUtils.java:logGet(46)) - raft.server.log.async-flush.enabled = false (default)
2022-11-10 07:16:10,190 [pool-567-thread-1] INFO  server.RaftServerConfigKeys (ConfUtils.java:logGet(46)) - raft.server.log.statemachine.data.caching.enabled = true (custom)
2022-11-10 07:16:10,191 [pool-567-thread-1] INFO  segmented.SegmentedRaftLogWorker (SegmentedRaftLogWorker.java:lambda$new$0(136)) - 37bda9b0-0df5-4ea8-952a-0c6f71b93e6d@group-D2B3A0D0972F-SegmentedRaftLogWorker: flushIndex: setUnconditionally 0 -> -1
2022-11-10 07:16:10,191 [pool-567-thread-1] INFO  segmented.SegmentedRaftLogWorker (SegmentedRaftLogWorker.java:lambda$new$0(136)) - 37bda9b0-0df5-4ea8-952a-0c6f71b93e6d@group-D2B3A0D0972F-SegmentedRaftLogWorker: safeCacheEvictIndex: setUnconditionally 0 -> -1
2022-11-10 07:16:10,191 [pool-567-thread-1] INFO  server.RaftServer$Division (RaftServerImpl.java:start(334)) - 37bda9b0-0df5-4ea8-952a-0c6f71b93e6d@group-D2B3A0D0972F: start as a follower, conf=-1: peers:[91b954a0-6378-41b2-9057-8851e07a0c7d|rpc:10.1.0.59:36765|dataStream:|priority:0|startupRole:FOLLOWER, ebd53443-e3ae-4256-96ac-f1308b179955|rpc:10.1.0.59:38343|dataStream:|priority:1|startupRole:FOLLOWER, 37bda9b0-0df5-4ea8-952a-0c6f71b93e6d|rpc:10.1.0.59:43699|dataStream:|priority:0|startupRole:FOLLOWER]|listeners:[], old=null
2022-11-10 07:16:10,191 [pool-567-thread-1] INFO  server.RaftServer$Division (RaftServerImpl.java:setRole(321)) - 37bda9b0-0df5-4ea8-952a-0c6f71b93e6d@group-D2B3A0D0972F: changes role from      null to FOLLOWER at term 0 for startAsFollower
2022-11-10 07:16:10,191 [pool-567-thread-1] INFO  impl.RoleInfo (RoleInfo.java:updateAndGet(139)) - 37bda9b0-0df5-4ea8-952a-0c6f71b93e6d: start 37bda9b0-0df5-4ea8-952a-0c6f71b93e6d@group-D2B3A0D0972F-FollowerState
2022-11-10 07:16:10,191 [pool-567-thread-1] INFO  util.JmxRegister (JmxRegister.java:tryRegister(44)) - Successfully registered JMX Bean with object name Ratis:service=RaftServer,group=group-D2B3A0D0972F,id=37bda9b0-0df5-4ea8-952a-0c6f71b93e6d
2022-11-10 07:16:10,191 [37bda9b0-0df5-4ea8-952a-0c6f71b93e6d@group-D2B3A0D0972F-FollowerState] INFO  server.RaftServerConfigKeys (ConfUtils.java:logFallback(53)) - raft.server.rpc.first-election.timeout.min = 5s (fallback to raft.server.rpc.timeout.min)
2022-11-10 07:16:10,191 [pool-567-thread-1] INFO  server.RaftServerConfigKeys (ConfUtils.java:logGet(46)) - raft.server.snapshot.auto.trigger.enabled = true (custom)
2022-11-10 07:16:10,192 [37bda9b0-0df5-4ea8-952a-0c6f71b93e6d@group-D2B3A0D0972F-FollowerState] INFO  server.RaftServerConfigKeys (ConfUtils.java:logFallback(53)) - raft.server.rpc.first-election.timeout.max = 5200ms (fallback to raft.server.rpc.timeout.max)
2022-11-10 07:16:10,192 [pool-567-thread-1] INFO  server.RaftServerConfigKeys (ConfUtils.java:logGet(46)) - raft.server.snapshot.auto.trigger.threshold = 10000 (custom)
2022-11-10 07:16:10,192 [pool-567-thread-1] INFO  server.RaftServerConfigKeys (ConfUtils.java:logGet(46)) - raft.server.snapshot.retention.file.num = 5 (custom)
2022-11-10 07:16:10,192 [pool-567-thread-1] INFO  server.RaftServerConfigKeys (ConfUtils.java:logGet(46)) - raft.server.log.purge.upto.snapshot.index = false (default)
2022-11-10 07:16:10,210 [grpc-default-executor-0] INFO  server.RaftServer (RaftServerProxy.java:addNew(96)) - ebd53443-e3ae-4256-96ac-f1308b179955: addNew group-D2B3A0D0972F:[91b954a0-6378-41b2-9057-8851e07a0c7d|rpc:10.1.0.59:36765|dataStream:|priority:0|startupRole:FOLLOWER, ebd53443-e3ae-4256-96ac-f1308b179955|rpc:10.1.0.59:38343|dataStream:|priority:1|startupRole:FOLLOWER, 37bda9b0-0df5-4ea8-952a-0c6f71b93e6d|rpc:10.1.0.59:43699|dataStream:|priority:0|startupRole:FOLLOWER] returns group-D2B3A0D0972F:java.util.concurrent.CompletableFuture@221e0706[Not completed]
2022-11-10 07:16:10,211 [pool-590-thread-1] INFO  server.RaftServer$Division (RaftServerImpl.java:<init>(195)) - ebd53443-e3ae-4256-96ac-f1308b179955: new RaftServerImpl for group-D2B3A0D0972F:[91b954a0-6378-41b2-9057-8851e07a0c7d|rpc:10.1.0.59:36765|dataStream:|priority:0|startupRole:FOLLOWER, ebd53443-e3ae-4256-96ac-f1308b179955|rpc:10.1.0.59:38343|dataStream:|priority:1|startupRole:FOLLOWER, 37bda9b0-0df5-4ea8-952a-0c6f71b93e6d|rpc:10.1.0.59:43699|dataStream:|priority:0|startupRole:FOLLOWER] with ContainerStateMachine:uninitialized
2022-11-10 07:16:10,211 [pool-590-thread-1] INFO  server.RaftServerConfigKeys (ConfUtils.java:logGet(46)) - raft.server.rpc.timeout.min = 5s (custom)
2022-11-10 07:16:10,211 [pool-590-thread-1] INFO  server.RaftServerConfigKeys (ConfUtils.java:logGet(46)) - raft.server.rpc.timeout.max = 5200ms (custom)
2022-11-10 07:16:10,211 [pool-590-thread-1] INFO  server.RaftServerConfigKeys (ConfUtils.java:logGet(46)) - raft.server.rpc.sleep.time = 25ms (default)
2022-11-10 07:16:10,211 [pool-590-thread-1] INFO  server.RaftServerConfigKeys (ConfUtils.java:logGet(46)) - raft.server.rpc.slowness.timeout = 300s (custom)
2022-11-10 07:16:10,211 [pool-590-thread-1] INFO  server.RaftServerConfigKeys (ConfUtils.java:logGet(46)) - raft.server.leaderelection.leader.step-down.wait-time = 10s (default)
2022-11-10 07:16:10,211 [pool-590-thread-1] INFO  server.RaftServerConfigKeys (ConfUtils.java:logGet(46)) - raft.server.sleep.deviation.threshold = 300ms (default)
2022-11-10 07:16:10,212 [pool-590-thread-1] INFO  server.RaftServer$Division (ServerState.java:<init>(118)) - ebd53443-e3ae-4256-96ac-f1308b179955@group-D2B3A0D0972F: ConfigurationManager, init=-1: peers:[91b954a0-6378-41b2-9057-8851e07a0c7d|rpc:10.1.0.59:36765|dataStream:|priority:0|startupRole:FOLLOWER, ebd53443-e3ae-4256-96ac-f1308b179955|rpc:10.1.0.59:38343|dataStream:|priority:1|startupRole:FOLLOWER, 37bda9b0-0df5-4ea8-952a-0c6f71b93e6d|rpc:10.1.0.59:43699|dataStream:|priority:0|startupRole:FOLLOWER]|listeners:[], old=null, confs=<EMPTY_MAP>
2022-11-10 07:16:10,212 [pool-590-thread-1] INFO  server.RaftServerConfigKeys (ConfUtils.java:logGet(46)) - raft.server.storage.dir = [/home/runner/work/ozone/ozone/hadoop-ozone/integration-test/target/test-dir/MiniOzoneClusterImpl-6c329fba-5d84-49d5-96bd-8530b1407181/datanode-2/data/ratis] (custom)
2022-11-10 07:16:10,212 [pool-590-thread-1] INFO  server.RaftServerConfigKeys (ConfUtils.java:logGet(46)) - raft.server.log.corruption.policy = EXCEPTION (default)
2022-11-10 07:16:10,212 [pool-590-thread-1] INFO  server.RaftServerConfigKeys (ConfUtils.java:logGet(46)) - raft.server.storage.free-space.min = 0MB (=0) (default)
2022-11-10 07:16:10,212 [pool-590-thread-1] INFO  server.RaftServerConfigKeys (ConfUtils.java:logGet(46)) - raft.server.notification.no-leader.timeout = 300s (custom)
2022-11-10 07:16:10,212 [pool-590-thread-1] INFO  server.RaftServerConfigKeys (ConfUtils.java:logGet(46)) - raft.server.retrycache.expirytime = 600000ms (custom)
2022-11-10 07:16:10,212 [pool-590-thread-1] INFO  server.RaftServerConfigKeys (ConfUtils.java:logGet(46)) - raft.server.retrycache.statistics.expirytime = 100μs (default)
2022-11-10 07:16:10,213 [pool-590-thread-1] INFO  server.RaftServerConfigKeys (ConfUtils.java:logGet(46)) - raft.server.log.appender.install.snapshot.enabled = false (custom)
2022-11-10 07:16:10,213 [pool-590-thread-1] INFO  server.RaftServerConfigKeys (ConfUtils.java:logGet(46)) - raft.server.threadpool.server.cached = true (default)
2022-11-10 07:16:10,213 [pool-590-thread-1] INFO  server.RaftServerConfigKeys (ConfUtils.java:logGet(46)) - raft.server.threadpool.server.size = 0 (default)
2022-11-10 07:16:10,213 [pool-590-thread-1] INFO  server.RaftServerConfigKeys (ConfUtils.java:logGet(46)) - raft.server.threadpool.client.cached = true (default)
2022-11-10 07:16:10,213 [pool-590-thread-1] INFO  server.RaftServerConfigKeys (ConfUtils.java:logGet(46)) - raft.server.threadpool.client.size = 0 (default)
2022-11-10 07:16:10,213 [pool-590-thread-1] INFO  storage.RaftStorageDirectory (RaftStorageDirectoryImpl.java:analyzeStorage(137)) - The storage directory /home/runner/work/ozone/ozone/hadoop-ozone/integration-test/target/test-dir/MiniOzoneClusterImpl-6c329fba-5d84-49d5-96bd-8530b1407181/datanode-2/data/ratis/181faa83-6378-4eb1-95c4-d2b3a0d0972f does not exist. Creating ...
2022-11-10 07:16:10,215 [pool-590-thread-1] INFO  storage.RaftStorageDirectory (RaftStorageDirectoryImpl.java:tryLock(231)) - Lock on /home/runner/work/ozone/ozone/hadoop-ozone/integration-test/target/test-dir/MiniOzoneClusterImpl-6c329fba-5d84-49d5-96bd-8530b1407181/datanode-2/data/ratis/181faa83-6378-4eb1-95c4-d2b3a0d0972f/in_use.lock acquired by nodename 12028@fv-az435-205
2022-11-10 07:16:10,216 [pool-590-thread-1] INFO  storage.RaftStorage (RaftStorageImpl.java:format(96)) - Storage directory /home/runner/work/ozone/ozone/hadoop-ozone/integration-test/target/test-dir/MiniOzoneClusterImpl-6c329fba-5d84-49d5-96bd-8530b1407181/datanode-2/data/ratis/181faa83-6378-4eb1-95c4-d2b3a0d0972f has been successfully formatted.
2022-11-10 07:16:10,218 [pool-590-thread-1] INFO  ratis.ContainerStateMachine (ContainerStateMachine.java:loadSnapshot(236)) - group-D2B3A0D0972F: The snapshot info is null. Setting the last applied indexto:(t:0, i:~)
2022-11-10 07:16:10,218 [pool-590-thread-1] INFO  server.RaftServerConfigKeys (ConfUtils.java:logGet(46)) - raft.server.log.use.memory = false (default)
2022-11-10 07:16:10,218 [pool-590-thread-1] INFO  server.RaftServerConfigKeys (ConfUtils.java:logGet(46)) - raft.server.log.purge.gap = 1000000 (custom)
2022-11-10 07:16:10,218 [pool-590-thread-1] INFO  server.RaftServerConfigKeys (ConfUtils.java:logGet(46)) - raft.server.log.appender.buffer.byte-limit = 33554432 (custom)
2022-11-10 07:16:10,218 [pool-590-thread-1] INFO  server.RaftServerConfigKeys (ConfUtils.java:logGet(46)) - raft.server.log.statemachine.data.read.timeout = 1000ms (default)
2022-11-10 07:16:10,218 [pool-590-thread-1] INFO  server.RaftServerConfigKeys (ConfUtils.java:logGet(46)) - raft.server.log.purge.preservation.log.num = 0 (default)
2022-11-10 07:16:10,218 [pool-590-thread-1] INFO  server.RaftServerConfigKeys (ConfUtils.java:logGet(46)) - raft.server.log.segment.size.max = 1048576 (custom)
2022-11-10 07:16:10,219 [pool-590-thread-1] INFO  server.RaftServerConfigKeys (ConfUtils.java:logGet(46)) - raft.server.log.segment.cache.num.max = 2 (custom)
2022-11-10 07:16:10,219 [pool-590-thread-1] INFO  server.RaftServerConfigKeys (ConfUtils.java:logGet(46)) - raft.server.log.segment.cache.size.max = 200MB (=209715200) (default)
2022-11-10 07:16:10,219 [pool-590-thread-1] INFO  segmented.SegmentedRaftLogWorker (SegmentedRaftLogWorker.java:<init>(191)) - new ebd53443-e3ae-4256-96ac-f1308b179955@group-D2B3A0D0972F-SegmentedRaftLogWorker for RaftStorageImpl:Storage Directory /home/runner/work/ozone/ozone/hadoop-ozone/integration-test/target/test-dir/MiniOzoneClusterImpl-6c329fba-5d84-49d5-96bd-8530b1407181/datanode-2/data/ratis/181faa83-6378-4eb1-95c4-d2b3a0d0972f
2022-11-10 07:16:10,219 [pool-590-thread-1] INFO  server.RaftServerConfigKeys (ConfUtils.java:logGet(46)) - raft.server.log.queue.byte-limit = 4294967296 (custom)
2022-11-10 07:16:10,219 [pool-590-thread-1] INFO  server.RaftServerConfigKeys (ConfUtils.java:logGet(46)) - raft.server.log.queue.element-limit = 1024 (custom)
2022-11-10 07:16:10,219 [pool-590-thread-1] INFO  server.RaftServerConfigKeys (ConfUtils.java:logGet(46)) - raft.server.log.segment.size.max = 1048576 (custom)
2022-11-10 07:16:10,219 [pool-590-thread-1] INFO  server.RaftServerConfigKeys (ConfUtils.java:logGet(46)) - raft.server.log.preallocated.size = 16384 (custom)
2022-11-10 07:16:10,219 [pool-590-thread-1] INFO  server.RaftServerConfigKeys (ConfUtils.java:logGet(46)) - raft.server.log.force.sync.num = 128 (default)
2022-11-10 07:16:10,219 [pool-590-thread-1] INFO  server.RaftServerConfigKeys (ConfUtils.java:logGet(46)) - raft.server.log.statemachine.data.sync = true (default)
2022-11-10 07:16:10,219 [pool-590-thread-1] INFO  server.RaftServerConfigKeys (ConfUtils.java:logGet(46)) - raft.server.log.statemachine.data.sync.timeout = 10s (default)
2022-11-10 07:16:10,219 [pool-590-thread-1] INFO  server.RaftServerConfigKeys (ConfUtils.java:logGet(46)) - raft.server.log.statemachine.data.sync.timeout.retry = -1 (default)
2022-11-10 07:16:10,220 [pool-590-thread-1] INFO  server.RaftServerConfigKeys (ConfUtils.java:logGet(46)) - raft.server.log.write.buffer.size = 1048576 (custom)
2022-11-10 07:16:10,220 [pool-590-thread-1] INFO  server.RaftServerConfigKeys (ConfUtils.java:logGet(46)) - raft.server.log.unsafe-flush.enabled = false (default)
2022-11-10 07:16:10,220 [pool-590-thread-1] INFO  server.RaftServerConfigKeys (ConfUtils.java:logGet(46)) - raft.server.log.async-flush.enabled = false (default)
2022-11-10 07:16:10,220 [pool-590-thread-1] INFO  server.RaftServerConfigKeys (ConfUtils.java:logGet(46)) - raft.server.log.statemachine.data.caching.enabled = true (custom)
2022-11-10 07:16:10,221 [pool-590-thread-1] INFO  segmented.SegmentedRaftLogWorker (SegmentedRaftLogWorker.java:lambda$new$0(136)) - ebd53443-e3ae-4256-96ac-f1308b179955@group-D2B3A0D0972F-SegmentedRaftLogWorker: flushIndex: setUnconditionally 0 -> -1
2022-11-10 07:16:10,221 [pool-590-thread-1] INFO  segmented.SegmentedRaftLogWorker (SegmentedRaftLogWorker.java:lambda$new$0(136)) - ebd53443-e3ae-4256-96ac-f1308b179955@group-D2B3A0D0972F-SegmentedRaftLogWorker: safeCacheEvictIndex: setUnconditionally 0 -> -1
2022-11-10 07:16:10,221 [pool-590-thread-1] INFO  server.RaftServer$Division (RaftServerImpl.java:start(334)) - ebd53443-e3ae-4256-96ac-f1308b179955@group-D2B3A0D0972F: start as a follower, conf=-1: peers:[91b954a0-6378-41b2-9057-8851e07a0c7d|rpc:10.1.0.59:36765|dataStream:|priority:0|startupRole:FOLLOWER, ebd53443-e3ae-4256-96ac-f1308b179955|rpc:10.1.0.59:38343|dataStream:|priority:1|startupRole:FOLLOWER, 37bda9b0-0df5-4ea8-952a-0c6f71b93e6d|rpc:10.1.0.59:43699|dataStream:|priority:0|startupRole:FOLLOWER]|listeners:[], old=null
2022-11-10 07:16:10,221 [pool-590-thread-1] INFO  server.RaftServer$Division (RaftServerImpl.java:setRole(321)) - ebd53443-e3ae-4256-96ac-f1308b179955@group-D2B3A0D0972F: changes role from      null to FOLLOWER at term 0 for startAsFollower
2022-11-10 07:16:10,221 [pool-590-thread-1] INFO  impl.RoleInfo (RoleInfo.java:updateAndGet(139)) - ebd53443-e3ae-4256-96ac-f1308b179955: start ebd53443-e3ae-4256-96ac-f1308b179955@group-D2B3A0D0972F-FollowerState
2022-11-10 07:16:10,221 [pool-590-thread-1] INFO  util.JmxRegister (JmxRegister.java:tryRegister(44)) - Successfully registered JMX Bean with object name Ratis:service=RaftServer,group=group-D2B3A0D0972F,id=ebd53443-e3ae-4256-96ac-f1308b179955
2022-11-10 07:16:10,221 [ebd53443-e3ae-4256-96ac-f1308b179955@group-D2B3A0D0972F-FollowerState] INFO  server.RaftServerConfigKeys (ConfUtils.java:logFallback(53)) - raft.server.rpc.first-election.timeout.min = 5s (fallback to raft.server.rpc.timeout.min)
2022-11-10 07:16:10,221 [pool-590-thread-1] INFO  server.RaftServerConfigKeys (ConfUtils.java:logGet(46)) - raft.server.snapshot.auto.trigger.enabled = true (custom)
2022-11-10 07:16:10,221 [ebd53443-e3ae-4256-96ac-f1308b179955@group-D2B3A0D0972F-FollowerState] INFO  server.RaftServerConfigKeys (ConfUtils.java:logFallback(53)) - raft.server.rpc.first-election.timeout.max = 5200ms (fallback to raft.server.rpc.timeout.max)
2022-11-10 07:16:10,221 [pool-590-thread-1] INFO  server.RaftServerConfigKeys (ConfUtils.java:logGet(46)) - raft.server.snapshot.auto.trigger.threshold = 10000 (custom)
2022-11-10 07:16:10,223 [pool-590-thread-1] INFO  server.RaftServerConfigKeys (ConfUtils.java:logGet(46)) - raft.server.snapshot.retention.file.num = 5 (custom)
2022-11-10 07:16:10,223 [pool-590-thread-1] INFO  server.RaftServerConfigKeys (ConfUtils.java:logGet(46)) - raft.server.log.purge.upto.snapshot.index = false (default)
2022-11-10 07:16:10,230 [Command processor thread] INFO  commandhandler.CreatePipelineCommandHandler (CreatePipelineCommandHandler.java:handle(113)) - Created Pipeline RATIS THREE PipelineID=181faa83-6378-4eb1-95c4-d2b3a0d0972f.
2022-11-10 07:16:10,230 [Command processor thread] INFO  server.RaftServer (RaftServerProxy.java:addNew(96)) - 91b954a0-6378-41b2-9057-8851e07a0c7d: addNew group-35A0037A9220:[91b954a0-6378-41b2-9057-8851e07a0c7d|rpc:10.1.0.59:36765|priority:0|startupRole:FOLLOWER, ebd53443-e3ae-4256-96ac-f1308b179955|rpc:10.1.0.59:38343|priority:0|startupRole:FOLLOWER, 37bda9b0-0df5-4ea8-952a-0c6f71b93e6d|rpc:10.1.0.59:43699|priority:1|startupRole:FOLLOWER] returns group-35A0037A9220:java.util.concurrent.CompletableFuture@33c9106e[Not completed]
2022-11-10 07:16:10,231 [pool-544-thread-1] INFO  server.RaftServer$Division (RaftServerImpl.java:<init>(195)) - 91b954a0-6378-41b2-9057-8851e07a0c7d: new RaftServerImpl for group-35A0037A9220:[91b954a0-6378-41b2-9057-8851e07a0c7d|rpc:10.1.0.59:36765|priority:0|startupRole:FOLLOWER, ebd53443-e3ae-4256-96ac-f1308b179955|rpc:10.1.0.59:38343|priority:0|startupRole:FOLLOWER, 37bda9b0-0df5-4ea8-952a-0c6f71b93e6d|rpc:10.1.0.59:43699|priority:1|startupRole:FOLLOWER] with ContainerStateMachine:uninitialized
2022-11-10 07:16:10,231 [pool-544-thread-1] INFO  server.RaftServerConfigKeys (ConfUtils.java:logGet(46)) - raft.server.rpc.timeout.min = 5s (custom)
2022-11-10 07:16:10,231 [pool-544-thread-1] INFO  server.RaftServerConfigKeys (ConfUtils.java:logGet(46)) - raft.server.rpc.timeout.max = 5200ms (custom)
2022-11-10 07:16:10,231 [pool-544-thread-1] INFO  server.RaftServerConfigKeys (ConfUtils.java:logGet(46)) - raft.server.rpc.sleep.time = 25ms (default)
2022-11-10 07:16:10,231 [pool-544-thread-1] INFO  server.RaftServerConfigKeys (ConfUtils.java:logGet(46)) - raft.server.rpc.slowness.timeout = 300s (custom)
2022-11-10 07:16:10,231 [pool-544-thread-1] INFO  server.RaftServerConfigKeys (ConfUtils.java:logGet(46)) - raft.server.leaderelection.leader.step-down.wait-time = 10s (default)
2022-11-10 07:16:10,231 [pool-544-thread-1] INFO  server.RaftServerConfigKeys (ConfUtils.java:logGet(46)) - raft.server.sleep.deviation.threshold = 300ms (default)
2022-11-10 07:16:10,231 [pool-544-thread-1] INFO  server.RaftServer$Division (ServerState.java:<init>(118)) - 91b954a0-6378-41b2-9057-8851e07a0c7d@group-35A0037A9220: ConfigurationManager, init=-1: peers:[91b954a0-6378-41b2-9057-8851e07a0c7d|rpc:10.1.0.59:36765|priority:0|startupRole:FOLLOWER, ebd53443-e3ae-4256-96ac-f1308b179955|rpc:10.1.0.59:38343|priority:0|startupRole:FOLLOWER, 37bda9b0-0df5-4ea8-952a-0c6f71b93e6d|rpc:10.1.0.59:43699|priority:1|startupRole:FOLLOWER]|listeners:[], old=null, confs=<EMPTY_MAP>
2022-11-10 07:16:10,232 [pool-544-thread-1] INFO  server.RaftServerConfigKeys (ConfUtils.java:logGet(46)) - raft.server.storage.dir = [/home/runner/work/ozone/ozone/hadoop-ozone/integration-test/target/test-dir/MiniOzoneClusterImpl-6c329fba-5d84-49d5-96bd-8530b1407181/datanode-0/data/ratis] (custom)
2022-11-10 07:16:10,232 [pool-544-thread-1] INFO  server.RaftServerConfigKeys (ConfUtils.java:logGet(46)) - raft.server.log.corruption.policy = EXCEPTION (default)
2022-11-10 07:16:10,232 [pool-544-thread-1] INFO  server.RaftServerConfigKeys (ConfUtils.java:logGet(46)) - raft.server.storage.free-space.min = 0MB (=0) (default)
2022-11-10 07:16:10,232 [pool-544-thread-1] INFO  server.RaftServerConfigKeys (ConfUtils.java:logGet(46)) - raft.server.notification.no-leader.timeout = 300s (custom)
2022-11-10 07:16:10,232 [pool-544-thread-1] INFO  server.RaftServerConfigKeys (ConfUtils.java:logGet(46)) - raft.server.retrycache.expirytime = 600000ms (custom)
2022-11-10 07:16:10,232 [pool-544-thread-1] INFO  server.RaftServerConfigKeys (ConfUtils.java:logGet(46)) - raft.server.retrycache.statistics.expirytime = 100μs (default)
2022-11-10 07:16:10,233 [pool-544-thread-1] INFO  server.RaftServerConfigKeys (ConfUtils.java:logGet(46)) - raft.server.log.appender.install.snapshot.enabled = false (custom)
2022-11-10 07:16:10,233 [pool-544-thread-1] INFO  server.RaftServerConfigKeys (ConfUtils.java:logGet(46)) - raft.server.threadpool.server.cached = true (default)
2022-11-10 07:16:10,233 [pool-544-thread-1] INFO  server.RaftServerConfigKeys (ConfUtils.java:logGet(46)) - raft.server.threadpool.server.size = 0 (default)
2022-11-10 07:16:10,233 [pool-544-thread-1] INFO  server.RaftServerConfigKeys (ConfUtils.java:logGet(46)) - raft.server.threadpool.client.cached = true (default)
2022-11-10 07:16:10,233 [pool-544-thread-1] INFO  server.RaftServerConfigKeys (ConfUtils.java:logGet(46)) - raft.server.threadpool.client.size = 0 (default)
2022-11-10 07:16:10,233 [pool-544-thread-1] INFO  storage.RaftStorageDirectory (RaftStorageDirectoryImpl.java:analyzeStorage(137)) - The storage directory /home/runner/work/ozone/ozone/hadoop-ozone/integration-test/target/test-dir/MiniOzoneClusterImpl-6c329fba-5d84-49d5-96bd-8530b1407181/datanode-0/data/ratis/cbf08c3e-2880-4af4-bef9-35a0037a9220 does not exist. Creating ...
2022-11-10 07:16:10,235 [pool-544-thread-1] INFO  storage.RaftStorageDirectory (RaftStorageDirectoryImpl.java:tryLock(231)) - Lock on /home/runner/work/ozone/ozone/hadoop-ozone/integration-test/target/test-dir/MiniOzoneClusterImpl-6c329fba-5d84-49d5-96bd-8530b1407181/datanode-0/data/ratis/cbf08c3e-2880-4af4-bef9-35a0037a9220/in_use.lock acquired by nodename 12028@fv-az435-205
2022-11-10 07:16:10,236 [pool-544-thread-1] INFO  storage.RaftStorage (RaftStorageImpl.java:format(96)) - Storage directory /home/runner/work/ozone/ozone/hadoop-ozone/integration-test/target/test-dir/MiniOzoneClusterImpl-6c329fba-5d84-49d5-96bd-8530b1407181/datanode-0/data/ratis/cbf08c3e-2880-4af4-bef9-35a0037a9220 has been successfully formatted.
2022-11-10 07:16:10,236 [pool-544-thread-1] INFO  ratis.ContainerStateMachine (ContainerStateMachine.java:loadSnapshot(236)) - group-35A0037A9220: The snapshot info is null. Setting the last applied indexto:(t:0, i:~)
2022-11-10 07:16:10,236 [pool-544-thread-1] INFO  server.RaftServerConfigKeys (ConfUtils.java:logGet(46)) - raft.server.log.use.memory = false (default)
2022-11-10 07:16:10,236 [pool-544-thread-1] INFO  server.RaftServerConfigKeys (ConfUtils.java:logGet(46)) - raft.server.log.purge.gap = 1000000 (custom)
2022-11-10 07:16:10,236 [pool-544-thread-1] INFO  server.RaftServerConfigKeys (ConfUtils.java:logGet(46)) - raft.server.log.appender.buffer.byte-limit = 33554432 (custom)
2022-11-10 07:16:10,236 [pool-544-thread-1] INFO  server.RaftServerConfigKeys (ConfUtils.java:logGet(46)) - raft.server.log.statemachine.data.read.timeout = 1000ms (default)
2022-11-10 07:16:10,236 [pool-544-thread-1] INFO  server.RaftServerConfigKeys (ConfUtils.java:logGet(46)) - raft.server.log.purge.preservation.log.num = 0 (default)
2022-11-10 07:16:10,237 [pool-544-thread-1] INFO  server.RaftServerConfigKeys (ConfUtils.java:logGet(46)) - raft.server.log.segment.size.max = 1048576 (custom)
2022-11-10 07:16:10,237 [pool-544-thread-1] INFO  server.RaftServerConfigKeys (ConfUtils.java:logGet(46)) - raft.server.log.segment.cache.num.max = 2 (custom)
2022-11-10 07:16:10,238 [pool-544-thread-1] INFO  server.RaftServerConfigKeys (ConfUtils.java:logGet(46)) - raft.server.log.segment.cache.size.max = 200MB (=209715200) (default)
2022-11-10 07:16:10,238 [pool-544-thread-1] INFO  segmented.SegmentedRaftLogWorker (SegmentedRaftLogWorker.java:<init>(191)) - new 91b954a0-6378-41b2-9057-8851e07a0c7d@group-35A0037A9220-SegmentedRaftLogWorker for RaftStorageImpl:Storage Directory /home/runner/work/ozone/ozone/hadoop-ozone/integration-test/target/test-dir/MiniOzoneClusterImpl-6c329fba-5d84-49d5-96bd-8530b1407181/datanode-0/data/ratis/cbf08c3e-2880-4af4-bef9-35a0037a9220
2022-11-10 07:16:10,238 [pool-544-thread-1] INFO  server.RaftServerConfigKeys (ConfUtils.java:logGet(46)) - raft.server.log.queue.byte-limit = 4294967296 (custom)
2022-11-10 07:16:10,238 [pool-544-thread-1] INFO  server.RaftServerConfigKeys (ConfUtils.java:logGet(46)) - raft.server.log.queue.element-limit = 1024 (custom)
2022-11-10 07:16:10,238 [pool-544-thread-1] INFO  server.RaftServerConfigKeys (ConfUtils.java:logGet(46)) - raft.server.log.segment.size.max = 1048576 (custom)
2022-11-10 07:16:10,238 [pool-544-thread-1] INFO  server.RaftServerConfigKeys (ConfUtils.java:logGet(46)) - raft.server.log.preallocated.size = 16384 (custom)
2022-11-10 07:16:10,238 [pool-544-thread-1] INFO  server.RaftServerConfigKeys (ConfUtils.java:logGet(46)) - raft.server.log.force.sync.num = 128 (default)
2022-11-10 07:16:10,238 [pool-544-thread-1] INFO  server.RaftServerConfigKeys (ConfUtils.java:logGet(46)) - raft.server.log.statemachine.data.sync = true (default)
2022-11-10 07:16:10,238 [pool-544-thread-1] INFO  server.RaftServerConfigKeys (ConfUtils.java:logGet(46)) - raft.server.log.statemachine.data.sync.timeout = 10s (default)
2022-11-10 07:16:10,238 [pool-544-thread-1] INFO  server.RaftServerConfigKeys (ConfUtils.java:logGet(46)) - raft.server.log.statemachine.data.sync.timeout.retry = -1 (default)
2022-11-10 07:16:10,239 [pool-544-thread-1] INFO  server.RaftServerConfigKeys (ConfUtils.java:logGet(46)) - raft.server.log.write.buffer.size = 1048576 (custom)
2022-11-10 07:16:10,240 [pool-544-thread-1] INFO  server.RaftServerConfigKeys (ConfUtils.java:logGet(46)) - raft.server.log.unsafe-flush.enabled = false (default)
2022-11-10 07:16:10,240 [pool-544-thread-1] INFO  server.RaftServerConfigKeys (ConfUtils.java:logGet(46)) - raft.server.log.async-flush.enabled = false (default)
2022-11-10 07:16:10,240 [pool-544-thread-1] INFO  server.RaftServerConfigKeys (ConfUtils.java:logGet(46)) - raft.server.log.statemachine.data.caching.enabled = true (custom)
2022-11-10 07:16:10,240 [pool-544-thread-1] INFO  segmented.SegmentedRaftLogWorker (SegmentedRaftLogWorker.java:lambda$new$0(136)) - 91b954a0-6378-41b2-9057-8851e07a0c7d@group-35A0037A9220-SegmentedRaftLogWorker: flushIndex: setUnconditionally 0 -> -1
2022-11-10 07:16:10,241 [pool-544-thread-1] INFO  segmented.SegmentedRaftLogWorker (SegmentedRaftLogWorker.java:lambda$new$0(136)) - 91b954a0-6378-41b2-9057-8851e07a0c7d@group-35A0037A9220-SegmentedRaftLogWorker: safeCacheEvictIndex: setUnconditionally 0 -> -1
2022-11-10 07:16:10,242 [pool-544-thread-1] INFO  server.RaftServer$Division (RaftServerImpl.java:start(334)) - 91b954a0-6378-41b2-9057-8851e07a0c7d@group-35A0037A9220: start as a follower, conf=-1: peers:[91b954a0-6378-41b2-9057-8851e07a0c7d|rpc:10.1.0.59:36765|priority:0|startupRole:FOLLOWER, ebd53443-e3ae-4256-96ac-f1308b179955|rpc:10.1.0.59:38343|priority:0|startupRole:FOLLOWER, 37bda9b0-0df5-4ea8-952a-0c6f71b93e6d|rpc:10.1.0.59:43699|priority:1|startupRole:FOLLOWER]|listeners:[], old=null
2022-11-10 07:16:10,242 [pool-544-thread-1] INFO  server.RaftServer$Division (RaftServerImpl.java:setRole(321)) - 91b954a0-6378-41b2-9057-8851e07a0c7d@group-35A0037A9220: changes role from      null to FOLLOWER at term 0 for startAsFollower
2022-11-10 07:16:10,242 [pool-544-thread-1] INFO  impl.RoleInfo (RoleInfo.java:updateAndGet(139)) - 91b954a0-6378-41b2-9057-8851e07a0c7d: start 91b954a0-6378-41b2-9057-8851e07a0c7d@group-35A0037A9220-FollowerState
2022-11-10 07:16:10,243 [pool-544-thread-1] INFO  util.JmxRegister (JmxRegister.java:tryRegister(44)) - Successfully registered JMX Bean with object name Ratis:service=RaftServer,group=group-35A0037A9220,id=91b954a0-6378-41b2-9057-8851e07a0c7d
2022-11-10 07:16:10,243 [91b954a0-6378-41b2-9057-8851e07a0c7d@group-35A0037A9220-FollowerState] INFO  server.RaftServerConfigKeys (ConfUtils.java:logFallback(53)) - raft.server.rpc.first-election.timeout.min = 5s (fallback to raft.server.rpc.timeout.min)
2022-11-10 07:16:10,244 [91b954a0-6378-41b2-9057-8851e07a0c7d@group-35A0037A9220-FollowerState] INFO  server.RaftServerConfigKeys (ConfUtils.java:logFallback(53)) - raft.server.rpc.first-election.timeout.max = 5200ms (fallback to raft.server.rpc.timeout.max)
2022-11-10 07:16:10,243 [pool-544-thread-1] INFO  server.RaftServerConfigKeys (ConfUtils.java:logGet(46)) - raft.server.snapshot.auto.trigger.enabled = true (custom)
2022-11-10 07:16:10,244 [pool-544-thread-1] INFO  server.RaftServerConfigKeys (ConfUtils.java:logGet(46)) - raft.server.snapshot.auto.trigger.threshold = 10000 (custom)
2022-11-10 07:16:10,244 [pool-544-thread-1] INFO  server.RaftServerConfigKeys (ConfUtils.java:logGet(46)) - raft.server.snapshot.retention.file.num = 5 (custom)
2022-11-10 07:16:10,244 [pool-544-thread-1] INFO  server.RaftServerConfigKeys (ConfUtils.java:logGet(46)) - raft.server.log.purge.upto.snapshot.index = false (default)
2022-11-10 07:16:10,245 [Command processor thread] INFO  ratis.XceiverServerRatis (XceiverServerRatis.java:addGroup(765)) - Created group PipelineID=cbf08c3e-2880-4af4-bef9-35a0037a9220
2022-11-10 07:16:10,255 [grpc-default-executor-0] INFO  server.RaftServer (RaftServerProxy.java:addNew(96)) - ebd53443-e3ae-4256-96ac-f1308b179955: addNew group-35A0037A9220:[91b954a0-6378-41b2-9057-8851e07a0c7d|rpc:10.1.0.59:36765|dataStream:|priority:0|startupRole:FOLLOWER, ebd53443-e3ae-4256-96ac-f1308b179955|rpc:10.1.0.59:38343|dataStream:|priority:0|startupRole:FOLLOWER, 37bda9b0-0df5-4ea8-952a-0c6f71b93e6d|rpc:10.1.0.59:43699|dataStream:|priority:1|startupRole:FOLLOWER] returns group-35A0037A9220:java.util.concurrent.CompletableFuture@541b8e31[Not completed]
2022-11-10 07:16:10,256 [pool-590-thread-1] INFO  server.RaftServer$Division (RaftServerImpl.java:<init>(195)) - ebd53443-e3ae-4256-96ac-f1308b179955: new RaftServerImpl for group-35A0037A9220:[91b954a0-6378-41b2-9057-8851e07a0c7d|rpc:10.1.0.59:36765|dataStream:|priority:0|startupRole:FOLLOWER, ebd53443-e3ae-4256-96ac-f1308b179955|rpc:10.1.0.59:38343|dataStream:|priority:0|startupRole:FOLLOWER, 37bda9b0-0df5-4ea8-952a-0c6f71b93e6d|rpc:10.1.0.59:43699|dataStream:|priority:1|startupRole:FOLLOWER] with ContainerStateMachine:uninitialized
2022-11-10 07:16:10,256 [pool-590-thread-1] INFO  server.RaftServerConfigKeys (ConfUtils.java:logGet(46)) - raft.server.rpc.timeout.min = 5s (custom)
2022-11-10 07:16:10,256 [pool-590-thread-1] INFO  server.RaftServerConfigKeys (ConfUtils.java:logGet(46)) - raft.server.rpc.timeout.max = 5200ms (custom)
2022-11-10 07:16:10,256 [pool-590-thread-1] INFO  server.RaftServerConfigKeys (ConfUtils.java:logGet(46)) - raft.server.rpc.sleep.time = 25ms (default)
2022-11-10 07:16:10,256 [pool-590-thread-1] INFO  server.RaftServerConfigKeys (ConfUtils.java:logGet(46)) - raft.server.rpc.slowness.timeout = 300s (custom)
2022-11-10 07:16:10,256 [pool-590-thread-1] INFO  server.RaftServerConfigKeys (ConfUtils.java:logGet(46)) - raft.server.leaderelection.leader.step-down.wait-time = 10s (default)
2022-11-10 07:16:10,256 [pool-590-thread-1] INFO  server.RaftServerConfigKeys (ConfUtils.java:logGet(46)) - raft.server.sleep.deviation.threshold = 300ms (default)
2022-11-10 07:16:10,256 [pool-590-thread-1] INFO  server.RaftServer$Division (ServerState.java:<init>(118)) - ebd53443-e3ae-4256-96ac-f1308b179955@group-35A0037A9220: ConfigurationManager, init=-1: peers:[91b954a0-6378-41b2-9057-8851e07a0c7d|rpc:10.1.0.59:36765|dataStream:|priority:0|startupRole:FOLLOWER, ebd53443-e3ae-4256-96ac-f1308b179955|rpc:10.1.0.59:38343|dataStream:|priority:0|startupRole:FOLLOWER, 37bda9b0-0df5-4ea8-952a-0c6f71b93e6d|rpc:10.1.0.59:43699|dataStream:|priority:1|startupRole:FOLLOWER]|listeners:[], old=null, confs=<EMPTY_MAP>
2022-11-10 07:16:10,256 [pool-590-thread-1] INFO  server.RaftServerConfigKeys (ConfUtils.java:logGet(46)) - raft.server.storage.dir = [/home/runner/work/ozone/ozone/hadoop-ozone/integration-test/target/test-dir/MiniOzoneClusterImpl-6c329fba-5d84-49d5-96bd-8530b1407181/datanode-2/data/ratis] (custom)
2022-11-10 07:16:10,256 [pool-590-thread-1] INFO  server.RaftServerConfigKeys (ConfUtils.java:logGet(46)) - raft.server.log.corruption.policy = EXCEPTION (default)
2022-11-10 07:16:10,257 [pool-590-thread-1] INFO  server.RaftServerConfigKeys (ConfUtils.java:logGet(46)) - raft.server.storage.free-space.min = 0MB (=0) (default)
2022-11-10 07:16:10,257 [pool-590-thread-1] INFO  server.RaftServerConfigKeys (ConfUtils.java:logGet(46)) - raft.server.notification.no-leader.timeout = 300s (custom)
2022-11-10 07:16:10,257 [pool-590-thread-1] INFO  server.RaftServerConfigKeys (ConfUtils.java:logGet(46)) - raft.server.retrycache.expirytime = 600000ms (custom)
2022-11-10 07:16:10,257 [pool-590-thread-1] INFO  server.RaftServerConfigKeys (ConfUtils.java:logGet(46)) - raft.server.retrycache.statistics.expirytime = 100μs (default)
2022-11-10 07:16:10,258 [pool-590-thread-1] INFO  server.RaftServerConfigKeys (ConfUtils.java:logGet(46)) - raft.server.log.appender.install.snapshot.enabled = false (custom)
2022-11-10 07:16:10,258 [pool-590-thread-1] INFO  server.RaftServerConfigKeys (ConfUtils.java:logGet(46)) - raft.server.threadpool.server.cached = true (default)
2022-11-10 07:16:10,258 [pool-590-thread-1] INFO  server.RaftServerConfigKeys (ConfUtils.java:logGet(46)) - raft.server.threadpool.server.size = 0 (default)
2022-11-10 07:16:10,258 [pool-590-thread-1] INFO  server.RaftServerConfigKeys (ConfUtils.java:logGet(46)) - raft.server.threadpool.client.cached = true (default)
2022-11-10 07:16:10,258 [pool-590-thread-1] INFO  server.RaftServerConfigKeys (ConfUtils.java:logGet(46)) - raft.server.threadpool.client.size = 0 (default)
2022-11-10 07:16:10,258 [pool-590-thread-1] INFO  storage.RaftStorageDirectory (RaftStorageDirectoryImpl.java:analyzeStorage(137)) - The storage directory /home/runner/work/ozone/ozone/hadoop-ozone/integration-test/target/test-dir/MiniOzoneClusterImpl-6c329fba-5d84-49d5-96bd-8530b1407181/datanode-2/data/ratis/cbf08c3e-2880-4af4-bef9-35a0037a9220 does not exist. Creating ...
2022-11-10 07:16:10,259 [pool-590-thread-1] INFO  storage.RaftStorageDirectory (RaftStorageDirectoryImpl.java:tryLock(231)) - Lock on /home/runner/work/ozone/ozone/hadoop-ozone/integration-test/target/test-dir/MiniOzoneClusterImpl-6c329fba-5d84-49d5-96bd-8530b1407181/datanode-2/data/ratis/cbf08c3e-2880-4af4-bef9-35a0037a9220/in_use.lock acquired by nodename 12028@fv-az435-205
2022-11-10 07:16:10,260 [pool-590-thread-1] INFO  storage.RaftStorage (RaftStorageImpl.java:format(96)) - Storage directory /home/runner/work/ozone/ozone/hadoop-ozone/integration-test/target/test-dir/MiniOzoneClusterImpl-6c329fba-5d84-49d5-96bd-8530b1407181/datanode-2/data/ratis/cbf08c3e-2880-4af4-bef9-35a0037a9220 has been successfully formatted.
2022-11-10 07:16:10,261 [pool-590-thread-1] INFO  ratis.ContainerStateMachine (ContainerStateMachine.java:loadSnapshot(236)) - group-35A0037A9220: The snapshot info is null. Setting the last applied indexto:(t:0, i:~)
2022-11-10 07:16:10,261 [pool-590-thread-1] INFO  server.RaftServerConfigKeys (ConfUtils.java:logGet(46)) - raft.server.log.use.memory = false (default)
2022-11-10 07:16:10,261 [pool-590-thread-1] INFO  server.RaftServerConfigKeys (ConfUtils.java:logGet(46)) - raft.server.log.purge.gap = 1000000 (custom)
2022-11-10 07:16:10,261 [pool-590-thread-1] INFO  server.RaftServerConfigKeys (ConfUtils.java:logGet(46)) - raft.server.log.appender.buffer.byte-limit = 33554432 (custom)
2022-11-10 07:16:10,261 [pool-590-thread-1] INFO  server.RaftServerConfigKeys (ConfUtils.java:logGet(46)) - raft.server.log.statemachine.data.read.timeout = 1000ms (default)
2022-11-10 07:16:10,261 [pool-590-thread-1] INFO  server.RaftServerConfigKeys (ConfUtils.java:logGet(46)) - raft.server.log.purge.preservation.log.num = 0 (default)
2022-11-10 07:16:10,262 [pool-590-thread-1] INFO  server.RaftServerConfigKeys (ConfUtils.java:logGet(46)) - raft.server.log.segment.size.max = 1048576 (custom)
2022-11-10 07:16:10,262 [pool-590-thread-1] INFO  server.RaftServerConfigKeys (ConfUtils.java:logGet(46)) - raft.server.log.segment.cache.num.max = 2 (custom)
2022-11-10 07:16:10,262 [pool-590-thread-1] INFO  server.RaftServerConfigKeys (ConfUtils.java:logGet(46)) - raft.server.log.segment.cache.size.max = 200MB (=209715200) (default)
2022-11-10 07:16:10,262 [pool-590-thread-1] INFO  segmented.SegmentedRaftLogWorker (SegmentedRaftLogWorker.java:<init>(191)) - new ebd53443-e3ae-4256-96ac-f1308b179955@group-35A0037A9220-SegmentedRaftLogWorker for RaftStorageImpl:Storage Directory /home/runner/work/ozone/ozone/hadoop-ozone/integration-test/target/test-dir/MiniOzoneClusterImpl-6c329fba-5d84-49d5-96bd-8530b1407181/datanode-2/data/ratis/cbf08c3e-2880-4af4-bef9-35a0037a9220
2022-11-10 07:16:10,262 [pool-590-thread-1] INFO  server.RaftServerConfigKeys (ConfUtils.java:logGet(46)) - raft.server.log.queue.byte-limit = 4294967296 (custom)
2022-11-10 07:16:10,262 [pool-590-thread-1] INFO  server.RaftServerConfigKeys (ConfUtils.java:logGet(46)) - raft.server.log.queue.element-limit = 1024 (custom)
2022-11-10 07:16:10,262 [pool-590-thread-1] INFO  server.RaftServerConfigKeys (ConfUtils.java:logGet(46)) - raft.server.log.segment.size.max = 1048576 (custom)
2022-11-10 07:16:10,262 [pool-590-thread-1] INFO  server.RaftServerConfigKeys (ConfUtils.java:logGet(46)) - raft.server.log.preallocated.size = 16384 (custom)
2022-11-10 07:16:10,262 [pool-590-thread-1] INFO  server.RaftServerConfigKeys (ConfUtils.java:logGet(46)) - raft.server.log.force.sync.num = 128 (default)
2022-11-10 07:16:10,262 [pool-590-thread-1] INFO  server.RaftServerConfigKeys (ConfUtils.java:logGet(46)) - raft.server.log.statemachine.data.sync = true (default)
2022-11-10 07:16:10,262 [pool-590-thread-1] INFO  server.RaftServerConfigKeys (ConfUtils.java:logGet(46)) - raft.server.log.statemachine.data.sync.timeout = 10s (default)
2022-11-10 07:16:10,263 [pool-590-thread-1] INFO  server.RaftServerConfigKeys (ConfUtils.java:logGet(46)) - raft.server.log.statemachine.data.sync.timeout.retry = -1 (default)
2022-11-10 07:16:10,263 [pool-590-thread-1] INFO  server.RaftServerConfigKeys (ConfUtils.java:logGet(46)) - raft.server.log.write.buffer.size = 1048576 (custom)
2022-11-10 07:16:10,264 [pool-590-thread-1] INFO  server.RaftServerConfigKeys (ConfUtils.java:logGet(46)) - raft.server.log.unsafe-flush.enabled = false (default)
2022-11-10 07:16:10,264 [pool-590-thread-1] INFO  server.RaftServerConfigKeys (ConfUtils.java:logGet(46)) - raft.server.log.async-flush.enabled = false (default)
2022-11-10 07:16:10,264 [pool-590-thread-1] INFO  server.RaftServerConfigKeys (ConfUtils.java:logGet(46)) - raft.server.log.statemachine.data.caching.enabled = true (custom)
2022-11-10 07:16:10,264 [pool-590-thread-1] INFO  segmented.SegmentedRaftLogWorker (SegmentedRaftLogWorker.java:lambda$new$0(136)) - ebd53443-e3ae-4256-96ac-f1308b179955@group-35A0037A9220-SegmentedRaftLogWorker: flushIndex: setUnconditionally 0 -> -1
2022-11-10 07:16:10,264 [pool-590-thread-1] INFO  segmented.SegmentedRaftLogWorker (SegmentedRaftLogWorker.java:lambda$new$0(136)) - ebd53443-e3ae-4256-96ac-f1308b179955@group-35A0037A9220-SegmentedRaftLogWorker: safeCacheEvictIndex: setUnconditionally 0 -> -1
2022-11-10 07:16:10,265 [pool-590-thread-1] INFO  server.RaftServer$Division (RaftServerImpl.java:start(334)) - ebd53443-e3ae-4256-96ac-f1308b179955@group-35A0037A9220: start as a follower, conf=-1: peers:[91b954a0-6378-41b2-9057-8851e07a0c7d|rpc:10.1.0.59:36765|dataStream:|priority:0|startupRole:FOLLOWER, ebd53443-e3ae-4256-96ac-f1308b179955|rpc:10.1.0.59:38343|dataStream:|priority:0|startupRole:FOLLOWER, 37bda9b0-0df5-4ea8-952a-0c6f71b93e6d|rpc:10.1.0.59:43699|dataStream:|priority:1|startupRole:FOLLOWER]|listeners:[], old=null
2022-11-10 07:16:10,265 [pool-590-thread-1] INFO  server.RaftServer$Division (RaftServerImpl.java:setRole(321)) - ebd53443-e3ae-4256-96ac-f1308b179955@group-35A0037A9220: changes role from      null to FOLLOWER at term 0 for startAsFollower
2022-11-10 07:16:10,265 [pool-590-thread-1] INFO  impl.RoleInfo (RoleInfo.java:updateAndGet(139)) - ebd53443-e3ae-4256-96ac-f1308b179955: start ebd53443-e3ae-4256-96ac-f1308b179955@group-35A0037A9220-FollowerState
2022-11-10 07:16:10,267 [pool-590-thread-1] INFO  util.JmxRegister (JmxRegister.java:tryRegister(44)) - Successfully registered JMX Bean with object name Ratis:service=RaftServer,group=group-35A0037A9220,id=ebd53443-e3ae-4256-96ac-f1308b179955
2022-11-10 07:16:10,267 [pool-590-thread-1] INFO  server.RaftServerConfigKeys (ConfUtils.java:logGet(46)) - raft.server.snapshot.auto.trigger.enabled = true (custom)
2022-11-10 07:16:10,267 [pool-590-thread-1] INFO  server.RaftServerConfigKeys (ConfUtils.java:logGet(46)) - raft.server.snapshot.auto.trigger.threshold = 10000 (custom)
2022-11-10 07:16:10,267 [pool-590-thread-1] INFO  server.RaftServerConfigKeys (ConfUtils.java:logGet(46)) - raft.server.snapshot.retention.file.num = 5 (custom)
2022-11-10 07:16:10,267 [pool-590-thread-1] INFO  server.RaftServerConfigKeys (ConfUtils.java:logGet(46)) - raft.server.log.purge.upto.snapshot.index = false (default)
2022-11-10 07:16:10,268 [ebd53443-e3ae-4256-96ac-f1308b179955@group-35A0037A9220-FollowerState] INFO  server.RaftServerConfigKeys (ConfUtils.java:logFallback(53)) - raft.server.rpc.first-election.timeout.min = 5s (fallback to raft.server.rpc.timeout.min)
2022-11-10 07:16:10,268 [ebd53443-e3ae-4256-96ac-f1308b179955@group-35A0037A9220-FollowerState] INFO  server.RaftServerConfigKeys (ConfUtils.java:logFallback(53)) - raft.server.rpc.first-election.timeout.max = 5200ms (fallback to raft.server.rpc.timeout.max)
2022-11-10 07:16:10,289 [grpc-default-executor-0] INFO  server.RaftServer (RaftServerProxy.java:addNew(96)) - 37bda9b0-0df5-4ea8-952a-0c6f71b93e6d: addNew group-35A0037A9220:[91b954a0-6378-41b2-9057-8851e07a0c7d|rpc:10.1.0.59:36765|dataStream:|priority:0|startupRole:FOLLOWER, ebd53443-e3ae-4256-96ac-f1308b179955|rpc:10.1.0.59:38343|dataStream:|priority:0|startupRole:FOLLOWER, 37bda9b0-0df5-4ea8-952a-0c6f71b93e6d|rpc:10.1.0.59:43699|dataStream:|priority:1|startupRole:FOLLOWER] returns group-35A0037A9220:java.util.concurrent.CompletableFuture@57969c88[Not completed]
2022-11-10 07:16:10,290 [pool-567-thread-1] INFO  server.RaftServer$Division (RaftServerImpl.java:<init>(195)) - 37bda9b0-0df5-4ea8-952a-0c6f71b93e6d: new RaftServerImpl for group-35A0037A9220:[91b954a0-6378-41b2-9057-8851e07a0c7d|rpc:10.1.0.59:36765|dataStream:|priority:0|startupRole:FOLLOWER, ebd53443-e3ae-4256-96ac-f1308b179955|rpc:10.1.0.59:38343|dataStream:|priority:0|startupRole:FOLLOWER, 37bda9b0-0df5-4ea8-952a-0c6f71b93e6d|rpc:10.1.0.59:43699|dataStream:|priority:1|startupRole:FOLLOWER] with ContainerStateMachine:uninitialized
2022-11-10 07:16:10,290 [pool-567-thread-1] INFO  server.RaftServerConfigKeys (ConfUtils.java:logGet(46)) - raft.server.rpc.timeout.min = 5s (custom)
2022-11-10 07:16:10,290 [pool-567-thread-1] INFO  server.RaftServerConfigKeys (ConfUtils.java:logGet(46)) - raft.server.rpc.timeout.max = 5200ms (custom)
2022-11-10 07:16:10,290 [pool-567-thread-1] INFO  server.RaftServerConfigKeys (ConfUtils.java:logGet(46)) - raft.server.rpc.sleep.time = 25ms (default)
2022-11-10 07:16:10,290 [pool-567-thread-1] INFO  server.RaftServerConfigKeys (ConfUtils.java:logGet(46)) - raft.server.rpc.slowness.timeout = 300s (custom)
2022-11-10 07:16:10,290 [pool-567-thread-1] INFO  server.RaftServerConfigKeys (ConfUtils.java:logGet(46)) - raft.server.leaderelection.leader.step-down.wait-time = 10s (default)
2022-11-10 07:16:10,290 [pool-567-thread-1] INFO  server.RaftServerConfigKeys (ConfUtils.java:logGet(46)) - raft.server.sleep.deviation.threshold = 300ms (default)
2022-11-10 07:16:10,291 [pool-567-thread-1] INFO  server.RaftServer$Division (ServerState.java:<init>(118)) - 37bda9b0-0df5-4ea8-952a-0c6f71b93e6d@group-35A0037A9220: ConfigurationManager, init=-1: peers:[91b954a0-6378-41b2-9057-8851e07a0c7d|rpc:10.1.0.59:36765|dataStream:|priority:0|startupRole:FOLLOWER, ebd53443-e3ae-4256-96ac-f1308b179955|rpc:10.1.0.59:38343|dataStream:|priority:0|startupRole:FOLLOWER, 37bda9b0-0df5-4ea8-952a-0c6f71b93e6d|rpc:10.1.0.59:43699|dataStream:|priority:1|startupRole:FOLLOWER]|listeners:[], old=null, confs=<EMPTY_MAP>
2022-11-10 07:16:10,291 [pool-567-thread-1] INFO  server.RaftServerConfigKeys (ConfUtils.java:logGet(46)) - raft.server.storage.dir = [/home/runner/work/ozone/ozone/hadoop-ozone/integration-test/target/test-dir/MiniOzoneClusterImpl-6c329fba-5d84-49d5-96bd-8530b1407181/datanode-1/data/ratis] (custom)
2022-11-10 07:16:10,291 [pool-567-thread-1] INFO  server.RaftServerConfigKeys (ConfUtils.java:logGet(46)) - raft.server.log.corruption.policy = EXCEPTION (default)
2022-11-10 07:16:10,291 [pool-567-thread-1] INFO  server.RaftServerConfigKeys (ConfUtils.java:logGet(46)) - raft.server.storage.free-space.min = 0MB (=0) (default)
2022-11-10 07:16:10,291 [pool-567-thread-1] INFO  server.RaftServerConfigKeys (ConfUtils.java:logGet(46)) - raft.server.notification.no-leader.timeout = 300s (custom)
2022-11-10 07:16:10,291 [pool-567-thread-1] INFO  server.RaftServerConfigKeys (ConfUtils.java:logGet(46)) - raft.server.retrycache.expirytime = 600000ms (custom)
2022-11-10 07:16:10,291 [pool-567-thread-1] INFO  server.RaftServerConfigKeys (ConfUtils.java:logGet(46)) - raft.server.retrycache.statistics.expirytime = 100μs (default)
2022-11-10 07:16:10,292 [pool-567-thread-1] INFO  server.RaftServerConfigKeys (ConfUtils.java:logGet(46)) - raft.server.log.appender.install.snapshot.enabled = false (custom)
2022-11-10 07:16:10,292 [pool-567-thread-1] INFO  server.RaftServerConfigKeys (ConfUtils.java:logGet(46)) - raft.server.threadpool.server.cached = true (default)
2022-11-10 07:16:10,292 [pool-567-thread-1] INFO  server.RaftServerConfigKeys (ConfUtils.java:logGet(46)) - raft.server.threadpool.server.size = 0 (default)
2022-11-10 07:16:10,292 [pool-567-thread-1] INFO  server.RaftServerConfigKeys (ConfUtils.java:logGet(46)) - raft.server.threadpool.client.cached = true (default)
2022-11-10 07:16:10,292 [pool-567-thread-1] INFO  server.RaftServerConfigKeys (ConfUtils.java:logGet(46)) - raft.server.threadpool.client.size = 0 (default)
2022-11-10 07:16:10,292 [pool-567-thread-1] INFO  storage.RaftStorageDirectory (RaftStorageDirectoryImpl.java:analyzeStorage(137)) - The storage directory /home/runner/work/ozone/ozone/hadoop-ozone/integration-test/target/test-dir/MiniOzoneClusterImpl-6c329fba-5d84-49d5-96bd-8530b1407181/datanode-1/data/ratis/cbf08c3e-2880-4af4-bef9-35a0037a9220 does not exist. Creating ...
2022-11-10 07:16:10,294 [pool-567-thread-1] INFO  storage.RaftStorageDirectory (RaftStorageDirectoryImpl.java:tryLock(231)) - Lock on /home/runner/work/ozone/ozone/hadoop-ozone/integration-test/target/test-dir/MiniOzoneClusterImpl-6c329fba-5d84-49d5-96bd-8530b1407181/datanode-1/data/ratis/cbf08c3e-2880-4af4-bef9-35a0037a9220/in_use.lock acquired by nodename 12028@fv-az435-205
2022-11-10 07:16:10,295 [pool-567-thread-1] INFO  storage.RaftStorage (RaftStorageImpl.java:format(96)) - Storage directory /home/runner/work/ozone/ozone/hadoop-ozone/integration-test/target/test-dir/MiniOzoneClusterImpl-6c329fba-5d84-49d5-96bd-8530b1407181/datanode-1/data/ratis/cbf08c3e-2880-4af4-bef9-35a0037a9220 has been successfully formatted.
2022-11-10 07:16:10,295 [pool-567-thread-1] INFO  ratis.ContainerStateMachine (ContainerStateMachine.java:loadSnapshot(236)) - group-35A0037A9220: The snapshot info is null. Setting the last applied indexto:(t:0, i:~)
2022-11-10 07:16:10,295 [pool-567-thread-1] INFO  server.RaftServerConfigKeys (ConfUtils.java:logGet(46)) - raft.server.log.use.memory = false (default)
2022-11-10 07:16:10,295 [pool-567-thread-1] INFO  server.RaftServerConfigKeys (ConfUtils.java:logGet(46)) - raft.server.log.purge.gap = 1000000 (custom)
2022-11-10 07:16:10,295 [pool-567-thread-1] INFO  server.RaftServerConfigKeys (ConfUtils.java:logGet(46)) - raft.server.log.appender.buffer.byte-limit = 33554432 (custom)
2022-11-10 07:16:10,295 [pool-567-thread-1] INFO  server.RaftServerConfigKeys (ConfUtils.java:logGet(46)) - raft.server.log.statemachine.data.read.timeout = 1000ms (default)
2022-11-10 07:16:10,295 [pool-567-thread-1] INFO  server.RaftServerConfigKeys (ConfUtils.java:logGet(46)) - raft.server.log.purge.preservation.log.num = 0 (default)
2022-11-10 07:16:10,295 [pool-567-thread-1] INFO  server.RaftServerConfigKeys (ConfUtils.java:logGet(46)) - raft.server.log.segment.size.max = 1048576 (custom)
2022-11-10 07:16:10,297 [pool-567-thread-1] INFO  server.RaftServerConfigKeys (ConfUtils.java:logGet(46)) - raft.server.log.segment.cache.num.max = 2 (custom)
2022-11-10 07:16:10,297 [pool-567-thread-1] INFO  server.RaftServerConfigKeys (ConfUtils.java:logGet(46)) - raft.server.log.segment.cache.size.max = 200MB (=209715200) (default)
2022-11-10 07:16:10,297 [pool-567-thread-1] INFO  segmented.SegmentedRaftLogWorker (SegmentedRaftLogWorker.java:<init>(191)) - new 37bda9b0-0df5-4ea8-952a-0c6f71b93e6d@group-35A0037A9220-SegmentedRaftLogWorker for RaftStorageImpl:Storage Directory /home/runner/work/ozone/ozone/hadoop-ozone/integration-test/target/test-dir/MiniOzoneClusterImpl-6c329fba-5d84-49d5-96bd-8530b1407181/datanode-1/data/ratis/cbf08c3e-2880-4af4-bef9-35a0037a9220
2022-11-10 07:16:10,297 [pool-567-thread-1] INFO  server.RaftServerConfigKeys (ConfUtils.java:logGet(46)) - raft.server.log.queue.byte-limit = 4294967296 (custom)
2022-11-10 07:16:10,297 [pool-567-thread-1] INFO  server.RaftServerConfigKeys (ConfUtils.java:logGet(46)) - raft.server.log.queue.element-limit = 1024 (custom)
2022-11-10 07:16:10,297 [pool-567-thread-1] INFO  server.RaftServerConfigKeys (ConfUtils.java:logGet(46)) - raft.server.log.segment.size.max = 1048576 (custom)
2022-11-10 07:16:10,297 [pool-567-thread-1] INFO  server.RaftServerConfigKeys (ConfUtils.java:logGet(46)) - raft.server.log.preallocated.size = 16384 (custom)
2022-11-10 07:16:10,297 [pool-567-thread-1] INFO  server.RaftServerConfigKeys (ConfUtils.java:logGet(46)) - raft.server.log.force.sync.num = 128 (default)
2022-11-10 07:16:10,297 [pool-567-thread-1] INFO  server.RaftServerConfigKeys (ConfUtils.java:logGet(46)) - raft.server.log.statemachine.data.sync = true (default)
2022-11-10 07:16:10,297 [pool-567-thread-1] INFO  server.RaftServerConfigKeys (ConfUtils.java:logGet(46)) - raft.server.log.statemachine.data.sync.timeout = 10s (default)
2022-11-10 07:16:10,297 [pool-567-thread-1] INFO  server.RaftServerConfigKeys (ConfUtils.java:logGet(46)) - raft.server.log.statemachine.data.sync.timeout.retry = -1 (default)
2022-11-10 07:16:10,298 [pool-567-thread-1] INFO  server.RaftServerConfigKeys (ConfUtils.java:logGet(46)) - raft.server.log.write.buffer.size = 1048576 (custom)
2022-11-10 07:16:10,298 [pool-567-thread-1] INFO  server.RaftServerConfigKeys (ConfUtils.java:logGet(46)) - raft.server.log.unsafe-flush.enabled = false (default)
2022-11-10 07:16:10,298 [pool-567-thread-1] INFO  server.RaftServerConfigKeys (ConfUtils.java:logGet(46)) - raft.server.log.async-flush.enabled = false (default)
2022-11-10 07:16:10,299 [pool-567-thread-1] INFO  server.RaftServerConfigKeys (ConfUtils.java:logGet(46)) - raft.server.log.statemachine.data.caching.enabled = true (custom)
2022-11-10 07:16:10,299 [pool-567-thread-1] INFO  segmented.SegmentedRaftLogWorker (SegmentedRaftLogWorker.java:lambda$new$0(136)) - 37bda9b0-0df5-4ea8-952a-0c6f71b93e6d@group-35A0037A9220-SegmentedRaftLogWorker: flushIndex: setUnconditionally 0 -> -1
2022-11-10 07:16:10,299 [pool-567-thread-1] INFO  segmented.SegmentedRaftLogWorker (SegmentedRaftLogWorker.java:lambda$new$0(136)) - 37bda9b0-0df5-4ea8-952a-0c6f71b93e6d@group-35A0037A9220-SegmentedRaftLogWorker: safeCacheEvictIndex: setUnconditionally 0 -> -1
2022-11-10 07:16:10,299 [pool-567-thread-1] INFO  server.RaftServer$Division (RaftServerImpl.java:start(334)) - 37bda9b0-0df5-4ea8-952a-0c6f71b93e6d@group-35A0037A9220: start as a follower, conf=-1: peers:[91b954a0-6378-41b2-9057-8851e07a0c7d|rpc:10.1.0.59:36765|dataStream:|priority:0|startupRole:FOLLOWER, ebd53443-e3ae-4256-96ac-f1308b179955|rpc:10.1.0.59:38343|dataStream:|priority:0|startupRole:FOLLOWER, 37bda9b0-0df5-4ea8-952a-0c6f71b93e6d|rpc:10.1.0.59:43699|dataStream:|priority:1|startupRole:FOLLOWER]|listeners:[], old=null
2022-11-10 07:16:10,299 [pool-567-thread-1] INFO  server.RaftServer$Division (RaftServerImpl.java:setRole(321)) - 37bda9b0-0df5-4ea8-952a-0c6f71b93e6d@group-35A0037A9220: changes role from      null to FOLLOWER at term 0 for startAsFollower
2022-11-10 07:16:10,299 [pool-567-thread-1] INFO  impl.RoleInfo (RoleInfo.java:updateAndGet(139)) - 37bda9b0-0df5-4ea8-952a-0c6f71b93e6d: start 37bda9b0-0df5-4ea8-952a-0c6f71b93e6d@group-35A0037A9220-FollowerState
2022-11-10 07:16:10,303 [pool-567-thread-1] INFO  util.JmxRegister (JmxRegister.java:tryRegister(44)) - Successfully registered JMX Bean with object name Ratis:service=RaftServer,group=group-35A0037A9220,id=37bda9b0-0df5-4ea8-952a-0c6f71b93e6d
2022-11-10 07:16:10,303 [pool-567-thread-1] INFO  server.RaftServerConfigKeys (ConfUtils.java:logGet(46)) - raft.server.snapshot.auto.trigger.enabled = true (custom)
2022-11-10 07:16:10,303 [pool-567-thread-1] INFO  server.RaftServerConfigKeys (ConfUtils.java:logGet(46)) - raft.server.snapshot.auto.trigger.threshold = 10000 (custom)
2022-11-10 07:16:10,303 [pool-567-thread-1] INFO  server.RaftServerConfigKeys (ConfUtils.java:logGet(46)) - raft.server.snapshot.retention.file.num = 5 (custom)
2022-11-10 07:16:10,303 [pool-567-thread-1] INFO  server.RaftServerConfigKeys (ConfUtils.java:logGet(46)) - raft.server.log.purge.upto.snapshot.index = false (default)
2022-11-10 07:16:10,304 [37bda9b0-0df5-4ea8-952a-0c6f71b93e6d@group-35A0037A9220-FollowerState] INFO  server.RaftServerConfigKeys (ConfUtils.java:logFallback(53)) - raft.server.rpc.first-election.timeout.min = 5s (fallback to raft.server.rpc.timeout.min)
2022-11-10 07:16:10,304 [37bda9b0-0df5-4ea8-952a-0c6f71b93e6d@group-35A0037A9220-FollowerState] INFO  server.RaftServerConfigKeys (ConfUtils.java:logFallback(53)) - raft.server.rpc.first-election.timeout.max = 5200ms (fallback to raft.server.rpc.timeout.max)
2022-11-10 07:16:10,310 [Command processor thread] INFO  commandhandler.CreatePipelineCommandHandler (CreatePipelineCommandHandler.java:handle(113)) - Created Pipeline RATIS THREE PipelineID=cbf08c3e-2880-4af4-bef9-35a0037a9220.
2022-11-10 07:16:10,704 [Listener at 127.0.0.1/32977] INFO  ozone.MiniOzoneClusterImpl (MiniOzoneClusterImpl.java:lambda$waitForClusterToBeReady$0(216)) - Nodes are ready. Got 6 of 6 DN Heartbeats.
2022-11-10 07:16:10,704 [Listener at 127.0.0.1/32977] INFO  ozone.MiniOzoneClusterImpl (MiniOzoneClusterImpl.java:lambda$waitForClusterToBeReady$0(219)) - Waiting for cluster to exit safe mode
2022-11-10 07:16:10,704 [Listener at 127.0.0.1/32977] INFO  ozone.MiniOzoneClusterImpl (MiniOzoneClusterImpl.java:lambda$waitForClusterToBeReady$0(221)) - SCM became leader
2022-11-10 07:16:11,110 [Command processor thread] INFO  server.RaftServer (RaftServerProxy.java:addNew(96)) - 2761f105-bad8-4cc1-bdb0-f2de1107aa09: addNew group-F29BB377DB86:[93f75986-a2fd-4e1e-8c9d-e124aac8f1f2|rpc:10.1.0.59:37359|priority:1|startupRole:FOLLOWER, 61b4adde-551e-4095-bce8-06739a9df4a2|rpc:10.1.0.59:44441|priority:0|startupRole:FOLLOWER, 2761f105-bad8-4cc1-bdb0-f2de1107aa09|rpc:10.1.0.59:44127|priority:0|startupRole:FOLLOWER] returns group-F29BB377DB86:java.util.concurrent.CompletableFuture@4c7c0bd4[Not completed]
2022-11-10 07:16:11,111 [pool-613-thread-1] INFO  server.RaftServer$Division (RaftServerImpl.java:<init>(195)) - 2761f105-bad8-4cc1-bdb0-f2de1107aa09: new RaftServerImpl for group-F29BB377DB86:[93f75986-a2fd-4e1e-8c9d-e124aac8f1f2|rpc:10.1.0.59:37359|priority:1|startupRole:FOLLOWER, 61b4adde-551e-4095-bce8-06739a9df4a2|rpc:10.1.0.59:44441|priority:0|startupRole:FOLLOWER, 2761f105-bad8-4cc1-bdb0-f2de1107aa09|rpc:10.1.0.59:44127|priority:0|startupRole:FOLLOWER] with ContainerStateMachine:uninitialized
2022-11-10 07:16:11,111 [pool-613-thread-1] INFO  server.RaftServerConfigKeys (ConfUtils.java:logGet(46)) - raft.server.rpc.timeout.min = 5s (custom)
2022-11-10 07:16:11,111 [pool-613-thread-1] INFO  server.RaftServerConfigKeys (ConfUtils.java:logGet(46)) - raft.server.rpc.timeout.max = 5200ms (custom)
2022-11-10 07:16:11,111 [pool-613-thread-1] INFO  server.RaftServerConfigKeys (ConfUtils.java:logGet(46)) - raft.server.rpc.sleep.time = 25ms (default)
2022-11-10 07:16:11,111 [pool-613-thread-1] INFO  server.RaftServerConfigKeys (ConfUtils.java:logGet(46)) - raft.server.rpc.slowness.timeout = 300s (custom)
2022-11-10 07:16:11,111 [pool-613-thread-1] INFO  server.RaftServerConfigKeys (ConfUtils.java:logGet(46)) - raft.server.leaderelection.leader.step-down.wait-time = 10s (default)
2022-11-10 07:16:11,113 [pool-613-thread-1] INFO  server.RaftServerConfigKeys (ConfUtils.java:logGet(46)) - raft.server.sleep.deviation.threshold = 300ms (default)
2022-11-10 07:16:11,114 [pool-613-thread-1] INFO  server.RaftServer$Division (ServerState.java:<init>(118)) - 2761f105-bad8-4cc1-bdb0-f2de1107aa09@group-F29BB377DB86: ConfigurationManager, init=-1: peers:[93f75986-a2fd-4e1e-8c9d-e124aac8f1f2|rpc:10.1.0.59:37359|priority:1|startupRole:FOLLOWER, 61b4adde-551e-4095-bce8-06739a9df4a2|rpc:10.1.0.59:44441|priority:0|startupRole:FOLLOWER, 2761f105-bad8-4cc1-bdb0-f2de1107aa09|rpc:10.1.0.59:44127|priority:0|startupRole:FOLLOWER]|listeners:[], old=null, confs=<EMPTY_MAP>
2022-11-10 07:16:11,114 [pool-613-thread-1] INFO  server.RaftServerConfigKeys (ConfUtils.java:logGet(46)) - raft.server.storage.dir = [/home/runner/work/ozone/ozone/hadoop-ozone/integration-test/target/test-dir/MiniOzoneClusterImpl-6c329fba-5d84-49d5-96bd-8530b1407181/datanode-3/data/ratis] (custom)
2022-11-10 07:16:11,114 [pool-613-thread-1] INFO  server.RaftServerConfigKeys (ConfUtils.java:logGet(46)) - raft.server.log.corruption.policy = EXCEPTION (default)
2022-11-10 07:16:11,114 [pool-613-thread-1] INFO  server.RaftServerConfigKeys (ConfUtils.java:logGet(46)) - raft.server.storage.free-space.min = 0MB (=0) (default)
2022-11-10 07:16:11,114 [pool-613-thread-1] INFO  server.RaftServerConfigKeys (ConfUtils.java:logGet(46)) - raft.server.notification.no-leader.timeout = 300s (custom)
2022-11-10 07:16:11,114 [pool-613-thread-1] INFO  server.RaftServerConfigKeys (ConfUtils.java:logGet(46)) - raft.server.retrycache.expirytime = 600000ms (custom)
2022-11-10 07:16:11,114 [pool-613-thread-1] INFO  server.RaftServerConfigKeys (ConfUtils.java:logGet(46)) - raft.server.retrycache.statistics.expirytime = 100μs (default)
2022-11-10 07:16:11,115 [pool-613-thread-1] INFO  server.RaftServerConfigKeys (ConfUtils.java:logGet(46)) - raft.server.log.appender.install.snapshot.enabled = false (custom)
2022-11-10 07:16:11,115 [pool-613-thread-1] INFO  server.RaftServerConfigKeys (ConfUtils.java:logGet(46)) - raft.server.threadpool.server.cached = true (default)
2022-11-10 07:16:11,115 [pool-613-thread-1] INFO  server.RaftServerConfigKeys (ConfUtils.java:logGet(46)) - raft.server.threadpool.server.size = 0 (default)
2022-11-10 07:16:11,115 [pool-613-thread-1] INFO  server.RaftServerConfigKeys (ConfUtils.java:logGet(46)) - raft.server.threadpool.client.cached = true (default)
2022-11-10 07:16:11,116 [pool-613-thread-1] INFO  server.RaftServerConfigKeys (ConfUtils.java:logGet(46)) - raft.server.threadpool.client.size = 0 (default)
2022-11-10 07:16:11,116 [pool-613-thread-1] INFO  storage.RaftStorageDirectory (RaftStorageDirectoryImpl.java:analyzeStorage(137)) - The storage directory /home/runner/work/ozone/ozone/hadoop-ozone/integration-test/target/test-dir/MiniOzoneClusterImpl-6c329fba-5d84-49d5-96bd-8530b1407181/datanode-3/data/ratis/8d3d5767-c6f2-4391-89a8-f29bb377db86 does not exist. Creating ...
2022-11-10 07:16:11,117 [pool-613-thread-1] INFO  storage.RaftStorageDirectory (RaftStorageDirectoryImpl.java:tryLock(231)) - Lock on /home/runner/work/ozone/ozone/hadoop-ozone/integration-test/target/test-dir/MiniOzoneClusterImpl-6c329fba-5d84-49d5-96bd-8530b1407181/datanode-3/data/ratis/8d3d5767-c6f2-4391-89a8-f29bb377db86/in_use.lock acquired by nodename 12028@fv-az435-205
2022-11-10 07:16:11,118 [pool-613-thread-1] INFO  storage.RaftStorage (RaftStorageImpl.java:format(96)) - Storage directory /home/runner/work/ozone/ozone/hadoop-ozone/integration-test/target/test-dir/MiniOzoneClusterImpl-6c329fba-5d84-49d5-96bd-8530b1407181/datanode-3/data/ratis/8d3d5767-c6f2-4391-89a8-f29bb377db86 has been successfully formatted.
2022-11-10 07:16:11,120 [pool-613-thread-1] INFO  ratis.ContainerStateMachine (ContainerStateMachine.java:loadSnapshot(236)) - group-F29BB377DB86: The snapshot info is null. Setting the last applied indexto:(t:0, i:~)
2022-11-10 07:16:11,120 [pool-613-thread-1] INFO  server.RaftServerConfigKeys (ConfUtils.java:logGet(46)) - raft.server.log.use.memory = false (default)
2022-11-10 07:16:11,120 [pool-613-thread-1] INFO  server.RaftServerConfigKeys (ConfUtils.java:logGet(46)) - raft.server.log.purge.gap = 1000000 (custom)
2022-11-10 07:16:11,120 [pool-613-thread-1] INFO  server.RaftServerConfigKeys (ConfUtils.java:logGet(46)) - raft.server.log.appender.buffer.byte-limit = 33554432 (custom)
2022-11-10 07:16:11,121 [pool-613-thread-1] INFO  server.RaftServerConfigKeys (ConfUtils.java:logGet(46)) - raft.server.log.statemachine.data.read.timeout = 1000ms (default)
2022-11-10 07:16:11,121 [pool-613-thread-1] INFO  server.RaftServerConfigKeys (ConfUtils.java:logGet(46)) - raft.server.log.purge.preservation.log.num = 0 (default)
2022-11-10 07:16:11,121 [pool-613-thread-1] INFO  server.RaftServerConfigKeys (ConfUtils.java:logGet(46)) - raft.server.log.segment.size.max = 1048576 (custom)
2022-11-10 07:16:11,122 [pool-613-thread-1] INFO  server.RaftServerConfigKeys (ConfUtils.java:logGet(46)) - raft.server.log.segment.cache.num.max = 2 (custom)
2022-11-10 07:16:11,122 [pool-613-thread-1] INFO  server.RaftServerConfigKeys (ConfUtils.java:logGet(46)) - raft.server.log.segment.cache.size.max = 200MB (=209715200) (default)
2022-11-10 07:16:11,122 [pool-613-thread-1] INFO  segmented.SegmentedRaftLogWorker (SegmentedRaftLogWorker.java:<init>(191)) - new 2761f105-bad8-4cc1-bdb0-f2de1107aa09@group-F29BB377DB86-SegmentedRaftLogWorker for RaftStorageImpl:Storage Directory /home/runner/work/ozone/ozone/hadoop-ozone/integration-test/target/test-dir/MiniOzoneClusterImpl-6c329fba-5d84-49d5-96bd-8530b1407181/datanode-3/data/ratis/8d3d5767-c6f2-4391-89a8-f29bb377db86
2022-11-10 07:16:11,122 [pool-613-thread-1] INFO  server.RaftServerConfigKeys (ConfUtils.java:logGet(46)) - raft.server.log.queue.byte-limit = 4294967296 (custom)
2022-11-10 07:16:11,122 [pool-613-thread-1] INFO  server.RaftServerConfigKeys (ConfUtils.java:logGet(46)) - raft.server.log.queue.element-limit = 1024 (custom)
2022-11-10 07:16:11,122 [pool-613-thread-1] INFO  server.RaftServerConfigKeys (ConfUtils.java:logGet(46)) - raft.server.log.segment.size.max = 1048576 (custom)
2022-11-10 07:16:11,122 [pool-613-thread-1] INFO  server.RaftServerConfigKeys (ConfUtils.java:logGet(46)) - raft.server.log.preallocated.size = 16384 (custom)
2022-11-10 07:16:11,122 [pool-613-thread-1] INFO  server.RaftServerConfigKeys (ConfUtils.java:logGet(46)) - raft.server.log.force.sync.num = 128 (default)
2022-11-10 07:16:11,122 [pool-613-thread-1] INFO  server.RaftServerConfigKeys (ConfUtils.java:logGet(46)) - raft.server.log.statemachine.data.sync = true (default)
2022-11-10 07:16:11,122 [pool-613-thread-1] INFO  server.RaftServerConfigKeys (ConfUtils.java:logGet(46)) - raft.server.log.statemachine.data.sync.timeout = 10s (default)
2022-11-10 07:16:11,122 [pool-613-thread-1] INFO  server.RaftServerConfigKeys (ConfUtils.java:logGet(46)) - raft.server.log.statemachine.data.sync.timeout.retry = -1 (default)
2022-11-10 07:16:11,123 [pool-613-thread-1] INFO  server.RaftServerConfigKeys (ConfUtils.java:logGet(46)) - raft.server.log.write.buffer.size = 1048576 (custom)
2022-11-10 07:16:11,123 [pool-613-thread-1] INFO  server.RaftServerConfigKeys (ConfUtils.java:logGet(46)) - raft.server.log.unsafe-flush.enabled = false (default)
2022-11-10 07:16:11,124 [pool-613-thread-1] INFO  server.RaftServerConfigKeys (ConfUtils.java:logGet(46)) - raft.server.log.async-flush.enabled = false (default)
2022-11-10 07:16:11,124 [pool-613-thread-1] INFO  server.RaftServerConfigKeys (ConfUtils.java:logGet(46)) - raft.server.log.statemachine.data.caching.enabled = true (custom)
2022-11-10 07:16:11,124 [pool-613-thread-1] INFO  segmented.SegmentedRaftLogWorker (SegmentedRaftLogWorker.java:lambda$new$0(136)) - 2761f105-bad8-4cc1-bdb0-f2de1107aa09@group-F29BB377DB86-SegmentedRaftLogWorker: flushIndex: setUnconditionally 0 -> -1
2022-11-10 07:16:11,124 [pool-613-thread-1] INFO  segmented.SegmentedRaftLogWorker (SegmentedRaftLogWorker.java:lambda$new$0(136)) - 2761f105-bad8-4cc1-bdb0-f2de1107aa09@group-F29BB377DB86-SegmentedRaftLogWorker: safeCacheEvictIndex: setUnconditionally 0 -> -1
2022-11-10 07:16:11,124 [pool-613-thread-1] INFO  server.RaftServer$Division (RaftServerImpl.java:start(334)) - 2761f105-bad8-4cc1-bdb0-f2de1107aa09@group-F29BB377DB86: start as a follower, conf=-1: peers:[93f75986-a2fd-4e1e-8c9d-e124aac8f1f2|rpc:10.1.0.59:37359|priority:1|startupRole:FOLLOWER, 61b4adde-551e-4095-bce8-06739a9df4a2|rpc:10.1.0.59:44441|priority:0|startupRole:FOLLOWER, 2761f105-bad8-4cc1-bdb0-f2de1107aa09|rpc:10.1.0.59:44127|priority:0|startupRole:FOLLOWER]|listeners:[], old=null
2022-11-10 07:16:11,124 [pool-613-thread-1] INFO  server.RaftServer$Division (RaftServerImpl.java:setRole(321)) - 2761f105-bad8-4cc1-bdb0-f2de1107aa09@group-F29BB377DB86: changes role from      null to FOLLOWER at term 0 for startAsFollower
2022-11-10 07:16:11,124 [pool-613-thread-1] INFO  impl.RoleInfo (RoleInfo.java:updateAndGet(139)) - 2761f105-bad8-4cc1-bdb0-f2de1107aa09: start 2761f105-bad8-4cc1-bdb0-f2de1107aa09@group-F29BB377DB86-FollowerState
2022-11-10 07:16:11,124 [pool-613-thread-1] INFO  util.JmxRegister (JmxRegister.java:tryRegister(44)) - Successfully registered JMX Bean with object name Ratis:service=RaftServer,group=group-F29BB377DB86,id=2761f105-bad8-4cc1-bdb0-f2de1107aa09
2022-11-10 07:16:11,124 [pool-613-thread-1] INFO  server.RaftServerConfigKeys (ConfUtils.java:logGet(46)) - raft.server.snapshot.auto.trigger.enabled = true (custom)
2022-11-10 07:16:11,124 [pool-613-thread-1] INFO  server.RaftServerConfigKeys (ConfUtils.java:logGet(46)) - raft.server.snapshot.auto.trigger.threshold = 10000 (custom)
2022-11-10 07:16:11,125 [pool-613-thread-1] INFO  server.RaftServerConfigKeys (ConfUtils.java:logGet(46)) - raft.server.snapshot.retention.file.num = 5 (custom)
2022-11-10 07:16:11,125 [pool-613-thread-1] INFO  server.RaftServerConfigKeys (ConfUtils.java:logGet(46)) - raft.server.log.purge.upto.snapshot.index = false (default)
2022-11-10 07:16:11,125 [2761f105-bad8-4cc1-bdb0-f2de1107aa09@group-F29BB377DB86-FollowerState] INFO  server.RaftServerConfigKeys (ConfUtils.java:logFallback(53)) - raft.server.rpc.first-election.timeout.min = 5s (fallback to raft.server.rpc.timeout.min)
2022-11-10 07:16:11,125 [2761f105-bad8-4cc1-bdb0-f2de1107aa09@group-F29BB377DB86-FollowerState] INFO  server.RaftServerConfigKeys (ConfUtils.java:logFallback(53)) - raft.server.rpc.first-election.timeout.max = 5200ms (fallback to raft.server.rpc.timeout.max)
2022-11-10 07:16:11,127 [Command processor thread] INFO  ratis.XceiverServerRatis (XceiverServerRatis.java:addGroup(765)) - Created group PipelineID=8d3d5767-c6f2-4391-89a8-f29bb377db86
2022-11-10 07:16:11,138 [grpc-default-executor-0] INFO  server.RaftServer (RaftServerProxy.java:addNew(96)) - 93f75986-a2fd-4e1e-8c9d-e124aac8f1f2: addNew group-F29BB377DB86:[93f75986-a2fd-4e1e-8c9d-e124aac8f1f2|rpc:10.1.0.59:37359|dataStream:|priority:1|startupRole:FOLLOWER, 61b4adde-551e-4095-bce8-06739a9df4a2|rpc:10.1.0.59:44441|dataStream:|priority:0|startupRole:FOLLOWER, 2761f105-bad8-4cc1-bdb0-f2de1107aa09|rpc:10.1.0.59:44127|dataStream:|priority:0|startupRole:FOLLOWER] returns group-F29BB377DB86:java.util.concurrent.CompletableFuture@474a6444[Not completed]
2022-11-10 07:16:11,140 [pool-636-thread-1] INFO  server.RaftServer$Division (RaftServerImpl.java:<init>(195)) - 93f75986-a2fd-4e1e-8c9d-e124aac8f1f2: new RaftServerImpl for group-F29BB377DB86:[93f75986-a2fd-4e1e-8c9d-e124aac8f1f2|rpc:10.1.0.59:37359|dataStream:|priority:1|startupRole:FOLLOWER, 61b4adde-551e-4095-bce8-06739a9df4a2|rpc:10.1.0.59:44441|dataStream:|priority:0|startupRole:FOLLOWER, 2761f105-bad8-4cc1-bdb0-f2de1107aa09|rpc:10.1.0.59:44127|dataStream:|priority:0|startupRole:FOLLOWER] with ContainerStateMachine:uninitialized
2022-11-10 07:16:11,140 [pool-636-thread-1] INFO  server.RaftServerConfigKeys (ConfUtils.java:logGet(46)) - raft.server.rpc.timeout.min = 5s (custom)
2022-11-10 07:16:11,140 [pool-636-thread-1] INFO  server.RaftServerConfigKeys (ConfUtils.java:logGet(46)) - raft.server.rpc.timeout.max = 5200ms (custom)
2022-11-10 07:16:11,140 [pool-636-thread-1] INFO  server.RaftServerConfigKeys (ConfUtils.java:logGet(46)) - raft.server.rpc.sleep.time = 25ms (default)
2022-11-10 07:16:11,140 [pool-636-thread-1] INFO  server.RaftServerConfigKeys (ConfUtils.java:logGet(46)) - raft.server.rpc.slowness.timeout = 300s (custom)
2022-11-10 07:16:11,140 [pool-636-thread-1] INFO  server.RaftServerConfigKeys (ConfUtils.java:logGet(46)) - raft.server.leaderelection.leader.step-down.wait-time = 10s (default)
2022-11-10 07:16:11,140 [pool-636-thread-1] INFO  server.RaftServerConfigKeys (ConfUtils.java:logGet(46)) - raft.server.sleep.deviation.threshold = 300ms (default)
2022-11-10 07:16:11,141 [pool-636-thread-1] INFO  server.RaftServer$Division (ServerState.java:<init>(118)) - 93f75986-a2fd-4e1e-8c9d-e124aac8f1f2@group-F29BB377DB86: ConfigurationManager, init=-1: peers:[93f75986-a2fd-4e1e-8c9d-e124aac8f1f2|rpc:10.1.0.59:37359|dataStream:|priority:1|startupRole:FOLLOWER, 61b4adde-551e-4095-bce8-06739a9df4a2|rpc:10.1.0.59:44441|dataStream:|priority:0|startupRole:FOLLOWER, 2761f105-bad8-4cc1-bdb0-f2de1107aa09|rpc:10.1.0.59:44127|dataStream:|priority:0|startupRole:FOLLOWER]|listeners:[], old=null, confs=<EMPTY_MAP>
2022-11-10 07:16:11,141 [pool-636-thread-1] INFO  server.RaftServerConfigKeys (ConfUtils.java:logGet(46)) - raft.server.storage.dir = [/home/runner/work/ozone/ozone/hadoop-ozone/integration-test/target/test-dir/MiniOzoneClusterImpl-6c329fba-5d84-49d5-96bd-8530b1407181/datanode-4/data/ratis] (custom)
2022-11-10 07:16:11,141 [pool-636-thread-1] INFO  server.RaftServerConfigKeys (ConfUtils.java:logGet(46)) - raft.server.log.corruption.policy = EXCEPTION (default)
2022-11-10 07:16:11,141 [pool-636-thread-1] INFO  server.RaftServerConfigKeys (ConfUtils.java:logGet(46)) - raft.server.storage.free-space.min = 0MB (=0) (default)
2022-11-10 07:16:11,141 [pool-636-thread-1] INFO  server.RaftServerConfigKeys (ConfUtils.java:logGet(46)) - raft.server.notification.no-leader.timeout = 300s (custom)
2022-11-10 07:16:11,141 [pool-636-thread-1] INFO  server.RaftServerConfigKeys (ConfUtils.java:logGet(46)) - raft.server.retrycache.expirytime = 600000ms (custom)
2022-11-10 07:16:11,141 [pool-636-thread-1] INFO  server.RaftServerConfigKeys (ConfUtils.java:logGet(46)) - raft.server.retrycache.statistics.expirytime = 100μs (default)
2022-11-10 07:16:11,143 [pool-636-thread-1] INFO  server.RaftServerConfigKeys (ConfUtils.java:logGet(46)) - raft.server.log.appender.install.snapshot.enabled = false (custom)
2022-11-10 07:16:11,143 [pool-636-thread-1] INFO  server.RaftServerConfigKeys (ConfUtils.java:logGet(46)) - raft.server.threadpool.server.cached = true (default)
2022-11-10 07:16:11,143 [pool-636-thread-1] INFO  server.RaftServerConfigKeys (ConfUtils.java:logGet(46)) - raft.server.threadpool.server.size = 0 (default)
2022-11-10 07:16:11,143 [pool-636-thread-1] INFO  server.RaftServerConfigKeys (ConfUtils.java:logGet(46)) - raft.server.threadpool.client.cached = true (default)
2022-11-10 07:16:11,143 [pool-636-thread-1] INFO  server.RaftServerConfigKeys (ConfUtils.java:logGet(46)) - raft.server.threadpool.client.size = 0 (default)
2022-11-10 07:16:11,143 [pool-636-thread-1] INFO  storage.RaftStorageDirectory (RaftStorageDirectoryImpl.java:analyzeStorage(137)) - The storage directory /home/runner/work/ozone/ozone/hadoop-ozone/integration-test/target/test-dir/MiniOzoneClusterImpl-6c329fba-5d84-49d5-96bd-8530b1407181/datanode-4/data/ratis/8d3d5767-c6f2-4391-89a8-f29bb377db86 does not exist. Creating ...
2022-11-10 07:16:11,147 [pool-636-thread-1] INFO  storage.RaftStorageDirectory (RaftStorageDirectoryImpl.java:tryLock(231)) - Lock on /home/runner/work/ozone/ozone/hadoop-ozone/integration-test/target/test-dir/MiniOzoneClusterImpl-6c329fba-5d84-49d5-96bd-8530b1407181/datanode-4/data/ratis/8d3d5767-c6f2-4391-89a8-f29bb377db86/in_use.lock acquired by nodename 12028@fv-az435-205
2022-11-10 07:16:11,148 [pool-636-thread-1] INFO  storage.RaftStorage (RaftStorageImpl.java:format(96)) - Storage directory /home/runner/work/ozone/ozone/hadoop-ozone/integration-test/target/test-dir/MiniOzoneClusterImpl-6c329fba-5d84-49d5-96bd-8530b1407181/datanode-4/data/ratis/8d3d5767-c6f2-4391-89a8-f29bb377db86 has been successfully formatted.
2022-11-10 07:16:11,149 [pool-636-thread-1] INFO  ratis.ContainerStateMachine (ContainerStateMachine.java:loadSnapshot(236)) - group-F29BB377DB86: The snapshot info is null. Setting the last applied indexto:(t:0, i:~)
2022-11-10 07:16:11,149 [pool-636-thread-1] INFO  server.RaftServerConfigKeys (ConfUtils.java:logGet(46)) - raft.server.log.use.memory = false (default)
2022-11-10 07:16:11,149 [pool-636-thread-1] INFO  server.RaftServerConfigKeys (ConfUtils.java:logGet(46)) - raft.server.log.purge.gap = 1000000 (custom)
2022-11-10 07:16:11,149 [pool-636-thread-1] INFO  server.RaftServerConfigKeys (ConfUtils.java:logGet(46)) - raft.server.log.appender.buffer.byte-limit = 33554432 (custom)
2022-11-10 07:16:11,149 [pool-636-thread-1] INFO  server.RaftServerConfigKeys (ConfUtils.java:logGet(46)) - raft.server.log.statemachine.data.read.timeout = 1000ms (default)
2022-11-10 07:16:11,149 [pool-636-thread-1] INFO  server.RaftServerConfigKeys (ConfUtils.java:logGet(46)) - raft.server.log.purge.preservation.log.num = 0 (default)
2022-11-10 07:16:11,149 [pool-636-thread-1] INFO  server.RaftServerConfigKeys (ConfUtils.java:logGet(46)) - raft.server.log.segment.size.max = 1048576 (custom)
2022-11-10 07:16:11,150 [pool-636-thread-1] INFO  server.RaftServerConfigKeys (ConfUtils.java:logGet(46)) - raft.server.log.segment.cache.num.max = 2 (custom)
2022-11-10 07:16:11,150 [pool-636-thread-1] INFO  server.RaftServerConfigKeys (ConfUtils.java:logGet(46)) - raft.server.log.segment.cache.size.max = 200MB (=209715200) (default)
2022-11-10 07:16:11,150 [pool-636-thread-1] INFO  segmented.SegmentedRaftLogWorker (SegmentedRaftLogWorker.java:<init>(191)) - new 93f75986-a2fd-4e1e-8c9d-e124aac8f1f2@group-F29BB377DB86-SegmentedRaftLogWorker for RaftStorageImpl:Storage Directory /home/runner/work/ozone/ozone/hadoop-ozone/integration-test/target/test-dir/MiniOzoneClusterImpl-6c329fba-5d84-49d5-96bd-8530b1407181/datanode-4/data/ratis/8d3d5767-c6f2-4391-89a8-f29bb377db86
2022-11-10 07:16:11,150 [pool-636-thread-1] INFO  server.RaftServerConfigKeys (ConfUtils.java:logGet(46)) - raft.server.log.queue.byte-limit = 4294967296 (custom)
2022-11-10 07:16:11,150 [pool-636-thread-1] INFO  server.RaftServerConfigKeys (ConfUtils.java:logGet(46)) - raft.server.log.queue.element-limit = 1024 (custom)
2022-11-10 07:16:11,150 [pool-636-thread-1] INFO  server.RaftServerConfigKeys (ConfUtils.java:logGet(46)) - raft.server.log.segment.size.max = 1048576 (custom)
2022-11-10 07:16:11,150 [pool-636-thread-1] INFO  server.RaftServerConfigKeys (ConfUtils.java:logGet(46)) - raft.server.log.preallocated.size = 16384 (custom)
2022-11-10 07:16:11,150 [pool-636-thread-1] INFO  server.RaftServerConfigKeys (ConfUtils.java:logGet(46)) - raft.server.log.force.sync.num = 128 (default)
2022-11-10 07:16:11,150 [pool-636-thread-1] INFO  server.RaftServerConfigKeys (ConfUtils.java:logGet(46)) - raft.server.log.statemachine.data.sync = true (default)
2022-11-10 07:16:11,150 [pool-636-thread-1] INFO  server.RaftServerConfigKeys (ConfUtils.java:logGet(46)) - raft.server.log.statemachine.data.sync.timeout = 10s (default)
2022-11-10 07:16:11,150 [pool-636-thread-1] INFO  server.RaftServerConfigKeys (ConfUtils.java:logGet(46)) - raft.server.log.statemachine.data.sync.timeout.retry = -1 (default)
2022-11-10 07:16:11,151 [pool-636-thread-1] INFO  server.RaftServerConfigKeys (ConfUtils.java:logGet(46)) - raft.server.log.write.buffer.size = 1048576 (custom)
2022-11-10 07:16:11,152 [pool-636-thread-1] INFO  server.RaftServerConfigKeys (ConfUtils.java:logGet(46)) - raft.server.log.unsafe-flush.enabled = false (default)
2022-11-10 07:16:11,152 [pool-636-thread-1] INFO  server.RaftServerConfigKeys (ConfUtils.java:logGet(46)) - raft.server.log.async-flush.enabled = false (default)
2022-11-10 07:16:11,152 [pool-636-thread-1] INFO  server.RaftServerConfigKeys (ConfUtils.java:logGet(46)) - raft.server.log.statemachine.data.caching.enabled = true (custom)
2022-11-10 07:16:11,152 [pool-636-thread-1] INFO  segmented.SegmentedRaftLogWorker (SegmentedRaftLogWorker.java:lambda$new$0(136)) - 93f75986-a2fd-4e1e-8c9d-e124aac8f1f2@group-F29BB377DB86-SegmentedRaftLogWorker: flushIndex: setUnconditionally 0 -> -1
2022-11-10 07:16:11,152 [pool-636-thread-1] INFO  segmented.SegmentedRaftLogWorker (SegmentedRaftLogWorker.java:lambda$new$0(136)) - 93f75986-a2fd-4e1e-8c9d-e124aac8f1f2@group-F29BB377DB86-SegmentedRaftLogWorker: safeCacheEvictIndex: setUnconditionally 0 -> -1
2022-11-10 07:16:11,152 [pool-636-thread-1] INFO  server.RaftServer$Division (RaftServerImpl.java:start(334)) - 93f75986-a2fd-4e1e-8c9d-e124aac8f1f2@group-F29BB377DB86: start as a follower, conf=-1: peers:[93f75986-a2fd-4e1e-8c9d-e124aac8f1f2|rpc:10.1.0.59:37359|dataStream:|priority:1|startupRole:FOLLOWER, 61b4adde-551e-4095-bce8-06739a9df4a2|rpc:10.1.0.59:44441|dataStream:|priority:0|startupRole:FOLLOWER, 2761f105-bad8-4cc1-bdb0-f2de1107aa09|rpc:10.1.0.59:44127|dataStream:|priority:0|startupRole:FOLLOWER]|listeners:[], old=null
2022-11-10 07:16:11,152 [pool-636-thread-1] INFO  server.RaftServer$Division (RaftServerImpl.java:setRole(321)) - 93f75986-a2fd-4e1e-8c9d-e124aac8f1f2@group-F29BB377DB86: changes role from      null to FOLLOWER at term 0 for startAsFollower
2022-11-10 07:16:11,153 [pool-636-thread-1] INFO  impl.RoleInfo (RoleInfo.java:updateAndGet(139)) - 93f75986-a2fd-4e1e-8c9d-e124aac8f1f2: start 93f75986-a2fd-4e1e-8c9d-e124aac8f1f2@group-F29BB377DB86-FollowerState
2022-11-10 07:16:11,153 [pool-636-thread-1] INFO  util.JmxRegister (JmxRegister.java:tryRegister(44)) - Successfully registered JMX Bean with object name Ratis:service=RaftServer,group=group-F29BB377DB86,id=93f75986-a2fd-4e1e-8c9d-e124aac8f1f2
2022-11-10 07:16:11,153 [93f75986-a2fd-4e1e-8c9d-e124aac8f1f2@group-F29BB377DB86-FollowerState] INFO  server.RaftServerConfigKeys (ConfUtils.java:logFallback(53)) - raft.server.rpc.first-election.timeout.min = 5s (fallback to raft.server.rpc.timeout.min)
2022-11-10 07:16:11,153 [pool-636-thread-1] INFO  server.RaftServerConfigKeys (ConfUtils.java:logGet(46)) - raft.server.snapshot.auto.trigger.enabled = true (custom)
2022-11-10 07:16:11,153 [93f75986-a2fd-4e1e-8c9d-e124aac8f1f2@group-F29BB377DB86-FollowerState] INFO  server.RaftServerConfigKeys (ConfUtils.java:logFallback(53)) - raft.server.rpc.first-election.timeout.max = 5200ms (fallback to raft.server.rpc.timeout.max)
2022-11-10 07:16:11,153 [pool-636-thread-1] INFO  server.RaftServerConfigKeys (ConfUtils.java:logGet(46)) - raft.server.snapshot.auto.trigger.threshold = 10000 (custom)
2022-11-10 07:16:11,153 [pool-636-thread-1] INFO  server.RaftServerConfigKeys (ConfUtils.java:logGet(46)) - raft.server.snapshot.retention.file.num = 5 (custom)
2022-11-10 07:16:11,153 [pool-636-thread-1] INFO  server.RaftServerConfigKeys (ConfUtils.java:logGet(46)) - raft.server.log.purge.upto.snapshot.index = false (default)
2022-11-10 07:16:11,165 [grpc-default-executor-0] INFO  server.RaftServer (RaftServerProxy.java:addNew(96)) - 61b4adde-551e-4095-bce8-06739a9df4a2: addNew group-F29BB377DB86:[93f75986-a2fd-4e1e-8c9d-e124aac8f1f2|rpc:10.1.0.59:37359|dataStream:|priority:1|startupRole:FOLLOWER, 61b4adde-551e-4095-bce8-06739a9df4a2|rpc:10.1.0.59:44441|dataStream:|priority:0|startupRole:FOLLOWER, 2761f105-bad8-4cc1-bdb0-f2de1107aa09|rpc:10.1.0.59:44127|dataStream:|priority:0|startupRole:FOLLOWER] returns group-F29BB377DB86:java.util.concurrent.CompletableFuture@1160d53e[Not completed]
2022-11-10 07:16:11,166 [pool-659-thread-1] INFO  server.RaftServer$Division (RaftServerImpl.java:<init>(195)) - 61b4adde-551e-4095-bce8-06739a9df4a2: new RaftServerImpl for group-F29BB377DB86:[93f75986-a2fd-4e1e-8c9d-e124aac8f1f2|rpc:10.1.0.59:37359|dataStream:|priority:1|startupRole:FOLLOWER, 61b4adde-551e-4095-bce8-06739a9df4a2|rpc:10.1.0.59:44441|dataStream:|priority:0|startupRole:FOLLOWER, 2761f105-bad8-4cc1-bdb0-f2de1107aa09|rpc:10.1.0.59:44127|dataStream:|priority:0|startupRole:FOLLOWER] with ContainerStateMachine:uninitialized
2022-11-10 07:16:11,166 [pool-659-thread-1] INFO  server.RaftServerConfigKeys (ConfUtils.java:logGet(46)) - raft.server.rpc.timeout.min = 5s (custom)
2022-11-10 07:16:11,166 [pool-659-thread-1] INFO  server.RaftServerConfigKeys (ConfUtils.java:logGet(46)) - raft.server.rpc.timeout.max = 5200ms (custom)
2022-11-10 07:16:11,166 [pool-659-thread-1] INFO  server.RaftServerConfigKeys (ConfUtils.java:logGet(46)) - raft.server.rpc.sleep.time = 25ms (default)
2022-11-10 07:16:11,166 [pool-659-thread-1] INFO  server.RaftServerConfigKeys (ConfUtils.java:logGet(46)) - raft.server.rpc.slowness.timeout = 300s (custom)
2022-11-10 07:16:11,166 [pool-659-thread-1] INFO  server.RaftServerConfigKeys (ConfUtils.java:logGet(46)) - raft.server.leaderelection.leader.step-down.wait-time = 10s (default)
2022-11-10 07:16:11,166 [pool-659-thread-1] INFO  server.RaftServerConfigKeys (ConfUtils.java:logGet(46)) - raft.server.sleep.deviation.threshold = 300ms (default)
2022-11-10 07:16:11,166 [pool-659-thread-1] INFO  server.RaftServer$Division (ServerState.java:<init>(118)) - 61b4adde-551e-4095-bce8-06739a9df4a2@group-F29BB377DB86: ConfigurationManager, init=-1: peers:[93f75986-a2fd-4e1e-8c9d-e124aac8f1f2|rpc:10.1.0.59:37359|dataStream:|priority:1|startupRole:FOLLOWER, 61b4adde-551e-4095-bce8-06739a9df4a2|rpc:10.1.0.59:44441|dataStream:|priority:0|startupRole:FOLLOWER, 2761f105-bad8-4cc1-bdb0-f2de1107aa09|rpc:10.1.0.59:44127|dataStream:|priority:0|startupRole:FOLLOWER]|listeners:[], old=null, confs=<EMPTY_MAP>
2022-11-10 07:16:11,166 [pool-659-thread-1] INFO  server.RaftServerConfigKeys (ConfUtils.java:logGet(46)) - raft.server.storage.dir = [/home/runner/work/ozone/ozone/hadoop-ozone/integration-test/target/test-dir/MiniOzoneClusterImpl-6c329fba-5d84-49d5-96bd-8530b1407181/datanode-5/data/ratis] (custom)
2022-11-10 07:16:11,166 [pool-659-thread-1] INFO  server.RaftServerConfigKeys (ConfUtils.java:logGet(46)) - raft.server.log.corruption.policy = EXCEPTION (default)
2022-11-10 07:16:11,166 [pool-659-thread-1] INFO  server.RaftServerConfigKeys (ConfUtils.java:logGet(46)) - raft.server.storage.free-space.min = 0MB (=0) (default)
2022-11-10 07:16:11,167 [pool-659-thread-1] INFO  server.RaftServerConfigKeys (ConfUtils.java:logGet(46)) - raft.server.notification.no-leader.timeout = 300s (custom)
2022-11-10 07:16:11,167 [pool-659-thread-1] INFO  server.RaftServerConfigKeys (ConfUtils.java:logGet(46)) - raft.server.retrycache.expirytime = 600000ms (custom)
2022-11-10 07:16:11,167 [pool-659-thread-1] INFO  server.RaftServerConfigKeys (ConfUtils.java:logGet(46)) - raft.server.retrycache.statistics.expirytime = 100μs (default)
2022-11-10 07:16:11,168 [pool-659-thread-1] INFO  server.RaftServerConfigKeys (ConfUtils.java:logGet(46)) - raft.server.log.appender.install.snapshot.enabled = false (custom)
2022-11-10 07:16:11,168 [pool-659-thread-1] INFO  server.RaftServerConfigKeys (ConfUtils.java:logGet(46)) - raft.server.threadpool.server.cached = true (default)
2022-11-10 07:16:11,168 [pool-659-thread-1] INFO  server.RaftServerConfigKeys (ConfUtils.java:logGet(46)) - raft.server.threadpool.server.size = 0 (default)
2022-11-10 07:16:11,168 [pool-659-thread-1] INFO  server.RaftServerConfigKeys (ConfUtils.java:logGet(46)) - raft.server.threadpool.client.cached = true (default)
2022-11-10 07:16:11,168 [pool-659-thread-1] INFO  server.RaftServerConfigKeys (ConfUtils.java:logGet(46)) - raft.server.threadpool.client.size = 0 (default)
2022-11-10 07:16:11,168 [pool-659-thread-1] INFO  storage.RaftStorageDirectory (RaftStorageDirectoryImpl.java:analyzeStorage(137)) - The storage directory /home/runner/work/ozone/ozone/hadoop-ozone/integration-test/target/test-dir/MiniOzoneClusterImpl-6c329fba-5d84-49d5-96bd-8530b1407181/datanode-5/data/ratis/8d3d5767-c6f2-4391-89a8-f29bb377db86 does not exist. Creating ...
2022-11-10 07:16:11,169 [pool-659-thread-1] INFO  storage.RaftStorageDirectory (RaftStorageDirectoryImpl.java:tryLock(231)) - Lock on /home/runner/work/ozone/ozone/hadoop-ozone/integration-test/target/test-dir/MiniOzoneClusterImpl-6c329fba-5d84-49d5-96bd-8530b1407181/datanode-5/data/ratis/8d3d5767-c6f2-4391-89a8-f29bb377db86/in_use.lock acquired by nodename 12028@fv-az435-205
2022-11-10 07:16:11,170 [pool-659-thread-1] INFO  storage.RaftStorage (RaftStorageImpl.java:format(96)) - Storage directory /home/runner/work/ozone/ozone/hadoop-ozone/integration-test/target/test-dir/MiniOzoneClusterImpl-6c329fba-5d84-49d5-96bd-8530b1407181/datanode-5/data/ratis/8d3d5767-c6f2-4391-89a8-f29bb377db86 has been successfully formatted.
2022-11-10 07:16:11,171 [pool-659-thread-1] INFO  ratis.ContainerStateMachine (ContainerStateMachine.java:loadSnapshot(236)) - group-F29BB377DB86: The snapshot info is null. Setting the last applied indexto:(t:0, i:~)
2022-11-10 07:16:11,171 [pool-659-thread-1] INFO  server.RaftServerConfigKeys (ConfUtils.java:logGet(46)) - raft.server.log.use.memory = false (default)
2022-11-10 07:16:11,172 [pool-659-thread-1] INFO  server.RaftServerConfigKeys (ConfUtils.java:logGet(46)) - raft.server.log.purge.gap = 1000000 (custom)
2022-11-10 07:16:11,172 [pool-659-thread-1] INFO  server.RaftServerConfigKeys (ConfUtils.java:logGet(46)) - raft.server.log.appender.buffer.byte-limit = 33554432 (custom)
2022-11-10 07:16:11,172 [pool-659-thread-1] INFO  server.RaftServerConfigKeys (ConfUtils.java:logGet(46)) - raft.server.log.statemachine.data.read.timeout = 1000ms (default)
2022-11-10 07:16:11,172 [pool-659-thread-1] INFO  server.RaftServerConfigKeys (ConfUtils.java:logGet(46)) - raft.server.log.purge.preservation.log.num = 0 (default)
2022-11-10 07:16:11,172 [pool-659-thread-1] INFO  server.RaftServerConfigKeys (ConfUtils.java:logGet(46)) - raft.server.log.segment.size.max = 1048576 (custom)
2022-11-10 07:16:11,172 [pool-659-thread-1] INFO  server.RaftServerConfigKeys (ConfUtils.java:logGet(46)) - raft.server.log.segment.cache.num.max = 2 (custom)
2022-11-10 07:16:11,172 [pool-659-thread-1] INFO  server.RaftServerConfigKeys (ConfUtils.java:logGet(46)) - raft.server.log.segment.cache.size.max = 200MB (=209715200) (default)
2022-11-10 07:16:11,172 [pool-659-thread-1] INFO  segmented.SegmentedRaftLogWorker (SegmentedRaftLogWorker.java:<init>(191)) - new 61b4adde-551e-4095-bce8-06739a9df4a2@group-F29BB377DB86-SegmentedRaftLogWorker for RaftStorageImpl:Storage Directory /home/runner/work/ozone/ozone/hadoop-ozone/integration-test/target/test-dir/MiniOzoneClusterImpl-6c329fba-5d84-49d5-96bd-8530b1407181/datanode-5/data/ratis/8d3d5767-c6f2-4391-89a8-f29bb377db86
2022-11-10 07:16:11,172 [pool-659-thread-1] INFO  server.RaftServerConfigKeys (ConfUtils.java:logGet(46)) - raft.server.log.queue.byte-limit = 4294967296 (custom)
2022-11-10 07:16:11,173 [pool-659-thread-1] INFO  server.RaftServerConfigKeys (ConfUtils.java:logGet(46)) - raft.server.log.queue.element-limit = 1024 (custom)
2022-11-10 07:16:11,173 [pool-659-thread-1] INFO  server.RaftServerConfigKeys (ConfUtils.java:logGet(46)) - raft.server.log.segment.size.max = 1048576 (custom)
2022-11-10 07:16:11,173 [pool-659-thread-1] INFO  server.RaftServerConfigKeys (ConfUtils.java:logGet(46)) - raft.server.log.preallocated.size = 16384 (custom)
2022-11-10 07:16:11,173 [pool-659-thread-1] INFO  server.RaftServerConfigKeys (ConfUtils.java:logGet(46)) - raft.server.log.force.sync.num = 128 (default)
2022-11-10 07:16:11,173 [pool-659-thread-1] INFO  server.RaftServerConfigKeys (ConfUtils.java:logGet(46)) - raft.server.log.statemachine.data.sync = true (default)
2022-11-10 07:16:11,173 [pool-659-thread-1] INFO  server.RaftServerConfigKeys (ConfUtils.java:logGet(46)) - raft.server.log.statemachine.data.sync.timeout = 10s (default)
2022-11-10 07:16:11,173 [pool-659-thread-1] INFO  server.RaftServerConfigKeys (ConfUtils.java:logGet(46)) - raft.server.log.statemachine.data.sync.timeout.retry = -1 (default)
2022-11-10 07:16:11,174 [pool-659-thread-1] INFO  server.RaftServerConfigKeys (ConfUtils.java:logGet(46)) - raft.server.log.write.buffer.size = 1048576 (custom)
2022-11-10 07:16:11,175 [pool-659-thread-1] INFO  server.RaftServerConfigKeys (ConfUtils.java:logGet(46)) - raft.server.log.unsafe-flush.enabled = false (default)
2022-11-10 07:16:11,175 [pool-659-thread-1] INFO  server.RaftServerConfigKeys (ConfUtils.java:logGet(46)) - raft.server.log.async-flush.enabled = false (default)
2022-11-10 07:16:11,175 [pool-659-thread-1] INFO  server.RaftServerConfigKeys (ConfUtils.java:logGet(46)) - raft.server.log.statemachine.data.caching.enabled = true (custom)
2022-11-10 07:16:11,175 [pool-659-thread-1] INFO  segmented.SegmentedRaftLogWorker (SegmentedRaftLogWorker.java:lambda$new$0(136)) - 61b4adde-551e-4095-bce8-06739a9df4a2@group-F29BB377DB86-SegmentedRaftLogWorker: flushIndex: setUnconditionally 0 -> -1
2022-11-10 07:16:11,175 [pool-659-thread-1] INFO  segmented.SegmentedRaftLogWorker (SegmentedRaftLogWorker.java:lambda$new$0(136)) - 61b4adde-551e-4095-bce8-06739a9df4a2@group-F29BB377DB86-SegmentedRaftLogWorker: safeCacheEvictIndex: setUnconditionally 0 -> -1
2022-11-10 07:16:11,175 [pool-659-thread-1] INFO  server.RaftServer$Division (RaftServerImpl.java:start(334)) - 61b4adde-551e-4095-bce8-06739a9df4a2@group-F29BB377DB86: start as a follower, conf=-1: peers:[93f75986-a2fd-4e1e-8c9d-e124aac8f1f2|rpc:10.1.0.59:37359|dataStream:|priority:1|startupRole:FOLLOWER, 61b4adde-551e-4095-bce8-06739a9df4a2|rpc:10.1.0.59:44441|dataStream:|priority:0|startupRole:FOLLOWER, 2761f105-bad8-4cc1-bdb0-f2de1107aa09|rpc:10.1.0.59:44127|dataStream:|priority:0|startupRole:FOLLOWER]|listeners:[], old=null
2022-11-10 07:16:11,175 [pool-659-thread-1] INFO  server.RaftServer$Division (RaftServerImpl.java:setRole(321)) - 61b4adde-551e-4095-bce8-06739a9df4a2@group-F29BB377DB86: changes role from      null to FOLLOWER at term 0 for startAsFollower
2022-11-10 07:16:11,175 [pool-659-thread-1] INFO  impl.RoleInfo (RoleInfo.java:updateAndGet(139)) - 61b4adde-551e-4095-bce8-06739a9df4a2: start 61b4adde-551e-4095-bce8-06739a9df4a2@group-F29BB377DB86-FollowerState
2022-11-10 07:16:11,176 [pool-659-thread-1] INFO  util.JmxRegister (JmxRegister.java:tryRegister(44)) - Successfully registered JMX Bean with object name Ratis:service=RaftServer,group=group-F29BB377DB86,id=61b4adde-551e-4095-bce8-06739a9df4a2
2022-11-10 07:16:11,176 [61b4adde-551e-4095-bce8-06739a9df4a2@group-F29BB377DB86-FollowerState] INFO  server.RaftServerConfigKeys (ConfUtils.java:logFallback(53)) - raft.server.rpc.first-election.timeout.min = 5s (fallback to raft.server.rpc.timeout.min)
2022-11-10 07:16:11,176 [pool-659-thread-1] INFO  server.RaftServerConfigKeys (ConfUtils.java:logGet(46)) - raft.server.snapshot.auto.trigger.enabled = true (custom)
2022-11-10 07:16:11,176 [61b4adde-551e-4095-bce8-06739a9df4a2@group-F29BB377DB86-FollowerState] INFO  server.RaftServerConfigKeys (ConfUtils.java:logFallback(53)) - raft.server.rpc.first-election.timeout.max = 5200ms (fallback to raft.server.rpc.timeout.max)
2022-11-10 07:16:11,176 [pool-659-thread-1] INFO  server.RaftServerConfigKeys (ConfUtils.java:logGet(46)) - raft.server.snapshot.auto.trigger.threshold = 10000 (custom)
2022-11-10 07:16:11,176 [pool-659-thread-1] INFO  server.RaftServerConfigKeys (ConfUtils.java:logGet(46)) - raft.server.snapshot.retention.file.num = 5 (custom)
2022-11-10 07:16:11,176 [pool-659-thread-1] INFO  server.RaftServerConfigKeys (ConfUtils.java:logGet(46)) - raft.server.log.purge.upto.snapshot.index = false (default)
2022-11-10 07:16:11,181 [Command processor thread] INFO  commandhandler.CreatePipelineCommandHandler (CreatePipelineCommandHandler.java:handle(113)) - Created Pipeline RATIS THREE PipelineID=8d3d5767-c6f2-4391-89a8-f29bb377db86.
2022-11-10 07:16:11,181 [Command processor thread] INFO  server.RaftServer (RaftServerProxy.java:addNew(96)) - 2761f105-bad8-4cc1-bdb0-f2de1107aa09: addNew group-6A3F1DF3BD93:[93f75986-a2fd-4e1e-8c9d-e124aac8f1f2|rpc:10.1.0.59:37359|priority:0|startupRole:FOLLOWER, 61b4adde-551e-4095-bce8-06739a9df4a2|rpc:10.1.0.59:44441|priority:1|startupRole:FOLLOWER, 2761f105-bad8-4cc1-bdb0-f2de1107aa09|rpc:10.1.0.59:44127|priority:0|startupRole:FOLLOWER] returns group-6A3F1DF3BD93:java.util.concurrent.CompletableFuture@9b46375[Not completed]
2022-11-10 07:16:11,182 [pool-613-thread-1] INFO  server.RaftServer$Division (RaftServerImpl.java:<init>(195)) - 2761f105-bad8-4cc1-bdb0-f2de1107aa09: new RaftServerImpl for group-6A3F1DF3BD93:[93f75986-a2fd-4e1e-8c9d-e124aac8f1f2|rpc:10.1.0.59:37359|priority:0|startupRole:FOLLOWER, 61b4adde-551e-4095-bce8-06739a9df4a2|rpc:10.1.0.59:44441|priority:1|startupRole:FOLLOWER, 2761f105-bad8-4cc1-bdb0-f2de1107aa09|rpc:10.1.0.59:44127|priority:0|startupRole:FOLLOWER] with ContainerStateMachine:uninitialized
2022-11-10 07:16:11,182 [pool-613-thread-1] INFO  server.RaftServerConfigKeys (ConfUtils.java:logGet(46)) - raft.server.rpc.timeout.min = 5s (custom)
2022-11-10 07:16:11,182 [pool-613-thread-1] INFO  server.RaftServerConfigKeys (ConfUtils.java:logGet(46)) - raft.server.rpc.timeout.max = 5200ms (custom)
2022-11-10 07:16:11,182 [pool-613-thread-1] INFO  server.RaftServerConfigKeys (ConfUtils.java:logGet(46)) - raft.server.rpc.sleep.time = 25ms (default)
2022-11-10 07:16:11,182 [pool-613-thread-1] INFO  server.RaftServerConfigKeys (ConfUtils.java:logGet(46)) - raft.server.rpc.slowness.timeout = 300s (custom)
2022-11-10 07:16:11,182 [pool-613-thread-1] INFO  server.RaftServerConfigKeys (ConfUtils.java:logGet(46)) - raft.server.leaderelection.leader.step-down.wait-time = 10s (default)
2022-11-10 07:16:11,182 [pool-613-thread-1] INFO  server.RaftServerConfigKeys (ConfUtils.java:logGet(46)) - raft.server.sleep.deviation.threshold = 300ms (default)
2022-11-10 07:16:11,182 [pool-613-thread-1] INFO  server.RaftServer$Division (ServerState.java:<init>(118)) - 2761f105-bad8-4cc1-bdb0-f2de1107aa09@group-6A3F1DF3BD93: ConfigurationManager, init=-1: peers:[93f75986-a2fd-4e1e-8c9d-e124aac8f1f2|rpc:10.1.0.59:37359|priority:0|startupRole:FOLLOWER, 61b4adde-551e-4095-bce8-06739a9df4a2|rpc:10.1.0.59:44441|priority:1|startupRole:FOLLOWER, 2761f105-bad8-4cc1-bdb0-f2de1107aa09|rpc:10.1.0.59:44127|priority:0|startupRole:FOLLOWER]|listeners:[], old=null, confs=<EMPTY_MAP>
2022-11-10 07:16:11,182 [pool-613-thread-1] INFO  server.RaftServerConfigKeys (ConfUtils.java:logGet(46)) - raft.server.storage.dir = [/home/runner/work/ozone/ozone/hadoop-ozone/integration-test/target/test-dir/MiniOzoneClusterImpl-6c329fba-5d84-49d5-96bd-8530b1407181/datanode-3/data/ratis] (custom)
2022-11-10 07:16:11,182 [pool-613-thread-1] INFO  server.RaftServerConfigKeys (ConfUtils.java:logGet(46)) - raft.server.log.corruption.policy = EXCEPTION (default)
2022-11-10 07:16:11,182 [pool-613-thread-1] INFO  server.RaftServerConfigKeys (ConfUtils.java:logGet(46)) - raft.server.storage.free-space.min = 0MB (=0) (default)
2022-11-10 07:16:11,182 [pool-613-thread-1] INFO  server.RaftServerConfigKeys (ConfUtils.java:logGet(46)) - raft.server.notification.no-leader.timeout = 300s (custom)
2022-11-10 07:16:11,182 [pool-613-thread-1] INFO  server.RaftServerConfigKeys (ConfUtils.java:logGet(46)) - raft.server.retrycache.expirytime = 600000ms (custom)
2022-11-10 07:16:11,182 [pool-613-thread-1] INFO  server.RaftServerConfigKeys (ConfUtils.java:logGet(46)) - raft.server.retrycache.statistics.expirytime = 100μs (default)
2022-11-10 07:16:11,183 [pool-613-thread-1] INFO  server.RaftServerConfigKeys (ConfUtils.java:logGet(46)) - raft.server.log.appender.install.snapshot.enabled = false (custom)
2022-11-10 07:16:11,183 [pool-613-thread-1] INFO  server.RaftServerConfigKeys (ConfUtils.java:logGet(46)) - raft.server.threadpool.server.cached = true (default)
2022-11-10 07:16:11,184 [pool-613-thread-1] INFO  server.RaftServerConfigKeys (ConfUtils.java:logGet(46)) - raft.server.threadpool.server.size = 0 (default)
2022-11-10 07:16:11,184 [pool-613-thread-1] INFO  server.RaftServerConfigKeys (ConfUtils.java:logGet(46)) - raft.server.threadpool.client.cached = true (default)
2022-11-10 07:16:11,184 [pool-613-thread-1] INFO  server.RaftServerConfigKeys (ConfUtils.java:logGet(46)) - raft.server.threadpool.client.size = 0 (default)
2022-11-10 07:16:11,184 [pool-613-thread-1] INFO  storage.RaftStorageDirectory (RaftStorageDirectoryImpl.java:analyzeStorage(137)) - The storage directory /home/runner/work/ozone/ozone/hadoop-ozone/integration-test/target/test-dir/MiniOzoneClusterImpl-6c329fba-5d84-49d5-96bd-8530b1407181/datanode-3/data/ratis/1878dcfb-78e5-4a16-b63f-6a3f1df3bd93 does not exist. Creating ...
2022-11-10 07:16:11,186 [pool-613-thread-1] INFO  storage.RaftStorageDirectory (RaftStorageDirectoryImpl.java:tryLock(231)) - Lock on /home/runner/work/ozone/ozone/hadoop-ozone/integration-test/target/test-dir/MiniOzoneClusterImpl-6c329fba-5d84-49d5-96bd-8530b1407181/datanode-3/data/ratis/1878dcfb-78e5-4a16-b63f-6a3f1df3bd93/in_use.lock acquired by nodename 12028@fv-az435-205
2022-11-10 07:16:11,191 [pool-613-thread-1] INFO  storage.RaftStorage (RaftStorageImpl.java:format(96)) - Storage directory /home/runner/work/ozone/ozone/hadoop-ozone/integration-test/target/test-dir/MiniOzoneClusterImpl-6c329fba-5d84-49d5-96bd-8530b1407181/datanode-3/data/ratis/1878dcfb-78e5-4a16-b63f-6a3f1df3bd93 has been successfully formatted.
2022-11-10 07:16:11,192 [pool-613-thread-1] INFO  ratis.ContainerStateMachine (ContainerStateMachine.java:loadSnapshot(236)) - group-6A3F1DF3BD93: The snapshot info is null. Setting the last applied indexto:(t:0, i:~)
2022-11-10 07:16:11,192 [pool-613-thread-1] INFO  server.RaftServerConfigKeys (ConfUtils.java:logGet(46)) - raft.server.log.use.memory = false (default)
2022-11-10 07:16:11,192 [pool-613-thread-1] INFO  server.RaftServerConfigKeys (ConfUtils.java:logGet(46)) - raft.server.log.purge.gap = 1000000 (custom)
2022-11-10 07:16:11,192 [pool-613-thread-1] INFO  server.RaftServerConfigKeys (ConfUtils.java:logGet(46)) - raft.server.log.appender.buffer.byte-limit = 33554432 (custom)
2022-11-10 07:16:11,192 [pool-613-thread-1] INFO  server.RaftServerConfigKeys (ConfUtils.java:logGet(46)) - raft.server.log.statemachine.data.read.timeout = 1000ms (default)
2022-11-10 07:16:11,192 [pool-613-thread-1] INFO  server.RaftServerConfigKeys (ConfUtils.java:logGet(46)) - raft.server.log.purge.preservation.log.num = 0 (default)
2022-11-10 07:16:11,192 [pool-613-thread-1] INFO  server.RaftServerConfigKeys (ConfUtils.java:logGet(46)) - raft.server.log.segment.size.max = 1048576 (custom)
2022-11-10 07:16:11,193 [pool-613-thread-1] INFO  server.RaftServerConfigKeys (ConfUtils.java:logGet(46)) - raft.server.log.segment.cache.num.max = 2 (custom)
2022-11-10 07:16:11,193 [pool-613-thread-1] INFO  server.RaftServerConfigKeys (ConfUtils.java:logGet(46)) - raft.server.log.segment.cache.size.max = 200MB (=209715200) (default)
2022-11-10 07:16:11,193 [pool-613-thread-1] INFO  segmented.SegmentedRaftLogWorker (SegmentedRaftLogWorker.java:<init>(191)) - new 2761f105-bad8-4cc1-bdb0-f2de1107aa09@group-6A3F1DF3BD93-SegmentedRaftLogWorker for RaftStorageImpl:Storage Directory /home/runner/work/ozone/ozone/hadoop-ozone/integration-test/target/test-dir/MiniOzoneClusterImpl-6c329fba-5d84-49d5-96bd-8530b1407181/datanode-3/data/ratis/1878dcfb-78e5-4a16-b63f-6a3f1df3bd93
2022-11-10 07:16:11,193 [pool-613-thread-1] INFO  server.RaftServerConfigKeys (ConfUtils.java:logGet(46)) - raft.server.log.queue.byte-limit = 4294967296 (custom)
2022-11-10 07:16:11,193 [pool-613-thread-1] INFO  server.RaftServerConfigKeys (ConfUtils.java:logGet(46)) - raft.server.log.queue.element-limit = 1024 (custom)
2022-11-10 07:16:11,193 [pool-613-thread-1] INFO  server.RaftServerConfigKeys (ConfUtils.java:logGet(46)) - raft.server.log.segment.size.max = 1048576 (custom)
2022-11-10 07:16:11,193 [pool-613-thread-1] INFO  server.RaftServerConfigKeys (ConfUtils.java:logGet(46)) - raft.server.log.preallocated.size = 16384 (custom)
2022-11-10 07:16:11,193 [pool-613-thread-1] INFO  server.RaftServerConfigKeys (ConfUtils.java:logGet(46)) - raft.server.log.force.sync.num = 128 (default)
2022-11-10 07:16:11,193 [pool-613-thread-1] INFO  server.RaftServerConfigKeys (ConfUtils.java:logGet(46)) - raft.server.log.statemachine.data.sync = true (default)
2022-11-10 07:16:11,193 [pool-613-thread-1] INFO  server.RaftServerConfigKeys (ConfUtils.java:logGet(46)) - raft.server.log.statemachine.data.sync.timeout = 10s (default)
2022-11-10 07:16:11,193 [pool-613-thread-1] INFO  server.RaftServerConfigKeys (ConfUtils.java:logGet(46)) - raft.server.log.statemachine.data.sync.timeout.retry = -1 (default)
2022-11-10 07:16:11,194 [pool-613-thread-1] INFO  server.RaftServerConfigKeys (ConfUtils.java:logGet(46)) - raft.server.log.write.buffer.size = 1048576 (custom)
2022-11-10 07:16:11,195 [pool-613-thread-1] INFO  server.RaftServerConfigKeys (ConfUtils.java:logGet(46)) - raft.server.log.unsafe-flush.enabled = false (default)
2022-11-10 07:16:11,195 [pool-613-thread-1] INFO  server.RaftServerConfigKeys (ConfUtils.java:logGet(46)) - raft.server.log.async-flush.enabled = false (default)
2022-11-10 07:16:11,195 [pool-613-thread-1] INFO  server.RaftServerConfigKeys (ConfUtils.java:logGet(46)) - raft.server.log.statemachine.data.caching.enabled = true (custom)
2022-11-10 07:16:11,195 [pool-613-thread-1] INFO  segmented.SegmentedRaftLogWorker (SegmentedRaftLogWorker.java:lambda$new$0(136)) - 2761f105-bad8-4cc1-bdb0-f2de1107aa09@group-6A3F1DF3BD93-SegmentedRaftLogWorker: flushIndex: setUnconditionally 0 -> -1
2022-11-10 07:16:11,195 [pool-613-thread-1] INFO  segmented.SegmentedRaftLogWorker (SegmentedRaftLogWorker.java:lambda$new$0(136)) - 2761f105-bad8-4cc1-bdb0-f2de1107aa09@group-6A3F1DF3BD93-SegmentedRaftLogWorker: safeCacheEvictIndex: setUnconditionally 0 -> -1
2022-11-10 07:16:11,198 [pool-613-thread-1] INFO  server.RaftServer$Division (RaftServerImpl.java:start(334)) - 2761f105-bad8-4cc1-bdb0-f2de1107aa09@group-6A3F1DF3BD93: start as a follower, conf=-1: peers:[93f75986-a2fd-4e1e-8c9d-e124aac8f1f2|rpc:10.1.0.59:37359|priority:0|startupRole:FOLLOWER, 61b4adde-551e-4095-bce8-06739a9df4a2|rpc:10.1.0.59:44441|priority:1|startupRole:FOLLOWER, 2761f105-bad8-4cc1-bdb0-f2de1107aa09|rpc:10.1.0.59:44127|priority:0|startupRole:FOLLOWER]|listeners:[], old=null
2022-11-10 07:16:11,198 [pool-613-thread-1] INFO  server.RaftServer$Division (RaftServerImpl.java:setRole(321)) - 2761f105-bad8-4cc1-bdb0-f2de1107aa09@group-6A3F1DF3BD93: changes role from      null to FOLLOWER at term 0 for startAsFollower
2022-11-10 07:16:11,198 [pool-613-thread-1] INFO  impl.RoleInfo (RoleInfo.java:updateAndGet(139)) - 2761f105-bad8-4cc1-bdb0-f2de1107aa09: start 2761f105-bad8-4cc1-bdb0-f2de1107aa09@group-6A3F1DF3BD93-FollowerState
2022-11-10 07:16:11,198 [pool-613-thread-1] INFO  util.JmxRegister (JmxRegister.java:tryRegister(44)) - Successfully registered JMX Bean with object name Ratis:service=RaftServer,group=group-6A3F1DF3BD93,id=2761f105-bad8-4cc1-bdb0-f2de1107aa09
2022-11-10 07:16:11,198 [pool-613-thread-1] INFO  server.RaftServerConfigKeys (ConfUtils.java:logGet(46)) - raft.server.snapshot.auto.trigger.enabled = true (custom)
2022-11-10 07:16:11,198 [pool-613-thread-1] INFO  server.RaftServerConfigKeys (ConfUtils.java:logGet(46)) - raft.server.snapshot.auto.trigger.threshold = 10000 (custom)
2022-11-10 07:16:11,199 [pool-613-thread-1] INFO  server.RaftServerConfigKeys (ConfUtils.java:logGet(46)) - raft.server.snapshot.retention.file.num = 5 (custom)
2022-11-10 07:16:11,199 [pool-613-thread-1] INFO  server.RaftServerConfigKeys (ConfUtils.java:logGet(46)) - raft.server.log.purge.upto.snapshot.index = false (default)
2022-11-10 07:16:11,199 [2761f105-bad8-4cc1-bdb0-f2de1107aa09@group-6A3F1DF3BD93-FollowerState] INFO  server.RaftServerConfigKeys (ConfUtils.java:logFallback(53)) - raft.server.rpc.first-election.timeout.min = 5s (fallback to raft.server.rpc.timeout.min)
2022-11-10 07:16:11,199 [2761f105-bad8-4cc1-bdb0-f2de1107aa09@group-6A3F1DF3BD93-FollowerState] INFO  server.RaftServerConfigKeys (ConfUtils.java:logFallback(53)) - raft.server.rpc.first-election.timeout.max = 5200ms (fallback to raft.server.rpc.timeout.max)
2022-11-10 07:16:11,199 [Command processor thread] INFO  ratis.XceiverServerRatis (XceiverServerRatis.java:addGroup(765)) - Created group PipelineID=1878dcfb-78e5-4a16-b63f-6a3f1df3bd93
2022-11-10 07:16:11,210 [grpc-default-executor-0] INFO  server.RaftServer (RaftServerProxy.java:addNew(96)) - 61b4adde-551e-4095-bce8-06739a9df4a2: addNew group-6A3F1DF3BD93:[93f75986-a2fd-4e1e-8c9d-e124aac8f1f2|rpc:10.1.0.59:37359|dataStream:|priority:0|startupRole:FOLLOWER, 61b4adde-551e-4095-bce8-06739a9df4a2|rpc:10.1.0.59:44441|dataStream:|priority:1|startupRole:FOLLOWER, 2761f105-bad8-4cc1-bdb0-f2de1107aa09|rpc:10.1.0.59:44127|dataStream:|priority:0|startupRole:FOLLOWER] returns group-6A3F1DF3BD93:java.util.concurrent.CompletableFuture@6bc8c0ea[Not completed]
2022-11-10 07:16:11,211 [pool-659-thread-1] INFO  server.RaftServer$Division (RaftServerImpl.java:<init>(195)) - 61b4adde-551e-4095-bce8-06739a9df4a2: new RaftServerImpl for group-6A3F1DF3BD93:[93f75986-a2fd-4e1e-8c9d-e124aac8f1f2|rpc:10.1.0.59:37359|dataStream:|priority:0|startupRole:FOLLOWER, 61b4adde-551e-4095-bce8-06739a9df4a2|rpc:10.1.0.59:44441|dataStream:|priority:1|startupRole:FOLLOWER, 2761f105-bad8-4cc1-bdb0-f2de1107aa09|rpc:10.1.0.59:44127|dataStream:|priority:0|startupRole:FOLLOWER] with ContainerStateMachine:uninitialized
2022-11-10 07:16:11,211 [pool-659-thread-1] INFO  server.RaftServerConfigKeys (ConfUtils.java:logGet(46)) - raft.server.rpc.timeout.min = 5s (custom)
2022-11-10 07:16:11,211 [pool-659-thread-1] INFO  server.RaftServerConfigKeys (ConfUtils.java:logGet(46)) - raft.server.rpc.timeout.max = 5200ms (custom)
2022-11-10 07:16:11,211 [pool-659-thread-1] INFO  server.RaftServerConfigKeys (ConfUtils.java:logGet(46)) - raft.server.rpc.sleep.time = 25ms (default)
2022-11-10 07:16:11,211 [pool-659-thread-1] INFO  server.RaftServerConfigKeys (ConfUtils.java:logGet(46)) - raft.server.rpc.slowness.timeout = 300s (custom)
2022-11-10 07:16:11,211 [pool-659-thread-1] INFO  server.RaftServerConfigKeys (ConfUtils.java:logGet(46)) - raft.server.leaderelection.leader.step-down.wait-time = 10s (default)
2022-11-10 07:16:11,211 [pool-659-thread-1] INFO  server.RaftServerConfigKeys (ConfUtils.java:logGet(46)) - raft.server.sleep.deviation.threshold = 300ms (default)
2022-11-10 07:16:11,211 [pool-659-thread-1] INFO  server.RaftServer$Division (ServerState.java:<init>(118)) - 61b4adde-551e-4095-bce8-06739a9df4a2@group-6A3F1DF3BD93: ConfigurationManager, init=-1: peers:[93f75986-a2fd-4e1e-8c9d-e124aac8f1f2|rpc:10.1.0.59:37359|dataStream:|priority:0|startupRole:FOLLOWER, 61b4adde-551e-4095-bce8-06739a9df4a2|rpc:10.1.0.59:44441|dataStream:|priority:1|startupRole:FOLLOWER, 2761f105-bad8-4cc1-bdb0-f2de1107aa09|rpc:10.1.0.59:44127|dataStream:|priority:0|startupRole:FOLLOWER]|listeners:[], old=null, confs=<EMPTY_MAP>
2022-11-10 07:16:11,211 [pool-659-thread-1] INFO  server.RaftServerConfigKeys (ConfUtils.java:logGet(46)) - raft.server.storage.dir = [/home/runner/work/ozone/ozone/hadoop-ozone/integration-test/target/test-dir/MiniOzoneClusterImpl-6c329fba-5d84-49d5-96bd-8530b1407181/datanode-5/data/ratis] (custom)
2022-11-10 07:16:11,212 [pool-659-thread-1] INFO  server.RaftServerConfigKeys (ConfUtils.java:logGet(46)) - raft.server.log.corruption.policy = EXCEPTION (default)
2022-11-10 07:16:11,212 [pool-659-thread-1] INFO  server.RaftServerConfigKeys (ConfUtils.java:logGet(46)) - raft.server.storage.free-space.min = 0MB (=0) (default)
2022-11-10 07:16:11,212 [pool-659-thread-1] INFO  server.RaftServerConfigKeys (ConfUtils.java:logGet(46)) - raft.server.notification.no-leader.timeout = 300s (custom)
2022-11-10 07:16:11,212 [pool-659-thread-1] INFO  server.RaftServerConfigKeys (ConfUtils.java:logGet(46)) - raft.server.retrycache.expirytime = 600000ms (custom)
2022-11-10 07:16:11,212 [pool-659-thread-1] INFO  server.RaftServerConfigKeys (ConfUtils.java:logGet(46)) - raft.server.retrycache.statistics.expirytime = 100μs (default)
2022-11-10 07:16:11,213 [pool-659-thread-1] INFO  server.RaftServerConfigKeys (ConfUtils.java:logGet(46)) - raft.server.log.appender.install.snapshot.enabled = false (custom)
2022-11-10 07:16:11,213 [pool-659-thread-1] INFO  server.RaftServerConfigKeys (ConfUtils.java:logGet(46)) - raft.server.threadpool.server.cached = true (default)
2022-11-10 07:16:11,213 [pool-659-thread-1] INFO  server.RaftServerConfigKeys (ConfUtils.java:logGet(46)) - raft.server.threadpool.server.size = 0 (default)
2022-11-10 07:16:11,213 [pool-659-thread-1] INFO  server.RaftServerConfigKeys (ConfUtils.java:logGet(46)) - raft.server.threadpool.client.cached = true (default)
2022-11-10 07:16:11,213 [pool-659-thread-1] INFO  server.RaftServerConfigKeys (ConfUtils.java:logGet(46)) - raft.server.threadpool.client.size = 0 (default)
2022-11-10 07:16:11,213 [pool-659-thread-1] INFO  storage.RaftStorageDirectory (RaftStorageDirectoryImpl.java:analyzeStorage(137)) - The storage directory /home/runner/work/ozone/ozone/hadoop-ozone/integration-test/target/test-dir/MiniOzoneClusterImpl-6c329fba-5d84-49d5-96bd-8530b1407181/datanode-5/data/ratis/1878dcfb-78e5-4a16-b63f-6a3f1df3bd93 does not exist. Creating ...
2022-11-10 07:16:11,215 [pool-659-thread-1] INFO  storage.RaftStorageDirectory (RaftStorageDirectoryImpl.java:tryLock(231)) - Lock on /home/runner/work/ozone/ozone/hadoop-ozone/integration-test/target/test-dir/MiniOzoneClusterImpl-6c329fba-5d84-49d5-96bd-8530b1407181/datanode-5/data/ratis/1878dcfb-78e5-4a16-b63f-6a3f1df3bd93/in_use.lock acquired by nodename 12028@fv-az435-205
2022-11-10 07:16:11,216 [pool-659-thread-1] INFO  storage.RaftStorage (RaftStorageImpl.java:format(96)) - Storage directory /home/runner/work/ozone/ozone/hadoop-ozone/integration-test/target/test-dir/MiniOzoneClusterImpl-6c329fba-5d84-49d5-96bd-8530b1407181/datanode-5/data/ratis/1878dcfb-78e5-4a16-b63f-6a3f1df3bd93 has been successfully formatted.
2022-11-10 07:16:11,217 [pool-659-thread-1] INFO  ratis.ContainerStateMachine (ContainerStateMachine.java:loadSnapshot(236)) - group-6A3F1DF3BD93: The snapshot info is null. Setting the last applied indexto:(t:0, i:~)
2022-11-10 07:16:11,217 [pool-659-thread-1] INFO  server.RaftServerConfigKeys (ConfUtils.java:logGet(46)) - raft.server.log.use.memory = false (default)
2022-11-10 07:16:11,217 [pool-659-thread-1] INFO  server.RaftServerConfigKeys (ConfUtils.java:logGet(46)) - raft.server.log.purge.gap = 1000000 (custom)
2022-11-10 07:16:11,217 [pool-659-thread-1] INFO  server.RaftServerConfigKeys (ConfUtils.java:logGet(46)) - raft.server.log.appender.buffer.byte-limit = 33554432 (custom)
2022-11-10 07:16:11,217 [pool-659-thread-1] INFO  server.RaftServerConfigKeys (ConfUtils.java:logGet(46)) - raft.server.log.statemachine.data.read.timeout = 1000ms (default)
2022-11-10 07:16:11,217 [pool-659-thread-1] INFO  server.RaftServerConfigKeys (ConfUtils.java:logGet(46)) - raft.server.log.purge.preservation.log.num = 0 (default)
2022-11-10 07:16:11,217 [pool-659-thread-1] INFO  server.RaftServerConfigKeys (ConfUtils.java:logGet(46)) - raft.server.log.segment.size.max = 1048576 (custom)
2022-11-10 07:16:11,218 [pool-659-thread-1] INFO  server.RaftServerConfigKeys (ConfUtils.java:logGet(46)) - raft.server.log.segment.cache.num.max = 2 (custom)
2022-11-10 07:16:11,218 [pool-659-thread-1] INFO  server.RaftServerConfigKeys (ConfUtils.java:logGet(46)) - raft.server.log.segment.cache.size.max = 200MB (=209715200) (default)
2022-11-10 07:16:11,218 [pool-659-thread-1] INFO  segmented.SegmentedRaftLogWorker (SegmentedRaftLogWorker.java:<init>(191)) - new 61b4adde-551e-4095-bce8-06739a9df4a2@group-6A3F1DF3BD93-SegmentedRaftLogWorker for RaftStorageImpl:Storage Directory /home/runner/work/ozone/ozone/hadoop-ozone/integration-test/target/test-dir/MiniOzoneClusterImpl-6c329fba-5d84-49d5-96bd-8530b1407181/datanode-5/data/ratis/1878dcfb-78e5-4a16-b63f-6a3f1df3bd93
2022-11-10 07:16:11,218 [pool-659-thread-1] INFO  server.RaftServerConfigKeys (ConfUtils.java:logGet(46)) - raft.server.log.queue.byte-limit = 4294967296 (custom)
2022-11-10 07:16:11,218 [pool-659-thread-1] INFO  server.RaftServerConfigKeys (ConfUtils.java:logGet(46)) - raft.server.log.queue.element-limit = 1024 (custom)
2022-11-10 07:16:11,218 [pool-659-thread-1] INFO  server.RaftServerConfigKeys (ConfUtils.java:logGet(46)) - raft.server.log.segment.size.max = 1048576 (custom)
2022-11-10 07:16:11,218 [pool-659-thread-1] INFO  server.RaftServerConfigKeys (ConfUtils.java:logGet(46)) - raft.server.log.preallocated.size = 16384 (custom)
2022-11-10 07:16:11,218 [pool-659-thread-1] INFO  server.RaftServerConfigKeys (ConfUtils.java:logGet(46)) - raft.server.log.force.sync.num = 128 (default)
2022-11-10 07:16:11,218 [pool-659-thread-1] INFO  server.RaftServerConfigKeys (ConfUtils.java:logGet(46)) - raft.server.log.statemachine.data.sync = true (default)
2022-11-10 07:16:11,218 [pool-659-thread-1] INFO  server.RaftServerConfigKeys (ConfUtils.java:logGet(46)) - raft.server.log.statemachine.data.sync.timeout = 10s (default)
2022-11-10 07:16:11,218 [pool-659-thread-1] INFO  server.RaftServerConfigKeys (ConfUtils.java:logGet(46)) - raft.server.log.statemachine.data.sync.timeout.retry = -1 (default)
2022-11-10 07:16:11,219 [pool-659-thread-1] INFO  server.RaftServerConfigKeys (ConfUtils.java:logGet(46)) - raft.server.log.write.buffer.size = 1048576 (custom)
2022-11-10 07:16:11,221 [pool-659-thread-1] INFO  server.RaftServerConfigKeys (ConfUtils.java:logGet(46)) - raft.server.log.unsafe-flush.enabled = false (default)
2022-11-10 07:16:11,221 [pool-659-thread-1] INFO  server.RaftServerConfigKeys (ConfUtils.java:logGet(46)) - raft.server.log.async-flush.enabled = false (default)
2022-11-10 07:16:11,221 [pool-659-thread-1] INFO  server.RaftServerConfigKeys (ConfUtils.java:logGet(46)) - raft.server.log.statemachine.data.caching.enabled = true (custom)
2022-11-10 07:16:11,221 [pool-659-thread-1] INFO  segmented.SegmentedRaftLogWorker (SegmentedRaftLogWorker.java:lambda$new$0(136)) - 61b4adde-551e-4095-bce8-06739a9df4a2@group-6A3F1DF3BD93-SegmentedRaftLogWorker: flushIndex: setUnconditionally 0 -> -1
2022-11-10 07:16:11,221 [pool-659-thread-1] INFO  segmented.SegmentedRaftLogWorker (SegmentedRaftLogWorker.java:lambda$new$0(136)) - 61b4adde-551e-4095-bce8-06739a9df4a2@group-6A3F1DF3BD93-SegmentedRaftLogWorker: safeCacheEvictIndex: setUnconditionally 0 -> -1
2022-11-10 07:16:11,222 [pool-659-thread-1] INFO  server.RaftServer$Division (RaftServerImpl.java:start(334)) - 61b4adde-551e-4095-bce8-06739a9df4a2@group-6A3F1DF3BD93: start as a follower, conf=-1: peers:[93f75986-a2fd-4e1e-8c9d-e124aac8f1f2|rpc:10.1.0.59:37359|dataStream:|priority:0|startupRole:FOLLOWER, 61b4adde-551e-4095-bce8-06739a9df4a2|rpc:10.1.0.59:44441|dataStream:|priority:1|startupRole:FOLLOWER, 2761f105-bad8-4cc1-bdb0-f2de1107aa09|rpc:10.1.0.59:44127|dataStream:|priority:0|startupRole:FOLLOWER]|listeners:[], old=null
2022-11-10 07:16:11,222 [pool-659-thread-1] INFO  server.RaftServer$Division (RaftServerImpl.java:setRole(321)) - 61b4adde-551e-4095-bce8-06739a9df4a2@group-6A3F1DF3BD93: changes role from      null to FOLLOWER at term 0 for startAsFollower
2022-11-10 07:16:11,222 [pool-659-thread-1] INFO  impl.RoleInfo (RoleInfo.java:updateAndGet(139)) - 61b4adde-551e-4095-bce8-06739a9df4a2: start 61b4adde-551e-4095-bce8-06739a9df4a2@group-6A3F1DF3BD93-FollowerState
2022-11-10 07:16:11,223 [pool-659-thread-1] INFO  util.JmxRegister (JmxRegister.java:tryRegister(44)) - Successfully registered JMX Bean with object name Ratis:service=RaftServer,group=group-6A3F1DF3BD93,id=61b4adde-551e-4095-bce8-06739a9df4a2
2022-11-10 07:16:11,223 [61b4adde-551e-4095-bce8-06739a9df4a2@group-6A3F1DF3BD93-FollowerState] INFO  server.RaftServerConfigKeys (ConfUtils.java:logFallback(53)) - raft.server.rpc.first-election.timeout.min = 5s (fallback to raft.server.rpc.timeout.min)
2022-11-10 07:16:11,224 [61b4adde-551e-4095-bce8-06739a9df4a2@group-6A3F1DF3BD93-FollowerState] INFO  server.RaftServerConfigKeys (ConfUtils.java:logFallback(53)) - raft.server.rpc.first-election.timeout.max = 5200ms (fallback to raft.server.rpc.timeout.max)
2022-11-10 07:16:11,223 [pool-659-thread-1] INFO  server.RaftServerConfigKeys (ConfUtils.java:logGet(46)) - raft.server.snapshot.auto.trigger.enabled = true (custom)
2022-11-10 07:16:11,224 [pool-659-thread-1] INFO  server.RaftServerConfigKeys (ConfUtils.java:logGet(46)) - raft.server.snapshot.auto.trigger.threshold = 10000 (custom)
2022-11-10 07:16:11,225 [pool-659-thread-1] INFO  server.RaftServerConfigKeys (ConfUtils.java:logGet(46)) - raft.server.snapshot.retention.file.num = 5 (custom)
2022-11-10 07:16:11,225 [pool-659-thread-1] INFO  server.RaftServerConfigKeys (ConfUtils.java:logGet(46)) - raft.server.log.purge.upto.snapshot.index = false (default)
2022-11-10 07:16:11,244 [grpc-default-executor-0] INFO  server.RaftServer (RaftServerProxy.java:addNew(96)) - 93f75986-a2fd-4e1e-8c9d-e124aac8f1f2: addNew group-6A3F1DF3BD93:[93f75986-a2fd-4e1e-8c9d-e124aac8f1f2|rpc:10.1.0.59:37359|dataStream:|priority:0|startupRole:FOLLOWER, 61b4adde-551e-4095-bce8-06739a9df4a2|rpc:10.1.0.59:44441|dataStream:|priority:1|startupRole:FOLLOWER, 2761f105-bad8-4cc1-bdb0-f2de1107aa09|rpc:10.1.0.59:44127|dataStream:|priority:0|startupRole:FOLLOWER] returns group-6A3F1DF3BD93:java.util.concurrent.CompletableFuture@19304c23[Not completed]
2022-11-10 07:16:11,245 [pool-636-thread-1] INFO  server.RaftServer$Division (RaftServerImpl.java:<init>(195)) - 93f75986-a2fd-4e1e-8c9d-e124aac8f1f2: new RaftServerImpl for group-6A3F1DF3BD93:[93f75986-a2fd-4e1e-8c9d-e124aac8f1f2|rpc:10.1.0.59:37359|dataStream:|priority:0|startupRole:FOLLOWER, 61b4adde-551e-4095-bce8-06739a9df4a2|rpc:10.1.0.59:44441|dataStream:|priority:1|startupRole:FOLLOWER, 2761f105-bad8-4cc1-bdb0-f2de1107aa09|rpc:10.1.0.59:44127|dataStream:|priority:0|startupRole:FOLLOWER] with ContainerStateMachine:uninitialized
2022-11-10 07:16:11,245 [pool-636-thread-1] INFO  server.RaftServerConfigKeys (ConfUtils.java:logGet(46)) - raft.server.rpc.timeout.min = 5s (custom)
2022-11-10 07:16:11,245 [pool-636-thread-1] INFO  server.RaftServerConfigKeys (ConfUtils.java:logGet(46)) - raft.server.rpc.timeout.max = 5200ms (custom)
2022-11-10 07:16:11,245 [pool-636-thread-1] INFO  server.RaftServerConfigKeys (ConfUtils.java:logGet(46)) - raft.server.rpc.sleep.time = 25ms (default)
2022-11-10 07:16:11,245 [pool-636-thread-1] INFO  server.RaftServerConfigKeys (ConfUtils.java:logGet(46)) - raft.server.rpc.slowness.timeout = 300s (custom)
2022-11-10 07:16:11,245 [pool-636-thread-1] INFO  server.RaftServerConfigKeys (ConfUtils.java:logGet(46)) - raft.server.leaderelection.leader.step-down.wait-time = 10s (default)
2022-11-10 07:16:11,245 [pool-636-thread-1] INFO  server.RaftServerConfigKeys (ConfUtils.java:logGet(46)) - raft.server.sleep.deviation.threshold = 300ms (default)
2022-11-10 07:16:11,245 [pool-636-thread-1] INFO  server.RaftServer$Division (ServerState.java:<init>(118)) - 93f75986-a2fd-4e1e-8c9d-e124aac8f1f2@group-6A3F1DF3BD93: ConfigurationManager, init=-1: peers:[93f75986-a2fd-4e1e-8c9d-e124aac8f1f2|rpc:10.1.0.59:37359|dataStream:|priority:0|startupRole:FOLLOWER, 61b4adde-551e-4095-bce8-06739a9df4a2|rpc:10.1.0.59:44441|dataStream:|priority:1|startupRole:FOLLOWER, 2761f105-bad8-4cc1-bdb0-f2de1107aa09|rpc:10.1.0.59:44127|dataStream:|priority:0|startupRole:FOLLOWER]|listeners:[], old=null, confs=<EMPTY_MAP>
2022-11-10 07:16:11,245 [pool-636-thread-1] INFO  server.RaftServerConfigKeys (ConfUtils.java:logGet(46)) - raft.server.storage.dir = [/home/runner/work/ozone/ozone/hadoop-ozone/integration-test/target/test-dir/MiniOzoneClusterImpl-6c329fba-5d84-49d5-96bd-8530b1407181/datanode-4/data/ratis] (custom)
2022-11-10 07:16:11,246 [pool-636-thread-1] INFO  server.RaftServerConfigKeys (ConfUtils.java:logGet(46)) - raft.server.log.corruption.policy = EXCEPTION (default)
2022-11-10 07:16:11,246 [pool-636-thread-1] INFO  server.RaftServerConfigKeys (ConfUtils.java:logGet(46)) - raft.server.storage.free-space.min = 0MB (=0) (default)
2022-11-10 07:16:11,246 [pool-636-thread-1] INFO  server.RaftServerConfigKeys (ConfUtils.java:logGet(46)) - raft.server.notification.no-leader.timeout = 300s (custom)
2022-11-10 07:16:11,246 [pool-636-thread-1] INFO  server.RaftServerConfigKeys (ConfUtils.java:logGet(46)) - raft.server.retrycache.expirytime = 600000ms (custom)
2022-11-10 07:16:11,246 [pool-636-thread-1] INFO  server.RaftServerConfigKeys (ConfUtils.java:logGet(46)) - raft.server.retrycache.statistics.expirytime = 100μs (default)
2022-11-10 07:16:11,247 [pool-636-thread-1] INFO  server.RaftServerConfigKeys (ConfUtils.java:logGet(46)) - raft.server.log.appender.install.snapshot.enabled = false (custom)
2022-11-10 07:16:11,247 [pool-636-thread-1] INFO  server.RaftServerConfigKeys (ConfUtils.java:logGet(46)) - raft.server.threadpool.server.cached = true (default)
2022-11-10 07:16:11,247 [pool-636-thread-1] INFO  server.RaftServerConfigKeys (ConfUtils.java:logGet(46)) - raft.server.threadpool.server.size = 0 (default)
2022-11-10 07:16:11,247 [pool-636-thread-1] INFO  server.RaftServerConfigKeys (ConfUtils.java:logGet(46)) - raft.server.threadpool.client.cached = true (default)
2022-11-10 07:16:11,247 [pool-636-thread-1] INFO  server.RaftServerConfigKeys (ConfUtils.java:logGet(46)) - raft.server.threadpool.client.size = 0 (default)
2022-11-10 07:16:11,247 [pool-636-thread-1] INFO  storage.RaftStorageDirectory (RaftStorageDirectoryImpl.java:analyzeStorage(137)) - The storage directory /home/runner/work/ozone/ozone/hadoop-ozone/integration-test/target/test-dir/MiniOzoneClusterImpl-6c329fba-5d84-49d5-96bd-8530b1407181/datanode-4/data/ratis/1878dcfb-78e5-4a16-b63f-6a3f1df3bd93 does not exist. Creating ...
2022-11-10 07:16:11,248 [pool-636-thread-1] INFO  storage.RaftStorageDirectory (RaftStorageDirectoryImpl.java:tryLock(231)) - Lock on /home/runner/work/ozone/ozone/hadoop-ozone/integration-test/target/test-dir/MiniOzoneClusterImpl-6c329fba-5d84-49d5-96bd-8530b1407181/datanode-4/data/ratis/1878dcfb-78e5-4a16-b63f-6a3f1df3bd93/in_use.lock acquired by nodename 12028@fv-az435-205
2022-11-10 07:16:11,249 [pool-636-thread-1] INFO  storage.RaftStorage (RaftStorageImpl.java:format(96)) - Storage directory /home/runner/work/ozone/ozone/hadoop-ozone/integration-test/target/test-dir/MiniOzoneClusterImpl-6c329fba-5d84-49d5-96bd-8530b1407181/datanode-4/data/ratis/1878dcfb-78e5-4a16-b63f-6a3f1df3bd93 has been successfully formatted.
2022-11-10 07:16:11,249 [pool-636-thread-1] INFO  ratis.ContainerStateMachine (ContainerStateMachine.java:loadSnapshot(236)) - group-6A3F1DF3BD93: The snapshot info is null. Setting the last applied indexto:(t:0, i:~)
2022-11-10 07:16:11,249 [pool-636-thread-1] INFO  server.RaftServerConfigKeys (ConfUtils.java:logGet(46)) - raft.server.log.use.memory = false (default)
2022-11-10 07:16:11,250 [pool-636-thread-1] INFO  server.RaftServerConfigKeys (ConfUtils.java:logGet(46)) - raft.server.log.purge.gap = 1000000 (custom)
2022-11-10 07:16:11,250 [pool-636-thread-1] INFO  server.RaftServerConfigKeys (ConfUtils.java:logGet(46)) - raft.server.log.appender.buffer.byte-limit = 33554432 (custom)
2022-11-10 07:16:11,250 [pool-636-thread-1] INFO  server.RaftServerConfigKeys (ConfUtils.java:logGet(46)) - raft.server.log.statemachine.data.read.timeout = 1000ms (default)
2022-11-10 07:16:11,250 [pool-636-thread-1] INFO  server.RaftServerConfigKeys (ConfUtils.java:logGet(46)) - raft.server.log.purge.preservation.log.num = 0 (default)
2022-11-10 07:16:11,251 [pool-636-thread-1] INFO  server.RaftServerConfigKeys (ConfUtils.java:logGet(46)) - raft.server.log.segment.size.max = 1048576 (custom)
2022-11-10 07:16:11,252 [pool-636-thread-1] INFO  server.RaftServerConfigKeys (ConfUtils.java:logGet(46)) - raft.server.log.segment.cache.num.max = 2 (custom)
2022-11-10 07:16:11,252 [pool-636-thread-1] INFO  server.RaftServerConfigKeys (ConfUtils.java:logGet(46)) - raft.server.log.segment.cache.size.max = 200MB (=209715200) (default)
2022-11-10 07:16:11,252 [pool-636-thread-1] INFO  segmented.SegmentedRaftLogWorker (SegmentedRaftLogWorker.java:<init>(191)) - new 93f75986-a2fd-4e1e-8c9d-e124aac8f1f2@group-6A3F1DF3BD93-SegmentedRaftLogWorker for RaftStorageImpl:Storage Directory /home/runner/work/ozone/ozone/hadoop-ozone/integration-test/target/test-dir/MiniOzoneClusterImpl-6c329fba-5d84-49d5-96bd-8530b1407181/datanode-4/data/ratis/1878dcfb-78e5-4a16-b63f-6a3f1df3bd93
2022-11-10 07:16:11,252 [pool-636-thread-1] INFO  server.RaftServerConfigKeys (ConfUtils.java:logGet(46)) - raft.server.log.queue.byte-limit = 4294967296 (custom)
2022-11-10 07:16:11,252 [pool-636-thread-1] INFO  server.RaftServerConfigKeys (ConfUtils.java:logGet(46)) - raft.server.log.queue.element-limit = 1024 (custom)
2022-11-10 07:16:11,252 [pool-636-thread-1] INFO  server.RaftServerConfigKeys (ConfUtils.java:logGet(46)) - raft.server.log.segment.size.max = 1048576 (custom)
2022-11-10 07:16:11,252 [pool-636-thread-1] INFO  server.RaftServerConfigKeys (ConfUtils.java:logGet(46)) - raft.server.log.preallocated.size = 16384 (custom)
2022-11-10 07:16:11,252 [pool-636-thread-1] INFO  server.RaftServerConfigKeys (ConfUtils.java:logGet(46)) - raft.server.log.force.sync.num = 128 (default)
2022-11-10 07:16:11,252 [pool-636-thread-1] INFO  server.RaftServerConfigKeys (ConfUtils.java:logGet(46)) - raft.server.log.statemachine.data.sync = true (default)
2022-11-10 07:16:11,252 [pool-636-thread-1] INFO  server.RaftServerConfigKeys (ConfUtils.java:logGet(46)) - raft.server.log.statemachine.data.sync.timeout = 10s (default)
2022-11-10 07:16:11,252 [pool-636-thread-1] INFO  server.RaftServerConfigKeys (ConfUtils.java:logGet(46)) - raft.server.log.statemachine.data.sync.timeout.retry = -1 (default)
2022-11-10 07:16:11,253 [pool-636-thread-1] INFO  server.RaftServerConfigKeys (ConfUtils.java:logGet(46)) - raft.server.log.write.buffer.size = 1048576 (custom)
2022-11-10 07:16:11,254 [pool-636-thread-1] INFO  server.RaftServerConfigKeys (ConfUtils.java:logGet(46)) - raft.server.log.unsafe-flush.enabled = false (default)
2022-11-10 07:16:11,254 [pool-636-thread-1] INFO  server.RaftServerConfigKeys (ConfUtils.java:logGet(46)) - raft.server.log.async-flush.enabled = false (default)
2022-11-10 07:16:11,254 [pool-636-thread-1] INFO  server.RaftServerConfigKeys (ConfUtils.java:logGet(46)) - raft.server.log.statemachine.data.caching.enabled = true (custom)
2022-11-10 07:16:11,254 [pool-636-thread-1] INFO  segmented.SegmentedRaftLogWorker (SegmentedRaftLogWorker.java:lambda$new$0(136)) - 93f75986-a2fd-4e1e-8c9d-e124aac8f1f2@group-6A3F1DF3BD93-SegmentedRaftLogWorker: flushIndex: setUnconditionally 0 -> -1
2022-11-10 07:16:11,254 [pool-636-thread-1] INFO  segmented.SegmentedRaftLogWorker (SegmentedRaftLogWorker.java:lambda$new$0(136)) - 93f75986-a2fd-4e1e-8c9d-e124aac8f1f2@group-6A3F1DF3BD93-SegmentedRaftLogWorker: safeCacheEvictIndex: setUnconditionally 0 -> -1
2022-11-10 07:16:11,254 [pool-636-thread-1] INFO  server.RaftServer$Division (RaftServerImpl.java:start(334)) - 93f75986-a2fd-4e1e-8c9d-e124aac8f1f2@group-6A3F1DF3BD93: start as a follower, conf=-1: peers:[93f75986-a2fd-4e1e-8c9d-e124aac8f1f2|rpc:10.1.0.59:37359|dataStream:|priority:0|startupRole:FOLLOWER, 61b4adde-551e-4095-bce8-06739a9df4a2|rpc:10.1.0.59:44441|dataStream:|priority:1|startupRole:FOLLOWER, 2761f105-bad8-4cc1-bdb0-f2de1107aa09|rpc:10.1.0.59:44127|dataStream:|priority:0|startupRole:FOLLOWER]|listeners:[], old=null
2022-11-10 07:16:11,254 [pool-636-thread-1] INFO  server.RaftServer$Division (RaftServerImpl.java:setRole(321)) - 93f75986-a2fd-4e1e-8c9d-e124aac8f1f2@group-6A3F1DF3BD93: changes role from      null to FOLLOWER at term 0 for startAsFollower
2022-11-10 07:16:11,254 [pool-636-thread-1] INFO  impl.RoleInfo (RoleInfo.java:updateAndGet(139)) - 93f75986-a2fd-4e1e-8c9d-e124aac8f1f2: start 93f75986-a2fd-4e1e-8c9d-e124aac8f1f2@group-6A3F1DF3BD93-FollowerState
2022-11-10 07:16:11,255 [pool-636-thread-1] INFO  util.JmxRegister (JmxRegister.java:tryRegister(44)) - Successfully registered JMX Bean with object name Ratis:service=RaftServer,group=group-6A3F1DF3BD93,id=93f75986-a2fd-4e1e-8c9d-e124aac8f1f2
2022-11-10 07:16:11,255 [pool-636-thread-1] INFO  server.RaftServerConfigKeys (ConfUtils.java:logGet(46)) - raft.server.snapshot.auto.trigger.enabled = true (custom)
2022-11-10 07:16:11,255 [pool-636-thread-1] INFO  server.RaftServerConfigKeys (ConfUtils.java:logGet(46)) - raft.server.snapshot.auto.trigger.threshold = 10000 (custom)
2022-11-10 07:16:11,255 [pool-636-thread-1] INFO  server.RaftServerConfigKeys (ConfUtils.java:logGet(46)) - raft.server.snapshot.retention.file.num = 5 (custom)
2022-11-10 07:16:11,255 [pool-636-thread-1] INFO  server.RaftServerConfigKeys (ConfUtils.java:logGet(46)) - raft.server.log.purge.upto.snapshot.index = false (default)
2022-11-10 07:16:11,256 [93f75986-a2fd-4e1e-8c9d-e124aac8f1f2@group-6A3F1DF3BD93-FollowerState] INFO  server.RaftServerConfigKeys (ConfUtils.java:logFallback(53)) - raft.server.rpc.first-election.timeout.min = 5s (fallback to raft.server.rpc.timeout.min)
2022-11-10 07:16:11,256 [93f75986-a2fd-4e1e-8c9d-e124aac8f1f2@group-6A3F1DF3BD93-FollowerState] INFO  server.RaftServerConfigKeys (ConfUtils.java:logFallback(53)) - raft.server.rpc.first-election.timeout.max = 5200ms (fallback to raft.server.rpc.timeout.max)
2022-11-10 07:16:11,266 [Command processor thread] INFO  commandhandler.CreatePipelineCommandHandler (CreatePipelineCommandHandler.java:handle(113)) - Created Pipeline RATIS THREE PipelineID=1878dcfb-78e5-4a16-b63f-6a3f1df3bd93.
2022-11-10 07:16:11,705 [Listener at 127.0.0.1/32977] INFO  ozone.MiniOzoneClusterImpl (MiniOzoneClusterImpl.java:lambda$waitForClusterToBeReady$0(216)) - Nodes are ready. Got 6 of 6 DN Heartbeats.
2022-11-10 07:16:11,705 [Listener at 127.0.0.1/32977] INFO  ozone.MiniOzoneClusterImpl (MiniOzoneClusterImpl.java:lambda$waitForClusterToBeReady$0(219)) - Waiting for cluster to exit safe mode
2022-11-10 07:16:11,705 [Listener at 127.0.0.1/32977] INFO  ozone.MiniOzoneClusterImpl (MiniOzoneClusterImpl.java:lambda$waitForClusterToBeReady$0(221)) - SCM became leader
2022-11-10 07:16:12,705 [Listener at 127.0.0.1/32977] INFO  ozone.MiniOzoneClusterImpl (MiniOzoneClusterImpl.java:lambda$waitForClusterToBeReady$0(216)) - Nodes are ready. Got 6 of 6 DN Heartbeats.
2022-11-10 07:16:12,706 [Listener at 127.0.0.1/32977] INFO  ozone.MiniOzoneClusterImpl (MiniOzoneClusterImpl.java:lambda$waitForClusterToBeReady$0(219)) - Waiting for cluster to exit safe mode
2022-11-10 07:16:12,706 [Listener at 127.0.0.1/32977] INFO  ozone.MiniOzoneClusterImpl (MiniOzoneClusterImpl.java:lambda$waitForClusterToBeReady$0(221)) - SCM became leader
2022-11-10 07:16:13,706 [Listener at 127.0.0.1/32977] INFO  ozone.MiniOzoneClusterImpl (MiniOzoneClusterImpl.java:lambda$waitForClusterToBeReady$0(216)) - Nodes are ready. Got 6 of 6 DN Heartbeats.
2022-11-10 07:16:13,706 [Listener at 127.0.0.1/32977] INFO  ozone.MiniOzoneClusterImpl (MiniOzoneClusterImpl.java:lambda$waitForClusterToBeReady$0(219)) - Waiting for cluster to exit safe mode
2022-11-10 07:16:13,706 [Listener at 127.0.0.1/32977] INFO  ozone.MiniOzoneClusterImpl (MiniOzoneClusterImpl.java:lambda$waitForClusterToBeReady$0(221)) - SCM became leader
2022-11-10 07:16:14,707 [Listener at 127.0.0.1/32977] INFO  ozone.MiniOzoneClusterImpl (MiniOzoneClusterImpl.java:lambda$waitForClusterToBeReady$0(216)) - Nodes are ready. Got 6 of 6 DN Heartbeats.
2022-11-10 07:16:14,707 [Listener at 127.0.0.1/32977] INFO  ozone.MiniOzoneClusterImpl (MiniOzoneClusterImpl.java:lambda$waitForClusterToBeReady$0(219)) - Waiting for cluster to exit safe mode
2022-11-10 07:16:14,707 [Listener at 127.0.0.1/32977] INFO  ozone.MiniOzoneClusterImpl (MiniOzoneClusterImpl.java:lambda$waitForClusterToBeReady$0(221)) - SCM became leader
2022-11-10 07:16:15,247 [37bda9b0-0df5-4ea8-952a-0c6f71b93e6d@group-D2B3A0D0972F-FollowerState] INFO  impl.FollowerState (FollowerState.java:run(143)) - 37bda9b0-0df5-4ea8-952a-0c6f71b93e6d@group-D2B3A0D0972F-FollowerState: change to CANDIDATE, lastRpcElapsedTime:5055807793ns, electionTimeout:5055ms
2022-11-10 07:16:15,247 [37bda9b0-0df5-4ea8-952a-0c6f71b93e6d@group-D2B3A0D0972F-FollowerState] INFO  impl.RoleInfo (RoleInfo.java:shutdownFollowerState(110)) - 37bda9b0-0df5-4ea8-952a-0c6f71b93e6d: shutdown 37bda9b0-0df5-4ea8-952a-0c6f71b93e6d@group-D2B3A0D0972F-FollowerState
2022-11-10 07:16:15,248 [37bda9b0-0df5-4ea8-952a-0c6f71b93e6d@group-D2B3A0D0972F-FollowerState] INFO  server.RaftServer$Division (RaftServerImpl.java:setRole(321)) - 37bda9b0-0df5-4ea8-952a-0c6f71b93e6d@group-D2B3A0D0972F: changes role from  FOLLOWER to CANDIDATE at term 0 for changeToCandidate
2022-11-10 07:16:15,248 [37bda9b0-0df5-4ea8-952a-0c6f71b93e6d@group-D2B3A0D0972F-FollowerState] INFO  server.RaftServerConfigKeys (ConfUtils.java:logGet(46)) - raft.server.leaderelection.pre-vote = false (custom)
2022-11-10 07:16:15,248 [37bda9b0-0df5-4ea8-952a-0c6f71b93e6d@group-D2B3A0D0972F-FollowerState] INFO  impl.RoleInfo (RoleInfo.java:updateAndGet(139)) - 37bda9b0-0df5-4ea8-952a-0c6f71b93e6d: start 37bda9b0-0df5-4ea8-952a-0c6f71b93e6d@group-D2B3A0D0972F-LeaderElection40
2022-11-10 07:16:15,252 [37bda9b0-0df5-4ea8-952a-0c6f71b93e6d@group-D2B3A0D0972F-LeaderElection40] INFO  impl.LeaderElection (LeaderElection.java:askForVotes(312)) - 37bda9b0-0df5-4ea8-952a-0c6f71b93e6d@group-D2B3A0D0972F-LeaderElection40 ELECTION round 0: submit vote requests at term 1 for -1: peers:[91b954a0-6378-41b2-9057-8851e07a0c7d|rpc:10.1.0.59:36765|dataStream:|priority:0|startupRole:FOLLOWER, ebd53443-e3ae-4256-96ac-f1308b179955|rpc:10.1.0.59:38343|dataStream:|priority:1|startupRole:FOLLOWER, 37bda9b0-0df5-4ea8-952a-0c6f71b93e6d|rpc:10.1.0.59:43699|dataStream:|priority:0|startupRole:FOLLOWER]|listeners:[], old=null
2022-11-10 07:16:15,253 [37bda9b0-0df5-4ea8-952a-0c6f71b93e6d@group-D2B3A0D0972F-LeaderElection40] INFO  server.RaftServerConfigKeys (ConfUtils.java:logFallback(53)) - raft.server.rpc.first-election.timeout.min = 5s (fallback to raft.server.rpc.timeout.min)
2022-11-10 07:16:15,253 [37bda9b0-0df5-4ea8-952a-0c6f71b93e6d@group-D2B3A0D0972F-LeaderElection40-1] INFO  server.GrpcServerProtocolClient (GrpcServerProtocolClient.java:<init>(63)) - Build channel for 91b954a0-6378-41b2-9057-8851e07a0c7d
2022-11-10 07:16:15,253 [37bda9b0-0df5-4ea8-952a-0c6f71b93e6d@group-D2B3A0D0972F-LeaderElection40] INFO  server.RaftServerConfigKeys (ConfUtils.java:logFallback(53)) - raft.server.rpc.first-election.timeout.max = 5200ms (fallback to raft.server.rpc.timeout.max)
2022-11-10 07:16:15,253 [37bda9b0-0df5-4ea8-952a-0c6f71b93e6d@group-D2B3A0D0972F-LeaderElection40-2] INFO  server.GrpcServerProtocolClient (GrpcServerProtocolClient.java:<init>(63)) - Build channel for ebd53443-e3ae-4256-96ac-f1308b179955
2022-11-10 07:16:15,260 [grpc-default-executor-0] INFO  server.RaftServer$Division (RaftServerImpl.java:requestVote(1218)) - 91b954a0-6378-41b2-9057-8851e07a0c7d@group-D2B3A0D0972F: receive requestVote(ELECTION, 37bda9b0-0df5-4ea8-952a-0c6f71b93e6d, group-D2B3A0D0972F, 1, (t:0, i:0))
2022-11-10 07:16:15,260 [grpc-default-executor-0] INFO  impl.VoteContext (VoteContext.java:log(48)) - 91b954a0-6378-41b2-9057-8851e07a0c7d@group-D2B3A0D0972F-FOLLOWER: accept ELECTION from 37bda9b0-0df5-4ea8-952a-0c6f71b93e6d: our priority 0 <= candidate's priority 0
2022-11-10 07:16:15,260 [grpc-default-executor-0] INFO  server.RaftServer$Division (RaftServerImpl.java:setRole(321)) - 91b954a0-6378-41b2-9057-8851e07a0c7d@group-D2B3A0D0972F: changes role from  FOLLOWER to FOLLOWER at term 1 for candidate:37bda9b0-0df5-4ea8-952a-0c6f71b93e6d
2022-11-10 07:16:15,260 [grpc-default-executor-0] INFO  impl.RoleInfo (RoleInfo.java:shutdownFollowerState(110)) - 91b954a0-6378-41b2-9057-8851e07a0c7d: shutdown 91b954a0-6378-41b2-9057-8851e07a0c7d@group-D2B3A0D0972F-FollowerState
2022-11-10 07:16:15,260 [grpc-default-executor-0] INFO  impl.RoleInfo (RoleInfo.java:updateAndGet(139)) - 91b954a0-6378-41b2-9057-8851e07a0c7d: start 91b954a0-6378-41b2-9057-8851e07a0c7d@group-D2B3A0D0972F-FollowerState
2022-11-10 07:16:15,260 [91b954a0-6378-41b2-9057-8851e07a0c7d@group-D2B3A0D0972F-FollowerState] INFO  impl.FollowerState (FollowerState.java:run(152)) - 91b954a0-6378-41b2-9057-8851e07a0c7d@group-D2B3A0D0972F-FollowerState was interrupted
2022-11-10 07:16:15,264 [grpc-default-executor-0] INFO  server.RaftServer$Division (RaftServerImpl.java:requestVote(1251)) - 91b954a0-6378-41b2-9057-8851e07a0c7d@group-D2B3A0D0972F replies to ELECTION vote request: 37bda9b0-0df5-4ea8-952a-0c6f71b93e6d<-91b954a0-6378-41b2-9057-8851e07a0c7d#0:OK-t1. Peer's state: 91b954a0-6378-41b2-9057-8851e07a0c7d@group-D2B3A0D0972F:t1, leader=null, voted=37bda9b0-0df5-4ea8-952a-0c6f71b93e6d, raftlog=Memoized:91b954a0-6378-41b2-9057-8851e07a0c7d@group-D2B3A0D0972F-SegmentedRaftLog:OPENED:c-1, conf=-1: peers:[91b954a0-6378-41b2-9057-8851e07a0c7d|rpc:10.1.0.59:36765|priority:0|startupRole:FOLLOWER, ebd53443-e3ae-4256-96ac-f1308b179955|rpc:10.1.0.59:38343|priority:1|startupRole:FOLLOWER, 37bda9b0-0df5-4ea8-952a-0c6f71b93e6d|rpc:10.1.0.59:43699|priority:0|startupRole:FOLLOWER]|listeners:[], old=null
2022-11-10 07:16:15,266 [91b954a0-6378-41b2-9057-8851e07a0c7d@group-D2B3A0D0972F-FollowerState] INFO  server.RaftServerConfigKeys (ConfUtils.java:logFallback(53)) - raft.server.rpc.first-election.timeout.min = 5s (fallback to raft.server.rpc.timeout.min)
2022-11-10 07:16:15,271 [91b954a0-6378-41b2-9057-8851e07a0c7d@group-D2B3A0D0972F-FollowerState] INFO  server.RaftServerConfigKeys (ConfUtils.java:logFallback(53)) - raft.server.rpc.first-election.timeout.max = 5200ms (fallback to raft.server.rpc.timeout.max)
2022-11-10 07:16:15,272 [grpc-default-executor-0] INFO  server.RaftServer$Division (RaftServerImpl.java:requestVote(1218)) - ebd53443-e3ae-4256-96ac-f1308b179955@group-D2B3A0D0972F: receive requestVote(ELECTION, 37bda9b0-0df5-4ea8-952a-0c6f71b93e6d, group-D2B3A0D0972F, 1, (t:0, i:0))
2022-11-10 07:16:15,272 [grpc-default-executor-0] INFO  impl.VoteContext (VoteContext.java:log(48)) - ebd53443-e3ae-4256-96ac-f1308b179955@group-D2B3A0D0972F-FOLLOWER: reject ELECTION from 37bda9b0-0df5-4ea8-952a-0c6f71b93e6d: our priority 1 > candidate's priority 0
2022-11-10 07:16:15,272 [grpc-default-executor-0] INFO  server.RaftServer$Division (RaftServerImpl.java:setRole(321)) - ebd53443-e3ae-4256-96ac-f1308b179955@group-D2B3A0D0972F: changes role from  FOLLOWER to FOLLOWER at term 1 for candidate:37bda9b0-0df5-4ea8-952a-0c6f71b93e6d
2022-11-10 07:16:15,272 [grpc-default-executor-0] INFO  impl.RoleInfo (RoleInfo.java:shutdownFollowerState(110)) - ebd53443-e3ae-4256-96ac-f1308b179955: shutdown ebd53443-e3ae-4256-96ac-f1308b179955@group-D2B3A0D0972F-FollowerState
2022-11-10 07:16:15,272 [grpc-default-executor-0] INFO  impl.RoleInfo (RoleInfo.java:updateAndGet(139)) - ebd53443-e3ae-4256-96ac-f1308b179955: start ebd53443-e3ae-4256-96ac-f1308b179955@group-D2B3A0D0972F-FollowerState
2022-11-10 07:16:15,272 [ebd53443-e3ae-4256-96ac-f1308b179955@group-D2B3A0D0972F-FollowerState] INFO  impl.FollowerState (FollowerState.java:run(152)) - ebd53443-e3ae-4256-96ac-f1308b179955@group-D2B3A0D0972F-FollowerState was interrupted
2022-11-10 07:16:15,278 [ebd53443-e3ae-4256-96ac-f1308b179955@group-D2B3A0D0972F-FollowerState] INFO  server.RaftServerConfigKeys (ConfUtils.java:logFallback(53)) - raft.server.rpc.first-election.timeout.min = 5s (fallback to raft.server.rpc.timeout.min)
2022-11-10 07:16:15,278 [ebd53443-e3ae-4256-96ac-f1308b179955@group-D2B3A0D0972F-FollowerState] INFO  server.RaftServerConfigKeys (ConfUtils.java:logFallback(53)) - raft.server.rpc.first-election.timeout.max = 5200ms (fallback to raft.server.rpc.timeout.max)
2022-11-10 07:16:15,279 [grpc-default-executor-0] INFO  server.RaftServer$Division (RaftServerImpl.java:requestVote(1251)) - ebd53443-e3ae-4256-96ac-f1308b179955@group-D2B3A0D0972F replies to ELECTION vote request: 37bda9b0-0df5-4ea8-952a-0c6f71b93e6d<-ebd53443-e3ae-4256-96ac-f1308b179955#0:FAIL-t1. Peer's state: ebd53443-e3ae-4256-96ac-f1308b179955@group-D2B3A0D0972F:t1, leader=null, voted=null, raftlog=Memoized:ebd53443-e3ae-4256-96ac-f1308b179955@group-D2B3A0D0972F-SegmentedRaftLog:OPENED:c-1, conf=-1: peers:[91b954a0-6378-41b2-9057-8851e07a0c7d|rpc:10.1.0.59:36765|dataStream:|priority:0|startupRole:FOLLOWER, ebd53443-e3ae-4256-96ac-f1308b179955|rpc:10.1.0.59:38343|dataStream:|priority:1|startupRole:FOLLOWER, 37bda9b0-0df5-4ea8-952a-0c6f71b93e6d|rpc:10.1.0.59:43699|dataStream:|priority:0|startupRole:FOLLOWER]|listeners:[], old=null
2022-11-10 07:16:15,280 [37bda9b0-0df5-4ea8-952a-0c6f71b93e6d@group-D2B3A0D0972F-LeaderElection40] INFO  impl.LeaderElection (LeaderElection.java:logAndReturn(90)) - 37bda9b0-0df5-4ea8-952a-0c6f71b93e6d@group-D2B3A0D0972F-LeaderElection40: ELECTION REJECTED received 2 response(s) and 0 exception(s):
2022-11-10 07:16:15,280 [37bda9b0-0df5-4ea8-952a-0c6f71b93e6d@group-D2B3A0D0972F-LeaderElection40] INFO  impl.LeaderElection (LeaderElection.java:logAndReturn(94)) -   Response 0: 37bda9b0-0df5-4ea8-952a-0c6f71b93e6d<-91b954a0-6378-41b2-9057-8851e07a0c7d#0:OK-t1
2022-11-10 07:16:15,280 [37bda9b0-0df5-4ea8-952a-0c6f71b93e6d@group-D2B3A0D0972F-LeaderElection40] INFO  impl.LeaderElection (LeaderElection.java:logAndReturn(94)) -   Response 1: 37bda9b0-0df5-4ea8-952a-0c6f71b93e6d<-ebd53443-e3ae-4256-96ac-f1308b179955#0:FAIL-t1
2022-11-10 07:16:15,280 [37bda9b0-0df5-4ea8-952a-0c6f71b93e6d@group-D2B3A0D0972F-LeaderElection40] INFO  impl.LeaderElection (LeaderElection.java:askForVotes(314)) - 37bda9b0-0df5-4ea8-952a-0c6f71b93e6d@group-D2B3A0D0972F-LeaderElection40 ELECTION round 0: result REJECTED
2022-11-10 07:16:15,280 [37bda9b0-0df5-4ea8-952a-0c6f71b93e6d@group-D2B3A0D0972F-LeaderElection40] INFO  server.RaftServer$Division (RaftServerImpl.java:setRole(321)) - 37bda9b0-0df5-4ea8-952a-0c6f71b93e6d@group-D2B3A0D0972F: changes role from CANDIDATE to FOLLOWER at term 1 for REJECTED
2022-11-10 07:16:15,280 [37bda9b0-0df5-4ea8-952a-0c6f71b93e6d@group-D2B3A0D0972F-LeaderElection40] INFO  impl.RoleInfo (RoleInfo.java:shutdownLeaderElection(130)) - 37bda9b0-0df5-4ea8-952a-0c6f71b93e6d: shutdown 37bda9b0-0df5-4ea8-952a-0c6f71b93e6d@group-D2B3A0D0972F-LeaderElection40
2022-11-10 07:16:15,280 [37bda9b0-0df5-4ea8-952a-0c6f71b93e6d@group-D2B3A0D0972F-LeaderElection40] INFO  impl.RoleInfo (RoleInfo.java:updateAndGet(139)) - 37bda9b0-0df5-4ea8-952a-0c6f71b93e6d: start 37bda9b0-0df5-4ea8-952a-0c6f71b93e6d@group-D2B3A0D0972F-FollowerState
2022-11-10 07:16:15,281 [37bda9b0-0df5-4ea8-952a-0c6f71b93e6d@group-D2B3A0D0972F-FollowerState] INFO  server.RaftServerConfigKeys (ConfUtils.java:logFallback(53)) - raft.server.rpc.first-election.timeout.min = 5s (fallback to raft.server.rpc.timeout.min)
2022-11-10 07:16:15,281 [37bda9b0-0df5-4ea8-952a-0c6f71b93e6d@group-D2B3A0D0972F-FollowerState] INFO  server.RaftServerConfigKeys (ConfUtils.java:logFallback(53)) - raft.server.rpc.first-election.timeout.max = 5200ms (fallback to raft.server.rpc.timeout.max)
2022-11-10 07:16:15,284 [91b954a0-6378-41b2-9057-8851e07a0c7d@group-35A0037A9220-FollowerState] INFO  impl.FollowerState (FollowerState.java:run(143)) - 91b954a0-6378-41b2-9057-8851e07a0c7d@group-35A0037A9220-FollowerState: change to CANDIDATE, lastRpcElapsedTime:5041324204ns, electionTimeout:5040ms
2022-11-10 07:16:15,284 [91b954a0-6378-41b2-9057-8851e07a0c7d@group-35A0037A9220-FollowerState] INFO  impl.RoleInfo (RoleInfo.java:shutdownFollowerState(110)) - 91b954a0-6378-41b2-9057-8851e07a0c7d: shutdown 91b954a0-6378-41b2-9057-8851e07a0c7d@group-35A0037A9220-FollowerState
2022-11-10 07:16:15,284 [91b954a0-6378-41b2-9057-8851e07a0c7d@group-35A0037A9220-FollowerState] INFO  server.RaftServer$Division (RaftServerImpl.java:setRole(321)) - 91b954a0-6378-41b2-9057-8851e07a0c7d@group-35A0037A9220: changes role from  FOLLOWER to CANDIDATE at term 0 for changeToCandidate
2022-11-10 07:16:15,284 [91b954a0-6378-41b2-9057-8851e07a0c7d@group-35A0037A9220-FollowerState] INFO  server.RaftServerConfigKeys (ConfUtils.java:logGet(46)) - raft.server.leaderelection.pre-vote = false (custom)
2022-11-10 07:16:15,284 [91b954a0-6378-41b2-9057-8851e07a0c7d@group-35A0037A9220-FollowerState] INFO  impl.RoleInfo (RoleInfo.java:updateAndGet(139)) - 91b954a0-6378-41b2-9057-8851e07a0c7d: start 91b954a0-6378-41b2-9057-8851e07a0c7d@group-35A0037A9220-LeaderElection41
2022-11-10 07:16:15,287 [91b954a0-6378-41b2-9057-8851e07a0c7d@group-35A0037A9220-LeaderElection41] INFO  impl.LeaderElection (LeaderElection.java:askForVotes(312)) - 91b954a0-6378-41b2-9057-8851e07a0c7d@group-35A0037A9220-LeaderElection41 ELECTION round 0: submit vote requests at term 1 for -1: peers:[91b954a0-6378-41b2-9057-8851e07a0c7d|rpc:10.1.0.59:36765|priority:0|startupRole:FOLLOWER, ebd53443-e3ae-4256-96ac-f1308b179955|rpc:10.1.0.59:38343|priority:0|startupRole:FOLLOWER, 37bda9b0-0df5-4ea8-952a-0c6f71b93e6d|rpc:10.1.0.59:43699|priority:1|startupRole:FOLLOWER]|listeners:[], old=null
2022-11-10 07:16:15,287 [91b954a0-6378-41b2-9057-8851e07a0c7d@group-35A0037A9220-LeaderElection41-1] INFO  server.GrpcServerProtocolClient (GrpcServerProtocolClient.java:<init>(63)) - Build channel for ebd53443-e3ae-4256-96ac-f1308b179955
2022-11-10 07:16:15,290 [91b954a0-6378-41b2-9057-8851e07a0c7d@group-35A0037A9220-LeaderElection41] INFO  server.RaftServerConfigKeys (ConfUtils.java:logFallback(53)) - raft.server.rpc.first-election.timeout.min = 5s (fallback to raft.server.rpc.timeout.min)
2022-11-10 07:16:15,290 [91b954a0-6378-41b2-9057-8851e07a0c7d@group-35A0037A9220-LeaderElection41] INFO  server.RaftServerConfigKeys (ConfUtils.java:logFallback(53)) - raft.server.rpc.first-election.timeout.max = 5200ms (fallback to raft.server.rpc.timeout.max)
2022-11-10 07:16:15,292 [grpc-default-executor-0] INFO  server.RaftServer$Division (RaftServerImpl.java:requestVote(1218)) - ebd53443-e3ae-4256-96ac-f1308b179955@group-35A0037A9220: receive requestVote(ELECTION, 91b954a0-6378-41b2-9057-8851e07a0c7d, group-35A0037A9220, 1, (t:0, i:0))
2022-11-10 07:16:15,292 [grpc-default-executor-0] INFO  impl.VoteContext (VoteContext.java:log(48)) - ebd53443-e3ae-4256-96ac-f1308b179955@group-35A0037A9220-FOLLOWER: accept ELECTION from 91b954a0-6378-41b2-9057-8851e07a0c7d: our priority 0 <= candidate's priority 0
2022-11-10 07:16:15,292 [grpc-default-executor-0] INFO  server.RaftServer$Division (RaftServerImpl.java:setRole(321)) - ebd53443-e3ae-4256-96ac-f1308b179955@group-35A0037A9220: changes role from  FOLLOWER to FOLLOWER at term 1 for candidate:91b954a0-6378-41b2-9057-8851e07a0c7d
2022-11-10 07:16:15,292 [grpc-default-executor-0] INFO  impl.RoleInfo (RoleInfo.java:shutdownFollowerState(110)) - ebd53443-e3ae-4256-96ac-f1308b179955: shutdown ebd53443-e3ae-4256-96ac-f1308b179955@group-35A0037A9220-FollowerState
2022-11-10 07:16:15,292 [grpc-default-executor-0] INFO  impl.RoleInfo (RoleInfo.java:updateAndGet(139)) - ebd53443-e3ae-4256-96ac-f1308b179955: start ebd53443-e3ae-4256-96ac-f1308b179955@group-35A0037A9220-FollowerState
2022-11-10 07:16:15,293 [ebd53443-e3ae-4256-96ac-f1308b179955@group-35A0037A9220-FollowerState] INFO  impl.FollowerState (FollowerState.java:run(152)) - ebd53443-e3ae-4256-96ac-f1308b179955@group-35A0037A9220-FollowerState was interrupted
2022-11-10 07:16:15,293 [91b954a0-6378-41b2-9057-8851e07a0c7d@group-35A0037A9220-LeaderElection41-2] INFO  server.GrpcServerProtocolClient (GrpcServerProtocolClient.java:<init>(63)) - Build channel for 37bda9b0-0df5-4ea8-952a-0c6f71b93e6d
2022-11-10 07:16:15,296 [ebd53443-e3ae-4256-96ac-f1308b179955@group-35A0037A9220-FollowerState] INFO  server.RaftServerConfigKeys (ConfUtils.java:logFallback(53)) - raft.server.rpc.first-election.timeout.min = 5s (fallback to raft.server.rpc.timeout.min)
2022-11-10 07:16:15,296 [ebd53443-e3ae-4256-96ac-f1308b179955@group-35A0037A9220-FollowerState] INFO  server.RaftServerConfigKeys (ConfUtils.java:logFallback(53)) - raft.server.rpc.first-election.timeout.max = 5200ms (fallback to raft.server.rpc.timeout.max)
2022-11-10 07:16:15,297 [grpc-default-executor-0] INFO  server.RaftServer$Division (RaftServerImpl.java:requestVote(1251)) - ebd53443-e3ae-4256-96ac-f1308b179955@group-35A0037A9220 replies to ELECTION vote request: 91b954a0-6378-41b2-9057-8851e07a0c7d<-ebd53443-e3ae-4256-96ac-f1308b179955#0:OK-t1. Peer's state: ebd53443-e3ae-4256-96ac-f1308b179955@group-35A0037A9220:t1, leader=null, voted=91b954a0-6378-41b2-9057-8851e07a0c7d, raftlog=Memoized:ebd53443-e3ae-4256-96ac-f1308b179955@group-35A0037A9220-SegmentedRaftLog:OPENED:c-1, conf=-1: peers:[91b954a0-6378-41b2-9057-8851e07a0c7d|rpc:10.1.0.59:36765|dataStream:|priority:0|startupRole:FOLLOWER, ebd53443-e3ae-4256-96ac-f1308b179955|rpc:10.1.0.59:38343|dataStream:|priority:0|startupRole:FOLLOWER, 37bda9b0-0df5-4ea8-952a-0c6f71b93e6d|rpc:10.1.0.59:43699|dataStream:|priority:1|startupRole:FOLLOWER]|listeners:[], old=null
2022-11-10 07:16:15,304 [grpc-default-executor-0] INFO  server.RaftServer$Division (RaftServerImpl.java:requestVote(1218)) - 37bda9b0-0df5-4ea8-952a-0c6f71b93e6d@group-35A0037A9220: receive requestVote(ELECTION, 91b954a0-6378-41b2-9057-8851e07a0c7d, group-35A0037A9220, 1, (t:0, i:0))
2022-11-10 07:16:15,304 [grpc-default-executor-0] INFO  impl.VoteContext (VoteContext.java:log(48)) - 37bda9b0-0df5-4ea8-952a-0c6f71b93e6d@group-35A0037A9220-FOLLOWER: reject ELECTION from 91b954a0-6378-41b2-9057-8851e07a0c7d: our priority 1 > candidate's priority 0
2022-11-10 07:16:15,304 [grpc-default-executor-0] INFO  server.RaftServer$Division (RaftServerImpl.java:setRole(321)) - 37bda9b0-0df5-4ea8-952a-0c6f71b93e6d@group-35A0037A9220: changes role from  FOLLOWER to FOLLOWER at term 1 for candidate:91b954a0-6378-41b2-9057-8851e07a0c7d
2022-11-10 07:16:15,304 [grpc-default-executor-0] INFO  impl.RoleInfo (RoleInfo.java:shutdownFollowerState(110)) - 37bda9b0-0df5-4ea8-952a-0c6f71b93e6d: shutdown 37bda9b0-0df5-4ea8-952a-0c6f71b93e6d@group-35A0037A9220-FollowerState
2022-11-10 07:16:15,304 [grpc-default-executor-0] INFO  impl.RoleInfo (RoleInfo.java:updateAndGet(139)) - 37bda9b0-0df5-4ea8-952a-0c6f71b93e6d: start 37bda9b0-0df5-4ea8-952a-0c6f71b93e6d@group-35A0037A9220-FollowerState
2022-11-10 07:16:15,304 [37bda9b0-0df5-4ea8-952a-0c6f71b93e6d@group-35A0037A9220-FollowerState] INFO  impl.FollowerState (FollowerState.java:run(152)) - 37bda9b0-0df5-4ea8-952a-0c6f71b93e6d@group-35A0037A9220-FollowerState was interrupted
2022-11-10 07:16:15,308 [37bda9b0-0df5-4ea8-952a-0c6f71b93e6d@group-35A0037A9220-FollowerState] INFO  server.RaftServerConfigKeys (ConfUtils.java:logFallback(53)) - raft.server.rpc.first-election.timeout.min = 5s (fallback to raft.server.rpc.timeout.min)
2022-11-10 07:16:15,308 [37bda9b0-0df5-4ea8-952a-0c6f71b93e6d@group-35A0037A9220-FollowerState] INFO  server.RaftServerConfigKeys (ConfUtils.java:logFallback(53)) - raft.server.rpc.first-election.timeout.max = 5200ms (fallback to raft.server.rpc.timeout.max)
2022-11-10 07:16:15,309 [grpc-default-executor-0] INFO  server.RaftServer$Division (RaftServerImpl.java:requestVote(1251)) - 37bda9b0-0df5-4ea8-952a-0c6f71b93e6d@group-35A0037A9220 replies to ELECTION vote request: 91b954a0-6378-41b2-9057-8851e07a0c7d<-37bda9b0-0df5-4ea8-952a-0c6f71b93e6d#0:FAIL-t1. Peer's state: 37bda9b0-0df5-4ea8-952a-0c6f71b93e6d@group-35A0037A9220:t1, leader=null, voted=null, raftlog=Memoized:37bda9b0-0df5-4ea8-952a-0c6f71b93e6d@group-35A0037A9220-SegmentedRaftLog:OPENED:c-1, conf=-1: peers:[91b954a0-6378-41b2-9057-8851e07a0c7d|rpc:10.1.0.59:36765|dataStream:|priority:0|startupRole:FOLLOWER, ebd53443-e3ae-4256-96ac-f1308b179955|rpc:10.1.0.59:38343|dataStream:|priority:0|startupRole:FOLLOWER, 37bda9b0-0df5-4ea8-952a-0c6f71b93e6d|rpc:10.1.0.59:43699|dataStream:|priority:1|startupRole:FOLLOWER]|listeners:[], old=null
2022-11-10 07:16:15,310 [91b954a0-6378-41b2-9057-8851e07a0c7d@group-35A0037A9220-LeaderElection41] INFO  impl.LeaderElection (LeaderElection.java:logAndReturn(90)) - 91b954a0-6378-41b2-9057-8851e07a0c7d@group-35A0037A9220-LeaderElection41: ELECTION REJECTED received 2 response(s) and 0 exception(s):
2022-11-10 07:16:15,310 [91b954a0-6378-41b2-9057-8851e07a0c7d@group-35A0037A9220-LeaderElection41] INFO  impl.LeaderElection (LeaderElection.java:logAndReturn(94)) -   Response 0: 91b954a0-6378-41b2-9057-8851e07a0c7d<-ebd53443-e3ae-4256-96ac-f1308b179955#0:OK-t1
2022-11-10 07:16:15,310 [91b954a0-6378-41b2-9057-8851e07a0c7d@group-35A0037A9220-LeaderElection41] INFO  impl.LeaderElection (LeaderElection.java:logAndReturn(94)) -   Response 1: 91b954a0-6378-41b2-9057-8851e07a0c7d<-37bda9b0-0df5-4ea8-952a-0c6f71b93e6d#0:FAIL-t1
2022-11-10 07:16:15,310 [91b954a0-6378-41b2-9057-8851e07a0c7d@group-35A0037A9220-LeaderElection41] INFO  impl.LeaderElection (LeaderElection.java:askForVotes(314)) - 91b954a0-6378-41b2-9057-8851e07a0c7d@group-35A0037A9220-LeaderElection41 ELECTION round 0: result REJECTED
2022-11-10 07:16:15,310 [91b954a0-6378-41b2-9057-8851e07a0c7d@group-35A0037A9220-LeaderElection41] INFO  server.RaftServer$Division (RaftServerImpl.java:setRole(321)) - 91b954a0-6378-41b2-9057-8851e07a0c7d@group-35A0037A9220: changes role from CANDIDATE to FOLLOWER at term 1 for REJECTED
2022-11-10 07:16:15,310 [91b954a0-6378-41b2-9057-8851e07a0c7d@group-35A0037A9220-LeaderElection41] INFO  impl.RoleInfo (RoleInfo.java:shutdownLeaderElection(130)) - 91b954a0-6378-41b2-9057-8851e07a0c7d: shutdown 91b954a0-6378-41b2-9057-8851e07a0c7d@group-35A0037A9220-LeaderElection41
2022-11-10 07:16:15,310 [91b954a0-6378-41b2-9057-8851e07a0c7d@group-35A0037A9220-LeaderElection41] INFO  impl.RoleInfo (RoleInfo.java:updateAndGet(139)) - 91b954a0-6378-41b2-9057-8851e07a0c7d: start 91b954a0-6378-41b2-9057-8851e07a0c7d@group-35A0037A9220-FollowerState
2022-11-10 07:16:15,315 [91b954a0-6378-41b2-9057-8851e07a0c7d@group-35A0037A9220-FollowerState] INFO  server.RaftServerConfigKeys (ConfUtils.java:logFallback(53)) - raft.server.rpc.first-election.timeout.min = 5s (fallback to raft.server.rpc.timeout.min)
2022-11-10 07:16:15,315 [91b954a0-6378-41b2-9057-8851e07a0c7d@group-35A0037A9220-FollowerState] INFO  server.RaftServerConfigKeys (ConfUtils.java:logFallback(53)) - raft.server.rpc.first-election.timeout.max = 5200ms (fallback to raft.server.rpc.timeout.max)
2022-11-10 07:16:15,707 [Listener at 127.0.0.1/32977] INFO  ozone.MiniOzoneClusterImpl (MiniOzoneClusterImpl.java:lambda$waitForClusterToBeReady$0(216)) - Nodes are ready. Got 6 of 6 DN Heartbeats.
2022-11-10 07:16:15,708 [Listener at 127.0.0.1/32977] INFO  ozone.MiniOzoneClusterImpl (MiniOzoneClusterImpl.java:lambda$waitForClusterToBeReady$0(219)) - Waiting for cluster to exit safe mode
2022-11-10 07:16:15,708 [Listener at 127.0.0.1/32977] INFO  ozone.MiniOzoneClusterImpl (MiniOzoneClusterImpl.java:lambda$waitForClusterToBeReady$0(221)) - SCM became leader
2022-11-10 07:16:16,185 [61b4adde-551e-4095-bce8-06739a9df4a2@group-F29BB377DB86-FollowerState] INFO  impl.FollowerState (FollowerState.java:run(143)) - 61b4adde-551e-4095-bce8-06739a9df4a2@group-F29BB377DB86-FollowerState: change to CANDIDATE, lastRpcElapsedTime:5009443591ns, electionTimeout:5009ms
2022-11-10 07:16:16,185 [61b4adde-551e-4095-bce8-06739a9df4a2@group-F29BB377DB86-FollowerState] INFO  impl.RoleInfo (RoleInfo.java:shutdownFollowerState(110)) - 61b4adde-551e-4095-bce8-06739a9df4a2: shutdown 61b4adde-551e-4095-bce8-06739a9df4a2@group-F29BB377DB86-FollowerState
2022-11-10 07:16:16,185 [61b4adde-551e-4095-bce8-06739a9df4a2@group-F29BB377DB86-FollowerState] INFO  server.RaftServer$Division (RaftServerImpl.java:setRole(321)) - 61b4adde-551e-4095-bce8-06739a9df4a2@group-F29BB377DB86: changes role from  FOLLOWER to CANDIDATE at term 0 for changeToCandidate
2022-11-10 07:16:16,185 [61b4adde-551e-4095-bce8-06739a9df4a2@group-F29BB377DB86-FollowerState] INFO  server.RaftServerConfigKeys (ConfUtils.java:logGet(46)) - raft.server.leaderelection.pre-vote = false (custom)
2022-11-10 07:16:16,185 [61b4adde-551e-4095-bce8-06739a9df4a2@group-F29BB377DB86-FollowerState] INFO  impl.RoleInfo (RoleInfo.java:updateAndGet(139)) - 61b4adde-551e-4095-bce8-06739a9df4a2: start 61b4adde-551e-4095-bce8-06739a9df4a2@group-F29BB377DB86-LeaderElection42
2022-11-10 07:16:16,195 [61b4adde-551e-4095-bce8-06739a9df4a2@group-F29BB377DB86-LeaderElection42] INFO  impl.LeaderElection (LeaderElection.java:askForVotes(312)) - 61b4adde-551e-4095-bce8-06739a9df4a2@group-F29BB377DB86-LeaderElection42 ELECTION round 0: submit vote requests at term 1 for -1: peers:[93f75986-a2fd-4e1e-8c9d-e124aac8f1f2|rpc:10.1.0.59:37359|dataStream:|priority:1|startupRole:FOLLOWER, 61b4adde-551e-4095-bce8-06739a9df4a2|rpc:10.1.0.59:44441|dataStream:|priority:0|startupRole:FOLLOWER, 2761f105-bad8-4cc1-bdb0-f2de1107aa09|rpc:10.1.0.59:44127|dataStream:|priority:0|startupRole:FOLLOWER]|listeners:[], old=null
2022-11-10 07:16:16,195 [61b4adde-551e-4095-bce8-06739a9df4a2@group-F29BB377DB86-LeaderElection42] INFO  server.RaftServerConfigKeys (ConfUtils.java:logFallback(53)) - raft.server.rpc.first-election.timeout.min = 5s (fallback to raft.server.rpc.timeout.min)
2022-11-10 07:16:16,195 [61b4adde-551e-4095-bce8-06739a9df4a2@group-F29BB377DB86-LeaderElection42-1] INFO  server.GrpcServerProtocolClient (GrpcServerProtocolClient.java:<init>(63)) - Build channel for 93f75986-a2fd-4e1e-8c9d-e124aac8f1f2
2022-11-10 07:16:16,195 [61b4adde-551e-4095-bce8-06739a9df4a2@group-F29BB377DB86-LeaderElection42] INFO  server.RaftServerConfigKeys (ConfUtils.java:logFallback(53)) - raft.server.rpc.first-election.timeout.max = 5200ms (fallback to raft.server.rpc.timeout.max)
2022-11-10 07:16:16,195 [61b4adde-551e-4095-bce8-06739a9df4a2@group-F29BB377DB86-LeaderElection42-2] INFO  server.GrpcServerProtocolClient (GrpcServerProtocolClient.java:<init>(63)) - Build channel for 2761f105-bad8-4cc1-bdb0-f2de1107aa09
2022-11-10 07:16:16,202 [93f75986-a2fd-4e1e-8c9d-e124aac8f1f2@group-F29BB377DB86-FollowerState] INFO  impl.FollowerState (FollowerState.java:run(143)) - 93f75986-a2fd-4e1e-8c9d-e124aac8f1f2@group-F29BB377DB86-FollowerState: change to CANDIDATE, lastRpcElapsedTime:5049600014ns, electionTimeout:5047ms
2022-11-10 07:16:16,202 [93f75986-a2fd-4e1e-8c9d-e124aac8f1f2@group-F29BB377DB86-FollowerState] INFO  impl.RoleInfo (RoleInfo.java:shutdownFollowerState(110)) - 93f75986-a2fd-4e1e-8c9d-e124aac8f1f2: shutdown 93f75986-a2fd-4e1e-8c9d-e124aac8f1f2@group-F29BB377DB86-FollowerState
2022-11-10 07:16:16,202 [93f75986-a2fd-4e1e-8c9d-e124aac8f1f2@group-F29BB377DB86-FollowerState] INFO  server.RaftServer$Division (RaftServerImpl.java:setRole(321)) - 93f75986-a2fd-4e1e-8c9d-e124aac8f1f2@group-F29BB377DB86: changes role from  FOLLOWER to CANDIDATE at term 0 for changeToCandidate
2022-11-10 07:16:16,202 [93f75986-a2fd-4e1e-8c9d-e124aac8f1f2@group-F29BB377DB86-FollowerState] INFO  server.RaftServerConfigKeys (ConfUtils.java:logGet(46)) - raft.server.leaderelection.pre-vote = false (custom)
2022-11-10 07:16:16,202 [93f75986-a2fd-4e1e-8c9d-e124aac8f1f2@group-F29BB377DB86-FollowerState] INFO  impl.RoleInfo (RoleInfo.java:updateAndGet(139)) - 93f75986-a2fd-4e1e-8c9d-e124aac8f1f2: start 93f75986-a2fd-4e1e-8c9d-e124aac8f1f2@group-F29BB377DB86-LeaderElection43
2022-11-10 07:16:16,203 [grpc-default-executor-1] INFO  server.RaftServer$Division (RaftServerImpl.java:requestVote(1218)) - 93f75986-a2fd-4e1e-8c9d-e124aac8f1f2@group-F29BB377DB86: receive requestVote(ELECTION, 61b4adde-551e-4095-bce8-06739a9df4a2, group-F29BB377DB86, 1, (t:0, i:0))
2022-11-10 07:16:16,210 [grpc-default-executor-1] INFO  impl.VoteContext (VoteContext.java:log(48)) - 93f75986-a2fd-4e1e-8c9d-e124aac8f1f2@group-F29BB377DB86-CANDIDATE: reject ELECTION from 61b4adde-551e-4095-bce8-06739a9df4a2: our priority 1 > candidate's priority 0
2022-11-10 07:16:16,210 [grpc-default-executor-1] INFO  server.RaftServer$Division (RaftServerImpl.java:setRole(321)) - 93f75986-a2fd-4e1e-8c9d-e124aac8f1f2@group-F29BB377DB86: changes role from CANDIDATE to FOLLOWER at term 1 for candidate:61b4adde-551e-4095-bce8-06739a9df4a2
2022-11-10 07:16:16,210 [grpc-default-executor-1] INFO  impl.RoleInfo (RoleInfo.java:shutdownLeaderElection(130)) - 93f75986-a2fd-4e1e-8c9d-e124aac8f1f2: shutdown 93f75986-a2fd-4e1e-8c9d-e124aac8f1f2@group-F29BB377DB86-LeaderElection43
2022-11-10 07:16:16,210 [grpc-default-executor-1] INFO  impl.RoleInfo (RoleInfo.java:updateAndGet(139)) - 93f75986-a2fd-4e1e-8c9d-e124aac8f1f2: start 93f75986-a2fd-4e1e-8c9d-e124aac8f1f2@group-F29BB377DB86-FollowerState
2022-11-10 07:16:16,210 [93f75986-a2fd-4e1e-8c9d-e124aac8f1f2@group-F29BB377DB86-FollowerState] INFO  server.RaftServerConfigKeys (ConfUtils.java:logFallback(53)) - raft.server.rpc.first-election.timeout.min = 5s (fallback to raft.server.rpc.timeout.min)
2022-11-10 07:16:16,210 [93f75986-a2fd-4e1e-8c9d-e124aac8f1f2@group-F29BB377DB86-FollowerState] INFO  server.RaftServerConfigKeys (ConfUtils.java:logFallback(53)) - raft.server.rpc.first-election.timeout.max = 5200ms (fallback to raft.server.rpc.timeout.max)
2022-11-10 07:16:16,211 [grpc-default-executor-1] INFO  server.RaftServer$Division (RaftServerImpl.java:requestVote(1251)) - 93f75986-a2fd-4e1e-8c9d-e124aac8f1f2@group-F29BB377DB86 replies to ELECTION vote request: 61b4adde-551e-4095-bce8-06739a9df4a2<-93f75986-a2fd-4e1e-8c9d-e124aac8f1f2#0:FAIL-t1. Peer's state: 93f75986-a2fd-4e1e-8c9d-e124aac8f1f2@group-F29BB377DB86:t1, leader=null, voted=null, raftlog=Memoized:93f75986-a2fd-4e1e-8c9d-e124aac8f1f2@group-F29BB377DB86-SegmentedRaftLog:OPENED:c-1, conf=-1: peers:[93f75986-a2fd-4e1e-8c9d-e124aac8f1f2|rpc:10.1.0.59:37359|dataStream:|priority:1|startupRole:FOLLOWER, 61b4adde-551e-4095-bce8-06739a9df4a2|rpc:10.1.0.59:44441|dataStream:|priority:0|startupRole:FOLLOWER, 2761f105-bad8-4cc1-bdb0-f2de1107aa09|rpc:10.1.0.59:44127|dataStream:|priority:0|startupRole:FOLLOWER]|listeners:[], old=null
2022-11-10 07:16:16,213 [61b4adde-551e-4095-bce8-06739a9df4a2@group-F29BB377DB86-LeaderElection42] INFO  impl.LeaderElection (LeaderElection.java:logAndReturn(90)) - 61b4adde-551e-4095-bce8-06739a9df4a2@group-F29BB377DB86-LeaderElection42: ELECTION REJECTED received 1 response(s) and 0 exception(s):
2022-11-10 07:16:16,213 [61b4adde-551e-4095-bce8-06739a9df4a2@group-F29BB377DB86-LeaderElection42] INFO  impl.LeaderElection (LeaderElection.java:logAndReturn(94)) -   Response 0: 61b4adde-551e-4095-bce8-06739a9df4a2<-93f75986-a2fd-4e1e-8c9d-e124aac8f1f2#0:FAIL-t1
2022-11-10 07:16:16,213 [61b4adde-551e-4095-bce8-06739a9df4a2@group-F29BB377DB86-LeaderElection42] INFO  impl.LeaderElection (LeaderElection.java:askForVotes(314)) - 61b4adde-551e-4095-bce8-06739a9df4a2@group-F29BB377DB86-LeaderElection42 ELECTION round 0: result REJECTED
2022-11-10 07:16:16,213 [61b4adde-551e-4095-bce8-06739a9df4a2@group-F29BB377DB86-LeaderElection42] INFO  server.RaftServer$Division (RaftServerImpl.java:setRole(321)) - 61b4adde-551e-4095-bce8-06739a9df4a2@group-F29BB377DB86: changes role from CANDIDATE to FOLLOWER at term 1 for REJECTED
2022-11-10 07:16:16,213 [61b4adde-551e-4095-bce8-06739a9df4a2@group-F29BB377DB86-LeaderElection42] INFO  impl.RoleInfo (RoleInfo.java:shutdownLeaderElection(130)) - 61b4adde-551e-4095-bce8-06739a9df4a2: shutdown 61b4adde-551e-4095-bce8-06739a9df4a2@group-F29BB377DB86-LeaderElection42
2022-11-10 07:16:16,213 [61b4adde-551e-4095-bce8-06739a9df4a2@group-F29BB377DB86-LeaderElection42] INFO  impl.RoleInfo (RoleInfo.java:updateAndGet(139)) - 61b4adde-551e-4095-bce8-06739a9df4a2: start 61b4adde-551e-4095-bce8-06739a9df4a2@group-F29BB377DB86-FollowerState
2022-11-10 07:16:16,214 [61b4adde-551e-4095-bce8-06739a9df4a2@group-F29BB377DB86-FollowerState] INFO  server.RaftServerConfigKeys (ConfUtils.java:logFallback(53)) - raft.server.rpc.first-election.timeout.min = 5s (fallback to raft.server.rpc.timeout.min)
2022-11-10 07:16:16,214 [61b4adde-551e-4095-bce8-06739a9df4a2@group-F29BB377DB86-FollowerState] INFO  server.RaftServerConfigKeys (ConfUtils.java:logFallback(53)) - raft.server.rpc.first-election.timeout.max = 5200ms (fallback to raft.server.rpc.timeout.max)
2022-11-10 07:16:16,218 [grpc-default-executor-0] INFO  server.RaftServer$Division (RaftServerImpl.java:requestVote(1218)) - 2761f105-bad8-4cc1-bdb0-f2de1107aa09@group-F29BB377DB86: receive requestVote(ELECTION, 61b4adde-551e-4095-bce8-06739a9df4a2, group-F29BB377DB86, 1, (t:0, i:0))
2022-11-10 07:16:16,218 [grpc-default-executor-0] INFO  impl.VoteContext (VoteContext.java:log(48)) - 2761f105-bad8-4cc1-bdb0-f2de1107aa09@group-F29BB377DB86-FOLLOWER: accept ELECTION from 61b4adde-551e-4095-bce8-06739a9df4a2: our priority 0 <= candidate's priority 0
2022-11-10 07:16:16,218 [grpc-default-executor-0] INFO  server.RaftServer$Division (RaftServerImpl.java:setRole(321)) - 2761f105-bad8-4cc1-bdb0-f2de1107aa09@group-F29BB377DB86: changes role from  FOLLOWER to FOLLOWER at term 1 for candidate:61b4adde-551e-4095-bce8-06739a9df4a2
2022-11-10 07:16:16,218 [grpc-default-executor-0] INFO  impl.RoleInfo (RoleInfo.java:shutdownFollowerState(110)) - 2761f105-bad8-4cc1-bdb0-f2de1107aa09: shutdown 2761f105-bad8-4cc1-bdb0-f2de1107aa09@group-F29BB377DB86-FollowerState
2022-11-10 07:16:16,218 [grpc-default-executor-0] INFO  impl.RoleInfo (RoleInfo.java:updateAndGet(139)) - 2761f105-bad8-4cc1-bdb0-f2de1107aa09: start 2761f105-bad8-4cc1-bdb0-f2de1107aa09@group-F29BB377DB86-FollowerState
2022-11-10 07:16:16,218 [2761f105-bad8-4cc1-bdb0-f2de1107aa09@group-F29BB377DB86-FollowerState] INFO  impl.FollowerState (FollowerState.java:run(152)) - 2761f105-bad8-4cc1-bdb0-f2de1107aa09@group-F29BB377DB86-FollowerState was interrupted
2022-11-10 07:16:16,220 [2761f105-bad8-4cc1-bdb0-f2de1107aa09@group-F29BB377DB86-FollowerState] INFO  server.RaftServerConfigKeys (ConfUtils.java:logFallback(53)) - raft.server.rpc.first-election.timeout.min = 5s (fallback to raft.server.rpc.timeout.min)
2022-11-10 07:16:16,220 [2761f105-bad8-4cc1-bdb0-f2de1107aa09@group-F29BB377DB86-FollowerState] INFO  server.RaftServerConfigKeys (ConfUtils.java:logFallback(53)) - raft.server.rpc.first-election.timeout.max = 5200ms (fallback to raft.server.rpc.timeout.max)
2022-11-10 07:16:16,221 [grpc-default-executor-0] INFO  server.RaftServer$Division (RaftServerImpl.java:requestVote(1251)) - 2761f105-bad8-4cc1-bdb0-f2de1107aa09@group-F29BB377DB86 replies to ELECTION vote request: 61b4adde-551e-4095-bce8-06739a9df4a2<-2761f105-bad8-4cc1-bdb0-f2de1107aa09#0:OK-t1. Peer's state: 2761f105-bad8-4cc1-bdb0-f2de1107aa09@group-F29BB377DB86:t1, leader=null, voted=61b4adde-551e-4095-bce8-06739a9df4a2, raftlog=Memoized:2761f105-bad8-4cc1-bdb0-f2de1107aa09@group-F29BB377DB86-SegmentedRaftLog:OPENED:c-1, conf=-1: peers:[93f75986-a2fd-4e1e-8c9d-e124aac8f1f2|rpc:10.1.0.59:37359|priority:1|startupRole:FOLLOWER, 61b4adde-551e-4095-bce8-06739a9df4a2|rpc:10.1.0.59:44441|priority:0|startupRole:FOLLOWER, 2761f105-bad8-4cc1-bdb0-f2de1107aa09|rpc:10.1.0.59:44127|priority:0|startupRole:FOLLOWER]|listeners:[], old=null
2022-11-10 07:16:16,221 [2761f105-bad8-4cc1-bdb0-f2de1107aa09@group-6A3F1DF3BD93-FollowerState] INFO  impl.FollowerState (FollowerState.java:run(143)) - 2761f105-bad8-4cc1-bdb0-f2de1107aa09@group-6A3F1DF3BD93-FollowerState: change to CANDIDATE, lastRpcElapsedTime:5023180770ns, electionTimeout:5022ms
2022-11-10 07:16:16,222 [2761f105-bad8-4cc1-bdb0-f2de1107aa09@group-6A3F1DF3BD93-FollowerState] INFO  impl.RoleInfo (RoleInfo.java:shutdownFollowerState(110)) - 2761f105-bad8-4cc1-bdb0-f2de1107aa09: shutdown 2761f105-bad8-4cc1-bdb0-f2de1107aa09@group-6A3F1DF3BD93-FollowerState
2022-11-10 07:16:16,222 [2761f105-bad8-4cc1-bdb0-f2de1107aa09@group-6A3F1DF3BD93-FollowerState] INFO  server.RaftServer$Division (RaftServerImpl.java:setRole(321)) - 2761f105-bad8-4cc1-bdb0-f2de1107aa09@group-6A3F1DF3BD93: changes role from  FOLLOWER to CANDIDATE at term 0 for changeToCandidate
2022-11-10 07:16:16,222 [2761f105-bad8-4cc1-bdb0-f2de1107aa09@group-6A3F1DF3BD93-FollowerState] INFO  server.RaftServerConfigKeys (ConfUtils.java:logGet(46)) - raft.server.leaderelection.pre-vote = false (custom)
2022-11-10 07:16:16,222 [2761f105-bad8-4cc1-bdb0-f2de1107aa09@group-6A3F1DF3BD93-FollowerState] INFO  impl.RoleInfo (RoleInfo.java:updateAndGet(139)) - 2761f105-bad8-4cc1-bdb0-f2de1107aa09: start 2761f105-bad8-4cc1-bdb0-f2de1107aa09@group-6A3F1DF3BD93-LeaderElection44
2022-11-10 07:16:16,228 [2761f105-bad8-4cc1-bdb0-f2de1107aa09@group-6A3F1DF3BD93-LeaderElection44] INFO  impl.LeaderElection (LeaderElection.java:askForVotes(312)) - 2761f105-bad8-4cc1-bdb0-f2de1107aa09@group-6A3F1DF3BD93-LeaderElection44 ELECTION round 0: submit vote requests at term 1 for -1: peers:[93f75986-a2fd-4e1e-8c9d-e124aac8f1f2|rpc:10.1.0.59:37359|priority:0|startupRole:FOLLOWER, 61b4adde-551e-4095-bce8-06739a9df4a2|rpc:10.1.0.59:44441|priority:1|startupRole:FOLLOWER, 2761f105-bad8-4cc1-bdb0-f2de1107aa09|rpc:10.1.0.59:44127|priority:0|startupRole:FOLLOWER]|listeners:[], old=null
2022-11-10 07:16:16,228 [2761f105-bad8-4cc1-bdb0-f2de1107aa09@group-6A3F1DF3BD93-LeaderElection44-1] INFO  server.GrpcServerProtocolClient (GrpcServerProtocolClient.java:<init>(63)) - Build channel for 93f75986-a2fd-4e1e-8c9d-e124aac8f1f2
2022-11-10 07:16:16,230 [2761f105-bad8-4cc1-bdb0-f2de1107aa09@group-6A3F1DF3BD93-LeaderElection44] INFO  server.RaftServerConfigKeys (ConfUtils.java:logFallback(53)) - raft.server.rpc.first-election.timeout.min = 5s (fallback to raft.server.rpc.timeout.min)
2022-11-10 07:16:16,230 [2761f105-bad8-4cc1-bdb0-f2de1107aa09@group-6A3F1DF3BD93-LeaderElection44] INFO  server.RaftServerConfigKeys (ConfUtils.java:logFallback(53)) - raft.server.rpc.first-election.timeout.max = 5200ms (fallback to raft.server.rpc.timeout.max)
2022-11-10 07:16:16,231 [2761f105-bad8-4cc1-bdb0-f2de1107aa09@group-6A3F1DF3BD93-LeaderElection44-2] INFO  server.GrpcServerProtocolClient (GrpcServerProtocolClient.java:<init>(63)) - Build channel for 61b4adde-551e-4095-bce8-06739a9df4a2
2022-11-10 07:16:16,233 [grpc-default-executor-0] INFO  server.RaftServer$Division (RaftServerImpl.java:requestVote(1218)) - 93f75986-a2fd-4e1e-8c9d-e124aac8f1f2@group-6A3F1DF3BD93: receive requestVote(ELECTION, 2761f105-bad8-4cc1-bdb0-f2de1107aa09, group-6A3F1DF3BD93, 1, (t:0, i:0))
2022-11-10 07:16:16,233 [grpc-default-executor-0] INFO  impl.VoteContext (VoteContext.java:log(48)) - 93f75986-a2fd-4e1e-8c9d-e124aac8f1f2@group-6A3F1DF3BD93-FOLLOWER: accept ELECTION from 2761f105-bad8-4cc1-bdb0-f2de1107aa09: our priority 0 <= candidate's priority 0
2022-11-10 07:16:16,233 [grpc-default-executor-0] INFO  server.RaftServer$Division (RaftServerImpl.java:setRole(321)) - 93f75986-a2fd-4e1e-8c9d-e124aac8f1f2@group-6A3F1DF3BD93: changes role from  FOLLOWER to FOLLOWER at term 1 for candidate:2761f105-bad8-4cc1-bdb0-f2de1107aa09
2022-11-10 07:16:16,233 [grpc-default-executor-0] INFO  impl.RoleInfo (RoleInfo.java:shutdownFollowerState(110)) - 93f75986-a2fd-4e1e-8c9d-e124aac8f1f2: shutdown 93f75986-a2fd-4e1e-8c9d-e124aac8f1f2@group-6A3F1DF3BD93-FollowerState
2022-11-10 07:16:16,233 [grpc-default-executor-0] INFO  impl.RoleInfo (RoleInfo.java:updateAndGet(139)) - 93f75986-a2fd-4e1e-8c9d-e124aac8f1f2: start 93f75986-a2fd-4e1e-8c9d-e124aac8f1f2@group-6A3F1DF3BD93-FollowerState
2022-11-10 07:16:16,234 [93f75986-a2fd-4e1e-8c9d-e124aac8f1f2@group-6A3F1DF3BD93-FollowerState] INFO  server.RaftServerConfigKeys (ConfUtils.java:logFallback(53)) - raft.server.rpc.first-election.timeout.min = 5s (fallback to raft.server.rpc.timeout.min)
2022-11-10 07:16:16,234 [93f75986-a2fd-4e1e-8c9d-e124aac8f1f2@group-6A3F1DF3BD93-FollowerState] INFO  server.RaftServerConfigKeys (ConfUtils.java:logFallback(53)) - raft.server.rpc.first-election.timeout.max = 5200ms (fallback to raft.server.rpc.timeout.max)
2022-11-10 07:16:16,234 [93f75986-a2fd-4e1e-8c9d-e124aac8f1f2@group-6A3F1DF3BD93-FollowerState] INFO  impl.FollowerState (FollowerState.java:run(152)) - 93f75986-a2fd-4e1e-8c9d-e124aac8f1f2@group-6A3F1DF3BD93-FollowerState was interrupted
2022-11-10 07:16:16,235 [grpc-default-executor-0] INFO  server.RaftServer$Division (RaftServerImpl.java:requestVote(1251)) - 93f75986-a2fd-4e1e-8c9d-e124aac8f1f2@group-6A3F1DF3BD93 replies to ELECTION vote request: 2761f105-bad8-4cc1-bdb0-f2de1107aa09<-93f75986-a2fd-4e1e-8c9d-e124aac8f1f2#0:OK-t1. Peer's state: 93f75986-a2fd-4e1e-8c9d-e124aac8f1f2@group-6A3F1DF3BD93:t1, leader=null, voted=2761f105-bad8-4cc1-bdb0-f2de1107aa09, raftlog=Memoized:93f75986-a2fd-4e1e-8c9d-e124aac8f1f2@group-6A3F1DF3BD93-SegmentedRaftLog:OPENED:c-1, conf=-1: peers:[93f75986-a2fd-4e1e-8c9d-e124aac8f1f2|rpc:10.1.0.59:37359|dataStream:|priority:0|startupRole:FOLLOWER, 61b4adde-551e-4095-bce8-06739a9df4a2|rpc:10.1.0.59:44441|dataStream:|priority:1|startupRole:FOLLOWER, 2761f105-bad8-4cc1-bdb0-f2de1107aa09|rpc:10.1.0.59:44127|dataStream:|priority:0|startupRole:FOLLOWER]|listeners:[], old=null
2022-11-10 07:16:16,240 [grpc-default-executor-0] INFO  server.RaftServer$Division (RaftServerImpl.java:requestVote(1218)) - 61b4adde-551e-4095-bce8-06739a9df4a2@group-6A3F1DF3BD93: receive requestVote(ELECTION, 2761f105-bad8-4cc1-bdb0-f2de1107aa09, group-6A3F1DF3BD93, 1, (t:0, i:0))
2022-11-10 07:16:16,240 [grpc-default-executor-0] INFO  impl.VoteContext (VoteContext.java:log(48)) - 61b4adde-551e-4095-bce8-06739a9df4a2@group-6A3F1DF3BD93-FOLLOWER: reject ELECTION from 2761f105-bad8-4cc1-bdb0-f2de1107aa09: our priority 1 > candidate's priority 0
2022-11-10 07:16:16,240 [grpc-default-executor-0] INFO  server.RaftServer$Division (RaftServerImpl.java:setRole(321)) - 61b4adde-551e-4095-bce8-06739a9df4a2@group-6A3F1DF3BD93: changes role from  FOLLOWER to FOLLOWER at term 1 for candidate:2761f105-bad8-4cc1-bdb0-f2de1107aa09
2022-11-10 07:16:16,240 [grpc-default-executor-0] INFO  impl.RoleInfo (RoleInfo.java:shutdownFollowerState(110)) - 61b4adde-551e-4095-bce8-06739a9df4a2: shutdown 61b4adde-551e-4095-bce8-06739a9df4a2@group-6A3F1DF3BD93-FollowerState
2022-11-10 07:16:16,240 [grpc-default-executor-0] INFO  impl.RoleInfo (RoleInfo.java:updateAndGet(139)) - 61b4adde-551e-4095-bce8-06739a9df4a2: start 61b4adde-551e-4095-bce8-06739a9df4a2@group-6A3F1DF3BD93-FollowerState
2022-11-10 07:16:16,240 [61b4adde-551e-4095-bce8-06739a9df4a2@group-6A3F1DF3BD93-FollowerState] INFO  impl.FollowerState (FollowerState.java:run(152)) - 61b4adde-551e-4095-bce8-06739a9df4a2@group-6A3F1DF3BD93-FollowerState was interrupted
2022-11-10 07:16:16,243 [61b4adde-551e-4095-bce8-06739a9df4a2@group-6A3F1DF3BD93-FollowerState] INFO  server.RaftServerConfigKeys (ConfUtils.java:logFallback(53)) - raft.server.rpc.first-election.timeout.min = 5s (fallback to raft.server.rpc.timeout.min)
2022-11-10 07:16:16,243 [61b4adde-551e-4095-bce8-06739a9df4a2@group-6A3F1DF3BD93-FollowerState] INFO  server.RaftServerConfigKeys (ConfUtils.java:logFallback(53)) - raft.server.rpc.first-election.timeout.max = 5200ms (fallback to raft.server.rpc.timeout.max)
2022-11-10 07:16:16,244 [grpc-default-executor-0] INFO  server.RaftServer$Division (RaftServerImpl.java:requestVote(1251)) - 61b4adde-551e-4095-bce8-06739a9df4a2@group-6A3F1DF3BD93 replies to ELECTION vote request: 2761f105-bad8-4cc1-bdb0-f2de1107aa09<-61b4adde-551e-4095-bce8-06739a9df4a2#0:FAIL-t1. Peer's state: 61b4adde-551e-4095-bce8-06739a9df4a2@group-6A3F1DF3BD93:t1, leader=null, voted=null, raftlog=Memoized:61b4adde-551e-4095-bce8-06739a9df4a2@group-6A3F1DF3BD93-SegmentedRaftLog:OPENED:c-1, conf=-1: peers:[93f75986-a2fd-4e1e-8c9d-e124aac8f1f2|rpc:10.1.0.59:37359|dataStream:|priority:0|startupRole:FOLLOWER, 61b4adde-551e-4095-bce8-06739a9df4a2|rpc:10.1.0.59:44441|dataStream:|priority:1|startupRole:FOLLOWER, 2761f105-bad8-4cc1-bdb0-f2de1107aa09|rpc:10.1.0.59:44127|dataStream:|priority:0|startupRole:FOLLOWER]|listeners:[], old=null
2022-11-10 07:16:16,246 [2761f105-bad8-4cc1-bdb0-f2de1107aa09@group-6A3F1DF3BD93-LeaderElection44] INFO  impl.LeaderElection (LeaderElection.java:logAndReturn(90)) - 2761f105-bad8-4cc1-bdb0-f2de1107aa09@group-6A3F1DF3BD93-LeaderElection44: ELECTION REJECTED received 2 response(s) and 0 exception(s):
2022-11-10 07:16:16,246 [2761f105-bad8-4cc1-bdb0-f2de1107aa09@group-6A3F1DF3BD93-LeaderElection44] INFO  impl.LeaderElection (LeaderElection.java:logAndReturn(94)) -   Response 0: 2761f105-bad8-4cc1-bdb0-f2de1107aa09<-93f75986-a2fd-4e1e-8c9d-e124aac8f1f2#0:OK-t1
2022-11-10 07:16:16,246 [2761f105-bad8-4cc1-bdb0-f2de1107aa09@group-6A3F1DF3BD93-LeaderElection44] INFO  impl.LeaderElection (LeaderElection.java:logAndReturn(94)) -   Response 1: 2761f105-bad8-4cc1-bdb0-f2de1107aa09<-61b4adde-551e-4095-bce8-06739a9df4a2#0:FAIL-t1
2022-11-10 07:16:16,246 [2761f105-bad8-4cc1-bdb0-f2de1107aa09@group-6A3F1DF3BD93-LeaderElection44] INFO  impl.LeaderElection (LeaderElection.java:askForVotes(314)) - 2761f105-bad8-4cc1-bdb0-f2de1107aa09@group-6A3F1DF3BD93-LeaderElection44 ELECTION round 0: result REJECTED
2022-11-10 07:16:16,246 [2761f105-bad8-4cc1-bdb0-f2de1107aa09@group-6A3F1DF3BD93-LeaderElection44] INFO  server.RaftServer$Division (RaftServerImpl.java:setRole(321)) - 2761f105-bad8-4cc1-bdb0-f2de1107aa09@group-6A3F1DF3BD93: changes role from CANDIDATE to FOLLOWER at term 1 for REJECTED
2022-11-10 07:16:16,246 [2761f105-bad8-4cc1-bdb0-f2de1107aa09@group-6A3F1DF3BD93-LeaderElection44] INFO  impl.RoleInfo (RoleInfo.java:shutdownLeaderElection(130)) - 2761f105-bad8-4cc1-bdb0-f2de1107aa09: shutdown 2761f105-bad8-4cc1-bdb0-f2de1107aa09@group-6A3F1DF3BD93-LeaderElection44
2022-11-10 07:16:16,246 [2761f105-bad8-4cc1-bdb0-f2de1107aa09@group-6A3F1DF3BD93-LeaderElection44] INFO  impl.RoleInfo (RoleInfo.java:updateAndGet(139)) - 2761f105-bad8-4cc1-bdb0-f2de1107aa09: start 2761f105-bad8-4cc1-bdb0-f2de1107aa09@group-6A3F1DF3BD93-FollowerState
2022-11-10 07:16:16,246 [2761f105-bad8-4cc1-bdb0-f2de1107aa09@group-6A3F1DF3BD93-FollowerState] INFO  server.RaftServerConfigKeys (ConfUtils.java:logFallback(53)) - raft.server.rpc.first-election.timeout.min = 5s (fallback to raft.server.rpc.timeout.min)
2022-11-10 07:16:16,246 [2761f105-bad8-4cc1-bdb0-f2de1107aa09@group-6A3F1DF3BD93-FollowerState] INFO  server.RaftServerConfigKeys (ConfUtils.java:logFallback(53)) - raft.server.rpc.first-election.timeout.max = 5200ms (fallback to raft.server.rpc.timeout.max)
2022-11-10 07:16:16,708 [Listener at 127.0.0.1/32977] INFO  ozone.MiniOzoneClusterImpl (MiniOzoneClusterImpl.java:lambda$waitForClusterToBeReady$0(216)) - Nodes are ready. Got 6 of 6 DN Heartbeats.
2022-11-10 07:16:16,708 [Listener at 127.0.0.1/32977] INFO  ozone.MiniOzoneClusterImpl (MiniOzoneClusterImpl.java:lambda$waitForClusterToBeReady$0(219)) - Waiting for cluster to exit safe mode
2022-11-10 07:16:16,708 [Listener at 127.0.0.1/32977] INFO  ozone.MiniOzoneClusterImpl (MiniOzoneClusterImpl.java:lambda$waitForClusterToBeReady$0(221)) - SCM became leader
2022-11-10 07:16:17,709 [Listener at 127.0.0.1/32977] INFO  ozone.MiniOzoneClusterImpl (MiniOzoneClusterImpl.java:lambda$waitForClusterToBeReady$0(216)) - Nodes are ready. Got 6 of 6 DN Heartbeats.
2022-11-10 07:16:17,709 [Listener at 127.0.0.1/32977] INFO  ozone.MiniOzoneClusterImpl (MiniOzoneClusterImpl.java:lambda$waitForClusterToBeReady$0(219)) - Waiting for cluster to exit safe mode
2022-11-10 07:16:17,709 [Listener at 127.0.0.1/32977] INFO  ozone.MiniOzoneClusterImpl (MiniOzoneClusterImpl.java:lambda$waitForClusterToBeReady$0(221)) - SCM became leader
2022-11-10 07:16:18,709 [Listener at 127.0.0.1/32977] INFO  ozone.MiniOzoneClusterImpl (MiniOzoneClusterImpl.java:lambda$waitForClusterToBeReady$0(216)) - Nodes are ready. Got 6 of 6 DN Heartbeats.
2022-11-10 07:16:18,710 [Listener at 127.0.0.1/32977] INFO  ozone.MiniOzoneClusterImpl (MiniOzoneClusterImpl.java:lambda$waitForClusterToBeReady$0(219)) - Waiting for cluster to exit safe mode
2022-11-10 07:16:18,710 [Listener at 127.0.0.1/32977] INFO  ozone.MiniOzoneClusterImpl (MiniOzoneClusterImpl.java:lambda$waitForClusterToBeReady$0(221)) - SCM became leader
2022-11-10 07:16:19,710 [Listener at 127.0.0.1/32977] INFO  ozone.MiniOzoneClusterImpl (MiniOzoneClusterImpl.java:lambda$waitForClusterToBeReady$0(216)) - Nodes are ready. Got 6 of 6 DN Heartbeats.
2022-11-10 07:16:19,710 [Listener at 127.0.0.1/32977] INFO  ozone.MiniOzoneClusterImpl (MiniOzoneClusterImpl.java:lambda$waitForClusterToBeReady$0(219)) - Waiting for cluster to exit safe mode
2022-11-10 07:16:19,710 [Listener at 127.0.0.1/32977] INFO  ozone.MiniOzoneClusterImpl (MiniOzoneClusterImpl.java:lambda$waitForClusterToBeReady$0(221)) - SCM became leader
2022-11-10 07:16:20,303 [91b954a0-6378-41b2-9057-8851e07a0c7d@group-D2B3A0D0972F-FollowerState] INFO  impl.FollowerState (FollowerState.java:run(143)) - 91b954a0-6378-41b2-9057-8851e07a0c7d@group-D2B3A0D0972F-FollowerState: change to CANDIDATE, lastRpcElapsedTime:5039426287ns, electionTimeout:5031ms
2022-11-10 07:16:20,303 [91b954a0-6378-41b2-9057-8851e07a0c7d@group-D2B3A0D0972F-FollowerState] INFO  impl.RoleInfo (RoleInfo.java:shutdownFollowerState(110)) - 91b954a0-6378-41b2-9057-8851e07a0c7d: shutdown 91b954a0-6378-41b2-9057-8851e07a0c7d@group-D2B3A0D0972F-FollowerState
2022-11-10 07:16:20,303 [91b954a0-6378-41b2-9057-8851e07a0c7d@group-D2B3A0D0972F-FollowerState] INFO  server.RaftServer$Division (RaftServerImpl.java:setRole(321)) - 91b954a0-6378-41b2-9057-8851e07a0c7d@group-D2B3A0D0972F: changes role from  FOLLOWER to CANDIDATE at term 1 for changeToCandidate
2022-11-10 07:16:20,303 [91b954a0-6378-41b2-9057-8851e07a0c7d@group-D2B3A0D0972F-FollowerState] INFO  server.RaftServerConfigKeys (ConfUtils.java:logGet(46)) - raft.server.leaderelection.pre-vote = false (custom)
2022-11-10 07:16:20,303 [91b954a0-6378-41b2-9057-8851e07a0c7d@group-D2B3A0D0972F-FollowerState] INFO  impl.RoleInfo (RoleInfo.java:updateAndGet(139)) - 91b954a0-6378-41b2-9057-8851e07a0c7d: start 91b954a0-6378-41b2-9057-8851e07a0c7d@group-D2B3A0D0972F-LeaderElection45
2022-11-10 07:16:20,314 [91b954a0-6378-41b2-9057-8851e07a0c7d@group-D2B3A0D0972F-LeaderElection45] INFO  impl.LeaderElection (LeaderElection.java:askForVotes(312)) - 91b954a0-6378-41b2-9057-8851e07a0c7d@group-D2B3A0D0972F-LeaderElection45 ELECTION round 0: submit vote requests at term 2 for -1: peers:[91b954a0-6378-41b2-9057-8851e07a0c7d|rpc:10.1.0.59:36765|priority:0|startupRole:FOLLOWER, ebd53443-e3ae-4256-96ac-f1308b179955|rpc:10.1.0.59:38343|priority:1|startupRole:FOLLOWER, 37bda9b0-0df5-4ea8-952a-0c6f71b93e6d|rpc:10.1.0.59:43699|priority:0|startupRole:FOLLOWER]|listeners:[], old=null
2022-11-10 07:16:20,315 [91b954a0-6378-41b2-9057-8851e07a0c7d@group-D2B3A0D0972F-LeaderElection45] INFO  server.RaftServerConfigKeys (ConfUtils.java:logFallback(53)) - raft.server.rpc.first-election.timeout.min = 5s (fallback to raft.server.rpc.timeout.min)
2022-11-10 07:16:20,315 [91b954a0-6378-41b2-9057-8851e07a0c7d@group-D2B3A0D0972F-LeaderElection45] INFO  server.RaftServerConfigKeys (ConfUtils.java:logFallback(53)) - raft.server.rpc.first-election.timeout.max = 5200ms (fallback to raft.server.rpc.timeout.max)
2022-11-10 07:16:20,316 [grpc-default-executor-0] INFO  server.RaftServer$Division (RaftServerImpl.java:requestVote(1218)) - ebd53443-e3ae-4256-96ac-f1308b179955@group-D2B3A0D0972F: receive requestVote(ELECTION, 91b954a0-6378-41b2-9057-8851e07a0c7d, group-D2B3A0D0972F, 2, (t:0, i:0))
2022-11-10 07:16:20,316 [grpc-default-executor-0] INFO  impl.VoteContext (VoteContext.java:log(48)) - ebd53443-e3ae-4256-96ac-f1308b179955@group-D2B3A0D0972F-FOLLOWER: reject ELECTION from 91b954a0-6378-41b2-9057-8851e07a0c7d: our priority 1 > candidate's priority 0
2022-11-10 07:16:20,317 [grpc-default-executor-0] INFO  server.RaftServer$Division (RaftServerImpl.java:setRole(321)) - ebd53443-e3ae-4256-96ac-f1308b179955@group-D2B3A0D0972F: changes role from  FOLLOWER to FOLLOWER at term 2 for candidate:91b954a0-6378-41b2-9057-8851e07a0c7d
2022-11-10 07:16:20,317 [grpc-default-executor-0] INFO  impl.RoleInfo (RoleInfo.java:shutdownFollowerState(110)) - ebd53443-e3ae-4256-96ac-f1308b179955: shutdown ebd53443-e3ae-4256-96ac-f1308b179955@group-D2B3A0D0972F-FollowerState
2022-11-10 07:16:20,317 [grpc-default-executor-0] INFO  impl.RoleInfo (RoleInfo.java:updateAndGet(139)) - ebd53443-e3ae-4256-96ac-f1308b179955: start ebd53443-e3ae-4256-96ac-f1308b179955@group-D2B3A0D0972F-FollowerState
2022-11-10 07:16:20,317 [ebd53443-e3ae-4256-96ac-f1308b179955@group-D2B3A0D0972F-FollowerState] INFO  impl.FollowerState (FollowerState.java:run(152)) - ebd53443-e3ae-4256-96ac-f1308b179955@group-D2B3A0D0972F-FollowerState was interrupted
2022-11-10 07:16:20,318 [grpc-default-executor-1] INFO  server.RaftServer$Division (RaftServerImpl.java:requestVote(1218)) - 37bda9b0-0df5-4ea8-952a-0c6f71b93e6d@group-D2B3A0D0972F: receive requestVote(ELECTION, 91b954a0-6378-41b2-9057-8851e07a0c7d, group-D2B3A0D0972F, 2, (t:0, i:0))
2022-11-10 07:16:20,318 [grpc-default-executor-1] INFO  impl.VoteContext (VoteContext.java:log(48)) - 37bda9b0-0df5-4ea8-952a-0c6f71b93e6d@group-D2B3A0D0972F-FOLLOWER: accept ELECTION from 91b954a0-6378-41b2-9057-8851e07a0c7d: our priority 0 <= candidate's priority 0
2022-11-10 07:16:20,318 [grpc-default-executor-1] INFO  server.RaftServer$Division (RaftServerImpl.java:setRole(321)) - 37bda9b0-0df5-4ea8-952a-0c6f71b93e6d@group-D2B3A0D0972F: changes role from  FOLLOWER to FOLLOWER at term 2 for candidate:91b954a0-6378-41b2-9057-8851e07a0c7d
2022-11-10 07:16:20,318 [grpc-default-executor-1] INFO  impl.RoleInfo (RoleInfo.java:shutdownFollowerState(110)) - 37bda9b0-0df5-4ea8-952a-0c6f71b93e6d: shutdown 37bda9b0-0df5-4ea8-952a-0c6f71b93e6d@group-D2B3A0D0972F-FollowerState
2022-11-10 07:16:20,323 [37bda9b0-0df5-4ea8-952a-0c6f71b93e6d@group-D2B3A0D0972F-FollowerState] INFO  impl.FollowerState (FollowerState.java:run(152)) - 37bda9b0-0df5-4ea8-952a-0c6f71b93e6d@group-D2B3A0D0972F-FollowerState was interrupted
2022-11-10 07:16:20,323 [grpc-default-executor-1] INFO  impl.RoleInfo (RoleInfo.java:updateAndGet(139)) - 37bda9b0-0df5-4ea8-952a-0c6f71b93e6d: start 37bda9b0-0df5-4ea8-952a-0c6f71b93e6d@group-D2B3A0D0972F-FollowerState
2022-11-10 07:16:20,326 [ebd53443-e3ae-4256-96ac-f1308b179955@group-D2B3A0D0972F-FollowerState] INFO  server.RaftServerConfigKeys (ConfUtils.java:logFallback(53)) - raft.server.rpc.first-election.timeout.min = 5s (fallback to raft.server.rpc.timeout.min)
2022-11-10 07:16:20,326 [ebd53443-e3ae-4256-96ac-f1308b179955@group-D2B3A0D0972F-FollowerState] INFO  server.RaftServerConfigKeys (ConfUtils.java:logFallback(53)) - raft.server.rpc.first-election.timeout.max = 5200ms (fallback to raft.server.rpc.timeout.max)
2022-11-10 07:16:20,327 [37bda9b0-0df5-4ea8-952a-0c6f71b93e6d@group-D2B3A0D0972F-FollowerState] INFO  server.RaftServerConfigKeys (ConfUtils.java:logFallback(53)) - raft.server.rpc.first-election.timeout.min = 5s (fallback to raft.server.rpc.timeout.min)
2022-11-10 07:16:20,327 [37bda9b0-0df5-4ea8-952a-0c6f71b93e6d@group-D2B3A0D0972F-FollowerState] INFO  server.RaftServerConfigKeys (ConfUtils.java:logFallback(53)) - raft.server.rpc.first-election.timeout.max = 5200ms (fallback to raft.server.rpc.timeout.max)
2022-11-10 07:16:20,327 [grpc-default-executor-0] INFO  server.RaftServer$Division (RaftServerImpl.java:requestVote(1251)) - ebd53443-e3ae-4256-96ac-f1308b179955@group-D2B3A0D0972F replies to ELECTION vote request: 91b954a0-6378-41b2-9057-8851e07a0c7d<-ebd53443-e3ae-4256-96ac-f1308b179955#0:FAIL-t2. Peer's state: ebd53443-e3ae-4256-96ac-f1308b179955@group-D2B3A0D0972F:t2, leader=null, voted=null, raftlog=Memoized:ebd53443-e3ae-4256-96ac-f1308b179955@group-D2B3A0D0972F-SegmentedRaftLog:OPENED:c-1, conf=-1: peers:[91b954a0-6378-41b2-9057-8851e07a0c7d|rpc:10.1.0.59:36765|dataStream:|priority:0|startupRole:FOLLOWER, ebd53443-e3ae-4256-96ac-f1308b179955|rpc:10.1.0.59:38343|dataStream:|priority:1|startupRole:FOLLOWER, 37bda9b0-0df5-4ea8-952a-0c6f71b93e6d|rpc:10.1.0.59:43699|dataStream:|priority:0|startupRole:FOLLOWER]|listeners:[], old=null
2022-11-10 07:16:20,327 [grpc-default-executor-1] INFO  server.RaftServer$Division (RaftServerImpl.java:requestVote(1251)) - 37bda9b0-0df5-4ea8-952a-0c6f71b93e6d@group-D2B3A0D0972F replies to ELECTION vote request: 91b954a0-6378-41b2-9057-8851e07a0c7d<-37bda9b0-0df5-4ea8-952a-0c6f71b93e6d#0:OK-t2. Peer's state: 37bda9b0-0df5-4ea8-952a-0c6f71b93e6d@group-D2B3A0D0972F:t2, leader=null, voted=91b954a0-6378-41b2-9057-8851e07a0c7d, raftlog=Memoized:37bda9b0-0df5-4ea8-952a-0c6f71b93e6d@group-D2B3A0D0972F-SegmentedRaftLog:OPENED:c-1, conf=-1: peers:[91b954a0-6378-41b2-9057-8851e07a0c7d|rpc:10.1.0.59:36765|dataStream:|priority:0|startupRole:FOLLOWER, ebd53443-e3ae-4256-96ac-f1308b179955|rpc:10.1.0.59:38343|dataStream:|priority:1|startupRole:FOLLOWER, 37bda9b0-0df5-4ea8-952a-0c6f71b93e6d|rpc:10.1.0.59:43699|dataStream:|priority:0|startupRole:FOLLOWER]|listeners:[], old=null
2022-11-10 07:16:20,330 [91b954a0-6378-41b2-9057-8851e07a0c7d@group-D2B3A0D0972F-LeaderElection45] INFO  impl.LeaderElection (LeaderElection.java:logAndReturn(90)) - 91b954a0-6378-41b2-9057-8851e07a0c7d@group-D2B3A0D0972F-LeaderElection45: ELECTION REJECTED received 1 response(s) and 0 exception(s):
2022-11-10 07:16:20,330 [91b954a0-6378-41b2-9057-8851e07a0c7d@group-D2B3A0D0972F-LeaderElection45] INFO  impl.LeaderElection (LeaderElection.java:logAndReturn(94)) -   Response 0: 91b954a0-6378-41b2-9057-8851e07a0c7d<-ebd53443-e3ae-4256-96ac-f1308b179955#0:FAIL-t2
2022-11-10 07:16:20,330 [91b954a0-6378-41b2-9057-8851e07a0c7d@group-D2B3A0D0972F-LeaderElection45] INFO  impl.LeaderElection (LeaderElection.java:askForVotes(314)) - 91b954a0-6378-41b2-9057-8851e07a0c7d@group-D2B3A0D0972F-LeaderElection45 ELECTION round 0: result REJECTED
2022-11-10 07:16:20,330 [91b954a0-6378-41b2-9057-8851e07a0c7d@group-D2B3A0D0972F-LeaderElection45] INFO  server.RaftServer$Division (RaftServerImpl.java:setRole(321)) - 91b954a0-6378-41b2-9057-8851e07a0c7d@group-D2B3A0D0972F: changes role from CANDIDATE to FOLLOWER at term 2 for REJECTED
2022-11-10 07:16:20,330 [91b954a0-6378-41b2-9057-8851e07a0c7d@group-D2B3A0D0972F-LeaderElection45] INFO  impl.RoleInfo (RoleInfo.java:shutdownLeaderElection(130)) - 91b954a0-6378-41b2-9057-8851e07a0c7d: shutdown 91b954a0-6378-41b2-9057-8851e07a0c7d@group-D2B3A0D0972F-LeaderElection45
2022-11-10 07:16:20,331 [91b954a0-6378-41b2-9057-8851e07a0c7d@group-D2B3A0D0972F-LeaderElection45] INFO  impl.RoleInfo (RoleInfo.java:updateAndGet(139)) - 91b954a0-6378-41b2-9057-8851e07a0c7d: start 91b954a0-6378-41b2-9057-8851e07a0c7d@group-D2B3A0D0972F-FollowerState
2022-11-10 07:16:20,336 [ebd53443-e3ae-4256-96ac-f1308b179955@group-35A0037A9220-FollowerState] INFO  impl.FollowerState (FollowerState.java:run(143)) - ebd53443-e3ae-4256-96ac-f1308b179955@group-35A0037A9220-FollowerState: change to CANDIDATE, lastRpcElapsedTime:5038333673ns, electionTimeout:5033ms
2022-11-10 07:16:20,336 [91b954a0-6378-41b2-9057-8851e07a0c7d@group-D2B3A0D0972F-FollowerState] INFO  server.RaftServerConfigKeys (ConfUtils.java:logFallback(53)) - raft.server.rpc.first-election.timeout.min = 5s (fallback to raft.server.rpc.timeout.min)
2022-11-10 07:16:20,336 [91b954a0-6378-41b2-9057-8851e07a0c7d@group-D2B3A0D0972F-FollowerState] INFO  server.RaftServerConfigKeys (ConfUtils.java:logFallback(53)) - raft.server.rpc.first-election.timeout.max = 5200ms (fallback to raft.server.rpc.timeout.max)
2022-11-10 07:16:20,336 [ebd53443-e3ae-4256-96ac-f1308b179955@group-35A0037A9220-FollowerState] INFO  impl.RoleInfo (RoleInfo.java:shutdownFollowerState(110)) - ebd53443-e3ae-4256-96ac-f1308b179955: shutdown ebd53443-e3ae-4256-96ac-f1308b179955@group-35A0037A9220-FollowerState
2022-11-10 07:16:20,336 [ebd53443-e3ae-4256-96ac-f1308b179955@group-35A0037A9220-FollowerState] INFO  server.RaftServer$Division (RaftServerImpl.java:setRole(321)) - ebd53443-e3ae-4256-96ac-f1308b179955@group-35A0037A9220: changes role from  FOLLOWER to CANDIDATE at term 1 for changeToCandidate
2022-11-10 07:16:20,336 [ebd53443-e3ae-4256-96ac-f1308b179955@group-35A0037A9220-FollowerState] INFO  server.RaftServerConfigKeys (ConfUtils.java:logGet(46)) - raft.server.leaderelection.pre-vote = false (custom)
2022-11-10 07:16:20,336 [ebd53443-e3ae-4256-96ac-f1308b179955@group-35A0037A9220-FollowerState] INFO  impl.RoleInfo (RoleInfo.java:updateAndGet(139)) - ebd53443-e3ae-4256-96ac-f1308b179955: start ebd53443-e3ae-4256-96ac-f1308b179955@group-35A0037A9220-LeaderElection46
2022-11-10 07:16:20,338 [ebd53443-e3ae-4256-96ac-f1308b179955@group-35A0037A9220-LeaderElection46] INFO  impl.LeaderElection (LeaderElection.java:askForVotes(312)) - ebd53443-e3ae-4256-96ac-f1308b179955@group-35A0037A9220-LeaderElection46 ELECTION round 0: submit vote requests at term 2 for -1: peers:[91b954a0-6378-41b2-9057-8851e07a0c7d|rpc:10.1.0.59:36765|dataStream:|priority:0|startupRole:FOLLOWER, ebd53443-e3ae-4256-96ac-f1308b179955|rpc:10.1.0.59:38343|dataStream:|priority:0|startupRole:FOLLOWER, 37bda9b0-0df5-4ea8-952a-0c6f71b93e6d|rpc:10.1.0.59:43699|dataStream:|priority:1|startupRole:FOLLOWER]|listeners:[], old=null
2022-11-10 07:16:20,338 [ebd53443-e3ae-4256-96ac-f1308b179955@group-35A0037A9220-LeaderElection46] INFO  server.RaftServerConfigKeys (ConfUtils.java:logFallback(53)) - raft.server.rpc.first-election.timeout.min = 5s (fallback to raft.server.rpc.timeout.min)
2022-11-10 07:16:20,339 [ebd53443-e3ae-4256-96ac-f1308b179955@group-35A0037A9220-LeaderElection46-1] INFO  server.GrpcServerProtocolClient (GrpcServerProtocolClient.java:<init>(63)) - Build channel for 91b954a0-6378-41b2-9057-8851e07a0c7d
2022-11-10 07:16:20,339 [ebd53443-e3ae-4256-96ac-f1308b179955@group-35A0037A9220-LeaderElection46] INFO  server.RaftServerConfigKeys (ConfUtils.java:logFallback(53)) - raft.server.rpc.first-election.timeout.max = 5200ms (fallback to raft.server.rpc.timeout.max)
2022-11-10 07:16:20,339 [ebd53443-e3ae-4256-96ac-f1308b179955@group-35A0037A9220-LeaderElection46-2] INFO  server.GrpcServerProtocolClient (GrpcServerProtocolClient.java:<init>(63)) - Build channel for 37bda9b0-0df5-4ea8-952a-0c6f71b93e6d
2022-11-10 07:16:20,349 [grpc-default-executor-0] INFO  server.RaftServer$Division (RaftServerImpl.java:requestVote(1218)) - 91b954a0-6378-41b2-9057-8851e07a0c7d@group-35A0037A9220: receive requestVote(ELECTION, ebd53443-e3ae-4256-96ac-f1308b179955, group-35A0037A9220, 2, (t:0, i:0))
2022-11-10 07:16:20,349 [grpc-default-executor-0] INFO  impl.VoteContext (VoteContext.java:log(48)) - 91b954a0-6378-41b2-9057-8851e07a0c7d@group-35A0037A9220-FOLLOWER: accept ELECTION from ebd53443-e3ae-4256-96ac-f1308b179955: our priority 0 <= candidate's priority 0
2022-11-10 07:16:20,349 [grpc-default-executor-0] INFO  server.RaftServer$Division (RaftServerImpl.java:setRole(321)) - 91b954a0-6378-41b2-9057-8851e07a0c7d@group-35A0037A9220: changes role from  FOLLOWER to FOLLOWER at term 2 for candidate:ebd53443-e3ae-4256-96ac-f1308b179955
2022-11-10 07:16:20,349 [grpc-default-executor-0] INFO  impl.RoleInfo (RoleInfo.java:shutdownFollowerState(110)) - 91b954a0-6378-41b2-9057-8851e07a0c7d: shutdown 91b954a0-6378-41b2-9057-8851e07a0c7d@group-35A0037A9220-FollowerState
2022-11-10 07:16:20,349 [grpc-default-executor-0] INFO  impl.RoleInfo (RoleInfo.java:updateAndGet(139)) - 91b954a0-6378-41b2-9057-8851e07a0c7d: start 91b954a0-6378-41b2-9057-8851e07a0c7d@group-35A0037A9220-FollowerState
2022-11-10 07:16:20,349 [91b954a0-6378-41b2-9057-8851e07a0c7d@group-35A0037A9220-FollowerState] INFO  impl.FollowerState (FollowerState.java:run(152)) - 91b954a0-6378-41b2-9057-8851e07a0c7d@group-35A0037A9220-FollowerState was interrupted
2022-11-10 07:16:20,351 [91b954a0-6378-41b2-9057-8851e07a0c7d@group-35A0037A9220-FollowerState] INFO  server.RaftServerConfigKeys (ConfUtils.java:logFallback(53)) - raft.server.rpc.first-election.timeout.min = 5s (fallback to raft.server.rpc.timeout.min)
2022-11-10 07:16:20,351 [91b954a0-6378-41b2-9057-8851e07a0c7d@group-35A0037A9220-FollowerState] INFO  server.RaftServerConfigKeys (ConfUtils.java:logFallback(53)) - raft.server.rpc.first-election.timeout.max = 5200ms (fallback to raft.server.rpc.timeout.max)
2022-11-10 07:16:20,351 [grpc-default-executor-0] INFO  server.RaftServer$Division (RaftServerImpl.java:requestVote(1251)) - 91b954a0-6378-41b2-9057-8851e07a0c7d@group-35A0037A9220 replies to ELECTION vote request: ebd53443-e3ae-4256-96ac-f1308b179955<-91b954a0-6378-41b2-9057-8851e07a0c7d#0:OK-t2. Peer's state: 91b954a0-6378-41b2-9057-8851e07a0c7d@group-35A0037A9220:t2, leader=null, voted=ebd53443-e3ae-4256-96ac-f1308b179955, raftlog=Memoized:91b954a0-6378-41b2-9057-8851e07a0c7d@group-35A0037A9220-SegmentedRaftLog:OPENED:c-1, conf=-1: peers:[91b954a0-6378-41b2-9057-8851e07a0c7d|rpc:10.1.0.59:36765|priority:0|startupRole:FOLLOWER, ebd53443-e3ae-4256-96ac-f1308b179955|rpc:10.1.0.59:38343|priority:0|startupRole:FOLLOWER, 37bda9b0-0df5-4ea8-952a-0c6f71b93e6d|rpc:10.1.0.59:43699|priority:1|startupRole:FOLLOWER]|listeners:[], old=null
2022-11-10 07:16:20,353 [grpc-default-executor-0] INFO  server.RaftServer$Division (RaftServerImpl.java:requestVote(1218)) - 37bda9b0-0df5-4ea8-952a-0c6f71b93e6d@group-35A0037A9220: receive requestVote(ELECTION, ebd53443-e3ae-4256-96ac-f1308b179955, group-35A0037A9220, 2, (t:0, i:0))
2022-11-10 07:16:20,354 [grpc-default-executor-0] INFO  impl.VoteContext (VoteContext.java:log(48)) - 37bda9b0-0df5-4ea8-952a-0c6f71b93e6d@group-35A0037A9220-FOLLOWER: reject ELECTION from ebd53443-e3ae-4256-96ac-f1308b179955: our priority 1 > candidate's priority 0
2022-11-10 07:16:20,354 [grpc-default-executor-0] INFO  server.RaftServer$Division (RaftServerImpl.java:setRole(321)) - 37bda9b0-0df5-4ea8-952a-0c6f71b93e6d@group-35A0037A9220: changes role from  FOLLOWER to FOLLOWER at term 2 for candidate:ebd53443-e3ae-4256-96ac-f1308b179955
2022-11-10 07:16:20,354 [grpc-default-executor-0] INFO  impl.RoleInfo (RoleInfo.java:shutdownFollowerState(110)) - 37bda9b0-0df5-4ea8-952a-0c6f71b93e6d: shutdown 37bda9b0-0df5-4ea8-952a-0c6f71b93e6d@group-35A0037A9220-FollowerState
2022-11-10 07:16:20,354 [grpc-default-executor-0] INFO  impl.RoleInfo (RoleInfo.java:updateAndGet(139)) - 37bda9b0-0df5-4ea8-952a-0c6f71b93e6d: start 37bda9b0-0df5-4ea8-952a-0c6f71b93e6d@group-35A0037A9220-FollowerState
2022-11-10 07:16:20,354 [37bda9b0-0df5-4ea8-952a-0c6f71b93e6d@group-35A0037A9220-FollowerState] INFO  impl.FollowerState (FollowerState.java:run(152)) - 37bda9b0-0df5-4ea8-952a-0c6f71b93e6d@group-35A0037A9220-FollowerState was interrupted
2022-11-10 07:16:20,354 [37bda9b0-0df5-4ea8-952a-0c6f71b93e6d@group-35A0037A9220-FollowerState] INFO  server.RaftServerConfigKeys (ConfUtils.java:logFallback(53)) - raft.server.rpc.first-election.timeout.min = 5s (fallback to raft.server.rpc.timeout.min)
2022-11-10 07:16:20,354 [37bda9b0-0df5-4ea8-952a-0c6f71b93e6d@group-35A0037A9220-FollowerState] INFO  server.RaftServerConfigKeys (ConfUtils.java:logFallback(53)) - raft.server.rpc.first-election.timeout.max = 5200ms (fallback to raft.server.rpc.timeout.max)
2022-11-10 07:16:20,355 [grpc-default-executor-0] INFO  server.RaftServer$Division (RaftServerImpl.java:requestVote(1251)) - 37bda9b0-0df5-4ea8-952a-0c6f71b93e6d@group-35A0037A9220 replies to ELECTION vote request: ebd53443-e3ae-4256-96ac-f1308b179955<-37bda9b0-0df5-4ea8-952a-0c6f71b93e6d#0:FAIL-t2. Peer's state: 37bda9b0-0df5-4ea8-952a-0c6f71b93e6d@group-35A0037A9220:t2, leader=null, voted=null, raftlog=Memoized:37bda9b0-0df5-4ea8-952a-0c6f71b93e6d@group-35A0037A9220-SegmentedRaftLog:OPENED:c-1, conf=-1: peers:[91b954a0-6378-41b2-9057-8851e07a0c7d|rpc:10.1.0.59:36765|dataStream:|priority:0|startupRole:FOLLOWER, ebd53443-e3ae-4256-96ac-f1308b179955|rpc:10.1.0.59:38343|dataStream:|priority:0|startupRole:FOLLOWER, 37bda9b0-0df5-4ea8-952a-0c6f71b93e6d|rpc:10.1.0.59:43699|dataStream:|priority:1|startupRole:FOLLOWER]|listeners:[], old=null
2022-11-10 07:16:20,356 [ebd53443-e3ae-4256-96ac-f1308b179955@group-35A0037A9220-LeaderElection46] INFO  impl.LeaderElection (LeaderElection.java:logAndReturn(90)) - ebd53443-e3ae-4256-96ac-f1308b179955@group-35A0037A9220-LeaderElection46: ELECTION REJECTED received 2 response(s) and 0 exception(s):
2022-11-10 07:16:20,356 [ebd53443-e3ae-4256-96ac-f1308b179955@group-35A0037A9220-LeaderElection46] INFO  impl.LeaderElection (LeaderElection.java:logAndReturn(94)) -   Response 0: ebd53443-e3ae-4256-96ac-f1308b179955<-91b954a0-6378-41b2-9057-8851e07a0c7d#0:OK-t2
2022-11-10 07:16:20,356 [ebd53443-e3ae-4256-96ac-f1308b179955@group-35A0037A9220-LeaderElection46] INFO  impl.LeaderElection (LeaderElection.java:logAndReturn(94)) -   Response 1: ebd53443-e3ae-4256-96ac-f1308b179955<-37bda9b0-0df5-4ea8-952a-0c6f71b93e6d#0:FAIL-t2
2022-11-10 07:16:20,356 [ebd53443-e3ae-4256-96ac-f1308b179955@group-35A0037A9220-LeaderElection46] INFO  impl.LeaderElection (LeaderElection.java:askForVotes(314)) - ebd53443-e3ae-4256-96ac-f1308b179955@group-35A0037A9220-LeaderElection46 ELECTION round 0: result REJECTED
2022-11-10 07:16:20,356 [ebd53443-e3ae-4256-96ac-f1308b179955@group-35A0037A9220-LeaderElection46] INFO  server.RaftServer$Division (RaftServerImpl.java:setRole(321)) - ebd53443-e3ae-4256-96ac-f1308b179955@group-35A0037A9220: changes role from CANDIDATE to FOLLOWER at term 2 for REJECTED
2022-11-10 07:16:20,356 [ebd53443-e3ae-4256-96ac-f1308b179955@group-35A0037A9220-LeaderElection46] INFO  impl.RoleInfo (RoleInfo.java:shutdownLeaderElection(130)) - ebd53443-e3ae-4256-96ac-f1308b179955: shutdown ebd53443-e3ae-4256-96ac-f1308b179955@group-35A0037A9220-LeaderElection46
2022-11-10 07:16:20,356 [ebd53443-e3ae-4256-96ac-f1308b179955@group-35A0037A9220-LeaderElection46] INFO  impl.RoleInfo (RoleInfo.java:updateAndGet(139)) - ebd53443-e3ae-4256-96ac-f1308b179955: start ebd53443-e3ae-4256-96ac-f1308b179955@group-35A0037A9220-FollowerState
2022-11-10 07:16:20,357 [ebd53443-e3ae-4256-96ac-f1308b179955@group-35A0037A9220-FollowerState] INFO  server.RaftServerConfigKeys (ConfUtils.java:logFallback(53)) - raft.server.rpc.first-election.timeout.min = 5s (fallback to raft.server.rpc.timeout.min)
2022-11-10 07:16:20,357 [ebd53443-e3ae-4256-96ac-f1308b179955@group-35A0037A9220-FollowerState] INFO  server.RaftServerConfigKeys (ConfUtils.java:logFallback(53)) - raft.server.rpc.first-election.timeout.max = 5200ms (fallback to raft.server.rpc.timeout.max)
2022-11-10 07:16:20,711 [Listener at 127.0.0.1/32977] INFO  ozone.MiniOzoneClusterImpl (MiniOzoneClusterImpl.java:lambda$waitForClusterToBeReady$0(216)) - Nodes are ready. Got 6 of 6 DN Heartbeats.
2022-11-10 07:16:20,711 [Listener at 127.0.0.1/32977] INFO  ozone.MiniOzoneClusterImpl (MiniOzoneClusterImpl.java:lambda$waitForClusterToBeReady$0(219)) - Waiting for cluster to exit safe mode
2022-11-10 07:16:20,711 [Listener at 127.0.0.1/32977] INFO  ozone.MiniOzoneClusterImpl (MiniOzoneClusterImpl.java:lambda$waitForClusterToBeReady$0(221)) - SCM became leader
2022-11-10 07:16:21,269 [61b4adde-551e-4095-bce8-06739a9df4a2@group-6A3F1DF3BD93-FollowerState] INFO  impl.FollowerState (FollowerState.java:run(143)) - 61b4adde-551e-4095-bce8-06739a9df4a2@group-6A3F1DF3BD93-FollowerState: change to CANDIDATE, lastRpcElapsedTime:5029122453ns, electionTimeout:5025ms
2022-11-10 07:16:21,270 [61b4adde-551e-4095-bce8-06739a9df4a2@group-6A3F1DF3BD93-FollowerState] INFO  impl.RoleInfo (RoleInfo.java:shutdownFollowerState(110)) - 61b4adde-551e-4095-bce8-06739a9df4a2: shutdown 61b4adde-551e-4095-bce8-06739a9df4a2@group-6A3F1DF3BD93-FollowerState
2022-11-10 07:16:21,270 [61b4adde-551e-4095-bce8-06739a9df4a2@group-6A3F1DF3BD93-FollowerState] INFO  server.RaftServer$Division (RaftServerImpl.java:setRole(321)) - 61b4adde-551e-4095-bce8-06739a9df4a2@group-6A3F1DF3BD93: changes role from  FOLLOWER to CANDIDATE at term 1 for changeToCandidate
2022-11-10 07:16:21,270 [61b4adde-551e-4095-bce8-06739a9df4a2@group-6A3F1DF3BD93-FollowerState] INFO  server.RaftServerConfigKeys (ConfUtils.java:logGet(46)) - raft.server.leaderelection.pre-vote = false (custom)
2022-11-10 07:16:21,270 [61b4adde-551e-4095-bce8-06739a9df4a2@group-6A3F1DF3BD93-FollowerState] INFO  impl.RoleInfo (RoleInfo.java:updateAndGet(139)) - 61b4adde-551e-4095-bce8-06739a9df4a2: start 61b4adde-551e-4095-bce8-06739a9df4a2@group-6A3F1DF3BD93-LeaderElection47
2022-11-10 07:16:21,272 [61b4adde-551e-4095-bce8-06739a9df4a2@group-6A3F1DF3BD93-LeaderElection47] INFO  impl.LeaderElection (LeaderElection.java:askForVotes(312)) - 61b4adde-551e-4095-bce8-06739a9df4a2@group-6A3F1DF3BD93-LeaderElection47 ELECTION round 0: submit vote requests at term 2 for -1: peers:[93f75986-a2fd-4e1e-8c9d-e124aac8f1f2|rpc:10.1.0.59:37359|dataStream:|priority:0|startupRole:FOLLOWER, 61b4adde-551e-4095-bce8-06739a9df4a2|rpc:10.1.0.59:44441|dataStream:|priority:1|startupRole:FOLLOWER, 2761f105-bad8-4cc1-bdb0-f2de1107aa09|rpc:10.1.0.59:44127|dataStream:|priority:0|startupRole:FOLLOWER]|listeners:[], old=null
2022-11-10 07:16:21,273 [61b4adde-551e-4095-bce8-06739a9df4a2@group-6A3F1DF3BD93-LeaderElection47] INFO  server.RaftServerConfigKeys (ConfUtils.java:logFallback(53)) - raft.server.rpc.first-election.timeout.min = 5s (fallback to raft.server.rpc.timeout.min)
2022-11-10 07:16:21,273 [61b4adde-551e-4095-bce8-06739a9df4a2@group-6A3F1DF3BD93-LeaderElection47] INFO  server.RaftServerConfigKeys (ConfUtils.java:logFallback(53)) - raft.server.rpc.first-election.timeout.max = 5200ms (fallback to raft.server.rpc.timeout.max)
2022-11-10 07:16:21,275 [grpc-default-executor-1] INFO  server.RaftServer$Division (RaftServerImpl.java:requestVote(1218)) - 2761f105-bad8-4cc1-bdb0-f2de1107aa09@group-6A3F1DF3BD93: receive requestVote(ELECTION, 61b4adde-551e-4095-bce8-06739a9df4a2, group-6A3F1DF3BD93, 2, (t:0, i:0))
2022-11-10 07:16:21,275 [grpc-default-executor-1] INFO  impl.VoteContext (VoteContext.java:log(48)) - 2761f105-bad8-4cc1-bdb0-f2de1107aa09@group-6A3F1DF3BD93-FOLLOWER: accept ELECTION from 61b4adde-551e-4095-bce8-06739a9df4a2: our priority 0 <= candidate's priority 1
2022-11-10 07:16:21,275 [grpc-default-executor-1] INFO  server.RaftServer$Division (RaftServerImpl.java:setRole(321)) - 2761f105-bad8-4cc1-bdb0-f2de1107aa09@group-6A3F1DF3BD93: changes role from  FOLLOWER to FOLLOWER at term 2 for candidate:61b4adde-551e-4095-bce8-06739a9df4a2
2022-11-10 07:16:21,275 [grpc-default-executor-1] INFO  impl.RoleInfo (RoleInfo.java:shutdownFollowerState(110)) - 2761f105-bad8-4cc1-bdb0-f2de1107aa09: shutdown 2761f105-bad8-4cc1-bdb0-f2de1107aa09@group-6A3F1DF3BD93-FollowerState
2022-11-10 07:16:21,276 [grpc-default-executor-1] INFO  impl.RoleInfo (RoleInfo.java:updateAndGet(139)) - 2761f105-bad8-4cc1-bdb0-f2de1107aa09: start 2761f105-bad8-4cc1-bdb0-f2de1107aa09@group-6A3F1DF3BD93-FollowerState
2022-11-10 07:16:21,276 [2761f105-bad8-4cc1-bdb0-f2de1107aa09@group-6A3F1DF3BD93-FollowerState] INFO  impl.FollowerState (FollowerState.java:run(152)) - 2761f105-bad8-4cc1-bdb0-f2de1107aa09@group-6A3F1DF3BD93-FollowerState was interrupted
2022-11-10 07:16:21,276 [grpc-default-executor-0] INFO  server.RaftServer$Division (RaftServerImpl.java:requestVote(1218)) - 93f75986-a2fd-4e1e-8c9d-e124aac8f1f2@group-6A3F1DF3BD93: receive requestVote(ELECTION, 61b4adde-551e-4095-bce8-06739a9df4a2, group-6A3F1DF3BD93, 2, (t:0, i:0))
2022-11-10 07:16:21,276 [grpc-default-executor-0] INFO  impl.VoteContext (VoteContext.java:log(48)) - 93f75986-a2fd-4e1e-8c9d-e124aac8f1f2@group-6A3F1DF3BD93-FOLLOWER: accept ELECTION from 61b4adde-551e-4095-bce8-06739a9df4a2: our priority 0 <= candidate's priority 1
2022-11-10 07:16:21,276 [grpc-default-executor-0] INFO  server.RaftServer$Division (RaftServerImpl.java:setRole(321)) - 93f75986-a2fd-4e1e-8c9d-e124aac8f1f2@group-6A3F1DF3BD93: changes role from  FOLLOWER to FOLLOWER at term 2 for candidate:61b4adde-551e-4095-bce8-06739a9df4a2
2022-11-10 07:16:21,276 [grpc-default-executor-0] INFO  impl.RoleInfo (RoleInfo.java:shutdownFollowerState(110)) - 93f75986-a2fd-4e1e-8c9d-e124aac8f1f2: shutdown 93f75986-a2fd-4e1e-8c9d-e124aac8f1f2@group-6A3F1DF3BD93-FollowerState
2022-11-10 07:16:21,276 [grpc-default-executor-0] INFO  impl.RoleInfo (RoleInfo.java:updateAndGet(139)) - 93f75986-a2fd-4e1e-8c9d-e124aac8f1f2: start 93f75986-a2fd-4e1e-8c9d-e124aac8f1f2@group-6A3F1DF3BD93-FollowerState
2022-11-10 07:16:21,276 [93f75986-a2fd-4e1e-8c9d-e124aac8f1f2@group-6A3F1DF3BD93-FollowerState] INFO  impl.FollowerState (FollowerState.java:run(152)) - 93f75986-a2fd-4e1e-8c9d-e124aac8f1f2@group-6A3F1DF3BD93-FollowerState was interrupted
2022-11-10 07:16:21,277 [2761f105-bad8-4cc1-bdb0-f2de1107aa09@group-6A3F1DF3BD93-FollowerState] INFO  server.RaftServerConfigKeys (ConfUtils.java:logFallback(53)) - raft.server.rpc.first-election.timeout.min = 5s (fallback to raft.server.rpc.timeout.min)
2022-11-10 07:16:21,277 [2761f105-bad8-4cc1-bdb0-f2de1107aa09@group-6A3F1DF3BD93-FollowerState] INFO  server.RaftServerConfigKeys (ConfUtils.java:logFallback(53)) - raft.server.rpc.first-election.timeout.max = 5200ms (fallback to raft.server.rpc.timeout.max)
2022-11-10 07:16:21,277 [grpc-default-executor-1] INFO  server.RaftServer$Division (RaftServerImpl.java:requestVote(1251)) - 2761f105-bad8-4cc1-bdb0-f2de1107aa09@group-6A3F1DF3BD93 replies to ELECTION vote request: 61b4adde-551e-4095-bce8-06739a9df4a2<-2761f105-bad8-4cc1-bdb0-f2de1107aa09#0:OK-t2. Peer's state: 2761f105-bad8-4cc1-bdb0-f2de1107aa09@group-6A3F1DF3BD93:t2, leader=null, voted=61b4adde-551e-4095-bce8-06739a9df4a2, raftlog=Memoized:2761f105-bad8-4cc1-bdb0-f2de1107aa09@group-6A3F1DF3BD93-SegmentedRaftLog:OPENED:c-1, conf=-1: peers:[93f75986-a2fd-4e1e-8c9d-e124aac8f1f2|rpc:10.1.0.59:37359|priority:0|startupRole:FOLLOWER, 61b4adde-551e-4095-bce8-06739a9df4a2|rpc:10.1.0.59:44441|priority:1|startupRole:FOLLOWER, 2761f105-bad8-4cc1-bdb0-f2de1107aa09|rpc:10.1.0.59:44127|priority:0|startupRole:FOLLOWER]|listeners:[], old=null
2022-11-10 07:16:21,277 [93f75986-a2fd-4e1e-8c9d-e124aac8f1f2@group-6A3F1DF3BD93-FollowerState] INFO  server.RaftServerConfigKeys (ConfUtils.java:logFallback(53)) - raft.server.rpc.first-election.timeout.min = 5s (fallback to raft.server.rpc.timeout.min)
2022-11-10 07:16:21,278 [61b4adde-551e-4095-bce8-06739a9df4a2@group-6A3F1DF3BD93-LeaderElection47] INFO  impl.LeaderElection (LeaderElection.java:logAndReturn(90)) - 61b4adde-551e-4095-bce8-06739a9df4a2@group-6A3F1DF3BD93-LeaderElection47: ELECTION PASSED received 1 response(s) and 0 exception(s):
2022-11-10 07:16:21,278 [93f75986-a2fd-4e1e-8c9d-e124aac8f1f2@group-6A3F1DF3BD93-FollowerState] INFO  server.RaftServerConfigKeys (ConfUtils.java:logFallback(53)) - raft.server.rpc.first-election.timeout.max = 5200ms (fallback to raft.server.rpc.timeout.max)
2022-11-10 07:16:21,278 [61b4adde-551e-4095-bce8-06739a9df4a2@group-6A3F1DF3BD93-LeaderElection47] INFO  impl.LeaderElection (LeaderElection.java:logAndReturn(94)) -   Response 0: 61b4adde-551e-4095-bce8-06739a9df4a2<-2761f105-bad8-4cc1-bdb0-f2de1107aa09#0:OK-t2
2022-11-10 07:16:21,278 [61b4adde-551e-4095-bce8-06739a9df4a2@group-6A3F1DF3BD93-LeaderElection47] INFO  impl.LeaderElection (LeaderElection.java:askForVotes(314)) - 61b4adde-551e-4095-bce8-06739a9df4a2@group-6A3F1DF3BD93-LeaderElection47 ELECTION round 0: result PASSED
2022-11-10 07:16:21,278 [61b4adde-551e-4095-bce8-06739a9df4a2@group-6A3F1DF3BD93-LeaderElection47] INFO  impl.RoleInfo (RoleInfo.java:shutdownLeaderElection(130)) - 61b4adde-551e-4095-bce8-06739a9df4a2: shutdown 61b4adde-551e-4095-bce8-06739a9df4a2@group-6A3F1DF3BD93-LeaderElection47
2022-11-10 07:16:21,278 [61b4adde-551e-4095-bce8-06739a9df4a2@group-6A3F1DF3BD93-LeaderElection47] INFO  server.RaftServer$Division (RaftServerImpl.java:setRole(321)) - 61b4adde-551e-4095-bce8-06739a9df4a2@group-6A3F1DF3BD93: changes role from CANDIDATE to LEADER at term 2 for changeToLeader
2022-11-10 07:16:21,278 [61b4adde-551e-4095-bce8-06739a9df4a2@group-6A3F1DF3BD93-LeaderElection47] INFO  ratis.XceiverServerRatis (XceiverServerRatis.java:handleLeaderChangedNotification(863)) - Leader change notification received for group: group-6A3F1DF3BD93 with new leaderId: 61b4adde-551e-4095-bce8-06739a9df4a2
2022-11-10 07:16:21,278 [61b4adde-551e-4095-bce8-06739a9df4a2@group-6A3F1DF3BD93-LeaderElection47] INFO  server.RaftServer$Division (ServerState.java:setLeader(313)) - 61b4adde-551e-4095-bce8-06739a9df4a2@group-6A3F1DF3BD93: change Leader from null to 61b4adde-551e-4095-bce8-06739a9df4a2 at term 2 for becomeLeader, leader elected after 10066ms
2022-11-10 07:16:21,278 [61b4adde-551e-4095-bce8-06739a9df4a2@group-6A3F1DF3BD93-LeaderElection47] INFO  server.RaftServerConfigKeys (ConfUtils.java:logGet(46)) - raft.server.staging.catchup.gap = 1000 (default)
2022-11-10 07:16:21,279 [61b4adde-551e-4095-bce8-06739a9df4a2@group-6A3F1DF3BD93-LeaderElection47] INFO  server.RaftServerConfigKeys (ConfUtils.java:logGet(46)) - raft.server.write.element-limit = 1024 (custom)
2022-11-10 07:16:21,279 [61b4adde-551e-4095-bce8-06739a9df4a2@group-6A3F1DF3BD93-LeaderElection47] INFO  server.RaftServerConfigKeys (ConfUtils.java:logGet(46)) - raft.server.write.byte-limit = 1024 M (=1073741824) (custom)
2022-11-10 07:16:21,279 [61b4adde-551e-4095-bce8-06739a9df4a2@group-6A3F1DF3BD93-LeaderElection47] INFO  server.RaftServerConfigKeys (ConfUtils.java:logGet(46)) - raft.server.watch.timeout = 180s (custom)
2022-11-10 07:16:21,279 [61b4adde-551e-4095-bce8-06739a9df4a2@group-6A3F1DF3BD93-LeaderElection47] INFO  server.RaftServerConfigKeys (ConfUtils.java:logGet(46)) - raft.server.watch.timeout.denomination = 1s (default)
2022-11-10 07:16:21,279 [61b4adde-551e-4095-bce8-06739a9df4a2@group-6A3F1DF3BD93-LeaderElection47] INFO  server.RaftServerConfigKeys (ConfUtils.java:logGet(46)) - raft.server.watch.element-limit = 65536 (default)
2022-11-10 07:16:21,279 [61b4adde-551e-4095-bce8-06739a9df4a2@group-6A3F1DF3BD93-LeaderElection47] INFO  server.RaftServerConfigKeys (ConfUtils.java:logGet(46)) - raft.server.write.element-limit = 1024 (custom)
2022-11-10 07:16:21,279 [61b4adde-551e-4095-bce8-06739a9df4a2@group-6A3F1DF3BD93-LeaderElection47] INFO  server.RaftServerConfigKeys (ConfUtils.java:logGet(46)) - raft.server.write.follower.gap.ratio.max = -1.0 (default)
2022-11-10 07:16:21,280 [61b4adde-551e-4095-bce8-06739a9df4a2@group-6A3F1DF3BD93-LeaderElection47] INFO  server.RaftServerConfigKeys (ConfUtils.java:logGet(46)) - raft.server.log.appender.snapshot.chunk.size.max = 16MB (=16777216) (default)
2022-11-10 07:16:21,280 [61b4adde-551e-4095-bce8-06739a9df4a2@group-6A3F1DF3BD93-LeaderElection47] INFO  server.RaftServerConfigKeys (ConfUtils.java:logGet(46)) - raft.server.log.appender.buffer.byte-limit = 33554432 (custom)
2022-11-10 07:16:21,280 [61b4adde-551e-4095-bce8-06739a9df4a2@group-6A3F1DF3BD93-LeaderElection47] INFO  server.RaftServerConfigKeys (ConfUtils.java:logGet(46)) - raft.server.log.appender.buffer.element-limit = 1 (custom)
2022-11-10 07:16:21,280 [61b4adde-551e-4095-bce8-06739a9df4a2@group-6A3F1DF3BD93-LeaderElection47] INFO  grpc.GrpcConfigKeys (ConfUtils.java:logGet(46)) - raft.grpc.server.leader.outstanding.appends.max = 128 (default)
2022-11-10 07:16:21,280 [61b4adde-551e-4095-bce8-06739a9df4a2@group-6A3F1DF3BD93-LeaderElection47] INFO  server.RaftServerConfigKeys (ConfUtils.java:logGet(46)) - raft.server.rpc.request.timeout = 60s (custom)
2022-11-10 07:16:21,281 [61b4adde-551e-4095-bce8-06739a9df4a2@group-6A3F1DF3BD93-LeaderElection47] INFO  server.RaftServerConfigKeys (ConfUtils.java:logGet(46)) - raft.server.log.appender.install.snapshot.enabled = false (custom)
2022-11-10 07:16:21,281 [61b4adde-551e-4095-bce8-06739a9df4a2@group-6A3F1DF3BD93-LeaderElection47] INFO  grpc.GrpcConfigKeys (ConfUtils.java:logGet(46)) - raft.grpc.server.heartbeat.channel = true (default)
2022-11-10 07:16:21,281 [61b4adde-551e-4095-bce8-06739a9df4a2@group-6A3F1DF3BD93-LeaderElection47] INFO  server.RaftServerConfigKeys (ConfUtils.java:logGet(46)) - raft.server.log.appender.wait-time.min = 10ms (default)
2022-11-10 07:16:21,281 [EventQueue-PipelineReportForPipelineReportHandler] INFO  pipeline.PipelineManagerImpl (PipelineManagerImpl.java:openPipeline(367)) - Pipeline Pipeline[ Id: 1878dcfb-78e5-4a16-b63f-6a3f1df3bd93, Nodes: 61b4adde-551e-4095-bce8-06739a9df4a2{ip: 10.1.0.59, host: fv-az435-205.hcxxyugg5vdudo0mn2smve0l3g.cx.internal.cloudapp.net, ports: [REPLICATION=40973, RATIS=44441, RATIS_ADMIN=44441, RATIS_SERVER=44441, STANDALONE=36633], networkLocation: /default-rack, certSerialId: null, persistedOpState: IN_SERVICE, persistedOpStateExpiryEpochSec: 0}2761f105-bad8-4cc1-bdb0-f2de1107aa09{ip: 10.1.0.59, host: fv-az435-205.hcxxyugg5vdudo0mn2smve0l3g.cx.internal.cloudapp.net, ports: [REPLICATION=43701, RATIS=44127, RATIS_ADMIN=44127, RATIS_SERVER=44127, STANDALONE=39539], networkLocation: /default-rack, certSerialId: null, persistedOpState: IN_SERVICE, persistedOpStateExpiryEpochSec: 0}93f75986-a2fd-4e1e-8c9d-e124aac8f1f2{ip: 10.1.0.59, host: fv-az435-205.hcxxyugg5vdudo0mn2smve0l3g.cx.internal.cloudapp.net, ports: [REPLICATION=38971, RATIS=37359, RATIS_ADMIN=37359, RATIS_SERVER=37359, STANDALONE=40483], networkLocation: /default-rack, certSerialId: null, persistedOpState: IN_SERVICE, persistedOpStateExpiryEpochSec: 0}, ReplicationConfig: RATIS/THREE, State:ALLOCATED, leaderId:61b4adde-551e-4095-bce8-06739a9df4a2, CreationTimestamp2022-11-10T07:16:08.707Z[Etc/UTC]] moved to OPEN state
2022-11-10 07:16:21,281 [grpc-default-executor-0] INFO  server.RaftServer$Division (RaftServerImpl.java:requestVote(1251)) - 93f75986-a2fd-4e1e-8c9d-e124aac8f1f2@group-6A3F1DF3BD93 replies to ELECTION vote request: 61b4adde-551e-4095-bce8-06739a9df4a2<-93f75986-a2fd-4e1e-8c9d-e124aac8f1f2#0:OK-t2. Peer's state: 93f75986-a2fd-4e1e-8c9d-e124aac8f1f2@group-6A3F1DF3BD93:t2, leader=null, voted=61b4adde-551e-4095-bce8-06739a9df4a2, raftlog=Memoized:93f75986-a2fd-4e1e-8c9d-e124aac8f1f2@group-6A3F1DF3BD93-SegmentedRaftLog:OPENED:c-1, conf=-1: peers:[93f75986-a2fd-4e1e-8c9d-e124aac8f1f2|rpc:10.1.0.59:37359|dataStream:|priority:0|startupRole:FOLLOWER, 61b4adde-551e-4095-bce8-06739a9df4a2|rpc:10.1.0.59:44441|dataStream:|priority:1|startupRole:FOLLOWER, 2761f105-bad8-4cc1-bdb0-f2de1107aa09|rpc:10.1.0.59:44127|dataStream:|priority:0|startupRole:FOLLOWER]|listeners:[], old=null
2022-11-10 07:16:21,284 [EventQueue-OpenPipelineForHealthyPipelineSafeModeRule] INFO  safemode.SCMSafeModeManager (HealthyPipelineSafeModeRule.java:process(137)) - SCM in safe mode. Healthy pipelines reported count is 1, required healthy pipeline reported count is 1
2022-11-10 07:16:21,284 [EventQueue-OpenPipelineForHealthyPipelineSafeModeRule] INFO  safemode.SCMSafeModeManager (SCMSafeModeManager.java:validateSafeModeExitRules(204)) - HealthyPipelineSafeModeRule rule is successfully validated
2022-11-10 07:16:21,284 [EventQueue-OpenPipelineForHealthyPipelineSafeModeRule] INFO  safemode.SCMSafeModeManager (SCMSafeModeManager.java:validateSafeModeExitRules(219)) - ScmSafeModeManager, all rules are successfully validated
2022-11-10 07:16:21,284 [EventQueue-OpenPipelineForHealthyPipelineSafeModeRule] INFO  safemode.SCMSafeModeManager (SCMSafeModeManager.java:exitSafeMode(248)) - SCM exiting safe mode.
2022-11-10 07:16:21,284 [EventQueue-OpenPipelineForHealthyPipelineSafeModeRule] WARN  events.EventQueue (EventQueue.java:fireEvent(216)) - No event handler registered for event TypedEvent{payloadType=SafeModeStatus, name='Safe mode status'}
2022-11-10 07:16:21,284 [EventQueue-OpenPipelineForHealthyPipelineSafeModeRule] INFO  ha.SCMContext (SCMContext.java:updateSafeModeStatus(228)) - Update SafeModeStatus from SafeModeStatus{safeModeStatus=true, preCheckPassed=true} to SafeModeStatus{safeModeStatus=false, preCheckPassed=true}.
2022-11-10 07:16:21,284 [EventQueue-OpenPipelineForHealthyPipelineSafeModeRule] INFO  pipeline.BackgroundPipelineCreator (BackgroundPipelineCreator.java:notifyStatusChanged(254)) - Service BackgroundPipelineCreator transitions to RUNNING.
2022-11-10 07:16:21,284 [EventQueue-OpenPipelineForHealthyPipelineSafeModeRule] INFO  BackgroundPipelineScrubber (BackgroundSCMService.java:notifyStatusChanged(82)) - Service BackgroundPipelineScrubber transitions to RUNNING.
2022-11-10 07:16:21,284 [EventQueue-OpenPipelineForHealthyPipelineSafeModeRule] INFO  ExpiredContainerReplicaOpScrubber (BackgroundSCMService.java:notifyStatusChanged(82)) - Service ExpiredContainerReplicaOpScrubber transitions to RUNNING.
2022-11-10 07:16:21,284 [EventQueue-OpenPipelineForHealthyPipelineSafeModeRule] INFO  replication.ReplicationManager (ReplicationManager.java:notifyStatusChanged(799)) - Service ReplicationManager transitions to RUNNING.
2022-11-10 07:16:21,284 [EventQueue-OpenPipelineForHealthyPipelineSafeModeRule] WARN  balancer.ContainerBalancer (ContainerBalancer.java:shouldRun(131)) - Could not find persisted configuration for ContainerBalancer when checking if ContainerBalancer should run. ContainerBalancer should not run now.
2022-11-10 07:16:21,286 [61b4adde-551e-4095-bce8-06739a9df4a2@group-6A3F1DF3BD93-LeaderElection47] INFO  server.RaftServerConfigKeys (ConfUtils.java:logGet(46)) - raft.server.log.appender.snapshot.chunk.size.max = 16MB (=16777216) (default)
2022-11-10 07:16:21,286 [61b4adde-551e-4095-bce8-06739a9df4a2@group-6A3F1DF3BD93-LeaderElection47] INFO  server.RaftServerConfigKeys (ConfUtils.java:logGet(46)) - raft.server.log.appender.buffer.byte-limit = 33554432 (custom)
2022-11-10 07:16:21,286 [61b4adde-551e-4095-bce8-06739a9df4a2@group-6A3F1DF3BD93-LeaderElection47] INFO  server.RaftServerConfigKeys (ConfUtils.java:logGet(46)) - raft.server.log.appender.buffer.element-limit = 1 (custom)
2022-11-10 07:16:21,286 [61b4adde-551e-4095-bce8-06739a9df4a2@group-6A3F1DF3BD93-LeaderElection47] INFO  grpc.GrpcConfigKeys (ConfUtils.java:logGet(46)) - raft.grpc.server.leader.outstanding.appends.max = 128 (default)
2022-11-10 07:16:21,286 [61b4adde-551e-4095-bce8-06739a9df4a2@group-6A3F1DF3BD93-LeaderElection47] INFO  server.RaftServerConfigKeys (ConfUtils.java:logGet(46)) - raft.server.rpc.request.timeout = 60s (custom)
2022-11-10 07:16:21,286 [61b4adde-551e-4095-bce8-06739a9df4a2@group-6A3F1DF3BD93-LeaderElection47] INFO  server.RaftServerConfigKeys (ConfUtils.java:logGet(46)) - raft.server.log.appender.install.snapshot.enabled = false (custom)
2022-11-10 07:16:21,286 [61b4adde-551e-4095-bce8-06739a9df4a2@group-6A3F1DF3BD93-LeaderElection47] INFO  grpc.GrpcConfigKeys (ConfUtils.java:logGet(46)) - raft.grpc.server.heartbeat.channel = true (default)
2022-11-10 07:16:21,286 [61b4adde-551e-4095-bce8-06739a9df4a2@group-6A3F1DF3BD93-LeaderElection47] INFO  server.RaftServerConfigKeys (ConfUtils.java:logGet(46)) - raft.server.log.appender.wait-time.min = 10ms (default)
2022-11-10 07:16:21,286 [61b4adde-551e-4095-bce8-06739a9df4a2@group-6A3F1DF3BD93-LeaderElection47] INFO  impl.RoleInfo (RoleInfo.java:updateAndGet(139)) - 61b4adde-551e-4095-bce8-06739a9df4a2: start 61b4adde-551e-4095-bce8-06739a9df4a2@group-6A3F1DF3BD93-LeaderStateImpl
2022-11-10 07:16:21,287 [61b4adde-551e-4095-bce8-06739a9df4a2@group-6A3F1DF3BD93-LeaderElection47] INFO  segmented.SegmentedRaftLogWorker (SegmentedRaftLogWorker.java:startLogSegment(452)) - 61b4adde-551e-4095-bce8-06739a9df4a2@group-6A3F1DF3BD93-SegmentedRaftLogWorker: Starting segment from index:0
2022-11-10 07:16:21,288 [61b4adde-551e-4095-bce8-06739a9df4a2@group-6A3F1DF3BD93-SegmentedRaftLogWorker] INFO  segmented.SegmentedRaftLogWorker (SegmentedRaftLogWorker.java:execute(656)) - 61b4adde-551e-4095-bce8-06739a9df4a2@group-6A3F1DF3BD93-SegmentedRaftLogWorker: created new log segment /home/runner/work/ozone/ozone/hadoop-ozone/integration-test/target/test-dir/MiniOzoneClusterImpl-6c329fba-5d84-49d5-96bd-8530b1407181/datanode-5/data/ratis/1878dcfb-78e5-4a16-b63f-6a3f1df3bd93/current/log_inprogress_0
2022-11-10 07:16:21,297 [61b4adde-551e-4095-bce8-06739a9df4a2@group-6A3F1DF3BD93-LeaderElection47] INFO  server.RaftServer$Division (ServerState.java:setRaftConf(430)) - 61b4adde-551e-4095-bce8-06739a9df4a2@group-6A3F1DF3BD93: set configuration 0: peers:[93f75986-a2fd-4e1e-8c9d-e124aac8f1f2|rpc:10.1.0.59:37359|dataStream:|priority:0|startupRole:FOLLOWER, 61b4adde-551e-4095-bce8-06739a9df4a2|rpc:10.1.0.59:44441|dataStream:|priority:1|startupRole:FOLLOWER, 2761f105-bad8-4cc1-bdb0-f2de1107aa09|rpc:10.1.0.59:44127|dataStream:|priority:0|startupRole:FOLLOWER]|listeners:[], old=null
2022-11-10 07:16:21,306 [93f75986-a2fd-4e1e-8c9d-e124aac8f1f2-server-thread1] INFO  ratis.XceiverServerRatis (XceiverServerRatis.java:handleLeaderChangedNotification(863)) - Leader change notification received for group: group-6A3F1DF3BD93 with new leaderId: 61b4adde-551e-4095-bce8-06739a9df4a2
2022-11-10 07:16:21,306 [93f75986-a2fd-4e1e-8c9d-e124aac8f1f2-server-thread1] INFO  server.RaftServer$Division (ServerState.java:setLeader(313)) - 93f75986-a2fd-4e1e-8c9d-e124aac8f1f2@group-6A3F1DF3BD93: change Leader from null to 61b4adde-551e-4095-bce8-06739a9df4a2 at term 2 for appendEntries, leader elected after 10060ms
2022-11-10 07:16:21,306 [2761f105-bad8-4cc1-bdb0-f2de1107aa09-server-thread1] INFO  ratis.XceiverServerRatis (XceiverServerRatis.java:handleLeaderChangedNotification(863)) - Leader change notification received for group: group-6A3F1DF3BD93 with new leaderId: 61b4adde-551e-4095-bce8-06739a9df4a2
2022-11-10 07:16:21,306 [2761f105-bad8-4cc1-bdb0-f2de1107aa09-server-thread1] INFO  server.RaftServer$Division (ServerState.java:setLeader(313)) - 2761f105-bad8-4cc1-bdb0-f2de1107aa09@group-6A3F1DF3BD93: change Leader from null to 61b4adde-551e-4095-bce8-06739a9df4a2 at term 2 for appendEntries, leader elected after 10123ms
2022-11-10 07:16:21,309 [2761f105-bad8-4cc1-bdb0-f2de1107aa09-server-thread1] INFO  server.RaftServer$Division (ServerState.java:setRaftConf(430)) - 2761f105-bad8-4cc1-bdb0-f2de1107aa09@group-6A3F1DF3BD93: set configuration 0: peers:[93f75986-a2fd-4e1e-8c9d-e124aac8f1f2|rpc:10.1.0.59:37359|dataStream:|priority:0|startupRole:FOLLOWER, 61b4adde-551e-4095-bce8-06739a9df4a2|rpc:10.1.0.59:44441|dataStream:|priority:1|startupRole:FOLLOWER, 2761f105-bad8-4cc1-bdb0-f2de1107aa09|rpc:10.1.0.59:44127|dataStream:|priority:0|startupRole:FOLLOWER]|listeners:[], old=null
2022-11-10 07:16:21,309 [2761f105-bad8-4cc1-bdb0-f2de1107aa09-server-thread1] INFO  segmented.SegmentedRaftLogWorker (SegmentedRaftLogWorker.java:startLogSegment(452)) - 2761f105-bad8-4cc1-bdb0-f2de1107aa09@group-6A3F1DF3BD93-SegmentedRaftLogWorker: Starting segment from index:0
2022-11-10 07:16:21,310 [93f75986-a2fd-4e1e-8c9d-e124aac8f1f2-server-thread1] INFO  server.RaftServer$Division (ServerState.java:setRaftConf(430)) - 93f75986-a2fd-4e1e-8c9d-e124aac8f1f2@group-6A3F1DF3BD93: set configuration 0: peers:[93f75986-a2fd-4e1e-8c9d-e124aac8f1f2|rpc:10.1.0.59:37359|dataStream:|priority:0|startupRole:FOLLOWER, 61b4adde-551e-4095-bce8-06739a9df4a2|rpc:10.1.0.59:44441|dataStream:|priority:1|startupRole:FOLLOWER, 2761f105-bad8-4cc1-bdb0-f2de1107aa09|rpc:10.1.0.59:44127|dataStream:|priority:0|startupRole:FOLLOWER]|listeners:[], old=null
2022-11-10 07:16:21,311 [93f75986-a2fd-4e1e-8c9d-e124aac8f1f2-server-thread1] INFO  segmented.SegmentedRaftLogWorker (SegmentedRaftLogWorker.java:startLogSegment(452)) - 93f75986-a2fd-4e1e-8c9d-e124aac8f1f2@group-6A3F1DF3BD93-SegmentedRaftLogWorker: Starting segment from index:0
2022-11-10 07:16:21,311 [2761f105-bad8-4cc1-bdb0-f2de1107aa09@group-6A3F1DF3BD93-SegmentedRaftLogWorker] INFO  segmented.SegmentedRaftLogWorker (SegmentedRaftLogWorker.java:execute(656)) - 2761f105-bad8-4cc1-bdb0-f2de1107aa09@group-6A3F1DF3BD93-SegmentedRaftLogWorker: created new log segment /home/runner/work/ozone/ozone/hadoop-ozone/integration-test/target/test-dir/MiniOzoneClusterImpl-6c329fba-5d84-49d5-96bd-8530b1407181/datanode-3/data/ratis/1878dcfb-78e5-4a16-b63f-6a3f1df3bd93/current/log_inprogress_0
2022-11-10 07:16:21,312 [93f75986-a2fd-4e1e-8c9d-e124aac8f1f2@group-6A3F1DF3BD93-SegmentedRaftLogWorker] INFO  segmented.SegmentedRaftLogWorker (SegmentedRaftLogWorker.java:execute(656)) - 93f75986-a2fd-4e1e-8c9d-e124aac8f1f2@group-6A3F1DF3BD93-SegmentedRaftLogWorker: created new log segment /home/runner/work/ozone/ozone/hadoop-ozone/integration-test/target/test-dir/MiniOzoneClusterImpl-6c329fba-5d84-49d5-96bd-8530b1407181/datanode-4/data/ratis/1878dcfb-78e5-4a16-b63f-6a3f1df3bd93/current/log_inprogress_0
2022-11-10 07:16:21,347 [93f75986-a2fd-4e1e-8c9d-e124aac8f1f2@group-F29BB377DB86-FollowerState] INFO  impl.FollowerState (FollowerState.java:run(143)) - 93f75986-a2fd-4e1e-8c9d-e124aac8f1f2@group-F29BB377DB86-FollowerState: change to CANDIDATE, lastRpcElapsedTime:5137409962ns, electionTimeout:5137ms
2022-11-10 07:16:21,347 [93f75986-a2fd-4e1e-8c9d-e124aac8f1f2@group-F29BB377DB86-FollowerState] INFO  impl.RoleInfo (RoleInfo.java:shutdownFollowerState(110)) - 93f75986-a2fd-4e1e-8c9d-e124aac8f1f2: shutdown 93f75986-a2fd-4e1e-8c9d-e124aac8f1f2@group-F29BB377DB86-FollowerState
2022-11-10 07:16:21,347 [93f75986-a2fd-4e1e-8c9d-e124aac8f1f2@group-F29BB377DB86-FollowerState] INFO  server.RaftServer$Division (RaftServerImpl.java:setRole(321)) - 93f75986-a2fd-4e1e-8c9d-e124aac8f1f2@group-F29BB377DB86: changes role from  FOLLOWER to CANDIDATE at term 1 for changeToCandidate
2022-11-10 07:16:21,348 [93f75986-a2fd-4e1e-8c9d-e124aac8f1f2@group-F29BB377DB86-FollowerState] INFO  server.RaftServerConfigKeys (ConfUtils.java:logGet(46)) - raft.server.leaderelection.pre-vote = false (custom)
2022-11-10 07:16:21,348 [93f75986-a2fd-4e1e-8c9d-e124aac8f1f2@group-F29BB377DB86-FollowerState] INFO  impl.RoleInfo (RoleInfo.java:updateAndGet(139)) - 93f75986-a2fd-4e1e-8c9d-e124aac8f1f2: start 93f75986-a2fd-4e1e-8c9d-e124aac8f1f2@group-F29BB377DB86-LeaderElection48
2022-11-10 07:16:21,349 [93f75986-a2fd-4e1e-8c9d-e124aac8f1f2@group-F29BB377DB86-LeaderElection48] INFO  impl.LeaderElection (LeaderElection.java:askForVotes(312)) - 93f75986-a2fd-4e1e-8c9d-e124aac8f1f2@group-F29BB377DB86-LeaderElection48 ELECTION round 0: submit vote requests at term 2 for -1: peers:[93f75986-a2fd-4e1e-8c9d-e124aac8f1f2|rpc:10.1.0.59:37359|dataStream:|priority:1|startupRole:FOLLOWER, 61b4adde-551e-4095-bce8-06739a9df4a2|rpc:10.1.0.59:44441|dataStream:|priority:0|startupRole:FOLLOWER, 2761f105-bad8-4cc1-bdb0-f2de1107aa09|rpc:10.1.0.59:44127|dataStream:|priority:0|startupRole:FOLLOWER]|listeners:[], old=null
2022-11-10 07:16:21,350 [93f75986-a2fd-4e1e-8c9d-e124aac8f1f2@group-F29BB377DB86-LeaderElection48-1] INFO  server.GrpcServerProtocolClient (GrpcServerProtocolClient.java:<init>(63)) - Build channel for 61b4adde-551e-4095-bce8-06739a9df4a2
2022-11-10 07:16:21,350 [93f75986-a2fd-4e1e-8c9d-e124aac8f1f2@group-F29BB377DB86-LeaderElection48] INFO  server.RaftServerConfigKeys (ConfUtils.java:logFallback(53)) - raft.server.rpc.first-election.timeout.min = 5s (fallback to raft.server.rpc.timeout.min)
2022-11-10 07:16:21,350 [93f75986-a2fd-4e1e-8c9d-e124aac8f1f2@group-F29BB377DB86-LeaderElection48] INFO  server.RaftServerConfigKeys (ConfUtils.java:logFallback(53)) - raft.server.rpc.first-election.timeout.max = 5200ms (fallback to raft.server.rpc.timeout.max)
2022-11-10 07:16:21,350 [93f75986-a2fd-4e1e-8c9d-e124aac8f1f2@group-F29BB377DB86-LeaderElection48-2] INFO  server.GrpcServerProtocolClient (GrpcServerProtocolClient.java:<init>(63)) - Build channel for 2761f105-bad8-4cc1-bdb0-f2de1107aa09
2022-11-10 07:16:21,357 [grpc-default-executor-0] INFO  server.RaftServer$Division (RaftServerImpl.java:requestVote(1218)) - 61b4adde-551e-4095-bce8-06739a9df4a2@group-F29BB377DB86: receive requestVote(ELECTION, 93f75986-a2fd-4e1e-8c9d-e124aac8f1f2, group-F29BB377DB86, 2, (t:0, i:0))
2022-11-10 07:16:21,357 [grpc-default-executor-0] INFO  impl.VoteContext (VoteContext.java:log(48)) - 61b4adde-551e-4095-bce8-06739a9df4a2@group-F29BB377DB86-FOLLOWER: accept ELECTION from 93f75986-a2fd-4e1e-8c9d-e124aac8f1f2: our priority 0 <= candidate's priority 1
2022-11-10 07:16:21,357 [grpc-default-executor-0] INFO  server.RaftServer$Division (RaftServerImpl.java:setRole(321)) - 61b4adde-551e-4095-bce8-06739a9df4a2@group-F29BB377DB86: changes role from  FOLLOWER to FOLLOWER at term 2 for candidate:93f75986-a2fd-4e1e-8c9d-e124aac8f1f2
2022-11-10 07:16:21,357 [grpc-default-executor-0] INFO  impl.RoleInfo (RoleInfo.java:shutdownFollowerState(110)) - 61b4adde-551e-4095-bce8-06739a9df4a2: shutdown 61b4adde-551e-4095-bce8-06739a9df4a2@group-F29BB377DB86-FollowerState
2022-11-10 07:16:21,357 [grpc-default-executor-0] INFO  impl.RoleInfo (RoleInfo.java:updateAndGet(139)) - 61b4adde-551e-4095-bce8-06739a9df4a2: start 61b4adde-551e-4095-bce8-06739a9df4a2@group-F29BB377DB86-FollowerState
2022-11-10 07:16:21,357 [61b4adde-551e-4095-bce8-06739a9df4a2@group-F29BB377DB86-FollowerState] INFO  impl.FollowerState (FollowerState.java:run(152)) - 61b4adde-551e-4095-bce8-06739a9df4a2@group-F29BB377DB86-FollowerState was interrupted
2022-11-10 07:16:21,359 [grpc-default-executor-2] INFO  server.RaftServer$Division (RaftServerImpl.java:requestVote(1218)) - 2761f105-bad8-4cc1-bdb0-f2de1107aa09@group-F29BB377DB86: receive requestVote(ELECTION, 93f75986-a2fd-4e1e-8c9d-e124aac8f1f2, group-F29BB377DB86, 2, (t:0, i:0))
2022-11-10 07:16:21,361 [grpc-default-executor-0] INFO  server.RaftServer$Division (RaftServerImpl.java:requestVote(1251)) - 61b4adde-551e-4095-bce8-06739a9df4a2@group-F29BB377DB86 replies to ELECTION vote request: 93f75986-a2fd-4e1e-8c9d-e124aac8f1f2<-61b4adde-551e-4095-bce8-06739a9df4a2#0:OK-t2. Peer's state: 61b4adde-551e-4095-bce8-06739a9df4a2@group-F29BB377DB86:t2, leader=null, voted=93f75986-a2fd-4e1e-8c9d-e124aac8f1f2, raftlog=Memoized:61b4adde-551e-4095-bce8-06739a9df4a2@group-F29BB377DB86-SegmentedRaftLog:OPENED:c-1, conf=-1: peers:[93f75986-a2fd-4e1e-8c9d-e124aac8f1f2|rpc:10.1.0.59:37359|dataStream:|priority:1|startupRole:FOLLOWER, 61b4adde-551e-4095-bce8-06739a9df4a2|rpc:10.1.0.59:44441|dataStream:|priority:0|startupRole:FOLLOWER, 2761f105-bad8-4cc1-bdb0-f2de1107aa09|rpc:10.1.0.59:44127|dataStream:|priority:0|startupRole:FOLLOWER]|listeners:[], old=null
2022-11-10 07:16:21,361 [61b4adde-551e-4095-bce8-06739a9df4a2@group-F29BB377DB86-FollowerState] INFO  server.RaftServerConfigKeys (ConfUtils.java:logFallback(53)) - raft.server.rpc.first-election.timeout.min = 5s (fallback to raft.server.rpc.timeout.min)
2022-11-10 07:16:21,361 [61b4adde-551e-4095-bce8-06739a9df4a2@group-F29BB377DB86-FollowerState] INFO  server.RaftServerConfigKeys (ConfUtils.java:logFallback(53)) - raft.server.rpc.first-election.timeout.max = 5200ms (fallback to raft.server.rpc.timeout.max)
2022-11-10 07:16:21,362 [grpc-default-executor-2] INFO  impl.VoteContext (VoteContext.java:log(48)) - 2761f105-bad8-4cc1-bdb0-f2de1107aa09@group-F29BB377DB86-FOLLOWER: accept ELECTION from 93f75986-a2fd-4e1e-8c9d-e124aac8f1f2: our priority 0 <= candidate's priority 1
2022-11-10 07:16:21,362 [grpc-default-executor-2] INFO  server.RaftServer$Division (RaftServerImpl.java:setRole(321)) - 2761f105-bad8-4cc1-bdb0-f2de1107aa09@group-F29BB377DB86: changes role from  FOLLOWER to FOLLOWER at term 2 for candidate:93f75986-a2fd-4e1e-8c9d-e124aac8f1f2
2022-11-10 07:16:21,362 [grpc-default-executor-2] INFO  impl.RoleInfo (RoleInfo.java:shutdownFollowerState(110)) - 2761f105-bad8-4cc1-bdb0-f2de1107aa09: shutdown 2761f105-bad8-4cc1-bdb0-f2de1107aa09@group-F29BB377DB86-FollowerState
2022-11-10 07:16:21,362 [grpc-default-executor-2] INFO  impl.RoleInfo (RoleInfo.java:updateAndGet(139)) - 2761f105-bad8-4cc1-bdb0-f2de1107aa09: start 2761f105-bad8-4cc1-bdb0-f2de1107aa09@group-F29BB377DB86-FollowerState
2022-11-10 07:16:21,362 [93f75986-a2fd-4e1e-8c9d-e124aac8f1f2@group-F29BB377DB86-LeaderElection48] INFO  impl.LeaderElection (LeaderElection.java:logAndReturn(90)) - 93f75986-a2fd-4e1e-8c9d-e124aac8f1f2@group-F29BB377DB86-LeaderElection48: ELECTION PASSED received 1 response(s) and 0 exception(s):
2022-11-10 07:16:21,363 [93f75986-a2fd-4e1e-8c9d-e124aac8f1f2@group-F29BB377DB86-LeaderElection48] INFO  impl.LeaderElection (LeaderElection.java:logAndReturn(94)) -   Response 0: 93f75986-a2fd-4e1e-8c9d-e124aac8f1f2<-61b4adde-551e-4095-bce8-06739a9df4a2#0:OK-t2
2022-11-10 07:16:21,362 [2761f105-bad8-4cc1-bdb0-f2de1107aa09@group-F29BB377DB86-FollowerState] INFO  impl.FollowerState (FollowerState.java:run(152)) - 2761f105-bad8-4cc1-bdb0-f2de1107aa09@group-F29BB377DB86-FollowerState was interrupted
2022-11-10 07:16:21,363 [93f75986-a2fd-4e1e-8c9d-e124aac8f1f2@group-F29BB377DB86-LeaderElection48] INFO  impl.LeaderElection (LeaderElection.java:askForVotes(314)) - 93f75986-a2fd-4e1e-8c9d-e124aac8f1f2@group-F29BB377DB86-LeaderElection48 ELECTION round 0: result PASSED
2022-11-10 07:16:21,363 [93f75986-a2fd-4e1e-8c9d-e124aac8f1f2@group-F29BB377DB86-LeaderElection48] INFO  impl.RoleInfo (RoleInfo.java:shutdownLeaderElection(130)) - 93f75986-a2fd-4e1e-8c9d-e124aac8f1f2: shutdown 93f75986-a2fd-4e1e-8c9d-e124aac8f1f2@group-F29BB377DB86-LeaderElection48
2022-11-10 07:16:21,363 [93f75986-a2fd-4e1e-8c9d-e124aac8f1f2@group-F29BB377DB86-LeaderElection48] INFO  server.RaftServer$Division (RaftServerImpl.java:setRole(321)) - 93f75986-a2fd-4e1e-8c9d-e124aac8f1f2@group-F29BB377DB86: changes role from CANDIDATE to LEADER at term 2 for changeToLeader
2022-11-10 07:16:21,363 [93f75986-a2fd-4e1e-8c9d-e124aac8f1f2@group-F29BB377DB86-LeaderElection48] INFO  ratis.XceiverServerRatis (XceiverServerRatis.java:handleLeaderChangedNotification(863)) - Leader change notification received for group: group-F29BB377DB86 with new leaderId: 93f75986-a2fd-4e1e-8c9d-e124aac8f1f2
2022-11-10 07:16:21,363 [93f75986-a2fd-4e1e-8c9d-e124aac8f1f2@group-F29BB377DB86-LeaderElection48] INFO  server.RaftServer$Division (ServerState.java:setLeader(313)) - 93f75986-a2fd-4e1e-8c9d-e124aac8f1f2@group-F29BB377DB86: change Leader from null to 93f75986-a2fd-4e1e-8c9d-e124aac8f1f2 at term 2 for becomeLeader, leader elected after 10222ms
2022-11-10 07:16:21,363 [93f75986-a2fd-4e1e-8c9d-e124aac8f1f2@group-F29BB377DB86-LeaderElection48] INFO  server.RaftServerConfigKeys (ConfUtils.java:logGet(46)) - raft.server.staging.catchup.gap = 1000 (default)
2022-11-10 07:16:21,363 [93f75986-a2fd-4e1e-8c9d-e124aac8f1f2@group-F29BB377DB86-LeaderElection48] INFO  server.RaftServerConfigKeys (ConfUtils.java:logGet(46)) - raft.server.write.element-limit = 1024 (custom)
2022-11-10 07:16:21,363 [93f75986-a2fd-4e1e-8c9d-e124aac8f1f2@group-F29BB377DB86-LeaderElection48] INFO  server.RaftServerConfigKeys (ConfUtils.java:logGet(46)) - raft.server.write.byte-limit = 1024 M (=1073741824) (custom)
2022-11-10 07:16:21,364 [93f75986-a2fd-4e1e-8c9d-e124aac8f1f2@group-F29BB377DB86-LeaderElection48] INFO  server.RaftServerConfigKeys (ConfUtils.java:logGet(46)) - raft.server.watch.timeout = 180s (custom)
2022-11-10 07:16:21,364 [93f75986-a2fd-4e1e-8c9d-e124aac8f1f2@group-F29BB377DB86-LeaderElection48] INFO  server.RaftServerConfigKeys (ConfUtils.java:logGet(46)) - raft.server.watch.timeout.denomination = 1s (default)
2022-11-10 07:16:21,364 [93f75986-a2fd-4e1e-8c9d-e124aac8f1f2@group-F29BB377DB86-LeaderElection48] INFO  server.RaftServerConfigKeys (ConfUtils.java:logGet(46)) - raft.server.watch.element-limit = 65536 (default)
2022-11-10 07:16:21,364 [93f75986-a2fd-4e1e-8c9d-e124aac8f1f2@group-F29BB377DB86-LeaderElection48] INFO  server.RaftServerConfigKeys (ConfUtils.java:logGet(46)) - raft.server.write.element-limit = 1024 (custom)
2022-11-10 07:16:21,364 [93f75986-a2fd-4e1e-8c9d-e124aac8f1f2@group-F29BB377DB86-LeaderElection48] INFO  server.RaftServerConfigKeys (ConfUtils.java:logGet(46)) - raft.server.write.follower.gap.ratio.max = -1.0 (default)
2022-11-10 07:16:21,364 [grpc-default-executor-2] INFO  server.RaftServer$Division (RaftServerImpl.java:requestVote(1251)) - 2761f105-bad8-4cc1-bdb0-f2de1107aa09@group-F29BB377DB86 replies to ELECTION vote request: 93f75986-a2fd-4e1e-8c9d-e124aac8f1f2<-2761f105-bad8-4cc1-bdb0-f2de1107aa09#0:OK-t2. Peer's state: 2761f105-bad8-4cc1-bdb0-f2de1107aa09@group-F29BB377DB86:t2, leader=null, voted=93f75986-a2fd-4e1e-8c9d-e124aac8f1f2, raftlog=Memoized:2761f105-bad8-4cc1-bdb0-f2de1107aa09@group-F29BB377DB86-SegmentedRaftLog:OPENED:c-1, conf=-1: peers:[93f75986-a2fd-4e1e-8c9d-e124aac8f1f2|rpc:10.1.0.59:37359|priority:1|startupRole:FOLLOWER, 61b4adde-551e-4095-bce8-06739a9df4a2|rpc:10.1.0.59:44441|priority:0|startupRole:FOLLOWER, 2761f105-bad8-4cc1-bdb0-f2de1107aa09|rpc:10.1.0.59:44127|priority:0|startupRole:FOLLOWER]|listeners:[], old=null
2022-11-10 07:16:21,365 [93f75986-a2fd-4e1e-8c9d-e124aac8f1f2@group-F29BB377DB86-LeaderElection48] INFO  server.RaftServerConfigKeys (ConfUtils.java:logGet(46)) - raft.server.log.appender.snapshot.chunk.size.max = 16MB (=16777216) (default)
2022-11-10 07:16:21,365 [93f75986-a2fd-4e1e-8c9d-e124aac8f1f2@group-F29BB377DB86-LeaderElection48] INFO  server.RaftServerConfigKeys (ConfUtils.java:logGet(46)) - raft.server.log.appender.buffer.byte-limit = 33554432 (custom)
2022-11-10 07:16:21,365 [93f75986-a2fd-4e1e-8c9d-e124aac8f1f2@group-F29BB377DB86-LeaderElection48] INFO  server.RaftServerConfigKeys (ConfUtils.java:logGet(46)) - raft.server.log.appender.buffer.element-limit = 1 (custom)
2022-11-10 07:16:21,365 [93f75986-a2fd-4e1e-8c9d-e124aac8f1f2@group-F29BB377DB86-LeaderElection48] INFO  grpc.GrpcConfigKeys (ConfUtils.java:logGet(46)) - raft.grpc.server.leader.outstanding.appends.max = 128 (default)
2022-11-10 07:16:21,365 [93f75986-a2fd-4e1e-8c9d-e124aac8f1f2@group-F29BB377DB86-LeaderElection48] INFO  server.RaftServerConfigKeys (ConfUtils.java:logGet(46)) - raft.server.rpc.request.timeout = 60s (custom)
2022-11-10 07:16:21,365 [93f75986-a2fd-4e1e-8c9d-e124aac8f1f2@group-F29BB377DB86-LeaderElection48] INFO  server.RaftServerConfigKeys (ConfUtils.java:logGet(46)) - raft.server.log.appender.install.snapshot.enabled = false (custom)
2022-11-10 07:16:21,365 [93f75986-a2fd-4e1e-8c9d-e124aac8f1f2@group-F29BB377DB86-LeaderElection48] INFO  grpc.GrpcConfigKeys (ConfUtils.java:logGet(46)) - raft.grpc.server.heartbeat.channel = true (default)
2022-11-10 07:16:21,365 [93f75986-a2fd-4e1e-8c9d-e124aac8f1f2@group-F29BB377DB86-LeaderElection48] INFO  server.RaftServerConfigKeys (ConfUtils.java:logGet(46)) - raft.server.log.appender.wait-time.min = 10ms (default)
2022-11-10 07:16:21,368 [93f75986-a2fd-4e1e-8c9d-e124aac8f1f2@group-F29BB377DB86-LeaderElection48] INFO  server.RaftServerConfigKeys (ConfUtils.java:logGet(46)) - raft.server.log.appender.snapshot.chunk.size.max = 16MB (=16777216) (default)
2022-11-10 07:16:21,368 [93f75986-a2fd-4e1e-8c9d-e124aac8f1f2@group-F29BB377DB86-LeaderElection48] INFO  server.RaftServerConfigKeys (ConfUtils.java:logGet(46)) - raft.server.log.appender.buffer.byte-limit = 33554432 (custom)
2022-11-10 07:16:21,368 [93f75986-a2fd-4e1e-8c9d-e124aac8f1f2@group-F29BB377DB86-LeaderElection48] INFO  server.RaftServerConfigKeys (ConfUtils.java:logGet(46)) - raft.server.log.appender.buffer.element-limit = 1 (custom)
2022-11-10 07:16:21,369 [93f75986-a2fd-4e1e-8c9d-e124aac8f1f2@group-F29BB377DB86-LeaderElection48] INFO  grpc.GrpcConfigKeys (ConfUtils.java:logGet(46)) - raft.grpc.server.leader.outstanding.appends.max = 128 (default)
2022-11-10 07:16:21,369 [93f75986-a2fd-4e1e-8c9d-e124aac8f1f2@group-F29BB377DB86-LeaderElection48] INFO  server.RaftServerConfigKeys (ConfUtils.java:logGet(46)) - raft.server.rpc.request.timeout = 60s (custom)
2022-11-10 07:16:21,369 [93f75986-a2fd-4e1e-8c9d-e124aac8f1f2@group-F29BB377DB86-LeaderElection48] INFO  server.RaftServerConfigKeys (ConfUtils.java:logGet(46)) - raft.server.log.appender.install.snapshot.enabled = false (custom)
2022-11-10 07:16:21,369 [93f75986-a2fd-4e1e-8c9d-e124aac8f1f2@group-F29BB377DB86-LeaderElection48] INFO  grpc.GrpcConfigKeys (ConfUtils.java:logGet(46)) - raft.grpc.server.heartbeat.channel = true (default)
2022-11-10 07:16:21,369 [93f75986-a2fd-4e1e-8c9d-e124aac8f1f2@group-F29BB377DB86-LeaderElection48] INFO  server.RaftServerConfigKeys (ConfUtils.java:logGet(46)) - raft.server.log.appender.wait-time.min = 10ms (default)
2022-11-10 07:16:21,369 [93f75986-a2fd-4e1e-8c9d-e124aac8f1f2@group-F29BB377DB86-LeaderElection48] INFO  impl.RoleInfo (RoleInfo.java:updateAndGet(139)) - 93f75986-a2fd-4e1e-8c9d-e124aac8f1f2: start 93f75986-a2fd-4e1e-8c9d-e124aac8f1f2@group-F29BB377DB86-LeaderStateImpl
2022-11-10 07:16:21,369 [93f75986-a2fd-4e1e-8c9d-e124aac8f1f2@group-F29BB377DB86-LeaderElection48] INFO  segmented.SegmentedRaftLogWorker (SegmentedRaftLogWorker.java:startLogSegment(452)) - 93f75986-a2fd-4e1e-8c9d-e124aac8f1f2@group-F29BB377DB86-SegmentedRaftLogWorker: Starting segment from index:0
2022-11-10 07:16:21,371 [93f75986-a2fd-4e1e-8c9d-e124aac8f1f2@group-F29BB377DB86-SegmentedRaftLogWorker] INFO  segmented.SegmentedRaftLogWorker (SegmentedRaftLogWorker.java:execute(656)) - 93f75986-a2fd-4e1e-8c9d-e124aac8f1f2@group-F29BB377DB86-SegmentedRaftLogWorker: created new log segment /home/runner/work/ozone/ozone/hadoop-ozone/integration-test/target/test-dir/MiniOzoneClusterImpl-6c329fba-5d84-49d5-96bd-8530b1407181/datanode-4/data/ratis/8d3d5767-c6f2-4391-89a8-f29bb377db86/current/log_inprogress_0
2022-11-10 07:16:21,371 [93f75986-a2fd-4e1e-8c9d-e124aac8f1f2@group-F29BB377DB86-LeaderElection48] INFO  server.RaftServer$Division (ServerState.java:setRaftConf(430)) - 93f75986-a2fd-4e1e-8c9d-e124aac8f1f2@group-F29BB377DB86: set configuration 0: peers:[93f75986-a2fd-4e1e-8c9d-e124aac8f1f2|rpc:10.1.0.59:37359|dataStream:|priority:1|startupRole:FOLLOWER, 61b4adde-551e-4095-bce8-06739a9df4a2|rpc:10.1.0.59:44441|dataStream:|priority:0|startupRole:FOLLOWER, 2761f105-bad8-4cc1-bdb0-f2de1107aa09|rpc:10.1.0.59:44127|dataStream:|priority:0|startupRole:FOLLOWER]|listeners:[], old=null
2022-11-10 07:16:21,373 [EventQueue-PipelineReportForPipelineReportHandler] INFO  pipeline.PipelineManagerImpl (PipelineManagerImpl.java:openPipeline(367)) - Pipeline Pipeline[ Id: 8d3d5767-c6f2-4391-89a8-f29bb377db86, Nodes: 2761f105-bad8-4cc1-bdb0-f2de1107aa09{ip: 10.1.0.59, host: fv-az435-205.hcxxyugg5vdudo0mn2smve0l3g.cx.internal.cloudapp.net, ports: [REPLICATION=43701, RATIS=44127, RATIS_ADMIN=44127, RATIS_SERVER=44127, STANDALONE=39539], networkLocation: /default-rack, certSerialId: null, persistedOpState: IN_SERVICE, persistedOpStateExpiryEpochSec: 0}93f75986-a2fd-4e1e-8c9d-e124aac8f1f2{ip: 10.1.0.59, host: fv-az435-205.hcxxyugg5vdudo0mn2smve0l3g.cx.internal.cloudapp.net, ports: [REPLICATION=38971, RATIS=37359, RATIS_ADMIN=37359, RATIS_SERVER=37359, STANDALONE=40483], networkLocation: /default-rack, certSerialId: null, persistedOpState: IN_SERVICE, persistedOpStateExpiryEpochSec: 0}61b4adde-551e-4095-bce8-06739a9df4a2{ip: 10.1.0.59, host: fv-az435-205.hcxxyugg5vdudo0mn2smve0l3g.cx.internal.cloudapp.net, ports: [REPLICATION=40973, RATIS=44441, RATIS_ADMIN=44441, RATIS_SERVER=44441, STANDALONE=36633], networkLocation: /default-rack, certSerialId: null, persistedOpState: IN_SERVICE, persistedOpStateExpiryEpochSec: 0}, ReplicationConfig: RATIS/THREE, State:ALLOCATED, leaderId:93f75986-a2fd-4e1e-8c9d-e124aac8f1f2, CreationTimestamp2022-11-10T07:16:08.706Z[Etc/UTC]] moved to OPEN state
2022-11-10 07:16:21,374 [2761f105-bad8-4cc1-bdb0-f2de1107aa09@group-F29BB377DB86-FollowerState] INFO  server.RaftServerConfigKeys (ConfUtils.java:logFallback(53)) - raft.server.rpc.first-election.timeout.min = 5s (fallback to raft.server.rpc.timeout.min)
2022-11-10 07:16:21,374 [2761f105-bad8-4cc1-bdb0-f2de1107aa09@group-F29BB377DB86-FollowerState] INFO  server.RaftServerConfigKeys (ConfUtils.java:logFallback(53)) - raft.server.rpc.first-election.timeout.max = 5200ms (fallback to raft.server.rpc.timeout.max)
2022-11-10 07:16:21,384 [61b4adde-551e-4095-bce8-06739a9df4a2-server-thread1] INFO  ratis.XceiverServerRatis (XceiverServerRatis.java:handleLeaderChangedNotification(863)) - Leader change notification received for group: group-F29BB377DB86 with new leaderId: 93f75986-a2fd-4e1e-8c9d-e124aac8f1f2
2022-11-10 07:16:21,384 [61b4adde-551e-4095-bce8-06739a9df4a2-server-thread1] INFO  server.RaftServer$Division (ServerState.java:setLeader(313)) - 61b4adde-551e-4095-bce8-06739a9df4a2@group-F29BB377DB86: change Leader from null to 93f75986-a2fd-4e1e-8c9d-e124aac8f1f2 at term 2 for appendEntries, leader elected after 10217ms
2022-11-10 07:16:21,388 [61b4adde-551e-4095-bce8-06739a9df4a2-server-thread2] INFO  server.RaftServer$Division (ServerState.java:setRaftConf(430)) - 61b4adde-551e-4095-bce8-06739a9df4a2@group-F29BB377DB86: set configuration 0: peers:[93f75986-a2fd-4e1e-8c9d-e124aac8f1f2|rpc:10.1.0.59:37359|dataStream:|priority:1|startupRole:FOLLOWER, 61b4adde-551e-4095-bce8-06739a9df4a2|rpc:10.1.0.59:44441|dataStream:|priority:0|startupRole:FOLLOWER, 2761f105-bad8-4cc1-bdb0-f2de1107aa09|rpc:10.1.0.59:44127|dataStream:|priority:0|startupRole:FOLLOWER]|listeners:[], old=null
2022-11-10 07:16:21,388 [61b4adde-551e-4095-bce8-06739a9df4a2-server-thread2] INFO  segmented.SegmentedRaftLogWorker (SegmentedRaftLogWorker.java:startLogSegment(452)) - 61b4adde-551e-4095-bce8-06739a9df4a2@group-F29BB377DB86-SegmentedRaftLogWorker: Starting segment from index:0
2022-11-10 07:16:21,390 [61b4adde-551e-4095-bce8-06739a9df4a2@group-F29BB377DB86-SegmentedRaftLogWorker] INFO  segmented.SegmentedRaftLogWorker (SegmentedRaftLogWorker.java:execute(656)) - 61b4adde-551e-4095-bce8-06739a9df4a2@group-F29BB377DB86-SegmentedRaftLogWorker: created new log segment /home/runner/work/ozone/ozone/hadoop-ozone/integration-test/target/test-dir/MiniOzoneClusterImpl-6c329fba-5d84-49d5-96bd-8530b1407181/datanode-5/data/ratis/8d3d5767-c6f2-4391-89a8-f29bb377db86/current/log_inprogress_0
2022-11-10 07:16:21,391 [2761f105-bad8-4cc1-bdb0-f2de1107aa09-server-thread1] INFO  ratis.XceiverServerRatis (XceiverServerRatis.java:handleLeaderChangedNotification(863)) - Leader change notification received for group: group-F29BB377DB86 with new leaderId: 93f75986-a2fd-4e1e-8c9d-e124aac8f1f2
2022-11-10 07:16:21,391 [2761f105-bad8-4cc1-bdb0-f2de1107aa09-server-thread1] INFO  server.RaftServer$Division (ServerState.java:setLeader(313)) - 2761f105-bad8-4cc1-bdb0-f2de1107aa09@group-F29BB377DB86: change Leader from null to 93f75986-a2fd-4e1e-8c9d-e124aac8f1f2 at term 2 for appendEntries, leader elected after 10277ms
2022-11-10 07:16:21,400 [2761f105-bad8-4cc1-bdb0-f2de1107aa09-server-thread2] INFO  server.RaftServer$Division (ServerState.java:setRaftConf(430)) - 2761f105-bad8-4cc1-bdb0-f2de1107aa09@group-F29BB377DB86: set configuration 0: peers:[93f75986-a2fd-4e1e-8c9d-e124aac8f1f2|rpc:10.1.0.59:37359|dataStream:|priority:1|startupRole:FOLLOWER, 61b4adde-551e-4095-bce8-06739a9df4a2|rpc:10.1.0.59:44441|dataStream:|priority:0|startupRole:FOLLOWER, 2761f105-bad8-4cc1-bdb0-f2de1107aa09|rpc:10.1.0.59:44127|dataStream:|priority:0|startupRole:FOLLOWER]|listeners:[], old=null
2022-11-10 07:16:21,400 [2761f105-bad8-4cc1-bdb0-f2de1107aa09-server-thread2] INFO  segmented.SegmentedRaftLogWorker (SegmentedRaftLogWorker.java:startLogSegment(452)) - 2761f105-bad8-4cc1-bdb0-f2de1107aa09@group-F29BB377DB86-SegmentedRaftLogWorker: Starting segment from index:0
2022-11-10 07:16:21,401 [2761f105-bad8-4cc1-bdb0-f2de1107aa09@group-F29BB377DB86-SegmentedRaftLogWorker] INFO  segmented.SegmentedRaftLogWorker (SegmentedRaftLogWorker.java:execute(656)) - 2761f105-bad8-4cc1-bdb0-f2de1107aa09@group-F29BB377DB86-SegmentedRaftLogWorker: created new log segment /home/runner/work/ozone/ozone/hadoop-ozone/integration-test/target/test-dir/MiniOzoneClusterImpl-6c329fba-5d84-49d5-96bd-8530b1407181/datanode-3/data/ratis/8d3d5767-c6f2-4391-89a8-f29bb377db86/current/log_inprogress_0
2022-11-10 07:16:21,712 [Listener at 127.0.0.1/32977] INFO  ozone.MiniOzoneClusterImpl (MiniOzoneClusterImpl.java:lambda$waitForClusterToBeReady$0(216)) - Nodes are ready. Got 6 of 6 DN Heartbeats.
2022-11-10 07:16:21,712 [Listener at 127.0.0.1/32977] INFO  ozone.MiniOzoneClusterImpl (MiniOzoneClusterImpl.java:lambda$waitForClusterToBeReady$0(219)) - Cluster exits safe mode
2022-11-10 07:16:21,712 [Listener at 127.0.0.1/32977] INFO  ozone.MiniOzoneClusterImpl (MiniOzoneClusterImpl.java:lambda$waitForClusterToBeReady$0(221)) - SCM became leader
2022-11-10 07:16:21,713 [Listener at 127.0.0.1/32977] INFO  pipeline.PipelineManagerImpl (PipelineManagerImpl.java:closePipeline(442)) - Pipeline Pipeline[ Id: 1878dcfb-78e5-4a16-b63f-6a3f1df3bd93, Nodes: 61b4adde-551e-4095-bce8-06739a9df4a2{ip: 10.1.0.59, host: fv-az435-205.hcxxyugg5vdudo0mn2smve0l3g.cx.internal.cloudapp.net, ports: [REPLICATION=40973, RATIS=44441, RATIS_ADMIN=44441, RATIS_SERVER=44441, STANDALONE=36633], networkLocation: /default-rack, certSerialId: null, persistedOpState: IN_SERVICE, persistedOpStateExpiryEpochSec: 0}2761f105-bad8-4cc1-bdb0-f2de1107aa09{ip: 10.1.0.59, host: fv-az435-205.hcxxyugg5vdudo0mn2smve0l3g.cx.internal.cloudapp.net, ports: [REPLICATION=43701, RATIS=44127, RATIS_ADMIN=44127, RATIS_SERVER=44127, STANDALONE=39539], networkLocation: /default-rack, certSerialId: null, persistedOpState: IN_SERVICE, persistedOpStateExpiryEpochSec: 0}93f75986-a2fd-4e1e-8c9d-e124aac8f1f2{ip: 10.1.0.59, host: fv-az435-205.hcxxyugg5vdudo0mn2smve0l3g.cx.internal.cloudapp.net, ports: [REPLICATION=38971, RATIS=37359, RATIS_ADMIN=37359, RATIS_SERVER=37359, STANDALONE=40483], networkLocation: /default-rack, certSerialId: null, persistedOpState: IN_SERVICE, persistedOpStateExpiryEpochSec: 0}, ReplicationConfig: RATIS/THREE, State:OPEN, leaderId:61b4adde-551e-4095-bce8-06739a9df4a2, CreationTimestamp2022-11-10T07:16:08.707Z[Etc/UTC]] moved to CLOSED state
2022-11-10 07:16:21,713 [Listener at 127.0.0.1/32977] INFO  pipeline.RatisPipelineProvider (RatisPipelineProvider.java:lambda$close$1(244)) - Send pipeline:PipelineID=1878dcfb-78e5-4a16-b63f-6a3f1df3bd93 close command to datanode 61b4adde-551e-4095-bce8-06739a9df4a2
2022-11-10 07:16:21,713 [Listener at 127.0.0.1/32977] INFO  pipeline.RatisPipelineProvider (RatisPipelineProvider.java:lambda$close$1(244)) - Send pipeline:PipelineID=1878dcfb-78e5-4a16-b63f-6a3f1df3bd93 close command to datanode 2761f105-bad8-4cc1-bdb0-f2de1107aa09
2022-11-10 07:16:21,713 [Listener at 127.0.0.1/32977] INFO  pipeline.RatisPipelineProvider (RatisPipelineProvider.java:lambda$close$1(244)) - Send pipeline:PipelineID=1878dcfb-78e5-4a16-b63f-6a3f1df3bd93 close command to datanode 93f75986-a2fd-4e1e-8c9d-e124aac8f1f2
2022-11-10 07:16:21,715 [Listener at 127.0.0.1/32977] INFO  pipeline.PipelineStateManagerImpl (PipelineStateManagerImpl.java:removePipeline(245)) - Pipeline Pipeline[ Id: 1878dcfb-78e5-4a16-b63f-6a3f1df3bd93, Nodes: 61b4adde-551e-4095-bce8-06739a9df4a2{ip: 10.1.0.59, host: fv-az435-205.hcxxyugg5vdudo0mn2smve0l3g.cx.internal.cloudapp.net, ports: [REPLICATION=40973, RATIS=44441, RATIS_ADMIN=44441, RATIS_SERVER=44441, STANDALONE=36633], networkLocation: /default-rack, certSerialId: null, persistedOpState: IN_SERVICE, persistedOpStateExpiryEpochSec: 0}2761f105-bad8-4cc1-bdb0-f2de1107aa09{ip: 10.1.0.59, host: fv-az435-205.hcxxyugg5vdudo0mn2smve0l3g.cx.internal.cloudapp.net, ports: [REPLICATION=43701, RATIS=44127, RATIS_ADMIN=44127, RATIS_SERVER=44127, STANDALONE=39539], networkLocation: /default-rack, certSerialId: null, persistedOpState: IN_SERVICE, persistedOpStateExpiryEpochSec: 0}93f75986-a2fd-4e1e-8c9d-e124aac8f1f2{ip: 10.1.0.59, host: fv-az435-205.hcxxyugg5vdudo0mn2smve0l3g.cx.internal.cloudapp.net, ports: [REPLICATION=38971, RATIS=37359, RATIS_ADMIN=37359, RATIS_SERVER=37359, STANDALONE=40483], networkLocation: /default-rack, certSerialId: null, persistedOpState: IN_SERVICE, persistedOpStateExpiryEpochSec: 0}, ReplicationConfig: RATIS/THREE, State:CLOSED, leaderId:61b4adde-551e-4095-bce8-06739a9df4a2, CreationTimestamp2022-11-10T07:16:08.707Z[Etc/UTC]] removed.
2022-11-10 07:16:21,715 [Listener at 127.0.0.1/32977] INFO  pipeline.PipelineManagerImpl (PipelineManagerImpl.java:closePipeline(442)) - Pipeline Pipeline[ Id: 8d3d5767-c6f2-4391-89a8-f29bb377db86, Nodes: 2761f105-bad8-4cc1-bdb0-f2de1107aa09{ip: 10.1.0.59, host: fv-az435-205.hcxxyugg5vdudo0mn2smve0l3g.cx.internal.cloudapp.net, ports: [REPLICATION=43701, RATIS=44127, RATIS_ADMIN=44127, RATIS_SERVER=44127, STANDALONE=39539], networkLocation: /default-rack, certSerialId: null, persistedOpState: IN_SERVICE, persistedOpStateExpiryEpochSec: 0}93f75986-a2fd-4e1e-8c9d-e124aac8f1f2{ip: 10.1.0.59, host: fv-az435-205.hcxxyugg5vdudo0mn2smve0l3g.cx.internal.cloudapp.net, ports: [REPLICATION=38971, RATIS=37359, RATIS_ADMIN=37359, RATIS_SERVER=37359, STANDALONE=40483], networkLocation: /default-rack, certSerialId: null, persistedOpState: IN_SERVICE, persistedOpStateExpiryEpochSec: 0}61b4adde-551e-4095-bce8-06739a9df4a2{ip: 10.1.0.59, host: fv-az435-205.hcxxyugg5vdudo0mn2smve0l3g.cx.internal.cloudapp.net, ports: [REPLICATION=40973, RATIS=44441, RATIS_ADMIN=44441, RATIS_SERVER=44441, STANDALONE=36633], networkLocation: /default-rack, certSerialId: null, persistedOpState: IN_SERVICE, persistedOpStateExpiryEpochSec: 0}, ReplicationConfig: RATIS/THREE, State:OPEN, leaderId:93f75986-a2fd-4e1e-8c9d-e124aac8f1f2, CreationTimestamp2022-11-10T07:16:08.706Z[Etc/UTC]] moved to CLOSED state
2022-11-10 07:16:21,715 [Listener at 127.0.0.1/32977] INFO  pipeline.RatisPipelineProvider (RatisPipelineProvider.java:lambda$close$1(244)) - Send pipeline:PipelineID=8d3d5767-c6f2-4391-89a8-f29bb377db86 close command to datanode 2761f105-bad8-4cc1-bdb0-f2de1107aa09
2022-11-10 07:16:21,716 [Listener at 127.0.0.1/32977] INFO  pipeline.RatisPipelineProvider (RatisPipelineProvider.java:lambda$close$1(244)) - Send pipeline:PipelineID=8d3d5767-c6f2-4391-89a8-f29bb377db86 close command to datanode 93f75986-a2fd-4e1e-8c9d-e124aac8f1f2
2022-11-10 07:16:21,716 [Listener at 127.0.0.1/32977] INFO  pipeline.RatisPipelineProvider (RatisPipelineProvider.java:lambda$close$1(244)) - Send pipeline:PipelineID=8d3d5767-c6f2-4391-89a8-f29bb377db86 close command to datanode 61b4adde-551e-4095-bce8-06739a9df4a2
2022-11-10 07:16:21,716 [Listener at 127.0.0.1/32977] INFO  pipeline.PipelineStateManagerImpl (PipelineStateManagerImpl.java:removePipeline(245)) - Pipeline Pipeline[ Id: 8d3d5767-c6f2-4391-89a8-f29bb377db86, Nodes: 2761f105-bad8-4cc1-bdb0-f2de1107aa09{ip: 10.1.0.59, host: fv-az435-205.hcxxyugg5vdudo0mn2smve0l3g.cx.internal.cloudapp.net, ports: [REPLICATION=43701, RATIS=44127, RATIS_ADMIN=44127, RATIS_SERVER=44127, STANDALONE=39539], networkLocation: /default-rack, certSerialId: null, persistedOpState: IN_SERVICE, persistedOpStateExpiryEpochSec: 0}93f75986-a2fd-4e1e-8c9d-e124aac8f1f2{ip: 10.1.0.59, host: fv-az435-205.hcxxyugg5vdudo0mn2smve0l3g.cx.internal.cloudapp.net, ports: [REPLICATION=38971, RATIS=37359, RATIS_ADMIN=37359, RATIS_SERVER=37359, STANDALONE=40483], networkLocation: /default-rack, certSerialId: null, persistedOpState: IN_SERVICE, persistedOpStateExpiryEpochSec: 0}61b4adde-551e-4095-bce8-06739a9df4a2{ip: 10.1.0.59, host: fv-az435-205.hcxxyugg5vdudo0mn2smve0l3g.cx.internal.cloudapp.net, ports: [REPLICATION=40973, RATIS=44441, RATIS_ADMIN=44441, RATIS_SERVER=44441, STANDALONE=36633], networkLocation: /default-rack, certSerialId: null, persistedOpState: IN_SERVICE, persistedOpStateExpiryEpochSec: 0}, ReplicationConfig: RATIS/THREE, State:CLOSED, leaderId:93f75986-a2fd-4e1e-8c9d-e124aac8f1f2, CreationTimestamp2022-11-10T07:16:08.706Z[Etc/UTC]] removed.
2022-11-10 07:16:24,191 [Command processor thread] INFO  server.RaftServer (RaftServerProxy.java:remove(107)) - 2761f105-bad8-4cc1-bdb0-f2de1107aa09: remove  FOLLOWER 2761f105-bad8-4cc1-bdb0-f2de1107aa09@group-6A3F1DF3BD93:t2, leader=61b4adde-551e-4095-bce8-06739a9df4a2, voted=61b4adde-551e-4095-bce8-06739a9df4a2, raftlog=Memoized:2761f105-bad8-4cc1-bdb0-f2de1107aa09@group-6A3F1DF3BD93-SegmentedRaftLog:OPENED:c0, conf=0: peers:[93f75986-a2fd-4e1e-8c9d-e124aac8f1f2|rpc:10.1.0.59:37359|dataStream:|priority:0|startupRole:FOLLOWER, 61b4adde-551e-4095-bce8-06739a9df4a2|rpc:10.1.0.59:44441|dataStream:|priority:1|startupRole:FOLLOWER, 2761f105-bad8-4cc1-bdb0-f2de1107aa09|rpc:10.1.0.59:44127|dataStream:|priority:0|startupRole:FOLLOWER]|listeners:[], old=null RUNNING
2022-11-10 07:16:24,191 [Command processor thread] INFO  server.RaftServer$Division (RaftServerImpl.java:lambda$close$4(458)) - 2761f105-bad8-4cc1-bdb0-f2de1107aa09@group-6A3F1DF3BD93: shutdown
2022-11-10 07:16:24,191 [Command processor thread] INFO  util.JmxRegister (JmxRegister.java:unregister(73)) - Successfully un-registered JMX Bean with object name Ratis:service=RaftServer,group=group-6A3F1DF3BD93,id=2761f105-bad8-4cc1-bdb0-f2de1107aa09
2022-11-10 07:16:24,192 [Command processor thread] INFO  impl.RoleInfo (RoleInfo.java:shutdownFollowerState(110)) - 2761f105-bad8-4cc1-bdb0-f2de1107aa09: shutdown 2761f105-bad8-4cc1-bdb0-f2de1107aa09@group-6A3F1DF3BD93-FollowerState
2022-11-10 07:16:24,192 [Command processor thread] INFO  impl.StateMachineUpdater (StateMachineUpdater.java:stopAndJoin(153)) - 2761f105-bad8-4cc1-bdb0-f2de1107aa09@group-6A3F1DF3BD93-StateMachineUpdater: set stopIndex = 0
2022-11-10 07:16:24,192 [2761f105-bad8-4cc1-bdb0-f2de1107aa09@group-6A3F1DF3BD93-FollowerState] INFO  impl.FollowerState (FollowerState.java:run(152)) - 2761f105-bad8-4cc1-bdb0-f2de1107aa09@group-6A3F1DF3BD93-FollowerState was interrupted
2022-11-10 07:16:24,193 [2761f105-bad8-4cc1-bdb0-f2de1107aa09@group-6A3F1DF3BD93-StateMachineUpdater] INFO  ratis.ContainerStateMachine (ContainerStateMachine.java:takeSnapshot(304)) - group-6A3F1DF3BD93: Taking a snapshot at:(t:2, i:0) file /home/runner/work/ozone/ozone/hadoop-ozone/integration-test/target/test-dir/MiniOzoneClusterImpl-6c329fba-5d84-49d5-96bd-8530b1407181/datanode-3/data/ratis/1878dcfb-78e5-4a16-b63f-6a3f1df3bd93/sm/snapshot.2_0
2022-11-10 07:16:24,194 [2761f105-bad8-4cc1-bdb0-f2de1107aa09@group-6A3F1DF3BD93-StateMachineUpdater] INFO  ratis.ContainerStateMachine (ContainerStateMachine.java:takeSnapshot(315)) - group-6A3F1DF3BD93: Finished taking a snapshot at:(t:2, i:0) file:/home/runner/work/ozone/ozone/hadoop-ozone/integration-test/target/test-dir/MiniOzoneClusterImpl-6c329fba-5d84-49d5-96bd-8530b1407181/datanode-3/data/ratis/1878dcfb-78e5-4a16-b63f-6a3f1df3bd93/sm/snapshot.2_0 took: 1 ms
2022-11-10 07:16:24,194 [2761f105-bad8-4cc1-bdb0-f2de1107aa09@group-6A3F1DF3BD93-StateMachineUpdater] INFO  impl.StateMachineUpdater (StateMachineUpdater.java:takeSnapshot(287)) - 2761f105-bad8-4cc1-bdb0-f2de1107aa09@group-6A3F1DF3BD93-StateMachineUpdater: Took a snapshot at index 0
2022-11-10 07:16:24,194 [2761f105-bad8-4cc1-bdb0-f2de1107aa09@group-6A3F1DF3BD93-StateMachineUpdater] INFO  impl.StateMachineUpdater (StateMachineUpdater.java:lambda$new$0(92)) - 2761f105-bad8-4cc1-bdb0-f2de1107aa09@group-6A3F1DF3BD93-StateMachineUpdater: snapshotIndex: updateIncreasingly -1 -> 0
2022-11-10 07:16:24,195 [Command processor thread] INFO  server.RaftServer$Division (ServerState.java:close(466)) - 2761f105-bad8-4cc1-bdb0-f2de1107aa09@group-6A3F1DF3BD93: closes. applyIndex: 0
2022-11-10 07:16:24,195 [2761f105-bad8-4cc1-bdb0-f2de1107aa09@group-6A3F1DF3BD93-SegmentedRaftLogWorker] INFO  segmented.SegmentedRaftLogWorker (SegmentedRaftLogWorker.java:run(345)) - 2761f105-bad8-4cc1-bdb0-f2de1107aa09@group-6A3F1DF3BD93-SegmentedRaftLogWorker was interrupted, exiting. There are 0 tasks remaining in the queue.
2022-11-10 07:16:24,197 [Command processor thread] INFO  segmented.SegmentedRaftLogWorker (SegmentedRaftLogWorker.java:close(255)) - 2761f105-bad8-4cc1-bdb0-f2de1107aa09@group-6A3F1DF3BD93-SegmentedRaftLogWorker close()
2022-11-10 07:16:24,199 [Command processor thread] INFO  server.RaftServer$Division (RaftServerImpl.java:groupRemove(428)) - 2761f105-bad8-4cc1-bdb0-f2de1107aa09@group-6A3F1DF3BD93: Succeed to remove RaftStorageDirectory Storage Directory /home/runner/work/ozone/ozone/hadoop-ozone/integration-test/target/test-dir/MiniOzoneClusterImpl-6c329fba-5d84-49d5-96bd-8530b1407181/datanode-3/data/ratis/1878dcfb-78e5-4a16-b63f-6a3f1df3bd93
2022-11-10 07:16:24,199 [Command processor thread] INFO  commandhandler.ClosePipelineCommandHandler (ClosePipelineCommandHandler.java:handle(78)) - Close Pipeline PipelineID=1878dcfb-78e5-4a16-b63f-6a3f1df3bd93 command on datanode 2761f105-bad8-4cc1-bdb0-f2de1107aa09.
2022-11-10 07:16:24,199 [Command processor thread] INFO  server.RaftServer (RaftServerProxy.java:remove(107)) - 2761f105-bad8-4cc1-bdb0-f2de1107aa09: remove  FOLLOWER 2761f105-bad8-4cc1-bdb0-f2de1107aa09@group-F29BB377DB86:t2, leader=93f75986-a2fd-4e1e-8c9d-e124aac8f1f2, voted=93f75986-a2fd-4e1e-8c9d-e124aac8f1f2, raftlog=Memoized:2761f105-bad8-4cc1-bdb0-f2de1107aa09@group-F29BB377DB86-SegmentedRaftLog:OPENED:c0, conf=0: peers:[93f75986-a2fd-4e1e-8c9d-e124aac8f1f2|rpc:10.1.0.59:37359|dataStream:|priority:1|startupRole:FOLLOWER, 61b4adde-551e-4095-bce8-06739a9df4a2|rpc:10.1.0.59:44441|dataStream:|priority:0|startupRole:FOLLOWER, 2761f105-bad8-4cc1-bdb0-f2de1107aa09|rpc:10.1.0.59:44127|dataStream:|priority:0|startupRole:FOLLOWER]|listeners:[], old=null RUNNING
2022-11-10 07:16:24,199 [Command processor thread] INFO  server.RaftServer$Division (RaftServerImpl.java:lambda$close$4(458)) - 2761f105-bad8-4cc1-bdb0-f2de1107aa09@group-F29BB377DB86: shutdown
2022-11-10 07:16:24,200 [Command processor thread] INFO  util.JmxRegister (JmxRegister.java:unregister(73)) - Successfully un-registered JMX Bean with object name Ratis:service=RaftServer,group=group-F29BB377DB86,id=2761f105-bad8-4cc1-bdb0-f2de1107aa09
2022-11-10 07:16:24,200 [Command processor thread] INFO  impl.RoleInfo (RoleInfo.java:shutdownFollowerState(110)) - 2761f105-bad8-4cc1-bdb0-f2de1107aa09: shutdown 2761f105-bad8-4cc1-bdb0-f2de1107aa09@group-F29BB377DB86-FollowerState
2022-11-10 07:16:24,200 [2761f105-bad8-4cc1-bdb0-f2de1107aa09@group-F29BB377DB86-FollowerState] INFO  impl.FollowerState (FollowerState.java:run(152)) - 2761f105-bad8-4cc1-bdb0-f2de1107aa09@group-F29BB377DB86-FollowerState was interrupted
2022-11-10 07:16:24,200 [2761f105-bad8-4cc1-bdb0-f2de1107aa09@group-F29BB377DB86-StateMachineUpdater] INFO  ratis.ContainerStateMachine (ContainerStateMachine.java:takeSnapshot(304)) - group-F29BB377DB86: Taking a snapshot at:(t:2, i:0) file /home/runner/work/ozone/ozone/hadoop-ozone/integration-test/target/test-dir/MiniOzoneClusterImpl-6c329fba-5d84-49d5-96bd-8530b1407181/datanode-3/data/ratis/8d3d5767-c6f2-4391-89a8-f29bb377db86/sm/snapshot.2_0
2022-11-10 07:16:24,200 [Command processor thread] INFO  impl.StateMachineUpdater (StateMachineUpdater.java:stopAndJoin(153)) - 2761f105-bad8-4cc1-bdb0-f2de1107aa09@group-F29BB377DB86-StateMachineUpdater: set stopIndex = 0
2022-11-10 07:16:24,201 [2761f105-bad8-4cc1-bdb0-f2de1107aa09@group-F29BB377DB86-StateMachineUpdater] INFO  ratis.ContainerStateMachine (ContainerStateMachine.java:takeSnapshot(315)) - group-F29BB377DB86: Finished taking a snapshot at:(t:2, i:0) file:/home/runner/work/ozone/ozone/hadoop-ozone/integration-test/target/test-dir/MiniOzoneClusterImpl-6c329fba-5d84-49d5-96bd-8530b1407181/datanode-3/data/ratis/8d3d5767-c6f2-4391-89a8-f29bb377db86/sm/snapshot.2_0 took: 0 ms
2022-11-10 07:16:24,201 [2761f105-bad8-4cc1-bdb0-f2de1107aa09@group-F29BB377DB86-StateMachineUpdater] INFO  impl.StateMachineUpdater (StateMachineUpdater.java:takeSnapshot(287)) - 2761f105-bad8-4cc1-bdb0-f2de1107aa09@group-F29BB377DB86-StateMachineUpdater: Took a snapshot at index 0
2022-11-10 07:16:24,201 [2761f105-bad8-4cc1-bdb0-f2de1107aa09@group-F29BB377DB86-StateMachineUpdater] INFO  impl.StateMachineUpdater (StateMachineUpdater.java:lambda$new$0(92)) - 2761f105-bad8-4cc1-bdb0-f2de1107aa09@group-F29BB377DB86-StateMachineUpdater: snapshotIndex: updateIncreasingly -1 -> 0
2022-11-10 07:16:24,201 [Command processor thread] INFO  server.RaftServer$Division (ServerState.java:close(466)) - 2761f105-bad8-4cc1-bdb0-f2de1107aa09@group-F29BB377DB86: closes. applyIndex: 0
2022-11-10 07:16:24,202 [2761f105-bad8-4cc1-bdb0-f2de1107aa09@group-F29BB377DB86-SegmentedRaftLogWorker] INFO  segmented.SegmentedRaftLogWorker (SegmentedRaftLogWorker.java:run(345)) - 2761f105-bad8-4cc1-bdb0-f2de1107aa09@group-F29BB377DB86-SegmentedRaftLogWorker was interrupted, exiting. There are 0 tasks remaining in the queue.
2022-11-10 07:16:24,204 [Command processor thread] INFO  segmented.SegmentedRaftLogWorker (SegmentedRaftLogWorker.java:close(255)) - 2761f105-bad8-4cc1-bdb0-f2de1107aa09@group-F29BB377DB86-SegmentedRaftLogWorker close()
2022-11-10 07:16:24,206 [Command processor thread] INFO  server.RaftServer$Division (RaftServerImpl.java:groupRemove(428)) - 2761f105-bad8-4cc1-bdb0-f2de1107aa09@group-F29BB377DB86: Succeed to remove RaftStorageDirectory Storage Directory /home/runner/work/ozone/ozone/hadoop-ozone/integration-test/target/test-dir/MiniOzoneClusterImpl-6c329fba-5d84-49d5-96bd-8530b1407181/datanode-3/data/ratis/8d3d5767-c6f2-4391-89a8-f29bb377db86
2022-11-10 07:16:24,206 [Command processor thread] INFO  commandhandler.ClosePipelineCommandHandler (ClosePipelineCommandHandler.java:handle(78)) - Close Pipeline PipelineID=8d3d5767-c6f2-4391-89a8-f29bb377db86 command on datanode 2761f105-bad8-4cc1-bdb0-f2de1107aa09.
2022-11-10 07:16:24,278 [Command processor thread] INFO  server.RaftServer (RaftServerProxy.java:remove(107)) - 61b4adde-551e-4095-bce8-06739a9df4a2: remove    LEADER 61b4adde-551e-4095-bce8-06739a9df4a2@group-6A3F1DF3BD93:t2, leader=61b4adde-551e-4095-bce8-06739a9df4a2, voted=61b4adde-551e-4095-bce8-06739a9df4a2, raftlog=Memoized:61b4adde-551e-4095-bce8-06739a9df4a2@group-6A3F1DF3BD93-SegmentedRaftLog:OPENED:c0, conf=0: peers:[93f75986-a2fd-4e1e-8c9d-e124aac8f1f2|rpc:10.1.0.59:37359|dataStream:|priority:0|startupRole:FOLLOWER, 61b4adde-551e-4095-bce8-06739a9df4a2|rpc:10.1.0.59:44441|dataStream:|priority:1|startupRole:FOLLOWER, 2761f105-bad8-4cc1-bdb0-f2de1107aa09|rpc:10.1.0.59:44127|dataStream:|priority:0|startupRole:FOLLOWER]|listeners:[], old=null RUNNING
2022-11-10 07:16:24,278 [Command processor thread] INFO  server.RaftServer$Division (RaftServerImpl.java:lambda$close$4(458)) - 61b4adde-551e-4095-bce8-06739a9df4a2@group-6A3F1DF3BD93: shutdown
2022-11-10 07:16:24,278 [Command processor thread] INFO  util.JmxRegister (JmxRegister.java:unregister(73)) - Successfully un-registered JMX Bean with object name Ratis:service=RaftServer,group=group-6A3F1DF3BD93,id=61b4adde-551e-4095-bce8-06739a9df4a2
2022-11-10 07:16:24,278 [Command processor thread] INFO  impl.RoleInfo (RoleInfo.java:shutdownLeaderState(93)) - 61b4adde-551e-4095-bce8-06739a9df4a2: shutdown 61b4adde-551e-4095-bce8-06739a9df4a2@group-6A3F1DF3BD93-LeaderStateImpl
2022-11-10 07:16:24,278 [61b4adde-551e-4095-bce8-06739a9df4a2@group-6A3F1DF3BD93->93f75986-a2fd-4e1e-8c9d-e124aac8f1f2-GrpcLogAppender-LogAppenderDaemon] WARN  server.GrpcLogAppender (GrpcLogAppender.java:mayWait(200)) - 61b4adde-551e-4095-bce8-06739a9df4a2@group-6A3F1DF3BD93->93f75986-a2fd-4e1e-8c9d-e124aac8f1f2-GrpcLogAppender: Wait interrupted by java.lang.InterruptedException
2022-11-10 07:16:24,278 [61b4adde-551e-4095-bce8-06739a9df4a2@group-6A3F1DF3BD93->2761f105-bad8-4cc1-bdb0-f2de1107aa09-GrpcLogAppender-LogAppenderDaemon] WARN  server.GrpcLogAppender (GrpcLogAppender.java:mayWait(200)) - 61b4adde-551e-4095-bce8-06739a9df4a2@group-6A3F1DF3BD93->2761f105-bad8-4cc1-bdb0-f2de1107aa09-GrpcLogAppender: Wait interrupted by java.lang.InterruptedException
2022-11-10 07:16:24,279 [grpc-default-executor-4] INFO  server.GrpcServerProtocolService (GrpcServerProtocolService.java:onCompleted(145)) - 93f75986-a2fd-4e1e-8c9d-e124aac8f1f2: Completed APPEND_ENTRIES, lastRequest: null
2022-11-10 07:16:24,280 [grpc-default-executor-1] INFO  server.GrpcServerProtocolService (GrpcServerProtocolService.java:onCompleted(145)) - 93f75986-a2fd-4e1e-8c9d-e124aac8f1f2: Completed APPEND_ENTRIES, lastRequest: 61b4adde-551e-4095-bce8-06739a9df4a2->93f75986-a2fd-4e1e-8c9d-e124aac8f1f2#1-t2,previous=(t:0, i:0),leaderCommit=0,initializing? true,entries: size=1, first=(t:2, i:0), CONFIGURATIONENTRY(current:id: "93f75986-a2fd-4e1e-8c9d-e124aac8f1f2"
address: "10.1.0.59:37359"
clientAddress: "10.1.0.59:37359"
adminAddress: "10.1.0.59:37359"
startupRole: FOLLOWER
,id: "61b4adde-551e-4095-bce8-06739a9df4a2"
address: "10.1.0.59:44441"
priority: 1
clientAddress: "10.1.0.59:44441"
adminAddress: "10.1.0.59:44441"
startupRole: FOLLOWER
,id: "2761f105-bad8-4cc1-bdb0-f2de1107aa09"
address: "10.1.0.59:44127"
clientAddress: "10.1.0.59:44127"
adminAddress: "10.1.0.59:44127"
startupRole: FOLLOWER
, old:)
2022-11-10 07:16:24,278 [Command processor thread] INFO  impl.PendingRequests (PendingRequests.java:sendNotLeaderResponses(282)) - 61b4adde-551e-4095-bce8-06739a9df4a2@group-6A3F1DF3BD93-PendingRequests: sendNotLeaderResponses
2022-11-10 07:16:24,280 [grpc-default-executor-0] INFO  server.GrpcServerProtocolService (GrpcServerProtocolService.java:onCompleted(145)) - 2761f105-bad8-4cc1-bdb0-f2de1107aa09: Completed APPEND_ENTRIES, lastRequest: 61b4adde-551e-4095-bce8-06739a9df4a2->2761f105-bad8-4cc1-bdb0-f2de1107aa09#1-t2,previous=(t:0, i:0),leaderCommit=0,initializing? true,entries: size=1, first=(t:2, i:0), CONFIGURATIONENTRY(current:id: "93f75986-a2fd-4e1e-8c9d-e124aac8f1f2"
address: "10.1.0.59:37359"
clientAddress: "10.1.0.59:37359"
adminAddress: "10.1.0.59:37359"
startupRole: FOLLOWER
,id: "61b4adde-551e-4095-bce8-06739a9df4a2"
address: "10.1.0.59:44441"
priority: 1
clientAddress: "10.1.0.59:44441"
adminAddress: "10.1.0.59:44441"
startupRole: FOLLOWER
,id: "2761f105-bad8-4cc1-bdb0-f2de1107aa09"
address: "10.1.0.59:44127"
clientAddress: "10.1.0.59:44127"
adminAddress: "10.1.0.59:44127"
startupRole: FOLLOWER
, old:)
2022-11-10 07:16:24,280 [grpc-default-executor-2] INFO  server.GrpcServerProtocolService (GrpcServerProtocolService.java:onCompleted(145)) - 2761f105-bad8-4cc1-bdb0-f2de1107aa09: Completed APPEND_ENTRIES, lastRequest: null
2022-11-10 07:16:24,280 [grpc-default-executor-2] INFO  server.GrpcLogAppender (GrpcLogAppender.java:onCompleted(415)) - 61b4adde-551e-4095-bce8-06739a9df4a2@group-6A3F1DF3BD93->93f75986-a2fd-4e1e-8c9d-e124aac8f1f2-AppendLogResponseHandler: follower responses appendEntries COMPLETED
2022-11-10 07:16:24,280 [grpc-default-executor-2] INFO  leader.FollowerInfo (FollowerInfoImpl.java:lambda$new$0(48)) - 61b4adde-551e-4095-bce8-06739a9df4a2@group-6A3F1DF3BD93->93f75986-a2fd-4e1e-8c9d-e124aac8f1f2: nextIndex: updateUnconditionally 1 -> 0
2022-11-10 07:16:24,281 [grpc-default-executor-1] INFO  server.GrpcLogAppender (GrpcLogAppender.java:onCompleted(415)) - 61b4adde-551e-4095-bce8-06739a9df4a2@group-6A3F1DF3BD93->93f75986-a2fd-4e1e-8c9d-e124aac8f1f2-AppendLogResponseHandler: follower responses appendEntries COMPLETED
2022-11-10 07:16:24,281 [grpc-default-executor-1] INFO  leader.FollowerInfo (FollowerInfoImpl.java:lambda$new$0(48)) - 61b4adde-551e-4095-bce8-06739a9df4a2@group-6A3F1DF3BD93->93f75986-a2fd-4e1e-8c9d-e124aac8f1f2: nextIndex: updateUnconditionally 0 -> 0
2022-11-10 07:16:24,281 [grpc-default-executor-2] INFO  server.GrpcLogAppender (GrpcLogAppender.java:onCompleted(415)) - 61b4adde-551e-4095-bce8-06739a9df4a2@group-6A3F1DF3BD93->2761f105-bad8-4cc1-bdb0-f2de1107aa09-AppendLogResponseHandler: follower responses appendEntries COMPLETED
2022-11-10 07:16:24,281 [grpc-default-executor-2] INFO  leader.FollowerInfo (FollowerInfoImpl.java:lambda$new$0(48)) - 61b4adde-551e-4095-bce8-06739a9df4a2@group-6A3F1DF3BD93->2761f105-bad8-4cc1-bdb0-f2de1107aa09: nextIndex: updateUnconditionally 1 -> 0
2022-11-10 07:16:24,281 [Command processor thread] INFO  impl.StateMachineUpdater (StateMachineUpdater.java:stopAndJoin(153)) - 61b4adde-551e-4095-bce8-06739a9df4a2@group-6A3F1DF3BD93-StateMachineUpdater: set stopIndex = 0
2022-11-10 07:16:24,282 [61b4adde-551e-4095-bce8-06739a9df4a2@group-6A3F1DF3BD93-StateMachineUpdater] INFO  ratis.ContainerStateMachine (ContainerStateMachine.java:takeSnapshot(304)) - group-6A3F1DF3BD93: Taking a snapshot at:(t:2, i:0) file /home/runner/work/ozone/ozone/hadoop-ozone/integration-test/target/test-dir/MiniOzoneClusterImpl-6c329fba-5d84-49d5-96bd-8530b1407181/datanode-5/data/ratis/1878dcfb-78e5-4a16-b63f-6a3f1df3bd93/sm/snapshot.2_0
2022-11-10 07:16:24,282 [grpc-default-executor-0] INFO  server.GrpcLogAppender (GrpcLogAppender.java:onCompleted(415)) - 61b4adde-551e-4095-bce8-06739a9df4a2@group-6A3F1DF3BD93->2761f105-bad8-4cc1-bdb0-f2de1107aa09-AppendLogResponseHandler: follower responses appendEntries COMPLETED
2022-11-10 07:16:24,282 [grpc-default-executor-0] INFO  leader.FollowerInfo (FollowerInfoImpl.java:lambda$new$0(48)) - 61b4adde-551e-4095-bce8-06739a9df4a2@group-6A3F1DF3BD93->2761f105-bad8-4cc1-bdb0-f2de1107aa09: nextIndex: updateUnconditionally 0 -> 0
2022-11-10 07:16:24,283 [61b4adde-551e-4095-bce8-06739a9df4a2@group-6A3F1DF3BD93-StateMachineUpdater] INFO  ratis.ContainerStateMachine (ContainerStateMachine.java:takeSnapshot(315)) - group-6A3F1DF3BD93: Finished taking a snapshot at:(t:2, i:0) file:/home/runner/work/ozone/ozone/hadoop-ozone/integration-test/target/test-dir/MiniOzoneClusterImpl-6c329fba-5d84-49d5-96bd-8530b1407181/datanode-5/data/ratis/1878dcfb-78e5-4a16-b63f-6a3f1df3bd93/sm/snapshot.2_0 took: 1 ms
2022-11-10 07:16:24,283 [61b4adde-551e-4095-bce8-06739a9df4a2@group-6A3F1DF3BD93-StateMachineUpdater] INFO  impl.StateMachineUpdater (StateMachineUpdater.java:takeSnapshot(287)) - 61b4adde-551e-4095-bce8-06739a9df4a2@group-6A3F1DF3BD93-StateMachineUpdater: Took a snapshot at index 0
2022-11-10 07:16:24,283 [61b4adde-551e-4095-bce8-06739a9df4a2@group-6A3F1DF3BD93-StateMachineUpdater] INFO  impl.StateMachineUpdater (StateMachineUpdater.java:lambda$new$0(92)) - 61b4adde-551e-4095-bce8-06739a9df4a2@group-6A3F1DF3BD93-StateMachineUpdater: snapshotIndex: updateIncreasingly -1 -> 0
2022-11-10 07:16:24,283 [Command processor thread] INFO  server.RaftServer$Division (ServerState.java:close(466)) - 61b4adde-551e-4095-bce8-06739a9df4a2@group-6A3F1DF3BD93: closes. applyIndex: 0
2022-11-10 07:16:24,283 [61b4adde-551e-4095-bce8-06739a9df4a2@group-6A3F1DF3BD93-SegmentedRaftLogWorker] INFO  segmented.SegmentedRaftLogWorker (SegmentedRaftLogWorker.java:run(345)) - 61b4adde-551e-4095-bce8-06739a9df4a2@group-6A3F1DF3BD93-SegmentedRaftLogWorker was interrupted, exiting. There are 0 tasks remaining in the queue.
2022-11-10 07:16:24,287 [Command processor thread] INFO  segmented.SegmentedRaftLogWorker (SegmentedRaftLogWorker.java:close(255)) - 61b4adde-551e-4095-bce8-06739a9df4a2@group-6A3F1DF3BD93-SegmentedRaftLogWorker close()
2022-11-10 07:16:24,290 [Command processor thread] INFO  server.RaftServer$Division (RaftServerImpl.java:groupRemove(428)) - 61b4adde-551e-4095-bce8-06739a9df4a2@group-6A3F1DF3BD93: Succeed to remove RaftStorageDirectory Storage Directory /home/runner/work/ozone/ozone/hadoop-ozone/integration-test/target/test-dir/MiniOzoneClusterImpl-6c329fba-5d84-49d5-96bd-8530b1407181/datanode-5/data/ratis/1878dcfb-78e5-4a16-b63f-6a3f1df3bd93
2022-11-10 07:16:24,290 [Command processor thread] INFO  commandhandler.ClosePipelineCommandHandler (ClosePipelineCommandHandler.java:handle(78)) - Close Pipeline PipelineID=1878dcfb-78e5-4a16-b63f-6a3f1df3bd93 command on datanode 61b4adde-551e-4095-bce8-06739a9df4a2.
2022-11-10 07:16:24,291 [Command processor thread] INFO  server.RaftServer (RaftServerProxy.java:remove(107)) - 61b4adde-551e-4095-bce8-06739a9df4a2: remove  FOLLOWER 61b4adde-551e-4095-bce8-06739a9df4a2@group-F29BB377DB86:t2, leader=93f75986-a2fd-4e1e-8c9d-e124aac8f1f2, voted=93f75986-a2fd-4e1e-8c9d-e124aac8f1f2, raftlog=Memoized:61b4adde-551e-4095-bce8-06739a9df4a2@group-F29BB377DB86-SegmentedRaftLog:OPENED:c0, conf=0: peers:[93f75986-a2fd-4e1e-8c9d-e124aac8f1f2|rpc:10.1.0.59:37359|dataStream:|priority:1|startupRole:FOLLOWER, 61b4adde-551e-4095-bce8-06739a9df4a2|rpc:10.1.0.59:44441|dataStream:|priority:0|startupRole:FOLLOWER, 2761f105-bad8-4cc1-bdb0-f2de1107aa09|rpc:10.1.0.59:44127|dataStream:|priority:0|startupRole:FOLLOWER]|listeners:[], old=null RUNNING
2022-11-10 07:16:24,291 [Command processor thread] INFO  server.RaftServer$Division (RaftServerImpl.java:lambda$close$4(458)) - 61b4adde-551e-4095-bce8-06739a9df4a2@group-F29BB377DB86: shutdown
2022-11-10 07:16:24,291 [Command processor thread] INFO  util.JmxRegister (JmxRegister.java:unregister(73)) - Successfully un-registered JMX Bean with object name Ratis:service=RaftServer,group=group-F29BB377DB86,id=61b4adde-551e-4095-bce8-06739a9df4a2
2022-11-10 07:16:24,291 [Command processor thread] INFO  impl.RoleInfo (RoleInfo.java:shutdownFollowerState(110)) - 61b4adde-551e-4095-bce8-06739a9df4a2: shutdown 61b4adde-551e-4095-bce8-06739a9df4a2@group-F29BB377DB86-FollowerState
2022-11-10 07:16:24,291 [Command processor thread] INFO  impl.StateMachineUpdater (StateMachineUpdater.java:stopAndJoin(153)) - 61b4adde-551e-4095-bce8-06739a9df4a2@group-F29BB377DB86-StateMachineUpdater: set stopIndex = 0
2022-11-10 07:16:24,291 [61b4adde-551e-4095-bce8-06739a9df4a2@group-F29BB377DB86-FollowerState] INFO  impl.FollowerState (FollowerState.java:run(152)) - 61b4adde-551e-4095-bce8-06739a9df4a2@group-F29BB377DB86-FollowerState was interrupted
2022-11-10 07:16:24,291 [61b4adde-551e-4095-bce8-06739a9df4a2@group-F29BB377DB86-StateMachineUpdater] INFO  ratis.ContainerStateMachine (ContainerStateMachine.java:takeSnapshot(304)) - group-F29BB377DB86: Taking a snapshot at:(t:2, i:0) file /home/runner/work/ozone/ozone/hadoop-ozone/integration-test/target/test-dir/MiniOzoneClusterImpl-6c329fba-5d84-49d5-96bd-8530b1407181/datanode-5/data/ratis/8d3d5767-c6f2-4391-89a8-f29bb377db86/sm/snapshot.2_0
2022-11-10 07:16:24,292 [61b4adde-551e-4095-bce8-06739a9df4a2@group-F29BB377DB86-StateMachineUpdater] INFO  ratis.ContainerStateMachine (ContainerStateMachine.java:takeSnapshot(315)) - group-F29BB377DB86: Finished taking a snapshot at:(t:2, i:0) file:/home/runner/work/ozone/ozone/hadoop-ozone/integration-test/target/test-dir/MiniOzoneClusterImpl-6c329fba-5d84-49d5-96bd-8530b1407181/datanode-5/data/ratis/8d3d5767-c6f2-4391-89a8-f29bb377db86/sm/snapshot.2_0 took: 1 ms
2022-11-10 07:16:24,292 [61b4adde-551e-4095-bce8-06739a9df4a2@group-F29BB377DB86-StateMachineUpdater] INFO  impl.StateMachineUpdater (StateMachineUpdater.java:takeSnapshot(287)) - 61b4adde-551e-4095-bce8-06739a9df4a2@group-F29BB377DB86-StateMachineUpdater: Took a snapshot at index 0
2022-11-10 07:16:24,292 [61b4adde-551e-4095-bce8-06739a9df4a2@group-F29BB377DB86-StateMachineUpdater] INFO  impl.StateMachineUpdater (StateMachineUpdater.java:lambda$new$0(92)) - 61b4adde-551e-4095-bce8-06739a9df4a2@group-F29BB377DB86-StateMachineUpdater: snapshotIndex: updateIncreasingly -1 -> 0
2022-11-10 07:16:24,292 [Command processor thread] INFO  server.RaftServer$Division (ServerState.java:close(466)) - 61b4adde-551e-4095-bce8-06739a9df4a2@group-F29BB377DB86: closes. applyIndex: 0
2022-11-10 07:16:24,293 [61b4adde-551e-4095-bce8-06739a9df4a2@group-F29BB377DB86-SegmentedRaftLogWorker] INFO  segmented.SegmentedRaftLogWorker (SegmentedRaftLogWorker.java:run(345)) - 61b4adde-551e-4095-bce8-06739a9df4a2@group-F29BB377DB86-SegmentedRaftLogWorker was interrupted, exiting. There are 0 tasks remaining in the queue.
2022-11-10 07:16:24,295 [Command processor thread] INFO  segmented.SegmentedRaftLogWorker (SegmentedRaftLogWorker.java:close(255)) - 61b4adde-551e-4095-bce8-06739a9df4a2@group-F29BB377DB86-SegmentedRaftLogWorker close()
2022-11-10 07:16:24,297 [Command processor thread] INFO  server.RaftServer$Division (RaftServerImpl.java:groupRemove(428)) - 61b4adde-551e-4095-bce8-06739a9df4a2@group-F29BB377DB86: Succeed to remove RaftStorageDirectory Storage Directory /home/runner/work/ozone/ozone/hadoop-ozone/integration-test/target/test-dir/MiniOzoneClusterImpl-6c329fba-5d84-49d5-96bd-8530b1407181/datanode-5/data/ratis/8d3d5767-c6f2-4391-89a8-f29bb377db86
2022-11-10 07:16:24,297 [Command processor thread] INFO  commandhandler.ClosePipelineCommandHandler (ClosePipelineCommandHandler.java:handle(78)) - Close Pipeline PipelineID=8d3d5767-c6f2-4391-89a8-f29bb377db86 command on datanode 61b4adde-551e-4095-bce8-06739a9df4a2.
2022-11-10 07:16:24,371 [Command processor thread] INFO  server.RaftServer (RaftServerProxy.java:remove(107)) - 93f75986-a2fd-4e1e-8c9d-e124aac8f1f2: remove  FOLLOWER 93f75986-a2fd-4e1e-8c9d-e124aac8f1f2@group-6A3F1DF3BD93:t2, leader=61b4adde-551e-4095-bce8-06739a9df4a2, voted=61b4adde-551e-4095-bce8-06739a9df4a2, raftlog=Memoized:93f75986-a2fd-4e1e-8c9d-e124aac8f1f2@group-6A3F1DF3BD93-SegmentedRaftLog:OPENED:c0, conf=0: peers:[93f75986-a2fd-4e1e-8c9d-e124aac8f1f2|rpc:10.1.0.59:37359|dataStream:|priority:0|startupRole:FOLLOWER, 61b4adde-551e-4095-bce8-06739a9df4a2|rpc:10.1.0.59:44441|dataStream:|priority:1|startupRole:FOLLOWER, 2761f105-bad8-4cc1-bdb0-f2de1107aa09|rpc:10.1.0.59:44127|dataStream:|priority:0|startupRole:FOLLOWER]|listeners:[], old=null RUNNING
2022-11-10 07:16:24,371 [Command processor thread] INFO  server.RaftServer$Division (RaftServerImpl.java:lambda$close$4(458)) - 93f75986-a2fd-4e1e-8c9d-e124aac8f1f2@group-6A3F1DF3BD93: shutdown
2022-11-10 07:16:24,372 [Command processor thread] INFO  util.JmxRegister (JmxRegister.java:unregister(73)) - Successfully un-registered JMX Bean with object name Ratis:service=RaftServer,group=group-6A3F1DF3BD93,id=93f75986-a2fd-4e1e-8c9d-e124aac8f1f2
2022-11-10 07:16:24,372 [Command processor thread] INFO  impl.RoleInfo (RoleInfo.java:shutdownFollowerState(110)) - 93f75986-a2fd-4e1e-8c9d-e124aac8f1f2: shutdown 93f75986-a2fd-4e1e-8c9d-e124aac8f1f2@group-6A3F1DF3BD93-FollowerState
2022-11-10 07:16:24,372 [Command processor thread] INFO  impl.StateMachineUpdater (StateMachineUpdater.java:stopAndJoin(153)) - 93f75986-a2fd-4e1e-8c9d-e124aac8f1f2@group-6A3F1DF3BD93-StateMachineUpdater: set stopIndex = 0
2022-11-10 07:16:24,372 [93f75986-a2fd-4e1e-8c9d-e124aac8f1f2@group-6A3F1DF3BD93-FollowerState] INFO  impl.FollowerState (FollowerState.java:run(152)) - 93f75986-a2fd-4e1e-8c9d-e124aac8f1f2@group-6A3F1DF3BD93-FollowerState was interrupted
2022-11-10 07:16:24,372 [93f75986-a2fd-4e1e-8c9d-e124aac8f1f2@group-6A3F1DF3BD93-StateMachineUpdater] INFO  ratis.ContainerStateMachine (ContainerStateMachine.java:takeSnapshot(304)) - group-6A3F1DF3BD93: Taking a snapshot at:(t:2, i:0) file /home/runner/work/ozone/ozone/hadoop-ozone/integration-test/target/test-dir/MiniOzoneClusterImpl-6c329fba-5d84-49d5-96bd-8530b1407181/datanode-4/data/ratis/1878dcfb-78e5-4a16-b63f-6a3f1df3bd93/sm/snapshot.2_0
2022-11-10 07:16:24,373 [93f75986-a2fd-4e1e-8c9d-e124aac8f1f2@group-6A3F1DF3BD93-StateMachineUpdater] INFO  ratis.ContainerStateMachine (ContainerStateMachine.java:takeSnapshot(315)) - group-6A3F1DF3BD93: Finished taking a snapshot at:(t:2, i:0) file:/home/runner/work/ozone/ozone/hadoop-ozone/integration-test/target/test-dir/MiniOzoneClusterImpl-6c329fba-5d84-49d5-96bd-8530b1407181/datanode-4/data/ratis/1878dcfb-78e5-4a16-b63f-6a3f1df3bd93/sm/snapshot.2_0 took: 1 ms
2022-11-10 07:16:24,373 [93f75986-a2fd-4e1e-8c9d-e124aac8f1f2@group-6A3F1DF3BD93-StateMachineUpdater] INFO  impl.StateMachineUpdater (StateMachineUpdater.java:takeSnapshot(287)) - 93f75986-a2fd-4e1e-8c9d-e124aac8f1f2@group-6A3F1DF3BD93-StateMachineUpdater: Took a snapshot at index 0
2022-11-10 07:16:24,373 [93f75986-a2fd-4e1e-8c9d-e124aac8f1f2@group-6A3F1DF3BD93-StateMachineUpdater] INFO  impl.StateMachineUpdater (StateMachineUpdater.java:lambda$new$0(92)) - 93f75986-a2fd-4e1e-8c9d-e124aac8f1f2@group-6A3F1DF3BD93-StateMachineUpdater: snapshotIndex: updateIncreasingly -1 -> 0
2022-11-10 07:16:24,374 [Command processor thread] INFO  server.RaftServer$Division (ServerState.java:close(466)) - 93f75986-a2fd-4e1e-8c9d-e124aac8f1f2@group-6A3F1DF3BD93: closes. applyIndex: 0
2022-11-10 07:16:24,374 [93f75986-a2fd-4e1e-8c9d-e124aac8f1f2@group-6A3F1DF3BD93-SegmentedRaftLogWorker] INFO  segmented.SegmentedRaftLogWorker (SegmentedRaftLogWorker.java:run(345)) - 93f75986-a2fd-4e1e-8c9d-e124aac8f1f2@group-6A3F1DF3BD93-SegmentedRaftLogWorker was interrupted, exiting. There are 0 tasks remaining in the queue.
2022-11-10 07:16:24,375 [Command processor thread] INFO  segmented.SegmentedRaftLogWorker (SegmentedRaftLogWorker.java:close(255)) - 93f75986-a2fd-4e1e-8c9d-e124aac8f1f2@group-6A3F1DF3BD93-SegmentedRaftLogWorker close()
2022-11-10 07:16:24,376 [Command processor thread] INFO  server.RaftServer$Division (RaftServerImpl.java:groupRemove(428)) - 93f75986-a2fd-4e1e-8c9d-e124aac8f1f2@group-6A3F1DF3BD93: Succeed to remove RaftStorageDirectory Storage Directory /home/runner/work/ozone/ozone/hadoop-ozone/integration-test/target/test-dir/MiniOzoneClusterImpl-6c329fba-5d84-49d5-96bd-8530b1407181/datanode-4/data/ratis/1878dcfb-78e5-4a16-b63f-6a3f1df3bd93
2022-11-10 07:16:24,376 [Command processor thread] INFO  commandhandler.ClosePipelineCommandHandler (ClosePipelineCommandHandler.java:handle(78)) - Close Pipeline PipelineID=1878dcfb-78e5-4a16-b63f-6a3f1df3bd93 command on datanode 93f75986-a2fd-4e1e-8c9d-e124aac8f1f2.
2022-11-10 07:16:24,377 [Command processor thread] INFO  server.RaftServer (RaftServerProxy.java:remove(107)) - 93f75986-a2fd-4e1e-8c9d-e124aac8f1f2: remove    LEADER 93f75986-a2fd-4e1e-8c9d-e124aac8f1f2@group-F29BB377DB86:t2, leader=93f75986-a2fd-4e1e-8c9d-e124aac8f1f2, voted=93f75986-a2fd-4e1e-8c9d-e124aac8f1f2, raftlog=Memoized:93f75986-a2fd-4e1e-8c9d-e124aac8f1f2@group-F29BB377DB86-SegmentedRaftLog:OPENED:c0, conf=0: peers:[93f75986-a2fd-4e1e-8c9d-e124aac8f1f2|rpc:10.1.0.59:37359|dataStream:|priority:1|startupRole:FOLLOWER, 61b4adde-551e-4095-bce8-06739a9df4a2|rpc:10.1.0.59:44441|dataStream:|priority:0|startupRole:FOLLOWER, 2761f105-bad8-4cc1-bdb0-f2de1107aa09|rpc:10.1.0.59:44127|dataStream:|priority:0|startupRole:FOLLOWER]|listeners:[], old=null RUNNING
2022-11-10 07:16:24,377 [Command processor thread] INFO  server.RaftServer$Division (RaftServerImpl.java:lambda$close$4(458)) - 93f75986-a2fd-4e1e-8c9d-e124aac8f1f2@group-F29BB377DB86: shutdown
2022-11-10 07:16:24,377 [Command processor thread] INFO  util.JmxRegister (JmxRegister.java:unregister(73)) - Successfully un-registered JMX Bean with object name Ratis:service=RaftServer,group=group-F29BB377DB86,id=93f75986-a2fd-4e1e-8c9d-e124aac8f1f2
2022-11-10 07:16:24,377 [Command processor thread] INFO  impl.RoleInfo (RoleInfo.java:shutdownLeaderState(93)) - 93f75986-a2fd-4e1e-8c9d-e124aac8f1f2: shutdown 93f75986-a2fd-4e1e-8c9d-e124aac8f1f2@group-F29BB377DB86-LeaderStateImpl
2022-11-10 07:16:24,377 [93f75986-a2fd-4e1e-8c9d-e124aac8f1f2@group-F29BB377DB86->61b4adde-551e-4095-bce8-06739a9df4a2-GrpcLogAppender-LogAppenderDaemon] WARN  server.GrpcLogAppender (GrpcLogAppender.java:mayWait(200)) - 93f75986-a2fd-4e1e-8c9d-e124aac8f1f2@group-F29BB377DB86->61b4adde-551e-4095-bce8-06739a9df4a2-GrpcLogAppender: Wait interrupted by java.lang.InterruptedException
2022-11-10 07:16:24,377 [Command processor thread] INFO  impl.PendingRequests (PendingRequests.java:sendNotLeaderResponses(282)) - 93f75986-a2fd-4e1e-8c9d-e124aac8f1f2@group-F29BB377DB86-PendingRequests: sendNotLeaderResponses
2022-11-10 07:16:24,377 [Command processor thread] INFO  impl.StateMachineUpdater (StateMachineUpdater.java:stopAndJoin(153)) - 93f75986-a2fd-4e1e-8c9d-e124aac8f1f2@group-F29BB377DB86-StateMachineUpdater: set stopIndex = 0
2022-11-10 07:16:24,377 [93f75986-a2fd-4e1e-8c9d-e124aac8f1f2@group-F29BB377DB86->2761f105-bad8-4cc1-bdb0-f2de1107aa09-GrpcLogAppender-LogAppenderDaemon] WARN  server.GrpcLogAppender (GrpcLogAppender.java:mayWait(200)) - 93f75986-a2fd-4e1e-8c9d-e124aac8f1f2@group-F29BB377DB86->2761f105-bad8-4cc1-bdb0-f2de1107aa09-GrpcLogAppender: Wait interrupted by java.lang.InterruptedException
2022-11-10 07:16:24,378 [grpc-default-executor-2] INFO  server.GrpcServerProtocolService (GrpcServerProtocolService.java:onCompleted(145)) - 61b4adde-551e-4095-bce8-06739a9df4a2: Completed APPEND_ENTRIES, lastRequest: null
2022-11-10 07:16:24,379 [grpc-default-executor-0] INFO  server.GrpcServerProtocolService (GrpcServerProtocolService.java:onCompleted(145)) - 61b4adde-551e-4095-bce8-06739a9df4a2: Completed APPEND_ENTRIES, lastRequest: 93f75986-a2fd-4e1e-8c9d-e124aac8f1f2->61b4adde-551e-4095-bce8-06739a9df4a2#1-t2,previous=(t:0, i:0),leaderCommit=0,initializing? true,entries: size=1, first=(t:2, i:0), CONFIGURATIONENTRY(current:id: "93f75986-a2fd-4e1e-8c9d-e124aac8f1f2"
address: "10.1.0.59:37359"
priority: 1
clientAddress: "10.1.0.59:37359"
adminAddress: "10.1.0.59:37359"
startupRole: FOLLOWER
,id: "61b4adde-551e-4095-bce8-06739a9df4a2"
address: "10.1.0.59:44441"
clientAddress: "10.1.0.59:44441"
adminAddress: "10.1.0.59:44441"
startupRole: FOLLOWER
,id: "2761f105-bad8-4cc1-bdb0-f2de1107aa09"
address: "10.1.0.59:44127"
clientAddress: "10.1.0.59:44127"
adminAddress: "10.1.0.59:44127"
startupRole: FOLLOWER
, old:)
2022-11-10 07:16:24,379 [93f75986-a2fd-4e1e-8c9d-e124aac8f1f2@group-F29BB377DB86-StateMachineUpdater] INFO  ratis.ContainerStateMachine (ContainerStateMachine.java:takeSnapshot(304)) - group-F29BB377DB86: Taking a snapshot at:(t:2, i:0) file /home/runner/work/ozone/ozone/hadoop-ozone/integration-test/target/test-dir/MiniOzoneClusterImpl-6c329fba-5d84-49d5-96bd-8530b1407181/datanode-4/data/ratis/8d3d5767-c6f2-4391-89a8-f29bb377db86/sm/snapshot.2_0
2022-11-10 07:16:24,380 [grpc-default-executor-3] INFO  server.GrpcLogAppender (GrpcLogAppender.java:onCompleted(415)) - 93f75986-a2fd-4e1e-8c9d-e124aac8f1f2@group-F29BB377DB86->61b4adde-551e-4095-bce8-06739a9df4a2-AppendLogResponseHandler: follower responses appendEntries COMPLETED
2022-11-10 07:16:24,380 [grpc-default-executor-3] INFO  leader.FollowerInfo (FollowerInfoImpl.java:lambda$new$0(48)) - 93f75986-a2fd-4e1e-8c9d-e124aac8f1f2@group-F29BB377DB86->61b4adde-551e-4095-bce8-06739a9df4a2: nextIndex: updateUnconditionally 1 -> 0
2022-11-10 07:16:24,380 [93f75986-a2fd-4e1e-8c9d-e124aac8f1f2@group-F29BB377DB86-StateMachineUpdater] INFO  ratis.ContainerStateMachine (ContainerStateMachine.java:takeSnapshot(315)) - group-F29BB377DB86: Finished taking a snapshot at:(t:2, i:0) file:/home/runner/work/ozone/ozone/hadoop-ozone/integration-test/target/test-dir/MiniOzoneClusterImpl-6c329fba-5d84-49d5-96bd-8530b1407181/datanode-4/data/ratis/8d3d5767-c6f2-4391-89a8-f29bb377db86/sm/snapshot.2_0 took: 1 ms
2022-11-10 07:16:24,380 [93f75986-a2fd-4e1e-8c9d-e124aac8f1f2@group-F29BB377DB86-StateMachineUpdater] INFO  impl.StateMachineUpdater (StateMachineUpdater.java:takeSnapshot(287)) - 93f75986-a2fd-4e1e-8c9d-e124aac8f1f2@group-F29BB377DB86-StateMachineUpdater: Took a snapshot at index 0
2022-11-10 07:16:24,380 [93f75986-a2fd-4e1e-8c9d-e124aac8f1f2@group-F29BB377DB86-StateMachineUpdater] INFO  impl.StateMachineUpdater (StateMachineUpdater.java:lambda$new$0(92)) - 93f75986-a2fd-4e1e-8c9d-e124aac8f1f2@group-F29BB377DB86-StateMachineUpdater: snapshotIndex: updateIncreasingly -1 -> 0
2022-11-10 07:16:24,381 [grpc-default-executor-0] INFO  server.GrpcServerProtocolService (GrpcServerProtocolService.java:onCompleted(145)) - 2761f105-bad8-4cc1-bdb0-f2de1107aa09: Completed APPEND_ENTRIES, lastRequest: null
2022-11-10 07:16:24,381 [Command processor thread] INFO  server.RaftServer$Division (ServerState.java:close(466)) - 93f75986-a2fd-4e1e-8c9d-e124aac8f1f2@group-F29BB377DB86: closes. applyIndex: 0
2022-11-10 07:16:24,381 [93f75986-a2fd-4e1e-8c9d-e124aac8f1f2@group-F29BB377DB86-SegmentedRaftLogWorker] INFO  segmented.SegmentedRaftLogWorker (SegmentedRaftLogWorker.java:run(345)) - 93f75986-a2fd-4e1e-8c9d-e124aac8f1f2@group-F29BB377DB86-SegmentedRaftLogWorker was interrupted, exiting. There are 0 tasks remaining in the queue.
2022-11-10 07:16:24,382 [grpc-default-executor-2] INFO  server.GrpcLogAppender (GrpcLogAppender.java:onCompleted(415)) - 93f75986-a2fd-4e1e-8c9d-e124aac8f1f2@group-F29BB377DB86->61b4adde-551e-4095-bce8-06739a9df4a2-AppendLogResponseHandler: follower responses appendEntries COMPLETED
2022-11-10 07:16:24,382 [Command processor thread] INFO  segmented.SegmentedRaftLogWorker (SegmentedRaftLogWorker.java:close(255)) - 93f75986-a2fd-4e1e-8c9d-e124aac8f1f2@group-F29BB377DB86-SegmentedRaftLogWorker close()
2022-11-10 07:16:24,382 [grpc-default-executor-3] INFO  server.GrpcLogAppender (GrpcLogAppender.java:onCompleted(415)) - 93f75986-a2fd-4e1e-8c9d-e124aac8f1f2@group-F29BB377DB86->2761f105-bad8-4cc1-bdb0-f2de1107aa09-AppendLogResponseHandler: follower responses appendEntries COMPLETED
2022-11-10 07:16:24,384 [grpc-default-executor-3] INFO  leader.FollowerInfo (FollowerInfoImpl.java:lambda$new$0(48)) - 93f75986-a2fd-4e1e-8c9d-e124aac8f1f2@group-F29BB377DB86->2761f105-bad8-4cc1-bdb0-f2de1107aa09: nextIndex: updateUnconditionally 1 -> 0
2022-11-10 07:16:24,384 [grpc-default-executor-4] INFO  server.GrpcServerProtocolService (GrpcServerProtocolService.java:onCompleted(145)) - 2761f105-bad8-4cc1-bdb0-f2de1107aa09: Completed APPEND_ENTRIES, lastRequest: 93f75986-a2fd-4e1e-8c9d-e124aac8f1f2->2761f105-bad8-4cc1-bdb0-f2de1107aa09#1-t2,previous=(t:0, i:0),leaderCommit=0,initializing? true,entries: size=1, first=(t:2, i:0), CONFIGURATIONENTRY(current:id: "93f75986-a2fd-4e1e-8c9d-e124aac8f1f2"
address: "10.1.0.59:37359"
priority: 1
clientAddress: "10.1.0.59:37359"
adminAddress: "10.1.0.59:37359"
startupRole: FOLLOWER
,id: "61b4adde-551e-4095-bce8-06739a9df4a2"
address: "10.1.0.59:44441"
clientAddress: "10.1.0.59:44441"
adminAddress: "10.1.0.59:44441"
startupRole: FOLLOWER
,id: "2761f105-bad8-4cc1-bdb0-f2de1107aa09"
address: "10.1.0.59:44127"
clientAddress: "10.1.0.59:44127"
adminAddress: "10.1.0.59:44127"
startupRole: FOLLOWER
, old:)
2022-11-10 07:16:24,384 [grpc-default-executor-3] INFO  server.GrpcLogAppender (GrpcLogAppender.java:onCompleted(415)) - 93f75986-a2fd-4e1e-8c9d-e124aac8f1f2@group-F29BB377DB86->2761f105-bad8-4cc1-bdb0-f2de1107aa09-AppendLogResponseHandler: follower responses appendEntries COMPLETED
2022-11-10 07:16:24,384 [grpc-default-executor-3] INFO  leader.FollowerInfo (FollowerInfoImpl.java:lambda$new$0(48)) - 93f75986-a2fd-4e1e-8c9d-e124aac8f1f2@group-F29BB377DB86->2761f105-bad8-4cc1-bdb0-f2de1107aa09: nextIndex: updateUnconditionally 0 -> 0
2022-11-10 07:16:24,383 [Command processor thread] INFO  server.RaftServer$Division (RaftServerImpl.java:groupRemove(428)) - 93f75986-a2fd-4e1e-8c9d-e124aac8f1f2@group-F29BB377DB86: Succeed to remove RaftStorageDirectory Storage Directory /home/runner/work/ozone/ozone/hadoop-ozone/integration-test/target/test-dir/MiniOzoneClusterImpl-6c329fba-5d84-49d5-96bd-8530b1407181/datanode-4/data/ratis/8d3d5767-c6f2-4391-89a8-f29bb377db86
2022-11-10 07:16:24,382 [grpc-default-executor-2] INFO  leader.FollowerInfo (FollowerInfoImpl.java:lambda$new$0(48)) - 93f75986-a2fd-4e1e-8c9d-e124aac8f1f2@group-F29BB377DB86->61b4adde-551e-4095-bce8-06739a9df4a2: nextIndex: updateUnconditionally 0 -> 0
2022-11-10 07:16:24,384 [Command processor thread] INFO  commandhandler.ClosePipelineCommandHandler (ClosePipelineCommandHandler.java:handle(78)) - Close Pipeline PipelineID=8d3d5767-c6f2-4391-89a8-f29bb377db86 command on datanode 93f75986-a2fd-4e1e-8c9d-e124aac8f1f2.
2022-11-10 07:16:25,349 [37bda9b0-0df5-4ea8-952a-0c6f71b93e6d@group-D2B3A0D0972F-FollowerState] INFO  server.RaftServerConfigKeys (ConfUtils.java:logFallback(53)) - raft.server.rpc.first-election.timeout.min = 5s (fallback to raft.server.rpc.timeout.min)
2022-11-10 07:16:25,350 [37bda9b0-0df5-4ea8-952a-0c6f71b93e6d@group-D2B3A0D0972F-FollowerState] INFO  server.RaftServerConfigKeys (ConfUtils.java:logFallback(53)) - raft.server.rpc.first-election.timeout.max = 5200ms (fallback to raft.server.rpc.timeout.max)
2022-11-10 07:16:25,358 [91b954a0-6378-41b2-9057-8851e07a0c7d@group-35A0037A9220-FollowerState] INFO  impl.FollowerState (FollowerState.java:run(143)) - 91b954a0-6378-41b2-9057-8851e07a0c7d@group-35A0037A9220-FollowerState: change to CANDIDATE, lastRpcElapsedTime:5007076256ns, electionTimeout:5007ms
2022-11-10 07:16:25,358 [91b954a0-6378-41b2-9057-8851e07a0c7d@group-35A0037A9220-FollowerState] INFO  impl.RoleInfo (RoleInfo.java:shutdownFollowerState(110)) - 91b954a0-6378-41b2-9057-8851e07a0c7d: shutdown 91b954a0-6378-41b2-9057-8851e07a0c7d@group-35A0037A9220-FollowerState
2022-11-10 07:16:25,358 [91b954a0-6378-41b2-9057-8851e07a0c7d@group-35A0037A9220-FollowerState] INFO  server.RaftServer$Division (RaftServerImpl.java:setRole(321)) - 91b954a0-6378-41b2-9057-8851e07a0c7d@group-35A0037A9220: changes role from  FOLLOWER to CANDIDATE at term 2 for changeToCandidate
2022-11-10 07:16:25,359 [91b954a0-6378-41b2-9057-8851e07a0c7d@group-35A0037A9220-FollowerState] INFO  server.RaftServerConfigKeys (ConfUtils.java:logGet(46)) - raft.server.leaderelection.pre-vote = false (custom)
2022-11-10 07:16:25,359 [91b954a0-6378-41b2-9057-8851e07a0c7d@group-35A0037A9220-FollowerState] INFO  impl.RoleInfo (RoleInfo.java:updateAndGet(139)) - 91b954a0-6378-41b2-9057-8851e07a0c7d: start 91b954a0-6378-41b2-9057-8851e07a0c7d@group-35A0037A9220-LeaderElection49
2022-11-10 07:16:25,362 [91b954a0-6378-41b2-9057-8851e07a0c7d@group-35A0037A9220-LeaderElection49] INFO  impl.LeaderElection (LeaderElection.java:askForVotes(312)) - 91b954a0-6378-41b2-9057-8851e07a0c7d@group-35A0037A9220-LeaderElection49 ELECTION round 0: submit vote requests at term 3 for -1: peers:[91b954a0-6378-41b2-9057-8851e07a0c7d|rpc:10.1.0.59:36765|priority:0|startupRole:FOLLOWER, ebd53443-e3ae-4256-96ac-f1308b179955|rpc:10.1.0.59:38343|priority:0|startupRole:FOLLOWER, 37bda9b0-0df5-4ea8-952a-0c6f71b93e6d|rpc:10.1.0.59:43699|priority:1|startupRole:FOLLOWER]|listeners:[], old=null
2022-11-10 07:16:25,362 [91b954a0-6378-41b2-9057-8851e07a0c7d@group-35A0037A9220-LeaderElection49] INFO  server.RaftServerConfigKeys (ConfUtils.java:logFallback(53)) - raft.server.rpc.first-election.timeout.min = 5s (fallback to raft.server.rpc.timeout.min)
2022-11-10 07:16:25,362 [91b954a0-6378-41b2-9057-8851e07a0c7d@group-35A0037A9220-LeaderElection49] INFO  server.RaftServerConfigKeys (ConfUtils.java:logFallback(53)) - raft.server.rpc.first-election.timeout.max = 5200ms (fallback to raft.server.rpc.timeout.max)
2022-11-10 07:16:25,364 [grpc-default-executor-2] INFO  server.RaftServer$Division (RaftServerImpl.java:requestVote(1218)) - ebd53443-e3ae-4256-96ac-f1308b179955@group-35A0037A9220: receive requestVote(ELECTION, 91b954a0-6378-41b2-9057-8851e07a0c7d, group-35A0037A9220, 3, (t:0, i:0))
2022-11-10 07:16:25,364 [grpc-default-executor-2] INFO  impl.VoteContext (VoteContext.java:log(48)) - ebd53443-e3ae-4256-96ac-f1308b179955@group-35A0037A9220-FOLLOWER: accept ELECTION from 91b954a0-6378-41b2-9057-8851e07a0c7d: our priority 0 <= candidate's priority 0
2022-11-10 07:16:25,364 [grpc-default-executor-2] INFO  server.RaftServer$Division (RaftServerImpl.java:setRole(321)) - ebd53443-e3ae-4256-96ac-f1308b179955@group-35A0037A9220: changes role from  FOLLOWER to FOLLOWER at term 3 for candidate:91b954a0-6378-41b2-9057-8851e07a0c7d
2022-11-10 07:16:25,364 [grpc-default-executor-2] INFO  impl.RoleInfo (RoleInfo.java:shutdownFollowerState(110)) - ebd53443-e3ae-4256-96ac-f1308b179955: shutdown ebd53443-e3ae-4256-96ac-f1308b179955@group-35A0037A9220-FollowerState
2022-11-10 07:16:25,364 [grpc-default-executor-2] INFO  impl.RoleInfo (RoleInfo.java:updateAndGet(139)) - ebd53443-e3ae-4256-96ac-f1308b179955: start ebd53443-e3ae-4256-96ac-f1308b179955@group-35A0037A9220-FollowerState
2022-11-10 07:16:25,364 [ebd53443-e3ae-4256-96ac-f1308b179955@group-35A0037A9220-FollowerState] INFO  impl.FollowerState (FollowerState.java:run(152)) - ebd53443-e3ae-4256-96ac-f1308b179955@group-35A0037A9220-FollowerState was interrupted
2022-11-10 07:16:25,365 [grpc-default-executor-4] INFO  server.RaftServer$Division (RaftServerImpl.java:requestVote(1218)) - 37bda9b0-0df5-4ea8-952a-0c6f71b93e6d@group-35A0037A9220: receive requestVote(ELECTION, 91b954a0-6378-41b2-9057-8851e07a0c7d, group-35A0037A9220, 3, (t:0, i:0))
2022-11-10 07:16:25,367 [37bda9b0-0df5-4ea8-952a-0c6f71b93e6d@group-35A0037A9220-FollowerState] INFO  impl.FollowerState (FollowerState.java:run(143)) - 37bda9b0-0df5-4ea8-952a-0c6f71b93e6d@group-35A0037A9220-FollowerState: change to CANDIDATE, lastRpcElapsedTime:5013193936ns, electionTimeout:5009ms
2022-11-10 07:16:25,367 [37bda9b0-0df5-4ea8-952a-0c6f71b93e6d@group-35A0037A9220-FollowerState] INFO  impl.RoleInfo (RoleInfo.java:shutdownFollowerState(110)) - 37bda9b0-0df5-4ea8-952a-0c6f71b93e6d: shutdown 37bda9b0-0df5-4ea8-952a-0c6f71b93e6d@group-35A0037A9220-FollowerState
2022-11-10 07:16:25,367 [37bda9b0-0df5-4ea8-952a-0c6f71b93e6d@group-35A0037A9220-FollowerState] INFO  server.RaftServer$Division (RaftServerImpl.java:setRole(321)) - 37bda9b0-0df5-4ea8-952a-0c6f71b93e6d@group-35A0037A9220: changes role from  FOLLOWER to CANDIDATE at term 2 for changeToCandidate
2022-11-10 07:16:25,367 [37bda9b0-0df5-4ea8-952a-0c6f71b93e6d@group-35A0037A9220-FollowerState] INFO  server.RaftServerConfigKeys (ConfUtils.java:logGet(46)) - raft.server.leaderelection.pre-vote = false (custom)
2022-11-10 07:16:25,367 [37bda9b0-0df5-4ea8-952a-0c6f71b93e6d@group-35A0037A9220-FollowerState] INFO  impl.RoleInfo (RoleInfo.java:updateAndGet(139)) - 37bda9b0-0df5-4ea8-952a-0c6f71b93e6d: start 37bda9b0-0df5-4ea8-952a-0c6f71b93e6d@group-35A0037A9220-LeaderElection50
2022-11-10 07:16:25,367 [grpc-default-executor-2] INFO  server.RaftServer$Division (RaftServerImpl.java:requestVote(1251)) - ebd53443-e3ae-4256-96ac-f1308b179955@group-35A0037A9220 replies to ELECTION vote request: 91b954a0-6378-41b2-9057-8851e07a0c7d<-ebd53443-e3ae-4256-96ac-f1308b179955#0:OK-t3. Peer's state: ebd53443-e3ae-4256-96ac-f1308b179955@group-35A0037A9220:t3, leader=null, voted=91b954a0-6378-41b2-9057-8851e07a0c7d, raftlog=Memoized:ebd53443-e3ae-4256-96ac-f1308b179955@group-35A0037A9220-SegmentedRaftLog:OPENED:c-1, conf=-1: peers:[91b954a0-6378-41b2-9057-8851e07a0c7d|rpc:10.1.0.59:36765|dataStream:|priority:0|startupRole:FOLLOWER, ebd53443-e3ae-4256-96ac-f1308b179955|rpc:10.1.0.59:38343|dataStream:|priority:0|startupRole:FOLLOWER, 37bda9b0-0df5-4ea8-952a-0c6f71b93e6d|rpc:10.1.0.59:43699|dataStream:|priority:1|startupRole:FOLLOWER]|listeners:[], old=null
2022-11-10 07:16:25,368 [grpc-default-executor-4] INFO  impl.VoteContext (VoteContext.java:log(48)) - 37bda9b0-0df5-4ea8-952a-0c6f71b93e6d@group-35A0037A9220-CANDIDATE: reject ELECTION from 91b954a0-6378-41b2-9057-8851e07a0c7d: our priority 1 > candidate's priority 0
2022-11-10 07:16:25,368 [grpc-default-executor-4] INFO  server.RaftServer$Division (RaftServerImpl.java:setRole(321)) - 37bda9b0-0df5-4ea8-952a-0c6f71b93e6d@group-35A0037A9220: changes role from CANDIDATE to FOLLOWER at term 3 for candidate:91b954a0-6378-41b2-9057-8851e07a0c7d
2022-11-10 07:16:25,368 [grpc-default-executor-4] INFO  impl.RoleInfo (RoleInfo.java:shutdownLeaderElection(130)) - 37bda9b0-0df5-4ea8-952a-0c6f71b93e6d: shutdown 37bda9b0-0df5-4ea8-952a-0c6f71b93e6d@group-35A0037A9220-LeaderElection50
2022-11-10 07:16:25,368 [grpc-default-executor-4] INFO  impl.RoleInfo (RoleInfo.java:updateAndGet(139)) - 37bda9b0-0df5-4ea8-952a-0c6f71b93e6d: start 37bda9b0-0df5-4ea8-952a-0c6f71b93e6d@group-35A0037A9220-FollowerState
2022-11-10 07:16:25,369 [37bda9b0-0df5-4ea8-952a-0c6f71b93e6d@group-35A0037A9220-FollowerState] INFO  server.RaftServerConfigKeys (ConfUtils.java:logFallback(53)) - raft.server.rpc.first-election.timeout.min = 5s (fallback to raft.server.rpc.timeout.min)
2022-11-10 07:16:25,369 [37bda9b0-0df5-4ea8-952a-0c6f71b93e6d@group-35A0037A9220-FollowerState] INFO  server.RaftServerConfigKeys (ConfUtils.java:logFallback(53)) - raft.server.rpc.first-election.timeout.max = 5200ms (fallback to raft.server.rpc.timeout.max)
2022-11-10 07:16:25,370 [grpc-default-executor-4] INFO  server.RaftServer$Division (RaftServerImpl.java:requestVote(1251)) - 37bda9b0-0df5-4ea8-952a-0c6f71b93e6d@group-35A0037A9220 replies to ELECTION vote request: 91b954a0-6378-41b2-9057-8851e07a0c7d<-37bda9b0-0df5-4ea8-952a-0c6f71b93e6d#0:FAIL-t3. Peer's state: 37bda9b0-0df5-4ea8-952a-0c6f71b93e6d@group-35A0037A9220:t3, leader=null, voted=null, raftlog=Memoized:37bda9b0-0df5-4ea8-952a-0c6f71b93e6d@group-35A0037A9220-SegmentedRaftLog:OPENED:c-1, conf=-1: peers:[91b954a0-6378-41b2-9057-8851e07a0c7d|rpc:10.1.0.59:36765|dataStream:|priority:0|startupRole:FOLLOWER, ebd53443-e3ae-4256-96ac-f1308b179955|rpc:10.1.0.59:38343|dataStream:|priority:0|startupRole:FOLLOWER, 37bda9b0-0df5-4ea8-952a-0c6f71b93e6d|rpc:10.1.0.59:43699|dataStream:|priority:1|startupRole:FOLLOWER]|listeners:[], old=null
2022-11-10 07:16:25,376 [37bda9b0-0df5-4ea8-952a-0c6f71b93e6d@group-35A0037A9220-LeaderElection50] INFO  impl.LeaderElection (LeaderElection.java:run(233)) - 37bda9b0-0df5-4ea8-952a-0c6f71b93e6d@group-35A0037A9220-LeaderElection50: skip running since this is already CLOSING
2022-11-10 07:16:25,377 [91b954a0-6378-41b2-9057-8851e07a0c7d@group-35A0037A9220-LeaderElection49] INFO  impl.LeaderElection (LeaderElection.java:logAndReturn(90)) - 91b954a0-6378-41b2-9057-8851e07a0c7d@group-35A0037A9220-LeaderElection49: ELECTION REJECTED received 2 response(s) and 0 exception(s):
2022-11-10 07:16:25,377 [91b954a0-6378-41b2-9057-8851e07a0c7d@group-35A0037A9220-LeaderElection49] INFO  impl.LeaderElection (LeaderElection.java:logAndReturn(94)) -   Response 0: 91b954a0-6378-41b2-9057-8851e07a0c7d<-ebd53443-e3ae-4256-96ac-f1308b179955#0:OK-t3
2022-11-10 07:16:25,377 [91b954a0-6378-41b2-9057-8851e07a0c7d@group-35A0037A9220-LeaderElection49] INFO  impl.LeaderElection (LeaderElection.java:logAndReturn(94)) -   Response 1: 91b954a0-6378-41b2-9057-8851e07a0c7d<-37bda9b0-0df5-4ea8-952a-0c6f71b93e6d#0:FAIL-t3
2022-11-10 07:16:25,377 [91b954a0-6378-41b2-9057-8851e07a0c7d@group-35A0037A9220-LeaderElection49] INFO  impl.LeaderElection (LeaderElection.java:askForVotes(314)) - 91b954a0-6378-41b2-9057-8851e07a0c7d@group-35A0037A9220-LeaderElection49 ELECTION round 0: result REJECTED
2022-11-10 07:16:25,377 [91b954a0-6378-41b2-9057-8851e07a0c7d@group-35A0037A9220-LeaderElection49] INFO  server.RaftServer$Division (RaftServerImpl.java:setRole(321)) - 91b954a0-6378-41b2-9057-8851e07a0c7d@group-35A0037A9220: changes role from CANDIDATE to FOLLOWER at term 3 for REJECTED
2022-11-10 07:16:25,377 [91b954a0-6378-41b2-9057-8851e07a0c7d@group-35A0037A9220-LeaderElection49] INFO  impl.RoleInfo (RoleInfo.java:shutdownLeaderElection(130)) - 91b954a0-6378-41b2-9057-8851e07a0c7d: shutdown 91b954a0-6378-41b2-9057-8851e07a0c7d@group-35A0037A9220-LeaderElection49
2022-11-10 07:16:25,377 [91b954a0-6378-41b2-9057-8851e07a0c7d@group-35A0037A9220-LeaderElection49] INFO  impl.RoleInfo (RoleInfo.java:updateAndGet(139)) - 91b954a0-6378-41b2-9057-8851e07a0c7d: start 91b954a0-6378-41b2-9057-8851e07a0c7d@group-35A0037A9220-FollowerState
2022-11-10 07:16:25,377 [ebd53443-e3ae-4256-96ac-f1308b179955@group-35A0037A9220-FollowerState] INFO  server.RaftServerConfigKeys (ConfUtils.java:logFallback(53)) - raft.server.rpc.first-election.timeout.min = 5s (fallback to raft.server.rpc.timeout.min)
2022-11-10 07:16:25,377 [ebd53443-e3ae-4256-96ac-f1308b179955@group-35A0037A9220-FollowerState] INFO  server.RaftServerConfigKeys (ConfUtils.java:logFallback(53)) - raft.server.rpc.first-election.timeout.max = 5200ms (fallback to raft.server.rpc.timeout.max)
2022-11-10 07:16:25,379 [91b954a0-6378-41b2-9057-8851e07a0c7d@group-35A0037A9220-FollowerState] INFO  server.RaftServerConfigKeys (ConfUtils.java:logFallback(53)) - raft.server.rpc.first-election.timeout.min = 5s (fallback to raft.server.rpc.timeout.min)
2022-11-10 07:16:25,379 [91b954a0-6378-41b2-9057-8851e07a0c7d@group-35A0037A9220-FollowerState] INFO  server.RaftServerConfigKeys (ConfUtils.java:logFallback(53)) - raft.server.rpc.first-election.timeout.max = 5200ms (fallback to raft.server.rpc.timeout.max)
2022-11-10 07:16:25,407 [91b954a0-6378-41b2-9057-8851e07a0c7d@group-D2B3A0D0972F-FollowerState] INFO  impl.FollowerState (FollowerState.java:run(143)) - 91b954a0-6378-41b2-9057-8851e07a0c7d@group-D2B3A0D0972F-FollowerState: change to CANDIDATE, lastRpcElapsedTime:5076541861ns, electionTimeout:5071ms
2022-11-10 07:16:25,407 [91b954a0-6378-41b2-9057-8851e07a0c7d@group-D2B3A0D0972F-FollowerState] INFO  impl.RoleInfo (RoleInfo.java:shutdownFollowerState(110)) - 91b954a0-6378-41b2-9057-8851e07a0c7d: shutdown 91b954a0-6378-41b2-9057-8851e07a0c7d@group-D2B3A0D0972F-FollowerState
2022-11-10 07:16:25,407 [91b954a0-6378-41b2-9057-8851e07a0c7d@group-D2B3A0D0972F-FollowerState] INFO  server.RaftServer$Division (RaftServerImpl.java:setRole(321)) - 91b954a0-6378-41b2-9057-8851e07a0c7d@group-D2B3A0D0972F: changes role from  FOLLOWER to CANDIDATE at term 2 for changeToCandidate
2022-11-10 07:16:25,407 [91b954a0-6378-41b2-9057-8851e07a0c7d@group-D2B3A0D0972F-FollowerState] INFO  server.RaftServerConfigKeys (ConfUtils.java:logGet(46)) - raft.server.leaderelection.pre-vote = false (custom)
2022-11-10 07:16:25,407 [91b954a0-6378-41b2-9057-8851e07a0c7d@group-D2B3A0D0972F-FollowerState] INFO  impl.RoleInfo (RoleInfo.java:updateAndGet(139)) - 91b954a0-6378-41b2-9057-8851e07a0c7d: start 91b954a0-6378-41b2-9057-8851e07a0c7d@group-D2B3A0D0972F-LeaderElection51
2022-11-10 07:16:25,410 [91b954a0-6378-41b2-9057-8851e07a0c7d@group-D2B3A0D0972F-LeaderElection51] INFO  impl.LeaderElection (LeaderElection.java:askForVotes(312)) - 91b954a0-6378-41b2-9057-8851e07a0c7d@group-D2B3A0D0972F-LeaderElection51 ELECTION round 0: submit vote requests at term 3 for -1: peers:[91b954a0-6378-41b2-9057-8851e07a0c7d|rpc:10.1.0.59:36765|priority:0|startupRole:FOLLOWER, ebd53443-e3ae-4256-96ac-f1308b179955|rpc:10.1.0.59:38343|priority:1|startupRole:FOLLOWER, 37bda9b0-0df5-4ea8-952a-0c6f71b93e6d|rpc:10.1.0.59:43699|priority:0|startupRole:FOLLOWER]|listeners:[], old=null
2022-11-10 07:16:25,411 [91b954a0-6378-41b2-9057-8851e07a0c7d@group-D2B3A0D0972F-LeaderElection51] INFO  server.RaftServerConfigKeys (ConfUtils.java:logFallback(53)) - raft.server.rpc.first-election.timeout.min = 5s (fallback to raft.server.rpc.timeout.min)
2022-11-10 07:16:25,411 [91b954a0-6378-41b2-9057-8851e07a0c7d@group-D2B3A0D0972F-LeaderElection51] INFO  server.RaftServerConfigKeys (ConfUtils.java:logFallback(53)) - raft.server.rpc.first-election.timeout.max = 5200ms (fallback to raft.server.rpc.timeout.max)
2022-11-10 07:16:25,412 [grpc-default-executor-4] INFO  server.RaftServer$Division (RaftServerImpl.java:requestVote(1218)) - ebd53443-e3ae-4256-96ac-f1308b179955@group-D2B3A0D0972F: receive requestVote(ELECTION, 91b954a0-6378-41b2-9057-8851e07a0c7d, group-D2B3A0D0972F, 3, (t:0, i:0))
2022-11-10 07:16:25,415 [grpc-default-executor-2] INFO  server.RaftServer$Division (RaftServerImpl.java:requestVote(1218)) - 37bda9b0-0df5-4ea8-952a-0c6f71b93e6d@group-D2B3A0D0972F: receive requestVote(ELECTION, 91b954a0-6378-41b2-9057-8851e07a0c7d, group-D2B3A0D0972F, 3, (t:0, i:0))
2022-11-10 07:16:25,415 [grpc-default-executor-2] INFO  impl.VoteContext (VoteContext.java:log(48)) - 37bda9b0-0df5-4ea8-952a-0c6f71b93e6d@group-D2B3A0D0972F-FOLLOWER: accept ELECTION from 91b954a0-6378-41b2-9057-8851e07a0c7d: our priority 0 <= candidate's priority 0
2022-11-10 07:16:25,415 [grpc-default-executor-2] INFO  server.RaftServer$Division (RaftServerImpl.java:setRole(321)) - 37bda9b0-0df5-4ea8-952a-0c6f71b93e6d@group-D2B3A0D0972F: changes role from  FOLLOWER to FOLLOWER at term 3 for candidate:91b954a0-6378-41b2-9057-8851e07a0c7d
2022-11-10 07:16:25,415 [grpc-default-executor-2] INFO  impl.RoleInfo (RoleInfo.java:shutdownFollowerState(110)) - 37bda9b0-0df5-4ea8-952a-0c6f71b93e6d: shutdown 37bda9b0-0df5-4ea8-952a-0c6f71b93e6d@group-D2B3A0D0972F-FollowerState
2022-11-10 07:16:25,415 [grpc-default-executor-2] INFO  impl.RoleInfo (RoleInfo.java:updateAndGet(139)) - 37bda9b0-0df5-4ea8-952a-0c6f71b93e6d: start 37bda9b0-0df5-4ea8-952a-0c6f71b93e6d@group-D2B3A0D0972F-FollowerState
2022-11-10 07:16:25,415 [37bda9b0-0df5-4ea8-952a-0c6f71b93e6d@group-D2B3A0D0972F-FollowerState] INFO  impl.FollowerState (FollowerState.java:run(152)) - 37bda9b0-0df5-4ea8-952a-0c6f71b93e6d@group-D2B3A0D0972F-FollowerState was interrupted
2022-11-10 07:16:25,415 [grpc-default-executor-4] INFO  impl.VoteContext (VoteContext.java:log(48)) - ebd53443-e3ae-4256-96ac-f1308b179955@group-D2B3A0D0972F-FOLLOWER: reject ELECTION from 91b954a0-6378-41b2-9057-8851e07a0c7d: our priority 1 > candidate's priority 0
2022-11-10 07:16:25,415 [grpc-default-executor-4] INFO  server.RaftServer$Division (RaftServerImpl.java:setRole(321)) - ebd53443-e3ae-4256-96ac-f1308b179955@group-D2B3A0D0972F: changes role from  FOLLOWER to FOLLOWER at term 3 for candidate:91b954a0-6378-41b2-9057-8851e07a0c7d
2022-11-10 07:16:25,415 [grpc-default-executor-4] INFO  impl.RoleInfo (RoleInfo.java:shutdownFollowerState(110)) - ebd53443-e3ae-4256-96ac-f1308b179955: shutdown ebd53443-e3ae-4256-96ac-f1308b179955@group-D2B3A0D0972F-FollowerState
2022-11-10 07:16:25,417 [grpc-default-executor-4] INFO  impl.RoleInfo (RoleInfo.java:updateAndGet(139)) - ebd53443-e3ae-4256-96ac-f1308b179955: start ebd53443-e3ae-4256-96ac-f1308b179955@group-D2B3A0D0972F-FollowerState
2022-11-10 07:16:25,417 [ebd53443-e3ae-4256-96ac-f1308b179955@group-D2B3A0D0972F-FollowerState] INFO  impl.FollowerState (FollowerState.java:run(152)) - ebd53443-e3ae-4256-96ac-f1308b179955@group-D2B3A0D0972F-FollowerState was interrupted
2022-11-10 07:16:25,418 [ebd53443-e3ae-4256-96ac-f1308b179955@group-D2B3A0D0972F-FollowerState] INFO  server.RaftServerConfigKeys (ConfUtils.java:logFallback(53)) - raft.server.rpc.first-election.timeout.min = 5s (fallback to raft.server.rpc.timeout.min)
2022-11-10 07:16:25,418 [37bda9b0-0df5-4ea8-952a-0c6f71b93e6d@group-D2B3A0D0972F-FollowerState] INFO  server.RaftServerConfigKeys (ConfUtils.java:logFallback(53)) - raft.server.rpc.first-election.timeout.min = 5s (fallback to raft.server.rpc.timeout.min)
2022-11-10 07:16:25,418 [37bda9b0-0df5-4ea8-952a-0c6f71b93e6d@group-D2B3A0D0972F-FollowerState] INFO  server.RaftServerConfigKeys (ConfUtils.java:logFallback(53)) - raft.server.rpc.first-election.timeout.max = 5200ms (fallback to raft.server.rpc.timeout.max)
2022-11-10 07:16:25,418 [grpc-default-executor-2] INFO  server.RaftServer$Division (RaftServerImpl.java:requestVote(1251)) - 37bda9b0-0df5-4ea8-952a-0c6f71b93e6d@group-D2B3A0D0972F replies to ELECTION vote request: 91b954a0-6378-41b2-9057-8851e07a0c7d<-37bda9b0-0df5-4ea8-952a-0c6f71b93e6d#0:OK-t3. Peer's state: 37bda9b0-0df5-4ea8-952a-0c6f71b93e6d@group-D2B3A0D0972F:t3, leader=null, voted=91b954a0-6378-41b2-9057-8851e07a0c7d, raftlog=Memoized:37bda9b0-0df5-4ea8-952a-0c6f71b93e6d@group-D2B3A0D0972F-SegmentedRaftLog:OPENED:c-1, conf=-1: peers:[91b954a0-6378-41b2-9057-8851e07a0c7d|rpc:10.1.0.59:36765|dataStream:|priority:0|startupRole:FOLLOWER, ebd53443-e3ae-4256-96ac-f1308b179955|rpc:10.1.0.59:38343|dataStream:|priority:1|startupRole:FOLLOWER, 37bda9b0-0df5-4ea8-952a-0c6f71b93e6d|rpc:10.1.0.59:43699|dataStream:|priority:0|startupRole:FOLLOWER]|listeners:[], old=null
2022-11-10 07:16:25,418 [ebd53443-e3ae-4256-96ac-f1308b179955@group-D2B3A0D0972F-FollowerState] INFO  server.RaftServerConfigKeys (ConfUtils.java:logFallback(53)) - raft.server.rpc.first-election.timeout.max = 5200ms (fallback to raft.server.rpc.timeout.max)
2022-11-10 07:16:25,420 [grpc-default-executor-4] INFO  server.RaftServer$Division (RaftServerImpl.java:requestVote(1251)) - ebd53443-e3ae-4256-96ac-f1308b179955@group-D2B3A0D0972F replies to ELECTION vote request: 91b954a0-6378-41b2-9057-8851e07a0c7d<-ebd53443-e3ae-4256-96ac-f1308b179955#0:FAIL-t3. Peer's state: ebd53443-e3ae-4256-96ac-f1308b179955@group-D2B3A0D0972F:t3, leader=null, voted=null, raftlog=Memoized:ebd53443-e3ae-4256-96ac-f1308b179955@group-D2B3A0D0972F-SegmentedRaftLog:OPENED:c-1, conf=-1: peers:[91b954a0-6378-41b2-9057-8851e07a0c7d|rpc:10.1.0.59:36765|dataStream:|priority:0|startupRole:FOLLOWER, ebd53443-e3ae-4256-96ac-f1308b179955|rpc:10.1.0.59:38343|dataStream:|priority:1|startupRole:FOLLOWER, 37bda9b0-0df5-4ea8-952a-0c6f71b93e6d|rpc:10.1.0.59:43699|dataStream:|priority:0|startupRole:FOLLOWER]|listeners:[], old=null
2022-11-10 07:16:25,421 [91b954a0-6378-41b2-9057-8851e07a0c7d@group-D2B3A0D0972F-LeaderElection51] INFO  impl.LeaderElection (LeaderElection.java:logAndReturn(90)) - 91b954a0-6378-41b2-9057-8851e07a0c7d@group-D2B3A0D0972F-LeaderElection51: ELECTION REJECTED received 2 response(s) and 0 exception(s):
2022-11-10 07:16:25,421 [91b954a0-6378-41b2-9057-8851e07a0c7d@group-D2B3A0D0972F-LeaderElection51] INFO  impl.LeaderElection (LeaderElection.java:logAndReturn(94)) -   Response 0: 91b954a0-6378-41b2-9057-8851e07a0c7d<-ebd53443-e3ae-4256-96ac-f1308b179955#0:FAIL-t3
2022-11-10 07:16:25,421 [91b954a0-6378-41b2-9057-8851e07a0c7d@group-D2B3A0D0972F-LeaderElection51] INFO  impl.LeaderElection (LeaderElection.java:logAndReturn(94)) -   Response 1: 91b954a0-6378-41b2-9057-8851e07a0c7d<-37bda9b0-0df5-4ea8-952a-0c6f71b93e6d#0:OK-t3
2022-11-10 07:16:25,421 [91b954a0-6378-41b2-9057-8851e07a0c7d@group-D2B3A0D0972F-LeaderElection51] INFO  impl.LeaderElection (LeaderElection.java:askForVotes(314)) - 91b954a0-6378-41b2-9057-8851e07a0c7d@group-D2B3A0D0972F-LeaderElection51 ELECTION round 0: result REJECTED
2022-11-10 07:16:25,421 [91b954a0-6378-41b2-9057-8851e07a0c7d@group-D2B3A0D0972F-LeaderElection51] INFO  server.RaftServer$Division (RaftServerImpl.java:setRole(321)) - 91b954a0-6378-41b2-9057-8851e07a0c7d@group-D2B3A0D0972F: changes role from CANDIDATE to FOLLOWER at term 3 for REJECTED
2022-11-10 07:16:25,421 [91b954a0-6378-41b2-9057-8851e07a0c7d@group-D2B3A0D0972F-LeaderElection51] INFO  impl.RoleInfo (RoleInfo.java:shutdownLeaderElection(130)) - 91b954a0-6378-41b2-9057-8851e07a0c7d: shutdown 91b954a0-6378-41b2-9057-8851e07a0c7d@group-D2B3A0D0972F-LeaderElection51
2022-11-10 07:16:25,421 [91b954a0-6378-41b2-9057-8851e07a0c7d@group-D2B3A0D0972F-LeaderElection51] INFO  impl.RoleInfo (RoleInfo.java:updateAndGet(139)) - 91b954a0-6378-41b2-9057-8851e07a0c7d: start 91b954a0-6378-41b2-9057-8851e07a0c7d@group-D2B3A0D0972F-FollowerState
2022-11-10 07:16:25,422 [91b954a0-6378-41b2-9057-8851e07a0c7d@group-D2B3A0D0972F-FollowerState] INFO  server.RaftServerConfigKeys (ConfUtils.java:logFallback(53)) - raft.server.rpc.first-election.timeout.min = 5s (fallback to raft.server.rpc.timeout.min)
2022-11-10 07:16:25,422 [91b954a0-6378-41b2-9057-8851e07a0c7d@group-D2B3A0D0972F-FollowerState] INFO  server.RaftServerConfigKeys (ConfUtils.java:logFallback(53)) - raft.server.rpc.first-election.timeout.max = 5200ms (fallback to raft.server.rpc.timeout.max)
2022-11-10 07:16:30,394 [91b954a0-6378-41b2-9057-8851e07a0c7d@group-35A0037A9220-FollowerState] INFO  impl.FollowerState (FollowerState.java:run(143)) - 91b954a0-6378-41b2-9057-8851e07a0c7d@group-35A0037A9220-FollowerState: change to CANDIDATE, lastRpcElapsedTime:5017410480ns, electionTimeout:5015ms
2022-11-10 07:16:30,395 [91b954a0-6378-41b2-9057-8851e07a0c7d@group-35A0037A9220-FollowerState] INFO  impl.RoleInfo (RoleInfo.java:shutdownFollowerState(110)) - 91b954a0-6378-41b2-9057-8851e07a0c7d: shutdown 91b954a0-6378-41b2-9057-8851e07a0c7d@group-35A0037A9220-FollowerState
2022-11-10 07:16:30,395 [91b954a0-6378-41b2-9057-8851e07a0c7d@group-35A0037A9220-FollowerState] INFO  server.RaftServer$Division (RaftServerImpl.java:setRole(321)) - 91b954a0-6378-41b2-9057-8851e07a0c7d@group-35A0037A9220: changes role from  FOLLOWER to CANDIDATE at term 3 for changeToCandidate
2022-11-10 07:16:30,395 [91b954a0-6378-41b2-9057-8851e07a0c7d@group-35A0037A9220-FollowerState] INFO  server.RaftServerConfigKeys (ConfUtils.java:logGet(46)) - raft.server.leaderelection.pre-vote = false (custom)
2022-11-10 07:16:30,395 [91b954a0-6378-41b2-9057-8851e07a0c7d@group-35A0037A9220-FollowerState] INFO  impl.RoleInfo (RoleInfo.java:updateAndGet(139)) - 91b954a0-6378-41b2-9057-8851e07a0c7d: start 91b954a0-6378-41b2-9057-8851e07a0c7d@group-35A0037A9220-LeaderElection52
2022-11-10 07:16:30,398 [91b954a0-6378-41b2-9057-8851e07a0c7d@group-35A0037A9220-LeaderElection52] INFO  impl.LeaderElection (LeaderElection.java:askForVotes(312)) - 91b954a0-6378-41b2-9057-8851e07a0c7d@group-35A0037A9220-LeaderElection52 ELECTION round 0: submit vote requests at term 4 for -1: peers:[91b954a0-6378-41b2-9057-8851e07a0c7d|rpc:10.1.0.59:36765|priority:0|startupRole:FOLLOWER, ebd53443-e3ae-4256-96ac-f1308b179955|rpc:10.1.0.59:38343|priority:0|startupRole:FOLLOWER, 37bda9b0-0df5-4ea8-952a-0c6f71b93e6d|rpc:10.1.0.59:43699|priority:1|startupRole:FOLLOWER]|listeners:[], old=null
2022-11-10 07:16:30,398 [91b954a0-6378-41b2-9057-8851e07a0c7d@group-35A0037A9220-LeaderElection52] INFO  server.RaftServerConfigKeys (ConfUtils.java:logFallback(53)) - raft.server.rpc.first-election.timeout.min = 5s (fallback to raft.server.rpc.timeout.min)
2022-11-10 07:16:30,398 [91b954a0-6378-41b2-9057-8851e07a0c7d@group-35A0037A9220-LeaderElection52] INFO  server.RaftServerConfigKeys (ConfUtils.java:logFallback(53)) - raft.server.rpc.first-election.timeout.max = 5200ms (fallback to raft.server.rpc.timeout.max)
2022-11-10 07:16:30,400 [grpc-default-executor-4] INFO  server.RaftServer$Division (RaftServerImpl.java:requestVote(1218)) - 37bda9b0-0df5-4ea8-952a-0c6f71b93e6d@group-35A0037A9220: receive requestVote(ELECTION, 91b954a0-6378-41b2-9057-8851e07a0c7d, group-35A0037A9220, 4, (t:0, i:0))
2022-11-10 07:16:30,400 [grpc-default-executor-4] INFO  impl.VoteContext (VoteContext.java:log(48)) - 37bda9b0-0df5-4ea8-952a-0c6f71b93e6d@group-35A0037A9220-FOLLOWER: reject ELECTION from 91b954a0-6378-41b2-9057-8851e07a0c7d: our priority 1 > candidate's priority 0
2022-11-10 07:16:30,400 [grpc-default-executor-4] INFO  server.RaftServer$Division (RaftServerImpl.java:setRole(321)) - 37bda9b0-0df5-4ea8-952a-0c6f71b93e6d@group-35A0037A9220: changes role from  FOLLOWER to FOLLOWER at term 4 for candidate:91b954a0-6378-41b2-9057-8851e07a0c7d
2022-11-10 07:16:30,400 [grpc-default-executor-4] INFO  impl.RoleInfo (RoleInfo.java:shutdownFollowerState(110)) - 37bda9b0-0df5-4ea8-952a-0c6f71b93e6d: shutdown 37bda9b0-0df5-4ea8-952a-0c6f71b93e6d@group-35A0037A9220-FollowerState
2022-11-10 07:16:30,400 [grpc-default-executor-4] INFO  impl.RoleInfo (RoleInfo.java:updateAndGet(139)) - 37bda9b0-0df5-4ea8-952a-0c6f71b93e6d: start 37bda9b0-0df5-4ea8-952a-0c6f71b93e6d@group-35A0037A9220-FollowerState
2022-11-10 07:16:30,400 [37bda9b0-0df5-4ea8-952a-0c6f71b93e6d@group-35A0037A9220-FollowerState] INFO  impl.FollowerState (FollowerState.java:run(152)) - 37bda9b0-0df5-4ea8-952a-0c6f71b93e6d@group-35A0037A9220-FollowerState was interrupted
2022-11-10 07:16:30,400 [grpc-default-executor-2] INFO  server.RaftServer$Division (RaftServerImpl.java:requestVote(1218)) - ebd53443-e3ae-4256-96ac-f1308b179955@group-35A0037A9220: receive requestVote(ELECTION, 91b954a0-6378-41b2-9057-8851e07a0c7d, group-35A0037A9220, 4, (t:0, i:0))
2022-11-10 07:16:30,401 [grpc-default-executor-2] INFO  impl.VoteContext (VoteContext.java:log(48)) - ebd53443-e3ae-4256-96ac-f1308b179955@group-35A0037A9220-FOLLOWER: accept ELECTION from 91b954a0-6378-41b2-9057-8851e07a0c7d: our priority 0 <= candidate's priority 0
2022-11-10 07:16:30,401 [grpc-default-executor-2] INFO  server.RaftServer$Division (RaftServerImpl.java:setRole(321)) - ebd53443-e3ae-4256-96ac-f1308b179955@group-35A0037A9220: changes role from  FOLLOWER to FOLLOWER at term 4 for candidate:91b954a0-6378-41b2-9057-8851e07a0c7d
2022-11-10 07:16:30,401 [grpc-default-executor-2] INFO  impl.RoleInfo (RoleInfo.java:shutdownFollowerState(110)) - ebd53443-e3ae-4256-96ac-f1308b179955: shutdown ebd53443-e3ae-4256-96ac-f1308b179955@group-35A0037A9220-FollowerState
2022-11-10 07:16:30,401 [grpc-default-executor-2] INFO  impl.RoleInfo (RoleInfo.java:updateAndGet(139)) - ebd53443-e3ae-4256-96ac-f1308b179955: start ebd53443-e3ae-4256-96ac-f1308b179955@group-35A0037A9220-FollowerState
2022-11-10 07:16:30,401 [ebd53443-e3ae-4256-96ac-f1308b179955@group-35A0037A9220-FollowerState] INFO  impl.FollowerState (FollowerState.java:run(152)) - ebd53443-e3ae-4256-96ac-f1308b179955@group-35A0037A9220-FollowerState was interrupted
2022-11-10 07:16:30,401 [37bda9b0-0df5-4ea8-952a-0c6f71b93e6d@group-35A0037A9220-FollowerState] INFO  server.RaftServerConfigKeys (ConfUtils.java:logFallback(53)) - raft.server.rpc.first-election.timeout.min = 5s (fallback to raft.server.rpc.timeout.min)
2022-11-10 07:16:30,401 [37bda9b0-0df5-4ea8-952a-0c6f71b93e6d@group-35A0037A9220-FollowerState] INFO  server.RaftServerConfigKeys (ConfUtils.java:logFallback(53)) - raft.server.rpc.first-election.timeout.max = 5200ms (fallback to raft.server.rpc.timeout.max)
2022-11-10 07:16:30,402 [grpc-default-executor-4] INFO  server.RaftServer$Division (RaftServerImpl.java:requestVote(1251)) - 37bda9b0-0df5-4ea8-952a-0c6f71b93e6d@group-35A0037A9220 replies to ELECTION vote request: 91b954a0-6378-41b2-9057-8851e07a0c7d<-37bda9b0-0df5-4ea8-952a-0c6f71b93e6d#0:FAIL-t4. Peer's state: 37bda9b0-0df5-4ea8-952a-0c6f71b93e6d@group-35A0037A9220:t4, leader=null, voted=null, raftlog=Memoized:37bda9b0-0df5-4ea8-952a-0c6f71b93e6d@group-35A0037A9220-SegmentedRaftLog:OPENED:c-1, conf=-1: peers:[91b954a0-6378-41b2-9057-8851e07a0c7d|rpc:10.1.0.59:36765|dataStream:|priority:0|startupRole:FOLLOWER, ebd53443-e3ae-4256-96ac-f1308b179955|rpc:10.1.0.59:38343|dataStream:|priority:0|startupRole:FOLLOWER, 37bda9b0-0df5-4ea8-952a-0c6f71b93e6d|rpc:10.1.0.59:43699|dataStream:|priority:1|startupRole:FOLLOWER]|listeners:[], old=null
2022-11-10 07:16:30,403 [ebd53443-e3ae-4256-96ac-f1308b179955@group-35A0037A9220-FollowerState] INFO  server.RaftServerConfigKeys (ConfUtils.java:logFallback(53)) - raft.server.rpc.first-election.timeout.min = 5s (fallback to raft.server.rpc.timeout.min)
2022-11-10 07:16:30,403 [ebd53443-e3ae-4256-96ac-f1308b179955@group-35A0037A9220-FollowerState] INFO  server.RaftServerConfigKeys (ConfUtils.java:logFallback(53)) - raft.server.rpc.first-election.timeout.max = 5200ms (fallback to raft.server.rpc.timeout.max)
2022-11-10 07:16:30,404 [91b954a0-6378-41b2-9057-8851e07a0c7d@group-35A0037A9220-LeaderElection52] INFO  impl.LeaderElection (LeaderElection.java:logAndReturn(90)) - 91b954a0-6378-41b2-9057-8851e07a0c7d@group-35A0037A9220-LeaderElection52: ELECTION REJECTED received 1 response(s) and 0 exception(s):
2022-11-10 07:16:30,404 [91b954a0-6378-41b2-9057-8851e07a0c7d@group-35A0037A9220-LeaderElection52] INFO  impl.LeaderElection (LeaderElection.java:logAndReturn(94)) -   Response 0: 91b954a0-6378-41b2-9057-8851e07a0c7d<-37bda9b0-0df5-4ea8-952a-0c6f71b93e6d#0:FAIL-t4
2022-11-10 07:16:30,404 [91b954a0-6378-41b2-9057-8851e07a0c7d@group-35A0037A9220-LeaderElection52] INFO  impl.LeaderElection (LeaderElection.java:askForVotes(314)) - 91b954a0-6378-41b2-9057-8851e07a0c7d@group-35A0037A9220-LeaderElection52 ELECTION round 0: result REJECTED
2022-11-10 07:16:30,404 [91b954a0-6378-41b2-9057-8851e07a0c7d@group-35A0037A9220-LeaderElection52] INFO  server.RaftServer$Division (RaftServerImpl.java:setRole(321)) - 91b954a0-6378-41b2-9057-8851e07a0c7d@group-35A0037A9220: changes role from CANDIDATE to FOLLOWER at term 4 for REJECTED
2022-11-10 07:16:30,404 [91b954a0-6378-41b2-9057-8851e07a0c7d@group-35A0037A9220-LeaderElection52] INFO  impl.RoleInfo (RoleInfo.java:shutdownLeaderElection(130)) - 91b954a0-6378-41b2-9057-8851e07a0c7d: shutdown 91b954a0-6378-41b2-9057-8851e07a0c7d@group-35A0037A9220-LeaderElection52
2022-11-10 07:16:30,404 [91b954a0-6378-41b2-9057-8851e07a0c7d@group-35A0037A9220-LeaderElection52] INFO  impl.RoleInfo (RoleInfo.java:updateAndGet(139)) - 91b954a0-6378-41b2-9057-8851e07a0c7d: start 91b954a0-6378-41b2-9057-8851e07a0c7d@group-35A0037A9220-FollowerState
2022-11-10 07:16:30,404 [grpc-default-executor-2] INFO  server.RaftServer$Division (RaftServerImpl.java:requestVote(1251)) - ebd53443-e3ae-4256-96ac-f1308b179955@group-35A0037A9220 replies to ELECTION vote request: 91b954a0-6378-41b2-9057-8851e07a0c7d<-ebd53443-e3ae-4256-96ac-f1308b179955#0:OK-t4. Peer's state: ebd53443-e3ae-4256-96ac-f1308b179955@group-35A0037A9220:t4, leader=null, voted=91b954a0-6378-41b2-9057-8851e07a0c7d, raftlog=Memoized:ebd53443-e3ae-4256-96ac-f1308b179955@group-35A0037A9220-SegmentedRaftLog:OPENED:c-1, conf=-1: peers:[91b954a0-6378-41b2-9057-8851e07a0c7d|rpc:10.1.0.59:36765|dataStream:|priority:0|startupRole:FOLLOWER, ebd53443-e3ae-4256-96ac-f1308b179955|rpc:10.1.0.59:38343|dataStream:|priority:0|startupRole:FOLLOWER, 37bda9b0-0df5-4ea8-952a-0c6f71b93e6d|rpc:10.1.0.59:43699|dataStream:|priority:1|startupRole:FOLLOWER]|listeners:[], old=null
2022-11-10 07:16:30,406 [91b954a0-6378-41b2-9057-8851e07a0c7d@group-35A0037A9220-FollowerState] INFO  server.RaftServerConfigKeys (ConfUtils.java:logFallback(53)) - raft.server.rpc.first-election.timeout.min = 5s (fallback to raft.server.rpc.timeout.min)
2022-11-10 07:16:30,406 [91b954a0-6378-41b2-9057-8851e07a0c7d@group-35A0037A9220-FollowerState] INFO  server.RaftServerConfigKeys (ConfUtils.java:logFallback(53)) - raft.server.rpc.first-election.timeout.max = 5200ms (fallback to raft.server.rpc.timeout.max)
2022-11-10 07:16:30,424 [ebd53443-e3ae-4256-96ac-f1308b179955@group-D2B3A0D0972F-FollowerState] INFO  impl.FollowerState (FollowerState.java:run(143)) - ebd53443-e3ae-4256-96ac-f1308b179955@group-D2B3A0D0972F-FollowerState: change to CANDIDATE, lastRpcElapsedTime:5007132647ns, electionTimeout:5005ms
2022-11-10 07:16:30,424 [ebd53443-e3ae-4256-96ac-f1308b179955@group-D2B3A0D0972F-FollowerState] INFO  impl.RoleInfo (RoleInfo.java:shutdownFollowerState(110)) - ebd53443-e3ae-4256-96ac-f1308b179955: shutdown ebd53443-e3ae-4256-96ac-f1308b179955@group-D2B3A0D0972F-FollowerState
2022-11-10 07:16:30,424 [ebd53443-e3ae-4256-96ac-f1308b179955@group-D2B3A0D0972F-FollowerState] INFO  server.RaftServer$Division (RaftServerImpl.java:setRole(321)) - ebd53443-e3ae-4256-96ac-f1308b179955@group-D2B3A0D0972F: changes role from  FOLLOWER to CANDIDATE at term 3 for changeToCandidate
2022-11-10 07:16:30,424 [ebd53443-e3ae-4256-96ac-f1308b179955@group-D2B3A0D0972F-FollowerState] INFO  server.RaftServerConfigKeys (ConfUtils.java:logGet(46)) - raft.server.leaderelection.pre-vote = false (custom)
2022-11-10 07:16:30,424 [ebd53443-e3ae-4256-96ac-f1308b179955@group-D2B3A0D0972F-FollowerState] INFO  impl.RoleInfo (RoleInfo.java:updateAndGet(139)) - ebd53443-e3ae-4256-96ac-f1308b179955: start ebd53443-e3ae-4256-96ac-f1308b179955@group-D2B3A0D0972F-LeaderElection53
2022-11-10 07:16:30,427 [ebd53443-e3ae-4256-96ac-f1308b179955@group-D2B3A0D0972F-LeaderElection53] INFO  impl.LeaderElection (LeaderElection.java:askForVotes(312)) - ebd53443-e3ae-4256-96ac-f1308b179955@group-D2B3A0D0972F-LeaderElection53 ELECTION round 0: submit vote requests at term 4 for -1: peers:[91b954a0-6378-41b2-9057-8851e07a0c7d|rpc:10.1.0.59:36765|dataStream:|priority:0|startupRole:FOLLOWER, ebd53443-e3ae-4256-96ac-f1308b179955|rpc:10.1.0.59:38343|dataStream:|priority:1|startupRole:FOLLOWER, 37bda9b0-0df5-4ea8-952a-0c6f71b93e6d|rpc:10.1.0.59:43699|dataStream:|priority:0|startupRole:FOLLOWER]|listeners:[], old=null
2022-11-10 07:16:30,427 [ebd53443-e3ae-4256-96ac-f1308b179955@group-D2B3A0D0972F-LeaderElection53] INFO  server.RaftServerConfigKeys (ConfUtils.java:logFallback(53)) - raft.server.rpc.first-election.timeout.min = 5s (fallback to raft.server.rpc.timeout.min)
2022-11-10 07:16:30,427 [ebd53443-e3ae-4256-96ac-f1308b179955@group-D2B3A0D0972F-LeaderElection53] INFO  server.RaftServerConfigKeys (ConfUtils.java:logFallback(53)) - raft.server.rpc.first-election.timeout.max = 5200ms (fallback to raft.server.rpc.timeout.max)
2022-11-10 07:16:30,429 [grpc-default-executor-2] INFO  server.RaftServer$Division (RaftServerImpl.java:requestVote(1218)) - 37bda9b0-0df5-4ea8-952a-0c6f71b93e6d@group-D2B3A0D0972F: receive requestVote(ELECTION, ebd53443-e3ae-4256-96ac-f1308b179955, group-D2B3A0D0972F, 4, (t:0, i:0))
2022-11-10 07:16:30,429 [grpc-default-executor-2] INFO  impl.VoteContext (VoteContext.java:log(48)) - 37bda9b0-0df5-4ea8-952a-0c6f71b93e6d@group-D2B3A0D0972F-FOLLOWER: accept ELECTION from ebd53443-e3ae-4256-96ac-f1308b179955: our priority 0 <= candidate's priority 1
2022-11-10 07:16:30,429 [grpc-default-executor-2] INFO  server.RaftServer$Division (RaftServerImpl.java:setRole(321)) - 37bda9b0-0df5-4ea8-952a-0c6f71b93e6d@group-D2B3A0D0972F: changes role from  FOLLOWER to FOLLOWER at term 4 for candidate:ebd53443-e3ae-4256-96ac-f1308b179955
2022-11-10 07:16:30,429 [grpc-default-executor-2] INFO  impl.RoleInfo (RoleInfo.java:shutdownFollowerState(110)) - 37bda9b0-0df5-4ea8-952a-0c6f71b93e6d: shutdown 37bda9b0-0df5-4ea8-952a-0c6f71b93e6d@group-D2B3A0D0972F-FollowerState
2022-11-10 07:16:30,429 [grpc-default-executor-2] INFO  impl.RoleInfo (RoleInfo.java:updateAndGet(139)) - 37bda9b0-0df5-4ea8-952a-0c6f71b93e6d: start 37bda9b0-0df5-4ea8-952a-0c6f71b93e6d@group-D2B3A0D0972F-FollowerState
2022-11-10 07:16:30,429 [37bda9b0-0df5-4ea8-952a-0c6f71b93e6d@group-D2B3A0D0972F-FollowerState] INFO  impl.FollowerState (FollowerState.java:run(152)) - 37bda9b0-0df5-4ea8-952a-0c6f71b93e6d@group-D2B3A0D0972F-FollowerState was interrupted
2022-11-10 07:16:30,431 [grpc-default-executor-4] INFO  server.RaftServer$Division (RaftServerImpl.java:requestVote(1218)) - 91b954a0-6378-41b2-9057-8851e07a0c7d@group-D2B3A0D0972F: receive requestVote(ELECTION, ebd53443-e3ae-4256-96ac-f1308b179955, group-D2B3A0D0972F, 4, (t:0, i:0))
2022-11-10 07:16:30,431 [37bda9b0-0df5-4ea8-952a-0c6f71b93e6d@group-D2B3A0D0972F-FollowerState] INFO  server.RaftServerConfigKeys (ConfUtils.java:logFallback(53)) - raft.server.rpc.first-election.timeout.min = 5s (fallback to raft.server.rpc.timeout.min)
2022-11-10 07:16:30,431 [37bda9b0-0df5-4ea8-952a-0c6f71b93e6d@group-D2B3A0D0972F-FollowerState] INFO  server.RaftServerConfigKeys (ConfUtils.java:logFallback(53)) - raft.server.rpc.first-election.timeout.max = 5200ms (fallback to raft.server.rpc.timeout.max)
2022-11-10 07:16:30,431 [grpc-default-executor-4] INFO  impl.VoteContext (VoteContext.java:log(48)) - 91b954a0-6378-41b2-9057-8851e07a0c7d@group-D2B3A0D0972F-FOLLOWER: accept ELECTION from ebd53443-e3ae-4256-96ac-f1308b179955: our priority 0 <= candidate's priority 1
2022-11-10 07:16:30,431 [grpc-default-executor-4] INFO  server.RaftServer$Division (RaftServerImpl.java:setRole(321)) - 91b954a0-6378-41b2-9057-8851e07a0c7d@group-D2B3A0D0972F: changes role from  FOLLOWER to FOLLOWER at term 4 for candidate:ebd53443-e3ae-4256-96ac-f1308b179955
2022-11-10 07:16:30,431 [grpc-default-executor-4] INFO  impl.RoleInfo (RoleInfo.java:shutdownFollowerState(110)) - 91b954a0-6378-41b2-9057-8851e07a0c7d: shutdown 91b954a0-6378-41b2-9057-8851e07a0c7d@group-D2B3A0D0972F-FollowerState
2022-11-10 07:16:30,431 [grpc-default-executor-4] INFO  impl.RoleInfo (RoleInfo.java:updateAndGet(139)) - 91b954a0-6378-41b2-9057-8851e07a0c7d: start 91b954a0-6378-41b2-9057-8851e07a0c7d@group-D2B3A0D0972F-FollowerState
2022-11-10 07:16:30,431 [grpc-default-executor-2] INFO  server.RaftServer$Division (RaftServerImpl.java:requestVote(1251)) - 37bda9b0-0df5-4ea8-952a-0c6f71b93e6d@group-D2B3A0D0972F replies to ELECTION vote request: ebd53443-e3ae-4256-96ac-f1308b179955<-37bda9b0-0df5-4ea8-952a-0c6f71b93e6d#0:OK-t4. Peer's state: 37bda9b0-0df5-4ea8-952a-0c6f71b93e6d@group-D2B3A0D0972F:t4, leader=null, voted=ebd53443-e3ae-4256-96ac-f1308b179955, raftlog=Memoized:37bda9b0-0df5-4ea8-952a-0c6f71b93e6d@group-D2B3A0D0972F-SegmentedRaftLog:OPENED:c-1, conf=-1: peers:[91b954a0-6378-41b2-9057-8851e07a0c7d|rpc:10.1.0.59:36765|dataStream:|priority:0|startupRole:FOLLOWER, ebd53443-e3ae-4256-96ac-f1308b179955|rpc:10.1.0.59:38343|dataStream:|priority:1|startupRole:FOLLOWER, 37bda9b0-0df5-4ea8-952a-0c6f71b93e6d|rpc:10.1.0.59:43699|dataStream:|priority:0|startupRole:FOLLOWER]|listeners:[], old=null
2022-11-10 07:16:30,431 [91b954a0-6378-41b2-9057-8851e07a0c7d@group-D2B3A0D0972F-FollowerState] INFO  impl.FollowerState (FollowerState.java:run(152)) - 91b954a0-6378-41b2-9057-8851e07a0c7d@group-D2B3A0D0972F-FollowerState was interrupted
2022-11-10 07:16:30,432 [91b954a0-6378-41b2-9057-8851e07a0c7d@group-D2B3A0D0972F-FollowerState] INFO  server.RaftServerConfigKeys (ConfUtils.java:logFallback(53)) - raft.server.rpc.first-election.timeout.min = 5s (fallback to raft.server.rpc.timeout.min)
2022-11-10 07:16:30,433 [91b954a0-6378-41b2-9057-8851e07a0c7d@group-D2B3A0D0972F-FollowerState] INFO  server.RaftServerConfigKeys (ConfUtils.java:logFallback(53)) - raft.server.rpc.first-election.timeout.max = 5200ms (fallback to raft.server.rpc.timeout.max)
2022-11-10 07:16:30,433 [ebd53443-e3ae-4256-96ac-f1308b179955@group-D2B3A0D0972F-LeaderElection53] INFO  impl.LeaderElection (LeaderElection.java:logAndReturn(90)) - ebd53443-e3ae-4256-96ac-f1308b179955@group-D2B3A0D0972F-LeaderElection53: ELECTION PASSED received 1 response(s) and 0 exception(s):
2022-11-10 07:16:30,433 [ebd53443-e3ae-4256-96ac-f1308b179955@group-D2B3A0D0972F-LeaderElection53] INFO  impl.LeaderElection (LeaderElection.java:logAndReturn(94)) -   Response 0: ebd53443-e3ae-4256-96ac-f1308b179955<-37bda9b0-0df5-4ea8-952a-0c6f71b93e6d#0:OK-t4
2022-11-10 07:16:30,433 [ebd53443-e3ae-4256-96ac-f1308b179955@group-D2B3A0D0972F-LeaderElection53] INFO  impl.LeaderElection (LeaderElection.java:askForVotes(314)) - ebd53443-e3ae-4256-96ac-f1308b179955@group-D2B3A0D0972F-LeaderElection53 ELECTION round 0: result PASSED
2022-11-10 07:16:30,433 [ebd53443-e3ae-4256-96ac-f1308b179955@group-D2B3A0D0972F-LeaderElection53] INFO  impl.RoleInfo (RoleInfo.java:shutdownLeaderElection(130)) - ebd53443-e3ae-4256-96ac-f1308b179955: shutdown ebd53443-e3ae-4256-96ac-f1308b179955@group-D2B3A0D0972F-LeaderElection53
2022-11-10 07:16:30,433 [ebd53443-e3ae-4256-96ac-f1308b179955@group-D2B3A0D0972F-LeaderElection53] INFO  server.RaftServer$Division (RaftServerImpl.java:setRole(321)) - ebd53443-e3ae-4256-96ac-f1308b179955@group-D2B3A0D0972F: changes role from CANDIDATE to LEADER at term 4 for changeToLeader
2022-11-10 07:16:30,433 [ebd53443-e3ae-4256-96ac-f1308b179955@group-D2B3A0D0972F-LeaderElection53] INFO  ratis.XceiverServerRatis (XceiverServerRatis.java:handleLeaderChangedNotification(863)) - Leader change notification received for group: group-D2B3A0D0972F with new leaderId: ebd53443-e3ae-4256-96ac-f1308b179955
2022-11-10 07:16:30,433 [ebd53443-e3ae-4256-96ac-f1308b179955@group-D2B3A0D0972F-LeaderElection53] INFO  server.RaftServer$Division (ServerState.java:setLeader(313)) - ebd53443-e3ae-4256-96ac-f1308b179955@group-D2B3A0D0972F: change Leader from null to ebd53443-e3ae-4256-96ac-f1308b179955 at term 4 for becomeLeader, leader elected after 20221ms
2022-11-10 07:16:30,433 [ebd53443-e3ae-4256-96ac-f1308b179955@group-D2B3A0D0972F-LeaderElection53] INFO  server.RaftServerConfigKeys (ConfUtils.java:logGet(46)) - raft.server.staging.catchup.gap = 1000 (default)
2022-11-10 07:16:30,433 [ebd53443-e3ae-4256-96ac-f1308b179955@group-D2B3A0D0972F-LeaderElection53] INFO  server.RaftServerConfigKeys (ConfUtils.java:logGet(46)) - raft.server.write.element-limit = 1024 (custom)
2022-11-10 07:16:30,433 [ebd53443-e3ae-4256-96ac-f1308b179955@group-D2B3A0D0972F-LeaderElection53] INFO  server.RaftServerConfigKeys (ConfUtils.java:logGet(46)) - raft.server.write.byte-limit = 1024 M (=1073741824) (custom)
2022-11-10 07:16:30,434 [ebd53443-e3ae-4256-96ac-f1308b179955@group-D2B3A0D0972F-LeaderElection53] INFO  server.RaftServerConfigKeys (ConfUtils.java:logGet(46)) - raft.server.watch.timeout = 180s (custom)
2022-11-10 07:16:30,434 [ebd53443-e3ae-4256-96ac-f1308b179955@group-D2B3A0D0972F-LeaderElection53] INFO  server.RaftServerConfigKeys (ConfUtils.java:logGet(46)) - raft.server.watch.timeout.denomination = 1s (default)
2022-11-10 07:16:30,434 [ebd53443-e3ae-4256-96ac-f1308b179955@group-D2B3A0D0972F-LeaderElection53] INFO  server.RaftServerConfigKeys (ConfUtils.java:logGet(46)) - raft.server.watch.element-limit = 65536 (default)
2022-11-10 07:16:30,434 [ebd53443-e3ae-4256-96ac-f1308b179955@group-D2B3A0D0972F-LeaderElection53] INFO  server.RaftServerConfigKeys (ConfUtils.java:logGet(46)) - raft.server.write.element-limit = 1024 (custom)
2022-11-10 07:16:30,434 [ebd53443-e3ae-4256-96ac-f1308b179955@group-D2B3A0D0972F-LeaderElection53] INFO  server.RaftServerConfigKeys (ConfUtils.java:logGet(46)) - raft.server.write.follower.gap.ratio.max = -1.0 (default)
2022-11-10 07:16:30,435 [ebd53443-e3ae-4256-96ac-f1308b179955@group-D2B3A0D0972F-LeaderElection53] INFO  server.RaftServerConfigKeys (ConfUtils.java:logGet(46)) - raft.server.log.appender.snapshot.chunk.size.max = 16MB (=16777216) (default)
2022-11-10 07:16:30,435 [ebd53443-e3ae-4256-96ac-f1308b179955@group-D2B3A0D0972F-LeaderElection53] INFO  server.RaftServerConfigKeys (ConfUtils.java:logGet(46)) - raft.server.log.appender.buffer.byte-limit = 33554432 (custom)
2022-11-10 07:16:30,435 [ebd53443-e3ae-4256-96ac-f1308b179955@group-D2B3A0D0972F-LeaderElection53] INFO  server.RaftServerConfigKeys (ConfUtils.java:logGet(46)) - raft.server.log.appender.buffer.element-limit = 1 (custom)
2022-11-10 07:16:30,435 [ebd53443-e3ae-4256-96ac-f1308b179955@group-D2B3A0D0972F-LeaderElection53] INFO  grpc.GrpcConfigKeys (ConfUtils.java:logGet(46)) - raft.grpc.server.leader.outstanding.appends.max = 128 (default)
2022-11-10 07:16:30,435 [ebd53443-e3ae-4256-96ac-f1308b179955@group-D2B3A0D0972F-LeaderElection53] INFO  server.RaftServerConfigKeys (ConfUtils.java:logGet(46)) - raft.server.rpc.request.timeout = 60s (custom)
2022-11-10 07:16:30,435 [ebd53443-e3ae-4256-96ac-f1308b179955@group-D2B3A0D0972F-LeaderElection53] INFO  server.RaftServerConfigKeys (ConfUtils.java:logGet(46)) - raft.server.log.appender.install.snapshot.enabled = false (custom)
2022-11-10 07:16:30,435 [ebd53443-e3ae-4256-96ac-f1308b179955@group-D2B3A0D0972F-LeaderElection53] INFO  grpc.GrpcConfigKeys (ConfUtils.java:logGet(46)) - raft.grpc.server.heartbeat.channel = true (default)
2022-11-10 07:16:30,435 [ebd53443-e3ae-4256-96ac-f1308b179955@group-D2B3A0D0972F-LeaderElection53] INFO  server.RaftServerConfigKeys (ConfUtils.java:logGet(46)) - raft.server.log.appender.wait-time.min = 10ms (default)
2022-11-10 07:16:30,436 [EventQueue-PipelineReportForPipelineReportHandler] INFO  pipeline.PipelineManagerImpl (PipelineManagerImpl.java:openPipeline(367)) - Pipeline Pipeline[ Id: 181faa83-6378-4eb1-95c4-d2b3a0d0972f, Nodes: 37bda9b0-0df5-4ea8-952a-0c6f71b93e6d{ip: 10.1.0.59, host: fv-az435-205.hcxxyugg5vdudo0mn2smve0l3g.cx.internal.cloudapp.net, ports: [REPLICATION=40117, RATIS=43699, RATIS_ADMIN=43699, RATIS_SERVER=43699, STANDALONE=39567], networkLocation: /default-rack, certSerialId: null, persistedOpState: IN_SERVICE, persistedOpStateExpiryEpochSec: 0}91b954a0-6378-41b2-9057-8851e07a0c7d{ip: 10.1.0.59, host: fv-az435-205.hcxxyugg5vdudo0mn2smve0l3g.cx.internal.cloudapp.net, ports: [REPLICATION=43925, RATIS=36765, RATIS_ADMIN=36765, RATIS_SERVER=36765, STANDALONE=38167], networkLocation: /default-rack, certSerialId: null, persistedOpState: IN_SERVICE, persistedOpStateExpiryEpochSec: 0}ebd53443-e3ae-4256-96ac-f1308b179955{ip: 10.1.0.59, host: fv-az435-205.hcxxyugg5vdudo0mn2smve0l3g.cx.internal.cloudapp.net, ports: [REPLICATION=39687, RATIS=38343, RATIS_ADMIN=38343, RATIS_SERVER=38343, STANDALONE=34093], networkLocation: /default-rack, certSerialId: null, persistedOpState: IN_SERVICE, persistedOpStateExpiryEpochSec: 0}, ReplicationConfig: RATIS/THREE, State:ALLOCATED, leaderId:ebd53443-e3ae-4256-96ac-f1308b179955, CreationTimestamp2022-11-10T07:16:07.779Z[Etc/UTC]] moved to OPEN state
2022-11-10 07:16:30,436 [ebd53443-e3ae-4256-96ac-f1308b179955@group-D2B3A0D0972F-LeaderElection53] INFO  server.RaftServerConfigKeys (ConfUtils.java:logGet(46)) - raft.server.log.appender.snapshot.chunk.size.max = 16MB (=16777216) (default)
2022-11-10 07:16:30,436 [ebd53443-e3ae-4256-96ac-f1308b179955@group-D2B3A0D0972F-LeaderElection53] INFO  server.RaftServerConfigKeys (ConfUtils.java:logGet(46)) - raft.server.log.appender.buffer.byte-limit = 33554432 (custom)
2022-11-10 07:16:30,436 [ebd53443-e3ae-4256-96ac-f1308b179955@group-D2B3A0D0972F-LeaderElection53] INFO  server.RaftServerConfigKeys (ConfUtils.java:logGet(46)) - raft.server.log.appender.buffer.element-limit = 1 (custom)
2022-11-10 07:16:30,436 [ebd53443-e3ae-4256-96ac-f1308b179955@group-D2B3A0D0972F-LeaderElection53] INFO  grpc.GrpcConfigKeys (ConfUtils.java:logGet(46)) - raft.grpc.server.leader.outstanding.appends.max = 128 (default)
2022-11-10 07:16:30,436 [ebd53443-e3ae-4256-96ac-f1308b179955@group-D2B3A0D0972F-LeaderElection53] INFO  server.RaftServerConfigKeys (ConfUtils.java:logGet(46)) - raft.server.rpc.request.timeout = 60s (custom)
2022-11-10 07:16:30,437 [ebd53443-e3ae-4256-96ac-f1308b179955@group-D2B3A0D0972F-LeaderElection53] INFO  server.RaftServerConfigKeys (ConfUtils.java:logGet(46)) - raft.server.log.appender.install.snapshot.enabled = false (custom)
2022-11-10 07:16:30,437 [ebd53443-e3ae-4256-96ac-f1308b179955@group-D2B3A0D0972F-LeaderElection53] INFO  grpc.GrpcConfigKeys (ConfUtils.java:logGet(46)) - raft.grpc.server.heartbeat.channel = true (default)
2022-11-10 07:16:30,437 [ebd53443-e3ae-4256-96ac-f1308b179955@group-D2B3A0D0972F-LeaderElection53] INFO  server.RaftServerConfigKeys (ConfUtils.java:logGet(46)) - raft.server.log.appender.wait-time.min = 10ms (default)
2022-11-10 07:16:30,435 [grpc-default-executor-4] INFO  server.RaftServer$Division (RaftServerImpl.java:requestVote(1251)) - 91b954a0-6378-41b2-9057-8851e07a0c7d@group-D2B3A0D0972F replies to ELECTION vote request: ebd53443-e3ae-4256-96ac-f1308b179955<-91b954a0-6378-41b2-9057-8851e07a0c7d#0:OK-t4. Peer's state: 91b954a0-6378-41b2-9057-8851e07a0c7d@group-D2B3A0D0972F:t4, leader=null, voted=ebd53443-e3ae-4256-96ac-f1308b179955, raftlog=Memoized:91b954a0-6378-41b2-9057-8851e07a0c7d@group-D2B3A0D0972F-SegmentedRaftLog:OPENED:c-1, conf=-1: peers:[91b954a0-6378-41b2-9057-8851e07a0c7d|rpc:10.1.0.59:36765|priority:0|startupRole:FOLLOWER, ebd53443-e3ae-4256-96ac-f1308b179955|rpc:10.1.0.59:38343|priority:1|startupRole:FOLLOWER, 37bda9b0-0df5-4ea8-952a-0c6f71b93e6d|rpc:10.1.0.59:43699|priority:0|startupRole:FOLLOWER]|listeners:[], old=null
2022-11-10 07:16:30,437 [ebd53443-e3ae-4256-96ac-f1308b179955@group-D2B3A0D0972F-LeaderElection53] INFO  impl.RoleInfo (RoleInfo.java:updateAndGet(139)) - ebd53443-e3ae-4256-96ac-f1308b179955: start ebd53443-e3ae-4256-96ac-f1308b179955@group-D2B3A0D0972F-LeaderStateImpl
2022-11-10 07:16:30,437 [ebd53443-e3ae-4256-96ac-f1308b179955@group-D2B3A0D0972F-LeaderElection53] INFO  segmented.SegmentedRaftLogWorker (SegmentedRaftLogWorker.java:startLogSegment(452)) - ebd53443-e3ae-4256-96ac-f1308b179955@group-D2B3A0D0972F-SegmentedRaftLogWorker: Starting segment from index:0
2022-11-10 07:16:30,439 [ebd53443-e3ae-4256-96ac-f1308b179955@group-D2B3A0D0972F-SegmentedRaftLogWorker] INFO  segmented.SegmentedRaftLogWorker (SegmentedRaftLogWorker.java:execute(656)) - ebd53443-e3ae-4256-96ac-f1308b179955@group-D2B3A0D0972F-SegmentedRaftLogWorker: created new log segment /home/runner/work/ozone/ozone/hadoop-ozone/integration-test/target/test-dir/MiniOzoneClusterImpl-6c329fba-5d84-49d5-96bd-8530b1407181/datanode-2/data/ratis/181faa83-6378-4eb1-95c4-d2b3a0d0972f/current/log_inprogress_0
2022-11-10 07:16:30,448 [ebd53443-e3ae-4256-96ac-f1308b179955@group-D2B3A0D0972F-LeaderElection53] INFO  server.RaftServer$Division (ServerState.java:setRaftConf(430)) - ebd53443-e3ae-4256-96ac-f1308b179955@group-D2B3A0D0972F: set configuration 0: peers:[91b954a0-6378-41b2-9057-8851e07a0c7d|rpc:10.1.0.59:36765|dataStream:|priority:0|startupRole:FOLLOWER, ebd53443-e3ae-4256-96ac-f1308b179955|rpc:10.1.0.59:38343|dataStream:|priority:1|startupRole:FOLLOWER, 37bda9b0-0df5-4ea8-952a-0c6f71b93e6d|rpc:10.1.0.59:43699|dataStream:|priority:0|startupRole:FOLLOWER]|listeners:[], old=null
2022-11-10 07:16:30,460 [91b954a0-6378-41b2-9057-8851e07a0c7d-server-thread1] INFO  ratis.XceiverServerRatis (XceiverServerRatis.java:handleLeaderChangedNotification(863)) - Leader change notification received for group: group-D2B3A0D0972F with new leaderId: ebd53443-e3ae-4256-96ac-f1308b179955
2022-11-10 07:16:30,460 [91b954a0-6378-41b2-9057-8851e07a0c7d-server-thread1] INFO  server.RaftServer$Division (ServerState.java:setLeader(313)) - 91b954a0-6378-41b2-9057-8851e07a0c7d@group-D2B3A0D0972F: change Leader from null to ebd53443-e3ae-4256-96ac-f1308b179955 at term 4 for appendEntries, leader elected after 20305ms
2022-11-10 07:16:30,466 [37bda9b0-0df5-4ea8-952a-0c6f71b93e6d-server-thread1] INFO  ratis.XceiverServerRatis (XceiverServerRatis.java:handleLeaderChangedNotification(863)) - Leader change notification received for group: group-D2B3A0D0972F with new leaderId: ebd53443-e3ae-4256-96ac-f1308b179955
2022-11-10 07:16:30,467 [37bda9b0-0df5-4ea8-952a-0c6f71b93e6d-server-thread1] INFO  server.RaftServer$Division (ServerState.java:setLeader(313)) - 37bda9b0-0df5-4ea8-952a-0c6f71b93e6d@group-D2B3A0D0972F: change Leader from null to ebd53443-e3ae-4256-96ac-f1308b179955 at term 4 for appendEntries, leader elected after 20284ms
2022-11-10 07:16:30,468 [91b954a0-6378-41b2-9057-8851e07a0c7d-server-thread3] INFO  server.RaftServer$Division (ServerState.java:setRaftConf(430)) - 91b954a0-6378-41b2-9057-8851e07a0c7d@group-D2B3A0D0972F: set configuration 0: peers:[91b954a0-6378-41b2-9057-8851e07a0c7d|rpc:10.1.0.59:36765|dataStream:|priority:0|startupRole:FOLLOWER, ebd53443-e3ae-4256-96ac-f1308b179955|rpc:10.1.0.59:38343|dataStream:|priority:1|startupRole:FOLLOWER, 37bda9b0-0df5-4ea8-952a-0c6f71b93e6d|rpc:10.1.0.59:43699|dataStream:|priority:0|startupRole:FOLLOWER]|listeners:[], old=null
2022-11-10 07:16:30,476 [37bda9b0-0df5-4ea8-952a-0c6f71b93e6d-server-thread1] INFO  server.RaftServer$Division (ServerState.java:setRaftConf(430)) - 37bda9b0-0df5-4ea8-952a-0c6f71b93e6d@group-D2B3A0D0972F: set configuration 0: peers:[91b954a0-6378-41b2-9057-8851e07a0c7d|rpc:10.1.0.59:36765|dataStream:|priority:0|startupRole:FOLLOWER, ebd53443-e3ae-4256-96ac-f1308b179955|rpc:10.1.0.59:38343|dataStream:|priority:1|startupRole:FOLLOWER, 37bda9b0-0df5-4ea8-952a-0c6f71b93e6d|rpc:10.1.0.59:43699|dataStream:|priority:0|startupRole:FOLLOWER]|listeners:[], old=null
2022-11-10 07:16:30,476 [91b954a0-6378-41b2-9057-8851e07a0c7d-server-thread3] INFO  segmented.SegmentedRaftLogWorker (SegmentedRaftLogWorker.java:startLogSegment(452)) - 91b954a0-6378-41b2-9057-8851e07a0c7d@group-D2B3A0D0972F-SegmentedRaftLogWorker: Starting segment from index:0
2022-11-10 07:16:30,477 [37bda9b0-0df5-4ea8-952a-0c6f71b93e6d-server-thread1] INFO  segmented.SegmentedRaftLogWorker (SegmentedRaftLogWorker.java:startLogSegment(452)) - 37bda9b0-0df5-4ea8-952a-0c6f71b93e6d@group-D2B3A0D0972F-SegmentedRaftLogWorker: Starting segment from index:0
2022-11-10 07:16:30,477 [91b954a0-6378-41b2-9057-8851e07a0c7d@group-D2B3A0D0972F-SegmentedRaftLogWorker] INFO  segmented.SegmentedRaftLogWorker (SegmentedRaftLogWorker.java:execute(656)) - 91b954a0-6378-41b2-9057-8851e07a0c7d@group-D2B3A0D0972F-SegmentedRaftLogWorker: created new log segment /home/runner/work/ozone/ozone/hadoop-ozone/integration-test/target/test-dir/MiniOzoneClusterImpl-6c329fba-5d84-49d5-96bd-8530b1407181/datanode-0/data/ratis/181faa83-6378-4eb1-95c4-d2b3a0d0972f/current/log_inprogress_0
2022-11-10 07:16:30,478 [37bda9b0-0df5-4ea8-952a-0c6f71b93e6d@group-D2B3A0D0972F-SegmentedRaftLogWorker] INFO  segmented.SegmentedRaftLogWorker (SegmentedRaftLogWorker.java:execute(656)) - 37bda9b0-0df5-4ea8-952a-0c6f71b93e6d@group-D2B3A0D0972F-SegmentedRaftLogWorker: created new log segment /home/runner/work/ozone/ozone/hadoop-ozone/integration-test/target/test-dir/MiniOzoneClusterImpl-6c329fba-5d84-49d5-96bd-8530b1407181/datanode-1/data/ratis/181faa83-6378-4eb1-95c4-d2b3a0d0972f/current/log_inprogress_0
2022-11-10 07:16:31,819 [Under Replicated Processor] INFO  replication.UnderReplicatedProcessor (UnderReplicatedProcessor.java:processAll(92)) - Processed 0 under replicated containers, failed processing 0
2022-11-10 07:16:31,821 [Over Replicated Processor] INFO  replication.OverReplicatedProcessor (OverReplicatedProcessor.java:processAll(90)) - Processed 0 over replicated containers, failed processing 0
2022-11-10 07:16:35,452 [37bda9b0-0df5-4ea8-952a-0c6f71b93e6d@group-35A0037A9220-FollowerState] INFO  impl.FollowerState (FollowerState.java:run(143)) - 37bda9b0-0df5-4ea8-952a-0c6f71b93e6d@group-35A0037A9220-FollowerState: change to CANDIDATE, lastRpcElapsedTime:5052115384ns, electionTimeout:5051ms
2022-11-10 07:16:35,452 [37bda9b0-0df5-4ea8-952a-0c6f71b93e6d@group-35A0037A9220-FollowerState] INFO  impl.RoleInfo (RoleInfo.java:shutdownFollowerState(110)) - 37bda9b0-0df5-4ea8-952a-0c6f71b93e6d: shutdown 37bda9b0-0df5-4ea8-952a-0c6f71b93e6d@group-35A0037A9220-FollowerState
2022-11-10 07:16:35,453 [37bda9b0-0df5-4ea8-952a-0c6f71b93e6d@group-35A0037A9220-FollowerState] INFO  server.RaftServer$Division (RaftServerImpl.java:setRole(321)) - 37bda9b0-0df5-4ea8-952a-0c6f71b93e6d@group-35A0037A9220: changes role from  FOLLOWER to CANDIDATE at term 4 for changeToCandidate
2022-11-10 07:16:35,453 [37bda9b0-0df5-4ea8-952a-0c6f71b93e6d@group-35A0037A9220-FollowerState] INFO  server.RaftServerConfigKeys (ConfUtils.java:logGet(46)) - raft.server.leaderelection.pre-vote = false (custom)
2022-11-10 07:16:35,453 [37bda9b0-0df5-4ea8-952a-0c6f71b93e6d@group-35A0037A9220-FollowerState] INFO  impl.RoleInfo (RoleInfo.java:updateAndGet(139)) - 37bda9b0-0df5-4ea8-952a-0c6f71b93e6d: start 37bda9b0-0df5-4ea8-952a-0c6f71b93e6d@group-35A0037A9220-LeaderElection54
2022-11-10 07:16:35,459 [37bda9b0-0df5-4ea8-952a-0c6f71b93e6d@group-35A0037A9220-LeaderElection54] INFO  impl.LeaderElection (LeaderElection.java:askForVotes(312)) - 37bda9b0-0df5-4ea8-952a-0c6f71b93e6d@group-35A0037A9220-LeaderElection54 ELECTION round 0: submit vote requests at term 5 for -1: peers:[91b954a0-6378-41b2-9057-8851e07a0c7d|rpc:10.1.0.59:36765|dataStream:|priority:0|startupRole:FOLLOWER, ebd53443-e3ae-4256-96ac-f1308b179955|rpc:10.1.0.59:38343|dataStream:|priority:0|startupRole:FOLLOWER, 37bda9b0-0df5-4ea8-952a-0c6f71b93e6d|rpc:10.1.0.59:43699|dataStream:|priority:1|startupRole:FOLLOWER]|listeners:[], old=null
2022-11-10 07:16:35,461 [37bda9b0-0df5-4ea8-952a-0c6f71b93e6d@group-35A0037A9220-LeaderElection54] INFO  server.RaftServerConfigKeys (ConfUtils.java:logFallback(53)) - raft.server.rpc.first-election.timeout.min = 5s (fallback to raft.server.rpc.timeout.min)
2022-11-10 07:16:35,461 [37bda9b0-0df5-4ea8-952a-0c6f71b93e6d@group-35A0037A9220-LeaderElection54] INFO  server.RaftServerConfigKeys (ConfUtils.java:logFallback(53)) - raft.server.rpc.first-election.timeout.max = 5200ms (fallback to raft.server.rpc.timeout.max)
2022-11-10 07:16:35,461 [grpc-default-executor-3] INFO  server.RaftServer$Division (RaftServerImpl.java:requestVote(1218)) - 91b954a0-6378-41b2-9057-8851e07a0c7d@group-35A0037A9220: receive requestVote(ELECTION, 37bda9b0-0df5-4ea8-952a-0c6f71b93e6d, group-35A0037A9220, 5, (t:0, i:0))
2022-11-10 07:16:35,461 [grpc-default-executor-3] INFO  impl.VoteContext (VoteContext.java:log(48)) - 91b954a0-6378-41b2-9057-8851e07a0c7d@group-35A0037A9220-FOLLOWER: accept ELECTION from 37bda9b0-0df5-4ea8-952a-0c6f71b93e6d: our priority 0 <= candidate's priority 1
2022-11-10 07:16:35,462 [grpc-default-executor-3] INFO  server.RaftServer$Division (RaftServerImpl.java:setRole(321)) - 91b954a0-6378-41b2-9057-8851e07a0c7d@group-35A0037A9220: changes role from  FOLLOWER to FOLLOWER at term 5 for candidate:37bda9b0-0df5-4ea8-952a-0c6f71b93e6d
2022-11-10 07:16:35,462 [grpc-default-executor-3] INFO  impl.RoleInfo (RoleInfo.java:shutdownFollowerState(110)) - 91b954a0-6378-41b2-9057-8851e07a0c7d: shutdown 91b954a0-6378-41b2-9057-8851e07a0c7d@group-35A0037A9220-FollowerState
2022-11-10 07:16:35,462 [grpc-default-executor-3] INFO  impl.RoleInfo (RoleInfo.java:updateAndGet(139)) - 91b954a0-6378-41b2-9057-8851e07a0c7d: start 91b954a0-6378-41b2-9057-8851e07a0c7d@group-35A0037A9220-FollowerState
2022-11-10 07:16:35,462 [91b954a0-6378-41b2-9057-8851e07a0c7d@group-35A0037A9220-FollowerState] INFO  impl.FollowerState (FollowerState.java:run(152)) - 91b954a0-6378-41b2-9057-8851e07a0c7d@group-35A0037A9220-FollowerState was interrupted
2022-11-10 07:16:35,463 [grpc-default-executor-4] INFO  server.RaftServer$Division (RaftServerImpl.java:requestVote(1218)) - ebd53443-e3ae-4256-96ac-f1308b179955@group-35A0037A9220: receive requestVote(ELECTION, 37bda9b0-0df5-4ea8-952a-0c6f71b93e6d, group-35A0037A9220, 5, (t:0, i:0))
2022-11-10 07:16:35,463 [grpc-default-executor-4] INFO  impl.VoteContext (VoteContext.java:log(48)) - ebd53443-e3ae-4256-96ac-f1308b179955@group-35A0037A9220-FOLLOWER: accept ELECTION from 37bda9b0-0df5-4ea8-952a-0c6f71b93e6d: our priority 0 <= candidate's priority 1
2022-11-10 07:16:35,463 [grpc-default-executor-4] INFO  server.RaftServer$Division (RaftServerImpl.java:setRole(321)) - ebd53443-e3ae-4256-96ac-f1308b179955@group-35A0037A9220: changes role from  FOLLOWER to FOLLOWER at term 5 for candidate:37bda9b0-0df5-4ea8-952a-0c6f71b93e6d
2022-11-10 07:16:35,463 [grpc-default-executor-4] INFO  impl.RoleInfo (RoleInfo.java:shutdownFollowerState(110)) - ebd53443-e3ae-4256-96ac-f1308b179955: shutdown ebd53443-e3ae-4256-96ac-f1308b179955@group-35A0037A9220-FollowerState
2022-11-10 07:16:35,463 [grpc-default-executor-4] INFO  impl.RoleInfo (RoleInfo.java:updateAndGet(139)) - ebd53443-e3ae-4256-96ac-f1308b179955: start ebd53443-e3ae-4256-96ac-f1308b179955@group-35A0037A9220-FollowerState
2022-11-10 07:16:35,463 [91b954a0-6378-41b2-9057-8851e07a0c7d@group-35A0037A9220-FollowerState] INFO  server.RaftServerConfigKeys (ConfUtils.java:logFallback(53)) - raft.server.rpc.first-election.timeout.min = 5s (fallback to raft.server.rpc.timeout.min)
2022-11-10 07:16:35,463 [91b954a0-6378-41b2-9057-8851e07a0c7d@group-35A0037A9220-FollowerState] INFO  server.RaftServerConfigKeys (ConfUtils.java:logFallback(53)) - raft.server.rpc.first-election.timeout.max = 5200ms (fallback to raft.server.rpc.timeout.max)
2022-11-10 07:16:35,464 [ebd53443-e3ae-4256-96ac-f1308b179955@group-35A0037A9220-FollowerState] INFO  impl.FollowerState (FollowerState.java:run(152)) - ebd53443-e3ae-4256-96ac-f1308b179955@group-35A0037A9220-FollowerState was interrupted
2022-11-10 07:16:35,472 [ebd53443-e3ae-4256-96ac-f1308b179955@group-35A0037A9220-FollowerState] INFO  server.RaftServerConfigKeys (ConfUtils.java:logFallback(53)) - raft.server.rpc.first-election.timeout.min = 5s (fallback to raft.server.rpc.timeout.min)
2022-11-10 07:16:35,472 [ebd53443-e3ae-4256-96ac-f1308b179955@group-35A0037A9220-FollowerState] INFO  server.RaftServerConfigKeys (ConfUtils.java:logFallback(53)) - raft.server.rpc.first-election.timeout.max = 5200ms (fallback to raft.server.rpc.timeout.max)
2022-11-10 07:16:35,472 [grpc-default-executor-4] INFO  server.RaftServer$Division (RaftServerImpl.java:requestVote(1251)) - ebd53443-e3ae-4256-96ac-f1308b179955@group-35A0037A9220 replies to ELECTION vote request: 37bda9b0-0df5-4ea8-952a-0c6f71b93e6d<-ebd53443-e3ae-4256-96ac-f1308b179955#0:OK-t5. Peer's state: ebd53443-e3ae-4256-96ac-f1308b179955@group-35A0037A9220:t5, leader=null, voted=37bda9b0-0df5-4ea8-952a-0c6f71b93e6d, raftlog=Memoized:ebd53443-e3ae-4256-96ac-f1308b179955@group-35A0037A9220-SegmentedRaftLog:OPENED:c-1, conf=-1: peers:[91b954a0-6378-41b2-9057-8851e07a0c7d|rpc:10.1.0.59:36765|dataStream:|priority:0|startupRole:FOLLOWER, ebd53443-e3ae-4256-96ac-f1308b179955|rpc:10.1.0.59:38343|dataStream:|priority:0|startupRole:FOLLOWER, 37bda9b0-0df5-4ea8-952a-0c6f71b93e6d|rpc:10.1.0.59:43699|dataStream:|priority:1|startupRole:FOLLOWER]|listeners:[], old=null
2022-11-10 07:16:35,472 [grpc-default-executor-3] INFO  server.RaftServer$Division (RaftServerImpl.java:requestVote(1251)) - 91b954a0-6378-41b2-9057-8851e07a0c7d@group-35A0037A9220 replies to ELECTION vote request: 37bda9b0-0df5-4ea8-952a-0c6f71b93e6d<-91b954a0-6378-41b2-9057-8851e07a0c7d#0:OK-t5. Peer's state: 91b954a0-6378-41b2-9057-8851e07a0c7d@group-35A0037A9220:t5, leader=null, voted=37bda9b0-0df5-4ea8-952a-0c6f71b93e6d, raftlog=Memoized:91b954a0-6378-41b2-9057-8851e07a0c7d@group-35A0037A9220-SegmentedRaftLog:OPENED:c-1, conf=-1: peers:[91b954a0-6378-41b2-9057-8851e07a0c7d|rpc:10.1.0.59:36765|priority:0|startupRole:FOLLOWER, ebd53443-e3ae-4256-96ac-f1308b179955|rpc:10.1.0.59:38343|priority:0|startupRole:FOLLOWER, 37bda9b0-0df5-4ea8-952a-0c6f71b93e6d|rpc:10.1.0.59:43699|priority:1|startupRole:FOLLOWER]|listeners:[], old=null
2022-11-10 07:16:35,473 [37bda9b0-0df5-4ea8-952a-0c6f71b93e6d@group-35A0037A9220-LeaderElection54] INFO  impl.LeaderElection (LeaderElection.java:logAndReturn(90)) - 37bda9b0-0df5-4ea8-952a-0c6f71b93e6d@group-35A0037A9220-LeaderElection54: ELECTION PASSED received 1 response(s) and 0 exception(s):
2022-11-10 07:16:35,473 [37bda9b0-0df5-4ea8-952a-0c6f71b93e6d@group-35A0037A9220-LeaderElection54] INFO  impl.LeaderElection (LeaderElection.java:logAndReturn(94)) -   Response 0: 37bda9b0-0df5-4ea8-952a-0c6f71b93e6d<-ebd53443-e3ae-4256-96ac-f1308b179955#0:OK-t5
2022-11-10 07:16:35,473 [37bda9b0-0df5-4ea8-952a-0c6f71b93e6d@group-35A0037A9220-LeaderElection54] INFO  impl.LeaderElection (LeaderElection.java:askForVotes(314)) - 37bda9b0-0df5-4ea8-952a-0c6f71b93e6d@group-35A0037A9220-LeaderElection54 ELECTION round 0: result PASSED
2022-11-10 07:16:35,473 [37bda9b0-0df5-4ea8-952a-0c6f71b93e6d@group-35A0037A9220-LeaderElection54] INFO  impl.RoleInfo (RoleInfo.java:shutdownLeaderElection(130)) - 37bda9b0-0df5-4ea8-952a-0c6f71b93e6d: shutdown 37bda9b0-0df5-4ea8-952a-0c6f71b93e6d@group-35A0037A9220-LeaderElection54
2022-11-10 07:16:35,473 [37bda9b0-0df5-4ea8-952a-0c6f71b93e6d@group-35A0037A9220-LeaderElection54] INFO  server.RaftServer$Division (RaftServerImpl.java:setRole(321)) - 37bda9b0-0df5-4ea8-952a-0c6f71b93e6d@group-35A0037A9220: changes role from CANDIDATE to LEADER at term 5 for changeToLeader
2022-11-10 07:16:35,473 [37bda9b0-0df5-4ea8-952a-0c6f71b93e6d@group-35A0037A9220-LeaderElection54] INFO  ratis.XceiverServerRatis (XceiverServerRatis.java:handleLeaderChangedNotification(863)) - Leader change notification received for group: group-35A0037A9220 with new leaderId: 37bda9b0-0df5-4ea8-952a-0c6f71b93e6d
2022-11-10 07:16:35,473 [37bda9b0-0df5-4ea8-952a-0c6f71b93e6d@group-35A0037A9220-LeaderElection54] INFO  server.RaftServer$Division (ServerState.java:setLeader(313)) - 37bda9b0-0df5-4ea8-952a-0c6f71b93e6d@group-35A0037A9220: change Leader from null to 37bda9b0-0df5-4ea8-952a-0c6f71b93e6d at term 5 for becomeLeader, leader elected after 25182ms
2022-11-10 07:16:35,473 [37bda9b0-0df5-4ea8-952a-0c6f71b93e6d@group-35A0037A9220-LeaderElection54] INFO  server.RaftServerConfigKeys (ConfUtils.java:logGet(46)) - raft.server.staging.catchup.gap = 1000 (default)
2022-11-10 07:16:35,473 [37bda9b0-0df5-4ea8-952a-0c6f71b93e6d@group-35A0037A9220-LeaderElection54] INFO  server.RaftServerConfigKeys (ConfUtils.java:logGet(46)) - raft.server.write.element-limit = 1024 (custom)
2022-11-10 07:16:35,473 [37bda9b0-0df5-4ea8-952a-0c6f71b93e6d@group-35A0037A9220-LeaderElection54] INFO  server.RaftServerConfigKeys (ConfUtils.java:logGet(46)) - raft.server.write.byte-limit = 1024 M (=1073741824) (custom)
2022-11-10 07:16:35,474 [37bda9b0-0df5-4ea8-952a-0c6f71b93e6d@group-35A0037A9220-LeaderElection54] INFO  server.RaftServerConfigKeys (ConfUtils.java:logGet(46)) - raft.server.watch.timeout = 180s (custom)
2022-11-10 07:16:35,474 [37bda9b0-0df5-4ea8-952a-0c6f71b93e6d@group-35A0037A9220-LeaderElection54] INFO  server.RaftServerConfigKeys (ConfUtils.java:logGet(46)) - raft.server.watch.timeout.denomination = 1s (default)
2022-11-10 07:16:35,474 [37bda9b0-0df5-4ea8-952a-0c6f71b93e6d@group-35A0037A9220-LeaderElection54] INFO  server.RaftServerConfigKeys (ConfUtils.java:logGet(46)) - raft.server.watch.element-limit = 65536 (default)
2022-11-10 07:16:35,474 [37bda9b0-0df5-4ea8-952a-0c6f71b93e6d@group-35A0037A9220-LeaderElection54] INFO  server.RaftServerConfigKeys (ConfUtils.java:logGet(46)) - raft.server.write.element-limit = 1024 (custom)
2022-11-10 07:16:35,474 [37bda9b0-0df5-4ea8-952a-0c6f71b93e6d@group-35A0037A9220-LeaderElection54] INFO  server.RaftServerConfigKeys (ConfUtils.java:logGet(46)) - raft.server.write.follower.gap.ratio.max = -1.0 (default)
2022-11-10 07:16:35,475 [37bda9b0-0df5-4ea8-952a-0c6f71b93e6d@group-35A0037A9220-LeaderElection54] INFO  server.RaftServerConfigKeys (ConfUtils.java:logGet(46)) - raft.server.log.appender.snapshot.chunk.size.max = 16MB (=16777216) (default)
2022-11-10 07:16:35,475 [37bda9b0-0df5-4ea8-952a-0c6f71b93e6d@group-35A0037A9220-LeaderElection54] INFO  server.RaftServerConfigKeys (ConfUtils.java:logGet(46)) - raft.server.log.appender.buffer.byte-limit = 33554432 (custom)
2022-11-10 07:16:35,475 [37bda9b0-0df5-4ea8-952a-0c6f71b93e6d@group-35A0037A9220-LeaderElection54] INFO  server.RaftServerConfigKeys (ConfUtils.java:logGet(46)) - raft.server.log.appender.buffer.element-limit = 1 (custom)
2022-11-10 07:16:35,475 [37bda9b0-0df5-4ea8-952a-0c6f71b93e6d@group-35A0037A9220-LeaderElection54] INFO  grpc.GrpcConfigKeys (ConfUtils.java:logGet(46)) - raft.grpc.server.leader.outstanding.appends.max = 128 (default)
2022-11-10 07:16:35,475 [37bda9b0-0df5-4ea8-952a-0c6f71b93e6d@group-35A0037A9220-LeaderElection54] INFO  server.RaftServerConfigKeys (ConfUtils.java:logGet(46)) - raft.server.rpc.request.timeout = 60s (custom)
2022-11-10 07:16:35,475 [37bda9b0-0df5-4ea8-952a-0c6f71b93e6d@group-35A0037A9220-LeaderElection54] INFO  server.RaftServerConfigKeys (ConfUtils.java:logGet(46)) - raft.server.log.appender.install.snapshot.enabled = false (custom)
2022-11-10 07:16:35,475 [37bda9b0-0df5-4ea8-952a-0c6f71b93e6d@group-35A0037A9220-LeaderElection54] INFO  grpc.GrpcConfigKeys (ConfUtils.java:logGet(46)) - raft.grpc.server.heartbeat.channel = true (default)
2022-11-10 07:16:35,475 [37bda9b0-0df5-4ea8-952a-0c6f71b93e6d@group-35A0037A9220-LeaderElection54] INFO  server.RaftServerConfigKeys (ConfUtils.java:logGet(46)) - raft.server.log.appender.wait-time.min = 10ms (default)
2022-11-10 07:16:35,476 [EventQueue-PipelineReportForPipelineReportHandler] INFO  pipeline.PipelineManagerImpl (PipelineManagerImpl.java:openPipeline(367)) - Pipeline Pipeline[ Id: cbf08c3e-2880-4af4-bef9-35a0037a9220, Nodes: ebd53443-e3ae-4256-96ac-f1308b179955{ip: 10.1.0.59, host: fv-az435-205.hcxxyugg5vdudo0mn2smve0l3g.cx.internal.cloudapp.net, ports: [REPLICATION=39687, RATIS=38343, RATIS_ADMIN=38343, RATIS_SERVER=38343, STANDALONE=34093], networkLocation: /default-rack, certSerialId: null, persistedOpState: IN_SERVICE, persistedOpStateExpiryEpochSec: 0}91b954a0-6378-41b2-9057-8851e07a0c7d{ip: 10.1.0.59, host: fv-az435-205.hcxxyugg5vdudo0mn2smve0l3g.cx.internal.cloudapp.net, ports: [REPLICATION=43925, RATIS=36765, RATIS_ADMIN=36765, RATIS_SERVER=36765, STANDALONE=38167], networkLocation: /default-rack, certSerialId: null, persistedOpState: IN_SERVICE, persistedOpStateExpiryEpochSec: 0}37bda9b0-0df5-4ea8-952a-0c6f71b93e6d{ip: 10.1.0.59, host: fv-az435-205.hcxxyugg5vdudo0mn2smve0l3g.cx.internal.cloudapp.net, ports: [REPLICATION=40117, RATIS=43699, RATIS_ADMIN=43699, RATIS_SERVER=43699, STANDALONE=39567], networkLocation: /default-rack, certSerialId: null, persistedOpState: IN_SERVICE, persistedOpStateExpiryEpochSec: 0}, ReplicationConfig: RATIS/THREE, State:ALLOCATED, leaderId:37bda9b0-0df5-4ea8-952a-0c6f71b93e6d, CreationTimestamp2022-11-10T07:16:07.781Z[Etc/UTC]] moved to OPEN state
2022-11-10 07:16:35,477 [37bda9b0-0df5-4ea8-952a-0c6f71b93e6d@group-35A0037A9220-LeaderElection54] INFO  server.RaftServerConfigKeys (ConfUtils.java:logGet(46)) - raft.server.log.appender.snapshot.chunk.size.max = 16MB (=16777216) (default)
2022-11-10 07:16:35,477 [37bda9b0-0df5-4ea8-952a-0c6f71b93e6d@group-35A0037A9220-LeaderElection54] INFO  server.RaftServerConfigKeys (ConfUtils.java:logGet(46)) - raft.server.log.appender.buffer.byte-limit = 33554432 (custom)
2022-11-10 07:16:35,477 [37bda9b0-0df5-4ea8-952a-0c6f71b93e6d@group-35A0037A9220-LeaderElection54] INFO  server.RaftServerConfigKeys (ConfUtils.java:logGet(46)) - raft.server.log.appender.buffer.element-limit = 1 (custom)
2022-11-10 07:16:35,477 [37bda9b0-0df5-4ea8-952a-0c6f71b93e6d@group-35A0037A9220-LeaderElection54] INFO  grpc.GrpcConfigKeys (ConfUtils.java:logGet(46)) - raft.grpc.server.leader.outstanding.appends.max = 128 (default)
2022-11-10 07:16:35,477 [37bda9b0-0df5-4ea8-952a-0c6f71b93e6d@group-35A0037A9220-LeaderElection54] INFO  server.RaftServerConfigKeys (ConfUtils.java:logGet(46)) - raft.server.rpc.request.timeout = 60s (custom)
2022-11-10 07:16:35,477 [37bda9b0-0df5-4ea8-952a-0c6f71b93e6d@group-35A0037A9220-LeaderElection54] INFO  server.RaftServerConfigKeys (ConfUtils.java:logGet(46)) - raft.server.log.appender.install.snapshot.enabled = false (custom)
2022-11-10 07:16:35,477 [37bda9b0-0df5-4ea8-952a-0c6f71b93e6d@group-35A0037A9220-LeaderElection54] INFO  grpc.GrpcConfigKeys (ConfUtils.java:logGet(46)) - raft.grpc.server.heartbeat.channel = true (default)
2022-11-10 07:16:35,478 [37bda9b0-0df5-4ea8-952a-0c6f71b93e6d@group-35A0037A9220-LeaderElection54] INFO  server.RaftServerConfigKeys (ConfUtils.java:logGet(46)) - raft.server.log.appender.wait-time.min = 10ms (default)
2022-11-10 07:16:35,478 [37bda9b0-0df5-4ea8-952a-0c6f71b93e6d@group-35A0037A9220-LeaderElection54] INFO  impl.RoleInfo (RoleInfo.java:updateAndGet(139)) - 37bda9b0-0df5-4ea8-952a-0c6f71b93e6d: start 37bda9b0-0df5-4ea8-952a-0c6f71b93e6d@group-35A0037A9220-LeaderStateImpl
2022-11-10 07:16:35,478 [37bda9b0-0df5-4ea8-952a-0c6f71b93e6d@group-35A0037A9220-LeaderElection54] INFO  segmented.SegmentedRaftLogWorker (SegmentedRaftLogWorker.java:startLogSegment(452)) - 37bda9b0-0df5-4ea8-952a-0c6f71b93e6d@group-35A0037A9220-SegmentedRaftLogWorker: Starting segment from index:0
2022-11-10 07:16:35,486 [37bda9b0-0df5-4ea8-952a-0c6f71b93e6d@group-35A0037A9220-LeaderElection54] INFO  server.RaftServer$Division (ServerState.java:setRaftConf(430)) - 37bda9b0-0df5-4ea8-952a-0c6f71b93e6d@group-35A0037A9220: set configuration 0: peers:[91b954a0-6378-41b2-9057-8851e07a0c7d|rpc:10.1.0.59:36765|dataStream:|priority:0|startupRole:FOLLOWER, ebd53443-e3ae-4256-96ac-f1308b179955|rpc:10.1.0.59:38343|dataStream:|priority:0|startupRole:FOLLOWER, 37bda9b0-0df5-4ea8-952a-0c6f71b93e6d|rpc:10.1.0.59:43699|dataStream:|priority:1|startupRole:FOLLOWER]|listeners:[], old=null
2022-11-10 07:16:35,488 [37bda9b0-0df5-4ea8-952a-0c6f71b93e6d@group-35A0037A9220-SegmentedRaftLogWorker] INFO  segmented.SegmentedRaftLogWorker (SegmentedRaftLogWorker.java:execute(656)) - 37bda9b0-0df5-4ea8-952a-0c6f71b93e6d@group-35A0037A9220-SegmentedRaftLogWorker: created new log segment /home/runner/work/ozone/ozone/hadoop-ozone/integration-test/target/test-dir/MiniOzoneClusterImpl-6c329fba-5d84-49d5-96bd-8530b1407181/datanode-1/data/ratis/cbf08c3e-2880-4af4-bef9-35a0037a9220/current/log_inprogress_0
2022-11-10 07:16:35,504 [91b954a0-6378-41b2-9057-8851e07a0c7d-server-thread1] INFO  ratis.XceiverServerRatis (XceiverServerRatis.java:handleLeaderChangedNotification(863)) - Leader change notification received for group: group-35A0037A9220 with new leaderId: 37bda9b0-0df5-4ea8-952a-0c6f71b93e6d
2022-11-10 07:16:35,504 [91b954a0-6378-41b2-9057-8851e07a0c7d-server-thread1] INFO  server.RaftServer$Division (ServerState.java:setLeader(313)) - 91b954a0-6378-41b2-9057-8851e07a0c7d@group-35A0037A9220: change Leader from null to 37bda9b0-0df5-4ea8-952a-0c6f71b93e6d at term 5 for appendEntries, leader elected after 25272ms
2022-11-10 07:16:35,510 [ebd53443-e3ae-4256-96ac-f1308b179955-server-thread1] INFO  ratis.XceiverServerRatis (XceiverServerRatis.java:handleLeaderChangedNotification(863)) - Leader change notification received for group: group-35A0037A9220 with new leaderId: 37bda9b0-0df5-4ea8-952a-0c6f71b93e6d
2022-11-10 07:16:35,510 [ebd53443-e3ae-4256-96ac-f1308b179955-server-thread1] INFO  server.RaftServer$Division (ServerState.java:setLeader(313)) - ebd53443-e3ae-4256-96ac-f1308b179955@group-35A0037A9220: change Leader from null to 37bda9b0-0df5-4ea8-952a-0c6f71b93e6d at term 5 for appendEntries, leader elected after 25253ms
2022-11-10 07:16:35,529 [91b954a0-6378-41b2-9057-8851e07a0c7d-server-thread3] INFO  server.RaftServer$Division (ServerState.java:setRaftConf(430)) - 91b954a0-6378-41b2-9057-8851e07a0c7d@group-35A0037A9220: set configuration 0: peers:[91b954a0-6378-41b2-9057-8851e07a0c7d|rpc:10.1.0.59:36765|dataStream:|priority:0|startupRole:FOLLOWER, ebd53443-e3ae-4256-96ac-f1308b179955|rpc:10.1.0.59:38343|dataStream:|priority:0|startupRole:FOLLOWER, 37bda9b0-0df5-4ea8-952a-0c6f71b93e6d|rpc:10.1.0.59:43699|dataStream:|priority:1|startupRole:FOLLOWER]|listeners:[], old=null
2022-11-10 07:16:35,530 [91b954a0-6378-41b2-9057-8851e07a0c7d-server-thread3] INFO  segmented.SegmentedRaftLogWorker (SegmentedRaftLogWorker.java:startLogSegment(452)) - 91b954a0-6378-41b2-9057-8851e07a0c7d@group-35A0037A9220-SegmentedRaftLogWorker: Starting segment from index:0
2022-11-10 07:16:35,530 [Listener at 127.0.0.1/32977] INFO  ozone.MiniOzoneClusterImpl (MiniOzoneClusterImpl.java:shutdown(448)) - Shutting down the Mini Ozone Cluster
2022-11-10 07:16:35,531 [Listener at 127.0.0.1/32977] INFO  ozone.MiniOzoneClusterImpl (MiniOzoneClusterImpl.java:stop(463)) - Stopping the Mini Ozone Cluster
2022-11-10 07:16:35,531 [Listener at 127.0.0.1/32977] INFO  ozone.MiniOzoneClusterImpl (MiniOzoneClusterImpl.java:stopOM(545)) - Stopping the OzoneManager
2022-11-10 07:16:35,531 [Listener at 127.0.0.1/32977] INFO  om.OzoneManager (OzoneManager.java:stop(2036)) - om1[localhost:0]: Stopping Ozone Manager
2022-11-10 07:16:35,531 [Listener at 127.0.0.1/32977] INFO  ipc.Server (Server.java:stop(3428)) - Stopping server on 32977
2022-11-10 07:16:35,536 [IPC Server listener on 0] INFO  ipc.Server (Server.java:run(1384)) - Stopping IPC Server listener on 0
2022-11-10 07:16:35,536 [IPC Server Responder] INFO  ipc.Server (Server.java:run(1517)) - Stopping IPC Server Responder
2022-11-10 07:16:35,538 [Listener at 127.0.0.1/32977] INFO  server.RaftServer (RaftServerProxy.java:lambda$close$6(409)) - om1: close
2022-11-10 07:16:35,538 [Listener at 127.0.0.1/32977] INFO  server.GrpcService (GrpcService.java:closeImpl(279)) - om1: shutdown server GrpcServerProtocolService now
2022-11-10 07:16:35,538 [om1-impl-thread1] INFO  server.RaftServer$Division (RaftServerImpl.java:lambda$close$4(458)) - om1@group-C5BA1605619E: shutdown
2022-11-10 07:16:35,539 [om1-impl-thread1] INFO  util.JmxRegister (JmxRegister.java:unregister(73)) - Successfully un-registered JMX Bean with object name Ratis:service=RaftServer,group=group-C5BA1605619E,id=om1
2022-11-10 07:16:35,539 [om1-impl-thread1] INFO  impl.RoleInfo (RoleInfo.java:shutdownLeaderState(93)) - om1: shutdown om1@group-C5BA1605619E-LeaderStateImpl
2022-11-10 07:16:35,539 [om1-impl-thread1] INFO  impl.PendingRequests (PendingRequests.java:sendNotLeaderResponses(282)) - om1@group-C5BA1605619E-PendingRequests: sendNotLeaderResponses
2022-11-10 07:16:35,539 [om1-impl-thread1] INFO  impl.StateMachineUpdater (StateMachineUpdater.java:stopAndJoin(153)) - om1@group-C5BA1605619E-StateMachineUpdater: set stopIndex = 0
2022-11-10 07:16:35,539 [om1@group-C5BA1605619E-StateMachineUpdater] INFO  ratis.OzoneManagerStateMachine (OzoneManagerStateMachine.java:takeSnapshot(445)) - Current Snapshot Index (t:1, i:0)
2022-11-10 07:16:35,540 [om1@group-C5BA1605619E-StateMachineUpdater] INFO  impl.StateMachineUpdater (StateMachineUpdater.java:takeSnapshot(287)) - om1@group-C5BA1605619E-StateMachineUpdater: Took a snapshot at index 0
2022-11-10 07:16:35,540 [om1@group-C5BA1605619E-StateMachineUpdater] INFO  impl.StateMachineUpdater (StateMachineUpdater.java:lambda$new$0(92)) - om1@group-C5BA1605619E-StateMachineUpdater: snapshotIndex: updateIncreasingly -1 -> 0
2022-11-10 07:16:35,540 [om1@group-C5BA1605619E-StateMachineUpdater] INFO  ratis.OzoneManagerStateMachine (OzoneManagerStateMachine.java:close(499)) - StateMachine has shutdown. Shutdown OzoneManager if not already shutdown.
2022-11-10 07:16:35,540 [om1@group-C5BA1605619E-StateMachineUpdater] INFO  ratis.OzoneManagerDoubleBuffer (OzoneManagerDoubleBuffer.java:stop(466)) - Stopping OMDoubleBuffer flush thread
2022-11-10 07:16:35,540 [OMDoubleBufferFlushThread] INFO  ratis.OzoneManagerDoubleBuffer (OzoneManagerDoubleBuffer.java:flushTransactions(385)) - OMDoubleBuffer flush thread OMDoubleBufferFlushThread is interrupted and will exit.
2022-11-10 07:16:35,540 [91b954a0-6378-41b2-9057-8851e07a0c7d@group-35A0037A9220-SegmentedRaftLogWorker] INFO  segmented.SegmentedRaftLogWorker (SegmentedRaftLogWorker.java:execute(656)) - 91b954a0-6378-41b2-9057-8851e07a0c7d@group-35A0037A9220-SegmentedRaftLogWorker: created new log segment /home/runner/work/ozone/ozone/hadoop-ozone/integration-test/target/test-dir/MiniOzoneClusterImpl-6c329fba-5d84-49d5-96bd-8530b1407181/datanode-0/data/ratis/cbf08c3e-2880-4af4-bef9-35a0037a9220/current/log_inprogress_0
2022-11-10 07:16:35,541 [om1-impl-thread1] INFO  server.RaftServer$Division (ServerState.java:close(466)) - om1@group-C5BA1605619E: closes. applyIndex: 0
2022-11-10 07:16:35,541 [om1@group-C5BA1605619E-SegmentedRaftLogWorker] INFO  segmented.SegmentedRaftLogWorker (SegmentedRaftLogWorker.java:run(345)) - om1@group-C5BA1605619E-SegmentedRaftLogWorker was interrupted, exiting. There are 0 tasks remaining in the queue.
2022-11-10 07:16:35,543 [Listener at 127.0.0.1/32977] INFO  server.GrpcService (GrpcService.java:closeImpl(288)) - om1: shutdown server GrpcServerProtocolService successfully
2022-11-10 07:16:35,543 [ebd53443-e3ae-4256-96ac-f1308b179955-server-thread2] INFO  server.RaftServer$Division (ServerState.java:setRaftConf(430)) - ebd53443-e3ae-4256-96ac-f1308b179955@group-35A0037A9220: set configuration 0: peers:[91b954a0-6378-41b2-9057-8851e07a0c7d|rpc:10.1.0.59:36765|dataStream:|priority:0|startupRole:FOLLOWER, ebd53443-e3ae-4256-96ac-f1308b179955|rpc:10.1.0.59:38343|dataStream:|priority:0|startupRole:FOLLOWER, 37bda9b0-0df5-4ea8-952a-0c6f71b93e6d|rpc:10.1.0.59:43699|dataStream:|priority:1|startupRole:FOLLOWER]|listeners:[], old=null
2022-11-10 07:16:35,544 [ebd53443-e3ae-4256-96ac-f1308b179955-server-thread2] INFO  segmented.SegmentedRaftLogWorker (SegmentedRaftLogWorker.java:startLogSegment(452)) - ebd53443-e3ae-4256-96ac-f1308b179955@group-35A0037A9220-SegmentedRaftLogWorker: Starting segment from index:0
2022-11-10 07:16:35,544 [om1-impl-thread1] INFO  segmented.SegmentedRaftLogWorker (SegmentedRaftLogWorker.java:close(255)) - om1@group-C5BA1605619E-SegmentedRaftLogWorker close()
2022-11-10 07:16:35,544 [JvmPauseMonitor11] INFO  util.JvmPauseMonitor (JvmPauseMonitor.java:run(111)) - JvmPauseMonitor-om1: Stopped
2022-11-10 07:16:35,544 [Listener at 127.0.0.1/32977] INFO  ratis.OzoneManagerStateMachine (OzoneManagerStateMachine.java:close(499)) - StateMachine has shutdown. Shutdown OzoneManager if not already shutdown.
2022-11-10 07:16:35,545 [Listener at 127.0.0.1/32977] INFO  ratis.OzoneManagerDoubleBuffer (OzoneManagerDoubleBuffer.java:stop(478)) - OMDoubleBuffer flush thread is not running.
2022-11-10 07:16:35,545 [Listener at 127.0.0.1/32977] INFO  utils.BackgroundService (BackgroundService.java:shutdown(141)) - Shutting down service KeyDeletingService
2022-11-10 07:16:35,545 [Listener at 127.0.0.1/32977] INFO  utils.BackgroundService (BackgroundService.java:shutdown(141)) - Shutting down service DirectoryDeletingService
2022-11-10 07:16:35,545 [ebd53443-e3ae-4256-96ac-f1308b179955@group-35A0037A9220-SegmentedRaftLogWorker] INFO  segmented.SegmentedRaftLogWorker (SegmentedRaftLogWorker.java:execute(656)) - ebd53443-e3ae-4256-96ac-f1308b179955@group-35A0037A9220-SegmentedRaftLogWorker: created new log segment /home/runner/work/ozone/ozone/hadoop-ozone/integration-test/target/test-dir/MiniOzoneClusterImpl-6c329fba-5d84-49d5-96bd-8530b1407181/datanode-2/data/ratis/cbf08c3e-2880-4af4-bef9-35a0037a9220/current/log_inprogress_0
2022-11-10 07:16:35,545 [Listener at 127.0.0.1/32977] INFO  utils.BackgroundService (BackgroundService.java:shutdown(141)) - Shutting down service OpenKeyCleanupService
2022-11-10 07:16:35,546 [Listener at 127.0.0.1/32977] INFO  handler.ContextHandler (ContextHandler.java:doStop(1159)) - Stopped o.e.j.w.WebAppContext@1877da1d{ozoneManager,/,null,STOPPED}{file:/home/runner/work/ozone/ozone/hadoop-ozone/integration-test/target/test-classes/webapps/ozoneManager}
2022-11-10 07:16:35,547 [Listener at 127.0.0.1/32977] INFO  server.AbstractConnector (AbstractConnector.java:doStop(383)) - Stopped ServerConnector@24ceafbe{HTTP/1.1, (http/1.1)}{0.0.0.0:0}
2022-11-10 07:16:35,547 [Listener at 127.0.0.1/32977] INFO  server.session (HouseKeeper.java:stopScavenging(149)) - node0 Stopped scavenging
2022-11-10 07:16:35,547 [Listener at 127.0.0.1/32977] INFO  handler.ContextHandler (ContextHandler.java:doStop(1159)) - Stopped o.e.j.s.ServletContextHandler@41acf46d{static,/static,file:///home/runner/work/ozone/ozone/hadoop-ozone/integration-test/target/test-classes/webapps/static,STOPPED}
2022-11-10 07:16:35,547 [Listener at 127.0.0.1/32977] INFO  handler.ContextHandler (ContextHandler.java:doStop(1159)) - Stopped o.e.j.s.ServletContextHandler@dcba21c{logs,/logs,file:///home/runner/work/ozone/ozone/hadoop-ozone/integration-test/target/log,STOPPED}
2022-11-10 07:16:35,551 [Listener at 127.0.0.1/32977] INFO  ozone.MiniOzoneClusterImpl (MiniOzoneClusterImpl.java:stopDatanodes(522)) - Stopping the HddsDatanodes
2022-11-10 07:16:35,555 [Listener at 127.0.0.1/32977] INFO  ozoneimpl.OzoneContainer (OzoneContainer.java:stop(400)) - Attempting to stop container services.
2022-11-10 07:16:35,557 [ForkJoinPool.commonPool-worker-0] INFO  ozoneimpl.OzoneContainer (OzoneContainer.java:stop(400)) - Attempting to stop container services.
2022-11-10 07:16:35,560 [ForkJoinPool.commonPool-worker-0] INFO  server.RaftServer (RaftServerProxy.java:lambda$close$6(409)) - 37bda9b0-0df5-4ea8-952a-0c6f71b93e6d: close
2022-11-10 07:16:35,560 [37bda9b0-0df5-4ea8-952a-0c6f71b93e6d-impl-thread1] INFO  server.RaftServer$Division (RaftServerImpl.java:lambda$close$4(458)) - 37bda9b0-0df5-4ea8-952a-0c6f71b93e6d@group-35A0037A9220: shutdown
2022-11-10 07:16:35,560 [37bda9b0-0df5-4ea8-952a-0c6f71b93e6d-impl-thread1] INFO  util.JmxRegister (JmxRegister.java:unregister(73)) - Successfully un-registered JMX Bean with object name Ratis:service=RaftServer,group=group-35A0037A9220,id=37bda9b0-0df5-4ea8-952a-0c6f71b93e6d
2022-11-10 07:16:35,560 [37bda9b0-0df5-4ea8-952a-0c6f71b93e6d-impl-thread1] INFO  impl.RoleInfo (RoleInfo.java:shutdownLeaderState(93)) - 37bda9b0-0df5-4ea8-952a-0c6f71b93e6d: shutdown 37bda9b0-0df5-4ea8-952a-0c6f71b93e6d@group-35A0037A9220-LeaderStateImpl
2022-11-10 07:16:35,560 [37bda9b0-0df5-4ea8-952a-0c6f71b93e6d@group-35A0037A9220->ebd53443-e3ae-4256-96ac-f1308b179955-GrpcLogAppender-LogAppenderDaemon] WARN  server.GrpcLogAppender (GrpcLogAppender.java:mayWait(200)) - 37bda9b0-0df5-4ea8-952a-0c6f71b93e6d@group-35A0037A9220->ebd53443-e3ae-4256-96ac-f1308b179955-GrpcLogAppender: Wait interrupted by java.lang.InterruptedException
2022-11-10 07:16:35,561 [37bda9b0-0df5-4ea8-952a-0c6f71b93e6d@group-35A0037A9220->91b954a0-6378-41b2-9057-8851e07a0c7d-GrpcLogAppender-LogAppenderDaemon] WARN  server.GrpcLogAppender (GrpcLogAppender.java:mayWait(200)) - 37bda9b0-0df5-4ea8-952a-0c6f71b93e6d@group-35A0037A9220->91b954a0-6378-41b2-9057-8851e07a0c7d-GrpcLogAppender: Wait interrupted by java.lang.InterruptedException
2022-11-10 07:16:35,560 [37bda9b0-0df5-4ea8-952a-0c6f71b93e6d-impl-thread1] INFO  impl.PendingRequests (PendingRequests.java:sendNotLeaderResponses(282)) - 37bda9b0-0df5-4ea8-952a-0c6f71b93e6d@group-35A0037A9220-PendingRequests: sendNotLeaderResponses
2022-11-10 07:16:35,561 [37bda9b0-0df5-4ea8-952a-0c6f71b93e6d-impl-thread1] INFO  impl.StateMachineUpdater (StateMachineUpdater.java:stopAndJoin(153)) - 37bda9b0-0df5-4ea8-952a-0c6f71b93e6d@group-35A0037A9220-StateMachineUpdater: set stopIndex = 0
2022-11-10 07:16:35,561 [grpc-default-executor-4] INFO  server.GrpcServerProtocolService (GrpcServerProtocolService.java:onCompleted(145)) - 91b954a0-6378-41b2-9057-8851e07a0c7d: Completed APPEND_ENTRIES, lastRequest: null
2022-11-10 07:16:35,561 [grpc-default-executor-2] INFO  server.GrpcServerProtocolService (GrpcServerProtocolService.java:onCompleted(145)) - ebd53443-e3ae-4256-96ac-f1308b179955: Completed APPEND_ENTRIES, lastRequest: 37bda9b0-0df5-4ea8-952a-0c6f71b93e6d->ebd53443-e3ae-4256-96ac-f1308b179955#1-t5,previous=(t:0, i:0),leaderCommit=0,initializing? true,entries: size=1, first=(t:5, i:0), CONFIGURATIONENTRY(current:id: "91b954a0-6378-41b2-9057-8851e07a0c7d"
address: "10.1.0.59:36765"
clientAddress: "10.1.0.59:36765"
adminAddress: "10.1.0.59:36765"
startupRole: FOLLOWER
,id: "ebd53443-e3ae-4256-96ac-f1308b179955"
address: "10.1.0.59:38343"
clientAddress: "10.1.0.59:38343"
adminAddress: "10.1.0.59:38343"
startupRole: FOLLOWER
,id: "37bda9b0-0df5-4ea8-952a-0c6f71b93e6d"
address: "10.1.0.59:43699"
priority: 1
clientAddress: "10.1.0.59:43699"
adminAddress: "10.1.0.59:43699"
startupRole: FOLLOWER
, old:)
2022-11-10 07:16:35,562 [grpc-default-executor-3] INFO  server.GrpcServerProtocolService (GrpcServerProtocolService.java:onCompleted(145)) - 91b954a0-6378-41b2-9057-8851e07a0c7d: Completed APPEND_ENTRIES, lastRequest: 37bda9b0-0df5-4ea8-952a-0c6f71b93e6d->91b954a0-6378-41b2-9057-8851e07a0c7d#1-t5,previous=(t:0, i:0),leaderCommit=0,initializing? true,entries: size=1, first=(t:5, i:0), CONFIGURATIONENTRY(current:id: "91b954a0-6378-41b2-9057-8851e07a0c7d"
address: "10.1.0.59:36765"
clientAddress: "10.1.0.59:36765"
adminAddress: "10.1.0.59:36765"
startupRole: FOLLOWER
,id: "ebd53443-e3ae-4256-96ac-f1308b179955"
address: "10.1.0.59:38343"
clientAddress: "10.1.0.59:38343"
adminAddress: "10.1.0.59:38343"
startupRole: FOLLOWER
,id: "37bda9b0-0df5-4ea8-952a-0c6f71b93e6d"
address: "10.1.0.59:43699"
priority: 1
clientAddress: "10.1.0.59:43699"
adminAddress: "10.1.0.59:43699"
startupRole: FOLLOWER
, old:)
2022-11-10 07:16:35,562 [grpc-default-executor-1] INFO  server.GrpcServerProtocolService (GrpcServerProtocolService.java:onCompleted(145)) - ebd53443-e3ae-4256-96ac-f1308b179955: Completed APPEND_ENTRIES, lastRequest: null
2022-11-10 07:16:35,562 [grpc-default-executor-0] INFO  server.GrpcLogAppender (GrpcLogAppender.java:onCompleted(415)) - 37bda9b0-0df5-4ea8-952a-0c6f71b93e6d@group-35A0037A9220->91b954a0-6378-41b2-9057-8851e07a0c7d-AppendLogResponseHandler: follower responses appendEntries COMPLETED
2022-11-10 07:16:35,562 [grpc-default-executor-0] INFO  leader.FollowerInfo (FollowerInfoImpl.java:lambda$new$0(48)) - 37bda9b0-0df5-4ea8-952a-0c6f71b93e6d@group-35A0037A9220->91b954a0-6378-41b2-9057-8851e07a0c7d: nextIndex: updateUnconditionally 1 -> 0
2022-11-10 07:16:35,563 [ForkJoinPool.commonPool-worker-0] INFO  server.GrpcService (GrpcService.java:closeImpl(279)) - 37bda9b0-0df5-4ea8-952a-0c6f71b93e6d: shutdown server GrpcServerProtocolService now
2022-11-10 07:16:35,563 [37bda9b0-0df5-4ea8-952a-0c6f71b93e6d-impl-thread2] INFO  server.RaftServer$Division (RaftServerImpl.java:lambda$close$4(458)) - 37bda9b0-0df5-4ea8-952a-0c6f71b93e6d@group-D2B3A0D0972F: shutdown
2022-11-10 07:16:35,565 [grpc-default-executor-4] INFO  server.GrpcLogAppender (GrpcLogAppender.java:onCompleted(415)) - 37bda9b0-0df5-4ea8-952a-0c6f71b93e6d@group-35A0037A9220->91b954a0-6378-41b2-9057-8851e07a0c7d-AppendLogResponseHandler: follower responses appendEntries COMPLETED
2022-11-10 07:16:35,565 [grpc-default-executor-4] INFO  leader.FollowerInfo (FollowerInfoImpl.java:lambda$new$0(48)) - 37bda9b0-0df5-4ea8-952a-0c6f71b93e6d@group-35A0037A9220->91b954a0-6378-41b2-9057-8851e07a0c7d: nextIndex: updateUnconditionally 0 -> 0
2022-11-10 07:16:35,565 [37bda9b0-0df5-4ea8-952a-0c6f71b93e6d@group-35A0037A9220-StateMachineUpdater] INFO  ratis.ContainerStateMachine (ContainerStateMachine.java:takeSnapshot(304)) - group-35A0037A9220: Taking a snapshot at:(t:5, i:0) file /home/runner/work/ozone/ozone/hadoop-ozone/integration-test/target/test-dir/MiniOzoneClusterImpl-6c329fba-5d84-49d5-96bd-8530b1407181/datanode-1/data/ratis/cbf08c3e-2880-4af4-bef9-35a0037a9220/sm/snapshot.5_0
2022-11-10 07:16:35,565 [grpc-default-executor-1] WARN  server.GrpcServerProtocolService (LogUtils.java:warn(122)) - 37bda9b0-0df5-4ea8-952a-0c6f71b93e6d: installSnapshot onError, lastRequest: null: org.apache.ratis.thirdparty.io.grpc.StatusRuntimeException: CANCELLED: client cancelled
2022-11-10 07:16:35,565 [37bda9b0-0df5-4ea8-952a-0c6f71b93e6d-impl-thread2] INFO  util.JmxRegister (JmxRegister.java:unregister(73)) - Successfully un-registered JMX Bean with object name Ratis:service=RaftServer,group=group-D2B3A0D0972F,id=37bda9b0-0df5-4ea8-952a-0c6f71b93e6d
2022-11-10 07:16:35,566 [37bda9b0-0df5-4ea8-952a-0c6f71b93e6d-impl-thread2] INFO  impl.RoleInfo (RoleInfo.java:shutdownFollowerState(110)) - 37bda9b0-0df5-4ea8-952a-0c6f71b93e6d: shutdown 37bda9b0-0df5-4ea8-952a-0c6f71b93e6d@group-D2B3A0D0972F-FollowerState
2022-11-10 07:16:35,566 [37bda9b0-0df5-4ea8-952a-0c6f71b93e6d@group-D2B3A0D0972F-StateMachineUpdater] INFO  ratis.ContainerStateMachine (ContainerStateMachine.java:takeSnapshot(304)) - group-D2B3A0D0972F: Taking a snapshot at:(t:4, i:0) file /home/runner/work/ozone/ozone/hadoop-ozone/integration-test/target/test-dir/MiniOzoneClusterImpl-6c329fba-5d84-49d5-96bd-8530b1407181/datanode-1/data/ratis/181faa83-6378-4eb1-95c4-d2b3a0d0972f/sm/snapshot.4_0
2022-11-10 07:16:35,566 [37bda9b0-0df5-4ea8-952a-0c6f71b93e6d-impl-thread2] INFO  impl.StateMachineUpdater (StateMachineUpdater.java:stopAndJoin(153)) - 37bda9b0-0df5-4ea8-952a-0c6f71b93e6d@group-D2B3A0D0972F-StateMachineUpdater: set stopIndex = 0
2022-11-10 07:16:35,566 [grpc-default-executor-2] WARN  server.GrpcServerProtocolService (LogUtils.java:warn(122)) - 37bda9b0-0df5-4ea8-952a-0c6f71b93e6d: installSnapshot onError, lastRequest: ebd53443-e3ae-4256-96ac-f1308b179955->37bda9b0-0df5-4ea8-952a-0c6f71b93e6d#1-t4,previous=(t:0, i:0),leaderCommit=0,initializing? true,entries: size=1, first=(t:4, i:0), CONFIGURATIONENTRY(current:id: "91b954a0-6378-41b2-9057-8851e07a0c7d"
address: "10.1.0.59:36765"
clientAddress: "10.1.0.59:36765"
adminAddress: "10.1.0.59:36765"
startupRole: FOLLOWER
,id: "ebd53443-e3ae-4256-96ac-f1308b179955"
address: "10.1.0.59:38343"
priority: 1
clientAddress: "10.1.0.59:38343"
adminAddress: "10.1.0.59:38343"
startupRole: FOLLOWER
,id: "37bda9b0-0df5-4ea8-952a-0c6f71b93e6d"
address: "10.1.0.59:43699"
clientAddress: "10.1.0.59:43699"
adminAddress: "10.1.0.59:43699"
startupRole: FOLLOWER
, old:): org.apache.ratis.thirdparty.io.grpc.StatusRuntimeException: CANCELLED: client cancelled
2022-11-10 07:16:35,567 [37bda9b0-0df5-4ea8-952a-0c6f71b93e6d@group-35A0037A9220-StateMachineUpdater] INFO  ratis.ContainerStateMachine (ContainerStateMachine.java:takeSnapshot(315)) - group-35A0037A9220: Finished taking a snapshot at:(t:5, i:0) file:/home/runner/work/ozone/ozone/hadoop-ozone/integration-test/target/test-dir/MiniOzoneClusterImpl-6c329fba-5d84-49d5-96bd-8530b1407181/datanode-1/data/ratis/cbf08c3e-2880-4af4-bef9-35a0037a9220/sm/snapshot.5_0 took: 1 ms
2022-11-10 07:16:35,567 [37bda9b0-0df5-4ea8-952a-0c6f71b93e6d@group-35A0037A9220-StateMachineUpdater] INFO  impl.StateMachineUpdater (StateMachineUpdater.java:takeSnapshot(287)) - 37bda9b0-0df5-4ea8-952a-0c6f71b93e6d@group-35A0037A9220-StateMachineUpdater: Took a snapshot at index 0
2022-11-10 07:16:35,567 [37bda9b0-0df5-4ea8-952a-0c6f71b93e6d@group-35A0037A9220-StateMachineUpdater] INFO  impl.StateMachineUpdater (StateMachineUpdater.java:lambda$new$0(92)) - 37bda9b0-0df5-4ea8-952a-0c6f71b93e6d@group-35A0037A9220-StateMachineUpdater: snapshotIndex: updateIncreasingly -1 -> 0
2022-11-10 07:16:35,567 [37bda9b0-0df5-4ea8-952a-0c6f71b93e6d@group-D2B3A0D0972F-StateMachineUpdater] INFO  ratis.ContainerStateMachine (ContainerStateMachine.java:takeSnapshot(315)) - group-D2B3A0D0972F: Finished taking a snapshot at:(t:4, i:0) file:/home/runner/work/ozone/ozone/hadoop-ozone/integration-test/target/test-dir/MiniOzoneClusterImpl-6c329fba-5d84-49d5-96bd-8530b1407181/datanode-1/data/ratis/181faa83-6378-4eb1-95c4-d2b3a0d0972f/sm/snapshot.4_0 took: 2 ms
2022-11-10 07:16:35,567 [37bda9b0-0df5-4ea8-952a-0c6f71b93e6d@group-D2B3A0D0972F-StateMachineUpdater] INFO  impl.StateMachineUpdater (StateMachineUpdater.java:takeSnapshot(287)) - 37bda9b0-0df5-4ea8-952a-0c6f71b93e6d@group-D2B3A0D0972F-StateMachineUpdater: Took a snapshot at index 0
2022-11-10 07:16:35,567 [37bda9b0-0df5-4ea8-952a-0c6f71b93e6d@group-D2B3A0D0972F-StateMachineUpdater] INFO  impl.StateMachineUpdater (StateMachineUpdater.java:lambda$new$0(92)) - 37bda9b0-0df5-4ea8-952a-0c6f71b93e6d@group-D2B3A0D0972F-StateMachineUpdater: snapshotIndex: updateIncreasingly -1 -> 0
2022-11-10 07:16:35,567 [37bda9b0-0df5-4ea8-952a-0c6f71b93e6d@group-D2B3A0D0972F-FollowerState] INFO  impl.FollowerState (FollowerState.java:run(152)) - 37bda9b0-0df5-4ea8-952a-0c6f71b93e6d@group-D2B3A0D0972F-FollowerState was interrupted
2022-11-10 07:16:35,569 [Listener at 127.0.0.1/32977] INFO  server.RaftServer (RaftServerProxy.java:lambda$close$6(409)) - 2761f105-bad8-4cc1-bdb0-f2de1107aa09: close
2022-11-10 07:16:35,569 [Listener at 127.0.0.1/32977] INFO  server.GrpcService (GrpcService.java:closeImpl(279)) - 2761f105-bad8-4cc1-bdb0-f2de1107aa09: shutdown server GrpcServerProtocolService now
2022-11-10 07:16:35,573 [ForkJoinPool.commonPool-worker-0] INFO  server.GrpcServerProtocolClient (GrpcServerProtocolClient.java:close(111)) - 91b954a0-6378-41b2-9057-8851e07a0c7d Close channels
2022-11-10 07:16:35,573 [grpc-default-executor-3] INFO  server.GrpcLogAppender (GrpcLogAppender.java:onCompleted(415)) - 37bda9b0-0df5-4ea8-952a-0c6f71b93e6d@group-35A0037A9220->ebd53443-e3ae-4256-96ac-f1308b179955-AppendLogResponseHandler: follower responses appendEntries COMPLETED
2022-11-10 07:16:35,575 [grpc-default-executor-3] INFO  leader.FollowerInfo (FollowerInfoImpl.java:lambda$new$0(48)) - 37bda9b0-0df5-4ea8-952a-0c6f71b93e6d@group-35A0037A9220->ebd53443-e3ae-4256-96ac-f1308b179955: nextIndex: updateUnconditionally 1 -> 0
2022-11-10 07:16:35,576 [grpc-default-executor-3] WARN  server.GrpcLogAppender (LogUtils.java:warn(122)) - ebd53443-e3ae-4256-96ac-f1308b179955@group-D2B3A0D0972F->37bda9b0-0df5-4ea8-952a-0c6f71b93e6d-AppendLogResponseHandler: Failed appendEntries: org.apache.ratis.thirdparty.io.grpc.StatusRuntimeException: CANCELLED: RST_STREAM closed stream. HTTP/2 error code: CANCEL
2022-11-10 07:16:35,576 [grpc-default-executor-3] WARN  server.GrpcLogAppender (GrpcLogAppender.java:resetClient(131)) - ebd53443-e3ae-4256-96ac-f1308b179955@group-D2B3A0D0972F->37bda9b0-0df5-4ea8-952a-0c6f71b93e6d-GrpcLogAppender: Leader has not got in touch with Follower ebd53443-e3ae-4256-96ac-f1308b179955@group-D2B3A0D0972F->37bda9b0-0df5-4ea8-952a-0c6f71b93e6d(c0,m0,n1, attendVote=true, lastRpcSendTime=90, lastRpcResponseTime=87) yet, just keep nextIndex unchanged and retry.
2022-11-10 07:16:35,576 [grpc-default-executor-4] WARN  server.GrpcLogAppender (LogUtils.java:warn(122)) - ebd53443-e3ae-4256-96ac-f1308b179955@group-D2B3A0D0972F->37bda9b0-0df5-4ea8-952a-0c6f71b93e6d-AppendLogResponseHandler: Failed appendEntries: org.apache.ratis.thirdparty.io.grpc.StatusRuntimeException: CANCELLED: RST_STREAM closed stream. HTTP/2 error code: CANCEL
2022-11-10 07:16:35,577 [grpc-default-executor-4] WARN  server.GrpcLogAppender (GrpcLogAppender.java:resetClient(131)) - ebd53443-e3ae-4256-96ac-f1308b179955@group-D2B3A0D0972F->37bda9b0-0df5-4ea8-952a-0c6f71b93e6d-GrpcLogAppender: Leader has not got in touch with Follower ebd53443-e3ae-4256-96ac-f1308b179955@group-D2B3A0D0972F->37bda9b0-0df5-4ea8-952a-0c6f71b93e6d(c0,m0,n1, attendVote=true, lastRpcSendTime=90, lastRpcResponseTime=88) yet, just keep nextIndex unchanged and retry.
2022-11-10 07:16:35,577 [Listener at 127.0.0.1/32977] INFO  server.GrpcServerProtocolClient (GrpcServerProtocolClient.java:close(111)) - 93f75986-a2fd-4e1e-8c9d-e124aac8f1f2 Close channels
2022-11-10 07:16:35,578 [37bda9b0-0df5-4ea8-952a-0c6f71b93e6d-impl-thread1] INFO  server.RaftServer$Division (ServerState.java:close(466)) - 37bda9b0-0df5-4ea8-952a-0c6f71b93e6d@group-35A0037A9220: closes. applyIndex: 0
2022-11-10 07:16:35,578 [37bda9b0-0df5-4ea8-952a-0c6f71b93e6d@group-35A0037A9220-SegmentedRaftLogWorker] INFO  segmented.SegmentedRaftLogWorker (SegmentedRaftLogWorker.java:run(345)) - 37bda9b0-0df5-4ea8-952a-0c6f71b93e6d@group-35A0037A9220-SegmentedRaftLogWorker was interrupted, exiting. There are 0 tasks remaining in the queue.
2022-11-10 07:16:35,578 [37bda9b0-0df5-4ea8-952a-0c6f71b93e6d-impl-thread2] INFO  server.RaftServer$Division (ServerState.java:close(466)) - 37bda9b0-0df5-4ea8-952a-0c6f71b93e6d@group-D2B3A0D0972F: closes. applyIndex: 0
2022-11-10 07:16:35,578 [37bda9b0-0df5-4ea8-952a-0c6f71b93e6d@group-D2B3A0D0972F-SegmentedRaftLogWorker] INFO  segmented.SegmentedRaftLogWorker (SegmentedRaftLogWorker.java:run(345)) - 37bda9b0-0df5-4ea8-952a-0c6f71b93e6d@group-D2B3A0D0972F-SegmentedRaftLogWorker was interrupted, exiting. There are 0 tasks remaining in the queue.
2022-11-10 07:16:35,581 [Listener at 127.0.0.1/32977] INFO  server.GrpcServerProtocolClient (GrpcServerProtocolClient.java:close(111)) - 61b4adde-551e-4095-bce8-06739a9df4a2 Close channels
2022-11-10 07:16:35,583 [grpc-default-executor-1] INFO  server.GrpcLogAppender (GrpcLogAppender.java:onCompleted(415)) - 37bda9b0-0df5-4ea8-952a-0c6f71b93e6d@group-35A0037A9220->ebd53443-e3ae-4256-96ac-f1308b179955-AppendLogResponseHandler: follower responses appendEntries COMPLETED
2022-11-10 07:16:35,583 [grpc-default-executor-1] INFO  leader.FollowerInfo (FollowerInfoImpl.java:lambda$new$0(48)) - 37bda9b0-0df5-4ea8-952a-0c6f71b93e6d@group-35A0037A9220->ebd53443-e3ae-4256-96ac-f1308b179955: nextIndex: updateUnconditionally 0 -> 0
2022-11-10 07:16:35,583 [37bda9b0-0df5-4ea8-952a-0c6f71b93e6d-impl-thread1] INFO  segmented.SegmentedRaftLogWorker (SegmentedRaftLogWorker.java:close(255)) - 37bda9b0-0df5-4ea8-952a-0c6f71b93e6d@group-35A0037A9220-SegmentedRaftLogWorker close()
2022-11-10 07:16:35,583 [37bda9b0-0df5-4ea8-952a-0c6f71b93e6d-impl-thread2] INFO  segmented.SegmentedRaftLogWorker (SegmentedRaftLogWorker.java:close(255)) - 37bda9b0-0df5-4ea8-952a-0c6f71b93e6d@group-D2B3A0D0972F-SegmentedRaftLogWorker close()
2022-11-10 07:16:35,584 [ForkJoinPool.commonPool-worker-0] INFO  server.GrpcServerProtocolClient (GrpcServerProtocolClient.java:close(111)) - ebd53443-e3ae-4256-96ac-f1308b179955 Close channels
2022-11-10 07:16:35,595 [Listener at 127.0.0.1/32977] INFO  server.GrpcService (GrpcService.java:closeImpl(288)) - 2761f105-bad8-4cc1-bdb0-f2de1107aa09: shutdown server GrpcServerProtocolService successfully
2022-11-10 07:16:35,595 [JvmPauseMonitor15] INFO  util.JvmPauseMonitor (JvmPauseMonitor.java:run(111)) - JvmPauseMonitor-2761f105-bad8-4cc1-bdb0-f2de1107aa09: Stopped
2022-11-10 07:16:35,599 [ForkJoinPool.commonPool-worker-0] INFO  server.GrpcService (GrpcService.java:closeImpl(288)) - 37bda9b0-0df5-4ea8-952a-0c6f71b93e6d: shutdown server GrpcServerProtocolService successfully
2022-11-10 07:16:35,600 [JvmPauseMonitor13] INFO  util.JvmPauseMonitor (JvmPauseMonitor.java:run(111)) - JvmPauseMonitor-37bda9b0-0df5-4ea8-952a-0c6f71b93e6d: Stopped
2022-11-10 07:16:37,621 [Listener at 127.0.0.1/32977] INFO  volume.HddsVolume (HddsVolume.java:closeDbStore(338)) - SchemaV3 db is stopped at /home/runner/work/ozone/ozone/hadoop-ozone/integration-test/target/test-dir/MiniOzoneClusterImpl-6c329fba-5d84-49d5-96bd-8530b1407181/datanode-3/data-0/containers/hdds/6c329fba-5d84-49d5-96bd-8530b1407181/DS-2c47adce-3e8c-4e42-b9d9-48ca5bae3ed9/container.db for volume DS-2c47adce-3e8c-4e42-b9d9-48ca5bae3ed9
2022-11-10 07:16:37,622 [Listener at 127.0.0.1/32977] INFO  utils.BackgroundService (BackgroundService.java:shutdown(141)) - Shutting down service BlockDeletingService
2022-11-10 07:16:37,622 [Listener at 127.0.0.1/32977] INFO  utils.BackgroundService (BackgroundService.java:shutdown(141)) - Shutting down service StaleRecoveringContainerScrubbingService
2022-11-10 07:16:37,626 [ForkJoinPool.commonPool-worker-0] INFO  volume.HddsVolume (HddsVolume.java:closeDbStore(338)) - SchemaV3 db is stopped at /home/runner/work/ozone/ozone/hadoop-ozone/integration-test/target/test-dir/MiniOzoneClusterImpl-6c329fba-5d84-49d5-96bd-8530b1407181/datanode-1/data-0/containers/hdds/6c329fba-5d84-49d5-96bd-8530b1407181/DS-24ac21ca-1d22-48d7-a65e-8183d9504b5e/container.db for volume DS-24ac21ca-1d22-48d7-a65e-8183d9504b5e
2022-11-10 07:16:37,626 [Listener at 127.0.0.1/32977] INFO  statemachine.DatanodeStateMachine (DatanodeStateMachine.java:stopDaemon(593)) - Ozone container server stopped.
2022-11-10 07:16:37,629 [ForkJoinPool.commonPool-worker-0] INFO  utils.BackgroundService (BackgroundService.java:shutdown(141)) - Shutting down service BlockDeletingService
2022-11-10 07:16:37,630 [ForkJoinPool.commonPool-worker-0] INFO  utils.BackgroundService (BackgroundService.java:shutdown(141)) - Shutting down service StaleRecoveringContainerScrubbingService
2022-11-10 07:16:37,635 [ForkJoinPool.commonPool-worker-0] INFO  statemachine.DatanodeStateMachine (DatanodeStateMachine.java:stopDaemon(593)) - Ozone container server stopped.
2022-11-10 07:16:37,639 [Listener at 127.0.0.1/32977] INFO  handler.ContextHandler (ContextHandler.java:doStop(1159)) - Stopped o.e.j.w.WebAppContext@3287f2d{hddsDatanode,/,null,STOPPED}{jar:file:/home/runner/.m2/repository/org/apache/ozone/hdds-container-service/1.3.0-SNAPSHOT/hdds-container-service-1.3.0-SNAPSHOT.jar!/webapps/hddsDatanode}
2022-11-10 07:16:37,641 [Listener at 127.0.0.1/32977] INFO  server.AbstractConnector (AbstractConnector.java:doStop(383)) - Stopped ServerConnector@6b4e1ef6{HTTP/1.1, (http/1.1)}{0.0.0.0:0}
2022-11-10 07:16:37,641 [Listener at 127.0.0.1/32977] INFO  server.session (HouseKeeper.java:stopScavenging(149)) - node0 Stopped scavenging
2022-11-10 07:16:37,642 [Listener at 127.0.0.1/32977] INFO  handler.ContextHandler (ContextHandler.java:doStop(1159)) - Stopped o.e.j.s.ServletContextHandler@71d6ac8d{static,/static,jar:file:/home/runner/.m2/repository/org/apache/ozone/hdds-container-service/1.3.0-SNAPSHOT/hdds-container-service-1.3.0-SNAPSHOT.jar!/webapps/static,STOPPED}
2022-11-10 07:16:37,642 [Listener at 127.0.0.1/32977] INFO  handler.ContextHandler (ContextHandler.java:doStop(1159)) - Stopped o.e.j.s.ServletContextHandler@19b6b6{logs,/logs,file:///home/runner/work/ozone/ozone/hadoop-ozone/integration-test/target/log,STOPPED}
2022-11-10 07:16:37,646 [Listener at 127.0.0.1/32977] INFO  ozoneimpl.OzoneContainer (OzoneContainer.java:stop(400)) - Attempting to stop container services.
2022-11-10 07:16:37,647 [Listener at 127.0.0.1/32977] INFO  server.RaftServer (RaftServerProxy.java:lambda$close$6(409)) - 61b4adde-551e-4095-bce8-06739a9df4a2: close
2022-11-10 07:16:37,648 [Listener at 127.0.0.1/32977] INFO  server.GrpcService (GrpcService.java:closeImpl(279)) - 61b4adde-551e-4095-bce8-06739a9df4a2: shutdown server GrpcServerProtocolService now
2022-11-10 07:16:37,648 [Listener at 127.0.0.1/32977] INFO  server.GrpcServerProtocolClient (GrpcServerProtocolClient.java:close(111)) - 93f75986-a2fd-4e1e-8c9d-e124aac8f1f2 Close channels
2022-11-10 07:16:37,652 [Listener at 127.0.0.1/32977] INFO  server.GrpcServerProtocolClient (GrpcServerProtocolClient.java:close(111)) - 2761f105-bad8-4cc1-bdb0-f2de1107aa09 Close channels
2022-11-10 07:16:37,655 [Listener at 127.0.0.1/32977] INFO  server.GrpcService (GrpcService.java:closeImpl(288)) - 61b4adde-551e-4095-bce8-06739a9df4a2: shutdown server GrpcServerProtocolService successfully
2022-11-10 07:16:37,655 [JvmPauseMonitor17] INFO  util.JvmPauseMonitor (JvmPauseMonitor.java:run(111)) - JvmPauseMonitor-61b4adde-551e-4095-bce8-06739a9df4a2: Stopped
2022-11-10 07:16:37,659 [ForkJoinPool.commonPool-worker-0] INFO  handler.ContextHandler (ContextHandler.java:doStop(1159)) - Stopped o.e.j.w.WebAppContext@6571c5ed{hddsDatanode,/,null,STOPPED}{jar:file:/home/runner/.m2/repository/org/apache/ozone/hdds-container-service/1.3.0-SNAPSHOT/hdds-container-service-1.3.0-SNAPSHOT.jar!/webapps/hddsDatanode}
2022-11-10 07:16:37,659 [ForkJoinPool.commonPool-worker-0] INFO  server.AbstractConnector (AbstractConnector.java:doStop(383)) - Stopped ServerConnector@2394231f{HTTP/1.1, (http/1.1)}{0.0.0.0:0}
2022-11-10 07:16:37,659 [ForkJoinPool.commonPool-worker-0] INFO  server.session (HouseKeeper.java:stopScavenging(149)) - node0 Stopped scavenging
2022-11-10 07:16:37,660 [ForkJoinPool.commonPool-worker-0] INFO  handler.ContextHandler (ContextHandler.java:doStop(1159)) - Stopped o.e.j.s.ServletContextHandler@751bb6ff{static,/static,jar:file:/home/runner/.m2/repository/org/apache/ozone/hdds-container-service/1.3.0-SNAPSHOT/hdds-container-service-1.3.0-SNAPSHOT.jar!/webapps/static,STOPPED}
2022-11-10 07:16:37,661 [ForkJoinPool.commonPool-worker-0] INFO  handler.ContextHandler (ContextHandler.java:doStop(1159)) - Stopped o.e.j.s.ServletContextHandler@7fd4314b{logs,/logs,file:///home/runner/work/ozone/ozone/hadoop-ozone/integration-test/target/log,STOPPED}
2022-11-10 07:16:37,664 [ForkJoinPool.commonPool-worker-0] INFO  ozoneimpl.OzoneContainer (OzoneContainer.java:stop(400)) - Attempting to stop container services.
2022-11-10 07:16:37,665 [ForkJoinPool.commonPool-worker-0] INFO  server.RaftServer (RaftServerProxy.java:lambda$close$6(409)) - ebd53443-e3ae-4256-96ac-f1308b179955: close
2022-11-10 07:16:37,665 [ebd53443-e3ae-4256-96ac-f1308b179955-impl-thread1] INFO  server.RaftServer$Division (RaftServerImpl.java:lambda$close$4(458)) - ebd53443-e3ae-4256-96ac-f1308b179955@group-35A0037A9220: shutdown
2022-11-10 07:16:37,665 [ebd53443-e3ae-4256-96ac-f1308b179955-impl-thread1] INFO  util.JmxRegister (JmxRegister.java:unregister(73)) - Successfully un-registered JMX Bean with object name Ratis:service=RaftServer,group=group-35A0037A9220,id=ebd53443-e3ae-4256-96ac-f1308b179955
2022-11-10 07:16:37,665 [ebd53443-e3ae-4256-96ac-f1308b179955-impl-thread1] INFO  impl.RoleInfo (RoleInfo.java:shutdownFollowerState(110)) - ebd53443-e3ae-4256-96ac-f1308b179955: shutdown ebd53443-e3ae-4256-96ac-f1308b179955@group-35A0037A9220-FollowerState
2022-11-10 07:16:37,665 [ebd53443-e3ae-4256-96ac-f1308b179955-impl-thread1] INFO  impl.StateMachineUpdater (StateMachineUpdater.java:stopAndJoin(153)) - ebd53443-e3ae-4256-96ac-f1308b179955@group-35A0037A9220-StateMachineUpdater: set stopIndex = 0
2022-11-10 07:16:37,665 [ebd53443-e3ae-4256-96ac-f1308b179955@group-35A0037A9220-FollowerState] INFO  impl.FollowerState (FollowerState.java:run(152)) - ebd53443-e3ae-4256-96ac-f1308b179955@group-35A0037A9220-FollowerState was interrupted
2022-11-10 07:16:37,665 [ForkJoinPool.commonPool-worker-0] INFO  server.GrpcService (GrpcService.java:closeImpl(279)) - ebd53443-e3ae-4256-96ac-f1308b179955: shutdown server GrpcServerProtocolService now
2022-11-10 07:16:37,665 [ebd53443-e3ae-4256-96ac-f1308b179955@group-35A0037A9220-StateMachineUpdater] INFO  ratis.ContainerStateMachine (ContainerStateMachine.java:takeSnapshot(304)) - group-35A0037A9220: Taking a snapshot at:(t:5, i:0) file /home/runner/work/ozone/ozone/hadoop-ozone/integration-test/target/test-dir/MiniOzoneClusterImpl-6c329fba-5d84-49d5-96bd-8530b1407181/datanode-2/data/ratis/cbf08c3e-2880-4af4-bef9-35a0037a9220/sm/snapshot.5_0
2022-11-10 07:16:37,665 [ebd53443-e3ae-4256-96ac-f1308b179955-impl-thread2] INFO  server.RaftServer$Division (RaftServerImpl.java:lambda$close$4(458)) - ebd53443-e3ae-4256-96ac-f1308b179955@group-D2B3A0D0972F: shutdown
2022-11-10 07:16:37,665 [ebd53443-e3ae-4256-96ac-f1308b179955-impl-thread2] INFO  util.JmxRegister (JmxRegister.java:unregister(73)) - Successfully un-registered JMX Bean with object name Ratis:service=RaftServer,group=group-D2B3A0D0972F,id=ebd53443-e3ae-4256-96ac-f1308b179955
2022-11-10 07:16:37,665 [ebd53443-e3ae-4256-96ac-f1308b179955-impl-thread2] INFO  impl.RoleInfo (RoleInfo.java:shutdownLeaderState(93)) - ebd53443-e3ae-4256-96ac-f1308b179955: shutdown ebd53443-e3ae-4256-96ac-f1308b179955@group-D2B3A0D0972F-LeaderStateImpl
2022-11-10 07:16:37,666 [ebd53443-e3ae-4256-96ac-f1308b179955@group-D2B3A0D0972F->91b954a0-6378-41b2-9057-8851e07a0c7d-GrpcLogAppender-LogAppenderDaemon] WARN  server.GrpcLogAppender (GrpcLogAppender.java:mayWait(200)) - ebd53443-e3ae-4256-96ac-f1308b179955@group-D2B3A0D0972F->91b954a0-6378-41b2-9057-8851e07a0c7d-GrpcLogAppender: Wait interrupted by java.lang.InterruptedException
2022-11-10 07:16:37,666 [ebd53443-e3ae-4256-96ac-f1308b179955-impl-thread2] INFO  impl.PendingRequests (PendingRequests.java:sendNotLeaderResponses(282)) - ebd53443-e3ae-4256-96ac-f1308b179955@group-D2B3A0D0972F-PendingRequests: sendNotLeaderResponses
2022-11-10 07:16:37,666 [ForkJoinPool.commonPool-worker-0] INFO  server.GrpcServerProtocolClient (GrpcServerProtocolClient.java:close(111)) - 91b954a0-6378-41b2-9057-8851e07a0c7d Close channels
2022-11-10 07:16:37,667 [grpc-default-executor-1] INFO  server.GrpcServerProtocolService (GrpcServerProtocolService.java:onCompleted(145)) - 91b954a0-6378-41b2-9057-8851e07a0c7d: Completed APPEND_ENTRIES, lastRequest: null
2022-11-10 07:16:37,668 [grpc-default-executor-1] INFO  server.GrpcServerProtocolService (GrpcServerProtocolService.java:onCompleted(145)) - 91b954a0-6378-41b2-9057-8851e07a0c7d: Completed APPEND_ENTRIES, lastRequest: ebd53443-e3ae-4256-96ac-f1308b179955->91b954a0-6378-41b2-9057-8851e07a0c7d#1-t4,previous=(t:0, i:0),leaderCommit=-1,initializing? true,entries: size=1, first=(t:4, i:0), CONFIGURATIONENTRY(current:id: "91b954a0-6378-41b2-9057-8851e07a0c7d"
address: "10.1.0.59:36765"
clientAddress: "10.1.0.59:36765"
adminAddress: "10.1.0.59:36765"
startupRole: FOLLOWER
,id: "ebd53443-e3ae-4256-96ac-f1308b179955"
address: "10.1.0.59:38343"
priority: 1
clientAddress: "10.1.0.59:38343"
adminAddress: "10.1.0.59:38343"
startupRole: FOLLOWER
,id: "37bda9b0-0df5-4ea8-952a-0c6f71b93e6d"
address: "10.1.0.59:43699"
clientAddress: "10.1.0.59:43699"
adminAddress: "10.1.0.59:43699"
startupRole: FOLLOWER
, old:)
2022-11-10 07:16:37,669 [ebd53443-e3ae-4256-96ac-f1308b179955@group-35A0037A9220-StateMachineUpdater] INFO  ratis.ContainerStateMachine (ContainerStateMachine.java:takeSnapshot(315)) - group-35A0037A9220: Finished taking a snapshot at:(t:5, i:0) file:/home/runner/work/ozone/ozone/hadoop-ozone/integration-test/target/test-dir/MiniOzoneClusterImpl-6c329fba-5d84-49d5-96bd-8530b1407181/datanode-2/data/ratis/cbf08c3e-2880-4af4-bef9-35a0037a9220/sm/snapshot.5_0 took: 3 ms
2022-11-10 07:16:37,669 [ebd53443-e3ae-4256-96ac-f1308b179955@group-35A0037A9220-StateMachineUpdater] INFO  impl.StateMachineUpdater (StateMachineUpdater.java:takeSnapshot(287)) - ebd53443-e3ae-4256-96ac-f1308b179955@group-35A0037A9220-StateMachineUpdater: Took a snapshot at index 0
2022-11-10 07:16:37,669 [ebd53443-e3ae-4256-96ac-f1308b179955@group-35A0037A9220-StateMachineUpdater] INFO  impl.StateMachineUpdater (StateMachineUpdater.java:lambda$new$0(92)) - ebd53443-e3ae-4256-96ac-f1308b179955@group-35A0037A9220-StateMachineUpdater: snapshotIndex: updateIncreasingly -1 -> 0
2022-11-10 07:16:37,669 [ebd53443-e3ae-4256-96ac-f1308b179955-impl-thread1] INFO  server.RaftServer$Division (ServerState.java:close(466)) - ebd53443-e3ae-4256-96ac-f1308b179955@group-35A0037A9220: closes. applyIndex: 0
2022-11-10 07:16:37,670 [ebd53443-e3ae-4256-96ac-f1308b179955@group-35A0037A9220-SegmentedRaftLogWorker] INFO  segmented.SegmentedRaftLogWorker (SegmentedRaftLogWorker.java:run(345)) - ebd53443-e3ae-4256-96ac-f1308b179955@group-35A0037A9220-SegmentedRaftLogWorker was interrupted, exiting. There are 0 tasks remaining in the queue.
2022-11-10 07:16:37,670 [ebd53443-e3ae-4256-96ac-f1308b179955-impl-thread1] INFO  segmented.SegmentedRaftLogWorker (SegmentedRaftLogWorker.java:close(255)) - ebd53443-e3ae-4256-96ac-f1308b179955@group-35A0037A9220-SegmentedRaftLogWorker close()
2022-11-10 07:16:37,670 [grpc-default-executor-4] INFO  server.GrpcLogAppender (GrpcLogAppender.java:onCompleted(415)) - ebd53443-e3ae-4256-96ac-f1308b179955@group-D2B3A0D0972F->91b954a0-6378-41b2-9057-8851e07a0c7d-AppendLogResponseHandler: follower responses appendEntries COMPLETED
2022-11-10 07:16:37,671 [ForkJoinPool.commonPool-worker-0] INFO  server.GrpcServerProtocolClient (GrpcServerProtocolClient.java:close(111)) - 37bda9b0-0df5-4ea8-952a-0c6f71b93e6d Close channels
2022-11-10 07:16:37,677 [grpc-default-executor-1] INFO  server.GrpcLogAppender (GrpcLogAppender.java:onCompleted(415)) - ebd53443-e3ae-4256-96ac-f1308b179955@group-D2B3A0D0972F->91b954a0-6378-41b2-9057-8851e07a0c7d-AppendLogResponseHandler: follower responses appendEntries COMPLETED
2022-11-10 07:16:37,677 [ebd53443-e3ae-4256-96ac-f1308b179955-impl-thread2] INFO  impl.StateMachineUpdater (StateMachineUpdater.java:stopAndJoin(153)) - ebd53443-e3ae-4256-96ac-f1308b179955@group-D2B3A0D0972F-StateMachineUpdater: set stopIndex = 0
2022-11-10 07:16:37,677 [ebd53443-e3ae-4256-96ac-f1308b179955@group-D2B3A0D0972F-StateMachineUpdater] INFO  ratis.ContainerStateMachine (ContainerStateMachine.java:takeSnapshot(304)) - group-D2B3A0D0972F: Taking a snapshot at:(t:4, i:0) file /home/runner/work/ozone/ozone/hadoop-ozone/integration-test/target/test-dir/MiniOzoneClusterImpl-6c329fba-5d84-49d5-96bd-8530b1407181/datanode-2/data/ratis/181faa83-6378-4eb1-95c4-d2b3a0d0972f/sm/snapshot.4_0
2022-11-10 07:16:37,677 [grpc-default-executor-4] WARN  server.GrpcLogAppender (GrpcLogAppender.java:resetClient(137)) - ebd53443-e3ae-4256-96ac-f1308b179955@group-D2B3A0D0972F->91b954a0-6378-41b2-9057-8851e07a0c7d-GrpcLogAppender: Failed to getClient for 91b954a0-6378-41b2-9057-8851e07a0c7d
org.apache.ratis.protocol.exceptions.AlreadyClosedException: ebd53443-e3ae-4256-96ac-f1308b179955 is already CLOSED
	at org.apache.ratis.util.PeerProxyMap$PeerAndProxy.getProxy(PeerProxyMap.java:61)
	at org.apache.ratis.util.PeerProxyMap.getProxy(PeerProxyMap.java:115)
	at org.apache.ratis.grpc.server.GrpcLogAppender.getClient(GrpcLogAppender.java:116)
	at org.apache.ratis.grpc.server.GrpcLogAppender.resetClient(GrpcLogAppender.java:121)
	at org.apache.ratis.grpc.server.GrpcLogAppender.access$500(GrpcLogAppender.java:58)
	at org.apache.ratis.grpc.server.GrpcLogAppender$AppendLogResponseHandler.onCompleted(GrpcLogAppender.java:416)
	at org.apache.ratis.thirdparty.io.grpc.stub.ClientCalls$StreamObserverToCallListenerAdapter.onClose(ClientCalls.java:485)
	at org.apache.ratis.thirdparty.io.grpc.internal.ClientCallImpl.closeObserver(ClientCallImpl.java:562)
	at org.apache.ratis.thirdparty.io.grpc.internal.ClientCallImpl.access$300(ClientCallImpl.java:70)
	at org.apache.ratis.thirdparty.io.grpc.internal.ClientCallImpl$ClientStreamListenerImpl$1StreamClosed.runInternal(ClientCallImpl.java:743)
	at org.apache.ratis.thirdparty.io.grpc.internal.ClientCallImpl$ClientStreamListenerImpl$1StreamClosed.runInContext(ClientCallImpl.java:722)
	at org.apache.ratis.thirdparty.io.grpc.internal.ContextRunnable.run(ContextRunnable.java:37)
	at org.apache.ratis.thirdparty.io.grpc.internal.SerializingExecutor.run(SerializingExecutor.java:133)
	at java.util.concurrent.ThreadPoolExecutor.runWorker(ThreadPoolExecutor.java:1149)
	at java.util.concurrent.ThreadPoolExecutor$Worker.run(ThreadPoolExecutor.java:624)
	at java.lang.Thread.run(Thread.java:750)
2022-11-10 07:16:37,678 [grpc-default-executor-1] WARN  server.GrpcLogAppender (GrpcLogAppender.java:resetClient(137)) - ebd53443-e3ae-4256-96ac-f1308b179955@group-D2B3A0D0972F->91b954a0-6378-41b2-9057-8851e07a0c7d-GrpcLogAppender: Failed to getClient for 91b954a0-6378-41b2-9057-8851e07a0c7d
org.apache.ratis.protocol.exceptions.AlreadyClosedException: ebd53443-e3ae-4256-96ac-f1308b179955 is already CLOSED
	at org.apache.ratis.util.PeerProxyMap$PeerAndProxy.getProxy(PeerProxyMap.java:61)
	at org.apache.ratis.util.PeerProxyMap.getProxy(PeerProxyMap.java:115)
	at org.apache.ratis.grpc.server.GrpcLogAppender.getClient(GrpcLogAppender.java:116)
	at org.apache.ratis.grpc.server.GrpcLogAppender.resetClient(GrpcLogAppender.java:121)
	at org.apache.ratis.grpc.server.GrpcLogAppender.access$500(GrpcLogAppender.java:58)
	at org.apache.ratis.grpc.server.GrpcLogAppender$AppendLogResponseHandler.onCompleted(GrpcLogAppender.java:416)
	at org.apache.ratis.thirdparty.io.grpc.stub.ClientCalls$StreamObserverToCallListenerAdapter.onClose(ClientCalls.java:485)
	at org.apache.ratis.thirdparty.io.grpc.internal.DelayedClientCall$DelayedListener$3.run(DelayedClientCall.java:468)
	at org.apache.ratis.thirdparty.io.grpc.internal.DelayedClientCall$DelayedListener.delayOrExecute(DelayedClientCall.java:432)
	at org.apache.ratis.thirdparty.io.grpc.internal.DelayedClientCall$DelayedListener.onClose(DelayedClientCall.java:465)
	at org.apache.ratis.thirdparty.io.grpc.internal.ClientCallImpl.closeObserver(ClientCallImpl.java:562)
	at org.apache.ratis.thirdparty.io.grpc.internal.ClientCallImpl.access$300(ClientCallImpl.java:70)
	at org.apache.ratis.thirdparty.io.grpc.internal.ClientCallImpl$ClientStreamListenerImpl$1StreamClosed.runInternal(ClientCallImpl.java:743)
	at org.apache.ratis.thirdparty.io.grpc.internal.ClientCallImpl$ClientStreamListenerImpl$1StreamClosed.runInContext(ClientCallImpl.java:722)
	at org.apache.ratis.thirdparty.io.grpc.internal.ContextRunnable.run(ContextRunnable.java:37)
	at org.apache.ratis.thirdparty.io.grpc.internal.SerializingExecutor.run(SerializingExecutor.java:133)
	at java.util.concurrent.ThreadPoolExecutor.runWorker(ThreadPoolExecutor.java:1149)
	at java.util.concurrent.ThreadPoolExecutor$Worker.run(ThreadPoolExecutor.java:624)
	at java.lang.Thread.run(Thread.java:750)
2022-11-10 07:16:37,678 [ForkJoinPool.commonPool-worker-0] INFO  server.GrpcService (GrpcService.java:closeImpl(288)) - ebd53443-e3ae-4256-96ac-f1308b179955: shutdown server GrpcServerProtocolService successfully
2022-11-10 07:16:37,678 [ebd53443-e3ae-4256-96ac-f1308b179955@group-D2B3A0D0972F-StateMachineUpdater] INFO  ratis.ContainerStateMachine (ContainerStateMachine.java:takeSnapshot(315)) - group-D2B3A0D0972F: Finished taking a snapshot at:(t:4, i:0) file:/home/runner/work/ozone/ozone/hadoop-ozone/integration-test/target/test-dir/MiniOzoneClusterImpl-6c329fba-5d84-49d5-96bd-8530b1407181/datanode-2/data/ratis/181faa83-6378-4eb1-95c4-d2b3a0d0972f/sm/snapshot.4_0 took: 1 ms
2022-11-10 07:16:37,678 [ebd53443-e3ae-4256-96ac-f1308b179955@group-D2B3A0D0972F-StateMachineUpdater] INFO  impl.StateMachineUpdater (StateMachineUpdater.java:takeSnapshot(287)) - ebd53443-e3ae-4256-96ac-f1308b179955@group-D2B3A0D0972F-StateMachineUpdater: Took a snapshot at index 0
2022-11-10 07:16:37,678 [ebd53443-e3ae-4256-96ac-f1308b179955@group-D2B3A0D0972F-StateMachineUpdater] INFO  impl.StateMachineUpdater (StateMachineUpdater.java:lambda$new$0(92)) - ebd53443-e3ae-4256-96ac-f1308b179955@group-D2B3A0D0972F-StateMachineUpdater: snapshotIndex: updateIncreasingly -1 -> 0
2022-11-10 07:16:37,681 [ebd53443-e3ae-4256-96ac-f1308b179955-impl-thread2] INFO  server.RaftServer$Division (ServerState.java:close(466)) - ebd53443-e3ae-4256-96ac-f1308b179955@group-D2B3A0D0972F: closes. applyIndex: 0
2022-11-10 07:16:37,681 [ebd53443-e3ae-4256-96ac-f1308b179955@group-D2B3A0D0972F-SegmentedRaftLogWorker] INFO  segmented.SegmentedRaftLogWorker (SegmentedRaftLogWorker.java:run(345)) - ebd53443-e3ae-4256-96ac-f1308b179955@group-D2B3A0D0972F-SegmentedRaftLogWorker was interrupted, exiting. There are 0 tasks remaining in the queue.
2022-11-10 07:16:37,682 [ebd53443-e3ae-4256-96ac-f1308b179955-impl-thread2] INFO  segmented.SegmentedRaftLogWorker (SegmentedRaftLogWorker.java:close(255)) - ebd53443-e3ae-4256-96ac-f1308b179955@group-D2B3A0D0972F-SegmentedRaftLogWorker close()
2022-11-10 07:16:37,683 [JvmPauseMonitor14] INFO  util.JvmPauseMonitor (JvmPauseMonitor.java:run(111)) - JvmPauseMonitor-ebd53443-e3ae-4256-96ac-f1308b179955: Stopped
2022-11-10 07:16:39,668 [Listener at 127.0.0.1/32977] INFO  volume.HddsVolume (HddsVolume.java:closeDbStore(338)) - SchemaV3 db is stopped at /home/runner/work/ozone/ozone/hadoop-ozone/integration-test/target/test-dir/MiniOzoneClusterImpl-6c329fba-5d84-49d5-96bd-8530b1407181/datanode-5/data-0/containers/hdds/6c329fba-5d84-49d5-96bd-8530b1407181/DS-05e1d580-07c0-45fa-953d-cdb79c94a29a/container.db for volume DS-05e1d580-07c0-45fa-953d-cdb79c94a29a
2022-11-10 07:16:39,669 [Listener at 127.0.0.1/32977] INFO  utils.BackgroundService (BackgroundService.java:shutdown(141)) - Shutting down service BlockDeletingService
2022-11-10 07:16:39,674 [Listener at 127.0.0.1/32977] INFO  utils.BackgroundService (BackgroundService.java:shutdown(141)) - Shutting down service StaleRecoveringContainerScrubbingService
2022-11-10 07:16:39,678 [Listener at 127.0.0.1/32977] INFO  statemachine.DatanodeStateMachine (DatanodeStateMachine.java:stopDaemon(593)) - Ozone container server stopped.
2022-11-10 07:16:39,687 [Listener at 127.0.0.1/32977] INFO  handler.ContextHandler (ContextHandler.java:doStop(1159)) - Stopped o.e.j.w.WebAppContext@758fafb5{hddsDatanode,/,null,STOPPED}{jar:file:/home/runner/.m2/repository/org/apache/ozone/hdds-container-service/1.3.0-SNAPSHOT/hdds-container-service-1.3.0-SNAPSHOT.jar!/webapps/hddsDatanode}
2022-11-10 07:16:39,692 [ForkJoinPool.commonPool-worker-0] INFO  volume.HddsVolume (HddsVolume.java:closeDbStore(338)) - SchemaV3 db is stopped at /home/runner/work/ozone/ozone/hadoop-ozone/integration-test/target/test-dir/MiniOzoneClusterImpl-6c329fba-5d84-49d5-96bd-8530b1407181/datanode-2/data-0/containers/hdds/6c329fba-5d84-49d5-96bd-8530b1407181/DS-3734cc13-9cdc-4f6f-8da6-77616c1fcacd/container.db for volume DS-3734cc13-9cdc-4f6f-8da6-77616c1fcacd
2022-11-10 07:16:39,693 [ForkJoinPool.commonPool-worker-0] INFO  utils.BackgroundService (BackgroundService.java:shutdown(141)) - Shutting down service BlockDeletingService
2022-11-10 07:16:39,693 [ForkJoinPool.commonPool-worker-0] INFO  utils.BackgroundService (BackgroundService.java:shutdown(141)) - Shutting down service StaleRecoveringContainerScrubbingService
2022-11-10 07:16:39,694 [Listener at 127.0.0.1/32977] INFO  server.AbstractConnector (AbstractConnector.java:doStop(383)) - Stopped ServerConnector@bc54966{HTTP/1.1, (http/1.1)}{0.0.0.0:0}
2022-11-10 07:16:39,694 [Listener at 127.0.0.1/32977] INFO  server.session (HouseKeeper.java:stopScavenging(149)) - node0 Stopped scavenging
2022-11-10 07:16:39,694 [Listener at 127.0.0.1/32977] INFO  handler.ContextHandler (ContextHandler.java:doStop(1159)) - Stopped o.e.j.s.ServletContextHandler@4d2f442e{static,/static,jar:file:/home/runner/.m2/repository/org/apache/ozone/hdds-container-service/1.3.0-SNAPSHOT/hdds-container-service-1.3.0-SNAPSHOT.jar!/webapps/static,STOPPED}
2022-11-10 07:16:39,698 [Listener at 127.0.0.1/32977] INFO  handler.ContextHandler (ContextHandler.java:doStop(1159)) - Stopped o.e.j.s.ServletContextHandler@649dfff8{logs,/logs,file:///home/runner/work/ozone/ozone/hadoop-ozone/integration-test/target/log,STOPPED}
2022-11-10 07:16:39,698 [ForkJoinPool.commonPool-worker-0] INFO  statemachine.DatanodeStateMachine (DatanodeStateMachine.java:stopDaemon(593)) - Ozone container server stopped.
2022-11-10 07:16:39,705 [Listener at 127.0.0.1/32977] INFO  ozoneimpl.OzoneContainer (OzoneContainer.java:stop(400)) - Attempting to stop container services.
2022-11-10 07:16:39,706 [Listener at 127.0.0.1/32977] INFO  server.RaftServer (RaftServerProxy.java:lambda$close$6(409)) - 93f75986-a2fd-4e1e-8c9d-e124aac8f1f2: close
2022-11-10 07:16:39,706 [Listener at 127.0.0.1/32977] INFO  server.GrpcService (GrpcService.java:closeImpl(279)) - 93f75986-a2fd-4e1e-8c9d-e124aac8f1f2: shutdown server GrpcServerProtocolService now
2022-11-10 07:16:39,706 [Listener at 127.0.0.1/32977] INFO  server.GrpcServerProtocolClient (GrpcServerProtocolClient.java:close(111)) - 61b4adde-551e-4095-bce8-06739a9df4a2 Close channels
2022-11-10 07:16:39,707 [Listener at 127.0.0.1/32977] INFO  server.GrpcServerProtocolClient (GrpcServerProtocolClient.java:close(111)) - 2761f105-bad8-4cc1-bdb0-f2de1107aa09 Close channels
2022-11-10 07:16:39,707 [Listener at 127.0.0.1/32977] INFO  server.GrpcService (GrpcService.java:closeImpl(288)) - 93f75986-a2fd-4e1e-8c9d-e124aac8f1f2: shutdown server GrpcServerProtocolService successfully
2022-11-10 07:16:39,707 [JvmPauseMonitor16] INFO  util.JvmPauseMonitor (JvmPauseMonitor.java:run(111)) - JvmPauseMonitor-93f75986-a2fd-4e1e-8c9d-e124aac8f1f2: Stopped
2022-11-10 07:16:39,713 [ForkJoinPool.commonPool-worker-0] INFO  handler.ContextHandler (ContextHandler.java:doStop(1159)) - Stopped o.e.j.w.WebAppContext@6a8695f8{hddsDatanode,/,null,STOPPED}{jar:file:/home/runner/.m2/repository/org/apache/ozone/hdds-container-service/1.3.0-SNAPSHOT/hdds-container-service-1.3.0-SNAPSHOT.jar!/webapps/hddsDatanode}
2022-11-10 07:16:39,714 [ForkJoinPool.commonPool-worker-0] INFO  server.AbstractConnector (AbstractConnector.java:doStop(383)) - Stopped ServerConnector@3e031b47{HTTP/1.1, (http/1.1)}{0.0.0.0:0}
2022-11-10 07:16:39,714 [ForkJoinPool.commonPool-worker-0] INFO  server.session (HouseKeeper.java:stopScavenging(149)) - node0 Stopped scavenging
2022-11-10 07:16:39,715 [ForkJoinPool.commonPool-worker-0] INFO  handler.ContextHandler (ContextHandler.java:doStop(1159)) - Stopped o.e.j.s.ServletContextHandler@19263e99{static,/static,jar:file:/home/runner/.m2/repository/org/apache/ozone/hdds-container-service/1.3.0-SNAPSHOT/hdds-container-service-1.3.0-SNAPSHOT.jar!/webapps/static,STOPPED}
2022-11-10 07:16:39,715 [ForkJoinPool.commonPool-worker-0] INFO  handler.ContextHandler (ContextHandler.java:doStop(1159)) - Stopped o.e.j.s.ServletContextHandler@38470150{logs,/logs,file:///home/runner/work/ozone/ozone/hadoop-ozone/integration-test/target/log,STOPPED}
2022-11-10 07:16:39,718 [ForkJoinPool.commonPool-worker-0] INFO  ozoneimpl.OzoneContainer (OzoneContainer.java:stop(400)) - Attempting to stop container services.
2022-11-10 07:16:39,719 [ForkJoinPool.commonPool-worker-0] INFO  server.RaftServer (RaftServerProxy.java:lambda$close$6(409)) - 91b954a0-6378-41b2-9057-8851e07a0c7d: close
2022-11-10 07:16:39,719 [91b954a0-6378-41b2-9057-8851e07a0c7d-impl-thread1] INFO  server.RaftServer$Division (RaftServerImpl.java:lambda$close$4(458)) - 91b954a0-6378-41b2-9057-8851e07a0c7d@group-35A0037A9220: shutdown
2022-11-10 07:16:39,719 [ForkJoinPool.commonPool-worker-0] INFO  server.GrpcService (GrpcService.java:closeImpl(279)) - 91b954a0-6378-41b2-9057-8851e07a0c7d: shutdown server GrpcServerProtocolService now
2022-11-10 07:16:39,719 [91b954a0-6378-41b2-9057-8851e07a0c7d-impl-thread1] INFO  util.JmxRegister (JmxRegister.java:unregister(73)) - Successfully un-registered JMX Bean with object name Ratis:service=RaftServer,group=group-35A0037A9220,id=91b954a0-6378-41b2-9057-8851e07a0c7d
2022-11-10 07:16:39,719 [91b954a0-6378-41b2-9057-8851e07a0c7d-impl-thread1] INFO  impl.RoleInfo (RoleInfo.java:shutdownFollowerState(110)) - 91b954a0-6378-41b2-9057-8851e07a0c7d: shutdown 91b954a0-6378-41b2-9057-8851e07a0c7d@group-35A0037A9220-FollowerState
2022-11-10 07:16:39,720 [91b954a0-6378-41b2-9057-8851e07a0c7d-impl-thread1] INFO  impl.StateMachineUpdater (StateMachineUpdater.java:stopAndJoin(153)) - 91b954a0-6378-41b2-9057-8851e07a0c7d@group-35A0037A9220-StateMachineUpdater: set stopIndex = 0
2022-11-10 07:16:39,720 [91b954a0-6378-41b2-9057-8851e07a0c7d@group-35A0037A9220-FollowerState] INFO  impl.FollowerState (FollowerState.java:run(152)) - 91b954a0-6378-41b2-9057-8851e07a0c7d@group-35A0037A9220-FollowerState was interrupted
2022-11-10 07:16:39,720 [91b954a0-6378-41b2-9057-8851e07a0c7d@group-35A0037A9220-StateMachineUpdater] INFO  ratis.ContainerStateMachine (ContainerStateMachine.java:takeSnapshot(304)) - group-35A0037A9220: Taking a snapshot at:(t:5, i:0) file /home/runner/work/ozone/ozone/hadoop-ozone/integration-test/target/test-dir/MiniOzoneClusterImpl-6c329fba-5d84-49d5-96bd-8530b1407181/datanode-0/data/ratis/cbf08c3e-2880-4af4-bef9-35a0037a9220/sm/snapshot.5_0
2022-11-10 07:16:39,720 [ForkJoinPool.commonPool-worker-0] INFO  server.GrpcServerProtocolClient (GrpcServerProtocolClient.java:close(111)) - ebd53443-e3ae-4256-96ac-f1308b179955 Close channels
2022-11-10 07:16:39,720 [ForkJoinPool.commonPool-worker-0] INFO  server.GrpcServerProtocolClient (GrpcServerProtocolClient.java:close(111)) - 37bda9b0-0df5-4ea8-952a-0c6f71b93e6d Close channels
2022-11-10 07:16:39,720 [ForkJoinPool.commonPool-worker-0] INFO  server.GrpcService (GrpcService.java:closeImpl(288)) - 91b954a0-6378-41b2-9057-8851e07a0c7d: shutdown server GrpcServerProtocolService successfully
2022-11-10 07:16:39,720 [91b954a0-6378-41b2-9057-8851e07a0c7d-impl-thread2] INFO  server.RaftServer$Division (RaftServerImpl.java:lambda$close$4(458)) - 91b954a0-6378-41b2-9057-8851e07a0c7d@group-D2B3A0D0972F: shutdown
2022-11-10 07:16:39,721 [91b954a0-6378-41b2-9057-8851e07a0c7d-impl-thread2] INFO  util.JmxRegister (JmxRegister.java:unregister(73)) - Successfully un-registered JMX Bean with object name Ratis:service=RaftServer,group=group-D2B3A0D0972F,id=91b954a0-6378-41b2-9057-8851e07a0c7d
2022-11-10 07:16:39,721 [91b954a0-6378-41b2-9057-8851e07a0c7d-impl-thread2] INFO  impl.RoleInfo (RoleInfo.java:shutdownFollowerState(110)) - 91b954a0-6378-41b2-9057-8851e07a0c7d: shutdown 91b954a0-6378-41b2-9057-8851e07a0c7d@group-D2B3A0D0972F-FollowerState
2022-11-10 07:16:39,721 [91b954a0-6378-41b2-9057-8851e07a0c7d@group-D2B3A0D0972F-FollowerState] INFO  impl.FollowerState (FollowerState.java:run(152)) - 91b954a0-6378-41b2-9057-8851e07a0c7d@group-D2B3A0D0972F-FollowerState was interrupted
2022-11-10 07:16:39,721 [91b954a0-6378-41b2-9057-8851e07a0c7d-impl-thread2] INFO  impl.StateMachineUpdater (StateMachineUpdater.java:stopAndJoin(153)) - 91b954a0-6378-41b2-9057-8851e07a0c7d@group-D2B3A0D0972F-StateMachineUpdater: set stopIndex = 0
2022-11-10 07:16:39,721 [91b954a0-6378-41b2-9057-8851e07a0c7d@group-D2B3A0D0972F-StateMachineUpdater] INFO  ratis.ContainerStateMachine (ContainerStateMachine.java:takeSnapshot(304)) - group-D2B3A0D0972F: Taking a snapshot at:(t:4, i:0) file /home/runner/work/ozone/ozone/hadoop-ozone/integration-test/target/test-dir/MiniOzoneClusterImpl-6c329fba-5d84-49d5-96bd-8530b1407181/datanode-0/data/ratis/181faa83-6378-4eb1-95c4-d2b3a0d0972f/sm/snapshot.4_0
2022-11-10 07:16:39,723 [91b954a0-6378-41b2-9057-8851e07a0c7d@group-35A0037A9220-StateMachineUpdater] INFO  ratis.ContainerStateMachine (ContainerStateMachine.java:takeSnapshot(315)) - group-35A0037A9220: Finished taking a snapshot at:(t:5, i:0) file:/home/runner/work/ozone/ozone/hadoop-ozone/integration-test/target/test-dir/MiniOzoneClusterImpl-6c329fba-5d84-49d5-96bd-8530b1407181/datanode-0/data/ratis/cbf08c3e-2880-4af4-bef9-35a0037a9220/sm/snapshot.5_0 took: 4 ms
2022-11-10 07:16:39,723 [91b954a0-6378-41b2-9057-8851e07a0c7d@group-35A0037A9220-StateMachineUpdater] INFO  impl.StateMachineUpdater (StateMachineUpdater.java:takeSnapshot(287)) - 91b954a0-6378-41b2-9057-8851e07a0c7d@group-35A0037A9220-StateMachineUpdater: Took a snapshot at index 0
2022-11-10 07:16:39,723 [91b954a0-6378-41b2-9057-8851e07a0c7d@group-D2B3A0D0972F-StateMachineUpdater] INFO  ratis.ContainerStateMachine (ContainerStateMachine.java:takeSnapshot(315)) - group-D2B3A0D0972F: Finished taking a snapshot at:(t:4, i:0) file:/home/runner/work/ozone/ozone/hadoop-ozone/integration-test/target/test-dir/MiniOzoneClusterImpl-6c329fba-5d84-49d5-96bd-8530b1407181/datanode-0/data/ratis/181faa83-6378-4eb1-95c4-d2b3a0d0972f/sm/snapshot.4_0 took: 2 ms
2022-11-10 07:16:39,724 [91b954a0-6378-41b2-9057-8851e07a0c7d@group-D2B3A0D0972F-StateMachineUpdater] INFO  impl.StateMachineUpdater (StateMachineUpdater.java:takeSnapshot(287)) - 91b954a0-6378-41b2-9057-8851e07a0c7d@group-D2B3A0D0972F-StateMachineUpdater: Took a snapshot at index 0
2022-11-10 07:16:39,724 [91b954a0-6378-41b2-9057-8851e07a0c7d@group-D2B3A0D0972F-StateMachineUpdater] INFO  impl.StateMachineUpdater (StateMachineUpdater.java:lambda$new$0(92)) - 91b954a0-6378-41b2-9057-8851e07a0c7d@group-D2B3A0D0972F-StateMachineUpdater: snapshotIndex: updateIncreasingly -1 -> 0
2022-11-10 07:16:39,723 [91b954a0-6378-41b2-9057-8851e07a0c7d@group-35A0037A9220-StateMachineUpdater] INFO  impl.StateMachineUpdater (StateMachineUpdater.java:lambda$new$0(92)) - 91b954a0-6378-41b2-9057-8851e07a0c7d@group-35A0037A9220-StateMachineUpdater: snapshotIndex: updateIncreasingly -1 -> 0
2022-11-10 07:16:39,724 [91b954a0-6378-41b2-9057-8851e07a0c7d-impl-thread1] INFO  server.RaftServer$Division (ServerState.java:close(466)) - 91b954a0-6378-41b2-9057-8851e07a0c7d@group-35A0037A9220: closes. applyIndex: 0
2022-11-10 07:16:39,724 [91b954a0-6378-41b2-9057-8851e07a0c7d-impl-thread2] INFO  server.RaftServer$Division (ServerState.java:close(466)) - 91b954a0-6378-41b2-9057-8851e07a0c7d@group-D2B3A0D0972F: closes. applyIndex: 0
2022-11-10 07:16:39,724 [91b954a0-6378-41b2-9057-8851e07a0c7d@group-35A0037A9220-SegmentedRaftLogWorker] INFO  segmented.SegmentedRaftLogWorker (SegmentedRaftLogWorker.java:run(345)) - 91b954a0-6378-41b2-9057-8851e07a0c7d@group-35A0037A9220-SegmentedRaftLogWorker was interrupted, exiting. There are 0 tasks remaining in the queue.
2022-11-10 07:16:39,724 [91b954a0-6378-41b2-9057-8851e07a0c7d@group-D2B3A0D0972F-SegmentedRaftLogWorker] INFO  segmented.SegmentedRaftLogWorker (SegmentedRaftLogWorker.java:run(345)) - 91b954a0-6378-41b2-9057-8851e07a0c7d@group-D2B3A0D0972F-SegmentedRaftLogWorker was interrupted, exiting. There are 0 tasks remaining in the queue.
2022-11-10 07:16:39,724 [91b954a0-6378-41b2-9057-8851e07a0c7d-impl-thread1] INFO  segmented.SegmentedRaftLogWorker (SegmentedRaftLogWorker.java:close(255)) - 91b954a0-6378-41b2-9057-8851e07a0c7d@group-35A0037A9220-SegmentedRaftLogWorker close()
2022-11-10 07:16:39,725 [91b954a0-6378-41b2-9057-8851e07a0c7d-impl-thread2] INFO  segmented.SegmentedRaftLogWorker (SegmentedRaftLogWorker.java:close(255)) - 91b954a0-6378-41b2-9057-8851e07a0c7d@group-D2B3A0D0972F-SegmentedRaftLogWorker close()
2022-11-10 07:16:39,727 [JvmPauseMonitor12] INFO  util.JvmPauseMonitor (JvmPauseMonitor.java:run(111)) - JvmPauseMonitor-91b954a0-6378-41b2-9057-8851e07a0c7d: Stopped
2022-11-10 07:16:41,717 [Listener at 127.0.0.1/32977] INFO  volume.HddsVolume (HddsVolume.java:closeDbStore(338)) - SchemaV3 db is stopped at /home/runner/work/ozone/ozone/hadoop-ozone/integration-test/target/test-dir/MiniOzoneClusterImpl-6c329fba-5d84-49d5-96bd-8530b1407181/datanode-4/data-0/containers/hdds/6c329fba-5d84-49d5-96bd-8530b1407181/DS-47a68bf4-e514-473b-b902-0644ff26ef97/container.db for volume DS-47a68bf4-e514-473b-b902-0644ff26ef97
2022-11-10 07:16:41,718 [Listener at 127.0.0.1/32977] INFO  utils.BackgroundService (BackgroundService.java:shutdown(141)) - Shutting down service BlockDeletingService
2022-11-10 07:16:41,720 [Listener at 127.0.0.1/32977] INFO  utils.BackgroundService (BackgroundService.java:shutdown(141)) - Shutting down service StaleRecoveringContainerScrubbingService
2022-11-10 07:16:41,722 [Listener at 127.0.0.1/32977] INFO  statemachine.DatanodeStateMachine (DatanodeStateMachine.java:stopDaemon(593)) - Ozone container server stopped.
2022-11-10 07:16:41,731 [ForkJoinPool.commonPool-worker-0] INFO  volume.HddsVolume (HddsVolume.java:closeDbStore(338)) - SchemaV3 db is stopped at /home/runner/work/ozone/ozone/hadoop-ozone/integration-test/target/test-dir/MiniOzoneClusterImpl-6c329fba-5d84-49d5-96bd-8530b1407181/datanode-0/data-0/containers/hdds/6c329fba-5d84-49d5-96bd-8530b1407181/DS-75784bf8-b644-4e90-90b0-4ef4d5c9ffe8/container.db for volume DS-75784bf8-b644-4e90-90b0-4ef4d5c9ffe8
2022-11-10 07:16:41,732 [ForkJoinPool.commonPool-worker-0] INFO  utils.BackgroundService (BackgroundService.java:shutdown(141)) - Shutting down service BlockDeletingService
2022-11-10 07:16:41,732 [ForkJoinPool.commonPool-worker-0] INFO  utils.BackgroundService (BackgroundService.java:shutdown(141)) - Shutting down service StaleRecoveringContainerScrubbingService
2022-11-10 07:16:41,733 [Listener at 127.0.0.1/32977] INFO  handler.ContextHandler (ContextHandler.java:doStop(1159)) - Stopped o.e.j.w.WebAppContext@d22747f{hddsDatanode,/,null,STOPPED}{jar:file:/home/runner/.m2/repository/org/apache/ozone/hdds-container-service/1.3.0-SNAPSHOT/hdds-container-service-1.3.0-SNAPSHOT.jar!/webapps/hddsDatanode}
2022-11-10 07:16:41,734 [ForkJoinPool.commonPool-worker-0] INFO  statemachine.DatanodeStateMachine (DatanodeStateMachine.java:stopDaemon(593)) - Ozone container server stopped.
2022-11-10 07:16:41,735 [Listener at 127.0.0.1/32977] INFO  server.AbstractConnector (AbstractConnector.java:doStop(383)) - Stopped ServerConnector@158315c8{HTTP/1.1, (http/1.1)}{0.0.0.0:0}
2022-11-10 07:16:41,736 [Listener at 127.0.0.1/32977] INFO  server.session (HouseKeeper.java:stopScavenging(149)) - node0 Stopped scavenging
2022-11-10 07:16:41,736 [Listener at 127.0.0.1/32977] INFO  handler.ContextHandler (ContextHandler.java:doStop(1159)) - Stopped o.e.j.s.ServletContextHandler@67aad9da{static,/static,jar:file:/home/runner/.m2/repository/org/apache/ozone/hdds-container-service/1.3.0-SNAPSHOT/hdds-container-service-1.3.0-SNAPSHOT.jar!/webapps/static,STOPPED}
2022-11-10 07:16:41,736 [Listener at 127.0.0.1/32977] INFO  handler.ContextHandler (ContextHandler.java:doStop(1159)) - Stopped o.e.j.s.ServletContextHandler@5c296c8c{logs,/logs,file:///home/runner/work/ozone/ozone/hadoop-ozone/integration-test/target/log,STOPPED}
2022-11-10 07:16:41,744 [ForkJoinPool.commonPool-worker-0] INFO  handler.ContextHandler (ContextHandler.java:doStop(1159)) - Stopped o.e.j.w.WebAppContext@14d953ce{hddsDatanode,/,null,STOPPED}{jar:file:/home/runner/.m2/repository/org/apache/ozone/hdds-container-service/1.3.0-SNAPSHOT/hdds-container-service-1.3.0-SNAPSHOT.jar!/webapps/hddsDatanode}
2022-11-10 07:16:41,744 [ForkJoinPool.commonPool-worker-0] INFO  server.AbstractConnector (AbstractConnector.java:doStop(383)) - Stopped ServerConnector@4705bd7a{HTTP/1.1, (http/1.1)}{0.0.0.0:0}
2022-11-10 07:16:41,744 [ForkJoinPool.commonPool-worker-0] INFO  server.session (HouseKeeper.java:stopScavenging(149)) - node0 Stopped scavenging
2022-11-10 07:16:41,746 [ForkJoinPool.commonPool-worker-0] INFO  handler.ContextHandler (ContextHandler.java:doStop(1159)) - Stopped o.e.j.s.ServletContextHandler@e831c41{static,/static,jar:file:/home/runner/.m2/repository/org/apache/ozone/hdds-container-service/1.3.0-SNAPSHOT/hdds-container-service-1.3.0-SNAPSHOT.jar!/webapps/static,STOPPED}
2022-11-10 07:16:41,746 [ForkJoinPool.commonPool-worker-0] INFO  handler.ContextHandler (ContextHandler.java:doStop(1159)) - Stopped o.e.j.s.ServletContextHandler@676d03bf{logs,/logs,file:///home/runner/work/ozone/ozone/hadoop-ozone/integration-test/target/log,STOPPED}
2022-11-10 07:16:41,747 [Listener at 127.0.0.1/32977] INFO  ozone.MiniOzoneClusterImpl (MiniOzoneClusterImpl.java:stopSCM(537)) - Stopping the StorageContainerManager
2022-11-10 07:16:41,747 [Listener at 127.0.0.1/32977] INFO  server.StorageContainerManager (StorageContainerManager.java:stop(1545)) - Container Balancer is not running.
2022-11-10 07:16:41,747 [Listener at 127.0.0.1/32977] INFO  server.StorageContainerManager (StorageContainerManager.java:stop(1552)) - Stopping Replication Manager Service.
2022-11-10 07:16:41,747 [Listener at 127.0.0.1/32977] INFO  replication.ReplicationManager (ReplicationManager.java:stop(274)) - Stopping Replication Monitor Thread.
2022-11-10 07:16:41,747 [Listener at 127.0.0.1/32977] INFO  server.StorageContainerManager (StorageContainerManager.java:stop(1559)) - Stopping the Datanode Admin Monitor.
2022-11-10 07:16:41,747 [Over Replicated Processor] WARN  replication.OverReplicatedProcessor (OverReplicatedProcessor.java:run(142)) - Over Replicated Processor interrupted. Exiting...
2022-11-10 07:16:41,747 [Listener at 127.0.0.1/32977] INFO  server.StorageContainerManager (StorageContainerManager.java:stop(1566)) - Stopping Lease Manager of the command watchers
2022-11-10 07:16:41,748 [Listener at 127.0.0.1/32977] INFO  server.StorageContainerManager (StorageContainerManager.java:stop(1573)) - Stopping datanode service RPC server
2022-11-10 07:16:41,747 [Under Replicated Processor] WARN  replication.UnderReplicatedProcessor (UnderReplicatedProcessor.java:run(154)) - Under Replicated Processor interrupted. Exiting...
2022-11-10 07:16:41,748 [Listener at 127.0.0.1/32977] INFO  server.SCMDatanodeProtocolServer (SCMDatanodeProtocolServer.java:stop(414)) - Stopping the RPC server for DataNodes
2022-11-10 07:16:41,748 [Listener at 127.0.0.1/32977] INFO  ipc.Server (Server.java:stop(3428)) - Stopping server on 34899
2022-11-10 07:16:41,748 [ReplicationMonitor] INFO  replication.ReplicationManager (ReplicationManager.java:run(580)) - Replication Monitor Thread is stopped
2022-11-10 07:16:41,751 [IPC Server listener on 0] INFO  ipc.Server (Server.java:run(1384)) - Stopping IPC Server listener on 0
2022-11-10 07:16:41,755 [IPC Server Responder] INFO  ipc.Server (Server.java:run(1517)) - Stopping IPC Server Responder
2022-11-10 07:16:41,819 [SCM Heartbeat Processing Thread - 0] WARN  node.NodeStateManager (NodeStateManager.java:scheduleNextHealthCheck(870)) - Current Thread is interrupted, shutting down HB processing thread for Node Manager.
2022-11-10 07:16:41,819 [Listener at 127.0.0.1/32977] INFO  server.StorageContainerManager (StorageContainerManager.java:stop(1581)) - Stopping block service RPC server
2022-11-10 07:16:41,820 [Listener at 127.0.0.1/32977] INFO  server.SCMBlockProtocolServer (SCMBlockProtocolServer.java:stop(161)) - Stopping the RPC server for Block Protocol
2022-11-10 07:16:41,820 [Listener at 127.0.0.1/32977] INFO  ipc.Server (Server.java:stop(3428)) - Stopping server on 44497
2022-11-10 07:16:41,826 [IPC Server listener on 0] INFO  ipc.Server (Server.java:run(1384)) - Stopping IPC Server listener on 0
2022-11-10 07:16:41,828 [IPC Server Responder] INFO  ipc.Server (Server.java:run(1517)) - Stopping IPC Server Responder
2022-11-10 07:16:41,828 [Listener at 127.0.0.1/32977] INFO  server.StorageContainerManager (StorageContainerManager.java:stop(1588)) - Stopping the StorageContainerLocationProtocol RPC server
2022-11-10 07:16:41,829 [Listener at 127.0.0.1/32977] INFO  server.SCMClientProtocolServer (SCMClientProtocolServer.java:stop(179)) - Stopping the RPC server for Client Protocol
2022-11-10 07:16:41,829 [Listener at 127.0.0.1/32977] INFO  ipc.Server (Server.java:stop(3428)) - Stopping server on 33565
2022-11-10 07:16:41,831 [IPC Server listener on 0] INFO  ipc.Server (Server.java:run(1384)) - Stopping IPC Server listener on 0
2022-11-10 07:16:41,831 [IPC Server Responder] INFO  ipc.Server (Server.java:run(1517)) - Stopping IPC Server Responder
2022-11-10 07:16:41,831 [Listener at 127.0.0.1/32977] INFO  server.StorageContainerManager (StorageContainerManager.java:stop(1595)) - Stopping Storage Container Manager HTTP server.
2022-11-10 07:16:41,832 [Listener at 127.0.0.1/32977] INFO  handler.ContextHandler (ContextHandler.java:doStop(1159)) - Stopped o.e.j.w.WebAppContext@5ec75175{scm,/,null,STOPPED}{file:/home/runner/work/ozone/ozone/hadoop-ozone/integration-test/target/test-classes/webapps/scm}
2022-11-10 07:16:41,833 [Listener at 127.0.0.1/32977] INFO  server.AbstractConnector (AbstractConnector.java:doStop(383)) - Stopped ServerConnector@ed80697{HTTP/1.1, (http/1.1)}{0.0.0.0:0}
2022-11-10 07:16:41,833 [Listener at 127.0.0.1/32977] INFO  server.session (HouseKeeper.java:stopScavenging(149)) - node0 Stopped scavenging
2022-11-10 07:16:41,833 [Listener at 127.0.0.1/32977] INFO  handler.ContextHandler (ContextHandler.java:doStop(1159)) - Stopped o.e.j.s.ServletContextHandler@28c8c41a{static,/static,file:///home/runner/work/ozone/ozone/hadoop-ozone/integration-test/target/test-classes/webapps/static,STOPPED}
2022-11-10 07:16:41,833 [Listener at 127.0.0.1/32977] INFO  handler.ContextHandler (ContextHandler.java:doStop(1159)) - Stopped o.e.j.s.ServletContextHandler@2c8cced4{logs,/logs,file:///home/runner/work/ozone/ozone/hadoop-ozone/integration-test/target/log,STOPPED}
2022-11-10 07:16:41,835 [Listener at 127.0.0.1/32977] INFO  server.StorageContainerManager (StorageContainerManager.java:stop(1601)) - Stopping SCM LayoutVersionManager Service.
2022-11-10 07:16:41,836 [Listener at 127.0.0.1/32977] INFO  server.StorageContainerManager (StorageContainerManager.java:stop(1609)) - Stopping Block Manager Service.
2022-11-10 07:16:41,836 [Listener at 127.0.0.1/32977] INFO  utils.BackgroundService (BackgroundService.java:shutdown(141)) - Shutting down service SCMBlockDeletingService
2022-11-10 07:16:41,836 [Listener at 127.0.0.1/32977] INFO  utils.BackgroundService (BackgroundService.java:shutdown(141)) - Shutting down service SCMBlockDeletingService
2022-11-10 07:16:41,836 [Listener at 127.0.0.1/32977] INFO  server.StorageContainerManager (StorageContainerManager.java:stop(1636)) - Stopping SCM Event Queue.
2022-11-10 07:16:41,837 [Listener at 127.0.0.1/32977] INFO  server.StorageContainerManager (StorageContainerManager.java:stop(1647)) - Stopping SCM HA services.
2022-11-10 07:16:41,837 [Listener at 127.0.0.1/32977] INFO  pipeline.BackgroundPipelineCreator (BackgroundPipelineCreator.java:stop(149)) - Stopping RatisPipelineUtilsThread.
2022-11-10 07:16:41,837 [RatisPipelineUtilsThread - 0] WARN  pipeline.BackgroundPipelineCreator (BackgroundPipelineCreator.java:run(180)) - RatisPipelineUtilsThread is interrupted.
2022-11-10 07:16:41,837 [Listener at 127.0.0.1/32977] INFO  BackgroundPipelineScrubber (BackgroundSCMService.java:stop(131)) - Stopping BackgroundPipelineScrubber Service.
2022-11-10 07:16:41,837 [BackgroundPipelineScrubberThread] WARN  BackgroundPipelineScrubber (BackgroundSCMService.java:run(115)) - BackgroundPipelineScrubber is interrupted, exit
2022-11-10 07:16:41,838 [Listener at 127.0.0.1/32977] INFO  impl.MetricsSystemImpl (MetricsSystemImpl.java:stop(210)) - Stopping HddsDatanode metrics system...
2022-11-10 07:16:41,842 [prometheus] INFO  impl.MetricsSinkAdapter (MetricsSinkAdapter.java:publishMetricsFromQueue(141)) - prometheus thread interrupted.
2022-11-10 07:16:41,842 [Listener at 127.0.0.1/32977] INFO  impl.MetricsSystemImpl (MetricsSystemImpl.java:stop(216)) - HddsDatanode metrics system stopped.
2022-11-10 07:16:41,842 [Listener at 127.0.0.1/32977] WARN  pipeline.BackgroundPipelineCreator (BackgroundPipelineCreator.java:stop(145)) - RatisPipelineUtilsThread is not running, just ignore.
2022-11-10 07:16:41,842 [Listener at 127.0.0.1/32977] INFO  BackgroundPipelineScrubber (BackgroundSCMService.java:stop(126)) - BackgroundPipelineScrubber Service is not running, skip stop.
2022-11-10 07:16:41,843 [ExpiredContainerReplicaOpScrubberThread] WARN  ExpiredContainerReplicaOpScrubber (BackgroundSCMService.java:run(115)) - ExpiredContainerReplicaOpScrubber is interrupted, exit
2022-11-10 07:16:41,843 [Listener at 127.0.0.1/32977] INFO  ExpiredContainerReplicaOpScrubber (BackgroundSCMService.java:stop(131)) - Stopping ExpiredContainerReplicaOpScrubber Service.
2022-11-10 07:16:41,843 [Listener at 127.0.0.1/32977] INFO  utils.BackgroundService (BackgroundService.java:shutdown(141)) - Shutting down service SCMBlockDeletingService
2022-11-10 07:16:41,843 [Listener at 127.0.0.1/32977] INFO  replication.ReplicationManager (ReplicationManager.java:stop(282)) - Replication Monitor Thread is not running.
2022-11-10 07:16:41,843 [Listener at 127.0.0.1/32977] WARN  balancer.ContainerBalancer (ContainerBalancer.java:stop(322)) - Cannot stop Container Balancer because it's not running or stopping
2022-11-10 07:16:41,843 [Listener at 127.0.0.1/32977] INFO  server.StorageContainerManager (StorageContainerManager.java:stop(1665)) - Stopping SCM MetadataStore.
]]></system-out>
  </testcase>
</testsuite>