<?xml version="1.0" encoding="UTF-8"?>
<testsuite xmlns:xsi="http://www.w3.org/2001/XMLSchema-instance" xsi:noNamespaceSchemaLocation="https://maven.apache.org/surefire/maven-surefire-plugin/xsd/surefire-test-report.xsd" name="org.apache.hadoop.ozone.TestMiniOzoneCluster" time="219.771" tests="5" errors="1" skipped="0" failures="0">
  <properties>
    <property name="awt.toolkit" value="sun.awt.X11.XToolkit"/>
    <property name="file.encoding.pkg" value="sun.io"/>
    <property name="java.specification.version" value="1.8"/>
    <property name="sun.cpu.isalist" value=""/>
    <property name="sun.jnu.encoding" value="UTF-8"/>
    <property name="java.class.path" value="/home/runner/work/ozone/ozone/hadoop-ozone/integration-test/target/test-classes:/home/runner/work/ozone/ozone/hadoop-ozone/integration-test/target/classes:/home/runner/.m2/repository/org/apache/ozone/ozone-common/1.3.0-SNAPSHOT/ozone-common-1.3.0-SNAPSHOT.jar:/home/runner/.m2/repository/org/apache/commons/commons-compress/1.21/commons-compress-1.21.jar:/home/runner/.m2/repository/org/apache/ozone/hdds-common/1.3.0-SNAPSHOT/hdds-common-1.3.0-SNAPSHOT.jar:/home/runner/.m2/repository/org/apache/ozone/hdds-client/1.3.0-SNAPSHOT/hdds-client-1.3.0-SNAPSHOT.jar:/home/runner/.m2/repository/org/apache/ozone/ozone-interface-client/1.3.0-SNAPSHOT/ozone-interface-client-1.3.0-SNAPSHOT.jar:/home/runner/.m2/repository/org/apache/ozone/hdds-test-utils/1.3.0-SNAPSHOT/hdds-test-utils-1.3.0-SNAPSHOT.jar:/home/runner/.m2/repository/com/google/guava/guava/30.1.1-jre/guava-30.1.1-jre.jar:/home/runner/.m2/repository/com/google/guava/failureaccess/1.0.1/failureaccess-1.0.1.jar:/home/runner/.m2/repository/com/google/guava/listenablefuture/9999.0-empty-to-avoid-conflict-with-guava/listenablefuture-9999.0-empty-to-avoid-conflict-with-guava.jar:/home/runner/.m2/repository/com/google/code/findbugs/jsr305/3.0.0/jsr305-3.0.0.jar:/home/runner/.m2/repository/org/checkerframework/checker-qual/3.8.0/checker-qual-3.8.0.jar:/home/runner/.m2/repository/com/google/errorprone/error_prone_annotations/2.2.0/error_prone_annotations-2.2.0.jar:/home/runner/.m2/repository/com/google/j2objc/j2objc-annotations/1.3/j2objc-annotations-1.3.jar:/home/runner/.m2/repository/commons-io/commons-io/2.11.0/commons-io-2.11.0.jar:/home/runner/.m2/repository/commons-logging/commons-logging/1.2/commons-logging-1.2.jar:/home/runner/.m2/repository/log4j/log4j/1.2.17/log4j-1.2.17.jar:/home/runner/.m2/repository/org/slf4j/slf4j-api/1.7.30/slf4j-api-1.7.30.jar:/home/runner/.m2/repository/org/apache/ozone/hdds-server-scm/1.3.0-SNAPSHOT/hdds-server-scm-1.3.0-SNAPSHOT.jar:/home/runner/.m2/repository/org/apache/ozone/hdds-container-service/1.3.0-SNAPSHOT/hdds-container-service-1.3.0-SNAPSHOT.jar:/home/runner/.m2/repository/org/apache/ozone/hdds-hadoop-dependency-server/1.3.0-SNAPSHOT/hdds-hadoop-dependency-server-1.3.0-SNAPSHOT.jar:/home/runner/.m2/repository/org/apache/hadoop/hadoop-hdfs/3.3.1/hadoop-hdfs-3.3.1.jar:/home/runner/.m2/repository/org/apache/ozone/hdds-server-framework/1.3.0-SNAPSHOT/hdds-server-framework-1.3.0-SNAPSHOT.jar:/home/runner/.m2/repository/org/apache/ozone/hdds-interface-server/1.3.0-SNAPSHOT/hdds-interface-server-1.3.0-SNAPSHOT.jar:/home/runner/.m2/repository/org/eclipse/jetty/jetty-servlet/9.4.43.v20210629/jetty-servlet-9.4.43.v20210629.jar:/home/runner/.m2/repository/org/eclipse/jetty/jetty-security/9.4.43.v20210629/jetty-security-9.4.43.v20210629.jar:/home/runner/.m2/repository/org/rocksdb/rocksdbjni/6.25.3/rocksdbjni-6.25.3.jar:/home/runner/.m2/repository/io/prometheus/simpleclient_dropwizard/0.7.0/simpleclient_dropwizard-0.7.0.jar:/home/runner/.m2/repository/io/prometheus/simpleclient/0.7.0/simpleclient-0.7.0.jar:/home/runner/.m2/repository/io/prometheus/simpleclient_common/0.7.0/simpleclient_common-0.7.0.jar:/home/runner/.m2/repository/com/fasterxml/jackson/datatype/jackson-datatype-jsr310/2.12.1/jackson-datatype-jsr310-2.12.1.jar:/home/runner/.m2/repository/io/dropwizard/metrics/metrics-core/3.2.4/metrics-core-3.2.4.jar:/home/runner/.m2/repository/org/apache/hadoop/hadoop-hdfs-client/3.3.1/hadoop-hdfs-client-3.3.1.jar:/home/runner/.m2/repository/org/bouncycastle/bcprov-jdk15on/1.67/bcprov-jdk15on-1.67.jar:/home/runner/.m2/repository/com/google/protobuf/protobuf-java/2.5.0/protobuf-java-2.5.0.jar:/home/runner/.m2/repository/org/apache/ozone/ozone-manager/1.3.0-SNAPSHOT/ozone-manager-1.3.0-SNAPSHOT.jar:/home/runner/.m2/repository/org/aspectj/aspectjrt/1.9.7/aspectjrt-1.9.7.jar:/home/runner/.m2/repository/org/aspectj/aspectjweaver/1.9.7/aspectjweaver-1.9.7.jar:/home/runner/.m2/repository/org/apache/ozone/hdds-interface-client/1.3.0-SNAPSHOT/hdds-interface-client-1.3.0-SNAPSHOT.jar:/home/runner/.m2/repository/org/apache/hadoop/thirdparty/hadoop-shaded-protobuf_3_7/1.1.1/hadoop-shaded-protobuf_3_7-1.1.1.jar:/home/runner/.m2/repository/org/apache/ozone/ozone-interface-storage/1.3.0-SNAPSHOT/ozone-interface-storage-1.3.0-SNAPSHOT.jar:/home/runner/.m2/repository/org/reflections/reflections/0.9.11/reflections-0.9.11.jar:/home/runner/.m2/repository/org/apache/hadoop/hadoop-minikdc/3.3.1/hadoop-minikdc-3.3.1.jar:/home/runner/.m2/repository/org/apache/kerby/kerb-simplekdc/1.0.1/kerb-simplekdc-1.0.1.jar:/home/runner/.m2/repository/org/apache/kerby/kerb-client/1.0.1/kerb-client-1.0.1.jar:/home/runner/.m2/repository/org/apache/kerby/kerby-config/1.0.1/kerby-config-1.0.1.jar:/home/runner/.m2/repository/org/apache/kerby/kerb-common/1.0.1/kerb-common-1.0.1.jar:/home/runner/.m2/repository/org/apache/kerby/kerb-crypto/1.0.1/kerb-crypto-1.0.1.jar:/home/runner/.m2/repository/org/apache/kerby/kerb-util/1.0.1/kerb-util-1.0.1.jar:/home/runner/.m2/repository/org/apache/kerby/token-provider/1.0.1/token-provider-1.0.1.jar:/home/runner/.m2/repository/org/apache/kerby/kerb-admin/1.0.1/kerb-admin-1.0.1.jar:/home/runner/.m2/repository/org/apache/kerby/kerb-server/1.0.1/kerb-server-1.0.1.jar:/home/runner/.m2/repository/org/apache/kerby/kerb-identity/1.0.1/kerb-identity-1.0.1.jar:/home/runner/.m2/repository/org/apache/kerby/kerby-xdr/1.0.1/kerby-xdr-1.0.1.jar:/home/runner/.m2/repository/org/slf4j/slf4j-log4j12/1.7.30/slf4j-log4j12-1.7.30.jar:/home/runner/.m2/repository/org/apache/ozone/ozone-s3gateway/1.3.0-SNAPSHOT/ozone-s3gateway-1.3.0-SNAPSHOT.jar:/home/runner/.m2/repository/org/javassist/javassist/3.21.0-GA/javassist-3.21.0-GA.jar:/home/runner/.m2/repository/org/jboss/weld/servlet/weld-servlet/2.4.7.Final/weld-servlet-2.4.7.Final.jar:/home/runner/.m2/repository/org/glassfish/jersey/containers/jersey-container-servlet-core/2.33/jersey-container-servlet-core-2.33.jar:/home/runner/.m2/repository/org/glassfish/hk2/external/jakarta.inject/2.6.1/jakarta.inject-2.6.1.jar:/home/runner/.m2/repository/org/glassfish/jersey/core/jersey-common/2.33/jersey-common-2.33.jar:/home/runner/.m2/repository/jakarta/ws/rs/jakarta.ws.rs-api/2.1.6/jakarta.ws.rs-api-2.1.6.jar:/home/runner/.m2/repository/org/glassfish/jersey/ext/cdi/jersey-cdi1x/2.33/jersey-cdi1x-2.33.jar:/home/runner/.m2/repository/org/glassfish/jersey/inject/jersey-hk2/2.33/jersey-hk2-2.33.jar:/home/runner/.m2/repository/org/glassfish/hk2/hk2-locator/2.6.1/hk2-locator-2.6.1.jar:/home/runner/.m2/repository/org/glassfish/jersey/media/jersey-media-jaxb/2.33/jersey-media-jaxb-2.33.jar:/home/runner/.m2/repository/org/glassfish/hk2/osgi-resource-locator/1.0.3/osgi-resource-locator-1.0.3.jar:/home/runner/.m2/repository/org/glassfish/hk2/hk2-api/2.5.0/hk2-api-2.5.0.jar:/home/runner/.m2/repository/org/glassfish/hk2/hk2-utils/2.5.0/hk2-utils-2.5.0.jar:/home/runner/.m2/repository/org/glassfish/hk2/external/aopalliance-repackaged/2.5.0/aopalliance-repackaged-2.5.0.jar:/home/runner/.m2/repository/com/fasterxml/jackson/dataformat/jackson-dataformat-xml/2.12.1/jackson-dataformat-xml-2.12.1.jar:/home/runner/.m2/repository/com/fasterxml/jackson/core/jackson-core/2.12.1/jackson-core-2.12.1.jar:/home/runner/.m2/repository/com/fasterxml/jackson/module/jackson-module-jaxb-annotations/2.12.1/jackson-module-jaxb-annotations-2.12.1.jar:/home/runner/.m2/repository/jakarta/xml/bind/jakarta.xml.bind-api/2.3.2/jakarta.xml.bind-api-2.3.2.jar:/home/runner/.m2/repository/org/codehaus/woodstox/stax2-api/3.1.4/stax2-api-3.1.4.jar:/home/runner/.m2/repository/com/fasterxml/woodstox/woodstox-core/5.0.3/woodstox-core-5.0.3.jar:/home/runner/.m2/repository/javax/enterprise/cdi-api/1.2/cdi-api-1.2.jar:/home/runner/.m2/repository/javax/el/javax.el-api/3.0.0/javax.el-api-3.0.0.jar:/home/runner/.m2/repository/javax/interceptor/javax.interceptor-api/1.2/javax.interceptor-api-1.2.jar:/home/runner/.m2/repository/javax/inject/javax.inject/1/javax.inject-1.jar:/home/runner/.m2/repository/javax/xml/bind/jaxb-api/2.3.0/jaxb-api-2.3.0.jar:/home/runner/.m2/repository/org/glassfish/jaxb/jaxb-runtime/2.3.0.1/jaxb-runtime-2.3.0.1.jar:/home/runner/.m2/repository/org/glassfish/jaxb/jaxb-core/2.3.0.1/jaxb-core-2.3.0.1.jar:/home/runner/.m2/repository/org/glassfish/jaxb/txw2/2.3.0.1/txw2-2.3.0.1.jar:/home/runner/.m2/repository/com/sun/istack/istack-commons-runtime/3.0.5/istack-commons-runtime-3.0.5.jar:/home/runner/.m2/repository/org/jvnet/staxex/stax-ex/1.7.8/stax-ex-1.7.8.jar:/home/runner/.m2/repository/com/sun/xml/fastinfoset/FastInfoset/1.2.13/FastInfoset-1.2.13.jar:/home/runner/.m2/repository/javax/activation/activation/1.1.1/activation-1.1.1.jar:/home/runner/.m2/repository/org/apache/ozone/ozone-csi/1.3.0-SNAPSHOT/ozone-csi-1.3.0-SNAPSHOT.jar:/home/runner/.m2/repository/com/google/protobuf/protobuf-java-util/3.12.0/protobuf-java-util-3.12.0.jar:/home/runner/.m2/repository/com/google/code/gson/gson/2.2.4/gson-2.2.4.jar:/home/runner/.m2/repository/org/apache/ozone/hdds-config/1.3.0-SNAPSHOT/hdds-config-1.3.0-SNAPSHOT.jar:/home/runner/.m2/repository/io/grpc/grpc-netty/1.33.0/grpc-netty-1.33.0.jar:/home/runner/.m2/repository/io/grpc/grpc-core/1.33.0/grpc-core-1.33.0.jar:/home/runner/.m2/repository/com/google/android/annotations/4.1.1.4/annotations-4.1.1.4.jar:/home/runner/.m2/repository/io/netty/netty-codec-http2/4.1.63.Final/netty-codec-http2-4.1.63.Final.jar:/home/runner/.m2/repository/io/netty/netty-codec-http/4.1.63.Final/netty-codec-http-4.1.63.Final.jar:/home/runner/.m2/repository/io/netty/netty-handler-proxy/4.1.63.Final/netty-handler-proxy-4.1.63.Final.jar:/home/runner/.m2/repository/io/netty/netty-codec-socks/4.1.63.Final/netty-codec-socks-4.1.63.Final.jar:/home/runner/.m2/repository/io/perfmark/perfmark-api/0.19.0/perfmark-api-0.19.0.jar:/home/runner/.m2/repository/org/codehaus/mojo/animal-sniffer-annotations/1.18/animal-sniffer-annotations-1.18.jar:/home/runner/.m2/repository/io/netty/netty-transport-native-epoll/4.1.63.Final/netty-transport-native-epoll-4.1.63.Final.jar:/home/runner/.m2/repository/io/netty/netty-common/4.1.63.Final/netty-common-4.1.63.Final.jar:/home/runner/.m2/repository/io/netty/netty-buffer/4.1.63.Final/netty-buffer-4.1.63.Final.jar:/home/runner/.m2/repository/io/netty/netty-transport-native-unix-common/4.1.63.Final/netty-transport-native-unix-common-4.1.63.Final.jar:/home/runner/.m2/repository/io/grpc/grpc-protobuf/1.33.0/grpc-protobuf-1.33.0.jar:/home/runner/.m2/repository/io/grpc/grpc-api/1.33.0/grpc-api-1.33.0.jar:/home/runner/.m2/repository/io/grpc/grpc-context/1.33.0/grpc-context-1.33.0.jar:/home/runner/.m2/repository/com/google/api/grpc/proto-google-common-protos/1.17.0/proto-google-common-protos-1.17.0.jar:/home/runner/.m2/repository/io/grpc/grpc-protobuf-lite/1.33.0/grpc-protobuf-lite-1.33.0.jar:/home/runner/.m2/repository/io/grpc/grpc-stub/1.33.0/grpc-stub-1.33.0.jar:/home/runner/.m2/repository/org/apache/ozone/ozone-recon/1.3.0-SNAPSHOT/ozone-recon-1.3.0-SNAPSHOT.jar:/home/runner/.m2/repository/org/apache/ozone/ozone-reconcodegen/1.3.0-SNAPSHOT/ozone-reconcodegen-1.3.0-SNAPSHOT.jar:/home/runner/.m2/repository/com/google/inject/extensions/guice-multibindings/4.0/guice-multibindings-4.0.jar:/home/runner/.m2/repository/com/google/inject/guice/4.0/guice-4.0.jar:/home/runner/.m2/repository/aopalliance/aopalliance/1.0/aopalliance-1.0.jar:/home/runner/.m2/repository/com/google/inject/extensions/guice-assistedinject/4.0/guice-assistedinject-4.0.jar:/home/runner/.m2/repository/com/google/inject/extensions/guice-servlet/4.0/guice-servlet-4.0.jar:/home/runner/.m2/repository/org/glassfish/jersey/containers/jersey-container-servlet/2.33/jersey-container-servlet-2.33.jar:/home/runner/.m2/repository/org/glassfish/hk2/guice-bridge/2.5.0/guice-bridge-2.5.0.jar:/home/runner/.m2/repository/org/glassfish/jersey/core/jersey-server/2.33/jersey-server-2.33.jar:/home/runner/.m2/repository/org/glassfish/jersey/core/jersey-client/2.33/jersey-client-2.33.jar:/home/runner/.m2/repository/jakarta/annotation/jakarta.annotation-api/1.3.5/jakarta.annotation-api-1.3.5.jar:/home/runner/.m2/repository/jakarta/validation/jakarta.validation-api/2.0.2/jakarta.validation-api-2.0.2.jar:/home/runner/.m2/repository/org/glassfish/jersey/media/jersey-media-json-jackson/2.33/jersey-media-json-jackson-2.33.jar:/home/runner/.m2/repository/org/glassfish/jersey/ext/jersey-entity-filtering/2.33/jersey-entity-filtering-2.33.jar:/home/runner/.m2/repository/org/jooq/jooq/3.11.10/jooq-3.11.10.jar:/home/runner/.m2/repository/org/jooq/jooq-meta/3.11.10/jooq-meta-3.11.10.jar:/home/runner/.m2/repository/org/jooq/jooq-codegen/3.11.10/jooq-codegen-3.11.10.jar:/home/runner/.m2/repository/com/jolbox/bonecp/0.8.0.RELEASE/bonecp-0.8.0.RELEASE.jar:/home/runner/.m2/repository/org/apache/derby/derby/10.14.2.0/derby-10.14.2.0.jar:/home/runner/.m2/repository/org/xerial/sqlite-jdbc/3.25.2/sqlite-jdbc-3.25.2.jar:/home/runner/.m2/repository/org/springframework/spring-jdbc/5.2.18.RELEASE/spring-jdbc-5.2.18.RELEASE.jar:/home/runner/.m2/repository/org/springframework/spring-beans/5.2.18.RELEASE/spring-beans-5.2.18.RELEASE.jar:/home/runner/.m2/repository/org/springframework/spring-core/5.2.18.RELEASE/spring-core-5.2.18.RELEASE.jar:/home/runner/.m2/repository/org/springframework/spring-jcl/5.2.18.RELEASE/spring-jcl-5.2.18.RELEASE.jar:/home/runner/.m2/repository/org/springframework/spring-tx/5.2.18.RELEASE/spring-tx-5.2.18.RELEASE.jar:/home/runner/.m2/repository/org/apache/ozone/ozone-client/1.3.0-SNAPSHOT/ozone-client-1.3.0-SNAPSHOT.jar:/home/runner/.m2/repository/org/apache/ozone/ozone-filesystem/1.3.0-SNAPSHOT/ozone-filesystem-1.3.0-SNAPSHOT.jar:/home/runner/.m2/repository/org/apache/ozone/ozone-filesystem-common/1.3.0-SNAPSHOT/ozone-filesystem-common-1.3.0-SNAPSHOT.jar:/home/runner/.m2/repository/org/apache/ozone/ozone-tools/1.3.0-SNAPSHOT/ozone-tools-1.3.0-SNAPSHOT.jar:/home/runner/.m2/repository/org/apache/ratis/ratis-tools/2.2.0/ratis-tools-2.2.0.jar:/home/runner/.m2/repository/com/amazonaws/aws-java-sdk-core/1.12.124/aws-java-sdk-core-1.12.124.jar:/home/runner/.m2/repository/org/apache/httpcomponents/httpclient/4.5.13/httpclient-4.5.13.jar:/home/runner/.m2/repository/org/apache/httpcomponents/httpcore/4.4.13/httpcore-4.4.13.jar:/home/runner/.m2/repository/software/amazon/ion/ion-java/1.0.2/ion-java-1.0.2.jar:/home/runner/.m2/repository/com/fasterxml/jackson/dataformat/jackson-dataformat-cbor/2.12.1/jackson-dataformat-cbor-2.12.1.jar:/home/runner/.m2/repository/joda-time/joda-time/2.8.1/joda-time-2.8.1.jar:/home/runner/.m2/repository/com/amazonaws/aws-java-sdk-s3/1.12.124/aws-java-sdk-s3-1.12.124.jar:/home/runner/.m2/repository/com/amazonaws/aws-java-sdk-kms/1.12.124/aws-java-sdk-kms-1.12.124.jar:/home/runner/.m2/repository/com/amazonaws/jmespath-java/1.12.124/jmespath-java-1.12.124.jar:/home/runner/.m2/repository/org/kohsuke/metainf-services/metainf-services/1.8/metainf-services-1.8.jar:/home/runner/.m2/repository/org/apache/ozone/hdds-tools/1.3.0-SNAPSHOT/hdds-tools-1.3.0-SNAPSHOT.jar:/home/runner/.m2/repository/commons-cli/commons-cli/1.2/commons-cli-1.2.jar:/home/runner/.m2/repository/org/apache/commons/commons-lang3/3.7/commons-lang3-3.7.jar:/home/runner/.m2/repository/org/apache/ozone/ozone-manager/1.3.0-SNAPSHOT/ozone-manager-1.3.0-SNAPSHOT-tests.jar:/home/runner/.m2/repository/org/apache/ozone/hdds-common/1.3.0-SNAPSHOT/hdds-common-1.3.0-SNAPSHOT-tests.jar:/home/runner/.m2/repository/org/apache/ozone/hdds-hadoop-dependency-client/1.3.0-SNAPSHOT/hdds-hadoop-dependency-client-1.3.0-SNAPSHOT.jar:/home/runner/.m2/repository/info/picocli/picocli/4.6.1/picocli-4.6.1.jar:/home/runner/.m2/repository/com/fasterxml/jackson/core/jackson-annotations/2.12.1/jackson-annotations-2.12.1.jar:/home/runner/.m2/repository/javax/annotation/javax.annotation-api/1.2/javax.annotation-api-1.2.jar:/home/runner/.m2/repository/org/apache/ratis/ratis-server/2.2.0/ratis-server-2.2.0.jar:/home/runner/.m2/repository/org/apache/ratis/ratis-client/2.2.0/ratis-client-2.2.0.jar:/home/runner/.m2/repository/org/apache/ratis/ratis-server-api/2.2.0/ratis-server-api-2.2.0.jar:/home/runner/.m2/repository/org/apache/ratis/ratis-metrics/2.2.0/ratis-metrics-2.2.0.jar:/home/runner/.m2/repository/org/apache/ratis/ratis-netty/2.2.0/ratis-netty-2.2.0.jar:/home/runner/.m2/repository/org/apache/ratis/ratis-grpc/2.2.0/ratis-grpc-2.2.0.jar:/home/runner/.m2/repository/org/apache/logging/log4j/log4j-api/2.17.1/log4j-api-2.17.1.jar:/home/runner/.m2/repository/org/apache/logging/log4j/log4j-core/2.17.1/log4j-core-2.17.1.jar:/home/runner/.m2/repository/com/lmax/disruptor/3.4.2/disruptor-3.4.2.jar:/home/runner/.m2/repository/org/apache/commons/commons-pool2/2.6.0/commons-pool2-2.6.0.jar:/home/runner/.m2/repository/org/bouncycastle/bcpkix-jdk15on/1.67/bcpkix-jdk15on-1.67.jar:/home/runner/.m2/repository/commons-validator/commons-validator/1.6/commons-validator-1.6.jar:/home/runner/.m2/repository/commons-beanutils/commons-beanutils/1.9.4/commons-beanutils-1.9.4.jar:/home/runner/.m2/repository/commons-digester/commons-digester/1.8.1/commons-digester-1.8.1.jar:/home/runner/.m2/repository/commons-collections/commons-collections/3.2.2/commons-collections-3.2.2.jar:/home/runner/.m2/repository/io/jaegertracing/jaeger-client/1.6.0/jaeger-client-1.6.0.jar:/home/runner/.m2/repository/io/jaegertracing/jaeger-thrift/1.6.0/jaeger-thrift-1.6.0.jar:/home/runner/.m2/repository/org/apache/thrift/libthrift/0.14.1/libthrift-0.14.1.jar:/home/runner/.m2/repository/com/squareup/okhttp3/okhttp/4.9.0/okhttp-4.9.0.jar:/home/runner/.m2/repository/com/squareup/okio/okio/2.8.0/okio-2.8.0.jar:/home/runner/.m2/repository/io/jaegertracing/jaeger-core/1.6.0/jaeger-core-1.6.0.jar:/home/runner/.m2/repository/io/jaegertracing/jaeger-tracerresolver/1.6.0/jaeger-tracerresolver-1.6.0.jar:/home/runner/.m2/repository/io/opentracing/contrib/opentracing-tracerresolver/0.1.8/opentracing-tracerresolver-0.1.8.jar:/home/runner/.m2/repository/org/jetbrains/kotlin/kotlin-stdlib/1.4.31/kotlin-stdlib-1.4.31.jar:/home/runner/.m2/repository/org/jetbrains/kotlin/kotlin-stdlib-common/1.4.31/kotlin-stdlib-common-1.4.31.jar:/home/runner/.m2/repository/org/jetbrains/annotations/13.0/annotations-13.0.jar:/home/runner/.m2/repository/io/opentracing/opentracing-util/0.33.0/opentracing-util-0.33.0.jar:/home/runner/.m2/repository/io/opentracing/opentracing-api/0.33.0/opentracing-api-0.33.0.jar:/home/runner/.m2/repository/io/opentracing/opentracing-noop/0.33.0/opentracing-noop-0.33.0.jar:/home/runner/.m2/repository/org/yaml/snakeyaml/1.26/snakeyaml-1.26.jar:/home/runner/.m2/repository/org/apache/ozone/hdds-interface-admin/1.3.0-SNAPSHOT/hdds-interface-admin-1.3.0-SNAPSHOT.jar:/home/runner/.m2/repository/junit/junit/4.13.1/junit-4.13.1.jar:/home/runner/.m2/repository/org/hamcrest/hamcrest-core/1.3/hamcrest-core-1.3.jar:/home/runner/.m2/repository/org/junit/jupiter/junit-jupiter-api/5.7.0/junit-jupiter-api-5.7.0.jar:/home/runner/.m2/repository/org/apiguardian/apiguardian-api/1.1.0/apiguardian-api-1.1.0.jar:/home/runner/.m2/repository/org/opentest4j/opentest4j/1.2.0/opentest4j-1.2.0.jar:/home/runner/.m2/repository/org/junit/platform/junit-platform-commons/1.7.0/junit-platform-commons-1.7.0.jar:/home/runner/.m2/repository/org/junit/jupiter/junit-jupiter-engine/5.7.0/junit-jupiter-engine-5.7.0.jar:/home/runner/.m2/repository/org/junit/platform/junit-platform-engine/1.7.0/junit-platform-engine-1.7.0.jar:/home/runner/.m2/repository/org/junit/vintage/junit-vintage-engine/5.7.0/junit-vintage-engine-5.7.0.jar:/home/runner/.m2/repository/org/junit/platform/junit-platform-launcher/1.7.0/junit-platform-launcher-1.7.0.jar:/home/runner/.m2/repository/org/mockito/mockito-core/2.28.2/mockito-core-2.28.2.jar:/home/runner/.m2/repository/net/bytebuddy/byte-buddy/1.9.10/byte-buddy-1.9.10.jar:/home/runner/.m2/repository/net/bytebuddy/byte-buddy-agent/1.9.10/byte-buddy-agent-1.9.10.jar:/home/runner/.m2/repository/org/objenesis/objenesis/1.0/objenesis-1.0.jar:/home/runner/.m2/repository/org/apache/hadoop/hadoop-kms/3.3.1/hadoop-kms-3.3.1.jar:/home/runner/.m2/repository/org/apache/hadoop/hadoop-auth/3.3.1/hadoop-auth-3.3.1.jar:/home/runner/.m2/repository/com/nimbusds/nimbus-jose-jwt/7.9/nimbus-jose-jwt-7.9.jar:/home/runner/.m2/repository/com/github/stephenc/jcip/jcip-annotations/1.0-1/jcip-annotations-1.0-1.jar:/home/runner/.m2/repository/net/minidev/json-smart/2.4.7/json-smart-2.4.7.jar:/home/runner/.m2/repository/net/minidev/accessors-smart/2.4.7/accessors-smart-2.4.7.jar:/home/runner/.m2/repository/org/ow2/asm/asm/5.0.4/asm-5.0.4.jar:/home/runner/.m2/repository/org/apache/zookeeper/zookeeper/3.5.6/zookeeper-3.5.6.jar:/home/runner/.m2/repository/org/apache/zookeeper/zookeeper-jute/3.5.6/zookeeper-jute-3.5.6.jar:/home/runner/.m2/repository/org/apache/yetus/audience-annotations/0.5.0/audience-annotations-0.5.0.jar:/home/runner/.m2/repository/org/apache/curator/curator-framework/4.2.0/curator-framework-4.2.0.jar:/home/runner/.m2/repository/org/apache/hadoop/thirdparty/hadoop-shaded-guava/1.1.1/hadoop-shaded-guava-1.1.1.jar:/home/runner/.m2/repository/com/sun/jersey/jersey-core/1.19/jersey-core-1.19.jar:/home/runner/.m2/repository/javax/ws/rs/jsr311-api/1.1.1/jsr311-api-1.1.1.jar:/home/runner/.m2/repository/com/sun/jersey/jersey-server/1.19/jersey-server-1.19.jar:/home/runner/.m2/repository/javax/servlet/javax.servlet-api/3.1.0/javax.servlet-api-3.1.0.jar:/home/runner/.m2/repository/org/eclipse/jetty/jetty-server/9.4.43.v20210629/jetty-server-9.4.43.v20210629.jar:/home/runner/.m2/repository/org/eclipse/jetty/jetty-http/9.4.43.v20210629/jetty-http-9.4.43.v20210629.jar:/home/runner/.m2/repository/org/eclipse/jetty/jetty-io/9.4.43.v20210629/jetty-io-9.4.43.v20210629.jar:/home/runner/.m2/repository/org/eclipse/jetty/jetty-webapp/9.4.43.v20210629/jetty-webapp-9.4.43.v20210629.jar:/home/runner/.m2/repository/org/eclipse/jetty/jetty-xml/9.4.43.v20210629/jetty-xml-9.4.43.v20210629.jar:/home/runner/.m2/repository/org/apache/hadoop/hadoop-common/3.3.1/hadoop-common-3.3.1.jar:/home/runner/.m2/repository/org/apache/commons/commons-math3/3.1.1/commons-math3-3.1.1.jar:/home/runner/.m2/repository/commons-net/commons-net/3.6/commons-net-3.6.jar:/home/runner/.m2/repository/jakarta/activation/jakarta.activation-api/1.2.1/jakarta.activation-api-1.2.1.jar:/home/runner/.m2/repository/com/sun/jersey/jersey-servlet/1.19/jersey-servlet-1.19.jar:/home/runner/.m2/repository/com/sun/jersey/jersey-json/1.19/jersey-json-1.19.jar:/home/runner/.m2/repository/org/codehaus/jettison/jettison/1.1/jettison-1.1.jar:/home/runner/.m2/repository/com/sun/xml/bind/jaxb-impl/2.2.3-1/jaxb-impl-2.2.3-1.jar:/home/runner/.m2/repository/org/codehaus/jackson/jackson-jaxrs/1.9.2/jackson-jaxrs-1.9.2.jar:/home/runner/.m2/repository/org/codehaus/jackson/jackson-xc/1.9.2/jackson-xc-1.9.2.jar:/home/runner/.m2/repository/org/apache/commons/commons-configuration2/2.1.1/commons-configuration2-2.1.1.jar:/home/runner/.m2/repository/org/apache/commons/commons-text/1.4/commons-text-1.4.jar:/home/runner/.m2/repository/com/google/re2j/re2j/1.1/re2j-1.1.jar:/home/runner/.m2/repository/com/jcraft/jsch/0.1.54/jsch-0.1.54.jar:/home/runner/.m2/repository/org/apache/curator/curator-client/4.2.0/curator-client-4.2.0.jar:/home/runner/.m2/repository/org/apache/curator/curator-recipes/4.2.0/curator-recipes-4.2.0.jar:/home/runner/.m2/repository/org/apache/kerby/kerb-core/1.0.1/kerb-core-1.0.1.jar:/home/runner/.m2/repository/org/apache/kerby/kerby-pkix/1.0.1/kerby-pkix-1.0.1.jar:/home/runner/.m2/repository/org/apache/kerby/kerby-asn1/1.0.1/kerby-asn1-1.0.1.jar:/home/runner/.m2/repository/org/apache/kerby/kerby-util/1.0.1/kerby-util-1.0.1.jar:/home/runner/.m2/repository/dnsjava/dnsjava/2.1.7/dnsjava-2.1.7.jar:/home/runner/.m2/repository/org/xerial/snappy/snappy-java/1.1.8.2/snappy-java-1.1.8.2.jar:/home/runner/.m2/repository/org/slf4j/jul-to-slf4j/1.7.30/jul-to-slf4j-1.7.30.jar:/home/runner/.m2/repository/org/eclipse/jetty/jetty-util/9.4.43.v20210629/jetty-util-9.4.43.v20210629.jar:/home/runner/.m2/repository/com/fasterxml/jackson/core/jackson-databind/2.12.1/jackson-databind-2.12.1.jar:/home/runner/.m2/repository/org/apache/hadoop/hadoop-kms/3.3.1/hadoop-kms-3.3.1-tests.jar:/home/runner/.m2/repository/org/apache/ozone/hdds-server-scm/1.3.0-SNAPSHOT/hdds-server-scm-1.3.0-SNAPSHOT-tests.jar:/home/runner/.m2/repository/org/apache/ozone/hdds-container-service/1.3.0-SNAPSHOT/hdds-container-service-1.3.0-SNAPSHOT-tests.jar:/home/runner/.m2/repository/commons-codec/commons-codec/1.11/commons-codec-1.11.jar:/home/runner/.m2/repository/io/netty/netty-transport/4.1.63.Final/netty-transport-4.1.63.Final.jar:/home/runner/.m2/repository/io/netty/netty-resolver/4.1.63.Final/netty-resolver-4.1.63.Final.jar:/home/runner/.m2/repository/io/netty/netty-codec/4.1.63.Final/netty-codec-4.1.63.Final.jar:/home/runner/.m2/repository/io/netty/netty-handler/4.1.63.Final/netty-handler-4.1.63.Final.jar:/home/runner/.m2/repository/org/apache/ozone/hdds-hadoop-dependency-test/1.3.0-SNAPSHOT/hdds-hadoop-dependency-test-1.3.0-SNAPSHOT.jar:/home/runner/.m2/repository/org/apache/hadoop/hadoop-common/3.3.1/hadoop-common-3.3.1-tests.jar:/home/runner/.m2/repository/org/assertj/assertj-core/3.12.2/assertj-core-3.12.2.jar:/home/runner/.m2/repository/org/apache/hadoop/hadoop-hdfs/3.3.1/hadoop-hdfs-3.3.1-tests.jar:/home/runner/.m2/repository/org/eclipse/jetty/jetty-util-ajax/9.4.43.v20210629/jetty-util-ajax-9.4.43.v20210629.jar:/home/runner/.m2/repository/commons-daemon/commons-daemon/1.0.13/commons-daemon-1.0.13.jar:/home/runner/.m2/repository/io/netty/netty/3.10.6.Final/netty-3.10.6.Final.jar:/home/runner/.m2/repository/io/netty/netty-all/4.1.63.Final/netty-all-4.1.63.Final.jar:/home/runner/.m2/repository/org/apache/htrace/htrace-core4/4.1.0-incubating/htrace-core4-4.1.0-incubating.jar:/home/runner/.m2/repository/org/fusesource/leveldbjni/leveldbjni-all/1.8/leveldbjni-all-1.8.jar:/home/runner/.m2/repository/org/apache/hadoop/hadoop-distcp/3.3.1/hadoop-distcp-3.3.1.jar:/home/runner/.m2/repository/org/apache/hadoop/hadoop-mapreduce-client-jobclient/3.3.1/hadoop-mapreduce-client-jobclient-3.3.1.jar:/home/runner/.m2/repository/org/apache/hadoop/hadoop-mapreduce-client-common/3.3.1/hadoop-mapreduce-client-common-3.3.1.jar:/home/runner/.m2/repository/org/apache/hadoop/hadoop-yarn-common/3.3.1/hadoop-yarn-common-3.3.1.jar:/home/runner/.m2/repository/org/apache/hadoop/hadoop-yarn-api/3.3.1/hadoop-yarn-api-3.3.1.jar:/home/runner/.m2/repository/com/sun/jersey/jersey-client/1.19/jersey-client-1.19.jar:/home/runner/.m2/repository/com/sun/jersey/contribs/jersey-guice/1.19/jersey-guice-1.19.jar:/home/runner/.m2/repository/com/fasterxml/jackson/jaxrs/jackson-jaxrs-json-provider/2.12.1/jackson-jaxrs-json-provider-2.12.1.jar:/home/runner/.m2/repository/com/fasterxml/jackson/jaxrs/jackson-jaxrs-base/2.12.1/jackson-jaxrs-base-2.12.1.jar:/home/runner/.m2/repository/org/apache/hadoop/hadoop-yarn-client/3.3.1/hadoop-yarn-client-3.3.1.jar:/home/runner/.m2/repository/org/eclipse/jetty/websocket/websocket-client/9.4.40.v20210413/websocket-client-9.4.40.v20210413.jar:/home/runner/.m2/repository/org/eclipse/jetty/jetty-client/9.4.40.v20210413/jetty-client-9.4.40.v20210413.jar:/home/runner/.m2/repository/org/eclipse/jetty/websocket/websocket-common/9.4.40.v20210413/websocket-common-9.4.40.v20210413.jar:/home/runner/.m2/repository/org/eclipse/jetty/websocket/websocket-api/9.4.40.v20210413/websocket-api-9.4.40.v20210413.jar:/home/runner/.m2/repository/org/jline/jline/3.9.0/jline-3.9.0.jar:/home/runner/.m2/repository/org/apache/hadoop/hadoop-mapreduce-client-core/3.3.1/hadoop-mapreduce-client-core-3.3.1.jar:/home/runner/.m2/repository/org/apache/avro/avro/1.7.7/avro-1.7.7.jar:/home/runner/.m2/repository/org/codehaus/jackson/jackson-core-asl/1.9.13/jackson-core-asl-1.9.13.jar:/home/runner/.m2/repository/org/codehaus/jackson/jackson-mapper-asl/1.9.13/jackson-mapper-asl-1.9.13.jar:/home/runner/.m2/repository/com/thoughtworks/paranamer/paranamer/2.3/paranamer-2.3.jar:/home/runner/.m2/repository/org/apache/hadoop/hadoop-annotations/3.3.1/hadoop-annotations-3.3.1.jar:/usr/lib/jvm/temurin-8-jdk-amd64/jre/../lib/tools.jar:/home/runner/.m2/repository/org/apache/hadoop/hadoop-distcp/3.3.1/hadoop-distcp-3.3.1-tests.jar:/home/runner/.m2/repository/org/apache/ratis/ratis-common/2.2.0/ratis-common-2.2.0.jar:/home/runner/.m2/repository/org/apache/ratis/ratis-thirdparty-misc/0.7.0/ratis-thirdparty-misc-0.7.0.jar:/home/runner/.m2/repository/org/apache/ratis/ratis-proto/2.2.0/ratis-proto-2.2.0.jar:"/>
    <property name="java.vm.vendor" value="Temurin"/>
    <property name="sun.arch.data.model" value="64"/>
    <property name="test.build.dir" value="/home/runner/work/ozone/ozone/hadoop-ozone/integration-test/target/test-dir"/>
    <property name="test.cache.data" value=""/>
    <property name="java.vendor.url" value="https://adoptium.net/"/>
    <property name="user.timezone" value=""/>
    <property name="java.vm.specification.version" value="1.8"/>
    <property name="os.name" value="Linux"/>
    <property name="test.build.data" value="/home/runner/work/ozone/ozone/hadoop-ozone/integration-test/target/test-dir"/>
    <property name="sun.java.launcher" value="SUN_STANDARD"/>
    <property name="sun.boot.library.path" value="/usr/lib/jvm/temurin-8-jdk-amd64/jre/lib/amd64"/>
    <property name="sun.java.command" value="/home/runner/work/ozone/ozone/hadoop-ozone/integration-test/target/surefire/surefirebooter7765784319850238961.jar /home/runner/work/ozone/ozone/hadoop-ozone/integration-test/target/surefire 2022-02-15T15-22-59_082-jvmRun1 surefire8167745749140520105tmp surefire_157688055505472177515tmp"/>
    <property name="surefire.test.class.path" value="/home/runner/work/ozone/ozone/hadoop-ozone/integration-test/target/test-classes:/home/runner/work/ozone/ozone/hadoop-ozone/integration-test/target/classes:/home/runner/.m2/repository/org/apache/ozone/ozone-common/1.3.0-SNAPSHOT/ozone-common-1.3.0-SNAPSHOT.jar:/home/runner/.m2/repository/org/apache/commons/commons-compress/1.21/commons-compress-1.21.jar:/home/runner/.m2/repository/org/apache/ozone/hdds-common/1.3.0-SNAPSHOT/hdds-common-1.3.0-SNAPSHOT.jar:/home/runner/.m2/repository/org/apache/ozone/hdds-client/1.3.0-SNAPSHOT/hdds-client-1.3.0-SNAPSHOT.jar:/home/runner/.m2/repository/org/apache/ozone/ozone-interface-client/1.3.0-SNAPSHOT/ozone-interface-client-1.3.0-SNAPSHOT.jar:/home/runner/.m2/repository/org/apache/ozone/hdds-test-utils/1.3.0-SNAPSHOT/hdds-test-utils-1.3.0-SNAPSHOT.jar:/home/runner/.m2/repository/com/google/guava/guava/30.1.1-jre/guava-30.1.1-jre.jar:/home/runner/.m2/repository/com/google/guava/failureaccess/1.0.1/failureaccess-1.0.1.jar:/home/runner/.m2/repository/com/google/guava/listenablefuture/9999.0-empty-to-avoid-conflict-with-guava/listenablefuture-9999.0-empty-to-avoid-conflict-with-guava.jar:/home/runner/.m2/repository/com/google/code/findbugs/jsr305/3.0.0/jsr305-3.0.0.jar:/home/runner/.m2/repository/org/checkerframework/checker-qual/3.8.0/checker-qual-3.8.0.jar:/home/runner/.m2/repository/com/google/errorprone/error_prone_annotations/2.2.0/error_prone_annotations-2.2.0.jar:/home/runner/.m2/repository/com/google/j2objc/j2objc-annotations/1.3/j2objc-annotations-1.3.jar:/home/runner/.m2/repository/commons-io/commons-io/2.11.0/commons-io-2.11.0.jar:/home/runner/.m2/repository/commons-logging/commons-logging/1.2/commons-logging-1.2.jar:/home/runner/.m2/repository/log4j/log4j/1.2.17/log4j-1.2.17.jar:/home/runner/.m2/repository/org/slf4j/slf4j-api/1.7.30/slf4j-api-1.7.30.jar:/home/runner/.m2/repository/org/apache/ozone/hdds-server-scm/1.3.0-SNAPSHOT/hdds-server-scm-1.3.0-SNAPSHOT.jar:/home/runner/.m2/repository/org/apache/ozone/hdds-container-service/1.3.0-SNAPSHOT/hdds-container-service-1.3.0-SNAPSHOT.jar:/home/runner/.m2/repository/org/apache/ozone/hdds-hadoop-dependency-server/1.3.0-SNAPSHOT/hdds-hadoop-dependency-server-1.3.0-SNAPSHOT.jar:/home/runner/.m2/repository/org/apache/hadoop/hadoop-hdfs/3.3.1/hadoop-hdfs-3.3.1.jar:/home/runner/.m2/repository/org/apache/ozone/hdds-server-framework/1.3.0-SNAPSHOT/hdds-server-framework-1.3.0-SNAPSHOT.jar:/home/runner/.m2/repository/org/apache/ozone/hdds-interface-server/1.3.0-SNAPSHOT/hdds-interface-server-1.3.0-SNAPSHOT.jar:/home/runner/.m2/repository/org/eclipse/jetty/jetty-servlet/9.4.43.v20210629/jetty-servlet-9.4.43.v20210629.jar:/home/runner/.m2/repository/org/eclipse/jetty/jetty-security/9.4.43.v20210629/jetty-security-9.4.43.v20210629.jar:/home/runner/.m2/repository/org/rocksdb/rocksdbjni/6.25.3/rocksdbjni-6.25.3.jar:/home/runner/.m2/repository/io/prometheus/simpleclient_dropwizard/0.7.0/simpleclient_dropwizard-0.7.0.jar:/home/runner/.m2/repository/io/prometheus/simpleclient/0.7.0/simpleclient-0.7.0.jar:/home/runner/.m2/repository/io/prometheus/simpleclient_common/0.7.0/simpleclient_common-0.7.0.jar:/home/runner/.m2/repository/com/fasterxml/jackson/datatype/jackson-datatype-jsr310/2.12.1/jackson-datatype-jsr310-2.12.1.jar:/home/runner/.m2/repository/io/dropwizard/metrics/metrics-core/3.2.4/metrics-core-3.2.4.jar:/home/runner/.m2/repository/org/apache/hadoop/hadoop-hdfs-client/3.3.1/hadoop-hdfs-client-3.3.1.jar:/home/runner/.m2/repository/org/bouncycastle/bcprov-jdk15on/1.67/bcprov-jdk15on-1.67.jar:/home/runner/.m2/repository/com/google/protobuf/protobuf-java/2.5.0/protobuf-java-2.5.0.jar:/home/runner/.m2/repository/org/apache/ozone/ozone-manager/1.3.0-SNAPSHOT/ozone-manager-1.3.0-SNAPSHOT.jar:/home/runner/.m2/repository/org/aspectj/aspectjrt/1.9.7/aspectjrt-1.9.7.jar:/home/runner/.m2/repository/org/aspectj/aspectjweaver/1.9.7/aspectjweaver-1.9.7.jar:/home/runner/.m2/repository/org/apache/ozone/hdds-interface-client/1.3.0-SNAPSHOT/hdds-interface-client-1.3.0-SNAPSHOT.jar:/home/runner/.m2/repository/org/apache/hadoop/thirdparty/hadoop-shaded-protobuf_3_7/1.1.1/hadoop-shaded-protobuf_3_7-1.1.1.jar:/home/runner/.m2/repository/org/apache/ozone/ozone-interface-storage/1.3.0-SNAPSHOT/ozone-interface-storage-1.3.0-SNAPSHOT.jar:/home/runner/.m2/repository/org/reflections/reflections/0.9.11/reflections-0.9.11.jar:/home/runner/.m2/repository/org/apache/hadoop/hadoop-minikdc/3.3.1/hadoop-minikdc-3.3.1.jar:/home/runner/.m2/repository/org/apache/kerby/kerb-simplekdc/1.0.1/kerb-simplekdc-1.0.1.jar:/home/runner/.m2/repository/org/apache/kerby/kerb-client/1.0.1/kerb-client-1.0.1.jar:/home/runner/.m2/repository/org/apache/kerby/kerby-config/1.0.1/kerby-config-1.0.1.jar:/home/runner/.m2/repository/org/apache/kerby/kerb-common/1.0.1/kerb-common-1.0.1.jar:/home/runner/.m2/repository/org/apache/kerby/kerb-crypto/1.0.1/kerb-crypto-1.0.1.jar:/home/runner/.m2/repository/org/apache/kerby/kerb-util/1.0.1/kerb-util-1.0.1.jar:/home/runner/.m2/repository/org/apache/kerby/token-provider/1.0.1/token-provider-1.0.1.jar:/home/runner/.m2/repository/org/apache/kerby/kerb-admin/1.0.1/kerb-admin-1.0.1.jar:/home/runner/.m2/repository/org/apache/kerby/kerb-server/1.0.1/kerb-server-1.0.1.jar:/home/runner/.m2/repository/org/apache/kerby/kerb-identity/1.0.1/kerb-identity-1.0.1.jar:/home/runner/.m2/repository/org/apache/kerby/kerby-xdr/1.0.1/kerby-xdr-1.0.1.jar:/home/runner/.m2/repository/org/slf4j/slf4j-log4j12/1.7.30/slf4j-log4j12-1.7.30.jar:/home/runner/.m2/repository/org/apache/ozone/ozone-s3gateway/1.3.0-SNAPSHOT/ozone-s3gateway-1.3.0-SNAPSHOT.jar:/home/runner/.m2/repository/org/javassist/javassist/3.21.0-GA/javassist-3.21.0-GA.jar:/home/runner/.m2/repository/org/jboss/weld/servlet/weld-servlet/2.4.7.Final/weld-servlet-2.4.7.Final.jar:/home/runner/.m2/repository/org/glassfish/jersey/containers/jersey-container-servlet-core/2.33/jersey-container-servlet-core-2.33.jar:/home/runner/.m2/repository/org/glassfish/hk2/external/jakarta.inject/2.6.1/jakarta.inject-2.6.1.jar:/home/runner/.m2/repository/org/glassfish/jersey/core/jersey-common/2.33/jersey-common-2.33.jar:/home/runner/.m2/repository/jakarta/ws/rs/jakarta.ws.rs-api/2.1.6/jakarta.ws.rs-api-2.1.6.jar:/home/runner/.m2/repository/org/glassfish/jersey/ext/cdi/jersey-cdi1x/2.33/jersey-cdi1x-2.33.jar:/home/runner/.m2/repository/org/glassfish/jersey/inject/jersey-hk2/2.33/jersey-hk2-2.33.jar:/home/runner/.m2/repository/org/glassfish/hk2/hk2-locator/2.6.1/hk2-locator-2.6.1.jar:/home/runner/.m2/repository/org/glassfish/jersey/media/jersey-media-jaxb/2.33/jersey-media-jaxb-2.33.jar:/home/runner/.m2/repository/org/glassfish/hk2/osgi-resource-locator/1.0.3/osgi-resource-locator-1.0.3.jar:/home/runner/.m2/repository/org/glassfish/hk2/hk2-api/2.5.0/hk2-api-2.5.0.jar:/home/runner/.m2/repository/org/glassfish/hk2/hk2-utils/2.5.0/hk2-utils-2.5.0.jar:/home/runner/.m2/repository/org/glassfish/hk2/external/aopalliance-repackaged/2.5.0/aopalliance-repackaged-2.5.0.jar:/home/runner/.m2/repository/com/fasterxml/jackson/dataformat/jackson-dataformat-xml/2.12.1/jackson-dataformat-xml-2.12.1.jar:/home/runner/.m2/repository/com/fasterxml/jackson/core/jackson-core/2.12.1/jackson-core-2.12.1.jar:/home/runner/.m2/repository/com/fasterxml/jackson/module/jackson-module-jaxb-annotations/2.12.1/jackson-module-jaxb-annotations-2.12.1.jar:/home/runner/.m2/repository/jakarta/xml/bind/jakarta.xml.bind-api/2.3.2/jakarta.xml.bind-api-2.3.2.jar:/home/runner/.m2/repository/org/codehaus/woodstox/stax2-api/3.1.4/stax2-api-3.1.4.jar:/home/runner/.m2/repository/com/fasterxml/woodstox/woodstox-core/5.0.3/woodstox-core-5.0.3.jar:/home/runner/.m2/repository/javax/enterprise/cdi-api/1.2/cdi-api-1.2.jar:/home/runner/.m2/repository/javax/el/javax.el-api/3.0.0/javax.el-api-3.0.0.jar:/home/runner/.m2/repository/javax/interceptor/javax.interceptor-api/1.2/javax.interceptor-api-1.2.jar:/home/runner/.m2/repository/javax/inject/javax.inject/1/javax.inject-1.jar:/home/runner/.m2/repository/javax/xml/bind/jaxb-api/2.3.0/jaxb-api-2.3.0.jar:/home/runner/.m2/repository/org/glassfish/jaxb/jaxb-runtime/2.3.0.1/jaxb-runtime-2.3.0.1.jar:/home/runner/.m2/repository/org/glassfish/jaxb/jaxb-core/2.3.0.1/jaxb-core-2.3.0.1.jar:/home/runner/.m2/repository/org/glassfish/jaxb/txw2/2.3.0.1/txw2-2.3.0.1.jar:/home/runner/.m2/repository/com/sun/istack/istack-commons-runtime/3.0.5/istack-commons-runtime-3.0.5.jar:/home/runner/.m2/repository/org/jvnet/staxex/stax-ex/1.7.8/stax-ex-1.7.8.jar:/home/runner/.m2/repository/com/sun/xml/fastinfoset/FastInfoset/1.2.13/FastInfoset-1.2.13.jar:/home/runner/.m2/repository/javax/activation/activation/1.1.1/activation-1.1.1.jar:/home/runner/.m2/repository/org/apache/ozone/ozone-csi/1.3.0-SNAPSHOT/ozone-csi-1.3.0-SNAPSHOT.jar:/home/runner/.m2/repository/com/google/protobuf/protobuf-java-util/3.12.0/protobuf-java-util-3.12.0.jar:/home/runner/.m2/repository/com/google/code/gson/gson/2.2.4/gson-2.2.4.jar:/home/runner/.m2/repository/org/apache/ozone/hdds-config/1.3.0-SNAPSHOT/hdds-config-1.3.0-SNAPSHOT.jar:/home/runner/.m2/repository/io/grpc/grpc-netty/1.33.0/grpc-netty-1.33.0.jar:/home/runner/.m2/repository/io/grpc/grpc-core/1.33.0/grpc-core-1.33.0.jar:/home/runner/.m2/repository/com/google/android/annotations/4.1.1.4/annotations-4.1.1.4.jar:/home/runner/.m2/repository/io/netty/netty-codec-http2/4.1.63.Final/netty-codec-http2-4.1.63.Final.jar:/home/runner/.m2/repository/io/netty/netty-codec-http/4.1.63.Final/netty-codec-http-4.1.63.Final.jar:/home/runner/.m2/repository/io/netty/netty-handler-proxy/4.1.63.Final/netty-handler-proxy-4.1.63.Final.jar:/home/runner/.m2/repository/io/netty/netty-codec-socks/4.1.63.Final/netty-codec-socks-4.1.63.Final.jar:/home/runner/.m2/repository/io/perfmark/perfmark-api/0.19.0/perfmark-api-0.19.0.jar:/home/runner/.m2/repository/org/codehaus/mojo/animal-sniffer-annotations/1.18/animal-sniffer-annotations-1.18.jar:/home/runner/.m2/repository/io/netty/netty-transport-native-epoll/4.1.63.Final/netty-transport-native-epoll-4.1.63.Final.jar:/home/runner/.m2/repository/io/netty/netty-common/4.1.63.Final/netty-common-4.1.63.Final.jar:/home/runner/.m2/repository/io/netty/netty-buffer/4.1.63.Final/netty-buffer-4.1.63.Final.jar:/home/runner/.m2/repository/io/netty/netty-transport-native-unix-common/4.1.63.Final/netty-transport-native-unix-common-4.1.63.Final.jar:/home/runner/.m2/repository/io/grpc/grpc-protobuf/1.33.0/grpc-protobuf-1.33.0.jar:/home/runner/.m2/repository/io/grpc/grpc-api/1.33.0/grpc-api-1.33.0.jar:/home/runner/.m2/repository/io/grpc/grpc-context/1.33.0/grpc-context-1.33.0.jar:/home/runner/.m2/repository/com/google/api/grpc/proto-google-common-protos/1.17.0/proto-google-common-protos-1.17.0.jar:/home/runner/.m2/repository/io/grpc/grpc-protobuf-lite/1.33.0/grpc-protobuf-lite-1.33.0.jar:/home/runner/.m2/repository/io/grpc/grpc-stub/1.33.0/grpc-stub-1.33.0.jar:/home/runner/.m2/repository/org/apache/ozone/ozone-recon/1.3.0-SNAPSHOT/ozone-recon-1.3.0-SNAPSHOT.jar:/home/runner/.m2/repository/org/apache/ozone/ozone-reconcodegen/1.3.0-SNAPSHOT/ozone-reconcodegen-1.3.0-SNAPSHOT.jar:/home/runner/.m2/repository/com/google/inject/extensions/guice-multibindings/4.0/guice-multibindings-4.0.jar:/home/runner/.m2/repository/com/google/inject/guice/4.0/guice-4.0.jar:/home/runner/.m2/repository/aopalliance/aopalliance/1.0/aopalliance-1.0.jar:/home/runner/.m2/repository/com/google/inject/extensions/guice-assistedinject/4.0/guice-assistedinject-4.0.jar:/home/runner/.m2/repository/com/google/inject/extensions/guice-servlet/4.0/guice-servlet-4.0.jar:/home/runner/.m2/repository/org/glassfish/jersey/containers/jersey-container-servlet/2.33/jersey-container-servlet-2.33.jar:/home/runner/.m2/repository/org/glassfish/hk2/guice-bridge/2.5.0/guice-bridge-2.5.0.jar:/home/runner/.m2/repository/org/glassfish/jersey/core/jersey-server/2.33/jersey-server-2.33.jar:/home/runner/.m2/repository/org/glassfish/jersey/core/jersey-client/2.33/jersey-client-2.33.jar:/home/runner/.m2/repository/jakarta/annotation/jakarta.annotation-api/1.3.5/jakarta.annotation-api-1.3.5.jar:/home/runner/.m2/repository/jakarta/validation/jakarta.validation-api/2.0.2/jakarta.validation-api-2.0.2.jar:/home/runner/.m2/repository/org/glassfish/jersey/media/jersey-media-json-jackson/2.33/jersey-media-json-jackson-2.33.jar:/home/runner/.m2/repository/org/glassfish/jersey/ext/jersey-entity-filtering/2.33/jersey-entity-filtering-2.33.jar:/home/runner/.m2/repository/org/jooq/jooq/3.11.10/jooq-3.11.10.jar:/home/runner/.m2/repository/org/jooq/jooq-meta/3.11.10/jooq-meta-3.11.10.jar:/home/runner/.m2/repository/org/jooq/jooq-codegen/3.11.10/jooq-codegen-3.11.10.jar:/home/runner/.m2/repository/com/jolbox/bonecp/0.8.0.RELEASE/bonecp-0.8.0.RELEASE.jar:/home/runner/.m2/repository/org/apache/derby/derby/10.14.2.0/derby-10.14.2.0.jar:/home/runner/.m2/repository/org/xerial/sqlite-jdbc/3.25.2/sqlite-jdbc-3.25.2.jar:/home/runner/.m2/repository/org/springframework/spring-jdbc/5.2.18.RELEASE/spring-jdbc-5.2.18.RELEASE.jar:/home/runner/.m2/repository/org/springframework/spring-beans/5.2.18.RELEASE/spring-beans-5.2.18.RELEASE.jar:/home/runner/.m2/repository/org/springframework/spring-core/5.2.18.RELEASE/spring-core-5.2.18.RELEASE.jar:/home/runner/.m2/repository/org/springframework/spring-jcl/5.2.18.RELEASE/spring-jcl-5.2.18.RELEASE.jar:/home/runner/.m2/repository/org/springframework/spring-tx/5.2.18.RELEASE/spring-tx-5.2.18.RELEASE.jar:/home/runner/.m2/repository/org/apache/ozone/ozone-client/1.3.0-SNAPSHOT/ozone-client-1.3.0-SNAPSHOT.jar:/home/runner/.m2/repository/org/apache/ozone/ozone-filesystem/1.3.0-SNAPSHOT/ozone-filesystem-1.3.0-SNAPSHOT.jar:/home/runner/.m2/repository/org/apache/ozone/ozone-filesystem-common/1.3.0-SNAPSHOT/ozone-filesystem-common-1.3.0-SNAPSHOT.jar:/home/runner/.m2/repository/org/apache/ozone/ozone-tools/1.3.0-SNAPSHOT/ozone-tools-1.3.0-SNAPSHOT.jar:/home/runner/.m2/repository/org/apache/ratis/ratis-tools/2.2.0/ratis-tools-2.2.0.jar:/home/runner/.m2/repository/com/amazonaws/aws-java-sdk-core/1.12.124/aws-java-sdk-core-1.12.124.jar:/home/runner/.m2/repository/org/apache/httpcomponents/httpclient/4.5.13/httpclient-4.5.13.jar:/home/runner/.m2/repository/org/apache/httpcomponents/httpcore/4.4.13/httpcore-4.4.13.jar:/home/runner/.m2/repository/software/amazon/ion/ion-java/1.0.2/ion-java-1.0.2.jar:/home/runner/.m2/repository/com/fasterxml/jackson/dataformat/jackson-dataformat-cbor/2.12.1/jackson-dataformat-cbor-2.12.1.jar:/home/runner/.m2/repository/joda-time/joda-time/2.8.1/joda-time-2.8.1.jar:/home/runner/.m2/repository/com/amazonaws/aws-java-sdk-s3/1.12.124/aws-java-sdk-s3-1.12.124.jar:/home/runner/.m2/repository/com/amazonaws/aws-java-sdk-kms/1.12.124/aws-java-sdk-kms-1.12.124.jar:/home/runner/.m2/repository/com/amazonaws/jmespath-java/1.12.124/jmespath-java-1.12.124.jar:/home/runner/.m2/repository/org/kohsuke/metainf-services/metainf-services/1.8/metainf-services-1.8.jar:/home/runner/.m2/repository/org/apache/ozone/hdds-tools/1.3.0-SNAPSHOT/hdds-tools-1.3.0-SNAPSHOT.jar:/home/runner/.m2/repository/commons-cli/commons-cli/1.2/commons-cli-1.2.jar:/home/runner/.m2/repository/org/apache/commons/commons-lang3/3.7/commons-lang3-3.7.jar:/home/runner/.m2/repository/org/apache/ozone/ozone-manager/1.3.0-SNAPSHOT/ozone-manager-1.3.0-SNAPSHOT-tests.jar:/home/runner/.m2/repository/org/apache/ozone/hdds-common/1.3.0-SNAPSHOT/hdds-common-1.3.0-SNAPSHOT-tests.jar:/home/runner/.m2/repository/org/apache/ozone/hdds-hadoop-dependency-client/1.3.0-SNAPSHOT/hdds-hadoop-dependency-client-1.3.0-SNAPSHOT.jar:/home/runner/.m2/repository/info/picocli/picocli/4.6.1/picocli-4.6.1.jar:/home/runner/.m2/repository/com/fasterxml/jackson/core/jackson-annotations/2.12.1/jackson-annotations-2.12.1.jar:/home/runner/.m2/repository/javax/annotation/javax.annotation-api/1.2/javax.annotation-api-1.2.jar:/home/runner/.m2/repository/org/apache/ratis/ratis-server/2.2.0/ratis-server-2.2.0.jar:/home/runner/.m2/repository/org/apache/ratis/ratis-client/2.2.0/ratis-client-2.2.0.jar:/home/runner/.m2/repository/org/apache/ratis/ratis-server-api/2.2.0/ratis-server-api-2.2.0.jar:/home/runner/.m2/repository/org/apache/ratis/ratis-metrics/2.2.0/ratis-metrics-2.2.0.jar:/home/runner/.m2/repository/org/apache/ratis/ratis-netty/2.2.0/ratis-netty-2.2.0.jar:/home/runner/.m2/repository/org/apache/ratis/ratis-grpc/2.2.0/ratis-grpc-2.2.0.jar:/home/runner/.m2/repository/org/apache/logging/log4j/log4j-api/2.17.1/log4j-api-2.17.1.jar:/home/runner/.m2/repository/org/apache/logging/log4j/log4j-core/2.17.1/log4j-core-2.17.1.jar:/home/runner/.m2/repository/com/lmax/disruptor/3.4.2/disruptor-3.4.2.jar:/home/runner/.m2/repository/org/apache/commons/commons-pool2/2.6.0/commons-pool2-2.6.0.jar:/home/runner/.m2/repository/org/bouncycastle/bcpkix-jdk15on/1.67/bcpkix-jdk15on-1.67.jar:/home/runner/.m2/repository/commons-validator/commons-validator/1.6/commons-validator-1.6.jar:/home/runner/.m2/repository/commons-beanutils/commons-beanutils/1.9.4/commons-beanutils-1.9.4.jar:/home/runner/.m2/repository/commons-digester/commons-digester/1.8.1/commons-digester-1.8.1.jar:/home/runner/.m2/repository/commons-collections/commons-collections/3.2.2/commons-collections-3.2.2.jar:/home/runner/.m2/repository/io/jaegertracing/jaeger-client/1.6.0/jaeger-client-1.6.0.jar:/home/runner/.m2/repository/io/jaegertracing/jaeger-thrift/1.6.0/jaeger-thrift-1.6.0.jar:/home/runner/.m2/repository/org/apache/thrift/libthrift/0.14.1/libthrift-0.14.1.jar:/home/runner/.m2/repository/com/squareup/okhttp3/okhttp/4.9.0/okhttp-4.9.0.jar:/home/runner/.m2/repository/com/squareup/okio/okio/2.8.0/okio-2.8.0.jar:/home/runner/.m2/repository/io/jaegertracing/jaeger-core/1.6.0/jaeger-core-1.6.0.jar:/home/runner/.m2/repository/io/jaegertracing/jaeger-tracerresolver/1.6.0/jaeger-tracerresolver-1.6.0.jar:/home/runner/.m2/repository/io/opentracing/contrib/opentracing-tracerresolver/0.1.8/opentracing-tracerresolver-0.1.8.jar:/home/runner/.m2/repository/org/jetbrains/kotlin/kotlin-stdlib/1.4.31/kotlin-stdlib-1.4.31.jar:/home/runner/.m2/repository/org/jetbrains/kotlin/kotlin-stdlib-common/1.4.31/kotlin-stdlib-common-1.4.31.jar:/home/runner/.m2/repository/org/jetbrains/annotations/13.0/annotations-13.0.jar:/home/runner/.m2/repository/io/opentracing/opentracing-util/0.33.0/opentracing-util-0.33.0.jar:/home/runner/.m2/repository/io/opentracing/opentracing-api/0.33.0/opentracing-api-0.33.0.jar:/home/runner/.m2/repository/io/opentracing/opentracing-noop/0.33.0/opentracing-noop-0.33.0.jar:/home/runner/.m2/repository/org/yaml/snakeyaml/1.26/snakeyaml-1.26.jar:/home/runner/.m2/repository/org/apache/ozone/hdds-interface-admin/1.3.0-SNAPSHOT/hdds-interface-admin-1.3.0-SNAPSHOT.jar:/home/runner/.m2/repository/junit/junit/4.13.1/junit-4.13.1.jar:/home/runner/.m2/repository/org/hamcrest/hamcrest-core/1.3/hamcrest-core-1.3.jar:/home/runner/.m2/repository/org/junit/jupiter/junit-jupiter-api/5.7.0/junit-jupiter-api-5.7.0.jar:/home/runner/.m2/repository/org/apiguardian/apiguardian-api/1.1.0/apiguardian-api-1.1.0.jar:/home/runner/.m2/repository/org/opentest4j/opentest4j/1.2.0/opentest4j-1.2.0.jar:/home/runner/.m2/repository/org/junit/platform/junit-platform-commons/1.7.0/junit-platform-commons-1.7.0.jar:/home/runner/.m2/repository/org/junit/jupiter/junit-jupiter-engine/5.7.0/junit-jupiter-engine-5.7.0.jar:/home/runner/.m2/repository/org/junit/platform/junit-platform-engine/1.7.0/junit-platform-engine-1.7.0.jar:/home/runner/.m2/repository/org/junit/vintage/junit-vintage-engine/5.7.0/junit-vintage-engine-5.7.0.jar:/home/runner/.m2/repository/org/junit/platform/junit-platform-launcher/1.7.0/junit-platform-launcher-1.7.0.jar:/home/runner/.m2/repository/org/mockito/mockito-core/2.28.2/mockito-core-2.28.2.jar:/home/runner/.m2/repository/net/bytebuddy/byte-buddy/1.9.10/byte-buddy-1.9.10.jar:/home/runner/.m2/repository/net/bytebuddy/byte-buddy-agent/1.9.10/byte-buddy-agent-1.9.10.jar:/home/runner/.m2/repository/org/objenesis/objenesis/1.0/objenesis-1.0.jar:/home/runner/.m2/repository/org/apache/hadoop/hadoop-kms/3.3.1/hadoop-kms-3.3.1.jar:/home/runner/.m2/repository/org/apache/hadoop/hadoop-auth/3.3.1/hadoop-auth-3.3.1.jar:/home/runner/.m2/repository/com/nimbusds/nimbus-jose-jwt/7.9/nimbus-jose-jwt-7.9.jar:/home/runner/.m2/repository/com/github/stephenc/jcip/jcip-annotations/1.0-1/jcip-annotations-1.0-1.jar:/home/runner/.m2/repository/net/minidev/json-smart/2.4.7/json-smart-2.4.7.jar:/home/runner/.m2/repository/net/minidev/accessors-smart/2.4.7/accessors-smart-2.4.7.jar:/home/runner/.m2/repository/org/ow2/asm/asm/5.0.4/asm-5.0.4.jar:/home/runner/.m2/repository/org/apache/zookeeper/zookeeper/3.5.6/zookeeper-3.5.6.jar:/home/runner/.m2/repository/org/apache/zookeeper/zookeeper-jute/3.5.6/zookeeper-jute-3.5.6.jar:/home/runner/.m2/repository/org/apache/yetus/audience-annotations/0.5.0/audience-annotations-0.5.0.jar:/home/runner/.m2/repository/org/apache/curator/curator-framework/4.2.0/curator-framework-4.2.0.jar:/home/runner/.m2/repository/org/apache/hadoop/thirdparty/hadoop-shaded-guava/1.1.1/hadoop-shaded-guava-1.1.1.jar:/home/runner/.m2/repository/com/sun/jersey/jersey-core/1.19/jersey-core-1.19.jar:/home/runner/.m2/repository/javax/ws/rs/jsr311-api/1.1.1/jsr311-api-1.1.1.jar:/home/runner/.m2/repository/com/sun/jersey/jersey-server/1.19/jersey-server-1.19.jar:/home/runner/.m2/repository/javax/servlet/javax.servlet-api/3.1.0/javax.servlet-api-3.1.0.jar:/home/runner/.m2/repository/org/eclipse/jetty/jetty-server/9.4.43.v20210629/jetty-server-9.4.43.v20210629.jar:/home/runner/.m2/repository/org/eclipse/jetty/jetty-http/9.4.43.v20210629/jetty-http-9.4.43.v20210629.jar:/home/runner/.m2/repository/org/eclipse/jetty/jetty-io/9.4.43.v20210629/jetty-io-9.4.43.v20210629.jar:/home/runner/.m2/repository/org/eclipse/jetty/jetty-webapp/9.4.43.v20210629/jetty-webapp-9.4.43.v20210629.jar:/home/runner/.m2/repository/org/eclipse/jetty/jetty-xml/9.4.43.v20210629/jetty-xml-9.4.43.v20210629.jar:/home/runner/.m2/repository/org/apache/hadoop/hadoop-common/3.3.1/hadoop-common-3.3.1.jar:/home/runner/.m2/repository/org/apache/commons/commons-math3/3.1.1/commons-math3-3.1.1.jar:/home/runner/.m2/repository/commons-net/commons-net/3.6/commons-net-3.6.jar:/home/runner/.m2/repository/jakarta/activation/jakarta.activation-api/1.2.1/jakarta.activation-api-1.2.1.jar:/home/runner/.m2/repository/com/sun/jersey/jersey-servlet/1.19/jersey-servlet-1.19.jar:/home/runner/.m2/repository/com/sun/jersey/jersey-json/1.19/jersey-json-1.19.jar:/home/runner/.m2/repository/org/codehaus/jettison/jettison/1.1/jettison-1.1.jar:/home/runner/.m2/repository/com/sun/xml/bind/jaxb-impl/2.2.3-1/jaxb-impl-2.2.3-1.jar:/home/runner/.m2/repository/org/codehaus/jackson/jackson-jaxrs/1.9.2/jackson-jaxrs-1.9.2.jar:/home/runner/.m2/repository/org/codehaus/jackson/jackson-xc/1.9.2/jackson-xc-1.9.2.jar:/home/runner/.m2/repository/org/apache/commons/commons-configuration2/2.1.1/commons-configuration2-2.1.1.jar:/home/runner/.m2/repository/org/apache/commons/commons-text/1.4/commons-text-1.4.jar:/home/runner/.m2/repository/com/google/re2j/re2j/1.1/re2j-1.1.jar:/home/runner/.m2/repository/com/jcraft/jsch/0.1.54/jsch-0.1.54.jar:/home/runner/.m2/repository/org/apache/curator/curator-client/4.2.0/curator-client-4.2.0.jar:/home/runner/.m2/repository/org/apache/curator/curator-recipes/4.2.0/curator-recipes-4.2.0.jar:/home/runner/.m2/repository/org/apache/kerby/kerb-core/1.0.1/kerb-core-1.0.1.jar:/home/runner/.m2/repository/org/apache/kerby/kerby-pkix/1.0.1/kerby-pkix-1.0.1.jar:/home/runner/.m2/repository/org/apache/kerby/kerby-asn1/1.0.1/kerby-asn1-1.0.1.jar:/home/runner/.m2/repository/org/apache/kerby/kerby-util/1.0.1/kerby-util-1.0.1.jar:/home/runner/.m2/repository/dnsjava/dnsjava/2.1.7/dnsjava-2.1.7.jar:/home/runner/.m2/repository/org/xerial/snappy/snappy-java/1.1.8.2/snappy-java-1.1.8.2.jar:/home/runner/.m2/repository/org/slf4j/jul-to-slf4j/1.7.30/jul-to-slf4j-1.7.30.jar:/home/runner/.m2/repository/org/eclipse/jetty/jetty-util/9.4.43.v20210629/jetty-util-9.4.43.v20210629.jar:/home/runner/.m2/repository/com/fasterxml/jackson/core/jackson-databind/2.12.1/jackson-databind-2.12.1.jar:/home/runner/.m2/repository/org/apache/hadoop/hadoop-kms/3.3.1/hadoop-kms-3.3.1-tests.jar:/home/runner/.m2/repository/org/apache/ozone/hdds-server-scm/1.3.0-SNAPSHOT/hdds-server-scm-1.3.0-SNAPSHOT-tests.jar:/home/runner/.m2/repository/org/apache/ozone/hdds-container-service/1.3.0-SNAPSHOT/hdds-container-service-1.3.0-SNAPSHOT-tests.jar:/home/runner/.m2/repository/commons-codec/commons-codec/1.11/commons-codec-1.11.jar:/home/runner/.m2/repository/io/netty/netty-transport/4.1.63.Final/netty-transport-4.1.63.Final.jar:/home/runner/.m2/repository/io/netty/netty-resolver/4.1.63.Final/netty-resolver-4.1.63.Final.jar:/home/runner/.m2/repository/io/netty/netty-codec/4.1.63.Final/netty-codec-4.1.63.Final.jar:/home/runner/.m2/repository/io/netty/netty-handler/4.1.63.Final/netty-handler-4.1.63.Final.jar:/home/runner/.m2/repository/org/apache/ozone/hdds-hadoop-dependency-test/1.3.0-SNAPSHOT/hdds-hadoop-dependency-test-1.3.0-SNAPSHOT.jar:/home/runner/.m2/repository/org/apache/hadoop/hadoop-common/3.3.1/hadoop-common-3.3.1-tests.jar:/home/runner/.m2/repository/org/assertj/assertj-core/3.12.2/assertj-core-3.12.2.jar:/home/runner/.m2/repository/org/apache/hadoop/hadoop-hdfs/3.3.1/hadoop-hdfs-3.3.1-tests.jar:/home/runner/.m2/repository/org/eclipse/jetty/jetty-util-ajax/9.4.43.v20210629/jetty-util-ajax-9.4.43.v20210629.jar:/home/runner/.m2/repository/commons-daemon/commons-daemon/1.0.13/commons-daemon-1.0.13.jar:/home/runner/.m2/repository/io/netty/netty/3.10.6.Final/netty-3.10.6.Final.jar:/home/runner/.m2/repository/io/netty/netty-all/4.1.63.Final/netty-all-4.1.63.Final.jar:/home/runner/.m2/repository/org/apache/htrace/htrace-core4/4.1.0-incubating/htrace-core4-4.1.0-incubating.jar:/home/runner/.m2/repository/org/fusesource/leveldbjni/leveldbjni-all/1.8/leveldbjni-all-1.8.jar:/home/runner/.m2/repository/org/apache/hadoop/hadoop-distcp/3.3.1/hadoop-distcp-3.3.1.jar:/home/runner/.m2/repository/org/apache/hadoop/hadoop-mapreduce-client-jobclient/3.3.1/hadoop-mapreduce-client-jobclient-3.3.1.jar:/home/runner/.m2/repository/org/apache/hadoop/hadoop-mapreduce-client-common/3.3.1/hadoop-mapreduce-client-common-3.3.1.jar:/home/runner/.m2/repository/org/apache/hadoop/hadoop-yarn-common/3.3.1/hadoop-yarn-common-3.3.1.jar:/home/runner/.m2/repository/org/apache/hadoop/hadoop-yarn-api/3.3.1/hadoop-yarn-api-3.3.1.jar:/home/runner/.m2/repository/com/sun/jersey/jersey-client/1.19/jersey-client-1.19.jar:/home/runner/.m2/repository/com/sun/jersey/contribs/jersey-guice/1.19/jersey-guice-1.19.jar:/home/runner/.m2/repository/com/fasterxml/jackson/jaxrs/jackson-jaxrs-json-provider/2.12.1/jackson-jaxrs-json-provider-2.12.1.jar:/home/runner/.m2/repository/com/fasterxml/jackson/jaxrs/jackson-jaxrs-base/2.12.1/jackson-jaxrs-base-2.12.1.jar:/home/runner/.m2/repository/org/apache/hadoop/hadoop-yarn-client/3.3.1/hadoop-yarn-client-3.3.1.jar:/home/runner/.m2/repository/org/eclipse/jetty/websocket/websocket-client/9.4.40.v20210413/websocket-client-9.4.40.v20210413.jar:/home/runner/.m2/repository/org/eclipse/jetty/jetty-client/9.4.40.v20210413/jetty-client-9.4.40.v20210413.jar:/home/runner/.m2/repository/org/eclipse/jetty/websocket/websocket-common/9.4.40.v20210413/websocket-common-9.4.40.v20210413.jar:/home/runner/.m2/repository/org/eclipse/jetty/websocket/websocket-api/9.4.40.v20210413/websocket-api-9.4.40.v20210413.jar:/home/runner/.m2/repository/org/jline/jline/3.9.0/jline-3.9.0.jar:/home/runner/.m2/repository/org/apache/hadoop/hadoop-mapreduce-client-core/3.3.1/hadoop-mapreduce-client-core-3.3.1.jar:/home/runner/.m2/repository/org/apache/avro/avro/1.7.7/avro-1.7.7.jar:/home/runner/.m2/repository/org/codehaus/jackson/jackson-core-asl/1.9.13/jackson-core-asl-1.9.13.jar:/home/runner/.m2/repository/org/codehaus/jackson/jackson-mapper-asl/1.9.13/jackson-mapper-asl-1.9.13.jar:/home/runner/.m2/repository/com/thoughtworks/paranamer/paranamer/2.3/paranamer-2.3.jar:/home/runner/.m2/repository/org/apache/hadoop/hadoop-annotations/3.3.1/hadoop-annotations-3.3.1.jar:/usr/lib/jvm/temurin-8-jdk-amd64/jre/../lib/tools.jar:/home/runner/.m2/repository/org/apache/hadoop/hadoop-distcp/3.3.1/hadoop-distcp-3.3.1-tests.jar:/home/runner/.m2/repository/org/apache/ratis/ratis-common/2.2.0/ratis-common-2.2.0.jar:/home/runner/.m2/repository/org/apache/ratis/ratis-thirdparty-misc/0.7.0/ratis-thirdparty-misc-0.7.0.jar:/home/runner/.m2/repository/org/apache/ratis/ratis-proto/2.2.0/ratis-proto-2.2.0.jar:"/>
    <property name="sun.cpu.endian" value="little"/>
    <property name="user.home" value="/home/runner"/>
    <property name="user.language" value="en"/>
    <property name="java.specification.vendor" value="Oracle Corporation"/>
    <property name="java.home" value="/usr/lib/jvm/temurin-8-jdk-amd64/jre"/>
    <property name="java.security.krb5.conf" value="/home/runner/work/ozone/ozone/hadoop-ozone/integration-test/target/test-classes/krb5.conf"/>
    <property name="basedir" value="/home/runner/work/ozone/ozone/hadoop-ozone/integration-test"/>
    <property name="file.separator" value="/"/>
    <property name="line.separator" value="&#10;"/>
    <property name="java.vm.specification.vendor" value="Oracle Corporation"/>
    <property name="java.specification.name" value="Java Platform API Specification"/>
    <property name="java.awt.graphicsenv" value="sun.awt.X11GraphicsEnvironment"/>
    <property name="skip.installnpx" value="true"/>
    <property name="surefire.real.class.path" value="/home/runner/work/ozone/ozone/hadoop-ozone/integration-test/target/surefire/surefirebooter7765784319850238961.jar:/home/runner/.m2/repository/org/jacoco/org.jacoco.agent/0.8.5/org.jacoco.agent-0.8.5-runtime.jar"/>
    <property name="hadoop.log.dir" value="/home/runner/work/ozone/ozone/hadoop-ozone/integration-test/target/log"/>
    <property name="sun.boot.class.path" value="/usr/lib/jvm/temurin-8-jdk-amd64/jre/lib/resources.jar:/usr/lib/jvm/temurin-8-jdk-amd64/jre/lib/rt.jar:/usr/lib/jvm/temurin-8-jdk-amd64/jre/lib/sunrsasign.jar:/usr/lib/jvm/temurin-8-jdk-amd64/jre/lib/jsse.jar:/usr/lib/jvm/temurin-8-jdk-amd64/jre/lib/jce.jar:/usr/lib/jvm/temurin-8-jdk-amd64/jre/lib/charsets.jar:/usr/lib/jvm/temurin-8-jdk-amd64/jre/lib/jfr.jar:/usr/lib/jvm/temurin-8-jdk-amd64/jre/classes"/>
    <property name="sun.management.compiler" value="HotSpot 64-Bit Tiered Compilers"/>
    <property name="skip.npx" value="true"/>
    <property name="java.runtime.version" value="1.8.0_312-b07"/>
    <property name="java.net.preferIPv4Stack" value="true"/>
    <property name="user.name" value="runner"/>
    <property name="path.separator" value=":"/>
    <property name="java.security.egd" value="file:///dev/urandom"/>
    <property name="os.version" value="5.4.0-1068-azure"/>
    <property name="java.endorsed.dirs" value="/usr/lib/jvm/temurin-8-jdk-amd64/jre/lib/endorsed"/>
    <property name="java.runtime.name" value="OpenJDK Runtime Environment"/>
    <property name="file.encoding" value="UTF-8"/>
    <property name="java.vm.name" value="OpenJDK 64-Bit Server VM"/>
    <property name="test.build.webapps" value=""/>
    <property name="localRepository" value="/home/runner/.m2/repository"/>
    <property name="java.vendor.url.bug" value="https://github.com/adoptium/adoptium-support/issues"/>
    <property name="java.io.tmpdir" value="/tmp"/>
    <property name="require.test.libhadoop" value=""/>
    <property name="java.version" value="1.8.0_312"/>
    <property name="user.dir" value="/home/runner/work/ozone/ozone/hadoop-ozone/integration-test"/>
    <property name="os.arch" value="amd64"/>
    <property name="java.vm.specification.name" value="Java Virtual Machine Specification"/>
    <property name="test.build.classes" value="/home/runner/work/ozone/ozone/hadoop-ozone/integration-test/target/test-classes"/>
    <property name="java.awt.printerjob" value="sun.print.PSPrinterJob"/>
    <property name="sun.os.patch.level" value="unknown"/>
    <property name="hadoop.tmp.dir" value="/home/runner/work/ozone/ozone/hadoop-ozone/integration-test/target/tmp"/>
    <property name="java.library.path" value="/usr/java/packages/lib/amd64:/usr/lib64:/lib64:/lib:/usr/lib"/>
    <property name="java.vm.info" value="mixed mode"/>
    <property name="java.vendor" value="Temurin"/>
    <property name="java.vm.version" value="25.312-b07"/>
    <property name="java.ext.dirs" value="/usr/lib/jvm/temurin-8-jdk-amd64/jre/lib/ext:/usr/java/packages/lib/ext"/>
    <property name="sun.io.unicode.encoding" value="UnicodeLittle"/>
    <property name="java.class.version" value="52.0"/>
  </properties>
  <testcase name="testMultipleDataDirs" classname="org.apache.hadoop.ozone.TestMiniOzoneCluster" time="30.257"/>
  <testcase name="testStartMultipleDatanodes" classname="org.apache.hadoop.ozone.TestMiniOzoneCluster" time="80.362">
    <error message="test timed out after 60000 milliseconds" type="org.junit.runners.model.TestTimedOutException">org.junit.runners.model.TestTimedOutException: test timed out after 60000 milliseconds
	at java.lang.Thread.sleep(Native Method)
	at org.apache.ozone.test.GenericTestUtils.waitFor(GenericTestUtils.java:218)
	at org.apache.hadoop.ozone.MiniOzoneClusterImpl.waitForClusterToBeReady(MiniOzoneClusterImpl.java:212)
	at org.apache.hadoop.ozone.TestMiniOzoneCluster.testStartMultipleDatanodes(TestMiniOzoneCluster.java:119)
	at sun.reflect.NativeMethodAccessorImpl.invoke0(Native Method)
	at sun.reflect.NativeMethodAccessorImpl.invoke(NativeMethodAccessorImpl.java:62)
	at sun.reflect.DelegatingMethodAccessorImpl.invoke(DelegatingMethodAccessorImpl.java:43)
	at java.lang.reflect.Method.invoke(Method.java:498)
	at org.junit.runners.model.FrameworkMethod$1.runReflectiveCall(FrameworkMethod.java:59)
	at org.junit.internal.runners.model.ReflectiveCallable.run(ReflectiveCallable.java:12)
	at org.junit.runners.model.FrameworkMethod.invokeExplosively(FrameworkMethod.java:56)
	at org.junit.internal.runners.statements.InvokeMethod.evaluate(InvokeMethod.java:17)
	at org.junit.internal.runners.statements.FailOnTimeout$CallableStatement.call(FailOnTimeout.java:288)
	at org.junit.internal.runners.statements.FailOnTimeout$CallableStatement.call(FailOnTimeout.java:282)
	at java.util.concurrent.FutureTask.run(FutureTask.java:266)
	at java.lang.Thread.run(Thread.java:748)
</error>
    <system-out><![CDATA[2022-02-15 15:40:32,809 [Time-limited test] WARN  server.ServerUtils (ServerUtils.java:getScmDbDir(148)) - ozone.scm.db.dirs is not configured. We recommend adding this setting. Falling back to ozone.metadata.dirs instead.
2022-02-15 15:40:32,812 [Time-limited test] INFO  ha.SCMHANodeDetails (SCMHANodeDetails.java:loadSCMHAConfig(157)) - ServiceID for StorageContainerManager is null
2022-02-15 15:40:32,812 [Time-limited test] INFO  ha.SCMHANodeDetails (SCMHANodeDetails.java:loadSCMHAConfig(162)) - ozone.scm.default.service.id is not defined, falling back to ozone.scm.service.ids to find serviceID for StorageContainerManager if it is HA enabled cluster
2022-02-15 15:40:32,813 [Time-limited test] INFO  server.RaftServer (ConfUtils.java:logGet(44)) - raft.rpc.type = GRPC (default)
2022-02-15 15:40:32,814 [Time-limited test] INFO  grpc.GrpcFactory (GrpcFactory.java:checkPooledByteBufAllocatorUseCacheForAllThreads(48)) - PERFORMANCE WARNING: useCacheForAllThreads is true that may cause Netty to create a lot garbage objects and, as a result, trigger GC.
	It is recommended to disable useCacheForAllThreads by setting -Dorg.apache.ratis.thirdparty.io.netty.allocator.useCacheForAllThreads=false in command line.
2022-02-15 15:40:32,814 [Time-limited test] INFO  grpc.GrpcConfigKeys (ConfUtils.java:logGet(44)) - raft.grpc.admin.port = -1 (default)
2022-02-15 15:40:32,814 [Time-limited test] INFO  grpc.GrpcConfigKeys (ConfUtils.java:logGet(44)) - raft.grpc.server.port = 9894 (custom)
2022-02-15 15:40:32,814 [Time-limited test] INFO  grpc.GrpcConfigKeys (ConfUtils.java:logGet(44)) - raft.grpc.client.port = -1 (default)
2022-02-15 15:40:32,814 [Time-limited test] INFO  grpc.GrpcConfigKeys (ConfUtils.java:logGet(44)) - raft.grpc.server.port = 9894 (custom)
2022-02-15 15:40:32,817 [Time-limited test] INFO  grpc.GrpcConfigKeys (ConfUtils.java:logGet(44)) - raft.grpc.server.port = 9894 (custom)
2022-02-15 15:40:32,817 [Time-limited test] INFO  server.GrpcService (ConfUtils.java:logGet(44)) - raft.grpc.message.size.max = 32m (=33554432) (custom)
2022-02-15 15:40:32,817 [Time-limited test] INFO  server.RaftServerConfigKeys (ConfUtils.java:logGet(44)) - raft.server.log.appender.buffer.byte-limit = 33554432 (custom)
2022-02-15 15:40:32,817 [Time-limited test] INFO  server.GrpcService (ConfUtils.java:logGet(44)) - raft.grpc.flow.control.window = 1MB (=1048576) (default)
2022-02-15 15:40:32,817 [Time-limited test] INFO  server.RaftServerConfigKeys (ConfUtils.java:logGet(44)) - raft.server.rpc.request.timeout = 30000ms (custom)
2022-02-15 15:40:32,819 [Time-limited test] INFO  impl.DataStreamServerImpl (ConfUtils.java:logGet(44)) - raft.datastream.type = DISABLED (default)
2022-02-15 15:40:32,819 [Time-limited test] INFO  server.RaftServerConfigKeys (ConfUtils.java:logGet(44)) - raft.server.rpc.slowness.timeout = 120000ms (custom)
2022-02-15 15:40:32,819 [Time-limited test] INFO  server.RaftServerConfigKeys (ConfUtils.java:logGet(44)) - raft.server.leaderelection.leader.step-down.wait-time = 10s (default)
2022-02-15 15:40:32,819 [Time-limited test] INFO  server.RaftServerConfigKeys (ConfUtils.java:logGet(44)) - raft.server.storage.dir = [/home/runner/work/ozone/ozone/hadoop-ozone/integration-test/target/test-dir/MiniOzoneClusterImpl-53bdd20c-eac6-4b45-944c-4408c9f6695f/ozone-meta/scm-ha] (custom)
2022-02-15 15:40:32,823 [Time-limited test] INFO  server.RaftServer (RaftServerProxy.java:addNew(95)) - 06d727d5-e762-4bdb-a8d8-e52cb7a870a2: addNew group-4408C9F6695F:[06d727d5-e762-4bdb-a8d8-e52cb7a870a2|rpc:fv-az50-524:9894|priority:0] returns group-4408C9F6695F:java.util.concurrent.CompletableFuture@61919f44[Not completed]
2022-02-15 15:40:32,824 [pool-78-thread-1] INFO  server.RaftServer$Division (RaftServerImpl.java:<init>(184)) - 06d727d5-e762-4bdb-a8d8-e52cb7a870a2: new RaftServerImpl for group-4408C9F6695F:[06d727d5-e762-4bdb-a8d8-e52cb7a870a2|rpc:fv-az50-524:9894|priority:0] with SCMStateMachine:uninitialized
2022-02-15 15:40:32,824 [pool-78-thread-1] INFO  server.RaftServerConfigKeys (ConfUtils.java:logGet(44)) - raft.server.rpc.timeout.min = 5000ms (custom)
2022-02-15 15:40:32,824 [pool-78-thread-1] INFO  server.RaftServerConfigKeys (ConfUtils.java:logGet(44)) - raft.server.rpc.timeout.max = 5200ms (custom)
2022-02-15 15:40:32,824 [pool-78-thread-1] INFO  server.RaftServerConfigKeys (ConfUtils.java:logGet(44)) - raft.server.rpc.sleep.time = 25ms (default)
2022-02-15 15:40:32,824 [pool-78-thread-1] INFO  server.RaftServerConfigKeys (ConfUtils.java:logGet(44)) - raft.server.rpc.slowness.timeout = 120000ms (custom)
2022-02-15 15:40:32,824 [pool-78-thread-1] INFO  server.RaftServerConfigKeys (ConfUtils.java:logGet(44)) - raft.server.leaderelection.leader.step-down.wait-time = 10s (default)
2022-02-15 15:40:32,824 [pool-78-thread-1] INFO  server.RaftServerConfigKeys (ConfUtils.java:logGet(44)) - raft.server.sleep.deviation.threshold = 300ms (default)
2022-02-15 15:40:32,824 [pool-78-thread-1] INFO  server.RaftServerConfigKeys (ConfUtils.java:logGet(44)) - raft.server.log.appender.install.snapshot.enabled = false (custom)
2022-02-15 15:40:32,825 [pool-78-thread-1] INFO  server.RaftServer$Division (ServerState.java:<init>(105)) - 06d727d5-e762-4bdb-a8d8-e52cb7a870a2@group-4408C9F6695F: ConfigurationManager, init=-1: [06d727d5-e762-4bdb-a8d8-e52cb7a870a2|rpc:fv-az50-524:9894|priority:0], old=null, confs=<EMPTY_MAP>
2022-02-15 15:40:32,825 [pool-78-thread-1] INFO  server.RaftServerConfigKeys (ConfUtils.java:logGet(44)) - raft.server.storage.dir = [/home/runner/work/ozone/ozone/hadoop-ozone/integration-test/target/test-dir/MiniOzoneClusterImpl-53bdd20c-eac6-4b45-944c-4408c9f6695f/ozone-meta/scm-ha] (custom)
2022-02-15 15:40:32,825 [pool-78-thread-1] INFO  server.RaftServerConfigKeys (ConfUtils.java:logGet(44)) - raft.server.log.corruption.policy = EXCEPTION (default)
2022-02-15 15:40:32,825 [pool-78-thread-1] INFO  server.RaftServerConfigKeys (ConfUtils.java:logGet(44)) - raft.server.storage.free-space.min = 0MB (=0) (default)
2022-02-15 15:40:32,825 [pool-78-thread-1] INFO  storage.RaftStorageDirectory (RaftStorageDirectoryImpl.java:analyzeStorage(135)) - The storage directory /home/runner/work/ozone/ozone/hadoop-ozone/integration-test/target/test-dir/MiniOzoneClusterImpl-53bdd20c-eac6-4b45-944c-4408c9f6695f/ozone-meta/scm-ha/53bdd20c-eac6-4b45-944c-4408c9f6695f does not exist. Creating ...
2022-02-15 15:40:32,838 [pool-78-thread-1] INFO  storage.RaftStorageDirectory (RaftStorageDirectoryImpl.java:tryLock(230)) - Lock on /home/runner/work/ozone/ozone/hadoop-ozone/integration-test/target/test-dir/MiniOzoneClusterImpl-53bdd20c-eac6-4b45-944c-4408c9f6695f/ozone-meta/scm-ha/53bdd20c-eac6-4b45-944c-4408c9f6695f/in_use.lock acquired by nodename 24416@fv-az50-524
2022-02-15 15:40:32,841 [pool-78-thread-1] INFO  storage.RaftStorage (RaftStorageImpl.java:format(89)) - Storage directory /home/runner/work/ozone/ozone/hadoop-ozone/integration-test/target/test-dir/MiniOzoneClusterImpl-53bdd20c-eac6-4b45-944c-4408c9f6695f/ozone-meta/scm-ha/53bdd20c-eac6-4b45-944c-4408c9f6695f has been successfully formatted.
2022-02-15 15:40:32,841 [pool-78-thread-1] INFO  server.RaftServerConfigKeys (ConfUtils.java:logGet(44)) - raft.server.notification.no-leader.timeout = 60s (default)
2022-02-15 15:40:32,841 [pool-78-thread-1] INFO  server.RaftServerConfigKeys (ConfUtils.java:logGet(44)) - raft.server.log.use.memory = false (default)
2022-02-15 15:40:32,841 [pool-78-thread-1] INFO  server.RaftServerConfigKeys (ConfUtils.java:logGet(44)) - raft.server.log.purge.gap = 1000000 (custom)
2022-02-15 15:40:32,841 [pool-78-thread-1] INFO  server.RaftServerConfigKeys (ConfUtils.java:logGet(44)) - raft.server.log.appender.buffer.byte-limit = 33554432 (custom)
2022-02-15 15:40:32,841 [pool-78-thread-1] INFO  server.RaftServerConfigKeys (ConfUtils.java:logGet(44)) - raft.server.log.segment.size.max = 4194304 (custom)
2022-02-15 15:40:32,842 [pool-78-thread-1] INFO  server.RaftServerConfigKeys (ConfUtils.java:logGet(44)) - raft.server.log.segment.cache.num.max = 2 (custom)
2022-02-15 15:40:32,842 [pool-78-thread-1] INFO  server.RaftServerConfigKeys (ConfUtils.java:logGet(44)) - raft.server.log.segment.cache.size.max = 200MB (=209715200) (default)
2022-02-15 15:40:32,842 [pool-78-thread-1] INFO  segmented.SegmentedRaftLogWorker (SegmentedRaftLogWorker.java:<init>(182)) - new 06d727d5-e762-4bdb-a8d8-e52cb7a870a2@group-4408C9F6695F-SegmentedRaftLogWorker for RaftStorageImpl:Storage Directory /home/runner/work/ozone/ozone/hadoop-ozone/integration-test/target/test-dir/MiniOzoneClusterImpl-53bdd20c-eac6-4b45-944c-4408c9f6695f/ozone-meta/scm-ha/53bdd20c-eac6-4b45-944c-4408c9f6695f
2022-02-15 15:40:32,842 [pool-78-thread-1] INFO  server.RaftServerConfigKeys (ConfUtils.java:logGet(44)) - raft.server.log.queue.byte-limit = 64MB (=67108864) (default)
2022-02-15 15:40:32,842 [pool-78-thread-1] INFO  server.RaftServerConfigKeys (ConfUtils.java:logGet(44)) - raft.server.log.queue.element-limit = 4096 (default)
2022-02-15 15:40:32,842 [pool-78-thread-1] INFO  server.RaftServerConfigKeys (ConfUtils.java:logGet(44)) - raft.server.log.segment.size.max = 4194304 (custom)
2022-02-15 15:40:32,842 [pool-78-thread-1] INFO  server.RaftServerConfigKeys (ConfUtils.java:logGet(44)) - raft.server.log.preallocated.size = 4194304 (custom)
2022-02-15 15:40:32,842 [pool-78-thread-1] INFO  server.RaftServerConfigKeys (ConfUtils.java:logGet(44)) - raft.server.log.force.sync.num = 128 (default)
2022-02-15 15:40:32,842 [pool-78-thread-1] INFO  server.RaftServerConfigKeys (ConfUtils.java:logGet(44)) - raft.server.log.statemachine.data.sync = true (default)
2022-02-15 15:40:32,842 [pool-78-thread-1] INFO  server.RaftServerConfigKeys (ConfUtils.java:logGet(44)) - raft.server.log.statemachine.data.sync.timeout = 10s (default)
2022-02-15 15:40:32,842 [pool-78-thread-1] INFO  server.RaftServerConfigKeys (ConfUtils.java:logGet(44)) - raft.server.log.statemachine.data.sync.timeout.retry = -1 (default)
2022-02-15 15:40:32,846 [pool-78-thread-1] INFO  server.RaftServerConfigKeys (ConfUtils.java:logGet(44)) - raft.server.log.write.buffer.size = 64KB (=65536) (default)
2022-02-15 15:40:32,846 [pool-78-thread-1] INFO  server.RaftServerConfigKeys (ConfUtils.java:logGet(44)) - raft.server.log.statemachine.data.caching.enabled = false (default)
2022-02-15 15:40:32,847 [pool-78-thread-1] INFO  segmented.SegmentedRaftLogWorker (SegmentedRaftLogWorker.java:lambda$new$0(133)) - 06d727d5-e762-4bdb-a8d8-e52cb7a870a2@group-4408C9F6695F-SegmentedRaftLogWorker: flushIndex: setUnconditionally 0 -> -1
2022-02-15 15:40:32,847 [pool-78-thread-1] INFO  segmented.SegmentedRaftLogWorker (SegmentedRaftLogWorker.java:lambda$new$0(133)) - 06d727d5-e762-4bdb-a8d8-e52cb7a870a2@group-4408C9F6695F-SegmentedRaftLogWorker: safeCacheEvictIndex: setUnconditionally 0 -> -1
2022-02-15 15:40:32,851 [pool-78-thread-1] INFO  server.RaftServerConfigKeys (ConfUtils.java:logGet(44)) - raft.server.snapshot.auto.trigger.enabled = true (custom)
2022-02-15 15:40:32,851 [pool-78-thread-1] INFO  server.RaftServerConfigKeys (ConfUtils.java:logGet(44)) - raft.server.snapshot.auto.trigger.threshold = 1000 (custom)
2022-02-15 15:40:32,851 [pool-78-thread-1] INFO  server.RaftServerConfigKeys (ConfUtils.java:logGet(44)) - raft.server.snapshot.retention.file.num = -1 (default)
2022-02-15 15:40:32,852 [pool-78-thread-1] INFO  server.RaftServerConfigKeys (ConfUtils.java:logGet(44)) - raft.server.log.purge.upto.snapshot.index = false (default)
2022-02-15 15:40:32,852 [pool-78-thread-1] INFO  server.RaftServerConfigKeys (ConfUtils.java:logGet(44)) - raft.server.retrycache.expirytime = 60000ms (default)
2022-02-15 15:40:32,852 [pool-78-thread-1] INFO  server.RaftServerConfigKeys (ConfUtils.java:logGet(44)) - raft.server.retrycache.statistics.expirytime = 100μs (default)
2022-02-15 15:40:32,853 [Time-limited test] INFO  server.RaftServer$Division (RaftServerImpl.java:start(301)) - 06d727d5-e762-4bdb-a8d8-e52cb7a870a2@group-4408C9F6695F: start as a follower, conf=-1: [06d727d5-e762-4bdb-a8d8-e52cb7a870a2|rpc:fv-az50-524:9894|priority:0], old=null
2022-02-15 15:40:32,853 [Time-limited test] INFO  server.RaftServer$Division (RaftServerImpl.java:setRole(290)) - 06d727d5-e762-4bdb-a8d8-e52cb7a870a2@group-4408C9F6695F: changes role from      null to FOLLOWER at term 0 for startAsFollower
2022-02-15 15:40:32,853 [Time-limited test] INFO  impl.RoleInfo (RoleInfo.java:updateAndGet(130)) - 06d727d5-e762-4bdb-a8d8-e52cb7a870a2: start 06d727d5-e762-4bdb-a8d8-e52cb7a870a2@group-4408C9F6695F-FollowerState
2022-02-15 15:40:32,855 [Time-limited test] INFO  util.JmxRegister (JmxRegister.java:tryRegister(44)) - Successfully registered JMX Bean with object name Ratis:service=RaftServer,group=group-4408C9F6695F,id=06d727d5-e762-4bdb-a8d8-e52cb7a870a2
2022-02-15 15:40:32,863 [Time-limited test] INFO  server.RaftServer (RaftServerProxy.java:lambda$start$5(374)) - 06d727d5-e762-4bdb-a8d8-e52cb7a870a2: start RPC server
2022-02-15 15:40:32,868 [Time-limited test] INFO  server.GrpcService (GrpcService.java:startImpl(253)) - 06d727d5-e762-4bdb-a8d8-e52cb7a870a2: GrpcService started, listening on 9894
2022-02-15 15:40:32,868 [org.apache.ratis.util.JvmPauseMonitor$$Lambda$431/1795495935@44bcf25d] INFO  util.JvmPauseMonitor (JvmPauseMonitor.java:run(103)) - JvmPauseMonitor-06d727d5-e762-4bdb-a8d8-e52cb7a870a2: Started
2022-02-15 15:40:38,002 [06d727d5-e762-4bdb-a8d8-e52cb7a870a2@group-4408C9F6695F-FollowerState] INFO  impl.FollowerState (FollowerState.java:run(134)) - 06d727d5-e762-4bdb-a8d8-e52cb7a870a2@group-4408C9F6695F-FollowerState: change to CANDIDATE, lastRpcElapsedTime:5148447864ns, electionTimeout:5146ms
2022-02-15 15:40:38,002 [06d727d5-e762-4bdb-a8d8-e52cb7a870a2@group-4408C9F6695F-FollowerState] INFO  impl.RoleInfo (RoleInfo.java:shutdownFollowerState(108)) - 06d727d5-e762-4bdb-a8d8-e52cb7a870a2: shutdown 06d727d5-e762-4bdb-a8d8-e52cb7a870a2@group-4408C9F6695F-FollowerState
2022-02-15 15:40:38,002 [06d727d5-e762-4bdb-a8d8-e52cb7a870a2@group-4408C9F6695F-FollowerState] INFO  server.RaftServer$Division (RaftServerImpl.java:setRole(290)) - 06d727d5-e762-4bdb-a8d8-e52cb7a870a2@group-4408C9F6695F: changes role from  FOLLOWER to CANDIDATE at term 0 for changeToCandidate
2022-02-15 15:40:38,002 [06d727d5-e762-4bdb-a8d8-e52cb7a870a2@group-4408C9F6695F-FollowerState] INFO  server.RaftServerConfigKeys (ConfUtils.java:logGet(44)) - raft.server.leaderelection.pre-vote = false (custom)
2022-02-15 15:40:38,002 [06d727d5-e762-4bdb-a8d8-e52cb7a870a2@group-4408C9F6695F-FollowerState] INFO  impl.RoleInfo (RoleInfo.java:updateAndGet(130)) - 06d727d5-e762-4bdb-a8d8-e52cb7a870a2: start 06d727d5-e762-4bdb-a8d8-e52cb7a870a2@group-4408C9F6695F-LeaderElection4
2022-02-15 15:40:38,013 [06d727d5-e762-4bdb-a8d8-e52cb7a870a2@group-4408C9F6695F-LeaderElection4] INFO  impl.LeaderElection (LeaderElection.java:askForVotes(306)) - 06d727d5-e762-4bdb-a8d8-e52cb7a870a2@group-4408C9F6695F-LeaderElection4 ELECTION round 0: submit vote requests at term 1 for -1: [06d727d5-e762-4bdb-a8d8-e52cb7a870a2|rpc:fv-az50-524:9894|priority:0], old=null
2022-02-15 15:40:38,014 [06d727d5-e762-4bdb-a8d8-e52cb7a870a2@group-4408C9F6695F-LeaderElection4] INFO  impl.LeaderElection (LeaderElection.java:askForVotes(308)) - 06d727d5-e762-4bdb-a8d8-e52cb7a870a2@group-4408C9F6695F-LeaderElection4 ELECTION round 0: result PASSED (term=1)
2022-02-15 15:40:38,014 [06d727d5-e762-4bdb-a8d8-e52cb7a870a2@group-4408C9F6695F-LeaderElection4] INFO  impl.RoleInfo (RoleInfo.java:shutdownLeaderElection(121)) - 06d727d5-e762-4bdb-a8d8-e52cb7a870a2: shutdown 06d727d5-e762-4bdb-a8d8-e52cb7a870a2@group-4408C9F6695F-LeaderElection4
2022-02-15 15:40:38,015 [06d727d5-e762-4bdb-a8d8-e52cb7a870a2@group-4408C9F6695F-LeaderElection4] INFO  server.RaftServer$Division (RaftServerImpl.java:setRole(290)) - 06d727d5-e762-4bdb-a8d8-e52cb7a870a2@group-4408C9F6695F: changes role from CANDIDATE to LEADER at term 1 for changeToLeader
2022-02-15 15:40:38,015 [06d727d5-e762-4bdb-a8d8-e52cb7a870a2@group-4408C9F6695F-LeaderElection4] INFO  server.RaftServer$Division (ServerState.java:setLeader(285)) - 06d727d5-e762-4bdb-a8d8-e52cb7a870a2@group-4408C9F6695F: change Leader from null to 06d727d5-e762-4bdb-a8d8-e52cb7a870a2 at term 1 for becomeLeader, leader elected after 5174ms
2022-02-15 15:40:38,016 [06d727d5-e762-4bdb-a8d8-e52cb7a870a2@group-4408C9F6695F-LeaderElection4] INFO  server.RaftServerConfigKeys (ConfUtils.java:logGet(44)) - raft.server.staging.catchup.gap = 1000 (default)
2022-02-15 15:40:38,020 [06d727d5-e762-4bdb-a8d8-e52cb7a870a2@group-4408C9F6695F-LeaderElection4] INFO  server.RaftServerConfigKeys (ConfUtils.java:logGet(44)) - raft.server.write.element-limit = 4096 (default)
2022-02-15 15:40:38,020 [06d727d5-e762-4bdb-a8d8-e52cb7a870a2@group-4408C9F6695F-LeaderElection4] INFO  server.RaftServerConfigKeys (ConfUtils.java:logGet(44)) - raft.server.write.byte-limit = 64MB (=67108864) (default)
2022-02-15 15:40:38,027 [06d727d5-e762-4bdb-a8d8-e52cb7a870a2@group-4408C9F6695F-LeaderElection4] INFO  server.RaftServerConfigKeys (ConfUtils.java:logGet(44)) - raft.server.watch.timeout = 10s (default)
2022-02-15 15:40:38,028 [06d727d5-e762-4bdb-a8d8-e52cb7a870a2@group-4408C9F6695F-LeaderElection4] INFO  server.RaftServerConfigKeys (ConfUtils.java:logGet(44)) - raft.server.watch.timeout.denomination = 1s (default)
2022-02-15 15:40:38,028 [06d727d5-e762-4bdb-a8d8-e52cb7a870a2@group-4408C9F6695F-LeaderElection4] INFO  server.RaftServerConfigKeys (ConfUtils.java:logGet(44)) - raft.server.watch.element-limit = 65536 (default)
2022-02-15 15:40:38,028 [06d727d5-e762-4bdb-a8d8-e52cb7a870a2@group-4408C9F6695F-LeaderElection4] INFO  server.RaftServerConfigKeys (ConfUtils.java:logGet(44)) - raft.server.write.element-limit = 4096 (default)
2022-02-15 15:40:38,029 [06d727d5-e762-4bdb-a8d8-e52cb7a870a2@group-4408C9F6695F-LeaderElection4] INFO  server.RaftServerConfigKeys (ConfUtils.java:logGet(44)) - raft.server.write.follower.gap.ratio.max = -1.0 (default)
2022-02-15 15:40:38,029 [06d727d5-e762-4bdb-a8d8-e52cb7a870a2@group-4408C9F6695F-LeaderElection4] INFO  impl.RoleInfo (RoleInfo.java:updateAndGet(130)) - 06d727d5-e762-4bdb-a8d8-e52cb7a870a2: start 06d727d5-e762-4bdb-a8d8-e52cb7a870a2@group-4408C9F6695F-LeaderStateImpl
2022-02-15 15:40:38,032 [06d727d5-e762-4bdb-a8d8-e52cb7a870a2@group-4408C9F6695F-LeaderElection4] INFO  segmented.SegmentedRaftLogWorker (SegmentedRaftLogWorker.java:startLogSegment(394)) - 06d727d5-e762-4bdb-a8d8-e52cb7a870a2@group-4408C9F6695F-SegmentedRaftLogWorker: Starting segment from index:0
2022-02-15 15:40:38,053 [06d727d5-e762-4bdb-a8d8-e52cb7a870a2@group-4408C9F6695F-SegmentedRaftLogWorker] INFO  segmented.SegmentedRaftLogWorker (SegmentedRaftLogWorker.java:execute(601)) - 06d727d5-e762-4bdb-a8d8-e52cb7a870a2@group-4408C9F6695F-SegmentedRaftLogWorker: created new log segment /home/runner/work/ozone/ozone/hadoop-ozone/integration-test/target/test-dir/MiniOzoneClusterImpl-53bdd20c-eac6-4b45-944c-4408c9f6695f/ozone-meta/scm-ha/53bdd20c-eac6-4b45-944c-4408c9f6695f/current/log_inprogress_0
2022-02-15 15:40:38,062 [06d727d5-e762-4bdb-a8d8-e52cb7a870a2@group-4408C9F6695F-LeaderElection4] INFO  server.RaftServer$Division (ServerState.java:setRaftConf(387)) - 06d727d5-e762-4bdb-a8d8-e52cb7a870a2@group-4408C9F6695F: set configuration 0: [06d727d5-e762-4bdb-a8d8-e52cb7a870a2|rpc:fv-az50-524:9894|admin:|client:|dataStream:|priority:0], old=null
2022-02-15 15:40:38,869 [Time-limited test] INFO  server.RaftServer (RaftServerProxy.java:lambda$close$6(391)) - 06d727d5-e762-4bdb-a8d8-e52cb7a870a2: close
2022-02-15 15:40:38,869 [Time-limited test] INFO  server.RaftServer$Division (RaftServerImpl.java:lambda$close$4(412)) - 06d727d5-e762-4bdb-a8d8-e52cb7a870a2@group-4408C9F6695F: shutdown
2022-02-15 15:40:38,869 [Time-limited test] INFO  util.JmxRegister (JmxRegister.java:unregister(73)) - Successfully un-registered JMX Bean with object name Ratis:service=RaftServer,group=group-4408C9F6695F,id=06d727d5-e762-4bdb-a8d8-e52cb7a870a2
2022-02-15 15:40:38,869 [Time-limited test] INFO  impl.RoleInfo (RoleInfo.java:shutdownLeaderState(91)) - 06d727d5-e762-4bdb-a8d8-e52cb7a870a2: shutdown 06d727d5-e762-4bdb-a8d8-e52cb7a870a2@group-4408C9F6695F-LeaderStateImpl
2022-02-15 15:40:38,870 [Time-limited test] INFO  impl.PendingRequests (PendingRequests.java:sendNotLeaderResponses(282)) - 06d727d5-e762-4bdb-a8d8-e52cb7a870a2@group-4408C9F6695F-PendingRequests: sendNotLeaderResponses
2022-02-15 15:40:38,870 [Time-limited test] INFO  impl.StateMachineUpdater (StateMachineUpdater.java:stopAndJoin(149)) - 06d727d5-e762-4bdb-a8d8-e52cb7a870a2@group-4408C9F6695F-StateMachineUpdater: set stopIndex = 0
2022-02-15 15:40:38,871 [06d727d5-e762-4bdb-a8d8-e52cb7a870a2@group-4408C9F6695F-StateMachineUpdater] INFO  impl.StateMachineUpdater (StateMachineUpdater.java:takeSnapshot(281)) - 06d727d5-e762-4bdb-a8d8-e52cb7a870a2@group-4408C9F6695F-StateMachineUpdater: Took a snapshot at index 0
2022-02-15 15:40:38,871 [06d727d5-e762-4bdb-a8d8-e52cb7a870a2@group-4408C9F6695F-StateMachineUpdater] INFO  impl.StateMachineUpdater (StateMachineUpdater.java:lambda$new$0(89)) - 06d727d5-e762-4bdb-a8d8-e52cb7a870a2@group-4408C9F6695F-StateMachineUpdater: snapshotIndex: updateIncreasingly -1 -> 0
2022-02-15 15:40:38,872 [Time-limited test] INFO  server.RaftServer$Division (ServerState.java:close(419)) - 06d727d5-e762-4bdb-a8d8-e52cb7a870a2@group-4408C9F6695F: closes. applyIndex: 0
2022-02-15 15:40:38,872 [06d727d5-e762-4bdb-a8d8-e52cb7a870a2@group-4408C9F6695F-SegmentedRaftLogWorker] INFO  segmented.SegmentedRaftLogWorker (SegmentedRaftLogWorker.java:run(327)) - 06d727d5-e762-4bdb-a8d8-e52cb7a870a2@group-4408C9F6695F-SegmentedRaftLogWorker was interrupted, exiting. There are 0 tasks remaining in the queue.
2022-02-15 15:40:38,873 [Time-limited test] INFO  segmented.SegmentedRaftLogWorker (SegmentedRaftLogWorker.java:close(237)) - 06d727d5-e762-4bdb-a8d8-e52cb7a870a2@group-4408C9F6695F-SegmentedRaftLogWorker close()
2022-02-15 15:40:38,874 [Time-limited test] INFO  server.GrpcService (GrpcService.java:closeImpl(262)) - 06d727d5-e762-4bdb-a8d8-e52cb7a870a2: shutdown server with port 9894 now
2022-02-15 15:40:38,874 [Time-limited test] INFO  server.GrpcService (GrpcService.java:closeImpl(271)) - 06d727d5-e762-4bdb-a8d8-e52cb7a870a2: shutdown server with port 9894 successfully
2022-02-15 15:40:38,875 [org.apache.ratis.util.JvmPauseMonitor$$Lambda$431/1795495935@44bcf25d] INFO  util.JvmPauseMonitor (JvmPauseMonitor.java:run(109)) - JvmPauseMonitor-06d727d5-e762-4bdb-a8d8-e52cb7a870a2: Stopped
2022-02-15 15:40:38,875 [Time-limited test] INFO  ha.SCMHANodeDetails (SCMHANodeDetails.java:loadSCMHAConfig(157)) - ServiceID for StorageContainerManager is null
2022-02-15 15:40:38,875 [Time-limited test] INFO  ha.SCMHANodeDetails (SCMHANodeDetails.java:loadSCMHAConfig(162)) - ozone.scm.default.service.id is not defined, falling back to ozone.scm.service.ids to find serviceID for StorageContainerManager if it is HA enabled cluster
2022-02-15 15:40:38,877 [Time-limited test] WARN  server.ServerUtils (ServerUtils.java:getScmDbDir(148)) - ozone.scm.db.dirs is not configured. We recommend adding this setting. Falling back to ozone.metadata.dirs instead.
2022-02-15 15:40:38,878 [Time-limited test] INFO  upgrade.AbstractLayoutVersionManager (AbstractLayoutVersionManager.java:init(79)) - Initializing Layout version manager with metadata layout = SCM_HA (version = 2), software layout = SCM_HA (version = 2)
2022-02-15 15:40:38,980 [Time-limited test] INFO  reflections.Reflections (Reflections.java:scan(232)) - Reflections took 97 ms to scan 7 urls, producing 119 keys and 279 values 
2022-02-15 15:40:38,993 [Time-limited test] WARN  utils.HAUtils (HAUtils.java:getMetaDir(342)) - ozone.scm.db.dirs is not configured. We recommend adding this setting. Falling back to ozone.metadata.dirs instead.
2022-02-15 15:40:38,996 [Time-limited test] WARN  db.DBStoreBuilder (DBStoreBuilder.java:applyDBDefinition(145)) - ozone.scm.db.dirs is not configured. We recommend adding this setting. Falling back to ozone.metadata.dirs instead.
2022-02-15 15:40:39,086 [Time-limited test] INFO  net.NodeSchemaLoader (NodeSchemaLoader.java:loadSchemaFromFile(129)) - Loading schema from [jar:file:/home/runner/.m2/repository/org/apache/ozone/hdds-common/1.3.0-SNAPSHOT/hdds-common-1.3.0-SNAPSHOT.jar!/network-topology-default.xml]
2022-02-15 15:40:39,086 [Time-limited test] INFO  net.NodeSchemaLoader (NodeSchemaLoader.java:loadSchema(176)) - Loading network topology layer schema file
2022-02-15 15:40:39,099 [Time-limited test] INFO  ha.SCMRatisServerImpl (SCMRatisServerImpl.java:<init>(87)) - starting Raft server for scm:06d727d5-e762-4bdb-a8d8-e52cb7a870a2
2022-02-15 15:40:39,100 [Time-limited test] INFO  server.RaftServer (ConfUtils.java:logGet(44)) - raft.rpc.type = GRPC (default)
2022-02-15 15:40:39,100 [Time-limited test] INFO  grpc.GrpcFactory (GrpcFactory.java:checkPooledByteBufAllocatorUseCacheForAllThreads(48)) - PERFORMANCE WARNING: useCacheForAllThreads is true that may cause Netty to create a lot garbage objects and, as a result, trigger GC.
	It is recommended to disable useCacheForAllThreads by setting -Dorg.apache.ratis.thirdparty.io.netty.allocator.useCacheForAllThreads=false in command line.
2022-02-15 15:40:39,100 [Time-limited test] INFO  grpc.GrpcConfigKeys (ConfUtils.java:logGet(44)) - raft.grpc.admin.port = -1 (default)
2022-02-15 15:40:39,100 [Time-limited test] INFO  grpc.GrpcConfigKeys (ConfUtils.java:logGet(44)) - raft.grpc.server.port = 9894 (custom)
2022-02-15 15:40:39,100 [Time-limited test] INFO  grpc.GrpcConfigKeys (ConfUtils.java:logGet(44)) - raft.grpc.client.port = -1 (default)
2022-02-15 15:40:39,100 [Time-limited test] INFO  grpc.GrpcConfigKeys (ConfUtils.java:logGet(44)) - raft.grpc.server.port = 9894 (custom)
2022-02-15 15:40:39,100 [Time-limited test] INFO  grpc.GrpcConfigKeys (ConfUtils.java:logGet(44)) - raft.grpc.server.port = 9894 (custom)
2022-02-15 15:40:39,101 [Time-limited test] INFO  server.GrpcService (ConfUtils.java:logGet(44)) - raft.grpc.message.size.max = 32m (=33554432) (custom)
2022-02-15 15:40:39,101 [Time-limited test] INFO  server.RaftServerConfigKeys (ConfUtils.java:logGet(44)) - raft.server.log.appender.buffer.byte-limit = 33554432 (custom)
2022-02-15 15:40:39,101 [Time-limited test] INFO  server.GrpcService (ConfUtils.java:logGet(44)) - raft.grpc.flow.control.window = 1MB (=1048576) (default)
2022-02-15 15:40:39,101 [Time-limited test] INFO  server.RaftServerConfigKeys (ConfUtils.java:logGet(44)) - raft.server.rpc.request.timeout = 30000ms (custom)
2022-02-15 15:40:39,102 [Time-limited test] INFO  impl.DataStreamServerImpl (ConfUtils.java:logGet(44)) - raft.datastream.type = DISABLED (default)
2022-02-15 15:40:39,111 [Time-limited test] INFO  server.RaftServerConfigKeys (ConfUtils.java:logGet(44)) - raft.server.rpc.slowness.timeout = 120000ms (custom)
2022-02-15 15:40:39,111 [Time-limited test] INFO  server.RaftServerConfigKeys (ConfUtils.java:logGet(44)) - raft.server.leaderelection.leader.step-down.wait-time = 10s (default)
2022-02-15 15:40:39,112 [Time-limited test] INFO  server.RaftServerConfigKeys (ConfUtils.java:logGet(44)) - raft.server.storage.dir = [/home/runner/work/ozone/ozone/hadoop-ozone/integration-test/target/test-dir/MiniOzoneClusterImpl-53bdd20c-eac6-4b45-944c-4408c9f6695f/ozone-meta/scm-ha] (custom)
2022-02-15 15:40:39,112 [Time-limited test] INFO  server.RaftServer (RaftServerProxy.java:lambda$null$1(235)) - 06d727d5-e762-4bdb-a8d8-e52cb7a870a2: found a subdirectory /home/runner/work/ozone/ozone/hadoop-ozone/integration-test/target/test-dir/MiniOzoneClusterImpl-53bdd20c-eac6-4b45-944c-4408c9f6695f/ozone-meta/scm-ha/53bdd20c-eac6-4b45-944c-4408c9f6695f
2022-02-15 15:40:39,123 [Time-limited test] INFO  server.RaftServer (RaftServerProxy.java:addNew(95)) - 06d727d5-e762-4bdb-a8d8-e52cb7a870a2: addNew group-4408C9F6695F:[] returns group-4408C9F6695F:java.util.concurrent.CompletableFuture@3db4a2f6[Not completed]
2022-02-15 15:40:39,123 [pool-91-thread-1] INFO  server.RaftServer$Division (RaftServerImpl.java:<init>(184)) - 06d727d5-e762-4bdb-a8d8-e52cb7a870a2: new RaftServerImpl for group-4408C9F6695F:[] with SCMStateMachine:uninitialized
2022-02-15 15:40:39,124 [pool-91-thread-1] INFO  server.RaftServerConfigKeys (ConfUtils.java:logGet(44)) - raft.server.rpc.timeout.min = 5000ms (custom)
2022-02-15 15:40:39,124 [pool-91-thread-1] INFO  server.RaftServerConfigKeys (ConfUtils.java:logGet(44)) - raft.server.rpc.timeout.max = 5200ms (custom)
2022-02-15 15:40:39,124 [pool-91-thread-1] INFO  server.RaftServerConfigKeys (ConfUtils.java:logGet(44)) - raft.server.rpc.sleep.time = 25ms (default)
2022-02-15 15:40:39,124 [pool-91-thread-1] INFO  server.RaftServerConfigKeys (ConfUtils.java:logGet(44)) - raft.server.rpc.slowness.timeout = 120000ms (custom)
2022-02-15 15:40:39,124 [pool-91-thread-1] INFO  server.RaftServerConfigKeys (ConfUtils.java:logGet(44)) - raft.server.leaderelection.leader.step-down.wait-time = 10s (default)
2022-02-15 15:40:39,124 [pool-91-thread-1] INFO  server.RaftServerConfigKeys (ConfUtils.java:logGet(44)) - raft.server.sleep.deviation.threshold = 300ms (default)
2022-02-15 15:40:39,124 [pool-91-thread-1] INFO  server.RaftServerConfigKeys (ConfUtils.java:logGet(44)) - raft.server.log.appender.install.snapshot.enabled = false (custom)
2022-02-15 15:40:39,124 [pool-91-thread-1] INFO  server.RaftServer$Division (ServerState.java:<init>(105)) - 06d727d5-e762-4bdb-a8d8-e52cb7a870a2@group-4408C9F6695F: ConfigurationManager, init=-1: [], old=null, confs=<EMPTY_MAP>
2022-02-15 15:40:39,124 [pool-91-thread-1] INFO  server.RaftServerConfigKeys (ConfUtils.java:logGet(44)) - raft.server.storage.dir = [/home/runner/work/ozone/ozone/hadoop-ozone/integration-test/target/test-dir/MiniOzoneClusterImpl-53bdd20c-eac6-4b45-944c-4408c9f6695f/ozone-meta/scm-ha] (custom)
2022-02-15 15:40:39,125 [pool-91-thread-1] INFO  server.RaftServerConfigKeys (ConfUtils.java:logGet(44)) - raft.server.log.corruption.policy = EXCEPTION (default)
2022-02-15 15:40:39,125 [pool-91-thread-1] INFO  server.RaftServerConfigKeys (ConfUtils.java:logGet(44)) - raft.server.storage.free-space.min = 0MB (=0) (default)
2022-02-15 15:40:39,127 [pool-91-thread-1] INFO  storage.RaftStorageDirectory (RaftStorageDirectoryImpl.java:tryLock(230)) - Lock on /home/runner/work/ozone/ozone/hadoop-ozone/integration-test/target/test-dir/MiniOzoneClusterImpl-53bdd20c-eac6-4b45-944c-4408c9f6695f/ozone-meta/scm-ha/53bdd20c-eac6-4b45-944c-4408c9f6695f/in_use.lock acquired by nodename 24416@fv-az50-524
2022-02-15 15:40:39,127 [pool-91-thread-1] INFO  storage.RaftStorage (RaftStorageImpl.java:analyzeAndRecoverStorage(110)) - Read RaftStorageMetadata{term=1, votedFor=06d727d5-e762-4bdb-a8d8-e52cb7a870a2} from /home/runner/work/ozone/ozone/hadoop-ozone/integration-test/target/test-dir/MiniOzoneClusterImpl-53bdd20c-eac6-4b45-944c-4408c9f6695f/ozone-meta/scm-ha/53bdd20c-eac6-4b45-944c-4408c9f6695f/current/raft-meta
2022-02-15 15:40:39,128 [pool-91-thread-1] INFO  server.RaftServer$Division (ServerState.java:setRaftConf(387)) - 06d727d5-e762-4bdb-a8d8-e52cb7a870a2@group-4408C9F6695F: set configuration 0: [06d727d5-e762-4bdb-a8d8-e52cb7a870a2|rpc:fv-az50-524:9894|admin:|client:|dataStream:|priority:0], old=null
2022-02-15 15:40:39,128 [pool-91-thread-1] INFO  server.RaftServerConfigKeys (ConfUtils.java:logGet(44)) - raft.server.notification.no-leader.timeout = 60s (default)
2022-02-15 15:40:39,128 [pool-91-thread-1] INFO  server.RaftServerConfigKeys (ConfUtils.java:logGet(44)) - raft.server.log.use.memory = false (default)
2022-02-15 15:40:39,128 [pool-91-thread-1] INFO  server.RaftServerConfigKeys (ConfUtils.java:logGet(44)) - raft.server.log.purge.gap = 1000000 (custom)
2022-02-15 15:40:39,128 [pool-91-thread-1] INFO  server.RaftServerConfigKeys (ConfUtils.java:logGet(44)) - raft.server.log.appender.buffer.byte-limit = 33554432 (custom)
2022-02-15 15:40:39,128 [pool-91-thread-1] INFO  server.RaftServerConfigKeys (ConfUtils.java:logGet(44)) - raft.server.log.segment.size.max = 4194304 (custom)
2022-02-15 15:40:39,129 [pool-91-thread-1] INFO  server.RaftServerConfigKeys (ConfUtils.java:logGet(44)) - raft.server.log.segment.cache.num.max = 2 (custom)
2022-02-15 15:40:39,129 [pool-91-thread-1] INFO  server.RaftServerConfigKeys (ConfUtils.java:logGet(44)) - raft.server.log.segment.cache.size.max = 200MB (=209715200) (default)
2022-02-15 15:40:39,130 [pool-91-thread-1] INFO  segmented.SegmentedRaftLogWorker (SegmentedRaftLogWorker.java:<init>(182)) - new 06d727d5-e762-4bdb-a8d8-e52cb7a870a2@group-4408C9F6695F-SegmentedRaftLogWorker for RaftStorageImpl:Storage Directory /home/runner/work/ozone/ozone/hadoop-ozone/integration-test/target/test-dir/MiniOzoneClusterImpl-53bdd20c-eac6-4b45-944c-4408c9f6695f/ozone-meta/scm-ha/53bdd20c-eac6-4b45-944c-4408c9f6695f
2022-02-15 15:40:39,130 [pool-91-thread-1] INFO  server.RaftServerConfigKeys (ConfUtils.java:logGet(44)) - raft.server.log.queue.byte-limit = 64MB (=67108864) (default)
2022-02-15 15:40:39,130 [pool-91-thread-1] INFO  server.RaftServerConfigKeys (ConfUtils.java:logGet(44)) - raft.server.log.queue.element-limit = 4096 (default)
2022-02-15 15:40:39,130 [pool-91-thread-1] INFO  server.RaftServerConfigKeys (ConfUtils.java:logGet(44)) - raft.server.log.segment.size.max = 4194304 (custom)
2022-02-15 15:40:39,130 [pool-91-thread-1] INFO  server.RaftServerConfigKeys (ConfUtils.java:logGet(44)) - raft.server.log.preallocated.size = 4194304 (custom)
2022-02-15 15:40:39,130 [pool-91-thread-1] INFO  server.RaftServerConfigKeys (ConfUtils.java:logGet(44)) - raft.server.log.force.sync.num = 128 (default)
2022-02-15 15:40:39,130 [pool-91-thread-1] INFO  server.RaftServerConfigKeys (ConfUtils.java:logGet(44)) - raft.server.log.statemachine.data.sync = true (default)
2022-02-15 15:40:39,130 [pool-91-thread-1] INFO  server.RaftServerConfigKeys (ConfUtils.java:logGet(44)) - raft.server.log.statemachine.data.sync.timeout = 10s (default)
2022-02-15 15:40:39,130 [pool-91-thread-1] INFO  server.RaftServerConfigKeys (ConfUtils.java:logGet(44)) - raft.server.log.statemachine.data.sync.timeout.retry = -1 (default)
2022-02-15 15:40:39,133 [pool-91-thread-1] INFO  server.RaftServerConfigKeys (ConfUtils.java:logGet(44)) - raft.server.log.write.buffer.size = 64KB (=65536) (default)
2022-02-15 15:40:39,135 [pool-91-thread-1] INFO  server.RaftServerConfigKeys (ConfUtils.java:logGet(44)) - raft.server.log.statemachine.data.caching.enabled = false (default)
2022-02-15 15:40:39,136 [pool-91-thread-1] INFO  server.RaftServer$Division (ServerState.java:setRaftConf(387)) - 06d727d5-e762-4bdb-a8d8-e52cb7a870a2@group-4408C9F6695F: set configuration 0: [06d727d5-e762-4bdb-a8d8-e52cb7a870a2|rpc:fv-az50-524:9894|admin:|client:|dataStream:|priority:0], old=null
2022-02-15 15:40:39,139 [pool-91-thread-1] INFO  segmented.LogSegment (LogSegment.java:loadSegment(173)) - Successfully read 1 entries from segment file /home/runner/work/ozone/ozone/hadoop-ozone/integration-test/target/test-dir/MiniOzoneClusterImpl-53bdd20c-eac6-4b45-944c-4408c9f6695f/ozone-meta/scm-ha/53bdd20c-eac6-4b45-944c-4408c9f6695f/current/log_inprogress_0
2022-02-15 15:40:39,139 [pool-91-thread-1] INFO  segmented.SegmentedRaftLogWorker (SegmentedRaftLogWorker.java:lambda$new$0(133)) - 06d727d5-e762-4bdb-a8d8-e52cb7a870a2@group-4408C9F6695F-SegmentedRaftLogWorker: flushIndex: setUnconditionally 0 -> 0
2022-02-15 15:40:39,140 [pool-91-thread-1] INFO  segmented.SegmentedRaftLogWorker (SegmentedRaftLogWorker.java:lambda$new$0(133)) - 06d727d5-e762-4bdb-a8d8-e52cb7a870a2@group-4408C9F6695F-SegmentedRaftLogWorker: safeCacheEvictIndex: setUnconditionally 0 -> -1
2022-02-15 15:40:39,147 [pool-91-thread-1] INFO  server.RaftServerConfigKeys (ConfUtils.java:logGet(44)) - raft.server.snapshot.auto.trigger.enabled = true (custom)
2022-02-15 15:40:39,147 [pool-91-thread-1] INFO  server.RaftServerConfigKeys (ConfUtils.java:logGet(44)) - raft.server.snapshot.auto.trigger.threshold = 1000 (custom)
2022-02-15 15:40:39,147 [pool-91-thread-1] INFO  server.RaftServerConfigKeys (ConfUtils.java:logGet(44)) - raft.server.snapshot.retention.file.num = -1 (default)
2022-02-15 15:40:39,147 [pool-91-thread-1] INFO  server.RaftServerConfigKeys (ConfUtils.java:logGet(44)) - raft.server.log.purge.upto.snapshot.index = false (default)
2022-02-15 15:40:39,148 [pool-91-thread-1] INFO  server.RaftServerConfigKeys (ConfUtils.java:logGet(44)) - raft.server.retrycache.expirytime = 60000ms (default)
2022-02-15 15:40:39,148 [pool-91-thread-1] INFO  server.RaftServerConfigKeys (ConfUtils.java:logGet(44)) - raft.server.retrycache.statistics.expirytime = 100μs (default)
2022-02-15 15:40:39,149 [Time-limited test] INFO  ha.SCMSnapshotProvider (SCMSnapshotProvider.java:<init>(66)) - Initializing SCM Snapshot Provider
2022-02-15 15:40:39,149 [Time-limited test] WARN  server.ServerUtils (ServerUtils.java:getDefaultRatisDirectory(237)) - Storage directory for Ratis is not configured. It is a good idea to map this to an SSD disk. Falling back to ozone.metadata.dirs
2022-02-15 15:40:39,149 [Time-limited test] WARN  ha.SCMHAUtils (SCMHAUtils.java:getSCMRatisSnapshotDirectory(146)) - SCM snapshot dir is not configured. Falling back to ozone.metadata.dirs config
2022-02-15 15:40:39,156 [Time-limited test] INFO  ha.SequenceIdGenerator (SequenceIdGenerator.java:upgradeToSequenceId(347)) - upgrade localId to 109611004723200000
2022-02-15 15:40:39,156 [Time-limited test] INFO  ha.SequenceIdGenerator (SequenceIdGenerator.java:upgradeToSequenceId(357)) - upgrade delTxnId to 0
2022-02-15 15:40:39,156 [Time-limited test] INFO  ha.SequenceIdGenerator (SequenceIdGenerator.java:upgradeToSequenceId(371)) - upgrade containerId to 0
2022-02-15 15:40:39,156 [Time-limited test] INFO  ha.SequenceIdGenerator (SequenceIdGenerator.java:<init>(218)) - Init the HA SequenceIdGenerator.
2022-02-15 15:40:39,156 [Time-limited test] WARN  server.ServerUtils (ServerUtils.java:sanitizeUserArgs(73)) - ozone.scm.stale.node.interval value = 300000 is larger than max = 100000 based on the key value of ozone.scm.heartbeat.thread.interval, reset to the max value 100000.
2022-02-15 15:40:39,156 [Time-limited test] WARN  server.ServerUtils (ServerUtils.java:sanitizeUserArgs(73)) - ozone.scm.stale.node.interval value = 300000 is larger than max = 100000 based on the key value of ozone.scm.heartbeat.thread.interval, reset to the max value 100000.
2022-02-15 15:40:39,157 [Time-limited test] INFO  node.SCMNodeManager (SCMNodeManager.java:<init>(144)) - Entering startup safe mode.
2022-02-15 15:40:39,167 [Time-limited test] INFO  algorithms.ContainerPlacementPolicyFactory (ContainerPlacementPolicyFactory.java:getPolicy(60)) - Create container placement policy of type org.apache.hadoop.hdds.scm.container.placement.algorithms.SCMContainerPlacementRandom
2022-02-15 15:40:39,168 [Time-limited test] INFO  pipeline.PipelineStateManagerImpl (PipelineStateManagerImpl.java:initialize(78)) - No pipeline exists in current db
2022-02-15 15:40:39,168 [Time-limited test] INFO  algorithms.LeaderChoosePolicyFactory (LeaderChoosePolicyFactory.java:getPolicy(57)) - Create leader choose policy of type org.apache.hadoop.hdds.scm.pipeline.leader.choose.algorithms.MinLeaderCountChoosePolicy
2022-02-15 15:40:39,168 [Time-limited test] INFO  ha.SCMServiceManager (SCMServiceManager.java:register(43)) - Registering service BackgroundPipelineCreator.
2022-02-15 15:40:39,168 [Time-limited test] INFO  pipeline.BackgroundPipelineCreator (BackgroundPipelineCreator.java:start(130)) - Starting RatisPipelineUtilsThread.
2022-02-15 15:40:39,176 [Time-limited test] INFO  algorithms.PipelineChoosePolicyFactory (PipelineChoosePolicyFactory.java:createPipelineChoosePolicyFromClass(73)) - Create pipeline choose policy of type org.apache.hadoop.hdds.scm.pipeline.choose.algorithms.RandomPipelineChoosePolicy
2022-02-15 15:40:39,176 [Time-limited test] INFO  ha.SCMServiceManager (SCMServiceManager.java:register(43)) - Registering service SCMBlockDeletingService.
2022-02-15 15:40:39,177 [Time-limited test] INFO  ha.SCMServiceManager (SCMServiceManager.java:register(43)) - Registering service ReplicationManager.
2022-02-15 15:40:39,177 [Time-limited test] INFO  container.ReplicationManager (ReplicationManager.java:start(326)) - Starting Replication Monitor Thread.
2022-02-15 15:40:39,188 [Time-limited test] INFO  safemode.ContainerSafeModeRule (ContainerSafeModeRule.java:<init>(89)) - containers with one replica threshold count 0
2022-02-15 15:40:39,188 [Time-limited test] INFO  safemode.HealthyPipelineSafeModeRule (HealthyPipelineSafeModeRule.java:initializeRule(156)) - Total pipeline count is 0, healthy pipeline threshold count is 1
2022-02-15 15:40:39,188 [Time-limited test] INFO  safemode.OneReplicaPipelineSafeModeRule (OneReplicaPipelineSafeModeRule.java:initializeRule(180)) - Total pipeline count is 0, pipeline's with at least one datanode reported threshold count is 0
2022-02-15 15:40:39,195 [Time-limited test] INFO  ipc.CallQueueManager (CallQueueManager.java:<init>(90)) - Using callQueue: class java.util.concurrent.LinkedBlockingQueue, queueCapacity: 2000, scheduler: class org.apache.hadoop.ipc.DefaultRpcScheduler, ipcBackoff: false.
2022-02-15 15:40:39,203 [Socket Reader #1 for port 0] INFO  ipc.Server (Server.java:run(1265)) - Starting Socket Reader #1 for port 0
2022-02-15 15:40:39,212 [Listener at 0.0.0.0/34895] INFO  ipc.CallQueueManager (CallQueueManager.java:<init>(90)) - Using callQueue: class java.util.concurrent.LinkedBlockingQueue, queueCapacity: 2000, scheduler: class org.apache.hadoop.ipc.DefaultRpcScheduler, ipcBackoff: false.
2022-02-15 15:40:39,213 [Socket Reader #1 for port 0] INFO  ipc.Server (Server.java:run(1265)) - Starting Socket Reader #1 for port 0
2022-02-15 15:40:39,218 [Listener at 0.0.0.0/40051] INFO  ipc.CallQueueManager (CallQueueManager.java:<init>(90)) - Using callQueue: class java.util.concurrent.LinkedBlockingQueue, queueCapacity: 2000, scheduler: class org.apache.hadoop.ipc.DefaultRpcScheduler, ipcBackoff: false.
2022-02-15 15:40:39,223 [ReplicationMonitor] INFO  container.ReplicationManager (ReplicationManager.java:processAll(374)) - Replication Manager is not ready to run until 3000ms after safemode exit
2022-02-15 15:40:39,224 [Socket Reader #1 for port 0] INFO  ipc.Server (Server.java:run(1265)) - Starting Socket Reader #1 for port 0
2022-02-15 15:40:39,262 [Listener at 0.0.0.0/33219] INFO  algorithms.ContainerPlacementPolicyFactory (ContainerPlacementPolicyFactory.java:getPolicy(60)) - Create container placement policy of type org.apache.hadoop.hdds.scm.container.placement.algorithms.SCMContainerPlacementRandom
2022-02-15 15:40:39,263 [Listener at 0.0.0.0/33219] INFO  server.StorageContainerManager (StorageContainerManager.java:<init>(388)) - 
Container Balancer status:
Key                            Value
Running                        false
Container Balancer Configuration values:
Key                                                Value
Threshold                                          10
Max Datanodes to Involve per Iteration(percent)    20
Max Size to Move per Iteration                     500GB
Max Size Entering Target per Iteration             26GB
Max Size Leaving Source per Iteration              26GB

2022-02-15 15:40:39,275 [Listener at 0.0.0.0/33219] WARN  events.EventQueue (EventQueue.java:fireEvent(194)) - No event handler registered for event TypedEvent{payloadType=SafeModeStatus, name='Safe mode status'}
2022-02-15 15:40:39,275 [Listener at 0.0.0.0/33219] INFO  ha.SCMContext (SCMContext.java:updateSafeModeStatus(211)) - Update SafeModeStatus from SafeModeStatus{safeModeStatus=true, preCheckPassed=false} to SafeModeStatus{safeModeStatus=true, preCheckPassed=false}.
2022-02-15 15:40:39,275 [Listener at 0.0.0.0/33219] INFO  server.StorageContainerManager (StorageContainerManager.java:start(1303)) - StorageContainerLocationProtocol RPC server is listening at /0.0.0.0:33219
2022-02-15 15:40:39,276 [Listener at 0.0.0.0/33219] INFO  ha.SCMRatisServerImpl (SCMRatisServerImpl.java:start(177)) - starting ratis server 0.0.0.0:9894
2022-02-15 15:40:39,276 [Listener at 0.0.0.0/33219] INFO  server.RaftServer$Division (RaftServerImpl.java:start(301)) - 06d727d5-e762-4bdb-a8d8-e52cb7a870a2@group-4408C9F6695F: start as a follower, conf=0: [06d727d5-e762-4bdb-a8d8-e52cb7a870a2|rpc:fv-az50-524:9894|admin:|client:|dataStream:|priority:0], old=null
2022-02-15 15:40:39,276 [Listener at 0.0.0.0/33219] INFO  server.RaftServer$Division (RaftServerImpl.java:setRole(290)) - 06d727d5-e762-4bdb-a8d8-e52cb7a870a2@group-4408C9F6695F: changes role from      null to FOLLOWER at term 1 for startAsFollower
2022-02-15 15:40:39,276 [Listener at 0.0.0.0/33219] INFO  impl.RoleInfo (RoleInfo.java:updateAndGet(130)) - 06d727d5-e762-4bdb-a8d8-e52cb7a870a2: start 06d727d5-e762-4bdb-a8d8-e52cb7a870a2@group-4408C9F6695F-FollowerState
2022-02-15 15:40:39,278 [Listener at 0.0.0.0/33219] INFO  util.JmxRegister (JmxRegister.java:tryRegister(44)) - Successfully registered JMX Bean with object name Ratis:service=RaftServer,group=group-4408C9F6695F,id=06d727d5-e762-4bdb-a8d8-e52cb7a870a2
2022-02-15 15:40:39,283 [Listener at 0.0.0.0/33219] INFO  server.RaftServer (RaftServerProxy.java:lambda$start$5(374)) - 06d727d5-e762-4bdb-a8d8-e52cb7a870a2: start RPC server
2022-02-15 15:40:39,288 [Listener at 0.0.0.0/33219] INFO  server.GrpcService (GrpcService.java:startImpl(253)) - 06d727d5-e762-4bdb-a8d8-e52cb7a870a2: GrpcService started, listening on 9894
2022-02-15 15:40:39,291 [Listener at 0.0.0.0/33219] INFO  ha.SCMHAManagerImpl (SCMHAManagerImpl.java:start(121)) -  scm role is FOLLOWER peers [06d727d5-e762-4bdb-a8d8-e52cb7a870a2|rpc:fv-az50-524:9894|admin:|client:|dataStream:|priority:0]
2022-02-15 15:40:39,291 [Listener at 0.0.0.0/33219] INFO  ha.InterSCMGrpcService (InterSCMGrpcProtocolService.java:start(94)) - Starting SCM Grpc Service at port 9895
2022-02-15 15:40:39,293 [org.apache.ratis.util.JvmPauseMonitor$$Lambda$431/1795495935@52b3eda1] INFO  util.JvmPauseMonitor (JvmPauseMonitor.java:run(103)) - JvmPauseMonitor-06d727d5-e762-4bdb-a8d8-e52cb7a870a2: Started
2022-02-15 15:40:39,294 [Listener at 0.0.0.0/33219] WARN  impl.MetricsConfig (MetricsConfig.java:loadFirst(136)) - Cannot locate configuration: tried hadoop-metrics2-storagecontainermanager.properties,hadoop-metrics2.properties
2022-02-15 15:40:39,296 [Listener at 0.0.0.0/33219] INFO  impl.MetricsSystemImpl (MetricsSystemImpl.java:startTimer(378)) - Scheduled Metric snapshot period at 10 second(s).
2022-02-15 15:40:39,297 [Listener at 0.0.0.0/33219] INFO  impl.MetricsSystemImpl (MetricsSystemImpl.java:start(191)) - StorageContainerManager metrics system started
2022-02-15 15:40:39,304 [Listener at 0.0.0.0/33219] INFO  impl.MetricsSinkAdapter (MetricsSinkAdapter.java:start(204)) - Sink prometheus started
2022-02-15 15:40:39,308 [Listener at 0.0.0.0/33219] INFO  impl.MetricsSystemImpl (MetricsSystemImpl.java:registerSink(305)) - Registered sink prometheus
2022-02-15 15:40:39,321 [Listener at 0.0.0.0/33219] INFO  server.SCMClientProtocolServer (SCMClientProtocolServer.java:start(165)) - RPC server for Client  is listening at /0.0.0.0:33219
2022-02-15 15:40:39,323 [IPC Server Responder] INFO  ipc.Server (Server.java:run(1507)) - IPC Server Responder: starting
2022-02-15 15:40:39,323 [IPC Server listener on 0] INFO  ipc.Server (Server.java:run(1344)) - IPC Server listener on 0: starting
2022-02-15 15:40:39,329 [Listener at 0.0.0.0/33219] INFO  server.StorageContainerManager (StorageContainerManager.java:start(1318)) - ScmBlockLocationProtocol RPC server is listening at /0.0.0.0:40051
2022-02-15 15:40:39,330 [Listener at 0.0.0.0/33219] INFO  server.SCMBlockProtocolServer (SCMBlockProtocolServer.java:start(151)) - RPC server for Block Protocol is listening at /0.0.0.0:40051
2022-02-15 15:40:39,335 [IPC Server Responder] INFO  ipc.Server (Server.java:run(1507)) - IPC Server Responder: starting
2022-02-15 15:40:39,336 [IPC Server listener on 0] INFO  ipc.Server (Server.java:run(1344)) - IPC Server listener on 0: starting
2022-02-15 15:40:39,339 [org.apache.hadoop.util.JvmPauseMonitor$Monitor@4d55c80c] INFO  util.JvmPauseMonitor (JvmPauseMonitor.java:run(188)) - Starting JVM pause monitor
2022-02-15 15:40:39,339 [Listener at 0.0.0.0/33219] INFO  http.BaseHttpServer (BaseHttpServer.java:newHttpServer2BuilderForOzone(209)) - Starting Web-server for scm at: http://0.0.0.0:0
2022-02-15 15:40:39,341 [Listener at 0.0.0.0/33219] INFO  http.BaseHttpServer (BaseHttpServer.java:<init>(107)) - Hadoop Security Enabled: false Ozone Security Enabled: false Ozone HTTP Security Enabled: false 
2022-02-15 15:40:39,343 [Listener at 0.0.0.0/33219] INFO  server.AuthenticationFilter (AuthenticationFilter.java:constructSecretProvider(240)) - Unable to initialize FileSignerSecretProvider, falling back to use random secrets.
2022-02-15 15:40:39,347 [Listener at 0.0.0.0/33219] WARN  http.HttpRequestLog (HttpRequestLog.java:getRequestLog(103)) - Jetty request log can only be enabled using Log4j
2022-02-15 15:40:39,348 [Listener at 0.0.0.0/33219] INFO  http.HttpServer2 (HttpServer2.java:addGlobalFilter(1030)) - Added global filter 'safety' (class=org.apache.hadoop.hdds.server.http.HttpServer2$QuotingInputFilter)
2022-02-15 15:40:39,349 [Listener at 0.0.0.0/33219] INFO  http.HttpServer2 (HttpServer2.java:addFilter(1006)) - Added filter static_user_filter (class=org.apache.hadoop.http.lib.StaticUserWebFilter$StaticUserFilter) to context scm
2022-02-15 15:40:39,349 [Listener at 0.0.0.0/33219] INFO  http.HttpServer2 (HttpServer2.java:addFilter(1014)) - Added filter static_user_filter (class=org.apache.hadoop.http.lib.StaticUserWebFilter$StaticUserFilter) to context logs
2022-02-15 15:40:39,349 [Listener at 0.0.0.0/33219] INFO  http.HttpServer2 (HttpServer2.java:addFilter(1014)) - Added filter static_user_filter (class=org.apache.hadoop.http.lib.StaticUserWebFilter$StaticUserFilter) to context static
2022-02-15 15:40:39,350 [Listener at 0.0.0.0/33219] INFO  http.HttpServer2 (HttpServer2.java:bindListener(1249)) - Jetty bound to port 38515
2022-02-15 15:40:39,350 [Listener at 0.0.0.0/33219] INFO  server.Server (Server.java:doStart(375)) - jetty-9.4.43.v20210629; built: 2021-06-30T11:07:22.254Z; git: 526006ecfa3af7f1a27ef3a288e2bef7ea9dd7e8; jvm 1.8.0_312-b07
2022-02-15 15:40:39,356 [Listener at 0.0.0.0/33219] INFO  server.session (DefaultSessionIdManager.java:doStart(334)) - DefaultSessionIdManager workerName=node0
2022-02-15 15:40:39,357 [Listener at 0.0.0.0/33219] INFO  server.session (DefaultSessionIdManager.java:doStart(339)) - No SessionScavenger set, using defaults
2022-02-15 15:40:39,357 [Listener at 0.0.0.0/33219] INFO  server.session (HouseKeeper.java:startScavenging(132)) - node0 Scavenging every 600000ms
2022-02-15 15:40:39,357 [Listener at 0.0.0.0/33219] INFO  handler.ContextHandler (ContextHandler.java:doStart(915)) - Started o.e.j.s.ServletContextHandler@6925f963{logs,/logs,file:///home/runner/work/ozone/ozone/hadoop-ozone/integration-test/target/log,AVAILABLE}
2022-02-15 15:40:39,360 [Listener at 0.0.0.0/33219] INFO  handler.ContextHandler (ContextHandler.java:doStart(915)) - Started o.e.j.s.ServletContextHandler@43c22dd9{static,/static,file:///home/runner/work/ozone/ozone/hadoop-ozone/integration-test/target/test-classes/webapps/static,AVAILABLE}
2022-02-15 15:40:39,364 [Listener at 0.0.0.0/33219] INFO  handler.ContextHandler (ContextHandler.java:doStart(915)) - Started o.e.j.w.WebAppContext@37e85117{scm,/,file:///home/runner/work/ozone/ozone/hadoop-ozone/integration-test/target/test-classes/webapps/scm/,AVAILABLE}{file:/home/runner/work/ozone/ozone/hadoop-ozone/integration-test/target/test-classes/webapps/scm}
2022-02-15 15:40:39,365 [Listener at 0.0.0.0/33219] INFO  server.AbstractConnector (AbstractConnector.java:doStart(331)) - Started ServerConnector@7b65a85c{HTTP/1.1, (http/1.1)}{0.0.0.0:38515}
2022-02-15 15:40:39,371 [Listener at 0.0.0.0/33219] INFO  server.Server (Server.java:doStart(415)) - Started @37853ms
2022-02-15 15:40:39,371 [Listener at 0.0.0.0/33219] WARN  impl.MetricsSystemImpl (MetricsSystemImpl.java:register(279)) - Sink prometheus already exists!
2022-02-15 15:40:39,372 [Listener at 0.0.0.0/33219] INFO  http.BaseHttpServer (BaseHttpServer.java:updateConnectorAddress(329)) - HTTP server of scm listening at http://0.0.0.0:38515
2022-02-15 15:40:39,372 [Listener at 0.0.0.0/33219] WARN  server.ServerUtils (ServerUtils.java:getDBPath(225)) - ozone.om.db.dirs is not configured. We recommend adding this setting. Falling back to ozone.metadata.dirs instead.
2022-02-15 15:40:39,374 [Listener at 0.0.0.0/33219] INFO  ha.OMHANodeDetails (OMHANodeDetails.java:loadOMHAConfig(112)) - ozone.om.internal.service.id is not defined, falling back to ozone.om.service.ids to find serviceID for OzoneManager if it is HA enabled cluster
2022-02-15 15:40:39,374 [Listener at 0.0.0.0/33219] INFO  ha.OMHANodeDetails (OMHANodeDetails.java:loadOMHAConfig(218)) - Configuration does not have ozone.om.address set. Falling back to the default OM address /127.0.0.1:0
2022-02-15 15:40:39,374 [Listener at 0.0.0.0/33219] INFO  ha.OMHANodeDetails (OMHANodeDetails.java:getOMNodeDetailsForNonHA(246)) - OM Service ID is not set. Setting it to the default ID: omServiceIdDefault
2022-02-15 15:40:39,374 [Listener at 0.0.0.0/33219] INFO  ha.OMHANodeDetails (OMHANodeDetails.java:getOMNodeDetailsForNonHA(253)) - OM Node ID is not set. Setting it to the default ID: om1
2022-02-15 15:40:39,374 [Listener at 0.0.0.0/33219] WARN  server.ServerUtils (ServerUtils.java:getDBPath(225)) - ozone.om.db.dirs is not configured. We recommend adding this setting. Falling back to ozone.metadata.dirs instead.
2022-02-15 15:40:39,374 [Listener at 0.0.0.0/33219] INFO  upgrade.AbstractLayoutVersionManager (AbstractLayoutVersionManager.java:init(79)) - Initializing Layout version manager with metadata layout = INITIAL_VERSION (version = 0), software layout = INITIAL_VERSION (version = 0)
2022-02-15 15:40:39,416 [Listener at 0.0.0.0/33219] INFO  reflections.Reflections (Reflections.java:scan(232)) - Reflections took 40 ms to scan 2 urls, producing 133 keys and 348 values [using 2 cores]
2022-02-15 15:40:39,416 [Listener at 0.0.0.0/33219] INFO  upgrade.OMLayoutVersionManager (OMLayoutVersionManager.java:lambda$0(115)) - Skipping Upgrade Action MockOmUpgradeAction since it has been finalized.
2022-02-15 15:40:39,416 [Listener at 0.0.0.0/33219] WARN  server.ServerUtils (ServerUtils.java:getDBPath(225)) - ozone.om.db.dirs is not configured. We recommend adding this setting. Falling back to ozone.metadata.dirs instead.
2022-02-15 15:40:41,439 [Listener at 0.0.0.0/33219] INFO  retry.RetryInvocationHandler (RetryInvocationHandler.java:log(411)) - com.google.protobuf.ServiceException: org.apache.hadoop.ipc.RemoteException(org.apache.hadoop.hdds.ratis.ServerNotLeaderException): Server:06d727d5-e762-4bdb-a8d8-e52cb7a870a2 is not the leader. Could not determine the leader node.
	at org.apache.hadoop.hdds.ratis.ServerNotLeaderException.convertToNotLeaderException(ServerNotLeaderException.java:109)
	at org.apache.hadoop.hdds.scm.ha.RatisUtil.checkRatisException(RatisUtil.java:245)
	at org.apache.hadoop.hdds.scm.protocol.ScmBlockLocationProtocolServerSideTranslatorPB.send(ScmBlockLocationProtocolServerSideTranslatorPB.java:108)
	at org.apache.hadoop.hdds.protocol.proto.ScmBlockLocationProtocolProtos$ScmBlockLocationProtocolService$2.callBlockingMethod(ScmBlockLocationProtocolProtos.java:13937)
	at org.apache.hadoop.ipc.ProtobufRpcEngine$Server.processCall(ProtobufRpcEngine.java:466)
	at org.apache.hadoop.ipc.ProtobufRpcEngine2$Server$ProtoBufRpcInvoker.call(ProtobufRpcEngine2.java:574)
	at org.apache.hadoop.ipc.ProtobufRpcEngine2$Server$ProtoBufRpcInvoker.call(ProtobufRpcEngine2.java:552)
	at org.apache.hadoop.ipc.RPC$Server.call(RPC.java:1093)
	at org.apache.hadoop.ipc.Server$RpcCall.run(Server.java:1035)
	at org.apache.hadoop.ipc.Server$RpcCall.run(Server.java:963)
	at java.security.AccessController.doPrivileged(Native Method)
	at javax.security.auth.Subject.doAs(Subject.java:422)
	at org.apache.hadoop.security.UserGroupInformation.doAs(UserGroupInformation.java:1878)
	at org.apache.hadoop.ipc.Server$Handler.run(Server.java:2966)
, while invoking $Proxy44.send over nodeId=scmNodeId,nodeAddress=/0.0.0.0:40051 after 1 failover attempts. Trying to failover after sleeping for 2000ms.
2022-02-15 15:40:43,443 [Listener at 0.0.0.0/33219] INFO  retry.RetryInvocationHandler (RetryInvocationHandler.java:log(411)) - com.google.protobuf.ServiceException: org.apache.hadoop.ipc.RemoteException(org.apache.hadoop.hdds.ratis.ServerNotLeaderException): Server:06d727d5-e762-4bdb-a8d8-e52cb7a870a2 is not the leader. Could not determine the leader node.
	at org.apache.hadoop.hdds.ratis.ServerNotLeaderException.convertToNotLeaderException(ServerNotLeaderException.java:109)
	at org.apache.hadoop.hdds.scm.ha.RatisUtil.checkRatisException(RatisUtil.java:245)
	at org.apache.hadoop.hdds.scm.protocol.ScmBlockLocationProtocolServerSideTranslatorPB.send(ScmBlockLocationProtocolServerSideTranslatorPB.java:108)
	at org.apache.hadoop.hdds.protocol.proto.ScmBlockLocationProtocolProtos$ScmBlockLocationProtocolService$2.callBlockingMethod(ScmBlockLocationProtocolProtos.java:13937)
	at org.apache.hadoop.ipc.ProtobufRpcEngine$Server.processCall(ProtobufRpcEngine.java:466)
	at org.apache.hadoop.ipc.ProtobufRpcEngine2$Server$ProtoBufRpcInvoker.call(ProtobufRpcEngine2.java:574)
	at org.apache.hadoop.ipc.ProtobufRpcEngine2$Server$ProtoBufRpcInvoker.call(ProtobufRpcEngine2.java:552)
	at org.apache.hadoop.ipc.RPC$Server.call(RPC.java:1093)
	at org.apache.hadoop.ipc.Server$RpcCall.run(Server.java:1035)
	at org.apache.hadoop.ipc.Server$RpcCall.run(Server.java:963)
	at java.security.AccessController.doPrivileged(Native Method)
	at javax.security.auth.Subject.doAs(Subject.java:422)
	at org.apache.hadoop.security.UserGroupInformation.doAs(UserGroupInformation.java:1878)
	at org.apache.hadoop.ipc.Server$Handler.run(Server.java:2966)
, while invoking $Proxy44.send over nodeId=scmNodeId,nodeAddress=/0.0.0.0:40051 after 2 failover attempts. Trying to failover after sleeping for 2000ms.
2022-02-15 15:40:44,451 [06d727d5-e762-4bdb-a8d8-e52cb7a870a2@group-4408C9F6695F-FollowerState] INFO  impl.FollowerState (FollowerState.java:run(134)) - 06d727d5-e762-4bdb-a8d8-e52cb7a870a2@group-4408C9F6695F-FollowerState: change to CANDIDATE, lastRpcElapsedTime:5174648084ns, electionTimeout:5163ms
2022-02-15 15:40:44,452 [06d727d5-e762-4bdb-a8d8-e52cb7a870a2@group-4408C9F6695F-FollowerState] INFO  impl.RoleInfo (RoleInfo.java:shutdownFollowerState(108)) - 06d727d5-e762-4bdb-a8d8-e52cb7a870a2: shutdown 06d727d5-e762-4bdb-a8d8-e52cb7a870a2@group-4408C9F6695F-FollowerState
2022-02-15 15:40:44,452 [06d727d5-e762-4bdb-a8d8-e52cb7a870a2@group-4408C9F6695F-FollowerState] INFO  server.RaftServer$Division (RaftServerImpl.java:setRole(290)) - 06d727d5-e762-4bdb-a8d8-e52cb7a870a2@group-4408C9F6695F: changes role from  FOLLOWER to CANDIDATE at term 1 for changeToCandidate
2022-02-15 15:40:44,452 [06d727d5-e762-4bdb-a8d8-e52cb7a870a2@group-4408C9F6695F-FollowerState] INFO  server.RaftServerConfigKeys (ConfUtils.java:logGet(44)) - raft.server.leaderelection.pre-vote = false (custom)
2022-02-15 15:40:44,452 [06d727d5-e762-4bdb-a8d8-e52cb7a870a2@group-4408C9F6695F-FollowerState] INFO  impl.RoleInfo (RoleInfo.java:updateAndGet(130)) - 06d727d5-e762-4bdb-a8d8-e52cb7a870a2: start 06d727d5-e762-4bdb-a8d8-e52cb7a870a2@group-4408C9F6695F-LeaderElection5
2022-02-15 15:40:44,459 [06d727d5-e762-4bdb-a8d8-e52cb7a870a2@group-4408C9F6695F-LeaderElection5] INFO  impl.LeaderElection (LeaderElection.java:askForVotes(306)) - 06d727d5-e762-4bdb-a8d8-e52cb7a870a2@group-4408C9F6695F-LeaderElection5 ELECTION round 0: submit vote requests at term 2 for 0: [06d727d5-e762-4bdb-a8d8-e52cb7a870a2|rpc:fv-az50-524:9894|admin:|client:|dataStream:|priority:0], old=null
2022-02-15 15:40:44,460 [06d727d5-e762-4bdb-a8d8-e52cb7a870a2@group-4408C9F6695F-LeaderElection5] INFO  impl.LeaderElection (LeaderElection.java:askForVotes(308)) - 06d727d5-e762-4bdb-a8d8-e52cb7a870a2@group-4408C9F6695F-LeaderElection5 ELECTION round 0: result PASSED (term=2)
2022-02-15 15:40:44,460 [06d727d5-e762-4bdb-a8d8-e52cb7a870a2@group-4408C9F6695F-LeaderElection5] INFO  impl.RoleInfo (RoleInfo.java:shutdownLeaderElection(121)) - 06d727d5-e762-4bdb-a8d8-e52cb7a870a2: shutdown 06d727d5-e762-4bdb-a8d8-e52cb7a870a2@group-4408C9F6695F-LeaderElection5
2022-02-15 15:40:44,460 [06d727d5-e762-4bdb-a8d8-e52cb7a870a2@group-4408C9F6695F-LeaderElection5] INFO  server.RaftServer$Division (RaftServerImpl.java:setRole(290)) - 06d727d5-e762-4bdb-a8d8-e52cb7a870a2@group-4408C9F6695F: changes role from CANDIDATE to LEADER at term 2 for changeToLeader
2022-02-15 15:40:44,460 [06d727d5-e762-4bdb-a8d8-e52cb7a870a2@group-4408C9F6695F-LeaderElection5] INFO  ha.SCMStateMachine (SCMStateMachine.java:notifyLeaderChanged(259)) - current SCM becomes leader of term 2.
2022-02-15 15:40:44,460 [06d727d5-e762-4bdb-a8d8-e52cb7a870a2@group-4408C9F6695F-LeaderElection5] INFO  ha.SCMContext (SCMContext.java:updateLeaderAndTerm(90)) - update <isLeader,term> from <false,0> to <true,2>
2022-02-15 15:40:44,460 [06d727d5-e762-4bdb-a8d8-e52cb7a870a2@group-4408C9F6695F-LeaderElection5] INFO  server.RaftServer$Division (ServerState.java:setLeader(285)) - 06d727d5-e762-4bdb-a8d8-e52cb7a870a2@group-4408C9F6695F: change Leader from null to 06d727d5-e762-4bdb-a8d8-e52cb7a870a2 at term 2 for becomeLeader, leader elected after 5332ms
2022-02-15 15:40:44,460 [06d727d5-e762-4bdb-a8d8-e52cb7a870a2@group-4408C9F6695F-LeaderElection5] INFO  server.RaftServerConfigKeys (ConfUtils.java:logGet(44)) - raft.server.staging.catchup.gap = 1000 (default)
2022-02-15 15:40:44,461 [06d727d5-e762-4bdb-a8d8-e52cb7a870a2@group-4408C9F6695F-LeaderElection5] INFO  server.RaftServerConfigKeys (ConfUtils.java:logGet(44)) - raft.server.write.element-limit = 4096 (default)
2022-02-15 15:40:44,461 [06d727d5-e762-4bdb-a8d8-e52cb7a870a2@group-4408C9F6695F-LeaderElection5] INFO  server.RaftServerConfigKeys (ConfUtils.java:logGet(44)) - raft.server.write.byte-limit = 64MB (=67108864) (default)
2022-02-15 15:40:44,463 [06d727d5-e762-4bdb-a8d8-e52cb7a870a2@group-4408C9F6695F-LeaderElection5] INFO  server.RaftServerConfigKeys (ConfUtils.java:logGet(44)) - raft.server.watch.timeout = 10s (default)
2022-02-15 15:40:44,463 [06d727d5-e762-4bdb-a8d8-e52cb7a870a2@group-4408C9F6695F-LeaderElection5] INFO  server.RaftServerConfigKeys (ConfUtils.java:logGet(44)) - raft.server.watch.timeout.denomination = 1s (default)
2022-02-15 15:40:44,464 [06d727d5-e762-4bdb-a8d8-e52cb7a870a2@group-4408C9F6695F-LeaderElection5] INFO  server.RaftServerConfigKeys (ConfUtils.java:logGet(44)) - raft.server.watch.element-limit = 65536 (default)
2022-02-15 15:40:44,464 [06d727d5-e762-4bdb-a8d8-e52cb7a870a2@group-4408C9F6695F-LeaderElection5] INFO  server.RaftServerConfigKeys (ConfUtils.java:logGet(44)) - raft.server.write.element-limit = 4096 (default)
2022-02-15 15:40:44,464 [06d727d5-e762-4bdb-a8d8-e52cb7a870a2@group-4408C9F6695F-LeaderElection5] INFO  server.RaftServerConfigKeys (ConfUtils.java:logGet(44)) - raft.server.write.follower.gap.ratio.max = -1.0 (default)
2022-02-15 15:40:44,464 [06d727d5-e762-4bdb-a8d8-e52cb7a870a2@group-4408C9F6695F-LeaderElection5] INFO  impl.RoleInfo (RoleInfo.java:updateAndGet(130)) - 06d727d5-e762-4bdb-a8d8-e52cb7a870a2: start 06d727d5-e762-4bdb-a8d8-e52cb7a870a2@group-4408C9F6695F-LeaderStateImpl
2022-02-15 15:40:44,464 [06d727d5-e762-4bdb-a8d8-e52cb7a870a2@group-4408C9F6695F-LeaderElection5] INFO  segmented.SegmentedRaftLogWorker (SegmentedRaftLogWorker.java:rollLogSegment(399)) - 06d727d5-e762-4bdb-a8d8-e52cb7a870a2@group-4408C9F6695F-SegmentedRaftLogWorker: Rolling segment log-0_0 to index:0
2022-02-15 15:40:44,465 [06d727d5-e762-4bdb-a8d8-e52cb7a870a2@group-4408C9F6695F-SegmentedRaftLogWorker] INFO  segmented.SegmentedRaftLogWorker (SegmentedRaftLogWorker.java:execute(558)) - 06d727d5-e762-4bdb-a8d8-e52cb7a870a2@group-4408C9F6695F-SegmentedRaftLogWorker: Rolled log segment from /home/runner/work/ozone/ozone/hadoop-ozone/integration-test/target/test-dir/MiniOzoneClusterImpl-53bdd20c-eac6-4b45-944c-4408c9f6695f/ozone-meta/scm-ha/53bdd20c-eac6-4b45-944c-4408c9f6695f/current/log_inprogress_0 to /home/runner/work/ozone/ozone/hadoop-ozone/integration-test/target/test-dir/MiniOzoneClusterImpl-53bdd20c-eac6-4b45-944c-4408c9f6695f/ozone-meta/scm-ha/53bdd20c-eac6-4b45-944c-4408c9f6695f/current/log_0-0
2022-02-15 15:40:44,476 [06d727d5-e762-4bdb-a8d8-e52cb7a870a2@group-4408C9F6695F-LeaderElection5] INFO  server.RaftServer$Division (ServerState.java:setRaftConf(387)) - 06d727d5-e762-4bdb-a8d8-e52cb7a870a2@group-4408C9F6695F: set configuration 1: [06d727d5-e762-4bdb-a8d8-e52cb7a870a2|rpc:fv-az50-524:9894|admin:|client:|dataStream:|priority:0], old=null
2022-02-15 15:40:44,477 [06d727d5-e762-4bdb-a8d8-e52cb7a870a2@group-4408C9F6695F-SegmentedRaftLogWorker] INFO  segmented.SegmentedRaftLogWorker (SegmentedRaftLogWorker.java:execute(601)) - 06d727d5-e762-4bdb-a8d8-e52cb7a870a2@group-4408C9F6695F-SegmentedRaftLogWorker: created new log segment /home/runner/work/ozone/ozone/hadoop-ozone/integration-test/target/test-dir/MiniOzoneClusterImpl-53bdd20c-eac6-4b45-944c-4408c9f6695f/ozone-meta/scm-ha/53bdd20c-eac6-4b45-944c-4408c9f6695f/current/log_inprogress_1
2022-02-15 15:40:44,483 [06d727d5-e762-4bdb-a8d8-e52cb7a870a2@group-4408C9F6695F-StateMachineUpdater] INFO  ha.SCMContext (SCMContext.java:setLeaderReady(117)) - update <isLeaderReady> from <false> to <true>
2022-02-15 15:40:44,484 [06d727d5-e762-4bdb-a8d8-e52cb7a870a2@group-4408C9F6695F-StateMachineUpdater] INFO  pipeline.BackgroundPipelineCreator (BackgroundPipelineCreator.java:notifyStatusChanged(264)) - Service BackgroundPipelineCreator transitions to RUNNING.
2022-02-15 15:40:44,485 [06d727d5-e762-4bdb-a8d8-e52cb7a870a2@group-4408C9F6695F-StateMachineUpdater] INFO  safemode.HealthyPipelineSafeModeRule (HealthyPipelineSafeModeRule.java:initializeRule(152)) - Refreshed total pipeline count is 0, healthy pipeline threshold count is 1
2022-02-15 15:40:44,486 [06d727d5-e762-4bdb-a8d8-e52cb7a870a2@group-4408C9F6695F-StateMachineUpdater] INFO  safemode.ContainerSafeModeRule (ContainerSafeModeRule.java:reInitializeRule(177)) - Refreshed one replica container threshold 0, currentThreshold 0
2022-02-15 15:40:44,486 [06d727d5-e762-4bdb-a8d8-e52cb7a870a2@group-4408C9F6695F-StateMachineUpdater] INFO  safemode.OneReplicaPipelineSafeModeRule (OneReplicaPipelineSafeModeRule.java:initializeRule(176)) - Refreshed Total pipeline count is 0, pipeline's with at least one datanode reported threshold count is 0
2022-02-15 15:40:44,486 [06d727d5-e762-4bdb-a8d8-e52cb7a870a2@group-4408C9F6695F-StateMachineUpdater] INFO  server.SCMDatanodeProtocolServer (SCMDatanodeProtocolServer.java:start(181)) - ScmDatanodeProtocol RPC server for DataNodes is listening at /0.0.0.0:34895
2022-02-15 15:40:44,490 [IPC Server listener on 0] INFO  ipc.Server (Server.java:run(1344)) - IPC Server listener on 0: starting
2022-02-15 15:40:44,502 [IPC Server Responder] INFO  ipc.Server (Server.java:run(1507)) - IPC Server Responder: starting
2022-02-15 15:40:45,448 [Listener at 0.0.0.0/33219] WARN  server.ServerUtils (ServerUtils.java:getDBPath(225)) - ozone.om.db.dirs is not configured. We recommend adding this setting. Falling back to ozone.metadata.dirs instead.
2022-02-15 15:40:45,449 [Listener at 0.0.0.0/33219] INFO  codec.OmKeyInfoCodec (OmKeyInfoCodec.java:<init>(50)) - OmKeyInfoCodec ignorePipeline = true
2022-02-15 15:40:45,449 [Listener at 0.0.0.0/33219] INFO  codec.RepeatedOmKeyInfoCodec (RepeatedOmKeyInfoCodec.java:<init>(42)) - RepeatedOmKeyInfoCodec ignorePipeline = true
2022-02-15 15:40:45,563 [Listener at 0.0.0.0/33219] INFO  om.OzoneManager (OzoneManager.java:addS3GVolumeToDB(3732)) - Created Volume s3v With Owner runner required for S3Gateway operations.
2022-02-15 15:40:45,564 [Listener at 0.0.0.0/33219] WARN  server.ServerUtils (ServerUtils.java:getDefaultRatisDirectory(237)) - Storage directory for Ratis is not configured. It is a good idea to map this to an SSD disk. Falling back to ozone.metadata.dirs
2022-02-15 15:40:45,564 [Listener at 0.0.0.0/33219] WARN  utils.OzoneManagerRatisUtils (OzoneManagerRatisUtils.java:getOMRatisSnapshotDirectory(330)) - ozone.om.ratis.snapshot.dir is not configured. Falling back to ozone.metadata.dirs config
2022-02-15 15:40:45,565 [Listener at 0.0.0.0/33219] WARN  impl.MetricRegistriesImpl (MetricRegistriesImpl.java:addReporterRegistration(111)) - New reporters are added after registries were created. Some metrics will be missing from the reporter. Please add reporter before adding any new registry.
2022-02-15 15:40:45,565 [Listener at 0.0.0.0/33219] WARN  impl.MetricRegistriesImpl (MetricRegistriesImpl.java:addReporterRegistration(111)) - New reporters are added after registries were created. Some metrics will be missing from the reporter. Please add reporter before adding any new registry.
2022-02-15 15:40:45,565 [Listener at 0.0.0.0/33219] WARN  server.ServerUtils (ServerUtils.java:getDefaultRatisDirectory(237)) - Storage directory for Ratis is not configured. It is a good idea to map this to an SSD disk. Falling back to ozone.metadata.dirs
2022-02-15 15:40:45,566 [Listener at 0.0.0.0/33219] INFO  ratis.OzoneManagerRatisServer (OzoneManagerRatisServer.java:<init>(159)) - Instantiating OM Ratis server with groupID: omServiceIdDefault and peers: localhost:9872
2022-02-15 15:40:45,567 [Listener at 0.0.0.0/33219] INFO  ratis.OzoneManagerStateMachine (OzoneManagerStateMachine.java:loadSnapshotInfoFromDB(605)) - LastAppliedIndex is set from TransactionInfo from OM DB as (t:0, i:~)
2022-02-15 15:40:45,567 [Listener at 0.0.0.0/33219] INFO  server.RaftServer (ConfUtils.java:logGet(44)) - raft.rpc.type = GRPC (default)
2022-02-15 15:40:45,567 [Listener at 0.0.0.0/33219] INFO  grpc.GrpcFactory (GrpcFactory.java:checkPooledByteBufAllocatorUseCacheForAllThreads(48)) - PERFORMANCE WARNING: useCacheForAllThreads is true that may cause Netty to create a lot garbage objects and, as a result, trigger GC.
	It is recommended to disable useCacheForAllThreads by setting -Dorg.apache.ratis.thirdparty.io.netty.allocator.useCacheForAllThreads=false in command line.
2022-02-15 15:40:45,567 [Listener at 0.0.0.0/33219] INFO  grpc.GrpcConfigKeys (ConfUtils.java:logGet(44)) - raft.grpc.admin.port = -1 (default)
2022-02-15 15:40:45,567 [Listener at 0.0.0.0/33219] INFO  grpc.GrpcConfigKeys (ConfUtils.java:logGet(44)) - raft.grpc.server.port = 9872 (custom)
2022-02-15 15:40:45,567 [Listener at 0.0.0.0/33219] INFO  grpc.GrpcConfigKeys (ConfUtils.java:logGet(44)) - raft.grpc.client.port = -1 (default)
2022-02-15 15:40:45,567 [Listener at 0.0.0.0/33219] INFO  grpc.GrpcConfigKeys (ConfUtils.java:logGet(44)) - raft.grpc.server.port = 9872 (custom)
2022-02-15 15:40:45,567 [Listener at 0.0.0.0/33219] INFO  grpc.GrpcConfigKeys (ConfUtils.java:logGet(44)) - raft.grpc.server.port = 9872 (custom)
2022-02-15 15:40:45,567 [Listener at 0.0.0.0/33219] INFO  server.GrpcService (ConfUtils.java:logGet(44)) - raft.grpc.message.size.max = 33554432 (custom)
2022-02-15 15:40:45,568 [Listener at 0.0.0.0/33219] INFO  server.RaftServerConfigKeys (ConfUtils.java:logGet(44)) - raft.server.log.appender.buffer.byte-limit = 33554432 (custom)
2022-02-15 15:40:45,568 [Listener at 0.0.0.0/33219] INFO  server.GrpcService (ConfUtils.java:logGet(44)) - raft.grpc.flow.control.window = 1MB (=1048576) (default)
2022-02-15 15:40:45,568 [Listener at 0.0.0.0/33219] INFO  server.RaftServerConfigKeys (ConfUtils.java:logGet(44)) - raft.server.rpc.request.timeout = 3000ms (default)
2022-02-15 15:40:45,569 [Listener at 0.0.0.0/33219] INFO  impl.DataStreamServerImpl (ConfUtils.java:logGet(44)) - raft.datastream.type = DISABLED (default)
2022-02-15 15:40:45,569 [Listener at 0.0.0.0/33219] INFO  server.RaftServerConfigKeys (ConfUtils.java:logGet(44)) - raft.server.rpc.slowness.timeout = 120s (custom)
2022-02-15 15:40:45,569 [Listener at 0.0.0.0/33219] INFO  server.RaftServerConfigKeys (ConfUtils.java:logGet(44)) - raft.server.leaderelection.leader.step-down.wait-time = 10s (default)
2022-02-15 15:40:45,569 [Listener at 0.0.0.0/33219] INFO  server.RaftServerConfigKeys (ConfUtils.java:logGet(44)) - raft.server.storage.dir = [/home/runner/work/ozone/ozone/hadoop-ozone/integration-test/target/test-dir/MiniOzoneClusterImpl-53bdd20c-eac6-4b45-944c-4408c9f6695f/ozone-meta/ratis] (custom)
2022-02-15 15:40:45,571 [Listener at 0.0.0.0/33219] INFO  server.RaftServer (RaftServerProxy.java:addNew(95)) - om1: addNew group-C5BA1605619E:[om1|rpc:localhost:9872|priority:0] returns group-C5BA1605619E:java.util.concurrent.CompletableFuture@7b5ccb2f[Not completed]
2022-02-15 15:40:45,572 [Listener at 0.0.0.0/33219] INFO  om.OzoneManager (OzoneManager.java:initializeRatisServer(1834)) - OzoneManager Ratis server initialized at port 9872
2022-02-15 15:40:45,579 [Listener at 0.0.0.0/33219] INFO  ipc.CallQueueManager (CallQueueManager.java:<init>(90)) - Using callQueue: class java.util.concurrent.LinkedBlockingQueue, queueCapacity: 2000, scheduler: class org.apache.hadoop.ipc.DefaultRpcScheduler, ipcBackoff: false.
2022-02-15 15:40:45,580 [pool-117-thread-1] INFO  server.RaftServer$Division (RaftServerImpl.java:<init>(184)) - om1: new RaftServerImpl for group-C5BA1605619E:[om1|rpc:localhost:9872|priority:0] with OzoneManagerStateMachine:uninitialized
2022-02-15 15:40:45,588 [pool-117-thread-1] INFO  server.RaftServerConfigKeys (ConfUtils.java:logGet(44)) - raft.server.rpc.timeout.min = 1s (custom)
2022-02-15 15:40:45,595 [pool-117-thread-1] INFO  server.RaftServerConfigKeys (ConfUtils.java:logGet(44)) - raft.server.rpc.timeout.max = 1200ms (custom)
2022-02-15 15:40:45,595 [pool-117-thread-1] INFO  server.RaftServerConfigKeys (ConfUtils.java:logGet(44)) - raft.server.rpc.sleep.time = 25ms (default)
2022-02-15 15:40:45,596 [pool-117-thread-1] INFO  server.RaftServerConfigKeys (ConfUtils.java:logGet(44)) - raft.server.rpc.slowness.timeout = 120s (custom)
2022-02-15 15:40:45,596 [pool-117-thread-1] INFO  server.RaftServerConfigKeys (ConfUtils.java:logGet(44)) - raft.server.leaderelection.leader.step-down.wait-time = 10s (default)
2022-02-15 15:40:45,596 [pool-117-thread-1] INFO  server.RaftServerConfigKeys (ConfUtils.java:logGet(44)) - raft.server.sleep.deviation.threshold = 300ms (default)
2022-02-15 15:40:45,596 [pool-117-thread-1] INFO  server.RaftServerConfigKeys (ConfUtils.java:logGet(44)) - raft.server.log.appender.install.snapshot.enabled = false (custom)
2022-02-15 15:40:45,596 [pool-117-thread-1] INFO  server.RaftServer$Division (ServerState.java:<init>(105)) - om1@group-C5BA1605619E: ConfigurationManager, init=-1: [om1|rpc:localhost:9872|priority:0], old=null, confs=<EMPTY_MAP>
2022-02-15 15:40:45,596 [pool-117-thread-1] INFO  server.RaftServerConfigKeys (ConfUtils.java:logGet(44)) - raft.server.storage.dir = [/home/runner/work/ozone/ozone/hadoop-ozone/integration-test/target/test-dir/MiniOzoneClusterImpl-53bdd20c-eac6-4b45-944c-4408c9f6695f/ozone-meta/ratis] (custom)
2022-02-15 15:40:45,596 [pool-117-thread-1] INFO  server.RaftServerConfigKeys (ConfUtils.java:logGet(44)) - raft.server.log.corruption.policy = EXCEPTION (default)
2022-02-15 15:40:45,596 [pool-117-thread-1] INFO  server.RaftServerConfigKeys (ConfUtils.java:logGet(44)) - raft.server.storage.free-space.min = 0MB (=0) (default)
2022-02-15 15:40:45,596 [pool-117-thread-1] INFO  storage.RaftStorageDirectory (RaftStorageDirectoryImpl.java:analyzeStorage(135)) - The storage directory /home/runner/work/ozone/ozone/hadoop-ozone/integration-test/target/test-dir/MiniOzoneClusterImpl-53bdd20c-eac6-4b45-944c-4408c9f6695f/ozone-meta/ratis/bf265839-605b-3f16-9796-c5ba1605619e does not exist. Creating ...
2022-02-15 15:40:45,598 [pool-117-thread-1] INFO  storage.RaftStorageDirectory (RaftStorageDirectoryImpl.java:tryLock(230)) - Lock on /home/runner/work/ozone/ozone/hadoop-ozone/integration-test/target/test-dir/MiniOzoneClusterImpl-53bdd20c-eac6-4b45-944c-4408c9f6695f/ozone-meta/ratis/bf265839-605b-3f16-9796-c5ba1605619e/in_use.lock acquired by nodename 24416@fv-az50-524
2022-02-15 15:40:45,599 [pool-117-thread-1] INFO  storage.RaftStorage (RaftStorageImpl.java:format(89)) - Storage directory /home/runner/work/ozone/ozone/hadoop-ozone/integration-test/target/test-dir/MiniOzoneClusterImpl-53bdd20c-eac6-4b45-944c-4408c9f6695f/ozone-meta/ratis/bf265839-605b-3f16-9796-c5ba1605619e has been successfully formatted.
2022-02-15 15:40:45,599 [pool-117-thread-1] INFO  server.RaftServerConfigKeys (ConfUtils.java:logGet(44)) - raft.server.notification.no-leader.timeout = 120s (custom)
2022-02-15 15:40:45,599 [pool-117-thread-1] INFO  server.RaftServerConfigKeys (ConfUtils.java:logGet(44)) - raft.server.log.use.memory = false (default)
2022-02-15 15:40:45,599 [pool-117-thread-1] INFO  server.RaftServerConfigKeys (ConfUtils.java:logGet(44)) - raft.server.log.purge.gap = 1000000 (custom)
2022-02-15 15:40:45,599 [pool-117-thread-1] INFO  server.RaftServerConfigKeys (ConfUtils.java:logGet(44)) - raft.server.log.appender.buffer.byte-limit = 33554432 (custom)
2022-02-15 15:40:45,599 [pool-117-thread-1] INFO  server.RaftServerConfigKeys (ConfUtils.java:logGet(44)) - raft.server.log.segment.size.max = 4194304 (custom)
2022-02-15 15:40:45,600 [pool-117-thread-1] INFO  server.RaftServerConfigKeys (ConfUtils.java:logGet(44)) - raft.server.log.segment.cache.num.max = 2 (custom)
2022-02-15 15:40:45,600 [pool-117-thread-1] INFO  server.RaftServerConfigKeys (ConfUtils.java:logGet(44)) - raft.server.log.segment.cache.size.max = 200MB (=209715200) (default)
2022-02-15 15:40:45,600 [pool-117-thread-1] INFO  segmented.SegmentedRaftLogWorker (SegmentedRaftLogWorker.java:<init>(182)) - new om1@group-C5BA1605619E-SegmentedRaftLogWorker for RaftStorageImpl:Storage Directory /home/runner/work/ozone/ozone/hadoop-ozone/integration-test/target/test-dir/MiniOzoneClusterImpl-53bdd20c-eac6-4b45-944c-4408c9f6695f/ozone-meta/ratis/bf265839-605b-3f16-9796-c5ba1605619e
2022-02-15 15:40:45,600 [pool-117-thread-1] INFO  server.RaftServerConfigKeys (ConfUtils.java:logGet(44)) - raft.server.log.queue.byte-limit = 64MB (=67108864) (default)
2022-02-15 15:40:45,600 [pool-117-thread-1] INFO  server.RaftServerConfigKeys (ConfUtils.java:logGet(44)) - raft.server.log.queue.element-limit = 4096 (default)
2022-02-15 15:40:45,600 [pool-117-thread-1] INFO  server.RaftServerConfigKeys (ConfUtils.java:logGet(44)) - raft.server.log.segment.size.max = 4194304 (custom)
2022-02-15 15:40:45,600 [pool-117-thread-1] INFO  server.RaftServerConfigKeys (ConfUtils.java:logGet(44)) - raft.server.log.preallocated.size = 4194304 (custom)
2022-02-15 15:40:45,600 [pool-117-thread-1] INFO  server.RaftServerConfigKeys (ConfUtils.java:logGet(44)) - raft.server.log.force.sync.num = 128 (default)
2022-02-15 15:40:45,600 [pool-117-thread-1] INFO  server.RaftServerConfigKeys (ConfUtils.java:logGet(44)) - raft.server.log.statemachine.data.sync = true (default)
2022-02-15 15:40:45,600 [pool-117-thread-1] INFO  server.RaftServerConfigKeys (ConfUtils.java:logGet(44)) - raft.server.log.statemachine.data.sync.timeout = 10s (default)
2022-02-15 15:40:45,601 [pool-117-thread-1] INFO  server.RaftServerConfigKeys (ConfUtils.java:logGet(44)) - raft.server.log.statemachine.data.sync.timeout.retry = -1 (default)
2022-02-15 15:40:45,603 [Socket Reader #1 for port 0] INFO  ipc.Server (Server.java:run(1265)) - Starting Socket Reader #1 for port 0
2022-02-15 15:40:45,608 [pool-117-thread-1] INFO  server.RaftServerConfigKeys (ConfUtils.java:logGet(44)) - raft.server.log.write.buffer.size = 64KB (=65536) (default)
2022-02-15 15:40:45,608 [pool-117-thread-1] INFO  server.RaftServerConfigKeys (ConfUtils.java:logGet(44)) - raft.server.log.statemachine.data.caching.enabled = false (default)
2022-02-15 15:40:45,608 [pool-117-thread-1] INFO  segmented.SegmentedRaftLogWorker (SegmentedRaftLogWorker.java:lambda$new$0(133)) - om1@group-C5BA1605619E-SegmentedRaftLogWorker: flushIndex: setUnconditionally 0 -> -1
2022-02-15 15:40:45,608 [pool-117-thread-1] INFO  segmented.SegmentedRaftLogWorker (SegmentedRaftLogWorker.java:lambda$new$0(133)) - om1@group-C5BA1605619E-SegmentedRaftLogWorker: safeCacheEvictIndex: setUnconditionally 0 -> -1
2022-02-15 15:40:45,616 [pool-117-thread-1] INFO  server.RaftServerConfigKeys (ConfUtils.java:logGet(44)) - raft.server.snapshot.auto.trigger.enabled = true (custom)
2022-02-15 15:40:45,616 [pool-117-thread-1] INFO  server.RaftServerConfigKeys (ConfUtils.java:logGet(44)) - raft.server.snapshot.auto.trigger.threshold = 400000 (default)
2022-02-15 15:40:45,616 [pool-117-thread-1] INFO  server.RaftServerConfigKeys (ConfUtils.java:logGet(44)) - raft.server.snapshot.retention.file.num = -1 (default)
2022-02-15 15:40:45,616 [pool-117-thread-1] INFO  server.RaftServerConfigKeys (ConfUtils.java:logGet(44)) - raft.server.log.purge.upto.snapshot.index = true (custom)
2022-02-15 15:40:45,616 [pool-117-thread-1] INFO  server.RaftServerConfigKeys (ConfUtils.java:logGet(44)) - raft.server.retrycache.expirytime = 300s (custom)
2022-02-15 15:40:45,616 [pool-117-thread-1] INFO  server.RaftServerConfigKeys (ConfUtils.java:logGet(44)) - raft.server.retrycache.statistics.expirytime = 100μs (default)
2022-02-15 15:40:45,636 [Listener at 127.0.0.1/45989] INFO  impl.MetricsSystemImpl (MetricsSystemImpl.java:init(158)) - OzoneManager metrics system started (again)
2022-02-15 15:40:45,658 [Listener at 127.0.0.1/45989] INFO  om.OzoneManager (OzoneManager.java:start(1365)) - OzoneManager RPC server is listening at localhost/127.0.0.1:45989
2022-02-15 15:40:45,659 [Listener at 127.0.0.1/45989] INFO  ratis.OzoneManagerRatisServer (OzoneManagerRatisServer.java:start(554)) - Starting OzoneManagerRatisServer om1 at port 9872
2022-02-15 15:40:45,659 [Listener at 127.0.0.1/45989] INFO  server.RaftServer$Division (RaftServerImpl.java:start(301)) - om1@group-C5BA1605619E: start as a follower, conf=-1: [om1|rpc:localhost:9872|priority:0], old=null
2022-02-15 15:40:45,659 [Listener at 127.0.0.1/45989] INFO  server.RaftServer$Division (RaftServerImpl.java:setRole(290)) - om1@group-C5BA1605619E: changes role from      null to FOLLOWER at term 0 for startAsFollower
2022-02-15 15:40:45,659 [Listener at 127.0.0.1/45989] INFO  impl.RoleInfo (RoleInfo.java:updateAndGet(130)) - om1: start om1@group-C5BA1605619E-FollowerState
2022-02-15 15:40:45,663 [Listener at 127.0.0.1/45989] INFO  util.JmxRegister (JmxRegister.java:tryRegister(44)) - Successfully registered JMX Bean with object name Ratis:service=RaftServer,group=group-C5BA1605619E,id=om1
2022-02-15 15:40:45,671 [Listener at 127.0.0.1/45989] INFO  server.RaftServer (RaftServerProxy.java:lambda$start$5(374)) - om1: start RPC server
2022-02-15 15:40:45,679 [Listener at 127.0.0.1/45989] INFO  server.GrpcService (GrpcService.java:startImpl(253)) - om1: GrpcService started, listening on 9872
2022-02-15 15:40:45,680 [Listener at 127.0.0.1/45989] INFO  om.OzoneManager (OzoneManager.java:start(1381)) - Version File has different layout version (0) than OM DB (null). That is expected if this OM has never been finalized to a newer layout version.
2022-02-15 15:40:45,680 [org.apache.ratis.util.JvmPauseMonitor$$Lambda$431/1795495935@28aaffcf] INFO  util.JvmPauseMonitor (JvmPauseMonitor.java:run(103)) - JvmPauseMonitor-om1: Started
2022-02-15 15:40:45,682 [Listener at 127.0.0.1/45989] INFO  http.BaseHttpServer (BaseHttpServer.java:newHttpServer2BuilderForOzone(209)) - Starting Web-server for ozoneManager at: http://0.0.0.0:0
2022-02-15 15:40:45,683 [Listener at 127.0.0.1/45989] INFO  http.BaseHttpServer (BaseHttpServer.java:<init>(107)) - Hadoop Security Enabled: false Ozone Security Enabled: false Ozone HTTP Security Enabled: false 
2022-02-15 15:40:45,684 [Listener at 127.0.0.1/45989] INFO  server.AuthenticationFilter (AuthenticationFilter.java:constructSecretProvider(240)) - Unable to initialize FileSignerSecretProvider, falling back to use random secrets.
2022-02-15 15:40:45,686 [Listener at 127.0.0.1/45989] WARN  http.HttpRequestLog (HttpRequestLog.java:getRequestLog(103)) - Jetty request log can only be enabled using Log4j
2022-02-15 15:40:45,687 [Listener at 127.0.0.1/45989] INFO  http.HttpServer2 (HttpServer2.java:addGlobalFilter(1030)) - Added global filter 'safety' (class=org.apache.hadoop.hdds.server.http.HttpServer2$QuotingInputFilter)
2022-02-15 15:40:45,688 [Listener at 127.0.0.1/45989] INFO  http.HttpServer2 (HttpServer2.java:addFilter(1006)) - Added filter static_user_filter (class=org.apache.hadoop.http.lib.StaticUserWebFilter$StaticUserFilter) to context ozoneManager
2022-02-15 15:40:45,688 [Listener at 127.0.0.1/45989] INFO  http.HttpServer2 (HttpServer2.java:addFilter(1014)) - Added filter static_user_filter (class=org.apache.hadoop.http.lib.StaticUserWebFilter$StaticUserFilter) to context static
2022-02-15 15:40:45,688 [Listener at 127.0.0.1/45989] INFO  http.HttpServer2 (HttpServer2.java:addFilter(1014)) - Added filter static_user_filter (class=org.apache.hadoop.http.lib.StaticUserWebFilter$StaticUserFilter) to context logs
2022-02-15 15:40:45,689 [Listener at 127.0.0.1/45989] INFO  http.HttpServer2 (HttpServer2.java:bindListener(1249)) - Jetty bound to port 32863
2022-02-15 15:40:45,689 [Listener at 127.0.0.1/45989] INFO  server.Server (Server.java:doStart(375)) - jetty-9.4.43.v20210629; built: 2021-06-30T11:07:22.254Z; git: 526006ecfa3af7f1a27ef3a288e2bef7ea9dd7e8; jvm 1.8.0_312-b07
2022-02-15 15:40:45,692 [Listener at 127.0.0.1/45989] INFO  server.session (DefaultSessionIdManager.java:doStart(334)) - DefaultSessionIdManager workerName=node0
2022-02-15 15:40:45,692 [Listener at 127.0.0.1/45989] INFO  server.session (DefaultSessionIdManager.java:doStart(339)) - No SessionScavenger set, using defaults
2022-02-15 15:40:45,692 [Listener at 127.0.0.1/45989] INFO  server.session (HouseKeeper.java:startScavenging(132)) - node0 Scavenging every 660000ms
2022-02-15 15:40:45,693 [Listener at 127.0.0.1/45989] INFO  handler.ContextHandler (ContextHandler.java:doStart(915)) - Started o.e.j.s.ServletContextHandler@649ee965{logs,/logs,file:///home/runner/work/ozone/ozone/hadoop-ozone/integration-test/target/log,AVAILABLE}
2022-02-15 15:40:45,693 [Listener at 127.0.0.1/45989] INFO  handler.ContextHandler (ContextHandler.java:doStart(915)) - Started o.e.j.s.ServletContextHandler@61ee2eaa{static,/static,file:///home/runner/work/ozone/ozone/hadoop-ozone/integration-test/target/test-classes/webapps/static,AVAILABLE}
2022-02-15 15:40:45,697 [Listener at 127.0.0.1/45989] INFO  handler.ContextHandler (ContextHandler.java:doStart(915)) - Started o.e.j.w.WebAppContext@5e328f18{ozoneManager,/,file:///home/runner/work/ozone/ozone/hadoop-ozone/integration-test/target/test-classes/webapps/ozoneManager/,AVAILABLE}{file:/home/runner/work/ozone/ozone/hadoop-ozone/integration-test/target/test-classes/webapps/ozoneManager}
2022-02-15 15:40:45,698 [Listener at 127.0.0.1/45989] INFO  server.AbstractConnector (AbstractConnector.java:doStart(331)) - Started ServerConnector@58daae4d{HTTP/1.1, (http/1.1)}{0.0.0.0:32863}
2022-02-15 15:40:45,698 [Listener at 127.0.0.1/45989] INFO  server.Server (Server.java:doStart(415)) - Started @44180ms
2022-02-15 15:40:45,698 [Listener at 127.0.0.1/45989] WARN  impl.MetricsSystemImpl (MetricsSystemImpl.java:register(279)) - Sink prometheus already exists!
2022-02-15 15:40:45,699 [Listener at 127.0.0.1/45989] INFO  http.BaseHttpServer (BaseHttpServer.java:updateConnectorAddress(329)) - HTTP server of ozoneManager listening at http://0.0.0.0:32863
2022-02-15 15:40:45,701 [IPC Server Responder] INFO  ipc.Server (Server.java:run(1507)) - IPC Server Responder: starting
2022-02-15 15:40:45,701 [IPC Server listener on 0] INFO  ipc.Server (Server.java:run(1344)) - IPC Server listener on 0: starting
2022-02-15 15:40:45,704 [Listener at 127.0.0.1/45989] INFO  om.OzoneManager (OzoneManager.java:startTrashEmptier(1792)) - Trash Interval set to 0. Files deleted will not move to trash
2022-02-15 15:40:45,714 [Listener at 127.0.0.1/45989] WARN  impl.MetricRegistriesImpl (MetricRegistriesImpl.java:addReporterRegistration(111)) - New reporters are added after registries were created. Some metrics will be missing from the reporter. Please add reporter before adding any new registry.
2022-02-15 15:40:45,714 [Listener at 127.0.0.1/45989] WARN  impl.MetricRegistriesImpl (MetricRegistriesImpl.java:addReporterRegistration(111)) - New reporters are added after registries were created. Some metrics will be missing from the reporter. Please add reporter before adding any new registry.
2022-02-15 15:40:45,715 [Listener at 127.0.0.1/45989] INFO  impl.MetricsSystemImpl (MetricsSystemImpl.java:init(158)) - HddsDatanode metrics system started (again)
2022-02-15 15:40:45,714 [org.apache.hadoop.util.JvmPauseMonitor$Monitor@68a097a8] INFO  util.JvmPauseMonitor (JvmPauseMonitor.java:run(188)) - Starting JVM pause monitor
2022-02-15 15:40:45,732 [Listener at 127.0.0.1/45989] INFO  ozone.HddsDatanodeService (HddsDatanodeService.java:start(233)) - HddsDatanodeService host:fv-az50-524.grzltbmokehuzjyc5b133kdqgh.cx.internal.cloudapp.net ip:10.1.0.67
2022-02-15 15:40:45,754 [Listener at 127.0.0.1/45989] INFO  upgrade.AbstractLayoutVersionManager (AbstractLayoutVersionManager.java:init(79)) - Initializing Layout version manager with metadata layout = SCM_HA (version = 2), software layout = SCM_HA (version = 2)
2022-02-15 15:40:45,825 [Listener at 127.0.0.1/45989] INFO  reflections.Reflections (Reflections.java:scan(232)) - Reflections took 69 ms to scan 7 urls, producing 119 keys and 279 values 
2022-02-15 15:40:45,832 [Listener at 127.0.0.1/45989] INFO  statemachine.DatanodeStateMachine (DatanodeStateMachine.java:getEndPointTaskThreadPoolSize(222)) - Datanode State Machine Task Thread Pool size 2
2022-02-15 15:40:45,849 [Listener at 127.0.0.1/45989] INFO  volume.HddsVolume (HddsVolume.java:<init>(120)) - Creating HddsVolume: /home/runner/work/ozone/ozone/hadoop-ozone/integration-test/target/test-dir/MiniOzoneClusterImpl-53bdd20c-eac6-4b45-944c-4408c9f6695f/datanode-0/data-0/containers/hdds of storage type : DISK capacity : 9223372036854775807
2022-02-15 15:40:45,850 [Listener at 127.0.0.1/45989] INFO  volume.MutableVolumeSet (MutableVolumeSet.java:initializeVolumeSet(168)) - Added Volume : /home/runner/work/ozone/ozone/hadoop-ozone/integration-test/target/test-dir/MiniOzoneClusterImpl-53bdd20c-eac6-4b45-944c-4408c9f6695f/datanode-0/data-0/containers/hdds to VolumeSet
2022-02-15 15:40:45,850 [Listener at 127.0.0.1/45989] INFO  volume.ThrottledAsyncChecker (ThrottledAsyncChecker.java:schedule(141)) - Scheduling a check for /home/runner/work/ozone/ozone/hadoop-ozone/integration-test/target/test-dir/MiniOzoneClusterImpl-53bdd20c-eac6-4b45-944c-4408c9f6695f/datanode-0/data-0/containers/hdds
2022-02-15 15:40:45,850 [Listener at 127.0.0.1/45989] INFO  volume.StorageVolumeChecker (StorageVolumeChecker.java:checkAllVolumes(202)) - Scheduled health check for volume /home/runner/work/ozone/ozone/hadoop-ozone/integration-test/target/test-dir/MiniOzoneClusterImpl-53bdd20c-eac6-4b45-944c-4408c9f6695f/datanode-0/data-0/containers/hdds
2022-02-15 15:40:45,862 [Listener at 127.0.0.1/45989] INFO  volume.MutableVolumeSet (MutableVolumeSet.java:initializeVolumeSet(168)) - Added Volume : /home/runner/work/ozone/ozone/hadoop-ozone/integration-test/target/test-dir/MiniOzoneClusterImpl-53bdd20c-eac6-4b45-944c-4408c9f6695f/datanode-0/data/ratis to VolumeSet
2022-02-15 15:40:45,862 [Listener at 127.0.0.1/45989] INFO  volume.ThrottledAsyncChecker (ThrottledAsyncChecker.java:schedule(141)) - Scheduling a check for /home/runner/work/ozone/ozone/hadoop-ozone/integration-test/target/test-dir/MiniOzoneClusterImpl-53bdd20c-eac6-4b45-944c-4408c9f6695f/datanode-0/data/ratis
2022-02-15 15:40:45,862 [Listener at 127.0.0.1/45989] INFO  volume.StorageVolumeChecker (StorageVolumeChecker.java:checkAllVolumes(202)) - Scheduled health check for volume /home/runner/work/ozone/ozone/hadoop-ozone/integration-test/target/test-dir/MiniOzoneClusterImpl-53bdd20c-eac6-4b45-944c-4408c9f6695f/datanode-0/data/ratis
2022-02-15 15:40:45,872 [Thread-299] INFO  ozoneimpl.ContainerReader (ContainerReader.java:readVolume(172)) - Finish verifying containers on volume /home/runner/work/ozone/ozone/hadoop-ozone/integration-test/target/test-dir/MiniOzoneClusterImpl-53bdd20c-eac6-4b45-944c-4408c9f6695f/datanode-0/data-0/containers/hdds
2022-02-15 15:40:45,872 [Listener at 127.0.0.1/45989] INFO  ozoneimpl.OzoneContainer (OzoneContainer.java:buildContainerSet(237)) - Build ContainerSet costs 0s
2022-02-15 15:40:45,875 [Listener at 127.0.0.1/45989] INFO  server.RaftServer (ConfUtils.java:logGet(44)) - raft.rpc.type = GRPC (default)
2022-02-15 15:40:45,875 [Listener at 127.0.0.1/45989] INFO  grpc.GrpcFactory (GrpcFactory.java:checkPooledByteBufAllocatorUseCacheForAllThreads(48)) - PERFORMANCE WARNING: useCacheForAllThreads is true that may cause Netty to create a lot garbage objects and, as a result, trigger GC.
	It is recommended to disable useCacheForAllThreads by setting -Dorg.apache.ratis.thirdparty.io.netty.allocator.useCacheForAllThreads=false in command line.
2022-02-15 15:40:45,876 [Listener at 127.0.0.1/45989] INFO  grpc.GrpcConfigKeys (ConfUtils.java:logGet(44)) - raft.grpc.admin.port = 0 (custom)
2022-02-15 15:40:45,876 [Listener at 127.0.0.1/45989] INFO  grpc.GrpcConfigKeys (ConfUtils.java:logGet(44)) - raft.grpc.client.port = 0 (custom)
2022-02-15 15:40:45,876 [Listener at 127.0.0.1/45989] INFO  grpc.GrpcConfigKeys (ConfUtils.java:logGet(44)) - raft.grpc.server.port = 0 (default)
2022-02-15 15:40:45,876 [Listener at 127.0.0.1/45989] INFO  server.GrpcService (ConfUtils.java:logGet(44)) - raft.grpc.message.size.max = 32MB (=33554432) (custom)
2022-02-15 15:40:45,876 [Listener at 127.0.0.1/45989] INFO  server.RaftServerConfigKeys (ConfUtils.java:logGet(44)) - raft.server.log.appender.buffer.byte-limit = 33554432 (custom)
2022-02-15 15:40:45,876 [Listener at 127.0.0.1/45989] INFO  server.GrpcService (ConfUtils.java:logGet(44)) - raft.grpc.flow.control.window = 5MB (=5242880) (custom)
2022-02-15 15:40:45,876 [Listener at 127.0.0.1/45989] INFO  server.RaftServerConfigKeys (ConfUtils.java:logGet(44)) - raft.server.rpc.request.timeout = 60s (custom)
2022-02-15 15:40:45,877 [Listener at 127.0.0.1/45989] INFO  impl.DataStreamServerImpl (ConfUtils.java:logGet(44)) - raft.datastream.type = DISABLED (default)
2022-02-15 15:40:45,877 [Listener at 127.0.0.1/45989] INFO  server.RaftServerConfigKeys (ConfUtils.java:logGet(44)) - raft.server.rpc.slowness.timeout = 300s (custom)
2022-02-15 15:40:45,877 [Listener at 127.0.0.1/45989] INFO  server.RaftServerConfigKeys (ConfUtils.java:logGet(44)) - raft.server.leaderelection.leader.step-down.wait-time = 10s (default)
2022-02-15 15:40:45,878 [Listener at 127.0.0.1/45989] INFO  server.RaftServerConfigKeys (ConfUtils.java:logGet(44)) - raft.server.storage.dir = [/home/runner/work/ozone/ozone/hadoop-ozone/integration-test/target/test-dir/MiniOzoneClusterImpl-53bdd20c-eac6-4b45-944c-4408c9f6695f/datanode-0/data/ratis] (custom)
2022-02-15 15:40:45,879 [Listener at 127.0.0.1/45989] INFO  server.XceiverServerGrpc (XceiverServerGrpc.java:<init>(132)) - GrpcServer channel type EpollServerSocketChannel
2022-02-15 15:40:45,882 [Listener at 127.0.0.1/45989] INFO  http.BaseHttpServer (BaseHttpServer.java:newHttpServer2BuilderForOzone(209)) - Starting Web-server for hddsDatanode at: http://0.0.0.0:0
2022-02-15 15:40:45,882 [Listener at 127.0.0.1/45989] INFO  http.BaseHttpServer (BaseHttpServer.java:<init>(107)) - Hadoop Security Enabled: false Ozone Security Enabled: false Ozone HTTP Security Enabled: false 
2022-02-15 15:40:45,883 [Listener at 127.0.0.1/45989] INFO  server.AuthenticationFilter (AuthenticationFilter.java:constructSecretProvider(240)) - Unable to initialize FileSignerSecretProvider, falling back to use random secrets.
2022-02-15 15:40:45,884 [Listener at 127.0.0.1/45989] WARN  http.HttpRequestLog (HttpRequestLog.java:getRequestLog(103)) - Jetty request log can only be enabled using Log4j
2022-02-15 15:40:45,884 [Listener at 127.0.0.1/45989] INFO  http.HttpServer2 (HttpServer2.java:addGlobalFilter(1030)) - Added global filter 'safety' (class=org.apache.hadoop.hdds.server.http.HttpServer2$QuotingInputFilter)
2022-02-15 15:40:45,885 [Listener at 127.0.0.1/45989] INFO  http.HttpServer2 (HttpServer2.java:addFilter(1006)) - Added filter static_user_filter (class=org.apache.hadoop.http.lib.StaticUserWebFilter$StaticUserFilter) to context hddsDatanode
2022-02-15 15:40:45,885 [Listener at 127.0.0.1/45989] INFO  http.HttpServer2 (HttpServer2.java:addFilter(1014)) - Added filter static_user_filter (class=org.apache.hadoop.http.lib.StaticUserWebFilter$StaticUserFilter) to context static
2022-02-15 15:40:45,885 [Listener at 127.0.0.1/45989] INFO  http.HttpServer2 (HttpServer2.java:addFilter(1014)) - Added filter static_user_filter (class=org.apache.hadoop.http.lib.StaticUserWebFilter$StaticUserFilter) to context logs
2022-02-15 15:40:45,886 [Listener at 127.0.0.1/45989] INFO  http.HttpServer2 (HttpServer2.java:bindListener(1249)) - Jetty bound to port 33999
2022-02-15 15:40:45,886 [Listener at 127.0.0.1/45989] INFO  server.Server (Server.java:doStart(375)) - jetty-9.4.43.v20210629; built: 2021-06-30T11:07:22.254Z; git: 526006ecfa3af7f1a27ef3a288e2bef7ea9dd7e8; jvm 1.8.0_312-b07
2022-02-15 15:40:45,892 [Listener at 127.0.0.1/45989] INFO  server.session (DefaultSessionIdManager.java:doStart(334)) - DefaultSessionIdManager workerName=node0
2022-02-15 15:40:45,892 [Listener at 127.0.0.1/45989] INFO  server.session (DefaultSessionIdManager.java:doStart(339)) - No SessionScavenger set, using defaults
2022-02-15 15:40:45,892 [Listener at 127.0.0.1/45989] INFO  server.session (HouseKeeper.java:startScavenging(132)) - node0 Scavenging every 660000ms
2022-02-15 15:40:45,894 [Listener at 127.0.0.1/45989] INFO  handler.ContextHandler (ContextHandler.java:doStart(915)) - Started o.e.j.s.ServletContextHandler@7274089c{logs,/logs,file:///home/runner/work/ozone/ozone/hadoop-ozone/integration-test/target/log,AVAILABLE}
2022-02-15 15:40:45,894 [Listener at 127.0.0.1/45989] INFO  handler.ContextHandler (ContextHandler.java:doStart(915)) - Started o.e.j.s.ServletContextHandler@18b0ff51{static,/static,jar:file:/home/runner/.m2/repository/org/apache/ozone/hdds-container-service/1.3.0-SNAPSHOT/hdds-container-service-1.3.0-SNAPSHOT.jar!/webapps/static,AVAILABLE}
2022-02-15 15:40:45,944 [Listener at 127.0.0.1/45989] INFO  handler.ContextHandler (ContextHandler.java:doStart(915)) - Started o.e.j.w.WebAppContext@3fc09246{hddsDatanode,/,file:///tmp/jetty-0_0_0_0-33999-hdds-container-service-1_3_0-SNAPSHOT_jar-_-any-3183972893534418377/webapp/,AVAILABLE}{jar:file:/home/runner/.m2/repository/org/apache/ozone/hdds-container-service/1.3.0-SNAPSHOT/hdds-container-service-1.3.0-SNAPSHOT.jar!/webapps/hddsDatanode}
2022-02-15 15:40:45,945 [Listener at 127.0.0.1/45989] INFO  server.AbstractConnector (AbstractConnector.java:doStart(331)) - Started ServerConnector@84568fd{HTTP/1.1, (http/1.1)}{0.0.0.0:33999}
2022-02-15 15:40:45,945 [Listener at 127.0.0.1/45989] INFO  server.Server (Server.java:doStart(415)) - Started @44427ms
2022-02-15 15:40:45,945 [Listener at 127.0.0.1/45989] WARN  impl.MetricsSystemImpl (MetricsSystemImpl.java:register(279)) - Sink prometheus already exists!
2022-02-15 15:40:45,946 [Listener at 127.0.0.1/45989] INFO  http.BaseHttpServer (BaseHttpServer.java:updateConnectorAddress(329)) - HTTP server of hddsDatanode listening at http://0.0.0.0:33999
2022-02-15 15:40:45,948 [Listener at 127.0.0.1/45989] WARN  impl.MetricRegistriesImpl (MetricRegistriesImpl.java:addReporterRegistration(111)) - New reporters are added after registries were created. Some metrics will be missing from the reporter. Please add reporter before adding any new registry.
2022-02-15 15:40:45,948 [Listener at 127.0.0.1/45989] WARN  impl.MetricRegistriesImpl (MetricRegistriesImpl.java:addReporterRegistration(111)) - New reporters are added after registries were created. Some metrics will be missing from the reporter. Please add reporter before adding any new registry.
2022-02-15 15:40:45,948 [Listener at 127.0.0.1/45989] INFO  impl.MetricsSystemImpl (MetricsSystemImpl.java:init(158)) - HddsDatanode metrics system started (again)
2022-02-15 15:40:45,958 [Datanode State Machine Daemon Thread] INFO  statemachine.DatanodeStateMachine (DatanodeStateMachine.java:lambda$startDaemon$0(470)) - Ozone container server started.
2022-02-15 15:40:45,959 [Listener at 127.0.0.1/45989] INFO  ozone.HddsDatanodeService (HddsDatanodeService.java:start(233)) - HddsDatanodeService host:fv-az50-524.grzltbmokehuzjyc5b133kdqgh.cx.internal.cloudapp.net ip:10.1.0.67
2022-02-15 15:40:45,975 [org.apache.hadoop.util.JvmPauseMonitor$Monitor@63aaf805] INFO  util.JvmPauseMonitor (JvmPauseMonitor.java:run(188)) - Starting JVM pause monitor
2022-02-15 15:40:45,978 [Listener at 127.0.0.1/45989] INFO  upgrade.AbstractLayoutVersionManager (AbstractLayoutVersionManager.java:init(79)) - Initializing Layout version manager with metadata layout = SCM_HA (version = 2), software layout = SCM_HA (version = 2)
2022-02-15 15:40:46,001 [Datanode State Machine Task Thread - 0] INFO  datanode.InitDatanodeState (InitDatanodeState.java:persistContainerDatanodeDetails(138)) - DatanodeDetails is persisted to /home/runner/work/ozone/ozone/hadoop-ozone/integration-test/target/test-dir/MiniOzoneClusterImpl-53bdd20c-eac6-4b45-944c-4408c9f6695f/datanode-0/meta/datanode.id
2022-02-15 15:40:46,027 [Listener at 127.0.0.1/45989] INFO  reflections.Reflections (Reflections.java:scan(232)) - Reflections took 48 ms to scan 7 urls, producing 119 keys and 279 values 
2022-02-15 15:40:46,030 [Listener at 127.0.0.1/45989] INFO  statemachine.DatanodeStateMachine (DatanodeStateMachine.java:getEndPointTaskThreadPoolSize(222)) - Datanode State Machine Task Thread Pool size 2
2022-02-15 15:40:46,048 [Listener at 127.0.0.1/45989] INFO  volume.HddsVolume (HddsVolume.java:<init>(120)) - Creating HddsVolume: /home/runner/work/ozone/ozone/hadoop-ozone/integration-test/target/test-dir/MiniOzoneClusterImpl-53bdd20c-eac6-4b45-944c-4408c9f6695f/datanode-1/data-0/containers/hdds of storage type : DISK capacity : 9223372036854775807
2022-02-15 15:40:46,048 [Listener at 127.0.0.1/45989] INFO  volume.MutableVolumeSet (MutableVolumeSet.java:initializeVolumeSet(168)) - Added Volume : /home/runner/work/ozone/ozone/hadoop-ozone/integration-test/target/test-dir/MiniOzoneClusterImpl-53bdd20c-eac6-4b45-944c-4408c9f6695f/datanode-1/data-0/containers/hdds to VolumeSet
2022-02-15 15:40:46,049 [Listener at 127.0.0.1/45989] INFO  volume.ThrottledAsyncChecker (ThrottledAsyncChecker.java:schedule(141)) - Scheduling a check for /home/runner/work/ozone/ozone/hadoop-ozone/integration-test/target/test-dir/MiniOzoneClusterImpl-53bdd20c-eac6-4b45-944c-4408c9f6695f/datanode-1/data-0/containers/hdds
2022-02-15 15:40:46,063 [Listener at 127.0.0.1/45989] INFO  volume.StorageVolumeChecker (StorageVolumeChecker.java:checkAllVolumes(202)) - Scheduled health check for volume /home/runner/work/ozone/ozone/hadoop-ozone/integration-test/target/test-dir/MiniOzoneClusterImpl-53bdd20c-eac6-4b45-944c-4408c9f6695f/datanode-1/data-0/containers/hdds
2022-02-15 15:40:46,086 [Listener at 127.0.0.1/45989] INFO  volume.MutableVolumeSet (MutableVolumeSet.java:initializeVolumeSet(168)) - Added Volume : /home/runner/work/ozone/ozone/hadoop-ozone/integration-test/target/test-dir/MiniOzoneClusterImpl-53bdd20c-eac6-4b45-944c-4408c9f6695f/datanode-1/data/ratis to VolumeSet
2022-02-15 15:40:46,086 [Listener at 127.0.0.1/45989] INFO  volume.ThrottledAsyncChecker (ThrottledAsyncChecker.java:schedule(141)) - Scheduling a check for /home/runner/work/ozone/ozone/hadoop-ozone/integration-test/target/test-dir/MiniOzoneClusterImpl-53bdd20c-eac6-4b45-944c-4408c9f6695f/datanode-1/data/ratis
2022-02-15 15:40:46,086 [Listener at 127.0.0.1/45989] INFO  volume.StorageVolumeChecker (StorageVolumeChecker.java:checkAllVolumes(202)) - Scheduled health check for volume /home/runner/work/ozone/ozone/hadoop-ozone/integration-test/target/test-dir/MiniOzoneClusterImpl-53bdd20c-eac6-4b45-944c-4408c9f6695f/datanode-1/data/ratis
2022-02-15 15:40:46,123 [Thread-311] INFO  ozoneimpl.ContainerReader (ContainerReader.java:readVolume(172)) - Finish verifying containers on volume /home/runner/work/ozone/ozone/hadoop-ozone/integration-test/target/test-dir/MiniOzoneClusterImpl-53bdd20c-eac6-4b45-944c-4408c9f6695f/datanode-1/data-0/containers/hdds
2022-02-15 15:40:46,124 [Listener at 127.0.0.1/45989] INFO  ozoneimpl.OzoneContainer (OzoneContainer.java:buildContainerSet(237)) - Build ContainerSet costs 0s
2022-02-15 15:40:46,127 [Listener at 127.0.0.1/45989] INFO  server.RaftServer (ConfUtils.java:logGet(44)) - raft.rpc.type = GRPC (default)
2022-02-15 15:40:46,127 [Listener at 127.0.0.1/45989] INFO  grpc.GrpcFactory (GrpcFactory.java:checkPooledByteBufAllocatorUseCacheForAllThreads(48)) - PERFORMANCE WARNING: useCacheForAllThreads is true that may cause Netty to create a lot garbage objects and, as a result, trigger GC.
	It is recommended to disable useCacheForAllThreads by setting -Dorg.apache.ratis.thirdparty.io.netty.allocator.useCacheForAllThreads=false in command line.
2022-02-15 15:40:46,127 [Listener at 127.0.0.1/45989] INFO  grpc.GrpcConfigKeys (ConfUtils.java:logGet(44)) - raft.grpc.admin.port = 0 (custom)
2022-02-15 15:40:46,127 [Listener at 127.0.0.1/45989] INFO  grpc.GrpcConfigKeys (ConfUtils.java:logGet(44)) - raft.grpc.client.port = 0 (custom)
2022-02-15 15:40:46,127 [Listener at 127.0.0.1/45989] INFO  grpc.GrpcConfigKeys (ConfUtils.java:logGet(44)) - raft.grpc.server.port = 0 (default)
2022-02-15 15:40:46,128 [Listener at 127.0.0.1/45989] INFO  server.GrpcService (ConfUtils.java:logGet(44)) - raft.grpc.message.size.max = 32MB (=33554432) (custom)
2022-02-15 15:40:46,129 [Listener at 127.0.0.1/45989] INFO  server.RaftServerConfigKeys (ConfUtils.java:logGet(44)) - raft.server.log.appender.buffer.byte-limit = 33554432 (custom)
2022-02-15 15:40:46,129 [Listener at 127.0.0.1/45989] INFO  server.GrpcService (ConfUtils.java:logGet(44)) - raft.grpc.flow.control.window = 5MB (=5242880) (custom)
2022-02-15 15:40:46,129 [Listener at 127.0.0.1/45989] INFO  server.RaftServerConfigKeys (ConfUtils.java:logGet(44)) - raft.server.rpc.request.timeout = 60s (custom)
2022-02-15 15:40:46,130 [Listener at 127.0.0.1/45989] INFO  impl.DataStreamServerImpl (ConfUtils.java:logGet(44)) - raft.datastream.type = DISABLED (default)
2022-02-15 15:40:46,130 [Listener at 127.0.0.1/45989] INFO  server.RaftServerConfigKeys (ConfUtils.java:logGet(44)) - raft.server.rpc.slowness.timeout = 300s (custom)
2022-02-15 15:40:46,130 [Listener at 127.0.0.1/45989] INFO  server.RaftServerConfigKeys (ConfUtils.java:logGet(44)) - raft.server.leaderelection.leader.step-down.wait-time = 10s (default)
2022-02-15 15:40:46,131 [Listener at 127.0.0.1/45989] INFO  server.RaftServerConfigKeys (ConfUtils.java:logGet(44)) - raft.server.storage.dir = [/home/runner/work/ozone/ozone/hadoop-ozone/integration-test/target/test-dir/MiniOzoneClusterImpl-53bdd20c-eac6-4b45-944c-4408c9f6695f/datanode-1/data/ratis] (custom)
2022-02-15 15:40:46,136 [Listener at 127.0.0.1/45989] INFO  server.XceiverServerGrpc (XceiverServerGrpc.java:<init>(132)) - GrpcServer channel type EpollServerSocketChannel
2022-02-15 15:40:46,144 [Listener at 127.0.0.1/45989] INFO  http.BaseHttpServer (BaseHttpServer.java:newHttpServer2BuilderForOzone(209)) - Starting Web-server for hddsDatanode at: http://0.0.0.0:0
2022-02-15 15:40:46,144 [Listener at 127.0.0.1/45989] INFO  http.BaseHttpServer (BaseHttpServer.java:<init>(107)) - Hadoop Security Enabled: false Ozone Security Enabled: false Ozone HTTP Security Enabled: false 
2022-02-15 15:40:46,145 [Listener at 127.0.0.1/45989] INFO  server.AuthenticationFilter (AuthenticationFilter.java:constructSecretProvider(240)) - Unable to initialize FileSignerSecretProvider, falling back to use random secrets.
2022-02-15 15:40:46,152 [Listener at 127.0.0.1/45989] WARN  http.HttpRequestLog (HttpRequestLog.java:getRequestLog(103)) - Jetty request log can only be enabled using Log4j
2022-02-15 15:40:46,152 [Listener at 127.0.0.1/45989] INFO  http.HttpServer2 (HttpServer2.java:addGlobalFilter(1030)) - Added global filter 'safety' (class=org.apache.hadoop.hdds.server.http.HttpServer2$QuotingInputFilter)
2022-02-15 15:40:46,153 [Listener at 127.0.0.1/45989] INFO  http.HttpServer2 (HttpServer2.java:addFilter(1006)) - Added filter static_user_filter (class=org.apache.hadoop.http.lib.StaticUserWebFilter$StaticUserFilter) to context hddsDatanode
2022-02-15 15:40:46,153 [Listener at 127.0.0.1/45989] INFO  http.HttpServer2 (HttpServer2.java:addFilter(1014)) - Added filter static_user_filter (class=org.apache.hadoop.http.lib.StaticUserWebFilter$StaticUserFilter) to context logs
2022-02-15 15:40:46,153 [Listener at 127.0.0.1/45989] INFO  http.HttpServer2 (HttpServer2.java:addFilter(1014)) - Added filter static_user_filter (class=org.apache.hadoop.http.lib.StaticUserWebFilter$StaticUserFilter) to context static
2022-02-15 15:40:46,154 [Listener at 127.0.0.1/45989] INFO  http.HttpServer2 (HttpServer2.java:bindListener(1249)) - Jetty bound to port 35103
2022-02-15 15:40:46,154 [Listener at 127.0.0.1/45989] INFO  server.Server (Server.java:doStart(375)) - jetty-9.4.43.v20210629; built: 2021-06-30T11:07:22.254Z; git: 526006ecfa3af7f1a27ef3a288e2bef7ea9dd7e8; jvm 1.8.0_312-b07
2022-02-15 15:40:46,219 [Listener at 127.0.0.1/45989] INFO  server.session (DefaultSessionIdManager.java:doStart(334)) - DefaultSessionIdManager workerName=node0
2022-02-15 15:40:46,220 [Listener at 127.0.0.1/45989] INFO  server.session (DefaultSessionIdManager.java:doStart(339)) - No SessionScavenger set, using defaults
2022-02-15 15:40:46,220 [Listener at 127.0.0.1/45989] INFO  server.session (HouseKeeper.java:startScavenging(132)) - node0 Scavenging every 660000ms
2022-02-15 15:40:46,228 [Listener at 127.0.0.1/45989] INFO  handler.ContextHandler (ContextHandler.java:doStart(915)) - Started o.e.j.s.ServletContextHandler@4878d858{logs,/logs,file:///home/runner/work/ozone/ozone/hadoop-ozone/integration-test/target/log,AVAILABLE}
2022-02-15 15:40:46,228 [Listener at 127.0.0.1/45989] INFO  handler.ContextHandler (ContextHandler.java:doStart(915)) - Started o.e.j.s.ServletContextHandler@26116234{static,/static,jar:file:/home/runner/.m2/repository/org/apache/ozone/hdds-container-service/1.3.0-SNAPSHOT/hdds-container-service-1.3.0-SNAPSHOT.jar!/webapps/static,AVAILABLE}
2022-02-15 15:40:46,302 [Listener at 127.0.0.1/45989] INFO  handler.ContextHandler (ContextHandler.java:doStart(915)) - Started o.e.j.w.WebAppContext@236c6c53{hddsDatanode,/,file:///tmp/jetty-0_0_0_0-35103-hdds-container-service-1_3_0-SNAPSHOT_jar-_-any-6189601058970813456/webapp/,AVAILABLE}{jar:file:/home/runner/.m2/repository/org/apache/ozone/hdds-container-service/1.3.0-SNAPSHOT/hdds-container-service-1.3.0-SNAPSHOT.jar!/webapps/hddsDatanode}
2022-02-15 15:40:46,306 [Listener at 127.0.0.1/45989] INFO  server.AbstractConnector (AbstractConnector.java:doStart(331)) - Started ServerConnector@5d820592{HTTP/1.1, (http/1.1)}{0.0.0.0:35103}
2022-02-15 15:40:46,306 [Listener at 127.0.0.1/45989] INFO  server.Server (Server.java:doStart(415)) - Started @44788ms
2022-02-15 15:40:46,306 [Listener at 127.0.0.1/45989] WARN  impl.MetricsSystemImpl (MetricsSystemImpl.java:register(279)) - Sink prometheus already exists!
2022-02-15 15:40:46,307 [Listener at 127.0.0.1/45989] INFO  http.BaseHttpServer (BaseHttpServer.java:updateConnectorAddress(329)) - HTTP server of hddsDatanode listening at http://0.0.0.0:35103
2022-02-15 15:40:46,315 [Datanode State Machine Daemon Thread] INFO  statemachine.DatanodeStateMachine (DatanodeStateMachine.java:lambda$startDaemon$0(470)) - Ozone container server started.
2022-02-15 15:40:46,316 [Listener at 127.0.0.1/45989] WARN  impl.MetricRegistriesImpl (MetricRegistriesImpl.java:addReporterRegistration(111)) - New reporters are added after registries were created. Some metrics will be missing from the reporter. Please add reporter before adding any new registry.
2022-02-15 15:40:46,316 [Listener at 127.0.0.1/45989] WARN  impl.MetricRegistriesImpl (MetricRegistriesImpl.java:addReporterRegistration(111)) - New reporters are added after registries were created. Some metrics will be missing from the reporter. Please add reporter before adding any new registry.
2022-02-15 15:40:46,316 [Listener at 127.0.0.1/45989] INFO  impl.MetricsSystemImpl (MetricsSystemImpl.java:init(158)) - HddsDatanode metrics system started (again)
2022-02-15 15:40:46,328 [Listener at 127.0.0.1/45989] INFO  ozone.HddsDatanodeService (HddsDatanodeService.java:start(233)) - HddsDatanodeService host:fv-az50-524.grzltbmokehuzjyc5b133kdqgh.cx.internal.cloudapp.net ip:10.1.0.67
2022-02-15 15:40:46,337 [org.apache.hadoop.util.JvmPauseMonitor$Monitor@7bae5373] INFO  util.JvmPauseMonitor (JvmPauseMonitor.java:run(188)) - Starting JVM pause monitor
2022-02-15 15:40:46,351 [Datanode State Machine Task Thread - 0] INFO  datanode.InitDatanodeState (InitDatanodeState.java:persistContainerDatanodeDetails(138)) - DatanodeDetails is persisted to /home/runner/work/ozone/ozone/hadoop-ozone/integration-test/target/test-dir/MiniOzoneClusterImpl-53bdd20c-eac6-4b45-944c-4408c9f6695f/datanode-1/meta/datanode.id
2022-02-15 15:40:46,358 [Listener at 127.0.0.1/45989] INFO  upgrade.AbstractLayoutVersionManager (AbstractLayoutVersionManager.java:init(79)) - Initializing Layout version manager with metadata layout = SCM_HA (version = 2), software layout = SCM_HA (version = 2)
2022-02-15 15:40:46,395 [Listener at 127.0.0.1/45989] INFO  reflections.Reflections (Reflections.java:scan(232)) - Reflections took 35 ms to scan 7 urls, producing 119 keys and 279 values 
2022-02-15 15:40:46,403 [Listener at 127.0.0.1/45989] INFO  statemachine.DatanodeStateMachine (DatanodeStateMachine.java:getEndPointTaskThreadPoolSize(222)) - Datanode State Machine Task Thread Pool size 2
2022-02-15 15:40:46,412 [Listener at 127.0.0.1/45989] INFO  volume.HddsVolume (HddsVolume.java:<init>(120)) - Creating HddsVolume: /home/runner/work/ozone/ozone/hadoop-ozone/integration-test/target/test-dir/MiniOzoneClusterImpl-53bdd20c-eac6-4b45-944c-4408c9f6695f/datanode-2/data-0/containers/hdds of storage type : DISK capacity : 9223372036854775807
2022-02-15 15:40:46,412 [Listener at 127.0.0.1/45989] INFO  volume.MutableVolumeSet (MutableVolumeSet.java:initializeVolumeSet(168)) - Added Volume : /home/runner/work/ozone/ozone/hadoop-ozone/integration-test/target/test-dir/MiniOzoneClusterImpl-53bdd20c-eac6-4b45-944c-4408c9f6695f/datanode-2/data-0/containers/hdds to VolumeSet
2022-02-15 15:40:46,413 [Listener at 127.0.0.1/45989] INFO  volume.ThrottledAsyncChecker (ThrottledAsyncChecker.java:schedule(141)) - Scheduling a check for /home/runner/work/ozone/ozone/hadoop-ozone/integration-test/target/test-dir/MiniOzoneClusterImpl-53bdd20c-eac6-4b45-944c-4408c9f6695f/datanode-2/data-0/containers/hdds
2022-02-15 15:40:46,431 [Listener at 127.0.0.1/45989] INFO  volume.StorageVolumeChecker (StorageVolumeChecker.java:checkAllVolumes(202)) - Scheduled health check for volume /home/runner/work/ozone/ozone/hadoop-ozone/integration-test/target/test-dir/MiniOzoneClusterImpl-53bdd20c-eac6-4b45-944c-4408c9f6695f/datanode-2/data-0/containers/hdds
2022-02-15 15:40:46,445 [Listener at 127.0.0.1/45989] INFO  volume.MutableVolumeSet (MutableVolumeSet.java:initializeVolumeSet(168)) - Added Volume : /home/runner/work/ozone/ozone/hadoop-ozone/integration-test/target/test-dir/MiniOzoneClusterImpl-53bdd20c-eac6-4b45-944c-4408c9f6695f/datanode-2/data/ratis to VolumeSet
2022-02-15 15:40:46,445 [Listener at 127.0.0.1/45989] INFO  volume.ThrottledAsyncChecker (ThrottledAsyncChecker.java:schedule(141)) - Scheduling a check for /home/runner/work/ozone/ozone/hadoop-ozone/integration-test/target/test-dir/MiniOzoneClusterImpl-53bdd20c-eac6-4b45-944c-4408c9f6695f/datanode-2/data/ratis
2022-02-15 15:40:46,445 [Listener at 127.0.0.1/45989] INFO  volume.StorageVolumeChecker (StorageVolumeChecker.java:checkAllVolumes(202)) - Scheduled health check for volume /home/runner/work/ozone/ozone/hadoop-ozone/integration-test/target/test-dir/MiniOzoneClusterImpl-53bdd20c-eac6-4b45-944c-4408c9f6695f/datanode-2/data/ratis
2022-02-15 15:40:46,462 [Thread-323] INFO  ozoneimpl.ContainerReader (ContainerReader.java:readVolume(172)) - Finish verifying containers on volume /home/runner/work/ozone/ozone/hadoop-ozone/integration-test/target/test-dir/MiniOzoneClusterImpl-53bdd20c-eac6-4b45-944c-4408c9f6695f/datanode-2/data-0/containers/hdds
2022-02-15 15:40:46,462 [Listener at 127.0.0.1/45989] INFO  ozoneimpl.OzoneContainer (OzoneContainer.java:buildContainerSet(237)) - Build ContainerSet costs 0s
2022-02-15 15:40:46,465 [Listener at 127.0.0.1/45989] INFO  server.RaftServer (ConfUtils.java:logGet(44)) - raft.rpc.type = GRPC (default)
2022-02-15 15:40:46,466 [Listener at 127.0.0.1/45989] INFO  grpc.GrpcFactory (GrpcFactory.java:checkPooledByteBufAllocatorUseCacheForAllThreads(48)) - PERFORMANCE WARNING: useCacheForAllThreads is true that may cause Netty to create a lot garbage objects and, as a result, trigger GC.
	It is recommended to disable useCacheForAllThreads by setting -Dorg.apache.ratis.thirdparty.io.netty.allocator.useCacheForAllThreads=false in command line.
2022-02-15 15:40:46,466 [Listener at 127.0.0.1/45989] INFO  grpc.GrpcConfigKeys (ConfUtils.java:logGet(44)) - raft.grpc.admin.port = 0 (custom)
2022-02-15 15:40:46,466 [Listener at 127.0.0.1/45989] INFO  grpc.GrpcConfigKeys (ConfUtils.java:logGet(44)) - raft.grpc.client.port = 0 (custom)
2022-02-15 15:40:46,466 [Listener at 127.0.0.1/45989] INFO  grpc.GrpcConfigKeys (ConfUtils.java:logGet(44)) - raft.grpc.server.port = 0 (default)
2022-02-15 15:40:46,466 [Listener at 127.0.0.1/45989] INFO  server.GrpcService (ConfUtils.java:logGet(44)) - raft.grpc.message.size.max = 32MB (=33554432) (custom)
2022-02-15 15:40:46,466 [Listener at 127.0.0.1/45989] INFO  server.RaftServerConfigKeys (ConfUtils.java:logGet(44)) - raft.server.log.appender.buffer.byte-limit = 33554432 (custom)
2022-02-15 15:40:46,466 [Listener at 127.0.0.1/45989] INFO  server.GrpcService (ConfUtils.java:logGet(44)) - raft.grpc.flow.control.window = 5MB (=5242880) (custom)
2022-02-15 15:40:46,466 [Listener at 127.0.0.1/45989] INFO  server.RaftServerConfigKeys (ConfUtils.java:logGet(44)) - raft.server.rpc.request.timeout = 60s (custom)
2022-02-15 15:40:46,467 [Listener at 127.0.0.1/45989] INFO  impl.DataStreamServerImpl (ConfUtils.java:logGet(44)) - raft.datastream.type = DISABLED (default)
2022-02-15 15:40:46,468 [Listener at 127.0.0.1/45989] INFO  server.RaftServerConfigKeys (ConfUtils.java:logGet(44)) - raft.server.rpc.slowness.timeout = 300s (custom)
2022-02-15 15:40:46,468 [Listener at 127.0.0.1/45989] INFO  server.RaftServerConfigKeys (ConfUtils.java:logGet(44)) - raft.server.leaderelection.leader.step-down.wait-time = 10s (default)
2022-02-15 15:40:46,468 [Listener at 127.0.0.1/45989] INFO  server.RaftServerConfigKeys (ConfUtils.java:logGet(44)) - raft.server.storage.dir = [/home/runner/work/ozone/ozone/hadoop-ozone/integration-test/target/test-dir/MiniOzoneClusterImpl-53bdd20c-eac6-4b45-944c-4408c9f6695f/datanode-2/data/ratis] (custom)
2022-02-15 15:40:46,472 [Listener at 127.0.0.1/45989] INFO  server.XceiverServerGrpc (XceiverServerGrpc.java:<init>(132)) - GrpcServer channel type EpollServerSocketChannel
2022-02-15 15:40:46,476 [Listener at 127.0.0.1/45989] INFO  http.BaseHttpServer (BaseHttpServer.java:newHttpServer2BuilderForOzone(209)) - Starting Web-server for hddsDatanode at: http://0.0.0.0:0
2022-02-15 15:40:46,476 [Listener at 127.0.0.1/45989] INFO  http.BaseHttpServer (BaseHttpServer.java:<init>(107)) - Hadoop Security Enabled: false Ozone Security Enabled: false Ozone HTTP Security Enabled: false 
2022-02-15 15:40:46,478 [Listener at 127.0.0.1/45989] INFO  server.AuthenticationFilter (AuthenticationFilter.java:constructSecretProvider(240)) - Unable to initialize FileSignerSecretProvider, falling back to use random secrets.
2022-02-15 15:40:46,478 [Listener at 127.0.0.1/45989] WARN  http.HttpRequestLog (HttpRequestLog.java:getRequestLog(103)) - Jetty request log can only be enabled using Log4j
2022-02-15 15:40:46,479 [Listener at 127.0.0.1/45989] INFO  http.HttpServer2 (HttpServer2.java:addGlobalFilter(1030)) - Added global filter 'safety' (class=org.apache.hadoop.hdds.server.http.HttpServer2$QuotingInputFilter)
2022-02-15 15:40:46,480 [Listener at 127.0.0.1/45989] INFO  http.HttpServer2 (HttpServer2.java:addFilter(1006)) - Added filter static_user_filter (class=org.apache.hadoop.http.lib.StaticUserWebFilter$StaticUserFilter) to context hddsDatanode
2022-02-15 15:40:46,480 [Listener at 127.0.0.1/45989] INFO  http.HttpServer2 (HttpServer2.java:addFilter(1014)) - Added filter static_user_filter (class=org.apache.hadoop.http.lib.StaticUserWebFilter$StaticUserFilter) to context static
2022-02-15 15:40:46,480 [Listener at 127.0.0.1/45989] INFO  http.HttpServer2 (HttpServer2.java:addFilter(1014)) - Added filter static_user_filter (class=org.apache.hadoop.http.lib.StaticUserWebFilter$StaticUserFilter) to context logs
2022-02-15 15:40:46,480 [Listener at 127.0.0.1/45989] INFO  http.HttpServer2 (HttpServer2.java:bindListener(1249)) - Jetty bound to port 40615
2022-02-15 15:40:46,480 [Listener at 127.0.0.1/45989] INFO  server.Server (Server.java:doStart(375)) - jetty-9.4.43.v20210629; built: 2021-06-30T11:07:22.254Z; git: 526006ecfa3af7f1a27ef3a288e2bef7ea9dd7e8; jvm 1.8.0_312-b07
2022-02-15 15:40:46,483 [Listener at 127.0.0.1/45989] INFO  server.session (DefaultSessionIdManager.java:doStart(334)) - DefaultSessionIdManager workerName=node0
2022-02-15 15:40:46,483 [Listener at 127.0.0.1/45989] INFO  server.session (DefaultSessionIdManager.java:doStart(339)) - No SessionScavenger set, using defaults
2022-02-15 15:40:46,484 [Listener at 127.0.0.1/45989] INFO  server.session (HouseKeeper.java:startScavenging(132)) - node0 Scavenging every 600000ms
2022-02-15 15:40:46,484 [Listener at 127.0.0.1/45989] INFO  handler.ContextHandler (ContextHandler.java:doStart(915)) - Started o.e.j.s.ServletContextHandler@74f62eb0{logs,/logs,file:///home/runner/work/ozone/ozone/hadoop-ozone/integration-test/target/log,AVAILABLE}
2022-02-15 15:40:46,485 [Listener at 127.0.0.1/45989] INFO  handler.ContextHandler (ContextHandler.java:doStart(915)) - Started o.e.j.s.ServletContextHandler@574bbdf8{static,/static,jar:file:/home/runner/.m2/repository/org/apache/ozone/hdds-container-service/1.3.0-SNAPSHOT/hdds-container-service-1.3.0-SNAPSHOT.jar!/webapps/static,AVAILABLE}
2022-02-15 15:40:46,527 [Listener at 127.0.0.1/45989] INFO  handler.ContextHandler (ContextHandler.java:doStart(915)) - Started o.e.j.w.WebAppContext@38c23833{hddsDatanode,/,file:///tmp/jetty-0_0_0_0-40615-hdds-container-service-1_3_0-SNAPSHOT_jar-_-any-6383436244928669768/webapp/,AVAILABLE}{jar:file:/home/runner/.m2/repository/org/apache/ozone/hdds-container-service/1.3.0-SNAPSHOT/hdds-container-service-1.3.0-SNAPSHOT.jar!/webapps/hddsDatanode}
2022-02-15 15:40:46,532 [Listener at 127.0.0.1/45989] INFO  server.AbstractConnector (AbstractConnector.java:doStart(331)) - Started ServerConnector@3b72043a{HTTP/1.1, (http/1.1)}{0.0.0.0:40615}
2022-02-15 15:40:46,532 [Listener at 127.0.0.1/45989] INFO  server.Server (Server.java:doStart(415)) - Started @45014ms
2022-02-15 15:40:46,532 [Listener at 127.0.0.1/45989] WARN  impl.MetricsSystemImpl (MetricsSystemImpl.java:register(279)) - Sink prometheus already exists!
2022-02-15 15:40:46,533 [Listener at 127.0.0.1/45989] INFO  http.BaseHttpServer (BaseHttpServer.java:updateConnectorAddress(329)) - HTTP server of hddsDatanode listening at http://0.0.0.0:40615
2022-02-15 15:40:46,533 [Listener at 127.0.0.1/45989] INFO  ozone.MiniOzoneClusterImpl (MiniOzoneClusterImpl.java:lambda$waitForClusterToBeReady$0(219)) - Waiting for nodes to be ready. Got 0 of 3 DN Heartbeats.
2022-02-15 15:40:46,533 [Listener at 127.0.0.1/45989] INFO  ozone.MiniOzoneClusterImpl (MiniOzoneClusterImpl.java:lambda$waitForClusterToBeReady$0(222)) - Waiting for cluster to exit safe mode
2022-02-15 15:40:46,533 [Listener at 127.0.0.1/45989] INFO  ozone.MiniOzoneClusterImpl (MiniOzoneClusterImpl.java:lambda$waitForClusterToBeReady$0(224)) - SCM became leader
2022-02-15 15:40:46,534 [Datanode State Machine Daemon Thread] INFO  statemachine.DatanodeStateMachine (DatanodeStateMachine.java:lambda$startDaemon$0(470)) - Ozone container server started.
2022-02-15 15:40:46,595 [org.apache.hadoop.util.JvmPauseMonitor$Monitor@6c35a9a6] INFO  util.JvmPauseMonitor (JvmPauseMonitor.java:run(188)) - Starting JVM pause monitor
2022-02-15 15:40:46,607 [Datanode State Machine Task Thread - 0] INFO  datanode.InitDatanodeState (InitDatanodeState.java:persistContainerDatanodeDetails(138)) - DatanodeDetails is persisted to /home/runner/work/ozone/ozone/hadoop-ozone/integration-test/target/test-dir/MiniOzoneClusterImpl-53bdd20c-eac6-4b45-944c-4408c9f6695f/datanode-2/meta/datanode.id
2022-02-15 15:40:46,729 [om1@group-C5BA1605619E-FollowerState] INFO  impl.FollowerState (FollowerState.java:run(134)) - om1@group-C5BA1605619E-FollowerState: change to CANDIDATE, lastRpcElapsedTime:1069750254ns, electionTimeout:1054ms
2022-02-15 15:40:46,730 [om1@group-C5BA1605619E-FollowerState] INFO  impl.RoleInfo (RoleInfo.java:shutdownFollowerState(108)) - om1: shutdown om1@group-C5BA1605619E-FollowerState
2022-02-15 15:40:46,730 [om1@group-C5BA1605619E-FollowerState] INFO  server.RaftServer$Division (RaftServerImpl.java:setRole(290)) - om1@group-C5BA1605619E: changes role from  FOLLOWER to CANDIDATE at term 0 for changeToCandidate
2022-02-15 15:40:46,730 [om1@group-C5BA1605619E-FollowerState] INFO  server.RaftServerConfigKeys (ConfUtils.java:logGet(44)) - raft.server.leaderelection.pre-vote = false (custom)
2022-02-15 15:40:46,730 [om1@group-C5BA1605619E-FollowerState] INFO  impl.RoleInfo (RoleInfo.java:updateAndGet(130)) - om1: start om1@group-C5BA1605619E-LeaderElection6
2022-02-15 15:40:46,736 [om1@group-C5BA1605619E-LeaderElection6] INFO  impl.LeaderElection (LeaderElection.java:askForVotes(306)) - om1@group-C5BA1605619E-LeaderElection6 ELECTION round 0: submit vote requests at term 1 for -1: [om1|rpc:localhost:9872|priority:0], old=null
2022-02-15 15:40:46,737 [om1@group-C5BA1605619E-LeaderElection6] INFO  impl.LeaderElection (LeaderElection.java:askForVotes(308)) - om1@group-C5BA1605619E-LeaderElection6 ELECTION round 0: result PASSED (term=1)
2022-02-15 15:40:46,737 [om1@group-C5BA1605619E-LeaderElection6] INFO  impl.RoleInfo (RoleInfo.java:shutdownLeaderElection(121)) - om1: shutdown om1@group-C5BA1605619E-LeaderElection6
2022-02-15 15:40:46,737 [om1@group-C5BA1605619E-LeaderElection6] INFO  server.RaftServer$Division (RaftServerImpl.java:setRole(290)) - om1@group-C5BA1605619E: changes role from CANDIDATE to LEADER at term 1 for changeToLeader
2022-02-15 15:40:46,737 [om1@group-C5BA1605619E-LeaderElection6] INFO  server.RaftServer$Division (ServerState.java:setLeader(285)) - om1@group-C5BA1605619E: change Leader from null to om1 at term 1 for becomeLeader, leader elected after 1137ms
2022-02-15 15:40:46,737 [om1@group-C5BA1605619E-LeaderElection6] INFO  server.RaftServerConfigKeys (ConfUtils.java:logGet(44)) - raft.server.staging.catchup.gap = 1000 (default)
2022-02-15 15:40:46,739 [om1@group-C5BA1605619E-LeaderElection6] INFO  server.RaftServerConfigKeys (ConfUtils.java:logGet(44)) - raft.server.write.element-limit = 4096 (default)
2022-02-15 15:40:46,739 [om1@group-C5BA1605619E-LeaderElection6] INFO  server.RaftServerConfigKeys (ConfUtils.java:logGet(44)) - raft.server.write.byte-limit = 64MB (=67108864) (default)
2022-02-15 15:40:46,740 [om1@group-C5BA1605619E-LeaderElection6] INFO  server.RaftServerConfigKeys (ConfUtils.java:logGet(44)) - raft.server.watch.timeout = 10s (default)
2022-02-15 15:40:46,740 [om1@group-C5BA1605619E-LeaderElection6] INFO  server.RaftServerConfigKeys (ConfUtils.java:logGet(44)) - raft.server.watch.timeout.denomination = 1s (default)
2022-02-15 15:40:46,740 [om1@group-C5BA1605619E-LeaderElection6] INFO  server.RaftServerConfigKeys (ConfUtils.java:logGet(44)) - raft.server.watch.element-limit = 65536 (default)
2022-02-15 15:40:46,740 [om1@group-C5BA1605619E-LeaderElection6] INFO  server.RaftServerConfigKeys (ConfUtils.java:logGet(44)) - raft.server.write.element-limit = 4096 (default)
2022-02-15 15:40:46,740 [om1@group-C5BA1605619E-LeaderElection6] INFO  server.RaftServerConfigKeys (ConfUtils.java:logGet(44)) - raft.server.write.follower.gap.ratio.max = -1.0 (default)
2022-02-15 15:40:46,741 [om1@group-C5BA1605619E-LeaderElection6] INFO  impl.RoleInfo (RoleInfo.java:updateAndGet(130)) - om1: start om1@group-C5BA1605619E-LeaderStateImpl
2022-02-15 15:40:46,741 [om1@group-C5BA1605619E-LeaderElection6] INFO  segmented.SegmentedRaftLogWorker (SegmentedRaftLogWorker.java:startLogSegment(394)) - om1@group-C5BA1605619E-SegmentedRaftLogWorker: Starting segment from index:0
2022-02-15 15:40:46,750 [om1@group-C5BA1605619E-LeaderElection6] INFO  server.RaftServer$Division (ServerState.java:setRaftConf(387)) - om1@group-C5BA1605619E: set configuration 0: [om1|rpc:localhost:9872|admin:|client:|dataStream:|priority:0], old=null
2022-02-15 15:40:46,754 [om1@group-C5BA1605619E-SegmentedRaftLogWorker] INFO  segmented.SegmentedRaftLogWorker (SegmentedRaftLogWorker.java:execute(601)) - om1@group-C5BA1605619E-SegmentedRaftLogWorker: created new log segment /home/runner/work/ozone/ozone/hadoop-ozone/integration-test/target/test-dir/MiniOzoneClusterImpl-53bdd20c-eac6-4b45-944c-4408c9f6695f/ozone-meta/ratis/bf265839-605b-3f16-9796-c5ba1605619e/current/log_inprogress_0
2022-02-15 15:40:46,758 [om1@group-C5BA1605619E-StateMachineUpdater] INFO  ratis.OzoneManagerStateMachine (OzoneManagerStateMachine.java:notifyConfigurationChanged(188)) - Received Configuration change notification from Ratis. New Peer list:
[id: "om1"
address: "localhost:9872"
]
2022-02-15 15:40:47,534 [Listener at 127.0.0.1/45989] INFO  ozone.MiniOzoneClusterImpl (MiniOzoneClusterImpl.java:lambda$waitForClusterToBeReady$0(219)) - Waiting for nodes to be ready. Got 0 of 3 DN Heartbeats.
2022-02-15 15:40:47,534 [Listener at 127.0.0.1/45989] INFO  ozone.MiniOzoneClusterImpl (MiniOzoneClusterImpl.java:lambda$waitForClusterToBeReady$0(222)) - Waiting for cluster to exit safe mode
2022-02-15 15:40:47,534 [Listener at 127.0.0.1/45989] INFO  ozone.MiniOzoneClusterImpl (MiniOzoneClusterImpl.java:lambda$waitForClusterToBeReady$0(224)) - SCM became leader
2022-02-15 15:40:47,988 [EndpointStateMachine task thread for /0.0.0.0:34895 - 0 ] INFO  ozoneimpl.OzoneContainer (OzoneContainer.java:start(315)) - Attempting to start container services.
2022-02-15 15:40:47,988 [EndpointStateMachine task thread for /0.0.0.0:34895 - 0 ] INFO  ozoneimpl.OzoneContainer (OzoneContainer.java:startContainerScrub(250)) - Background container scanner has been disabled.
2022-02-15 15:40:47,992 [EndpointStateMachine task thread for /0.0.0.0:34895 - 0 ] INFO  replication.ReplicationServer (ReplicationServer.java:start(111)) - ReplicationServer is started using port 38359
2022-02-15 15:40:47,993 [EndpointStateMachine task thread for /0.0.0.0:34895 - 0 ] INFO  ratis.XceiverServerRatis (XceiverServerRatis.java:start(485)) - Starting XceiverServerRatis e9feab8a-d52e-445d-a1ed-06165537c904
2022-02-15 15:40:47,996 [EndpointStateMachine task thread for /0.0.0.0:34895 - 0 ] INFO  server.RaftServer (RaftServerProxy.java:lambda$start$5(374)) - e9feab8a-d52e-445d-a1ed-06165537c904: start RPC server
2022-02-15 15:40:48,000 [EndpointStateMachine task thread for /0.0.0.0:34895 - 0 ] INFO  server.GrpcService (GrpcService.java:startImpl(253)) - e9feab8a-d52e-445d-a1ed-06165537c904: GrpcService started, listening on 46705
2022-02-15 15:40:48,003 [EndpointStateMachine task thread for /0.0.0.0:34895 - 0 ] INFO  ratis.XceiverServerRatis (XceiverServerRatis.java:getRealPort(506)) - XceiverServerRatis e9feab8a-d52e-445d-a1ed-06165537c904 is started using port 46705 for RATIS
2022-02-15 15:40:48,003 [EndpointStateMachine task thread for /0.0.0.0:34895 - 0 ] INFO  ratis.XceiverServerRatis (XceiverServerRatis.java:getRealPort(506)) - XceiverServerRatis e9feab8a-d52e-445d-a1ed-06165537c904 is started using port 46705 for RATIS_ADMIN
2022-02-15 15:40:48,003 [EndpointStateMachine task thread for /0.0.0.0:34895 - 0 ] INFO  ratis.XceiverServerRatis (XceiverServerRatis.java:getRealPort(506)) - XceiverServerRatis e9feab8a-d52e-445d-a1ed-06165537c904 is started using port 46705 for RATIS_SERVER
2022-02-15 15:40:48,005 [org.apache.ratis.util.JvmPauseMonitor$$Lambda$431/1795495935@704d30bf] INFO  util.JvmPauseMonitor (JvmPauseMonitor.java:run(103)) - JvmPauseMonitor-e9feab8a-d52e-445d-a1ed-06165537c904: Started
2022-02-15 15:40:48,007 [EndpointStateMachine task thread for /0.0.0.0:34895 - 0 ] INFO  server.XceiverServerGrpc (XceiverServerGrpc.java:start(180)) - XceiverServerGrpc e9feab8a-d52e-445d-a1ed-06165537c904 is started using port 36629
2022-02-15 15:40:48,345 [EndpointStateMachine task thread for /0.0.0.0:34895 - 0 ] INFO  ozoneimpl.OzoneContainer (OzoneContainer.java:start(315)) - Attempting to start container services.
2022-02-15 15:40:48,346 [EndpointStateMachine task thread for /0.0.0.0:34895 - 0 ] INFO  ozoneimpl.OzoneContainer (OzoneContainer.java:startContainerScrub(250)) - Background container scanner has been disabled.
2022-02-15 15:40:48,347 [EndpointStateMachine task thread for /0.0.0.0:34895 - 0 ] INFO  replication.ReplicationServer (ReplicationServer.java:start(111)) - ReplicationServer is started using port 37743
2022-02-15 15:40:48,348 [EndpointStateMachine task thread for /0.0.0.0:34895 - 0 ] INFO  ratis.XceiverServerRatis (XceiverServerRatis.java:start(485)) - Starting XceiverServerRatis 9bbeae3a-b46f-406a-9a6b-919c321c2ec1
2022-02-15 15:40:48,349 [EndpointStateMachine task thread for /0.0.0.0:34895 - 0 ] INFO  server.RaftServer (RaftServerProxy.java:lambda$start$5(374)) - 9bbeae3a-b46f-406a-9a6b-919c321c2ec1: start RPC server
2022-02-15 15:40:48,352 [EndpointStateMachine task thread for /0.0.0.0:34895 - 0 ] INFO  server.GrpcService (GrpcService.java:startImpl(253)) - 9bbeae3a-b46f-406a-9a6b-919c321c2ec1: GrpcService started, listening on 44775
2022-02-15 15:40:48,355 [EndpointStateMachine task thread for /0.0.0.0:34895 - 0 ] INFO  ratis.XceiverServerRatis (XceiverServerRatis.java:getRealPort(506)) - XceiverServerRatis 9bbeae3a-b46f-406a-9a6b-919c321c2ec1 is started using port 44775 for RATIS
2022-02-15 15:40:48,355 [EndpointStateMachine task thread for /0.0.0.0:34895 - 0 ] INFO  ratis.XceiverServerRatis (XceiverServerRatis.java:getRealPort(506)) - XceiverServerRatis 9bbeae3a-b46f-406a-9a6b-919c321c2ec1 is started using port 44775 for RATIS_ADMIN
2022-02-15 15:40:48,355 [EndpointStateMachine task thread for /0.0.0.0:34895 - 0 ] INFO  ratis.XceiverServerRatis (XceiverServerRatis.java:getRealPort(506)) - XceiverServerRatis 9bbeae3a-b46f-406a-9a6b-919c321c2ec1 is started using port 44775 for RATIS_SERVER
2022-02-15 15:40:48,356 [org.apache.ratis.util.JvmPauseMonitor$$Lambda$431/1795495935@150103af] INFO  util.JvmPauseMonitor (JvmPauseMonitor.java:run(103)) - JvmPauseMonitor-9bbeae3a-b46f-406a-9a6b-919c321c2ec1: Started
2022-02-15 15:40:48,357 [EndpointStateMachine task thread for /0.0.0.0:34895 - 0 ] INFO  server.XceiverServerGrpc (XceiverServerGrpc.java:start(180)) - XceiverServerGrpc 9bbeae3a-b46f-406a-9a6b-919c321c2ec1 is started using port 44319
2022-02-15 15:40:48,534 [Listener at 127.0.0.1/45989] INFO  ozone.MiniOzoneClusterImpl (MiniOzoneClusterImpl.java:lambda$waitForClusterToBeReady$0(219)) - Waiting for nodes to be ready. Got 0 of 3 DN Heartbeats.
2022-02-15 15:40:48,535 [Listener at 127.0.0.1/45989] INFO  ozone.MiniOzoneClusterImpl (MiniOzoneClusterImpl.java:lambda$waitForClusterToBeReady$0(222)) - Waiting for cluster to exit safe mode
2022-02-15 15:40:48,535 [Listener at 127.0.0.1/45989] INFO  ozone.MiniOzoneClusterImpl (MiniOzoneClusterImpl.java:lambda$waitForClusterToBeReady$0(224)) - SCM became leader
2022-02-15 15:40:48,600 [EndpointStateMachine task thread for /0.0.0.0:34895 - 0 ] INFO  ozoneimpl.OzoneContainer (OzoneContainer.java:start(315)) - Attempting to start container services.
2022-02-15 15:40:48,603 [EndpointStateMachine task thread for /0.0.0.0:34895 - 0 ] INFO  ozoneimpl.OzoneContainer (OzoneContainer.java:startContainerScrub(250)) - Background container scanner has been disabled.
2022-02-15 15:40:48,609 [EndpointStateMachine task thread for /0.0.0.0:34895 - 0 ] INFO  replication.ReplicationServer (ReplicationServer.java:start(111)) - ReplicationServer is started using port 44191
2022-02-15 15:40:48,613 [EndpointStateMachine task thread for /0.0.0.0:34895 - 0 ] INFO  ratis.XceiverServerRatis (XceiverServerRatis.java:start(485)) - Starting XceiverServerRatis fe4054d4-403e-4002-87e9-5f399980050f
2022-02-15 15:40:48,618 [EndpointStateMachine task thread for /0.0.0.0:34895 - 0 ] INFO  server.RaftServer (RaftServerProxy.java:lambda$start$5(374)) - fe4054d4-403e-4002-87e9-5f399980050f: start RPC server
2022-02-15 15:40:48,624 [EndpointStateMachine task thread for /0.0.0.0:34895 - 0 ] INFO  server.GrpcService (GrpcService.java:startImpl(253)) - fe4054d4-403e-4002-87e9-5f399980050f: GrpcService started, listening on 38959
2022-02-15 15:40:48,627 [EndpointStateMachine task thread for /0.0.0.0:34895 - 0 ] INFO  ratis.XceiverServerRatis (XceiverServerRatis.java:getRealPort(506)) - XceiverServerRatis fe4054d4-403e-4002-87e9-5f399980050f is started using port 38959 for RATIS
2022-02-15 15:40:48,627 [EndpointStateMachine task thread for /0.0.0.0:34895 - 0 ] INFO  ratis.XceiverServerRatis (XceiverServerRatis.java:getRealPort(506)) - XceiverServerRatis fe4054d4-403e-4002-87e9-5f399980050f is started using port 38959 for RATIS_ADMIN
2022-02-15 15:40:48,627 [EndpointStateMachine task thread for /0.0.0.0:34895 - 0 ] INFO  ratis.XceiverServerRatis (XceiverServerRatis.java:getRealPort(506)) - XceiverServerRatis fe4054d4-403e-4002-87e9-5f399980050f is started using port 38959 for RATIS_SERVER
2022-02-15 15:40:48,628 [org.apache.ratis.util.JvmPauseMonitor$$Lambda$431/1795495935@51092bff] INFO  util.JvmPauseMonitor (JvmPauseMonitor.java:run(103)) - JvmPauseMonitor-fe4054d4-403e-4002-87e9-5f399980050f: Started
2022-02-15 15:40:48,630 [EndpointStateMachine task thread for /0.0.0.0:34895 - 0 ] INFO  server.XceiverServerGrpc (XceiverServerGrpc.java:start(180)) - XceiverServerGrpc fe4054d4-403e-4002-87e9-5f399980050f is started using port 41937
2022-02-15 15:40:49,535 [Listener at 127.0.0.1/45989] INFO  ozone.MiniOzoneClusterImpl (MiniOzoneClusterImpl.java:lambda$waitForClusterToBeReady$0(219)) - Waiting for nodes to be ready. Got 0 of 3 DN Heartbeats.
2022-02-15 15:40:49,535 [Listener at 127.0.0.1/45989] INFO  ozone.MiniOzoneClusterImpl (MiniOzoneClusterImpl.java:lambda$waitForClusterToBeReady$0(222)) - Waiting for cluster to exit safe mode
2022-02-15 15:40:49,535 [Listener at 127.0.0.1/45989] INFO  ozone.MiniOzoneClusterImpl (MiniOzoneClusterImpl.java:lambda$waitForClusterToBeReady$0(224)) - SCM became leader
2022-02-15 15:40:49,978 [IPC Server handler 1 on default port 34895] INFO  net.NetworkTopologyImpl (NetworkTopologyImpl.java:add(112)) - Added a new node: /default-rack/e9feab8a-d52e-445d-a1ed-06165537c904
2022-02-15 15:40:49,979 [IPC Server handler 1 on default port 34895] INFO  node.SCMNodeManager (SCMNodeManager.java:register(389)) - Registered Data node : e9feab8a-d52e-445d-a1ed-06165537c904{ip: 10.1.0.67, host: fv-az50-524.grzltbmokehuzjyc5b133kdqgh.cx.internal.cloudapp.net, ports: [REPLICATION=38359, RATIS=46705, RATIS_ADMIN=46705, RATIS_SERVER=46705, STANDALONE=36629], networkLocation: /default-rack, certSerialId: null, persistedOpState: null, persistedOpStateExpiryEpochSec: 0}
2022-02-15 15:40:49,980 [EventQueue-NewNodeForNewNodeHandler] INFO  pipeline.BackgroundPipelineCreator (BackgroundPipelineCreator.java:notifyEventTriggered(285)) - trigger a one-shot run on RatisPipelineUtilsThread.
2022-02-15 15:40:49,981 [RatisPipelineUtilsThread - 0] INFO  pipeline.RatisPipelineProvider (RatisPipelineProvider.java:lambda$create$0(183)) - Sending CreatePipelineCommand for pipeline:PipelineID=e3727e12-e5b8-492e-b772-67c7c3bc071c to datanode:e9feab8a-d52e-445d-a1ed-06165537c904
2022-02-15 15:40:49,982 [EventQueue-NodeRegistrationContainerReportForDataNodeSafeModeRule] INFO  safemode.SCMSafeModeManager (DataNodeSafeModeRule.java:process(71)) - SCM in safe mode. 1 DataNodes registered, 3 required.
2022-02-15 15:40:49,992 [EventQueue-NodeRegistrationContainerReportForContainerSafeModeRule] INFO  safemode.SCMSafeModeManager (SCMSafeModeManager.java:validateSafeModeExitRules(204)) - ContainerSafeModeRule rule is successfully validated
2022-02-15 15:40:49,996 [EventQueue-PipelineReportForOneReplicaPipelineSafeModeRule] INFO  safemode.SCMSafeModeManager (SCMSafeModeManager.java:validateSafeModeExitRules(204)) - AtleastOneDatanodeReportedRule rule is successfully validated
2022-02-15 15:40:50,005 [06d727d5-e762-4bdb-a8d8-e52cb7a870a2@group-4408C9F6695F-StateMachineUpdater] INFO  pipeline.PipelineStateManagerImpl (PipelineStateManagerImpl.java:addPipeline(101)) - Created pipeline Pipeline[ Id: e3727e12-e5b8-492e-b772-67c7c3bc071c, Nodes: e9feab8a-d52e-445d-a1ed-06165537c904{ip: 10.1.0.67, host: fv-az50-524.grzltbmokehuzjyc5b133kdqgh.cx.internal.cloudapp.net, ports: [REPLICATION=38359, RATIS=46705, RATIS_ADMIN=46705, RATIS_SERVER=46705, STANDALONE=36629], networkLocation: /default-rack, certSerialId: null, persistedOpState: IN_SERVICE, persistedOpStateExpiryEpochSec: 0}, ReplicationConfig: RATIS/ONE, State:ALLOCATED, leaderId:, CreationTimestamp2022-02-15T15:40:49.981Z[Etc/UTC]].
2022-02-15 15:40:50,005 [06d727d5-e762-4bdb-a8d8-e52cb7a870a2@group-4408C9F6695F-StateMachineUpdater] INFO  safemode.HealthyPipelineSafeModeRule (HealthyPipelineSafeModeRule.java:initializeRule(152)) - Refreshed total pipeline count is 0, healthy pipeline threshold count is 1
2022-02-15 15:40:50,340 [IPC Server handler 2 on default port 34895] INFO  net.NetworkTopologyImpl (NetworkTopologyImpl.java:add(112)) - Added a new node: /default-rack/9bbeae3a-b46f-406a-9a6b-919c321c2ec1
2022-02-15 15:40:50,341 [IPC Server handler 2 on default port 34895] INFO  node.SCMNodeManager (SCMNodeManager.java:register(389)) - Registered Data node : 9bbeae3a-b46f-406a-9a6b-919c321c2ec1{ip: 10.1.0.67, host: fv-az50-524.grzltbmokehuzjyc5b133kdqgh.cx.internal.cloudapp.net, ports: [REPLICATION=37743, RATIS=44775, RATIS_ADMIN=44775, RATIS_SERVER=44775, STANDALONE=44319], networkLocation: /default-rack, certSerialId: null, persistedOpState: null, persistedOpStateExpiryEpochSec: 0}
2022-02-15 15:40:50,341 [EventQueue-NewNodeForNewNodeHandler] INFO  pipeline.BackgroundPipelineCreator (BackgroundPipelineCreator.java:notifyEventTriggered(285)) - trigger a one-shot run on RatisPipelineUtilsThread.
2022-02-15 15:40:50,342 [EventQueue-NodeRegistrationContainerReportForDataNodeSafeModeRule] INFO  safemode.SCMSafeModeManager (DataNodeSafeModeRule.java:process(71)) - SCM in safe mode. 2 DataNodes registered, 3 required.
2022-02-15 15:40:50,344 [RatisPipelineUtilsThread - 0] INFO  pipeline.RatisPipelineProvider (RatisPipelineProvider.java:lambda$create$0(183)) - Sending CreatePipelineCommand for pipeline:PipelineID=71e8459c-aaca-495e-9ab4-4fc56212ef51 to datanode:9bbeae3a-b46f-406a-9a6b-919c321c2ec1
2022-02-15 15:40:50,346 [06d727d5-e762-4bdb-a8d8-e52cb7a870a2@group-4408C9F6695F-StateMachineUpdater] INFO  pipeline.PipelineStateManagerImpl (PipelineStateManagerImpl.java:addPipeline(101)) - Created pipeline Pipeline[ Id: 71e8459c-aaca-495e-9ab4-4fc56212ef51, Nodes: 9bbeae3a-b46f-406a-9a6b-919c321c2ec1{ip: 10.1.0.67, host: fv-az50-524.grzltbmokehuzjyc5b133kdqgh.cx.internal.cloudapp.net, ports: [REPLICATION=37743, RATIS=44775, RATIS_ADMIN=44775, RATIS_SERVER=44775, STANDALONE=44319], networkLocation: /default-rack, certSerialId: null, persistedOpState: IN_SERVICE, persistedOpStateExpiryEpochSec: 0}, ReplicationConfig: RATIS/ONE, State:ALLOCATED, leaderId:, CreationTimestamp2022-02-15T15:40:50.344Z[Etc/UTC]].
2022-02-15 15:40:50,346 [06d727d5-e762-4bdb-a8d8-e52cb7a870a2@group-4408C9F6695F-StateMachineUpdater] INFO  safemode.HealthyPipelineSafeModeRule (HealthyPipelineSafeModeRule.java:initializeRule(152)) - Refreshed total pipeline count is 0, healthy pipeline threshold count is 1
2022-02-15 15:40:50,536 [Listener at 127.0.0.1/45989] INFO  ozone.MiniOzoneClusterImpl (MiniOzoneClusterImpl.java:lambda$waitForClusterToBeReady$0(219)) - Waiting for nodes to be ready. Got 2 of 3 DN Heartbeats.
2022-02-15 15:40:50,537 [Listener at 127.0.0.1/45989] INFO  ozone.MiniOzoneClusterImpl (MiniOzoneClusterImpl.java:lambda$waitForClusterToBeReady$0(222)) - Waiting for cluster to exit safe mode
2022-02-15 15:40:50,537 [Listener at 127.0.0.1/45989] INFO  ozone.MiniOzoneClusterImpl (MiniOzoneClusterImpl.java:lambda$waitForClusterToBeReady$0(224)) - SCM became leader
2022-02-15 15:40:50,598 [IPC Server handler 1 on default port 34895] INFO  net.NetworkTopologyImpl (NetworkTopologyImpl.java:add(112)) - Added a new node: /default-rack/fe4054d4-403e-4002-87e9-5f399980050f
2022-02-15 15:40:50,599 [IPC Server handler 1 on default port 34895] INFO  node.SCMNodeManager (SCMNodeManager.java:register(389)) - Registered Data node : fe4054d4-403e-4002-87e9-5f399980050f{ip: 10.1.0.67, host: fv-az50-524.grzltbmokehuzjyc5b133kdqgh.cx.internal.cloudapp.net, ports: [REPLICATION=44191, RATIS=38959, RATIS_ADMIN=38959, RATIS_SERVER=38959, STANDALONE=41937], networkLocation: /default-rack, certSerialId: null, persistedOpState: null, persistedOpStateExpiryEpochSec: 0}
2022-02-15 15:40:50,599 [EventQueue-NewNodeForNewNodeHandler] INFO  pipeline.BackgroundPipelineCreator (BackgroundPipelineCreator.java:notifyEventTriggered(285)) - trigger a one-shot run on RatisPipelineUtilsThread.
2022-02-15 15:40:50,602 [RatisPipelineUtilsThread - 0] INFO  pipeline.RatisPipelineProvider (RatisPipelineProvider.java:lambda$create$0(183)) - Sending CreatePipelineCommand for pipeline:PipelineID=2e22587d-dda0-4558-adee-290240a12fbf to datanode:fe4054d4-403e-4002-87e9-5f399980050f
2022-02-15 15:40:50,605 [06d727d5-e762-4bdb-a8d8-e52cb7a870a2@group-4408C9F6695F-StateMachineUpdater] INFO  pipeline.PipelineStateManagerImpl (PipelineStateManagerImpl.java:addPipeline(101)) - Created pipeline Pipeline[ Id: 2e22587d-dda0-4558-adee-290240a12fbf, Nodes: fe4054d4-403e-4002-87e9-5f399980050f{ip: 10.1.0.67, host: fv-az50-524.grzltbmokehuzjyc5b133kdqgh.cx.internal.cloudapp.net, ports: [REPLICATION=44191, RATIS=38959, RATIS_ADMIN=38959, RATIS_SERVER=38959, STANDALONE=41937], networkLocation: /default-rack, certSerialId: null, persistedOpState: IN_SERVICE, persistedOpStateExpiryEpochSec: 0}, ReplicationConfig: RATIS/ONE, State:ALLOCATED, leaderId:, CreationTimestamp2022-02-15T15:40:50.602Z[Etc/UTC]].
2022-02-15 15:40:50,605 [06d727d5-e762-4bdb-a8d8-e52cb7a870a2@group-4408C9F6695F-StateMachineUpdater] INFO  safemode.HealthyPipelineSafeModeRule (HealthyPipelineSafeModeRule.java:initializeRule(152)) - Refreshed total pipeline count is 0, healthy pipeline threshold count is 1
2022-02-15 15:40:50,607 [EventQueue-NodeRegistrationContainerReportForDataNodeSafeModeRule] INFO  safemode.SCMSafeModeManager (DataNodeSafeModeRule.java:process(71)) - SCM in safe mode. 3 DataNodes registered, 3 required.
2022-02-15 15:40:50,608 [EventQueue-NodeRegistrationContainerReportForDataNodeSafeModeRule] INFO  safemode.SCMSafeModeManager (SCMSafeModeManager.java:validateSafeModeExitRules(204)) - DataNodeSafeModeRule rule is successfully validated
2022-02-15 15:40:50,608 [EventQueue-NodeRegistrationContainerReportForDataNodeSafeModeRule] INFO  safemode.SCMSafeModeManager (SCMSafeModeManager.java:completePreCheck(233)) - All SCM safe mode pre check rules have passed
2022-02-15 15:40:50,608 [EventQueue-NodeRegistrationContainerReportForDataNodeSafeModeRule] WARN  events.EventQueue (EventQueue.java:fireEvent(194)) - No event handler registered for event TypedEvent{payloadType=SafeModeStatus, name='Safe mode status'}
2022-02-15 15:40:50,608 [EventQueue-NodeRegistrationContainerReportForDataNodeSafeModeRule] INFO  ha.SCMContext (SCMContext.java:updateSafeModeStatus(211)) - Update SafeModeStatus from SafeModeStatus{safeModeStatus=true, preCheckPassed=false} to SafeModeStatus{safeModeStatus=true, preCheckPassed=true}.
2022-02-15 15:40:50,608 [EventQueue-NodeRegistrationContainerReportForDataNodeSafeModeRule] INFO  pipeline.BackgroundPipelineCreator (BackgroundPipelineCreator.java:notifyEventTriggered(285)) - trigger a one-shot run on RatisPipelineUtilsThread.
2022-02-15 15:40:50,611 [RatisPipelineUtilsThread - 0] INFO  pipeline.RatisPipelineProvider (RatisPipelineProvider.java:lambda$create$0(183)) - Sending CreatePipelineCommand for pipeline:PipelineID=852ee6f0-8e82-47fd-a41e-ad7580110086 to datanode:9bbeae3a-b46f-406a-9a6b-919c321c2ec1
2022-02-15 15:40:50,611 [RatisPipelineUtilsThread - 0] INFO  pipeline.RatisPipelineProvider (RatisPipelineProvider.java:lambda$create$0(183)) - Sending CreatePipelineCommand for pipeline:PipelineID=852ee6f0-8e82-47fd-a41e-ad7580110086 to datanode:e9feab8a-d52e-445d-a1ed-06165537c904
2022-02-15 15:40:50,611 [RatisPipelineUtilsThread - 0] INFO  pipeline.RatisPipelineProvider (RatisPipelineProvider.java:lambda$create$0(183)) - Sending CreatePipelineCommand for pipeline:PipelineID=852ee6f0-8e82-47fd-a41e-ad7580110086 to datanode:fe4054d4-403e-4002-87e9-5f399980050f
2022-02-15 15:40:50,615 [06d727d5-e762-4bdb-a8d8-e52cb7a870a2@group-4408C9F6695F-StateMachineUpdater] INFO  pipeline.PipelineStateManagerImpl (PipelineStateManagerImpl.java:addPipeline(101)) - Created pipeline Pipeline[ Id: 852ee6f0-8e82-47fd-a41e-ad7580110086, Nodes: 9bbeae3a-b46f-406a-9a6b-919c321c2ec1{ip: 10.1.0.67, host: fv-az50-524.grzltbmokehuzjyc5b133kdqgh.cx.internal.cloudapp.net, ports: [REPLICATION=37743, RATIS=44775, RATIS_ADMIN=44775, RATIS_SERVER=44775, STANDALONE=44319], networkLocation: /default-rack, certSerialId: null, persistedOpState: IN_SERVICE, persistedOpStateExpiryEpochSec: 0}e9feab8a-d52e-445d-a1ed-06165537c904{ip: 10.1.0.67, host: fv-az50-524.grzltbmokehuzjyc5b133kdqgh.cx.internal.cloudapp.net, ports: [REPLICATION=38359, RATIS=46705, RATIS_ADMIN=46705, RATIS_SERVER=46705, STANDALONE=36629], networkLocation: /default-rack, certSerialId: null, persistedOpState: IN_SERVICE, persistedOpStateExpiryEpochSec: 0}fe4054d4-403e-4002-87e9-5f399980050f{ip: 10.1.0.67, host: fv-az50-524.grzltbmokehuzjyc5b133kdqgh.cx.internal.cloudapp.net, ports: [REPLICATION=44191, RATIS=38959, RATIS_ADMIN=38959, RATIS_SERVER=38959, STANDALONE=41937], networkLocation: /default-rack, certSerialId: null, persistedOpState: IN_SERVICE, persistedOpStateExpiryEpochSec: 0}, ReplicationConfig: RATIS/THREE, State:ALLOCATED, leaderId:, CreationTimestamp2022-02-15T15:40:50.611Z[Etc/UTC]].
2022-02-15 15:40:50,615 [06d727d5-e762-4bdb-a8d8-e52cb7a870a2@group-4408C9F6695F-StateMachineUpdater] INFO  safemode.HealthyPipelineSafeModeRule (HealthyPipelineSafeModeRule.java:initializeRule(152)) - Refreshed total pipeline count is 0, healthy pipeline threshold count is 1
2022-02-15 15:40:51,537 [Listener at 127.0.0.1/45989] INFO  ozone.MiniOzoneClusterImpl (MiniOzoneClusterImpl.java:lambda$waitForClusterToBeReady$0(219)) - Nodes are ready. Got 3 of 3 DN Heartbeats.
2022-02-15 15:40:51,538 [Listener at 127.0.0.1/45989] INFO  ozone.MiniOzoneClusterImpl (MiniOzoneClusterImpl.java:lambda$waitForClusterToBeReady$0(222)) - Waiting for cluster to exit safe mode
2022-02-15 15:40:51,538 [Listener at 127.0.0.1/45989] INFO  ozone.MiniOzoneClusterImpl (MiniOzoneClusterImpl.java:lambda$waitForClusterToBeReady$0(224)) - SCM became leader
2022-02-15 15:40:52,539 [Listener at 127.0.0.1/45989] INFO  ozone.MiniOzoneClusterImpl (MiniOzoneClusterImpl.java:lambda$waitForClusterToBeReady$0(219)) - Nodes are ready. Got 3 of 3 DN Heartbeats.
2022-02-15 15:40:52,539 [Listener at 127.0.0.1/45989] INFO  ozone.MiniOzoneClusterImpl (MiniOzoneClusterImpl.java:lambda$waitForClusterToBeReady$0(222)) - Waiting for cluster to exit safe mode
2022-02-15 15:40:52,539 [Listener at 127.0.0.1/45989] INFO  ozone.MiniOzoneClusterImpl (MiniOzoneClusterImpl.java:lambda$waitForClusterToBeReady$0(224)) - SCM became leader
2022-02-15 15:40:52,984 [Command processor thread] INFO  server.RaftServer (RaftServerProxy.java:addNew(95)) - e9feab8a-d52e-445d-a1ed-06165537c904: addNew group-67C7C3BC071C:[e9feab8a-d52e-445d-a1ed-06165537c904|rpc:10.1.0.67:46705|priority:1] returns group-67C7C3BC071C:java.util.concurrent.CompletableFuture@32fb1ce7[Not completed]
2022-02-15 15:40:52,992 [pool-130-thread-1] INFO  server.RaftServer$Division (RaftServerImpl.java:<init>(184)) - e9feab8a-d52e-445d-a1ed-06165537c904: new RaftServerImpl for group-67C7C3BC071C:[e9feab8a-d52e-445d-a1ed-06165537c904|rpc:10.1.0.67:46705|priority:1] with ContainerStateMachine:uninitialized
2022-02-15 15:40:52,994 [pool-130-thread-1] INFO  server.RaftServerConfigKeys (ConfUtils.java:logGet(44)) - raft.server.rpc.timeout.min = 5s (custom)
2022-02-15 15:40:52,994 [pool-130-thread-1] INFO  server.RaftServerConfigKeys (ConfUtils.java:logGet(44)) - raft.server.rpc.timeout.max = 5200ms (custom)
2022-02-15 15:40:52,994 [pool-130-thread-1] INFO  server.RaftServerConfigKeys (ConfUtils.java:logGet(44)) - raft.server.rpc.sleep.time = 25ms (default)
2022-02-15 15:40:52,994 [pool-130-thread-1] INFO  server.RaftServerConfigKeys (ConfUtils.java:logGet(44)) - raft.server.rpc.slowness.timeout = 300s (custom)
2022-02-15 15:40:52,994 [pool-130-thread-1] INFO  server.RaftServerConfigKeys (ConfUtils.java:logGet(44)) - raft.server.leaderelection.leader.step-down.wait-time = 10s (default)
2022-02-15 15:40:52,994 [pool-130-thread-1] INFO  server.RaftServerConfigKeys (ConfUtils.java:logGet(44)) - raft.server.sleep.deviation.threshold = 300ms (default)
2022-02-15 15:40:52,994 [pool-130-thread-1] INFO  server.RaftServerConfigKeys (ConfUtils.java:logGet(44)) - raft.server.log.appender.install.snapshot.enabled = false (custom)
2022-02-15 15:40:52,995 [pool-130-thread-1] INFO  server.RaftServer$Division (ServerState.java:<init>(105)) - e9feab8a-d52e-445d-a1ed-06165537c904@group-67C7C3BC071C: ConfigurationManager, init=-1: [e9feab8a-d52e-445d-a1ed-06165537c904|rpc:10.1.0.67:46705|priority:1], old=null, confs=<EMPTY_MAP>
2022-02-15 15:40:52,995 [pool-130-thread-1] INFO  server.RaftServerConfigKeys (ConfUtils.java:logGet(44)) - raft.server.storage.dir = [/home/runner/work/ozone/ozone/hadoop-ozone/integration-test/target/test-dir/MiniOzoneClusterImpl-53bdd20c-eac6-4b45-944c-4408c9f6695f/datanode-0/data/ratis] (custom)
2022-02-15 15:40:52,995 [pool-130-thread-1] INFO  server.RaftServerConfigKeys (ConfUtils.java:logGet(44)) - raft.server.log.corruption.policy = EXCEPTION (default)
2022-02-15 15:40:52,995 [pool-130-thread-1] INFO  server.RaftServerConfigKeys (ConfUtils.java:logGet(44)) - raft.server.storage.free-space.min = 0MB (=0) (default)
2022-02-15 15:40:52,995 [pool-130-thread-1] INFO  storage.RaftStorageDirectory (RaftStorageDirectoryImpl.java:analyzeStorage(135)) - The storage directory /home/runner/work/ozone/ozone/hadoop-ozone/integration-test/target/test-dir/MiniOzoneClusterImpl-53bdd20c-eac6-4b45-944c-4408c9f6695f/datanode-0/data/ratis/e3727e12-e5b8-492e-b772-67c7c3bc071c does not exist. Creating ...
2022-02-15 15:40:52,996 [pool-130-thread-1] INFO  storage.RaftStorageDirectory (RaftStorageDirectoryImpl.java:tryLock(230)) - Lock on /home/runner/work/ozone/ozone/hadoop-ozone/integration-test/target/test-dir/MiniOzoneClusterImpl-53bdd20c-eac6-4b45-944c-4408c9f6695f/datanode-0/data/ratis/e3727e12-e5b8-492e-b772-67c7c3bc071c/in_use.lock acquired by nodename 24416@fv-az50-524
2022-02-15 15:40:52,997 [pool-130-thread-1] INFO  storage.RaftStorage (RaftStorageImpl.java:format(89)) - Storage directory /home/runner/work/ozone/ozone/hadoop-ozone/integration-test/target/test-dir/MiniOzoneClusterImpl-53bdd20c-eac6-4b45-944c-4408c9f6695f/datanode-0/data/ratis/e3727e12-e5b8-492e-b772-67c7c3bc071c has been successfully formatted.
2022-02-15 15:40:53,000 [pool-130-thread-1] INFO  ratis.ContainerStateMachine (ContainerStateMachine.java:loadSnapshot(231)) - group-67C7C3BC071C: The snapshot info is null. Setting the last applied indexto:(t:0, i:~)
2022-02-15 15:40:53,001 [pool-130-thread-1] INFO  server.RaftServerConfigKeys (ConfUtils.java:logGet(44)) - raft.server.notification.no-leader.timeout = 300s (custom)
2022-02-15 15:40:53,001 [pool-130-thread-1] INFO  server.RaftServerConfigKeys (ConfUtils.java:logGet(44)) - raft.server.log.use.memory = false (default)
2022-02-15 15:40:53,001 [pool-130-thread-1] INFO  server.RaftServerConfigKeys (ConfUtils.java:logGet(44)) - raft.server.log.purge.gap = 1000000 (custom)
2022-02-15 15:40:53,001 [pool-130-thread-1] INFO  server.RaftServerConfigKeys (ConfUtils.java:logGet(44)) - raft.server.log.appender.buffer.byte-limit = 33554432 (custom)
2022-02-15 15:40:53,001 [pool-130-thread-1] INFO  server.RaftServerConfigKeys (ConfUtils.java:logGet(44)) - raft.server.log.segment.size.max = 1048576 (custom)
2022-02-15 15:40:53,002 [pool-130-thread-1] INFO  server.RaftServerConfigKeys (ConfUtils.java:logGet(44)) - raft.server.log.segment.cache.num.max = 2 (custom)
2022-02-15 15:40:53,002 [pool-130-thread-1] INFO  server.RaftServerConfigKeys (ConfUtils.java:logGet(44)) - raft.server.log.segment.cache.size.max = 200MB (=209715200) (default)
2022-02-15 15:40:53,002 [pool-130-thread-1] INFO  segmented.SegmentedRaftLogWorker (SegmentedRaftLogWorker.java:<init>(182)) - new e9feab8a-d52e-445d-a1ed-06165537c904@group-67C7C3BC071C-SegmentedRaftLogWorker for RaftStorageImpl:Storage Directory /home/runner/work/ozone/ozone/hadoop-ozone/integration-test/target/test-dir/MiniOzoneClusterImpl-53bdd20c-eac6-4b45-944c-4408c9f6695f/datanode-0/data/ratis/e3727e12-e5b8-492e-b772-67c7c3bc071c
2022-02-15 15:40:53,002 [pool-130-thread-1] INFO  server.RaftServerConfigKeys (ConfUtils.java:logGet(44)) - raft.server.log.queue.byte-limit = 4294967296 (custom)
2022-02-15 15:40:53,002 [pool-130-thread-1] INFO  server.RaftServerConfigKeys (ConfUtils.java:logGet(44)) - raft.server.log.queue.element-limit = 1024 (custom)
2022-02-15 15:40:53,002 [pool-130-thread-1] INFO  server.RaftServerConfigKeys (ConfUtils.java:logGet(44)) - raft.server.log.segment.size.max = 1048576 (custom)
2022-02-15 15:40:53,002 [pool-130-thread-1] INFO  server.RaftServerConfigKeys (ConfUtils.java:logGet(44)) - raft.server.log.preallocated.size = 16384 (custom)
2022-02-15 15:40:53,002 [pool-130-thread-1] INFO  server.RaftServerConfigKeys (ConfUtils.java:logGet(44)) - raft.server.log.force.sync.num = 128 (default)
2022-02-15 15:40:53,002 [pool-130-thread-1] INFO  server.RaftServerConfigKeys (ConfUtils.java:logGet(44)) - raft.server.log.statemachine.data.sync = true (default)
2022-02-15 15:40:53,002 [pool-130-thread-1] INFO  server.RaftServerConfigKeys (ConfUtils.java:logGet(44)) - raft.server.log.statemachine.data.sync.timeout = 10s (default)
2022-02-15 15:40:53,002 [pool-130-thread-1] INFO  server.RaftServerConfigKeys (ConfUtils.java:logGet(44)) - raft.server.log.statemachine.data.sync.timeout.retry = -1 (default)
2022-02-15 15:40:53,003 [pool-130-thread-1] INFO  server.RaftServerConfigKeys (ConfUtils.java:logGet(44)) - raft.server.log.write.buffer.size = 1048576 (custom)
2022-02-15 15:40:53,006 [pool-130-thread-1] INFO  server.RaftServerConfigKeys (ConfUtils.java:logGet(44)) - raft.server.log.statemachine.data.caching.enabled = true (custom)
2022-02-15 15:40:53,006 [pool-130-thread-1] INFO  segmented.SegmentedRaftLogWorker (SegmentedRaftLogWorker.java:lambda$new$0(133)) - e9feab8a-d52e-445d-a1ed-06165537c904@group-67C7C3BC071C-SegmentedRaftLogWorker: flushIndex: setUnconditionally 0 -> -1
2022-02-15 15:40:53,006 [pool-130-thread-1] INFO  segmented.SegmentedRaftLogWorker (SegmentedRaftLogWorker.java:lambda$new$0(133)) - e9feab8a-d52e-445d-a1ed-06165537c904@group-67C7C3BC071C-SegmentedRaftLogWorker: safeCacheEvictIndex: setUnconditionally 0 -> -1
2022-02-15 15:40:53,006 [pool-130-thread-1] INFO  server.RaftServerConfigKeys (ConfUtils.java:logGet(44)) - raft.server.snapshot.auto.trigger.enabled = true (custom)
2022-02-15 15:40:53,007 [pool-130-thread-1] INFO  server.RaftServerConfigKeys (ConfUtils.java:logGet(44)) - raft.server.snapshot.auto.trigger.threshold = 10000 (custom)
2022-02-15 15:40:53,007 [pool-130-thread-1] INFO  server.RaftServerConfigKeys (ConfUtils.java:logGet(44)) - raft.server.snapshot.retention.file.num = 5 (custom)
2022-02-15 15:40:53,007 [pool-130-thread-1] INFO  server.RaftServerConfigKeys (ConfUtils.java:logGet(44)) - raft.server.log.purge.upto.snapshot.index = false (default)
2022-02-15 15:40:53,007 [pool-130-thread-1] INFO  server.RaftServerConfigKeys (ConfUtils.java:logGet(44)) - raft.server.retrycache.expirytime = 600000ms (custom)
2022-02-15 15:40:53,007 [pool-130-thread-1] INFO  server.RaftServerConfigKeys (ConfUtils.java:logGet(44)) - raft.server.retrycache.statistics.expirytime = 100μs (default)
2022-02-15 15:40:53,008 [pool-130-thread-1] INFO  server.RaftServer$Division (RaftServerImpl.java:start(301)) - e9feab8a-d52e-445d-a1ed-06165537c904@group-67C7C3BC071C: start as a follower, conf=-1: [e9feab8a-d52e-445d-a1ed-06165537c904|rpc:10.1.0.67:46705|priority:1], old=null
2022-02-15 15:40:53,008 [pool-130-thread-1] INFO  server.RaftServer$Division (RaftServerImpl.java:setRole(290)) - e9feab8a-d52e-445d-a1ed-06165537c904@group-67C7C3BC071C: changes role from      null to FOLLOWER at term 0 for startAsFollower
2022-02-15 15:40:53,008 [pool-130-thread-1] INFO  impl.RoleInfo (RoleInfo.java:updateAndGet(130)) - e9feab8a-d52e-445d-a1ed-06165537c904: start e9feab8a-d52e-445d-a1ed-06165537c904@group-67C7C3BC071C-FollowerState
2022-02-15 15:40:53,023 [pool-130-thread-1] INFO  util.JmxRegister (JmxRegister.java:tryRegister(44)) - Successfully registered JMX Bean with object name Ratis:service=RaftServer,group=group-67C7C3BC071C,id=e9feab8a-d52e-445d-a1ed-06165537c904
2022-02-15 15:40:53,031 [Command processor thread] INFO  ratis.XceiverServerRatis (XceiverServerRatis.java:addGroup(769)) - Created group PipelineID=e3727e12-e5b8-492e-b772-67c7c3bc071c
2022-02-15 15:40:53,032 [Command processor thread] INFO  commandhandler.CreatePipelineCommandHandler (CreatePipelineCommandHandler.java:handle(106)) - Created Pipeline RATIS ONE PipelineID=e3727e12-e5b8-492e-b772-67c7c3bc071c.
2022-02-15 15:40:53,032 [Command processor thread] INFO  server.RaftServer (RaftServerProxy.java:addNew(95)) - e9feab8a-d52e-445d-a1ed-06165537c904: addNew group-AD7580110086:[fe4054d4-403e-4002-87e9-5f399980050f|rpc:10.1.0.67:38959|priority:1, 9bbeae3a-b46f-406a-9a6b-919c321c2ec1|rpc:10.1.0.67:44775|priority:0, e9feab8a-d52e-445d-a1ed-06165537c904|rpc:10.1.0.67:46705|priority:0] returns group-AD7580110086:java.util.concurrent.CompletableFuture@7628599d[Not completed]
2022-02-15 15:40:53,033 [pool-130-thread-1] INFO  server.RaftServer$Division (RaftServerImpl.java:<init>(184)) - e9feab8a-d52e-445d-a1ed-06165537c904: new RaftServerImpl for group-AD7580110086:[fe4054d4-403e-4002-87e9-5f399980050f|rpc:10.1.0.67:38959|priority:1, 9bbeae3a-b46f-406a-9a6b-919c321c2ec1|rpc:10.1.0.67:44775|priority:0, e9feab8a-d52e-445d-a1ed-06165537c904|rpc:10.1.0.67:46705|priority:0] with ContainerStateMachine:uninitialized
2022-02-15 15:40:53,035 [pool-130-thread-1] INFO  server.RaftServerConfigKeys (ConfUtils.java:logGet(44)) - raft.server.rpc.timeout.min = 5s (custom)
2022-02-15 15:40:53,035 [pool-130-thread-1] INFO  server.RaftServerConfigKeys (ConfUtils.java:logGet(44)) - raft.server.rpc.timeout.max = 5200ms (custom)
2022-02-15 15:40:53,035 [pool-130-thread-1] INFO  server.RaftServerConfigKeys (ConfUtils.java:logGet(44)) - raft.server.rpc.sleep.time = 25ms (default)
2022-02-15 15:40:53,035 [pool-130-thread-1] INFO  server.RaftServerConfigKeys (ConfUtils.java:logGet(44)) - raft.server.rpc.slowness.timeout = 300s (custom)
2022-02-15 15:40:53,035 [pool-130-thread-1] INFO  server.RaftServerConfigKeys (ConfUtils.java:logGet(44)) - raft.server.leaderelection.leader.step-down.wait-time = 10s (default)
2022-02-15 15:40:53,035 [pool-130-thread-1] INFO  server.RaftServerConfigKeys (ConfUtils.java:logGet(44)) - raft.server.sleep.deviation.threshold = 300ms (default)
2022-02-15 15:40:53,035 [pool-130-thread-1] INFO  server.RaftServerConfigKeys (ConfUtils.java:logGet(44)) - raft.server.log.appender.install.snapshot.enabled = false (custom)
2022-02-15 15:40:53,035 [pool-130-thread-1] INFO  server.RaftServer$Division (ServerState.java:<init>(105)) - e9feab8a-d52e-445d-a1ed-06165537c904@group-AD7580110086: ConfigurationManager, init=-1: [fe4054d4-403e-4002-87e9-5f399980050f|rpc:10.1.0.67:38959|priority:1, 9bbeae3a-b46f-406a-9a6b-919c321c2ec1|rpc:10.1.0.67:44775|priority:0, e9feab8a-d52e-445d-a1ed-06165537c904|rpc:10.1.0.67:46705|priority:0], old=null, confs=<EMPTY_MAP>
2022-02-15 15:40:53,035 [pool-130-thread-1] INFO  server.RaftServerConfigKeys (ConfUtils.java:logGet(44)) - raft.server.storage.dir = [/home/runner/work/ozone/ozone/hadoop-ozone/integration-test/target/test-dir/MiniOzoneClusterImpl-53bdd20c-eac6-4b45-944c-4408c9f6695f/datanode-0/data/ratis] (custom)
2022-02-15 15:40:53,036 [pool-130-thread-1] INFO  server.RaftServerConfigKeys (ConfUtils.java:logGet(44)) - raft.server.log.corruption.policy = EXCEPTION (default)
2022-02-15 15:40:53,036 [pool-130-thread-1] INFO  server.RaftServerConfigKeys (ConfUtils.java:logGet(44)) - raft.server.storage.free-space.min = 0MB (=0) (default)
2022-02-15 15:40:53,036 [pool-130-thread-1] INFO  storage.RaftStorageDirectory (RaftStorageDirectoryImpl.java:analyzeStorage(135)) - The storage directory /home/runner/work/ozone/ozone/hadoop-ozone/integration-test/target/test-dir/MiniOzoneClusterImpl-53bdd20c-eac6-4b45-944c-4408c9f6695f/datanode-0/data/ratis/852ee6f0-8e82-47fd-a41e-ad7580110086 does not exist. Creating ...
2022-02-15 15:40:53,037 [pool-130-thread-1] INFO  storage.RaftStorageDirectory (RaftStorageDirectoryImpl.java:tryLock(230)) - Lock on /home/runner/work/ozone/ozone/hadoop-ozone/integration-test/target/test-dir/MiniOzoneClusterImpl-53bdd20c-eac6-4b45-944c-4408c9f6695f/datanode-0/data/ratis/852ee6f0-8e82-47fd-a41e-ad7580110086/in_use.lock acquired by nodename 24416@fv-az50-524
2022-02-15 15:40:53,037 [EventQueue-PipelineReportForPipelineReportHandler] INFO  pipeline.PipelineManagerImpl (PipelineManagerImpl.java:openPipeline(291)) - Pipeline Pipeline[ Id: e3727e12-e5b8-492e-b772-67c7c3bc071c, Nodes: e9feab8a-d52e-445d-a1ed-06165537c904{ip: 10.1.0.67, host: fv-az50-524.grzltbmokehuzjyc5b133kdqgh.cx.internal.cloudapp.net, ports: [REPLICATION=38359, RATIS=46705, RATIS_ADMIN=46705, RATIS_SERVER=46705, STANDALONE=36629], networkLocation: /default-rack, certSerialId: null, persistedOpState: IN_SERVICE, persistedOpStateExpiryEpochSec: 0}, ReplicationConfig: RATIS/ONE, State:ALLOCATED, leaderId:e9feab8a-d52e-445d-a1ed-06165537c904, CreationTimestamp2022-02-15T15:40:49.981Z[Etc/UTC]] moved to OPEN state
2022-02-15 15:40:53,040 [pool-130-thread-1] INFO  storage.RaftStorage (RaftStorageImpl.java:format(89)) - Storage directory /home/runner/work/ozone/ozone/hadoop-ozone/integration-test/target/test-dir/MiniOzoneClusterImpl-53bdd20c-eac6-4b45-944c-4408c9f6695f/datanode-0/data/ratis/852ee6f0-8e82-47fd-a41e-ad7580110086 has been successfully formatted.
2022-02-15 15:40:53,040 [pool-130-thread-1] INFO  ratis.ContainerStateMachine (ContainerStateMachine.java:loadSnapshot(231)) - group-AD7580110086: The snapshot info is null. Setting the last applied indexto:(t:0, i:~)
2022-02-15 15:40:53,041 [pool-130-thread-1] INFO  server.RaftServerConfigKeys (ConfUtils.java:logGet(44)) - raft.server.notification.no-leader.timeout = 300s (custom)
2022-02-15 15:40:53,041 [pool-130-thread-1] INFO  server.RaftServerConfigKeys (ConfUtils.java:logGet(44)) - raft.server.log.use.memory = false (default)
2022-02-15 15:40:53,041 [pool-130-thread-1] INFO  server.RaftServerConfigKeys (ConfUtils.java:logGet(44)) - raft.server.log.purge.gap = 1000000 (custom)
2022-02-15 15:40:53,041 [pool-130-thread-1] INFO  server.RaftServerConfigKeys (ConfUtils.java:logGet(44)) - raft.server.log.appender.buffer.byte-limit = 33554432 (custom)
2022-02-15 15:40:53,041 [pool-130-thread-1] INFO  server.RaftServerConfigKeys (ConfUtils.java:logGet(44)) - raft.server.log.segment.size.max = 1048576 (custom)
2022-02-15 15:40:53,041 [pool-130-thread-1] INFO  server.RaftServerConfigKeys (ConfUtils.java:logGet(44)) - raft.server.log.segment.cache.num.max = 2 (custom)
2022-02-15 15:40:53,041 [pool-130-thread-1] INFO  server.RaftServerConfigKeys (ConfUtils.java:logGet(44)) - raft.server.log.segment.cache.size.max = 200MB (=209715200) (default)
2022-02-15 15:40:53,041 [pool-130-thread-1] INFO  segmented.SegmentedRaftLogWorker (SegmentedRaftLogWorker.java:<init>(182)) - new e9feab8a-d52e-445d-a1ed-06165537c904@group-AD7580110086-SegmentedRaftLogWorker for RaftStorageImpl:Storage Directory /home/runner/work/ozone/ozone/hadoop-ozone/integration-test/target/test-dir/MiniOzoneClusterImpl-53bdd20c-eac6-4b45-944c-4408c9f6695f/datanode-0/data/ratis/852ee6f0-8e82-47fd-a41e-ad7580110086
2022-02-15 15:40:53,041 [pool-130-thread-1] INFO  server.RaftServerConfigKeys (ConfUtils.java:logGet(44)) - raft.server.log.queue.byte-limit = 4294967296 (custom)
2022-02-15 15:40:53,041 [pool-130-thread-1] INFO  server.RaftServerConfigKeys (ConfUtils.java:logGet(44)) - raft.server.log.queue.element-limit = 1024 (custom)
2022-02-15 15:40:53,042 [pool-130-thread-1] INFO  server.RaftServerConfigKeys (ConfUtils.java:logGet(44)) - raft.server.log.segment.size.max = 1048576 (custom)
2022-02-15 15:40:53,042 [pool-130-thread-1] INFO  server.RaftServerConfigKeys (ConfUtils.java:logGet(44)) - raft.server.log.preallocated.size = 16384 (custom)
2022-02-15 15:40:53,042 [pool-130-thread-1] INFO  server.RaftServerConfigKeys (ConfUtils.java:logGet(44)) - raft.server.log.force.sync.num = 128 (default)
2022-02-15 15:40:53,042 [pool-130-thread-1] INFO  server.RaftServerConfigKeys (ConfUtils.java:logGet(44)) - raft.server.log.statemachine.data.sync = true (default)
2022-02-15 15:40:53,042 [pool-130-thread-1] INFO  server.RaftServerConfigKeys (ConfUtils.java:logGet(44)) - raft.server.log.statemachine.data.sync.timeout = 10s (default)
2022-02-15 15:40:53,042 [pool-130-thread-1] INFO  server.RaftServerConfigKeys (ConfUtils.java:logGet(44)) - raft.server.log.statemachine.data.sync.timeout.retry = -1 (default)
2022-02-15 15:40:53,045 [pool-130-thread-1] INFO  server.RaftServerConfigKeys (ConfUtils.java:logGet(44)) - raft.server.log.write.buffer.size = 1048576 (custom)
2022-02-15 15:40:53,045 [pool-130-thread-1] INFO  server.RaftServerConfigKeys (ConfUtils.java:logGet(44)) - raft.server.log.statemachine.data.caching.enabled = true (custom)
2022-02-15 15:40:53,045 [pool-130-thread-1] INFO  segmented.SegmentedRaftLogWorker (SegmentedRaftLogWorker.java:lambda$new$0(133)) - e9feab8a-d52e-445d-a1ed-06165537c904@group-AD7580110086-SegmentedRaftLogWorker: flushIndex: setUnconditionally 0 -> -1
2022-02-15 15:40:53,045 [pool-130-thread-1] INFO  segmented.SegmentedRaftLogWorker (SegmentedRaftLogWorker.java:lambda$new$0(133)) - e9feab8a-d52e-445d-a1ed-06165537c904@group-AD7580110086-SegmentedRaftLogWorker: safeCacheEvictIndex: setUnconditionally 0 -> -1
2022-02-15 15:40:53,047 [06d727d5-e762-4bdb-a8d8-e52cb7a870a2@group-4408C9F6695F-StateMachineUpdater] INFO  safemode.HealthyPipelineSafeModeRule (HealthyPipelineSafeModeRule.java:initializeRule(152)) - Refreshed total pipeline count is 0, healthy pipeline threshold count is 1
2022-02-15 15:40:53,057 [pool-130-thread-1] INFO  server.RaftServerConfigKeys (ConfUtils.java:logGet(44)) - raft.server.snapshot.auto.trigger.enabled = true (custom)
2022-02-15 15:40:53,057 [pool-130-thread-1] INFO  server.RaftServerConfigKeys (ConfUtils.java:logGet(44)) - raft.server.snapshot.auto.trigger.threshold = 10000 (custom)
2022-02-15 15:40:53,057 [pool-130-thread-1] INFO  server.RaftServerConfigKeys (ConfUtils.java:logGet(44)) - raft.server.snapshot.retention.file.num = 5 (custom)
2022-02-15 15:40:53,057 [pool-130-thread-1] INFO  server.RaftServerConfigKeys (ConfUtils.java:logGet(44)) - raft.server.log.purge.upto.snapshot.index = false (default)
2022-02-15 15:40:53,058 [pool-130-thread-1] INFO  server.RaftServerConfigKeys (ConfUtils.java:logGet(44)) - raft.server.retrycache.expirytime = 600000ms (custom)
2022-02-15 15:40:53,058 [pool-130-thread-1] INFO  server.RaftServerConfigKeys (ConfUtils.java:logGet(44)) - raft.server.retrycache.statistics.expirytime = 100μs (default)
2022-02-15 15:40:53,059 [pool-130-thread-1] INFO  server.RaftServer$Division (RaftServerImpl.java:start(301)) - e9feab8a-d52e-445d-a1ed-06165537c904@group-AD7580110086: start as a follower, conf=-1: [fe4054d4-403e-4002-87e9-5f399980050f|rpc:10.1.0.67:38959|priority:1, 9bbeae3a-b46f-406a-9a6b-919c321c2ec1|rpc:10.1.0.67:44775|priority:0, e9feab8a-d52e-445d-a1ed-06165537c904|rpc:10.1.0.67:46705|priority:0], old=null
2022-02-15 15:40:53,059 [pool-130-thread-1] INFO  server.RaftServer$Division (RaftServerImpl.java:setRole(290)) - e9feab8a-d52e-445d-a1ed-06165537c904@group-AD7580110086: changes role from      null to FOLLOWER at term 0 for startAsFollower
2022-02-15 15:40:53,059 [pool-130-thread-1] INFO  impl.RoleInfo (RoleInfo.java:updateAndGet(130)) - e9feab8a-d52e-445d-a1ed-06165537c904: start e9feab8a-d52e-445d-a1ed-06165537c904@group-AD7580110086-FollowerState
2022-02-15 15:40:53,063 [EventQueue-OpenPipelineForHealthyPipelineSafeModeRule] INFO  safemode.SCMSafeModeManager (HealthyPipelineSafeModeRule.java:process(124)) - SCM in safe mode. Healthy pipelines reported count is 0, required healthy pipeline reported count is 1
2022-02-15 15:40:53,063 [EventQueue-OpenPipelineForHealthyPipelineSafeModeRule] INFO  safemode.SCMSafeModeManager (HealthyPipelineSafeModeRule.java:process(124)) - SCM in safe mode. Healthy pipelines reported count is 0, required healthy pipeline reported count is 1
2022-02-15 15:40:53,063 [pool-130-thread-1] INFO  util.JmxRegister (JmxRegister.java:tryRegister(44)) - Successfully registered JMX Bean with object name Ratis:service=RaftServer,group=group-AD7580110086,id=e9feab8a-d52e-445d-a1ed-06165537c904
2022-02-15 15:40:53,064 [Command processor thread] INFO  ratis.XceiverServerRatis (XceiverServerRatis.java:addGroup(769)) - Created group PipelineID=852ee6f0-8e82-47fd-a41e-ad7580110086
2022-02-15 15:40:53,340 [Command processor thread] INFO  server.RaftServer (RaftServerProxy.java:addNew(95)) - 9bbeae3a-b46f-406a-9a6b-919c321c2ec1: addNew group-4FC56212EF51:[9bbeae3a-b46f-406a-9a6b-919c321c2ec1|rpc:10.1.0.67:44775|priority:1] returns group-4FC56212EF51:java.util.concurrent.CompletableFuture@22e89368[Not completed]
2022-02-15 15:40:53,352 [pool-151-thread-1] INFO  server.RaftServer$Division (RaftServerImpl.java:<init>(184)) - 9bbeae3a-b46f-406a-9a6b-919c321c2ec1: new RaftServerImpl for group-4FC56212EF51:[9bbeae3a-b46f-406a-9a6b-919c321c2ec1|rpc:10.1.0.67:44775|priority:1] with ContainerStateMachine:uninitialized
2022-02-15 15:40:53,352 [pool-151-thread-1] INFO  server.RaftServerConfigKeys (ConfUtils.java:logGet(44)) - raft.server.rpc.timeout.min = 5s (custom)
2022-02-15 15:40:53,352 [pool-151-thread-1] INFO  server.RaftServerConfigKeys (ConfUtils.java:logGet(44)) - raft.server.rpc.timeout.max = 5200ms (custom)
2022-02-15 15:40:53,352 [pool-151-thread-1] INFO  server.RaftServerConfigKeys (ConfUtils.java:logGet(44)) - raft.server.rpc.sleep.time = 25ms (default)
2022-02-15 15:40:53,352 [pool-151-thread-1] INFO  server.RaftServerConfigKeys (ConfUtils.java:logGet(44)) - raft.server.rpc.slowness.timeout = 300s (custom)
2022-02-15 15:40:53,352 [pool-151-thread-1] INFO  server.RaftServerConfigKeys (ConfUtils.java:logGet(44)) - raft.server.leaderelection.leader.step-down.wait-time = 10s (default)
2022-02-15 15:40:53,352 [pool-151-thread-1] INFO  server.RaftServerConfigKeys (ConfUtils.java:logGet(44)) - raft.server.sleep.deviation.threshold = 300ms (default)
2022-02-15 15:40:53,352 [pool-151-thread-1] INFO  server.RaftServerConfigKeys (ConfUtils.java:logGet(44)) - raft.server.log.appender.install.snapshot.enabled = false (custom)
2022-02-15 15:40:53,352 [pool-151-thread-1] INFO  server.RaftServer$Division (ServerState.java:<init>(105)) - 9bbeae3a-b46f-406a-9a6b-919c321c2ec1@group-4FC56212EF51: ConfigurationManager, init=-1: [9bbeae3a-b46f-406a-9a6b-919c321c2ec1|rpc:10.1.0.67:44775|priority:1], old=null, confs=<EMPTY_MAP>
2022-02-15 15:40:53,352 [pool-151-thread-1] INFO  server.RaftServerConfigKeys (ConfUtils.java:logGet(44)) - raft.server.storage.dir = [/home/runner/work/ozone/ozone/hadoop-ozone/integration-test/target/test-dir/MiniOzoneClusterImpl-53bdd20c-eac6-4b45-944c-4408c9f6695f/datanode-1/data/ratis] (custom)
2022-02-15 15:40:53,352 [pool-151-thread-1] INFO  server.RaftServerConfigKeys (ConfUtils.java:logGet(44)) - raft.server.log.corruption.policy = EXCEPTION (default)
2022-02-15 15:40:53,352 [pool-151-thread-1] INFO  server.RaftServerConfigKeys (ConfUtils.java:logGet(44)) - raft.server.storage.free-space.min = 0MB (=0) (default)
2022-02-15 15:40:53,353 [pool-151-thread-1] INFO  storage.RaftStorageDirectory (RaftStorageDirectoryImpl.java:analyzeStorage(135)) - The storage directory /home/runner/work/ozone/ozone/hadoop-ozone/integration-test/target/test-dir/MiniOzoneClusterImpl-53bdd20c-eac6-4b45-944c-4408c9f6695f/datanode-1/data/ratis/71e8459c-aaca-495e-9ab4-4fc56212ef51 does not exist. Creating ...
2022-02-15 15:40:53,353 [pool-151-thread-1] INFO  storage.RaftStorageDirectory (RaftStorageDirectoryImpl.java:tryLock(230)) - Lock on /home/runner/work/ozone/ozone/hadoop-ozone/integration-test/target/test-dir/MiniOzoneClusterImpl-53bdd20c-eac6-4b45-944c-4408c9f6695f/datanode-1/data/ratis/71e8459c-aaca-495e-9ab4-4fc56212ef51/in_use.lock acquired by nodename 24416@fv-az50-524
2022-02-15 15:40:53,354 [pool-151-thread-1] INFO  storage.RaftStorage (RaftStorageImpl.java:format(89)) - Storage directory /home/runner/work/ozone/ozone/hadoop-ozone/integration-test/target/test-dir/MiniOzoneClusterImpl-53bdd20c-eac6-4b45-944c-4408c9f6695f/datanode-1/data/ratis/71e8459c-aaca-495e-9ab4-4fc56212ef51 has been successfully formatted.
2022-02-15 15:40:53,355 [pool-151-thread-1] INFO  ratis.ContainerStateMachine (ContainerStateMachine.java:loadSnapshot(231)) - group-4FC56212EF51: The snapshot info is null. Setting the last applied indexto:(t:0, i:~)
2022-02-15 15:40:53,359 [pool-151-thread-1] INFO  server.RaftServerConfigKeys (ConfUtils.java:logGet(44)) - raft.server.notification.no-leader.timeout = 300s (custom)
2022-02-15 15:40:53,359 [pool-151-thread-1] INFO  server.RaftServerConfigKeys (ConfUtils.java:logGet(44)) - raft.server.log.use.memory = false (default)
2022-02-15 15:40:53,359 [pool-151-thread-1] INFO  server.RaftServerConfigKeys (ConfUtils.java:logGet(44)) - raft.server.log.purge.gap = 1000000 (custom)
2022-02-15 15:40:53,360 [pool-151-thread-1] INFO  server.RaftServerConfigKeys (ConfUtils.java:logGet(44)) - raft.server.log.appender.buffer.byte-limit = 33554432 (custom)
2022-02-15 15:40:53,360 [pool-151-thread-1] INFO  server.RaftServerConfigKeys (ConfUtils.java:logGet(44)) - raft.server.log.segment.size.max = 1048576 (custom)
2022-02-15 15:40:53,360 [pool-151-thread-1] INFO  server.RaftServerConfigKeys (ConfUtils.java:logGet(44)) - raft.server.log.segment.cache.num.max = 2 (custom)
2022-02-15 15:40:53,360 [pool-151-thread-1] INFO  server.RaftServerConfigKeys (ConfUtils.java:logGet(44)) - raft.server.log.segment.cache.size.max = 200MB (=209715200) (default)
2022-02-15 15:40:53,360 [pool-151-thread-1] INFO  segmented.SegmentedRaftLogWorker (SegmentedRaftLogWorker.java:<init>(182)) - new 9bbeae3a-b46f-406a-9a6b-919c321c2ec1@group-4FC56212EF51-SegmentedRaftLogWorker for RaftStorageImpl:Storage Directory /home/runner/work/ozone/ozone/hadoop-ozone/integration-test/target/test-dir/MiniOzoneClusterImpl-53bdd20c-eac6-4b45-944c-4408c9f6695f/datanode-1/data/ratis/71e8459c-aaca-495e-9ab4-4fc56212ef51
2022-02-15 15:40:53,360 [pool-151-thread-1] INFO  server.RaftServerConfigKeys (ConfUtils.java:logGet(44)) - raft.server.log.queue.byte-limit = 4294967296 (custom)
2022-02-15 15:40:53,360 [pool-151-thread-1] INFO  server.RaftServerConfigKeys (ConfUtils.java:logGet(44)) - raft.server.log.queue.element-limit = 1024 (custom)
2022-02-15 15:40:53,360 [pool-151-thread-1] INFO  server.RaftServerConfigKeys (ConfUtils.java:logGet(44)) - raft.server.log.segment.size.max = 1048576 (custom)
2022-02-15 15:40:53,360 [pool-151-thread-1] INFO  server.RaftServerConfigKeys (ConfUtils.java:logGet(44)) - raft.server.log.preallocated.size = 16384 (custom)
2022-02-15 15:40:53,360 [pool-151-thread-1] INFO  server.RaftServerConfigKeys (ConfUtils.java:logGet(44)) - raft.server.log.force.sync.num = 128 (default)
2022-02-15 15:40:53,360 [pool-151-thread-1] INFO  server.RaftServerConfigKeys (ConfUtils.java:logGet(44)) - raft.server.log.statemachine.data.sync = true (default)
2022-02-15 15:40:53,360 [pool-151-thread-1] INFO  server.RaftServerConfigKeys (ConfUtils.java:logGet(44)) - raft.server.log.statemachine.data.sync.timeout = 10s (default)
2022-02-15 15:40:53,360 [pool-151-thread-1] INFO  server.RaftServerConfigKeys (ConfUtils.java:logGet(44)) - raft.server.log.statemachine.data.sync.timeout.retry = -1 (default)
2022-02-15 15:40:53,361 [pool-151-thread-1] INFO  server.RaftServerConfigKeys (ConfUtils.java:logGet(44)) - raft.server.log.write.buffer.size = 1048576 (custom)
2022-02-15 15:40:53,361 [pool-151-thread-1] INFO  server.RaftServerConfigKeys (ConfUtils.java:logGet(44)) - raft.server.log.statemachine.data.caching.enabled = true (custom)
2022-02-15 15:40:53,362 [pool-151-thread-1] INFO  segmented.SegmentedRaftLogWorker (SegmentedRaftLogWorker.java:lambda$new$0(133)) - 9bbeae3a-b46f-406a-9a6b-919c321c2ec1@group-4FC56212EF51-SegmentedRaftLogWorker: flushIndex: setUnconditionally 0 -> -1
2022-02-15 15:40:53,368 [pool-151-thread-1] INFO  segmented.SegmentedRaftLogWorker (SegmentedRaftLogWorker.java:lambda$new$0(133)) - 9bbeae3a-b46f-406a-9a6b-919c321c2ec1@group-4FC56212EF51-SegmentedRaftLogWorker: safeCacheEvictIndex: setUnconditionally 0 -> -1
2022-02-15 15:40:53,369 [pool-151-thread-1] INFO  server.RaftServerConfigKeys (ConfUtils.java:logGet(44)) - raft.server.snapshot.auto.trigger.enabled = true (custom)
2022-02-15 15:40:53,369 [pool-151-thread-1] INFO  server.RaftServerConfigKeys (ConfUtils.java:logGet(44)) - raft.server.snapshot.auto.trigger.threshold = 10000 (custom)
2022-02-15 15:40:53,369 [pool-151-thread-1] INFO  server.RaftServerConfigKeys (ConfUtils.java:logGet(44)) - raft.server.snapshot.retention.file.num = 5 (custom)
2022-02-15 15:40:53,369 [pool-151-thread-1] INFO  server.RaftServerConfigKeys (ConfUtils.java:logGet(44)) - raft.server.log.purge.upto.snapshot.index = false (default)
2022-02-15 15:40:53,369 [pool-151-thread-1] INFO  server.RaftServerConfigKeys (ConfUtils.java:logGet(44)) - raft.server.retrycache.expirytime = 600000ms (custom)
2022-02-15 15:40:53,369 [pool-151-thread-1] INFO  server.RaftServerConfigKeys (ConfUtils.java:logGet(44)) - raft.server.retrycache.statistics.expirytime = 100μs (default)
2022-02-15 15:40:53,367 [EventQueue-PipelineReportForPipelineReportHandler] INFO  pipeline.PipelineManagerImpl (PipelineManagerImpl.java:openPipeline(291)) - Pipeline Pipeline[ Id: 71e8459c-aaca-495e-9ab4-4fc56212ef51, Nodes: 9bbeae3a-b46f-406a-9a6b-919c321c2ec1{ip: 10.1.0.67, host: fv-az50-524.grzltbmokehuzjyc5b133kdqgh.cx.internal.cloudapp.net, ports: [REPLICATION=37743, RATIS=44775, RATIS_ADMIN=44775, RATIS_SERVER=44775, STANDALONE=44319], networkLocation: /default-rack, certSerialId: null, persistedOpState: IN_SERVICE, persistedOpStateExpiryEpochSec: 0}, ReplicationConfig: RATIS/ONE, State:ALLOCATED, leaderId:9bbeae3a-b46f-406a-9a6b-919c321c2ec1, CreationTimestamp2022-02-15T15:40:50.344Z[Etc/UTC]] moved to OPEN state
2022-02-15 15:40:53,374 [06d727d5-e762-4bdb-a8d8-e52cb7a870a2@group-4408C9F6695F-StateMachineUpdater] INFO  safemode.HealthyPipelineSafeModeRule (HealthyPipelineSafeModeRule.java:initializeRule(152)) - Refreshed total pipeline count is 0, healthy pipeline threshold count is 1
2022-02-15 15:40:53,374 [pool-151-thread-1] INFO  server.RaftServer$Division (RaftServerImpl.java:start(301)) - 9bbeae3a-b46f-406a-9a6b-919c321c2ec1@group-4FC56212EF51: start as a follower, conf=-1: [9bbeae3a-b46f-406a-9a6b-919c321c2ec1|rpc:10.1.0.67:44775|priority:1], old=null
2022-02-15 15:40:53,379 [EventQueue-OpenPipelineForHealthyPipelineSafeModeRule] INFO  safemode.SCMSafeModeManager (HealthyPipelineSafeModeRule.java:process(124)) - SCM in safe mode. Healthy pipelines reported count is 0, required healthy pipeline reported count is 1
2022-02-15 15:40:53,384 [pool-151-thread-1] INFO  server.RaftServer$Division (RaftServerImpl.java:setRole(290)) - 9bbeae3a-b46f-406a-9a6b-919c321c2ec1@group-4FC56212EF51: changes role from      null to FOLLOWER at term 0 for startAsFollower
2022-02-15 15:40:53,384 [pool-151-thread-1] INFO  impl.RoleInfo (RoleInfo.java:updateAndGet(130)) - 9bbeae3a-b46f-406a-9a6b-919c321c2ec1: start 9bbeae3a-b46f-406a-9a6b-919c321c2ec1@group-4FC56212EF51-FollowerState
2022-02-15 15:40:53,385 [pool-151-thread-1] INFO  util.JmxRegister (JmxRegister.java:tryRegister(44)) - Successfully registered JMX Bean with object name Ratis:service=RaftServer,group=group-4FC56212EF51,id=9bbeae3a-b46f-406a-9a6b-919c321c2ec1
2022-02-15 15:40:53,389 [Command processor thread] INFO  ratis.XceiverServerRatis (XceiverServerRatis.java:addGroup(769)) - Created group PipelineID=71e8459c-aaca-495e-9ab4-4fc56212ef51
2022-02-15 15:40:53,389 [Command processor thread] INFO  commandhandler.CreatePipelineCommandHandler (CreatePipelineCommandHandler.java:handle(106)) - Created Pipeline RATIS ONE PipelineID=71e8459c-aaca-495e-9ab4-4fc56212ef51.
2022-02-15 15:40:53,390 [Command processor thread] INFO  server.RaftServer (RaftServerProxy.java:addNew(95)) - 9bbeae3a-b46f-406a-9a6b-919c321c2ec1: addNew group-AD7580110086:[fe4054d4-403e-4002-87e9-5f399980050f|rpc:10.1.0.67:38959|priority:1, 9bbeae3a-b46f-406a-9a6b-919c321c2ec1|rpc:10.1.0.67:44775|priority:0, e9feab8a-d52e-445d-a1ed-06165537c904|rpc:10.1.0.67:46705|priority:0] returns group-AD7580110086:java.util.concurrent.CompletableFuture@26d703ed[Not completed]
2022-02-15 15:40:53,391 [pool-151-thread-1] INFO  server.RaftServer$Division (RaftServerImpl.java:<init>(184)) - 9bbeae3a-b46f-406a-9a6b-919c321c2ec1: new RaftServerImpl for group-AD7580110086:[fe4054d4-403e-4002-87e9-5f399980050f|rpc:10.1.0.67:38959|priority:1, 9bbeae3a-b46f-406a-9a6b-919c321c2ec1|rpc:10.1.0.67:44775|priority:0, e9feab8a-d52e-445d-a1ed-06165537c904|rpc:10.1.0.67:46705|priority:0] with ContainerStateMachine:uninitialized
2022-02-15 15:40:53,391 [pool-151-thread-1] INFO  server.RaftServerConfigKeys (ConfUtils.java:logGet(44)) - raft.server.rpc.timeout.min = 5s (custom)
2022-02-15 15:40:53,392 [pool-151-thread-1] INFO  server.RaftServerConfigKeys (ConfUtils.java:logGet(44)) - raft.server.rpc.timeout.max = 5200ms (custom)
2022-02-15 15:40:53,392 [pool-151-thread-1] INFO  server.RaftServerConfigKeys (ConfUtils.java:logGet(44)) - raft.server.rpc.sleep.time = 25ms (default)
2022-02-15 15:40:53,392 [pool-151-thread-1] INFO  server.RaftServerConfigKeys (ConfUtils.java:logGet(44)) - raft.server.rpc.slowness.timeout = 300s (custom)
2022-02-15 15:40:53,392 [pool-151-thread-1] INFO  server.RaftServerConfigKeys (ConfUtils.java:logGet(44)) - raft.server.leaderelection.leader.step-down.wait-time = 10s (default)
2022-02-15 15:40:53,392 [pool-151-thread-1] INFO  server.RaftServerConfigKeys (ConfUtils.java:logGet(44)) - raft.server.sleep.deviation.threshold = 300ms (default)
2022-02-15 15:40:53,392 [pool-151-thread-1] INFO  server.RaftServerConfigKeys (ConfUtils.java:logGet(44)) - raft.server.log.appender.install.snapshot.enabled = false (custom)
2022-02-15 15:40:53,392 [pool-151-thread-1] INFO  server.RaftServer$Division (ServerState.java:<init>(105)) - 9bbeae3a-b46f-406a-9a6b-919c321c2ec1@group-AD7580110086: ConfigurationManager, init=-1: [fe4054d4-403e-4002-87e9-5f399980050f|rpc:10.1.0.67:38959|priority:1, 9bbeae3a-b46f-406a-9a6b-919c321c2ec1|rpc:10.1.0.67:44775|priority:0, e9feab8a-d52e-445d-a1ed-06165537c904|rpc:10.1.0.67:46705|priority:0], old=null, confs=<EMPTY_MAP>
2022-02-15 15:40:53,392 [pool-151-thread-1] INFO  server.RaftServerConfigKeys (ConfUtils.java:logGet(44)) - raft.server.storage.dir = [/home/runner/work/ozone/ozone/hadoop-ozone/integration-test/target/test-dir/MiniOzoneClusterImpl-53bdd20c-eac6-4b45-944c-4408c9f6695f/datanode-1/data/ratis] (custom)
2022-02-15 15:40:53,392 [pool-151-thread-1] INFO  server.RaftServerConfigKeys (ConfUtils.java:logGet(44)) - raft.server.log.corruption.policy = EXCEPTION (default)
2022-02-15 15:40:53,392 [pool-151-thread-1] INFO  server.RaftServerConfigKeys (ConfUtils.java:logGet(44)) - raft.server.storage.free-space.min = 0MB (=0) (default)
2022-02-15 15:40:53,392 [pool-151-thread-1] INFO  storage.RaftStorageDirectory (RaftStorageDirectoryImpl.java:analyzeStorage(135)) - The storage directory /home/runner/work/ozone/ozone/hadoop-ozone/integration-test/target/test-dir/MiniOzoneClusterImpl-53bdd20c-eac6-4b45-944c-4408c9f6695f/datanode-1/data/ratis/852ee6f0-8e82-47fd-a41e-ad7580110086 does not exist. Creating ...
2022-02-15 15:40:53,393 [pool-151-thread-1] INFO  storage.RaftStorageDirectory (RaftStorageDirectoryImpl.java:tryLock(230)) - Lock on /home/runner/work/ozone/ozone/hadoop-ozone/integration-test/target/test-dir/MiniOzoneClusterImpl-53bdd20c-eac6-4b45-944c-4408c9f6695f/datanode-1/data/ratis/852ee6f0-8e82-47fd-a41e-ad7580110086/in_use.lock acquired by nodename 24416@fv-az50-524
2022-02-15 15:40:53,394 [pool-151-thread-1] INFO  storage.RaftStorage (RaftStorageImpl.java:format(89)) - Storage directory /home/runner/work/ozone/ozone/hadoop-ozone/integration-test/target/test-dir/MiniOzoneClusterImpl-53bdd20c-eac6-4b45-944c-4408c9f6695f/datanode-1/data/ratis/852ee6f0-8e82-47fd-a41e-ad7580110086 has been successfully formatted.
2022-02-15 15:40:53,396 [pool-151-thread-1] INFO  ratis.ContainerStateMachine (ContainerStateMachine.java:loadSnapshot(231)) - group-AD7580110086: The snapshot info is null. Setting the last applied indexto:(t:0, i:~)
2022-02-15 15:40:53,396 [pool-151-thread-1] INFO  server.RaftServerConfigKeys (ConfUtils.java:logGet(44)) - raft.server.notification.no-leader.timeout = 300s (custom)
2022-02-15 15:40:53,396 [pool-151-thread-1] INFO  server.RaftServerConfigKeys (ConfUtils.java:logGet(44)) - raft.server.log.use.memory = false (default)
2022-02-15 15:40:53,396 [pool-151-thread-1] INFO  server.RaftServerConfigKeys (ConfUtils.java:logGet(44)) - raft.server.log.purge.gap = 1000000 (custom)
2022-02-15 15:40:53,396 [pool-151-thread-1] INFO  server.RaftServerConfigKeys (ConfUtils.java:logGet(44)) - raft.server.log.appender.buffer.byte-limit = 33554432 (custom)
2022-02-15 15:40:53,396 [pool-151-thread-1] INFO  server.RaftServerConfigKeys (ConfUtils.java:logGet(44)) - raft.server.log.segment.size.max = 1048576 (custom)
2022-02-15 15:40:53,397 [pool-151-thread-1] INFO  server.RaftServerConfigKeys (ConfUtils.java:logGet(44)) - raft.server.log.segment.cache.num.max = 2 (custom)
2022-02-15 15:40:53,397 [pool-151-thread-1] INFO  server.RaftServerConfigKeys (ConfUtils.java:logGet(44)) - raft.server.log.segment.cache.size.max = 200MB (=209715200) (default)
2022-02-15 15:40:53,397 [pool-151-thread-1] INFO  segmented.SegmentedRaftLogWorker (SegmentedRaftLogWorker.java:<init>(182)) - new 9bbeae3a-b46f-406a-9a6b-919c321c2ec1@group-AD7580110086-SegmentedRaftLogWorker for RaftStorageImpl:Storage Directory /home/runner/work/ozone/ozone/hadoop-ozone/integration-test/target/test-dir/MiniOzoneClusterImpl-53bdd20c-eac6-4b45-944c-4408c9f6695f/datanode-1/data/ratis/852ee6f0-8e82-47fd-a41e-ad7580110086
2022-02-15 15:40:53,397 [pool-151-thread-1] INFO  server.RaftServerConfigKeys (ConfUtils.java:logGet(44)) - raft.server.log.queue.byte-limit = 4294967296 (custom)
2022-02-15 15:40:53,397 [pool-151-thread-1] INFO  server.RaftServerConfigKeys (ConfUtils.java:logGet(44)) - raft.server.log.queue.element-limit = 1024 (custom)
2022-02-15 15:40:53,397 [pool-151-thread-1] INFO  server.RaftServerConfigKeys (ConfUtils.java:logGet(44)) - raft.server.log.segment.size.max = 1048576 (custom)
2022-02-15 15:40:53,397 [pool-151-thread-1] INFO  server.RaftServerConfigKeys (ConfUtils.java:logGet(44)) - raft.server.log.preallocated.size = 16384 (custom)
2022-02-15 15:40:53,397 [pool-151-thread-1] INFO  server.RaftServerConfigKeys (ConfUtils.java:logGet(44)) - raft.server.log.force.sync.num = 128 (default)
2022-02-15 15:40:53,397 [pool-151-thread-1] INFO  server.RaftServerConfigKeys (ConfUtils.java:logGet(44)) - raft.server.log.statemachine.data.sync = true (default)
2022-02-15 15:40:53,397 [pool-151-thread-1] INFO  server.RaftServerConfigKeys (ConfUtils.java:logGet(44)) - raft.server.log.statemachine.data.sync.timeout = 10s (default)
2022-02-15 15:40:53,397 [pool-151-thread-1] INFO  server.RaftServerConfigKeys (ConfUtils.java:logGet(44)) - raft.server.log.statemachine.data.sync.timeout.retry = -1 (default)
2022-02-15 15:40:53,404 [EventQueue-OpenPipelineForHealthyPipelineSafeModeRule] INFO  safemode.SCMSafeModeManager (HealthyPipelineSafeModeRule.java:process(124)) - SCM in safe mode. Healthy pipelines reported count is 0, required healthy pipeline reported count is 1
2022-02-15 15:40:53,404 [pool-151-thread-1] INFO  server.RaftServerConfigKeys (ConfUtils.java:logGet(44)) - raft.server.log.write.buffer.size = 1048576 (custom)
2022-02-15 15:40:53,404 [pool-151-thread-1] INFO  server.RaftServerConfigKeys (ConfUtils.java:logGet(44)) - raft.server.log.statemachine.data.caching.enabled = true (custom)
2022-02-15 15:40:53,405 [pool-151-thread-1] INFO  segmented.SegmentedRaftLogWorker (SegmentedRaftLogWorker.java:lambda$new$0(133)) - 9bbeae3a-b46f-406a-9a6b-919c321c2ec1@group-AD7580110086-SegmentedRaftLogWorker: flushIndex: setUnconditionally 0 -> -1
2022-02-15 15:40:53,405 [pool-151-thread-1] INFO  segmented.SegmentedRaftLogWorker (SegmentedRaftLogWorker.java:lambda$new$0(133)) - 9bbeae3a-b46f-406a-9a6b-919c321c2ec1@group-AD7580110086-SegmentedRaftLogWorker: safeCacheEvictIndex: setUnconditionally 0 -> -1
2022-02-15 15:40:53,415 [pool-151-thread-1] INFO  server.RaftServerConfigKeys (ConfUtils.java:logGet(44)) - raft.server.snapshot.auto.trigger.enabled = true (custom)
2022-02-15 15:40:53,415 [pool-151-thread-1] INFO  server.RaftServerConfigKeys (ConfUtils.java:logGet(44)) - raft.server.snapshot.auto.trigger.threshold = 10000 (custom)
2022-02-15 15:40:53,415 [pool-151-thread-1] INFO  server.RaftServerConfigKeys (ConfUtils.java:logGet(44)) - raft.server.snapshot.retention.file.num = 5 (custom)
2022-02-15 15:40:53,415 [pool-151-thread-1] INFO  server.RaftServerConfigKeys (ConfUtils.java:logGet(44)) - raft.server.log.purge.upto.snapshot.index = false (default)
2022-02-15 15:40:53,416 [pool-151-thread-1] INFO  server.RaftServerConfigKeys (ConfUtils.java:logGet(44)) - raft.server.retrycache.expirytime = 600000ms (custom)
2022-02-15 15:40:53,416 [pool-151-thread-1] INFO  server.RaftServerConfigKeys (ConfUtils.java:logGet(44)) - raft.server.retrycache.statistics.expirytime = 100μs (default)
2022-02-15 15:40:53,417 [pool-151-thread-1] INFO  server.RaftServer$Division (RaftServerImpl.java:start(301)) - 9bbeae3a-b46f-406a-9a6b-919c321c2ec1@group-AD7580110086: start as a follower, conf=-1: [fe4054d4-403e-4002-87e9-5f399980050f|rpc:10.1.0.67:38959|priority:1, 9bbeae3a-b46f-406a-9a6b-919c321c2ec1|rpc:10.1.0.67:44775|priority:0, e9feab8a-d52e-445d-a1ed-06165537c904|rpc:10.1.0.67:46705|priority:0], old=null
2022-02-15 15:40:53,417 [pool-151-thread-1] INFO  server.RaftServer$Division (RaftServerImpl.java:setRole(290)) - 9bbeae3a-b46f-406a-9a6b-919c321c2ec1@group-AD7580110086: changes role from      null to FOLLOWER at term 0 for startAsFollower
2022-02-15 15:40:53,417 [pool-151-thread-1] INFO  impl.RoleInfo (RoleInfo.java:updateAndGet(130)) - 9bbeae3a-b46f-406a-9a6b-919c321c2ec1: start 9bbeae3a-b46f-406a-9a6b-919c321c2ec1@group-AD7580110086-FollowerState
2022-02-15 15:40:53,442 [pool-151-thread-1] INFO  util.JmxRegister (JmxRegister.java:tryRegister(44)) - Successfully registered JMX Bean with object name Ratis:service=RaftServer,group=group-AD7580110086,id=9bbeae3a-b46f-406a-9a6b-919c321c2ec1
2022-02-15 15:40:53,445 [Command processor thread] INFO  ratis.XceiverServerRatis (XceiverServerRatis.java:addGroup(769)) - Created group PipelineID=852ee6f0-8e82-47fd-a41e-ad7580110086
2022-02-15 15:40:53,539 [Listener at 127.0.0.1/45989] INFO  ozone.MiniOzoneClusterImpl (MiniOzoneClusterImpl.java:lambda$waitForClusterToBeReady$0(219)) - Nodes are ready. Got 3 of 3 DN Heartbeats.
2022-02-15 15:40:53,539 [Listener at 127.0.0.1/45989] INFO  ozone.MiniOzoneClusterImpl (MiniOzoneClusterImpl.java:lambda$waitForClusterToBeReady$0(222)) - Waiting for cluster to exit safe mode
2022-02-15 15:40:53,539 [Listener at 127.0.0.1/45989] INFO  ozone.MiniOzoneClusterImpl (MiniOzoneClusterImpl.java:lambda$waitForClusterToBeReady$0(224)) - SCM became leader
2022-02-15 15:40:53,605 [Command processor thread] INFO  server.RaftServer (RaftServerProxy.java:addNew(95)) - fe4054d4-403e-4002-87e9-5f399980050f: addNew group-290240A12FBF:[fe4054d4-403e-4002-87e9-5f399980050f|rpc:10.1.0.67:38959|priority:1] returns group-290240A12FBF:java.util.concurrent.CompletableFuture@13607ad9[Not completed]
2022-02-15 15:40:53,621 [pool-172-thread-1] INFO  server.RaftServer$Division (RaftServerImpl.java:<init>(184)) - fe4054d4-403e-4002-87e9-5f399980050f: new RaftServerImpl for group-290240A12FBF:[fe4054d4-403e-4002-87e9-5f399980050f|rpc:10.1.0.67:38959|priority:1] with ContainerStateMachine:uninitialized
2022-02-15 15:40:53,627 [pool-172-thread-1] INFO  server.RaftServerConfigKeys (ConfUtils.java:logGet(44)) - raft.server.rpc.timeout.min = 5s (custom)
2022-02-15 15:40:53,627 [pool-172-thread-1] INFO  server.RaftServerConfigKeys (ConfUtils.java:logGet(44)) - raft.server.rpc.timeout.max = 5200ms (custom)
2022-02-15 15:40:53,627 [pool-172-thread-1] INFO  server.RaftServerConfigKeys (ConfUtils.java:logGet(44)) - raft.server.rpc.sleep.time = 25ms (default)
2022-02-15 15:40:53,627 [pool-172-thread-1] INFO  server.RaftServerConfigKeys (ConfUtils.java:logGet(44)) - raft.server.rpc.slowness.timeout = 300s (custom)
2022-02-15 15:40:53,627 [pool-172-thread-1] INFO  server.RaftServerConfigKeys (ConfUtils.java:logGet(44)) - raft.server.leaderelection.leader.step-down.wait-time = 10s (default)
2022-02-15 15:40:53,627 [pool-172-thread-1] INFO  server.RaftServerConfigKeys (ConfUtils.java:logGet(44)) - raft.server.sleep.deviation.threshold = 300ms (default)
2022-02-15 15:40:53,627 [pool-172-thread-1] INFO  server.RaftServerConfigKeys (ConfUtils.java:logGet(44)) - raft.server.log.appender.install.snapshot.enabled = false (custom)
2022-02-15 15:40:53,627 [pool-172-thread-1] INFO  server.RaftServer$Division (ServerState.java:<init>(105)) - fe4054d4-403e-4002-87e9-5f399980050f@group-290240A12FBF: ConfigurationManager, init=-1: [fe4054d4-403e-4002-87e9-5f399980050f|rpc:10.1.0.67:38959|priority:1], old=null, confs=<EMPTY_MAP>
2022-02-15 15:40:53,627 [pool-172-thread-1] INFO  server.RaftServerConfigKeys (ConfUtils.java:logGet(44)) - raft.server.storage.dir = [/home/runner/work/ozone/ozone/hadoop-ozone/integration-test/target/test-dir/MiniOzoneClusterImpl-53bdd20c-eac6-4b45-944c-4408c9f6695f/datanode-2/data/ratis] (custom)
2022-02-15 15:40:53,628 [pool-172-thread-1] INFO  server.RaftServerConfigKeys (ConfUtils.java:logGet(44)) - raft.server.log.corruption.policy = EXCEPTION (default)
2022-02-15 15:40:53,628 [pool-172-thread-1] INFO  server.RaftServerConfigKeys (ConfUtils.java:logGet(44)) - raft.server.storage.free-space.min = 0MB (=0) (default)
2022-02-15 15:40:53,628 [pool-172-thread-1] INFO  storage.RaftStorageDirectory (RaftStorageDirectoryImpl.java:analyzeStorage(135)) - The storage directory /home/runner/work/ozone/ozone/hadoop-ozone/integration-test/target/test-dir/MiniOzoneClusterImpl-53bdd20c-eac6-4b45-944c-4408c9f6695f/datanode-2/data/ratis/2e22587d-dda0-4558-adee-290240a12fbf does not exist. Creating ...
2022-02-15 15:40:53,629 [pool-172-thread-1] INFO  storage.RaftStorageDirectory (RaftStorageDirectoryImpl.java:tryLock(230)) - Lock on /home/runner/work/ozone/ozone/hadoop-ozone/integration-test/target/test-dir/MiniOzoneClusterImpl-53bdd20c-eac6-4b45-944c-4408c9f6695f/datanode-2/data/ratis/2e22587d-dda0-4558-adee-290240a12fbf/in_use.lock acquired by nodename 24416@fv-az50-524
2022-02-15 15:40:53,635 [pool-172-thread-1] INFO  storage.RaftStorage (RaftStorageImpl.java:format(89)) - Storage directory /home/runner/work/ozone/ozone/hadoop-ozone/integration-test/target/test-dir/MiniOzoneClusterImpl-53bdd20c-eac6-4b45-944c-4408c9f6695f/datanode-2/data/ratis/2e22587d-dda0-4558-adee-290240a12fbf has been successfully formatted.
2022-02-15 15:40:53,642 [pool-172-thread-1] INFO  ratis.ContainerStateMachine (ContainerStateMachine.java:loadSnapshot(231)) - group-290240A12FBF: The snapshot info is null. Setting the last applied indexto:(t:0, i:~)
2022-02-15 15:40:53,642 [pool-172-thread-1] INFO  server.RaftServerConfigKeys (ConfUtils.java:logGet(44)) - raft.server.notification.no-leader.timeout = 300s (custom)
2022-02-15 15:40:53,642 [pool-172-thread-1] INFO  server.RaftServerConfigKeys (ConfUtils.java:logGet(44)) - raft.server.log.use.memory = false (default)
2022-02-15 15:40:53,642 [pool-172-thread-1] INFO  server.RaftServerConfigKeys (ConfUtils.java:logGet(44)) - raft.server.log.purge.gap = 1000000 (custom)
2022-02-15 15:40:53,642 [pool-172-thread-1] INFO  server.RaftServerConfigKeys (ConfUtils.java:logGet(44)) - raft.server.log.appender.buffer.byte-limit = 33554432 (custom)
2022-02-15 15:40:53,642 [pool-172-thread-1] INFO  server.RaftServerConfigKeys (ConfUtils.java:logGet(44)) - raft.server.log.segment.size.max = 1048576 (custom)
2022-02-15 15:40:53,643 [pool-172-thread-1] INFO  server.RaftServerConfigKeys (ConfUtils.java:logGet(44)) - raft.server.log.segment.cache.num.max = 2 (custom)
2022-02-15 15:40:53,643 [pool-172-thread-1] INFO  server.RaftServerConfigKeys (ConfUtils.java:logGet(44)) - raft.server.log.segment.cache.size.max = 200MB (=209715200) (default)
2022-02-15 15:40:53,643 [pool-172-thread-1] INFO  segmented.SegmentedRaftLogWorker (SegmentedRaftLogWorker.java:<init>(182)) - new fe4054d4-403e-4002-87e9-5f399980050f@group-290240A12FBF-SegmentedRaftLogWorker for RaftStorageImpl:Storage Directory /home/runner/work/ozone/ozone/hadoop-ozone/integration-test/target/test-dir/MiniOzoneClusterImpl-53bdd20c-eac6-4b45-944c-4408c9f6695f/datanode-2/data/ratis/2e22587d-dda0-4558-adee-290240a12fbf
2022-02-15 15:40:53,643 [pool-172-thread-1] INFO  server.RaftServerConfigKeys (ConfUtils.java:logGet(44)) - raft.server.log.queue.byte-limit = 4294967296 (custom)
2022-02-15 15:40:53,643 [pool-172-thread-1] INFO  server.RaftServerConfigKeys (ConfUtils.java:logGet(44)) - raft.server.log.queue.element-limit = 1024 (custom)
2022-02-15 15:40:53,643 [pool-172-thread-1] INFO  server.RaftServerConfigKeys (ConfUtils.java:logGet(44)) - raft.server.log.segment.size.max = 1048576 (custom)
2022-02-15 15:40:53,643 [pool-172-thread-1] INFO  server.RaftServerConfigKeys (ConfUtils.java:logGet(44)) - raft.server.log.preallocated.size = 16384 (custom)
2022-02-15 15:40:53,643 [pool-172-thread-1] INFO  server.RaftServerConfigKeys (ConfUtils.java:logGet(44)) - raft.server.log.force.sync.num = 128 (default)
2022-02-15 15:40:53,643 [pool-172-thread-1] INFO  server.RaftServerConfigKeys (ConfUtils.java:logGet(44)) - raft.server.log.statemachine.data.sync = true (default)
2022-02-15 15:40:53,643 [pool-172-thread-1] INFO  server.RaftServerConfigKeys (ConfUtils.java:logGet(44)) - raft.server.log.statemachine.data.sync.timeout = 10s (default)
2022-02-15 15:40:53,643 [pool-172-thread-1] INFO  server.RaftServerConfigKeys (ConfUtils.java:logGet(44)) - raft.server.log.statemachine.data.sync.timeout.retry = -1 (default)
2022-02-15 15:40:53,644 [pool-172-thread-1] INFO  server.RaftServerConfigKeys (ConfUtils.java:logGet(44)) - raft.server.log.write.buffer.size = 1048576 (custom)
2022-02-15 15:40:53,644 [pool-172-thread-1] INFO  server.RaftServerConfigKeys (ConfUtils.java:logGet(44)) - raft.server.log.statemachine.data.caching.enabled = true (custom)
2022-02-15 15:40:53,645 [pool-172-thread-1] INFO  segmented.SegmentedRaftLogWorker (SegmentedRaftLogWorker.java:lambda$new$0(133)) - fe4054d4-403e-4002-87e9-5f399980050f@group-290240A12FBF-SegmentedRaftLogWorker: flushIndex: setUnconditionally 0 -> -1
2022-02-15 15:40:53,645 [pool-172-thread-1] INFO  segmented.SegmentedRaftLogWorker (SegmentedRaftLogWorker.java:lambda$new$0(133)) - fe4054d4-403e-4002-87e9-5f399980050f@group-290240A12FBF-SegmentedRaftLogWorker: safeCacheEvictIndex: setUnconditionally 0 -> -1
2022-02-15 15:40:53,653 [pool-172-thread-1] INFO  server.RaftServerConfigKeys (ConfUtils.java:logGet(44)) - raft.server.snapshot.auto.trigger.enabled = true (custom)
2022-02-15 15:40:53,653 [pool-172-thread-1] INFO  server.RaftServerConfigKeys (ConfUtils.java:logGet(44)) - raft.server.snapshot.auto.trigger.threshold = 10000 (custom)
2022-02-15 15:40:53,653 [pool-172-thread-1] INFO  server.RaftServerConfigKeys (ConfUtils.java:logGet(44)) - raft.server.snapshot.retention.file.num = 5 (custom)
2022-02-15 15:40:53,653 [pool-172-thread-1] INFO  server.RaftServerConfigKeys (ConfUtils.java:logGet(44)) - raft.server.log.purge.upto.snapshot.index = false (default)
2022-02-15 15:40:53,653 [pool-172-thread-1] INFO  server.RaftServerConfigKeys (ConfUtils.java:logGet(44)) - raft.server.retrycache.expirytime = 600000ms (custom)
2022-02-15 15:40:53,653 [pool-172-thread-1] INFO  server.RaftServerConfigKeys (ConfUtils.java:logGet(44)) - raft.server.retrycache.statistics.expirytime = 100μs (default)
2022-02-15 15:40:53,656 [pool-172-thread-1] INFO  server.RaftServer$Division (RaftServerImpl.java:start(301)) - fe4054d4-403e-4002-87e9-5f399980050f@group-290240A12FBF: start as a follower, conf=-1: [fe4054d4-403e-4002-87e9-5f399980050f|rpc:10.1.0.67:38959|priority:1], old=null
2022-02-15 15:40:53,657 [pool-172-thread-1] INFO  server.RaftServer$Division (RaftServerImpl.java:setRole(290)) - fe4054d4-403e-4002-87e9-5f399980050f@group-290240A12FBF: changes role from      null to FOLLOWER at term 0 for startAsFollower
2022-02-15 15:40:53,657 [pool-172-thread-1] INFO  impl.RoleInfo (RoleInfo.java:updateAndGet(130)) - fe4054d4-403e-4002-87e9-5f399980050f: start fe4054d4-403e-4002-87e9-5f399980050f@group-290240A12FBF-FollowerState
2022-02-15 15:40:53,665 [pool-172-thread-1] INFO  util.JmxRegister (JmxRegister.java:tryRegister(44)) - Successfully registered JMX Bean with object name Ratis:service=RaftServer,group=group-290240A12FBF,id=fe4054d4-403e-4002-87e9-5f399980050f
2022-02-15 15:40:53,676 [EventQueue-PipelineReportForPipelineReportHandler] INFO  pipeline.PipelineManagerImpl (PipelineManagerImpl.java:openPipeline(291)) - Pipeline Pipeline[ Id: 2e22587d-dda0-4558-adee-290240a12fbf, Nodes: fe4054d4-403e-4002-87e9-5f399980050f{ip: 10.1.0.67, host: fv-az50-524.grzltbmokehuzjyc5b133kdqgh.cx.internal.cloudapp.net, ports: [REPLICATION=44191, RATIS=38959, RATIS_ADMIN=38959, RATIS_SERVER=38959, STANDALONE=41937], networkLocation: /default-rack, certSerialId: null, persistedOpState: IN_SERVICE, persistedOpStateExpiryEpochSec: 0}, ReplicationConfig: RATIS/ONE, State:ALLOCATED, leaderId:fe4054d4-403e-4002-87e9-5f399980050f, CreationTimestamp2022-02-15T15:40:50.602Z[Etc/UTC]] moved to OPEN state
2022-02-15 15:40:53,679 [06d727d5-e762-4bdb-a8d8-e52cb7a870a2@group-4408C9F6695F-StateMachineUpdater] INFO  safemode.HealthyPipelineSafeModeRule (HealthyPipelineSafeModeRule.java:initializeRule(152)) - Refreshed total pipeline count is 0, healthy pipeline threshold count is 1
2022-02-15 15:40:53,679 [EventQueue-OpenPipelineForHealthyPipelineSafeModeRule] INFO  safemode.SCMSafeModeManager (HealthyPipelineSafeModeRule.java:process(124)) - SCM in safe mode. Healthy pipelines reported count is 0, required healthy pipeline reported count is 1
2022-02-15 15:40:53,680 [Command processor thread] INFO  ratis.XceiverServerRatis (XceiverServerRatis.java:addGroup(769)) - Created group PipelineID=2e22587d-dda0-4558-adee-290240a12fbf
2022-02-15 15:40:53,694 [Command processor thread] INFO  commandhandler.CreatePipelineCommandHandler (CreatePipelineCommandHandler.java:handle(106)) - Created Pipeline RATIS ONE PipelineID=2e22587d-dda0-4558-adee-290240a12fbf.
2022-02-15 15:40:53,694 [Command processor thread] INFO  server.RaftServer (RaftServerProxy.java:addNew(95)) - fe4054d4-403e-4002-87e9-5f399980050f: addNew group-AD7580110086:[fe4054d4-403e-4002-87e9-5f399980050f|rpc:10.1.0.67:38959|priority:1, 9bbeae3a-b46f-406a-9a6b-919c321c2ec1|rpc:10.1.0.67:44775|priority:0, e9feab8a-d52e-445d-a1ed-06165537c904|rpc:10.1.0.67:46705|priority:0] returns group-AD7580110086:java.util.concurrent.CompletableFuture@175fec6d[Not completed]
2022-02-15 15:40:53,695 [pool-172-thread-1] INFO  server.RaftServer$Division (RaftServerImpl.java:<init>(184)) - fe4054d4-403e-4002-87e9-5f399980050f: new RaftServerImpl for group-AD7580110086:[fe4054d4-403e-4002-87e9-5f399980050f|rpc:10.1.0.67:38959|priority:1, 9bbeae3a-b46f-406a-9a6b-919c321c2ec1|rpc:10.1.0.67:44775|priority:0, e9feab8a-d52e-445d-a1ed-06165537c904|rpc:10.1.0.67:46705|priority:0] with ContainerStateMachine:uninitialized
2022-02-15 15:40:53,696 [pool-172-thread-1] INFO  server.RaftServerConfigKeys (ConfUtils.java:logGet(44)) - raft.server.rpc.timeout.min = 5s (custom)
2022-02-15 15:40:53,696 [pool-172-thread-1] INFO  server.RaftServerConfigKeys (ConfUtils.java:logGet(44)) - raft.server.rpc.timeout.max = 5200ms (custom)
2022-02-15 15:40:53,696 [pool-172-thread-1] INFO  server.RaftServerConfigKeys (ConfUtils.java:logGet(44)) - raft.server.rpc.sleep.time = 25ms (default)
2022-02-15 15:40:53,696 [pool-172-thread-1] INFO  server.RaftServerConfigKeys (ConfUtils.java:logGet(44)) - raft.server.rpc.slowness.timeout = 300s (custom)
2022-02-15 15:40:53,696 [pool-172-thread-1] INFO  server.RaftServerConfigKeys (ConfUtils.java:logGet(44)) - raft.server.leaderelection.leader.step-down.wait-time = 10s (default)
2022-02-15 15:40:53,696 [pool-172-thread-1] INFO  server.RaftServerConfigKeys (ConfUtils.java:logGet(44)) - raft.server.sleep.deviation.threshold = 300ms (default)
2022-02-15 15:40:53,696 [pool-172-thread-1] INFO  server.RaftServerConfigKeys (ConfUtils.java:logGet(44)) - raft.server.log.appender.install.snapshot.enabled = false (custom)
2022-02-15 15:40:53,696 [pool-172-thread-1] INFO  server.RaftServer$Division (ServerState.java:<init>(105)) - fe4054d4-403e-4002-87e9-5f399980050f@group-AD7580110086: ConfigurationManager, init=-1: [fe4054d4-403e-4002-87e9-5f399980050f|rpc:10.1.0.67:38959|priority:1, 9bbeae3a-b46f-406a-9a6b-919c321c2ec1|rpc:10.1.0.67:44775|priority:0, e9feab8a-d52e-445d-a1ed-06165537c904|rpc:10.1.0.67:46705|priority:0], old=null, confs=<EMPTY_MAP>
2022-02-15 15:40:53,696 [pool-172-thread-1] INFO  server.RaftServerConfigKeys (ConfUtils.java:logGet(44)) - raft.server.storage.dir = [/home/runner/work/ozone/ozone/hadoop-ozone/integration-test/target/test-dir/MiniOzoneClusterImpl-53bdd20c-eac6-4b45-944c-4408c9f6695f/datanode-2/data/ratis] (custom)
2022-02-15 15:40:53,696 [pool-172-thread-1] INFO  server.RaftServerConfigKeys (ConfUtils.java:logGet(44)) - raft.server.log.corruption.policy = EXCEPTION (default)
2022-02-15 15:40:53,696 [pool-172-thread-1] INFO  server.RaftServerConfigKeys (ConfUtils.java:logGet(44)) - raft.server.storage.free-space.min = 0MB (=0) (default)
2022-02-15 15:40:53,696 [pool-172-thread-1] INFO  storage.RaftStorageDirectory (RaftStorageDirectoryImpl.java:analyzeStorage(135)) - The storage directory /home/runner/work/ozone/ozone/hadoop-ozone/integration-test/target/test-dir/MiniOzoneClusterImpl-53bdd20c-eac6-4b45-944c-4408c9f6695f/datanode-2/data/ratis/852ee6f0-8e82-47fd-a41e-ad7580110086 does not exist. Creating ...
2022-02-15 15:40:53,698 [pool-172-thread-1] INFO  storage.RaftStorageDirectory (RaftStorageDirectoryImpl.java:tryLock(230)) - Lock on /home/runner/work/ozone/ozone/hadoop-ozone/integration-test/target/test-dir/MiniOzoneClusterImpl-53bdd20c-eac6-4b45-944c-4408c9f6695f/datanode-2/data/ratis/852ee6f0-8e82-47fd-a41e-ad7580110086/in_use.lock acquired by nodename 24416@fv-az50-524
2022-02-15 15:40:53,699 [pool-172-thread-1] INFO  storage.RaftStorage (RaftStorageImpl.java:format(89)) - Storage directory /home/runner/work/ozone/ozone/hadoop-ozone/integration-test/target/test-dir/MiniOzoneClusterImpl-53bdd20c-eac6-4b45-944c-4408c9f6695f/datanode-2/data/ratis/852ee6f0-8e82-47fd-a41e-ad7580110086 has been successfully formatted.
2022-02-15 15:40:53,700 [pool-172-thread-1] INFO  ratis.ContainerStateMachine (ContainerStateMachine.java:loadSnapshot(231)) - group-AD7580110086: The snapshot info is null. Setting the last applied indexto:(t:0, i:~)
2022-02-15 15:40:53,700 [pool-172-thread-1] INFO  server.RaftServerConfigKeys (ConfUtils.java:logGet(44)) - raft.server.notification.no-leader.timeout = 300s (custom)
2022-02-15 15:40:53,701 [pool-172-thread-1] INFO  server.RaftServerConfigKeys (ConfUtils.java:logGet(44)) - raft.server.log.use.memory = false (default)
2022-02-15 15:40:53,701 [pool-172-thread-1] INFO  server.RaftServerConfigKeys (ConfUtils.java:logGet(44)) - raft.server.log.purge.gap = 1000000 (custom)
2022-02-15 15:40:53,701 [pool-172-thread-1] INFO  server.RaftServerConfigKeys (ConfUtils.java:logGet(44)) - raft.server.log.appender.buffer.byte-limit = 33554432 (custom)
2022-02-15 15:40:53,701 [pool-172-thread-1] INFO  server.RaftServerConfigKeys (ConfUtils.java:logGet(44)) - raft.server.log.segment.size.max = 1048576 (custom)
2022-02-15 15:40:53,701 [pool-172-thread-1] INFO  server.RaftServerConfigKeys (ConfUtils.java:logGet(44)) - raft.server.log.segment.cache.num.max = 2 (custom)
2022-02-15 15:40:53,702 [pool-172-thread-1] INFO  server.RaftServerConfigKeys (ConfUtils.java:logGet(44)) - raft.server.log.segment.cache.size.max = 200MB (=209715200) (default)
2022-02-15 15:40:53,706 [EventQueue-OpenPipelineForHealthyPipelineSafeModeRule] INFO  safemode.SCMSafeModeManager (HealthyPipelineSafeModeRule.java:process(124)) - SCM in safe mode. Healthy pipelines reported count is 0, required healthy pipeline reported count is 1
2022-02-15 15:40:53,706 [pool-172-thread-1] INFO  segmented.SegmentedRaftLogWorker (SegmentedRaftLogWorker.java:<init>(182)) - new fe4054d4-403e-4002-87e9-5f399980050f@group-AD7580110086-SegmentedRaftLogWorker for RaftStorageImpl:Storage Directory /home/runner/work/ozone/ozone/hadoop-ozone/integration-test/target/test-dir/MiniOzoneClusterImpl-53bdd20c-eac6-4b45-944c-4408c9f6695f/datanode-2/data/ratis/852ee6f0-8e82-47fd-a41e-ad7580110086
2022-02-15 15:40:53,707 [pool-172-thread-1] INFO  server.RaftServerConfigKeys (ConfUtils.java:logGet(44)) - raft.server.log.queue.byte-limit = 4294967296 (custom)
2022-02-15 15:40:53,707 [pool-172-thread-1] INFO  server.RaftServerConfigKeys (ConfUtils.java:logGet(44)) - raft.server.log.queue.element-limit = 1024 (custom)
2022-02-15 15:40:53,707 [pool-172-thread-1] INFO  server.RaftServerConfigKeys (ConfUtils.java:logGet(44)) - raft.server.log.segment.size.max = 1048576 (custom)
2022-02-15 15:40:53,707 [pool-172-thread-1] INFO  server.RaftServerConfigKeys (ConfUtils.java:logGet(44)) - raft.server.log.preallocated.size = 16384 (custom)
2022-02-15 15:40:53,707 [pool-172-thread-1] INFO  server.RaftServerConfigKeys (ConfUtils.java:logGet(44)) - raft.server.log.force.sync.num = 128 (default)
2022-02-15 15:40:53,707 [pool-172-thread-1] INFO  server.RaftServerConfigKeys (ConfUtils.java:logGet(44)) - raft.server.log.statemachine.data.sync = true (default)
2022-02-15 15:40:53,707 [pool-172-thread-1] INFO  server.RaftServerConfigKeys (ConfUtils.java:logGet(44)) - raft.server.log.statemachine.data.sync.timeout = 10s (default)
2022-02-15 15:40:53,707 [pool-172-thread-1] INFO  server.RaftServerConfigKeys (ConfUtils.java:logGet(44)) - raft.server.log.statemachine.data.sync.timeout.retry = -1 (default)
2022-02-15 15:40:53,708 [pool-172-thread-1] INFO  server.RaftServerConfigKeys (ConfUtils.java:logGet(44)) - raft.server.log.write.buffer.size = 1048576 (custom)
2022-02-15 15:40:53,709 [pool-172-thread-1] INFO  server.RaftServerConfigKeys (ConfUtils.java:logGet(44)) - raft.server.log.statemachine.data.caching.enabled = true (custom)
2022-02-15 15:40:53,720 [pool-172-thread-1] INFO  segmented.SegmentedRaftLogWorker (SegmentedRaftLogWorker.java:lambda$new$0(133)) - fe4054d4-403e-4002-87e9-5f399980050f@group-AD7580110086-SegmentedRaftLogWorker: flushIndex: setUnconditionally 0 -> -1
2022-02-15 15:40:53,720 [pool-172-thread-1] INFO  segmented.SegmentedRaftLogWorker (SegmentedRaftLogWorker.java:lambda$new$0(133)) - fe4054d4-403e-4002-87e9-5f399980050f@group-AD7580110086-SegmentedRaftLogWorker: safeCacheEvictIndex: setUnconditionally 0 -> -1
2022-02-15 15:40:53,734 [pool-172-thread-1] INFO  server.RaftServerConfigKeys (ConfUtils.java:logGet(44)) - raft.server.snapshot.auto.trigger.enabled = true (custom)
2022-02-15 15:40:53,734 [pool-172-thread-1] INFO  server.RaftServerConfigKeys (ConfUtils.java:logGet(44)) - raft.server.snapshot.auto.trigger.threshold = 10000 (custom)
2022-02-15 15:40:53,734 [pool-172-thread-1] INFO  server.RaftServerConfigKeys (ConfUtils.java:logGet(44)) - raft.server.snapshot.retention.file.num = 5 (custom)
2022-02-15 15:40:53,734 [pool-172-thread-1] INFO  server.RaftServerConfigKeys (ConfUtils.java:logGet(44)) - raft.server.log.purge.upto.snapshot.index = false (default)
2022-02-15 15:40:53,734 [pool-172-thread-1] INFO  server.RaftServerConfigKeys (ConfUtils.java:logGet(44)) - raft.server.retrycache.expirytime = 600000ms (custom)
2022-02-15 15:40:53,737 [pool-172-thread-1] INFO  server.RaftServerConfigKeys (ConfUtils.java:logGet(44)) - raft.server.retrycache.statistics.expirytime = 100μs (default)
2022-02-15 15:40:53,738 [pool-172-thread-1] INFO  server.RaftServer$Division (RaftServerImpl.java:start(301)) - fe4054d4-403e-4002-87e9-5f399980050f@group-AD7580110086: start as a follower, conf=-1: [fe4054d4-403e-4002-87e9-5f399980050f|rpc:10.1.0.67:38959|priority:1, 9bbeae3a-b46f-406a-9a6b-919c321c2ec1|rpc:10.1.0.67:44775|priority:0, e9feab8a-d52e-445d-a1ed-06165537c904|rpc:10.1.0.67:46705|priority:0], old=null
2022-02-15 15:40:53,739 [pool-172-thread-1] INFO  server.RaftServer$Division (RaftServerImpl.java:setRole(290)) - fe4054d4-403e-4002-87e9-5f399980050f@group-AD7580110086: changes role from      null to FOLLOWER at term 0 for startAsFollower
2022-02-15 15:40:53,739 [pool-172-thread-1] INFO  impl.RoleInfo (RoleInfo.java:updateAndGet(130)) - fe4054d4-403e-4002-87e9-5f399980050f: start fe4054d4-403e-4002-87e9-5f399980050f@group-AD7580110086-FollowerState
2022-02-15 15:40:53,750 [pool-172-thread-1] INFO  util.JmxRegister (JmxRegister.java:tryRegister(44)) - Successfully registered JMX Bean with object name Ratis:service=RaftServer,group=group-AD7580110086,id=fe4054d4-403e-4002-87e9-5f399980050f
2022-02-15 15:40:53,757 [Command processor thread] INFO  ratis.XceiverServerRatis (XceiverServerRatis.java:addGroup(769)) - Created group PipelineID=852ee6f0-8e82-47fd-a41e-ad7580110086
2022-02-15 15:40:53,813 [Command processor thread] INFO  commandhandler.CreatePipelineCommandHandler (CreatePipelineCommandHandler.java:handle(106)) - Created Pipeline RATIS THREE PipelineID=852ee6f0-8e82-47fd-a41e-ad7580110086.
2022-02-15 15:40:53,816 [Command processor thread] INFO  commandhandler.CreatePipelineCommandHandler (CreatePipelineCommandHandler.java:handle(106)) - Created Pipeline RATIS THREE PipelineID=852ee6f0-8e82-47fd-a41e-ad7580110086.
2022-02-15 15:40:53,851 [Command processor thread] INFO  commandhandler.CreatePipelineCommandHandler (CreatePipelineCommandHandler.java:handle(106)) - Created Pipeline RATIS THREE PipelineID=852ee6f0-8e82-47fd-a41e-ad7580110086.
2022-02-15 15:40:54,540 [Listener at 127.0.0.1/45989] INFO  ozone.MiniOzoneClusterImpl (MiniOzoneClusterImpl.java:lambda$waitForClusterToBeReady$0(219)) - Nodes are ready. Got 3 of 3 DN Heartbeats.
2022-02-15 15:40:54,540 [Listener at 127.0.0.1/45989] INFO  ozone.MiniOzoneClusterImpl (MiniOzoneClusterImpl.java:lambda$waitForClusterToBeReady$0(222)) - Waiting for cluster to exit safe mode
2022-02-15 15:40:54,540 [Listener at 127.0.0.1/45989] INFO  ozone.MiniOzoneClusterImpl (MiniOzoneClusterImpl.java:lambda$waitForClusterToBeReady$0(224)) - SCM became leader
2022-02-15 15:40:55,540 [Listener at 127.0.0.1/45989] INFO  ozone.MiniOzoneClusterImpl (MiniOzoneClusterImpl.java:lambda$waitForClusterToBeReady$0(219)) - Nodes are ready. Got 3 of 3 DN Heartbeats.
2022-02-15 15:40:55,541 [Listener at 127.0.0.1/45989] INFO  ozone.MiniOzoneClusterImpl (MiniOzoneClusterImpl.java:lambda$waitForClusterToBeReady$0(222)) - Waiting for cluster to exit safe mode
2022-02-15 15:40:55,541 [Listener at 127.0.0.1/45989] INFO  ozone.MiniOzoneClusterImpl (MiniOzoneClusterImpl.java:lambda$waitForClusterToBeReady$0(224)) - SCM became leader
2022-02-15 15:40:56,541 [Listener at 127.0.0.1/45989] INFO  ozone.MiniOzoneClusterImpl (MiniOzoneClusterImpl.java:lambda$waitForClusterToBeReady$0(219)) - Nodes are ready. Got 3 of 3 DN Heartbeats.
2022-02-15 15:40:56,541 [Listener at 127.0.0.1/45989] INFO  ozone.MiniOzoneClusterImpl (MiniOzoneClusterImpl.java:lambda$waitForClusterToBeReady$0(222)) - Waiting for cluster to exit safe mode
2022-02-15 15:40:56,541 [Listener at 127.0.0.1/45989] INFO  ozone.MiniOzoneClusterImpl (MiniOzoneClusterImpl.java:lambda$waitForClusterToBeReady$0(224)) - SCM became leader
2022-02-15 15:40:57,542 [Listener at 127.0.0.1/45989] INFO  ozone.MiniOzoneClusterImpl (MiniOzoneClusterImpl.java:lambda$waitForClusterToBeReady$0(219)) - Nodes are ready. Got 3 of 3 DN Heartbeats.
2022-02-15 15:40:57,542 [Listener at 127.0.0.1/45989] INFO  ozone.MiniOzoneClusterImpl (MiniOzoneClusterImpl.java:lambda$waitForClusterToBeReady$0(222)) - Waiting for cluster to exit safe mode
2022-02-15 15:40:57,542 [Listener at 127.0.0.1/45989] INFO  ozone.MiniOzoneClusterImpl (MiniOzoneClusterImpl.java:lambda$waitForClusterToBeReady$0(224)) - SCM became leader
2022-02-15 15:40:58,090 [e9feab8a-d52e-445d-a1ed-06165537c904@group-AD7580110086-FollowerState] INFO  impl.FollowerState (FollowerState.java:run(134)) - e9feab8a-d52e-445d-a1ed-06165537c904@group-AD7580110086-FollowerState: change to CANDIDATE, lastRpcElapsedTime:5031261651ns, electionTimeout:5026ms
2022-02-15 15:40:58,090 [e9feab8a-d52e-445d-a1ed-06165537c904@group-AD7580110086-FollowerState] INFO  impl.RoleInfo (RoleInfo.java:shutdownFollowerState(108)) - e9feab8a-d52e-445d-a1ed-06165537c904: shutdown e9feab8a-d52e-445d-a1ed-06165537c904@group-AD7580110086-FollowerState
2022-02-15 15:40:58,091 [e9feab8a-d52e-445d-a1ed-06165537c904@group-AD7580110086-FollowerState] INFO  server.RaftServer$Division (RaftServerImpl.java:setRole(290)) - e9feab8a-d52e-445d-a1ed-06165537c904@group-AD7580110086: changes role from  FOLLOWER to CANDIDATE at term 0 for changeToCandidate
2022-02-15 15:40:58,092 [e9feab8a-d52e-445d-a1ed-06165537c904@group-AD7580110086-FollowerState] INFO  server.RaftServerConfigKeys (ConfUtils.java:logGet(44)) - raft.server.leaderelection.pre-vote = false (custom)
2022-02-15 15:40:58,092 [e9feab8a-d52e-445d-a1ed-06165537c904@group-AD7580110086-FollowerState] INFO  impl.RoleInfo (RoleInfo.java:updateAndGet(130)) - e9feab8a-d52e-445d-a1ed-06165537c904: start e9feab8a-d52e-445d-a1ed-06165537c904@group-AD7580110086-LeaderElection7
2022-02-15 15:40:58,099 [e9feab8a-d52e-445d-a1ed-06165537c904@group-AD7580110086-LeaderElection7] INFO  impl.LeaderElection (LeaderElection.java:askForVotes(306)) - e9feab8a-d52e-445d-a1ed-06165537c904@group-AD7580110086-LeaderElection7 ELECTION round 0: submit vote requests at term 1 for -1: [fe4054d4-403e-4002-87e9-5f399980050f|rpc:10.1.0.67:38959|priority:1, 9bbeae3a-b46f-406a-9a6b-919c321c2ec1|rpc:10.1.0.67:44775|priority:0, e9feab8a-d52e-445d-a1ed-06165537c904|rpc:10.1.0.67:46705|priority:0], old=null
2022-02-15 15:40:58,126 [grpc-default-executor-2] INFO  server.RaftServer$Division (RaftServerImpl.java:requestVote(1046)) - fe4054d4-403e-4002-87e9-5f399980050f@group-AD7580110086: receive requestVote(ELECTION, e9feab8a-d52e-445d-a1ed-06165537c904, group-AD7580110086, 1, (t:0, i:0))
2022-02-15 15:40:58,127 [grpc-default-executor-2] INFO  impl.VoteContext (VoteContext.java:log(48)) - fe4054d4-403e-4002-87e9-5f399980050f@group-AD7580110086-FOLLOWER: reject ELECTION from e9feab8a-d52e-445d-a1ed-06165537c904: our priority 1 > candidate's priority 0
2022-02-15 15:40:58,128 [grpc-default-executor-2] INFO  server.RaftServer$Division (RaftServerImpl.java:setRole(290)) - fe4054d4-403e-4002-87e9-5f399980050f@group-AD7580110086: changes role from  FOLLOWER to FOLLOWER at term 1 for candidate:e9feab8a-d52e-445d-a1ed-06165537c904
2022-02-15 15:40:58,128 [grpc-default-executor-2] INFO  impl.RoleInfo (RoleInfo.java:shutdownFollowerState(108)) - fe4054d4-403e-4002-87e9-5f399980050f: shutdown fe4054d4-403e-4002-87e9-5f399980050f@group-AD7580110086-FollowerState
2022-02-15 15:40:58,128 [fe4054d4-403e-4002-87e9-5f399980050f@group-AD7580110086-FollowerState] INFO  impl.FollowerState (FollowerState.java:run(143)) - fe4054d4-403e-4002-87e9-5f399980050f@group-AD7580110086-FollowerState was interrupted: {}
java.lang.InterruptedException: sleep interrupted
	at java.lang.Thread.sleep(Native Method)
	at java.lang.Thread.sleep(Thread.java:340)
	at java.util.concurrent.TimeUnit.sleep(TimeUnit.java:386)
	at org.apache.ratis.util.TimeDuration.sleep(TimeDuration.java:324)
	at org.apache.ratis.util.TimeDuration.sleep(TimeDuration.java:309)
	at org.apache.ratis.server.impl.FollowerState.run(FollowerState.java:118)
2022-02-15 15:40:58,132 [grpc-default-executor-2] INFO  impl.RoleInfo (RoleInfo.java:updateAndGet(130)) - fe4054d4-403e-4002-87e9-5f399980050f: start fe4054d4-403e-4002-87e9-5f399980050f@group-AD7580110086-FollowerState
2022-02-15 15:40:58,145 [grpc-default-executor-0] INFO  server.RaftServer$Division (RaftServerImpl.java:requestVote(1046)) - 9bbeae3a-b46f-406a-9a6b-919c321c2ec1@group-AD7580110086: receive requestVote(ELECTION, e9feab8a-d52e-445d-a1ed-06165537c904, group-AD7580110086, 1, (t:0, i:0))
2022-02-15 15:40:58,150 [grpc-default-executor-2] INFO  server.RaftServer$Division (RaftServerImpl.java:requestVote(1078)) - fe4054d4-403e-4002-87e9-5f399980050f@group-AD7580110086 replies to ELECTION vote request: e9feab8a-d52e-445d-a1ed-06165537c904<-fe4054d4-403e-4002-87e9-5f399980050f#0:FAIL-t1. Peer's state: fe4054d4-403e-4002-87e9-5f399980050f@group-AD7580110086:t1, leader=null, voted=null, raftlog=fe4054d4-403e-4002-87e9-5f399980050f@group-AD7580110086-SegmentedRaftLog:OPENED:c-1, conf=-1: [fe4054d4-403e-4002-87e9-5f399980050f|rpc:10.1.0.67:38959|priority:1, 9bbeae3a-b46f-406a-9a6b-919c321c2ec1|rpc:10.1.0.67:44775|priority:0, e9feab8a-d52e-445d-a1ed-06165537c904|rpc:10.1.0.67:46705|priority:0], old=null
2022-02-15 15:40:58,145 [grpc-default-executor-0] INFO  impl.VoteContext (VoteContext.java:log(48)) - 9bbeae3a-b46f-406a-9a6b-919c321c2ec1@group-AD7580110086-FOLLOWER: accept ELECTION from e9feab8a-d52e-445d-a1ed-06165537c904: our priority 0 <= candidate's priority 0
2022-02-15 15:40:58,153 [grpc-default-executor-0] INFO  server.RaftServer$Division (RaftServerImpl.java:setRole(290)) - 9bbeae3a-b46f-406a-9a6b-919c321c2ec1@group-AD7580110086: changes role from  FOLLOWER to FOLLOWER at term 1 for candidate:e9feab8a-d52e-445d-a1ed-06165537c904
2022-02-15 15:40:58,153 [grpc-default-executor-0] INFO  impl.RoleInfo (RoleInfo.java:shutdownFollowerState(108)) - 9bbeae3a-b46f-406a-9a6b-919c321c2ec1: shutdown 9bbeae3a-b46f-406a-9a6b-919c321c2ec1@group-AD7580110086-FollowerState
2022-02-15 15:40:58,154 [grpc-default-executor-0] INFO  impl.RoleInfo (RoleInfo.java:updateAndGet(130)) - 9bbeae3a-b46f-406a-9a6b-919c321c2ec1: start 9bbeae3a-b46f-406a-9a6b-919c321c2ec1@group-AD7580110086-FollowerState
2022-02-15 15:40:58,154 [9bbeae3a-b46f-406a-9a6b-919c321c2ec1@group-AD7580110086-FollowerState] INFO  impl.FollowerState (FollowerState.java:run(143)) - 9bbeae3a-b46f-406a-9a6b-919c321c2ec1@group-AD7580110086-FollowerState was interrupted: {}
java.lang.InterruptedException: sleep interrupted
	at java.lang.Thread.sleep(Native Method)
	at java.lang.Thread.sleep(Thread.java:340)
	at java.util.concurrent.TimeUnit.sleep(TimeUnit.java:386)
	at org.apache.ratis.util.TimeDuration.sleep(TimeDuration.java:324)
	at org.apache.ratis.util.TimeDuration.sleep(TimeDuration.java:309)
	at org.apache.ratis.server.impl.FollowerState.run(FollowerState.java:118)
2022-02-15 15:40:58,162 [grpc-default-executor-0] INFO  server.RaftServer$Division (RaftServerImpl.java:requestVote(1078)) - 9bbeae3a-b46f-406a-9a6b-919c321c2ec1@group-AD7580110086 replies to ELECTION vote request: e9feab8a-d52e-445d-a1ed-06165537c904<-9bbeae3a-b46f-406a-9a6b-919c321c2ec1#0:OK-t1. Peer's state: 9bbeae3a-b46f-406a-9a6b-919c321c2ec1@group-AD7580110086:t1, leader=null, voted=e9feab8a-d52e-445d-a1ed-06165537c904, raftlog=9bbeae3a-b46f-406a-9a6b-919c321c2ec1@group-AD7580110086-SegmentedRaftLog:OPENED:c-1, conf=-1: [fe4054d4-403e-4002-87e9-5f399980050f|rpc:10.1.0.67:38959|priority:1, 9bbeae3a-b46f-406a-9a6b-919c321c2ec1|rpc:10.1.0.67:44775|priority:0, e9feab8a-d52e-445d-a1ed-06165537c904|rpc:10.1.0.67:46705|priority:0], old=null
2022-02-15 15:40:58,166 [e9feab8a-d52e-445d-a1ed-06165537c904@group-AD7580110086-LeaderElection7] INFO  impl.LeaderElection (LeaderElection.java:logAndReturn(89)) - e9feab8a-d52e-445d-a1ed-06165537c904@group-AD7580110086-LeaderElection7: ELECTION REJECTED received 1 response(s) and 0 exception(s):
2022-02-15 15:40:58,166 [e9feab8a-d52e-445d-a1ed-06165537c904@group-AD7580110086-LeaderElection7] INFO  impl.LeaderElection (LeaderElection.java:logAndReturn(93)) -   Response 0: e9feab8a-d52e-445d-a1ed-06165537c904<-fe4054d4-403e-4002-87e9-5f399980050f#0:FAIL-t1
2022-02-15 15:40:58,166 [e9feab8a-d52e-445d-a1ed-06165537c904@group-AD7580110086-LeaderElection7] INFO  impl.LeaderElection (LeaderElection.java:askForVotes(308)) - e9feab8a-d52e-445d-a1ed-06165537c904@group-AD7580110086-LeaderElection7 ELECTION round 0: result REJECTED
2022-02-15 15:40:58,166 [e9feab8a-d52e-445d-a1ed-06165537c904@group-AD7580110086-LeaderElection7] INFO  server.RaftServer$Division (RaftServerImpl.java:setRole(290)) - e9feab8a-d52e-445d-a1ed-06165537c904@group-AD7580110086: changes role from CANDIDATE to FOLLOWER at term 1 for REJECTED
2022-02-15 15:40:58,166 [e9feab8a-d52e-445d-a1ed-06165537c904@group-AD7580110086-LeaderElection7] INFO  impl.RoleInfo (RoleInfo.java:shutdownLeaderElection(121)) - e9feab8a-d52e-445d-a1ed-06165537c904: shutdown e9feab8a-d52e-445d-a1ed-06165537c904@group-AD7580110086-LeaderElection7
2022-02-15 15:40:58,166 [e9feab8a-d52e-445d-a1ed-06165537c904@group-AD7580110086-LeaderElection7] INFO  impl.RoleInfo (RoleInfo.java:updateAndGet(130)) - e9feab8a-d52e-445d-a1ed-06165537c904: start e9feab8a-d52e-445d-a1ed-06165537c904@group-AD7580110086-FollowerState
2022-02-15 15:40:58,197 [e9feab8a-d52e-445d-a1ed-06165537c904@group-67C7C3BC071C-FollowerState] INFO  impl.FollowerState (FollowerState.java:run(134)) - e9feab8a-d52e-445d-a1ed-06165537c904@group-67C7C3BC071C-FollowerState: change to CANDIDATE, lastRpcElapsedTime:5188608422ns, electionTimeout:5173ms
2022-02-15 15:40:58,198 [e9feab8a-d52e-445d-a1ed-06165537c904@group-67C7C3BC071C-FollowerState] INFO  impl.RoleInfo (RoleInfo.java:shutdownFollowerState(108)) - e9feab8a-d52e-445d-a1ed-06165537c904: shutdown e9feab8a-d52e-445d-a1ed-06165537c904@group-67C7C3BC071C-FollowerState
2022-02-15 15:40:58,198 [e9feab8a-d52e-445d-a1ed-06165537c904@group-67C7C3BC071C-FollowerState] INFO  server.RaftServer$Division (RaftServerImpl.java:setRole(290)) - e9feab8a-d52e-445d-a1ed-06165537c904@group-67C7C3BC071C: changes role from  FOLLOWER to CANDIDATE at term 0 for changeToCandidate
2022-02-15 15:40:58,198 [e9feab8a-d52e-445d-a1ed-06165537c904@group-67C7C3BC071C-FollowerState] INFO  server.RaftServerConfigKeys (ConfUtils.java:logGet(44)) - raft.server.leaderelection.pre-vote = false (custom)
2022-02-15 15:40:58,198 [e9feab8a-d52e-445d-a1ed-06165537c904@group-67C7C3BC071C-FollowerState] INFO  impl.RoleInfo (RoleInfo.java:updateAndGet(130)) - e9feab8a-d52e-445d-a1ed-06165537c904: start e9feab8a-d52e-445d-a1ed-06165537c904@group-67C7C3BC071C-LeaderElection8
2022-02-15 15:40:58,206 [e9feab8a-d52e-445d-a1ed-06165537c904@group-67C7C3BC071C-LeaderElection8] INFO  impl.LeaderElection (LeaderElection.java:askForVotes(306)) - e9feab8a-d52e-445d-a1ed-06165537c904@group-67C7C3BC071C-LeaderElection8 ELECTION round 0: submit vote requests at term 1 for -1: [e9feab8a-d52e-445d-a1ed-06165537c904|rpc:10.1.0.67:46705|priority:1], old=null
2022-02-15 15:40:58,206 [e9feab8a-d52e-445d-a1ed-06165537c904@group-67C7C3BC071C-LeaderElection8] INFO  impl.LeaderElection (LeaderElection.java:askForVotes(308)) - e9feab8a-d52e-445d-a1ed-06165537c904@group-67C7C3BC071C-LeaderElection8 ELECTION round 0: result PASSED (term=1)
2022-02-15 15:40:58,206 [e9feab8a-d52e-445d-a1ed-06165537c904@group-67C7C3BC071C-LeaderElection8] INFO  impl.RoleInfo (RoleInfo.java:shutdownLeaderElection(121)) - e9feab8a-d52e-445d-a1ed-06165537c904: shutdown e9feab8a-d52e-445d-a1ed-06165537c904@group-67C7C3BC071C-LeaderElection8
2022-02-15 15:40:58,206 [e9feab8a-d52e-445d-a1ed-06165537c904@group-67C7C3BC071C-LeaderElection8] INFO  server.RaftServer$Division (RaftServerImpl.java:setRole(290)) - e9feab8a-d52e-445d-a1ed-06165537c904@group-67C7C3BC071C: changes role from CANDIDATE to LEADER at term 1 for changeToLeader
2022-02-15 15:40:58,206 [e9feab8a-d52e-445d-a1ed-06165537c904@group-67C7C3BC071C-LeaderElection8] INFO  ratis.XceiverServerRatis (XceiverServerRatis.java:handleLeaderChangedNotification(867)) - Leader change notification received for group: group-67C7C3BC071C with new leaderId: e9feab8a-d52e-445d-a1ed-06165537c904
2022-02-15 15:40:58,207 [e9feab8a-d52e-445d-a1ed-06165537c904@group-67C7C3BC071C-LeaderElection8] INFO  server.RaftServer$Division (ServerState.java:setLeader(285)) - e9feab8a-d52e-445d-a1ed-06165537c904@group-67C7C3BC071C: change Leader from null to e9feab8a-d52e-445d-a1ed-06165537c904 at term 1 for becomeLeader, leader elected after 5205ms
2022-02-15 15:40:58,209 [e9feab8a-d52e-445d-a1ed-06165537c904@group-67C7C3BC071C-LeaderElection8] INFO  server.RaftServerConfigKeys (ConfUtils.java:logGet(44)) - raft.server.staging.catchup.gap = 1000 (default)
2022-02-15 15:40:58,209 [e9feab8a-d52e-445d-a1ed-06165537c904@group-67C7C3BC071C-LeaderElection8] INFO  server.RaftServerConfigKeys (ConfUtils.java:logGet(44)) - raft.server.write.element-limit = 1024 (custom)
2022-02-15 15:40:58,210 [e9feab8a-d52e-445d-a1ed-06165537c904@group-67C7C3BC071C-LeaderElection8] INFO  server.RaftServerConfigKeys (ConfUtils.java:logGet(44)) - raft.server.write.byte-limit = 1024 M (=1073741824) (custom)
2022-02-15 15:40:58,210 [EventQueue-OpenPipelineForHealthyPipelineSafeModeRule] INFO  safemode.SCMSafeModeManager (HealthyPipelineSafeModeRule.java:process(124)) - SCM in safe mode. Healthy pipelines reported count is 0, required healthy pipeline reported count is 1
2022-02-15 15:40:58,212 [e9feab8a-d52e-445d-a1ed-06165537c904@group-67C7C3BC071C-LeaderElection8] INFO  server.RaftServerConfigKeys (ConfUtils.java:logGet(44)) - raft.server.watch.timeout = 180s (custom)
2022-02-15 15:40:58,212 [e9feab8a-d52e-445d-a1ed-06165537c904@group-67C7C3BC071C-LeaderElection8] INFO  server.RaftServerConfigKeys (ConfUtils.java:logGet(44)) - raft.server.watch.timeout.denomination = 1s (default)
2022-02-15 15:40:58,212 [e9feab8a-d52e-445d-a1ed-06165537c904@group-67C7C3BC071C-LeaderElection8] INFO  server.RaftServerConfigKeys (ConfUtils.java:logGet(44)) - raft.server.watch.element-limit = 65536 (default)
2022-02-15 15:40:58,212 [e9feab8a-d52e-445d-a1ed-06165537c904@group-67C7C3BC071C-LeaderElection8] INFO  server.RaftServerConfigKeys (ConfUtils.java:logGet(44)) - raft.server.write.element-limit = 1024 (custom)
2022-02-15 15:40:58,212 [e9feab8a-d52e-445d-a1ed-06165537c904@group-67C7C3BC071C-LeaderElection8] INFO  server.RaftServerConfigKeys (ConfUtils.java:logGet(44)) - raft.server.write.follower.gap.ratio.max = -1.0 (default)
2022-02-15 15:40:58,212 [e9feab8a-d52e-445d-a1ed-06165537c904@group-67C7C3BC071C-LeaderElection8] INFO  impl.RoleInfo (RoleInfo.java:updateAndGet(130)) - e9feab8a-d52e-445d-a1ed-06165537c904: start e9feab8a-d52e-445d-a1ed-06165537c904@group-67C7C3BC071C-LeaderStateImpl
2022-02-15 15:40:58,212 [e9feab8a-d52e-445d-a1ed-06165537c904@group-67C7C3BC071C-LeaderElection8] INFO  segmented.SegmentedRaftLogWorker (SegmentedRaftLogWorker.java:startLogSegment(394)) - e9feab8a-d52e-445d-a1ed-06165537c904@group-67C7C3BC071C-SegmentedRaftLogWorker: Starting segment from index:0
2022-02-15 15:40:58,213 [e9feab8a-d52e-445d-a1ed-06165537c904@group-67C7C3BC071C-SegmentedRaftLogWorker] INFO  segmented.SegmentedRaftLogWorker (SegmentedRaftLogWorker.java:execute(601)) - e9feab8a-d52e-445d-a1ed-06165537c904@group-67C7C3BC071C-SegmentedRaftLogWorker: created new log segment /home/runner/work/ozone/ozone/hadoop-ozone/integration-test/target/test-dir/MiniOzoneClusterImpl-53bdd20c-eac6-4b45-944c-4408c9f6695f/datanode-0/data/ratis/e3727e12-e5b8-492e-b772-67c7c3bc071c/current/log_inprogress_0
2022-02-15 15:40:58,216 [e9feab8a-d52e-445d-a1ed-06165537c904@group-67C7C3BC071C-LeaderElection8] INFO  server.RaftServer$Division (ServerState.java:setRaftConf(387)) - e9feab8a-d52e-445d-a1ed-06165537c904@group-67C7C3BC071C: set configuration 0: [e9feab8a-d52e-445d-a1ed-06165537c904|rpc:10.1.0.67:46705|dataStream:|priority:1], old=null
2022-02-15 15:40:58,542 [Listener at 127.0.0.1/45989] INFO  ozone.MiniOzoneClusterImpl (MiniOzoneClusterImpl.java:lambda$waitForClusterToBeReady$0(219)) - Nodes are ready. Got 3 of 3 DN Heartbeats.
2022-02-15 15:40:58,542 [Listener at 127.0.0.1/45989] INFO  ozone.MiniOzoneClusterImpl (MiniOzoneClusterImpl.java:lambda$waitForClusterToBeReady$0(222)) - Waiting for cluster to exit safe mode
2022-02-15 15:40:58,542 [Listener at 127.0.0.1/45989] INFO  ozone.MiniOzoneClusterImpl (MiniOzoneClusterImpl.java:lambda$waitForClusterToBeReady$0(224)) - SCM became leader
2022-02-15 15:40:58,547 [9bbeae3a-b46f-406a-9a6b-919c321c2ec1@group-4FC56212EF51-FollowerState] INFO  impl.FollowerState (FollowerState.java:run(134)) - 9bbeae3a-b46f-406a-9a6b-919c321c2ec1@group-4FC56212EF51-FollowerState: change to CANDIDATE, lastRpcElapsedTime:5162684850ns, electionTimeout:5158ms
2022-02-15 15:40:58,547 [9bbeae3a-b46f-406a-9a6b-919c321c2ec1@group-4FC56212EF51-FollowerState] INFO  impl.RoleInfo (RoleInfo.java:shutdownFollowerState(108)) - 9bbeae3a-b46f-406a-9a6b-919c321c2ec1: shutdown 9bbeae3a-b46f-406a-9a6b-919c321c2ec1@group-4FC56212EF51-FollowerState
2022-02-15 15:40:58,547 [9bbeae3a-b46f-406a-9a6b-919c321c2ec1@group-4FC56212EF51-FollowerState] INFO  server.RaftServer$Division (RaftServerImpl.java:setRole(290)) - 9bbeae3a-b46f-406a-9a6b-919c321c2ec1@group-4FC56212EF51: changes role from  FOLLOWER to CANDIDATE at term 0 for changeToCandidate
2022-02-15 15:40:58,548 [9bbeae3a-b46f-406a-9a6b-919c321c2ec1@group-4FC56212EF51-FollowerState] INFO  server.RaftServerConfigKeys (ConfUtils.java:logGet(44)) - raft.server.leaderelection.pre-vote = false (custom)
2022-02-15 15:40:58,548 [9bbeae3a-b46f-406a-9a6b-919c321c2ec1@group-4FC56212EF51-FollowerState] INFO  impl.RoleInfo (RoleInfo.java:updateAndGet(130)) - 9bbeae3a-b46f-406a-9a6b-919c321c2ec1: start 9bbeae3a-b46f-406a-9a6b-919c321c2ec1@group-4FC56212EF51-LeaderElection9
2022-02-15 15:40:58,556 [9bbeae3a-b46f-406a-9a6b-919c321c2ec1@group-4FC56212EF51-LeaderElection9] INFO  impl.LeaderElection (LeaderElection.java:askForVotes(306)) - 9bbeae3a-b46f-406a-9a6b-919c321c2ec1@group-4FC56212EF51-LeaderElection9 ELECTION round 0: submit vote requests at term 1 for -1: [9bbeae3a-b46f-406a-9a6b-919c321c2ec1|rpc:10.1.0.67:44775|priority:1], old=null
2022-02-15 15:40:58,557 [9bbeae3a-b46f-406a-9a6b-919c321c2ec1@group-4FC56212EF51-LeaderElection9] INFO  impl.LeaderElection (LeaderElection.java:askForVotes(308)) - 9bbeae3a-b46f-406a-9a6b-919c321c2ec1@group-4FC56212EF51-LeaderElection9 ELECTION round 0: result PASSED (term=1)
2022-02-15 15:40:58,557 [9bbeae3a-b46f-406a-9a6b-919c321c2ec1@group-4FC56212EF51-LeaderElection9] INFO  impl.RoleInfo (RoleInfo.java:shutdownLeaderElection(121)) - 9bbeae3a-b46f-406a-9a6b-919c321c2ec1: shutdown 9bbeae3a-b46f-406a-9a6b-919c321c2ec1@group-4FC56212EF51-LeaderElection9
2022-02-15 15:40:58,557 [9bbeae3a-b46f-406a-9a6b-919c321c2ec1@group-4FC56212EF51-LeaderElection9] INFO  server.RaftServer$Division (RaftServerImpl.java:setRole(290)) - 9bbeae3a-b46f-406a-9a6b-919c321c2ec1@group-4FC56212EF51: changes role from CANDIDATE to LEADER at term 1 for changeToLeader
2022-02-15 15:40:58,557 [9bbeae3a-b46f-406a-9a6b-919c321c2ec1@group-4FC56212EF51-LeaderElection9] INFO  ratis.XceiverServerRatis (XceiverServerRatis.java:handleLeaderChangedNotification(867)) - Leader change notification received for group: group-4FC56212EF51 with new leaderId: 9bbeae3a-b46f-406a-9a6b-919c321c2ec1
2022-02-15 15:40:58,560 [EventQueue-OpenPipelineForHealthyPipelineSafeModeRule] INFO  safemode.SCMSafeModeManager (HealthyPipelineSafeModeRule.java:process(124)) - SCM in safe mode. Healthy pipelines reported count is 0, required healthy pipeline reported count is 1
2022-02-15 15:40:58,561 [9bbeae3a-b46f-406a-9a6b-919c321c2ec1@group-4FC56212EF51-LeaderElection9] INFO  server.RaftServer$Division (ServerState.java:setLeader(285)) - 9bbeae3a-b46f-406a-9a6b-919c321c2ec1@group-4FC56212EF51: change Leader from null to 9bbeae3a-b46f-406a-9a6b-919c321c2ec1 at term 1 for becomeLeader, leader elected after 5197ms
2022-02-15 15:40:58,561 [9bbeae3a-b46f-406a-9a6b-919c321c2ec1@group-4FC56212EF51-LeaderElection9] INFO  server.RaftServerConfigKeys (ConfUtils.java:logGet(44)) - raft.server.staging.catchup.gap = 1000 (default)
2022-02-15 15:40:58,562 [9bbeae3a-b46f-406a-9a6b-919c321c2ec1@group-4FC56212EF51-LeaderElection9] INFO  server.RaftServerConfigKeys (ConfUtils.java:logGet(44)) - raft.server.write.element-limit = 1024 (custom)
2022-02-15 15:40:58,562 [9bbeae3a-b46f-406a-9a6b-919c321c2ec1@group-4FC56212EF51-LeaderElection9] INFO  server.RaftServerConfigKeys (ConfUtils.java:logGet(44)) - raft.server.write.byte-limit = 1024 M (=1073741824) (custom)
2022-02-15 15:40:58,563 [9bbeae3a-b46f-406a-9a6b-919c321c2ec1@group-4FC56212EF51-LeaderElection9] INFO  server.RaftServerConfigKeys (ConfUtils.java:logGet(44)) - raft.server.watch.timeout = 180s (custom)
2022-02-15 15:40:58,563 [9bbeae3a-b46f-406a-9a6b-919c321c2ec1@group-4FC56212EF51-LeaderElection9] INFO  server.RaftServerConfigKeys (ConfUtils.java:logGet(44)) - raft.server.watch.timeout.denomination = 1s (default)
2022-02-15 15:40:58,563 [9bbeae3a-b46f-406a-9a6b-919c321c2ec1@group-4FC56212EF51-LeaderElection9] INFO  server.RaftServerConfigKeys (ConfUtils.java:logGet(44)) - raft.server.watch.element-limit = 65536 (default)
2022-02-15 15:40:58,563 [9bbeae3a-b46f-406a-9a6b-919c321c2ec1@group-4FC56212EF51-LeaderElection9] INFO  server.RaftServerConfigKeys (ConfUtils.java:logGet(44)) - raft.server.write.element-limit = 1024 (custom)
2022-02-15 15:40:58,563 [9bbeae3a-b46f-406a-9a6b-919c321c2ec1@group-4FC56212EF51-LeaderElection9] INFO  server.RaftServerConfigKeys (ConfUtils.java:logGet(44)) - raft.server.write.follower.gap.ratio.max = -1.0 (default)
2022-02-15 15:40:58,564 [9bbeae3a-b46f-406a-9a6b-919c321c2ec1@group-4FC56212EF51-LeaderElection9] INFO  impl.RoleInfo (RoleInfo.java:updateAndGet(130)) - 9bbeae3a-b46f-406a-9a6b-919c321c2ec1: start 9bbeae3a-b46f-406a-9a6b-919c321c2ec1@group-4FC56212EF51-LeaderStateImpl
2022-02-15 15:40:58,564 [9bbeae3a-b46f-406a-9a6b-919c321c2ec1@group-4FC56212EF51-LeaderElection9] INFO  segmented.SegmentedRaftLogWorker (SegmentedRaftLogWorker.java:startLogSegment(394)) - 9bbeae3a-b46f-406a-9a6b-919c321c2ec1@group-4FC56212EF51-SegmentedRaftLogWorker: Starting segment from index:0
2022-02-15 15:40:58,566 [9bbeae3a-b46f-406a-9a6b-919c321c2ec1@group-4FC56212EF51-SegmentedRaftLogWorker] INFO  segmented.SegmentedRaftLogWorker (SegmentedRaftLogWorker.java:execute(601)) - 9bbeae3a-b46f-406a-9a6b-919c321c2ec1@group-4FC56212EF51-SegmentedRaftLogWorker: created new log segment /home/runner/work/ozone/ozone/hadoop-ozone/integration-test/target/test-dir/MiniOzoneClusterImpl-53bdd20c-eac6-4b45-944c-4408c9f6695f/datanode-1/data/ratis/71e8459c-aaca-495e-9ab4-4fc56212ef51/current/log_inprogress_0
2022-02-15 15:40:58,567 [9bbeae3a-b46f-406a-9a6b-919c321c2ec1@group-4FC56212EF51-LeaderElection9] INFO  server.RaftServer$Division (ServerState.java:setRaftConf(387)) - 9bbeae3a-b46f-406a-9a6b-919c321c2ec1@group-4FC56212EF51: set configuration 0: [9bbeae3a-b46f-406a-9a6b-919c321c2ec1|rpc:10.1.0.67:44775|dataStream:|priority:1], old=null
2022-02-15 15:40:58,691 [fe4054d4-403e-4002-87e9-5f399980050f@group-290240A12FBF-FollowerState] INFO  impl.FollowerState (FollowerState.java:run(134)) - fe4054d4-403e-4002-87e9-5f399980050f@group-290240A12FBF-FollowerState: change to CANDIDATE, lastRpcElapsedTime:5034284661ns, electionTimeout:5011ms
2022-02-15 15:40:58,692 [fe4054d4-403e-4002-87e9-5f399980050f@group-290240A12FBF-FollowerState] INFO  impl.RoleInfo (RoleInfo.java:shutdownFollowerState(108)) - fe4054d4-403e-4002-87e9-5f399980050f: shutdown fe4054d4-403e-4002-87e9-5f399980050f@group-290240A12FBF-FollowerState
2022-02-15 15:40:58,692 [fe4054d4-403e-4002-87e9-5f399980050f@group-290240A12FBF-FollowerState] INFO  server.RaftServer$Division (RaftServerImpl.java:setRole(290)) - fe4054d4-403e-4002-87e9-5f399980050f@group-290240A12FBF: changes role from  FOLLOWER to CANDIDATE at term 0 for changeToCandidate
2022-02-15 15:40:58,694 [fe4054d4-403e-4002-87e9-5f399980050f@group-290240A12FBF-FollowerState] INFO  server.RaftServerConfigKeys (ConfUtils.java:logGet(44)) - raft.server.leaderelection.pre-vote = false (custom)
2022-02-15 15:40:58,694 [fe4054d4-403e-4002-87e9-5f399980050f@group-290240A12FBF-FollowerState] INFO  impl.RoleInfo (RoleInfo.java:updateAndGet(130)) - fe4054d4-403e-4002-87e9-5f399980050f: start fe4054d4-403e-4002-87e9-5f399980050f@group-290240A12FBF-LeaderElection10
2022-02-15 15:40:58,706 [fe4054d4-403e-4002-87e9-5f399980050f@group-290240A12FBF-LeaderElection10] INFO  impl.LeaderElection (LeaderElection.java:askForVotes(306)) - fe4054d4-403e-4002-87e9-5f399980050f@group-290240A12FBF-LeaderElection10 ELECTION round 0: submit vote requests at term 1 for -1: [fe4054d4-403e-4002-87e9-5f399980050f|rpc:10.1.0.67:38959|priority:1], old=null
2022-02-15 15:40:58,706 [fe4054d4-403e-4002-87e9-5f399980050f@group-290240A12FBF-LeaderElection10] INFO  impl.LeaderElection (LeaderElection.java:askForVotes(308)) - fe4054d4-403e-4002-87e9-5f399980050f@group-290240A12FBF-LeaderElection10 ELECTION round 0: result PASSED (term=1)
2022-02-15 15:40:58,706 [fe4054d4-403e-4002-87e9-5f399980050f@group-290240A12FBF-LeaderElection10] INFO  impl.RoleInfo (RoleInfo.java:shutdownLeaderElection(121)) - fe4054d4-403e-4002-87e9-5f399980050f: shutdown fe4054d4-403e-4002-87e9-5f399980050f@group-290240A12FBF-LeaderElection10
2022-02-15 15:40:58,707 [fe4054d4-403e-4002-87e9-5f399980050f@group-290240A12FBF-LeaderElection10] INFO  server.RaftServer$Division (RaftServerImpl.java:setRole(290)) - fe4054d4-403e-4002-87e9-5f399980050f@group-290240A12FBF: changes role from CANDIDATE to LEADER at term 1 for changeToLeader
2022-02-15 15:40:58,707 [fe4054d4-403e-4002-87e9-5f399980050f@group-290240A12FBF-LeaderElection10] INFO  ratis.XceiverServerRatis (XceiverServerRatis.java:handleLeaderChangedNotification(867)) - Leader change notification received for group: group-290240A12FBF with new leaderId: fe4054d4-403e-4002-87e9-5f399980050f
2022-02-15 15:40:58,709 [EventQueue-OpenPipelineForHealthyPipelineSafeModeRule] INFO  safemode.SCMSafeModeManager (HealthyPipelineSafeModeRule.java:process(124)) - SCM in safe mode. Healthy pipelines reported count is 0, required healthy pipeline reported count is 1
2022-02-15 15:40:58,711 [fe4054d4-403e-4002-87e9-5f399980050f@group-290240A12FBF-LeaderElection10] INFO  server.RaftServer$Division (ServerState.java:setLeader(285)) - fe4054d4-403e-4002-87e9-5f399980050f@group-290240A12FBF: change Leader from null to fe4054d4-403e-4002-87e9-5f399980050f at term 1 for becomeLeader, leader elected after 5064ms
2022-02-15 15:40:58,711 [fe4054d4-403e-4002-87e9-5f399980050f@group-290240A12FBF-LeaderElection10] INFO  server.RaftServerConfigKeys (ConfUtils.java:logGet(44)) - raft.server.staging.catchup.gap = 1000 (default)
2022-02-15 15:40:58,711 [fe4054d4-403e-4002-87e9-5f399980050f@group-290240A12FBF-LeaderElection10] INFO  server.RaftServerConfigKeys (ConfUtils.java:logGet(44)) - raft.server.write.element-limit = 1024 (custom)
2022-02-15 15:40:58,711 [fe4054d4-403e-4002-87e9-5f399980050f@group-290240A12FBF-LeaderElection10] INFO  server.RaftServerConfigKeys (ConfUtils.java:logGet(44)) - raft.server.write.byte-limit = 1024 M (=1073741824) (custom)
2022-02-15 15:40:58,712 [fe4054d4-403e-4002-87e9-5f399980050f@group-290240A12FBF-LeaderElection10] INFO  server.RaftServerConfigKeys (ConfUtils.java:logGet(44)) - raft.server.watch.timeout = 180s (custom)
2022-02-15 15:40:58,712 [fe4054d4-403e-4002-87e9-5f399980050f@group-290240A12FBF-LeaderElection10] INFO  server.RaftServerConfigKeys (ConfUtils.java:logGet(44)) - raft.server.watch.timeout.denomination = 1s (default)
2022-02-15 15:40:58,712 [fe4054d4-403e-4002-87e9-5f399980050f@group-290240A12FBF-LeaderElection10] INFO  server.RaftServerConfigKeys (ConfUtils.java:logGet(44)) - raft.server.watch.element-limit = 65536 (default)
2022-02-15 15:40:58,712 [fe4054d4-403e-4002-87e9-5f399980050f@group-290240A12FBF-LeaderElection10] INFO  server.RaftServerConfigKeys (ConfUtils.java:logGet(44)) - raft.server.write.element-limit = 1024 (custom)
2022-02-15 15:40:58,712 [fe4054d4-403e-4002-87e9-5f399980050f@group-290240A12FBF-LeaderElection10] INFO  server.RaftServerConfigKeys (ConfUtils.java:logGet(44)) - raft.server.write.follower.gap.ratio.max = -1.0 (default)
2022-02-15 15:40:58,712 [fe4054d4-403e-4002-87e9-5f399980050f@group-290240A12FBF-LeaderElection10] INFO  impl.RoleInfo (RoleInfo.java:updateAndGet(130)) - fe4054d4-403e-4002-87e9-5f399980050f: start fe4054d4-403e-4002-87e9-5f399980050f@group-290240A12FBF-LeaderStateImpl
2022-02-15 15:40:58,712 [fe4054d4-403e-4002-87e9-5f399980050f@group-290240A12FBF-LeaderElection10] INFO  segmented.SegmentedRaftLogWorker (SegmentedRaftLogWorker.java:startLogSegment(394)) - fe4054d4-403e-4002-87e9-5f399980050f@group-290240A12FBF-SegmentedRaftLogWorker: Starting segment from index:0
2022-02-15 15:40:58,717 [fe4054d4-403e-4002-87e9-5f399980050f@group-290240A12FBF-LeaderElection10] INFO  server.RaftServer$Division (ServerState.java:setRaftConf(387)) - fe4054d4-403e-4002-87e9-5f399980050f@group-290240A12FBF: set configuration 0: [fe4054d4-403e-4002-87e9-5f399980050f|rpc:10.1.0.67:38959|dataStream:|priority:1], old=null
2022-02-15 15:40:58,718 [fe4054d4-403e-4002-87e9-5f399980050f@group-290240A12FBF-SegmentedRaftLogWorker] INFO  segmented.SegmentedRaftLogWorker (SegmentedRaftLogWorker.java:execute(601)) - fe4054d4-403e-4002-87e9-5f399980050f@group-290240A12FBF-SegmentedRaftLogWorker: created new log segment /home/runner/work/ozone/ozone/hadoop-ozone/integration-test/target/test-dir/MiniOzoneClusterImpl-53bdd20c-eac6-4b45-944c-4408c9f6695f/datanode-2/data/ratis/2e22587d-dda0-4558-adee-290240a12fbf/current/log_inprogress_0
2022-02-15 15:40:59,543 [Listener at 127.0.0.1/45989] INFO  ozone.MiniOzoneClusterImpl (MiniOzoneClusterImpl.java:lambda$waitForClusterToBeReady$0(219)) - Nodes are ready. Got 3 of 3 DN Heartbeats.
2022-02-15 15:40:59,543 [Listener at 127.0.0.1/45989] INFO  ozone.MiniOzoneClusterImpl (MiniOzoneClusterImpl.java:lambda$waitForClusterToBeReady$0(222)) - Waiting for cluster to exit safe mode
2022-02-15 15:40:59,543 [Listener at 127.0.0.1/45989] INFO  ozone.MiniOzoneClusterImpl (MiniOzoneClusterImpl.java:lambda$waitForClusterToBeReady$0(224)) - SCM became leader
2022-02-15 15:41:00,543 [Listener at 127.0.0.1/45989] INFO  ozone.MiniOzoneClusterImpl (MiniOzoneClusterImpl.java:lambda$waitForClusterToBeReady$0(219)) - Nodes are ready. Got 3 of 3 DN Heartbeats.
2022-02-15 15:41:00,544 [Listener at 127.0.0.1/45989] INFO  ozone.MiniOzoneClusterImpl (MiniOzoneClusterImpl.java:lambda$waitForClusterToBeReady$0(222)) - Waiting for cluster to exit safe mode
2022-02-15 15:41:00,544 [Listener at 127.0.0.1/45989] INFO  ozone.MiniOzoneClusterImpl (MiniOzoneClusterImpl.java:lambda$waitForClusterToBeReady$0(224)) - SCM became leader
2022-02-15 15:41:01,544 [Listener at 127.0.0.1/45989] INFO  ozone.MiniOzoneClusterImpl (MiniOzoneClusterImpl.java:lambda$waitForClusterToBeReady$0(219)) - Nodes are ready. Got 3 of 3 DN Heartbeats.
2022-02-15 15:41:01,544 [Listener at 127.0.0.1/45989] INFO  ozone.MiniOzoneClusterImpl (MiniOzoneClusterImpl.java:lambda$waitForClusterToBeReady$0(222)) - Waiting for cluster to exit safe mode
2022-02-15 15:41:01,544 [Listener at 127.0.0.1/45989] INFO  ozone.MiniOzoneClusterImpl (MiniOzoneClusterImpl.java:lambda$waitForClusterToBeReady$0(224)) - SCM became leader
2022-02-15 15:41:02,545 [Listener at 127.0.0.1/45989] INFO  ozone.MiniOzoneClusterImpl (MiniOzoneClusterImpl.java:lambda$waitForClusterToBeReady$0(219)) - Nodes are ready. Got 3 of 3 DN Heartbeats.
2022-02-15 15:41:02,545 [Listener at 127.0.0.1/45989] INFO  ozone.MiniOzoneClusterImpl (MiniOzoneClusterImpl.java:lambda$waitForClusterToBeReady$0(222)) - Waiting for cluster to exit safe mode
2022-02-15 15:41:02,545 [Listener at 127.0.0.1/45989] INFO  ozone.MiniOzoneClusterImpl (MiniOzoneClusterImpl.java:lambda$waitForClusterToBeReady$0(224)) - SCM became leader
2022-02-15 15:41:03,204 [9bbeae3a-b46f-406a-9a6b-919c321c2ec1@group-AD7580110086-FollowerState] INFO  impl.FollowerState (FollowerState.java:run(134)) - 9bbeae3a-b46f-406a-9a6b-919c321c2ec1@group-AD7580110086-FollowerState: change to CANDIDATE, lastRpcElapsedTime:5041840882ns, electionTimeout:5036ms
2022-02-15 15:41:03,204 [9bbeae3a-b46f-406a-9a6b-919c321c2ec1@group-AD7580110086-FollowerState] INFO  impl.RoleInfo (RoleInfo.java:shutdownFollowerState(108)) - 9bbeae3a-b46f-406a-9a6b-919c321c2ec1: shutdown 9bbeae3a-b46f-406a-9a6b-919c321c2ec1@group-AD7580110086-FollowerState
2022-02-15 15:41:03,205 [9bbeae3a-b46f-406a-9a6b-919c321c2ec1@group-AD7580110086-FollowerState] INFO  server.RaftServer$Division (RaftServerImpl.java:setRole(290)) - 9bbeae3a-b46f-406a-9a6b-919c321c2ec1@group-AD7580110086: changes role from  FOLLOWER to CANDIDATE at term 1 for changeToCandidate
2022-02-15 15:41:03,205 [9bbeae3a-b46f-406a-9a6b-919c321c2ec1@group-AD7580110086-FollowerState] INFO  server.RaftServerConfigKeys (ConfUtils.java:logGet(44)) - raft.server.leaderelection.pre-vote = false (custom)
2022-02-15 15:41:03,205 [9bbeae3a-b46f-406a-9a6b-919c321c2ec1@group-AD7580110086-FollowerState] INFO  impl.RoleInfo (RoleInfo.java:updateAndGet(130)) - 9bbeae3a-b46f-406a-9a6b-919c321c2ec1: start 9bbeae3a-b46f-406a-9a6b-919c321c2ec1@group-AD7580110086-LeaderElection11
2022-02-15 15:41:03,214 [9bbeae3a-b46f-406a-9a6b-919c321c2ec1@group-AD7580110086-LeaderElection11] INFO  impl.LeaderElection (LeaderElection.java:askForVotes(306)) - 9bbeae3a-b46f-406a-9a6b-919c321c2ec1@group-AD7580110086-LeaderElection11 ELECTION round 0: submit vote requests at term 2 for -1: [fe4054d4-403e-4002-87e9-5f399980050f|rpc:10.1.0.67:38959|priority:1, 9bbeae3a-b46f-406a-9a6b-919c321c2ec1|rpc:10.1.0.67:44775|priority:0, e9feab8a-d52e-445d-a1ed-06165537c904|rpc:10.1.0.67:46705|priority:0], old=null
2022-02-15 15:41:03,220 [e9feab8a-d52e-445d-a1ed-06165537c904@group-AD7580110086-FollowerState] INFO  impl.FollowerState (FollowerState.java:run(134)) - e9feab8a-d52e-445d-a1ed-06165537c904@group-AD7580110086-FollowerState: change to CANDIDATE, lastRpcElapsedTime:5054378207ns, electionTimeout:5045ms
2022-02-15 15:41:03,221 [e9feab8a-d52e-445d-a1ed-06165537c904@group-AD7580110086-FollowerState] INFO  impl.RoleInfo (RoleInfo.java:shutdownFollowerState(108)) - e9feab8a-d52e-445d-a1ed-06165537c904: shutdown e9feab8a-d52e-445d-a1ed-06165537c904@group-AD7580110086-FollowerState
2022-02-15 15:41:03,221 [e9feab8a-d52e-445d-a1ed-06165537c904@group-AD7580110086-FollowerState] INFO  server.RaftServer$Division (RaftServerImpl.java:setRole(290)) - e9feab8a-d52e-445d-a1ed-06165537c904@group-AD7580110086: changes role from  FOLLOWER to CANDIDATE at term 1 for changeToCandidate
2022-02-15 15:41:03,224 [e9feab8a-d52e-445d-a1ed-06165537c904@group-AD7580110086-FollowerState] INFO  server.RaftServerConfigKeys (ConfUtils.java:logGet(44)) - raft.server.leaderelection.pre-vote = false (custom)
2022-02-15 15:41:03,224 [e9feab8a-d52e-445d-a1ed-06165537c904@group-AD7580110086-FollowerState] INFO  impl.RoleInfo (RoleInfo.java:updateAndGet(130)) - e9feab8a-d52e-445d-a1ed-06165537c904: start e9feab8a-d52e-445d-a1ed-06165537c904@group-AD7580110086-LeaderElection12
2022-02-15 15:41:03,233 [e9feab8a-d52e-445d-a1ed-06165537c904@group-AD7580110086-LeaderElection12] INFO  impl.LeaderElection (LeaderElection.java:askForVotes(306)) - e9feab8a-d52e-445d-a1ed-06165537c904@group-AD7580110086-LeaderElection12 ELECTION round 0: submit vote requests at term 2 for -1: [fe4054d4-403e-4002-87e9-5f399980050f|rpc:10.1.0.67:38959|priority:1, 9bbeae3a-b46f-406a-9a6b-919c321c2ec1|rpc:10.1.0.67:44775|priority:0, e9feab8a-d52e-445d-a1ed-06165537c904|rpc:10.1.0.67:46705|priority:0], old=null
2022-02-15 15:41:03,240 [grpc-default-executor-0] INFO  server.RaftServer$Division (RaftServerImpl.java:requestVote(1046)) - fe4054d4-403e-4002-87e9-5f399980050f@group-AD7580110086: receive requestVote(ELECTION, 9bbeae3a-b46f-406a-9a6b-919c321c2ec1, group-AD7580110086, 2, (t:0, i:0))
2022-02-15 15:41:03,240 [grpc-default-executor-2] INFO  server.RaftServer$Division (RaftServerImpl.java:requestVote(1046)) - e9feab8a-d52e-445d-a1ed-06165537c904@group-AD7580110086: receive requestVote(ELECTION, 9bbeae3a-b46f-406a-9a6b-919c321c2ec1, group-AD7580110086, 2, (t:0, i:0))
2022-02-15 15:41:03,240 [grpc-default-executor-2] INFO  impl.VoteContext (VoteContext.java:log(48)) - e9feab8a-d52e-445d-a1ed-06165537c904@group-AD7580110086-CANDIDATE: reject ELECTION from 9bbeae3a-b46f-406a-9a6b-919c321c2ec1: already has voted for e9feab8a-d52e-445d-a1ed-06165537c904 at current term 2
2022-02-15 15:41:03,241 [grpc-default-executor-2] INFO  server.RaftServer$Division (RaftServerImpl.java:requestVote(1078)) - e9feab8a-d52e-445d-a1ed-06165537c904@group-AD7580110086 replies to ELECTION vote request: 9bbeae3a-b46f-406a-9a6b-919c321c2ec1<-e9feab8a-d52e-445d-a1ed-06165537c904#0:FAIL-t2. Peer's state: e9feab8a-d52e-445d-a1ed-06165537c904@group-AD7580110086:t2, leader=null, voted=e9feab8a-d52e-445d-a1ed-06165537c904, raftlog=e9feab8a-d52e-445d-a1ed-06165537c904@group-AD7580110086-SegmentedRaftLog:OPENED:c-1, conf=-1: [fe4054d4-403e-4002-87e9-5f399980050f|rpc:10.1.0.67:38959|priority:1, 9bbeae3a-b46f-406a-9a6b-919c321c2ec1|rpc:10.1.0.67:44775|priority:0, e9feab8a-d52e-445d-a1ed-06165537c904|rpc:10.1.0.67:46705|priority:0], old=null
2022-02-15 15:41:03,242 [grpc-default-executor-0] INFO  impl.VoteContext (VoteContext.java:log(48)) - fe4054d4-403e-4002-87e9-5f399980050f@group-AD7580110086-FOLLOWER: reject ELECTION from 9bbeae3a-b46f-406a-9a6b-919c321c2ec1: our priority 1 > candidate's priority 0
2022-02-15 15:41:03,242 [grpc-default-executor-0] INFO  server.RaftServer$Division (RaftServerImpl.java:setRole(290)) - fe4054d4-403e-4002-87e9-5f399980050f@group-AD7580110086: changes role from  FOLLOWER to FOLLOWER at term 2 for candidate:9bbeae3a-b46f-406a-9a6b-919c321c2ec1
2022-02-15 15:41:03,242 [grpc-default-executor-0] INFO  impl.RoleInfo (RoleInfo.java:shutdownFollowerState(108)) - fe4054d4-403e-4002-87e9-5f399980050f: shutdown fe4054d4-403e-4002-87e9-5f399980050f@group-AD7580110086-FollowerState
2022-02-15 15:41:03,243 [fe4054d4-403e-4002-87e9-5f399980050f@group-AD7580110086-FollowerState] INFO  impl.FollowerState (FollowerState.java:run(143)) - fe4054d4-403e-4002-87e9-5f399980050f@group-AD7580110086-FollowerState was interrupted: {}
java.lang.InterruptedException: sleep interrupted
	at java.lang.Thread.sleep(Native Method)
	at java.lang.Thread.sleep(Thread.java:340)
	at java.util.concurrent.TimeUnit.sleep(TimeUnit.java:386)
	at org.apache.ratis.util.TimeDuration.sleep(TimeDuration.java:324)
	at org.apache.ratis.util.TimeDuration.sleep(TimeDuration.java:309)
	at org.apache.ratis.server.impl.FollowerState.run(FollowerState.java:118)
2022-02-15 15:41:03,249 [grpc-default-executor-0] INFO  impl.RoleInfo (RoleInfo.java:updateAndGet(130)) - fe4054d4-403e-4002-87e9-5f399980050f: start fe4054d4-403e-4002-87e9-5f399980050f@group-AD7580110086-FollowerState
2022-02-15 15:41:03,254 [grpc-default-executor-0] INFO  server.RaftServer$Division (RaftServerImpl.java:requestVote(1078)) - fe4054d4-403e-4002-87e9-5f399980050f@group-AD7580110086 replies to ELECTION vote request: 9bbeae3a-b46f-406a-9a6b-919c321c2ec1<-fe4054d4-403e-4002-87e9-5f399980050f#0:FAIL-t2. Peer's state: fe4054d4-403e-4002-87e9-5f399980050f@group-AD7580110086:t2, leader=null, voted=null, raftlog=fe4054d4-403e-4002-87e9-5f399980050f@group-AD7580110086-SegmentedRaftLog:OPENED:c-1, conf=-1: [fe4054d4-403e-4002-87e9-5f399980050f|rpc:10.1.0.67:38959|priority:1, 9bbeae3a-b46f-406a-9a6b-919c321c2ec1|rpc:10.1.0.67:44775|priority:0, e9feab8a-d52e-445d-a1ed-06165537c904|rpc:10.1.0.67:46705|priority:0], old=null
2022-02-15 15:41:03,260 [grpc-default-executor-2] INFO  server.RaftServer$Division (RaftServerImpl.java:requestVote(1046)) - 9bbeae3a-b46f-406a-9a6b-919c321c2ec1@group-AD7580110086: receive requestVote(ELECTION, e9feab8a-d52e-445d-a1ed-06165537c904, group-AD7580110086, 2, (t:0, i:0))
2022-02-15 15:41:03,260 [grpc-default-executor-2] INFO  impl.VoteContext (VoteContext.java:log(48)) - 9bbeae3a-b46f-406a-9a6b-919c321c2ec1@group-AD7580110086-CANDIDATE: reject ELECTION from e9feab8a-d52e-445d-a1ed-06165537c904: already has voted for 9bbeae3a-b46f-406a-9a6b-919c321c2ec1 at current term 2
2022-02-15 15:41:03,260 [grpc-default-executor-2] INFO  server.RaftServer$Division (RaftServerImpl.java:requestVote(1078)) - 9bbeae3a-b46f-406a-9a6b-919c321c2ec1@group-AD7580110086 replies to ELECTION vote request: e9feab8a-d52e-445d-a1ed-06165537c904<-9bbeae3a-b46f-406a-9a6b-919c321c2ec1#0:FAIL-t2. Peer's state: 9bbeae3a-b46f-406a-9a6b-919c321c2ec1@group-AD7580110086:t2, leader=null, voted=9bbeae3a-b46f-406a-9a6b-919c321c2ec1, raftlog=9bbeae3a-b46f-406a-9a6b-919c321c2ec1@group-AD7580110086-SegmentedRaftLog:OPENED:c-1, conf=-1: [fe4054d4-403e-4002-87e9-5f399980050f|rpc:10.1.0.67:38959|priority:1, 9bbeae3a-b46f-406a-9a6b-919c321c2ec1|rpc:10.1.0.67:44775|priority:0, e9feab8a-d52e-445d-a1ed-06165537c904|rpc:10.1.0.67:46705|priority:0], old=null
2022-02-15 15:41:03,261 [9bbeae3a-b46f-406a-9a6b-919c321c2ec1@group-AD7580110086-LeaderElection11] INFO  impl.LeaderElection (LeaderElection.java:logAndReturn(89)) - 9bbeae3a-b46f-406a-9a6b-919c321c2ec1@group-AD7580110086-LeaderElection11: ELECTION REJECTED received 2 response(s) and 0 exception(s):
2022-02-15 15:41:03,261 [grpc-default-executor-0] INFO  server.RaftServer$Division (RaftServerImpl.java:requestVote(1046)) - fe4054d4-403e-4002-87e9-5f399980050f@group-AD7580110086: receive requestVote(ELECTION, e9feab8a-d52e-445d-a1ed-06165537c904, group-AD7580110086, 2, (t:0, i:0))
2022-02-15 15:41:03,267 [9bbeae3a-b46f-406a-9a6b-919c321c2ec1@group-AD7580110086-LeaderElection11] INFO  impl.LeaderElection (LeaderElection.java:logAndReturn(93)) -   Response 0: 9bbeae3a-b46f-406a-9a6b-919c321c2ec1<-fe4054d4-403e-4002-87e9-5f399980050f#0:FAIL-t2
2022-02-15 15:41:03,268 [9bbeae3a-b46f-406a-9a6b-919c321c2ec1@group-AD7580110086-LeaderElection11] INFO  impl.LeaderElection (LeaderElection.java:logAndReturn(93)) -   Response 1: 9bbeae3a-b46f-406a-9a6b-919c321c2ec1<-e9feab8a-d52e-445d-a1ed-06165537c904#0:FAIL-t2
2022-02-15 15:41:03,268 [grpc-default-executor-0] INFO  impl.VoteContext (VoteContext.java:log(48)) - fe4054d4-403e-4002-87e9-5f399980050f@group-AD7580110086-FOLLOWER: reject ELECTION from e9feab8a-d52e-445d-a1ed-06165537c904: our priority 1 > candidate's priority 0
2022-02-15 15:41:03,268 [9bbeae3a-b46f-406a-9a6b-919c321c2ec1@group-AD7580110086-LeaderElection11] INFO  impl.LeaderElection (LeaderElection.java:askForVotes(308)) - 9bbeae3a-b46f-406a-9a6b-919c321c2ec1@group-AD7580110086-LeaderElection11 ELECTION round 0: result REJECTED
2022-02-15 15:41:03,269 [9bbeae3a-b46f-406a-9a6b-919c321c2ec1@group-AD7580110086-LeaderElection11] INFO  server.RaftServer$Division (RaftServerImpl.java:setRole(290)) - 9bbeae3a-b46f-406a-9a6b-919c321c2ec1@group-AD7580110086: changes role from CANDIDATE to FOLLOWER at term 2 for REJECTED
2022-02-15 15:41:03,269 [grpc-default-executor-0] INFO  server.RaftServer$Division (RaftServerImpl.java:setRole(290)) - fe4054d4-403e-4002-87e9-5f399980050f@group-AD7580110086: changes role from  FOLLOWER to FOLLOWER at term 2 for candidate:e9feab8a-d52e-445d-a1ed-06165537c904
2022-02-15 15:41:03,269 [grpc-default-executor-0] INFO  impl.RoleInfo (RoleInfo.java:shutdownFollowerState(108)) - fe4054d4-403e-4002-87e9-5f399980050f: shutdown fe4054d4-403e-4002-87e9-5f399980050f@group-AD7580110086-FollowerState
2022-02-15 15:41:03,269 [9bbeae3a-b46f-406a-9a6b-919c321c2ec1@group-AD7580110086-LeaderElection11] INFO  impl.RoleInfo (RoleInfo.java:shutdownLeaderElection(121)) - 9bbeae3a-b46f-406a-9a6b-919c321c2ec1: shutdown 9bbeae3a-b46f-406a-9a6b-919c321c2ec1@group-AD7580110086-LeaderElection11
2022-02-15 15:41:03,269 [fe4054d4-403e-4002-87e9-5f399980050f@group-AD7580110086-FollowerState] INFO  impl.FollowerState (FollowerState.java:run(143)) - fe4054d4-403e-4002-87e9-5f399980050f@group-AD7580110086-FollowerState was interrupted: {}
java.lang.InterruptedException: sleep interrupted
	at java.lang.Thread.sleep(Native Method)
	at java.lang.Thread.sleep(Thread.java:340)
	at java.util.concurrent.TimeUnit.sleep(TimeUnit.java:386)
	at org.apache.ratis.util.TimeDuration.sleep(TimeDuration.java:324)
	at org.apache.ratis.util.TimeDuration.sleep(TimeDuration.java:309)
	at org.apache.ratis.server.impl.FollowerState.run(FollowerState.java:118)
2022-02-15 15:41:03,269 [grpc-default-executor-0] INFO  impl.RoleInfo (RoleInfo.java:updateAndGet(130)) - fe4054d4-403e-4002-87e9-5f399980050f: start fe4054d4-403e-4002-87e9-5f399980050f@group-AD7580110086-FollowerState
2022-02-15 15:41:03,269 [9bbeae3a-b46f-406a-9a6b-919c321c2ec1@group-AD7580110086-LeaderElection11] INFO  impl.RoleInfo (RoleInfo.java:updateAndGet(130)) - 9bbeae3a-b46f-406a-9a6b-919c321c2ec1: start 9bbeae3a-b46f-406a-9a6b-919c321c2ec1@group-AD7580110086-FollowerState
2022-02-15 15:41:03,271 [grpc-default-executor-0] INFO  server.RaftServer$Division (RaftServerImpl.java:requestVote(1078)) - fe4054d4-403e-4002-87e9-5f399980050f@group-AD7580110086 replies to ELECTION vote request: e9feab8a-d52e-445d-a1ed-06165537c904<-fe4054d4-403e-4002-87e9-5f399980050f#0:FAIL-t2. Peer's state: fe4054d4-403e-4002-87e9-5f399980050f@group-AD7580110086:t2, leader=null, voted=null, raftlog=fe4054d4-403e-4002-87e9-5f399980050f@group-AD7580110086-SegmentedRaftLog:OPENED:c-1, conf=-1: [fe4054d4-403e-4002-87e9-5f399980050f|rpc:10.1.0.67:38959|priority:1, 9bbeae3a-b46f-406a-9a6b-919c321c2ec1|rpc:10.1.0.67:44775|priority:0, e9feab8a-d52e-445d-a1ed-06165537c904|rpc:10.1.0.67:46705|priority:0], old=null
2022-02-15 15:41:03,272 [e9feab8a-d52e-445d-a1ed-06165537c904@group-AD7580110086-LeaderElection12] INFO  impl.LeaderElection (LeaderElection.java:logAndReturn(89)) - e9feab8a-d52e-445d-a1ed-06165537c904@group-AD7580110086-LeaderElection12: ELECTION REJECTED received 2 response(s) and 0 exception(s):
2022-02-15 15:41:03,272 [e9feab8a-d52e-445d-a1ed-06165537c904@group-AD7580110086-LeaderElection12] INFO  impl.LeaderElection (LeaderElection.java:logAndReturn(93)) -   Response 0: e9feab8a-d52e-445d-a1ed-06165537c904<-fe4054d4-403e-4002-87e9-5f399980050f#0:FAIL-t2
2022-02-15 15:41:03,272 [e9feab8a-d52e-445d-a1ed-06165537c904@group-AD7580110086-LeaderElection12] INFO  impl.LeaderElection (LeaderElection.java:logAndReturn(93)) -   Response 1: e9feab8a-d52e-445d-a1ed-06165537c904<-9bbeae3a-b46f-406a-9a6b-919c321c2ec1#0:FAIL-t2
2022-02-15 15:41:03,272 [e9feab8a-d52e-445d-a1ed-06165537c904@group-AD7580110086-LeaderElection12] INFO  impl.LeaderElection (LeaderElection.java:askForVotes(308)) - e9feab8a-d52e-445d-a1ed-06165537c904@group-AD7580110086-LeaderElection12 ELECTION round 0: result REJECTED
2022-02-15 15:41:03,273 [e9feab8a-d52e-445d-a1ed-06165537c904@group-AD7580110086-LeaderElection12] INFO  server.RaftServer$Division (RaftServerImpl.java:setRole(290)) - e9feab8a-d52e-445d-a1ed-06165537c904@group-AD7580110086: changes role from CANDIDATE to FOLLOWER at term 2 for REJECTED
2022-02-15 15:41:03,273 [e9feab8a-d52e-445d-a1ed-06165537c904@group-AD7580110086-LeaderElection12] INFO  impl.RoleInfo (RoleInfo.java:shutdownLeaderElection(121)) - e9feab8a-d52e-445d-a1ed-06165537c904: shutdown e9feab8a-d52e-445d-a1ed-06165537c904@group-AD7580110086-LeaderElection12
2022-02-15 15:41:03,273 [e9feab8a-d52e-445d-a1ed-06165537c904@group-AD7580110086-LeaderElection12] INFO  impl.RoleInfo (RoleInfo.java:updateAndGet(130)) - e9feab8a-d52e-445d-a1ed-06165537c904: start e9feab8a-d52e-445d-a1ed-06165537c904@group-AD7580110086-FollowerState
2022-02-15 15:41:03,545 [Listener at 127.0.0.1/45989] INFO  ozone.MiniOzoneClusterImpl (MiniOzoneClusterImpl.java:lambda$waitForClusterToBeReady$0(219)) - Nodes are ready. Got 3 of 3 DN Heartbeats.
2022-02-15 15:41:03,546 [Listener at 127.0.0.1/45989] INFO  ozone.MiniOzoneClusterImpl (MiniOzoneClusterImpl.java:lambda$waitForClusterToBeReady$0(222)) - Waiting for cluster to exit safe mode
2022-02-15 15:41:03,546 [Listener at 127.0.0.1/45989] INFO  ozone.MiniOzoneClusterImpl (MiniOzoneClusterImpl.java:lambda$waitForClusterToBeReady$0(224)) - SCM became leader
2022-02-15 15:41:04,547 [Listener at 127.0.0.1/45989] INFO  ozone.MiniOzoneClusterImpl (MiniOzoneClusterImpl.java:lambda$waitForClusterToBeReady$0(219)) - Nodes are ready. Got 3 of 3 DN Heartbeats.
2022-02-15 15:41:04,547 [Listener at 127.0.0.1/45989] INFO  ozone.MiniOzoneClusterImpl (MiniOzoneClusterImpl.java:lambda$waitForClusterToBeReady$0(222)) - Waiting for cluster to exit safe mode
2022-02-15 15:41:04,547 [Listener at 127.0.0.1/45989] INFO  ozone.MiniOzoneClusterImpl (MiniOzoneClusterImpl.java:lambda$waitForClusterToBeReady$0(224)) - SCM became leader
2022-02-15 15:41:05,547 [Listener at 127.0.0.1/45989] INFO  ozone.MiniOzoneClusterImpl (MiniOzoneClusterImpl.java:lambda$waitForClusterToBeReady$0(219)) - Nodes are ready. Got 3 of 3 DN Heartbeats.
2022-02-15 15:41:05,548 [Listener at 127.0.0.1/45989] INFO  ozone.MiniOzoneClusterImpl (MiniOzoneClusterImpl.java:lambda$waitForClusterToBeReady$0(222)) - Waiting for cluster to exit safe mode
2022-02-15 15:41:05,548 [Listener at 127.0.0.1/45989] INFO  ozone.MiniOzoneClusterImpl (MiniOzoneClusterImpl.java:lambda$waitForClusterToBeReady$0(224)) - SCM became leader
2022-02-15 15:41:06,548 [Listener at 127.0.0.1/45989] INFO  ozone.MiniOzoneClusterImpl (MiniOzoneClusterImpl.java:lambda$waitForClusterToBeReady$0(219)) - Nodes are ready. Got 3 of 3 DN Heartbeats.
2022-02-15 15:41:06,548 [Listener at 127.0.0.1/45989] INFO  ozone.MiniOzoneClusterImpl (MiniOzoneClusterImpl.java:lambda$waitForClusterToBeReady$0(222)) - Waiting for cluster to exit safe mode
2022-02-15 15:41:06,548 [Listener at 127.0.0.1/45989] INFO  ozone.MiniOzoneClusterImpl (MiniOzoneClusterImpl.java:lambda$waitForClusterToBeReady$0(224)) - SCM became leader
2022-02-15 15:41:07,549 [Listener at 127.0.0.1/45989] INFO  ozone.MiniOzoneClusterImpl (MiniOzoneClusterImpl.java:lambda$waitForClusterToBeReady$0(219)) - Nodes are ready. Got 3 of 3 DN Heartbeats.
2022-02-15 15:41:07,549 [Listener at 127.0.0.1/45989] INFO  ozone.MiniOzoneClusterImpl (MiniOzoneClusterImpl.java:lambda$waitForClusterToBeReady$0(222)) - Waiting for cluster to exit safe mode
2022-02-15 15:41:07,549 [Listener at 127.0.0.1/45989] INFO  ozone.MiniOzoneClusterImpl (MiniOzoneClusterImpl.java:lambda$waitForClusterToBeReady$0(224)) - SCM became leader
2022-02-15 15:41:08,448 [fe4054d4-403e-4002-87e9-5f399980050f@group-AD7580110086-FollowerState] INFO  impl.FollowerState (FollowerState.java:run(134)) - fe4054d4-403e-4002-87e9-5f399980050f@group-AD7580110086-FollowerState: change to CANDIDATE, lastRpcElapsedTime:5179180071ns, electionTimeout:5160ms
2022-02-15 15:41:08,449 [fe4054d4-403e-4002-87e9-5f399980050f@group-AD7580110086-FollowerState] INFO  impl.RoleInfo (RoleInfo.java:shutdownFollowerState(108)) - fe4054d4-403e-4002-87e9-5f399980050f: shutdown fe4054d4-403e-4002-87e9-5f399980050f@group-AD7580110086-FollowerState
2022-02-15 15:41:08,449 [fe4054d4-403e-4002-87e9-5f399980050f@group-AD7580110086-FollowerState] INFO  server.RaftServer$Division (RaftServerImpl.java:setRole(290)) - fe4054d4-403e-4002-87e9-5f399980050f@group-AD7580110086: changes role from  FOLLOWER to CANDIDATE at term 2 for changeToCandidate
2022-02-15 15:41:08,449 [fe4054d4-403e-4002-87e9-5f399980050f@group-AD7580110086-FollowerState] INFO  server.RaftServerConfigKeys (ConfUtils.java:logGet(44)) - raft.server.leaderelection.pre-vote = false (custom)
2022-02-15 15:41:08,449 [fe4054d4-403e-4002-87e9-5f399980050f@group-AD7580110086-FollowerState] INFO  impl.RoleInfo (RoleInfo.java:updateAndGet(130)) - fe4054d4-403e-4002-87e9-5f399980050f: start fe4054d4-403e-4002-87e9-5f399980050f@group-AD7580110086-LeaderElection13
2022-02-15 15:41:08,452 [9bbeae3a-b46f-406a-9a6b-919c321c2ec1@group-AD7580110086-FollowerState] INFO  impl.FollowerState (FollowerState.java:run(134)) - 9bbeae3a-b46f-406a-9a6b-919c321c2ec1@group-AD7580110086-FollowerState: change to CANDIDATE, lastRpcElapsedTime:5182335302ns, electionTimeout:5171ms
2022-02-15 15:41:08,452 [9bbeae3a-b46f-406a-9a6b-919c321c2ec1@group-AD7580110086-FollowerState] INFO  impl.RoleInfo (RoleInfo.java:shutdownFollowerState(108)) - 9bbeae3a-b46f-406a-9a6b-919c321c2ec1: shutdown 9bbeae3a-b46f-406a-9a6b-919c321c2ec1@group-AD7580110086-FollowerState
2022-02-15 15:41:08,452 [9bbeae3a-b46f-406a-9a6b-919c321c2ec1@group-AD7580110086-FollowerState] INFO  server.RaftServer$Division (RaftServerImpl.java:setRole(290)) - 9bbeae3a-b46f-406a-9a6b-919c321c2ec1@group-AD7580110086: changes role from  FOLLOWER to CANDIDATE at term 2 for changeToCandidate
2022-02-15 15:41:08,452 [9bbeae3a-b46f-406a-9a6b-919c321c2ec1@group-AD7580110086-FollowerState] INFO  server.RaftServerConfigKeys (ConfUtils.java:logGet(44)) - raft.server.leaderelection.pre-vote = false (custom)
2022-02-15 15:41:08,452 [9bbeae3a-b46f-406a-9a6b-919c321c2ec1@group-AD7580110086-FollowerState] INFO  impl.RoleInfo (RoleInfo.java:updateAndGet(130)) - 9bbeae3a-b46f-406a-9a6b-919c321c2ec1: start 9bbeae3a-b46f-406a-9a6b-919c321c2ec1@group-AD7580110086-LeaderElection14
2022-02-15 15:41:08,461 [e9feab8a-d52e-445d-a1ed-06165537c904@group-AD7580110086-FollowerState] INFO  impl.FollowerState (FollowerState.java:run(134)) - e9feab8a-d52e-445d-a1ed-06165537c904@group-AD7580110086-FollowerState: change to CANDIDATE, lastRpcElapsedTime:5188205159ns, electionTimeout:5173ms
2022-02-15 15:41:08,461 [e9feab8a-d52e-445d-a1ed-06165537c904@group-AD7580110086-FollowerState] INFO  impl.RoleInfo (RoleInfo.java:shutdownFollowerState(108)) - e9feab8a-d52e-445d-a1ed-06165537c904: shutdown e9feab8a-d52e-445d-a1ed-06165537c904@group-AD7580110086-FollowerState
2022-02-15 15:41:08,461 [e9feab8a-d52e-445d-a1ed-06165537c904@group-AD7580110086-FollowerState] INFO  server.RaftServer$Division (RaftServerImpl.java:setRole(290)) - e9feab8a-d52e-445d-a1ed-06165537c904@group-AD7580110086: changes role from  FOLLOWER to CANDIDATE at term 2 for changeToCandidate
2022-02-15 15:41:08,461 [e9feab8a-d52e-445d-a1ed-06165537c904@group-AD7580110086-FollowerState] INFO  server.RaftServerConfigKeys (ConfUtils.java:logGet(44)) - raft.server.leaderelection.pre-vote = false (custom)
2022-02-15 15:41:08,461 [e9feab8a-d52e-445d-a1ed-06165537c904@group-AD7580110086-FollowerState] INFO  impl.RoleInfo (RoleInfo.java:updateAndGet(130)) - e9feab8a-d52e-445d-a1ed-06165537c904: start e9feab8a-d52e-445d-a1ed-06165537c904@group-AD7580110086-LeaderElection15
2022-02-15 15:41:08,464 [fe4054d4-403e-4002-87e9-5f399980050f@group-AD7580110086-LeaderElection13] INFO  impl.LeaderElection (LeaderElection.java:askForVotes(306)) - fe4054d4-403e-4002-87e9-5f399980050f@group-AD7580110086-LeaderElection13 ELECTION round 0: submit vote requests at term 3 for -1: [fe4054d4-403e-4002-87e9-5f399980050f|rpc:10.1.0.67:38959|priority:1, 9bbeae3a-b46f-406a-9a6b-919c321c2ec1|rpc:10.1.0.67:44775|priority:0, e9feab8a-d52e-445d-a1ed-06165537c904|rpc:10.1.0.67:46705|priority:0], old=null
2022-02-15 15:41:08,473 [9bbeae3a-b46f-406a-9a6b-919c321c2ec1@group-AD7580110086-LeaderElection14] INFO  impl.LeaderElection (LeaderElection.java:askForVotes(306)) - 9bbeae3a-b46f-406a-9a6b-919c321c2ec1@group-AD7580110086-LeaderElection14 ELECTION round 0: submit vote requests at term 3 for -1: [fe4054d4-403e-4002-87e9-5f399980050f|rpc:10.1.0.67:38959|priority:1, 9bbeae3a-b46f-406a-9a6b-919c321c2ec1|rpc:10.1.0.67:44775|priority:0, e9feab8a-d52e-445d-a1ed-06165537c904|rpc:10.1.0.67:46705|priority:0], old=null
2022-02-15 15:41:08,475 [e9feab8a-d52e-445d-a1ed-06165537c904@group-AD7580110086-LeaderElection15] INFO  impl.LeaderElection (LeaderElection.java:askForVotes(306)) - e9feab8a-d52e-445d-a1ed-06165537c904@group-AD7580110086-LeaderElection15 ELECTION round 0: submit vote requests at term 3 for -1: [fe4054d4-403e-4002-87e9-5f399980050f|rpc:10.1.0.67:38959|priority:1, 9bbeae3a-b46f-406a-9a6b-919c321c2ec1|rpc:10.1.0.67:44775|priority:0, e9feab8a-d52e-445d-a1ed-06165537c904|rpc:10.1.0.67:46705|priority:0], old=null
2022-02-15 15:41:08,484 [grpc-default-executor-0] INFO  server.RaftServer$Division (RaftServerImpl.java:requestVote(1046)) - fe4054d4-403e-4002-87e9-5f399980050f@group-AD7580110086: receive requestVote(ELECTION, e9feab8a-d52e-445d-a1ed-06165537c904, group-AD7580110086, 3, (t:0, i:0))
2022-02-15 15:41:08,484 [grpc-default-executor-0] INFO  impl.VoteContext (VoteContext.java:log(48)) - fe4054d4-403e-4002-87e9-5f399980050f@group-AD7580110086-CANDIDATE: reject ELECTION from e9feab8a-d52e-445d-a1ed-06165537c904: already has voted for fe4054d4-403e-4002-87e9-5f399980050f at current term 3
2022-02-15 15:41:08,484 [grpc-default-executor-0] INFO  server.RaftServer$Division (RaftServerImpl.java:requestVote(1078)) - fe4054d4-403e-4002-87e9-5f399980050f@group-AD7580110086 replies to ELECTION vote request: e9feab8a-d52e-445d-a1ed-06165537c904<-fe4054d4-403e-4002-87e9-5f399980050f#0:FAIL-t3. Peer's state: fe4054d4-403e-4002-87e9-5f399980050f@group-AD7580110086:t3, leader=null, voted=fe4054d4-403e-4002-87e9-5f399980050f, raftlog=fe4054d4-403e-4002-87e9-5f399980050f@group-AD7580110086-SegmentedRaftLog:OPENED:c-1, conf=-1: [fe4054d4-403e-4002-87e9-5f399980050f|rpc:10.1.0.67:38959|priority:1, 9bbeae3a-b46f-406a-9a6b-919c321c2ec1|rpc:10.1.0.67:44775|priority:0, e9feab8a-d52e-445d-a1ed-06165537c904|rpc:10.1.0.67:46705|priority:0], old=null
2022-02-15 15:41:08,485 [grpc-default-executor-2] INFO  server.RaftServer$Division (RaftServerImpl.java:requestVote(1046)) - 9bbeae3a-b46f-406a-9a6b-919c321c2ec1@group-AD7580110086: receive requestVote(ELECTION, fe4054d4-403e-4002-87e9-5f399980050f, group-AD7580110086, 3, (t:0, i:0))
2022-02-15 15:41:08,485 [grpc-default-executor-2] INFO  impl.VoteContext (VoteContext.java:log(48)) - 9bbeae3a-b46f-406a-9a6b-919c321c2ec1@group-AD7580110086-CANDIDATE: reject ELECTION from fe4054d4-403e-4002-87e9-5f399980050f: already has voted for 9bbeae3a-b46f-406a-9a6b-919c321c2ec1 at current term 3
2022-02-15 15:41:08,485 [grpc-default-executor-2] INFO  server.RaftServer$Division (RaftServerImpl.java:requestVote(1078)) - 9bbeae3a-b46f-406a-9a6b-919c321c2ec1@group-AD7580110086 replies to ELECTION vote request: fe4054d4-403e-4002-87e9-5f399980050f<-9bbeae3a-b46f-406a-9a6b-919c321c2ec1#0:FAIL-t3. Peer's state: 9bbeae3a-b46f-406a-9a6b-919c321c2ec1@group-AD7580110086:t3, leader=null, voted=9bbeae3a-b46f-406a-9a6b-919c321c2ec1, raftlog=9bbeae3a-b46f-406a-9a6b-919c321c2ec1@group-AD7580110086-SegmentedRaftLog:OPENED:c-1, conf=-1: [fe4054d4-403e-4002-87e9-5f399980050f|rpc:10.1.0.67:38959|priority:1, 9bbeae3a-b46f-406a-9a6b-919c321c2ec1|rpc:10.1.0.67:44775|priority:0, e9feab8a-d52e-445d-a1ed-06165537c904|rpc:10.1.0.67:46705|priority:0], old=null
2022-02-15 15:41:08,486 [grpc-default-executor-2] INFO  server.RaftServer$Division (RaftServerImpl.java:requestVote(1046)) - fe4054d4-403e-4002-87e9-5f399980050f@group-AD7580110086: receive requestVote(ELECTION, 9bbeae3a-b46f-406a-9a6b-919c321c2ec1, group-AD7580110086, 3, (t:0, i:0))
2022-02-15 15:41:08,486 [grpc-default-executor-2] INFO  impl.VoteContext (VoteContext.java:log(48)) - fe4054d4-403e-4002-87e9-5f399980050f@group-AD7580110086-CANDIDATE: reject ELECTION from 9bbeae3a-b46f-406a-9a6b-919c321c2ec1: already has voted for fe4054d4-403e-4002-87e9-5f399980050f at current term 3
2022-02-15 15:41:08,486 [grpc-default-executor-2] INFO  server.RaftServer$Division (RaftServerImpl.java:requestVote(1078)) - fe4054d4-403e-4002-87e9-5f399980050f@group-AD7580110086 replies to ELECTION vote request: 9bbeae3a-b46f-406a-9a6b-919c321c2ec1<-fe4054d4-403e-4002-87e9-5f399980050f#0:FAIL-t3. Peer's state: fe4054d4-403e-4002-87e9-5f399980050f@group-AD7580110086:t3, leader=null, voted=fe4054d4-403e-4002-87e9-5f399980050f, raftlog=fe4054d4-403e-4002-87e9-5f399980050f@group-AD7580110086-SegmentedRaftLog:OPENED:c-1, conf=-1: [fe4054d4-403e-4002-87e9-5f399980050f|rpc:10.1.0.67:38959|priority:1, 9bbeae3a-b46f-406a-9a6b-919c321c2ec1|rpc:10.1.0.67:44775|priority:0, e9feab8a-d52e-445d-a1ed-06165537c904|rpc:10.1.0.67:46705|priority:0], old=null
2022-02-15 15:41:08,488 [e9feab8a-d52e-445d-a1ed-06165537c904@group-AD7580110086-LeaderElection15] INFO  impl.LeaderElection (LeaderElection.java:logAndReturn(89)) - e9feab8a-d52e-445d-a1ed-06165537c904@group-AD7580110086-LeaderElection15: ELECTION REJECTED received 1 response(s) and 0 exception(s):
2022-02-15 15:41:08,488 [e9feab8a-d52e-445d-a1ed-06165537c904@group-AD7580110086-LeaderElection15] INFO  impl.LeaderElection (LeaderElection.java:logAndReturn(93)) -   Response 0: e9feab8a-d52e-445d-a1ed-06165537c904<-fe4054d4-403e-4002-87e9-5f399980050f#0:FAIL-t3
2022-02-15 15:41:08,488 [e9feab8a-d52e-445d-a1ed-06165537c904@group-AD7580110086-LeaderElection15] INFO  impl.LeaderElection (LeaderElection.java:askForVotes(308)) - e9feab8a-d52e-445d-a1ed-06165537c904@group-AD7580110086-LeaderElection15 ELECTION round 0: result REJECTED
2022-02-15 15:41:08,488 [e9feab8a-d52e-445d-a1ed-06165537c904@group-AD7580110086-LeaderElection15] INFO  server.RaftServer$Division (RaftServerImpl.java:setRole(290)) - e9feab8a-d52e-445d-a1ed-06165537c904@group-AD7580110086: changes role from CANDIDATE to FOLLOWER at term 3 for REJECTED
2022-02-15 15:41:08,489 [e9feab8a-d52e-445d-a1ed-06165537c904@group-AD7580110086-LeaderElection15] INFO  impl.RoleInfo (RoleInfo.java:shutdownLeaderElection(121)) - e9feab8a-d52e-445d-a1ed-06165537c904: shutdown e9feab8a-d52e-445d-a1ed-06165537c904@group-AD7580110086-LeaderElection15
2022-02-15 15:41:08,489 [e9feab8a-d52e-445d-a1ed-06165537c904@group-AD7580110086-LeaderElection15] INFO  impl.RoleInfo (RoleInfo.java:updateAndGet(130)) - e9feab8a-d52e-445d-a1ed-06165537c904: start e9feab8a-d52e-445d-a1ed-06165537c904@group-AD7580110086-FollowerState
2022-02-15 15:41:08,497 [9bbeae3a-b46f-406a-9a6b-919c321c2ec1@group-AD7580110086-LeaderElection14] INFO  impl.LeaderElection (LeaderElection.java:logAndReturn(89)) - 9bbeae3a-b46f-406a-9a6b-919c321c2ec1@group-AD7580110086-LeaderElection14: ELECTION REJECTED received 1 response(s) and 0 exception(s):
2022-02-15 15:41:08,497 [9bbeae3a-b46f-406a-9a6b-919c321c2ec1@group-AD7580110086-LeaderElection14] INFO  impl.LeaderElection (LeaderElection.java:logAndReturn(93)) -   Response 0: 9bbeae3a-b46f-406a-9a6b-919c321c2ec1<-fe4054d4-403e-4002-87e9-5f399980050f#0:FAIL-t3
2022-02-15 15:41:08,497 [9bbeae3a-b46f-406a-9a6b-919c321c2ec1@group-AD7580110086-LeaderElection14] INFO  impl.LeaderElection (LeaderElection.java:askForVotes(308)) - 9bbeae3a-b46f-406a-9a6b-919c321c2ec1@group-AD7580110086-LeaderElection14 ELECTION round 0: result REJECTED
2022-02-15 15:41:08,497 [9bbeae3a-b46f-406a-9a6b-919c321c2ec1@group-AD7580110086-LeaderElection14] INFO  server.RaftServer$Division (RaftServerImpl.java:setRole(290)) - 9bbeae3a-b46f-406a-9a6b-919c321c2ec1@group-AD7580110086: changes role from CANDIDATE to FOLLOWER at term 3 for REJECTED
2022-02-15 15:41:08,497 [9bbeae3a-b46f-406a-9a6b-919c321c2ec1@group-AD7580110086-LeaderElection14] INFO  impl.RoleInfo (RoleInfo.java:shutdownLeaderElection(121)) - 9bbeae3a-b46f-406a-9a6b-919c321c2ec1: shutdown 9bbeae3a-b46f-406a-9a6b-919c321c2ec1@group-AD7580110086-LeaderElection14
2022-02-15 15:41:08,497 [9bbeae3a-b46f-406a-9a6b-919c321c2ec1@group-AD7580110086-LeaderElection14] INFO  impl.RoleInfo (RoleInfo.java:updateAndGet(130)) - 9bbeae3a-b46f-406a-9a6b-919c321c2ec1: start 9bbeae3a-b46f-406a-9a6b-919c321c2ec1@group-AD7580110086-FollowerState
2022-02-15 15:41:08,505 [grpc-default-executor-0] INFO  server.RaftServer$Division (RaftServerImpl.java:requestVote(1046)) - 9bbeae3a-b46f-406a-9a6b-919c321c2ec1@group-AD7580110086: receive requestVote(ELECTION, e9feab8a-d52e-445d-a1ed-06165537c904, group-AD7580110086, 3, (t:0, i:0))
2022-02-15 15:41:08,505 [grpc-default-executor-0] INFO  impl.VoteContext (VoteContext.java:log(48)) - 9bbeae3a-b46f-406a-9a6b-919c321c2ec1@group-AD7580110086-FOLLOWER: reject ELECTION from e9feab8a-d52e-445d-a1ed-06165537c904: already has voted for 9bbeae3a-b46f-406a-9a6b-919c321c2ec1 at current term 3
2022-02-15 15:41:08,505 [grpc-default-executor-0] INFO  server.RaftServer$Division (RaftServerImpl.java:requestVote(1078)) - 9bbeae3a-b46f-406a-9a6b-919c321c2ec1@group-AD7580110086 replies to ELECTION vote request: e9feab8a-d52e-445d-a1ed-06165537c904<-9bbeae3a-b46f-406a-9a6b-919c321c2ec1#0:FAIL-t3. Peer's state: 9bbeae3a-b46f-406a-9a6b-919c321c2ec1@group-AD7580110086:t3, leader=null, voted=9bbeae3a-b46f-406a-9a6b-919c321c2ec1, raftlog=9bbeae3a-b46f-406a-9a6b-919c321c2ec1@group-AD7580110086-SegmentedRaftLog:OPENED:c-1, conf=-1: [fe4054d4-403e-4002-87e9-5f399980050f|rpc:10.1.0.67:38959|priority:1, 9bbeae3a-b46f-406a-9a6b-919c321c2ec1|rpc:10.1.0.67:44775|priority:0, e9feab8a-d52e-445d-a1ed-06165537c904|rpc:10.1.0.67:46705|priority:0], old=null
2022-02-15 15:41:08,506 [grpc-default-executor-0] INFO  server.RaftServer$Division (RaftServerImpl.java:requestVote(1046)) - e9feab8a-d52e-445d-a1ed-06165537c904@group-AD7580110086: receive requestVote(ELECTION, fe4054d4-403e-4002-87e9-5f399980050f, group-AD7580110086, 3, (t:0, i:0))
2022-02-15 15:41:08,506 [grpc-default-executor-0] INFO  impl.VoteContext (VoteContext.java:log(48)) - e9feab8a-d52e-445d-a1ed-06165537c904@group-AD7580110086-FOLLOWER: reject ELECTION from fe4054d4-403e-4002-87e9-5f399980050f: already has voted for e9feab8a-d52e-445d-a1ed-06165537c904 at current term 3
2022-02-15 15:41:08,506 [grpc-default-executor-0] INFO  server.RaftServer$Division (RaftServerImpl.java:requestVote(1078)) - e9feab8a-d52e-445d-a1ed-06165537c904@group-AD7580110086 replies to ELECTION vote request: fe4054d4-403e-4002-87e9-5f399980050f<-e9feab8a-d52e-445d-a1ed-06165537c904#0:FAIL-t3. Peer's state: e9feab8a-d52e-445d-a1ed-06165537c904@group-AD7580110086:t3, leader=null, voted=e9feab8a-d52e-445d-a1ed-06165537c904, raftlog=e9feab8a-d52e-445d-a1ed-06165537c904@group-AD7580110086-SegmentedRaftLog:OPENED:c-1, conf=-1: [fe4054d4-403e-4002-87e9-5f399980050f|rpc:10.1.0.67:38959|priority:1, 9bbeae3a-b46f-406a-9a6b-919c321c2ec1|rpc:10.1.0.67:44775|priority:0, e9feab8a-d52e-445d-a1ed-06165537c904|rpc:10.1.0.67:46705|priority:0], old=null
2022-02-15 15:41:08,506 [grpc-default-executor-0] INFO  server.RaftServer$Division (RaftServerImpl.java:requestVote(1046)) - e9feab8a-d52e-445d-a1ed-06165537c904@group-AD7580110086: receive requestVote(ELECTION, 9bbeae3a-b46f-406a-9a6b-919c321c2ec1, group-AD7580110086, 3, (t:0, i:0))
2022-02-15 15:41:08,506 [grpc-default-executor-0] INFO  impl.VoteContext (VoteContext.java:log(48)) - e9feab8a-d52e-445d-a1ed-06165537c904@group-AD7580110086-FOLLOWER: reject ELECTION from 9bbeae3a-b46f-406a-9a6b-919c321c2ec1: already has voted for e9feab8a-d52e-445d-a1ed-06165537c904 at current term 3
2022-02-15 15:41:08,506 [grpc-default-executor-0] INFO  server.RaftServer$Division (RaftServerImpl.java:requestVote(1078)) - e9feab8a-d52e-445d-a1ed-06165537c904@group-AD7580110086 replies to ELECTION vote request: 9bbeae3a-b46f-406a-9a6b-919c321c2ec1<-e9feab8a-d52e-445d-a1ed-06165537c904#0:FAIL-t3. Peer's state: e9feab8a-d52e-445d-a1ed-06165537c904@group-AD7580110086:t3, leader=null, voted=e9feab8a-d52e-445d-a1ed-06165537c904, raftlog=e9feab8a-d52e-445d-a1ed-06165537c904@group-AD7580110086-SegmentedRaftLog:OPENED:c-1, conf=-1: [fe4054d4-403e-4002-87e9-5f399980050f|rpc:10.1.0.67:38959|priority:1, 9bbeae3a-b46f-406a-9a6b-919c321c2ec1|rpc:10.1.0.67:44775|priority:0, e9feab8a-d52e-445d-a1ed-06165537c904|rpc:10.1.0.67:46705|priority:0], old=null
2022-02-15 15:41:08,513 [fe4054d4-403e-4002-87e9-5f399980050f@group-AD7580110086-LeaderElection13] INFO  impl.LeaderElection (LeaderElection.java:logAndReturn(89)) - fe4054d4-403e-4002-87e9-5f399980050f@group-AD7580110086-LeaderElection13: ELECTION REJECTED received 2 response(s) and 0 exception(s):
2022-02-15 15:41:08,513 [fe4054d4-403e-4002-87e9-5f399980050f@group-AD7580110086-LeaderElection13] INFO  impl.LeaderElection (LeaderElection.java:logAndReturn(93)) -   Response 0: fe4054d4-403e-4002-87e9-5f399980050f<-9bbeae3a-b46f-406a-9a6b-919c321c2ec1#0:FAIL-t3
2022-02-15 15:41:08,513 [fe4054d4-403e-4002-87e9-5f399980050f@group-AD7580110086-LeaderElection13] INFO  impl.LeaderElection (LeaderElection.java:logAndReturn(93)) -   Response 1: fe4054d4-403e-4002-87e9-5f399980050f<-e9feab8a-d52e-445d-a1ed-06165537c904#0:FAIL-t3
2022-02-15 15:41:08,513 [fe4054d4-403e-4002-87e9-5f399980050f@group-AD7580110086-LeaderElection13] INFO  impl.LeaderElection (LeaderElection.java:askForVotes(308)) - fe4054d4-403e-4002-87e9-5f399980050f@group-AD7580110086-LeaderElection13 ELECTION round 0: result REJECTED
2022-02-15 15:41:08,513 [fe4054d4-403e-4002-87e9-5f399980050f@group-AD7580110086-LeaderElection13] INFO  server.RaftServer$Division (RaftServerImpl.java:setRole(290)) - fe4054d4-403e-4002-87e9-5f399980050f@group-AD7580110086: changes role from CANDIDATE to FOLLOWER at term 3 for REJECTED
2022-02-15 15:41:08,513 [fe4054d4-403e-4002-87e9-5f399980050f@group-AD7580110086-LeaderElection13] INFO  impl.RoleInfo (RoleInfo.java:shutdownLeaderElection(121)) - fe4054d4-403e-4002-87e9-5f399980050f: shutdown fe4054d4-403e-4002-87e9-5f399980050f@group-AD7580110086-LeaderElection13
2022-02-15 15:41:08,514 [fe4054d4-403e-4002-87e9-5f399980050f@group-AD7580110086-LeaderElection13] INFO  impl.RoleInfo (RoleInfo.java:updateAndGet(130)) - fe4054d4-403e-4002-87e9-5f399980050f: start fe4054d4-403e-4002-87e9-5f399980050f@group-AD7580110086-FollowerState
2022-02-15 15:41:08,549 [Listener at 127.0.0.1/45989] INFO  ozone.MiniOzoneClusterImpl (MiniOzoneClusterImpl.java:lambda$waitForClusterToBeReady$0(219)) - Nodes are ready. Got 3 of 3 DN Heartbeats.
2022-02-15 15:41:08,550 [Listener at 127.0.0.1/45989] INFO  ozone.MiniOzoneClusterImpl (MiniOzoneClusterImpl.java:lambda$waitForClusterToBeReady$0(222)) - Waiting for cluster to exit safe mode
2022-02-15 15:41:08,550 [Listener at 127.0.0.1/45989] INFO  ozone.MiniOzoneClusterImpl (MiniOzoneClusterImpl.java:lambda$waitForClusterToBeReady$0(224)) - SCM became leader
2022-02-15 15:41:09,550 [Listener at 127.0.0.1/45989] INFO  ozone.MiniOzoneClusterImpl (MiniOzoneClusterImpl.java:lambda$waitForClusterToBeReady$0(219)) - Nodes are ready. Got 3 of 3 DN Heartbeats.
2022-02-15 15:41:09,550 [Listener at 127.0.0.1/45989] INFO  ozone.MiniOzoneClusterImpl (MiniOzoneClusterImpl.java:lambda$waitForClusterToBeReady$0(222)) - Waiting for cluster to exit safe mode
2022-02-15 15:41:09,550 [Listener at 127.0.0.1/45989] INFO  ozone.MiniOzoneClusterImpl (MiniOzoneClusterImpl.java:lambda$waitForClusterToBeReady$0(224)) - SCM became leader
2022-02-15 15:41:10,551 [Listener at 127.0.0.1/45989] INFO  ozone.MiniOzoneClusterImpl (MiniOzoneClusterImpl.java:lambda$waitForClusterToBeReady$0(219)) - Nodes are ready. Got 3 of 3 DN Heartbeats.
2022-02-15 15:41:10,551 [Listener at 127.0.0.1/45989] INFO  ozone.MiniOzoneClusterImpl (MiniOzoneClusterImpl.java:lambda$waitForClusterToBeReady$0(222)) - Waiting for cluster to exit safe mode
2022-02-15 15:41:10,551 [Listener at 127.0.0.1/45989] INFO  ozone.MiniOzoneClusterImpl (MiniOzoneClusterImpl.java:lambda$waitForClusterToBeReady$0(224)) - SCM became leader
2022-02-15 15:41:11,551 [Listener at 127.0.0.1/45989] INFO  ozone.MiniOzoneClusterImpl (MiniOzoneClusterImpl.java:lambda$waitForClusterToBeReady$0(219)) - Nodes are ready. Got 3 of 3 DN Heartbeats.
2022-02-15 15:41:11,552 [Listener at 127.0.0.1/45989] INFO  ozone.MiniOzoneClusterImpl (MiniOzoneClusterImpl.java:lambda$waitForClusterToBeReady$0(222)) - Waiting for cluster to exit safe mode
2022-02-15 15:41:11,552 [Listener at 127.0.0.1/45989] INFO  ozone.MiniOzoneClusterImpl (MiniOzoneClusterImpl.java:lambda$waitForClusterToBeReady$0(224)) - SCM became leader
2022-02-15 15:41:12,557 [Listener at 127.0.0.1/45989] INFO  ozone.MiniOzoneClusterImpl (MiniOzoneClusterImpl.java:lambda$waitForClusterToBeReady$0(219)) - Nodes are ready. Got 3 of 3 DN Heartbeats.
2022-02-15 15:41:12,557 [Listener at 127.0.0.1/45989] INFO  ozone.MiniOzoneClusterImpl (MiniOzoneClusterImpl.java:lambda$waitForClusterToBeReady$0(222)) - Waiting for cluster to exit safe mode
2022-02-15 15:41:12,557 [Listener at 127.0.0.1/45989] INFO  ozone.MiniOzoneClusterImpl (MiniOzoneClusterImpl.java:lambda$waitForClusterToBeReady$0(224)) - SCM became leader
2022-02-15 15:41:13,555 [9bbeae3a-b46f-406a-9a6b-919c321c2ec1@group-AD7580110086-FollowerState] INFO  impl.FollowerState (FollowerState.java:run(134)) - 9bbeae3a-b46f-406a-9a6b-919c321c2ec1@group-AD7580110086-FollowerState: change to CANDIDATE, lastRpcElapsedTime:5057460393ns, electionTimeout:5052ms
2022-02-15 15:41:13,555 [9bbeae3a-b46f-406a-9a6b-919c321c2ec1@group-AD7580110086-FollowerState] INFO  impl.RoleInfo (RoleInfo.java:shutdownFollowerState(108)) - 9bbeae3a-b46f-406a-9a6b-919c321c2ec1: shutdown 9bbeae3a-b46f-406a-9a6b-919c321c2ec1@group-AD7580110086-FollowerState
2022-02-15 15:41:13,555 [9bbeae3a-b46f-406a-9a6b-919c321c2ec1@group-AD7580110086-FollowerState] INFO  server.RaftServer$Division (RaftServerImpl.java:setRole(290)) - 9bbeae3a-b46f-406a-9a6b-919c321c2ec1@group-AD7580110086: changes role from  FOLLOWER to CANDIDATE at term 3 for changeToCandidate
2022-02-15 15:41:13,555 [9bbeae3a-b46f-406a-9a6b-919c321c2ec1@group-AD7580110086-FollowerState] INFO  server.RaftServerConfigKeys (ConfUtils.java:logGet(44)) - raft.server.leaderelection.pre-vote = false (custom)
2022-02-15 15:41:13,556 [9bbeae3a-b46f-406a-9a6b-919c321c2ec1@group-AD7580110086-FollowerState] INFO  impl.RoleInfo (RoleInfo.java:updateAndGet(130)) - 9bbeae3a-b46f-406a-9a6b-919c321c2ec1: start 9bbeae3a-b46f-406a-9a6b-919c321c2ec1@group-AD7580110086-LeaderElection16
2022-02-15 15:41:13,558 [Listener at 127.0.0.1/45989] INFO  ozone.MiniOzoneClusterImpl (MiniOzoneClusterImpl.java:lambda$waitForClusterToBeReady$0(219)) - Nodes are ready. Got 3 of 3 DN Heartbeats.
2022-02-15 15:41:13,558 [Listener at 127.0.0.1/45989] INFO  ozone.MiniOzoneClusterImpl (MiniOzoneClusterImpl.java:lambda$waitForClusterToBeReady$0(222)) - Waiting for cluster to exit safe mode
2022-02-15 15:41:13,558 [Listener at 127.0.0.1/45989] INFO  ozone.MiniOzoneClusterImpl (MiniOzoneClusterImpl.java:lambda$waitForClusterToBeReady$0(224)) - SCM became leader
2022-02-15 15:41:13,560 [9bbeae3a-b46f-406a-9a6b-919c321c2ec1@group-AD7580110086-LeaderElection16] INFO  impl.LeaderElection (LeaderElection.java:askForVotes(306)) - 9bbeae3a-b46f-406a-9a6b-919c321c2ec1@group-AD7580110086-LeaderElection16 ELECTION round 0: submit vote requests at term 4 for -1: [fe4054d4-403e-4002-87e9-5f399980050f|rpc:10.1.0.67:38959|priority:1, 9bbeae3a-b46f-406a-9a6b-919c321c2ec1|rpc:10.1.0.67:44775|priority:0, e9feab8a-d52e-445d-a1ed-06165537c904|rpc:10.1.0.67:46705|priority:0], old=null
2022-02-15 15:41:13,567 [grpc-default-executor-0] INFO  server.RaftServer$Division (RaftServerImpl.java:requestVote(1046)) - fe4054d4-403e-4002-87e9-5f399980050f@group-AD7580110086: receive requestVote(ELECTION, 9bbeae3a-b46f-406a-9a6b-919c321c2ec1, group-AD7580110086, 4, (t:0, i:0))
2022-02-15 15:41:13,567 [grpc-default-executor-0] INFO  impl.VoteContext (VoteContext.java:log(48)) - fe4054d4-403e-4002-87e9-5f399980050f@group-AD7580110086-FOLLOWER: reject ELECTION from 9bbeae3a-b46f-406a-9a6b-919c321c2ec1: our priority 1 > candidate's priority 0
2022-02-15 15:41:13,567 [grpc-default-executor-0] INFO  server.RaftServer$Division (RaftServerImpl.java:setRole(290)) - fe4054d4-403e-4002-87e9-5f399980050f@group-AD7580110086: changes role from  FOLLOWER to FOLLOWER at term 4 for candidate:9bbeae3a-b46f-406a-9a6b-919c321c2ec1
2022-02-15 15:41:13,567 [grpc-default-executor-0] INFO  impl.RoleInfo (RoleInfo.java:shutdownFollowerState(108)) - fe4054d4-403e-4002-87e9-5f399980050f: shutdown fe4054d4-403e-4002-87e9-5f399980050f@group-AD7580110086-FollowerState
2022-02-15 15:41:13,567 [grpc-default-executor-0] INFO  impl.RoleInfo (RoleInfo.java:updateAndGet(130)) - fe4054d4-403e-4002-87e9-5f399980050f: start fe4054d4-403e-4002-87e9-5f399980050f@group-AD7580110086-FollowerState
2022-02-15 15:41:13,567 [fe4054d4-403e-4002-87e9-5f399980050f@group-AD7580110086-FollowerState] INFO  impl.FollowerState (FollowerState.java:run(143)) - fe4054d4-403e-4002-87e9-5f399980050f@group-AD7580110086-FollowerState was interrupted: {}
java.lang.InterruptedException: sleep interrupted
	at java.lang.Thread.sleep(Native Method)
	at java.lang.Thread.sleep(Thread.java:340)
	at java.util.concurrent.TimeUnit.sleep(TimeUnit.java:386)
	at org.apache.ratis.util.TimeDuration.sleep(TimeDuration.java:324)
	at org.apache.ratis.util.TimeDuration.sleep(TimeDuration.java:309)
	at org.apache.ratis.server.impl.FollowerState.run(FollowerState.java:118)
2022-02-15 15:41:13,577 [grpc-default-executor-0] INFO  server.RaftServer$Division (RaftServerImpl.java:requestVote(1078)) - fe4054d4-403e-4002-87e9-5f399980050f@group-AD7580110086 replies to ELECTION vote request: 9bbeae3a-b46f-406a-9a6b-919c321c2ec1<-fe4054d4-403e-4002-87e9-5f399980050f#0:FAIL-t4. Peer's state: fe4054d4-403e-4002-87e9-5f399980050f@group-AD7580110086:t4, leader=null, voted=null, raftlog=fe4054d4-403e-4002-87e9-5f399980050f@group-AD7580110086-SegmentedRaftLog:OPENED:c-1, conf=-1: [fe4054d4-403e-4002-87e9-5f399980050f|rpc:10.1.0.67:38959|priority:1, 9bbeae3a-b46f-406a-9a6b-919c321c2ec1|rpc:10.1.0.67:44775|priority:0, e9feab8a-d52e-445d-a1ed-06165537c904|rpc:10.1.0.67:46705|priority:0], old=null
2022-02-15 15:41:13,584 [9bbeae3a-b46f-406a-9a6b-919c321c2ec1@group-AD7580110086-LeaderElection16] INFO  impl.LeaderElection (LeaderElection.java:logAndReturn(89)) - 9bbeae3a-b46f-406a-9a6b-919c321c2ec1@group-AD7580110086-LeaderElection16: ELECTION REJECTED received 1 response(s) and 0 exception(s):
2022-02-15 15:41:13,584 [9bbeae3a-b46f-406a-9a6b-919c321c2ec1@group-AD7580110086-LeaderElection16] INFO  impl.LeaderElection (LeaderElection.java:logAndReturn(93)) -   Response 0: 9bbeae3a-b46f-406a-9a6b-919c321c2ec1<-fe4054d4-403e-4002-87e9-5f399980050f#0:FAIL-t4
2022-02-15 15:41:13,584 [9bbeae3a-b46f-406a-9a6b-919c321c2ec1@group-AD7580110086-LeaderElection16] INFO  impl.LeaderElection (LeaderElection.java:askForVotes(308)) - 9bbeae3a-b46f-406a-9a6b-919c321c2ec1@group-AD7580110086-LeaderElection16 ELECTION round 0: result REJECTED
2022-02-15 15:41:13,584 [9bbeae3a-b46f-406a-9a6b-919c321c2ec1@group-AD7580110086-LeaderElection16] INFO  server.RaftServer$Division (RaftServerImpl.java:setRole(290)) - 9bbeae3a-b46f-406a-9a6b-919c321c2ec1@group-AD7580110086: changes role from CANDIDATE to FOLLOWER at term 4 for REJECTED
2022-02-15 15:41:13,584 [9bbeae3a-b46f-406a-9a6b-919c321c2ec1@group-AD7580110086-LeaderElection16] INFO  impl.RoleInfo (RoleInfo.java:shutdownLeaderElection(121)) - 9bbeae3a-b46f-406a-9a6b-919c321c2ec1: shutdown 9bbeae3a-b46f-406a-9a6b-919c321c2ec1@group-AD7580110086-LeaderElection16
2022-02-15 15:41:13,584 [9bbeae3a-b46f-406a-9a6b-919c321c2ec1@group-AD7580110086-LeaderElection16] INFO  impl.RoleInfo (RoleInfo.java:updateAndGet(130)) - 9bbeae3a-b46f-406a-9a6b-919c321c2ec1: start 9bbeae3a-b46f-406a-9a6b-919c321c2ec1@group-AD7580110086-FollowerState
2022-02-15 15:41:13,593 [grpc-default-executor-0] INFO  server.RaftServer$Division (RaftServerImpl.java:requestVote(1046)) - e9feab8a-d52e-445d-a1ed-06165537c904@group-AD7580110086: receive requestVote(ELECTION, 9bbeae3a-b46f-406a-9a6b-919c321c2ec1, group-AD7580110086, 4, (t:0, i:0))
2022-02-15 15:41:13,593 [grpc-default-executor-0] INFO  impl.VoteContext (VoteContext.java:log(48)) - e9feab8a-d52e-445d-a1ed-06165537c904@group-AD7580110086-FOLLOWER: accept ELECTION from 9bbeae3a-b46f-406a-9a6b-919c321c2ec1: our priority 0 <= candidate's priority 0
2022-02-15 15:41:13,594 [grpc-default-executor-0] INFO  server.RaftServer$Division (RaftServerImpl.java:setRole(290)) - e9feab8a-d52e-445d-a1ed-06165537c904@group-AD7580110086: changes role from  FOLLOWER to FOLLOWER at term 4 for candidate:9bbeae3a-b46f-406a-9a6b-919c321c2ec1
2022-02-15 15:41:13,594 [grpc-default-executor-0] INFO  impl.RoleInfo (RoleInfo.java:shutdownFollowerState(108)) - e9feab8a-d52e-445d-a1ed-06165537c904: shutdown e9feab8a-d52e-445d-a1ed-06165537c904@group-AD7580110086-FollowerState
2022-02-15 15:41:13,594 [grpc-default-executor-0] INFO  impl.RoleInfo (RoleInfo.java:updateAndGet(130)) - e9feab8a-d52e-445d-a1ed-06165537c904: start e9feab8a-d52e-445d-a1ed-06165537c904@group-AD7580110086-FollowerState
2022-02-15 15:41:13,594 [e9feab8a-d52e-445d-a1ed-06165537c904@group-AD7580110086-FollowerState] INFO  impl.FollowerState (FollowerState.java:run(143)) - e9feab8a-d52e-445d-a1ed-06165537c904@group-AD7580110086-FollowerState was interrupted: {}
java.lang.InterruptedException: sleep interrupted
	at java.lang.Thread.sleep(Native Method)
	at java.lang.Thread.sleep(Thread.java:340)
	at java.util.concurrent.TimeUnit.sleep(TimeUnit.java:386)
	at org.apache.ratis.util.TimeDuration.sleep(TimeDuration.java:324)
	at org.apache.ratis.util.TimeDuration.sleep(TimeDuration.java:309)
	at org.apache.ratis.server.impl.FollowerState.run(FollowerState.java:118)
2022-02-15 15:41:13,596 [grpc-default-executor-0] INFO  server.RaftServer$Division (RaftServerImpl.java:requestVote(1078)) - e9feab8a-d52e-445d-a1ed-06165537c904@group-AD7580110086 replies to ELECTION vote request: 9bbeae3a-b46f-406a-9a6b-919c321c2ec1<-e9feab8a-d52e-445d-a1ed-06165537c904#0:OK-t4. Peer's state: e9feab8a-d52e-445d-a1ed-06165537c904@group-AD7580110086:t4, leader=null, voted=9bbeae3a-b46f-406a-9a6b-919c321c2ec1, raftlog=e9feab8a-d52e-445d-a1ed-06165537c904@group-AD7580110086-SegmentedRaftLog:OPENED:c-1, conf=-1: [fe4054d4-403e-4002-87e9-5f399980050f|rpc:10.1.0.67:38959|priority:1, 9bbeae3a-b46f-406a-9a6b-919c321c2ec1|rpc:10.1.0.67:44775|priority:0, e9feab8a-d52e-445d-a1ed-06165537c904|rpc:10.1.0.67:46705|priority:0], old=null
2022-02-15 15:41:14,559 [Listener at 127.0.0.1/45989] INFO  ozone.MiniOzoneClusterImpl (MiniOzoneClusterImpl.java:lambda$waitForClusterToBeReady$0(219)) - Nodes are ready. Got 3 of 3 DN Heartbeats.
2022-02-15 15:41:14,559 [Listener at 127.0.0.1/45989] INFO  ozone.MiniOzoneClusterImpl (MiniOzoneClusterImpl.java:lambda$waitForClusterToBeReady$0(222)) - Waiting for cluster to exit safe mode
2022-02-15 15:41:14,559 [Listener at 127.0.0.1/45989] INFO  ozone.MiniOzoneClusterImpl (MiniOzoneClusterImpl.java:lambda$waitForClusterToBeReady$0(224)) - SCM became leader
2022-02-15 15:41:15,559 [Listener at 127.0.0.1/45989] INFO  ozone.MiniOzoneClusterImpl (MiniOzoneClusterImpl.java:lambda$waitForClusterToBeReady$0(219)) - Nodes are ready. Got 3 of 3 DN Heartbeats.
2022-02-15 15:41:15,560 [Listener at 127.0.0.1/45989] INFO  ozone.MiniOzoneClusterImpl (MiniOzoneClusterImpl.java:lambda$waitForClusterToBeReady$0(222)) - Waiting for cluster to exit safe mode
2022-02-15 15:41:15,560 [Listener at 127.0.0.1/45989] INFO  ozone.MiniOzoneClusterImpl (MiniOzoneClusterImpl.java:lambda$waitForClusterToBeReady$0(224)) - SCM became leader
2022-02-15 15:41:16,560 [Listener at 127.0.0.1/45989] INFO  ozone.MiniOzoneClusterImpl (MiniOzoneClusterImpl.java:lambda$waitForClusterToBeReady$0(219)) - Nodes are ready. Got 3 of 3 DN Heartbeats.
2022-02-15 15:41:16,560 [Listener at 127.0.0.1/45989] INFO  ozone.MiniOzoneClusterImpl (MiniOzoneClusterImpl.java:lambda$waitForClusterToBeReady$0(222)) - Waiting for cluster to exit safe mode
2022-02-15 15:41:16,560 [Listener at 127.0.0.1/45989] INFO  ozone.MiniOzoneClusterImpl (MiniOzoneClusterImpl.java:lambda$waitForClusterToBeReady$0(224)) - SCM became leader
2022-02-15 15:41:17,561 [Listener at 127.0.0.1/45989] INFO  ozone.MiniOzoneClusterImpl (MiniOzoneClusterImpl.java:lambda$waitForClusterToBeReady$0(219)) - Nodes are ready. Got 3 of 3 DN Heartbeats.
2022-02-15 15:41:17,561 [Listener at 127.0.0.1/45989] INFO  ozone.MiniOzoneClusterImpl (MiniOzoneClusterImpl.java:lambda$waitForClusterToBeReady$0(222)) - Waiting for cluster to exit safe mode
2022-02-15 15:41:17,561 [Listener at 127.0.0.1/45989] INFO  ozone.MiniOzoneClusterImpl (MiniOzoneClusterImpl.java:lambda$waitForClusterToBeReady$0(224)) - SCM became leader
2022-02-15 15:41:18,561 [Listener at 127.0.0.1/45989] INFO  ozone.MiniOzoneClusterImpl (MiniOzoneClusterImpl.java:lambda$waitForClusterToBeReady$0(219)) - Nodes are ready. Got 3 of 3 DN Heartbeats.
2022-02-15 15:41:18,562 [Listener at 127.0.0.1/45989] INFO  ozone.MiniOzoneClusterImpl (MiniOzoneClusterImpl.java:lambda$waitForClusterToBeReady$0(222)) - Waiting for cluster to exit safe mode
2022-02-15 15:41:18,562 [Listener at 127.0.0.1/45989] INFO  ozone.MiniOzoneClusterImpl (MiniOzoneClusterImpl.java:lambda$waitForClusterToBeReady$0(224)) - SCM became leader
2022-02-15 15:41:18,669 [9bbeae3a-b46f-406a-9a6b-919c321c2ec1@group-AD7580110086-FollowerState] INFO  impl.FollowerState (FollowerState.java:run(134)) - 9bbeae3a-b46f-406a-9a6b-919c321c2ec1@group-AD7580110086-FollowerState: change to CANDIDATE, lastRpcElapsedTime:5084540194ns, electionTimeout:5071ms
2022-02-15 15:41:18,670 [9bbeae3a-b46f-406a-9a6b-919c321c2ec1@group-AD7580110086-FollowerState] INFO  impl.RoleInfo (RoleInfo.java:shutdownFollowerState(108)) - 9bbeae3a-b46f-406a-9a6b-919c321c2ec1: shutdown 9bbeae3a-b46f-406a-9a6b-919c321c2ec1@group-AD7580110086-FollowerState
2022-02-15 15:41:18,670 [9bbeae3a-b46f-406a-9a6b-919c321c2ec1@group-AD7580110086-FollowerState] INFO  server.RaftServer$Division (RaftServerImpl.java:setRole(290)) - 9bbeae3a-b46f-406a-9a6b-919c321c2ec1@group-AD7580110086: changes role from  FOLLOWER to CANDIDATE at term 4 for changeToCandidate
2022-02-15 15:41:18,670 [9bbeae3a-b46f-406a-9a6b-919c321c2ec1@group-AD7580110086-FollowerState] INFO  server.RaftServerConfigKeys (ConfUtils.java:logGet(44)) - raft.server.leaderelection.pre-vote = false (custom)
2022-02-15 15:41:18,670 [9bbeae3a-b46f-406a-9a6b-919c321c2ec1@group-AD7580110086-FollowerState] INFO  impl.RoleInfo (RoleInfo.java:updateAndGet(130)) - 9bbeae3a-b46f-406a-9a6b-919c321c2ec1: start 9bbeae3a-b46f-406a-9a6b-919c321c2ec1@group-AD7580110086-LeaderElection17
2022-02-15 15:41:18,678 [9bbeae3a-b46f-406a-9a6b-919c321c2ec1@group-AD7580110086-LeaderElection17] INFO  impl.LeaderElection (LeaderElection.java:askForVotes(306)) - 9bbeae3a-b46f-406a-9a6b-919c321c2ec1@group-AD7580110086-LeaderElection17 ELECTION round 0: submit vote requests at term 5 for -1: [fe4054d4-403e-4002-87e9-5f399980050f|rpc:10.1.0.67:38959|priority:1, 9bbeae3a-b46f-406a-9a6b-919c321c2ec1|rpc:10.1.0.67:44775|priority:0, e9feab8a-d52e-445d-a1ed-06165537c904|rpc:10.1.0.67:46705|priority:0], old=null
2022-02-15 15:41:18,687 [grpc-default-executor-0] INFO  server.RaftServer$Division (RaftServerImpl.java:requestVote(1046)) - fe4054d4-403e-4002-87e9-5f399980050f@group-AD7580110086: receive requestVote(ELECTION, 9bbeae3a-b46f-406a-9a6b-919c321c2ec1, group-AD7580110086, 5, (t:0, i:0))
2022-02-15 15:41:18,687 [grpc-default-executor-0] INFO  impl.VoteContext (VoteContext.java:log(48)) - fe4054d4-403e-4002-87e9-5f399980050f@group-AD7580110086-FOLLOWER: reject ELECTION from 9bbeae3a-b46f-406a-9a6b-919c321c2ec1: our priority 1 > candidate's priority 0
2022-02-15 15:41:18,687 [grpc-default-executor-0] INFO  server.RaftServer$Division (RaftServerImpl.java:setRole(290)) - fe4054d4-403e-4002-87e9-5f399980050f@group-AD7580110086: changes role from  FOLLOWER to FOLLOWER at term 5 for candidate:9bbeae3a-b46f-406a-9a6b-919c321c2ec1
2022-02-15 15:41:18,687 [grpc-default-executor-0] INFO  impl.RoleInfo (RoleInfo.java:shutdownFollowerState(108)) - fe4054d4-403e-4002-87e9-5f399980050f: shutdown fe4054d4-403e-4002-87e9-5f399980050f@group-AD7580110086-FollowerState
2022-02-15 15:41:18,687 [grpc-default-executor-0] INFO  impl.RoleInfo (RoleInfo.java:updateAndGet(130)) - fe4054d4-403e-4002-87e9-5f399980050f: start fe4054d4-403e-4002-87e9-5f399980050f@group-AD7580110086-FollowerState
2022-02-15 15:41:18,687 [fe4054d4-403e-4002-87e9-5f399980050f@group-AD7580110086-FollowerState] INFO  impl.FollowerState (FollowerState.java:run(143)) - fe4054d4-403e-4002-87e9-5f399980050f@group-AD7580110086-FollowerState was interrupted: {}
java.lang.InterruptedException: sleep interrupted
	at java.lang.Thread.sleep(Native Method)
	at java.lang.Thread.sleep(Thread.java:340)
	at java.util.concurrent.TimeUnit.sleep(TimeUnit.java:386)
	at org.apache.ratis.util.TimeDuration.sleep(TimeDuration.java:324)
	at org.apache.ratis.util.TimeDuration.sleep(TimeDuration.java:309)
	at org.apache.ratis.server.impl.FollowerState.run(FollowerState.java:118)
2022-02-15 15:41:18,693 [grpc-default-executor-2] INFO  server.RaftServer$Division (RaftServerImpl.java:requestVote(1046)) - e9feab8a-d52e-445d-a1ed-06165537c904@group-AD7580110086: receive requestVote(ELECTION, 9bbeae3a-b46f-406a-9a6b-919c321c2ec1, group-AD7580110086, 5, (t:0, i:0))
2022-02-15 15:41:18,693 [grpc-default-executor-0] INFO  server.RaftServer$Division (RaftServerImpl.java:requestVote(1078)) - fe4054d4-403e-4002-87e9-5f399980050f@group-AD7580110086 replies to ELECTION vote request: 9bbeae3a-b46f-406a-9a6b-919c321c2ec1<-fe4054d4-403e-4002-87e9-5f399980050f#0:FAIL-t5. Peer's state: fe4054d4-403e-4002-87e9-5f399980050f@group-AD7580110086:t5, leader=null, voted=null, raftlog=fe4054d4-403e-4002-87e9-5f399980050f@group-AD7580110086-SegmentedRaftLog:OPENED:c-1, conf=-1: [fe4054d4-403e-4002-87e9-5f399980050f|rpc:10.1.0.67:38959|priority:1, 9bbeae3a-b46f-406a-9a6b-919c321c2ec1|rpc:10.1.0.67:44775|priority:0, e9feab8a-d52e-445d-a1ed-06165537c904|rpc:10.1.0.67:46705|priority:0], old=null
2022-02-15 15:41:18,693 [grpc-default-executor-2] INFO  impl.VoteContext (VoteContext.java:log(48)) - e9feab8a-d52e-445d-a1ed-06165537c904@group-AD7580110086-FOLLOWER: accept ELECTION from 9bbeae3a-b46f-406a-9a6b-919c321c2ec1: our priority 0 <= candidate's priority 0
2022-02-15 15:41:18,693 [grpc-default-executor-2] INFO  server.RaftServer$Division (RaftServerImpl.java:setRole(290)) - e9feab8a-d52e-445d-a1ed-06165537c904@group-AD7580110086: changes role from  FOLLOWER to FOLLOWER at term 5 for candidate:9bbeae3a-b46f-406a-9a6b-919c321c2ec1
2022-02-15 15:41:18,693 [grpc-default-executor-2] INFO  impl.RoleInfo (RoleInfo.java:shutdownFollowerState(108)) - e9feab8a-d52e-445d-a1ed-06165537c904: shutdown e9feab8a-d52e-445d-a1ed-06165537c904@group-AD7580110086-FollowerState
2022-02-15 15:41:18,693 [grpc-default-executor-2] INFO  impl.RoleInfo (RoleInfo.java:updateAndGet(130)) - e9feab8a-d52e-445d-a1ed-06165537c904: start e9feab8a-d52e-445d-a1ed-06165537c904@group-AD7580110086-FollowerState
2022-02-15 15:41:18,693 [e9feab8a-d52e-445d-a1ed-06165537c904@group-AD7580110086-FollowerState] INFO  impl.FollowerState (FollowerState.java:run(143)) - e9feab8a-d52e-445d-a1ed-06165537c904@group-AD7580110086-FollowerState was interrupted: {}
java.lang.InterruptedException: sleep interrupted
	at java.lang.Thread.sleep(Native Method)
	at java.lang.Thread.sleep(Thread.java:340)
	at java.util.concurrent.TimeUnit.sleep(TimeUnit.java:386)
	at org.apache.ratis.util.TimeDuration.sleep(TimeDuration.java:324)
	at org.apache.ratis.util.TimeDuration.sleep(TimeDuration.java:309)
	at org.apache.ratis.server.impl.FollowerState.run(FollowerState.java:118)
2022-02-15 15:41:18,696 [grpc-default-executor-2] INFO  server.RaftServer$Division (RaftServerImpl.java:requestVote(1078)) - e9feab8a-d52e-445d-a1ed-06165537c904@group-AD7580110086 replies to ELECTION vote request: 9bbeae3a-b46f-406a-9a6b-919c321c2ec1<-e9feab8a-d52e-445d-a1ed-06165537c904#0:OK-t5. Peer's state: e9feab8a-d52e-445d-a1ed-06165537c904@group-AD7580110086:t5, leader=null, voted=9bbeae3a-b46f-406a-9a6b-919c321c2ec1, raftlog=e9feab8a-d52e-445d-a1ed-06165537c904@group-AD7580110086-SegmentedRaftLog:OPENED:c-1, conf=-1: [fe4054d4-403e-4002-87e9-5f399980050f|rpc:10.1.0.67:38959|priority:1, 9bbeae3a-b46f-406a-9a6b-919c321c2ec1|rpc:10.1.0.67:44775|priority:0, e9feab8a-d52e-445d-a1ed-06165537c904|rpc:10.1.0.67:46705|priority:0], old=null
2022-02-15 15:41:18,699 [9bbeae3a-b46f-406a-9a6b-919c321c2ec1@group-AD7580110086-LeaderElection17] INFO  impl.LeaderElection (LeaderElection.java:logAndReturn(89)) - 9bbeae3a-b46f-406a-9a6b-919c321c2ec1@group-AD7580110086-LeaderElection17: ELECTION REJECTED received 2 response(s) and 0 exception(s):
2022-02-15 15:41:18,699 [9bbeae3a-b46f-406a-9a6b-919c321c2ec1@group-AD7580110086-LeaderElection17] INFO  impl.LeaderElection (LeaderElection.java:logAndReturn(93)) -   Response 0: 9bbeae3a-b46f-406a-9a6b-919c321c2ec1<-fe4054d4-403e-4002-87e9-5f399980050f#0:FAIL-t5
2022-02-15 15:41:18,699 [9bbeae3a-b46f-406a-9a6b-919c321c2ec1@group-AD7580110086-LeaderElection17] INFO  impl.LeaderElection (LeaderElection.java:logAndReturn(93)) -   Response 1: 9bbeae3a-b46f-406a-9a6b-919c321c2ec1<-e9feab8a-d52e-445d-a1ed-06165537c904#0:OK-t5
2022-02-15 15:41:18,699 [9bbeae3a-b46f-406a-9a6b-919c321c2ec1@group-AD7580110086-LeaderElection17] INFO  impl.LeaderElection (LeaderElection.java:askForVotes(308)) - 9bbeae3a-b46f-406a-9a6b-919c321c2ec1@group-AD7580110086-LeaderElection17 ELECTION round 0: result REJECTED
2022-02-15 15:41:18,699 [9bbeae3a-b46f-406a-9a6b-919c321c2ec1@group-AD7580110086-LeaderElection17] INFO  server.RaftServer$Division (RaftServerImpl.java:setRole(290)) - 9bbeae3a-b46f-406a-9a6b-919c321c2ec1@group-AD7580110086: changes role from CANDIDATE to FOLLOWER at term 5 for REJECTED
2022-02-15 15:41:18,699 [9bbeae3a-b46f-406a-9a6b-919c321c2ec1@group-AD7580110086-LeaderElection17] INFO  impl.RoleInfo (RoleInfo.java:shutdownLeaderElection(121)) - 9bbeae3a-b46f-406a-9a6b-919c321c2ec1: shutdown 9bbeae3a-b46f-406a-9a6b-919c321c2ec1@group-AD7580110086-LeaderElection17
2022-02-15 15:41:18,699 [9bbeae3a-b46f-406a-9a6b-919c321c2ec1@group-AD7580110086-LeaderElection17] INFO  impl.RoleInfo (RoleInfo.java:updateAndGet(130)) - 9bbeae3a-b46f-406a-9a6b-919c321c2ec1: start 9bbeae3a-b46f-406a-9a6b-919c321c2ec1@group-AD7580110086-FollowerState
2022-02-15 15:41:19,562 [Listener at 127.0.0.1/45989] INFO  ozone.MiniOzoneClusterImpl (MiniOzoneClusterImpl.java:lambda$waitForClusterToBeReady$0(219)) - Nodes are ready. Got 3 of 3 DN Heartbeats.
2022-02-15 15:41:19,563 [Listener at 127.0.0.1/45989] INFO  ozone.MiniOzoneClusterImpl (MiniOzoneClusterImpl.java:lambda$waitForClusterToBeReady$0(222)) - Waiting for cluster to exit safe mode
2022-02-15 15:41:19,563 [Listener at 127.0.0.1/45989] INFO  ozone.MiniOzoneClusterImpl (MiniOzoneClusterImpl.java:lambda$waitForClusterToBeReady$0(224)) - SCM became leader
2022-02-15 15:41:20,563 [Listener at 127.0.0.1/45989] INFO  ozone.MiniOzoneClusterImpl (MiniOzoneClusterImpl.java:lambda$waitForClusterToBeReady$0(219)) - Nodes are ready. Got 3 of 3 DN Heartbeats.
2022-02-15 15:41:20,564 [Listener at 127.0.0.1/45989] INFO  ozone.MiniOzoneClusterImpl (MiniOzoneClusterImpl.java:lambda$waitForClusterToBeReady$0(222)) - Waiting for cluster to exit safe mode
2022-02-15 15:41:20,564 [Listener at 127.0.0.1/45989] INFO  ozone.MiniOzoneClusterImpl (MiniOzoneClusterImpl.java:lambda$waitForClusterToBeReady$0(224)) - SCM became leader
2022-02-15 15:41:21,564 [Listener at 127.0.0.1/45989] INFO  ozone.MiniOzoneClusterImpl (MiniOzoneClusterImpl.java:lambda$waitForClusterToBeReady$0(219)) - Nodes are ready. Got 3 of 3 DN Heartbeats.
2022-02-15 15:41:21,564 [Listener at 127.0.0.1/45989] INFO  ozone.MiniOzoneClusterImpl (MiniOzoneClusterImpl.java:lambda$waitForClusterToBeReady$0(222)) - Waiting for cluster to exit safe mode
2022-02-15 15:41:21,564 [Listener at 127.0.0.1/45989] INFO  ozone.MiniOzoneClusterImpl (MiniOzoneClusterImpl.java:lambda$waitForClusterToBeReady$0(224)) - SCM became leader
2022-02-15 15:41:22,564 [Listener at 127.0.0.1/45989] INFO  ozone.MiniOzoneClusterImpl (MiniOzoneClusterImpl.java:lambda$waitForClusterToBeReady$0(219)) - Nodes are ready. Got 3 of 3 DN Heartbeats.
2022-02-15 15:41:22,565 [Listener at 127.0.0.1/45989] INFO  ozone.MiniOzoneClusterImpl (MiniOzoneClusterImpl.java:lambda$waitForClusterToBeReady$0(222)) - Waiting for cluster to exit safe mode
2022-02-15 15:41:22,565 [Listener at 127.0.0.1/45989] INFO  ozone.MiniOzoneClusterImpl (MiniOzoneClusterImpl.java:lambda$waitForClusterToBeReady$0(224)) - SCM became leader
2022-02-15 15:41:23,565 [Listener at 127.0.0.1/45989] INFO  ozone.MiniOzoneClusterImpl (MiniOzoneClusterImpl.java:lambda$waitForClusterToBeReady$0(219)) - Nodes are ready. Got 3 of 3 DN Heartbeats.
2022-02-15 15:41:23,565 [Listener at 127.0.0.1/45989] INFO  ozone.MiniOzoneClusterImpl (MiniOzoneClusterImpl.java:lambda$waitForClusterToBeReady$0(222)) - Waiting for cluster to exit safe mode
2022-02-15 15:41:23,565 [Listener at 127.0.0.1/45989] INFO  ozone.MiniOzoneClusterImpl (MiniOzoneClusterImpl.java:lambda$waitForClusterToBeReady$0(224)) - SCM became leader
2022-02-15 15:41:23,710 [e9feab8a-d52e-445d-a1ed-06165537c904@group-AD7580110086-FollowerState] INFO  impl.FollowerState (FollowerState.java:run(134)) - e9feab8a-d52e-445d-a1ed-06165537c904@group-AD7580110086-FollowerState: change to CANDIDATE, lastRpcElapsedTime:5014193542ns, electionTimeout:5012ms
2022-02-15 15:41:23,711 [e9feab8a-d52e-445d-a1ed-06165537c904@group-AD7580110086-FollowerState] INFO  impl.RoleInfo (RoleInfo.java:shutdownFollowerState(108)) - e9feab8a-d52e-445d-a1ed-06165537c904: shutdown e9feab8a-d52e-445d-a1ed-06165537c904@group-AD7580110086-FollowerState
2022-02-15 15:41:23,711 [e9feab8a-d52e-445d-a1ed-06165537c904@group-AD7580110086-FollowerState] INFO  server.RaftServer$Division (RaftServerImpl.java:setRole(290)) - e9feab8a-d52e-445d-a1ed-06165537c904@group-AD7580110086: changes role from  FOLLOWER to CANDIDATE at term 5 for changeToCandidate
2022-02-15 15:41:23,711 [e9feab8a-d52e-445d-a1ed-06165537c904@group-AD7580110086-FollowerState] INFO  server.RaftServerConfigKeys (ConfUtils.java:logGet(44)) - raft.server.leaderelection.pre-vote = false (custom)
2022-02-15 15:41:23,711 [e9feab8a-d52e-445d-a1ed-06165537c904@group-AD7580110086-FollowerState] INFO  impl.RoleInfo (RoleInfo.java:updateAndGet(130)) - e9feab8a-d52e-445d-a1ed-06165537c904: start e9feab8a-d52e-445d-a1ed-06165537c904@group-AD7580110086-LeaderElection18
2022-02-15 15:41:23,718 [e9feab8a-d52e-445d-a1ed-06165537c904@group-AD7580110086-LeaderElection18] INFO  impl.LeaderElection (LeaderElection.java:askForVotes(306)) - e9feab8a-d52e-445d-a1ed-06165537c904@group-AD7580110086-LeaderElection18 ELECTION round 0: submit vote requests at term 6 for -1: [fe4054d4-403e-4002-87e9-5f399980050f|rpc:10.1.0.67:38959|priority:1, 9bbeae3a-b46f-406a-9a6b-919c321c2ec1|rpc:10.1.0.67:44775|priority:0, e9feab8a-d52e-445d-a1ed-06165537c904|rpc:10.1.0.67:46705|priority:0], old=null
2022-02-15 15:41:23,732 [grpc-default-executor-2] INFO  server.RaftServer$Division (RaftServerImpl.java:requestVote(1046)) - fe4054d4-403e-4002-87e9-5f399980050f@group-AD7580110086: receive requestVote(ELECTION, e9feab8a-d52e-445d-a1ed-06165537c904, group-AD7580110086, 6, (t:0, i:0))
2022-02-15 15:41:23,732 [grpc-default-executor-2] INFO  impl.VoteContext (VoteContext.java:log(48)) - fe4054d4-403e-4002-87e9-5f399980050f@group-AD7580110086-FOLLOWER: reject ELECTION from e9feab8a-d52e-445d-a1ed-06165537c904: our priority 1 > candidate's priority 0
2022-02-15 15:41:23,732 [grpc-default-executor-2] INFO  server.RaftServer$Division (RaftServerImpl.java:setRole(290)) - fe4054d4-403e-4002-87e9-5f399980050f@group-AD7580110086: changes role from  FOLLOWER to FOLLOWER at term 6 for candidate:e9feab8a-d52e-445d-a1ed-06165537c904
2022-02-15 15:41:23,732 [grpc-default-executor-2] INFO  impl.RoleInfo (RoleInfo.java:shutdownFollowerState(108)) - fe4054d4-403e-4002-87e9-5f399980050f: shutdown fe4054d4-403e-4002-87e9-5f399980050f@group-AD7580110086-FollowerState
2022-02-15 15:41:23,732 [grpc-default-executor-2] INFO  impl.RoleInfo (RoleInfo.java:updateAndGet(130)) - fe4054d4-403e-4002-87e9-5f399980050f: start fe4054d4-403e-4002-87e9-5f399980050f@group-AD7580110086-FollowerState
2022-02-15 15:41:23,732 [fe4054d4-403e-4002-87e9-5f399980050f@group-AD7580110086-FollowerState] INFO  impl.FollowerState (FollowerState.java:run(143)) - fe4054d4-403e-4002-87e9-5f399980050f@group-AD7580110086-FollowerState was interrupted: {}
java.lang.InterruptedException: sleep interrupted
	at java.lang.Thread.sleep(Native Method)
	at java.lang.Thread.sleep(Thread.java:340)
	at java.util.concurrent.TimeUnit.sleep(TimeUnit.java:386)
	at org.apache.ratis.util.TimeDuration.sleep(TimeDuration.java:324)
	at org.apache.ratis.util.TimeDuration.sleep(TimeDuration.java:309)
	at org.apache.ratis.server.impl.FollowerState.run(FollowerState.java:118)
2022-02-15 15:41:23,734 [grpc-default-executor-2] INFO  server.RaftServer$Division (RaftServerImpl.java:requestVote(1078)) - fe4054d4-403e-4002-87e9-5f399980050f@group-AD7580110086 replies to ELECTION vote request: e9feab8a-d52e-445d-a1ed-06165537c904<-fe4054d4-403e-4002-87e9-5f399980050f#0:FAIL-t6. Peer's state: fe4054d4-403e-4002-87e9-5f399980050f@group-AD7580110086:t6, leader=null, voted=null, raftlog=fe4054d4-403e-4002-87e9-5f399980050f@group-AD7580110086-SegmentedRaftLog:OPENED:c-1, conf=-1: [fe4054d4-403e-4002-87e9-5f399980050f|rpc:10.1.0.67:38959|priority:1, 9bbeae3a-b46f-406a-9a6b-919c321c2ec1|rpc:10.1.0.67:44775|priority:0, e9feab8a-d52e-445d-a1ed-06165537c904|rpc:10.1.0.67:46705|priority:0], old=null
2022-02-15 15:41:23,736 [e9feab8a-d52e-445d-a1ed-06165537c904@group-AD7580110086-LeaderElection18] INFO  impl.LeaderElection (LeaderElection.java:logAndReturn(89)) - e9feab8a-d52e-445d-a1ed-06165537c904@group-AD7580110086-LeaderElection18: ELECTION REJECTED received 1 response(s) and 0 exception(s):
2022-02-15 15:41:23,736 [e9feab8a-d52e-445d-a1ed-06165537c904@group-AD7580110086-LeaderElection18] INFO  impl.LeaderElection (LeaderElection.java:logAndReturn(93)) -   Response 0: e9feab8a-d52e-445d-a1ed-06165537c904<-fe4054d4-403e-4002-87e9-5f399980050f#0:FAIL-t6
2022-02-15 15:41:23,736 [e9feab8a-d52e-445d-a1ed-06165537c904@group-AD7580110086-LeaderElection18] INFO  impl.LeaderElection (LeaderElection.java:askForVotes(308)) - e9feab8a-d52e-445d-a1ed-06165537c904@group-AD7580110086-LeaderElection18 ELECTION round 0: result REJECTED
2022-02-15 15:41:23,736 [e9feab8a-d52e-445d-a1ed-06165537c904@group-AD7580110086-LeaderElection18] INFO  server.RaftServer$Division (RaftServerImpl.java:setRole(290)) - e9feab8a-d52e-445d-a1ed-06165537c904@group-AD7580110086: changes role from CANDIDATE to FOLLOWER at term 6 for REJECTED
2022-02-15 15:41:23,736 [e9feab8a-d52e-445d-a1ed-06165537c904@group-AD7580110086-LeaderElection18] INFO  impl.RoleInfo (RoleInfo.java:shutdownLeaderElection(121)) - e9feab8a-d52e-445d-a1ed-06165537c904: shutdown e9feab8a-d52e-445d-a1ed-06165537c904@group-AD7580110086-LeaderElection18
2022-02-15 15:41:23,736 [e9feab8a-d52e-445d-a1ed-06165537c904@group-AD7580110086-LeaderElection18] INFO  impl.RoleInfo (RoleInfo.java:updateAndGet(130)) - e9feab8a-d52e-445d-a1ed-06165537c904: start e9feab8a-d52e-445d-a1ed-06165537c904@group-AD7580110086-FollowerState
2022-02-15 15:41:23,740 [grpc-default-executor-2] INFO  server.RaftServer$Division (RaftServerImpl.java:requestVote(1046)) - 9bbeae3a-b46f-406a-9a6b-919c321c2ec1@group-AD7580110086: receive requestVote(ELECTION, e9feab8a-d52e-445d-a1ed-06165537c904, group-AD7580110086, 6, (t:0, i:0))
2022-02-15 15:41:23,741 [grpc-default-executor-2] INFO  impl.VoteContext (VoteContext.java:log(48)) - 9bbeae3a-b46f-406a-9a6b-919c321c2ec1@group-AD7580110086-FOLLOWER: accept ELECTION from e9feab8a-d52e-445d-a1ed-06165537c904: our priority 0 <= candidate's priority 0
2022-02-15 15:41:23,741 [grpc-default-executor-2] INFO  server.RaftServer$Division (RaftServerImpl.java:setRole(290)) - 9bbeae3a-b46f-406a-9a6b-919c321c2ec1@group-AD7580110086: changes role from  FOLLOWER to FOLLOWER at term 6 for candidate:e9feab8a-d52e-445d-a1ed-06165537c904
2022-02-15 15:41:23,741 [grpc-default-executor-2] INFO  impl.RoleInfo (RoleInfo.java:shutdownFollowerState(108)) - 9bbeae3a-b46f-406a-9a6b-919c321c2ec1: shutdown 9bbeae3a-b46f-406a-9a6b-919c321c2ec1@group-AD7580110086-FollowerState
2022-02-15 15:41:23,741 [grpc-default-executor-2] INFO  impl.RoleInfo (RoleInfo.java:updateAndGet(130)) - 9bbeae3a-b46f-406a-9a6b-919c321c2ec1: start 9bbeae3a-b46f-406a-9a6b-919c321c2ec1@group-AD7580110086-FollowerState
2022-02-15 15:41:23,741 [9bbeae3a-b46f-406a-9a6b-919c321c2ec1@group-AD7580110086-FollowerState] INFO  impl.FollowerState (FollowerState.java:run(143)) - 9bbeae3a-b46f-406a-9a6b-919c321c2ec1@group-AD7580110086-FollowerState was interrupted: {}
java.lang.InterruptedException: sleep interrupted
	at java.lang.Thread.sleep(Native Method)
	at java.lang.Thread.sleep(Thread.java:340)
	at java.util.concurrent.TimeUnit.sleep(TimeUnit.java:386)
	at org.apache.ratis.util.TimeDuration.sleep(TimeDuration.java:324)
	at org.apache.ratis.util.TimeDuration.sleep(TimeDuration.java:309)
	at org.apache.ratis.server.impl.FollowerState.run(FollowerState.java:118)
2022-02-15 15:41:23,750 [grpc-default-executor-2] INFO  server.RaftServer$Division (RaftServerImpl.java:requestVote(1078)) - 9bbeae3a-b46f-406a-9a6b-919c321c2ec1@group-AD7580110086 replies to ELECTION vote request: e9feab8a-d52e-445d-a1ed-06165537c904<-9bbeae3a-b46f-406a-9a6b-919c321c2ec1#0:OK-t6. Peer's state: 9bbeae3a-b46f-406a-9a6b-919c321c2ec1@group-AD7580110086:t6, leader=null, voted=e9feab8a-d52e-445d-a1ed-06165537c904, raftlog=9bbeae3a-b46f-406a-9a6b-919c321c2ec1@group-AD7580110086-SegmentedRaftLog:OPENED:c-1, conf=-1: [fe4054d4-403e-4002-87e9-5f399980050f|rpc:10.1.0.67:38959|priority:1, 9bbeae3a-b46f-406a-9a6b-919c321c2ec1|rpc:10.1.0.67:44775|priority:0, e9feab8a-d52e-445d-a1ed-06165537c904|rpc:10.1.0.67:46705|priority:0], old=null
2022-02-15 15:41:24,566 [Listener at 127.0.0.1/45989] INFO  ozone.MiniOzoneClusterImpl (MiniOzoneClusterImpl.java:lambda$waitForClusterToBeReady$0(219)) - Nodes are ready. Got 3 of 3 DN Heartbeats.
2022-02-15 15:41:24,566 [Listener at 127.0.0.1/45989] INFO  ozone.MiniOzoneClusterImpl (MiniOzoneClusterImpl.java:lambda$waitForClusterToBeReady$0(222)) - Waiting for cluster to exit safe mode
2022-02-15 15:41:24,566 [Listener at 127.0.0.1/45989] INFO  ozone.MiniOzoneClusterImpl (MiniOzoneClusterImpl.java:lambda$waitForClusterToBeReady$0(224)) - SCM became leader
2022-02-15 15:41:25,566 [Listener at 127.0.0.1/45989] INFO  ozone.MiniOzoneClusterImpl (MiniOzoneClusterImpl.java:lambda$waitForClusterToBeReady$0(219)) - Nodes are ready. Got 3 of 3 DN Heartbeats.
2022-02-15 15:41:25,567 [Listener at 127.0.0.1/45989] INFO  ozone.MiniOzoneClusterImpl (MiniOzoneClusterImpl.java:lambda$waitForClusterToBeReady$0(222)) - Waiting for cluster to exit safe mode
2022-02-15 15:41:25,567 [Listener at 127.0.0.1/45989] INFO  ozone.MiniOzoneClusterImpl (MiniOzoneClusterImpl.java:lambda$waitForClusterToBeReady$0(224)) - SCM became leader
2022-02-15 15:41:26,567 [Listener at 127.0.0.1/45989] INFO  ozone.MiniOzoneClusterImpl (MiniOzoneClusterImpl.java:lambda$waitForClusterToBeReady$0(219)) - Nodes are ready. Got 3 of 3 DN Heartbeats.
2022-02-15 15:41:26,567 [Listener at 127.0.0.1/45989] INFO  ozone.MiniOzoneClusterImpl (MiniOzoneClusterImpl.java:lambda$waitForClusterToBeReady$0(222)) - Waiting for cluster to exit safe mode
2022-02-15 15:41:26,567 [Listener at 127.0.0.1/45989] INFO  ozone.MiniOzoneClusterImpl (MiniOzoneClusterImpl.java:lambda$waitForClusterToBeReady$0(224)) - SCM became leader
2022-02-15 15:41:27,568 [Listener at 127.0.0.1/45989] INFO  ozone.MiniOzoneClusterImpl (MiniOzoneClusterImpl.java:lambda$waitForClusterToBeReady$0(219)) - Nodes are ready. Got 3 of 3 DN Heartbeats.
2022-02-15 15:41:27,568 [Listener at 127.0.0.1/45989] INFO  ozone.MiniOzoneClusterImpl (MiniOzoneClusterImpl.java:lambda$waitForClusterToBeReady$0(222)) - Waiting for cluster to exit safe mode
2022-02-15 15:41:27,568 [Listener at 127.0.0.1/45989] INFO  ozone.MiniOzoneClusterImpl (MiniOzoneClusterImpl.java:lambda$waitForClusterToBeReady$0(224)) - SCM became leader
2022-02-15 15:41:28,568 [Listener at 127.0.0.1/45989] INFO  ozone.MiniOzoneClusterImpl (MiniOzoneClusterImpl.java:lambda$waitForClusterToBeReady$0(219)) - Nodes are ready. Got 3 of 3 DN Heartbeats.
2022-02-15 15:41:28,568 [Listener at 127.0.0.1/45989] INFO  ozone.MiniOzoneClusterImpl (MiniOzoneClusterImpl.java:lambda$waitForClusterToBeReady$0(222)) - Waiting for cluster to exit safe mode
2022-02-15 15:41:28,569 [Listener at 127.0.0.1/45989] INFO  ozone.MiniOzoneClusterImpl (MiniOzoneClusterImpl.java:lambda$waitForClusterToBeReady$0(224)) - SCM became leader
2022-02-15 15:41:28,788 [e9feab8a-d52e-445d-a1ed-06165537c904@group-AD7580110086-FollowerState] INFO  impl.FollowerState (FollowerState.java:run(134)) - e9feab8a-d52e-445d-a1ed-06165537c904@group-AD7580110086-FollowerState: change to CANDIDATE, lastRpcElapsedTime:5051792454ns, electionTimeout:5049ms
2022-02-15 15:41:28,789 [e9feab8a-d52e-445d-a1ed-06165537c904@group-AD7580110086-FollowerState] INFO  impl.RoleInfo (RoleInfo.java:shutdownFollowerState(108)) - e9feab8a-d52e-445d-a1ed-06165537c904: shutdown e9feab8a-d52e-445d-a1ed-06165537c904@group-AD7580110086-FollowerState
2022-02-15 15:41:28,789 [e9feab8a-d52e-445d-a1ed-06165537c904@group-AD7580110086-FollowerState] INFO  server.RaftServer$Division (RaftServerImpl.java:setRole(290)) - e9feab8a-d52e-445d-a1ed-06165537c904@group-AD7580110086: changes role from  FOLLOWER to CANDIDATE at term 6 for changeToCandidate
2022-02-15 15:41:28,789 [e9feab8a-d52e-445d-a1ed-06165537c904@group-AD7580110086-FollowerState] INFO  server.RaftServerConfigKeys (ConfUtils.java:logGet(44)) - raft.server.leaderelection.pre-vote = false (custom)
2022-02-15 15:41:28,789 [e9feab8a-d52e-445d-a1ed-06165537c904@group-AD7580110086-FollowerState] INFO  impl.RoleInfo (RoleInfo.java:updateAndGet(130)) - e9feab8a-d52e-445d-a1ed-06165537c904: start e9feab8a-d52e-445d-a1ed-06165537c904@group-AD7580110086-LeaderElection19
2022-02-15 15:41:28,797 [e9feab8a-d52e-445d-a1ed-06165537c904@group-AD7580110086-LeaderElection19] INFO  impl.LeaderElection (LeaderElection.java:askForVotes(306)) - e9feab8a-d52e-445d-a1ed-06165537c904@group-AD7580110086-LeaderElection19 ELECTION round 0: submit vote requests at term 7 for -1: [fe4054d4-403e-4002-87e9-5f399980050f|rpc:10.1.0.67:38959|priority:1, 9bbeae3a-b46f-406a-9a6b-919c321c2ec1|rpc:10.1.0.67:44775|priority:0, e9feab8a-d52e-445d-a1ed-06165537c904|rpc:10.1.0.67:46705|priority:0], old=null
2022-02-15 15:41:28,808 [grpc-default-executor-2] INFO  server.RaftServer$Division (RaftServerImpl.java:requestVote(1046)) - fe4054d4-403e-4002-87e9-5f399980050f@group-AD7580110086: receive requestVote(ELECTION, e9feab8a-d52e-445d-a1ed-06165537c904, group-AD7580110086, 7, (t:0, i:0))
2022-02-15 15:41:28,808 [grpc-default-executor-2] INFO  impl.VoteContext (VoteContext.java:log(48)) - fe4054d4-403e-4002-87e9-5f399980050f@group-AD7580110086-FOLLOWER: reject ELECTION from e9feab8a-d52e-445d-a1ed-06165537c904: our priority 1 > candidate's priority 0
2022-02-15 15:41:28,808 [grpc-default-executor-2] INFO  server.RaftServer$Division (RaftServerImpl.java:setRole(290)) - fe4054d4-403e-4002-87e9-5f399980050f@group-AD7580110086: changes role from  FOLLOWER to FOLLOWER at term 7 for candidate:e9feab8a-d52e-445d-a1ed-06165537c904
2022-02-15 15:41:28,808 [grpc-default-executor-2] INFO  impl.RoleInfo (RoleInfo.java:shutdownFollowerState(108)) - fe4054d4-403e-4002-87e9-5f399980050f: shutdown fe4054d4-403e-4002-87e9-5f399980050f@group-AD7580110086-FollowerState
2022-02-15 15:41:28,808 [grpc-default-executor-2] INFO  impl.RoleInfo (RoleInfo.java:updateAndGet(130)) - fe4054d4-403e-4002-87e9-5f399980050f: start fe4054d4-403e-4002-87e9-5f399980050f@group-AD7580110086-FollowerState
2022-02-15 15:41:28,808 [fe4054d4-403e-4002-87e9-5f399980050f@group-AD7580110086-FollowerState] INFO  impl.FollowerState (FollowerState.java:run(143)) - fe4054d4-403e-4002-87e9-5f399980050f@group-AD7580110086-FollowerState was interrupted: {}
java.lang.InterruptedException: sleep interrupted
	at java.lang.Thread.sleep(Native Method)
	at java.lang.Thread.sleep(Thread.java:340)
	at java.util.concurrent.TimeUnit.sleep(TimeUnit.java:386)
	at org.apache.ratis.util.TimeDuration.sleep(TimeDuration.java:324)
	at org.apache.ratis.util.TimeDuration.sleep(TimeDuration.java:309)
	at org.apache.ratis.server.impl.FollowerState.run(FollowerState.java:118)
2022-02-15 15:41:28,816 [grpc-default-executor-2] INFO  server.RaftServer$Division (RaftServerImpl.java:requestVote(1078)) - fe4054d4-403e-4002-87e9-5f399980050f@group-AD7580110086 replies to ELECTION vote request: e9feab8a-d52e-445d-a1ed-06165537c904<-fe4054d4-403e-4002-87e9-5f399980050f#0:FAIL-t7. Peer's state: fe4054d4-403e-4002-87e9-5f399980050f@group-AD7580110086:t7, leader=null, voted=null, raftlog=fe4054d4-403e-4002-87e9-5f399980050f@group-AD7580110086-SegmentedRaftLog:OPENED:c-1, conf=-1: [fe4054d4-403e-4002-87e9-5f399980050f|rpc:10.1.0.67:38959|priority:1, 9bbeae3a-b46f-406a-9a6b-919c321c2ec1|rpc:10.1.0.67:44775|priority:0, e9feab8a-d52e-445d-a1ed-06165537c904|rpc:10.1.0.67:46705|priority:0], old=null
2022-02-15 15:41:28,820 [e9feab8a-d52e-445d-a1ed-06165537c904@group-AD7580110086-LeaderElection19] INFO  impl.LeaderElection (LeaderElection.java:logAndReturn(89)) - e9feab8a-d52e-445d-a1ed-06165537c904@group-AD7580110086-LeaderElection19: ELECTION REJECTED received 1 response(s) and 0 exception(s):
2022-02-15 15:41:28,820 [e9feab8a-d52e-445d-a1ed-06165537c904@group-AD7580110086-LeaderElection19] INFO  impl.LeaderElection (LeaderElection.java:logAndReturn(93)) -   Response 0: e9feab8a-d52e-445d-a1ed-06165537c904<-fe4054d4-403e-4002-87e9-5f399980050f#0:FAIL-t7
2022-02-15 15:41:28,820 [grpc-default-executor-2] INFO  server.RaftServer$Division (RaftServerImpl.java:requestVote(1046)) - 9bbeae3a-b46f-406a-9a6b-919c321c2ec1@group-AD7580110086: receive requestVote(ELECTION, e9feab8a-d52e-445d-a1ed-06165537c904, group-AD7580110086, 7, (t:0, i:0))
2022-02-15 15:41:28,821 [grpc-default-executor-2] INFO  impl.VoteContext (VoteContext.java:log(48)) - 9bbeae3a-b46f-406a-9a6b-919c321c2ec1@group-AD7580110086-FOLLOWER: accept ELECTION from e9feab8a-d52e-445d-a1ed-06165537c904: our priority 0 <= candidate's priority 0
2022-02-15 15:41:28,821 [grpc-default-executor-2] INFO  server.RaftServer$Division (RaftServerImpl.java:setRole(290)) - 9bbeae3a-b46f-406a-9a6b-919c321c2ec1@group-AD7580110086: changes role from  FOLLOWER to FOLLOWER at term 7 for candidate:e9feab8a-d52e-445d-a1ed-06165537c904
2022-02-15 15:41:28,821 [grpc-default-executor-2] INFO  impl.RoleInfo (RoleInfo.java:shutdownFollowerState(108)) - 9bbeae3a-b46f-406a-9a6b-919c321c2ec1: shutdown 9bbeae3a-b46f-406a-9a6b-919c321c2ec1@group-AD7580110086-FollowerState
2022-02-15 15:41:28,821 [grpc-default-executor-2] INFO  impl.RoleInfo (RoleInfo.java:updateAndGet(130)) - 9bbeae3a-b46f-406a-9a6b-919c321c2ec1: start 9bbeae3a-b46f-406a-9a6b-919c321c2ec1@group-AD7580110086-FollowerState
2022-02-15 15:41:28,821 [9bbeae3a-b46f-406a-9a6b-919c321c2ec1@group-AD7580110086-FollowerState] INFO  impl.FollowerState (FollowerState.java:run(143)) - 9bbeae3a-b46f-406a-9a6b-919c321c2ec1@group-AD7580110086-FollowerState was interrupted: {}
java.lang.InterruptedException: sleep interrupted
	at java.lang.Thread.sleep(Native Method)
	at java.lang.Thread.sleep(Thread.java:340)
	at java.util.concurrent.TimeUnit.sleep(TimeUnit.java:386)
	at org.apache.ratis.util.TimeDuration.sleep(TimeDuration.java:324)
	at org.apache.ratis.util.TimeDuration.sleep(TimeDuration.java:309)
	at org.apache.ratis.server.impl.FollowerState.run(FollowerState.java:118)
2022-02-15 15:41:28,822 [e9feab8a-d52e-445d-a1ed-06165537c904@group-AD7580110086-LeaderElection19] INFO  impl.LeaderElection (LeaderElection.java:askForVotes(308)) - e9feab8a-d52e-445d-a1ed-06165537c904@group-AD7580110086-LeaderElection19 ELECTION round 0: result REJECTED
2022-02-15 15:41:28,822 [e9feab8a-d52e-445d-a1ed-06165537c904@group-AD7580110086-LeaderElection19] INFO  server.RaftServer$Division (RaftServerImpl.java:setRole(290)) - e9feab8a-d52e-445d-a1ed-06165537c904@group-AD7580110086: changes role from CANDIDATE to FOLLOWER at term 7 for REJECTED
2022-02-15 15:41:28,822 [e9feab8a-d52e-445d-a1ed-06165537c904@group-AD7580110086-LeaderElection19] INFO  impl.RoleInfo (RoleInfo.java:shutdownLeaderElection(121)) - e9feab8a-d52e-445d-a1ed-06165537c904: shutdown e9feab8a-d52e-445d-a1ed-06165537c904@group-AD7580110086-LeaderElection19
2022-02-15 15:41:28,822 [e9feab8a-d52e-445d-a1ed-06165537c904@group-AD7580110086-LeaderElection19] INFO  impl.RoleInfo (RoleInfo.java:updateAndGet(130)) - e9feab8a-d52e-445d-a1ed-06165537c904: start e9feab8a-d52e-445d-a1ed-06165537c904@group-AD7580110086-FollowerState
2022-02-15 15:41:28,822 [grpc-default-executor-2] INFO  server.RaftServer$Division (RaftServerImpl.java:requestVote(1078)) - 9bbeae3a-b46f-406a-9a6b-919c321c2ec1@group-AD7580110086 replies to ELECTION vote request: e9feab8a-d52e-445d-a1ed-06165537c904<-9bbeae3a-b46f-406a-9a6b-919c321c2ec1#0:OK-t7. Peer's state: 9bbeae3a-b46f-406a-9a6b-919c321c2ec1@group-AD7580110086:t7, leader=null, voted=e9feab8a-d52e-445d-a1ed-06165537c904, raftlog=9bbeae3a-b46f-406a-9a6b-919c321c2ec1@group-AD7580110086-SegmentedRaftLog:OPENED:c-1, conf=-1: [fe4054d4-403e-4002-87e9-5f399980050f|rpc:10.1.0.67:38959|priority:1, 9bbeae3a-b46f-406a-9a6b-919c321c2ec1|rpc:10.1.0.67:44775|priority:0, e9feab8a-d52e-445d-a1ed-06165537c904|rpc:10.1.0.67:46705|priority:0], old=null
2022-02-15 15:41:29,569 [Listener at 127.0.0.1/45989] INFO  ozone.MiniOzoneClusterImpl (MiniOzoneClusterImpl.java:lambda$waitForClusterToBeReady$0(219)) - Nodes are ready. Got 3 of 3 DN Heartbeats.
2022-02-15 15:41:29,569 [Listener at 127.0.0.1/45989] INFO  ozone.MiniOzoneClusterImpl (MiniOzoneClusterImpl.java:lambda$waitForClusterToBeReady$0(222)) - Waiting for cluster to exit safe mode
2022-02-15 15:41:29,569 [Listener at 127.0.0.1/45989] INFO  ozone.MiniOzoneClusterImpl (MiniOzoneClusterImpl.java:lambda$waitForClusterToBeReady$0(224)) - SCM became leader
2022-02-15 15:41:30,569 [Listener at 127.0.0.1/45989] INFO  ozone.MiniOzoneClusterImpl (MiniOzoneClusterImpl.java:lambda$waitForClusterToBeReady$0(219)) - Nodes are ready. Got 3 of 3 DN Heartbeats.
2022-02-15 15:41:30,570 [Listener at 127.0.0.1/45989] INFO  ozone.MiniOzoneClusterImpl (MiniOzoneClusterImpl.java:lambda$waitForClusterToBeReady$0(222)) - Waiting for cluster to exit safe mode
2022-02-15 15:41:30,570 [Listener at 127.0.0.1/45989] INFO  ozone.MiniOzoneClusterImpl (MiniOzoneClusterImpl.java:lambda$waitForClusterToBeReady$0(224)) - SCM became leader
2022-02-15 15:41:31,581 [Listener at 127.0.0.1/45989] INFO  ozone.MiniOzoneClusterImpl (MiniOzoneClusterImpl.java:lambda$waitForClusterToBeReady$0(219)) - Nodes are ready. Got 3 of 3 DN Heartbeats.
2022-02-15 15:41:31,581 [Listener at 127.0.0.1/45989] INFO  ozone.MiniOzoneClusterImpl (MiniOzoneClusterImpl.java:lambda$waitForClusterToBeReady$0(222)) - Waiting for cluster to exit safe mode
2022-02-15 15:41:31,581 [Listener at 127.0.0.1/45989] INFO  ozone.MiniOzoneClusterImpl (MiniOzoneClusterImpl.java:lambda$waitForClusterToBeReady$0(224)) - SCM became leader
2022-02-15 15:41:32,581 [Listener at 127.0.0.1/45989] INFO  ozone.MiniOzoneClusterImpl (MiniOzoneClusterImpl.java:lambda$waitForClusterToBeReady$0(219)) - Nodes are ready. Got 3 of 3 DN Heartbeats.
2022-02-15 15:41:32,581 [Listener at 127.0.0.1/45989] INFO  ozone.MiniOzoneClusterImpl (MiniOzoneClusterImpl.java:lambda$waitForClusterToBeReady$0(222)) - Waiting for cluster to exit safe mode
2022-02-15 15:41:32,581 [Listener at 127.0.0.1/45989] INFO  ozone.MiniOzoneClusterImpl (MiniOzoneClusterImpl.java:lambda$waitForClusterToBeReady$0(224)) - SCM became leader
2022-02-15 15:41:32,809 [Time-limited test] INFO  ozone.MiniOzoneClusterImpl (MiniOzoneClusterImpl.java:shutdown(437)) - Shutting down the Mini Ozone Cluster
2022-02-15 15:41:32,810 [Time-limited test] INFO  ozone.MiniOzoneClusterImpl (MiniOzoneClusterImpl.java:stop(452)) - Stopping the Mini Ozone Cluster
2022-02-15 15:41:32,810 [Time-limited test] INFO  ozone.MiniOzoneClusterImpl (MiniOzoneClusterImpl.java:stopOM(534)) - Stopping the OzoneManager
2022-02-15 15:41:32,810 [Time-limited test] INFO  om.OzoneManager (OzoneManager.java:stop(1893)) - om1[localhost:0]: Stopping Ozone Manager
2022-02-15 15:41:32,811 [Time-limited test] INFO  ipc.Server (Server.java:stop(3414)) - Stopping server on 45989
2022-02-15 15:41:32,814 [IPC Server listener on 0] INFO  ipc.Server (Server.java:run(1376)) - Stopping IPC Server listener on 0
2022-02-15 15:41:32,815 [IPC Server Responder] INFO  ipc.Server (Server.java:run(1512)) - Stopping IPC Server Responder
2022-02-15 15:41:32,816 [Time-limited test] INFO  server.RaftServer (RaftServerProxy.java:lambda$close$6(391)) - om1: close
2022-02-15 15:41:32,816 [Time-limited test] INFO  server.RaftServer$Division (RaftServerImpl.java:lambda$close$4(412)) - om1@group-C5BA1605619E: shutdown
2022-02-15 15:41:32,816 [Time-limited test] INFO  util.JmxRegister (JmxRegister.java:unregister(73)) - Successfully un-registered JMX Bean with object name Ratis:service=RaftServer,group=group-C5BA1605619E,id=om1
2022-02-15 15:41:32,817 [Time-limited test] INFO  impl.RoleInfo (RoleInfo.java:shutdownLeaderState(91)) - om1: shutdown om1@group-C5BA1605619E-LeaderStateImpl
2022-02-15 15:41:32,817 [Time-limited test] INFO  impl.PendingRequests (PendingRequests.java:sendNotLeaderResponses(282)) - om1@group-C5BA1605619E-PendingRequests: sendNotLeaderResponses
2022-02-15 15:41:32,817 [om1@group-C5BA1605619E-StateMachineUpdater] INFO  ratis.OzoneManagerStateMachine (OzoneManagerStateMachine.java:takeSnapshot(417)) - Current Snapshot Index (t:1, i:0)
2022-02-15 15:41:32,818 [om1@group-C5BA1605619E-StateMachineUpdater] INFO  impl.StateMachineUpdater (StateMachineUpdater.java:takeSnapshot(281)) - om1@group-C5BA1605619E-StateMachineUpdater: Took a snapshot at index 0
2022-02-15 15:41:32,818 [om1@group-C5BA1605619E-StateMachineUpdater] INFO  impl.StateMachineUpdater (StateMachineUpdater.java:lambda$new$0(89)) - om1@group-C5BA1605619E-StateMachineUpdater: snapshotIndex: updateIncreasingly -1 -> 0
2022-02-15 15:41:32,818 [om1@group-C5BA1605619E-StateMachineUpdater] INFO  ratis.OzoneManagerStateMachine (OzoneManagerStateMachine.java:close(471)) - StateMachine has shutdown. Shutdown OzoneManager if not already shutdown.
2022-02-15 15:41:32,818 [Time-limited test] INFO  impl.StateMachineUpdater (StateMachineUpdater.java:stopAndJoin(149)) - om1@group-C5BA1605619E-StateMachineUpdater: set stopIndex = 0
2022-02-15 15:41:32,818 [Time-limited test] INFO  server.RaftServer$Division (ServerState.java:close(419)) - om1@group-C5BA1605619E: closes. applyIndex: 0
2022-02-15 15:41:32,818 [om1@group-C5BA1605619E-SegmentedRaftLogWorker] INFO  segmented.SegmentedRaftLogWorker (SegmentedRaftLogWorker.java:run(327)) - om1@group-C5BA1605619E-SegmentedRaftLogWorker was interrupted, exiting. There are 0 tasks remaining in the queue.
2022-02-15 15:41:32,820 [Time-limited test] INFO  segmented.SegmentedRaftLogWorker (SegmentedRaftLogWorker.java:close(237)) - om1@group-C5BA1605619E-SegmentedRaftLogWorker close()
2022-02-15 15:41:32,820 [Time-limited test] INFO  server.GrpcService (GrpcService.java:closeImpl(262)) - om1: shutdown server with port 9872 now
2022-02-15 15:41:32,821 [Time-limited test] INFO  server.GrpcService (GrpcService.java:closeImpl(271)) - om1: shutdown server with port 9872 successfully
2022-02-15 15:41:32,821 [org.apache.ratis.util.JvmPauseMonitor$$Lambda$431/1795495935@28aaffcf] INFO  util.JvmPauseMonitor (JvmPauseMonitor.java:run(109)) - JvmPauseMonitor-om1: Stopped
2022-02-15 15:41:32,821 [Time-limited test] INFO  ratis.OzoneManagerDoubleBuffer (OzoneManagerDoubleBuffer.java:stop(437)) - Stopping OMDoubleBuffer flush thread
2022-02-15 15:41:32,821 [OMDoubleBufferFlushThread] INFO  ratis.OzoneManagerDoubleBuffer (OzoneManagerDoubleBuffer.java:flushTransactions(356)) - OMDoubleBuffer flush thread OMDoubleBufferFlushThread is interrupted and will exit. OMDoubleBufferFlushThread
2022-02-15 15:41:32,822 [Time-limited test] INFO  utils.BackgroundService (BackgroundService.java:shutdown(132)) - Shutting down service KeyDeletingService
2022-02-15 15:41:32,822 [Time-limited test] INFO  utils.BackgroundService (BackgroundService.java:shutdown(132)) - Shutting down service DirectoryDeletingService
2022-02-15 15:41:32,824 [Time-limited test] INFO  handler.ContextHandler (ContextHandler.java:doStop(1153)) - Stopped o.e.j.w.WebAppContext@5e328f18{ozoneManager,/,null,STOPPED}{file:/home/runner/work/ozone/ozone/hadoop-ozone/integration-test/target/test-classes/webapps/ozoneManager}
2022-02-15 15:41:32,825 [Time-limited test] INFO  server.AbstractConnector (AbstractConnector.java:doStop(381)) - Stopped ServerConnector@58daae4d{HTTP/1.1, (http/1.1)}{0.0.0.0:0}
2022-02-15 15:41:32,825 [Time-limited test] INFO  server.session (HouseKeeper.java:stopScavenging(149)) - node0 Stopped scavenging
2022-02-15 15:41:32,827 [Time-limited test] INFO  handler.ContextHandler (ContextHandler.java:doStop(1153)) - Stopped o.e.j.s.ServletContextHandler@61ee2eaa{static,/static,file:///home/runner/work/ozone/ozone/hadoop-ozone/integration-test/target/test-classes/webapps/static,STOPPED}
2022-02-15 15:41:32,828 [Time-limited test] INFO  handler.ContextHandler (ContextHandler.java:doStop(1153)) - Stopped o.e.j.s.ServletContextHandler@649ee965{logs,/logs,file:///home/runner/work/ozone/ozone/hadoop-ozone/integration-test/target/log,STOPPED}
2022-02-15 15:41:32,836 [Time-limited test] INFO  ozone.MiniOzoneClusterImpl (MiniOzoneClusterImpl.java:stopDatanodes(511)) - Stopping the HddsDatanodes
2022-02-15 15:41:33,839 [e9feab8a-d52e-445d-a1ed-06165537c904@group-AD7580110086-FollowerState] INFO  impl.FollowerState (FollowerState.java:run(134)) - e9feab8a-d52e-445d-a1ed-06165537c904@group-AD7580110086-FollowerState: change to CANDIDATE, lastRpcElapsedTime:5016510055ns, electionTimeout:5016ms
2022-02-15 15:41:33,839 [e9feab8a-d52e-445d-a1ed-06165537c904@group-AD7580110086-FollowerState] INFO  impl.RoleInfo (RoleInfo.java:shutdownFollowerState(108)) - e9feab8a-d52e-445d-a1ed-06165537c904: shutdown e9feab8a-d52e-445d-a1ed-06165537c904@group-AD7580110086-FollowerState
2022-02-15 15:41:33,839 [e9feab8a-d52e-445d-a1ed-06165537c904@group-AD7580110086-FollowerState] INFO  server.RaftServer$Division (RaftServerImpl.java:setRole(290)) - e9feab8a-d52e-445d-a1ed-06165537c904@group-AD7580110086: changes role from  FOLLOWER to CANDIDATE at term 7 for changeToCandidate
2022-02-15 15:41:33,839 [e9feab8a-d52e-445d-a1ed-06165537c904@group-AD7580110086-FollowerState] INFO  server.RaftServerConfigKeys (ConfUtils.java:logGet(44)) - raft.server.leaderelection.pre-vote = false (custom)
2022-02-15 15:41:33,839 [e9feab8a-d52e-445d-a1ed-06165537c904@group-AD7580110086-FollowerState] INFO  impl.RoleInfo (RoleInfo.java:updateAndGet(130)) - e9feab8a-d52e-445d-a1ed-06165537c904: start e9feab8a-d52e-445d-a1ed-06165537c904@group-AD7580110086-LeaderElection20
2022-02-15 15:41:33,847 [e9feab8a-d52e-445d-a1ed-06165537c904@group-AD7580110086-LeaderElection20] INFO  impl.LeaderElection (LeaderElection.java:askForVotes(306)) - e9feab8a-d52e-445d-a1ed-06165537c904@group-AD7580110086-LeaderElection20 ELECTION round 0: submit vote requests at term 8 for -1: [fe4054d4-403e-4002-87e9-5f399980050f|rpc:10.1.0.67:38959|priority:1, 9bbeae3a-b46f-406a-9a6b-919c321c2ec1|rpc:10.1.0.67:44775|priority:0, e9feab8a-d52e-445d-a1ed-06165537c904|rpc:10.1.0.67:46705|priority:0], old=null
2022-02-15 15:41:33,860 [grpc-default-executor-2] INFO  server.RaftServer$Division (RaftServerImpl.java:requestVote(1046)) - fe4054d4-403e-4002-87e9-5f399980050f@group-AD7580110086: receive requestVote(ELECTION, e9feab8a-d52e-445d-a1ed-06165537c904, group-AD7580110086, 8, (t:0, i:0))
2022-02-15 15:41:33,860 [grpc-default-executor-2] INFO  impl.VoteContext (VoteContext.java:log(48)) - fe4054d4-403e-4002-87e9-5f399980050f@group-AD7580110086-FOLLOWER: reject ELECTION from e9feab8a-d52e-445d-a1ed-06165537c904: our priority 1 > candidate's priority 0
2022-02-15 15:41:33,860 [grpc-default-executor-2] INFO  server.RaftServer$Division (RaftServerImpl.java:setRole(290)) - fe4054d4-403e-4002-87e9-5f399980050f@group-AD7580110086: changes role from  FOLLOWER to FOLLOWER at term 8 for candidate:e9feab8a-d52e-445d-a1ed-06165537c904
2022-02-15 15:41:33,860 [grpc-default-executor-2] INFO  impl.RoleInfo (RoleInfo.java:shutdownFollowerState(108)) - fe4054d4-403e-4002-87e9-5f399980050f: shutdown fe4054d4-403e-4002-87e9-5f399980050f@group-AD7580110086-FollowerState
2022-02-15 15:41:33,860 [grpc-default-executor-2] INFO  impl.RoleInfo (RoleInfo.java:updateAndGet(130)) - fe4054d4-403e-4002-87e9-5f399980050f: start fe4054d4-403e-4002-87e9-5f399980050f@group-AD7580110086-FollowerState
2022-02-15 15:41:33,860 [fe4054d4-403e-4002-87e9-5f399980050f@group-AD7580110086-FollowerState] INFO  impl.FollowerState (FollowerState.java:run(143)) - fe4054d4-403e-4002-87e9-5f399980050f@group-AD7580110086-FollowerState was interrupted: {}
java.lang.InterruptedException: sleep interrupted
	at java.lang.Thread.sleep(Native Method)
	at java.lang.Thread.sleep(Thread.java:340)
	at java.util.concurrent.TimeUnit.sleep(TimeUnit.java:386)
	at org.apache.ratis.util.TimeDuration.sleep(TimeDuration.java:324)
	at org.apache.ratis.util.TimeDuration.sleep(TimeDuration.java:309)
	at org.apache.ratis.server.impl.FollowerState.run(FollowerState.java:118)
2022-02-15 15:41:33,862 [grpc-default-executor-2] INFO  server.RaftServer$Division (RaftServerImpl.java:requestVote(1078)) - fe4054d4-403e-4002-87e9-5f399980050f@group-AD7580110086 replies to ELECTION vote request: e9feab8a-d52e-445d-a1ed-06165537c904<-fe4054d4-403e-4002-87e9-5f399980050f#0:FAIL-t8. Peer's state: fe4054d4-403e-4002-87e9-5f399980050f@group-AD7580110086:t8, leader=null, voted=null, raftlog=fe4054d4-403e-4002-87e9-5f399980050f@group-AD7580110086-SegmentedRaftLog:OPENED:c-1, conf=-1: [fe4054d4-403e-4002-87e9-5f399980050f|rpc:10.1.0.67:38959|priority:1, 9bbeae3a-b46f-406a-9a6b-919c321c2ec1|rpc:10.1.0.67:44775|priority:0, e9feab8a-d52e-445d-a1ed-06165537c904|rpc:10.1.0.67:46705|priority:0], old=null
2022-02-15 15:41:33,864 [e9feab8a-d52e-445d-a1ed-06165537c904@group-AD7580110086-LeaderElection20] INFO  impl.LeaderElection (LeaderElection.java:logAndReturn(89)) - e9feab8a-d52e-445d-a1ed-06165537c904@group-AD7580110086-LeaderElection20: ELECTION REJECTED received 1 response(s) and 0 exception(s):
2022-02-15 15:41:33,864 [e9feab8a-d52e-445d-a1ed-06165537c904@group-AD7580110086-LeaderElection20] INFO  impl.LeaderElection (LeaderElection.java:logAndReturn(93)) -   Response 0: e9feab8a-d52e-445d-a1ed-06165537c904<-fe4054d4-403e-4002-87e9-5f399980050f#0:FAIL-t8
2022-02-15 15:41:33,864 [e9feab8a-d52e-445d-a1ed-06165537c904@group-AD7580110086-LeaderElection20] INFO  impl.LeaderElection (LeaderElection.java:askForVotes(308)) - e9feab8a-d52e-445d-a1ed-06165537c904@group-AD7580110086-LeaderElection20 ELECTION round 0: result REJECTED
2022-02-15 15:41:33,864 [e9feab8a-d52e-445d-a1ed-06165537c904@group-AD7580110086-LeaderElection20] INFO  server.RaftServer$Division (RaftServerImpl.java:setRole(290)) - e9feab8a-d52e-445d-a1ed-06165537c904@group-AD7580110086: changes role from CANDIDATE to FOLLOWER at term 8 for REJECTED
2022-02-15 15:41:33,864 [e9feab8a-d52e-445d-a1ed-06165537c904@group-AD7580110086-LeaderElection20] INFO  impl.RoleInfo (RoleInfo.java:shutdownLeaderElection(121)) - e9feab8a-d52e-445d-a1ed-06165537c904: shutdown e9feab8a-d52e-445d-a1ed-06165537c904@group-AD7580110086-LeaderElection20
2022-02-15 15:41:33,864 [e9feab8a-d52e-445d-a1ed-06165537c904@group-AD7580110086-LeaderElection20] INFO  impl.RoleInfo (RoleInfo.java:updateAndGet(130)) - e9feab8a-d52e-445d-a1ed-06165537c904: start e9feab8a-d52e-445d-a1ed-06165537c904@group-AD7580110086-FollowerState
2022-02-15 15:41:33,868 [grpc-default-executor-2] INFO  server.RaftServer$Division (RaftServerImpl.java:requestVote(1046)) - 9bbeae3a-b46f-406a-9a6b-919c321c2ec1@group-AD7580110086: receive requestVote(ELECTION, e9feab8a-d52e-445d-a1ed-06165537c904, group-AD7580110086, 8, (t:0, i:0))
2022-02-15 15:41:33,868 [grpc-default-executor-2] INFO  impl.VoteContext (VoteContext.java:log(48)) - 9bbeae3a-b46f-406a-9a6b-919c321c2ec1@group-AD7580110086-FOLLOWER: accept ELECTION from e9feab8a-d52e-445d-a1ed-06165537c904: our priority 0 <= candidate's priority 0
2022-02-15 15:41:33,868 [grpc-default-executor-2] INFO  server.RaftServer$Division (RaftServerImpl.java:setRole(290)) - 9bbeae3a-b46f-406a-9a6b-919c321c2ec1@group-AD7580110086: changes role from  FOLLOWER to FOLLOWER at term 8 for candidate:e9feab8a-d52e-445d-a1ed-06165537c904
2022-02-15 15:41:33,868 [grpc-default-executor-2] INFO  impl.RoleInfo (RoleInfo.java:shutdownFollowerState(108)) - 9bbeae3a-b46f-406a-9a6b-919c321c2ec1: shutdown 9bbeae3a-b46f-406a-9a6b-919c321c2ec1@group-AD7580110086-FollowerState
2022-02-15 15:41:33,868 [grpc-default-executor-2] INFO  impl.RoleInfo (RoleInfo.java:updateAndGet(130)) - 9bbeae3a-b46f-406a-9a6b-919c321c2ec1: start 9bbeae3a-b46f-406a-9a6b-919c321c2ec1@group-AD7580110086-FollowerState
2022-02-15 15:41:33,869 [9bbeae3a-b46f-406a-9a6b-919c321c2ec1@group-AD7580110086-FollowerState] INFO  impl.FollowerState (FollowerState.java:run(143)) - 9bbeae3a-b46f-406a-9a6b-919c321c2ec1@group-AD7580110086-FollowerState was interrupted: {}
java.lang.InterruptedException: sleep interrupted
	at java.lang.Thread.sleep(Native Method)
	at java.lang.Thread.sleep(Thread.java:340)
	at java.util.concurrent.TimeUnit.sleep(TimeUnit.java:386)
	at org.apache.ratis.util.TimeDuration.sleep(TimeDuration.java:324)
	at org.apache.ratis.util.TimeDuration.sleep(TimeDuration.java:309)
	at org.apache.ratis.server.impl.FollowerState.run(FollowerState.java:118)
2022-02-15 15:41:33,874 [grpc-default-executor-2] INFO  server.RaftServer$Division (RaftServerImpl.java:requestVote(1078)) - 9bbeae3a-b46f-406a-9a6b-919c321c2ec1@group-AD7580110086 replies to ELECTION vote request: e9feab8a-d52e-445d-a1ed-06165537c904<-9bbeae3a-b46f-406a-9a6b-919c321c2ec1#0:OK-t8. Peer's state: 9bbeae3a-b46f-406a-9a6b-919c321c2ec1@group-AD7580110086:t8, leader=null, voted=e9feab8a-d52e-445d-a1ed-06165537c904, raftlog=9bbeae3a-b46f-406a-9a6b-919c321c2ec1@group-AD7580110086-SegmentedRaftLog:OPENED:c-1, conf=-1: [fe4054d4-403e-4002-87e9-5f399980050f|rpc:10.1.0.67:38959|priority:1, 9bbeae3a-b46f-406a-9a6b-919c321c2ec1|rpc:10.1.0.67:44775|priority:0, e9feab8a-d52e-445d-a1ed-06165537c904|rpc:10.1.0.67:46705|priority:0], old=null
2022-02-15 15:41:37,843 [Time-limited test] INFO  ozoneimpl.OzoneContainer (OzoneContainer.java:stop(336)) - Attempting to stop container services.
2022-02-15 15:41:37,843 [ForkJoinPool.commonPool-worker-1] INFO  ozoneimpl.OzoneContainer (OzoneContainer.java:stop(336)) - Attempting to stop container services.
2022-02-15 15:41:37,845 [Time-limited test] INFO  server.RaftServer (RaftServerProxy.java:lambda$close$6(391)) - 9bbeae3a-b46f-406a-9a6b-919c321c2ec1: close
2022-02-15 15:41:37,845 [Time-limited test] INFO  server.RaftServer$Division (RaftServerImpl.java:lambda$close$4(412)) - 9bbeae3a-b46f-406a-9a6b-919c321c2ec1@group-4FC56212EF51: shutdown
2022-02-15 15:41:37,845 [Time-limited test] INFO  util.JmxRegister (JmxRegister.java:unregister(73)) - Successfully un-registered JMX Bean with object name Ratis:service=RaftServer,group=group-4FC56212EF51,id=9bbeae3a-b46f-406a-9a6b-919c321c2ec1
2022-02-15 15:41:37,845 [Time-limited test] INFO  impl.RoleInfo (RoleInfo.java:shutdownLeaderState(91)) - 9bbeae3a-b46f-406a-9a6b-919c321c2ec1: shutdown 9bbeae3a-b46f-406a-9a6b-919c321c2ec1@group-4FC56212EF51-LeaderStateImpl
2022-02-15 15:41:37,845 [Time-limited test] INFO  impl.PendingRequests (PendingRequests.java:sendNotLeaderResponses(282)) - 9bbeae3a-b46f-406a-9a6b-919c321c2ec1@group-4FC56212EF51-PendingRequests: sendNotLeaderResponses
2022-02-15 15:41:37,847 [ForkJoinPool.commonPool-worker-1] INFO  server.RaftServer (RaftServerProxy.java:lambda$close$6(391)) - e9feab8a-d52e-445d-a1ed-06165537c904: close
2022-02-15 15:41:37,847 [ForkJoinPool.commonPool-worker-1] INFO  server.RaftServer$Division (RaftServerImpl.java:lambda$close$4(412)) - e9feab8a-d52e-445d-a1ed-06165537c904@group-67C7C3BC071C: shutdown
2022-02-15 15:41:37,847 [ForkJoinPool.commonPool-worker-1] INFO  util.JmxRegister (JmxRegister.java:unregister(73)) - Successfully un-registered JMX Bean with object name Ratis:service=RaftServer,group=group-67C7C3BC071C,id=e9feab8a-d52e-445d-a1ed-06165537c904
2022-02-15 15:41:37,847 [ForkJoinPool.commonPool-worker-1] INFO  impl.RoleInfo (RoleInfo.java:shutdownLeaderState(91)) - e9feab8a-d52e-445d-a1ed-06165537c904: shutdown e9feab8a-d52e-445d-a1ed-06165537c904@group-67C7C3BC071C-LeaderStateImpl
2022-02-15 15:41:37,847 [ForkJoinPool.commonPool-worker-1] INFO  impl.PendingRequests (PendingRequests.java:sendNotLeaderResponses(282)) - e9feab8a-d52e-445d-a1ed-06165537c904@group-67C7C3BC071C-PendingRequests: sendNotLeaderResponses
2022-02-15 15:41:37,848 [ForkJoinPool.commonPool-worker-1] INFO  impl.StateMachineUpdater (StateMachineUpdater.java:stopAndJoin(149)) - e9feab8a-d52e-445d-a1ed-06165537c904@group-67C7C3BC071C-StateMachineUpdater: set stopIndex = 0
2022-02-15 15:41:37,848 [e9feab8a-d52e-445d-a1ed-06165537c904@group-67C7C3BC071C-StateMachineUpdater] INFO  ratis.ContainerStateMachine (ContainerStateMachine.java:takeSnapshot(299)) - group-67C7C3BC071C: Taking a snapshot at:(t:1, i:0) file /home/runner/work/ozone/ozone/hadoop-ozone/integration-test/target/test-dir/MiniOzoneClusterImpl-53bdd20c-eac6-4b45-944c-4408c9f6695f/datanode-0/data/ratis/e3727e12-e5b8-492e-b772-67c7c3bc071c/sm/snapshot.1_0
2022-02-15 15:41:37,852 [9bbeae3a-b46f-406a-9a6b-919c321c2ec1@group-4FC56212EF51-StateMachineUpdater] INFO  ratis.ContainerStateMachine (ContainerStateMachine.java:takeSnapshot(299)) - group-4FC56212EF51: Taking a snapshot at:(t:1, i:0) file /home/runner/work/ozone/ozone/hadoop-ozone/integration-test/target/test-dir/MiniOzoneClusterImpl-53bdd20c-eac6-4b45-944c-4408c9f6695f/datanode-1/data/ratis/71e8459c-aaca-495e-9ab4-4fc56212ef51/sm/snapshot.1_0
2022-02-15 15:41:37,852 [Time-limited test] INFO  impl.StateMachineUpdater (StateMachineUpdater.java:stopAndJoin(149)) - 9bbeae3a-b46f-406a-9a6b-919c321c2ec1@group-4FC56212EF51-StateMachineUpdater: set stopIndex = 0
2022-02-15 15:41:37,904 [e9feab8a-d52e-445d-a1ed-06165537c904@group-67C7C3BC071C-StateMachineUpdater] INFO  ratis.ContainerStateMachine (ContainerStateMachine.java:takeSnapshot(310)) - group-67C7C3BC071C: Finished taking a snapshot at:(t:1, i:0) file:/home/runner/work/ozone/ozone/hadoop-ozone/integration-test/target/test-dir/MiniOzoneClusterImpl-53bdd20c-eac6-4b45-944c-4408c9f6695f/datanode-0/data/ratis/e3727e12-e5b8-492e-b772-67c7c3bc071c/sm/snapshot.1_0 took: 56 ms
2022-02-15 15:41:37,906 [e9feab8a-d52e-445d-a1ed-06165537c904@group-67C7C3BC071C-StateMachineUpdater] INFO  impl.StateMachineUpdater (StateMachineUpdater.java:takeSnapshot(281)) - e9feab8a-d52e-445d-a1ed-06165537c904@group-67C7C3BC071C-StateMachineUpdater: Took a snapshot at index 0
2022-02-15 15:41:37,906 [e9feab8a-d52e-445d-a1ed-06165537c904@group-67C7C3BC071C-StateMachineUpdater] INFO  impl.StateMachineUpdater (StateMachineUpdater.java:lambda$new$0(89)) - e9feab8a-d52e-445d-a1ed-06165537c904@group-67C7C3BC071C-StateMachineUpdater: snapshotIndex: updateIncreasingly -1 -> 0
2022-02-15 15:41:37,906 [9bbeae3a-b46f-406a-9a6b-919c321c2ec1@group-4FC56212EF51-StateMachineUpdater] INFO  ratis.ContainerStateMachine (ContainerStateMachine.java:takeSnapshot(310)) - group-4FC56212EF51: Finished taking a snapshot at:(t:1, i:0) file:/home/runner/work/ozone/ozone/hadoop-ozone/integration-test/target/test-dir/MiniOzoneClusterImpl-53bdd20c-eac6-4b45-944c-4408c9f6695f/datanode-1/data/ratis/71e8459c-aaca-495e-9ab4-4fc56212ef51/sm/snapshot.1_0 took: 54 ms
2022-02-15 15:41:37,916 [9bbeae3a-b46f-406a-9a6b-919c321c2ec1@group-4FC56212EF51-StateMachineUpdater] INFO  impl.StateMachineUpdater (StateMachineUpdater.java:takeSnapshot(281)) - 9bbeae3a-b46f-406a-9a6b-919c321c2ec1@group-4FC56212EF51-StateMachineUpdater: Took a snapshot at index 0
2022-02-15 15:41:37,916 [9bbeae3a-b46f-406a-9a6b-919c321c2ec1@group-4FC56212EF51-StateMachineUpdater] INFO  impl.StateMachineUpdater (StateMachineUpdater.java:lambda$new$0(89)) - 9bbeae3a-b46f-406a-9a6b-919c321c2ec1@group-4FC56212EF51-StateMachineUpdater: snapshotIndex: updateIncreasingly -1 -> 0
2022-02-15 15:41:37,916 [Time-limited test] INFO  server.RaftServer$Division (ServerState.java:close(419)) - 9bbeae3a-b46f-406a-9a6b-919c321c2ec1@group-4FC56212EF51: closes. applyIndex: 0
2022-02-15 15:41:37,916 [9bbeae3a-b46f-406a-9a6b-919c321c2ec1@group-4FC56212EF51-SegmentedRaftLogWorker] INFO  segmented.SegmentedRaftLogWorker (SegmentedRaftLogWorker.java:run(327)) - 9bbeae3a-b46f-406a-9a6b-919c321c2ec1@group-4FC56212EF51-SegmentedRaftLogWorker was interrupted, exiting. There are 0 tasks remaining in the queue.
2022-02-15 15:41:37,917 [ForkJoinPool.commonPool-worker-1] INFO  server.RaftServer$Division (ServerState.java:close(419)) - e9feab8a-d52e-445d-a1ed-06165537c904@group-67C7C3BC071C: closes. applyIndex: 0
2022-02-15 15:41:37,917 [Time-limited test] INFO  segmented.SegmentedRaftLogWorker (SegmentedRaftLogWorker.java:close(237)) - 9bbeae3a-b46f-406a-9a6b-919c321c2ec1@group-4FC56212EF51-SegmentedRaftLogWorker close()
2022-02-15 15:41:37,918 [e9feab8a-d52e-445d-a1ed-06165537c904@group-67C7C3BC071C-SegmentedRaftLogWorker] INFO  segmented.SegmentedRaftLogWorker (SegmentedRaftLogWorker.java:run(327)) - e9feab8a-d52e-445d-a1ed-06165537c904@group-67C7C3BC071C-SegmentedRaftLogWorker was interrupted, exiting. There are 0 tasks remaining in the queue.
2022-02-15 15:41:37,919 [ForkJoinPool.commonPool-worker-1] INFO  segmented.SegmentedRaftLogWorker (SegmentedRaftLogWorker.java:close(237)) - e9feab8a-d52e-445d-a1ed-06165537c904@group-67C7C3BC071C-SegmentedRaftLogWorker close()
2022-02-15 15:41:37,919 [Time-limited test] INFO  server.RaftServer$Division (RaftServerImpl.java:lambda$close$4(412)) - 9bbeae3a-b46f-406a-9a6b-919c321c2ec1@group-AD7580110086: shutdown
2022-02-15 15:41:37,919 [Time-limited test] INFO  util.JmxRegister (JmxRegister.java:unregister(73)) - Successfully un-registered JMX Bean with object name Ratis:service=RaftServer,group=group-AD7580110086,id=9bbeae3a-b46f-406a-9a6b-919c321c2ec1
2022-02-15 15:41:37,920 [Time-limited test] INFO  impl.RoleInfo (RoleInfo.java:shutdownFollowerState(108)) - 9bbeae3a-b46f-406a-9a6b-919c321c2ec1: shutdown 9bbeae3a-b46f-406a-9a6b-919c321c2ec1@group-AD7580110086-FollowerState
2022-02-15 15:41:37,920 [Time-limited test] INFO  impl.StateMachineUpdater (StateMachineUpdater.java:stopAndJoin(149)) - 9bbeae3a-b46f-406a-9a6b-919c321c2ec1@group-AD7580110086-StateMachineUpdater: set stopIndex = -1
2022-02-15 15:41:37,920 [9bbeae3a-b46f-406a-9a6b-919c321c2ec1@group-AD7580110086-FollowerState] INFO  impl.FollowerState (FollowerState.java:run(143)) - 9bbeae3a-b46f-406a-9a6b-919c321c2ec1@group-AD7580110086-FollowerState was interrupted: {}
java.lang.InterruptedException: sleep interrupted
	at java.lang.Thread.sleep(Native Method)
	at java.lang.Thread.sleep(Thread.java:340)
	at java.util.concurrent.TimeUnit.sleep(TimeUnit.java:386)
	at org.apache.ratis.util.TimeDuration.sleep(TimeDuration.java:324)
	at org.apache.ratis.util.TimeDuration.sleep(TimeDuration.java:309)
	at org.apache.ratis.server.impl.FollowerState.run(FollowerState.java:118)
2022-02-15 15:41:37,921 [Time-limited test] INFO  server.RaftServer$Division (ServerState.java:close(419)) - 9bbeae3a-b46f-406a-9a6b-919c321c2ec1@group-AD7580110086: closes. applyIndex: -1
2022-02-15 15:41:37,921 [9bbeae3a-b46f-406a-9a6b-919c321c2ec1@group-AD7580110086-SegmentedRaftLogWorker] INFO  segmented.SegmentedRaftLogWorker (SegmentedRaftLogWorker.java:run(327)) - 9bbeae3a-b46f-406a-9a6b-919c321c2ec1@group-AD7580110086-SegmentedRaftLogWorker was interrupted, exiting. There are 0 tasks remaining in the queue.
2022-02-15 15:41:37,922 [ForkJoinPool.commonPool-worker-1] INFO  server.RaftServer$Division (RaftServerImpl.java:lambda$close$4(412)) - e9feab8a-d52e-445d-a1ed-06165537c904@group-AD7580110086: shutdown
2022-02-15 15:41:37,922 [ForkJoinPool.commonPool-worker-1] INFO  util.JmxRegister (JmxRegister.java:unregister(73)) - Successfully un-registered JMX Bean with object name Ratis:service=RaftServer,group=group-AD7580110086,id=e9feab8a-d52e-445d-a1ed-06165537c904
2022-02-15 15:41:37,922 [ForkJoinPool.commonPool-worker-1] INFO  impl.RoleInfo (RoleInfo.java:shutdownFollowerState(108)) - e9feab8a-d52e-445d-a1ed-06165537c904: shutdown e9feab8a-d52e-445d-a1ed-06165537c904@group-AD7580110086-FollowerState
2022-02-15 15:41:37,922 [ForkJoinPool.commonPool-worker-1] INFO  impl.StateMachineUpdater (StateMachineUpdater.java:stopAndJoin(149)) - e9feab8a-d52e-445d-a1ed-06165537c904@group-AD7580110086-StateMachineUpdater: set stopIndex = -1
2022-02-15 15:41:37,922 [e9feab8a-d52e-445d-a1ed-06165537c904@group-AD7580110086-FollowerState] INFO  impl.FollowerState (FollowerState.java:run(143)) - e9feab8a-d52e-445d-a1ed-06165537c904@group-AD7580110086-FollowerState was interrupted: {}
java.lang.InterruptedException: sleep interrupted
	at java.lang.Thread.sleep(Native Method)
	at java.lang.Thread.sleep(Thread.java:340)
	at java.util.concurrent.TimeUnit.sleep(TimeUnit.java:386)
	at org.apache.ratis.util.TimeDuration.sleep(TimeDuration.java:324)
	at org.apache.ratis.util.TimeDuration.sleep(TimeDuration.java:309)
	at org.apache.ratis.server.impl.FollowerState.run(FollowerState.java:118)
2022-02-15 15:41:37,923 [ForkJoinPool.commonPool-worker-1] INFO  server.RaftServer$Division (ServerState.java:close(419)) - e9feab8a-d52e-445d-a1ed-06165537c904@group-AD7580110086: closes. applyIndex: -1
2022-02-15 15:41:37,923 [e9feab8a-d52e-445d-a1ed-06165537c904@group-AD7580110086-SegmentedRaftLogWorker] INFO  segmented.SegmentedRaftLogWorker (SegmentedRaftLogWorker.java:run(327)) - e9feab8a-d52e-445d-a1ed-06165537c904@group-AD7580110086-SegmentedRaftLogWorker was interrupted, exiting. There are 0 tasks remaining in the queue.
2022-02-15 15:41:37,923 [ForkJoinPool.commonPool-worker-1] INFO  segmented.SegmentedRaftLogWorker (SegmentedRaftLogWorker.java:close(237)) - e9feab8a-d52e-445d-a1ed-06165537c904@group-AD7580110086-SegmentedRaftLogWorker close()
2022-02-15 15:41:37,923 [Time-limited test] INFO  segmented.SegmentedRaftLogWorker (SegmentedRaftLogWorker.java:close(237)) - 9bbeae3a-b46f-406a-9a6b-919c321c2ec1@group-AD7580110086-SegmentedRaftLogWorker close()
2022-02-15 15:41:37,924 [ForkJoinPool.commonPool-worker-1] INFO  server.GrpcService (GrpcService.java:closeImpl(262)) - e9feab8a-d52e-445d-a1ed-06165537c904: shutdown server with port 46705 now
2022-02-15 15:41:37,927 [Time-limited test] INFO  server.GrpcService (GrpcService.java:closeImpl(262)) - 9bbeae3a-b46f-406a-9a6b-919c321c2ec1: shutdown server with port 44775 now
2022-02-15 15:41:37,933 [Time-limited test] INFO  server.GrpcService (GrpcService.java:closeImpl(271)) - 9bbeae3a-b46f-406a-9a6b-919c321c2ec1: shutdown server with port 44775 successfully
2022-02-15 15:41:37,934 [org.apache.ratis.util.JvmPauseMonitor$$Lambda$431/1795495935@150103af] INFO  util.JvmPauseMonitor (JvmPauseMonitor.java:run(109)) - JvmPauseMonitor-9bbeae3a-b46f-406a-9a6b-919c321c2ec1: Stopped
2022-02-15 15:41:37,941 [ForkJoinPool.commonPool-worker-1] INFO  server.GrpcService (GrpcService.java:closeImpl(271)) - e9feab8a-d52e-445d-a1ed-06165537c904: shutdown server with port 46705 successfully
2022-02-15 15:41:37,941 [org.apache.ratis.util.JvmPauseMonitor$$Lambda$431/1795495935@704d30bf] INFO  util.JvmPauseMonitor (JvmPauseMonitor.java:run(109)) - JvmPauseMonitor-e9feab8a-d52e-445d-a1ed-06165537c904: Stopped
2022-02-15 15:41:38,866 [fe4054d4-403e-4002-87e9-5f399980050f@group-AD7580110086-FollowerState] INFO  impl.FollowerState (FollowerState.java:run(134)) - fe4054d4-403e-4002-87e9-5f399980050f@group-AD7580110086-FollowerState: change to CANDIDATE, lastRpcElapsedTime:5006048505ns, electionTimeout:5001ms
2022-02-15 15:41:38,867 [fe4054d4-403e-4002-87e9-5f399980050f@group-AD7580110086-FollowerState] INFO  impl.RoleInfo (RoleInfo.java:shutdownFollowerState(108)) - fe4054d4-403e-4002-87e9-5f399980050f: shutdown fe4054d4-403e-4002-87e9-5f399980050f@group-AD7580110086-FollowerState
2022-02-15 15:41:38,867 [fe4054d4-403e-4002-87e9-5f399980050f@group-AD7580110086-FollowerState] INFO  server.RaftServer$Division (RaftServerImpl.java:setRole(290)) - fe4054d4-403e-4002-87e9-5f399980050f@group-AD7580110086: changes role from  FOLLOWER to CANDIDATE at term 8 for changeToCandidate
2022-02-15 15:41:38,867 [fe4054d4-403e-4002-87e9-5f399980050f@group-AD7580110086-FollowerState] INFO  server.RaftServerConfigKeys (ConfUtils.java:logGet(44)) - raft.server.leaderelection.pre-vote = false (custom)
2022-02-15 15:41:38,867 [fe4054d4-403e-4002-87e9-5f399980050f@group-AD7580110086-FollowerState] INFO  impl.RoleInfo (RoleInfo.java:updateAndGet(130)) - fe4054d4-403e-4002-87e9-5f399980050f: start fe4054d4-403e-4002-87e9-5f399980050f@group-AD7580110086-LeaderElection21
2022-02-15 15:41:38,870 [fe4054d4-403e-4002-87e9-5f399980050f@group-AD7580110086-LeaderElection21] INFO  impl.LeaderElection (LeaderElection.java:askForVotes(306)) - fe4054d4-403e-4002-87e9-5f399980050f@group-AD7580110086-LeaderElection21 ELECTION round 0: submit vote requests at term 9 for -1: [fe4054d4-403e-4002-87e9-5f399980050f|rpc:10.1.0.67:38959|priority:1, 9bbeae3a-b46f-406a-9a6b-919c321c2ec1|rpc:10.1.0.67:44775|priority:0, e9feab8a-d52e-445d-a1ed-06165537c904|rpc:10.1.0.67:46705|priority:0], old=null
2022-02-15 15:41:38,894 [fe4054d4-403e-4002-87e9-5f399980050f@group-AD7580110086-LeaderElection21] INFO  impl.LeaderElection (LogUtils.java:infoOrTrace(137)) - fe4054d4-403e-4002-87e9-5f399980050f@group-AD7580110086-LeaderElection21 got exception when requesting votes: java.util.concurrent.ExecutionException: org.apache.ratis.thirdparty.io.grpc.StatusRuntimeException: UNAVAILABLE: io exception
2022-02-15 15:41:38,895 [fe4054d4-403e-4002-87e9-5f399980050f@group-AD7580110086-LeaderElection21] INFO  impl.LeaderElection (LogUtils.java:infoOrTrace(137)) - fe4054d4-403e-4002-87e9-5f399980050f@group-AD7580110086-LeaderElection21 got exception when requesting votes: java.util.concurrent.ExecutionException: org.apache.ratis.thirdparty.io.grpc.StatusRuntimeException: UNAVAILABLE: io exception
2022-02-15 15:41:38,895 [fe4054d4-403e-4002-87e9-5f399980050f@group-AD7580110086-LeaderElection21] INFO  impl.LeaderElection (LeaderElection.java:logAndReturn(89)) - fe4054d4-403e-4002-87e9-5f399980050f@group-AD7580110086-LeaderElection21: ELECTION REJECTED received 0 response(s) and 2 exception(s):
2022-02-15 15:41:38,896 [fe4054d4-403e-4002-87e9-5f399980050f@group-AD7580110086-LeaderElection21] INFO  impl.LeaderElection (LogUtils.java:infoOrTrace(137)) -   Exception 0: java.util.concurrent.ExecutionException: org.apache.ratis.thirdparty.io.grpc.StatusRuntimeException: UNAVAILABLE: io exception
2022-02-15 15:41:38,896 [fe4054d4-403e-4002-87e9-5f399980050f@group-AD7580110086-LeaderElection21] INFO  impl.LeaderElection (LogUtils.java:infoOrTrace(137)) -   Exception 1: java.util.concurrent.ExecutionException: org.apache.ratis.thirdparty.io.grpc.StatusRuntimeException: UNAVAILABLE: io exception
2022-02-15 15:41:38,896 [fe4054d4-403e-4002-87e9-5f399980050f@group-AD7580110086-LeaderElection21] INFO  impl.LeaderElection (LeaderElection.java:askForVotes(308)) - fe4054d4-403e-4002-87e9-5f399980050f@group-AD7580110086-LeaderElection21 ELECTION round 0: result REJECTED
2022-02-15 15:41:38,896 [fe4054d4-403e-4002-87e9-5f399980050f@group-AD7580110086-LeaderElection21] INFO  server.RaftServer$Division (RaftServerImpl.java:setRole(290)) - fe4054d4-403e-4002-87e9-5f399980050f@group-AD7580110086: changes role from CANDIDATE to FOLLOWER at term 9 for REJECTED
2022-02-15 15:41:38,896 [fe4054d4-403e-4002-87e9-5f399980050f@group-AD7580110086-LeaderElection21] INFO  impl.RoleInfo (RoleInfo.java:shutdownLeaderElection(121)) - fe4054d4-403e-4002-87e9-5f399980050f: shutdown fe4054d4-403e-4002-87e9-5f399980050f@group-AD7580110086-LeaderElection21
2022-02-15 15:41:38,896 [fe4054d4-403e-4002-87e9-5f399980050f@group-AD7580110086-LeaderElection21] INFO  impl.RoleInfo (RoleInfo.java:updateAndGet(130)) - fe4054d4-403e-4002-87e9-5f399980050f: start fe4054d4-403e-4002-87e9-5f399980050f@group-AD7580110086-FollowerState
2022-02-15 15:41:39,955 [Time-limited test] INFO  utils.BackgroundService (BackgroundService.java:shutdown(132)) - Shutting down service BlockDeletingService
2022-02-15 15:41:39,960 [ForkJoinPool.commonPool-worker-1] INFO  utils.BackgroundService (BackgroundService.java:shutdown(132)) - Shutting down service BlockDeletingService
2022-02-15 15:41:42,963 [Time-limited test] INFO  statemachine.DatanodeStateMachine (DatanodeStateMachine.java:stopDaemon(529)) - Ozone container server stopped.
2022-02-15 15:41:42,965 [Time-limited test] INFO  handler.ContextHandler (ContextHandler.java:doStop(1153)) - Stopped o.e.j.w.WebAppContext@236c6c53{hddsDatanode,/,null,STOPPED}{jar:file:/home/runner/.m2/repository/org/apache/ozone/hdds-container-service/1.3.0-SNAPSHOT/hdds-container-service-1.3.0-SNAPSHOT.jar!/webapps/hddsDatanode}
2022-02-15 15:41:42,966 [Time-limited test] INFO  server.AbstractConnector (AbstractConnector.java:doStop(381)) - Stopped ServerConnector@5d820592{HTTP/1.1, (http/1.1)}{0.0.0.0:0}
2022-02-15 15:41:42,966 [Time-limited test] INFO  server.session (HouseKeeper.java:stopScavenging(149)) - node0 Stopped scavenging
2022-02-15 15:41:42,967 [Time-limited test] INFO  handler.ContextHandler (ContextHandler.java:doStop(1153)) - Stopped o.e.j.s.ServletContextHandler@26116234{static,/static,jar:file:/home/runner/.m2/repository/org/apache/ozone/hdds-container-service/1.3.0-SNAPSHOT/hdds-container-service-1.3.0-SNAPSHOT.jar!/webapps/static,STOPPED}
2022-02-15 15:41:42,968 [ForkJoinPool.commonPool-worker-1] INFO  statemachine.DatanodeStateMachine (DatanodeStateMachine.java:stopDaemon(529)) - Ozone container server stopped.
2022-02-15 15:41:42,971 [Time-limited test] INFO  handler.ContextHandler (ContextHandler.java:doStop(1153)) - Stopped o.e.j.s.ServletContextHandler@4878d858{logs,/logs,file:///home/runner/work/ozone/ozone/hadoop-ozone/integration-test/target/log,STOPPED}
2022-02-15 15:41:42,975 [ForkJoinPool.commonPool-worker-1] INFO  handler.ContextHandler (ContextHandler.java:doStop(1153)) - Stopped o.e.j.w.WebAppContext@3fc09246{hddsDatanode,/,null,STOPPED}{jar:file:/home/runner/.m2/repository/org/apache/ozone/hdds-container-service/1.3.0-SNAPSHOT/hdds-container-service-1.3.0-SNAPSHOT.jar!/webapps/hddsDatanode}
2022-02-15 15:41:42,975 [ForkJoinPool.commonPool-worker-1] INFO  server.AbstractConnector (AbstractConnector.java:doStop(381)) - Stopped ServerConnector@84568fd{HTTP/1.1, (http/1.1)}{0.0.0.0:0}
2022-02-15 15:41:42,975 [ForkJoinPool.commonPool-worker-1] INFO  server.session (HouseKeeper.java:stopScavenging(149)) - node0 Stopped scavenging
2022-02-15 15:41:42,976 [ForkJoinPool.commonPool-worker-1] INFO  handler.ContextHandler (ContextHandler.java:doStop(1153)) - Stopped o.e.j.s.ServletContextHandler@18b0ff51{static,/static,jar:file:/home/runner/.m2/repository/org/apache/ozone/hdds-container-service/1.3.0-SNAPSHOT/hdds-container-service-1.3.0-SNAPSHOT.jar!/webapps/static,STOPPED}
2022-02-15 15:41:42,976 [ForkJoinPool.commonPool-worker-1] INFO  handler.ContextHandler (ContextHandler.java:doStop(1153)) - Stopped o.e.j.s.ServletContextHandler@7274089c{logs,/logs,file:///home/runner/work/ozone/ozone/hadoop-ozone/integration-test/target/log,STOPPED}
2022-02-15 15:41:44,023 [fe4054d4-403e-4002-87e9-5f399980050f@group-AD7580110086-FollowerState] INFO  impl.FollowerState (FollowerState.java:run(134)) - fe4054d4-403e-4002-87e9-5f399980050f@group-AD7580110086-FollowerState: change to CANDIDATE, lastRpcElapsedTime:5126710527ns, electionTimeout:5123ms
2022-02-15 15:41:44,023 [fe4054d4-403e-4002-87e9-5f399980050f@group-AD7580110086-FollowerState] INFO  impl.RoleInfo (RoleInfo.java:shutdownFollowerState(108)) - fe4054d4-403e-4002-87e9-5f399980050f: shutdown fe4054d4-403e-4002-87e9-5f399980050f@group-AD7580110086-FollowerState
2022-02-15 15:41:44,023 [fe4054d4-403e-4002-87e9-5f399980050f@group-AD7580110086-FollowerState] INFO  server.RaftServer$Division (RaftServerImpl.java:setRole(290)) - fe4054d4-403e-4002-87e9-5f399980050f@group-AD7580110086: changes role from  FOLLOWER to CANDIDATE at term 9 for changeToCandidate
2022-02-15 15:41:44,023 [fe4054d4-403e-4002-87e9-5f399980050f@group-AD7580110086-FollowerState] INFO  server.RaftServerConfigKeys (ConfUtils.java:logGet(44)) - raft.server.leaderelection.pre-vote = false (custom)
2022-02-15 15:41:44,023 [fe4054d4-403e-4002-87e9-5f399980050f@group-AD7580110086-FollowerState] INFO  impl.RoleInfo (RoleInfo.java:updateAndGet(130)) - fe4054d4-403e-4002-87e9-5f399980050f: start fe4054d4-403e-4002-87e9-5f399980050f@group-AD7580110086-LeaderElection22
2022-02-15 15:41:44,032 [fe4054d4-403e-4002-87e9-5f399980050f@group-AD7580110086-LeaderElection22] INFO  impl.LeaderElection (LeaderElection.java:askForVotes(306)) - fe4054d4-403e-4002-87e9-5f399980050f@group-AD7580110086-LeaderElection22 ELECTION round 0: submit vote requests at term 10 for -1: [fe4054d4-403e-4002-87e9-5f399980050f|rpc:10.1.0.67:38959|priority:1, 9bbeae3a-b46f-406a-9a6b-919c321c2ec1|rpc:10.1.0.67:44775|priority:0, e9feab8a-d52e-445d-a1ed-06165537c904|rpc:10.1.0.67:46705|priority:0], old=null
2022-02-15 15:41:44,039 [fe4054d4-403e-4002-87e9-5f399980050f@group-AD7580110086-LeaderElection22] INFO  impl.LeaderElection (LogUtils.java:infoOrTrace(137)) - fe4054d4-403e-4002-87e9-5f399980050f@group-AD7580110086-LeaderElection22 got exception when requesting votes: java.util.concurrent.ExecutionException: org.apache.ratis.thirdparty.io.grpc.StatusRuntimeException: UNAVAILABLE: io exception
2022-02-15 15:41:44,043 [fe4054d4-403e-4002-87e9-5f399980050f@group-AD7580110086-LeaderElection22] INFO  impl.LeaderElection (LogUtils.java:infoOrTrace(137)) - fe4054d4-403e-4002-87e9-5f399980050f@group-AD7580110086-LeaderElection22 got exception when requesting votes: java.util.concurrent.ExecutionException: org.apache.ratis.thirdparty.io.grpc.StatusRuntimeException: UNAVAILABLE: io exception
2022-02-15 15:41:44,043 [fe4054d4-403e-4002-87e9-5f399980050f@group-AD7580110086-LeaderElection22] INFO  impl.LeaderElection (LeaderElection.java:logAndReturn(89)) - fe4054d4-403e-4002-87e9-5f399980050f@group-AD7580110086-LeaderElection22: ELECTION REJECTED received 0 response(s) and 2 exception(s):
2022-02-15 15:41:44,043 [fe4054d4-403e-4002-87e9-5f399980050f@group-AD7580110086-LeaderElection22] INFO  impl.LeaderElection (LogUtils.java:infoOrTrace(137)) -   Exception 0: java.util.concurrent.ExecutionException: org.apache.ratis.thirdparty.io.grpc.StatusRuntimeException: UNAVAILABLE: io exception
2022-02-15 15:41:44,043 [fe4054d4-403e-4002-87e9-5f399980050f@group-AD7580110086-LeaderElection22] INFO  impl.LeaderElection (LogUtils.java:infoOrTrace(137)) -   Exception 1: java.util.concurrent.ExecutionException: org.apache.ratis.thirdparty.io.grpc.StatusRuntimeException: UNAVAILABLE: io exception
2022-02-15 15:41:44,043 [fe4054d4-403e-4002-87e9-5f399980050f@group-AD7580110086-LeaderElection22] INFO  impl.LeaderElection (LeaderElection.java:askForVotes(308)) - fe4054d4-403e-4002-87e9-5f399980050f@group-AD7580110086-LeaderElection22 ELECTION round 0: result REJECTED
2022-02-15 15:41:44,043 [fe4054d4-403e-4002-87e9-5f399980050f@group-AD7580110086-LeaderElection22] INFO  server.RaftServer$Division (RaftServerImpl.java:setRole(290)) - fe4054d4-403e-4002-87e9-5f399980050f@group-AD7580110086: changes role from CANDIDATE to FOLLOWER at term 10 for REJECTED
2022-02-15 15:41:44,043 [fe4054d4-403e-4002-87e9-5f399980050f@group-AD7580110086-LeaderElection22] INFO  impl.RoleInfo (RoleInfo.java:shutdownLeaderElection(121)) - fe4054d4-403e-4002-87e9-5f399980050f: shutdown fe4054d4-403e-4002-87e9-5f399980050f@group-AD7580110086-LeaderElection22
2022-02-15 15:41:44,044 [fe4054d4-403e-4002-87e9-5f399980050f@group-AD7580110086-LeaderElection22] INFO  impl.RoleInfo (RoleInfo.java:updateAndGet(130)) - fe4054d4-403e-4002-87e9-5f399980050f: start fe4054d4-403e-4002-87e9-5f399980050f@group-AD7580110086-FollowerState
2022-02-15 15:41:47,976 [Time-limited test] INFO  ozoneimpl.OzoneContainer (OzoneContainer.java:stop(336)) - Attempting to stop container services.
2022-02-15 15:41:47,978 [Time-limited test] INFO  server.RaftServer (RaftServerProxy.java:lambda$close$6(391)) - fe4054d4-403e-4002-87e9-5f399980050f: close
2022-02-15 15:41:47,980 [Time-limited test] INFO  server.RaftServer$Division (RaftServerImpl.java:lambda$close$4(412)) - fe4054d4-403e-4002-87e9-5f399980050f@group-290240A12FBF: shutdown
2022-02-15 15:41:47,980 [Time-limited test] INFO  util.JmxRegister (JmxRegister.java:unregister(73)) - Successfully un-registered JMX Bean with object name Ratis:service=RaftServer,group=group-290240A12FBF,id=fe4054d4-403e-4002-87e9-5f399980050f
2022-02-15 15:41:47,980 [Time-limited test] INFO  impl.RoleInfo (RoleInfo.java:shutdownLeaderState(91)) - fe4054d4-403e-4002-87e9-5f399980050f: shutdown fe4054d4-403e-4002-87e9-5f399980050f@group-290240A12FBF-LeaderStateImpl
2022-02-15 15:41:47,980 [Time-limited test] INFO  impl.PendingRequests (PendingRequests.java:sendNotLeaderResponses(282)) - fe4054d4-403e-4002-87e9-5f399980050f@group-290240A12FBF-PendingRequests: sendNotLeaderResponses
2022-02-15 15:41:47,981 [Time-limited test] INFO  impl.StateMachineUpdater (StateMachineUpdater.java:stopAndJoin(149)) - fe4054d4-403e-4002-87e9-5f399980050f@group-290240A12FBF-StateMachineUpdater: set stopIndex = 0
2022-02-15 15:41:47,981 [fe4054d4-403e-4002-87e9-5f399980050f@group-290240A12FBF-StateMachineUpdater] INFO  ratis.ContainerStateMachine (ContainerStateMachine.java:takeSnapshot(299)) - group-290240A12FBF: Taking a snapshot at:(t:1, i:0) file /home/runner/work/ozone/ozone/hadoop-ozone/integration-test/target/test-dir/MiniOzoneClusterImpl-53bdd20c-eac6-4b45-944c-4408c9f6695f/datanode-2/data/ratis/2e22587d-dda0-4558-adee-290240a12fbf/sm/snapshot.1_0
2022-02-15 15:41:47,982 [ForkJoinPool.commonPool-worker-0] INFO  server.RaftServer$Division (RaftServerImpl.java:lambda$close$4(412)) - fe4054d4-403e-4002-87e9-5f399980050f@group-AD7580110086: shutdown
2022-02-15 15:41:47,982 [fe4054d4-403e-4002-87e9-5f399980050f@group-290240A12FBF-StateMachineUpdater] INFO  ratis.ContainerStateMachine (ContainerStateMachine.java:takeSnapshot(310)) - group-290240A12FBF: Finished taking a snapshot at:(t:1, i:0) file:/home/runner/work/ozone/ozone/hadoop-ozone/integration-test/target/test-dir/MiniOzoneClusterImpl-53bdd20c-eac6-4b45-944c-4408c9f6695f/datanode-2/data/ratis/2e22587d-dda0-4558-adee-290240a12fbf/sm/snapshot.1_0 took: 1 ms
2022-02-15 15:41:47,982 [ForkJoinPool.commonPool-worker-0] INFO  util.JmxRegister (JmxRegister.java:unregister(73)) - Successfully un-registered JMX Bean with object name Ratis:service=RaftServer,group=group-AD7580110086,id=fe4054d4-403e-4002-87e9-5f399980050f
2022-02-15 15:41:47,982 [ForkJoinPool.commonPool-worker-0] INFO  impl.RoleInfo (RoleInfo.java:shutdownFollowerState(108)) - fe4054d4-403e-4002-87e9-5f399980050f: shutdown fe4054d4-403e-4002-87e9-5f399980050f@group-AD7580110086-FollowerState
2022-02-15 15:41:47,982 [fe4054d4-403e-4002-87e9-5f399980050f@group-290240A12FBF-StateMachineUpdater] INFO  impl.StateMachineUpdater (StateMachineUpdater.java:takeSnapshot(281)) - fe4054d4-403e-4002-87e9-5f399980050f@group-290240A12FBF-StateMachineUpdater: Took a snapshot at index 0
2022-02-15 15:41:47,982 [fe4054d4-403e-4002-87e9-5f399980050f@group-290240A12FBF-StateMachineUpdater] INFO  impl.StateMachineUpdater (StateMachineUpdater.java:lambda$new$0(89)) - fe4054d4-403e-4002-87e9-5f399980050f@group-290240A12FBF-StateMachineUpdater: snapshotIndex: updateIncreasingly -1 -> 0
2022-02-15 15:41:47,982 [ForkJoinPool.commonPool-worker-0] INFO  impl.StateMachineUpdater (StateMachineUpdater.java:stopAndJoin(149)) - fe4054d4-403e-4002-87e9-5f399980050f@group-AD7580110086-StateMachineUpdater: set stopIndex = -1
2022-02-15 15:41:47,982 [ForkJoinPool.commonPool-worker-0] INFO  server.RaftServer$Division (ServerState.java:close(419)) - fe4054d4-403e-4002-87e9-5f399980050f@group-AD7580110086: closes. applyIndex: -1
2022-02-15 15:41:47,983 [fe4054d4-403e-4002-87e9-5f399980050f@group-AD7580110086-SegmentedRaftLogWorker] INFO  segmented.SegmentedRaftLogWorker (SegmentedRaftLogWorker.java:run(327)) - fe4054d4-403e-4002-87e9-5f399980050f@group-AD7580110086-SegmentedRaftLogWorker was interrupted, exiting. There are 0 tasks remaining in the queue.
2022-02-15 15:41:47,983 [fe4054d4-403e-4002-87e9-5f399980050f@group-AD7580110086-FollowerState] INFO  impl.FollowerState (FollowerState.java:run(143)) - fe4054d4-403e-4002-87e9-5f399980050f@group-AD7580110086-FollowerState was interrupted: {}
java.lang.InterruptedException: sleep interrupted
	at java.lang.Thread.sleep(Native Method)
	at java.lang.Thread.sleep(Thread.java:340)
	at java.util.concurrent.TimeUnit.sleep(TimeUnit.java:386)
	at org.apache.ratis.util.TimeDuration.sleep(TimeDuration.java:324)
	at org.apache.ratis.util.TimeDuration.sleep(TimeDuration.java:309)
	at org.apache.ratis.server.impl.FollowerState.run(FollowerState.java:118)
2022-02-15 15:41:47,985 [ForkJoinPool.commonPool-worker-0] INFO  segmented.SegmentedRaftLogWorker (SegmentedRaftLogWorker.java:close(237)) - fe4054d4-403e-4002-87e9-5f399980050f@group-AD7580110086-SegmentedRaftLogWorker close()
2022-02-15 15:41:47,985 [Time-limited test] INFO  server.RaftServer$Division (ServerState.java:close(419)) - fe4054d4-403e-4002-87e9-5f399980050f@group-290240A12FBF: closes. applyIndex: 0
2022-02-15 15:41:47,989 [fe4054d4-403e-4002-87e9-5f399980050f@group-290240A12FBF-SegmentedRaftLogWorker] INFO  segmented.SegmentedRaftLogWorker (SegmentedRaftLogWorker.java:run(327)) - fe4054d4-403e-4002-87e9-5f399980050f@group-290240A12FBF-SegmentedRaftLogWorker was interrupted, exiting. There are 0 tasks remaining in the queue.
2022-02-15 15:41:47,990 [Time-limited test] INFO  segmented.SegmentedRaftLogWorker (SegmentedRaftLogWorker.java:close(237)) - fe4054d4-403e-4002-87e9-5f399980050f@group-290240A12FBF-SegmentedRaftLogWorker close()
2022-02-15 15:41:47,991 [Time-limited test] INFO  server.GrpcService (GrpcService.java:closeImpl(262)) - fe4054d4-403e-4002-87e9-5f399980050f: shutdown server with port 38959 now
2022-02-15 15:41:47,993 [Time-limited test] INFO  server.GrpcService (GrpcService.java:closeImpl(271)) - fe4054d4-403e-4002-87e9-5f399980050f: shutdown server with port 38959 successfully
2022-02-15 15:41:47,993 [org.apache.ratis.util.JvmPauseMonitor$$Lambda$431/1795495935@51092bff] INFO  util.JvmPauseMonitor (JvmPauseMonitor.java:run(109)) - JvmPauseMonitor-fe4054d4-403e-4002-87e9-5f399980050f: Stopped
2022-02-15 15:41:50,004 [Time-limited test] INFO  utils.BackgroundService (BackgroundService.java:shutdown(132)) - Shutting down service BlockDeletingService
2022-02-15 15:41:53,010 [Time-limited test] INFO  statemachine.DatanodeStateMachine (DatanodeStateMachine.java:stopDaemon(529)) - Ozone container server stopped.
2022-02-15 15:41:53,014 [Time-limited test] INFO  handler.ContextHandler (ContextHandler.java:doStop(1153)) - Stopped o.e.j.w.WebAppContext@38c23833{hddsDatanode,/,null,STOPPED}{jar:file:/home/runner/.m2/repository/org/apache/ozone/hdds-container-service/1.3.0-SNAPSHOT/hdds-container-service-1.3.0-SNAPSHOT.jar!/webapps/hddsDatanode}
2022-02-15 15:41:53,014 [Time-limited test] INFO  server.AbstractConnector (AbstractConnector.java:doStop(381)) - Stopped ServerConnector@3b72043a{HTTP/1.1, (http/1.1)}{0.0.0.0:0}
2022-02-15 15:41:53,014 [Time-limited test] INFO  server.session (HouseKeeper.java:stopScavenging(149)) - node0 Stopped scavenging
2022-02-15 15:41:53,016 [Time-limited test] INFO  handler.ContextHandler (ContextHandler.java:doStop(1153)) - Stopped o.e.j.s.ServletContextHandler@574bbdf8{static,/static,jar:file:/home/runner/.m2/repository/org/apache/ozone/hdds-container-service/1.3.0-SNAPSHOT/hdds-container-service-1.3.0-SNAPSHOT.jar!/webapps/static,STOPPED}
2022-02-15 15:41:53,016 [Time-limited test] INFO  handler.ContextHandler (ContextHandler.java:doStop(1153)) - Stopped o.e.j.s.ServletContextHandler@74f62eb0{logs,/logs,file:///home/runner/work/ozone/ozone/hadoop-ozone/integration-test/target/log,STOPPED}
2022-02-15 15:41:53,017 [Time-limited test] INFO  ozone.MiniOzoneClusterImpl (MiniOzoneClusterImpl.java:stopSCM(526)) - Stopping the StorageContainerManager
2022-02-15 15:41:53,017 [Time-limited test] INFO  server.StorageContainerManager (StorageContainerManager.java:stop(1390)) - Stopping Container Balancer service.
2022-02-15 15:41:53,017 [Time-limited test] INFO  balancer.ContainerBalancer (ContainerBalancer.java:stop(751)) - Container Balancer is not running.
2022-02-15 15:41:53,018 [Time-limited test] INFO  server.StorageContainerManager (StorageContainerManager.java:stop(1397)) - Stopping Replication Manager Service.
2022-02-15 15:41:53,018 [Time-limited test] INFO  container.ReplicationManager (ReplicationManager.java:stop(357)) - Stopping Replication Monitor Thread.
2022-02-15 15:41:53,018 [Time-limited test] INFO  server.StorageContainerManager (StorageContainerManager.java:stop(1404)) - Stopping the Datanode Admin Monitor.
2022-02-15 15:41:53,019 [Time-limited test] INFO  server.StorageContainerManager (StorageContainerManager.java:stop(1411)) - Stopping Lease Manager of the command watchers
2022-02-15 15:41:53,019 [Time-limited test] INFO  server.StorageContainerManager (StorageContainerManager.java:stop(1418)) - Stopping datanode service RPC server
2022-02-15 15:41:53,019 [Time-limited test] INFO  server.SCMDatanodeProtocolServer (SCMDatanodeProtocolServer.java:stop(390)) - Stopping the RPC server for DataNodes
2022-02-15 15:41:53,019 [Time-limited test] INFO  ipc.Server (Server.java:stop(3414)) - Stopping server on 34895
2022-02-15 15:41:53,019 [IPC Server listener on 0] INFO  ipc.Server (Server.java:run(1376)) - Stopping IPC Server listener on 0
2022-02-15 15:41:53,024 [IPC Server Responder] INFO  ipc.Server (Server.java:run(1512)) - Stopping IPC Server Responder
2022-02-15 15:41:53,077 [SCM Heartbeat Processing Thread - 0] WARN  node.NodeStateManager (NodeStateManager.java:scheduleNextHealthCheck(799)) - Current Thread is interrupted, shutting down HB processing thread for Node Manager.
2022-02-15 15:41:53,078 [Time-limited test] INFO  server.StorageContainerManager (StorageContainerManager.java:stop(1426)) - Stopping block service RPC server
2022-02-15 15:41:53,078 [Time-limited test] INFO  server.SCMBlockProtocolServer (SCMBlockProtocolServer.java:stop(160)) - Stopping the RPC server for Block Protocol
2022-02-15 15:41:53,078 [Time-limited test] INFO  ipc.Server (Server.java:stop(3414)) - Stopping server on 40051
2022-02-15 15:41:53,081 [IPC Server listener on 0] INFO  ipc.Server (Server.java:run(1376)) - Stopping IPC Server listener on 0
2022-02-15 15:41:53,081 [IPC Server Responder] INFO  ipc.Server (Server.java:run(1512)) - Stopping IPC Server Responder
2022-02-15 15:41:53,083 [Time-limited test] INFO  server.StorageContainerManager (StorageContainerManager.java:stop(1433)) - Stopping the StorageContainerLocationProtocol RPC server
2022-02-15 15:41:53,083 [Time-limited test] INFO  server.SCMClientProtocolServer (SCMClientProtocolServer.java:stop(174)) - Stopping the RPC server for Client Protocol
2022-02-15 15:41:53,083 [Time-limited test] INFO  ipc.Server (Server.java:stop(3414)) - Stopping server on 33219
2022-02-15 15:41:53,085 [IPC Server Responder] INFO  ipc.Server (Server.java:run(1512)) - Stopping IPC Server Responder
2022-02-15 15:41:53,085 [Time-limited test] INFO  server.StorageContainerManager (StorageContainerManager.java:stop(1440)) - Stopping Storage Container Manager HTTP server.
2022-02-15 15:41:53,086 [Time-limited test] INFO  handler.ContextHandler (ContextHandler.java:doStop(1153)) - Stopped o.e.j.w.WebAppContext@37e85117{scm,/,null,STOPPED}{file:/home/runner/work/ozone/ozone/hadoop-ozone/integration-test/target/test-classes/webapps/scm}
2022-02-15 15:41:53,093 [IPC Server listener on 0] INFO  ipc.Server (Server.java:run(1376)) - Stopping IPC Server listener on 0
2022-02-15 15:41:53,103 [Time-limited test] INFO  server.AbstractConnector (AbstractConnector.java:doStop(381)) - Stopped ServerConnector@7b65a85c{HTTP/1.1, (http/1.1)}{0.0.0.0:0}
2022-02-15 15:41:53,104 [Time-limited test] INFO  server.session (HouseKeeper.java:stopScavenging(149)) - node0 Stopped scavenging
2022-02-15 15:41:53,104 [Time-limited test] INFO  handler.ContextHandler (ContextHandler.java:doStop(1153)) - Stopped o.e.j.s.ServletContextHandler@43c22dd9{static,/static,file:///home/runner/work/ozone/ozone/hadoop-ozone/integration-test/target/test-classes/webapps/static,STOPPED}
2022-02-15 15:41:53,105 [Time-limited test] INFO  handler.ContextHandler (ContextHandler.java:doStop(1153)) - Stopped o.e.j.s.ServletContextHandler@6925f963{logs,/logs,file:///home/runner/work/ozone/ozone/hadoop-ozone/integration-test/target/log,STOPPED}
2022-02-15 15:41:53,107 [Time-limited test] INFO  server.StorageContainerManager (StorageContainerManager.java:stop(1451)) - Stopping Block Manager Service.
2022-02-15 15:41:53,107 [Time-limited test] INFO  utils.BackgroundService (BackgroundService.java:shutdown(132)) - Shutting down service SCMBlockDeletingService
2022-02-15 15:41:53,107 [Time-limited test] INFO  utils.BackgroundService (BackgroundService.java:shutdown(132)) - Shutting down service SCMBlockDeletingService
2022-02-15 15:41:53,107 [Time-limited test] INFO  server.StorageContainerManager (StorageContainerManager.java:stop(1478)) - Stopping SCM Event Queue.
2022-02-15 15:41:53,110 [Time-limited test] INFO  server.StorageContainerManager (StorageContainerManager.java:stop(1489)) - Stopping SCM HA services.
2022-02-15 15:41:53,110 [Time-limited test] INFO  ha.SCMRatisServerImpl (SCMRatisServerImpl.java:stop(236)) - stopping ratis server 0.0.0.0:9894
2022-02-15 15:41:53,111 [Time-limited test] INFO  server.RaftServer (RaftServerProxy.java:lambda$close$6(391)) - 06d727d5-e762-4bdb-a8d8-e52cb7a870a2: close
2022-02-15 15:41:53,111 [Time-limited test] INFO  server.RaftServer$Division (RaftServerImpl.java:lambda$close$4(412)) - 06d727d5-e762-4bdb-a8d8-e52cb7a870a2@group-4408C9F6695F: shutdown
2022-02-15 15:41:53,111 [Time-limited test] INFO  util.JmxRegister (JmxRegister.java:unregister(73)) - Successfully un-registered JMX Bean with object name Ratis:service=RaftServer,group=group-4408C9F6695F,id=06d727d5-e762-4bdb-a8d8-e52cb7a870a2
2022-02-15 15:41:53,111 [Time-limited test] INFO  impl.RoleInfo (RoleInfo.java:shutdownLeaderState(91)) - 06d727d5-e762-4bdb-a8d8-e52cb7a870a2: shutdown 06d727d5-e762-4bdb-a8d8-e52cb7a870a2@group-4408C9F6695F-LeaderStateImpl
2022-02-15 15:41:53,113 [Time-limited test] INFO  impl.PendingRequests (PendingRequests.java:sendNotLeaderResponses(282)) - 06d727d5-e762-4bdb-a8d8-e52cb7a870a2@group-4408C9F6695F-PendingRequests: sendNotLeaderResponses
2022-02-15 15:41:53,113 [Time-limited test] INFO  ha.SCMStateMachine (SCMStateMachine.java:notifyNotLeader(190)) - current leader SCM steps down.
2022-02-15 15:41:53,113 [Time-limited test] INFO  ha.SCMContext (SCMContext.java:updateLeaderAndTerm(90)) - update <isLeader,term> from <true,2> to <false,0>
2022-02-15 15:41:53,113 [Time-limited test] INFO  ha.SCMContext (SCMContext.java:updateLeaderAndTerm(97)) - update <isLeaderReady> from <false> to <false>
2022-02-15 15:41:53,115 [Time-limited test] INFO  impl.StateMachineUpdater (StateMachineUpdater.java:stopAndJoin(149)) - 06d727d5-e762-4bdb-a8d8-e52cb7a870a2@group-4408C9F6695F-StateMachineUpdater: set stopIndex = 16
2022-02-15 15:41:53,116 [06d727d5-e762-4bdb-a8d8-e52cb7a870a2@group-4408C9F6695F-StateMachineUpdater] INFO  ha.SCMStateMachine (SCMStateMachine.java:takeSnapshot(297)) - Current Snapshot Index 16, takeSnapshot took 0 ms
2022-02-15 15:41:53,116 [06d727d5-e762-4bdb-a8d8-e52cb7a870a2@group-4408C9F6695F-StateMachineUpdater] INFO  impl.StateMachineUpdater (StateMachineUpdater.java:takeSnapshot(281)) - 06d727d5-e762-4bdb-a8d8-e52cb7a870a2@group-4408C9F6695F-StateMachineUpdater: Took a snapshot at index 16
2022-02-15 15:41:53,116 [06d727d5-e762-4bdb-a8d8-e52cb7a870a2@group-4408C9F6695F-StateMachineUpdater] INFO  impl.StateMachineUpdater (StateMachineUpdater.java:lambda$new$0(89)) - 06d727d5-e762-4bdb-a8d8-e52cb7a870a2@group-4408C9F6695F-StateMachineUpdater: snapshotIndex: updateIncreasingly -1 -> 16
2022-02-15 15:41:53,117 [Time-limited test] INFO  server.RaftServer$Division (ServerState.java:close(419)) - 06d727d5-e762-4bdb-a8d8-e52cb7a870a2@group-4408C9F6695F: closes. applyIndex: 16
2022-02-15 15:41:53,117 [06d727d5-e762-4bdb-a8d8-e52cb7a870a2@group-4408C9F6695F-SegmentedRaftLogWorker] INFO  segmented.SegmentedRaftLogWorker (SegmentedRaftLogWorker.java:run(327)) - 06d727d5-e762-4bdb-a8d8-e52cb7a870a2@group-4408C9F6695F-SegmentedRaftLogWorker was interrupted, exiting. There are 0 tasks remaining in the queue.
2022-02-15 15:41:53,117 [Time-limited test] INFO  segmented.SegmentedRaftLogWorker (SegmentedRaftLogWorker.java:close(237)) - 06d727d5-e762-4bdb-a8d8-e52cb7a870a2@group-4408C9F6695F-SegmentedRaftLogWorker close()
2022-02-15 15:41:53,123 [Time-limited test] INFO  server.GrpcService (GrpcService.java:closeImpl(262)) - 06d727d5-e762-4bdb-a8d8-e52cb7a870a2: shutdown server with port 9894 now
2022-02-15 15:41:53,124 [Time-limited test] INFO  server.GrpcService (GrpcService.java:closeImpl(271)) - 06d727d5-e762-4bdb-a8d8-e52cb7a870a2: shutdown server with port 9894 successfully
2022-02-15 15:41:53,124 [org.apache.ratis.util.JvmPauseMonitor$$Lambda$431/1795495935@52b3eda1] INFO  util.JvmPauseMonitor (JvmPauseMonitor.java:run(109)) - JvmPauseMonitor-06d727d5-e762-4bdb-a8d8-e52cb7a870a2: Stopped
2022-02-15 15:41:53,127 [Time-limited test] INFO  pipeline.BackgroundPipelineCreator (BackgroundPipelineCreator.java:stop(158)) - Stopping RatisPipelineUtilsThread.
2022-02-15 15:41:53,128 [Time-limited test] INFO  server.StorageContainerManager (StorageContainerManager.java:stop(1499)) - Stopping SCM MetadataStore.
2022-02-15 15:41:53,129 [Time-limited test] INFO  impl.MetricsSystemImpl (MetricsSystemImpl.java:stop(210)) - Stopping HddsDatanode metrics system...
2022-02-15 15:41:53,134 [prometheus] INFO  impl.MetricsSinkAdapter (MetricsSinkAdapter.java:publishMetricsFromQueue(141)) - prometheus thread interrupted.
2022-02-15 15:41:53,135 [Time-limited test] INFO  impl.MetricsSystemImpl (MetricsSystemImpl.java:stop(216)) - HddsDatanode metrics system stopped.
]]></system-out>
  </testcase>
  <testcase name="testDNstartAfterSCM" classname="org.apache.hadoop.ozone.TestMiniOzoneCluster" time="84.074"/>
  <testcase name="testDatanodeIDPersistent" classname="org.apache.hadoop.ozone.TestMiniOzoneCluster" time="0.066"/>
  <testcase name="testContainerRandomPort" classname="org.apache.hadoop.ozone.TestMiniOzoneCluster" time="24.81"/>
</testsuite>