<?xml version="1.0" encoding="UTF-8"?>
<testsuite xmlns:xsi="http://www.w3.org/2001/XMLSchema-instance" xsi:noNamespaceSchemaLocation="https://maven.apache.org/surefire/maven-surefire-plugin/xsd/surefire-test-report.xsd" name="org.apache.hadoop.ozone.om.TestOzoneManagerHAMetadataOnly" time="204.592" tests="10" errors="0" skipped="2" failures="1">
  <properties>
    <property name="awt.toolkit" value="sun.awt.X11.XToolkit"/>
    <property name="file.encoding.pkg" value="sun.io"/>
    <property name="java.specification.version" value="1.8"/>
    <property name="sun.cpu.isalist" value=""/>
    <property name="sun.jnu.encoding" value="ANSI_X3.4-1968"/>
    <property name="java.class.path" value="/github/workspace/mnt/ozone/hadoop-ozone/integration-test/target/test-classes:/github/workspace/mnt/ozone/hadoop-ozone/integration-test/target/classes:/home/user/.m2/repository/org/apache/hadoop/hadoop-ozone-common/1.1.0-SNAPSHOT/hadoop-ozone-common-1.1.0-SNAPSHOT.jar:/home/user/.m2/repository/org/apache/commons/commons-compress/1.4.1/commons-compress-1.4.1.jar:/home/user/.m2/repository/org/tukaani/xz/1.0/xz-1.0.jar:/home/user/.m2/repository/org/apache/hadoop/hadoop-hdds-common/1.1.0-SNAPSHOT/hadoop-hdds-common-1.1.0-SNAPSHOT.jar:/home/user/.m2/repository/org/apache/hadoop/hadoop-hdds-client/1.1.0-SNAPSHOT/hadoop-hdds-client-1.1.0-SNAPSHOT.jar:/home/user/.m2/repository/org/apache/hadoop/hadoop-ozone-interface-client/1.1.0-SNAPSHOT/hadoop-ozone-interface-client-1.1.0-SNAPSHOT.jar:/home/user/.m2/repository/org/apache/hadoop/hadoop-hdds-test-utils/1.1.0-SNAPSHOT/hadoop-hdds-test-utils-1.1.0-SNAPSHOT.jar:/home/user/.m2/repository/com/google/guava/guava/28.2-jre/guava-28.2-jre.jar:/home/user/.m2/repository/com/google/guava/failureaccess/1.0.1/failureaccess-1.0.1.jar:/home/user/.m2/repository/com/google/guava/listenablefuture/9999.0-empty-to-avoid-conflict-with-guava/listenablefuture-9999.0-empty-to-avoid-conflict-with-guava.jar:/home/user/.m2/repository/com/google/code/findbugs/jsr305/3.0.0/jsr305-3.0.0.jar:/home/user/.m2/repository/org/checkerframework/checker-qual/2.10.0/checker-qual-2.10.0.jar:/home/user/.m2/repository/com/google/errorprone/error_prone_annotations/2.2.0/error_prone_annotations-2.2.0.jar:/home/user/.m2/repository/com/google/j2objc/j2objc-annotations/1.3/j2objc-annotations-1.3.jar:/home/user/.m2/repository/commons-io/commons-io/2.5/commons-io-2.5.jar:/home/user/.m2/repository/commons-logging/commons-logging/1.2/commons-logging-1.2.jar:/home/user/.m2/repository/log4j/log4j/1.2.17/log4j-1.2.17.jar:/home/user/.m2/repository/org/slf4j/slf4j-api/1.7.30/slf4j-api-1.7.30.jar:/home/user/.m2/repository/org/apache/hadoop/hadoop-hdds-server-scm/1.1.0-SNAPSHOT/hadoop-hdds-server-scm-1.1.0-SNAPSHOT.jar:/home/user/.m2/repository/org/apache/hadoop/hadoop-hdds-container-service/1.1.0-SNAPSHOT/hadoop-hdds-container-service-1.1.0-SNAPSHOT.jar:/home/user/.m2/repository/org/apache/hadoop/hadoop-hdds-hadoop-dependency-server/1.1.0-SNAPSHOT/hadoop-hdds-hadoop-dependency-server-1.1.0-SNAPSHOT.jar:/home/user/.m2/repository/org/apache/hadoop/hadoop-hdfs/3.2.1/hadoop-hdfs-3.2.1.jar:/home/user/.m2/repository/org/apache/hadoop/hadoop-hdds-server-framework/1.1.0-SNAPSHOT/hadoop-hdds-server-framework-1.1.0-SNAPSHOT.jar:/home/user/.m2/repository/org/apache/hadoop/hadoop-hdds-interface-server/1.1.0-SNAPSHOT/hadoop-hdds-interface-server-1.1.0-SNAPSHOT.jar:/home/user/.m2/repository/org/apache/hadoop/hadoop-hdds-interface-admin/1.1.0-SNAPSHOT/hadoop-hdds-interface-admin-1.1.0-SNAPSHOT.jar:/home/user/.m2/repository/org/eclipse/jetty/jetty-servlet/9.4.34.v20201102/jetty-servlet-9.4.34.v20201102.jar:/home/user/.m2/repository/org/eclipse/jetty/jetty-security/9.4.34.v20201102/jetty-security-9.4.34.v20201102.jar:/home/user/.m2/repository/org/rocksdb/rocksdbjni/6.8.1/rocksdbjni-6.8.1.jar:/home/user/.m2/repository/io/prometheus/simpleclient_dropwizard/0.7.0/simpleclient_dropwizard-0.7.0.jar:/home/user/.m2/repository/io/prometheus/simpleclient/0.7.0/simpleclient-0.7.0.jar:/home/user/.m2/repository/io/prometheus/simpleclient_common/0.7.0/simpleclient_common-0.7.0.jar:/home/user/.m2/repository/com/fasterxml/jackson/datatype/jackson-datatype-jsr310/2.10.3/jackson-datatype-jsr310-2.10.3.jar:/home/user/.m2/repository/io/dropwizard/metrics/metrics-core/3.2.4/metrics-core-3.2.4.jar:/home/user/.m2/repository/org/apache/hadoop/hadoop-hdfs-client/3.2.1/hadoop-hdfs-client-3.2.1.jar:/home/user/.m2/repository/org/bouncycastle/bcprov-jdk15on/1.60/bcprov-jdk15on-1.60.jar:/home/user/.m2/repository/org/apache/hadoop/hadoop-ozone-ozone-manager/1.1.0-SNAPSHOT/hadoop-ozone-ozone-manager-1.1.0-SNAPSHOT.jar:/home/user/.m2/repository/org/apache/hadoop/hadoop-hdds-interface-client/1.1.0-SNAPSHOT/hadoop-hdds-interface-client-1.1.0-SNAPSHOT.jar:/home/user/.m2/repository/org/apache/ratis/ratis-thirdparty-misc/0.6.0-SNAPSHOT/ratis-thirdparty-misc-0.6.0-SNAPSHOT.jar:/home/user/.m2/repository/org/apache/hadoop/hadoop-ozone-interface-storage/1.1.0-SNAPSHOT/hadoop-ozone-interface-storage-1.1.0-SNAPSHOT.jar:/home/user/.m2/repository/org/apache/hadoop/hadoop-minikdc/3.2.1/hadoop-minikdc-3.2.1.jar:/home/user/.m2/repository/org/apache/kerby/kerb-simplekdc/1.0.1/kerb-simplekdc-1.0.1.jar:/home/user/.m2/repository/org/apache/kerby/kerb-client/1.0.1/kerb-client-1.0.1.jar:/home/user/.m2/repository/org/apache/kerby/kerby-config/1.0.1/kerby-config-1.0.1.jar:/home/user/.m2/repository/org/apache/kerby/kerb-core/1.0.1/kerb-core-1.0.1.jar:/home/user/.m2/repository/org/apache/kerby/kerby-pkix/1.0.1/kerby-pkix-1.0.1.jar:/home/user/.m2/repository/org/apache/kerby/kerby-asn1/1.0.1/kerby-asn1-1.0.1.jar:/home/user/.m2/repository/org/apache/kerby/kerby-util/1.0.1/kerby-util-1.0.1.jar:/home/user/.m2/repository/org/apache/kerby/kerb-common/1.0.1/kerb-common-1.0.1.jar:/home/user/.m2/repository/org/apache/kerby/kerb-crypto/1.0.1/kerb-crypto-1.0.1.jar:/home/user/.m2/repository/org/apache/kerby/kerb-util/1.0.1/kerb-util-1.0.1.jar:/home/user/.m2/repository/org/apache/kerby/token-provider/1.0.1/token-provider-1.0.1.jar:/home/user/.m2/repository/org/apache/kerby/kerb-admin/1.0.1/kerb-admin-1.0.1.jar:/home/user/.m2/repository/org/apache/kerby/kerb-server/1.0.1/kerb-server-1.0.1.jar:/home/user/.m2/repository/org/apache/kerby/kerb-identity/1.0.1/kerb-identity-1.0.1.jar:/home/user/.m2/repository/org/apache/kerby/kerby-xdr/1.0.1/kerby-xdr-1.0.1.jar:/home/user/.m2/repository/org/slf4j/slf4j-log4j12/1.7.30/slf4j-log4j12-1.7.30.jar:/home/user/.m2/repository/org/apache/hadoop/hadoop-ozone-s3gateway/1.1.0-SNAPSHOT/hadoop-ozone-s3gateway-1.1.0-SNAPSHOT.jar:/home/user/.m2/repository/org/jboss/weld/servlet/weld-servlet/2.4.7.Final/weld-servlet-2.4.7.Final.jar:/home/user/.m2/repository/org/glassfish/jersey/containers/jersey-container-servlet-core/2.27/jersey-container-servlet-core-2.27.jar:/home/user/.m2/repository/org/glassfish/hk2/external/javax.inject/2.5.0-b42/javax.inject-2.5.0-b42.jar:/home/user/.m2/repository/org/glassfish/jersey/core/jersey-common/2.27/jersey-common-2.27.jar:/home/user/.m2/repository/org/glassfish/hk2/osgi-resource-locator/1.0.1/osgi-resource-locator-1.0.1.jar:/home/user/.m2/repository/javax/ws/rs/javax.ws.rs-api/2.1/javax.ws.rs-api-2.1.jar:/home/user/.m2/repository/org/glassfish/jersey/ext/cdi/jersey-cdi1x/2.27/jersey-cdi1x-2.27.jar:/home/user/.m2/repository/org/glassfish/jersey/inject/jersey-hk2/2.27/jersey-hk2-2.27.jar:/home/user/.m2/repository/org/glassfish/hk2/hk2-locator/2.5.0-b42/hk2-locator-2.5.0-b42.jar:/home/user/.m2/repository/org/javassist/javassist/3.22.0-CR2/javassist-3.22.0-CR2.jar:/home/user/.m2/repository/org/glassfish/hk2/hk2-api/2.5.0/hk2-api-2.5.0.jar:/home/user/.m2/repository/org/glassfish/hk2/external/jakarta.inject/2.5.0/jakarta.inject-2.5.0.jar:/home/user/.m2/repository/org/glassfish/hk2/hk2-utils/2.5.0/hk2-utils-2.5.0.jar:/home/user/.m2/repository/jakarta/annotation/jakarta.annotation-api/1.3.4/jakarta.annotation-api-1.3.4.jar:/home/user/.m2/repository/org/glassfish/hk2/external/aopalliance-repackaged/2.5.0/aopalliance-repackaged-2.5.0.jar:/home/user/.m2/repository/com/fasterxml/jackson/dataformat/jackson-dataformat-xml/2.10.3/jackson-dataformat-xml-2.10.3.jar:/home/user/.m2/repository/com/fasterxml/jackson/core/jackson-core/2.10.3/jackson-core-2.10.3.jar:/home/user/.m2/repository/com/fasterxml/jackson/module/jackson-module-jaxb-annotations/2.10.3/jackson-module-jaxb-annotations-2.10.3.jar:/home/user/.m2/repository/jakarta/xml/bind/jakarta.xml.bind-api/2.3.2/jakarta.xml.bind-api-2.3.2.jar:/home/user/.m2/repository/jakarta/activation/jakarta.activation-api/1.2.1/jakarta.activation-api-1.2.1.jar:/home/user/.m2/repository/org/codehaus/woodstox/stax2-api/3.1.4/stax2-api-3.1.4.jar:/home/user/.m2/repository/com/fasterxml/woodstox/woodstox-core/5.0.3/woodstox-core-5.0.3.jar:/home/user/.m2/repository/javax/enterprise/cdi-api/1.2/cdi-api-1.2.jar:/home/user/.m2/repository/javax/el/javax.el-api/3.0.0/javax.el-api-3.0.0.jar:/home/user/.m2/repository/javax/interceptor/javax.interceptor-api/1.2/javax.interceptor-api-1.2.jar:/home/user/.m2/repository/javax/inject/javax.inject/1/javax.inject-1.jar:/home/user/.m2/repository/com/sun/xml/bind/jaxb-impl/2.3.0.1/jaxb-impl-2.3.0.1.jar:/home/user/.m2/repository/com/sun/xml/bind/jaxb-core/2.3.0.1/jaxb-core-2.3.0.1.jar:/home/user/.m2/repository/javax/xml/bind/jaxb-api/2.3.0/jaxb-api-2.3.0.jar:/home/user/.m2/repository/javax/activation/activation/1.1.1/activation-1.1.1.jar:/home/user/.m2/repository/org/apache/hadoop/hadoop-ozone-csi/1.1.0-SNAPSHOT/hadoop-ozone-csi-1.1.0-SNAPSHOT.jar:/home/user/.m2/repository/com/google/protobuf/protobuf-java-util/3.11.0/protobuf-java-util-3.11.0.jar:/home/user/.m2/repository/com/google/code/gson/gson/2.2.4/gson-2.2.4.jar:/home/user/.m2/repository/org/apache/hadoop/hadoop-hdds-config/1.1.0-SNAPSHOT/hadoop-hdds-config-1.1.0-SNAPSHOT.jar:/home/user/.m2/repository/com/google/protobuf/protobuf-java/2.5.0/protobuf-java-2.5.0.jar:/home/user/.m2/repository/io/grpc/grpc-netty/1.29.0/grpc-netty-1.29.0.jar:/home/user/.m2/repository/io/grpc/grpc-core/1.29.0/grpc-core-1.29.0.jar:/home/user/.m2/repository/com/google/android/annotations/4.1.1.4/annotations-4.1.1.4.jar:/home/user/.m2/repository/io/perfmark/perfmark-api/0.19.0/perfmark-api-0.19.0.jar:/home/user/.m2/repository/io/netty/netty-codec-http2/4.1.48.Final/netty-codec-http2-4.1.48.Final.jar:/home/user/.m2/repository/io/netty/netty-codec/4.1.48.Final/netty-codec-4.1.48.Final.jar:/home/user/.m2/repository/io/netty/netty-handler/4.1.48.Final/netty-handler-4.1.48.Final.jar:/home/user/.m2/repository/io/netty/netty-codec-http/4.1.48.Final/netty-codec-http-4.1.48.Final.jar:/home/user/.m2/repository/io/netty/netty-handler-proxy/4.1.48.Final/netty-handler-proxy-4.1.48.Final.jar:/home/user/.m2/repository/io/netty/netty-codec-socks/4.1.48.Final/netty-codec-socks-4.1.48.Final.jar:/home/user/.m2/repository/io/netty/netty-transport-native-epoll/4.1.48.Final/netty-transport-native-epoll-4.1.48.Final.jar:/home/user/.m2/repository/io/netty/netty-common/4.1.48.Final/netty-common-4.1.48.Final.jar:/home/user/.m2/repository/io/netty/netty-buffer/4.1.48.Final/netty-buffer-4.1.48.Final.jar:/home/user/.m2/repository/io/netty/netty-transport/4.1.48.Final/netty-transport-4.1.48.Final.jar:/home/user/.m2/repository/io/netty/netty-resolver/4.1.48.Final/netty-resolver-4.1.48.Final.jar:/home/user/.m2/repository/io/netty/netty-transport-native-unix-common/4.1.48.Final/netty-transport-native-unix-common-4.1.48.Final.jar:/home/user/.m2/repository/io/grpc/grpc-protobuf/1.29.0/grpc-protobuf-1.29.0.jar:/home/user/.m2/repository/io/grpc/grpc-api/1.29.0/grpc-api-1.29.0.jar:/home/user/.m2/repository/io/grpc/grpc-context/1.29.0/grpc-context-1.29.0.jar:/home/user/.m2/repository/org/codehaus/mojo/animal-sniffer-annotations/1.18/animal-sniffer-annotations-1.18.jar:/home/user/.m2/repository/com/google/api/grpc/proto-google-common-protos/1.17.0/proto-google-common-protos-1.17.0.jar:/home/user/.m2/repository/io/grpc/grpc-protobuf-lite/1.29.0/grpc-protobuf-lite-1.29.0.jar:/home/user/.m2/repository/io/grpc/grpc-stub/1.29.0/grpc-stub-1.29.0.jar:/home/user/.m2/repository/org/apache/hadoop/hadoop-ozone-recon/1.1.0-SNAPSHOT/hadoop-ozone-recon-1.1.0-SNAPSHOT.jar:/home/user/.m2/repository/org/apache/hadoop/hadoop-ozone-reconcodegen/1.1.0-SNAPSHOT/hadoop-ozone-reconcodegen-1.1.0-SNAPSHOT.jar:/home/user/.m2/repository/com/google/inject/extensions/guice-multibindings/4.0/guice-multibindings-4.0.jar:/home/user/.m2/repository/com/google/inject/guice/4.0/guice-4.0.jar:/home/user/.m2/repository/aopalliance/aopalliance/1.0/aopalliance-1.0.jar:/home/user/.m2/repository/com/google/inject/extensions/guice-assistedinject/4.0/guice-assistedinject-4.0.jar:/home/user/.m2/repository/com/google/inject/extensions/guice-servlet/4.0/guice-servlet-4.0.jar:/home/user/.m2/repository/org/glassfish/jersey/containers/jersey-container-servlet/2.27/jersey-container-servlet-2.27.jar:/home/user/.m2/repository/org/glassfish/hk2/guice-bridge/2.5.0/guice-bridge-2.5.0.jar:/home/user/.m2/repository/org/glassfish/jersey/core/jersey-server/2.27/jersey-server-2.27.jar:/home/user/.m2/repository/org/glassfish/jersey/core/jersey-client/2.27/jersey-client-2.27.jar:/home/user/.m2/repository/org/glassfish/jersey/media/jersey-media-jaxb/2.27/jersey-media-jaxb-2.27.jar:/home/user/.m2/repository/javax/validation/validation-api/1.1.0.Final/validation-api-1.1.0.Final.jar:/home/user/.m2/repository/org/glassfish/jersey/media/jersey-media-json-jackson/2.27/jersey-media-json-jackson-2.27.jar:/home/user/.m2/repository/org/glassfish/jersey/ext/jersey-entity-filtering/2.27/jersey-entity-filtering-2.27.jar:/home/user/.m2/repository/org/jooq/jooq/3.11.10/jooq-3.11.10.jar:/home/user/.m2/repository/org/jooq/jooq-meta/3.11.10/jooq-meta-3.11.10.jar:/home/user/.m2/repository/org/jooq/jooq-codegen/3.11.10/jooq-codegen-3.11.10.jar:/home/user/.m2/repository/com/jolbox/bonecp/0.8.0.RELEASE/bonecp-0.8.0.RELEASE.jar:/home/user/.m2/repository/org/apache/derby/derby/10.14.2.0/derby-10.14.2.0.jar:/home/user/.m2/repository/org/xerial/sqlite-jdbc/3.25.2/sqlite-jdbc-3.25.2.jar:/home/user/.m2/repository/org/springframework/spring-jdbc/5.2.5.RELEASE/spring-jdbc-5.2.5.RELEASE.jar:/home/user/.m2/repository/org/springframework/spring-beans/5.2.5.RELEASE/spring-beans-5.2.5.RELEASE.jar:/home/user/.m2/repository/org/springframework/spring-core/5.2.5.RELEASE/spring-core-5.2.5.RELEASE.jar:/home/user/.m2/repository/org/springframework/spring-jcl/5.2.5.RELEASE/spring-jcl-5.2.5.RELEASE.jar:/home/user/.m2/repository/org/springframework/spring-tx/5.2.5.RELEASE/spring-tx-5.2.5.RELEASE.jar:/home/user/.m2/repository/org/apache/hadoop/hadoop-ozone-client/1.1.0-SNAPSHOT/hadoop-ozone-client-1.1.0-SNAPSHOT.jar:/home/user/.m2/repository/org/apache/hadoop/hadoop-ozone-filesystem/1.1.0-SNAPSHOT/hadoop-ozone-filesystem-1.1.0-SNAPSHOT.jar:/home/user/.m2/repository/org/apache/hadoop/hadoop-ozone-filesystem-common/1.1.0-SNAPSHOT/hadoop-ozone-filesystem-common-1.1.0-SNAPSHOT.jar:/home/user/.m2/repository/org/apache/hadoop/hadoop-ozone-tools/1.1.0-SNAPSHOT/hadoop-ozone-tools-1.1.0-SNAPSHOT.jar:/home/user/.m2/repository/org/apache/ratis/ratis-tools/1.1.0-913f5a4-SNAPSHOT/ratis-tools-1.1.0-913f5a4-SNAPSHOT.jar:/home/user/.m2/repository/org/apache/ratis/ratis-proto/1.1.0-913f5a4-SNAPSHOT/ratis-proto-1.1.0-913f5a4-SNAPSHOT.jar:/home/user/.m2/repository/org/apache/ratis/ratis-common/1.1.0-913f5a4-SNAPSHOT/ratis-common-1.1.0-913f5a4-SNAPSHOT.jar:/home/user/.m2/repository/com/amazonaws/aws-java-sdk-core/1.11.615/aws-java-sdk-core-1.11.615.jar:/home/user/.m2/repository/org/apache/httpcomponents/httpclient/4.5.13/httpclient-4.5.13.jar:/home/user/.m2/repository/org/apache/httpcomponents/httpcore/4.4.13/httpcore-4.4.13.jar:/home/user/.m2/repository/software/amazon/ion/ion-java/1.0.2/ion-java-1.0.2.jar:/home/user/.m2/repository/com/fasterxml/jackson/dataformat/jackson-dataformat-cbor/2.10.3/jackson-dataformat-cbor-2.10.3.jar:/home/user/.m2/repository/joda-time/joda-time/2.8.1/joda-time-2.8.1.jar:/home/user/.m2/repository/com/amazonaws/aws-java-sdk-s3/1.11.615/aws-java-sdk-s3-1.11.615.jar:/home/user/.m2/repository/com/amazonaws/aws-java-sdk-kms/1.11.615/aws-java-sdk-kms-1.11.615.jar:/home/user/.m2/repository/com/amazonaws/jmespath-java/1.11.615/jmespath-java-1.11.615.jar:/home/user/.m2/repository/org/kohsuke/metainf-services/metainf-services/1.8/metainf-services-1.8.jar:/home/user/.m2/repository/org/apache/hadoop/hadoop-hdds-tools/1.1.0-SNAPSHOT/hadoop-hdds-tools-1.1.0-SNAPSHOT.jar:/home/user/.m2/repository/commons-cli/commons-cli/1.2/commons-cli-1.2.jar:/home/user/.m2/repository/org/apache/commons/commons-lang3/3.7/commons-lang3-3.7.jar:/home/user/.m2/repository/org/apache/hadoop/hadoop-ozone-ozone-manager/1.1.0-SNAPSHOT/hadoop-ozone-ozone-manager-1.1.0-SNAPSHOT-tests.jar:/home/user/.m2/repository/org/apache/hadoop/hadoop-hdds-common/1.1.0-SNAPSHOT/hadoop-hdds-common-1.1.0-SNAPSHOT-tests.jar:/home/user/.m2/repository/org/apache/hadoop/hadoop-hdds-hadoop-dependency-client/1.1.0-SNAPSHOT/hadoop-hdds-hadoop-dependency-client-1.1.0-SNAPSHOT.jar:/home/user/.m2/repository/info/picocli/picocli/4.4.0/picocli-4.4.0.jar:/home/user/.m2/repository/com/fasterxml/jackson/core/jackson-annotations/2.10.3/jackson-annotations-2.10.3.jar:/home/user/.m2/repository/javax/annotation/javax.annotation-api/1.2/javax.annotation-api-1.2.jar:/home/user/.m2/repository/org/fusesource/leveldbjni/leveldbjni-all/1.8/leveldbjni-all-1.8.jar:/home/user/.m2/repository/org/apache/ratis/ratis-server/1.1.0-913f5a4-SNAPSHOT/ratis-server-1.1.0-913f5a4-SNAPSHOT.jar:/home/user/.m2/repository/org/apache/ratis/ratis-client/1.1.0-913f5a4-SNAPSHOT/ratis-client-1.1.0-913f5a4-SNAPSHOT.jar:/home/user/.m2/repository/org/apache/ratis/ratis-metrics/1.1.0-913f5a4-SNAPSHOT/ratis-metrics-1.1.0-913f5a4-SNAPSHOT.jar:/home/user/.m2/repository/org/apache/ratis/ratis-netty/1.1.0-913f5a4-SNAPSHOT/ratis-netty-1.1.0-913f5a4-SNAPSHOT.jar:/home/user/.m2/repository/org/apache/ratis/ratis-grpc/1.1.0-913f5a4-SNAPSHOT/ratis-grpc-1.1.0-913f5a4-SNAPSHOT.jar:/home/user/.m2/repository/org/apache/logging/log4j/log4j-api/2.13.3/log4j-api-2.13.3.jar:/home/user/.m2/repository/org/apache/logging/log4j/log4j-core/2.13.3/log4j-core-2.13.3.jar:/home/user/.m2/repository/com/lmax/disruptor/3.4.2/disruptor-3.4.2.jar:/home/user/.m2/repository/org/apache/commons/commons-pool2/2.6.0/commons-pool2-2.6.0.jar:/home/user/.m2/repository/org/bouncycastle/bcpkix-jdk15on/1.60/bcpkix-jdk15on-1.60.jar:/home/user/.m2/repository/commons-validator/commons-validator/1.6/commons-validator-1.6.jar:/home/user/.m2/repository/commons-beanutils/commons-beanutils/1.9.4/commons-beanutils-1.9.4.jar:/home/user/.m2/repository/commons-digester/commons-digester/1.8.1/commons-digester-1.8.1.jar:/home/user/.m2/repository/commons-collections/commons-collections/3.2.2/commons-collections-3.2.2.jar:/home/user/.m2/repository/io/jaegertracing/jaeger-client/1.2.0/jaeger-client-1.2.0.jar:/home/user/.m2/repository/io/jaegertracing/jaeger-thrift/1.2.0/jaeger-thrift-1.2.0.jar:/home/user/.m2/repository/org/apache/thrift/libthrift/0.13.0/libthrift-0.13.0.jar:/home/user/.m2/repository/com/squareup/okhttp3/okhttp/4.2.2/okhttp-4.2.2.jar:/home/user/.m2/repository/com/squareup/okio/okio/2.2.2/okio-2.2.2.jar:/home/user/.m2/repository/org/jetbrains/kotlin/kotlin-stdlib/1.3.50/kotlin-stdlib-1.3.50.jar:/home/user/.m2/repository/org/jetbrains/kotlin/kotlin-stdlib-common/1.3.50/kotlin-stdlib-common-1.3.50.jar:/home/user/.m2/repository/org/jetbrains/annotations/13.0/annotations-13.0.jar:/home/user/.m2/repository/io/jaegertracing/jaeger-core/1.2.0/jaeger-core-1.2.0.jar:/home/user/.m2/repository/io/jaegertracing/jaeger-tracerresolver/1.2.0/jaeger-tracerresolver-1.2.0.jar:/home/user/.m2/repository/io/opentracing/contrib/opentracing-tracerresolver/0.1.8/opentracing-tracerresolver-0.1.8.jar:/home/user/.m2/repository/io/opentracing/opentracing-util/0.33.0/opentracing-util-0.33.0.jar:/home/user/.m2/repository/io/opentracing/opentracing-api/0.33.0/opentracing-api-0.33.0.jar:/home/user/.m2/repository/io/opentracing/opentracing-noop/0.33.0/opentracing-noop-0.33.0.jar:/home/user/.m2/repository/org/yaml/snakeyaml/1.26/snakeyaml-1.26.jar:/home/user/.m2/repository/junit/junit/4.11/junit-4.11.jar:/home/user/.m2/repository/org/hamcrest/hamcrest-core/1.3/hamcrest-core-1.3.jar:/home/user/.m2/repository/org/openjdk/jmh/jmh-core/1.19/jmh-core-1.19.jar:/home/user/.m2/repository/net/sf/jopt-simple/jopt-simple/4.6/jopt-simple-4.6.jar:/home/user/.m2/repository/org/apache/commons/commons-math3/3.1.1/commons-math3-3.1.1.jar:/home/user/.m2/repository/org/openjdk/jmh/jmh-generator-annprocess/1.19/jmh-generator-annprocess-1.19.jar:/home/user/.m2/repository/org/mockito/mockito-all/1.8.5/mockito-all-1.8.5.jar:/home/user/.m2/repository/org/apache/hadoop/hadoop-kms/3.2.1/hadoop-kms-3.2.1.jar:/home/user/.m2/repository/org/apache/hadoop/hadoop-auth/3.2.1/hadoop-auth-3.2.1.jar:/home/user/.m2/repository/com/nimbusds/nimbus-jose-jwt/7.9/nimbus-jose-jwt-7.9.jar:/home/user/.m2/repository/com/github/stephenc/jcip/jcip-annotations/1.0-1/jcip-annotations-1.0-1.jar:/home/user/.m2/repository/net/minidev/json-smart/2.3/json-smart-2.3.jar:/home/user/.m2/repository/net/minidev/accessors-smart/1.2/accessors-smart-1.2.jar:/home/user/.m2/repository/org/ow2/asm/asm/5.0.4/asm-5.0.4.jar:/home/user/.m2/repository/org/apache/zookeeper/zookeeper/3.4.13/zookeeper-3.4.13.jar:/home/user/.m2/repository/org/apache/yetus/audience-annotations/0.5.0/audience-annotations-0.5.0.jar:/home/user/.m2/repository/org/apache/curator/curator-framework/2.13.0/curator-framework-2.13.0.jar:/home/user/.m2/repository/com/sun/jersey/jersey-core/1.19/jersey-core-1.19.jar:/home/user/.m2/repository/javax/ws/rs/jsr311-api/1.1.1/jsr311-api-1.1.1.jar:/home/user/.m2/repository/com/sun/jersey/jersey-server/1.19/jersey-server-1.19.jar:/home/user/.m2/repository/javax/servlet/javax.servlet-api/3.1.0/javax.servlet-api-3.1.0.jar:/home/user/.m2/repository/org/eclipse/jetty/jetty-server/9.4.34.v20201102/jetty-server-9.4.34.v20201102.jar:/home/user/.m2/repository/org/eclipse/jetty/jetty-http/9.4.34.v20201102/jetty-http-9.4.34.v20201102.jar:/home/user/.m2/repository/org/eclipse/jetty/jetty-io/9.4.34.v20201102/jetty-io-9.4.34.v20201102.jar:/home/user/.m2/repository/org/eclipse/jetty/jetty-webapp/9.4.34.v20201102/jetty-webapp-9.4.34.v20201102.jar:/home/user/.m2/repository/org/eclipse/jetty/jetty-xml/9.4.34.v20201102/jetty-xml-9.4.34.v20201102.jar:/home/user/.m2/repository/org/apache/hadoop/hadoop-common/3.2.1/hadoop-common-3.2.1.jar:/home/user/.m2/repository/commons-net/commons-net/3.6/commons-net-3.6.jar:/home/user/.m2/repository/com/sun/jersey/jersey-servlet/1.19/jersey-servlet-1.19.jar:/home/user/.m2/repository/com/sun/jersey/jersey-json/1.19/jersey-json-1.19.jar:/home/user/.m2/repository/org/codehaus/jettison/jettison/1.1/jettison-1.1.jar:/home/user/.m2/repository/org/codehaus/jackson/jackson-jaxrs/1.9.2/jackson-jaxrs-1.9.2.jar:/home/user/.m2/repository/org/codehaus/jackson/jackson-xc/1.9.2/jackson-xc-1.9.2.jar:/home/user/.m2/repository/org/apache/commons/commons-configuration2/2.1.1/commons-configuration2-2.1.1.jar:/home/user/.m2/repository/org/apache/commons/commons-text/1.4/commons-text-1.4.jar:/home/user/.m2/repository/com/google/re2j/re2j/1.1/re2j-1.1.jar:/home/user/.m2/repository/com/jcraft/jsch/0.1.54/jsch-0.1.54.jar:/home/user/.m2/repository/org/apache/curator/curator-client/2.13.0/curator-client-2.13.0.jar:/home/user/.m2/repository/org/apache/curator/curator-recipes/2.13.0/curator-recipes-2.13.0.jar:/home/user/.m2/repository/dnsjava/dnsjava/2.1.7/dnsjava-2.1.7.jar:/home/user/.m2/repository/org/slf4j/jul-to-slf4j/1.7.30/jul-to-slf4j-1.7.30.jar:/home/user/.m2/repository/org/eclipse/jetty/jetty-util/9.4.34.v20201102/jetty-util-9.4.34.v20201102.jar:/home/user/.m2/repository/com/fasterxml/jackson/core/jackson-databind/2.10.3/jackson-databind-2.10.3.jar:/home/user/.m2/repository/org/apache/hadoop/hadoop-kms/3.2.1/hadoop-kms-3.2.1-tests.jar:/home/user/.m2/repository/org/apache/hadoop/hadoop-hdds-server-scm/1.1.0-SNAPSHOT/hadoop-hdds-server-scm-1.1.0-SNAPSHOT-tests.jar:/home/user/.m2/repository/org/apache/hadoop/hadoop-hdds-container-service/1.1.0-SNAPSHOT/hadoop-hdds-container-service-1.1.0-SNAPSHOT-tests.jar:/home/user/.m2/repository/commons-codec/commons-codec/1.11/commons-codec-1.11.jar:/home/user/.m2/repository/org/apache/hadoop/hadoop-hdds-hadoop-dependency-test/1.1.0-SNAPSHOT/hadoop-hdds-hadoop-dependency-test-1.1.0-SNAPSHOT.jar:/home/user/.m2/repository/org/apache/hadoop/hadoop-common/3.2.1/hadoop-common-3.2.1-tests.jar:/home/user/.m2/repository/org/apache/hadoop/hadoop-hdfs/3.2.1/hadoop-hdfs-3.2.1-tests.jar:/home/user/.m2/repository/org/eclipse/jetty/jetty-util-ajax/9.4.34.v20201102/jetty-util-ajax-9.4.34.v20201102.jar:/home/user/.m2/repository/commons-daemon/commons-daemon/1.0.13/commons-daemon-1.0.13.jar:/home/user/.m2/repository/io/netty/netty/3.10.5.Final/netty-3.10.5.Final.jar:/home/user/.m2/repository/io/netty/netty-all/4.1.48.Final/netty-all-4.1.48.Final.jar:/home/user/.m2/repository/org/apache/htrace/htrace-core4/4.1.0-incubating/htrace-core4-4.1.0-incubating.jar:/home/user/.m2/repository/org/apache/hadoop/hadoop-distcp/3.2.1/hadoop-distcp-3.2.1.jar:/home/user/.m2/repository/org/apache/hadoop/hadoop-mapreduce-client-jobclient/3.2.1/hadoop-mapreduce-client-jobclient-3.2.1.jar:/home/user/.m2/repository/org/apache/hadoop/hadoop-mapreduce-client-common/3.2.1/hadoop-mapreduce-client-common-3.2.1.jar:/home/user/.m2/repository/org/apache/hadoop/hadoop-yarn-common/3.2.1/hadoop-yarn-common-3.2.1.jar:/home/user/.m2/repository/org/apache/hadoop/hadoop-yarn-api/3.2.1/hadoop-yarn-api-3.2.1.jar:/home/user/.m2/repository/com/sun/jersey/jersey-client/1.19/jersey-client-1.19.jar:/home/user/.m2/repository/com/sun/jersey/contribs/jersey-guice/1.19/jersey-guice-1.19.jar:/home/user/.m2/repository/com/fasterxml/jackson/jaxrs/jackson-jaxrs-json-provider/2.10.3/jackson-jaxrs-json-provider-2.10.3.jar:/home/user/.m2/repository/com/fasterxml/jackson/jaxrs/jackson-jaxrs-base/2.10.3/jackson-jaxrs-base-2.10.3.jar:/home/user/.m2/repository/org/apache/hadoop/hadoop-yarn-client/3.2.1/hadoop-yarn-client-3.2.1.jar:/home/user/.m2/repository/org/apache/hadoop/hadoop-mapreduce-client-core/3.2.1/hadoop-mapreduce-client-core-3.2.1.jar:/home/user/.m2/repository/org/apache/avro/avro/1.7.7/avro-1.7.7.jar:/home/user/.m2/repository/org/codehaus/jackson/jackson-core-asl/1.9.13/jackson-core-asl-1.9.13.jar:/home/user/.m2/repository/org/codehaus/jackson/jackson-mapper-asl/1.9.13/jackson-mapper-asl-1.9.13.jar:/home/user/.m2/repository/com/thoughtworks/paranamer/paranamer/2.3/paranamer-2.3.jar:/home/user/.m2/repository/org/xerial/snappy/snappy-java/1.0.5/snappy-java-1.0.5.jar:/home/user/.m2/repository/org/apache/hadoop/hadoop-annotations/3.2.1/hadoop-annotations-3.2.1.jar:/usr/lib/jvm/java-1.8.0-openjdk-1.8.0.232.b09-0.el7_7.x86_64/jre/../lib/tools.jar:/home/user/.m2/repository/org/apache/hadoop/hadoop-distcp/3.2.1/hadoop-distcp-3.2.1-tests.jar:"/>
    <property name="java.vm.vendor" value="Oracle Corporation"/>
    <property name="sun.arch.data.model" value="64"/>
    <property name="test.build.dir" value="/github/workspace/mnt/ozone/hadoop-ozone/integration-test/target/test-dir"/>
    <property name="test.cache.data" value=""/>
    <property name="java.vendor.url" value="http://java.oracle.com/"/>
    <property name="user.timezone" value=""/>
    <property name="java.vm.specification.version" value="1.8"/>
    <property name="os.name" value="Linux"/>
    <property name="test.build.data" value="/github/workspace/mnt/ozone/hadoop-ozone/integration-test/target/test-dir"/>
    <property name="user.country" value="US"/>
    <property name="sun.java.launcher" value="SUN_STANDARD"/>
    <property name="sun.boot.library.path" value="/usr/lib/jvm/java-1.8.0-openjdk-1.8.0.232.b09-0.el7_7.x86_64/jre/lib/amd64"/>
    <property name="sun.java.command" value="/github/workspace/mnt/ozone/hadoop-ozone/integration-test/target/surefire/surefirebooter5256018263348537319.jar /github/workspace/mnt/ozone/hadoop-ozone/integration-test/target/surefire 2020-12-03T13-09-05_532-jvmRun1 surefire2752748708135106197tmp surefire_577159115361455017532tmp"/>
    <property name="surefire.test.class.path" value="/github/workspace/mnt/ozone/hadoop-ozone/integration-test/target/test-classes:/github/workspace/mnt/ozone/hadoop-ozone/integration-test/target/classes:/home/user/.m2/repository/org/apache/hadoop/hadoop-ozone-common/1.1.0-SNAPSHOT/hadoop-ozone-common-1.1.0-SNAPSHOT.jar:/home/user/.m2/repository/org/apache/commons/commons-compress/1.4.1/commons-compress-1.4.1.jar:/home/user/.m2/repository/org/tukaani/xz/1.0/xz-1.0.jar:/home/user/.m2/repository/org/apache/hadoop/hadoop-hdds-common/1.1.0-SNAPSHOT/hadoop-hdds-common-1.1.0-SNAPSHOT.jar:/home/user/.m2/repository/org/apache/hadoop/hadoop-hdds-client/1.1.0-SNAPSHOT/hadoop-hdds-client-1.1.0-SNAPSHOT.jar:/home/user/.m2/repository/org/apache/hadoop/hadoop-ozone-interface-client/1.1.0-SNAPSHOT/hadoop-ozone-interface-client-1.1.0-SNAPSHOT.jar:/home/user/.m2/repository/org/apache/hadoop/hadoop-hdds-test-utils/1.1.0-SNAPSHOT/hadoop-hdds-test-utils-1.1.0-SNAPSHOT.jar:/home/user/.m2/repository/com/google/guava/guava/28.2-jre/guava-28.2-jre.jar:/home/user/.m2/repository/com/google/guava/failureaccess/1.0.1/failureaccess-1.0.1.jar:/home/user/.m2/repository/com/google/guava/listenablefuture/9999.0-empty-to-avoid-conflict-with-guava/listenablefuture-9999.0-empty-to-avoid-conflict-with-guava.jar:/home/user/.m2/repository/com/google/code/findbugs/jsr305/3.0.0/jsr305-3.0.0.jar:/home/user/.m2/repository/org/checkerframework/checker-qual/2.10.0/checker-qual-2.10.0.jar:/home/user/.m2/repository/com/google/errorprone/error_prone_annotations/2.2.0/error_prone_annotations-2.2.0.jar:/home/user/.m2/repository/com/google/j2objc/j2objc-annotations/1.3/j2objc-annotations-1.3.jar:/home/user/.m2/repository/commons-io/commons-io/2.5/commons-io-2.5.jar:/home/user/.m2/repository/commons-logging/commons-logging/1.2/commons-logging-1.2.jar:/home/user/.m2/repository/log4j/log4j/1.2.17/log4j-1.2.17.jar:/home/user/.m2/repository/org/slf4j/slf4j-api/1.7.30/slf4j-api-1.7.30.jar:/home/user/.m2/repository/org/apache/hadoop/hadoop-hdds-server-scm/1.1.0-SNAPSHOT/hadoop-hdds-server-scm-1.1.0-SNAPSHOT.jar:/home/user/.m2/repository/org/apache/hadoop/hadoop-hdds-container-service/1.1.0-SNAPSHOT/hadoop-hdds-container-service-1.1.0-SNAPSHOT.jar:/home/user/.m2/repository/org/apache/hadoop/hadoop-hdds-hadoop-dependency-server/1.1.0-SNAPSHOT/hadoop-hdds-hadoop-dependency-server-1.1.0-SNAPSHOT.jar:/home/user/.m2/repository/org/apache/hadoop/hadoop-hdfs/3.2.1/hadoop-hdfs-3.2.1.jar:/home/user/.m2/repository/org/apache/hadoop/hadoop-hdds-server-framework/1.1.0-SNAPSHOT/hadoop-hdds-server-framework-1.1.0-SNAPSHOT.jar:/home/user/.m2/repository/org/apache/hadoop/hadoop-hdds-interface-server/1.1.0-SNAPSHOT/hadoop-hdds-interface-server-1.1.0-SNAPSHOT.jar:/home/user/.m2/repository/org/apache/hadoop/hadoop-hdds-interface-admin/1.1.0-SNAPSHOT/hadoop-hdds-interface-admin-1.1.0-SNAPSHOT.jar:/home/user/.m2/repository/org/eclipse/jetty/jetty-servlet/9.4.34.v20201102/jetty-servlet-9.4.34.v20201102.jar:/home/user/.m2/repository/org/eclipse/jetty/jetty-security/9.4.34.v20201102/jetty-security-9.4.34.v20201102.jar:/home/user/.m2/repository/org/rocksdb/rocksdbjni/6.8.1/rocksdbjni-6.8.1.jar:/home/user/.m2/repository/io/prometheus/simpleclient_dropwizard/0.7.0/simpleclient_dropwizard-0.7.0.jar:/home/user/.m2/repository/io/prometheus/simpleclient/0.7.0/simpleclient-0.7.0.jar:/home/user/.m2/repository/io/prometheus/simpleclient_common/0.7.0/simpleclient_common-0.7.0.jar:/home/user/.m2/repository/com/fasterxml/jackson/datatype/jackson-datatype-jsr310/2.10.3/jackson-datatype-jsr310-2.10.3.jar:/home/user/.m2/repository/io/dropwizard/metrics/metrics-core/3.2.4/metrics-core-3.2.4.jar:/home/user/.m2/repository/org/apache/hadoop/hadoop-hdfs-client/3.2.1/hadoop-hdfs-client-3.2.1.jar:/home/user/.m2/repository/org/bouncycastle/bcprov-jdk15on/1.60/bcprov-jdk15on-1.60.jar:/home/user/.m2/repository/org/apache/hadoop/hadoop-ozone-ozone-manager/1.1.0-SNAPSHOT/hadoop-ozone-ozone-manager-1.1.0-SNAPSHOT.jar:/home/user/.m2/repository/org/apache/hadoop/hadoop-hdds-interface-client/1.1.0-SNAPSHOT/hadoop-hdds-interface-client-1.1.0-SNAPSHOT.jar:/home/user/.m2/repository/org/apache/ratis/ratis-thirdparty-misc/0.6.0-SNAPSHOT/ratis-thirdparty-misc-0.6.0-SNAPSHOT.jar:/home/user/.m2/repository/org/apache/hadoop/hadoop-ozone-interface-storage/1.1.0-SNAPSHOT/hadoop-ozone-interface-storage-1.1.0-SNAPSHOT.jar:/home/user/.m2/repository/org/apache/hadoop/hadoop-minikdc/3.2.1/hadoop-minikdc-3.2.1.jar:/home/user/.m2/repository/org/apache/kerby/kerb-simplekdc/1.0.1/kerb-simplekdc-1.0.1.jar:/home/user/.m2/repository/org/apache/kerby/kerb-client/1.0.1/kerb-client-1.0.1.jar:/home/user/.m2/repository/org/apache/kerby/kerby-config/1.0.1/kerby-config-1.0.1.jar:/home/user/.m2/repository/org/apache/kerby/kerb-core/1.0.1/kerb-core-1.0.1.jar:/home/user/.m2/repository/org/apache/kerby/kerby-pkix/1.0.1/kerby-pkix-1.0.1.jar:/home/user/.m2/repository/org/apache/kerby/kerby-asn1/1.0.1/kerby-asn1-1.0.1.jar:/home/user/.m2/repository/org/apache/kerby/kerby-util/1.0.1/kerby-util-1.0.1.jar:/home/user/.m2/repository/org/apache/kerby/kerb-common/1.0.1/kerb-common-1.0.1.jar:/home/user/.m2/repository/org/apache/kerby/kerb-crypto/1.0.1/kerb-crypto-1.0.1.jar:/home/user/.m2/repository/org/apache/kerby/kerb-util/1.0.1/kerb-util-1.0.1.jar:/home/user/.m2/repository/org/apache/kerby/token-provider/1.0.1/token-provider-1.0.1.jar:/home/user/.m2/repository/org/apache/kerby/kerb-admin/1.0.1/kerb-admin-1.0.1.jar:/home/user/.m2/repository/org/apache/kerby/kerb-server/1.0.1/kerb-server-1.0.1.jar:/home/user/.m2/repository/org/apache/kerby/kerb-identity/1.0.1/kerb-identity-1.0.1.jar:/home/user/.m2/repository/org/apache/kerby/kerby-xdr/1.0.1/kerby-xdr-1.0.1.jar:/home/user/.m2/repository/org/slf4j/slf4j-log4j12/1.7.30/slf4j-log4j12-1.7.30.jar:/home/user/.m2/repository/org/apache/hadoop/hadoop-ozone-s3gateway/1.1.0-SNAPSHOT/hadoop-ozone-s3gateway-1.1.0-SNAPSHOT.jar:/home/user/.m2/repository/org/jboss/weld/servlet/weld-servlet/2.4.7.Final/weld-servlet-2.4.7.Final.jar:/home/user/.m2/repository/org/glassfish/jersey/containers/jersey-container-servlet-core/2.27/jersey-container-servlet-core-2.27.jar:/home/user/.m2/repository/org/glassfish/hk2/external/javax.inject/2.5.0-b42/javax.inject-2.5.0-b42.jar:/home/user/.m2/repository/org/glassfish/jersey/core/jersey-common/2.27/jersey-common-2.27.jar:/home/user/.m2/repository/org/glassfish/hk2/osgi-resource-locator/1.0.1/osgi-resource-locator-1.0.1.jar:/home/user/.m2/repository/javax/ws/rs/javax.ws.rs-api/2.1/javax.ws.rs-api-2.1.jar:/home/user/.m2/repository/org/glassfish/jersey/ext/cdi/jersey-cdi1x/2.27/jersey-cdi1x-2.27.jar:/home/user/.m2/repository/org/glassfish/jersey/inject/jersey-hk2/2.27/jersey-hk2-2.27.jar:/home/user/.m2/repository/org/glassfish/hk2/hk2-locator/2.5.0-b42/hk2-locator-2.5.0-b42.jar:/home/user/.m2/repository/org/javassist/javassist/3.22.0-CR2/javassist-3.22.0-CR2.jar:/home/user/.m2/repository/org/glassfish/hk2/hk2-api/2.5.0/hk2-api-2.5.0.jar:/home/user/.m2/repository/org/glassfish/hk2/external/jakarta.inject/2.5.0/jakarta.inject-2.5.0.jar:/home/user/.m2/repository/org/glassfish/hk2/hk2-utils/2.5.0/hk2-utils-2.5.0.jar:/home/user/.m2/repository/jakarta/annotation/jakarta.annotation-api/1.3.4/jakarta.annotation-api-1.3.4.jar:/home/user/.m2/repository/org/glassfish/hk2/external/aopalliance-repackaged/2.5.0/aopalliance-repackaged-2.5.0.jar:/home/user/.m2/repository/com/fasterxml/jackson/dataformat/jackson-dataformat-xml/2.10.3/jackson-dataformat-xml-2.10.3.jar:/home/user/.m2/repository/com/fasterxml/jackson/core/jackson-core/2.10.3/jackson-core-2.10.3.jar:/home/user/.m2/repository/com/fasterxml/jackson/module/jackson-module-jaxb-annotations/2.10.3/jackson-module-jaxb-annotations-2.10.3.jar:/home/user/.m2/repository/jakarta/xml/bind/jakarta.xml.bind-api/2.3.2/jakarta.xml.bind-api-2.3.2.jar:/home/user/.m2/repository/jakarta/activation/jakarta.activation-api/1.2.1/jakarta.activation-api-1.2.1.jar:/home/user/.m2/repository/org/codehaus/woodstox/stax2-api/3.1.4/stax2-api-3.1.4.jar:/home/user/.m2/repository/com/fasterxml/woodstox/woodstox-core/5.0.3/woodstox-core-5.0.3.jar:/home/user/.m2/repository/javax/enterprise/cdi-api/1.2/cdi-api-1.2.jar:/home/user/.m2/repository/javax/el/javax.el-api/3.0.0/javax.el-api-3.0.0.jar:/home/user/.m2/repository/javax/interceptor/javax.interceptor-api/1.2/javax.interceptor-api-1.2.jar:/home/user/.m2/repository/javax/inject/javax.inject/1/javax.inject-1.jar:/home/user/.m2/repository/com/sun/xml/bind/jaxb-impl/2.3.0.1/jaxb-impl-2.3.0.1.jar:/home/user/.m2/repository/com/sun/xml/bind/jaxb-core/2.3.0.1/jaxb-core-2.3.0.1.jar:/home/user/.m2/repository/javax/xml/bind/jaxb-api/2.3.0/jaxb-api-2.3.0.jar:/home/user/.m2/repository/javax/activation/activation/1.1.1/activation-1.1.1.jar:/home/user/.m2/repository/org/apache/hadoop/hadoop-ozone-csi/1.1.0-SNAPSHOT/hadoop-ozone-csi-1.1.0-SNAPSHOT.jar:/home/user/.m2/repository/com/google/protobuf/protobuf-java-util/3.11.0/protobuf-java-util-3.11.0.jar:/home/user/.m2/repository/com/google/code/gson/gson/2.2.4/gson-2.2.4.jar:/home/user/.m2/repository/org/apache/hadoop/hadoop-hdds-config/1.1.0-SNAPSHOT/hadoop-hdds-config-1.1.0-SNAPSHOT.jar:/home/user/.m2/repository/com/google/protobuf/protobuf-java/2.5.0/protobuf-java-2.5.0.jar:/home/user/.m2/repository/io/grpc/grpc-netty/1.29.0/grpc-netty-1.29.0.jar:/home/user/.m2/repository/io/grpc/grpc-core/1.29.0/grpc-core-1.29.0.jar:/home/user/.m2/repository/com/google/android/annotations/4.1.1.4/annotations-4.1.1.4.jar:/home/user/.m2/repository/io/perfmark/perfmark-api/0.19.0/perfmark-api-0.19.0.jar:/home/user/.m2/repository/io/netty/netty-codec-http2/4.1.48.Final/netty-codec-http2-4.1.48.Final.jar:/home/user/.m2/repository/io/netty/netty-codec/4.1.48.Final/netty-codec-4.1.48.Final.jar:/home/user/.m2/repository/io/netty/netty-handler/4.1.48.Final/netty-handler-4.1.48.Final.jar:/home/user/.m2/repository/io/netty/netty-codec-http/4.1.48.Final/netty-codec-http-4.1.48.Final.jar:/home/user/.m2/repository/io/netty/netty-handler-proxy/4.1.48.Final/netty-handler-proxy-4.1.48.Final.jar:/home/user/.m2/repository/io/netty/netty-codec-socks/4.1.48.Final/netty-codec-socks-4.1.48.Final.jar:/home/user/.m2/repository/io/netty/netty-transport-native-epoll/4.1.48.Final/netty-transport-native-epoll-4.1.48.Final.jar:/home/user/.m2/repository/io/netty/netty-common/4.1.48.Final/netty-common-4.1.48.Final.jar:/home/user/.m2/repository/io/netty/netty-buffer/4.1.48.Final/netty-buffer-4.1.48.Final.jar:/home/user/.m2/repository/io/netty/netty-transport/4.1.48.Final/netty-transport-4.1.48.Final.jar:/home/user/.m2/repository/io/netty/netty-resolver/4.1.48.Final/netty-resolver-4.1.48.Final.jar:/home/user/.m2/repository/io/netty/netty-transport-native-unix-common/4.1.48.Final/netty-transport-native-unix-common-4.1.48.Final.jar:/home/user/.m2/repository/io/grpc/grpc-protobuf/1.29.0/grpc-protobuf-1.29.0.jar:/home/user/.m2/repository/io/grpc/grpc-api/1.29.0/grpc-api-1.29.0.jar:/home/user/.m2/repository/io/grpc/grpc-context/1.29.0/grpc-context-1.29.0.jar:/home/user/.m2/repository/org/codehaus/mojo/animal-sniffer-annotations/1.18/animal-sniffer-annotations-1.18.jar:/home/user/.m2/repository/com/google/api/grpc/proto-google-common-protos/1.17.0/proto-google-common-protos-1.17.0.jar:/home/user/.m2/repository/io/grpc/grpc-protobuf-lite/1.29.0/grpc-protobuf-lite-1.29.0.jar:/home/user/.m2/repository/io/grpc/grpc-stub/1.29.0/grpc-stub-1.29.0.jar:/home/user/.m2/repository/org/apache/hadoop/hadoop-ozone-recon/1.1.0-SNAPSHOT/hadoop-ozone-recon-1.1.0-SNAPSHOT.jar:/home/user/.m2/repository/org/apache/hadoop/hadoop-ozone-reconcodegen/1.1.0-SNAPSHOT/hadoop-ozone-reconcodegen-1.1.0-SNAPSHOT.jar:/home/user/.m2/repository/com/google/inject/extensions/guice-multibindings/4.0/guice-multibindings-4.0.jar:/home/user/.m2/repository/com/google/inject/guice/4.0/guice-4.0.jar:/home/user/.m2/repository/aopalliance/aopalliance/1.0/aopalliance-1.0.jar:/home/user/.m2/repository/com/google/inject/extensions/guice-assistedinject/4.0/guice-assistedinject-4.0.jar:/home/user/.m2/repository/com/google/inject/extensions/guice-servlet/4.0/guice-servlet-4.0.jar:/home/user/.m2/repository/org/glassfish/jersey/containers/jersey-container-servlet/2.27/jersey-container-servlet-2.27.jar:/home/user/.m2/repository/org/glassfish/hk2/guice-bridge/2.5.0/guice-bridge-2.5.0.jar:/home/user/.m2/repository/org/glassfish/jersey/core/jersey-server/2.27/jersey-server-2.27.jar:/home/user/.m2/repository/org/glassfish/jersey/core/jersey-client/2.27/jersey-client-2.27.jar:/home/user/.m2/repository/org/glassfish/jersey/media/jersey-media-jaxb/2.27/jersey-media-jaxb-2.27.jar:/home/user/.m2/repository/javax/validation/validation-api/1.1.0.Final/validation-api-1.1.0.Final.jar:/home/user/.m2/repository/org/glassfish/jersey/media/jersey-media-json-jackson/2.27/jersey-media-json-jackson-2.27.jar:/home/user/.m2/repository/org/glassfish/jersey/ext/jersey-entity-filtering/2.27/jersey-entity-filtering-2.27.jar:/home/user/.m2/repository/org/jooq/jooq/3.11.10/jooq-3.11.10.jar:/home/user/.m2/repository/org/jooq/jooq-meta/3.11.10/jooq-meta-3.11.10.jar:/home/user/.m2/repository/org/jooq/jooq-codegen/3.11.10/jooq-codegen-3.11.10.jar:/home/user/.m2/repository/com/jolbox/bonecp/0.8.0.RELEASE/bonecp-0.8.0.RELEASE.jar:/home/user/.m2/repository/org/apache/derby/derby/10.14.2.0/derby-10.14.2.0.jar:/home/user/.m2/repository/org/xerial/sqlite-jdbc/3.25.2/sqlite-jdbc-3.25.2.jar:/home/user/.m2/repository/org/springframework/spring-jdbc/5.2.5.RELEASE/spring-jdbc-5.2.5.RELEASE.jar:/home/user/.m2/repository/org/springframework/spring-beans/5.2.5.RELEASE/spring-beans-5.2.5.RELEASE.jar:/home/user/.m2/repository/org/springframework/spring-core/5.2.5.RELEASE/spring-core-5.2.5.RELEASE.jar:/home/user/.m2/repository/org/springframework/spring-jcl/5.2.5.RELEASE/spring-jcl-5.2.5.RELEASE.jar:/home/user/.m2/repository/org/springframework/spring-tx/5.2.5.RELEASE/spring-tx-5.2.5.RELEASE.jar:/home/user/.m2/repository/org/apache/hadoop/hadoop-ozone-client/1.1.0-SNAPSHOT/hadoop-ozone-client-1.1.0-SNAPSHOT.jar:/home/user/.m2/repository/org/apache/hadoop/hadoop-ozone-filesystem/1.1.0-SNAPSHOT/hadoop-ozone-filesystem-1.1.0-SNAPSHOT.jar:/home/user/.m2/repository/org/apache/hadoop/hadoop-ozone-filesystem-common/1.1.0-SNAPSHOT/hadoop-ozone-filesystem-common-1.1.0-SNAPSHOT.jar:/home/user/.m2/repository/org/apache/hadoop/hadoop-ozone-tools/1.1.0-SNAPSHOT/hadoop-ozone-tools-1.1.0-SNAPSHOT.jar:/home/user/.m2/repository/org/apache/ratis/ratis-tools/1.1.0-913f5a4-SNAPSHOT/ratis-tools-1.1.0-913f5a4-SNAPSHOT.jar:/home/user/.m2/repository/org/apache/ratis/ratis-proto/1.1.0-913f5a4-SNAPSHOT/ratis-proto-1.1.0-913f5a4-SNAPSHOT.jar:/home/user/.m2/repository/org/apache/ratis/ratis-common/1.1.0-913f5a4-SNAPSHOT/ratis-common-1.1.0-913f5a4-SNAPSHOT.jar:/home/user/.m2/repository/com/amazonaws/aws-java-sdk-core/1.11.615/aws-java-sdk-core-1.11.615.jar:/home/user/.m2/repository/org/apache/httpcomponents/httpclient/4.5.13/httpclient-4.5.13.jar:/home/user/.m2/repository/org/apache/httpcomponents/httpcore/4.4.13/httpcore-4.4.13.jar:/home/user/.m2/repository/software/amazon/ion/ion-java/1.0.2/ion-java-1.0.2.jar:/home/user/.m2/repository/com/fasterxml/jackson/dataformat/jackson-dataformat-cbor/2.10.3/jackson-dataformat-cbor-2.10.3.jar:/home/user/.m2/repository/joda-time/joda-time/2.8.1/joda-time-2.8.1.jar:/home/user/.m2/repository/com/amazonaws/aws-java-sdk-s3/1.11.615/aws-java-sdk-s3-1.11.615.jar:/home/user/.m2/repository/com/amazonaws/aws-java-sdk-kms/1.11.615/aws-java-sdk-kms-1.11.615.jar:/home/user/.m2/repository/com/amazonaws/jmespath-java/1.11.615/jmespath-java-1.11.615.jar:/home/user/.m2/repository/org/kohsuke/metainf-services/metainf-services/1.8/metainf-services-1.8.jar:/home/user/.m2/repository/org/apache/hadoop/hadoop-hdds-tools/1.1.0-SNAPSHOT/hadoop-hdds-tools-1.1.0-SNAPSHOT.jar:/home/user/.m2/repository/commons-cli/commons-cli/1.2/commons-cli-1.2.jar:/home/user/.m2/repository/org/apache/commons/commons-lang3/3.7/commons-lang3-3.7.jar:/home/user/.m2/repository/org/apache/hadoop/hadoop-ozone-ozone-manager/1.1.0-SNAPSHOT/hadoop-ozone-ozone-manager-1.1.0-SNAPSHOT-tests.jar:/home/user/.m2/repository/org/apache/hadoop/hadoop-hdds-common/1.1.0-SNAPSHOT/hadoop-hdds-common-1.1.0-SNAPSHOT-tests.jar:/home/user/.m2/repository/org/apache/hadoop/hadoop-hdds-hadoop-dependency-client/1.1.0-SNAPSHOT/hadoop-hdds-hadoop-dependency-client-1.1.0-SNAPSHOT.jar:/home/user/.m2/repository/info/picocli/picocli/4.4.0/picocli-4.4.0.jar:/home/user/.m2/repository/com/fasterxml/jackson/core/jackson-annotations/2.10.3/jackson-annotations-2.10.3.jar:/home/user/.m2/repository/javax/annotation/javax.annotation-api/1.2/javax.annotation-api-1.2.jar:/home/user/.m2/repository/org/fusesource/leveldbjni/leveldbjni-all/1.8/leveldbjni-all-1.8.jar:/home/user/.m2/repository/org/apache/ratis/ratis-server/1.1.0-913f5a4-SNAPSHOT/ratis-server-1.1.0-913f5a4-SNAPSHOT.jar:/home/user/.m2/repository/org/apache/ratis/ratis-client/1.1.0-913f5a4-SNAPSHOT/ratis-client-1.1.0-913f5a4-SNAPSHOT.jar:/home/user/.m2/repository/org/apache/ratis/ratis-metrics/1.1.0-913f5a4-SNAPSHOT/ratis-metrics-1.1.0-913f5a4-SNAPSHOT.jar:/home/user/.m2/repository/org/apache/ratis/ratis-netty/1.1.0-913f5a4-SNAPSHOT/ratis-netty-1.1.0-913f5a4-SNAPSHOT.jar:/home/user/.m2/repository/org/apache/ratis/ratis-grpc/1.1.0-913f5a4-SNAPSHOT/ratis-grpc-1.1.0-913f5a4-SNAPSHOT.jar:/home/user/.m2/repository/org/apache/logging/log4j/log4j-api/2.13.3/log4j-api-2.13.3.jar:/home/user/.m2/repository/org/apache/logging/log4j/log4j-core/2.13.3/log4j-core-2.13.3.jar:/home/user/.m2/repository/com/lmax/disruptor/3.4.2/disruptor-3.4.2.jar:/home/user/.m2/repository/org/apache/commons/commons-pool2/2.6.0/commons-pool2-2.6.0.jar:/home/user/.m2/repository/org/bouncycastle/bcpkix-jdk15on/1.60/bcpkix-jdk15on-1.60.jar:/home/user/.m2/repository/commons-validator/commons-validator/1.6/commons-validator-1.6.jar:/home/user/.m2/repository/commons-beanutils/commons-beanutils/1.9.4/commons-beanutils-1.9.4.jar:/home/user/.m2/repository/commons-digester/commons-digester/1.8.1/commons-digester-1.8.1.jar:/home/user/.m2/repository/commons-collections/commons-collections/3.2.2/commons-collections-3.2.2.jar:/home/user/.m2/repository/io/jaegertracing/jaeger-client/1.2.0/jaeger-client-1.2.0.jar:/home/user/.m2/repository/io/jaegertracing/jaeger-thrift/1.2.0/jaeger-thrift-1.2.0.jar:/home/user/.m2/repository/org/apache/thrift/libthrift/0.13.0/libthrift-0.13.0.jar:/home/user/.m2/repository/com/squareup/okhttp3/okhttp/4.2.2/okhttp-4.2.2.jar:/home/user/.m2/repository/com/squareup/okio/okio/2.2.2/okio-2.2.2.jar:/home/user/.m2/repository/org/jetbrains/kotlin/kotlin-stdlib/1.3.50/kotlin-stdlib-1.3.50.jar:/home/user/.m2/repository/org/jetbrains/kotlin/kotlin-stdlib-common/1.3.50/kotlin-stdlib-common-1.3.50.jar:/home/user/.m2/repository/org/jetbrains/annotations/13.0/annotations-13.0.jar:/home/user/.m2/repository/io/jaegertracing/jaeger-core/1.2.0/jaeger-core-1.2.0.jar:/home/user/.m2/repository/io/jaegertracing/jaeger-tracerresolver/1.2.0/jaeger-tracerresolver-1.2.0.jar:/home/user/.m2/repository/io/opentracing/contrib/opentracing-tracerresolver/0.1.8/opentracing-tracerresolver-0.1.8.jar:/home/user/.m2/repository/io/opentracing/opentracing-util/0.33.0/opentracing-util-0.33.0.jar:/home/user/.m2/repository/io/opentracing/opentracing-api/0.33.0/opentracing-api-0.33.0.jar:/home/user/.m2/repository/io/opentracing/opentracing-noop/0.33.0/opentracing-noop-0.33.0.jar:/home/user/.m2/repository/org/yaml/snakeyaml/1.26/snakeyaml-1.26.jar:/home/user/.m2/repository/junit/junit/4.11/junit-4.11.jar:/home/user/.m2/repository/org/hamcrest/hamcrest-core/1.3/hamcrest-core-1.3.jar:/home/user/.m2/repository/org/openjdk/jmh/jmh-core/1.19/jmh-core-1.19.jar:/home/user/.m2/repository/net/sf/jopt-simple/jopt-simple/4.6/jopt-simple-4.6.jar:/home/user/.m2/repository/org/apache/commons/commons-math3/3.1.1/commons-math3-3.1.1.jar:/home/user/.m2/repository/org/openjdk/jmh/jmh-generator-annprocess/1.19/jmh-generator-annprocess-1.19.jar:/home/user/.m2/repository/org/mockito/mockito-all/1.8.5/mockito-all-1.8.5.jar:/home/user/.m2/repository/org/apache/hadoop/hadoop-kms/3.2.1/hadoop-kms-3.2.1.jar:/home/user/.m2/repository/org/apache/hadoop/hadoop-auth/3.2.1/hadoop-auth-3.2.1.jar:/home/user/.m2/repository/com/nimbusds/nimbus-jose-jwt/7.9/nimbus-jose-jwt-7.9.jar:/home/user/.m2/repository/com/github/stephenc/jcip/jcip-annotations/1.0-1/jcip-annotations-1.0-1.jar:/home/user/.m2/repository/net/minidev/json-smart/2.3/json-smart-2.3.jar:/home/user/.m2/repository/net/minidev/accessors-smart/1.2/accessors-smart-1.2.jar:/home/user/.m2/repository/org/ow2/asm/asm/5.0.4/asm-5.0.4.jar:/home/user/.m2/repository/org/apache/zookeeper/zookeeper/3.4.13/zookeeper-3.4.13.jar:/home/user/.m2/repository/org/apache/yetus/audience-annotations/0.5.0/audience-annotations-0.5.0.jar:/home/user/.m2/repository/org/apache/curator/curator-framework/2.13.0/curator-framework-2.13.0.jar:/home/user/.m2/repository/com/sun/jersey/jersey-core/1.19/jersey-core-1.19.jar:/home/user/.m2/repository/javax/ws/rs/jsr311-api/1.1.1/jsr311-api-1.1.1.jar:/home/user/.m2/repository/com/sun/jersey/jersey-server/1.19/jersey-server-1.19.jar:/home/user/.m2/repository/javax/servlet/javax.servlet-api/3.1.0/javax.servlet-api-3.1.0.jar:/home/user/.m2/repository/org/eclipse/jetty/jetty-server/9.4.34.v20201102/jetty-server-9.4.34.v20201102.jar:/home/user/.m2/repository/org/eclipse/jetty/jetty-http/9.4.34.v20201102/jetty-http-9.4.34.v20201102.jar:/home/user/.m2/repository/org/eclipse/jetty/jetty-io/9.4.34.v20201102/jetty-io-9.4.34.v20201102.jar:/home/user/.m2/repository/org/eclipse/jetty/jetty-webapp/9.4.34.v20201102/jetty-webapp-9.4.34.v20201102.jar:/home/user/.m2/repository/org/eclipse/jetty/jetty-xml/9.4.34.v20201102/jetty-xml-9.4.34.v20201102.jar:/home/user/.m2/repository/org/apache/hadoop/hadoop-common/3.2.1/hadoop-common-3.2.1.jar:/home/user/.m2/repository/commons-net/commons-net/3.6/commons-net-3.6.jar:/home/user/.m2/repository/com/sun/jersey/jersey-servlet/1.19/jersey-servlet-1.19.jar:/home/user/.m2/repository/com/sun/jersey/jersey-json/1.19/jersey-json-1.19.jar:/home/user/.m2/repository/org/codehaus/jettison/jettison/1.1/jettison-1.1.jar:/home/user/.m2/repository/org/codehaus/jackson/jackson-jaxrs/1.9.2/jackson-jaxrs-1.9.2.jar:/home/user/.m2/repository/org/codehaus/jackson/jackson-xc/1.9.2/jackson-xc-1.9.2.jar:/home/user/.m2/repository/org/apache/commons/commons-configuration2/2.1.1/commons-configuration2-2.1.1.jar:/home/user/.m2/repository/org/apache/commons/commons-text/1.4/commons-text-1.4.jar:/home/user/.m2/repository/com/google/re2j/re2j/1.1/re2j-1.1.jar:/home/user/.m2/repository/com/jcraft/jsch/0.1.54/jsch-0.1.54.jar:/home/user/.m2/repository/org/apache/curator/curator-client/2.13.0/curator-client-2.13.0.jar:/home/user/.m2/repository/org/apache/curator/curator-recipes/2.13.0/curator-recipes-2.13.0.jar:/home/user/.m2/repository/dnsjava/dnsjava/2.1.7/dnsjava-2.1.7.jar:/home/user/.m2/repository/org/slf4j/jul-to-slf4j/1.7.30/jul-to-slf4j-1.7.30.jar:/home/user/.m2/repository/org/eclipse/jetty/jetty-util/9.4.34.v20201102/jetty-util-9.4.34.v20201102.jar:/home/user/.m2/repository/com/fasterxml/jackson/core/jackson-databind/2.10.3/jackson-databind-2.10.3.jar:/home/user/.m2/repository/org/apache/hadoop/hadoop-kms/3.2.1/hadoop-kms-3.2.1-tests.jar:/home/user/.m2/repository/org/apache/hadoop/hadoop-hdds-server-scm/1.1.0-SNAPSHOT/hadoop-hdds-server-scm-1.1.0-SNAPSHOT-tests.jar:/home/user/.m2/repository/org/apache/hadoop/hadoop-hdds-container-service/1.1.0-SNAPSHOT/hadoop-hdds-container-service-1.1.0-SNAPSHOT-tests.jar:/home/user/.m2/repository/commons-codec/commons-codec/1.11/commons-codec-1.11.jar:/home/user/.m2/repository/org/apache/hadoop/hadoop-hdds-hadoop-dependency-test/1.1.0-SNAPSHOT/hadoop-hdds-hadoop-dependency-test-1.1.0-SNAPSHOT.jar:/home/user/.m2/repository/org/apache/hadoop/hadoop-common/3.2.1/hadoop-common-3.2.1-tests.jar:/home/user/.m2/repository/org/apache/hadoop/hadoop-hdfs/3.2.1/hadoop-hdfs-3.2.1-tests.jar:/home/user/.m2/repository/org/eclipse/jetty/jetty-util-ajax/9.4.34.v20201102/jetty-util-ajax-9.4.34.v20201102.jar:/home/user/.m2/repository/commons-daemon/commons-daemon/1.0.13/commons-daemon-1.0.13.jar:/home/user/.m2/repository/io/netty/netty/3.10.5.Final/netty-3.10.5.Final.jar:/home/user/.m2/repository/io/netty/netty-all/4.1.48.Final/netty-all-4.1.48.Final.jar:/home/user/.m2/repository/org/apache/htrace/htrace-core4/4.1.0-incubating/htrace-core4-4.1.0-incubating.jar:/home/user/.m2/repository/org/apache/hadoop/hadoop-distcp/3.2.1/hadoop-distcp-3.2.1.jar:/home/user/.m2/repository/org/apache/hadoop/hadoop-mapreduce-client-jobclient/3.2.1/hadoop-mapreduce-client-jobclient-3.2.1.jar:/home/user/.m2/repository/org/apache/hadoop/hadoop-mapreduce-client-common/3.2.1/hadoop-mapreduce-client-common-3.2.1.jar:/home/user/.m2/repository/org/apache/hadoop/hadoop-yarn-common/3.2.1/hadoop-yarn-common-3.2.1.jar:/home/user/.m2/repository/org/apache/hadoop/hadoop-yarn-api/3.2.1/hadoop-yarn-api-3.2.1.jar:/home/user/.m2/repository/com/sun/jersey/jersey-client/1.19/jersey-client-1.19.jar:/home/user/.m2/repository/com/sun/jersey/contribs/jersey-guice/1.19/jersey-guice-1.19.jar:/home/user/.m2/repository/com/fasterxml/jackson/jaxrs/jackson-jaxrs-json-provider/2.10.3/jackson-jaxrs-json-provider-2.10.3.jar:/home/user/.m2/repository/com/fasterxml/jackson/jaxrs/jackson-jaxrs-base/2.10.3/jackson-jaxrs-base-2.10.3.jar:/home/user/.m2/repository/org/apache/hadoop/hadoop-yarn-client/3.2.1/hadoop-yarn-client-3.2.1.jar:/home/user/.m2/repository/org/apache/hadoop/hadoop-mapreduce-client-core/3.2.1/hadoop-mapreduce-client-core-3.2.1.jar:/home/user/.m2/repository/org/apache/avro/avro/1.7.7/avro-1.7.7.jar:/home/user/.m2/repository/org/codehaus/jackson/jackson-core-asl/1.9.13/jackson-core-asl-1.9.13.jar:/home/user/.m2/repository/org/codehaus/jackson/jackson-mapper-asl/1.9.13/jackson-mapper-asl-1.9.13.jar:/home/user/.m2/repository/com/thoughtworks/paranamer/paranamer/2.3/paranamer-2.3.jar:/home/user/.m2/repository/org/xerial/snappy/snappy-java/1.0.5/snappy-java-1.0.5.jar:/home/user/.m2/repository/org/apache/hadoop/hadoop-annotations/3.2.1/hadoop-annotations-3.2.1.jar:/usr/lib/jvm/java-1.8.0-openjdk-1.8.0.232.b09-0.el7_7.x86_64/jre/../lib/tools.jar:/home/user/.m2/repository/org/apache/hadoop/hadoop-distcp/3.2.1/hadoop-distcp-3.2.1-tests.jar:"/>
    <property name="sun.cpu.endian" value="little"/>
    <property name="user.home" value="/home/user"/>
    <property name="user.language" value="en"/>
    <property name="java.specification.vendor" value="Oracle Corporation"/>
    <property name="java.home" value="/usr/lib/jvm/java-1.8.0-openjdk-1.8.0.232.b09-0.el7_7.x86_64/jre"/>
    <property name="java.security.krb5.conf" value="/github/workspace/mnt/ozone/hadoop-ozone/integration-test/target/test-classes/krb5.conf"/>
    <property name="basedir" value="/github/workspace/mnt/ozone/hadoop-ozone/integration-test"/>
    <property name="file.separator" value="/"/>
    <property name="line.separator" value="&#10;"/>
    <property name="java.vm.specification.vendor" value="Oracle Corporation"/>
    <property name="java.specification.name" value="Java Platform API Specification"/>
    <property name="java.awt.graphicsenv" value="sun.awt.X11GraphicsEnvironment"/>
    <property name="skip.installnpx" value="true"/>
    <property name="surefire.real.class.path" value="/github/workspace/mnt/ozone/hadoop-ozone/integration-test/target/surefire/surefirebooter5256018263348537319.jar:/home/user/.m2/repository/org/jacoco/org.jacoco.agent/0.8.5/org.jacoco.agent-0.8.5-runtime.jar"/>
    <property name="hadoop.log.dir" value="/github/workspace/mnt/ozone/hadoop-ozone/integration-test/target/log"/>
    <property name="sun.boot.class.path" value="/usr/lib/jvm/java-1.8.0-openjdk-1.8.0.232.b09-0.el7_7.x86_64/jre/lib/resources.jar:/usr/lib/jvm/java-1.8.0-openjdk-1.8.0.232.b09-0.el7_7.x86_64/jre/lib/rt.jar:/usr/lib/jvm/java-1.8.0-openjdk-1.8.0.232.b09-0.el7_7.x86_64/jre/lib/sunrsasign.jar:/usr/lib/jvm/java-1.8.0-openjdk-1.8.0.232.b09-0.el7_7.x86_64/jre/lib/jsse.jar:/usr/lib/jvm/java-1.8.0-openjdk-1.8.0.232.b09-0.el7_7.x86_64/jre/lib/jce.jar:/usr/lib/jvm/java-1.8.0-openjdk-1.8.0.232.b09-0.el7_7.x86_64/jre/lib/charsets.jar:/usr/lib/jvm/java-1.8.0-openjdk-1.8.0.232.b09-0.el7_7.x86_64/jre/lib/jfr.jar:/usr/lib/jvm/java-1.8.0-openjdk-1.8.0.232.b09-0.el7_7.x86_64/jre/classes"/>
    <property name="sun.management.compiler" value="HotSpot 64-Bit Tiered Compilers"/>
    <property name="skip.npx" value="true"/>
    <property name="java.runtime.version" value="1.8.0_232-b09"/>
    <property name="java.net.preferIPv4Stack" value="true"/>
    <property name="user.name" value="jenkins1001"/>
    <property name="path.separator" value=":"/>
    <property name="java.security.egd" value="file:///dev/urandom"/>
    <property name="os.version" value="5.4.0-1031-azure"/>
    <property name="java.endorsed.dirs" value="/usr/lib/jvm/java-1.8.0-openjdk-1.8.0.232.b09-0.el7_7.x86_64/jre/lib/endorsed"/>
    <property name="java.runtime.name" value="OpenJDK Runtime Environment"/>
    <property name="file.encoding" value="ANSI_X3.4-1968"/>
    <property name="java.vm.name" value="OpenJDK 64-Bit Server VM"/>
    <property name="test.build.webapps" value=""/>
    <property name="localRepository" value="/home/user/.m2/repository"/>
    <property name="java.vendor.url.bug" value="http://bugreport.sun.com/bugreport/"/>
    <property name="java.io.tmpdir" value="/tmp"/>
    <property name="require.test.libhadoop" value=""/>
    <property name="java.version" value="1.8.0_232"/>
    <property name="user.dir" value="/github/workspace/mnt/ozone/hadoop-ozone/integration-test"/>
    <property name="os.arch" value="amd64"/>
    <property name="java.vm.specification.name" value="Java Virtual Machine Specification"/>
    <property name="test.build.classes" value="/github/workspace/mnt/ozone/hadoop-ozone/integration-test/target/test-classes"/>
    <property name="java.awt.printerjob" value="sun.print.PSPrinterJob"/>
    <property name="sun.os.patch.level" value="unknown"/>
    <property name="hadoop.tmp.dir" value="/github/workspace/mnt/ozone/hadoop-ozone/integration-test/target/tmp"/>
    <property name="java.library.path" value="/usr/lib:/usr/java/packages/lib/amd64:/usr/lib64:/lib64:/lib:/usr/lib"/>
    <property name="java.vm.info" value="mixed mode"/>
    <property name="java.vendor" value="Oracle Corporation"/>
    <property name="java.vm.version" value="25.232-b09"/>
    <property name="java.ext.dirs" value="/usr/lib/jvm/java-1.8.0-openjdk-1.8.0.232.b09-0.el7_7.x86_64/jre/lib/ext:/usr/java/packages/lib/ext"/>
    <property name="sun.io.unicode.encoding" value="UnicodeLittle"/>
    <property name="java.class.version" value="52.0"/>
  </properties>
  <testcase name="testOMRetryCache" classname="org.apache.hadoop.ozone.om.TestOzoneManagerHAMetadataOnly" time="34.688">
    <failure type="java.lang.AssertionError">java.lang.AssertionError
	at org.junit.Assert.fail(Assert.java:86)
	at org.junit.Assert.assertTrue(Assert.java:41)
	at org.junit.Assert.assertFalse(Assert.java:64)
	at org.junit.Assert.assertFalse(Assert.java:74)
	at org.apache.hadoop.ozone.om.TestOzoneManagerHAMetadataOnly.testOMRetryCache(TestOzoneManagerHAMetadataOnly.java:422)
	at sun.reflect.NativeMethodAccessorImpl.invoke0(Native Method)
	at sun.reflect.NativeMethodAccessorImpl.invoke(NativeMethodAccessorImpl.java:62)
	at sun.reflect.DelegatingMethodAccessorImpl.invoke(DelegatingMethodAccessorImpl.java:43)
	at java.lang.reflect.Method.invoke(Method.java:498)
	at org.junit.runners.model.FrameworkMethod$1.runReflectiveCall(FrameworkMethod.java:47)
	at org.junit.internal.runners.model.ReflectiveCallable.run(ReflectiveCallable.java:12)
	at org.junit.runners.model.FrameworkMethod.invokeExplosively(FrameworkMethod.java:44)
	at org.junit.internal.runners.statements.InvokeMethod.evaluate(InvokeMethod.java:17)
	at org.junit.internal.runners.statements.RunBefores.evaluate(RunBefores.java:26)
	at org.junit.internal.runners.statements.RunAfters.evaluate(RunAfters.java:27)
	at org.junit.rules.ExpectedException$ExpectedExceptionStatement.evaluate(ExpectedException.java:168)
	at org.junit.internal.runners.statements.FailOnTimeout$StatementThread.run(FailOnTimeout.java:74)
</failure>
    <system-out><![CDATA[2020-12-03 13:59:28,527 [Thread-1] WARN  server.ServerUtils (ServerUtils.java:getScmDbDir(148)) - ozone.scm.db.dirs is not configured. We recommend adding this setting. Falling back to ozone.metadata.dirs instead.
2020-12-03 13:59:28,615 [Thread-1] WARN  server.ServerUtils (ServerUtils.java:getScmDbDir(148)) - ozone.scm.db.dirs is not configured. We recommend adding this setting. Falling back to ozone.metadata.dirs instead.
2020-12-03 13:59:28,773 [Thread-1] WARN  db.DBStoreBuilder (DBStoreBuilder.java:applyDBDefinition(145)) - ozone.scm.db.dirs is not configured. We recommend adding this setting. Falling back to ozone.metadata.dirs instead.
2020-12-03 13:59:28,918 [Thread-1] INFO  net.NodeSchemaLoader (NodeSchemaLoader.java:loadSchemaFromFile(126)) - Loading file from sun.misc.CompoundEnumeration@c8c18ee
2020-12-03 13:59:28,919 [Thread-1] INFO  net.NodeSchemaLoader (NodeSchemaLoader.java:loadSchema(172)) - Loading network topology layer schema file
2020-12-03 13:59:29,004 [Thread-1] WARN  server.ServerUtils (ServerUtils.java:sanitizeUserArgs(73)) - ozone.scm.stale.node.interval value = 300000 is larger than max = 100000 based on the key value of ozone.scm.heartbeat.thread.interval, reset to the max value 100000.
2020-12-03 13:59:29,004 [Thread-1] WARN  server.ServerUtils (ServerUtils.java:sanitizeUserArgs(73)) - ozone.scm.stale.node.interval value = 300000 is larger than max = 100000 based on the key value of ozone.scm.heartbeat.thread.interval, reset to the max value 100000.
2020-12-03 13:59:29,007 [Thread-1] INFO  node.SCMNodeManager (SCMNodeManager.java:<init>(120)) - Entering startup safe mode.
2020-12-03 13:59:29,164 [Thread-1] INFO  algorithms.ContainerPlacementPolicyFactory (ContainerPlacementPolicyFactory.java:getPolicy(60)) - Create container placement policy of type org.apache.hadoop.hdds.scm.container.placement.algorithms.SCMContainerPlacementRandom
2020-12-03 13:59:29,203 [Thread-1] INFO  algorithms.LeaderChoosePolicyFactory (LeaderChoosePolicyFactory.java:getPolicy(57)) - Create leader choose policy of type org.apache.hadoop.hdds.scm.pipeline.leader.choose.algorithms.DefaultLeaderChoosePolicy
2020-12-03 13:59:29,204 [Thread-1] INFO  pipeline.SCMPipelineManager (SCMPipelineManager.java:initializePipelineState(161)) - No pipeline exists in current db
2020-12-03 13:59:29,234 [Thread-1] INFO  algorithms.PipelineChoosePolicyFactory (PipelineChoosePolicyFactory.java:createPipelineChoosePolicyFromClass(75)) - Create pipeline choose policy of type org.apache.hadoop.hdds.scm.pipeline.choose.algorithms.RandomPipelineChoosePolicy
2020-12-03 13:59:29,331 [Thread-1] INFO  safemode.HealthyPipelineSafeModeRule (HealthyPipelineSafeModeRule.java:<init>(89)) - Total pipeline count is 0, healthy pipeline threshold count is 0
2020-12-03 13:59:29,340 [Thread-1] INFO  safemode.OneReplicaPipelineSafeModeRule (OneReplicaPipelineSafeModeRule.java:<init>(84)) - Total pipeline count is 0, pipeline's with at least one datanode reported threshold count is 0
2020-12-03 13:59:29,906 [Thread-1] INFO  ipc.CallQueueManager (CallQueueManager.java:<init>(84)) - Using callQueue: class java.util.concurrent.LinkedBlockingQueue, queueCapacity: 2000, scheduler: class org.apache.hadoop.ipc.DefaultRpcScheduler, ipcBackoff: false.
2020-12-03 13:59:29,932 [Socket Reader #1 for port 0] INFO  ipc.Server (Server.java:run(1219)) - Starting Socket Reader #1 for port 0
2020-12-03 13:59:29,968 [Listener at 0.0.0.0/35701] INFO  ipc.CallQueueManager (CallQueueManager.java:<init>(84)) - Using callQueue: class java.util.concurrent.LinkedBlockingQueue, queueCapacity: 2000, scheduler: class org.apache.hadoop.ipc.DefaultRpcScheduler, ipcBackoff: false.
2020-12-03 13:59:29,970 [Socket Reader #1 for port 0] INFO  ipc.Server (Server.java:run(1219)) - Starting Socket Reader #1 for port 0
2020-12-03 13:59:29,991 [Listener at 0.0.0.0/33601] INFO  ipc.CallQueueManager (CallQueueManager.java:<init>(84)) - Using callQueue: class java.util.concurrent.LinkedBlockingQueue, queueCapacity: 2000, scheduler: class org.apache.hadoop.ipc.DefaultRpcScheduler, ipcBackoff: false.
2020-12-03 13:59:29,993 [Socket Reader #1 for port 0] INFO  ipc.Server (Server.java:run(1219)) - Starting Socket Reader #1 for port 0
2020-12-03 13:59:30,015 [Listener at 0.0.0.0/39589] INFO  http.BaseHttpServer (BaseHttpServer.java:newHttpServer2BuilderForOzone(207)) - Starting Web-server for scm at: http://0.0.0.0:0
2020-12-03 13:59:30,015 [Listener at 0.0.0.0/39589] INFO  http.BaseHttpServer (BaseHttpServer.java:<init>(106)) - Hadoop Security Enabled: false Ozone Security Enabled: false Ozone HTTP Security Enabled: false 
2020-12-03 13:59:30,045 [Listener at 0.0.0.0/39589] INFO  util.log (Log.java:initialized(169)) - Logging initialized @2804ms to org.eclipse.jetty.util.log.Slf4jLog
2020-12-03 13:59:30,203 [Listener at 0.0.0.0/39589] INFO  server.AuthenticationFilter (AuthenticationFilter.java:constructSecretProvider(240)) - Unable to initialize FileSignerSecretProvider, falling back to use random secrets.
2020-12-03 13:59:30,221 [Listener at 0.0.0.0/39589] WARN  http.HttpRequestLog (HttpRequestLog.java:getRequestLog(103)) - Jetty request log can only be enabled using Log4j
2020-12-03 13:59:30,232 [Listener at 0.0.0.0/39589] INFO  http.HttpServer2 (HttpServer2.java:addGlobalFilter(1019)) - Added global filter 'safety' (class=org.apache.hadoop.hdds.server.http.HttpServer2$QuotingInputFilter)
2020-12-03 13:59:30,236 [Listener at 0.0.0.0/39589] INFO  http.HttpServer2 (HttpServer2.java:addFilter(995)) - Added filter static_user_filter (class=org.apache.hadoop.http.lib.StaticUserWebFilter$StaticUserFilter) to context scm
2020-12-03 13:59:30,237 [Listener at 0.0.0.0/39589] INFO  http.HttpServer2 (HttpServer2.java:addFilter(1003)) - Added filter static_user_filter (class=org.apache.hadoop.http.lib.StaticUserWebFilter$StaticUserFilter) to context logs
2020-12-03 13:59:30,237 [Listener at 0.0.0.0/39589] INFO  http.HttpServer2 (HttpServer2.java:addFilter(1003)) - Added filter static_user_filter (class=org.apache.hadoop.http.lib.StaticUserWebFilter$StaticUserFilter) to context static
2020-12-03 13:59:30,308 [Listener at 0.0.0.0/39589] INFO  server.StorageContainerManager (StorageContainerManager.java:start(780)) - StorageContainerLocationProtocol RPC server is listening at /0.0.0.0:39589
2020-12-03 13:59:30,365 [Listener at 0.0.0.0/39589] WARN  impl.MetricsConfig (MetricsConfig.java:loadFirst(134)) - Cannot locate configuration: tried hadoop-metrics2-storagecontainermanager.properties,hadoop-metrics2.properties
2020-12-03 13:59:30,379 [Listener at 0.0.0.0/39589] INFO  impl.MetricsSystemImpl (MetricsSystemImpl.java:startTimer(374)) - Scheduled Metric snapshot period at 10 second(s).
2020-12-03 13:59:30,379 [Listener at 0.0.0.0/39589] INFO  impl.MetricsSystemImpl (MetricsSystemImpl.java:start(191)) - StorageContainerManager metrics system started
2020-12-03 13:59:30,621 [Listener at 0.0.0.0/39589] INFO  server.SCMClientProtocolServer (SCMClientProtocolServer.java:start(156)) - RPC server for Client  is listening at /0.0.0.0:39589
2020-12-03 13:59:30,623 [IPC Server Responder] INFO  ipc.Server (Server.java:run(1460)) - IPC Server Responder: starting
2020-12-03 13:59:30,625 [IPC Server listener on 0] INFO  ipc.Server (Server.java:run(1298)) - IPC Server listener on 0: starting
2020-12-03 13:59:30,629 [Listener at 0.0.0.0/39589] INFO  server.StorageContainerManager (StorageContainerManager.java:start(792)) - ScmBlockLocationProtocol RPC server is listening at /0.0.0.0:33601
2020-12-03 13:59:30,630 [Listener at 0.0.0.0/39589] INFO  server.SCMBlockProtocolServer (SCMBlockProtocolServer.java:start(150)) - RPC server for Block Protocol is listening at /0.0.0.0:33601
2020-12-03 13:59:30,630 [IPC Server Responder] INFO  ipc.Server (Server.java:run(1460)) - IPC Server Responder: starting
2020-12-03 13:59:30,631 [IPC Server listener on 0] INFO  ipc.Server (Server.java:run(1298)) - IPC Server listener on 0: starting
2020-12-03 13:59:30,633 [Listener at 0.0.0.0/39589] INFO  server.StorageContainerManager (StorageContainerManager.java:start(798)) - ScmDatanodeProtocl RPC server is listening at /0.0.0.0:35701
2020-12-03 13:59:30,633 [Listener at 0.0.0.0/39589] INFO  server.SCMDatanodeProtocolServer (SCMDatanodeProtocolServer.java:start(172)) - RPC server for DataNodes is listening at /0.0.0.0:35701
2020-12-03 13:59:30,637 [IPC Server Responder] INFO  ipc.Server (Server.java:run(1460)) - IPC Server Responder: starting
2020-12-03 13:59:30,637 [IPC Server listener on 0] INFO  ipc.Server (Server.java:run(1298)) - IPC Server listener on 0: starting
2020-12-03 13:59:30,642 [Listener at 0.0.0.0/39589] INFO  http.HttpServer2 (HttpServer2.java:bindListener(1237)) - Jetty bound to port 43633
2020-12-03 13:59:30,644 [Listener at 0.0.0.0/39589] INFO  server.Server (Server.java:doStart(375)) - jetty-9.4.34.v20201102; built: 2020-11-02T14:15:39.302Z; git: e46af88704a893fc12cb0e3bf46e2c7b48a009e7; jvm 1.8.0_232-b09
2020-12-03 13:59:30,675 [Listener at 0.0.0.0/39589] INFO  server.session (DefaultSessionIdManager.java:doStart(334)) - DefaultSessionIdManager workerName=node0
2020-12-03 13:59:30,675 [Listener at 0.0.0.0/39589] INFO  server.session (DefaultSessionIdManager.java:doStart(339)) - No SessionScavenger set, using defaults
2020-12-03 13:59:30,677 [Listener at 0.0.0.0/39589] INFO  server.session (HouseKeeper.java:startScavenging(132)) - node0 Scavenging every 660000ms
2020-12-03 13:59:30,694 [Listener at 0.0.0.0/39589] INFO  handler.ContextHandler (ContextHandler.java:doStart(916)) - Started o.e.j.s.ServletContextHandler@2e65dd16{logs,/logs,file:///github/workspace/mnt/ozone/hadoop-ozone/integration-test/target/log,AVAILABLE}
2020-12-03 13:59:30,695 [Listener at 0.0.0.0/39589] INFO  handler.ContextHandler (ContextHandler.java:doStart(916)) - Started o.e.j.s.ServletContextHandler@4d5c0393{static,/static,file:///github/workspace/mnt/ozone/hadoop-ozone/integration-test/target/test-classes/webapps/static,AVAILABLE}
2020-12-03 13:59:30,741 [Listener at 0.0.0.0/39589] INFO  handler.ContextHandler (ContextHandler.java:doStart(916)) - Started o.e.j.w.WebAppContext@5ac06854{scm,/,file:///github/workspace/mnt/ozone/hadoop-ozone/integration-test/target/test-classes/webapps/scm/,AVAILABLE}{file:/github/workspace/mnt/ozone/hadoop-ozone/integration-test/target/test-classes/webapps/scm}
2020-12-03 13:59:30,763 [Listener at 0.0.0.0/39589] INFO  server.AbstractConnector (AbstractConnector.java:doStart(331)) - Started ServerConnector@4b57034c{HTTP/1.1, (http/1.1)}{0.0.0.0:43633}
2020-12-03 13:59:30,764 [Listener at 0.0.0.0/39589] INFO  server.Server (Server.java:doStart(415)) - Started @3523ms
2020-12-03 13:59:30,766 [Listener at 0.0.0.0/39589] INFO  impl.MetricsSinkAdapter (MetricsSinkAdapter.java:start(204)) - Sink prometheus started
2020-12-03 13:59:30,766 [Listener at 0.0.0.0/39589] INFO  impl.MetricsSystemImpl (MetricsSystemImpl.java:registerSink(301)) - Registered sink prometheus
2020-12-03 13:59:30,770 [Listener at 0.0.0.0/39589] INFO  http.BaseHttpServer (BaseHttpServer.java:updateConnectorAddress(327)) - HTTP server of scm listening at http://0.0.0.0:43633
2020-12-03 13:59:30,785 [org.apache.hadoop.util.JvmPauseMonitor$Monitor@130da595] INFO  util.JvmPauseMonitor (JvmPauseMonitor.java:run(188)) - Starting JVM pause monitor
2020-12-03 13:59:30,793 [Listener at 0.0.0.0/39589] WARN  server.ServerUtils (ServerUtils.java:getDBPath(225)) - ozone.om.db.dirs is not configured. We recommend adding this setting. Falling back to ozone.metadata.dirs instead.
2020-12-03 13:59:30,903 [Listener at 0.0.0.0/39589] INFO  ha.OMHANodeDetails (OMHANodeDetails.java:loadOMHAConfig(110)) - ServiceID for OzoneManager is om-service-test1
2020-12-03 13:59:30,906 [Listener at 0.0.0.0/39589] INFO  ha.OMHANodeDetails (OMHANodeDetails.java:loadOMHAConfig(188)) - Found matching OM address with OMServiceId: om-service-test1, OMNodeId: omNode-1, RPC Address: localhost:10056 and Ratis port: 10060
2020-12-03 13:59:30,906 [Listener at 0.0.0.0/39589] INFO  ha.OMHANodeDetails (OMHANodeDetails.java:setOMNodeSpecificConfigs(314)) - Setting configuration key ozone.om.http-address with value of key ozone.om.http-address.omNode-1: 127.0.0.1:10058
2020-12-03 13:59:30,906 [Listener at 0.0.0.0/39589] INFO  ha.OMHANodeDetails (OMHANodeDetails.java:setOMNodeSpecificConfigs(314)) - Setting configuration key ozone.om.https-address with value of key ozone.om.https-address.omNode-1: 127.0.0.1:10059
2020-12-03 13:59:30,906 [Listener at 0.0.0.0/39589] INFO  ha.OMHANodeDetails (OMHANodeDetails.java:setOMNodeSpecificConfigs(314)) - Setting configuration key ozone.om.address with value of key ozone.om.address.omNode-1: 127.0.0.1:10056
2020-12-03 13:59:30,907 [Listener at 0.0.0.0/39589] WARN  server.ServerUtils (ServerUtils.java:getDBPath(225)) - ozone.om.db.dirs is not configured. We recommend adding this setting. Falling back to ozone.metadata.dirs instead.
2020-12-03 13:59:30,907 [Listener at 0.0.0.0/39589] WARN  server.ServerUtils (ServerUtils.java:getDBPath(225)) - ozone.om.db.dirs is not configured. We recommend adding this setting. Falling back to ozone.metadata.dirs instead.
2020-12-03 13:59:31,596 [Listener at 0.0.0.0/39589] WARN  server.ServerUtils (ServerUtils.java:getDBPath(225)) - ozone.om.db.dirs is not configured. We recommend adding this setting. Falling back to ozone.metadata.dirs instead.
2020-12-03 13:59:31,604 [Listener at 0.0.0.0/39589] INFO  codec.OmKeyInfoCodec (OmKeyInfoCodec.java:<init>(41)) - OmKeyInfoCodec ignorePipeline = true
2020-12-03 13:59:31,605 [Listener at 0.0.0.0/39589] INFO  codec.RepeatedOmKeyInfoCodec (RepeatedOmKeyInfoCodec.java:<init>(40)) - RepeatedOmKeyInfoCodec ignorePipeline = true
2020-12-03 13:59:31,767 [Listener at 0.0.0.0/39589] INFO  om.OzoneManager (OzoneManager.java:addS3GVolumeToDB(3737)) - Created Volume s3v With Owner jenkins1001 required for S3Gateway operations.
2020-12-03 13:59:31,785 [Listener at 0.0.0.0/39589] INFO  metrics.MetricRegistries (MetricRegistriesLoader.java:load(64)) - Loaded MetricRegistries class org.apache.ratis.metrics.impl.MetricRegistriesImpl
2020-12-03 13:59:31,826 [Listener at 0.0.0.0/39589] WARN  server.ServerUtils (ServerUtils.java:getDefaultRatisDirectory(237)) - Storage directory for Ratis is not configured. It is a good idea to map this to an SSD disk. Falling back to ozone.metadata.dirs
2020-12-03 13:59:31,856 [Listener at 0.0.0.0/39589] INFO  ratis.OzoneManagerRatisServer (OzoneManagerRatisServer.java:<init>(271)) - Instantiating OM Ratis server with GroupID: om-service-test1 and Raft Peers: localhost:10060, localhost:10066, localhost:10072
2020-12-03 13:59:31,869 [Listener at 0.0.0.0/39589] INFO  ratis.OzoneManagerStateMachine (OzoneManagerStateMachine.java:loadSnapshotInfoFromDB(518)) - LastAppliedIndex is set from TransactionInfo from OM DB as (t:0, i:~)
2020-12-03 13:59:31,891 [Listener at 0.0.0.0/39589] INFO  impl.RaftServerProxy (ConfUtils.java:logGet(44)) - raft.rpc.type = GRPC (default)
2020-12-03 13:59:31,963 [Listener at 0.0.0.0/39589] INFO  grpc.GrpcFactory (GrpcFactory.java:checkPooledByteBufAllocatorUseCacheForAllThreads(45)) - PERFORMANCE WARNING: useCacheForAllThreads is true that may cause Netty to create a lot garbage objects and, as a result, trigger GC.
	It is recommended to disable useCacheForAllThreads by setting -Dorg.apache.ratis.thirdparty.io.netty.allocator.useCacheForAllThreads=false in command line.
2020-12-03 13:59:31,969 [Listener at 0.0.0.0/39589] INFO  grpc.GrpcConfigKeys (ConfUtils.java:logGet(44)) - raft.grpc.server.port = 10060 (custom)
2020-12-03 13:59:31,969 [Listener at 0.0.0.0/39589] INFO  server.GrpcService (ConfUtils.java:logGet(44)) - raft.grpc.message.size.max = 33554432 (custom)
2020-12-03 13:59:31,971 [Listener at 0.0.0.0/39589] INFO  server.RaftServerConfigKeys (ConfUtils.java:logGet(44)) - raft.server.log.appender.buffer.byte-limit = 33554432 (custom)
2020-12-03 13:59:31,972 [Listener at 0.0.0.0/39589] INFO  server.GrpcService (ConfUtils.java:logGet(44)) - raft.grpc.flow.control.window = 1MB (=1048576) (default)
2020-12-03 13:59:31,972 [Listener at 0.0.0.0/39589] INFO  server.RaftServerConfigKeys (ConfUtils.java:logGet(44)) - raft.server.rpc.request.timeout = 3000ms (default)
2020-12-03 13:59:32,165 [Listener at 0.0.0.0/39589] INFO  impl.DataStreamServerImpl (ConfUtils.java:logGet(44)) - raft.datastream.type = DISABLED (default)
2020-12-03 13:59:32,181 [Listener at 0.0.0.0/39589] INFO  server.RaftServerConfigKeys (ConfUtils.java:logGet(44)) - raft.server.storage.dir = [/github/workspace/mnt/ozone/hadoop-ozone/integration-test/target/test-dir/MiniOzoneClusterImpl-6c8cb788-3ebf-4599-90cd-3d9ebf402ba0/omNode-1/ratis] (custom)
2020-12-03 13:59:32,190 [Listener at 0.0.0.0/39589] INFO  impl.RaftServerProxy (RaftServerProxy.java:addNew(93)) - omNode-1: addNew group-523986131536:[omNode-3|rpc:localhost:10072, omNode-1|rpc:localhost:10060, omNode-2|rpc:localhost:10066] returns group-523986131536:java.util.concurrent.CompletableFuture@2ecae3ee[Not completed]
2020-12-03 13:59:32,190 [Listener at 0.0.0.0/39589] INFO  om.OzoneManager (OzoneManager.java:initializeRatisServer(1337)) - OzoneManager Ratis server initialized at port 10060
2020-12-03 13:59:32,190 [Listener at 0.0.0.0/39589] WARN  server.ServerUtils (ServerUtils.java:getDefaultRatisDirectory(237)) - Storage directory for Ratis is not configured. It is a good idea to map this to an SSD disk. Falling back to ozone.metadata.dirs
2020-12-03 13:59:32,190 [Listener at 0.0.0.0/39589] WARN  server.ServerUtils (ServerUtils.java:getDefaultRatisDirectory(237)) - Storage directory for Ratis is not configured. It is a good idea to map this to an SSD disk. Falling back to ozone.metadata.dirs
2020-12-03 13:59:32,192 [Listener at 0.0.0.0/39589] INFO  snapshot.OzoneManagerSnapshotProvider (OzoneManagerSnapshotProvider.java:<init>(77)) - Initializing OM Snapshot Provider
2020-12-03 13:59:32,217 [pool-24-thread-1] INFO  impl.RaftServerImpl (RaftServerImpl.java:<init>(121)) - omNode-1: new RaftServerImpl for group-523986131536:[omNode-3|rpc:localhost:10072, omNode-1|rpc:localhost:10060, omNode-2|rpc:localhost:10066] with OzoneManagerStateMachine:uninitialized
2020-12-03 13:59:32,222 [pool-24-thread-1] INFO  server.RaftServerConfigKeys (ConfUtils.java:logGet(44)) - raft.server.rpc.timeout.min = 1s (custom)
2020-12-03 13:59:32,222 [pool-24-thread-1] INFO  server.RaftServerConfigKeys (ConfUtils.java:logGet(44)) - raft.server.rpc.timeout.max = 1200ms (custom)
2020-12-03 13:59:32,222 [pool-24-thread-1] INFO  server.RaftServerConfigKeys (ConfUtils.java:logGet(44)) - raft.server.rpc.slowness.timeout = 2s (custom)
2020-12-03 13:59:32,223 [pool-24-thread-1] INFO  server.RaftServerConfigKeys (ConfUtils.java:logGet(44)) - raft.server.leaderelection.leader.step-down.wait-time = 10s (default)
2020-12-03 13:59:32,227 [pool-24-thread-1] INFO  server.RaftServerConfigKeys (ConfUtils.java:logGet(44)) - raft.server.sleep.deviation.threshold = 300 (default)
2020-12-03 13:59:32,228 [pool-24-thread-1] INFO  server.RaftServerConfigKeys (ConfUtils.java:logGet(44)) - raft.server.log.appender.install.snapshot.enabled = false (custom)
2020-12-03 13:59:32,236 [pool-24-thread-1] INFO  impl.RaftServerImpl (ServerState.java:<init>(104)) - omNode-1@group-523986131536: ConfigurationManager, init=-1: [omNode-3|rpc:localhost:10072, omNode-1|rpc:localhost:10060, omNode-2|rpc:localhost:10066], old=null, confs=<EMPTY_MAP>
2020-12-03 13:59:32,250 [pool-24-thread-1] INFO  server.RaftServerConfigKeys (ConfUtils.java:logGet(44)) - raft.server.storage.dir = [/github/workspace/mnt/ozone/hadoop-ozone/integration-test/target/test-dir/MiniOzoneClusterImpl-6c8cb788-3ebf-4599-90cd-3d9ebf402ba0/omNode-1/ratis] (custom)
2020-12-03 13:59:32,267 [pool-24-thread-1] INFO  server.RaftServerConfigKeys (ConfUtils.java:logGet(44)) - raft.server.log.corruption.policy = EXCEPTION (default)
2020-12-03 13:59:32,273 [pool-24-thread-1] INFO  storage.RaftStorageDirectory (RaftStorageDirectory.java:analyzeStorage(261)) - The storage directory /github/workspace/mnt/ozone/hadoop-ozone/integration-test/target/test-dir/MiniOzoneClusterImpl-6c8cb788-3ebf-4599-90cd-3d9ebf402ba0/omNode-1/ratis/c9bc4cf4-3bc3-3c60-a66b-523986131536 does not exist. Creating ...
2020-12-03 13:59:32,279 [pool-24-thread-1] INFO  storage.RaftStorageDirectory (RaftStorageDirectory.java:tryLock(343)) - Lock on /github/workspace/mnt/ozone/hadoop-ozone/integration-test/target/test-dir/MiniOzoneClusterImpl-6c8cb788-3ebf-4599-90cd-3d9ebf402ba0/omNode-1/ratis/c9bc4cf4-3bc3-3c60-a66b-523986131536/in_use.lock acquired by nodename 10962@8f6ffd452453
2020-12-03 13:59:32,289 [pool-24-thread-1] INFO  storage.RaftStorage (RaftStorage.java:format(85)) - Storage directory /github/workspace/mnt/ozone/hadoop-ozone/integration-test/target/test-dir/MiniOzoneClusterImpl-6c8cb788-3ebf-4599-90cd-3d9ebf402ba0/omNode-1/ratis/c9bc4cf4-3bc3-3c60-a66b-523986131536 has been successfully formatted.
2020-12-03 13:59:32,292 [pool-24-thread-1] INFO  server.RaftServerConfigKeys (ConfUtils.java:logGet(44)) - raft.server.notification.no-leader.timeout = 2s (custom)
2020-12-03 13:59:32,296 [pool-24-thread-1] INFO  server.RaftServerConfigKeys (ConfUtils.java:logGet(44)) - raft.server.log.use.memory = false (default)
2020-12-03 13:59:32,307 [pool-24-thread-1] INFO  server.RaftServerConfigKeys (ConfUtils.java:logGet(44)) - raft.server.log.purge.gap = 50 (custom)
2020-12-03 13:59:32,316 [pool-24-thread-1] INFO  metrics.RatisMetrics (RatisMetrics.java:lambda$create$0(36)) - Creating Metrics Registry : ratis.log_worker.omNode-1@group-523986131536
2020-12-03 13:59:32,339 [pool-24-thread-1] INFO  server.RaftServerConfigKeys (ConfUtils.java:logGet(44)) - raft.server.log.appender.buffer.byte-limit = 33554432 (custom)
2020-12-03 13:59:32,346 [pool-24-thread-1] INFO  server.RaftServerConfigKeys (ConfUtils.java:logGet(44)) - raft.server.log.segment.size.max = 4194304 (custom)
2020-12-03 13:59:32,364 [pool-24-thread-1] INFO  server.RaftServerConfigKeys (ConfUtils.java:logGet(44)) - raft.server.log.segment.cache.num.max = 2 (custom)
2020-12-03 13:59:32,381 [pool-24-thread-1] INFO  segmented.SegmentedRaftLogWorker (SegmentedRaftLogWorker.java:<init>(180)) - new omNode-1@group-523986131536-SegmentedRaftLogWorker for RaftStorage:Storage Directory /github/workspace/mnt/ozone/hadoop-ozone/integration-test/target/test-dir/MiniOzoneClusterImpl-6c8cb788-3ebf-4599-90cd-3d9ebf402ba0/omNode-1/ratis/c9bc4cf4-3bc3-3c60-a66b-523986131536
2020-12-03 13:59:32,381 [pool-24-thread-1] INFO  server.RaftServerConfigKeys (ConfUtils.java:logGet(44)) - raft.server.log.queue.byte-limit = 64MB (=67108864) (default)
2020-12-03 13:59:32,382 [pool-24-thread-1] INFO  server.RaftServerConfigKeys (ConfUtils.java:logGet(44)) - raft.server.log.queue.element-limit = 4096 (default)
2020-12-03 13:59:32,392 [pool-24-thread-1] INFO  server.RaftServerConfigKeys (ConfUtils.java:logGet(44)) - raft.server.log.segment.size.max = 4194304 (custom)
2020-12-03 13:59:32,392 [pool-24-thread-1] INFO  server.RaftServerConfigKeys (ConfUtils.java:logGet(44)) - raft.server.log.preallocated.size = 4194304 (custom)
2020-12-03 13:59:32,393 [pool-24-thread-1] INFO  server.RaftServerConfigKeys (ConfUtils.java:logGet(44)) - raft.server.log.write.buffer.size = 64KB (=65536) (default)
2020-12-03 13:59:32,394 [pool-24-thread-1] INFO  server.RaftServerConfigKeys (ConfUtils.java:logGet(44)) - raft.server.log.force.sync.num = 128 (default)
2020-12-03 13:59:32,399 [pool-24-thread-1] INFO  server.RaftServerConfigKeys (ConfUtils.java:logGet(44)) - raft.server.log.statemachine.data.sync = true (default)
2020-12-03 13:59:32,399 [pool-24-thread-1] INFO  server.RaftServerConfigKeys (ConfUtils.java:logGet(44)) - raft.server.log.statemachine.data.sync.timeout = 10s (default)
2020-12-03 13:59:32,401 [pool-24-thread-1] INFO  server.RaftServerConfigKeys (ConfUtils.java:logGet(44)) - raft.server.log.statemachine.data.sync.timeout.retry = -1 (default)
2020-12-03 13:59:32,417 [pool-24-thread-1] INFO  server.RaftServerConfigKeys (ConfUtils.java:logGet(44)) - raft.server.log.statemachine.data.caching.enabled = false (default)
2020-12-03 13:59:32,426 [Listener at 0.0.0.0/39589] INFO  ipc.CallQueueManager (CallQueueManager.java:<init>(84)) - Using callQueue: class java.util.concurrent.LinkedBlockingQueue, queueCapacity: 2000, scheduler: class org.apache.hadoop.ipc.DefaultRpcScheduler, ipcBackoff: false.
2020-12-03 13:59:32,432 [pool-24-thread-1] INFO  segmented.SegmentedRaftLogWorker (SegmentedRaftLogWorker.java:lambda$new$0(129)) - omNode-1@group-523986131536-SegmentedRaftLogWorker: flushIndex: setUnconditionally 0 -> -1
2020-12-03 13:59:32,433 [pool-24-thread-1] INFO  segmented.SegmentedRaftLogWorker (SegmentedRaftLogWorker.java:lambda$new$0(129)) - omNode-1@group-523986131536-SegmentedRaftLogWorker: safeCacheEvictIndex: setUnconditionally 0 -> -1
2020-12-03 13:59:32,445 [Socket Reader #1 for port 10056] INFO  ipc.Server (Server.java:run(1219)) - Starting Socket Reader #1 for port 10056
2020-12-03 13:59:32,448 [pool-24-thread-1] INFO  server.RaftServerConfigKeys (ConfUtils.java:logGet(44)) - raft.server.snapshot.auto.trigger.enabled = true (custom)
2020-12-03 13:59:32,449 [pool-24-thread-1] INFO  server.RaftServerConfigKeys (ConfUtils.java:logGet(44)) - raft.server.snapshot.auto.trigger.threshold = 50 (custom)
2020-12-03 13:59:32,450 [pool-24-thread-1] INFO  server.RaftServerConfigKeys (ConfUtils.java:logGet(44)) - raft.server.snapshot.retention.file.num = -1 (default)
2020-12-03 13:59:32,451 [pool-24-thread-1] INFO  server.RaftServerConfigKeys (ConfUtils.java:logGet(44)) - raft.server.log.purge.upto.snapshot.index = true (custom)
2020-12-03 13:59:32,451 [pool-24-thread-1] INFO  server.RaftServerConfigKeys (ConfUtils.java:logGet(44)) - raft.server.retrycache.expirytime = 600000ms (custom)
2020-12-03 13:59:32,478 [Listener at 127.0.0.1/10056] INFO  impl.MetricsSystemImpl (MetricsSystemImpl.java:init(158)) - OzoneManager metrics system started (again)
2020-12-03 13:59:32,490 [Listener at 127.0.0.1/10056] INFO  om.OzoneManager (OzoneManager.java:start(1145)) - OzoneManager RPC server is listening at localhost/127.0.0.1:10056
2020-12-03 13:59:32,491 [Listener at 127.0.0.1/10056] INFO  ratis.OzoneManagerRatisServer (OzoneManagerRatisServer.java:start(368)) - Starting OzoneManagerRatisServer omNode-1 at port 10060
2020-12-03 13:59:32,492 [pool-24-thread-1] INFO  metrics.RatisMetrics (RatisMetrics.java:lambda$create$0(36)) - Creating Metrics Registry : ratis.leader_election.omNode-1@group-523986131536
2020-12-03 13:59:32,502 [pool-24-thread-1] INFO  metrics.RatisMetrics (RatisMetrics.java:lambda$create$0(36)) - Creating Metrics Registry : ratis.server.omNode-1@group-523986131536
2020-12-03 13:59:32,526 [Listener at 127.0.0.1/10056] INFO  impl.RaftServerImpl (RaftServerImpl.java:start(215)) - omNode-1@group-523986131536: start as a follower, conf=-1: [omNode-3|rpc:localhost:10072, omNode-1|rpc:localhost:10060, omNode-2|rpc:localhost:10066], old=null
2020-12-03 13:59:32,528 [Listener at 127.0.0.1/10056] INFO  impl.RaftServerImpl (RaftServerImpl.java:setRole(204)) - omNode-1@group-523986131536: changes role from      null to FOLLOWER at term 0 for startAsFollower
2020-12-03 13:59:32,529 [Listener at 127.0.0.1/10056] INFO  impl.RoleInfo (RoleInfo.java:updateAndGet(143)) - omNode-1: start omNode-1@group-523986131536-FollowerState
2020-12-03 13:59:32,531 [Listener at 127.0.0.1/10056] INFO  util.JmxRegister (JmxRegister.java:tryRegister(44)) - Successfully registered JMX Bean with object name Ratis:service=RaftServer,group=group-523986131536,id=omNode-1
2020-12-03 13:59:32,538 [Listener at 127.0.0.1/10056] INFO  metrics.RatisMetrics (RatisMetrics.java:lambda$create$0(36)) - Creating Metrics Registry : ratis.state_machine.omNode-1@group-523986131536
2020-12-03 13:59:32,540 [Listener at 127.0.0.1/10056] INFO  impl.RaftServerProxy (RaftServerProxy.java:lambda$start$3(321)) - omNode-1: start RPC server
2020-12-03 13:59:32,618 [Listener at 127.0.0.1/10056] INFO  server.GrpcService (GrpcService.java:startImpl(177)) - omNode-1: GrpcService started, listening on 0.0.0.0/0.0.0.0:10060
2020-12-03 13:59:32,627 [org.apache.ratis.server.JvmPauseMonitor@488702d7-Monitor] INFO  server.RaftServerConfigKeys (ConfUtils.java:logGet(44)) - raft.server.leaderelection.leader.step-down.wait-time = 10s (default)
2020-12-03 13:59:32,628 [org.apache.ratis.server.JvmPauseMonitor@488702d7-Monitor] INFO  server.RaftServerConfigKeys (ConfUtils.java:logGet(44)) - raft.server.rpc.slowness.timeout = 2s (custom)
2020-12-03 13:59:32,630 [Listener at 127.0.0.1/10056] INFO  http.BaseHttpServer (BaseHttpServer.java:newHttpServer2BuilderForOzone(207)) - Starting Web-server for ozoneManager at: http://0.0.0.0:10058
2020-12-03 13:59:32,630 [Listener at 127.0.0.1/10056] INFO  http.BaseHttpServer (BaseHttpServer.java:<init>(106)) - Hadoop Security Enabled: false Ozone Security Enabled: false Ozone HTTP Security Enabled: false 
2020-12-03 13:59:32,632 [Listener at 127.0.0.1/10056] INFO  server.AuthenticationFilter (AuthenticationFilter.java:constructSecretProvider(240)) - Unable to initialize FileSignerSecretProvider, falling back to use random secrets.
2020-12-03 13:59:32,637 [Listener at 127.0.0.1/10056] WARN  http.HttpRequestLog (HttpRequestLog.java:getRequestLog(103)) - Jetty request log can only be enabled using Log4j
2020-12-03 13:59:32,640 [Listener at 127.0.0.1/10056] INFO  http.HttpServer2 (HttpServer2.java:addGlobalFilter(1019)) - Added global filter 'safety' (class=org.apache.hadoop.hdds.server.http.HttpServer2$QuotingInputFilter)
2020-12-03 13:59:32,641 [Listener at 127.0.0.1/10056] INFO  http.HttpServer2 (HttpServer2.java:addFilter(995)) - Added filter static_user_filter (class=org.apache.hadoop.http.lib.StaticUserWebFilter$StaticUserFilter) to context ozoneManager
2020-12-03 13:59:32,646 [Listener at 127.0.0.1/10056] INFO  http.HttpServer2 (HttpServer2.java:addFilter(1003)) - Added filter static_user_filter (class=org.apache.hadoop.http.lib.StaticUserWebFilter$StaticUserFilter) to context logs
2020-12-03 13:59:32,647 [Listener at 127.0.0.1/10056] INFO  http.HttpServer2 (HttpServer2.java:addFilter(1003)) - Added filter static_user_filter (class=org.apache.hadoop.http.lib.StaticUserWebFilter$StaticUserFilter) to context static
2020-12-03 13:59:32,651 [org.apache.ratis.server.JvmPauseMonitor@488702d7-Monitor] INFO  server.JvmPauseMonitor (JvmPauseMonitor.java:run(129)) - Starting Ratis JVM pause monitor
2020-12-03 13:59:32,660 [Listener at 127.0.0.1/10056] INFO  http.HttpServer2 (HttpServer2.java:bindListener(1237)) - Jetty bound to port 10058
2020-12-03 13:59:32,661 [Listener at 127.0.0.1/10056] INFO  server.Server (Server.java:doStart(375)) - jetty-9.4.34.v20201102; built: 2020-11-02T14:15:39.302Z; git: e46af88704a893fc12cb0e3bf46e2c7b48a009e7; jvm 1.8.0_232-b09
2020-12-03 13:59:32,663 [Listener at 127.0.0.1/10056] INFO  server.session (DefaultSessionIdManager.java:doStart(334)) - DefaultSessionIdManager workerName=node0
2020-12-03 13:59:32,663 [Listener at 127.0.0.1/10056] INFO  server.session (DefaultSessionIdManager.java:doStart(339)) - No SessionScavenger set, using defaults
2020-12-03 13:59:32,663 [Listener at 127.0.0.1/10056] INFO  server.session (HouseKeeper.java:startScavenging(132)) - node0 Scavenging every 600000ms
2020-12-03 13:59:32,664 [Listener at 127.0.0.1/10056] INFO  handler.ContextHandler (ContextHandler.java:doStart(916)) - Started o.e.j.s.ServletContextHandler@401a28e9{logs,/logs,file:///github/workspace/mnt/ozone/hadoop-ozone/integration-test/target/log,AVAILABLE}
2020-12-03 13:59:32,665 [Listener at 127.0.0.1/10056] INFO  handler.ContextHandler (ContextHandler.java:doStart(916)) - Started o.e.j.s.ServletContextHandler@5577482d{static,/static,file:///github/workspace/mnt/ozone/hadoop-ozone/integration-test/target/test-classes/webapps/static,AVAILABLE}
2020-12-03 13:59:32,669 [Listener at 127.0.0.1/10056] INFO  handler.ContextHandler (ContextHandler.java:doStart(916)) - Started o.e.j.w.WebAppContext@2060a1b1{ozoneManager,/,file:///github/workspace/mnt/ozone/hadoop-ozone/integration-test/target/test-classes/webapps/ozoneManager/,AVAILABLE}{file:/github/workspace/mnt/ozone/hadoop-ozone/integration-test/target/test-classes/webapps/ozoneManager}
2020-12-03 13:59:32,675 [Listener at 127.0.0.1/10056] INFO  server.AbstractConnector (AbstractConnector.java:doStart(331)) - Started ServerConnector@7fa04fab{HTTP/1.1, (http/1.1)}{0.0.0.0:10058}
2020-12-03 13:59:32,675 [Listener at 127.0.0.1/10056] INFO  server.Server (Server.java:doStart(415)) - Started @5435ms
2020-12-03 13:59:32,675 [Listener at 127.0.0.1/10056] WARN  impl.MetricsSystemImpl (MetricsSystemImpl.java:register(276)) - Sink prometheus already exists!
2020-12-03 13:59:32,679 [Listener at 127.0.0.1/10056] INFO  http.BaseHttpServer (BaseHttpServer.java:updateConnectorAddress(327)) - HTTP server of ozoneManager listening at http://0.0.0.0:10058
2020-12-03 13:59:32,680 [IPC Server Responder] INFO  ipc.Server (Server.java:run(1460)) - IPC Server Responder: starting
2020-12-03 13:59:32,681 [IPC Server listener on 10056] INFO  ipc.Server (Server.java:run(1298)) - IPC Server listener on 10056: starting
2020-12-03 13:59:32,692 [Listener at 127.0.0.1/10056] INFO  om.OzoneManager (OzoneManager.java:startTrashEmptier(1270)) - Trash Interval set to 0. Files deleted will not move to trash
2020-12-03 13:59:32,693 [Listener at 127.0.0.1/10056] INFO  ozone.MiniOzoneHAClusterImpl (MiniOzoneHAClusterImpl.java:createOMService(380)) - Started OzoneManager RPC server at localhost/127.0.0.1:10056
2020-12-03 13:59:32,694 [Listener at 127.0.0.1/10056] WARN  server.ServerUtils (ServerUtils.java:getDBPath(225)) - ozone.om.db.dirs is not configured. We recommend adding this setting. Falling back to ozone.metadata.dirs instead.
2020-12-03 13:59:32,696 [org.apache.hadoop.util.JvmPauseMonitor$Monitor@72b378ea] INFO  util.JvmPauseMonitor (JvmPauseMonitor.java:run(188)) - Starting JVM pause monitor
2020-12-03 13:59:32,697 [Listener at 127.0.0.1/10056] INFO  ha.OMHANodeDetails (OMHANodeDetails.java:loadOMHAConfig(110)) - ServiceID for OzoneManager is om-service-test1
2020-12-03 13:59:32,698 [Listener at 127.0.0.1/10056] INFO  ha.OMHANodeDetails (OMHANodeDetails.java:loadOMHAConfig(188)) - Found matching OM address with OMServiceId: om-service-test1, OMNodeId: omNode-2, RPC Address: localhost:10062 and Ratis port: 10066
2020-12-03 13:59:32,698 [Listener at 127.0.0.1/10056] INFO  ha.OMHANodeDetails (OMHANodeDetails.java:setOMNodeSpecificConfigs(314)) - Setting configuration key ozone.om.http-address with value of key ozone.om.http-address.omNode-2: 127.0.0.1:10064
2020-12-03 13:59:32,698 [Listener at 127.0.0.1/10056] INFO  ha.OMHANodeDetails (OMHANodeDetails.java:setOMNodeSpecificConfigs(314)) - Setting configuration key ozone.om.https-address with value of key ozone.om.https-address.omNode-2: 127.0.0.1:10065
2020-12-03 13:59:32,698 [Listener at 127.0.0.1/10056] INFO  ha.OMHANodeDetails (OMHANodeDetails.java:setOMNodeSpecificConfigs(314)) - Setting configuration key ozone.om.address with value of key ozone.om.address.omNode-2: 127.0.0.1:10062
2020-12-03 13:59:32,698 [Listener at 127.0.0.1/10056] WARN  server.ServerUtils (ServerUtils.java:getDBPath(225)) - ozone.om.db.dirs is not configured. We recommend adding this setting. Falling back to ozone.metadata.dirs instead.
2020-12-03 13:59:32,699 [Listener at 127.0.0.1/10056] WARN  server.ServerUtils (ServerUtils.java:getDBPath(225)) - ozone.om.db.dirs is not configured. We recommend adding this setting. Falling back to ozone.metadata.dirs instead.
2020-12-03 13:59:32,702 [Listener at 127.0.0.1/10056] WARN  server.ServerUtils (ServerUtils.java:getDBPath(225)) - ozone.om.db.dirs is not configured. We recommend adding this setting. Falling back to ozone.metadata.dirs instead.
2020-12-03 13:59:32,703 [Listener at 127.0.0.1/10056] INFO  codec.OmKeyInfoCodec (OmKeyInfoCodec.java:<init>(41)) - OmKeyInfoCodec ignorePipeline = true
2020-12-03 13:59:32,703 [Listener at 127.0.0.1/10056] INFO  codec.RepeatedOmKeyInfoCodec (RepeatedOmKeyInfoCodec.java:<init>(40)) - RepeatedOmKeyInfoCodec ignorePipeline = true
2020-12-03 13:59:32,762 [Listener at 127.0.0.1/10056] INFO  om.OzoneManager (OzoneManager.java:addS3GVolumeToDB(3737)) - Created Volume s3v With Owner jenkins1001 required for S3Gateway operations.
2020-12-03 13:59:32,763 [Listener at 127.0.0.1/10056] WARN  server.ServerUtils (ServerUtils.java:getDefaultRatisDirectory(237)) - Storage directory for Ratis is not configured. It is a good idea to map this to an SSD disk. Falling back to ozone.metadata.dirs
2020-12-03 13:59:32,763 [Listener at 127.0.0.1/10056] INFO  ratis.OzoneManagerRatisServer (OzoneManagerRatisServer.java:<init>(271)) - Instantiating OM Ratis server with GroupID: om-service-test1 and Raft Peers: localhost:10066, localhost:10060, localhost:10072
2020-12-03 13:59:32,764 [Listener at 127.0.0.1/10056] INFO  ratis.OzoneManagerStateMachine (OzoneManagerStateMachine.java:loadSnapshotInfoFromDB(518)) - LastAppliedIndex is set from TransactionInfo from OM DB as (t:0, i:~)
2020-12-03 13:59:32,764 [Listener at 127.0.0.1/10056] INFO  impl.RaftServerProxy (ConfUtils.java:logGet(44)) - raft.rpc.type = GRPC (default)
2020-12-03 13:59:32,764 [Listener at 127.0.0.1/10056] INFO  grpc.GrpcFactory (GrpcFactory.java:checkPooledByteBufAllocatorUseCacheForAllThreads(45)) - PERFORMANCE WARNING: useCacheForAllThreads is true that may cause Netty to create a lot garbage objects and, as a result, trigger GC.
	It is recommended to disable useCacheForAllThreads by setting -Dorg.apache.ratis.thirdparty.io.netty.allocator.useCacheForAllThreads=false in command line.
2020-12-03 13:59:32,765 [Listener at 127.0.0.1/10056] INFO  grpc.GrpcConfigKeys (ConfUtils.java:logGet(44)) - raft.grpc.server.port = 10066 (custom)
2020-12-03 13:59:32,765 [Listener at 127.0.0.1/10056] INFO  server.GrpcService (ConfUtils.java:logGet(44)) - raft.grpc.message.size.max = 33554432 (custom)
2020-12-03 13:59:32,765 [Listener at 127.0.0.1/10056] INFO  server.RaftServerConfigKeys (ConfUtils.java:logGet(44)) - raft.server.log.appender.buffer.byte-limit = 33554432 (custom)
2020-12-03 13:59:32,765 [Listener at 127.0.0.1/10056] INFO  server.GrpcService (ConfUtils.java:logGet(44)) - raft.grpc.flow.control.window = 1MB (=1048576) (default)
2020-12-03 13:59:32,765 [Listener at 127.0.0.1/10056] INFO  server.RaftServerConfigKeys (ConfUtils.java:logGet(44)) - raft.server.rpc.request.timeout = 3000ms (default)
2020-12-03 13:59:32,766 [Listener at 127.0.0.1/10056] INFO  impl.DataStreamServerImpl (ConfUtils.java:logGet(44)) - raft.datastream.type = DISABLED (default)
2020-12-03 13:59:32,767 [Listener at 127.0.0.1/10056] INFO  server.RaftServerConfigKeys (ConfUtils.java:logGet(44)) - raft.server.storage.dir = [/github/workspace/mnt/ozone/hadoop-ozone/integration-test/target/test-dir/MiniOzoneClusterImpl-6c8cb788-3ebf-4599-90cd-3d9ebf402ba0/omNode-2/ratis] (custom)
2020-12-03 13:59:32,767 [Listener at 127.0.0.1/10056] INFO  impl.RaftServerProxy (RaftServerProxy.java:addNew(93)) - omNode-2: addNew group-523986131536:[omNode-3|rpc:localhost:10072, omNode-1|rpc:localhost:10060, omNode-2|rpc:localhost:10066] returns group-523986131536:java.util.concurrent.CompletableFuture@79bf919a[Not completed]
2020-12-03 13:59:32,767 [Listener at 127.0.0.1/10056] INFO  om.OzoneManager (OzoneManager.java:initializeRatisServer(1337)) - OzoneManager Ratis server initialized at port 10066
2020-12-03 13:59:32,767 [Listener at 127.0.0.1/10056] WARN  server.ServerUtils (ServerUtils.java:getDefaultRatisDirectory(237)) - Storage directory for Ratis is not configured. It is a good idea to map this to an SSD disk. Falling back to ozone.metadata.dirs
2020-12-03 13:59:32,768 [Listener at 127.0.0.1/10056] WARN  server.ServerUtils (ServerUtils.java:getDefaultRatisDirectory(237)) - Storage directory for Ratis is not configured. It is a good idea to map this to an SSD disk. Falling back to ozone.metadata.dirs
2020-12-03 13:59:32,768 [Listener at 127.0.0.1/10056] INFO  snapshot.OzoneManagerSnapshotProvider (OzoneManagerSnapshotProvider.java:<init>(77)) - Initializing OM Snapshot Provider
2020-12-03 13:59:32,770 [Listener at 127.0.0.1/10056] INFO  ipc.CallQueueManager (CallQueueManager.java:<init>(84)) - Using callQueue: class java.util.concurrent.LinkedBlockingQueue, queueCapacity: 2000, scheduler: class org.apache.hadoop.ipc.DefaultRpcScheduler, ipcBackoff: false.
2020-12-03 13:59:32,771 [pool-41-thread-1] INFO  impl.RaftServerImpl (RaftServerImpl.java:<init>(121)) - omNode-2: new RaftServerImpl for group-523986131536:[omNode-3|rpc:localhost:10072, omNode-1|rpc:localhost:10060, omNode-2|rpc:localhost:10066] with OzoneManagerStateMachine:uninitialized
2020-12-03 13:59:32,771 [Socket Reader #1 for port 10062] INFO  ipc.Server (Server.java:run(1219)) - Starting Socket Reader #1 for port 10062
2020-12-03 13:59:32,779 [pool-41-thread-1] INFO  server.RaftServerConfigKeys (ConfUtils.java:logGet(44)) - raft.server.rpc.timeout.min = 1s (custom)
2020-12-03 13:59:32,779 [pool-41-thread-1] INFO  server.RaftServerConfigKeys (ConfUtils.java:logGet(44)) - raft.server.rpc.timeout.max = 1200ms (custom)
2020-12-03 13:59:32,779 [pool-41-thread-1] INFO  server.RaftServerConfigKeys (ConfUtils.java:logGet(44)) - raft.server.rpc.slowness.timeout = 2s (custom)
2020-12-03 13:59:32,779 [pool-41-thread-1] INFO  server.RaftServerConfigKeys (ConfUtils.java:logGet(44)) - raft.server.leaderelection.leader.step-down.wait-time = 10s (default)
2020-12-03 13:59:32,779 [pool-41-thread-1] INFO  server.RaftServerConfigKeys (ConfUtils.java:logGet(44)) - raft.server.sleep.deviation.threshold = 300 (default)
2020-12-03 13:59:32,779 [pool-41-thread-1] INFO  server.RaftServerConfigKeys (ConfUtils.java:logGet(44)) - raft.server.log.appender.install.snapshot.enabled = false (custom)
2020-12-03 13:59:32,780 [pool-41-thread-1] INFO  impl.RaftServerImpl (ServerState.java:<init>(104)) - omNode-2@group-523986131536: ConfigurationManager, init=-1: [omNode-3|rpc:localhost:10072, omNode-1|rpc:localhost:10060, omNode-2|rpc:localhost:10066], old=null, confs=<EMPTY_MAP>
2020-12-03 13:59:32,780 [pool-41-thread-1] INFO  server.RaftServerConfigKeys (ConfUtils.java:logGet(44)) - raft.server.storage.dir = [/github/workspace/mnt/ozone/hadoop-ozone/integration-test/target/test-dir/MiniOzoneClusterImpl-6c8cb788-3ebf-4599-90cd-3d9ebf402ba0/omNode-2/ratis] (custom)
2020-12-03 13:59:32,780 [pool-41-thread-1] INFO  server.RaftServerConfigKeys (ConfUtils.java:logGet(44)) - raft.server.log.corruption.policy = EXCEPTION (default)
2020-12-03 13:59:32,780 [pool-41-thread-1] INFO  storage.RaftStorageDirectory (RaftStorageDirectory.java:analyzeStorage(261)) - The storage directory /github/workspace/mnt/ozone/hadoop-ozone/integration-test/target/test-dir/MiniOzoneClusterImpl-6c8cb788-3ebf-4599-90cd-3d9ebf402ba0/omNode-2/ratis/c9bc4cf4-3bc3-3c60-a66b-523986131536 does not exist. Creating ...
2020-12-03 13:59:32,782 [pool-41-thread-1] INFO  storage.RaftStorageDirectory (RaftStorageDirectory.java:tryLock(343)) - Lock on /github/workspace/mnt/ozone/hadoop-ozone/integration-test/target/test-dir/MiniOzoneClusterImpl-6c8cb788-3ebf-4599-90cd-3d9ebf402ba0/omNode-2/ratis/c9bc4cf4-3bc3-3c60-a66b-523986131536/in_use.lock acquired by nodename 10962@8f6ffd452453
2020-12-03 13:59:32,783 [pool-41-thread-1] INFO  storage.RaftStorage (RaftStorage.java:format(85)) - Storage directory /github/workspace/mnt/ozone/hadoop-ozone/integration-test/target/test-dir/MiniOzoneClusterImpl-6c8cb788-3ebf-4599-90cd-3d9ebf402ba0/omNode-2/ratis/c9bc4cf4-3bc3-3c60-a66b-523986131536 has been successfully formatted.
2020-12-03 13:59:32,784 [pool-41-thread-1] INFO  server.RaftServerConfigKeys (ConfUtils.java:logGet(44)) - raft.server.notification.no-leader.timeout = 2s (custom)
2020-12-03 13:59:32,784 [pool-41-thread-1] INFO  server.RaftServerConfigKeys (ConfUtils.java:logGet(44)) - raft.server.log.use.memory = false (default)
2020-12-03 13:59:32,784 [pool-41-thread-1] INFO  server.RaftServerConfigKeys (ConfUtils.java:logGet(44)) - raft.server.log.purge.gap = 50 (custom)
2020-12-03 13:59:32,784 [pool-41-thread-1] INFO  metrics.RatisMetrics (RatisMetrics.java:lambda$create$0(36)) - Creating Metrics Registry : ratis.log_worker.omNode-2@group-523986131536
2020-12-03 13:59:32,784 [pool-41-thread-1] INFO  server.RaftServerConfigKeys (ConfUtils.java:logGet(44)) - raft.server.log.appender.buffer.byte-limit = 33554432 (custom)
2020-12-03 13:59:32,784 [pool-41-thread-1] INFO  server.RaftServerConfigKeys (ConfUtils.java:logGet(44)) - raft.server.log.segment.size.max = 4194304 (custom)
2020-12-03 13:59:32,785 [pool-41-thread-1] INFO  server.RaftServerConfigKeys (ConfUtils.java:logGet(44)) - raft.server.log.segment.cache.num.max = 2 (custom)
2020-12-03 13:59:32,785 [pool-41-thread-1] INFO  segmented.SegmentedRaftLogWorker (SegmentedRaftLogWorker.java:<init>(180)) - new omNode-2@group-523986131536-SegmentedRaftLogWorker for RaftStorage:Storage Directory /github/workspace/mnt/ozone/hadoop-ozone/integration-test/target/test-dir/MiniOzoneClusterImpl-6c8cb788-3ebf-4599-90cd-3d9ebf402ba0/omNode-2/ratis/c9bc4cf4-3bc3-3c60-a66b-523986131536
2020-12-03 13:59:32,785 [pool-41-thread-1] INFO  server.RaftServerConfigKeys (ConfUtils.java:logGet(44)) - raft.server.log.queue.byte-limit = 64MB (=67108864) (default)
2020-12-03 13:59:32,785 [pool-41-thread-1] INFO  server.RaftServerConfigKeys (ConfUtils.java:logGet(44)) - raft.server.log.queue.element-limit = 4096 (default)
2020-12-03 13:59:32,785 [pool-41-thread-1] INFO  server.RaftServerConfigKeys (ConfUtils.java:logGet(44)) - raft.server.log.segment.size.max = 4194304 (custom)
2020-12-03 13:59:32,786 [pool-41-thread-1] INFO  server.RaftServerConfigKeys (ConfUtils.java:logGet(44)) - raft.server.log.preallocated.size = 4194304 (custom)
2020-12-03 13:59:32,786 [pool-41-thread-1] INFO  server.RaftServerConfigKeys (ConfUtils.java:logGet(44)) - raft.server.log.write.buffer.size = 64KB (=65536) (default)
2020-12-03 13:59:32,786 [pool-41-thread-1] INFO  server.RaftServerConfigKeys (ConfUtils.java:logGet(44)) - raft.server.log.force.sync.num = 128 (default)
2020-12-03 13:59:32,786 [pool-41-thread-1] INFO  server.RaftServerConfigKeys (ConfUtils.java:logGet(44)) - raft.server.log.statemachine.data.sync = true (default)
2020-12-03 13:59:32,786 [pool-41-thread-1] INFO  server.RaftServerConfigKeys (ConfUtils.java:logGet(44)) - raft.server.log.statemachine.data.sync.timeout = 10s (default)
2020-12-03 13:59:32,786 [pool-41-thread-1] INFO  server.RaftServerConfigKeys (ConfUtils.java:logGet(44)) - raft.server.log.statemachine.data.sync.timeout.retry = -1 (default)
2020-12-03 13:59:32,787 [pool-41-thread-1] INFO  server.RaftServerConfigKeys (ConfUtils.java:logGet(44)) - raft.server.log.statemachine.data.caching.enabled = false (default)
2020-12-03 13:59:32,787 [pool-41-thread-1] INFO  segmented.SegmentedRaftLogWorker (SegmentedRaftLogWorker.java:lambda$new$0(129)) - omNode-2@group-523986131536-SegmentedRaftLogWorker: flushIndex: setUnconditionally 0 -> -1
2020-12-03 13:59:32,787 [pool-41-thread-1] INFO  segmented.SegmentedRaftLogWorker (SegmentedRaftLogWorker.java:lambda$new$0(129)) - omNode-2@group-523986131536-SegmentedRaftLogWorker: safeCacheEvictIndex: setUnconditionally 0 -> -1
2020-12-03 13:59:32,788 [pool-41-thread-1] INFO  server.RaftServerConfigKeys (ConfUtils.java:logGet(44)) - raft.server.snapshot.auto.trigger.enabled = true (custom)
2020-12-03 13:59:32,788 [pool-41-thread-1] INFO  server.RaftServerConfigKeys (ConfUtils.java:logGet(44)) - raft.server.snapshot.auto.trigger.threshold = 50 (custom)
2020-12-03 13:59:32,788 [pool-41-thread-1] INFO  server.RaftServerConfigKeys (ConfUtils.java:logGet(44)) - raft.server.snapshot.retention.file.num = -1 (default)
2020-12-03 13:59:32,788 [pool-41-thread-1] INFO  server.RaftServerConfigKeys (ConfUtils.java:logGet(44)) - raft.server.log.purge.upto.snapshot.index = true (custom)
2020-12-03 13:59:32,788 [pool-41-thread-1] INFO  server.RaftServerConfigKeys (ConfUtils.java:logGet(44)) - raft.server.retrycache.expirytime = 600000ms (custom)
2020-12-03 13:59:32,788 [pool-41-thread-1] INFO  metrics.RatisMetrics (RatisMetrics.java:lambda$create$0(36)) - Creating Metrics Registry : ratis.leader_election.omNode-2@group-523986131536
2020-12-03 13:59:32,789 [pool-41-thread-1] INFO  metrics.RatisMetrics (RatisMetrics.java:lambda$create$0(36)) - Creating Metrics Registry : ratis.server.omNode-2@group-523986131536
2020-12-03 13:59:32,799 [Listener at 127.0.0.1/10062] INFO  impl.MetricsSystemImpl (MetricsSystemImpl.java:init(158)) - OzoneManager metrics system started (again)
2020-12-03 13:59:32,800 [Listener at 127.0.0.1/10062] INFO  om.OzoneManager (OzoneManager.java:start(1145)) - OzoneManager RPC server is listening at localhost/127.0.0.1:10062
2020-12-03 13:59:32,800 [Listener at 127.0.0.1/10062] INFO  ratis.OzoneManagerRatisServer (OzoneManagerRatisServer.java:start(368)) - Starting OzoneManagerRatisServer omNode-2 at port 10066
2020-12-03 13:59:32,801 [Listener at 127.0.0.1/10062] INFO  impl.RaftServerImpl (RaftServerImpl.java:start(215)) - omNode-2@group-523986131536: start as a follower, conf=-1: [omNode-3|rpc:localhost:10072, omNode-1|rpc:localhost:10060, omNode-2|rpc:localhost:10066], old=null
2020-12-03 13:59:32,802 [Listener at 127.0.0.1/10062] INFO  impl.RaftServerImpl (RaftServerImpl.java:setRole(204)) - omNode-2@group-523986131536: changes role from      null to FOLLOWER at term 0 for startAsFollower
2020-12-03 13:59:32,802 [Listener at 127.0.0.1/10062] INFO  impl.RoleInfo (RoleInfo.java:updateAndGet(143)) - omNode-2: start omNode-2@group-523986131536-FollowerState
2020-12-03 13:59:32,805 [Listener at 127.0.0.1/10062] INFO  util.JmxRegister (JmxRegister.java:tryRegister(44)) - Successfully registered JMX Bean with object name Ratis:service=RaftServer,group=group-523986131536,id=omNode-2
2020-12-03 13:59:32,805 [Listener at 127.0.0.1/10062] INFO  metrics.RatisMetrics (RatisMetrics.java:lambda$create$0(36)) - Creating Metrics Registry : ratis.state_machine.omNode-2@group-523986131536
2020-12-03 13:59:32,806 [Listener at 127.0.0.1/10062] INFO  impl.RaftServerProxy (RaftServerProxy.java:lambda$start$3(321)) - omNode-2: start RPC server
2020-12-03 13:59:32,808 [Listener at 127.0.0.1/10062] INFO  server.GrpcService (GrpcService.java:startImpl(177)) - omNode-2: GrpcService started, listening on 0.0.0.0/0.0.0.0:10066
2020-12-03 13:59:32,808 [org.apache.ratis.server.JvmPauseMonitor@b41eeb1-Monitor] INFO  server.RaftServerConfigKeys (ConfUtils.java:logGet(44)) - raft.server.leaderelection.leader.step-down.wait-time = 10s (default)
2020-12-03 13:59:32,809 [org.apache.ratis.server.JvmPauseMonitor@b41eeb1-Monitor] INFO  server.RaftServerConfigKeys (ConfUtils.java:logGet(44)) - raft.server.rpc.slowness.timeout = 2s (custom)
2020-12-03 13:59:32,809 [org.apache.ratis.server.JvmPauseMonitor@b41eeb1-Monitor] INFO  server.JvmPauseMonitor (JvmPauseMonitor.java:run(129)) - Starting Ratis JVM pause monitor
2020-12-03 13:59:32,814 [Listener at 127.0.0.1/10062] INFO  http.BaseHttpServer (BaseHttpServer.java:newHttpServer2BuilderForOzone(207)) - Starting Web-server for ozoneManager at: http://0.0.0.0:10064
2020-12-03 13:59:32,814 [Listener at 127.0.0.1/10062] INFO  http.BaseHttpServer (BaseHttpServer.java:<init>(106)) - Hadoop Security Enabled: false Ozone Security Enabled: false Ozone HTTP Security Enabled: false 
2020-12-03 13:59:32,815 [Listener at 127.0.0.1/10062] INFO  server.AuthenticationFilter (AuthenticationFilter.java:constructSecretProvider(240)) - Unable to initialize FileSignerSecretProvider, falling back to use random secrets.
2020-12-03 13:59:32,817 [Listener at 127.0.0.1/10062] WARN  http.HttpRequestLog (HttpRequestLog.java:getRequestLog(103)) - Jetty request log can only be enabled using Log4j
2020-12-03 13:59:32,818 [Listener at 127.0.0.1/10062] INFO  http.HttpServer2 (HttpServer2.java:addGlobalFilter(1019)) - Added global filter 'safety' (class=org.apache.hadoop.hdds.server.http.HttpServer2$QuotingInputFilter)
2020-12-03 13:59:32,821 [Listener at 127.0.0.1/10062] INFO  http.HttpServer2 (HttpServer2.java:addFilter(995)) - Added filter static_user_filter (class=org.apache.hadoop.http.lib.StaticUserWebFilter$StaticUserFilter) to context ozoneManager
2020-12-03 13:59:32,822 [Listener at 127.0.0.1/10062] INFO  http.HttpServer2 (HttpServer2.java:addFilter(1003)) - Added filter static_user_filter (class=org.apache.hadoop.http.lib.StaticUserWebFilter$StaticUserFilter) to context logs
2020-12-03 13:59:32,822 [Listener at 127.0.0.1/10062] INFO  http.HttpServer2 (HttpServer2.java:addFilter(1003)) - Added filter static_user_filter (class=org.apache.hadoop.http.lib.StaticUserWebFilter$StaticUserFilter) to context static
2020-12-03 13:59:32,823 [Listener at 127.0.0.1/10062] INFO  http.HttpServer2 (HttpServer2.java:bindListener(1237)) - Jetty bound to port 10064
2020-12-03 13:59:32,823 [Listener at 127.0.0.1/10062] INFO  server.Server (Server.java:doStart(375)) - jetty-9.4.34.v20201102; built: 2020-11-02T14:15:39.302Z; git: e46af88704a893fc12cb0e3bf46e2c7b48a009e7; jvm 1.8.0_232-b09
2020-12-03 13:59:32,825 [Listener at 127.0.0.1/10062] INFO  server.session (DefaultSessionIdManager.java:doStart(334)) - DefaultSessionIdManager workerName=node0
2020-12-03 13:59:32,826 [Listener at 127.0.0.1/10062] INFO  server.session (DefaultSessionIdManager.java:doStart(339)) - No SessionScavenger set, using defaults
2020-12-03 13:59:32,826 [Listener at 127.0.0.1/10062] INFO  server.session (HouseKeeper.java:startScavenging(132)) - node0 Scavenging every 660000ms
2020-12-03 13:59:32,827 [Listener at 127.0.0.1/10062] INFO  handler.ContextHandler (ContextHandler.java:doStart(916)) - Started o.e.j.s.ServletContextHandler@6a9f368c{logs,/logs,file:///github/workspace/mnt/ozone/hadoop-ozone/integration-test/target/log,AVAILABLE}
2020-12-03 13:59:32,827 [Listener at 127.0.0.1/10062] INFO  handler.ContextHandler (ContextHandler.java:doStart(916)) - Started o.e.j.s.ServletContextHandler@6c8a6dc2{static,/static,file:///github/workspace/mnt/ozone/hadoop-ozone/integration-test/target/test-classes/webapps/static,AVAILABLE}
2020-12-03 13:59:32,831 [Listener at 127.0.0.1/10062] INFO  handler.ContextHandler (ContextHandler.java:doStart(916)) - Started o.e.j.w.WebAppContext@1346c447{ozoneManager,/,file:///github/workspace/mnt/ozone/hadoop-ozone/integration-test/target/test-classes/webapps/ozoneManager/,AVAILABLE}{file:/github/workspace/mnt/ozone/hadoop-ozone/integration-test/target/test-classes/webapps/ozoneManager}
2020-12-03 13:59:32,833 [Listener at 127.0.0.1/10062] INFO  server.AbstractConnector (AbstractConnector.java:doStart(331)) - Started ServerConnector@7da3fdf8{HTTP/1.1, (http/1.1)}{0.0.0.0:10064}
2020-12-03 13:59:32,834 [Listener at 127.0.0.1/10062] INFO  server.Server (Server.java:doStart(415)) - Started @5593ms
2020-12-03 13:59:32,834 [Listener at 127.0.0.1/10062] WARN  impl.MetricsSystemImpl (MetricsSystemImpl.java:register(276)) - Sink prometheus already exists!
2020-12-03 13:59:32,836 [Listener at 127.0.0.1/10062] INFO  http.BaseHttpServer (BaseHttpServer.java:updateConnectorAddress(327)) - HTTP server of ozoneManager listening at http://0.0.0.0:10064
2020-12-03 13:59:32,841 [IPC Server Responder] INFO  ipc.Server (Server.java:run(1460)) - IPC Server Responder: starting
2020-12-03 13:59:32,841 [IPC Server listener on 10062] INFO  ipc.Server (Server.java:run(1298)) - IPC Server listener on 10062: starting
2020-12-03 13:59:32,851 [Listener at 127.0.0.1/10062] INFO  om.OzoneManager (OzoneManager.java:startTrashEmptier(1270)) - Trash Interval set to 0. Files deleted will not move to trash
2020-12-03 13:59:32,853 [Listener at 127.0.0.1/10062] INFO  ozone.MiniOzoneHAClusterImpl (MiniOzoneHAClusterImpl.java:createOMService(380)) - Started OzoneManager RPC server at localhost/127.0.0.1:10062
2020-12-03 13:59:32,854 [Listener at 127.0.0.1/10062] WARN  server.ServerUtils (ServerUtils.java:getDBPath(225)) - ozone.om.db.dirs is not configured. We recommend adding this setting. Falling back to ozone.metadata.dirs instead.
2020-12-03 13:59:32,855 [org.apache.hadoop.util.JvmPauseMonitor$Monitor@4dc7d1b] INFO  util.JvmPauseMonitor (JvmPauseMonitor.java:run(188)) - Starting JVM pause monitor
2020-12-03 13:59:32,856 [Listener at 127.0.0.1/10062] INFO  ha.OMHANodeDetails (OMHANodeDetails.java:loadOMHAConfig(110)) - ServiceID for OzoneManager is om-service-test1
2020-12-03 13:59:32,856 [Listener at 127.0.0.1/10062] INFO  ha.OMHANodeDetails (OMHANodeDetails.java:loadOMHAConfig(188)) - Found matching OM address with OMServiceId: om-service-test1, OMNodeId: omNode-3, RPC Address: localhost:10068 and Ratis port: 10072
2020-12-03 13:59:32,856 [Listener at 127.0.0.1/10062] INFO  ha.OMHANodeDetails (OMHANodeDetails.java:setOMNodeSpecificConfigs(314)) - Setting configuration key ozone.om.http-address with value of key ozone.om.http-address.omNode-3: 127.0.0.1:10070
2020-12-03 13:59:32,856 [Listener at 127.0.0.1/10062] INFO  ha.OMHANodeDetails (OMHANodeDetails.java:setOMNodeSpecificConfigs(314)) - Setting configuration key ozone.om.https-address with value of key ozone.om.https-address.omNode-3: 127.0.0.1:10071
2020-12-03 13:59:32,857 [Listener at 127.0.0.1/10062] INFO  ha.OMHANodeDetails (OMHANodeDetails.java:setOMNodeSpecificConfigs(314)) - Setting configuration key ozone.om.address with value of key ozone.om.address.omNode-3: 127.0.0.1:10068
2020-12-03 13:59:32,857 [Listener at 127.0.0.1/10062] WARN  server.ServerUtils (ServerUtils.java:getDBPath(225)) - ozone.om.db.dirs is not configured. We recommend adding this setting. Falling back to ozone.metadata.dirs instead.
2020-12-03 13:59:32,857 [Listener at 127.0.0.1/10062] WARN  server.ServerUtils (ServerUtils.java:getDBPath(225)) - ozone.om.db.dirs is not configured. We recommend adding this setting. Falling back to ozone.metadata.dirs instead.
2020-12-03 13:59:32,860 [Listener at 127.0.0.1/10062] WARN  server.ServerUtils (ServerUtils.java:getDBPath(225)) - ozone.om.db.dirs is not configured. We recommend adding this setting. Falling back to ozone.metadata.dirs instead.
2020-12-03 13:59:32,861 [Listener at 127.0.0.1/10062] INFO  codec.OmKeyInfoCodec (OmKeyInfoCodec.java:<init>(41)) - OmKeyInfoCodec ignorePipeline = true
2020-12-03 13:59:32,861 [Listener at 127.0.0.1/10062] INFO  codec.RepeatedOmKeyInfoCodec (RepeatedOmKeyInfoCodec.java:<init>(40)) - RepeatedOmKeyInfoCodec ignorePipeline = true
2020-12-03 13:59:32,914 [Listener at 127.0.0.1/10062] INFO  om.OzoneManager (OzoneManager.java:addS3GVolumeToDB(3737)) - Created Volume s3v With Owner jenkins1001 required for S3Gateway operations.
2020-12-03 13:59:32,915 [Listener at 127.0.0.1/10062] WARN  server.ServerUtils (ServerUtils.java:getDefaultRatisDirectory(237)) - Storage directory for Ratis is not configured. It is a good idea to map this to an SSD disk. Falling back to ozone.metadata.dirs
2020-12-03 13:59:32,915 [Listener at 127.0.0.1/10062] INFO  ratis.OzoneManagerRatisServer (OzoneManagerRatisServer.java:<init>(271)) - Instantiating OM Ratis server with GroupID: om-service-test1 and Raft Peers: localhost:10072, localhost:10060, localhost:10066
2020-12-03 13:59:32,915 [Listener at 127.0.0.1/10062] INFO  ratis.OzoneManagerStateMachine (OzoneManagerStateMachine.java:loadSnapshotInfoFromDB(518)) - LastAppliedIndex is set from TransactionInfo from OM DB as (t:0, i:~)
2020-12-03 13:59:32,916 [Listener at 127.0.0.1/10062] INFO  impl.RaftServerProxy (ConfUtils.java:logGet(44)) - raft.rpc.type = GRPC (default)
2020-12-03 13:59:32,916 [Listener at 127.0.0.1/10062] INFO  grpc.GrpcFactory (GrpcFactory.java:checkPooledByteBufAllocatorUseCacheForAllThreads(45)) - PERFORMANCE WARNING: useCacheForAllThreads is true that may cause Netty to create a lot garbage objects and, as a result, trigger GC.
	It is recommended to disable useCacheForAllThreads by setting -Dorg.apache.ratis.thirdparty.io.netty.allocator.useCacheForAllThreads=false in command line.
2020-12-03 13:59:32,916 [Listener at 127.0.0.1/10062] INFO  grpc.GrpcConfigKeys (ConfUtils.java:logGet(44)) - raft.grpc.server.port = 10072 (custom)
2020-12-03 13:59:32,916 [Listener at 127.0.0.1/10062] INFO  server.GrpcService (ConfUtils.java:logGet(44)) - raft.grpc.message.size.max = 33554432 (custom)
2020-12-03 13:59:32,916 [Listener at 127.0.0.1/10062] INFO  server.RaftServerConfigKeys (ConfUtils.java:logGet(44)) - raft.server.log.appender.buffer.byte-limit = 33554432 (custom)
2020-12-03 13:59:32,916 [Listener at 127.0.0.1/10062] INFO  server.GrpcService (ConfUtils.java:logGet(44)) - raft.grpc.flow.control.window = 1MB (=1048576) (default)
2020-12-03 13:59:32,916 [Listener at 127.0.0.1/10062] INFO  server.RaftServerConfigKeys (ConfUtils.java:logGet(44)) - raft.server.rpc.request.timeout = 3000ms (default)
2020-12-03 13:59:32,918 [Listener at 127.0.0.1/10062] INFO  impl.DataStreamServerImpl (ConfUtils.java:logGet(44)) - raft.datastream.type = DISABLED (default)
2020-12-03 13:59:32,918 [Listener at 127.0.0.1/10062] INFO  server.RaftServerConfigKeys (ConfUtils.java:logGet(44)) - raft.server.storage.dir = [/github/workspace/mnt/ozone/hadoop-ozone/integration-test/target/test-dir/MiniOzoneClusterImpl-6c8cb788-3ebf-4599-90cd-3d9ebf402ba0/omNode-3/ratis] (custom)
2020-12-03 13:59:32,918 [Listener at 127.0.0.1/10062] INFO  impl.RaftServerProxy (RaftServerProxy.java:addNew(93)) - omNode-3: addNew group-523986131536:[omNode-3|rpc:localhost:10072, omNode-1|rpc:localhost:10060, omNode-2|rpc:localhost:10066] returns group-523986131536:java.util.concurrent.CompletableFuture@25811e9f[Not completed]
2020-12-03 13:59:32,918 [Listener at 127.0.0.1/10062] INFO  om.OzoneManager (OzoneManager.java:initializeRatisServer(1337)) - OzoneManager Ratis server initialized at port 10072
2020-12-03 13:59:32,919 [Listener at 127.0.0.1/10062] WARN  server.ServerUtils (ServerUtils.java:getDefaultRatisDirectory(237)) - Storage directory for Ratis is not configured. It is a good idea to map this to an SSD disk. Falling back to ozone.metadata.dirs
2020-12-03 13:59:32,919 [Listener at 127.0.0.1/10062] WARN  server.ServerUtils (ServerUtils.java:getDefaultRatisDirectory(237)) - Storage directory for Ratis is not configured. It is a good idea to map this to an SSD disk. Falling back to ozone.metadata.dirs
2020-12-03 13:59:32,919 [Listener at 127.0.0.1/10062] INFO  snapshot.OzoneManagerSnapshotProvider (OzoneManagerSnapshotProvider.java:<init>(77)) - Initializing OM Snapshot Provider
2020-12-03 13:59:32,921 [Listener at 127.0.0.1/10062] INFO  ipc.CallQueueManager (CallQueueManager.java:<init>(84)) - Using callQueue: class java.util.concurrent.LinkedBlockingQueue, queueCapacity: 2000, scheduler: class org.apache.hadoop.ipc.DefaultRpcScheduler, ipcBackoff: false.
2020-12-03 13:59:32,922 [pool-56-thread-1] INFO  impl.RaftServerImpl (RaftServerImpl.java:<init>(121)) - omNode-3: new RaftServerImpl for group-523986131536:[omNode-3|rpc:localhost:10072, omNode-1|rpc:localhost:10060, omNode-2|rpc:localhost:10066] with OzoneManagerStateMachine:uninitialized
2020-12-03 13:59:32,923 [pool-56-thread-1] INFO  server.RaftServerConfigKeys (ConfUtils.java:logGet(44)) - raft.server.rpc.timeout.min = 1s (custom)
2020-12-03 13:59:32,923 [pool-56-thread-1] INFO  server.RaftServerConfigKeys (ConfUtils.java:logGet(44)) - raft.server.rpc.timeout.max = 1200ms (custom)
2020-12-03 13:59:32,923 [pool-56-thread-1] INFO  server.RaftServerConfigKeys (ConfUtils.java:logGet(44)) - raft.server.rpc.slowness.timeout = 2s (custom)
2020-12-03 13:59:32,923 [pool-56-thread-1] INFO  server.RaftServerConfigKeys (ConfUtils.java:logGet(44)) - raft.server.leaderelection.leader.step-down.wait-time = 10s (default)
2020-12-03 13:59:32,923 [pool-56-thread-1] INFO  server.RaftServerConfigKeys (ConfUtils.java:logGet(44)) - raft.server.sleep.deviation.threshold = 300 (default)
2020-12-03 13:59:32,924 [pool-56-thread-1] INFO  server.RaftServerConfigKeys (ConfUtils.java:logGet(44)) - raft.server.log.appender.install.snapshot.enabled = false (custom)
2020-12-03 13:59:32,924 [pool-56-thread-1] INFO  impl.RaftServerImpl (ServerState.java:<init>(104)) - omNode-3@group-523986131536: ConfigurationManager, init=-1: [omNode-3|rpc:localhost:10072, omNode-1|rpc:localhost:10060, omNode-2|rpc:localhost:10066], old=null, confs=<EMPTY_MAP>
2020-12-03 13:59:32,924 [pool-56-thread-1] INFO  server.RaftServerConfigKeys (ConfUtils.java:logGet(44)) - raft.server.storage.dir = [/github/workspace/mnt/ozone/hadoop-ozone/integration-test/target/test-dir/MiniOzoneClusterImpl-6c8cb788-3ebf-4599-90cd-3d9ebf402ba0/omNode-3/ratis] (custom)
2020-12-03 13:59:32,924 [pool-56-thread-1] INFO  server.RaftServerConfigKeys (ConfUtils.java:logGet(44)) - raft.server.log.corruption.policy = EXCEPTION (default)
2020-12-03 13:59:32,924 [pool-56-thread-1] INFO  storage.RaftStorageDirectory (RaftStorageDirectory.java:analyzeStorage(261)) - The storage directory /github/workspace/mnt/ozone/hadoop-ozone/integration-test/target/test-dir/MiniOzoneClusterImpl-6c8cb788-3ebf-4599-90cd-3d9ebf402ba0/omNode-3/ratis/c9bc4cf4-3bc3-3c60-a66b-523986131536 does not exist. Creating ...
2020-12-03 13:59:32,925 [Socket Reader #1 for port 10068] INFO  ipc.Server (Server.java:run(1219)) - Starting Socket Reader #1 for port 10068
2020-12-03 13:59:32,926 [pool-56-thread-1] INFO  storage.RaftStorageDirectory (RaftStorageDirectory.java:tryLock(343)) - Lock on /github/workspace/mnt/ozone/hadoop-ozone/integration-test/target/test-dir/MiniOzoneClusterImpl-6c8cb788-3ebf-4599-90cd-3d9ebf402ba0/omNode-3/ratis/c9bc4cf4-3bc3-3c60-a66b-523986131536/in_use.lock acquired by nodename 10962@8f6ffd452453
2020-12-03 13:59:32,927 [pool-56-thread-1] INFO  storage.RaftStorage (RaftStorage.java:format(85)) - Storage directory /github/workspace/mnt/ozone/hadoop-ozone/integration-test/target/test-dir/MiniOzoneClusterImpl-6c8cb788-3ebf-4599-90cd-3d9ebf402ba0/omNode-3/ratis/c9bc4cf4-3bc3-3c60-a66b-523986131536 has been successfully formatted.
2020-12-03 13:59:32,927 [pool-56-thread-1] INFO  server.RaftServerConfigKeys (ConfUtils.java:logGet(44)) - raft.server.notification.no-leader.timeout = 2s (custom)
2020-12-03 13:59:32,927 [pool-56-thread-1] INFO  server.RaftServerConfigKeys (ConfUtils.java:logGet(44)) - raft.server.log.use.memory = false (default)
2020-12-03 13:59:32,927 [pool-56-thread-1] INFO  server.RaftServerConfigKeys (ConfUtils.java:logGet(44)) - raft.server.log.purge.gap = 50 (custom)
2020-12-03 13:59:32,928 [pool-56-thread-1] INFO  metrics.RatisMetrics (RatisMetrics.java:lambda$create$0(36)) - Creating Metrics Registry : ratis.log_worker.omNode-3@group-523986131536
2020-12-03 13:59:32,928 [pool-56-thread-1] INFO  server.RaftServerConfigKeys (ConfUtils.java:logGet(44)) - raft.server.log.appender.buffer.byte-limit = 33554432 (custom)
2020-12-03 13:59:32,928 [pool-56-thread-1] INFO  server.RaftServerConfigKeys (ConfUtils.java:logGet(44)) - raft.server.log.segment.size.max = 4194304 (custom)
2020-12-03 13:59:32,929 [pool-56-thread-1] INFO  server.RaftServerConfigKeys (ConfUtils.java:logGet(44)) - raft.server.log.segment.cache.num.max = 2 (custom)
2020-12-03 13:59:32,929 [pool-56-thread-1] INFO  segmented.SegmentedRaftLogWorker (SegmentedRaftLogWorker.java:<init>(180)) - new omNode-3@group-523986131536-SegmentedRaftLogWorker for RaftStorage:Storage Directory /github/workspace/mnt/ozone/hadoop-ozone/integration-test/target/test-dir/MiniOzoneClusterImpl-6c8cb788-3ebf-4599-90cd-3d9ebf402ba0/omNode-3/ratis/c9bc4cf4-3bc3-3c60-a66b-523986131536
2020-12-03 13:59:32,929 [pool-56-thread-1] INFO  server.RaftServerConfigKeys (ConfUtils.java:logGet(44)) - raft.server.log.queue.byte-limit = 64MB (=67108864) (default)
2020-12-03 13:59:32,929 [pool-56-thread-1] INFO  server.RaftServerConfigKeys (ConfUtils.java:logGet(44)) - raft.server.log.queue.element-limit = 4096 (default)
2020-12-03 13:59:32,929 [pool-56-thread-1] INFO  server.RaftServerConfigKeys (ConfUtils.java:logGet(44)) - raft.server.log.segment.size.max = 4194304 (custom)
2020-12-03 13:59:32,930 [pool-56-thread-1] INFO  server.RaftServerConfigKeys (ConfUtils.java:logGet(44)) - raft.server.log.preallocated.size = 4194304 (custom)
2020-12-03 13:59:32,930 [pool-56-thread-1] INFO  server.RaftServerConfigKeys (ConfUtils.java:logGet(44)) - raft.server.log.write.buffer.size = 64KB (=65536) (default)
2020-12-03 13:59:32,930 [pool-56-thread-1] INFO  server.RaftServerConfigKeys (ConfUtils.java:logGet(44)) - raft.server.log.force.sync.num = 128 (default)
2020-12-03 13:59:32,930 [pool-56-thread-1] INFO  server.RaftServerConfigKeys (ConfUtils.java:logGet(44)) - raft.server.log.statemachine.data.sync = true (default)
2020-12-03 13:59:32,930 [pool-56-thread-1] INFO  server.RaftServerConfigKeys (ConfUtils.java:logGet(44)) - raft.server.log.statemachine.data.sync.timeout = 10s (default)
2020-12-03 13:59:32,930 [pool-56-thread-1] INFO  server.RaftServerConfigKeys (ConfUtils.java:logGet(44)) - raft.server.log.statemachine.data.sync.timeout.retry = -1 (default)
2020-12-03 13:59:32,938 [pool-56-thread-1] INFO  server.RaftServerConfigKeys (ConfUtils.java:logGet(44)) - raft.server.log.statemachine.data.caching.enabled = false (default)
2020-12-03 13:59:32,938 [pool-56-thread-1] INFO  segmented.SegmentedRaftLogWorker (SegmentedRaftLogWorker.java:lambda$new$0(129)) - omNode-3@group-523986131536-SegmentedRaftLogWorker: flushIndex: setUnconditionally 0 -> -1
2020-12-03 13:59:32,938 [pool-56-thread-1] INFO  segmented.SegmentedRaftLogWorker (SegmentedRaftLogWorker.java:lambda$new$0(129)) - omNode-3@group-523986131536-SegmentedRaftLogWorker: safeCacheEvictIndex: setUnconditionally 0 -> -1
2020-12-03 13:59:32,939 [pool-56-thread-1] INFO  server.RaftServerConfigKeys (ConfUtils.java:logGet(44)) - raft.server.snapshot.auto.trigger.enabled = true (custom)
2020-12-03 13:59:32,939 [pool-56-thread-1] INFO  server.RaftServerConfigKeys (ConfUtils.java:logGet(44)) - raft.server.snapshot.auto.trigger.threshold = 50 (custom)
2020-12-03 13:59:32,939 [pool-56-thread-1] INFO  server.RaftServerConfigKeys (ConfUtils.java:logGet(44)) - raft.server.snapshot.retention.file.num = -1 (default)
2020-12-03 13:59:32,939 [pool-56-thread-1] INFO  server.RaftServerConfigKeys (ConfUtils.java:logGet(44)) - raft.server.log.purge.upto.snapshot.index = true (custom)
2020-12-03 13:59:32,939 [pool-56-thread-1] INFO  server.RaftServerConfigKeys (ConfUtils.java:logGet(44)) - raft.server.retrycache.expirytime = 600000ms (custom)
2020-12-03 13:59:32,939 [pool-56-thread-1] INFO  metrics.RatisMetrics (RatisMetrics.java:lambda$create$0(36)) - Creating Metrics Registry : ratis.leader_election.omNode-3@group-523986131536
2020-12-03 13:59:32,940 [pool-56-thread-1] INFO  metrics.RatisMetrics (RatisMetrics.java:lambda$create$0(36)) - Creating Metrics Registry : ratis.server.omNode-3@group-523986131536
2020-12-03 13:59:32,954 [Listener at 127.0.0.1/10068] INFO  impl.MetricsSystemImpl (MetricsSystemImpl.java:init(158)) - OzoneManager metrics system started (again)
2020-12-03 13:59:32,955 [Listener at 127.0.0.1/10068] INFO  om.OzoneManager (OzoneManager.java:start(1145)) - OzoneManager RPC server is listening at localhost/127.0.0.1:10068
2020-12-03 13:59:32,956 [Listener at 127.0.0.1/10068] INFO  ratis.OzoneManagerRatisServer (OzoneManagerRatisServer.java:start(368)) - Starting OzoneManagerRatisServer omNode-3 at port 10072
2020-12-03 13:59:32,958 [Listener at 127.0.0.1/10068] INFO  impl.RaftServerImpl (RaftServerImpl.java:start(215)) - omNode-3@group-523986131536: start as a follower, conf=-1: [omNode-3|rpc:localhost:10072, omNode-1|rpc:localhost:10060, omNode-2|rpc:localhost:10066], old=null
2020-12-03 13:59:32,959 [Listener at 127.0.0.1/10068] INFO  impl.RaftServerImpl (RaftServerImpl.java:setRole(204)) - omNode-3@group-523986131536: changes role from      null to FOLLOWER at term 0 for startAsFollower
2020-12-03 13:59:32,959 [Listener at 127.0.0.1/10068] INFO  impl.RoleInfo (RoleInfo.java:updateAndGet(143)) - omNode-3: start omNode-3@group-523986131536-FollowerState
2020-12-03 13:59:32,959 [Listener at 127.0.0.1/10068] INFO  util.JmxRegister (JmxRegister.java:tryRegister(44)) - Successfully registered JMX Bean with object name Ratis:service=RaftServer,group=group-523986131536,id=omNode-3
2020-12-03 13:59:32,960 [Listener at 127.0.0.1/10068] INFO  metrics.RatisMetrics (RatisMetrics.java:lambda$create$0(36)) - Creating Metrics Registry : ratis.state_machine.omNode-3@group-523986131536
2020-12-03 13:59:32,965 [Listener at 127.0.0.1/10068] INFO  impl.RaftServerProxy (RaftServerProxy.java:lambda$start$3(321)) - omNode-3: start RPC server
2020-12-03 13:59:32,967 [Listener at 127.0.0.1/10068] INFO  server.GrpcService (GrpcService.java:startImpl(177)) - omNode-3: GrpcService started, listening on 0.0.0.0/0.0.0.0:10072
2020-12-03 13:59:32,968 [org.apache.ratis.server.JvmPauseMonitor@4a40e84b-Monitor] INFO  server.RaftServerConfigKeys (ConfUtils.java:logGet(44)) - raft.server.leaderelection.leader.step-down.wait-time = 10s (default)
2020-12-03 13:59:32,968 [org.apache.ratis.server.JvmPauseMonitor@4a40e84b-Monitor] INFO  server.RaftServerConfigKeys (ConfUtils.java:logGet(44)) - raft.server.rpc.slowness.timeout = 2s (custom)
2020-12-03 13:59:32,968 [org.apache.ratis.server.JvmPauseMonitor@4a40e84b-Monitor] INFO  server.JvmPauseMonitor (JvmPauseMonitor.java:run(129)) - Starting Ratis JVM pause monitor
2020-12-03 13:59:32,976 [Listener at 127.0.0.1/10068] INFO  http.BaseHttpServer (BaseHttpServer.java:newHttpServer2BuilderForOzone(207)) - Starting Web-server for ozoneManager at: http://0.0.0.0:10070
2020-12-03 13:59:32,976 [Listener at 127.0.0.1/10068] INFO  http.BaseHttpServer (BaseHttpServer.java:<init>(106)) - Hadoop Security Enabled: false Ozone Security Enabled: false Ozone HTTP Security Enabled: false 
2020-12-03 13:59:32,978 [Listener at 127.0.0.1/10068] INFO  server.AuthenticationFilter (AuthenticationFilter.java:constructSecretProvider(240)) - Unable to initialize FileSignerSecretProvider, falling back to use random secrets.
2020-12-03 13:59:32,982 [Listener at 127.0.0.1/10068] WARN  http.HttpRequestLog (HttpRequestLog.java:getRequestLog(103)) - Jetty request log can only be enabled using Log4j
2020-12-03 13:59:32,984 [Listener at 127.0.0.1/10068] INFO  http.HttpServer2 (HttpServer2.java:addGlobalFilter(1019)) - Added global filter 'safety' (class=org.apache.hadoop.hdds.server.http.HttpServer2$QuotingInputFilter)
2020-12-03 13:59:32,984 [Listener at 127.0.0.1/10068] INFO  http.HttpServer2 (HttpServer2.java:addFilter(995)) - Added filter static_user_filter (class=org.apache.hadoop.http.lib.StaticUserWebFilter$StaticUserFilter) to context ozoneManager
2020-12-03 13:59:32,985 [Listener at 127.0.0.1/10068] INFO  http.HttpServer2 (HttpServer2.java:addFilter(1003)) - Added filter static_user_filter (class=org.apache.hadoop.http.lib.StaticUserWebFilter$StaticUserFilter) to context logs
2020-12-03 13:59:32,985 [Listener at 127.0.0.1/10068] INFO  http.HttpServer2 (HttpServer2.java:addFilter(1003)) - Added filter static_user_filter (class=org.apache.hadoop.http.lib.StaticUserWebFilter$StaticUserFilter) to context static
2020-12-03 13:59:32,986 [Listener at 127.0.0.1/10068] INFO  http.HttpServer2 (HttpServer2.java:bindListener(1237)) - Jetty bound to port 10070
2020-12-03 13:59:32,986 [Listener at 127.0.0.1/10068] INFO  server.Server (Server.java:doStart(375)) - jetty-9.4.34.v20201102; built: 2020-11-02T14:15:39.302Z; git: e46af88704a893fc12cb0e3bf46e2c7b48a009e7; jvm 1.8.0_232-b09
2020-12-03 13:59:32,992 [Listener at 127.0.0.1/10068] INFO  server.session (DefaultSessionIdManager.java:doStart(334)) - DefaultSessionIdManager workerName=node0
2020-12-03 13:59:32,992 [Listener at 127.0.0.1/10068] INFO  server.session (DefaultSessionIdManager.java:doStart(339)) - No SessionScavenger set, using defaults
2020-12-03 13:59:32,992 [Listener at 127.0.0.1/10068] INFO  server.session (HouseKeeper.java:startScavenging(132)) - node0 Scavenging every 660000ms
2020-12-03 13:59:32,993 [Listener at 127.0.0.1/10068] INFO  handler.ContextHandler (ContextHandler.java:doStart(916)) - Started o.e.j.s.ServletContextHandler@29a57057{logs,/logs,file:///github/workspace/mnt/ozone/hadoop-ozone/integration-test/target/log,AVAILABLE}
2020-12-03 13:59:32,994 [Listener at 127.0.0.1/10068] INFO  handler.ContextHandler (ContextHandler.java:doStart(916)) - Started o.e.j.s.ServletContextHandler@6606c621{static,/static,file:///github/workspace/mnt/ozone/hadoop-ozone/integration-test/target/test-classes/webapps/static,AVAILABLE}
2020-12-03 13:59:33,000 [Listener at 127.0.0.1/10068] INFO  handler.ContextHandler (ContextHandler.java:doStart(916)) - Started o.e.j.w.WebAppContext@26384594{ozoneManager,/,file:///github/workspace/mnt/ozone/hadoop-ozone/integration-test/target/test-classes/webapps/ozoneManager/,AVAILABLE}{file:/github/workspace/mnt/ozone/hadoop-ozone/integration-test/target/test-classes/webapps/ozoneManager}
2020-12-03 13:59:33,002 [Listener at 127.0.0.1/10068] INFO  server.AbstractConnector (AbstractConnector.java:doStart(331)) - Started ServerConnector@1d0d1796{HTTP/1.1, (http/1.1)}{0.0.0.0:10070}
2020-12-03 13:59:33,002 [Listener at 127.0.0.1/10068] INFO  server.Server (Server.java:doStart(415)) - Started @5762ms
2020-12-03 13:59:33,002 [Listener at 127.0.0.1/10068] WARN  impl.MetricsSystemImpl (MetricsSystemImpl.java:register(276)) - Sink prometheus already exists!
2020-12-03 13:59:33,005 [Listener at 127.0.0.1/10068] INFO  http.BaseHttpServer (BaseHttpServer.java:updateConnectorAddress(327)) - HTTP server of ozoneManager listening at http://0.0.0.0:10070
2020-12-03 13:59:33,005 [IPC Server Responder] INFO  ipc.Server (Server.java:run(1460)) - IPC Server Responder: starting
2020-12-03 13:59:33,009 [IPC Server listener on 10068] INFO  ipc.Server (Server.java:run(1298)) - IPC Server listener on 10068: starting
2020-12-03 13:59:33,015 [Listener at 127.0.0.1/10068] INFO  om.OzoneManager (OzoneManager.java:startTrashEmptier(1270)) - Trash Interval set to 0. Files deleted will not move to trash
2020-12-03 13:59:33,015 [Listener at 127.0.0.1/10068] INFO  ozone.MiniOzoneHAClusterImpl (MiniOzoneHAClusterImpl.java:createOMService(380)) - Started OzoneManager RPC server at localhost/127.0.0.1:10068
2020-12-03 13:59:33,025 [org.apache.hadoop.util.JvmPauseMonitor$Monitor@185ac935] INFO  util.JvmPauseMonitor (JvmPauseMonitor.java:run(188)) - Starting JVM pause monitor
2020-12-03 13:59:33,165 [Listener at 127.0.0.1/10068] INFO  impl.MetricsSystemImpl (MetricsSystemImpl.java:init(158)) - HddsDatanode metrics system started (again)
2020-12-03 13:59:33,174 [Listener at 127.0.0.1/10068] INFO  ozone.HddsDatanodeService (HddsDatanodeService.java:start(217)) - HddsDatanodeService host:8f6ffd452453 ip:172.17.0.2
2020-12-03 13:59:33,221 [Listener at 127.0.0.1/10068] INFO  volume.HddsVolume (HddsVolume.java:<init>(176)) - Creating Volume: /github/workspace/mnt/ozone/hadoop-ozone/integration-test/target/test-dir/MiniOzoneClusterImpl-6c8cb788-3ebf-4599-90cd-3d9ebf402ba0/datanode-0/data-0/containers/hdds of storage type : DISK and capacity : 9223372036854775807
2020-12-03 13:59:33,224 [Listener at 127.0.0.1/10068] INFO  volume.MutableVolumeSet (MutableVolumeSet.java:initializeVolumeSet(179)) - Added Volume : /github/workspace/mnt/ozone/hadoop-ozone/integration-test/target/test-dir/MiniOzoneClusterImpl-6c8cb788-3ebf-4599-90cd-3d9ebf402ba0/datanode-0/data-0/containers/hdds to VolumeSet
2020-12-03 13:59:33,225 [Listener at 127.0.0.1/10068] INFO  volume.ThrottledAsyncChecker (ThrottledAsyncChecker.java:schedule(141)) - Scheduling a check for /github/workspace/mnt/ozone/hadoop-ozone/integration-test/target/test-dir/MiniOzoneClusterImpl-6c8cb788-3ebf-4599-90cd-3d9ebf402ba0/datanode-0/data-0/containers/hdds
2020-12-03 13:59:33,246 [Listener at 127.0.0.1/10068] INFO  volume.HddsVolumeChecker (HddsVolumeChecker.java:checkAllVolumes(200)) - Scheduled health check for volume /github/workspace/mnt/ozone/hadoop-ozone/integration-test/target/test-dir/MiniOzoneClusterImpl-6c8cb788-3ebf-4599-90cd-3d9ebf402ba0/datanode-0/data-0/containers/hdds
2020-12-03 13:59:33,267 [Thread-208] INFO  ozoneimpl.ContainerReader (ContainerReader.java:readVolume(123)) - Start to verify containers on volume /github/workspace/mnt/ozone/hadoop-ozone/integration-test/target/test-dir/MiniOzoneClusterImpl-6c8cb788-3ebf-4599-90cd-3d9ebf402ba0/datanode-0/data-0/containers/hdds
2020-12-03 13:59:33,267 [Thread-208] INFO  ozoneimpl.ContainerReader (ContainerReader.java:readVolume(148)) - Finish verifying containers on volume /github/workspace/mnt/ozone/hadoop-ozone/integration-test/target/test-dir/MiniOzoneClusterImpl-6c8cb788-3ebf-4599-90cd-3d9ebf402ba0/datanode-0/data-0/containers/hdds
2020-12-03 13:59:33,268 [Listener at 127.0.0.1/10068] INFO  ozoneimpl.OzoneContainer (OzoneContainer.java:buildContainerSet(194)) - Build ContainerSet costs 0s
2020-12-03 13:59:33,320 [org.apache.ratis.server.JvmPauseMonitor@b41eeb1-Monitor] WARN  server.JvmPauseMonitor (JvmPauseMonitor.java:run(141)) - Detected pause in JVM or host machine (eg GC): pause of approximately 2ms
No GCs detected
2020-12-03 13:59:33,369 [Listener at 127.0.0.1/10068] INFO  impl.RaftServerProxy (ConfUtils.java:logGet(44)) - raft.rpc.type = GRPC (default)
2020-12-03 13:59:33,369 [Listener at 127.0.0.1/10068] INFO  grpc.GrpcFactory (GrpcFactory.java:checkPooledByteBufAllocatorUseCacheForAllThreads(45)) - PERFORMANCE WARNING: useCacheForAllThreads is true that may cause Netty to create a lot garbage objects and, as a result, trigger GC.
	It is recommended to disable useCacheForAllThreads by setting -Dorg.apache.ratis.thirdparty.io.netty.allocator.useCacheForAllThreads=false in command line.
2020-12-03 13:59:33,369 [Listener at 127.0.0.1/10068] INFO  grpc.GrpcConfigKeys (ConfUtils.java:logGet(44)) - raft.grpc.server.port = 0 (default)
2020-12-03 13:59:33,370 [Listener at 127.0.0.1/10068] INFO  server.GrpcService (ConfUtils.java:logGet(44)) - raft.grpc.message.size.max = 32MB (=33554432) (custom)
2020-12-03 13:59:33,370 [Listener at 127.0.0.1/10068] INFO  server.RaftServerConfigKeys (ConfUtils.java:logGet(44)) - raft.server.log.appender.buffer.byte-limit = 33554432 (custom)
2020-12-03 13:59:33,370 [Listener at 127.0.0.1/10068] INFO  server.GrpcService (ConfUtils.java:logGet(44)) - raft.grpc.flow.control.window = 5MB (=5242880) (custom)
2020-12-03 13:59:33,370 [Listener at 127.0.0.1/10068] INFO  server.RaftServerConfigKeys (ConfUtils.java:logGet(44)) - raft.server.rpc.request.timeout = 60s (custom)
2020-12-03 13:59:33,371 [Listener at 127.0.0.1/10068] INFO  impl.DataStreamServerImpl (ConfUtils.java:logGet(44)) - raft.datastream.type = DISABLED (default)
2020-12-03 13:59:33,371 [Listener at 127.0.0.1/10068] INFO  server.RaftServerConfigKeys (ConfUtils.java:logGet(44)) - raft.server.storage.dir = [/github/workspace/mnt/ozone/hadoop-ozone/integration-test/target/test-dir/MiniOzoneClusterImpl-6c8cb788-3ebf-4599-90cd-3d9ebf402ba0/datanode-0/data/ratis] (custom)
2020-12-03 13:59:33,444 [Listener at 127.0.0.1/10068] INFO  http.BaseHttpServer (BaseHttpServer.java:newHttpServer2BuilderForOzone(207)) - Starting Web-server for hddsDatanode at: http://0.0.0.0:0
2020-12-03 13:59:33,444 [Listener at 127.0.0.1/10068] INFO  http.BaseHttpServer (BaseHttpServer.java:<init>(106)) - Hadoop Security Enabled: false Ozone Security Enabled: false Ozone HTTP Security Enabled: false 
2020-12-03 13:59:33,446 [Listener at 127.0.0.1/10068] INFO  server.AuthenticationFilter (AuthenticationFilter.java:constructSecretProvider(240)) - Unable to initialize FileSignerSecretProvider, falling back to use random secrets.
2020-12-03 13:59:33,446 [Listener at 127.0.0.1/10068] WARN  http.HttpRequestLog (HttpRequestLog.java:getRequestLog(103)) - Jetty request log can only be enabled using Log4j
2020-12-03 13:59:33,447 [Listener at 127.0.0.1/10068] INFO  http.HttpServer2 (HttpServer2.java:addGlobalFilter(1019)) - Added global filter 'safety' (class=org.apache.hadoop.hdds.server.http.HttpServer2$QuotingInputFilter)
2020-12-03 13:59:33,448 [Listener at 127.0.0.1/10068] INFO  http.HttpServer2 (HttpServer2.java:addFilter(995)) - Added filter static_user_filter (class=org.apache.hadoop.http.lib.StaticUserWebFilter$StaticUserFilter) to context hddsDatanode
2020-12-03 13:59:33,448 [Listener at 127.0.0.1/10068] INFO  http.HttpServer2 (HttpServer2.java:addFilter(1003)) - Added filter static_user_filter (class=org.apache.hadoop.http.lib.StaticUserWebFilter$StaticUserFilter) to context static
2020-12-03 13:59:33,448 [Listener at 127.0.0.1/10068] INFO  http.HttpServer2 (HttpServer2.java:addFilter(1003)) - Added filter static_user_filter (class=org.apache.hadoop.http.lib.StaticUserWebFilter$StaticUserFilter) to context logs
2020-12-03 13:59:33,449 [Listener at 127.0.0.1/10068] INFO  http.HttpServer2 (HttpServer2.java:bindListener(1237)) - Jetty bound to port 41819
2020-12-03 13:59:33,449 [Listener at 127.0.0.1/10068] INFO  server.Server (Server.java:doStart(375)) - jetty-9.4.34.v20201102; built: 2020-11-02T14:15:39.302Z; git: e46af88704a893fc12cb0e3bf46e2c7b48a009e7; jvm 1.8.0_232-b09
2020-12-03 13:59:33,455 [Listener at 127.0.0.1/10068] INFO  server.session (DefaultSessionIdManager.java:doStart(334)) - DefaultSessionIdManager workerName=node0
2020-12-03 13:59:33,455 [Listener at 127.0.0.1/10068] INFO  server.session (DefaultSessionIdManager.java:doStart(339)) - No SessionScavenger set, using defaults
2020-12-03 13:59:33,455 [Listener at 127.0.0.1/10068] INFO  server.session (HouseKeeper.java:startScavenging(132)) - node0 Scavenging every 600000ms
2020-12-03 13:59:33,457 [Listener at 127.0.0.1/10068] INFO  handler.ContextHandler (ContextHandler.java:doStart(916)) - Started o.e.j.s.ServletContextHandler@11ff3c6c{logs,/logs,file:///github/workspace/mnt/ozone/hadoop-ozone/integration-test/target/log,AVAILABLE}
2020-12-03 13:59:33,458 [Listener at 127.0.0.1/10068] INFO  handler.ContextHandler (ContextHandler.java:doStart(916)) - Started o.e.j.s.ServletContextHandler@455c024e{static,/static,jar:file:/home/user/.m2/repository/org/apache/hadoop/hadoop-hdds-container-service/1.1.0-SNAPSHOT/hadoop-hdds-container-service-1.1.0-SNAPSHOT.jar!/webapps/static,AVAILABLE}
2020-12-03 13:59:33,662 [Thread-99] INFO  impl.FollowerState (FollowerState.java:run(128)) - omNode-1@group-523986131536-FollowerState: change to CANDIDATE, lastRpcTime:1133ms, electionTimeout:1111ms
2020-12-03 13:59:33,677 [Listener at 127.0.0.1/10068] INFO  handler.ContextHandler (ContextHandler.java:doStart(916)) - Started o.e.j.w.WebAppContext@679266d0{hddsDatanode,/,file:///tmp/jetty-0_0_0_0-41819-hadoop-hdds-container-service-1_1_0-SNAPSHOT_jar-_-any-1639347177334766080/webapp/,AVAILABLE}{jar:file:/home/user/.m2/repository/org/apache/hadoop/hadoop-hdds-container-service/1.1.0-SNAPSHOT/hadoop-hdds-container-service-1.1.0-SNAPSHOT.jar!/webapps/hddsDatanode}
2020-12-03 13:59:33,677 [Thread-99] INFO  impl.RoleInfo (RoleInfo.java:shutdownFollowerState(121)) - omNode-1: shutdown omNode-1@group-523986131536-FollowerState
2020-12-03 13:59:33,678 [Thread-99] INFO  impl.RaftServerImpl (RaftServerImpl.java:setRole(204)) - omNode-1@group-523986131536: changes role from  FOLLOWER to CANDIDATE at term 0 for changeToCandidate
2020-12-03 13:59:33,680 [Thread-99] INFO  impl.RoleInfo (RoleInfo.java:updateAndGet(143)) - omNode-1: start omNode-1@group-523986131536-LeaderElection1
2020-12-03 13:59:33,695 [Listener at 127.0.0.1/10068] INFO  server.AbstractConnector (AbstractConnector.java:doStart(331)) - Started ServerConnector@182f44fc{HTTP/1.1, (http/1.1)}{0.0.0.0:41819}
2020-12-03 13:59:33,696 [Listener at 127.0.0.1/10068] INFO  server.Server (Server.java:doStart(415)) - Started @6455ms
2020-12-03 13:59:33,696 [Listener at 127.0.0.1/10068] WARN  impl.MetricsSystemImpl (MetricsSystemImpl.java:register(276)) - Sink prometheus already exists!
2020-12-03 13:59:33,698 [omNode-1@group-523986131536-LeaderElection1] INFO  impl.LeaderElection (LeaderElection.java:askForVotes(215)) - omNode-1@group-523986131536-LeaderElection1: begin an election at term 1 for -1: [omNode-3|rpc:localhost:10072, omNode-1|rpc:localhost:10060, omNode-2|rpc:localhost:10066], old=null
2020-12-03 13:59:33,700 [Listener at 127.0.0.1/10068] INFO  http.BaseHttpServer (BaseHttpServer.java:updateConnectorAddress(327)) - HTTP server of hddsDatanode listening at http://0.0.0.0:41819
2020-12-03 13:59:33,730 [Listener at 127.0.0.1/10068] INFO  impl.MetricsSystemImpl (MetricsSystemImpl.java:init(158)) - HddsDatanode metrics system started (again)
2020-12-03 13:59:33,732 [Listener at 127.0.0.1/10068] INFO  ozone.HddsDatanodeService (HddsDatanodeService.java:start(217)) - HddsDatanodeService host:8f6ffd452453 ip:172.17.0.2
2020-12-03 13:59:33,746 [Listener at 127.0.0.1/10068] INFO  volume.HddsVolume (HddsVolume.java:<init>(176)) - Creating Volume: /github/workspace/mnt/ozone/hadoop-ozone/integration-test/target/test-dir/MiniOzoneClusterImpl-6c8cb788-3ebf-4599-90cd-3d9ebf402ba0/datanode-1/data-0/containers/hdds of storage type : DISK and capacity : 9223372036854775807
2020-12-03 13:59:33,746 [Listener at 127.0.0.1/10068] INFO  volume.MutableVolumeSet (MutableVolumeSet.java:initializeVolumeSet(179)) - Added Volume : /github/workspace/mnt/ozone/hadoop-ozone/integration-test/target/test-dir/MiniOzoneClusterImpl-6c8cb788-3ebf-4599-90cd-3d9ebf402ba0/datanode-1/data-0/containers/hdds to VolumeSet
2020-12-03 13:59:33,746 [Listener at 127.0.0.1/10068] INFO  volume.ThrottledAsyncChecker (ThrottledAsyncChecker.java:schedule(141)) - Scheduling a check for /github/workspace/mnt/ozone/hadoop-ozone/integration-test/target/test-dir/MiniOzoneClusterImpl-6c8cb788-3ebf-4599-90cd-3d9ebf402ba0/datanode-1/data-0/containers/hdds
2020-12-03 13:59:33,752 [Listener at 127.0.0.1/10068] INFO  volume.HddsVolumeChecker (HddsVolumeChecker.java:checkAllVolumes(200)) - Scheduled health check for volume /github/workspace/mnt/ozone/hadoop-ozone/integration-test/target/test-dir/MiniOzoneClusterImpl-6c8cb788-3ebf-4599-90cd-3d9ebf402ba0/datanode-1/data-0/containers/hdds
2020-12-03 13:59:33,789 [org.apache.hadoop.util.JvmPauseMonitor$Monitor@2b446043] INFO  util.JvmPauseMonitor (JvmPauseMonitor.java:run(188)) - Starting JVM pause monitor
2020-12-03 13:59:33,781 [Thread-219] INFO  ozoneimpl.ContainerReader (ContainerReader.java:readVolume(123)) - Start to verify containers on volume /github/workspace/mnt/ozone/hadoop-ozone/integration-test/target/test-dir/MiniOzoneClusterImpl-6c8cb788-3ebf-4599-90cd-3d9ebf402ba0/datanode-1/data-0/containers/hdds
2020-12-03 13:59:33,801 [Thread-219] INFO  ozoneimpl.ContainerReader (ContainerReader.java:readVolume(148)) - Finish verifying containers on volume /github/workspace/mnt/ozone/hadoop-ozone/integration-test/target/test-dir/MiniOzoneClusterImpl-6c8cb788-3ebf-4599-90cd-3d9ebf402ba0/datanode-1/data-0/containers/hdds
2020-12-03 13:59:33,801 [Listener at 127.0.0.1/10068] INFO  ozoneimpl.OzoneContainer (OzoneContainer.java:buildContainerSet(194)) - Build ContainerSet costs 0s
2020-12-03 13:59:33,804 [Listener at 127.0.0.1/10068] INFO  impl.RaftServerProxy (ConfUtils.java:logGet(44)) - raft.rpc.type = GRPC (default)
2020-12-03 13:59:33,805 [Listener at 127.0.0.1/10068] INFO  grpc.GrpcFactory (GrpcFactory.java:checkPooledByteBufAllocatorUseCacheForAllThreads(45)) - PERFORMANCE WARNING: useCacheForAllThreads is true that may cause Netty to create a lot garbage objects and, as a result, trigger GC.
	It is recommended to disable useCacheForAllThreads by setting -Dorg.apache.ratis.thirdparty.io.netty.allocator.useCacheForAllThreads=false in command line.
2020-12-03 13:59:33,805 [Listener at 127.0.0.1/10068] INFO  grpc.GrpcConfigKeys (ConfUtils.java:logGet(44)) - raft.grpc.server.port = 0 (default)
2020-12-03 13:59:33,805 [Listener at 127.0.0.1/10068] INFO  server.GrpcService (ConfUtils.java:logGet(44)) - raft.grpc.message.size.max = 32MB (=33554432) (custom)
2020-12-03 13:59:33,810 [Listener at 127.0.0.1/10068] INFO  server.RaftServerConfigKeys (ConfUtils.java:logGet(44)) - raft.server.log.appender.buffer.byte-limit = 33554432 (custom)
2020-12-03 13:59:33,810 [Listener at 127.0.0.1/10068] INFO  server.GrpcService (ConfUtils.java:logGet(44)) - raft.grpc.flow.control.window = 5MB (=5242880) (custom)
2020-12-03 13:59:33,810 [Listener at 127.0.0.1/10068] INFO  server.RaftServerConfigKeys (ConfUtils.java:logGet(44)) - raft.server.rpc.request.timeout = 60s (custom)
2020-12-03 13:59:33,812 [Listener at 127.0.0.1/10068] INFO  impl.DataStreamServerImpl (ConfUtils.java:logGet(44)) - raft.datastream.type = DISABLED (default)
2020-12-03 13:59:33,812 [Listener at 127.0.0.1/10068] INFO  server.RaftServerConfigKeys (ConfUtils.java:logGet(44)) - raft.server.storage.dir = [/github/workspace/mnt/ozone/hadoop-ozone/integration-test/target/test-dir/MiniOzoneClusterImpl-6c8cb788-3ebf-4599-90cd-3d9ebf402ba0/datanode-1/data/ratis] (custom)
2020-12-03 13:59:33,822 [Listener at 127.0.0.1/10068] INFO  http.BaseHttpServer (BaseHttpServer.java:newHttpServer2BuilderForOzone(207)) - Starting Web-server for hddsDatanode at: http://0.0.0.0:0
2020-12-03 13:59:33,822 [Listener at 127.0.0.1/10068] INFO  http.BaseHttpServer (BaseHttpServer.java:<init>(106)) - Hadoop Security Enabled: false Ozone Security Enabled: false Ozone HTTP Security Enabled: false 
2020-12-03 13:59:33,829 [Listener at 127.0.0.1/10068] INFO  server.AuthenticationFilter (AuthenticationFilter.java:constructSecretProvider(240)) - Unable to initialize FileSignerSecretProvider, falling back to use random secrets.
2020-12-03 13:59:33,833 [Listener at 127.0.0.1/10068] WARN  http.HttpRequestLog (HttpRequestLog.java:getRequestLog(103)) - Jetty request log can only be enabled using Log4j
2020-12-03 13:59:33,835 [Listener at 127.0.0.1/10068] INFO  http.HttpServer2 (HttpServer2.java:addGlobalFilter(1019)) - Added global filter 'safety' (class=org.apache.hadoop.hdds.server.http.HttpServer2$QuotingInputFilter)
2020-12-03 13:59:33,836 [Listener at 127.0.0.1/10068] INFO  http.HttpServer2 (HttpServer2.java:addFilter(995)) - Added filter static_user_filter (class=org.apache.hadoop.http.lib.StaticUserWebFilter$StaticUserFilter) to context hddsDatanode
2020-12-03 13:59:33,837 [Listener at 127.0.0.1/10068] INFO  http.HttpServer2 (HttpServer2.java:addFilter(1003)) - Added filter static_user_filter (class=org.apache.hadoop.http.lib.StaticUserWebFilter$StaticUserFilter) to context static
2020-12-03 13:59:33,838 [Listener at 127.0.0.1/10068] INFO  http.HttpServer2 (HttpServer2.java:addFilter(1003)) - Added filter static_user_filter (class=org.apache.hadoop.http.lib.StaticUserWebFilter$StaticUserFilter) to context logs
2020-12-03 13:59:33,838 [Listener at 127.0.0.1/10068] INFO  http.HttpServer2 (HttpServer2.java:bindListener(1237)) - Jetty bound to port 34415
2020-12-03 13:59:33,846 [Listener at 127.0.0.1/10068] INFO  server.Server (Server.java:doStart(375)) - jetty-9.4.34.v20201102; built: 2020-11-02T14:15:39.302Z; git: e46af88704a893fc12cb0e3bf46e2c7b48a009e7; jvm 1.8.0_232-b09
2020-12-03 13:59:33,873 [Listener at 127.0.0.1/10068] INFO  server.session (DefaultSessionIdManager.java:doStart(334)) - DefaultSessionIdManager workerName=node0
2020-12-03 13:59:33,873 [Listener at 127.0.0.1/10068] INFO  server.session (DefaultSessionIdManager.java:doStart(339)) - No SessionScavenger set, using defaults
2020-12-03 13:59:33,873 [Listener at 127.0.0.1/10068] INFO  server.session (HouseKeeper.java:startScavenging(132)) - node0 Scavenging every 600000ms
2020-12-03 13:59:33,874 [Listener at 127.0.0.1/10068] INFO  handler.ContextHandler (ContextHandler.java:doStart(916)) - Started o.e.j.s.ServletContextHandler@1fe4c94b{logs,/logs,file:///github/workspace/mnt/ozone/hadoop-ozone/integration-test/target/log,AVAILABLE}
2020-12-03 13:59:33,875 [Listener at 127.0.0.1/10068] INFO  handler.ContextHandler (ContextHandler.java:doStart(916)) - Started o.e.j.s.ServletContextHandler@58393ccb{static,/static,jar:file:/home/user/.m2/repository/org/apache/hadoop/hadoop-hdds-container-service/1.1.0-SNAPSHOT/hadoop-hdds-container-service-1.1.0-SNAPSHOT.jar!/webapps/static,AVAILABLE}
2020-12-03 13:59:33,880 [Thread-137] INFO  impl.FollowerState (FollowerState.java:run(128)) - omNode-2@group-523986131536-FollowerState: change to CANDIDATE, lastRpcTime:1078ms, electionTimeout:1073ms
2020-12-03 13:59:33,901 [Thread-137] INFO  impl.RoleInfo (RoleInfo.java:shutdownFollowerState(121)) - omNode-2: shutdown omNode-2@group-523986131536-FollowerState
2020-12-03 13:59:33,901 [Thread-137] INFO  impl.RaftServerImpl (RaftServerImpl.java:setRole(204)) - omNode-2@group-523986131536: changes role from  FOLLOWER to CANDIDATE at term 0 for changeToCandidate
2020-12-03 13:59:33,901 [Thread-137] INFO  impl.RoleInfo (RoleInfo.java:updateAndGet(143)) - omNode-2: start omNode-2@group-523986131536-LeaderElection2
2020-12-03 13:59:33,923 [omNode-2@group-523986131536-LeaderElection2] INFO  impl.LeaderElection (LeaderElection.java:askForVotes(215)) - omNode-2@group-523986131536-LeaderElection2: begin an election at term 1 for -1: [omNode-3|rpc:localhost:10072, omNode-1|rpc:localhost:10060, omNode-2|rpc:localhost:10066], old=null
2020-12-03 13:59:34,067 [Thread-175] INFO  impl.FollowerState (FollowerState.java:run(128)) - omNode-3@group-523986131536-FollowerState: change to CANDIDATE, lastRpcTime:1108ms, electionTimeout:1102ms
2020-12-03 13:59:34,068 [Thread-175] INFO  impl.RoleInfo (RoleInfo.java:shutdownFollowerState(121)) - omNode-3: shutdown omNode-3@group-523986131536-FollowerState
2020-12-03 13:59:34,068 [Thread-175] INFO  impl.RaftServerImpl (RaftServerImpl.java:setRole(204)) - omNode-3@group-523986131536: changes role from  FOLLOWER to CANDIDATE at term 0 for changeToCandidate
2020-12-03 13:59:34,076 [Thread-175] INFO  impl.RoleInfo (RoleInfo.java:updateAndGet(143)) - omNode-3: start omNode-3@group-523986131536-LeaderElection3
2020-12-03 13:59:34,109 [omNode-3@group-523986131536-LeaderElection3] INFO  impl.LeaderElection (LeaderElection.java:askForVotes(215)) - omNode-3@group-523986131536-LeaderElection3: begin an election at term 1 for -1: [omNode-3|rpc:localhost:10072, omNode-1|rpc:localhost:10060, omNode-2|rpc:localhost:10066], old=null
2020-12-03 13:59:34,181 [Datanode State Machine Task Thread - 0] INFO  datanode.InitDatanodeState (InitDatanodeState.java:persistContainerDatanodeDetails(145)) - DatanodeDetails is persisted to /github/workspace/mnt/ozone/hadoop-ozone/integration-test/target/test-dir/MiniOzoneClusterImpl-6c8cb788-3ebf-4599-90cd-3d9ebf402ba0/datanode-0/meta/datanode.id
2020-12-03 13:59:34,370 [Listener at 127.0.0.1/10068] INFO  handler.ContextHandler (ContextHandler.java:doStart(916)) - Started o.e.j.w.WebAppContext@de85299{hddsDatanode,/,file:///tmp/jetty-0_0_0_0-34415-hadoop-hdds-container-service-1_1_0-SNAPSHOT_jar-_-any-3289492463574016616/webapp/,AVAILABLE}{jar:file:/home/user/.m2/repository/org/apache/hadoop/hadoop-hdds-container-service/1.1.0-SNAPSHOT/hadoop-hdds-container-service-1.1.0-SNAPSHOT.jar!/webapps/hddsDatanode}
2020-12-03 13:59:34,373 [Listener at 127.0.0.1/10068] INFO  server.AbstractConnector (AbstractConnector.java:doStart(331)) - Started ServerConnector@706db520{HTTP/1.1, (http/1.1)}{0.0.0.0:34415}
2020-12-03 13:59:34,379 [Listener at 127.0.0.1/10068] INFO  server.Server (Server.java:doStart(415)) - Started @7139ms
2020-12-03 13:59:34,380 [Listener at 127.0.0.1/10068] WARN  impl.MetricsSystemImpl (MetricsSystemImpl.java:register(276)) - Sink prometheus already exists!
2020-12-03 13:59:34,385 [Listener at 127.0.0.1/10068] INFO  http.BaseHttpServer (BaseHttpServer.java:updateConnectorAddress(327)) - HTTP server of hddsDatanode listening at http://0.0.0.0:34415
2020-12-03 13:59:34,387 [Listener at 127.0.0.1/10068] INFO  impl.MetricsSystemImpl (MetricsSystemImpl.java:init(158)) - HddsDatanode metrics system started (again)
2020-12-03 13:59:34,395 [Listener at 127.0.0.1/10068] INFO  ozone.HddsDatanodeService (HddsDatanodeService.java:start(217)) - HddsDatanodeService host:8f6ffd452453 ip:172.17.0.2
2020-12-03 13:59:34,409 [Listener at 127.0.0.1/10068] INFO  volume.HddsVolume (HddsVolume.java:<init>(176)) - Creating Volume: /github/workspace/mnt/ozone/hadoop-ozone/integration-test/target/test-dir/MiniOzoneClusterImpl-6c8cb788-3ebf-4599-90cd-3d9ebf402ba0/datanode-2/data-0/containers/hdds of storage type : DISK and capacity : 9223372036854775807
2020-12-03 13:59:34,409 [Listener at 127.0.0.1/10068] INFO  volume.MutableVolumeSet (MutableVolumeSet.java:initializeVolumeSet(179)) - Added Volume : /github/workspace/mnt/ozone/hadoop-ozone/integration-test/target/test-dir/MiniOzoneClusterImpl-6c8cb788-3ebf-4599-90cd-3d9ebf402ba0/datanode-2/data-0/containers/hdds to VolumeSet
2020-12-03 13:59:34,410 [Listener at 127.0.0.1/10068] INFO  volume.ThrottledAsyncChecker (ThrottledAsyncChecker.java:schedule(141)) - Scheduling a check for /github/workspace/mnt/ozone/hadoop-ozone/integration-test/target/test-dir/MiniOzoneClusterImpl-6c8cb788-3ebf-4599-90cd-3d9ebf402ba0/datanode-2/data-0/containers/hdds
2020-12-03 13:59:34,445 [org.apache.hadoop.util.JvmPauseMonitor$Monitor@3039b128] INFO  util.JvmPauseMonitor (JvmPauseMonitor.java:run(188)) - Starting JVM pause monitor
2020-12-03 13:59:34,448 [Listener at 127.0.0.1/10068] INFO  volume.HddsVolumeChecker (HddsVolumeChecker.java:checkAllVolumes(200)) - Scheduled health check for volume /github/workspace/mnt/ozone/hadoop-ozone/integration-test/target/test-dir/MiniOzoneClusterImpl-6c8cb788-3ebf-4599-90cd-3d9ebf402ba0/datanode-2/data-0/containers/hdds
2020-12-03 13:59:34,493 [Thread-239] INFO  ozoneimpl.ContainerReader (ContainerReader.java:readVolume(123)) - Start to verify containers on volume /github/workspace/mnt/ozone/hadoop-ozone/integration-test/target/test-dir/MiniOzoneClusterImpl-6c8cb788-3ebf-4599-90cd-3d9ebf402ba0/datanode-2/data-0/containers/hdds
2020-12-03 13:59:34,503 [Thread-239] INFO  ozoneimpl.ContainerReader (ContainerReader.java:readVolume(148)) - Finish verifying containers on volume /github/workspace/mnt/ozone/hadoop-ozone/integration-test/target/test-dir/MiniOzoneClusterImpl-6c8cb788-3ebf-4599-90cd-3d9ebf402ba0/datanode-2/data-0/containers/hdds
2020-12-03 13:59:34,504 [Listener at 127.0.0.1/10068] INFO  ozoneimpl.OzoneContainer (OzoneContainer.java:buildContainerSet(194)) - Build ContainerSet costs 0s
2020-12-03 13:59:34,507 [Listener at 127.0.0.1/10068] INFO  impl.RaftServerProxy (ConfUtils.java:logGet(44)) - raft.rpc.type = GRPC (default)
2020-12-03 13:59:34,507 [Listener at 127.0.0.1/10068] INFO  grpc.GrpcFactory (GrpcFactory.java:checkPooledByteBufAllocatorUseCacheForAllThreads(45)) - PERFORMANCE WARNING: useCacheForAllThreads is true that may cause Netty to create a lot garbage objects and, as a result, trigger GC.
	It is recommended to disable useCacheForAllThreads by setting -Dorg.apache.ratis.thirdparty.io.netty.allocator.useCacheForAllThreads=false in command line.
2020-12-03 13:59:34,507 [Listener at 127.0.0.1/10068] INFO  grpc.GrpcConfigKeys (ConfUtils.java:logGet(44)) - raft.grpc.server.port = 0 (default)
2020-12-03 13:59:34,507 [Listener at 127.0.0.1/10068] INFO  server.GrpcService (ConfUtils.java:logGet(44)) - raft.grpc.message.size.max = 32MB (=33554432) (custom)
2020-12-03 13:59:34,507 [Listener at 127.0.0.1/10068] INFO  server.RaftServerConfigKeys (ConfUtils.java:logGet(44)) - raft.server.log.appender.buffer.byte-limit = 33554432 (custom)
2020-12-03 13:59:34,508 [Listener at 127.0.0.1/10068] INFO  server.GrpcService (ConfUtils.java:logGet(44)) - raft.grpc.flow.control.window = 5MB (=5242880) (custom)
2020-12-03 13:59:34,508 [Listener at 127.0.0.1/10068] INFO  server.RaftServerConfigKeys (ConfUtils.java:logGet(44)) - raft.server.rpc.request.timeout = 60s (custom)
2020-12-03 13:59:34,509 [Listener at 127.0.0.1/10068] INFO  impl.DataStreamServerImpl (ConfUtils.java:logGet(44)) - raft.datastream.type = DISABLED (default)
2020-12-03 13:59:34,509 [Listener at 127.0.0.1/10068] INFO  server.RaftServerConfigKeys (ConfUtils.java:logGet(44)) - raft.server.storage.dir = [/github/workspace/mnt/ozone/hadoop-ozone/integration-test/target/test-dir/MiniOzoneClusterImpl-6c8cb788-3ebf-4599-90cd-3d9ebf402ba0/datanode-2/data/ratis] (custom)
2020-12-03 13:59:34,517 [grpc-default-executor-5] INFO  metrics.RatisMetrics (RatisMetrics.java:lambda$create$0(36)) - Creating Metrics Registry : ratis.server_message_metrics.omNode-1
2020-12-03 13:59:34,517 [grpc-default-executor-3] INFO  metrics.RatisMetrics (RatisMetrics.java:lambda$create$0(36)) - Creating Metrics Registry : ratis.server_message_metrics.omNode-3
2020-12-03 13:59:34,518 [grpc-default-executor-0] INFO  metrics.RatisMetrics (RatisMetrics.java:lambda$create$0(36)) - Creating Metrics Registry : ratis.server_message_metrics.omNode-2
2020-12-03 13:59:34,525 [Listener at 127.0.0.1/10068] INFO  http.BaseHttpServer (BaseHttpServer.java:newHttpServer2BuilderForOzone(207)) - Starting Web-server for hddsDatanode at: http://0.0.0.0:0
2020-12-03 13:59:34,525 [Listener at 127.0.0.1/10068] INFO  http.BaseHttpServer (BaseHttpServer.java:<init>(106)) - Hadoop Security Enabled: false Ozone Security Enabled: false Ozone HTTP Security Enabled: false 
2020-12-03 13:59:34,526 [Listener at 127.0.0.1/10068] INFO  server.AuthenticationFilter (AuthenticationFilter.java:constructSecretProvider(240)) - Unable to initialize FileSignerSecretProvider, falling back to use random secrets.
2020-12-03 13:59:34,529 [Listener at 127.0.0.1/10068] WARN  http.HttpRequestLog (HttpRequestLog.java:getRequestLog(103)) - Jetty request log can only be enabled using Log4j
2020-12-03 13:59:34,530 [Listener at 127.0.0.1/10068] INFO  http.HttpServer2 (HttpServer2.java:addGlobalFilter(1019)) - Added global filter 'safety' (class=org.apache.hadoop.hdds.server.http.HttpServer2$QuotingInputFilter)
2020-12-03 13:59:34,531 [Listener at 127.0.0.1/10068] INFO  http.HttpServer2 (HttpServer2.java:addFilter(995)) - Added filter static_user_filter (class=org.apache.hadoop.http.lib.StaticUserWebFilter$StaticUserFilter) to context hddsDatanode
2020-12-03 13:59:34,531 [Listener at 127.0.0.1/10068] INFO  http.HttpServer2 (HttpServer2.java:addFilter(1003)) - Added filter static_user_filter (class=org.apache.hadoop.http.lib.StaticUserWebFilter$StaticUserFilter) to context logs
2020-12-03 13:59:34,531 [Listener at 127.0.0.1/10068] INFO  http.HttpServer2 (HttpServer2.java:addFilter(1003)) - Added filter static_user_filter (class=org.apache.hadoop.http.lib.StaticUserWebFilter$StaticUserFilter) to context static
2020-12-03 13:59:34,538 [Listener at 127.0.0.1/10068] INFO  http.HttpServer2 (HttpServer2.java:bindListener(1237)) - Jetty bound to port 46595
2020-12-03 13:59:34,539 [Listener at 127.0.0.1/10068] INFO  server.Server (Server.java:doStart(375)) - jetty-9.4.34.v20201102; built: 2020-11-02T14:15:39.302Z; git: e46af88704a893fc12cb0e3bf46e2c7b48a009e7; jvm 1.8.0_232-b09
2020-12-03 13:59:34,551 [Listener at 127.0.0.1/10068] INFO  server.session (DefaultSessionIdManager.java:doStart(334)) - DefaultSessionIdManager workerName=node0
2020-12-03 13:59:34,551 [Listener at 127.0.0.1/10068] INFO  server.session (DefaultSessionIdManager.java:doStart(339)) - No SessionScavenger set, using defaults
2020-12-03 13:59:34,551 [Listener at 127.0.0.1/10068] INFO  server.session (HouseKeeper.java:startScavenging(132)) - node0 Scavenging every 600000ms
2020-12-03 13:59:34,552 [Listener at 127.0.0.1/10068] INFO  handler.ContextHandler (ContextHandler.java:doStart(916)) - Started o.e.j.s.ServletContextHandler@2a5c733d{logs,/logs,file:///github/workspace/mnt/ozone/hadoop-ozone/integration-test/target/log,AVAILABLE}
2020-12-03 13:59:34,552 [Listener at 127.0.0.1/10068] INFO  handler.ContextHandler (ContextHandler.java:doStart(916)) - Started o.e.j.s.ServletContextHandler@4f1b6161{static,/static,jar:file:/home/user/.m2/repository/org/apache/hadoop/hadoop-hdds-container-service/1.1.0-SNAPSHOT/hadoop-hdds-container-service-1.1.0-SNAPSHOT.jar!/webapps/static,AVAILABLE}
2020-12-03 13:59:34,539 [Datanode State Machine Task Thread - 0] INFO  datanode.InitDatanodeState (InitDatanodeState.java:persistContainerDatanodeDetails(145)) - DatanodeDetails is persisted to /github/workspace/mnt/ozone/hadoop-ozone/integration-test/target/test-dir/MiniOzoneClusterImpl-6c8cb788-3ebf-4599-90cd-3d9ebf402ba0/datanode-1/meta/datanode.id
2020-12-03 13:59:34,596 [omNode-1@group-523986131536-LeaderElection1] INFO  impl.LeaderElection (LeaderElection.java:logAndReturn(65)) - omNode-1@group-523986131536-LeaderElection1: Election REJECTED; received 2 response(s) [omNode-1<-omNode-3#0:FAIL-t1, omNode-1<-omNode-2#0:FAIL-t1] and 0 exception(s); omNode-1@group-523986131536:t1, leader=null, voted=omNode-1, raftlog=omNode-1@group-523986131536-SegmentedRaftLog:OPENED:c-1,f-1,i0, conf=-1: [omNode-3|rpc:localhost:10072, omNode-1|rpc:localhost:10060, omNode-2|rpc:localhost:10066], old=null
2020-12-03 13:59:34,596 [omNode-3@group-523986131536-LeaderElection3] INFO  impl.LeaderElection (LeaderElection.java:logAndReturn(65)) - omNode-3@group-523986131536-LeaderElection3: Election REJECTED; received 2 response(s) [omNode-3<-omNode-1#0:FAIL-t1, omNode-3<-omNode-2#0:FAIL-t1] and 0 exception(s); omNode-3@group-523986131536:t1, leader=null, voted=omNode-3, raftlog=omNode-3@group-523986131536-SegmentedRaftLog:OPENED:c-1,f-1,i0, conf=-1: [omNode-3|rpc:localhost:10072, omNode-1|rpc:localhost:10060, omNode-2|rpc:localhost:10066], old=null
2020-12-03 13:59:34,598 [omNode-2@group-523986131536-LeaderElection2] INFO  impl.LeaderElection (LeaderElection.java:logAndReturn(65)) - omNode-2@group-523986131536-LeaderElection2: Election REJECTED; received 2 response(s) [omNode-2<-omNode-3#0:FAIL-t1, omNode-2<-omNode-1#0:FAIL-t1] and 0 exception(s); omNode-2@group-523986131536:t1, leader=null, voted=omNode-2, raftlog=omNode-2@group-523986131536-SegmentedRaftLog:OPENED:c-1,f-1,i0, conf=-1: [omNode-3|rpc:localhost:10072, omNode-1|rpc:localhost:10060, omNode-2|rpc:localhost:10066], old=null
2020-12-03 13:59:34,599 [omNode-2@group-523986131536-LeaderElection2] INFO  impl.RaftServerImpl (RaftServerImpl.java:setRole(204)) - omNode-2@group-523986131536: changes role from CANDIDATE to FOLLOWER at term 1 for DISCOVERED_A_NEW_TERM
2020-12-03 13:59:34,599 [omNode-2@group-523986131536-LeaderElection2] INFO  impl.RoleInfo (RoleInfo.java:shutdownLeaderElection(134)) - omNode-2: shutdown omNode-2@group-523986131536-LeaderElection2
2020-12-03 13:59:34,600 [omNode-2@group-523986131536-LeaderElection2] INFO  impl.RoleInfo (RoleInfo.java:updateAndGet(143)) - omNode-2: start omNode-2@group-523986131536-FollowerState
2020-12-03 13:59:34,599 [omNode-1@group-523986131536-LeaderElection1] INFO  impl.RaftServerImpl (RaftServerImpl.java:setRole(204)) - omNode-1@group-523986131536: changes role from CANDIDATE to FOLLOWER at term 1 for DISCOVERED_A_NEW_TERM
2020-12-03 13:59:34,610 [omNode-1@group-523986131536-LeaderElection1] INFO  impl.RoleInfo (RoleInfo.java:shutdownLeaderElection(134)) - omNode-1: shutdown omNode-1@group-523986131536-LeaderElection1
2020-12-03 13:59:34,610 [omNode-1@group-523986131536-LeaderElection1] INFO  impl.RoleInfo (RoleInfo.java:updateAndGet(143)) - omNode-1: start omNode-1@group-523986131536-FollowerState
2020-12-03 13:59:34,598 [omNode-3@group-523986131536-LeaderElection3] INFO  impl.RaftServerImpl (RaftServerImpl.java:setRole(204)) - omNode-3@group-523986131536: changes role from CANDIDATE to FOLLOWER at term 1 for DISCOVERED_A_NEW_TERM
2020-12-03 13:59:34,610 [omNode-3@group-523986131536-LeaderElection3] INFO  impl.RoleInfo (RoleInfo.java:shutdownLeaderElection(134)) - omNode-3: shutdown omNode-3@group-523986131536-LeaderElection3
2020-12-03 13:59:34,610 [omNode-3@group-523986131536-LeaderElection3] INFO  impl.RoleInfo (RoleInfo.java:updateAndGet(143)) - omNode-3: start omNode-3@group-523986131536-FollowerState
2020-12-03 13:59:34,756 [Listener at 127.0.0.1/10068] INFO  handler.ContextHandler (ContextHandler.java:doStart(916)) - Started o.e.j.w.WebAppContext@335267fb{hddsDatanode,/,file:///tmp/jetty-0_0_0_0-46595-hadoop-hdds-container-service-1_1_0-SNAPSHOT_jar-_-any-4330352675866496544/webapp/,AVAILABLE}{jar:file:/home/user/.m2/repository/org/apache/hadoop/hadoop-hdds-container-service/1.1.0-SNAPSHOT/hadoop-hdds-container-service-1.1.0-SNAPSHOT.jar!/webapps/hddsDatanode}
2020-12-03 13:59:34,758 [Listener at 127.0.0.1/10068] INFO  server.AbstractConnector (AbstractConnector.java:doStart(331)) - Started ServerConnector@2710c943{HTTP/1.1, (http/1.1)}{0.0.0.0:46595}
2020-12-03 13:59:34,758 [Listener at 127.0.0.1/10068] INFO  server.Server (Server.java:doStart(415)) - Started @7518ms
2020-12-03 13:59:34,758 [Listener at 127.0.0.1/10068] WARN  impl.MetricsSystemImpl (MetricsSystemImpl.java:register(276)) - Sink prometheus already exists!
2020-12-03 13:59:34,762 [Listener at 127.0.0.1/10068] INFO  http.BaseHttpServer (BaseHttpServer.java:updateConnectorAddress(327)) - HTTP server of hddsDatanode listening at http://0.0.0.0:46595
2020-12-03 13:59:34,763 [Listener at 127.0.0.1/10068] INFO  ozone.MiniOzoneClusterImpl (MiniOzoneClusterImpl.java:lambda$waitForClusterToBeReady$0(178)) - Waiting for nodes to be ready. Got 0 of 3 DN Heartbeats.
2020-12-03 13:59:34,763 [Listener at 127.0.0.1/10068] INFO  ozone.MiniOzoneClusterImpl (MiniOzoneClusterImpl.java:lambda$waitForClusterToBeReady$0(181)) - Waiting for cluster to exit safe mode
2020-12-03 13:59:34,777 [org.apache.hadoop.util.JvmPauseMonitor$Monitor@1c34f154] INFO  util.JvmPauseMonitor (JvmPauseMonitor.java:run(188)) - Starting JVM pause monitor
2020-12-03 13:59:34,779 [Datanode State Machine Task Thread - 0] INFO  datanode.InitDatanodeState (InitDatanodeState.java:persistContainerDatanodeDetails(145)) - DatanodeDetails is persisted to /github/workspace/mnt/ozone/hadoop-ozone/integration-test/target/test-dir/MiniOzoneClusterImpl-6c8cb788-3ebf-4599-90cd-3d9ebf402ba0/datanode-2/meta/datanode.id
2020-12-03 13:59:35,621 [Thread-248] INFO  impl.FollowerState (FollowerState.java:run(128)) - omNode-2@group-523986131536-FollowerState: change to CANDIDATE, lastRpcTime:1021ms, electionTimeout:1014ms
2020-12-03 13:59:35,621 [Thread-248] INFO  impl.RoleInfo (RoleInfo.java:shutdownFollowerState(121)) - omNode-2: shutdown omNode-2@group-523986131536-FollowerState
2020-12-03 13:59:35,622 [Thread-248] INFO  impl.RaftServerImpl (RaftServerImpl.java:setRole(204)) - omNode-2@group-523986131536: changes role from  FOLLOWER to CANDIDATE at term 1 for changeToCandidate
2020-12-03 13:59:35,622 [Thread-249] INFO  impl.FollowerState (FollowerState.java:run(128)) - omNode-1@group-523986131536-FollowerState: change to CANDIDATE, lastRpcTime:1012ms, electionTimeout:1012ms
2020-12-03 13:59:35,623 [Thread-249] INFO  impl.RoleInfo (RoleInfo.java:shutdownFollowerState(121)) - omNode-1: shutdown omNode-1@group-523986131536-FollowerState
2020-12-03 13:59:35,623 [Thread-249] INFO  impl.RaftServerImpl (RaftServerImpl.java:setRole(204)) - omNode-1@group-523986131536: changes role from  FOLLOWER to CANDIDATE at term 1 for changeToCandidate
2020-12-03 13:59:35,634 [Thread-248] INFO  impl.RoleInfo (RoleInfo.java:updateAndGet(143)) - omNode-2: start omNode-2@group-523986131536-LeaderElection4
2020-12-03 13:59:35,634 [Thread-249] INFO  impl.RoleInfo (RoleInfo.java:updateAndGet(143)) - omNode-1: start omNode-1@group-523986131536-LeaderElection5
2020-12-03 13:59:35,636 [omNode-2@group-523986131536-LeaderElection4] INFO  impl.LeaderElection (LeaderElection.java:askForVotes(215)) - omNode-2@group-523986131536-LeaderElection4: begin an election at term 2 for -1: [omNode-3|rpc:localhost:10072, omNode-1|rpc:localhost:10060, omNode-2|rpc:localhost:10066], old=null
2020-12-03 13:59:35,641 [omNode-1@group-523986131536-LeaderElection5] INFO  impl.LeaderElection (LeaderElection.java:askForVotes(215)) - omNode-1@group-523986131536-LeaderElection5: begin an election at term 2 for -1: [omNode-3|rpc:localhost:10072, omNode-1|rpc:localhost:10060, omNode-2|rpc:localhost:10066], old=null
2020-12-03 13:59:35,642 [grpc-default-executor-3] INFO  impl.RaftServerImpl (RaftServerImpl.java:setRole(204)) - omNode-3@group-523986131536: changes role from  FOLLOWER to FOLLOWER at term 2 for recognizeCandidate:omNode-2
2020-12-03 13:59:35,642 [grpc-default-executor-3] INFO  impl.RoleInfo (RoleInfo.java:shutdownFollowerState(121)) - omNode-3: shutdown omNode-3@group-523986131536-FollowerState
2020-12-03 13:59:35,653 [grpc-default-executor-3] INFO  impl.RoleInfo (RoleInfo.java:updateAndGet(143)) - omNode-3: start omNode-3@group-523986131536-FollowerState
2020-12-03 13:59:35,654 [Thread-250] INFO  impl.FollowerState (FollowerState.java:run(137)) - omNode-3@group-523986131536-FollowerState was interrupted: {}
java.lang.InterruptedException: sleep interrupted
	at java.lang.Thread.sleep(Native Method)
	at org.apache.ratis.util.JavaUtils.sleep(JavaUtils.java:250)
	at org.apache.ratis.server.impl.FollowerState.run(FollowerState.java:116)
2020-12-03 13:59:35,655 [org.apache.ratis.server.JvmPauseMonitor@488702d7-Monitor] WARN  server.JvmPauseMonitor (JvmPauseMonitor.java:run(141)) - Detected pause in JVM or host machine (eg GC): pause of approximately 2ms
GC pool 'PS Scavenge' had collection(s): count=1 time=22ms
2020-12-03 13:59:35,654 [grpc-default-executor-3] INFO  impl.RaftServerImpl (RaftServerImpl.java:requestVote(963)) -  FOLLOWER omNode-3@group-523986131536:t2, leader=null, voted=null, raftlog=omNode-3@group-523986131536-SegmentedRaftLog:OPENED:c-1,f-1,i0, conf=-1: [omNode-3|rpc:localhost:10072, omNode-1|rpc:localhost:10060, omNode-2|rpc:localhost:10066], old=null RUNNING priority:0 candidate:omNode-2|rpc:localhost:10066 candidatePriority:0 compare:0
2020-12-03 13:59:35,669 [omNode-2@group-523986131536-LeaderElection4] INFO  impl.LeaderElection (LeaderElection.java:logAndReturn(65)) - omNode-2@group-523986131536-LeaderElection4: Election PASSED; received 1 response(s) [omNode-2<-omNode-3#0:OK-t2] and 0 exception(s); omNode-2@group-523986131536:t2, leader=null, voted=omNode-2, raftlog=omNode-2@group-523986131536-SegmentedRaftLog:OPENED:c-1,f-1,i0, conf=-1: [omNode-3|rpc:localhost:10072, omNode-1|rpc:localhost:10060, omNode-2|rpc:localhost:10066], old=null
2020-12-03 13:59:35,669 [omNode-2@group-523986131536-LeaderElection4] INFO  impl.RoleInfo (RoleInfo.java:shutdownLeaderElection(134)) - omNode-2: shutdown omNode-2@group-523986131536-LeaderElection4
2020-12-03 13:59:35,669 [omNode-2@group-523986131536-LeaderElection4] INFO  impl.RaftServerImpl (RaftServerImpl.java:setRole(204)) - omNode-2@group-523986131536: changes role from CANDIDATE to LEADER at term 2 for changeToLeader
2020-12-03 13:59:35,669 [omNode-2@group-523986131536-LeaderElection4] INFO  impl.RaftServerImpl (ServerState.java:setLeader(256)) - omNode-2@group-523986131536: change Leader from null to omNode-2 at term 2 for becomeLeader, leader elected after 2885ms
2020-12-03 13:59:35,672 [omNode-2@group-523986131536-LeaderElection4] INFO  server.RaftServerConfigKeys (ConfUtils.java:logGet(44)) - raft.server.staging.catchup.gap = 1000 (default)
2020-12-03 13:59:35,672 [omNode-2@group-523986131536-LeaderElection4] INFO  server.RaftServerConfigKeys (ConfUtils.java:logGet(44)) - raft.server.rpc.sleep.time = 25ms (default)
2020-12-03 13:59:35,673 [omNode-2@group-523986131536-LeaderElection4] INFO  metrics.RatisMetrics (RatisMetrics.java:lambda$create$0(36)) - Creating Metrics Registry : ratis.log_appender.omNode-2@group-523986131536
2020-12-03 13:59:35,676 [omNode-1@group-523986131536-LeaderElection5] INFO  impl.LeaderElection (LeaderElection.java:logAndReturn(65)) - omNode-1@group-523986131536-LeaderElection5: Election REJECTED; received 2 response(s) [omNode-1<-omNode-3#0:FAIL-t2, omNode-1<-omNode-2#0:FAIL-t2] and 0 exception(s); omNode-1@group-523986131536:t2, leader=null, voted=omNode-1, raftlog=omNode-1@group-523986131536-SegmentedRaftLog:OPENED:c-1,f-1,i0, conf=-1: [omNode-3|rpc:localhost:10072, omNode-1|rpc:localhost:10060, omNode-2|rpc:localhost:10066], old=null
2020-12-03 13:59:35,676 [omNode-1@group-523986131536-LeaderElection5] INFO  impl.RaftServerImpl (RaftServerImpl.java:setRole(204)) - omNode-1@group-523986131536: changes role from CANDIDATE to FOLLOWER at term 2 for DISCOVERED_A_NEW_TERM
2020-12-03 13:59:35,676 [omNode-1@group-523986131536-LeaderElection5] INFO  impl.RoleInfo (RoleInfo.java:shutdownLeaderElection(134)) - omNode-1: shutdown omNode-1@group-523986131536-LeaderElection5
2020-12-03 13:59:35,676 [omNode-1@group-523986131536-LeaderElection5] INFO  impl.RoleInfo (RoleInfo.java:updateAndGet(143)) - omNode-1: start omNode-1@group-523986131536-FollowerState
2020-12-03 13:59:35,677 [omNode-2@group-523986131536-LeaderElection4] INFO  server.RaftServerConfigKeys (ConfUtils.java:logGet(44)) - raft.server.write.element-limit = 4096 (default)
2020-12-03 13:59:35,682 [omNode-2@group-523986131536-LeaderElection4] INFO  server.RaftServerConfigKeys (ConfUtils.java:logGet(44)) - raft.server.write.byte-limit = 64MB (=67108864) (default)
2020-12-03 13:59:35,690 [omNode-2@group-523986131536-LeaderElection4] INFO  server.RaftServerConfigKeys (ConfUtils.java:logGet(44)) - raft.server.watch.timeout = 10s (default)
2020-12-03 13:59:35,698 [omNode-2@group-523986131536-LeaderElection4] INFO  server.RaftServerConfigKeys (ConfUtils.java:logGet(44)) - raft.server.watch.timeout.denomination = 1s (default)
2020-12-03 13:59:35,699 [omNode-2@group-523986131536-LeaderElection4] INFO  server.RaftServerConfigKeys (ConfUtils.java:logGet(44)) - raft.server.watch.element-limit = 65536 (default)
2020-12-03 13:59:35,707 [omNode-2@group-523986131536-LeaderElection4] INFO  server.RaftServerConfigKeys (ConfUtils.java:logGet(44)) - raft.server.log.appender.snapshot.chunk.size.max = 16MB (=16777216) (default)
2020-12-03 13:59:35,707 [omNode-2@group-523986131536-LeaderElection4] INFO  server.RaftServerConfigKeys (ConfUtils.java:logGet(44)) - raft.server.log.appender.buffer.byte-limit = 33554432 (custom)
2020-12-03 13:59:35,708 [omNode-2@group-523986131536-LeaderElection4] INFO  server.RaftServerConfigKeys (ConfUtils.java:logGet(44)) - raft.server.log.appender.buffer.element-limit = 1024 (custom)
2020-12-03 13:59:35,711 [omNode-2@group-523986131536-LeaderElection4] INFO  grpc.GrpcConfigKeys (ConfUtils.java:logGet(44)) - raft.grpc.server.leader.outstanding.appends.max = 128 (default)
2020-12-03 13:59:35,712 [omNode-2@group-523986131536-LeaderElection4] INFO  server.RaftServerConfigKeys (ConfUtils.java:logGet(44)) - raft.server.rpc.request.timeout = 3000ms (default)
2020-12-03 13:59:35,712 [omNode-2@group-523986131536-LeaderElection4] INFO  server.RaftServerConfigKeys (ConfUtils.java:logGet(44)) - raft.server.log.appender.install.snapshot.enabled = false (custom)
2020-12-03 13:59:35,713 [omNode-2@group-523986131536-LeaderElection4] INFO  metrics.RatisMetrics (RatisMetrics.java:lambda$create$0(36)) - Creating Metrics Registry : ratis_grpc.log_appender.omNode-2@group-523986131536
2020-12-03 13:59:35,717 [omNode-2@group-523986131536-LeaderElection4] INFO  server.RaftServerConfigKeys (ConfUtils.java:logGet(44)) - raft.server.log.appender.snapshot.chunk.size.max = 16MB (=16777216) (default)
2020-12-03 13:59:35,717 [omNode-2@group-523986131536-LeaderElection4] INFO  server.RaftServerConfigKeys (ConfUtils.java:logGet(44)) - raft.server.log.appender.buffer.byte-limit = 33554432 (custom)
2020-12-03 13:59:35,717 [omNode-2@group-523986131536-LeaderElection4] INFO  server.RaftServerConfigKeys (ConfUtils.java:logGet(44)) - raft.server.log.appender.buffer.element-limit = 1024 (custom)
2020-12-03 13:59:35,718 [omNode-2@group-523986131536-LeaderElection4] INFO  grpc.GrpcConfigKeys (ConfUtils.java:logGet(44)) - raft.grpc.server.leader.outstanding.appends.max = 128 (default)
2020-12-03 13:59:35,718 [omNode-2@group-523986131536-LeaderElection4] INFO  server.RaftServerConfigKeys (ConfUtils.java:logGet(44)) - raft.server.rpc.request.timeout = 3000ms (default)
2020-12-03 13:59:35,718 [omNode-2@group-523986131536-LeaderElection4] INFO  server.RaftServerConfigKeys (ConfUtils.java:logGet(44)) - raft.server.log.appender.install.snapshot.enabled = false (custom)
2020-12-03 13:59:35,722 [omNode-2@group-523986131536-LeaderElection4] INFO  impl.RoleInfo (RoleInfo.java:updateAndGet(143)) - omNode-2: start omNode-2@group-523986131536-LeaderState
2020-12-03 13:59:35,737 [omNode-2@group-523986131536-LeaderElection4] INFO  segmented.SegmentedRaftLogWorker (SegmentedRaftLogWorker.java:startLogSegment(398)) - omNode-2@group-523986131536-SegmentedRaftLogWorker: Starting segment from index:0
2020-12-03 13:59:35,764 [Listener at 127.0.0.1/10068] INFO  ozone.MiniOzoneClusterImpl (MiniOzoneClusterImpl.java:lambda$waitForClusterToBeReady$0(178)) - Waiting for nodes to be ready. Got 0 of 3 DN Heartbeats.
2020-12-03 13:59:35,764 [Listener at 127.0.0.1/10068] INFO  ozone.MiniOzoneClusterImpl (MiniOzoneClusterImpl.java:lambda$waitForClusterToBeReady$0(181)) - Waiting for cluster to exit safe mode
2020-12-03 13:59:35,778 [omNode-2@group-523986131536-LeaderElection4] INFO  impl.RaftServerImpl (ServerState.java:setRaftConf(374)) - omNode-2@group-523986131536: set configuration 0: [omNode-3|rpc:localhost:10072|dataStream:, omNode-1|rpc:localhost:10060|dataStream:, omNode-2|rpc:localhost:10066|dataStream:], old=null at 0
2020-12-03 13:59:35,851 [grpc-default-executor-4] INFO  impl.RaftServerImpl (ServerState.java:setLeader(256)) - omNode-3@group-523986131536: change Leader from null to omNode-2 at term 2 for appendEntries, leader elected after 2924ms
2020-12-03 13:59:35,853 [grpc-default-executor-3] INFO  impl.RaftServerImpl (ServerState.java:setLeader(256)) - omNode-1@group-523986131536: change Leader from null to omNode-2 at term 2 for appendEntries, leader elected after 3560ms
2020-12-03 13:59:35,870 [grpc-default-executor-4] INFO  impl.RaftServerImpl (ServerState.java:setRaftConf(374)) - omNode-3@group-523986131536: set configuration 0: [omNode-3|rpc:localhost:10072|dataStream:, omNode-1|rpc:localhost:10060|dataStream:, omNode-2|rpc:localhost:10066|dataStream:], old=null at 0
2020-12-03 13:59:35,872 [grpc-default-executor-3] INFO  impl.RaftServerImpl (ServerState.java:setRaftConf(374)) - omNode-1@group-523986131536: set configuration 0: [omNode-3|rpc:localhost:10072|dataStream:, omNode-1|rpc:localhost:10060|dataStream:, omNode-2|rpc:localhost:10066|dataStream:], old=null at 0
2020-12-03 13:59:35,872 [grpc-default-executor-3] INFO  segmented.SegmentedRaftLogWorker (SegmentedRaftLogWorker.java:startLogSegment(398)) - omNode-1@group-523986131536-SegmentedRaftLogWorker: Starting segment from index:0
2020-12-03 13:59:35,873 [grpc-default-executor-4] INFO  segmented.SegmentedRaftLogWorker (SegmentedRaftLogWorker.java:startLogSegment(398)) - omNode-3@group-523986131536-SegmentedRaftLogWorker: Starting segment from index:0
2020-12-03 13:59:36,094 [omNode-3@group-523986131536-SegmentedRaftLogWorker] INFO  segmented.SegmentedRaftLogWorker (SegmentedRaftLogWorker.java:execute(597)) - omNode-3@group-523986131536-SegmentedRaftLogWorker: created new log segment /github/workspace/mnt/ozone/hadoop-ozone/integration-test/target/test-dir/MiniOzoneClusterImpl-6c8cb788-3ebf-4599-90cd-3d9ebf402ba0/omNode-3/ratis/c9bc4cf4-3bc3-3c60-a66b-523986131536/current/log_inprogress_0
2020-12-03 13:59:36,096 [omNode-1@group-523986131536-SegmentedRaftLogWorker] INFO  segmented.SegmentedRaftLogWorker (SegmentedRaftLogWorker.java:execute(597)) - omNode-1@group-523986131536-SegmentedRaftLogWorker: created new log segment /github/workspace/mnt/ozone/hadoop-ozone/integration-test/target/test-dir/MiniOzoneClusterImpl-6c8cb788-3ebf-4599-90cd-3d9ebf402ba0/omNode-1/ratis/c9bc4cf4-3bc3-3c60-a66b-523986131536/current/log_inprogress_0
2020-12-03 13:59:36,097 [omNode-2@group-523986131536-SegmentedRaftLogWorker] INFO  segmented.SegmentedRaftLogWorker (SegmentedRaftLogWorker.java:execute(597)) - omNode-2@group-523986131536-SegmentedRaftLogWorker: created new log segment /github/workspace/mnt/ozone/hadoop-ozone/integration-test/target/test-dir/MiniOzoneClusterImpl-6c8cb788-3ebf-4599-90cd-3d9ebf402ba0/omNode-2/ratis/c9bc4cf4-3bc3-3c60-a66b-523986131536/current/log_inprogress_0
2020-12-03 13:59:36,098 [EndpointStateMachine task thread for /0.0.0.0:35701 - 0 ] INFO  ozoneimpl.OzoneContainer (OzoneContainer.java:start(243)) - Attempting to start container services.
2020-12-03 13:59:36,116 [EndpointStateMachine task thread for /0.0.0.0:35701 - 0 ] INFO  ozoneimpl.OzoneContainer (OzoneContainer.java:startContainerScrub(207)) - Background container scanner has been disabled.
2020-12-03 13:59:36,116 [EndpointStateMachine task thread for /0.0.0.0:35701 - 0 ] INFO  ratis.XceiverServerRatis (XceiverServerRatis.java:start(456)) - Starting XceiverServerRatis 19277de5-81fd-49d2-981e-fdfe1dd17921 at port 0
2020-12-03 13:59:36,123 [EndpointStateMachine task thread for /0.0.0.0:35701 - 0 ] INFO  impl.RaftServerProxy (RaftServerProxy.java:lambda$start$3(321)) - 19277de5-81fd-49d2-981e-fdfe1dd17921: start RPC server
2020-12-03 13:59:36,141 [EndpointStateMachine task thread for /0.0.0.0:35701 - 0 ] INFO  server.GrpcService (GrpcService.java:startImpl(177)) - 19277de5-81fd-49d2-981e-fdfe1dd17921: GrpcService started, listening on 0.0.0.0/0.0.0.0:45089
2020-12-03 13:59:36,142 [EndpointStateMachine task thread for /0.0.0.0:35701 - 0 ] INFO  ratis.XceiverServerRatis (XceiverServerRatis.java:start(468)) - XceiverServerRatis 19277de5-81fd-49d2-981e-fdfe1dd17921 is started using port 45089
2020-12-03 13:59:36,150 [EndpointStateMachine task thread for /0.0.0.0:35701 - 0 ] INFO  server.XceiverServerGrpc (XceiverServerGrpc.java:start(145)) - XceiverServerGrpc 19277de5-81fd-49d2-981e-fdfe1dd17921 is started using port 38929
2020-12-03 13:59:36,156 [org.apache.ratis.server.JvmPauseMonitor@6ff61dda-Monitor] INFO  server.RaftServerConfigKeys (ConfUtils.java:logGet(44)) - raft.server.leaderelection.leader.step-down.wait-time = 10s (default)
2020-12-03 13:59:36,156 [org.apache.ratis.server.JvmPauseMonitor@6ff61dda-Monitor] INFO  server.RaftServerConfigKeys (ConfUtils.java:logGet(44)) - raft.server.rpc.slowness.timeout = 300s (custom)
2020-12-03 13:59:36,156 [org.apache.ratis.server.JvmPauseMonitor@6ff61dda-Monitor] INFO  server.JvmPauseMonitor (JvmPauseMonitor.java:run(129)) - Starting Ratis JVM pause monitor
2020-12-03 13:59:36,451 [EndpointStateMachine task thread for /0.0.0.0:35701 - 0 ] INFO  ozoneimpl.OzoneContainer (OzoneContainer.java:start(243)) - Attempting to start container services.
2020-12-03 13:59:36,453 [EndpointStateMachine task thread for /0.0.0.0:35701 - 0 ] INFO  ozoneimpl.OzoneContainer (OzoneContainer.java:startContainerScrub(207)) - Background container scanner has been disabled.
2020-12-03 13:59:36,453 [EndpointStateMachine task thread for /0.0.0.0:35701 - 0 ] INFO  ratis.XceiverServerRatis (XceiverServerRatis.java:start(456)) - Starting XceiverServerRatis 633cfa61-a66f-4939-87ff-03de11ff39ac at port 0
2020-12-03 13:59:36,455 [EndpointStateMachine task thread for /0.0.0.0:35701 - 0 ] INFO  impl.RaftServerProxy (RaftServerProxy.java:lambda$start$3(321)) - 633cfa61-a66f-4939-87ff-03de11ff39ac: start RPC server
2020-12-03 13:59:36,462 [EndpointStateMachine task thread for /0.0.0.0:35701 - 0 ] INFO  server.GrpcService (GrpcService.java:startImpl(177)) - 633cfa61-a66f-4939-87ff-03de11ff39ac: GrpcService started, listening on 0.0.0.0/0.0.0.0:44639
2020-12-03 13:59:36,465 [EndpointStateMachine task thread for /0.0.0.0:35701 - 0 ] INFO  ratis.XceiverServerRatis (XceiverServerRatis.java:start(468)) - XceiverServerRatis 633cfa61-a66f-4939-87ff-03de11ff39ac is started using port 44639
2020-12-03 13:59:36,468 [EndpointStateMachine task thread for /0.0.0.0:35701 - 0 ] INFO  server.XceiverServerGrpc (XceiverServerGrpc.java:start(145)) - XceiverServerGrpc 633cfa61-a66f-4939-87ff-03de11ff39ac is started using port 39001
2020-12-03 13:59:36,468 [org.apache.ratis.server.JvmPauseMonitor@6abf9567-Monitor] INFO  server.RaftServerConfigKeys (ConfUtils.java:logGet(44)) - raft.server.leaderelection.leader.step-down.wait-time = 10s (default)
2020-12-03 13:59:36,468 [org.apache.ratis.server.JvmPauseMonitor@6abf9567-Monitor] INFO  server.RaftServerConfigKeys (ConfUtils.java:logGet(44)) - raft.server.rpc.slowness.timeout = 300s (custom)
2020-12-03 13:59:36,468 [org.apache.ratis.server.JvmPauseMonitor@6abf9567-Monitor] INFO  server.JvmPauseMonitor (JvmPauseMonitor.java:run(129)) - Starting Ratis JVM pause monitor
2020-12-03 13:59:36,764 [Listener at 127.0.0.1/10068] INFO  ozone.MiniOzoneClusterImpl (MiniOzoneClusterImpl.java:lambda$waitForClusterToBeReady$0(178)) - Waiting for nodes to be ready. Got 0 of 3 DN Heartbeats.
2020-12-03 13:59:36,764 [Listener at 127.0.0.1/10068] INFO  ozone.MiniOzoneClusterImpl (MiniOzoneClusterImpl.java:lambda$waitForClusterToBeReady$0(181)) - Waiting for cluster to exit safe mode
2020-12-03 13:59:36,793 [EndpointStateMachine task thread for /0.0.0.0:35701 - 0 ] INFO  ozoneimpl.OzoneContainer (OzoneContainer.java:start(243)) - Attempting to start container services.
2020-12-03 13:59:36,793 [EndpointStateMachine task thread for /0.0.0.0:35701 - 0 ] INFO  ozoneimpl.OzoneContainer (OzoneContainer.java:startContainerScrub(207)) - Background container scanner has been disabled.
2020-12-03 13:59:36,793 [EndpointStateMachine task thread for /0.0.0.0:35701 - 0 ] INFO  ratis.XceiverServerRatis (XceiverServerRatis.java:start(456)) - Starting XceiverServerRatis a5098de2-f0c4-47ec-8432-b6585c1f7fac at port 0
2020-12-03 13:59:36,795 [EndpointStateMachine task thread for /0.0.0.0:35701 - 0 ] INFO  impl.RaftServerProxy (RaftServerProxy.java:lambda$start$3(321)) - a5098de2-f0c4-47ec-8432-b6585c1f7fac: start RPC server
2020-12-03 13:59:36,799 [EndpointStateMachine task thread for /0.0.0.0:35701 - 0 ] INFO  server.GrpcService (GrpcService.java:startImpl(177)) - a5098de2-f0c4-47ec-8432-b6585c1f7fac: GrpcService started, listening on 0.0.0.0/0.0.0.0:32953
2020-12-03 13:59:36,802 [EndpointStateMachine task thread for /0.0.0.0:35701 - 0 ] INFO  ratis.XceiverServerRatis (XceiverServerRatis.java:start(468)) - XceiverServerRatis a5098de2-f0c4-47ec-8432-b6585c1f7fac is started using port 32953
2020-12-03 13:59:36,803 [EndpointStateMachine task thread for /0.0.0.0:35701 - 0 ] INFO  server.XceiverServerGrpc (XceiverServerGrpc.java:start(145)) - XceiverServerGrpc a5098de2-f0c4-47ec-8432-b6585c1f7fac is started using port 32951
2020-12-03 13:59:36,805 [org.apache.ratis.server.JvmPauseMonitor@30748065-Monitor] INFO  server.RaftServerConfigKeys (ConfUtils.java:logGet(44)) - raft.server.leaderelection.leader.step-down.wait-time = 10s (default)
2020-12-03 13:59:36,805 [org.apache.ratis.server.JvmPauseMonitor@30748065-Monitor] INFO  server.RaftServerConfigKeys (ConfUtils.java:logGet(44)) - raft.server.rpc.slowness.timeout = 300s (custom)
2020-12-03 13:59:36,805 [org.apache.ratis.server.JvmPauseMonitor@30748065-Monitor] INFO  server.JvmPauseMonitor (JvmPauseMonitor.java:run(129)) - Starting Ratis JVM pause monitor
2020-12-03 13:59:37,765 [Listener at 127.0.0.1/10068] INFO  ozone.MiniOzoneClusterImpl (MiniOzoneClusterImpl.java:lambda$waitForClusterToBeReady$0(178)) - Waiting for nodes to be ready. Got 0 of 3 DN Heartbeats.
2020-12-03 13:59:37,765 [Listener at 127.0.0.1/10068] INFO  ozone.MiniOzoneClusterImpl (MiniOzoneClusterImpl.java:lambda$waitForClusterToBeReady$0(181)) - Waiting for cluster to exit safe mode
2020-12-03 13:59:37,998 [org.apache.ratis.server.JvmPauseMonitor@4a40e84b-Monitor] WARN  server.JvmPauseMonitor (JvmPauseMonitor.java:run(141)) - Detected pause in JVM or host machine (eg GC): pause of approximately 28ms
GC pool 'PS MarkSweep' had collection(s): count=1 time=140ms
GC pool 'PS Scavenge' had collection(s): count=2 time=55ms
2020-12-03 13:59:37,998 [org.apache.ratis.server.JvmPauseMonitor@6abf9567-Monitor] WARN  server.JvmPauseMonitor (JvmPauseMonitor.java:run(141)) - Detected pause in JVM or host machine (eg GC): pause of approximately 29ms
GC pool 'PS MarkSweep' had collection(s): count=1 time=140ms
GC pool 'PS Scavenge' had collection(s): count=1 time=33ms
2020-12-03 13:59:38,028 [IPC Server handler 1 on default port 35701] INFO  net.NetworkTopologyImpl (NetworkTopologyImpl.java:add(111)) - Added a new node: /default-rack/19277de5-81fd-49d2-981e-fdfe1dd17921
2020-12-03 13:59:38,030 [IPC Server handler 1 on default port 35701] INFO  node.SCMNodeManager (SCMNodeManager.java:register(282)) - Registered Data node : 19277de5-81fd-49d2-981e-fdfe1dd17921{ip: 172.17.0.2, host: 8f6ffd452453, networkLocation: /default-rack, certSerialId: null}
2020-12-03 13:59:38,038 [EventQueue-NodeRegistrationContainerReportForDataNodeSafeModeRule] INFO  safemode.SCMSafeModeManager (DataNodeSafeModeRule.java:process(71)) - SCM in safe mode. 1 DataNodes registered, 1 required.
2020-12-03 13:59:38,038 [EventQueue-NodeRegistrationContainerReportForDataNodeSafeModeRule] INFO  safemode.SCMSafeModeManager (SCMSafeModeManager.java:validateSafeModeExitRules(214)) - DataNodeSafeModeRule rule is successfully validated
2020-12-03 13:59:38,038 [EventQueue-NodeRegistrationContainerReportForDataNodeSafeModeRule] INFO  safemode.SCMSafeModeManager (SCMSafeModeManager.java:completePreCheck(242)) - All SCM safe mode pre check rules have passed
2020-12-03 13:59:38,045 [EventQueue-NodeRegistrationContainerReportForContainerSafeModeRule] INFO  safemode.SCMSafeModeManager (SCMSafeModeManager.java:validateSafeModeExitRules(214)) - ContainerSafeModeRule rule is successfully validated
2020-12-03 13:59:38,051 [RatisPipelineUtilsThread] INFO  pipeline.RatisPipelineProvider (RatisPipelineProvider.java:lambda$create$0(161)) - Sending CreatePipelineCommand for pipeline:PipelineID=6eec1521-4002-4ddd-9f34-acd25c00d1c8 to datanode:19277de5-81fd-49d2-981e-fdfe1dd17921
2020-12-03 13:59:38,051 [EventQueue-PipelineReportForOneReplicaPipelineSafeModeRule] INFO  safemode.SCMSafeModeManager (SCMSafeModeManager.java:validateSafeModeExitRules(214)) - AtleastOneDatanodeReportedRule rule is successfully validated
2020-12-03 13:59:38,067 [RatisPipelineUtilsThread] INFO  pipeline.PipelineStateManager (PipelineStateManager.java:addPipeline(54)) - Created pipeline Pipeline[ Id: 6eec1521-4002-4ddd-9f34-acd25c00d1c8, Nodes: 19277de5-81fd-49d2-981e-fdfe1dd17921{ip: 172.17.0.2, host: 8f6ffd452453, networkLocation: /default-rack, certSerialId: null}, Type:RATIS, Factor:ONE, State:ALLOCATED, leaderId:, CreationTimestamp2020-12-03T13:59:38.048Z]
2020-12-03 13:59:38,070 [RatisPipelineUtilsThread] WARN  pipeline.PipelinePlacementPolicy (PipelinePlacementPolicy.java:filterViableNodes(138)) - Pipeline creation failed due to no sufficient healthy datanodes. Required 3. Found 1.
2020-12-03 13:59:38,448 [IPC Server handler 2 on default port 35701] INFO  net.NetworkTopologyImpl (NetworkTopologyImpl.java:add(111)) - Added a new node: /default-rack/633cfa61-a66f-4939-87ff-03de11ff39ac
2020-12-03 13:59:38,448 [IPC Server handler 2 on default port 35701] INFO  node.SCMNodeManager (SCMNodeManager.java:register(282)) - Registered Data node : 633cfa61-a66f-4939-87ff-03de11ff39ac{ip: 172.17.0.2, host: 8f6ffd452453, networkLocation: /default-rack, certSerialId: null}
2020-12-03 13:59:38,449 [EventQueue-NodeRegistrationContainerReportForDataNodeSafeModeRule] INFO  safemode.SCMSafeModeManager (SCMSafeModeManager.java:validateSafeModeExitRules(214)) - DataNodeSafeModeRule rule is successfully validated
2020-12-03 13:59:38,449 [EventQueue-NodeRegistrationContainerReportForContainerSafeModeRule] INFO  safemode.SCMSafeModeManager (SCMSafeModeManager.java:validateSafeModeExitRules(214)) - ContainerSafeModeRule rule is successfully validated
2020-12-03 13:59:38,449 [EventQueue-PipelineReportForOneReplicaPipelineSafeModeRule] INFO  safemode.SCMSafeModeManager (SCMSafeModeManager.java:validateSafeModeExitRules(214)) - AtleastOneDatanodeReportedRule rule is successfully validated
2020-12-03 13:59:38,452 [RatisPipelineUtilsThread] INFO  pipeline.RatisPipelineProvider (RatisPipelineProvider.java:lambda$create$0(161)) - Sending CreatePipelineCommand for pipeline:PipelineID=9bab225f-105c-44d6-96b1-a3b5ef21724c to datanode:633cfa61-a66f-4939-87ff-03de11ff39ac
2020-12-03 13:59:38,452 [RatisPipelineUtilsThread] INFO  pipeline.PipelineStateManager (PipelineStateManager.java:addPipeline(54)) - Created pipeline Pipeline[ Id: 9bab225f-105c-44d6-96b1-a3b5ef21724c, Nodes: 633cfa61-a66f-4939-87ff-03de11ff39ac{ip: 172.17.0.2, host: 8f6ffd452453, networkLocation: /default-rack, certSerialId: null}, Type:RATIS, Factor:ONE, State:ALLOCATED, leaderId:, CreationTimestamp2020-12-03T13:59:38.452Z]
2020-12-03 13:59:38,453 [RatisPipelineUtilsThread] WARN  pipeline.PipelinePlacementPolicy (PipelinePlacementPolicy.java:filterViableNodes(138)) - Pipeline creation failed due to no sufficient healthy datanodes. Required 3. Found 2.
2020-12-03 13:59:38,766 [Listener at 127.0.0.1/10068] INFO  ozone.MiniOzoneClusterImpl (MiniOzoneClusterImpl.java:lambda$waitForClusterToBeReady$0(178)) - Waiting for nodes to be ready. Got 2 of 3 DN Heartbeats.
2020-12-03 13:59:38,766 [Listener at 127.0.0.1/10068] INFO  ozone.MiniOzoneClusterImpl (MiniOzoneClusterImpl.java:lambda$waitForClusterToBeReady$0(181)) - Waiting for cluster to exit safe mode
2020-12-03 13:59:38,781 [IPC Server handler 0 on default port 35701] INFO  net.NetworkTopologyImpl (NetworkTopologyImpl.java:add(111)) - Added a new node: /default-rack/a5098de2-f0c4-47ec-8432-b6585c1f7fac
2020-12-03 13:59:38,781 [IPC Server handler 0 on default port 35701] INFO  node.SCMNodeManager (SCMNodeManager.java:register(282)) - Registered Data node : a5098de2-f0c4-47ec-8432-b6585c1f7fac{ip: 172.17.0.2, host: 8f6ffd452453, networkLocation: /default-rack, certSerialId: null}
2020-12-03 13:59:38,781 [EventQueue-NodeRegistrationContainerReportForDataNodeSafeModeRule] INFO  safemode.SCMSafeModeManager (SCMSafeModeManager.java:validateSafeModeExitRules(214)) - DataNodeSafeModeRule rule is successfully validated
2020-12-03 13:59:38,781 [EventQueue-NodeRegistrationContainerReportForContainerSafeModeRule] INFO  safemode.SCMSafeModeManager (SCMSafeModeManager.java:validateSafeModeExitRules(214)) - ContainerSafeModeRule rule is successfully validated
2020-12-03 13:59:38,781 [EventQueue-PipelineReportForOneReplicaPipelineSafeModeRule] INFO  safemode.SCMSafeModeManager (SCMSafeModeManager.java:validateSafeModeExitRules(214)) - AtleastOneDatanodeReportedRule rule is successfully validated
2020-12-03 13:59:38,782 [RatisPipelineUtilsThread] INFO  pipeline.RatisPipelineProvider (RatisPipelineProvider.java:lambda$create$0(161)) - Sending CreatePipelineCommand for pipeline:PipelineID=12bd821b-026d-447a-8793-95ff074c0a89 to datanode:a5098de2-f0c4-47ec-8432-b6585c1f7fac
2020-12-03 13:59:38,782 [RatisPipelineUtilsThread] INFO  pipeline.PipelineStateManager (PipelineStateManager.java:addPipeline(54)) - Created pipeline Pipeline[ Id: 12bd821b-026d-447a-8793-95ff074c0a89, Nodes: a5098de2-f0c4-47ec-8432-b6585c1f7fac{ip: 172.17.0.2, host: 8f6ffd452453, networkLocation: /default-rack, certSerialId: null}, Type:RATIS, Factor:ONE, State:ALLOCATED, leaderId:, CreationTimestamp2020-12-03T13:59:38.782Z]
2020-12-03 13:59:38,787 [RatisPipelineUtilsThread] INFO  pipeline.RatisPipelineProvider (RatisPipelineProvider.java:lambda$create$0(161)) - Sending CreatePipelineCommand for pipeline:PipelineID=306e88bd-47e4-4ad7-970c-b08f8f3ff410 to datanode:633cfa61-a66f-4939-87ff-03de11ff39ac
2020-12-03 13:59:38,787 [RatisPipelineUtilsThread] INFO  pipeline.RatisPipelineProvider (RatisPipelineProvider.java:lambda$create$0(161)) - Sending CreatePipelineCommand for pipeline:PipelineID=306e88bd-47e4-4ad7-970c-b08f8f3ff410 to datanode:a5098de2-f0c4-47ec-8432-b6585c1f7fac
2020-12-03 13:59:38,788 [RatisPipelineUtilsThread] INFO  pipeline.RatisPipelineProvider (RatisPipelineProvider.java:lambda$create$0(161)) - Sending CreatePipelineCommand for pipeline:PipelineID=306e88bd-47e4-4ad7-970c-b08f8f3ff410 to datanode:19277de5-81fd-49d2-981e-fdfe1dd17921
2020-12-03 13:59:38,788 [RatisPipelineUtilsThread] INFO  pipeline.PipelineStateManager (PipelineStateManager.java:addPipeline(54)) - Created pipeline Pipeline[ Id: 306e88bd-47e4-4ad7-970c-b08f8f3ff410, Nodes: 633cfa61-a66f-4939-87ff-03de11ff39ac{ip: 172.17.0.2, host: 8f6ffd452453, networkLocation: /default-rack, certSerialId: null}a5098de2-f0c4-47ec-8432-b6585c1f7fac{ip: 172.17.0.2, host: 8f6ffd452453, networkLocation: /default-rack, certSerialId: null}19277de5-81fd-49d2-981e-fdfe1dd17921{ip: 172.17.0.2, host: 8f6ffd452453, networkLocation: /default-rack, certSerialId: null}, Type:RATIS, Factor:THREE, State:ALLOCATED, leaderId:, CreationTimestamp2020-12-03T13:59:38.787Z]
2020-12-03 13:59:39,766 [Listener at 127.0.0.1/10068] INFO  ozone.MiniOzoneClusterImpl (MiniOzoneClusterImpl.java:lambda$waitForClusterToBeReady$0(178)) - Nodes are ready. Got 3 of 3 DN Heartbeats.
2020-12-03 13:59:39,767 [Listener at 127.0.0.1/10068] INFO  ozone.MiniOzoneClusterImpl (MiniOzoneClusterImpl.java:lambda$waitForClusterToBeReady$0(181)) - Waiting for cluster to exit safe mode
2020-12-03 13:59:39,809 [org.apache.ratis.server.JvmPauseMonitor@30748065-Monitor] WARN  server.JvmPauseMonitor (JvmPauseMonitor.java:run(141)) - Detected pause in JVM or host machine (eg GC): pause of approximately 2ms
GC pool 'PS MarkSweep' had collection(s): count=1 time=140ms
GC pool 'PS Scavenge' had collection(s): count=1 time=33ms
2020-12-03 13:59:40,767 [Listener at 127.0.0.1/10068] INFO  ozone.MiniOzoneClusterImpl (MiniOzoneClusterImpl.java:lambda$waitForClusterToBeReady$0(178)) - Nodes are ready. Got 3 of 3 DN Heartbeats.
2020-12-03 13:59:40,767 [Listener at 127.0.0.1/10068] INFO  ozone.MiniOzoneClusterImpl (MiniOzoneClusterImpl.java:lambda$waitForClusterToBeReady$0(181)) - Waiting for cluster to exit safe mode
2020-12-03 13:59:40,809 [Command processor thread] INFO  impl.RaftServerProxy (RaftServerProxy.java:addNew(93)) - 19277de5-81fd-49d2-981e-fdfe1dd17921: addNew group-ACD25C00D1C8:[19277de5-81fd-49d2-981e-fdfe1dd17921|rpc:172.17.0.2:45089] returns group-ACD25C00D1C8:java.util.concurrent.CompletableFuture@506173b3[Not completed]
2020-12-03 13:59:40,820 [pool-67-thread-1] INFO  impl.RaftServerImpl (RaftServerImpl.java:<init>(121)) - 19277de5-81fd-49d2-981e-fdfe1dd17921: new RaftServerImpl for group-ACD25C00D1C8:[19277de5-81fd-49d2-981e-fdfe1dd17921|rpc:172.17.0.2:45089] with ContainerStateMachine:uninitialized
2020-12-03 13:59:40,820 [pool-67-thread-1] INFO  server.RaftServerConfigKeys (ConfUtils.java:logGet(44)) - raft.server.rpc.timeout.min = 5s (custom)
2020-12-03 13:59:40,820 [pool-67-thread-1] INFO  server.RaftServerConfigKeys (ConfUtils.java:logGet(44)) - raft.server.rpc.timeout.max = 5200ms (custom)
2020-12-03 13:59:40,820 [pool-67-thread-1] INFO  server.RaftServerConfigKeys (ConfUtils.java:logGet(44)) - raft.server.rpc.slowness.timeout = 300s (custom)
2020-12-03 13:59:40,820 [pool-67-thread-1] INFO  server.RaftServerConfigKeys (ConfUtils.java:logGet(44)) - raft.server.leaderelection.leader.step-down.wait-time = 10s (default)
2020-12-03 13:59:40,820 [pool-67-thread-1] INFO  server.RaftServerConfigKeys (ConfUtils.java:logGet(44)) - raft.server.sleep.deviation.threshold = 300 (default)
2020-12-03 13:59:40,821 [pool-67-thread-1] INFO  server.RaftServerConfigKeys (ConfUtils.java:logGet(44)) - raft.server.log.appender.install.snapshot.enabled = false (custom)
2020-12-03 13:59:40,821 [pool-67-thread-1] INFO  impl.RaftServerImpl (ServerState.java:<init>(104)) - 19277de5-81fd-49d2-981e-fdfe1dd17921@group-ACD25C00D1C8: ConfigurationManager, init=-1: [19277de5-81fd-49d2-981e-fdfe1dd17921|rpc:172.17.0.2:45089], old=null, confs=<EMPTY_MAP>
2020-12-03 13:59:40,821 [pool-67-thread-1] INFO  server.RaftServerConfigKeys (ConfUtils.java:logGet(44)) - raft.server.storage.dir = [/github/workspace/mnt/ozone/hadoop-ozone/integration-test/target/test-dir/MiniOzoneClusterImpl-6c8cb788-3ebf-4599-90cd-3d9ebf402ba0/datanode-0/data/ratis] (custom)
2020-12-03 13:59:40,821 [pool-67-thread-1] INFO  server.RaftServerConfigKeys (ConfUtils.java:logGet(44)) - raft.server.log.corruption.policy = EXCEPTION (default)
2020-12-03 13:59:40,821 [pool-67-thread-1] INFO  storage.RaftStorageDirectory (RaftStorageDirectory.java:analyzeStorage(261)) - The storage directory /github/workspace/mnt/ozone/hadoop-ozone/integration-test/target/test-dir/MiniOzoneClusterImpl-6c8cb788-3ebf-4599-90cd-3d9ebf402ba0/datanode-0/data/ratis/6eec1521-4002-4ddd-9f34-acd25c00d1c8 does not exist. Creating ...
2020-12-03 13:59:40,823 [pool-67-thread-1] INFO  storage.RaftStorageDirectory (RaftStorageDirectory.java:tryLock(343)) - Lock on /github/workspace/mnt/ozone/hadoop-ozone/integration-test/target/test-dir/MiniOzoneClusterImpl-6c8cb788-3ebf-4599-90cd-3d9ebf402ba0/datanode-0/data/ratis/6eec1521-4002-4ddd-9f34-acd25c00d1c8/in_use.lock acquired by nodename 10962@8f6ffd452453
2020-12-03 13:59:40,825 [pool-67-thread-1] INFO  storage.RaftStorage (RaftStorage.java:format(85)) - Storage directory /github/workspace/mnt/ozone/hadoop-ozone/integration-test/target/test-dir/MiniOzoneClusterImpl-6c8cb788-3ebf-4599-90cd-3d9ebf402ba0/datanode-0/data/ratis/6eec1521-4002-4ddd-9f34-acd25c00d1c8 has been successfully formatted.
2020-12-03 13:59:40,829 [pool-67-thread-1] INFO  ratis.ContainerStateMachine (ContainerStateMachine.java:loadSnapshot(225)) - group-ACD25C00D1C8: The snapshot info is null. Setting the last applied indexto:(t:0, i:~)
2020-12-03 13:59:40,829 [pool-67-thread-1] INFO  server.RaftServerConfigKeys (ConfUtils.java:logGet(44)) - raft.server.notification.no-leader.timeout = 300s (custom)
2020-12-03 13:59:40,829 [pool-67-thread-1] INFO  server.RaftServerConfigKeys (ConfUtils.java:logGet(44)) - raft.server.log.use.memory = false (default)
2020-12-03 13:59:40,829 [pool-67-thread-1] INFO  server.RaftServerConfigKeys (ConfUtils.java:logGet(44)) - raft.server.log.purge.gap = 1000000 (custom)
2020-12-03 13:59:40,830 [pool-67-thread-1] INFO  metrics.RatisMetrics (RatisMetrics.java:lambda$create$0(36)) - Creating Metrics Registry : ratis.log_worker.19277de5-81fd-49d2-981e-fdfe1dd17921@group-ACD25C00D1C8
2020-12-03 13:59:40,830 [pool-67-thread-1] INFO  server.RaftServerConfigKeys (ConfUtils.java:logGet(44)) - raft.server.log.appender.buffer.byte-limit = 33554432 (custom)
2020-12-03 13:59:40,830 [pool-67-thread-1] INFO  server.RaftServerConfigKeys (ConfUtils.java:logGet(44)) - raft.server.log.segment.size.max = 1048576 (custom)
2020-12-03 13:59:40,831 [pool-67-thread-1] INFO  server.RaftServerConfigKeys (ConfUtils.java:logGet(44)) - raft.server.log.segment.cache.num.max = 2 (custom)
2020-12-03 13:59:40,831 [pool-67-thread-1] INFO  segmented.SegmentedRaftLogWorker (SegmentedRaftLogWorker.java:<init>(180)) - new 19277de5-81fd-49d2-981e-fdfe1dd17921@group-ACD25C00D1C8-SegmentedRaftLogWorker for RaftStorage:Storage Directory /github/workspace/mnt/ozone/hadoop-ozone/integration-test/target/test-dir/MiniOzoneClusterImpl-6c8cb788-3ebf-4599-90cd-3d9ebf402ba0/datanode-0/data/ratis/6eec1521-4002-4ddd-9f34-acd25c00d1c8
2020-12-03 13:59:40,831 [pool-67-thread-1] INFO  server.RaftServerConfigKeys (ConfUtils.java:logGet(44)) - raft.server.log.queue.byte-limit = 2147483647 (custom)
2020-12-03 13:59:40,831 [pool-67-thread-1] INFO  server.RaftServerConfigKeys (ConfUtils.java:logGet(44)) - raft.server.log.queue.element-limit = 1024 (custom)
2020-12-03 13:59:40,831 [pool-67-thread-1] INFO  server.RaftServerConfigKeys (ConfUtils.java:logGet(44)) - raft.server.log.segment.size.max = 1048576 (custom)
2020-12-03 13:59:40,832 [pool-67-thread-1] INFO  server.RaftServerConfigKeys (ConfUtils.java:logGet(44)) - raft.server.log.preallocated.size = 16384 (custom)
2020-12-03 13:59:40,832 [pool-67-thread-1] INFO  server.RaftServerConfigKeys (ConfUtils.java:logGet(44)) - raft.server.log.write.buffer.size = 1048576 (custom)
2020-12-03 13:59:40,832 [pool-67-thread-1] INFO  server.RaftServerConfigKeys (ConfUtils.java:logGet(44)) - raft.server.log.force.sync.num = 128 (default)
2020-12-03 13:59:40,832 [pool-67-thread-1] INFO  server.RaftServerConfigKeys (ConfUtils.java:logGet(44)) - raft.server.log.statemachine.data.sync = true (default)
2020-12-03 13:59:40,832 [pool-67-thread-1] INFO  server.RaftServerConfigKeys (ConfUtils.java:logGet(44)) - raft.server.log.statemachine.data.sync.timeout = 10s (default)
2020-12-03 13:59:40,832 [pool-67-thread-1] INFO  server.RaftServerConfigKeys (ConfUtils.java:logGet(44)) - raft.server.log.statemachine.data.sync.timeout.retry = -1 (default)
2020-12-03 13:59:40,834 [pool-67-thread-1] INFO  server.RaftServerConfigKeys (ConfUtils.java:logGet(44)) - raft.server.log.statemachine.data.caching.enabled = true (custom)
2020-12-03 13:59:40,834 [pool-67-thread-1] INFO  segmented.SegmentedRaftLogWorker (SegmentedRaftLogWorker.java:lambda$new$0(129)) - 19277de5-81fd-49d2-981e-fdfe1dd17921@group-ACD25C00D1C8-SegmentedRaftLogWorker: flushIndex: setUnconditionally 0 -> -1
2020-12-03 13:59:40,835 [pool-67-thread-1] INFO  segmented.SegmentedRaftLogWorker (SegmentedRaftLogWorker.java:lambda$new$0(129)) - 19277de5-81fd-49d2-981e-fdfe1dd17921@group-ACD25C00D1C8-SegmentedRaftLogWorker: safeCacheEvictIndex: setUnconditionally 0 -> -1
2020-12-03 13:59:40,850 [pool-67-thread-1] INFO  server.RaftServerConfigKeys (ConfUtils.java:logGet(44)) - raft.server.snapshot.auto.trigger.enabled = true (custom)
2020-12-03 13:59:40,850 [pool-67-thread-1] INFO  server.RaftServerConfigKeys (ConfUtils.java:logGet(44)) - raft.server.snapshot.auto.trigger.threshold = 10000 (custom)
2020-12-03 13:59:40,850 [pool-67-thread-1] INFO  server.RaftServerConfigKeys (ConfUtils.java:logGet(44)) - raft.server.snapshot.retention.file.num = 5 (custom)
2020-12-03 13:59:40,850 [pool-67-thread-1] INFO  server.RaftServerConfigKeys (ConfUtils.java:logGet(44)) - raft.server.log.purge.upto.snapshot.index = false (default)
2020-12-03 13:59:40,850 [pool-67-thread-1] INFO  server.RaftServerConfigKeys (ConfUtils.java:logGet(44)) - raft.server.retrycache.expirytime = 600000ms (custom)
2020-12-03 13:59:40,850 [pool-67-thread-1] INFO  metrics.RatisMetrics (RatisMetrics.java:lambda$create$0(36)) - Creating Metrics Registry : ratis.leader_election.19277de5-81fd-49d2-981e-fdfe1dd17921@group-ACD25C00D1C8
2020-12-03 13:59:40,851 [pool-67-thread-1] INFO  metrics.RatisMetrics (RatisMetrics.java:lambda$create$0(36)) - Creating Metrics Registry : ratis.server.19277de5-81fd-49d2-981e-fdfe1dd17921@group-ACD25C00D1C8
2020-12-03 13:59:40,853 [pool-67-thread-1] INFO  impl.RaftServerImpl (RaftServerImpl.java:start(215)) - 19277de5-81fd-49d2-981e-fdfe1dd17921@group-ACD25C00D1C8: start as a follower, conf=-1: [19277de5-81fd-49d2-981e-fdfe1dd17921|rpc:172.17.0.2:45089], old=null
2020-12-03 13:59:40,853 [pool-67-thread-1] INFO  impl.RaftServerImpl (RaftServerImpl.java:setRole(204)) - 19277de5-81fd-49d2-981e-fdfe1dd17921@group-ACD25C00D1C8: changes role from      null to FOLLOWER at term 0 for startAsFollower
2020-12-03 13:59:40,853 [pool-67-thread-1] INFO  impl.RoleInfo (RoleInfo.java:updateAndGet(143)) - 19277de5-81fd-49d2-981e-fdfe1dd17921: start 19277de5-81fd-49d2-981e-fdfe1dd17921@group-ACD25C00D1C8-FollowerState
2020-12-03 13:59:40,863 [EventQueue-PipelineReportForOneReplicaPipelineSafeModeRule] INFO  safemode.SCMSafeModeManager (SCMSafeModeManager.java:validateSafeModeExitRules(214)) - AtleastOneDatanodeReportedRule rule is successfully validated
2020-12-03 13:59:40,863 [EventQueue-PipelineReportForPipelineReportHandler] INFO  pipeline.PipelineStateManager (PipelineStateManager.java:openPipeline(132)) - Pipeline Pipeline[ Id: 6eec1521-4002-4ddd-9f34-acd25c00d1c8, Nodes: 19277de5-81fd-49d2-981e-fdfe1dd17921{ip: 172.17.0.2, host: 8f6ffd452453, networkLocation: /default-rack, certSerialId: null}, Type:RATIS, Factor:ONE, State:ALLOCATED, leaderId:19277de5-81fd-49d2-981e-fdfe1dd17921, CreationTimestamp2020-12-03T13:59:38.048Z] moved to OPEN state
2020-12-03 13:59:40,862 [pool-67-thread-1] INFO  util.JmxRegister (JmxRegister.java:tryRegister(44)) - Successfully registered JMX Bean with object name Ratis:service=RaftServer,group=group-ACD25C00D1C8,id=19277de5-81fd-49d2-981e-fdfe1dd17921
2020-12-03 13:59:40,866 [pool-67-thread-1] INFO  metrics.RatisMetrics (RatisMetrics.java:lambda$create$0(36)) - Creating Metrics Registry : ratis.state_machine.19277de5-81fd-49d2-981e-fdfe1dd17921@group-ACD25C00D1C8
2020-12-03 13:59:40,866 [EventQueue-OpenPipelineForHealthyPipelineSafeModeRule] INFO  safemode.SCMSafeModeManager (HealthyPipelineSafeModeRule.java:process(128)) - SCM in safe mode. Healthy pipelines reported count is 0, required healthy pipeline reported count is 1
2020-12-03 13:59:40,872 [Command processor thread] INFO  commandhandler.CreatePipelineCommandHandler (CreatePipelineCommandHandler.java:handle(106)) - Created Pipeline RATIS ONE PipelineID=6eec1521-4002-4ddd-9f34-acd25c00d1c8.
2020-12-03 13:59:40,873 [Command processor thread] INFO  impl.RaftServerProxy (RaftServerProxy.java:addNew(93)) - 19277de5-81fd-49d2-981e-fdfe1dd17921: addNew group-B08F8F3FF410:[633cfa61-a66f-4939-87ff-03de11ff39ac|rpc:172.17.0.2:44639, a5098de2-f0c4-47ec-8432-b6585c1f7fac|rpc:172.17.0.2:32953, 19277de5-81fd-49d2-981e-fdfe1dd17921|rpc:172.17.0.2:45089] returns group-B08F8F3FF410:java.util.concurrent.CompletableFuture@54ce2464[Not completed]
2020-12-03 13:59:40,874 [pool-67-thread-1] INFO  impl.RaftServerImpl (RaftServerImpl.java:<init>(121)) - 19277de5-81fd-49d2-981e-fdfe1dd17921: new RaftServerImpl for group-B08F8F3FF410:[633cfa61-a66f-4939-87ff-03de11ff39ac|rpc:172.17.0.2:44639, a5098de2-f0c4-47ec-8432-b6585c1f7fac|rpc:172.17.0.2:32953, 19277de5-81fd-49d2-981e-fdfe1dd17921|rpc:172.17.0.2:45089] with ContainerStateMachine:uninitialized
2020-12-03 13:59:40,874 [pool-67-thread-1] INFO  server.RaftServerConfigKeys (ConfUtils.java:logGet(44)) - raft.server.rpc.timeout.min = 5s (custom)
2020-12-03 13:59:40,875 [pool-67-thread-1] INFO  server.RaftServerConfigKeys (ConfUtils.java:logGet(44)) - raft.server.rpc.timeout.max = 5200ms (custom)
2020-12-03 13:59:40,875 [pool-67-thread-1] INFO  server.RaftServerConfigKeys (ConfUtils.java:logGet(44)) - raft.server.rpc.slowness.timeout = 300s (custom)
2020-12-03 13:59:40,875 [pool-67-thread-1] INFO  server.RaftServerConfigKeys (ConfUtils.java:logGet(44)) - raft.server.leaderelection.leader.step-down.wait-time = 10s (default)
2020-12-03 13:59:40,875 [pool-67-thread-1] INFO  server.RaftServerConfigKeys (ConfUtils.java:logGet(44)) - raft.server.sleep.deviation.threshold = 300 (default)
2020-12-03 13:59:40,875 [pool-67-thread-1] INFO  server.RaftServerConfigKeys (ConfUtils.java:logGet(44)) - raft.server.log.appender.install.snapshot.enabled = false (custom)
2020-12-03 13:59:40,875 [pool-67-thread-1] INFO  impl.RaftServerImpl (ServerState.java:<init>(104)) - 19277de5-81fd-49d2-981e-fdfe1dd17921@group-B08F8F3FF410: ConfigurationManager, init=-1: [633cfa61-a66f-4939-87ff-03de11ff39ac|rpc:172.17.0.2:44639, a5098de2-f0c4-47ec-8432-b6585c1f7fac|rpc:172.17.0.2:32953, 19277de5-81fd-49d2-981e-fdfe1dd17921|rpc:172.17.0.2:45089], old=null, confs=<EMPTY_MAP>
2020-12-03 13:59:40,875 [pool-67-thread-1] INFO  server.RaftServerConfigKeys (ConfUtils.java:logGet(44)) - raft.server.storage.dir = [/github/workspace/mnt/ozone/hadoop-ozone/integration-test/target/test-dir/MiniOzoneClusterImpl-6c8cb788-3ebf-4599-90cd-3d9ebf402ba0/datanode-0/data/ratis] (custom)
2020-12-03 13:59:40,875 [pool-67-thread-1] INFO  server.RaftServerConfigKeys (ConfUtils.java:logGet(44)) - raft.server.log.corruption.policy = EXCEPTION (default)
2020-12-03 13:59:40,876 [pool-67-thread-1] INFO  storage.RaftStorageDirectory (RaftStorageDirectory.java:analyzeStorage(261)) - The storage directory /github/workspace/mnt/ozone/hadoop-ozone/integration-test/target/test-dir/MiniOzoneClusterImpl-6c8cb788-3ebf-4599-90cd-3d9ebf402ba0/datanode-0/data/ratis/306e88bd-47e4-4ad7-970c-b08f8f3ff410 does not exist. Creating ...
2020-12-03 13:59:40,878 [pool-67-thread-1] INFO  storage.RaftStorageDirectory (RaftStorageDirectory.java:tryLock(343)) - Lock on /github/workspace/mnt/ozone/hadoop-ozone/integration-test/target/test-dir/MiniOzoneClusterImpl-6c8cb788-3ebf-4599-90cd-3d9ebf402ba0/datanode-0/data/ratis/306e88bd-47e4-4ad7-970c-b08f8f3ff410/in_use.lock acquired by nodename 10962@8f6ffd452453
2020-12-03 13:59:40,879 [pool-67-thread-1] INFO  storage.RaftStorage (RaftStorage.java:format(85)) - Storage directory /github/workspace/mnt/ozone/hadoop-ozone/integration-test/target/test-dir/MiniOzoneClusterImpl-6c8cb788-3ebf-4599-90cd-3d9ebf402ba0/datanode-0/data/ratis/306e88bd-47e4-4ad7-970c-b08f8f3ff410 has been successfully formatted.
2020-12-03 13:59:40,890 [pool-67-thread-1] INFO  ratis.ContainerStateMachine (ContainerStateMachine.java:loadSnapshot(225)) - group-B08F8F3FF410: The snapshot info is null. Setting the last applied indexto:(t:0, i:~)
2020-12-03 13:59:40,890 [pool-67-thread-1] INFO  server.RaftServerConfigKeys (ConfUtils.java:logGet(44)) - raft.server.notification.no-leader.timeout = 300s (custom)
2020-12-03 13:59:40,890 [pool-67-thread-1] INFO  server.RaftServerConfigKeys (ConfUtils.java:logGet(44)) - raft.server.log.use.memory = false (default)
2020-12-03 13:59:40,891 [pool-67-thread-1] INFO  server.RaftServerConfigKeys (ConfUtils.java:logGet(44)) - raft.server.log.purge.gap = 1000000 (custom)
2020-12-03 13:59:40,891 [pool-67-thread-1] INFO  metrics.RatisMetrics (RatisMetrics.java:lambda$create$0(36)) - Creating Metrics Registry : ratis.log_worker.19277de5-81fd-49d2-981e-fdfe1dd17921@group-B08F8F3FF410
2020-12-03 13:59:40,891 [pool-67-thread-1] INFO  server.RaftServerConfigKeys (ConfUtils.java:logGet(44)) - raft.server.log.appender.buffer.byte-limit = 33554432 (custom)
2020-12-03 13:59:40,892 [pool-67-thread-1] INFO  server.RaftServerConfigKeys (ConfUtils.java:logGet(44)) - raft.server.log.segment.size.max = 1048576 (custom)
2020-12-03 13:59:40,893 [pool-67-thread-1] INFO  server.RaftServerConfigKeys (ConfUtils.java:logGet(44)) - raft.server.log.segment.cache.num.max = 2 (custom)
2020-12-03 13:59:40,895 [pool-67-thread-1] INFO  segmented.SegmentedRaftLogWorker (SegmentedRaftLogWorker.java:<init>(180)) - new 19277de5-81fd-49d2-981e-fdfe1dd17921@group-B08F8F3FF410-SegmentedRaftLogWorker for RaftStorage:Storage Directory /github/workspace/mnt/ozone/hadoop-ozone/integration-test/target/test-dir/MiniOzoneClusterImpl-6c8cb788-3ebf-4599-90cd-3d9ebf402ba0/datanode-0/data/ratis/306e88bd-47e4-4ad7-970c-b08f8f3ff410
2020-12-03 13:59:40,895 [pool-67-thread-1] INFO  server.RaftServerConfigKeys (ConfUtils.java:logGet(44)) - raft.server.log.queue.byte-limit = 2147483647 (custom)
2020-12-03 13:59:40,895 [pool-67-thread-1] INFO  server.RaftServerConfigKeys (ConfUtils.java:logGet(44)) - raft.server.log.queue.element-limit = 1024 (custom)
2020-12-03 13:59:40,895 [pool-67-thread-1] INFO  server.RaftServerConfigKeys (ConfUtils.java:logGet(44)) - raft.server.log.segment.size.max = 1048576 (custom)
2020-12-03 13:59:40,896 [pool-67-thread-1] INFO  server.RaftServerConfigKeys (ConfUtils.java:logGet(44)) - raft.server.log.preallocated.size = 16384 (custom)
2020-12-03 13:59:40,896 [pool-67-thread-1] INFO  server.RaftServerConfigKeys (ConfUtils.java:logGet(44)) - raft.server.log.write.buffer.size = 1048576 (custom)
2020-12-03 13:59:40,896 [pool-67-thread-1] INFO  server.RaftServerConfigKeys (ConfUtils.java:logGet(44)) - raft.server.log.force.sync.num = 128 (default)
2020-12-03 13:59:40,896 [pool-67-thread-1] INFO  server.RaftServerConfigKeys (ConfUtils.java:logGet(44)) - raft.server.log.statemachine.data.sync = true (default)
2020-12-03 13:59:40,896 [pool-67-thread-1] INFO  server.RaftServerConfigKeys (ConfUtils.java:logGet(44)) - raft.server.log.statemachine.data.sync.timeout = 10s (default)
2020-12-03 13:59:40,896 [pool-67-thread-1] INFO  server.RaftServerConfigKeys (ConfUtils.java:logGet(44)) - raft.server.log.statemachine.data.sync.timeout.retry = -1 (default)
2020-12-03 13:59:40,898 [pool-67-thread-1] INFO  server.RaftServerConfigKeys (ConfUtils.java:logGet(44)) - raft.server.log.statemachine.data.caching.enabled = true (custom)
2020-12-03 13:59:40,901 [EventQueue-PipelineReportForOneReplicaPipelineSafeModeRule] INFO  safemode.SCMSafeModeManager (SCMSafeModeManager.java:validateSafeModeExitRules(214)) - AtleastOneDatanodeReportedRule rule is successfully validated
2020-12-03 13:59:40,901 [EventQueue-OpenPipelineForHealthyPipelineSafeModeRule] INFO  safemode.SCMSafeModeManager (HealthyPipelineSafeModeRule.java:process(128)) - SCM in safe mode. Healthy pipelines reported count is 0, required healthy pipeline reported count is 1
2020-12-03 13:59:40,902 [pool-67-thread-1] INFO  segmented.SegmentedRaftLogWorker (SegmentedRaftLogWorker.java:lambda$new$0(129)) - 19277de5-81fd-49d2-981e-fdfe1dd17921@group-B08F8F3FF410-SegmentedRaftLogWorker: flushIndex: setUnconditionally 0 -> -1
2020-12-03 13:59:40,902 [pool-67-thread-1] INFO  segmented.SegmentedRaftLogWorker (SegmentedRaftLogWorker.java:lambda$new$0(129)) - 19277de5-81fd-49d2-981e-fdfe1dd17921@group-B08F8F3FF410-SegmentedRaftLogWorker: safeCacheEvictIndex: setUnconditionally 0 -> -1
2020-12-03 13:59:40,905 [pool-67-thread-1] INFO  server.RaftServerConfigKeys (ConfUtils.java:logGet(44)) - raft.server.snapshot.auto.trigger.enabled = true (custom)
2020-12-03 13:59:40,905 [pool-67-thread-1] INFO  server.RaftServerConfigKeys (ConfUtils.java:logGet(44)) - raft.server.snapshot.auto.trigger.threshold = 10000 (custom)
2020-12-03 13:59:40,905 [pool-67-thread-1] INFO  server.RaftServerConfigKeys (ConfUtils.java:logGet(44)) - raft.server.snapshot.retention.file.num = 5 (custom)
2020-12-03 13:59:40,906 [pool-67-thread-1] INFO  server.RaftServerConfigKeys (ConfUtils.java:logGet(44)) - raft.server.log.purge.upto.snapshot.index = false (default)
2020-12-03 13:59:40,906 [pool-67-thread-1] INFO  server.RaftServerConfigKeys (ConfUtils.java:logGet(44)) - raft.server.retrycache.expirytime = 600000ms (custom)
2020-12-03 13:59:40,906 [pool-67-thread-1] INFO  metrics.RatisMetrics (RatisMetrics.java:lambda$create$0(36)) - Creating Metrics Registry : ratis.leader_election.19277de5-81fd-49d2-981e-fdfe1dd17921@group-B08F8F3FF410
2020-12-03 13:59:40,907 [pool-67-thread-1] INFO  metrics.RatisMetrics (RatisMetrics.java:lambda$create$0(36)) - Creating Metrics Registry : ratis.server.19277de5-81fd-49d2-981e-fdfe1dd17921@group-B08F8F3FF410
2020-12-03 13:59:40,909 [pool-67-thread-1] INFO  impl.RaftServerImpl (RaftServerImpl.java:start(215)) - 19277de5-81fd-49d2-981e-fdfe1dd17921@group-B08F8F3FF410: start as a follower, conf=-1: [633cfa61-a66f-4939-87ff-03de11ff39ac|rpc:172.17.0.2:44639, a5098de2-f0c4-47ec-8432-b6585c1f7fac|rpc:172.17.0.2:32953, 19277de5-81fd-49d2-981e-fdfe1dd17921|rpc:172.17.0.2:45089], old=null
2020-12-03 13:59:40,910 [pool-67-thread-1] INFO  impl.RaftServerImpl (RaftServerImpl.java:setRole(204)) - 19277de5-81fd-49d2-981e-fdfe1dd17921@group-B08F8F3FF410: changes role from      null to FOLLOWER at term 0 for startAsFollower
2020-12-03 13:59:40,910 [pool-67-thread-1] INFO  impl.RoleInfo (RoleInfo.java:updateAndGet(143)) - 19277de5-81fd-49d2-981e-fdfe1dd17921: start 19277de5-81fd-49d2-981e-fdfe1dd17921@group-B08F8F3FF410-FollowerState
2020-12-03 13:59:40,910 [pool-67-thread-1] INFO  util.JmxRegister (JmxRegister.java:tryRegister(44)) - Successfully registered JMX Bean with object name Ratis:service=RaftServer,group=group-B08F8F3FF410,id=19277de5-81fd-49d2-981e-fdfe1dd17921
2020-12-03 13:59:40,910 [pool-67-thread-1] INFO  metrics.RatisMetrics (RatisMetrics.java:lambda$create$0(36)) - Creating Metrics Registry : ratis.state_machine.19277de5-81fd-49d2-981e-fdfe1dd17921@group-B08F8F3FF410
2020-12-03 13:59:40,943 [Command processor thread] INFO  metrics.RatisMetrics (RatisMetrics.java:lambda$create$0(36)) - Creating Metrics Registry : ratis.client_message_metrics.client-A603B44AF4D7->633cfa61-a66f-4939-87ff-03de11ff39ac
2020-12-03 13:59:40,964 [grpc-default-executor-2] INFO  metrics.RatisMetrics (RatisMetrics.java:lambda$create$0(36)) - Creating Metrics Registry : ratis.server_message_metrics.633cfa61-a66f-4939-87ff-03de11ff39ac
2020-12-03 13:59:40,969 [grpc-default-executor-2] INFO  impl.RaftServerProxy (RaftServerProxy.java:addNew(93)) - 633cfa61-a66f-4939-87ff-03de11ff39ac: addNew group-B08F8F3FF410:[633cfa61-a66f-4939-87ff-03de11ff39ac|rpc:172.17.0.2:44639|dataStream:, a5098de2-f0c4-47ec-8432-b6585c1f7fac|rpc:172.17.0.2:32953|dataStream:, 19277de5-81fd-49d2-981e-fdfe1dd17921|rpc:172.17.0.2:45089|dataStream:] returns group-B08F8F3FF410:java.util.concurrent.CompletableFuture@42549e54[Not completed]
2020-12-03 13:59:40,974 [pool-82-thread-1] INFO  impl.RaftServerImpl (RaftServerImpl.java:<init>(121)) - 633cfa61-a66f-4939-87ff-03de11ff39ac: new RaftServerImpl for group-B08F8F3FF410:[633cfa61-a66f-4939-87ff-03de11ff39ac|rpc:172.17.0.2:44639|dataStream:, a5098de2-f0c4-47ec-8432-b6585c1f7fac|rpc:172.17.0.2:32953|dataStream:, 19277de5-81fd-49d2-981e-fdfe1dd17921|rpc:172.17.0.2:45089|dataStream:] with ContainerStateMachine:uninitialized
2020-12-03 13:59:40,975 [pool-82-thread-1] INFO  server.RaftServerConfigKeys (ConfUtils.java:logGet(44)) - raft.server.rpc.timeout.min = 5s (custom)
2020-12-03 13:59:40,975 [pool-82-thread-1] INFO  server.RaftServerConfigKeys (ConfUtils.java:logGet(44)) - raft.server.rpc.timeout.max = 5200ms (custom)
2020-12-03 13:59:40,975 [pool-82-thread-1] INFO  server.RaftServerConfigKeys (ConfUtils.java:logGet(44)) - raft.server.rpc.slowness.timeout = 300s (custom)
2020-12-03 13:59:40,975 [pool-82-thread-1] INFO  server.RaftServerConfigKeys (ConfUtils.java:logGet(44)) - raft.server.leaderelection.leader.step-down.wait-time = 10s (default)
2020-12-03 13:59:40,975 [pool-82-thread-1] INFO  server.RaftServerConfigKeys (ConfUtils.java:logGet(44)) - raft.server.sleep.deviation.threshold = 300 (default)
2020-12-03 13:59:40,975 [pool-82-thread-1] INFO  server.RaftServerConfigKeys (ConfUtils.java:logGet(44)) - raft.server.log.appender.install.snapshot.enabled = false (custom)
2020-12-03 13:59:40,975 [pool-82-thread-1] INFO  impl.RaftServerImpl (ServerState.java:<init>(104)) - 633cfa61-a66f-4939-87ff-03de11ff39ac@group-B08F8F3FF410: ConfigurationManager, init=-1: [633cfa61-a66f-4939-87ff-03de11ff39ac|rpc:172.17.0.2:44639|dataStream:, a5098de2-f0c4-47ec-8432-b6585c1f7fac|rpc:172.17.0.2:32953|dataStream:, 19277de5-81fd-49d2-981e-fdfe1dd17921|rpc:172.17.0.2:45089|dataStream:], old=null, confs=<EMPTY_MAP>
2020-12-03 13:59:40,975 [pool-82-thread-1] INFO  server.RaftServerConfigKeys (ConfUtils.java:logGet(44)) - raft.server.storage.dir = [/github/workspace/mnt/ozone/hadoop-ozone/integration-test/target/test-dir/MiniOzoneClusterImpl-6c8cb788-3ebf-4599-90cd-3d9ebf402ba0/datanode-1/data/ratis] (custom)
2020-12-03 13:59:40,976 [pool-82-thread-1] INFO  server.RaftServerConfigKeys (ConfUtils.java:logGet(44)) - raft.server.log.corruption.policy = EXCEPTION (default)
2020-12-03 13:59:40,976 [pool-82-thread-1] INFO  storage.RaftStorageDirectory (RaftStorageDirectory.java:analyzeStorage(261)) - The storage directory /github/workspace/mnt/ozone/hadoop-ozone/integration-test/target/test-dir/MiniOzoneClusterImpl-6c8cb788-3ebf-4599-90cd-3d9ebf402ba0/datanode-1/data/ratis/306e88bd-47e4-4ad7-970c-b08f8f3ff410 does not exist. Creating ...
2020-12-03 13:59:40,977 [pool-82-thread-1] INFO  storage.RaftStorageDirectory (RaftStorageDirectory.java:tryLock(343)) - Lock on /github/workspace/mnt/ozone/hadoop-ozone/integration-test/target/test-dir/MiniOzoneClusterImpl-6c8cb788-3ebf-4599-90cd-3d9ebf402ba0/datanode-1/data/ratis/306e88bd-47e4-4ad7-970c-b08f8f3ff410/in_use.lock acquired by nodename 10962@8f6ffd452453
2020-12-03 13:59:40,978 [pool-82-thread-1] INFO  storage.RaftStorage (RaftStorage.java:format(85)) - Storage directory /github/workspace/mnt/ozone/hadoop-ozone/integration-test/target/test-dir/MiniOzoneClusterImpl-6c8cb788-3ebf-4599-90cd-3d9ebf402ba0/datanode-1/data/ratis/306e88bd-47e4-4ad7-970c-b08f8f3ff410 has been successfully formatted.
2020-12-03 13:59:40,979 [pool-82-thread-1] INFO  ratis.ContainerStateMachine (ContainerStateMachine.java:loadSnapshot(225)) - group-B08F8F3FF410: The snapshot info is null. Setting the last applied indexto:(t:0, i:~)
2020-12-03 13:59:40,984 [pool-82-thread-1] INFO  server.RaftServerConfigKeys (ConfUtils.java:logGet(44)) - raft.server.notification.no-leader.timeout = 300s (custom)
2020-12-03 13:59:40,985 [pool-82-thread-1] INFO  server.RaftServerConfigKeys (ConfUtils.java:logGet(44)) - raft.server.log.use.memory = false (default)
2020-12-03 13:59:40,985 [pool-82-thread-1] INFO  server.RaftServerConfigKeys (ConfUtils.java:logGet(44)) - raft.server.log.purge.gap = 1000000 (custom)
2020-12-03 13:59:40,985 [pool-82-thread-1] INFO  metrics.RatisMetrics (RatisMetrics.java:lambda$create$0(36)) - Creating Metrics Registry : ratis.log_worker.633cfa61-a66f-4939-87ff-03de11ff39ac@group-B08F8F3FF410
2020-12-03 13:59:40,983 [EventQueue-PipelineReportForOneReplicaPipelineSafeModeRule] INFO  safemode.SCMSafeModeManager (SCMSafeModeManager.java:validateSafeModeExitRules(214)) - AtleastOneDatanodeReportedRule rule is successfully validated
2020-12-03 13:59:40,985 [pool-82-thread-1] INFO  server.RaftServerConfigKeys (ConfUtils.java:logGet(44)) - raft.server.log.appender.buffer.byte-limit = 33554432 (custom)
2020-12-03 13:59:40,986 [pool-82-thread-1] INFO  server.RaftServerConfigKeys (ConfUtils.java:logGet(44)) - raft.server.log.segment.size.max = 1048576 (custom)
2020-12-03 13:59:40,988 [pool-82-thread-1] INFO  server.RaftServerConfigKeys (ConfUtils.java:logGet(44)) - raft.server.log.segment.cache.num.max = 2 (custom)
2020-12-03 13:59:40,988 [pool-82-thread-1] INFO  segmented.SegmentedRaftLogWorker (SegmentedRaftLogWorker.java:<init>(180)) - new 633cfa61-a66f-4939-87ff-03de11ff39ac@group-B08F8F3FF410-SegmentedRaftLogWorker for RaftStorage:Storage Directory /github/workspace/mnt/ozone/hadoop-ozone/integration-test/target/test-dir/MiniOzoneClusterImpl-6c8cb788-3ebf-4599-90cd-3d9ebf402ba0/datanode-1/data/ratis/306e88bd-47e4-4ad7-970c-b08f8f3ff410
2020-12-03 13:59:40,988 [pool-82-thread-1] INFO  server.RaftServerConfigKeys (ConfUtils.java:logGet(44)) - raft.server.log.queue.byte-limit = 2147483647 (custom)
2020-12-03 13:59:40,988 [pool-82-thread-1] INFO  server.RaftServerConfigKeys (ConfUtils.java:logGet(44)) - raft.server.log.queue.element-limit = 1024 (custom)
2020-12-03 13:59:40,988 [pool-82-thread-1] INFO  server.RaftServerConfigKeys (ConfUtils.java:logGet(44)) - raft.server.log.segment.size.max = 1048576 (custom)
2020-12-03 13:59:40,989 [pool-82-thread-1] INFO  server.RaftServerConfigKeys (ConfUtils.java:logGet(44)) - raft.server.log.preallocated.size = 16384 (custom)
2020-12-03 13:59:40,989 [pool-82-thread-1] INFO  server.RaftServerConfigKeys (ConfUtils.java:logGet(44)) - raft.server.log.write.buffer.size = 1048576 (custom)
2020-12-03 13:59:40,989 [pool-82-thread-1] INFO  server.RaftServerConfigKeys (ConfUtils.java:logGet(44)) - raft.server.log.force.sync.num = 128 (default)
2020-12-03 13:59:40,989 [pool-82-thread-1] INFO  server.RaftServerConfigKeys (ConfUtils.java:logGet(44)) - raft.server.log.statemachine.data.sync = true (default)
2020-12-03 13:59:40,989 [pool-82-thread-1] INFO  server.RaftServerConfigKeys (ConfUtils.java:logGet(44)) - raft.server.log.statemachine.data.sync.timeout = 10s (default)
2020-12-03 13:59:40,989 [pool-82-thread-1] INFO  server.RaftServerConfigKeys (ConfUtils.java:logGet(44)) - raft.server.log.statemachine.data.sync.timeout.retry = -1 (default)
2020-12-03 13:59:40,991 [pool-82-thread-1] INFO  server.RaftServerConfigKeys (ConfUtils.java:logGet(44)) - raft.server.log.statemachine.data.caching.enabled = true (custom)
2020-12-03 13:59:40,991 [pool-82-thread-1] INFO  segmented.SegmentedRaftLogWorker (SegmentedRaftLogWorker.java:lambda$new$0(129)) - 633cfa61-a66f-4939-87ff-03de11ff39ac@group-B08F8F3FF410-SegmentedRaftLogWorker: flushIndex: setUnconditionally 0 -> -1
2020-12-03 13:59:40,991 [pool-82-thread-1] INFO  segmented.SegmentedRaftLogWorker (SegmentedRaftLogWorker.java:lambda$new$0(129)) - 633cfa61-a66f-4939-87ff-03de11ff39ac@group-B08F8F3FF410-SegmentedRaftLogWorker: safeCacheEvictIndex: setUnconditionally 0 -> -1
2020-12-03 13:59:40,992 [pool-82-thread-1] INFO  server.RaftServerConfigKeys (ConfUtils.java:logGet(44)) - raft.server.snapshot.auto.trigger.enabled = true (custom)
2020-12-03 13:59:40,992 [pool-82-thread-1] INFO  server.RaftServerConfigKeys (ConfUtils.java:logGet(44)) - raft.server.snapshot.auto.trigger.threshold = 10000 (custom)
2020-12-03 13:59:40,992 [pool-82-thread-1] INFO  server.RaftServerConfigKeys (ConfUtils.java:logGet(44)) - raft.server.snapshot.retention.file.num = 5 (custom)
2020-12-03 13:59:40,992 [pool-82-thread-1] INFO  server.RaftServerConfigKeys (ConfUtils.java:logGet(44)) - raft.server.log.purge.upto.snapshot.index = false (default)
2020-12-03 13:59:40,992 [pool-82-thread-1] INFO  server.RaftServerConfigKeys (ConfUtils.java:logGet(44)) - raft.server.retrycache.expirytime = 600000ms (custom)
2020-12-03 13:59:40,992 [pool-82-thread-1] INFO  metrics.RatisMetrics (RatisMetrics.java:lambda$create$0(36)) - Creating Metrics Registry : ratis.leader_election.633cfa61-a66f-4939-87ff-03de11ff39ac@group-B08F8F3FF410
2020-12-03 13:59:40,993 [pool-82-thread-1] INFO  metrics.RatisMetrics (RatisMetrics.java:lambda$create$0(36)) - Creating Metrics Registry : ratis.server.633cfa61-a66f-4939-87ff-03de11ff39ac@group-B08F8F3FF410
2020-12-03 13:59:40,994 [pool-82-thread-1] INFO  impl.RaftServerImpl (RaftServerImpl.java:start(215)) - 633cfa61-a66f-4939-87ff-03de11ff39ac@group-B08F8F3FF410: start as a follower, conf=-1: [633cfa61-a66f-4939-87ff-03de11ff39ac|rpc:172.17.0.2:44639|dataStream:, a5098de2-f0c4-47ec-8432-b6585c1f7fac|rpc:172.17.0.2:32953|dataStream:, 19277de5-81fd-49d2-981e-fdfe1dd17921|rpc:172.17.0.2:45089|dataStream:], old=null
2020-12-03 13:59:40,994 [pool-82-thread-1] INFO  impl.RaftServerImpl (RaftServerImpl.java:setRole(204)) - 633cfa61-a66f-4939-87ff-03de11ff39ac@group-B08F8F3FF410: changes role from      null to FOLLOWER at term 0 for startAsFollower
2020-12-03 13:59:40,994 [pool-82-thread-1] INFO  impl.RoleInfo (RoleInfo.java:updateAndGet(143)) - 633cfa61-a66f-4939-87ff-03de11ff39ac: start 633cfa61-a66f-4939-87ff-03de11ff39ac@group-B08F8F3FF410-FollowerState
2020-12-03 13:59:40,995 [pool-82-thread-1] INFO  util.JmxRegister (JmxRegister.java:tryRegister(44)) - Successfully registered JMX Bean with object name Ratis:service=RaftServer,group=group-B08F8F3FF410,id=633cfa61-a66f-4939-87ff-03de11ff39ac
2020-12-03 13:59:40,995 [pool-82-thread-1] INFO  metrics.RatisMetrics (RatisMetrics.java:lambda$create$0(36)) - Creating Metrics Registry : ratis.state_machine.633cfa61-a66f-4939-87ff-03de11ff39ac@group-B08F8F3FF410
2020-12-03 13:59:41,020 [Command processor thread] INFO  metrics.RatisMetrics (RatisMetrics.java:lambda$create$0(36)) - Creating Metrics Registry : ratis.client_message_metrics.client-099B838A0558->a5098de2-f0c4-47ec-8432-b6585c1f7fac
2020-12-03 13:59:41,028 [grpc-default-executor-2] INFO  metrics.RatisMetrics (RatisMetrics.java:lambda$create$0(36)) - Creating Metrics Registry : ratis.server_message_metrics.a5098de2-f0c4-47ec-8432-b6585c1f7fac
2020-12-03 13:59:41,037 [grpc-default-executor-2] INFO  impl.RaftServerProxy (RaftServerProxy.java:addNew(93)) - a5098de2-f0c4-47ec-8432-b6585c1f7fac: addNew group-B08F8F3FF410:[633cfa61-a66f-4939-87ff-03de11ff39ac|rpc:172.17.0.2:44639|dataStream:, a5098de2-f0c4-47ec-8432-b6585c1f7fac|rpc:172.17.0.2:32953|dataStream:, 19277de5-81fd-49d2-981e-fdfe1dd17921|rpc:172.17.0.2:45089|dataStream:] returns group-B08F8F3FF410:java.util.concurrent.CompletableFuture@b53f2ee[Not completed]
2020-12-03 13:59:41,043 [pool-99-thread-1] INFO  impl.RaftServerImpl (RaftServerImpl.java:<init>(121)) - a5098de2-f0c4-47ec-8432-b6585c1f7fac: new RaftServerImpl for group-B08F8F3FF410:[633cfa61-a66f-4939-87ff-03de11ff39ac|rpc:172.17.0.2:44639|dataStream:, a5098de2-f0c4-47ec-8432-b6585c1f7fac|rpc:172.17.0.2:32953|dataStream:, 19277de5-81fd-49d2-981e-fdfe1dd17921|rpc:172.17.0.2:45089|dataStream:] with ContainerStateMachine:uninitialized
2020-12-03 13:59:41,043 [pool-99-thread-1] INFO  server.RaftServerConfigKeys (ConfUtils.java:logGet(44)) - raft.server.rpc.timeout.min = 5s (custom)
2020-12-03 13:59:41,043 [pool-99-thread-1] INFO  server.RaftServerConfigKeys (ConfUtils.java:logGet(44)) - raft.server.rpc.timeout.max = 5200ms (custom)
2020-12-03 13:59:41,043 [pool-99-thread-1] INFO  server.RaftServerConfigKeys (ConfUtils.java:logGet(44)) - raft.server.rpc.slowness.timeout = 300s (custom)
2020-12-03 13:59:41,044 [pool-99-thread-1] INFO  server.RaftServerConfigKeys (ConfUtils.java:logGet(44)) - raft.server.leaderelection.leader.step-down.wait-time = 10s (default)
2020-12-03 13:59:41,044 [pool-99-thread-1] INFO  server.RaftServerConfigKeys (ConfUtils.java:logGet(44)) - raft.server.sleep.deviation.threshold = 300 (default)
2020-12-03 13:59:41,045 [pool-99-thread-1] INFO  server.RaftServerConfigKeys (ConfUtils.java:logGet(44)) - raft.server.log.appender.install.snapshot.enabled = false (custom)
2020-12-03 13:59:41,045 [pool-99-thread-1] INFO  impl.RaftServerImpl (ServerState.java:<init>(104)) - a5098de2-f0c4-47ec-8432-b6585c1f7fac@group-B08F8F3FF410: ConfigurationManager, init=-1: [633cfa61-a66f-4939-87ff-03de11ff39ac|rpc:172.17.0.2:44639|dataStream:, a5098de2-f0c4-47ec-8432-b6585c1f7fac|rpc:172.17.0.2:32953|dataStream:, 19277de5-81fd-49d2-981e-fdfe1dd17921|rpc:172.17.0.2:45089|dataStream:], old=null, confs=<EMPTY_MAP>
2020-12-03 13:59:41,045 [pool-99-thread-1] INFO  server.RaftServerConfigKeys (ConfUtils.java:logGet(44)) - raft.server.storage.dir = [/github/workspace/mnt/ozone/hadoop-ozone/integration-test/target/test-dir/MiniOzoneClusterImpl-6c8cb788-3ebf-4599-90cd-3d9ebf402ba0/datanode-2/data/ratis] (custom)
2020-12-03 13:59:41,045 [pool-99-thread-1] INFO  server.RaftServerConfigKeys (ConfUtils.java:logGet(44)) - raft.server.log.corruption.policy = EXCEPTION (default)
2020-12-03 13:59:41,048 [pool-99-thread-1] INFO  storage.RaftStorageDirectory (RaftStorageDirectory.java:analyzeStorage(261)) - The storage directory /github/workspace/mnt/ozone/hadoop-ozone/integration-test/target/test-dir/MiniOzoneClusterImpl-6c8cb788-3ebf-4599-90cd-3d9ebf402ba0/datanode-2/data/ratis/306e88bd-47e4-4ad7-970c-b08f8f3ff410 does not exist. Creating ...
2020-12-03 13:59:41,050 [pool-99-thread-1] INFO  storage.RaftStorageDirectory (RaftStorageDirectory.java:tryLock(343)) - Lock on /github/workspace/mnt/ozone/hadoop-ozone/integration-test/target/test-dir/MiniOzoneClusterImpl-6c8cb788-3ebf-4599-90cd-3d9ebf402ba0/datanode-2/data/ratis/306e88bd-47e4-4ad7-970c-b08f8f3ff410/in_use.lock acquired by nodename 10962@8f6ffd452453
2020-12-03 13:59:41,052 [pool-99-thread-1] INFO  storage.RaftStorage (RaftStorage.java:format(85)) - Storage directory /github/workspace/mnt/ozone/hadoop-ozone/integration-test/target/test-dir/MiniOzoneClusterImpl-6c8cb788-3ebf-4599-90cd-3d9ebf402ba0/datanode-2/data/ratis/306e88bd-47e4-4ad7-970c-b08f8f3ff410 has been successfully formatted.
2020-12-03 13:59:41,057 [EventQueue-PipelineReportForOneReplicaPipelineSafeModeRule] INFO  safemode.SCMSafeModeManager (SCMSafeModeManager.java:validateSafeModeExitRules(214)) - AtleastOneDatanodeReportedRule rule is successfully validated
2020-12-03 13:59:41,056 [pool-99-thread-1] INFO  ratis.ContainerStateMachine (ContainerStateMachine.java:loadSnapshot(225)) - group-B08F8F3FF410: The snapshot info is null. Setting the last applied indexto:(t:0, i:~)
2020-12-03 13:59:41,058 [pool-99-thread-1] INFO  server.RaftServerConfigKeys (ConfUtils.java:logGet(44)) - raft.server.notification.no-leader.timeout = 300s (custom)
2020-12-03 13:59:41,058 [pool-99-thread-1] INFO  server.RaftServerConfigKeys (ConfUtils.java:logGet(44)) - raft.server.log.use.memory = false (default)
2020-12-03 13:59:41,058 [pool-99-thread-1] INFO  server.RaftServerConfigKeys (ConfUtils.java:logGet(44)) - raft.server.log.purge.gap = 1000000 (custom)
2020-12-03 13:59:41,058 [pool-99-thread-1] INFO  metrics.RatisMetrics (RatisMetrics.java:lambda$create$0(36)) - Creating Metrics Registry : ratis.log_worker.a5098de2-f0c4-47ec-8432-b6585c1f7fac@group-B08F8F3FF410
2020-12-03 13:59:41,058 [pool-99-thread-1] INFO  server.RaftServerConfigKeys (ConfUtils.java:logGet(44)) - raft.server.log.appender.buffer.byte-limit = 33554432 (custom)
2020-12-03 13:59:41,058 [pool-99-thread-1] INFO  server.RaftServerConfigKeys (ConfUtils.java:logGet(44)) - raft.server.log.segment.size.max = 1048576 (custom)
2020-12-03 13:59:41,059 [pool-99-thread-1] INFO  server.RaftServerConfigKeys (ConfUtils.java:logGet(44)) - raft.server.log.segment.cache.num.max = 2 (custom)
2020-12-03 13:59:41,059 [pool-99-thread-1] INFO  segmented.SegmentedRaftLogWorker (SegmentedRaftLogWorker.java:<init>(180)) - new a5098de2-f0c4-47ec-8432-b6585c1f7fac@group-B08F8F3FF410-SegmentedRaftLogWorker for RaftStorage:Storage Directory /github/workspace/mnt/ozone/hadoop-ozone/integration-test/target/test-dir/MiniOzoneClusterImpl-6c8cb788-3ebf-4599-90cd-3d9ebf402ba0/datanode-2/data/ratis/306e88bd-47e4-4ad7-970c-b08f8f3ff410
2020-12-03 13:59:41,059 [pool-99-thread-1] INFO  server.RaftServerConfigKeys (ConfUtils.java:logGet(44)) - raft.server.log.queue.byte-limit = 2147483647 (custom)
2020-12-03 13:59:41,059 [pool-99-thread-1] INFO  server.RaftServerConfigKeys (ConfUtils.java:logGet(44)) - raft.server.log.queue.element-limit = 1024 (custom)
2020-12-03 13:59:41,059 [pool-99-thread-1] INFO  server.RaftServerConfigKeys (ConfUtils.java:logGet(44)) - raft.server.log.segment.size.max = 1048576 (custom)
2020-12-03 13:59:41,059 [pool-99-thread-1] INFO  server.RaftServerConfigKeys (ConfUtils.java:logGet(44)) - raft.server.log.preallocated.size = 16384 (custom)
2020-12-03 13:59:41,059 [pool-99-thread-1] INFO  server.RaftServerConfigKeys (ConfUtils.java:logGet(44)) - raft.server.log.write.buffer.size = 1048576 (custom)
2020-12-03 13:59:41,059 [pool-99-thread-1] INFO  server.RaftServerConfigKeys (ConfUtils.java:logGet(44)) - raft.server.log.force.sync.num = 128 (default)
2020-12-03 13:59:41,059 [pool-99-thread-1] INFO  server.RaftServerConfigKeys (ConfUtils.java:logGet(44)) - raft.server.log.statemachine.data.sync = true (default)
2020-12-03 13:59:41,060 [pool-99-thread-1] INFO  server.RaftServerConfigKeys (ConfUtils.java:logGet(44)) - raft.server.log.statemachine.data.sync.timeout = 10s (default)
2020-12-03 13:59:41,060 [pool-99-thread-1] INFO  server.RaftServerConfigKeys (ConfUtils.java:logGet(44)) - raft.server.log.statemachine.data.sync.timeout.retry = -1 (default)
2020-12-03 13:59:41,062 [pool-99-thread-1] INFO  server.RaftServerConfigKeys (ConfUtils.java:logGet(44)) - raft.server.log.statemachine.data.caching.enabled = true (custom)
2020-12-03 13:59:41,062 [pool-99-thread-1] INFO  segmented.SegmentedRaftLogWorker (SegmentedRaftLogWorker.java:lambda$new$0(129)) - a5098de2-f0c4-47ec-8432-b6585c1f7fac@group-B08F8F3FF410-SegmentedRaftLogWorker: flushIndex: setUnconditionally 0 -> -1
2020-12-03 13:59:41,062 [pool-99-thread-1] INFO  segmented.SegmentedRaftLogWorker (SegmentedRaftLogWorker.java:lambda$new$0(129)) - a5098de2-f0c4-47ec-8432-b6585c1f7fac@group-B08F8F3FF410-SegmentedRaftLogWorker: safeCacheEvictIndex: setUnconditionally 0 -> -1
2020-12-03 13:59:41,062 [pool-99-thread-1] INFO  server.RaftServerConfigKeys (ConfUtils.java:logGet(44)) - raft.server.snapshot.auto.trigger.enabled = true (custom)
2020-12-03 13:59:41,062 [pool-99-thread-1] INFO  server.RaftServerConfigKeys (ConfUtils.java:logGet(44)) - raft.server.snapshot.auto.trigger.threshold = 10000 (custom)
2020-12-03 13:59:41,063 [pool-99-thread-1] INFO  server.RaftServerConfigKeys (ConfUtils.java:logGet(44)) - raft.server.snapshot.retention.file.num = 5 (custom)
2020-12-03 13:59:41,063 [pool-99-thread-1] INFO  server.RaftServerConfigKeys (ConfUtils.java:logGet(44)) - raft.server.log.purge.upto.snapshot.index = false (default)
2020-12-03 13:59:41,063 [pool-99-thread-1] INFO  server.RaftServerConfigKeys (ConfUtils.java:logGet(44)) - raft.server.retrycache.expirytime = 600000ms (custom)
2020-12-03 13:59:41,063 [pool-99-thread-1] INFO  metrics.RatisMetrics (RatisMetrics.java:lambda$create$0(36)) - Creating Metrics Registry : ratis.leader_election.a5098de2-f0c4-47ec-8432-b6585c1f7fac@group-B08F8F3FF410
2020-12-03 13:59:41,063 [pool-99-thread-1] INFO  metrics.RatisMetrics (RatisMetrics.java:lambda$create$0(36)) - Creating Metrics Registry : ratis.server.a5098de2-f0c4-47ec-8432-b6585c1f7fac@group-B08F8F3FF410
2020-12-03 13:59:41,064 [pool-99-thread-1] INFO  impl.RaftServerImpl (RaftServerImpl.java:start(215)) - a5098de2-f0c4-47ec-8432-b6585c1f7fac@group-B08F8F3FF410: start as a follower, conf=-1: [633cfa61-a66f-4939-87ff-03de11ff39ac|rpc:172.17.0.2:44639|dataStream:, a5098de2-f0c4-47ec-8432-b6585c1f7fac|rpc:172.17.0.2:32953|dataStream:, 19277de5-81fd-49d2-981e-fdfe1dd17921|rpc:172.17.0.2:45089|dataStream:], old=null
2020-12-03 13:59:41,064 [pool-99-thread-1] INFO  impl.RaftServerImpl (RaftServerImpl.java:setRole(204)) - a5098de2-f0c4-47ec-8432-b6585c1f7fac@group-B08F8F3FF410: changes role from      null to FOLLOWER at term 0 for startAsFollower
2020-12-03 13:59:41,064 [pool-99-thread-1] INFO  impl.RoleInfo (RoleInfo.java:updateAndGet(143)) - a5098de2-f0c4-47ec-8432-b6585c1f7fac: start a5098de2-f0c4-47ec-8432-b6585c1f7fac@group-B08F8F3FF410-FollowerState
2020-12-03 13:59:41,071 [pool-99-thread-1] INFO  util.JmxRegister (JmxRegister.java:tryRegister(44)) - Successfully registered JMX Bean with object name Ratis:service=RaftServer,group=group-B08F8F3FF410,id=a5098de2-f0c4-47ec-8432-b6585c1f7fac
2020-12-03 13:59:41,071 [pool-99-thread-1] INFO  metrics.RatisMetrics (RatisMetrics.java:lambda$create$0(36)) - Creating Metrics Registry : ratis.state_machine.a5098de2-f0c4-47ec-8432-b6585c1f7fac@group-B08F8F3FF410
2020-12-03 13:59:41,079 [Command processor thread] INFO  commandhandler.CreatePipelineCommandHandler (CreatePipelineCommandHandler.java:handle(106)) - Created Pipeline RATIS THREE PipelineID=306e88bd-47e4-4ad7-970c-b08f8f3ff410.
2020-12-03 13:59:41,446 [Command processor thread] INFO  impl.RaftServerProxy (RaftServerProxy.java:addNew(93)) - 633cfa61-a66f-4939-87ff-03de11ff39ac: addNew group-A3B5EF21724C:[633cfa61-a66f-4939-87ff-03de11ff39ac|rpc:172.17.0.2:44639] returns group-A3B5EF21724C:java.util.concurrent.CompletableFuture@2d2cbe46[Not completed]
2020-12-03 13:59:41,447 [pool-82-thread-1] INFO  impl.RaftServerImpl (RaftServerImpl.java:<init>(121)) - 633cfa61-a66f-4939-87ff-03de11ff39ac: new RaftServerImpl for group-A3B5EF21724C:[633cfa61-a66f-4939-87ff-03de11ff39ac|rpc:172.17.0.2:44639] with ContainerStateMachine:uninitialized
2020-12-03 13:59:41,448 [pool-82-thread-1] INFO  server.RaftServerConfigKeys (ConfUtils.java:logGet(44)) - raft.server.rpc.timeout.min = 5s (custom)
2020-12-03 13:59:41,448 [pool-82-thread-1] INFO  server.RaftServerConfigKeys (ConfUtils.java:logGet(44)) - raft.server.rpc.timeout.max = 5200ms (custom)
2020-12-03 13:59:41,448 [pool-82-thread-1] INFO  server.RaftServerConfigKeys (ConfUtils.java:logGet(44)) - raft.server.rpc.slowness.timeout = 300s (custom)
2020-12-03 13:59:41,448 [pool-82-thread-1] INFO  server.RaftServerConfigKeys (ConfUtils.java:logGet(44)) - raft.server.leaderelection.leader.step-down.wait-time = 10s (default)
2020-12-03 13:59:41,448 [pool-82-thread-1] INFO  server.RaftServerConfigKeys (ConfUtils.java:logGet(44)) - raft.server.sleep.deviation.threshold = 300 (default)
2020-12-03 13:59:41,448 [pool-82-thread-1] INFO  server.RaftServerConfigKeys (ConfUtils.java:logGet(44)) - raft.server.log.appender.install.snapshot.enabled = false (custom)
2020-12-03 13:59:41,448 [pool-82-thread-1] INFO  impl.RaftServerImpl (ServerState.java:<init>(104)) - 633cfa61-a66f-4939-87ff-03de11ff39ac@group-A3B5EF21724C: ConfigurationManager, init=-1: [633cfa61-a66f-4939-87ff-03de11ff39ac|rpc:172.17.0.2:44639], old=null, confs=<EMPTY_MAP>
2020-12-03 13:59:41,448 [pool-82-thread-1] INFO  server.RaftServerConfigKeys (ConfUtils.java:logGet(44)) - raft.server.storage.dir = [/github/workspace/mnt/ozone/hadoop-ozone/integration-test/target/test-dir/MiniOzoneClusterImpl-6c8cb788-3ebf-4599-90cd-3d9ebf402ba0/datanode-1/data/ratis] (custom)
2020-12-03 13:59:41,449 [pool-82-thread-1] INFO  server.RaftServerConfigKeys (ConfUtils.java:logGet(44)) - raft.server.log.corruption.policy = EXCEPTION (default)
2020-12-03 13:59:41,449 [pool-82-thread-1] INFO  storage.RaftStorageDirectory (RaftStorageDirectory.java:analyzeStorage(261)) - The storage directory /github/workspace/mnt/ozone/hadoop-ozone/integration-test/target/test-dir/MiniOzoneClusterImpl-6c8cb788-3ebf-4599-90cd-3d9ebf402ba0/datanode-1/data/ratis/9bab225f-105c-44d6-96b1-a3b5ef21724c does not exist. Creating ...
2020-12-03 13:59:41,450 [pool-82-thread-1] INFO  storage.RaftStorageDirectory (RaftStorageDirectory.java:tryLock(343)) - Lock on /github/workspace/mnt/ozone/hadoop-ozone/integration-test/target/test-dir/MiniOzoneClusterImpl-6c8cb788-3ebf-4599-90cd-3d9ebf402ba0/datanode-1/data/ratis/9bab225f-105c-44d6-96b1-a3b5ef21724c/in_use.lock acquired by nodename 10962@8f6ffd452453
2020-12-03 13:59:41,451 [pool-82-thread-1] INFO  storage.RaftStorage (RaftStorage.java:format(85)) - Storage directory /github/workspace/mnt/ozone/hadoop-ozone/integration-test/target/test-dir/MiniOzoneClusterImpl-6c8cb788-3ebf-4599-90cd-3d9ebf402ba0/datanode-1/data/ratis/9bab225f-105c-44d6-96b1-a3b5ef21724c has been successfully formatted.
2020-12-03 13:59:41,452 [pool-82-thread-1] INFO  ratis.ContainerStateMachine (ContainerStateMachine.java:loadSnapshot(225)) - group-A3B5EF21724C: The snapshot info is null. Setting the last applied indexto:(t:0, i:~)
2020-12-03 13:59:41,452 [pool-82-thread-1] INFO  server.RaftServerConfigKeys (ConfUtils.java:logGet(44)) - raft.server.notification.no-leader.timeout = 300s (custom)
2020-12-03 13:59:41,452 [pool-82-thread-1] INFO  server.RaftServerConfigKeys (ConfUtils.java:logGet(44)) - raft.server.log.use.memory = false (default)
2020-12-03 13:59:41,453 [pool-82-thread-1] INFO  server.RaftServerConfigKeys (ConfUtils.java:logGet(44)) - raft.server.log.purge.gap = 1000000 (custom)
2020-12-03 13:59:41,454 [EventQueue-PipelineReportForPipelineReportHandler] INFO  pipeline.PipelineStateManager (PipelineStateManager.java:openPipeline(132)) - Pipeline Pipeline[ Id: 9bab225f-105c-44d6-96b1-a3b5ef21724c, Nodes: 633cfa61-a66f-4939-87ff-03de11ff39ac{ip: 172.17.0.2, host: 8f6ffd452453, networkLocation: /default-rack, certSerialId: null}, Type:RATIS, Factor:ONE, State:ALLOCATED, leaderId:633cfa61-a66f-4939-87ff-03de11ff39ac, CreationTimestamp2020-12-03T13:59:38.452Z] moved to OPEN state
2020-12-03 13:59:41,455 [EventQueue-OpenPipelineForHealthyPipelineSafeModeRule] INFO  safemode.SCMSafeModeManager (HealthyPipelineSafeModeRule.java:process(128)) - SCM in safe mode. Healthy pipelines reported count is 0, required healthy pipeline reported count is 1
2020-12-03 13:59:41,454 [EventQueue-PipelineReportForOneReplicaPipelineSafeModeRule] INFO  safemode.SCMSafeModeManager (SCMSafeModeManager.java:validateSafeModeExitRules(214)) - AtleastOneDatanodeReportedRule rule is successfully validated
2020-12-03 13:59:41,455 [pool-82-thread-1] INFO  metrics.RatisMetrics (RatisMetrics.java:lambda$create$0(36)) - Creating Metrics Registry : ratis.log_worker.633cfa61-a66f-4939-87ff-03de11ff39ac@group-A3B5EF21724C
2020-12-03 13:59:41,455 [pool-82-thread-1] INFO  server.RaftServerConfigKeys (ConfUtils.java:logGet(44)) - raft.server.log.appender.buffer.byte-limit = 33554432 (custom)
2020-12-03 13:59:41,455 [pool-82-thread-1] INFO  server.RaftServerConfigKeys (ConfUtils.java:logGet(44)) - raft.server.log.segment.size.max = 1048576 (custom)
2020-12-03 13:59:41,456 [pool-82-thread-1] INFO  server.RaftServerConfigKeys (ConfUtils.java:logGet(44)) - raft.server.log.segment.cache.num.max = 2 (custom)
2020-12-03 13:59:41,456 [pool-82-thread-1] INFO  segmented.SegmentedRaftLogWorker (SegmentedRaftLogWorker.java:<init>(180)) - new 633cfa61-a66f-4939-87ff-03de11ff39ac@group-A3B5EF21724C-SegmentedRaftLogWorker for RaftStorage:Storage Directory /github/workspace/mnt/ozone/hadoop-ozone/integration-test/target/test-dir/MiniOzoneClusterImpl-6c8cb788-3ebf-4599-90cd-3d9ebf402ba0/datanode-1/data/ratis/9bab225f-105c-44d6-96b1-a3b5ef21724c
2020-12-03 13:59:41,456 [pool-82-thread-1] INFO  server.RaftServerConfigKeys (ConfUtils.java:logGet(44)) - raft.server.log.queue.byte-limit = 2147483647 (custom)
2020-12-03 13:59:41,456 [pool-82-thread-1] INFO  server.RaftServerConfigKeys (ConfUtils.java:logGet(44)) - raft.server.log.queue.element-limit = 1024 (custom)
2020-12-03 13:59:41,456 [pool-82-thread-1] INFO  server.RaftServerConfigKeys (ConfUtils.java:logGet(44)) - raft.server.log.segment.size.max = 1048576 (custom)
2020-12-03 13:59:41,456 [pool-82-thread-1] INFO  server.RaftServerConfigKeys (ConfUtils.java:logGet(44)) - raft.server.log.preallocated.size = 16384 (custom)
2020-12-03 13:59:41,456 [pool-82-thread-1] INFO  server.RaftServerConfigKeys (ConfUtils.java:logGet(44)) - raft.server.log.write.buffer.size = 1048576 (custom)
2020-12-03 13:59:41,457 [pool-82-thread-1] INFO  server.RaftServerConfigKeys (ConfUtils.java:logGet(44)) - raft.server.log.force.sync.num = 128 (default)
2020-12-03 13:59:41,457 [pool-82-thread-1] INFO  server.RaftServerConfigKeys (ConfUtils.java:logGet(44)) - raft.server.log.statemachine.data.sync = true (default)
2020-12-03 13:59:41,457 [pool-82-thread-1] INFO  server.RaftServerConfigKeys (ConfUtils.java:logGet(44)) - raft.server.log.statemachine.data.sync.timeout = 10s (default)
2020-12-03 13:59:41,457 [pool-82-thread-1] INFO  server.RaftServerConfigKeys (ConfUtils.java:logGet(44)) - raft.server.log.statemachine.data.sync.timeout.retry = -1 (default)
2020-12-03 13:59:41,458 [pool-82-thread-1] INFO  server.RaftServerConfigKeys (ConfUtils.java:logGet(44)) - raft.server.log.statemachine.data.caching.enabled = true (custom)
2020-12-03 13:59:41,458 [pool-82-thread-1] INFO  segmented.SegmentedRaftLogWorker (SegmentedRaftLogWorker.java:lambda$new$0(129)) - 633cfa61-a66f-4939-87ff-03de11ff39ac@group-A3B5EF21724C-SegmentedRaftLogWorker: flushIndex: setUnconditionally 0 -> -1
2020-12-03 13:59:41,458 [pool-82-thread-1] INFO  segmented.SegmentedRaftLogWorker (SegmentedRaftLogWorker.java:lambda$new$0(129)) - 633cfa61-a66f-4939-87ff-03de11ff39ac@group-A3B5EF21724C-SegmentedRaftLogWorker: safeCacheEvictIndex: setUnconditionally 0 -> -1
2020-12-03 13:59:41,459 [pool-82-thread-1] INFO  server.RaftServerConfigKeys (ConfUtils.java:logGet(44)) - raft.server.snapshot.auto.trigger.enabled = true (custom)
2020-12-03 13:59:41,459 [pool-82-thread-1] INFO  server.RaftServerConfigKeys (ConfUtils.java:logGet(44)) - raft.server.snapshot.auto.trigger.threshold = 10000 (custom)
2020-12-03 13:59:41,459 [pool-82-thread-1] INFO  server.RaftServerConfigKeys (ConfUtils.java:logGet(44)) - raft.server.snapshot.retention.file.num = 5 (custom)
2020-12-03 13:59:41,459 [pool-82-thread-1] INFO  server.RaftServerConfigKeys (ConfUtils.java:logGet(44)) - raft.server.log.purge.upto.snapshot.index = false (default)
2020-12-03 13:59:41,459 [pool-82-thread-1] INFO  server.RaftServerConfigKeys (ConfUtils.java:logGet(44)) - raft.server.retrycache.expirytime = 600000ms (custom)
2020-12-03 13:59:41,459 [pool-82-thread-1] INFO  metrics.RatisMetrics (RatisMetrics.java:lambda$create$0(36)) - Creating Metrics Registry : ratis.leader_election.633cfa61-a66f-4939-87ff-03de11ff39ac@group-A3B5EF21724C
2020-12-03 13:59:41,460 [pool-82-thread-1] INFO  metrics.RatisMetrics (RatisMetrics.java:lambda$create$0(36)) - Creating Metrics Registry : ratis.server.633cfa61-a66f-4939-87ff-03de11ff39ac@group-A3B5EF21724C
2020-12-03 13:59:41,460 [pool-82-thread-1] INFO  impl.RaftServerImpl (RaftServerImpl.java:start(215)) - 633cfa61-a66f-4939-87ff-03de11ff39ac@group-A3B5EF21724C: start as a follower, conf=-1: [633cfa61-a66f-4939-87ff-03de11ff39ac|rpc:172.17.0.2:44639], old=null
2020-12-03 13:59:41,460 [pool-82-thread-1] INFO  impl.RaftServerImpl (RaftServerImpl.java:setRole(204)) - 633cfa61-a66f-4939-87ff-03de11ff39ac@group-A3B5EF21724C: changes role from      null to FOLLOWER at term 0 for startAsFollower
2020-12-03 13:59:41,460 [pool-82-thread-1] INFO  impl.RoleInfo (RoleInfo.java:updateAndGet(143)) - 633cfa61-a66f-4939-87ff-03de11ff39ac: start 633cfa61-a66f-4939-87ff-03de11ff39ac@group-A3B5EF21724C-FollowerState
2020-12-03 13:59:41,461 [pool-82-thread-1] INFO  util.JmxRegister (JmxRegister.java:tryRegister(44)) - Successfully registered JMX Bean with object name Ratis:service=RaftServer,group=group-A3B5EF21724C,id=633cfa61-a66f-4939-87ff-03de11ff39ac
2020-12-03 13:59:41,461 [pool-82-thread-1] INFO  metrics.RatisMetrics (RatisMetrics.java:lambda$create$0(36)) - Creating Metrics Registry : ratis.state_machine.633cfa61-a66f-4939-87ff-03de11ff39ac@group-A3B5EF21724C
2020-12-03 13:59:41,462 [Command processor thread] INFO  commandhandler.CreatePipelineCommandHandler (CreatePipelineCommandHandler.java:handle(106)) - Created Pipeline RATIS ONE PipelineID=9bab225f-105c-44d6-96b1-a3b5ef21724c.
2020-12-03 13:59:41,767 [Listener at 127.0.0.1/10068] INFO  ozone.MiniOzoneClusterImpl (MiniOzoneClusterImpl.java:lambda$waitForClusterToBeReady$0(178)) - Nodes are ready. Got 3 of 3 DN Heartbeats.
2020-12-03 13:59:41,768 [Listener at 127.0.0.1/10068] INFO  ozone.MiniOzoneClusterImpl (MiniOzoneClusterImpl.java:lambda$waitForClusterToBeReady$0(181)) - Waiting for cluster to exit safe mode
2020-12-03 13:59:41,778 [Command processor thread] INFO  impl.RaftServerProxy (RaftServerProxy.java:addNew(93)) - a5098de2-f0c4-47ec-8432-b6585c1f7fac: addNew group-95FF074C0A89:[a5098de2-f0c4-47ec-8432-b6585c1f7fac|rpc:172.17.0.2:32953] returns group-95FF074C0A89:java.util.concurrent.CompletableFuture@283c7396[Not completed]
2020-12-03 13:59:41,780 [pool-99-thread-1] INFO  impl.RaftServerImpl (RaftServerImpl.java:<init>(121)) - a5098de2-f0c4-47ec-8432-b6585c1f7fac: new RaftServerImpl for group-95FF074C0A89:[a5098de2-f0c4-47ec-8432-b6585c1f7fac|rpc:172.17.0.2:32953] with ContainerStateMachine:uninitialized
2020-12-03 13:59:41,780 [pool-99-thread-1] INFO  server.RaftServerConfigKeys (ConfUtils.java:logGet(44)) - raft.server.rpc.timeout.min = 5s (custom)
2020-12-03 13:59:41,780 [pool-99-thread-1] INFO  server.RaftServerConfigKeys (ConfUtils.java:logGet(44)) - raft.server.rpc.timeout.max = 5200ms (custom)
2020-12-03 13:59:41,780 [pool-99-thread-1] INFO  server.RaftServerConfigKeys (ConfUtils.java:logGet(44)) - raft.server.rpc.slowness.timeout = 300s (custom)
2020-12-03 13:59:41,780 [pool-99-thread-1] INFO  server.RaftServerConfigKeys (ConfUtils.java:logGet(44)) - raft.server.leaderelection.leader.step-down.wait-time = 10s (default)
2020-12-03 13:59:41,780 [pool-99-thread-1] INFO  server.RaftServerConfigKeys (ConfUtils.java:logGet(44)) - raft.server.sleep.deviation.threshold = 300 (default)
2020-12-03 13:59:41,780 [pool-99-thread-1] INFO  server.RaftServerConfigKeys (ConfUtils.java:logGet(44)) - raft.server.log.appender.install.snapshot.enabled = false (custom)
2020-12-03 13:59:41,780 [pool-99-thread-1] INFO  impl.RaftServerImpl (ServerState.java:<init>(104)) - a5098de2-f0c4-47ec-8432-b6585c1f7fac@group-95FF074C0A89: ConfigurationManager, init=-1: [a5098de2-f0c4-47ec-8432-b6585c1f7fac|rpc:172.17.0.2:32953], old=null, confs=<EMPTY_MAP>
2020-12-03 13:59:41,780 [pool-99-thread-1] INFO  server.RaftServerConfigKeys (ConfUtils.java:logGet(44)) - raft.server.storage.dir = [/github/workspace/mnt/ozone/hadoop-ozone/integration-test/target/test-dir/MiniOzoneClusterImpl-6c8cb788-3ebf-4599-90cd-3d9ebf402ba0/datanode-2/data/ratis] (custom)
2020-12-03 13:59:41,781 [pool-99-thread-1] INFO  server.RaftServerConfigKeys (ConfUtils.java:logGet(44)) - raft.server.log.corruption.policy = EXCEPTION (default)
2020-12-03 13:59:41,781 [pool-99-thread-1] INFO  storage.RaftStorageDirectory (RaftStorageDirectory.java:analyzeStorage(261)) - The storage directory /github/workspace/mnt/ozone/hadoop-ozone/integration-test/target/test-dir/MiniOzoneClusterImpl-6c8cb788-3ebf-4599-90cd-3d9ebf402ba0/datanode-2/data/ratis/12bd821b-026d-447a-8793-95ff074c0a89 does not exist. Creating ...
2020-12-03 13:59:41,783 [pool-99-thread-1] INFO  storage.RaftStorageDirectory (RaftStorageDirectory.java:tryLock(343)) - Lock on /github/workspace/mnt/ozone/hadoop-ozone/integration-test/target/test-dir/MiniOzoneClusterImpl-6c8cb788-3ebf-4599-90cd-3d9ebf402ba0/datanode-2/data/ratis/12bd821b-026d-447a-8793-95ff074c0a89/in_use.lock acquired by nodename 10962@8f6ffd452453
2020-12-03 13:59:41,784 [pool-99-thread-1] INFO  storage.RaftStorage (RaftStorage.java:format(85)) - Storage directory /github/workspace/mnt/ozone/hadoop-ozone/integration-test/target/test-dir/MiniOzoneClusterImpl-6c8cb788-3ebf-4599-90cd-3d9ebf402ba0/datanode-2/data/ratis/12bd821b-026d-447a-8793-95ff074c0a89 has been successfully formatted.
2020-12-03 13:59:41,785 [pool-99-thread-1] INFO  ratis.ContainerStateMachine (ContainerStateMachine.java:loadSnapshot(225)) - group-95FF074C0A89: The snapshot info is null. Setting the last applied indexto:(t:0, i:~)
2020-12-03 13:59:41,786 [pool-99-thread-1] INFO  server.RaftServerConfigKeys (ConfUtils.java:logGet(44)) - raft.server.notification.no-leader.timeout = 300s (custom)
2020-12-03 13:59:41,786 [pool-99-thread-1] INFO  server.RaftServerConfigKeys (ConfUtils.java:logGet(44)) - raft.server.log.use.memory = false (default)
2020-12-03 13:59:41,786 [pool-99-thread-1] INFO  server.RaftServerConfigKeys (ConfUtils.java:logGet(44)) - raft.server.log.purge.gap = 1000000 (custom)
2020-12-03 13:59:41,786 [EventQueue-PipelineReportForOneReplicaPipelineSafeModeRule] INFO  safemode.SCMSafeModeManager (SCMSafeModeManager.java:validateSafeModeExitRules(214)) - AtleastOneDatanodeReportedRule rule is successfully validated
2020-12-03 13:59:41,787 [pool-99-thread-1] INFO  metrics.RatisMetrics (RatisMetrics.java:lambda$create$0(36)) - Creating Metrics Registry : ratis.log_worker.a5098de2-f0c4-47ec-8432-b6585c1f7fac@group-95FF074C0A89
2020-12-03 13:59:41,787 [EventQueue-PipelineReportForPipelineReportHandler] INFO  pipeline.PipelineStateManager (PipelineStateManager.java:openPipeline(132)) - Pipeline Pipeline[ Id: 12bd821b-026d-447a-8793-95ff074c0a89, Nodes: a5098de2-f0c4-47ec-8432-b6585c1f7fac{ip: 172.17.0.2, host: 8f6ffd452453, networkLocation: /default-rack, certSerialId: null}, Type:RATIS, Factor:ONE, State:ALLOCATED, leaderId:a5098de2-f0c4-47ec-8432-b6585c1f7fac, CreationTimestamp2020-12-03T13:59:38.782Z] moved to OPEN state
2020-12-03 13:59:41,787 [EventQueue-OpenPipelineForHealthyPipelineSafeModeRule] INFO  safemode.SCMSafeModeManager (HealthyPipelineSafeModeRule.java:process(128)) - SCM in safe mode. Healthy pipelines reported count is 0, required healthy pipeline reported count is 1
2020-12-03 13:59:41,787 [pool-99-thread-1] INFO  server.RaftServerConfigKeys (ConfUtils.java:logGet(44)) - raft.server.log.appender.buffer.byte-limit = 33554432 (custom)
2020-12-03 13:59:41,787 [pool-99-thread-1] INFO  server.RaftServerConfigKeys (ConfUtils.java:logGet(44)) - raft.server.log.segment.size.max = 1048576 (custom)
2020-12-03 13:59:41,788 [pool-99-thread-1] INFO  server.RaftServerConfigKeys (ConfUtils.java:logGet(44)) - raft.server.log.segment.cache.num.max = 2 (custom)
2020-12-03 13:59:41,788 [pool-99-thread-1] INFO  segmented.SegmentedRaftLogWorker (SegmentedRaftLogWorker.java:<init>(180)) - new a5098de2-f0c4-47ec-8432-b6585c1f7fac@group-95FF074C0A89-SegmentedRaftLogWorker for RaftStorage:Storage Directory /github/workspace/mnt/ozone/hadoop-ozone/integration-test/target/test-dir/MiniOzoneClusterImpl-6c8cb788-3ebf-4599-90cd-3d9ebf402ba0/datanode-2/data/ratis/12bd821b-026d-447a-8793-95ff074c0a89
2020-12-03 13:59:41,788 [pool-99-thread-1] INFO  server.RaftServerConfigKeys (ConfUtils.java:logGet(44)) - raft.server.log.queue.byte-limit = 2147483647 (custom)
2020-12-03 13:59:41,788 [pool-99-thread-1] INFO  server.RaftServerConfigKeys (ConfUtils.java:logGet(44)) - raft.server.log.queue.element-limit = 1024 (custom)
2020-12-03 13:59:41,788 [pool-99-thread-1] INFO  server.RaftServerConfigKeys (ConfUtils.java:logGet(44)) - raft.server.log.segment.size.max = 1048576 (custom)
2020-12-03 13:59:41,788 [pool-99-thread-1] INFO  server.RaftServerConfigKeys (ConfUtils.java:logGet(44)) - raft.server.log.preallocated.size = 16384 (custom)
2020-12-03 13:59:41,789 [pool-99-thread-1] INFO  server.RaftServerConfigKeys (ConfUtils.java:logGet(44)) - raft.server.log.write.buffer.size = 1048576 (custom)
2020-12-03 13:59:41,789 [pool-99-thread-1] INFO  server.RaftServerConfigKeys (ConfUtils.java:logGet(44)) - raft.server.log.force.sync.num = 128 (default)
2020-12-03 13:59:41,789 [pool-99-thread-1] INFO  server.RaftServerConfigKeys (ConfUtils.java:logGet(44)) - raft.server.log.statemachine.data.sync = true (default)
2020-12-03 13:59:41,789 [pool-99-thread-1] INFO  server.RaftServerConfigKeys (ConfUtils.java:logGet(44)) - raft.server.log.statemachine.data.sync.timeout = 10s (default)
2020-12-03 13:59:41,789 [pool-99-thread-1] INFO  server.RaftServerConfigKeys (ConfUtils.java:logGet(44)) - raft.server.log.statemachine.data.sync.timeout.retry = -1 (default)
2020-12-03 13:59:41,790 [pool-99-thread-1] INFO  server.RaftServerConfigKeys (ConfUtils.java:logGet(44)) - raft.server.log.statemachine.data.caching.enabled = true (custom)
2020-12-03 13:59:41,790 [pool-99-thread-1] INFO  segmented.SegmentedRaftLogWorker (SegmentedRaftLogWorker.java:lambda$new$0(129)) - a5098de2-f0c4-47ec-8432-b6585c1f7fac@group-95FF074C0A89-SegmentedRaftLogWorker: flushIndex: setUnconditionally 0 -> -1
2020-12-03 13:59:41,790 [pool-99-thread-1] INFO  segmented.SegmentedRaftLogWorker (SegmentedRaftLogWorker.java:lambda$new$0(129)) - a5098de2-f0c4-47ec-8432-b6585c1f7fac@group-95FF074C0A89-SegmentedRaftLogWorker: safeCacheEvictIndex: setUnconditionally 0 -> -1
2020-12-03 13:59:41,792 [pool-99-thread-1] INFO  server.RaftServerConfigKeys (ConfUtils.java:logGet(44)) - raft.server.snapshot.auto.trigger.enabled = true (custom)
2020-12-03 13:59:41,792 [pool-99-thread-1] INFO  server.RaftServerConfigKeys (ConfUtils.java:logGet(44)) - raft.server.snapshot.auto.trigger.threshold = 10000 (custom)
2020-12-03 13:59:41,792 [pool-99-thread-1] INFO  server.RaftServerConfigKeys (ConfUtils.java:logGet(44)) - raft.server.snapshot.retention.file.num = 5 (custom)
2020-12-03 13:59:41,793 [pool-99-thread-1] INFO  server.RaftServerConfigKeys (ConfUtils.java:logGet(44)) - raft.server.log.purge.upto.snapshot.index = false (default)
2020-12-03 13:59:41,793 [pool-99-thread-1] INFO  server.RaftServerConfigKeys (ConfUtils.java:logGet(44)) - raft.server.retrycache.expirytime = 600000ms (custom)
2020-12-03 13:59:41,793 [pool-99-thread-1] INFO  metrics.RatisMetrics (RatisMetrics.java:lambda$create$0(36)) - Creating Metrics Registry : ratis.leader_election.a5098de2-f0c4-47ec-8432-b6585c1f7fac@group-95FF074C0A89
2020-12-03 13:59:41,793 [pool-99-thread-1] INFO  metrics.RatisMetrics (RatisMetrics.java:lambda$create$0(36)) - Creating Metrics Registry : ratis.server.a5098de2-f0c4-47ec-8432-b6585c1f7fac@group-95FF074C0A89
2020-12-03 13:59:41,794 [pool-99-thread-1] INFO  impl.RaftServerImpl (RaftServerImpl.java:start(215)) - a5098de2-f0c4-47ec-8432-b6585c1f7fac@group-95FF074C0A89: start as a follower, conf=-1: [a5098de2-f0c4-47ec-8432-b6585c1f7fac|rpc:172.17.0.2:32953], old=null
2020-12-03 13:59:41,794 [pool-99-thread-1] INFO  impl.RaftServerImpl (RaftServerImpl.java:setRole(204)) - a5098de2-f0c4-47ec-8432-b6585c1f7fac@group-95FF074C0A89: changes role from      null to FOLLOWER at term 0 for startAsFollower
2020-12-03 13:59:41,794 [pool-99-thread-1] INFO  impl.RoleInfo (RoleInfo.java:updateAndGet(143)) - a5098de2-f0c4-47ec-8432-b6585c1f7fac: start a5098de2-f0c4-47ec-8432-b6585c1f7fac@group-95FF074C0A89-FollowerState
2020-12-03 13:59:41,797 [pool-99-thread-1] INFO  util.JmxRegister (JmxRegister.java:tryRegister(44)) - Successfully registered JMX Bean with object name Ratis:service=RaftServer,group=group-95FF074C0A89,id=a5098de2-f0c4-47ec-8432-b6585c1f7fac
2020-12-03 13:59:41,797 [pool-99-thread-1] INFO  metrics.RatisMetrics (RatisMetrics.java:lambda$create$0(36)) - Creating Metrics Registry : ratis.state_machine.a5098de2-f0c4-47ec-8432-b6585c1f7fac@group-95FF074C0A89
2020-12-03 13:59:41,798 [Command processor thread] INFO  commandhandler.CreatePipelineCommandHandler (CreatePipelineCommandHandler.java:handle(106)) - Created Pipeline RATIS ONE PipelineID=12bd821b-026d-447a-8793-95ff074c0a89.
2020-12-03 13:59:42,768 [Listener at 127.0.0.1/10068] INFO  ozone.MiniOzoneClusterImpl (MiniOzoneClusterImpl.java:lambda$waitForClusterToBeReady$0(178)) - Nodes are ready. Got 3 of 3 DN Heartbeats.
2020-12-03 13:59:42,768 [Listener at 127.0.0.1/10068] INFO  ozone.MiniOzoneClusterImpl (MiniOzoneClusterImpl.java:lambda$waitForClusterToBeReady$0(181)) - Waiting for cluster to exit safe mode
2020-12-03 13:59:43,768 [Listener at 127.0.0.1/10068] INFO  ozone.MiniOzoneClusterImpl (MiniOzoneClusterImpl.java:lambda$waitForClusterToBeReady$0(178)) - Nodes are ready. Got 3 of 3 DN Heartbeats.
2020-12-03 13:59:43,769 [Listener at 127.0.0.1/10068] INFO  ozone.MiniOzoneClusterImpl (MiniOzoneClusterImpl.java:lambda$waitForClusterToBeReady$0(181)) - Waiting for cluster to exit safe mode
2020-12-03 13:59:44,769 [Listener at 127.0.0.1/10068] INFO  ozone.MiniOzoneClusterImpl (MiniOzoneClusterImpl.java:lambda$waitForClusterToBeReady$0(178)) - Nodes are ready. Got 3 of 3 DN Heartbeats.
2020-12-03 13:59:44,769 [Listener at 127.0.0.1/10068] INFO  ozone.MiniOzoneClusterImpl (MiniOzoneClusterImpl.java:lambda$waitForClusterToBeReady$0(181)) - Waiting for cluster to exit safe mode
2020-12-03 13:59:45,769 [Listener at 127.0.0.1/10068] INFO  ozone.MiniOzoneClusterImpl (MiniOzoneClusterImpl.java:lambda$waitForClusterToBeReady$0(178)) - Nodes are ready. Got 3 of 3 DN Heartbeats.
2020-12-03 13:59:45,769 [Listener at 127.0.0.1/10068] INFO  ozone.MiniOzoneClusterImpl (MiniOzoneClusterImpl.java:lambda$waitForClusterToBeReady$0(181)) - Waiting for cluster to exit safe mode
2020-12-03 13:59:45,988 [Thread-305] INFO  impl.FollowerState (FollowerState.java:run(128)) - 19277de5-81fd-49d2-981e-fdfe1dd17921@group-ACD25C00D1C8-FollowerState: change to CANDIDATE, lastRpcTime:5134ms, electionTimeout:5125ms
2020-12-03 13:59:45,988 [Thread-305] INFO  impl.RoleInfo (RoleInfo.java:shutdownFollowerState(121)) - 19277de5-81fd-49d2-981e-fdfe1dd17921: shutdown 19277de5-81fd-49d2-981e-fdfe1dd17921@group-ACD25C00D1C8-FollowerState
2020-12-03 13:59:45,989 [Thread-305] INFO  impl.RaftServerImpl (RaftServerImpl.java:setRole(204)) - 19277de5-81fd-49d2-981e-fdfe1dd17921@group-ACD25C00D1C8: changes role from  FOLLOWER to CANDIDATE at term 0 for changeToCandidate
2020-12-03 13:59:45,989 [Thread-305] INFO  impl.RoleInfo (RoleInfo.java:updateAndGet(143)) - 19277de5-81fd-49d2-981e-fdfe1dd17921: start 19277de5-81fd-49d2-981e-fdfe1dd17921@group-ACD25C00D1C8-LeaderElection6
2020-12-03 13:59:45,997 [19277de5-81fd-49d2-981e-fdfe1dd17921@group-ACD25C00D1C8-LeaderElection6] INFO  impl.LeaderElection (LeaderElection.java:askForVotes(215)) - 19277de5-81fd-49d2-981e-fdfe1dd17921@group-ACD25C00D1C8-LeaderElection6: begin an election at term 1 for -1: [19277de5-81fd-49d2-981e-fdfe1dd17921|rpc:172.17.0.2:45089], old=null
2020-12-03 13:59:45,997 [19277de5-81fd-49d2-981e-fdfe1dd17921@group-ACD25C00D1C8-LeaderElection6] INFO  impl.RoleInfo (RoleInfo.java:shutdownLeaderElection(134)) - 19277de5-81fd-49d2-981e-fdfe1dd17921: shutdown 19277de5-81fd-49d2-981e-fdfe1dd17921@group-ACD25C00D1C8-LeaderElection6
2020-12-03 13:59:45,997 [19277de5-81fd-49d2-981e-fdfe1dd17921@group-ACD25C00D1C8-LeaderElection6] INFO  impl.RaftServerImpl (RaftServerImpl.java:setRole(204)) - 19277de5-81fd-49d2-981e-fdfe1dd17921@group-ACD25C00D1C8: changes role from CANDIDATE to LEADER at term 1 for changeToLeader
2020-12-03 13:59:45,997 [19277de5-81fd-49d2-981e-fdfe1dd17921@group-ACD25C00D1C8-LeaderElection6] INFO  ratis.XceiverServerRatis (XceiverServerRatis.java:handleLeaderChangedNotification(854)) - Leader change notification received for group: group-ACD25C00D1C8 with new leaderId: 19277de5-81fd-49d2-981e-fdfe1dd17921
2020-12-03 13:59:45,998 [19277de5-81fd-49d2-981e-fdfe1dd17921@group-ACD25C00D1C8-LeaderElection6] INFO  impl.RaftServerImpl (ServerState.java:setLeader(256)) - 19277de5-81fd-49d2-981e-fdfe1dd17921@group-ACD25C00D1C8: change Leader from null to 19277de5-81fd-49d2-981e-fdfe1dd17921 at term 1 for becomeLeader, leader elected after 5168ms
2020-12-03 13:59:46,000 [EventQueue-PipelineReportForOneReplicaPipelineSafeModeRule] INFO  safemode.SCMSafeModeManager (SCMSafeModeManager.java:validateSafeModeExitRules(214)) - AtleastOneDatanodeReportedRule rule is successfully validated
2020-12-03 13:59:46,000 [19277de5-81fd-49d2-981e-fdfe1dd17921@group-ACD25C00D1C8-LeaderElection6] INFO  server.RaftServerConfigKeys (ConfUtils.java:logGet(44)) - raft.server.staging.catchup.gap = 1000 (default)
2020-12-03 13:59:46,000 [EventQueue-OpenPipelineForHealthyPipelineSafeModeRule] INFO  safemode.SCMSafeModeManager (HealthyPipelineSafeModeRule.java:process(128)) - SCM in safe mode. Healthy pipelines reported count is 0, required healthy pipeline reported count is 1
2020-12-03 13:59:46,000 [19277de5-81fd-49d2-981e-fdfe1dd17921@group-ACD25C00D1C8-LeaderElection6] INFO  server.RaftServerConfigKeys (ConfUtils.java:logGet(44)) - raft.server.rpc.sleep.time = 25ms (default)
2020-12-03 13:59:46,000 [19277de5-81fd-49d2-981e-fdfe1dd17921@group-ACD25C00D1C8-LeaderElection6] INFO  metrics.RatisMetrics (RatisMetrics.java:lambda$create$0(36)) - Creating Metrics Registry : ratis.log_appender.19277de5-81fd-49d2-981e-fdfe1dd17921@group-ACD25C00D1C8
2020-12-03 13:59:46,001 [19277de5-81fd-49d2-981e-fdfe1dd17921@group-ACD25C00D1C8-LeaderElection6] INFO  server.RaftServerConfigKeys (ConfUtils.java:logGet(44)) - raft.server.write.element-limit = 1024 (custom)
2020-12-03 13:59:46,001 [19277de5-81fd-49d2-981e-fdfe1dd17921@group-ACD25C00D1C8-LeaderElection6] INFO  server.RaftServerConfigKeys (ConfUtils.java:logGet(44)) - raft.server.write.byte-limit = 1073741824 (custom)
2020-12-03 13:59:46,001 [19277de5-81fd-49d2-981e-fdfe1dd17921@group-ACD25C00D1C8-LeaderElection6] INFO  server.RaftServerConfigKeys (ConfUtils.java:logGet(44)) - raft.server.watch.timeout = 180s (custom)
2020-12-03 13:59:46,001 [19277de5-81fd-49d2-981e-fdfe1dd17921@group-ACD25C00D1C8-LeaderElection6] INFO  server.RaftServerConfigKeys (ConfUtils.java:logGet(44)) - raft.server.watch.timeout.denomination = 1s (default)
2020-12-03 13:59:46,001 [19277de5-81fd-49d2-981e-fdfe1dd17921@group-ACD25C00D1C8-LeaderElection6] INFO  server.RaftServerConfigKeys (ConfUtils.java:logGet(44)) - raft.server.watch.element-limit = 65536 (default)
2020-12-03 13:59:46,002 [19277de5-81fd-49d2-981e-fdfe1dd17921@group-ACD25C00D1C8-LeaderElection6] INFO  impl.RoleInfo (RoleInfo.java:updateAndGet(143)) - 19277de5-81fd-49d2-981e-fdfe1dd17921: start 19277de5-81fd-49d2-981e-fdfe1dd17921@group-ACD25C00D1C8-LeaderState
2020-12-03 13:59:46,002 [19277de5-81fd-49d2-981e-fdfe1dd17921@group-ACD25C00D1C8-LeaderElection6] INFO  segmented.SegmentedRaftLogWorker (SegmentedRaftLogWorker.java:startLogSegment(398)) - 19277de5-81fd-49d2-981e-fdfe1dd17921@group-ACD25C00D1C8-SegmentedRaftLogWorker: Starting segment from index:0
2020-12-03 13:59:46,005 [19277de5-81fd-49d2-981e-fdfe1dd17921@group-ACD25C00D1C8-SegmentedRaftLogWorker] INFO  segmented.SegmentedRaftLogWorker (SegmentedRaftLogWorker.java:execute(597)) - 19277de5-81fd-49d2-981e-fdfe1dd17921@group-ACD25C00D1C8-SegmentedRaftLogWorker: created new log segment /github/workspace/mnt/ozone/hadoop-ozone/integration-test/target/test-dir/MiniOzoneClusterImpl-6c8cb788-3ebf-4599-90cd-3d9ebf402ba0/datanode-0/data/ratis/6eec1521-4002-4ddd-9f34-acd25c00d1c8/current/log_inprogress_0
2020-12-03 13:59:46,008 [19277de5-81fd-49d2-981e-fdfe1dd17921@group-ACD25C00D1C8-LeaderElection6] INFO  impl.RaftServerImpl (ServerState.java:setRaftConf(374)) - 19277de5-81fd-49d2-981e-fdfe1dd17921@group-ACD25C00D1C8: set configuration 0: [19277de5-81fd-49d2-981e-fdfe1dd17921|rpc:172.17.0.2:45089|dataStream:], old=null at 0
2020-12-03 13:59:46,102 [Thread-308] INFO  impl.FollowerState (FollowerState.java:run(128)) - 19277de5-81fd-49d2-981e-fdfe1dd17921@group-B08F8F3FF410-FollowerState: change to CANDIDATE, lastRpcTime:5192ms, electionTimeout:5191ms
2020-12-03 13:59:46,103 [Thread-308] INFO  impl.RoleInfo (RoleInfo.java:shutdownFollowerState(121)) - 19277de5-81fd-49d2-981e-fdfe1dd17921: shutdown 19277de5-81fd-49d2-981e-fdfe1dd17921@group-B08F8F3FF410-FollowerState
2020-12-03 13:59:46,103 [Thread-308] INFO  impl.RaftServerImpl (RaftServerImpl.java:setRole(204)) - 19277de5-81fd-49d2-981e-fdfe1dd17921@group-B08F8F3FF410: changes role from  FOLLOWER to CANDIDATE at term 0 for changeToCandidate
2020-12-03 13:59:46,103 [Thread-308] INFO  impl.RoleInfo (RoleInfo.java:updateAndGet(143)) - 19277de5-81fd-49d2-981e-fdfe1dd17921: start 19277de5-81fd-49d2-981e-fdfe1dd17921@group-B08F8F3FF410-LeaderElection7
2020-12-03 13:59:46,104 [Thread-310] INFO  impl.FollowerState (FollowerState.java:run(128)) - 633cfa61-a66f-4939-87ff-03de11ff39ac@group-B08F8F3FF410-FollowerState: change to CANDIDATE, lastRpcTime:5109ms, electionTimeout:5108ms
2020-12-03 13:59:46,104 [Thread-310] INFO  impl.RoleInfo (RoleInfo.java:shutdownFollowerState(121)) - 633cfa61-a66f-4939-87ff-03de11ff39ac: shutdown 633cfa61-a66f-4939-87ff-03de11ff39ac@group-B08F8F3FF410-FollowerState
2020-12-03 13:59:46,104 [Thread-310] INFO  impl.RaftServerImpl (RaftServerImpl.java:setRole(204)) - 633cfa61-a66f-4939-87ff-03de11ff39ac@group-B08F8F3FF410: changes role from  FOLLOWER to CANDIDATE at term 0 for changeToCandidate
2020-12-03 13:59:46,104 [Thread-310] INFO  impl.RoleInfo (RoleInfo.java:updateAndGet(143)) - 633cfa61-a66f-4939-87ff-03de11ff39ac: start 633cfa61-a66f-4939-87ff-03de11ff39ac@group-B08F8F3FF410-LeaderElection8
2020-12-03 13:59:46,113 [19277de5-81fd-49d2-981e-fdfe1dd17921@group-B08F8F3FF410-LeaderElection7] INFO  impl.LeaderElection (LeaderElection.java:askForVotes(215)) - 19277de5-81fd-49d2-981e-fdfe1dd17921@group-B08F8F3FF410-LeaderElection7: begin an election at term 1 for -1: [633cfa61-a66f-4939-87ff-03de11ff39ac|rpc:172.17.0.2:44639, a5098de2-f0c4-47ec-8432-b6585c1f7fac|rpc:172.17.0.2:32953, 19277de5-81fd-49d2-981e-fdfe1dd17921|rpc:172.17.0.2:45089], old=null
2020-12-03 13:59:46,114 [633cfa61-a66f-4939-87ff-03de11ff39ac@group-B08F8F3FF410-LeaderElection8] INFO  impl.LeaderElection (LeaderElection.java:askForVotes(215)) - 633cfa61-a66f-4939-87ff-03de11ff39ac@group-B08F8F3FF410-LeaderElection8: begin an election at term 1 for -1: [633cfa61-a66f-4939-87ff-03de11ff39ac|rpc:172.17.0.2:44639|dataStream:, a5098de2-f0c4-47ec-8432-b6585c1f7fac|rpc:172.17.0.2:32953|dataStream:, 19277de5-81fd-49d2-981e-fdfe1dd17921|rpc:172.17.0.2:45089|dataStream:], old=null
2020-12-03 13:59:46,135 [Thread-313] INFO  impl.FollowerState (FollowerState.java:run(128)) - a5098de2-f0c4-47ec-8432-b6585c1f7fac@group-B08F8F3FF410-FollowerState: change to CANDIDATE, lastRpcTime:5071ms, electionTimeout:5059ms
2020-12-03 13:59:46,136 [Thread-313] INFO  impl.RoleInfo (RoleInfo.java:shutdownFollowerState(121)) - a5098de2-f0c4-47ec-8432-b6585c1f7fac: shutdown a5098de2-f0c4-47ec-8432-b6585c1f7fac@group-B08F8F3FF410-FollowerState
2020-12-03 13:59:46,136 [Thread-313] INFO  impl.RaftServerImpl (RaftServerImpl.java:setRole(204)) - a5098de2-f0c4-47ec-8432-b6585c1f7fac@group-B08F8F3FF410: changes role from  FOLLOWER to CANDIDATE at term 0 for changeToCandidate
2020-12-03 13:59:46,137 [Thread-313] INFO  impl.RoleInfo (RoleInfo.java:updateAndGet(143)) - a5098de2-f0c4-47ec-8432-b6585c1f7fac: start a5098de2-f0c4-47ec-8432-b6585c1f7fac@group-B08F8F3FF410-LeaderElection9
2020-12-03 13:59:46,145 [a5098de2-f0c4-47ec-8432-b6585c1f7fac@group-B08F8F3FF410-LeaderElection9] INFO  impl.LeaderElection (LeaderElection.java:askForVotes(215)) - a5098de2-f0c4-47ec-8432-b6585c1f7fac@group-B08F8F3FF410-LeaderElection9: begin an election at term 1 for -1: [633cfa61-a66f-4939-87ff-03de11ff39ac|rpc:172.17.0.2:44639|dataStream:, a5098de2-f0c4-47ec-8432-b6585c1f7fac|rpc:172.17.0.2:32953|dataStream:, 19277de5-81fd-49d2-981e-fdfe1dd17921|rpc:172.17.0.2:45089|dataStream:], old=null
2020-12-03 13:59:46,171 [19277de5-81fd-49d2-981e-fdfe1dd17921@group-B08F8F3FF410-LeaderElection7] INFO  impl.LeaderElection (LeaderElection.java:logAndReturn(65)) - 19277de5-81fd-49d2-981e-fdfe1dd17921@group-B08F8F3FF410-LeaderElection7: Election REJECTED; received 2 response(s) [19277de5-81fd-49d2-981e-fdfe1dd17921<-633cfa61-a66f-4939-87ff-03de11ff39ac#0:FAIL-t1, 19277de5-81fd-49d2-981e-fdfe1dd17921<-a5098de2-f0c4-47ec-8432-b6585c1f7fac#0:FAIL-t1] and 0 exception(s); 19277de5-81fd-49d2-981e-fdfe1dd17921@group-B08F8F3FF410:t1, leader=null, voted=19277de5-81fd-49d2-981e-fdfe1dd17921, raftlog=19277de5-81fd-49d2-981e-fdfe1dd17921@group-B08F8F3FF410-SegmentedRaftLog:OPENED:c-1,f-1,i0, conf=-1: [633cfa61-a66f-4939-87ff-03de11ff39ac|rpc:172.17.0.2:44639, a5098de2-f0c4-47ec-8432-b6585c1f7fac|rpc:172.17.0.2:32953, 19277de5-81fd-49d2-981e-fdfe1dd17921|rpc:172.17.0.2:45089], old=null
2020-12-03 13:59:46,172 [19277de5-81fd-49d2-981e-fdfe1dd17921@group-B08F8F3FF410-LeaderElection7] INFO  impl.RaftServerImpl (RaftServerImpl.java:setRole(204)) - 19277de5-81fd-49d2-981e-fdfe1dd17921@group-B08F8F3FF410: changes role from CANDIDATE to FOLLOWER at term 1 for DISCOVERED_A_NEW_TERM
2020-12-03 13:59:46,172 [19277de5-81fd-49d2-981e-fdfe1dd17921@group-B08F8F3FF410-LeaderElection7] INFO  impl.RoleInfo (RoleInfo.java:shutdownLeaderElection(134)) - 19277de5-81fd-49d2-981e-fdfe1dd17921: shutdown 19277de5-81fd-49d2-981e-fdfe1dd17921@group-B08F8F3FF410-LeaderElection7
2020-12-03 13:59:46,172 [19277de5-81fd-49d2-981e-fdfe1dd17921@group-B08F8F3FF410-LeaderElection7] INFO  impl.RoleInfo (RoleInfo.java:updateAndGet(143)) - 19277de5-81fd-49d2-981e-fdfe1dd17921: start 19277de5-81fd-49d2-981e-fdfe1dd17921@group-B08F8F3FF410-FollowerState
2020-12-03 13:59:46,173 [grpc-default-executor-3] INFO  metrics.RatisMetrics (RatisMetrics.java:lambda$create$0(36)) - Creating Metrics Registry : ratis.server_message_metrics.19277de5-81fd-49d2-981e-fdfe1dd17921
2020-12-03 13:59:46,173 [grpc-default-executor-4] INFO  metrics.RatisMetrics (RatisMetrics.java:lambda$create$0(36)) - Creating Metrics Registry : ratis.server_message_metrics.19277de5-81fd-49d2-981e-fdfe1dd17921
2020-12-03 13:59:46,188 [633cfa61-a66f-4939-87ff-03de11ff39ac@group-B08F8F3FF410-LeaderElection8] INFO  impl.LeaderElection (LeaderElection.java:logAndReturn(65)) - 633cfa61-a66f-4939-87ff-03de11ff39ac@group-B08F8F3FF410-LeaderElection8: Election REJECTED; received 2 response(s) [633cfa61-a66f-4939-87ff-03de11ff39ac<-a5098de2-f0c4-47ec-8432-b6585c1f7fac#0:FAIL-t1, 633cfa61-a66f-4939-87ff-03de11ff39ac<-19277de5-81fd-49d2-981e-fdfe1dd17921#0:FAIL-t1] and 0 exception(s); 633cfa61-a66f-4939-87ff-03de11ff39ac@group-B08F8F3FF410:t1, leader=null, voted=633cfa61-a66f-4939-87ff-03de11ff39ac, raftlog=633cfa61-a66f-4939-87ff-03de11ff39ac@group-B08F8F3FF410-SegmentedRaftLog:OPENED:c-1,f-1,i0, conf=-1: [633cfa61-a66f-4939-87ff-03de11ff39ac|rpc:172.17.0.2:44639|dataStream:, a5098de2-f0c4-47ec-8432-b6585c1f7fac|rpc:172.17.0.2:32953|dataStream:, 19277de5-81fd-49d2-981e-fdfe1dd17921|rpc:172.17.0.2:45089|dataStream:], old=null
2020-12-03 13:59:46,189 [a5098de2-f0c4-47ec-8432-b6585c1f7fac@group-B08F8F3FF410-LeaderElection9] INFO  impl.LeaderElection (LeaderElection.java:logAndReturn(65)) - a5098de2-f0c4-47ec-8432-b6585c1f7fac@group-B08F8F3FF410-LeaderElection9: Election REJECTED; received 2 response(s) [a5098de2-f0c4-47ec-8432-b6585c1f7fac<-633cfa61-a66f-4939-87ff-03de11ff39ac#0:FAIL-t1, a5098de2-f0c4-47ec-8432-b6585c1f7fac<-19277de5-81fd-49d2-981e-fdfe1dd17921#0:FAIL-t1] and 0 exception(s); a5098de2-f0c4-47ec-8432-b6585c1f7fac@group-B08F8F3FF410:t1, leader=null, voted=a5098de2-f0c4-47ec-8432-b6585c1f7fac, raftlog=a5098de2-f0c4-47ec-8432-b6585c1f7fac@group-B08F8F3FF410-SegmentedRaftLog:OPENED:c-1,f-1,i0, conf=-1: [633cfa61-a66f-4939-87ff-03de11ff39ac|rpc:172.17.0.2:44639|dataStream:, a5098de2-f0c4-47ec-8432-b6585c1f7fac|rpc:172.17.0.2:32953|dataStream:, 19277de5-81fd-49d2-981e-fdfe1dd17921|rpc:172.17.0.2:45089|dataStream:], old=null
2020-12-03 13:59:46,189 [633cfa61-a66f-4939-87ff-03de11ff39ac@group-B08F8F3FF410-LeaderElection8] INFO  impl.RaftServerImpl (RaftServerImpl.java:setRole(204)) - 633cfa61-a66f-4939-87ff-03de11ff39ac@group-B08F8F3FF410: changes role from CANDIDATE to FOLLOWER at term 1 for DISCOVERED_A_NEW_TERM
2020-12-03 13:59:46,189 [633cfa61-a66f-4939-87ff-03de11ff39ac@group-B08F8F3FF410-LeaderElection8] INFO  impl.RoleInfo (RoleInfo.java:shutdownLeaderElection(134)) - 633cfa61-a66f-4939-87ff-03de11ff39ac: shutdown 633cfa61-a66f-4939-87ff-03de11ff39ac@group-B08F8F3FF410-LeaderElection8
2020-12-03 13:59:46,189 [a5098de2-f0c4-47ec-8432-b6585c1f7fac@group-B08F8F3FF410-LeaderElection9] INFO  impl.RaftServerImpl (RaftServerImpl.java:setRole(204)) - a5098de2-f0c4-47ec-8432-b6585c1f7fac@group-B08F8F3FF410: changes role from CANDIDATE to FOLLOWER at term 1 for DISCOVERED_A_NEW_TERM
2020-12-03 13:59:46,190 [a5098de2-f0c4-47ec-8432-b6585c1f7fac@group-B08F8F3FF410-LeaderElection9] INFO  impl.RoleInfo (RoleInfo.java:shutdownLeaderElection(134)) - a5098de2-f0c4-47ec-8432-b6585c1f7fac: shutdown a5098de2-f0c4-47ec-8432-b6585c1f7fac@group-B08F8F3FF410-LeaderElection9
2020-12-03 13:59:46,190 [a5098de2-f0c4-47ec-8432-b6585c1f7fac@group-B08F8F3FF410-LeaderElection9] INFO  impl.RoleInfo (RoleInfo.java:updateAndGet(143)) - a5098de2-f0c4-47ec-8432-b6585c1f7fac: start a5098de2-f0c4-47ec-8432-b6585c1f7fac@group-B08F8F3FF410-FollowerState
2020-12-03 13:59:46,189 [633cfa61-a66f-4939-87ff-03de11ff39ac@group-B08F8F3FF410-LeaderElection8] INFO  impl.RoleInfo (RoleInfo.java:updateAndGet(143)) - 633cfa61-a66f-4939-87ff-03de11ff39ac: start 633cfa61-a66f-4939-87ff-03de11ff39ac@group-B08F8F3FF410-FollowerState
2020-12-03 13:59:46,571 [Thread-319] INFO  impl.FollowerState (FollowerState.java:run(128)) - 633cfa61-a66f-4939-87ff-03de11ff39ac@group-A3B5EF21724C-FollowerState: change to CANDIDATE, lastRpcTime:5110ms, electionTimeout:5109ms
2020-12-03 13:59:46,571 [Thread-319] INFO  impl.RoleInfo (RoleInfo.java:shutdownFollowerState(121)) - 633cfa61-a66f-4939-87ff-03de11ff39ac: shutdown 633cfa61-a66f-4939-87ff-03de11ff39ac@group-A3B5EF21724C-FollowerState
2020-12-03 13:59:46,571 [Thread-319] INFO  impl.RaftServerImpl (RaftServerImpl.java:setRole(204)) - 633cfa61-a66f-4939-87ff-03de11ff39ac@group-A3B5EF21724C: changes role from  FOLLOWER to CANDIDATE at term 0 for changeToCandidate
2020-12-03 13:59:46,571 [Thread-319] INFO  impl.RoleInfo (RoleInfo.java:updateAndGet(143)) - 633cfa61-a66f-4939-87ff-03de11ff39ac: start 633cfa61-a66f-4939-87ff-03de11ff39ac@group-A3B5EF21724C-LeaderElection10
2020-12-03 13:59:46,575 [633cfa61-a66f-4939-87ff-03de11ff39ac@group-A3B5EF21724C-LeaderElection10] INFO  impl.LeaderElection (LeaderElection.java:askForVotes(215)) - 633cfa61-a66f-4939-87ff-03de11ff39ac@group-A3B5EF21724C-LeaderElection10: begin an election at term 1 for -1: [633cfa61-a66f-4939-87ff-03de11ff39ac|rpc:172.17.0.2:44639], old=null
2020-12-03 13:59:46,575 [633cfa61-a66f-4939-87ff-03de11ff39ac@group-A3B5EF21724C-LeaderElection10] INFO  impl.RoleInfo (RoleInfo.java:shutdownLeaderElection(134)) - 633cfa61-a66f-4939-87ff-03de11ff39ac: shutdown 633cfa61-a66f-4939-87ff-03de11ff39ac@group-A3B5EF21724C-LeaderElection10
2020-12-03 13:59:46,575 [633cfa61-a66f-4939-87ff-03de11ff39ac@group-A3B5EF21724C-LeaderElection10] INFO  impl.RaftServerImpl (RaftServerImpl.java:setRole(204)) - 633cfa61-a66f-4939-87ff-03de11ff39ac@group-A3B5EF21724C: changes role from CANDIDATE to LEADER at term 1 for changeToLeader
2020-12-03 13:59:46,575 [633cfa61-a66f-4939-87ff-03de11ff39ac@group-A3B5EF21724C-LeaderElection10] INFO  ratis.XceiverServerRatis (XceiverServerRatis.java:handleLeaderChangedNotification(854)) - Leader change notification received for group: group-A3B5EF21724C with new leaderId: 633cfa61-a66f-4939-87ff-03de11ff39ac
2020-12-03 13:59:46,575 [633cfa61-a66f-4939-87ff-03de11ff39ac@group-A3B5EF21724C-LeaderElection10] INFO  impl.RaftServerImpl (ServerState.java:setLeader(256)) - 633cfa61-a66f-4939-87ff-03de11ff39ac@group-A3B5EF21724C: change Leader from null to 633cfa61-a66f-4939-87ff-03de11ff39ac at term 1 for becomeLeader, leader elected after 5123ms
2020-12-03 13:59:46,576 [633cfa61-a66f-4939-87ff-03de11ff39ac@group-A3B5EF21724C-LeaderElection10] INFO  server.RaftServerConfigKeys (ConfUtils.java:logGet(44)) - raft.server.staging.catchup.gap = 1000 (default)
2020-12-03 13:59:46,576 [633cfa61-a66f-4939-87ff-03de11ff39ac@group-A3B5EF21724C-LeaderElection10] INFO  server.RaftServerConfigKeys (ConfUtils.java:logGet(44)) - raft.server.rpc.sleep.time = 25ms (default)
2020-12-03 13:59:46,576 [633cfa61-a66f-4939-87ff-03de11ff39ac@group-A3B5EF21724C-LeaderElection10] INFO  metrics.RatisMetrics (RatisMetrics.java:lambda$create$0(36)) - Creating Metrics Registry : ratis.log_appender.633cfa61-a66f-4939-87ff-03de11ff39ac@group-A3B5EF21724C
2020-12-03 13:59:46,577 [633cfa61-a66f-4939-87ff-03de11ff39ac@group-A3B5EF21724C-LeaderElection10] INFO  server.RaftServerConfigKeys (ConfUtils.java:logGet(44)) - raft.server.write.element-limit = 1024 (custom)
2020-12-03 13:59:46,577 [633cfa61-a66f-4939-87ff-03de11ff39ac@group-A3B5EF21724C-LeaderElection10] INFO  server.RaftServerConfigKeys (ConfUtils.java:logGet(44)) - raft.server.write.byte-limit = 1073741824 (custom)
2020-12-03 13:59:46,577 [EventQueue-PipelineReportForOneReplicaPipelineSafeModeRule] INFO  safemode.SCMSafeModeManager (SCMSafeModeManager.java:validateSafeModeExitRules(214)) - AtleastOneDatanodeReportedRule rule is successfully validated
2020-12-03 13:59:46,577 [633cfa61-a66f-4939-87ff-03de11ff39ac@group-A3B5EF21724C-LeaderElection10] INFO  server.RaftServerConfigKeys (ConfUtils.java:logGet(44)) - raft.server.watch.timeout = 180s (custom)
2020-12-03 13:59:46,577 [633cfa61-a66f-4939-87ff-03de11ff39ac@group-A3B5EF21724C-LeaderElection10] INFO  server.RaftServerConfigKeys (ConfUtils.java:logGet(44)) - raft.server.watch.timeout.denomination = 1s (default)
2020-12-03 13:59:46,577 [633cfa61-a66f-4939-87ff-03de11ff39ac@group-A3B5EF21724C-LeaderElection10] INFO  server.RaftServerConfigKeys (ConfUtils.java:logGet(44)) - raft.server.watch.element-limit = 65536 (default)
2020-12-03 13:59:46,577 [EventQueue-OpenPipelineForHealthyPipelineSafeModeRule] INFO  safemode.SCMSafeModeManager (HealthyPipelineSafeModeRule.java:process(128)) - SCM in safe mode. Healthy pipelines reported count is 0, required healthy pipeline reported count is 1
2020-12-03 13:59:46,578 [633cfa61-a66f-4939-87ff-03de11ff39ac@group-A3B5EF21724C-LeaderElection10] INFO  impl.RoleInfo (RoleInfo.java:updateAndGet(143)) - 633cfa61-a66f-4939-87ff-03de11ff39ac: start 633cfa61-a66f-4939-87ff-03de11ff39ac@group-A3B5EF21724C-LeaderState
2020-12-03 13:59:46,578 [633cfa61-a66f-4939-87ff-03de11ff39ac@group-A3B5EF21724C-LeaderElection10] INFO  segmented.SegmentedRaftLogWorker (SegmentedRaftLogWorker.java:startLogSegment(398)) - 633cfa61-a66f-4939-87ff-03de11ff39ac@group-A3B5EF21724C-SegmentedRaftLogWorker: Starting segment from index:0
2020-12-03 13:59:46,580 [633cfa61-a66f-4939-87ff-03de11ff39ac@group-A3B5EF21724C-SegmentedRaftLogWorker] INFO  segmented.SegmentedRaftLogWorker (SegmentedRaftLogWorker.java:execute(597)) - 633cfa61-a66f-4939-87ff-03de11ff39ac@group-A3B5EF21724C-SegmentedRaftLogWorker: created new log segment /github/workspace/mnt/ozone/hadoop-ozone/integration-test/target/test-dir/MiniOzoneClusterImpl-6c8cb788-3ebf-4599-90cd-3d9ebf402ba0/datanode-1/data/ratis/9bab225f-105c-44d6-96b1-a3b5ef21724c/current/log_inprogress_0
2020-12-03 13:59:46,585 [633cfa61-a66f-4939-87ff-03de11ff39ac@group-A3B5EF21724C-LeaderElection10] INFO  impl.RaftServerImpl (ServerState.java:setRaftConf(374)) - 633cfa61-a66f-4939-87ff-03de11ff39ac@group-A3B5EF21724C: set configuration 0: [633cfa61-a66f-4939-87ff-03de11ff39ac|rpc:172.17.0.2:44639|dataStream:], old=null at 0
2020-12-03 13:59:46,770 [Listener at 127.0.0.1/10068] INFO  ozone.MiniOzoneClusterImpl (MiniOzoneClusterImpl.java:lambda$waitForClusterToBeReady$0(178)) - Nodes are ready. Got 3 of 3 DN Heartbeats.
2020-12-03 13:59:46,770 [Listener at 127.0.0.1/10068] INFO  ozone.MiniOzoneClusterImpl (MiniOzoneClusterImpl.java:lambda$waitForClusterToBeReady$0(181)) - Waiting for cluster to exit safe mode
2020-12-03 13:59:46,966 [Thread-323] INFO  impl.FollowerState (FollowerState.java:run(128)) - a5098de2-f0c4-47ec-8432-b6585c1f7fac@group-95FF074C0A89-FollowerState: change to CANDIDATE, lastRpcTime:5172ms, electionTimeout:5168ms
2020-12-03 13:59:46,966 [Thread-323] INFO  impl.RoleInfo (RoleInfo.java:shutdownFollowerState(121)) - a5098de2-f0c4-47ec-8432-b6585c1f7fac: shutdown a5098de2-f0c4-47ec-8432-b6585c1f7fac@group-95FF074C0A89-FollowerState
2020-12-03 13:59:46,967 [Thread-323] INFO  impl.RaftServerImpl (RaftServerImpl.java:setRole(204)) - a5098de2-f0c4-47ec-8432-b6585c1f7fac@group-95FF074C0A89: changes role from  FOLLOWER to CANDIDATE at term 0 for changeToCandidate
2020-12-03 13:59:46,967 [Thread-323] INFO  impl.RoleInfo (RoleInfo.java:updateAndGet(143)) - a5098de2-f0c4-47ec-8432-b6585c1f7fac: start a5098de2-f0c4-47ec-8432-b6585c1f7fac@group-95FF074C0A89-LeaderElection11
2020-12-03 13:59:46,973 [a5098de2-f0c4-47ec-8432-b6585c1f7fac@group-95FF074C0A89-LeaderElection11] INFO  impl.LeaderElection (LeaderElection.java:askForVotes(215)) - a5098de2-f0c4-47ec-8432-b6585c1f7fac@group-95FF074C0A89-LeaderElection11: begin an election at term 1 for -1: [a5098de2-f0c4-47ec-8432-b6585c1f7fac|rpc:172.17.0.2:32953], old=null
2020-12-03 13:59:46,973 [a5098de2-f0c4-47ec-8432-b6585c1f7fac@group-95FF074C0A89-LeaderElection11] INFO  impl.RoleInfo (RoleInfo.java:shutdownLeaderElection(134)) - a5098de2-f0c4-47ec-8432-b6585c1f7fac: shutdown a5098de2-f0c4-47ec-8432-b6585c1f7fac@group-95FF074C0A89-LeaderElection11
2020-12-03 13:59:46,973 [a5098de2-f0c4-47ec-8432-b6585c1f7fac@group-95FF074C0A89-LeaderElection11] INFO  impl.RaftServerImpl (RaftServerImpl.java:setRole(204)) - a5098de2-f0c4-47ec-8432-b6585c1f7fac@group-95FF074C0A89: changes role from CANDIDATE to LEADER at term 1 for changeToLeader
2020-12-03 13:59:46,973 [a5098de2-f0c4-47ec-8432-b6585c1f7fac@group-95FF074C0A89-LeaderElection11] INFO  ratis.XceiverServerRatis (XceiverServerRatis.java:handleLeaderChangedNotification(854)) - Leader change notification received for group: group-95FF074C0A89 with new leaderId: a5098de2-f0c4-47ec-8432-b6585c1f7fac
2020-12-03 13:59:46,973 [a5098de2-f0c4-47ec-8432-b6585c1f7fac@group-95FF074C0A89-LeaderElection11] INFO  impl.RaftServerImpl (ServerState.java:setLeader(256)) - a5098de2-f0c4-47ec-8432-b6585c1f7fac@group-95FF074C0A89: change Leader from null to a5098de2-f0c4-47ec-8432-b6585c1f7fac at term 1 for becomeLeader, leader elected after 5186ms
2020-12-03 13:59:46,973 [a5098de2-f0c4-47ec-8432-b6585c1f7fac@group-95FF074C0A89-LeaderElection11] INFO  server.RaftServerConfigKeys (ConfUtils.java:logGet(44)) - raft.server.staging.catchup.gap = 1000 (default)
2020-12-03 13:59:46,974 [a5098de2-f0c4-47ec-8432-b6585c1f7fac@group-95FF074C0A89-LeaderElection11] INFO  server.RaftServerConfigKeys (ConfUtils.java:logGet(44)) - raft.server.rpc.sleep.time = 25ms (default)
2020-12-03 13:59:46,974 [a5098de2-f0c4-47ec-8432-b6585c1f7fac@group-95FF074C0A89-LeaderElection11] INFO  metrics.RatisMetrics (RatisMetrics.java:lambda$create$0(36)) - Creating Metrics Registry : ratis.log_appender.a5098de2-f0c4-47ec-8432-b6585c1f7fac@group-95FF074C0A89
2020-12-03 13:59:46,974 [a5098de2-f0c4-47ec-8432-b6585c1f7fac@group-95FF074C0A89-LeaderElection11] INFO  server.RaftServerConfigKeys (ConfUtils.java:logGet(44)) - raft.server.write.element-limit = 1024 (custom)
2020-12-03 13:59:46,974 [a5098de2-f0c4-47ec-8432-b6585c1f7fac@group-95FF074C0A89-LeaderElection11] INFO  server.RaftServerConfigKeys (ConfUtils.java:logGet(44)) - raft.server.write.byte-limit = 1073741824 (custom)
2020-12-03 13:59:46,975 [EventQueue-PipelineReportForOneReplicaPipelineSafeModeRule] INFO  safemode.SCMSafeModeManager (SCMSafeModeManager.java:validateSafeModeExitRules(214)) - AtleastOneDatanodeReportedRule rule is successfully validated
2020-12-03 13:59:46,975 [a5098de2-f0c4-47ec-8432-b6585c1f7fac@group-95FF074C0A89-LeaderElection11] INFO  server.RaftServerConfigKeys (ConfUtils.java:logGet(44)) - raft.server.watch.timeout = 180s (custom)
2020-12-03 13:59:46,975 [EventQueue-OpenPipelineForHealthyPipelineSafeModeRule] INFO  safemode.SCMSafeModeManager (HealthyPipelineSafeModeRule.java:process(128)) - SCM in safe mode. Healthy pipelines reported count is 0, required healthy pipeline reported count is 1
2020-12-03 13:59:46,975 [a5098de2-f0c4-47ec-8432-b6585c1f7fac@group-95FF074C0A89-LeaderElection11] INFO  server.RaftServerConfigKeys (ConfUtils.java:logGet(44)) - raft.server.watch.timeout.denomination = 1s (default)
2020-12-03 13:59:46,976 [a5098de2-f0c4-47ec-8432-b6585c1f7fac@group-95FF074C0A89-LeaderElection11] INFO  server.RaftServerConfigKeys (ConfUtils.java:logGet(44)) - raft.server.watch.element-limit = 65536 (default)
2020-12-03 13:59:46,976 [a5098de2-f0c4-47ec-8432-b6585c1f7fac@group-95FF074C0A89-LeaderElection11] INFO  impl.RoleInfo (RoleInfo.java:updateAndGet(143)) - a5098de2-f0c4-47ec-8432-b6585c1f7fac: start a5098de2-f0c4-47ec-8432-b6585c1f7fac@group-95FF074C0A89-LeaderState
2020-12-03 13:59:46,976 [a5098de2-f0c4-47ec-8432-b6585c1f7fac@group-95FF074C0A89-LeaderElection11] INFO  segmented.SegmentedRaftLogWorker (SegmentedRaftLogWorker.java:startLogSegment(398)) - a5098de2-f0c4-47ec-8432-b6585c1f7fac@group-95FF074C0A89-SegmentedRaftLogWorker: Starting segment from index:0
2020-12-03 13:59:46,978 [a5098de2-f0c4-47ec-8432-b6585c1f7fac@group-95FF074C0A89-LeaderElection11] INFO  impl.RaftServerImpl (ServerState.java:setRaftConf(374)) - a5098de2-f0c4-47ec-8432-b6585c1f7fac@group-95FF074C0A89: set configuration 0: [a5098de2-f0c4-47ec-8432-b6585c1f7fac|rpc:172.17.0.2:32953|dataStream:], old=null at 0
2020-12-03 13:59:46,978 [a5098de2-f0c4-47ec-8432-b6585c1f7fac@group-95FF074C0A89-SegmentedRaftLogWorker] INFO  segmented.SegmentedRaftLogWorker (SegmentedRaftLogWorker.java:execute(597)) - a5098de2-f0c4-47ec-8432-b6585c1f7fac@group-95FF074C0A89-SegmentedRaftLogWorker: created new log segment /github/workspace/mnt/ozone/hadoop-ozone/integration-test/target/test-dir/MiniOzoneClusterImpl-6c8cb788-3ebf-4599-90cd-3d9ebf402ba0/datanode-2/data/ratis/12bd821b-026d-447a-8793-95ff074c0a89/current/log_inprogress_0
2020-12-03 13:59:47,770 [Listener at 127.0.0.1/10068] INFO  ozone.MiniOzoneClusterImpl (MiniOzoneClusterImpl.java:lambda$waitForClusterToBeReady$0(178)) - Nodes are ready. Got 3 of 3 DN Heartbeats.
2020-12-03 13:59:47,770 [Listener at 127.0.0.1/10068] INFO  ozone.MiniOzoneClusterImpl (MiniOzoneClusterImpl.java:lambda$waitForClusterToBeReady$0(181)) - Waiting for cluster to exit safe mode
2020-12-03 13:59:48,003 [org.apache.ratis.server.JvmPauseMonitor@6abf9567-Monitor] WARN  server.JvmPauseMonitor (JvmPauseMonitor.java:run(141)) - Detected pause in JVM or host machine (eg GC): pause of approximately 1ms
GC pool 'PS MarkSweep' had collection(s): count=1 time=140ms
GC pool 'PS Scavenge' had collection(s): count=1 time=33ms
2020-12-03 13:59:48,003 [org.apache.ratis.server.JvmPauseMonitor@4a40e84b-Monitor] WARN  server.JvmPauseMonitor (JvmPauseMonitor.java:run(141)) - Detected pause in JVM or host machine (eg GC): pause of approximately 1ms
GC pool 'PS MarkSweep' had collection(s): count=1 time=140ms
GC pool 'PS Scavenge' had collection(s): count=2 time=55ms
2020-12-03 13:59:48,771 [Listener at 127.0.0.1/10068] INFO  ozone.MiniOzoneClusterImpl (MiniOzoneClusterImpl.java:lambda$waitForClusterToBeReady$0(178)) - Nodes are ready. Got 3 of 3 DN Heartbeats.
2020-12-03 13:59:48,771 [Listener at 127.0.0.1/10068] INFO  ozone.MiniOzoneClusterImpl (MiniOzoneClusterImpl.java:lambda$waitForClusterToBeReady$0(181)) - Waiting for cluster to exit safe mode
2020-12-03 13:59:49,771 [Listener at 127.0.0.1/10068] INFO  ozone.MiniOzoneClusterImpl (MiniOzoneClusterImpl.java:lambda$waitForClusterToBeReady$0(178)) - Nodes are ready. Got 3 of 3 DN Heartbeats.
2020-12-03 13:59:49,771 [Listener at 127.0.0.1/10068] INFO  ozone.MiniOzoneClusterImpl (MiniOzoneClusterImpl.java:lambda$waitForClusterToBeReady$0(181)) - Waiting for cluster to exit safe mode
2020-12-03 13:59:50,771 [Listener at 127.0.0.1/10068] INFO  ozone.MiniOzoneClusterImpl (MiniOzoneClusterImpl.java:lambda$waitForClusterToBeReady$0(178)) - Nodes are ready. Got 3 of 3 DN Heartbeats.
2020-12-03 13:59:50,772 [Listener at 127.0.0.1/10068] INFO  ozone.MiniOzoneClusterImpl (MiniOzoneClusterImpl.java:lambda$waitForClusterToBeReady$0(181)) - Waiting for cluster to exit safe mode
2020-12-03 13:59:51,246 [Thread-351] INFO  impl.FollowerState (FollowerState.java:run(128)) - 19277de5-81fd-49d2-981e-fdfe1dd17921@group-B08F8F3FF410-FollowerState: change to CANDIDATE, lastRpcTime:5074ms, electionTimeout:5065ms
2020-12-03 13:59:51,246 [Thread-351] INFO  impl.RoleInfo (RoleInfo.java:shutdownFollowerState(121)) - 19277de5-81fd-49d2-981e-fdfe1dd17921: shutdown 19277de5-81fd-49d2-981e-fdfe1dd17921@group-B08F8F3FF410-FollowerState
2020-12-03 13:59:51,246 [Thread-351] INFO  impl.RaftServerImpl (RaftServerImpl.java:setRole(204)) - 19277de5-81fd-49d2-981e-fdfe1dd17921@group-B08F8F3FF410: changes role from  FOLLOWER to CANDIDATE at term 1 for changeToCandidate
2020-12-03 13:59:51,246 [Thread-351] INFO  impl.RoleInfo (RoleInfo.java:updateAndGet(143)) - 19277de5-81fd-49d2-981e-fdfe1dd17921: start 19277de5-81fd-49d2-981e-fdfe1dd17921@group-B08F8F3FF410-LeaderElection12
2020-12-03 13:59:51,249 [19277de5-81fd-49d2-981e-fdfe1dd17921@group-B08F8F3FF410-LeaderElection12] INFO  impl.LeaderElection (LeaderElection.java:askForVotes(215)) - 19277de5-81fd-49d2-981e-fdfe1dd17921@group-B08F8F3FF410-LeaderElection12: begin an election at term 2 for -1: [633cfa61-a66f-4939-87ff-03de11ff39ac|rpc:172.17.0.2:44639, a5098de2-f0c4-47ec-8432-b6585c1f7fac|rpc:172.17.0.2:32953, 19277de5-81fd-49d2-981e-fdfe1dd17921|rpc:172.17.0.2:45089], old=null
2020-12-03 13:59:51,255 [grpc-default-executor-2] INFO  impl.RaftServerImpl (RaftServerImpl.java:setRole(204)) - 633cfa61-a66f-4939-87ff-03de11ff39ac@group-B08F8F3FF410: changes role from  FOLLOWER to FOLLOWER at term 2 for recognizeCandidate:19277de5-81fd-49d2-981e-fdfe1dd17921
2020-12-03 13:59:51,255 [grpc-default-executor-2] INFO  impl.RoleInfo (RoleInfo.java:shutdownFollowerState(121)) - 633cfa61-a66f-4939-87ff-03de11ff39ac: shutdown 633cfa61-a66f-4939-87ff-03de11ff39ac@group-B08F8F3FF410-FollowerState
2020-12-03 13:59:51,255 [grpc-default-executor-2] INFO  impl.RoleInfo (RoleInfo.java:updateAndGet(143)) - 633cfa61-a66f-4939-87ff-03de11ff39ac: start 633cfa61-a66f-4939-87ff-03de11ff39ac@group-B08F8F3FF410-FollowerState
2020-12-03 13:59:51,255 [Thread-352] INFO  impl.FollowerState (FollowerState.java:run(137)) - 633cfa61-a66f-4939-87ff-03de11ff39ac@group-B08F8F3FF410-FollowerState was interrupted: {}
java.lang.InterruptedException: sleep interrupted
	at java.lang.Thread.sleep(Native Method)
	at org.apache.ratis.util.JavaUtils.sleep(JavaUtils.java:250)
	at org.apache.ratis.server.impl.FollowerState.run(FollowerState.java:116)
2020-12-03 13:59:51,255 [grpc-default-executor-2] INFO  impl.RaftServerImpl (RaftServerImpl.java:requestVote(963)) -  FOLLOWER 633cfa61-a66f-4939-87ff-03de11ff39ac@group-B08F8F3FF410:t2, leader=null, voted=null, raftlog=633cfa61-a66f-4939-87ff-03de11ff39ac@group-B08F8F3FF410-SegmentedRaftLog:OPENED:c-1,f-1,i0, conf=-1: [633cfa61-a66f-4939-87ff-03de11ff39ac|rpc:172.17.0.2:44639|dataStream:, a5098de2-f0c4-47ec-8432-b6585c1f7fac|rpc:172.17.0.2:32953|dataStream:, 19277de5-81fd-49d2-981e-fdfe1dd17921|rpc:172.17.0.2:45089|dataStream:], old=null RUNNING priority:0 candidate:19277de5-81fd-49d2-981e-fdfe1dd17921|rpc:172.17.0.2:45089|dataStream: candidatePriority:0 compare:0
2020-12-03 13:59:51,258 [19277de5-81fd-49d2-981e-fdfe1dd17921@group-B08F8F3FF410-LeaderElection12] INFO  impl.LeaderElection (LeaderElection.java:logAndReturn(65)) - 19277de5-81fd-49d2-981e-fdfe1dd17921@group-B08F8F3FF410-LeaderElection12: Election PASSED; received 1 response(s) [19277de5-81fd-49d2-981e-fdfe1dd17921<-633cfa61-a66f-4939-87ff-03de11ff39ac#0:OK-t2] and 0 exception(s); 19277de5-81fd-49d2-981e-fdfe1dd17921@group-B08F8F3FF410:t2, leader=null, voted=19277de5-81fd-49d2-981e-fdfe1dd17921, raftlog=19277de5-81fd-49d2-981e-fdfe1dd17921@group-B08F8F3FF410-SegmentedRaftLog:OPENED:c-1,f-1,i0, conf=-1: [633cfa61-a66f-4939-87ff-03de11ff39ac|rpc:172.17.0.2:44639, a5098de2-f0c4-47ec-8432-b6585c1f7fac|rpc:172.17.0.2:32953, 19277de5-81fd-49d2-981e-fdfe1dd17921|rpc:172.17.0.2:45089], old=null
2020-12-03 13:59:51,260 [19277de5-81fd-49d2-981e-fdfe1dd17921@group-B08F8F3FF410-LeaderElection12] INFO  impl.RoleInfo (RoleInfo.java:shutdownLeaderElection(134)) - 19277de5-81fd-49d2-981e-fdfe1dd17921: shutdown 19277de5-81fd-49d2-981e-fdfe1dd17921@group-B08F8F3FF410-LeaderElection12
2020-12-03 13:59:51,260 [19277de5-81fd-49d2-981e-fdfe1dd17921@group-B08F8F3FF410-LeaderElection12] INFO  impl.RaftServerImpl (RaftServerImpl.java:setRole(204)) - 19277de5-81fd-49d2-981e-fdfe1dd17921@group-B08F8F3FF410: changes role from CANDIDATE to LEADER at term 2 for changeToLeader
2020-12-03 13:59:51,260 [19277de5-81fd-49d2-981e-fdfe1dd17921@group-B08F8F3FF410-LeaderElection12] INFO  ratis.XceiverServerRatis (XceiverServerRatis.java:handleLeaderChangedNotification(854)) - Leader change notification received for group: group-B08F8F3FF410 with new leaderId: 19277de5-81fd-49d2-981e-fdfe1dd17921
2020-12-03 13:59:51,261 [19277de5-81fd-49d2-981e-fdfe1dd17921@group-B08F8F3FF410-LeaderElection12] INFO  impl.RaftServerImpl (ServerState.java:setLeader(256)) - 19277de5-81fd-49d2-981e-fdfe1dd17921@group-B08F8F3FF410: change Leader from null to 19277de5-81fd-49d2-981e-fdfe1dd17921 at term 2 for becomeLeader, leader elected after 10370ms
2020-12-03 13:59:51,261 [19277de5-81fd-49d2-981e-fdfe1dd17921@group-B08F8F3FF410-LeaderElection12] INFO  server.RaftServerConfigKeys (ConfUtils.java:logGet(44)) - raft.server.staging.catchup.gap = 1000 (default)
2020-12-03 13:59:51,261 [19277de5-81fd-49d2-981e-fdfe1dd17921@group-B08F8F3FF410-LeaderElection12] INFO  server.RaftServerConfigKeys (ConfUtils.java:logGet(44)) - raft.server.rpc.sleep.time = 25ms (default)
2020-12-03 13:59:51,261 [19277de5-81fd-49d2-981e-fdfe1dd17921@group-B08F8F3FF410-LeaderElection12] INFO  metrics.RatisMetrics (RatisMetrics.java:lambda$create$0(36)) - Creating Metrics Registry : ratis.log_appender.19277de5-81fd-49d2-981e-fdfe1dd17921@group-B08F8F3FF410
2020-12-03 13:59:51,261 [19277de5-81fd-49d2-981e-fdfe1dd17921@group-B08F8F3FF410-LeaderElection12] INFO  server.RaftServerConfigKeys (ConfUtils.java:logGet(44)) - raft.server.write.element-limit = 1024 (custom)
2020-12-03 13:59:51,261 [19277de5-81fd-49d2-981e-fdfe1dd17921@group-B08F8F3FF410-LeaderElection12] INFO  server.RaftServerConfigKeys (ConfUtils.java:logGet(44)) - raft.server.write.byte-limit = 1073741824 (custom)
2020-12-03 13:59:51,262 [19277de5-81fd-49d2-981e-fdfe1dd17921@group-B08F8F3FF410-LeaderElection12] INFO  server.RaftServerConfigKeys (ConfUtils.java:logGet(44)) - raft.server.watch.timeout = 180s (custom)
2020-12-03 13:59:51,262 [19277de5-81fd-49d2-981e-fdfe1dd17921@group-B08F8F3FF410-LeaderElection12] INFO  server.RaftServerConfigKeys (ConfUtils.java:logGet(44)) - raft.server.watch.timeout.denomination = 1s (default)
2020-12-03 13:59:51,262 [19277de5-81fd-49d2-981e-fdfe1dd17921@group-B08F8F3FF410-LeaderElection12] INFO  server.RaftServerConfigKeys (ConfUtils.java:logGet(44)) - raft.server.watch.element-limit = 65536 (default)
2020-12-03 13:59:51,262 [19277de5-81fd-49d2-981e-fdfe1dd17921@group-B08F8F3FF410-LeaderElection12] INFO  server.RaftServerConfigKeys (ConfUtils.java:logGet(44)) - raft.server.log.appender.snapshot.chunk.size.max = 16MB (=16777216) (default)
2020-12-03 13:59:51,262 [19277de5-81fd-49d2-981e-fdfe1dd17921@group-B08F8F3FF410-LeaderElection12] INFO  server.RaftServerConfigKeys (ConfUtils.java:logGet(44)) - raft.server.log.appender.buffer.byte-limit = 33554432 (custom)
2020-12-03 13:59:51,262 [19277de5-81fd-49d2-981e-fdfe1dd17921@group-B08F8F3FF410-LeaderElection12] INFO  server.RaftServerConfigKeys (ConfUtils.java:logGet(44)) - raft.server.log.appender.buffer.element-limit = 1 (custom)
2020-12-03 13:59:51,263 [19277de5-81fd-49d2-981e-fdfe1dd17921@group-B08F8F3FF410-LeaderElection12] INFO  grpc.GrpcConfigKeys (ConfUtils.java:logGet(44)) - raft.grpc.server.leader.outstanding.appends.max = 128 (default)
2020-12-03 13:59:51,264 [EventQueue-OpenPipelineForHealthyPipelineSafeModeRule] INFO  safemode.SCMSafeModeManager (HealthyPipelineSafeModeRule.java:process(128)) - SCM in safe mode. Healthy pipelines reported count is 0, required healthy pipeline reported count is 1
2020-12-03 13:59:51,264 [EventQueue-PipelineReportForPipelineReportHandler] INFO  pipeline.PipelineStateManager (PipelineStateManager.java:openPipeline(132)) - Pipeline Pipeline[ Id: 306e88bd-47e4-4ad7-970c-b08f8f3ff410, Nodes: 633cfa61-a66f-4939-87ff-03de11ff39ac{ip: 172.17.0.2, host: 8f6ffd452453, networkLocation: /default-rack, certSerialId: null}a5098de2-f0c4-47ec-8432-b6585c1f7fac{ip: 172.17.0.2, host: 8f6ffd452453, networkLocation: /default-rack, certSerialId: null}19277de5-81fd-49d2-981e-fdfe1dd17921{ip: 172.17.0.2, host: 8f6ffd452453, networkLocation: /default-rack, certSerialId: null}, Type:RATIS, Factor:THREE, State:ALLOCATED, leaderId:19277de5-81fd-49d2-981e-fdfe1dd17921, CreationTimestamp2020-12-03T13:59:38.787Z] moved to OPEN state
2020-12-03 13:59:51,264 [EventQueue-PipelineReportForOneReplicaPipelineSafeModeRule] INFO  safemode.SCMSafeModeManager (SCMSafeModeManager.java:validateSafeModeExitRules(214)) - AtleastOneDatanodeReportedRule rule is successfully validated
2020-12-03 13:59:51,266 [EventQueue-OpenPipelineForHealthyPipelineSafeModeRule] INFO  safemode.SCMSafeModeManager (HealthyPipelineSafeModeRule.java:process(128)) - SCM in safe mode. Healthy pipelines reported count is 1, required healthy pipeline reported count is 1
2020-12-03 13:59:51,268 [EventQueue-OpenPipelineForHealthyPipelineSafeModeRule] INFO  safemode.SCMSafeModeManager (SCMSafeModeManager.java:validateSafeModeExitRules(214)) - HealthyPipelineSafeModeRule rule is successfully validated
2020-12-03 13:59:51,268 [EventQueue-OpenPipelineForHealthyPipelineSafeModeRule] INFO  safemode.SCMSafeModeManager (SCMSafeModeManager.java:validateSafeModeExitRules(228)) - ScmSafeModeManager, all rules are successfully validated
2020-12-03 13:59:51,263 [grpc-default-executor-2] INFO  impl.RaftServerImpl (RaftServerImpl.java:setRole(204)) - a5098de2-f0c4-47ec-8432-b6585c1f7fac@group-B08F8F3FF410: changes role from  FOLLOWER to FOLLOWER at term 2 for recognizeCandidate:19277de5-81fd-49d2-981e-fdfe1dd17921
2020-12-03 13:59:51,268 [grpc-default-executor-2] INFO  impl.RoleInfo (RoleInfo.java:shutdownFollowerState(121)) - a5098de2-f0c4-47ec-8432-b6585c1f7fac: shutdown a5098de2-f0c4-47ec-8432-b6585c1f7fac@group-B08F8F3FF410-FollowerState
2020-12-03 13:59:51,268 [grpc-default-executor-2] INFO  impl.RoleInfo (RoleInfo.java:updateAndGet(143)) - a5098de2-f0c4-47ec-8432-b6585c1f7fac: start a5098de2-f0c4-47ec-8432-b6585c1f7fac@group-B08F8F3FF410-FollowerState
2020-12-03 13:59:51,269 [Thread-353] INFO  impl.FollowerState (FollowerState.java:run(137)) - a5098de2-f0c4-47ec-8432-b6585c1f7fac@group-B08F8F3FF410-FollowerState was interrupted: {}
java.lang.InterruptedException: sleep interrupted
	at java.lang.Thread.sleep(Native Method)
	at org.apache.ratis.util.JavaUtils.sleep(JavaUtils.java:250)
	at org.apache.ratis.server.impl.FollowerState.run(FollowerState.java:116)
2020-12-03 13:59:51,268 [EventQueue-OpenPipelineForHealthyPipelineSafeModeRule] INFO  safemode.SCMSafeModeManager (SCMSafeModeManager.java:exitSafeMode(257)) - SCM exiting safe mode.
2020-12-03 13:59:51,265 [19277de5-81fd-49d2-981e-fdfe1dd17921@group-B08F8F3FF410-LeaderElection12] INFO  server.RaftServerConfigKeys (ConfUtils.java:logGet(44)) - raft.server.rpc.request.timeout = 60s (custom)
2020-12-03 13:59:51,270 [19277de5-81fd-49d2-981e-fdfe1dd17921@group-B08F8F3FF410-LeaderElection12] INFO  server.RaftServerConfigKeys (ConfUtils.java:logGet(44)) - raft.server.log.appender.install.snapshot.enabled = false (custom)
2020-12-03 13:59:51,270 [19277de5-81fd-49d2-981e-fdfe1dd17921@group-B08F8F3FF410-LeaderElection12] INFO  metrics.RatisMetrics (RatisMetrics.java:lambda$create$0(36)) - Creating Metrics Registry : ratis_grpc.log_appender.19277de5-81fd-49d2-981e-fdfe1dd17921@group-B08F8F3FF410
2020-12-03 13:59:51,271 [19277de5-81fd-49d2-981e-fdfe1dd17921@group-B08F8F3FF410-LeaderElection12] INFO  server.RaftServerConfigKeys (ConfUtils.java:logGet(44)) - raft.server.log.appender.snapshot.chunk.size.max = 16MB (=16777216) (default)
2020-12-03 13:59:51,271 [19277de5-81fd-49d2-981e-fdfe1dd17921@group-B08F8F3FF410-LeaderElection12] INFO  server.RaftServerConfigKeys (ConfUtils.java:logGet(44)) - raft.server.log.appender.buffer.byte-limit = 33554432 (custom)
2020-12-03 13:59:51,271 [19277de5-81fd-49d2-981e-fdfe1dd17921@group-B08F8F3FF410-LeaderElection12] INFO  server.RaftServerConfigKeys (ConfUtils.java:logGet(44)) - raft.server.log.appender.buffer.element-limit = 1 (custom)
2020-12-03 13:59:51,269 [grpc-default-executor-2] INFO  impl.RaftServerImpl (RaftServerImpl.java:requestVote(963)) -  FOLLOWER a5098de2-f0c4-47ec-8432-b6585c1f7fac@group-B08F8F3FF410:t2, leader=null, voted=null, raftlog=a5098de2-f0c4-47ec-8432-b6585c1f7fac@group-B08F8F3FF410-SegmentedRaftLog:OPENED:c-1,f-1,i0, conf=-1: [633cfa61-a66f-4939-87ff-03de11ff39ac|rpc:172.17.0.2:44639|dataStream:, a5098de2-f0c4-47ec-8432-b6585c1f7fac|rpc:172.17.0.2:32953|dataStream:, 19277de5-81fd-49d2-981e-fdfe1dd17921|rpc:172.17.0.2:45089|dataStream:], old=null RUNNING priority:0 candidate:19277de5-81fd-49d2-981e-fdfe1dd17921|rpc:172.17.0.2:45089|dataStream: candidatePriority:0 compare:0
2020-12-03 13:59:51,278 [19277de5-81fd-49d2-981e-fdfe1dd17921@group-B08F8F3FF410-LeaderElection12] INFO  grpc.GrpcConfigKeys (ConfUtils.java:logGet(44)) - raft.grpc.server.leader.outstanding.appends.max = 128 (default)
2020-12-03 13:59:51,278 [19277de5-81fd-49d2-981e-fdfe1dd17921@group-B08F8F3FF410-LeaderElection12] INFO  server.RaftServerConfigKeys (ConfUtils.java:logGet(44)) - raft.server.rpc.request.timeout = 60s (custom)
2020-12-03 13:59:51,278 [19277de5-81fd-49d2-981e-fdfe1dd17921@group-B08F8F3FF410-LeaderElection12] INFO  server.RaftServerConfigKeys (ConfUtils.java:logGet(44)) - raft.server.log.appender.install.snapshot.enabled = false (custom)
2020-12-03 13:59:51,279 [19277de5-81fd-49d2-981e-fdfe1dd17921@group-B08F8F3FF410-LeaderElection12] INFO  impl.RoleInfo (RoleInfo.java:updateAndGet(143)) - 19277de5-81fd-49d2-981e-fdfe1dd17921: start 19277de5-81fd-49d2-981e-fdfe1dd17921@group-B08F8F3FF410-LeaderState
2020-12-03 13:59:51,280 [19277de5-81fd-49d2-981e-fdfe1dd17921@group-B08F8F3FF410-LeaderElection12] INFO  segmented.SegmentedRaftLogWorker (SegmentedRaftLogWorker.java:startLogSegment(398)) - 19277de5-81fd-49d2-981e-fdfe1dd17921@group-B08F8F3FF410-SegmentedRaftLogWorker: Starting segment from index:0
2020-12-03 13:59:51,282 [19277de5-81fd-49d2-981e-fdfe1dd17921@group-B08F8F3FF410-SegmentedRaftLogWorker] INFO  segmented.SegmentedRaftLogWorker (SegmentedRaftLogWorker.java:execute(597)) - 19277de5-81fd-49d2-981e-fdfe1dd17921@group-B08F8F3FF410-SegmentedRaftLogWorker: created new log segment /github/workspace/mnt/ozone/hadoop-ozone/integration-test/target/test-dir/MiniOzoneClusterImpl-6c8cb788-3ebf-4599-90cd-3d9ebf402ba0/datanode-0/data/ratis/306e88bd-47e4-4ad7-970c-b08f8f3ff410/current/log_inprogress_0
2020-12-03 13:59:51,300 [19277de5-81fd-49d2-981e-fdfe1dd17921@group-B08F8F3FF410-LeaderElection12] INFO  impl.RaftServerImpl (ServerState.java:setRaftConf(374)) - 19277de5-81fd-49d2-981e-fdfe1dd17921@group-B08F8F3FF410: set configuration 0: [633cfa61-a66f-4939-87ff-03de11ff39ac|rpc:172.17.0.2:44639|dataStream:, a5098de2-f0c4-47ec-8432-b6585c1f7fac|rpc:172.17.0.2:32953|dataStream:, 19277de5-81fd-49d2-981e-fdfe1dd17921|rpc:172.17.0.2:45089|dataStream:], old=null at 0
2020-12-03 13:59:51,308 [grpc-default-executor-4] INFO  ratis.XceiverServerRatis (XceiverServerRatis.java:handleLeaderChangedNotification(854)) - Leader change notification received for group: group-B08F8F3FF410 with new leaderId: 19277de5-81fd-49d2-981e-fdfe1dd17921
2020-12-03 13:59:51,308 [grpc-default-executor-4] INFO  impl.RaftServerImpl (ServerState.java:setLeader(256)) - 633cfa61-a66f-4939-87ff-03de11ff39ac@group-B08F8F3FF410: change Leader from null to 19277de5-81fd-49d2-981e-fdfe1dd17921 at term 2 for appendEntries, leader elected after 10323ms
2020-12-03 13:59:51,310 [grpc-default-executor-4] INFO  impl.RaftServerImpl (ServerState.java:setRaftConf(374)) - 633cfa61-a66f-4939-87ff-03de11ff39ac@group-B08F8F3FF410: set configuration 0: [633cfa61-a66f-4939-87ff-03de11ff39ac|rpc:172.17.0.2:44639|dataStream:, a5098de2-f0c4-47ec-8432-b6585c1f7fac|rpc:172.17.0.2:32953|dataStream:, 19277de5-81fd-49d2-981e-fdfe1dd17921|rpc:172.17.0.2:45089|dataStream:], old=null at 0
2020-12-03 13:59:51,310 [grpc-default-executor-4] INFO  segmented.SegmentedRaftLogWorker (SegmentedRaftLogWorker.java:startLogSegment(398)) - 633cfa61-a66f-4939-87ff-03de11ff39ac@group-B08F8F3FF410-SegmentedRaftLogWorker: Starting segment from index:0
2020-12-03 13:59:51,313 [633cfa61-a66f-4939-87ff-03de11ff39ac@group-B08F8F3FF410-SegmentedRaftLogWorker] INFO  segmented.SegmentedRaftLogWorker (SegmentedRaftLogWorker.java:execute(597)) - 633cfa61-a66f-4939-87ff-03de11ff39ac@group-B08F8F3FF410-SegmentedRaftLogWorker: created new log segment /github/workspace/mnt/ozone/hadoop-ozone/integration-test/target/test-dir/MiniOzoneClusterImpl-6c8cb788-3ebf-4599-90cd-3d9ebf402ba0/datanode-1/data/ratis/306e88bd-47e4-4ad7-970c-b08f8f3ff410/current/log_inprogress_0
2020-12-03 13:59:51,320 [grpc-default-executor-2] INFO  ratis.XceiverServerRatis (XceiverServerRatis.java:handleLeaderChangedNotification(854)) - Leader change notification received for group: group-B08F8F3FF410 with new leaderId: 19277de5-81fd-49d2-981e-fdfe1dd17921
2020-12-03 13:59:51,321 [grpc-default-executor-2] INFO  impl.RaftServerImpl (ServerState.java:setLeader(256)) - a5098de2-f0c4-47ec-8432-b6585c1f7fac@group-B08F8F3FF410: change Leader from null to 19277de5-81fd-49d2-981e-fdfe1dd17921 at term 2 for appendEntries, leader elected after 10262ms
2020-12-03 13:59:51,338 [grpc-default-executor-2] INFO  impl.RaftServerImpl (ServerState.java:setRaftConf(374)) - a5098de2-f0c4-47ec-8432-b6585c1f7fac@group-B08F8F3FF410: set configuration 0: [633cfa61-a66f-4939-87ff-03de11ff39ac|rpc:172.17.0.2:44639|dataStream:, a5098de2-f0c4-47ec-8432-b6585c1f7fac|rpc:172.17.0.2:32953|dataStream:, 19277de5-81fd-49d2-981e-fdfe1dd17921|rpc:172.17.0.2:45089|dataStream:], old=null at 0
2020-12-03 13:59:51,338 [grpc-default-executor-2] INFO  segmented.SegmentedRaftLogWorker (SegmentedRaftLogWorker.java:startLogSegment(398)) - a5098de2-f0c4-47ec-8432-b6585c1f7fac@group-B08F8F3FF410-SegmentedRaftLogWorker: Starting segment from index:0
2020-12-03 13:59:51,340 [a5098de2-f0c4-47ec-8432-b6585c1f7fac@group-B08F8F3FF410-SegmentedRaftLogWorker] INFO  segmented.SegmentedRaftLogWorker (SegmentedRaftLogWorker.java:execute(597)) - a5098de2-f0c4-47ec-8432-b6585c1f7fac@group-B08F8F3FF410-SegmentedRaftLogWorker: created new log segment /github/workspace/mnt/ozone/hadoop-ozone/integration-test/target/test-dir/MiniOzoneClusterImpl-6c8cb788-3ebf-4599-90cd-3d9ebf402ba0/datanode-2/data/ratis/306e88bd-47e4-4ad7-970c-b08f8f3ff410/current/log_inprogress_0
2020-12-03 13:59:51,772 [Listener at 127.0.0.1/10068] INFO  ozone.MiniOzoneClusterImpl (MiniOzoneClusterImpl.java:lambda$waitForClusterToBeReady$0(178)) - Nodes are ready. Got 3 of 3 DN Heartbeats.
2020-12-03 13:59:51,772 [Listener at 127.0.0.1/10068] INFO  ozone.MiniOzoneClusterImpl (MiniOzoneClusterImpl.java:lambda$waitForClusterToBeReady$0(181)) - Cluster exits safe mode
2020-12-03 13:59:52,063 [IPC Server handler 9 on default port 10056] INFO  ipc.Server (Server.java:logException(2976)) - IPC Server handler 9 on default port 10056, call Call#53 Retry#0 org.apache.hadoop.ozone.om.protocol.OzoneManagerProtocol.submitRequest from 127.0.0.1:49654
org.apache.hadoop.ozone.om.exceptions.OMNotLeaderException: OM:omNode-1 is not the leader. Could not determine the leader node.
	at org.apache.hadoop.ozone.protocolPB.OzoneManagerProtocolServerSideTranslatorPB.createNotLeaderException(OzoneManagerProtocolServerSideTranslatorPB.java:202)
	at org.apache.hadoop.ozone.protocolPB.OzoneManagerProtocolServerSideTranslatorPB.createLeaderErrorException(OzoneManagerProtocolServerSideTranslatorPB.java:215)
	at org.apache.hadoop.ozone.protocolPB.OzoneManagerProtocolServerSideTranslatorPB.submitReadRequestToOM(OzoneManagerProtocolServerSideTranslatorPB.java:192)
	at org.apache.hadoop.ozone.protocolPB.OzoneManagerProtocolServerSideTranslatorPB.processRequest(OzoneManagerProtocolServerSideTranslatorPB.java:132)
	at org.apache.hadoop.hdds.server.OzoneProtocolMessageDispatcher.processRequest(OzoneProtocolMessageDispatcher.java:87)
	at org.apache.hadoop.ozone.protocolPB.OzoneManagerProtocolServerSideTranslatorPB.submitRequest(OzoneManagerProtocolServerSideTranslatorPB.java:122)
	at org.apache.hadoop.ozone.protocol.proto.OzoneManagerProtocolProtos$OzoneManagerService$2.callBlockingMethod(OzoneManagerProtocolProtos.java)
	at org.apache.hadoop.ipc.ProtobufRpcEngine$Server$ProtoBufRpcInvoker.call(ProtobufRpcEngine.java:528)
	at org.apache.hadoop.ipc.RPC$Server.call(RPC.java:1070)
	at org.apache.hadoop.ipc.Server$RpcCall.run(Server.java:999)
	at org.apache.hadoop.ipc.Server$RpcCall.run(Server.java:927)
	at java.security.AccessController.doPrivileged(Native Method)
	at javax.security.auth.Subject.doAs(Subject.java:422)
	at org.apache.hadoop.security.UserGroupInformation.doAs(UserGroupInformation.java:1730)
	at org.apache.hadoop.ipc.Server$Handler.run(Server.java:2915)
2020-12-03 13:59:52,293 [Listener at 127.0.0.1/10068] INFO  rpc.RpcClient (RpcClient.java:createVolume(272)) - Creating Volume: 529f650b-4c1c-4b56-a6c6-401abde1fb1d, with jenkins1001 as owner.
2020-12-03 13:59:52,407 [OM StateMachine ApplyTransaction Thread - 0] INFO  volume.OMVolumeCreateRequest (OMVolumeCreateRequest.java:validateAndUpdateCache(196)) - created volume:529f650b-4c1c-4b56-a6c6-401abde1fb1d for user:jenkins1001
2020-12-03 13:59:52,407 [OM StateMachine ApplyTransaction Thread - 0] INFO  volume.OMVolumeCreateRequest (OMVolumeCreateRequest.java:validateAndUpdateCache(196)) - created volume:529f650b-4c1c-4b56-a6c6-401abde1fb1d for user:jenkins1001
2020-12-03 13:59:52,418 [OM StateMachine ApplyTransaction Thread - 0] INFO  volume.OMVolumeCreateRequest (OMVolumeCreateRequest.java:validateAndUpdateCache(196)) - created volume:529f650b-4c1c-4b56-a6c6-401abde1fb1d for user:jenkins1001
2020-12-03 13:59:52,427 [OM StateMachine ApplyTransaction Thread - 0] INFO  volume.OMVolumeCreateRequest (OMVolumeCreateRequest.java:validateAndUpdateCache(196)) - created volume:3d7506b1-3c5f-41af-af70-ddc87a4bca79 for user:jenkins1001
2020-12-03 13:59:52,432 [OM StateMachine ApplyTransaction Thread - 0] INFO  volume.OMVolumeCreateRequest (OMVolumeCreateRequest.java:validateAndUpdateCache(196)) - created volume:3d7506b1-3c5f-41af-af70-ddc87a4bca79 for user:jenkins1001
2020-12-03 13:59:52,432 [Listener at 127.0.0.1/10068] INFO  ozone.MiniOzoneClusterImpl (MiniOzoneClusterImpl.java:shutdown(388)) - Shutting down the Mini Ozone Cluster
2020-12-03 13:59:52,433 [Listener at 127.0.0.1/10068] INFO  ozone.MiniOzoneHAClusterImpl (MiniOzoneHAClusterImpl.java:stop(230)) - Stopping the OzoneManager omNode-3
2020-12-03 13:59:52,434 [Listener at 127.0.0.1/10068] INFO  ipc.Server (OMVolumeCreateRequest.java:validateAndUpdateCache(196)) - created volume:3d7506b1-3c5f-41af-af70-ddc87a4bca79 for user:jenkins1001
Server.java:stop(3359)) - Stopping server on 10068
2020-12-03 13:59:52,434 [OM StateMachine ApplyTransaction Thread - 0] INFO  volume.OMVolumeCreateRequest (OMVolumeCreateRequest.java:validateAndUpdateCache(196)) - created volume:3d7506b1-3c5f-41af-af70-ddc87a4bca79 for user:jenkins1001
2020-12-03 13:59:52,437 [IPC Server listener on 10068] INFO  ipc.Server (Server.java:run(1330)) - Stopping IPC Server listener on 10068
2020-12-03 13:59:52,439 [IPC Server Responder] INFO  ipc.Server (Server.java:run(1465)) - Stopping IPC Server Responder
2020-12-03 13:59:52,442 [Listener at 127.0.0.1/10068] INFO  impl.RaftServerProxy (RaftServerProxy.java:lambda$close$4(338)) - omNode-3: close
2020-12-03 13:59:52,443 [Listener at 127.0.0.1/10068] INFO  impl.RaftServerImpl (RaftServerImpl.java:lambda$shutdown$3(328)) - omNode-3@group-523986131536: shutdown
2020-12-03 13:59:52,443 [Listener at 127.0.0.1/10068] INFO  util.JmxRegister (JmxRegister.java:unregister(73)) - Successfully un-registered JMX Bean with object name Ratis:service=RaftServer,group=group-523986131536,id=omNode-3
2020-12-03 13:59:52,443 [Listener at 127.0.0.1/10068] INFO  impl.RoleInfo (RoleInfo.java:shutdownFollowerState(121)) - omNode-3: shutdown omNode-3@group-523986131536-FollowerState
2020-12-03 13:59:52,443 [Thread-259] INFO  impl.FollowerState (FollowerState.java:run(137)) - omNode-3@group-523986131536-FollowerState was interrupted: {}
java.lang.InterruptedException: sleep interrupted
	at java.lang.Thread.sleep(Native Method)
	at org.apache.ratis.util.JavaUtils.sleep(JavaUtils.java:250)
	at org.apache.ratis.server.impl.FollowerState.run(FollowerState.java:116)
2020-12-03 13:59:52,443 [Listener at 127.0.0.1/10068] INFO  impl.StateMachineUpdater (StateMachineUpdater.java:stopAndJoin(147)) - omNode-3@group-523986131536-StateMachineUpdater: set stopIndex = 3
2020-12-03 13:59:52,444 [omNode-3@group-523986131536-StateMachineUpdater] INFO  ratis.OzoneManagerStateMachine (OzoneManagerStateMachine.java:takeSnapshot(345)) - Current Snapshot Index (t:2, i:3)
2020-12-03 13:59:52,445 [omNode-3@group-523986131536-StateMachineUpdater] INFO  impl.StateMachineUpdater (StateMachineUpdater.java:takeSnapshot(278)) - omNode-3@group-523986131536-StateMachineUpdater: Took a snapshot at index 3
2020-12-03 13:59:52,446 [omNode-3@group-523986131536-StateMachineUpdater] INFO  impl.StateMachineUpdater (StateMachineUpdater.java:lambda$new$0(87)) - omNode-3@group-523986131536-StateMachineUpdater: snapshotIndex: updateIncreasingly -1 -> 3
2020-12-03 13:59:52,446 [omNode-3@group-523986131536-StateMachineUpdater] INFO  metrics.RatisMetrics (RatisMetrics.java:unregister(43)) - Unregistering Metrics Registry : ratis.state_machine.omNode-3@group-523986131536
2020-12-03 13:59:52,447 [Listener at 127.0.0.1/10068] INFO  impl.RaftServerImpl (ServerState.java:close(406)) - omNode-3@group-523986131536: closes. applyIndex: 3
2020-12-03 13:59:52,448 [omNode-3@group-523986131536-SegmentedRaftLogWorker] INFO  segmented.SegmentedRaftLogWorker (SegmentedRaftLogWorker.java:run(329)) - omNode-3@group-523986131536-SegmentedRaftLogWorker was interrupted, exiting. There are 0 tasks remaining in the queue.
2020-12-03 13:59:52,450 [Listener at 127.0.0.1/10068] INFO  segmented.SegmentedRaftLogWorker (SegmentedRaftLogWorker.java:close(235)) - omNode-3@group-523986131536-SegmentedRaftLogWorker close()
2020-12-03 13:59:52,451 [Listener at 127.0.0.1/10068] INFO  metrics.RatisMetrics (RatisMetrics.java:unregister(43)) - Unregistering Metrics Registry : ratis.log_worker.omNode-3@group-523986131536
2020-12-03 13:59:52,451 [Listener at 127.0.0.1/10068] INFO  metrics.RatisMetrics (RatisMetrics.java:unregister(43)) - Unregistering Metrics Registry : ratis.leader_election.omNode-3@group-523986131536
2020-12-03 13:59:52,451 [Listener at 127.0.0.1/10068] INFO  metrics.RatisMetrics (RatisMetrics.java:unregister(43)) - Unregistering Metrics Registry : ratis.server.omNode-3@group-523986131536
2020-12-03 13:59:52,452 [Listener at 127.0.0.1/10068] INFO  server.GrpcService (GrpcService.java:closeImpl(184)) - omNode-3: shutdown server with port 10072 now
2020-12-03 13:59:52,465 [grpc-default-executor-3] WARN  server.GrpcLogAppender (LogUtils.java:warn(122)) - omNode-2@group-523986131536->omNode-3-AppendLogResponseHandler: Failed appendEntries: org.apache.ratis.thirdparty.io.grpc.StatusRuntimeException: CANCELLED: HTTP/2 error code: CANCEL
Received Rst Stream
2020-12-03 13:59:52,465 [grpc-default-executor-4] WARN  server.GrpcServerProtocolService (LogUtils.java:warn(122)) - omNode-3: installSnapshot onError, lastRequest: omNode-2->omNode-3#94-t2, previous=(t:2, i:3), leaderCommit=3, initializing? false, entries: size=1, first=(t:2, i:4), METADATAENTRY(c:3): org.apache.ratis.thirdparty.io.grpc.StatusRuntimeException: CANCELLED: cancelled before receiving half close
2020-12-03 13:59:52,467 [grpc-default-executor-3] INFO  impl.FollowerInfo (FollowerInfo.java:lambda$new$0(51)) - omNode-2@group-523986131536->omNode-3: nextIndex: updateUnconditionally 5 -> 4
2020-12-03 13:59:52,480 [Listener at 127.0.0.1/10068] INFO  server.GrpcService (GrpcService.java:closeImpl(193)) - omNode-3: shutdown server with port 10072 successfully
2020-12-03 13:59:52,481 [Listener at 127.0.0.1/10068] INFO  ratis.OzoneManagerDoubleBuffer (OzoneManagerDoubleBuffer.java:stop(457)) - Stopping OMDoubleBuffer flush thread
2020-12-03 13:59:52,481 [grpc-default-executor-3] WARN  server.GrpcLogAppender (LogUtils.java:warn(122)) - omNode-2@group-523986131536->omNode-3-AppendLogResponseHandler: Failed appendEntries: org.apache.ratis.thirdparty.io.grpc.StatusRuntimeException: UNAVAILABLE: io exception
2020-12-03 13:59:52,481 [grpc-default-executor-3] INFO  impl.FollowerInfo (FollowerInfo.java:lambda$new$0(51)) - omNode-2@group-523986131536->omNode-3: nextIndex: updateUnconditionally 5 -> 4
2020-12-03 13:59:52,481 [OMDoubleBufferFlushThread] INFO  ratis.OzoneManagerDoubleBuffer (OzoneManagerDoubleBuffer.java:flushTransactions(356)) - OMDoubleBuffer flush thread OMDoubleBufferFlushThread is interrupted and will exit. OMDoubleBufferFlushThread
2020-12-03 13:59:52,484 [Listener at 127.0.0.1/10068] INFO  ratis.OzoneManagerStateMachine (HadoopExecutors.java:shutdown(118)) - Gracefully shutting down executor service. Waiting max 5 SECONDS
2020-12-03 13:59:52,485 [Listener at 127.0.0.1/10068] INFO  ratis.OzoneManagerStateMachine (HadoopExecutors.java:shutdown(129)) - Succesfully shutdown executor service
2020-12-03 13:59:52,485 [Listener at 127.0.0.1/10068] INFO  ratis.OzoneManagerStateMachine (HadoopExecutors.java:shutdown(118)) - Gracefully shutting down executor service. Waiting max 5 SECONDS
2020-12-03 13:59:52,485 [Listener at 127.0.0.1/10068] INFO  ratis.OzoneManagerStateMachine (HadoopExecutors.java:shutdown(129)) - Succesfully shutdown executor service
2020-12-03 13:59:52,485 [Listener at 127.0.0.1/10068] INFO  utils.BackgroundService (BackgroundService.java:shutdown(132)) - Shutting down service KeyDeletingService
2020-12-03 13:59:52,487 [Listener at 127.0.0.1/10068] INFO  handler.ContextHandler (ContextHandler.java:doStop(1154)) - Stopped o.e.j.w.WebAppContext@26384594{ozoneManager,/,null,STOPPED}{file:/github/workspace/mnt/ozone/hadoop-ozone/integration-test/target/test-classes/webapps/ozoneManager}
2020-12-03 13:59:52,491 [Listener at 127.0.0.1/10068] INFO  server.AbstractConnector (AbstractConnector.java:doStop(381)) - Stopped ServerConnector@1d0d1796{HTTP/1.1, (http/1.1)}{0.0.0.0:10070}
2020-12-03 13:59:52,492 [Listener at 127.0.0.1/10068] INFO  server.session (HouseKeeper.java:stopScavenging(149)) - node0 Stopped scavenging
2020-12-03 13:59:52,492 [Listener at 127.0.0.1/10068] INFO  handler.ContextHandler (ContextHandler.java:doStop(1154)) - Stopped o.e.j.s.ServletContextHandler@6606c621{static,/static,file:///github/workspace/mnt/ozone/hadoop-ozone/integration-test/target/test-classes/webapps/static,STOPPED}
2020-12-03 13:59:52,492 [Listener at 127.0.0.1/10068] INFO  handler.ContextHandler (ContextHandler.java:doStop(1154)) - Stopped o.e.j.s.ServletContextHandler@29a57057{logs,/logs,file:///github/workspace/mnt/ozone/hadoop-ozone/integration-test/target/log,STOPPED}
2020-12-03 13:59:52,495 [Listener at 127.0.0.1/10068] INFO  ozone.MiniOzoneHAClusterImpl (MiniOzoneHAClusterImpl.java:stop(230)) - Stopping the OzoneManager omNode-1
2020-12-03 13:59:52,496 [Listener at 127.0.0.1/10068] INFO  ipc.Server (Server.java:stop(3359)) - Stopping server on 10056
2020-12-03 13:59:52,497 [IPC Server listener on 10056] INFO  ipc.Server (Server.java:run(1330)) - Stopping IPC Server listener on 10056
2020-12-03 13:59:52,499 [IPC Server Responder] INFO  ipc.Server (Server.java:run(1465)) - Stopping IPC Server Responder
2020-12-03 13:59:52,499 [Listener at 127.0.0.1/10068] INFO  impl.RaftServerProxy (RaftServerProxy.java:lambda$close$4(338)) - omNode-1: close
2020-12-03 13:59:52,500 [Listener at 127.0.0.1/10068] INFO  impl.RaftServerImpl (RaftServerImpl.java:lambda$shutdown$3(328)) - omNode-1@group-523986131536: shutdown
2020-12-03 13:59:52,501 [Listener at 127.0.0.1/10068] INFO  util.JmxRegister (JmxRegister.java:unregister(73)) - Successfully un-registered JMX Bean with object name Ratis:service=RaftServer,group=group-523986131536,id=omNode-1
2020-12-03 13:59:52,501 [Listener at 127.0.0.1/10068] INFO  impl.RoleInfo (RoleInfo.java:shutdownFollowerState(121)) - omNode-1: shutdown omNode-1@group-523986131536-FollowerState
2020-12-03 13:59:52,501 [Thread-261] INFO  impl.FollowerState (FollowerState.java:run(137)) - omNode-1@group-523986131536-FollowerState was interrupted: {}
java.lang.InterruptedException: sleep interrupted
	at java.lang.Thread.sleep(Native Method)
	at org.apache.ratis.util.JavaUtils.sleep(JavaUtils.java:250)
	at org.apache.ratis.server.impl.FollowerState.run(FollowerState.java:116)
2020-12-03 13:59:52,501 [omNode-1@group-523986131536-StateMachineUpdater] INFO  ratis.OzoneManagerStateMachine (OzoneManagerStateMachine.java:takeSnapshot(345)) - Current Snapshot Index (t:2, i:3)
2020-12-03 13:59:52,503 [omNode-1@group-523986131536-StateMachineUpdater] INFO  impl.StateMachineUpdater (StateMachineUpdater.java:takeSnapshot(278)) - omNode-1@group-523986131536-StateMachineUpdater: Took a snapshot at index 3
2020-12-03 13:59:52,503 [omNode-1@group-523986131536-StateMachineUpdater] INFO  impl.StateMachineUpdater (StateMachineUpdater.java:lambda$new$0(87)) - omNode-1@group-523986131536-StateMachineUpdater: snapshotIndex: updateIncreasingly -1 -> 3
2020-12-03 13:59:52,503 [omNode-1@group-523986131536-StateMachineUpdater] INFO  metrics.RatisMetrics (RatisMetrics.java:unregister(43)) - Unregistering Metrics Registry : ratis.state_machine.omNode-1@group-523986131536
2020-12-03 13:59:52,503 [Listener at 127.0.0.1/10068] INFO  impl.StateMachineUpdater (StateMachineUpdater.java:stopAndJoin(147)) - omNode-1@group-523986131536-StateMachineUpdater: set stopIndex = 3
2020-12-03 13:59:52,504 [Listener at 127.0.0.1/10068] INFO  impl.RaftServerImpl (ServerState.java:close(406)) - omNode-1@group-523986131536: closes. applyIndex: 3
2020-12-03 13:59:52,504 [omNode-1@group-523986131536-SegmentedRaftLogWorker] INFO  segmented.SegmentedRaftLogWorker (SegmentedRaftLogWorker.java:run(329)) - omNode-1@group-523986131536-SegmentedRaftLogWorker was interrupted, exiting. There are 0 tasks remaining in the queue.
2020-12-03 13:59:52,505 [Listener at 127.0.0.1/10068] INFO  segmented.SegmentedRaftLogWorker (SegmentedRaftLogWorker.java:close(235)) - omNode-1@group-523986131536-SegmentedRaftLogWorker close()
2020-12-03 13:59:52,506 [Listener at 127.0.0.1/10068] INFO  metrics.RatisMetrics (RatisMetrics.java:unregister(43)) - Unregistering Metrics Registry : ratis.log_worker.omNode-1@group-523986131536
2020-12-03 13:59:52,507 [Listener at 127.0.0.1/10068] INFO  metrics.RatisMetrics (RatisMetrics.java:unregister(43)) - Unregistering Metrics Registry : ratis.leader_election.omNode-1@group-523986131536
2020-12-03 13:59:52,507 [Listener at 127.0.0.1/10068] INFO  metrics.RatisMetrics (RatisMetrics.java:unregister(43)) - Unregistering Metrics Registry : ratis.server.omNode-1@group-523986131536
2020-12-03 13:59:52,509 [Listener at 127.0.0.1/10068] INFO  server.GrpcService (GrpcService.java:closeImpl(184)) - omNode-1: shutdown server with port 10060 now
2020-12-03 13:59:52,513 [Listener at 127.0.0.1/10068] INFO  server.GrpcService (GrpcService.java:closeImpl(193)) - omNode-1: shutdown server with port 10060 successfully
2020-12-03 13:59:52,513 [grpc-default-executor-2] WARN  server.GrpcLogAppender (LogUtils.java:warn(122)) - omNode-2@group-523986131536->omNode-1-AppendLogResponseHandler: Failed appendEntries: org.apache.ratis.thirdparty.io.grpc.StatusRuntimeException: CANCELLED: HTTP/2 error code: CANCEL
Received Rst Stream
2020-12-03 13:59:52,513 [grpc-default-executor-4] WARN  server.GrpcServerProtocolService (LogUtils.java:warn(122)) - omNode-1: installSnapshot onError, lastRequest: omNode-2->omNode-1#93-t2, previous=(t:2, i:3), leaderCommit=3, initializing? false, entries: size=1, first=(t:2, i:4), METADATAENTRY(c:3): org.apache.ratis.thirdparty.io.grpc.StatusRuntimeException: CANCELLED: cancelled before receiving half close
2020-12-03 13:59:52,516 [grpc-default-executor-2] INFO  impl.FollowerInfo (FollowerInfo.java:lambda$new$0(51)) - omNode-2@group-523986131536->omNode-1: nextIndex: updateUnconditionally 5 -> 4
2020-12-03 13:59:52,517 [Listener at 127.0.0.1/10068] INFO  ratis.OzoneManagerDoubleBuffer (OzoneManagerDoubleBuffer.java:stop(457)) - Stopping OMDoubleBuffer flush thread
2020-12-03 13:59:52,517 [OMDoubleBufferFlushThread] INFO  ratis.OzoneManagerDoubleBuffer (OzoneManagerDoubleBuffer.java:flushTransactions(356)) - OMDoubleBuffer flush thread OMDoubleBufferFlushThread is interrupted and will exit. OMDoubleBufferFlushThread
2020-12-03 13:59:52,517 [Listener at 127.0.0.1/10068] INFO  ratis.OzoneManagerStateMachine (HadoopExecutors.java:shutdown(118)) - Gracefully shutting down executor service. Waiting max 5 SECONDS
2020-12-03 13:59:52,518 [Listener at 127.0.0.1/10068] INFO  ratis.OzoneManagerStateMachine (HadoopExecutors.java:shutdown(129)) - Succesfully shutdown executor service
2020-12-03 13:59:52,518 [Listener at 127.0.0.1/10068] INFO  ratis.OzoneManagerStateMachine (HadoopExecutors.java:shutdown(118)) - Gracefully shutting down executor service. Waiting max 5 SECONDS
2020-12-03 13:59:52,518 [Listener at 127.0.0.1/10068] INFO  ratis.OzoneManagerStateMachine (HadoopExecutors.java:shutdown(129)) - Succesfully shutdown executor service
2020-12-03 13:59:52,518 [Listener at 127.0.0.1/10068] INFO  utils.BackgroundService (BackgroundService.java:shutdown(132)) - Shutting down service KeyDeletingService
2020-12-03 13:59:52,521 [Listener at 127.0.0.1/10068] INFO  handler.ContextHandler (ContextHandler.java:doStop(1154)) - Stopped o.e.j.w.WebAppContext@2060a1b1{ozoneManager,/,null,STOPPED}{file:/github/workspace/mnt/ozone/hadoop-ozone/integration-test/target/test-classes/webapps/ozoneManager}
2020-12-03 13:59:52,525 [grpc-default-executor-4] WARN  server.GrpcLogAppender (LogUtils.java:warn(122)) - omNode-2@group-523986131536->omNode-1-AppendLogResponseHandler: Failed appendEntries: org.apache.ratis.thirdparty.io.grpc.StatusRuntimeException: UNAVAILABLE: io exception
2020-12-03 13:59:52,525 [Listener at 127.0.0.1/10068] INFO  server.AbstractConnector (AbstractConnector.java:doStop(381)) - Stopped ServerConnector@7fa04fab{HTTP/1.1, (http/1.1)}{0.0.0.0:10058}
2020-12-03 13:59:52,525 [Listener at 127.0.0.1/10068] INFO  server.session (HouseKeeper.java:stopScavenging(149)) - node0 Stopped scavenging
2020-12-03 13:59:52,525 [Listener at 127.0.0.1/10068] INFO  handler.ContextHandler (ContextHandler.java:doStop(1154)) - Stopped o.e.j.s.ServletContextHandler@5577482d{static,/static,file:///github/workspace/mnt/ozone/hadoop-ozone/integration-test/target/test-classes/webapps/static,STOPPED}
2020-12-03 13:59:52,525 [grpc-default-executor-4] INFO  impl.FollowerInfo (FollowerInfo.java:lambda$new$0(51)) - omNode-2@group-523986131536->omNode-1: nextIndex: updateUnconditionally 5 -> 4
2020-12-03 13:59:52,525 [Listener at 127.0.0.1/10068] INFO  handler.ContextHandler (ContextHandler.java:doStop(1154)) - Stopped o.e.j.s.ServletContextHandler@401a28e9{logs,/logs,file:///github/workspace/mnt/ozone/hadoop-ozone/integration-test/target/log,STOPPED}
2020-12-03 13:59:52,534 [Listener at 127.0.0.1/10068] INFO  ozone.MiniOzoneHAClusterImpl (MiniOzoneHAClusterImpl.java:stop(230)) - Stopping the OzoneManager omNode-2
2020-12-03 13:59:52,535 [Listener at 127.0.0.1/10068] INFO  ipc.Server (Server.java:stop(3359)) - Stopping server on 10062
2020-12-03 13:59:52,537 [IPC Server listener on 10062] INFO  ipc.Server (Server.java:run(1330)) - Stopping IPC Server listener on 10062
2020-12-03 13:59:52,538 [IPC Server Responder] INFO  ipc.Server (Server.java:run(1465)) - Stopping IPC Server Responder
2020-12-03 13:59:52,538 [Listener at 127.0.0.1/10068] INFO  impl.RaftServerProxy (RaftServerProxy.java:lambda$close$4(338)) - omNode-2: close
2020-12-03 13:59:52,538 [Listener at 127.0.0.1/10068] INFO  impl.RaftServerImpl (RaftServerImpl.java:lambda$shutdown$3(328)) - omNode-2@group-523986131536: shutdown
2020-12-03 13:59:52,539 [Listener at 127.0.0.1/10068] INFO  util.JmxRegister (JmxRegister.java:unregister(73)) - Successfully un-registered JMX Bean with object name Ratis:service=RaftServer,group=group-523986131536,id=omNode-2
2020-12-03 13:59:52,539 [Listener at 127.0.0.1/10068] INFO  impl.RoleInfo (RoleInfo.java:shutdownLeaderState(104)) - omNode-2: shutdown omNode-2@group-523986131536-LeaderState
2020-12-03 13:59:52,539 [Listener at 127.0.0.1/10068] INFO  metrics.RatisMetrics (RatisMetrics.java:unregister(43)) - Unregistering Metrics Registry : ratis_grpc.log_appender.omNode-2@group-523986131536
2020-12-03 13:59:52,539 [Listener at 127.0.0.1/10068] INFO  metrics.RatisMetrics (RatisMetrics.java:unregister(43)) - Unregistering Metrics Registry : ratis_grpc.log_appender.omNode-2@group-523986131536
2020-12-03 13:59:52,540 [org.apache.ratis.server.impl.LogAppender$AppenderDaemon$$Lambda$366/325759974@27cbc842] WARN  server.GrpcLogAppender (GrpcLogAppender.java:mayWait(168)) - omNode-2@group-523986131536->omNode-3-GrpcLogAppender: Wait interrupted by java.lang.InterruptedException
2020-12-03 13:59:52,540 [Listener at 127.0.0.1/10068] INFO  impl.PendingRequests (PendingRequests.java:sendNotLeaderResponses(250)) - omNode-2@group-523986131536-PendingRequests: sendNotLeaderResponses
2020-12-03 13:59:52,540 [org.apache.ratis.server.impl.LogAppender$AppenderDaemon$$Lambda$366/325759974@4dc7435d] WARN  server.GrpcLogAppender (GrpcLogAppender.java:mayWait(168)) - omNode-2@group-523986131536->omNode-1-GrpcLogAppender: Wait interrupted by java.lang.InterruptedException
2020-12-03 13:59:52,542 [Listener at 127.0.0.1/10068] INFO  metrics.RatisMetrics (RatisMetrics.java:unregister(43)) - Unregistering Metrics Registry : ratis.log_appender.omNode-2@group-523986131536
2020-12-03 13:59:52,542 [Listener at 127.0.0.1/10068] INFO  metrics.RatisMetrics (RatisMetrics.java:unregister(43)) - Unregistering Metrics Registry : ratis.server.omNode-2@group-523986131536
2020-12-03 13:59:52,542 [Listener at 127.0.0.1/10068] INFO  impl.StateMachineUpdater (StateMachineUpdater.java:stopAndJoin(147)) - omNode-2@group-523986131536-StateMachineUpdater: set stopIndex = 4
2020-12-03 13:59:52,542 [omNode-2@group-523986131536-StateMachineUpdater] INFO  ratis.OzoneManagerStateMachine (OzoneManagerStateMachine.java:takeSnapshot(345)) - Current Snapshot Index (t:2, i:4)
2020-12-03 13:59:52,543 [omNode-2@group-523986131536-StateMachineUpdater] INFO  impl.StateMachineUpdater (StateMachineUpdater.java:takeSnapshot(278)) - omNode-2@group-523986131536-StateMachineUpdater: Took a snapshot at index 4
2020-12-03 13:59:52,543 [omNode-2@group-523986131536-StateMachineUpdater] INFO  impl.StateMachineUpdater (StateMachineUpdater.java:lambda$new$0(87)) - omNode-2@group-523986131536-StateMachineUpdater: snapshotIndex: updateIncreasingly -1 -> 4
2020-12-03 13:59:52,543 [omNode-2@group-523986131536-StateMachineUpdater] INFO  metrics.RatisMetrics (RatisMetrics.java:unregister(43)) - Unregistering Metrics Registry : ratis.state_machine.omNode-2@group-523986131536
2020-12-03 13:59:52,543 [Listener at 127.0.0.1/10068] INFO  impl.RaftServerImpl (ServerState.java:close(406)) - omNode-2@group-523986131536: closes. applyIndex: 4
2020-12-03 13:59:52,543 [omNode-2@group-523986131536-SegmentedRaftLogWorker] INFO  segmented.SegmentedRaftLogWorker (SegmentedRaftLogWorker.java:run(329)) - omNode-2@group-523986131536-SegmentedRaftLogWorker was interrupted, exiting. There are 0 tasks remaining in the queue.
2020-12-03 13:59:52,544 [Listener at 127.0.0.1/10068] INFO  segmented.SegmentedRaftLogWorker (SegmentedRaftLogWorker.java:close(235)) - omNode-2@group-523986131536-SegmentedRaftLogWorker close()
2020-12-03 13:59:52,545 [Listener at 127.0.0.1/10068] INFO  metrics.RatisMetrics (RatisMetrics.java:unregister(43)) - Unregistering Metrics Registry : ratis.log_worker.omNode-2@group-523986131536
2020-12-03 13:59:52,545 [Listener at 127.0.0.1/10068] INFO  metrics.RatisMetrics (RatisMetrics.java:unregister(43)) - Unregistering Metrics Registry : ratis.leader_election.omNode-2@group-523986131536
2020-12-03 13:59:52,545 [Listener at 127.0.0.1/10068] INFO  metrics.RatisMetrics (RatisMetrics.java:unregister(43)) - Unregistering Metrics Registry : ratis.server.omNode-2@group-523986131536
2020-12-03 13:59:52,545 [Listener at 127.0.0.1/10068] INFO  server.GrpcService (GrpcService.java:closeImpl(184)) - omNode-2: shutdown server with port 10066 now
2020-12-03 13:59:52,548 [Listener at 127.0.0.1/10068] INFO  server.GrpcService (GrpcService.java:closeImpl(193)) - omNode-2: shutdown server with port 10066 successfully
2020-12-03 13:59:52,548 [Listener at 127.0.0.1/10068] INFO  ratis.OzoneManagerDoubleBuffer (OzoneManagerDoubleBuffer.java:stop(457)) - Stopping OMDoubleBuffer flush thread
2020-12-03 13:59:52,548 [OMDoubleBufferFlushThread] INFO  ratis.OzoneManagerDoubleBuffer (OzoneManagerDoubleBuffer.java:flushTransactions(356)) - OMDoubleBuffer flush thread OMDoubleBufferFlushThread is interrupted and will exit. OMDoubleBufferFlushThread
2020-12-03 13:59:52,549 [Listener at 127.0.0.1/10068] INFO  ratis.OzoneManagerStateMachine (HadoopExecutors.java:shutdown(118)) - Gracefully shutting down executor service. Waiting max 5 SECONDS
2020-12-03 13:59:52,549 [Listener at 127.0.0.1/10068] INFO  ratis.OzoneManagerStateMachine (HadoopExecutors.java:shutdown(129)) - Succesfully shutdown executor service
2020-12-03 13:59:52,549 [Listener at 127.0.0.1/10068] INFO  ratis.OzoneManagerStateMachine (HadoopExecutors.java:shutdown(118)) - Gracefully shutting down executor service. Waiting max 5 SECONDS
2020-12-03 13:59:52,549 [Listener at 127.0.0.1/10068] INFO  ratis.OzoneManagerStateMachine (HadoopExecutors.java:shutdown(129)) - Succesfully shutdown executor service
2020-12-03 13:59:52,549 [Listener at 127.0.0.1/10068] INFO  utils.BackgroundService (BackgroundService.java:shutdown(132)) - Shutting down service KeyDeletingService
2020-12-03 13:59:52,554 [Listener at 127.0.0.1/10068] INFO  handler.ContextHandler (ContextHandler.java:doStop(1154)) - Stopped o.e.j.w.WebAppContext@1346c447{ozoneManager,/,null,STOPPED}{file:/github/workspace/mnt/ozone/hadoop-ozone/integration-test/target/test-classes/webapps/ozoneManager}
2020-12-03 13:59:52,554 [Listener at 127.0.0.1/10068] INFO  server.AbstractConnector (AbstractConnector.java:doStop(381)) - Stopped ServerConnector@7da3fdf8{HTTP/1.1, (http/1.1)}{0.0.0.0:10064}
2020-12-03 13:59:52,556 [Listener at 127.0.0.1/10068] INFO  server.session (HouseKeeper.java:stopScavenging(149)) - node0 Stopped scavenging
2020-12-03 13:59:52,556 [Listener at 127.0.0.1/10068] INFO  handler.ContextHandler (ContextHandler.java:doStop(1154)) - Stopped o.e.j.s.ServletContextHandler@6c8a6dc2{static,/static,file:///github/workspace/mnt/ozone/hadoop-ozone/integration-test/target/test-classes/webapps/static,STOPPED}
2020-12-03 13:59:52,557 [Listener at 127.0.0.1/10068] INFO  handler.ContextHandler (ContextHandler.java:doStop(1154)) - Stopped o.e.j.s.ServletContextHandler@6a9f368c{logs,/logs,file:///github/workspace/mnt/ozone/hadoop-ozone/integration-test/target/log,STOPPED}
2020-12-03 13:59:52,558 [Listener at 127.0.0.1/10068] INFO  ozone.MiniOzoneClusterImpl (MiniOzoneClusterImpl.java:stop(403)) - Stopping the Mini Ozone Cluster
2020-12-03 13:59:52,559 [Listener at 127.0.0.1/10068] INFO  ozone.MiniOzoneClusterImpl (MiniOzoneClusterImpl.java:stopDatanodes(462)) - Stopping the HddsDatanodes
2020-12-03 13:59:52,576 [Datanode State Machine Thread - 0] INFO  statemachine.DatanodeStateMachine (DatanodeStateMachine.java:lambda$startDaemon$0(406)) - Ozone container server started.
2020-12-03 13:59:53,261 [Datanode State Machine Thread - 0] INFO  statemachine.DatanodeStateMachine (DatanodeStateMachine.java:lambda$startDaemon$0(406)) - Ozone container server started.
2020-12-03 13:59:54,282 [EventQueue-Delayed safe mode statusForReplicationManager] INFO  container.ReplicationManager (ReplicationManager.java:start(178)) - Starting Replication Monitor Thread.
2020-12-03 13:59:54,283 [ReplicationMonitor] INFO  container.ReplicationManager (ReplicationManager.java:run(242)) - Replication Monitor Thread took 0 milliseconds for processing 0 containers.
2020-12-03 13:59:57,561 [ForkJoinPool.commonPool-worker-1] INFO  ozoneimpl.OzoneContainer (OzoneContainer.java:stop(257)) - Attempting to stop container services.
2020-12-03 13:59:57,561 [Listener at 127.0.0.1/10068] INFO  ozoneimpl.OzoneContainer (OzoneContainer.java:stop(257)) - Attempting to stop container services.
2020-12-03 13:59:57,561 [ForkJoinPool.commonPool-worker-1] INFO  impl.RaftServerProxy (RaftServerProxy.java:lambda$close$4(338)) - 19277de5-81fd-49d2-981e-fdfe1dd17921: close
2020-12-03 13:59:57,562 [Listener at 127.0.0.1/10068] INFO  impl.RaftServerProxy (RaftServerProxy.java:lambda$close$4(338)) - 633cfa61-a66f-4939-87ff-03de11ff39ac: close
2020-12-03 13:59:57,562 [ForkJoinPool.commonPool-worker-1] INFO  impl.RaftServerImpl (RaftServerImpl.java:lambda$shutdown$3(328)) - 19277de5-81fd-49d2-981e-fdfe1dd17921@group-ACD25C00D1C8: shutdown
2020-12-03 13:59:57,562 [Listener at 127.0.0.1/10068] INFO  impl.RaftServerImpl (RaftServerImpl.java:lambda$shutdown$3(328)) - 633cfa61-a66f-4939-87ff-03de11ff39ac@group-A3B5EF21724C: shutdown
2020-12-03 13:59:57,562 [Listener at 127.0.0.1/10068] INFO  util.JmxRegister (JmxRegister.java:unregister(73)) - Successfully un-registered JMX Bean with object name Ratis:service=RaftServer,group=group-A3B5EF21724C,id=633cfa61-a66f-4939-87ff-03de11ff39ac
2020-12-03 13:59:57,562 [Listener at 127.0.0.1/10068] INFO  impl.RoleInfo (RoleInfo.java:shutdownLeaderState(104)) - 633cfa61-a66f-4939-87ff-03de11ff39ac: shutdown 633cfa61-a66f-4939-87ff-03de11ff39ac@group-A3B5EF21724C-LeaderState
2020-12-03 13:59:57,562 [ForkJoinPool.commonPool-worker-1] INFO  util.JmxRegister (JmxRegister.java:unregister(73)) - Successfully un-registered JMX Bean with object name Ratis:service=RaftServer,group=group-ACD25C00D1C8,id=19277de5-81fd-49d2-981e-fdfe1dd17921
2020-12-03 13:59:57,563 [Listener at 127.0.0.1/10068] INFO  impl.PendingRequests (PendingRequests.java:sendNotLeaderResponses(250)) - 633cfa61-a66f-4939-87ff-03de11ff39ac@group-A3B5EF21724C-PendingRequests: sendNotLeaderResponses
2020-12-03 13:59:57,563 [Listener at 127.0.0.1/10068] INFO  metrics.RatisMetrics (RatisMetrics.java:unregister(43)) - Unregistering Metrics Registry : ratis.log_appender.633cfa61-a66f-4939-87ff-03de11ff39ac@group-A3B5EF21724C
2020-12-03 13:59:57,563 [ForkJoinPool.commonPool-worker-1] INFO  impl.RoleInfo (RoleInfo.java:shutdownLeaderState(104)) - 19277de5-81fd-49d2-981e-fdfe1dd17921: shutdown 19277de5-81fd-49d2-981e-fdfe1dd17921@group-ACD25C00D1C8-LeaderState
2020-12-03 13:59:57,563 [Listener at 127.0.0.1/10068] INFO  metrics.RatisMetrics (RatisMetrics.java:unregister(43)) - Unregistering Metrics Registry : ratis.server.633cfa61-a66f-4939-87ff-03de11ff39ac@group-A3B5EF21724C
2020-12-03 13:59:57,564 [ForkJoinPool.commonPool-worker-1] INFO  impl.PendingRequests (PendingRequests.java:sendNotLeaderResponses(250)) - 19277de5-81fd-49d2-981e-fdfe1dd17921@group-ACD25C00D1C8-PendingRequests: sendNotLeaderResponses
2020-12-03 13:59:57,565 [ForkJoinPool.commonPool-worker-1] INFO  metrics.RatisMetrics (RatisMetrics.java:unregister(43)) - Unregistering Metrics Registry : ratis.log_appender.19277de5-81fd-49d2-981e-fdfe1dd17921@group-ACD25C00D1C8
2020-12-03 13:59:57,566 [ForkJoinPool.commonPool-worker-1] INFO  metrics.RatisMetrics (RatisMetrics.java:unregister(43)) - Unregistering Metrics Registry : ratis.server.19277de5-81fd-49d2-981e-fdfe1dd17921@group-ACD25C00D1C8
2020-12-03 13:59:57,566 [633cfa61-a66f-4939-87ff-03de11ff39ac@group-A3B5EF21724C-StateMachineUpdater] INFO  ratis.ContainerStateMachine (ContainerStateMachine.java:takeSnapshot(293)) - group-A3B5EF21724C: Taking a snapshot at:(t:1, i:0) file /github/workspace/mnt/ozone/hadoop-ozone/integration-test/target/test-dir/MiniOzoneClusterImpl-6c8cb788-3ebf-4599-90cd-3d9ebf402ba0/datanode-1/data/ratis/9bab225f-105c-44d6-96b1-a3b5ef21724c/sm/snapshot.1_0
2020-12-03 13:59:57,566 [Listener at 127.0.0.1/10068] INFO  impl.StateMachineUpdater (StateMachineUpdater.java:stopAndJoin(147)) - 633cfa61-a66f-4939-87ff-03de11ff39ac@group-A3B5EF21724C-StateMachineUpdater: set stopIndex = 0
2020-12-03 13:59:57,570 [19277de5-81fd-49d2-981e-fdfe1dd17921@group-ACD25C00D1C8-StateMachineUpdater] INFO  ratis.ContainerStateMachine (ContainerStateMachine.java:takeSnapshot(293)) - group-ACD25C00D1C8: Taking a snapshot at:(t:1, i:0) file /github/workspace/mnt/ozone/hadoop-ozone/integration-test/target/test-dir/MiniOzoneClusterImpl-6c8cb788-3ebf-4599-90cd-3d9ebf402ba0/datanode-0/data/ratis/6eec1521-4002-4ddd-9f34-acd25c00d1c8/sm/snapshot.1_0
2020-12-03 13:59:57,570 [ForkJoinPool.commonPool-worker-1] INFO  impl.StateMachineUpdater (StateMachineUpdater.java:stopAndJoin(147)) - 19277de5-81fd-49d2-981e-fdfe1dd17921@group-ACD25C00D1C8-StateMachineUpdater: set stopIndex = 0
2020-12-03 13:59:57,635 [19277de5-81fd-49d2-981e-fdfe1dd17921@group-ACD25C00D1C8-StateMachineUpdater] INFO  ratis.ContainerStateMachine (ContainerStateMachine.java:takeSnapshot(304)) - group-ACD25C00D1C8: Finished taking a snapshot at:(t:1, i:0) file:/github/workspace/mnt/ozone/hadoop-ozone/integration-test/target/test-dir/MiniOzoneClusterImpl-6c8cb788-3ebf-4599-90cd-3d9ebf402ba0/datanode-0/data/ratis/6eec1521-4002-4ddd-9f34-acd25c00d1c8/sm/snapshot.1_0 time:66
2020-12-03 13:59:57,637 [19277de5-81fd-49d2-981e-fdfe1dd17921@group-ACD25C00D1C8-StateMachineUpdater] INFO  impl.StateMachineUpdater (StateMachineUpdater.java:takeSnapshot(278)) - 19277de5-81fd-49d2-981e-fdfe1dd17921@group-ACD25C00D1C8-StateMachineUpdater: Took a snapshot at index 0
2020-12-03 13:59:57,637 [19277de5-81fd-49d2-981e-fdfe1dd17921@group-ACD25C00D1C8-StateMachineUpdater] INFO  impl.StateMachineUpdater (StateMachineUpdater.java:lambda$new$0(87)) - 19277de5-81fd-49d2-981e-fdfe1dd17921@group-ACD25C00D1C8-StateMachineUpdater: snapshotIndex: updateIncreasingly -1 -> 0
2020-12-03 13:59:57,644 [633cfa61-a66f-4939-87ff-03de11ff39ac@group-A3B5EF21724C-StateMachineUpdater] INFO  ratis.ContainerStateMachine (ContainerStateMachine.java:takeSnapshot(304)) - group-A3B5EF21724C: Finished taking a snapshot at:(t:1, i:0) file:/github/workspace/mnt/ozone/hadoop-ozone/integration-test/target/test-dir/MiniOzoneClusterImpl-6c8cb788-3ebf-4599-90cd-3d9ebf402ba0/datanode-1/data/ratis/9bab225f-105c-44d6-96b1-a3b5ef21724c/sm/snapshot.1_0 time:78
2020-12-03 13:59:57,644 [633cfa61-a66f-4939-87ff-03de11ff39ac@group-A3B5EF21724C-StateMachineUpdater] INFO  impl.StateMachineUpdater (StateMachineUpdater.java:takeSnapshot(278)) - 633cfa61-a66f-4939-87ff-03de11ff39ac@group-A3B5EF21724C-StateMachineUpdater: Took a snapshot at index 0
2020-12-03 13:59:57,644 [633cfa61-a66f-4939-87ff-03de11ff39ac@group-A3B5EF21724C-StateMachineUpdater] INFO  impl.StateMachineUpdater (StateMachineUpdater.java:lambda$new$0(87)) - 633cfa61-a66f-4939-87ff-03de11ff39ac@group-A3B5EF21724C-StateMachineUpdater: snapshotIndex: updateIncreasingly -1 -> 0
2020-12-03 13:59:57,652 [19277de5-81fd-49d2-981e-fdfe1dd17921@group-ACD25C00D1C8-StateMachineUpdater] INFO  metrics.RatisMetrics (RatisMetrics.java:unregister(43)) - Unregistering Metrics Registry : ratis.state_machine.19277de5-81fd-49d2-981e-fdfe1dd17921@group-ACD25C00D1C8
2020-12-03 13:59:57,652 [633cfa61-a66f-4939-87ff-03de11ff39ac@group-A3B5EF21724C-StateMachineUpdater] INFO  metrics.RatisMetrics (RatisMetrics.java:unregister(43)) - Unregistering Metrics Registry : ratis.state_machine.633cfa61-a66f-4939-87ff-03de11ff39ac@group-A3B5EF21724C
2020-12-03 13:59:57,652 [ForkJoinPool.commonPool-worker-1] INFO  impl.RaftServerImpl (ServerState.java:close(406)) - 19277de5-81fd-49d2-981e-fdfe1dd17921@group-ACD25C00D1C8: closes. applyIndex: 0
2020-12-03 13:59:57,652 [Listener at 127.0.0.1/10068] INFO  impl.RaftServerImpl (ServerState.java:close(406)) - 633cfa61-a66f-4939-87ff-03de11ff39ac@group-A3B5EF21724C: closes. applyIndex: 0
2020-12-03 13:59:57,652 [19277de5-81fd-49d2-981e-fdfe1dd17921@group-ACD25C00D1C8-SegmentedRaftLogWorker] INFO  segmented.SegmentedRaftLogWorker (SegmentedRaftLogWorker.java:run(329)) - 19277de5-81fd-49d2-981e-fdfe1dd17921@group-ACD25C00D1C8-SegmentedRaftLogWorker was interrupted, exiting. There are 0 tasks remaining in the queue.
2020-12-03 13:59:57,653 [633cfa61-a66f-4939-87ff-03de11ff39ac@group-A3B5EF21724C-SegmentedRaftLogWorker] INFO  segmented.SegmentedRaftLogWorker (SegmentedRaftLogWorker.java:run(329)) - 633cfa61-a66f-4939-87ff-03de11ff39ac@group-A3B5EF21724C-SegmentedRaftLogWorker was interrupted, exiting. There are 0 tasks remaining in the queue.
2020-12-03 13:59:57,653 [ForkJoinPool.commonPool-worker-1] INFO  segmented.SegmentedRaftLogWorker (SegmentedRaftLogWorker.java:close(235)) - 19277de5-81fd-49d2-981e-fdfe1dd17921@group-ACD25C00D1C8-SegmentedRaftLogWorker close()
2020-12-03 13:59:57,662 [Listener at 127.0.0.1/10068] INFO  segmented.SegmentedRaftLogWorker (SegmentedRaftLogWorker.java:close(235)) - 633cfa61-a66f-4939-87ff-03de11ff39ac@group-A3B5EF21724C-SegmentedRaftLogWorker close()
2020-12-03 13:59:57,664 [ForkJoinPool.commonPool-worker-1] INFO  metrics.RatisMetrics (RatisMetrics.java:unregister(43)) - Unregistering Metrics Registry : ratis.log_worker.19277de5-81fd-49d2-981e-fdfe1dd17921@group-ACD25C00D1C8
2020-12-03 13:59:57,664 [Listener at 127.0.0.1/10068] INFO  metrics.RatisMetrics (RatisMetrics.java:unregister(43)) - Unregistering Metrics Registry : ratis.log_worker.633cfa61-a66f-4939-87ff-03de11ff39ac@group-A3B5EF21724C
2020-12-03 13:59:57,664 [ForkJoinPool.commonPool-worker-1] INFO  metrics.RatisMetrics (RatisMetrics.java:unregister(43)) - Unregistering Metrics Registry : ratis.leader_election.19277de5-81fd-49d2-981e-fdfe1dd17921@group-ACD25C00D1C8
2020-12-03 13:59:57,664 [Listener at 127.0.0.1/10068] INFO  metrics.RatisMetrics (RatisMetrics.java:unregister(43)) - Unregistering Metrics Registry : ratis.leader_election.633cfa61-a66f-4939-87ff-03de11ff39ac@group-A3B5EF21724C
2020-12-03 13:59:57,664 [Listener at 127.0.0.1/10068] INFO  metrics.RatisMetrics (RatisMetrics.java:unregister(43)) - Unregistering Metrics Registry : ratis.server.633cfa61-a66f-4939-87ff-03de11ff39ac@group-A3B5EF21724C
2020-12-03 13:59:57,664 [ForkJoinPool.commonPool-worker-1] INFO  metrics.RatisMetrics (RatisMetrics.java:unregister(43)) - Unregistering Metrics Registry : ratis.server.19277de5-81fd-49d2-981e-fdfe1dd17921@group-ACD25C00D1C8
2020-12-03 13:59:57,665 [Listener at 127.0.0.1/10068] INFO  impl.RaftServerImpl (RaftServerImpl.java:lambda$shutdown$3(328)) - 633cfa61-a66f-4939-87ff-03de11ff39ac@group-B08F8F3FF410: shutdown
2020-12-03 13:59:57,665 [ForkJoinPool.commonPool-worker-1] INFO  impl.RaftServerImpl (RaftServerImpl.java:lambda$shutdown$3(328)) - 19277de5-81fd-49d2-981e-fdfe1dd17921@group-B08F8F3FF410: shutdown
2020-12-03 13:59:57,665 [Listener at 127.0.0.1/10068] INFO  util.JmxRegister (JmxRegister.java:unregister(73)) - Successfully un-registered JMX Bean with object name Ratis:service=RaftServer,group=group-B08F8F3FF410,id=633cfa61-a66f-4939-87ff-03de11ff39ac
2020-12-03 13:59:57,665 [Listener at 127.0.0.1/10068] INFO  impl.RoleInfo (RoleInfo.java:shutdownFollowerState(121)) - 633cfa61-a66f-4939-87ff-03de11ff39ac: shutdown 633cfa61-a66f-4939-87ff-03de11ff39ac@group-B08F8F3FF410-FollowerState
2020-12-03 13:59:57,665 [Listener at 127.0.0.1/10068] INFO  impl.StateMachineUpdater (StateMachineUpdater.java:stopAndJoin(147)) - 633cfa61-a66f-4939-87ff-03de11ff39ac@group-B08F8F3FF410-StateMachineUpdater: set stopIndex = 0
2020-12-03 13:59:57,666 [633cfa61-a66f-4939-87ff-03de11ff39ac@group-B08F8F3FF410-StateMachineUpdater] INFO  ratis.ContainerStateMachine (ContainerStateMachine.java:takeSnapshot(293)) - group-B08F8F3FF410: Taking a snapshot at:(t:2, i:0) file /github/workspace/mnt/ozone/hadoop-ozone/integration-test/target/test-dir/MiniOzoneClusterImpl-6c8cb788-3ebf-4599-90cd-3d9ebf402ba0/datanode-1/data/ratis/306e88bd-47e4-4ad7-970c-b08f8f3ff410/sm/snapshot.2_0
2020-12-03 13:59:57,665 [ForkJoinPool.commonPool-worker-1] INFO  util.JmxRegister (JmxRegister.java:unregister(73)) - Successfully un-registered JMX Bean with object name Ratis:service=RaftServer,group=group-B08F8F3FF410,id=19277de5-81fd-49d2-981e-fdfe1dd17921
2020-12-03 13:59:57,665 [Thread-383] INFO  impl.FollowerState (FollowerState.java:run(137)) - 633cfa61-a66f-4939-87ff-03de11ff39ac@group-B08F8F3FF410-FollowerState was interrupted: {}
java.lang.InterruptedException: sleep interrupted
	at java.lang.Thread.sleep(Native Method)
	at org.apache.ratis.util.JavaUtils.sleep(JavaUtils.java:250)
	at org.apache.ratis.server.impl.FollowerState.run(FollowerState.java:116)
2020-12-03 13:59:57,666 [ForkJoinPool.commonPool-worker-1] INFO  impl.RoleInfo (RoleInfo.java:shutdownLeaderState(104)) - 19277de5-81fd-49d2-981e-fdfe1dd17921: shutdown 19277de5-81fd-49d2-981e-fdfe1dd17921@group-B08F8F3FF410-LeaderState
2020-12-03 13:59:57,667 [ForkJoinPool.commonPool-worker-1] INFO  metrics.RatisMetrics (RatisMetrics.java:unregister(43)) - Unregistering Metrics Registry : ratis_grpc.log_appender.19277de5-81fd-49d2-981e-fdfe1dd17921@group-B08F8F3FF410
2020-12-03 13:59:57,667 [ForkJoinPool.commonPool-worker-1] INFO  metrics.RatisMetrics (RatisMetrics.java:unregister(43)) - Unregistering Metrics Registry : ratis_grpc.log_appender.19277de5-81fd-49d2-981e-fdfe1dd17921@group-B08F8F3FF410
2020-12-03 13:59:57,667 [633cfa61-a66f-4939-87ff-03de11ff39ac@group-B08F8F3FF410-StateMachineUpdater] INFO  ratis.ContainerStateMachine (ContainerStateMachine.java:takeSnapshot(304)) - group-B08F8F3FF410: Finished taking a snapshot at:(t:2, i:0) file:/github/workspace/mnt/ozone/hadoop-ozone/integration-test/target/test-dir/MiniOzoneClusterImpl-6c8cb788-3ebf-4599-90cd-3d9ebf402ba0/datanode-1/data/ratis/306e88bd-47e4-4ad7-970c-b08f8f3ff410/sm/snapshot.2_0 time:1
2020-12-03 13:59:57,667 [org.apache.ratis.server.impl.LogAppender$AppenderDaemon$$Lambda$366/325759974@5fada03e] WARN  server.GrpcLogAppender (GrpcLogAppender.java:mayWait(168)) - 19277de5-81fd-49d2-981e-fdfe1dd17921@group-B08F8F3FF410->633cfa61-a66f-4939-87ff-03de11ff39ac-GrpcLogAppender: Wait interrupted by java.lang.InterruptedException
2020-12-03 13:59:57,667 [633cfa61-a66f-4939-87ff-03de11ff39ac@group-B08F8F3FF410-StateMachineUpdater] INFO  impl.StateMachineUpdater (StateMachineUpdater.java:takeSnapshot(278)) - 633cfa61-a66f-4939-87ff-03de11ff39ac@group-B08F8F3FF410-StateMachineUpdater: Took a snapshot at index 0
2020-12-03 13:59:57,667 [633cfa61-a66f-4939-87ff-03de11ff39ac@group-B08F8F3FF410-StateMachineUpdater] INFO  impl.StateMachineUpdater (StateMachineUpdater.java:lambda$new$0(87)) - 633cfa61-a66f-4939-87ff-03de11ff39ac@group-B08F8F3FF410-StateMachineUpdater: snapshotIndex: updateIncreasingly -1 -> 0
2020-12-03 13:59:57,668 [633cfa61-a66f-4939-87ff-03de11ff39ac@group-B08F8F3FF410-StateMachineUpdater] INFO  metrics.RatisMetrics (RatisMetrics.java:unregister(43)) - Unregistering Metrics Registry : ratis.state_machine.633cfa61-a66f-4939-87ff-03de11ff39ac@group-B08F8F3FF410
2020-12-03 13:59:57,668 [Listener at 127.0.0.1/10068] INFO  impl.RaftServerImpl (ServerState.java:close(406)) - 633cfa61-a66f-4939-87ff-03de11ff39ac@group-B08F8F3FF410: closes. applyIndex: 0
2020-12-03 13:59:57,668 [org.apache.ratis.server.impl.LogAppender$AppenderDaemon$$Lambda$366/325759974@57063f79] WARN  server.GrpcLogAppender (GrpcLogAppender.java:mayWait(168)) - 19277de5-81fd-49d2-981e-fdfe1dd17921@group-B08F8F3FF410->a5098de2-f0c4-47ec-8432-b6585c1f7fac-GrpcLogAppender: Wait interrupted by java.lang.InterruptedException
2020-12-03 13:59:57,668 [ForkJoinPool.commonPool-worker-1] INFO  impl.PendingRequests (PendingRequests.java:sendNotLeaderResponses(250)) - 19277de5-81fd-49d2-981e-fdfe1dd17921@group-B08F8F3FF410-PendingRequests: sendNotLeaderResponses
2020-12-03 13:59:57,668 [ForkJoinPool.commonPool-worker-1] INFO  metrics.RatisMetrics (RatisMetrics.java:unregister(43)) - Unregistering Metrics Registry : ratis.log_appender.19277de5-81fd-49d2-981e-fdfe1dd17921@group-B08F8F3FF410
2020-12-03 13:59:57,668 [ForkJoinPool.commonPool-worker-1] INFO  metrics.RatisMetrics (RatisMetrics.java:unregister(43)) - Unregistering Metrics Registry : ratis.server.19277de5-81fd-49d2-981e-fdfe1dd17921@group-B08F8F3FF410
2020-12-03 13:59:57,668 [grpc-default-executor-4] INFO  server.GrpcServerProtocolService (GrpcServerProtocolService.java:onCompleted(138)) - 633cfa61-a66f-4939-87ff-03de11ff39ac: Completed APPEND_ENTRIES, lastRequest: 19277de5-81fd-49d2-981e-fdfe1dd17921->633cfa61-a66f-4939-87ff-03de11ff39ac#1-t2, previous=(t:0, i:0), leaderCommit=0, initializing? false, entries: size=1, first=(t:2, i:0), CONFIGURATIONENTRY
2020-12-03 13:59:57,669 [633cfa61-a66f-4939-87ff-03de11ff39ac@group-B08F8F3FF410-SegmentedRaftLogWorker] INFO  segmented.SegmentedRaftLogWorker (SegmentedRaftLogWorker.java:run(329)) - 633cfa61-a66f-4939-87ff-03de11ff39ac@group-B08F8F3FF410-SegmentedRaftLogWorker was interrupted, exiting. There are 0 tasks remaining in the queue.
2020-12-03 13:59:57,669 [19277de5-81fd-49d2-981e-fdfe1dd17921@group-B08F8F3FF410-StateMachineUpdater] INFO  ratis.ContainerStateMachine (ContainerStateMachine.java:takeSnapshot(293)) - group-B08F8F3FF410: Taking a snapshot at:(t:2, i:0) file /github/workspace/mnt/ozone/hadoop-ozone/integration-test/target/test-dir/MiniOzoneClusterImpl-6c8cb788-3ebf-4599-90cd-3d9ebf402ba0/datanode-0/data/ratis/306e88bd-47e4-4ad7-970c-b08f8f3ff410/sm/snapshot.2_0
2020-12-03 13:59:57,669 [ForkJoinPool.commonPool-worker-1] INFO  impl.StateMachineUpdater (StateMachineUpdater.java:stopAndJoin(147)) - 19277de5-81fd-49d2-981e-fdfe1dd17921@group-B08F8F3FF410-StateMachineUpdater: set stopIndex = 0
2020-12-03 13:59:57,670 [19277de5-81fd-49d2-981e-fdfe1dd17921@group-B08F8F3FF410-StateMachineUpdater] INFO  ratis.ContainerStateMachine (ContainerStateMachine.java:takeSnapshot(304)) - group-B08F8F3FF410: Finished taking a snapshot at:(t:2, i:0) file:/github/workspace/mnt/ozone/hadoop-ozone/integration-test/target/test-dir/MiniOzoneClusterImpl-6c8cb788-3ebf-4599-90cd-3d9ebf402ba0/datanode-0/data/ratis/306e88bd-47e4-4ad7-970c-b08f8f3ff410/sm/snapshot.2_0 time:1
2020-12-03 13:59:57,671 [19277de5-81fd-49d2-981e-fdfe1dd17921@group-B08F8F3FF410-StateMachineUpdater] INFO  impl.StateMachineUpdater (StateMachineUpdater.java:takeSnapshot(278)) - 19277de5-81fd-49d2-981e-fdfe1dd17921@group-B08F8F3FF410-StateMachineUpdater: Took a snapshot at index 0
2020-12-03 13:59:57,671 [19277de5-81fd-49d2-981e-fdfe1dd17921@group-B08F8F3FF410-StateMachineUpdater] INFO  impl.StateMachineUpdater (StateMachineUpdater.java:lambda$new$0(87)) - 19277de5-81fd-49d2-981e-fdfe1dd17921@group-B08F8F3FF410-StateMachineUpdater: snapshotIndex: updateIncreasingly -1 -> 0
2020-12-03 13:59:57,671 [19277de5-81fd-49d2-981e-fdfe1dd17921@group-B08F8F3FF410-StateMachineUpdater] INFO  metrics.RatisMetrics (RatisMetrics.java:unregister(43)) - Unregistering Metrics Registry : ratis.state_machine.19277de5-81fd-49d2-981e-fdfe1dd17921@group-B08F8F3FF410
2020-12-03 13:59:57,671 [ForkJoinPool.commonPool-worker-1] INFO  impl.RaftServerImpl (ServerState.java:close(406)) - 19277de5-81fd-49d2-981e-fdfe1dd17921@group-B08F8F3FF410: closes. applyIndex: 0
2020-12-03 13:59:57,671 [19277de5-81fd-49d2-981e-fdfe1dd17921@group-B08F8F3FF410-SegmentedRaftLogWorker] INFO  segmented.SegmentedRaftLogWorker (SegmentedRaftLogWorker.java:run(329)) - 19277de5-81fd-49d2-981e-fdfe1dd17921@group-B08F8F3FF410-SegmentedRaftLogWorker was interrupted, exiting. There are 0 tasks remaining in the queue.
2020-12-03 13:59:57,669 [grpc-default-executor-2] INFO  server.GrpcServerProtocolService (GrpcServerProtocolService.java:onCompleted(138)) - a5098de2-f0c4-47ec-8432-b6585c1f7fac: Completed APPEND_ENTRIES, lastRequest: 19277de5-81fd-49d2-981e-fdfe1dd17921->a5098de2-f0c4-47ec-8432-b6585c1f7fac#1-t2, previous=(t:0, i:0), leaderCommit=0, initializing? false, entries: size=1, first=(t:2, i:0), CONFIGURATIONENTRY
2020-12-03 13:59:57,671 [Listener at 127.0.0.1/10068] INFO  segmented.SegmentedRaftLogWorker (SegmentedRaftLogWorker.java:close(235)) - 633cfa61-a66f-4939-87ff-03de11ff39ac@group-B08F8F3FF410-SegmentedRaftLogWorker close()
2020-12-03 13:59:57,672 [ForkJoinPool.commonPool-worker-1] INFO  segmented.SegmentedRaftLogWorker (SegmentedRaftLogWorker.java:close(235)) - 19277de5-81fd-49d2-981e-fdfe1dd17921@group-B08F8F3FF410-SegmentedRaftLogWorker close()
2020-12-03 13:59:57,672 [Listener at 127.0.0.1/10068] INFO  metrics.RatisMetrics (RatisMetrics.java:unregister(43)) - Unregistering Metrics Registry : ratis.log_worker.633cfa61-a66f-4939-87ff-03de11ff39ac@group-B08F8F3FF410
2020-12-03 13:59:57,673 [Listener at 127.0.0.1/10068] INFO  metrics.RatisMetrics (RatisMetrics.java:unregister(43)) - Unregistering Metrics Registry : ratis.leader_election.633cfa61-a66f-4939-87ff-03de11ff39ac@group-B08F8F3FF410
2020-12-03 13:59:57,674 [Listener at 127.0.0.1/10068] INFO  metrics.RatisMetrics (RatisMetrics.java:unregister(43)) - Unregistering Metrics Registry : ratis.server.633cfa61-a66f-4939-87ff-03de11ff39ac@group-B08F8F3FF410
2020-12-03 13:59:57,674 [Listener at 127.0.0.1/10068] INFO  server.GrpcService (GrpcService.java:closeImpl(184)) - 633cfa61-a66f-4939-87ff-03de11ff39ac: shutdown server with port 44639 now
2020-12-03 13:59:57,673 [grpc-default-executor-5] INFO  server.GrpcLogAppender (GrpcLogAppender.java:onCompleted(337)) - 19277de5-81fd-49d2-981e-fdfe1dd17921@group-B08F8F3FF410->a5098de2-f0c4-47ec-8432-b6585c1f7fac-AppendLogResponseHandler: follower responses appendEntries COMPLETED
2020-12-03 13:59:57,674 [grpc-default-executor-5] INFO  impl.FollowerInfo (FollowerInfo.java:lambda$new$0(51)) - 19277de5-81fd-49d2-981e-fdfe1dd17921@group-B08F8F3FF410->a5098de2-f0c4-47ec-8432-b6585c1f7fac: nextIndex: updateUnconditionally 1 -> 0
2020-12-03 13:59:57,676 [grpc-default-executor-3] INFO  server.GrpcLogAppender (GrpcLogAppender.java:onCompleted(337)) - 19277de5-81fd-49d2-981e-fdfe1dd17921@group-B08F8F3FF410->633cfa61-a66f-4939-87ff-03de11ff39ac-AppendLogResponseHandler: follower responses appendEntries COMPLETED
2020-12-03 13:59:57,676 [grpc-default-executor-3] INFO  impl.FollowerInfo (FollowerInfo.java:lambda$new$0(51)) - 19277de5-81fd-49d2-981e-fdfe1dd17921@group-B08F8F3FF410->633cfa61-a66f-4939-87ff-03de11ff39ac: nextIndex: updateUnconditionally 1 -> 0
2020-12-03 13:59:57,678 [ForkJoinPool.commonPool-worker-1] INFO  metrics.RatisMetrics (RatisMetrics.java:unregister(43)) - Unregistering Metrics Registry : ratis.log_worker.19277de5-81fd-49d2-981e-fdfe1dd17921@group-B08F8F3FF410
2020-12-03 13:59:57,679 [ForkJoinPool.commonPool-worker-1] INFO  metrics.RatisMetrics (RatisMetrics.java:unregister(43)) - Unregistering Metrics Registry : ratis.leader_election.19277de5-81fd-49d2-981e-fdfe1dd17921@group-B08F8F3FF410
2020-12-03 13:59:57,679 [ForkJoinPool.commonPool-worker-1] INFO  metrics.RatisMetrics (RatisMetrics.java:unregister(43)) - Unregistering Metrics Registry : ratis.server.19277de5-81fd-49d2-981e-fdfe1dd17921@group-B08F8F3FF410
2020-12-03 13:59:57,679 [ForkJoinPool.commonPool-worker-1] INFO  server.GrpcService (GrpcService.java:closeImpl(184)) - 19277de5-81fd-49d2-981e-fdfe1dd17921: shutdown server with port 45089 now
2020-12-03 13:59:57,681 [Listener at 127.0.0.1/10068] INFO  server.GrpcService (GrpcService.java:closeImpl(193)) - 633cfa61-a66f-4939-87ff-03de11ff39ac: shutdown server with port 44639 successfully
2020-12-03 13:59:57,684 [Listener at 127.0.0.1/10068] INFO  utils.BackgroundService (BackgroundService.java:shutdown(132)) - Shutting down service BlockDeletingService
2020-12-03 13:59:57,684 [ForkJoinPool.commonPool-worker-1] INFO  server.GrpcService (GrpcService.java:closeImpl(193)) - 19277de5-81fd-49d2-981e-fdfe1dd17921: shutdown server with port 45089 successfully
2020-12-03 13:59:57,692 [Listener at 127.0.0.1/10068] INFO  statemachine.DatanodeStateMachine (DatanodeStateMachine.java:stopDaemon(459)) - Ozone container server stopped.
2020-12-03 13:59:57,693 [ForkJoinPool.commonPool-worker-1] INFO  utils.BackgroundService (BackgroundService.java:shutdown(132)) - Shutting down service BlockDeletingService
2020-12-03 13:59:57,695 [ForkJoinPool.commonPool-worker-1] INFO  statemachine.DatanodeStateMachine (DatanodeStateMachine.java:stopDaemon(459)) - Ozone container server stopped.
2020-12-03 13:59:57,707 [Listener at 127.0.0.1/10068] INFO  handler.ContextHandler (ContextHandler.java:doStop(1154)) - Stopped o.e.j.w.WebAppContext@de85299{hddsDatanode,/,null,STOPPED}{jar:file:/home/user/.m2/repository/org/apache/hadoop/hadoop-hdds-container-service/1.1.0-SNAPSHOT/hadoop-hdds-container-service-1.1.0-SNAPSHOT.jar!/webapps/hddsDatanode}
2020-12-03 13:59:57,707 [Listener at 127.0.0.1/10068] INFO  server.AbstractConnector (AbstractConnector.java:doStop(381)) - Stopped ServerConnector@706db520{HTTP/1.1, (http/1.1)}{0.0.0.0:0}
2020-12-03 13:59:57,708 [Listener at 127.0.0.1/10068] INFO  server.session (HouseKeeper.java:stopScavenging(149)) - node0 Stopped scavenging
2020-12-03 13:59:57,708 [Listener at 127.0.0.1/10068] INFO  handler.ContextHandler (ContextHandler.java:doStop(1154)) - Stopped o.e.j.s.ServletContextHandler@58393ccb{static,/static,jar:file:/home/user/.m2/repository/org/apache/hadoop/hadoop-hdds-container-service/1.1.0-SNAPSHOT/hadoop-hdds-container-service-1.1.0-SNAPSHOT.jar!/webapps/static,STOPPED}
2020-12-03 13:59:57,708 [Listener at 127.0.0.1/10068] INFO  handler.ContextHandler (ContextHandler.java:doStop(1154)) - Stopped o.e.j.s.ServletContextHandler@1fe4c94b{logs,/logs,file:///github/workspace/mnt/ozone/hadoop-ozone/integration-test/target/log,STOPPED}
2020-12-03 13:59:57,721 [ForkJoinPool.commonPool-worker-1] INFO  handler.ContextHandler (ContextHandler.java:doStop(1154)) - Stopped o.e.j.w.WebAppContext@679266d0{hddsDatanode,/,null,STOPPED}{jar:file:/home/user/.m2/repository/org/apache/hadoop/hadoop-hdds-container-service/1.1.0-SNAPSHOT/hadoop-hdds-container-service-1.1.0-SNAPSHOT.jar!/webapps/hddsDatanode}
2020-12-03 13:59:57,721 [ForkJoinPool.commonPool-worker-1] INFO  server.AbstractConnector (AbstractConnector.java:doStop(381)) - Stopped ServerConnector@182f44fc{HTTP/1.1, (http/1.1)}{0.0.0.0:0}
2020-12-03 13:59:57,722 [ForkJoinPool.commonPool-worker-1] INFO  server.session (HouseKeeper.java:stopScavenging(149)) - node0 Stopped scavenging
2020-12-03 13:59:57,722 [ForkJoinPool.commonPool-worker-1] INFO  handler.ContextHandler (ContextHandler.java:doStop(1154)) - Stopped o.e.j.s.ServletContextHandler@455c024e{static,/static,jar:file:/home/user/.m2/repository/org/apache/hadoop/hadoop-hdds-container-service/1.1.0-SNAPSHOT/hadoop-hdds-container-service-1.1.0-SNAPSHOT.jar!/webapps/static,STOPPED}
2020-12-03 13:59:57,723 [ForkJoinPool.commonPool-worker-1] INFO  handler.ContextHandler (ContextHandler.java:doStop(1154)) - Stopped o.e.j.s.ServletContextHandler@11ff3c6c{logs,/logs,file:///github/workspace/mnt/ozone/hadoop-ozone/integration-test/target/log,STOPPED}
2020-12-03 13:59:57,977 [Datanode State Machine Thread - 0] INFO  statemachine.DatanodeStateMachine (DatanodeStateMachine.java:lambda$startDaemon$0(406)) - Ozone container server started.
2020-12-03 14:00:01,555 [Thread-386] INFO  impl.FollowerState (FollowerState.java:run(128)) - a5098de2-f0c4-47ec-8432-b6585c1f7fac@group-B08F8F3FF410-FollowerState: change to CANDIDATE, lastRpcTime:5205ms, electionTimeout:5156ms
2020-12-03 14:00:01,555 [Thread-386] INFO  impl.RoleInfo (RoleInfo.java:shutdownFollowerState(121)) - a5098de2-f0c4-47ec-8432-b6585c1f7fac: shutdown a5098de2-f0c4-47ec-8432-b6585c1f7fac@group-B08F8F3FF410-FollowerState
2020-12-03 14:00:01,556 [Thread-386] INFO  impl.RaftServerImpl (RaftServerImpl.java:setRole(204)) - a5098de2-f0c4-47ec-8432-b6585c1f7fac@group-B08F8F3FF410: changes role from  FOLLOWER to CANDIDATE at term 2 for changeToCandidate
2020-12-03 14:00:01,556 [Thread-386] INFO  impl.RoleInfo (RoleInfo.java:updateAndGet(143)) - a5098de2-f0c4-47ec-8432-b6585c1f7fac: start a5098de2-f0c4-47ec-8432-b6585c1f7fac@group-B08F8F3FF410-LeaderElection13
2020-12-03 14:00:01,557 [a5098de2-f0c4-47ec-8432-b6585c1f7fac@group-B08F8F3FF410-LeaderElection13] INFO  impl.RaftServerImpl (ServerState.java:setLeader(256)) - a5098de2-f0c4-47ec-8432-b6585c1f7fac@group-B08F8F3FF410: change Leader from 19277de5-81fd-49d2-981e-fdfe1dd17921 to null at term 2 for initElection
2020-12-03 14:00:01,558 [a5098de2-f0c4-47ec-8432-b6585c1f7fac@group-B08F8F3FF410-LeaderElection13] INFO  impl.LeaderElection (LeaderElection.java:askForVotes(215)) - a5098de2-f0c4-47ec-8432-b6585c1f7fac@group-B08F8F3FF410-LeaderElection13: begin an election at term 3 for 0: [633cfa61-a66f-4939-87ff-03de11ff39ac|rpc:172.17.0.2:44639|dataStream:, a5098de2-f0c4-47ec-8432-b6585c1f7fac|rpc:172.17.0.2:32953|dataStream:, 19277de5-81fd-49d2-981e-fdfe1dd17921|rpc:172.17.0.2:45089|dataStream:], old=null
2020-12-03 14:00:01,565 [a5098de2-f0c4-47ec-8432-b6585c1f7fac@group-B08F8F3FF410-LeaderElection13] INFO  impl.LeaderElection (LogUtils.java:infoOrTrace(137)) - a5098de2-f0c4-47ec-8432-b6585c1f7fac@group-B08F8F3FF410-LeaderElection13 got exception when requesting votes: java.util.concurrent.ExecutionException: org.apache.ratis.thirdparty.io.grpc.StatusRuntimeException: UNAVAILABLE: io exception
2020-12-03 14:00:01,565 [a5098de2-f0c4-47ec-8432-b6585c1f7fac@group-B08F8F3FF410-LeaderElection13] INFO  impl.LeaderElection (LogUtils.java:infoOrTrace(137)) - a5098de2-f0c4-47ec-8432-b6585c1f7fac@group-B08F8F3FF410-LeaderElection13 got exception when requesting votes: java.util.concurrent.ExecutionException: org.apache.ratis.thirdparty.io.grpc.StatusRuntimeException: UNAVAILABLE: io exception
2020-12-03 14:00:01,565 [a5098de2-f0c4-47ec-8432-b6585c1f7fac@group-B08F8F3FF410-LeaderElection13] INFO  impl.LeaderElection (LeaderElection.java:logAndReturn(65)) - a5098de2-f0c4-47ec-8432-b6585c1f7fac@group-B08F8F3FF410-LeaderElection13: Election REJECTED; received 0 response(s) [] and 2 exception(s); a5098de2-f0c4-47ec-8432-b6585c1f7fac@group-B08F8F3FF410:t3, leader=null, voted=a5098de2-f0c4-47ec-8432-b6585c1f7fac, raftlog=a5098de2-f0c4-47ec-8432-b6585c1f7fac@group-B08F8F3FF410-SegmentedRaftLog:OPENED:c0,f0,i0, conf=0: [633cfa61-a66f-4939-87ff-03de11ff39ac|rpc:172.17.0.2:44639|dataStream:, a5098de2-f0c4-47ec-8432-b6585c1f7fac|rpc:172.17.0.2:32953|dataStream:, 19277de5-81fd-49d2-981e-fdfe1dd17921|rpc:172.17.0.2:45089|dataStream:], old=null
2020-12-03 14:00:01,566 [a5098de2-f0c4-47ec-8432-b6585c1f7fac@group-B08F8F3FF410-LeaderElection13] INFO  impl.LeaderElection (LogUtils.java:infoOrTrace(137)) -   Exception 0: java.util.concurrent.ExecutionException: org.apache.ratis.thirdparty.io.grpc.StatusRuntimeException: UNAVAILABLE: io exception
2020-12-03 14:00:01,566 [a5098de2-f0c4-47ec-8432-b6585c1f7fac@group-B08F8F3FF410-LeaderElection13] INFO  impl.LeaderElection (LogUtils.java:infoOrTrace(137)) -   Exception 1: java.util.concurrent.ExecutionException: org.apache.ratis.thirdparty.io.grpc.StatusRuntimeException: UNAVAILABLE: io exception
2020-12-03 14:00:01,566 [a5098de2-f0c4-47ec-8432-b6585c1f7fac@group-B08F8F3FF410-LeaderElection13] INFO  impl.RaftServerImpl (RaftServerImpl.java:setRole(204)) - a5098de2-f0c4-47ec-8432-b6585c1f7fac@group-B08F8F3FF410: changes role from CANDIDATE to FOLLOWER at term 3 for DISCOVERED_A_NEW_TERM
2020-12-03 14:00:01,566 [a5098de2-f0c4-47ec-8432-b6585c1f7fac@group-B08F8F3FF410-LeaderElection13] INFO  impl.RoleInfo (RoleInfo.java:shutdownLeaderElection(134)) - a5098de2-f0c4-47ec-8432-b6585c1f7fac: shutdown a5098de2-f0c4-47ec-8432-b6585c1f7fac@group-B08F8F3FF410-LeaderElection13
2020-12-03 14:00:01,566 [a5098de2-f0c4-47ec-8432-b6585c1f7fac@group-B08F8F3FF410-LeaderElection13] INFO  impl.RoleInfo (RoleInfo.java:updateAndGet(143)) - a5098de2-f0c4-47ec-8432-b6585c1f7fac: start a5098de2-f0c4-47ec-8432-b6585c1f7fac@group-B08F8F3FF410-FollowerState
2020-12-03 14:00:02,710 [Listener at 127.0.0.1/10068] INFO  ozoneimpl.OzoneContainer (OzoneContainer.java:stop(257)) - Attempting to stop container services.
2020-12-03 14:00:02,711 [Listener at 127.0.0.1/10068] INFO  impl.RaftServerProxy (RaftServerProxy.java:lambda$close$4(338)) - a5098de2-f0c4-47ec-8432-b6585c1f7fac: close
2020-12-03 14:00:02,712 [Listener at 127.0.0.1/10068] INFO  impl.RaftServerImpl (RaftServerImpl.java:lambda$shutdown$3(328)) - a5098de2-f0c4-47ec-8432-b6585c1f7fac@group-95FF074C0A89: shutdown
2020-12-03 14:00:02,712 [Listener at 127.0.0.1/10068] INFO  util.JmxRegister (JmxRegister.java:unregister(73)) - Successfully un-registered JMX Bean with object name Ratis:service=RaftServer,group=group-95FF074C0A89,id=a5098de2-f0c4-47ec-8432-b6585c1f7fac
2020-12-03 14:00:02,712 [Listener at 127.0.0.1/10068] INFO  impl.RoleInfo (RoleInfo.java:shutdownLeaderState(104)) - a5098de2-f0c4-47ec-8432-b6585c1f7fac: shutdown a5098de2-f0c4-47ec-8432-b6585c1f7fac@group-95FF074C0A89-LeaderState
2020-12-03 14:00:02,712 [Listener at 127.0.0.1/10068] INFO  impl.PendingRequests (PendingRequests.java:sendNotLeaderResponses(250)) - a5098de2-f0c4-47ec-8432-b6585c1f7fac@group-95FF074C0A89-PendingRequests: sendNotLeaderResponses
2020-12-03 14:00:02,712 [Listener at 127.0.0.1/10068] INFO  metrics.RatisMetrics (RatisMetrics.java:unregister(43)) - Unregistering Metrics Registry : ratis.log_appender.a5098de2-f0c4-47ec-8432-b6585c1f7fac@group-95FF074C0A89
2020-12-03 14:00:02,713 [Listener at 127.0.0.1/10068] INFO  metrics.RatisMetrics (RatisMetrics.java:unregister(43)) - Unregistering Metrics Registry : ratis.server.a5098de2-f0c4-47ec-8432-b6585c1f7fac@group-95FF074C0A89
2020-12-03 14:00:02,713 [Listener at 127.0.0.1/10068] INFO  impl.StateMachineUpdater (StateMachineUpdater.java:stopAndJoin(147)) - a5098de2-f0c4-47ec-8432-b6585c1f7fac@group-95FF074C0A89-StateMachineUpdater: set stopIndex = 0
2020-12-03 14:00:02,713 [a5098de2-f0c4-47ec-8432-b6585c1f7fac@group-95FF074C0A89-StateMachineUpdater] INFO  ratis.ContainerStateMachine (ContainerStateMachine.java:takeSnapshot(293)) - group-95FF074C0A89: Taking a snapshot at:(t:1, i:0) file /github/workspace/mnt/ozone/hadoop-ozone/integration-test/target/test-dir/MiniOzoneClusterImpl-6c8cb788-3ebf-4599-90cd-3d9ebf402ba0/datanode-2/data/ratis/12bd821b-026d-447a-8793-95ff074c0a89/sm/snapshot.1_0
2020-12-03 14:00:02,714 [a5098de2-f0c4-47ec-8432-b6585c1f7fac@group-95FF074C0A89-StateMachineUpdater] INFO  ratis.ContainerStateMachine (ContainerStateMachine.java:takeSnapshot(304)) - group-95FF074C0A89: Finished taking a snapshot at:(t:1, i:0) file:/github/workspace/mnt/ozone/hadoop-ozone/integration-test/target/test-dir/MiniOzoneClusterImpl-6c8cb788-3ebf-4599-90cd-3d9ebf402ba0/datanode-2/data/ratis/12bd821b-026d-447a-8793-95ff074c0a89/sm/snapshot.1_0 time:1
2020-12-03 14:00:02,715 [a5098de2-f0c4-47ec-8432-b6585c1f7fac@group-95FF074C0A89-StateMachineUpdater] INFO  impl.StateMachineUpdater (StateMachineUpdater.java:takeSnapshot(278)) - a5098de2-f0c4-47ec-8432-b6585c1f7fac@group-95FF074C0A89-StateMachineUpdater: Took a snapshot at index 0
2020-12-03 14:00:02,715 [a5098de2-f0c4-47ec-8432-b6585c1f7fac@group-95FF074C0A89-StateMachineUpdater] INFO  impl.StateMachineUpdater (StateMachineUpdater.java:lambda$new$0(87)) - a5098de2-f0c4-47ec-8432-b6585c1f7fac@group-95FF074C0A89-StateMachineUpdater: snapshotIndex: updateIncreasingly -1 -> 0
2020-12-03 14:00:02,715 [a5098de2-f0c4-47ec-8432-b6585c1f7fac@group-95FF074C0A89-StateMachineUpdater] INFO  metrics.RatisMetrics (RatisMetrics.java:unregister(43)) - Unregistering Metrics Registry : ratis.state_machine.a5098de2-f0c4-47ec-8432-b6585c1f7fac@group-95FF074C0A89
2020-12-03 14:00:02,715 [Listener at 127.0.0.1/10068] INFO  impl.RaftServerImpl (ServerState.java:close(406)) - a5098de2-f0c4-47ec-8432-b6585c1f7fac@group-95FF074C0A89: closes. applyIndex: 0
2020-12-03 14:00:02,715 [a5098de2-f0c4-47ec-8432-b6585c1f7fac@group-95FF074C0A89-SegmentedRaftLogWorker] INFO  segmented.SegmentedRaftLogWorker (SegmentedRaftLogWorker.java:run(329)) - a5098de2-f0c4-47ec-8432-b6585c1f7fac@group-95FF074C0A89-SegmentedRaftLogWorker was interrupted, exiting. There are 0 tasks remaining in the queue.
2020-12-03 14:00:02,716 [Listener at 127.0.0.1/10068] INFO  segmented.SegmentedRaftLogWorker (SegmentedRaftLogWorker.java:close(235)) - a5098de2-f0c4-47ec-8432-b6585c1f7fac@group-95FF074C0A89-SegmentedRaftLogWorker close()
2020-12-03 14:00:02,716 [Listener at 127.0.0.1/10068] INFO  metrics.RatisMetrics (RatisMetrics.java:unregister(43)) - Unregistering Metrics Registry : ratis.log_worker.a5098de2-f0c4-47ec-8432-b6585c1f7fac@group-95FF074C0A89
2020-12-03 14:00:02,716 [Listener at 127.0.0.1/10068] INFO  metrics.RatisMetrics (RatisMetrics.java:unregister(43)) - Unregistering Metrics Registry : ratis.leader_election.a5098de2-f0c4-47ec-8432-b6585c1f7fac@group-95FF074C0A89
2020-12-03 14:00:02,717 [Listener at 127.0.0.1/10068] INFO  metrics.RatisMetrics (RatisMetrics.java:unregister(43)) - Unregistering Metrics Registry : ratis.server.a5098de2-f0c4-47ec-8432-b6585c1f7fac@group-95FF074C0A89
2020-12-03 14:00:02,717 [Listener at 127.0.0.1/10068] INFO  impl.RaftServerImpl (RaftServerImpl.java:lambda$shutdown$3(328)) - a5098de2-f0c4-47ec-8432-b6585c1f7fac@group-B08F8F3FF410: shutdown
2020-12-03 14:00:02,717 [Listener at 127.0.0.1/10068] INFO  util.JmxRegister (JmxRegister.java:unregister(73)) - Successfully un-registered JMX Bean with object name Ratis:service=RaftServer,group=group-B08F8F3FF410,id=a5098de2-f0c4-47ec-8432-b6585c1f7fac
2020-12-03 14:00:02,717 [Listener at 127.0.0.1/10068] INFO  impl.RoleInfo (RoleInfo.java:shutdownFollowerState(121)) - a5098de2-f0c4-47ec-8432-b6585c1f7fac: shutdown a5098de2-f0c4-47ec-8432-b6585c1f7fac@group-B08F8F3FF410-FollowerState
2020-12-03 14:00:02,717 [Listener at 127.0.0.1/10068] INFO  impl.StateMachineUpdater (StateMachineUpdater.java:stopAndJoin(147)) - a5098de2-f0c4-47ec-8432-b6585c1f7fac@group-B08F8F3FF410-StateMachineUpdater: set stopIndex = 0
2020-12-03 14:00:02,718 [a5098de2-f0c4-47ec-8432-b6585c1f7fac@group-B08F8F3FF410-StateMachineUpdater] INFO  ratis.ContainerStateMachine (ContainerStateMachine.java:takeSnapshot(293)) - group-B08F8F3FF410: Taking a snapshot at:(t:2, i:0) file /github/workspace/mnt/ozone/hadoop-ozone/integration-test/target/test-dir/MiniOzoneClusterImpl-6c8cb788-3ebf-4599-90cd-3d9ebf402ba0/datanode-2/data/ratis/306e88bd-47e4-4ad7-970c-b08f8f3ff410/sm/snapshot.2_0
2020-12-03 14:00:02,718 [Thread-418] INFO  impl.FollowerState (FollowerState.java:run(137)) - a5098de2-f0c4-47ec-8432-b6585c1f7fac@group-B08F8F3FF410-FollowerState was interrupted: {}
java.lang.InterruptedException: sleep interrupted
	at java.lang.Thread.sleep(Native Method)
	at org.apache.ratis.util.JavaUtils.sleep(JavaUtils.java:250)
	at org.apache.ratis.server.impl.FollowerState.run(FollowerState.java:116)
2020-12-03 14:00:02,719 [a5098de2-f0c4-47ec-8432-b6585c1f7fac@group-B08F8F3FF410-StateMachineUpdater] INFO  ratis.ContainerStateMachine (ContainerStateMachine.java:takeSnapshot(304)) - group-B08F8F3FF410: Finished taking a snapshot at:(t:2, i:0) file:/github/workspace/mnt/ozone/hadoop-ozone/integration-test/target/test-dir/MiniOzoneClusterImpl-6c8cb788-3ebf-4599-90cd-3d9ebf402ba0/datanode-2/data/ratis/306e88bd-47e4-4ad7-970c-b08f8f3ff410/sm/snapshot.2_0 time:2
2020-12-03 14:00:02,719 [a5098de2-f0c4-47ec-8432-b6585c1f7fac@group-B08F8F3FF410-StateMachineUpdater] INFO  impl.StateMachineUpdater (StateMachineUpdater.java:takeSnapshot(278)) - a5098de2-f0c4-47ec-8432-b6585c1f7fac@group-B08F8F3FF410-StateMachineUpdater: Took a snapshot at index 0
2020-12-03 14:00:02,719 [a5098de2-f0c4-47ec-8432-b6585c1f7fac@group-B08F8F3FF410-StateMachineUpdater] INFO  impl.StateMachineUpdater (StateMachineUpdater.java:lambda$new$0(87)) - a5098de2-f0c4-47ec-8432-b6585c1f7fac@group-B08F8F3FF410-StateMachineUpdater: snapshotIndex: updateIncreasingly -1 -> 0
2020-12-03 14:00:02,720 [a5098de2-f0c4-47ec-8432-b6585c1f7fac@group-B08F8F3FF410-StateMachineUpdater] INFO  metrics.RatisMetrics (RatisMetrics.java:unregister(43)) - Unregistering Metrics Registry : ratis.state_machine.a5098de2-f0c4-47ec-8432-b6585c1f7fac@group-B08F8F3FF410
2020-12-03 14:00:02,720 [Listener at 127.0.0.1/10068] INFO  impl.RaftServerImpl (ServerState.java:close(406)) - a5098de2-f0c4-47ec-8432-b6585c1f7fac@group-B08F8F3FF410: closes. applyIndex: 0
2020-12-03 14:00:02,720 [a5098de2-f0c4-47ec-8432-b6585c1f7fac@group-B08F8F3FF410-SegmentedRaftLogWorker] INFO  segmented.SegmentedRaftLogWorker (SegmentedRaftLogWorker.java:run(329)) - a5098de2-f0c4-47ec-8432-b6585c1f7fac@group-B08F8F3FF410-SegmentedRaftLogWorker was interrupted, exiting. There are 0 tasks remaining in the queue.
2020-12-03 14:00:02,721 [Listener at 127.0.0.1/10068] INFO  segmented.SegmentedRaftLogWorker (SegmentedRaftLogWorker.java:close(235)) - a5098de2-f0c4-47ec-8432-b6585c1f7fac@group-B08F8F3FF410-SegmentedRaftLogWorker close()
2020-12-03 14:00:02,721 [Listener at 127.0.0.1/10068] INFO  metrics.RatisMetrics (RatisMetrics.java:unregister(43)) - Unregistering Metrics Registry : ratis.log_worker.a5098de2-f0c4-47ec-8432-b6585c1f7fac@group-B08F8F3FF410
2020-12-03 14:00:02,722 [Listener at 127.0.0.1/10068] INFO  metrics.RatisMetrics (RatisMetrics.java:unregister(43)) - Unregistering Metrics Registry : ratis.leader_election.a5098de2-f0c4-47ec-8432-b6585c1f7fac@group-B08F8F3FF410
2020-12-03 14:00:02,722 [Listener at 127.0.0.1/10068] INFO  metrics.RatisMetrics (RatisMetrics.java:unregister(43)) - Unregistering Metrics Registry : ratis.server.a5098de2-f0c4-47ec-8432-b6585c1f7fac@group-B08F8F3FF410
2020-12-03 14:00:02,722 [Listener at 127.0.0.1/10068] INFO  server.GrpcService (GrpcService.java:closeImpl(184)) - a5098de2-f0c4-47ec-8432-b6585c1f7fac: shutdown server with port 32953 now
2020-12-03 14:00:02,724 [Listener at 127.0.0.1/10068] INFO  server.GrpcService (GrpcService.java:closeImpl(193)) - a5098de2-f0c4-47ec-8432-b6585c1f7fac: shutdown server with port 32953 successfully
2020-12-03 14:00:02,729 [Listener at 127.0.0.1/10068] INFO  utils.BackgroundService (BackgroundService.java:shutdown(132)) - Shutting down service BlockDeletingService
2020-12-03 14:00:02,731 [Listener at 127.0.0.1/10068] INFO  statemachine.DatanodeStateMachine (DatanodeStateMachine.java:stopDaemon(459)) - Ozone container server stopped.
2020-12-03 14:00:02,740 [Listener at 127.0.0.1/10068] INFO  handler.ContextHandler (ContextHandler.java:doStop(1154)) - Stopped o.e.j.w.WebAppContext@335267fb{hddsDatanode,/,null,STOPPED}{jar:file:/home/user/.m2/repository/org/apache/hadoop/hadoop-hdds-container-service/1.1.0-SNAPSHOT/hadoop-hdds-container-service-1.1.0-SNAPSHOT.jar!/webapps/hddsDatanode}
2020-12-03 14:00:02,741 [Listener at 127.0.0.1/10068] INFO  server.AbstractConnector (AbstractConnector.java:doStop(381)) - Stopped ServerConnector@2710c943{HTTP/1.1, (http/1.1)}{0.0.0.0:0}
2020-12-03 14:00:02,741 [Listener at 127.0.0.1/10068] INFO  server.session (HouseKeeper.java:stopScavenging(149)) - node0 Stopped scavenging
2020-12-03 14:00:02,741 [Listener at 127.0.0.1/10068] INFO  handler.ContextHandler (ContextHandler.java:doStop(1154)) - Stopped o.e.j.s.ServletContextHandler@4f1b6161{static,/static,jar:file:/home/user/.m2/repository/org/apache/hadoop/hadoop-hdds-container-service/1.1.0-SNAPSHOT/hadoop-hdds-container-service-1.1.0-SNAPSHOT.jar!/webapps/static,STOPPED}
2020-12-03 14:00:02,741 [Listener at 127.0.0.1/10068] INFO  handler.ContextHandler (ContextHandler.java:doStop(1154)) - Stopped o.e.j.s.ServletContextHandler@2a5c733d{logs,/logs,file:///github/workspace/mnt/ozone/hadoop-ozone/integration-test/target/log,STOPPED}
2020-12-03 14:00:02,742 [Listener at 127.0.0.1/10068] INFO  ozone.MiniOzoneClusterImpl (MiniOzoneClusterImpl.java:stopSCM(477)) - Stopping the StorageContainerManager
2020-12-03 14:00:02,742 [Listener at 127.0.0.1/10068] INFO  server.StorageContainerManager (StorageContainerManager.java:stop(823)) - Stopping Replication Manager Service.
2020-12-03 14:00:02,742 [Listener at 127.0.0.1/10068] INFO  container.ReplicationManager (ReplicationManager.java:stop(219)) - Stopping Replication Monitor Thread.
2020-12-03 14:00:02,743 [Listener at 127.0.0.1/10068] INFO  server.StorageContainerManager (StorageContainerManager.java:stop(830)) - Stopping Lease Manager of the command watchers
2020-12-03 14:00:02,743 [Listener at 127.0.0.1/10068] INFO  server.StorageContainerManager (StorageContainerManager.java:stop(837)) - Stopping datanode service RPC server
2020-12-03 14:00:02,743 [CommandWatcher-LeaseManager#LeaseMonitor] ERROR lease.LeaseManager (LeaseManager.java:run(238)) - Execution was interrupted 
java.lang.InterruptedException: sleep interrupted
	at java.lang.Thread.sleep(Native Method)
	at org.apache.hadoop.ozone.lease.LeaseManager$LeaseMonitor.run(LeaseManager.java:234)
	at java.lang.Thread.run(Thread.java:748)
2020-12-03 14:00:02,743 [Listener at 127.0.0.1/10068] INFO  server.SCMDatanodeProtocolServer (SCMDatanodeProtocolServer.java:stop(361)) - Stopping the RPC server for DataNodes
2020-12-03 14:00:02,743 [Listener at 127.0.0.1/10068] INFO  ipc.Server (Server.java:stop(3359)) - Stopping server on 35701
2020-12-03 14:00:02,745 [IPC Server listener on 0] INFO  ipc.Server (Server.java:run(1330)) - Stopping IPC Server listener on 0
2020-12-03 14:00:02,746 [IPC Server Responder] INFO  ipc.Server (Server.java:run(1465)) - Stopping IPC Server Responder
2020-12-03 14:00:02,762 [SCM Heartbeat Processing Thread - 0] WARN  node.NodeStateManager (NodeStateManager.java:scheduleNextHealthCheck(661)) - Current Thread is interrupted, shutting down HB processing thread for Node Manager.
2020-12-03 14:00:02,762 [Listener at 127.0.0.1/10068] INFO  server.StorageContainerManager (StorageContainerManager.java:stop(845)) - Stopping block service RPC server
2020-12-03 14:00:02,762 [Listener at 127.0.0.1/10068] INFO  server.SCMBlockProtocolServer (SCMBlockProtocolServer.java:stop(159)) - Stopping the RPC server for Block Protocol
2020-12-03 14:00:02,762 [Listener at 127.0.0.1/10068] INFO  ipc.Server (Server.java:stop(3359)) - Stopping server on 33601
2020-12-03 14:00:02,764 [IPC Server Responder] INFO  ipc.Server (Server.java:run(1465)) - Stopping IPC Server Responder
2020-12-03 14:00:02,764 [IPC Server listener on 0] INFO  ipc.Server (Server.java:run(1330)) - Stopping IPC Server listener on 0
2020-12-03 14:00:02,765 [Listener at 127.0.0.1/10068] INFO  server.StorageContainerManager (StorageContainerManager.java:stop(852)) - Stopping the StorageContainerLocationProtocol RPC server
2020-12-03 14:00:02,765 [Listener at 127.0.0.1/10068] INFO  server.SCMClientProtocolServer (SCMClientProtocolServer.java:stop(165)) - Stopping the RPC server for Client Protocol
2020-12-03 14:00:02,765 [Listener at 127.0.0.1/10068] INFO  ipc.Server (Server.java:stop(3359)) - Stopping server on 39589
2020-12-03 14:00:02,766 [Listener at 127.0.0.1/10068] INFO  server.StorageContainerManager (StorageContainerManager.java:stop(859)) - Stopping Storage Container Manager HTTP server.
2020-12-03 14:00:02,767 [IPC Server Responder] INFO  ipc.Server (Server.java:run(1465)) - Stopping IPC Server Responder
2020-12-03 14:00:02,766 [IPC Server listener on 0] INFO  ipc.Server (Server.java:run(1330)) - Stopping IPC Server listener on 0
2020-12-03 14:00:02,771 [Listener at 127.0.0.1/10068] INFO  handler.ContextHandler (ContextHandler.java:doStop(1154)) - Stopped o.e.j.w.WebAppContext@5ac06854{scm,/,null,STOPPED}{file:/github/workspace/mnt/ozone/hadoop-ozone/integration-test/target/test-classes/webapps/scm}
2020-12-03 14:00:02,771 [Listener at 127.0.0.1/10068] INFO  server.AbstractConnector (AbstractConnector.java:doStop(381)) - Stopped ServerConnector@4b57034c{HTTP/1.1, (http/1.1)}{0.0.0.0:0}
2020-12-03 14:00:02,771 [Listener at 127.0.0.1/10068] INFO  server.session (HouseKeeper.java:stopScavenging(149)) - node0 Stopped scavenging
2020-12-03 14:00:02,772 [Listener at 127.0.0.1/10068] INFO  handler.ContextHandler (ContextHandler.java:doStop(1154)) - Stopped o.e.j.s.ServletContextHandler@4d5c0393{static,/static,file:///github/workspace/mnt/ozone/hadoop-ozone/integration-test/target/test-classes/webapps/static,STOPPED}
2020-12-03 14:00:02,772 [Listener at 127.0.0.1/10068] INFO  handler.ContextHandler (ContextHandler.java:doStop(1154)) - Stopped o.e.j.s.ServletContextHandler@2e65dd16{logs,/logs,file:///github/workspace/mnt/ozone/hadoop-ozone/integration-test/target/log,STOPPED}
2020-12-03 14:00:02,773 [Listener at 127.0.0.1/10068] INFO  server.StorageContainerManager (StorageContainerManager.java:stop(870)) - Stopping Block Manager Service.
2020-12-03 14:00:02,773 [Listener at 127.0.0.1/10068] INFO  utils.BackgroundService (BackgroundService.java:shutdown(132)) - Shutting down service SCMBlockDeletingService
2020-12-03 14:00:02,773 [Listener at 127.0.0.1/10068] INFO  utils.BackgroundService (BackgroundService.java:shutdown(132)) - Shutting down service SCMBlockDeletingService
2020-12-03 14:00:02,774 [Listener at 127.0.0.1/10068] INFO  server.StorageContainerManager (StorageContainerManager.java:stop(895)) - Stopping SCM Event Queue.
2020-12-03 14:00:02,779 [Listener at 127.0.0.1/10068] INFO  impl.MetricsSystemImpl (MetricsSystemImpl.java:stop(210)) - Stopping HddsDatanode metrics system...
2020-12-03 14:00:02,783 [prometheus] INFO  impl.MetricsSinkAdapter (MetricsSinkAdapter.java:publishMetricsFromQueue(141)) - prometheus thread interrupted.
2020-12-03 14:00:02,783 [Listener at 127.0.0.1/10068] INFO  impl.MetricsSystemImpl (MetricsSystemImpl.java:stop(216)) - HddsDatanode metrics system stopped.
]]></system-out>
  </testcase>
  <testcase name="testOMRetryProxy" classname="org.apache.hadoop.ozone.om.TestOzoneManagerHAMetadataOnly" time="25.762"/>
  <testcase name="testOMProxyProviderFailoverToCurrentLeader" classname="org.apache.hadoop.ozone.om.TestOzoneManagerHAMetadataOnly" time="25.936"/>
  <testcase name="testAllBucketOperations" classname="org.apache.hadoop.ozone.om.TestOzoneManagerHAMetadataOnly" time="23.691"/>
  <testcase name="testOMProxyProviderFailoverOnConnectionFailure" classname="org.apache.hadoop.ozone.om.TestOzoneManagerHAMetadataOnly" time="0">
    <skipped message="This test randomly failing. Let&apos;s enable once its fixed."/>
  </testcase>
  <testcase name="testJMXMetrics" classname="org.apache.hadoop.ozone.om.TestOzoneManagerHAMetadataOnly" time="23.542"/>
  <testcase name="testReadRequest" classname="org.apache.hadoop.ozone.om.TestOzoneManagerHAMetadataOnly" time="23.646"/>
  <testcase name="testAllVolumeOperations" classname="org.apache.hadoop.ozone.om.TestOzoneManagerHAMetadataOnly" time="23.637"/>
  <testcase name="testListVolumes" classname="org.apache.hadoop.ozone.om.TestOzoneManagerHAMetadataOnly" time="0">
    <skipped message="This test randomly failing. Let&apos;s enable once its fixed."/>
  </testcase>
  <testcase name="testOMProxyProviderInitialization" classname="org.apache.hadoop.ozone.om.TestOzoneManagerHAMetadataOnly" time="23.537"/>
</testsuite>