<?xml version="1.0" encoding="UTF-8"?>
<testsuite xmlns:xsi="http://www.w3.org/2001/XMLSchema-instance" xsi:noNamespaceSchemaLocation="https://maven.apache.org/surefire/maven-surefire-plugin/xsd/surefire-test-report.xsd" name="org.apache.hadoop.ozone.om.TestOMRatisSnapshots" time="110.504" tests="3" errors="0" skipped="0" failures="1">
  <properties>
    <property name="awt.toolkit" value="sun.awt.X11.XToolkit"/>
    <property name="file.encoding.pkg" value="sun.io"/>
    <property name="java.specification.version" value="1.8"/>
    <property name="sun.cpu.isalist" value=""/>
    <property name="sun.jnu.encoding" value="ANSI_X3.4-1968"/>
    <property name="java.class.path" value="/github/workspace/mnt/ozone/hadoop-ozone/integration-test/target/test-classes:/github/workspace/mnt/ozone/hadoop-ozone/integration-test/target/classes:/home/user/.m2/repository/org/apache/hadoop/hadoop-ozone-common/1.1.0-SNAPSHOT/hadoop-ozone-common-1.1.0-SNAPSHOT.jar:/home/user/.m2/repository/org/apache/commons/commons-compress/1.4.1/commons-compress-1.4.1.jar:/home/user/.m2/repository/org/tukaani/xz/1.0/xz-1.0.jar:/home/user/.m2/repository/org/apache/hadoop/hadoop-hdds-common/1.1.0-SNAPSHOT/hadoop-hdds-common-1.1.0-SNAPSHOT.jar:/home/user/.m2/repository/org/apache/hadoop/hadoop-hdds-client/1.1.0-SNAPSHOT/hadoop-hdds-client-1.1.0-SNAPSHOT.jar:/home/user/.m2/repository/org/apache/hadoop/hadoop-ozone-interface-client/1.1.0-SNAPSHOT/hadoop-ozone-interface-client-1.1.0-SNAPSHOT.jar:/home/user/.m2/repository/org/apache/hadoop/hadoop-hdds-test-utils/1.1.0-SNAPSHOT/hadoop-hdds-test-utils-1.1.0-SNAPSHOT.jar:/home/user/.m2/repository/com/google/guava/guava/28.2-jre/guava-28.2-jre.jar:/home/user/.m2/repository/com/google/guava/failureaccess/1.0.1/failureaccess-1.0.1.jar:/home/user/.m2/repository/com/google/guava/listenablefuture/9999.0-empty-to-avoid-conflict-with-guava/listenablefuture-9999.0-empty-to-avoid-conflict-with-guava.jar:/home/user/.m2/repository/com/google/code/findbugs/jsr305/3.0.0/jsr305-3.0.0.jar:/home/user/.m2/repository/org/checkerframework/checker-qual/2.10.0/checker-qual-2.10.0.jar:/home/user/.m2/repository/com/google/errorprone/error_prone_annotations/2.2.0/error_prone_annotations-2.2.0.jar:/home/user/.m2/repository/com/google/j2objc/j2objc-annotations/1.3/j2objc-annotations-1.3.jar:/home/user/.m2/repository/commons-io/commons-io/2.5/commons-io-2.5.jar:/home/user/.m2/repository/commons-logging/commons-logging/1.2/commons-logging-1.2.jar:/home/user/.m2/repository/log4j/log4j/1.2.17/log4j-1.2.17.jar:/home/user/.m2/repository/org/slf4j/slf4j-api/1.7.30/slf4j-api-1.7.30.jar:/home/user/.m2/repository/org/apache/hadoop/hadoop-hdds-server-scm/1.1.0-SNAPSHOT/hadoop-hdds-server-scm-1.1.0-SNAPSHOT.jar:/home/user/.m2/repository/org/apache/hadoop/hadoop-hdds-container-service/1.1.0-SNAPSHOT/hadoop-hdds-container-service-1.1.0-SNAPSHOT.jar:/home/user/.m2/repository/org/apache/hadoop/hadoop-hdds-hadoop-dependency-server/1.1.0-SNAPSHOT/hadoop-hdds-hadoop-dependency-server-1.1.0-SNAPSHOT.jar:/home/user/.m2/repository/org/apache/hadoop/hadoop-hdfs/3.2.1/hadoop-hdfs-3.2.1.jar:/home/user/.m2/repository/org/apache/hadoop/hadoop-hdds-server-framework/1.1.0-SNAPSHOT/hadoop-hdds-server-framework-1.1.0-SNAPSHOT.jar:/home/user/.m2/repository/org/apache/hadoop/hadoop-hdds-interface-server/1.1.0-SNAPSHOT/hadoop-hdds-interface-server-1.1.0-SNAPSHOT.jar:/home/user/.m2/repository/org/apache/hadoop/hadoop-hdds-interface-admin/1.1.0-SNAPSHOT/hadoop-hdds-interface-admin-1.1.0-SNAPSHOT.jar:/home/user/.m2/repository/org/eclipse/jetty/jetty-servlet/9.4.34.v20201102/jetty-servlet-9.4.34.v20201102.jar:/home/user/.m2/repository/org/eclipse/jetty/jetty-security/9.4.34.v20201102/jetty-security-9.4.34.v20201102.jar:/home/user/.m2/repository/org/rocksdb/rocksdbjni/6.8.1/rocksdbjni-6.8.1.jar:/home/user/.m2/repository/io/prometheus/simpleclient_dropwizard/0.7.0/simpleclient_dropwizard-0.7.0.jar:/home/user/.m2/repository/io/prometheus/simpleclient/0.7.0/simpleclient-0.7.0.jar:/home/user/.m2/repository/io/prometheus/simpleclient_common/0.7.0/simpleclient_common-0.7.0.jar:/home/user/.m2/repository/com/fasterxml/jackson/datatype/jackson-datatype-jsr310/2.10.3/jackson-datatype-jsr310-2.10.3.jar:/home/user/.m2/repository/io/dropwizard/metrics/metrics-core/3.2.4/metrics-core-3.2.4.jar:/home/user/.m2/repository/org/apache/hadoop/hadoop-hdfs-client/3.2.1/hadoop-hdfs-client-3.2.1.jar:/home/user/.m2/repository/org/bouncycastle/bcprov-jdk15on/1.67/bcprov-jdk15on-1.67.jar:/home/user/.m2/repository/org/apache/hadoop/hadoop-ozone-ozone-manager/1.1.0-SNAPSHOT/hadoop-ozone-ozone-manager-1.1.0-SNAPSHOT.jar:/home/user/.m2/repository/org/apache/hadoop/hadoop-hdds-interface-client/1.1.0-SNAPSHOT/hadoop-hdds-interface-client-1.1.0-SNAPSHOT.jar:/home/user/.m2/repository/org/apache/ratis/ratis-thirdparty-misc/0.6.0-SNAPSHOT/ratis-thirdparty-misc-0.6.0-SNAPSHOT.jar:/home/user/.m2/repository/org/apache/hadoop/hadoop-ozone-interface-storage/1.1.0-SNAPSHOT/hadoop-ozone-interface-storage-1.1.0-SNAPSHOT.jar:/home/user/.m2/repository/org/apache/hadoop/hadoop-minikdc/3.2.1/hadoop-minikdc-3.2.1.jar:/home/user/.m2/repository/org/apache/kerby/kerb-simplekdc/1.0.1/kerb-simplekdc-1.0.1.jar:/home/user/.m2/repository/org/apache/kerby/kerb-client/1.0.1/kerb-client-1.0.1.jar:/home/user/.m2/repository/org/apache/kerby/kerby-config/1.0.1/kerby-config-1.0.1.jar:/home/user/.m2/repository/org/apache/kerby/kerb-core/1.0.1/kerb-core-1.0.1.jar:/home/user/.m2/repository/org/apache/kerby/kerby-pkix/1.0.1/kerby-pkix-1.0.1.jar:/home/user/.m2/repository/org/apache/kerby/kerby-asn1/1.0.1/kerby-asn1-1.0.1.jar:/home/user/.m2/repository/org/apache/kerby/kerby-util/1.0.1/kerby-util-1.0.1.jar:/home/user/.m2/repository/org/apache/kerby/kerb-common/1.0.1/kerb-common-1.0.1.jar:/home/user/.m2/repository/org/apache/kerby/kerb-crypto/1.0.1/kerb-crypto-1.0.1.jar:/home/user/.m2/repository/org/apache/kerby/kerb-util/1.0.1/kerb-util-1.0.1.jar:/home/user/.m2/repository/org/apache/kerby/token-provider/1.0.1/token-provider-1.0.1.jar:/home/user/.m2/repository/org/apache/kerby/kerb-admin/1.0.1/kerb-admin-1.0.1.jar:/home/user/.m2/repository/org/apache/kerby/kerb-server/1.0.1/kerb-server-1.0.1.jar:/home/user/.m2/repository/org/apache/kerby/kerb-identity/1.0.1/kerb-identity-1.0.1.jar:/home/user/.m2/repository/org/apache/kerby/kerby-xdr/1.0.1/kerby-xdr-1.0.1.jar:/home/user/.m2/repository/org/slf4j/slf4j-log4j12/1.7.30/slf4j-log4j12-1.7.30.jar:/home/user/.m2/repository/org/apache/hadoop/hadoop-ozone-s3gateway/1.1.0-SNAPSHOT/hadoop-ozone-s3gateway-1.1.0-SNAPSHOT.jar:/home/user/.m2/repository/org/jboss/weld/servlet/weld-servlet/2.4.7.Final/weld-servlet-2.4.7.Final.jar:/home/user/.m2/repository/org/glassfish/jersey/containers/jersey-container-servlet-core/2.27/jersey-container-servlet-core-2.27.jar:/home/user/.m2/repository/org/glassfish/hk2/external/javax.inject/2.5.0-b42/javax.inject-2.5.0-b42.jar:/home/user/.m2/repository/org/glassfish/jersey/core/jersey-common/2.27/jersey-common-2.27.jar:/home/user/.m2/repository/org/glassfish/hk2/osgi-resource-locator/1.0.1/osgi-resource-locator-1.0.1.jar:/home/user/.m2/repository/javax/ws/rs/javax.ws.rs-api/2.1/javax.ws.rs-api-2.1.jar:/home/user/.m2/repository/org/glassfish/jersey/ext/cdi/jersey-cdi1x/2.27/jersey-cdi1x-2.27.jar:/home/user/.m2/repository/org/glassfish/jersey/inject/jersey-hk2/2.27/jersey-hk2-2.27.jar:/home/user/.m2/repository/org/glassfish/hk2/hk2-locator/2.5.0-b42/hk2-locator-2.5.0-b42.jar:/home/user/.m2/repository/org/javassist/javassist/3.22.0-CR2/javassist-3.22.0-CR2.jar:/home/user/.m2/repository/org/glassfish/hk2/hk2-api/2.5.0/hk2-api-2.5.0.jar:/home/user/.m2/repository/org/glassfish/hk2/external/jakarta.inject/2.5.0/jakarta.inject-2.5.0.jar:/home/user/.m2/repository/org/glassfish/hk2/hk2-utils/2.5.0/hk2-utils-2.5.0.jar:/home/user/.m2/repository/jakarta/annotation/jakarta.annotation-api/1.3.4/jakarta.annotation-api-1.3.4.jar:/home/user/.m2/repository/org/glassfish/hk2/external/aopalliance-repackaged/2.5.0/aopalliance-repackaged-2.5.0.jar:/home/user/.m2/repository/com/fasterxml/jackson/dataformat/jackson-dataformat-xml/2.10.3/jackson-dataformat-xml-2.10.3.jar:/home/user/.m2/repository/com/fasterxml/jackson/core/jackson-core/2.10.3/jackson-core-2.10.3.jar:/home/user/.m2/repository/com/fasterxml/jackson/module/jackson-module-jaxb-annotations/2.10.3/jackson-module-jaxb-annotations-2.10.3.jar:/home/user/.m2/repository/jakarta/xml/bind/jakarta.xml.bind-api/2.3.2/jakarta.xml.bind-api-2.3.2.jar:/home/user/.m2/repository/jakarta/activation/jakarta.activation-api/1.2.1/jakarta.activation-api-1.2.1.jar:/home/user/.m2/repository/org/codehaus/woodstox/stax2-api/3.1.4/stax2-api-3.1.4.jar:/home/user/.m2/repository/com/fasterxml/woodstox/woodstox-core/5.0.3/woodstox-core-5.0.3.jar:/home/user/.m2/repository/javax/enterprise/cdi-api/1.2/cdi-api-1.2.jar:/home/user/.m2/repository/javax/el/javax.el-api/3.0.0/javax.el-api-3.0.0.jar:/home/user/.m2/repository/javax/interceptor/javax.interceptor-api/1.2/javax.interceptor-api-1.2.jar:/home/user/.m2/repository/javax/inject/javax.inject/1/javax.inject-1.jar:/home/user/.m2/repository/com/sun/xml/bind/jaxb-impl/2.3.0.1/jaxb-impl-2.3.0.1.jar:/home/user/.m2/repository/com/sun/xml/bind/jaxb-core/2.3.0.1/jaxb-core-2.3.0.1.jar:/home/user/.m2/repository/javax/xml/bind/jaxb-api/2.3.0/jaxb-api-2.3.0.jar:/home/user/.m2/repository/javax/activation/activation/1.1.1/activation-1.1.1.jar:/home/user/.m2/repository/org/apache/hadoop/hadoop-ozone-csi/1.1.0-SNAPSHOT/hadoop-ozone-csi-1.1.0-SNAPSHOT.jar:/home/user/.m2/repository/com/google/protobuf/protobuf-java-util/3.11.0/protobuf-java-util-3.11.0.jar:/home/user/.m2/repository/com/google/code/gson/gson/2.2.4/gson-2.2.4.jar:/home/user/.m2/repository/org/apache/hadoop/hadoop-hdds-config/1.1.0-SNAPSHOT/hadoop-hdds-config-1.1.0-SNAPSHOT.jar:/home/user/.m2/repository/com/google/protobuf/protobuf-java/2.5.0/protobuf-java-2.5.0.jar:/home/user/.m2/repository/io/grpc/grpc-netty/1.29.0/grpc-netty-1.29.0.jar:/home/user/.m2/repository/io/grpc/grpc-core/1.29.0/grpc-core-1.29.0.jar:/home/user/.m2/repository/com/google/android/annotations/4.1.1.4/annotations-4.1.1.4.jar:/home/user/.m2/repository/io/perfmark/perfmark-api/0.19.0/perfmark-api-0.19.0.jar:/home/user/.m2/repository/io/netty/netty-codec-http2/4.1.48.Final/netty-codec-http2-4.1.48.Final.jar:/home/user/.m2/repository/io/netty/netty-codec/4.1.48.Final/netty-codec-4.1.48.Final.jar:/home/user/.m2/repository/io/netty/netty-handler/4.1.48.Final/netty-handler-4.1.48.Final.jar:/home/user/.m2/repository/io/netty/netty-codec-http/4.1.48.Final/netty-codec-http-4.1.48.Final.jar:/home/user/.m2/repository/io/netty/netty-handler-proxy/4.1.48.Final/netty-handler-proxy-4.1.48.Final.jar:/home/user/.m2/repository/io/netty/netty-codec-socks/4.1.48.Final/netty-codec-socks-4.1.48.Final.jar:/home/user/.m2/repository/io/netty/netty-transport-native-epoll/4.1.48.Final/netty-transport-native-epoll-4.1.48.Final.jar:/home/user/.m2/repository/io/netty/netty-common/4.1.48.Final/netty-common-4.1.48.Final.jar:/home/user/.m2/repository/io/netty/netty-buffer/4.1.48.Final/netty-buffer-4.1.48.Final.jar:/home/user/.m2/repository/io/netty/netty-transport/4.1.48.Final/netty-transport-4.1.48.Final.jar:/home/user/.m2/repository/io/netty/netty-resolver/4.1.48.Final/netty-resolver-4.1.48.Final.jar:/home/user/.m2/repository/io/netty/netty-transport-native-unix-common/4.1.48.Final/netty-transport-native-unix-common-4.1.48.Final.jar:/home/user/.m2/repository/io/grpc/grpc-protobuf/1.29.0/grpc-protobuf-1.29.0.jar:/home/user/.m2/repository/io/grpc/grpc-api/1.29.0/grpc-api-1.29.0.jar:/home/user/.m2/repository/io/grpc/grpc-context/1.29.0/grpc-context-1.29.0.jar:/home/user/.m2/repository/org/codehaus/mojo/animal-sniffer-annotations/1.18/animal-sniffer-annotations-1.18.jar:/home/user/.m2/repository/com/google/api/grpc/proto-google-common-protos/1.17.0/proto-google-common-protos-1.17.0.jar:/home/user/.m2/repository/io/grpc/grpc-protobuf-lite/1.29.0/grpc-protobuf-lite-1.29.0.jar:/home/user/.m2/repository/io/grpc/grpc-stub/1.29.0/grpc-stub-1.29.0.jar:/home/user/.m2/repository/org/apache/hadoop/hadoop-ozone-recon/1.1.0-SNAPSHOT/hadoop-ozone-recon-1.1.0-SNAPSHOT.jar:/home/user/.m2/repository/org/apache/hadoop/hadoop-ozone-reconcodegen/1.1.0-SNAPSHOT/hadoop-ozone-reconcodegen-1.1.0-SNAPSHOT.jar:/home/user/.m2/repository/com/google/inject/extensions/guice-multibindings/4.0/guice-multibindings-4.0.jar:/home/user/.m2/repository/com/google/inject/guice/4.0/guice-4.0.jar:/home/user/.m2/repository/aopalliance/aopalliance/1.0/aopalliance-1.0.jar:/home/user/.m2/repository/com/google/inject/extensions/guice-assistedinject/4.0/guice-assistedinject-4.0.jar:/home/user/.m2/repository/com/google/inject/extensions/guice-servlet/4.0/guice-servlet-4.0.jar:/home/user/.m2/repository/org/glassfish/jersey/containers/jersey-container-servlet/2.27/jersey-container-servlet-2.27.jar:/home/user/.m2/repository/org/glassfish/hk2/guice-bridge/2.5.0/guice-bridge-2.5.0.jar:/home/user/.m2/repository/org/glassfish/jersey/core/jersey-server/2.27/jersey-server-2.27.jar:/home/user/.m2/repository/org/glassfish/jersey/core/jersey-client/2.27/jersey-client-2.27.jar:/home/user/.m2/repository/org/glassfish/jersey/media/jersey-media-jaxb/2.27/jersey-media-jaxb-2.27.jar:/home/user/.m2/repository/javax/validation/validation-api/1.1.0.Final/validation-api-1.1.0.Final.jar:/home/user/.m2/repository/org/glassfish/jersey/media/jersey-media-json-jackson/2.27/jersey-media-json-jackson-2.27.jar:/home/user/.m2/repository/org/glassfish/jersey/ext/jersey-entity-filtering/2.27/jersey-entity-filtering-2.27.jar:/home/user/.m2/repository/org/jooq/jooq/3.11.10/jooq-3.11.10.jar:/home/user/.m2/repository/org/jooq/jooq-meta/3.11.10/jooq-meta-3.11.10.jar:/home/user/.m2/repository/org/jooq/jooq-codegen/3.11.10/jooq-codegen-3.11.10.jar:/home/user/.m2/repository/com/jolbox/bonecp/0.8.0.RELEASE/bonecp-0.8.0.RELEASE.jar:/home/user/.m2/repository/org/apache/derby/derby/10.14.2.0/derby-10.14.2.0.jar:/home/user/.m2/repository/org/xerial/sqlite-jdbc/3.25.2/sqlite-jdbc-3.25.2.jar:/home/user/.m2/repository/org/springframework/spring-jdbc/5.2.11.RELEASE/spring-jdbc-5.2.11.RELEASE.jar:/home/user/.m2/repository/org/springframework/spring-beans/5.2.11.RELEASE/spring-beans-5.2.11.RELEASE.jar:/home/user/.m2/repository/org/springframework/spring-core/5.2.11.RELEASE/spring-core-5.2.11.RELEASE.jar:/home/user/.m2/repository/org/springframework/spring-jcl/5.2.11.RELEASE/spring-jcl-5.2.11.RELEASE.jar:/home/user/.m2/repository/org/springframework/spring-tx/5.2.11.RELEASE/spring-tx-5.2.11.RELEASE.jar:/home/user/.m2/repository/org/apache/hadoop/hadoop-ozone-client/1.1.0-SNAPSHOT/hadoop-ozone-client-1.1.0-SNAPSHOT.jar:/home/user/.m2/repository/org/apache/hadoop/hadoop-ozone-filesystem/1.1.0-SNAPSHOT/hadoop-ozone-filesystem-1.1.0-SNAPSHOT.jar:/home/user/.m2/repository/org/apache/hadoop/hadoop-ozone-filesystem-common/1.1.0-SNAPSHOT/hadoop-ozone-filesystem-common-1.1.0-SNAPSHOT.jar:/home/user/.m2/repository/org/apache/hadoop/hadoop-ozone-tools/1.1.0-SNAPSHOT/hadoop-ozone-tools-1.1.0-SNAPSHOT.jar:/home/user/.m2/repository/org/apache/ratis/ratis-tools/1.1.0-35f17fa-SNAPSHOT/ratis-tools-1.1.0-35f17fa-SNAPSHOT.jar:/home/user/.m2/repository/org/apache/ratis/ratis-proto/1.1.0-35f17fa-SNAPSHOT/ratis-proto-1.1.0-35f17fa-SNAPSHOT.jar:/home/user/.m2/repository/org/apache/ratis/ratis-common/1.1.0-35f17fa-SNAPSHOT/ratis-common-1.1.0-35f17fa-SNAPSHOT.jar:/home/user/.m2/repository/com/amazonaws/aws-java-sdk-core/1.11.901/aws-java-sdk-core-1.11.901.jar:/home/user/.m2/repository/org/apache/httpcomponents/httpclient/4.5.13/httpclient-4.5.13.jar:/home/user/.m2/repository/org/apache/httpcomponents/httpcore/4.4.13/httpcore-4.4.13.jar:/home/user/.m2/repository/software/amazon/ion/ion-java/1.0.2/ion-java-1.0.2.jar:/home/user/.m2/repository/com/fasterxml/jackson/dataformat/jackson-dataformat-cbor/2.10.3/jackson-dataformat-cbor-2.10.3.jar:/home/user/.m2/repository/joda-time/joda-time/2.8.1/joda-time-2.8.1.jar:/home/user/.m2/repository/com/amazonaws/aws-java-sdk-s3/1.11.901/aws-java-sdk-s3-1.11.901.jar:/home/user/.m2/repository/com/amazonaws/aws-java-sdk-kms/1.11.901/aws-java-sdk-kms-1.11.901.jar:/home/user/.m2/repository/com/amazonaws/jmespath-java/1.11.901/jmespath-java-1.11.901.jar:/home/user/.m2/repository/org/kohsuke/metainf-services/metainf-services/1.8/metainf-services-1.8.jar:/home/user/.m2/repository/org/apache/hadoop/hadoop-hdds-tools/1.1.0-SNAPSHOT/hadoop-hdds-tools-1.1.0-SNAPSHOT.jar:/home/user/.m2/repository/commons-cli/commons-cli/1.2/commons-cli-1.2.jar:/home/user/.m2/repository/org/apache/commons/commons-lang3/3.7/commons-lang3-3.7.jar:/home/user/.m2/repository/org/apache/hadoop/hadoop-ozone-ozone-manager/1.1.0-SNAPSHOT/hadoop-ozone-ozone-manager-1.1.0-SNAPSHOT-tests.jar:/home/user/.m2/repository/org/apache/hadoop/hadoop-hdds-common/1.1.0-SNAPSHOT/hadoop-hdds-common-1.1.0-SNAPSHOT-tests.jar:/home/user/.m2/repository/org/apache/hadoop/hadoop-hdds-hadoop-dependency-client/1.1.0-SNAPSHOT/hadoop-hdds-hadoop-dependency-client-1.1.0-SNAPSHOT.jar:/home/user/.m2/repository/info/picocli/picocli/4.4.0/picocli-4.4.0.jar:/home/user/.m2/repository/com/fasterxml/jackson/core/jackson-annotations/2.10.3/jackson-annotations-2.10.3.jar:/home/user/.m2/repository/javax/annotation/javax.annotation-api/1.2/javax.annotation-api-1.2.jar:/home/user/.m2/repository/org/fusesource/leveldbjni/leveldbjni-all/1.8/leveldbjni-all-1.8.jar:/home/user/.m2/repository/org/apache/ratis/ratis-server/1.1.0-35f17fa-SNAPSHOT/ratis-server-1.1.0-35f17fa-SNAPSHOT.jar:/home/user/.m2/repository/org/apache/ratis/ratis-client/1.1.0-35f17fa-SNAPSHOT/ratis-client-1.1.0-35f17fa-SNAPSHOT.jar:/home/user/.m2/repository/org/apache/ratis/ratis-server-api/1.1.0-35f17fa-SNAPSHOT/ratis-server-api-1.1.0-35f17fa-SNAPSHOT.jar:/home/user/.m2/repository/org/apache/ratis/ratis-metrics/1.1.0-35f17fa-SNAPSHOT/ratis-metrics-1.1.0-35f17fa-SNAPSHOT.jar:/home/user/.m2/repository/org/apache/ratis/ratis-netty/1.1.0-35f17fa-SNAPSHOT/ratis-netty-1.1.0-35f17fa-SNAPSHOT.jar:/home/user/.m2/repository/org/apache/ratis/ratis-grpc/1.1.0-35f17fa-SNAPSHOT/ratis-grpc-1.1.0-35f17fa-SNAPSHOT.jar:/home/user/.m2/repository/org/apache/logging/log4j/log4j-api/2.13.3/log4j-api-2.13.3.jar:/home/user/.m2/repository/org/apache/logging/log4j/log4j-core/2.13.3/log4j-core-2.13.3.jar:/home/user/.m2/repository/com/lmax/disruptor/3.4.2/disruptor-3.4.2.jar:/home/user/.m2/repository/org/apache/commons/commons-pool2/2.6.0/commons-pool2-2.6.0.jar:/home/user/.m2/repository/org/bouncycastle/bcpkix-jdk15on/1.67/bcpkix-jdk15on-1.67.jar:/home/user/.m2/repository/commons-validator/commons-validator/1.6/commons-validator-1.6.jar:/home/user/.m2/repository/commons-beanutils/commons-beanutils/1.9.4/commons-beanutils-1.9.4.jar:/home/user/.m2/repository/commons-digester/commons-digester/1.8.1/commons-digester-1.8.1.jar:/home/user/.m2/repository/commons-collections/commons-collections/3.2.2/commons-collections-3.2.2.jar:/home/user/.m2/repository/io/jaegertracing/jaeger-client/1.2.0/jaeger-client-1.2.0.jar:/home/user/.m2/repository/io/jaegertracing/jaeger-thrift/1.2.0/jaeger-thrift-1.2.0.jar:/home/user/.m2/repository/org/apache/thrift/libthrift/0.13.0/libthrift-0.13.0.jar:/home/user/.m2/repository/com/squareup/okhttp3/okhttp/4.2.2/okhttp-4.2.2.jar:/home/user/.m2/repository/com/squareup/okio/okio/2.2.2/okio-2.2.2.jar:/home/user/.m2/repository/org/jetbrains/kotlin/kotlin-stdlib/1.3.50/kotlin-stdlib-1.3.50.jar:/home/user/.m2/repository/org/jetbrains/kotlin/kotlin-stdlib-common/1.3.50/kotlin-stdlib-common-1.3.50.jar:/home/user/.m2/repository/org/jetbrains/annotations/13.0/annotations-13.0.jar:/home/user/.m2/repository/io/jaegertracing/jaeger-core/1.2.0/jaeger-core-1.2.0.jar:/home/user/.m2/repository/io/jaegertracing/jaeger-tracerresolver/1.2.0/jaeger-tracerresolver-1.2.0.jar:/home/user/.m2/repository/io/opentracing/contrib/opentracing-tracerresolver/0.1.8/opentracing-tracerresolver-0.1.8.jar:/home/user/.m2/repository/io/opentracing/opentracing-util/0.33.0/opentracing-util-0.33.0.jar:/home/user/.m2/repository/io/opentracing/opentracing-api/0.33.0/opentracing-api-0.33.0.jar:/home/user/.m2/repository/io/opentracing/opentracing-noop/0.33.0/opentracing-noop-0.33.0.jar:/home/user/.m2/repository/org/yaml/snakeyaml/1.26/snakeyaml-1.26.jar:/home/user/.m2/repository/junit/junit/4.11/junit-4.11.jar:/home/user/.m2/repository/org/hamcrest/hamcrest-core/1.3/hamcrest-core-1.3.jar:/home/user/.m2/repository/org/openjdk/jmh/jmh-core/1.19/jmh-core-1.19.jar:/home/user/.m2/repository/net/sf/jopt-simple/jopt-simple/4.6/jopt-simple-4.6.jar:/home/user/.m2/repository/org/apache/commons/commons-math3/3.1.1/commons-math3-3.1.1.jar:/home/user/.m2/repository/org/openjdk/jmh/jmh-generator-annprocess/1.19/jmh-generator-annprocess-1.19.jar:/home/user/.m2/repository/org/mockito/mockito-all/1.8.5/mockito-all-1.8.5.jar:/home/user/.m2/repository/org/apache/hadoop/hadoop-kms/3.2.1/hadoop-kms-3.2.1.jar:/home/user/.m2/repository/org/apache/hadoop/hadoop-auth/3.2.1/hadoop-auth-3.2.1.jar:/home/user/.m2/repository/com/nimbusds/nimbus-jose-jwt/7.9/nimbus-jose-jwt-7.9.jar:/home/user/.m2/repository/com/github/stephenc/jcip/jcip-annotations/1.0-1/jcip-annotations-1.0-1.jar:/home/user/.m2/repository/net/minidev/json-smart/2.3/json-smart-2.3.jar:/home/user/.m2/repository/net/minidev/accessors-smart/1.2/accessors-smart-1.2.jar:/home/user/.m2/repository/org/ow2/asm/asm/5.0.4/asm-5.0.4.jar:/home/user/.m2/repository/org/apache/zookeeper/zookeeper/3.4.13/zookeeper-3.4.13.jar:/home/user/.m2/repository/org/apache/yetus/audience-annotations/0.5.0/audience-annotations-0.5.0.jar:/home/user/.m2/repository/org/apache/curator/curator-framework/2.13.0/curator-framework-2.13.0.jar:/home/user/.m2/repository/com/sun/jersey/jersey-core/1.19/jersey-core-1.19.jar:/home/user/.m2/repository/javax/ws/rs/jsr311-api/1.1.1/jsr311-api-1.1.1.jar:/home/user/.m2/repository/com/sun/jersey/jersey-server/1.19/jersey-server-1.19.jar:/home/user/.m2/repository/javax/servlet/javax.servlet-api/3.1.0/javax.servlet-api-3.1.0.jar:/home/user/.m2/repository/org/eclipse/jetty/jetty-server/9.4.34.v20201102/jetty-server-9.4.34.v20201102.jar:/home/user/.m2/repository/org/eclipse/jetty/jetty-http/9.4.34.v20201102/jetty-http-9.4.34.v20201102.jar:/home/user/.m2/repository/org/eclipse/jetty/jetty-io/9.4.34.v20201102/jetty-io-9.4.34.v20201102.jar:/home/user/.m2/repository/org/eclipse/jetty/jetty-webapp/9.4.34.v20201102/jetty-webapp-9.4.34.v20201102.jar:/home/user/.m2/repository/org/eclipse/jetty/jetty-xml/9.4.34.v20201102/jetty-xml-9.4.34.v20201102.jar:/home/user/.m2/repository/org/apache/hadoop/hadoop-common/3.2.1/hadoop-common-3.2.1.jar:/home/user/.m2/repository/commons-net/commons-net/3.6/commons-net-3.6.jar:/home/user/.m2/repository/com/sun/jersey/jersey-servlet/1.19/jersey-servlet-1.19.jar:/home/user/.m2/repository/com/sun/jersey/jersey-json/1.19/jersey-json-1.19.jar:/home/user/.m2/repository/org/codehaus/jettison/jettison/1.1/jettison-1.1.jar:/home/user/.m2/repository/org/codehaus/jackson/jackson-jaxrs/1.9.2/jackson-jaxrs-1.9.2.jar:/home/user/.m2/repository/org/codehaus/jackson/jackson-xc/1.9.2/jackson-xc-1.9.2.jar:/home/user/.m2/repository/org/apache/commons/commons-configuration2/2.1.1/commons-configuration2-2.1.1.jar:/home/user/.m2/repository/org/apache/commons/commons-text/1.4/commons-text-1.4.jar:/home/user/.m2/repository/com/google/re2j/re2j/1.1/re2j-1.1.jar:/home/user/.m2/repository/com/jcraft/jsch/0.1.54/jsch-0.1.54.jar:/home/user/.m2/repository/org/apache/curator/curator-client/2.13.0/curator-client-2.13.0.jar:/home/user/.m2/repository/org/apache/curator/curator-recipes/2.13.0/curator-recipes-2.13.0.jar:/home/user/.m2/repository/dnsjava/dnsjava/2.1.7/dnsjava-2.1.7.jar:/home/user/.m2/repository/org/slf4j/jul-to-slf4j/1.7.30/jul-to-slf4j-1.7.30.jar:/home/user/.m2/repository/org/eclipse/jetty/jetty-util/9.4.34.v20201102/jetty-util-9.4.34.v20201102.jar:/home/user/.m2/repository/com/fasterxml/jackson/core/jackson-databind/2.10.3/jackson-databind-2.10.3.jar:/home/user/.m2/repository/org/apache/hadoop/hadoop-kms/3.2.1/hadoop-kms-3.2.1-tests.jar:/home/user/.m2/repository/org/apache/hadoop/hadoop-hdds-server-scm/1.1.0-SNAPSHOT/hadoop-hdds-server-scm-1.1.0-SNAPSHOT-tests.jar:/home/user/.m2/repository/org/apache/hadoop/hadoop-hdds-container-service/1.1.0-SNAPSHOT/hadoop-hdds-container-service-1.1.0-SNAPSHOT-tests.jar:/home/user/.m2/repository/commons-codec/commons-codec/1.11/commons-codec-1.11.jar:/home/user/.m2/repository/org/apache/hadoop/hadoop-hdds-hadoop-dependency-test/1.1.0-SNAPSHOT/hadoop-hdds-hadoop-dependency-test-1.1.0-SNAPSHOT.jar:/home/user/.m2/repository/org/apache/hadoop/hadoop-common/3.2.1/hadoop-common-3.2.1-tests.jar:/home/user/.m2/repository/org/apache/hadoop/hadoop-hdfs/3.2.1/hadoop-hdfs-3.2.1-tests.jar:/home/user/.m2/repository/org/eclipse/jetty/jetty-util-ajax/9.4.34.v20201102/jetty-util-ajax-9.4.34.v20201102.jar:/home/user/.m2/repository/commons-daemon/commons-daemon/1.0.13/commons-daemon-1.0.13.jar:/home/user/.m2/repository/io/netty/netty/3.10.5.Final/netty-3.10.5.Final.jar:/home/user/.m2/repository/io/netty/netty-all/4.1.48.Final/netty-all-4.1.48.Final.jar:/home/user/.m2/repository/org/apache/htrace/htrace-core4/4.1.0-incubating/htrace-core4-4.1.0-incubating.jar:/home/user/.m2/repository/org/apache/hadoop/hadoop-distcp/3.2.1/hadoop-distcp-3.2.1.jar:/home/user/.m2/repository/org/apache/hadoop/hadoop-mapreduce-client-jobclient/3.2.1/hadoop-mapreduce-client-jobclient-3.2.1.jar:/home/user/.m2/repository/org/apache/hadoop/hadoop-mapreduce-client-common/3.2.1/hadoop-mapreduce-client-common-3.2.1.jar:/home/user/.m2/repository/org/apache/hadoop/hadoop-yarn-common/3.2.1/hadoop-yarn-common-3.2.1.jar:/home/user/.m2/repository/org/apache/hadoop/hadoop-yarn-api/3.2.1/hadoop-yarn-api-3.2.1.jar:/home/user/.m2/repository/com/sun/jersey/jersey-client/1.19/jersey-client-1.19.jar:/home/user/.m2/repository/com/sun/jersey/contribs/jersey-guice/1.19/jersey-guice-1.19.jar:/home/user/.m2/repository/com/fasterxml/jackson/jaxrs/jackson-jaxrs-json-provider/2.10.3/jackson-jaxrs-json-provider-2.10.3.jar:/home/user/.m2/repository/com/fasterxml/jackson/jaxrs/jackson-jaxrs-base/2.10.3/jackson-jaxrs-base-2.10.3.jar:/home/user/.m2/repository/org/apache/hadoop/hadoop-yarn-client/3.2.1/hadoop-yarn-client-3.2.1.jar:/home/user/.m2/repository/org/apache/hadoop/hadoop-mapreduce-client-core/3.2.1/hadoop-mapreduce-client-core-3.2.1.jar:/home/user/.m2/repository/org/apache/avro/avro/1.7.7/avro-1.7.7.jar:/home/user/.m2/repository/org/codehaus/jackson/jackson-core-asl/1.9.13/jackson-core-asl-1.9.13.jar:/home/user/.m2/repository/org/codehaus/jackson/jackson-mapper-asl/1.9.13/jackson-mapper-asl-1.9.13.jar:/home/user/.m2/repository/com/thoughtworks/paranamer/paranamer/2.3/paranamer-2.3.jar:/home/user/.m2/repository/org/xerial/snappy/snappy-java/1.0.5/snappy-java-1.0.5.jar:/home/user/.m2/repository/org/apache/hadoop/hadoop-annotations/3.2.1/hadoop-annotations-3.2.1.jar:/usr/lib/jvm/java-1.8.0-openjdk-1.8.0.232.b09-0.el7_7.x86_64/jre/../lib/tools.jar:/home/user/.m2/repository/org/apache/hadoop/hadoop-distcp/3.2.1/hadoop-distcp-3.2.1-tests.jar:"/>
    <property name="java.vm.vendor" value="Oracle Corporation"/>
    <property name="sun.arch.data.model" value="64"/>
    <property name="test.build.dir" value="/github/workspace/mnt/ozone/hadoop-ozone/integration-test/target/test-dir"/>
    <property name="test.cache.data" value=""/>
    <property name="java.vendor.url" value="http://java.oracle.com/"/>
    <property name="user.timezone" value=""/>
    <property name="java.vm.specification.version" value="1.8"/>
    <property name="os.name" value="Linux"/>
    <property name="test.build.data" value="/github/workspace/mnt/ozone/hadoop-ozone/integration-test/target/test-dir"/>
    <property name="user.country" value="US"/>
    <property name="sun.java.launcher" value="SUN_STANDARD"/>
    <property name="sun.boot.library.path" value="/usr/lib/jvm/java-1.8.0-openjdk-1.8.0.232.b09-0.el7_7.x86_64/jre/lib/amd64"/>
    <property name="sun.java.command" value="/github/workspace/mnt/ozone/hadoop-ozone/integration-test/target/surefire/surefirebooter27542736395652299.jar /github/workspace/mnt/ozone/hadoop-ozone/integration-test/target/surefire 2021-01-12T09-59-19_304-jvmRun1 surefire5968470412868478496tmp surefire_402685273830049630728tmp"/>
    <property name="surefire.test.class.path" value="/github/workspace/mnt/ozone/hadoop-ozone/integration-test/target/test-classes:/github/workspace/mnt/ozone/hadoop-ozone/integration-test/target/classes:/home/user/.m2/repository/org/apache/hadoop/hadoop-ozone-common/1.1.0-SNAPSHOT/hadoop-ozone-common-1.1.0-SNAPSHOT.jar:/home/user/.m2/repository/org/apache/commons/commons-compress/1.4.1/commons-compress-1.4.1.jar:/home/user/.m2/repository/org/tukaani/xz/1.0/xz-1.0.jar:/home/user/.m2/repository/org/apache/hadoop/hadoop-hdds-common/1.1.0-SNAPSHOT/hadoop-hdds-common-1.1.0-SNAPSHOT.jar:/home/user/.m2/repository/org/apache/hadoop/hadoop-hdds-client/1.1.0-SNAPSHOT/hadoop-hdds-client-1.1.0-SNAPSHOT.jar:/home/user/.m2/repository/org/apache/hadoop/hadoop-ozone-interface-client/1.1.0-SNAPSHOT/hadoop-ozone-interface-client-1.1.0-SNAPSHOT.jar:/home/user/.m2/repository/org/apache/hadoop/hadoop-hdds-test-utils/1.1.0-SNAPSHOT/hadoop-hdds-test-utils-1.1.0-SNAPSHOT.jar:/home/user/.m2/repository/com/google/guava/guava/28.2-jre/guava-28.2-jre.jar:/home/user/.m2/repository/com/google/guava/failureaccess/1.0.1/failureaccess-1.0.1.jar:/home/user/.m2/repository/com/google/guava/listenablefuture/9999.0-empty-to-avoid-conflict-with-guava/listenablefuture-9999.0-empty-to-avoid-conflict-with-guava.jar:/home/user/.m2/repository/com/google/code/findbugs/jsr305/3.0.0/jsr305-3.0.0.jar:/home/user/.m2/repository/org/checkerframework/checker-qual/2.10.0/checker-qual-2.10.0.jar:/home/user/.m2/repository/com/google/errorprone/error_prone_annotations/2.2.0/error_prone_annotations-2.2.0.jar:/home/user/.m2/repository/com/google/j2objc/j2objc-annotations/1.3/j2objc-annotations-1.3.jar:/home/user/.m2/repository/commons-io/commons-io/2.5/commons-io-2.5.jar:/home/user/.m2/repository/commons-logging/commons-logging/1.2/commons-logging-1.2.jar:/home/user/.m2/repository/log4j/log4j/1.2.17/log4j-1.2.17.jar:/home/user/.m2/repository/org/slf4j/slf4j-api/1.7.30/slf4j-api-1.7.30.jar:/home/user/.m2/repository/org/apache/hadoop/hadoop-hdds-server-scm/1.1.0-SNAPSHOT/hadoop-hdds-server-scm-1.1.0-SNAPSHOT.jar:/home/user/.m2/repository/org/apache/hadoop/hadoop-hdds-container-service/1.1.0-SNAPSHOT/hadoop-hdds-container-service-1.1.0-SNAPSHOT.jar:/home/user/.m2/repository/org/apache/hadoop/hadoop-hdds-hadoop-dependency-server/1.1.0-SNAPSHOT/hadoop-hdds-hadoop-dependency-server-1.1.0-SNAPSHOT.jar:/home/user/.m2/repository/org/apache/hadoop/hadoop-hdfs/3.2.1/hadoop-hdfs-3.2.1.jar:/home/user/.m2/repository/org/apache/hadoop/hadoop-hdds-server-framework/1.1.0-SNAPSHOT/hadoop-hdds-server-framework-1.1.0-SNAPSHOT.jar:/home/user/.m2/repository/org/apache/hadoop/hadoop-hdds-interface-server/1.1.0-SNAPSHOT/hadoop-hdds-interface-server-1.1.0-SNAPSHOT.jar:/home/user/.m2/repository/org/apache/hadoop/hadoop-hdds-interface-admin/1.1.0-SNAPSHOT/hadoop-hdds-interface-admin-1.1.0-SNAPSHOT.jar:/home/user/.m2/repository/org/eclipse/jetty/jetty-servlet/9.4.34.v20201102/jetty-servlet-9.4.34.v20201102.jar:/home/user/.m2/repository/org/eclipse/jetty/jetty-security/9.4.34.v20201102/jetty-security-9.4.34.v20201102.jar:/home/user/.m2/repository/org/rocksdb/rocksdbjni/6.8.1/rocksdbjni-6.8.1.jar:/home/user/.m2/repository/io/prometheus/simpleclient_dropwizard/0.7.0/simpleclient_dropwizard-0.7.0.jar:/home/user/.m2/repository/io/prometheus/simpleclient/0.7.0/simpleclient-0.7.0.jar:/home/user/.m2/repository/io/prometheus/simpleclient_common/0.7.0/simpleclient_common-0.7.0.jar:/home/user/.m2/repository/com/fasterxml/jackson/datatype/jackson-datatype-jsr310/2.10.3/jackson-datatype-jsr310-2.10.3.jar:/home/user/.m2/repository/io/dropwizard/metrics/metrics-core/3.2.4/metrics-core-3.2.4.jar:/home/user/.m2/repository/org/apache/hadoop/hadoop-hdfs-client/3.2.1/hadoop-hdfs-client-3.2.1.jar:/home/user/.m2/repository/org/bouncycastle/bcprov-jdk15on/1.67/bcprov-jdk15on-1.67.jar:/home/user/.m2/repository/org/apache/hadoop/hadoop-ozone-ozone-manager/1.1.0-SNAPSHOT/hadoop-ozone-ozone-manager-1.1.0-SNAPSHOT.jar:/home/user/.m2/repository/org/apache/hadoop/hadoop-hdds-interface-client/1.1.0-SNAPSHOT/hadoop-hdds-interface-client-1.1.0-SNAPSHOT.jar:/home/user/.m2/repository/org/apache/ratis/ratis-thirdparty-misc/0.6.0-SNAPSHOT/ratis-thirdparty-misc-0.6.0-SNAPSHOT.jar:/home/user/.m2/repository/org/apache/hadoop/hadoop-ozone-interface-storage/1.1.0-SNAPSHOT/hadoop-ozone-interface-storage-1.1.0-SNAPSHOT.jar:/home/user/.m2/repository/org/apache/hadoop/hadoop-minikdc/3.2.1/hadoop-minikdc-3.2.1.jar:/home/user/.m2/repository/org/apache/kerby/kerb-simplekdc/1.0.1/kerb-simplekdc-1.0.1.jar:/home/user/.m2/repository/org/apache/kerby/kerb-client/1.0.1/kerb-client-1.0.1.jar:/home/user/.m2/repository/org/apache/kerby/kerby-config/1.0.1/kerby-config-1.0.1.jar:/home/user/.m2/repository/org/apache/kerby/kerb-core/1.0.1/kerb-core-1.0.1.jar:/home/user/.m2/repository/org/apache/kerby/kerby-pkix/1.0.1/kerby-pkix-1.0.1.jar:/home/user/.m2/repository/org/apache/kerby/kerby-asn1/1.0.1/kerby-asn1-1.0.1.jar:/home/user/.m2/repository/org/apache/kerby/kerby-util/1.0.1/kerby-util-1.0.1.jar:/home/user/.m2/repository/org/apache/kerby/kerb-common/1.0.1/kerb-common-1.0.1.jar:/home/user/.m2/repository/org/apache/kerby/kerb-crypto/1.0.1/kerb-crypto-1.0.1.jar:/home/user/.m2/repository/org/apache/kerby/kerb-util/1.0.1/kerb-util-1.0.1.jar:/home/user/.m2/repository/org/apache/kerby/token-provider/1.0.1/token-provider-1.0.1.jar:/home/user/.m2/repository/org/apache/kerby/kerb-admin/1.0.1/kerb-admin-1.0.1.jar:/home/user/.m2/repository/org/apache/kerby/kerb-server/1.0.1/kerb-server-1.0.1.jar:/home/user/.m2/repository/org/apache/kerby/kerb-identity/1.0.1/kerb-identity-1.0.1.jar:/home/user/.m2/repository/org/apache/kerby/kerby-xdr/1.0.1/kerby-xdr-1.0.1.jar:/home/user/.m2/repository/org/slf4j/slf4j-log4j12/1.7.30/slf4j-log4j12-1.7.30.jar:/home/user/.m2/repository/org/apache/hadoop/hadoop-ozone-s3gateway/1.1.0-SNAPSHOT/hadoop-ozone-s3gateway-1.1.0-SNAPSHOT.jar:/home/user/.m2/repository/org/jboss/weld/servlet/weld-servlet/2.4.7.Final/weld-servlet-2.4.7.Final.jar:/home/user/.m2/repository/org/glassfish/jersey/containers/jersey-container-servlet-core/2.27/jersey-container-servlet-core-2.27.jar:/home/user/.m2/repository/org/glassfish/hk2/external/javax.inject/2.5.0-b42/javax.inject-2.5.0-b42.jar:/home/user/.m2/repository/org/glassfish/jersey/core/jersey-common/2.27/jersey-common-2.27.jar:/home/user/.m2/repository/org/glassfish/hk2/osgi-resource-locator/1.0.1/osgi-resource-locator-1.0.1.jar:/home/user/.m2/repository/javax/ws/rs/javax.ws.rs-api/2.1/javax.ws.rs-api-2.1.jar:/home/user/.m2/repository/org/glassfish/jersey/ext/cdi/jersey-cdi1x/2.27/jersey-cdi1x-2.27.jar:/home/user/.m2/repository/org/glassfish/jersey/inject/jersey-hk2/2.27/jersey-hk2-2.27.jar:/home/user/.m2/repository/org/glassfish/hk2/hk2-locator/2.5.0-b42/hk2-locator-2.5.0-b42.jar:/home/user/.m2/repository/org/javassist/javassist/3.22.0-CR2/javassist-3.22.0-CR2.jar:/home/user/.m2/repository/org/glassfish/hk2/hk2-api/2.5.0/hk2-api-2.5.0.jar:/home/user/.m2/repository/org/glassfish/hk2/external/jakarta.inject/2.5.0/jakarta.inject-2.5.0.jar:/home/user/.m2/repository/org/glassfish/hk2/hk2-utils/2.5.0/hk2-utils-2.5.0.jar:/home/user/.m2/repository/jakarta/annotation/jakarta.annotation-api/1.3.4/jakarta.annotation-api-1.3.4.jar:/home/user/.m2/repository/org/glassfish/hk2/external/aopalliance-repackaged/2.5.0/aopalliance-repackaged-2.5.0.jar:/home/user/.m2/repository/com/fasterxml/jackson/dataformat/jackson-dataformat-xml/2.10.3/jackson-dataformat-xml-2.10.3.jar:/home/user/.m2/repository/com/fasterxml/jackson/core/jackson-core/2.10.3/jackson-core-2.10.3.jar:/home/user/.m2/repository/com/fasterxml/jackson/module/jackson-module-jaxb-annotations/2.10.3/jackson-module-jaxb-annotations-2.10.3.jar:/home/user/.m2/repository/jakarta/xml/bind/jakarta.xml.bind-api/2.3.2/jakarta.xml.bind-api-2.3.2.jar:/home/user/.m2/repository/jakarta/activation/jakarta.activation-api/1.2.1/jakarta.activation-api-1.2.1.jar:/home/user/.m2/repository/org/codehaus/woodstox/stax2-api/3.1.4/stax2-api-3.1.4.jar:/home/user/.m2/repository/com/fasterxml/woodstox/woodstox-core/5.0.3/woodstox-core-5.0.3.jar:/home/user/.m2/repository/javax/enterprise/cdi-api/1.2/cdi-api-1.2.jar:/home/user/.m2/repository/javax/el/javax.el-api/3.0.0/javax.el-api-3.0.0.jar:/home/user/.m2/repository/javax/interceptor/javax.interceptor-api/1.2/javax.interceptor-api-1.2.jar:/home/user/.m2/repository/javax/inject/javax.inject/1/javax.inject-1.jar:/home/user/.m2/repository/com/sun/xml/bind/jaxb-impl/2.3.0.1/jaxb-impl-2.3.0.1.jar:/home/user/.m2/repository/com/sun/xml/bind/jaxb-core/2.3.0.1/jaxb-core-2.3.0.1.jar:/home/user/.m2/repository/javax/xml/bind/jaxb-api/2.3.0/jaxb-api-2.3.0.jar:/home/user/.m2/repository/javax/activation/activation/1.1.1/activation-1.1.1.jar:/home/user/.m2/repository/org/apache/hadoop/hadoop-ozone-csi/1.1.0-SNAPSHOT/hadoop-ozone-csi-1.1.0-SNAPSHOT.jar:/home/user/.m2/repository/com/google/protobuf/protobuf-java-util/3.11.0/protobuf-java-util-3.11.0.jar:/home/user/.m2/repository/com/google/code/gson/gson/2.2.4/gson-2.2.4.jar:/home/user/.m2/repository/org/apache/hadoop/hadoop-hdds-config/1.1.0-SNAPSHOT/hadoop-hdds-config-1.1.0-SNAPSHOT.jar:/home/user/.m2/repository/com/google/protobuf/protobuf-java/2.5.0/protobuf-java-2.5.0.jar:/home/user/.m2/repository/io/grpc/grpc-netty/1.29.0/grpc-netty-1.29.0.jar:/home/user/.m2/repository/io/grpc/grpc-core/1.29.0/grpc-core-1.29.0.jar:/home/user/.m2/repository/com/google/android/annotations/4.1.1.4/annotations-4.1.1.4.jar:/home/user/.m2/repository/io/perfmark/perfmark-api/0.19.0/perfmark-api-0.19.0.jar:/home/user/.m2/repository/io/netty/netty-codec-http2/4.1.48.Final/netty-codec-http2-4.1.48.Final.jar:/home/user/.m2/repository/io/netty/netty-codec/4.1.48.Final/netty-codec-4.1.48.Final.jar:/home/user/.m2/repository/io/netty/netty-handler/4.1.48.Final/netty-handler-4.1.48.Final.jar:/home/user/.m2/repository/io/netty/netty-codec-http/4.1.48.Final/netty-codec-http-4.1.48.Final.jar:/home/user/.m2/repository/io/netty/netty-handler-proxy/4.1.48.Final/netty-handler-proxy-4.1.48.Final.jar:/home/user/.m2/repository/io/netty/netty-codec-socks/4.1.48.Final/netty-codec-socks-4.1.48.Final.jar:/home/user/.m2/repository/io/netty/netty-transport-native-epoll/4.1.48.Final/netty-transport-native-epoll-4.1.48.Final.jar:/home/user/.m2/repository/io/netty/netty-common/4.1.48.Final/netty-common-4.1.48.Final.jar:/home/user/.m2/repository/io/netty/netty-buffer/4.1.48.Final/netty-buffer-4.1.48.Final.jar:/home/user/.m2/repository/io/netty/netty-transport/4.1.48.Final/netty-transport-4.1.48.Final.jar:/home/user/.m2/repository/io/netty/netty-resolver/4.1.48.Final/netty-resolver-4.1.48.Final.jar:/home/user/.m2/repository/io/netty/netty-transport-native-unix-common/4.1.48.Final/netty-transport-native-unix-common-4.1.48.Final.jar:/home/user/.m2/repository/io/grpc/grpc-protobuf/1.29.0/grpc-protobuf-1.29.0.jar:/home/user/.m2/repository/io/grpc/grpc-api/1.29.0/grpc-api-1.29.0.jar:/home/user/.m2/repository/io/grpc/grpc-context/1.29.0/grpc-context-1.29.0.jar:/home/user/.m2/repository/org/codehaus/mojo/animal-sniffer-annotations/1.18/animal-sniffer-annotations-1.18.jar:/home/user/.m2/repository/com/google/api/grpc/proto-google-common-protos/1.17.0/proto-google-common-protos-1.17.0.jar:/home/user/.m2/repository/io/grpc/grpc-protobuf-lite/1.29.0/grpc-protobuf-lite-1.29.0.jar:/home/user/.m2/repository/io/grpc/grpc-stub/1.29.0/grpc-stub-1.29.0.jar:/home/user/.m2/repository/org/apache/hadoop/hadoop-ozone-recon/1.1.0-SNAPSHOT/hadoop-ozone-recon-1.1.0-SNAPSHOT.jar:/home/user/.m2/repository/org/apache/hadoop/hadoop-ozone-reconcodegen/1.1.0-SNAPSHOT/hadoop-ozone-reconcodegen-1.1.0-SNAPSHOT.jar:/home/user/.m2/repository/com/google/inject/extensions/guice-multibindings/4.0/guice-multibindings-4.0.jar:/home/user/.m2/repository/com/google/inject/guice/4.0/guice-4.0.jar:/home/user/.m2/repository/aopalliance/aopalliance/1.0/aopalliance-1.0.jar:/home/user/.m2/repository/com/google/inject/extensions/guice-assistedinject/4.0/guice-assistedinject-4.0.jar:/home/user/.m2/repository/com/google/inject/extensions/guice-servlet/4.0/guice-servlet-4.0.jar:/home/user/.m2/repository/org/glassfish/jersey/containers/jersey-container-servlet/2.27/jersey-container-servlet-2.27.jar:/home/user/.m2/repository/org/glassfish/hk2/guice-bridge/2.5.0/guice-bridge-2.5.0.jar:/home/user/.m2/repository/org/glassfish/jersey/core/jersey-server/2.27/jersey-server-2.27.jar:/home/user/.m2/repository/org/glassfish/jersey/core/jersey-client/2.27/jersey-client-2.27.jar:/home/user/.m2/repository/org/glassfish/jersey/media/jersey-media-jaxb/2.27/jersey-media-jaxb-2.27.jar:/home/user/.m2/repository/javax/validation/validation-api/1.1.0.Final/validation-api-1.1.0.Final.jar:/home/user/.m2/repository/org/glassfish/jersey/media/jersey-media-json-jackson/2.27/jersey-media-json-jackson-2.27.jar:/home/user/.m2/repository/org/glassfish/jersey/ext/jersey-entity-filtering/2.27/jersey-entity-filtering-2.27.jar:/home/user/.m2/repository/org/jooq/jooq/3.11.10/jooq-3.11.10.jar:/home/user/.m2/repository/org/jooq/jooq-meta/3.11.10/jooq-meta-3.11.10.jar:/home/user/.m2/repository/org/jooq/jooq-codegen/3.11.10/jooq-codegen-3.11.10.jar:/home/user/.m2/repository/com/jolbox/bonecp/0.8.0.RELEASE/bonecp-0.8.0.RELEASE.jar:/home/user/.m2/repository/org/apache/derby/derby/10.14.2.0/derby-10.14.2.0.jar:/home/user/.m2/repository/org/xerial/sqlite-jdbc/3.25.2/sqlite-jdbc-3.25.2.jar:/home/user/.m2/repository/org/springframework/spring-jdbc/5.2.11.RELEASE/spring-jdbc-5.2.11.RELEASE.jar:/home/user/.m2/repository/org/springframework/spring-beans/5.2.11.RELEASE/spring-beans-5.2.11.RELEASE.jar:/home/user/.m2/repository/org/springframework/spring-core/5.2.11.RELEASE/spring-core-5.2.11.RELEASE.jar:/home/user/.m2/repository/org/springframework/spring-jcl/5.2.11.RELEASE/spring-jcl-5.2.11.RELEASE.jar:/home/user/.m2/repository/org/springframework/spring-tx/5.2.11.RELEASE/spring-tx-5.2.11.RELEASE.jar:/home/user/.m2/repository/org/apache/hadoop/hadoop-ozone-client/1.1.0-SNAPSHOT/hadoop-ozone-client-1.1.0-SNAPSHOT.jar:/home/user/.m2/repository/org/apache/hadoop/hadoop-ozone-filesystem/1.1.0-SNAPSHOT/hadoop-ozone-filesystem-1.1.0-SNAPSHOT.jar:/home/user/.m2/repository/org/apache/hadoop/hadoop-ozone-filesystem-common/1.1.0-SNAPSHOT/hadoop-ozone-filesystem-common-1.1.0-SNAPSHOT.jar:/home/user/.m2/repository/org/apache/hadoop/hadoop-ozone-tools/1.1.0-SNAPSHOT/hadoop-ozone-tools-1.1.0-SNAPSHOT.jar:/home/user/.m2/repository/org/apache/ratis/ratis-tools/1.1.0-35f17fa-SNAPSHOT/ratis-tools-1.1.0-35f17fa-SNAPSHOT.jar:/home/user/.m2/repository/org/apache/ratis/ratis-proto/1.1.0-35f17fa-SNAPSHOT/ratis-proto-1.1.0-35f17fa-SNAPSHOT.jar:/home/user/.m2/repository/org/apache/ratis/ratis-common/1.1.0-35f17fa-SNAPSHOT/ratis-common-1.1.0-35f17fa-SNAPSHOT.jar:/home/user/.m2/repository/com/amazonaws/aws-java-sdk-core/1.11.901/aws-java-sdk-core-1.11.901.jar:/home/user/.m2/repository/org/apache/httpcomponents/httpclient/4.5.13/httpclient-4.5.13.jar:/home/user/.m2/repository/org/apache/httpcomponents/httpcore/4.4.13/httpcore-4.4.13.jar:/home/user/.m2/repository/software/amazon/ion/ion-java/1.0.2/ion-java-1.0.2.jar:/home/user/.m2/repository/com/fasterxml/jackson/dataformat/jackson-dataformat-cbor/2.10.3/jackson-dataformat-cbor-2.10.3.jar:/home/user/.m2/repository/joda-time/joda-time/2.8.1/joda-time-2.8.1.jar:/home/user/.m2/repository/com/amazonaws/aws-java-sdk-s3/1.11.901/aws-java-sdk-s3-1.11.901.jar:/home/user/.m2/repository/com/amazonaws/aws-java-sdk-kms/1.11.901/aws-java-sdk-kms-1.11.901.jar:/home/user/.m2/repository/com/amazonaws/jmespath-java/1.11.901/jmespath-java-1.11.901.jar:/home/user/.m2/repository/org/kohsuke/metainf-services/metainf-services/1.8/metainf-services-1.8.jar:/home/user/.m2/repository/org/apache/hadoop/hadoop-hdds-tools/1.1.0-SNAPSHOT/hadoop-hdds-tools-1.1.0-SNAPSHOT.jar:/home/user/.m2/repository/commons-cli/commons-cli/1.2/commons-cli-1.2.jar:/home/user/.m2/repository/org/apache/commons/commons-lang3/3.7/commons-lang3-3.7.jar:/home/user/.m2/repository/org/apache/hadoop/hadoop-ozone-ozone-manager/1.1.0-SNAPSHOT/hadoop-ozone-ozone-manager-1.1.0-SNAPSHOT-tests.jar:/home/user/.m2/repository/org/apache/hadoop/hadoop-hdds-common/1.1.0-SNAPSHOT/hadoop-hdds-common-1.1.0-SNAPSHOT-tests.jar:/home/user/.m2/repository/org/apache/hadoop/hadoop-hdds-hadoop-dependency-client/1.1.0-SNAPSHOT/hadoop-hdds-hadoop-dependency-client-1.1.0-SNAPSHOT.jar:/home/user/.m2/repository/info/picocli/picocli/4.4.0/picocli-4.4.0.jar:/home/user/.m2/repository/com/fasterxml/jackson/core/jackson-annotations/2.10.3/jackson-annotations-2.10.3.jar:/home/user/.m2/repository/javax/annotation/javax.annotation-api/1.2/javax.annotation-api-1.2.jar:/home/user/.m2/repository/org/fusesource/leveldbjni/leveldbjni-all/1.8/leveldbjni-all-1.8.jar:/home/user/.m2/repository/org/apache/ratis/ratis-server/1.1.0-35f17fa-SNAPSHOT/ratis-server-1.1.0-35f17fa-SNAPSHOT.jar:/home/user/.m2/repository/org/apache/ratis/ratis-client/1.1.0-35f17fa-SNAPSHOT/ratis-client-1.1.0-35f17fa-SNAPSHOT.jar:/home/user/.m2/repository/org/apache/ratis/ratis-server-api/1.1.0-35f17fa-SNAPSHOT/ratis-server-api-1.1.0-35f17fa-SNAPSHOT.jar:/home/user/.m2/repository/org/apache/ratis/ratis-metrics/1.1.0-35f17fa-SNAPSHOT/ratis-metrics-1.1.0-35f17fa-SNAPSHOT.jar:/home/user/.m2/repository/org/apache/ratis/ratis-netty/1.1.0-35f17fa-SNAPSHOT/ratis-netty-1.1.0-35f17fa-SNAPSHOT.jar:/home/user/.m2/repository/org/apache/ratis/ratis-grpc/1.1.0-35f17fa-SNAPSHOT/ratis-grpc-1.1.0-35f17fa-SNAPSHOT.jar:/home/user/.m2/repository/org/apache/logging/log4j/log4j-api/2.13.3/log4j-api-2.13.3.jar:/home/user/.m2/repository/org/apache/logging/log4j/log4j-core/2.13.3/log4j-core-2.13.3.jar:/home/user/.m2/repository/com/lmax/disruptor/3.4.2/disruptor-3.4.2.jar:/home/user/.m2/repository/org/apache/commons/commons-pool2/2.6.0/commons-pool2-2.6.0.jar:/home/user/.m2/repository/org/bouncycastle/bcpkix-jdk15on/1.67/bcpkix-jdk15on-1.67.jar:/home/user/.m2/repository/commons-validator/commons-validator/1.6/commons-validator-1.6.jar:/home/user/.m2/repository/commons-beanutils/commons-beanutils/1.9.4/commons-beanutils-1.9.4.jar:/home/user/.m2/repository/commons-digester/commons-digester/1.8.1/commons-digester-1.8.1.jar:/home/user/.m2/repository/commons-collections/commons-collections/3.2.2/commons-collections-3.2.2.jar:/home/user/.m2/repository/io/jaegertracing/jaeger-client/1.2.0/jaeger-client-1.2.0.jar:/home/user/.m2/repository/io/jaegertracing/jaeger-thrift/1.2.0/jaeger-thrift-1.2.0.jar:/home/user/.m2/repository/org/apache/thrift/libthrift/0.13.0/libthrift-0.13.0.jar:/home/user/.m2/repository/com/squareup/okhttp3/okhttp/4.2.2/okhttp-4.2.2.jar:/home/user/.m2/repository/com/squareup/okio/okio/2.2.2/okio-2.2.2.jar:/home/user/.m2/repository/org/jetbrains/kotlin/kotlin-stdlib/1.3.50/kotlin-stdlib-1.3.50.jar:/home/user/.m2/repository/org/jetbrains/kotlin/kotlin-stdlib-common/1.3.50/kotlin-stdlib-common-1.3.50.jar:/home/user/.m2/repository/org/jetbrains/annotations/13.0/annotations-13.0.jar:/home/user/.m2/repository/io/jaegertracing/jaeger-core/1.2.0/jaeger-core-1.2.0.jar:/home/user/.m2/repository/io/jaegertracing/jaeger-tracerresolver/1.2.0/jaeger-tracerresolver-1.2.0.jar:/home/user/.m2/repository/io/opentracing/contrib/opentracing-tracerresolver/0.1.8/opentracing-tracerresolver-0.1.8.jar:/home/user/.m2/repository/io/opentracing/opentracing-util/0.33.0/opentracing-util-0.33.0.jar:/home/user/.m2/repository/io/opentracing/opentracing-api/0.33.0/opentracing-api-0.33.0.jar:/home/user/.m2/repository/io/opentracing/opentracing-noop/0.33.0/opentracing-noop-0.33.0.jar:/home/user/.m2/repository/org/yaml/snakeyaml/1.26/snakeyaml-1.26.jar:/home/user/.m2/repository/junit/junit/4.11/junit-4.11.jar:/home/user/.m2/repository/org/hamcrest/hamcrest-core/1.3/hamcrest-core-1.3.jar:/home/user/.m2/repository/org/openjdk/jmh/jmh-core/1.19/jmh-core-1.19.jar:/home/user/.m2/repository/net/sf/jopt-simple/jopt-simple/4.6/jopt-simple-4.6.jar:/home/user/.m2/repository/org/apache/commons/commons-math3/3.1.1/commons-math3-3.1.1.jar:/home/user/.m2/repository/org/openjdk/jmh/jmh-generator-annprocess/1.19/jmh-generator-annprocess-1.19.jar:/home/user/.m2/repository/org/mockito/mockito-all/1.8.5/mockito-all-1.8.5.jar:/home/user/.m2/repository/org/apache/hadoop/hadoop-kms/3.2.1/hadoop-kms-3.2.1.jar:/home/user/.m2/repository/org/apache/hadoop/hadoop-auth/3.2.1/hadoop-auth-3.2.1.jar:/home/user/.m2/repository/com/nimbusds/nimbus-jose-jwt/7.9/nimbus-jose-jwt-7.9.jar:/home/user/.m2/repository/com/github/stephenc/jcip/jcip-annotations/1.0-1/jcip-annotations-1.0-1.jar:/home/user/.m2/repository/net/minidev/json-smart/2.3/json-smart-2.3.jar:/home/user/.m2/repository/net/minidev/accessors-smart/1.2/accessors-smart-1.2.jar:/home/user/.m2/repository/org/ow2/asm/asm/5.0.4/asm-5.0.4.jar:/home/user/.m2/repository/org/apache/zookeeper/zookeeper/3.4.13/zookeeper-3.4.13.jar:/home/user/.m2/repository/org/apache/yetus/audience-annotations/0.5.0/audience-annotations-0.5.0.jar:/home/user/.m2/repository/org/apache/curator/curator-framework/2.13.0/curator-framework-2.13.0.jar:/home/user/.m2/repository/com/sun/jersey/jersey-core/1.19/jersey-core-1.19.jar:/home/user/.m2/repository/javax/ws/rs/jsr311-api/1.1.1/jsr311-api-1.1.1.jar:/home/user/.m2/repository/com/sun/jersey/jersey-server/1.19/jersey-server-1.19.jar:/home/user/.m2/repository/javax/servlet/javax.servlet-api/3.1.0/javax.servlet-api-3.1.0.jar:/home/user/.m2/repository/org/eclipse/jetty/jetty-server/9.4.34.v20201102/jetty-server-9.4.34.v20201102.jar:/home/user/.m2/repository/org/eclipse/jetty/jetty-http/9.4.34.v20201102/jetty-http-9.4.34.v20201102.jar:/home/user/.m2/repository/org/eclipse/jetty/jetty-io/9.4.34.v20201102/jetty-io-9.4.34.v20201102.jar:/home/user/.m2/repository/org/eclipse/jetty/jetty-webapp/9.4.34.v20201102/jetty-webapp-9.4.34.v20201102.jar:/home/user/.m2/repository/org/eclipse/jetty/jetty-xml/9.4.34.v20201102/jetty-xml-9.4.34.v20201102.jar:/home/user/.m2/repository/org/apache/hadoop/hadoop-common/3.2.1/hadoop-common-3.2.1.jar:/home/user/.m2/repository/commons-net/commons-net/3.6/commons-net-3.6.jar:/home/user/.m2/repository/com/sun/jersey/jersey-servlet/1.19/jersey-servlet-1.19.jar:/home/user/.m2/repository/com/sun/jersey/jersey-json/1.19/jersey-json-1.19.jar:/home/user/.m2/repository/org/codehaus/jettison/jettison/1.1/jettison-1.1.jar:/home/user/.m2/repository/org/codehaus/jackson/jackson-jaxrs/1.9.2/jackson-jaxrs-1.9.2.jar:/home/user/.m2/repository/org/codehaus/jackson/jackson-xc/1.9.2/jackson-xc-1.9.2.jar:/home/user/.m2/repository/org/apache/commons/commons-configuration2/2.1.1/commons-configuration2-2.1.1.jar:/home/user/.m2/repository/org/apache/commons/commons-text/1.4/commons-text-1.4.jar:/home/user/.m2/repository/com/google/re2j/re2j/1.1/re2j-1.1.jar:/home/user/.m2/repository/com/jcraft/jsch/0.1.54/jsch-0.1.54.jar:/home/user/.m2/repository/org/apache/curator/curator-client/2.13.0/curator-client-2.13.0.jar:/home/user/.m2/repository/org/apache/curator/curator-recipes/2.13.0/curator-recipes-2.13.0.jar:/home/user/.m2/repository/dnsjava/dnsjava/2.1.7/dnsjava-2.1.7.jar:/home/user/.m2/repository/org/slf4j/jul-to-slf4j/1.7.30/jul-to-slf4j-1.7.30.jar:/home/user/.m2/repository/org/eclipse/jetty/jetty-util/9.4.34.v20201102/jetty-util-9.4.34.v20201102.jar:/home/user/.m2/repository/com/fasterxml/jackson/core/jackson-databind/2.10.3/jackson-databind-2.10.3.jar:/home/user/.m2/repository/org/apache/hadoop/hadoop-kms/3.2.1/hadoop-kms-3.2.1-tests.jar:/home/user/.m2/repository/org/apache/hadoop/hadoop-hdds-server-scm/1.1.0-SNAPSHOT/hadoop-hdds-server-scm-1.1.0-SNAPSHOT-tests.jar:/home/user/.m2/repository/org/apache/hadoop/hadoop-hdds-container-service/1.1.0-SNAPSHOT/hadoop-hdds-container-service-1.1.0-SNAPSHOT-tests.jar:/home/user/.m2/repository/commons-codec/commons-codec/1.11/commons-codec-1.11.jar:/home/user/.m2/repository/org/apache/hadoop/hadoop-hdds-hadoop-dependency-test/1.1.0-SNAPSHOT/hadoop-hdds-hadoop-dependency-test-1.1.0-SNAPSHOT.jar:/home/user/.m2/repository/org/apache/hadoop/hadoop-common/3.2.1/hadoop-common-3.2.1-tests.jar:/home/user/.m2/repository/org/apache/hadoop/hadoop-hdfs/3.2.1/hadoop-hdfs-3.2.1-tests.jar:/home/user/.m2/repository/org/eclipse/jetty/jetty-util-ajax/9.4.34.v20201102/jetty-util-ajax-9.4.34.v20201102.jar:/home/user/.m2/repository/commons-daemon/commons-daemon/1.0.13/commons-daemon-1.0.13.jar:/home/user/.m2/repository/io/netty/netty/3.10.5.Final/netty-3.10.5.Final.jar:/home/user/.m2/repository/io/netty/netty-all/4.1.48.Final/netty-all-4.1.48.Final.jar:/home/user/.m2/repository/org/apache/htrace/htrace-core4/4.1.0-incubating/htrace-core4-4.1.0-incubating.jar:/home/user/.m2/repository/org/apache/hadoop/hadoop-distcp/3.2.1/hadoop-distcp-3.2.1.jar:/home/user/.m2/repository/org/apache/hadoop/hadoop-mapreduce-client-jobclient/3.2.1/hadoop-mapreduce-client-jobclient-3.2.1.jar:/home/user/.m2/repository/org/apache/hadoop/hadoop-mapreduce-client-common/3.2.1/hadoop-mapreduce-client-common-3.2.1.jar:/home/user/.m2/repository/org/apache/hadoop/hadoop-yarn-common/3.2.1/hadoop-yarn-common-3.2.1.jar:/home/user/.m2/repository/org/apache/hadoop/hadoop-yarn-api/3.2.1/hadoop-yarn-api-3.2.1.jar:/home/user/.m2/repository/com/sun/jersey/jersey-client/1.19/jersey-client-1.19.jar:/home/user/.m2/repository/com/sun/jersey/contribs/jersey-guice/1.19/jersey-guice-1.19.jar:/home/user/.m2/repository/com/fasterxml/jackson/jaxrs/jackson-jaxrs-json-provider/2.10.3/jackson-jaxrs-json-provider-2.10.3.jar:/home/user/.m2/repository/com/fasterxml/jackson/jaxrs/jackson-jaxrs-base/2.10.3/jackson-jaxrs-base-2.10.3.jar:/home/user/.m2/repository/org/apache/hadoop/hadoop-yarn-client/3.2.1/hadoop-yarn-client-3.2.1.jar:/home/user/.m2/repository/org/apache/hadoop/hadoop-mapreduce-client-core/3.2.1/hadoop-mapreduce-client-core-3.2.1.jar:/home/user/.m2/repository/org/apache/avro/avro/1.7.7/avro-1.7.7.jar:/home/user/.m2/repository/org/codehaus/jackson/jackson-core-asl/1.9.13/jackson-core-asl-1.9.13.jar:/home/user/.m2/repository/org/codehaus/jackson/jackson-mapper-asl/1.9.13/jackson-mapper-asl-1.9.13.jar:/home/user/.m2/repository/com/thoughtworks/paranamer/paranamer/2.3/paranamer-2.3.jar:/home/user/.m2/repository/org/xerial/snappy/snappy-java/1.0.5/snappy-java-1.0.5.jar:/home/user/.m2/repository/org/apache/hadoop/hadoop-annotations/3.2.1/hadoop-annotations-3.2.1.jar:/usr/lib/jvm/java-1.8.0-openjdk-1.8.0.232.b09-0.el7_7.x86_64/jre/../lib/tools.jar:/home/user/.m2/repository/org/apache/hadoop/hadoop-distcp/3.2.1/hadoop-distcp-3.2.1-tests.jar:"/>
    <property name="sun.cpu.endian" value="little"/>
    <property name="user.home" value="/home/user"/>
    <property name="user.language" value="en"/>
    <property name="java.specification.vendor" value="Oracle Corporation"/>
    <property name="java.home" value="/usr/lib/jvm/java-1.8.0-openjdk-1.8.0.232.b09-0.el7_7.x86_64/jre"/>
    <property name="java.security.krb5.conf" value="/github/workspace/mnt/ozone/hadoop-ozone/integration-test/target/test-classes/krb5.conf"/>
    <property name="basedir" value="/github/workspace/mnt/ozone/hadoop-ozone/integration-test"/>
    <property name="file.separator" value="/"/>
    <property name="line.separator" value="&#10;"/>
    <property name="java.vm.specification.vendor" value="Oracle Corporation"/>
    <property name="java.specification.name" value="Java Platform API Specification"/>
    <property name="java.awt.graphicsenv" value="sun.awt.X11GraphicsEnvironment"/>
    <property name="skip.installnpx" value="true"/>
    <property name="surefire.real.class.path" value="/github/workspace/mnt/ozone/hadoop-ozone/integration-test/target/surefire/surefirebooter27542736395652299.jar:/home/user/.m2/repository/org/jacoco/org.jacoco.agent/0.8.5/org.jacoco.agent-0.8.5-runtime.jar"/>
    <property name="hadoop.log.dir" value="/github/workspace/mnt/ozone/hadoop-ozone/integration-test/target/log"/>
    <property name="sun.boot.class.path" value="/usr/lib/jvm/java-1.8.0-openjdk-1.8.0.232.b09-0.el7_7.x86_64/jre/lib/resources.jar:/usr/lib/jvm/java-1.8.0-openjdk-1.8.0.232.b09-0.el7_7.x86_64/jre/lib/rt.jar:/usr/lib/jvm/java-1.8.0-openjdk-1.8.0.232.b09-0.el7_7.x86_64/jre/lib/sunrsasign.jar:/usr/lib/jvm/java-1.8.0-openjdk-1.8.0.232.b09-0.el7_7.x86_64/jre/lib/jsse.jar:/usr/lib/jvm/java-1.8.0-openjdk-1.8.0.232.b09-0.el7_7.x86_64/jre/lib/jce.jar:/usr/lib/jvm/java-1.8.0-openjdk-1.8.0.232.b09-0.el7_7.x86_64/jre/lib/charsets.jar:/usr/lib/jvm/java-1.8.0-openjdk-1.8.0.232.b09-0.el7_7.x86_64/jre/lib/jfr.jar:/usr/lib/jvm/java-1.8.0-openjdk-1.8.0.232.b09-0.el7_7.x86_64/jre/classes"/>
    <property name="sun.management.compiler" value="HotSpot 64-Bit Tiered Compilers"/>
    <property name="skip.npx" value="true"/>
    <property name="java.runtime.version" value="1.8.0_232-b09"/>
    <property name="java.net.preferIPv4Stack" value="true"/>
    <property name="user.name" value="jenkins1001"/>
    <property name="path.separator" value=":"/>
    <property name="java.security.egd" value="file:///dev/urandom"/>
    <property name="os.version" value="5.4.0-1032-azure"/>
    <property name="java.endorsed.dirs" value="/usr/lib/jvm/java-1.8.0-openjdk-1.8.0.232.b09-0.el7_7.x86_64/jre/lib/endorsed"/>
    <property name="java.runtime.name" value="OpenJDK Runtime Environment"/>
    <property name="file.encoding" value="ANSI_X3.4-1968"/>
    <property name="java.vm.name" value="OpenJDK 64-Bit Server VM"/>
    <property name="test.build.webapps" value=""/>
    <property name="localRepository" value="/home/user/.m2/repository"/>
    <property name="java.vendor.url.bug" value="http://bugreport.sun.com/bugreport/"/>
    <property name="java.io.tmpdir" value="/tmp"/>
    <property name="require.test.libhadoop" value=""/>
    <property name="java.version" value="1.8.0_232"/>
    <property name="user.dir" value="/github/workspace/mnt/ozone/hadoop-ozone/integration-test"/>
    <property name="os.arch" value="amd64"/>
    <property name="java.vm.specification.name" value="Java Virtual Machine Specification"/>
    <property name="test.build.classes" value="/github/workspace/mnt/ozone/hadoop-ozone/integration-test/target/test-classes"/>
    <property name="java.awt.printerjob" value="sun.print.PSPrinterJob"/>
    <property name="sun.os.patch.level" value="unknown"/>
    <property name="hadoop.tmp.dir" value="/github/workspace/mnt/ozone/hadoop-ozone/integration-test/target/tmp"/>
    <property name="java.library.path" value="/usr/lib:/usr/java/packages/lib/amd64:/usr/lib64:/lib64:/lib:/usr/lib"/>
    <property name="java.vm.info" value="mixed mode"/>
    <property name="java.vendor" value="Oracle Corporation"/>
    <property name="java.vm.version" value="25.232-b09"/>
    <property name="java.ext.dirs" value="/usr/lib/jvm/java-1.8.0-openjdk-1.8.0.232.b09-0.el7_7.x86_64/jre/lib/ext:/usr/java/packages/lib/ext"/>
    <property name="sun.io.unicode.encoding" value="UnicodeLittle"/>
    <property name="java.class.version" value="52.0"/>
  </properties>
  <testcase name="testInstallSnapshot" classname="org.apache.hadoop.ozone.om.TestOMRatisSnapshots" time="45.858">
    <failure type="java.lang.AssertionError">java.lang.AssertionError
	at org.junit.Assert.fail(Assert.java:86)
	at org.junit.Assert.assertTrue(Assert.java:41)
	at org.junit.Assert.assertTrue(Assert.java:52)
	at org.apache.hadoop.ozone.om.TestOMRatisSnapshots.testInstallSnapshot(TestOMRatisSnapshots.java:172)
	at sun.reflect.NativeMethodAccessorImpl.invoke0(Native Method)
	at sun.reflect.NativeMethodAccessorImpl.invoke(NativeMethodAccessorImpl.java:62)
	at sun.reflect.DelegatingMethodAccessorImpl.invoke(DelegatingMethodAccessorImpl.java:43)
	at java.lang.reflect.Method.invoke(Method.java:498)
	at org.junit.runners.model.FrameworkMethod$1.runReflectiveCall(FrameworkMethod.java:47)
	at org.junit.internal.runners.model.ReflectiveCallable.run(ReflectiveCallable.java:12)
	at org.junit.runners.model.FrameworkMethod.invokeExplosively(FrameworkMethod.java:44)
	at org.junit.internal.runners.statements.InvokeMethod.evaluate(InvokeMethod.java:17)
	at org.junit.internal.runners.statements.RunBefores.evaluate(RunBefores.java:26)
	at org.junit.internal.runners.statements.RunAfters.evaluate(RunAfters.java:27)
	at org.junit.rules.ExpectedException$ExpectedExceptionStatement.evaluate(ExpectedException.java:168)
	at org.junit.internal.runners.statements.FailOnTimeout$StatementThread.run(FailOnTimeout.java:74)
</failure>
    <system-out><![CDATA[2021-01-12 10:39:18,257 [Thread-1] WARN  server.ServerUtils (ServerUtils.java:getScmDbDir(148)) - ozone.scm.db.dirs is not configured. We recommend adding this setting. Falling back to ozone.metadata.dirs instead.
2021-01-12 10:39:18,342 [Thread-1] WARN  server.ServerUtils (ServerUtils.java:getScmDbDir(148)) - ozone.scm.db.dirs is not configured. We recommend adding this setting. Falling back to ozone.metadata.dirs instead.
2021-01-12 10:39:18,471 [Thread-1] WARN  db.DBStoreBuilder (DBStoreBuilder.java:applyDBDefinition(145)) - ozone.scm.db.dirs is not configured. We recommend adding this setting. Falling back to ozone.metadata.dirs instead.
2021-01-12 10:39:18,582 [Thread-1] INFO  net.NodeSchemaLoader (NodeSchemaLoader.java:loadSchemaFromFile(126)) - Loading file from sun.misc.CompoundEnumeration@56edfa88
2021-01-12 10:39:18,583 [Thread-1] INFO  net.NodeSchemaLoader (NodeSchemaLoader.java:loadSchema(172)) - Loading network topology layer schema file
2021-01-12 10:39:18,637 [Thread-1] WARN  server.ServerUtils (ServerUtils.java:sanitizeUserArgs(73)) - ozone.scm.stale.node.interval value = 300000 is larger than max = 100000 based on the key value of ozone.scm.heartbeat.thread.interval, reset to the max value 100000.
2021-01-12 10:39:18,637 [Thread-1] WARN  server.ServerUtils (ServerUtils.java:sanitizeUserArgs(73)) - ozone.scm.stale.node.interval value = 300000 is larger than max = 100000 based on the key value of ozone.scm.heartbeat.thread.interval, reset to the max value 100000.
2021-01-12 10:39:18,640 [Thread-1] INFO  node.SCMNodeManager (SCMNodeManager.java:<init>(123)) - Entering startup safe mode.
2021-01-12 10:39:18,719 [Thread-1] INFO  algorithms.ContainerPlacementPolicyFactory (ContainerPlacementPolicyFactory.java:getPolicy(60)) - Create container placement policy of type org.apache.hadoop.hdds.scm.container.placement.algorithms.SCMContainerPlacementRandom
2021-01-12 10:39:18,744 [Thread-1] INFO  algorithms.LeaderChoosePolicyFactory (LeaderChoosePolicyFactory.java:getPolicy(57)) - Create leader choose policy of type org.apache.hadoop.hdds.scm.pipeline.leader.choose.algorithms.MinLeaderCountChoosePolicy
2021-01-12 10:39:18,744 [Thread-1] INFO  pipeline.SCMPipelineManager (SCMPipelineManager.java:initializePipelineState(161)) - No pipeline exists in current db
2021-01-12 10:39:18,760 [Thread-1] INFO  algorithms.PipelineChoosePolicyFactory (PipelineChoosePolicyFactory.java:createPipelineChoosePolicyFromClass(75)) - Create pipeline choose policy of type org.apache.hadoop.hdds.scm.pipeline.choose.algorithms.RandomPipelineChoosePolicy
2021-01-12 10:39:18,811 [Thread-1] INFO  safemode.HealthyPipelineSafeModeRule (HealthyPipelineSafeModeRule.java:<init>(89)) - Total pipeline count is 0, healthy pipeline threshold count is 0
2021-01-12 10:39:18,814 [Thread-1] INFO  safemode.OneReplicaPipelineSafeModeRule (OneReplicaPipelineSafeModeRule.java:<init>(85)) - Total pipeline count is 0, pipeline's with at least one datanode reported threshold count is 0
2021-01-12 10:39:19,218 [Thread-1] INFO  ipc.CallQueueManager (CallQueueManager.java:<init>(84)) - Using callQueue: class java.util.concurrent.LinkedBlockingQueue, queueCapacity: 2000, scheduler: class org.apache.hadoop.ipc.DefaultRpcScheduler, ipcBackoff: false.
2021-01-12 10:39:19,238 [Socket Reader #1 for port 0] INFO  ipc.Server (Server.java:run(1219)) - Starting Socket Reader #1 for port 0
2021-01-12 10:39:19,264 [Listener at 0.0.0.0/39639] INFO  ipc.CallQueueManager (CallQueueManager.java:<init>(84)) - Using callQueue: class java.util.concurrent.LinkedBlockingQueue, queueCapacity: 2000, scheduler: class org.apache.hadoop.ipc.DefaultRpcScheduler, ipcBackoff: false.
2021-01-12 10:39:19,265 [Socket Reader #1 for port 0] INFO  ipc.Server (Server.java:run(1219)) - Starting Socket Reader #1 for port 0
2021-01-12 10:39:19,276 [Listener at 0.0.0.0/36059] INFO  ipc.CallQueueManager (CallQueueManager.java:<init>(84)) - Using callQueue: class java.util.concurrent.LinkedBlockingQueue, queueCapacity: 2000, scheduler: class org.apache.hadoop.ipc.DefaultRpcScheduler, ipcBackoff: false.
2021-01-12 10:39:19,278 [Socket Reader #1 for port 0] INFO  ipc.Server (Server.java:run(1219)) - Starting Socket Reader #1 for port 0
2021-01-12 10:39:19,294 [Listener at 0.0.0.0/33805] INFO  http.BaseHttpServer (BaseHttpServer.java:newHttpServer2BuilderForOzone(207)) - Starting Web-server for scm at: http://0.0.0.0:0
2021-01-12 10:39:19,294 [Listener at 0.0.0.0/33805] INFO  http.BaseHttpServer (BaseHttpServer.java:<init>(106)) - Hadoop Security Enabled: false Ozone Security Enabled: false Ozone HTTP Security Enabled: false 
2021-01-12 10:39:19,318 [Listener at 0.0.0.0/33805] INFO  util.log (Log.java:initialized(169)) - Logging initialized @1931ms to org.eclipse.jetty.util.log.Slf4jLog
2021-01-12 10:39:19,431 [Listener at 0.0.0.0/33805] INFO  server.AuthenticationFilter (AuthenticationFilter.java:constructSecretProvider(240)) - Unable to initialize FileSignerSecretProvider, falling back to use random secrets.
2021-01-12 10:39:19,447 [Listener at 0.0.0.0/33805] WARN  http.HttpRequestLog (HttpRequestLog.java:getRequestLog(103)) - Jetty request log can only be enabled using Log4j
2021-01-12 10:39:19,452 [Listener at 0.0.0.0/33805] INFO  http.HttpServer2 (HttpServer2.java:addGlobalFilter(1020)) - Added global filter 'safety' (class=org.apache.hadoop.hdds.server.http.HttpServer2$QuotingInputFilter)
2021-01-12 10:39:19,454 [Listener at 0.0.0.0/33805] INFO  http.HttpServer2 (HttpServer2.java:addFilter(996)) - Added filter static_user_filter (class=org.apache.hadoop.http.lib.StaticUserWebFilter$StaticUserFilter) to context scm
2021-01-12 10:39:19,454 [Listener at 0.0.0.0/33805] INFO  http.HttpServer2 (HttpServer2.java:addFilter(1004)) - Added filter static_user_filter (class=org.apache.hadoop.http.lib.StaticUserWebFilter$StaticUserFilter) to context logs
2021-01-12 10:39:19,454 [Listener at 0.0.0.0/33805] INFO  http.HttpServer2 (HttpServer2.java:addFilter(1004)) - Added filter static_user_filter (class=org.apache.hadoop.http.lib.StaticUserWebFilter$StaticUserFilter) to context static
2021-01-12 10:39:19,510 [Listener at 0.0.0.0/33805] INFO  server.StorageContainerManager (StorageContainerManager.java:start(789)) - StorageContainerLocationProtocol RPC server is listening at /0.0.0.0:33805
2021-01-12 10:39:19,552 [Listener at 0.0.0.0/33805] WARN  impl.MetricsConfig (MetricsConfig.java:loadFirst(134)) - Cannot locate configuration: tried hadoop-metrics2-storagecontainermanager.properties,hadoop-metrics2.properties
2021-01-12 10:39:19,563 [Listener at 0.0.0.0/33805] INFO  impl.MetricsSystemImpl (MetricsSystemImpl.java:startTimer(374)) - Scheduled Metric snapshot period at 10 second(s).
2021-01-12 10:39:19,564 [Listener at 0.0.0.0/33805] INFO  impl.MetricsSystemImpl (MetricsSystemImpl.java:start(191)) - StorageContainerManager metrics system started
2021-01-12 10:39:19,755 [Listener at 0.0.0.0/33805] INFO  server.SCMClientProtocolServer (SCMClientProtocolServer.java:start(159)) - RPC server for Client  is listening at /0.0.0.0:33805
2021-01-12 10:39:19,755 [IPC Server Responder] INFO  ipc.Server (Server.java:run(1460)) - IPC Server Responder: starting
2021-01-12 10:39:19,756 [IPC Server listener on 0] INFO  ipc.Server (Server.java:run(1298)) - IPC Server listener on 0: starting
2021-01-12 10:39:19,758 [Listener at 0.0.0.0/33805] INFO  server.StorageContainerManager (StorageContainerManager.java:start(801)) - ScmBlockLocationProtocol RPC server is listening at /0.0.0.0:36059
2021-01-12 10:39:19,759 [Listener at 0.0.0.0/33805] INFO  server.SCMBlockProtocolServer (SCMBlockProtocolServer.java:start(150)) - RPC server for Block Protocol is listening at /0.0.0.0:36059
2021-01-12 10:39:19,759 [IPC Server Responder] INFO  ipc.Server (Server.java:run(1460)) - IPC Server Responder: starting
2021-01-12 10:39:19,759 [IPC Server listener on 0] INFO  ipc.Server (Server.java:run(1298)) - IPC Server listener on 0: starting
2021-01-12 10:39:19,761 [Listener at 0.0.0.0/33805] INFO  server.StorageContainerManager (StorageContainerManager.java:start(807)) - ScmDatanodeProtocl RPC server is listening at /0.0.0.0:39639
2021-01-12 10:39:19,761 [Listener at 0.0.0.0/33805] INFO  server.SCMDatanodeProtocolServer (SCMDatanodeProtocolServer.java:start(174)) - RPC server for DataNodes is listening at /0.0.0.0:39639
2021-01-12 10:39:19,765 [IPC Server Responder] INFO  ipc.Server (Server.java:run(1460)) - IPC Server Responder: starting
2021-01-12 10:39:19,766 [IPC Server listener on 0] INFO  ipc.Server (Server.java:run(1298)) - IPC Server listener on 0: starting
2021-01-12 10:39:19,769 [Listener at 0.0.0.0/33805] INFO  http.HttpServer2 (HttpServer2.java:bindListener(1238)) - Jetty bound to port 45379
2021-01-12 10:39:19,770 [Listener at 0.0.0.0/33805] INFO  server.Server (Server.java:doStart(375)) - jetty-9.4.34.v20201102; built: 2020-11-02T14:15:39.302Z; git: e46af88704a893fc12cb0e3bf46e2c7b48a009e7; jvm 1.8.0_232-b09
2021-01-12 10:39:19,793 [Listener at 0.0.0.0/33805] INFO  server.session (DefaultSessionIdManager.java:doStart(334)) - DefaultSessionIdManager workerName=node0
2021-01-12 10:39:19,793 [Listener at 0.0.0.0/33805] INFO  server.session (DefaultSessionIdManager.java:doStart(339)) - No SessionScavenger set, using defaults
2021-01-12 10:39:19,795 [Listener at 0.0.0.0/33805] INFO  server.session (HouseKeeper.java:startScavenging(132)) - node0 Scavenging every 660000ms
2021-01-12 10:39:19,810 [Listener at 0.0.0.0/33805] INFO  handler.ContextHandler (ContextHandler.java:doStart(916)) - Started o.e.j.s.ServletContextHandler@5bbb4022{logs,/logs,file:///github/workspace/mnt/ozone/hadoop-ozone/integration-test/target/log,AVAILABLE}
2021-01-12 10:39:19,810 [Listener at 0.0.0.0/33805] INFO  handler.ContextHandler (ContextHandler.java:doStart(916)) - Started o.e.j.s.ServletContextHandler@58a8bfb3{static,/static,file:///github/workspace/mnt/ozone/hadoop-ozone/integration-test/target/test-classes/webapps/static,AVAILABLE}
2021-01-12 10:39:19,853 [Listener at 0.0.0.0/33805] INFO  handler.ContextHandler (ContextHandler.java:doStart(916)) - Started o.e.j.w.WebAppContext@683905d8{scm,/,file:///github/workspace/mnt/ozone/hadoop-ozone/integration-test/target/test-classes/webapps/scm/,AVAILABLE}{file:/github/workspace/mnt/ozone/hadoop-ozone/integration-test/target/test-classes/webapps/scm}
2021-01-12 10:39:19,861 [Listener at 0.0.0.0/33805] INFO  server.AbstractConnector (AbstractConnector.java:doStart(331)) - Started ServerConnector@777b648d{HTTP/1.1, (http/1.1)}{0.0.0.0:45379}
2021-01-12 10:39:19,861 [Listener at 0.0.0.0/33805] INFO  server.Server (Server.java:doStart(415)) - Started @2474ms
2021-01-12 10:39:19,862 [Listener at 0.0.0.0/33805] INFO  impl.MetricsSinkAdapter (MetricsSinkAdapter.java:start(204)) - Sink prometheus started
2021-01-12 10:39:19,863 [Listener at 0.0.0.0/33805] INFO  impl.MetricsSystemImpl (MetricsSystemImpl.java:registerSink(301)) - Registered sink prometheus
2021-01-12 10:39:24,870 [Listener at 0.0.0.0/33805] INFO  http.BaseHttpServer (BaseHttpServer.java:updateConnectorAddress(327)) - HTTP server of scm listening at http://0.0.0.0:45379
2021-01-12 10:39:24,881 [Listener at 0.0.0.0/33805] WARN  server.ServerUtils (ServerUtils.java:getDBPath(225)) - ozone.om.db.dirs is not configured. We recommend adding this setting. Falling back to ozone.metadata.dirs instead.
2021-01-12 10:39:24,889 [org.apache.hadoop.util.JvmPauseMonitor$Monitor@1057d18d] INFO  util.JvmPauseMonitor (JvmPauseMonitor.java:run(188)) - Starting JVM pause monitor
2021-01-12 10:39:24,972 [Listener at 0.0.0.0/33805] INFO  ha.OMHANodeDetails (OMHANodeDetails.java:loadOMHAConfig(110)) - ServiceID for OzoneManager is om-service-test1
2021-01-12 10:39:24,976 [Listener at 0.0.0.0/33805] INFO  ha.OMHANodeDetails (OMHANodeDetails.java:loadOMHAConfig(186)) - Found matching OM address with OMServiceId: om-service-test1, OMNodeId: omNode-1, RPC Address: localhost:10720 and Ratis port: 10724
2021-01-12 10:39:24,976 [Listener at 0.0.0.0/33805] INFO  ha.OMHANodeDetails (OMHANodeDetails.java:setOMNodeSpecificConfigs(311)) - Setting configuration key ozone.om.http-address with value of key ozone.om.http-address.omNode-1: 127.0.0.1:10722
2021-01-12 10:39:24,976 [Listener at 0.0.0.0/33805] INFO  ha.OMHANodeDetails (OMHANodeDetails.java:setOMNodeSpecificConfigs(311)) - Setting configuration key ozone.om.https-address with value of key ozone.om.https-address.omNode-1: 127.0.0.1:10723
2021-01-12 10:39:24,976 [Listener at 0.0.0.0/33805] INFO  ha.OMHANodeDetails (OMHANodeDetails.java:setOMNodeSpecificConfigs(311)) - Setting configuration key ozone.om.address with value of key ozone.om.address.omNode-1: 127.0.0.1:10720
2021-01-12 10:39:24,976 [Listener at 0.0.0.0/33805] WARN  server.ServerUtils (ServerUtils.java:getDBPath(225)) - ozone.om.db.dirs is not configured. We recommend adding this setting. Falling back to ozone.metadata.dirs instead.
2021-01-12 10:39:24,977 [Listener at 0.0.0.0/33805] WARN  server.ServerUtils (ServerUtils.java:getDBPath(225)) - ozone.om.db.dirs is not configured. We recommend adding this setting. Falling back to ozone.metadata.dirs instead.
2021-01-12 10:39:25,600 [Listener at 0.0.0.0/33805] WARN  server.ServerUtils (ServerUtils.java:getDBPath(225)) - ozone.om.db.dirs is not configured. We recommend adding this setting. Falling back to ozone.metadata.dirs instead.
2021-01-12 10:39:25,605 [Listener at 0.0.0.0/33805] INFO  codec.OmKeyInfoCodec (OmKeyInfoCodec.java:<init>(41)) - OmKeyInfoCodec ignorePipeline = true
2021-01-12 10:39:25,606 [Listener at 0.0.0.0/33805] INFO  codec.RepeatedOmKeyInfoCodec (RepeatedOmKeyInfoCodec.java:<init>(40)) - RepeatedOmKeyInfoCodec ignorePipeline = true
2021-01-12 10:39:25,720 [Listener at 0.0.0.0/33805] INFO  om.OzoneManager (OzoneManager.java:addS3GVolumeToDB(3738)) - Created Volume s3v With Owner jenkins1001 required for S3Gateway operations.
2021-01-12 10:39:25,725 [Listener at 0.0.0.0/33805] WARN  server.ServerUtils (ServerUtils.java:getDefaultRatisDirectory(237)) - Storage directory for Ratis is not configured. It is a good idea to map this to an SSD disk. Falling back to ozone.metadata.dirs
2021-01-12 10:39:25,725 [Listener at 0.0.0.0/33805] WARN  ratis.OzoneManagerRatisServer (OzoneManagerRatisServer.java:getOMRatisSnapshotDirectory(638)) - ozone.om.ratis.snapshot.dir is not configured. Falling back to ozone.metadata.dirs config
2021-01-12 10:39:25,726 [Listener at 0.0.0.0/33805] INFO  snapshot.OzoneManagerSnapshotProvider (OzoneManagerSnapshotProvider.java:<init>(77)) - Initializing OM Snapshot Provider
2021-01-12 10:39:25,827 [Listener at 0.0.0.0/33805] INFO  metrics.MetricRegistries (MetricRegistriesLoader.java:load(64)) - Loaded MetricRegistries class org.apache.ratis.metrics.impl.MetricRegistriesImpl
2021-01-12 10:39:25,856 [Listener at 0.0.0.0/33805] WARN  server.ServerUtils (ServerUtils.java:getDefaultRatisDirectory(237)) - Storage directory for Ratis is not configured. It is a good idea to map this to an SSD disk. Falling back to ozone.metadata.dirs
2021-01-12 10:39:25,889 [Listener at 0.0.0.0/33805] INFO  ratis.OzoneManagerRatisServer (OzoneManagerRatisServer.java:<init>(280)) - Instantiating OM Ratis server with GroupID: om-service-test1 and Raft Peers: localhost:10724, localhost:10730, localhost:10736
2021-01-12 10:39:25,900 [Listener at 0.0.0.0/33805] INFO  ratis.OzoneManagerStateMachine (OzoneManagerStateMachine.java:loadSnapshotInfoFromDB(518)) - LastAppliedIndex is set from TransactionInfo from OM DB as (t:0, i:~)
2021-01-12 10:39:25,933 [Listener at 0.0.0.0/33805] INFO  server.RaftServer (ConfUtils.java:logGet(44)) - raft.rpc.type = GRPC (default)
2021-01-12 10:39:25,985 [Listener at 0.0.0.0/33805] INFO  grpc.GrpcFactory (GrpcFactory.java:checkPooledByteBufAllocatorUseCacheForAllThreads(48)) - PERFORMANCE WARNING: useCacheForAllThreads is true that may cause Netty to create a lot garbage objects and, as a result, trigger GC.
	It is recommended to disable useCacheForAllThreads by setting -Dorg.apache.ratis.thirdparty.io.netty.allocator.useCacheForAllThreads=false in command line.
2021-01-12 10:39:25,990 [Listener at 0.0.0.0/33805] INFO  grpc.GrpcConfigKeys (ConfUtils.java:logGet(44)) - raft.grpc.server.port = 10724 (custom)
2021-01-12 10:39:25,991 [Listener at 0.0.0.0/33805] INFO  server.GrpcService (ConfUtils.java:logGet(44)) - raft.grpc.message.size.max = 33554432 (custom)
2021-01-12 10:39:25,992 [Listener at 0.0.0.0/33805] INFO  server.RaftServerConfigKeys (ConfUtils.java:logGet(44)) - raft.server.log.appender.buffer.byte-limit = 33554432 (custom)
2021-01-12 10:39:25,993 [Listener at 0.0.0.0/33805] INFO  server.GrpcService (ConfUtils.java:logGet(44)) - raft.grpc.flow.control.window = 1MB (=1048576) (default)
2021-01-12 10:39:25,995 [Listener at 0.0.0.0/33805] INFO  server.RaftServerConfigKeys (ConfUtils.java:logGet(44)) - raft.server.rpc.request.timeout = 3000ms (default)
2021-01-12 10:39:26,138 [Listener at 0.0.0.0/33805] INFO  impl.DataStreamServerImpl (ConfUtils.java:logGet(44)) - raft.datastream.type = DISABLED (default)
2021-01-12 10:39:26,140 [Listener at 0.0.0.0/33805] INFO  server.RaftServerConfigKeys (ConfUtils.java:logGet(44)) - raft.server.rpc.slowness.timeout = 2s (custom)
2021-01-12 10:39:26,141 [Listener at 0.0.0.0/33805] INFO  server.RaftServerConfigKeys (ConfUtils.java:logGet(44)) - raft.server.leaderelection.leader.step-down.wait-time = 10s (default)
2021-01-12 10:39:26,152 [Listener at 0.0.0.0/33805] INFO  server.RaftServerConfigKeys (ConfUtils.java:logGet(44)) - raft.server.storage.dir = [/github/workspace/mnt/ozone/hadoop-ozone/integration-test/target/test-dir/MiniOzoneClusterImpl-845f199f-e199-49cc-a013-e02be1563f77/omNode-1/ratis] (custom)
2021-01-12 10:39:26,158 [Listener at 0.0.0.0/33805] INFO  server.RaftServer (RaftServerProxy.java:addNew(95)) - omNode-1: addNew group-523986131536:[omNode-3|rpc:localhost:10736|priority:0, omNode-1|rpc:localhost:10724|priority:0, omNode-2|rpc:localhost:10730|priority:0] returns group-523986131536:java.util.concurrent.CompletableFuture@3aecbdd4[Not completed]
2021-01-12 10:39:26,158 [Listener at 0.0.0.0/33805] INFO  om.OzoneManager (OzoneManager.java:initializeRatisServer(1332)) - OzoneManager Ratis server initialized at port 10724
2021-01-12 10:39:26,171 [Listener at 0.0.0.0/33805] INFO  ipc.CallQueueManager (CallQueueManager.java:<init>(84)) - Using callQueue: class java.util.concurrent.LinkedBlockingQueue, queueCapacity: 2000, scheduler: class org.apache.hadoop.ipc.DefaultRpcScheduler, ipcBackoff: false.
2021-01-12 10:39:26,186 [Socket Reader #1 for port 10720] INFO  ipc.Server (Server.java:run(1219)) - Starting Socket Reader #1 for port 10720
2021-01-12 10:39:26,230 [pool-25-thread-1] INFO  server.RaftServer$Division (RaftServerImpl.java:<init>(179)) - omNode-1: new RaftServerImpl for group-523986131536:[omNode-3|rpc:localhost:10736|priority:0, omNode-1|rpc:localhost:10724|priority:0, omNode-2|rpc:localhost:10730|priority:0] with OzoneManagerStateMachine:uninitialized
2021-01-12 10:39:26,233 [pool-25-thread-1] INFO  server.RaftServerConfigKeys (ConfUtils.java:logGet(44)) - raft.server.rpc.timeout.min = 1s (custom)
2021-01-12 10:39:26,233 [pool-25-thread-1] INFO  server.RaftServerConfigKeys (ConfUtils.java:logGet(44)) - raft.server.rpc.timeout.max = 1200ms (custom)
2021-01-12 10:39:26,234 [pool-25-thread-1] INFO  server.RaftServerConfigKeys (ConfUtils.java:logGet(44)) - raft.server.rpc.sleep.time = 25ms (default)
2021-01-12 10:39:26,234 [pool-25-thread-1] INFO  server.RaftServerConfigKeys (ConfUtils.java:logGet(44)) - raft.server.rpc.slowness.timeout = 2s (custom)
2021-01-12 10:39:26,234 [pool-25-thread-1] INFO  server.RaftServerConfigKeys (ConfUtils.java:logGet(44)) - raft.server.leaderelection.leader.step-down.wait-time = 10s (default)
2021-01-12 10:39:26,237 [pool-25-thread-1] INFO  server.RaftServerConfigKeys (ConfUtils.java:logGet(44)) - raft.server.sleep.deviation.threshold = 300ms (default)
2021-01-12 10:39:26,245 [pool-25-thread-1] INFO  server.RaftServerConfigKeys (ConfUtils.java:logGet(44)) - raft.server.log.appender.install.snapshot.enabled = false (custom)
2021-01-12 10:39:26,249 [pool-25-thread-1] INFO  server.RaftServer$Division (ServerState.java:<init>(103)) - omNode-1@group-523986131536: ConfigurationManager, init=-1: [omNode-3|rpc:localhost:10736|priority:0, omNode-1|rpc:localhost:10724|priority:0, omNode-2|rpc:localhost:10730|priority:0], old=null, confs=<EMPTY_MAP>
2021-01-12 10:39:26,254 [pool-25-thread-1] INFO  server.RaftServerConfigKeys (ConfUtils.java:logGet(44)) - raft.server.storage.dir = [/github/workspace/mnt/ozone/hadoop-ozone/integration-test/target/test-dir/MiniOzoneClusterImpl-845f199f-e199-49cc-a013-e02be1563f77/omNode-1/ratis] (custom)
2021-01-12 10:39:26,258 [pool-25-thread-1] INFO  server.RaftServerConfigKeys (ConfUtils.java:logGet(44)) - raft.server.log.corruption.policy = EXCEPTION (default)
2021-01-12 10:39:26,259 [pool-25-thread-1] INFO  storage.RaftStorageDirectory (RaftStorageDirectoryImpl.java:analyzeStorage(132)) - The storage directory /github/workspace/mnt/ozone/hadoop-ozone/integration-test/target/test-dir/MiniOzoneClusterImpl-845f199f-e199-49cc-a013-e02be1563f77/omNode-1/ratis/c9bc4cf4-3bc3-3c60-a66b-523986131536 does not exist. Creating ...
2021-01-12 10:39:26,263 [Listener at 127.0.0.1/10720] INFO  impl.MetricsSystemImpl (MetricsSystemImpl.java:init(158)) - OzoneManager metrics system started (again)
2021-01-12 10:39:26,264 [Listener at 127.0.0.1/10720] INFO  om.OzoneManager (OzoneManager.java:start(1160)) - OzoneManager RPC server is listening at localhost/127.0.0.1:10720
2021-01-12 10:39:26,264 [Listener at 127.0.0.1/10720] INFO  ratis.OzoneManagerRatisServer (OzoneManagerRatisServer.java:start(377)) - Starting OzoneManagerRatisServer omNode-1 at port 10724
2021-01-12 10:39:26,270 [pool-25-thread-1] INFO  storage.RaftStorageDirectory (RaftStorageDirectoryImpl.java:tryLock(215)) - Lock on /github/workspace/mnt/ozone/hadoop-ozone/integration-test/target/test-dir/MiniOzoneClusterImpl-845f199f-e199-49cc-a013-e02be1563f77/omNode-1/ratis/c9bc4cf4-3bc3-3c60-a66b-523986131536/in_use.lock acquired by nodename 22673@6ff8c8e3a8df
2021-01-12 10:39:26,275 [pool-25-thread-1] INFO  storage.RaftStorage (RaftStorageImpl.java:format(87)) - Storage directory /github/workspace/mnt/ozone/hadoop-ozone/integration-test/target/test-dir/MiniOzoneClusterImpl-845f199f-e199-49cc-a013-e02be1563f77/omNode-1/ratis/c9bc4cf4-3bc3-3c60-a66b-523986131536 has been successfully formatted.
2021-01-12 10:39:26,277 [pool-25-thread-1] ERROR storage.RaftStorage (RaftStorageImpl.java:readRaftConfiguration(147)) - Failed reading configuration from file:/github/workspace/mnt/ozone/hadoop-ozone/integration-test/target/test-dir/MiniOzoneClusterImpl-845f199f-e199-49cc-a013-e02be1563f77/omNode-1/ratis/c9bc4cf4-3bc3-3c60-a66b-523986131536/current/raft-meta.conf
java.io.FileNotFoundException: /github/workspace/mnt/ozone/hadoop-ozone/integration-test/target/test-dir/MiniOzoneClusterImpl-845f199f-e199-49cc-a013-e02be1563f77/omNode-1/ratis/c9bc4cf4-3bc3-3c60-a66b-523986131536/current/raft-meta.conf (No such file or directory)
	at java.io.FileInputStream.open0(Native Method)
	at java.io.FileInputStream.open(FileInputStream.java:195)
	at java.io.FileInputStream.<init>(FileInputStream.java:138)
	at org.apache.ratis.server.storage.RaftStorageImpl.readRaftConfiguration(RaftStorageImpl.java:143)
	at org.apache.ratis.server.impl.ServerState.<init>(ServerState.java:113)
	at org.apache.ratis.server.impl.RaftServerImpl.<init>(RaftServerImpl.java:192)
	at org.apache.ratis.server.impl.RaftServerProxy.lambda$newRaftServerImpl$4(RaftServerProxy.java:266)
	at java.util.concurrent.CompletableFuture$AsyncSupply.run(CompletableFuture.java:1604)
	at java.util.concurrent.ThreadPoolExecutor.runWorker(ThreadPoolExecutor.java:1149)
	at java.util.concurrent.ThreadPoolExecutor$Worker.run(ThreadPoolExecutor.java:624)
	at java.lang.Thread.run(Thread.java:748)
2021-01-12 10:39:26,280 [pool-25-thread-1] INFO  server.RaftServerConfigKeys (ConfUtils.java:logGet(44)) - raft.server.notification.no-leader.timeout = 2s (custom)
2021-01-12 10:39:26,283 [pool-25-thread-1] INFO  server.RaftServerConfigKeys (ConfUtils.java:logGet(44)) - raft.server.log.use.memory = false (default)
2021-01-12 10:39:26,291 [pool-25-thread-1] INFO  server.RaftServerConfigKeys (ConfUtils.java:logGet(44)) - raft.server.log.purge.gap = 50 (custom)
2021-01-12 10:39:26,291 [pool-25-thread-1] INFO  server.RaftServerConfigKeys (ConfUtils.java:logGet(44)) - raft.server.log.appender.buffer.byte-limit = 33554432 (custom)
2021-01-12 10:39:26,295 [pool-25-thread-1] INFO  metrics.RatisMetrics (RatisMetrics.java:lambda$create$0(36)) - Creating Metrics Registry : ratis.log_worker.omNode-1@group-523986131536
2021-01-12 10:39:26,302 [pool-25-thread-1] INFO  server.RaftServerConfigKeys (ConfUtils.java:logGet(44)) - raft.server.log.segment.size.max = 4194304 (custom)
2021-01-12 10:39:26,308 [pool-25-thread-1] INFO  server.RaftServerConfigKeys (ConfUtils.java:logGet(44)) - raft.server.log.segment.cache.num.max = 2 (custom)
2021-01-12 10:39:26,309 [pool-25-thread-1] INFO  server.RaftServerConfigKeys (ConfUtils.java:logGet(44)) - raft.server.log.segment.cache.size.max = 200MB (=209715200) (default)
2021-01-12 10:39:26,313 [pool-25-thread-1] INFO  segmented.SegmentedRaftLogWorker (SegmentedRaftLogWorker.java:<init>(181)) - new omNode-1@group-523986131536-SegmentedRaftLogWorker for RaftStorageImpl:Storage Directory /github/workspace/mnt/ozone/hadoop-ozone/integration-test/target/test-dir/MiniOzoneClusterImpl-845f199f-e199-49cc-a013-e02be1563f77/omNode-1/ratis/c9bc4cf4-3bc3-3c60-a66b-523986131536
2021-01-12 10:39:26,314 [pool-25-thread-1] INFO  server.RaftServerConfigKeys (ConfUtils.java:logGet(44)) - raft.server.log.queue.byte-limit = 64MB (=67108864) (default)
2021-01-12 10:39:26,314 [pool-25-thread-1] INFO  server.RaftServerConfigKeys (ConfUtils.java:logGet(44)) - raft.server.log.queue.element-limit = 4096 (default)
2021-01-12 10:39:26,315 [pool-25-thread-1] INFO  server.RaftServerConfigKeys (ConfUtils.java:logGet(44)) - raft.server.log.segment.size.max = 4194304 (custom)
2021-01-12 10:39:26,316 [pool-25-thread-1] INFO  server.RaftServerConfigKeys (ConfUtils.java:logGet(44)) - raft.server.log.preallocated.size = 4194304 (custom)
2021-01-12 10:39:26,316 [pool-25-thread-1] INFO  server.RaftServerConfigKeys (ConfUtils.java:logGet(44)) - raft.server.log.force.sync.num = 128 (default)
2021-01-12 10:39:26,318 [pool-25-thread-1] INFO  server.RaftServerConfigKeys (ConfUtils.java:logGet(44)) - raft.server.log.statemachine.data.sync = true (default)
2021-01-12 10:39:26,318 [pool-25-thread-1] INFO  server.RaftServerConfigKeys (ConfUtils.java:logGet(44)) - raft.server.log.statemachine.data.sync.timeout = 10s (default)
2021-01-12 10:39:26,319 [pool-25-thread-1] INFO  server.RaftServerConfigKeys (ConfUtils.java:logGet(44)) - raft.server.log.statemachine.data.sync.timeout.retry = -1 (default)
2021-01-12 10:39:26,326 [pool-25-thread-1] INFO  server.RaftServerConfigKeys (ConfUtils.java:logGet(44)) - raft.server.log.write.buffer.size = 64KB (=65536) (default)
2021-01-12 10:39:26,328 [pool-25-thread-1] INFO  server.RaftServerConfigKeys (ConfUtils.java:logGet(44)) - raft.server.log.statemachine.data.caching.enabled = false (default)
2021-01-12 10:39:26,343 [pool-25-thread-1] INFO  segmented.SegmentedRaftLogWorker (SegmentedRaftLogWorker.java:lambda$new$0(132)) - omNode-1@group-523986131536-SegmentedRaftLogWorker: flushIndex: setUnconditionally 0 -> -1
2021-01-12 10:39:26,343 [pool-25-thread-1] INFO  segmented.SegmentedRaftLogWorker (SegmentedRaftLogWorker.java:lambda$new$0(132)) - omNode-1@group-523986131536-SegmentedRaftLogWorker: safeCacheEvictIndex: setUnconditionally 0 -> -1
2021-01-12 10:39:26,349 [pool-25-thread-1] INFO  server.RaftServerConfigKeys (ConfUtils.java:logGet(44)) - raft.server.snapshot.auto.trigger.enabled = true (custom)
2021-01-12 10:39:26,350 [pool-25-thread-1] INFO  server.RaftServerConfigKeys (ConfUtils.java:logGet(44)) - raft.server.snapshot.auto.trigger.threshold = 50 (custom)
2021-01-12 10:39:26,351 [pool-25-thread-1] INFO  server.RaftServerConfigKeys (ConfUtils.java:logGet(44)) - raft.server.snapshot.retention.file.num = -1 (default)
2021-01-12 10:39:26,352 [pool-25-thread-1] INFO  server.RaftServerConfigKeys (ConfUtils.java:logGet(44)) - raft.server.log.purge.upto.snapshot.index = true (custom)
2021-01-12 10:39:26,353 [pool-25-thread-1] INFO  server.RaftServerConfigKeys (ConfUtils.java:logGet(44)) - raft.server.retrycache.expirytime = 300s (custom)
2021-01-12 10:39:26,353 [pool-25-thread-1] INFO  server.RaftServerConfigKeys (ConfUtils.java:logGet(44)) - raft.server.retrycache.statistics.expirytime = 100?s (default)
2021-01-12 10:39:26,369 [pool-25-thread-1] INFO  metrics.RatisMetrics (RatisMetrics.java:lambda$create$0(36)) - Creating Metrics Registry : ratis.leader_election.omNode-1@group-523986131536
2021-01-12 10:39:26,372 [pool-25-thread-1] INFO  metrics.RatisMetrics (RatisMetrics.java:lambda$create$0(36)) - Creating Metrics Registry : ratis.server.omNode-1@group-523986131536
2021-01-12 10:39:26,379 [Listener at 127.0.0.1/10720] INFO  server.RaftServer$Division (RaftServerImpl.java:start(294)) - omNode-1@group-523986131536: start as a follower, conf=-1: [omNode-3|rpc:localhost:10736|priority:0, omNode-1|rpc:localhost:10724|priority:0, omNode-2|rpc:localhost:10730|priority:0], old=null
2021-01-12 10:39:26,380 [Listener at 127.0.0.1/10720] INFO  server.RaftServer$Division (RaftServerImpl.java:setRole(283)) - omNode-1@group-523986131536: changes role from      null to FOLLOWER at term 0 for startAsFollower
2021-01-12 10:39:26,381 [Listener at 127.0.0.1/10720] INFO  impl.RoleInfo (RoleInfo.java:updateAndGet(130)) - omNode-1: start omNode-1@group-523986131536-FollowerState
2021-01-12 10:39:26,382 [Listener at 127.0.0.1/10720] INFO  util.JmxRegister (JmxRegister.java:tryRegister(44)) - Successfully registered JMX Bean with object name Ratis:service=RaftServer,group=group-523986131536,id=omNode-1
2021-01-12 10:39:26,386 [Listener at 127.0.0.1/10720] INFO  metrics.RatisMetrics (RatisMetrics.java:lambda$create$0(36)) - Creating Metrics Registry : ratis.state_machine.omNode-1@group-523986131536
2021-01-12 10:39:26,390 [Listener at 127.0.0.1/10720] INFO  server.RaftServer (RaftServerProxy.java:lambda$start$5(372)) - omNode-1: start RPC server
2021-01-12 10:39:26,437 [Listener at 127.0.0.1/10720] INFO  server.GrpcService (GrpcService.java:startImpl(176)) - omNode-1: GrpcService started, listening on 0.0.0.0/0.0.0.0:10724
2021-01-12 10:39:26,441 [org.apache.ratis.util.JvmPauseMonitor$$Lambda$305/744069916@4060ed96] INFO  util.JvmPauseMonitor (JvmPauseMonitor.java:run(103)) - JvmPauseMonitor-omNode-1: Started
2021-01-12 10:39:26,450 [Listener at 127.0.0.1/10720] INFO  http.BaseHttpServer (BaseHttpServer.java:newHttpServer2BuilderForOzone(207)) - Starting Web-server for ozoneManager at: http://0.0.0.0:10722
2021-01-12 10:39:26,450 [Listener at 127.0.0.1/10720] INFO  http.BaseHttpServer (BaseHttpServer.java:<init>(106)) - Hadoop Security Enabled: false Ozone Security Enabled: false Ozone HTTP Security Enabled: false 
2021-01-12 10:39:26,451 [Listener at 127.0.0.1/10720] INFO  server.AuthenticationFilter (AuthenticationFilter.java:constructSecretProvider(240)) - Unable to initialize FileSignerSecretProvider, falling back to use random secrets.
2021-01-12 10:39:26,456 [Listener at 127.0.0.1/10720] WARN  http.HttpRequestLog (HttpRequestLog.java:getRequestLog(103)) - Jetty request log can only be enabled using Log4j
2021-01-12 10:39:26,457 [Listener at 127.0.0.1/10720] INFO  http.HttpServer2 (HttpServer2.java:addGlobalFilter(1020)) - Added global filter 'safety' (class=org.apache.hadoop.hdds.server.http.HttpServer2$QuotingInputFilter)
2021-01-12 10:39:26,458 [Listener at 127.0.0.1/10720] INFO  http.HttpServer2 (HttpServer2.java:addFilter(996)) - Added filter static_user_filter (class=org.apache.hadoop.http.lib.StaticUserWebFilter$StaticUserFilter) to context ozoneManager
2021-01-12 10:39:26,458 [Listener at 127.0.0.1/10720] INFO  http.HttpServer2 (HttpServer2.java:addFilter(1004)) - Added filter static_user_filter (class=org.apache.hadoop.http.lib.StaticUserWebFilter$StaticUserFilter) to context logs
2021-01-12 10:39:26,458 [Listener at 127.0.0.1/10720] INFO  http.HttpServer2 (HttpServer2.java:addFilter(1004)) - Added filter static_user_filter (class=org.apache.hadoop.http.lib.StaticUserWebFilter$StaticUserFilter) to context static
2021-01-12 10:39:26,463 [Listener at 127.0.0.1/10720] INFO  http.HttpServer2 (HttpServer2.java:bindListener(1238)) - Jetty bound to port 10722
2021-01-12 10:39:26,464 [Listener at 127.0.0.1/10720] INFO  server.Server (Server.java:doStart(375)) - jetty-9.4.34.v20201102; built: 2020-11-02T14:15:39.302Z; git: e46af88704a893fc12cb0e3bf46e2c7b48a009e7; jvm 1.8.0_232-b09
2021-01-12 10:39:26,470 [Listener at 127.0.0.1/10720] INFO  server.session (DefaultSessionIdManager.java:doStart(334)) - DefaultSessionIdManager workerName=node0
2021-01-12 10:39:26,470 [Listener at 127.0.0.1/10720] INFO  server.session (DefaultSessionIdManager.java:doStart(339)) - No SessionScavenger set, using defaults
2021-01-12 10:39:26,471 [Listener at 127.0.0.1/10720] INFO  server.session (HouseKeeper.java:startScavenging(132)) - node0 Scavenging every 600000ms
2021-01-12 10:39:26,471 [Listener at 127.0.0.1/10720] INFO  handler.ContextHandler (ContextHandler.java:doStart(916)) - Started o.e.j.s.ServletContextHandler@38b11592{logs,/logs,file:///github/workspace/mnt/ozone/hadoop-ozone/integration-test/target/log,AVAILABLE}
2021-01-12 10:39:26,472 [Listener at 127.0.0.1/10720] INFO  handler.ContextHandler (ContextHandler.java:doStart(916)) - Started o.e.j.s.ServletContextHandler@4c7a92c7{static,/static,file:///github/workspace/mnt/ozone/hadoop-ozone/integration-test/target/test-classes/webapps/static,AVAILABLE}
2021-01-12 10:39:26,483 [Listener at 127.0.0.1/10720] INFO  handler.ContextHandler (ContextHandler.java:doStart(916)) - Started o.e.j.w.WebAppContext@34b2fff7{ozoneManager,/,file:///github/workspace/mnt/ozone/hadoop-ozone/integration-test/target/test-classes/webapps/ozoneManager/,AVAILABLE}{file:/github/workspace/mnt/ozone/hadoop-ozone/integration-test/target/test-classes/webapps/ozoneManager}
2021-01-12 10:39:26,487 [Listener at 127.0.0.1/10720] INFO  server.AbstractConnector (AbstractConnector.java:doStart(331)) - Started ServerConnector@34b4c3e7{HTTP/1.1, (http/1.1)}{0.0.0.0:10722}
2021-01-12 10:39:26,488 [Listener at 127.0.0.1/10720] INFO  server.Server (Server.java:doStart(415)) - Started @9100ms
2021-01-12 10:39:26,488 [Listener at 127.0.0.1/10720] WARN  impl.MetricsSystemImpl (MetricsSystemImpl.java:register(276)) - Sink prometheus already exists!
2021-01-12 10:39:26,490 [Listener at 127.0.0.1/10720] INFO  http.BaseHttpServer (BaseHttpServer.java:updateConnectorAddress(327)) - HTTP server of ozoneManager listening at http://0.0.0.0:10722
2021-01-12 10:39:26,493 [IPC Server Responder] INFO  ipc.Server (Server.java:run(1460)) - IPC Server Responder: starting
2021-01-12 10:39:26,494 [IPC Server listener on 10720] INFO  ipc.Server (Server.java:run(1298)) - IPC Server listener on 10720: starting
2021-01-12 10:39:26,498 [Listener at 127.0.0.1/10720] INFO  om.OzoneManager (OzoneManager.java:startTrashEmptier(1281)) - Trash Interval set to 0. Files deleted will not move to trash
2021-01-12 10:39:26,499 [Listener at 127.0.0.1/10720] INFO  ozone.MiniOzoneHAClusterImpl (MiniOzoneHAClusterImpl.java:createOMService(380)) - Started OzoneManager RPC server at localhost/127.0.0.1:10720
2021-01-12 10:39:26,499 [Listener at 127.0.0.1/10720] WARN  server.ServerUtils (ServerUtils.java:getDBPath(225)) - ozone.om.db.dirs is not configured. We recommend adding this setting. Falling back to ozone.metadata.dirs instead.
2021-01-12 10:39:26,500 [org.apache.hadoop.util.JvmPauseMonitor$Monitor@44540282] INFO  util.JvmPauseMonitor (JvmPauseMonitor.java:run(188)) - Starting JVM pause monitor
2021-01-12 10:39:26,501 [Listener at 127.0.0.1/10720] INFO  ha.OMHANodeDetails (OMHANodeDetails.java:loadOMHAConfig(110)) - ServiceID for OzoneManager is om-service-test1
2021-01-12 10:39:26,502 [Listener at 127.0.0.1/10720] INFO  ha.OMHANodeDetails (OMHANodeDetails.java:loadOMHAConfig(186)) - Found matching OM address with OMServiceId: om-service-test1, OMNodeId: omNode-2, RPC Address: localhost:10726 and Ratis port: 10730
2021-01-12 10:39:26,502 [Listener at 127.0.0.1/10720] INFO  ha.OMHANodeDetails (OMHANodeDetails.java:setOMNodeSpecificConfigs(311)) - Setting configuration key ozone.om.http-address with value of key ozone.om.http-address.omNode-2: 127.0.0.1:10728
2021-01-12 10:39:26,502 [Listener at 127.0.0.1/10720] INFO  ha.OMHANodeDetails (OMHANodeDetails.java:setOMNodeSpecificConfigs(311)) - Setting configuration key ozone.om.https-address with value of key ozone.om.https-address.omNode-2: 127.0.0.1:10729
2021-01-12 10:39:26,502 [Listener at 127.0.0.1/10720] INFO  ha.OMHANodeDetails (OMHANodeDetails.java:setOMNodeSpecificConfigs(311)) - Setting configuration key ozone.om.address with value of key ozone.om.address.omNode-2: 127.0.0.1:10726
2021-01-12 10:39:26,502 [Listener at 127.0.0.1/10720] WARN  server.ServerUtils (ServerUtils.java:getDBPath(225)) - ozone.om.db.dirs is not configured. We recommend adding this setting. Falling back to ozone.metadata.dirs instead.
2021-01-12 10:39:26,502 [Listener at 127.0.0.1/10720] WARN  server.ServerUtils (ServerUtils.java:getDBPath(225)) - ozone.om.db.dirs is not configured. We recommend adding this setting. Falling back to ozone.metadata.dirs instead.
2021-01-12 10:39:26,505 [Listener at 127.0.0.1/10720] WARN  server.ServerUtils (ServerUtils.java:getDBPath(225)) - ozone.om.db.dirs is not configured. We recommend adding this setting. Falling back to ozone.metadata.dirs instead.
2021-01-12 10:39:26,506 [Listener at 127.0.0.1/10720] INFO  codec.OmKeyInfoCodec (OmKeyInfoCodec.java:<init>(41)) - OmKeyInfoCodec ignorePipeline = true
2021-01-12 10:39:26,507 [Listener at 127.0.0.1/10720] INFO  codec.RepeatedOmKeyInfoCodec (RepeatedOmKeyInfoCodec.java:<init>(40)) - RepeatedOmKeyInfoCodec ignorePipeline = true
2021-01-12 10:39:26,555 [Listener at 127.0.0.1/10720] INFO  om.OzoneManager (OzoneManager.java:addS3GVolumeToDB(3738)) - Created Volume s3v With Owner jenkins1001 required for S3Gateway operations.
2021-01-12 10:39:26,556 [Listener at 127.0.0.1/10720] WARN  server.ServerUtils (ServerUtils.java:getDefaultRatisDirectory(237)) - Storage directory for Ratis is not configured. It is a good idea to map this to an SSD disk. Falling back to ozone.metadata.dirs
2021-01-12 10:39:26,556 [Listener at 127.0.0.1/10720] WARN  ratis.OzoneManagerRatisServer (OzoneManagerRatisServer.java:getOMRatisSnapshotDirectory(638)) - ozone.om.ratis.snapshot.dir is not configured. Falling back to ozone.metadata.dirs config
2021-01-12 10:39:26,558 [Listener at 127.0.0.1/10720] INFO  snapshot.OzoneManagerSnapshotProvider (OzoneManagerSnapshotProvider.java:<init>(77)) - Initializing OM Snapshot Provider
2021-01-12 10:39:26,560 [Listener at 127.0.0.1/10720] WARN  server.ServerUtils (ServerUtils.java:getDefaultRatisDirectory(237)) - Storage directory for Ratis is not configured. It is a good idea to map this to an SSD disk. Falling back to ozone.metadata.dirs
2021-01-12 10:39:26,561 [Listener at 127.0.0.1/10720] INFO  ratis.OzoneManagerRatisServer (OzoneManagerRatisServer.java:<init>(280)) - Instantiating OM Ratis server with GroupID: om-service-test1 and Raft Peers: localhost:10730, localhost:10724, localhost:10736
2021-01-12 10:39:26,562 [Listener at 127.0.0.1/10720] INFO  ratis.OzoneManagerStateMachine (OzoneManagerStateMachine.java:loadSnapshotInfoFromDB(518)) - LastAppliedIndex is set from TransactionInfo from OM DB as (t:0, i:~)
2021-01-12 10:39:26,565 [Listener at 127.0.0.1/10720] INFO  server.RaftServer (ConfUtils.java:logGet(44)) - raft.rpc.type = GRPC (default)
2021-01-12 10:39:26,566 [Listener at 127.0.0.1/10720] INFO  grpc.GrpcFactory (GrpcFactory.java:checkPooledByteBufAllocatorUseCacheForAllThreads(48)) - PERFORMANCE WARNING: useCacheForAllThreads is true that may cause Netty to create a lot garbage objects and, as a result, trigger GC.
	It is recommended to disable useCacheForAllThreads by setting -Dorg.apache.ratis.thirdparty.io.netty.allocator.useCacheForAllThreads=false in command line.
2021-01-12 10:39:26,566 [Listener at 127.0.0.1/10720] INFO  grpc.GrpcConfigKeys (ConfUtils.java:logGet(44)) - raft.grpc.server.port = 10730 (custom)
2021-01-12 10:39:26,567 [Listener at 127.0.0.1/10720] INFO  server.GrpcService (ConfUtils.java:logGet(44)) - raft.grpc.message.size.max = 33554432 (custom)
2021-01-12 10:39:26,567 [Listener at 127.0.0.1/10720] INFO  server.RaftServerConfigKeys (ConfUtils.java:logGet(44)) - raft.server.log.appender.buffer.byte-limit = 33554432 (custom)
2021-01-12 10:39:26,567 [Listener at 127.0.0.1/10720] INFO  server.GrpcService (ConfUtils.java:logGet(44)) - raft.grpc.flow.control.window = 1MB (=1048576) (default)
2021-01-12 10:39:26,567 [Listener at 127.0.0.1/10720] INFO  server.RaftServerConfigKeys (ConfUtils.java:logGet(44)) - raft.server.rpc.request.timeout = 3000ms (default)
2021-01-12 10:39:26,568 [Listener at 127.0.0.1/10720] INFO  impl.DataStreamServerImpl (ConfUtils.java:logGet(44)) - raft.datastream.type = DISABLED (default)
2021-01-12 10:39:26,569 [Listener at 127.0.0.1/10720] INFO  server.RaftServerConfigKeys (ConfUtils.java:logGet(44)) - raft.server.rpc.slowness.timeout = 2s (custom)
2021-01-12 10:39:26,569 [Listener at 127.0.0.1/10720] INFO  server.RaftServerConfigKeys (ConfUtils.java:logGet(44)) - raft.server.leaderelection.leader.step-down.wait-time = 10s (default)
2021-01-12 10:39:26,573 [Listener at 127.0.0.1/10720] INFO  server.RaftServerConfigKeys (ConfUtils.java:logGet(44)) - raft.server.storage.dir = [/github/workspace/mnt/ozone/hadoop-ozone/integration-test/target/test-dir/MiniOzoneClusterImpl-845f199f-e199-49cc-a013-e02be1563f77/omNode-2/ratis] (custom)
2021-01-12 10:39:26,577 [Listener at 127.0.0.1/10720] INFO  server.RaftServer (RaftServerProxy.java:addNew(95)) - omNode-2: addNew group-523986131536:[omNode-3|rpc:localhost:10736|priority:0, omNode-1|rpc:localhost:10724|priority:0, omNode-2|rpc:localhost:10730|priority:0] returns group-523986131536:java.util.concurrent.CompletableFuture@73b9159d[Not completed]
2021-01-12 10:39:26,578 [Listener at 127.0.0.1/10720] INFO  om.OzoneManager (OzoneManager.java:initializeRatisServer(1332)) - OzoneManager Ratis server initialized at port 10730
2021-01-12 10:39:26,579 [pool-42-thread-1] INFO  server.RaftServer$Division (RaftServerImpl.java:<init>(179)) - omNode-2: new RaftServerImpl for group-523986131536:[omNode-3|rpc:localhost:10736|priority:0, omNode-1|rpc:localhost:10724|priority:0, omNode-2|rpc:localhost:10730|priority:0] with OzoneManagerStateMachine:uninitialized
2021-01-12 10:39:26,580 [pool-42-thread-1] INFO  server.RaftServerConfigKeys (ConfUtils.java:logGet(44)) - raft.server.rpc.timeout.min = 1s (custom)
2021-01-12 10:39:26,580 [pool-42-thread-1] INFO  server.RaftServerConfigKeys (ConfUtils.java:logGet(44)) - raft.server.rpc.timeout.max = 1200ms (custom)
2021-01-12 10:39:26,580 [pool-42-thread-1] INFO  server.RaftServerConfigKeys (ConfUtils.java:logGet(44)) - raft.server.rpc.sleep.time = 25ms (default)
2021-01-12 10:39:26,581 [pool-42-thread-1] INFO  server.RaftServerConfigKeys (ConfUtils.java:logGet(44)) - raft.server.rpc.slowness.timeout = 2s (custom)
2021-01-12 10:39:26,582 [pool-42-thread-1] INFO  server.RaftServerConfigKeys (ConfUtils.java:logGet(44)) - raft.server.leaderelection.leader.step-down.wait-time = 10s (default)
2021-01-12 10:39:26,582 [pool-42-thread-1] INFO  server.RaftServerConfigKeys (ConfUtils.java:logGet(44)) - raft.server.sleep.deviation.threshold = 300ms (default)
2021-01-12 10:39:26,582 [pool-42-thread-1] INFO  server.RaftServerConfigKeys (ConfUtils.java:logGet(44)) - raft.server.log.appender.install.snapshot.enabled = false (custom)
2021-01-12 10:39:26,583 [pool-42-thread-1] INFO  server.RaftServer$Division (ServerState.java:<init>(103)) - omNode-2@group-523986131536: ConfigurationManager, init=-1: [omNode-3|rpc:localhost:10736|priority:0, omNode-1|rpc:localhost:10724|priority:0, omNode-2|rpc:localhost:10730|priority:0], old=null, confs=<EMPTY_MAP>
2021-01-12 10:39:26,582 [Listener at 127.0.0.1/10720] INFO  ipc.CallQueueManager (CallQueueManager.java:<init>(84)) - Using callQueue: class java.util.concurrent.LinkedBlockingQueue, queueCapacity: 2000, scheduler: class org.apache.hadoop.ipc.DefaultRpcScheduler, ipcBackoff: false.
2021-01-12 10:39:26,583 [pool-42-thread-1] INFO  server.RaftServerConfigKeys (ConfUtils.java:logGet(44)) - raft.server.storage.dir = [/github/workspace/mnt/ozone/hadoop-ozone/integration-test/target/test-dir/MiniOzoneClusterImpl-845f199f-e199-49cc-a013-e02be1563f77/omNode-2/ratis] (custom)
2021-01-12 10:39:26,584 [pool-42-thread-1] INFO  server.RaftServerConfigKeys (ConfUtils.java:logGet(44)) - raft.server.log.corruption.policy = EXCEPTION (default)
2021-01-12 10:39:26,585 [pool-42-thread-1] INFO  storage.RaftStorageDirectory (RaftStorageDirectoryImpl.java:analyzeStorage(132)) - The storage directory /github/workspace/mnt/ozone/hadoop-ozone/integration-test/target/test-dir/MiniOzoneClusterImpl-845f199f-e199-49cc-a013-e02be1563f77/omNode-2/ratis/c9bc4cf4-3bc3-3c60-a66b-523986131536 does not exist. Creating ...
2021-01-12 10:39:26,595 [Socket Reader #1 for port 10726] INFO  ipc.Server (Server.java:run(1219)) - Starting Socket Reader #1 for port 10726
2021-01-12 10:39:26,605 [pool-42-thread-1] INFO  storage.RaftStorageDirectory (RaftStorageDirectoryImpl.java:tryLock(215)) - Lock on /github/workspace/mnt/ozone/hadoop-ozone/integration-test/target/test-dir/MiniOzoneClusterImpl-845f199f-e199-49cc-a013-e02be1563f77/omNode-2/ratis/c9bc4cf4-3bc3-3c60-a66b-523986131536/in_use.lock acquired by nodename 22673@6ff8c8e3a8df
2021-01-12 10:39:26,606 [pool-42-thread-1] INFO  storage.RaftStorage (RaftStorageImpl.java:format(87)) - Storage directory /github/workspace/mnt/ozone/hadoop-ozone/integration-test/target/test-dir/MiniOzoneClusterImpl-845f199f-e199-49cc-a013-e02be1563f77/omNode-2/ratis/c9bc4cf4-3bc3-3c60-a66b-523986131536 has been successfully formatted.
2021-01-12 10:39:26,607 [pool-42-thread-1] ERROR storage.RaftStorage (RaftStorageImpl.java:readRaftConfiguration(147)) - Failed reading configuration from file:/github/workspace/mnt/ozone/hadoop-ozone/integration-test/target/test-dir/MiniOzoneClusterImpl-845f199f-e199-49cc-a013-e02be1563f77/omNode-2/ratis/c9bc4cf4-3bc3-3c60-a66b-523986131536/current/raft-meta.conf
java.io.FileNotFoundException: /github/workspace/mnt/ozone/hadoop-ozone/integration-test/target/test-dir/MiniOzoneClusterImpl-845f199f-e199-49cc-a013-e02be1563f77/omNode-2/ratis/c9bc4cf4-3bc3-3c60-a66b-523986131536/current/raft-meta.conf (No such file or directory)
	at java.io.FileInputStream.open0(Native Method)
	at java.io.FileInputStream.open(FileInputStream.java:195)
	at java.io.FileInputStream.<init>(FileInputStream.java:138)
	at org.apache.ratis.server.storage.RaftStorageImpl.readRaftConfiguration(RaftStorageImpl.java:143)
	at org.apache.ratis.server.impl.ServerState.<init>(ServerState.java:113)
	at org.apache.ratis.server.impl.RaftServerImpl.<init>(RaftServerImpl.java:192)
	at org.apache.ratis.server.impl.RaftServerProxy.lambda$newRaftServerImpl$4(RaftServerProxy.java:266)
	at java.util.concurrent.CompletableFuture$AsyncSupply.run(CompletableFuture.java:1604)
	at java.util.concurrent.ThreadPoolExecutor.runWorker(ThreadPoolExecutor.java:1149)
	at java.util.concurrent.ThreadPoolExecutor$Worker.run(ThreadPoolExecutor.java:624)
	at java.lang.Thread.run(Thread.java:748)
2021-01-12 10:39:26,607 [pool-42-thread-1] INFO  server.RaftServerConfigKeys (ConfUtils.java:logGet(44)) - raft.server.notification.no-leader.timeout = 2s (custom)
2021-01-12 10:39:26,607 [pool-42-thread-1] INFO  server.RaftServerConfigKeys (ConfUtils.java:logGet(44)) - raft.server.log.use.memory = false (default)
2021-01-12 10:39:26,607 [pool-42-thread-1] INFO  server.RaftServerConfigKeys (ConfUtils.java:logGet(44)) - raft.server.log.purge.gap = 50 (custom)
2021-01-12 10:39:26,607 [pool-42-thread-1] INFO  server.RaftServerConfigKeys (ConfUtils.java:logGet(44)) - raft.server.log.appender.buffer.byte-limit = 33554432 (custom)
2021-01-12 10:39:26,607 [pool-42-thread-1] INFO  metrics.RatisMetrics (RatisMetrics.java:lambda$create$0(36)) - Creating Metrics Registry : ratis.log_worker.omNode-2@group-523986131536
2021-01-12 10:39:26,608 [pool-42-thread-1] INFO  server.RaftServerConfigKeys (ConfUtils.java:logGet(44)) - raft.server.log.segment.size.max = 4194304 (custom)
2021-01-12 10:39:26,608 [pool-42-thread-1] INFO  server.RaftServerConfigKeys (ConfUtils.java:logGet(44)) - raft.server.log.segment.cache.num.max = 2 (custom)
2021-01-12 10:39:26,608 [pool-42-thread-1] INFO  server.RaftServerConfigKeys (ConfUtils.java:logGet(44)) - raft.server.log.segment.cache.size.max = 200MB (=209715200) (default)
2021-01-12 10:39:26,608 [pool-42-thread-1] INFO  segmented.SegmentedRaftLogWorker (SegmentedRaftLogWorker.java:<init>(181)) - new omNode-2@group-523986131536-SegmentedRaftLogWorker for RaftStorageImpl:Storage Directory /github/workspace/mnt/ozone/hadoop-ozone/integration-test/target/test-dir/MiniOzoneClusterImpl-845f199f-e199-49cc-a013-e02be1563f77/omNode-2/ratis/c9bc4cf4-3bc3-3c60-a66b-523986131536
2021-01-12 10:39:26,610 [pool-42-thread-1] INFO  server.RaftServerConfigKeys (ConfUtils.java:logGet(44)) - raft.server.log.queue.byte-limit = 64MB (=67108864) (default)
2021-01-12 10:39:26,610 [pool-42-thread-1] INFO  server.RaftServerConfigKeys (ConfUtils.java:logGet(44)) - raft.server.log.queue.element-limit = 4096 (default)
2021-01-12 10:39:26,610 [pool-42-thread-1] INFO  server.RaftServerConfigKeys (ConfUtils.java:logGet(44)) - raft.server.log.segment.size.max = 4194304 (custom)
2021-01-12 10:39:26,610 [pool-42-thread-1] INFO  server.RaftServerConfigKeys (ConfUtils.java:logGet(44)) - raft.server.log.preallocated.size = 4194304 (custom)
2021-01-12 10:39:26,611 [pool-42-thread-1] INFO  server.RaftServerConfigKeys (ConfUtils.java:logGet(44)) - raft.server.log.force.sync.num = 128 (default)
2021-01-12 10:39:26,611 [pool-42-thread-1] INFO  server.RaftServerConfigKeys (ConfUtils.java:logGet(44)) - raft.server.log.statemachine.data.sync = true (default)
2021-01-12 10:39:26,611 [pool-42-thread-1] INFO  server.RaftServerConfigKeys (ConfUtils.java:logGet(44)) - raft.server.log.statemachine.data.sync.timeout = 10s (default)
2021-01-12 10:39:26,611 [pool-42-thread-1] INFO  server.RaftServerConfigKeys (ConfUtils.java:logGet(44)) - raft.server.log.statemachine.data.sync.timeout.retry = -1 (default)
2021-01-12 10:39:26,611 [pool-42-thread-1] INFO  server.RaftServerConfigKeys (ConfUtils.java:logGet(44)) - raft.server.log.write.buffer.size = 64KB (=65536) (default)
2021-01-12 10:39:26,611 [pool-42-thread-1] INFO  server.RaftServerConfigKeys (ConfUtils.java:logGet(44)) - raft.server.log.statemachine.data.caching.enabled = false (default)
2021-01-12 10:39:26,612 [pool-42-thread-1] INFO  segmented.SegmentedRaftLogWorker (SegmentedRaftLogWorker.java:lambda$new$0(132)) - omNode-2@group-523986131536-SegmentedRaftLogWorker: flushIndex: setUnconditionally 0 -> -1
2021-01-12 10:39:26,612 [pool-42-thread-1] INFO  segmented.SegmentedRaftLogWorker (SegmentedRaftLogWorker.java:lambda$new$0(132)) - omNode-2@group-523986131536-SegmentedRaftLogWorker: safeCacheEvictIndex: setUnconditionally 0 -> -1
2021-01-12 10:39:26,613 [pool-42-thread-1] INFO  server.RaftServerConfigKeys (ConfUtils.java:logGet(44)) - raft.server.snapshot.auto.trigger.enabled = true (custom)
2021-01-12 10:39:26,613 [pool-42-thread-1] INFO  server.RaftServerConfigKeys (ConfUtils.java:logGet(44)) - raft.server.snapshot.auto.trigger.threshold = 50 (custom)
2021-01-12 10:39:26,613 [pool-42-thread-1] INFO  server.RaftServerConfigKeys (ConfUtils.java:logGet(44)) - raft.server.snapshot.retention.file.num = -1 (default)
2021-01-12 10:39:26,613 [pool-42-thread-1] INFO  server.RaftServerConfigKeys (ConfUtils.java:logGet(44)) - raft.server.log.purge.upto.snapshot.index = true (custom)
2021-01-12 10:39:26,614 [pool-42-thread-1] INFO  server.RaftServerConfigKeys (ConfUtils.java:logGet(44)) - raft.server.retrycache.expirytime = 300s (custom)
2021-01-12 10:39:26,614 [pool-42-thread-1] INFO  server.RaftServerConfigKeys (ConfUtils.java:logGet(44)) - raft.server.retrycache.statistics.expirytime = 100?s (default)
2021-01-12 10:39:26,614 [pool-42-thread-1] INFO  metrics.RatisMetrics (RatisMetrics.java:lambda$create$0(36)) - Creating Metrics Registry : ratis.leader_election.omNode-2@group-523986131536
2021-01-12 10:39:26,614 [pool-42-thread-1] INFO  metrics.RatisMetrics (RatisMetrics.java:lambda$create$0(36)) - Creating Metrics Registry : ratis.server.omNode-2@group-523986131536
2021-01-12 10:39:26,619 [Listener at 127.0.0.1/10726] INFO  impl.MetricsSystemImpl (MetricsSystemImpl.java:init(158)) - OzoneManager metrics system started (again)
2021-01-12 10:39:26,621 [Listener at 127.0.0.1/10726] INFO  om.OzoneManager (OzoneManager.java:start(1160)) - OzoneManager RPC server is listening at localhost/127.0.0.1:10726
2021-01-12 10:39:26,622 [Listener at 127.0.0.1/10726] INFO  ratis.OzoneManagerRatisServer (OzoneManagerRatisServer.java:start(377)) - Starting OzoneManagerRatisServer omNode-2 at port 10730
2021-01-12 10:39:26,622 [Listener at 127.0.0.1/10726] INFO  server.RaftServer$Division (RaftServerImpl.java:start(294)) - omNode-2@group-523986131536: start as a follower, conf=-1: [omNode-3|rpc:localhost:10736|priority:0, omNode-1|rpc:localhost:10724|priority:0, omNode-2|rpc:localhost:10730|priority:0], old=null
2021-01-12 10:39:26,622 [Listener at 127.0.0.1/10726] INFO  server.RaftServer$Division (RaftServerImpl.java:setRole(283)) - omNode-2@group-523986131536: changes role from      null to FOLLOWER at term 0 for startAsFollower
2021-01-12 10:39:26,622 [Listener at 127.0.0.1/10726] INFO  impl.RoleInfo (RoleInfo.java:updateAndGet(130)) - omNode-2: start omNode-2@group-523986131536-FollowerState
2021-01-12 10:39:26,623 [Listener at 127.0.0.1/10726] INFO  util.JmxRegister (JmxRegister.java:tryRegister(44)) - Successfully registered JMX Bean with object name Ratis:service=RaftServer,group=group-523986131536,id=omNode-2
2021-01-12 10:39:26,623 [Listener at 127.0.0.1/10726] INFO  metrics.RatisMetrics (RatisMetrics.java:lambda$create$0(36)) - Creating Metrics Registry : ratis.state_machine.omNode-2@group-523986131536
2021-01-12 10:39:26,629 [Listener at 127.0.0.1/10726] INFO  server.RaftServer (RaftServerProxy.java:lambda$start$5(372)) - omNode-2: start RPC server
2021-01-12 10:39:26,633 [Listener at 127.0.0.1/10726] INFO  server.GrpcService (GrpcService.java:startImpl(176)) - omNode-2: GrpcService started, listening on 0.0.0.0/0.0.0.0:10730
2021-01-12 10:39:26,633 [org.apache.ratis.util.JvmPauseMonitor$$Lambda$305/744069916@1d4a7ea0] INFO  util.JvmPauseMonitor (JvmPauseMonitor.java:run(103)) - JvmPauseMonitor-omNode-2: Started
2021-01-12 10:39:26,639 [Listener at 127.0.0.1/10726] INFO  http.BaseHttpServer (BaseHttpServer.java:newHttpServer2BuilderForOzone(207)) - Starting Web-server for ozoneManager at: http://0.0.0.0:10728
2021-01-12 10:39:26,639 [Listener at 127.0.0.1/10726] INFO  http.BaseHttpServer (BaseHttpServer.java:<init>(106)) - Hadoop Security Enabled: false Ozone Security Enabled: false Ozone HTTP Security Enabled: false 
2021-01-12 10:39:26,640 [Listener at 127.0.0.1/10726] INFO  server.AuthenticationFilter (AuthenticationFilter.java:constructSecretProvider(240)) - Unable to initialize FileSignerSecretProvider, falling back to use random secrets.
2021-01-12 10:39:26,641 [Listener at 127.0.0.1/10726] WARN  http.HttpRequestLog (HttpRequestLog.java:getRequestLog(103)) - Jetty request log can only be enabled using Log4j
2021-01-12 10:39:26,642 [Listener at 127.0.0.1/10726] INFO  http.HttpServer2 (HttpServer2.java:addGlobalFilter(1020)) - Added global filter 'safety' (class=org.apache.hadoop.hdds.server.http.HttpServer2$QuotingInputFilter)
2021-01-12 10:39:26,643 [Listener at 127.0.0.1/10726] INFO  http.HttpServer2 (HttpServer2.java:addFilter(996)) - Added filter static_user_filter (class=org.apache.hadoop.http.lib.StaticUserWebFilter$StaticUserFilter) to context ozoneManager
2021-01-12 10:39:26,643 [Listener at 127.0.0.1/10726] INFO  http.HttpServer2 (HttpServer2.java:addFilter(1004)) - Added filter static_user_filter (class=org.apache.hadoop.http.lib.StaticUserWebFilter$StaticUserFilter) to context static
2021-01-12 10:39:26,643 [Listener at 127.0.0.1/10726] INFO  http.HttpServer2 (HttpServer2.java:addFilter(1004)) - Added filter static_user_filter (class=org.apache.hadoop.http.lib.StaticUserWebFilter$StaticUserFilter) to context logs
2021-01-12 10:39:26,643 [Listener at 127.0.0.1/10726] INFO  http.HttpServer2 (HttpServer2.java:bindListener(1238)) - Jetty bound to port 10728
2021-01-12 10:39:26,644 [Listener at 127.0.0.1/10726] INFO  server.Server (Server.java:doStart(375)) - jetty-9.4.34.v20201102; built: 2020-11-02T14:15:39.302Z; git: e46af88704a893fc12cb0e3bf46e2c7b48a009e7; jvm 1.8.0_232-b09
2021-01-12 10:39:26,645 [Listener at 127.0.0.1/10726] INFO  server.session (DefaultSessionIdManager.java:doStart(334)) - DefaultSessionIdManager workerName=node0
2021-01-12 10:39:26,645 [Listener at 127.0.0.1/10726] INFO  server.session (DefaultSessionIdManager.java:doStart(339)) - No SessionScavenger set, using defaults
2021-01-12 10:39:26,645 [Listener at 127.0.0.1/10726] INFO  server.session (HouseKeeper.java:startScavenging(132)) - node0 Scavenging every 600000ms
2021-01-12 10:39:26,647 [Listener at 127.0.0.1/10726] INFO  handler.ContextHandler (ContextHandler.java:doStart(916)) - Started o.e.j.s.ServletContextHandler@6d64ced1{logs,/logs,file:///github/workspace/mnt/ozone/hadoop-ozone/integration-test/target/log,AVAILABLE}
2021-01-12 10:39:26,647 [Listener at 127.0.0.1/10726] INFO  handler.ContextHandler (ContextHandler.java:doStart(916)) - Started o.e.j.s.ServletContextHandler@2d255fd5{static,/static,file:///github/workspace/mnt/ozone/hadoop-ozone/integration-test/target/test-classes/webapps/static,AVAILABLE}
2021-01-12 10:39:26,650 [Listener at 127.0.0.1/10726] INFO  handler.ContextHandler (ContextHandler.java:doStart(916)) - Started o.e.j.w.WebAppContext@184701c1{ozoneManager,/,file:///github/workspace/mnt/ozone/hadoop-ozone/integration-test/target/test-classes/webapps/ozoneManager/,AVAILABLE}{file:/github/workspace/mnt/ozone/hadoop-ozone/integration-test/target/test-classes/webapps/ozoneManager}
2021-01-12 10:39:26,656 [Listener at 127.0.0.1/10726] INFO  server.AbstractConnector (AbstractConnector.java:doStart(331)) - Started ServerConnector@390b8b19{HTTP/1.1, (http/1.1)}{0.0.0.0:10728}
2021-01-12 10:39:26,656 [Listener at 127.0.0.1/10726] INFO  server.Server (Server.java:doStart(415)) - Started @9268ms
2021-01-12 10:39:26,656 [Listener at 127.0.0.1/10726] WARN  impl.MetricsSystemImpl (MetricsSystemImpl.java:register(276)) - Sink prometheus already exists!
2021-01-12 10:39:26,690 [Listener at 127.0.0.1/10726] INFO  http.BaseHttpServer (BaseHttpServer.java:updateConnectorAddress(327)) - HTTP server of ozoneManager listening at http://0.0.0.0:10728
2021-01-12 10:39:26,690 [IPC Server Responder] INFO  ipc.Server (Server.java:run(1460)) - IPC Server Responder: starting
2021-01-12 10:39:26,690 [IPC Server listener on 10726] INFO  ipc.Server (Server.java:run(1298)) - IPC Server listener on 10726: starting
2021-01-12 10:39:26,695 [Listener at 127.0.0.1/10726] INFO  om.OzoneManager (OzoneManager.java:startTrashEmptier(1281)) - Trash Interval set to 0. Files deleted will not move to trash
2021-01-12 10:39:26,697 [Listener at 127.0.0.1/10726] INFO  ozone.MiniOzoneHAClusterImpl (MiniOzoneHAClusterImpl.java:createOMService(380)) - Started OzoneManager RPC server at localhost/127.0.0.1:10726
2021-01-12 10:39:26,698 [Listener at 127.0.0.1/10726] WARN  server.ServerUtils (ServerUtils.java:getDBPath(225)) - ozone.om.db.dirs is not configured. We recommend adding this setting. Falling back to ozone.metadata.dirs instead.
2021-01-12 10:39:26,703 [Listener at 127.0.0.1/10726] INFO  ha.OMHANodeDetails (OMHANodeDetails.java:loadOMHAConfig(110)) - ServiceID for OzoneManager is om-service-test1
2021-01-12 10:39:26,704 [Listener at 127.0.0.1/10726] INFO  ha.OMHANodeDetails (OMHANodeDetails.java:loadOMHAConfig(186)) - Found matching OM address with OMServiceId: om-service-test1, OMNodeId: omNode-3, RPC Address: localhost:10732 and Ratis port: 10736
2021-01-12 10:39:26,704 [Listener at 127.0.0.1/10726] INFO  ha.OMHANodeDetails (OMHANodeDetails.java:setOMNodeSpecificConfigs(311)) - Setting configuration key ozone.om.http-address with value of key ozone.om.http-address.omNode-3: 127.0.0.1:10734
2021-01-12 10:39:26,704 [Listener at 127.0.0.1/10726] INFO  ha.OMHANodeDetails (OMHANodeDetails.java:setOMNodeSpecificConfigs(311)) - Setting configuration key ozone.om.https-address with value of key ozone.om.https-address.omNode-3: 127.0.0.1:10735
2021-01-12 10:39:26,704 [Listener at 127.0.0.1/10726] INFO  ha.OMHANodeDetails (OMHANodeDetails.java:setOMNodeSpecificConfigs(311)) - Setting configuration key ozone.om.address with value of key ozone.om.address.omNode-3: 127.0.0.1:10732
2021-01-12 10:39:26,704 [Listener at 127.0.0.1/10726] WARN  server.ServerUtils (ServerUtils.java:getDBPath(225)) - ozone.om.db.dirs is not configured. We recommend adding this setting. Falling back to ozone.metadata.dirs instead.
2021-01-12 10:39:26,705 [Listener at 127.0.0.1/10726] WARN  server.ServerUtils (ServerUtils.java:getDBPath(225)) - ozone.om.db.dirs is not configured. We recommend adding this setting. Falling back to ozone.metadata.dirs instead.
2021-01-12 10:39:26,707 [org.apache.hadoop.util.JvmPauseMonitor$Monitor@846e95e] INFO  util.JvmPauseMonitor (JvmPauseMonitor.java:run(188)) - Starting JVM pause monitor
2021-01-12 10:39:26,710 [Listener at 127.0.0.1/10726] WARN  server.ServerUtils (ServerUtils.java:getDBPath(225)) - ozone.om.db.dirs is not configured. We recommend adding this setting. Falling back to ozone.metadata.dirs instead.
2021-01-12 10:39:26,711 [Listener at 127.0.0.1/10726] INFO  codec.OmKeyInfoCodec (OmKeyInfoCodec.java:<init>(41)) - OmKeyInfoCodec ignorePipeline = true
2021-01-12 10:39:26,712 [Listener at 127.0.0.1/10726] INFO  codec.RepeatedOmKeyInfoCodec (RepeatedOmKeyInfoCodec.java:<init>(40)) - RepeatedOmKeyInfoCodec ignorePipeline = true
2021-01-12 10:39:26,762 [Listener at 127.0.0.1/10726] INFO  om.OzoneManager (OzoneManager.java:addS3GVolumeToDB(3738)) - Created Volume s3v With Owner jenkins1001 required for S3Gateway operations.
2021-01-12 10:39:26,763 [Listener at 127.0.0.1/10726] WARN  server.ServerUtils (ServerUtils.java:getDefaultRatisDirectory(237)) - Storage directory for Ratis is not configured. It is a good idea to map this to an SSD disk. Falling back to ozone.metadata.dirs
2021-01-12 10:39:26,763 [Listener at 127.0.0.1/10726] WARN  ratis.OzoneManagerRatisServer (OzoneManagerRatisServer.java:getOMRatisSnapshotDirectory(638)) - ozone.om.ratis.snapshot.dir is not configured. Falling back to ozone.metadata.dirs config
2021-01-12 10:39:26,763 [Listener at 127.0.0.1/10726] INFO  snapshot.OzoneManagerSnapshotProvider (OzoneManagerSnapshotProvider.java:<init>(77)) - Initializing OM Snapshot Provider
2021-01-12 10:39:26,765 [Listener at 127.0.0.1/10726] WARN  server.ServerUtils (ServerUtils.java:getDefaultRatisDirectory(237)) - Storage directory for Ratis is not configured. It is a good idea to map this to an SSD disk. Falling back to ozone.metadata.dirs
2021-01-12 10:39:26,766 [Listener at 127.0.0.1/10726] INFO  ratis.OzoneManagerRatisServer (OzoneManagerRatisServer.java:<init>(280)) - Instantiating OM Ratis server with GroupID: om-service-test1 and Raft Peers: localhost:10736, localhost:10724, localhost:10730
2021-01-12 10:39:26,766 [Listener at 127.0.0.1/10726] INFO  ratis.OzoneManagerStateMachine (OzoneManagerStateMachine.java:loadSnapshotInfoFromDB(518)) - LastAppliedIndex is set from TransactionInfo from OM DB as (t:0, i:~)
2021-01-12 10:39:26,767 [Listener at 127.0.0.1/10726] INFO  server.RaftServer (ConfUtils.java:logGet(44)) - raft.rpc.type = GRPC (default)
2021-01-12 10:39:26,767 [Listener at 127.0.0.1/10726] INFO  grpc.GrpcFactory (GrpcFactory.java:checkPooledByteBufAllocatorUseCacheForAllThreads(48)) - PERFORMANCE WARNING: useCacheForAllThreads is true that may cause Netty to create a lot garbage objects and, as a result, trigger GC.
	It is recommended to disable useCacheForAllThreads by setting -Dorg.apache.ratis.thirdparty.io.netty.allocator.useCacheForAllThreads=false in command line.
2021-01-12 10:39:26,767 [Listener at 127.0.0.1/10726] INFO  grpc.GrpcConfigKeys (ConfUtils.java:logGet(44)) - raft.grpc.server.port = 10736 (custom)
2021-01-12 10:39:26,767 [Listener at 127.0.0.1/10726] INFO  server.GrpcService (ConfUtils.java:logGet(44)) - raft.grpc.message.size.max = 33554432 (custom)
2021-01-12 10:39:26,767 [Listener at 127.0.0.1/10726] INFO  server.RaftServerConfigKeys (ConfUtils.java:logGet(44)) - raft.server.log.appender.buffer.byte-limit = 33554432 (custom)
2021-01-12 10:39:26,767 [Listener at 127.0.0.1/10726] INFO  server.GrpcService (ConfUtils.java:logGet(44)) - raft.grpc.flow.control.window = 1MB (=1048576) (default)
2021-01-12 10:39:26,767 [Listener at 127.0.0.1/10726] INFO  server.RaftServerConfigKeys (ConfUtils.java:logGet(44)) - raft.server.rpc.request.timeout = 3000ms (default)
2021-01-12 10:39:26,768 [Listener at 127.0.0.1/10726] INFO  impl.DataStreamServerImpl (ConfUtils.java:logGet(44)) - raft.datastream.type = DISABLED (default)
2021-01-12 10:39:26,768 [Listener at 127.0.0.1/10726] INFO  server.RaftServerConfigKeys (ConfUtils.java:logGet(44)) - raft.server.rpc.slowness.timeout = 2s (custom)
2021-01-12 10:39:26,769 [Listener at 127.0.0.1/10726] INFO  server.RaftServerConfigKeys (ConfUtils.java:logGet(44)) - raft.server.leaderelection.leader.step-down.wait-time = 10s (default)
2021-01-12 10:39:26,769 [Listener at 127.0.0.1/10726] INFO  server.RaftServerConfigKeys (ConfUtils.java:logGet(44)) - raft.server.storage.dir = [/github/workspace/mnt/ozone/hadoop-ozone/integration-test/target/test-dir/MiniOzoneClusterImpl-845f199f-e199-49cc-a013-e02be1563f77/omNode-3/ratis] (custom)
2021-01-12 10:39:26,773 [Listener at 127.0.0.1/10726] INFO  server.RaftServer (RaftServerProxy.java:addNew(95)) - omNode-3: addNew group-523986131536:[omNode-3|rpc:localhost:10736|priority:0, omNode-1|rpc:localhost:10724|priority:0, omNode-2|rpc:localhost:10730|priority:0] returns group-523986131536:java.util.concurrent.CompletableFuture@3a035b8e[Not completed]
2021-01-12 10:39:26,774 [Listener at 127.0.0.1/10726] INFO  om.OzoneManager (OzoneManager.java:initializeRatisServer(1332)) - OzoneManager Ratis server initialized at port 10736
2021-01-12 10:39:26,775 [Listener at 127.0.0.1/10726] INFO  ipc.CallQueueManager (CallQueueManager.java:<init>(84)) - Using callQueue: class java.util.concurrent.LinkedBlockingQueue, queueCapacity: 2000, scheduler: class org.apache.hadoop.ipc.DefaultRpcScheduler, ipcBackoff: false.
2021-01-12 10:39:26,777 [pool-57-thread-1] INFO  server.RaftServer$Division (RaftServerImpl.java:<init>(179)) - omNode-3: new RaftServerImpl for group-523986131536:[omNode-3|rpc:localhost:10736|priority:0, omNode-1|rpc:localhost:10724|priority:0, omNode-2|rpc:localhost:10730|priority:0] with OzoneManagerStateMachine:uninitialized
2021-01-12 10:39:26,786 [pool-57-thread-1] INFO  server.RaftServerConfigKeys (ConfUtils.java:logGet(44)) - raft.server.rpc.timeout.min = 1s (custom)
2021-01-12 10:39:26,786 [pool-57-thread-1] INFO  server.RaftServerConfigKeys (ConfUtils.java:logGet(44)) - raft.server.rpc.timeout.max = 1200ms (custom)
2021-01-12 10:39:26,786 [pool-57-thread-1] INFO  server.RaftServerConfigKeys (ConfUtils.java:logGet(44)) - raft.server.rpc.sleep.time = 25ms (default)
2021-01-12 10:39:26,786 [pool-57-thread-1] INFO  server.RaftServerConfigKeys (ConfUtils.java:logGet(44)) - raft.server.rpc.slowness.timeout = 2s (custom)
2021-01-12 10:39:26,786 [pool-57-thread-1] INFO  server.RaftServerConfigKeys (ConfUtils.java:logGet(44)) - raft.server.leaderelection.leader.step-down.wait-time = 10s (default)
2021-01-12 10:39:26,787 [pool-57-thread-1] INFO  server.RaftServerConfigKeys (ConfUtils.java:logGet(44)) - raft.server.sleep.deviation.threshold = 300ms (default)
2021-01-12 10:39:26,787 [pool-57-thread-1] INFO  server.RaftServerConfigKeys (ConfUtils.java:logGet(44)) - raft.server.log.appender.install.snapshot.enabled = false (custom)
2021-01-12 10:39:26,787 [pool-57-thread-1] INFO  server.RaftServer$Division (ServerState.java:<init>(103)) - omNode-3@group-523986131536: ConfigurationManager, init=-1: [omNode-3|rpc:localhost:10736|priority:0, omNode-1|rpc:localhost:10724|priority:0, omNode-2|rpc:localhost:10730|priority:0], old=null, confs=<EMPTY_MAP>
2021-01-12 10:39:26,787 [pool-57-thread-1] INFO  server.RaftServerConfigKeys (ConfUtils.java:logGet(44)) - raft.server.storage.dir = [/github/workspace/mnt/ozone/hadoop-ozone/integration-test/target/test-dir/MiniOzoneClusterImpl-845f199f-e199-49cc-a013-e02be1563f77/omNode-3/ratis] (custom)
2021-01-12 10:39:26,788 [pool-57-thread-1] INFO  server.RaftServerConfigKeys (ConfUtils.java:logGet(44)) - raft.server.log.corruption.policy = EXCEPTION (default)
2021-01-12 10:39:26,788 [pool-57-thread-1] INFO  storage.RaftStorageDirectory (RaftStorageDirectoryImpl.java:analyzeStorage(132)) - The storage directory /github/workspace/mnt/ozone/hadoop-ozone/integration-test/target/test-dir/MiniOzoneClusterImpl-845f199f-e199-49cc-a013-e02be1563f77/omNode-3/ratis/c9bc4cf4-3bc3-3c60-a66b-523986131536 does not exist. Creating ...
2021-01-12 10:39:26,795 [Socket Reader #1 for port 10732] INFO  ipc.Server (Server.java:run(1219)) - Starting Socket Reader #1 for port 10732
2021-01-12 10:39:26,799 [pool-57-thread-1] INFO  storage.RaftStorageDirectory (RaftStorageDirectoryImpl.java:tryLock(215)) - Lock on /github/workspace/mnt/ozone/hadoop-ozone/integration-test/target/test-dir/MiniOzoneClusterImpl-845f199f-e199-49cc-a013-e02be1563f77/omNode-3/ratis/c9bc4cf4-3bc3-3c60-a66b-523986131536/in_use.lock acquired by nodename 22673@6ff8c8e3a8df
2021-01-12 10:39:26,801 [pool-57-thread-1] INFO  storage.RaftStorage (RaftStorageImpl.java:format(87)) - Storage directory /github/workspace/mnt/ozone/hadoop-ozone/integration-test/target/test-dir/MiniOzoneClusterImpl-845f199f-e199-49cc-a013-e02be1563f77/omNode-3/ratis/c9bc4cf4-3bc3-3c60-a66b-523986131536 has been successfully formatted.
2021-01-12 10:39:26,801 [pool-57-thread-1] ERROR storage.RaftStorage (RaftStorageImpl.java:readRaftConfiguration(147)) - Failed reading configuration from file:/github/workspace/mnt/ozone/hadoop-ozone/integration-test/target/test-dir/MiniOzoneClusterImpl-845f199f-e199-49cc-a013-e02be1563f77/omNode-3/ratis/c9bc4cf4-3bc3-3c60-a66b-523986131536/current/raft-meta.conf
java.io.FileNotFoundException: /github/workspace/mnt/ozone/hadoop-ozone/integration-test/target/test-dir/MiniOzoneClusterImpl-845f199f-e199-49cc-a013-e02be1563f77/omNode-3/ratis/c9bc4cf4-3bc3-3c60-a66b-523986131536/current/raft-meta.conf (No such file or directory)
	at java.io.FileInputStream.open0(Native Method)
	at java.io.FileInputStream.open(FileInputStream.java:195)
	at java.io.FileInputStream.<init>(FileInputStream.java:138)
	at org.apache.ratis.server.storage.RaftStorageImpl.readRaftConfiguration(RaftStorageImpl.java:143)
	at org.apache.ratis.server.impl.ServerState.<init>(ServerState.java:113)
	at org.apache.ratis.server.impl.RaftServerImpl.<init>(RaftServerImpl.java:192)
	at org.apache.ratis.server.impl.RaftServerProxy.lambda$newRaftServerImpl$4(RaftServerProxy.java:266)
	at java.util.concurrent.CompletableFuture$AsyncSupply.run(CompletableFuture.java:1604)
	at java.util.concurrent.ThreadPoolExecutor.runWorker(ThreadPoolExecutor.java:1149)
	at java.util.concurrent.ThreadPoolExecutor$Worker.run(ThreadPoolExecutor.java:624)
	at java.lang.Thread.run(Thread.java:748)
2021-01-12 10:39:26,803 [pool-57-thread-1] INFO  server.RaftServerConfigKeys (ConfUtils.java:logGet(44)) - raft.server.notification.no-leader.timeout = 2s (custom)
2021-01-12 10:39:26,803 [pool-57-thread-1] INFO  server.RaftServerConfigKeys (ConfUtils.java:logGet(44)) - raft.server.log.use.memory = false (default)
2021-01-12 10:39:26,803 [pool-57-thread-1] INFO  server.RaftServerConfigKeys (ConfUtils.java:logGet(44)) - raft.server.log.purge.gap = 50 (custom)
2021-01-12 10:39:26,804 [pool-57-thread-1] INFO  server.RaftServerConfigKeys (ConfUtils.java:logGet(44)) - raft.server.log.appender.buffer.byte-limit = 33554432 (custom)
2021-01-12 10:39:26,804 [pool-57-thread-1] INFO  metrics.RatisMetrics (RatisMetrics.java:lambda$create$0(36)) - Creating Metrics Registry : ratis.log_worker.omNode-3@group-523986131536
2021-01-12 10:39:26,804 [pool-57-thread-1] INFO  server.RaftServerConfigKeys (ConfUtils.java:logGet(44)) - raft.server.log.segment.size.max = 4194304 (custom)
2021-01-12 10:39:26,805 [pool-57-thread-1] INFO  server.RaftServerConfigKeys (ConfUtils.java:logGet(44)) - raft.server.log.segment.cache.num.max = 2 (custom)
2021-01-12 10:39:26,805 [pool-57-thread-1] INFO  server.RaftServerConfigKeys (ConfUtils.java:logGet(44)) - raft.server.log.segment.cache.size.max = 200MB (=209715200) (default)
2021-01-12 10:39:26,806 [pool-57-thread-1] INFO  segmented.SegmentedRaftLogWorker (SegmentedRaftLogWorker.java:<init>(181)) - new omNode-3@group-523986131536-SegmentedRaftLogWorker for RaftStorageImpl:Storage Directory /github/workspace/mnt/ozone/hadoop-ozone/integration-test/target/test-dir/MiniOzoneClusterImpl-845f199f-e199-49cc-a013-e02be1563f77/omNode-3/ratis/c9bc4cf4-3bc3-3c60-a66b-523986131536
2021-01-12 10:39:26,806 [pool-57-thread-1] INFO  server.RaftServerConfigKeys (ConfUtils.java:logGet(44)) - raft.server.log.queue.byte-limit = 64MB (=67108864) (default)
2021-01-12 10:39:26,806 [pool-57-thread-1] INFO  server.RaftServerConfigKeys (ConfUtils.java:logGet(44)) - raft.server.log.queue.element-limit = 4096 (default)
2021-01-12 10:39:26,807 [pool-57-thread-1] INFO  server.RaftServerConfigKeys (ConfUtils.java:logGet(44)) - raft.server.log.segment.size.max = 4194304 (custom)
2021-01-12 10:39:26,807 [pool-57-thread-1] INFO  server.RaftServerConfigKeys (ConfUtils.java:logGet(44)) - raft.server.log.preallocated.size = 4194304 (custom)
2021-01-12 10:39:26,807 [pool-57-thread-1] INFO  server.RaftServerConfigKeys (ConfUtils.java:logGet(44)) - raft.server.log.force.sync.num = 128 (default)
2021-01-12 10:39:26,807 [pool-57-thread-1] INFO  server.RaftServerConfigKeys (ConfUtils.java:logGet(44)) - raft.server.log.statemachine.data.sync = true (default)
2021-01-12 10:39:26,807 [pool-57-thread-1] INFO  server.RaftServerConfigKeys (ConfUtils.java:logGet(44)) - raft.server.log.statemachine.data.sync.timeout = 10s (default)
2021-01-12 10:39:26,807 [pool-57-thread-1] INFO  server.RaftServerConfigKeys (ConfUtils.java:logGet(44)) - raft.server.log.statemachine.data.sync.timeout.retry = -1 (default)
2021-01-12 10:39:26,808 [pool-57-thread-1] INFO  server.RaftServerConfigKeys (ConfUtils.java:logGet(44)) - raft.server.log.write.buffer.size = 64KB (=65536) (default)
2021-01-12 10:39:26,810 [pool-57-thread-1] INFO  server.RaftServerConfigKeys (ConfUtils.java:logGet(44)) - raft.server.log.statemachine.data.caching.enabled = false (default)
2021-01-12 10:39:26,811 [pool-57-thread-1] INFO  segmented.SegmentedRaftLogWorker (SegmentedRaftLogWorker.java:lambda$new$0(132)) - omNode-3@group-523986131536-SegmentedRaftLogWorker: flushIndex: setUnconditionally 0 -> -1
2021-01-12 10:39:26,813 [pool-57-thread-1] INFO  segmented.SegmentedRaftLogWorker (SegmentedRaftLogWorker.java:lambda$new$0(132)) - omNode-3@group-523986131536-SegmentedRaftLogWorker: safeCacheEvictIndex: setUnconditionally 0 -> -1
2021-01-12 10:39:26,817 [pool-57-thread-1] INFO  server.RaftServerConfigKeys (ConfUtils.java:logGet(44)) - raft.server.snapshot.auto.trigger.enabled = true (custom)
2021-01-12 10:39:26,817 [pool-57-thread-1] INFO  server.RaftServerConfigKeys (ConfUtils.java:logGet(44)) - raft.server.snapshot.auto.trigger.threshold = 50 (custom)
2021-01-12 10:39:26,818 [pool-57-thread-1] INFO  server.RaftServerConfigKeys (ConfUtils.java:logGet(44)) - raft.server.snapshot.retention.file.num = -1 (default)
2021-01-12 10:39:26,818 [pool-57-thread-1] INFO  server.RaftServerConfigKeys (ConfUtils.java:logGet(44)) - raft.server.log.purge.upto.snapshot.index = true (custom)
2021-01-12 10:39:26,818 [pool-57-thread-1] INFO  server.RaftServerConfigKeys (ConfUtils.java:logGet(44)) - raft.server.retrycache.expirytime = 300s (custom)
2021-01-12 10:39:26,818 [pool-57-thread-1] INFO  server.RaftServerConfigKeys (ConfUtils.java:logGet(44)) - raft.server.retrycache.statistics.expirytime = 100?s (default)
2021-01-12 10:39:26,818 [pool-57-thread-1] INFO  metrics.RatisMetrics (RatisMetrics.java:lambda$create$0(36)) - Creating Metrics Registry : ratis.leader_election.omNode-3@group-523986131536
2021-01-12 10:39:26,818 [pool-57-thread-1] INFO  metrics.RatisMetrics (RatisMetrics.java:lambda$create$0(36)) - Creating Metrics Registry : ratis.server.omNode-3@group-523986131536
2021-01-12 10:39:26,820 [Listener at 127.0.0.1/10732] INFO  ozone.MiniOzoneHAClusterImpl (MiniOzoneHAClusterImpl.java:createOMService(384)) - Intialized OzoneManager at localhost/127.0.0.1:10732. This OM is currently inactive (not running).
2021-01-12 10:39:26,960 [Listener at 127.0.0.1/10732] INFO  impl.MetricsSystemImpl (MetricsSystemImpl.java:init(158)) - HddsDatanode metrics system started (again)
2021-01-12 10:39:26,966 [Listener at 127.0.0.1/10732] INFO  ozone.HddsDatanodeService (HddsDatanodeService.java:start(215)) - HddsDatanodeService host:6ff8c8e3a8df ip:172.17.0.2
2021-01-12 10:39:27,081 [Listener at 127.0.0.1/10732] INFO  volume.HddsVolume (HddsVolume.java:<init>(176)) - Creating Volume: /github/workspace/mnt/ozone/hadoop-ozone/integration-test/target/test-dir/MiniOzoneClusterImpl-845f199f-e199-49cc-a013-e02be1563f77/datanode-0/data-0/containers/hdds of storage type : DISK and capacity : 9223372036854775807
2021-01-12 10:39:27,084 [Listener at 127.0.0.1/10732] INFO  volume.MutableVolumeSet (MutableVolumeSet.java:initializeVolumeSet(179)) - Added Volume : /github/workspace/mnt/ozone/hadoop-ozone/integration-test/target/test-dir/MiniOzoneClusterImpl-845f199f-e199-49cc-a013-e02be1563f77/datanode-0/data-0/containers/hdds to VolumeSet
2021-01-12 10:39:27,085 [Listener at 127.0.0.1/10732] INFO  volume.ThrottledAsyncChecker (ThrottledAsyncChecker.java:schedule(141)) - Scheduling a check for /github/workspace/mnt/ozone/hadoop-ozone/integration-test/target/test-dir/MiniOzoneClusterImpl-845f199f-e199-49cc-a013-e02be1563f77/datanode-0/data-0/containers/hdds
2021-01-12 10:39:27,104 [Listener at 127.0.0.1/10732] INFO  volume.HddsVolumeChecker (HddsVolumeChecker.java:checkAllVolumes(200)) - Scheduled health check for volume /github/workspace/mnt/ozone/hadoop-ozone/integration-test/target/test-dir/MiniOzoneClusterImpl-845f199f-e199-49cc-a013-e02be1563f77/datanode-0/data-0/containers/hdds
2021-01-12 10:39:27,123 [Thread-175] INFO  ozoneimpl.ContainerReader (ContainerReader.java:readVolume(123)) - Start to verify containers on volume /github/workspace/mnt/ozone/hadoop-ozone/integration-test/target/test-dir/MiniOzoneClusterImpl-845f199f-e199-49cc-a013-e02be1563f77/datanode-0/data-0/containers/hdds
2021-01-12 10:39:27,123 [Thread-175] INFO  ozoneimpl.ContainerReader (ContainerReader.java:readVolume(148)) - Finish verifying containers on volume /github/workspace/mnt/ozone/hadoop-ozone/integration-test/target/test-dir/MiniOzoneClusterImpl-845f199f-e199-49cc-a013-e02be1563f77/datanode-0/data-0/containers/hdds
2021-01-12 10:39:27,123 [Listener at 127.0.0.1/10732] INFO  ozoneimpl.OzoneContainer (OzoneContainer.java:buildContainerSet(206)) - Build ContainerSet costs 0s
2021-01-12 10:39:27,191 [Listener at 127.0.0.1/10732] INFO  server.RaftServer (ConfUtils.java:logGet(44)) - raft.rpc.type = GRPC (default)
2021-01-12 10:39:27,191 [Listener at 127.0.0.1/10732] INFO  grpc.GrpcFactory (GrpcFactory.java:checkPooledByteBufAllocatorUseCacheForAllThreads(48)) - PERFORMANCE WARNING: useCacheForAllThreads is true that may cause Netty to create a lot garbage objects and, as a result, trigger GC.
	It is recommended to disable useCacheForAllThreads by setting -Dorg.apache.ratis.thirdparty.io.netty.allocator.useCacheForAllThreads=false in command line.
2021-01-12 10:39:27,191 [Listener at 127.0.0.1/10732] INFO  grpc.GrpcConfigKeys (ConfUtils.java:logGet(44)) - raft.grpc.server.port = 0 (default)
2021-01-12 10:39:27,191 [Listener at 127.0.0.1/10732] INFO  server.GrpcService (ConfUtils.java:logGet(44)) - raft.grpc.message.size.max = 32MB (=33554432) (custom)
2021-01-12 10:39:27,191 [Listener at 127.0.0.1/10732] INFO  server.RaftServerConfigKeys (ConfUtils.java:logGet(44)) - raft.server.log.appender.buffer.byte-limit = 33554432 (custom)
2021-01-12 10:39:27,191 [Listener at 127.0.0.1/10732] INFO  server.GrpcService (ConfUtils.java:logGet(44)) - raft.grpc.flow.control.window = 5MB (=5242880) (custom)
2021-01-12 10:39:27,192 [Listener at 127.0.0.1/10732] INFO  server.RaftServerConfigKeys (ConfUtils.java:logGet(44)) - raft.server.rpc.request.timeout = 60s (custom)
2021-01-12 10:39:27,193 [Listener at 127.0.0.1/10732] INFO  impl.DataStreamServerImpl (ConfUtils.java:logGet(44)) - raft.datastream.type = DISABLED (default)
2021-01-12 10:39:27,194 [Listener at 127.0.0.1/10732] INFO  server.RaftServerConfigKeys (ConfUtils.java:logGet(44)) - raft.server.rpc.slowness.timeout = 300s (custom)
2021-01-12 10:39:27,194 [Listener at 127.0.0.1/10732] INFO  server.RaftServerConfigKeys (ConfUtils.java:logGet(44)) - raft.server.leaderelection.leader.step-down.wait-time = 10s (default)
2021-01-12 10:39:27,194 [Listener at 127.0.0.1/10732] INFO  server.RaftServerConfigKeys (ConfUtils.java:logGet(44)) - raft.server.storage.dir = [/github/workspace/mnt/ozone/hadoop-ozone/integration-test/target/test-dir/MiniOzoneClusterImpl-845f199f-e199-49cc-a013-e02be1563f77/datanode-0/data/ratis] (custom)
2021-01-12 10:39:27,278 [Listener at 127.0.0.1/10732] INFO  http.BaseHttpServer (BaseHttpServer.java:newHttpServer2BuilderForOzone(207)) - Starting Web-server for hddsDatanode at: http://0.0.0.0:0
2021-01-12 10:39:27,279 [Listener at 127.0.0.1/10732] INFO  http.BaseHttpServer (BaseHttpServer.java:<init>(106)) - Hadoop Security Enabled: false Ozone Security Enabled: false Ozone HTTP Security Enabled: false 
2021-01-12 10:39:27,281 [Listener at 127.0.0.1/10732] INFO  server.AuthenticationFilter (AuthenticationFilter.java:constructSecretProvider(240)) - Unable to initialize FileSignerSecretProvider, falling back to use random secrets.
2021-01-12 10:39:27,282 [Listener at 127.0.0.1/10732] WARN  http.HttpRequestLog (HttpRequestLog.java:getRequestLog(103)) - Jetty request log can only be enabled using Log4j
2021-01-12 10:39:27,283 [Listener at 127.0.0.1/10732] INFO  http.HttpServer2 (HttpServer2.java:addGlobalFilter(1020)) - Added global filter 'safety' (class=org.apache.hadoop.hdds.server.http.HttpServer2$QuotingInputFilter)
2021-01-12 10:39:27,284 [Listener at 127.0.0.1/10732] INFO  http.HttpServer2 (HttpServer2.java:addFilter(996)) - Added filter static_user_filter (class=org.apache.hadoop.http.lib.StaticUserWebFilter$StaticUserFilter) to context hddsDatanode
2021-01-12 10:39:27,284 [Listener at 127.0.0.1/10732] INFO  http.HttpServer2 (HttpServer2.java:addFilter(1004)) - Added filter static_user_filter (class=org.apache.hadoop.http.lib.StaticUserWebFilter$StaticUserFilter) to context static
2021-01-12 10:39:27,284 [Listener at 127.0.0.1/10732] INFO  http.HttpServer2 (HttpServer2.java:addFilter(1004)) - Added filter static_user_filter (class=org.apache.hadoop.http.lib.StaticUserWebFilter$StaticUserFilter) to context logs
2021-01-12 10:39:27,285 [Listener at 127.0.0.1/10732] INFO  http.HttpServer2 (HttpServer2.java:bindListener(1238)) - Jetty bound to port 44785
2021-01-12 10:39:27,285 [Listener at 127.0.0.1/10732] INFO  server.Server (Server.java:doStart(375)) - jetty-9.4.34.v20201102; built: 2020-11-02T14:15:39.302Z; git: e46af88704a893fc12cb0e3bf46e2c7b48a009e7; jvm 1.8.0_232-b09
2021-01-12 10:39:27,291 [Listener at 127.0.0.1/10732] INFO  server.session (DefaultSessionIdManager.java:doStart(334)) - DefaultSessionIdManager workerName=node0
2021-01-12 10:39:27,291 [Listener at 127.0.0.1/10732] INFO  server.session (DefaultSessionIdManager.java:doStart(339)) - No SessionScavenger set, using defaults
2021-01-12 10:39:27,291 [Listener at 127.0.0.1/10732] INFO  server.session (HouseKeeper.java:startScavenging(132)) - node0 Scavenging every 600000ms
2021-01-12 10:39:27,292 [Listener at 127.0.0.1/10732] INFO  handler.ContextHandler (ContextHandler.java:doStart(916)) - Started o.e.j.s.ServletContextHandler@fb1efeb{logs,/logs,file:///github/workspace/mnt/ozone/hadoop-ozone/integration-test/target/log,AVAILABLE}
2021-01-12 10:39:27,292 [Listener at 127.0.0.1/10732] INFO  handler.ContextHandler (ContextHandler.java:doStart(916)) - Started o.e.j.s.ServletContextHandler@4894a835{static,/static,jar:file:/home/user/.m2/repository/org/apache/hadoop/hadoop-hdds-container-service/1.1.0-SNAPSHOT/hadoop-hdds-container-service-1.1.0-SNAPSHOT.jar!/webapps/static,AVAILABLE}
2021-01-12 10:39:27,426 [Listener at 127.0.0.1/10732] INFO  handler.ContextHandler (ContextHandler.java:doStart(916)) - Started o.e.j.w.WebAppContext@51803eaa{hddsDatanode,/,file:///tmp/jetty-0_0_0_0-44785-hadoop-hdds-container-service-1_1_0-SNAPSHOT_jar-_-any-3865955585223301363/webapp/,AVAILABLE}{jar:file:/home/user/.m2/repository/org/apache/hadoop/hadoop-hdds-container-service/1.1.0-SNAPSHOT/hadoop-hdds-container-service-1.1.0-SNAPSHOT.jar!/webapps/hddsDatanode}
2021-01-12 10:39:27,427 [Listener at 127.0.0.1/10732] INFO  server.AbstractConnector (AbstractConnector.java:doStart(331)) - Started ServerConnector@6488301b{HTTP/1.1, (http/1.1)}{0.0.0.0:44785}
2021-01-12 10:39:27,427 [Listener at 127.0.0.1/10732] INFO  server.Server (Server.java:doStart(415)) - Started @10040ms
2021-01-12 10:39:27,427 [Listener at 127.0.0.1/10732] WARN  impl.MetricsSystemImpl (MetricsSystemImpl.java:register(276)) - Sink prometheus already exists!
2021-01-12 10:39:27,430 [Listener at 127.0.0.1/10732] INFO  http.BaseHttpServer (BaseHttpServer.java:updateConnectorAddress(327)) - HTTP server of hddsDatanode listening at http://0.0.0.0:44785
2021-01-12 10:39:27,435 [Listener at 127.0.0.1/10732] INFO  impl.MetricsSystemImpl (MetricsSystemImpl.java:init(158)) - HddsDatanode metrics system started (again)
2021-01-12 10:39:27,447 [Listener at 127.0.0.1/10732] INFO  ozone.HddsDatanodeService (HddsDatanodeService.java:start(215)) - HddsDatanodeService host:6ff8c8e3a8df ip:172.17.0.2
2021-01-12 10:39:27,450 [Listener at 127.0.0.1/10732] INFO  volume.HddsVolume (HddsVolume.java:<init>(176)) - Creating Volume: /github/workspace/mnt/ozone/hadoop-ozone/integration-test/target/test-dir/MiniOzoneClusterImpl-845f199f-e199-49cc-a013-e02be1563f77/datanode-1/data-0/containers/hdds of storage type : DISK and capacity : 9223372036854775807
2021-01-12 10:39:27,451 [Listener at 127.0.0.1/10732] INFO  volume.MutableVolumeSet (MutableVolumeSet.java:initializeVolumeSet(179)) - Added Volume : /github/workspace/mnt/ozone/hadoop-ozone/integration-test/target/test-dir/MiniOzoneClusterImpl-845f199f-e199-49cc-a013-e02be1563f77/datanode-1/data-0/containers/hdds to VolumeSet
2021-01-12 10:39:27,451 [Listener at 127.0.0.1/10732] INFO  volume.ThrottledAsyncChecker (ThrottledAsyncChecker.java:schedule(141)) - Scheduling a check for /github/workspace/mnt/ozone/hadoop-ozone/integration-test/target/test-dir/MiniOzoneClusterImpl-845f199f-e199-49cc-a013-e02be1563f77/datanode-1/data-0/containers/hdds
2021-01-12 10:39:27,451 [org.apache.hadoop.util.JvmPauseMonitor$Monitor@789448ef] INFO  util.JvmPauseMonitor (JvmPauseMonitor.java:run(188)) - Starting JVM pause monitor
2021-01-12 10:39:27,453 [Listener at 127.0.0.1/10732] INFO  volume.HddsVolumeChecker (HddsVolumeChecker.java:checkAllVolumes(200)) - Scheduled health check for volume /github/workspace/mnt/ozone/hadoop-ozone/integration-test/target/test-dir/MiniOzoneClusterImpl-845f199f-e199-49cc-a013-e02be1563f77/datanode-1/data-0/containers/hdds
2021-01-12 10:39:27,465 [Thread-99] INFO  impl.FollowerState (FollowerState.java:run(133)) - omNode-1@group-523986131536-FollowerState: change to CANDIDATE, lastRpcElapsedTime:1083918033ns, electionTimeout:1055ms
2021-01-12 10:39:27,469 [Thread-99] INFO  impl.RoleInfo (RoleInfo.java:shutdownFollowerState(108)) - omNode-1: shutdown omNode-1@group-523986131536-FollowerState
2021-01-12 10:39:27,470 [Thread-99] INFO  server.RaftServer$Division (RaftServerImpl.java:setRole(283)) - omNode-1@group-523986131536: changes role from  FOLLOWER to CANDIDATE at term 0 for changeToCandidate
2021-01-12 10:39:27,472 [Thread-99] INFO  impl.RoleInfo (RoleInfo.java:updateAndGet(130)) - omNode-1: start omNode-1@group-523986131536-LeaderElection1
2021-01-12 10:39:27,495 [omNode-1@group-523986131536-LeaderElection1] INFO  impl.LeaderElection (LeaderElection.java:askForPreVotes(259)) - omNode-1@group-523986131536-LeaderElection1: begin a pre-vote at term 0 for -1: [omNode-3|rpc:localhost:10736|priority:0, omNode-1|rpc:localhost:10724|priority:0, omNode-2|rpc:localhost:10730|priority:0], old=null
2021-01-12 10:39:27,496 [Thread-187] INFO  ozoneimpl.ContainerReader (ContainerReader.java:readVolume(123)) - Start to verify containers on volume /github/workspace/mnt/ozone/hadoop-ozone/integration-test/target/test-dir/MiniOzoneClusterImpl-845f199f-e199-49cc-a013-e02be1563f77/datanode-1/data-0/containers/hdds
2021-01-12 10:39:27,498 [Thread-187] INFO  ozoneimpl.ContainerReader (ContainerReader.java:readVolume(148)) - Finish verifying containers on volume /github/workspace/mnt/ozone/hadoop-ozone/integration-test/target/test-dir/MiniOzoneClusterImpl-845f199f-e199-49cc-a013-e02be1563f77/datanode-1/data-0/containers/hdds
2021-01-12 10:39:27,498 [Listener at 127.0.0.1/10732] INFO  ozoneimpl.OzoneContainer (OzoneContainer.java:buildContainerSet(206)) - Build ContainerSet costs 0s
2021-01-12 10:39:27,500 [Listener at 127.0.0.1/10732] INFO  server.RaftServer (ConfUtils.java:logGet(44)) - raft.rpc.type = GRPC (default)
2021-01-12 10:39:27,501 [Listener at 127.0.0.1/10732] INFO  grpc.GrpcFactory (GrpcFactory.java:checkPooledByteBufAllocatorUseCacheForAllThreads(48)) - PERFORMANCE WARNING: useCacheForAllThreads is true that may cause Netty to create a lot garbage objects and, as a result, trigger GC.
	It is recommended to disable useCacheForAllThreads by setting -Dorg.apache.ratis.thirdparty.io.netty.allocator.useCacheForAllThreads=false in command line.
2021-01-12 10:39:27,501 [Listener at 127.0.0.1/10732] INFO  grpc.GrpcConfigKeys (ConfUtils.java:logGet(44)) - raft.grpc.server.port = 0 (default)
2021-01-12 10:39:27,501 [Listener at 127.0.0.1/10732] INFO  server.GrpcService (ConfUtils.java:logGet(44)) - raft.grpc.message.size.max = 32MB (=33554432) (custom)
2021-01-12 10:39:27,501 [Listener at 127.0.0.1/10732] INFO  server.RaftServerConfigKeys (ConfUtils.java:logGet(44)) - raft.server.log.appender.buffer.byte-limit = 33554432 (custom)
2021-01-12 10:39:27,501 [Listener at 127.0.0.1/10732] INFO  server.GrpcService (ConfUtils.java:logGet(44)) - raft.grpc.flow.control.window = 5MB (=5242880) (custom)
2021-01-12 10:39:27,501 [Listener at 127.0.0.1/10732] INFO  server.RaftServerConfigKeys (ConfUtils.java:logGet(44)) - raft.server.rpc.request.timeout = 60s (custom)
2021-01-12 10:39:27,502 [Listener at 127.0.0.1/10732] INFO  impl.DataStreamServerImpl (ConfUtils.java:logGet(44)) - raft.datastream.type = DISABLED (default)
2021-01-12 10:39:27,509 [Listener at 127.0.0.1/10732] INFO  server.RaftServerConfigKeys (ConfUtils.java:logGet(44)) - raft.server.rpc.slowness.timeout = 300s (custom)
2021-01-12 10:39:27,510 [Listener at 127.0.0.1/10732] INFO  server.RaftServerConfigKeys (ConfUtils.java:logGet(44)) - raft.server.leaderelection.leader.step-down.wait-time = 10s (default)
2021-01-12 10:39:27,510 [Listener at 127.0.0.1/10732] INFO  server.RaftServerConfigKeys (ConfUtils.java:logGet(44)) - raft.server.storage.dir = [/github/workspace/mnt/ozone/hadoop-ozone/integration-test/target/test-dir/MiniOzoneClusterImpl-845f199f-e199-49cc-a013-e02be1563f77/datanode-1/data/ratis] (custom)
2021-01-12 10:39:27,519 [Listener at 127.0.0.1/10732] INFO  http.BaseHttpServer (BaseHttpServer.java:newHttpServer2BuilderForOzone(207)) - Starting Web-server for hddsDatanode at: http://0.0.0.0:0
2021-01-12 10:39:27,519 [Listener at 127.0.0.1/10732] INFO  http.BaseHttpServer (BaseHttpServer.java:<init>(106)) - Hadoop Security Enabled: false Ozone Security Enabled: false Ozone HTTP Security Enabled: false 
2021-01-12 10:39:27,520 [Listener at 127.0.0.1/10732] INFO  server.AuthenticationFilter (AuthenticationFilter.java:constructSecretProvider(240)) - Unable to initialize FileSignerSecretProvider, falling back to use random secrets.
2021-01-12 10:39:27,525 [Listener at 127.0.0.1/10732] WARN  http.HttpRequestLog (HttpRequestLog.java:getRequestLog(103)) - Jetty request log can only be enabled using Log4j
2021-01-12 10:39:27,526 [Listener at 127.0.0.1/10732] INFO  http.HttpServer2 (HttpServer2.java:addGlobalFilter(1020)) - Added global filter 'safety' (class=org.apache.hadoop.hdds.server.http.HttpServer2$QuotingInputFilter)
2021-01-12 10:39:27,527 [Listener at 127.0.0.1/10732] INFO  http.HttpServer2 (HttpServer2.java:addFilter(996)) - Added filter static_user_filter (class=org.apache.hadoop.http.lib.StaticUserWebFilter$StaticUserFilter) to context hddsDatanode
2021-01-12 10:39:27,527 [Listener at 127.0.0.1/10732] INFO  http.HttpServer2 (HttpServer2.java:addFilter(1004)) - Added filter static_user_filter (class=org.apache.hadoop.http.lib.StaticUserWebFilter$StaticUserFilter) to context logs
2021-01-12 10:39:27,527 [Listener at 127.0.0.1/10732] INFO  http.HttpServer2 (HttpServer2.java:addFilter(1004)) - Added filter static_user_filter (class=org.apache.hadoop.http.lib.StaticUserWebFilter$StaticUserFilter) to context static
2021-01-12 10:39:27,528 [Listener at 127.0.0.1/10732] INFO  http.HttpServer2 (HttpServer2.java:bindListener(1238)) - Jetty bound to port 45579
2021-01-12 10:39:27,528 [Listener at 127.0.0.1/10732] INFO  server.Server (Server.java:doStart(375)) - jetty-9.4.34.v20201102; built: 2020-11-02T14:15:39.302Z; git: e46af88704a893fc12cb0e3bf46e2c7b48a009e7; jvm 1.8.0_232-b09
2021-01-12 10:39:27,529 [Listener at 127.0.0.1/10732] INFO  server.session (DefaultSessionIdManager.java:doStart(334)) - DefaultSessionIdManager workerName=node0
2021-01-12 10:39:27,529 [Listener at 127.0.0.1/10732] INFO  server.session (DefaultSessionIdManager.java:doStart(339)) - No SessionScavenger set, using defaults
2021-01-12 10:39:27,529 [Listener at 127.0.0.1/10732] INFO  server.session (HouseKeeper.java:startScavenging(132)) - node0 Scavenging every 600000ms
2021-01-12 10:39:27,530 [Listener at 127.0.0.1/10732] INFO  handler.ContextHandler (ContextHandler.java:doStart(916)) - Started o.e.j.s.ServletContextHandler@57d11146{logs,/logs,file:///github/workspace/mnt/ozone/hadoop-ozone/integration-test/target/log,AVAILABLE}
2021-01-12 10:39:27,530 [Listener at 127.0.0.1/10732] INFO  handler.ContextHandler (ContextHandler.java:doStart(916)) - Started o.e.j.s.ServletContextHandler@4513b25f{static,/static,jar:file:/home/user/.m2/repository/org/apache/hadoop/hadoop-hdds-container-service/1.1.0-SNAPSHOT/hadoop-hdds-container-service-1.1.0-SNAPSHOT.jar!/webapps/static,AVAILABLE}
2021-01-12 10:39:27,620 [Datanode State Machine Task Thread - 0] INFO  datanode.InitDatanodeState (InitDatanodeState.java:persistContainerDatanodeDetails(145)) - DatanodeDetails is persisted to /github/workspace/mnt/ozone/hadoop-ozone/integration-test/target/test-dir/MiniOzoneClusterImpl-845f199f-e199-49cc-a013-e02be1563f77/datanode-0/meta/datanode.id
2021-01-12 10:39:27,720 [Thread-137] INFO  impl.FollowerState (FollowerState.java:run(133)) - omNode-2@group-523986131536-FollowerState: change to CANDIDATE, lastRpcElapsedTime:1098276967ns, electionTimeout:1088ms
2021-01-12 10:39:27,721 [Thread-137] INFO  impl.RoleInfo (RoleInfo.java:shutdownFollowerState(108)) - omNode-2: shutdown omNode-2@group-523986131536-FollowerState
2021-01-12 10:39:27,721 [Thread-137] INFO  server.RaftServer$Division (RaftServerImpl.java:setRole(283)) - omNode-2@group-523986131536: changes role from  FOLLOWER to CANDIDATE at term 0 for changeToCandidate
2021-01-12 10:39:27,722 [Thread-137] INFO  impl.RoleInfo (RoleInfo.java:updateAndGet(130)) - omNode-2: start omNode-2@group-523986131536-LeaderElection2
2021-01-12 10:39:27,768 [omNode-2@group-523986131536-LeaderElection2] INFO  impl.LeaderElection (LeaderElection.java:askForPreVotes(259)) - omNode-2@group-523986131536-LeaderElection2: begin a pre-vote at term 0 for -1: [omNode-3|rpc:localhost:10736|priority:0, omNode-1|rpc:localhost:10724|priority:0, omNode-2|rpc:localhost:10730|priority:0], old=null
2021-01-12 10:39:27,838 [Listener at 127.0.0.1/10732] INFO  handler.ContextHandler (ContextHandler.java:doStart(916)) - Started o.e.j.w.WebAppContext@5f6bc442{hddsDatanode,/,file:///tmp/jetty-0_0_0_0-45579-hadoop-hdds-container-service-1_1_0-SNAPSHOT_jar-_-any-67311671329996626/webapp/,AVAILABLE}{jar:file:/home/user/.m2/repository/org/apache/hadoop/hadoop-hdds-container-service/1.1.0-SNAPSHOT/hadoop-hdds-container-service-1.1.0-SNAPSHOT.jar!/webapps/hddsDatanode}
2021-01-12 10:39:27,844 [Listener at 127.0.0.1/10732] INFO  server.AbstractConnector (AbstractConnector.java:doStart(331)) - Started ServerConnector@39721175{HTTP/1.1, (http/1.1)}{0.0.0.0:45579}
2021-01-12 10:39:27,844 [Listener at 127.0.0.1/10732] INFO  server.Server (Server.java:doStart(415)) - Started @10457ms
2021-01-12 10:39:27,845 [Listener at 127.0.0.1/10732] WARN  impl.MetricsSystemImpl (MetricsSystemImpl.java:register(276)) - Sink prometheus already exists!
2021-01-12 10:39:27,854 [Listener at 127.0.0.1/10732] INFO  http.BaseHttpServer (BaseHttpServer.java:updateConnectorAddress(327)) - HTTP server of hddsDatanode listening at http://0.0.0.0:45579
2021-01-12 10:39:27,874 [Listener at 127.0.0.1/10732] INFO  impl.MetricsSystemImpl (MetricsSystemImpl.java:init(158)) - HddsDatanode metrics system started (again)
2021-01-12 10:39:27,897 [org.apache.hadoop.util.JvmPauseMonitor$Monitor@b28bb32] INFO  util.JvmPauseMonitor (JvmPauseMonitor.java:run(188)) - Starting JVM pause monitor
2021-01-12 10:39:27,903 [Listener at 127.0.0.1/10732] INFO  ozone.HddsDatanodeService (HddsDatanodeService.java:start(215)) - HddsDatanodeService host:6ff8c8e3a8df ip:172.17.0.2
2021-01-12 10:39:27,910 [Listener at 127.0.0.1/10732] INFO  volume.HddsVolume (HddsVolume.java:<init>(176)) - Creating Volume: /github/workspace/mnt/ozone/hadoop-ozone/integration-test/target/test-dir/MiniOzoneClusterImpl-845f199f-e199-49cc-a013-e02be1563f77/datanode-2/data-0/containers/hdds of storage type : DISK and capacity : 9223372036854775807
2021-01-12 10:39:27,910 [Listener at 127.0.0.1/10732] INFO  volume.MutableVolumeSet (MutableVolumeSet.java:initializeVolumeSet(179)) - Added Volume : /github/workspace/mnt/ozone/hadoop-ozone/integration-test/target/test-dir/MiniOzoneClusterImpl-845f199f-e199-49cc-a013-e02be1563f77/datanode-2/data-0/containers/hdds to VolumeSet
2021-01-12 10:39:27,910 [Listener at 127.0.0.1/10732] INFO  volume.ThrottledAsyncChecker (ThrottledAsyncChecker.java:schedule(141)) - Scheduling a check for /github/workspace/mnt/ozone/hadoop-ozone/integration-test/target/test-dir/MiniOzoneClusterImpl-845f199f-e199-49cc-a013-e02be1563f77/datanode-2/data-0/containers/hdds
2021-01-12 10:39:27,911 [Listener at 127.0.0.1/10732] INFO  volume.HddsVolumeChecker (HddsVolumeChecker.java:checkAllVolumes(200)) - Scheduled health check for volume /github/workspace/mnt/ozone/hadoop-ozone/integration-test/target/test-dir/MiniOzoneClusterImpl-845f199f-e199-49cc-a013-e02be1563f77/datanode-2/data-0/containers/hdds
2021-01-12 10:39:27,950 [Thread-203] INFO  ozoneimpl.ContainerReader (ContainerReader.java:readVolume(123)) - Start to verify containers on volume /github/workspace/mnt/ozone/hadoop-ozone/integration-test/target/test-dir/MiniOzoneClusterImpl-845f199f-e199-49cc-a013-e02be1563f77/datanode-2/data-0/containers/hdds
2021-01-12 10:39:27,956 [Thread-203] INFO  ozoneimpl.ContainerReader (ContainerReader.java:readVolume(148)) - Finish verifying containers on volume /github/workspace/mnt/ozone/hadoop-ozone/integration-test/target/test-dir/MiniOzoneClusterImpl-845f199f-e199-49cc-a013-e02be1563f77/datanode-2/data-0/containers/hdds
2021-01-12 10:39:27,956 [Listener at 127.0.0.1/10732] INFO  ozoneimpl.OzoneContainer (OzoneContainer.java:buildContainerSet(206)) - Build ContainerSet costs 0s
2021-01-12 10:39:27,958 [Listener at 127.0.0.1/10732] INFO  server.RaftServer (ConfUtils.java:logGet(44)) - raft.rpc.type = GRPC (default)
2021-01-12 10:39:27,959 [Listener at 127.0.0.1/10732] INFO  grpc.GrpcFactory (GrpcFactory.java:checkPooledByteBufAllocatorUseCacheForAllThreads(48)) - PERFORMANCE WARNING: useCacheForAllThreads is true that may cause Netty to create a lot garbage objects and, as a result, trigger GC.
	It is recommended to disable useCacheForAllThreads by setting -Dorg.apache.ratis.thirdparty.io.netty.allocator.useCacheForAllThreads=false in command line.
2021-01-12 10:39:27,959 [Listener at 127.0.0.1/10732] INFO  grpc.GrpcConfigKeys (ConfUtils.java:logGet(44)) - raft.grpc.server.port = 0 (default)
2021-01-12 10:39:27,959 [Listener at 127.0.0.1/10732] INFO  server.GrpcService (ConfUtils.java:logGet(44)) - raft.grpc.message.size.max = 32MB (=33554432) (custom)
2021-01-12 10:39:27,959 [Listener at 127.0.0.1/10732] INFO  server.RaftServerConfigKeys (ConfUtils.java:logGet(44)) - raft.server.log.appender.buffer.byte-limit = 33554432 (custom)
2021-01-12 10:39:27,959 [Listener at 127.0.0.1/10732] INFO  server.GrpcService (ConfUtils.java:logGet(44)) - raft.grpc.flow.control.window = 5MB (=5242880) (custom)
2021-01-12 10:39:27,959 [Listener at 127.0.0.1/10732] INFO  server.RaftServerConfigKeys (ConfUtils.java:logGet(44)) - raft.server.rpc.request.timeout = 60s (custom)
2021-01-12 10:39:27,960 [Listener at 127.0.0.1/10732] INFO  impl.DataStreamServerImpl (ConfUtils.java:logGet(44)) - raft.datastream.type = DISABLED (default)
2021-01-12 10:39:27,960 [Listener at 127.0.0.1/10732] INFO  server.RaftServerConfigKeys (ConfUtils.java:logGet(44)) - raft.server.rpc.slowness.timeout = 300s (custom)
2021-01-12 10:39:27,960 [Listener at 127.0.0.1/10732] INFO  server.RaftServerConfigKeys (ConfUtils.java:logGet(44)) - raft.server.leaderelection.leader.step-down.wait-time = 10s (default)
2021-01-12 10:39:27,960 [Listener at 127.0.0.1/10732] INFO  server.RaftServerConfigKeys (ConfUtils.java:logGet(44)) - raft.server.storage.dir = [/github/workspace/mnt/ozone/hadoop-ozone/integration-test/target/test-dir/MiniOzoneClusterImpl-845f199f-e199-49cc-a013-e02be1563f77/datanode-2/data/ratis] (custom)
2021-01-12 10:39:27,950 [Datanode State Machine Task Thread - 0] INFO  datanode.InitDatanodeState (InitDatanodeState.java:persistContainerDatanodeDetails(145)) - DatanodeDetails is persisted to /github/workspace/mnt/ozone/hadoop-ozone/integration-test/target/test-dir/MiniOzoneClusterImpl-845f199f-e199-49cc-a013-e02be1563f77/datanode-1/meta/datanode.id
2021-01-12 10:39:27,986 [Listener at 127.0.0.1/10732] INFO  http.BaseHttpServer (BaseHttpServer.java:newHttpServer2BuilderForOzone(207)) - Starting Web-server for hddsDatanode at: http://0.0.0.0:0
2021-01-12 10:39:27,986 [Listener at 127.0.0.1/10732] INFO  http.BaseHttpServer (BaseHttpServer.java:<init>(106)) - Hadoop Security Enabled: false Ozone Security Enabled: false Ozone HTTP Security Enabled: false 
2021-01-12 10:39:27,988 [Listener at 127.0.0.1/10732] INFO  server.AuthenticationFilter (AuthenticationFilter.java:constructSecretProvider(240)) - Unable to initialize FileSignerSecretProvider, falling back to use random secrets.
2021-01-12 10:39:27,997 [Listener at 127.0.0.1/10732] WARN  http.HttpRequestLog (HttpRequestLog.java:getRequestLog(103)) - Jetty request log can only be enabled using Log4j
2021-01-12 10:39:28,010 [Listener at 127.0.0.1/10732] INFO  http.HttpServer2 (HttpServer2.java:addGlobalFilter(1020)) - Added global filter 'safety' (class=org.apache.hadoop.hdds.server.http.HttpServer2$QuotingInputFilter)
2021-01-12 10:39:28,011 [Listener at 127.0.0.1/10732] INFO  http.HttpServer2 (HttpServer2.java:addFilter(996)) - Added filter static_user_filter (class=org.apache.hadoop.http.lib.StaticUserWebFilter$StaticUserFilter) to context hddsDatanode
2021-01-12 10:39:28,011 [Listener at 127.0.0.1/10732] INFO  http.HttpServer2 (HttpServer2.java:addFilter(1004)) - Added filter static_user_filter (class=org.apache.hadoop.http.lib.StaticUserWebFilter$StaticUserFilter) to context static
2021-01-12 10:39:28,011 [Listener at 127.0.0.1/10732] INFO  http.HttpServer2 (HttpServer2.java:addFilter(1004)) - Added filter static_user_filter (class=org.apache.hadoop.http.lib.StaticUserWebFilter$StaticUserFilter) to context logs
2021-01-12 10:39:28,011 [Listener at 127.0.0.1/10732] INFO  http.HttpServer2 (HttpServer2.java:bindListener(1238)) - Jetty bound to port 41679
2021-01-12 10:39:28,011 [Listener at 127.0.0.1/10732] INFO  server.Server (Server.java:doStart(375)) - jetty-9.4.34.v20201102; built: 2020-11-02T14:15:39.302Z; git: e46af88704a893fc12cb0e3bf46e2c7b48a009e7; jvm 1.8.0_232-b09
2021-01-12 10:39:28,019 [Listener at 127.0.0.1/10732] INFO  server.session (DefaultSessionIdManager.java:doStart(334)) - DefaultSessionIdManager workerName=node0
2021-01-12 10:39:28,020 [Listener at 127.0.0.1/10732] INFO  server.session (DefaultSessionIdManager.java:doStart(339)) - No SessionScavenger set, using defaults
2021-01-12 10:39:28,020 [Listener at 127.0.0.1/10732] INFO  server.session (HouseKeeper.java:startScavenging(132)) - node0 Scavenging every 660000ms
2021-01-12 10:39:28,020 [Listener at 127.0.0.1/10732] INFO  handler.ContextHandler (ContextHandler.java:doStart(916)) - Started o.e.j.s.ServletContextHandler@3e9de6b4{logs,/logs,file:///github/workspace/mnt/ozone/hadoop-ozone/integration-test/target/log,AVAILABLE}
2021-01-12 10:39:28,021 [Listener at 127.0.0.1/10732] INFO  handler.ContextHandler (ContextHandler.java:doStart(916)) - Started o.e.j.s.ServletContextHandler@5e2e2fbd{static,/static,jar:file:/home/user/.m2/repository/org/apache/hadoop/hadoop-hdds-container-service/1.1.0-SNAPSHOT/hadoop-hdds-container-service-1.1.0-SNAPSHOT.jar!/webapps/static,AVAILABLE}
2021-01-12 10:39:28,058 [omNode-1@group-523986131536-LeaderElection1] INFO  impl.LeaderElection (LogUtils.java:infoOrTrace(137)) - omNode-1@group-523986131536-LeaderElection1 got exception when requesting votes: java.util.concurrent.ExecutionException: org.apache.ratis.thirdparty.io.grpc.StatusRuntimeException: UNAVAILABLE: io exception
2021-01-12 10:39:28,058 [omNode-2@group-523986131536-LeaderElection2] INFO  impl.LeaderElection (LogUtils.java:infoOrTrace(137)) - omNode-2@group-523986131536-LeaderElection2 got exception when requesting votes: java.util.concurrent.ExecutionException: org.apache.ratis.thirdparty.io.grpc.StatusRuntimeException: UNAVAILABLE: io exception
2021-01-12 10:39:28,098 [grpc-default-executor-1] INFO  metrics.RatisMetrics (RatisMetrics.java:lambda$create$0(36)) - Creating Metrics Registry : ratis.server_message_metrics.omNode-2
2021-01-12 10:39:28,109 [grpc-default-executor-3] INFO  metrics.RatisMetrics (RatisMetrics.java:lambda$create$0(36)) - Creating Metrics Registry : ratis.server_message_metrics.omNode-1
2021-01-12 10:39:28,119 [grpc-default-executor-3] INFO  server.RaftServer$Division (RaftServerImpl.java:requestPreVote(1060)) - omNode-1@group-523986131536: receive preVote(omNode-2, group-523986131536, 0, (t:0, i:~))
2021-01-12 10:39:28,120 [grpc-default-executor-3] INFO  server.RaftServer$Division (RaftServerImpl.java:requestPreVote(1081)) - omNode-1@group-523986131536 role:CANDIDATE allow pre-vote from:omNode-2
2021-01-12 10:39:28,122 [grpc-default-executor-1] INFO  server.RaftServer$Division (RaftServerImpl.java:requestPreVote(1060)) - omNode-2@group-523986131536: receive preVote(omNode-1, group-523986131536, 0, (t:0, i:~))
2021-01-12 10:39:28,122 [grpc-default-executor-1] INFO  server.RaftServer$Division (RaftServerImpl.java:requestPreVote(1081)) - omNode-2@group-523986131536 role:CANDIDATE allow pre-vote from:omNode-1
2021-01-12 10:39:28,125 [grpc-default-executor-3] INFO  server.RaftServer$Division (RaftServerImpl.java:requestPreVote(1099)) - omNode-1@group-523986131536 replies to pre-vote request: omNode-2<-omNode-1#0:OK-t0. Peer's state: omNode-1@group-523986131536:t0, leader=null, voted=, raftlog=omNode-1@group-523986131536-SegmentedRaftLog:OPENED:c-1,f-1,i0, conf=-1: [omNode-3|rpc:localhost:10736|priority:0, omNode-1|rpc:localhost:10724|priority:0, omNode-2|rpc:localhost:10730|priority:0], old=null
2021-01-12 10:39:28,129 [grpc-default-executor-1] INFO  server.RaftServer$Division (RaftServerImpl.java:requestPreVote(1099)) - omNode-2@group-523986131536 replies to pre-vote request: omNode-1<-omNode-2#0:OK-t0. Peer's state: omNode-2@group-523986131536:t0, leader=null, voted=, raftlog=omNode-2@group-523986131536-SegmentedRaftLog:OPENED:c-1,f-1,i0, conf=-1: [omNode-3|rpc:localhost:10736|priority:0, omNode-1|rpc:localhost:10724|priority:0, omNode-2|rpc:localhost:10730|priority:0], old=null
2021-01-12 10:39:28,140 [omNode-2@group-523986131536-LeaderElection2] INFO  impl.LeaderElection (LeaderElection.java:logAndReturn(68)) - omNode-2@group-523986131536-LeaderElection2: Pre-vote  PASSED received 1 response(s):[omNode-2<-omNode-1#0:OK-t0]
2021-01-12 10:39:28,140 [omNode-1@group-523986131536-LeaderElection1] INFO  impl.LeaderElection (LeaderElection.java:logAndReturn(68)) - omNode-1@group-523986131536-LeaderElection1: Pre-vote  PASSED received 1 response(s):[omNode-1<-omNode-2#0:OK-t0]
2021-01-12 10:39:28,140 [omNode-2@group-523986131536-LeaderElection2] INFO  impl.LeaderElection (LogUtils.java:infoOrTrace(137)) -   Exception 0: java.util.concurrent.ExecutionException: org.apache.ratis.thirdparty.io.grpc.StatusRuntimeException: UNAVAILABLE: io exception
2021-01-12 10:39:28,140 [omNode-1@group-523986131536-LeaderElection1] INFO  impl.LeaderElection (LogUtils.java:infoOrTrace(137)) -   Exception 0: java.util.concurrent.ExecutionException: org.apache.ratis.thirdparty.io.grpc.StatusRuntimeException: UNAVAILABLE: io exception
2021-01-12 10:39:28,140 [omNode-1@group-523986131536-LeaderElection1] INFO  impl.LeaderElection (LeaderElection.java:askForPreVotes(261)) - omNode-1@group-523986131536-LeaderElection1 pre-vote result is PASSED.
2021-01-12 10:39:28,141 [omNode-2@group-523986131536-LeaderElection2] INFO  impl.LeaderElection (LeaderElection.java:askForPreVotes(261)) - omNode-2@group-523986131536-LeaderElection2 pre-vote result is PASSED.
2021-01-12 10:39:28,143 [omNode-2@group-523986131536-LeaderElection2] INFO  impl.LeaderElection (LeaderElection.java:askForVotes(308)) - omNode-2@group-523986131536-LeaderElection2: begin an election at term 1 for -1: [omNode-3|rpc:localhost:10736|priority:0, omNode-1|rpc:localhost:10724|priority:0, omNode-2|rpc:localhost:10730|priority:0], old=null
2021-01-12 10:39:28,143 [omNode-1@group-523986131536-LeaderElection1] INFO  impl.LeaderElection (LeaderElection.java:askForVotes(308)) - omNode-1@group-523986131536-LeaderElection1: begin an election at term 1 for -1: [omNode-3|rpc:localhost:10736|priority:0, omNode-1|rpc:localhost:10724|priority:0, omNode-2|rpc:localhost:10730|priority:0], old=null
2021-01-12 10:39:28,165 [omNode-2@group-523986131536-LeaderElection2] INFO  impl.LeaderElection (LogUtils.java:infoOrTrace(137)) - omNode-2@group-523986131536-LeaderElection2 got exception when requesting votes: java.util.concurrent.ExecutionException: org.apache.ratis.thirdparty.io.grpc.StatusRuntimeException: UNAVAILABLE: io exception
2021-01-12 10:39:28,174 [omNode-1@group-523986131536-LeaderElection1] INFO  impl.LeaderElection (LogUtils.java:infoOrTrace(137)) - omNode-1@group-523986131536-LeaderElection1 got exception when requesting votes: java.util.concurrent.ExecutionException: org.apache.ratis.thirdparty.io.grpc.StatusRuntimeException: UNAVAILABLE: io exception
2021-01-12 10:39:28,184 [omNode-1@group-523986131536-LeaderElection1] INFO  impl.LeaderElection (LeaderElection.java:logAndReturn(68)) - omNode-1@group-523986131536-LeaderElection1: Election  REJECTED received 1 response(s):[omNode-1<-omNode-2#0:FAIL-t1]
2021-01-12 10:39:28,184 [omNode-1@group-523986131536-LeaderElection1] INFO  impl.LeaderElection (LogUtils.java:infoOrTrace(137)) -   Exception 0: java.util.concurrent.ExecutionException: org.apache.ratis.thirdparty.io.grpc.StatusRuntimeException: UNAVAILABLE: io exception
2021-01-12 10:39:28,184 [omNode-2@group-523986131536-LeaderElection2] INFO  impl.LeaderElection (LeaderElection.java:logAndReturn(68)) - omNode-2@group-523986131536-LeaderElection2: Election  REJECTED received 1 response(s):[omNode-2<-omNode-1#0:FAIL-t1]
2021-01-12 10:39:28,185 [omNode-2@group-523986131536-LeaderElection2] INFO  impl.LeaderElection (LogUtils.java:infoOrTrace(137)) -   Exception 0: java.util.concurrent.ExecutionException: org.apache.ratis.thirdparty.io.grpc.StatusRuntimeException: UNAVAILABLE: io exception
2021-01-12 10:39:28,185 [omNode-2@group-523986131536-LeaderElection2] INFO  server.RaftServer$Division (RaftServerImpl.java:setRole(283)) - omNode-2@group-523986131536: changes role from CANDIDATE to FOLLOWER at term 1 for DISCOVERED_A_NEW_TERM
2021-01-12 10:39:28,189 [omNode-2@group-523986131536-LeaderElection2] INFO  impl.RoleInfo (RoleInfo.java:shutdownLeaderElection(121)) - omNode-2: shutdown omNode-2@group-523986131536-LeaderElection2
2021-01-12 10:39:28,189 [omNode-2@group-523986131536-LeaderElection2] INFO  impl.RoleInfo (RoleInfo.java:updateAndGet(130)) - omNode-2: start omNode-2@group-523986131536-FollowerState
2021-01-12 10:39:28,185 [omNode-1@group-523986131536-LeaderElection1] INFO  server.RaftServer$Division (RaftServerImpl.java:setRole(283)) - omNode-1@group-523986131536: changes role from CANDIDATE to FOLLOWER at term 1 for DISCOVERED_A_NEW_TERM
2021-01-12 10:39:28,190 [omNode-1@group-523986131536-LeaderElection1] INFO  impl.RoleInfo (RoleInfo.java:shutdownLeaderElection(121)) - omNode-1: shutdown omNode-1@group-523986131536-LeaderElection1
2021-01-12 10:39:28,194 [omNode-1@group-523986131536-LeaderElection1] INFO  impl.RoleInfo (RoleInfo.java:updateAndGet(130)) - omNode-1: start omNode-1@group-523986131536-FollowerState
2021-01-12 10:39:28,242 [Listener at 127.0.0.1/10732] INFO  handler.ContextHandler (ContextHandler.java:doStart(916)) - Started o.e.j.w.WebAppContext@43794d84{hddsDatanode,/,file:///tmp/jetty-0_0_0_0-41679-hadoop-hdds-container-service-1_1_0-SNAPSHOT_jar-_-any-4977113008997692112/webapp/,AVAILABLE}{jar:file:/home/user/.m2/repository/org/apache/hadoop/hadoop-hdds-container-service/1.1.0-SNAPSHOT/hadoop-hdds-container-service-1.1.0-SNAPSHOT.jar!/webapps/hddsDatanode}
2021-01-12 10:39:28,243 [Listener at 127.0.0.1/10732] INFO  server.AbstractConnector (AbstractConnector.java:doStart(331)) - Started ServerConnector@d10ce4d{HTTP/1.1, (http/1.1)}{0.0.0.0:41679}
2021-01-12 10:39:28,243 [Listener at 127.0.0.1/10732] INFO  server.Server (Server.java:doStart(415)) - Started @10856ms
2021-01-12 10:39:28,243 [Listener at 127.0.0.1/10732] WARN  impl.MetricsSystemImpl (MetricsSystemImpl.java:register(276)) - Sink prometheus already exists!
2021-01-12 10:39:28,246 [Listener at 127.0.0.1/10732] INFO  http.BaseHttpServer (BaseHttpServer.java:updateConnectorAddress(327)) - HTTP server of hddsDatanode listening at http://0.0.0.0:41679
2021-01-12 10:39:28,247 [Listener at 127.0.0.1/10732] INFO  ozone.MiniOzoneClusterImpl (MiniOzoneClusterImpl.java:lambda$waitForClusterToBeReady$0(179)) - Waiting for nodes to be ready. Got 0 of 3 DN Heartbeats.
2021-01-12 10:39:28,247 [Listener at 127.0.0.1/10732] INFO  ozone.MiniOzoneClusterImpl (MiniOzoneClusterImpl.java:lambda$waitForClusterToBeReady$0(182)) - Waiting for cluster to exit safe mode
2021-01-12 10:39:28,257 [org.apache.hadoop.util.JvmPauseMonitor$Monitor@36ab687] INFO  util.JvmPauseMonitor (JvmPauseMonitor.java:run(188)) - Starting JVM pause monitor
2021-01-12 10:39:28,259 [Datanode State Machine Task Thread - 0] INFO  datanode.InitDatanodeState (InitDatanodeState.java:persistContainerDatanodeDetails(145)) - DatanodeDetails is persisted to /github/workspace/mnt/ozone/hadoop-ozone/integration-test/target/test-dir/MiniOzoneClusterImpl-845f199f-e199-49cc-a013-e02be1563f77/datanode-2/meta/datanode.id
2021-01-12 10:39:29,248 [Listener at 127.0.0.1/10732] INFO  ozone.MiniOzoneClusterImpl (MiniOzoneClusterImpl.java:lambda$waitForClusterToBeReady$0(179)) - Waiting for nodes to be ready. Got 0 of 3 DN Heartbeats.
2021-01-12 10:39:29,248 [Listener at 127.0.0.1/10732] INFO  ozone.MiniOzoneClusterImpl (MiniOzoneClusterImpl.java:lambda$waitForClusterToBeReady$0(182)) - Waiting for cluster to exit safe mode
2021-01-12 10:39:29,357 [Thread-216] INFO  impl.FollowerState (FollowerState.java:run(133)) - omNode-2@group-523986131536-FollowerState: change to CANDIDATE, lastRpcElapsedTime:1167590729ns, electionTimeout:1159ms
2021-01-12 10:39:29,357 [Thread-216] INFO  impl.RoleInfo (RoleInfo.java:shutdownFollowerState(108)) - omNode-2: shutdown omNode-2@group-523986131536-FollowerState
2021-01-12 10:39:29,357 [Thread-216] INFO  server.RaftServer$Division (RaftServerImpl.java:setRole(283)) - omNode-2@group-523986131536: changes role from  FOLLOWER to CANDIDATE at term 1 for changeToCandidate
2021-01-12 10:39:29,369 [Thread-216] INFO  impl.RoleInfo (RoleInfo.java:updateAndGet(130)) - omNode-2: start omNode-2@group-523986131536-LeaderElection3
2021-01-12 10:39:29,378 [omNode-2@group-523986131536-LeaderElection3] INFO  impl.LeaderElection (LeaderElection.java:askForPreVotes(259)) - omNode-2@group-523986131536-LeaderElection3: begin a pre-vote at term 1 for -1: [omNode-3|rpc:localhost:10736|priority:0, omNode-1|rpc:localhost:10724|priority:0, omNode-2|rpc:localhost:10730|priority:0], old=null
2021-01-12 10:39:29,381 [omNode-2@group-523986131536-LeaderElection3] INFO  impl.LeaderElection (LogUtils.java:infoOrTrace(137)) - omNode-2@group-523986131536-LeaderElection3 got exception when requesting votes: java.util.concurrent.ExecutionException: org.apache.ratis.thirdparty.io.grpc.StatusRuntimeException: UNAVAILABLE: io exception
2021-01-12 10:39:29,383 [Thread-217] INFO  impl.FollowerState (FollowerState.java:run(133)) - omNode-1@group-523986131536-FollowerState: change to CANDIDATE, lastRpcElapsedTime:1189093879ns, electionTimeout:1177ms
2021-01-12 10:39:29,383 [Thread-217] INFO  impl.RoleInfo (RoleInfo.java:shutdownFollowerState(108)) - omNode-1: shutdown omNode-1@group-523986131536-FollowerState
2021-01-12 10:39:29,383 [Thread-217] INFO  server.RaftServer$Division (RaftServerImpl.java:setRole(283)) - omNode-1@group-523986131536: changes role from  FOLLOWER to CANDIDATE at term 1 for changeToCandidate
2021-01-12 10:39:29,383 [Thread-217] INFO  impl.RoleInfo (RoleInfo.java:updateAndGet(130)) - omNode-1: start omNode-1@group-523986131536-LeaderElection4
2021-01-12 10:39:29,389 [omNode-1@group-523986131536-LeaderElection4] INFO  impl.LeaderElection (LeaderElection.java:askForPreVotes(259)) - omNode-1@group-523986131536-LeaderElection4: begin a pre-vote at term 1 for -1: [omNode-3|rpc:localhost:10736|priority:0, omNode-1|rpc:localhost:10724|priority:0, omNode-2|rpc:localhost:10730|priority:0], old=null
2021-01-12 10:39:29,392 [grpc-default-executor-1] INFO  server.RaftServer$Division (RaftServerImpl.java:requestPreVote(1060)) - omNode-1@group-523986131536: receive preVote(omNode-2, group-523986131536, 1, (t:0, i:~))
2021-01-12 10:39:29,392 [grpc-default-executor-1] INFO  server.RaftServer$Division (RaftServerImpl.java:requestPreVote(1081)) - omNode-1@group-523986131536 role:CANDIDATE allow pre-vote from:omNode-2
2021-01-12 10:39:29,392 [grpc-default-executor-1] INFO  server.RaftServer$Division (RaftServerImpl.java:requestPreVote(1099)) - omNode-1@group-523986131536 replies to pre-vote request: omNode-2<-omNode-1#0:OK-t1. Peer's state: omNode-1@group-523986131536:t1, leader=null, voted=omNode-1, raftlog=omNode-1@group-523986131536-SegmentedRaftLog:OPENED:c-1,f-1,i0, conf=-1: [omNode-3|rpc:localhost:10736|priority:0, omNode-1|rpc:localhost:10724|priority:0, omNode-2|rpc:localhost:10730|priority:0], old=null
2021-01-12 10:39:29,394 [omNode-2@group-523986131536-LeaderElection3] INFO  impl.LeaderElection (LeaderElection.java:logAndReturn(68)) - omNode-2@group-523986131536-LeaderElection3: Pre-vote  PASSED received 1 response(s):[omNode-2<-omNode-1#0:OK-t1]
2021-01-12 10:39:29,394 [omNode-2@group-523986131536-LeaderElection3] INFO  impl.LeaderElection (LogUtils.java:infoOrTrace(137)) -   Exception 0: java.util.concurrent.ExecutionException: org.apache.ratis.thirdparty.io.grpc.StatusRuntimeException: UNAVAILABLE: io exception
2021-01-12 10:39:29,394 [omNode-2@group-523986131536-LeaderElection3] INFO  impl.LeaderElection (LeaderElection.java:askForPreVotes(261)) - omNode-2@group-523986131536-LeaderElection3 pre-vote result is PASSED.
2021-01-12 10:39:29,397 [omNode-2@group-523986131536-LeaderElection3] INFO  impl.LeaderElection (LeaderElection.java:askForVotes(308)) - omNode-2@group-523986131536-LeaderElection3: begin an election at term 2 for -1: [omNode-3|rpc:localhost:10736|priority:0, omNode-1|rpc:localhost:10724|priority:0, omNode-2|rpc:localhost:10730|priority:0], old=null
2021-01-12 10:39:29,399 [omNode-2@group-523986131536-LeaderElection3] INFO  impl.LeaderElection (LogUtils.java:infoOrTrace(137)) - omNode-2@group-523986131536-LeaderElection3 got exception when requesting votes: java.util.concurrent.ExecutionException: org.apache.ratis.thirdparty.io.grpc.StatusRuntimeException: UNAVAILABLE: io exception
2021-01-12 10:39:29,402 [omNode-1@group-523986131536-LeaderElection4] INFO  impl.LeaderElection (LogUtils.java:infoOrTrace(137)) - omNode-1@group-523986131536-LeaderElection4 got exception when requesting votes: java.util.concurrent.ExecutionException: org.apache.ratis.thirdparty.io.grpc.StatusRuntimeException: UNAVAILABLE: io exception
2021-01-12 10:39:29,404 [grpc-default-executor-1] INFO  server.RaftServer$Division (RaftServerImpl.java:requestPreVote(1060)) - omNode-2@group-523986131536: receive preVote(omNode-1, group-523986131536, 1, (t:0, i:~))
2021-01-12 10:39:29,404 [grpc-default-executor-1] INFO  server.RaftServer$Division (RaftServerImpl.java:requestPreVote(1081)) - omNode-2@group-523986131536 role:CANDIDATE allow pre-vote from:omNode-1
2021-01-12 10:39:29,404 [grpc-default-executor-1] INFO  server.RaftServer$Division (RaftServerImpl.java:requestPreVote(1099)) - omNode-2@group-523986131536 replies to pre-vote request: omNode-1<-omNode-2#0:OK-t2. Peer's state: omNode-2@group-523986131536:t2, leader=null, voted=omNode-2, raftlog=omNode-2@group-523986131536-SegmentedRaftLog:OPENED:c-1,f-1,i0, conf=-1: [omNode-3|rpc:localhost:10736|priority:0, omNode-1|rpc:localhost:10724|priority:0, omNode-2|rpc:localhost:10730|priority:0], old=null
2021-01-12 10:39:29,408 [grpc-default-executor-1] INFO  server.RaftServer$Division (RaftServerImpl.java:setRole(283)) - omNode-1@group-523986131536: changes role from CANDIDATE to FOLLOWER at term 2 for recognizeCandidate:omNode-2
2021-01-12 10:39:29,408 [grpc-default-executor-1] INFO  impl.RoleInfo (RoleInfo.java:shutdownLeaderElection(121)) - omNode-1: shutdown omNode-1@group-523986131536-LeaderElection4
2021-01-12 10:39:29,408 [grpc-default-executor-1] INFO  impl.RoleInfo (RoleInfo.java:updateAndGet(130)) - omNode-1: start omNode-1@group-523986131536-FollowerState
2021-01-12 10:39:29,408 [grpc-default-executor-1] INFO  server.RaftServer$Division (RaftServerImpl.java:requestVote(1137)) -  FOLLOWER omNode-1@group-523986131536:t2, leader=null, voted=null, raftlog=omNode-1@group-523986131536-SegmentedRaftLog:OPENED:c-1,f-1,i0, conf=-1: [omNode-3|rpc:localhost:10736|priority:0, omNode-1|rpc:localhost:10724|priority:0, omNode-2|rpc:localhost:10730|priority:0], old=null RUNNING priority:0 candidate:omNode-2|rpc:localhost:10730|priority:0 candidatePriority:0 compare:0
2021-01-12 10:39:29,408 [omNode-1@group-523986131536-LeaderElection4] INFO  impl.LeaderElection (LeaderElection.java:logAndReturn(68)) - omNode-1@group-523986131536-LeaderElection4: Pre-vote  PASSED received 1 response(s):[omNode-1<-omNode-2#0:OK-t2]
2021-01-12 10:39:29,408 [omNode-1@group-523986131536-LeaderElection4] INFO  impl.LeaderElection (LogUtils.java:infoOrTrace(137)) -   Exception 0: java.util.concurrent.ExecutionException: org.apache.ratis.thirdparty.io.grpc.StatusRuntimeException: UNAVAILABLE: io exception
2021-01-12 10:39:29,408 [omNode-1@group-523986131536-LeaderElection4] INFO  impl.LeaderElection (LeaderElection.java:askForPreVotes(261)) - omNode-1@group-523986131536-LeaderElection4 pre-vote result is PASSED.
2021-01-12 10:39:29,418 [omNode-2@group-523986131536-LeaderElection3] INFO  impl.LeaderElection (LeaderElection.java:logAndReturn(68)) - omNode-2@group-523986131536-LeaderElection3: Election  PASSED received 1 response(s):[omNode-2<-omNode-1#0:OK-t2]
2021-01-12 10:39:29,419 [omNode-2@group-523986131536-LeaderElection3] INFO  impl.LeaderElection (LogUtils.java:infoOrTrace(137)) -   Exception 0: java.util.concurrent.ExecutionException: org.apache.ratis.thirdparty.io.grpc.StatusRuntimeException: UNAVAILABLE: io exception
2021-01-12 10:39:29,419 [omNode-2@group-523986131536-LeaderElection3] INFO  impl.RoleInfo (RoleInfo.java:shutdownLeaderElection(121)) - omNode-2: shutdown omNode-2@group-523986131536-LeaderElection3
2021-01-12 10:39:29,419 [omNode-2@group-523986131536-LeaderElection3] INFO  server.RaftServer$Division (RaftServerImpl.java:setRole(283)) - omNode-2@group-523986131536: changes role from CANDIDATE to LEADER at term 2 for changeToLeader
2021-01-12 10:39:29,419 [omNode-2@group-523986131536-LeaderElection3] INFO  server.RaftServer$Division (ServerState.java:setLeader(249)) - omNode-2@group-523986131536: change Leader from null to omNode-2 at term 2 for becomeLeader, leader elected after 2812ms
2021-01-12 10:39:29,424 [omNode-2@group-523986131536-LeaderElection3] INFO  server.RaftServerConfigKeys (ConfUtils.java:logGet(44)) - raft.server.staging.catchup.gap = 1000 (default)
2021-01-12 10:39:29,431 [omNode-2@group-523986131536-LeaderElection3] INFO  metrics.RatisMetrics (RatisMetrics.java:lambda$create$0(36)) - Creating Metrics Registry : ratis.log_appender.omNode-2@group-523986131536
2021-01-12 10:39:29,432 [omNode-2@group-523986131536-LeaderElection3] INFO  server.RaftServerConfigKeys (ConfUtils.java:logGet(44)) - raft.server.write.element-limit = 4096 (default)
2021-01-12 10:39:29,432 [omNode-2@group-523986131536-LeaderElection3] INFO  server.RaftServerConfigKeys (ConfUtils.java:logGet(44)) - raft.server.write.byte-limit = 64MB (=67108864) (default)
2021-01-12 10:39:29,437 [omNode-2@group-523986131536-LeaderElection3] INFO  server.RaftServerConfigKeys (ConfUtils.java:logGet(44)) - raft.server.watch.timeout = 10s (default)
2021-01-12 10:39:29,437 [omNode-2@group-523986131536-LeaderElection3] INFO  server.RaftServerConfigKeys (ConfUtils.java:logGet(44)) - raft.server.watch.timeout.denomination = 1s (default)
2021-01-12 10:39:29,437 [omNode-2@group-523986131536-LeaderElection3] INFO  server.RaftServerConfigKeys (ConfUtils.java:logGet(44)) - raft.server.watch.element-limit = 65536 (default)
2021-01-12 10:39:29,445 [omNode-2@group-523986131536-LeaderElection3] INFO  server.RaftServerConfigKeys (ConfUtils.java:logGet(44)) - raft.server.log.appender.snapshot.chunk.size.max = 16MB (=16777216) (default)
2021-01-12 10:39:29,445 [omNode-2@group-523986131536-LeaderElection3] INFO  server.RaftServerConfigKeys (ConfUtils.java:logGet(44)) - raft.server.log.appender.buffer.byte-limit = 33554432 (custom)
2021-01-12 10:39:29,446 [omNode-2@group-523986131536-LeaderElection3] INFO  server.RaftServerConfigKeys (ConfUtils.java:logGet(44)) - raft.server.log.appender.buffer.element-limit = 1024 (custom)
2021-01-12 10:39:29,447 [omNode-2@group-523986131536-LeaderElection3] INFO  grpc.GrpcConfigKeys (ConfUtils.java:logGet(44)) - raft.grpc.server.leader.outstanding.appends.max = 128 (default)
2021-01-12 10:39:29,448 [omNode-2@group-523986131536-LeaderElection3] INFO  server.RaftServerConfigKeys (ConfUtils.java:logGet(44)) - raft.server.rpc.request.timeout = 3000ms (default)
2021-01-12 10:39:29,448 [omNode-2@group-523986131536-LeaderElection3] INFO  server.RaftServerConfigKeys (ConfUtils.java:logGet(44)) - raft.server.log.appender.install.snapshot.enabled = false (custom)
2021-01-12 10:39:29,449 [omNode-2@group-523986131536-LeaderElection3] INFO  metrics.RatisMetrics (RatisMetrics.java:lambda$create$0(36)) - Creating Metrics Registry : ratis_grpc.log_appender.omNode-2@group-523986131536
2021-01-12 10:39:29,452 [omNode-2@group-523986131536-LeaderElection3] INFO  server.RaftServerConfigKeys (ConfUtils.java:logGet(44)) - raft.server.log.appender.snapshot.chunk.size.max = 16MB (=16777216) (default)
2021-01-12 10:39:29,452 [omNode-2@group-523986131536-LeaderElection3] INFO  server.RaftServerConfigKeys (ConfUtils.java:logGet(44)) - raft.server.log.appender.buffer.byte-limit = 33554432 (custom)
2021-01-12 10:39:29,452 [omNode-2@group-523986131536-LeaderElection3] INFO  server.RaftServerConfigKeys (ConfUtils.java:logGet(44)) - raft.server.log.appender.buffer.element-limit = 1024 (custom)
2021-01-12 10:39:29,452 [omNode-2@group-523986131536-LeaderElection3] INFO  grpc.GrpcConfigKeys (ConfUtils.java:logGet(44)) - raft.grpc.server.leader.outstanding.appends.max = 128 (default)
2021-01-12 10:39:29,452 [omNode-2@group-523986131536-LeaderElection3] INFO  server.RaftServerConfigKeys (ConfUtils.java:logGet(44)) - raft.server.rpc.request.timeout = 3000ms (default)
2021-01-12 10:39:29,452 [omNode-2@group-523986131536-LeaderElection3] INFO  server.RaftServerConfigKeys (ConfUtils.java:logGet(44)) - raft.server.log.appender.install.snapshot.enabled = false (custom)
2021-01-12 10:39:29,454 [omNode-2@group-523986131536-LeaderElection3] INFO  impl.RoleInfo (RoleInfo.java:updateAndGet(130)) - omNode-2: start omNode-2@group-523986131536-LeaderStateImpl
2021-01-12 10:39:29,466 [omNode-2@group-523986131536-LeaderElection3] INFO  segmented.SegmentedRaftLogWorker (SegmentedRaftLogWorker.java:startLogSegment(392)) - omNode-2@group-523986131536-SegmentedRaftLogWorker: Starting segment from index:0
2021-01-12 10:39:29,511 [omNode-2@group-523986131536-LeaderElection3] INFO  server.RaftServer$Division (ServerState.java:setRaftConf(368)) - omNode-2@group-523986131536: set configuration 0: [omNode-3|rpc:localhost:10736|dataStream:|priority:0, omNode-1|rpc:localhost:10724|dataStream:|priority:0, omNode-2|rpc:localhost:10730|dataStream:|priority:0], old=null
2021-01-12 10:39:29,519 [grpc-default-executor-1] WARN  server.GrpcLogAppender (LogUtils.java:warn(122)) - omNode-2@group-523986131536->omNode-3-AppendLogResponseHandler: Failed appendEntries: org.apache.ratis.thirdparty.io.grpc.StatusRuntimeException: UNAVAILABLE: io exception
2021-01-12 10:39:29,529 [grpc-default-executor-1] WARN  server.GrpcLogAppender (GrpcLogAppender.java:resetClient(111)) - omNode-2@group-523986131536->omNode-3-GrpcLogAppender: Leader has not got in touch with Follower omNode-2@group-523986131536->omNode-3(c-1,m0,n0, attendVote=true, lastRpcSendTime=1288, lastRpcResponseTime=1288) yet, just keep nextIndex unchanged and retry.
2021-01-12 10:39:29,554 [grpc-default-executor-1] INFO  server.RaftServer$Division (ServerState.java:setLeader(249)) - omNode-1@group-523986131536: change Leader from null to omNode-2 at term 2 for appendEntries, leader elected after 3274ms
2021-01-12 10:39:29,558 [grpc-default-executor-3] WARN  server.GrpcLogAppender (LogUtils.java:warn(122)) - omNode-2@group-523986131536->omNode-3-AppendLogResponseHandler: Failed appendEntries: org.apache.ratis.thirdparty.io.grpc.StatusRuntimeException: UNAVAILABLE: io exception
2021-01-12 10:39:29,566 [grpc-default-executor-3] WARN  server.GrpcLogAppender (GrpcLogAppender.java:resetClient(111)) - omNode-2@group-523986131536->omNode-3-GrpcLogAppender: Leader has not got in touch with Follower omNode-2@group-523986131536->omNode-3(c-1,m0,n1, attendVote=true, lastRpcSendTime=8, lastRpcResponseTime=1326) yet, just keep nextIndex unchanged and retry.
2021-01-12 10:39:29,726 [grpc-default-executor-1] INFO  server.RaftServer$Division (ServerState.java:setRaftConf(368)) - omNode-1@group-523986131536: set configuration 0: [omNode-3|rpc:localhost:10736|dataStream:|priority:0, omNode-1|rpc:localhost:10724|dataStream:|priority:0, omNode-2|rpc:localhost:10730|dataStream:|priority:0], old=null
2021-01-12 10:39:29,726 [grpc-default-executor-1] INFO  segmented.SegmentedRaftLogWorker (SegmentedRaftLogWorker.java:startLogSegment(392)) - omNode-1@group-523986131536-SegmentedRaftLogWorker: Starting segment from index:0
2021-01-12 10:39:29,745 [EndpointStateMachine task thread for /0.0.0.0:39639 - 0 ] INFO  ozoneimpl.OzoneContainer (OzoneContainer.java:start(255)) - Attempting to start container services.
2021-01-12 10:39:29,747 [EndpointStateMachine task thread for /0.0.0.0:39639 - 0 ] INFO  ozoneimpl.OzoneContainer (OzoneContainer.java:startContainerScrub(219)) - Background container scanner has been disabled.
2021-01-12 10:39:29,749 [EndpointStateMachine task thread for /0.0.0.0:39639 - 0 ] INFO  replication.ReplicationServer (ReplicationServer.java:start(111)) - ReplicationServer is started using port 41371
2021-01-12 10:39:29,750 [EndpointStateMachine task thread for /0.0.0.0:39639 - 0 ] INFO  ratis.XceiverServerRatis (XceiverServerRatis.java:start(455)) - Starting XceiverServerRatis 188a3981-abf6-489f-b30f-6e133fbbe68f at port 0
2021-01-12 10:39:29,751 [EndpointStateMachine task thread for /0.0.0.0:39639 - 0 ] INFO  server.RaftServer (RaftServerProxy.java:lambda$start$5(372)) - 188a3981-abf6-489f-b30f-6e133fbbe68f: start RPC server
2021-01-12 10:39:29,755 [EndpointStateMachine task thread for /0.0.0.0:39639 - 0 ] INFO  server.GrpcService (GrpcService.java:startImpl(176)) - 188a3981-abf6-489f-b30f-6e133fbbe68f: GrpcService started, listening on 0.0.0.0/0.0.0.0:42803
2021-01-12 10:39:29,764 [EndpointStateMachine task thread for /0.0.0.0:39639 - 0 ] INFO  ratis.XceiverServerRatis (XceiverServerRatis.java:start(467)) - XceiverServerRatis 188a3981-abf6-489f-b30f-6e133fbbe68f is started using port 42803
2021-01-12 10:39:29,766 [EndpointStateMachine task thread for /0.0.0.0:39639 - 0 ] INFO  server.XceiverServerGrpc (XceiverServerGrpc.java:start(139)) - XceiverServerGrpc 188a3981-abf6-489f-b30f-6e133fbbe68f is started using port 45021
2021-01-12 10:39:29,772 [org.apache.ratis.util.JvmPauseMonitor$$Lambda$305/744069916@49deb652] INFO  util.JvmPauseMonitor (JvmPauseMonitor.java:run(103)) - JvmPauseMonitor-188a3981-abf6-489f-b30f-6e133fbbe68f: Started
2021-01-12 10:39:29,852 [omNode-1@group-523986131536-SegmentedRaftLogWorker] INFO  segmented.SegmentedRaftLogWorker (SegmentedRaftLogWorker.java:execute(599)) - omNode-1@group-523986131536-SegmentedRaftLogWorker: created new log segment /github/workspace/mnt/ozone/hadoop-ozone/integration-test/target/test-dir/MiniOzoneClusterImpl-845f199f-e199-49cc-a013-e02be1563f77/omNode-1/ratis/c9bc4cf4-3bc3-3c60-a66b-523986131536/current/log_inprogress_0
2021-01-12 10:39:29,854 [omNode-2@group-523986131536-SegmentedRaftLogWorker] INFO  segmented.SegmentedRaftLogWorker (SegmentedRaftLogWorker.java:execute(599)) - omNode-2@group-523986131536-SegmentedRaftLogWorker: created new log segment /github/workspace/mnt/ozone/hadoop-ozone/integration-test/target/test-dir/MiniOzoneClusterImpl-845f199f-e199-49cc-a013-e02be1563f77/omNode-2/ratis/c9bc4cf4-3bc3-3c60-a66b-523986131536/current/log_inprogress_0
2021-01-12 10:39:29,916 [EndpointStateMachine task thread for /0.0.0.0:39639 - 0 ] INFO  ozoneimpl.OzoneContainer (OzoneContainer.java:start(255)) - Attempting to start container services.
2021-01-12 10:39:29,922 [EndpointStateMachine task thread for /0.0.0.0:39639 - 0 ] INFO  ozoneimpl.OzoneContainer (OzoneContainer.java:startContainerScrub(219)) - Background container scanner has been disabled.
2021-01-12 10:39:29,923 [EndpointStateMachine task thread for /0.0.0.0:39639 - 0 ] INFO  replication.ReplicationServer (ReplicationServer.java:start(111)) - ReplicationServer is started using port 35643
2021-01-12 10:39:29,923 [EndpointStateMachine task thread for /0.0.0.0:39639 - 0 ] INFO  ratis.XceiverServerRatis (XceiverServerRatis.java:start(455)) - Starting XceiverServerRatis 76c719c5-dd80-44a7-8fd8-91f7e0efff8b at port 0
2021-01-12 10:39:29,925 [EndpointStateMachine task thread for /0.0.0.0:39639 - 0 ] INFO  server.RaftServer (RaftServerProxy.java:lambda$start$5(372)) - 76c719c5-dd80-44a7-8fd8-91f7e0efff8b: start RPC server
2021-01-12 10:39:29,930 [EndpointStateMachine task thread for /0.0.0.0:39639 - 0 ] INFO  server.GrpcService (GrpcService.java:startImpl(176)) - 76c719c5-dd80-44a7-8fd8-91f7e0efff8b: GrpcService started, listening on 0.0.0.0/0.0.0.0:40481
2021-01-12 10:39:29,933 [EndpointStateMachine task thread for /0.0.0.0:39639 - 0 ] INFO  ratis.XceiverServerRatis (XceiverServerRatis.java:start(467)) - XceiverServerRatis 76c719c5-dd80-44a7-8fd8-91f7e0efff8b is started using port 40481
2021-01-12 10:39:29,938 [EndpointStateMachine task thread for /0.0.0.0:39639 - 0 ] INFO  server.XceiverServerGrpc (XceiverServerGrpc.java:start(139)) - XceiverServerGrpc 76c719c5-dd80-44a7-8fd8-91f7e0efff8b is started using port 40683
2021-01-12 10:39:29,941 [org.apache.ratis.util.JvmPauseMonitor$$Lambda$305/744069916@66e34ac7] INFO  util.JvmPauseMonitor (JvmPauseMonitor.java:run(103)) - JvmPauseMonitor-76c719c5-dd80-44a7-8fd8-91f7e0efff8b: Started
2021-01-12 10:39:30,058 [grpc-default-executor-1] WARN  server.GrpcLogAppender (LogUtils.java:warn(122)) - omNode-2@group-523986131536->omNode-3-AppendLogResponseHandler: Failed appendEntries: org.apache.ratis.thirdparty.io.grpc.StatusRuntimeException: UNAVAILABLE: io exception
2021-01-12 10:39:30,059 [grpc-default-executor-1] WARN  server.GrpcLogAppender (GrpcLogAppender.java:resetClient(111)) - omNode-2@group-523986131536->omNode-3-GrpcLogAppender: Leader has not got in touch with Follower omNode-2@group-523986131536->omNode-3(c-1,m0,n1, attendVote=true, lastRpcSendTime=501, lastRpcResponseTime=1818) yet, just keep nextIndex unchanged and retry.
2021-01-12 10:39:30,248 [Listener at 127.0.0.1/10732] INFO  ozone.MiniOzoneClusterImpl (MiniOzoneClusterImpl.java:lambda$waitForClusterToBeReady$0(179)) - Waiting for nodes to be ready. Got 0 of 3 DN Heartbeats.
2021-01-12 10:39:30,248 [Listener at 127.0.0.1/10732] INFO  ozone.MiniOzoneClusterImpl (MiniOzoneClusterImpl.java:lambda$waitForClusterToBeReady$0(182)) - Waiting for cluster to exit safe mode
2021-01-12 10:39:30,283 [EndpointStateMachine task thread for /0.0.0.0:39639 - 0 ] INFO  ozoneimpl.OzoneContainer (OzoneContainer.java:start(255)) - Attempting to start container services.
2021-01-12 10:39:30,284 [EndpointStateMachine task thread for /0.0.0.0:39639 - 0 ] INFO  ozoneimpl.OzoneContainer (OzoneContainer.java:startContainerScrub(219)) - Background container scanner has been disabled.
2021-01-12 10:39:30,285 [EndpointStateMachine task thread for /0.0.0.0:39639 - 0 ] INFO  replication.ReplicationServer (ReplicationServer.java:start(111)) - ReplicationServer is started using port 41953
2021-01-12 10:39:30,285 [EndpointStateMachine task thread for /0.0.0.0:39639 - 0 ] INFO  ratis.XceiverServerRatis (XceiverServerRatis.java:start(455)) - Starting XceiverServerRatis 722b62ba-328d-4705-904e-eefd1aac7358 at port 0
2021-01-12 10:39:30,287 [EndpointStateMachine task thread for /0.0.0.0:39639 - 0 ] INFO  server.RaftServer (RaftServerProxy.java:lambda$start$5(372)) - 722b62ba-328d-4705-904e-eefd1aac7358: start RPC server
2021-01-12 10:39:30,291 [EndpointStateMachine task thread for /0.0.0.0:39639 - 0 ] INFO  server.GrpcService (GrpcService.java:startImpl(176)) - 722b62ba-328d-4705-904e-eefd1aac7358: GrpcService started, listening on 0.0.0.0/0.0.0.0:40211
2021-01-12 10:39:30,291 [EndpointStateMachine task thread for /0.0.0.0:39639 - 0 ] INFO  ratis.XceiverServerRatis (XceiverServerRatis.java:start(467)) - XceiverServerRatis 722b62ba-328d-4705-904e-eefd1aac7358 is started using port 40211
2021-01-12 10:39:30,293 [EndpointStateMachine task thread for /0.0.0.0:39639 - 0 ] INFO  server.XceiverServerGrpc (XceiverServerGrpc.java:start(139)) - XceiverServerGrpc 722b62ba-328d-4705-904e-eefd1aac7358 is started using port 39171
2021-01-12 10:39:30,297 [org.apache.ratis.util.JvmPauseMonitor$$Lambda$305/744069916@7e91588e] INFO  util.JvmPauseMonitor (JvmPauseMonitor.java:run(103)) - JvmPauseMonitor-722b62ba-328d-4705-904e-eefd1aac7358: Started
2021-01-12 10:39:30,563 [grpc-default-executor-1] WARN  server.GrpcLogAppender (LogUtils.java:warn(122)) - omNode-2@group-523986131536->omNode-3-AppendLogResponseHandler: Failed appendEntries: org.apache.ratis.thirdparty.io.grpc.StatusRuntimeException: UNAVAILABLE: io exception
2021-01-12 10:39:30,564 [grpc-default-executor-1] WARN  server.GrpcLogAppender (GrpcLogAppender.java:resetClient(111)) - omNode-2@group-523986131536->omNode-3-GrpcLogAppender: Leader has not got in touch with Follower omNode-2@group-523986131536->omNode-3(c-1,m0,n1, attendVote=true, lastRpcSendTime=503, lastRpcResponseTime=2323) yet, just keep nextIndex unchanged and retry.
2021-01-12 10:39:31,065 [grpc-default-executor-1] WARN  server.GrpcLogAppender (LogUtils.java:warn(122)) - omNode-2@group-523986131536->omNode-3-AppendLogResponseHandler: Failed appendEntries: org.apache.ratis.thirdparty.io.grpc.StatusRuntimeException: UNAVAILABLE: io exception
2021-01-12 10:39:31,071 [grpc-default-executor-1] WARN  server.GrpcLogAppender (GrpcLogAppender.java:resetClient(111)) - omNode-2@group-523986131536->omNode-3-GrpcLogAppender: Leader has not got in touch with Follower omNode-2@group-523986131536->omNode-3(c-1,m0,n1, attendVote=true, lastRpcSendTime=7, lastRpcResponseTime=2831) yet, just keep nextIndex unchanged and retry.
2021-01-12 10:39:31,249 [Listener at 127.0.0.1/10732] INFO  ozone.MiniOzoneClusterImpl (MiniOzoneClusterImpl.java:lambda$waitForClusterToBeReady$0(179)) - Waiting for nodes to be ready. Got 0 of 3 DN Heartbeats.
2021-01-12 10:39:31,249 [Listener at 127.0.0.1/10732] INFO  ozone.MiniOzoneClusterImpl (MiniOzoneClusterImpl.java:lambda$waitForClusterToBeReady$0(182)) - Waiting for cluster to exit safe mode
2021-01-12 10:39:31,499 [IPC Server handler 12 on default port 39639] INFO  net.NetworkTopologyImpl (NetworkTopologyImpl.java:add(111)) - Added a new node: /default-rack/188a3981-abf6-489f-b30f-6e133fbbe68f
2021-01-12 10:39:31,513 [IPC Server handler 12 on default port 39639] INFO  node.SCMNodeManager (SCMNodeManager.java:register(341)) - Registered Data node : 188a3981-abf6-489f-b30f-6e133fbbe68f{ip: 172.17.0.2, host: 6ff8c8e3a8df, networkLocation: /default-rack, certSerialId: null, persistedOpState: IN_SERVICE, persistedOpStateExpiryEpochSec: 0}
2021-01-12 10:39:31,528 [EventQueue-NodeRegistrationContainerReportForContainerSafeModeRule] INFO  safemode.SCMSafeModeManager (SCMSafeModeManager.java:validateSafeModeExitRules(214)) - ContainerSafeModeRule rule is successfully validated
2021-01-12 10:39:31,528 [EventQueue-NodeRegistrationContainerReportForDataNodeSafeModeRule] INFO  safemode.SCMSafeModeManager (DataNodeSafeModeRule.java:process(71)) - SCM in safe mode. 1 DataNodes registered, 1 required.
2021-01-12 10:39:31,528 [EventQueue-NodeRegistrationContainerReportForDataNodeSafeModeRule] INFO  safemode.SCMSafeModeManager (SCMSafeModeManager.java:validateSafeModeExitRules(214)) - DataNodeSafeModeRule rule is successfully validated
2021-01-12 10:39:31,528 [EventQueue-NodeRegistrationContainerReportForDataNodeSafeModeRule] INFO  safemode.SCMSafeModeManager (SCMSafeModeManager.java:completePreCheck(242)) - All SCM safe mode pre check rules have passed
2021-01-12 10:39:31,549 [EventQueue-PipelineReportForOneReplicaPipelineSafeModeRule] INFO  safemode.SCMSafeModeManager (SCMSafeModeManager.java:validateSafeModeExitRules(214)) - AtleastOneDatanodeReportedRule rule is successfully validated
2021-01-12 10:39:31,550 [RatisPipelineUtilsThread] INFO  pipeline.RatisPipelineProvider (RatisPipelineProvider.java:lambda$create$0(161)) - Sending CreatePipelineCommand for pipeline:PipelineID=dc9f025a-fc8f-4be3-97a6-ddf8fa677d6c to datanode:188a3981-abf6-489f-b30f-6e133fbbe68f
2021-01-12 10:39:31,566 [grpc-default-executor-1] WARN  server.GrpcLogAppender (LogUtils.java:warn(122)) - omNode-2@group-523986131536->omNode-3-AppendLogResponseHandler: Failed appendEntries: org.apache.ratis.thirdparty.io.grpc.StatusRuntimeException: UNAVAILABLE: io exception
2021-01-12 10:39:31,567 [grpc-default-executor-1] WARN  server.GrpcLogAppender (GrpcLogAppender.java:resetClient(111)) - omNode-2@group-523986131536->omNode-3-GrpcLogAppender: Leader has not got in touch with Follower omNode-2@group-523986131536->omNode-3(c-1,m0,n1, attendVote=true, lastRpcSendTime=502, lastRpcResponseTime=3326) yet, just keep nextIndex unchanged and retry.
2021-01-12 10:39:31,583 [RatisPipelineUtilsThread] INFO  pipeline.PipelineStateManager (PipelineStateManager.java:addPipeline(54)) - Created pipeline Pipeline[ Id: dc9f025a-fc8f-4be3-97a6-ddf8fa677d6c, Nodes: 188a3981-abf6-489f-b30f-6e133fbbe68f{ip: 172.17.0.2, host: 6ff8c8e3a8df, networkLocation: /default-rack, certSerialId: null, persistedOpState: IN_SERVICE, persistedOpStateExpiryEpochSec: 0}, Type:RATIS, Factor:ONE, State:ALLOCATED, leaderId:, CreationTimestamp2021-01-12T10:39:31.547Z]
2021-01-12 10:39:31,585 [RatisPipelineUtilsThread] WARN  pipeline.PipelinePlacementPolicy (PipelinePlacementPolicy.java:filterViableNodes(142)) - Pipeline creation failed due to no sufficient healthy datanodes. Required 3. Found 1.
2021-01-12 10:39:31,907 [IPC Server handler 2 on default port 39639] INFO  net.NetworkTopologyImpl (NetworkTopologyImpl.java:add(111)) - Added a new node: /default-rack/76c719c5-dd80-44a7-8fd8-91f7e0efff8b
2021-01-12 10:39:31,907 [IPC Server handler 2 on default port 39639] INFO  node.SCMNodeManager (SCMNodeManager.java:register(341)) - Registered Data node : 76c719c5-dd80-44a7-8fd8-91f7e0efff8b{ip: 172.17.0.2, host: 6ff8c8e3a8df, networkLocation: /default-rack, certSerialId: null, persistedOpState: IN_SERVICE, persistedOpStateExpiryEpochSec: 0}
2021-01-12 10:39:31,908 [EventQueue-NodeRegistrationContainerReportForContainerSafeModeRule] INFO  safemode.SCMSafeModeManager (SCMSafeModeManager.java:validateSafeModeExitRules(214)) - ContainerSafeModeRule rule is successfully validated
2021-01-12 10:39:31,908 [EventQueue-PipelineReportForOneReplicaPipelineSafeModeRule] INFO  safemode.SCMSafeModeManager (SCMSafeModeManager.java:validateSafeModeExitRules(214)) - AtleastOneDatanodeReportedRule rule is successfully validated
2021-01-12 10:39:31,908 [EventQueue-NodeRegistrationContainerReportForDataNodeSafeModeRule] INFO  safemode.SCMSafeModeManager (SCMSafeModeManager.java:validateSafeModeExitRules(214)) - DataNodeSafeModeRule rule is successfully validated
2021-01-12 10:39:31,911 [RatisPipelineUtilsThread] INFO  pipeline.RatisPipelineProvider (RatisPipelineProvider.java:lambda$create$0(161)) - Sending CreatePipelineCommand for pipeline:PipelineID=4f7599df-de3e-4cd4-b6cd-2985783b7dd1 to datanode:76c719c5-dd80-44a7-8fd8-91f7e0efff8b
2021-01-12 10:39:31,911 [RatisPipelineUtilsThread] INFO  pipeline.PipelineStateManager (PipelineStateManager.java:addPipeline(54)) - Created pipeline Pipeline[ Id: 4f7599df-de3e-4cd4-b6cd-2985783b7dd1, Nodes: 76c719c5-dd80-44a7-8fd8-91f7e0efff8b{ip: 172.17.0.2, host: 6ff8c8e3a8df, networkLocation: /default-rack, certSerialId: null, persistedOpState: IN_SERVICE, persistedOpStateExpiryEpochSec: 0}, Type:RATIS, Factor:ONE, State:ALLOCATED, leaderId:, CreationTimestamp2021-01-12T10:39:31.911Z]
2021-01-12 10:39:31,911 [RatisPipelineUtilsThread] WARN  pipeline.PipelinePlacementPolicy (PipelinePlacementPolicy.java:filterViableNodes(142)) - Pipeline creation failed due to no sufficient healthy datanodes. Required 3. Found 2.
2021-01-12 10:39:32,074 [grpc-default-executor-1] WARN  server.GrpcLogAppender (LogUtils.java:warn(122)) - omNode-2@group-523986131536->omNode-3-AppendLogResponseHandler: Failed appendEntries: org.apache.ratis.thirdparty.io.grpc.StatusRuntimeException: UNAVAILABLE: io exception
2021-01-12 10:39:32,075 [grpc-default-executor-1] WARN  server.GrpcLogAppender (GrpcLogAppender.java:resetClient(111)) - omNode-2@group-523986131536->omNode-3-GrpcLogAppender: Leader has not got in touch with Follower omNode-2@group-523986131536->omNode-3(c-1,m0,n1, attendVote=true, lastRpcSendTime=0, lastRpcResponseTime=3834) yet, just keep nextIndex unchanged and retry.
2021-01-12 10:39:32,249 [Listener at 127.0.0.1/10732] INFO  ozone.MiniOzoneClusterImpl (MiniOzoneClusterImpl.java:lambda$waitForClusterToBeReady$0(179)) - Waiting for nodes to be ready. Got 2 of 3 DN Heartbeats.
2021-01-12 10:39:32,249 [Listener at 127.0.0.1/10732] INFO  ozone.MiniOzoneClusterImpl (MiniOzoneClusterImpl.java:lambda$waitForClusterToBeReady$0(182)) - Waiting for cluster to exit safe mode
2021-01-12 10:39:32,261 [IPC Server handler 4 on default port 39639] INFO  net.NetworkTopologyImpl (NetworkTopologyImpl.java:add(111)) - Added a new node: /default-rack/722b62ba-328d-4705-904e-eefd1aac7358
2021-01-12 10:39:32,262 [IPC Server handler 4 on default port 39639] INFO  node.SCMNodeManager (SCMNodeManager.java:register(341)) - Registered Data node : 722b62ba-328d-4705-904e-eefd1aac7358{ip: 172.17.0.2, host: 6ff8c8e3a8df, networkLocation: /default-rack, certSerialId: null, persistedOpState: IN_SERVICE, persistedOpStateExpiryEpochSec: 0}
2021-01-12 10:39:32,262 [EventQueue-NodeRegistrationContainerReportForDataNodeSafeModeRule] INFO  safemode.SCMSafeModeManager (SCMSafeModeManager.java:validateSafeModeExitRules(214)) - DataNodeSafeModeRule rule is successfully validated
2021-01-12 10:39:32,262 [RatisPipelineUtilsThread] INFO  pipeline.RatisPipelineProvider (RatisPipelineProvider.java:lambda$create$0(161)) - Sending CreatePipelineCommand for pipeline:PipelineID=37583bd8-1c78-4ed3-80cf-f95c1579c5cd to datanode:722b62ba-328d-4705-904e-eefd1aac7358
2021-01-12 10:39:32,263 [RatisPipelineUtilsThread] INFO  pipeline.PipelineStateManager (PipelineStateManager.java:addPipeline(54)) - Created pipeline Pipeline[ Id: 37583bd8-1c78-4ed3-80cf-f95c1579c5cd, Nodes: 722b62ba-328d-4705-904e-eefd1aac7358{ip: 172.17.0.2, host: 6ff8c8e3a8df, networkLocation: /default-rack, certSerialId: null, persistedOpState: IN_SERVICE, persistedOpStateExpiryEpochSec: 0}, Type:RATIS, Factor:ONE, State:ALLOCATED, leaderId:, CreationTimestamp2021-01-12T10:39:32.262Z]
2021-01-12 10:39:32,265 [RatisPipelineUtilsThread] INFO  pipeline.RatisPipelineProvider (RatisPipelineProvider.java:lambda$create$0(161)) - Sending CreatePipelineCommand for pipeline:PipelineID=fcb4bacf-1453-41b8-bdb5-f68a1d6722c3 to datanode:188a3981-abf6-489f-b30f-6e133fbbe68f
2021-01-12 10:39:32,265 [RatisPipelineUtilsThread] INFO  pipeline.RatisPipelineProvider (RatisPipelineProvider.java:lambda$create$0(161)) - Sending CreatePipelineCommand for pipeline:PipelineID=fcb4bacf-1453-41b8-bdb5-f68a1d6722c3 to datanode:76c719c5-dd80-44a7-8fd8-91f7e0efff8b
2021-01-12 10:39:32,265 [RatisPipelineUtilsThread] INFO  pipeline.RatisPipelineProvider (RatisPipelineProvider.java:lambda$create$0(161)) - Sending CreatePipelineCommand for pipeline:PipelineID=fcb4bacf-1453-41b8-bdb5-f68a1d6722c3 to datanode:722b62ba-328d-4705-904e-eefd1aac7358
2021-01-12 10:39:32,265 [EventQueue-NodeRegistrationContainerReportForContainerSafeModeRule] INFO  safemode.SCMSafeModeManager (SCMSafeModeManager.java:validateSafeModeExitRules(214)) - ContainerSafeModeRule rule is successfully validated
2021-01-12 10:39:32,266 [EventQueue-PipelineReportForOneReplicaPipelineSafeModeRule] INFO  safemode.SCMSafeModeManager (SCMSafeModeManager.java:validateSafeModeExitRules(214)) - AtleastOneDatanodeReportedRule rule is successfully validated
2021-01-12 10:39:32,270 [RatisPipelineUtilsThread] INFO  pipeline.PipelineStateManager (PipelineStateManager.java:addPipeline(54)) - Created pipeline Pipeline[ Id: fcb4bacf-1453-41b8-bdb5-f68a1d6722c3, Nodes: 188a3981-abf6-489f-b30f-6e133fbbe68f{ip: 172.17.0.2, host: 6ff8c8e3a8df, networkLocation: /default-rack, certSerialId: null, persistedOpState: IN_SERVICE, persistedOpStateExpiryEpochSec: 0}76c719c5-dd80-44a7-8fd8-91f7e0efff8b{ip: 172.17.0.2, host: 6ff8c8e3a8df, networkLocation: /default-rack, certSerialId: null, persistedOpState: IN_SERVICE, persistedOpStateExpiryEpochSec: 0}722b62ba-328d-4705-904e-eefd1aac7358{ip: 172.17.0.2, host: 6ff8c8e3a8df, networkLocation: /default-rack, certSerialId: null, persistedOpState: IN_SERVICE, persistedOpStateExpiryEpochSec: 0}, Type:RATIS, Factor:THREE, State:ALLOCATED, leaderId:, CreationTimestamp2021-01-12T10:39:32.265Z]
2021-01-12 10:39:32,272 [RatisPipelineUtilsThread] INFO  pipeline.RatisPipelineProvider (RatisPipelineProvider.java:lambda$create$0(161)) - Sending CreatePipelineCommand for pipeline:PipelineID=bbf6dc67-22e2-4b23-b4a5-82257435c903 to datanode:188a3981-abf6-489f-b30f-6e133fbbe68f
2021-01-12 10:39:32,272 [RatisPipelineUtilsThread] INFO  pipeline.RatisPipelineProvider (RatisPipelineProvider.java:lambda$create$0(161)) - Sending CreatePipelineCommand for pipeline:PipelineID=bbf6dc67-22e2-4b23-b4a5-82257435c903 to datanode:76c719c5-dd80-44a7-8fd8-91f7e0efff8b
2021-01-12 10:39:32,272 [RatisPipelineUtilsThread] INFO  pipeline.RatisPipelineProvider (RatisPipelineProvider.java:lambda$create$0(161)) - Sending CreatePipelineCommand for pipeline:PipelineID=bbf6dc67-22e2-4b23-b4a5-82257435c903 to datanode:722b62ba-328d-4705-904e-eefd1aac7358
2021-01-12 10:39:32,273 [RatisPipelineUtilsThread] INFO  pipeline.PipelineStateManager (PipelineStateManager.java:addPipeline(54)) - Created pipeline Pipeline[ Id: bbf6dc67-22e2-4b23-b4a5-82257435c903, Nodes: 188a3981-abf6-489f-b30f-6e133fbbe68f{ip: 172.17.0.2, host: 6ff8c8e3a8df, networkLocation: /default-rack, certSerialId: null, persistedOpState: IN_SERVICE, persistedOpStateExpiryEpochSec: 0}76c719c5-dd80-44a7-8fd8-91f7e0efff8b{ip: 172.17.0.2, host: 6ff8c8e3a8df, networkLocation: /default-rack, certSerialId: null, persistedOpState: IN_SERVICE, persistedOpStateExpiryEpochSec: 0}722b62ba-328d-4705-904e-eefd1aac7358{ip: 172.17.0.2, host: 6ff8c8e3a8df, networkLocation: /default-rack, certSerialId: null, persistedOpState: IN_SERVICE, persistedOpStateExpiryEpochSec: 0}, Type:RATIS, Factor:THREE, State:ALLOCATED, leaderId:, CreationTimestamp2021-01-12T10:39:32.272Z]
2021-01-12 10:39:32,274 [RatisPipelineUtilsThread] INFO  pipeline.SCMPipelineManager (SCMPipelineManager.java:recordMetricsForPipeline(243)) - Pipeline: PipelineID=bbf6dc67-22e2-4b23-b4a5-82257435c903 contains same datanodes as previous pipelines: PipelineID=fcb4bacf-1453-41b8-bdb5-f68a1d6722c3 nodeIds: 188a3981-abf6-489f-b30f-6e133fbbe68f, 76c719c5-dd80-44a7-8fd8-91f7e0efff8b, 722b62ba-328d-4705-904e-eefd1aac7358
2021-01-12 10:39:32,574 [grpc-default-executor-1] WARN  server.GrpcLogAppender (LogUtils.java:warn(122)) - omNode-2@group-523986131536->omNode-3-AppendLogResponseHandler: Failed appendEntries: org.apache.ratis.thirdparty.io.grpc.StatusRuntimeException: UNAVAILABLE: io exception
2021-01-12 10:39:32,576 [grpc-default-executor-1] WARN  server.GrpcLogAppender (GrpcLogAppender.java:resetClient(111)) - omNode-2@group-523986131536->omNode-3-GrpcLogAppender: Leader has not got in touch with Follower omNode-2@group-523986131536->omNode-3(c-1,m0,n1, attendVote=true, lastRpcSendTime=1, lastRpcResponseTime=4335) yet, just keep nextIndex unchanged and retry.
2021-01-12 10:39:33,075 [grpc-default-executor-1] WARN  server.GrpcLogAppender (LogUtils.java:warn(122)) - omNode-2@group-523986131536->omNode-3-AppendLogResponseHandler: Failed appendEntries: org.apache.ratis.thirdparty.io.grpc.StatusRuntimeException: UNAVAILABLE: io exception
2021-01-12 10:39:33,076 [grpc-default-executor-1] WARN  server.GrpcLogAppender (GrpcLogAppender.java:resetClient(111)) - omNode-2@group-523986131536->omNode-3-GrpcLogAppender: Leader has not got in touch with Follower omNode-2@group-523986131536->omNode-3(c-1,m0,n1, attendVote=true, lastRpcSendTime=1, lastRpcResponseTime=4835) yet, just keep nextIndex unchanged and retry.
2021-01-12 10:39:33,250 [Listener at 127.0.0.1/10732] INFO  ozone.MiniOzoneClusterImpl (MiniOzoneClusterImpl.java:lambda$waitForClusterToBeReady$0(179)) - Nodes are ready. Got 3 of 3 DN Heartbeats.
2021-01-12 10:39:33,250 [Listener at 127.0.0.1/10732] INFO  ozone.MiniOzoneClusterImpl (MiniOzoneClusterImpl.java:lambda$waitForClusterToBeReady$0(182)) - Waiting for cluster to exit safe mode
2021-01-12 10:39:33,575 [grpc-default-executor-1] WARN  server.GrpcLogAppender (LogUtils.java:warn(122)) - omNode-2@group-523986131536->omNode-3-AppendLogResponseHandler: Failed appendEntries: org.apache.ratis.thirdparty.io.grpc.StatusRuntimeException: UNAVAILABLE: io exception
2021-01-12 10:39:33,578 [grpc-default-executor-1] WARN  server.GrpcLogAppender (GrpcLogAppender.java:resetClient(111)) - omNode-2@group-523986131536->omNode-3-GrpcLogAppender: Leader has not got in touch with Follower omNode-2@group-523986131536->omNode-3(c-1,m0,n1, attendVote=true, lastRpcSendTime=2, lastRpcResponseTime=5337) yet, just keep nextIndex unchanged and retry.
2021-01-12 10:39:34,076 [grpc-default-executor-1] WARN  server.GrpcLogAppender (LogUtils.java:warn(122)) - omNode-2@group-523986131536->omNode-3-AppendLogResponseHandler: Failed appendEntries: org.apache.ratis.thirdparty.io.grpc.StatusRuntimeException: UNAVAILABLE: io exception
2021-01-12 10:39:34,076 [grpc-default-executor-1] WARN  server.GrpcLogAppender (GrpcLogAppender.java:resetClient(111)) - omNode-2@group-523986131536->omNode-3-GrpcLogAppender: Leader has not got in touch with Follower omNode-2@group-523986131536->omNode-3(c-1,m0,n1, attendVote=true, lastRpcSendTime=0, lastRpcResponseTime=5836) yet, just keep nextIndex unchanged and retry.
2021-01-12 10:39:34,250 [Listener at 127.0.0.1/10732] INFO  ozone.MiniOzoneClusterImpl (MiniOzoneClusterImpl.java:lambda$waitForClusterToBeReady$0(179)) - Nodes are ready. Got 3 of 3 DN Heartbeats.
2021-01-12 10:39:34,250 [Listener at 127.0.0.1/10732] INFO  ozone.MiniOzoneClusterImpl (MiniOzoneClusterImpl.java:lambda$waitForClusterToBeReady$0(182)) - Waiting for cluster to exit safe mode
2021-01-12 10:39:34,477 [Command processor thread] INFO  server.RaftServer (RaftServerProxy.java:addNew(95)) - 188a3981-abf6-489f-b30f-6e133fbbe68f: addNew group-DDF8FA677D6C:[188a3981-abf6-489f-b30f-6e133fbbe68f|rpc:172.17.0.2:42803|priority:1] returns group-DDF8FA677D6C:java.util.concurrent.CompletableFuture@5eb009af[Not completed]
2021-01-12 10:39:34,506 [pool-67-thread-1] INFO  server.RaftServer$Division (RaftServerImpl.java:<init>(179)) - 188a3981-abf6-489f-b30f-6e133fbbe68f: new RaftServerImpl for group-DDF8FA677D6C:[188a3981-abf6-489f-b30f-6e133fbbe68f|rpc:172.17.0.2:42803|priority:1] with ContainerStateMachine:uninitialized
2021-01-12 10:39:34,506 [pool-67-thread-1] INFO  server.RaftServerConfigKeys (ConfUtils.java:logGet(44)) - raft.server.rpc.timeout.min = 5s (custom)
2021-01-12 10:39:34,507 [pool-67-thread-1] INFO  server.RaftServerConfigKeys (ConfUtils.java:logGet(44)) - raft.server.rpc.timeout.max = 5200ms (custom)
2021-01-12 10:39:34,507 [pool-67-thread-1] INFO  server.RaftServerConfigKeys (ConfUtils.java:logGet(44)) - raft.server.rpc.sleep.time = 25ms (default)
2021-01-12 10:39:34,507 [pool-67-thread-1] INFO  server.RaftServerConfigKeys (ConfUtils.java:logGet(44)) - raft.server.rpc.slowness.timeout = 300s (custom)
2021-01-12 10:39:34,507 [pool-67-thread-1] INFO  server.RaftServerConfigKeys (ConfUtils.java:logGet(44)) - raft.server.leaderelection.leader.step-down.wait-time = 10s (default)
2021-01-12 10:39:34,507 [pool-67-thread-1] INFO  server.RaftServerConfigKeys (ConfUtils.java:logGet(44)) - raft.server.sleep.deviation.threshold = 300ms (default)
2021-01-12 10:39:34,507 [pool-67-thread-1] INFO  server.RaftServerConfigKeys (ConfUtils.java:logGet(44)) - raft.server.log.appender.install.snapshot.enabled = false (custom)
2021-01-12 10:39:34,507 [pool-67-thread-1] INFO  server.RaftServer$Division (ServerState.java:<init>(103)) - 188a3981-abf6-489f-b30f-6e133fbbe68f@group-DDF8FA677D6C: ConfigurationManager, init=-1: [188a3981-abf6-489f-b30f-6e133fbbe68f|rpc:172.17.0.2:42803|priority:1], old=null, confs=<EMPTY_MAP>
2021-01-12 10:39:34,507 [pool-67-thread-1] INFO  server.RaftServerConfigKeys (ConfUtils.java:logGet(44)) - raft.server.storage.dir = [/github/workspace/mnt/ozone/hadoop-ozone/integration-test/target/test-dir/MiniOzoneClusterImpl-845f199f-e199-49cc-a013-e02be1563f77/datanode-0/data/ratis] (custom)
2021-01-12 10:39:34,507 [pool-67-thread-1] INFO  server.RaftServerConfigKeys (ConfUtils.java:logGet(44)) - raft.server.log.corruption.policy = EXCEPTION (default)
2021-01-12 10:39:34,512 [pool-67-thread-1] INFO  storage.RaftStorageDirectory (RaftStorageDirectoryImpl.java:analyzeStorage(132)) - The storage directory /github/workspace/mnt/ozone/hadoop-ozone/integration-test/target/test-dir/MiniOzoneClusterImpl-845f199f-e199-49cc-a013-e02be1563f77/datanode-0/data/ratis/dc9f025a-fc8f-4be3-97a6-ddf8fa677d6c does not exist. Creating ...
2021-01-12 10:39:34,514 [pool-67-thread-1] INFO  storage.RaftStorageDirectory (RaftStorageDirectoryImpl.java:tryLock(215)) - Lock on /github/workspace/mnt/ozone/hadoop-ozone/integration-test/target/test-dir/MiniOzoneClusterImpl-845f199f-e199-49cc-a013-e02be1563f77/datanode-0/data/ratis/dc9f025a-fc8f-4be3-97a6-ddf8fa677d6c/in_use.lock acquired by nodename 22673@6ff8c8e3a8df
2021-01-12 10:39:34,515 [pool-67-thread-1] INFO  storage.RaftStorage (RaftStorageImpl.java:format(87)) - Storage directory /github/workspace/mnt/ozone/hadoop-ozone/integration-test/target/test-dir/MiniOzoneClusterImpl-845f199f-e199-49cc-a013-e02be1563f77/datanode-0/data/ratis/dc9f025a-fc8f-4be3-97a6-ddf8fa677d6c has been successfully formatted.
2021-01-12 10:39:34,522 [pool-67-thread-1] INFO  ratis.ContainerStateMachine (ContainerStateMachine.java:loadSnapshot(223)) - group-DDF8FA677D6C: The snapshot info is null. Setting the last applied indexto:(t:0, i:~)
2021-01-12 10:39:34,522 [pool-67-thread-1] ERROR storage.RaftStorage (RaftStorageImpl.java:readRaftConfiguration(147)) - Failed reading configuration from file:/github/workspace/mnt/ozone/hadoop-ozone/integration-test/target/test-dir/MiniOzoneClusterImpl-845f199f-e199-49cc-a013-e02be1563f77/datanode-0/data/ratis/dc9f025a-fc8f-4be3-97a6-ddf8fa677d6c/current/raft-meta.conf
java.io.FileNotFoundException: /github/workspace/mnt/ozone/hadoop-ozone/integration-test/target/test-dir/MiniOzoneClusterImpl-845f199f-e199-49cc-a013-e02be1563f77/datanode-0/data/ratis/dc9f025a-fc8f-4be3-97a6-ddf8fa677d6c/current/raft-meta.conf (No such file or directory)
	at java.io.FileInputStream.open0(Native Method)
	at java.io.FileInputStream.open(FileInputStream.java:195)
	at java.io.FileInputStream.<init>(FileInputStream.java:138)
	at org.apache.ratis.server.storage.RaftStorageImpl.readRaftConfiguration(RaftStorageImpl.java:143)
	at org.apache.ratis.server.impl.ServerState.<init>(ServerState.java:113)
	at org.apache.ratis.server.impl.RaftServerImpl.<init>(RaftServerImpl.java:192)
	at org.apache.ratis.server.impl.RaftServerProxy.lambda$newRaftServerImpl$4(RaftServerProxy.java:266)
	at java.util.concurrent.CompletableFuture$AsyncSupply.run(CompletableFuture.java:1604)
	at java.util.concurrent.ThreadPoolExecutor.runWorker(ThreadPoolExecutor.java:1149)
	at java.util.concurrent.ThreadPoolExecutor$Worker.run(ThreadPoolExecutor.java:624)
	at java.lang.Thread.run(Thread.java:748)
2021-01-12 10:39:34,524 [pool-67-thread-1] INFO  server.RaftServerConfigKeys (ConfUtils.java:logGet(44)) - raft.server.notification.no-leader.timeout = 300s (custom)
2021-01-12 10:39:34,525 [pool-67-thread-1] INFO  server.RaftServerConfigKeys (ConfUtils.java:logGet(44)) - raft.server.log.use.memory = false (default)
2021-01-12 10:39:34,525 [pool-67-thread-1] INFO  server.RaftServerConfigKeys (ConfUtils.java:logGet(44)) - raft.server.log.purge.gap = 1000000 (custom)
2021-01-12 10:39:34,525 [pool-67-thread-1] INFO  server.RaftServerConfigKeys (ConfUtils.java:logGet(44)) - raft.server.log.appender.buffer.byte-limit = 33554432 (custom)
2021-01-12 10:39:34,525 [pool-67-thread-1] INFO  metrics.RatisMetrics (RatisMetrics.java:lambda$create$0(36)) - Creating Metrics Registry : ratis.log_worker.188a3981-abf6-489f-b30f-6e133fbbe68f@group-DDF8FA677D6C
2021-01-12 10:39:34,525 [pool-67-thread-1] INFO  server.RaftServerConfigKeys (ConfUtils.java:logGet(44)) - raft.server.log.segment.size.max = 1048576 (custom)
2021-01-12 10:39:34,526 [pool-67-thread-1] INFO  server.RaftServerConfigKeys (ConfUtils.java:logGet(44)) - raft.server.log.segment.cache.num.max = 2 (custom)
2021-01-12 10:39:34,526 [pool-67-thread-1] INFO  server.RaftServerConfigKeys (ConfUtils.java:logGet(44)) - raft.server.log.segment.cache.size.max = 200MB (=209715200) (default)
2021-01-12 10:39:34,526 [pool-67-thread-1] INFO  segmented.SegmentedRaftLogWorker (SegmentedRaftLogWorker.java:<init>(181)) - new 188a3981-abf6-489f-b30f-6e133fbbe68f@group-DDF8FA677D6C-SegmentedRaftLogWorker for RaftStorageImpl:Storage Directory /github/workspace/mnt/ozone/hadoop-ozone/integration-test/target/test-dir/MiniOzoneClusterImpl-845f199f-e199-49cc-a013-e02be1563f77/datanode-0/data/ratis/dc9f025a-fc8f-4be3-97a6-ddf8fa677d6c
2021-01-12 10:39:34,526 [pool-67-thread-1] INFO  server.RaftServerConfigKeys (ConfUtils.java:logGet(44)) - raft.server.log.queue.byte-limit = 2147483647 (custom)
2021-01-12 10:39:34,526 [pool-67-thread-1] INFO  server.RaftServerConfigKeys (ConfUtils.java:logGet(44)) - raft.server.log.queue.element-limit = 1024 (custom)
2021-01-12 10:39:34,526 [pool-67-thread-1] INFO  server.RaftServerConfigKeys (ConfUtils.java:logGet(44)) - raft.server.log.segment.size.max = 1048576 (custom)
2021-01-12 10:39:34,530 [pool-67-thread-1] INFO  server.RaftServerConfigKeys (ConfUtils.java:logGet(44)) - raft.server.log.preallocated.size = 16384 (custom)
2021-01-12 10:39:34,530 [pool-67-thread-1] INFO  server.RaftServerConfigKeys (ConfUtils.java:logGet(44)) - raft.server.log.force.sync.num = 128 (default)
2021-01-12 10:39:34,530 [pool-67-thread-1] INFO  server.RaftServerConfigKeys (ConfUtils.java:logGet(44)) - raft.server.log.statemachine.data.sync = true (default)
2021-01-12 10:39:34,530 [pool-67-thread-1] INFO  server.RaftServerConfigKeys (ConfUtils.java:logGet(44)) - raft.server.log.statemachine.data.sync.timeout = 10s (default)
2021-01-12 10:39:34,530 [pool-67-thread-1] INFO  server.RaftServerConfigKeys (ConfUtils.java:logGet(44)) - raft.server.log.statemachine.data.sync.timeout.retry = -1 (default)
2021-01-12 10:39:34,532 [pool-67-thread-1] INFO  server.RaftServerConfigKeys (ConfUtils.java:logGet(44)) - raft.server.log.write.buffer.size = 1048576 (custom)
2021-01-12 10:39:34,533 [pool-67-thread-1] INFO  server.RaftServerConfigKeys (ConfUtils.java:logGet(44)) - raft.server.log.statemachine.data.caching.enabled = true (custom)
2021-01-12 10:39:34,534 [pool-67-thread-1] INFO  segmented.SegmentedRaftLogWorker (SegmentedRaftLogWorker.java:lambda$new$0(132)) - 188a3981-abf6-489f-b30f-6e133fbbe68f@group-DDF8FA677D6C-SegmentedRaftLogWorker: flushIndex: setUnconditionally 0 -> -1
2021-01-12 10:39:34,534 [pool-67-thread-1] INFO  segmented.SegmentedRaftLogWorker (SegmentedRaftLogWorker.java:lambda$new$0(132)) - 188a3981-abf6-489f-b30f-6e133fbbe68f@group-DDF8FA677D6C-SegmentedRaftLogWorker: safeCacheEvictIndex: setUnconditionally 0 -> -1
2021-01-12 10:39:34,543 [pool-67-thread-1] INFO  server.RaftServerConfigKeys (ConfUtils.java:logGet(44)) - raft.server.snapshot.auto.trigger.enabled = true (custom)
2021-01-12 10:39:34,543 [pool-67-thread-1] INFO  server.RaftServerConfigKeys (ConfUtils.java:logGet(44)) - raft.server.snapshot.auto.trigger.threshold = 10000 (custom)
2021-01-12 10:39:34,543 [pool-67-thread-1] INFO  server.RaftServerConfigKeys (ConfUtils.java:logGet(44)) - raft.server.snapshot.retention.file.num = 5 (custom)
2021-01-12 10:39:34,543 [pool-67-thread-1] INFO  server.RaftServerConfigKeys (ConfUtils.java:logGet(44)) - raft.server.log.purge.upto.snapshot.index = false (default)
2021-01-12 10:39:34,543 [pool-67-thread-1] INFO  server.RaftServerConfigKeys (ConfUtils.java:logGet(44)) - raft.server.retrycache.expirytime = 600000ms (custom)
2021-01-12 10:39:34,543 [pool-67-thread-1] INFO  server.RaftServerConfigKeys (ConfUtils.java:logGet(44)) - raft.server.retrycache.statistics.expirytime = 100?s (default)
2021-01-12 10:39:34,543 [pool-67-thread-1] INFO  metrics.RatisMetrics (RatisMetrics.java:lambda$create$0(36)) - Creating Metrics Registry : ratis.leader_election.188a3981-abf6-489f-b30f-6e133fbbe68f@group-DDF8FA677D6C
2021-01-12 10:39:34,544 [pool-67-thread-1] INFO  metrics.RatisMetrics (RatisMetrics.java:lambda$create$0(36)) - Creating Metrics Registry : ratis.server.188a3981-abf6-489f-b30f-6e133fbbe68f@group-DDF8FA677D6C
2021-01-12 10:39:34,547 [EventQueue-PipelineReportForOneReplicaPipelineSafeModeRule] INFO  safemode.SCMSafeModeManager (SCMSafeModeManager.java:validateSafeModeExitRules(214)) - AtleastOneDatanodeReportedRule rule is successfully validated
2021-01-12 10:39:34,548 [EventQueue-PipelineReportForPipelineReportHandler] INFO  pipeline.PipelineStateManager (PipelineStateManager.java:openPipeline(132)) - Pipeline Pipeline[ Id: dc9f025a-fc8f-4be3-97a6-ddf8fa677d6c, Nodes: 188a3981-abf6-489f-b30f-6e133fbbe68f{ip: 172.17.0.2, host: 6ff8c8e3a8df, networkLocation: /default-rack, certSerialId: null, persistedOpState: IN_SERVICE, persistedOpStateExpiryEpochSec: 0}, Type:RATIS, Factor:ONE, State:ALLOCATED, leaderId:188a3981-abf6-489f-b30f-6e133fbbe68f, CreationTimestamp2021-01-12T10:39:31.547Z] moved to OPEN state
2021-01-12 10:39:34,549 [pool-67-thread-1] INFO  server.RaftServer$Division (RaftServerImpl.java:start(294)) - 188a3981-abf6-489f-b30f-6e133fbbe68f@group-DDF8FA677D6C: start as a follower, conf=-1: [188a3981-abf6-489f-b30f-6e133fbbe68f|rpc:172.17.0.2:42803|priority:1], old=null
2021-01-12 10:39:34,549 [pool-67-thread-1] INFO  server.RaftServer$Division (RaftServerImpl.java:setRole(283)) - 188a3981-abf6-489f-b30f-6e133fbbe68f@group-DDF8FA677D6C: changes role from      null to FOLLOWER at term 0 for startAsFollower
2021-01-12 10:39:34,550 [pool-67-thread-1] INFO  impl.RoleInfo (RoleInfo.java:updateAndGet(130)) - 188a3981-abf6-489f-b30f-6e133fbbe68f: start 188a3981-abf6-489f-b30f-6e133fbbe68f@group-DDF8FA677D6C-FollowerState
2021-01-12 10:39:34,558 [pool-67-thread-1] INFO  util.JmxRegister (JmxRegister.java:tryRegister(44)) - Successfully registered JMX Bean with object name Ratis:service=RaftServer,group=group-DDF8FA677D6C,id=188a3981-abf6-489f-b30f-6e133fbbe68f
2021-01-12 10:39:34,558 [pool-67-thread-1] INFO  metrics.RatisMetrics (RatisMetrics.java:lambda$create$0(36)) - Creating Metrics Registry : ratis.state_machine.188a3981-abf6-489f-b30f-6e133fbbe68f@group-DDF8FA677D6C
2021-01-12 10:39:34,564 [Command processor thread] INFO  commandhandler.CreatePipelineCommandHandler (CreatePipelineCommandHandler.java:handle(106)) - Created Pipeline RATIS ONE PipelineID=dc9f025a-fc8f-4be3-97a6-ddf8fa677d6c.
2021-01-12 10:39:34,573 [EventQueue-OpenPipelineForHealthyPipelineSafeModeRule] INFO  safemode.SCMSafeModeManager (HealthyPipelineSafeModeRule.java:process(128)) - SCM in safe mode. Healthy pipelines reported count is 0, required healthy pipeline reported count is 1
2021-01-12 10:39:34,574 [Command processor thread] INFO  server.RaftServer (RaftServerProxy.java:addNew(95)) - 188a3981-abf6-489f-b30f-6e133fbbe68f: addNew group-F68A1D6722C3:[76c719c5-dd80-44a7-8fd8-91f7e0efff8b|rpc:172.17.0.2:40481|priority:0, 722b62ba-328d-4705-904e-eefd1aac7358|rpc:172.17.0.2:40211|priority:0, 188a3981-abf6-489f-b30f-6e133fbbe68f|rpc:172.17.0.2:42803|priority:1] returns group-F68A1D6722C3:java.util.concurrent.CompletableFuture@242855dc[Not completed]
2021-01-12 10:39:34,575 [pool-67-thread-1] INFO  server.RaftServer$Division (RaftServerImpl.java:<init>(179)) - 188a3981-abf6-489f-b30f-6e133fbbe68f: new RaftServerImpl for group-F68A1D6722C3:[76c719c5-dd80-44a7-8fd8-91f7e0efff8b|rpc:172.17.0.2:40481|priority:0, 722b62ba-328d-4705-904e-eefd1aac7358|rpc:172.17.0.2:40211|priority:0, 188a3981-abf6-489f-b30f-6e133fbbe68f|rpc:172.17.0.2:42803|priority:1] with ContainerStateMachine:uninitialized
2021-01-12 10:39:34,575 [pool-67-thread-1] INFO  server.RaftServerConfigKeys (ConfUtils.java:logGet(44)) - raft.server.rpc.timeout.min = 5s (custom)
2021-01-12 10:39:34,575 [pool-67-thread-1] INFO  server.RaftServerConfigKeys (ConfUtils.java:logGet(44)) - raft.server.rpc.timeout.max = 5200ms (custom)
2021-01-12 10:39:34,575 [pool-67-thread-1] INFO  server.RaftServerConfigKeys (ConfUtils.java:logGet(44)) - raft.server.rpc.sleep.time = 25ms (default)
2021-01-12 10:39:34,575 [pool-67-thread-1] INFO  server.RaftServerConfigKeys (ConfUtils.java:logGet(44)) - raft.server.rpc.slowness.timeout = 300s (custom)
2021-01-12 10:39:34,575 [pool-67-thread-1] INFO  server.RaftServerConfigKeys (ConfUtils.java:logGet(44)) - raft.server.leaderelection.leader.step-down.wait-time = 10s (default)
2021-01-12 10:39:34,575 [pool-67-thread-1] INFO  server.RaftServerConfigKeys (ConfUtils.java:logGet(44)) - raft.server.sleep.deviation.threshold = 300ms (default)
2021-01-12 10:39:34,575 [pool-67-thread-1] INFO  server.RaftServerConfigKeys (ConfUtils.java:logGet(44)) - raft.server.log.appender.install.snapshot.enabled = false (custom)
2021-01-12 10:39:34,575 [pool-67-thread-1] INFO  server.RaftServer$Division (ServerState.java:<init>(103)) - 188a3981-abf6-489f-b30f-6e133fbbe68f@group-F68A1D6722C3: ConfigurationManager, init=-1: [76c719c5-dd80-44a7-8fd8-91f7e0efff8b|rpc:172.17.0.2:40481|priority:0, 722b62ba-328d-4705-904e-eefd1aac7358|rpc:172.17.0.2:40211|priority:0, 188a3981-abf6-489f-b30f-6e133fbbe68f|rpc:172.17.0.2:42803|priority:1], old=null, confs=<EMPTY_MAP>
2021-01-12 10:39:34,575 [pool-67-thread-1] INFO  server.RaftServerConfigKeys (ConfUtils.java:logGet(44)) - raft.server.storage.dir = [/github/workspace/mnt/ozone/hadoop-ozone/integration-test/target/test-dir/MiniOzoneClusterImpl-845f199f-e199-49cc-a013-e02be1563f77/datanode-0/data/ratis] (custom)
2021-01-12 10:39:34,575 [pool-67-thread-1] INFO  server.RaftServerConfigKeys (ConfUtils.java:logGet(44)) - raft.server.log.corruption.policy = EXCEPTION (default)
2021-01-12 10:39:34,576 [pool-67-thread-1] INFO  storage.RaftStorageDirectory (RaftStorageDirectoryImpl.java:analyzeStorage(132)) - The storage directory /github/workspace/mnt/ozone/hadoop-ozone/integration-test/target/test-dir/MiniOzoneClusterImpl-845f199f-e199-49cc-a013-e02be1563f77/datanode-0/data/ratis/fcb4bacf-1453-41b8-bdb5-f68a1d6722c3 does not exist. Creating ...
2021-01-12 10:39:34,577 [pool-67-thread-1] INFO  storage.RaftStorageDirectory (RaftStorageDirectoryImpl.java:tryLock(215)) - Lock on /github/workspace/mnt/ozone/hadoop-ozone/integration-test/target/test-dir/MiniOzoneClusterImpl-845f199f-e199-49cc-a013-e02be1563f77/datanode-0/data/ratis/fcb4bacf-1453-41b8-bdb5-f68a1d6722c3/in_use.lock acquired by nodename 22673@6ff8c8e3a8df
2021-01-12 10:39:34,579 [grpc-default-executor-1] WARN  server.GrpcLogAppender (LogUtils.java:warn(122)) - omNode-2@group-523986131536->omNode-3-AppendLogResponseHandler: Failed appendEntries: org.apache.ratis.thirdparty.io.grpc.StatusRuntimeException: UNAVAILABLE: io exception
2021-01-12 10:39:34,579 [grpc-default-executor-1] WARN  server.GrpcLogAppender (GrpcLogAppender.java:resetClient(111)) - omNode-2@group-523986131536->omNode-3-GrpcLogAppender: Leader has not got in touch with Follower omNode-2@group-523986131536->omNode-3(c-1,m0,n1, attendVote=true, lastRpcSendTime=503, lastRpcResponseTime=6339) yet, just keep nextIndex unchanged and retry.
2021-01-12 10:39:34,581 [pool-67-thread-1] INFO  storage.RaftStorage (RaftStorageImpl.java:format(87)) - Storage directory /github/workspace/mnt/ozone/hadoop-ozone/integration-test/target/test-dir/MiniOzoneClusterImpl-845f199f-e199-49cc-a013-e02be1563f77/datanode-0/data/ratis/fcb4bacf-1453-41b8-bdb5-f68a1d6722c3 has been successfully formatted.
2021-01-12 10:39:34,581 [pool-67-thread-1] INFO  ratis.ContainerStateMachine (ContainerStateMachine.java:loadSnapshot(223)) - group-F68A1D6722C3: The snapshot info is null. Setting the last applied indexto:(t:0, i:~)
2021-01-12 10:39:34,581 [pool-67-thread-1] ERROR storage.RaftStorage (RaftStorageImpl.java:readRaftConfiguration(147)) - Failed reading configuration from file:/github/workspace/mnt/ozone/hadoop-ozone/integration-test/target/test-dir/MiniOzoneClusterImpl-845f199f-e199-49cc-a013-e02be1563f77/datanode-0/data/ratis/fcb4bacf-1453-41b8-bdb5-f68a1d6722c3/current/raft-meta.conf
java.io.FileNotFoundException: /github/workspace/mnt/ozone/hadoop-ozone/integration-test/target/test-dir/MiniOzoneClusterImpl-845f199f-e199-49cc-a013-e02be1563f77/datanode-0/data/ratis/fcb4bacf-1453-41b8-bdb5-f68a1d6722c3/current/raft-meta.conf (No such file or directory)
	at java.io.FileInputStream.open0(Native Method)
	at java.io.FileInputStream.open(FileInputStream.java:195)
	at java.io.FileInputStream.<init>(FileInputStream.java:138)
	at org.apache.ratis.server.storage.RaftStorageImpl.readRaftConfiguration(RaftStorageImpl.java:143)
	at org.apache.ratis.server.impl.ServerState.<init>(ServerState.java:113)
	at org.apache.ratis.server.impl.RaftServerImpl.<init>(RaftServerImpl.java:192)
	at org.apache.ratis.server.impl.RaftServerProxy.lambda$newRaftServerImpl$4(RaftServerProxy.java:266)
	at java.util.concurrent.CompletableFuture$AsyncSupply.run(CompletableFuture.java:1604)
	at java.util.concurrent.ThreadPoolExecutor.runWorker(ThreadPoolExecutor.java:1149)
	at java.util.concurrent.ThreadPoolExecutor$Worker.run(ThreadPoolExecutor.java:624)
	at java.lang.Thread.run(Thread.java:748)
2021-01-12 10:39:34,581 [pool-67-thread-1] INFO  server.RaftServerConfigKeys (ConfUtils.java:logGet(44)) - raft.server.notification.no-leader.timeout = 300s (custom)
2021-01-12 10:39:34,581 [pool-67-thread-1] INFO  server.RaftServerConfigKeys (ConfUtils.java:logGet(44)) - raft.server.log.use.memory = false (default)
2021-01-12 10:39:34,581 [pool-67-thread-1] INFO  server.RaftServerConfigKeys (ConfUtils.java:logGet(44)) - raft.server.log.purge.gap = 1000000 (custom)
2021-01-12 10:39:34,581 [pool-67-thread-1] INFO  server.RaftServerConfigKeys (ConfUtils.java:logGet(44)) - raft.server.log.appender.buffer.byte-limit = 33554432 (custom)
2021-01-12 10:39:34,582 [pool-67-thread-1] INFO  metrics.RatisMetrics (RatisMetrics.java:lambda$create$0(36)) - Creating Metrics Registry : ratis.log_worker.188a3981-abf6-489f-b30f-6e133fbbe68f@group-F68A1D6722C3
2021-01-12 10:39:34,582 [pool-67-thread-1] INFO  server.RaftServerConfigKeys (ConfUtils.java:logGet(44)) - raft.server.log.segment.size.max = 1048576 (custom)
2021-01-12 10:39:34,582 [pool-67-thread-1] INFO  server.RaftServerConfigKeys (ConfUtils.java:logGet(44)) - raft.server.log.segment.cache.num.max = 2 (custom)
2021-01-12 10:39:34,582 [pool-67-thread-1] INFO  server.RaftServerConfigKeys (ConfUtils.java:logGet(44)) - raft.server.log.segment.cache.size.max = 200MB (=209715200) (default)
2021-01-12 10:39:34,582 [pool-67-thread-1] INFO  segmented.SegmentedRaftLogWorker (SegmentedRaftLogWorker.java:<init>(181)) - new 188a3981-abf6-489f-b30f-6e133fbbe68f@group-F68A1D6722C3-SegmentedRaftLogWorker for RaftStorageImpl:Storage Directory /github/workspace/mnt/ozone/hadoop-ozone/integration-test/target/test-dir/MiniOzoneClusterImpl-845f199f-e199-49cc-a013-e02be1563f77/datanode-0/data/ratis/fcb4bacf-1453-41b8-bdb5-f68a1d6722c3
2021-01-12 10:39:34,582 [pool-67-thread-1] INFO  server.RaftServerConfigKeys (ConfUtils.java:logGet(44)) - raft.server.log.queue.byte-limit = 2147483647 (custom)
2021-01-12 10:39:34,582 [pool-67-thread-1] INFO  server.RaftServerConfigKeys (ConfUtils.java:logGet(44)) - raft.server.log.queue.element-limit = 1024 (custom)
2021-01-12 10:39:34,582 [pool-67-thread-1] INFO  server.RaftServerConfigKeys (ConfUtils.java:logGet(44)) - raft.server.log.segment.size.max = 1048576 (custom)
2021-01-12 10:39:34,582 [pool-67-thread-1] INFO  server.RaftServerConfigKeys (ConfUtils.java:logGet(44)) - raft.server.log.preallocated.size = 16384 (custom)
2021-01-12 10:39:34,583 [pool-67-thread-1] INFO  server.RaftServerConfigKeys (ConfUtils.java:logGet(44)) - raft.server.log.force.sync.num = 128 (default)
2021-01-12 10:39:34,583 [pool-67-thread-1] INFO  server.RaftServerConfigKeys (ConfUtils.java:logGet(44)) - raft.server.log.statemachine.data.sync = true (default)
2021-01-12 10:39:34,583 [pool-67-thread-1] INFO  server.RaftServerConfigKeys (ConfUtils.java:logGet(44)) - raft.server.log.statemachine.data.sync.timeout = 10s (default)
2021-01-12 10:39:34,583 [pool-67-thread-1] INFO  server.RaftServerConfigKeys (ConfUtils.java:logGet(44)) - raft.server.log.statemachine.data.sync.timeout.retry = -1 (default)
2021-01-12 10:39:34,584 [EventQueue-PipelineReportForOneReplicaPipelineSafeModeRule] INFO  safemode.SCMSafeModeManager (SCMSafeModeManager.java:validateSafeModeExitRules(214)) - AtleastOneDatanodeReportedRule rule is successfully validated
2021-01-12 10:39:34,584 [EventQueue-OpenPipelineForHealthyPipelineSafeModeRule] INFO  safemode.SCMSafeModeManager (HealthyPipelineSafeModeRule.java:process(128)) - SCM in safe mode. Healthy pipelines reported count is 0, required healthy pipeline reported count is 1
2021-01-12 10:39:34,586 [pool-67-thread-1] INFO  server.RaftServerConfigKeys (ConfUtils.java:logGet(44)) - raft.server.log.write.buffer.size = 1048576 (custom)
2021-01-12 10:39:34,587 [pool-67-thread-1] INFO  server.RaftServerConfigKeys (ConfUtils.java:logGet(44)) - raft.server.log.statemachine.data.caching.enabled = true (custom)
2021-01-12 10:39:34,587 [pool-67-thread-1] INFO  segmented.SegmentedRaftLogWorker (SegmentedRaftLogWorker.java:lambda$new$0(132)) - 188a3981-abf6-489f-b30f-6e133fbbe68f@group-F68A1D6722C3-SegmentedRaftLogWorker: flushIndex: setUnconditionally 0 -> -1
2021-01-12 10:39:34,587 [pool-67-thread-1] INFO  segmented.SegmentedRaftLogWorker (SegmentedRaftLogWorker.java:lambda$new$0(132)) - 188a3981-abf6-489f-b30f-6e133fbbe68f@group-F68A1D6722C3-SegmentedRaftLogWorker: safeCacheEvictIndex: setUnconditionally 0 -> -1
2021-01-12 10:39:34,597 [pool-67-thread-1] INFO  server.RaftServerConfigKeys (ConfUtils.java:logGet(44)) - raft.server.snapshot.auto.trigger.enabled = true (custom)
2021-01-12 10:39:34,598 [pool-67-thread-1] INFO  server.RaftServerConfigKeys (ConfUtils.java:logGet(44)) - raft.server.snapshot.auto.trigger.threshold = 10000 (custom)
2021-01-12 10:39:34,598 [pool-67-thread-1] INFO  server.RaftServerConfigKeys (ConfUtils.java:logGet(44)) - raft.server.snapshot.retention.file.num = 5 (custom)
2021-01-12 10:39:34,598 [pool-67-thread-1] INFO  server.RaftServerConfigKeys (ConfUtils.java:logGet(44)) - raft.server.log.purge.upto.snapshot.index = false (default)
2021-01-12 10:39:34,598 [pool-67-thread-1] INFO  server.RaftServerConfigKeys (ConfUtils.java:logGet(44)) - raft.server.retrycache.expirytime = 600000ms (custom)
2021-01-12 10:39:34,598 [pool-67-thread-1] INFO  server.RaftServerConfigKeys (ConfUtils.java:logGet(44)) - raft.server.retrycache.statistics.expirytime = 100?s (default)
2021-01-12 10:39:34,598 [pool-67-thread-1] INFO  metrics.RatisMetrics (RatisMetrics.java:lambda$create$0(36)) - Creating Metrics Registry : ratis.leader_election.188a3981-abf6-489f-b30f-6e133fbbe68f@group-F68A1D6722C3
2021-01-12 10:39:34,598 [pool-67-thread-1] INFO  metrics.RatisMetrics (RatisMetrics.java:lambda$create$0(36)) - Creating Metrics Registry : ratis.server.188a3981-abf6-489f-b30f-6e133fbbe68f@group-F68A1D6722C3
2021-01-12 10:39:34,599 [pool-67-thread-1] INFO  server.RaftServer$Division (RaftServerImpl.java:start(294)) - 188a3981-abf6-489f-b30f-6e133fbbe68f@group-F68A1D6722C3: start as a follower, conf=-1: [76c719c5-dd80-44a7-8fd8-91f7e0efff8b|rpc:172.17.0.2:40481|priority:0, 722b62ba-328d-4705-904e-eefd1aac7358|rpc:172.17.0.2:40211|priority:0, 188a3981-abf6-489f-b30f-6e133fbbe68f|rpc:172.17.0.2:42803|priority:1], old=null
2021-01-12 10:39:34,599 [pool-67-thread-1] INFO  server.RaftServer$Division (RaftServerImpl.java:setRole(283)) - 188a3981-abf6-489f-b30f-6e133fbbe68f@group-F68A1D6722C3: changes role from      null to FOLLOWER at term 0 for startAsFollower
2021-01-12 10:39:34,599 [pool-67-thread-1] INFO  impl.RoleInfo (RoleInfo.java:updateAndGet(130)) - 188a3981-abf6-489f-b30f-6e133fbbe68f: start 188a3981-abf6-489f-b30f-6e133fbbe68f@group-F68A1D6722C3-FollowerState
2021-01-12 10:39:34,610 [pool-67-thread-1] INFO  util.JmxRegister (JmxRegister.java:tryRegister(44)) - Successfully registered JMX Bean with object name Ratis:service=RaftServer,group=group-F68A1D6722C3,id=188a3981-abf6-489f-b30f-6e133fbbe68f
2021-01-12 10:39:34,610 [pool-67-thread-1] INFO  metrics.RatisMetrics (RatisMetrics.java:lambda$create$0(36)) - Creating Metrics Registry : ratis.state_machine.188a3981-abf6-489f-b30f-6e133fbbe68f@group-F68A1D6722C3
2021-01-12 10:39:34,657 [Command processor thread] INFO  metrics.RatisMetrics (RatisMetrics.java:lambda$create$0(36)) - Creating Metrics Registry : ratis.client_message_metrics.client-A6695133984F->76c719c5-dd80-44a7-8fd8-91f7e0efff8b
2021-01-12 10:39:34,695 [grpc-default-executor-1] INFO  metrics.RatisMetrics (RatisMetrics.java:lambda$create$0(36)) - Creating Metrics Registry : ratis.server_message_metrics.76c719c5-dd80-44a7-8fd8-91f7e0efff8b
2021-01-12 10:39:34,701 [grpc-default-executor-1] INFO  server.RaftServer (RaftServerProxy.java:addNew(95)) - 76c719c5-dd80-44a7-8fd8-91f7e0efff8b: addNew group-F68A1D6722C3:[76c719c5-dd80-44a7-8fd8-91f7e0efff8b|rpc:172.17.0.2:40481|dataStream:|priority:0, 722b62ba-328d-4705-904e-eefd1aac7358|rpc:172.17.0.2:40211|dataStream:|priority:0, 188a3981-abf6-489f-b30f-6e133fbbe68f|rpc:172.17.0.2:42803|dataStream:|priority:1] returns group-F68A1D6722C3:java.util.concurrent.CompletableFuture@4b13c0f3[Not completed]
2021-01-12 10:39:34,740 [pool-82-thread-1] INFO  server.RaftServer$Division (RaftServerImpl.java:<init>(179)) - 76c719c5-dd80-44a7-8fd8-91f7e0efff8b: new RaftServerImpl for group-F68A1D6722C3:[76c719c5-dd80-44a7-8fd8-91f7e0efff8b|rpc:172.17.0.2:40481|dataStream:|priority:0, 722b62ba-328d-4705-904e-eefd1aac7358|rpc:172.17.0.2:40211|dataStream:|priority:0, 188a3981-abf6-489f-b30f-6e133fbbe68f|rpc:172.17.0.2:42803|dataStream:|priority:1] with ContainerStateMachine:uninitialized
2021-01-12 10:39:34,741 [pool-82-thread-1] INFO  server.RaftServerConfigKeys (ConfUtils.java:logGet(44)) - raft.server.rpc.timeout.min = 5s (custom)
2021-01-12 10:39:34,741 [pool-82-thread-1] INFO  server.RaftServerConfigKeys (ConfUtils.java:logGet(44)) - raft.server.rpc.timeout.max = 5200ms (custom)
2021-01-12 10:39:34,741 [pool-82-thread-1] INFO  server.RaftServerConfigKeys (ConfUtils.java:logGet(44)) - raft.server.rpc.sleep.time = 25ms (default)
2021-01-12 10:39:34,741 [pool-82-thread-1] INFO  server.RaftServerConfigKeys (ConfUtils.java:logGet(44)) - raft.server.rpc.slowness.timeout = 300s (custom)
2021-01-12 10:39:34,741 [pool-82-thread-1] INFO  server.RaftServerConfigKeys (ConfUtils.java:logGet(44)) - raft.server.leaderelection.leader.step-down.wait-time = 10s (default)
2021-01-12 10:39:34,741 [pool-82-thread-1] INFO  server.RaftServerConfigKeys (ConfUtils.java:logGet(44)) - raft.server.sleep.deviation.threshold = 300ms (default)
2021-01-12 10:39:34,741 [pool-82-thread-1] INFO  server.RaftServerConfigKeys (ConfUtils.java:logGet(44)) - raft.server.log.appender.install.snapshot.enabled = false (custom)
2021-01-12 10:39:34,741 [pool-82-thread-1] INFO  server.RaftServer$Division (ServerState.java:<init>(103)) - 76c719c5-dd80-44a7-8fd8-91f7e0efff8b@group-F68A1D6722C3: ConfigurationManager, init=-1: [76c719c5-dd80-44a7-8fd8-91f7e0efff8b|rpc:172.17.0.2:40481|dataStream:|priority:0, 722b62ba-328d-4705-904e-eefd1aac7358|rpc:172.17.0.2:40211|dataStream:|priority:0, 188a3981-abf6-489f-b30f-6e133fbbe68f|rpc:172.17.0.2:42803|dataStream:|priority:1], old=null, confs=<EMPTY_MAP>
2021-01-12 10:39:34,742 [pool-82-thread-1] INFO  server.RaftServerConfigKeys (ConfUtils.java:logGet(44)) - raft.server.storage.dir = [/github/workspace/mnt/ozone/hadoop-ozone/integration-test/target/test-dir/MiniOzoneClusterImpl-845f199f-e199-49cc-a013-e02be1563f77/datanode-1/data/ratis] (custom)
2021-01-12 10:39:34,742 [pool-82-thread-1] INFO  server.RaftServerConfigKeys (ConfUtils.java:logGet(44)) - raft.server.log.corruption.policy = EXCEPTION (default)
2021-01-12 10:39:34,742 [pool-82-thread-1] INFO  storage.RaftStorageDirectory (RaftStorageDirectoryImpl.java:analyzeStorage(132)) - The storage directory /github/workspace/mnt/ozone/hadoop-ozone/integration-test/target/test-dir/MiniOzoneClusterImpl-845f199f-e199-49cc-a013-e02be1563f77/datanode-1/data/ratis/fcb4bacf-1453-41b8-bdb5-f68a1d6722c3 does not exist. Creating ...
2021-01-12 10:39:34,743 [pool-82-thread-1] INFO  storage.RaftStorageDirectory (RaftStorageDirectoryImpl.java:tryLock(215)) - Lock on /github/workspace/mnt/ozone/hadoop-ozone/integration-test/target/test-dir/MiniOzoneClusterImpl-845f199f-e199-49cc-a013-e02be1563f77/datanode-1/data/ratis/fcb4bacf-1453-41b8-bdb5-f68a1d6722c3/in_use.lock acquired by nodename 22673@6ff8c8e3a8df
2021-01-12 10:39:34,744 [pool-82-thread-1] INFO  storage.RaftStorage (RaftStorageImpl.java:format(87)) - Storage directory /github/workspace/mnt/ozone/hadoop-ozone/integration-test/target/test-dir/MiniOzoneClusterImpl-845f199f-e199-49cc-a013-e02be1563f77/datanode-1/data/ratis/fcb4bacf-1453-41b8-bdb5-f68a1d6722c3 has been successfully formatted.
2021-01-12 10:39:34,744 [pool-82-thread-1] INFO  ratis.ContainerStateMachine (ContainerStateMachine.java:loadSnapshot(223)) - group-F68A1D6722C3: The snapshot info is null. Setting the last applied indexto:(t:0, i:~)
2021-01-12 10:39:34,754 [pool-82-thread-1] ERROR storage.RaftStorage (RaftStorageImpl.java:readRaftConfiguration(147)) - Failed reading configuration from file:/github/workspace/mnt/ozone/hadoop-ozone/integration-test/target/test-dir/MiniOzoneClusterImpl-845f199f-e199-49cc-a013-e02be1563f77/datanode-1/data/ratis/fcb4bacf-1453-41b8-bdb5-f68a1d6722c3/current/raft-meta.conf
java.io.FileNotFoundException: /github/workspace/mnt/ozone/hadoop-ozone/integration-test/target/test-dir/MiniOzoneClusterImpl-845f199f-e199-49cc-a013-e02be1563f77/datanode-1/data/ratis/fcb4bacf-1453-41b8-bdb5-f68a1d6722c3/current/raft-meta.conf (No such file or directory)
	at java.io.FileInputStream.open0(Native Method)
	at java.io.FileInputStream.open(FileInputStream.java:195)
	at java.io.FileInputStream.<init>(FileInputStream.java:138)
	at org.apache.ratis.server.storage.RaftStorageImpl.readRaftConfiguration(RaftStorageImpl.java:143)
	at org.apache.ratis.server.impl.ServerState.<init>(ServerState.java:113)
	at org.apache.ratis.server.impl.RaftServerImpl.<init>(RaftServerImpl.java:192)
	at org.apache.ratis.server.impl.RaftServerProxy.lambda$newRaftServerImpl$4(RaftServerProxy.java:266)
	at java.util.concurrent.CompletableFuture$AsyncSupply.run(CompletableFuture.java:1604)
	at java.util.concurrent.ThreadPoolExecutor.runWorker(ThreadPoolExecutor.java:1149)
	at java.util.concurrent.ThreadPoolExecutor$Worker.run(ThreadPoolExecutor.java:624)
	at java.lang.Thread.run(Thread.java:748)
2021-01-12 10:39:34,754 [pool-82-thread-1] INFO  server.RaftServerConfigKeys (ConfUtils.java:logGet(44)) - raft.server.notification.no-leader.timeout = 300s (custom)
2021-01-12 10:39:34,754 [pool-82-thread-1] INFO  server.RaftServerConfigKeys (ConfUtils.java:logGet(44)) - raft.server.log.use.memory = false (default)
2021-01-12 10:39:34,754 [pool-82-thread-1] INFO  server.RaftServerConfigKeys (ConfUtils.java:logGet(44)) - raft.server.log.purge.gap = 1000000 (custom)
2021-01-12 10:39:34,754 [pool-82-thread-1] INFO  server.RaftServerConfigKeys (ConfUtils.java:logGet(44)) - raft.server.log.appender.buffer.byte-limit = 33554432 (custom)
2021-01-12 10:39:34,754 [pool-82-thread-1] INFO  metrics.RatisMetrics (RatisMetrics.java:lambda$create$0(36)) - Creating Metrics Registry : ratis.log_worker.76c719c5-dd80-44a7-8fd8-91f7e0efff8b@group-F68A1D6722C3
2021-01-12 10:39:34,754 [pool-82-thread-1] INFO  server.RaftServerConfigKeys (ConfUtils.java:logGet(44)) - raft.server.log.segment.size.max = 1048576 (custom)
2021-01-12 10:39:34,755 [pool-82-thread-1] INFO  server.RaftServerConfigKeys (ConfUtils.java:logGet(44)) - raft.server.log.segment.cache.num.max = 2 (custom)
2021-01-12 10:39:34,755 [pool-82-thread-1] INFO  server.RaftServerConfigKeys (ConfUtils.java:logGet(44)) - raft.server.log.segment.cache.size.max = 200MB (=209715200) (default)
2021-01-12 10:39:34,755 [pool-82-thread-1] INFO  segmented.SegmentedRaftLogWorker (SegmentedRaftLogWorker.java:<init>(181)) - new 76c719c5-dd80-44a7-8fd8-91f7e0efff8b@group-F68A1D6722C3-SegmentedRaftLogWorker for RaftStorageImpl:Storage Directory /github/workspace/mnt/ozone/hadoop-ozone/integration-test/target/test-dir/MiniOzoneClusterImpl-845f199f-e199-49cc-a013-e02be1563f77/datanode-1/data/ratis/fcb4bacf-1453-41b8-bdb5-f68a1d6722c3
2021-01-12 10:39:34,755 [pool-82-thread-1] INFO  server.RaftServerConfigKeys (ConfUtils.java:logGet(44)) - raft.server.log.queue.byte-limit = 2147483647 (custom)
2021-01-12 10:39:34,755 [pool-82-thread-1] INFO  server.RaftServerConfigKeys (ConfUtils.java:logGet(44)) - raft.server.log.queue.element-limit = 1024 (custom)
2021-01-12 10:39:34,755 [pool-82-thread-1] INFO  server.RaftServerConfigKeys (ConfUtils.java:logGet(44)) - raft.server.log.segment.size.max = 1048576 (custom)
2021-01-12 10:39:34,755 [pool-82-thread-1] INFO  server.RaftServerConfigKeys (ConfUtils.java:logGet(44)) - raft.server.log.preallocated.size = 16384 (custom)
2021-01-12 10:39:34,755 [pool-82-thread-1] INFO  server.RaftServerConfigKeys (ConfUtils.java:logGet(44)) - raft.server.log.force.sync.num = 128 (default)
2021-01-12 10:39:34,755 [pool-82-thread-1] INFO  server.RaftServerConfigKeys (ConfUtils.java:logGet(44)) - raft.server.log.statemachine.data.sync = true (default)
2021-01-12 10:39:34,755 [pool-82-thread-1] INFO  server.RaftServerConfigKeys (ConfUtils.java:logGet(44)) - raft.server.log.statemachine.data.sync.timeout = 10s (default)
2021-01-12 10:39:34,755 [pool-82-thread-1] INFO  server.RaftServerConfigKeys (ConfUtils.java:logGet(44)) - raft.server.log.statemachine.data.sync.timeout.retry = -1 (default)
2021-01-12 10:39:34,756 [pool-82-thread-1] INFO  server.RaftServerConfigKeys (ConfUtils.java:logGet(44)) - raft.server.log.write.buffer.size = 1048576 (custom)
2021-01-12 10:39:34,757 [pool-82-thread-1] INFO  server.RaftServerConfigKeys (ConfUtils.java:logGet(44)) - raft.server.log.statemachine.data.caching.enabled = true (custom)
2021-01-12 10:39:34,757 [pool-82-thread-1] INFO  segmented.SegmentedRaftLogWorker (SegmentedRaftLogWorker.java:lambda$new$0(132)) - 76c719c5-dd80-44a7-8fd8-91f7e0efff8b@group-F68A1D6722C3-SegmentedRaftLogWorker: flushIndex: setUnconditionally 0 -> -1
2021-01-12 10:39:34,758 [EventQueue-PipelineReportForOneReplicaPipelineSafeModeRule] INFO  safemode.SCMSafeModeManager (SCMSafeModeManager.java:validateSafeModeExitRules(214)) - AtleastOneDatanodeReportedRule rule is successfully validated
2021-01-12 10:39:34,762 [pool-82-thread-1] INFO  segmented.SegmentedRaftLogWorker (SegmentedRaftLogWorker.java:lambda$new$0(132)) - 76c719c5-dd80-44a7-8fd8-91f7e0efff8b@group-F68A1D6722C3-SegmentedRaftLogWorker: safeCacheEvictIndex: setUnconditionally 0 -> -1
2021-01-12 10:39:34,781 [pool-82-thread-1] INFO  server.RaftServerConfigKeys (ConfUtils.java:logGet(44)) - raft.server.snapshot.auto.trigger.enabled = true (custom)
2021-01-12 10:39:34,781 [pool-82-thread-1] INFO  server.RaftServerConfigKeys (ConfUtils.java:logGet(44)) - raft.server.snapshot.auto.trigger.threshold = 10000 (custom)
2021-01-12 10:39:34,782 [pool-82-thread-1] INFO  server.RaftServerConfigKeys (ConfUtils.java:logGet(44)) - raft.server.snapshot.retention.file.num = 5 (custom)
2021-01-12 10:39:34,782 [pool-82-thread-1] INFO  server.RaftServerConfigKeys (ConfUtils.java:logGet(44)) - raft.server.log.purge.upto.snapshot.index = false (default)
2021-01-12 10:39:34,782 [pool-82-thread-1] INFO  server.RaftServerConfigKeys (ConfUtils.java:logGet(44)) - raft.server.retrycache.expirytime = 600000ms (custom)
2021-01-12 10:39:34,782 [pool-82-thread-1] INFO  server.RaftServerConfigKeys (ConfUtils.java:logGet(44)) - raft.server.retrycache.statistics.expirytime = 100?s (default)
2021-01-12 10:39:34,782 [pool-82-thread-1] INFO  metrics.RatisMetrics (RatisMetrics.java:lambda$create$0(36)) - Creating Metrics Registry : ratis.leader_election.76c719c5-dd80-44a7-8fd8-91f7e0efff8b@group-F68A1D6722C3
2021-01-12 10:39:34,782 [pool-82-thread-1] INFO  metrics.RatisMetrics (RatisMetrics.java:lambda$create$0(36)) - Creating Metrics Registry : ratis.server.76c719c5-dd80-44a7-8fd8-91f7e0efff8b@group-F68A1D6722C3
2021-01-12 10:39:34,783 [pool-82-thread-1] INFO  server.RaftServer$Division (RaftServerImpl.java:start(294)) - 76c719c5-dd80-44a7-8fd8-91f7e0efff8b@group-F68A1D6722C3: start as a follower, conf=-1: [76c719c5-dd80-44a7-8fd8-91f7e0efff8b|rpc:172.17.0.2:40481|dataStream:|priority:0, 722b62ba-328d-4705-904e-eefd1aac7358|rpc:172.17.0.2:40211|dataStream:|priority:0, 188a3981-abf6-489f-b30f-6e133fbbe68f|rpc:172.17.0.2:42803|dataStream:|priority:1], old=null
2021-01-12 10:39:34,783 [pool-82-thread-1] INFO  server.RaftServer$Division (RaftServerImpl.java:setRole(283)) - 76c719c5-dd80-44a7-8fd8-91f7e0efff8b@group-F68A1D6722C3: changes role from      null to FOLLOWER at term 0 for startAsFollower
2021-01-12 10:39:34,783 [pool-82-thread-1] INFO  impl.RoleInfo (RoleInfo.java:updateAndGet(130)) - 76c719c5-dd80-44a7-8fd8-91f7e0efff8b: start 76c719c5-dd80-44a7-8fd8-91f7e0efff8b@group-F68A1D6722C3-FollowerState
2021-01-12 10:39:34,798 [pool-82-thread-1] INFO  util.JmxRegister (JmxRegister.java:tryRegister(44)) - Successfully registered JMX Bean with object name Ratis:service=RaftServer,group=group-F68A1D6722C3,id=76c719c5-dd80-44a7-8fd8-91f7e0efff8b
2021-01-12 10:39:34,802 [pool-82-thread-1] INFO  metrics.RatisMetrics (RatisMetrics.java:lambda$create$0(36)) - Creating Metrics Registry : ratis.state_machine.76c719c5-dd80-44a7-8fd8-91f7e0efff8b@group-F68A1D6722C3
2021-01-12 10:39:34,874 [Command processor thread] INFO  metrics.RatisMetrics (RatisMetrics.java:lambda$create$0(36)) - Creating Metrics Registry : ratis.client_message_metrics.client-50D27BF12092->722b62ba-328d-4705-904e-eefd1aac7358
2021-01-12 10:39:34,897 [Command processor thread] INFO  server.RaftServer (RaftServerProxy.java:addNew(95)) - 76c719c5-dd80-44a7-8fd8-91f7e0efff8b: addNew group-2985783B7DD1:[76c719c5-dd80-44a7-8fd8-91f7e0efff8b|rpc:172.17.0.2:40481|priority:1] returns group-2985783B7DD1:java.util.concurrent.CompletableFuture@27b10cd4[Not completed]
2021-01-12 10:39:34,898 [pool-82-thread-1] INFO  server.RaftServer$Division (RaftServerImpl.java:<init>(179)) - 76c719c5-dd80-44a7-8fd8-91f7e0efff8b: new RaftServerImpl for group-2985783B7DD1:[76c719c5-dd80-44a7-8fd8-91f7e0efff8b|rpc:172.17.0.2:40481|priority:1] with ContainerStateMachine:uninitialized
2021-01-12 10:39:34,899 [pool-82-thread-1] INFO  server.RaftServerConfigKeys (ConfUtils.java:logGet(44)) - raft.server.rpc.timeout.min = 5s (custom)
2021-01-12 10:39:34,899 [pool-82-thread-1] INFO  server.RaftServerConfigKeys (ConfUtils.java:logGet(44)) - raft.server.rpc.timeout.max = 5200ms (custom)
2021-01-12 10:39:34,899 [pool-82-thread-1] INFO  server.RaftServerConfigKeys (ConfUtils.java:logGet(44)) - raft.server.rpc.sleep.time = 25ms (default)
2021-01-12 10:39:34,899 [pool-82-thread-1] INFO  server.RaftServerConfigKeys (ConfUtils.java:logGet(44)) - raft.server.rpc.slowness.timeout = 300s (custom)
2021-01-12 10:39:34,899 [pool-82-thread-1] INFO  server.RaftServerConfigKeys (ConfUtils.java:logGet(44)) - raft.server.leaderelection.leader.step-down.wait-time = 10s (default)
2021-01-12 10:39:34,899 [pool-82-thread-1] INFO  server.RaftServerConfigKeys (ConfUtils.java:logGet(44)) - raft.server.sleep.deviation.threshold = 300ms (default)
2021-01-12 10:39:34,899 [pool-82-thread-1] INFO  server.RaftServerConfigKeys (ConfUtils.java:logGet(44)) - raft.server.log.appender.install.snapshot.enabled = false (custom)
2021-01-12 10:39:34,899 [pool-82-thread-1] INFO  server.RaftServer$Division (ServerState.java:<init>(103)) - 76c719c5-dd80-44a7-8fd8-91f7e0efff8b@group-2985783B7DD1: ConfigurationManager, init=-1: [76c719c5-dd80-44a7-8fd8-91f7e0efff8b|rpc:172.17.0.2:40481|priority:1], old=null, confs=<EMPTY_MAP>
2021-01-12 10:39:34,899 [pool-82-thread-1] INFO  server.RaftServerConfigKeys (ConfUtils.java:logGet(44)) - raft.server.storage.dir = [/github/workspace/mnt/ozone/hadoop-ozone/integration-test/target/test-dir/MiniOzoneClusterImpl-845f199f-e199-49cc-a013-e02be1563f77/datanode-1/data/ratis] (custom)
2021-01-12 10:39:34,899 [pool-82-thread-1] INFO  server.RaftServerConfigKeys (ConfUtils.java:logGet(44)) - raft.server.log.corruption.policy = EXCEPTION (default)
2021-01-12 10:39:34,899 [pool-82-thread-1] INFO  storage.RaftStorageDirectory (RaftStorageDirectoryImpl.java:analyzeStorage(132)) - The storage directory /github/workspace/mnt/ozone/hadoop-ozone/integration-test/target/test-dir/MiniOzoneClusterImpl-845f199f-e199-49cc-a013-e02be1563f77/datanode-1/data/ratis/4f7599df-de3e-4cd4-b6cd-2985783b7dd1 does not exist. Creating ...
2021-01-12 10:39:34,900 [grpc-default-executor-1] INFO  metrics.RatisMetrics (RatisMetrics.java:lambda$create$0(36)) - Creating Metrics Registry : ratis.server_message_metrics.722b62ba-328d-4705-904e-eefd1aac7358
2021-01-12 10:39:34,903 [pool-82-thread-1] INFO  storage.RaftStorageDirectory (RaftStorageDirectoryImpl.java:tryLock(215)) - Lock on /github/workspace/mnt/ozone/hadoop-ozone/integration-test/target/test-dir/MiniOzoneClusterImpl-845f199f-e199-49cc-a013-e02be1563f77/datanode-1/data/ratis/4f7599df-de3e-4cd4-b6cd-2985783b7dd1/in_use.lock acquired by nodename 22673@6ff8c8e3a8df
2021-01-12 10:39:34,905 [pool-82-thread-1] INFO  storage.RaftStorage (RaftStorageImpl.java:format(87)) - Storage directory /github/workspace/mnt/ozone/hadoop-ozone/integration-test/target/test-dir/MiniOzoneClusterImpl-845f199f-e199-49cc-a013-e02be1563f77/datanode-1/data/ratis/4f7599df-de3e-4cd4-b6cd-2985783b7dd1 has been successfully formatted.
2021-01-12 10:39:34,905 [grpc-default-executor-1] INFO  server.RaftServer (RaftServerProxy.java:addNew(95)) - 722b62ba-328d-4705-904e-eefd1aac7358: addNew group-F68A1D6722C3:[76c719c5-dd80-44a7-8fd8-91f7e0efff8b|rpc:172.17.0.2:40481|dataStream:|priority:0, 722b62ba-328d-4705-904e-eefd1aac7358|rpc:172.17.0.2:40211|dataStream:|priority:0, 188a3981-abf6-489f-b30f-6e133fbbe68f|rpc:172.17.0.2:42803|dataStream:|priority:1] returns group-F68A1D6722C3:java.util.concurrent.CompletableFuture@1968f2e4[Not completed]
2021-01-12 10:39:34,905 [pool-82-thread-1] INFO  ratis.ContainerStateMachine (ContainerStateMachine.java:loadSnapshot(223)) - group-2985783B7DD1: The snapshot info is null. Setting the last applied indexto:(t:0, i:~)
2021-01-12 10:39:34,905 [pool-82-thread-1] ERROR storage.RaftStorage (RaftStorageImpl.java:readRaftConfiguration(147)) - Failed reading configuration from file:/github/workspace/mnt/ozone/hadoop-ozone/integration-test/target/test-dir/MiniOzoneClusterImpl-845f199f-e199-49cc-a013-e02be1563f77/datanode-1/data/ratis/4f7599df-de3e-4cd4-b6cd-2985783b7dd1/current/raft-meta.conf
java.io.FileNotFoundException: /github/workspace/mnt/ozone/hadoop-ozone/integration-test/target/test-dir/MiniOzoneClusterImpl-845f199f-e199-49cc-a013-e02be1563f77/datanode-1/data/ratis/4f7599df-de3e-4cd4-b6cd-2985783b7dd1/current/raft-meta.conf (No such file or directory)
	at java.io.FileInputStream.open0(Native Method)
	at java.io.FileInputStream.open(FileInputStream.java:195)
	at java.io.FileInputStream.<init>(FileInputStream.java:138)
	at org.apache.ratis.server.storage.RaftStorageImpl.readRaftConfiguration(RaftStorageImpl.java:143)
	at org.apache.ratis.server.impl.ServerState.<init>(ServerState.java:113)
	at org.apache.ratis.server.impl.RaftServerImpl.<init>(RaftServerImpl.java:192)
	at org.apache.ratis.server.impl.RaftServerProxy.lambda$newRaftServerImpl$4(RaftServerProxy.java:266)
	at java.util.concurrent.CompletableFuture$AsyncSupply.run(CompletableFuture.java:1604)
	at java.util.concurrent.ThreadPoolExecutor.runWorker(ThreadPoolExecutor.java:1149)
	at java.util.concurrent.ThreadPoolExecutor$Worker.run(ThreadPoolExecutor.java:624)
	at java.lang.Thread.run(Thread.java:748)
2021-01-12 10:39:34,905 [pool-82-thread-1] INFO  server.RaftServerConfigKeys (ConfUtils.java:logGet(44)) - raft.server.notification.no-leader.timeout = 300s (custom)
2021-01-12 10:39:34,911 [pool-82-thread-1] INFO  server.RaftServerConfigKeys (ConfUtils.java:logGet(44)) - raft.server.log.use.memory = false (default)
2021-01-12 10:39:34,911 [pool-82-thread-1] INFO  server.RaftServerConfigKeys (ConfUtils.java:logGet(44)) - raft.server.log.purge.gap = 1000000 (custom)
2021-01-12 10:39:34,912 [pool-82-thread-1] INFO  server.RaftServerConfigKeys (ConfUtils.java:logGet(44)) - raft.server.log.appender.buffer.byte-limit = 33554432 (custom)
2021-01-12 10:39:34,912 [pool-82-thread-1] INFO  metrics.RatisMetrics (RatisMetrics.java:lambda$create$0(36)) - Creating Metrics Registry : ratis.log_worker.76c719c5-dd80-44a7-8fd8-91f7e0efff8b@group-2985783B7DD1
2021-01-12 10:39:34,912 [pool-82-thread-1] INFO  server.RaftServerConfigKeys (ConfUtils.java:logGet(44)) - raft.server.log.segment.size.max = 1048576 (custom)
2021-01-12 10:39:34,912 [pool-82-thread-1] INFO  server.RaftServerConfigKeys (ConfUtils.java:logGet(44)) - raft.server.log.segment.cache.num.max = 2 (custom)
2021-01-12 10:39:34,912 [pool-82-thread-1] INFO  server.RaftServerConfigKeys (ConfUtils.java:logGet(44)) - raft.server.log.segment.cache.size.max = 200MB (=209715200) (default)
2021-01-12 10:39:34,912 [pool-82-thread-1] INFO  segmented.SegmentedRaftLogWorker (SegmentedRaftLogWorker.java:<init>(181)) - new 76c719c5-dd80-44a7-8fd8-91f7e0efff8b@group-2985783B7DD1-SegmentedRaftLogWorker for RaftStorageImpl:Storage Directory /github/workspace/mnt/ozone/hadoop-ozone/integration-test/target/test-dir/MiniOzoneClusterImpl-845f199f-e199-49cc-a013-e02be1563f77/datanode-1/data/ratis/4f7599df-de3e-4cd4-b6cd-2985783b7dd1
2021-01-12 10:39:34,912 [pool-82-thread-1] INFO  server.RaftServerConfigKeys (ConfUtils.java:logGet(44)) - raft.server.log.queue.byte-limit = 2147483647 (custom)
2021-01-12 10:39:34,912 [pool-82-thread-1] INFO  server.RaftServerConfigKeys (ConfUtils.java:logGet(44)) - raft.server.log.queue.element-limit = 1024 (custom)
2021-01-12 10:39:34,912 [pool-82-thread-1] INFO  server.RaftServerConfigKeys (ConfUtils.java:logGet(44)) - raft.server.log.segment.size.max = 1048576 (custom)
2021-01-12 10:39:34,912 [pool-82-thread-1] INFO  server.RaftServerConfigKeys (ConfUtils.java:logGet(44)) - raft.server.log.preallocated.size = 16384 (custom)
2021-01-12 10:39:34,912 [pool-82-thread-1] INFO  server.RaftServerConfigKeys (ConfUtils.java:logGet(44)) - raft.server.log.force.sync.num = 128 (default)
2021-01-12 10:39:34,912 [pool-82-thread-1] INFO  server.RaftServerConfigKeys (ConfUtils.java:logGet(44)) - raft.server.log.statemachine.data.sync = true (default)
2021-01-12 10:39:34,912 [pool-82-thread-1] INFO  server.RaftServerConfigKeys (ConfUtils.java:logGet(44)) - raft.server.log.statemachine.data.sync.timeout = 10s (default)
2021-01-12 10:39:34,912 [pool-82-thread-1] INFO  server.RaftServerConfigKeys (ConfUtils.java:logGet(44)) - raft.server.log.statemachine.data.sync.timeout.retry = -1 (default)
2021-01-12 10:39:34,913 [pool-82-thread-1] INFO  server.RaftServerConfigKeys (ConfUtils.java:logGet(44)) - raft.server.log.write.buffer.size = 1048576 (custom)
2021-01-12 10:39:34,914 [pool-82-thread-1] INFO  server.RaftServerConfigKeys (ConfUtils.java:logGet(44)) - raft.server.log.statemachine.data.caching.enabled = true (custom)
2021-01-12 10:39:34,914 [pool-82-thread-1] INFO  segmented.SegmentedRaftLogWorker (SegmentedRaftLogWorker.java:lambda$new$0(132)) - 76c719c5-dd80-44a7-8fd8-91f7e0efff8b@group-2985783B7DD1-SegmentedRaftLogWorker: flushIndex: setUnconditionally 0 -> -1
2021-01-12 10:39:34,914 [pool-82-thread-1] INFO  segmented.SegmentedRaftLogWorker (SegmentedRaftLogWorker.java:lambda$new$0(132)) - 76c719c5-dd80-44a7-8fd8-91f7e0efff8b@group-2985783B7DD1-SegmentedRaftLogWorker: safeCacheEvictIndex: setUnconditionally 0 -> -1
2021-01-12 10:39:34,916 [pool-82-thread-1] INFO  server.RaftServerConfigKeys (ConfUtils.java:logGet(44)) - raft.server.snapshot.auto.trigger.enabled = true (custom)
2021-01-12 10:39:34,916 [pool-82-thread-1] INFO  server.RaftServerConfigKeys (ConfUtils.java:logGet(44)) - raft.server.snapshot.auto.trigger.threshold = 10000 (custom)
2021-01-12 10:39:34,916 [pool-82-thread-1] INFO  server.RaftServerConfigKeys (ConfUtils.java:logGet(44)) - raft.server.snapshot.retention.file.num = 5 (custom)
2021-01-12 10:39:34,916 [pool-82-thread-1] INFO  server.RaftServerConfigKeys (ConfUtils.java:logGet(44)) - raft.server.log.purge.upto.snapshot.index = false (default)
2021-01-12 10:39:34,916 [pool-82-thread-1] INFO  server.RaftServerConfigKeys (ConfUtils.java:logGet(44)) - raft.server.retrycache.expirytime = 600000ms (custom)
2021-01-12 10:39:34,916 [pool-82-thread-1] INFO  server.RaftServerConfigKeys (ConfUtils.java:logGet(44)) - raft.server.retrycache.statistics.expirytime = 100?s (default)
2021-01-12 10:39:34,916 [pool-82-thread-1] INFO  metrics.RatisMetrics (RatisMetrics.java:lambda$create$0(36)) - Creating Metrics Registry : ratis.leader_election.76c719c5-dd80-44a7-8fd8-91f7e0efff8b@group-2985783B7DD1
2021-01-12 10:39:34,916 [pool-82-thread-1] INFO  metrics.RatisMetrics (RatisMetrics.java:lambda$create$0(36)) - Creating Metrics Registry : ratis.server.76c719c5-dd80-44a7-8fd8-91f7e0efff8b@group-2985783B7DD1
2021-01-12 10:39:34,917 [pool-82-thread-1] INFO  server.RaftServer$Division (RaftServerImpl.java:start(294)) - 76c719c5-dd80-44a7-8fd8-91f7e0efff8b@group-2985783B7DD1: start as a follower, conf=-1: [76c719c5-dd80-44a7-8fd8-91f7e0efff8b|rpc:172.17.0.2:40481|priority:1], old=null
2021-01-12 10:39:34,917 [pool-82-thread-1] INFO  server.RaftServer$Division (RaftServerImpl.java:setRole(283)) - 76c719c5-dd80-44a7-8fd8-91f7e0efff8b@group-2985783B7DD1: changes role from      null to FOLLOWER at term 0 for startAsFollower
2021-01-12 10:39:34,917 [pool-82-thread-1] INFO  impl.RoleInfo (RoleInfo.java:updateAndGet(130)) - 76c719c5-dd80-44a7-8fd8-91f7e0efff8b: start 76c719c5-dd80-44a7-8fd8-91f7e0efff8b@group-2985783B7DD1-FollowerState
2021-01-12 10:39:34,921 [pool-82-thread-1] INFO  util.JmxRegister (JmxRegister.java:tryRegister(44)) - Successfully registered JMX Bean with object name Ratis:service=RaftServer,group=group-2985783B7DD1,id=76c719c5-dd80-44a7-8fd8-91f7e0efff8b
2021-01-12 10:39:34,922 [pool-82-thread-1] INFO  metrics.RatisMetrics (RatisMetrics.java:lambda$create$0(36)) - Creating Metrics Registry : ratis.state_machine.76c719c5-dd80-44a7-8fd8-91f7e0efff8b@group-2985783B7DD1
2021-01-12 10:39:34,925 [Command processor thread] INFO  commandhandler.CreatePipelineCommandHandler (CreatePipelineCommandHandler.java:handle(106)) - Created Pipeline RATIS ONE PipelineID=4f7599df-de3e-4cd4-b6cd-2985783b7dd1.
2021-01-12 10:39:34,930 [Command processor thread] INFO  server.RaftServer (RaftServerProxy.java:addNew(95)) - 76c719c5-dd80-44a7-8fd8-91f7e0efff8b: addNew group-82257435C903:[76c719c5-dd80-44a7-8fd8-91f7e0efff8b|rpc:172.17.0.2:40481|priority:1, 722b62ba-328d-4705-904e-eefd1aac7358|rpc:172.17.0.2:40211|priority:0, 188a3981-abf6-489f-b30f-6e133fbbe68f|rpc:172.17.0.2:42803|priority:0] returns group-82257435C903:java.util.concurrent.CompletableFuture@2976e652[Not completed]
2021-01-12 10:39:34,932 [EventQueue-PipelineReportForPipelineReportHandler] INFO  pipeline.PipelineStateManager (PipelineStateManager.java:openPipeline(132)) - Pipeline Pipeline[ Id: 4f7599df-de3e-4cd4-b6cd-2985783b7dd1, Nodes: 76c719c5-dd80-44a7-8fd8-91f7e0efff8b{ip: 172.17.0.2, host: 6ff8c8e3a8df, networkLocation: /default-rack, certSerialId: null, persistedOpState: IN_SERVICE, persistedOpStateExpiryEpochSec: 0}, Type:RATIS, Factor:ONE, State:ALLOCATED, leaderId:76c719c5-dd80-44a7-8fd8-91f7e0efff8b, CreationTimestamp2021-01-12T10:39:31.911Z] moved to OPEN state
2021-01-12 10:39:34,933 [EventQueue-PipelineReportForOneReplicaPipelineSafeModeRule] INFO  safemode.SCMSafeModeManager (SCMSafeModeManager.java:validateSafeModeExitRules(214)) - AtleastOneDatanodeReportedRule rule is successfully validated
2021-01-12 10:39:34,933 [EventQueue-OpenPipelineForHealthyPipelineSafeModeRule] INFO  safemode.SCMSafeModeManager (HealthyPipelineSafeModeRule.java:process(128)) - SCM in safe mode. Healthy pipelines reported count is 0, required healthy pipeline reported count is 1
2021-01-12 10:39:34,959 [pool-99-thread-1] INFO  server.RaftServer$Division (RaftServerImpl.java:<init>(179)) - 722b62ba-328d-4705-904e-eefd1aac7358: new RaftServerImpl for group-F68A1D6722C3:[76c719c5-dd80-44a7-8fd8-91f7e0efff8b|rpc:172.17.0.2:40481|dataStream:|priority:0, 722b62ba-328d-4705-904e-eefd1aac7358|rpc:172.17.0.2:40211|dataStream:|priority:0, 188a3981-abf6-489f-b30f-6e133fbbe68f|rpc:172.17.0.2:42803|dataStream:|priority:1] with ContainerStateMachine:uninitialized
2021-01-12 10:39:34,959 [pool-82-thread-1] INFO  server.RaftServer$Division (RaftServerImpl.java:<init>(179)) - 76c719c5-dd80-44a7-8fd8-91f7e0efff8b: new RaftServerImpl for group-82257435C903:[76c719c5-dd80-44a7-8fd8-91f7e0efff8b|rpc:172.17.0.2:40481|priority:1, 722b62ba-328d-4705-904e-eefd1aac7358|rpc:172.17.0.2:40211|priority:0, 188a3981-abf6-489f-b30f-6e133fbbe68f|rpc:172.17.0.2:42803|priority:0] with ContainerStateMachine:uninitialized
2021-01-12 10:39:34,959 [pool-82-thread-1] INFO  server.RaftServerConfigKeys (ConfUtils.java:logGet(44)) - raft.server.rpc.timeout.min = 5s (custom)
2021-01-12 10:39:34,959 [pool-82-thread-1] INFO  server.RaftServerConfigKeys (ConfUtils.java:logGet(44)) - raft.server.rpc.timeout.max = 5200ms (custom)
2021-01-12 10:39:34,960 [pool-82-thread-1] INFO  server.RaftServerConfigKeys (ConfUtils.java:logGet(44)) - raft.server.rpc.sleep.time = 25ms (default)
2021-01-12 10:39:34,960 [pool-82-thread-1] INFO  server.RaftServerConfigKeys (ConfUtils.java:logGet(44)) - raft.server.rpc.slowness.timeout = 300s (custom)
2021-01-12 10:39:34,960 [pool-82-thread-1] INFO  server.RaftServerConfigKeys (ConfUtils.java:logGet(44)) - raft.server.leaderelection.leader.step-down.wait-time = 10s (default)
2021-01-12 10:39:34,960 [pool-82-thread-1] INFO  server.RaftServerConfigKeys (ConfUtils.java:logGet(44)) - raft.server.sleep.deviation.threshold = 300ms (default)
2021-01-12 10:39:34,960 [pool-82-thread-1] INFO  server.RaftServerConfigKeys (ConfUtils.java:logGet(44)) - raft.server.log.appender.install.snapshot.enabled = false (custom)
2021-01-12 10:39:34,960 [pool-82-thread-1] INFO  server.RaftServer$Division (ServerState.java:<init>(103)) - 76c719c5-dd80-44a7-8fd8-91f7e0efff8b@group-82257435C903: ConfigurationManager, init=-1: [76c719c5-dd80-44a7-8fd8-91f7e0efff8b|rpc:172.17.0.2:40481|priority:1, 722b62ba-328d-4705-904e-eefd1aac7358|rpc:172.17.0.2:40211|priority:0, 188a3981-abf6-489f-b30f-6e133fbbe68f|rpc:172.17.0.2:42803|priority:0], old=null, confs=<EMPTY_MAP>
2021-01-12 10:39:34,960 [pool-82-thread-1] INFO  server.RaftServerConfigKeys (ConfUtils.java:logGet(44)) - raft.server.storage.dir = [/github/workspace/mnt/ozone/hadoop-ozone/integration-test/target/test-dir/MiniOzoneClusterImpl-845f199f-e199-49cc-a013-e02be1563f77/datanode-1/data/ratis] (custom)
2021-01-12 10:39:34,960 [pool-82-thread-1] INFO  server.RaftServerConfigKeys (ConfUtils.java:logGet(44)) - raft.server.log.corruption.policy = EXCEPTION (default)
2021-01-12 10:39:34,960 [pool-82-thread-1] INFO  storage.RaftStorageDirectory (RaftStorageDirectoryImpl.java:analyzeStorage(132)) - The storage directory /github/workspace/mnt/ozone/hadoop-ozone/integration-test/target/test-dir/MiniOzoneClusterImpl-845f199f-e199-49cc-a013-e02be1563f77/datanode-1/data/ratis/bbf6dc67-22e2-4b23-b4a5-82257435c903 does not exist. Creating ...
2021-01-12 10:39:34,962 [pool-82-thread-1] INFO  storage.RaftStorageDirectory (RaftStorageDirectoryImpl.java:tryLock(215)) - Lock on /github/workspace/mnt/ozone/hadoop-ozone/integration-test/target/test-dir/MiniOzoneClusterImpl-845f199f-e199-49cc-a013-e02be1563f77/datanode-1/data/ratis/bbf6dc67-22e2-4b23-b4a5-82257435c903/in_use.lock acquired by nodename 22673@6ff8c8e3a8df
2021-01-12 10:39:34,963 [pool-99-thread-1] INFO  server.RaftServerConfigKeys (ConfUtils.java:logGet(44)) - raft.server.rpc.timeout.min = 5s (custom)
2021-01-12 10:39:34,963 [pool-82-thread-1] INFO  storage.RaftStorage (RaftStorageImpl.java:format(87)) - Storage directory /github/workspace/mnt/ozone/hadoop-ozone/integration-test/target/test-dir/MiniOzoneClusterImpl-845f199f-e199-49cc-a013-e02be1563f77/datanode-1/data/ratis/bbf6dc67-22e2-4b23-b4a5-82257435c903 has been successfully formatted.
2021-01-12 10:39:34,963 [pool-82-thread-1] INFO  ratis.ContainerStateMachine (ContainerStateMachine.java:loadSnapshot(223)) - group-82257435C903: The snapshot info is null. Setting the last applied indexto:(t:0, i:~)
2021-01-12 10:39:34,963 [pool-82-thread-1] ERROR storage.RaftStorage (RaftStorageImpl.java:readRaftConfiguration(147)) - Failed reading configuration from file:/github/workspace/mnt/ozone/hadoop-ozone/integration-test/target/test-dir/MiniOzoneClusterImpl-845f199f-e199-49cc-a013-e02be1563f77/datanode-1/data/ratis/bbf6dc67-22e2-4b23-b4a5-82257435c903/current/raft-meta.conf
java.io.FileNotFoundException: /github/workspace/mnt/ozone/hadoop-ozone/integration-test/target/test-dir/MiniOzoneClusterImpl-845f199f-e199-49cc-a013-e02be1563f77/datanode-1/data/ratis/bbf6dc67-22e2-4b23-b4a5-82257435c903/current/raft-meta.conf (No such file or directory)
	at java.io.FileInputStream.open0(Native Method)
	at java.io.FileInputStream.open(FileInputStream.java:195)
	at java.io.FileInputStream.<init>(FileInputStream.java:138)
	at org.apache.ratis.server.storage.RaftStorageImpl.readRaftConfiguration(RaftStorageImpl.java:143)
	at org.apache.ratis.server.impl.ServerState.<init>(ServerState.java:113)
	at org.apache.ratis.server.impl.RaftServerImpl.<init>(RaftServerImpl.java:192)
	at org.apache.ratis.server.impl.RaftServerProxy.lambda$newRaftServerImpl$4(RaftServerProxy.java:266)
	at java.util.concurrent.CompletableFuture$AsyncSupply.run(CompletableFuture.java:1604)
	at java.util.concurrent.ThreadPoolExecutor.runWorker(ThreadPoolExecutor.java:1149)
	at java.util.concurrent.ThreadPoolExecutor$Worker.run(ThreadPoolExecutor.java:624)
	at java.lang.Thread.run(Thread.java:748)
2021-01-12 10:39:34,964 [pool-82-thread-1] INFO  server.RaftServerConfigKeys (ConfUtils.java:logGet(44)) - raft.server.notification.no-leader.timeout = 300s (custom)
2021-01-12 10:39:34,964 [pool-82-thread-1] INFO  server.RaftServerConfigKeys (ConfUtils.java:logGet(44)) - raft.server.log.use.memory = false (default)
2021-01-12 10:39:34,964 [pool-82-thread-1] INFO  server.RaftServerConfigKeys (ConfUtils.java:logGet(44)) - raft.server.log.purge.gap = 1000000 (custom)
2021-01-12 10:39:34,964 [pool-82-thread-1] INFO  server.RaftServerConfigKeys (ConfUtils.java:logGet(44)) - raft.server.log.appender.buffer.byte-limit = 33554432 (custom)
2021-01-12 10:39:34,964 [pool-82-thread-1] INFO  metrics.RatisMetrics (RatisMetrics.java:lambda$create$0(36)) - Creating Metrics Registry : ratis.log_worker.76c719c5-dd80-44a7-8fd8-91f7e0efff8b@group-82257435C903
2021-01-12 10:39:34,964 [pool-82-thread-1] INFO  server.RaftServerConfigKeys (ConfUtils.java:logGet(44)) - raft.server.log.segment.size.max = 1048576 (custom)
2021-01-12 10:39:34,964 [pool-82-thread-1] INFO  server.RaftServerConfigKeys (ConfUtils.java:logGet(44)) - raft.server.log.segment.cache.num.max = 2 (custom)
2021-01-12 10:39:34,964 [pool-82-thread-1] INFO  server.RaftServerConfigKeys (ConfUtils.java:logGet(44)) - raft.server.log.segment.cache.size.max = 200MB (=209715200) (default)
2021-01-12 10:39:34,964 [pool-82-thread-1] INFO  segmented.SegmentedRaftLogWorker (SegmentedRaftLogWorker.java:<init>(181)) - new 76c719c5-dd80-44a7-8fd8-91f7e0efff8b@group-82257435C903-SegmentedRaftLogWorker for RaftStorageImpl:Storage Directory /github/workspace/mnt/ozone/hadoop-ozone/integration-test/target/test-dir/MiniOzoneClusterImpl-845f199f-e199-49cc-a013-e02be1563f77/datanode-1/data/ratis/bbf6dc67-22e2-4b23-b4a5-82257435c903
2021-01-12 10:39:34,964 [pool-82-thread-1] INFO  server.RaftServerConfigKeys (ConfUtils.java:logGet(44)) - raft.server.log.queue.byte-limit = 2147483647 (custom)
2021-01-12 10:39:34,964 [pool-82-thread-1] INFO  server.RaftServerConfigKeys (ConfUtils.java:logGet(44)) - raft.server.log.queue.element-limit = 1024 (custom)
2021-01-12 10:39:34,965 [pool-82-thread-1] INFO  server.RaftServerConfigKeys (ConfUtils.java:logGet(44)) - raft.server.log.segment.size.max = 1048576 (custom)
2021-01-12 10:39:34,965 [pool-82-thread-1] INFO  server.RaftServerConfigKeys (ConfUtils.java:logGet(44)) - raft.server.log.preallocated.size = 16384 (custom)
2021-01-12 10:39:34,965 [pool-82-thread-1] INFO  server.RaftServerConfigKeys (ConfUtils.java:logGet(44)) - raft.server.log.force.sync.num = 128 (default)
2021-01-12 10:39:34,965 [pool-82-thread-1] INFO  server.RaftServerConfigKeys (ConfUtils.java:logGet(44)) - raft.server.log.statemachine.data.sync = true (default)
2021-01-12 10:39:34,965 [pool-82-thread-1] INFO  server.RaftServerConfigKeys (ConfUtils.java:logGet(44)) - raft.server.log.statemachine.data.sync.timeout = 10s (default)
2021-01-12 10:39:34,965 [pool-82-thread-1] INFO  server.RaftServerConfigKeys (ConfUtils.java:logGet(44)) - raft.server.log.statemachine.data.sync.timeout.retry = -1 (default)
2021-01-12 10:39:34,965 [pool-82-thread-1] INFO  server.RaftServerConfigKeys (ConfUtils.java:logGet(44)) - raft.server.log.write.buffer.size = 1048576 (custom)
2021-01-12 10:39:34,963 [pool-99-thread-1] INFO  server.RaftServerConfigKeys (ConfUtils.java:logGet(44)) - raft.server.rpc.timeout.max = 5200ms (custom)
2021-01-12 10:39:34,966 [pool-82-thread-1] INFO  server.RaftServerConfigKeys (ConfUtils.java:logGet(44)) - raft.server.log.statemachine.data.caching.enabled = true (custom)
2021-01-12 10:39:34,966 [pool-99-thread-1] INFO  server.RaftServerConfigKeys (ConfUtils.java:logGet(44)) - raft.server.rpc.sleep.time = 25ms (default)
2021-01-12 10:39:34,966 [pool-99-thread-1] INFO  server.RaftServerConfigKeys (ConfUtils.java:logGet(44)) - raft.server.rpc.slowness.timeout = 300s (custom)
2021-01-12 10:39:34,966 [pool-99-thread-1] INFO  server.RaftServerConfigKeys (ConfUtils.java:logGet(44)) - raft.server.leaderelection.leader.step-down.wait-time = 10s (default)
2021-01-12 10:39:34,966 [pool-82-thread-1] INFO  segmented.SegmentedRaftLogWorker (SegmentedRaftLogWorker.java:lambda$new$0(132)) - 76c719c5-dd80-44a7-8fd8-91f7e0efff8b@group-82257435C903-SegmentedRaftLogWorker: flushIndex: setUnconditionally 0 -> -1
2021-01-12 10:39:34,966 [pool-82-thread-1] INFO  segmented.SegmentedRaftLogWorker (SegmentedRaftLogWorker.java:lambda$new$0(132)) - 76c719c5-dd80-44a7-8fd8-91f7e0efff8b@group-82257435C903-SegmentedRaftLogWorker: safeCacheEvictIndex: setUnconditionally 0 -> -1
2021-01-12 10:39:34,966 [pool-99-thread-1] INFO  server.RaftServerConfigKeys (ConfUtils.java:logGet(44)) - raft.server.sleep.deviation.threshold = 300ms (default)
2021-01-12 10:39:34,966 [pool-99-thread-1] INFO  server.RaftServerConfigKeys (ConfUtils.java:logGet(44)) - raft.server.log.appender.install.snapshot.enabled = false (custom)
2021-01-12 10:39:34,966 [pool-99-thread-1] INFO  server.RaftServer$Division (ServerState.java:<init>(103)) - 722b62ba-328d-4705-904e-eefd1aac7358@group-F68A1D6722C3: ConfigurationManager, init=-1: [76c719c5-dd80-44a7-8fd8-91f7e0efff8b|rpc:172.17.0.2:40481|dataStream:|priority:0, 722b62ba-328d-4705-904e-eefd1aac7358|rpc:172.17.0.2:40211|dataStream:|priority:0, 188a3981-abf6-489f-b30f-6e133fbbe68f|rpc:172.17.0.2:42803|dataStream:|priority:1], old=null, confs=<EMPTY_MAP>
2021-01-12 10:39:34,966 [pool-99-thread-1] INFO  server.RaftServerConfigKeys (ConfUtils.java:logGet(44)) - raft.server.storage.dir = [/github/workspace/mnt/ozone/hadoop-ozone/integration-test/target/test-dir/MiniOzoneClusterImpl-845f199f-e199-49cc-a013-e02be1563f77/datanode-2/data/ratis] (custom)
2021-01-12 10:39:34,967 [pool-99-thread-1] INFO  server.RaftServerConfigKeys (ConfUtils.java:logGet(44)) - raft.server.log.corruption.policy = EXCEPTION (default)
2021-01-12 10:39:34,967 [pool-99-thread-1] INFO  storage.RaftStorageDirectory (RaftStorageDirectoryImpl.java:analyzeStorage(132)) - The storage directory /github/workspace/mnt/ozone/hadoop-ozone/integration-test/target/test-dir/MiniOzoneClusterImpl-845f199f-e199-49cc-a013-e02be1563f77/datanode-2/data/ratis/fcb4bacf-1453-41b8-bdb5-f68a1d6722c3 does not exist. Creating ...
2021-01-12 10:39:34,968 [pool-99-thread-1] INFO  storage.RaftStorageDirectory (RaftStorageDirectoryImpl.java:tryLock(215)) - Lock on /github/workspace/mnt/ozone/hadoop-ozone/integration-test/target/test-dir/MiniOzoneClusterImpl-845f199f-e199-49cc-a013-e02be1563f77/datanode-2/data/ratis/fcb4bacf-1453-41b8-bdb5-f68a1d6722c3/in_use.lock acquired by nodename 22673@6ff8c8e3a8df
2021-01-12 10:39:34,968 [pool-99-thread-1] INFO  storage.RaftStorage (RaftStorageImpl.java:format(87)) - Storage directory /github/workspace/mnt/ozone/hadoop-ozone/integration-test/target/test-dir/MiniOzoneClusterImpl-845f199f-e199-49cc-a013-e02be1563f77/datanode-2/data/ratis/fcb4bacf-1453-41b8-bdb5-f68a1d6722c3 has been successfully formatted.
2021-01-12 10:39:34,973 [pool-99-thread-1] INFO  ratis.ContainerStateMachine (ContainerStateMachine.java:loadSnapshot(223)) - group-F68A1D6722C3: The snapshot info is null. Setting the last applied indexto:(t:0, i:~)
2021-01-12 10:39:34,973 [pool-99-thread-1] ERROR storage.RaftStorage (RaftStorageImpl.java:readRaftConfiguration(147)) - Failed reading configuration from file:/github/workspace/mnt/ozone/hadoop-ozone/integration-test/target/test-dir/MiniOzoneClusterImpl-845f199f-e199-49cc-a013-e02be1563f77/datanode-2/data/ratis/fcb4bacf-1453-41b8-bdb5-f68a1d6722c3/current/raft-meta.conf
java.io.FileNotFoundException: /github/workspace/mnt/ozone/hadoop-ozone/integration-test/target/test-dir/MiniOzoneClusterImpl-845f199f-e199-49cc-a013-e02be1563f77/datanode-2/data/ratis/fcb4bacf-1453-41b8-bdb5-f68a1d6722c3/current/raft-meta.conf (No such file or directory)
	at java.io.FileInputStream.open0(Native Method)
	at java.io.FileInputStream.open(FileInputStream.java:195)
	at java.io.FileInputStream.<init>(FileInputStream.java:138)
	at org.apache.ratis.server.storage.RaftStorageImpl.readRaftConfiguration(RaftStorageImpl.java:143)
	at org.apache.ratis.server.impl.ServerState.<init>(ServerState.java:113)
	at org.apache.ratis.server.impl.RaftServerImpl.<init>(RaftServerImpl.java:192)
	at org.apache.ratis.server.impl.RaftServerProxy.lambda$newRaftServerImpl$4(RaftServerProxy.java:266)
	at java.util.concurrent.CompletableFuture$AsyncSupply.run(CompletableFuture.java:1604)
	at java.util.concurrent.ThreadPoolExecutor.runWorker(ThreadPoolExecutor.java:1149)
	at java.util.concurrent.ThreadPoolExecutor$Worker.run(ThreadPoolExecutor.java:624)
	at java.lang.Thread.run(Thread.java:748)
2021-01-12 10:39:34,973 [pool-99-thread-1] INFO  server.RaftServerConfigKeys (ConfUtils.java:logGet(44)) - raft.server.notification.no-leader.timeout = 300s (custom)
2021-01-12 10:39:34,973 [pool-99-thread-1] INFO  server.RaftServerConfigKeys (ConfUtils.java:logGet(44)) - raft.server.log.use.memory = false (default)
2021-01-12 10:39:34,973 [pool-99-thread-1] INFO  server.RaftServerConfigKeys (ConfUtils.java:logGet(44)) - raft.server.log.purge.gap = 1000000 (custom)
2021-01-12 10:39:34,973 [pool-99-thread-1] INFO  server.RaftServerConfigKeys (ConfUtils.java:logGet(44)) - raft.server.log.appender.buffer.byte-limit = 33554432 (custom)
2021-01-12 10:39:34,973 [pool-99-thread-1] INFO  metrics.RatisMetrics (RatisMetrics.java:lambda$create$0(36)) - Creating Metrics Registry : ratis.log_worker.722b62ba-328d-4705-904e-eefd1aac7358@group-F68A1D6722C3
2021-01-12 10:39:34,973 [pool-99-thread-1] INFO  server.RaftServerConfigKeys (ConfUtils.java:logGet(44)) - raft.server.log.segment.size.max = 1048576 (custom)
2021-01-12 10:39:34,974 [pool-99-thread-1] INFO  server.RaftServerConfigKeys (ConfUtils.java:logGet(44)) - raft.server.log.segment.cache.num.max = 2 (custom)
2021-01-12 10:39:34,974 [pool-99-thread-1] INFO  server.RaftServerConfigKeys (ConfUtils.java:logGet(44)) - raft.server.log.segment.cache.size.max = 200MB (=209715200) (default)
2021-01-12 10:39:34,974 [pool-99-thread-1] INFO  segmented.SegmentedRaftLogWorker (SegmentedRaftLogWorker.java:<init>(181)) - new 722b62ba-328d-4705-904e-eefd1aac7358@group-F68A1D6722C3-SegmentedRaftLogWorker for RaftStorageImpl:Storage Directory /github/workspace/mnt/ozone/hadoop-ozone/integration-test/target/test-dir/MiniOzoneClusterImpl-845f199f-e199-49cc-a013-e02be1563f77/datanode-2/data/ratis/fcb4bacf-1453-41b8-bdb5-f68a1d6722c3
2021-01-12 10:39:34,974 [pool-99-thread-1] INFO  server.RaftServerConfigKeys (ConfUtils.java:logGet(44)) - raft.server.log.queue.byte-limit = 2147483647 (custom)
2021-01-12 10:39:34,974 [pool-99-thread-1] INFO  server.RaftServerConfigKeys (ConfUtils.java:logGet(44)) - raft.server.log.queue.element-limit = 1024 (custom)
2021-01-12 10:39:34,974 [pool-99-thread-1] INFO  server.RaftServerConfigKeys (ConfUtils.java:logGet(44)) - raft.server.log.segment.size.max = 1048576 (custom)
2021-01-12 10:39:34,974 [pool-99-thread-1] INFO  server.RaftServerConfigKeys (ConfUtils.java:logGet(44)) - raft.server.log.preallocated.size = 16384 (custom)
2021-01-12 10:39:34,974 [pool-99-thread-1] INFO  server.RaftServerConfigKeys (ConfUtils.java:logGet(44)) - raft.server.log.force.sync.num = 128 (default)
2021-01-12 10:39:34,974 [pool-99-thread-1] INFO  server.RaftServerConfigKeys (ConfUtils.java:logGet(44)) - raft.server.log.statemachine.data.sync = true (default)
2021-01-12 10:39:34,974 [pool-99-thread-1] INFO  server.RaftServerConfigKeys (ConfUtils.java:logGet(44)) - raft.server.log.statemachine.data.sync.timeout = 10s (default)
2021-01-12 10:39:34,974 [pool-99-thread-1] INFO  server.RaftServerConfigKeys (ConfUtils.java:logGet(44)) - raft.server.log.statemachine.data.sync.timeout.retry = -1 (default)
2021-01-12 10:39:34,975 [pool-99-thread-1] INFO  server.RaftServerConfigKeys (ConfUtils.java:logGet(44)) - raft.server.log.write.buffer.size = 1048576 (custom)
2021-01-12 10:39:34,975 [pool-99-thread-1] INFO  server.RaftServerConfigKeys (ConfUtils.java:logGet(44)) - raft.server.log.statemachine.data.caching.enabled = true (custom)
2021-01-12 10:39:34,975 [pool-99-thread-1] INFO  segmented.SegmentedRaftLogWorker (SegmentedRaftLogWorker.java:lambda$new$0(132)) - 722b62ba-328d-4705-904e-eefd1aac7358@group-F68A1D6722C3-SegmentedRaftLogWorker: flushIndex: setUnconditionally 0 -> -1
2021-01-12 10:39:34,975 [pool-99-thread-1] INFO  segmented.SegmentedRaftLogWorker (SegmentedRaftLogWorker.java:lambda$new$0(132)) - 722b62ba-328d-4705-904e-eefd1aac7358@group-F68A1D6722C3-SegmentedRaftLogWorker: safeCacheEvictIndex: setUnconditionally 0 -> -1
2021-01-12 10:39:34,978 [pool-82-thread-1] INFO  server.RaftServerConfigKeys (ConfUtils.java:logGet(44)) - raft.server.snapshot.auto.trigger.enabled = true (custom)
2021-01-12 10:39:34,978 [pool-82-thread-1] INFO  server.RaftServerConfigKeys (ConfUtils.java:logGet(44)) - raft.server.snapshot.auto.trigger.threshold = 10000 (custom)
2021-01-12 10:39:34,978 [pool-82-thread-1] INFO  server.RaftServerConfigKeys (ConfUtils.java:logGet(44)) - raft.server.snapshot.retention.file.num = 5 (custom)
2021-01-12 10:39:34,978 [pool-82-thread-1] INFO  server.RaftServerConfigKeys (ConfUtils.java:logGet(44)) - raft.server.log.purge.upto.snapshot.index = false (default)
2021-01-12 10:39:34,978 [pool-99-thread-1] INFO  server.RaftServerConfigKeys (ConfUtils.java:logGet(44)) - raft.server.snapshot.auto.trigger.enabled = true (custom)
2021-01-12 10:39:34,978 [pool-99-thread-1] INFO  server.RaftServerConfigKeys (ConfUtils.java:logGet(44)) - raft.server.snapshot.auto.trigger.threshold = 10000 (custom)
2021-01-12 10:39:34,978 [pool-99-thread-1] INFO  server.RaftServerConfigKeys (ConfUtils.java:logGet(44)) - raft.server.snapshot.retention.file.num = 5 (custom)
2021-01-12 10:39:34,978 [pool-99-thread-1] INFO  server.RaftServerConfigKeys (ConfUtils.java:logGet(44)) - raft.server.log.purge.upto.snapshot.index = false (default)
2021-01-12 10:39:34,978 [pool-99-thread-1] INFO  server.RaftServerConfigKeys (ConfUtils.java:logGet(44)) - raft.server.retrycache.expirytime = 600000ms (custom)
2021-01-12 10:39:34,978 [pool-99-thread-1] INFO  server.RaftServerConfigKeys (ConfUtils.java:logGet(44)) - raft.server.retrycache.statistics.expirytime = 100?s (default)
2021-01-12 10:39:34,978 [pool-99-thread-1] INFO  metrics.RatisMetrics (RatisMetrics.java:lambda$create$0(36)) - Creating Metrics Registry : ratis.leader_election.722b62ba-328d-4705-904e-eefd1aac7358@group-F68A1D6722C3
2021-01-12 10:39:34,979 [pool-99-thread-1] INFO  metrics.RatisMetrics (RatisMetrics.java:lambda$create$0(36)) - Creating Metrics Registry : ratis.server.722b62ba-328d-4705-904e-eefd1aac7358@group-F68A1D6722C3
2021-01-12 10:39:34,979 [pool-82-thread-1] INFO  server.RaftServerConfigKeys (ConfUtils.java:logGet(44)) - raft.server.retrycache.expirytime = 600000ms (custom)
2021-01-12 10:39:34,979 [pool-82-thread-1] INFO  server.RaftServerConfigKeys (ConfUtils.java:logGet(44)) - raft.server.retrycache.statistics.expirytime = 100?s (default)
2021-01-12 10:39:34,979 [pool-82-thread-1] INFO  metrics.RatisMetrics (RatisMetrics.java:lambda$create$0(36)) - Creating Metrics Registry : ratis.leader_election.76c719c5-dd80-44a7-8fd8-91f7e0efff8b@group-82257435C903
2021-01-12 10:39:34,979 [pool-82-thread-1] INFO  metrics.RatisMetrics (RatisMetrics.java:lambda$create$0(36)) - Creating Metrics Registry : ratis.server.76c719c5-dd80-44a7-8fd8-91f7e0efff8b@group-82257435C903
2021-01-12 10:39:34,985 [EventQueue-PipelineReportForOneReplicaPipelineSafeModeRule] INFO  safemode.SCMSafeModeManager (SCMSafeModeManager.java:validateSafeModeExitRules(214)) - AtleastOneDatanodeReportedRule rule is successfully validated
2021-01-12 10:39:34,994 [EventQueue-OpenPipelineForHealthyPipelineSafeModeRule] INFO  safemode.SCMSafeModeManager (HealthyPipelineSafeModeRule.java:process(128)) - SCM in safe mode. Healthy pipelines reported count is 0, required healthy pipeline reported count is 1
2021-01-12 10:39:34,994 [EventQueue-PipelineReportForOneReplicaPipelineSafeModeRule] INFO  safemode.SCMSafeModeManager (SCMSafeModeManager.java:validateSafeModeExitRules(214)) - AtleastOneDatanodeReportedRule rule is successfully validated
2021-01-12 10:39:34,995 [pool-99-thread-1] INFO  server.RaftServer$Division (RaftServerImpl.java:start(294)) - 722b62ba-328d-4705-904e-eefd1aac7358@group-F68A1D6722C3: start as a follower, conf=-1: [76c719c5-dd80-44a7-8fd8-91f7e0efff8b|rpc:172.17.0.2:40481|dataStream:|priority:0, 722b62ba-328d-4705-904e-eefd1aac7358|rpc:172.17.0.2:40211|dataStream:|priority:0, 188a3981-abf6-489f-b30f-6e133fbbe68f|rpc:172.17.0.2:42803|dataStream:|priority:1], old=null
2021-01-12 10:39:34,995 [pool-99-thread-1] INFO  server.RaftServer$Division (RaftServerImpl.java:setRole(283)) - 722b62ba-328d-4705-904e-eefd1aac7358@group-F68A1D6722C3: changes role from      null to FOLLOWER at term 0 for startAsFollower
2021-01-12 10:39:34,995 [pool-99-thread-1] INFO  impl.RoleInfo (RoleInfo.java:updateAndGet(130)) - 722b62ba-328d-4705-904e-eefd1aac7358: start 722b62ba-328d-4705-904e-eefd1aac7358@group-F68A1D6722C3-FollowerState
2021-01-12 10:39:34,995 [pool-82-thread-1] INFO  server.RaftServer$Division (RaftServerImpl.java:start(294)) - 76c719c5-dd80-44a7-8fd8-91f7e0efff8b@group-82257435C903: start as a follower, conf=-1: [76c719c5-dd80-44a7-8fd8-91f7e0efff8b|rpc:172.17.0.2:40481|priority:1, 722b62ba-328d-4705-904e-eefd1aac7358|rpc:172.17.0.2:40211|priority:0, 188a3981-abf6-489f-b30f-6e133fbbe68f|rpc:172.17.0.2:42803|priority:0], old=null
2021-01-12 10:39:34,995 [pool-82-thread-1] INFO  server.RaftServer$Division (RaftServerImpl.java:setRole(283)) - 76c719c5-dd80-44a7-8fd8-91f7e0efff8b@group-82257435C903: changes role from      null to FOLLOWER at term 0 for startAsFollower
2021-01-12 10:39:35,005 [pool-99-thread-1] INFO  util.JmxRegister (JmxRegister.java:tryRegister(44)) - Successfully registered JMX Bean with object name Ratis:service=RaftServer,group=group-F68A1D6722C3,id=722b62ba-328d-4705-904e-eefd1aac7358
2021-01-12 10:39:35,006 [pool-99-thread-1] INFO  metrics.RatisMetrics (RatisMetrics.java:lambda$create$0(36)) - Creating Metrics Registry : ratis.state_machine.722b62ba-328d-4705-904e-eefd1aac7358@group-F68A1D6722C3
2021-01-12 10:39:35,007 [pool-82-thread-1] INFO  impl.RoleInfo (RoleInfo.java:updateAndGet(130)) - 76c719c5-dd80-44a7-8fd8-91f7e0efff8b: start 76c719c5-dd80-44a7-8fd8-91f7e0efff8b@group-82257435C903-FollowerState
2021-01-12 10:39:35,022 [pool-82-thread-1] INFO  util.JmxRegister (JmxRegister.java:tryRegister(44)) - Successfully registered JMX Bean with object name Ratis:service=RaftServer,group=group-82257435C903,id=76c719c5-dd80-44a7-8fd8-91f7e0efff8b
2021-01-12 10:39:35,022 [pool-82-thread-1] INFO  metrics.RatisMetrics (RatisMetrics.java:lambda$create$0(36)) - Creating Metrics Registry : ratis.state_machine.76c719c5-dd80-44a7-8fd8-91f7e0efff8b@group-82257435C903
2021-01-12 10:39:35,027 [Command processor thread] INFO  commandhandler.CreatePipelineCommandHandler (CreatePipelineCommandHandler.java:handle(106)) - Created Pipeline RATIS THREE PipelineID=fcb4bacf-1453-41b8-bdb5-f68a1d6722c3.
2021-01-12 10:39:35,027 [Command processor thread] INFO  server.RaftServer (RaftServerProxy.java:addNew(95)) - 188a3981-abf6-489f-b30f-6e133fbbe68f: addNew group-82257435C903:[76c719c5-dd80-44a7-8fd8-91f7e0efff8b|rpc:172.17.0.2:40481|priority:1, 722b62ba-328d-4705-904e-eefd1aac7358|rpc:172.17.0.2:40211|priority:0, 188a3981-abf6-489f-b30f-6e133fbbe68f|rpc:172.17.0.2:42803|priority:0] returns group-82257435C903:java.util.concurrent.CompletableFuture@656f5405[Not completed]
2021-01-12 10:39:35,031 [pool-67-thread-1] INFO  server.RaftServer$Division (RaftServerImpl.java:<init>(179)) - 188a3981-abf6-489f-b30f-6e133fbbe68f: new RaftServerImpl for group-82257435C903:[76c719c5-dd80-44a7-8fd8-91f7e0efff8b|rpc:172.17.0.2:40481|priority:1, 722b62ba-328d-4705-904e-eefd1aac7358|rpc:172.17.0.2:40211|priority:0, 188a3981-abf6-489f-b30f-6e133fbbe68f|rpc:172.17.0.2:42803|priority:0] with ContainerStateMachine:uninitialized
2021-01-12 10:39:35,031 [pool-67-thread-1] INFO  server.RaftServerConfigKeys (ConfUtils.java:logGet(44)) - raft.server.rpc.timeout.min = 5s (custom)
2021-01-12 10:39:35,031 [pool-67-thread-1] INFO  server.RaftServerConfigKeys (ConfUtils.java:logGet(44)) - raft.server.rpc.timeout.max = 5200ms (custom)
2021-01-12 10:39:35,031 [pool-67-thread-1] INFO  server.RaftServerConfigKeys (ConfUtils.java:logGet(44)) - raft.server.rpc.sleep.time = 25ms (default)
2021-01-12 10:39:35,031 [pool-67-thread-1] INFO  server.RaftServerConfigKeys (ConfUtils.java:logGet(44)) - raft.server.rpc.slowness.timeout = 300s (custom)
2021-01-12 10:39:35,031 [pool-67-thread-1] INFO  server.RaftServerConfigKeys (ConfUtils.java:logGet(44)) - raft.server.leaderelection.leader.step-down.wait-time = 10s (default)
2021-01-12 10:39:35,031 [pool-67-thread-1] INFO  server.RaftServerConfigKeys (ConfUtils.java:logGet(44)) - raft.server.sleep.deviation.threshold = 300ms (default)
2021-01-12 10:39:35,031 [pool-67-thread-1] INFO  server.RaftServerConfigKeys (ConfUtils.java:logGet(44)) - raft.server.log.appender.install.snapshot.enabled = false (custom)
2021-01-12 10:39:35,031 [pool-67-thread-1] INFO  server.RaftServer$Division (ServerState.java:<init>(103)) - 188a3981-abf6-489f-b30f-6e133fbbe68f@group-82257435C903: ConfigurationManager, init=-1: [76c719c5-dd80-44a7-8fd8-91f7e0efff8b|rpc:172.17.0.2:40481|priority:1, 722b62ba-328d-4705-904e-eefd1aac7358|rpc:172.17.0.2:40211|priority:0, 188a3981-abf6-489f-b30f-6e133fbbe68f|rpc:172.17.0.2:42803|priority:0], old=null, confs=<EMPTY_MAP>
2021-01-12 10:39:35,031 [pool-67-thread-1] INFO  server.RaftServerConfigKeys (ConfUtils.java:logGet(44)) - raft.server.storage.dir = [/github/workspace/mnt/ozone/hadoop-ozone/integration-test/target/test-dir/MiniOzoneClusterImpl-845f199f-e199-49cc-a013-e02be1563f77/datanode-0/data/ratis] (custom)
2021-01-12 10:39:35,031 [pool-67-thread-1] INFO  server.RaftServerConfigKeys (ConfUtils.java:logGet(44)) - raft.server.log.corruption.policy = EXCEPTION (default)
2021-01-12 10:39:35,031 [pool-67-thread-1] INFO  storage.RaftStorageDirectory (RaftStorageDirectoryImpl.java:analyzeStorage(132)) - The storage directory /github/workspace/mnt/ozone/hadoop-ozone/integration-test/target/test-dir/MiniOzoneClusterImpl-845f199f-e199-49cc-a013-e02be1563f77/datanode-0/data/ratis/bbf6dc67-22e2-4b23-b4a5-82257435c903 does not exist. Creating ...
2021-01-12 10:39:35,032 [pool-67-thread-1] INFO  storage.RaftStorageDirectory (RaftStorageDirectoryImpl.java:tryLock(215)) - Lock on /github/workspace/mnt/ozone/hadoop-ozone/integration-test/target/test-dir/MiniOzoneClusterImpl-845f199f-e199-49cc-a013-e02be1563f77/datanode-0/data/ratis/bbf6dc67-22e2-4b23-b4a5-82257435c903/in_use.lock acquired by nodename 22673@6ff8c8e3a8df
2021-01-12 10:39:35,034 [Command processor thread] INFO  metrics.RatisMetrics (RatisMetrics.java:lambda$create$0(36)) - Creating Metrics Registry : ratis.client_message_metrics.client-F329FB58DF48->188a3981-abf6-489f-b30f-6e133fbbe68f
2021-01-12 10:39:35,035 [pool-67-thread-1] INFO  storage.RaftStorage (RaftStorageImpl.java:format(87)) - Storage directory /github/workspace/mnt/ozone/hadoop-ozone/integration-test/target/test-dir/MiniOzoneClusterImpl-845f199f-e199-49cc-a013-e02be1563f77/datanode-0/data/ratis/bbf6dc67-22e2-4b23-b4a5-82257435c903 has been successfully formatted.
2021-01-12 10:39:35,036 [pool-67-thread-1] INFO  ratis.ContainerStateMachine (ContainerStateMachine.java:loadSnapshot(223)) - group-82257435C903: The snapshot info is null. Setting the last applied indexto:(t:0, i:~)
2021-01-12 10:39:35,036 [pool-67-thread-1] ERROR storage.RaftStorage (RaftStorageImpl.java:readRaftConfiguration(147)) - Failed reading configuration from file:/github/workspace/mnt/ozone/hadoop-ozone/integration-test/target/test-dir/MiniOzoneClusterImpl-845f199f-e199-49cc-a013-e02be1563f77/datanode-0/data/ratis/bbf6dc67-22e2-4b23-b4a5-82257435c903/current/raft-meta.conf
java.io.FileNotFoundException: /github/workspace/mnt/ozone/hadoop-ozone/integration-test/target/test-dir/MiniOzoneClusterImpl-845f199f-e199-49cc-a013-e02be1563f77/datanode-0/data/ratis/bbf6dc67-22e2-4b23-b4a5-82257435c903/current/raft-meta.conf (No such file or directory)
	at java.io.FileInputStream.open0(Native Method)
	at java.io.FileInputStream.open(FileInputStream.java:195)
	at java.io.FileInputStream.<init>(FileInputStream.java:138)
	at org.apache.ratis.server.storage.RaftStorageImpl.readRaftConfiguration(RaftStorageImpl.java:143)
	at org.apache.ratis.server.impl.ServerState.<init>(ServerState.java:113)
	at org.apache.ratis.server.impl.RaftServerImpl.<init>(RaftServerImpl.java:192)
	at org.apache.ratis.server.impl.RaftServerProxy.lambda$newRaftServerImpl$4(RaftServerProxy.java:266)
	at java.util.concurrent.CompletableFuture$AsyncSupply.run(CompletableFuture.java:1604)
	at java.util.concurrent.ThreadPoolExecutor.runWorker(ThreadPoolExecutor.java:1149)
	at java.util.concurrent.ThreadPoolExecutor$Worker.run(ThreadPoolExecutor.java:624)
	at java.lang.Thread.run(Thread.java:748)
2021-01-12 10:39:35,036 [pool-67-thread-1] INFO  server.RaftServerConfigKeys (ConfUtils.java:logGet(44)) - raft.server.notification.no-leader.timeout = 300s (custom)
2021-01-12 10:39:35,036 [pool-67-thread-1] INFO  server.RaftServerConfigKeys (ConfUtils.java:logGet(44)) - raft.server.log.use.memory = false (default)
2021-01-12 10:39:35,036 [pool-67-thread-1] INFO  server.RaftServerConfigKeys (ConfUtils.java:logGet(44)) - raft.server.log.purge.gap = 1000000 (custom)
2021-01-12 10:39:35,036 [pool-67-thread-1] INFO  server.RaftServerConfigKeys (ConfUtils.java:logGet(44)) - raft.server.log.appender.buffer.byte-limit = 33554432 (custom)
2021-01-12 10:39:35,036 [pool-67-thread-1] INFO  metrics.RatisMetrics (RatisMetrics.java:lambda$create$0(36)) - Creating Metrics Registry : ratis.log_worker.188a3981-abf6-489f-b30f-6e133fbbe68f@group-82257435C903
2021-01-12 10:39:35,036 [pool-67-thread-1] INFO  server.RaftServerConfigKeys (ConfUtils.java:logGet(44)) - raft.server.log.segment.size.max = 1048576 (custom)
2021-01-12 10:39:35,036 [pool-67-thread-1] INFO  server.RaftServerConfigKeys (ConfUtils.java:logGet(44)) - raft.server.log.segment.cache.num.max = 2 (custom)
2021-01-12 10:39:35,037 [pool-67-thread-1] INFO  server.RaftServerConfigKeys (ConfUtils.java:logGet(44)) - raft.server.log.segment.cache.size.max = 200MB (=209715200) (default)
2021-01-12 10:39:35,037 [pool-67-thread-1] INFO  segmented.SegmentedRaftLogWorker (SegmentedRaftLogWorker.java:<init>(181)) - new 188a3981-abf6-489f-b30f-6e133fbbe68f@group-82257435C903-SegmentedRaftLogWorker for RaftStorageImpl:Storage Directory /github/workspace/mnt/ozone/hadoop-ozone/integration-test/target/test-dir/MiniOzoneClusterImpl-845f199f-e199-49cc-a013-e02be1563f77/datanode-0/data/ratis/bbf6dc67-22e2-4b23-b4a5-82257435c903
2021-01-12 10:39:35,037 [pool-67-thread-1] INFO  server.RaftServerConfigKeys (ConfUtils.java:logGet(44)) - raft.server.log.queue.byte-limit = 2147483647 (custom)
2021-01-12 10:39:35,037 [pool-67-thread-1] INFO  server.RaftServerConfigKeys (ConfUtils.java:logGet(44)) - raft.server.log.queue.element-limit = 1024 (custom)
2021-01-12 10:39:35,037 [pool-67-thread-1] INFO  server.RaftServerConfigKeys (ConfUtils.java:logGet(44)) - raft.server.log.segment.size.max = 1048576 (custom)
2021-01-12 10:39:35,037 [pool-67-thread-1] INFO  server.RaftServerConfigKeys (ConfUtils.java:logGet(44)) - raft.server.log.preallocated.size = 16384 (custom)
2021-01-12 10:39:35,037 [pool-67-thread-1] INFO  server.RaftServerConfigKeys (ConfUtils.java:logGet(44)) - raft.server.log.force.sync.num = 128 (default)
2021-01-12 10:39:35,037 [pool-67-thread-1] INFO  server.RaftServerConfigKeys (ConfUtils.java:logGet(44)) - raft.server.log.statemachine.data.sync = true (default)
2021-01-12 10:39:35,037 [pool-67-thread-1] INFO  server.RaftServerConfigKeys (ConfUtils.java:logGet(44)) - raft.server.log.statemachine.data.sync.timeout = 10s (default)
2021-01-12 10:39:35,037 [pool-67-thread-1] INFO  server.RaftServerConfigKeys (ConfUtils.java:logGet(44)) - raft.server.log.statemachine.data.sync.timeout.retry = -1 (default)
2021-01-12 10:39:35,037 [pool-67-thread-1] INFO  server.RaftServerConfigKeys (ConfUtils.java:logGet(44)) - raft.server.log.write.buffer.size = 1048576 (custom)
2021-01-12 10:39:35,038 [pool-67-thread-1] INFO  server.RaftServerConfigKeys (ConfUtils.java:logGet(44)) - raft.server.log.statemachine.data.caching.enabled = true (custom)
2021-01-12 10:39:35,038 [pool-67-thread-1] INFO  segmented.SegmentedRaftLogWorker (SegmentedRaftLogWorker.java:lambda$new$0(132)) - 188a3981-abf6-489f-b30f-6e133fbbe68f@group-82257435C903-SegmentedRaftLogWorker: flushIndex: setUnconditionally 0 -> -1
2021-01-12 10:39:35,038 [pool-67-thread-1] INFO  segmented.SegmentedRaftLogWorker (SegmentedRaftLogWorker.java:lambda$new$0(132)) - 188a3981-abf6-489f-b30f-6e133fbbe68f@group-82257435C903-SegmentedRaftLogWorker: safeCacheEvictIndex: setUnconditionally 0 -> -1
2021-01-12 10:39:35,047 [pool-67-thread-1] INFO  server.RaftServerConfigKeys (ConfUtils.java:logGet(44)) - raft.server.snapshot.auto.trigger.enabled = true (custom)
2021-01-12 10:39:35,047 [pool-67-thread-1] INFO  server.RaftServerConfigKeys (ConfUtils.java:logGet(44)) - raft.server.snapshot.auto.trigger.threshold = 10000 (custom)
2021-01-12 10:39:35,047 [pool-67-thread-1] INFO  server.RaftServerConfigKeys (ConfUtils.java:logGet(44)) - raft.server.snapshot.retention.file.num = 5 (custom)
2021-01-12 10:39:35,047 [pool-67-thread-1] INFO  server.RaftServerConfigKeys (ConfUtils.java:logGet(44)) - raft.server.log.purge.upto.snapshot.index = false (default)
2021-01-12 10:39:35,047 [pool-67-thread-1] INFO  server.RaftServerConfigKeys (ConfUtils.java:logGet(44)) - raft.server.retrycache.expirytime = 600000ms (custom)
2021-01-12 10:39:35,047 [pool-67-thread-1] INFO  server.RaftServerConfigKeys (ConfUtils.java:logGet(44)) - raft.server.retrycache.statistics.expirytime = 100?s (default)
2021-01-12 10:39:35,047 [pool-67-thread-1] INFO  metrics.RatisMetrics (RatisMetrics.java:lambda$create$0(36)) - Creating Metrics Registry : ratis.leader_election.188a3981-abf6-489f-b30f-6e133fbbe68f@group-82257435C903
2021-01-12 10:39:35,047 [pool-67-thread-1] INFO  metrics.RatisMetrics (RatisMetrics.java:lambda$create$0(36)) - Creating Metrics Registry : ratis.server.188a3981-abf6-489f-b30f-6e133fbbe68f@group-82257435C903
2021-01-12 10:39:35,048 [pool-67-thread-1] INFO  server.RaftServer$Division (RaftServerImpl.java:start(294)) - 188a3981-abf6-489f-b30f-6e133fbbe68f@group-82257435C903: start as a follower, conf=-1: [76c719c5-dd80-44a7-8fd8-91f7e0efff8b|rpc:172.17.0.2:40481|priority:1, 722b62ba-328d-4705-904e-eefd1aac7358|rpc:172.17.0.2:40211|priority:0, 188a3981-abf6-489f-b30f-6e133fbbe68f|rpc:172.17.0.2:42803|priority:0], old=null
2021-01-12 10:39:35,048 [pool-67-thread-1] INFO  server.RaftServer$Division (RaftServerImpl.java:setRole(283)) - 188a3981-abf6-489f-b30f-6e133fbbe68f@group-82257435C903: changes role from      null to FOLLOWER at term 0 for startAsFollower
2021-01-12 10:39:35,048 [pool-67-thread-1] INFO  impl.RoleInfo (RoleInfo.java:updateAndGet(130)) - 188a3981-abf6-489f-b30f-6e133fbbe68f: start 188a3981-abf6-489f-b30f-6e133fbbe68f@group-82257435C903-FollowerState
2021-01-12 10:39:35,048 [pool-67-thread-1] INFO  util.JmxRegister (JmxRegister.java:tryRegister(44)) - Successfully registered JMX Bean with object name Ratis:service=RaftServer,group=group-82257435C903,id=188a3981-abf6-489f-b30f-6e133fbbe68f
2021-01-12 10:39:35,048 [pool-67-thread-1] INFO  metrics.RatisMetrics (RatisMetrics.java:lambda$create$0(36)) - Creating Metrics Registry : ratis.state_machine.188a3981-abf6-489f-b30f-6e133fbbe68f@group-82257435C903
2021-01-12 10:39:35,050 [Command processor thread] INFO  metrics.RatisMetrics (RatisMetrics.java:lambda$create$0(36)) - Creating Metrics Registry : ratis.client_message_metrics.client-33C19E716738->76c719c5-dd80-44a7-8fd8-91f7e0efff8b
2021-01-12 10:39:35,057 [EventQueue-OpenPipelineForHealthyPipelineSafeModeRule] INFO  safemode.SCMSafeModeManager (HealthyPipelineSafeModeRule.java:process(128)) - SCM in safe mode. Healthy pipelines reported count is 0, required healthy pipeline reported count is 1
2021-01-12 10:39:35,057 [EventQueue-PipelineReportForOneReplicaPipelineSafeModeRule] INFO  safemode.SCMSafeModeManager (SCMSafeModeManager.java:validateSafeModeExitRules(214)) - AtleastOneDatanodeReportedRule rule is successfully validated
2021-01-12 10:39:35,063 [grpc-default-executor-1] INFO  metrics.RatisMetrics (RatisMetrics.java:lambda$create$0(36)) - Creating Metrics Registry : ratis.server_message_metrics.188a3981-abf6-489f-b30f-6e133fbbe68f
2021-01-12 10:39:35,089 [grpc-default-executor-3] WARN  server.GrpcLogAppender (LogUtils.java:warn(122)) - omNode-2@group-523986131536->omNode-3-AppendLogResponseHandler: Failed appendEntries: org.apache.ratis.thirdparty.io.grpc.StatusRuntimeException: UNAVAILABLE: io exception
2021-01-12 10:39:35,091 [grpc-default-executor-3] WARN  server.GrpcLogAppender (GrpcLogAppender.java:resetClient(111)) - omNode-2@group-523986131536->omNode-3-GrpcLogAppender: Leader has not got in touch with Follower omNode-2@group-523986131536->omNode-3(c-1,m0,n1, attendVote=true, lastRpcSendTime=1, lastRpcResponseTime=6850) yet, just keep nextIndex unchanged and retry.
2021-01-12 10:39:35,117 [Command processor thread] INFO  metrics.RatisMetrics (RatisMetrics.java:lambda$create$0(36)) - Creating Metrics Registry : ratis.client_message_metrics.client-0E1E0065B639->722b62ba-328d-4705-904e-eefd1aac7358
2021-01-12 10:39:35,124 [Command processor thread] INFO  metrics.RatisMetrics (RatisMetrics.java:lambda$create$0(36)) - Creating Metrics Registry : ratis.client_message_metrics.client-480D489D90CE->722b62ba-328d-4705-904e-eefd1aac7358
2021-01-12 10:39:35,141 [grpc-default-executor-3] INFO  server.RaftServer (RaftServerProxy.java:addNew(95)) - 722b62ba-328d-4705-904e-eefd1aac7358: addNew group-82257435C903:[76c719c5-dd80-44a7-8fd8-91f7e0efff8b|rpc:172.17.0.2:40481|dataStream:|priority:1, 722b62ba-328d-4705-904e-eefd1aac7358|rpc:172.17.0.2:40211|dataStream:|priority:0, 188a3981-abf6-489f-b30f-6e133fbbe68f|rpc:172.17.0.2:42803|dataStream:|priority:0] returns group-82257435C903:java.util.concurrent.CompletableFuture@70e65edd[Not completed]
2021-01-12 10:39:35,142 [pool-99-thread-1] INFO  server.RaftServer$Division (RaftServerImpl.java:<init>(179)) - 722b62ba-328d-4705-904e-eefd1aac7358: new RaftServerImpl for group-82257435C903:[76c719c5-dd80-44a7-8fd8-91f7e0efff8b|rpc:172.17.0.2:40481|dataStream:|priority:1, 722b62ba-328d-4705-904e-eefd1aac7358|rpc:172.17.0.2:40211|dataStream:|priority:0, 188a3981-abf6-489f-b30f-6e133fbbe68f|rpc:172.17.0.2:42803|dataStream:|priority:0] with ContainerStateMachine:uninitialized
2021-01-12 10:39:35,142 [pool-99-thread-1] INFO  server.RaftServerConfigKeys (ConfUtils.java:logGet(44)) - raft.server.rpc.timeout.min = 5s (custom)
2021-01-12 10:39:35,142 [pool-99-thread-1] INFO  server.RaftServerConfigKeys (ConfUtils.java:logGet(44)) - raft.server.rpc.timeout.max = 5200ms (custom)
2021-01-12 10:39:35,142 [pool-99-thread-1] INFO  server.RaftServerConfigKeys (ConfUtils.java:logGet(44)) - raft.server.rpc.sleep.time = 25ms (default)
2021-01-12 10:39:35,143 [pool-99-thread-1] INFO  server.RaftServerConfigKeys (ConfUtils.java:logGet(44)) - raft.server.rpc.slowness.timeout = 300s (custom)
2021-01-12 10:39:35,143 [pool-99-thread-1] INFO  server.RaftServerConfigKeys (ConfUtils.java:logGet(44)) - raft.server.leaderelection.leader.step-down.wait-time = 10s (default)
2021-01-12 10:39:35,143 [pool-99-thread-1] INFO  server.RaftServerConfigKeys (ConfUtils.java:logGet(44)) - raft.server.sleep.deviation.threshold = 300ms (default)
2021-01-12 10:39:35,143 [pool-99-thread-1] INFO  server.RaftServerConfigKeys (ConfUtils.java:logGet(44)) - raft.server.log.appender.install.snapshot.enabled = false (custom)
2021-01-12 10:39:35,143 [pool-99-thread-1] INFO  server.RaftServer$Division (ServerState.java:<init>(103)) - 722b62ba-328d-4705-904e-eefd1aac7358@group-82257435C903: ConfigurationManager, init=-1: [76c719c5-dd80-44a7-8fd8-91f7e0efff8b|rpc:172.17.0.2:40481|dataStream:|priority:1, 722b62ba-328d-4705-904e-eefd1aac7358|rpc:172.17.0.2:40211|dataStream:|priority:0, 188a3981-abf6-489f-b30f-6e133fbbe68f|rpc:172.17.0.2:42803|dataStream:|priority:0], old=null, confs=<EMPTY_MAP>
2021-01-12 10:39:35,143 [pool-99-thread-1] INFO  server.RaftServerConfigKeys (ConfUtils.java:logGet(44)) - raft.server.storage.dir = [/github/workspace/mnt/ozone/hadoop-ozone/integration-test/target/test-dir/MiniOzoneClusterImpl-845f199f-e199-49cc-a013-e02be1563f77/datanode-2/data/ratis] (custom)
2021-01-12 10:39:35,143 [pool-99-thread-1] INFO  server.RaftServerConfigKeys (ConfUtils.java:logGet(44)) - raft.server.log.corruption.policy = EXCEPTION (default)
2021-01-12 10:39:35,143 [pool-99-thread-1] INFO  storage.RaftStorageDirectory (RaftStorageDirectoryImpl.java:analyzeStorage(132)) - The storage directory /github/workspace/mnt/ozone/hadoop-ozone/integration-test/target/test-dir/MiniOzoneClusterImpl-845f199f-e199-49cc-a013-e02be1563f77/datanode-2/data/ratis/bbf6dc67-22e2-4b23-b4a5-82257435c903 does not exist. Creating ...
2021-01-12 10:39:35,144 [pool-99-thread-1] INFO  storage.RaftStorageDirectory (RaftStorageDirectoryImpl.java:tryLock(215)) - Lock on /github/workspace/mnt/ozone/hadoop-ozone/integration-test/target/test-dir/MiniOzoneClusterImpl-845f199f-e199-49cc-a013-e02be1563f77/datanode-2/data/ratis/bbf6dc67-22e2-4b23-b4a5-82257435c903/in_use.lock acquired by nodename 22673@6ff8c8e3a8df
2021-01-12 10:39:35,145 [pool-99-thread-1] INFO  storage.RaftStorage (RaftStorageImpl.java:format(87)) - Storage directory /github/workspace/mnt/ozone/hadoop-ozone/integration-test/target/test-dir/MiniOzoneClusterImpl-845f199f-e199-49cc-a013-e02be1563f77/datanode-2/data/ratis/bbf6dc67-22e2-4b23-b4a5-82257435c903 has been successfully formatted.
2021-01-12 10:39:35,149 [pool-99-thread-1] INFO  ratis.ContainerStateMachine (ContainerStateMachine.java:loadSnapshot(223)) - group-82257435C903: The snapshot info is null. Setting the last applied indexto:(t:0, i:~)
2021-01-12 10:39:35,150 [pool-99-thread-1] ERROR storage.RaftStorage (RaftStorageImpl.java:readRaftConfiguration(147)) - Failed reading configuration from file:/github/workspace/mnt/ozone/hadoop-ozone/integration-test/target/test-dir/MiniOzoneClusterImpl-845f199f-e199-49cc-a013-e02be1563f77/datanode-2/data/ratis/bbf6dc67-22e2-4b23-b4a5-82257435c903/current/raft-meta.conf
java.io.FileNotFoundException: /github/workspace/mnt/ozone/hadoop-ozone/integration-test/target/test-dir/MiniOzoneClusterImpl-845f199f-e199-49cc-a013-e02be1563f77/datanode-2/data/ratis/bbf6dc67-22e2-4b23-b4a5-82257435c903/current/raft-meta.conf (No such file or directory)
	at java.io.FileInputStream.open0(Native Method)
	at java.io.FileInputStream.open(FileInputStream.java:195)
	at java.io.FileInputStream.<init>(FileInputStream.java:138)
	at org.apache.ratis.server.storage.RaftStorageImpl.readRaftConfiguration(RaftStorageImpl.java:143)
	at org.apache.ratis.server.impl.ServerState.<init>(ServerState.java:113)
	at org.apache.ratis.server.impl.RaftServerImpl.<init>(RaftServerImpl.java:192)
	at org.apache.ratis.server.impl.RaftServerProxy.lambda$newRaftServerImpl$4(RaftServerProxy.java:266)
	at java.util.concurrent.CompletableFuture$AsyncSupply.run(CompletableFuture.java:1604)
	at java.util.concurrent.ThreadPoolExecutor.runWorker(ThreadPoolExecutor.java:1149)
	at java.util.concurrent.ThreadPoolExecutor$Worker.run(ThreadPoolExecutor.java:624)
	at java.lang.Thread.run(Thread.java:748)
2021-01-12 10:39:35,150 [pool-99-thread-1] INFO  server.RaftServerConfigKeys (ConfUtils.java:logGet(44)) - raft.server.notification.no-leader.timeout = 300s (custom)
2021-01-12 10:39:35,150 [pool-99-thread-1] INFO  server.RaftServerConfigKeys (ConfUtils.java:logGet(44)) - raft.server.log.use.memory = false (default)
2021-01-12 10:39:35,150 [pool-99-thread-1] INFO  server.RaftServerConfigKeys (ConfUtils.java:logGet(44)) - raft.server.log.purge.gap = 1000000 (custom)
2021-01-12 10:39:35,150 [pool-99-thread-1] INFO  server.RaftServerConfigKeys (ConfUtils.java:logGet(44)) - raft.server.log.appender.buffer.byte-limit = 33554432 (custom)
2021-01-12 10:39:35,150 [pool-99-thread-1] INFO  metrics.RatisMetrics (RatisMetrics.java:lambda$create$0(36)) - Creating Metrics Registry : ratis.log_worker.722b62ba-328d-4705-904e-eefd1aac7358@group-82257435C903
2021-01-12 10:39:35,150 [pool-99-thread-1] INFO  server.RaftServerConfigKeys (ConfUtils.java:logGet(44)) - raft.server.log.segment.size.max = 1048576 (custom)
2021-01-12 10:39:35,150 [pool-99-thread-1] INFO  server.RaftServerConfigKeys (ConfUtils.java:logGet(44)) - raft.server.log.segment.cache.num.max = 2 (custom)
2021-01-12 10:39:35,150 [pool-99-thread-1] INFO  server.RaftServerConfigKeys (ConfUtils.java:logGet(44)) - raft.server.log.segment.cache.size.max = 200MB (=209715200) (default)
2021-01-12 10:39:35,150 [pool-99-thread-1] INFO  segmented.SegmentedRaftLogWorker (SegmentedRaftLogWorker.java:<init>(181)) - new 722b62ba-328d-4705-904e-eefd1aac7358@group-82257435C903-SegmentedRaftLogWorker for RaftStorageImpl:Storage Directory /github/workspace/mnt/ozone/hadoop-ozone/integration-test/target/test-dir/MiniOzoneClusterImpl-845f199f-e199-49cc-a013-e02be1563f77/datanode-2/data/ratis/bbf6dc67-22e2-4b23-b4a5-82257435c903
2021-01-12 10:39:35,150 [pool-99-thread-1] INFO  server.RaftServerConfigKeys (ConfUtils.java:logGet(44)) - raft.server.log.queue.byte-limit = 2147483647 (custom)
2021-01-12 10:39:35,151 [pool-99-thread-1] INFO  server.RaftServerConfigKeys (ConfUtils.java:logGet(44)) - raft.server.log.queue.element-limit = 1024 (custom)
2021-01-12 10:39:35,151 [pool-99-thread-1] INFO  server.RaftServerConfigKeys (ConfUtils.java:logGet(44)) - raft.server.log.segment.size.max = 1048576 (custom)
2021-01-12 10:39:35,151 [pool-99-thread-1] INFO  server.RaftServerConfigKeys (ConfUtils.java:logGet(44)) - raft.server.log.preallocated.size = 16384 (custom)
2021-01-12 10:39:35,151 [pool-99-thread-1] INFO  server.RaftServerConfigKeys (ConfUtils.java:logGet(44)) - raft.server.log.force.sync.num = 128 (default)
2021-01-12 10:39:35,151 [pool-99-thread-1] INFO  server.RaftServerConfigKeys (ConfUtils.java:logGet(44)) - raft.server.log.statemachine.data.sync = true (default)
2021-01-12 10:39:35,151 [pool-99-thread-1] INFO  server.RaftServerConfigKeys (ConfUtils.java:logGet(44)) - raft.server.log.statemachine.data.sync.timeout = 10s (default)
2021-01-12 10:39:35,151 [pool-99-thread-1] INFO  server.RaftServerConfigKeys (ConfUtils.java:logGet(44)) - raft.server.log.statemachine.data.sync.timeout.retry = -1 (default)
2021-01-12 10:39:35,151 [pool-99-thread-1] INFO  server.RaftServerConfigKeys (ConfUtils.java:logGet(44)) - raft.server.log.write.buffer.size = 1048576 (custom)
2021-01-12 10:39:35,152 [pool-99-thread-1] INFO  server.RaftServerConfigKeys (ConfUtils.java:logGet(44)) - raft.server.log.statemachine.data.caching.enabled = true (custom)
2021-01-12 10:39:35,152 [pool-99-thread-1] INFO  segmented.SegmentedRaftLogWorker (SegmentedRaftLogWorker.java:lambda$new$0(132)) - 722b62ba-328d-4705-904e-eefd1aac7358@group-82257435C903-SegmentedRaftLogWorker: flushIndex: setUnconditionally 0 -> -1
2021-01-12 10:39:35,152 [pool-99-thread-1] INFO  segmented.SegmentedRaftLogWorker (SegmentedRaftLogWorker.java:lambda$new$0(132)) - 722b62ba-328d-4705-904e-eefd1aac7358@group-82257435C903-SegmentedRaftLogWorker: safeCacheEvictIndex: setUnconditionally 0 -> -1
2021-01-12 10:39:35,162 [pool-99-thread-1] INFO  server.RaftServerConfigKeys (ConfUtils.java:logGet(44)) - raft.server.snapshot.auto.trigger.enabled = true (custom)
2021-01-12 10:39:35,162 [pool-99-thread-1] INFO  server.RaftServerConfigKeys (ConfUtils.java:logGet(44)) - raft.server.snapshot.auto.trigger.threshold = 10000 (custom)
2021-01-12 10:39:35,162 [pool-99-thread-1] INFO  server.RaftServerConfigKeys (ConfUtils.java:logGet(44)) - raft.server.snapshot.retention.file.num = 5 (custom)
2021-01-12 10:39:35,162 [pool-99-thread-1] INFO  server.RaftServerConfigKeys (ConfUtils.java:logGet(44)) - raft.server.log.purge.upto.snapshot.index = false (default)
2021-01-12 10:39:35,162 [pool-99-thread-1] INFO  server.RaftServerConfigKeys (ConfUtils.java:logGet(44)) - raft.server.retrycache.expirytime = 600000ms (custom)
2021-01-12 10:39:35,162 [pool-99-thread-1] INFO  server.RaftServerConfigKeys (ConfUtils.java:logGet(44)) - raft.server.retrycache.statistics.expirytime = 100?s (default)
2021-01-12 10:39:35,162 [pool-99-thread-1] INFO  metrics.RatisMetrics (RatisMetrics.java:lambda$create$0(36)) - Creating Metrics Registry : ratis.leader_election.722b62ba-328d-4705-904e-eefd1aac7358@group-82257435C903
2021-01-12 10:39:35,163 [pool-99-thread-1] INFO  metrics.RatisMetrics (RatisMetrics.java:lambda$create$0(36)) - Creating Metrics Registry : ratis.server.722b62ba-328d-4705-904e-eefd1aac7358@group-82257435C903
2021-01-12 10:39:35,163 [EventQueue-PipelineReportForOneReplicaPipelineSafeModeRule] INFO  safemode.SCMSafeModeManager (SCMSafeModeManager.java:validateSafeModeExitRules(214)) - AtleastOneDatanodeReportedRule rule is successfully validated
2021-01-12 10:39:35,163 [pool-99-thread-1] INFO  server.RaftServer$Division (RaftServerImpl.java:start(294)) - 722b62ba-328d-4705-904e-eefd1aac7358@group-82257435C903: start as a follower, conf=-1: [76c719c5-dd80-44a7-8fd8-91f7e0efff8b|rpc:172.17.0.2:40481|dataStream:|priority:1, 722b62ba-328d-4705-904e-eefd1aac7358|rpc:172.17.0.2:40211|dataStream:|priority:0, 188a3981-abf6-489f-b30f-6e133fbbe68f|rpc:172.17.0.2:42803|dataStream:|priority:0], old=null
2021-01-12 10:39:35,163 [pool-99-thread-1] INFO  server.RaftServer$Division (RaftServerImpl.java:setRole(283)) - 722b62ba-328d-4705-904e-eefd1aac7358@group-82257435C903: changes role from      null to FOLLOWER at term 0 for startAsFollower
2021-01-12 10:39:35,163 [pool-99-thread-1] INFO  impl.RoleInfo (RoleInfo.java:updateAndGet(130)) - 722b62ba-328d-4705-904e-eefd1aac7358: start 722b62ba-328d-4705-904e-eefd1aac7358@group-82257435C903-FollowerState
2021-01-12 10:39:35,164 [pool-99-thread-1] INFO  util.JmxRegister (JmxRegister.java:tryRegister(44)) - Successfully registered JMX Bean with object name Ratis:service=RaftServer,group=group-82257435C903,id=722b62ba-328d-4705-904e-eefd1aac7358
2021-01-12 10:39:35,164 [pool-99-thread-1] INFO  metrics.RatisMetrics (RatisMetrics.java:lambda$create$0(36)) - Creating Metrics Registry : ratis.state_machine.722b62ba-328d-4705-904e-eefd1aac7358@group-82257435C903
2021-01-12 10:39:35,186 [Command processor thread] INFO  commandhandler.CreatePipelineCommandHandler (CreatePipelineCommandHandler.java:handle(106)) - Created Pipeline RATIS THREE PipelineID=bbf6dc67-22e2-4b23-b4a5-82257435c903.
2021-01-12 10:39:35,186 [Command processor thread] INFO  commandhandler.CreatePipelineCommandHandler (CreatePipelineCommandHandler.java:handle(106)) - Created Pipeline RATIS THREE PipelineID=bbf6dc67-22e2-4b23-b4a5-82257435c903.
2021-01-12 10:39:35,251 [Listener at 127.0.0.1/10732] INFO  ozone.MiniOzoneClusterImpl (MiniOzoneClusterImpl.java:lambda$waitForClusterToBeReady$0(179)) - Nodes are ready. Got 3 of 3 DN Heartbeats.
2021-01-12 10:39:35,251 [Listener at 127.0.0.1/10732] INFO  ozone.MiniOzoneClusterImpl (MiniOzoneClusterImpl.java:lambda$waitForClusterToBeReady$0(182)) - Waiting for cluster to exit safe mode
2021-01-12 10:39:35,257 [Command processor thread] INFO  server.RaftServer (RaftServerProxy.java:addNew(95)) - 722b62ba-328d-4705-904e-eefd1aac7358: addNew group-F95C1579C5CD:[722b62ba-328d-4705-904e-eefd1aac7358|rpc:172.17.0.2:40211|priority:1] returns group-F95C1579C5CD:java.util.concurrent.CompletableFuture@35719d4c[Not completed]
2021-01-12 10:39:35,258 [pool-99-thread-1] INFO  server.RaftServer$Division (RaftServerImpl.java:<init>(179)) - 722b62ba-328d-4705-904e-eefd1aac7358: new RaftServerImpl for group-F95C1579C5CD:[722b62ba-328d-4705-904e-eefd1aac7358|rpc:172.17.0.2:40211|priority:1] with ContainerStateMachine:uninitialized
2021-01-12 10:39:35,258 [pool-99-thread-1] INFO  server.RaftServerConfigKeys (ConfUtils.java:logGet(44)) - raft.server.rpc.timeout.min = 5s (custom)
2021-01-12 10:39:35,258 [pool-99-thread-1] INFO  server.RaftServerConfigKeys (ConfUtils.java:logGet(44)) - raft.server.rpc.timeout.max = 5200ms (custom)
2021-01-12 10:39:35,258 [pool-99-thread-1] INFO  server.RaftServerConfigKeys (ConfUtils.java:logGet(44)) - raft.server.rpc.sleep.time = 25ms (default)
2021-01-12 10:39:35,259 [pool-99-thread-1] INFO  server.RaftServerConfigKeys (ConfUtils.java:logGet(44)) - raft.server.rpc.slowness.timeout = 300s (custom)
2021-01-12 10:39:35,259 [pool-99-thread-1] INFO  server.RaftServerConfigKeys (ConfUtils.java:logGet(44)) - raft.server.leaderelection.leader.step-down.wait-time = 10s (default)
2021-01-12 10:39:35,259 [pool-99-thread-1] INFO  server.RaftServerConfigKeys (ConfUtils.java:logGet(44)) - raft.server.sleep.deviation.threshold = 300ms (default)
2021-01-12 10:39:35,259 [pool-99-thread-1] INFO  server.RaftServerConfigKeys (ConfUtils.java:logGet(44)) - raft.server.log.appender.install.snapshot.enabled = false (custom)
2021-01-12 10:39:35,259 [pool-99-thread-1] INFO  server.RaftServer$Division (ServerState.java:<init>(103)) - 722b62ba-328d-4705-904e-eefd1aac7358@group-F95C1579C5CD: ConfigurationManager, init=-1: [722b62ba-328d-4705-904e-eefd1aac7358|rpc:172.17.0.2:40211|priority:1], old=null, confs=<EMPTY_MAP>
2021-01-12 10:39:35,259 [pool-99-thread-1] INFO  server.RaftServerConfigKeys (ConfUtils.java:logGet(44)) - raft.server.storage.dir = [/github/workspace/mnt/ozone/hadoop-ozone/integration-test/target/test-dir/MiniOzoneClusterImpl-845f199f-e199-49cc-a013-e02be1563f77/datanode-2/data/ratis] (custom)
2021-01-12 10:39:35,259 [pool-99-thread-1] INFO  server.RaftServerConfigKeys (ConfUtils.java:logGet(44)) - raft.server.log.corruption.policy = EXCEPTION (default)
2021-01-12 10:39:35,259 [pool-99-thread-1] INFO  storage.RaftStorageDirectory (RaftStorageDirectoryImpl.java:analyzeStorage(132)) - The storage directory /github/workspace/mnt/ozone/hadoop-ozone/integration-test/target/test-dir/MiniOzoneClusterImpl-845f199f-e199-49cc-a013-e02be1563f77/datanode-2/data/ratis/37583bd8-1c78-4ed3-80cf-f95c1579c5cd does not exist. Creating ...
2021-01-12 10:39:35,265 [pool-99-thread-1] INFO  storage.RaftStorageDirectory (RaftStorageDirectoryImpl.java:tryLock(215)) - Lock on /github/workspace/mnt/ozone/hadoop-ozone/integration-test/target/test-dir/MiniOzoneClusterImpl-845f199f-e199-49cc-a013-e02be1563f77/datanode-2/data/ratis/37583bd8-1c78-4ed3-80cf-f95c1579c5cd/in_use.lock acquired by nodename 22673@6ff8c8e3a8df
2021-01-12 10:39:35,266 [pool-99-thread-1] INFO  storage.RaftStorage (RaftStorageImpl.java:format(87)) - Storage directory /github/workspace/mnt/ozone/hadoop-ozone/integration-test/target/test-dir/MiniOzoneClusterImpl-845f199f-e199-49cc-a013-e02be1563f77/datanode-2/data/ratis/37583bd8-1c78-4ed3-80cf-f95c1579c5cd has been successfully formatted.
2021-01-12 10:39:35,267 [pool-99-thread-1] INFO  ratis.ContainerStateMachine (ContainerStateMachine.java:loadSnapshot(223)) - group-F95C1579C5CD: The snapshot info is null. Setting the last applied indexto:(t:0, i:~)
2021-01-12 10:39:35,267 [pool-99-thread-1] ERROR storage.RaftStorage (RaftStorageImpl.java:readRaftConfiguration(147)) - Failed reading configuration from file:/github/workspace/mnt/ozone/hadoop-ozone/integration-test/target/test-dir/MiniOzoneClusterImpl-845f199f-e199-49cc-a013-e02be1563f77/datanode-2/data/ratis/37583bd8-1c78-4ed3-80cf-f95c1579c5cd/current/raft-meta.conf
java.io.FileNotFoundException: /github/workspace/mnt/ozone/hadoop-ozone/integration-test/target/test-dir/MiniOzoneClusterImpl-845f199f-e199-49cc-a013-e02be1563f77/datanode-2/data/ratis/37583bd8-1c78-4ed3-80cf-f95c1579c5cd/current/raft-meta.conf (No such file or directory)
	at java.io.FileInputStream.open0(Native Method)
	at java.io.FileInputStream.open(FileInputStream.java:195)
	at java.io.FileInputStream.<init>(FileInputStream.java:138)
	at org.apache.ratis.server.storage.RaftStorageImpl.readRaftConfiguration(RaftStorageImpl.java:143)
	at org.apache.ratis.server.impl.ServerState.<init>(ServerState.java:113)
	at org.apache.ratis.server.impl.RaftServerImpl.<init>(RaftServerImpl.java:192)
	at org.apache.ratis.server.impl.RaftServerProxy.lambda$newRaftServerImpl$4(RaftServerProxy.java:266)
	at java.util.concurrent.CompletableFuture$AsyncSupply.run(CompletableFuture.java:1604)
	at java.util.concurrent.ThreadPoolExecutor.runWorker(ThreadPoolExecutor.java:1149)
	at java.util.concurrent.ThreadPoolExecutor$Worker.run(ThreadPoolExecutor.java:624)
	at java.lang.Thread.run(Thread.java:748)
2021-01-12 10:39:35,267 [pool-99-thread-1] INFO  server.RaftServerConfigKeys (ConfUtils.java:logGet(44)) - raft.server.notification.no-leader.timeout = 300s (custom)
2021-01-12 10:39:35,267 [pool-99-thread-1] INFO  server.RaftServerConfigKeys (ConfUtils.java:logGet(44)) - raft.server.log.use.memory = false (default)
2021-01-12 10:39:35,267 [pool-99-thread-1] INFO  server.RaftServerConfigKeys (ConfUtils.java:logGet(44)) - raft.server.log.purge.gap = 1000000 (custom)
2021-01-12 10:39:35,267 [pool-99-thread-1] INFO  server.RaftServerConfigKeys (ConfUtils.java:logGet(44)) - raft.server.log.appender.buffer.byte-limit = 33554432 (custom)
2021-01-12 10:39:35,271 [EventQueue-PipelineReportForPipelineReportHandler] INFO  pipeline.PipelineStateManager (PipelineStateManager.java:openPipeline(132)) - Pipeline Pipeline[ Id: 37583bd8-1c78-4ed3-80cf-f95c1579c5cd, Nodes: 722b62ba-328d-4705-904e-eefd1aac7358{ip: 172.17.0.2, host: 6ff8c8e3a8df, networkLocation: /default-rack, certSerialId: null, persistedOpState: IN_SERVICE, persistedOpStateExpiryEpochSec: 0}, Type:RATIS, Factor:ONE, State:ALLOCATED, leaderId:722b62ba-328d-4705-904e-eefd1aac7358, CreationTimestamp2021-01-12T10:39:32.262Z] moved to OPEN state
2021-01-12 10:39:35,271 [EventQueue-PipelineReportForOneReplicaPipelineSafeModeRule] INFO  safemode.SCMSafeModeManager (SCMSafeModeManager.java:validateSafeModeExitRules(214)) - AtleastOneDatanodeReportedRule rule is successfully validated
2021-01-12 10:39:35,271 [EventQueue-OpenPipelineForHealthyPipelineSafeModeRule] INFO  safemode.SCMSafeModeManager (HealthyPipelineSafeModeRule.java:process(128)) - SCM in safe mode. Healthy pipelines reported count is 0, required healthy pipeline reported count is 1
2021-01-12 10:39:35,275 [pool-99-thread-1] INFO  metrics.RatisMetrics (RatisMetrics.java:lambda$create$0(36)) - Creating Metrics Registry : ratis.log_worker.722b62ba-328d-4705-904e-eefd1aac7358@group-F95C1579C5CD
2021-01-12 10:39:35,275 [pool-99-thread-1] INFO  server.RaftServerConfigKeys (ConfUtils.java:logGet(44)) - raft.server.log.segment.size.max = 1048576 (custom)
2021-01-12 10:39:35,275 [pool-99-thread-1] INFO  server.RaftServerConfigKeys (ConfUtils.java:logGet(44)) - raft.server.log.segment.cache.num.max = 2 (custom)
2021-01-12 10:39:35,276 [pool-99-thread-1] INFO  server.RaftServerConfigKeys (ConfUtils.java:logGet(44)) - raft.server.log.segment.cache.size.max = 200MB (=209715200) (default)
2021-01-12 10:39:35,276 [pool-99-thread-1] INFO  segmented.SegmentedRaftLogWorker (SegmentedRaftLogWorker.java:<init>(181)) - new 722b62ba-328d-4705-904e-eefd1aac7358@group-F95C1579C5CD-SegmentedRaftLogWorker for RaftStorageImpl:Storage Directory /github/workspace/mnt/ozone/hadoop-ozone/integration-test/target/test-dir/MiniOzoneClusterImpl-845f199f-e199-49cc-a013-e02be1563f77/datanode-2/data/ratis/37583bd8-1c78-4ed3-80cf-f95c1579c5cd
2021-01-12 10:39:35,276 [pool-99-thread-1] INFO  server.RaftServerConfigKeys (ConfUtils.java:logGet(44)) - raft.server.log.queue.byte-limit = 2147483647 (custom)
2021-01-12 10:39:35,285 [pool-99-thread-1] INFO  server.RaftServerConfigKeys (ConfUtils.java:logGet(44)) - raft.server.log.queue.element-limit = 1024 (custom)
2021-01-12 10:39:35,286 [pool-99-thread-1] INFO  server.RaftServerConfigKeys (ConfUtils.java:logGet(44)) - raft.server.log.segment.size.max = 1048576 (custom)
2021-01-12 10:39:35,286 [pool-99-thread-1] INFO  server.RaftServerConfigKeys (ConfUtils.java:logGet(44)) - raft.server.log.preallocated.size = 16384 (custom)
2021-01-12 10:39:35,286 [pool-99-thread-1] INFO  server.RaftServerConfigKeys (ConfUtils.java:logGet(44)) - raft.server.log.force.sync.num = 128 (default)
2021-01-12 10:39:35,286 [pool-99-thread-1] INFO  server.RaftServerConfigKeys (ConfUtils.java:logGet(44)) - raft.server.log.statemachine.data.sync = true (default)
2021-01-12 10:39:35,286 [pool-99-thread-1] INFO  server.RaftServerConfigKeys (ConfUtils.java:logGet(44)) - raft.server.log.statemachine.data.sync.timeout = 10s (default)
2021-01-12 10:39:35,286 [pool-99-thread-1] INFO  server.RaftServerConfigKeys (ConfUtils.java:logGet(44)) - raft.server.log.statemachine.data.sync.timeout.retry = -1 (default)
2021-01-12 10:39:35,286 [pool-99-thread-1] INFO  server.RaftServerConfigKeys (ConfUtils.java:logGet(44)) - raft.server.log.write.buffer.size = 1048576 (custom)
2021-01-12 10:39:35,287 [pool-99-thread-1] INFO  server.RaftServerConfigKeys (ConfUtils.java:logGet(44)) - raft.server.log.statemachine.data.caching.enabled = true (custom)
2021-01-12 10:39:35,287 [pool-99-thread-1] INFO  segmented.SegmentedRaftLogWorker (SegmentedRaftLogWorker.java:lambda$new$0(132)) - 722b62ba-328d-4705-904e-eefd1aac7358@group-F95C1579C5CD-SegmentedRaftLogWorker: flushIndex: setUnconditionally 0 -> -1
2021-01-12 10:39:35,287 [pool-99-thread-1] INFO  segmented.SegmentedRaftLogWorker (SegmentedRaftLogWorker.java:lambda$new$0(132)) - 722b62ba-328d-4705-904e-eefd1aac7358@group-F95C1579C5CD-SegmentedRaftLogWorker: safeCacheEvictIndex: setUnconditionally 0 -> -1
2021-01-12 10:39:35,290 [pool-99-thread-1] INFO  server.RaftServerConfigKeys (ConfUtils.java:logGet(44)) - raft.server.snapshot.auto.trigger.enabled = true (custom)
2021-01-12 10:39:35,290 [pool-99-thread-1] INFO  server.RaftServerConfigKeys (ConfUtils.java:logGet(44)) - raft.server.snapshot.auto.trigger.threshold = 10000 (custom)
2021-01-12 10:39:35,290 [pool-99-thread-1] INFO  server.RaftServerConfigKeys (ConfUtils.java:logGet(44)) - raft.server.snapshot.retention.file.num = 5 (custom)
2021-01-12 10:39:35,290 [pool-99-thread-1] INFO  server.RaftServerConfigKeys (ConfUtils.java:logGet(44)) - raft.server.log.purge.upto.snapshot.index = false (default)
2021-01-12 10:39:35,290 [pool-99-thread-1] INFO  server.RaftServerConfigKeys (ConfUtils.java:logGet(44)) - raft.server.retrycache.expirytime = 600000ms (custom)
2021-01-12 10:39:35,290 [pool-99-thread-1] INFO  server.RaftServerConfigKeys (ConfUtils.java:logGet(44)) - raft.server.retrycache.statistics.expirytime = 100?s (default)
2021-01-12 10:39:35,291 [pool-99-thread-1] INFO  metrics.RatisMetrics (RatisMetrics.java:lambda$create$0(36)) - Creating Metrics Registry : ratis.leader_election.722b62ba-328d-4705-904e-eefd1aac7358@group-F95C1579C5CD
2021-01-12 10:39:35,291 [pool-99-thread-1] INFO  metrics.RatisMetrics (RatisMetrics.java:lambda$create$0(36)) - Creating Metrics Registry : ratis.server.722b62ba-328d-4705-904e-eefd1aac7358@group-F95C1579C5CD
2021-01-12 10:39:35,291 [pool-99-thread-1] INFO  server.RaftServer$Division (RaftServerImpl.java:start(294)) - 722b62ba-328d-4705-904e-eefd1aac7358@group-F95C1579C5CD: start as a follower, conf=-1: [722b62ba-328d-4705-904e-eefd1aac7358|rpc:172.17.0.2:40211|priority:1], old=null
2021-01-12 10:39:35,291 [pool-99-thread-1] INFO  server.RaftServer$Division (RaftServerImpl.java:setRole(283)) - 722b62ba-328d-4705-904e-eefd1aac7358@group-F95C1579C5CD: changes role from      null to FOLLOWER at term 0 for startAsFollower
2021-01-12 10:39:35,291 [pool-99-thread-1] INFO  impl.RoleInfo (RoleInfo.java:updateAndGet(130)) - 722b62ba-328d-4705-904e-eefd1aac7358: start 722b62ba-328d-4705-904e-eefd1aac7358@group-F95C1579C5CD-FollowerState
2021-01-12 10:39:35,297 [pool-99-thread-1] INFO  util.JmxRegister (JmxRegister.java:tryRegister(44)) - Successfully registered JMX Bean with object name Ratis:service=RaftServer,group=group-F95C1579C5CD,id=722b62ba-328d-4705-904e-eefd1aac7358
2021-01-12 10:39:35,298 [pool-99-thread-1] INFO  metrics.RatisMetrics (RatisMetrics.java:lambda$create$0(36)) - Creating Metrics Registry : ratis.state_machine.722b62ba-328d-4705-904e-eefd1aac7358@group-F95C1579C5CD
2021-01-12 10:39:35,306 [Command processor thread] INFO  commandhandler.CreatePipelineCommandHandler (CreatePipelineCommandHandler.java:handle(106)) - Created Pipeline RATIS ONE PipelineID=37583bd8-1c78-4ed3-80cf-f95c1579c5cd.
2021-01-12 10:39:35,590 [grpc-default-executor-3] WARN  server.GrpcLogAppender (LogUtils.java:warn(122)) - omNode-2@group-523986131536->omNode-3-AppendLogResponseHandler: Failed appendEntries: org.apache.ratis.thirdparty.io.grpc.StatusRuntimeException: UNAVAILABLE: io exception
2021-01-12 10:39:35,591 [grpc-default-executor-3] WARN  server.GrpcLogAppender (GrpcLogAppender.java:resetClient(111)) - omNode-2@group-523986131536->omNode-3-GrpcLogAppender: Leader has not got in touch with Follower omNode-2@group-523986131536->omNode-3(c-1,m0,n1, attendVote=true, lastRpcSendTime=501, lastRpcResponseTime=7350) yet, just keep nextIndex unchanged and retry.
2021-01-12 10:39:35,988 [EventQueue-PipelineReportForOneReplicaPipelineSafeModeRule] INFO  safemode.SCMSafeModeManager (SCMSafeModeManager.java:validateSafeModeExitRules(214)) - AtleastOneDatanodeReportedRule rule is successfully validated
2021-01-12 10:39:35,988 [EventQueue-OpenPipelineForHealthyPipelineSafeModeRule] INFO  safemode.SCMSafeModeManager (HealthyPipelineSafeModeRule.java:process(128)) - SCM in safe mode. Healthy pipelines reported count is 0, required healthy pipeline reported count is 1
2021-01-12 10:39:36,045 [EventQueue-PipelineReportForOneReplicaPipelineSafeModeRule] INFO  safemode.SCMSafeModeManager (SCMSafeModeManager.java:validateSafeModeExitRules(214)) - AtleastOneDatanodeReportedRule rule is successfully validated
2021-01-12 10:39:36,045 [EventQueue-OpenPipelineForHealthyPipelineSafeModeRule] INFO  safemode.SCMSafeModeManager (HealthyPipelineSafeModeRule.java:process(128)) - SCM in safe mode. Healthy pipelines reported count is 0, required healthy pipeline reported count is 1
2021-01-12 10:39:36,098 [grpc-default-executor-3] WARN  server.GrpcLogAppender (LogUtils.java:warn(122)) - omNode-2@group-523986131536->omNode-3-AppendLogResponseHandler: Failed appendEntries: org.apache.ratis.thirdparty.io.grpc.StatusRuntimeException: UNAVAILABLE: io exception
2021-01-12 10:39:36,099 [grpc-default-executor-3] WARN  server.GrpcLogAppender (GrpcLogAppender.java:resetClient(111)) - omNode-2@group-523986131536->omNode-3-GrpcLogAppender: Leader has not got in touch with Follower omNode-2@group-523986131536->omNode-3(c-1,m0,n1, attendVote=true, lastRpcSendTime=507, lastRpcResponseTime=7858) yet, just keep nextIndex unchanged and retry.
2021-01-12 10:39:36,251 [Listener at 127.0.0.1/10732] INFO  ozone.MiniOzoneClusterImpl (MiniOzoneClusterImpl.java:lambda$waitForClusterToBeReady$0(179)) - Nodes are ready. Got 3 of 3 DN Heartbeats.
2021-01-12 10:39:36,251 [Listener at 127.0.0.1/10732] INFO  ozone.MiniOzoneClusterImpl (MiniOzoneClusterImpl.java:lambda$waitForClusterToBeReady$0(182)) - Waiting for cluster to exit safe mode
2021-01-12 10:39:36,271 [EventQueue-PipelineReportForOneReplicaPipelineSafeModeRule] INFO  safemode.SCMSafeModeManager (SCMSafeModeManager.java:validateSafeModeExitRules(214)) - AtleastOneDatanodeReportedRule rule is successfully validated
2021-01-12 10:39:36,271 [EventQueue-OpenPipelineForHealthyPipelineSafeModeRule] INFO  safemode.SCMSafeModeManager (HealthyPipelineSafeModeRule.java:process(128)) - SCM in safe mode. Healthy pipelines reported count is 0, required healthy pipeline reported count is 1
2021-01-12 10:39:36,600 [grpc-default-executor-3] WARN  server.GrpcLogAppender (LogUtils.java:warn(122)) - omNode-2@group-523986131536->omNode-3-AppendLogResponseHandler: Failed appendEntries: org.apache.ratis.thirdparty.io.grpc.StatusRuntimeException: UNAVAILABLE: io exception
2021-01-12 10:39:36,601 [grpc-default-executor-3] WARN  server.GrpcLogAppender (GrpcLogAppender.java:resetClient(111)) - omNode-2@group-523986131536->omNode-3-GrpcLogAppender: Leader has not got in touch with Follower omNode-2@group-523986131536->omNode-3(c-1,m0,n1, attendVote=true, lastRpcSendTime=0, lastRpcResponseTime=8360) yet, just keep nextIndex unchanged and retry.
2021-01-12 10:39:36,971 [EventQueue-PipelineReportForOneReplicaPipelineSafeModeRule] INFO  safemode.SCMSafeModeManager (SCMSafeModeManager.java:validateSafeModeExitRules(214)) - AtleastOneDatanodeReportedRule rule is successfully validated
2021-01-12 10:39:36,971 [EventQueue-OpenPipelineForHealthyPipelineSafeModeRule] INFO  safemode.SCMSafeModeManager (HealthyPipelineSafeModeRule.java:process(128)) - SCM in safe mode. Healthy pipelines reported count is 0, required healthy pipeline reported count is 1
2021-01-12 10:39:37,042 [EventQueue-PipelineReportForOneReplicaPipelineSafeModeRule] INFO  safemode.SCMSafeModeManager (SCMSafeModeManager.java:validateSafeModeExitRules(214)) - AtleastOneDatanodeReportedRule rule is successfully validated
2021-01-12 10:39:37,042 [EventQueue-OpenPipelineForHealthyPipelineSafeModeRule] INFO  safemode.SCMSafeModeManager (HealthyPipelineSafeModeRule.java:process(128)) - SCM in safe mode. Healthy pipelines reported count is 0, required healthy pipeline reported count is 1
2021-01-12 10:39:37,100 [grpc-default-executor-3] WARN  server.GrpcLogAppender (LogUtils.java:warn(122)) - omNode-2@group-523986131536->omNode-3-AppendLogResponseHandler: Failed appendEntries: org.apache.ratis.thirdparty.io.grpc.StatusRuntimeException: UNAVAILABLE: io exception
2021-01-12 10:39:37,101 [grpc-default-executor-3] WARN  server.GrpcLogAppender (GrpcLogAppender.java:resetClient(111)) - omNode-2@group-523986131536->omNode-3-GrpcLogAppender: Leader has not got in touch with Follower omNode-2@group-523986131536->omNode-3(c-1,m0,n1, attendVote=true, lastRpcSendTime=0, lastRpcResponseTime=8860) yet, just keep nextIndex unchanged and retry.
2021-01-12 10:39:37,254 [Listener at 127.0.0.1/10732] INFO  ozone.MiniOzoneClusterImpl (MiniOzoneClusterImpl.java:lambda$waitForClusterToBeReady$0(179)) - Nodes are ready. Got 3 of 3 DN Heartbeats.
2021-01-12 10:39:37,255 [Listener at 127.0.0.1/10732] INFO  ozone.MiniOzoneClusterImpl (MiniOzoneClusterImpl.java:lambda$waitForClusterToBeReady$0(182)) - Waiting for cluster to exit safe mode
2021-01-12 10:39:37,270 [EventQueue-PipelineReportForOneReplicaPipelineSafeModeRule] INFO  safemode.SCMSafeModeManager (SCMSafeModeManager.java:validateSafeModeExitRules(214)) - AtleastOneDatanodeReportedRule rule is successfully validated
2021-01-12 10:39:37,271 [EventQueue-OpenPipelineForHealthyPipelineSafeModeRule] INFO  safemode.SCMSafeModeManager (HealthyPipelineSafeModeRule.java:process(128)) - SCM in safe mode. Healthy pipelines reported count is 0, required healthy pipeline reported count is 1
2021-01-12 10:39:37,601 [grpc-default-executor-3] WARN  server.GrpcLogAppender (LogUtils.java:warn(122)) - omNode-2@group-523986131536->omNode-3-AppendLogResponseHandler: Failed appendEntries: org.apache.ratis.thirdparty.io.grpc.StatusRuntimeException: UNAVAILABLE: io exception
2021-01-12 10:39:37,602 [grpc-default-executor-3] WARN  server.GrpcLogAppender (GrpcLogAppender.java:resetClient(111)) - omNode-2@group-523986131536->omNode-3-GrpcLogAppender: Leader has not got in touch with Follower omNode-2@group-523986131536->omNode-3(c-1,m0,n1, attendVote=true, lastRpcSendTime=0, lastRpcResponseTime=9361) yet, just keep nextIndex unchanged and retry.
2021-01-12 10:39:37,971 [EventQueue-PipelineReportForOneReplicaPipelineSafeModeRule] INFO  safemode.SCMSafeModeManager (SCMSafeModeManager.java:validateSafeModeExitRules(214)) - AtleastOneDatanodeReportedRule rule is successfully validated
2021-01-12 10:39:37,971 [EventQueue-OpenPipelineForHealthyPipelineSafeModeRule] INFO  safemode.SCMSafeModeManager (HealthyPipelineSafeModeRule.java:process(128)) - SCM in safe mode. Healthy pipelines reported count is 0, required healthy pipeline reported count is 1
2021-01-12 10:39:38,039 [EventQueue-PipelineReportForOneReplicaPipelineSafeModeRule] INFO  safemode.SCMSafeModeManager (SCMSafeModeManager.java:validateSafeModeExitRules(214)) - AtleastOneDatanodeReportedRule rule is successfully validated
2021-01-12 10:39:38,040 [EventQueue-OpenPipelineForHealthyPipelineSafeModeRule] INFO  safemode.SCMSafeModeManager (HealthyPipelineSafeModeRule.java:process(128)) - SCM in safe mode. Healthy pipelines reported count is 0, required healthy pipeline reported count is 1
2021-01-12 10:39:38,101 [grpc-default-executor-3] WARN  server.GrpcLogAppender (LogUtils.java:warn(122)) - omNode-2@group-523986131536->omNode-3-AppendLogResponseHandler: Failed appendEntries: org.apache.ratis.thirdparty.io.grpc.StatusRuntimeException: UNAVAILABLE: io exception
2021-01-12 10:39:38,102 [grpc-default-executor-3] WARN  server.GrpcLogAppender (GrpcLogAppender.java:resetClient(111)) - omNode-2@group-523986131536->omNode-3-GrpcLogAppender: Leader has not got in touch with Follower omNode-2@group-523986131536->omNode-3(c-1,m0,n1, attendVote=true, lastRpcSendTime=0, lastRpcResponseTime=9861) yet, just keep nextIndex unchanged and retry.
2021-01-12 10:39:38,255 [Listener at 127.0.0.1/10732] INFO  ozone.MiniOzoneClusterImpl (MiniOzoneClusterImpl.java:lambda$waitForClusterToBeReady$0(179)) - Nodes are ready. Got 3 of 3 DN Heartbeats.
2021-01-12 10:39:38,255 [Listener at 127.0.0.1/10732] INFO  ozone.MiniOzoneClusterImpl (MiniOzoneClusterImpl.java:lambda$waitForClusterToBeReady$0(182)) - Waiting for cluster to exit safe mode
2021-01-12 10:39:38,269 [EventQueue-PipelineReportForOneReplicaPipelineSafeModeRule] INFO  safemode.SCMSafeModeManager (SCMSafeModeManager.java:validateSafeModeExitRules(214)) - AtleastOneDatanodeReportedRule rule is successfully validated
2021-01-12 10:39:38,269 [EventQueue-OpenPipelineForHealthyPipelineSafeModeRule] INFO  safemode.SCMSafeModeManager (HealthyPipelineSafeModeRule.java:process(128)) - SCM in safe mode. Healthy pipelines reported count is 0, required healthy pipeline reported count is 1
2021-01-12 10:39:38,602 [grpc-default-executor-3] WARN  server.GrpcLogAppender (LogUtils.java:warn(122)) - omNode-2@group-523986131536->omNode-3-AppendLogResponseHandler: Failed appendEntries: org.apache.ratis.thirdparty.io.grpc.StatusRuntimeException: UNAVAILABLE: io exception
2021-01-12 10:39:38,602 [grpc-default-executor-3] WARN  server.GrpcLogAppender (GrpcLogAppender.java:resetClient(111)) - omNode-2@group-523986131536->omNode-3-GrpcLogAppender: Leader has not got in touch with Follower omNode-2@group-523986131536->omNode-3(c-1,m0,n1, attendVote=true, lastRpcSendTime=0, lastRpcResponseTime=10362) yet, just keep nextIndex unchanged and retry.
2021-01-12 10:39:38,974 [EventQueue-PipelineReportForOneReplicaPipelineSafeModeRule] INFO  safemode.SCMSafeModeManager (SCMSafeModeManager.java:validateSafeModeExitRules(214)) - AtleastOneDatanodeReportedRule rule is successfully validated
2021-01-12 10:39:38,974 [EventQueue-OpenPipelineForHealthyPipelineSafeModeRule] INFO  safemode.SCMSafeModeManager (HealthyPipelineSafeModeRule.java:process(128)) - SCM in safe mode. Healthy pipelines reported count is 0, required healthy pipeline reported count is 1
2021-01-12 10:39:39,040 [EventQueue-PipelineReportForOneReplicaPipelineSafeModeRule] INFO  safemode.SCMSafeModeManager (SCMSafeModeManager.java:validateSafeModeExitRules(214)) - AtleastOneDatanodeReportedRule rule is successfully validated
2021-01-12 10:39:39,040 [EventQueue-OpenPipelineForHealthyPipelineSafeModeRule] INFO  safemode.SCMSafeModeManager (HealthyPipelineSafeModeRule.java:process(128)) - SCM in safe mode. Healthy pipelines reported count is 0, required healthy pipeline reported count is 1
2021-01-12 10:39:39,102 [grpc-default-executor-3] WARN  server.GrpcLogAppender (LogUtils.java:warn(122)) - omNode-2@group-523986131536->omNode-3-AppendLogResponseHandler: Failed appendEntries: org.apache.ratis.thirdparty.io.grpc.StatusRuntimeException: UNAVAILABLE: io exception
2021-01-12 10:39:39,103 [grpc-default-executor-3] WARN  server.GrpcLogAppender (GrpcLogAppender.java:resetClient(111)) - omNode-2@group-523986131536->omNode-3-GrpcLogAppender: Leader has not got in touch with Follower omNode-2@group-523986131536->omNode-3(c-1,m0,n1, attendVote=true, lastRpcSendTime=0, lastRpcResponseTime=10862) yet, just keep nextIndex unchanged and retry.
2021-01-12 10:39:39,255 [Listener at 127.0.0.1/10732] INFO  ozone.MiniOzoneClusterImpl (MiniOzoneClusterImpl.java:lambda$waitForClusterToBeReady$0(179)) - Nodes are ready. Got 3 of 3 DN Heartbeats.
2021-01-12 10:39:39,255 [Listener at 127.0.0.1/10732] INFO  ozone.MiniOzoneClusterImpl (MiniOzoneClusterImpl.java:lambda$waitForClusterToBeReady$0(182)) - Waiting for cluster to exit safe mode
2021-01-12 10:39:39,268 [EventQueue-PipelineReportForOneReplicaPipelineSafeModeRule] INFO  safemode.SCMSafeModeManager (SCMSafeModeManager.java:validateSafeModeExitRules(214)) - AtleastOneDatanodeReportedRule rule is successfully validated
2021-01-12 10:39:39,269 [EventQueue-OpenPipelineForHealthyPipelineSafeModeRule] INFO  safemode.SCMSafeModeManager (HealthyPipelineSafeModeRule.java:process(128)) - SCM in safe mode. Healthy pipelines reported count is 0, required healthy pipeline reported count is 1
2021-01-12 10:39:39,602 [grpc-default-executor-3] WARN  server.GrpcLogAppender (LogUtils.java:warn(122)) - omNode-2@group-523986131536->omNode-3-AppendLogResponseHandler: Failed appendEntries: org.apache.ratis.thirdparty.io.grpc.StatusRuntimeException: UNAVAILABLE: io exception
2021-01-12 10:39:39,603 [grpc-default-executor-3] WARN  server.GrpcLogAppender (GrpcLogAppender.java:resetClient(111)) - omNode-2@group-523986131536->omNode-3-GrpcLogAppender: Leader has not got in touch with Follower omNode-2@group-523986131536->omNode-3(c-1,m0,n1, attendVote=true, lastRpcSendTime=501, lastRpcResponseTime=11362) yet, just keep nextIndex unchanged and retry.
2021-01-12 10:39:39,654 [Thread-262] INFO  impl.FollowerState (FollowerState.java:run(133)) - 188a3981-abf6-489f-b30f-6e133fbbe68f@group-DDF8FA677D6C-FollowerState: change to CANDIDATE, lastRpcElapsedTime:5104460729ns, electionTimeout:5095ms
2021-01-12 10:39:39,654 [Thread-262] INFO  impl.RoleInfo (RoleInfo.java:shutdownFollowerState(108)) - 188a3981-abf6-489f-b30f-6e133fbbe68f: shutdown 188a3981-abf6-489f-b30f-6e133fbbe68f@group-DDF8FA677D6C-FollowerState
2021-01-12 10:39:39,654 [Thread-262] INFO  server.RaftServer$Division (RaftServerImpl.java:setRole(283)) - 188a3981-abf6-489f-b30f-6e133fbbe68f@group-DDF8FA677D6C: changes role from  FOLLOWER to CANDIDATE at term 0 for changeToCandidate
2021-01-12 10:39:39,654 [Thread-262] INFO  impl.RoleInfo (RoleInfo.java:updateAndGet(130)) - 188a3981-abf6-489f-b30f-6e133fbbe68f: start 188a3981-abf6-489f-b30f-6e133fbbe68f@group-DDF8FA677D6C-LeaderElection5
2021-01-12 10:39:39,662 [188a3981-abf6-489f-b30f-6e133fbbe68f@group-DDF8FA677D6C-LeaderElection5] INFO  impl.LeaderElection (LeaderElection.java:askForPreVotes(259)) - 188a3981-abf6-489f-b30f-6e133fbbe68f@group-DDF8FA677D6C-LeaderElection5: begin a pre-vote at term 0 for -1: [188a3981-abf6-489f-b30f-6e133fbbe68f|rpc:172.17.0.2:42803|priority:1], old=null
2021-01-12 10:39:39,662 [188a3981-abf6-489f-b30f-6e133fbbe68f@group-DDF8FA677D6C-LeaderElection5] INFO  impl.LeaderElection (LeaderElection.java:askForPreVotes(261)) - 188a3981-abf6-489f-b30f-6e133fbbe68f@group-DDF8FA677D6C-LeaderElection5 pre-vote result is PASSED.
2021-01-12 10:39:39,663 [188a3981-abf6-489f-b30f-6e133fbbe68f@group-DDF8FA677D6C-LeaderElection5] INFO  impl.LeaderElection (LeaderElection.java:askForVotes(308)) - 188a3981-abf6-489f-b30f-6e133fbbe68f@group-DDF8FA677D6C-LeaderElection5: begin an election at term 1 for -1: [188a3981-abf6-489f-b30f-6e133fbbe68f|rpc:172.17.0.2:42803|priority:1], old=null
2021-01-12 10:39:39,663 [188a3981-abf6-489f-b30f-6e133fbbe68f@group-DDF8FA677D6C-LeaderElection5] INFO  impl.RoleInfo (RoleInfo.java:shutdownLeaderElection(121)) - 188a3981-abf6-489f-b30f-6e133fbbe68f: shutdown 188a3981-abf6-489f-b30f-6e133fbbe68f@group-DDF8FA677D6C-LeaderElection5
2021-01-12 10:39:39,663 [188a3981-abf6-489f-b30f-6e133fbbe68f@group-DDF8FA677D6C-LeaderElection5] INFO  server.RaftServer$Division (RaftServerImpl.java:setRole(283)) - 188a3981-abf6-489f-b30f-6e133fbbe68f@group-DDF8FA677D6C: changes role from CANDIDATE to LEADER at term 1 for changeToLeader
2021-01-12 10:39:39,663 [188a3981-abf6-489f-b30f-6e133fbbe68f@group-DDF8FA677D6C-LeaderElection5] INFO  ratis.XceiverServerRatis (XceiverServerRatis.java:handleLeaderChangedNotification(868)) - Leader change notification received for group: group-DDF8FA677D6C with new leaderId: 188a3981-abf6-489f-b30f-6e133fbbe68f
2021-01-12 10:39:39,664 [188a3981-abf6-489f-b30f-6e133fbbe68f@group-DDF8FA677D6C-LeaderElection5] INFO  server.RaftServer$Division (ServerState.java:setLeader(249)) - 188a3981-abf6-489f-b30f-6e133fbbe68f@group-DDF8FA677D6C: change Leader from null to 188a3981-abf6-489f-b30f-6e133fbbe68f at term 1 for becomeLeader, leader elected after 5138ms
2021-01-12 10:39:39,664 [188a3981-abf6-489f-b30f-6e133fbbe68f@group-DDF8FA677D6C-LeaderElection5] INFO  server.RaftServerConfigKeys (ConfUtils.java:logGet(44)) - raft.server.staging.catchup.gap = 1000 (default)
2021-01-12 10:39:39,664 [188a3981-abf6-489f-b30f-6e133fbbe68f@group-DDF8FA677D6C-LeaderElection5] INFO  metrics.RatisMetrics (RatisMetrics.java:lambda$create$0(36)) - Creating Metrics Registry : ratis.log_appender.188a3981-abf6-489f-b30f-6e133fbbe68f@group-DDF8FA677D6C
2021-01-12 10:39:39,666 [EventQueue-OpenPipelineForHealthyPipelineSafeModeRule] INFO  safemode.SCMSafeModeManager (HealthyPipelineSafeModeRule.java:process(128)) - SCM in safe mode. Healthy pipelines reported count is 0, required healthy pipeline reported count is 1
2021-01-12 10:39:39,666 [EventQueue-PipelineReportForOneReplicaPipelineSafeModeRule] INFO  safemode.SCMSafeModeManager (SCMSafeModeManager.java:validateSafeModeExitRules(214)) - AtleastOneDatanodeReportedRule rule is successfully validated
2021-01-12 10:39:39,667 [188a3981-abf6-489f-b30f-6e133fbbe68f@group-DDF8FA677D6C-LeaderElection5] INFO  server.RaftServerConfigKeys (ConfUtils.java:logGet(44)) - raft.server.write.element-limit = 1024 (custom)
2021-01-12 10:39:39,667 [188a3981-abf6-489f-b30f-6e133fbbe68f@group-DDF8FA677D6C-LeaderElection5] INFO  server.RaftServerConfigKeys (ConfUtils.java:logGet(44)) - raft.server.write.byte-limit = 1073741824 (custom)
2021-01-12 10:39:39,667 [188a3981-abf6-489f-b30f-6e133fbbe68f@group-DDF8FA677D6C-LeaderElection5] INFO  server.RaftServerConfigKeys (ConfUtils.java:logGet(44)) - raft.server.watch.timeout = 180s (custom)
2021-01-12 10:39:39,667 [188a3981-abf6-489f-b30f-6e133fbbe68f@group-DDF8FA677D6C-LeaderElection5] INFO  server.RaftServerConfigKeys (ConfUtils.java:logGet(44)) - raft.server.watch.timeout.denomination = 1s (default)
2021-01-12 10:39:39,667 [188a3981-abf6-489f-b30f-6e133fbbe68f@group-DDF8FA677D6C-LeaderElection5] INFO  server.RaftServerConfigKeys (ConfUtils.java:logGet(44)) - raft.server.watch.element-limit = 65536 (default)
2021-01-12 10:39:39,668 [188a3981-abf6-489f-b30f-6e133fbbe68f@group-DDF8FA677D6C-LeaderElection5] INFO  impl.RoleInfo (RoleInfo.java:updateAndGet(130)) - 188a3981-abf6-489f-b30f-6e133fbbe68f: start 188a3981-abf6-489f-b30f-6e133fbbe68f@group-DDF8FA677D6C-LeaderStateImpl
2021-01-12 10:39:39,669 [188a3981-abf6-489f-b30f-6e133fbbe68f@group-DDF8FA677D6C-LeaderElection5] INFO  segmented.SegmentedRaftLogWorker (SegmentedRaftLogWorker.java:startLogSegment(392)) - 188a3981-abf6-489f-b30f-6e133fbbe68f@group-DDF8FA677D6C-SegmentedRaftLogWorker: Starting segment from index:0
2021-01-12 10:39:39,670 [188a3981-abf6-489f-b30f-6e133fbbe68f@group-DDF8FA677D6C-SegmentedRaftLogWorker] INFO  segmented.SegmentedRaftLogWorker (SegmentedRaftLogWorker.java:execute(599)) - 188a3981-abf6-489f-b30f-6e133fbbe68f@group-DDF8FA677D6C-SegmentedRaftLogWorker: created new log segment /github/workspace/mnt/ozone/hadoop-ozone/integration-test/target/test-dir/MiniOzoneClusterImpl-845f199f-e199-49cc-a013-e02be1563f77/datanode-0/data/ratis/dc9f025a-fc8f-4be3-97a6-ddf8fa677d6c/current/log_inprogress_0
2021-01-12 10:39:39,676 [188a3981-abf6-489f-b30f-6e133fbbe68f@group-DDF8FA677D6C-LeaderElection5] INFO  server.RaftServer$Division (ServerState.java:setRaftConf(368)) - 188a3981-abf6-489f-b30f-6e133fbbe68f@group-DDF8FA677D6C: set configuration 0: [188a3981-abf6-489f-b30f-6e133fbbe68f|rpc:172.17.0.2:42803|dataStream:|priority:1], old=null
2021-01-12 10:39:39,799 [Thread-265] INFO  impl.FollowerState (FollowerState.java:run(133)) - 188a3981-abf6-489f-b30f-6e133fbbe68f@group-F68A1D6722C3-FollowerState: change to CANDIDATE, lastRpcElapsedTime:5199263751ns, electionTimeout:5189ms
2021-01-12 10:39:39,799 [Thread-265] INFO  impl.RoleInfo (RoleInfo.java:shutdownFollowerState(108)) - 188a3981-abf6-489f-b30f-6e133fbbe68f: shutdown 188a3981-abf6-489f-b30f-6e133fbbe68f@group-F68A1D6722C3-FollowerState
2021-01-12 10:39:39,799 [Thread-265] INFO  server.RaftServer$Division (RaftServerImpl.java:setRole(283)) - 188a3981-abf6-489f-b30f-6e133fbbe68f@group-F68A1D6722C3: changes role from  FOLLOWER to CANDIDATE at term 0 for changeToCandidate
2021-01-12 10:39:39,799 [Thread-265] INFO  impl.RoleInfo (RoleInfo.java:updateAndGet(130)) - 188a3981-abf6-489f-b30f-6e133fbbe68f: start 188a3981-abf6-489f-b30f-6e133fbbe68f@group-F68A1D6722C3-LeaderElection6
2021-01-12 10:39:39,801 [188a3981-abf6-489f-b30f-6e133fbbe68f@group-F68A1D6722C3-LeaderElection6] INFO  impl.LeaderElection (LeaderElection.java:askForPreVotes(259)) - 188a3981-abf6-489f-b30f-6e133fbbe68f@group-F68A1D6722C3-LeaderElection6: begin a pre-vote at term 0 for -1: [76c719c5-dd80-44a7-8fd8-91f7e0efff8b|rpc:172.17.0.2:40481|priority:0, 722b62ba-328d-4705-904e-eefd1aac7358|rpc:172.17.0.2:40211|priority:0, 188a3981-abf6-489f-b30f-6e133fbbe68f|rpc:172.17.0.2:42803|priority:1], old=null
2021-01-12 10:39:39,818 [grpc-default-executor-3] INFO  server.RaftServer$Division (RaftServerImpl.java:requestPreVote(1060)) - 722b62ba-328d-4705-904e-eefd1aac7358@group-F68A1D6722C3: receive preVote(188a3981-abf6-489f-b30f-6e133fbbe68f, group-F68A1D6722C3, 0, (t:0, i:0))
2021-01-12 10:39:39,818 [grpc-default-executor-3] INFO  server.RaftServer$Division (RaftServerImpl.java:requestPreVote(1081)) - 722b62ba-328d-4705-904e-eefd1aac7358@group-F68A1D6722C3 role: FOLLOWER allow pre-vote from:188a3981-abf6-489f-b30f-6e133fbbe68f
2021-01-12 10:39:39,819 [grpc-default-executor-3] INFO  server.RaftServer$Division (RaftServerImpl.java:requestPreVote(1099)) - 722b62ba-328d-4705-904e-eefd1aac7358@group-F68A1D6722C3 replies to pre-vote request: 188a3981-abf6-489f-b30f-6e133fbbe68f<-722b62ba-328d-4705-904e-eefd1aac7358#0:OK-t0. Peer's state: 722b62ba-328d-4705-904e-eefd1aac7358@group-F68A1D6722C3:t0, leader=null, voted=, raftlog=722b62ba-328d-4705-904e-eefd1aac7358@group-F68A1D6722C3-SegmentedRaftLog:OPENED:c-1,f-1,i0, conf=-1: [76c719c5-dd80-44a7-8fd8-91f7e0efff8b|rpc:172.17.0.2:40481|dataStream:|priority:0, 722b62ba-328d-4705-904e-eefd1aac7358|rpc:172.17.0.2:40211|dataStream:|priority:0, 188a3981-abf6-489f-b30f-6e133fbbe68f|rpc:172.17.0.2:42803|dataStream:|priority:1], old=null
2021-01-12 10:39:39,823 [188a3981-abf6-489f-b30f-6e133fbbe68f@group-F68A1D6722C3-LeaderElection6] INFO  impl.LeaderElection (LeaderElection.java:logAndReturn(68)) - 188a3981-abf6-489f-b30f-6e133fbbe68f@group-F68A1D6722C3-LeaderElection6: Pre-vote  PASSED received 1 response(s):[188a3981-abf6-489f-b30f-6e133fbbe68f<-722b62ba-328d-4705-904e-eefd1aac7358#0:OK-t0]
2021-01-12 10:39:39,823 [188a3981-abf6-489f-b30f-6e133fbbe68f@group-F68A1D6722C3-LeaderElection6] INFO  impl.LeaderElection (LeaderElection.java:askForPreVotes(261)) - 188a3981-abf6-489f-b30f-6e133fbbe68f@group-F68A1D6722C3-LeaderElection6 pre-vote result is PASSED.
2021-01-12 10:39:39,824 [188a3981-abf6-489f-b30f-6e133fbbe68f@group-F68A1D6722C3-LeaderElection6] INFO  impl.LeaderElection (LeaderElection.java:askForVotes(308)) - 188a3981-abf6-489f-b30f-6e133fbbe68f@group-F68A1D6722C3-LeaderElection6: begin an election at term 1 for -1: [76c719c5-dd80-44a7-8fd8-91f7e0efff8b|rpc:172.17.0.2:40481|priority:0, 722b62ba-328d-4705-904e-eefd1aac7358|rpc:172.17.0.2:40211|priority:0, 188a3981-abf6-489f-b30f-6e133fbbe68f|rpc:172.17.0.2:42803|priority:1], old=null
2021-01-12 10:39:39,830 [grpc-default-executor-0] INFO  server.RaftServer$Division (RaftServerImpl.java:setRole(283)) - 722b62ba-328d-4705-904e-eefd1aac7358@group-F68A1D6722C3: changes role from  FOLLOWER to FOLLOWER at term 1 for recognizeCandidate:188a3981-abf6-489f-b30f-6e133fbbe68f
2021-01-12 10:39:39,830 [grpc-default-executor-0] INFO  impl.RoleInfo (RoleInfo.java:shutdownFollowerState(108)) - 722b62ba-328d-4705-904e-eefd1aac7358: shutdown 722b62ba-328d-4705-904e-eefd1aac7358@group-F68A1D6722C3-FollowerState
2021-01-12 10:39:39,830 [grpc-default-executor-1] INFO  server.RaftServer$Division (RaftServerImpl.java:setRole(283)) - 76c719c5-dd80-44a7-8fd8-91f7e0efff8b@group-F68A1D6722C3: changes role from  FOLLOWER to FOLLOWER at term 1 for recognizeCandidate:188a3981-abf6-489f-b30f-6e133fbbe68f
2021-01-12 10:39:39,830 [grpc-default-executor-1] INFO  impl.RoleInfo (RoleInfo.java:shutdownFollowerState(108)) - 76c719c5-dd80-44a7-8fd8-91f7e0efff8b: shutdown 76c719c5-dd80-44a7-8fd8-91f7e0efff8b@group-F68A1D6722C3-FollowerState
2021-01-12 10:39:39,830 [Thread-275] INFO  impl.FollowerState (FollowerState.java:run(142)) - 722b62ba-328d-4705-904e-eefd1aac7358@group-F68A1D6722C3-FollowerState was interrupted: {}
java.lang.InterruptedException: sleep interrupted
	at java.lang.Thread.sleep(Native Method)
	at java.lang.Thread.sleep(Thread.java:340)
	at java.util.concurrent.TimeUnit.sleep(TimeUnit.java:386)
	at org.apache.ratis.util.TimeDuration.sleep(TimeDuration.java:324)
	at org.apache.ratis.util.TimeDuration.sleep(TimeDuration.java:309)
	at org.apache.ratis.server.impl.FollowerState.run(FollowerState.java:117)
2021-01-12 10:39:39,830 [grpc-default-executor-0] INFO  impl.RoleInfo (RoleInfo.java:updateAndGet(130)) - 722b62ba-328d-4705-904e-eefd1aac7358: start 722b62ba-328d-4705-904e-eefd1aac7358@group-F68A1D6722C3-FollowerState
2021-01-12 10:39:39,830 [grpc-default-executor-3] INFO  server.RaftServer$Division (RaftServerImpl.java:requestPreVote(1060)) - 76c719c5-dd80-44a7-8fd8-91f7e0efff8b@group-F68A1D6722C3: receive preVote(188a3981-abf6-489f-b30f-6e133fbbe68f, group-F68A1D6722C3, 0, (t:0, i:0))
2021-01-12 10:39:39,830 [grpc-default-executor-1] INFO  impl.RoleInfo (RoleInfo.java:updateAndGet(130)) - 76c719c5-dd80-44a7-8fd8-91f7e0efff8b: start 76c719c5-dd80-44a7-8fd8-91f7e0efff8b@group-F68A1D6722C3-FollowerState
2021-01-12 10:39:39,837 [grpc-default-executor-0] INFO  server.RaftServer$Division (RaftServerImpl.java:requestVote(1137)) -  FOLLOWER 722b62ba-328d-4705-904e-eefd1aac7358@group-F68A1D6722C3:t1, leader=null, voted=null, raftlog=722b62ba-328d-4705-904e-eefd1aac7358@group-F68A1D6722C3-SegmentedRaftLog:OPENED:c-1,f-1,i0, conf=-1: [76c719c5-dd80-44a7-8fd8-91f7e0efff8b|rpc:172.17.0.2:40481|dataStream:|priority:0, 722b62ba-328d-4705-904e-eefd1aac7358|rpc:172.17.0.2:40211|dataStream:|priority:0, 188a3981-abf6-489f-b30f-6e133fbbe68f|rpc:172.17.0.2:42803|dataStream:|priority:1], old=null RUNNING priority:0 candidate:188a3981-abf6-489f-b30f-6e133fbbe68f|rpc:172.17.0.2:42803|dataStream:|priority:1 candidatePriority:1 compare:0
2021-01-12 10:39:39,841 [Thread-267] INFO  impl.FollowerState (FollowerState.java:run(142)) - 76c719c5-dd80-44a7-8fd8-91f7e0efff8b@group-F68A1D6722C3-FollowerState was interrupted: {}
java.lang.InterruptedException: sleep interrupted
	at java.lang.Thread.sleep(Native Method)
	at java.lang.Thread.sleep(Thread.java:340)
	at java.util.concurrent.TimeUnit.sleep(TimeUnit.java:386)
	at org.apache.ratis.util.TimeDuration.sleep(TimeDuration.java:324)
	at org.apache.ratis.util.TimeDuration.sleep(TimeDuration.java:309)
	at org.apache.ratis.server.impl.FollowerState.run(FollowerState.java:117)
2021-01-12 10:39:39,841 [grpc-default-executor-1] INFO  server.RaftServer$Division (RaftServerImpl.java:requestVote(1137)) -  FOLLOWER 76c719c5-dd80-44a7-8fd8-91f7e0efff8b@group-F68A1D6722C3:t1, leader=null, voted=null, raftlog=76c719c5-dd80-44a7-8fd8-91f7e0efff8b@group-F68A1D6722C3-SegmentedRaftLog:OPENED:c-1,f-1,i0, conf=-1: [76c719c5-dd80-44a7-8fd8-91f7e0efff8b|rpc:172.17.0.2:40481|dataStream:|priority:0, 722b62ba-328d-4705-904e-eefd1aac7358|rpc:172.17.0.2:40211|dataStream:|priority:0, 188a3981-abf6-489f-b30f-6e133fbbe68f|rpc:172.17.0.2:42803|dataStream:|priority:1], old=null RUNNING priority:0 candidate:188a3981-abf6-489f-b30f-6e133fbbe68f|rpc:172.17.0.2:42803|dataStream:|priority:1 candidatePriority:1 compare:0
2021-01-12 10:39:39,843 [188a3981-abf6-489f-b30f-6e133fbbe68f@group-F68A1D6722C3-LeaderElection6] INFO  impl.LeaderElection (LeaderElection.java:logAndReturn(68)) - 188a3981-abf6-489f-b30f-6e133fbbe68f@group-F68A1D6722C3-LeaderElection6: Election  PASSED received 1 response(s):[188a3981-abf6-489f-b30f-6e133fbbe68f<-722b62ba-328d-4705-904e-eefd1aac7358#0:OK-t1]
2021-01-12 10:39:39,843 [188a3981-abf6-489f-b30f-6e133fbbe68f@group-F68A1D6722C3-LeaderElection6] INFO  impl.RoleInfo (RoleInfo.java:shutdownLeaderElection(121)) - 188a3981-abf6-489f-b30f-6e133fbbe68f: shutdown 188a3981-abf6-489f-b30f-6e133fbbe68f@group-F68A1D6722C3-LeaderElection6
2021-01-12 10:39:39,843 [188a3981-abf6-489f-b30f-6e133fbbe68f@group-F68A1D6722C3-LeaderElection6] INFO  server.RaftServer$Division (RaftServerImpl.java:setRole(283)) - 188a3981-abf6-489f-b30f-6e133fbbe68f@group-F68A1D6722C3: changes role from CANDIDATE to LEADER at term 1 for changeToLeader
2021-01-12 10:39:39,843 [188a3981-abf6-489f-b30f-6e133fbbe68f@group-F68A1D6722C3-LeaderElection6] INFO  ratis.XceiverServerRatis (XceiverServerRatis.java:handleLeaderChangedNotification(868)) - Leader change notification received for group: group-F68A1D6722C3 with new leaderId: 188a3981-abf6-489f-b30f-6e133fbbe68f
2021-01-12 10:39:39,843 [188a3981-abf6-489f-b30f-6e133fbbe68f@group-F68A1D6722C3-LeaderElection6] INFO  server.RaftServer$Division (ServerState.java:setLeader(249)) - 188a3981-abf6-489f-b30f-6e133fbbe68f@group-F68A1D6722C3: change Leader from null to 188a3981-abf6-489f-b30f-6e133fbbe68f at term 1 for becomeLeader, leader elected after 5261ms
2021-01-12 10:39:39,843 [188a3981-abf6-489f-b30f-6e133fbbe68f@group-F68A1D6722C3-LeaderElection6] INFO  server.RaftServerConfigKeys (ConfUtils.java:logGet(44)) - raft.server.staging.catchup.gap = 1000 (default)
2021-01-12 10:39:39,843 [188a3981-abf6-489f-b30f-6e133fbbe68f@group-F68A1D6722C3-LeaderElection6] INFO  metrics.RatisMetrics (RatisMetrics.java:lambda$create$0(36)) - Creating Metrics Registry : ratis.log_appender.188a3981-abf6-489f-b30f-6e133fbbe68f@group-F68A1D6722C3
2021-01-12 10:39:39,843 [188a3981-abf6-489f-b30f-6e133fbbe68f@group-F68A1D6722C3-LeaderElection6] INFO  server.RaftServerConfigKeys (ConfUtils.java:logGet(44)) - raft.server.write.element-limit = 1024 (custom)
2021-01-12 10:39:39,843 [188a3981-abf6-489f-b30f-6e133fbbe68f@group-F68A1D6722C3-LeaderElection6] INFO  server.RaftServerConfigKeys (ConfUtils.java:logGet(44)) - raft.server.write.byte-limit = 1073741824 (custom)
2021-01-12 10:39:39,846 [EventQueue-PipelineReportForPipelineReportHandler] INFO  pipeline.PipelineStateManager (PipelineStateManager.java:openPipeline(132)) - Pipeline Pipeline[ Id: fcb4bacf-1453-41b8-bdb5-f68a1d6722c3, Nodes: 188a3981-abf6-489f-b30f-6e133fbbe68f{ip: 172.17.0.2, host: 6ff8c8e3a8df, networkLocation: /default-rack, certSerialId: null, persistedOpState: IN_SERVICE, persistedOpStateExpiryEpochSec: 0}76c719c5-dd80-44a7-8fd8-91f7e0efff8b{ip: 172.17.0.2, host: 6ff8c8e3a8df, networkLocation: /default-rack, certSerialId: null, persistedOpState: IN_SERVICE, persistedOpStateExpiryEpochSec: 0}722b62ba-328d-4705-904e-eefd1aac7358{ip: 172.17.0.2, host: 6ff8c8e3a8df, networkLocation: /default-rack, certSerialId: null, persistedOpState: IN_SERVICE, persistedOpStateExpiryEpochSec: 0}, Type:RATIS, Factor:THREE, State:ALLOCATED, leaderId:188a3981-abf6-489f-b30f-6e133fbbe68f, CreationTimestamp2021-01-12T10:39:32.265Z] moved to OPEN state
2021-01-12 10:39:39,849 [grpc-default-executor-3] INFO  server.RaftServer$Division (RaftServerImpl.java:requestPreVote(1081)) - 76c719c5-dd80-44a7-8fd8-91f7e0efff8b@group-F68A1D6722C3 role: FOLLOWER allow pre-vote from:188a3981-abf6-489f-b30f-6e133fbbe68f
2021-01-12 10:39:39,852 [grpc-default-executor-3] INFO  server.RaftServer$Division (RaftServerImpl.java:requestPreVote(1099)) - 76c719c5-dd80-44a7-8fd8-91f7e0efff8b@group-F68A1D6722C3 replies to pre-vote request: 188a3981-abf6-489f-b30f-6e133fbbe68f<-76c719c5-dd80-44a7-8fd8-91f7e0efff8b#0:OK-t1. Peer's state: 76c719c5-dd80-44a7-8fd8-91f7e0efff8b@group-F68A1D6722C3:t1, leader=null, voted=188a3981-abf6-489f-b30f-6e133fbbe68f, raftlog=76c719c5-dd80-44a7-8fd8-91f7e0efff8b@group-F68A1D6722C3-SegmentedRaftLog:OPENED:c-1,f-1,i0, conf=-1: [76c719c5-dd80-44a7-8fd8-91f7e0efff8b|rpc:172.17.0.2:40481|dataStream:|priority:0, 722b62ba-328d-4705-904e-eefd1aac7358|rpc:172.17.0.2:40211|dataStream:|priority:0, 188a3981-abf6-489f-b30f-6e133fbbe68f|rpc:172.17.0.2:42803|dataStream:|priority:1], old=null
2021-01-12 10:39:39,847 [188a3981-abf6-489f-b30f-6e133fbbe68f@group-F68A1D6722C3-LeaderElection6] INFO  server.RaftServerConfigKeys (ConfUtils.java:logGet(44)) - raft.server.watch.timeout = 180s (custom)
2021-01-12 10:39:39,857 [188a3981-abf6-489f-b30f-6e133fbbe68f@group-F68A1D6722C3-LeaderElection6] INFO  server.RaftServerConfigKeys (ConfUtils.java:logGet(44)) - raft.server.watch.timeout.denomination = 1s (default)
2021-01-12 10:39:39,857 [188a3981-abf6-489f-b30f-6e133fbbe68f@group-F68A1D6722C3-LeaderElection6] INFO  server.RaftServerConfigKeys (ConfUtils.java:logGet(44)) - raft.server.watch.element-limit = 65536 (default)
2021-01-12 10:39:39,857 [188a3981-abf6-489f-b30f-6e133fbbe68f@group-F68A1D6722C3-LeaderElection6] INFO  server.RaftServerConfigKeys (ConfUtils.java:logGet(44)) - raft.server.log.appender.snapshot.chunk.size.max = 16MB (=16777216) (default)
2021-01-12 10:39:39,846 [EventQueue-PipelineReportForOneReplicaPipelineSafeModeRule] INFO  safemode.SCMSafeModeManager (SCMSafeModeManager.java:validateSafeModeExitRules(214)) - AtleastOneDatanodeReportedRule rule is successfully validated
2021-01-12 10:39:39,857 [188a3981-abf6-489f-b30f-6e133fbbe68f@group-F68A1D6722C3-LeaderElection6] INFO  server.RaftServerConfigKeys (ConfUtils.java:logGet(44)) - raft.server.log.appender.buffer.byte-limit = 33554432 (custom)
2021-01-12 10:39:39,858 [188a3981-abf6-489f-b30f-6e133fbbe68f@group-F68A1D6722C3-LeaderElection6] INFO  server.RaftServerConfigKeys (ConfUtils.java:logGet(44)) - raft.server.log.appender.buffer.element-limit = 1 (custom)
2021-01-12 10:39:39,858 [188a3981-abf6-489f-b30f-6e133fbbe68f@group-F68A1D6722C3-LeaderElection6] INFO  grpc.GrpcConfigKeys (ConfUtils.java:logGet(44)) - raft.grpc.server.leader.outstanding.appends.max = 128 (default)
2021-01-12 10:39:39,858 [188a3981-abf6-489f-b30f-6e133fbbe68f@group-F68A1D6722C3-LeaderElection6] INFO  server.RaftServerConfigKeys (ConfUtils.java:logGet(44)) - raft.server.rpc.request.timeout = 60s (custom)
2021-01-12 10:39:39,858 [188a3981-abf6-489f-b30f-6e133fbbe68f@group-F68A1D6722C3-LeaderElection6] INFO  server.RaftServerConfigKeys (ConfUtils.java:logGet(44)) - raft.server.log.appender.install.snapshot.enabled = false (custom)
2021-01-12 10:39:39,858 [188a3981-abf6-489f-b30f-6e133fbbe68f@group-F68A1D6722C3-LeaderElection6] INFO  metrics.RatisMetrics (RatisMetrics.java:lambda$create$0(36)) - Creating Metrics Registry : ratis_grpc.log_appender.188a3981-abf6-489f-b30f-6e133fbbe68f@group-F68A1D6722C3
2021-01-12 10:39:39,858 [188a3981-abf6-489f-b30f-6e133fbbe68f@group-F68A1D6722C3-LeaderElection6] INFO  server.RaftServerConfigKeys (ConfUtils.java:logGet(44)) - raft.server.log.appender.snapshot.chunk.size.max = 16MB (=16777216) (default)
2021-01-12 10:39:39,858 [188a3981-abf6-489f-b30f-6e133fbbe68f@group-F68A1D6722C3-LeaderElection6] INFO  server.RaftServerConfigKeys (ConfUtils.java:logGet(44)) - raft.server.log.appender.buffer.byte-limit = 33554432 (custom)
2021-01-12 10:39:39,858 [188a3981-abf6-489f-b30f-6e133fbbe68f@group-F68A1D6722C3-LeaderElection6] INFO  server.RaftServerConfigKeys (ConfUtils.java:logGet(44)) - raft.server.log.appender.buffer.element-limit = 1 (custom)
2021-01-12 10:39:39,859 [188a3981-abf6-489f-b30f-6e133fbbe68f@group-F68A1D6722C3-LeaderElection6] INFO  grpc.GrpcConfigKeys (ConfUtils.java:logGet(44)) - raft.grpc.server.leader.outstanding.appends.max = 128 (default)
2021-01-12 10:39:39,859 [188a3981-abf6-489f-b30f-6e133fbbe68f@group-F68A1D6722C3-LeaderElection6] INFO  server.RaftServerConfigKeys (ConfUtils.java:logGet(44)) - raft.server.rpc.request.timeout = 60s (custom)
2021-01-12 10:39:39,859 [188a3981-abf6-489f-b30f-6e133fbbe68f@group-F68A1D6722C3-LeaderElection6] INFO  server.RaftServerConfigKeys (ConfUtils.java:logGet(44)) - raft.server.log.appender.install.snapshot.enabled = false (custom)
2021-01-12 10:39:39,859 [188a3981-abf6-489f-b30f-6e133fbbe68f@group-F68A1D6722C3-LeaderElection6] INFO  impl.RoleInfo (RoleInfo.java:updateAndGet(130)) - 188a3981-abf6-489f-b30f-6e133fbbe68f: start 188a3981-abf6-489f-b30f-6e133fbbe68f@group-F68A1D6722C3-LeaderStateImpl
2021-01-12 10:39:39,859 [188a3981-abf6-489f-b30f-6e133fbbe68f@group-F68A1D6722C3-LeaderElection6] INFO  segmented.SegmentedRaftLogWorker (SegmentedRaftLogWorker.java:startLogSegment(392)) - 188a3981-abf6-489f-b30f-6e133fbbe68f@group-F68A1D6722C3-SegmentedRaftLogWorker: Starting segment from index:0
2021-01-12 10:39:39,852 [EventQueue-OpenPipelineForHealthyPipelineSafeModeRule] INFO  safemode.SCMSafeModeManager (HealthyPipelineSafeModeRule.java:process(128)) - SCM in safe mode. Healthy pipelines reported count is 1, required healthy pipeline reported count is 1
2021-01-12 10:39:39,860 [EventQueue-OpenPipelineForHealthyPipelineSafeModeRule] INFO  safemode.SCMSafeModeManager (SCMSafeModeManager.java:validateSafeModeExitRules(214)) - HealthyPipelineSafeModeRule rule is successfully validated
2021-01-12 10:39:39,860 [EventQueue-OpenPipelineForHealthyPipelineSafeModeRule] INFO  safemode.SCMSafeModeManager (SCMSafeModeManager.java:validateSafeModeExitRules(228)) - ScmSafeModeManager, all rules are successfully validated
2021-01-12 10:39:39,860 [EventQueue-OpenPipelineForHealthyPipelineSafeModeRule] INFO  safemode.SCMSafeModeManager (SCMSafeModeManager.java:exitSafeMode(257)) - SCM exiting safe mode.
2021-01-12 10:39:39,860 [188a3981-abf6-489f-b30f-6e133fbbe68f@group-F68A1D6722C3-SegmentedRaftLogWorker] INFO  segmented.SegmentedRaftLogWorker (SegmentedRaftLogWorker.java:execute(599)) - 188a3981-abf6-489f-b30f-6e133fbbe68f@group-F68A1D6722C3-SegmentedRaftLogWorker: created new log segment /github/workspace/mnt/ozone/hadoop-ozone/integration-test/target/test-dir/MiniOzoneClusterImpl-845f199f-e199-49cc-a013-e02be1563f77/datanode-0/data/ratis/fcb4bacf-1453-41b8-bdb5-f68a1d6722c3/current/log_inprogress_0
2021-01-12 10:39:39,867 [grpc-default-executor-1] INFO  ratis.XceiverServerRatis (XceiverServerRatis.java:handleLeaderChangedNotification(868)) - Leader change notification received for group: group-F68A1D6722C3 with new leaderId: 188a3981-abf6-489f-b30f-6e133fbbe68f
2021-01-12 10:39:39,867 [grpc-default-executor-1] INFO  server.RaftServer$Division (ServerState.java:setLeader(249)) - 76c719c5-dd80-44a7-8fd8-91f7e0efff8b@group-F68A1D6722C3: change Leader from null to 188a3981-abf6-489f-b30f-6e133fbbe68f at term 1 for appendEntries, leader elected after 5113ms
2021-01-12 10:39:39,875 [grpc-default-executor-3] INFO  ratis.XceiverServerRatis (XceiverServerRatis.java:handleLeaderChangedNotification(868)) - Leader change notification received for group: group-F68A1D6722C3 with new leaderId: 188a3981-abf6-489f-b30f-6e133fbbe68f
2021-01-12 10:39:39,875 [grpc-default-executor-3] INFO  server.RaftServer$Division (ServerState.java:setLeader(249)) - 722b62ba-328d-4705-904e-eefd1aac7358@group-F68A1D6722C3: change Leader from null to 188a3981-abf6-489f-b30f-6e133fbbe68f at term 1 for appendEntries, leader elected after 4901ms
2021-01-12 10:39:39,890 [188a3981-abf6-489f-b30f-6e133fbbe68f@group-F68A1D6722C3-LeaderElection6] INFO  server.RaftServer$Division (ServerState.java:setRaftConf(368)) - 188a3981-abf6-489f-b30f-6e133fbbe68f@group-F68A1D6722C3: set configuration 0: [76c719c5-dd80-44a7-8fd8-91f7e0efff8b|rpc:172.17.0.2:40481|dataStream:|priority:0, 722b62ba-328d-4705-904e-eefd1aac7358|rpc:172.17.0.2:40211|dataStream:|priority:0, 188a3981-abf6-489f-b30f-6e133fbbe68f|rpc:172.17.0.2:42803|dataStream:|priority:1], old=null
2021-01-12 10:39:39,890 [grpc-default-executor-3] INFO  server.RaftServer$Division (ServerState.java:setRaftConf(368)) - 722b62ba-328d-4705-904e-eefd1aac7358@group-F68A1D6722C3: set configuration 0: [76c719c5-dd80-44a7-8fd8-91f7e0efff8b|rpc:172.17.0.2:40481|dataStream:|priority:0, 722b62ba-328d-4705-904e-eefd1aac7358|rpc:172.17.0.2:40211|dataStream:|priority:0, 188a3981-abf6-489f-b30f-6e133fbbe68f|rpc:172.17.0.2:42803|dataStream:|priority:1], old=null
2021-01-12 10:39:39,892 [grpc-default-executor-1] INFO  server.RaftServer$Division (ServerState.java:setRaftConf(368)) - 76c719c5-dd80-44a7-8fd8-91f7e0efff8b@group-F68A1D6722C3: set configuration 0: [76c719c5-dd80-44a7-8fd8-91f7e0efff8b|rpc:172.17.0.2:40481|dataStream:|priority:0, 722b62ba-328d-4705-904e-eefd1aac7358|rpc:172.17.0.2:40211|dataStream:|priority:0, 188a3981-abf6-489f-b30f-6e133fbbe68f|rpc:172.17.0.2:42803|dataStream:|priority:1], old=null
2021-01-12 10:39:39,892 [grpc-default-executor-1] INFO  segmented.SegmentedRaftLogWorker (SegmentedRaftLogWorker.java:startLogSegment(392)) - 76c719c5-dd80-44a7-8fd8-91f7e0efff8b@group-F68A1D6722C3-SegmentedRaftLogWorker: Starting segment from index:0
2021-01-12 10:39:39,893 [grpc-default-executor-3] INFO  segmented.SegmentedRaftLogWorker (SegmentedRaftLogWorker.java:startLogSegment(392)) - 722b62ba-328d-4705-904e-eefd1aac7358@group-F68A1D6722C3-SegmentedRaftLogWorker: Starting segment from index:0
2021-01-12 10:39:39,895 [76c719c5-dd80-44a7-8fd8-91f7e0efff8b@group-F68A1D6722C3-SegmentedRaftLogWorker] INFO  segmented.SegmentedRaftLogWorker (SegmentedRaftLogWorker.java:execute(599)) - 76c719c5-dd80-44a7-8fd8-91f7e0efff8b@group-F68A1D6722C3-SegmentedRaftLogWorker: created new log segment /github/workspace/mnt/ozone/hadoop-ozone/integration-test/target/test-dir/MiniOzoneClusterImpl-845f199f-e199-49cc-a013-e02be1563f77/datanode-1/data/ratis/fcb4bacf-1453-41b8-bdb5-f68a1d6722c3/current/log_inprogress_0
2021-01-12 10:39:39,895 [722b62ba-328d-4705-904e-eefd1aac7358@group-F68A1D6722C3-SegmentedRaftLogWorker] INFO  segmented.SegmentedRaftLogWorker (SegmentedRaftLogWorker.java:execute(599)) - 722b62ba-328d-4705-904e-eefd1aac7358@group-F68A1D6722C3-SegmentedRaftLogWorker: created new log segment /github/workspace/mnt/ozone/hadoop-ozone/integration-test/target/test-dir/MiniOzoneClusterImpl-845f199f-e199-49cc-a013-e02be1563f77/datanode-2/data/ratis/fcb4bacf-1453-41b8-bdb5-f68a1d6722c3/current/log_inprogress_0
2021-01-12 10:39:39,996 [Thread-270] INFO  impl.FollowerState (FollowerState.java:run(133)) - 76c719c5-dd80-44a7-8fd8-91f7e0efff8b@group-2985783B7DD1-FollowerState: change to CANDIDATE, lastRpcElapsedTime:5079158171ns, electionTimeout:5074ms
2021-01-12 10:39:39,996 [Thread-270] INFO  impl.RoleInfo (RoleInfo.java:shutdownFollowerState(108)) - 76c719c5-dd80-44a7-8fd8-91f7e0efff8b: shutdown 76c719c5-dd80-44a7-8fd8-91f7e0efff8b@group-2985783B7DD1-FollowerState
2021-01-12 10:39:39,996 [Thread-270] INFO  server.RaftServer$Division (RaftServerImpl.java:setRole(283)) - 76c719c5-dd80-44a7-8fd8-91f7e0efff8b@group-2985783B7DD1: changes role from  FOLLOWER to CANDIDATE at term 0 for changeToCandidate
2021-01-12 10:39:39,996 [Thread-270] INFO  impl.RoleInfo (RoleInfo.java:updateAndGet(130)) - 76c719c5-dd80-44a7-8fd8-91f7e0efff8b: start 76c719c5-dd80-44a7-8fd8-91f7e0efff8b@group-2985783B7DD1-LeaderElection7
2021-01-12 10:39:40,006 [76c719c5-dd80-44a7-8fd8-91f7e0efff8b@group-2985783B7DD1-LeaderElection7] INFO  impl.LeaderElection (LeaderElection.java:askForPreVotes(259)) - 76c719c5-dd80-44a7-8fd8-91f7e0efff8b@group-2985783B7DD1-LeaderElection7: begin a pre-vote at term 0 for -1: [76c719c5-dd80-44a7-8fd8-91f7e0efff8b|rpc:172.17.0.2:40481|priority:1], old=null
2021-01-12 10:39:40,007 [76c719c5-dd80-44a7-8fd8-91f7e0efff8b@group-2985783B7DD1-LeaderElection7] INFO  impl.LeaderElection (LeaderElection.java:askForPreVotes(261)) - 76c719c5-dd80-44a7-8fd8-91f7e0efff8b@group-2985783B7DD1-LeaderElection7 pre-vote result is PASSED.
2021-01-12 10:39:40,008 [76c719c5-dd80-44a7-8fd8-91f7e0efff8b@group-2985783B7DD1-LeaderElection7] INFO  impl.LeaderElection (LeaderElection.java:askForVotes(308)) - 76c719c5-dd80-44a7-8fd8-91f7e0efff8b@group-2985783B7DD1-LeaderElection7: begin an election at term 1 for -1: [76c719c5-dd80-44a7-8fd8-91f7e0efff8b|rpc:172.17.0.2:40481|priority:1], old=null
2021-01-12 10:39:40,008 [76c719c5-dd80-44a7-8fd8-91f7e0efff8b@group-2985783B7DD1-LeaderElection7] INFO  impl.RoleInfo (RoleInfo.java:shutdownLeaderElection(121)) - 76c719c5-dd80-44a7-8fd8-91f7e0efff8b: shutdown 76c719c5-dd80-44a7-8fd8-91f7e0efff8b@group-2985783B7DD1-LeaderElection7
2021-01-12 10:39:40,008 [76c719c5-dd80-44a7-8fd8-91f7e0efff8b@group-2985783B7DD1-LeaderElection7] INFO  server.RaftServer$Division (RaftServerImpl.java:setRole(283)) - 76c719c5-dd80-44a7-8fd8-91f7e0efff8b@group-2985783B7DD1: changes role from CANDIDATE to LEADER at term 1 for changeToLeader
2021-01-12 10:39:40,008 [76c719c5-dd80-44a7-8fd8-91f7e0efff8b@group-2985783B7DD1-LeaderElection7] INFO  ratis.XceiverServerRatis (XceiverServerRatis.java:handleLeaderChangedNotification(868)) - Leader change notification received for group: group-2985783B7DD1 with new leaderId: 76c719c5-dd80-44a7-8fd8-91f7e0efff8b
2021-01-12 10:39:40,018 [76c719c5-dd80-44a7-8fd8-91f7e0efff8b@group-2985783B7DD1-LeaderElection7] INFO  server.RaftServer$Division (ServerState.java:setLeader(249)) - 76c719c5-dd80-44a7-8fd8-91f7e0efff8b@group-2985783B7DD1: change Leader from null to 76c719c5-dd80-44a7-8fd8-91f7e0efff8b at term 1 for becomeLeader, leader elected after 5102ms
2021-01-12 10:39:40,027 [76c719c5-dd80-44a7-8fd8-91f7e0efff8b@group-2985783B7DD1-LeaderElection7] INFO  server.RaftServerConfigKeys (ConfUtils.java:logGet(44)) - raft.server.staging.catchup.gap = 1000 (default)
2021-01-12 10:39:40,038 [76c719c5-dd80-44a7-8fd8-91f7e0efff8b@group-2985783B7DD1-LeaderElection7] INFO  metrics.RatisMetrics (RatisMetrics.java:lambda$create$0(36)) - Creating Metrics Registry : ratis.log_appender.76c719c5-dd80-44a7-8fd8-91f7e0efff8b@group-2985783B7DD1
2021-01-12 10:39:40,039 [76c719c5-dd80-44a7-8fd8-91f7e0efff8b@group-2985783B7DD1-LeaderElection7] INFO  server.RaftServerConfigKeys (ConfUtils.java:logGet(44)) - raft.server.write.element-limit = 1024 (custom)
2021-01-12 10:39:40,039 [76c719c5-dd80-44a7-8fd8-91f7e0efff8b@group-2985783B7DD1-LeaderElection7] INFO  server.RaftServerConfigKeys (ConfUtils.java:logGet(44)) - raft.server.write.byte-limit = 1073741824 (custom)
2021-01-12 10:39:40,039 [76c719c5-dd80-44a7-8fd8-91f7e0efff8b@group-2985783B7DD1-LeaderElection7] INFO  server.RaftServerConfigKeys (ConfUtils.java:logGet(44)) - raft.server.watch.timeout = 180s (custom)
2021-01-12 10:39:40,039 [76c719c5-dd80-44a7-8fd8-91f7e0efff8b@group-2985783B7DD1-LeaderElection7] INFO  server.RaftServerConfigKeys (ConfUtils.java:logGet(44)) - raft.server.watch.timeout.denomination = 1s (default)
2021-01-12 10:39:40,039 [76c719c5-dd80-44a7-8fd8-91f7e0efff8b@group-2985783B7DD1-LeaderElection7] INFO  server.RaftServerConfigKeys (ConfUtils.java:logGet(44)) - raft.server.watch.element-limit = 65536 (default)
2021-01-12 10:39:40,039 [76c719c5-dd80-44a7-8fd8-91f7e0efff8b@group-2985783B7DD1-LeaderElection7] INFO  impl.RoleInfo (RoleInfo.java:updateAndGet(130)) - 76c719c5-dd80-44a7-8fd8-91f7e0efff8b: start 76c719c5-dd80-44a7-8fd8-91f7e0efff8b@group-2985783B7DD1-LeaderStateImpl
2021-01-12 10:39:40,040 [76c719c5-dd80-44a7-8fd8-91f7e0efff8b@group-2985783B7DD1-LeaderElection7] INFO  segmented.SegmentedRaftLogWorker (SegmentedRaftLogWorker.java:startLogSegment(392)) - 76c719c5-dd80-44a7-8fd8-91f7e0efff8b@group-2985783B7DD1-SegmentedRaftLogWorker: Starting segment from index:0
2021-01-12 10:39:40,042 [76c719c5-dd80-44a7-8fd8-91f7e0efff8b@group-2985783B7DD1-SegmentedRaftLogWorker] INFO  segmented.SegmentedRaftLogWorker (SegmentedRaftLogWorker.java:execute(599)) - 76c719c5-dd80-44a7-8fd8-91f7e0efff8b@group-2985783B7DD1-SegmentedRaftLogWorker: created new log segment /github/workspace/mnt/ozone/hadoop-ozone/integration-test/target/test-dir/MiniOzoneClusterImpl-845f199f-e199-49cc-a013-e02be1563f77/datanode-1/data/ratis/4f7599df-de3e-4cd4-b6cd-2985783b7dd1/current/log_inprogress_0
2021-01-12 10:39:40,048 [76c719c5-dd80-44a7-8fd8-91f7e0efff8b@group-2985783B7DD1-LeaderElection7] INFO  server.RaftServer$Division (ServerState.java:setRaftConf(368)) - 76c719c5-dd80-44a7-8fd8-91f7e0efff8b@group-2985783B7DD1: set configuration 0: [76c719c5-dd80-44a7-8fd8-91f7e0efff8b|rpc:172.17.0.2:40481|dataStream:|priority:1], old=null
2021-01-12 10:39:40,081 [Thread-279] INFO  impl.FollowerState (FollowerState.java:run(133)) - 188a3981-abf6-489f-b30f-6e133fbbe68f@group-82257435C903-FollowerState: change to CANDIDATE, lastRpcElapsedTime:5032826662ns, electionTimeout:5032ms
2021-01-12 10:39:40,081 [Thread-279] INFO  impl.RoleInfo (RoleInfo.java:shutdownFollowerState(108)) - 188a3981-abf6-489f-b30f-6e133fbbe68f: shutdown 188a3981-abf6-489f-b30f-6e133fbbe68f@group-82257435C903-FollowerState
2021-01-12 10:39:40,081 [Thread-279] INFO  server.RaftServer$Division (RaftServerImpl.java:setRole(283)) - 188a3981-abf6-489f-b30f-6e133fbbe68f@group-82257435C903: changes role from  FOLLOWER to CANDIDATE at term 0 for changeToCandidate
2021-01-12 10:39:40,081 [Thread-279] INFO  impl.RoleInfo (RoleInfo.java:updateAndGet(130)) - 188a3981-abf6-489f-b30f-6e133fbbe68f: start 188a3981-abf6-489f-b30f-6e133fbbe68f@group-82257435C903-LeaderElection8
2021-01-12 10:39:40,088 [188a3981-abf6-489f-b30f-6e133fbbe68f@group-82257435C903-LeaderElection8] INFO  impl.LeaderElection (LeaderElection.java:askForPreVotes(259)) - 188a3981-abf6-489f-b30f-6e133fbbe68f@group-82257435C903-LeaderElection8: begin a pre-vote at term 0 for -1: [76c719c5-dd80-44a7-8fd8-91f7e0efff8b|rpc:172.17.0.2:40481|priority:1, 722b62ba-328d-4705-904e-eefd1aac7358|rpc:172.17.0.2:40211|priority:0, 188a3981-abf6-489f-b30f-6e133fbbe68f|rpc:172.17.0.2:42803|priority:0], old=null
2021-01-12 10:39:40,094 [grpc-default-executor-1] INFO  server.RaftServer$Division (RaftServerImpl.java:requestPreVote(1060)) - 76c719c5-dd80-44a7-8fd8-91f7e0efff8b@group-82257435C903: receive preVote(188a3981-abf6-489f-b30f-6e133fbbe68f, group-82257435C903, 0, (t:0, i:0))
2021-01-12 10:39:40,094 [grpc-default-executor-1] INFO  server.RaftServer$Division (RaftServerImpl.java:requestPreVote(1083)) - 76c719c5-dd80-44a7-8fd8-91f7e0efff8b@group-82257435C903 role: FOLLOWER reject pre-vote from:188a3981-abf6-489f-b30f-6e133fbbe68f because compare:0 isCurrentLeaderValid:false
2021-01-12 10:39:40,094 [grpc-default-executor-1] INFO  server.RaftServer$Division (RaftServerImpl.java:requestPreVote(1099)) - 76c719c5-dd80-44a7-8fd8-91f7e0efff8b@group-82257435C903 replies to pre-vote request: 188a3981-abf6-489f-b30f-6e133fbbe68f<-76c719c5-dd80-44a7-8fd8-91f7e0efff8b#0:FAIL-t0. Peer's state: 76c719c5-dd80-44a7-8fd8-91f7e0efff8b@group-82257435C903:t0, leader=null, voted=, raftlog=76c719c5-dd80-44a7-8fd8-91f7e0efff8b@group-82257435C903-SegmentedRaftLog:OPENED:c-1,f-1,i0, conf=-1: [76c719c5-dd80-44a7-8fd8-91f7e0efff8b|rpc:172.17.0.2:40481|priority:1, 722b62ba-328d-4705-904e-eefd1aac7358|rpc:172.17.0.2:40211|priority:0, 188a3981-abf6-489f-b30f-6e133fbbe68f|rpc:172.17.0.2:42803|priority:0], old=null
2021-01-12 10:39:40,096 [188a3981-abf6-489f-b30f-6e133fbbe68f@group-82257435C903-LeaderElection8] INFO  impl.LeaderElection (LeaderElection.java:logAndReturn(68)) - 188a3981-abf6-489f-b30f-6e133fbbe68f@group-82257435C903-LeaderElection8: Pre-vote  REJECTED received 1 response(s):[188a3981-abf6-489f-b30f-6e133fbbe68f<-76c719c5-dd80-44a7-8fd8-91f7e0efff8b#0:FAIL-t0]
2021-01-12 10:39:40,096 [188a3981-abf6-489f-b30f-6e133fbbe68f@group-82257435C903-LeaderElection8] INFO  impl.LeaderElection (LeaderElection.java:askForPreVotes(261)) - 188a3981-abf6-489f-b30f-6e133fbbe68f@group-82257435C903-LeaderElection8 pre-vote result is REJECTED.
2021-01-12 10:39:40,096 [188a3981-abf6-489f-b30f-6e133fbbe68f@group-82257435C903-LeaderElection8] INFO  server.RaftServer$Division (RaftServerImpl.java:setRole(283)) - 188a3981-abf6-489f-b30f-6e133fbbe68f@group-82257435C903: changes role from CANDIDATE to FOLLOWER at term 0 for REJECTED
2021-01-12 10:39:40,096 [188a3981-abf6-489f-b30f-6e133fbbe68f@group-82257435C903-LeaderElection8] INFO  impl.RoleInfo (RoleInfo.java:shutdownLeaderElection(121)) - 188a3981-abf6-489f-b30f-6e133fbbe68f: shutdown 188a3981-abf6-489f-b30f-6e133fbbe68f@group-82257435C903-LeaderElection8
2021-01-12 10:39:40,096 [188a3981-abf6-489f-b30f-6e133fbbe68f@group-82257435C903-LeaderElection8] INFO  impl.RoleInfo (RoleInfo.java:updateAndGet(130)) - 188a3981-abf6-489f-b30f-6e133fbbe68f: start 188a3981-abf6-489f-b30f-6e133fbbe68f@group-82257435C903-FollowerState
2021-01-12 10:39:40,101 [grpc-default-executor-1] INFO  server.RaftServer$Division (RaftServerImpl.java:requestPreVote(1060)) - 722b62ba-328d-4705-904e-eefd1aac7358@group-82257435C903: receive preVote(188a3981-abf6-489f-b30f-6e133fbbe68f, group-82257435C903, 0, (t:0, i:0))
2021-01-12 10:39:40,102 [grpc-default-executor-1] INFO  server.RaftServer$Division (RaftServerImpl.java:requestPreVote(1081)) - 722b62ba-328d-4705-904e-eefd1aac7358@group-82257435C903 role: FOLLOWER allow pre-vote from:188a3981-abf6-489f-b30f-6e133fbbe68f
2021-01-12 10:39:40,102 [grpc-default-executor-1] INFO  server.RaftServer$Division (RaftServerImpl.java:requestPreVote(1099)) - 722b62ba-328d-4705-904e-eefd1aac7358@group-82257435C903 replies to pre-vote request: 188a3981-abf6-489f-b30f-6e133fbbe68f<-722b62ba-328d-4705-904e-eefd1aac7358#0:OK-t0. Peer's state: 722b62ba-328d-4705-904e-eefd1aac7358@group-82257435C903:t0, leader=null, voted=, raftlog=722b62ba-328d-4705-904e-eefd1aac7358@group-82257435C903-SegmentedRaftLog:OPENED:c-1,f-1,i0, conf=-1: [76c719c5-dd80-44a7-8fd8-91f7e0efff8b|rpc:172.17.0.2:40481|dataStream:|priority:1, 722b62ba-328d-4705-904e-eefd1aac7358|rpc:172.17.0.2:40211|dataStream:|priority:0, 188a3981-abf6-489f-b30f-6e133fbbe68f|rpc:172.17.0.2:42803|dataStream:|priority:0], old=null
2021-01-12 10:39:40,104 [grpc-default-executor-1] WARN  server.GrpcLogAppender (LogUtils.java:warn(122)) - omNode-2@group-523986131536->omNode-3-AppendLogResponseHandler: Failed appendEntries: org.apache.ratis.thirdparty.io.grpc.StatusRuntimeException: UNAVAILABLE: io exception
2021-01-12 10:39:40,105 [grpc-default-executor-1] WARN  server.GrpcLogAppender (GrpcLogAppender.java:resetClient(111)) - omNode-2@group-523986131536->omNode-3-GrpcLogAppender: Leader has not got in touch with Follower omNode-2@group-523986131536->omNode-3(c-1,m0,n1, attendVote=true, lastRpcSendTime=0, lastRpcResponseTime=11864) yet, just keep nextIndex unchanged and retry.
2021-01-12 10:39:40,184 [Thread-276] INFO  impl.FollowerState (FollowerState.java:run(133)) - 76c719c5-dd80-44a7-8fd8-91f7e0efff8b@group-82257435C903-FollowerState: change to CANDIDATE, lastRpcElapsedTime:5176992699ns, electionTimeout:5160ms
2021-01-12 10:39:40,185 [Thread-276] INFO  impl.RoleInfo (RoleInfo.java:shutdownFollowerState(108)) - 76c719c5-dd80-44a7-8fd8-91f7e0efff8b: shutdown 76c719c5-dd80-44a7-8fd8-91f7e0efff8b@group-82257435C903-FollowerState
2021-01-12 10:39:40,185 [Thread-276] INFO  server.RaftServer$Division (RaftServerImpl.java:setRole(283)) - 76c719c5-dd80-44a7-8fd8-91f7e0efff8b@group-82257435C903: changes role from  FOLLOWER to CANDIDATE at term 0 for changeToCandidate
2021-01-12 10:39:40,185 [Thread-276] INFO  impl.RoleInfo (RoleInfo.java:updateAndGet(130)) - 76c719c5-dd80-44a7-8fd8-91f7e0efff8b: start 76c719c5-dd80-44a7-8fd8-91f7e0efff8b@group-82257435C903-LeaderElection9
2021-01-12 10:39:40,188 [76c719c5-dd80-44a7-8fd8-91f7e0efff8b@group-82257435C903-LeaderElection9] INFO  impl.LeaderElection (LeaderElection.java:askForPreVotes(259)) - 76c719c5-dd80-44a7-8fd8-91f7e0efff8b@group-82257435C903-LeaderElection9: begin a pre-vote at term 0 for -1: [76c719c5-dd80-44a7-8fd8-91f7e0efff8b|rpc:172.17.0.2:40481|priority:1, 722b62ba-328d-4705-904e-eefd1aac7358|rpc:172.17.0.2:40211|priority:0, 188a3981-abf6-489f-b30f-6e133fbbe68f|rpc:172.17.0.2:42803|priority:0], old=null
2021-01-12 10:39:40,198 [grpc-default-executor-1] INFO  server.RaftServer$Division (RaftServerImpl.java:requestPreVote(1060)) - 722b62ba-328d-4705-904e-eefd1aac7358@group-82257435C903: receive preVote(76c719c5-dd80-44a7-8fd8-91f7e0efff8b, group-82257435C903, 0, (t:0, i:0))
2021-01-12 10:39:40,198 [grpc-default-executor-1] INFO  server.RaftServer$Division (RaftServerImpl.java:requestPreVote(1081)) - 722b62ba-328d-4705-904e-eefd1aac7358@group-82257435C903 role: FOLLOWER allow pre-vote from:76c719c5-dd80-44a7-8fd8-91f7e0efff8b
2021-01-12 10:39:40,198 [grpc-default-executor-1] INFO  server.RaftServer$Division (RaftServerImpl.java:requestPreVote(1099)) - 722b62ba-328d-4705-904e-eefd1aac7358@group-82257435C903 replies to pre-vote request: 76c719c5-dd80-44a7-8fd8-91f7e0efff8b<-722b62ba-328d-4705-904e-eefd1aac7358#0:OK-t0. Peer's state: 722b62ba-328d-4705-904e-eefd1aac7358@group-82257435C903:t0, leader=null, voted=, raftlog=722b62ba-328d-4705-904e-eefd1aac7358@group-82257435C903-SegmentedRaftLog:OPENED:c-1,f-1,i0, conf=-1: [76c719c5-dd80-44a7-8fd8-91f7e0efff8b|rpc:172.17.0.2:40481|dataStream:|priority:1, 722b62ba-328d-4705-904e-eefd1aac7358|rpc:172.17.0.2:40211|dataStream:|priority:0, 188a3981-abf6-489f-b30f-6e133fbbe68f|rpc:172.17.0.2:42803|dataStream:|priority:0], old=null
2021-01-12 10:39:40,203 [76c719c5-dd80-44a7-8fd8-91f7e0efff8b@group-82257435C903-LeaderElection9] INFO  impl.LeaderElection (LeaderElection.java:logAndReturn(68)) - 76c719c5-dd80-44a7-8fd8-91f7e0efff8b@group-82257435C903-LeaderElection9: Pre-vote  PASSED received 1 response(s):[76c719c5-dd80-44a7-8fd8-91f7e0efff8b<-722b62ba-328d-4705-904e-eefd1aac7358#0:OK-t0]
2021-01-12 10:39:40,203 [76c719c5-dd80-44a7-8fd8-91f7e0efff8b@group-82257435C903-LeaderElection9] INFO  impl.LeaderElection (LeaderElection.java:askForPreVotes(261)) - 76c719c5-dd80-44a7-8fd8-91f7e0efff8b@group-82257435C903-LeaderElection9 pre-vote result is PASSED.
2021-01-12 10:39:40,205 [76c719c5-dd80-44a7-8fd8-91f7e0efff8b@group-82257435C903-LeaderElection9] INFO  impl.LeaderElection (LeaderElection.java:askForVotes(308)) - 76c719c5-dd80-44a7-8fd8-91f7e0efff8b@group-82257435C903-LeaderElection9: begin an election at term 1 for -1: [76c719c5-dd80-44a7-8fd8-91f7e0efff8b|rpc:172.17.0.2:40481|priority:1, 722b62ba-328d-4705-904e-eefd1aac7358|rpc:172.17.0.2:40211|priority:0, 188a3981-abf6-489f-b30f-6e133fbbe68f|rpc:172.17.0.2:42803|priority:0], old=null
2021-01-12 10:39:40,214 [grpc-default-executor-1] INFO  server.RaftServer$Division (RaftServerImpl.java:requestPreVote(1060)) - 188a3981-abf6-489f-b30f-6e133fbbe68f@group-82257435C903: receive preVote(76c719c5-dd80-44a7-8fd8-91f7e0efff8b, group-82257435C903, 0, (t:0, i:0))
2021-01-12 10:39:40,215 [grpc-default-executor-1] INFO  server.RaftServer$Division (RaftServerImpl.java:requestPreVote(1081)) - 188a3981-abf6-489f-b30f-6e133fbbe68f@group-82257435C903 role: FOLLOWER allow pre-vote from:76c719c5-dd80-44a7-8fd8-91f7e0efff8b
2021-01-12 10:39:40,215 [grpc-default-executor-1] INFO  server.RaftServer$Division (RaftServerImpl.java:requestPreVote(1099)) - 188a3981-abf6-489f-b30f-6e133fbbe68f@group-82257435C903 replies to pre-vote request: 76c719c5-dd80-44a7-8fd8-91f7e0efff8b<-188a3981-abf6-489f-b30f-6e133fbbe68f#0:OK-t0. Peer's state: 188a3981-abf6-489f-b30f-6e133fbbe68f@group-82257435C903:t0, leader=null, voted=, raftlog=188a3981-abf6-489f-b30f-6e133fbbe68f@group-82257435C903-SegmentedRaftLog:OPENED:c-1,f-1,i0, conf=-1: [76c719c5-dd80-44a7-8fd8-91f7e0efff8b|rpc:172.17.0.2:40481|priority:1, 722b62ba-328d-4705-904e-eefd1aac7358|rpc:172.17.0.2:40211|priority:0, 188a3981-abf6-489f-b30f-6e133fbbe68f|rpc:172.17.0.2:42803|priority:0], old=null
2021-01-12 10:39:40,217 [grpc-default-executor-1] INFO  server.RaftServer$Division (RaftServerImpl.java:setRole(283)) - 188a3981-abf6-489f-b30f-6e133fbbe68f@group-82257435C903: changes role from  FOLLOWER to FOLLOWER at term 1 for recognizeCandidate:76c719c5-dd80-44a7-8fd8-91f7e0efff8b
2021-01-12 10:39:40,217 [grpc-default-executor-1] INFO  impl.RoleInfo (RoleInfo.java:shutdownFollowerState(108)) - 188a3981-abf6-489f-b30f-6e133fbbe68f: shutdown 188a3981-abf6-489f-b30f-6e133fbbe68f@group-82257435C903-FollowerState
2021-01-12 10:39:40,217 [grpc-default-executor-1] INFO  impl.RoleInfo (RoleInfo.java:updateAndGet(130)) - 188a3981-abf6-489f-b30f-6e133fbbe68f: start 188a3981-abf6-489f-b30f-6e133fbbe68f@group-82257435C903-FollowerState
2021-01-12 10:39:40,217 [Thread-324] INFO  impl.FollowerState (FollowerState.java:run(142)) - 188a3981-abf6-489f-b30f-6e133fbbe68f@group-82257435C903-FollowerState was interrupted: {}
java.lang.InterruptedException: sleep interrupted
	at java.lang.Thread.sleep(Native Method)
	at java.lang.Thread.sleep(Thread.java:340)
	at java.util.concurrent.TimeUnit.sleep(TimeUnit.java:386)
	at org.apache.ratis.util.TimeDuration.sleep(TimeDuration.java:324)
	at org.apache.ratis.util.TimeDuration.sleep(TimeDuration.java:309)
	at org.apache.ratis.server.impl.FollowerState.run(FollowerState.java:117)
2021-01-12 10:39:40,225 [grpc-default-executor-1] INFO  server.RaftServer$Division (RaftServerImpl.java:requestVote(1137)) -  FOLLOWER 188a3981-abf6-489f-b30f-6e133fbbe68f@group-82257435C903:t1, leader=null, voted=null, raftlog=188a3981-abf6-489f-b30f-6e133fbbe68f@group-82257435C903-SegmentedRaftLog:OPENED:c-1,f-1,i0, conf=-1: [76c719c5-dd80-44a7-8fd8-91f7e0efff8b|rpc:172.17.0.2:40481|priority:1, 722b62ba-328d-4705-904e-eefd1aac7358|rpc:172.17.0.2:40211|priority:0, 188a3981-abf6-489f-b30f-6e133fbbe68f|rpc:172.17.0.2:42803|priority:0], old=null RUNNING priority:0 candidate:76c719c5-dd80-44a7-8fd8-91f7e0efff8b|rpc:172.17.0.2:40481|priority:1 candidatePriority:1 compare:0
2021-01-12 10:39:40,232 [grpc-default-executor-1] INFO  server.RaftServer$Division (RaftServerImpl.java:setRole(283)) - 722b62ba-328d-4705-904e-eefd1aac7358@group-82257435C903: changes role from  FOLLOWER to FOLLOWER at term 1 for recognizeCandidate:76c719c5-dd80-44a7-8fd8-91f7e0efff8b
2021-01-12 10:39:40,232 [grpc-default-executor-1] INFO  impl.RoleInfo (RoleInfo.java:shutdownFollowerState(108)) - 722b62ba-328d-4705-904e-eefd1aac7358: shutdown 722b62ba-328d-4705-904e-eefd1aac7358@group-82257435C903-FollowerState
2021-01-12 10:39:40,232 [grpc-default-executor-1] INFO  impl.RoleInfo (RoleInfo.java:updateAndGet(130)) - 722b62ba-328d-4705-904e-eefd1aac7358: start 722b62ba-328d-4705-904e-eefd1aac7358@group-82257435C903-FollowerState
2021-01-12 10:39:40,232 [Thread-285] INFO  impl.FollowerState (FollowerState.java:run(142)) - 722b62ba-328d-4705-904e-eefd1aac7358@group-82257435C903-FollowerState was interrupted: {}
java.lang.InterruptedException: sleep interrupted
	at java.lang.Thread.sleep(Native Method)
	at java.lang.Thread.sleep(Thread.java:340)
	at java.util.concurrent.TimeUnit.sleep(TimeUnit.java:386)
	at org.apache.ratis.util.TimeDuration.sleep(TimeDuration.java:324)
	at org.apache.ratis.util.TimeDuration.sleep(TimeDuration.java:309)
	at org.apache.ratis.server.impl.FollowerState.run(FollowerState.java:117)
2021-01-12 10:39:40,241 [76c719c5-dd80-44a7-8fd8-91f7e0efff8b@group-82257435C903-LeaderElection9] INFO  impl.LeaderElection (LeaderElection.java:logAndReturn(68)) - 76c719c5-dd80-44a7-8fd8-91f7e0efff8b@group-82257435C903-LeaderElection9: Election  PASSED received 1 response(s):[76c719c5-dd80-44a7-8fd8-91f7e0efff8b<-188a3981-abf6-489f-b30f-6e133fbbe68f#0:OK-t1]
2021-01-12 10:39:40,235 [grpc-default-executor-1] INFO  server.RaftServer$Division (RaftServerImpl.java:requestVote(1137)) -  FOLLOWER 722b62ba-328d-4705-904e-eefd1aac7358@group-82257435C903:t1, leader=null, voted=null, raftlog=722b62ba-328d-4705-904e-eefd1aac7358@group-82257435C903-SegmentedRaftLog:OPENED:c-1,f-1,i0, conf=-1: [76c719c5-dd80-44a7-8fd8-91f7e0efff8b|rpc:172.17.0.2:40481|dataStream:|priority:1, 722b62ba-328d-4705-904e-eefd1aac7358|rpc:172.17.0.2:40211|dataStream:|priority:0, 188a3981-abf6-489f-b30f-6e133fbbe68f|rpc:172.17.0.2:42803|dataStream:|priority:0], old=null RUNNING priority:0 candidate:76c719c5-dd80-44a7-8fd8-91f7e0efff8b|rpc:172.17.0.2:40481|dataStream:|priority:1 candidatePriority:1 compare:0
2021-01-12 10:39:40,242 [76c719c5-dd80-44a7-8fd8-91f7e0efff8b@group-82257435C903-LeaderElection9] INFO  impl.RoleInfo (RoleInfo.java:shutdownLeaderElection(121)) - 76c719c5-dd80-44a7-8fd8-91f7e0efff8b: shutdown 76c719c5-dd80-44a7-8fd8-91f7e0efff8b@group-82257435C903-LeaderElection9
2021-01-12 10:39:40,242 [76c719c5-dd80-44a7-8fd8-91f7e0efff8b@group-82257435C903-LeaderElection9] INFO  server.RaftServer$Division (RaftServerImpl.java:setRole(283)) - 76c719c5-dd80-44a7-8fd8-91f7e0efff8b@group-82257435C903: changes role from CANDIDATE to LEADER at term 1 for changeToLeader
2021-01-12 10:39:40,242 [76c719c5-dd80-44a7-8fd8-91f7e0efff8b@group-82257435C903-LeaderElection9] INFO  ratis.XceiverServerRatis (XceiverServerRatis.java:handleLeaderChangedNotification(868)) - Leader change notification received for group: group-82257435C903 with new leaderId: 76c719c5-dd80-44a7-8fd8-91f7e0efff8b
2021-01-12 10:39:40,242 [76c719c5-dd80-44a7-8fd8-91f7e0efff8b@group-82257435C903-LeaderElection9] INFO  server.RaftServer$Division (ServerState.java:setLeader(249)) - 76c719c5-dd80-44a7-8fd8-91f7e0efff8b@group-82257435C903: change Leader from null to 76c719c5-dd80-44a7-8fd8-91f7e0efff8b at term 1 for becomeLeader, leader elected after 5278ms
2021-01-12 10:39:40,242 [76c719c5-dd80-44a7-8fd8-91f7e0efff8b@group-82257435C903-LeaderElection9] INFO  server.RaftServerConfigKeys (ConfUtils.java:logGet(44)) - raft.server.staging.catchup.gap = 1000 (default)
2021-01-12 10:39:40,242 [76c719c5-dd80-44a7-8fd8-91f7e0efff8b@group-82257435C903-LeaderElection9] INFO  metrics.RatisMetrics (RatisMetrics.java:lambda$create$0(36)) - Creating Metrics Registry : ratis.log_appender.76c719c5-dd80-44a7-8fd8-91f7e0efff8b@group-82257435C903
2021-01-12 10:39:40,242 [76c719c5-dd80-44a7-8fd8-91f7e0efff8b@group-82257435C903-LeaderElection9] INFO  server.RaftServerConfigKeys (ConfUtils.java:logGet(44)) - raft.server.write.element-limit = 1024 (custom)
2021-01-12 10:39:40,242 [76c719c5-dd80-44a7-8fd8-91f7e0efff8b@group-82257435C903-LeaderElection9] INFO  server.RaftServerConfigKeys (ConfUtils.java:logGet(44)) - raft.server.write.byte-limit = 1073741824 (custom)
2021-01-12 10:39:40,246 [76c719c5-dd80-44a7-8fd8-91f7e0efff8b@group-82257435C903-LeaderElection9] INFO  server.RaftServerConfigKeys (ConfUtils.java:logGet(44)) - raft.server.watch.timeout = 180s (custom)
2021-01-12 10:39:40,246 [76c719c5-dd80-44a7-8fd8-91f7e0efff8b@group-82257435C903-LeaderElection9] INFO  server.RaftServerConfigKeys (ConfUtils.java:logGet(44)) - raft.server.watch.timeout.denomination = 1s (default)
2021-01-12 10:39:40,246 [76c719c5-dd80-44a7-8fd8-91f7e0efff8b@group-82257435C903-LeaderElection9] INFO  server.RaftServerConfigKeys (ConfUtils.java:logGet(44)) - raft.server.watch.element-limit = 65536 (default)
2021-01-12 10:39:40,246 [76c719c5-dd80-44a7-8fd8-91f7e0efff8b@group-82257435C903-LeaderElection9] INFO  server.RaftServerConfigKeys (ConfUtils.java:logGet(44)) - raft.server.log.appender.snapshot.chunk.size.max = 16MB (=16777216) (default)
2021-01-12 10:39:40,249 [76c719c5-dd80-44a7-8fd8-91f7e0efff8b@group-82257435C903-LeaderElection9] INFO  server.RaftServerConfigKeys (ConfUtils.java:logGet(44)) - raft.server.log.appender.buffer.byte-limit = 33554432 (custom)
2021-01-12 10:39:40,250 [76c719c5-dd80-44a7-8fd8-91f7e0efff8b@group-82257435C903-LeaderElection9] INFO  server.RaftServerConfigKeys (ConfUtils.java:logGet(44)) - raft.server.log.appender.buffer.element-limit = 1 (custom)
2021-01-12 10:39:40,251 [EventQueue-PipelineReportForPipelineReportHandler] INFO  pipeline.PipelineStateManager (PipelineStateManager.java:openPipeline(132)) - Pipeline Pipeline[ Id: bbf6dc67-22e2-4b23-b4a5-82257435c903, Nodes: 188a3981-abf6-489f-b30f-6e133fbbe68f{ip: 172.17.0.2, host: 6ff8c8e3a8df, networkLocation: /default-rack, certSerialId: null, persistedOpState: IN_SERVICE, persistedOpStateExpiryEpochSec: 0}76c719c5-dd80-44a7-8fd8-91f7e0efff8b{ip: 172.17.0.2, host: 6ff8c8e3a8df, networkLocation: /default-rack, certSerialId: null, persistedOpState: IN_SERVICE, persistedOpStateExpiryEpochSec: 0}722b62ba-328d-4705-904e-eefd1aac7358{ip: 172.17.0.2, host: 6ff8c8e3a8df, networkLocation: /default-rack, certSerialId: null, persistedOpState: IN_SERVICE, persistedOpStateExpiryEpochSec: 0}, Type:RATIS, Factor:THREE, State:ALLOCATED, leaderId:76c719c5-dd80-44a7-8fd8-91f7e0efff8b, CreationTimestamp2021-01-12T10:39:32.272Z] moved to OPEN state
2021-01-12 10:39:40,252 [76c719c5-dd80-44a7-8fd8-91f7e0efff8b@group-82257435C903-LeaderElection9] INFO  grpc.GrpcConfigKeys (ConfUtils.java:logGet(44)) - raft.grpc.server.leader.outstanding.appends.max = 128 (default)
2021-01-12 10:39:40,253 [76c719c5-dd80-44a7-8fd8-91f7e0efff8b@group-82257435C903-LeaderElection9] INFO  server.RaftServerConfigKeys (ConfUtils.java:logGet(44)) - raft.server.rpc.request.timeout = 60s (custom)
2021-01-12 10:39:40,253 [76c719c5-dd80-44a7-8fd8-91f7e0efff8b@group-82257435C903-LeaderElection9] INFO  server.RaftServerConfigKeys (ConfUtils.java:logGet(44)) - raft.server.log.appender.install.snapshot.enabled = false (custom)
2021-01-12 10:39:40,253 [76c719c5-dd80-44a7-8fd8-91f7e0efff8b@group-82257435C903-LeaderElection9] INFO  metrics.RatisMetrics (RatisMetrics.java:lambda$create$0(36)) - Creating Metrics Registry : ratis_grpc.log_appender.76c719c5-dd80-44a7-8fd8-91f7e0efff8b@group-82257435C903
2021-01-12 10:39:40,253 [76c719c5-dd80-44a7-8fd8-91f7e0efff8b@group-82257435C903-LeaderElection9] INFO  server.RaftServerConfigKeys (ConfUtils.java:logGet(44)) - raft.server.log.appender.snapshot.chunk.size.max = 16MB (=16777216) (default)
2021-01-12 10:39:40,253 [76c719c5-dd80-44a7-8fd8-91f7e0efff8b@group-82257435C903-LeaderElection9] INFO  server.RaftServerConfigKeys (ConfUtils.java:logGet(44)) - raft.server.log.appender.buffer.byte-limit = 33554432 (custom)
2021-01-12 10:39:40,254 [76c719c5-dd80-44a7-8fd8-91f7e0efff8b@group-82257435C903-LeaderElection9] INFO  server.RaftServerConfigKeys (ConfUtils.java:logGet(44)) - raft.server.log.appender.buffer.element-limit = 1 (custom)
2021-01-12 10:39:40,254 [76c719c5-dd80-44a7-8fd8-91f7e0efff8b@group-82257435C903-LeaderElection9] INFO  grpc.GrpcConfigKeys (ConfUtils.java:logGet(44)) - raft.grpc.server.leader.outstanding.appends.max = 128 (default)
2021-01-12 10:39:40,254 [76c719c5-dd80-44a7-8fd8-91f7e0efff8b@group-82257435C903-LeaderElection9] INFO  server.RaftServerConfigKeys (ConfUtils.java:logGet(44)) - raft.server.rpc.request.timeout = 60s (custom)
2021-01-12 10:39:40,254 [76c719c5-dd80-44a7-8fd8-91f7e0efff8b@group-82257435C903-LeaderElection9] INFO  server.RaftServerConfigKeys (ConfUtils.java:logGet(44)) - raft.server.log.appender.install.snapshot.enabled = false (custom)
2021-01-12 10:39:40,254 [76c719c5-dd80-44a7-8fd8-91f7e0efff8b@group-82257435C903-LeaderElection9] INFO  impl.RoleInfo (RoleInfo.java:updateAndGet(130)) - 76c719c5-dd80-44a7-8fd8-91f7e0efff8b: start 76c719c5-dd80-44a7-8fd8-91f7e0efff8b@group-82257435C903-LeaderStateImpl
2021-01-12 10:39:40,254 [76c719c5-dd80-44a7-8fd8-91f7e0efff8b@group-82257435C903-LeaderElection9] INFO  segmented.SegmentedRaftLogWorker (SegmentedRaftLogWorker.java:startLogSegment(392)) - 76c719c5-dd80-44a7-8fd8-91f7e0efff8b@group-82257435C903-SegmentedRaftLogWorker: Starting segment from index:0
2021-01-12 10:39:40,256 [76c719c5-dd80-44a7-8fd8-91f7e0efff8b@group-82257435C903-SegmentedRaftLogWorker] INFO  segmented.SegmentedRaftLogWorker (SegmentedRaftLogWorker.java:execute(599)) - 76c719c5-dd80-44a7-8fd8-91f7e0efff8b@group-82257435C903-SegmentedRaftLogWorker: created new log segment /github/workspace/mnt/ozone/hadoop-ozone/integration-test/target/test-dir/MiniOzoneClusterImpl-845f199f-e199-49cc-a013-e02be1563f77/datanode-1/data/ratis/bbf6dc67-22e2-4b23-b4a5-82257435c903/current/log_inprogress_0
2021-01-12 10:39:40,271 [76c719c5-dd80-44a7-8fd8-91f7e0efff8b@group-82257435C903-LeaderElection9] INFO  server.RaftServer$Division (ServerState.java:setRaftConf(368)) - 76c719c5-dd80-44a7-8fd8-91f7e0efff8b@group-82257435C903: set configuration 0: [76c719c5-dd80-44a7-8fd8-91f7e0efff8b|rpc:172.17.0.2:40481|dataStream:|priority:1, 722b62ba-328d-4705-904e-eefd1aac7358|rpc:172.17.0.2:40211|dataStream:|priority:0, 188a3981-abf6-489f-b30f-6e133fbbe68f|rpc:172.17.0.2:42803|dataStream:|priority:0], old=null
2021-01-12 10:39:40,271 [grpc-default-executor-3] INFO  ratis.XceiverServerRatis (XceiverServerRatis.java:handleLeaderChangedNotification(868)) - Leader change notification received for group: group-82257435C903 with new leaderId: 76c719c5-dd80-44a7-8fd8-91f7e0efff8b
2021-01-12 10:39:40,271 [grpc-default-executor-3] INFO  server.RaftServer$Division (ServerState.java:setLeader(249)) - 722b62ba-328d-4705-904e-eefd1aac7358@group-82257435C903: change Leader from null to 76c719c5-dd80-44a7-8fd8-91f7e0efff8b at term 1 for appendEntries, leader elected after 5121ms
2021-01-12 10:39:40,256 [Listener at 127.0.0.1/10732] INFO  ozone.MiniOzoneClusterImpl (MiniOzoneClusterImpl.java:lambda$waitForClusterToBeReady$0(179)) - Nodes are ready. Got 3 of 3 DN Heartbeats.
2021-01-12 10:39:40,271 [Listener at 127.0.0.1/10732] INFO  ozone.MiniOzoneClusterImpl (MiniOzoneClusterImpl.java:lambda$waitForClusterToBeReady$0(182)) - Cluster exits safe mode
2021-01-12 10:39:40,289 [grpc-default-executor-3] INFO  server.RaftServer$Division (ServerState.java:setRaftConf(368)) - 722b62ba-328d-4705-904e-eefd1aac7358@group-82257435C903: set configuration 0: [76c719c5-dd80-44a7-8fd8-91f7e0efff8b|rpc:172.17.0.2:40481|dataStream:|priority:1, 722b62ba-328d-4705-904e-eefd1aac7358|rpc:172.17.0.2:40211|dataStream:|priority:0, 188a3981-abf6-489f-b30f-6e133fbbe68f|rpc:172.17.0.2:42803|dataStream:|priority:0], old=null
2021-01-12 10:39:40,289 [grpc-default-executor-3] INFO  segmented.SegmentedRaftLogWorker (SegmentedRaftLogWorker.java:startLogSegment(392)) - 722b62ba-328d-4705-904e-eefd1aac7358@group-82257435C903-SegmentedRaftLogWorker: Starting segment from index:0
2021-01-12 10:39:40,291 [722b62ba-328d-4705-904e-eefd1aac7358@group-82257435C903-SegmentedRaftLogWorker] INFO  segmented.SegmentedRaftLogWorker (SegmentedRaftLogWorker.java:execute(599)) - 722b62ba-328d-4705-904e-eefd1aac7358@group-82257435C903-SegmentedRaftLogWorker: created new log segment /github/workspace/mnt/ozone/hadoop-ozone/integration-test/target/test-dir/MiniOzoneClusterImpl-845f199f-e199-49cc-a013-e02be1563f77/datanode-2/data/ratis/bbf6dc67-22e2-4b23-b4a5-82257435c903/current/log_inprogress_0
2021-01-12 10:39:40,299 [grpc-default-executor-2] INFO  ratis.XceiverServerRatis (XceiverServerRatis.java:handleLeaderChangedNotification(868)) - Leader change notification received for group: group-82257435C903 with new leaderId: 76c719c5-dd80-44a7-8fd8-91f7e0efff8b
2021-01-12 10:39:40,300 [grpc-default-executor-2] INFO  server.RaftServer$Division (ServerState.java:setLeader(249)) - 188a3981-abf6-489f-b30f-6e133fbbe68f@group-82257435C903: change Leader from null to 76c719c5-dd80-44a7-8fd8-91f7e0efff8b at term 1 for appendEntries, leader elected after 5263ms
2021-01-12 10:39:40,337 [grpc-default-executor-2] INFO  server.RaftServer$Division (ServerState.java:setRaftConf(368)) - 188a3981-abf6-489f-b30f-6e133fbbe68f@group-82257435C903: set configuration 0: [76c719c5-dd80-44a7-8fd8-91f7e0efff8b|rpc:172.17.0.2:40481|dataStream:|priority:1, 722b62ba-328d-4705-904e-eefd1aac7358|rpc:172.17.0.2:40211|dataStream:|priority:0, 188a3981-abf6-489f-b30f-6e133fbbe68f|rpc:172.17.0.2:42803|dataStream:|priority:0], old=null
2021-01-12 10:39:40,338 [grpc-default-executor-2] INFO  segmented.SegmentedRaftLogWorker (SegmentedRaftLogWorker.java:startLogSegment(392)) - 188a3981-abf6-489f-b30f-6e133fbbe68f@group-82257435C903-SegmentedRaftLogWorker: Starting segment from index:0
2021-01-12 10:39:40,346 [188a3981-abf6-489f-b30f-6e133fbbe68f@group-82257435C903-SegmentedRaftLogWorker] INFO  segmented.SegmentedRaftLogWorker (SegmentedRaftLogWorker.java:execute(599)) - 188a3981-abf6-489f-b30f-6e133fbbe68f@group-82257435C903-SegmentedRaftLogWorker: created new log segment /github/workspace/mnt/ozone/hadoop-ozone/integration-test/target/test-dir/MiniOzoneClusterImpl-845f199f-e199-49cc-a013-e02be1563f77/datanode-0/data/ratis/bbf6dc67-22e2-4b23-b4a5-82257435c903/current/log_inprogress_0
2021-01-12 10:39:40,462 [Thread-288] INFO  impl.FollowerState (FollowerState.java:run(133)) - 722b62ba-328d-4705-904e-eefd1aac7358@group-F95C1579C5CD-FollowerState: change to CANDIDATE, lastRpcElapsedTime:5170601584ns, electionTimeout:5164ms
2021-01-12 10:39:40,462 [Thread-288] INFO  impl.RoleInfo (RoleInfo.java:shutdownFollowerState(108)) - 722b62ba-328d-4705-904e-eefd1aac7358: shutdown 722b62ba-328d-4705-904e-eefd1aac7358@group-F95C1579C5CD-FollowerState
2021-01-12 10:39:40,462 [Thread-288] INFO  server.RaftServer$Division (RaftServerImpl.java:setRole(283)) - 722b62ba-328d-4705-904e-eefd1aac7358@group-F95C1579C5CD: changes role from  FOLLOWER to CANDIDATE at term 0 for changeToCandidate
2021-01-12 10:39:40,462 [Thread-288] INFO  impl.RoleInfo (RoleInfo.java:updateAndGet(130)) - 722b62ba-328d-4705-904e-eefd1aac7358: start 722b62ba-328d-4705-904e-eefd1aac7358@group-F95C1579C5CD-LeaderElection10
2021-01-12 10:39:40,471 [722b62ba-328d-4705-904e-eefd1aac7358@group-F95C1579C5CD-LeaderElection10] INFO  impl.LeaderElection (LeaderElection.java:askForPreVotes(259)) - 722b62ba-328d-4705-904e-eefd1aac7358@group-F95C1579C5CD-LeaderElection10: begin a pre-vote at term 0 for -1: [722b62ba-328d-4705-904e-eefd1aac7358|rpc:172.17.0.2:40211|priority:1], old=null
2021-01-12 10:39:40,471 [722b62ba-328d-4705-904e-eefd1aac7358@group-F95C1579C5CD-LeaderElection10] INFO  impl.LeaderElection (LeaderElection.java:askForPreVotes(261)) - 722b62ba-328d-4705-904e-eefd1aac7358@group-F95C1579C5CD-LeaderElection10 pre-vote result is PASSED.
2021-01-12 10:39:40,472 [722b62ba-328d-4705-904e-eefd1aac7358@group-F95C1579C5CD-LeaderElection10] INFO  impl.LeaderElection (LeaderElection.java:askForVotes(308)) - 722b62ba-328d-4705-904e-eefd1aac7358@group-F95C1579C5CD-LeaderElection10: begin an election at term 1 for -1: [722b62ba-328d-4705-904e-eefd1aac7358|rpc:172.17.0.2:40211|priority:1], old=null
2021-01-12 10:39:40,473 [722b62ba-328d-4705-904e-eefd1aac7358@group-F95C1579C5CD-LeaderElection10] INFO  impl.RoleInfo (RoleInfo.java:shutdownLeaderElection(121)) - 722b62ba-328d-4705-904e-eefd1aac7358: shutdown 722b62ba-328d-4705-904e-eefd1aac7358@group-F95C1579C5CD-LeaderElection10
2021-01-12 10:39:40,473 [722b62ba-328d-4705-904e-eefd1aac7358@group-F95C1579C5CD-LeaderElection10] INFO  server.RaftServer$Division (RaftServerImpl.java:setRole(283)) - 722b62ba-328d-4705-904e-eefd1aac7358@group-F95C1579C5CD: changes role from CANDIDATE to LEADER at term 1 for changeToLeader
2021-01-12 10:39:40,473 [722b62ba-328d-4705-904e-eefd1aac7358@group-F95C1579C5CD-LeaderElection10] INFO  ratis.XceiverServerRatis (XceiverServerRatis.java:handleLeaderChangedNotification(868)) - Leader change notification received for group: group-F95C1579C5CD with new leaderId: 722b62ba-328d-4705-904e-eefd1aac7358
2021-01-12 10:39:40,473 [722b62ba-328d-4705-904e-eefd1aac7358@group-F95C1579C5CD-LeaderElection10] INFO  server.RaftServer$Division (ServerState.java:setLeader(249)) - 722b62ba-328d-4705-904e-eefd1aac7358@group-F95C1579C5CD: change Leader from null to 722b62ba-328d-4705-904e-eefd1aac7358 at term 1 for becomeLeader, leader elected after 5205ms
2021-01-12 10:39:40,473 [722b62ba-328d-4705-904e-eefd1aac7358@group-F95C1579C5CD-LeaderElection10] INFO  server.RaftServerConfigKeys (ConfUtils.java:logGet(44)) - raft.server.staging.catchup.gap = 1000 (default)
2021-01-12 10:39:40,473 [722b62ba-328d-4705-904e-eefd1aac7358@group-F95C1579C5CD-LeaderElection10] INFO  metrics.RatisMetrics (RatisMetrics.java:lambda$create$0(36)) - Creating Metrics Registry : ratis.log_appender.722b62ba-328d-4705-904e-eefd1aac7358@group-F95C1579C5CD
2021-01-12 10:39:40,473 [722b62ba-328d-4705-904e-eefd1aac7358@group-F95C1579C5CD-LeaderElection10] INFO  server.RaftServerConfigKeys (ConfUtils.java:logGet(44)) - raft.server.write.element-limit = 1024 (custom)
2021-01-12 10:39:40,473 [722b62ba-328d-4705-904e-eefd1aac7358@group-F95C1579C5CD-LeaderElection10] INFO  server.RaftServerConfigKeys (ConfUtils.java:logGet(44)) - raft.server.write.byte-limit = 1073741824 (custom)
2021-01-12 10:39:40,473 [722b62ba-328d-4705-904e-eefd1aac7358@group-F95C1579C5CD-LeaderElection10] INFO  server.RaftServerConfigKeys (ConfUtils.java:logGet(44)) - raft.server.watch.timeout = 180s (custom)
2021-01-12 10:39:40,474 [722b62ba-328d-4705-904e-eefd1aac7358@group-F95C1579C5CD-LeaderElection10] INFO  server.RaftServerConfigKeys (ConfUtils.java:logGet(44)) - raft.server.watch.timeout.denomination = 1s (default)
2021-01-12 10:39:40,474 [722b62ba-328d-4705-904e-eefd1aac7358@group-F95C1579C5CD-LeaderElection10] INFO  server.RaftServerConfigKeys (ConfUtils.java:logGet(44)) - raft.server.watch.element-limit = 65536 (default)
2021-01-12 10:39:40,474 [722b62ba-328d-4705-904e-eefd1aac7358@group-F95C1579C5CD-LeaderElection10] INFO  impl.RoleInfo (RoleInfo.java:updateAndGet(130)) - 722b62ba-328d-4705-904e-eefd1aac7358: start 722b62ba-328d-4705-904e-eefd1aac7358@group-F95C1579C5CD-LeaderStateImpl
2021-01-12 10:39:40,474 [722b62ba-328d-4705-904e-eefd1aac7358@group-F95C1579C5CD-LeaderElection10] INFO  segmented.SegmentedRaftLogWorker (SegmentedRaftLogWorker.java:startLogSegment(392)) - 722b62ba-328d-4705-904e-eefd1aac7358@group-F95C1579C5CD-SegmentedRaftLogWorker: Starting segment from index:0
2021-01-12 10:39:40,476 [722b62ba-328d-4705-904e-eefd1aac7358@group-F95C1579C5CD-SegmentedRaftLogWorker] INFO  segmented.SegmentedRaftLogWorker (SegmentedRaftLogWorker.java:execute(599)) - 722b62ba-328d-4705-904e-eefd1aac7358@group-F95C1579C5CD-SegmentedRaftLogWorker: created new log segment /github/workspace/mnt/ozone/hadoop-ozone/integration-test/target/test-dir/MiniOzoneClusterImpl-845f199f-e199-49cc-a013-e02be1563f77/datanode-2/data/ratis/37583bd8-1c78-4ed3-80cf-f95c1579c5cd/current/log_inprogress_0
2021-01-12 10:39:40,489 [722b62ba-328d-4705-904e-eefd1aac7358@group-F95C1579C5CD-LeaderElection10] INFO  server.RaftServer$Division (ServerState.java:setRaftConf(368)) - 722b62ba-328d-4705-904e-eefd1aac7358@group-F95C1579C5CD: set configuration 0: [722b62ba-328d-4705-904e-eefd1aac7358|rpc:172.17.0.2:40211|dataStream:|priority:1], old=null
2021-01-12 10:39:40,604 [grpc-default-executor-2] WARN  server.GrpcLogAppender (LogUtils.java:warn(122)) - omNode-2@group-523986131536->omNode-3-AppendLogResponseHandler: Failed appendEntries: org.apache.ratis.thirdparty.io.grpc.StatusRuntimeException: UNAVAILABLE: io exception
2021-01-12 10:39:40,605 [grpc-default-executor-2] WARN  server.GrpcLogAppender (GrpcLogAppender.java:resetClient(111)) - omNode-2@group-523986131536->omNode-3-GrpcLogAppender: Leader has not got in touch with Follower omNode-2@group-523986131536->omNode-3(c-1,m0,n1, attendVote=true, lastRpcSendTime=501, lastRpcResponseTime=12365) yet, just keep nextIndex unchanged and retry.
2021-01-12 10:39:40,695 [IPC Server handler 4 on default port 10720] INFO  ipc.Server (Server.java:logException(2976)) - IPC Server handler 4 on default port 10720, call Call#41 Retry#0 org.apache.hadoop.ozone.om.protocol.OzoneManagerProtocol.submitRequest from 127.0.0.1:45594
org.apache.hadoop.ozone.om.exceptions.OMNotLeaderException: OM:omNode-1 is not the leader. Could not determine the leader node.
	at org.apache.hadoop.ozone.protocolPB.OzoneManagerProtocolServerSideTranslatorPB.createNotLeaderException(OzoneManagerProtocolServerSideTranslatorPB.java:202)
	at org.apache.hadoop.ozone.protocolPB.OzoneManagerProtocolServerSideTranslatorPB.createLeaderErrorException(OzoneManagerProtocolServerSideTranslatorPB.java:215)
	at org.apache.hadoop.ozone.protocolPB.OzoneManagerProtocolServerSideTranslatorPB.submitReadRequestToOM(OzoneManagerProtocolServerSideTranslatorPB.java:192)
	at org.apache.hadoop.ozone.protocolPB.OzoneManagerProtocolServerSideTranslatorPB.processRequest(OzoneManagerProtocolServerSideTranslatorPB.java:132)
	at org.apache.hadoop.hdds.server.OzoneProtocolMessageDispatcher.processRequest(OzoneProtocolMessageDispatcher.java:87)
	at org.apache.hadoop.ozone.protocolPB.OzoneManagerProtocolServerSideTranslatorPB.submitRequest(OzoneManagerProtocolServerSideTranslatorPB.java:122)
	at org.apache.hadoop.ozone.protocol.proto.OzoneManagerProtocolProtos$OzoneManagerService$2.callBlockingMethod(OzoneManagerProtocolProtos.java)
	at org.apache.hadoop.ipc.ProtobufRpcEngine$Server$ProtoBufRpcInvoker.call(ProtobufRpcEngine.java:528)
	at org.apache.hadoop.ipc.RPC$Server.call(RPC.java:1070)
	at org.apache.hadoop.ipc.Server$RpcCall.run(Server.java:999)
	at org.apache.hadoop.ipc.Server$RpcCall.run(Server.java:927)
	at java.security.AccessController.doPrivileged(Native Method)
	at javax.security.auth.Subject.doAs(Subject.java:422)
	at org.apache.hadoop.security.UserGroupInformation.doAs(UserGroupInformation.java:1730)
	at org.apache.hadoop.ipc.Server$Handler.run(Server.java:2915)
2021-01-12 10:39:40,991 [Listener at 127.0.0.1/10732] INFO  rpc.RpcClient (RpcClient.java:createVolume(273)) - Creating Volume: volume83501, with user99095 as owner.
2021-01-12 10:39:41,103 [grpc-default-executor-2] WARN  server.GrpcLogAppender (LogUtils.java:warn(122)) - omNode-2@group-523986131536->omNode-3-AppendLogResponseHandler: Failed appendEntries: org.apache.ratis.thirdparty.io.grpc.StatusRuntimeException: UNAVAILABLE: io exception
2021-01-12 10:39:41,104 [grpc-default-executor-2] WARN  server.GrpcLogAppender (GrpcLogAppender.java:resetClient(111)) - omNode-2@group-523986131536->omNode-3-GrpcLogAppender: Leader has not got in touch with Follower omNode-2@group-523986131536->omNode-3(c-1,m0,n2, attendVote=true, lastRpcSendTime=0, lastRpcResponseTime=12863) yet, just keep nextIndex unchanged and retry.
2021-01-12 10:39:41,133 [grpc-default-executor-2] WARN  server.GrpcLogAppender (LogUtils.java:warn(122)) - omNode-2@group-523986131536->omNode-3-AppendLogResponseHandler: Failed appendEntries: org.apache.ratis.thirdparty.io.grpc.StatusRuntimeException: UNAVAILABLE: io exception
2021-01-12 10:39:41,133 [grpc-default-executor-2] WARN  server.GrpcLogAppender (GrpcLogAppender.java:resetClient(111)) - omNode-2@group-523986131536->omNode-3-GrpcLogAppender: Leader has not got in touch with Follower omNode-2@group-523986131536->omNode-3(c-1,m0,n3, attendVote=true, lastRpcSendTime=29, lastRpcResponseTime=12893) yet, just keep nextIndex unchanged and retry.
2021-01-12 10:39:41,149 [OM StateMachine ApplyTransaction Thread - 0] INFO  volume.OMVolumeCreateRequest (OMVolumeCreateRequest.java:validateAndUpdateCache(196)) - created volume:volume83501 for user:user99095
2021-01-12 10:39:41,178 [OM StateMachine ApplyTransaction Thread - 0] INFO  volume.OMVolumeCreateRequest (OMVolumeCreateRequest.java:validateAndUpdateCache(196)) - created volume:volume83501 for user:user99095
2021-01-12 10:39:41,192 [Listener at 127.0.0.1/10732] INFO  rpc.RpcClient (RpcClient.java:createBucket(429)) - Creating Bucket: volume83501/bucket69175, with Versioning false and Storage Type set to DISK and Encryption set to false 
2021-01-12 10:39:41,221 [grpc-default-executor-2] WARN  server.GrpcLogAppender (LogUtils.java:warn(122)) - omNode-2@group-523986131536->omNode-3-AppendLogResponseHandler: Failed appendEntries: org.apache.ratis.thirdparty.io.grpc.StatusRuntimeException: UNAVAILABLE: io exception
2021-01-12 10:39:41,222 [grpc-default-executor-2] WARN  server.GrpcLogAppender (GrpcLogAppender.java:resetClient(111)) - omNode-2@group-523986131536->omNode-3-GrpcLogAppender: Leader has not got in touch with Follower omNode-2@group-523986131536->omNode-3(c-1,m0,n5, attendVote=true, lastRpcSendTime=88, lastRpcResponseTime=12981) yet, just keep nextIndex unchanged and retry.
2021-01-12 10:39:41,266 [IPC Server handler 2 on default port 36059] INFO  pipeline.PipelineStateManager (PipelineStateManager.java:addPipeline(54)) - Created pipeline Pipeline[ Id: 46f77cb8-9c77-4450-b389-9b9fa9067286, Nodes: 188a3981-abf6-489f-b30f-6e133fbbe68f{ip: 172.17.0.2, host: 6ff8c8e3a8df, networkLocation: /default-rack, certSerialId: null, persistedOpState: IN_SERVICE, persistedOpStateExpiryEpochSec: 0}, Type:STAND_ALONE, Factor:ONE, State:OPEN, leaderId:, CreationTimestamp2021-01-12T10:39:41.266Z]
2021-01-12 10:39:41,315 [grpc-default-executor-2] WARN  server.GrpcLogAppender (LogUtils.java:warn(122)) - omNode-2@group-523986131536->omNode-3-AppendLogResponseHandler: Failed appendEntries: org.apache.ratis.thirdparty.io.grpc.StatusRuntimeException: UNAVAILABLE: io exception
2021-01-12 10:39:41,316 [grpc-default-executor-2] WARN  server.GrpcLogAppender (GrpcLogAppender.java:resetClient(111)) - omNode-2@group-523986131536->omNode-3-GrpcLogAppender: Leader has not got in touch with Follower omNode-2@group-523986131536->omNode-3(c-1,m0,n6, attendVote=true, lastRpcSendTime=93, lastRpcResponseTime=13075) yet, just keep nextIndex unchanged and retry.
2021-01-12 10:39:41,340 [grpc-default-executor-3] WARN  server.GrpcLogAppender (LogUtils.java:warn(122)) - omNode-2@group-523986131536->omNode-3-AppendLogResponseHandler: Failed appendEntries: org.apache.ratis.thirdparty.io.grpc.StatusRuntimeException: UNAVAILABLE: io exception
2021-01-12 10:39:41,341 [grpc-default-executor-3] WARN  server.GrpcLogAppender (GrpcLogAppender.java:resetClient(111)) - omNode-2@group-523986131536->omNode-3-GrpcLogAppender: Leader has not got in touch with Follower omNode-2@group-523986131536->omNode-3(c-1,m0,n7, attendVote=true, lastRpcSendTime=0, lastRpcResponseTime=13100) yet, just keep nextIndex unchanged and retry.
2021-01-12 10:39:41,419 [Listener at 127.0.0.1/10732] INFO  impl.MetricsSystemImpl (MetricsSystemImpl.java:init(158)) - XceiverClientMetrics metrics system started (again)
2021-01-12 10:39:41,747 [grpc-default-executor-3] WARN  server.GrpcLogAppender (LogUtils.java:warn(122)) - omNode-2@group-523986131536->omNode-3-AppendLogResponseHandler: Failed appendEntries: org.apache.ratis.thirdparty.io.grpc.StatusRuntimeException: UNAVAILABLE: io exception
2021-01-12 10:39:41,747 [grpc-default-executor-3] WARN  server.GrpcLogAppender (GrpcLogAppender.java:resetClient(111)) - omNode-2@group-523986131536->omNode-3-GrpcLogAppender: Leader has not got in touch with Follower omNode-2@group-523986131536->omNode-3(c-1,m0,n8, attendVote=true, lastRpcSendTime=0, lastRpcResponseTime=13506) yet, just keep nextIndex unchanged and retry.
2021-01-12 10:39:41,752 [grpc-default-executor-2] WARN  server.GrpcLogAppender (LogUtils.java:warn(122)) - omNode-2@group-523986131536->omNode-3-AppendLogResponseHandler: Failed appendEntries: org.apache.ratis.thirdparty.io.grpc.StatusRuntimeException: UNAVAILABLE: io exception
2021-01-12 10:39:41,753 [grpc-default-executor-2] WARN  server.GrpcLogAppender (GrpcLogAppender.java:resetClient(111)) - omNode-2@group-523986131536->omNode-3-GrpcLogAppender: Leader has not got in touch with Follower omNode-2@group-523986131536->omNode-3(c-1,m0,n9, attendVote=true, lastRpcSendTime=6, lastRpcResponseTime=13512) yet, just keep nextIndex unchanged and retry.
2021-01-12 10:39:41,863 [grpc-default-executor-3] WARN  server.GrpcLogAppender (LogUtils.java:warn(122)) - omNode-2@group-523986131536->omNode-3-AppendLogResponseHandler: Failed appendEntries: org.apache.ratis.thirdparty.io.grpc.StatusRuntimeException: UNAVAILABLE: io exception
2021-01-12 10:39:41,864 [grpc-default-executor-3] WARN  server.GrpcLogAppender (GrpcLogAppender.java:resetClient(111)) - omNode-2@group-523986131536->omNode-3-GrpcLogAppender: Leader has not got in touch with Follower omNode-2@group-523986131536->omNode-3(c-1,m0,n10, attendVote=true, lastRpcSendTime=110, lastRpcResponseTime=13623) yet, just keep nextIndex unchanged and retry.
2021-01-12 10:39:41,874 [grpc-default-executor-2] WARN  server.GrpcLogAppender (LogUtils.java:warn(122)) - omNode-2@group-523986131536->omNode-3-AppendLogResponseHandler: Failed appendEntries: org.apache.ratis.thirdparty.io.grpc.StatusRuntimeException: UNAVAILABLE: io exception
2021-01-12 10:39:41,875 [grpc-default-executor-2] WARN  server.GrpcLogAppender (GrpcLogAppender.java:resetClient(111)) - omNode-2@group-523986131536->omNode-3-GrpcLogAppender: Leader has not got in touch with Follower omNode-2@group-523986131536->omNode-3(c-1,m0,n11, attendVote=true, lastRpcSendTime=0, lastRpcResponseTime=13634) yet, just keep nextIndex unchanged and retry.
2021-01-12 10:39:41,925 [grpc-default-executor-3] WARN  server.GrpcLogAppender (LogUtils.java:warn(122)) - omNode-2@group-523986131536->omNode-3-AppendLogResponseHandler: Failed appendEntries: org.apache.ratis.thirdparty.io.grpc.StatusRuntimeException: UNAVAILABLE: io exception
2021-01-12 10:39:41,926 [grpc-default-executor-3] WARN  server.GrpcLogAppender (GrpcLogAppender.java:resetClient(111)) - omNode-2@group-523986131536->omNode-3-GrpcLogAppender: Leader has not got in touch with Follower omNode-2@group-523986131536->omNode-3(c-1,m0,n12, attendVote=true, lastRpcSendTime=51, lastRpcResponseTime=13685) yet, just keep nextIndex unchanged and retry.
2021-01-12 10:39:41,932 [grpc-default-executor-2] WARN  server.GrpcLogAppender (LogUtils.java:warn(122)) - omNode-2@group-523986131536->omNode-3-AppendLogResponseHandler: Failed appendEntries: org.apache.ratis.thirdparty.io.grpc.StatusRuntimeException: UNAVAILABLE: io exception
2021-01-12 10:39:41,933 [grpc-default-executor-2] WARN  server.GrpcLogAppender (GrpcLogAppender.java:resetClient(111)) - omNode-2@group-523986131536->omNode-3-GrpcLogAppender: Leader has not got in touch with Follower omNode-2@group-523986131536->omNode-3(c-1,m0,n13, attendVote=true, lastRpcSendTime=0, lastRpcResponseTime=13692) yet, just keep nextIndex unchanged and retry.
2021-01-12 10:39:42,044 [grpc-default-executor-3] WARN  server.GrpcLogAppender (LogUtils.java:warn(122)) - omNode-2@group-523986131536->omNode-3-AppendLogResponseHandler: Failed appendEntries: org.apache.ratis.thirdparty.io.grpc.StatusRuntimeException: UNAVAILABLE: io exception
2021-01-12 10:39:42,045 [grpc-default-executor-3] WARN  server.GrpcLogAppender (GrpcLogAppender.java:resetClient(111)) - omNode-2@group-523986131536->omNode-3-GrpcLogAppender: Leader has not got in touch with Follower omNode-2@group-523986131536->omNode-3(c-1,m0,n14, attendVote=true, lastRpcSendTime=112, lastRpcResponseTime=13804) yet, just keep nextIndex unchanged and retry.
2021-01-12 10:39:42,053 [grpc-default-executor-3] WARN  server.GrpcLogAppender (LogUtils.java:warn(122)) - omNode-2@group-523986131536->omNode-3-AppendLogResponseHandler: Failed appendEntries: org.apache.ratis.thirdparty.io.grpc.StatusRuntimeException: UNAVAILABLE: io exception
2021-01-12 10:39:42,053 [grpc-default-executor-3] WARN  server.GrpcLogAppender (GrpcLogAppender.java:resetClient(111)) - omNode-2@group-523986131536->omNode-3-GrpcLogAppender: Leader has not got in touch with Follower omNode-2@group-523986131536->omNode-3(c-1,m0,n15, attendVote=true, lastRpcSendTime=7, lastRpcResponseTime=13813) yet, just keep nextIndex unchanged and retry.
2021-01-12 10:39:42,073 [grpc-default-executor-3] WARN  server.GrpcLogAppender (LogUtils.java:warn(122)) - omNode-2@group-523986131536->omNode-3-AppendLogResponseHandler: Failed appendEntries: org.apache.ratis.thirdparty.io.grpc.StatusRuntimeException: UNAVAILABLE: io exception
2021-01-12 10:39:42,074 [grpc-default-executor-3] WARN  server.GrpcLogAppender (GrpcLogAppender.java:resetClient(111)) - omNode-2@group-523986131536->omNode-3-GrpcLogAppender: Leader has not got in touch with Follower omNode-2@group-523986131536->omNode-3(c-1,m0,n16, attendVote=true, lastRpcSendTime=0, lastRpcResponseTime=13833) yet, just keep nextIndex unchanged and retry.
2021-01-12 10:39:42,079 [grpc-default-executor-2] WARN  server.GrpcLogAppender (LogUtils.java:warn(122)) - omNode-2@group-523986131536->omNode-3-AppendLogResponseHandler: Failed appendEntries: org.apache.ratis.thirdparty.io.grpc.StatusRuntimeException: UNAVAILABLE: io exception
2021-01-12 10:39:42,080 [grpc-default-executor-2] WARN  server.GrpcLogAppender (GrpcLogAppender.java:resetClient(111)) - omNode-2@group-523986131536->omNode-3-GrpcLogAppender: Leader has not got in touch with Follower omNode-2@group-523986131536->omNode-3(c-1,m0,n17, attendVote=true, lastRpcSendTime=6, lastRpcResponseTime=13839) yet, just keep nextIndex unchanged and retry.
2021-01-12 10:39:42,186 [grpc-default-executor-2] WARN  server.GrpcLogAppender (LogUtils.java:warn(122)) - omNode-2@group-523986131536->omNode-3-AppendLogResponseHandler: Failed appendEntries: org.apache.ratis.thirdparty.io.grpc.StatusRuntimeException: UNAVAILABLE: io exception
2021-01-12 10:39:42,186 [grpc-default-executor-2] WARN  server.GrpcLogAppender (GrpcLogAppender.java:resetClient(111)) - omNode-2@group-523986131536->omNode-3-GrpcLogAppender: Leader has not got in touch with Follower omNode-2@group-523986131536->omNode-3(c-1,m0,n18, attendVote=true, lastRpcSendTime=106, lastRpcResponseTime=13946) yet, just keep nextIndex unchanged and retry.
2021-01-12 10:39:42,190 [grpc-default-executor-2] WARN  server.GrpcLogAppender (LogUtils.java:warn(122)) - omNode-2@group-523986131536->omNode-3-AppendLogResponseHandler: Failed appendEntries: org.apache.ratis.thirdparty.io.grpc.StatusRuntimeException: UNAVAILABLE: io exception
2021-01-12 10:39:42,191 [grpc-default-executor-2] WARN  server.GrpcLogAppender (GrpcLogAppender.java:resetClient(111)) - omNode-2@group-523986131536->omNode-3-GrpcLogAppender: Leader has not got in touch with Follower omNode-2@group-523986131536->omNode-3(c-1,m0,n19, attendVote=true, lastRpcSendTime=4, lastRpcResponseTime=13950) yet, just keep nextIndex unchanged and retry.
2021-01-12 10:39:42,210 [grpc-default-executor-2] WARN  server.GrpcLogAppender (LogUtils.java:warn(122)) - omNode-2@group-523986131536->omNode-3-AppendLogResponseHandler: Failed appendEntries: org.apache.ratis.thirdparty.io.grpc.StatusRuntimeException: UNAVAILABLE: io exception
2021-01-12 10:39:42,211 [grpc-default-executor-2] WARN  server.GrpcLogAppender (GrpcLogAppender.java:resetClient(111)) - omNode-2@group-523986131536->omNode-3-GrpcLogAppender: Leader has not got in touch with Follower omNode-2@group-523986131536->omNode-3(c-1,m0,n20, attendVote=true, lastRpcSendTime=19, lastRpcResponseTime=13970) yet, just keep nextIndex unchanged and retry.
2021-01-12 10:39:42,216 [grpc-default-executor-2] WARN  server.GrpcLogAppender (LogUtils.java:warn(122)) - omNode-2@group-523986131536->omNode-3-AppendLogResponseHandler: Failed appendEntries: org.apache.ratis.thirdparty.io.grpc.StatusRuntimeException: UNAVAILABLE: io exception
2021-01-12 10:39:42,216 [grpc-default-executor-2] WARN  server.GrpcLogAppender (GrpcLogAppender.java:resetClient(111)) - omNode-2@group-523986131536->omNode-3-GrpcLogAppender: Leader has not got in touch with Follower omNode-2@group-523986131536->omNode-3(c-1,m0,n21, attendVote=true, lastRpcSendTime=5, lastRpcResponseTime=13975) yet, just keep nextIndex unchanged and retry.
2021-01-12 10:39:42,322 [grpc-default-executor-2] WARN  server.GrpcLogAppender (LogUtils.java:warn(122)) - omNode-2@group-523986131536->omNode-3-AppendLogResponseHandler: Failed appendEntries: org.apache.ratis.thirdparty.io.grpc.StatusRuntimeException: UNAVAILABLE: io exception
2021-01-12 10:39:42,323 [grpc-default-executor-2] WARN  server.GrpcLogAppender (GrpcLogAppender.java:resetClient(111)) - omNode-2@group-523986131536->omNode-3-GrpcLogAppender: Leader has not got in touch with Follower omNode-2@group-523986131536->omNode-3(c-1,m0,n22, attendVote=true, lastRpcSendTime=106, lastRpcResponseTime=14083) yet, just keep nextIndex unchanged and retry.
2021-01-12 10:39:42,331 [grpc-default-executor-2] WARN  server.GrpcLogAppender (LogUtils.java:warn(122)) - omNode-2@group-523986131536->omNode-3-AppendLogResponseHandler: Failed appendEntries: org.apache.ratis.thirdparty.io.grpc.StatusRuntimeException: UNAVAILABLE: io exception
2021-01-12 10:39:42,331 [grpc-default-executor-2] WARN  server.GrpcLogAppender (GrpcLogAppender.java:resetClient(111)) - omNode-2@group-523986131536->omNode-3-GrpcLogAppender: Leader has not got in touch with Follower omNode-2@group-523986131536->omNode-3(c-1,m0,n23, attendVote=true, lastRpcSendTime=0, lastRpcResponseTime=14091) yet, just keep nextIndex unchanged and retry.
2021-01-12 10:39:42,353 [grpc-default-executor-3] WARN  server.GrpcLogAppender (LogUtils.java:warn(122)) - omNode-2@group-523986131536->omNode-3-AppendLogResponseHandler: Failed appendEntries: org.apache.ratis.thirdparty.io.grpc.StatusRuntimeException: UNAVAILABLE: io exception
2021-01-12 10:39:42,353 [grpc-default-executor-3] WARN  server.GrpcLogAppender (GrpcLogAppender.java:resetClient(111)) - omNode-2@group-523986131536->omNode-3-GrpcLogAppender: Leader has not got in touch with Follower omNode-2@group-523986131536->omNode-3(c-1,m0,n24, attendVote=true, lastRpcSendTime=1, lastRpcResponseTime=14113) yet, just keep nextIndex unchanged and retry.
2021-01-12 10:39:42,359 [grpc-default-executor-2] WARN  server.GrpcLogAppender (LogUtils.java:warn(122)) - omNode-2@group-523986131536->omNode-3-AppendLogResponseHandler: Failed appendEntries: org.apache.ratis.thirdparty.io.grpc.StatusRuntimeException: UNAVAILABLE: io exception
2021-01-12 10:39:42,360 [grpc-default-executor-2] WARN  server.GrpcLogAppender (GrpcLogAppender.java:resetClient(111)) - omNode-2@group-523986131536->omNode-3-GrpcLogAppender: Leader has not got in touch with Follower omNode-2@group-523986131536->omNode-3(c-1,m0,n25, attendVote=true, lastRpcSendTime=0, lastRpcResponseTime=14119) yet, just keep nextIndex unchanged and retry.
2021-01-12 10:39:42,464 [grpc-default-executor-3] WARN  server.GrpcLogAppender (LogUtils.java:warn(122)) - omNode-2@group-523986131536->omNode-3-AppendLogResponseHandler: Failed appendEntries: org.apache.ratis.thirdparty.io.grpc.StatusRuntimeException: UNAVAILABLE: io exception
2021-01-12 10:39:42,464 [grpc-default-executor-3] WARN  server.GrpcLogAppender (GrpcLogAppender.java:resetClient(111)) - omNode-2@group-523986131536->omNode-3-GrpcLogAppender: Leader has not got in touch with Follower omNode-2@group-523986131536->omNode-3(c-1,m0,n26, attendVote=true, lastRpcSendTime=0, lastRpcResponseTime=14224) yet, just keep nextIndex unchanged and retry.
2021-01-12 10:39:42,469 [grpc-default-executor-2] WARN  server.GrpcLogAppender (LogUtils.java:warn(122)) - omNode-2@group-523986131536->omNode-3-AppendLogResponseHandler: Failed appendEntries: org.apache.ratis.thirdparty.io.grpc.StatusRuntimeException: UNAVAILABLE: io exception
2021-01-12 10:39:42,470 [grpc-default-executor-2] WARN  server.GrpcLogAppender (GrpcLogAppender.java:resetClient(111)) - omNode-2@group-523986131536->omNode-3-GrpcLogAppender: Leader has not got in touch with Follower omNode-2@group-523986131536->omNode-3(c-1,m0,n27, attendVote=true, lastRpcSendTime=1, lastRpcResponseTime=14229) yet, just keep nextIndex unchanged and retry.
2021-01-12 10:39:42,486 [grpc-default-executor-2] WARN  server.GrpcLogAppender (LogUtils.java:warn(122)) - omNode-2@group-523986131536->omNode-3-AppendLogResponseHandler: Failed appendEntries: org.apache.ratis.thirdparty.io.grpc.StatusRuntimeException: UNAVAILABLE: io exception
2021-01-12 10:39:42,486 [grpc-default-executor-2] WARN  server.GrpcLogAppender (GrpcLogAppender.java:resetClient(111)) - omNode-2@group-523986131536->omNode-3-GrpcLogAppender: Leader has not got in touch with Follower omNode-2@group-523986131536->omNode-3(c-1,m0,n28, attendVote=true, lastRpcSendTime=0, lastRpcResponseTime=14245) yet, just keep nextIndex unchanged and retry.
2021-01-12 10:39:42,495 [grpc-default-executor-2] WARN  server.GrpcLogAppender (LogUtils.java:warn(122)) - omNode-2@group-523986131536->omNode-3-AppendLogResponseHandler: Failed appendEntries: org.apache.ratis.thirdparty.io.grpc.StatusRuntimeException: UNAVAILABLE: io exception
2021-01-12 10:39:42,496 [grpc-default-executor-2] WARN  server.GrpcLogAppender (GrpcLogAppender.java:resetClient(111)) - omNode-2@group-523986131536->omNode-3-GrpcLogAppender: Leader has not got in touch with Follower omNode-2@group-523986131536->omNode-3(c-1,m0,n29, attendVote=true, lastRpcSendTime=1, lastRpcResponseTime=14255) yet, just keep nextIndex unchanged and retry.
2021-01-12 10:39:42,600 [grpc-default-executor-2] WARN  server.GrpcLogAppender (LogUtils.java:warn(122)) - omNode-2@group-523986131536->omNode-3-AppendLogResponseHandler: Failed appendEntries: org.apache.ratis.thirdparty.io.grpc.StatusRuntimeException: UNAVAILABLE: io exception
2021-01-12 10:39:42,601 [grpc-default-executor-2] WARN  server.GrpcLogAppender (GrpcLogAppender.java:resetClient(111)) - omNode-2@group-523986131536->omNode-3-GrpcLogAppender: Leader has not got in touch with Follower omNode-2@group-523986131536->omNode-3(c-1,m0,n30, attendVote=true, lastRpcSendTime=0, lastRpcResponseTime=14360) yet, just keep nextIndex unchanged and retry.
2021-01-12 10:39:42,607 [grpc-default-executor-2] WARN  server.GrpcLogAppender (LogUtils.java:warn(122)) - omNode-2@group-523986131536->omNode-3-AppendLogResponseHandler: Failed appendEntries: org.apache.ratis.thirdparty.io.grpc.StatusRuntimeException: UNAVAILABLE: io exception
2021-01-12 10:39:42,608 [grpc-default-executor-2] WARN  server.GrpcLogAppender (GrpcLogAppender.java:resetClient(111)) - omNode-2@group-523986131536->omNode-3-GrpcLogAppender: Leader has not got in touch with Follower omNode-2@group-523986131536->omNode-3(c-1,m0,n31, attendVote=true, lastRpcSendTime=7, lastRpcResponseTime=14367) yet, just keep nextIndex unchanged and retry.
2021-01-12 10:39:42,628 [grpc-default-executor-3] WARN  server.GrpcLogAppender (LogUtils.java:warn(122)) - omNode-2@group-523986131536->omNode-3-AppendLogResponseHandler: Failed appendEntries: org.apache.ratis.thirdparty.io.grpc.StatusRuntimeException: UNAVAILABLE: io exception
2021-01-12 10:39:42,629 [grpc-default-executor-3] WARN  server.GrpcLogAppender (GrpcLogAppender.java:resetClient(111)) - omNode-2@group-523986131536->omNode-3-GrpcLogAppender: Leader has not got in touch with Follower omNode-2@group-523986131536->omNode-3(c-1,m0,n32, attendVote=true, lastRpcSendTime=0, lastRpcResponseTime=14388) yet, just keep nextIndex unchanged and retry.
2021-01-12 10:39:42,638 [grpc-default-executor-3] WARN  server.GrpcLogAppender (LogUtils.java:warn(122)) - omNode-2@group-523986131536->omNode-3-AppendLogResponseHandler: Failed appendEntries: org.apache.ratis.thirdparty.io.grpc.StatusRuntimeException: UNAVAILABLE: io exception
2021-01-12 10:39:42,638 [grpc-default-executor-3] WARN  server.GrpcLogAppender (GrpcLogAppender.java:resetClient(111)) - omNode-2@group-523986131536->omNode-3-GrpcLogAppender: Leader has not got in touch with Follower omNode-2@group-523986131536->omNode-3(c-1,m0,n33, attendVote=true, lastRpcSendTime=0, lastRpcResponseTime=14398) yet, just keep nextIndex unchanged and retry.
2021-01-12 10:39:42,742 [grpc-default-executor-2] WARN  server.GrpcLogAppender (LogUtils.java:warn(122)) - omNode-2@group-523986131536->omNode-3-AppendLogResponseHandler: Failed appendEntries: org.apache.ratis.thirdparty.io.grpc.StatusRuntimeException: UNAVAILABLE: io exception
2021-01-12 10:39:42,743 [grpc-default-executor-2] WARN  server.GrpcLogAppender (GrpcLogAppender.java:resetClient(111)) - omNode-2@group-523986131536->omNode-3-GrpcLogAppender: Leader has not got in touch with Follower omNode-2@group-523986131536->omNode-3(c-1,m0,n34, attendVote=true, lastRpcSendTime=0, lastRpcResponseTime=14502) yet, just keep nextIndex unchanged and retry.
2021-01-12 10:39:42,750 [grpc-default-executor-2] WARN  server.GrpcLogAppender (LogUtils.java:warn(122)) - omNode-2@group-523986131536->omNode-3-AppendLogResponseHandler: Failed appendEntries: org.apache.ratis.thirdparty.io.grpc.StatusRuntimeException: UNAVAILABLE: io exception
2021-01-12 10:39:42,750 [grpc-default-executor-2] WARN  server.GrpcLogAppender (GrpcLogAppender.java:resetClient(111)) - omNode-2@group-523986131536->omNode-3-GrpcLogAppender: Leader has not got in touch with Follower omNode-2@group-523986131536->omNode-3(c-1,m0,n35, attendVote=true, lastRpcSendTime=0, lastRpcResponseTime=14510) yet, just keep nextIndex unchanged and retry.
2021-01-12 10:39:42,774 [grpc-default-executor-1] WARN  server.GrpcLogAppender (LogUtils.java:warn(122)) - omNode-2@group-523986131536->omNode-3-AppendLogResponseHandler: Failed appendEntries: org.apache.ratis.thirdparty.io.grpc.StatusRuntimeException: UNAVAILABLE: io exception
2021-01-12 10:39:42,774 [grpc-default-executor-1] WARN  server.GrpcLogAppender (GrpcLogAppender.java:resetClient(111)) - omNode-2@group-523986131536->omNode-3-GrpcLogAppender: Leader has not got in touch with Follower omNode-2@group-523986131536->omNode-3(c-1,m0,n36, attendVote=true, lastRpcSendTime=0, lastRpcResponseTime=14534) yet, just keep nextIndex unchanged and retry.
2021-01-12 10:39:42,777 [grpc-default-executor-2] WARN  server.GrpcLogAppender (LogUtils.java:warn(122)) - omNode-2@group-523986131536->omNode-3-AppendLogResponseHandler: Failed appendEntries: org.apache.ratis.thirdparty.io.grpc.StatusRuntimeException: UNAVAILABLE: io exception
2021-01-12 10:39:42,778 [grpc-default-executor-2] WARN  server.GrpcLogAppender (GrpcLogAppender.java:resetClient(111)) - omNode-2@group-523986131536->omNode-3-GrpcLogAppender: Leader has not got in touch with Follower omNode-2@group-523986131536->omNode-3(c-1,m0,n37, attendVote=true, lastRpcSendTime=1, lastRpcResponseTime=14537) yet, just keep nextIndex unchanged and retry.
2021-01-12 10:39:42,884 [grpc-default-executor-2] WARN  server.GrpcLogAppender (LogUtils.java:warn(122)) - omNode-2@group-523986131536->omNode-3-AppendLogResponseHandler: Failed appendEntries: org.apache.ratis.thirdparty.io.grpc.StatusRuntimeException: UNAVAILABLE: io exception
2021-01-12 10:39:42,884 [grpc-default-executor-2] WARN  server.GrpcLogAppender (GrpcLogAppender.java:resetClient(111)) - omNode-2@group-523986131536->omNode-3-GrpcLogAppender: Leader has not got in touch with Follower omNode-2@group-523986131536->omNode-3(c-1,m0,n38, attendVote=true, lastRpcSendTime=0, lastRpcResponseTime=14644) yet, just keep nextIndex unchanged and retry.
2021-01-12 10:39:42,890 [grpc-default-executor-2] WARN  server.GrpcLogAppender (LogUtils.java:warn(122)) - omNode-2@group-523986131536->omNode-3-AppendLogResponseHandler: Failed appendEntries: org.apache.ratis.thirdparty.io.grpc.StatusRuntimeException: UNAVAILABLE: io exception
2021-01-12 10:39:42,890 [grpc-default-executor-2] WARN  server.GrpcLogAppender (GrpcLogAppender.java:resetClient(111)) - omNode-2@group-523986131536->omNode-3-GrpcLogAppender: Leader has not got in touch with Follower omNode-2@group-523986131536->omNode-3(c-1,m0,n39, attendVote=true, lastRpcSendTime=6, lastRpcResponseTime=14649) yet, just keep nextIndex unchanged and retry.
2021-01-12 10:39:42,898 [EventQueue-Delayed safe mode statusForReplicationManager] INFO  container.ReplicationManager (ReplicationManager.java:start(186)) - Starting Replication Monitor Thread.
2021-01-12 10:39:42,910 [ReplicationMonitor] INFO  container.ReplicationManager (ReplicationManager.java:run(250)) - Replication Monitor Thread took 8 milliseconds for processing 2 containers.
2021-01-12 10:39:42,923 [grpc-default-executor-2] WARN  server.GrpcLogAppender (LogUtils.java:warn(122)) - omNode-2@group-523986131536->omNode-3-AppendLogResponseHandler: Failed appendEntries: org.apache.ratis.thirdparty.io.grpc.StatusRuntimeException: UNAVAILABLE: io exception
2021-01-12 10:39:42,923 [grpc-default-executor-2] WARN  server.GrpcLogAppender (GrpcLogAppender.java:resetClient(111)) - omNode-2@group-523986131536->omNode-3-GrpcLogAppender: Leader has not got in touch with Follower omNode-2@group-523986131536->omNode-3(c-1,m0,n40, attendVote=true, lastRpcSendTime=0, lastRpcResponseTime=14683) yet, just keep nextIndex unchanged and retry.
2021-01-12 10:39:42,946 [grpc-default-executor-2] WARN  server.GrpcLogAppender (LogUtils.java:warn(122)) - omNode-2@group-523986131536->omNode-3-AppendLogResponseHandler: Failed appendEntries: org.apache.ratis.thirdparty.io.grpc.StatusRuntimeException: UNAVAILABLE: io exception
2021-01-12 10:39:42,946 [grpc-default-executor-2] WARN  server.GrpcLogAppender (GrpcLogAppender.java:resetClient(111)) - omNode-2@group-523986131536->omNode-3-GrpcLogAppender: Leader has not got in touch with Follower omNode-2@group-523986131536->omNode-3(c-1,m0,n41, attendVote=true, lastRpcSendTime=23, lastRpcResponseTime=14706) yet, just keep nextIndex unchanged and retry.
2021-01-12 10:39:43,054 [grpc-default-executor-2] WARN  server.GrpcLogAppender (LogUtils.java:warn(122)) - omNode-2@group-523986131536->omNode-3-AppendLogResponseHandler: Failed appendEntries: org.apache.ratis.thirdparty.io.grpc.StatusRuntimeException: UNAVAILABLE: io exception
2021-01-12 10:39:43,054 [grpc-default-executor-2] WARN  server.GrpcLogAppender (GrpcLogAppender.java:resetClient(111)) - omNode-2@group-523986131536->omNode-3-GrpcLogAppender: Leader has not got in touch with Follower omNode-2@group-523986131536->omNode-3(c-1,m0,n42, attendVote=true, lastRpcSendTime=106, lastRpcResponseTime=14814) yet, just keep nextIndex unchanged and retry.
2021-01-12 10:39:43,061 [grpc-default-executor-2] WARN  server.GrpcLogAppender (LogUtils.java:warn(122)) - omNode-2@group-523986131536->omNode-3-AppendLogResponseHandler: Failed appendEntries: org.apache.ratis.thirdparty.io.grpc.StatusRuntimeException: UNAVAILABLE: io exception
2021-01-12 10:39:43,062 [grpc-default-executor-2] WARN  server.GrpcLogAppender (GrpcLogAppender.java:resetClient(111)) - omNode-2@group-523986131536->omNode-3-GrpcLogAppender: Leader has not got in touch with Follower omNode-2@group-523986131536->omNode-3(c-1,m0,n43, attendVote=true, lastRpcSendTime=6, lastRpcResponseTime=14821) yet, just keep nextIndex unchanged and retry.
2021-01-12 10:39:43,076 [grpc-default-executor-2] WARN  server.GrpcLogAppender (LogUtils.java:warn(122)) - omNode-2@group-523986131536->omNode-3-AppendLogResponseHandler: Failed appendEntries: org.apache.ratis.thirdparty.io.grpc.StatusRuntimeException: UNAVAILABLE: io exception
2021-01-12 10:39:43,076 [grpc-default-executor-2] WARN  server.GrpcLogAppender (GrpcLogAppender.java:resetClient(111)) - omNode-2@group-523986131536->omNode-3-GrpcLogAppender: Leader has not got in touch with Follower omNode-2@group-523986131536->omNode-3(c-1,m0,n44, attendVote=true, lastRpcSendTime=14, lastRpcResponseTime=14835) yet, just keep nextIndex unchanged and retry.
2021-01-12 10:39:43,083 [grpc-default-executor-2] WARN  server.GrpcLogAppender (LogUtils.java:warn(122)) - omNode-2@group-523986131536->omNode-3-AppendLogResponseHandler: Failed appendEntries: org.apache.ratis.thirdparty.io.grpc.StatusRuntimeException: UNAVAILABLE: io exception
2021-01-12 10:39:43,083 [grpc-default-executor-2] WARN  server.GrpcLogAppender (GrpcLogAppender.java:resetClient(111)) - omNode-2@group-523986131536->omNode-3-GrpcLogAppender: Leader has not got in touch with Follower omNode-2@group-523986131536->omNode-3(c-1,m0,n45, attendVote=true, lastRpcSendTime=0, lastRpcResponseTime=14843) yet, just keep nextIndex unchanged and retry.
2021-01-12 10:39:43,189 [grpc-default-executor-2] WARN  server.GrpcLogAppender (LogUtils.java:warn(122)) - omNode-2@group-523986131536->omNode-3-AppendLogResponseHandler: Failed appendEntries: org.apache.ratis.thirdparty.io.grpc.StatusRuntimeException: UNAVAILABLE: io exception
2021-01-12 10:39:43,189 [grpc-default-executor-2] WARN  server.GrpcLogAppender (GrpcLogAppender.java:resetClient(111)) - omNode-2@group-523986131536->omNode-3-GrpcLogAppender: Leader has not got in touch with Follower omNode-2@group-523986131536->omNode-3(c-1,m0,n46, attendVote=true, lastRpcSendTime=106, lastRpcResponseTime=14949) yet, just keep nextIndex unchanged and retry.
2021-01-12 10:39:43,199 [grpc-default-executor-2] WARN  server.GrpcLogAppender (LogUtils.java:warn(122)) - omNode-2@group-523986131536->omNode-3-AppendLogResponseHandler: Failed appendEntries: org.apache.ratis.thirdparty.io.grpc.StatusRuntimeException: UNAVAILABLE: io exception
2021-01-12 10:39:43,200 [grpc-default-executor-2] WARN  server.GrpcLogAppender (GrpcLogAppender.java:resetClient(111)) - omNode-2@group-523986131536->omNode-3-GrpcLogAppender: Leader has not got in touch with Follower omNode-2@group-523986131536->omNode-3(c-1,m0,n47, attendVote=true, lastRpcSendTime=1, lastRpcResponseTime=14959) yet, just keep nextIndex unchanged and retry.
2021-01-12 10:39:43,215 [grpc-default-executor-1] WARN  server.GrpcLogAppender (LogUtils.java:warn(122)) - omNode-2@group-523986131536->omNode-3-AppendLogResponseHandler: Failed appendEntries: org.apache.ratis.thirdparty.io.grpc.StatusRuntimeException: UNAVAILABLE: io exception
2021-01-12 10:39:43,216 [grpc-default-executor-1] WARN  server.GrpcLogAppender (GrpcLogAppender.java:resetClient(111)) - omNode-2@group-523986131536->omNode-3-GrpcLogAppender: Leader has not got in touch with Follower omNode-2@group-523986131536->omNode-3(c-1,m0,n48, attendVote=true, lastRpcSendTime=0, lastRpcResponseTime=14975) yet, just keep nextIndex unchanged and retry.
2021-01-12 10:39:43,229 [grpc-default-executor-1] WARN  server.GrpcLogAppender (LogUtils.java:warn(122)) - omNode-2@group-523986131536->omNode-3-AppendLogResponseHandler: Failed appendEntries: org.apache.ratis.thirdparty.io.grpc.StatusRuntimeException: UNAVAILABLE: io exception
2021-01-12 10:39:43,229 [grpc-default-executor-1] WARN  server.GrpcLogAppender (GrpcLogAppender.java:resetClient(111)) - omNode-2@group-523986131536->omNode-3-GrpcLogAppender: Leader has not got in touch with Follower omNode-2@group-523986131536->omNode-3(c-1,m0,n49, attendVote=true, lastRpcSendTime=0, lastRpcResponseTime=14989) yet, just keep nextIndex unchanged and retry.
2021-01-12 10:39:43,334 [grpc-default-executor-1] WARN  server.GrpcLogAppender (LogUtils.java:warn(122)) - omNode-2@group-523986131536->omNode-3-AppendLogResponseHandler: Failed appendEntries: org.apache.ratis.thirdparty.io.grpc.StatusRuntimeException: UNAVAILABLE: io exception
2021-01-12 10:39:43,335 [grpc-default-executor-1] WARN  server.GrpcLogAppender (GrpcLogAppender.java:resetClient(111)) - omNode-2@group-523986131536->omNode-3-GrpcLogAppender: Leader has not got in touch with Follower omNode-2@group-523986131536->omNode-3(c-1,m0,n50, attendVote=true, lastRpcSendTime=0, lastRpcResponseTime=15094) yet, just keep nextIndex unchanged and retry.
2021-01-12 10:39:43,340 [grpc-default-executor-1] WARN  server.GrpcLogAppender (LogUtils.java:warn(122)) - omNode-2@group-523986131536->omNode-3-AppendLogResponseHandler: Failed appendEntries: org.apache.ratis.thirdparty.io.grpc.StatusRuntimeException: UNAVAILABLE: io exception
2021-01-12 10:39:43,340 [grpc-default-executor-1] WARN  server.GrpcLogAppender (GrpcLogAppender.java:resetClient(111)) - omNode-2@group-523986131536->omNode-3-GrpcLogAppender: Leader has not got in touch with Follower omNode-2@group-523986131536->omNode-3(c-1,m0,n51, attendVote=true, lastRpcSendTime=1, lastRpcResponseTime=15100) yet, just keep nextIndex unchanged and retry.
2021-01-12 10:39:43,344 [omNode-2@group-523986131536-StateMachineUpdater] INFO  ratis.OzoneManagerStateMachine (OzoneManagerStateMachine.java:takeSnapshot(345)) - Current Snapshot Index (t:2, i:49)
2021-01-12 10:39:43,345 [omNode-2@group-523986131536-StateMachineUpdater] INFO  impl.StateMachineUpdater (StateMachineUpdater.java:takeSnapshot(279)) - omNode-2@group-523986131536-StateMachineUpdater: Took a snapshot at index 49
2021-01-12 10:39:43,345 [omNode-2@group-523986131536-StateMachineUpdater] INFO  impl.StateMachineUpdater (StateMachineUpdater.java:lambda$new$0(88)) - omNode-2@group-523986131536-StateMachineUpdater: snapshotIndex: updateIncreasingly -1 -> 49
2021-01-12 10:39:43,345 [omNode-2@group-523986131536-StateMachineUpdater] INFO  raftlog.RaftLog (RaftLogBase.java:purge(306)) - omNode-2@group-523986131536-SegmentedRaftLog: purge 49
2021-01-12 10:39:43,346 [omNode-2@group-523986131536-StateMachineUpdater] INFO  raftlog.RaftLog (RaftLogBase.java:lambda$new$0(53)) - omNode-2@group-523986131536-SegmentedRaftLog: snapshotIndex: updateIncreasingly -1 -> 49
2021-01-12 10:39:43,346 [omNode-2@group-523986131536-StateMachineUpdater] INFO  raftlog.RaftLog (RaftLogBase.java:lambda$new$0(53)) - omNode-2@group-523986131536-SegmentedRaftLog: purgeIndex: updateToMax old=-1, new=49, updated? true
2021-01-12 10:39:43,349 [omNode-1@group-523986131536-StateMachineUpdater] INFO  ratis.OzoneManagerStateMachine (OzoneManagerStateMachine.java:takeSnapshot(345)) - Current Snapshot Index (t:2, i:49)
2021-01-12 10:39:43,350 [omNode-1@group-523986131536-StateMachineUpdater] INFO  impl.StateMachineUpdater (StateMachineUpdater.java:takeSnapshot(279)) - omNode-1@group-523986131536-StateMachineUpdater: Took a snapshot at index 49
2021-01-12 10:39:43,350 [omNode-1@group-523986131536-StateMachineUpdater] INFO  impl.StateMachineUpdater (StateMachineUpdater.java:lambda$new$0(88)) - omNode-1@group-523986131536-StateMachineUpdater: snapshotIndex: updateIncreasingly -1 -> 49
2021-01-12 10:39:43,350 [omNode-1@group-523986131536-StateMachineUpdater] INFO  raftlog.RaftLog (RaftLogBase.java:purge(306)) - omNode-1@group-523986131536-SegmentedRaftLog: purge 49
2021-01-12 10:39:43,355 [omNode-1@group-523986131536-StateMachineUpdater] INFO  raftlog.RaftLog (RaftLogBase.java:lambda$new$0(53)) - omNode-1@group-523986131536-SegmentedRaftLog: snapshotIndex: updateIncreasingly -1 -> 49
2021-01-12 10:39:43,355 [omNode-1@group-523986131536-StateMachineUpdater] INFO  raftlog.RaftLog (RaftLogBase.java:lambda$new$0(53)) - omNode-1@group-523986131536-SegmentedRaftLog: purgeIndex: updateToMax old=-1, new=49, updated? true
2021-01-12 10:39:43,366 [grpc-default-executor-2] WARN  server.GrpcLogAppender (LogUtils.java:warn(122)) - omNode-2@group-523986131536->omNode-3-AppendLogResponseHandler: Failed appendEntries: org.apache.ratis.thirdparty.io.grpc.StatusRuntimeException: UNAVAILABLE: io exception
2021-01-12 10:39:43,367 [grpc-default-executor-2] WARN  server.GrpcLogAppender (GrpcLogAppender.java:resetClient(111)) - omNode-2@group-523986131536->omNode-3-GrpcLogAppender: Leader has not got in touch with Follower omNode-2@group-523986131536->omNode-3(c-1,m0,n52, attendVote=true, lastRpcSendTime=0, lastRpcResponseTime=15126) yet, just keep nextIndex unchanged and retry.
2021-01-12 10:39:43,372 [grpc-default-executor-2] WARN  server.GrpcLogAppender (LogUtils.java:warn(122)) - omNode-2@group-523986131536->omNode-3-AppendLogResponseHandler: Failed appendEntries: org.apache.ratis.thirdparty.io.grpc.StatusRuntimeException: UNAVAILABLE: io exception
2021-01-12 10:39:43,372 [grpc-default-executor-2] WARN  server.GrpcLogAppender (GrpcLogAppender.java:resetClient(111)) - omNode-2@group-523986131536->omNode-3-GrpcLogAppender: Leader has not got in touch with Follower omNode-2@group-523986131536->omNode-3(c-1,m0,n53, attendVote=true, lastRpcSendTime=0, lastRpcResponseTime=15131) yet, just keep nextIndex unchanged and retry.
2021-01-12 10:39:43,477 [grpc-default-executor-2] WARN  server.GrpcLogAppender (LogUtils.java:warn(122)) - omNode-2@group-523986131536->omNode-3-AppendLogResponseHandler: Failed appendEntries: org.apache.ratis.thirdparty.io.grpc.StatusRuntimeException: UNAVAILABLE: io exception
2021-01-12 10:39:43,478 [grpc-default-executor-2] WARN  server.GrpcLogAppender (GrpcLogAppender.java:resetClient(111)) - omNode-2@group-523986131536->omNode-3-GrpcLogAppender: Leader has not got in touch with Follower omNode-2@group-523986131536->omNode-3(c-1,m0,n54, attendVote=true, lastRpcSendTime=0, lastRpcResponseTime=15237) yet, just keep nextIndex unchanged and retry.
2021-01-12 10:39:43,489 [grpc-default-executor-2] WARN  server.GrpcLogAppender (LogUtils.java:warn(122)) - omNode-2@group-523986131536->omNode-3-AppendLogResponseHandler: Failed appendEntries: org.apache.ratis.thirdparty.io.grpc.StatusRuntimeException: UNAVAILABLE: io exception
2021-01-12 10:39:43,490 [grpc-default-executor-2] WARN  server.GrpcLogAppender (GrpcLogAppender.java:resetClient(111)) - omNode-2@group-523986131536->omNode-3-GrpcLogAppender: Leader has not got in touch with Follower omNode-2@group-523986131536->omNode-3(c-1,m0,n55, attendVote=true, lastRpcSendTime=1, lastRpcResponseTime=15249) yet, just keep nextIndex unchanged and retry.
2021-01-12 10:39:43,510 [grpc-default-executor-1] WARN  server.GrpcLogAppender (LogUtils.java:warn(122)) - omNode-2@group-523986131536->omNode-3-AppendLogResponseHandler: Failed appendEntries: org.apache.ratis.thirdparty.io.grpc.StatusRuntimeException: UNAVAILABLE: io exception
2021-01-12 10:39:43,511 [grpc-default-executor-1] WARN  server.GrpcLogAppender (GrpcLogAppender.java:resetClient(111)) - omNode-2@group-523986131536->omNode-3-GrpcLogAppender: Leader has not got in touch with Follower omNode-2@group-523986131536->omNode-3(c-1,m0,n56, attendVote=true, lastRpcSendTime=22, lastRpcResponseTime=15270) yet, just keep nextIndex unchanged and retry.
2021-01-12 10:39:43,515 [grpc-default-executor-1] WARN  server.GrpcLogAppender (LogUtils.java:warn(122)) - omNode-2@group-523986131536->omNode-3-AppendLogResponseHandler: Failed appendEntries: org.apache.ratis.thirdparty.io.grpc.StatusRuntimeException: UNAVAILABLE: io exception
2021-01-12 10:39:43,515 [grpc-default-executor-1] WARN  server.GrpcLogAppender (GrpcLogAppender.java:resetClient(111)) - omNode-2@group-523986131536->omNode-3-GrpcLogAppender: Leader has not got in touch with Follower omNode-2@group-523986131536->omNode-3(c-1,m0,n57, attendVote=true, lastRpcSendTime=4, lastRpcResponseTime=15274) yet, just keep nextIndex unchanged and retry.
2021-01-12 10:39:43,622 [grpc-default-executor-1] WARN  server.GrpcLogAppender (LogUtils.java:warn(122)) - omNode-2@group-523986131536->omNode-3-AppendLogResponseHandler: Failed appendEntries: org.apache.ratis.thirdparty.io.grpc.StatusRuntimeException: UNAVAILABLE: io exception
2021-01-12 10:39:43,623 [grpc-default-executor-1] WARN  server.GrpcLogAppender (GrpcLogAppender.java:resetClient(111)) - omNode-2@group-523986131536->omNode-3-GrpcLogAppender: Leader has not got in touch with Follower omNode-2@group-523986131536->omNode-3(c-1,m0,n58, attendVote=true, lastRpcSendTime=106, lastRpcResponseTime=15382) yet, just keep nextIndex unchanged and retry.
2021-01-12 10:39:43,629 [grpc-default-executor-1] WARN  server.GrpcLogAppender (LogUtils.java:warn(122)) - omNode-2@group-523986131536->omNode-3-AppendLogResponseHandler: Failed appendEntries: org.apache.ratis.thirdparty.io.grpc.StatusRuntimeException: UNAVAILABLE: io exception
2021-01-12 10:39:43,630 [grpc-default-executor-1] WARN  server.GrpcLogAppender (GrpcLogAppender.java:resetClient(111)) - omNode-2@group-523986131536->omNode-3-GrpcLogAppender: Leader has not got in touch with Follower omNode-2@group-523986131536->omNode-3(c-1,m0,n59, attendVote=true, lastRpcSendTime=7, lastRpcResponseTime=15389) yet, just keep nextIndex unchanged and retry.
2021-01-12 10:39:43,644 [grpc-default-executor-2] WARN  server.GrpcLogAppender (LogUtils.java:warn(122)) - omNode-2@group-523986131536->omNode-3-AppendLogResponseHandler: Failed appendEntries: org.apache.ratis.thirdparty.io.grpc.StatusRuntimeException: UNAVAILABLE: io exception
2021-01-12 10:39:43,645 [grpc-default-executor-2] WARN  server.GrpcLogAppender (GrpcLogAppender.java:resetClient(111)) - omNode-2@group-523986131536->omNode-3-GrpcLogAppender: Leader has not got in touch with Follower omNode-2@group-523986131536->omNode-3(c-1,m0,n60, attendVote=true, lastRpcSendTime=13, lastRpcResponseTime=15404) yet, just keep nextIndex unchanged and retry.
2021-01-12 10:39:43,649 [grpc-default-executor-2] WARN  server.GrpcLogAppender (LogUtils.java:warn(122)) - omNode-2@group-523986131536->omNode-3-AppendLogResponseHandler: Failed appendEntries: org.apache.ratis.thirdparty.io.grpc.StatusRuntimeException: UNAVAILABLE: io exception
2021-01-12 10:39:43,649 [grpc-default-executor-2] WARN  server.GrpcLogAppender (GrpcLogAppender.java:resetClient(111)) - omNode-2@group-523986131536->omNode-3-GrpcLogAppender: Leader has not got in touch with Follower omNode-2@group-523986131536->omNode-3(c-1,m0,n61, attendVote=true, lastRpcSendTime=4, lastRpcResponseTime=15408) yet, just keep nextIndex unchanged and retry.
2021-01-12 10:39:43,754 [grpc-default-executor-2] WARN  server.GrpcLogAppender (LogUtils.java:warn(122)) - omNode-2@group-523986131536->omNode-3-AppendLogResponseHandler: Failed appendEntries: org.apache.ratis.thirdparty.io.grpc.StatusRuntimeException: UNAVAILABLE: io exception
2021-01-12 10:39:43,755 [grpc-default-executor-2] WARN  server.GrpcLogAppender (GrpcLogAppender.java:resetClient(111)) - omNode-2@group-523986131536->omNode-3-GrpcLogAppender: Leader has not got in touch with Follower omNode-2@group-523986131536->omNode-3(c-1,m0,n62, attendVote=true, lastRpcSendTime=1, lastRpcResponseTime=15514) yet, just keep nextIndex unchanged and retry.
2021-01-12 10:39:43,764 [grpc-default-executor-2] WARN  server.GrpcLogAppender (LogUtils.java:warn(122)) - omNode-2@group-523986131536->omNode-3-AppendLogResponseHandler: Failed appendEntries: org.apache.ratis.thirdparty.io.grpc.StatusRuntimeException: UNAVAILABLE: io exception
2021-01-12 10:39:43,764 [grpc-default-executor-2] WARN  server.GrpcLogAppender (GrpcLogAppender.java:resetClient(111)) - omNode-2@group-523986131536->omNode-3-GrpcLogAppender: Leader has not got in touch with Follower omNode-2@group-523986131536->omNode-3(c-1,m0,n63, attendVote=true, lastRpcSendTime=1, lastRpcResponseTime=15524) yet, just keep nextIndex unchanged and retry.
2021-01-12 10:39:43,784 [grpc-default-executor-2] WARN  server.GrpcLogAppender (LogUtils.java:warn(122)) - omNode-2@group-523986131536->omNode-3-AppendLogResponseHandler: Failed appendEntries: org.apache.ratis.thirdparty.io.grpc.StatusRuntimeException: UNAVAILABLE: io exception
2021-01-12 10:39:43,784 [grpc-default-executor-2] WARN  server.GrpcLogAppender (GrpcLogAppender.java:resetClient(111)) - omNode-2@group-523986131536->omNode-3-GrpcLogAppender: Leader has not got in touch with Follower omNode-2@group-523986131536->omNode-3(c-1,m0,n64, attendVote=true, lastRpcSendTime=21, lastRpcResponseTime=15544) yet, just keep nextIndex unchanged and retry.
2021-01-12 10:39:43,788 [grpc-default-executor-2] WARN  server.GrpcLogAppender (LogUtils.java:warn(122)) - omNode-2@group-523986131536->omNode-3-AppendLogResponseHandler: Failed appendEntries: org.apache.ratis.thirdparty.io.grpc.StatusRuntimeException: UNAVAILABLE: io exception
2021-01-12 10:39:43,789 [grpc-default-executor-2] WARN  server.GrpcLogAppender (GrpcLogAppender.java:resetClient(111)) - omNode-2@group-523986131536->omNode-3-GrpcLogAppender: Leader has not got in touch with Follower omNode-2@group-523986131536->omNode-3(c-1,m0,n65, attendVote=true, lastRpcSendTime=4, lastRpcResponseTime=15548) yet, just keep nextIndex unchanged and retry.
2021-01-12 10:39:43,895 [grpc-default-executor-2] WARN  server.GrpcLogAppender (LogUtils.java:warn(122)) - omNode-2@group-523986131536->omNode-3-AppendLogResponseHandler: Failed appendEntries: org.apache.ratis.thirdparty.io.grpc.StatusRuntimeException: UNAVAILABLE: io exception
2021-01-12 10:39:43,896 [grpc-default-executor-2] WARN  server.GrpcLogAppender (GrpcLogAppender.java:resetClient(111)) - omNode-2@group-523986131536->omNode-3-GrpcLogAppender: Leader has not got in touch with Follower omNode-2@group-523986131536->omNode-3(c-1,m0,n66, attendVote=true, lastRpcSendTime=106, lastRpcResponseTime=15655) yet, just keep nextIndex unchanged and retry.
2021-01-12 10:39:43,900 [grpc-default-executor-1] WARN  server.GrpcLogAppender (LogUtils.java:warn(122)) - omNode-2@group-523986131536->omNode-3-AppendLogResponseHandler: Failed appendEntries: org.apache.ratis.thirdparty.io.grpc.StatusRuntimeException: UNAVAILABLE: io exception
2021-01-12 10:39:43,900 [grpc-default-executor-1] WARN  server.GrpcLogAppender (GrpcLogAppender.java:resetClient(111)) - omNode-2@group-523986131536->omNode-3-GrpcLogAppender: Leader has not got in touch with Follower omNode-2@group-523986131536->omNode-3(c-1,m0,n67, attendVote=true, lastRpcSendTime=0, lastRpcResponseTime=15660) yet, just keep nextIndex unchanged and retry.
2021-01-12 10:39:43,921 [grpc-default-executor-3] WARN  server.GrpcLogAppender (LogUtils.java:warn(122)) - omNode-2@group-523986131536->omNode-3-AppendLogResponseHandler: Failed appendEntries: org.apache.ratis.thirdparty.io.grpc.StatusRuntimeException: UNAVAILABLE: io exception
2021-01-12 10:39:43,921 [grpc-default-executor-3] WARN  server.GrpcLogAppender (GrpcLogAppender.java:resetClient(111)) - omNode-2@group-523986131536->omNode-3-GrpcLogAppender: Leader has not got in touch with Follower omNode-2@group-523986131536->omNode-3(c-1,m0,n68, attendVote=true, lastRpcSendTime=21, lastRpcResponseTime=15681) yet, just keep nextIndex unchanged and retry.
2021-01-12 10:39:43,927 [grpc-default-executor-3] WARN  server.GrpcLogAppender (LogUtils.java:warn(122)) - omNode-2@group-523986131536->omNode-3-AppendLogResponseHandler: Failed appendEntries: org.apache.ratis.thirdparty.io.grpc.StatusRuntimeException: UNAVAILABLE: io exception
2021-01-12 10:39:43,928 [grpc-default-executor-3] WARN  server.GrpcLogAppender (GrpcLogAppender.java:resetClient(111)) - omNode-2@group-523986131536->omNode-3-GrpcLogAppender: Leader has not got in touch with Follower omNode-2@group-523986131536->omNode-3(c-1,m0,n69, attendVote=true, lastRpcSendTime=2, lastRpcResponseTime=15687) yet, just keep nextIndex unchanged and retry.
2021-01-12 10:39:44,033 [grpc-default-executor-3] WARN  server.GrpcLogAppender (LogUtils.java:warn(122)) - omNode-2@group-523986131536->omNode-3-AppendLogResponseHandler: Failed appendEntries: org.apache.ratis.thirdparty.io.grpc.StatusRuntimeException: UNAVAILABLE: io exception
2021-01-12 10:39:44,035 [grpc-default-executor-3] WARN  server.GrpcLogAppender (GrpcLogAppender.java:resetClient(111)) - omNode-2@group-523986131536->omNode-3-GrpcLogAppender: Leader has not got in touch with Follower omNode-2@group-523986131536->omNode-3(c-1,m0,n70, attendVote=true, lastRpcSendTime=109, lastRpcResponseTime=15794) yet, just keep nextIndex unchanged and retry.
2021-01-12 10:39:44,038 [grpc-default-executor-3] WARN  server.GrpcLogAppender (LogUtils.java:warn(122)) - omNode-2@group-523986131536->omNode-3-AppendLogResponseHandler: Failed appendEntries: org.apache.ratis.thirdparty.io.grpc.StatusRuntimeException: UNAVAILABLE: io exception
2021-01-12 10:39:44,039 [grpc-default-executor-3] WARN  server.GrpcLogAppender (GrpcLogAppender.java:resetClient(111)) - omNode-2@group-523986131536->omNode-3-GrpcLogAppender: Leader has not got in touch with Follower omNode-2@group-523986131536->omNode-3(c-1,m0,n71, attendVote=true, lastRpcSendTime=0, lastRpcResponseTime=15798) yet, just keep nextIndex unchanged and retry.
2021-01-12 10:39:44,048 [grpc-default-executor-2] WARN  server.GrpcLogAppender (LogUtils.java:warn(122)) - omNode-2@group-523986131536->omNode-3-AppendLogResponseHandler: Failed appendEntries: org.apache.ratis.thirdparty.io.grpc.StatusRuntimeException: UNAVAILABLE: io exception
2021-01-12 10:39:44,049 [grpc-default-executor-2] WARN  server.GrpcLogAppender (GrpcLogAppender.java:resetClient(111)) - omNode-2@group-523986131536->omNode-3-GrpcLogAppender: Leader has not got in touch with Follower omNode-2@group-523986131536->omNode-3(c-1,m0,n72, attendVote=true, lastRpcSendTime=10, lastRpcResponseTime=15808) yet, just keep nextIndex unchanged and retry.
2021-01-12 10:39:44,055 [grpc-default-executor-2] WARN  server.GrpcLogAppender (LogUtils.java:warn(122)) - omNode-2@group-523986131536->omNode-3-AppendLogResponseHandler: Failed appendEntries: org.apache.ratis.thirdparty.io.grpc.StatusRuntimeException: UNAVAILABLE: io exception
2021-01-12 10:39:44,056 [grpc-default-executor-2] WARN  server.GrpcLogAppender (GrpcLogAppender.java:resetClient(111)) - omNode-2@group-523986131536->omNode-3-GrpcLogAppender: Leader has not got in touch with Follower omNode-2@group-523986131536->omNode-3(c-1,m0,n73, attendVote=true, lastRpcSendTime=0, lastRpcResponseTime=15815) yet, just keep nextIndex unchanged and retry.
2021-01-12 10:39:44,160 [grpc-default-executor-2] WARN  server.GrpcLogAppender (LogUtils.java:warn(122)) - omNode-2@group-523986131536->omNode-3-AppendLogResponseHandler: Failed appendEntries: org.apache.ratis.thirdparty.io.grpc.StatusRuntimeException: UNAVAILABLE: io exception
2021-01-12 10:39:44,161 [grpc-default-executor-2] WARN  server.GrpcLogAppender (GrpcLogAppender.java:resetClient(111)) - omNode-2@group-523986131536->omNode-3-GrpcLogAppender: Leader has not got in touch with Follower omNode-2@group-523986131536->omNode-3(c-1,m0,n74, attendVote=true, lastRpcSendTime=0, lastRpcResponseTime=15920) yet, just keep nextIndex unchanged and retry.
2021-01-12 10:39:44,165 [grpc-default-executor-2] WARN  server.GrpcLogAppender (LogUtils.java:warn(122)) - omNode-2@group-523986131536->omNode-3-AppendLogResponseHandler: Failed appendEntries: org.apache.ratis.thirdparty.io.grpc.StatusRuntimeException: UNAVAILABLE: io exception
2021-01-12 10:39:44,166 [grpc-default-executor-2] WARN  server.GrpcLogAppender (GrpcLogAppender.java:resetClient(111)) - omNode-2@group-523986131536->omNode-3-GrpcLogAppender: Leader has not got in touch with Follower omNode-2@group-523986131536->omNode-3(c-1,m0,n75, attendVote=true, lastRpcSendTime=1, lastRpcResponseTime=15925) yet, just keep nextIndex unchanged and retry.
2021-01-12 10:39:44,182 [grpc-default-executor-2] WARN  server.GrpcLogAppender (LogUtils.java:warn(122)) - omNode-2@group-523986131536->omNode-3-AppendLogResponseHandler: Failed appendEntries: org.apache.ratis.thirdparty.io.grpc.StatusRuntimeException: UNAVAILABLE: io exception
2021-01-12 10:39:44,182 [grpc-default-executor-2] WARN  server.GrpcLogAppender (GrpcLogAppender.java:resetClient(111)) - omNode-2@group-523986131536->omNode-3-GrpcLogAppender: Leader has not got in touch with Follower omNode-2@group-523986131536->omNode-3(c-1,m0,n76, attendVote=true, lastRpcSendTime=0, lastRpcResponseTime=15942) yet, just keep nextIndex unchanged and retry.
2021-01-12 10:39:44,185 [grpc-default-executor-3] WARN  server.GrpcLogAppender (LogUtils.java:warn(122)) - omNode-2@group-523986131536->omNode-3-AppendLogResponseHandler: Failed appendEntries: org.apache.ratis.thirdparty.io.grpc.StatusRuntimeException: UNAVAILABLE: io exception
2021-01-12 10:39:44,186 [grpc-default-executor-3] WARN  server.GrpcLogAppender (GrpcLogAppender.java:resetClient(111)) - omNode-2@group-523986131536->omNode-3-GrpcLogAppender: Leader has not got in touch with Follower omNode-2@group-523986131536->omNode-3(c-1,m0,n77, attendVote=true, lastRpcSendTime=0, lastRpcResponseTime=15945) yet, just keep nextIndex unchanged and retry.
2021-01-12 10:39:44,291 [grpc-default-executor-2] WARN  server.GrpcLogAppender (LogUtils.java:warn(122)) - omNode-2@group-523986131536->omNode-3-AppendLogResponseHandler: Failed appendEntries: org.apache.ratis.thirdparty.io.grpc.StatusRuntimeException: UNAVAILABLE: io exception
2021-01-12 10:39:44,292 [grpc-default-executor-2] WARN  server.GrpcLogAppender (GrpcLogAppender.java:resetClient(111)) - omNode-2@group-523986131536->omNode-3-GrpcLogAppender: Leader has not got in touch with Follower omNode-2@group-523986131536->omNode-3(c-1,m0,n78, attendVote=true, lastRpcSendTime=0, lastRpcResponseTime=16051) yet, just keep nextIndex unchanged and retry.
2021-01-12 10:39:44,295 [grpc-default-executor-2] WARN  server.GrpcLogAppender (LogUtils.java:warn(122)) - omNode-2@group-523986131536->omNode-3-AppendLogResponseHandler: Failed appendEntries: org.apache.ratis.thirdparty.io.grpc.StatusRuntimeException: UNAVAILABLE: io exception
2021-01-12 10:39:44,295 [grpc-default-executor-2] WARN  server.GrpcLogAppender (GrpcLogAppender.java:resetClient(111)) - omNode-2@group-523986131536->omNode-3-GrpcLogAppender: Leader has not got in touch with Follower omNode-2@group-523986131536->omNode-3(c-1,m0,n79, attendVote=true, lastRpcSendTime=0, lastRpcResponseTime=16055) yet, just keep nextIndex unchanged and retry.
2021-01-12 10:39:44,313 [grpc-default-executor-1] WARN  server.GrpcLogAppender (LogUtils.java:warn(122)) - omNode-2@group-523986131536->omNode-3-AppendLogResponseHandler: Failed appendEntries: org.apache.ratis.thirdparty.io.grpc.StatusRuntimeException: UNAVAILABLE: io exception
2021-01-12 10:39:44,314 [grpc-default-executor-1] WARN  server.GrpcLogAppender (GrpcLogAppender.java:resetClient(111)) - omNode-2@group-523986131536->omNode-3-GrpcLogAppender: Leader has not got in touch with Follower omNode-2@group-523986131536->omNode-3(c-1,m0,n80, attendVote=true, lastRpcSendTime=18, lastRpcResponseTime=16073) yet, just keep nextIndex unchanged and retry.
2021-01-12 10:39:44,317 [grpc-default-executor-1] WARN  server.GrpcLogAppender (LogUtils.java:warn(122)) - omNode-2@group-523986131536->omNode-3-AppendLogResponseHandler: Failed appendEntries: org.apache.ratis.thirdparty.io.grpc.StatusRuntimeException: UNAVAILABLE: io exception
2021-01-12 10:39:44,317 [grpc-default-executor-1] WARN  server.GrpcLogAppender (GrpcLogAppender.java:resetClient(111)) - omNode-2@group-523986131536->omNode-3-GrpcLogAppender: Leader has not got in touch with Follower omNode-2@group-523986131536->omNode-3(c-1,m0,n81, attendVote=true, lastRpcSendTime=3, lastRpcResponseTime=16077) yet, just keep nextIndex unchanged and retry.
2021-01-12 10:39:44,432 [grpc-default-executor-2] WARN  server.GrpcLogAppender (LogUtils.java:warn(122)) - omNode-2@group-523986131536->omNode-3-AppendLogResponseHandler: Failed appendEntries: org.apache.ratis.thirdparty.io.grpc.StatusRuntimeException: UNAVAILABLE: io exception
2021-01-12 10:39:44,433 [grpc-default-executor-2] WARN  server.GrpcLogAppender (GrpcLogAppender.java:resetClient(111)) - omNode-2@group-523986131536->omNode-3-GrpcLogAppender: Leader has not got in touch with Follower omNode-2@group-523986131536->omNode-3(c-1,m0,n82, attendVote=true, lastRpcSendTime=115, lastRpcResponseTime=16192) yet, just keep nextIndex unchanged and retry.
2021-01-12 10:39:44,440 [grpc-default-executor-1] WARN  server.GrpcLogAppender (LogUtils.java:warn(122)) - omNode-2@group-523986131536->omNode-3-AppendLogResponseHandler: Failed appendEntries: org.apache.ratis.thirdparty.io.grpc.StatusRuntimeException: UNAVAILABLE: io exception
2021-01-12 10:39:44,440 [grpc-default-executor-1] WARN  server.GrpcLogAppender (GrpcLogAppender.java:resetClient(111)) - omNode-2@group-523986131536->omNode-3-GrpcLogAppender: Leader has not got in touch with Follower omNode-2@group-523986131536->omNode-3(c-1,m0,n83, attendVote=true, lastRpcSendTime=0, lastRpcResponseTime=16199) yet, just keep nextIndex unchanged and retry.
2021-01-12 10:39:44,458 [grpc-default-executor-1] WARN  server.GrpcLogAppender (LogUtils.java:warn(122)) - omNode-2@group-523986131536->omNode-3-AppendLogResponseHandler: Failed appendEntries: org.apache.ratis.thirdparty.io.grpc.StatusRuntimeException: UNAVAILABLE: io exception
2021-01-12 10:39:44,459 [grpc-default-executor-1] WARN  server.GrpcLogAppender (GrpcLogAppender.java:resetClient(111)) - omNode-2@group-523986131536->omNode-3-GrpcLogAppender: Leader has not got in touch with Follower omNode-2@group-523986131536->omNode-3(c-1,m0,n84, attendVote=true, lastRpcSendTime=19, lastRpcResponseTime=16218) yet, just keep nextIndex unchanged and retry.
2021-01-12 10:39:44,464 [grpc-default-executor-1] WARN  server.GrpcLogAppender (LogUtils.java:warn(122)) - omNode-2@group-523986131536->omNode-3-AppendLogResponseHandler: Failed appendEntries: org.apache.ratis.thirdparty.io.grpc.StatusRuntimeException: UNAVAILABLE: io exception
2021-01-12 10:39:44,464 [grpc-default-executor-1] WARN  server.GrpcLogAppender (GrpcLogAppender.java:resetClient(111)) - omNode-2@group-523986131536->omNode-3-GrpcLogAppender: Leader has not got in touch with Follower omNode-2@group-523986131536->omNode-3(c-1,m0,n85, attendVote=true, lastRpcSendTime=4, lastRpcResponseTime=16223) yet, just keep nextIndex unchanged and retry.
2021-01-12 10:39:44,567 [grpc-default-executor-2] WARN  server.GrpcLogAppender (LogUtils.java:warn(122)) - omNode-2@group-523986131536->omNode-3-AppendLogResponseHandler: Failed appendEntries: org.apache.ratis.thirdparty.io.grpc.StatusRuntimeException: UNAVAILABLE: io exception
2021-01-12 10:39:44,568 [grpc-default-executor-2] WARN  server.GrpcLogAppender (GrpcLogAppender.java:resetClient(111)) - omNode-2@group-523986131536->omNode-3-GrpcLogAppender: Leader has not got in touch with Follower omNode-2@group-523986131536->omNode-3(c-1,m0,n86, attendVote=true, lastRpcSendTime=0, lastRpcResponseTime=16327) yet, just keep nextIndex unchanged and retry.
2021-01-12 10:39:44,580 [grpc-default-executor-2] WARN  server.GrpcLogAppender (LogUtils.java:warn(122)) - omNode-2@group-523986131536->omNode-3-AppendLogResponseHandler: Failed appendEntries: org.apache.ratis.thirdparty.io.grpc.StatusRuntimeException: UNAVAILABLE: io exception
2021-01-12 10:39:44,581 [grpc-default-executor-2] WARN  server.GrpcLogAppender (GrpcLogAppender.java:resetClient(111)) - omNode-2@group-523986131536->omNode-3-GrpcLogAppender: Leader has not got in touch with Follower omNode-2@group-523986131536->omNode-3(c-1,m0,n87, attendVote=true, lastRpcSendTime=1, lastRpcResponseTime=16340) yet, just keep nextIndex unchanged and retry.
2021-01-12 10:39:44,591 [grpc-default-executor-2] WARN  server.GrpcLogAppender (LogUtils.java:warn(122)) - omNode-2@group-523986131536->omNode-3-AppendLogResponseHandler: Failed appendEntries: org.apache.ratis.thirdparty.io.grpc.StatusRuntimeException: UNAVAILABLE: io exception
2021-01-12 10:39:44,592 [grpc-default-executor-2] WARN  server.GrpcLogAppender (GrpcLogAppender.java:resetClient(111)) - omNode-2@group-523986131536->omNode-3-GrpcLogAppender: Leader has not got in touch with Follower omNode-2@group-523986131536->omNode-3(c-1,m0,n88, attendVote=true, lastRpcSendTime=12, lastRpcResponseTime=16351) yet, just keep nextIndex unchanged and retry.
2021-01-12 10:39:44,595 [grpc-default-executor-2] WARN  server.GrpcLogAppender (LogUtils.java:warn(122)) - omNode-2@group-523986131536->omNode-3-AppendLogResponseHandler: Failed appendEntries: org.apache.ratis.thirdparty.io.grpc.StatusRuntimeException: UNAVAILABLE: io exception
2021-01-12 10:39:44,595 [grpc-default-executor-2] WARN  server.GrpcLogAppender (GrpcLogAppender.java:resetClient(111)) - omNode-2@group-523986131536->omNode-3-GrpcLogAppender: Leader has not got in touch with Follower omNode-2@group-523986131536->omNode-3(c-1,m0,n89, attendVote=true, lastRpcSendTime=3, lastRpcResponseTime=16354) yet, just keep nextIndex unchanged and retry.
2021-01-12 10:39:44,704 [grpc-default-executor-2] WARN  server.GrpcLogAppender (LogUtils.java:warn(122)) - omNode-2@group-523986131536->omNode-3-AppendLogResponseHandler: Failed appendEntries: org.apache.ratis.thirdparty.io.grpc.StatusRuntimeException: UNAVAILABLE: io exception
2021-01-12 10:39:44,705 [grpc-default-executor-2] WARN  server.GrpcLogAppender (GrpcLogAppender.java:resetClient(111)) - omNode-2@group-523986131536->omNode-3-GrpcLogAppender: Leader has not got in touch with Follower omNode-2@group-523986131536->omNode-3(c-1,m0,n90, attendVote=true, lastRpcSendTime=109, lastRpcResponseTime=16464) yet, just keep nextIndex unchanged and retry.
2021-01-12 10:39:44,711 [grpc-default-executor-3] WARN  server.GrpcLogAppender (LogUtils.java:warn(122)) - omNode-2@group-523986131536->omNode-3-AppendLogResponseHandler: Failed appendEntries: org.apache.ratis.thirdparty.io.grpc.StatusRuntimeException: UNAVAILABLE: io exception
2021-01-12 10:39:44,712 [grpc-default-executor-3] WARN  server.GrpcLogAppender (GrpcLogAppender.java:resetClient(111)) - omNode-2@group-523986131536->omNode-3-GrpcLogAppender: Leader has not got in touch with Follower omNode-2@group-523986131536->omNode-3(c-1,m0,n91, attendVote=true, lastRpcSendTime=0, lastRpcResponseTime=16471) yet, just keep nextIndex unchanged and retry.
2021-01-12 10:39:44,720 [grpc-default-executor-3] WARN  server.GrpcLogAppender (LogUtils.java:warn(122)) - omNode-2@group-523986131536->omNode-3-AppendLogResponseHandler: Failed appendEntries: org.apache.ratis.thirdparty.io.grpc.StatusRuntimeException: UNAVAILABLE: io exception
2021-01-12 10:39:44,720 [grpc-default-executor-3] WARN  server.GrpcLogAppender (GrpcLogAppender.java:resetClient(111)) - omNode-2@group-523986131536->omNode-3-GrpcLogAppender: Leader has not got in touch with Follower omNode-2@group-523986131536->omNode-3(c-1,m0,n92, attendVote=true, lastRpcSendTime=0, lastRpcResponseTime=16480) yet, just keep nextIndex unchanged and retry.
2021-01-12 10:39:44,725 [grpc-default-executor-3] WARN  server.GrpcLogAppender (LogUtils.java:warn(122)) - omNode-2@group-523986131536->omNode-3-AppendLogResponseHandler: Failed appendEntries: org.apache.ratis.thirdparty.io.grpc.StatusRuntimeException: UNAVAILABLE: io exception
2021-01-12 10:39:44,725 [grpc-default-executor-3] WARN  server.GrpcLogAppender (GrpcLogAppender.java:resetClient(111)) - omNode-2@group-523986131536->omNode-3-GrpcLogAppender: Leader has not got in touch with Follower omNode-2@group-523986131536->omNode-3(c-1,m0,n93, attendVote=true, lastRpcSendTime=0, lastRpcResponseTime=16484) yet, just keep nextIndex unchanged and retry.
2021-01-12 10:39:44,830 [grpc-default-executor-3] WARN  server.GrpcLogAppender (LogUtils.java:warn(122)) - omNode-2@group-523986131536->omNode-3-AppendLogResponseHandler: Failed appendEntries: org.apache.ratis.thirdparty.io.grpc.StatusRuntimeException: UNAVAILABLE: io exception
2021-01-12 10:39:44,831 [grpc-default-executor-3] WARN  server.GrpcLogAppender (GrpcLogAppender.java:resetClient(111)) - omNode-2@group-523986131536->omNode-3-GrpcLogAppender: Leader has not got in touch with Follower omNode-2@group-523986131536->omNode-3(c-1,m0,n94, attendVote=true, lastRpcSendTime=106, lastRpcResponseTime=16590) yet, just keep nextIndex unchanged and retry.
2021-01-12 10:39:44,835 [grpc-default-executor-3] WARN  server.GrpcLogAppender (LogUtils.java:warn(122)) - omNode-2@group-523986131536->omNode-3-AppendLogResponseHandler: Failed appendEntries: org.apache.ratis.thirdparty.io.grpc.StatusRuntimeException: UNAVAILABLE: io exception
2021-01-12 10:39:44,835 [grpc-default-executor-3] WARN  server.GrpcLogAppender (GrpcLogAppender.java:resetClient(111)) - omNode-2@group-523986131536->omNode-3-GrpcLogAppender: Leader has not got in touch with Follower omNode-2@group-523986131536->omNode-3(c-1,m0,n95, attendVote=true, lastRpcSendTime=3, lastRpcResponseTime=16594) yet, just keep nextIndex unchanged and retry.
2021-01-12 10:39:44,858 [grpc-default-executor-2] WARN  server.GrpcLogAppender (LogUtils.java:warn(122)) - omNode-2@group-523986131536->omNode-3-AppendLogResponseHandler: Failed appendEntries: org.apache.ratis.thirdparty.io.grpc.StatusRuntimeException: UNAVAILABLE: io exception
2021-01-12 10:39:44,858 [grpc-default-executor-2] WARN  server.GrpcLogAppender (GrpcLogAppender.java:resetClient(111)) - omNode-2@group-523986131536->omNode-3-GrpcLogAppender: Leader has not got in touch with Follower omNode-2@group-523986131536->omNode-3(c-1,m0,n96, attendVote=true, lastRpcSendTime=22, lastRpcResponseTime=16617) yet, just keep nextIndex unchanged and retry.
2021-01-12 10:39:44,863 [grpc-default-executor-2] WARN  server.GrpcLogAppender (LogUtils.java:warn(122)) - omNode-2@group-523986131536->omNode-3-AppendLogResponseHandler: Failed appendEntries: org.apache.ratis.thirdparty.io.grpc.StatusRuntimeException: UNAVAILABLE: io exception
2021-01-12 10:39:44,868 [grpc-default-executor-2] WARN  server.GrpcLogAppender (GrpcLogAppender.java:resetClient(111)) - omNode-2@group-523986131536->omNode-3-GrpcLogAppender: Leader has not got in touch with Follower omNode-2@group-523986131536->omNode-3(c-1,m0,n97, attendVote=true, lastRpcSendTime=0, lastRpcResponseTime=16627) yet, just keep nextIndex unchanged and retry.
2021-01-12 10:39:44,974 [grpc-default-executor-3] WARN  server.GrpcLogAppender (LogUtils.java:warn(122)) - omNode-2@group-523986131536->omNode-3-AppendLogResponseHandler: Failed appendEntries: org.apache.ratis.thirdparty.io.grpc.StatusRuntimeException: UNAVAILABLE: io exception
2021-01-12 10:39:44,975 [grpc-default-executor-3] WARN  server.GrpcLogAppender (GrpcLogAppender.java:resetClient(111)) - omNode-2@group-523986131536->omNode-3-GrpcLogAppender: Leader has not got in touch with Follower omNode-2@group-523986131536->omNode-3(c-1,m0,n98, attendVote=true, lastRpcSendTime=0, lastRpcResponseTime=16734) yet, just keep nextIndex unchanged and retry.
2021-01-12 10:39:44,980 [grpc-default-executor-3] WARN  server.GrpcLogAppender (LogUtils.java:warn(122)) - omNode-2@group-523986131536->omNode-3-AppendLogResponseHandler: Failed appendEntries: org.apache.ratis.thirdparty.io.grpc.StatusRuntimeException: UNAVAILABLE: io exception
2021-01-12 10:39:44,981 [grpc-default-executor-3] WARN  server.GrpcLogAppender (GrpcLogAppender.java:resetClient(111)) - omNode-2@group-523986131536->omNode-3-GrpcLogAppender: Leader has not got in touch with Follower omNode-2@group-523986131536->omNode-3(c-1,m0,n99, attendVote=true, lastRpcSendTime=6, lastRpcResponseTime=16740) yet, just keep nextIndex unchanged and retry.
2021-01-12 10:39:45,000 [grpc-default-executor-2] WARN  server.GrpcLogAppender (LogUtils.java:warn(122)) - omNode-2@group-523986131536->omNode-3-AppendLogResponseHandler: Failed appendEntries: org.apache.ratis.thirdparty.io.grpc.StatusRuntimeException: UNAVAILABLE: io exception
2021-01-12 10:39:45,001 [grpc-default-executor-2] WARN  server.GrpcLogAppender (GrpcLogAppender.java:resetClient(111)) - omNode-2@group-523986131536->omNode-3-GrpcLogAppender: Leader has not got in touch with Follower omNode-2@group-523986131536->omNode-3(c-1,m0,n100, attendVote=true, lastRpcSendTime=19, lastRpcResponseTime=16760) yet, just keep nextIndex unchanged and retry.
2021-01-12 10:39:45,010 [omNode-2@group-523986131536-StateMachineUpdater] INFO  ratis.OzoneManagerStateMachine (OzoneManagerStateMachine.java:takeSnapshot(345)) - Current Snapshot Index (t:2, i:99)
2021-01-12 10:39:45,010 [omNode-2@group-523986131536-StateMachineUpdater] INFO  impl.StateMachineUpdater (StateMachineUpdater.java:takeSnapshot(279)) - omNode-2@group-523986131536-StateMachineUpdater: Took a snapshot at index 99
2021-01-12 10:39:45,011 [omNode-2@group-523986131536-StateMachineUpdater] INFO  impl.StateMachineUpdater (StateMachineUpdater.java:lambda$new$0(88)) - omNode-2@group-523986131536-StateMachineUpdater: snapshotIndex: updateIncreasingly 49 -> 99
2021-01-12 10:39:45,011 [omNode-2@group-523986131536-StateMachineUpdater] INFO  raftlog.RaftLog (RaftLogBase.java:purge(306)) - omNode-2@group-523986131536-SegmentedRaftLog: purge 99
2021-01-12 10:39:45,011 [omNode-2@group-523986131536-StateMachineUpdater] INFO  raftlog.RaftLog (RaftLogBase.java:lambda$new$0(53)) - omNode-2@group-523986131536-SegmentedRaftLog: snapshotIndex: updateIncreasingly 49 -> 99
2021-01-12 10:39:45,011 [omNode-2@group-523986131536-StateMachineUpdater] INFO  raftlog.RaftLog (RaftLogBase.java:lambda$new$0(53)) - omNode-2@group-523986131536-SegmentedRaftLog: purgeIndex: updateToMax old=49, new=99, updated? true
2021-01-12 10:39:45,013 [grpc-default-executor-2] WARN  server.GrpcLogAppender (LogUtils.java:warn(122)) - omNode-2@group-523986131536->omNode-3-AppendLogResponseHandler: Failed appendEntries: org.apache.ratis.thirdparty.io.grpc.StatusRuntimeException: UNAVAILABLE: io exception
2021-01-12 10:39:45,014 [grpc-default-executor-2] WARN  server.GrpcLogAppender (GrpcLogAppender.java:resetClient(111)) - omNode-2@group-523986131536->omNode-3-GrpcLogAppender: Leader has not got in touch with Follower omNode-2@group-523986131536->omNode-3(c-1,m0,n101, attendVote=true, lastRpcSendTime=12, lastRpcResponseTime=16774) yet, just keep nextIndex unchanged and retry.
2021-01-12 10:39:45,016 [omNode-1@group-523986131536-StateMachineUpdater] INFO  ratis.OzoneManagerStateMachine (OzoneManagerStateMachine.java:takeSnapshot(345)) - Current Snapshot Index (t:2, i:99)
2021-01-12 10:39:45,016 [omNode-1@group-523986131536-StateMachineUpdater] INFO  impl.StateMachineUpdater (StateMachineUpdater.java:takeSnapshot(279)) - omNode-1@group-523986131536-StateMachineUpdater: Took a snapshot at index 99
2021-01-12 10:39:45,016 [omNode-1@group-523986131536-StateMachineUpdater] INFO  impl.StateMachineUpdater (StateMachineUpdater.java:lambda$new$0(88)) - omNode-1@group-523986131536-StateMachineUpdater: snapshotIndex: updateIncreasingly 49 -> 99
2021-01-12 10:39:45,016 [omNode-1@group-523986131536-StateMachineUpdater] INFO  raftlog.RaftLog (RaftLogBase.java:purge(306)) - omNode-1@group-523986131536-SegmentedRaftLog: purge 99
2021-01-12 10:39:45,016 [omNode-1@group-523986131536-StateMachineUpdater] INFO  raftlog.RaftLog (RaftLogBase.java:lambda$new$0(53)) - omNode-1@group-523986131536-SegmentedRaftLog: snapshotIndex: updateIncreasingly 49 -> 99
2021-01-12 10:39:45,017 [omNode-1@group-523986131536-StateMachineUpdater] INFO  raftlog.RaftLog (RaftLogBase.java:lambda$new$0(53)) - omNode-1@group-523986131536-SegmentedRaftLog: purgeIndex: updateToMax old=49, new=99, updated? true
2021-01-12 10:39:45,114 [grpc-default-executor-2] WARN  server.GrpcLogAppender (LogUtils.java:warn(122)) - omNode-2@group-523986131536->omNode-3-AppendLogResponseHandler: Failed appendEntries: org.apache.ratis.thirdparty.io.grpc.StatusRuntimeException: UNAVAILABLE: io exception
2021-01-12 10:39:45,115 [grpc-default-executor-2] WARN  server.GrpcLogAppender (GrpcLogAppender.java:resetClient(111)) - omNode-2@group-523986131536->omNode-3-GrpcLogAppender: Leader has not got in touch with Follower omNode-2@group-523986131536->omNode-3(c-1,m0,n102, attendVote=true, lastRpcSendTime=0, lastRpcResponseTime=16874) yet, just keep nextIndex unchanged and retry.
2021-01-12 10:39:45,122 [grpc-default-executor-2] WARN  server.GrpcLogAppender (LogUtils.java:warn(122)) - omNode-2@group-523986131536->omNode-3-AppendLogResponseHandler: Failed appendEntries: org.apache.ratis.thirdparty.io.grpc.StatusRuntimeException: UNAVAILABLE: io exception
2021-01-12 10:39:45,123 [grpc-default-executor-2] WARN  server.GrpcLogAppender (GrpcLogAppender.java:resetClient(111)) - omNode-2@group-523986131536->omNode-3-GrpcLogAppender: Leader has not got in touch with Follower omNode-2@group-523986131536->omNode-3(c-1,m0,n103, attendVote=true, lastRpcSendTime=1, lastRpcResponseTime=16882) yet, just keep nextIndex unchanged and retry.
2021-01-12 10:39:45,143 [grpc-default-executor-2] WARN  server.GrpcLogAppender (LogUtils.java:warn(122)) - omNode-2@group-523986131536->omNode-3-AppendLogResponseHandler: Failed appendEntries: org.apache.ratis.thirdparty.io.grpc.StatusRuntimeException: UNAVAILABLE: io exception
2021-01-12 10:39:45,144 [grpc-default-executor-2] WARN  server.GrpcLogAppender (GrpcLogAppender.java:resetClient(111)) - omNode-2@group-523986131536->omNode-3-GrpcLogAppender: Leader has not got in touch with Follower omNode-2@group-523986131536->omNode-3(c-1,m0,n104, attendVote=true, lastRpcSendTime=0, lastRpcResponseTime=16903) yet, just keep nextIndex unchanged and retry.
2021-01-12 10:39:45,148 [grpc-default-executor-2] WARN  server.GrpcLogAppender (LogUtils.java:warn(122)) - omNode-2@group-523986131536->omNode-3-AppendLogResponseHandler: Failed appendEntries: org.apache.ratis.thirdparty.io.grpc.StatusRuntimeException: UNAVAILABLE: io exception
2021-01-12 10:39:45,148 [grpc-default-executor-2] WARN  server.GrpcLogAppender (GrpcLogAppender.java:resetClient(111)) - omNode-2@group-523986131536->omNode-3-GrpcLogAppender: Leader has not got in touch with Follower omNode-2@group-523986131536->omNode-3(c-1,m0,n105, attendVote=true, lastRpcSendTime=0, lastRpcResponseTime=16908) yet, just keep nextIndex unchanged and retry.
2021-01-12 10:39:45,257 [grpc-default-executor-2] WARN  server.GrpcLogAppender (LogUtils.java:warn(122)) - omNode-2@group-523986131536->omNode-3-AppendLogResponseHandler: Failed appendEntries: org.apache.ratis.thirdparty.io.grpc.StatusRuntimeException: UNAVAILABLE: io exception
2021-01-12 10:39:45,258 [grpc-default-executor-2] WARN  server.GrpcLogAppender (GrpcLogAppender.java:resetClient(111)) - omNode-2@group-523986131536->omNode-3-GrpcLogAppender: Leader has not got in touch with Follower omNode-2@group-523986131536->omNode-3(c-1,m0,n106, attendVote=true, lastRpcSendTime=3, lastRpcResponseTime=17017) yet, just keep nextIndex unchanged and retry.
2021-01-12 10:39:45,274 [grpc-default-executor-2] WARN  server.GrpcLogAppender (LogUtils.java:warn(122)) - omNode-2@group-523986131536->omNode-3-AppendLogResponseHandler: Failed appendEntries: org.apache.ratis.thirdparty.io.grpc.StatusRuntimeException: UNAVAILABLE: io exception
2021-01-12 10:39:45,274 [grpc-default-executor-2] WARN  server.GrpcLogAppender (GrpcLogAppender.java:resetClient(111)) - omNode-2@group-523986131536->omNode-3-GrpcLogAppender: Leader has not got in touch with Follower omNode-2@group-523986131536->omNode-3(c-1,m0,n107, attendVote=true, lastRpcSendTime=19, lastRpcResponseTime=17034) yet, just keep nextIndex unchanged and retry.
2021-01-12 10:39:45,287 [grpc-default-executor-2] WARN  server.GrpcLogAppender (LogUtils.java:warn(122)) - omNode-2@group-523986131536->omNode-3-AppendLogResponseHandler: Failed appendEntries: org.apache.ratis.thirdparty.io.grpc.StatusRuntimeException: UNAVAILABLE: io exception
2021-01-12 10:39:45,288 [grpc-default-executor-2] WARN  server.GrpcLogAppender (GrpcLogAppender.java:resetClient(111)) - omNode-2@group-523986131536->omNode-3-GrpcLogAppender: Leader has not got in touch with Follower omNode-2@group-523986131536->omNode-3(c-1,m0,n108, attendVote=true, lastRpcSendTime=0, lastRpcResponseTime=17047) yet, just keep nextIndex unchanged and retry.
2021-01-12 10:39:45,289 [grpc-default-executor-2] WARN  server.GrpcLogAppender (LogUtils.java:warn(122)) - omNode-2@group-523986131536->omNode-3-AppendLogResponseHandler: Failed appendEntries: org.apache.ratis.thirdparty.io.grpc.StatusRuntimeException: UNAVAILABLE: io exception
2021-01-12 10:39:45,289 [grpc-default-executor-2] WARN  server.GrpcLogAppender (GrpcLogAppender.java:resetClient(111)) - omNode-2@group-523986131536->omNode-3-GrpcLogAppender: Leader has not got in touch with Follower omNode-2@group-523986131536->omNode-3(c-1,m0,n109, attendVote=true, lastRpcSendTime=0, lastRpcResponseTime=17048) yet, just keep nextIndex unchanged and retry.
2021-01-12 10:39:45,395 [grpc-default-executor-2] WARN  server.GrpcLogAppender (LogUtils.java:warn(122)) - omNode-2@group-523986131536->omNode-3-AppendLogResponseHandler: Failed appendEntries: org.apache.ratis.thirdparty.io.grpc.StatusRuntimeException: UNAVAILABLE: io exception
2021-01-12 10:39:45,395 [grpc-default-executor-2] WARN  server.GrpcLogAppender (GrpcLogAppender.java:resetClient(111)) - omNode-2@group-523986131536->omNode-3-GrpcLogAppender: Leader has not got in touch with Follower omNode-2@group-523986131536->omNode-3(c-1,m0,n110, attendVote=true, lastRpcSendTime=0, lastRpcResponseTime=17154) yet, just keep nextIndex unchanged and retry.
2021-01-12 10:39:45,399 [grpc-default-executor-2] WARN  server.GrpcLogAppender (LogUtils.java:warn(122)) - omNode-2@group-523986131536->omNode-3-AppendLogResponseHandler: Failed appendEntries: org.apache.ratis.thirdparty.io.grpc.StatusRuntimeException: UNAVAILABLE: io exception
2021-01-12 10:39:45,400 [grpc-default-executor-2] WARN  server.GrpcLogAppender (GrpcLogAppender.java:resetClient(111)) - omNode-2@group-523986131536->omNode-3-GrpcLogAppender: Leader has not got in touch with Follower omNode-2@group-523986131536->omNode-3(c-1,m0,n111, attendVote=true, lastRpcSendTime=1, lastRpcResponseTime=17159) yet, just keep nextIndex unchanged and retry.
2021-01-12 10:39:45,419 [grpc-default-executor-1] WARN  server.GrpcLogAppender (LogUtils.java:warn(122)) - omNode-2@group-523986131536->omNode-3-AppendLogResponseHandler: Failed appendEntries: org.apache.ratis.thirdparty.io.grpc.StatusRuntimeException: UNAVAILABLE: io exception
2021-01-12 10:39:45,420 [grpc-default-executor-1] WARN  server.GrpcLogAppender (GrpcLogAppender.java:resetClient(111)) - omNode-2@group-523986131536->omNode-3-GrpcLogAppender: Leader has not got in touch with Follower omNode-2@group-523986131536->omNode-3(c-1,m0,n112, attendVote=true, lastRpcSendTime=0, lastRpcResponseTime=17179) yet, just keep nextIndex unchanged and retry.
2021-01-12 10:39:45,423 [grpc-default-executor-2] WARN  server.GrpcLogAppender (LogUtils.java:warn(122)) - omNode-2@group-523986131536->omNode-3-AppendLogResponseHandler: Failed appendEntries: org.apache.ratis.thirdparty.io.grpc.StatusRuntimeException: UNAVAILABLE: io exception
2021-01-12 10:39:45,424 [grpc-default-executor-2] WARN  server.GrpcLogAppender (GrpcLogAppender.java:resetClient(111)) - omNode-2@group-523986131536->omNode-3-GrpcLogAppender: Leader has not got in touch with Follower omNode-2@group-523986131536->omNode-3(c-1,m0,n113, attendVote=true, lastRpcSendTime=0, lastRpcResponseTime=17183) yet, just keep nextIndex unchanged and retry.
2021-01-12 10:39:45,527 [grpc-default-executor-2] WARN  server.GrpcLogAppender (LogUtils.java:warn(122)) - omNode-2@group-523986131536->omNode-3-AppendLogResponseHandler: Failed appendEntries: org.apache.ratis.thirdparty.io.grpc.StatusRuntimeException: UNAVAILABLE: io exception
2021-01-12 10:39:45,527 [grpc-default-executor-2] WARN  server.GrpcLogAppender (GrpcLogAppender.java:resetClient(111)) - omNode-2@group-523986131536->omNode-3-GrpcLogAppender: Leader has not got in touch with Follower omNode-2@group-523986131536->omNode-3(c-1,m0,n114, attendVote=true, lastRpcSendTime=0, lastRpcResponseTime=17287) yet, just keep nextIndex unchanged and retry.
2021-01-12 10:39:45,532 [grpc-default-executor-1] WARN  server.GrpcLogAppender (LogUtils.java:warn(122)) - omNode-2@group-523986131536->omNode-3-AppendLogResponseHandler: Failed appendEntries: org.apache.ratis.thirdparty.io.grpc.StatusRuntimeException: UNAVAILABLE: io exception
2021-01-12 10:39:45,532 [grpc-default-executor-1] WARN  server.GrpcLogAppender (GrpcLogAppender.java:resetClient(111)) - omNode-2@group-523986131536->omNode-3-GrpcLogAppender: Leader has not got in touch with Follower omNode-2@group-523986131536->omNode-3(c-1,m0,n115, attendVote=true, lastRpcSendTime=1, lastRpcResponseTime=17291) yet, just keep nextIndex unchanged and retry.
2021-01-12 10:39:45,552 [grpc-default-executor-1] WARN  server.GrpcLogAppender (LogUtils.java:warn(122)) - omNode-2@group-523986131536->omNode-3-AppendLogResponseHandler: Failed appendEntries: org.apache.ratis.thirdparty.io.grpc.StatusRuntimeException: UNAVAILABLE: io exception
2021-01-12 10:39:45,552 [grpc-default-executor-1] WARN  server.GrpcLogAppender (GrpcLogAppender.java:resetClient(111)) - omNode-2@group-523986131536->omNode-3-GrpcLogAppender: Leader has not got in touch with Follower omNode-2@group-523986131536->omNode-3(c-1,m0,n116, attendVote=true, lastRpcSendTime=0, lastRpcResponseTime=17312) yet, just keep nextIndex unchanged and retry.
2021-01-12 10:39:45,558 [grpc-default-executor-1] WARN  server.GrpcLogAppender (LogUtils.java:warn(122)) - omNode-2@group-523986131536->omNode-3-AppendLogResponseHandler: Failed appendEntries: org.apache.ratis.thirdparty.io.grpc.StatusRuntimeException: UNAVAILABLE: io exception
2021-01-12 10:39:45,559 [grpc-default-executor-1] WARN  server.GrpcLogAppender (GrpcLogAppender.java:resetClient(111)) - omNode-2@group-523986131536->omNode-3-GrpcLogAppender: Leader has not got in touch with Follower omNode-2@group-523986131536->omNode-3(c-1,m0,n117, attendVote=true, lastRpcSendTime=3, lastRpcResponseTime=17318) yet, just keep nextIndex unchanged and retry.
2021-01-12 10:39:45,662 [grpc-default-executor-1] WARN  server.GrpcLogAppender (LogUtils.java:warn(122)) - omNode-2@group-523986131536->omNode-3-AppendLogResponseHandler: Failed appendEntries: org.apache.ratis.thirdparty.io.grpc.StatusRuntimeException: UNAVAILABLE: io exception
2021-01-12 10:39:45,663 [grpc-default-executor-1] WARN  server.GrpcLogAppender (GrpcLogAppender.java:resetClient(111)) - omNode-2@group-523986131536->omNode-3-GrpcLogAppender: Leader has not got in touch with Follower omNode-2@group-523986131536->omNode-3(c-1,m0,n118, attendVote=true, lastRpcSendTime=107, lastRpcResponseTime=17422) yet, just keep nextIndex unchanged and retry.
2021-01-12 10:39:45,672 [grpc-default-executor-1] WARN  server.GrpcLogAppender (LogUtils.java:warn(122)) - omNode-2@group-523986131536->omNode-3-AppendLogResponseHandler: Failed appendEntries: org.apache.ratis.thirdparty.io.grpc.StatusRuntimeException: UNAVAILABLE: io exception
2021-01-12 10:39:45,673 [grpc-default-executor-1] WARN  server.GrpcLogAppender (GrpcLogAppender.java:resetClient(111)) - omNode-2@group-523986131536->omNode-3-GrpcLogAppender: Leader has not got in touch with Follower omNode-2@group-523986131536->omNode-3(c-1,m0,n119, attendVote=true, lastRpcSendTime=9, lastRpcResponseTime=17432) yet, just keep nextIndex unchanged and retry.
2021-01-12 10:39:45,686 [grpc-default-executor-2] WARN  server.GrpcLogAppender (LogUtils.java:warn(122)) - omNode-2@group-523986131536->omNode-3-AppendLogResponseHandler: Failed appendEntries: org.apache.ratis.thirdparty.io.grpc.StatusRuntimeException: UNAVAILABLE: io exception
2021-01-12 10:39:45,687 [grpc-default-executor-2] WARN  server.GrpcLogAppender (GrpcLogAppender.java:resetClient(111)) - omNode-2@group-523986131536->omNode-3-GrpcLogAppender: Leader has not got in touch with Follower omNode-2@group-523986131536->omNode-3(c-1,m0,n120, attendVote=true, lastRpcSendTime=0, lastRpcResponseTime=17446) yet, just keep nextIndex unchanged and retry.
2021-01-12 10:39:45,691 [grpc-default-executor-2] WARN  server.GrpcLogAppender (LogUtils.java:warn(122)) - omNode-2@group-523986131536->omNode-3-AppendLogResponseHandler: Failed appendEntries: org.apache.ratis.thirdparty.io.grpc.StatusRuntimeException: UNAVAILABLE: io exception
2021-01-12 10:39:45,691 [grpc-default-executor-2] WARN  server.GrpcLogAppender (GrpcLogAppender.java:resetClient(111)) - omNode-2@group-523986131536->omNode-3-GrpcLogAppender: Leader has not got in touch with Follower omNode-2@group-523986131536->omNode-3(c-1,m0,n121, attendVote=true, lastRpcSendTime=5, lastRpcResponseTime=17451) yet, just keep nextIndex unchanged and retry.
2021-01-12 10:39:45,796 [grpc-default-executor-2] WARN  server.GrpcLogAppender (LogUtils.java:warn(122)) - omNode-2@group-523986131536->omNode-3-AppendLogResponseHandler: Failed appendEntries: org.apache.ratis.thirdparty.io.grpc.StatusRuntimeException: UNAVAILABLE: io exception
2021-01-12 10:39:45,797 [grpc-default-executor-2] WARN  server.GrpcLogAppender (GrpcLogAppender.java:resetClient(111)) - omNode-2@group-523986131536->omNode-3-GrpcLogAppender: Leader has not got in touch with Follower omNode-2@group-523986131536->omNode-3(c-1,m0,n122, attendVote=true, lastRpcSendTime=0, lastRpcResponseTime=17556) yet, just keep nextIndex unchanged and retry.
2021-01-12 10:39:45,802 [grpc-default-executor-2] WARN  server.GrpcLogAppender (LogUtils.java:warn(122)) - omNode-2@group-523986131536->omNode-3-AppendLogResponseHandler: Failed appendEntries: org.apache.ratis.thirdparty.io.grpc.StatusRuntimeException: UNAVAILABLE: io exception
2021-01-12 10:39:45,803 [grpc-default-executor-2] WARN  server.GrpcLogAppender (GrpcLogAppender.java:resetClient(111)) - omNode-2@group-523986131536->omNode-3-GrpcLogAppender: Leader has not got in touch with Follower omNode-2@group-523986131536->omNode-3(c-1,m0,n123, attendVote=true, lastRpcSendTime=1, lastRpcResponseTime=17562) yet, just keep nextIndex unchanged and retry.
2021-01-12 10:39:45,819 [grpc-default-executor-2] WARN  server.GrpcLogAppender (LogUtils.java:warn(122)) - omNode-2@group-523986131536->omNode-3-AppendLogResponseHandler: Failed appendEntries: org.apache.ratis.thirdparty.io.grpc.StatusRuntimeException: UNAVAILABLE: io exception
2021-01-12 10:39:45,819 [grpc-default-executor-2] WARN  server.GrpcLogAppender (GrpcLogAppender.java:resetClient(111)) - omNode-2@group-523986131536->omNode-3-GrpcLogAppender: Leader has not got in touch with Follower omNode-2@group-523986131536->omNode-3(c-1,m0,n124, attendVote=true, lastRpcSendTime=0, lastRpcResponseTime=17579) yet, just keep nextIndex unchanged and retry.
2021-01-12 10:39:45,830 [grpc-default-executor-2] WARN  server.GrpcLogAppender (LogUtils.java:warn(122)) - omNode-2@group-523986131536->omNode-3-AppendLogResponseHandler: Failed appendEntries: org.apache.ratis.thirdparty.io.grpc.StatusRuntimeException: UNAVAILABLE: io exception
2021-01-12 10:39:45,831 [grpc-default-executor-2] WARN  server.GrpcLogAppender (GrpcLogAppender.java:resetClient(111)) - omNode-2@group-523986131536->omNode-3-GrpcLogAppender: Leader has not got in touch with Follower omNode-2@group-523986131536->omNode-3(c-1,m0,n125, attendVote=true, lastRpcSendTime=0, lastRpcResponseTime=17590) yet, just keep nextIndex unchanged and retry.
2021-01-12 10:39:45,935 [grpc-default-executor-2] WARN  server.GrpcLogAppender (LogUtils.java:warn(122)) - omNode-2@group-523986131536->omNode-3-AppendLogResponseHandler: Failed appendEntries: org.apache.ratis.thirdparty.io.grpc.StatusRuntimeException: UNAVAILABLE: io exception
2021-01-12 10:39:45,936 [grpc-default-executor-2] WARN  server.GrpcLogAppender (GrpcLogAppender.java:resetClient(111)) - omNode-2@group-523986131536->omNode-3-GrpcLogAppender: Leader has not got in touch with Follower omNode-2@group-523986131536->omNode-3(c-1,m0,n126, attendVote=true, lastRpcSendTime=106, lastRpcResponseTime=17695) yet, just keep nextIndex unchanged and retry.
2021-01-12 10:39:45,944 [grpc-default-executor-1] WARN  server.GrpcLogAppender (LogUtils.java:warn(122)) - omNode-2@group-523986131536->omNode-3-AppendLogResponseHandler: Failed appendEntries: org.apache.ratis.thirdparty.io.grpc.StatusRuntimeException: UNAVAILABLE: io exception
2021-01-12 10:39:45,945 [grpc-default-executor-1] WARN  server.GrpcLogAppender (GrpcLogAppender.java:resetClient(111)) - omNode-2@group-523986131536->omNode-3-GrpcLogAppender: Leader has not got in touch with Follower omNode-2@group-523986131536->omNode-3(c-1,m0,n127, attendVote=true, lastRpcSendTime=0, lastRpcResponseTime=17704) yet, just keep nextIndex unchanged and retry.
2021-01-12 10:39:45,955 [grpc-default-executor-2] WARN  server.GrpcLogAppender (LogUtils.java:warn(122)) - omNode-2@group-523986131536->omNode-3-AppendLogResponseHandler: Failed appendEntries: org.apache.ratis.thirdparty.io.grpc.StatusRuntimeException: UNAVAILABLE: io exception
2021-01-12 10:39:45,956 [grpc-default-executor-2] WARN  server.GrpcLogAppender (GrpcLogAppender.java:resetClient(111)) - omNode-2@group-523986131536->omNode-3-GrpcLogAppender: Leader has not got in touch with Follower omNode-2@group-523986131536->omNode-3(c-1,m0,n128, attendVote=true, lastRpcSendTime=11, lastRpcResponseTime=17715) yet, just keep nextIndex unchanged and retry.
2021-01-12 10:39:45,963 [grpc-default-executor-2] WARN  server.GrpcLogAppender (LogUtils.java:warn(122)) - omNode-2@group-523986131536->omNode-3-AppendLogResponseHandler: Failed appendEntries: org.apache.ratis.thirdparty.io.grpc.StatusRuntimeException: UNAVAILABLE: io exception
2021-01-12 10:39:45,963 [grpc-default-executor-2] WARN  server.GrpcLogAppender (GrpcLogAppender.java:resetClient(111)) - omNode-2@group-523986131536->omNode-3-GrpcLogAppender: Leader has not got in touch with Follower omNode-2@group-523986131536->omNode-3(c-1,m0,n129, attendVote=true, lastRpcSendTime=0, lastRpcResponseTime=17723) yet, just keep nextIndex unchanged and retry.
2021-01-12 10:39:46,066 [grpc-default-executor-2] WARN  server.GrpcLogAppender (LogUtils.java:warn(122)) - omNode-2@group-523986131536->omNode-3-AppendLogResponseHandler: Failed appendEntries: org.apache.ratis.thirdparty.io.grpc.StatusRuntimeException: UNAVAILABLE: io exception
2021-01-12 10:39:46,067 [grpc-default-executor-2] WARN  server.GrpcLogAppender (GrpcLogAppender.java:resetClient(111)) - omNode-2@group-523986131536->omNode-3-GrpcLogAppender: Leader has not got in touch with Follower omNode-2@group-523986131536->omNode-3(c-1,m0,n130, attendVote=true, lastRpcSendTime=0, lastRpcResponseTime=17826) yet, just keep nextIndex unchanged and retry.
2021-01-12 10:39:46,071 [grpc-default-executor-2] WARN  server.GrpcLogAppender (LogUtils.java:warn(122)) - omNode-2@group-523986131536->omNode-3-AppendLogResponseHandler: Failed appendEntries: org.apache.ratis.thirdparty.io.grpc.StatusRuntimeException: UNAVAILABLE: io exception
2021-01-12 10:39:46,071 [grpc-default-executor-2] WARN  server.GrpcLogAppender (GrpcLogAppender.java:resetClient(111)) - omNode-2@group-523986131536->omNode-3-GrpcLogAppender: Leader has not got in touch with Follower omNode-2@group-523986131536->omNode-3(c-1,m0,n131, attendVote=true, lastRpcSendTime=1, lastRpcResponseTime=17830) yet, just keep nextIndex unchanged and retry.
2021-01-12 10:39:46,095 [grpc-default-executor-2] WARN  server.GrpcLogAppender (LogUtils.java:warn(122)) - omNode-2@group-523986131536->omNode-3-AppendLogResponseHandler: Failed appendEntries: org.apache.ratis.thirdparty.io.grpc.StatusRuntimeException: UNAVAILABLE: io exception
2021-01-12 10:39:46,096 [grpc-default-executor-2] WARN  server.GrpcLogAppender (GrpcLogAppender.java:resetClient(111)) - omNode-2@group-523986131536->omNode-3-GrpcLogAppender: Leader has not got in touch with Follower omNode-2@group-523986131536->omNode-3(c-1,m0,n132, attendVote=true, lastRpcSendTime=26, lastRpcResponseTime=17855) yet, just keep nextIndex unchanged and retry.
2021-01-12 10:39:46,100 [grpc-default-executor-2] WARN  server.GrpcLogAppender (LogUtils.java:warn(122)) - omNode-2@group-523986131536->omNode-3-AppendLogResponseHandler: Failed appendEntries: org.apache.ratis.thirdparty.io.grpc.StatusRuntimeException: UNAVAILABLE: io exception
2021-01-12 10:39:46,101 [grpc-default-executor-2] WARN  server.GrpcLogAppender (GrpcLogAppender.java:resetClient(111)) - omNode-2@group-523986131536->omNode-3-GrpcLogAppender: Leader has not got in touch with Follower omNode-2@group-523986131536->omNode-3(c-1,m0,n133, attendVote=true, lastRpcSendTime=4, lastRpcResponseTime=17860) yet, just keep nextIndex unchanged and retry.
2021-01-12 10:39:46,207 [grpc-default-executor-2] WARN  server.GrpcLogAppender (LogUtils.java:warn(122)) - omNode-2@group-523986131536->omNode-3-AppendLogResponseHandler: Failed appendEntries: org.apache.ratis.thirdparty.io.grpc.StatusRuntimeException: UNAVAILABLE: io exception
2021-01-12 10:39:46,207 [grpc-default-executor-2] WARN  server.GrpcLogAppender (GrpcLogAppender.java:resetClient(111)) - omNode-2@group-523986131536->omNode-3-GrpcLogAppender: Leader has not got in touch with Follower omNode-2@group-523986131536->omNode-3(c-1,m0,n134, attendVote=true, lastRpcSendTime=0, lastRpcResponseTime=17967) yet, just keep nextIndex unchanged and retry.
2021-01-12 10:39:46,209 [grpc-nio-worker-ELG-3-1] WARN  nio.NioEventLoop (NioEventLoop.java:unexpectedSelectorWakeup(554)) - Selector.select() returned prematurely 512 times in a row; rebuilding Selector org.apache.ratis.thirdparty.io.netty.channel.nio.SelectedSelectionKeySetSelector@629352de.
2021-01-12 10:39:46,209 [grpc-nio-worker-ELG-3-1] INFO  nio.NioEventLoop (NioEventLoop.java:rebuildSelector0(430)) - Migrated 9 channel(s) to the new Selector.
2021-01-12 10:39:46,216 [grpc-default-executor-2] WARN  server.GrpcLogAppender (LogUtils.java:warn(122)) - omNode-2@group-523986131536->omNode-3-AppendLogResponseHandler: Failed appendEntries: org.apache.ratis.thirdparty.io.grpc.StatusRuntimeException: UNAVAILABLE: io exception
2021-01-12 10:39:46,217 [grpc-default-executor-2] WARN  server.GrpcLogAppender (GrpcLogAppender.java:resetClient(111)) - omNode-2@group-523986131536->omNode-3-GrpcLogAppender: Leader has not got in touch with Follower omNode-2@group-523986131536->omNode-3(c-1,m0,n135, attendVote=true, lastRpcSendTime=10, lastRpcResponseTime=17976) yet, just keep nextIndex unchanged and retry.
2021-01-12 10:39:46,245 [grpc-default-executor-2] WARN  server.GrpcLogAppender (LogUtils.java:warn(122)) - omNode-2@group-523986131536->omNode-3-AppendLogResponseHandler: Failed appendEntries: org.apache.ratis.thirdparty.io.grpc.StatusRuntimeException: UNAVAILABLE: io exception
2021-01-12 10:39:46,246 [grpc-default-executor-2] WARN  server.GrpcLogAppender (GrpcLogAppender.java:resetClient(111)) - omNode-2@group-523986131536->omNode-3-GrpcLogAppender: Leader has not got in touch with Follower omNode-2@group-523986131536->omNode-3(c-1,m0,n136, attendVote=true, lastRpcSendTime=28, lastRpcResponseTime=18005) yet, just keep nextIndex unchanged and retry.
2021-01-12 10:39:46,250 [grpc-default-executor-1] WARN  server.GrpcLogAppender (LogUtils.java:warn(122)) - omNode-2@group-523986131536->omNode-3-AppendLogResponseHandler: Failed appendEntries: org.apache.ratis.thirdparty.io.grpc.StatusRuntimeException: UNAVAILABLE: io exception
2021-01-12 10:39:46,250 [grpc-default-executor-1] WARN  server.GrpcLogAppender (GrpcLogAppender.java:resetClient(111)) - omNode-2@group-523986131536->omNode-3-GrpcLogAppender: Leader has not got in touch with Follower omNode-2@group-523986131536->omNode-3(c-1,m0,n137, attendVote=true, lastRpcSendTime=1, lastRpcResponseTime=18010) yet, just keep nextIndex unchanged and retry.
2021-01-12 10:39:46,357 [grpc-default-executor-1] WARN  server.GrpcLogAppender (LogUtils.java:warn(122)) - omNode-2@group-523986131536->omNode-3-AppendLogResponseHandler: Failed appendEntries: org.apache.ratis.thirdparty.io.grpc.StatusRuntimeException: UNAVAILABLE: io exception
2021-01-12 10:39:46,358 [grpc-default-executor-1] WARN  server.GrpcLogAppender (GrpcLogAppender.java:resetClient(111)) - omNode-2@group-523986131536->omNode-3-GrpcLogAppender: Leader has not got in touch with Follower omNode-2@group-523986131536->omNode-3(c-1,m0,n138, attendVote=true, lastRpcSendTime=3, lastRpcResponseTime=18117) yet, just keep nextIndex unchanged and retry.
2021-01-12 10:39:46,371 [grpc-default-executor-1] WARN  server.GrpcLogAppender (LogUtils.java:warn(122)) - omNode-2@group-523986131536->omNode-3-AppendLogResponseHandler: Failed appendEntries: org.apache.ratis.thirdparty.io.grpc.StatusRuntimeException: UNAVAILABLE: io exception
2021-01-12 10:39:46,371 [grpc-default-executor-1] WARN  server.GrpcLogAppender (GrpcLogAppender.java:resetClient(111)) - omNode-2@group-523986131536->omNode-3-GrpcLogAppender: Leader has not got in touch with Follower omNode-2@group-523986131536->omNode-3(c-1,m0,n139, attendVote=true, lastRpcSendTime=0, lastRpcResponseTime=18130) yet, just keep nextIndex unchanged and retry.
2021-01-12 10:39:46,383 [grpc-default-executor-2] WARN  server.GrpcLogAppender (LogUtils.java:warn(122)) - omNode-2@group-523986131536->omNode-3-AppendLogResponseHandler: Failed appendEntries: org.apache.ratis.thirdparty.io.grpc.StatusRuntimeException: UNAVAILABLE: io exception
2021-01-12 10:39:46,383 [grpc-default-executor-2] WARN  server.GrpcLogAppender (GrpcLogAppender.java:resetClient(111)) - omNode-2@group-523986131536->omNode-3-GrpcLogAppender: Leader has not got in touch with Follower omNode-2@group-523986131536->omNode-3(c-1,m0,n140, attendVote=true, lastRpcSendTime=0, lastRpcResponseTime=18143) yet, just keep nextIndex unchanged and retry.
2021-01-12 10:39:46,392 [grpc-default-executor-2] WARN  server.GrpcLogAppender (LogUtils.java:warn(122)) - omNode-2@group-523986131536->omNode-3-AppendLogResponseHandler: Failed appendEntries: org.apache.ratis.thirdparty.io.grpc.StatusRuntimeException: UNAVAILABLE: io exception
2021-01-12 10:39:46,393 [grpc-default-executor-2] WARN  server.GrpcLogAppender (GrpcLogAppender.java:resetClient(111)) - omNode-2@group-523986131536->omNode-3-GrpcLogAppender: Leader has not got in touch with Follower omNode-2@group-523986131536->omNode-3(c-1,m0,n141, attendVote=true, lastRpcSendTime=0, lastRpcResponseTime=18152) yet, just keep nextIndex unchanged and retry.
2021-01-12 10:39:46,498 [grpc-default-executor-2] WARN  server.GrpcLogAppender (LogUtils.java:warn(122)) - omNode-2@group-523986131536->omNode-3-AppendLogResponseHandler: Failed appendEntries: org.apache.ratis.thirdparty.io.grpc.StatusRuntimeException: UNAVAILABLE: io exception
2021-01-12 10:39:46,499 [grpc-default-executor-2] WARN  server.GrpcLogAppender (GrpcLogAppender.java:resetClient(111)) - omNode-2@group-523986131536->omNode-3-GrpcLogAppender: Leader has not got in touch with Follower omNode-2@group-523986131536->omNode-3(c-1,m0,n142, attendVote=true, lastRpcSendTime=1, lastRpcResponseTime=18258) yet, just keep nextIndex unchanged and retry.
2021-01-12 10:39:46,503 [grpc-default-executor-2] WARN  server.GrpcLogAppender (LogUtils.java:warn(122)) - omNode-2@group-523986131536->omNode-3-AppendLogResponseHandler: Failed appendEntries: org.apache.ratis.thirdparty.io.grpc.StatusRuntimeException: UNAVAILABLE: io exception
2021-01-12 10:39:46,504 [grpc-default-executor-2] WARN  server.GrpcLogAppender (GrpcLogAppender.java:resetClient(111)) - omNode-2@group-523986131536->omNode-3-GrpcLogAppender: Leader has not got in touch with Follower omNode-2@group-523986131536->omNode-3(c-1,m0,n143, attendVote=true, lastRpcSendTime=7, lastRpcResponseTime=18263) yet, just keep nextIndex unchanged and retry.
2021-01-12 10:39:46,519 [grpc-default-executor-2] WARN  server.GrpcLogAppender (LogUtils.java:warn(122)) - omNode-2@group-523986131536->omNode-3-AppendLogResponseHandler: Failed appendEntries: org.apache.ratis.thirdparty.io.grpc.StatusRuntimeException: UNAVAILABLE: io exception
2021-01-12 10:39:46,520 [grpc-default-executor-2] WARN  server.GrpcLogAppender (GrpcLogAppender.java:resetClient(111)) - omNode-2@group-523986131536->omNode-3-GrpcLogAppender: Leader has not got in touch with Follower omNode-2@group-523986131536->omNode-3(c-1,m0,n144, attendVote=true, lastRpcSendTime=14, lastRpcResponseTime=18279) yet, just keep nextIndex unchanged and retry.
2021-01-12 10:39:46,523 [grpc-default-executor-1] WARN  server.GrpcLogAppender (LogUtils.java:warn(122)) - omNode-2@group-523986131536->omNode-3-AppendLogResponseHandler: Failed appendEntries: org.apache.ratis.thirdparty.io.grpc.StatusRuntimeException: UNAVAILABLE: io exception
2021-01-12 10:39:46,524 [grpc-default-executor-1] WARN  server.GrpcLogAppender (GrpcLogAppender.java:resetClient(111)) - omNode-2@group-523986131536->omNode-3-GrpcLogAppender: Leader has not got in touch with Follower omNode-2@group-523986131536->omNode-3(c-1,m0,n145, attendVote=true, lastRpcSendTime=0, lastRpcResponseTime=18283) yet, just keep nextIndex unchanged and retry.
2021-01-12 10:39:46,628 [grpc-default-executor-1] WARN  server.GrpcLogAppender (LogUtils.java:warn(122)) - omNode-2@group-523986131536->omNode-3-AppendLogResponseHandler: Failed appendEntries: org.apache.ratis.thirdparty.io.grpc.StatusRuntimeException: UNAVAILABLE: io exception
2021-01-12 10:39:46,628 [grpc-default-executor-1] WARN  server.GrpcLogAppender (GrpcLogAppender.java:resetClient(111)) - omNode-2@group-523986131536->omNode-3-GrpcLogAppender: Leader has not got in touch with Follower omNode-2@group-523986131536->omNode-3(c-1,m0,n146, attendVote=true, lastRpcSendTime=0, lastRpcResponseTime=18388) yet, just keep nextIndex unchanged and retry.
2021-01-12 10:39:46,638 [grpc-default-executor-1] WARN  server.GrpcLogAppender (LogUtils.java:warn(122)) - omNode-2@group-523986131536->omNode-3-AppendLogResponseHandler: Failed appendEntries: org.apache.ratis.thirdparty.io.grpc.StatusRuntimeException: UNAVAILABLE: io exception
2021-01-12 10:39:46,640 [grpc-default-executor-1] WARN  server.GrpcLogAppender (GrpcLogAppender.java:resetClient(111)) - omNode-2@group-523986131536->omNode-3-GrpcLogAppender: Leader has not got in touch with Follower omNode-2@group-523986131536->omNode-3(c-1,m0,n147, attendVote=true, lastRpcSendTime=0, lastRpcResponseTime=18399) yet, just keep nextIndex unchanged and retry.
2021-01-12 10:39:46,651 [grpc-default-executor-1] WARN  server.GrpcLogAppender (LogUtils.java:warn(122)) - omNode-2@group-523986131536->omNode-3-AppendLogResponseHandler: Failed appendEntries: org.apache.ratis.thirdparty.io.grpc.StatusRuntimeException: UNAVAILABLE: io exception
2021-01-12 10:39:46,652 [grpc-default-executor-1] WARN  server.GrpcLogAppender (GrpcLogAppender.java:resetClient(111)) - omNode-2@group-523986131536->omNode-3-GrpcLogAppender: Leader has not got in touch with Follower omNode-2@group-523986131536->omNode-3(c-1,m0,n148, attendVote=true, lastRpcSendTime=12, lastRpcResponseTime=18411) yet, just keep nextIndex unchanged and retry.
2021-01-12 10:39:46,654 [grpc-default-executor-2] WARN  server.GrpcLogAppender (LogUtils.java:warn(122)) - omNode-2@group-523986131536->omNode-3-AppendLogResponseHandler: Failed appendEntries: org.apache.ratis.thirdparty.io.grpc.StatusRuntimeException: UNAVAILABLE: io exception
2021-01-12 10:39:46,654 [grpc-default-executor-2] WARN  server.GrpcLogAppender (GrpcLogAppender.java:resetClient(111)) - omNode-2@group-523986131536->omNode-3-GrpcLogAppender: Leader has not got in touch with Follower omNode-2@group-523986131536->omNode-3(c-1,m0,n149, attendVote=true, lastRpcSendTime=0, lastRpcResponseTime=18414) yet, just keep nextIndex unchanged and retry.
2021-01-12 10:39:46,761 [grpc-default-executor-2] WARN  server.GrpcLogAppender (LogUtils.java:warn(122)) - omNode-2@group-523986131536->omNode-3-AppendLogResponseHandler: Failed appendEntries: org.apache.ratis.thirdparty.io.grpc.StatusRuntimeException: UNAVAILABLE: io exception
2021-01-12 10:39:46,762 [grpc-default-executor-2] WARN  server.GrpcLogAppender (GrpcLogAppender.java:resetClient(111)) - omNode-2@group-523986131536->omNode-3-GrpcLogAppender: Leader has not got in touch with Follower omNode-2@group-523986131536->omNode-3(c-1,m0,n150, attendVote=true, lastRpcSendTime=0, lastRpcResponseTime=18521) yet, just keep nextIndex unchanged and retry.
2021-01-12 10:39:46,766 [omNode-2@group-523986131536-StateMachineUpdater] INFO  ratis.OzoneManagerStateMachine (OzoneManagerStateMachine.java:takeSnapshot(345)) - Current Snapshot Index (t:2, i:149)
2021-01-12 10:39:46,766 [omNode-2@group-523986131536-StateMachineUpdater] INFO  impl.StateMachineUpdater (StateMachineUpdater.java:takeSnapshot(279)) - omNode-2@group-523986131536-StateMachineUpdater: Took a snapshot at index 149
2021-01-12 10:39:46,766 [omNode-2@group-523986131536-StateMachineUpdater] INFO  impl.StateMachineUpdater (StateMachineUpdater.java:lambda$new$0(88)) - omNode-2@group-523986131536-StateMachineUpdater: snapshotIndex: updateIncreasingly 99 -> 149
2021-01-12 10:39:46,766 [omNode-2@group-523986131536-StateMachineUpdater] INFO  raftlog.RaftLog (RaftLogBase.java:purge(306)) - omNode-2@group-523986131536-SegmentedRaftLog: purge 149
2021-01-12 10:39:46,766 [omNode-2@group-523986131536-StateMachineUpdater] INFO  raftlog.RaftLog (RaftLogBase.java:lambda$new$0(53)) - omNode-2@group-523986131536-SegmentedRaftLog: snapshotIndex: updateIncreasingly 99 -> 149
2021-01-12 10:39:46,766 [omNode-2@group-523986131536-StateMachineUpdater] INFO  raftlog.RaftLog (RaftLogBase.java:lambda$new$0(53)) - omNode-2@group-523986131536-SegmentedRaftLog: purgeIndex: updateToMax old=99, new=149, updated? true
2021-01-12 10:39:46,766 [grpc-default-executor-2] WARN  server.GrpcLogAppender (LogUtils.java:warn(122)) - omNode-2@group-523986131536->omNode-3-AppendLogResponseHandler: Failed appendEntries: org.apache.ratis.thirdparty.io.grpc.StatusRuntimeException: UNAVAILABLE: io exception
2021-01-12 10:39:46,766 [grpc-default-executor-2] WARN  server.GrpcLogAppender (GrpcLogAppender.java:resetClient(111)) - omNode-2@group-523986131536->omNode-3-GrpcLogAppender: Leader has not got in touch with Follower omNode-2@group-523986131536->omNode-3(c-1,m0,n151, attendVote=true, lastRpcSendTime=1, lastRpcResponseTime=18526) yet, just keep nextIndex unchanged and retry.
2021-01-12 10:39:46,771 [omNode-1@group-523986131536-StateMachineUpdater] INFO  ratis.OzoneManagerStateMachine (OzoneManagerStateMachine.java:takeSnapshot(345)) - Current Snapshot Index (t:2, i:149)
2021-01-12 10:39:46,771 [omNode-1@group-523986131536-StateMachineUpdater] INFO  impl.StateMachineUpdater (StateMachineUpdater.java:takeSnapshot(279)) - omNode-1@group-523986131536-StateMachineUpdater: Took a snapshot at index 149
2021-01-12 10:39:46,771 [omNode-1@group-523986131536-StateMachineUpdater] INFO  impl.StateMachineUpdater (StateMachineUpdater.java:lambda$new$0(88)) - omNode-1@group-523986131536-StateMachineUpdater: snapshotIndex: updateIncreasingly 99 -> 149
2021-01-12 10:39:46,771 [omNode-1@group-523986131536-StateMachineUpdater] INFO  raftlog.RaftLog (RaftLogBase.java:purge(306)) - omNode-1@group-523986131536-SegmentedRaftLog: purge 149
2021-01-12 10:39:46,771 [omNode-1@group-523986131536-StateMachineUpdater] INFO  raftlog.RaftLog (RaftLogBase.java:lambda$new$0(53)) - omNode-1@group-523986131536-SegmentedRaftLog: snapshotIndex: updateIncreasingly 99 -> 149
2021-01-12 10:39:46,771 [omNode-1@group-523986131536-StateMachineUpdater] INFO  raftlog.RaftLog (RaftLogBase.java:lambda$new$0(53)) - omNode-1@group-523986131536-SegmentedRaftLog: purgeIndex: updateToMax old=99, new=149, updated? true
2021-01-12 10:39:46,784 [grpc-default-executor-2] WARN  server.GrpcLogAppender (LogUtils.java:warn(122)) - omNode-2@group-523986131536->omNode-3-AppendLogResponseHandler: Failed appendEntries: org.apache.ratis.thirdparty.io.grpc.StatusRuntimeException: UNAVAILABLE: io exception
2021-01-12 10:39:46,784 [grpc-default-executor-2] WARN  server.GrpcLogAppender (GrpcLogAppender.java:resetClient(111)) - omNode-2@group-523986131536->omNode-3-GrpcLogAppender: Leader has not got in touch with Follower omNode-2@group-523986131536->omNode-3(c-1,m0,n152, attendVote=true, lastRpcSendTime=0, lastRpcResponseTime=18543) yet, just keep nextIndex unchanged and retry.
2021-01-12 10:39:46,787 [grpc-default-executor-1] WARN  server.GrpcLogAppender (LogUtils.java:warn(122)) - omNode-2@group-523986131536->omNode-3-AppendLogResponseHandler: Failed appendEntries: org.apache.ratis.thirdparty.io.grpc.StatusRuntimeException: UNAVAILABLE: io exception
2021-01-12 10:39:46,788 [grpc-default-executor-1] WARN  server.GrpcLogAppender (GrpcLogAppender.java:resetClient(111)) - omNode-2@group-523986131536->omNode-3-GrpcLogAppender: Leader has not got in touch with Follower omNode-2@group-523986131536->omNode-3(c-1,m0,n153, attendVote=true, lastRpcSendTime=0, lastRpcResponseTime=18547) yet, just keep nextIndex unchanged and retry.
2021-01-12 10:39:46,892 [grpc-default-executor-2] WARN  server.GrpcLogAppender (LogUtils.java:warn(122)) - omNode-2@group-523986131536->omNode-3-AppendLogResponseHandler: Failed appendEntries: org.apache.ratis.thirdparty.io.grpc.StatusRuntimeException: UNAVAILABLE: io exception
2021-01-12 10:39:46,893 [grpc-default-executor-2] WARN  server.GrpcLogAppender (GrpcLogAppender.java:resetClient(111)) - omNode-2@group-523986131536->omNode-3-GrpcLogAppender: Leader has not got in touch with Follower omNode-2@group-523986131536->omNode-3(c-1,m0,n154, attendVote=true, lastRpcSendTime=105, lastRpcResponseTime=18652) yet, just keep nextIndex unchanged and retry.
2021-01-12 10:39:46,898 [grpc-default-executor-2] WARN  server.GrpcLogAppender (LogUtils.java:warn(122)) - omNode-2@group-523986131536->omNode-3-AppendLogResponseHandler: Failed appendEntries: org.apache.ratis.thirdparty.io.grpc.StatusRuntimeException: UNAVAILABLE: io exception
2021-01-12 10:39:46,899 [grpc-default-executor-2] WARN  server.GrpcLogAppender (GrpcLogAppender.java:resetClient(111)) - omNode-2@group-523986131536->omNode-3-GrpcLogAppender: Leader has not got in touch with Follower omNode-2@group-523986131536->omNode-3(c-1,m0,n155, attendVote=true, lastRpcSendTime=1, lastRpcResponseTime=18658) yet, just keep nextIndex unchanged and retry.
2021-01-12 10:39:46,920 [grpc-default-executor-2] WARN  server.GrpcLogAppender (LogUtils.java:warn(122)) - omNode-2@group-523986131536->omNode-3-AppendLogResponseHandler: Failed appendEntries: org.apache.ratis.thirdparty.io.grpc.StatusRuntimeException: UNAVAILABLE: io exception
2021-01-12 10:39:46,921 [grpc-default-executor-2] WARN  server.GrpcLogAppender (GrpcLogAppender.java:resetClient(111)) - omNode-2@group-523986131536->omNode-3-GrpcLogAppender: Leader has not got in touch with Follower omNode-2@group-523986131536->omNode-3(c-1,m0,n156, attendVote=true, lastRpcSendTime=23, lastRpcResponseTime=18680) yet, just keep nextIndex unchanged and retry.
2021-01-12 10:39:46,926 [grpc-default-executor-2] WARN  server.GrpcLogAppender (LogUtils.java:warn(122)) - omNode-2@group-523986131536->omNode-3-AppendLogResponseHandler: Failed appendEntries: org.apache.ratis.thirdparty.io.grpc.StatusRuntimeException: UNAVAILABLE: io exception
2021-01-12 10:39:46,927 [grpc-default-executor-2] WARN  server.GrpcLogAppender (GrpcLogAppender.java:resetClient(111)) - omNode-2@group-523986131536->omNode-3-GrpcLogAppender: Leader has not got in touch with Follower omNode-2@group-523986131536->omNode-3(c-1,m0,n157, attendVote=true, lastRpcSendTime=4, lastRpcResponseTime=18686) yet, just keep nextIndex unchanged and retry.
2021-01-12 10:39:47,032 [grpc-default-executor-2] WARN  server.GrpcLogAppender (LogUtils.java:warn(122)) - omNode-2@group-523986131536->omNode-3-AppendLogResponseHandler: Failed appendEntries: org.apache.ratis.thirdparty.io.grpc.StatusRuntimeException: UNAVAILABLE: io exception
2021-01-12 10:39:47,033 [grpc-default-executor-2] WARN  server.GrpcLogAppender (GrpcLogAppender.java:resetClient(111)) - omNode-2@group-523986131536->omNode-3-GrpcLogAppender: Leader has not got in touch with Follower omNode-2@group-523986131536->omNode-3(c-1,m0,n158, attendVote=true, lastRpcSendTime=105, lastRpcResponseTime=18792) yet, just keep nextIndex unchanged and retry.
2021-01-12 10:39:47,038 [grpc-default-executor-2] WARN  server.GrpcLogAppender (LogUtils.java:warn(122)) - omNode-2@group-523986131536->omNode-3-AppendLogResponseHandler: Failed appendEntries: org.apache.ratis.thirdparty.io.grpc.StatusRuntimeException: UNAVAILABLE: io exception
2021-01-12 10:39:47,038 [grpc-default-executor-2] WARN  server.GrpcLogAppender (GrpcLogAppender.java:resetClient(111)) - omNode-2@group-523986131536->omNode-3-GrpcLogAppender: Leader has not got in touch with Follower omNode-2@group-523986131536->omNode-3(c-1,m0,n159, attendVote=true, lastRpcSendTime=4, lastRpcResponseTime=18798) yet, just keep nextIndex unchanged and retry.
2021-01-12 10:39:47,052 [grpc-default-executor-3] WARN  server.GrpcLogAppender (LogUtils.java:warn(122)) - omNode-2@group-523986131536->omNode-3-AppendLogResponseHandler: Failed appendEntries: org.apache.ratis.thirdparty.io.grpc.StatusRuntimeException: UNAVAILABLE: io exception
2021-01-12 10:39:47,052 [grpc-default-executor-3] WARN  server.GrpcLogAppender (GrpcLogAppender.java:resetClient(111)) - omNode-2@group-523986131536->omNode-3-GrpcLogAppender: Leader has not got in touch with Follower omNode-2@group-523986131536->omNode-3(c-1,m0,n160, attendVote=true, lastRpcSendTime=0, lastRpcResponseTime=18812) yet, just keep nextIndex unchanged and retry.
2021-01-12 10:39:47,056 [grpc-default-executor-3] WARN  server.GrpcLogAppender (LogUtils.java:warn(122)) - omNode-2@group-523986131536->omNode-3-AppendLogResponseHandler: Failed appendEntries: org.apache.ratis.thirdparty.io.grpc.StatusRuntimeException: UNAVAILABLE: io exception
2021-01-12 10:39:47,057 [grpc-default-executor-3] WARN  server.GrpcLogAppender (GrpcLogAppender.java:resetClient(111)) - omNode-2@group-523986131536->omNode-3-GrpcLogAppender: Leader has not got in touch with Follower omNode-2@group-523986131536->omNode-3(c-1,m0,n161, attendVote=true, lastRpcSendTime=1, lastRpcResponseTime=18816) yet, just keep nextIndex unchanged and retry.
2021-01-12 10:39:47,161 [grpc-default-executor-3] WARN  server.GrpcLogAppender (LogUtils.java:warn(122)) - omNode-2@group-523986131536->omNode-3-AppendLogResponseHandler: Failed appendEntries: org.apache.ratis.thirdparty.io.grpc.StatusRuntimeException: UNAVAILABLE: io exception
2021-01-12 10:39:47,162 [grpc-default-executor-3] WARN  server.GrpcLogAppender (GrpcLogAppender.java:resetClient(111)) - omNode-2@group-523986131536->omNode-3-GrpcLogAppender: Leader has not got in touch with Follower omNode-2@group-523986131536->omNode-3(c-1,m0,n162, attendVote=true, lastRpcSendTime=0, lastRpcResponseTime=18921) yet, just keep nextIndex unchanged and retry.
2021-01-12 10:39:47,166 [grpc-default-executor-3] WARN  server.GrpcLogAppender (LogUtils.java:warn(122)) - omNode-2@group-523986131536->omNode-3-AppendLogResponseHandler: Failed appendEntries: org.apache.ratis.thirdparty.io.grpc.StatusRuntimeException: UNAVAILABLE: io exception
2021-01-12 10:39:47,167 [grpc-default-executor-3] WARN  server.GrpcLogAppender (GrpcLogAppender.java:resetClient(111)) - omNode-2@group-523986131536->omNode-3-GrpcLogAppender: Leader has not got in touch with Follower omNode-2@group-523986131536->omNode-3(c-1,m0,n163, attendVote=true, lastRpcSendTime=5, lastRpcResponseTime=18926) yet, just keep nextIndex unchanged and retry.
2021-01-12 10:39:47,177 [grpc-default-executor-3] WARN  server.GrpcLogAppender (LogUtils.java:warn(122)) - omNode-2@group-523986131536->omNode-3-AppendLogResponseHandler: Failed appendEntries: org.apache.ratis.thirdparty.io.grpc.StatusRuntimeException: UNAVAILABLE: io exception
2021-01-12 10:39:47,178 [grpc-default-executor-3] WARN  server.GrpcLogAppender (GrpcLogAppender.java:resetClient(111)) - omNode-2@group-523986131536->omNode-3-GrpcLogAppender: Leader has not got in touch with Follower omNode-2@group-523986131536->omNode-3(c-1,m0,n164, attendVote=true, lastRpcSendTime=7, lastRpcResponseTime=18937) yet, just keep nextIndex unchanged and retry.
2021-01-12 10:39:47,181 [grpc-default-executor-3] WARN  server.GrpcLogAppender (LogUtils.java:warn(122)) - omNode-2@group-523986131536->omNode-3-AppendLogResponseHandler: Failed appendEntries: org.apache.ratis.thirdparty.io.grpc.StatusRuntimeException: UNAVAILABLE: io exception
2021-01-12 10:39:47,181 [grpc-default-executor-3] WARN  server.GrpcLogAppender (GrpcLogAppender.java:resetClient(111)) - omNode-2@group-523986131536->omNode-3-GrpcLogAppender: Leader has not got in touch with Follower omNode-2@group-523986131536->omNode-3(c-1,m0,n165, attendVote=true, lastRpcSendTime=0, lastRpcResponseTime=18941) yet, just keep nextIndex unchanged and retry.
2021-01-12 10:39:47,293 [grpc-default-executor-3] WARN  server.GrpcLogAppender (LogUtils.java:warn(122)) - omNode-2@group-523986131536->omNode-3-AppendLogResponseHandler: Failed appendEntries: org.apache.ratis.thirdparty.io.grpc.StatusRuntimeException: UNAVAILABLE: io exception
2021-01-12 10:39:47,298 [grpc-default-executor-3] WARN  server.GrpcLogAppender (GrpcLogAppender.java:resetClient(111)) - omNode-2@group-523986131536->omNode-3-GrpcLogAppender: Leader has not got in touch with Follower omNode-2@group-523986131536->omNode-3(c-1,m0,n166, attendVote=true, lastRpcSendTime=4, lastRpcResponseTime=19057) yet, just keep nextIndex unchanged and retry.
2021-01-12 10:39:47,303 [grpc-default-executor-2] WARN  server.GrpcLogAppender (LogUtils.java:warn(122)) - omNode-2@group-523986131536->omNode-3-AppendLogResponseHandler: Failed appendEntries: org.apache.ratis.thirdparty.io.grpc.StatusRuntimeException: UNAVAILABLE: io exception
2021-01-12 10:39:47,304 [grpc-default-executor-2] WARN  server.GrpcLogAppender (GrpcLogAppender.java:resetClient(111)) - omNode-2@group-523986131536->omNode-3-GrpcLogAppender: Leader has not got in touch with Follower omNode-2@group-523986131536->omNode-3(c-1,m0,n167, attendVote=true, lastRpcSendTime=10, lastRpcResponseTime=19063) yet, just keep nextIndex unchanged and retry.
2021-01-12 10:39:47,314 [grpc-default-executor-2] WARN  server.GrpcLogAppender (LogUtils.java:warn(122)) - omNode-2@group-523986131536->omNode-3-AppendLogResponseHandler: Failed appendEntries: org.apache.ratis.thirdparty.io.grpc.StatusRuntimeException: UNAVAILABLE: io exception
2021-01-12 10:39:47,315 [grpc-default-executor-2] WARN  server.GrpcLogAppender (GrpcLogAppender.java:resetClient(111)) - omNode-2@group-523986131536->omNode-3-GrpcLogAppender: Leader has not got in touch with Follower omNode-2@group-523986131536->omNode-3(c-1,m0,n168, attendVote=true, lastRpcSendTime=10, lastRpcResponseTime=19074) yet, just keep nextIndex unchanged and retry.
2021-01-12 10:39:47,321 [grpc-default-executor-2] WARN  server.GrpcLogAppender (LogUtils.java:warn(122)) - omNode-2@group-523986131536->omNode-3-AppendLogResponseHandler: Failed appendEntries: org.apache.ratis.thirdparty.io.grpc.StatusRuntimeException: UNAVAILABLE: io exception
2021-01-12 10:39:47,321 [grpc-default-executor-2] WARN  server.GrpcLogAppender (GrpcLogAppender.java:resetClient(111)) - omNode-2@group-523986131536->omNode-3-GrpcLogAppender: Leader has not got in touch with Follower omNode-2@group-523986131536->omNode-3(c-1,m0,n169, attendVote=true, lastRpcSendTime=5, lastRpcResponseTime=19080) yet, just keep nextIndex unchanged and retry.
2021-01-12 10:39:47,424 [grpc-default-executor-2] WARN  server.GrpcLogAppender (LogUtils.java:warn(122)) - omNode-2@group-523986131536->omNode-3-AppendLogResponseHandler: Failed appendEntries: org.apache.ratis.thirdparty.io.grpc.StatusRuntimeException: UNAVAILABLE: io exception
2021-01-12 10:39:47,425 [grpc-default-executor-2] WARN  server.GrpcLogAppender (GrpcLogAppender.java:resetClient(111)) - omNode-2@group-523986131536->omNode-3-GrpcLogAppender: Leader has not got in touch with Follower omNode-2@group-523986131536->omNode-3(c-1,m0,n170, attendVote=true, lastRpcSendTime=0, lastRpcResponseTime=19184) yet, just keep nextIndex unchanged and retry.
2021-01-12 10:39:47,432 [grpc-default-executor-2] WARN  server.GrpcLogAppender (LogUtils.java:warn(122)) - omNode-2@group-523986131536->omNode-3-AppendLogResponseHandler: Failed appendEntries: org.apache.ratis.thirdparty.io.grpc.StatusRuntimeException: UNAVAILABLE: io exception
2021-01-12 10:39:47,432 [grpc-default-executor-2] WARN  server.GrpcLogAppender (GrpcLogAppender.java:resetClient(111)) - omNode-2@group-523986131536->omNode-3-GrpcLogAppender: Leader has not got in touch with Follower omNode-2@group-523986131536->omNode-3(c-1,m0,n171, attendVote=true, lastRpcSendTime=1, lastRpcResponseTime=19192) yet, just keep nextIndex unchanged and retry.
2021-01-12 10:39:47,455 [grpc-default-executor-2] WARN  server.GrpcLogAppender (LogUtils.java:warn(122)) - omNode-2@group-523986131536->omNode-3-AppendLogResponseHandler: Failed appendEntries: org.apache.ratis.thirdparty.io.grpc.StatusRuntimeException: UNAVAILABLE: io exception
2021-01-12 10:39:47,456 [grpc-default-executor-2] WARN  server.GrpcLogAppender (GrpcLogAppender.java:resetClient(111)) - omNode-2@group-523986131536->omNode-3-GrpcLogAppender: Leader has not got in touch with Follower omNode-2@group-523986131536->omNode-3(c-1,m0,n172, attendVote=true, lastRpcSendTime=0, lastRpcResponseTime=19215) yet, just keep nextIndex unchanged and retry.
2021-01-12 10:39:47,464 [grpc-default-executor-3] WARN  server.GrpcLogAppender (LogUtils.java:warn(122)) - omNode-2@group-523986131536->omNode-3-AppendLogResponseHandler: Failed appendEntries: org.apache.ratis.thirdparty.io.grpc.StatusRuntimeException: UNAVAILABLE: io exception
2021-01-12 10:39:47,465 [grpc-default-executor-3] WARN  server.GrpcLogAppender (GrpcLogAppender.java:resetClient(111)) - omNode-2@group-523986131536->omNode-3-GrpcLogAppender: Leader has not got in touch with Follower omNode-2@group-523986131536->omNode-3(c-1,m0,n173, attendVote=true, lastRpcSendTime=0, lastRpcResponseTime=19224) yet, just keep nextIndex unchanged and retry.
2021-01-12 10:39:47,575 [grpc-default-executor-3] WARN  server.GrpcLogAppender (LogUtils.java:warn(122)) - omNode-2@group-523986131536->omNode-3-AppendLogResponseHandler: Failed appendEntries: org.apache.ratis.thirdparty.io.grpc.StatusRuntimeException: UNAVAILABLE: io exception
2021-01-12 10:39:47,575 [grpc-default-executor-3] WARN  server.GrpcLogAppender (GrpcLogAppender.java:resetClient(111)) - omNode-2@group-523986131536->omNode-3-GrpcLogAppender: Leader has not got in touch with Follower omNode-2@group-523986131536->omNode-3(c-1,m0,n174, attendVote=true, lastRpcSendTime=111, lastRpcResponseTime=19335) yet, just keep nextIndex unchanged and retry.
2021-01-12 10:39:47,579 [grpc-default-executor-2] WARN  server.GrpcLogAppender (LogUtils.java:warn(122)) - omNode-2@group-523986131536->omNode-3-AppendLogResponseHandler: Failed appendEntries: org.apache.ratis.thirdparty.io.grpc.StatusRuntimeException: UNAVAILABLE: io exception
2021-01-12 10:39:47,579 [grpc-default-executor-2] WARN  server.GrpcLogAppender (GrpcLogAppender.java:resetClient(111)) - omNode-2@group-523986131536->omNode-3-GrpcLogAppender: Leader has not got in touch with Follower omNode-2@group-523986131536->omNode-3(c-1,m0,n175, attendVote=true, lastRpcSendTime=2, lastRpcResponseTime=19338) yet, just keep nextIndex unchanged and retry.
2021-01-12 10:39:47,594 [grpc-default-executor-2] WARN  server.GrpcLogAppender (LogUtils.java:warn(122)) - omNode-2@group-523986131536->omNode-3-AppendLogResponseHandler: Failed appendEntries: org.apache.ratis.thirdparty.io.grpc.StatusRuntimeException: UNAVAILABLE: io exception
2021-01-12 10:39:47,595 [grpc-default-executor-2] WARN  server.GrpcLogAppender (GrpcLogAppender.java:resetClient(111)) - omNode-2@group-523986131536->omNode-3-GrpcLogAppender: Leader has not got in touch with Follower omNode-2@group-523986131536->omNode-3(c-1,m0,n176, attendVote=true, lastRpcSendTime=15, lastRpcResponseTime=19354) yet, just keep nextIndex unchanged and retry.
2021-01-12 10:39:47,602 [grpc-default-executor-2] WARN  server.GrpcLogAppender (LogUtils.java:warn(122)) - omNode-2@group-523986131536->omNode-3-AppendLogResponseHandler: Failed appendEntries: org.apache.ratis.thirdparty.io.grpc.StatusRuntimeException: UNAVAILABLE: io exception
2021-01-12 10:39:47,602 [grpc-default-executor-2] WARN  server.GrpcLogAppender (GrpcLogAppender.java:resetClient(111)) - omNode-2@group-523986131536->omNode-3-GrpcLogAppender: Leader has not got in touch with Follower omNode-2@group-523986131536->omNode-3(c-1,m0,n177, attendVote=true, lastRpcSendTime=7, lastRpcResponseTime=19361) yet, just keep nextIndex unchanged and retry.
2021-01-12 10:39:47,707 [grpc-default-executor-2] WARN  server.GrpcLogAppender (LogUtils.java:warn(122)) - omNode-2@group-523986131536->omNode-3-AppendLogResponseHandler: Failed appendEntries: org.apache.ratis.thirdparty.io.grpc.StatusRuntimeException: UNAVAILABLE: io exception
2021-01-12 10:39:47,708 [grpc-default-executor-2] WARN  server.GrpcLogAppender (GrpcLogAppender.java:resetClient(111)) - omNode-2@group-523986131536->omNode-3-GrpcLogAppender: Leader has not got in touch with Follower omNode-2@group-523986131536->omNode-3(c-1,m0,n178, attendVote=true, lastRpcSendTime=0, lastRpcResponseTime=19467) yet, just keep nextIndex unchanged and retry.
2021-01-12 10:39:47,719 [grpc-default-executor-2] WARN  server.GrpcLogAppender (LogUtils.java:warn(122)) - omNode-2@group-523986131536->omNode-3-AppendLogResponseHandler: Failed appendEntries: org.apache.ratis.thirdparty.io.grpc.StatusRuntimeException: UNAVAILABLE: io exception
2021-01-12 10:39:47,720 [grpc-default-executor-2] WARN  server.GrpcLogAppender (GrpcLogAppender.java:resetClient(111)) - omNode-2@group-523986131536->omNode-3-GrpcLogAppender: Leader has not got in touch with Follower omNode-2@group-523986131536->omNode-3(c-1,m0,n179, attendVote=true, lastRpcSendTime=0, lastRpcResponseTime=19479) yet, just keep nextIndex unchanged and retry.
2021-01-12 10:39:47,729 [grpc-default-executor-2] WARN  server.GrpcLogAppender (LogUtils.java:warn(122)) - omNode-2@group-523986131536->omNode-3-AppendLogResponseHandler: Failed appendEntries: org.apache.ratis.thirdparty.io.grpc.StatusRuntimeException: UNAVAILABLE: io exception
2021-01-12 10:39:47,729 [grpc-default-executor-2] WARN  server.GrpcLogAppender (GrpcLogAppender.java:resetClient(111)) - omNode-2@group-523986131536->omNode-3-GrpcLogAppender: Leader has not got in touch with Follower omNode-2@group-523986131536->omNode-3(c-1,m0,n180, attendVote=true, lastRpcSendTime=1, lastRpcResponseTime=19489) yet, just keep nextIndex unchanged and retry.
2021-01-12 10:39:47,736 [grpc-default-executor-2] WARN  server.GrpcLogAppender (LogUtils.java:warn(122)) - omNode-2@group-523986131536->omNode-3-AppendLogResponseHandler: Failed appendEntries: org.apache.ratis.thirdparty.io.grpc.StatusRuntimeException: UNAVAILABLE: io exception
2021-01-12 10:39:47,736 [grpc-default-executor-2] WARN  server.GrpcLogAppender (GrpcLogAppender.java:resetClient(111)) - omNode-2@group-523986131536->omNode-3-GrpcLogAppender: Leader has not got in touch with Follower omNode-2@group-523986131536->omNode-3(c-1,m0,n181, attendVote=true, lastRpcSendTime=1, lastRpcResponseTime=19496) yet, just keep nextIndex unchanged and retry.
2021-01-12 10:39:47,845 [grpc-default-executor-2] WARN  server.GrpcLogAppender (LogUtils.java:warn(122)) - omNode-2@group-523986131536->omNode-3-AppendLogResponseHandler: Failed appendEntries: org.apache.ratis.thirdparty.io.grpc.StatusRuntimeException: UNAVAILABLE: io exception
2021-01-12 10:39:47,846 [grpc-default-executor-2] WARN  server.GrpcLogAppender (GrpcLogAppender.java:resetClient(111)) - omNode-2@group-523986131536->omNode-3-GrpcLogAppender: Leader has not got in touch with Follower omNode-2@group-523986131536->omNode-3(c-1,m0,n182, attendVote=true, lastRpcSendTime=0, lastRpcResponseTime=19605) yet, just keep nextIndex unchanged and retry.
2021-01-12 10:39:47,851 [grpc-default-executor-3] WARN  server.GrpcLogAppender (LogUtils.java:warn(122)) - omNode-2@group-523986131536->omNode-3-AppendLogResponseHandler: Failed appendEntries: org.apache.ratis.thirdparty.io.grpc.StatusRuntimeException: UNAVAILABLE: io exception
2021-01-12 10:39:47,852 [grpc-default-executor-3] WARN  server.GrpcLogAppender (GrpcLogAppender.java:resetClient(111)) - omNode-2@group-523986131536->omNode-3-GrpcLogAppender: Leader has not got in touch with Follower omNode-2@group-523986131536->omNode-3(c-1,m0,n183, attendVote=true, lastRpcSendTime=6, lastRpcResponseTime=19611) yet, just keep nextIndex unchanged and retry.
2021-01-12 10:39:47,865 [grpc-default-executor-2] WARN  server.GrpcLogAppender (LogUtils.java:warn(122)) - omNode-2@group-523986131536->omNode-3-AppendLogResponseHandler: Failed appendEntries: org.apache.ratis.thirdparty.io.grpc.StatusRuntimeException: UNAVAILABLE: io exception
2021-01-12 10:39:47,865 [grpc-default-executor-2] WARN  server.GrpcLogAppender (GrpcLogAppender.java:resetClient(111)) - omNode-2@group-523986131536->omNode-3-GrpcLogAppender: Leader has not got in touch with Follower omNode-2@group-523986131536->omNode-3(c-1,m0,n184, attendVote=true, lastRpcSendTime=0, lastRpcResponseTime=19624) yet, just keep nextIndex unchanged and retry.
2021-01-12 10:39:47,868 [grpc-default-executor-1] WARN  server.GrpcLogAppender (LogUtils.java:warn(122)) - omNode-2@group-523986131536->omNode-3-AppendLogResponseHandler: Failed appendEntries: org.apache.ratis.thirdparty.io.grpc.StatusRuntimeException: UNAVAILABLE: io exception
2021-01-12 10:39:47,869 [grpc-default-executor-1] WARN  server.GrpcLogAppender (GrpcLogAppender.java:resetClient(111)) - omNode-2@group-523986131536->omNode-3-GrpcLogAppender: Leader has not got in touch with Follower omNode-2@group-523986131536->omNode-3(c-1,m0,n185, attendVote=true, lastRpcSendTime=4, lastRpcResponseTime=19628) yet, just keep nextIndex unchanged and retry.
2021-01-12 10:39:47,975 [grpc-default-executor-3] WARN  server.GrpcLogAppender (LogUtils.java:warn(122)) - omNode-2@group-523986131536->omNode-3-AppendLogResponseHandler: Failed appendEntries: org.apache.ratis.thirdparty.io.grpc.StatusRuntimeException: UNAVAILABLE: io exception
2021-01-12 10:39:47,975 [grpc-default-executor-3] WARN  server.GrpcLogAppender (GrpcLogAppender.java:resetClient(111)) - omNode-2@group-523986131536->omNode-3-GrpcLogAppender: Leader has not got in touch with Follower omNode-2@group-523986131536->omNode-3(c-1,m0,n186, attendVote=true, lastRpcSendTime=0, lastRpcResponseTime=19734) yet, just keep nextIndex unchanged and retry.
2021-01-12 10:39:47,978 [grpc-default-executor-3] WARN  server.GrpcLogAppender (LogUtils.java:warn(122)) - omNode-2@group-523986131536->omNode-3-AppendLogResponseHandler: Failed appendEntries: org.apache.ratis.thirdparty.io.grpc.StatusRuntimeException: UNAVAILABLE: io exception
2021-01-12 10:39:47,978 [grpc-default-executor-3] WARN  server.GrpcLogAppender (GrpcLogAppender.java:resetClient(111)) - omNode-2@group-523986131536->omNode-3-GrpcLogAppender: Leader has not got in touch with Follower omNode-2@group-523986131536->omNode-3(c-1,m0,n187, attendVote=true, lastRpcSendTime=0, lastRpcResponseTime=19737) yet, just keep nextIndex unchanged and retry.
2021-01-12 10:39:47,987 [grpc-default-executor-3] WARN  server.GrpcLogAppender (LogUtils.java:warn(122)) - omNode-2@group-523986131536->omNode-3-AppendLogResponseHandler: Failed appendEntries: org.apache.ratis.thirdparty.io.grpc.StatusRuntimeException: UNAVAILABLE: io exception
2021-01-12 10:39:47,987 [grpc-default-executor-3] WARN  server.GrpcLogAppender (GrpcLogAppender.java:resetClient(111)) - omNode-2@group-523986131536->omNode-3-GrpcLogAppender: Leader has not got in touch with Follower omNode-2@group-523986131536->omNode-3(c-1,m0,n188, attendVote=true, lastRpcSendTime=0, lastRpcResponseTime=19746) yet, just keep nextIndex unchanged and retry.
2021-01-12 10:39:47,991 [grpc-default-executor-3] WARN  server.GrpcLogAppender (LogUtils.java:warn(122)) - omNode-2@group-523986131536->omNode-3-AppendLogResponseHandler: Failed appendEntries: org.apache.ratis.thirdparty.io.grpc.StatusRuntimeException: UNAVAILABLE: io exception
2021-01-12 10:39:47,992 [grpc-default-executor-3] WARN  server.GrpcLogAppender (GrpcLogAppender.java:resetClient(111)) - omNode-2@group-523986131536->omNode-3-GrpcLogAppender: Leader has not got in touch with Follower omNode-2@group-523986131536->omNode-3(c-1,m0,n189, attendVote=true, lastRpcSendTime=0, lastRpcResponseTime=19751) yet, just keep nextIndex unchanged and retry.
2021-01-12 10:39:48,096 [grpc-default-executor-3] WARN  server.GrpcLogAppender (LogUtils.java:warn(122)) - omNode-2@group-523986131536->omNode-3-AppendLogResponseHandler: Failed appendEntries: org.apache.ratis.thirdparty.io.grpc.StatusRuntimeException: UNAVAILABLE: io exception
2021-01-12 10:39:48,097 [grpc-default-executor-3] WARN  server.GrpcLogAppender (GrpcLogAppender.java:resetClient(111)) - omNode-2@group-523986131536->omNode-3-GrpcLogAppender: Leader has not got in touch with Follower omNode-2@group-523986131536->omNode-3(c-1,m0,n190, attendVote=true, lastRpcSendTime=0, lastRpcResponseTime=19856) yet, just keep nextIndex unchanged and retry.
2021-01-12 10:39:48,103 [grpc-default-executor-3] WARN  server.GrpcLogAppender (LogUtils.java:warn(122)) - omNode-2@group-523986131536->omNode-3-AppendLogResponseHandler: Failed appendEntries: org.apache.ratis.thirdparty.io.grpc.StatusRuntimeException: UNAVAILABLE: io exception
2021-01-12 10:39:48,103 [grpc-default-executor-3] WARN  server.GrpcLogAppender (GrpcLogAppender.java:resetClient(111)) - omNode-2@group-523986131536->omNode-3-GrpcLogAppender: Leader has not got in touch with Follower omNode-2@group-523986131536->omNode-3(c-1,m0,n191, attendVote=true, lastRpcSendTime=0, lastRpcResponseTime=19863) yet, just keep nextIndex unchanged and retry.
2021-01-12 10:39:48,114 [grpc-default-executor-3] WARN  server.GrpcLogAppender (LogUtils.java:warn(122)) - omNode-2@group-523986131536->omNode-3-AppendLogResponseHandler: Failed appendEntries: org.apache.ratis.thirdparty.io.grpc.StatusRuntimeException: UNAVAILABLE: io exception
2021-01-12 10:39:48,114 [grpc-default-executor-3] WARN  server.GrpcLogAppender (GrpcLogAppender.java:resetClient(111)) - omNode-2@group-523986131536->omNode-3-GrpcLogAppender: Leader has not got in touch with Follower omNode-2@group-523986131536->omNode-3(c-1,m0,n192, attendVote=true, lastRpcSendTime=0, lastRpcResponseTime=19874) yet, just keep nextIndex unchanged and retry.
2021-01-12 10:39:48,118 [grpc-default-executor-3] WARN  server.GrpcLogAppender (LogUtils.java:warn(122)) - omNode-2@group-523986131536->omNode-3-AppendLogResponseHandler: Failed appendEntries: org.apache.ratis.thirdparty.io.grpc.StatusRuntimeException: UNAVAILABLE: io exception
2021-01-12 10:39:48,119 [grpc-default-executor-3] WARN  server.GrpcLogAppender (GrpcLogAppender.java:resetClient(111)) - omNode-2@group-523986131536->omNode-3-GrpcLogAppender: Leader has not got in touch with Follower omNode-2@group-523986131536->omNode-3(c-1,m0,n193, attendVote=true, lastRpcSendTime=0, lastRpcResponseTime=19878) yet, just keep nextIndex unchanged and retry.
2021-01-12 10:39:48,224 [grpc-default-executor-1] WARN  server.GrpcLogAppender (LogUtils.java:warn(122)) - omNode-2@group-523986131536->omNode-3-AppendLogResponseHandler: Failed appendEntries: org.apache.ratis.thirdparty.io.grpc.StatusRuntimeException: UNAVAILABLE: io exception
2021-01-12 10:39:48,225 [grpc-default-executor-1] WARN  server.GrpcLogAppender (GrpcLogAppender.java:resetClient(111)) - omNode-2@group-523986131536->omNode-3-GrpcLogAppender: Leader has not got in touch with Follower omNode-2@group-523986131536->omNode-3(c-1,m0,n194, attendVote=true, lastRpcSendTime=0, lastRpcResponseTime=19984) yet, just keep nextIndex unchanged and retry.
2021-01-12 10:39:48,227 [grpc-default-executor-1] WARN  server.GrpcLogAppender (LogUtils.java:warn(122)) - omNode-2@group-523986131536->omNode-3-AppendLogResponseHandler: Failed appendEntries: org.apache.ratis.thirdparty.io.grpc.StatusRuntimeException: UNAVAILABLE: io exception
2021-01-12 10:39:48,228 [grpc-default-executor-1] WARN  server.GrpcLogAppender (GrpcLogAppender.java:resetClient(111)) - omNode-2@group-523986131536->omNode-3-GrpcLogAppender: Leader has not got in touch with Follower omNode-2@group-523986131536->omNode-3(c-1,m0,n195, attendVote=true, lastRpcSendTime=3, lastRpcResponseTime=19987) yet, just keep nextIndex unchanged and retry.
2021-01-12 10:39:48,252 [grpc-default-executor-1] WARN  server.GrpcLogAppender (LogUtils.java:warn(122)) - omNode-2@group-523986131536->omNode-3-AppendLogResponseHandler: Failed appendEntries: org.apache.ratis.thirdparty.io.grpc.StatusRuntimeException: UNAVAILABLE: io exception
2021-01-12 10:39:48,252 [grpc-default-executor-1] WARN  server.GrpcLogAppender (GrpcLogAppender.java:resetClient(111)) - omNode-2@group-523986131536->omNode-3-GrpcLogAppender: Leader has not got in touch with Follower omNode-2@group-523986131536->omNode-3(c-1,m0,n196, attendVote=true, lastRpcSendTime=3, lastRpcResponseTime=20011) yet, just keep nextIndex unchanged and retry.
2021-01-12 10:39:48,255 [grpc-default-executor-1] WARN  server.GrpcLogAppender (LogUtils.java:warn(122)) - omNode-2@group-523986131536->omNode-3-AppendLogResponseHandler: Failed appendEntries: org.apache.ratis.thirdparty.io.grpc.StatusRuntimeException: UNAVAILABLE: io exception
2021-01-12 10:39:48,255 [grpc-default-executor-1] WARN  server.GrpcLogAppender (GrpcLogAppender.java:resetClient(111)) - omNode-2@group-523986131536->omNode-3-GrpcLogAppender: Leader has not got in touch with Follower omNode-2@group-523986131536->omNode-3(c-1,m0,n197, attendVote=true, lastRpcSendTime=0, lastRpcResponseTime=20015) yet, just keep nextIndex unchanged and retry.
2021-01-12 10:39:48,360 [grpc-default-executor-1] WARN  server.GrpcLogAppender (LogUtils.java:warn(122)) - omNode-2@group-523986131536->omNode-3-AppendLogResponseHandler: Failed appendEntries: org.apache.ratis.thirdparty.io.grpc.StatusRuntimeException: UNAVAILABLE: io exception
2021-01-12 10:39:48,361 [grpc-default-executor-1] WARN  server.GrpcLogAppender (GrpcLogAppender.java:resetClient(111)) - omNode-2@group-523986131536->omNode-3-GrpcLogAppender: Leader has not got in touch with Follower omNode-2@group-523986131536->omNode-3(c-1,m0,n198, attendVote=true, lastRpcSendTime=0, lastRpcResponseTime=20120) yet, just keep nextIndex unchanged and retry.
2021-01-12 10:39:48,365 [grpc-default-executor-1] WARN  server.GrpcLogAppender (LogUtils.java:warn(122)) - omNode-2@group-523986131536->omNode-3-AppendLogResponseHandler: Failed appendEntries: org.apache.ratis.thirdparty.io.grpc.StatusRuntimeException: UNAVAILABLE: io exception
2021-01-12 10:39:48,366 [grpc-default-executor-1] WARN  server.GrpcLogAppender (GrpcLogAppender.java:resetClient(111)) - omNode-2@group-523986131536->omNode-3-GrpcLogAppender: Leader has not got in touch with Follower omNode-2@group-523986131536->omNode-3(c-1,m0,n199, attendVote=true, lastRpcSendTime=1, lastRpcResponseTime=20125) yet, just keep nextIndex unchanged and retry.
2021-01-12 10:39:48,380 [grpc-default-executor-3] WARN  server.GrpcLogAppender (LogUtils.java:warn(122)) - omNode-2@group-523986131536->omNode-3-AppendLogResponseHandler: Failed appendEntries: org.apache.ratis.thirdparty.io.grpc.StatusRuntimeException: UNAVAILABLE: io exception
2021-01-12 10:39:48,381 [grpc-default-executor-3] WARN  server.GrpcLogAppender (GrpcLogAppender.java:resetClient(111)) - omNode-2@group-523986131536->omNode-3-GrpcLogAppender: Leader has not got in touch with Follower omNode-2@group-523986131536->omNode-3(c-1,m0,n200, attendVote=true, lastRpcSendTime=0, lastRpcResponseTime=20140) yet, just keep nextIndex unchanged and retry.
2021-01-12 10:39:48,383 [omNode-2@group-523986131536-StateMachineUpdater] INFO  ratis.OzoneManagerStateMachine (OzoneManagerStateMachine.java:takeSnapshot(345)) - Current Snapshot Index (t:2, i:199)
2021-01-12 10:39:48,383 [omNode-2@group-523986131536-StateMachineUpdater] INFO  impl.StateMachineUpdater (StateMachineUpdater.java:takeSnapshot(279)) - omNode-2@group-523986131536-StateMachineUpdater: Took a snapshot at index 199
2021-01-12 10:39:48,383 [omNode-2@group-523986131536-StateMachineUpdater] INFO  impl.StateMachineUpdater (StateMachineUpdater.java:lambda$new$0(88)) - omNode-2@group-523986131536-StateMachineUpdater: snapshotIndex: updateIncreasingly 149 -> 199
2021-01-12 10:39:48,384 [omNode-2@group-523986131536-StateMachineUpdater] INFO  raftlog.RaftLog (RaftLogBase.java:purge(306)) - omNode-2@group-523986131536-SegmentedRaftLog: purge 199
2021-01-12 10:39:48,384 [omNode-2@group-523986131536-StateMachineUpdater] INFO  raftlog.RaftLog (RaftLogBase.java:lambda$new$0(53)) - omNode-2@group-523986131536-SegmentedRaftLog: snapshotIndex: updateIncreasingly 149 -> 199
2021-01-12 10:39:48,384 [omNode-2@group-523986131536-StateMachineUpdater] INFO  raftlog.RaftLog (RaftLogBase.java:lambda$new$0(53)) - omNode-2@group-523986131536-SegmentedRaftLog: purgeIndex: updateToMax old=149, new=199, updated? true
2021-01-12 10:39:48,384 [grpc-default-executor-3] WARN  server.GrpcLogAppender (LogUtils.java:warn(122)) - omNode-2@group-523986131536->omNode-3-AppendLogResponseHandler: Failed appendEntries: org.apache.ratis.thirdparty.io.grpc.StatusRuntimeException: UNAVAILABLE: io exception
2021-01-12 10:39:48,384 [grpc-default-executor-3] WARN  server.GrpcLogAppender (GrpcLogAppender.java:resetClient(111)) - omNode-2@group-523986131536->omNode-3-GrpcLogAppender: Leader has not got in touch with Follower omNode-2@group-523986131536->omNode-3(c-1,m0,n201, attendVote=true, lastRpcSendTime=1, lastRpcResponseTime=20143) yet, just keep nextIndex unchanged and retry.
2021-01-12 10:39:48,387 [omNode-1@group-523986131536-StateMachineUpdater] INFO  ratis.OzoneManagerStateMachine (OzoneManagerStateMachine.java:takeSnapshot(345)) - Current Snapshot Index (t:2, i:199)
2021-01-12 10:39:48,387 [omNode-1@group-523986131536-StateMachineUpdater] INFO  impl.StateMachineUpdater (StateMachineUpdater.java:takeSnapshot(279)) - omNode-1@group-523986131536-StateMachineUpdater: Took a snapshot at index 199
2021-01-12 10:39:48,387 [omNode-1@group-523986131536-StateMachineUpdater] INFO  impl.StateMachineUpdater (StateMachineUpdater.java:lambda$new$0(88)) - omNode-1@group-523986131536-StateMachineUpdater: snapshotIndex: updateIncreasingly 149 -> 199
2021-01-12 10:39:48,387 [omNode-1@group-523986131536-StateMachineUpdater] INFO  raftlog.RaftLog (RaftLogBase.java:purge(306)) - omNode-1@group-523986131536-SegmentedRaftLog: purge 199
2021-01-12 10:39:48,387 [omNode-1@group-523986131536-StateMachineUpdater] INFO  raftlog.RaftLog (RaftLogBase.java:lambda$new$0(53)) - omNode-1@group-523986131536-SegmentedRaftLog: snapshotIndex: updateIncreasingly 149 -> 199
2021-01-12 10:39:48,387 [omNode-1@group-523986131536-StateMachineUpdater] INFO  raftlog.RaftLog (RaftLogBase.java:lambda$new$0(53)) - omNode-1@group-523986131536-SegmentedRaftLog: purgeIndex: updateToMax old=149, new=199, updated? true
2021-01-12 10:39:48,500 [Listener at 127.0.0.1/10732] INFO  db.RDBCheckpointManager (RDBCheckpointManager.java:createCheckpoint(86)) - Created checkpoint at /github/workspace/mnt/ozone/hadoop-ozone/integration-test/target/test-dir/MiniOzoneClusterImpl-845f199f-e199-49cc-a013-e02be1563f77/omNode-2/db.checkpoints/rdb_rdb_checkpoint_1610447988484 in 16 milliseconds
2021-01-12 10:39:48,502 [Listener at 127.0.0.1/10732] INFO  impl.MetricsSystemImpl (MetricsSystemImpl.java:init(158)) - OzoneManager metrics system started (again)
2021-01-12 10:39:48,504 [Listener at 127.0.0.1/10732] INFO  om.OzoneManager (OzoneManager.java:start(1160)) - OzoneManager RPC server is listening at localhost/127.0.0.1:10732
2021-01-12 10:39:48,504 [Listener at 127.0.0.1/10732] INFO  ratis.OzoneManagerRatisServer (OzoneManagerRatisServer.java:start(377)) - Starting OzoneManagerRatisServer omNode-3 at port 10736
2021-01-12 10:39:48,504 [Listener at 127.0.0.1/10732] INFO  server.RaftServer$Division (RaftServerImpl.java:start(294)) - omNode-3@group-523986131536: start as a follower, conf=-1: [omNode-3|rpc:localhost:10736|priority:0, omNode-1|rpc:localhost:10724|priority:0, omNode-2|rpc:localhost:10730|priority:0], old=null
2021-01-12 10:39:48,504 [Listener at 127.0.0.1/10732] INFO  server.RaftServer$Division (RaftServerImpl.java:setRole(283)) - omNode-3@group-523986131536: changes role from      null to FOLLOWER at term 0 for startAsFollower
2021-01-12 10:39:48,504 [Listener at 127.0.0.1/10732] INFO  impl.RoleInfo (RoleInfo.java:updateAndGet(130)) - omNode-3: start omNode-3@group-523986131536-FollowerState
2021-01-12 10:39:48,505 [Listener at 127.0.0.1/10732] INFO  util.JmxRegister (JmxRegister.java:tryRegister(44)) - Successfully registered JMX Bean with object name Ratis:service=RaftServer,group=group-523986131536,id=omNode-3
2021-01-12 10:39:48,505 [Listener at 127.0.0.1/10732] INFO  metrics.RatisMetrics (RatisMetrics.java:lambda$create$0(36)) - Creating Metrics Registry : ratis.state_machine.omNode-3@group-523986131536
2021-01-12 10:39:48,509 [Listener at 127.0.0.1/10732] INFO  server.RaftServer (RaftServerProxy.java:lambda$start$5(372)) - omNode-3: start RPC server
2021-01-12 10:39:48,512 [Listener at 127.0.0.1/10732] INFO  server.GrpcService (GrpcService.java:startImpl(176)) - omNode-3: GrpcService started, listening on 0.0.0.0/0.0.0.0:10736
2021-01-12 10:39:48,514 [org.apache.ratis.util.JvmPauseMonitor$$Lambda$305/744069916@38518b38] INFO  util.JvmPauseMonitor (JvmPauseMonitor.java:run(103)) - JvmPauseMonitor-omNode-3: Started
2021-01-12 10:39:48,883 [grpc-default-executor-3] WARN  server.GrpcLogAppender (LogUtils.java:warn(122)) - omNode-2@group-523986131536->omNode-3-AppendLogResponseHandler: Failed appendEntries: org.apache.ratis.thirdparty.io.grpc.StatusRuntimeException: UNAVAILABLE: io exception
2021-01-12 10:39:48,884 [grpc-default-executor-3] WARN  server.GrpcLogAppender (GrpcLogAppender.java:resetClient(111)) - omNode-2@group-523986131536->omNode-3-GrpcLogAppender: Leader has not got in touch with Follower omNode-2@group-523986131536->omNode-3(c-1,m0,n201, attendVote=true, lastRpcSendTime=0, lastRpcResponseTime=20643) yet, just keep nextIndex unchanged and retry.
2021-01-12 10:39:49,386 [grpc-default-executor-1] INFO  metrics.RatisMetrics (RatisMetrics.java:lambda$create$0(36)) - Creating Metrics Registry : ratis.server_message_metrics.omNode-3
2021-01-12 10:39:49,389 [grpc-default-executor-1] INFO  server.RaftServer$Division (ServerState.java:setLeader(249)) - omNode-3@group-523986131536: change Leader from null to omNode-2 at term 2 for appendEntries, leader elected after 22585ms
2021-01-12 10:39:49,389 [grpc-default-executor-1] INFO  server.RaftServer$Division (RaftServerImpl.java:checkInconsistentAppendEntries(1403)) - omNode-3@group-523986131536: Failed appendEntries as previous log entry ((t:2, i:200)) is not found
2021-01-12 10:39:49,389 [grpc-default-executor-1] INFO  server.RaftServer$Division (RaftServerImpl.java:checkInconsistentAppendEntries(1369)) - omNode-3@group-523986131536: inconsistency entries. Reply:omNode-2<-omNode-3#26969756:FAIL-t0,INCONSISTENCY,nextIndex=1,followerCommit=-1
2021-01-12 10:39:49,393 [grpc-default-executor-1] INFO  leader.FollowerInfo (FollowerInfoImpl.java:lambda$new$0(46)) - omNode-2@group-523986131536->omNode-3: nextIndex: updateUnconditionally 201 -> 1
2021-01-12 10:39:49,399 [grpc-default-executor-3] INFO  server.RaftServer$Division (RaftServerImpl.java:checkInconsistentAppendEntries(1403)) - omNode-3@group-523986131536: Failed appendEntries as previous log entry ((t:2, i:0)) is not found
2021-01-12 10:39:49,399 [grpc-default-executor-3] INFO  server.RaftServer$Division (RaftServerImpl.java:checkInconsistentAppendEntries(1369)) - omNode-3@group-523986131536: inconsistency entries. Reply:omNode-2<-omNode-3#26969757:FAIL-t2,INCONSISTENCY,nextIndex=0,followerCommit=-1
2021-01-12 10:39:49,400 [grpc-default-executor-3] INFO  leader.FollowerInfo (FollowerInfoImpl.java:lambda$new$0(46)) - omNode-2@group-523986131536->omNode-3: nextIndex: updateUnconditionally 201 -> 0
2021-01-12 10:39:49,404 [grpc-default-executor-1] INFO  server.RaftServer$Division (ServerState.java:setRaftConf(368)) - omNode-3@group-523986131536: set configuration 0: [omNode-3|rpc:localhost:10736|dataStream:|priority:0, omNode-1|rpc:localhost:10724|dataStream:|priority:0, omNode-2|rpc:localhost:10730|dataStream:|priority:0], old=null
2021-01-12 10:39:49,404 [grpc-default-executor-1] INFO  segmented.SegmentedRaftLogWorker (SegmentedRaftLogWorker.java:startLogSegment(392)) - omNode-3@group-523986131536-SegmentedRaftLogWorker: Starting segment from index:0
2021-01-12 10:39:49,461 [omNode-3@group-523986131536-SegmentedRaftLogWorker] INFO  segmented.SegmentedRaftLogWorker (SegmentedRaftLogWorker.java:execute(599)) - omNode-3@group-523986131536-SegmentedRaftLogWorker: created new log segment /github/workspace/mnt/ozone/hadoop-ozone/integration-test/target/test-dir/MiniOzoneClusterImpl-845f199f-e199-49cc-a013-e02be1563f77/omNode-3/ratis/c9bc4cf4-3bc3-3c60-a66b-523986131536/current/log_inprogress_0
2021-01-12 10:39:49,482 [OM StateMachine ApplyTransaction Thread - 0] INFO  volume.OMVolumeCreateRequest (OMVolumeCreateRequest.java:validateAndUpdateCache(196)) - created volume:volume83501 for user:user99095
2021-01-12 10:39:49,548 [omNode-3@group-523986131536-StateMachineUpdater] INFO  ratis.OzoneManagerStateMachine (OzoneManagerStateMachine.java:takeSnapshot(345)) - Current Snapshot Index (t:2, i:200)
2021-01-12 10:39:49,548 [omNode-3@group-523986131536-StateMachineUpdater] INFO  impl.StateMachineUpdater (StateMachineUpdater.java:takeSnapshot(279)) - omNode-3@group-523986131536-StateMachineUpdater: Took a snapshot at index 200
2021-01-12 10:39:49,548 [omNode-3@group-523986131536-StateMachineUpdater] INFO  impl.StateMachineUpdater (StateMachineUpdater.java:lambda$new$0(88)) - omNode-3@group-523986131536-StateMachineUpdater: snapshotIndex: updateIncreasingly -1 -> 200
2021-01-12 10:39:49,548 [omNode-3@group-523986131536-StateMachineUpdater] INFO  raftlog.RaftLog (RaftLogBase.java:purge(306)) - omNode-3@group-523986131536-SegmentedRaftLog: purge 200
2021-01-12 10:39:49,548 [omNode-3@group-523986131536-StateMachineUpdater] INFO  raftlog.RaftLog (RaftLogBase.java:lambda$new$0(53)) - omNode-3@group-523986131536-SegmentedRaftLog: snapshotIndex: updateIncreasingly -1 -> 200
2021-01-12 10:39:49,548 [omNode-3@group-523986131536-StateMachineUpdater] INFO  raftlog.RaftLog (RaftLogBase.java:lambda$new$0(53)) - omNode-3@group-523986131536-SegmentedRaftLog: purgeIndex: updateToMax old=-1, new=200, updated? true
2021-01-12 10:39:53,529 [Listener at 127.0.0.1/10732] INFO  http.BaseHttpServer (BaseHttpServer.java:newHttpServer2BuilderForOzone(207)) - Starting Web-server for ozoneManager at: http://0.0.0.0:10734
2021-01-12 10:39:53,529 [Listener at 127.0.0.1/10732] INFO  http.BaseHttpServer (BaseHttpServer.java:<init>(106)) - Hadoop Security Enabled: false Ozone Security Enabled: false Ozone HTTP Security Enabled: false 
2021-01-12 10:39:53,531 [Listener at 127.0.0.1/10732] INFO  server.AuthenticationFilter (AuthenticationFilter.java:constructSecretProvider(240)) - Unable to initialize FileSignerSecretProvider, falling back to use random secrets.
2021-01-12 10:39:53,532 [Listener at 127.0.0.1/10732] WARN  http.HttpRequestLog (HttpRequestLog.java:getRequestLog(103)) - Jetty request log can only be enabled using Log4j
2021-01-12 10:39:53,533 [Listener at 127.0.0.1/10732] INFO  http.HttpServer2 (HttpServer2.java:addGlobalFilter(1020)) - Added global filter 'safety' (class=org.apache.hadoop.hdds.server.http.HttpServer2$QuotingInputFilter)
2021-01-12 10:39:53,534 [Listener at 127.0.0.1/10732] INFO  http.HttpServer2 (HttpServer2.java:addFilter(996)) - Added filter static_user_filter (class=org.apache.hadoop.http.lib.StaticUserWebFilter$StaticUserFilter) to context ozoneManager
2021-01-12 10:39:53,534 [Listener at 127.0.0.1/10732] INFO  http.HttpServer2 (HttpServer2.java:addFilter(1004)) - Added filter static_user_filter (class=org.apache.hadoop.http.lib.StaticUserWebFilter$StaticUserFilter) to context static
2021-01-12 10:39:53,534 [Listener at 127.0.0.1/10732] INFO  http.HttpServer2 (HttpServer2.java:addFilter(1004)) - Added filter static_user_filter (class=org.apache.hadoop.http.lib.StaticUserWebFilter$StaticUserFilter) to context logs
2021-01-12 10:39:53,534 [Listener at 127.0.0.1/10732] INFO  http.HttpServer2 (HttpServer2.java:bindListener(1238)) - Jetty bound to port 10734
2021-01-12 10:39:53,534 [Listener at 127.0.0.1/10732] INFO  server.Server (Server.java:doStart(375)) - jetty-9.4.34.v20201102; built: 2020-11-02T14:15:39.302Z; git: e46af88704a893fc12cb0e3bf46e2c7b48a009e7; jvm 1.8.0_232-b09
2021-01-12 10:39:53,535 [Listener at 127.0.0.1/10732] INFO  server.session (DefaultSessionIdManager.java:doStart(334)) - DefaultSessionIdManager workerName=node0
2021-01-12 10:39:53,535 [Listener at 127.0.0.1/10732] INFO  server.session (DefaultSessionIdManager.java:doStart(339)) - No SessionScavenger set, using defaults
2021-01-12 10:39:53,535 [Listener at 127.0.0.1/10732] INFO  server.session (HouseKeeper.java:startScavenging(132)) - node0 Scavenging every 600000ms
2021-01-12 10:39:53,536 [Listener at 127.0.0.1/10732] INFO  handler.ContextHandler (ContextHandler.java:doStart(916)) - Started o.e.j.s.ServletContextHandler@37003eea{logs,/logs,file:///github/workspace/mnt/ozone/hadoop-ozone/integration-test/target/log,AVAILABLE}
2021-01-12 10:39:53,536 [Listener at 127.0.0.1/10732] INFO  handler.ContextHandler (ContextHandler.java:doStart(916)) - Started o.e.j.s.ServletContextHandler@613a0b9c{static,/static,file:///github/workspace/mnt/ozone/hadoop-ozone/integration-test/target/test-classes/webapps/static,AVAILABLE}
2021-01-12 10:39:53,541 [Listener at 127.0.0.1/10732] INFO  handler.ContextHandler (ContextHandler.java:doStart(916)) - Started o.e.j.w.WebAppContext@75110236{ozoneManager,/,file:///github/workspace/mnt/ozone/hadoop-ozone/integration-test/target/test-classes/webapps/ozoneManager/,AVAILABLE}{file:/github/workspace/mnt/ozone/hadoop-ozone/integration-test/target/test-classes/webapps/ozoneManager}
2021-01-12 10:39:53,545 [Listener at 127.0.0.1/10732] INFO  server.AbstractConnector (AbstractConnector.java:doStart(331)) - Started ServerConnector@30f5e3af{HTTP/1.1, (http/1.1)}{0.0.0.0:10734}
2021-01-12 10:39:53,545 [Listener at 127.0.0.1/10732] INFO  server.Server (Server.java:doStart(415)) - Started @36158ms
2021-01-12 10:39:53,545 [Listener at 127.0.0.1/10732] WARN  impl.MetricsSystemImpl (MetricsSystemImpl.java:register(276)) - Sink prometheus already exists!
2021-01-12 10:39:53,548 [Listener at 127.0.0.1/10732] INFO  http.BaseHttpServer (BaseHttpServer.java:updateConnectorAddress(327)) - HTTP server of ozoneManager listening at http://0.0.0.0:10734
2021-01-12 10:39:53,548 [IPC Server Responder] INFO  ipc.Server (Server.java:run(1460)) - IPC Server Responder: starting
2021-01-12 10:39:53,549 [IPC Server listener on 10732] INFO  ipc.Server (Server.java:run(1298)) - IPC Server listener on 10732: starting
2021-01-12 10:39:53,556 [Listener at 127.0.0.1/10732] INFO  om.OzoneManager (OzoneManager.java:startTrashEmptier(1281)) - Trash Interval set to 0. Files deleted will not move to trash
2021-01-12 10:39:53,557 [org.apache.hadoop.util.JvmPauseMonitor$Monitor@7371466c] INFO  util.JvmPauseMonitor (JvmPauseMonitor.java:run(188)) - Starting JVM pause monitor
2021-01-12 10:39:53,557 [Listener at 127.0.0.1/10732] INFO  ozone.MiniOzoneClusterImpl (MiniOzoneClusterImpl.java:shutdown(389)) - Shutting down the Mini Ozone Cluster
2021-01-12 10:39:53,557 [Listener at 127.0.0.1/10732] INFO  ozone.MiniOzoneHAClusterImpl (MiniOzoneHAClusterImpl.java:stop(230)) - Stopping the OzoneManager omNode-3
2021-01-12 10:39:53,557 [Listener at 127.0.0.1/10732] INFO  ipc.Server (Server.java:stop(3359)) - Stopping server on 10732
2021-01-12 10:39:53,560 [IPC Server listener on 10732] INFO  ipc.Server (Server.java:run(1330)) - Stopping IPC Server listener on 10732
2021-01-12 10:39:53,560 [IPC Server Responder] INFO  ipc.Server (Server.java:run(1465)) - Stopping IPC Server Responder
2021-01-12 10:39:53,561 [Listener at 127.0.0.1/10732] INFO  server.RaftServer (RaftServerProxy.java:lambda$close$6(389)) - omNode-3: close
2021-01-12 10:39:53,562 [Listener at 127.0.0.1/10732] INFO  server.RaftServer$Division (RaftServerImpl.java:lambda$close$4(405)) - omNode-3@group-523986131536: shutdown
2021-01-12 10:39:53,563 [Listener at 127.0.0.1/10732] INFO  util.JmxRegister (JmxRegister.java:unregister(73)) - Successfully un-registered JMX Bean with object name Ratis:service=RaftServer,group=group-523986131536,id=omNode-3
2021-01-12 10:39:53,563 [Listener at 127.0.0.1/10732] INFO  impl.RoleInfo (RoleInfo.java:shutdownFollowerState(108)) - omNode-3: shutdown omNode-3@group-523986131536-FollowerState
2021-01-12 10:39:53,563 [Listener at 127.0.0.1/10732] INFO  impl.StateMachineUpdater (StateMachineUpdater.java:stopAndJoin(148)) - omNode-3@group-523986131536-StateMachineUpdater: set stopIndex = 200
2021-01-12 10:39:53,563 [omNode-3@group-523986131536-StateMachineUpdater] INFO  metrics.RatisMetrics (RatisMetrics.java:unregister(43)) - Unregistering Metrics Registry : ratis.state_machine.omNode-3@group-523986131536
2021-01-12 10:39:53,564 [Thread-563] INFO  impl.FollowerState (FollowerState.java:run(142)) - omNode-3@group-523986131536-FollowerState was interrupted: {}
java.lang.InterruptedException: sleep interrupted
	at java.lang.Thread.sleep(Native Method)
	at java.lang.Thread.sleep(Thread.java:340)
	at java.util.concurrent.TimeUnit.sleep(TimeUnit.java:386)
	at org.apache.ratis.util.TimeDuration.sleep(TimeDuration.java:324)
	at org.apache.ratis.util.TimeDuration.sleep(TimeDuration.java:309)
	at org.apache.ratis.server.impl.FollowerState.run(FollowerState.java:117)
2021-01-12 10:39:53,567 [Listener at 127.0.0.1/10732] INFO  server.RaftServer$Division (ServerState.java:close(400)) - omNode-3@group-523986131536: closes. applyIndex: 200
2021-01-12 10:39:53,567 [omNode-3@group-523986131536-SegmentedRaftLogWorker] INFO  segmented.SegmentedRaftLogWorker (SegmentedRaftLogWorker.java:run(326)) - omNode-3@group-523986131536-SegmentedRaftLogWorker was interrupted, exiting. There are 0 tasks remaining in the queue.
2021-01-12 10:39:53,569 [Listener at 127.0.0.1/10732] INFO  segmented.SegmentedRaftLogWorker (SegmentedRaftLogWorker.java:close(236)) - omNode-3@group-523986131536-SegmentedRaftLogWorker close()
2021-01-12 10:39:53,569 [Listener at 127.0.0.1/10732] INFO  metrics.RatisMetrics (RatisMetrics.java:unregister(43)) - Unregistering Metrics Registry : ratis.log_worker.omNode-3@group-523986131536
2021-01-12 10:39:53,569 [Listener at 127.0.0.1/10732] INFO  metrics.RatisMetrics (RatisMetrics.java:unregister(43)) - Unregistering Metrics Registry : ratis.leader_election.omNode-3@group-523986131536
2021-01-12 10:39:53,569 [Listener at 127.0.0.1/10732] INFO  metrics.RatisMetrics (RatisMetrics.java:unregister(43)) - Unregistering Metrics Registry : ratis.server.omNode-3@group-523986131536
2021-01-12 10:39:53,570 [Listener at 127.0.0.1/10732] INFO  server.GrpcService (GrpcService.java:closeImpl(183)) - omNode-3: shutdown server with port 10736 now
2021-01-12 10:39:53,574 [grpc-default-executor-2] WARN  server.GrpcLogAppender (LogUtils.java:warn(122)) - omNode-2@group-523986131536->omNode-3-AppendLogResponseHandler: Failed appendEntries: org.apache.ratis.thirdparty.io.grpc.StatusRuntimeException: CANCELLED: HTTP/2 error code: CANCEL
Received Rst Stream
2021-01-12 10:39:53,574 [grpc-default-executor-2] INFO  leader.FollowerInfo (FollowerInfoImpl.java:lambda$new$0(46)) - omNode-2@group-523986131536->omNode-3: nextIndex: updateUnconditionally 201 -> 200
2021-01-12 10:39:53,575 [Listener at 127.0.0.1/10732] INFO  server.GrpcService (GrpcService.java:closeImpl(192)) - omNode-3: shutdown server with port 10736 successfully
2021-01-12 10:39:53,575 [org.apache.ratis.util.JvmPauseMonitor$$Lambda$305/744069916@38518b38] INFO  util.JvmPauseMonitor (JvmPauseMonitor.java:run(109)) - JvmPauseMonitor-omNode-3: Stopped
2021-01-12 10:39:53,575 [Listener at 127.0.0.1/10732] INFO  ratis.OzoneManagerDoubleBuffer (OzoneManagerDoubleBuffer.java:stop(425)) - Stopping OMDoubleBuffer flush thread
2021-01-12 10:39:53,575 [grpc-default-executor-3] WARN  server.GrpcServerProtocolService (LogUtils.java:warn(122)) - omNode-3: installSnapshot onError, lastRequest: omNode-2->omNode-3#26969758-t2,previous=(t:0, i:0),leaderCommit=200,initializing? true,entries: size=201, first=(t:2, i:0), CONFIGURATIONENTRY: org.apache.ratis.thirdparty.io.grpc.StatusRuntimeException: CANCELLED: cancelled before receiving half close
2021-01-12 10:39:53,575 [OMDoubleBufferFlushThread] INFO  ratis.OzoneManagerDoubleBuffer (OzoneManagerDoubleBuffer.java:flushTransactions(352)) - OMDoubleBuffer flush thread OMDoubleBufferFlushThread is interrupted and will exit. OMDoubleBufferFlushThread
2021-01-12 10:39:53,577 [Listener at 127.0.0.1/10732] INFO  ratis.OzoneManagerStateMachine (HadoopExecutors.java:shutdown(118)) - Gracefully shutting down executor service. Waiting max 5 SECONDS
2021-01-12 10:39:53,577 [Listener at 127.0.0.1/10732] INFO  ratis.OzoneManagerStateMachine (HadoopExecutors.java:shutdown(129)) - Succesfully shutdown executor service
2021-01-12 10:39:53,577 [Listener at 127.0.0.1/10732] INFO  ratis.OzoneManagerStateMachine (HadoopExecutors.java:shutdown(118)) - Gracefully shutting down executor service. Waiting max 5 SECONDS
2021-01-12 10:39:53,577 [Listener at 127.0.0.1/10732] INFO  ratis.OzoneManagerStateMachine (HadoopExecutors.java:shutdown(129)) - Succesfully shutdown executor service
2021-01-12 10:39:53,577 [Listener at 127.0.0.1/10732] INFO  utils.BackgroundService (BackgroundService.java:shutdown(132)) - Shutting down service KeyDeletingService
2021-01-12 10:39:53,578 [grpc-default-executor-2] WARN  server.GrpcLogAppender (LogUtils.java:warn(122)) - omNode-2@group-523986131536->omNode-3-AppendLogResponseHandler: Failed appendEntries: org.apache.ratis.thirdparty.io.grpc.StatusRuntimeException: UNAVAILABLE: io exception
2021-01-12 10:39:53,579 [grpc-default-executor-2] INFO  leader.FollowerInfo (FollowerInfoImpl.java:lambda$new$0(46)) - omNode-2@group-523986131536->omNode-3: nextIndex: updateUnconditionally 201 -> 200
2021-01-12 10:39:53,581 [Listener at 127.0.0.1/10732] INFO  handler.ContextHandler (ContextHandler.java:doStop(1154)) - Stopped o.e.j.w.WebAppContext@75110236{ozoneManager,/,null,STOPPED}{file:/github/workspace/mnt/ozone/hadoop-ozone/integration-test/target/test-classes/webapps/ozoneManager}
2021-01-12 10:39:53,584 [Listener at 127.0.0.1/10732] INFO  server.AbstractConnector (AbstractConnector.java:doStop(381)) - Stopped ServerConnector@30f5e3af{HTTP/1.1, (http/1.1)}{0.0.0.0:10734}
2021-01-12 10:39:53,585 [Listener at 127.0.0.1/10732] INFO  server.session (HouseKeeper.java:stopScavenging(149)) - node0 Stopped scavenging
2021-01-12 10:39:53,585 [Listener at 127.0.0.1/10732] INFO  handler.ContextHandler (ContextHandler.java:doStop(1154)) - Stopped o.e.j.s.ServletContextHandler@613a0b9c{static,/static,file:///github/workspace/mnt/ozone/hadoop-ozone/integration-test/target/test-classes/webapps/static,STOPPED}
2021-01-12 10:39:53,585 [Listener at 127.0.0.1/10732] INFO  handler.ContextHandler (ContextHandler.java:doStop(1154)) - Stopped o.e.j.s.ServletContextHandler@37003eea{logs,/logs,file:///github/workspace/mnt/ozone/hadoop-ozone/integration-test/target/log,STOPPED}
2021-01-12 10:39:53,587 [Listener at 127.0.0.1/10732] INFO  ozone.MiniOzoneHAClusterImpl (MiniOzoneHAClusterImpl.java:stop(230)) - Stopping the OzoneManager omNode-1
2021-01-12 10:39:53,587 [Listener at 127.0.0.1/10732] INFO  ipc.Server (Server.java:stop(3359)) - Stopping server on 10720
2021-01-12 10:39:53,588 [IPC Server listener on 10720] INFO  ipc.Server (Server.java:run(1330)) - Stopping IPC Server listener on 10720
2021-01-12 10:39:53,589 [IPC Server Responder] INFO  ipc.Server (Server.java:run(1465)) - Stopping IPC Server Responder
2021-01-12 10:39:53,589 [Listener at 127.0.0.1/10732] INFO  server.RaftServer (RaftServerProxy.java:lambda$close$6(389)) - omNode-1: close
2021-01-12 10:39:53,590 [Listener at 127.0.0.1/10732] INFO  server.RaftServer$Division (RaftServerImpl.java:lambda$close$4(405)) - omNode-1@group-523986131536: shutdown
2021-01-12 10:39:53,590 [Listener at 127.0.0.1/10732] INFO  util.JmxRegister (JmxRegister.java:unregister(73)) - Successfully un-registered JMX Bean with object name Ratis:service=RaftServer,group=group-523986131536,id=omNode-1
2021-01-12 10:39:53,590 [Listener at 127.0.0.1/10732] INFO  impl.RoleInfo (RoleInfo.java:shutdownFollowerState(108)) - omNode-1: shutdown omNode-1@group-523986131536-FollowerState
2021-01-12 10:39:53,590 [Thread-228] INFO  impl.FollowerState (FollowerState.java:run(142)) - omNode-1@group-523986131536-FollowerState was interrupted: {}
java.lang.InterruptedException: sleep interrupted
	at java.lang.Thread.sleep(Native Method)
	at java.lang.Thread.sleep(Thread.java:340)
	at java.util.concurrent.TimeUnit.sleep(TimeUnit.java:386)
	at org.apache.ratis.util.TimeDuration.sleep(TimeDuration.java:324)
	at org.apache.ratis.util.TimeDuration.sleep(TimeDuration.java:309)
	at org.apache.ratis.server.impl.FollowerState.run(FollowerState.java:117)
2021-01-12 10:39:53,590 [Listener at 127.0.0.1/10732] INFO  impl.StateMachineUpdater (StateMachineUpdater.java:stopAndJoin(148)) - omNode-1@group-523986131536-StateMachineUpdater: set stopIndex = 200
2021-01-12 10:39:53,590 [omNode-1@group-523986131536-StateMachineUpdater] INFO  ratis.OzoneManagerStateMachine (OzoneManagerStateMachine.java:takeSnapshot(345)) - Current Snapshot Index (t:2, i:200)
2021-01-12 10:39:53,591 [omNode-1@group-523986131536-StateMachineUpdater] INFO  impl.StateMachineUpdater (StateMachineUpdater.java:takeSnapshot(279)) - omNode-1@group-523986131536-StateMachineUpdater: Took a snapshot at index 200
2021-01-12 10:39:53,591 [omNode-1@group-523986131536-StateMachineUpdater] INFO  impl.StateMachineUpdater (StateMachineUpdater.java:lambda$new$0(88)) - omNode-1@group-523986131536-StateMachineUpdater: snapshotIndex: updateIncreasingly 199 -> 200
2021-01-12 10:39:53,591 [omNode-1@group-523986131536-StateMachineUpdater] INFO  metrics.RatisMetrics (RatisMetrics.java:unregister(43)) - Unregistering Metrics Registry : ratis.state_machine.omNode-1@group-523986131536
2021-01-12 10:39:53,591 [Listener at 127.0.0.1/10732] INFO  server.RaftServer$Division (ServerState.java:close(400)) - omNode-1@group-523986131536: closes. applyIndex: 200
2021-01-12 10:39:53,591 [omNode-1@group-523986131536-SegmentedRaftLogWorker] INFO  segmented.SegmentedRaftLogWorker (SegmentedRaftLogWorker.java:run(326)) - omNode-1@group-523986131536-SegmentedRaftLogWorker was interrupted, exiting. There are 0 tasks remaining in the queue.
2021-01-12 10:39:53,592 [Listener at 127.0.0.1/10732] INFO  segmented.SegmentedRaftLogWorker (SegmentedRaftLogWorker.java:close(236)) - omNode-1@group-523986131536-SegmentedRaftLogWorker close()
2021-01-12 10:39:53,592 [Listener at 127.0.0.1/10732] INFO  metrics.RatisMetrics (RatisMetrics.java:unregister(43)) - Unregistering Metrics Registry : ratis.log_worker.omNode-1@group-523986131536
2021-01-12 10:39:53,593 [Listener at 127.0.0.1/10732] INFO  metrics.RatisMetrics (RatisMetrics.java:unregister(43)) - Unregistering Metrics Registry : ratis.leader_election.omNode-1@group-523986131536
2021-01-12 10:39:53,593 [Listener at 127.0.0.1/10732] INFO  metrics.RatisMetrics (RatisMetrics.java:unregister(43)) - Unregistering Metrics Registry : ratis.server.omNode-1@group-523986131536
2021-01-12 10:39:53,593 [Listener at 127.0.0.1/10732] INFO  server.GrpcService (GrpcService.java:closeImpl(183)) - omNode-1: shutdown server with port 10724 now
2021-01-12 10:39:53,599 [grpc-default-executor-2] WARN  server.GrpcLogAppender (LogUtils.java:warn(122)) - omNode-2@group-523986131536->omNode-1-AppendLogResponseHandler: Failed appendEntries: org.apache.ratis.thirdparty.io.grpc.StatusRuntimeException: CANCELLED: HTTP/2 error code: CANCEL
Received Rst Stream
2021-01-12 10:39:53,599 [grpc-default-executor-2] INFO  leader.FollowerInfo (FollowerInfoImpl.java:lambda$new$0(46)) - omNode-2@group-523986131536->omNode-1: nextIndex: updateUnconditionally 201 -> 200
2021-01-12 10:39:53,599 [grpc-default-executor-3] WARN  server.GrpcServerProtocolService (LogUtils.java:warn(122)) - omNode-1: installSnapshot onError, lastRequest: omNode-2->omNode-1#941-t2,previous=(t:2, i:199),leaderCommit=199,initializing? true,entries: size=1, first=(t:2, i:200), METADATAENTRY(c:199): org.apache.ratis.thirdparty.io.grpc.StatusRuntimeException: CANCELLED: cancelled before receiving half close
2021-01-12 10:39:53,603 [grpc-default-executor-2] WARN  server.GrpcLogAppender (LogUtils.java:warn(122)) - omNode-2@group-523986131536->omNode-1-AppendLogResponseHandler: Failed appendEntries: org.apache.ratis.thirdparty.io.grpc.StatusRuntimeException: UNAVAILABLE: io exception
2021-01-12 10:39:53,603 [Listener at 127.0.0.1/10732] INFO  server.GrpcService (GrpcService.java:closeImpl(192)) - omNode-1: shutdown server with port 10724 successfully
2021-01-12 10:39:53,603 [grpc-default-executor-2] INFO  leader.FollowerInfo (FollowerInfoImpl.java:lambda$new$0(46)) - omNode-2@group-523986131536->omNode-1: nextIndex: updateUnconditionally 201 -> 200
2021-01-12 10:39:53,603 [org.apache.ratis.util.JvmPauseMonitor$$Lambda$305/744069916@4060ed96] INFO  util.JvmPauseMonitor (JvmPauseMonitor.java:run(109)) - JvmPauseMonitor-omNode-1: Stopped
2021-01-12 10:39:53,604 [Listener at 127.0.0.1/10732] INFO  ratis.OzoneManagerDoubleBuffer (OzoneManagerDoubleBuffer.java:stop(425)) - Stopping OMDoubleBuffer flush thread
2021-01-12 10:39:53,604 [OMDoubleBufferFlushThread] INFO  ratis.OzoneManagerDoubleBuffer (OzoneManagerDoubleBuffer.java:flushTransactions(352)) - OMDoubleBuffer flush thread OMDoubleBufferFlushThread is interrupted and will exit. OMDoubleBufferFlushThread
2021-01-12 10:39:53,604 [Listener at 127.0.0.1/10732] INFO  ratis.OzoneManagerStateMachine (HadoopExecutors.java:shutdown(118)) - Gracefully shutting down executor service. Waiting max 5 SECONDS
2021-01-12 10:39:53,604 [Listener at 127.0.0.1/10732] INFO  ratis.OzoneManagerStateMachine (HadoopExecutors.java:shutdown(129)) - Succesfully shutdown executor service
2021-01-12 10:39:53,604 [Listener at 127.0.0.1/10732] INFO  ratis.OzoneManagerStateMachine (HadoopExecutors.java:shutdown(118)) - Gracefully shutting down executor service. Waiting max 5 SECONDS
2021-01-12 10:39:53,604 [Listener at 127.0.0.1/10732] INFO  ratis.OzoneManagerStateMachine (HadoopExecutors.java:shutdown(129)) - Succesfully shutdown executor service
2021-01-12 10:39:53,605 [Listener at 127.0.0.1/10732] INFO  utils.BackgroundService (BackgroundService.java:shutdown(132)) - Shutting down service KeyDeletingService
2021-01-12 10:39:53,605 [Listener at 127.0.0.1/10732] INFO  handler.ContextHandler (ContextHandler.java:doStop(1154)) - Stopped o.e.j.w.WebAppContext@34b2fff7{ozoneManager,/,null,STOPPED}{file:/github/workspace/mnt/ozone/hadoop-ozone/integration-test/target/test-classes/webapps/ozoneManager}
2021-01-12 10:39:53,606 [Listener at 127.0.0.1/10732] INFO  server.AbstractConnector (AbstractConnector.java:doStop(381)) - Stopped ServerConnector@34b4c3e7{HTTP/1.1, (http/1.1)}{0.0.0.0:10722}
2021-01-12 10:39:53,606 [Listener at 127.0.0.1/10732] INFO  server.session (HouseKeeper.java:stopScavenging(149)) - node0 Stopped scavenging
2021-01-12 10:39:53,607 [Listener at 127.0.0.1/10732] INFO  handler.ContextHandler (ContextHandler.java:doStop(1154)) - Stopped o.e.j.s.ServletContextHandler@4c7a92c7{static,/static,file:///github/workspace/mnt/ozone/hadoop-ozone/integration-test/target/test-classes/webapps/static,STOPPED}
2021-01-12 10:39:53,607 [Listener at 127.0.0.1/10732] INFO  handler.ContextHandler (ContextHandler.java:doStop(1154)) - Stopped o.e.j.s.ServletContextHandler@38b11592{logs,/logs,file:///github/workspace/mnt/ozone/hadoop-ozone/integration-test/target/log,STOPPED}
2021-01-12 10:39:53,609 [Listener at 127.0.0.1/10732] INFO  ozone.MiniOzoneHAClusterImpl (MiniOzoneHAClusterImpl.java:stop(230)) - Stopping the OzoneManager omNode-2
2021-01-12 10:39:53,609 [Listener at 127.0.0.1/10732] INFO  ipc.Server (Server.java:stop(3359)) - Stopping server on 10726
2021-01-12 10:39:53,610 [IPC Server listener on 10726] INFO  ipc.Server (Server.java:run(1330)) - Stopping IPC Server listener on 10726
2021-01-12 10:39:53,611 [IPC Server Responder] INFO  ipc.Server (Server.java:run(1465)) - Stopping IPC Server Responder
2021-01-12 10:39:53,612 [Listener at 127.0.0.1/10732] INFO  server.RaftServer (RaftServerProxy.java:lambda$close$6(389)) - omNode-2: close
2021-01-12 10:39:53,612 [Listener at 127.0.0.1/10732] INFO  server.RaftServer$Division (RaftServerImpl.java:lambda$close$4(405)) - omNode-2@group-523986131536: shutdown
2021-01-12 10:39:53,612 [Listener at 127.0.0.1/10732] INFO  util.JmxRegister (JmxRegister.java:unregister(73)) - Successfully un-registered JMX Bean with object name Ratis:service=RaftServer,group=group-523986131536,id=omNode-2
2021-01-12 10:39:53,612 [Listener at 127.0.0.1/10732] INFO  impl.RoleInfo (RoleInfo.java:shutdownLeaderState(91)) - omNode-2: shutdown omNode-2@group-523986131536-LeaderStateImpl
2021-01-12 10:39:53,613 [Listener at 127.0.0.1/10732] INFO  metrics.RatisMetrics (RatisMetrics.java:unregister(43)) - Unregistering Metrics Registry : ratis_grpc.log_appender.omNode-2@group-523986131536
2021-01-12 10:39:53,613 [omNode-2@group-523986131536->omNode-3-GrpcLogAppender-LogAppenderDaemon] WARN  server.GrpcLogAppender (GrpcLogAppender.java:mayWait(175)) - omNode-2@group-523986131536->omNode-3-GrpcLogAppender: Wait interrupted by java.lang.InterruptedException
2021-01-12 10:39:53,613 [Listener at 127.0.0.1/10732] INFO  metrics.RatisMetrics (RatisMetrics.java:unregister(43)) - Unregistering Metrics Registry : ratis_grpc.log_appender.omNode-2@group-523986131536
2021-01-12 10:39:53,614 [omNode-2@group-523986131536->omNode-1-GrpcLogAppender-LogAppenderDaemon] WARN  server.GrpcLogAppender (GrpcLogAppender.java:mayWait(175)) - omNode-2@group-523986131536->omNode-1-GrpcLogAppender: Wait interrupted by java.lang.InterruptedException
2021-01-12 10:39:53,614 [Listener at 127.0.0.1/10732] INFO  impl.PendingRequests (PendingRequests.java:sendNotLeaderResponses(249)) - omNode-2@group-523986131536-PendingRequests: sendNotLeaderResponses
2021-01-12 10:39:53,616 [Listener at 127.0.0.1/10732] INFO  metrics.RatisMetrics (RatisMetrics.java:unregister(43)) - Unregistering Metrics Registry : ratis.log_appender.omNode-2@group-523986131536
2021-01-12 10:39:53,616 [Listener at 127.0.0.1/10732] INFO  metrics.RatisMetrics (RatisMetrics.java:unregister(43)) - Unregistering Metrics Registry : ratis.server.omNode-2@group-523986131536
2021-01-12 10:39:53,616 [Listener at 127.0.0.1/10732] INFO  impl.StateMachineUpdater (StateMachineUpdater.java:stopAndJoin(148)) - omNode-2@group-523986131536-StateMachineUpdater: set stopIndex = 200
2021-01-12 10:39:53,616 [omNode-2@group-523986131536-StateMachineUpdater] INFO  ratis.OzoneManagerStateMachine (OzoneManagerStateMachine.java:takeSnapshot(345)) - Current Snapshot Index (t:2, i:200)
2021-01-12 10:39:53,616 [omNode-2@group-523986131536-StateMachineUpdater] INFO  impl.StateMachineUpdater (StateMachineUpdater.java:takeSnapshot(279)) - omNode-2@group-523986131536-StateMachineUpdater: Took a snapshot at index 200
2021-01-12 10:39:53,616 [omNode-2@group-523986131536-StateMachineUpdater] INFO  impl.StateMachineUpdater (StateMachineUpdater.java:lambda$new$0(88)) - omNode-2@group-523986131536-StateMachineUpdater: snapshotIndex: updateIncreasingly 199 -> 200
2021-01-12 10:39:53,616 [omNode-2@group-523986131536-StateMachineUpdater] INFO  metrics.RatisMetrics (RatisMetrics.java:unregister(43)) - Unregistering Metrics Registry : ratis.state_machine.omNode-2@group-523986131536
2021-01-12 10:39:53,617 [Listener at 127.0.0.1/10732] INFO  server.RaftServer$Division (ServerState.java:close(400)) - omNode-2@group-523986131536: closes. applyIndex: 200
2021-01-12 10:39:53,617 [omNode-2@group-523986131536-SegmentedRaftLogWorker] INFO  segmented.SegmentedRaftLogWorker (SegmentedRaftLogWorker.java:run(326)) - omNode-2@group-523986131536-SegmentedRaftLogWorker was interrupted, exiting. There are 0 tasks remaining in the queue.
2021-01-12 10:39:53,618 [Listener at 127.0.0.1/10732] INFO  segmented.SegmentedRaftLogWorker (SegmentedRaftLogWorker.java:close(236)) - omNode-2@group-523986131536-SegmentedRaftLogWorker close()
2021-01-12 10:39:53,618 [Listener at 127.0.0.1/10732] INFO  metrics.RatisMetrics (RatisMetrics.java:unregister(43)) - Unregistering Metrics Registry : ratis.log_worker.omNode-2@group-523986131536
2021-01-12 10:39:53,618 [Listener at 127.0.0.1/10732] INFO  metrics.RatisMetrics (RatisMetrics.java:unregister(43)) - Unregistering Metrics Registry : ratis.leader_election.omNode-2@group-523986131536
2021-01-12 10:39:53,618 [Listener at 127.0.0.1/10732] INFO  metrics.RatisMetrics (RatisMetrics.java:unregister(43)) - Unregistering Metrics Registry : ratis.server.omNode-2@group-523986131536
2021-01-12 10:39:53,619 [Listener at 127.0.0.1/10732] INFO  server.GrpcService (GrpcService.java:closeImpl(183)) - omNode-2: shutdown server with port 10730 now
2021-01-12 10:39:53,620 [Listener at 127.0.0.1/10732] INFO  server.GrpcService (GrpcService.java:closeImpl(192)) - omNode-2: shutdown server with port 10730 successfully
2021-01-12 10:39:53,620 [org.apache.ratis.util.JvmPauseMonitor$$Lambda$305/744069916@1d4a7ea0] INFO  util.JvmPauseMonitor (JvmPauseMonitor.java:run(109)) - JvmPauseMonitor-omNode-2: Stopped
2021-01-12 10:39:53,620 [Listener at 127.0.0.1/10732] INFO  ratis.OzoneManagerDoubleBuffer (OzoneManagerDoubleBuffer.java:stop(425)) - Stopping OMDoubleBuffer flush thread
2021-01-12 10:39:53,620 [OMDoubleBufferFlushThread] INFO  ratis.OzoneManagerDoubleBuffer (OzoneManagerDoubleBuffer.java:flushTransactions(352)) - OMDoubleBuffer flush thread OMDoubleBufferFlushThread is interrupted and will exit. OMDoubleBufferFlushThread
2021-01-12 10:39:53,621 [Listener at 127.0.0.1/10732] INFO  ratis.OzoneManagerStateMachine (HadoopExecutors.java:shutdown(118)) - Gracefully shutting down executor service. Waiting max 5 SECONDS
2021-01-12 10:39:53,621 [Listener at 127.0.0.1/10732] INFO  ratis.OzoneManagerStateMachine (HadoopExecutors.java:shutdown(129)) - Succesfully shutdown executor service
2021-01-12 10:39:53,621 [Listener at 127.0.0.1/10732] INFO  ratis.OzoneManagerStateMachine (HadoopExecutors.java:shutdown(118)) - Gracefully shutting down executor service. Waiting max 5 SECONDS
2021-01-12 10:39:53,622 [Listener at 127.0.0.1/10732] INFO  ratis.OzoneManagerStateMachine (HadoopExecutors.java:shutdown(129)) - Succesfully shutdown executor service
2021-01-12 10:39:53,622 [Listener at 127.0.0.1/10732] INFO  utils.BackgroundService (BackgroundService.java:shutdown(132)) - Shutting down service KeyDeletingService
2021-01-12 10:39:53,623 [Listener at 127.0.0.1/10732] INFO  handler.ContextHandler (ContextHandler.java:doStop(1154)) - Stopped o.e.j.w.WebAppContext@184701c1{ozoneManager,/,null,STOPPED}{file:/github/workspace/mnt/ozone/hadoop-ozone/integration-test/target/test-classes/webapps/ozoneManager}
2021-01-12 10:39:53,623 [Listener at 127.0.0.1/10732] INFO  server.AbstractConnector (AbstractConnector.java:doStop(381)) - Stopped ServerConnector@390b8b19{HTTP/1.1, (http/1.1)}{0.0.0.0:10728}
2021-01-12 10:39:53,623 [Listener at 127.0.0.1/10732] INFO  server.session (HouseKeeper.java:stopScavenging(149)) - node0 Stopped scavenging
2021-01-12 10:39:53,623 [Listener at 127.0.0.1/10732] INFO  handler.ContextHandler (ContextHandler.java:doStop(1154)) - Stopped o.e.j.s.ServletContextHandler@2d255fd5{static,/static,file:///github/workspace/mnt/ozone/hadoop-ozone/integration-test/target/test-classes/webapps/static,STOPPED}
2021-01-12 10:39:53,624 [Listener at 127.0.0.1/10732] INFO  handler.ContextHandler (ContextHandler.java:doStop(1154)) - Stopped o.e.j.s.ServletContextHandler@6d64ced1{logs,/logs,file:///github/workspace/mnt/ozone/hadoop-ozone/integration-test/target/log,STOPPED}
2021-01-12 10:39:53,625 [Listener at 127.0.0.1/10732] INFO  ozone.MiniOzoneClusterImpl (MiniOzoneClusterImpl.java:stop(404)) - Stopping the Mini Ozone Cluster
2021-01-12 10:39:53,625 [Listener at 127.0.0.1/10732] INFO  ozone.MiniOzoneClusterImpl (MiniOzoneClusterImpl.java:stopDatanodes(463)) - Stopping the HddsDatanodes
2021-01-12 10:39:53,917 [Datanode State Machine Thread - 0] INFO  statemachine.DatanodeStateMachine (DatanodeStateMachine.java:lambda$startDaemon$0(408)) - Ozone container server started.
2021-01-12 10:39:54,247 [Datanode State Machine Thread - 0] INFO  statemachine.DatanodeStateMachine (DatanodeStateMachine.java:lambda$startDaemon$0(408)) - Ozone container server started.
2021-01-12 10:39:58,627 [ForkJoinPool.commonPool-worker-0] INFO  ozoneimpl.OzoneContainer (OzoneContainer.java:stop(273)) - Attempting to stop container services.
2021-01-12 10:39:58,628 [Listener at 127.0.0.1/10732] INFO  ozoneimpl.OzoneContainer (OzoneContainer.java:stop(273)) - Attempting to stop container services.
2021-01-12 10:39:58,628 [Listener at 127.0.0.1/10732] INFO  server.RaftServer (RaftServerProxy.java:lambda$close$6(389)) - 76c719c5-dd80-44a7-8fd8-91f7e0efff8b: close
2021-01-12 10:39:58,629 [Listener at 127.0.0.1/10732] INFO  server.RaftServer$Division (RaftServerImpl.java:lambda$close$4(405)) - 76c719c5-dd80-44a7-8fd8-91f7e0efff8b@group-2985783B7DD1: shutdown
2021-01-12 10:39:58,629 [Listener at 127.0.0.1/10732] INFO  util.JmxRegister (JmxRegister.java:unregister(73)) - Successfully un-registered JMX Bean with object name Ratis:service=RaftServer,group=group-2985783B7DD1,id=76c719c5-dd80-44a7-8fd8-91f7e0efff8b
2021-01-12 10:39:58,629 [Listener at 127.0.0.1/10732] INFO  impl.RoleInfo (RoleInfo.java:shutdownLeaderState(91)) - 76c719c5-dd80-44a7-8fd8-91f7e0efff8b: shutdown 76c719c5-dd80-44a7-8fd8-91f7e0efff8b@group-2985783B7DD1-LeaderStateImpl
2021-01-12 10:39:58,629 [Listener at 127.0.0.1/10732] INFO  impl.PendingRequests (PendingRequests.java:sendNotLeaderResponses(249)) - 76c719c5-dd80-44a7-8fd8-91f7e0efff8b@group-2985783B7DD1-PendingRequests: sendNotLeaderResponses
2021-01-12 10:39:58,629 [Listener at 127.0.0.1/10732] INFO  metrics.RatisMetrics (RatisMetrics.java:unregister(43)) - Unregistering Metrics Registry : ratis.log_appender.76c719c5-dd80-44a7-8fd8-91f7e0efff8b@group-2985783B7DD1
2021-01-12 10:39:58,629 [Listener at 127.0.0.1/10732] INFO  metrics.RatisMetrics (RatisMetrics.java:unregister(43)) - Unregistering Metrics Registry : ratis.server.76c719c5-dd80-44a7-8fd8-91f7e0efff8b@group-2985783B7DD1
2021-01-12 10:39:58,629 [ForkJoinPool.commonPool-worker-0] INFO  server.RaftServer (RaftServerProxy.java:lambda$close$6(389)) - 188a3981-abf6-489f-b30f-6e133fbbe68f: close
2021-01-12 10:39:58,629 [ForkJoinPool.commonPool-worker-0] INFO  server.RaftServer$Division (RaftServerImpl.java:lambda$close$4(405)) - 188a3981-abf6-489f-b30f-6e133fbbe68f@group-82257435C903: shutdown
2021-01-12 10:39:58,630 [ForkJoinPool.commonPool-worker-0] INFO  util.JmxRegister (JmxRegister.java:unregister(73)) - Successfully un-registered JMX Bean with object name Ratis:service=RaftServer,group=group-82257435C903,id=188a3981-abf6-489f-b30f-6e133fbbe68f
2021-01-12 10:39:58,630 [ForkJoinPool.commonPool-worker-0] INFO  impl.RoleInfo (RoleInfo.java:shutdownFollowerState(108)) - 188a3981-abf6-489f-b30f-6e133fbbe68f: shutdown 188a3981-abf6-489f-b30f-6e133fbbe68f@group-82257435C903-FollowerState
2021-01-12 10:39:58,630 [ForkJoinPool.commonPool-worker-0] INFO  impl.StateMachineUpdater (StateMachineUpdater.java:stopAndJoin(148)) - 188a3981-abf6-489f-b30f-6e133fbbe68f@group-82257435C903-StateMachineUpdater: set stopIndex = 0
2021-01-12 10:39:58,630 [76c719c5-dd80-44a7-8fd8-91f7e0efff8b@group-2985783B7DD1-StateMachineUpdater] INFO  ratis.ContainerStateMachine (ContainerStateMachine.java:takeSnapshot(291)) - group-2985783B7DD1: Taking a snapshot at:(t:1, i:0) file /github/workspace/mnt/ozone/hadoop-ozone/integration-test/target/test-dir/MiniOzoneClusterImpl-845f199f-e199-49cc-a013-e02be1563f77/datanode-1/data/ratis/4f7599df-de3e-4cd4-b6cd-2985783b7dd1/sm/snapshot.1_0
2021-01-12 10:39:58,630 [188a3981-abf6-489f-b30f-6e133fbbe68f@group-82257435C903-StateMachineUpdater] INFO  ratis.ContainerStateMachine (ContainerStateMachine.java:takeSnapshot(291)) - group-82257435C903: Taking a snapshot at:(t:1, i:0) file /github/workspace/mnt/ozone/hadoop-ozone/integration-test/target/test-dir/MiniOzoneClusterImpl-845f199f-e199-49cc-a013-e02be1563f77/datanode-0/data/ratis/bbf6dc67-22e2-4b23-b4a5-82257435c903/sm/snapshot.1_0
2021-01-12 10:39:58,630 [Listener at 127.0.0.1/10732] INFO  impl.StateMachineUpdater (StateMachineUpdater.java:stopAndJoin(148)) - 76c719c5-dd80-44a7-8fd8-91f7e0efff8b@group-2985783B7DD1-StateMachineUpdater: set stopIndex = 0
2021-01-12 10:39:58,630 [Thread-330] INFO  impl.FollowerState (FollowerState.java:run(142)) - 188a3981-abf6-489f-b30f-6e133fbbe68f@group-82257435C903-FollowerState was interrupted: {}
java.lang.InterruptedException: sleep interrupted
	at java.lang.Thread.sleep(Native Method)
	at java.lang.Thread.sleep(Thread.java:340)
	at java.util.concurrent.TimeUnit.sleep(TimeUnit.java:386)
	at org.apache.ratis.util.TimeDuration.sleep(TimeDuration.java:324)
	at org.apache.ratis.util.TimeDuration.sleep(TimeDuration.java:309)
	at org.apache.ratis.server.impl.FollowerState.run(FollowerState.java:117)
2021-01-12 10:39:58,680 [76c719c5-dd80-44a7-8fd8-91f7e0efff8b@group-2985783B7DD1-StateMachineUpdater] INFO  ratis.ContainerStateMachine (ContainerStateMachine.java:takeSnapshot(302)) - group-2985783B7DD1: Finished taking a snapshot at:(t:1, i:0) file:/github/workspace/mnt/ozone/hadoop-ozone/integration-test/target/test-dir/MiniOzoneClusterImpl-845f199f-e199-49cc-a013-e02be1563f77/datanode-1/data/ratis/4f7599df-de3e-4cd4-b6cd-2985783b7dd1/sm/snapshot.1_0 took: 50 ms
2021-01-12 10:39:58,680 [188a3981-abf6-489f-b30f-6e133fbbe68f@group-82257435C903-StateMachineUpdater] INFO  ratis.ContainerStateMachine (ContainerStateMachine.java:takeSnapshot(302)) - group-82257435C903: Finished taking a snapshot at:(t:1, i:0) file:/github/workspace/mnt/ozone/hadoop-ozone/integration-test/target/test-dir/MiniOzoneClusterImpl-845f199f-e199-49cc-a013-e02be1563f77/datanode-0/data/ratis/bbf6dc67-22e2-4b23-b4a5-82257435c903/sm/snapshot.1_0 took: 50 ms
2021-01-12 10:39:58,682 [188a3981-abf6-489f-b30f-6e133fbbe68f@group-82257435C903-StateMachineUpdater] INFO  impl.StateMachineUpdater (StateMachineUpdater.java:takeSnapshot(279)) - 188a3981-abf6-489f-b30f-6e133fbbe68f@group-82257435C903-StateMachineUpdater: Took a snapshot at index 0
2021-01-12 10:39:58,682 [188a3981-abf6-489f-b30f-6e133fbbe68f@group-82257435C903-StateMachineUpdater] INFO  impl.StateMachineUpdater (StateMachineUpdater.java:lambda$new$0(88)) - 188a3981-abf6-489f-b30f-6e133fbbe68f@group-82257435C903-StateMachineUpdater: snapshotIndex: updateIncreasingly -1 -> 0
2021-01-12 10:39:58,684 [76c719c5-dd80-44a7-8fd8-91f7e0efff8b@group-2985783B7DD1-StateMachineUpdater] INFO  impl.StateMachineUpdater (StateMachineUpdater.java:takeSnapshot(279)) - 76c719c5-dd80-44a7-8fd8-91f7e0efff8b@group-2985783B7DD1-StateMachineUpdater: Took a snapshot at index 0
2021-01-12 10:39:58,684 [76c719c5-dd80-44a7-8fd8-91f7e0efff8b@group-2985783B7DD1-StateMachineUpdater] INFO  impl.StateMachineUpdater (StateMachineUpdater.java:lambda$new$0(88)) - 76c719c5-dd80-44a7-8fd8-91f7e0efff8b@group-2985783B7DD1-StateMachineUpdater: snapshotIndex: updateIncreasingly -1 -> 0
2021-01-12 10:39:58,685 [188a3981-abf6-489f-b30f-6e133fbbe68f@group-82257435C903-StateMachineUpdater] INFO  metrics.RatisMetrics (RatisMetrics.java:unregister(43)) - Unregistering Metrics Registry : ratis.state_machine.188a3981-abf6-489f-b30f-6e133fbbe68f@group-82257435C903
2021-01-12 10:39:58,685 [ForkJoinPool.commonPool-worker-0] INFO  server.RaftServer$Division (ServerState.java:close(400)) - 188a3981-abf6-489f-b30f-6e133fbbe68f@group-82257435C903: closes. applyIndex: 0
2021-01-12 10:39:58,685 [76c719c5-dd80-44a7-8fd8-91f7e0efff8b@group-2985783B7DD1-StateMachineUpdater] INFO  metrics.RatisMetrics (RatisMetrics.java:unregister(43)) - Unregistering Metrics Registry : ratis.state_machine.76c719c5-dd80-44a7-8fd8-91f7e0efff8b@group-2985783B7DD1
2021-01-12 10:39:58,685 [188a3981-abf6-489f-b30f-6e133fbbe68f@group-82257435C903-SegmentedRaftLogWorker] INFO  segmented.SegmentedRaftLogWorker (SegmentedRaftLogWorker.java:run(326)) - 188a3981-abf6-489f-b30f-6e133fbbe68f@group-82257435C903-SegmentedRaftLogWorker was interrupted, exiting. There are 0 tasks remaining in the queue.
2021-01-12 10:39:58,685 [ForkJoinPool.commonPool-worker-0] INFO  segmented.SegmentedRaftLogWorker (SegmentedRaftLogWorker.java:close(236)) - 188a3981-abf6-489f-b30f-6e133fbbe68f@group-82257435C903-SegmentedRaftLogWorker close()
2021-01-12 10:39:58,686 [Listener at 127.0.0.1/10732] INFO  server.RaftServer$Division (ServerState.java:close(400)) - 76c719c5-dd80-44a7-8fd8-91f7e0efff8b@group-2985783B7DD1: closes. applyIndex: 0
2021-01-12 10:39:58,686 [76c719c5-dd80-44a7-8fd8-91f7e0efff8b@group-2985783B7DD1-SegmentedRaftLogWorker] INFO  segmented.SegmentedRaftLogWorker (SegmentedRaftLogWorker.java:run(326)) - 76c719c5-dd80-44a7-8fd8-91f7e0efff8b@group-2985783B7DD1-SegmentedRaftLogWorker was interrupted, exiting. There are 0 tasks remaining in the queue.
2021-01-12 10:39:58,686 [ForkJoinPool.commonPool-worker-0] INFO  metrics.RatisMetrics (RatisMetrics.java:unregister(43)) - Unregistering Metrics Registry : ratis.log_worker.188a3981-abf6-489f-b30f-6e133fbbe68f@group-82257435C903
2021-01-12 10:39:58,686 [ForkJoinPool.commonPool-worker-0] INFO  metrics.RatisMetrics (RatisMetrics.java:unregister(43)) - Unregistering Metrics Registry : ratis.leader_election.188a3981-abf6-489f-b30f-6e133fbbe68f@group-82257435C903
2021-01-12 10:39:58,686 [ForkJoinPool.commonPool-worker-0] INFO  metrics.RatisMetrics (RatisMetrics.java:unregister(43)) - Unregistering Metrics Registry : ratis.server.188a3981-abf6-489f-b30f-6e133fbbe68f@group-82257435C903
2021-01-12 10:39:58,687 [ForkJoinPool.commonPool-worker-0] INFO  server.RaftServer$Division (RaftServerImpl.java:lambda$close$4(405)) - 188a3981-abf6-489f-b30f-6e133fbbe68f@group-F68A1D6722C3: shutdown
2021-01-12 10:39:58,687 [ForkJoinPool.commonPool-worker-0] INFO  util.JmxRegister (JmxRegister.java:unregister(73)) - Successfully un-registered JMX Bean with object name Ratis:service=RaftServer,group=group-F68A1D6722C3,id=188a3981-abf6-489f-b30f-6e133fbbe68f
2021-01-12 10:39:58,687 [ForkJoinPool.commonPool-worker-0] INFO  impl.RoleInfo (RoleInfo.java:shutdownLeaderState(91)) - 188a3981-abf6-489f-b30f-6e133fbbe68f: shutdown 188a3981-abf6-489f-b30f-6e133fbbe68f@group-F68A1D6722C3-LeaderStateImpl
2021-01-12 10:39:58,687 [ForkJoinPool.commonPool-worker-0] INFO  metrics.RatisMetrics (RatisMetrics.java:unregister(43)) - Unregistering Metrics Registry : ratis_grpc.log_appender.188a3981-abf6-489f-b30f-6e133fbbe68f@group-F68A1D6722C3
2021-01-12 10:39:58,687 [ForkJoinPool.commonPool-worker-0] INFO  metrics.RatisMetrics (RatisMetrics.java:unregister(43)) - Unregistering Metrics Registry : ratis_grpc.log_appender.188a3981-abf6-489f-b30f-6e133fbbe68f@group-F68A1D6722C3
2021-01-12 10:39:58,687 [188a3981-abf6-489f-b30f-6e133fbbe68f@group-F68A1D6722C3->76c719c5-dd80-44a7-8fd8-91f7e0efff8b-GrpcLogAppender-LogAppenderDaemon] WARN  server.GrpcLogAppender (GrpcLogAppender.java:mayWait(175)) - 188a3981-abf6-489f-b30f-6e133fbbe68f@group-F68A1D6722C3->76c719c5-dd80-44a7-8fd8-91f7e0efff8b-GrpcLogAppender: Wait interrupted by java.lang.InterruptedException
2021-01-12 10:39:58,687 [188a3981-abf6-489f-b30f-6e133fbbe68f@group-F68A1D6722C3->722b62ba-328d-4705-904e-eefd1aac7358-GrpcLogAppender-LogAppenderDaemon] WARN  server.GrpcLogAppender (GrpcLogAppender.java:mayWait(175)) - 188a3981-abf6-489f-b30f-6e133fbbe68f@group-F68A1D6722C3->722b62ba-328d-4705-904e-eefd1aac7358-GrpcLogAppender: Wait interrupted by java.lang.InterruptedException
2021-01-12 10:39:58,688 [Listener at 127.0.0.1/10732] INFO  segmented.SegmentedRaftLogWorker (SegmentedRaftLogWorker.java:close(236)) - 76c719c5-dd80-44a7-8fd8-91f7e0efff8b@group-2985783B7DD1-SegmentedRaftLogWorker close()
2021-01-12 10:39:58,688 [grpc-default-executor-3] INFO  server.GrpcServerProtocolService (GrpcServerProtocolService.java:onCompleted(138)) - 722b62ba-328d-4705-904e-eefd1aac7358: Completed APPEND_ENTRIES, lastRequest: 188a3981-abf6-489f-b30f-6e133fbbe68f->722b62ba-328d-4705-904e-eefd1aac7358#1-t1,previous=(t:0, i:0),leaderCommit=-1,initializing? true,entries: size=1, first=(t:1, i:0), CONFIGURATIONENTRY
2021-01-12 10:39:58,687 [ForkJoinPool.commonPool-worker-0] INFO  impl.PendingRequests (PendingRequests.java:sendNotLeaderResponses(249)) - 188a3981-abf6-489f-b30f-6e133fbbe68f@group-F68A1D6722C3-PendingRequests: sendNotLeaderResponses
2021-01-12 10:39:58,688 [grpc-default-executor-2] INFO  server.GrpcServerProtocolService (GrpcServerProtocolService.java:onCompleted(138)) - 76c719c5-dd80-44a7-8fd8-91f7e0efff8b: Completed APPEND_ENTRIES, lastRequest: 188a3981-abf6-489f-b30f-6e133fbbe68f->76c719c5-dd80-44a7-8fd8-91f7e0efff8b#1-t1,previous=(t:0, i:0),leaderCommit=-1,initializing? true,entries: size=1, first=(t:1, i:0), CONFIGURATIONENTRY
2021-01-12 10:39:58,689 [Listener at 127.0.0.1/10732] INFO  metrics.RatisMetrics (RatisMetrics.java:unregister(43)) - Unregistering Metrics Registry : ratis.log_worker.76c719c5-dd80-44a7-8fd8-91f7e0efff8b@group-2985783B7DD1
2021-01-12 10:39:58,689 [Listener at 127.0.0.1/10732] INFO  metrics.RatisMetrics (RatisMetrics.java:unregister(43)) - Unregistering Metrics Registry : ratis.leader_election.76c719c5-dd80-44a7-8fd8-91f7e0efff8b@group-2985783B7DD1
2021-01-12 10:39:58,689 [Listener at 127.0.0.1/10732] INFO  metrics.RatisMetrics (RatisMetrics.java:unregister(43)) - Unregistering Metrics Registry : ratis.server.76c719c5-dd80-44a7-8fd8-91f7e0efff8b@group-2985783B7DD1
2021-01-12 10:39:58,689 [Listener at 127.0.0.1/10732] INFO  server.RaftServer$Division (RaftServerImpl.java:lambda$close$4(405)) - 76c719c5-dd80-44a7-8fd8-91f7e0efff8b@group-82257435C903: shutdown
2021-01-12 10:39:58,689 [Listener at 127.0.0.1/10732] INFO  util.JmxRegister (JmxRegister.java:unregister(73)) - Successfully un-registered JMX Bean with object name Ratis:service=RaftServer,group=group-82257435C903,id=76c719c5-dd80-44a7-8fd8-91f7e0efff8b
2021-01-12 10:39:58,689 [Listener at 127.0.0.1/10732] INFO  impl.RoleInfo (RoleInfo.java:shutdownLeaderState(91)) - 76c719c5-dd80-44a7-8fd8-91f7e0efff8b: shutdown 76c719c5-dd80-44a7-8fd8-91f7e0efff8b@group-82257435C903-LeaderStateImpl
2021-01-12 10:39:58,690 [Listener at 127.0.0.1/10732] INFO  metrics.RatisMetrics (RatisMetrics.java:unregister(43)) - Unregistering Metrics Registry : ratis_grpc.log_appender.76c719c5-dd80-44a7-8fd8-91f7e0efff8b@group-82257435C903
2021-01-12 10:39:58,690 [Listener at 127.0.0.1/10732] INFO  metrics.RatisMetrics (RatisMetrics.java:unregister(43)) - Unregistering Metrics Registry : ratis_grpc.log_appender.76c719c5-dd80-44a7-8fd8-91f7e0efff8b@group-82257435C903
2021-01-12 10:39:58,690 [Listener at 127.0.0.1/10732] INFO  impl.PendingRequests (PendingRequests.java:sendNotLeaderResponses(249)) - 76c719c5-dd80-44a7-8fd8-91f7e0efff8b@group-82257435C903-PendingRequests: sendNotLeaderResponses
2021-01-12 10:39:58,690 [Listener at 127.0.0.1/10732] INFO  metrics.RatisMetrics (RatisMetrics.java:unregister(43)) - Unregistering Metrics Registry : ratis.log_appender.76c719c5-dd80-44a7-8fd8-91f7e0efff8b@group-82257435C903
2021-01-12 10:39:58,690 [Listener at 127.0.0.1/10732] INFO  metrics.RatisMetrics (RatisMetrics.java:unregister(43)) - Unregistering Metrics Registry : ratis.server.76c719c5-dd80-44a7-8fd8-91f7e0efff8b@group-82257435C903
2021-01-12 10:39:58,690 [Listener at 127.0.0.1/10732] INFO  impl.StateMachineUpdater (StateMachineUpdater.java:stopAndJoin(148)) - 76c719c5-dd80-44a7-8fd8-91f7e0efff8b@group-82257435C903-StateMachineUpdater: set stopIndex = 0
2021-01-12 10:39:58,690 [76c719c5-dd80-44a7-8fd8-91f7e0efff8b@group-82257435C903->722b62ba-328d-4705-904e-eefd1aac7358-GrpcLogAppender-LogAppenderDaemon] WARN  server.GrpcLogAppender (GrpcLogAppender.java:mayWait(175)) - 76c719c5-dd80-44a7-8fd8-91f7e0efff8b@group-82257435C903->722b62ba-328d-4705-904e-eefd1aac7358-GrpcLogAppender: Wait interrupted by java.lang.InterruptedException
2021-01-12 10:39:58,690 [76c719c5-dd80-44a7-8fd8-91f7e0efff8b@group-82257435C903-StateMachineUpdater] INFO  ratis.ContainerStateMachine (ContainerStateMachine.java:takeSnapshot(291)) - group-82257435C903: Taking a snapshot at:(t:1, i:0) file /github/workspace/mnt/ozone/hadoop-ozone/integration-test/target/test-dir/MiniOzoneClusterImpl-845f199f-e199-49cc-a013-e02be1563f77/datanode-1/data/ratis/bbf6dc67-22e2-4b23-b4a5-82257435c903/sm/snapshot.1_0
2021-01-12 10:39:58,689 [ForkJoinPool.commonPool-worker-0] INFO  metrics.RatisMetrics (RatisMetrics.java:unregister(43)) - Unregistering Metrics Registry : ratis.log_appender.188a3981-abf6-489f-b30f-6e133fbbe68f@group-F68A1D6722C3
2021-01-12 10:39:58,690 [76c719c5-dd80-44a7-8fd8-91f7e0efff8b@group-82257435C903->188a3981-abf6-489f-b30f-6e133fbbe68f-GrpcLogAppender-LogAppenderDaemon] WARN  server.GrpcLogAppender (GrpcLogAppender.java:mayWait(175)) - 76c719c5-dd80-44a7-8fd8-91f7e0efff8b@group-82257435C903->188a3981-abf6-489f-b30f-6e133fbbe68f-GrpcLogAppender: Wait interrupted by java.lang.InterruptedException
2021-01-12 10:39:58,691 [ForkJoinPool.commonPool-worker-0] INFO  metrics.RatisMetrics (RatisMetrics.java:unregister(43)) - Unregistering Metrics Registry : ratis.server.188a3981-abf6-489f-b30f-6e133fbbe68f@group-F68A1D6722C3
2021-01-12 10:39:58,691 [76c719c5-dd80-44a7-8fd8-91f7e0efff8b@group-82257435C903-StateMachineUpdater] INFO  ratis.ContainerStateMachine (ContainerStateMachine.java:takeSnapshot(302)) - group-82257435C903: Finished taking a snapshot at:(t:1, i:0) file:/github/workspace/mnt/ozone/hadoop-ozone/integration-test/target/test-dir/MiniOzoneClusterImpl-845f199f-e199-49cc-a013-e02be1563f77/datanode-1/data/ratis/bbf6dc67-22e2-4b23-b4a5-82257435c903/sm/snapshot.1_0 took: 1 ms
2021-01-12 10:39:58,691 [ForkJoinPool.commonPool-worker-0] INFO  impl.StateMachineUpdater (StateMachineUpdater.java:stopAndJoin(148)) - 188a3981-abf6-489f-b30f-6e133fbbe68f@group-F68A1D6722C3-StateMachineUpdater: set stopIndex = 0
2021-01-12 10:39:58,691 [188a3981-abf6-489f-b30f-6e133fbbe68f@group-F68A1D6722C3-StateMachineUpdater] INFO  ratis.ContainerStateMachine (ContainerStateMachine.java:takeSnapshot(291)) - group-F68A1D6722C3: Taking a snapshot at:(t:1, i:0) file /github/workspace/mnt/ozone/hadoop-ozone/integration-test/target/test-dir/MiniOzoneClusterImpl-845f199f-e199-49cc-a013-e02be1563f77/datanode-0/data/ratis/fcb4bacf-1453-41b8-bdb5-f68a1d6722c3/sm/snapshot.1_0
2021-01-12 10:39:58,692 [188a3981-abf6-489f-b30f-6e133fbbe68f@group-F68A1D6722C3-StateMachineUpdater] INFO  ratis.ContainerStateMachine (ContainerStateMachine.java:takeSnapshot(302)) - group-F68A1D6722C3: Finished taking a snapshot at:(t:1, i:0) file:/github/workspace/mnt/ozone/hadoop-ozone/integration-test/target/test-dir/MiniOzoneClusterImpl-845f199f-e199-49cc-a013-e02be1563f77/datanode-0/data/ratis/fcb4bacf-1453-41b8-bdb5-f68a1d6722c3/sm/snapshot.1_0 took: 1 ms
2021-01-12 10:39:58,692 [188a3981-abf6-489f-b30f-6e133fbbe68f@group-F68A1D6722C3-StateMachineUpdater] INFO  impl.StateMachineUpdater (StateMachineUpdater.java:takeSnapshot(279)) - 188a3981-abf6-489f-b30f-6e133fbbe68f@group-F68A1D6722C3-StateMachineUpdater: Took a snapshot at index 0
2021-01-12 10:39:58,692 [188a3981-abf6-489f-b30f-6e133fbbe68f@group-F68A1D6722C3-StateMachineUpdater] INFO  impl.StateMachineUpdater (StateMachineUpdater.java:lambda$new$0(88)) - 188a3981-abf6-489f-b30f-6e133fbbe68f@group-F68A1D6722C3-StateMachineUpdater: snapshotIndex: updateIncreasingly -1 -> 0
2021-01-12 10:39:58,692 [188a3981-abf6-489f-b30f-6e133fbbe68f@group-F68A1D6722C3-StateMachineUpdater] INFO  metrics.RatisMetrics (RatisMetrics.java:unregister(43)) - Unregistering Metrics Registry : ratis.state_machine.188a3981-abf6-489f-b30f-6e133fbbe68f@group-F68A1D6722C3
2021-01-12 10:39:58,692 [grpc-default-executor-2] INFO  server.GrpcLogAppender (GrpcLogAppender.java:onCompleted(344)) - 188a3981-abf6-489f-b30f-6e133fbbe68f@group-F68A1D6722C3->722b62ba-328d-4705-904e-eefd1aac7358-AppendLogResponseHandler: follower responses appendEntries COMPLETED
2021-01-12 10:39:58,692 [grpc-default-executor-2] INFO  leader.FollowerInfo (FollowerInfoImpl.java:lambda$new$0(46)) - 188a3981-abf6-489f-b30f-6e133fbbe68f@group-F68A1D6722C3->722b62ba-328d-4705-904e-eefd1aac7358: nextIndex: updateUnconditionally 1 -> 0
2021-01-12 10:39:58,691 [76c719c5-dd80-44a7-8fd8-91f7e0efff8b@group-82257435C903-StateMachineUpdater] INFO  impl.StateMachineUpdater (StateMachineUpdater.java:takeSnapshot(279)) - 76c719c5-dd80-44a7-8fd8-91f7e0efff8b@group-82257435C903-StateMachineUpdater: Took a snapshot at index 0
2021-01-12 10:39:58,692 [76c719c5-dd80-44a7-8fd8-91f7e0efff8b@group-82257435C903-StateMachineUpdater] INFO  impl.StateMachineUpdater (StateMachineUpdater.java:lambda$new$0(88)) - 76c719c5-dd80-44a7-8fd8-91f7e0efff8b@group-82257435C903-StateMachineUpdater: snapshotIndex: updateIncreasingly -1 -> 0
2021-01-12 10:39:58,693 [76c719c5-dd80-44a7-8fd8-91f7e0efff8b@group-82257435C903-StateMachineUpdater] INFO  metrics.RatisMetrics (RatisMetrics.java:unregister(43)) - Unregistering Metrics Registry : ratis.state_machine.76c719c5-dd80-44a7-8fd8-91f7e0efff8b@group-82257435C903
2021-01-12 10:39:58,693 [Listener at 127.0.0.1/10732] INFO  server.RaftServer$Division (ServerState.java:close(400)) - 76c719c5-dd80-44a7-8fd8-91f7e0efff8b@group-82257435C903: closes. applyIndex: 0
2021-01-12 10:39:58,693 [76c719c5-dd80-44a7-8fd8-91f7e0efff8b@group-82257435C903-SegmentedRaftLogWorker] INFO  segmented.SegmentedRaftLogWorker (SegmentedRaftLogWorker.java:run(326)) - 76c719c5-dd80-44a7-8fd8-91f7e0efff8b@group-82257435C903-SegmentedRaftLogWorker was interrupted, exiting. There are 0 tasks remaining in the queue.
2021-01-12 10:39:58,693 [Listener at 127.0.0.1/10732] INFO  segmented.SegmentedRaftLogWorker (SegmentedRaftLogWorker.java:close(236)) - 76c719c5-dd80-44a7-8fd8-91f7e0efff8b@group-82257435C903-SegmentedRaftLogWorker close()
2021-01-12 10:39:58,693 [grpc-default-executor-3] INFO  server.GrpcLogAppender (GrpcLogAppender.java:onCompleted(344)) - 188a3981-abf6-489f-b30f-6e133fbbe68f@group-F68A1D6722C3->76c719c5-dd80-44a7-8fd8-91f7e0efff8b-AppendLogResponseHandler: follower responses appendEntries COMPLETED
2021-01-12 10:39:58,693 [grpc-default-executor-1] INFO  server.GrpcServerProtocolService (GrpcServerProtocolService.java:onCompleted(138)) - 722b62ba-328d-4705-904e-eefd1aac7358: Completed APPEND_ENTRIES, lastRequest: 76c719c5-dd80-44a7-8fd8-91f7e0efff8b->722b62ba-328d-4705-904e-eefd1aac7358#1-t1,previous=(t:0, i:0),leaderCommit=-1,initializing? true,entries: size=1, first=(t:1, i:0), CONFIGURATIONENTRY
2021-01-12 10:39:58,693 [grpc-default-executor-0] INFO  server.GrpcServerProtocolService (GrpcServerProtocolService.java:onCompleted(138)) - 188a3981-abf6-489f-b30f-6e133fbbe68f: Completed APPEND_ENTRIES, lastRequest: 76c719c5-dd80-44a7-8fd8-91f7e0efff8b->188a3981-abf6-489f-b30f-6e133fbbe68f#1-t1,previous=(t:0, i:0),leaderCommit=0,initializing? true,entries: size=1, first=(t:1, i:0), CONFIGURATIONENTRY
2021-01-12 10:39:58,693 [grpc-default-executor-3] INFO  leader.FollowerInfo (FollowerInfoImpl.java:lambda$new$0(46)) - 188a3981-abf6-489f-b30f-6e133fbbe68f@group-F68A1D6722C3->76c719c5-dd80-44a7-8fd8-91f7e0efff8b: nextIndex: updateUnconditionally 1 -> 0
2021-01-12 10:39:58,694 [Listener at 127.0.0.1/10732] INFO  metrics.RatisMetrics (RatisMetrics.java:unregister(43)) - Unregistering Metrics Registry : ratis.log_worker.76c719c5-dd80-44a7-8fd8-91f7e0efff8b@group-82257435C903
2021-01-12 10:39:58,694 [Listener at 127.0.0.1/10732] INFO  metrics.RatisMetrics (RatisMetrics.java:unregister(43)) - Unregistering Metrics Registry : ratis.leader_election.76c719c5-dd80-44a7-8fd8-91f7e0efff8b@group-82257435C903
2021-01-12 10:39:58,694 [Listener at 127.0.0.1/10732] INFO  metrics.RatisMetrics (RatisMetrics.java:unregister(43)) - Unregistering Metrics Registry : ratis.server.76c719c5-dd80-44a7-8fd8-91f7e0efff8b@group-82257435C903
2021-01-12 10:39:58,694 [Listener at 127.0.0.1/10732] INFO  server.RaftServer$Division (RaftServerImpl.java:lambda$close$4(405)) - 76c719c5-dd80-44a7-8fd8-91f7e0efff8b@group-F68A1D6722C3: shutdown
2021-01-12 10:39:58,694 [Listener at 127.0.0.1/10732] INFO  util.JmxRegister (JmxRegister.java:unregister(73)) - Successfully un-registered JMX Bean with object name Ratis:service=RaftServer,group=group-F68A1D6722C3,id=76c719c5-dd80-44a7-8fd8-91f7e0efff8b
2021-01-12 10:39:58,694 [Listener at 127.0.0.1/10732] INFO  impl.RoleInfo (RoleInfo.java:shutdownFollowerState(108)) - 76c719c5-dd80-44a7-8fd8-91f7e0efff8b: shutdown 76c719c5-dd80-44a7-8fd8-91f7e0efff8b@group-F68A1D6722C3-FollowerState
2021-01-12 10:39:58,694 [Listener at 127.0.0.1/10732] INFO  impl.StateMachineUpdater (StateMachineUpdater.java:stopAndJoin(148)) - 76c719c5-dd80-44a7-8fd8-91f7e0efff8b@group-F68A1D6722C3-StateMachineUpdater: set stopIndex = 0
2021-01-12 10:39:58,694 [Thread-307] INFO  impl.FollowerState (FollowerState.java:run(142)) - 76c719c5-dd80-44a7-8fd8-91f7e0efff8b@group-F68A1D6722C3-FollowerState was interrupted: {}
java.lang.InterruptedException: sleep interrupted
	at java.lang.Thread.sleep(Native Method)
	at java.lang.Thread.sleep(Thread.java:340)
	at java.util.concurrent.TimeUnit.sleep(TimeUnit.java:386)
	at org.apache.ratis.util.TimeDuration.sleep(TimeDuration.java:324)
	at org.apache.ratis.util.TimeDuration.sleep(TimeDuration.java:309)
	at org.apache.ratis.server.impl.FollowerState.run(FollowerState.java:117)
2021-01-12 10:39:58,695 [76c719c5-dd80-44a7-8fd8-91f7e0efff8b@group-F68A1D6722C3-StateMachineUpdater] INFO  ratis.ContainerStateMachine (ContainerStateMachine.java:takeSnapshot(291)) - group-F68A1D6722C3: Taking a snapshot at:(t:1, i:0) file /github/workspace/mnt/ozone/hadoop-ozone/integration-test/target/test-dir/MiniOzoneClusterImpl-845f199f-e199-49cc-a013-e02be1563f77/datanode-1/data/ratis/fcb4bacf-1453-41b8-bdb5-f68a1d6722c3/sm/snapshot.1_0
2021-01-12 10:39:58,695 [grpc-default-executor-1] INFO  server.GrpcLogAppender (GrpcLogAppender.java:onCompleted(344)) - 76c719c5-dd80-44a7-8fd8-91f7e0efff8b@group-82257435C903->188a3981-abf6-489f-b30f-6e133fbbe68f-AppendLogResponseHandler: follower responses appendEntries COMPLETED
2021-01-12 10:39:58,695 [grpc-default-executor-3] INFO  server.GrpcLogAppender (GrpcLogAppender.java:onCompleted(344)) - 76c719c5-dd80-44a7-8fd8-91f7e0efff8b@group-82257435C903->722b62ba-328d-4705-904e-eefd1aac7358-AppendLogResponseHandler: follower responses appendEntries COMPLETED
2021-01-12 10:39:58,695 [grpc-default-executor-3] INFO  leader.FollowerInfo (FollowerInfoImpl.java:lambda$new$0(46)) - 76c719c5-dd80-44a7-8fd8-91f7e0efff8b@group-82257435C903->722b62ba-328d-4705-904e-eefd1aac7358: nextIndex: updateUnconditionally 1 -> 0
2021-01-12 10:39:58,695 [grpc-default-executor-1] INFO  leader.FollowerInfo (FollowerInfoImpl.java:lambda$new$0(46)) - 76c719c5-dd80-44a7-8fd8-91f7e0efff8b@group-82257435C903->188a3981-abf6-489f-b30f-6e133fbbe68f: nextIndex: updateUnconditionally 1 -> 0
2021-01-12 10:39:58,695 [76c719c5-dd80-44a7-8fd8-91f7e0efff8b@group-F68A1D6722C3-StateMachineUpdater] INFO  ratis.ContainerStateMachine (ContainerStateMachine.java:takeSnapshot(302)) - group-F68A1D6722C3: Finished taking a snapshot at:(t:1, i:0) file:/github/workspace/mnt/ozone/hadoop-ozone/integration-test/target/test-dir/MiniOzoneClusterImpl-845f199f-e199-49cc-a013-e02be1563f77/datanode-1/data/ratis/fcb4bacf-1453-41b8-bdb5-f68a1d6722c3/sm/snapshot.1_0 took: 0 ms
2021-01-12 10:39:58,696 [76c719c5-dd80-44a7-8fd8-91f7e0efff8b@group-F68A1D6722C3-StateMachineUpdater] INFO  impl.StateMachineUpdater (StateMachineUpdater.java:takeSnapshot(279)) - 76c719c5-dd80-44a7-8fd8-91f7e0efff8b@group-F68A1D6722C3-StateMachineUpdater: Took a snapshot at index 0
2021-01-12 10:39:58,696 [76c719c5-dd80-44a7-8fd8-91f7e0efff8b@group-F68A1D6722C3-StateMachineUpdater] INFO  impl.StateMachineUpdater (StateMachineUpdater.java:lambda$new$0(88)) - 76c719c5-dd80-44a7-8fd8-91f7e0efff8b@group-F68A1D6722C3-StateMachineUpdater: snapshotIndex: updateIncreasingly -1 -> 0
2021-01-12 10:39:58,696 [76c719c5-dd80-44a7-8fd8-91f7e0efff8b@group-F68A1D6722C3-StateMachineUpdater] INFO  metrics.RatisMetrics (RatisMetrics.java:unregister(43)) - Unregistering Metrics Registry : ratis.state_machine.76c719c5-dd80-44a7-8fd8-91f7e0efff8b@group-F68A1D6722C3
2021-01-12 10:39:58,696 [Listener at 127.0.0.1/10732] INFO  server.RaftServer$Division (ServerState.java:close(400)) - 76c719c5-dd80-44a7-8fd8-91f7e0efff8b@group-F68A1D6722C3: closes. applyIndex: 0
2021-01-12 10:39:58,696 [76c719c5-dd80-44a7-8fd8-91f7e0efff8b@group-F68A1D6722C3-SegmentedRaftLogWorker] INFO  segmented.SegmentedRaftLogWorker (SegmentedRaftLogWorker.java:run(326)) - 76c719c5-dd80-44a7-8fd8-91f7e0efff8b@group-F68A1D6722C3-SegmentedRaftLogWorker was interrupted, exiting. There are 0 tasks remaining in the queue.
2021-01-12 10:39:58,696 [Listener at 127.0.0.1/10732] INFO  segmented.SegmentedRaftLogWorker (SegmentedRaftLogWorker.java:close(236)) - 76c719c5-dd80-44a7-8fd8-91f7e0efff8b@group-F68A1D6722C3-SegmentedRaftLogWorker close()
2021-01-12 10:39:58,697 [ForkJoinPool.commonPool-worker-0] INFO  server.RaftServer$Division (ServerState.java:close(400)) - 188a3981-abf6-489f-b30f-6e133fbbe68f@group-F68A1D6722C3: closes. applyIndex: 0
2021-01-12 10:39:58,697 [Listener at 127.0.0.1/10732] INFO  metrics.RatisMetrics (RatisMetrics.java:unregister(43)) - Unregistering Metrics Registry : ratis.log_worker.76c719c5-dd80-44a7-8fd8-91f7e0efff8b@group-F68A1D6722C3
2021-01-12 10:39:58,698 [Listener at 127.0.0.1/10732] INFO  metrics.RatisMetrics (RatisMetrics.java:unregister(43)) - Unregistering Metrics Registry : ratis.leader_election.76c719c5-dd80-44a7-8fd8-91f7e0efff8b@group-F68A1D6722C3
2021-01-12 10:39:58,698 [Listener at 127.0.0.1/10732] INFO  metrics.RatisMetrics (RatisMetrics.java:unregister(43)) - Unregistering Metrics Registry : ratis.server.76c719c5-dd80-44a7-8fd8-91f7e0efff8b@group-F68A1D6722C3
2021-01-12 10:39:58,698 [Listener at 127.0.0.1/10732] INFO  server.GrpcService (GrpcService.java:closeImpl(183)) - 76c719c5-dd80-44a7-8fd8-91f7e0efff8b: shutdown server with port 40481 now
2021-01-12 10:39:58,700 [188a3981-abf6-489f-b30f-6e133fbbe68f@group-F68A1D6722C3-SegmentedRaftLogWorker] INFO  segmented.SegmentedRaftLogWorker (SegmentedRaftLogWorker.java:run(326)) - 188a3981-abf6-489f-b30f-6e133fbbe68f@group-F68A1D6722C3-SegmentedRaftLogWorker was interrupted, exiting. There are 0 tasks remaining in the queue.
2021-01-12 10:39:58,700 [ForkJoinPool.commonPool-worker-0] INFO  segmented.SegmentedRaftLogWorker (SegmentedRaftLogWorker.java:close(236)) - 188a3981-abf6-489f-b30f-6e133fbbe68f@group-F68A1D6722C3-SegmentedRaftLogWorker close()
2021-01-12 10:39:58,701 [ForkJoinPool.commonPool-worker-0] INFO  metrics.RatisMetrics (RatisMetrics.java:unregister(43)) - Unregistering Metrics Registry : ratis.log_worker.188a3981-abf6-489f-b30f-6e133fbbe68f@group-F68A1D6722C3
2021-01-12 10:39:58,701 [ForkJoinPool.commonPool-worker-0] INFO  metrics.RatisMetrics (RatisMetrics.java:unregister(43)) - Unregistering Metrics Registry : ratis.leader_election.188a3981-abf6-489f-b30f-6e133fbbe68f@group-F68A1D6722C3
2021-01-12 10:39:58,702 [ForkJoinPool.commonPool-worker-0] INFO  metrics.RatisMetrics (RatisMetrics.java:unregister(43)) - Unregistering Metrics Registry : ratis.server.188a3981-abf6-489f-b30f-6e133fbbe68f@group-F68A1D6722C3
2021-01-12 10:39:58,702 [ForkJoinPool.commonPool-worker-0] INFO  server.RaftServer$Division (RaftServerImpl.java:lambda$close$4(405)) - 188a3981-abf6-489f-b30f-6e133fbbe68f@group-DDF8FA677D6C: shutdown
2021-01-12 10:39:58,702 [ForkJoinPool.commonPool-worker-0] INFO  util.JmxRegister (JmxRegister.java:unregister(73)) - Successfully un-registered JMX Bean with object name Ratis:service=RaftServer,group=group-DDF8FA677D6C,id=188a3981-abf6-489f-b30f-6e133fbbe68f
2021-01-12 10:39:58,702 [ForkJoinPool.commonPool-worker-0] INFO  impl.RoleInfo (RoleInfo.java:shutdownLeaderState(91)) - 188a3981-abf6-489f-b30f-6e133fbbe68f: shutdown 188a3981-abf6-489f-b30f-6e133fbbe68f@group-DDF8FA677D6C-LeaderStateImpl
2021-01-12 10:39:58,702 [ForkJoinPool.commonPool-worker-0] INFO  impl.PendingRequests (PendingRequests.java:sendNotLeaderResponses(249)) - 188a3981-abf6-489f-b30f-6e133fbbe68f@group-DDF8FA677D6C-PendingRequests: sendNotLeaderResponses
2021-01-12 10:39:58,702 [ForkJoinPool.commonPool-worker-0] INFO  metrics.RatisMetrics (RatisMetrics.java:unregister(43)) - Unregistering Metrics Registry : ratis.log_appender.188a3981-abf6-489f-b30f-6e133fbbe68f@group-DDF8FA677D6C
2021-01-12 10:39:58,702 [ForkJoinPool.commonPool-worker-0] INFO  metrics.RatisMetrics (RatisMetrics.java:unregister(43)) - Unregistering Metrics Registry : ratis.server.188a3981-abf6-489f-b30f-6e133fbbe68f@group-DDF8FA677D6C
2021-01-12 10:39:58,702 [ForkJoinPool.commonPool-worker-0] INFO  impl.StateMachineUpdater (StateMachineUpdater.java:stopAndJoin(148)) - 188a3981-abf6-489f-b30f-6e133fbbe68f@group-DDF8FA677D6C-StateMachineUpdater: set stopIndex = 0
2021-01-12 10:39:58,702 [188a3981-abf6-489f-b30f-6e133fbbe68f@group-DDF8FA677D6C-StateMachineUpdater] INFO  ratis.ContainerStateMachine (ContainerStateMachine.java:takeSnapshot(291)) - group-DDF8FA677D6C: Taking a snapshot at:(t:1, i:0) file /github/workspace/mnt/ozone/hadoop-ozone/integration-test/target/test-dir/MiniOzoneClusterImpl-845f199f-e199-49cc-a013-e02be1563f77/datanode-0/data/ratis/dc9f025a-fc8f-4be3-97a6-ddf8fa677d6c/sm/snapshot.1_0
2021-01-12 10:39:58,703 [188a3981-abf6-489f-b30f-6e133fbbe68f@group-DDF8FA677D6C-StateMachineUpdater] INFO  ratis.ContainerStateMachine (ContainerStateMachine.java:takeSnapshot(302)) - group-DDF8FA677D6C: Finished taking a snapshot at:(t:1, i:0) file:/github/workspace/mnt/ozone/hadoop-ozone/integration-test/target/test-dir/MiniOzoneClusterImpl-845f199f-e199-49cc-a013-e02be1563f77/datanode-0/data/ratis/dc9f025a-fc8f-4be3-97a6-ddf8fa677d6c/sm/snapshot.1_0 took: 1 ms
2021-01-12 10:39:58,703 [188a3981-abf6-489f-b30f-6e133fbbe68f@group-DDF8FA677D6C-StateMachineUpdater] INFO  impl.StateMachineUpdater (StateMachineUpdater.java:takeSnapshot(279)) - 188a3981-abf6-489f-b30f-6e133fbbe68f@group-DDF8FA677D6C-StateMachineUpdater: Took a snapshot at index 0
2021-01-12 10:39:58,703 [188a3981-abf6-489f-b30f-6e133fbbe68f@group-DDF8FA677D6C-StateMachineUpdater] INFO  impl.StateMachineUpdater (StateMachineUpdater.java:lambda$new$0(88)) - 188a3981-abf6-489f-b30f-6e133fbbe68f@group-DDF8FA677D6C-StateMachineUpdater: snapshotIndex: updateIncreasingly -1 -> 0
2021-01-12 10:39:58,704 [188a3981-abf6-489f-b30f-6e133fbbe68f@group-DDF8FA677D6C-StateMachineUpdater] INFO  metrics.RatisMetrics (RatisMetrics.java:unregister(43)) - Unregistering Metrics Registry : ratis.state_machine.188a3981-abf6-489f-b30f-6e133fbbe68f@group-DDF8FA677D6C
2021-01-12 10:39:58,704 [Listener at 127.0.0.1/10732] INFO  server.GrpcService (GrpcService.java:closeImpl(192)) - 76c719c5-dd80-44a7-8fd8-91f7e0efff8b: shutdown server with port 40481 successfully
2021-01-12 10:39:58,704 [org.apache.ratis.util.JvmPauseMonitor$$Lambda$305/744069916@66e34ac7] INFO  util.JvmPauseMonitor (JvmPauseMonitor.java:run(109)) - JvmPauseMonitor-76c719c5-dd80-44a7-8fd8-91f7e0efff8b: Stopped
2021-01-12 10:39:58,707 [Listener at 127.0.0.1/10732] INFO  utils.BackgroundService (BackgroundService.java:shutdown(132)) - Shutting down service BlockDeletingService
2021-01-12 10:39:58,708 [Listener at 127.0.0.1/10732] INFO  statemachine.DatanodeStateMachine (DatanodeStateMachine.java:stopDaemon(461)) - Ozone container server stopped.
2021-01-12 10:39:58,713 [ForkJoinPool.commonPool-worker-0] INFO  server.RaftServer$Division (ServerState.java:close(400)) - 188a3981-abf6-489f-b30f-6e133fbbe68f@group-DDF8FA677D6C: closes. applyIndex: 0
2021-01-12 10:39:58,714 [188a3981-abf6-489f-b30f-6e133fbbe68f@group-DDF8FA677D6C-SegmentedRaftLogWorker] INFO  segmented.SegmentedRaftLogWorker (SegmentedRaftLogWorker.java:run(326)) - 188a3981-abf6-489f-b30f-6e133fbbe68f@group-DDF8FA677D6C-SegmentedRaftLogWorker was interrupted, exiting. There are 0 tasks remaining in the queue.
2021-01-12 10:39:58,714 [ForkJoinPool.commonPool-worker-0] INFO  segmented.SegmentedRaftLogWorker (SegmentedRaftLogWorker.java:close(236)) - 188a3981-abf6-489f-b30f-6e133fbbe68f@group-DDF8FA677D6C-SegmentedRaftLogWorker close()
2021-01-12 10:39:58,714 [ForkJoinPool.commonPool-worker-0] INFO  metrics.RatisMetrics (RatisMetrics.java:unregister(43)) - Unregistering Metrics Registry : ratis.log_worker.188a3981-abf6-489f-b30f-6e133fbbe68f@group-DDF8FA677D6C
2021-01-12 10:39:58,714 [ForkJoinPool.commonPool-worker-0] INFO  metrics.RatisMetrics (RatisMetrics.java:unregister(43)) - Unregistering Metrics Registry : ratis.leader_election.188a3981-abf6-489f-b30f-6e133fbbe68f@group-DDF8FA677D6C
2021-01-12 10:39:58,714 [ForkJoinPool.commonPool-worker-0] INFO  metrics.RatisMetrics (RatisMetrics.java:unregister(43)) - Unregistering Metrics Registry : ratis.server.188a3981-abf6-489f-b30f-6e133fbbe68f@group-DDF8FA677D6C
2021-01-12 10:39:58,714 [ForkJoinPool.commonPool-worker-0] INFO  server.GrpcService (GrpcService.java:closeImpl(183)) - 188a3981-abf6-489f-b30f-6e133fbbe68f: shutdown server with port 42803 now
2021-01-12 10:39:58,720 [ForkJoinPool.commonPool-worker-0] INFO  server.GrpcService (GrpcService.java:closeImpl(192)) - 188a3981-abf6-489f-b30f-6e133fbbe68f: shutdown server with port 42803 successfully
2021-01-12 10:39:58,720 [org.apache.ratis.util.JvmPauseMonitor$$Lambda$305/744069916@49deb652] INFO  util.JvmPauseMonitor (JvmPauseMonitor.java:run(109)) - JvmPauseMonitor-188a3981-abf6-489f-b30f-6e133fbbe68f: Stopped
2021-01-12 10:39:58,727 [Listener at 127.0.0.1/10732] INFO  handler.ContextHandler (ContextHandler.java:doStop(1154)) - Stopped o.e.j.w.WebAppContext@5f6bc442{hddsDatanode,/,null,STOPPED}{jar:file:/home/user/.m2/repository/org/apache/hadoop/hadoop-hdds-container-service/1.1.0-SNAPSHOT/hadoop-hdds-container-service-1.1.0-SNAPSHOT.jar!/webapps/hddsDatanode}
2021-01-12 10:39:58,730 [ForkJoinPool.commonPool-worker-0] INFO  utils.BackgroundService (BackgroundService.java:shutdown(132)) - Shutting down service BlockDeletingService
2021-01-12 10:39:58,730 [Listener at 127.0.0.1/10732] INFO  server.AbstractConnector (AbstractConnector.java:doStop(381)) - Stopped ServerConnector@39721175{HTTP/1.1, (http/1.1)}{0.0.0.0:0}
2021-01-12 10:39:58,730 [Listener at 127.0.0.1/10732] INFO  server.session (HouseKeeper.java:stopScavenging(149)) - node0 Stopped scavenging
2021-01-12 10:39:58,731 [Listener at 127.0.0.1/10732] INFO  handler.ContextHandler (ContextHandler.java:doStop(1154)) - Stopped o.e.j.s.ServletContextHandler@4513b25f{static,/static,jar:file:/home/user/.m2/repository/org/apache/hadoop/hadoop-hdds-container-service/1.1.0-SNAPSHOT/hadoop-hdds-container-service-1.1.0-SNAPSHOT.jar!/webapps/static,STOPPED}
2021-01-12 10:39:58,731 [Listener at 127.0.0.1/10732] INFO  handler.ContextHandler (ContextHandler.java:doStop(1154)) - Stopped o.e.j.s.ServletContextHandler@57d11146{logs,/logs,file:///github/workspace/mnt/ozone/hadoop-ozone/integration-test/target/log,STOPPED}
2021-01-12 10:39:58,736 [ForkJoinPool.commonPool-worker-0] INFO  statemachine.DatanodeStateMachine (DatanodeStateMachine.java:stopDaemon(461)) - Ozone container server stopped.
2021-01-12 10:39:58,751 [ForkJoinPool.commonPool-worker-0] INFO  handler.ContextHandler (ContextHandler.java:doStop(1154)) - Stopped o.e.j.w.WebAppContext@51803eaa{hddsDatanode,/,null,STOPPED}{jar:file:/home/user/.m2/repository/org/apache/hadoop/hadoop-hdds-container-service/1.1.0-SNAPSHOT/hadoop-hdds-container-service-1.1.0-SNAPSHOT.jar!/webapps/hddsDatanode}
2021-01-12 10:39:58,752 [ForkJoinPool.commonPool-worker-0] INFO  server.AbstractConnector (AbstractConnector.java:doStop(381)) - Stopped ServerConnector@6488301b{HTTP/1.1, (http/1.1)}{0.0.0.0:0}
2021-01-12 10:39:58,752 [ForkJoinPool.commonPool-worker-0] INFO  server.session (HouseKeeper.java:stopScavenging(149)) - node0 Stopped scavenging
2021-01-12 10:39:58,754 [ForkJoinPool.commonPool-worker-0] INFO  handler.ContextHandler (ContextHandler.java:doStop(1154)) - Stopped o.e.j.s.ServletContextHandler@4894a835{static,/static,jar:file:/home/user/.m2/repository/org/apache/hadoop/hadoop-hdds-container-service/1.1.0-SNAPSHOT/hadoop-hdds-container-service-1.1.0-SNAPSHOT.jar!/webapps/static,STOPPED}
2021-01-12 10:39:58,754 [ForkJoinPool.commonPool-worker-0] INFO  handler.ContextHandler (ContextHandler.java:doStop(1154)) - Stopped o.e.j.s.ServletContextHandler@fb1efeb{logs,/logs,file:///github/workspace/mnt/ozone/hadoop-ozone/integration-test/target/log,STOPPED}
2021-01-12 10:39:59,477 [Datanode State Machine Thread - 0] INFO  statemachine.DatanodeStateMachine (DatanodeStateMachine.java:lambda$startDaemon$0(408)) - Ozone container server started.
2021-01-12 10:40:03,732 [Listener at 127.0.0.1/10732] INFO  ozoneimpl.OzoneContainer (OzoneContainer.java:stop(273)) - Attempting to stop container services.
2021-01-12 10:40:03,733 [Listener at 127.0.0.1/10732] INFO  server.RaftServer (RaftServerProxy.java:lambda$close$6(389)) - 722b62ba-328d-4705-904e-eefd1aac7358: close
2021-01-12 10:40:03,733 [Listener at 127.0.0.1/10732] INFO  server.RaftServer$Division (RaftServerImpl.java:lambda$close$4(405)) - 722b62ba-328d-4705-904e-eefd1aac7358@group-82257435C903: shutdown
2021-01-12 10:40:03,734 [Listener at 127.0.0.1/10732] INFO  util.JmxRegister (JmxRegister.java:unregister(73)) - Successfully un-registered JMX Bean with object name Ratis:service=RaftServer,group=group-82257435C903,id=722b62ba-328d-4705-904e-eefd1aac7358
2021-01-12 10:40:03,734 [Listener at 127.0.0.1/10732] INFO  impl.RoleInfo (RoleInfo.java:shutdownFollowerState(108)) - 722b62ba-328d-4705-904e-eefd1aac7358: shutdown 722b62ba-328d-4705-904e-eefd1aac7358@group-82257435C903-FollowerState
2021-01-12 10:40:03,734 [Listener at 127.0.0.1/10732] INFO  impl.StateMachineUpdater (StateMachineUpdater.java:stopAndJoin(148)) - 722b62ba-328d-4705-904e-eefd1aac7358@group-82257435C903-StateMachineUpdater: set stopIndex = 0
2021-01-12 10:40:03,734 [Thread-331] INFO  impl.FollowerState (FollowerState.java:run(142)) - 722b62ba-328d-4705-904e-eefd1aac7358@group-82257435C903-FollowerState was interrupted: {}
java.lang.InterruptedException: sleep interrupted
	at java.lang.Thread.sleep(Native Method)
	at java.lang.Thread.sleep(Thread.java:340)
	at java.util.concurrent.TimeUnit.sleep(TimeUnit.java:386)
	at org.apache.ratis.util.TimeDuration.sleep(TimeDuration.java:324)
	at org.apache.ratis.util.TimeDuration.sleep(TimeDuration.java:309)
	at org.apache.ratis.server.impl.FollowerState.run(FollowerState.java:117)
2021-01-12 10:40:03,734 [722b62ba-328d-4705-904e-eefd1aac7358@group-82257435C903-StateMachineUpdater] INFO  ratis.ContainerStateMachine (ContainerStateMachine.java:takeSnapshot(291)) - group-82257435C903: Taking a snapshot at:(t:1, i:0) file /github/workspace/mnt/ozone/hadoop-ozone/integration-test/target/test-dir/MiniOzoneClusterImpl-845f199f-e199-49cc-a013-e02be1563f77/datanode-2/data/ratis/bbf6dc67-22e2-4b23-b4a5-82257435c903/sm/snapshot.1_0
2021-01-12 10:40:03,734 [ForkJoinPool.commonPool-worker-1] INFO  server.RaftServer$Division (RaftServerImpl.java:lambda$close$4(405)) - 722b62ba-328d-4705-904e-eefd1aac7358@group-F68A1D6722C3: shutdown
2021-01-12 10:40:03,735 [ForkJoinPool.commonPool-worker-1] INFO  util.JmxRegister (JmxRegister.java:unregister(73)) - Successfully un-registered JMX Bean with object name Ratis:service=RaftServer,group=group-F68A1D6722C3,id=722b62ba-328d-4705-904e-eefd1aac7358
2021-01-12 10:40:03,735 [ForkJoinPool.commonPool-worker-1] INFO  impl.RoleInfo (RoleInfo.java:shutdownFollowerState(108)) - 722b62ba-328d-4705-904e-eefd1aac7358: shutdown 722b62ba-328d-4705-904e-eefd1aac7358@group-F68A1D6722C3-FollowerState
2021-01-12 10:40:03,735 [722b62ba-328d-4705-904e-eefd1aac7358@group-82257435C903-StateMachineUpdater] INFO  ratis.ContainerStateMachine (ContainerStateMachine.java:takeSnapshot(302)) - group-82257435C903: Finished taking a snapshot at:(t:1, i:0) file:/github/workspace/mnt/ozone/hadoop-ozone/integration-test/target/test-dir/MiniOzoneClusterImpl-845f199f-e199-49cc-a013-e02be1563f77/datanode-2/data/ratis/bbf6dc67-22e2-4b23-b4a5-82257435c903/sm/snapshot.1_0 took: 1 ms
2021-01-12 10:40:03,735 [722b62ba-328d-4705-904e-eefd1aac7358@group-F68A1D6722C3-StateMachineUpdater] INFO  ratis.ContainerStateMachine (ContainerStateMachine.java:takeSnapshot(291)) - group-F68A1D6722C3: Taking a snapshot at:(t:1, i:0) file /github/workspace/mnt/ozone/hadoop-ozone/integration-test/target/test-dir/MiniOzoneClusterImpl-845f199f-e199-49cc-a013-e02be1563f77/datanode-2/data/ratis/fcb4bacf-1453-41b8-bdb5-f68a1d6722c3/sm/snapshot.1_0
2021-01-12 10:40:03,735 [Thread-306] INFO  impl.FollowerState (FollowerState.java:run(142)) - 722b62ba-328d-4705-904e-eefd1aac7358@group-F68A1D6722C3-FollowerState was interrupted: {}
java.lang.InterruptedException: sleep interrupted
	at java.lang.Thread.sleep(Native Method)
	at java.lang.Thread.sleep(Thread.java:340)
	at java.util.concurrent.TimeUnit.sleep(TimeUnit.java:386)
	at org.apache.ratis.util.TimeDuration.sleep(TimeDuration.java:324)
	at org.apache.ratis.util.TimeDuration.sleep(TimeDuration.java:309)
	at org.apache.ratis.server.impl.FollowerState.run(FollowerState.java:117)
2021-01-12 10:40:03,735 [722b62ba-328d-4705-904e-eefd1aac7358@group-82257435C903-StateMachineUpdater] INFO  impl.StateMachineUpdater (StateMachineUpdater.java:takeSnapshot(279)) - 722b62ba-328d-4705-904e-eefd1aac7358@group-82257435C903-StateMachineUpdater: Took a snapshot at index 0
2021-01-12 10:40:03,737 [722b62ba-328d-4705-904e-eefd1aac7358@group-82257435C903-StateMachineUpdater] INFO  impl.StateMachineUpdater (StateMachineUpdater.java:lambda$new$0(88)) - 722b62ba-328d-4705-904e-eefd1aac7358@group-82257435C903-StateMachineUpdater: snapshotIndex: updateIncreasingly -1 -> 0
2021-01-12 10:40:03,737 [722b62ba-328d-4705-904e-eefd1aac7358@group-82257435C903-StateMachineUpdater] INFO  metrics.RatisMetrics (RatisMetrics.java:unregister(43)) - Unregistering Metrics Registry : ratis.state_machine.722b62ba-328d-4705-904e-eefd1aac7358@group-82257435C903
2021-01-12 10:40:03,737 [Listener at 127.0.0.1/10732] INFO  server.RaftServer$Division (ServerState.java:close(400)) - 722b62ba-328d-4705-904e-eefd1aac7358@group-82257435C903: closes. applyIndex: 0
2021-01-12 10:40:03,737 [722b62ba-328d-4705-904e-eefd1aac7358@group-F68A1D6722C3-StateMachineUpdater] INFO  ratis.ContainerStateMachine (ContainerStateMachine.java:takeSnapshot(302)) - group-F68A1D6722C3: Finished taking a snapshot at:(t:1, i:0) file:/github/workspace/mnt/ozone/hadoop-ozone/integration-test/target/test-dir/MiniOzoneClusterImpl-845f199f-e199-49cc-a013-e02be1563f77/datanode-2/data/ratis/fcb4bacf-1453-41b8-bdb5-f68a1d6722c3/sm/snapshot.1_0 took: 2 ms
2021-01-12 10:40:03,737 [722b62ba-328d-4705-904e-eefd1aac7358@group-82257435C903-SegmentedRaftLogWorker] INFO  segmented.SegmentedRaftLogWorker (SegmentedRaftLogWorker.java:run(326)) - 722b62ba-328d-4705-904e-eefd1aac7358@group-82257435C903-SegmentedRaftLogWorker was interrupted, exiting. There are 0 tasks remaining in the queue.
2021-01-12 10:40:03,737 [722b62ba-328d-4705-904e-eefd1aac7358@group-F68A1D6722C3-StateMachineUpdater] INFO  impl.StateMachineUpdater (StateMachineUpdater.java:takeSnapshot(279)) - 722b62ba-328d-4705-904e-eefd1aac7358@group-F68A1D6722C3-StateMachineUpdater: Took a snapshot at index 0
2021-01-12 10:40:03,737 [722b62ba-328d-4705-904e-eefd1aac7358@group-F68A1D6722C3-StateMachineUpdater] INFO  impl.StateMachineUpdater (StateMachineUpdater.java:lambda$new$0(88)) - 722b62ba-328d-4705-904e-eefd1aac7358@group-F68A1D6722C3-StateMachineUpdater: snapshotIndex: updateIncreasingly -1 -> 0
2021-01-12 10:40:03,736 [ForkJoinPool.commonPool-worker-1] INFO  impl.StateMachineUpdater (StateMachineUpdater.java:stopAndJoin(148)) - 722b62ba-328d-4705-904e-eefd1aac7358@group-F68A1D6722C3-StateMachineUpdater: set stopIndex = 0
2021-01-12 10:40:03,737 [722b62ba-328d-4705-904e-eefd1aac7358@group-F68A1D6722C3-StateMachineUpdater] INFO  metrics.RatisMetrics (RatisMetrics.java:unregister(43)) - Unregistering Metrics Registry : ratis.state_machine.722b62ba-328d-4705-904e-eefd1aac7358@group-F68A1D6722C3
2021-01-12 10:40:03,738 [Listener at 127.0.0.1/10732] INFO  segmented.SegmentedRaftLogWorker (SegmentedRaftLogWorker.java:close(236)) - 722b62ba-328d-4705-904e-eefd1aac7358@group-82257435C903-SegmentedRaftLogWorker close()
2021-01-12 10:40:03,738 [Listener at 127.0.0.1/10732] INFO  metrics.RatisMetrics (RatisMetrics.java:unregister(43)) - Unregistering Metrics Registry : ratis.log_worker.722b62ba-328d-4705-904e-eefd1aac7358@group-82257435C903
2021-01-12 10:40:03,738 [ForkJoinPool.commonPool-worker-1] INFO  server.RaftServer$Division (ServerState.java:close(400)) - 722b62ba-328d-4705-904e-eefd1aac7358@group-F68A1D6722C3: closes. applyIndex: 0
2021-01-12 10:40:03,738 [Listener at 127.0.0.1/10732] INFO  metrics.RatisMetrics (RatisMetrics.java:unregister(43)) - Unregistering Metrics Registry : ratis.leader_election.722b62ba-328d-4705-904e-eefd1aac7358@group-82257435C903
2021-01-12 10:40:03,739 [Listener at 127.0.0.1/10732] INFO  metrics.RatisMetrics (RatisMetrics.java:unregister(43)) - Unregistering Metrics Registry : ratis.server.722b62ba-328d-4705-904e-eefd1aac7358@group-82257435C903
2021-01-12 10:40:03,739 [722b62ba-328d-4705-904e-eefd1aac7358@group-F68A1D6722C3-SegmentedRaftLogWorker] INFO  segmented.SegmentedRaftLogWorker (SegmentedRaftLogWorker.java:run(326)) - 722b62ba-328d-4705-904e-eefd1aac7358@group-F68A1D6722C3-SegmentedRaftLogWorker was interrupted, exiting. There are 0 tasks remaining in the queue.
2021-01-12 10:40:03,739 [ForkJoinPool.commonPool-worker-1] INFO  segmented.SegmentedRaftLogWorker (SegmentedRaftLogWorker.java:close(236)) - 722b62ba-328d-4705-904e-eefd1aac7358@group-F68A1D6722C3-SegmentedRaftLogWorker close()
2021-01-12 10:40:03,739 [ForkJoinPool.commonPool-worker-1] INFO  metrics.RatisMetrics (RatisMetrics.java:unregister(43)) - Unregistering Metrics Registry : ratis.log_worker.722b62ba-328d-4705-904e-eefd1aac7358@group-F68A1D6722C3
2021-01-12 10:40:03,739 [ForkJoinPool.commonPool-worker-1] INFO  metrics.RatisMetrics (RatisMetrics.java:unregister(43)) - Unregistering Metrics Registry : ratis.leader_election.722b62ba-328d-4705-904e-eefd1aac7358@group-F68A1D6722C3
2021-01-12 10:40:03,739 [ForkJoinPool.commonPool-worker-1] INFO  metrics.RatisMetrics (RatisMetrics.java:unregister(43)) - Unregistering Metrics Registry : ratis.server.722b62ba-328d-4705-904e-eefd1aac7358@group-F68A1D6722C3
2021-01-12 10:40:03,740 [ForkJoinPool.commonPool-worker-1] INFO  server.RaftServer$Division (RaftServerImpl.java:lambda$close$4(405)) - 722b62ba-328d-4705-904e-eefd1aac7358@group-F95C1579C5CD: shutdown
2021-01-12 10:40:03,740 [ForkJoinPool.commonPool-worker-1] INFO  util.JmxRegister (JmxRegister.java:unregister(73)) - Successfully un-registered JMX Bean with object name Ratis:service=RaftServer,group=group-F95C1579C5CD,id=722b62ba-328d-4705-904e-eefd1aac7358
2021-01-12 10:40:03,740 [ForkJoinPool.commonPool-worker-1] INFO  impl.RoleInfo (RoleInfo.java:shutdownLeaderState(91)) - 722b62ba-328d-4705-904e-eefd1aac7358: shutdown 722b62ba-328d-4705-904e-eefd1aac7358@group-F95C1579C5CD-LeaderStateImpl
2021-01-12 10:40:03,740 [ForkJoinPool.commonPool-worker-1] INFO  impl.PendingRequests (PendingRequests.java:sendNotLeaderResponses(249)) - 722b62ba-328d-4705-904e-eefd1aac7358@group-F95C1579C5CD-PendingRequests: sendNotLeaderResponses
2021-01-12 10:40:03,740 [ForkJoinPool.commonPool-worker-1] INFO  metrics.RatisMetrics (RatisMetrics.java:unregister(43)) - Unregistering Metrics Registry : ratis.log_appender.722b62ba-328d-4705-904e-eefd1aac7358@group-F95C1579C5CD
2021-01-12 10:40:03,740 [ForkJoinPool.commonPool-worker-1] INFO  metrics.RatisMetrics (RatisMetrics.java:unregister(43)) - Unregistering Metrics Registry : ratis.server.722b62ba-328d-4705-904e-eefd1aac7358@group-F95C1579C5CD
2021-01-12 10:40:03,740 [ForkJoinPool.commonPool-worker-1] INFO  impl.StateMachineUpdater (StateMachineUpdater.java:stopAndJoin(148)) - 722b62ba-328d-4705-904e-eefd1aac7358@group-F95C1579C5CD-StateMachineUpdater: set stopIndex = 0
2021-01-12 10:40:03,740 [722b62ba-328d-4705-904e-eefd1aac7358@group-F95C1579C5CD-StateMachineUpdater] INFO  ratis.ContainerStateMachine (ContainerStateMachine.java:takeSnapshot(291)) - group-F95C1579C5CD: Taking a snapshot at:(t:1, i:0) file /github/workspace/mnt/ozone/hadoop-ozone/integration-test/target/test-dir/MiniOzoneClusterImpl-845f199f-e199-49cc-a013-e02be1563f77/datanode-2/data/ratis/37583bd8-1c78-4ed3-80cf-f95c1579c5cd/sm/snapshot.1_0
2021-01-12 10:40:03,741 [722b62ba-328d-4705-904e-eefd1aac7358@group-F95C1579C5CD-StateMachineUpdater] INFO  ratis.ContainerStateMachine (ContainerStateMachine.java:takeSnapshot(302)) - group-F95C1579C5CD: Finished taking a snapshot at:(t:1, i:0) file:/github/workspace/mnt/ozone/hadoop-ozone/integration-test/target/test-dir/MiniOzoneClusterImpl-845f199f-e199-49cc-a013-e02be1563f77/datanode-2/data/ratis/37583bd8-1c78-4ed3-80cf-f95c1579c5cd/sm/snapshot.1_0 took: 1 ms
2021-01-12 10:40:03,741 [722b62ba-328d-4705-904e-eefd1aac7358@group-F95C1579C5CD-StateMachineUpdater] INFO  impl.StateMachineUpdater (StateMachineUpdater.java:takeSnapshot(279)) - 722b62ba-328d-4705-904e-eefd1aac7358@group-F95C1579C5CD-StateMachineUpdater: Took a snapshot at index 0
2021-01-12 10:40:03,741 [722b62ba-328d-4705-904e-eefd1aac7358@group-F95C1579C5CD-StateMachineUpdater] INFO  impl.StateMachineUpdater (StateMachineUpdater.java:lambda$new$0(88)) - 722b62ba-328d-4705-904e-eefd1aac7358@group-F95C1579C5CD-StateMachineUpdater: snapshotIndex: updateIncreasingly -1 -> 0
2021-01-12 10:40:03,741 [722b62ba-328d-4705-904e-eefd1aac7358@group-F95C1579C5CD-StateMachineUpdater] INFO  metrics.RatisMetrics (RatisMetrics.java:unregister(43)) - Unregistering Metrics Registry : ratis.state_machine.722b62ba-328d-4705-904e-eefd1aac7358@group-F95C1579C5CD
2021-01-12 10:40:03,742 [ForkJoinPool.commonPool-worker-1] INFO  server.RaftServer$Division (ServerState.java:close(400)) - 722b62ba-328d-4705-904e-eefd1aac7358@group-F95C1579C5CD: closes. applyIndex: 0
2021-01-12 10:40:03,742 [722b62ba-328d-4705-904e-eefd1aac7358@group-F95C1579C5CD-SegmentedRaftLogWorker] INFO  segmented.SegmentedRaftLogWorker (SegmentedRaftLogWorker.java:run(326)) - 722b62ba-328d-4705-904e-eefd1aac7358@group-F95C1579C5CD-SegmentedRaftLogWorker was interrupted, exiting. There are 0 tasks remaining in the queue.
2021-01-12 10:40:03,742 [ForkJoinPool.commonPool-worker-1] INFO  segmented.SegmentedRaftLogWorker (SegmentedRaftLogWorker.java:close(236)) - 722b62ba-328d-4705-904e-eefd1aac7358@group-F95C1579C5CD-SegmentedRaftLogWorker close()
2021-01-12 10:40:03,742 [ForkJoinPool.commonPool-worker-1] INFO  metrics.RatisMetrics (RatisMetrics.java:unregister(43)) - Unregistering Metrics Registry : ratis.log_worker.722b62ba-328d-4705-904e-eefd1aac7358@group-F95C1579C5CD
2021-01-12 10:40:03,742 [ForkJoinPool.commonPool-worker-1] INFO  metrics.RatisMetrics (RatisMetrics.java:unregister(43)) - Unregistering Metrics Registry : ratis.leader_election.722b62ba-328d-4705-904e-eefd1aac7358@group-F95C1579C5CD
2021-01-12 10:40:03,742 [ForkJoinPool.commonPool-worker-1] INFO  metrics.RatisMetrics (RatisMetrics.java:unregister(43)) - Unregistering Metrics Registry : ratis.server.722b62ba-328d-4705-904e-eefd1aac7358@group-F95C1579C5CD
2021-01-12 10:40:03,742 [Listener at 127.0.0.1/10732] INFO  server.GrpcService (GrpcService.java:closeImpl(183)) - 722b62ba-328d-4705-904e-eefd1aac7358: shutdown server with port 40211 now
2021-01-12 10:40:03,743 [Listener at 127.0.0.1/10732] INFO  server.GrpcService (GrpcService.java:closeImpl(192)) - 722b62ba-328d-4705-904e-eefd1aac7358: shutdown server with port 40211 successfully
2021-01-12 10:40:03,743 [org.apache.ratis.util.JvmPauseMonitor$$Lambda$305/744069916@7e91588e] INFO  util.JvmPauseMonitor (JvmPauseMonitor.java:run(109)) - JvmPauseMonitor-722b62ba-328d-4705-904e-eefd1aac7358: Stopped
2021-01-12 10:40:03,745 [Listener at 127.0.0.1/10732] INFO  utils.BackgroundService (BackgroundService.java:shutdown(132)) - Shutting down service BlockDeletingService
2021-01-12 10:40:03,746 [Listener at 127.0.0.1/10732] INFO  statemachine.DatanodeStateMachine (DatanodeStateMachine.java:stopDaemon(461)) - Ozone container server stopped.
2021-01-12 10:40:03,754 [Listener at 127.0.0.1/10732] INFO  handler.ContextHandler (ContextHandler.java:doStop(1154)) - Stopped o.e.j.w.WebAppContext@43794d84{hddsDatanode,/,null,STOPPED}{jar:file:/home/user/.m2/repository/org/apache/hadoop/hadoop-hdds-container-service/1.1.0-SNAPSHOT/hadoop-hdds-container-service-1.1.0-SNAPSHOT.jar!/webapps/hddsDatanode}
2021-01-12 10:40:03,759 [Listener at 127.0.0.1/10732] INFO  server.AbstractConnector (AbstractConnector.java:doStop(381)) - Stopped ServerConnector@d10ce4d{HTTP/1.1, (http/1.1)}{0.0.0.0:0}
2021-01-12 10:40:03,759 [Listener at 127.0.0.1/10732] INFO  server.session (HouseKeeper.java:stopScavenging(149)) - node0 Stopped scavenging
2021-01-12 10:40:03,763 [Listener at 127.0.0.1/10732] INFO  handler.ContextHandler (ContextHandler.java:doStop(1154)) - Stopped o.e.j.s.ServletContextHandler@5e2e2fbd{static,/static,jar:file:/home/user/.m2/repository/org/apache/hadoop/hadoop-hdds-container-service/1.1.0-SNAPSHOT/hadoop-hdds-container-service-1.1.0-SNAPSHOT.jar!/webapps/static,STOPPED}
2021-01-12 10:40:03,764 [Listener at 127.0.0.1/10732] INFO  handler.ContextHandler (ContextHandler.java:doStop(1154)) - Stopped o.e.j.s.ServletContextHandler@3e9de6b4{logs,/logs,file:///github/workspace/mnt/ozone/hadoop-ozone/integration-test/target/log,STOPPED}
2021-01-12 10:40:03,765 [Listener at 127.0.0.1/10732] INFO  ozone.MiniOzoneClusterImpl (MiniOzoneClusterImpl.java:stopSCM(478)) - Stopping the StorageContainerManager
2021-01-12 10:40:03,766 [Listener at 127.0.0.1/10732] INFO  server.StorageContainerManager (StorageContainerManager.java:stop(832)) - Stopping Replication Manager Service.
2021-01-12 10:40:03,766 [Listener at 127.0.0.1/10732] INFO  container.ReplicationManager (ReplicationManager.java:stop(227)) - Stopping Replication Monitor Thread.
2021-01-12 10:40:03,767 [Listener at 127.0.0.1/10732] INFO  server.StorageContainerManager (StorageContainerManager.java:stop(839)) - Stopping the Datanode Admin Monitor.
2021-01-12 10:40:03,767 [Listener at 127.0.0.1/10732] INFO  server.StorageContainerManager (StorageContainerManager.java:stop(846)) - Stopping Lease Manager of the command watchers
2021-01-12 10:40:03,767 [Listener at 127.0.0.1/10732] INFO  server.StorageContainerManager (StorageContainerManager.java:stop(853)) - Stopping datanode service RPC server
2021-01-12 10:40:03,767 [Listener at 127.0.0.1/10732] INFO  server.SCMDatanodeProtocolServer (SCMDatanodeProtocolServer.java:stop(369)) - Stopping the RPC server for DataNodes
2021-01-12 10:40:03,767 [Listener at 127.0.0.1/10732] INFO  ipc.Server (Server.java:stop(3359)) - Stopping server on 39639
2021-01-12 10:40:03,768 [IPC Server listener on 0] INFO  ipc.Server (Server.java:run(1330)) - Stopping IPC Server listener on 0
2021-01-12 10:40:03,769 [IPC Server Responder] INFO  ipc.Server (Server.java:run(1465)) - Stopping IPC Server Responder
2021-01-12 10:40:03,817 [SCM Heartbeat Processing Thread - 0] WARN  node.NodeStateManager (NodeStateManager.java:scheduleNextHealthCheck(688)) - Current Thread is interrupted, shutting down HB processing thread for Node Manager.
2021-01-12 10:40:03,817 [Listener at 127.0.0.1/10732] INFO  server.StorageContainerManager (StorageContainerManager.java:stop(861)) - Stopping block service RPC server
2021-01-12 10:40:03,817 [Listener at 127.0.0.1/10732] INFO  server.SCMBlockProtocolServer (SCMBlockProtocolServer.java:stop(159)) - Stopping the RPC server for Block Protocol
2021-01-12 10:40:03,817 [Listener at 127.0.0.1/10732] INFO  ipc.Server (Server.java:stop(3359)) - Stopping server on 36059
2021-01-12 10:40:03,819 [IPC Server Responder] INFO  ipc.Server (Server.java:run(1465)) - Stopping IPC Server Responder
2021-01-12 10:40:03,819 [Listener at 127.0.0.1/10732] INFO  server.StorageContainerManager (StorageContainerManager.java:stop(868)) - Stopping the StorageContainerLocationProtocol RPC server
2021-01-12 10:40:03,819 [Listener at 127.0.0.1/10732] INFO  server.SCMClientProtocolServer (SCMClientProtocolServer.java:stop(168)) - Stopping the RPC server for Client Protocol
2021-01-12 10:40:03,819 [Listener at 127.0.0.1/10732] INFO  ipc.Server (Server.java:stop(3359)) - Stopping server on 33805
2021-01-12 10:40:03,820 [IPC Server listener on 0] INFO  ipc.Server (Server.java:run(1330)) - Stopping IPC Server listener on 0
2021-01-12 10:40:03,820 [IPC Server listener on 0] INFO  ipc.Server (Server.java:run(1330)) - Stopping IPC Server listener on 0
2021-01-12 10:40:03,822 [IPC Server Responder] INFO  ipc.Server (Server.java:run(1465)) - Stopping IPC Server Responder
2021-01-12 10:40:03,822 [Listener at 127.0.0.1/10732] INFO  server.StorageContainerManager (StorageContainerManager.java:stop(875)) - Stopping Storage Container Manager HTTP server.
2021-01-12 10:40:03,822 [Listener at 127.0.0.1/10732] INFO  handler.ContextHandler (ContextHandler.java:doStop(1154)) - Stopped o.e.j.w.WebAppContext@683905d8{scm,/,null,STOPPED}{file:/github/workspace/mnt/ozone/hadoop-ozone/integration-test/target/test-classes/webapps/scm}
2021-01-12 10:40:03,823 [Listener at 127.0.0.1/10732] INFO  server.AbstractConnector (AbstractConnector.java:doStop(381)) - Stopped ServerConnector@777b648d{HTTP/1.1, (http/1.1)}{0.0.0.0:0}
2021-01-12 10:40:03,823 [Listener at 127.0.0.1/10732] INFO  server.session (HouseKeeper.java:stopScavenging(149)) - node0 Stopped scavenging
2021-01-12 10:40:03,823 [Listener at 127.0.0.1/10732] INFO  handler.ContextHandler (ContextHandler.java:doStop(1154)) - Stopped o.e.j.s.ServletContextHandler@58a8bfb3{static,/static,file:///github/workspace/mnt/ozone/hadoop-ozone/integration-test/target/test-classes/webapps/static,STOPPED}
2021-01-12 10:40:03,824 [Listener at 127.0.0.1/10732] INFO  handler.ContextHandler (ContextHandler.java:doStop(1154)) - Stopped o.e.j.s.ServletContextHandler@5bbb4022{logs,/logs,file:///github/workspace/mnt/ozone/hadoop-ozone/integration-test/target/log,STOPPED}
2021-01-12 10:40:03,824 [Listener at 127.0.0.1/10732] INFO  server.StorageContainerManager (StorageContainerManager.java:stop(886)) - Stopping Block Manager Service.
2021-01-12 10:40:03,824 [Listener at 127.0.0.1/10732] INFO  utils.BackgroundService (BackgroundService.java:shutdown(132)) - Shutting down service SCMBlockDeletingService
2021-01-12 10:40:03,825 [Listener at 127.0.0.1/10732] INFO  utils.BackgroundService (BackgroundService.java:shutdown(132)) - Shutting down service SCMBlockDeletingService
2021-01-12 10:40:03,825 [Listener at 127.0.0.1/10732] INFO  server.StorageContainerManager (StorageContainerManager.java:stop(911)) - Stopping SCM Event Queue.
2021-01-12 10:40:03,829 [Listener at 127.0.0.1/10732] INFO  impl.MetricsSystemImpl (MetricsSystemImpl.java:stop(210)) - Stopping OzoneManager metrics system...
2021-01-12 10:40:03,831 [prometheus] INFO  impl.MetricsSinkAdapter (MetricsSinkAdapter.java:publishMetricsFromQueue(141)) - prometheus thread interrupted.
2021-01-12 10:40:03,831 [Listener at 127.0.0.1/10732] INFO  impl.MetricsSystemImpl (MetricsSystemImpl.java:stop(216)) - OzoneManager metrics system stopped.
]]></system-out>
  </testcase>
  <testcase name="testInstallOldCheckpointFailure" classname="org.apache.hadoop.ozone.om.TestOMRatisSnapshots" time="33.844"/>
  <testcase name="testInstallCorruptedCheckpointFailure" classname="org.apache.hadoop.ozone.om.TestOMRatisSnapshots" time="30.684"/>
</testsuite>