<?xml version="1.0" encoding="UTF-8"?>
<testsuite xmlns:xsi="http://www.w3.org/2001/XMLSchema-instance" xsi:noNamespaceSchemaLocation="https://maven.apache.org/surefire/maven-surefire-plugin/xsd/surefire-test-report.xsd" name="org.apache.hadoop.ozone.client.rpc.TestOzoneClientRetriesOnException" time="83.426" tests="2" errors="0" skipped="0" failures="1">
  <properties>
    <property name="awt.toolkit" value="sun.awt.X11.XToolkit"/>
    <property name="file.encoding.pkg" value="sun.io"/>
    <property name="java.specification.version" value="1.8"/>
    <property name="sun.cpu.isalist" value=""/>
    <property name="sun.jnu.encoding" value="ANSI_X3.4-1968"/>
    <property name="java.class.path" value="/github/workspace/mnt/ozone/hadoop-ozone/integration-test/target/test-classes:/github/workspace/mnt/ozone/hadoop-ozone/integration-test/target/classes:/home/user/.m2/repository/org/apache/hadoop/hadoop-ozone-common/1.1.0-SNAPSHOT/hadoop-ozone-common-1.1.0-SNAPSHOT.jar:/home/user/.m2/repository/org/apache/commons/commons-compress/1.4.1/commons-compress-1.4.1.jar:/home/user/.m2/repository/org/tukaani/xz/1.0/xz-1.0.jar:/home/user/.m2/repository/org/apache/hadoop/hadoop-hdds-common/1.1.0-SNAPSHOT/hadoop-hdds-common-1.1.0-SNAPSHOT.jar:/home/user/.m2/repository/org/apache/hadoop/hadoop-hdds-hadoop-dependency-client/1.1.0-SNAPSHOT/hadoop-hdds-hadoop-dependency-client-1.1.0-SNAPSHOT.jar:/home/user/.m2/repository/info/picocli/picocli/4.4.0/picocli-4.4.0.jar:/home/user/.m2/repository/com/fasterxml/jackson/core/jackson-annotations/2.10.3/jackson-annotations-2.10.3.jar:/home/user/.m2/repository/javax/annotation/javax.annotation-api/1.2/javax.annotation-api-1.2.jar:/home/user/.m2/repository/org/apache/ratis/ratis-server/1.1.0-11689cd-SNAPSHOT/ratis-server-1.1.0-11689cd-SNAPSHOT.jar:/home/user/.m2/repository/org/apache/ratis/ratis-client/1.1.0-11689cd-SNAPSHOT/ratis-client-1.1.0-11689cd-SNAPSHOT.jar:/home/user/.m2/repository/org/apache/ratis/ratis-metrics/1.1.0-11689cd-SNAPSHOT/ratis-metrics-1.1.0-11689cd-SNAPSHOT.jar:/home/user/.m2/repository/org/apache/ratis/ratis-netty/1.1.0-11689cd-SNAPSHOT/ratis-netty-1.1.0-11689cd-SNAPSHOT.jar:/home/user/.m2/repository/org/apache/ratis/ratis-grpc/1.1.0-11689cd-SNAPSHOT/ratis-grpc-1.1.0-11689cd-SNAPSHOT.jar:/home/user/.m2/repository/org/apache/logging/log4j/log4j-api/2.13.3/log4j-api-2.13.3.jar:/home/user/.m2/repository/org/apache/logging/log4j/log4j-core/2.13.3/log4j-core-2.13.3.jar:/home/user/.m2/repository/com/lmax/disruptor/3.4.2/disruptor-3.4.2.jar:/home/user/.m2/repository/org/apache/commons/commons-pool2/2.6.0/commons-pool2-2.6.0.jar:/home/user/.m2/repository/org/bouncycastle/bcpkix-jdk15on/1.60/bcpkix-jdk15on-1.60.jar:/home/user/.m2/repository/commons-validator/commons-validator/1.6/commons-validator-1.6.jar:/home/user/.m2/repository/commons-digester/commons-digester/1.8.1/commons-digester-1.8.1.jar:/home/user/.m2/repository/io/jaegertracing/jaeger-client/1.2.0/jaeger-client-1.2.0.jar:/home/user/.m2/repository/io/jaegertracing/jaeger-thrift/1.2.0/jaeger-thrift-1.2.0.jar:/home/user/.m2/repository/org/apache/thrift/libthrift/0.13.0/libthrift-0.13.0.jar:/home/user/.m2/repository/com/squareup/okhttp3/okhttp/4.2.2/okhttp-4.2.2.jar:/home/user/.m2/repository/com/squareup/okio/okio/2.2.2/okio-2.2.2.jar:/home/user/.m2/repository/org/jetbrains/kotlin/kotlin-stdlib/1.3.50/kotlin-stdlib-1.3.50.jar:/home/user/.m2/repository/org/jetbrains/kotlin/kotlin-stdlib-common/1.3.50/kotlin-stdlib-common-1.3.50.jar:/home/user/.m2/repository/org/jetbrains/annotations/13.0/annotations-13.0.jar:/home/user/.m2/repository/io/jaegertracing/jaeger-core/1.2.0/jaeger-core-1.2.0.jar:/home/user/.m2/repository/io/jaegertracing/jaeger-tracerresolver/1.2.0/jaeger-tracerresolver-1.2.0.jar:/home/user/.m2/repository/io/opentracing/contrib/opentracing-tracerresolver/0.1.8/opentracing-tracerresolver-0.1.8.jar:/home/user/.m2/repository/io/opentracing/opentracing-util/0.33.0/opentracing-util-0.33.0.jar:/home/user/.m2/repository/io/opentracing/opentracing-api/0.33.0/opentracing-api-0.33.0.jar:/home/user/.m2/repository/io/opentracing/opentracing-noop/0.33.0/opentracing-noop-0.33.0.jar:/home/user/.m2/repository/org/apache/hadoop/hadoop-hdds-client/1.1.0-SNAPSHOT/hadoop-hdds-client-1.1.0-SNAPSHOT.jar:/home/user/.m2/repository/org/apache/hadoop/hadoop-ozone-interface-client/1.1.0-SNAPSHOT/hadoop-ozone-interface-client-1.1.0-SNAPSHOT.jar:/home/user/.m2/repository/org/apache/hadoop/hadoop-hdds-test-utils/1.1.0-SNAPSHOT/hadoop-hdds-test-utils-1.1.0-SNAPSHOT.jar:/home/user/.m2/repository/com/google/guava/guava/28.2-jre/guava-28.2-jre.jar:/home/user/.m2/repository/com/google/guava/failureaccess/1.0.1/failureaccess-1.0.1.jar:/home/user/.m2/repository/com/google/guava/listenablefuture/9999.0-empty-to-avoid-conflict-with-guava/listenablefuture-9999.0-empty-to-avoid-conflict-with-guava.jar:/home/user/.m2/repository/com/google/code/findbugs/jsr305/3.0.0/jsr305-3.0.0.jar:/home/user/.m2/repository/org/checkerframework/checker-qual/2.10.0/checker-qual-2.10.0.jar:/home/user/.m2/repository/com/google/errorprone/error_prone_annotations/2.2.0/error_prone_annotations-2.2.0.jar:/home/user/.m2/repository/com/google/j2objc/j2objc-annotations/1.3/j2objc-annotations-1.3.jar:/home/user/.m2/repository/commons-io/commons-io/2.5/commons-io-2.5.jar:/home/user/.m2/repository/commons-logging/commons-logging/1.2/commons-logging-1.2.jar:/home/user/.m2/repository/log4j/log4j/1.2.17/log4j-1.2.17.jar:/home/user/.m2/repository/org/slf4j/slf4j-api/1.7.25/slf4j-api-1.7.25.jar:/home/user/.m2/repository/org/apache/hadoop/hadoop-hdds-server-scm/1.1.0-SNAPSHOT/hadoop-hdds-server-scm-1.1.0-SNAPSHOT.jar:/home/user/.m2/repository/org/apache/hadoop/hadoop-hdds-container-service/1.1.0-SNAPSHOT/hadoop-hdds-container-service-1.1.0-SNAPSHOT.jar:/home/user/.m2/repository/org/apache/hadoop/hadoop-hdds-hadoop-dependency-server/1.1.0-SNAPSHOT/hadoop-hdds-hadoop-dependency-server-1.1.0-SNAPSHOT.jar:/home/user/.m2/repository/org/apache/hadoop/hadoop-hdds-server-framework/1.1.0-SNAPSHOT/hadoop-hdds-server-framework-1.1.0-SNAPSHOT.jar:/home/user/.m2/repository/org/apache/hadoop/hadoop-hdds-interface-server/1.1.0-SNAPSHOT/hadoop-hdds-interface-server-1.1.0-SNAPSHOT.jar:/home/user/.m2/repository/org/apache/hadoop/hadoop-hdds-interface-admin/1.1.0-SNAPSHOT/hadoop-hdds-interface-admin-1.1.0-SNAPSHOT.jar:/home/user/.m2/repository/org/rocksdb/rocksdbjni/6.8.1/rocksdbjni-6.8.1.jar:/home/user/.m2/repository/io/prometheus/simpleclient_dropwizard/0.7.0/simpleclient_dropwizard-0.7.0.jar:/home/user/.m2/repository/io/prometheus/simpleclient/0.7.0/simpleclient-0.7.0.jar:/home/user/.m2/repository/io/prometheus/simpleclient_common/0.7.0/simpleclient_common-0.7.0.jar:/home/user/.m2/repository/com/fasterxml/jackson/datatype/jackson-datatype-jsr310/2.10.3/jackson-datatype-jsr310-2.10.3.jar:/home/user/.m2/repository/io/dropwizard/metrics/metrics-core/3.2.4/metrics-core-3.2.4.jar:/home/user/.m2/repository/org/apache/hadoop/hadoop-hdfs-client/3.2.1/hadoop-hdfs-client-3.2.1.jar:/home/user/.m2/repository/org/bouncycastle/bcprov-jdk15on/1.60/bcprov-jdk15on-1.60.jar:/home/user/.m2/repository/org/apache/hadoop/hadoop-ozone-ozone-manager/1.1.0-SNAPSHOT/hadoop-ozone-ozone-manager-1.1.0-SNAPSHOT.jar:/home/user/.m2/repository/org/apache/hadoop/hadoop-hdds-interface-client/1.1.0-SNAPSHOT/hadoop-hdds-interface-client-1.1.0-SNAPSHOT.jar:/home/user/.m2/repository/org/apache/ratis/ratis-thirdparty-misc/0.6.0-SNAPSHOT/ratis-thirdparty-misc-0.6.0-SNAPSHOT.jar:/home/user/.m2/repository/org/apache/hadoop/hadoop-ozone-interface-storage/1.1.0-SNAPSHOT/hadoop-ozone-interface-storage-1.1.0-SNAPSHOT.jar:/home/user/.m2/repository/org/apache/hadoop/hadoop-minikdc/3.2.1/hadoop-minikdc-3.2.1.jar:/home/user/.m2/repository/org/apache/kerby/kerb-simplekdc/1.0.1/kerb-simplekdc-1.0.1.jar:/home/user/.m2/repository/org/apache/kerby/kerb-client/1.0.1/kerb-client-1.0.1.jar:/home/user/.m2/repository/org/apache/kerby/kerby-config/1.0.1/kerby-config-1.0.1.jar:/home/user/.m2/repository/org/apache/kerby/kerb-core/1.0.1/kerb-core-1.0.1.jar:/home/user/.m2/repository/org/apache/kerby/kerby-pkix/1.0.1/kerby-pkix-1.0.1.jar:/home/user/.m2/repository/org/apache/kerby/kerby-asn1/1.0.1/kerby-asn1-1.0.1.jar:/home/user/.m2/repository/org/apache/kerby/kerby-util/1.0.1/kerby-util-1.0.1.jar:/home/user/.m2/repository/org/apache/kerby/kerb-common/1.0.1/kerb-common-1.0.1.jar:/home/user/.m2/repository/org/apache/kerby/kerb-crypto/1.0.1/kerb-crypto-1.0.1.jar:/home/user/.m2/repository/org/apache/kerby/kerb-util/1.0.1/kerb-util-1.0.1.jar:/home/user/.m2/repository/org/apache/kerby/token-provider/1.0.1/token-provider-1.0.1.jar:/home/user/.m2/repository/org/apache/kerby/kerb-admin/1.0.1/kerb-admin-1.0.1.jar:/home/user/.m2/repository/org/apache/kerby/kerb-server/1.0.1/kerb-server-1.0.1.jar:/home/user/.m2/repository/org/apache/kerby/kerb-identity/1.0.1/kerb-identity-1.0.1.jar:/home/user/.m2/repository/org/apache/kerby/kerby-xdr/1.0.1/kerby-xdr-1.0.1.jar:/home/user/.m2/repository/org/slf4j/slf4j-log4j12/1.7.25/slf4j-log4j12-1.7.25.jar:/home/user/.m2/repository/org/apache/hadoop/hadoop-ozone-s3gateway/1.1.0-SNAPSHOT/hadoop-ozone-s3gateway-1.1.0-SNAPSHOT.jar:/home/user/.m2/repository/org/jboss/weld/servlet/weld-servlet/2.4.7.Final/weld-servlet-2.4.7.Final.jar:/home/user/.m2/repository/org/glassfish/jersey/containers/jersey-container-servlet-core/2.27/jersey-container-servlet-core-2.27.jar:/home/user/.m2/repository/org/glassfish/hk2/external/javax.inject/2.5.0-b42/javax.inject-2.5.0-b42.jar:/home/user/.m2/repository/org/glassfish/jersey/core/jersey-common/2.27/jersey-common-2.27.jar:/home/user/.m2/repository/org/glassfish/hk2/osgi-resource-locator/1.0.1/osgi-resource-locator-1.0.1.jar:/home/user/.m2/repository/javax/ws/rs/javax.ws.rs-api/2.1/javax.ws.rs-api-2.1.jar:/home/user/.m2/repository/org/glassfish/jersey/ext/cdi/jersey-cdi1x/2.27/jersey-cdi1x-2.27.jar:/home/user/.m2/repository/org/glassfish/jersey/inject/jersey-hk2/2.27/jersey-hk2-2.27.jar:/home/user/.m2/repository/org/glassfish/hk2/hk2-locator/2.5.0-b42/hk2-locator-2.5.0-b42.jar:/home/user/.m2/repository/org/javassist/javassist/3.22.0-CR2/javassist-3.22.0-CR2.jar:/home/user/.m2/repository/org/glassfish/hk2/hk2-api/2.5.0/hk2-api-2.5.0.jar:/home/user/.m2/repository/org/glassfish/hk2/external/jakarta.inject/2.5.0/jakarta.inject-2.5.0.jar:/home/user/.m2/repository/org/glassfish/hk2/hk2-utils/2.5.0/hk2-utils-2.5.0.jar:/home/user/.m2/repository/jakarta/annotation/jakarta.annotation-api/1.3.4/jakarta.annotation-api-1.3.4.jar:/home/user/.m2/repository/org/glassfish/hk2/external/aopalliance-repackaged/2.5.0/aopalliance-repackaged-2.5.0.jar:/home/user/.m2/repository/com/fasterxml/jackson/dataformat/jackson-dataformat-xml/2.10.3/jackson-dataformat-xml-2.10.3.jar:/home/user/.m2/repository/com/fasterxml/jackson/core/jackson-core/2.10.3/jackson-core-2.10.3.jar:/home/user/.m2/repository/com/fasterxml/jackson/module/jackson-module-jaxb-annotations/2.10.3/jackson-module-jaxb-annotations-2.10.3.jar:/home/user/.m2/repository/jakarta/xml/bind/jakarta.xml.bind-api/2.3.2/jakarta.xml.bind-api-2.3.2.jar:/home/user/.m2/repository/jakarta/activation/jakarta.activation-api/1.2.1/jakarta.activation-api-1.2.1.jar:/home/user/.m2/repository/org/codehaus/woodstox/stax2-api/3.1.4/stax2-api-3.1.4.jar:/home/user/.m2/repository/com/fasterxml/woodstox/woodstox-core/5.0.3/woodstox-core-5.0.3.jar:/home/user/.m2/repository/javax/enterprise/cdi-api/1.2/cdi-api-1.2.jar:/home/user/.m2/repository/javax/el/javax.el-api/3.0.0/javax.el-api-3.0.0.jar:/home/user/.m2/repository/javax/interceptor/javax.interceptor-api/1.2/javax.interceptor-api-1.2.jar:/home/user/.m2/repository/javax/inject/javax.inject/1/javax.inject-1.jar:/home/user/.m2/repository/com/sun/xml/bind/jaxb-impl/2.3.0.1/jaxb-impl-2.3.0.1.jar:/home/user/.m2/repository/com/sun/xml/bind/jaxb-core/2.3.0.1/jaxb-core-2.3.0.1.jar:/home/user/.m2/repository/javax/xml/bind/jaxb-api/2.3.0/jaxb-api-2.3.0.jar:/home/user/.m2/repository/javax/activation/activation/1.1.1/activation-1.1.1.jar:/home/user/.m2/repository/org/apache/hadoop/hadoop-ozone-csi/1.1.0-SNAPSHOT/hadoop-ozone-csi-1.1.0-SNAPSHOT.jar:/home/user/.m2/repository/com/google/protobuf/protobuf-java-util/3.11.0/protobuf-java-util-3.11.0.jar:/home/user/.m2/repository/com/google/code/gson/gson/2.2.4/gson-2.2.4.jar:/home/user/.m2/repository/org/apache/hadoop/hadoop-hdds-config/1.1.0-SNAPSHOT/hadoop-hdds-config-1.1.0-SNAPSHOT.jar:/home/user/.m2/repository/com/google/protobuf/protobuf-java/2.5.0/protobuf-java-2.5.0.jar:/home/user/.m2/repository/io/grpc/grpc-netty/1.29.0/grpc-netty-1.29.0.jar:/home/user/.m2/repository/io/grpc/grpc-core/1.29.0/grpc-core-1.29.0.jar:/home/user/.m2/repository/com/google/android/annotations/4.1.1.4/annotations-4.1.1.4.jar:/home/user/.m2/repository/io/perfmark/perfmark-api/0.19.0/perfmark-api-0.19.0.jar:/home/user/.m2/repository/io/netty/netty-codec-http2/4.1.48.Final/netty-codec-http2-4.1.48.Final.jar:/home/user/.m2/repository/io/netty/netty-codec/4.1.48.Final/netty-codec-4.1.48.Final.jar:/home/user/.m2/repository/io/netty/netty-handler/4.1.48.Final/netty-handler-4.1.48.Final.jar:/home/user/.m2/repository/io/netty/netty-codec-http/4.1.48.Final/netty-codec-http-4.1.48.Final.jar:/home/user/.m2/repository/io/netty/netty-handler-proxy/4.1.48.Final/netty-handler-proxy-4.1.48.Final.jar:/home/user/.m2/repository/io/netty/netty-codec-socks/4.1.48.Final/netty-codec-socks-4.1.48.Final.jar:/home/user/.m2/repository/io/netty/netty-transport-native-epoll/4.1.48.Final/netty-transport-native-epoll-4.1.48.Final.jar:/home/user/.m2/repository/io/netty/netty-common/4.1.48.Final/netty-common-4.1.48.Final.jar:/home/user/.m2/repository/io/netty/netty-buffer/4.1.48.Final/netty-buffer-4.1.48.Final.jar:/home/user/.m2/repository/io/netty/netty-transport/4.1.48.Final/netty-transport-4.1.48.Final.jar:/home/user/.m2/repository/io/netty/netty-resolver/4.1.48.Final/netty-resolver-4.1.48.Final.jar:/home/user/.m2/repository/io/netty/netty-transport-native-unix-common/4.1.48.Final/netty-transport-native-unix-common-4.1.48.Final.jar:/home/user/.m2/repository/io/grpc/grpc-protobuf/1.29.0/grpc-protobuf-1.29.0.jar:/home/user/.m2/repository/io/grpc/grpc-api/1.29.0/grpc-api-1.29.0.jar:/home/user/.m2/repository/io/grpc/grpc-context/1.29.0/grpc-context-1.29.0.jar:/home/user/.m2/repository/org/codehaus/mojo/animal-sniffer-annotations/1.18/animal-sniffer-annotations-1.18.jar:/home/user/.m2/repository/com/google/api/grpc/proto-google-common-protos/1.17.0/proto-google-common-protos-1.17.0.jar:/home/user/.m2/repository/io/grpc/grpc-protobuf-lite/1.29.0/grpc-protobuf-lite-1.29.0.jar:/home/user/.m2/repository/io/grpc/grpc-stub/1.29.0/grpc-stub-1.29.0.jar:/home/user/.m2/repository/org/apache/hadoop/hadoop-ozone-recon/1.1.0-SNAPSHOT/hadoop-ozone-recon-1.1.0-SNAPSHOT.jar:/home/user/.m2/repository/org/apache/hadoop/hadoop-ozone-reconcodegen/1.1.0-SNAPSHOT/hadoop-ozone-reconcodegen-1.1.0-SNAPSHOT.jar:/home/user/.m2/repository/com/google/inject/extensions/guice-multibindings/4.0/guice-multibindings-4.0.jar:/home/user/.m2/repository/com/google/inject/guice/4.0/guice-4.0.jar:/home/user/.m2/repository/aopalliance/aopalliance/1.0/aopalliance-1.0.jar:/home/user/.m2/repository/com/google/inject/extensions/guice-assistedinject/4.0/guice-assistedinject-4.0.jar:/home/user/.m2/repository/com/google/inject/extensions/guice-servlet/4.0/guice-servlet-4.0.jar:/home/user/.m2/repository/org/glassfish/jersey/containers/jersey-container-servlet/2.27/jersey-container-servlet-2.27.jar:/home/user/.m2/repository/org/glassfish/hk2/guice-bridge/2.5.0/guice-bridge-2.5.0.jar:/home/user/.m2/repository/org/glassfish/jersey/core/jersey-server/2.27/jersey-server-2.27.jar:/home/user/.m2/repository/org/glassfish/jersey/core/jersey-client/2.27/jersey-client-2.27.jar:/home/user/.m2/repository/org/glassfish/jersey/media/jersey-media-jaxb/2.27/jersey-media-jaxb-2.27.jar:/home/user/.m2/repository/javax/validation/validation-api/1.1.0.Final/validation-api-1.1.0.Final.jar:/home/user/.m2/repository/org/glassfish/jersey/media/jersey-media-json-jackson/2.27/jersey-media-json-jackson-2.27.jar:/home/user/.m2/repository/org/glassfish/jersey/ext/jersey-entity-filtering/2.27/jersey-entity-filtering-2.27.jar:/home/user/.m2/repository/org/jooq/jooq/3.11.10/jooq-3.11.10.jar:/home/user/.m2/repository/org/jooq/jooq-meta/3.11.10/jooq-meta-3.11.10.jar:/home/user/.m2/repository/org/jooq/jooq-codegen/3.11.10/jooq-codegen-3.11.10.jar:/home/user/.m2/repository/com/jolbox/bonecp/0.8.0.RELEASE/bonecp-0.8.0.RELEASE.jar:/home/user/.m2/repository/org/apache/derby/derby/10.14.2.0/derby-10.14.2.0.jar:/home/user/.m2/repository/org/xerial/sqlite-jdbc/3.25.2/sqlite-jdbc-3.25.2.jar:/home/user/.m2/repository/org/springframework/spring-jdbc/5.2.5.RELEASE/spring-jdbc-5.2.5.RELEASE.jar:/home/user/.m2/repository/org/springframework/spring-beans/5.2.5.RELEASE/spring-beans-5.2.5.RELEASE.jar:/home/user/.m2/repository/org/springframework/spring-core/5.2.5.RELEASE/spring-core-5.2.5.RELEASE.jar:/home/user/.m2/repository/org/springframework/spring-jcl/5.2.5.RELEASE/spring-jcl-5.2.5.RELEASE.jar:/home/user/.m2/repository/org/springframework/spring-tx/5.2.5.RELEASE/spring-tx-5.2.5.RELEASE.jar:/home/user/.m2/repository/org/apache/hadoop/hadoop-ozone-client/1.1.0-SNAPSHOT/hadoop-ozone-client-1.1.0-SNAPSHOT.jar:/home/user/.m2/repository/org/apache/hadoop/hadoop-ozone-filesystem/1.1.0-SNAPSHOT/hadoop-ozone-filesystem-1.1.0-SNAPSHOT.jar:/home/user/.m2/repository/org/apache/hadoop/hadoop-ozone-filesystem-common/1.1.0-SNAPSHOT/hadoop-ozone-filesystem-common-1.1.0-SNAPSHOT.jar:/home/user/.m2/repository/org/apache/hadoop/hadoop-ozone-tools/1.1.0-SNAPSHOT/hadoop-ozone-tools-1.1.0-SNAPSHOT.jar:/home/user/.m2/repository/org/apache/hadoop/hadoop-hdfs/3.2.1/hadoop-hdfs-3.2.1.jar:/home/user/.m2/repository/org/apache/ratis/ratis-tools/1.1.0-11689cd-SNAPSHOT/ratis-tools-1.1.0-11689cd-SNAPSHOT.jar:/home/user/.m2/repository/org/apache/ratis/ratis-proto/1.1.0-11689cd-SNAPSHOT/ratis-proto-1.1.0-11689cd-SNAPSHOT.jar:/home/user/.m2/repository/org/apache/ratis/ratis-common/1.1.0-11689cd-SNAPSHOT/ratis-common-1.1.0-11689cd-SNAPSHOT.jar:/home/user/.m2/repository/com/amazonaws/aws-java-sdk-core/1.11.615/aws-java-sdk-core-1.11.615.jar:/home/user/.m2/repository/org/apache/httpcomponents/httpclient/4.5.2/httpclient-4.5.2.jar:/home/user/.m2/repository/org/apache/httpcomponents/httpcore/4.4.4/httpcore-4.4.4.jar:/home/user/.m2/repository/software/amazon/ion/ion-java/1.0.2/ion-java-1.0.2.jar:/home/user/.m2/repository/com/fasterxml/jackson/dataformat/jackson-dataformat-cbor/2.10.3/jackson-dataformat-cbor-2.10.3.jar:/home/user/.m2/repository/joda-time/joda-time/2.8.1/joda-time-2.8.1.jar:/home/user/.m2/repository/com/amazonaws/aws-java-sdk-s3/1.11.615/aws-java-sdk-s3-1.11.615.jar:/home/user/.m2/repository/com/amazonaws/aws-java-sdk-kms/1.11.615/aws-java-sdk-kms-1.11.615.jar:/home/user/.m2/repository/com/amazonaws/jmespath-java/1.11.615/jmespath-java-1.11.615.jar:/home/user/.m2/repository/org/kohsuke/metainf-services/metainf-services/1.8/metainf-services-1.8.jar:/home/user/.m2/repository/org/apache/hadoop/hadoop-hdds-tools/1.1.0-SNAPSHOT/hadoop-hdds-tools-1.1.0-SNAPSHOT.jar:/home/user/.m2/repository/commons-cli/commons-cli/1.2/commons-cli-1.2.jar:/home/user/.m2/repository/org/apache/commons/commons-lang3/3.7/commons-lang3-3.7.jar:/home/user/.m2/repository/org/apache/hadoop/hadoop-ozone-ozone-manager/1.1.0-SNAPSHOT/hadoop-ozone-ozone-manager-1.1.0-SNAPSHOT-tests.jar:/home/user/.m2/repository/junit/junit/4.11/junit-4.11.jar:/home/user/.m2/repository/org/hamcrest/hamcrest-core/1.3/hamcrest-core-1.3.jar:/home/user/.m2/repository/org/openjdk/jmh/jmh-core/1.19/jmh-core-1.19.jar:/home/user/.m2/repository/net/sf/jopt-simple/jopt-simple/4.6/jopt-simple-4.6.jar:/home/user/.m2/repository/org/apache/commons/commons-math3/3.1.1/commons-math3-3.1.1.jar:/home/user/.m2/repository/org/openjdk/jmh/jmh-generator-annprocess/1.19/jmh-generator-annprocess-1.19.jar:/home/user/.m2/repository/org/mockito/mockito-all/1.8.5/mockito-all-1.8.5.jar:/home/user/.m2/repository/org/apache/hadoop/hadoop-kms/3.2.1/hadoop-kms-3.2.1.jar:/home/user/.m2/repository/org/apache/hadoop/hadoop-auth/3.2.1/hadoop-auth-3.2.1.jar:/home/user/.m2/repository/com/nimbusds/nimbus-jose-jwt/7.9/nimbus-jose-jwt-7.9.jar:/home/user/.m2/repository/com/github/stephenc/jcip/jcip-annotations/1.0-1/jcip-annotations-1.0-1.jar:/home/user/.m2/repository/net/minidev/json-smart/2.3/json-smart-2.3.jar:/home/user/.m2/repository/net/minidev/accessors-smart/1.2/accessors-smart-1.2.jar:/home/user/.m2/repository/org/ow2/asm/asm/5.0.4/asm-5.0.4.jar:/home/user/.m2/repository/org/apache/zookeeper/zookeeper/3.4.13/zookeeper-3.4.13.jar:/home/user/.m2/repository/org/apache/yetus/audience-annotations/0.5.0/audience-annotations-0.5.0.jar:/home/user/.m2/repository/org/apache/curator/curator-framework/2.13.0/curator-framework-2.13.0.jar:/home/user/.m2/repository/com/sun/jersey/jersey-core/1.19/jersey-core-1.19.jar:/home/user/.m2/repository/javax/ws/rs/jsr311-api/1.1.1/jsr311-api-1.1.1.jar:/home/user/.m2/repository/com/sun/jersey/jersey-server/1.19/jersey-server-1.19.jar:/home/user/.m2/repository/javax/servlet/javax.servlet-api/3.1.0/javax.servlet-api-3.1.0.jar:/home/user/.m2/repository/org/eclipse/jetty/jetty-server/9.4.26.v20200117/jetty-server-9.4.26.v20200117.jar:/home/user/.m2/repository/org/eclipse/jetty/jetty-http/9.4.26.v20200117/jetty-http-9.4.26.v20200117.jar:/home/user/.m2/repository/org/eclipse/jetty/jetty-io/9.4.26.v20200117/jetty-io-9.4.26.v20200117.jar:/home/user/.m2/repository/org/eclipse/jetty/jetty-webapp/9.4.26.v20200117/jetty-webapp-9.4.26.v20200117.jar:/home/user/.m2/repository/org/eclipse/jetty/jetty-xml/9.4.26.v20200117/jetty-xml-9.4.26.v20200117.jar:/home/user/.m2/repository/org/eclipse/jetty/jetty-servlet/9.4.26.v20200117/jetty-servlet-9.4.26.v20200117.jar:/home/user/.m2/repository/org/eclipse/jetty/jetty-security/9.4.26.v20200117/jetty-security-9.4.26.v20200117.jar:/home/user/.m2/repository/org/apache/hadoop/hadoop-common/3.2.1/hadoop-common-3.2.1.jar:/home/user/.m2/repository/commons-net/commons-net/3.6/commons-net-3.6.jar:/home/user/.m2/repository/commons-collections/commons-collections/3.2.2/commons-collections-3.2.2.jar:/home/user/.m2/repository/com/sun/jersey/jersey-servlet/1.19/jersey-servlet-1.19.jar:/home/user/.m2/repository/com/sun/jersey/jersey-json/1.19/jersey-json-1.19.jar:/home/user/.m2/repository/org/codehaus/jettison/jettison/1.1/jettison-1.1.jar:/home/user/.m2/repository/org/codehaus/jackson/jackson-jaxrs/1.9.2/jackson-jaxrs-1.9.2.jar:/home/user/.m2/repository/org/codehaus/jackson/jackson-xc/1.9.2/jackson-xc-1.9.2.jar:/home/user/.m2/repository/commons-beanutils/commons-beanutils/1.9.4/commons-beanutils-1.9.4.jar:/home/user/.m2/repository/org/apache/commons/commons-configuration2/2.1.1/commons-configuration2-2.1.1.jar:/home/user/.m2/repository/org/apache/commons/commons-text/1.4/commons-text-1.4.jar:/home/user/.m2/repository/com/google/re2j/re2j/1.1/re2j-1.1.jar:/home/user/.m2/repository/com/jcraft/jsch/0.1.54/jsch-0.1.54.jar:/home/user/.m2/repository/org/apache/curator/curator-client/2.13.0/curator-client-2.13.0.jar:/home/user/.m2/repository/org/apache/curator/curator-recipes/2.13.0/curator-recipes-2.13.0.jar:/home/user/.m2/repository/dnsjava/dnsjava/2.1.7/dnsjava-2.1.7.jar:/home/user/.m2/repository/org/slf4j/jul-to-slf4j/1.7.25/jul-to-slf4j-1.7.25.jar:/home/user/.m2/repository/org/eclipse/jetty/jetty-util/9.4.26.v20200117/jetty-util-9.4.26.v20200117.jar:/home/user/.m2/repository/com/fasterxml/jackson/core/jackson-databind/2.10.3/jackson-databind-2.10.3.jar:/home/user/.m2/repository/org/apache/hadoop/hadoop-kms/3.2.1/hadoop-kms-3.2.1-tests.jar:/home/user/.m2/repository/org/apache/hadoop/hadoop-hdds-server-scm/1.1.0-SNAPSHOT/hadoop-hdds-server-scm-1.1.0-SNAPSHOT-tests.jar:/home/user/.m2/repository/org/apache/hadoop/hadoop-hdds-container-service/1.1.0-SNAPSHOT/hadoop-hdds-container-service-1.1.0-SNAPSHOT-tests.jar:/home/user/.m2/repository/org/apache/hadoop/hadoop-hdds-common/1.1.0-SNAPSHOT/hadoop-hdds-common-1.1.0-SNAPSHOT-tests.jar:/home/user/.m2/repository/org/yaml/snakeyaml/1.16/snakeyaml-1.16.jar:/home/user/.m2/repository/org/apache/hadoop/hadoop-hdds-hadoop-dependency-test/1.1.0-SNAPSHOT/hadoop-hdds-hadoop-dependency-test-1.1.0-SNAPSHOT.jar:/home/user/.m2/repository/org/apache/hadoop/hadoop-common/3.2.1/hadoop-common-3.2.1-tests.jar:/home/user/.m2/repository/javax/servlet/jsp/jsp-api/2.1/jsp-api-2.1.jar:/home/user/.m2/repository/org/apache/hadoop/hadoop-hdfs/3.2.1/hadoop-hdfs-3.2.1-tests.jar:/home/user/.m2/repository/org/eclipse/jetty/jetty-util-ajax/9.4.26.v20200117/jetty-util-ajax-9.4.26.v20200117.jar:/home/user/.m2/repository/commons-codec/commons-codec/1.11/commons-codec-1.11.jar:/home/user/.m2/repository/commons-daemon/commons-daemon/1.0.13/commons-daemon-1.0.13.jar:/home/user/.m2/repository/io/netty/netty/3.10.5.Final/netty-3.10.5.Final.jar:/home/user/.m2/repository/io/netty/netty-all/4.1.48.Final/netty-all-4.1.48.Final.jar:/home/user/.m2/repository/org/apache/htrace/htrace-core4/4.1.0-incubating/htrace-core4-4.1.0-incubating.jar:/home/user/.m2/repository/org/fusesource/leveldbjni/leveldbjni-all/1.8/leveldbjni-all-1.8.jar:/home/user/.m2/repository/org/apache/hadoop/hadoop-distcp/3.2.1/hadoop-distcp-3.2.1.jar:/home/user/.m2/repository/org/apache/hadoop/hadoop-mapreduce-client-jobclient/3.2.1/hadoop-mapreduce-client-jobclient-3.2.1.jar:/home/user/.m2/repository/org/apache/hadoop/hadoop-mapreduce-client-common/3.2.1/hadoop-mapreduce-client-common-3.2.1.jar:/home/user/.m2/repository/org/apache/hadoop/hadoop-yarn-common/3.2.1/hadoop-yarn-common-3.2.1.jar:/home/user/.m2/repository/org/apache/hadoop/hadoop-yarn-api/3.2.1/hadoop-yarn-api-3.2.1.jar:/home/user/.m2/repository/com/sun/jersey/jersey-client/1.19/jersey-client-1.19.jar:/home/user/.m2/repository/com/sun/jersey/contribs/jersey-guice/1.19/jersey-guice-1.19.jar:/home/user/.m2/repository/com/fasterxml/jackson/jaxrs/jackson-jaxrs-json-provider/2.10.3/jackson-jaxrs-json-provider-2.10.3.jar:/home/user/.m2/repository/com/fasterxml/jackson/jaxrs/jackson-jaxrs-base/2.10.3/jackson-jaxrs-base-2.10.3.jar:/home/user/.m2/repository/org/apache/hadoop/hadoop-yarn-client/3.2.1/hadoop-yarn-client-3.2.1.jar:/home/user/.m2/repository/org/apache/hadoop/hadoop-mapreduce-client-core/3.2.1/hadoop-mapreduce-client-core-3.2.1.jar:/home/user/.m2/repository/org/apache/avro/avro/1.7.7/avro-1.7.7.jar:/home/user/.m2/repository/org/codehaus/jackson/jackson-core-asl/1.9.13/jackson-core-asl-1.9.13.jar:/home/user/.m2/repository/org/codehaus/jackson/jackson-mapper-asl/1.9.13/jackson-mapper-asl-1.9.13.jar:/home/user/.m2/repository/com/thoughtworks/paranamer/paranamer/2.3/paranamer-2.3.jar:/home/user/.m2/repository/org/xerial/snappy/snappy-java/1.0.5/snappy-java-1.0.5.jar:/home/user/.m2/repository/org/apache/hadoop/hadoop-annotations/3.2.1/hadoop-annotations-3.2.1.jar:/usr/lib/jvm/java-1.8.0-openjdk-1.8.0.232.b09-0.el7_7.x86_64/jre/../lib/tools.jar:/home/user/.m2/repository/org/apache/hadoop/hadoop-distcp/3.2.1/hadoop-distcp-3.2.1-tests.jar:"/>
    <property name="java.vm.vendor" value="Oracle Corporation"/>
    <property name="sun.arch.data.model" value="64"/>
    <property name="test.build.dir" value="/github/workspace/mnt/ozone/hadoop-ozone/integration-test/target/test-dir"/>
    <property name="test.cache.data" value=""/>
    <property name="java.vendor.url" value="http://java.oracle.com/"/>
    <property name="user.timezone" value=""/>
    <property name="java.vm.specification.version" value="1.8"/>
    <property name="os.name" value="Linux"/>
    <property name="test.build.data" value="/github/workspace/mnt/ozone/hadoop-ozone/integration-test/target/test-dir"/>
    <property name="user.country" value="US"/>
    <property name="sun.java.launcher" value="SUN_STANDARD"/>
    <property name="sun.boot.library.path" value="/usr/lib/jvm/java-1.8.0-openjdk-1.8.0.232.b09-0.el7_7.x86_64/jre/lib/amd64"/>
    <property name="sun.java.command" value="/github/workspace/mnt/ozone/hadoop-ozone/integration-test/target/surefire/surefirebooter3584745030470105448.jar /github/workspace/mnt/ozone/hadoop-ozone/integration-test/target/surefire 2020-10-17T12-49-44_992-jvmRun1 surefire1201945585558752956tmp surefire_204359061391784586022tmp"/>
    <property name="surefire.test.class.path" value="/github/workspace/mnt/ozone/hadoop-ozone/integration-test/target/test-classes:/github/workspace/mnt/ozone/hadoop-ozone/integration-test/target/classes:/home/user/.m2/repository/org/apache/hadoop/hadoop-ozone-common/1.1.0-SNAPSHOT/hadoop-ozone-common-1.1.0-SNAPSHOT.jar:/home/user/.m2/repository/org/apache/commons/commons-compress/1.4.1/commons-compress-1.4.1.jar:/home/user/.m2/repository/org/tukaani/xz/1.0/xz-1.0.jar:/home/user/.m2/repository/org/apache/hadoop/hadoop-hdds-common/1.1.0-SNAPSHOT/hadoop-hdds-common-1.1.0-SNAPSHOT.jar:/home/user/.m2/repository/org/apache/hadoop/hadoop-hdds-hadoop-dependency-client/1.1.0-SNAPSHOT/hadoop-hdds-hadoop-dependency-client-1.1.0-SNAPSHOT.jar:/home/user/.m2/repository/info/picocli/picocli/4.4.0/picocli-4.4.0.jar:/home/user/.m2/repository/com/fasterxml/jackson/core/jackson-annotations/2.10.3/jackson-annotations-2.10.3.jar:/home/user/.m2/repository/javax/annotation/javax.annotation-api/1.2/javax.annotation-api-1.2.jar:/home/user/.m2/repository/org/apache/ratis/ratis-server/1.1.0-11689cd-SNAPSHOT/ratis-server-1.1.0-11689cd-SNAPSHOT.jar:/home/user/.m2/repository/org/apache/ratis/ratis-client/1.1.0-11689cd-SNAPSHOT/ratis-client-1.1.0-11689cd-SNAPSHOT.jar:/home/user/.m2/repository/org/apache/ratis/ratis-metrics/1.1.0-11689cd-SNAPSHOT/ratis-metrics-1.1.0-11689cd-SNAPSHOT.jar:/home/user/.m2/repository/org/apache/ratis/ratis-netty/1.1.0-11689cd-SNAPSHOT/ratis-netty-1.1.0-11689cd-SNAPSHOT.jar:/home/user/.m2/repository/org/apache/ratis/ratis-grpc/1.1.0-11689cd-SNAPSHOT/ratis-grpc-1.1.0-11689cd-SNAPSHOT.jar:/home/user/.m2/repository/org/apache/logging/log4j/log4j-api/2.13.3/log4j-api-2.13.3.jar:/home/user/.m2/repository/org/apache/logging/log4j/log4j-core/2.13.3/log4j-core-2.13.3.jar:/home/user/.m2/repository/com/lmax/disruptor/3.4.2/disruptor-3.4.2.jar:/home/user/.m2/repository/org/apache/commons/commons-pool2/2.6.0/commons-pool2-2.6.0.jar:/home/user/.m2/repository/org/bouncycastle/bcpkix-jdk15on/1.60/bcpkix-jdk15on-1.60.jar:/home/user/.m2/repository/commons-validator/commons-validator/1.6/commons-validator-1.6.jar:/home/user/.m2/repository/commons-digester/commons-digester/1.8.1/commons-digester-1.8.1.jar:/home/user/.m2/repository/io/jaegertracing/jaeger-client/1.2.0/jaeger-client-1.2.0.jar:/home/user/.m2/repository/io/jaegertracing/jaeger-thrift/1.2.0/jaeger-thrift-1.2.0.jar:/home/user/.m2/repository/org/apache/thrift/libthrift/0.13.0/libthrift-0.13.0.jar:/home/user/.m2/repository/com/squareup/okhttp3/okhttp/4.2.2/okhttp-4.2.2.jar:/home/user/.m2/repository/com/squareup/okio/okio/2.2.2/okio-2.2.2.jar:/home/user/.m2/repository/org/jetbrains/kotlin/kotlin-stdlib/1.3.50/kotlin-stdlib-1.3.50.jar:/home/user/.m2/repository/org/jetbrains/kotlin/kotlin-stdlib-common/1.3.50/kotlin-stdlib-common-1.3.50.jar:/home/user/.m2/repository/org/jetbrains/annotations/13.0/annotations-13.0.jar:/home/user/.m2/repository/io/jaegertracing/jaeger-core/1.2.0/jaeger-core-1.2.0.jar:/home/user/.m2/repository/io/jaegertracing/jaeger-tracerresolver/1.2.0/jaeger-tracerresolver-1.2.0.jar:/home/user/.m2/repository/io/opentracing/contrib/opentracing-tracerresolver/0.1.8/opentracing-tracerresolver-0.1.8.jar:/home/user/.m2/repository/io/opentracing/opentracing-util/0.33.0/opentracing-util-0.33.0.jar:/home/user/.m2/repository/io/opentracing/opentracing-api/0.33.0/opentracing-api-0.33.0.jar:/home/user/.m2/repository/io/opentracing/opentracing-noop/0.33.0/opentracing-noop-0.33.0.jar:/home/user/.m2/repository/org/apache/hadoop/hadoop-hdds-client/1.1.0-SNAPSHOT/hadoop-hdds-client-1.1.0-SNAPSHOT.jar:/home/user/.m2/repository/org/apache/hadoop/hadoop-ozone-interface-client/1.1.0-SNAPSHOT/hadoop-ozone-interface-client-1.1.0-SNAPSHOT.jar:/home/user/.m2/repository/org/apache/hadoop/hadoop-hdds-test-utils/1.1.0-SNAPSHOT/hadoop-hdds-test-utils-1.1.0-SNAPSHOT.jar:/home/user/.m2/repository/com/google/guava/guava/28.2-jre/guava-28.2-jre.jar:/home/user/.m2/repository/com/google/guava/failureaccess/1.0.1/failureaccess-1.0.1.jar:/home/user/.m2/repository/com/google/guava/listenablefuture/9999.0-empty-to-avoid-conflict-with-guava/listenablefuture-9999.0-empty-to-avoid-conflict-with-guava.jar:/home/user/.m2/repository/com/google/code/findbugs/jsr305/3.0.0/jsr305-3.0.0.jar:/home/user/.m2/repository/org/checkerframework/checker-qual/2.10.0/checker-qual-2.10.0.jar:/home/user/.m2/repository/com/google/errorprone/error_prone_annotations/2.2.0/error_prone_annotations-2.2.0.jar:/home/user/.m2/repository/com/google/j2objc/j2objc-annotations/1.3/j2objc-annotations-1.3.jar:/home/user/.m2/repository/commons-io/commons-io/2.5/commons-io-2.5.jar:/home/user/.m2/repository/commons-logging/commons-logging/1.2/commons-logging-1.2.jar:/home/user/.m2/repository/log4j/log4j/1.2.17/log4j-1.2.17.jar:/home/user/.m2/repository/org/slf4j/slf4j-api/1.7.25/slf4j-api-1.7.25.jar:/home/user/.m2/repository/org/apache/hadoop/hadoop-hdds-server-scm/1.1.0-SNAPSHOT/hadoop-hdds-server-scm-1.1.0-SNAPSHOT.jar:/home/user/.m2/repository/org/apache/hadoop/hadoop-hdds-container-service/1.1.0-SNAPSHOT/hadoop-hdds-container-service-1.1.0-SNAPSHOT.jar:/home/user/.m2/repository/org/apache/hadoop/hadoop-hdds-hadoop-dependency-server/1.1.0-SNAPSHOT/hadoop-hdds-hadoop-dependency-server-1.1.0-SNAPSHOT.jar:/home/user/.m2/repository/org/apache/hadoop/hadoop-hdds-server-framework/1.1.0-SNAPSHOT/hadoop-hdds-server-framework-1.1.0-SNAPSHOT.jar:/home/user/.m2/repository/org/apache/hadoop/hadoop-hdds-interface-server/1.1.0-SNAPSHOT/hadoop-hdds-interface-server-1.1.0-SNAPSHOT.jar:/home/user/.m2/repository/org/apache/hadoop/hadoop-hdds-interface-admin/1.1.0-SNAPSHOT/hadoop-hdds-interface-admin-1.1.0-SNAPSHOT.jar:/home/user/.m2/repository/org/rocksdb/rocksdbjni/6.8.1/rocksdbjni-6.8.1.jar:/home/user/.m2/repository/io/prometheus/simpleclient_dropwizard/0.7.0/simpleclient_dropwizard-0.7.0.jar:/home/user/.m2/repository/io/prometheus/simpleclient/0.7.0/simpleclient-0.7.0.jar:/home/user/.m2/repository/io/prometheus/simpleclient_common/0.7.0/simpleclient_common-0.7.0.jar:/home/user/.m2/repository/com/fasterxml/jackson/datatype/jackson-datatype-jsr310/2.10.3/jackson-datatype-jsr310-2.10.3.jar:/home/user/.m2/repository/io/dropwizard/metrics/metrics-core/3.2.4/metrics-core-3.2.4.jar:/home/user/.m2/repository/org/apache/hadoop/hadoop-hdfs-client/3.2.1/hadoop-hdfs-client-3.2.1.jar:/home/user/.m2/repository/org/bouncycastle/bcprov-jdk15on/1.60/bcprov-jdk15on-1.60.jar:/home/user/.m2/repository/org/apache/hadoop/hadoop-ozone-ozone-manager/1.1.0-SNAPSHOT/hadoop-ozone-ozone-manager-1.1.0-SNAPSHOT.jar:/home/user/.m2/repository/org/apache/hadoop/hadoop-hdds-interface-client/1.1.0-SNAPSHOT/hadoop-hdds-interface-client-1.1.0-SNAPSHOT.jar:/home/user/.m2/repository/org/apache/ratis/ratis-thirdparty-misc/0.6.0-SNAPSHOT/ratis-thirdparty-misc-0.6.0-SNAPSHOT.jar:/home/user/.m2/repository/org/apache/hadoop/hadoop-ozone-interface-storage/1.1.0-SNAPSHOT/hadoop-ozone-interface-storage-1.1.0-SNAPSHOT.jar:/home/user/.m2/repository/org/apache/hadoop/hadoop-minikdc/3.2.1/hadoop-minikdc-3.2.1.jar:/home/user/.m2/repository/org/apache/kerby/kerb-simplekdc/1.0.1/kerb-simplekdc-1.0.1.jar:/home/user/.m2/repository/org/apache/kerby/kerb-client/1.0.1/kerb-client-1.0.1.jar:/home/user/.m2/repository/org/apache/kerby/kerby-config/1.0.1/kerby-config-1.0.1.jar:/home/user/.m2/repository/org/apache/kerby/kerb-core/1.0.1/kerb-core-1.0.1.jar:/home/user/.m2/repository/org/apache/kerby/kerby-pkix/1.0.1/kerby-pkix-1.0.1.jar:/home/user/.m2/repository/org/apache/kerby/kerby-asn1/1.0.1/kerby-asn1-1.0.1.jar:/home/user/.m2/repository/org/apache/kerby/kerby-util/1.0.1/kerby-util-1.0.1.jar:/home/user/.m2/repository/org/apache/kerby/kerb-common/1.0.1/kerb-common-1.0.1.jar:/home/user/.m2/repository/org/apache/kerby/kerb-crypto/1.0.1/kerb-crypto-1.0.1.jar:/home/user/.m2/repository/org/apache/kerby/kerb-util/1.0.1/kerb-util-1.0.1.jar:/home/user/.m2/repository/org/apache/kerby/token-provider/1.0.1/token-provider-1.0.1.jar:/home/user/.m2/repository/org/apache/kerby/kerb-admin/1.0.1/kerb-admin-1.0.1.jar:/home/user/.m2/repository/org/apache/kerby/kerb-server/1.0.1/kerb-server-1.0.1.jar:/home/user/.m2/repository/org/apache/kerby/kerb-identity/1.0.1/kerb-identity-1.0.1.jar:/home/user/.m2/repository/org/apache/kerby/kerby-xdr/1.0.1/kerby-xdr-1.0.1.jar:/home/user/.m2/repository/org/slf4j/slf4j-log4j12/1.7.25/slf4j-log4j12-1.7.25.jar:/home/user/.m2/repository/org/apache/hadoop/hadoop-ozone-s3gateway/1.1.0-SNAPSHOT/hadoop-ozone-s3gateway-1.1.0-SNAPSHOT.jar:/home/user/.m2/repository/org/jboss/weld/servlet/weld-servlet/2.4.7.Final/weld-servlet-2.4.7.Final.jar:/home/user/.m2/repository/org/glassfish/jersey/containers/jersey-container-servlet-core/2.27/jersey-container-servlet-core-2.27.jar:/home/user/.m2/repository/org/glassfish/hk2/external/javax.inject/2.5.0-b42/javax.inject-2.5.0-b42.jar:/home/user/.m2/repository/org/glassfish/jersey/core/jersey-common/2.27/jersey-common-2.27.jar:/home/user/.m2/repository/org/glassfish/hk2/osgi-resource-locator/1.0.1/osgi-resource-locator-1.0.1.jar:/home/user/.m2/repository/javax/ws/rs/javax.ws.rs-api/2.1/javax.ws.rs-api-2.1.jar:/home/user/.m2/repository/org/glassfish/jersey/ext/cdi/jersey-cdi1x/2.27/jersey-cdi1x-2.27.jar:/home/user/.m2/repository/org/glassfish/jersey/inject/jersey-hk2/2.27/jersey-hk2-2.27.jar:/home/user/.m2/repository/org/glassfish/hk2/hk2-locator/2.5.0-b42/hk2-locator-2.5.0-b42.jar:/home/user/.m2/repository/org/javassist/javassist/3.22.0-CR2/javassist-3.22.0-CR2.jar:/home/user/.m2/repository/org/glassfish/hk2/hk2-api/2.5.0/hk2-api-2.5.0.jar:/home/user/.m2/repository/org/glassfish/hk2/external/jakarta.inject/2.5.0/jakarta.inject-2.5.0.jar:/home/user/.m2/repository/org/glassfish/hk2/hk2-utils/2.5.0/hk2-utils-2.5.0.jar:/home/user/.m2/repository/jakarta/annotation/jakarta.annotation-api/1.3.4/jakarta.annotation-api-1.3.4.jar:/home/user/.m2/repository/org/glassfish/hk2/external/aopalliance-repackaged/2.5.0/aopalliance-repackaged-2.5.0.jar:/home/user/.m2/repository/com/fasterxml/jackson/dataformat/jackson-dataformat-xml/2.10.3/jackson-dataformat-xml-2.10.3.jar:/home/user/.m2/repository/com/fasterxml/jackson/core/jackson-core/2.10.3/jackson-core-2.10.3.jar:/home/user/.m2/repository/com/fasterxml/jackson/module/jackson-module-jaxb-annotations/2.10.3/jackson-module-jaxb-annotations-2.10.3.jar:/home/user/.m2/repository/jakarta/xml/bind/jakarta.xml.bind-api/2.3.2/jakarta.xml.bind-api-2.3.2.jar:/home/user/.m2/repository/jakarta/activation/jakarta.activation-api/1.2.1/jakarta.activation-api-1.2.1.jar:/home/user/.m2/repository/org/codehaus/woodstox/stax2-api/3.1.4/stax2-api-3.1.4.jar:/home/user/.m2/repository/com/fasterxml/woodstox/woodstox-core/5.0.3/woodstox-core-5.0.3.jar:/home/user/.m2/repository/javax/enterprise/cdi-api/1.2/cdi-api-1.2.jar:/home/user/.m2/repository/javax/el/javax.el-api/3.0.0/javax.el-api-3.0.0.jar:/home/user/.m2/repository/javax/interceptor/javax.interceptor-api/1.2/javax.interceptor-api-1.2.jar:/home/user/.m2/repository/javax/inject/javax.inject/1/javax.inject-1.jar:/home/user/.m2/repository/com/sun/xml/bind/jaxb-impl/2.3.0.1/jaxb-impl-2.3.0.1.jar:/home/user/.m2/repository/com/sun/xml/bind/jaxb-core/2.3.0.1/jaxb-core-2.3.0.1.jar:/home/user/.m2/repository/javax/xml/bind/jaxb-api/2.3.0/jaxb-api-2.3.0.jar:/home/user/.m2/repository/javax/activation/activation/1.1.1/activation-1.1.1.jar:/home/user/.m2/repository/org/apache/hadoop/hadoop-ozone-csi/1.1.0-SNAPSHOT/hadoop-ozone-csi-1.1.0-SNAPSHOT.jar:/home/user/.m2/repository/com/google/protobuf/protobuf-java-util/3.11.0/protobuf-java-util-3.11.0.jar:/home/user/.m2/repository/com/google/code/gson/gson/2.2.4/gson-2.2.4.jar:/home/user/.m2/repository/org/apache/hadoop/hadoop-hdds-config/1.1.0-SNAPSHOT/hadoop-hdds-config-1.1.0-SNAPSHOT.jar:/home/user/.m2/repository/com/google/protobuf/protobuf-java/2.5.0/protobuf-java-2.5.0.jar:/home/user/.m2/repository/io/grpc/grpc-netty/1.29.0/grpc-netty-1.29.0.jar:/home/user/.m2/repository/io/grpc/grpc-core/1.29.0/grpc-core-1.29.0.jar:/home/user/.m2/repository/com/google/android/annotations/4.1.1.4/annotations-4.1.1.4.jar:/home/user/.m2/repository/io/perfmark/perfmark-api/0.19.0/perfmark-api-0.19.0.jar:/home/user/.m2/repository/io/netty/netty-codec-http2/4.1.48.Final/netty-codec-http2-4.1.48.Final.jar:/home/user/.m2/repository/io/netty/netty-codec/4.1.48.Final/netty-codec-4.1.48.Final.jar:/home/user/.m2/repository/io/netty/netty-handler/4.1.48.Final/netty-handler-4.1.48.Final.jar:/home/user/.m2/repository/io/netty/netty-codec-http/4.1.48.Final/netty-codec-http-4.1.48.Final.jar:/home/user/.m2/repository/io/netty/netty-handler-proxy/4.1.48.Final/netty-handler-proxy-4.1.48.Final.jar:/home/user/.m2/repository/io/netty/netty-codec-socks/4.1.48.Final/netty-codec-socks-4.1.48.Final.jar:/home/user/.m2/repository/io/netty/netty-transport-native-epoll/4.1.48.Final/netty-transport-native-epoll-4.1.48.Final.jar:/home/user/.m2/repository/io/netty/netty-common/4.1.48.Final/netty-common-4.1.48.Final.jar:/home/user/.m2/repository/io/netty/netty-buffer/4.1.48.Final/netty-buffer-4.1.48.Final.jar:/home/user/.m2/repository/io/netty/netty-transport/4.1.48.Final/netty-transport-4.1.48.Final.jar:/home/user/.m2/repository/io/netty/netty-resolver/4.1.48.Final/netty-resolver-4.1.48.Final.jar:/home/user/.m2/repository/io/netty/netty-transport-native-unix-common/4.1.48.Final/netty-transport-native-unix-common-4.1.48.Final.jar:/home/user/.m2/repository/io/grpc/grpc-protobuf/1.29.0/grpc-protobuf-1.29.0.jar:/home/user/.m2/repository/io/grpc/grpc-api/1.29.0/grpc-api-1.29.0.jar:/home/user/.m2/repository/io/grpc/grpc-context/1.29.0/grpc-context-1.29.0.jar:/home/user/.m2/repository/org/codehaus/mojo/animal-sniffer-annotations/1.18/animal-sniffer-annotations-1.18.jar:/home/user/.m2/repository/com/google/api/grpc/proto-google-common-protos/1.17.0/proto-google-common-protos-1.17.0.jar:/home/user/.m2/repository/io/grpc/grpc-protobuf-lite/1.29.0/grpc-protobuf-lite-1.29.0.jar:/home/user/.m2/repository/io/grpc/grpc-stub/1.29.0/grpc-stub-1.29.0.jar:/home/user/.m2/repository/org/apache/hadoop/hadoop-ozone-recon/1.1.0-SNAPSHOT/hadoop-ozone-recon-1.1.0-SNAPSHOT.jar:/home/user/.m2/repository/org/apache/hadoop/hadoop-ozone-reconcodegen/1.1.0-SNAPSHOT/hadoop-ozone-reconcodegen-1.1.0-SNAPSHOT.jar:/home/user/.m2/repository/com/google/inject/extensions/guice-multibindings/4.0/guice-multibindings-4.0.jar:/home/user/.m2/repository/com/google/inject/guice/4.0/guice-4.0.jar:/home/user/.m2/repository/aopalliance/aopalliance/1.0/aopalliance-1.0.jar:/home/user/.m2/repository/com/google/inject/extensions/guice-assistedinject/4.0/guice-assistedinject-4.0.jar:/home/user/.m2/repository/com/google/inject/extensions/guice-servlet/4.0/guice-servlet-4.0.jar:/home/user/.m2/repository/org/glassfish/jersey/containers/jersey-container-servlet/2.27/jersey-container-servlet-2.27.jar:/home/user/.m2/repository/org/glassfish/hk2/guice-bridge/2.5.0/guice-bridge-2.5.0.jar:/home/user/.m2/repository/org/glassfish/jersey/core/jersey-server/2.27/jersey-server-2.27.jar:/home/user/.m2/repository/org/glassfish/jersey/core/jersey-client/2.27/jersey-client-2.27.jar:/home/user/.m2/repository/org/glassfish/jersey/media/jersey-media-jaxb/2.27/jersey-media-jaxb-2.27.jar:/home/user/.m2/repository/javax/validation/validation-api/1.1.0.Final/validation-api-1.1.0.Final.jar:/home/user/.m2/repository/org/glassfish/jersey/media/jersey-media-json-jackson/2.27/jersey-media-json-jackson-2.27.jar:/home/user/.m2/repository/org/glassfish/jersey/ext/jersey-entity-filtering/2.27/jersey-entity-filtering-2.27.jar:/home/user/.m2/repository/org/jooq/jooq/3.11.10/jooq-3.11.10.jar:/home/user/.m2/repository/org/jooq/jooq-meta/3.11.10/jooq-meta-3.11.10.jar:/home/user/.m2/repository/org/jooq/jooq-codegen/3.11.10/jooq-codegen-3.11.10.jar:/home/user/.m2/repository/com/jolbox/bonecp/0.8.0.RELEASE/bonecp-0.8.0.RELEASE.jar:/home/user/.m2/repository/org/apache/derby/derby/10.14.2.0/derby-10.14.2.0.jar:/home/user/.m2/repository/org/xerial/sqlite-jdbc/3.25.2/sqlite-jdbc-3.25.2.jar:/home/user/.m2/repository/org/springframework/spring-jdbc/5.2.5.RELEASE/spring-jdbc-5.2.5.RELEASE.jar:/home/user/.m2/repository/org/springframework/spring-beans/5.2.5.RELEASE/spring-beans-5.2.5.RELEASE.jar:/home/user/.m2/repository/org/springframework/spring-core/5.2.5.RELEASE/spring-core-5.2.5.RELEASE.jar:/home/user/.m2/repository/org/springframework/spring-jcl/5.2.5.RELEASE/spring-jcl-5.2.5.RELEASE.jar:/home/user/.m2/repository/org/springframework/spring-tx/5.2.5.RELEASE/spring-tx-5.2.5.RELEASE.jar:/home/user/.m2/repository/org/apache/hadoop/hadoop-ozone-client/1.1.0-SNAPSHOT/hadoop-ozone-client-1.1.0-SNAPSHOT.jar:/home/user/.m2/repository/org/apache/hadoop/hadoop-ozone-filesystem/1.1.0-SNAPSHOT/hadoop-ozone-filesystem-1.1.0-SNAPSHOT.jar:/home/user/.m2/repository/org/apache/hadoop/hadoop-ozone-filesystem-common/1.1.0-SNAPSHOT/hadoop-ozone-filesystem-common-1.1.0-SNAPSHOT.jar:/home/user/.m2/repository/org/apache/hadoop/hadoop-ozone-tools/1.1.0-SNAPSHOT/hadoop-ozone-tools-1.1.0-SNAPSHOT.jar:/home/user/.m2/repository/org/apache/hadoop/hadoop-hdfs/3.2.1/hadoop-hdfs-3.2.1.jar:/home/user/.m2/repository/org/apache/ratis/ratis-tools/1.1.0-11689cd-SNAPSHOT/ratis-tools-1.1.0-11689cd-SNAPSHOT.jar:/home/user/.m2/repository/org/apache/ratis/ratis-proto/1.1.0-11689cd-SNAPSHOT/ratis-proto-1.1.0-11689cd-SNAPSHOT.jar:/home/user/.m2/repository/org/apache/ratis/ratis-common/1.1.0-11689cd-SNAPSHOT/ratis-common-1.1.0-11689cd-SNAPSHOT.jar:/home/user/.m2/repository/com/amazonaws/aws-java-sdk-core/1.11.615/aws-java-sdk-core-1.11.615.jar:/home/user/.m2/repository/org/apache/httpcomponents/httpclient/4.5.2/httpclient-4.5.2.jar:/home/user/.m2/repository/org/apache/httpcomponents/httpcore/4.4.4/httpcore-4.4.4.jar:/home/user/.m2/repository/software/amazon/ion/ion-java/1.0.2/ion-java-1.0.2.jar:/home/user/.m2/repository/com/fasterxml/jackson/dataformat/jackson-dataformat-cbor/2.10.3/jackson-dataformat-cbor-2.10.3.jar:/home/user/.m2/repository/joda-time/joda-time/2.8.1/joda-time-2.8.1.jar:/home/user/.m2/repository/com/amazonaws/aws-java-sdk-s3/1.11.615/aws-java-sdk-s3-1.11.615.jar:/home/user/.m2/repository/com/amazonaws/aws-java-sdk-kms/1.11.615/aws-java-sdk-kms-1.11.615.jar:/home/user/.m2/repository/com/amazonaws/jmespath-java/1.11.615/jmespath-java-1.11.615.jar:/home/user/.m2/repository/org/kohsuke/metainf-services/metainf-services/1.8/metainf-services-1.8.jar:/home/user/.m2/repository/org/apache/hadoop/hadoop-hdds-tools/1.1.0-SNAPSHOT/hadoop-hdds-tools-1.1.0-SNAPSHOT.jar:/home/user/.m2/repository/commons-cli/commons-cli/1.2/commons-cli-1.2.jar:/home/user/.m2/repository/org/apache/commons/commons-lang3/3.7/commons-lang3-3.7.jar:/home/user/.m2/repository/org/apache/hadoop/hadoop-ozone-ozone-manager/1.1.0-SNAPSHOT/hadoop-ozone-ozone-manager-1.1.0-SNAPSHOT-tests.jar:/home/user/.m2/repository/junit/junit/4.11/junit-4.11.jar:/home/user/.m2/repository/org/hamcrest/hamcrest-core/1.3/hamcrest-core-1.3.jar:/home/user/.m2/repository/org/openjdk/jmh/jmh-core/1.19/jmh-core-1.19.jar:/home/user/.m2/repository/net/sf/jopt-simple/jopt-simple/4.6/jopt-simple-4.6.jar:/home/user/.m2/repository/org/apache/commons/commons-math3/3.1.1/commons-math3-3.1.1.jar:/home/user/.m2/repository/org/openjdk/jmh/jmh-generator-annprocess/1.19/jmh-generator-annprocess-1.19.jar:/home/user/.m2/repository/org/mockito/mockito-all/1.8.5/mockito-all-1.8.5.jar:/home/user/.m2/repository/org/apache/hadoop/hadoop-kms/3.2.1/hadoop-kms-3.2.1.jar:/home/user/.m2/repository/org/apache/hadoop/hadoop-auth/3.2.1/hadoop-auth-3.2.1.jar:/home/user/.m2/repository/com/nimbusds/nimbus-jose-jwt/7.9/nimbus-jose-jwt-7.9.jar:/home/user/.m2/repository/com/github/stephenc/jcip/jcip-annotations/1.0-1/jcip-annotations-1.0-1.jar:/home/user/.m2/repository/net/minidev/json-smart/2.3/json-smart-2.3.jar:/home/user/.m2/repository/net/minidev/accessors-smart/1.2/accessors-smart-1.2.jar:/home/user/.m2/repository/org/ow2/asm/asm/5.0.4/asm-5.0.4.jar:/home/user/.m2/repository/org/apache/zookeeper/zookeeper/3.4.13/zookeeper-3.4.13.jar:/home/user/.m2/repository/org/apache/yetus/audience-annotations/0.5.0/audience-annotations-0.5.0.jar:/home/user/.m2/repository/org/apache/curator/curator-framework/2.13.0/curator-framework-2.13.0.jar:/home/user/.m2/repository/com/sun/jersey/jersey-core/1.19/jersey-core-1.19.jar:/home/user/.m2/repository/javax/ws/rs/jsr311-api/1.1.1/jsr311-api-1.1.1.jar:/home/user/.m2/repository/com/sun/jersey/jersey-server/1.19/jersey-server-1.19.jar:/home/user/.m2/repository/javax/servlet/javax.servlet-api/3.1.0/javax.servlet-api-3.1.0.jar:/home/user/.m2/repository/org/eclipse/jetty/jetty-server/9.4.26.v20200117/jetty-server-9.4.26.v20200117.jar:/home/user/.m2/repository/org/eclipse/jetty/jetty-http/9.4.26.v20200117/jetty-http-9.4.26.v20200117.jar:/home/user/.m2/repository/org/eclipse/jetty/jetty-io/9.4.26.v20200117/jetty-io-9.4.26.v20200117.jar:/home/user/.m2/repository/org/eclipse/jetty/jetty-webapp/9.4.26.v20200117/jetty-webapp-9.4.26.v20200117.jar:/home/user/.m2/repository/org/eclipse/jetty/jetty-xml/9.4.26.v20200117/jetty-xml-9.4.26.v20200117.jar:/home/user/.m2/repository/org/eclipse/jetty/jetty-servlet/9.4.26.v20200117/jetty-servlet-9.4.26.v20200117.jar:/home/user/.m2/repository/org/eclipse/jetty/jetty-security/9.4.26.v20200117/jetty-security-9.4.26.v20200117.jar:/home/user/.m2/repository/org/apache/hadoop/hadoop-common/3.2.1/hadoop-common-3.2.1.jar:/home/user/.m2/repository/commons-net/commons-net/3.6/commons-net-3.6.jar:/home/user/.m2/repository/commons-collections/commons-collections/3.2.2/commons-collections-3.2.2.jar:/home/user/.m2/repository/com/sun/jersey/jersey-servlet/1.19/jersey-servlet-1.19.jar:/home/user/.m2/repository/com/sun/jersey/jersey-json/1.19/jersey-json-1.19.jar:/home/user/.m2/repository/org/codehaus/jettison/jettison/1.1/jettison-1.1.jar:/home/user/.m2/repository/org/codehaus/jackson/jackson-jaxrs/1.9.2/jackson-jaxrs-1.9.2.jar:/home/user/.m2/repository/org/codehaus/jackson/jackson-xc/1.9.2/jackson-xc-1.9.2.jar:/home/user/.m2/repository/commons-beanutils/commons-beanutils/1.9.4/commons-beanutils-1.9.4.jar:/home/user/.m2/repository/org/apache/commons/commons-configuration2/2.1.1/commons-configuration2-2.1.1.jar:/home/user/.m2/repository/org/apache/commons/commons-text/1.4/commons-text-1.4.jar:/home/user/.m2/repository/com/google/re2j/re2j/1.1/re2j-1.1.jar:/home/user/.m2/repository/com/jcraft/jsch/0.1.54/jsch-0.1.54.jar:/home/user/.m2/repository/org/apache/curator/curator-client/2.13.0/curator-client-2.13.0.jar:/home/user/.m2/repository/org/apache/curator/curator-recipes/2.13.0/curator-recipes-2.13.0.jar:/home/user/.m2/repository/dnsjava/dnsjava/2.1.7/dnsjava-2.1.7.jar:/home/user/.m2/repository/org/slf4j/jul-to-slf4j/1.7.25/jul-to-slf4j-1.7.25.jar:/home/user/.m2/repository/org/eclipse/jetty/jetty-util/9.4.26.v20200117/jetty-util-9.4.26.v20200117.jar:/home/user/.m2/repository/com/fasterxml/jackson/core/jackson-databind/2.10.3/jackson-databind-2.10.3.jar:/home/user/.m2/repository/org/apache/hadoop/hadoop-kms/3.2.1/hadoop-kms-3.2.1-tests.jar:/home/user/.m2/repository/org/apache/hadoop/hadoop-hdds-server-scm/1.1.0-SNAPSHOT/hadoop-hdds-server-scm-1.1.0-SNAPSHOT-tests.jar:/home/user/.m2/repository/org/apache/hadoop/hadoop-hdds-container-service/1.1.0-SNAPSHOT/hadoop-hdds-container-service-1.1.0-SNAPSHOT-tests.jar:/home/user/.m2/repository/org/apache/hadoop/hadoop-hdds-common/1.1.0-SNAPSHOT/hadoop-hdds-common-1.1.0-SNAPSHOT-tests.jar:/home/user/.m2/repository/org/yaml/snakeyaml/1.16/snakeyaml-1.16.jar:/home/user/.m2/repository/org/apache/hadoop/hadoop-hdds-hadoop-dependency-test/1.1.0-SNAPSHOT/hadoop-hdds-hadoop-dependency-test-1.1.0-SNAPSHOT.jar:/home/user/.m2/repository/org/apache/hadoop/hadoop-common/3.2.1/hadoop-common-3.2.1-tests.jar:/home/user/.m2/repository/javax/servlet/jsp/jsp-api/2.1/jsp-api-2.1.jar:/home/user/.m2/repository/org/apache/hadoop/hadoop-hdfs/3.2.1/hadoop-hdfs-3.2.1-tests.jar:/home/user/.m2/repository/org/eclipse/jetty/jetty-util-ajax/9.4.26.v20200117/jetty-util-ajax-9.4.26.v20200117.jar:/home/user/.m2/repository/commons-codec/commons-codec/1.11/commons-codec-1.11.jar:/home/user/.m2/repository/commons-daemon/commons-daemon/1.0.13/commons-daemon-1.0.13.jar:/home/user/.m2/repository/io/netty/netty/3.10.5.Final/netty-3.10.5.Final.jar:/home/user/.m2/repository/io/netty/netty-all/4.1.48.Final/netty-all-4.1.48.Final.jar:/home/user/.m2/repository/org/apache/htrace/htrace-core4/4.1.0-incubating/htrace-core4-4.1.0-incubating.jar:/home/user/.m2/repository/org/fusesource/leveldbjni/leveldbjni-all/1.8/leveldbjni-all-1.8.jar:/home/user/.m2/repository/org/apache/hadoop/hadoop-distcp/3.2.1/hadoop-distcp-3.2.1.jar:/home/user/.m2/repository/org/apache/hadoop/hadoop-mapreduce-client-jobclient/3.2.1/hadoop-mapreduce-client-jobclient-3.2.1.jar:/home/user/.m2/repository/org/apache/hadoop/hadoop-mapreduce-client-common/3.2.1/hadoop-mapreduce-client-common-3.2.1.jar:/home/user/.m2/repository/org/apache/hadoop/hadoop-yarn-common/3.2.1/hadoop-yarn-common-3.2.1.jar:/home/user/.m2/repository/org/apache/hadoop/hadoop-yarn-api/3.2.1/hadoop-yarn-api-3.2.1.jar:/home/user/.m2/repository/com/sun/jersey/jersey-client/1.19/jersey-client-1.19.jar:/home/user/.m2/repository/com/sun/jersey/contribs/jersey-guice/1.19/jersey-guice-1.19.jar:/home/user/.m2/repository/com/fasterxml/jackson/jaxrs/jackson-jaxrs-json-provider/2.10.3/jackson-jaxrs-json-provider-2.10.3.jar:/home/user/.m2/repository/com/fasterxml/jackson/jaxrs/jackson-jaxrs-base/2.10.3/jackson-jaxrs-base-2.10.3.jar:/home/user/.m2/repository/org/apache/hadoop/hadoop-yarn-client/3.2.1/hadoop-yarn-client-3.2.1.jar:/home/user/.m2/repository/org/apache/hadoop/hadoop-mapreduce-client-core/3.2.1/hadoop-mapreduce-client-core-3.2.1.jar:/home/user/.m2/repository/org/apache/avro/avro/1.7.7/avro-1.7.7.jar:/home/user/.m2/repository/org/codehaus/jackson/jackson-core-asl/1.9.13/jackson-core-asl-1.9.13.jar:/home/user/.m2/repository/org/codehaus/jackson/jackson-mapper-asl/1.9.13/jackson-mapper-asl-1.9.13.jar:/home/user/.m2/repository/com/thoughtworks/paranamer/paranamer/2.3/paranamer-2.3.jar:/home/user/.m2/repository/org/xerial/snappy/snappy-java/1.0.5/snappy-java-1.0.5.jar:/home/user/.m2/repository/org/apache/hadoop/hadoop-annotations/3.2.1/hadoop-annotations-3.2.1.jar:/usr/lib/jvm/java-1.8.0-openjdk-1.8.0.232.b09-0.el7_7.x86_64/jre/../lib/tools.jar:/home/user/.m2/repository/org/apache/hadoop/hadoop-distcp/3.2.1/hadoop-distcp-3.2.1-tests.jar:"/>
    <property name="sun.cpu.endian" value="little"/>
    <property name="user.home" value="/home/user"/>
    <property name="user.language" value="en"/>
    <property name="java.specification.vendor" value="Oracle Corporation"/>
    <property name="java.home" value="/usr/lib/jvm/java-1.8.0-openjdk-1.8.0.232.b09-0.el7_7.x86_64/jre"/>
    <property name="java.security.krb5.conf" value="/github/workspace/mnt/ozone/hadoop-ozone/integration-test/target/test-classes/krb5.conf"/>
    <property name="basedir" value="/github/workspace/mnt/ozone/hadoop-ozone/integration-test"/>
    <property name="file.separator" value="/"/>
    <property name="line.separator" value="&#10;"/>
    <property name="java.vm.specification.vendor" value="Oracle Corporation"/>
    <property name="java.specification.name" value="Java Platform API Specification"/>
    <property name="java.awt.graphicsenv" value="sun.awt.X11GraphicsEnvironment"/>
    <property name="skip.installnpx" value="true"/>
    <property name="surefire.real.class.path" value="/github/workspace/mnt/ozone/hadoop-ozone/integration-test/target/surefire/surefirebooter3584745030470105448.jar:/home/user/.m2/repository/org/jacoco/org.jacoco.agent/0.8.5/org.jacoco.agent-0.8.5-runtime.jar"/>
    <property name="hadoop.log.dir" value="/github/workspace/mnt/ozone/hadoop-ozone/integration-test/target/log"/>
    <property name="sun.boot.class.path" value="/usr/lib/jvm/java-1.8.0-openjdk-1.8.0.232.b09-0.el7_7.x86_64/jre/lib/resources.jar:/usr/lib/jvm/java-1.8.0-openjdk-1.8.0.232.b09-0.el7_7.x86_64/jre/lib/rt.jar:/usr/lib/jvm/java-1.8.0-openjdk-1.8.0.232.b09-0.el7_7.x86_64/jre/lib/sunrsasign.jar:/usr/lib/jvm/java-1.8.0-openjdk-1.8.0.232.b09-0.el7_7.x86_64/jre/lib/jsse.jar:/usr/lib/jvm/java-1.8.0-openjdk-1.8.0.232.b09-0.el7_7.x86_64/jre/lib/jce.jar:/usr/lib/jvm/java-1.8.0-openjdk-1.8.0.232.b09-0.el7_7.x86_64/jre/lib/charsets.jar:/usr/lib/jvm/java-1.8.0-openjdk-1.8.0.232.b09-0.el7_7.x86_64/jre/lib/jfr.jar:/usr/lib/jvm/java-1.8.0-openjdk-1.8.0.232.b09-0.el7_7.x86_64/jre/classes"/>
    <property name="sun.management.compiler" value="HotSpot 64-Bit Tiered Compilers"/>
    <property name="skip.npx" value="true"/>
    <property name="java.runtime.version" value="1.8.0_232-b09"/>
    <property name="java.net.preferIPv4Stack" value="true"/>
    <property name="user.name" value="jenkins1001"/>
    <property name="path.separator" value=":"/>
    <property name="java.security.egd" value="file:///dev/urandom"/>
    <property name="os.version" value="5.4.0-1026-azure"/>
    <property name="java.endorsed.dirs" value="/usr/lib/jvm/java-1.8.0-openjdk-1.8.0.232.b09-0.el7_7.x86_64/jre/lib/endorsed"/>
    <property name="java.runtime.name" value="OpenJDK Runtime Environment"/>
    <property name="file.encoding" value="ANSI_X3.4-1968"/>
    <property name="java.vm.name" value="OpenJDK 64-Bit Server VM"/>
    <property name="test.build.webapps" value=""/>
    <property name="localRepository" value="/home/user/.m2/repository"/>
    <property name="java.vendor.url.bug" value="http://bugreport.sun.com/bugreport/"/>
    <property name="java.io.tmpdir" value="/tmp"/>
    <property name="require.test.libhadoop" value=""/>
    <property name="java.version" value="1.8.0_232"/>
    <property name="user.dir" value="/github/workspace/mnt/ozone/hadoop-ozone/integration-test"/>
    <property name="os.arch" value="amd64"/>
    <property name="java.vm.specification.name" value="Java Virtual Machine Specification"/>
    <property name="test.build.classes" value="/github/workspace/mnt/ozone/hadoop-ozone/integration-test/target/test-classes"/>
    <property name="java.awt.printerjob" value="sun.print.PSPrinterJob"/>
    <property name="sun.os.patch.level" value="unknown"/>
    <property name="hadoop.tmp.dir" value="/github/workspace/mnt/ozone/hadoop-ozone/integration-test/target/tmp"/>
    <property name="java.library.path" value="/usr/lib:/usr/java/packages/lib/amd64:/usr/lib64:/lib64:/lib:/usr/lib"/>
    <property name="java.vm.info" value="mixed mode"/>
    <property name="java.vendor" value="Oracle Corporation"/>
    <property name="java.vm.version" value="25.232-b09"/>
    <property name="java.ext.dirs" value="/usr/lib/jvm/java-1.8.0-openjdk-1.8.0.232.b09-0.el7_7.x86_64/jre/lib/ext:/usr/java/packages/lib/ext"/>
    <property name="sun.io.unicode.encoding" value="UnicodeLittle"/>
    <property name="java.class.version" value="52.0"/>
  </properties>
  <testcase name="testGroupMismatchExceptionHandling" classname="org.apache.hadoop.ozone.client.rpc.TestOzoneClientRetriesOnException" time="46.543"/>
  <testcase name="testMaxRetriesByOzoneClient" classname="org.apache.hadoop.ozone.client.rpc.TestOzoneClientRetriesOnException" time="36.628">
    <failure message="Expected exception not thrown" type="java.lang.AssertionError">java.lang.AssertionError: Expected exception not thrown
	at org.junit.Assert.fail(Assert.java:88)
	at org.apache.hadoop.ozone.client.rpc.TestOzoneClientRetriesOnException.testMaxRetriesByOzoneClient(TestOzoneClientRetriesOnException.java:231)
	at sun.reflect.NativeMethodAccessorImpl.invoke0(Native Method)
	at sun.reflect.NativeMethodAccessorImpl.invoke(NativeMethodAccessorImpl.java:62)
	at sun.reflect.DelegatingMethodAccessorImpl.invoke(DelegatingMethodAccessorImpl.java:43)
	at java.lang.reflect.Method.invoke(Method.java:498)
	at org.junit.runners.model.FrameworkMethod$1.runReflectiveCall(FrameworkMethod.java:47)
	at org.junit.internal.runners.model.ReflectiveCallable.run(ReflectiveCallable.java:12)
	at org.junit.runners.model.FrameworkMethod.invokeExplosively(FrameworkMethod.java:44)
	at org.junit.internal.runners.statements.InvokeMethod.evaluate(InvokeMethod.java:17)
	at org.junit.internal.runners.statements.RunBefores.evaluate(RunBefores.java:26)
	at org.junit.internal.runners.statements.RunAfters.evaluate(RunAfters.java:27)
	at org.junit.internal.runners.statements.FailOnTimeout$StatementThread.run(FailOnTimeout.java:74)
</failure>
    <system-out><![CDATA[2020-10-17 13:19:26,343 [Thread-363] WARN  server.ServerUtils (ServerUtils.java:getScmDbDir(148)) - ozone.scm.db.dirs is not configured. We recommend adding this setting. Falling back to ozone.metadata.dirs instead.
2020-10-17 13:19:26,346 [Thread-363] WARN  server.ServerUtils (ServerUtils.java:getScmDbDir(148)) - ozone.scm.db.dirs is not configured. We recommend adding this setting. Falling back to ozone.metadata.dirs instead.
2020-10-17 13:19:26,346 [Thread-363] WARN  db.DBStoreBuilder (DBStoreBuilder.java:createDBStoreBuilder(283)) - ozone.scm.db.dirs is not configured. We recommend adding this setting. Falling back to ozone.metadata.dirs instead.
2020-10-17 13:19:26,389 [Thread-363] INFO  net.NodeSchemaLoader (NodeSchemaLoader.java:loadSchemaFromFile(126)) - Loading file from sun.misc.CompoundEnumeration@3b67afd3
2020-10-17 13:19:26,390 [Thread-363] INFO  net.NodeSchemaLoader (NodeSchemaLoader.java:loadSchema(172)) - Loading network topology layer schema file
2020-10-17 13:19:26,394 [Thread-363] WARN  server.ServerUtils (ServerUtils.java:sanitizeUserArgs(73)) - ozone.scm.stale.node.interval value = 300000 is larger than max = 100000 based on the key value of ozone.scm.heartbeat.thread.interval, reset to the max value 100000.
2020-10-17 13:19:26,394 [Thread-363] WARN  server.ServerUtils (ServerUtils.java:sanitizeUserArgs(73)) - ozone.scm.stale.node.interval value = 300000 is larger than max = 100000 based on the key value of ozone.scm.heartbeat.thread.interval, reset to the max value 100000.
2020-10-17 13:19:26,401 [Thread-363] INFO  node.SCMNodeManager (SCMNodeManager.java:<init>(120)) - Entering startup safe mode.
2020-10-17 13:19:26,402 [Thread-363] INFO  algorithms.ContainerPlacementPolicyFactory (ContainerPlacementPolicyFactory.java:getPolicy(60)) - Create container placement policy of type org.apache.hadoop.hdds.scm.container.placement.algorithms.SCMContainerPlacementRandom
2020-10-17 13:19:26,402 [Thread-363] INFO  pipeline.SCMPipelineManager (SCMPipelineManager.java:initializePipelineState(161)) - No pipeline exists in current db
2020-10-17 13:19:26,403 [Thread-363] INFO  algorithms.PipelineChoosePolicyFactory (PipelineChoosePolicyFactory.java:createPipelineChoosePolicyFromClass(75)) - Create pipeline choose policy of type org.apache.hadoop.hdds.scm.pipeline.choose.algorithms.RandomPipelineChoosePolicy
2020-10-17 13:19:26,405 [Thread-363] INFO  safemode.HealthyPipelineSafeModeRule (HealthyPipelineSafeModeRule.java:<init>(89)) - Total pipeline count is 0, healthy pipeline threshold count is 0
2020-10-17 13:19:26,405 [Thread-363] INFO  safemode.OneReplicaPipelineSafeModeRule (OneReplicaPipelineSafeModeRule.java:<init>(79)) - Total pipeline count is 0, pipeline's with at least one datanode reported threshold count is 0
2020-10-17 13:19:26,406 [Thread-363] INFO  ipc.CallQueueManager (CallQueueManager.java:<init>(84)) - Using callQueue: class java.util.concurrent.LinkedBlockingQueue, queueCapacity: 2000, scheduler: class org.apache.hadoop.ipc.DefaultRpcScheduler, ipcBackoff: false.
2020-10-17 13:19:26,409 [Listener at 0.0.0.0/45415] INFO  ipc.CallQueueManager (CallQueueManager.java:<init>(84)) - Using callQueue: class java.util.concurrent.LinkedBlockingQueue, queueCapacity: 2000, scheduler: class org.apache.hadoop.ipc.DefaultRpcScheduler, ipcBackoff: false.
2020-10-17 13:19:26,410 [Socket Reader #1 for port 0] INFO  ipc.Server (Server.java:run(1219)) - Starting Socket Reader #1 for port 0
2020-10-17 13:19:26,411 [Listener at 0.0.0.0/46053] INFO  ipc.CallQueueManager (CallQueueManager.java:<init>(84)) - Using callQueue: class java.util.concurrent.LinkedBlockingQueue, queueCapacity: 2000, scheduler: class org.apache.hadoop.ipc.DefaultRpcScheduler, ipcBackoff: false.
2020-10-17 13:19:26,412 [Socket Reader #1 for port 0] INFO  ipc.Server (Server.java:run(1219)) - Starting Socket Reader #1 for port 0
2020-10-17 13:19:26,414 [Socket Reader #1 for port 0] INFO  ipc.Server (Server.java:run(1219)) - Starting Socket Reader #1 for port 0
2020-10-17 13:19:26,419 [Listener at 0.0.0.0/42337] INFO  http.BaseHttpServer (BaseHttpServer.java:newHttpServer2BuilderForOzone(207)) - Starting Web-server for scm at: http://0.0.0.0:0
2020-10-17 13:19:26,419 [Listener at 0.0.0.0/42337] INFO  http.BaseHttpServer (BaseHttpServer.java:<init>(106)) - Hadoop Security Enabled: false Ozone Security Enabled: false Ozone HTTP Security Enabled: false 
2020-10-17 13:19:26,421 [Listener at 0.0.0.0/42337] INFO  server.AuthenticationFilter (AuthenticationFilter.java:constructSecretProvider(240)) - Unable to initialize FileSignerSecretProvider, falling back to use random secrets.
2020-10-17 13:19:26,422 [Listener at 0.0.0.0/42337] WARN  http.HttpRequestLog (HttpRequestLog.java:getRequestLog(103)) - Jetty request log can only be enabled using Log4j
2020-10-17 13:19:26,423 [Listener at 0.0.0.0/42337] INFO  http.HttpServer2 (HttpServer2.java:addGlobalFilter(1019)) - Added global filter 'safety' (class=org.apache.hadoop.hdds.server.http.HttpServer2$QuotingInputFilter)
2020-10-17 13:19:26,424 [Listener at 0.0.0.0/42337] INFO  http.HttpServer2 (HttpServer2.java:addFilter(995)) - Added filter static_user_filter (class=org.apache.hadoop.http.lib.StaticUserWebFilter$StaticUserFilter) to context scm
2020-10-17 13:19:26,424 [Listener at 0.0.0.0/42337] INFO  http.HttpServer2 (HttpServer2.java:addFilter(1003)) - Added filter static_user_filter (class=org.apache.hadoop.http.lib.StaticUserWebFilter$StaticUserFilter) to context static
2020-10-17 13:19:26,425 [Listener at 0.0.0.0/42337] INFO  http.HttpServer2 (HttpServer2.java:addFilter(1003)) - Added filter static_user_filter (class=org.apache.hadoop.http.lib.StaticUserWebFilter$StaticUserFilter) to context logs
2020-10-17 13:19:26,430 [Listener at 0.0.0.0/42337] INFO  server.StorageContainerManager (StorageContainerManager.java:start(789)) - StorageContainerLocationProtocol RPC server is listening at /0.0.0.0:42337
2020-10-17 13:19:26,431 [Listener at 0.0.0.0/42337] WARN  impl.MetricsConfig (MetricsConfig.java:loadFirst(134)) - Cannot locate configuration: tried hadoop-metrics2-storagecontainermanager.properties,hadoop-metrics2.properties
2020-10-17 13:19:26,433 [Listener at 0.0.0.0/42337] INFO  impl.MetricsSystemImpl (MetricsSystemImpl.java:startTimer(374)) - Scheduled Metric snapshot period at 10 second(s).
2020-10-17 13:19:26,433 [Listener at 0.0.0.0/42337] INFO  impl.MetricsSystemImpl (MetricsSystemImpl.java:start(191)) - StorageContainerManager metrics system started
2020-10-17 13:19:26,444 [Listener at 0.0.0.0/42337] WARN  impl.MetricsSystemImpl (MetricsSystemImpl.java:register(276)) - Sink prometheus already exists!
2020-10-17 13:19:26,470 [Listener at 0.0.0.0/42337] INFO  server.SCMClientProtocolServer (SCMClientProtocolServer.java:start(156)) - RPC server for Client  is listening at /0.0.0.0:42337
2020-10-17 13:19:26,471 [IPC Server Responder] INFO  ipc.Server (Server.java:run(1460)) - IPC Server Responder: starting
2020-10-17 13:19:26,471 [IPC Server listener on 0] INFO  ipc.Server (Server.java:run(1298)) - IPC Server listener on 0: starting
2020-10-17 13:19:26,478 [Listener at 0.0.0.0/42337] INFO  server.StorageContainerManager (StorageContainerManager.java:start(801)) - ScmBlockLocationProtocol RPC server is listening at /0.0.0.0:46053
2020-10-17 13:19:26,479 [Listener at 0.0.0.0/42337] INFO  server.SCMBlockProtocolServer (SCMBlockProtocolServer.java:start(149)) - RPC server for Block Protocol is listening at /0.0.0.0:46053
2020-10-17 13:19:26,479 [IPC Server Responder] INFO  ipc.Server (Server.java:run(1460)) - IPC Server Responder: starting
2020-10-17 13:19:26,479 [IPC Server listener on 0] INFO  ipc.Server (Server.java:run(1298)) - IPC Server listener on 0: starting
2020-10-17 13:19:26,490 [Listener at 0.0.0.0/42337] INFO  server.StorageContainerManager (StorageContainerManager.java:start(807)) - ScmDatanodeProtocl RPC server is listening at /0.0.0.0:45415
2020-10-17 13:19:26,490 [Listener at 0.0.0.0/42337] INFO  server.SCMDatanodeProtocolServer (SCMDatanodeProtocolServer.java:start(172)) - RPC server for DataNodes is listening at /0.0.0.0:45415
2020-10-17 13:19:26,491 [IPC Server Responder] INFO  ipc.Server (Server.java:run(1460)) - IPC Server Responder: starting
2020-10-17 13:19:26,491 [IPC Server listener on 0] INFO  ipc.Server (Server.java:run(1298)) - IPC Server listener on 0: starting
2020-10-17 13:19:26,495 [Listener at 0.0.0.0/42337] INFO  http.HttpServer2 (HttpServer2.java:bindListener(1237)) - Jetty bound to port 37485
2020-10-17 13:19:26,495 [Listener at 0.0.0.0/42337] INFO  server.Server (Server.java:doStart(359)) - jetty-9.4.26.v20200117; built: 2020-01-17T12:35:33.676Z; git: 7b38981d25d14afb4a12ff1f2596756144edf695; jvm 1.8.0_232-b09
2020-10-17 13:19:26,498 [Listener at 0.0.0.0/42337] INFO  server.session (DefaultSessionIdManager.java:doStart(333)) - DefaultSessionIdManager workerName=node0
2020-10-17 13:19:26,498 [Listener at 0.0.0.0/42337] INFO  server.session (DefaultSessionIdManager.java:doStart(338)) - No SessionScavenger set, using defaults
2020-10-17 13:19:26,498 [Listener at 0.0.0.0/42337] INFO  server.session (HouseKeeper.java:startScavenging(140)) - node0 Scavenging every 660000ms
2020-10-17 13:19:26,501 [Listener at 0.0.0.0/42337] INFO  handler.ContextHandler (ContextHandler.java:doStart(825)) - Started o.e.j.s.ServletContextHandler@45863b4{logs,/logs,file:///github/workspace/mnt/ozone/hadoop-ozone/integration-test/target/log,AVAILABLE}
2020-10-17 13:19:26,501 [Listener at 0.0.0.0/42337] INFO  handler.ContextHandler (ContextHandler.java:doStart(825)) - Started o.e.j.s.ServletContextHandler@5ba9adaf{static,/static,file:///github/workspace/mnt/ozone/hadoop-ozone/integration-test/target/test-classes/webapps/static,AVAILABLE}
2020-10-17 13:19:26,507 [Listener at 0.0.0.0/42337] INFO  handler.ContextHandler (ContextHandler.java:doStart(825)) - Started o.e.j.w.WebAppContext@1fb11193{scm,/,file:///github/workspace/mnt/ozone/hadoop-ozone/integration-test/target/test-classes/webapps/scm/,AVAILABLE}{file:/github/workspace/mnt/ozone/hadoop-ozone/integration-test/target/test-classes/webapps/scm}
2020-10-17 13:19:26,509 [Listener at 0.0.0.0/42337] INFO  server.AbstractConnector (AbstractConnector.java:doStart(330)) - Started ServerConnector@630f8952{HTTP/1.1,[http/1.1]}{0.0.0.0:37485}
2020-10-17 13:19:26,509 [Listener at 0.0.0.0/42337] INFO  server.Server (Server.java:doStart(399)) - Started @47613ms
2020-10-17 13:19:26,509 [Listener at 0.0.0.0/42337] WARN  impl.MetricsSystemImpl (MetricsSystemImpl.java:register(276)) - Sink prometheus already exists!
2020-10-17 13:19:26,515 [Listener at 0.0.0.0/42337] INFO  http.BaseHttpServer (BaseHttpServer.java:updateConnectorAddress(327)) - HTTP server of scm listening at http://0.0.0.0:37485
2020-10-17 13:19:26,515 [Listener at 0.0.0.0/42337] WARN  server.ServerUtils (ServerUtils.java:getDBPath(225)) - ozone.om.db.dirs is not configured. We recommend adding this setting. Falling back to ozone.metadata.dirs instead.
2020-10-17 13:19:26,517 [org.apache.hadoop.util.JvmPauseMonitor$Monitor@5de16edc] INFO  util.JvmPauseMonitor (JvmPauseMonitor.java:run(188)) - Starting JVM pause monitor
2020-10-17 13:19:26,518 [Listener at 0.0.0.0/42337] INFO  ha.OMHANodeDetails (OMHANodeDetails.java:loadOMHAConfig(104)) - ozone.om.internal.service.id is not defined, falling back to ozone.om.service.ids to find serviceID for OzoneManager if it is HA enabled cluster
2020-10-17 13:19:26,518 [Listener at 0.0.0.0/42337] INFO  ha.OMHANodeDetails (OMHANodeDetails.java:loadOMHAConfig(213)) - Configuration either no ozone.om.address set. Falling back to the default OM address /127.0.0.1:0
2020-10-17 13:19:26,518 [Listener at 0.0.0.0/42337] INFO  ha.OMHANodeDetails (OMHANodeDetails.java:getOMNodeDetails(241)) - OM Service ID is not set. Setting it to the default ID: omServiceIdDefault
2020-10-17 13:19:26,519 [Listener at 0.0.0.0/42337] WARN  server.ServerUtils (ServerUtils.java:getDBPath(225)) - ozone.om.db.dirs is not configured. We recommend adding this setting. Falling back to ozone.metadata.dirs instead.
2020-10-17 13:19:26,519 [Listener at 0.0.0.0/42337] WARN  server.ServerUtils (ServerUtils.java:getDBPath(225)) - ozone.om.db.dirs is not configured. We recommend adding this setting. Falling back to ozone.metadata.dirs instead.
2020-10-17 13:19:26,524 [Listener at 0.0.0.0/42337] WARN  server.ServerUtils (ServerUtils.java:getDBPath(225)) - ozone.om.db.dirs is not configured. We recommend adding this setting. Falling back to ozone.metadata.dirs instead.
2020-10-17 13:19:26,524 [Listener at 0.0.0.0/42337] INFO  codec.OmKeyInfoCodec (OmKeyInfoCodec.java:<init>(41)) - OmKeyInfoCodec ignorePipeline = true
2020-10-17 13:19:26,524 [Listener at 0.0.0.0/42337] INFO  codec.RepeatedOmKeyInfoCodec (RepeatedOmKeyInfoCodec.java:<init>(40)) - RepeatedOmKeyInfoCodec ignorePipeline = true
2020-10-17 13:19:26,593 [Listener at 0.0.0.0/42337] INFO  om.OzoneManager (OzoneManager.java:addS3GVolumeToDB(3622)) - Created Volume s3v With Owner jenkins1001 required for S3Gateway operations.
2020-10-17 13:19:26,595 [Listener at 0.0.0.0/42337] INFO  ipc.CallQueueManager (CallQueueManager.java:<init>(84)) - Using callQueue: class java.util.concurrent.LinkedBlockingQueue, queueCapacity: 2000, scheduler: class org.apache.hadoop.ipc.DefaultRpcScheduler, ipcBackoff: false.
2020-10-17 13:19:26,595 [Socket Reader #1 for port 0] INFO  ipc.Server (Server.java:run(1219)) - Starting Socket Reader #1 for port 0
2020-10-17 13:19:26,614 [Listener at 127.0.0.1/44403] INFO  impl.MetricsSystemImpl (MetricsSystemImpl.java:init(158)) - OzoneManager metrics system started (again)
2020-10-17 13:19:26,615 [Listener at 127.0.0.1/44403] INFO  om.OzoneManager (OzoneManager.java:start(1133)) - OzoneManager RPC server is listening at localhost/127.0.0.1:44403
2020-10-17 13:19:26,621 [Listener at 127.0.0.1/44403] INFO  http.BaseHttpServer (BaseHttpServer.java:newHttpServer2BuilderForOzone(207)) - Starting Web-server for ozoneManager at: http://0.0.0.0:0
2020-10-17 13:19:26,621 [Listener at 127.0.0.1/44403] INFO  http.BaseHttpServer (BaseHttpServer.java:<init>(106)) - Hadoop Security Enabled: false Ozone Security Enabled: false Ozone HTTP Security Enabled: false 
2020-10-17 13:19:26,623 [Listener at 127.0.0.1/44403] INFO  server.AuthenticationFilter (AuthenticationFilter.java:constructSecretProvider(240)) - Unable to initialize FileSignerSecretProvider, falling back to use random secrets.
2020-10-17 13:19:26,623 [Listener at 127.0.0.1/44403] WARN  http.HttpRequestLog (HttpRequestLog.java:getRequestLog(103)) - Jetty request log can only be enabled using Log4j
2020-10-17 13:19:26,624 [Listener at 127.0.0.1/44403] INFO  http.HttpServer2 (HttpServer2.java:addGlobalFilter(1019)) - Added global filter 'safety' (class=org.apache.hadoop.hdds.server.http.HttpServer2$QuotingInputFilter)
2020-10-17 13:19:26,625 [Listener at 127.0.0.1/44403] INFO  http.HttpServer2 (HttpServer2.java:addFilter(995)) - Added filter static_user_filter (class=org.apache.hadoop.http.lib.StaticUserWebFilter$StaticUserFilter) to context ozoneManager
2020-10-17 13:19:26,625 [Listener at 127.0.0.1/44403] INFO  http.HttpServer2 (HttpServer2.java:addFilter(1003)) - Added filter static_user_filter (class=org.apache.hadoop.http.lib.StaticUserWebFilter$StaticUserFilter) to context logs
2020-10-17 13:19:26,625 [Listener at 127.0.0.1/44403] INFO  http.HttpServer2 (HttpServer2.java:addFilter(1003)) - Added filter static_user_filter (class=org.apache.hadoop.http.lib.StaticUserWebFilter$StaticUserFilter) to context static
2020-10-17 13:19:26,626 [Listener at 127.0.0.1/44403] INFO  http.HttpServer2 (HttpServer2.java:bindListener(1237)) - Jetty bound to port 36375
2020-10-17 13:19:26,626 [Listener at 127.0.0.1/44403] INFO  server.Server (Server.java:doStart(359)) - jetty-9.4.26.v20200117; built: 2020-01-17T12:35:33.676Z; git: 7b38981d25d14afb4a12ff1f2596756144edf695; jvm 1.8.0_232-b09
2020-10-17 13:19:26,628 [Listener at 127.0.0.1/44403] INFO  server.session (DefaultSessionIdManager.java:doStart(333)) - DefaultSessionIdManager workerName=node0
2020-10-17 13:19:26,628 [Listener at 127.0.0.1/44403] INFO  server.session (DefaultSessionIdManager.java:doStart(338)) - No SessionScavenger set, using defaults
2020-10-17 13:19:26,628 [Listener at 127.0.0.1/44403] INFO  server.session (HouseKeeper.java:startScavenging(140)) - node0 Scavenging every 660000ms
2020-10-17 13:19:26,629 [Listener at 127.0.0.1/44403] INFO  handler.ContextHandler (ContextHandler.java:doStart(825)) - Started o.e.j.s.ServletContextHandler@7955d1a0{logs,/logs,file:///github/workspace/mnt/ozone/hadoop-ozone/integration-test/target/log,AVAILABLE}
2020-10-17 13:19:26,629 [Listener at 127.0.0.1/44403] INFO  handler.ContextHandler (ContextHandler.java:doStart(825)) - Started o.e.j.s.ServletContextHandler@48c66fa3{static,/static,file:///github/workspace/mnt/ozone/hadoop-ozone/integration-test/target/test-classes/webapps/static,AVAILABLE}
2020-10-17 13:19:26,633 [Listener at 127.0.0.1/44403] INFO  handler.ContextHandler (ContextHandler.java:doStart(825)) - Started o.e.j.w.WebAppContext@468667a0{ozoneManager,/,file:///github/workspace/mnt/ozone/hadoop-ozone/integration-test/target/test-classes/webapps/ozoneManager/,AVAILABLE}{file:/github/workspace/mnt/ozone/hadoop-ozone/integration-test/target/test-classes/webapps/ozoneManager}
2020-10-17 13:19:26,634 [Listener at 127.0.0.1/44403] INFO  server.AbstractConnector (AbstractConnector.java:doStart(330)) - Started ServerConnector@a760efa{HTTP/1.1,[http/1.1]}{0.0.0.0:36375}
2020-10-17 13:19:26,635 [Listener at 127.0.0.1/44403] INFO  server.Server (Server.java:doStart(399)) - Started @47738ms
2020-10-17 13:19:26,635 [Listener at 127.0.0.1/44403] WARN  impl.MetricsSystemImpl (MetricsSystemImpl.java:register(276)) - Sink prometheus already exists!
2020-10-17 13:19:26,639 [Listener at 127.0.0.1/44403] INFO  http.BaseHttpServer (BaseHttpServer.java:updateConnectorAddress(327)) - HTTP server of ozoneManager listening at http://0.0.0.0:36375
2020-10-17 13:19:26,640 [IPC Server Responder] INFO  ipc.Server (Server.java:run(1460)) - IPC Server Responder: starting
2020-10-17 13:19:26,640 [IPC Server listener on 0] INFO  ipc.Server (Server.java:run(1298)) - IPC Server listener on 0: starting
2020-10-17 13:19:26,655 [org.apache.hadoop.util.JvmPauseMonitor$Monitor@4cd560c2] INFO  util.JvmPauseMonitor (JvmPauseMonitor.java:run(188)) - Starting JVM pause monitor
2020-10-17 13:19:26,669 [Listener at 127.0.0.1/44403] INFO  impl.MetricsSystemImpl (MetricsSystemImpl.java:init(158)) - HddsDatanode metrics system started (again)
2020-10-17 13:19:26,670 [Listener at 127.0.0.1/44403] INFO  ozone.HddsDatanodeService (HddsDatanodeService.java:start(217)) - HddsDatanodeService host:cd5595e0f813 ip:172.17.0.2
2020-10-17 13:19:26,671 [Listener at 127.0.0.1/44403] INFO  volume.HddsVolume (HddsVolume.java:<init>(176)) - Creating Volume: /github/workspace/mnt/ozone/hadoop-ozone/integration-test/target/test-dir/MiniOzoneClusterImpl-1fb37825-3c8e-4fc8-8488-3a2a4659ec2d/datanode-0/data-0/containers/hdds of storage type : DISK and capacity : 9223372036854775807
2020-10-17 13:19:26,671 [Listener at 127.0.0.1/44403] INFO  volume.MutableVolumeSet (MutableVolumeSet.java:initializeVolumeSet(179)) - Added Volume : /github/workspace/mnt/ozone/hadoop-ozone/integration-test/target/test-dir/MiniOzoneClusterImpl-1fb37825-3c8e-4fc8-8488-3a2a4659ec2d/datanode-0/data-0/containers/hdds to VolumeSet
2020-10-17 13:19:26,672 [Listener at 127.0.0.1/44403] INFO  volume.ThrottledAsyncChecker (ThrottledAsyncChecker.java:schedule(141)) - Scheduling a check for /github/workspace/mnt/ozone/hadoop-ozone/integration-test/target/test-dir/MiniOzoneClusterImpl-1fb37825-3c8e-4fc8-8488-3a2a4659ec2d/datanode-0/data-0/containers/hdds
2020-10-17 13:19:26,672 [Listener at 127.0.0.1/44403] INFO  volume.HddsVolumeChecker (HddsVolumeChecker.java:checkAllVolumes(200)) - Scheduled health check for volume /github/workspace/mnt/ozone/hadoop-ozone/integration-test/target/test-dir/MiniOzoneClusterImpl-1fb37825-3c8e-4fc8-8488-3a2a4659ec2d/datanode-0/data-0/containers/hdds
2020-10-17 13:19:26,685 [Thread-487] INFO  ozoneimpl.ContainerReader (ContainerReader.java:readVolume(123)) - Start to verify containers on volume /github/workspace/mnt/ozone/hadoop-ozone/integration-test/target/test-dir/MiniOzoneClusterImpl-1fb37825-3c8e-4fc8-8488-3a2a4659ec2d/datanode-0/data-0/containers/hdds
2020-10-17 13:19:26,685 [Thread-487] INFO  ozoneimpl.ContainerReader (ContainerReader.java:readVolume(148)) - Finish verifying containers on volume /github/workspace/mnt/ozone/hadoop-ozone/integration-test/target/test-dir/MiniOzoneClusterImpl-1fb37825-3c8e-4fc8-8488-3a2a4659ec2d/datanode-0/data-0/containers/hdds
2020-10-17 13:19:26,685 [Listener at 127.0.0.1/44403] INFO  ozoneimpl.OzoneContainer (OzoneContainer.java:buildContainerSet(196)) - Build ContainerSet costs 0s
2020-10-17 13:19:26,687 [Listener at 127.0.0.1/44403] INFO  impl.RaftServerProxy (ConfUtils.java:logGet(44)) - raft.rpc.type = GRPC (default)
2020-10-17 13:19:26,687 [Listener at 127.0.0.1/44403] INFO  grpc.GrpcFactory (GrpcFactory.java:checkPooledByteBufAllocatorUseCacheForAllThreads(45)) - PERFORMANCE WARNING: useCacheForAllThreads is true that may cause Netty to create a lot garbage objects and, as a result, trigger GC.
	It is recommended to disable useCacheForAllThreads by setting -Dorg.apache.ratis.thirdparty.io.netty.allocator.useCacheForAllThreads=false in command line.
2020-10-17 13:19:26,687 [Listener at 127.0.0.1/44403] INFO  grpc.GrpcConfigKeys (ConfUtils.java:logGet(44)) - raft.grpc.server.port = 0 (default)
2020-10-17 13:19:26,687 [Listener at 127.0.0.1/44403] INFO  server.GrpcService (ConfUtils.java:logGet(44)) - raft.grpc.message.size.max = 32MB (=33554432) (custom)
2020-10-17 13:19:26,687 [Listener at 127.0.0.1/44403] INFO  server.RaftServerConfigKeys (ConfUtils.java:logGet(44)) - raft.server.log.appender.buffer.byte-limit = 33554432 (custom)
2020-10-17 13:19:26,688 [Listener at 127.0.0.1/44403] INFO  server.GrpcService (ConfUtils.java:logGet(44)) - raft.grpc.flow.control.window = 5MB (=5242880) (custom)
2020-10-17 13:19:26,688 [Listener at 127.0.0.1/44403] INFO  server.RaftServerConfigKeys (ConfUtils.java:logGet(44)) - raft.server.rpc.request.timeout = 60s (custom)
2020-10-17 13:19:26,689 [Listener at 127.0.0.1/44403] INFO  server.RaftServerConfigKeys (ConfUtils.java:logGet(44)) - raft.server.storage.dir = [/github/workspace/mnt/ozone/hadoop-ozone/integration-test/target/test-dir/MiniOzoneClusterImpl-1fb37825-3c8e-4fc8-8488-3a2a4659ec2d/datanode-0/data/ratis] (custom)
2020-10-17 13:19:26,695 [Listener at 127.0.0.1/44403] INFO  http.BaseHttpServer (BaseHttpServer.java:newHttpServer2BuilderForOzone(207)) - Starting Web-server for hddsDatanode at: http://0.0.0.0:0
2020-10-17 13:19:26,696 [Listener at 127.0.0.1/44403] INFO  http.BaseHttpServer (BaseHttpServer.java:<init>(106)) - Hadoop Security Enabled: false Ozone Security Enabled: false Ozone HTTP Security Enabled: false 
2020-10-17 13:19:26,696 [Listener at 127.0.0.1/44403] INFO  server.AuthenticationFilter (AuthenticationFilter.java:constructSecretProvider(240)) - Unable to initialize FileSignerSecretProvider, falling back to use random secrets.
2020-10-17 13:19:26,697 [Listener at 127.0.0.1/44403] WARN  http.HttpRequestLog (HttpRequestLog.java:getRequestLog(103)) - Jetty request log can only be enabled using Log4j
2020-10-17 13:19:26,698 [Listener at 127.0.0.1/44403] INFO  http.HttpServer2 (HttpServer2.java:addGlobalFilter(1019)) - Added global filter 'safety' (class=org.apache.hadoop.hdds.server.http.HttpServer2$QuotingInputFilter)
2020-10-17 13:19:26,698 [Listener at 127.0.0.1/44403] INFO  http.HttpServer2 (HttpServer2.java:addFilter(995)) - Added filter static_user_filter (class=org.apache.hadoop.http.lib.StaticUserWebFilter$StaticUserFilter) to context hddsDatanode
2020-10-17 13:19:26,698 [Listener at 127.0.0.1/44403] INFO  http.HttpServer2 (HttpServer2.java:addFilter(1003)) - Added filter static_user_filter (class=org.apache.hadoop.http.lib.StaticUserWebFilter$StaticUserFilter) to context static
2020-10-17 13:19:26,698 [Listener at 127.0.0.1/44403] INFO  http.HttpServer2 (HttpServer2.java:addFilter(1003)) - Added filter static_user_filter (class=org.apache.hadoop.http.lib.StaticUserWebFilter$StaticUserFilter) to context logs
2020-10-17 13:19:26,699 [Listener at 127.0.0.1/44403] INFO  http.HttpServer2 (HttpServer2.java:bindListener(1237)) - Jetty bound to port 33575
2020-10-17 13:19:26,699 [Listener at 127.0.0.1/44403] INFO  server.Server (Server.java:doStart(359)) - jetty-9.4.26.v20200117; built: 2020-01-17T12:35:33.676Z; git: 7b38981d25d14afb4a12ff1f2596756144edf695; jvm 1.8.0_232-b09
2020-10-17 13:19:26,701 [Listener at 127.0.0.1/44403] INFO  server.session (DefaultSessionIdManager.java:doStart(333)) - DefaultSessionIdManager workerName=node0
2020-10-17 13:19:26,701 [Listener at 127.0.0.1/44403] INFO  server.session (DefaultSessionIdManager.java:doStart(338)) - No SessionScavenger set, using defaults
2020-10-17 13:19:26,701 [Listener at 127.0.0.1/44403] INFO  server.session (HouseKeeper.java:startScavenging(140)) - node0 Scavenging every 600000ms
2020-10-17 13:19:26,702 [Listener at 127.0.0.1/44403] INFO  handler.ContextHandler (ContextHandler.java:doStart(825)) - Started o.e.j.s.ServletContextHandler@109f6546{logs,/logs,file:///github/workspace/mnt/ozone/hadoop-ozone/integration-test/target/log,AVAILABLE}
2020-10-17 13:19:26,702 [Listener at 127.0.0.1/44403] INFO  handler.ContextHandler (ContextHandler.java:doStart(825)) - Started o.e.j.s.ServletContextHandler@4cf16fd{static,/static,jar:file:/home/user/.m2/repository/org/apache/hadoop/hadoop-hdds-container-service/1.1.0-SNAPSHOT/hadoop-hdds-container-service-1.1.0-SNAPSHOT.jar!/webapps/static,AVAILABLE}
2020-10-17 13:19:26,835 [Listener at 127.0.0.1/44403] INFO  handler.ContextHandler (ContextHandler.java:doStart(825)) - Started o.e.j.w.WebAppContext@181504de{hddsDatanode,/,file:///tmp/jetty-0_0_0_0-33575-hadoop-hdds-container-service-1_1_0-SNAPSHOT_jar-_-any-8969415243246648713.dir/webapp/,AVAILABLE}{jar:file:/home/user/.m2/repository/org/apache/hadoop/hadoop-hdds-container-service/1.1.0-SNAPSHOT/hadoop-hdds-container-service-1.1.0-SNAPSHOT.jar!/webapps/hddsDatanode}
2020-10-17 13:19:26,837 [Listener at 127.0.0.1/44403] INFO  server.AbstractConnector (AbstractConnector.java:doStart(330)) - Started ServerConnector@4349d6d3{HTTP/1.1,[http/1.1]}{0.0.0.0:33575}
2020-10-17 13:19:26,837 [Listener at 127.0.0.1/44403] INFO  server.Server (Server.java:doStart(399)) - Started @47940ms
2020-10-17 13:19:26,837 [Listener at 127.0.0.1/44403] WARN  impl.MetricsSystemImpl (MetricsSystemImpl.java:register(276)) - Sink prometheus already exists!
2020-10-17 13:19:26,842 [Listener at 127.0.0.1/44403] INFO  http.BaseHttpServer (BaseHttpServer.java:updateConnectorAddress(327)) - HTTP server of hddsDatanode listening at http://0.0.0.0:33575
2020-10-17 13:19:26,845 [Listener at 127.0.0.1/44403] INFO  impl.MetricsSystemImpl (MetricsSystemImpl.java:init(158)) - HddsDatanode metrics system started (again)
2020-10-17 13:19:26,847 [Listener at 127.0.0.1/44403] INFO  ozone.HddsDatanodeService (HddsDatanodeService.java:start(217)) - HddsDatanodeService host:cd5595e0f813 ip:172.17.0.2
2020-10-17 13:19:26,848 [Listener at 127.0.0.1/44403] INFO  volume.HddsVolume (HddsVolume.java:<init>(176)) - Creating Volume: /github/workspace/mnt/ozone/hadoop-ozone/integration-test/target/test-dir/MiniOzoneClusterImpl-1fb37825-3c8e-4fc8-8488-3a2a4659ec2d/datanode-1/data-0/containers/hdds of storage type : DISK and capacity : 9223372036854775807
2020-10-17 13:19:26,849 [Listener at 127.0.0.1/44403] INFO  volume.MutableVolumeSet (MutableVolumeSet.java:initializeVolumeSet(179)) - Added Volume : /github/workspace/mnt/ozone/hadoop-ozone/integration-test/target/test-dir/MiniOzoneClusterImpl-1fb37825-3c8e-4fc8-8488-3a2a4659ec2d/datanode-1/data-0/containers/hdds to VolumeSet
2020-10-17 13:19:26,849 [Listener at 127.0.0.1/44403] INFO  volume.ThrottledAsyncChecker (ThrottledAsyncChecker.java:schedule(141)) - Scheduling a check for /github/workspace/mnt/ozone/hadoop-ozone/integration-test/target/test-dir/MiniOzoneClusterImpl-1fb37825-3c8e-4fc8-8488-3a2a4659ec2d/datanode-1/data-0/containers/hdds
2020-10-17 13:19:26,857 [org.apache.hadoop.util.JvmPauseMonitor$Monitor@4cc6d13] INFO  util.JvmPauseMonitor (JvmPauseMonitor.java:run(188)) - Starting JVM pause monitor
2020-10-17 13:19:26,858 [Datanode State Machine Task Thread - 0] INFO  datanode.InitDatanodeState (InitDatanodeState.java:persistContainerDatanodeDetails(145)) - DatanodeDetails is persisted to /github/workspace/mnt/ozone/hadoop-ozone/integration-test/target/test-dir/MiniOzoneClusterImpl-1fb37825-3c8e-4fc8-8488-3a2a4659ec2d/datanode-0/meta/datanode.id
2020-10-17 13:19:26,859 [Listener at 127.0.0.1/44403] INFO  volume.HddsVolumeChecker (HddsVolumeChecker.java:checkAllVolumes(200)) - Scheduled health check for volume /github/workspace/mnt/ozone/hadoop-ozone/integration-test/target/test-dir/MiniOzoneClusterImpl-1fb37825-3c8e-4fc8-8488-3a2a4659ec2d/datanode-1/data-0/containers/hdds
2020-10-17 13:19:26,872 [Thread-498] INFO  ozoneimpl.ContainerReader (ContainerReader.java:readVolume(123)) - Start to verify containers on volume /github/workspace/mnt/ozone/hadoop-ozone/integration-test/target/test-dir/MiniOzoneClusterImpl-1fb37825-3c8e-4fc8-8488-3a2a4659ec2d/datanode-1/data-0/containers/hdds
2020-10-17 13:19:26,872 [Thread-498] INFO  ozoneimpl.ContainerReader (ContainerReader.java:readVolume(148)) - Finish verifying containers on volume /github/workspace/mnt/ozone/hadoop-ozone/integration-test/target/test-dir/MiniOzoneClusterImpl-1fb37825-3c8e-4fc8-8488-3a2a4659ec2d/datanode-1/data-0/containers/hdds
2020-10-17 13:19:26,873 [Listener at 127.0.0.1/44403] INFO  ozoneimpl.OzoneContainer (OzoneContainer.java:buildContainerSet(196)) - Build ContainerSet costs 0s
2020-10-17 13:19:26,874 [Listener at 127.0.0.1/44403] INFO  impl.RaftServerProxy (ConfUtils.java:logGet(44)) - raft.rpc.type = GRPC (default)
2020-10-17 13:19:26,874 [Listener at 127.0.0.1/44403] INFO  grpc.GrpcFactory (GrpcFactory.java:checkPooledByteBufAllocatorUseCacheForAllThreads(45)) - PERFORMANCE WARNING: useCacheForAllThreads is true that may cause Netty to create a lot garbage objects and, as a result, trigger GC.
	It is recommended to disable useCacheForAllThreads by setting -Dorg.apache.ratis.thirdparty.io.netty.allocator.useCacheForAllThreads=false in command line.
2020-10-17 13:19:26,874 [Listener at 127.0.0.1/44403] INFO  grpc.GrpcConfigKeys (ConfUtils.java:logGet(44)) - raft.grpc.server.port = 0 (default)
2020-10-17 13:19:26,874 [Listener at 127.0.0.1/44403] INFO  server.GrpcService (ConfUtils.java:logGet(44)) - raft.grpc.message.size.max = 32MB (=33554432) (custom)
2020-10-17 13:19:26,875 [Listener at 127.0.0.1/44403] INFO  server.RaftServerConfigKeys (ConfUtils.java:logGet(44)) - raft.server.log.appender.buffer.byte-limit = 33554432 (custom)
2020-10-17 13:19:26,875 [Listener at 127.0.0.1/44403] INFO  server.GrpcService (ConfUtils.java:logGet(44)) - raft.grpc.flow.control.window = 5MB (=5242880) (custom)
2020-10-17 13:19:26,875 [Listener at 127.0.0.1/44403] INFO  server.RaftServerConfigKeys (ConfUtils.java:logGet(44)) - raft.server.rpc.request.timeout = 60s (custom)
2020-10-17 13:19:26,877 [Listener at 127.0.0.1/44403] INFO  server.RaftServerConfigKeys (ConfUtils.java:logGet(44)) - raft.server.storage.dir = [/github/workspace/mnt/ozone/hadoop-ozone/integration-test/target/test-dir/MiniOzoneClusterImpl-1fb37825-3c8e-4fc8-8488-3a2a4659ec2d/datanode-1/data/ratis] (custom)
2020-10-17 13:19:26,884 [Listener at 127.0.0.1/44403] INFO  http.BaseHttpServer (BaseHttpServer.java:newHttpServer2BuilderForOzone(207)) - Starting Web-server for hddsDatanode at: http://0.0.0.0:0
2020-10-17 13:19:26,884 [Listener at 127.0.0.1/44403] INFO  http.BaseHttpServer (BaseHttpServer.java:<init>(106)) - Hadoop Security Enabled: false Ozone Security Enabled: false Ozone HTTP Security Enabled: false 
2020-10-17 13:19:26,885 [Listener at 127.0.0.1/44403] INFO  server.AuthenticationFilter (AuthenticationFilter.java:constructSecretProvider(240)) - Unable to initialize FileSignerSecretProvider, falling back to use random secrets.
2020-10-17 13:19:26,886 [Listener at 127.0.0.1/44403] WARN  http.HttpRequestLog (HttpRequestLog.java:getRequestLog(103)) - Jetty request log can only be enabled using Log4j
2020-10-17 13:19:26,886 [Listener at 127.0.0.1/44403] INFO  http.HttpServer2 (HttpServer2.java:addGlobalFilter(1019)) - Added global filter 'safety' (class=org.apache.hadoop.hdds.server.http.HttpServer2$QuotingInputFilter)
2020-10-17 13:19:26,887 [Listener at 127.0.0.1/44403] INFO  http.HttpServer2 (HttpServer2.java:addFilter(995)) - Added filter static_user_filter (class=org.apache.hadoop.http.lib.StaticUserWebFilter$StaticUserFilter) to context hddsDatanode
2020-10-17 13:19:26,887 [Listener at 127.0.0.1/44403] INFO  http.HttpServer2 (HttpServer2.java:addFilter(1003)) - Added filter static_user_filter (class=org.apache.hadoop.http.lib.StaticUserWebFilter$StaticUserFilter) to context static
2020-10-17 13:19:26,887 [Listener at 127.0.0.1/44403] INFO  http.HttpServer2 (HttpServer2.java:addFilter(1003)) - Added filter static_user_filter (class=org.apache.hadoop.http.lib.StaticUserWebFilter$StaticUserFilter) to context logs
2020-10-17 13:19:26,888 [Listener at 127.0.0.1/44403] INFO  http.HttpServer2 (HttpServer2.java:bindListener(1237)) - Jetty bound to port 44635
2020-10-17 13:19:26,888 [Listener at 127.0.0.1/44403] INFO  server.Server (Server.java:doStart(359)) - jetty-9.4.26.v20200117; built: 2020-01-17T12:35:33.676Z; git: 7b38981d25d14afb4a12ff1f2596756144edf695; jvm 1.8.0_232-b09
2020-10-17 13:19:26,890 [Listener at 127.0.0.1/44403] INFO  server.session (DefaultSessionIdManager.java:doStart(333)) - DefaultSessionIdManager workerName=node0
2020-10-17 13:19:26,890 [Listener at 127.0.0.1/44403] INFO  server.session (DefaultSessionIdManager.java:doStart(338)) - No SessionScavenger set, using defaults
2020-10-17 13:19:26,890 [Listener at 127.0.0.1/44403] INFO  server.session (HouseKeeper.java:startScavenging(140)) - node0 Scavenging every 660000ms
2020-10-17 13:19:26,891 [Listener at 127.0.0.1/44403] INFO  handler.ContextHandler (ContextHandler.java:doStart(825)) - Started o.e.j.s.ServletContextHandler@117f1a33{logs,/logs,file:///github/workspace/mnt/ozone/hadoop-ozone/integration-test/target/log,AVAILABLE}
2020-10-17 13:19:26,891 [Listener at 127.0.0.1/44403] INFO  handler.ContextHandler (ContextHandler.java:doStart(825)) - Started o.e.j.s.ServletContextHandler@50c0a739{static,/static,jar:file:/home/user/.m2/repository/org/apache/hadoop/hadoop-hdds-container-service/1.1.0-SNAPSHOT/hadoop-hdds-container-service-1.1.0-SNAPSHOT.jar!/webapps/static,AVAILABLE}
2020-10-17 13:19:27,062 [Listener at 127.0.0.1/44403] INFO  handler.ContextHandler (ContextHandler.java:doStart(825)) - Started o.e.j.w.WebAppContext@6e50d2ae{hddsDatanode,/,file:///tmp/jetty-0_0_0_0-44635-hadoop-hdds-container-service-1_1_0-SNAPSHOT_jar-_-any-1463307758799839846.dir/webapp/,AVAILABLE}{jar:file:/home/user/.m2/repository/org/apache/hadoop/hadoop-hdds-container-service/1.1.0-SNAPSHOT/hadoop-hdds-container-service-1.1.0-SNAPSHOT.jar!/webapps/hddsDatanode}
2020-10-17 13:19:27,066 [Listener at 127.0.0.1/44403] INFO  server.AbstractConnector (AbstractConnector.java:doStart(330)) - Started ServerConnector@734484d9{HTTP/1.1,[http/1.1]}{0.0.0.0:44635}
2020-10-17 13:19:27,067 [Listener at 127.0.0.1/44403] INFO  server.Server (Server.java:doStart(399)) - Started @48170ms
2020-10-17 13:19:27,067 [Listener at 127.0.0.1/44403] WARN  impl.MetricsSystemImpl (MetricsSystemImpl.java:register(276)) - Sink prometheus already exists!
2020-10-17 13:19:27,079 [Listener at 127.0.0.1/44403] INFO  http.BaseHttpServer (BaseHttpServer.java:updateConnectorAddress(327)) - HTTP server of hddsDatanode listening at http://0.0.0.0:44635
2020-10-17 13:19:27,080 [Listener at 127.0.0.1/44403] INFO  impl.MetricsSystemImpl (MetricsSystemImpl.java:init(158)) - HddsDatanode metrics system started (again)
2020-10-17 13:19:27,082 [Listener at 127.0.0.1/44403] INFO  ozone.HddsDatanodeService (HddsDatanodeService.java:start(217)) - HddsDatanodeService host:cd5595e0f813 ip:172.17.0.2
2020-10-17 13:19:27,084 [Listener at 127.0.0.1/44403] INFO  volume.HddsVolume (HddsVolume.java:<init>(176)) - Creating Volume: /github/workspace/mnt/ozone/hadoop-ozone/integration-test/target/test-dir/MiniOzoneClusterImpl-1fb37825-3c8e-4fc8-8488-3a2a4659ec2d/datanode-2/data-0/containers/hdds of storage type : DISK and capacity : 9223372036854775807
2020-10-17 13:19:27,085 [Listener at 127.0.0.1/44403] INFO  volume.MutableVolumeSet (MutableVolumeSet.java:initializeVolumeSet(179)) - Added Volume : /github/workspace/mnt/ozone/hadoop-ozone/integration-test/target/test-dir/MiniOzoneClusterImpl-1fb37825-3c8e-4fc8-8488-3a2a4659ec2d/datanode-2/data-0/containers/hdds to VolumeSet
2020-10-17 13:19:27,085 [Listener at 127.0.0.1/44403] INFO  volume.ThrottledAsyncChecker (ThrottledAsyncChecker.java:schedule(141)) - Scheduling a check for /github/workspace/mnt/ozone/hadoop-ozone/integration-test/target/test-dir/MiniOzoneClusterImpl-1fb37825-3c8e-4fc8-8488-3a2a4659ec2d/datanode-2/data-0/containers/hdds
2020-10-17 13:19:27,087 [Listener at 127.0.0.1/44403] INFO  volume.HddsVolumeChecker (HddsVolumeChecker.java:checkAllVolumes(200)) - Scheduled health check for volume /github/workspace/mnt/ozone/hadoop-ozone/integration-test/target/test-dir/MiniOzoneClusterImpl-1fb37825-3c8e-4fc8-8488-3a2a4659ec2d/datanode-2/data-0/containers/hdds
2020-10-17 13:19:27,089 [Datanode State Machine Task Thread - 0] INFO  datanode.InitDatanodeState (InitDatanodeState.java:persistContainerDatanodeDetails(145)) - DatanodeDetails is persisted to /github/workspace/mnt/ozone/hadoop-ozone/integration-test/target/test-dir/MiniOzoneClusterImpl-1fb37825-3c8e-4fc8-8488-3a2a4659ec2d/datanode-1/meta/datanode.id
2020-10-17 13:19:27,100 [org.apache.hadoop.util.JvmPauseMonitor$Monitor@48b74dd3] INFO  util.JvmPauseMonitor (JvmPauseMonitor.java:run(188)) - Starting JVM pause monitor
2020-10-17 13:19:27,103 [Thread-509] INFO  ozoneimpl.ContainerReader (ContainerReader.java:readVolume(123)) - Start to verify containers on volume /github/workspace/mnt/ozone/hadoop-ozone/integration-test/target/test-dir/MiniOzoneClusterImpl-1fb37825-3c8e-4fc8-8488-3a2a4659ec2d/datanode-2/data-0/containers/hdds
2020-10-17 13:19:27,103 [Thread-509] INFO  ozoneimpl.ContainerReader (ContainerReader.java:readVolume(148)) - Finish verifying containers on volume /github/workspace/mnt/ozone/hadoop-ozone/integration-test/target/test-dir/MiniOzoneClusterImpl-1fb37825-3c8e-4fc8-8488-3a2a4659ec2d/datanode-2/data-0/containers/hdds
2020-10-17 13:19:27,103 [Listener at 127.0.0.1/44403] INFO  ozoneimpl.OzoneContainer (OzoneContainer.java:buildContainerSet(196)) - Build ContainerSet costs 0s
2020-10-17 13:19:27,105 [Listener at 127.0.0.1/44403] INFO  impl.RaftServerProxy (ConfUtils.java:logGet(44)) - raft.rpc.type = GRPC (default)
2020-10-17 13:19:27,105 [Listener at 127.0.0.1/44403] INFO  grpc.GrpcFactory (GrpcFactory.java:checkPooledByteBufAllocatorUseCacheForAllThreads(45)) - PERFORMANCE WARNING: useCacheForAllThreads is true that may cause Netty to create a lot garbage objects and, as a result, trigger GC.
	It is recommended to disable useCacheForAllThreads by setting -Dorg.apache.ratis.thirdparty.io.netty.allocator.useCacheForAllThreads=false in command line.
2020-10-17 13:19:27,105 [Listener at 127.0.0.1/44403] INFO  grpc.GrpcConfigKeys (ConfUtils.java:logGet(44)) - raft.grpc.server.port = 0 (default)
2020-10-17 13:19:27,105 [Listener at 127.0.0.1/44403] INFO  server.GrpcService (ConfUtils.java:logGet(44)) - raft.grpc.message.size.max = 32MB (=33554432) (custom)
2020-10-17 13:19:27,105 [Listener at 127.0.0.1/44403] INFO  server.RaftServerConfigKeys (ConfUtils.java:logGet(44)) - raft.server.log.appender.buffer.byte-limit = 33554432 (custom)
2020-10-17 13:19:27,106 [Listener at 127.0.0.1/44403] INFO  server.GrpcService (ConfUtils.java:logGet(44)) - raft.grpc.flow.control.window = 5MB (=5242880) (custom)
2020-10-17 13:19:27,106 [Listener at 127.0.0.1/44403] INFO  server.RaftServerConfigKeys (ConfUtils.java:logGet(44)) - raft.server.rpc.request.timeout = 60s (custom)
2020-10-17 13:19:27,107 [Listener at 127.0.0.1/44403] INFO  server.RaftServerConfigKeys (ConfUtils.java:logGet(44)) - raft.server.storage.dir = [/github/workspace/mnt/ozone/hadoop-ozone/integration-test/target/test-dir/MiniOzoneClusterImpl-1fb37825-3c8e-4fc8-8488-3a2a4659ec2d/datanode-2/data/ratis] (custom)
2020-10-17 13:19:27,112 [Listener at 127.0.0.1/44403] INFO  http.BaseHttpServer (BaseHttpServer.java:newHttpServer2BuilderForOzone(207)) - Starting Web-server for hddsDatanode at: http://0.0.0.0:0
2020-10-17 13:19:27,112 [Listener at 127.0.0.1/44403] INFO  http.BaseHttpServer (BaseHttpServer.java:<init>(106)) - Hadoop Security Enabled: false Ozone Security Enabled: false Ozone HTTP Security Enabled: false 
2020-10-17 13:19:27,113 [Listener at 127.0.0.1/44403] INFO  server.AuthenticationFilter (AuthenticationFilter.java:constructSecretProvider(240)) - Unable to initialize FileSignerSecretProvider, falling back to use random secrets.
2020-10-17 13:19:27,113 [Listener at 127.0.0.1/44403] WARN  http.HttpRequestLog (HttpRequestLog.java:getRequestLog(103)) - Jetty request log can only be enabled using Log4j
2020-10-17 13:19:27,114 [Listener at 127.0.0.1/44403] INFO  http.HttpServer2 (HttpServer2.java:addGlobalFilter(1019)) - Added global filter 'safety' (class=org.apache.hadoop.hdds.server.http.HttpServer2$QuotingInputFilter)
2020-10-17 13:19:27,114 [Listener at 127.0.0.1/44403] INFO  http.HttpServer2 (HttpServer2.java:addFilter(995)) - Added filter static_user_filter (class=org.apache.hadoop.http.lib.StaticUserWebFilter$StaticUserFilter) to context hddsDatanode
2020-10-17 13:19:27,115 [Listener at 127.0.0.1/44403] INFO  http.HttpServer2 (HttpServer2.java:addFilter(1003)) - Added filter static_user_filter (class=org.apache.hadoop.http.lib.StaticUserWebFilter$StaticUserFilter) to context static
2020-10-17 13:19:27,115 [Listener at 127.0.0.1/44403] INFO  http.HttpServer2 (HttpServer2.java:addFilter(1003)) - Added filter static_user_filter (class=org.apache.hadoop.http.lib.StaticUserWebFilter$StaticUserFilter) to context logs
2020-10-17 13:19:27,115 [Listener at 127.0.0.1/44403] INFO  http.HttpServer2 (HttpServer2.java:bindListener(1237)) - Jetty bound to port 42199
2020-10-17 13:19:27,115 [Listener at 127.0.0.1/44403] INFO  server.Server (Server.java:doStart(359)) - jetty-9.4.26.v20200117; built: 2020-01-17T12:35:33.676Z; git: 7b38981d25d14afb4a12ff1f2596756144edf695; jvm 1.8.0_232-b09
2020-10-17 13:19:27,117 [Listener at 127.0.0.1/44403] INFO  server.session (DefaultSessionIdManager.java:doStart(333)) - DefaultSessionIdManager workerName=node0
2020-10-17 13:19:27,117 [Listener at 127.0.0.1/44403] INFO  server.session (DefaultSessionIdManager.java:doStart(338)) - No SessionScavenger set, using defaults
2020-10-17 13:19:27,118 [Listener at 127.0.0.1/44403] INFO  server.session (HouseKeeper.java:startScavenging(140)) - node0 Scavenging every 660000ms
2020-10-17 13:19:27,118 [Listener at 127.0.0.1/44403] INFO  handler.ContextHandler (ContextHandler.java:doStart(825)) - Started o.e.j.s.ServletContextHandler@38626368{logs,/logs,file:///github/workspace/mnt/ozone/hadoop-ozone/integration-test/target/log,AVAILABLE}
2020-10-17 13:19:27,118 [Listener at 127.0.0.1/44403] INFO  handler.ContextHandler (ContextHandler.java:doStart(825)) - Started o.e.j.s.ServletContextHandler@14e90930{static,/static,jar:file:/home/user/.m2/repository/org/apache/hadoop/hadoop-hdds-container-service/1.1.0-SNAPSHOT/hadoop-hdds-container-service-1.1.0-SNAPSHOT.jar!/webapps/static,AVAILABLE}
2020-10-17 13:19:27,252 [Listener at 127.0.0.1/44403] INFO  handler.ContextHandler (ContextHandler.java:doStart(825)) - Started o.e.j.w.WebAppContext@5fb97938{hddsDatanode,/,file:///tmp/jetty-0_0_0_0-42199-hadoop-hdds-container-service-1_1_0-SNAPSHOT_jar-_-any-8175208993264809325.dir/webapp/,AVAILABLE}{jar:file:/home/user/.m2/repository/org/apache/hadoop/hadoop-hdds-container-service/1.1.0-SNAPSHOT/hadoop-hdds-container-service-1.1.0-SNAPSHOT.jar!/webapps/hddsDatanode}
2020-10-17 13:19:27,253 [Listener at 127.0.0.1/44403] INFO  server.AbstractConnector (AbstractConnector.java:doStart(330)) - Started ServerConnector@45baf0b1{HTTP/1.1,[http/1.1]}{0.0.0.0:42199}
2020-10-17 13:19:27,253 [Listener at 127.0.0.1/44403] INFO  server.Server (Server.java:doStart(399)) - Started @48357ms
2020-10-17 13:19:27,253 [Listener at 127.0.0.1/44403] WARN  impl.MetricsSystemImpl (MetricsSystemImpl.java:register(276)) - Sink prometheus already exists!
2020-10-17 13:19:27,258 [Listener at 127.0.0.1/44403] INFO  http.BaseHttpServer (BaseHttpServer.java:updateConnectorAddress(327)) - HTTP server of hddsDatanode listening at http://0.0.0.0:42199
2020-10-17 13:19:27,259 [Listener at 127.0.0.1/44403] INFO  impl.MetricsSystemImpl (MetricsSystemImpl.java:init(158)) - HddsDatanode metrics system started (again)
2020-10-17 13:19:27,260 [Listener at 127.0.0.1/44403] INFO  ozone.HddsDatanodeService (HddsDatanodeService.java:start(217)) - HddsDatanodeService host:cd5595e0f813 ip:172.17.0.2
2020-10-17 13:19:27,262 [Listener at 127.0.0.1/44403] INFO  volume.HddsVolume (HddsVolume.java:<init>(176)) - Creating Volume: /github/workspace/mnt/ozone/hadoop-ozone/integration-test/target/test-dir/MiniOzoneClusterImpl-1fb37825-3c8e-4fc8-8488-3a2a4659ec2d/datanode-3/data-0/containers/hdds of storage type : DISK and capacity : 9223372036854775807
2020-10-17 13:19:27,262 [Listener at 127.0.0.1/44403] INFO  volume.MutableVolumeSet (MutableVolumeSet.java:initializeVolumeSet(179)) - Added Volume : /github/workspace/mnt/ozone/hadoop-ozone/integration-test/target/test-dir/MiniOzoneClusterImpl-1fb37825-3c8e-4fc8-8488-3a2a4659ec2d/datanode-3/data-0/containers/hdds to VolumeSet
2020-10-17 13:19:27,263 [Listener at 127.0.0.1/44403] INFO  volume.ThrottledAsyncChecker (ThrottledAsyncChecker.java:schedule(141)) - Scheduling a check for /github/workspace/mnt/ozone/hadoop-ozone/integration-test/target/test-dir/MiniOzoneClusterImpl-1fb37825-3c8e-4fc8-8488-3a2a4659ec2d/datanode-3/data-0/containers/hdds
2020-10-17 13:19:27,263 [Listener at 127.0.0.1/44403] INFO  volume.HddsVolumeChecker (HddsVolumeChecker.java:checkAllVolumes(200)) - Scheduled health check for volume /github/workspace/mnt/ozone/hadoop-ozone/integration-test/target/test-dir/MiniOzoneClusterImpl-1fb37825-3c8e-4fc8-8488-3a2a4659ec2d/datanode-3/data-0/containers/hdds
2020-10-17 13:19:27,287 [Datanode State Machine Task Thread - 0] INFO  datanode.InitDatanodeState (InitDatanodeState.java:persistContainerDatanodeDetails(145)) - DatanodeDetails is persisted to /github/workspace/mnt/ozone/hadoop-ozone/integration-test/target/test-dir/MiniOzoneClusterImpl-1fb37825-3c8e-4fc8-8488-3a2a4659ec2d/datanode-2/meta/datanode.id
2020-10-17 13:19:27,288 [org.apache.hadoop.util.JvmPauseMonitor$Monitor@6a2b58ca] INFO  util.JvmPauseMonitor (JvmPauseMonitor.java:run(188)) - Starting JVM pause monitor
2020-10-17 13:19:27,288 [Thread-520] INFO  ozoneimpl.ContainerReader (ContainerReader.java:readVolume(123)) - Start to verify containers on volume /github/workspace/mnt/ozone/hadoop-ozone/integration-test/target/test-dir/MiniOzoneClusterImpl-1fb37825-3c8e-4fc8-8488-3a2a4659ec2d/datanode-3/data-0/containers/hdds
2020-10-17 13:19:27,288 [Thread-520] INFO  ozoneimpl.ContainerReader (ContainerReader.java:readVolume(148)) - Finish verifying containers on volume /github/workspace/mnt/ozone/hadoop-ozone/integration-test/target/test-dir/MiniOzoneClusterImpl-1fb37825-3c8e-4fc8-8488-3a2a4659ec2d/datanode-3/data-0/containers/hdds
2020-10-17 13:19:27,288 [Listener at 127.0.0.1/44403] INFO  ozoneimpl.OzoneContainer (OzoneContainer.java:buildContainerSet(196)) - Build ContainerSet costs 0s
2020-10-17 13:19:27,290 [Listener at 127.0.0.1/44403] INFO  impl.RaftServerProxy (ConfUtils.java:logGet(44)) - raft.rpc.type = GRPC (default)
2020-10-17 13:19:27,292 [Listener at 127.0.0.1/44403] INFO  grpc.GrpcFactory (GrpcFactory.java:checkPooledByteBufAllocatorUseCacheForAllThreads(45)) - PERFORMANCE WARNING: useCacheForAllThreads is true that may cause Netty to create a lot garbage objects and, as a result, trigger GC.
	It is recommended to disable useCacheForAllThreads by setting -Dorg.apache.ratis.thirdparty.io.netty.allocator.useCacheForAllThreads=false in command line.
2020-10-17 13:19:27,292 [Listener at 127.0.0.1/44403] INFO  grpc.GrpcConfigKeys (ConfUtils.java:logGet(44)) - raft.grpc.server.port = 0 (default)
2020-10-17 13:19:27,293 [Listener at 127.0.0.1/44403] INFO  server.GrpcService (ConfUtils.java:logGet(44)) - raft.grpc.message.size.max = 32MB (=33554432) (custom)
2020-10-17 13:19:27,293 [Listener at 127.0.0.1/44403] INFO  server.RaftServerConfigKeys (ConfUtils.java:logGet(44)) - raft.server.log.appender.buffer.byte-limit = 33554432 (custom)
2020-10-17 13:19:27,293 [Listener at 127.0.0.1/44403] INFO  server.GrpcService (ConfUtils.java:logGet(44)) - raft.grpc.flow.control.window = 5MB (=5242880) (custom)
2020-10-17 13:19:27,293 [Listener at 127.0.0.1/44403] INFO  server.RaftServerConfigKeys (ConfUtils.java:logGet(44)) - raft.server.rpc.request.timeout = 60s (custom)
2020-10-17 13:19:27,295 [Listener at 127.0.0.1/44403] INFO  server.RaftServerConfigKeys (ConfUtils.java:logGet(44)) - raft.server.storage.dir = [/github/workspace/mnt/ozone/hadoop-ozone/integration-test/target/test-dir/MiniOzoneClusterImpl-1fb37825-3c8e-4fc8-8488-3a2a4659ec2d/datanode-3/data/ratis] (custom)
2020-10-17 13:19:27,301 [Listener at 127.0.0.1/44403] INFO  http.BaseHttpServer (BaseHttpServer.java:newHttpServer2BuilderForOzone(207)) - Starting Web-server for hddsDatanode at: http://0.0.0.0:0
2020-10-17 13:19:27,301 [Listener at 127.0.0.1/44403] INFO  http.BaseHttpServer (BaseHttpServer.java:<init>(106)) - Hadoop Security Enabled: false Ozone Security Enabled: false Ozone HTTP Security Enabled: false 
2020-10-17 13:19:27,303 [Listener at 127.0.0.1/44403] INFO  server.AuthenticationFilter (AuthenticationFilter.java:constructSecretProvider(240)) - Unable to initialize FileSignerSecretProvider, falling back to use random secrets.
2020-10-17 13:19:27,303 [Listener at 127.0.0.1/44403] WARN  http.HttpRequestLog (HttpRequestLog.java:getRequestLog(103)) - Jetty request log can only be enabled using Log4j
2020-10-17 13:19:27,304 [Listener at 127.0.0.1/44403] INFO  http.HttpServer2 (HttpServer2.java:addGlobalFilter(1019)) - Added global filter 'safety' (class=org.apache.hadoop.hdds.server.http.HttpServer2$QuotingInputFilter)
2020-10-17 13:19:27,304 [Listener at 127.0.0.1/44403] INFO  http.HttpServer2 (HttpServer2.java:addFilter(995)) - Added filter static_user_filter (class=org.apache.hadoop.http.lib.StaticUserWebFilter$StaticUserFilter) to context hddsDatanode
2020-10-17 13:19:27,304 [Listener at 127.0.0.1/44403] INFO  http.HttpServer2 (HttpServer2.java:addFilter(1003)) - Added filter static_user_filter (class=org.apache.hadoop.http.lib.StaticUserWebFilter$StaticUserFilter) to context logs
2020-10-17 13:19:27,304 [Listener at 127.0.0.1/44403] INFO  http.HttpServer2 (HttpServer2.java:addFilter(1003)) - Added filter static_user_filter (class=org.apache.hadoop.http.lib.StaticUserWebFilter$StaticUserFilter) to context static
2020-10-17 13:19:27,305 [Listener at 127.0.0.1/44403] INFO  http.HttpServer2 (HttpServer2.java:bindListener(1237)) - Jetty bound to port 32909
2020-10-17 13:19:27,305 [Listener at 127.0.0.1/44403] INFO  server.Server (Server.java:doStart(359)) - jetty-9.4.26.v20200117; built: 2020-01-17T12:35:33.676Z; git: 7b38981d25d14afb4a12ff1f2596756144edf695; jvm 1.8.0_232-b09
2020-10-17 13:19:27,309 [Listener at 127.0.0.1/44403] INFO  server.session (DefaultSessionIdManager.java:doStart(333)) - DefaultSessionIdManager workerName=node0
2020-10-17 13:19:27,309 [Listener at 127.0.0.1/44403] INFO  server.session (DefaultSessionIdManager.java:doStart(338)) - No SessionScavenger set, using defaults
2020-10-17 13:19:27,310 [Listener at 127.0.0.1/44403] INFO  server.session (HouseKeeper.java:startScavenging(140)) - node0 Scavenging every 660000ms
2020-10-17 13:19:27,310 [Listener at 127.0.0.1/44403] INFO  handler.ContextHandler (ContextHandler.java:doStart(825)) - Started o.e.j.s.ServletContextHandler@148766a2{logs,/logs,file:///github/workspace/mnt/ozone/hadoop-ozone/integration-test/target/log,AVAILABLE}
2020-10-17 13:19:27,311 [Listener at 127.0.0.1/44403] INFO  handler.ContextHandler (ContextHandler.java:doStart(825)) - Started o.e.j.s.ServletContextHandler@4c342dd2{static,/static,jar:file:/home/user/.m2/repository/org/apache/hadoop/hadoop-hdds-container-service/1.1.0-SNAPSHOT/hadoop-hdds-container-service-1.1.0-SNAPSHOT.jar!/webapps/static,AVAILABLE}
2020-10-17 13:19:27,449 [Listener at 127.0.0.1/44403] INFO  handler.ContextHandler (ContextHandler.java:doStart(825)) - Started o.e.j.w.WebAppContext@7a306e42{hddsDatanode,/,file:///tmp/jetty-0_0_0_0-32909-hadoop-hdds-container-service-1_1_0-SNAPSHOT_jar-_-any-2661778793905193206.dir/webapp/,AVAILABLE}{jar:file:/home/user/.m2/repository/org/apache/hadoop/hadoop-hdds-container-service/1.1.0-SNAPSHOT/hadoop-hdds-container-service-1.1.0-SNAPSHOT.jar!/webapps/hddsDatanode}
2020-10-17 13:19:27,450 [Listener at 127.0.0.1/44403] INFO  server.AbstractConnector (AbstractConnector.java:doStart(330)) - Started ServerConnector@4a2a2b1e{HTTP/1.1,[http/1.1]}{0.0.0.0:32909}
2020-10-17 13:19:27,450 [Listener at 127.0.0.1/44403] INFO  server.Server (Server.java:doStart(399)) - Started @48554ms
2020-10-17 13:19:27,451 [Listener at 127.0.0.1/44403] WARN  impl.MetricsSystemImpl (MetricsSystemImpl.java:register(276)) - Sink prometheus already exists!
2020-10-17 13:19:27,456 [Listener at 127.0.0.1/44403] INFO  http.BaseHttpServer (BaseHttpServer.java:updateConnectorAddress(327)) - HTTP server of hddsDatanode listening at http://0.0.0.0:32909
2020-10-17 13:19:27,456 [Listener at 127.0.0.1/44403] INFO  impl.MetricsSystemImpl (MetricsSystemImpl.java:init(158)) - HddsDatanode metrics system started (again)
2020-10-17 13:19:27,458 [Listener at 127.0.0.1/44403] INFO  ozone.HddsDatanodeService (HddsDatanodeService.java:start(217)) - HddsDatanodeService host:cd5595e0f813 ip:172.17.0.2
2020-10-17 13:19:27,459 [Listener at 127.0.0.1/44403] INFO  volume.HddsVolume (HddsVolume.java:<init>(176)) - Creating Volume: /github/workspace/mnt/ozone/hadoop-ozone/integration-test/target/test-dir/MiniOzoneClusterImpl-1fb37825-3c8e-4fc8-8488-3a2a4659ec2d/datanode-4/data-0/containers/hdds of storage type : DISK and capacity : 9223372036854775807
2020-10-17 13:19:27,459 [Listener at 127.0.0.1/44403] INFO  volume.MutableVolumeSet (MutableVolumeSet.java:initializeVolumeSet(179)) - Added Volume : /github/workspace/mnt/ozone/hadoop-ozone/integration-test/target/test-dir/MiniOzoneClusterImpl-1fb37825-3c8e-4fc8-8488-3a2a4659ec2d/datanode-4/data-0/containers/hdds to VolumeSet
2020-10-17 13:19:27,459 [Listener at 127.0.0.1/44403] INFO  volume.ThrottledAsyncChecker (ThrottledAsyncChecker.java:schedule(141)) - Scheduling a check for /github/workspace/mnt/ozone/hadoop-ozone/integration-test/target/test-dir/MiniOzoneClusterImpl-1fb37825-3c8e-4fc8-8488-3a2a4659ec2d/datanode-4/data-0/containers/hdds
2020-10-17 13:19:27,478 [Listener at 127.0.0.1/44403] INFO  volume.HddsVolumeChecker (HddsVolumeChecker.java:checkAllVolumes(200)) - Scheduled health check for volume /github/workspace/mnt/ozone/hadoop-ozone/integration-test/target/test-dir/MiniOzoneClusterImpl-1fb37825-3c8e-4fc8-8488-3a2a4659ec2d/datanode-4/data-0/containers/hdds
2020-10-17 13:19:27,498 [Thread-529] INFO  ozoneimpl.ContainerReader (ContainerReader.java:readVolume(123)) - Start to verify containers on volume /github/workspace/mnt/ozone/hadoop-ozone/integration-test/target/test-dir/MiniOzoneClusterImpl-1fb37825-3c8e-4fc8-8488-3a2a4659ec2d/datanode-4/data-0/containers/hdds
2020-10-17 13:19:27,498 [Thread-529] INFO  ozoneimpl.ContainerReader (ContainerReader.java:readVolume(148)) - Finish verifying containers on volume /github/workspace/mnt/ozone/hadoop-ozone/integration-test/target/test-dir/MiniOzoneClusterImpl-1fb37825-3c8e-4fc8-8488-3a2a4659ec2d/datanode-4/data-0/containers/hdds
2020-10-17 13:19:27,498 [Listener at 127.0.0.1/44403] INFO  ozoneimpl.OzoneContainer (OzoneContainer.java:buildContainerSet(196)) - Build ContainerSet costs 0s
2020-10-17 13:19:27,500 [Listener at 127.0.0.1/44403] INFO  impl.RaftServerProxy (ConfUtils.java:logGet(44)) - raft.rpc.type = GRPC (default)
2020-10-17 13:19:27,500 [Listener at 127.0.0.1/44403] INFO  grpc.GrpcFactory (GrpcFactory.java:checkPooledByteBufAllocatorUseCacheForAllThreads(45)) - PERFORMANCE WARNING: useCacheForAllThreads is true that may cause Netty to create a lot garbage objects and, as a result, trigger GC.
	It is recommended to disable useCacheForAllThreads by setting -Dorg.apache.ratis.thirdparty.io.netty.allocator.useCacheForAllThreads=false in command line.
2020-10-17 13:19:27,500 [Listener at 127.0.0.1/44403] INFO  grpc.GrpcConfigKeys (ConfUtils.java:logGet(44)) - raft.grpc.server.port = 0 (default)
2020-10-17 13:19:27,501 [Listener at 127.0.0.1/44403] INFO  server.GrpcService (ConfUtils.java:logGet(44)) - raft.grpc.message.size.max = 32MB (=33554432) (custom)
2020-10-17 13:19:27,501 [Listener at 127.0.0.1/44403] INFO  server.RaftServerConfigKeys (ConfUtils.java:logGet(44)) - raft.server.log.appender.buffer.byte-limit = 33554432 (custom)
2020-10-17 13:19:27,501 [Listener at 127.0.0.1/44403] INFO  server.GrpcService (ConfUtils.java:logGet(44)) - raft.grpc.flow.control.window = 5MB (=5242880) (custom)
2020-10-17 13:19:27,501 [Listener at 127.0.0.1/44403] INFO  server.RaftServerConfigKeys (ConfUtils.java:logGet(44)) - raft.server.rpc.request.timeout = 60s (custom)
2020-10-17 13:19:27,502 [Listener at 127.0.0.1/44403] INFO  server.RaftServerConfigKeys (ConfUtils.java:logGet(44)) - raft.server.storage.dir = [/github/workspace/mnt/ozone/hadoop-ozone/integration-test/target/test-dir/MiniOzoneClusterImpl-1fb37825-3c8e-4fc8-8488-3a2a4659ec2d/datanode-4/data/ratis] (custom)
2020-10-17 13:19:27,505 [org.apache.hadoop.util.JvmPauseMonitor$Monitor@218a3c5d] INFO  util.JvmPauseMonitor (JvmPauseMonitor.java:run(188)) - Starting JVM pause monitor
2020-10-17 13:19:27,510 [Datanode State Machine Task Thread - 0] INFO  datanode.InitDatanodeState (InitDatanodeState.java:persistContainerDatanodeDetails(145)) - DatanodeDetails is persisted to /github/workspace/mnt/ozone/hadoop-ozone/integration-test/target/test-dir/MiniOzoneClusterImpl-1fb37825-3c8e-4fc8-8488-3a2a4659ec2d/datanode-3/meta/datanode.id
2020-10-17 13:19:27,511 [Listener at 127.0.0.1/44403] INFO  http.BaseHttpServer (BaseHttpServer.java:newHttpServer2BuilderForOzone(207)) - Starting Web-server for hddsDatanode at: http://0.0.0.0:0
2020-10-17 13:19:27,511 [Listener at 127.0.0.1/44403] INFO  http.BaseHttpServer (BaseHttpServer.java:<init>(106)) - Hadoop Security Enabled: false Ozone Security Enabled: false Ozone HTTP Security Enabled: false 
2020-10-17 13:19:27,512 [Listener at 127.0.0.1/44403] INFO  server.AuthenticationFilter (AuthenticationFilter.java:constructSecretProvider(240)) - Unable to initialize FileSignerSecretProvider, falling back to use random secrets.
2020-10-17 13:19:27,513 [Listener at 127.0.0.1/44403] WARN  http.HttpRequestLog (HttpRequestLog.java:getRequestLog(103)) - Jetty request log can only be enabled using Log4j
2020-10-17 13:19:27,514 [Listener at 127.0.0.1/44403] INFO  http.HttpServer2 (HttpServer2.java:addGlobalFilter(1019)) - Added global filter 'safety' (class=org.apache.hadoop.hdds.server.http.HttpServer2$QuotingInputFilter)
2020-10-17 13:19:27,514 [Listener at 127.0.0.1/44403] INFO  http.HttpServer2 (HttpServer2.java:addFilter(995)) - Added filter static_user_filter (class=org.apache.hadoop.http.lib.StaticUserWebFilter$StaticUserFilter) to context hddsDatanode
2020-10-17 13:19:27,514 [Listener at 127.0.0.1/44403] INFO  http.HttpServer2 (HttpServer2.java:addFilter(1003)) - Added filter static_user_filter (class=org.apache.hadoop.http.lib.StaticUserWebFilter$StaticUserFilter) to context static
2020-10-17 13:19:27,514 [Listener at 127.0.0.1/44403] INFO  http.HttpServer2 (HttpServer2.java:addFilter(1003)) - Added filter static_user_filter (class=org.apache.hadoop.http.lib.StaticUserWebFilter$StaticUserFilter) to context logs
2020-10-17 13:19:27,515 [Listener at 127.0.0.1/44403] INFO  http.HttpServer2 (HttpServer2.java:bindListener(1237)) - Jetty bound to port 45361
2020-10-17 13:19:27,515 [Listener at 127.0.0.1/44403] INFO  server.Server (Server.java:doStart(359)) - jetty-9.4.26.v20200117; built: 2020-01-17T12:35:33.676Z; git: 7b38981d25d14afb4a12ff1f2596756144edf695; jvm 1.8.0_232-b09
2020-10-17 13:19:27,517 [Listener at 127.0.0.1/44403] INFO  server.session (DefaultSessionIdManager.java:doStart(333)) - DefaultSessionIdManager workerName=node0
2020-10-17 13:19:27,517 [Listener at 127.0.0.1/44403] INFO  server.session (DefaultSessionIdManager.java:doStart(338)) - No SessionScavenger set, using defaults
2020-10-17 13:19:27,517 [Listener at 127.0.0.1/44403] INFO  server.session (HouseKeeper.java:startScavenging(140)) - node0 Scavenging every 600000ms
2020-10-17 13:19:27,519 [Listener at 127.0.0.1/44403] INFO  handler.ContextHandler (ContextHandler.java:doStart(825)) - Started o.e.j.s.ServletContextHandler@250e1c37{logs,/logs,file:///github/workspace/mnt/ozone/hadoop-ozone/integration-test/target/log,AVAILABLE}
2020-10-17 13:19:27,519 [Listener at 127.0.0.1/44403] INFO  handler.ContextHandler (ContextHandler.java:doStart(825)) - Started o.e.j.s.ServletContextHandler@7f8cbfdd{static,/static,jar:file:/home/user/.m2/repository/org/apache/hadoop/hadoop-hdds-container-service/1.1.0-SNAPSHOT/hadoop-hdds-container-service-1.1.0-SNAPSHOT.jar!/webapps/static,AVAILABLE}
2020-10-17 13:19:27,651 [Listener at 127.0.0.1/44403] INFO  handler.ContextHandler (ContextHandler.java:doStart(825)) - Started o.e.j.w.WebAppContext@2ad70649{hddsDatanode,/,file:///tmp/jetty-0_0_0_0-45361-hadoop-hdds-container-service-1_1_0-SNAPSHOT_jar-_-any-8233123903261462865.dir/webapp/,AVAILABLE}{jar:file:/home/user/.m2/repository/org/apache/hadoop/hadoop-hdds-container-service/1.1.0-SNAPSHOT/hadoop-hdds-container-service-1.1.0-SNAPSHOT.jar!/webapps/hddsDatanode}
2020-10-17 13:19:27,652 [Listener at 127.0.0.1/44403] INFO  server.AbstractConnector (AbstractConnector.java:doStart(330)) - Started ServerConnector@c2bbeef{HTTP/1.1,[http/1.1]}{0.0.0.0:45361}
2020-10-17 13:19:27,653 [Listener at 127.0.0.1/44403] INFO  server.Server (Server.java:doStart(399)) - Started @48756ms
2020-10-17 13:19:27,653 [Listener at 127.0.0.1/44403] WARN  impl.MetricsSystemImpl (MetricsSystemImpl.java:register(276)) - Sink prometheus already exists!
2020-10-17 13:19:27,658 [Listener at 127.0.0.1/44403] INFO  http.BaseHttpServer (BaseHttpServer.java:updateConnectorAddress(327)) - HTTP server of hddsDatanode listening at http://0.0.0.0:45361
2020-10-17 13:19:27,660 [Listener at 127.0.0.1/44403] INFO  impl.MetricsSystemImpl (MetricsSystemImpl.java:init(158)) - HddsDatanode metrics system started (again)
2020-10-17 13:19:27,662 [Listener at 127.0.0.1/44403] INFO  ozone.HddsDatanodeService (HddsDatanodeService.java:start(217)) - HddsDatanodeService host:cd5595e0f813 ip:172.17.0.2
2020-10-17 13:19:27,665 [org.apache.hadoop.util.JvmPauseMonitor$Monitor@7380ddfa] INFO  util.JvmPauseMonitor (JvmPauseMonitor.java:run(188)) - Starting JVM pause monitor
2020-10-17 13:19:27,665 [Listener at 127.0.0.1/44403] INFO  volume.HddsVolume (HddsVolume.java:<init>(176)) - Creating Volume: /github/workspace/mnt/ozone/hadoop-ozone/integration-test/target/test-dir/MiniOzoneClusterImpl-1fb37825-3c8e-4fc8-8488-3a2a4659ec2d/datanode-5/data-0/containers/hdds of storage type : DISK and capacity : 9223372036854775807
2020-10-17 13:19:27,665 [Listener at 127.0.0.1/44403] INFO  volume.MutableVolumeSet (MutableVolumeSet.java:initializeVolumeSet(179)) - Added Volume : /github/workspace/mnt/ozone/hadoop-ozone/integration-test/target/test-dir/MiniOzoneClusterImpl-1fb37825-3c8e-4fc8-8488-3a2a4659ec2d/datanode-5/data-0/containers/hdds to VolumeSet
2020-10-17 13:19:27,666 [Listener at 127.0.0.1/44403] INFO  volume.ThrottledAsyncChecker (ThrottledAsyncChecker.java:schedule(141)) - Scheduling a check for /github/workspace/mnt/ozone/hadoop-ozone/integration-test/target/test-dir/MiniOzoneClusterImpl-1fb37825-3c8e-4fc8-8488-3a2a4659ec2d/datanode-5/data-0/containers/hdds
2020-10-17 13:19:27,666 [Datanode State Machine Task Thread - 0] INFO  datanode.InitDatanodeState (InitDatanodeState.java:persistContainerDatanodeDetails(145)) - DatanodeDetails is persisted to /github/workspace/mnt/ozone/hadoop-ozone/integration-test/target/test-dir/MiniOzoneClusterImpl-1fb37825-3c8e-4fc8-8488-3a2a4659ec2d/datanode-4/meta/datanode.id
2020-10-17 13:19:27,667 [Listener at 127.0.0.1/44403] INFO  volume.HddsVolumeChecker (HddsVolumeChecker.java:checkAllVolumes(200)) - Scheduled health check for volume /github/workspace/mnt/ozone/hadoop-ozone/integration-test/target/test-dir/MiniOzoneClusterImpl-1fb37825-3c8e-4fc8-8488-3a2a4659ec2d/datanode-5/data-0/containers/hdds
2020-10-17 13:19:27,679 [Thread-542] INFO  ozoneimpl.ContainerReader (ContainerReader.java:readVolume(123)) - Start to verify containers on volume /github/workspace/mnt/ozone/hadoop-ozone/integration-test/target/test-dir/MiniOzoneClusterImpl-1fb37825-3c8e-4fc8-8488-3a2a4659ec2d/datanode-5/data-0/containers/hdds
2020-10-17 13:19:27,679 [Thread-542] INFO  ozoneimpl.ContainerReader (ContainerReader.java:readVolume(148)) - Finish verifying containers on volume /github/workspace/mnt/ozone/hadoop-ozone/integration-test/target/test-dir/MiniOzoneClusterImpl-1fb37825-3c8e-4fc8-8488-3a2a4659ec2d/datanode-5/data-0/containers/hdds
2020-10-17 13:19:27,679 [Listener at 127.0.0.1/44403] INFO  ozoneimpl.OzoneContainer (OzoneContainer.java:buildContainerSet(196)) - Build ContainerSet costs 0s
2020-10-17 13:19:27,681 [Listener at 127.0.0.1/44403] INFO  impl.RaftServerProxy (ConfUtils.java:logGet(44)) - raft.rpc.type = GRPC (default)
2020-10-17 13:19:27,681 [Listener at 127.0.0.1/44403] INFO  grpc.GrpcFactory (GrpcFactory.java:checkPooledByteBufAllocatorUseCacheForAllThreads(45)) - PERFORMANCE WARNING: useCacheForAllThreads is true that may cause Netty to create a lot garbage objects and, as a result, trigger GC.
	It is recommended to disable useCacheForAllThreads by setting -Dorg.apache.ratis.thirdparty.io.netty.allocator.useCacheForAllThreads=false in command line.
2020-10-17 13:19:27,681 [Listener at 127.0.0.1/44403] INFO  grpc.GrpcConfigKeys (ConfUtils.java:logGet(44)) - raft.grpc.server.port = 0 (default)
2020-10-17 13:19:27,681 [Listener at 127.0.0.1/44403] INFO  server.GrpcService (ConfUtils.java:logGet(44)) - raft.grpc.message.size.max = 32MB (=33554432) (custom)
2020-10-17 13:19:27,682 [Listener at 127.0.0.1/44403] INFO  server.RaftServerConfigKeys (ConfUtils.java:logGet(44)) - raft.server.log.appender.buffer.byte-limit = 33554432 (custom)
2020-10-17 13:19:27,682 [Listener at 127.0.0.1/44403] INFO  server.GrpcService (ConfUtils.java:logGet(44)) - raft.grpc.flow.control.window = 5MB (=5242880) (custom)
2020-10-17 13:19:27,682 [Listener at 127.0.0.1/44403] INFO  server.RaftServerConfigKeys (ConfUtils.java:logGet(44)) - raft.server.rpc.request.timeout = 60s (custom)
2020-10-17 13:19:27,683 [Listener at 127.0.0.1/44403] INFO  server.RaftServerConfigKeys (ConfUtils.java:logGet(44)) - raft.server.storage.dir = [/github/workspace/mnt/ozone/hadoop-ozone/integration-test/target/test-dir/MiniOzoneClusterImpl-1fb37825-3c8e-4fc8-8488-3a2a4659ec2d/datanode-5/data/ratis] (custom)
2020-10-17 13:19:27,689 [Listener at 127.0.0.1/44403] INFO  http.BaseHttpServer (BaseHttpServer.java:newHttpServer2BuilderForOzone(207)) - Starting Web-server for hddsDatanode at: http://0.0.0.0:0
2020-10-17 13:19:27,689 [Listener at 127.0.0.1/44403] INFO  http.BaseHttpServer (BaseHttpServer.java:<init>(106)) - Hadoop Security Enabled: false Ozone Security Enabled: false Ozone HTTP Security Enabled: false 
2020-10-17 13:19:27,690 [Listener at 127.0.0.1/44403] INFO  server.AuthenticationFilter (AuthenticationFilter.java:constructSecretProvider(240)) - Unable to initialize FileSignerSecretProvider, falling back to use random secrets.
2020-10-17 13:19:27,690 [Listener at 127.0.0.1/44403] WARN  http.HttpRequestLog (HttpRequestLog.java:getRequestLog(103)) - Jetty request log can only be enabled using Log4j
2020-10-17 13:19:27,691 [Listener at 127.0.0.1/44403] INFO  http.HttpServer2 (HttpServer2.java:addGlobalFilter(1019)) - Added global filter 'safety' (class=org.apache.hadoop.hdds.server.http.HttpServer2$QuotingInputFilter)
2020-10-17 13:19:27,692 [Listener at 127.0.0.1/44403] INFO  http.HttpServer2 (HttpServer2.java:addFilter(995)) - Added filter static_user_filter (class=org.apache.hadoop.http.lib.StaticUserWebFilter$StaticUserFilter) to context hddsDatanode
2020-10-17 13:19:27,692 [Listener at 127.0.0.1/44403] INFO  http.HttpServer2 (HttpServer2.java:addFilter(1003)) - Added filter static_user_filter (class=org.apache.hadoop.http.lib.StaticUserWebFilter$StaticUserFilter) to context logs
2020-10-17 13:19:27,692 [Listener at 127.0.0.1/44403] INFO  http.HttpServer2 (HttpServer2.java:addFilter(1003)) - Added filter static_user_filter (class=org.apache.hadoop.http.lib.StaticUserWebFilter$StaticUserFilter) to context static
2020-10-17 13:19:27,692 [Listener at 127.0.0.1/44403] INFO  http.HttpServer2 (HttpServer2.java:bindListener(1237)) - Jetty bound to port 40559
2020-10-17 13:19:27,693 [Listener at 127.0.0.1/44403] INFO  server.Server (Server.java:doStart(359)) - jetty-9.4.26.v20200117; built: 2020-01-17T12:35:33.676Z; git: 7b38981d25d14afb4a12ff1f2596756144edf695; jvm 1.8.0_232-b09
2020-10-17 13:19:27,696 [Listener at 127.0.0.1/44403] INFO  server.session (DefaultSessionIdManager.java:doStart(333)) - DefaultSessionIdManager workerName=node0
2020-10-17 13:19:27,696 [Listener at 127.0.0.1/44403] INFO  server.session (DefaultSessionIdManager.java:doStart(338)) - No SessionScavenger set, using defaults
2020-10-17 13:19:27,696 [Listener at 127.0.0.1/44403] INFO  server.session (HouseKeeper.java:startScavenging(140)) - node0 Scavenging every 660000ms
2020-10-17 13:19:27,697 [Listener at 127.0.0.1/44403] INFO  handler.ContextHandler (ContextHandler.java:doStart(825)) - Started o.e.j.s.ServletContextHandler@b2ebeef{logs,/logs,file:///github/workspace/mnt/ozone/hadoop-ozone/integration-test/target/log,AVAILABLE}
2020-10-17 13:19:27,697 [Listener at 127.0.0.1/44403] INFO  handler.ContextHandler (ContextHandler.java:doStart(825)) - Started o.e.j.s.ServletContextHandler@c9165da{static,/static,jar:file:/home/user/.m2/repository/org/apache/hadoop/hadoop-hdds-container-service/1.1.0-SNAPSHOT/hadoop-hdds-container-service-1.1.0-SNAPSHOT.jar!/webapps/static,AVAILABLE}
2020-10-17 13:19:27,822 [Listener at 127.0.0.1/44403] INFO  handler.ContextHandler (ContextHandler.java:doStart(825)) - Started o.e.j.w.WebAppContext@3a3e2fa4{hddsDatanode,/,file:///tmp/jetty-0_0_0_0-40559-hadoop-hdds-container-service-1_1_0-SNAPSHOT_jar-_-any-3804567397218309674.dir/webapp/,AVAILABLE}{jar:file:/home/user/.m2/repository/org/apache/hadoop/hadoop-hdds-container-service/1.1.0-SNAPSHOT/hadoop-hdds-container-service-1.1.0-SNAPSHOT.jar!/webapps/hddsDatanode}
2020-10-17 13:19:27,824 [Listener at 127.0.0.1/44403] INFO  server.AbstractConnector (AbstractConnector.java:doStart(330)) - Started ServerConnector@68cdad1e{HTTP/1.1,[http/1.1]}{0.0.0.0:40559}
2020-10-17 13:19:27,824 [Listener at 127.0.0.1/44403] INFO  server.Server (Server.java:doStart(399)) - Started @48927ms
2020-10-17 13:19:27,824 [Listener at 127.0.0.1/44403] WARN  impl.MetricsSystemImpl (MetricsSystemImpl.java:register(276)) - Sink prometheus already exists!
2020-10-17 13:19:27,830 [Listener at 127.0.0.1/44403] INFO  http.BaseHttpServer (BaseHttpServer.java:updateConnectorAddress(327)) - HTTP server of hddsDatanode listening at http://0.0.0.0:40559
2020-10-17 13:19:27,831 [Listener at 127.0.0.1/44403] INFO  impl.MetricsSystemImpl (MetricsSystemImpl.java:init(158)) - HddsDatanode metrics system started (again)
2020-10-17 13:19:27,834 [Listener at 127.0.0.1/44403] INFO  ozone.HddsDatanodeService (HddsDatanodeService.java:start(217)) - HddsDatanodeService host:cd5595e0f813 ip:172.17.0.2
2020-10-17 13:19:27,835 [org.apache.hadoop.util.JvmPauseMonitor$Monitor@7d8dcec7] INFO  util.JvmPauseMonitor (JvmPauseMonitor.java:run(188)) - Starting JVM pause monitor
2020-10-17 13:19:27,835 [Listener at 127.0.0.1/44403] INFO  volume.HddsVolume (HddsVolume.java:<init>(176)) - Creating Volume: /github/workspace/mnt/ozone/hadoop-ozone/integration-test/target/test-dir/MiniOzoneClusterImpl-1fb37825-3c8e-4fc8-8488-3a2a4659ec2d/datanode-6/data-0/containers/hdds of storage type : DISK and capacity : 9223372036854775807
2020-10-17 13:19:27,835 [Listener at 127.0.0.1/44403] INFO  volume.MutableVolumeSet (MutableVolumeSet.java:initializeVolumeSet(179)) - Added Volume : /github/workspace/mnt/ozone/hadoop-ozone/integration-test/target/test-dir/MiniOzoneClusterImpl-1fb37825-3c8e-4fc8-8488-3a2a4659ec2d/datanode-6/data-0/containers/hdds to VolumeSet
2020-10-17 13:19:27,835 [Listener at 127.0.0.1/44403] INFO  volume.ThrottledAsyncChecker (ThrottledAsyncChecker.java:schedule(141)) - Scheduling a check for /github/workspace/mnt/ozone/hadoop-ozone/integration-test/target/test-dir/MiniOzoneClusterImpl-1fb37825-3c8e-4fc8-8488-3a2a4659ec2d/datanode-6/data-0/containers/hdds
2020-10-17 13:19:27,837 [Datanode State Machine Task Thread - 0] INFO  datanode.InitDatanodeState (InitDatanodeState.java:persistContainerDatanodeDetails(145)) - DatanodeDetails is persisted to /github/workspace/mnt/ozone/hadoop-ozone/integration-test/target/test-dir/MiniOzoneClusterImpl-1fb37825-3c8e-4fc8-8488-3a2a4659ec2d/datanode-5/meta/datanode.id
2020-10-17 13:19:27,839 [Listener at 127.0.0.1/44403] INFO  volume.HddsVolumeChecker (HddsVolumeChecker.java:checkAllVolumes(200)) - Scheduled health check for volume /github/workspace/mnt/ozone/hadoop-ozone/integration-test/target/test-dir/MiniOzoneClusterImpl-1fb37825-3c8e-4fc8-8488-3a2a4659ec2d/datanode-6/data-0/containers/hdds
2020-10-17 13:19:27,850 [Thread-553] INFO  ozoneimpl.ContainerReader (ContainerReader.java:readVolume(123)) - Start to verify containers on volume /github/workspace/mnt/ozone/hadoop-ozone/integration-test/target/test-dir/MiniOzoneClusterImpl-1fb37825-3c8e-4fc8-8488-3a2a4659ec2d/datanode-6/data-0/containers/hdds
2020-10-17 13:19:27,850 [Thread-553] INFO  ozoneimpl.ContainerReader (ContainerReader.java:readVolume(148)) - Finish verifying containers on volume /github/workspace/mnt/ozone/hadoop-ozone/integration-test/target/test-dir/MiniOzoneClusterImpl-1fb37825-3c8e-4fc8-8488-3a2a4659ec2d/datanode-6/data-0/containers/hdds
2020-10-17 13:19:27,850 [Listener at 127.0.0.1/44403] INFO  ozoneimpl.OzoneContainer (OzoneContainer.java:buildContainerSet(196)) - Build ContainerSet costs 0s
2020-10-17 13:19:27,852 [Listener at 127.0.0.1/44403] INFO  impl.RaftServerProxy (ConfUtils.java:logGet(44)) - raft.rpc.type = GRPC (default)
2020-10-17 13:19:27,852 [Listener at 127.0.0.1/44403] INFO  grpc.GrpcFactory (GrpcFactory.java:checkPooledByteBufAllocatorUseCacheForAllThreads(45)) - PERFORMANCE WARNING: useCacheForAllThreads is true that may cause Netty to create a lot garbage objects and, as a result, trigger GC.
	It is recommended to disable useCacheForAllThreads by setting -Dorg.apache.ratis.thirdparty.io.netty.allocator.useCacheForAllThreads=false in command line.
2020-10-17 13:19:27,853 [Listener at 127.0.0.1/44403] INFO  grpc.GrpcConfigKeys (ConfUtils.java:logGet(44)) - raft.grpc.server.port = 0 (default)
2020-10-17 13:19:27,853 [Listener at 127.0.0.1/44403] INFO  server.GrpcService (ConfUtils.java:logGet(44)) - raft.grpc.message.size.max = 32MB (=33554432) (custom)
2020-10-17 13:19:27,853 [Listener at 127.0.0.1/44403] INFO  server.RaftServerConfigKeys (ConfUtils.java:logGet(44)) - raft.server.log.appender.buffer.byte-limit = 33554432 (custom)
2020-10-17 13:19:27,853 [Listener at 127.0.0.1/44403] INFO  server.GrpcService (ConfUtils.java:logGet(44)) - raft.grpc.flow.control.window = 5MB (=5242880) (custom)
2020-10-17 13:19:27,853 [Listener at 127.0.0.1/44403] INFO  server.RaftServerConfigKeys (ConfUtils.java:logGet(44)) - raft.server.rpc.request.timeout = 60s (custom)
2020-10-17 13:19:27,854 [Listener at 127.0.0.1/44403] INFO  server.RaftServerConfigKeys (ConfUtils.java:logGet(44)) - raft.server.storage.dir = [/github/workspace/mnt/ozone/hadoop-ozone/integration-test/target/test-dir/MiniOzoneClusterImpl-1fb37825-3c8e-4fc8-8488-3a2a4659ec2d/datanode-6/data/ratis] (custom)
2020-10-17 13:19:27,860 [Listener at 127.0.0.1/44403] INFO  http.BaseHttpServer (BaseHttpServer.java:newHttpServer2BuilderForOzone(207)) - Starting Web-server for hddsDatanode at: http://0.0.0.0:0
2020-10-17 13:19:27,861 [Listener at 127.0.0.1/44403] INFO  http.BaseHttpServer (BaseHttpServer.java:<init>(106)) - Hadoop Security Enabled: false Ozone Security Enabled: false Ozone HTTP Security Enabled: false 
2020-10-17 13:19:27,862 [Listener at 127.0.0.1/44403] INFO  server.AuthenticationFilter (AuthenticationFilter.java:constructSecretProvider(240)) - Unable to initialize FileSignerSecretProvider, falling back to use random secrets.
2020-10-17 13:19:27,862 [Listener at 127.0.0.1/44403] WARN  http.HttpRequestLog (HttpRequestLog.java:getRequestLog(103)) - Jetty request log can only be enabled using Log4j
2020-10-17 13:19:27,863 [Listener at 127.0.0.1/44403] INFO  http.HttpServer2 (HttpServer2.java:addGlobalFilter(1019)) - Added global filter 'safety' (class=org.apache.hadoop.hdds.server.http.HttpServer2$QuotingInputFilter)
2020-10-17 13:19:27,864 [Listener at 127.0.0.1/44403] INFO  http.HttpServer2 (HttpServer2.java:addFilter(995)) - Added filter static_user_filter (class=org.apache.hadoop.http.lib.StaticUserWebFilter$StaticUserFilter) to context hddsDatanode
2020-10-17 13:19:27,864 [Listener at 127.0.0.1/44403] INFO  http.HttpServer2 (HttpServer2.java:addFilter(1003)) - Added filter static_user_filter (class=org.apache.hadoop.http.lib.StaticUserWebFilter$StaticUserFilter) to context static
2020-10-17 13:19:27,864 [Listener at 127.0.0.1/44403] INFO  http.HttpServer2 (HttpServer2.java:addFilter(1003)) - Added filter static_user_filter (class=org.apache.hadoop.http.lib.StaticUserWebFilter$StaticUserFilter) to context logs
2020-10-17 13:19:27,865 [Listener at 127.0.0.1/44403] INFO  http.HttpServer2 (HttpServer2.java:bindListener(1237)) - Jetty bound to port 42503
2020-10-17 13:19:27,865 [Listener at 127.0.0.1/44403] INFO  server.Server (Server.java:doStart(359)) - jetty-9.4.26.v20200117; built: 2020-01-17T12:35:33.676Z; git: 7b38981d25d14afb4a12ff1f2596756144edf695; jvm 1.8.0_232-b09
2020-10-17 13:19:27,866 [Listener at 127.0.0.1/44403] INFO  server.session (DefaultSessionIdManager.java:doStart(333)) - DefaultSessionIdManager workerName=node0
2020-10-17 13:19:27,866 [Listener at 127.0.0.1/44403] INFO  server.session (DefaultSessionIdManager.java:doStart(338)) - No SessionScavenger set, using defaults
2020-10-17 13:19:27,866 [Listener at 127.0.0.1/44403] INFO  server.session (HouseKeeper.java:startScavenging(140)) - node0 Scavenging every 660000ms
2020-10-17 13:19:27,867 [Listener at 127.0.0.1/44403] INFO  handler.ContextHandler (ContextHandler.java:doStart(825)) - Started o.e.j.s.ServletContextHandler@7d084a43{logs,/logs,file:///github/workspace/mnt/ozone/hadoop-ozone/integration-test/target/log,AVAILABLE}
2020-10-17 13:19:27,867 [Listener at 127.0.0.1/44403] INFO  handler.ContextHandler (ContextHandler.java:doStart(825)) - Started o.e.j.s.ServletContextHandler@37965b04{static,/static,jar:file:/home/user/.m2/repository/org/apache/hadoop/hadoop-hdds-container-service/1.1.0-SNAPSHOT/hadoop-hdds-container-service-1.1.0-SNAPSHOT.jar!/webapps/static,AVAILABLE}
2020-10-17 13:19:28,002 [Listener at 127.0.0.1/44403] INFO  handler.ContextHandler (ContextHandler.java:doStart(825)) - Started o.e.j.w.WebAppContext@88e5a43{hddsDatanode,/,file:///tmp/jetty-0_0_0_0-42503-hadoop-hdds-container-service-1_1_0-SNAPSHOT_jar-_-any-6420720758409511668.dir/webapp/,AVAILABLE}{jar:file:/home/user/.m2/repository/org/apache/hadoop/hadoop-hdds-container-service/1.1.0-SNAPSHOT/hadoop-hdds-container-service-1.1.0-SNAPSHOT.jar!/webapps/hddsDatanode}
2020-10-17 13:19:28,004 [Listener at 127.0.0.1/44403] INFO  server.AbstractConnector (AbstractConnector.java:doStart(330)) - Started ServerConnector@2aa716db{HTTP/1.1,[http/1.1]}{0.0.0.0:42503}
2020-10-17 13:19:28,004 [Listener at 127.0.0.1/44403] INFO  server.Server (Server.java:doStart(399)) - Started @49108ms
2020-10-17 13:19:28,004 [Listener at 127.0.0.1/44403] WARN  impl.MetricsSystemImpl (MetricsSystemImpl.java:register(276)) - Sink prometheus already exists!
2020-10-17 13:19:28,009 [Listener at 127.0.0.1/44403] INFO  http.BaseHttpServer (BaseHttpServer.java:updateConnectorAddress(327)) - HTTP server of hddsDatanode listening at http://0.0.0.0:42503
2020-10-17 13:19:28,012 [Listener at 127.0.0.1/44403] INFO  ozone.MiniOzoneClusterImpl (MiniOzoneClusterImpl.java:lambda$waitForClusterToBeReady$0(177)) - Waiting for nodes to be ready. Got 0 of 7 DN Heartbeats.
2020-10-17 13:19:28,017 [Listener at 127.0.0.1/44403] INFO  ozone.MiniOzoneClusterImpl (MiniOzoneClusterImpl.java:lambda$waitForClusterToBeReady$0(180)) - Waiting for cluster to exit safe mode
2020-10-17 13:19:28,025 [org.apache.hadoop.util.JvmPauseMonitor$Monitor@30c0b453] INFO  util.JvmPauseMonitor (JvmPauseMonitor.java:run(188)) - Starting JVM pause monitor
2020-10-17 13:19:28,026 [Datanode State Machine Task Thread - 0] INFO  datanode.InitDatanodeState (InitDatanodeState.java:persistContainerDatanodeDetails(145)) - DatanodeDetails is persisted to /github/workspace/mnt/ozone/hadoop-ozone/integration-test/target/test-dir/MiniOzoneClusterImpl-1fb37825-3c8e-4fc8-8488-3a2a4659ec2d/datanode-6/meta/datanode.id
2020-10-17 13:19:28,865 [Datanode State Machine Task Thread - 1] INFO  ozoneimpl.OzoneContainer (OzoneContainer.java:start(245)) - Attempting to start container services.
2020-10-17 13:19:28,866 [Datanode State Machine Task Thread - 1] INFO  ozoneimpl.OzoneContainer (OzoneContainer.java:startContainerScrub(209)) - Background container scanner has been disabled.
2020-10-17 13:19:28,866 [Datanode State Machine Task Thread - 1] INFO  ratis.XceiverServerRatis (XceiverServerRatis.java:start(440)) - Starting XceiverServerRatis 114e5e52-b703-412c-a818-7058292f97fd at port 0
2020-10-17 13:19:28,870 [Datanode State Machine Task Thread - 1] INFO  impl.RaftServerProxy (RaftServerProxy.java:lambda$start$3(307)) - 114e5e52-b703-412c-a818-7058292f97fd: start RPC server
2020-10-17 13:19:28,871 [Datanode State Machine Task Thread - 1] INFO  server.GrpcService (GrpcService.java:startImpl(177)) - 114e5e52-b703-412c-a818-7058292f97fd: GrpcService started, listening on 0.0.0.0/0.0.0.0:42967
2020-10-17 13:19:28,871 [Datanode State Machine Task Thread - 1] INFO  ratis.XceiverServerRatis (XceiverServerRatis.java:start(452)) - XceiverServerRatis 114e5e52-b703-412c-a818-7058292f97fd is started using port 42967
2020-10-17 13:19:28,871 [Datanode State Machine Task Thread - 1] INFO  server.XceiverServerGrpc (XceiverServerGrpc.java:start(145)) - XceiverServerGrpc 114e5e52-b703-412c-a818-7058292f97fd is started using port 37115
2020-10-17 13:19:29,017 [Listener at 127.0.0.1/44403] INFO  ozone.MiniOzoneClusterImpl (MiniOzoneClusterImpl.java:lambda$waitForClusterToBeReady$0(177)) - Waiting for nodes to be ready. Got 0 of 7 DN Heartbeats.
2020-10-17 13:19:29,018 [Listener at 127.0.0.1/44403] INFO  ozone.MiniOzoneClusterImpl (MiniOzoneClusterImpl.java:lambda$waitForClusterToBeReady$0(180)) - Waiting for cluster to exit safe mode
2020-10-17 13:19:29,092 [Datanode State Machine Task Thread - 1] INFO  ozoneimpl.OzoneContainer (OzoneContainer.java:start(245)) - Attempting to start container services.
2020-10-17 13:19:29,092 [Datanode State Machine Task Thread - 1] INFO  ozoneimpl.OzoneContainer (OzoneContainer.java:startContainerScrub(209)) - Background container scanner has been disabled.
2020-10-17 13:19:29,092 [Datanode State Machine Task Thread - 1] INFO  ratis.XceiverServerRatis (XceiverServerRatis.java:start(440)) - Starting XceiverServerRatis 4d0387a1-338f-4391-a649-fbe8c650d8a6 at port 0
2020-10-17 13:19:29,094 [Datanode State Machine Task Thread - 1] INFO  impl.RaftServerProxy (RaftServerProxy.java:lambda$start$3(307)) - 4d0387a1-338f-4391-a649-fbe8c650d8a6: start RPC server
2020-10-17 13:19:29,095 [Datanode State Machine Task Thread - 1] INFO  server.GrpcService (GrpcService.java:startImpl(177)) - 4d0387a1-338f-4391-a649-fbe8c650d8a6: GrpcService started, listening on 0.0.0.0/0.0.0.0:39961
2020-10-17 13:19:29,095 [Datanode State Machine Task Thread - 1] INFO  ratis.XceiverServerRatis (XceiverServerRatis.java:start(452)) - XceiverServerRatis 4d0387a1-338f-4391-a649-fbe8c650d8a6 is started using port 39961
2020-10-17 13:19:29,095 [Datanode State Machine Task Thread - 1] INFO  server.XceiverServerGrpc (XceiverServerGrpc.java:start(145)) - XceiverServerGrpc 4d0387a1-338f-4391-a649-fbe8c650d8a6 is started using port 39981
2020-10-17 13:19:29,284 [Datanode State Machine Task Thread - 1] INFO  ozoneimpl.OzoneContainer (OzoneContainer.java:start(245)) - Attempting to start container services.
2020-10-17 13:19:29,284 [Datanode State Machine Task Thread - 1] INFO  ozoneimpl.OzoneContainer (OzoneContainer.java:startContainerScrub(209)) - Background container scanner has been disabled.
2020-10-17 13:19:29,285 [Datanode State Machine Task Thread - 1] INFO  ratis.XceiverServerRatis (XceiverServerRatis.java:start(440)) - Starting XceiverServerRatis 9663c21e-f1e0-4b75-bb8d-ff806c3ee59e at port 0
2020-10-17 13:19:29,286 [Datanode State Machine Task Thread - 1] INFO  impl.RaftServerProxy (RaftServerProxy.java:lambda$start$3(307)) - 9663c21e-f1e0-4b75-bb8d-ff806c3ee59e: start RPC server
2020-10-17 13:19:29,286 [Datanode State Machine Task Thread - 1] INFO  server.GrpcService (GrpcService.java:startImpl(177)) - 9663c21e-f1e0-4b75-bb8d-ff806c3ee59e: GrpcService started, listening on 0.0.0.0/0.0.0.0:34357
2020-10-17 13:19:29,287 [Datanode State Machine Task Thread - 1] INFO  ratis.XceiverServerRatis (XceiverServerRatis.java:start(452)) - XceiverServerRatis 9663c21e-f1e0-4b75-bb8d-ff806c3ee59e is started using port 34357
2020-10-17 13:19:29,287 [Datanode State Machine Task Thread - 1] INFO  server.XceiverServerGrpc (XceiverServerGrpc.java:start(145)) - XceiverServerGrpc 9663c21e-f1e0-4b75-bb8d-ff806c3ee59e is started using port 42511
2020-10-17 13:19:29,508 [Datanode State Machine Task Thread - 1] INFO  ozoneimpl.OzoneContainer (OzoneContainer.java:start(245)) - Attempting to start container services.
2020-10-17 13:19:29,508 [Datanode State Machine Task Thread - 1] INFO  ozoneimpl.OzoneContainer (OzoneContainer.java:startContainerScrub(209)) - Background container scanner has been disabled.
2020-10-17 13:19:29,508 [Datanode State Machine Task Thread - 1] INFO  ratis.XceiverServerRatis (XceiverServerRatis.java:start(440)) - Starting XceiverServerRatis f316fc96-4c73-4899-90e3-c2d22b42fa63 at port 0
2020-10-17 13:19:29,509 [Datanode State Machine Task Thread - 1] INFO  impl.RaftServerProxy (RaftServerProxy.java:lambda$start$3(307)) - f316fc96-4c73-4899-90e3-c2d22b42fa63: start RPC server
2020-10-17 13:19:29,512 [Datanode State Machine Task Thread - 1] INFO  server.GrpcService (GrpcService.java:startImpl(177)) - f316fc96-4c73-4899-90e3-c2d22b42fa63: GrpcService started, listening on 0.0.0.0/0.0.0.0:33369
2020-10-17 13:19:29,512 [Datanode State Machine Task Thread - 1] INFO  ratis.XceiverServerRatis (XceiverServerRatis.java:start(452)) - XceiverServerRatis f316fc96-4c73-4899-90e3-c2d22b42fa63 is started using port 33369
2020-10-17 13:19:29,512 [Datanode State Machine Task Thread - 1] INFO  server.XceiverServerGrpc (XceiverServerGrpc.java:start(145)) - XceiverServerGrpc f316fc96-4c73-4899-90e3-c2d22b42fa63 is started using port 44205
2020-10-17 13:19:29,668 [Datanode State Machine Task Thread - 1] INFO  ozoneimpl.OzoneContainer (OzoneContainer.java:start(245)) - Attempting to start container services.
2020-10-17 13:19:29,668 [Datanode State Machine Task Thread - 1] INFO  ozoneimpl.OzoneContainer (OzoneContainer.java:startContainerScrub(209)) - Background container scanner has been disabled.
2020-10-17 13:19:29,669 [Datanode State Machine Task Thread - 1] INFO  ratis.XceiverServerRatis (XceiverServerRatis.java:start(440)) - Starting XceiverServerRatis 839b407c-c1de-4b31-afbc-625e07034f6b at port 0
2020-10-17 13:19:29,677 [Datanode State Machine Task Thread - 1] INFO  impl.RaftServerProxy (RaftServerProxy.java:lambda$start$3(307)) - 839b407c-c1de-4b31-afbc-625e07034f6b: start RPC server
2020-10-17 13:19:29,677 [Datanode State Machine Task Thread - 1] INFO  server.GrpcService (GrpcService.java:startImpl(177)) - 839b407c-c1de-4b31-afbc-625e07034f6b: GrpcService started, listening on 0.0.0.0/0.0.0.0:39563
2020-10-17 13:19:29,677 [Datanode State Machine Task Thread - 1] INFO  ratis.XceiverServerRatis (XceiverServerRatis.java:start(452)) - XceiverServerRatis 839b407c-c1de-4b31-afbc-625e07034f6b is started using port 39563
2020-10-17 13:19:29,678 [Datanode State Machine Task Thread - 1] INFO  server.XceiverServerGrpc (XceiverServerGrpc.java:start(145)) - XceiverServerGrpc 839b407c-c1de-4b31-afbc-625e07034f6b is started using port 33437
2020-10-17 13:19:29,840 [Datanode State Machine Task Thread - 1] INFO  ozoneimpl.OzoneContainer (OzoneContainer.java:start(245)) - Attempting to start container services.
2020-10-17 13:19:29,840 [Datanode State Machine Task Thread - 1] INFO  ozoneimpl.OzoneContainer (OzoneContainer.java:startContainerScrub(209)) - Background container scanner has been disabled.
2020-10-17 13:19:29,840 [Datanode State Machine Task Thread - 1] INFO  ratis.XceiverServerRatis (XceiverServerRatis.java:start(440)) - Starting XceiverServerRatis 37c4b172-996d-44d9-83fc-874aa9de1693 at port 0
2020-10-17 13:19:29,841 [Datanode State Machine Task Thread - 1] INFO  impl.RaftServerProxy (RaftServerProxy.java:lambda$start$3(307)) - 37c4b172-996d-44d9-83fc-874aa9de1693: start RPC server
2020-10-17 13:19:29,841 [Datanode State Machine Task Thread - 1] INFO  server.GrpcService (GrpcService.java:startImpl(177)) - 37c4b172-996d-44d9-83fc-874aa9de1693: GrpcService started, listening on 0.0.0.0/0.0.0.0:44187
2020-10-17 13:19:29,842 [Datanode State Machine Task Thread - 1] INFO  ratis.XceiverServerRatis (XceiverServerRatis.java:start(452)) - XceiverServerRatis 37c4b172-996d-44d9-83fc-874aa9de1693 is started using port 44187
2020-10-17 13:19:29,842 [Datanode State Machine Task Thread - 1] INFO  server.XceiverServerGrpc (XceiverServerGrpc.java:start(145)) - XceiverServerGrpc 37c4b172-996d-44d9-83fc-874aa9de1693 is started using port 39101
2020-10-17 13:19:30,018 [Listener at 127.0.0.1/44403] INFO  ozone.MiniOzoneClusterImpl (MiniOzoneClusterImpl.java:lambda$waitForClusterToBeReady$0(177)) - Waiting for nodes to be ready. Got 0 of 7 DN Heartbeats.
2020-10-17 13:19:30,018 [Listener at 127.0.0.1/44403] INFO  ozone.MiniOzoneClusterImpl (MiniOzoneClusterImpl.java:lambda$waitForClusterToBeReady$0(180)) - Waiting for cluster to exit safe mode
2020-10-17 13:19:30,027 [Datanode State Machine Task Thread - 1] INFO  ozoneimpl.OzoneContainer (OzoneContainer.java:start(245)) - Attempting to start container services.
2020-10-17 13:19:30,027 [Datanode State Machine Task Thread - 1] INFO  ozoneimpl.OzoneContainer (OzoneContainer.java:startContainerScrub(209)) - Background container scanner has been disabled.
2020-10-17 13:19:30,027 [Datanode State Machine Task Thread - 1] INFO  ratis.XceiverServerRatis (XceiverServerRatis.java:start(440)) - Starting XceiverServerRatis 84728469-0fd8-41c1-ac03-11393601ff88 at port 0
2020-10-17 13:19:30,028 [Datanode State Machine Task Thread - 1] INFO  impl.RaftServerProxy (RaftServerProxy.java:lambda$start$3(307)) - 84728469-0fd8-41c1-ac03-11393601ff88: start RPC server
2020-10-17 13:19:30,029 [Datanode State Machine Task Thread - 1] INFO  server.GrpcService (GrpcService.java:startImpl(177)) - 84728469-0fd8-41c1-ac03-11393601ff88: GrpcService started, listening on 0.0.0.0/0.0.0.0:37239
2020-10-17 13:19:30,029 [Datanode State Machine Task Thread - 1] INFO  ratis.XceiverServerRatis (XceiverServerRatis.java:start(452)) - XceiverServerRatis 84728469-0fd8-41c1-ac03-11393601ff88 is started using port 37239
2020-10-17 13:19:30,030 [Datanode State Machine Task Thread - 1] INFO  server.XceiverServerGrpc (XceiverServerGrpc.java:start(145)) - XceiverServerGrpc 84728469-0fd8-41c1-ac03-11393601ff88 is started using port 34093
2020-10-17 13:19:30,859 [IPC Server handler 3 on default port 45415] INFO  net.NetworkTopologyImpl (NetworkTopologyImpl.java:add(111)) - Added a new node: /default-rack/114e5e52-b703-412c-a818-7058292f97fd
2020-10-17 13:19:30,860 [IPC Server handler 3 on default port 45415] INFO  node.SCMNodeManager (SCMNodeManager.java:register(282)) - Registered Data node : 114e5e52-b703-412c-a818-7058292f97fd{ip: 172.17.0.2, host: cd5595e0f813, networkLocation: /default-rack, certSerialId: null}
2020-10-17 13:19:30,860 [RatisPipelineUtilsThread] INFO  pipeline.RatisPipelineProvider (RatisPipelineProvider.java:lambda$create$0(138)) - Sending CreatePipelineCommand for pipeline:PipelineID=4128c796-006e-4b1d-a9a8-5faa6f148298 to datanode:114e5e52-b703-412c-a818-7058292f97fd
2020-10-17 13:19:30,861 [RatisPipelineUtilsThread] INFO  pipeline.PipelineStateManager (PipelineStateManager.java:addPipeline(54)) - Created pipeline Pipeline[ Id: 4128c796-006e-4b1d-a9a8-5faa6f148298, Nodes: 114e5e52-b703-412c-a818-7058292f97fd{ip: 172.17.0.2, host: cd5595e0f813, networkLocation: /default-rack, certSerialId: null}, Type:RATIS, Factor:ONE, State:ALLOCATED, leaderId:, CreationTimestamp2020-10-17T13:19:30.860Z]
2020-10-17 13:19:30,862 [EventQueue-NodeRegistrationContainerReportForContainerSafeModeRule] INFO  safemode.SCMSafeModeManager (SCMSafeModeManager.java:validateSafeModeExitRules(214)) - ContainerSafeModeRule rule is successfully validated
2020-10-17 13:19:30,862 [EventQueue-NodeRegistrationContainerReportForDataNodeSafeModeRule] INFO  safemode.SCMSafeModeManager (DataNodeSafeModeRule.java:process(71)) - SCM in safe mode. 1 DataNodes registered, 1 required.
2020-10-17 13:19:30,865 [EventQueue-NodeRegistrationContainerReportForDataNodeSafeModeRule] INFO  safemode.SCMSafeModeManager (SCMSafeModeManager.java:validateSafeModeExitRules(214)) - DataNodeSafeModeRule rule is successfully validated
2020-10-17 13:19:30,865 [EventQueue-NodeRegistrationContainerReportForDataNodeSafeModeRule] INFO  safemode.SCMSafeModeManager (SCMSafeModeManager.java:completePreCheck(242)) - All SCM safe mode pre check rules have passed
2020-10-17 13:19:30,866 [RatisPipelineUtilsThread] WARN  pipeline.PipelinePlacementPolicy (PipelinePlacementPolicy.java:filterViableNodes(138)) - Pipeline creation failed due to no sufficient healthy datanodes. Required 3. Found 1.
2020-10-17 13:19:31,018 [Listener at 127.0.0.1/44403] INFO  ozone.MiniOzoneClusterImpl (MiniOzoneClusterImpl.java:lambda$waitForClusterToBeReady$0(177)) - Waiting for nodes to be ready. Got 1 of 7 DN Heartbeats.
2020-10-17 13:19:31,019 [Listener at 127.0.0.1/44403] INFO  ozone.MiniOzoneClusterImpl (MiniOzoneClusterImpl.java:lambda$waitForClusterToBeReady$0(180)) - Waiting for cluster to exit safe mode
2020-10-17 13:19:31,090 [IPC Server handler 4 on default port 45415] INFO  net.NetworkTopologyImpl (NetworkTopologyImpl.java:add(111)) - Added a new node: /default-rack/4d0387a1-338f-4391-a649-fbe8c650d8a6
2020-10-17 13:19:31,090 [IPC Server handler 4 on default port 45415] INFO  node.SCMNodeManager (SCMNodeManager.java:register(282)) - Registered Data node : 4d0387a1-338f-4391-a649-fbe8c650d8a6{ip: 172.17.0.2, host: cd5595e0f813, networkLocation: /default-rack, certSerialId: null}
2020-10-17 13:19:31,090 [EventQueue-NodeRegistrationContainerReportForDataNodeSafeModeRule] INFO  safemode.SCMSafeModeManager (SCMSafeModeManager.java:validateSafeModeExitRules(214)) - DataNodeSafeModeRule rule is successfully validated
2020-10-17 13:19:31,091 [EventQueue-NodeRegistrationContainerReportForContainerSafeModeRule] INFO  safemode.SCMSafeModeManager (SCMSafeModeManager.java:validateSafeModeExitRules(214)) - ContainerSafeModeRule rule is successfully validated
2020-10-17 13:19:31,091 [RatisPipelineUtilsThread] INFO  pipeline.RatisPipelineProvider (RatisPipelineProvider.java:lambda$create$0(138)) - Sending CreatePipelineCommand for pipeline:PipelineID=4aff36c2-3182-4f54-977c-62a0eebc7a0d to datanode:4d0387a1-338f-4391-a649-fbe8c650d8a6
2020-10-17 13:19:31,092 [RatisPipelineUtilsThread] INFO  pipeline.PipelineStateManager (PipelineStateManager.java:addPipeline(54)) - Created pipeline Pipeline[ Id: 4aff36c2-3182-4f54-977c-62a0eebc7a0d, Nodes: 4d0387a1-338f-4391-a649-fbe8c650d8a6{ip: 172.17.0.2, host: cd5595e0f813, networkLocation: /default-rack, certSerialId: null}, Type:RATIS, Factor:ONE, State:ALLOCATED, leaderId:, CreationTimestamp2020-10-17T13:19:31.091Z]
2020-10-17 13:19:31,092 [RatisPipelineUtilsThread] WARN  pipeline.PipelinePlacementPolicy (PipelinePlacementPolicy.java:filterViableNodes(138)) - Pipeline creation failed due to no sufficient healthy datanodes. Required 3. Found 2.
2020-10-17 13:19:31,284 [IPC Server handler 5 on default port 45415] INFO  net.NetworkTopologyImpl (NetworkTopologyImpl.java:add(111)) - Added a new node: /default-rack/9663c21e-f1e0-4b75-bb8d-ff806c3ee59e
2020-10-17 13:19:31,284 [IPC Server handler 5 on default port 45415] INFO  node.SCMNodeManager (SCMNodeManager.java:register(282)) - Registered Data node : 9663c21e-f1e0-4b75-bb8d-ff806c3ee59e{ip: 172.17.0.2, host: cd5595e0f813, networkLocation: /default-rack, certSerialId: null}
2020-10-17 13:19:31,285 [EventQueue-NodeRegistrationContainerReportForContainerSafeModeRule] INFO  safemode.SCMSafeModeManager (SCMSafeModeManager.java:validateSafeModeExitRules(214)) - ContainerSafeModeRule rule is successfully validated
2020-10-17 13:19:31,285 [EventQueue-NodeRegistrationContainerReportForDataNodeSafeModeRule] INFO  safemode.SCMSafeModeManager (SCMSafeModeManager.java:validateSafeModeExitRules(214)) - DataNodeSafeModeRule rule is successfully validated
2020-10-17 13:19:31,285 [RatisPipelineUtilsThread] INFO  pipeline.RatisPipelineProvider (RatisPipelineProvider.java:lambda$create$0(138)) - Sending CreatePipelineCommand for pipeline:PipelineID=af98ae6a-50b9-4280-8a27-938506ad8350 to datanode:9663c21e-f1e0-4b75-bb8d-ff806c3ee59e
2020-10-17 13:19:31,286 [RatisPipelineUtilsThread] INFO  pipeline.PipelineStateManager (PipelineStateManager.java:addPipeline(54)) - Created pipeline Pipeline[ Id: af98ae6a-50b9-4280-8a27-938506ad8350, Nodes: 9663c21e-f1e0-4b75-bb8d-ff806c3ee59e{ip: 172.17.0.2, host: cd5595e0f813, networkLocation: /default-rack, certSerialId: null}, Type:RATIS, Factor:ONE, State:ALLOCATED, leaderId:, CreationTimestamp2020-10-17T13:19:31.285Z]
2020-10-17 13:19:31,286 [RatisPipelineUtilsThread] INFO  pipeline.RatisPipelineProvider (RatisPipelineProvider.java:lambda$create$0(138)) - Sending CreatePipelineCommand for pipeline:PipelineID=0f2ca59a-2891-493e-ab0f-e59b6b815161 to datanode:114e5e52-b703-412c-a818-7058292f97fd
2020-10-17 13:19:31,286 [RatisPipelineUtilsThread] INFO  pipeline.RatisPipelineProvider (RatisPipelineProvider.java:lambda$create$0(138)) - Sending CreatePipelineCommand for pipeline:PipelineID=0f2ca59a-2891-493e-ab0f-e59b6b815161 to datanode:9663c21e-f1e0-4b75-bb8d-ff806c3ee59e
2020-10-17 13:19:31,286 [RatisPipelineUtilsThread] INFO  pipeline.RatisPipelineProvider (RatisPipelineProvider.java:lambda$create$0(138)) - Sending CreatePipelineCommand for pipeline:PipelineID=0f2ca59a-2891-493e-ab0f-e59b6b815161 to datanode:4d0387a1-338f-4391-a649-fbe8c650d8a6
2020-10-17 13:19:31,287 [RatisPipelineUtilsThread] INFO  pipeline.PipelineStateManager (PipelineStateManager.java:addPipeline(54)) - Created pipeline Pipeline[ Id: 0f2ca59a-2891-493e-ab0f-e59b6b815161, Nodes: 114e5e52-b703-412c-a818-7058292f97fd{ip: 172.17.0.2, host: cd5595e0f813, networkLocation: /default-rack, certSerialId: null}9663c21e-f1e0-4b75-bb8d-ff806c3ee59e{ip: 172.17.0.2, host: cd5595e0f813, networkLocation: /default-rack, certSerialId: null}4d0387a1-338f-4391-a649-fbe8c650d8a6{ip: 172.17.0.2, host: cd5595e0f813, networkLocation: /default-rack, certSerialId: null}, Type:RATIS, Factor:THREE, State:ALLOCATED, leaderId:, CreationTimestamp2020-10-17T13:19:31.286Z]
2020-10-17 13:19:31,506 [IPC Server handler 0 on default port 45415] INFO  net.NetworkTopologyImpl (NetworkTopologyImpl.java:add(111)) - Added a new node: /default-rack/f316fc96-4c73-4899-90e3-c2d22b42fa63
2020-10-17 13:19:31,506 [IPC Server handler 0 on default port 45415] INFO  node.SCMNodeManager (SCMNodeManager.java:register(282)) - Registered Data node : f316fc96-4c73-4899-90e3-c2d22b42fa63{ip: 172.17.0.2, host: cd5595e0f813, networkLocation: /default-rack, certSerialId: null}
2020-10-17 13:19:31,507 [EventQueue-NodeRegistrationContainerReportForContainerSafeModeRule] INFO  safemode.SCMSafeModeManager (SCMSafeModeManager.java:validateSafeModeExitRules(214)) - ContainerSafeModeRule rule is successfully validated
2020-10-17 13:19:31,508 [EventQueue-NodeRegistrationContainerReportForDataNodeSafeModeRule] INFO  safemode.SCMSafeModeManager (SCMSafeModeManager.java:validateSafeModeExitRules(214)) - DataNodeSafeModeRule rule is successfully validated
2020-10-17 13:19:31,508 [RatisPipelineUtilsThread] INFO  pipeline.RatisPipelineProvider (RatisPipelineProvider.java:lambda$create$0(138)) - Sending CreatePipelineCommand for pipeline:PipelineID=f01d5aa4-be52-47bc-926c-1062759253b8 to datanode:f316fc96-4c73-4899-90e3-c2d22b42fa63
2020-10-17 13:19:31,509 [RatisPipelineUtilsThread] INFO  pipeline.PipelineStateManager (PipelineStateManager.java:addPipeline(54)) - Created pipeline Pipeline[ Id: f01d5aa4-be52-47bc-926c-1062759253b8, Nodes: f316fc96-4c73-4899-90e3-c2d22b42fa63{ip: 172.17.0.2, host: cd5595e0f813, networkLocation: /default-rack, certSerialId: null}, Type:RATIS, Factor:ONE, State:ALLOCATED, leaderId:, CreationTimestamp2020-10-17T13:19:31.508Z]
2020-10-17 13:19:31,668 [IPC Server handler 2 on default port 45415] INFO  net.NetworkTopologyImpl (NetworkTopologyImpl.java:add(111)) - Added a new node: /default-rack/839b407c-c1de-4b31-afbc-625e07034f6b
2020-10-17 13:19:31,668 [IPC Server handler 2 on default port 45415] INFO  node.SCMNodeManager (SCMNodeManager.java:register(282)) - Registered Data node : 839b407c-c1de-4b31-afbc-625e07034f6b{ip: 172.17.0.2, host: cd5595e0f813, networkLocation: /default-rack, certSerialId: null}
2020-10-17 13:19:31,668 [EventQueue-NodeRegistrationContainerReportForContainerSafeModeRule] INFO  safemode.SCMSafeModeManager (SCMSafeModeManager.java:validateSafeModeExitRules(214)) - ContainerSafeModeRule rule is successfully validated
2020-10-17 13:19:31,669 [EventQueue-NodeRegistrationContainerReportForDataNodeSafeModeRule] INFO  safemode.SCMSafeModeManager (SCMSafeModeManager.java:validateSafeModeExitRules(214)) - DataNodeSafeModeRule rule is successfully validated
2020-10-17 13:19:31,669 [RatisPipelineUtilsThread] INFO  pipeline.RatisPipelineProvider (RatisPipelineProvider.java:lambda$create$0(138)) - Sending CreatePipelineCommand for pipeline:PipelineID=b134bc6e-4347-4a4c-87bc-dc1924c565db to datanode:839b407c-c1de-4b31-afbc-625e07034f6b
2020-10-17 13:19:31,670 [RatisPipelineUtilsThread] INFO  pipeline.PipelineStateManager (PipelineStateManager.java:addPipeline(54)) - Created pipeline Pipeline[ Id: b134bc6e-4347-4a4c-87bc-dc1924c565db, Nodes: 839b407c-c1de-4b31-afbc-625e07034f6b{ip: 172.17.0.2, host: cd5595e0f813, networkLocation: /default-rack, certSerialId: null}, Type:RATIS, Factor:ONE, State:ALLOCATED, leaderId:, CreationTimestamp2020-10-17T13:19:31.669Z]
2020-10-17 13:19:31,837 [IPC Server handler 3 on default port 45415] INFO  net.NetworkTopologyImpl (NetworkTopologyImpl.java:add(111)) - Added a new node: /default-rack/37c4b172-996d-44d9-83fc-874aa9de1693
2020-10-17 13:19:31,837 [IPC Server handler 3 on default port 45415] INFO  node.SCMNodeManager (SCMNodeManager.java:register(282)) - Registered Data node : 37c4b172-996d-44d9-83fc-874aa9de1693{ip: 172.17.0.2, host: cd5595e0f813, networkLocation: /default-rack, certSerialId: null}
2020-10-17 13:19:31,838 [EventQueue-NodeRegistrationContainerReportForDataNodeSafeModeRule] INFO  safemode.SCMSafeModeManager (SCMSafeModeManager.java:validateSafeModeExitRules(214)) - DataNodeSafeModeRule rule is successfully validated
2020-10-17 13:19:31,838 [EventQueue-NodeRegistrationContainerReportForContainerSafeModeRule] INFO  safemode.SCMSafeModeManager (SCMSafeModeManager.java:validateSafeModeExitRules(214)) - ContainerSafeModeRule rule is successfully validated
2020-10-17 13:19:31,838 [RatisPipelineUtilsThread] INFO  pipeline.RatisPipelineProvider (RatisPipelineProvider.java:lambda$create$0(138)) - Sending CreatePipelineCommand for pipeline:PipelineID=93b23e16-3bc2-4d35-a8c2-b9fa40716987 to datanode:37c4b172-996d-44d9-83fc-874aa9de1693
2020-10-17 13:19:31,838 [RatisPipelineUtilsThread] INFO  pipeline.PipelineStateManager (PipelineStateManager.java:addPipeline(54)) - Created pipeline Pipeline[ Id: 93b23e16-3bc2-4d35-a8c2-b9fa40716987, Nodes: 37c4b172-996d-44d9-83fc-874aa9de1693{ip: 172.17.0.2, host: cd5595e0f813, networkLocation: /default-rack, certSerialId: null}, Type:RATIS, Factor:ONE, State:ALLOCATED, leaderId:, CreationTimestamp2020-10-17T13:19:31.838Z]
2020-10-17 13:19:31,839 [RatisPipelineUtilsThread] INFO  pipeline.RatisPipelineProvider (RatisPipelineProvider.java:lambda$create$0(138)) - Sending CreatePipelineCommand for pipeline:PipelineID=8c8bfcf8-5246-4156-a6f3-3dca05227e39 to datanode:839b407c-c1de-4b31-afbc-625e07034f6b
2020-10-17 13:19:31,839 [RatisPipelineUtilsThread] INFO  pipeline.RatisPipelineProvider (RatisPipelineProvider.java:lambda$create$0(138)) - Sending CreatePipelineCommand for pipeline:PipelineID=8c8bfcf8-5246-4156-a6f3-3dca05227e39 to datanode:37c4b172-996d-44d9-83fc-874aa9de1693
2020-10-17 13:19:31,839 [RatisPipelineUtilsThread] INFO  pipeline.RatisPipelineProvider (RatisPipelineProvider.java:lambda$create$0(138)) - Sending CreatePipelineCommand for pipeline:PipelineID=8c8bfcf8-5246-4156-a6f3-3dca05227e39 to datanode:f316fc96-4c73-4899-90e3-c2d22b42fa63
2020-10-17 13:19:31,839 [RatisPipelineUtilsThread] INFO  pipeline.PipelineStateManager (PipelineStateManager.java:addPipeline(54)) - Created pipeline Pipeline[ Id: 8c8bfcf8-5246-4156-a6f3-3dca05227e39, Nodes: 839b407c-c1de-4b31-afbc-625e07034f6b{ip: 172.17.0.2, host: cd5595e0f813, networkLocation: /default-rack, certSerialId: null}37c4b172-996d-44d9-83fc-874aa9de1693{ip: 172.17.0.2, host: cd5595e0f813, networkLocation: /default-rack, certSerialId: null}f316fc96-4c73-4899-90e3-c2d22b42fa63{ip: 172.17.0.2, host: cd5595e0f813, networkLocation: /default-rack, certSerialId: null}, Type:RATIS, Factor:THREE, State:ALLOCATED, leaderId:, CreationTimestamp2020-10-17T13:19:31.839Z]
2020-10-17 13:19:32,019 [Listener at 127.0.0.1/44403] INFO  ozone.MiniOzoneClusterImpl (MiniOzoneClusterImpl.java:lambda$waitForClusterToBeReady$0(177)) - Waiting for nodes to be ready. Got 6 of 7 DN Heartbeats.
2020-10-17 13:19:32,019 [Listener at 127.0.0.1/44403] INFO  ozone.MiniOzoneClusterImpl (MiniOzoneClusterImpl.java:lambda$waitForClusterToBeReady$0(180)) - Waiting for cluster to exit safe mode
2020-10-17 13:19:32,027 [IPC Server handler 4 on default port 45415] INFO  net.NetworkTopologyImpl (NetworkTopologyImpl.java:add(111)) - Added a new node: /default-rack/84728469-0fd8-41c1-ac03-11393601ff88
2020-10-17 13:19:32,028 [IPC Server handler 4 on default port 45415] INFO  node.SCMNodeManager (SCMNodeManager.java:register(282)) - Registered Data node : 84728469-0fd8-41c1-ac03-11393601ff88{ip: 172.17.0.2, host: cd5595e0f813, networkLocation: /default-rack, certSerialId: null}
2020-10-17 13:19:32,028 [EventQueue-NodeRegistrationContainerReportForDataNodeSafeModeRule] INFO  safemode.SCMSafeModeManager (SCMSafeModeManager.java:validateSafeModeExitRules(214)) - DataNodeSafeModeRule rule is successfully validated
2020-10-17 13:19:32,028 [EventQueue-NodeRegistrationContainerReportForContainerSafeModeRule] INFO  safemode.SCMSafeModeManager (SCMSafeModeManager.java:validateSafeModeExitRules(214)) - ContainerSafeModeRule rule is successfully validated
2020-10-17 13:19:32,029 [RatisPipelineUtilsThread] INFO  pipeline.RatisPipelineProvider (RatisPipelineProvider.java:lambda$create$0(138)) - Sending CreatePipelineCommand for pipeline:PipelineID=400aa601-6397-431f-826f-4f0c448076af to datanode:84728469-0fd8-41c1-ac03-11393601ff88
2020-10-17 13:19:32,029 [RatisPipelineUtilsThread] INFO  pipeline.PipelineStateManager (PipelineStateManager.java:addPipeline(54)) - Created pipeline Pipeline[ Id: 400aa601-6397-431f-826f-4f0c448076af, Nodes: 84728469-0fd8-41c1-ac03-11393601ff88{ip: 172.17.0.2, host: cd5595e0f813, networkLocation: /default-rack, certSerialId: null}, Type:RATIS, Factor:ONE, State:ALLOCATED, leaderId:, CreationTimestamp2020-10-17T13:19:32.029Z]
2020-10-17 13:19:33,019 [Listener at 127.0.0.1/44403] INFO  ozone.MiniOzoneClusterImpl (MiniOzoneClusterImpl.java:lambda$waitForClusterToBeReady$0(177)) - Nodes are ready. Got 7 of 7 DN Heartbeats.
2020-10-17 13:19:33,020 [Listener at 127.0.0.1/44403] INFO  ozone.MiniOzoneClusterImpl (MiniOzoneClusterImpl.java:lambda$waitForClusterToBeReady$0(180)) - Waiting for cluster to exit safe mode
2020-10-17 13:19:33,861 [Command processor thread] INFO  impl.RaftServerProxy (RaftServerProxy.java:addNew(92)) - 114e5e52-b703-412c-a818-7058292f97fd: addNew group-5FAA6F148298:[114e5e52-b703-412c-a818-7058292f97fd:172.17.0.2:42967:0] returns group-5FAA6F148298:java.util.concurrent.CompletableFuture@4b0a4195[Not completed]
2020-10-17 13:19:33,865 [pool-168-thread-1] INFO  impl.RaftServerImpl (RaftServerImpl.java:<init>(120)) - 114e5e52-b703-412c-a818-7058292f97fd: new RaftServerImpl for group-5FAA6F148298:[114e5e52-b703-412c-a818-7058292f97fd:172.17.0.2:42967:0] with ContainerStateMachine:uninitialized
2020-10-17 13:19:33,867 [pool-168-thread-1] INFO  server.RaftServerConfigKeys (ConfUtils.java:logGet(44)) - raft.server.rpc.timeout.min = 5s (custom)
2020-10-17 13:19:33,868 [pool-168-thread-1] INFO  server.RaftServerConfigKeys (ConfUtils.java:logGet(44)) - raft.server.rpc.timeout.max = 5200ms (custom)
2020-10-17 13:19:33,868 [pool-168-thread-1] INFO  server.RaftServerConfigKeys (ConfUtils.java:logGet(44)) - raft.server.rpcslowness.timeout = 300s (custom)
2020-10-17 13:19:33,868 [pool-168-thread-1] INFO  server.RaftServerConfigKeys (ConfUtils.java:logGet(44)) - raft.server.sleep.deviation.threshold = 300 (default)
2020-10-17 13:19:33,868 [pool-168-thread-1] INFO  server.RaftServerConfigKeys (ConfUtils.java:logGet(44)) - raft.server.log.appender.install.snapshot.enabled = false (custom)
2020-10-17 13:19:33,868 [pool-168-thread-1] INFO  impl.RaftServerImpl (ServerState.java:<init>(104)) - 114e5e52-b703-412c-a818-7058292f97fd@group-5FAA6F148298: ConfigurationManager, init=-1: [114e5e52-b703-412c-a818-7058292f97fd:172.17.0.2:42967:0], old=null, confs=<EMPTY_MAP>
2020-10-17 13:19:33,868 [pool-168-thread-1] INFO  server.RaftServerConfigKeys (ConfUtils.java:logGet(44)) - raft.server.storage.dir = [/github/workspace/mnt/ozone/hadoop-ozone/integration-test/target/test-dir/MiniOzoneClusterImpl-1fb37825-3c8e-4fc8-8488-3a2a4659ec2d/datanode-0/data/ratis] (custom)
2020-10-17 13:19:33,868 [pool-168-thread-1] INFO  server.RaftServerConfigKeys (ConfUtils.java:logGet(44)) - raft.server.log.corruption.policy = EXCEPTION (default)
2020-10-17 13:19:33,869 [pool-168-thread-1] INFO  storage.RaftStorageDirectory (RaftStorageDirectory.java:analyzeStorage(261)) - The storage directory /github/workspace/mnt/ozone/hadoop-ozone/integration-test/target/test-dir/MiniOzoneClusterImpl-1fb37825-3c8e-4fc8-8488-3a2a4659ec2d/datanode-0/data/ratis/4128c796-006e-4b1d-a9a8-5faa6f148298 does not exist. Creating ...
2020-10-17 13:19:33,870 [pool-168-thread-1] INFO  storage.RaftStorageDirectory (RaftStorageDirectory.java:tryLock(343)) - Lock on /github/workspace/mnt/ozone/hadoop-ozone/integration-test/target/test-dir/MiniOzoneClusterImpl-1fb37825-3c8e-4fc8-8488-3a2a4659ec2d/datanode-0/data/ratis/4128c796-006e-4b1d-a9a8-5faa6f148298/in_use.lock acquired by nodename 29839@cd5595e0f813
2020-10-17 13:19:33,872 [pool-168-thread-1] INFO  storage.RaftStorage (RaftStorage.java:format(84)) - Storage directory /github/workspace/mnt/ozone/hadoop-ozone/integration-test/target/test-dir/MiniOzoneClusterImpl-1fb37825-3c8e-4fc8-8488-3a2a4659ec2d/datanode-0/data/ratis/4128c796-006e-4b1d-a9a8-5faa6f148298 has been successfully formatted.
2020-10-17 13:19:33,872 [pool-168-thread-1] INFO  ratis.ContainerStateMachine (ContainerStateMachine.java:loadSnapshot(225)) - group-5FAA6F148298: The snapshot info is null. Setting the last applied indexto:(t:0, i:~)
2020-10-17 13:19:33,873 [pool-168-thread-1] INFO  server.RaftServerConfigKeys (ConfUtils.java:logGet(44)) - raft.server.notification.no-leader.timeout = 300s (custom)
2020-10-17 13:19:33,873 [pool-168-thread-1] INFO  server.RaftServerConfigKeys (ConfUtils.java:logGet(44)) - raft.server.log.use.memory = false (default)
2020-10-17 13:19:33,873 [pool-168-thread-1] INFO  server.RaftServerConfigKeys (ConfUtils.java:logGet(44)) - raft.server.log.purge.gap = 1000000 (custom)
2020-10-17 13:19:33,873 [pool-168-thread-1] INFO  metrics.RatisMetrics (RatisMetrics.java:lambda$create$0(36)) - Creating Metrics Registry : ratis.log_worker.114e5e52-b703-412c-a818-7058292f97fd@group-5FAA6F148298
2020-10-17 13:19:33,873 [EventQueue-PipelineReportForPipelineReportHandler] INFO  pipeline.PipelineStateManager (PipelineStateManager.java:openPipeline(131)) - Pipeline Pipeline[ Id: 4128c796-006e-4b1d-a9a8-5faa6f148298, Nodes: 114e5e52-b703-412c-a818-7058292f97fd{ip: 172.17.0.2, host: cd5595e0f813, networkLocation: /default-rack, certSerialId: null}, Type:RATIS, Factor:ONE, State:ALLOCATED, leaderId:114e5e52-b703-412c-a818-7058292f97fd, CreationTimestamp2020-10-17T13:19:30.860Z] moved to OPEN state
2020-10-17 13:19:33,873 [pool-168-thread-1] INFO  server.RaftServerConfigKeys (ConfUtils.java:logGet(44)) - raft.server.log.appender.buffer.byte-limit = 33554432 (custom)
2020-10-17 13:19:33,873 [pool-168-thread-1] INFO  server.RaftServerConfigKeys (ConfUtils.java:logGet(44)) - raft.server.log.segment.size.max = 1048576 (custom)
2020-10-17 13:19:33,874 [EventQueue-OpenPipelineForOneReplicaPipelineSafeModeRule] INFO  safemode.SCMSafeModeManager (SCMSafeModeManager.java:validateSafeModeExitRules(214)) - AtleastOneDatanodeReportedRule rule is successfully validated
2020-10-17 13:19:33,875 [pool-168-thread-1] INFO  server.RaftServerConfigKeys (ConfUtils.java:logGet(44)) - raft.server.log.segment.cache.num.max = 2 (custom)
2020-10-17 13:19:33,875 [pool-168-thread-1] INFO  segmented.SegmentedRaftLogWorker (SegmentedRaftLogWorker.java:<init>(180)) - new 114e5e52-b703-412c-a818-7058292f97fd@group-5FAA6F148298-SegmentedRaftLogWorker for RaftStorage:Storage Directory /github/workspace/mnt/ozone/hadoop-ozone/integration-test/target/test-dir/MiniOzoneClusterImpl-1fb37825-3c8e-4fc8-8488-3a2a4659ec2d/datanode-0/data/ratis/4128c796-006e-4b1d-a9a8-5faa6f148298
2020-10-17 13:19:33,875 [pool-168-thread-1] INFO  server.RaftServerConfigKeys (ConfUtils.java:logGet(44)) - raft.server.log.queue.byte-limit = 2147483647 (custom)
2020-10-17 13:19:33,875 [pool-168-thread-1] INFO  server.RaftServerConfigKeys (ConfUtils.java:logGet(44)) - raft.server.log.queue.element-limit = 1024 (custom)
2020-10-17 13:19:33,875 [pool-168-thread-1] INFO  server.RaftServerConfigKeys (ConfUtils.java:logGet(44)) - raft.server.log.segment.size.max = 1048576 (custom)
2020-10-17 13:19:33,875 [pool-168-thread-1] INFO  server.RaftServerConfigKeys (ConfUtils.java:logGet(44)) - raft.server.log.preallocated.size = 16384 (custom)
2020-10-17 13:19:33,875 [pool-168-thread-1] INFO  server.RaftServerConfigKeys (ConfUtils.java:logGet(44)) - raft.server.log.write.buffer.size = 1048576 (custom)
2020-10-17 13:19:33,875 [pool-168-thread-1] INFO  server.RaftServerConfigKeys (ConfUtils.java:logGet(44)) - raft.server.log.force.sync.num = 128 (default)
2020-10-17 13:19:33,875 [pool-168-thread-1] INFO  server.RaftServerConfigKeys (ConfUtils.java:logGet(44)) - raft.server.log.statemachine.data.sync = true (default)
2020-10-17 13:19:33,875 [pool-168-thread-1] INFO  server.RaftServerConfigKeys (ConfUtils.java:logGet(44)) - raft.server.log.statemachine.data.sync.timeout = 10s (default)
2020-10-17 13:19:33,875 [pool-168-thread-1] INFO  server.RaftServerConfigKeys (ConfUtils.java:logGet(44)) - raft.server.log.statemachine.data.sync.timeout.retry = -1 (default)
2020-10-17 13:19:33,877 [pool-168-thread-1] INFO  server.RaftServerConfigKeys (ConfUtils.java:logGet(44)) - raft.server.log.statemachine.data.caching.enabled = true (custom)
2020-10-17 13:19:33,878 [pool-168-thread-1] INFO  segmented.SegmentedRaftLogWorker (SegmentedRaftLogWorker.java:lambda$new$0(129)) - 114e5e52-b703-412c-a818-7058292f97fd@group-5FAA6F148298-SegmentedRaftLogWorker: flushIndex: setUnconditionally 0 -> -1
2020-10-17 13:19:33,878 [pool-168-thread-1] INFO  segmented.SegmentedRaftLogWorker (SegmentedRaftLogWorker.java:lambda$new$0(129)) - 114e5e52-b703-412c-a818-7058292f97fd@group-5FAA6F148298-SegmentedRaftLogWorker: safeCacheEvictIndex: setUnconditionally 0 -> -1
2020-10-17 13:19:33,878 [EventQueue-OpenPipelineForHealthyPipelineSafeModeRule] INFO  safemode.SCMSafeModeManager (HealthyPipelineSafeModeRule.java:process(129)) - SCM in safe mode. Healthy pipelines reported count is 0, required healthy pipeline reported count is 1
2020-10-17 13:19:33,881 [pool-168-thread-1] INFO  server.RaftServerConfigKeys (ConfUtils.java:logGet(44)) - raft.server.snapshot.auto.trigger.enabled = true (custom)
2020-10-17 13:19:33,881 [pool-168-thread-1] INFO  server.RaftServerConfigKeys (ConfUtils.java:logGet(44)) - raft.server.snapshot.auto.trigger.threshold = 10000 (custom)
2020-10-17 13:19:33,881 [pool-168-thread-1] INFO  server.RaftServerConfigKeys (ConfUtils.java:logGet(44)) - raft.server.snapshot.retention.file.num = 5 (custom)
2020-10-17 13:19:33,881 [pool-168-thread-1] INFO  server.RaftServerConfigKeys (ConfUtils.java:logGet(44)) - raft.server.log.purge.upto.snapshot.index = false (default)
2020-10-17 13:19:33,881 [pool-168-thread-1] INFO  server.RaftServerConfigKeys (ConfUtils.java:logGet(44)) - raft.server.retrycache.expirytime = 600000ms (custom)
2020-10-17 13:19:33,881 [pool-168-thread-1] INFO  metrics.RatisMetrics (RatisMetrics.java:lambda$create$0(36)) - Creating Metrics Registry : ratis.leader_election.114e5e52-b703-412c-a818-7058292f97fd@group-5FAA6F148298
2020-10-17 13:19:33,882 [pool-168-thread-1] INFO  metrics.RatisMetrics (RatisMetrics.java:lambda$create$0(36)) - Creating Metrics Registry : ratis.server.114e5e52-b703-412c-a818-7058292f97fd@group-5FAA6F148298
2020-10-17 13:19:33,883 [pool-168-thread-1] INFO  impl.RaftServerImpl (RaftServerImpl.java:start(209)) - 114e5e52-b703-412c-a818-7058292f97fd@group-5FAA6F148298: start as a follower, conf=-1: [114e5e52-b703-412c-a818-7058292f97fd:172.17.0.2:42967:0], old=null
2020-10-17 13:19:33,883 [pool-168-thread-1] INFO  impl.RaftServerImpl (RaftServerImpl.java:setRole(198)) - 114e5e52-b703-412c-a818-7058292f97fd@group-5FAA6F148298: changes role from      null to FOLLOWER at term 0 for startAsFollower
2020-10-17 13:19:33,884 [pool-168-thread-1] INFO  impl.RoleInfo (RoleInfo.java:updateAndGet(143)) - 114e5e52-b703-412c-a818-7058292f97fd: start FollowerState
2020-10-17 13:19:33,892 [pool-168-thread-1] INFO  util.JmxRegister (JmxRegister.java:tryRegister(44)) - Successfully registered JMX Bean with object name Ratis:service=RaftServer,group=group-5FAA6F148298,id=114e5e52-b703-412c-a818-7058292f97fd
2020-10-17 13:19:33,892 [pool-168-thread-1] INFO  metrics.RatisMetrics (RatisMetrics.java:lambda$create$0(36)) - Creating Metrics Registry : ratis.state_machine.114e5e52-b703-412c-a818-7058292f97fd@group-5FAA6F148298
2020-10-17 13:19:33,894 [Command processor thread] INFO  commandhandler.CreatePipelineCommandHandler (CreatePipelineCommandHandler.java:handle(110)) - Created Pipeline RATIS ONE #id: "4128c796-006e-4b1d-a9a8-5faa6f148298"
uuid128 {
  mostSigBits: 4695222058599992093
  leastSigBits: -6221617699599646056
}
.
2020-10-17 13:19:33,894 [Command processor thread] INFO  impl.RaftServerProxy (RaftServerProxy.java:addNew(92)) - 114e5e52-b703-412c-a818-7058292f97fd: addNew group-E59B6B815161:[9663c21e-f1e0-4b75-bb8d-ff806c3ee59e:172.17.0.2:34357:0, 114e5e52-b703-412c-a818-7058292f97fd:172.17.0.2:42967:0, 4d0387a1-338f-4391-a649-fbe8c650d8a6:172.17.0.2:39961:0] returns group-E59B6B815161:java.util.concurrent.CompletableFuture@4f35dc2c[Not completed]
2020-10-17 13:19:33,895 [pool-168-thread-1] INFO  impl.RaftServerImpl (RaftServerImpl.java:<init>(120)) - 114e5e52-b703-412c-a818-7058292f97fd: new RaftServerImpl for group-E59B6B815161:[9663c21e-f1e0-4b75-bb8d-ff806c3ee59e:172.17.0.2:34357:0, 114e5e52-b703-412c-a818-7058292f97fd:172.17.0.2:42967:0, 4d0387a1-338f-4391-a649-fbe8c650d8a6:172.17.0.2:39961:0] with ContainerStateMachine:uninitialized
2020-10-17 13:19:33,895 [pool-168-thread-1] INFO  server.RaftServerConfigKeys (ConfUtils.java:logGet(44)) - raft.server.rpc.timeout.min = 5s (custom)
2020-10-17 13:19:33,895 [pool-168-thread-1] INFO  server.RaftServerConfigKeys (ConfUtils.java:logGet(44)) - raft.server.rpc.timeout.max = 5200ms (custom)
2020-10-17 13:19:33,895 [pool-168-thread-1] INFO  server.RaftServerConfigKeys (ConfUtils.java:logGet(44)) - raft.server.rpcslowness.timeout = 300s (custom)
2020-10-17 13:19:33,895 [pool-168-thread-1] INFO  server.RaftServerConfigKeys (ConfUtils.java:logGet(44)) - raft.server.sleep.deviation.threshold = 300 (default)
2020-10-17 13:19:33,895 [pool-168-thread-1] INFO  server.RaftServerConfigKeys (ConfUtils.java:logGet(44)) - raft.server.log.appender.install.snapshot.enabled = false (custom)
2020-10-17 13:19:33,895 [pool-168-thread-1] INFO  impl.RaftServerImpl (ServerState.java:<init>(104)) - 114e5e52-b703-412c-a818-7058292f97fd@group-E59B6B815161: ConfigurationManager, init=-1: [9663c21e-f1e0-4b75-bb8d-ff806c3ee59e:172.17.0.2:34357:0, 114e5e52-b703-412c-a818-7058292f97fd:172.17.0.2:42967:0, 4d0387a1-338f-4391-a649-fbe8c650d8a6:172.17.0.2:39961:0], old=null, confs=<EMPTY_MAP>
2020-10-17 13:19:33,895 [pool-168-thread-1] INFO  server.RaftServerConfigKeys (ConfUtils.java:logGet(44)) - raft.server.storage.dir = [/github/workspace/mnt/ozone/hadoop-ozone/integration-test/target/test-dir/MiniOzoneClusterImpl-1fb37825-3c8e-4fc8-8488-3a2a4659ec2d/datanode-0/data/ratis] (custom)
2020-10-17 13:19:33,896 [pool-168-thread-1] INFO  server.RaftServerConfigKeys (ConfUtils.java:logGet(44)) - raft.server.log.corruption.policy = EXCEPTION (default)
2020-10-17 13:19:33,896 [pool-168-thread-1] INFO  storage.RaftStorageDirectory (RaftStorageDirectory.java:analyzeStorage(261)) - The storage directory /github/workspace/mnt/ozone/hadoop-ozone/integration-test/target/test-dir/MiniOzoneClusterImpl-1fb37825-3c8e-4fc8-8488-3a2a4659ec2d/datanode-0/data/ratis/0f2ca59a-2891-493e-ab0f-e59b6b815161 does not exist. Creating ...
2020-10-17 13:19:33,897 [pool-168-thread-1] INFO  storage.RaftStorageDirectory (RaftStorageDirectory.java:tryLock(343)) - Lock on /github/workspace/mnt/ozone/hadoop-ozone/integration-test/target/test-dir/MiniOzoneClusterImpl-1fb37825-3c8e-4fc8-8488-3a2a4659ec2d/datanode-0/data/ratis/0f2ca59a-2891-493e-ab0f-e59b6b815161/in_use.lock acquired by nodename 29839@cd5595e0f813
2020-10-17 13:19:33,899 [pool-168-thread-1] INFO  storage.RaftStorage (RaftStorage.java:format(84)) - Storage directory /github/workspace/mnt/ozone/hadoop-ozone/integration-test/target/test-dir/MiniOzoneClusterImpl-1fb37825-3c8e-4fc8-8488-3a2a4659ec2d/datanode-0/data/ratis/0f2ca59a-2891-493e-ab0f-e59b6b815161 has been successfully formatted.
2020-10-17 13:19:33,900 [pool-168-thread-1] INFO  ratis.ContainerStateMachine (ContainerStateMachine.java:loadSnapshot(225)) - group-E59B6B815161: The snapshot info is null. Setting the last applied indexto:(t:0, i:~)
2020-10-17 13:19:33,900 [pool-168-thread-1] INFO  server.RaftServerConfigKeys (ConfUtils.java:logGet(44)) - raft.server.notification.no-leader.timeout = 300s (custom)
2020-10-17 13:19:33,900 [pool-168-thread-1] INFO  server.RaftServerConfigKeys (ConfUtils.java:logGet(44)) - raft.server.log.use.memory = false (default)
2020-10-17 13:19:33,900 [pool-168-thread-1] INFO  server.RaftServerConfigKeys (ConfUtils.java:logGet(44)) - raft.server.log.purge.gap = 1000000 (custom)
2020-10-17 13:19:33,900 [pool-168-thread-1] INFO  metrics.RatisMetrics (RatisMetrics.java:lambda$create$0(36)) - Creating Metrics Registry : ratis.log_worker.114e5e52-b703-412c-a818-7058292f97fd@group-E59B6B815161
2020-10-17 13:19:33,900 [pool-168-thread-1] INFO  server.RaftServerConfigKeys (ConfUtils.java:logGet(44)) - raft.server.log.appender.buffer.byte-limit = 33554432 (custom)
2020-10-17 13:19:33,900 [pool-168-thread-1] INFO  server.RaftServerConfigKeys (ConfUtils.java:logGet(44)) - raft.server.log.segment.size.max = 1048576 (custom)
2020-10-17 13:19:33,901 [pool-168-thread-1] INFO  server.RaftServerConfigKeys (ConfUtils.java:logGet(44)) - raft.server.log.segment.cache.num.max = 2 (custom)
2020-10-17 13:19:33,901 [pool-168-thread-1] INFO  segmented.SegmentedRaftLogWorker (SegmentedRaftLogWorker.java:<init>(180)) - new 114e5e52-b703-412c-a818-7058292f97fd@group-E59B6B815161-SegmentedRaftLogWorker for RaftStorage:Storage Directory /github/workspace/mnt/ozone/hadoop-ozone/integration-test/target/test-dir/MiniOzoneClusterImpl-1fb37825-3c8e-4fc8-8488-3a2a4659ec2d/datanode-0/data/ratis/0f2ca59a-2891-493e-ab0f-e59b6b815161
2020-10-17 13:19:33,901 [pool-168-thread-1] INFO  server.RaftServerConfigKeys (ConfUtils.java:logGet(44)) - raft.server.log.queue.byte-limit = 2147483647 (custom)
2020-10-17 13:19:33,901 [pool-168-thread-1] INFO  server.RaftServerConfigKeys (ConfUtils.java:logGet(44)) - raft.server.log.queue.element-limit = 1024 (custom)
2020-10-17 13:19:33,901 [pool-168-thread-1] INFO  server.RaftServerConfigKeys (ConfUtils.java:logGet(44)) - raft.server.log.segment.size.max = 1048576 (custom)
2020-10-17 13:19:33,901 [pool-168-thread-1] INFO  server.RaftServerConfigKeys (ConfUtils.java:logGet(44)) - raft.server.log.preallocated.size = 16384 (custom)
2020-10-17 13:19:33,902 [pool-168-thread-1] INFO  server.RaftServerConfigKeys (ConfUtils.java:logGet(44)) - raft.server.log.write.buffer.size = 1048576 (custom)
2020-10-17 13:19:33,902 [pool-168-thread-1] INFO  server.RaftServerConfigKeys (ConfUtils.java:logGet(44)) - raft.server.log.force.sync.num = 128 (default)
2020-10-17 13:19:33,902 [pool-168-thread-1] INFO  server.RaftServerConfigKeys (ConfUtils.java:logGet(44)) - raft.server.log.statemachine.data.sync = true (default)
2020-10-17 13:19:33,902 [pool-168-thread-1] INFO  server.RaftServerConfigKeys (ConfUtils.java:logGet(44)) - raft.server.log.statemachine.data.sync.timeout = 10s (default)
2020-10-17 13:19:33,902 [pool-168-thread-1] INFO  server.RaftServerConfigKeys (ConfUtils.java:logGet(44)) - raft.server.log.statemachine.data.sync.timeout.retry = -1 (default)
2020-10-17 13:19:33,904 [pool-168-thread-1] INFO  server.RaftServerConfigKeys (ConfUtils.java:logGet(44)) - raft.server.log.statemachine.data.caching.enabled = true (custom)
2020-10-17 13:19:33,904 [pool-168-thread-1] INFO  segmented.SegmentedRaftLogWorker (SegmentedRaftLogWorker.java:lambda$new$0(129)) - 114e5e52-b703-412c-a818-7058292f97fd@group-E59B6B815161-SegmentedRaftLogWorker: flushIndex: setUnconditionally 0 -> -1
2020-10-17 13:19:33,904 [pool-168-thread-1] INFO  segmented.SegmentedRaftLogWorker (SegmentedRaftLogWorker.java:lambda$new$0(129)) - 114e5e52-b703-412c-a818-7058292f97fd@group-E59B6B815161-SegmentedRaftLogWorker: safeCacheEvictIndex: setUnconditionally 0 -> -1
2020-10-17 13:19:33,909 [pool-168-thread-1] INFO  server.RaftServerConfigKeys (ConfUtils.java:logGet(44)) - raft.server.snapshot.auto.trigger.enabled = true (custom)
2020-10-17 13:19:33,909 [pool-168-thread-1] INFO  server.RaftServerConfigKeys (ConfUtils.java:logGet(44)) - raft.server.snapshot.auto.trigger.threshold = 10000 (custom)
2020-10-17 13:19:33,909 [pool-168-thread-1] INFO  server.RaftServerConfigKeys (ConfUtils.java:logGet(44)) - raft.server.snapshot.retention.file.num = 5 (custom)
2020-10-17 13:19:33,909 [pool-168-thread-1] INFO  server.RaftServerConfigKeys (ConfUtils.java:logGet(44)) - raft.server.log.purge.upto.snapshot.index = false (default)
2020-10-17 13:19:33,909 [pool-168-thread-1] INFO  server.RaftServerConfigKeys (ConfUtils.java:logGet(44)) - raft.server.retrycache.expirytime = 600000ms (custom)
2020-10-17 13:19:33,909 [pool-168-thread-1] INFO  metrics.RatisMetrics (RatisMetrics.java:lambda$create$0(36)) - Creating Metrics Registry : ratis.leader_election.114e5e52-b703-412c-a818-7058292f97fd@group-E59B6B815161
2020-10-17 13:19:33,910 [pool-168-thread-1] INFO  metrics.RatisMetrics (RatisMetrics.java:lambda$create$0(36)) - Creating Metrics Registry : ratis.server.114e5e52-b703-412c-a818-7058292f97fd@group-E59B6B815161
2020-10-17 13:19:33,911 [pool-168-thread-1] INFO  impl.RaftServerImpl (RaftServerImpl.java:start(209)) - 114e5e52-b703-412c-a818-7058292f97fd@group-E59B6B815161: start as a follower, conf=-1: [9663c21e-f1e0-4b75-bb8d-ff806c3ee59e:172.17.0.2:34357:0, 114e5e52-b703-412c-a818-7058292f97fd:172.17.0.2:42967:0, 4d0387a1-338f-4391-a649-fbe8c650d8a6:172.17.0.2:39961:0], old=null
2020-10-17 13:19:33,911 [pool-168-thread-1] INFO  impl.RaftServerImpl (RaftServerImpl.java:setRole(198)) - 114e5e52-b703-412c-a818-7058292f97fd@group-E59B6B815161: changes role from      null to FOLLOWER at term 0 for startAsFollower
2020-10-17 13:19:33,911 [pool-168-thread-1] INFO  impl.RoleInfo (RoleInfo.java:updateAndGet(143)) - 114e5e52-b703-412c-a818-7058292f97fd: start FollowerState
2020-10-17 13:19:33,911 [pool-168-thread-1] INFO  util.JmxRegister (JmxRegister.java:tryRegister(44)) - Successfully registered JMX Bean with object name Ratis:service=RaftServer,group=group-E59B6B815161,id=114e5e52-b703-412c-a818-7058292f97fd
2020-10-17 13:19:33,911 [pool-168-thread-1] INFO  metrics.RatisMetrics (RatisMetrics.java:lambda$create$0(36)) - Creating Metrics Registry : ratis.state_machine.114e5e52-b703-412c-a818-7058292f97fd@group-E59B6B815161
2020-10-17 13:19:33,913 [Command processor thread] INFO  metrics.RatisMetrics (RatisMetrics.java:lambda$create$0(36)) - Creating Metrics Registry : ratis.client_message_metrics.client-A843E2CF52A3->9663c21e-f1e0-4b75-bb8d-ff806c3ee59e
2020-10-17 13:19:33,920 [grpc-default-executor-0] INFO  metrics.RatisMetrics (RatisMetrics.java:lambda$create$0(36)) - Creating Metrics Registry : ratis.server_message_metrics.9663c21e-f1e0-4b75-bb8d-ff806c3ee59e
2020-10-17 13:19:33,924 [grpc-default-executor-0] INFO  impl.RaftServerProxy (RaftServerProxy.java:addNew(92)) - 9663c21e-f1e0-4b75-bb8d-ff806c3ee59e: addNew group-E59B6B815161:[9663c21e-f1e0-4b75-bb8d-ff806c3ee59e:172.17.0.2:34357:0, 114e5e52-b703-412c-a818-7058292f97fd:172.17.0.2:42967:0, 4d0387a1-338f-4391-a649-fbe8c650d8a6:172.17.0.2:39961:0] returns group-E59B6B815161:java.util.concurrent.CompletableFuture@6e59828b[Not completed]
2020-10-17 13:19:33,927 [pool-198-thread-1] INFO  impl.RaftServerImpl (RaftServerImpl.java:<init>(120)) - 9663c21e-f1e0-4b75-bb8d-ff806c3ee59e: new RaftServerImpl for group-E59B6B815161:[9663c21e-f1e0-4b75-bb8d-ff806c3ee59e:172.17.0.2:34357:0, 114e5e52-b703-412c-a818-7058292f97fd:172.17.0.2:42967:0, 4d0387a1-338f-4391-a649-fbe8c650d8a6:172.17.0.2:39961:0] with ContainerStateMachine:uninitialized
2020-10-17 13:19:33,928 [pool-198-thread-1] INFO  server.RaftServerConfigKeys (ConfUtils.java:logGet(44)) - raft.server.rpc.timeout.min = 5s (custom)
2020-10-17 13:19:33,928 [pool-198-thread-1] INFO  server.RaftServerConfigKeys (ConfUtils.java:logGet(44)) - raft.server.rpc.timeout.max = 5200ms (custom)
2020-10-17 13:19:33,928 [pool-198-thread-1] INFO  server.RaftServerConfigKeys (ConfUtils.java:logGet(44)) - raft.server.rpcslowness.timeout = 300s (custom)
2020-10-17 13:19:33,928 [pool-198-thread-1] INFO  server.RaftServerConfigKeys (ConfUtils.java:logGet(44)) - raft.server.sleep.deviation.threshold = 300 (default)
2020-10-17 13:19:33,928 [pool-198-thread-1] INFO  server.RaftServerConfigKeys (ConfUtils.java:logGet(44)) - raft.server.log.appender.install.snapshot.enabled = false (custom)
2020-10-17 13:19:33,928 [pool-198-thread-1] INFO  impl.RaftServerImpl (ServerState.java:<init>(104)) - 9663c21e-f1e0-4b75-bb8d-ff806c3ee59e@group-E59B6B815161: ConfigurationManager, init=-1: [9663c21e-f1e0-4b75-bb8d-ff806c3ee59e:172.17.0.2:34357:0, 114e5e52-b703-412c-a818-7058292f97fd:172.17.0.2:42967:0, 4d0387a1-338f-4391-a649-fbe8c650d8a6:172.17.0.2:39961:0], old=null, confs=<EMPTY_MAP>
2020-10-17 13:19:33,928 [pool-198-thread-1] INFO  server.RaftServerConfigKeys (ConfUtils.java:logGet(44)) - raft.server.storage.dir = [/github/workspace/mnt/ozone/hadoop-ozone/integration-test/target/test-dir/MiniOzoneClusterImpl-1fb37825-3c8e-4fc8-8488-3a2a4659ec2d/datanode-2/data/ratis] (custom)
2020-10-17 13:19:33,929 [pool-198-thread-1] INFO  server.RaftServerConfigKeys (ConfUtils.java:logGet(44)) - raft.server.log.corruption.policy = EXCEPTION (default)
2020-10-17 13:19:33,929 [pool-198-thread-1] INFO  storage.RaftStorageDirectory (RaftStorageDirectory.java:analyzeStorage(261)) - The storage directory /github/workspace/mnt/ozone/hadoop-ozone/integration-test/target/test-dir/MiniOzoneClusterImpl-1fb37825-3c8e-4fc8-8488-3a2a4659ec2d/datanode-2/data/ratis/0f2ca59a-2891-493e-ab0f-e59b6b815161 does not exist. Creating ...
2020-10-17 13:19:33,933 [pool-198-thread-1] INFO  storage.RaftStorageDirectory (RaftStorageDirectory.java:tryLock(343)) - Lock on /github/workspace/mnt/ozone/hadoop-ozone/integration-test/target/test-dir/MiniOzoneClusterImpl-1fb37825-3c8e-4fc8-8488-3a2a4659ec2d/datanode-2/data/ratis/0f2ca59a-2891-493e-ab0f-e59b6b815161/in_use.lock acquired by nodename 29839@cd5595e0f813
2020-10-17 13:19:33,936 [pool-198-thread-1] INFO  storage.RaftStorage (RaftStorage.java:format(84)) - Storage directory /github/workspace/mnt/ozone/hadoop-ozone/integration-test/target/test-dir/MiniOzoneClusterImpl-1fb37825-3c8e-4fc8-8488-3a2a4659ec2d/datanode-2/data/ratis/0f2ca59a-2891-493e-ab0f-e59b6b815161 has been successfully formatted.
2020-10-17 13:19:33,937 [pool-198-thread-1] INFO  ratis.ContainerStateMachine (ContainerStateMachine.java:loadSnapshot(225)) - group-E59B6B815161: The snapshot info is null. Setting the last applied indexto:(t:0, i:~)
2020-10-17 13:19:33,937 [pool-198-thread-1] INFO  server.RaftServerConfigKeys (ConfUtils.java:logGet(44)) - raft.server.notification.no-leader.timeout = 300s (custom)
2020-10-17 13:19:33,939 [pool-198-thread-1] INFO  server.RaftServerConfigKeys (ConfUtils.java:logGet(44)) - raft.server.log.use.memory = false (default)
2020-10-17 13:19:33,939 [pool-198-thread-1] INFO  server.RaftServerConfigKeys (ConfUtils.java:logGet(44)) - raft.server.log.purge.gap = 1000000 (custom)
2020-10-17 13:19:33,939 [pool-198-thread-1] INFO  metrics.RatisMetrics (RatisMetrics.java:lambda$create$0(36)) - Creating Metrics Registry : ratis.log_worker.9663c21e-f1e0-4b75-bb8d-ff806c3ee59e@group-E59B6B815161
2020-10-17 13:19:33,940 [pool-198-thread-1] INFO  server.RaftServerConfigKeys (ConfUtils.java:logGet(44)) - raft.server.log.appender.buffer.byte-limit = 33554432 (custom)
2020-10-17 13:19:33,940 [pool-198-thread-1] INFO  server.RaftServerConfigKeys (ConfUtils.java:logGet(44)) - raft.server.log.segment.size.max = 1048576 (custom)
2020-10-17 13:19:33,940 [pool-198-thread-1] INFO  server.RaftServerConfigKeys (ConfUtils.java:logGet(44)) - raft.server.log.segment.cache.num.max = 2 (custom)
2020-10-17 13:19:33,940 [pool-198-thread-1] INFO  segmented.SegmentedRaftLogWorker (SegmentedRaftLogWorker.java:<init>(180)) - new 9663c21e-f1e0-4b75-bb8d-ff806c3ee59e@group-E59B6B815161-SegmentedRaftLogWorker for RaftStorage:Storage Directory /github/workspace/mnt/ozone/hadoop-ozone/integration-test/target/test-dir/MiniOzoneClusterImpl-1fb37825-3c8e-4fc8-8488-3a2a4659ec2d/datanode-2/data/ratis/0f2ca59a-2891-493e-ab0f-e59b6b815161
2020-10-17 13:19:33,940 [pool-198-thread-1] INFO  server.RaftServerConfigKeys (ConfUtils.java:logGet(44)) - raft.server.log.queue.byte-limit = 2147483647 (custom)
2020-10-17 13:19:33,940 [pool-198-thread-1] INFO  server.RaftServerConfigKeys (ConfUtils.java:logGet(44)) - raft.server.log.queue.element-limit = 1024 (custom)
2020-10-17 13:19:33,941 [pool-198-thread-1] INFO  server.RaftServerConfigKeys (ConfUtils.java:logGet(44)) - raft.server.log.segment.size.max = 1048576 (custom)
2020-10-17 13:19:33,941 [pool-198-thread-1] INFO  server.RaftServerConfigKeys (ConfUtils.java:logGet(44)) - raft.server.log.preallocated.size = 16384 (custom)
2020-10-17 13:19:33,941 [pool-198-thread-1] INFO  server.RaftServerConfigKeys (ConfUtils.java:logGet(44)) - raft.server.log.write.buffer.size = 1048576 (custom)
2020-10-17 13:19:33,941 [pool-198-thread-1] INFO  server.RaftServerConfigKeys (ConfUtils.java:logGet(44)) - raft.server.log.force.sync.num = 128 (default)
2020-10-17 13:19:33,941 [pool-198-thread-1] INFO  server.RaftServerConfigKeys (ConfUtils.java:logGet(44)) - raft.server.log.statemachine.data.sync = true (default)
2020-10-17 13:19:33,941 [pool-198-thread-1] INFO  server.RaftServerConfigKeys (ConfUtils.java:logGet(44)) - raft.server.log.statemachine.data.sync.timeout = 10s (default)
2020-10-17 13:19:33,941 [pool-198-thread-1] INFO  server.RaftServerConfigKeys (ConfUtils.java:logGet(44)) - raft.server.log.statemachine.data.sync.timeout.retry = -1 (default)
2020-10-17 13:19:33,944 [pool-198-thread-1] INFO  server.RaftServerConfigKeys (ConfUtils.java:logGet(44)) - raft.server.log.statemachine.data.caching.enabled = true (custom)
2020-10-17 13:19:33,944 [pool-198-thread-1] INFO  segmented.SegmentedRaftLogWorker (SegmentedRaftLogWorker.java:lambda$new$0(129)) - 9663c21e-f1e0-4b75-bb8d-ff806c3ee59e@group-E59B6B815161-SegmentedRaftLogWorker: flushIndex: setUnconditionally 0 -> -1
2020-10-17 13:19:33,944 [pool-198-thread-1] INFO  segmented.SegmentedRaftLogWorker (SegmentedRaftLogWorker.java:lambda$new$0(129)) - 9663c21e-f1e0-4b75-bb8d-ff806c3ee59e@group-E59B6B815161-SegmentedRaftLogWorker: safeCacheEvictIndex: setUnconditionally 0 -> -1
2020-10-17 13:19:33,944 [pool-198-thread-1] INFO  server.RaftServerConfigKeys (ConfUtils.java:logGet(44)) - raft.server.snapshot.auto.trigger.enabled = true (custom)
2020-10-17 13:19:33,945 [pool-198-thread-1] INFO  server.RaftServerConfigKeys (ConfUtils.java:logGet(44)) - raft.server.snapshot.auto.trigger.threshold = 10000 (custom)
2020-10-17 13:19:33,945 [pool-198-thread-1] INFO  server.RaftServerConfigKeys (ConfUtils.java:logGet(44)) - raft.server.snapshot.retention.file.num = 5 (custom)
2020-10-17 13:19:33,945 [pool-198-thread-1] INFO  server.RaftServerConfigKeys (ConfUtils.java:logGet(44)) - raft.server.log.purge.upto.snapshot.index = false (default)
2020-10-17 13:19:33,945 [pool-198-thread-1] INFO  server.RaftServerConfigKeys (ConfUtils.java:logGet(44)) - raft.server.retrycache.expirytime = 600000ms (custom)
2020-10-17 13:19:33,945 [pool-198-thread-1] INFO  metrics.RatisMetrics (RatisMetrics.java:lambda$create$0(36)) - Creating Metrics Registry : ratis.leader_election.9663c21e-f1e0-4b75-bb8d-ff806c3ee59e@group-E59B6B815161
2020-10-17 13:19:33,946 [pool-198-thread-1] INFO  metrics.RatisMetrics (RatisMetrics.java:lambda$create$0(36)) - Creating Metrics Registry : ratis.server.9663c21e-f1e0-4b75-bb8d-ff806c3ee59e@group-E59B6B815161
2020-10-17 13:19:33,947 [pool-198-thread-1] INFO  impl.RaftServerImpl (RaftServerImpl.java:start(209)) - 9663c21e-f1e0-4b75-bb8d-ff806c3ee59e@group-E59B6B815161: start as a follower, conf=-1: [9663c21e-f1e0-4b75-bb8d-ff806c3ee59e:172.17.0.2:34357:0, 114e5e52-b703-412c-a818-7058292f97fd:172.17.0.2:42967:0, 4d0387a1-338f-4391-a649-fbe8c650d8a6:172.17.0.2:39961:0], old=null
2020-10-17 13:19:33,947 [pool-198-thread-1] INFO  impl.RaftServerImpl (RaftServerImpl.java:setRole(198)) - 9663c21e-f1e0-4b75-bb8d-ff806c3ee59e@group-E59B6B815161: changes role from      null to FOLLOWER at term 0 for startAsFollower
2020-10-17 13:19:33,947 [pool-198-thread-1] INFO  impl.RoleInfo (RoleInfo.java:updateAndGet(143)) - 9663c21e-f1e0-4b75-bb8d-ff806c3ee59e: start FollowerState
2020-10-17 13:19:33,947 [pool-198-thread-1] INFO  util.JmxRegister (JmxRegister.java:tryRegister(44)) - Successfully registered JMX Bean with object name Ratis:service=RaftServer,group=group-E59B6B815161,id=9663c21e-f1e0-4b75-bb8d-ff806c3ee59e
2020-10-17 13:19:33,947 [pool-198-thread-1] INFO  metrics.RatisMetrics (RatisMetrics.java:lambda$create$0(36)) - Creating Metrics Registry : ratis.state_machine.9663c21e-f1e0-4b75-bb8d-ff806c3ee59e@group-E59B6B815161
2020-10-17 13:19:33,961 [Command processor thread] INFO  metrics.RatisMetrics (RatisMetrics.java:lambda$create$0(36)) - Creating Metrics Registry : ratis.client_message_metrics.client-B1F3A425153C->4d0387a1-338f-4391-a649-fbe8c650d8a6
2020-10-17 13:19:33,968 [grpc-default-executor-0] INFO  metrics.RatisMetrics (RatisMetrics.java:lambda$create$0(36)) - Creating Metrics Registry : ratis.server_message_metrics.4d0387a1-338f-4391-a649-fbe8c650d8a6
2020-10-17 13:19:33,970 [grpc-default-executor-0] INFO  impl.RaftServerProxy (RaftServerProxy.java:addNew(92)) - 4d0387a1-338f-4391-a649-fbe8c650d8a6: addNew group-E59B6B815161:[9663c21e-f1e0-4b75-bb8d-ff806c3ee59e:172.17.0.2:34357:0, 114e5e52-b703-412c-a818-7058292f97fd:172.17.0.2:42967:0, 4d0387a1-338f-4391-a649-fbe8c650d8a6:172.17.0.2:39961:0] returns group-E59B6B815161:java.util.concurrent.CompletableFuture@4be9a88[Not completed]
2020-10-17 13:19:33,976 [pool-183-thread-1] INFO  impl.RaftServerImpl (RaftServerImpl.java:<init>(120)) - 4d0387a1-338f-4391-a649-fbe8c650d8a6: new RaftServerImpl for group-E59B6B815161:[9663c21e-f1e0-4b75-bb8d-ff806c3ee59e:172.17.0.2:34357:0, 114e5e52-b703-412c-a818-7058292f97fd:172.17.0.2:42967:0, 4d0387a1-338f-4391-a649-fbe8c650d8a6:172.17.0.2:39961:0] with ContainerStateMachine:uninitialized
2020-10-17 13:19:33,980 [pool-183-thread-1] INFO  server.RaftServerConfigKeys (ConfUtils.java:logGet(44)) - raft.server.rpc.timeout.min = 5s (custom)
2020-10-17 13:19:33,980 [pool-183-thread-1] INFO  server.RaftServerConfigKeys (ConfUtils.java:logGet(44)) - raft.server.rpc.timeout.max = 5200ms (custom)
2020-10-17 13:19:33,981 [pool-183-thread-1] INFO  server.RaftServerConfigKeys (ConfUtils.java:logGet(44)) - raft.server.rpcslowness.timeout = 300s (custom)
2020-10-17 13:19:33,981 [pool-183-thread-1] INFO  server.RaftServerConfigKeys (ConfUtils.java:logGet(44)) - raft.server.sleep.deviation.threshold = 300 (default)
2020-10-17 13:19:33,981 [pool-183-thread-1] INFO  server.RaftServerConfigKeys (ConfUtils.java:logGet(44)) - raft.server.log.appender.install.snapshot.enabled = false (custom)
2020-10-17 13:19:33,981 [pool-183-thread-1] INFO  impl.RaftServerImpl (ServerState.java:<init>(104)) - 4d0387a1-338f-4391-a649-fbe8c650d8a6@group-E59B6B815161: ConfigurationManager, init=-1: [9663c21e-f1e0-4b75-bb8d-ff806c3ee59e:172.17.0.2:34357:0, 114e5e52-b703-412c-a818-7058292f97fd:172.17.0.2:42967:0, 4d0387a1-338f-4391-a649-fbe8c650d8a6:172.17.0.2:39961:0], old=null, confs=<EMPTY_MAP>
2020-10-17 13:19:33,981 [pool-183-thread-1] INFO  server.RaftServerConfigKeys (ConfUtils.java:logGet(44)) - raft.server.storage.dir = [/github/workspace/mnt/ozone/hadoop-ozone/integration-test/target/test-dir/MiniOzoneClusterImpl-1fb37825-3c8e-4fc8-8488-3a2a4659ec2d/datanode-1/data/ratis] (custom)
2020-10-17 13:19:33,981 [pool-183-thread-1] INFO  server.RaftServerConfigKeys (ConfUtils.java:logGet(44)) - raft.server.log.corruption.policy = EXCEPTION (default)
2020-10-17 13:19:33,981 [pool-183-thread-1] INFO  storage.RaftStorageDirectory (RaftStorageDirectory.java:analyzeStorage(261)) - The storage directory /github/workspace/mnt/ozone/hadoop-ozone/integration-test/target/test-dir/MiniOzoneClusterImpl-1fb37825-3c8e-4fc8-8488-3a2a4659ec2d/datanode-1/data/ratis/0f2ca59a-2891-493e-ab0f-e59b6b815161 does not exist. Creating ...
2020-10-17 13:19:33,983 [pool-183-thread-1] INFO  storage.RaftStorageDirectory (RaftStorageDirectory.java:tryLock(343)) - Lock on /github/workspace/mnt/ozone/hadoop-ozone/integration-test/target/test-dir/MiniOzoneClusterImpl-1fb37825-3c8e-4fc8-8488-3a2a4659ec2d/datanode-1/data/ratis/0f2ca59a-2891-493e-ab0f-e59b6b815161/in_use.lock acquired by nodename 29839@cd5595e0f813
2020-10-17 13:19:33,984 [pool-183-thread-1] INFO  storage.RaftStorage (RaftStorage.java:format(84)) - Storage directory /github/workspace/mnt/ozone/hadoop-ozone/integration-test/target/test-dir/MiniOzoneClusterImpl-1fb37825-3c8e-4fc8-8488-3a2a4659ec2d/datanode-1/data/ratis/0f2ca59a-2891-493e-ab0f-e59b6b815161 has been successfully formatted.
2020-10-17 13:19:33,985 [pool-183-thread-1] INFO  ratis.ContainerStateMachine (ContainerStateMachine.java:loadSnapshot(225)) - group-E59B6B815161: The snapshot info is null. Setting the last applied indexto:(t:0, i:~)
2020-10-17 13:19:33,985 [pool-183-thread-1] INFO  server.RaftServerConfigKeys (ConfUtils.java:logGet(44)) - raft.server.notification.no-leader.timeout = 300s (custom)
2020-10-17 13:19:33,986 [pool-183-thread-1] INFO  server.RaftServerConfigKeys (ConfUtils.java:logGet(44)) - raft.server.log.use.memory = false (default)
2020-10-17 13:19:33,987 [pool-183-thread-1] INFO  server.RaftServerConfigKeys (ConfUtils.java:logGet(44)) - raft.server.log.purge.gap = 1000000 (custom)
2020-10-17 13:19:33,987 [pool-183-thread-1] INFO  metrics.RatisMetrics (RatisMetrics.java:lambda$create$0(36)) - Creating Metrics Registry : ratis.log_worker.4d0387a1-338f-4391-a649-fbe8c650d8a6@group-E59B6B815161
2020-10-17 13:19:33,987 [pool-183-thread-1] INFO  server.RaftServerConfigKeys (ConfUtils.java:logGet(44)) - raft.server.log.appender.buffer.byte-limit = 33554432 (custom)
2020-10-17 13:19:33,987 [pool-183-thread-1] INFO  server.RaftServerConfigKeys (ConfUtils.java:logGet(44)) - raft.server.log.segment.size.max = 1048576 (custom)
2020-10-17 13:19:33,988 [pool-183-thread-1] INFO  server.RaftServerConfigKeys (ConfUtils.java:logGet(44)) - raft.server.log.segment.cache.num.max = 2 (custom)
2020-10-17 13:19:33,988 [pool-183-thread-1] INFO  segmented.SegmentedRaftLogWorker (SegmentedRaftLogWorker.java:<init>(180)) - new 4d0387a1-338f-4391-a649-fbe8c650d8a6@group-E59B6B815161-SegmentedRaftLogWorker for RaftStorage:Storage Directory /github/workspace/mnt/ozone/hadoop-ozone/integration-test/target/test-dir/MiniOzoneClusterImpl-1fb37825-3c8e-4fc8-8488-3a2a4659ec2d/datanode-1/data/ratis/0f2ca59a-2891-493e-ab0f-e59b6b815161
2020-10-17 13:19:33,988 [pool-183-thread-1] INFO  server.RaftServerConfigKeys (ConfUtils.java:logGet(44)) - raft.server.log.queue.byte-limit = 2147483647 (custom)
2020-10-17 13:19:33,988 [pool-183-thread-1] INFO  server.RaftServerConfigKeys (ConfUtils.java:logGet(44)) - raft.server.log.queue.element-limit = 1024 (custom)
2020-10-17 13:19:33,988 [pool-183-thread-1] INFO  server.RaftServerConfigKeys (ConfUtils.java:logGet(44)) - raft.server.log.segment.size.max = 1048576 (custom)
2020-10-17 13:19:33,988 [pool-183-thread-1] INFO  server.RaftServerConfigKeys (ConfUtils.java:logGet(44)) - raft.server.log.preallocated.size = 16384 (custom)
2020-10-17 13:19:33,988 [pool-183-thread-1] INFO  server.RaftServerConfigKeys (ConfUtils.java:logGet(44)) - raft.server.log.write.buffer.size = 1048576 (custom)
2020-10-17 13:19:33,988 [pool-183-thread-1] INFO  server.RaftServerConfigKeys (ConfUtils.java:logGet(44)) - raft.server.log.force.sync.num = 128 (default)
2020-10-17 13:19:33,988 [pool-183-thread-1] INFO  server.RaftServerConfigKeys (ConfUtils.java:logGet(44)) - raft.server.log.statemachine.data.sync = true (default)
2020-10-17 13:19:33,988 [pool-183-thread-1] INFO  server.RaftServerConfigKeys (ConfUtils.java:logGet(44)) - raft.server.log.statemachine.data.sync.timeout = 10s (default)
2020-10-17 13:19:33,989 [pool-183-thread-1] INFO  server.RaftServerConfigKeys (ConfUtils.java:logGet(44)) - raft.server.log.statemachine.data.sync.timeout.retry = -1 (default)
2020-10-17 13:19:33,990 [pool-183-thread-1] INFO  server.RaftServerConfigKeys (ConfUtils.java:logGet(44)) - raft.server.log.statemachine.data.caching.enabled = true (custom)
2020-10-17 13:19:33,990 [pool-183-thread-1] INFO  segmented.SegmentedRaftLogWorker (SegmentedRaftLogWorker.java:lambda$new$0(129)) - 4d0387a1-338f-4391-a649-fbe8c650d8a6@group-E59B6B815161-SegmentedRaftLogWorker: flushIndex: setUnconditionally 0 -> -1
2020-10-17 13:19:33,990 [pool-183-thread-1] INFO  segmented.SegmentedRaftLogWorker (SegmentedRaftLogWorker.java:lambda$new$0(129)) - 4d0387a1-338f-4391-a649-fbe8c650d8a6@group-E59B6B815161-SegmentedRaftLogWorker: safeCacheEvictIndex: setUnconditionally 0 -> -1
2020-10-17 13:19:33,991 [pool-183-thread-1] INFO  server.RaftServerConfigKeys (ConfUtils.java:logGet(44)) - raft.server.snapshot.auto.trigger.enabled = true (custom)
2020-10-17 13:19:33,991 [pool-183-thread-1] INFO  server.RaftServerConfigKeys (ConfUtils.java:logGet(44)) - raft.server.snapshot.auto.trigger.threshold = 10000 (custom)
2020-10-17 13:19:33,991 [pool-183-thread-1] INFO  server.RaftServerConfigKeys (ConfUtils.java:logGet(44)) - raft.server.snapshot.retention.file.num = 5 (custom)
2020-10-17 13:19:33,991 [pool-183-thread-1] INFO  server.RaftServerConfigKeys (ConfUtils.java:logGet(44)) - raft.server.log.purge.upto.snapshot.index = false (default)
2020-10-17 13:19:33,991 [pool-183-thread-1] INFO  server.RaftServerConfigKeys (ConfUtils.java:logGet(44)) - raft.server.retrycache.expirytime = 600000ms (custom)
2020-10-17 13:19:33,991 [pool-183-thread-1] INFO  metrics.RatisMetrics (RatisMetrics.java:lambda$create$0(36)) - Creating Metrics Registry : ratis.leader_election.4d0387a1-338f-4391-a649-fbe8c650d8a6@group-E59B6B815161
2020-10-17 13:19:33,992 [pool-183-thread-1] INFO  metrics.RatisMetrics (RatisMetrics.java:lambda$create$0(36)) - Creating Metrics Registry : ratis.server.4d0387a1-338f-4391-a649-fbe8c650d8a6@group-E59B6B815161
2020-10-17 13:19:33,993 [pool-183-thread-1] INFO  impl.RaftServerImpl (RaftServerImpl.java:start(209)) - 4d0387a1-338f-4391-a649-fbe8c650d8a6@group-E59B6B815161: start as a follower, conf=-1: [9663c21e-f1e0-4b75-bb8d-ff806c3ee59e:172.17.0.2:34357:0, 114e5e52-b703-412c-a818-7058292f97fd:172.17.0.2:42967:0, 4d0387a1-338f-4391-a649-fbe8c650d8a6:172.17.0.2:39961:0], old=null
2020-10-17 13:19:33,993 [pool-183-thread-1] INFO  impl.RaftServerImpl (RaftServerImpl.java:setRole(198)) - 4d0387a1-338f-4391-a649-fbe8c650d8a6@group-E59B6B815161: changes role from      null to FOLLOWER at term 0 for startAsFollower
2020-10-17 13:19:33,993 [pool-183-thread-1] INFO  impl.RoleInfo (RoleInfo.java:updateAndGet(143)) - 4d0387a1-338f-4391-a649-fbe8c650d8a6: start FollowerState
2020-10-17 13:19:33,994 [pool-183-thread-1] INFO  util.JmxRegister (JmxRegister.java:tryRegister(44)) - Successfully registered JMX Bean with object name Ratis:service=RaftServer,group=group-E59B6B815161,id=4d0387a1-338f-4391-a649-fbe8c650d8a6
2020-10-17 13:19:33,994 [pool-183-thread-1] INFO  metrics.RatisMetrics (RatisMetrics.java:lambda$create$0(36)) - Creating Metrics Registry : ratis.state_machine.4d0387a1-338f-4391-a649-fbe8c650d8a6@group-E59B6B815161
2020-10-17 13:19:33,998 [Command processor thread] INFO  commandhandler.CreatePipelineCommandHandler (CreatePipelineCommandHandler.java:handle(110)) - Created Pipeline RATIS THREE #id: "0f2ca59a-2891-493e-ab0f-e59b6b815161"
uuid128 {
  mostSigBits: 1093430891068344638
  leastSigBits: -6120420912886886047
}
.
2020-10-17 13:19:34,020 [Listener at 127.0.0.1/44403] INFO  ozone.MiniOzoneClusterImpl (MiniOzoneClusterImpl.java:lambda$waitForClusterToBeReady$0(177)) - Nodes are ready. Got 7 of 7 DN Heartbeats.
2020-10-17 13:19:34,020 [Listener at 127.0.0.1/44403] INFO  ozone.MiniOzoneClusterImpl (MiniOzoneClusterImpl.java:lambda$waitForClusterToBeReady$0(180)) - Waiting for cluster to exit safe mode
2020-10-17 13:19:34,088 [Command processor thread] INFO  impl.RaftServerProxy (RaftServerProxy.java:addNew(92)) - 4d0387a1-338f-4391-a649-fbe8c650d8a6: addNew group-62A0EEBC7A0D:[4d0387a1-338f-4391-a649-fbe8c650d8a6:172.17.0.2:39961:0] returns group-62A0EEBC7A0D:java.util.concurrent.CompletableFuture@701ce765[Not completed]
2020-10-17 13:19:34,089 [pool-183-thread-1] INFO  impl.RaftServerImpl (RaftServerImpl.java:<init>(120)) - 4d0387a1-338f-4391-a649-fbe8c650d8a6: new RaftServerImpl for group-62A0EEBC7A0D:[4d0387a1-338f-4391-a649-fbe8c650d8a6:172.17.0.2:39961:0] with ContainerStateMachine:uninitialized
2020-10-17 13:19:34,089 [pool-183-thread-1] INFO  server.RaftServerConfigKeys (ConfUtils.java:logGet(44)) - raft.server.rpc.timeout.min = 5s (custom)
2020-10-17 13:19:34,089 [pool-183-thread-1] INFO  server.RaftServerConfigKeys (ConfUtils.java:logGet(44)) - raft.server.rpc.timeout.max = 5200ms (custom)
2020-10-17 13:19:34,089 [pool-183-thread-1] INFO  server.RaftServerConfigKeys (ConfUtils.java:logGet(44)) - raft.server.rpcslowness.timeout = 300s (custom)
2020-10-17 13:19:34,089 [pool-183-thread-1] INFO  server.RaftServerConfigKeys (ConfUtils.java:logGet(44)) - raft.server.sleep.deviation.threshold = 300 (default)
2020-10-17 13:19:34,089 [pool-183-thread-1] INFO  server.RaftServerConfigKeys (ConfUtils.java:logGet(44)) - raft.server.log.appender.install.snapshot.enabled = false (custom)
2020-10-17 13:19:34,089 [pool-183-thread-1] INFO  impl.RaftServerImpl (ServerState.java:<init>(104)) - 4d0387a1-338f-4391-a649-fbe8c650d8a6@group-62A0EEBC7A0D: ConfigurationManager, init=-1: [4d0387a1-338f-4391-a649-fbe8c650d8a6:172.17.0.2:39961:0], old=null, confs=<EMPTY_MAP>
2020-10-17 13:19:34,090 [pool-183-thread-1] INFO  server.RaftServerConfigKeys (ConfUtils.java:logGet(44)) - raft.server.storage.dir = [/github/workspace/mnt/ozone/hadoop-ozone/integration-test/target/test-dir/MiniOzoneClusterImpl-1fb37825-3c8e-4fc8-8488-3a2a4659ec2d/datanode-1/data/ratis] (custom)
2020-10-17 13:19:34,090 [pool-183-thread-1] INFO  server.RaftServerConfigKeys (ConfUtils.java:logGet(44)) - raft.server.log.corruption.policy = EXCEPTION (default)
2020-10-17 13:19:34,090 [pool-183-thread-1] INFO  storage.RaftStorageDirectory (RaftStorageDirectory.java:analyzeStorage(261)) - The storage directory /github/workspace/mnt/ozone/hadoop-ozone/integration-test/target/test-dir/MiniOzoneClusterImpl-1fb37825-3c8e-4fc8-8488-3a2a4659ec2d/datanode-1/data/ratis/4aff36c2-3182-4f54-977c-62a0eebc7a0d does not exist. Creating ...
2020-10-17 13:19:34,091 [pool-183-thread-1] INFO  storage.RaftStorageDirectory (RaftStorageDirectory.java:tryLock(343)) - Lock on /github/workspace/mnt/ozone/hadoop-ozone/integration-test/target/test-dir/MiniOzoneClusterImpl-1fb37825-3c8e-4fc8-8488-3a2a4659ec2d/datanode-1/data/ratis/4aff36c2-3182-4f54-977c-62a0eebc7a0d/in_use.lock acquired by nodename 29839@cd5595e0f813
2020-10-17 13:19:34,093 [pool-183-thread-1] INFO  storage.RaftStorage (RaftStorage.java:format(84)) - Storage directory /github/workspace/mnt/ozone/hadoop-ozone/integration-test/target/test-dir/MiniOzoneClusterImpl-1fb37825-3c8e-4fc8-8488-3a2a4659ec2d/datanode-1/data/ratis/4aff36c2-3182-4f54-977c-62a0eebc7a0d has been successfully formatted.
2020-10-17 13:19:34,093 [pool-183-thread-1] INFO  ratis.ContainerStateMachine (ContainerStateMachine.java:loadSnapshot(225)) - group-62A0EEBC7A0D: The snapshot info is null. Setting the last applied indexto:(t:0, i:~)
2020-10-17 13:19:34,093 [pool-183-thread-1] INFO  server.RaftServerConfigKeys (ConfUtils.java:logGet(44)) - raft.server.notification.no-leader.timeout = 300s (custom)
2020-10-17 13:19:34,094 [pool-183-thread-1] INFO  server.RaftServerConfigKeys (ConfUtils.java:logGet(44)) - raft.server.log.use.memory = false (default)
2020-10-17 13:19:34,094 [pool-183-thread-1] INFO  server.RaftServerConfigKeys (ConfUtils.java:logGet(44)) - raft.server.log.purge.gap = 1000000 (custom)
2020-10-17 13:19:34,094 [pool-183-thread-1] INFO  metrics.RatisMetrics (RatisMetrics.java:lambda$create$0(36)) - Creating Metrics Registry : ratis.log_worker.4d0387a1-338f-4391-a649-fbe8c650d8a6@group-62A0EEBC7A0D
2020-10-17 13:19:34,094 [pool-183-thread-1] INFO  server.RaftServerConfigKeys (ConfUtils.java:logGet(44)) - raft.server.log.appender.buffer.byte-limit = 33554432 (custom)
2020-10-17 13:19:34,094 [EventQueue-PipelineReportForPipelineReportHandler] INFO  pipeline.PipelineStateManager (PipelineStateManager.java:openPipeline(131)) - Pipeline Pipeline[ Id: 4aff36c2-3182-4f54-977c-62a0eebc7a0d, Nodes: 4d0387a1-338f-4391-a649-fbe8c650d8a6{ip: 172.17.0.2, host: cd5595e0f813, networkLocation: /default-rack, certSerialId: null}, Type:RATIS, Factor:ONE, State:ALLOCATED, leaderId:4d0387a1-338f-4391-a649-fbe8c650d8a6, CreationTimestamp2020-10-17T13:19:31.091Z] moved to OPEN state
2020-10-17 13:19:34,095 [EventQueue-OpenPipelineForHealthyPipelineSafeModeRule] INFO  safemode.SCMSafeModeManager (HealthyPipelineSafeModeRule.java:process(129)) - SCM in safe mode. Healthy pipelines reported count is 0, required healthy pipeline reported count is 1
2020-10-17 13:19:34,094 [pool-183-thread-1] INFO  server.RaftServerConfigKeys (ConfUtils.java:logGet(44)) - raft.server.log.segment.size.max = 1048576 (custom)
2020-10-17 13:19:34,095 [EventQueue-OpenPipelineForOneReplicaPipelineSafeModeRule] INFO  safemode.SCMSafeModeManager (SCMSafeModeManager.java:validateSafeModeExitRules(214)) - AtleastOneDatanodeReportedRule rule is successfully validated
2020-10-17 13:19:34,095 [pool-183-thread-1] INFO  server.RaftServerConfigKeys (ConfUtils.java:logGet(44)) - raft.server.log.segment.cache.num.max = 2 (custom)
2020-10-17 13:19:34,095 [pool-183-thread-1] INFO  segmented.SegmentedRaftLogWorker (SegmentedRaftLogWorker.java:<init>(180)) - new 4d0387a1-338f-4391-a649-fbe8c650d8a6@group-62A0EEBC7A0D-SegmentedRaftLogWorker for RaftStorage:Storage Directory /github/workspace/mnt/ozone/hadoop-ozone/integration-test/target/test-dir/MiniOzoneClusterImpl-1fb37825-3c8e-4fc8-8488-3a2a4659ec2d/datanode-1/data/ratis/4aff36c2-3182-4f54-977c-62a0eebc7a0d
2020-10-17 13:19:34,095 [pool-183-thread-1] INFO  server.RaftServerConfigKeys (ConfUtils.java:logGet(44)) - raft.server.log.queue.byte-limit = 2147483647 (custom)
2020-10-17 13:19:34,095 [pool-183-thread-1] INFO  server.RaftServerConfigKeys (ConfUtils.java:logGet(44)) - raft.server.log.queue.element-limit = 1024 (custom)
2020-10-17 13:19:34,096 [pool-183-thread-1] INFO  server.RaftServerConfigKeys (ConfUtils.java:logGet(44)) - raft.server.log.segment.size.max = 1048576 (custom)
2020-10-17 13:19:34,096 [pool-183-thread-1] INFO  server.RaftServerConfigKeys (ConfUtils.java:logGet(44)) - raft.server.log.preallocated.size = 16384 (custom)
2020-10-17 13:19:34,096 [pool-183-thread-1] INFO  server.RaftServerConfigKeys (ConfUtils.java:logGet(44)) - raft.server.log.write.buffer.size = 1048576 (custom)
2020-10-17 13:19:34,096 [pool-183-thread-1] INFO  server.RaftServerConfigKeys (ConfUtils.java:logGet(44)) - raft.server.log.force.sync.num = 128 (default)
2020-10-17 13:19:34,096 [pool-183-thread-1] INFO  server.RaftServerConfigKeys (ConfUtils.java:logGet(44)) - raft.server.log.statemachine.data.sync = true (default)
2020-10-17 13:19:34,096 [pool-183-thread-1] INFO  server.RaftServerConfigKeys (ConfUtils.java:logGet(44)) - raft.server.log.statemachine.data.sync.timeout = 10s (default)
2020-10-17 13:19:34,096 [pool-183-thread-1] INFO  server.RaftServerConfigKeys (ConfUtils.java:logGet(44)) - raft.server.log.statemachine.data.sync.timeout.retry = -1 (default)
2020-10-17 13:19:34,098 [pool-183-thread-1] INFO  server.RaftServerConfigKeys (ConfUtils.java:logGet(44)) - raft.server.log.statemachine.data.caching.enabled = true (custom)
2020-10-17 13:19:34,100 [pool-183-thread-1] INFO  segmented.SegmentedRaftLogWorker (SegmentedRaftLogWorker.java:lambda$new$0(129)) - 4d0387a1-338f-4391-a649-fbe8c650d8a6@group-62A0EEBC7A0D-SegmentedRaftLogWorker: flushIndex: setUnconditionally 0 -> -1
2020-10-17 13:19:34,100 [pool-183-thread-1] INFO  segmented.SegmentedRaftLogWorker (SegmentedRaftLogWorker.java:lambda$new$0(129)) - 4d0387a1-338f-4391-a649-fbe8c650d8a6@group-62A0EEBC7A0D-SegmentedRaftLogWorker: safeCacheEvictIndex: setUnconditionally 0 -> -1
2020-10-17 13:19:34,100 [pool-183-thread-1] INFO  server.RaftServerConfigKeys (ConfUtils.java:logGet(44)) - raft.server.snapshot.auto.trigger.enabled = true (custom)
2020-10-17 13:19:34,100 [pool-183-thread-1] INFO  server.RaftServerConfigKeys (ConfUtils.java:logGet(44)) - raft.server.snapshot.auto.trigger.threshold = 10000 (custom)
2020-10-17 13:19:34,100 [pool-183-thread-1] INFO  server.RaftServerConfigKeys (ConfUtils.java:logGet(44)) - raft.server.snapshot.retention.file.num = 5 (custom)
2020-10-17 13:19:34,100 [pool-183-thread-1] INFO  server.RaftServerConfigKeys (ConfUtils.java:logGet(44)) - raft.server.log.purge.upto.snapshot.index = false (default)
2020-10-17 13:19:34,100 [pool-183-thread-1] INFO  server.RaftServerConfigKeys (ConfUtils.java:logGet(44)) - raft.server.retrycache.expirytime = 600000ms (custom)
2020-10-17 13:19:34,101 [pool-183-thread-1] INFO  metrics.RatisMetrics (RatisMetrics.java:lambda$create$0(36)) - Creating Metrics Registry : ratis.leader_election.4d0387a1-338f-4391-a649-fbe8c650d8a6@group-62A0EEBC7A0D
2020-10-17 13:19:34,101 [pool-183-thread-1] INFO  metrics.RatisMetrics (RatisMetrics.java:lambda$create$0(36)) - Creating Metrics Registry : ratis.server.4d0387a1-338f-4391-a649-fbe8c650d8a6@group-62A0EEBC7A0D
2020-10-17 13:19:34,102 [pool-183-thread-1] INFO  impl.RaftServerImpl (RaftServerImpl.java:start(209)) - 4d0387a1-338f-4391-a649-fbe8c650d8a6@group-62A0EEBC7A0D: start as a follower, conf=-1: [4d0387a1-338f-4391-a649-fbe8c650d8a6:172.17.0.2:39961:0], old=null
2020-10-17 13:19:34,103 [pool-183-thread-1] INFO  impl.RaftServerImpl (RaftServerImpl.java:setRole(198)) - 4d0387a1-338f-4391-a649-fbe8c650d8a6@group-62A0EEBC7A0D: changes role from      null to FOLLOWER at term 0 for startAsFollower
2020-10-17 13:19:34,103 [pool-183-thread-1] INFO  impl.RoleInfo (RoleInfo.java:updateAndGet(143)) - 4d0387a1-338f-4391-a649-fbe8c650d8a6: start FollowerState
2020-10-17 13:19:34,103 [pool-183-thread-1] INFO  util.JmxRegister (JmxRegister.java:tryRegister(44)) - Successfully registered JMX Bean with object name Ratis:service=RaftServer,group=group-62A0EEBC7A0D,id=4d0387a1-338f-4391-a649-fbe8c650d8a6
2020-10-17 13:19:34,103 [pool-183-thread-1] INFO  metrics.RatisMetrics (RatisMetrics.java:lambda$create$0(36)) - Creating Metrics Registry : ratis.state_machine.4d0387a1-338f-4391-a649-fbe8c650d8a6@group-62A0EEBC7A0D
2020-10-17 13:19:34,105 [Command processor thread] INFO  commandhandler.CreatePipelineCommandHandler (CreatePipelineCommandHandler.java:handle(110)) - Created Pipeline RATIS ONE #id: "4aff36c2-3182-4f54-977c-62a0eebc7a0d"
uuid128 {
  mostSigBits: 5404098285550063444
  leastSigBits: -7531036033530693107
}
.
2020-10-17 13:19:34,282 [Command processor thread] INFO  impl.RaftServerProxy (RaftServerProxy.java:addNew(92)) - 9663c21e-f1e0-4b75-bb8d-ff806c3ee59e: addNew group-938506AD8350:[9663c21e-f1e0-4b75-bb8d-ff806c3ee59e:172.17.0.2:34357:0] returns group-938506AD8350:java.util.concurrent.CompletableFuture@1d4a1ddf[Not completed]
2020-10-17 13:19:34,282 [pool-198-thread-1] INFO  impl.RaftServerImpl (RaftServerImpl.java:<init>(120)) - 9663c21e-f1e0-4b75-bb8d-ff806c3ee59e: new RaftServerImpl for group-938506AD8350:[9663c21e-f1e0-4b75-bb8d-ff806c3ee59e:172.17.0.2:34357:0] with ContainerStateMachine:uninitialized
2020-10-17 13:19:34,283 [pool-198-thread-1] INFO  server.RaftServerConfigKeys (ConfUtils.java:logGet(44)) - raft.server.rpc.timeout.min = 5s (custom)
2020-10-17 13:19:34,283 [pool-198-thread-1] INFO  server.RaftServerConfigKeys (ConfUtils.java:logGet(44)) - raft.server.rpc.timeout.max = 5200ms (custom)
2020-10-17 13:19:34,283 [pool-198-thread-1] INFO  server.RaftServerConfigKeys (ConfUtils.java:logGet(44)) - raft.server.rpcslowness.timeout = 300s (custom)
2020-10-17 13:19:34,283 [pool-198-thread-1] INFO  server.RaftServerConfigKeys (ConfUtils.java:logGet(44)) - raft.server.sleep.deviation.threshold = 300 (default)
2020-10-17 13:19:34,283 [pool-198-thread-1] INFO  server.RaftServerConfigKeys (ConfUtils.java:logGet(44)) - raft.server.log.appender.install.snapshot.enabled = false (custom)
2020-10-17 13:19:34,283 [pool-198-thread-1] INFO  impl.RaftServerImpl (ServerState.java:<init>(104)) - 9663c21e-f1e0-4b75-bb8d-ff806c3ee59e@group-938506AD8350: ConfigurationManager, init=-1: [9663c21e-f1e0-4b75-bb8d-ff806c3ee59e:172.17.0.2:34357:0], old=null, confs=<EMPTY_MAP>
2020-10-17 13:19:34,283 [pool-198-thread-1] INFO  server.RaftServerConfigKeys (ConfUtils.java:logGet(44)) - raft.server.storage.dir = [/github/workspace/mnt/ozone/hadoop-ozone/integration-test/target/test-dir/MiniOzoneClusterImpl-1fb37825-3c8e-4fc8-8488-3a2a4659ec2d/datanode-2/data/ratis] (custom)
2020-10-17 13:19:34,283 [pool-198-thread-1] INFO  server.RaftServerConfigKeys (ConfUtils.java:logGet(44)) - raft.server.log.corruption.policy = EXCEPTION (default)
2020-10-17 13:19:34,284 [pool-198-thread-1] INFO  storage.RaftStorageDirectory (RaftStorageDirectory.java:analyzeStorage(261)) - The storage directory /github/workspace/mnt/ozone/hadoop-ozone/integration-test/target/test-dir/MiniOzoneClusterImpl-1fb37825-3c8e-4fc8-8488-3a2a4659ec2d/datanode-2/data/ratis/af98ae6a-50b9-4280-8a27-938506ad8350 does not exist. Creating ...
2020-10-17 13:19:34,287 [pool-198-thread-1] INFO  storage.RaftStorageDirectory (RaftStorageDirectory.java:tryLock(343)) - Lock on /github/workspace/mnt/ozone/hadoop-ozone/integration-test/target/test-dir/MiniOzoneClusterImpl-1fb37825-3c8e-4fc8-8488-3a2a4659ec2d/datanode-2/data/ratis/af98ae6a-50b9-4280-8a27-938506ad8350/in_use.lock acquired by nodename 29839@cd5595e0f813
2020-10-17 13:19:34,289 [pool-198-thread-1] INFO  storage.RaftStorage (RaftStorage.java:format(84)) - Storage directory /github/workspace/mnt/ozone/hadoop-ozone/integration-test/target/test-dir/MiniOzoneClusterImpl-1fb37825-3c8e-4fc8-8488-3a2a4659ec2d/datanode-2/data/ratis/af98ae6a-50b9-4280-8a27-938506ad8350 has been successfully formatted.
2020-10-17 13:19:34,291 [EventQueue-PipelineReportForPipelineReportHandler] INFO  pipeline.PipelineStateManager (PipelineStateManager.java:openPipeline(131)) - Pipeline Pipeline[ Id: af98ae6a-50b9-4280-8a27-938506ad8350, Nodes: 9663c21e-f1e0-4b75-bb8d-ff806c3ee59e{ip: 172.17.0.2, host: cd5595e0f813, networkLocation: /default-rack, certSerialId: null}, Type:RATIS, Factor:ONE, State:ALLOCATED, leaderId:9663c21e-f1e0-4b75-bb8d-ff806c3ee59e, CreationTimestamp2020-10-17T13:19:31.285Z] moved to OPEN state
2020-10-17 13:19:34,291 [EventQueue-OpenPipelineForOneReplicaPipelineSafeModeRule] INFO  safemode.SCMSafeModeManager (SCMSafeModeManager.java:validateSafeModeExitRules(214)) - AtleastOneDatanodeReportedRule rule is successfully validated
2020-10-17 13:19:34,291 [EventQueue-OpenPipelineForHealthyPipelineSafeModeRule] INFO  safemode.SCMSafeModeManager (HealthyPipelineSafeModeRule.java:process(129)) - SCM in safe mode. Healthy pipelines reported count is 0, required healthy pipeline reported count is 1
2020-10-17 13:19:34,292 [pool-198-thread-1] INFO  ratis.ContainerStateMachine (ContainerStateMachine.java:loadSnapshot(225)) - group-938506AD8350: The snapshot info is null. Setting the last applied indexto:(t:0, i:~)
2020-10-17 13:19:34,292 [pool-198-thread-1] INFO  server.RaftServerConfigKeys (ConfUtils.java:logGet(44)) - raft.server.notification.no-leader.timeout = 300s (custom)
2020-10-17 13:19:34,292 [pool-198-thread-1] INFO  server.RaftServerConfigKeys (ConfUtils.java:logGet(44)) - raft.server.log.use.memory = false (default)
2020-10-17 13:19:34,293 [pool-198-thread-1] INFO  server.RaftServerConfigKeys (ConfUtils.java:logGet(44)) - raft.server.log.purge.gap = 1000000 (custom)
2020-10-17 13:19:34,293 [pool-198-thread-1] INFO  metrics.RatisMetrics (RatisMetrics.java:lambda$create$0(36)) - Creating Metrics Registry : ratis.log_worker.9663c21e-f1e0-4b75-bb8d-ff806c3ee59e@group-938506AD8350
2020-10-17 13:19:34,293 [pool-198-thread-1] INFO  server.RaftServerConfigKeys (ConfUtils.java:logGet(44)) - raft.server.log.appender.buffer.byte-limit = 33554432 (custom)
2020-10-17 13:19:34,293 [pool-198-thread-1] INFO  server.RaftServerConfigKeys (ConfUtils.java:logGet(44)) - raft.server.log.segment.size.max = 1048576 (custom)
2020-10-17 13:19:34,294 [pool-198-thread-1] INFO  server.RaftServerConfigKeys (ConfUtils.java:logGet(44)) - raft.server.log.segment.cache.num.max = 2 (custom)
2020-10-17 13:19:34,294 [pool-198-thread-1] INFO  segmented.SegmentedRaftLogWorker (SegmentedRaftLogWorker.java:<init>(180)) - new 9663c21e-f1e0-4b75-bb8d-ff806c3ee59e@group-938506AD8350-SegmentedRaftLogWorker for RaftStorage:Storage Directory /github/workspace/mnt/ozone/hadoop-ozone/integration-test/target/test-dir/MiniOzoneClusterImpl-1fb37825-3c8e-4fc8-8488-3a2a4659ec2d/datanode-2/data/ratis/af98ae6a-50b9-4280-8a27-938506ad8350
2020-10-17 13:19:34,294 [pool-198-thread-1] INFO  server.RaftServerConfigKeys (ConfUtils.java:logGet(44)) - raft.server.log.queue.byte-limit = 2147483647 (custom)
2020-10-17 13:19:34,295 [pool-198-thread-1] INFO  server.RaftServerConfigKeys (ConfUtils.java:logGet(44)) - raft.server.log.queue.element-limit = 1024 (custom)
2020-10-17 13:19:34,295 [pool-198-thread-1] INFO  server.RaftServerConfigKeys (ConfUtils.java:logGet(44)) - raft.server.log.segment.size.max = 1048576 (custom)
2020-10-17 13:19:34,295 [pool-198-thread-1] INFO  server.RaftServerConfigKeys (ConfUtils.java:logGet(44)) - raft.server.log.preallocated.size = 16384 (custom)
2020-10-17 13:19:34,296 [pool-198-thread-1] INFO  server.RaftServerConfigKeys (ConfUtils.java:logGet(44)) - raft.server.log.write.buffer.size = 1048576 (custom)
2020-10-17 13:19:34,296 [pool-198-thread-1] INFO  server.RaftServerConfigKeys (ConfUtils.java:logGet(44)) - raft.server.log.force.sync.num = 128 (default)
2020-10-17 13:19:34,296 [pool-198-thread-1] INFO  server.RaftServerConfigKeys (ConfUtils.java:logGet(44)) - raft.server.log.statemachine.data.sync = true (default)
2020-10-17 13:19:34,296 [pool-198-thread-1] INFO  server.RaftServerConfigKeys (ConfUtils.java:logGet(44)) - raft.server.log.statemachine.data.sync.timeout = 10s (default)
2020-10-17 13:19:34,296 [pool-198-thread-1] INFO  server.RaftServerConfigKeys (ConfUtils.java:logGet(44)) - raft.server.log.statemachine.data.sync.timeout.retry = -1 (default)
2020-10-17 13:19:34,298 [pool-198-thread-1] INFO  server.RaftServerConfigKeys (ConfUtils.java:logGet(44)) - raft.server.log.statemachine.data.caching.enabled = true (custom)
2020-10-17 13:19:34,298 [pool-198-thread-1] INFO  segmented.SegmentedRaftLogWorker (SegmentedRaftLogWorker.java:lambda$new$0(129)) - 9663c21e-f1e0-4b75-bb8d-ff806c3ee59e@group-938506AD8350-SegmentedRaftLogWorker: flushIndex: setUnconditionally 0 -> -1
2020-10-17 13:19:34,298 [pool-198-thread-1] INFO  segmented.SegmentedRaftLogWorker (SegmentedRaftLogWorker.java:lambda$new$0(129)) - 9663c21e-f1e0-4b75-bb8d-ff806c3ee59e@group-938506AD8350-SegmentedRaftLogWorker: safeCacheEvictIndex: setUnconditionally 0 -> -1
2020-10-17 13:19:34,299 [pool-198-thread-1] INFO  server.RaftServerConfigKeys (ConfUtils.java:logGet(44)) - raft.server.snapshot.auto.trigger.enabled = true (custom)
2020-10-17 13:19:34,299 [pool-198-thread-1] INFO  server.RaftServerConfigKeys (ConfUtils.java:logGet(44)) - raft.server.snapshot.auto.trigger.threshold = 10000 (custom)
2020-10-17 13:19:34,299 [pool-198-thread-1] INFO  server.RaftServerConfigKeys (ConfUtils.java:logGet(44)) - raft.server.snapshot.retention.file.num = 5 (custom)
2020-10-17 13:19:34,299 [pool-198-thread-1] INFO  server.RaftServerConfigKeys (ConfUtils.java:logGet(44)) - raft.server.log.purge.upto.snapshot.index = false (default)
2020-10-17 13:19:34,299 [pool-198-thread-1] INFO  server.RaftServerConfigKeys (ConfUtils.java:logGet(44)) - raft.server.retrycache.expirytime = 600000ms (custom)
2020-10-17 13:19:34,299 [pool-198-thread-1] INFO  metrics.RatisMetrics (RatisMetrics.java:lambda$create$0(36)) - Creating Metrics Registry : ratis.leader_election.9663c21e-f1e0-4b75-bb8d-ff806c3ee59e@group-938506AD8350
2020-10-17 13:19:34,300 [pool-198-thread-1] INFO  metrics.RatisMetrics (RatisMetrics.java:lambda$create$0(36)) - Creating Metrics Registry : ratis.server.9663c21e-f1e0-4b75-bb8d-ff806c3ee59e@group-938506AD8350
2020-10-17 13:19:34,301 [pool-198-thread-1] INFO  impl.RaftServerImpl (RaftServerImpl.java:start(209)) - 9663c21e-f1e0-4b75-bb8d-ff806c3ee59e@group-938506AD8350: start as a follower, conf=-1: [9663c21e-f1e0-4b75-bb8d-ff806c3ee59e:172.17.0.2:34357:0], old=null
2020-10-17 13:19:34,301 [pool-198-thread-1] INFO  impl.RaftServerImpl (RaftServerImpl.java:setRole(198)) - 9663c21e-f1e0-4b75-bb8d-ff806c3ee59e@group-938506AD8350: changes role from      null to FOLLOWER at term 0 for startAsFollower
2020-10-17 13:19:34,301 [pool-198-thread-1] INFO  impl.RoleInfo (RoleInfo.java:updateAndGet(143)) - 9663c21e-f1e0-4b75-bb8d-ff806c3ee59e: start FollowerState
2020-10-17 13:19:34,303 [pool-198-thread-1] INFO  util.JmxRegister (JmxRegister.java:tryRegister(44)) - Successfully registered JMX Bean with object name Ratis:service=RaftServer,group=group-938506AD8350,id=9663c21e-f1e0-4b75-bb8d-ff806c3ee59e
2020-10-17 13:19:34,304 [pool-198-thread-1] INFO  metrics.RatisMetrics (RatisMetrics.java:lambda$create$0(36)) - Creating Metrics Registry : ratis.state_machine.9663c21e-f1e0-4b75-bb8d-ff806c3ee59e@group-938506AD8350
2020-10-17 13:19:34,304 [Command processor thread] INFO  commandhandler.CreatePipelineCommandHandler (CreatePipelineCommandHandler.java:handle(110)) - Created Pipeline RATIS ONE #id: "af98ae6a-50b9-4280-8a27-938506ad8350"
uuid128 {
  mostSigBits: -5793689148968058240
  leastSigBits: -8491656372831812784
}
.
2020-10-17 13:19:34,507 [Command processor thread] INFO  impl.RaftServerProxy (RaftServerProxy.java:addNew(92)) - f316fc96-4c73-4899-90e3-c2d22b42fa63: addNew group-1062759253B8:[f316fc96-4c73-4899-90e3-c2d22b42fa63:172.17.0.2:33369:0] returns group-1062759253B8:java.util.concurrent.CompletableFuture@116462f6[Not completed]
2020-10-17 13:19:34,508 [pool-213-thread-1] INFO  impl.RaftServerImpl (RaftServerImpl.java:<init>(120)) - f316fc96-4c73-4899-90e3-c2d22b42fa63: new RaftServerImpl for group-1062759253B8:[f316fc96-4c73-4899-90e3-c2d22b42fa63:172.17.0.2:33369:0] with ContainerStateMachine:uninitialized
2020-10-17 13:19:34,508 [pool-213-thread-1] INFO  server.RaftServerConfigKeys (ConfUtils.java:logGet(44)) - raft.server.rpc.timeout.min = 5s (custom)
2020-10-17 13:19:34,508 [pool-213-thread-1] INFO  server.RaftServerConfigKeys (ConfUtils.java:logGet(44)) - raft.server.rpc.timeout.max = 5200ms (custom)
2020-10-17 13:19:34,508 [pool-213-thread-1] INFO  server.RaftServerConfigKeys (ConfUtils.java:logGet(44)) - raft.server.rpcslowness.timeout = 300s (custom)
2020-10-17 13:19:34,508 [pool-213-thread-1] INFO  server.RaftServerConfigKeys (ConfUtils.java:logGet(44)) - raft.server.sleep.deviation.threshold = 300 (default)
2020-10-17 13:19:34,509 [pool-213-thread-1] INFO  server.RaftServerConfigKeys (ConfUtils.java:logGet(44)) - raft.server.log.appender.install.snapshot.enabled = false (custom)
2020-10-17 13:19:34,509 [pool-213-thread-1] INFO  impl.RaftServerImpl (ServerState.java:<init>(104)) - f316fc96-4c73-4899-90e3-c2d22b42fa63@group-1062759253B8: ConfigurationManager, init=-1: [f316fc96-4c73-4899-90e3-c2d22b42fa63:172.17.0.2:33369:0], old=null, confs=<EMPTY_MAP>
2020-10-17 13:19:34,509 [pool-213-thread-1] INFO  server.RaftServerConfigKeys (ConfUtils.java:logGet(44)) - raft.server.storage.dir = [/github/workspace/mnt/ozone/hadoop-ozone/integration-test/target/test-dir/MiniOzoneClusterImpl-1fb37825-3c8e-4fc8-8488-3a2a4659ec2d/datanode-3/data/ratis] (custom)
2020-10-17 13:19:34,509 [pool-213-thread-1] INFO  server.RaftServerConfigKeys (ConfUtils.java:logGet(44)) - raft.server.log.corruption.policy = EXCEPTION (default)
2020-10-17 13:19:34,509 [pool-213-thread-1] INFO  storage.RaftStorageDirectory (RaftStorageDirectory.java:analyzeStorage(261)) - The storage directory /github/workspace/mnt/ozone/hadoop-ozone/integration-test/target/test-dir/MiniOzoneClusterImpl-1fb37825-3c8e-4fc8-8488-3a2a4659ec2d/datanode-3/data/ratis/f01d5aa4-be52-47bc-926c-1062759253b8 does not exist. Creating ...
2020-10-17 13:19:34,512 [pool-213-thread-1] INFO  storage.RaftStorageDirectory (RaftStorageDirectory.java:tryLock(343)) - Lock on /github/workspace/mnt/ozone/hadoop-ozone/integration-test/target/test-dir/MiniOzoneClusterImpl-1fb37825-3c8e-4fc8-8488-3a2a4659ec2d/datanode-3/data/ratis/f01d5aa4-be52-47bc-926c-1062759253b8/in_use.lock acquired by nodename 29839@cd5595e0f813
2020-10-17 13:19:34,513 [pool-213-thread-1] INFO  storage.RaftStorage (RaftStorage.java:format(84)) - Storage directory /github/workspace/mnt/ozone/hadoop-ozone/integration-test/target/test-dir/MiniOzoneClusterImpl-1fb37825-3c8e-4fc8-8488-3a2a4659ec2d/datanode-3/data/ratis/f01d5aa4-be52-47bc-926c-1062759253b8 has been successfully formatted.
2020-10-17 13:19:34,514 [pool-213-thread-1] INFO  ratis.ContainerStateMachine (ContainerStateMachine.java:loadSnapshot(225)) - group-1062759253B8: The snapshot info is null. Setting the last applied indexto:(t:0, i:~)
2020-10-17 13:19:34,514 [pool-213-thread-1] INFO  server.RaftServerConfigKeys (ConfUtils.java:logGet(44)) - raft.server.notification.no-leader.timeout = 300s (custom)
2020-10-17 13:19:34,514 [pool-213-thread-1] INFO  server.RaftServerConfigKeys (ConfUtils.java:logGet(44)) - raft.server.log.use.memory = false (default)
2020-10-17 13:19:34,514 [pool-213-thread-1] INFO  server.RaftServerConfigKeys (ConfUtils.java:logGet(44)) - raft.server.log.purge.gap = 1000000 (custom)
2020-10-17 13:19:34,514 [pool-213-thread-1] INFO  metrics.RatisMetrics (RatisMetrics.java:lambda$create$0(36)) - Creating Metrics Registry : ratis.log_worker.f316fc96-4c73-4899-90e3-c2d22b42fa63@group-1062759253B8
2020-10-17 13:19:34,515 [pool-213-thread-1] INFO  server.RaftServerConfigKeys (ConfUtils.java:logGet(44)) - raft.server.log.appender.buffer.byte-limit = 33554432 (custom)
2020-10-17 13:19:34,515 [pool-213-thread-1] INFO  server.RaftServerConfigKeys (ConfUtils.java:logGet(44)) - raft.server.log.segment.size.max = 1048576 (custom)
2020-10-17 13:19:34,515 [EventQueue-PipelineReportForPipelineReportHandler] INFO  pipeline.PipelineStateManager (PipelineStateManager.java:openPipeline(131)) - Pipeline Pipeline[ Id: f01d5aa4-be52-47bc-926c-1062759253b8, Nodes: f316fc96-4c73-4899-90e3-c2d22b42fa63{ip: 172.17.0.2, host: cd5595e0f813, networkLocation: /default-rack, certSerialId: null}, Type:RATIS, Factor:ONE, State:ALLOCATED, leaderId:f316fc96-4c73-4899-90e3-c2d22b42fa63, CreationTimestamp2020-10-17T13:19:31.508Z] moved to OPEN state
2020-10-17 13:19:34,515 [EventQueue-OpenPipelineForOneReplicaPipelineSafeModeRule] INFO  safemode.SCMSafeModeManager (SCMSafeModeManager.java:validateSafeModeExitRules(214)) - AtleastOneDatanodeReportedRule rule is successfully validated
2020-10-17 13:19:34,515 [EventQueue-OpenPipelineForHealthyPipelineSafeModeRule] INFO  safemode.SCMSafeModeManager (HealthyPipelineSafeModeRule.java:process(129)) - SCM in safe mode. Healthy pipelines reported count is 0, required healthy pipeline reported count is 1
2020-10-17 13:19:34,515 [pool-213-thread-1] INFO  server.RaftServerConfigKeys (ConfUtils.java:logGet(44)) - raft.server.log.segment.cache.num.max = 2 (custom)
2020-10-17 13:19:34,515 [pool-213-thread-1] INFO  segmented.SegmentedRaftLogWorker (SegmentedRaftLogWorker.java:<init>(180)) - new f316fc96-4c73-4899-90e3-c2d22b42fa63@group-1062759253B8-SegmentedRaftLogWorker for RaftStorage:Storage Directory /github/workspace/mnt/ozone/hadoop-ozone/integration-test/target/test-dir/MiniOzoneClusterImpl-1fb37825-3c8e-4fc8-8488-3a2a4659ec2d/datanode-3/data/ratis/f01d5aa4-be52-47bc-926c-1062759253b8
2020-10-17 13:19:34,516 [pool-213-thread-1] INFO  server.RaftServerConfigKeys (ConfUtils.java:logGet(44)) - raft.server.log.queue.byte-limit = 2147483647 (custom)
2020-10-17 13:19:34,516 [pool-213-thread-1] INFO  server.RaftServerConfigKeys (ConfUtils.java:logGet(44)) - raft.server.log.queue.element-limit = 1024 (custom)
2020-10-17 13:19:34,516 [pool-213-thread-1] INFO  server.RaftServerConfigKeys (ConfUtils.java:logGet(44)) - raft.server.log.segment.size.max = 1048576 (custom)
2020-10-17 13:19:34,516 [pool-213-thread-1] INFO  server.RaftServerConfigKeys (ConfUtils.java:logGet(44)) - raft.server.log.preallocated.size = 16384 (custom)
2020-10-17 13:19:34,516 [pool-213-thread-1] INFO  server.RaftServerConfigKeys (ConfUtils.java:logGet(44)) - raft.server.log.write.buffer.size = 1048576 (custom)
2020-10-17 13:19:34,516 [pool-213-thread-1] INFO  server.RaftServerConfigKeys (ConfUtils.java:logGet(44)) - raft.server.log.force.sync.num = 128 (default)
2020-10-17 13:19:34,516 [pool-213-thread-1] INFO  server.RaftServerConfigKeys (ConfUtils.java:logGet(44)) - raft.server.log.statemachine.data.sync = true (default)
2020-10-17 13:19:34,516 [pool-213-thread-1] INFO  server.RaftServerConfigKeys (ConfUtils.java:logGet(44)) - raft.server.log.statemachine.data.sync.timeout = 10s (default)
2020-10-17 13:19:34,516 [pool-213-thread-1] INFO  server.RaftServerConfigKeys (ConfUtils.java:logGet(44)) - raft.server.log.statemachine.data.sync.timeout.retry = -1 (default)
2020-10-17 13:19:34,518 [pool-213-thread-1] INFO  server.RaftServerConfigKeys (ConfUtils.java:logGet(44)) - raft.server.log.statemachine.data.caching.enabled = true (custom)
2020-10-17 13:19:34,518 [pool-213-thread-1] INFO  segmented.SegmentedRaftLogWorker (SegmentedRaftLogWorker.java:lambda$new$0(129)) - f316fc96-4c73-4899-90e3-c2d22b42fa63@group-1062759253B8-SegmentedRaftLogWorker: flushIndex: setUnconditionally 0 -> -1
2020-10-17 13:19:34,518 [pool-213-thread-1] INFO  segmented.SegmentedRaftLogWorker (SegmentedRaftLogWorker.java:lambda$new$0(129)) - f316fc96-4c73-4899-90e3-c2d22b42fa63@group-1062759253B8-SegmentedRaftLogWorker: safeCacheEvictIndex: setUnconditionally 0 -> -1
2020-10-17 13:19:34,519 [pool-213-thread-1] INFO  server.RaftServerConfigKeys (ConfUtils.java:logGet(44)) - raft.server.snapshot.auto.trigger.enabled = true (custom)
2020-10-17 13:19:34,519 [pool-213-thread-1] INFO  server.RaftServerConfigKeys (ConfUtils.java:logGet(44)) - raft.server.snapshot.auto.trigger.threshold = 10000 (custom)
2020-10-17 13:19:34,519 [pool-213-thread-1] INFO  server.RaftServerConfigKeys (ConfUtils.java:logGet(44)) - raft.server.snapshot.retention.file.num = 5 (custom)
2020-10-17 13:19:34,519 [pool-213-thread-1] INFO  server.RaftServerConfigKeys (ConfUtils.java:logGet(44)) - raft.server.log.purge.upto.snapshot.index = false (default)
2020-10-17 13:19:34,519 [pool-213-thread-1] INFO  server.RaftServerConfigKeys (ConfUtils.java:logGet(44)) - raft.server.retrycache.expirytime = 600000ms (custom)
2020-10-17 13:19:34,519 [pool-213-thread-1] INFO  metrics.RatisMetrics (RatisMetrics.java:lambda$create$0(36)) - Creating Metrics Registry : ratis.leader_election.f316fc96-4c73-4899-90e3-c2d22b42fa63@group-1062759253B8
2020-10-17 13:19:34,520 [pool-213-thread-1] INFO  metrics.RatisMetrics (RatisMetrics.java:lambda$create$0(36)) - Creating Metrics Registry : ratis.server.f316fc96-4c73-4899-90e3-c2d22b42fa63@group-1062759253B8
2020-10-17 13:19:34,521 [pool-213-thread-1] INFO  impl.RaftServerImpl (RaftServerImpl.java:start(209)) - f316fc96-4c73-4899-90e3-c2d22b42fa63@group-1062759253B8: start as a follower, conf=-1: [f316fc96-4c73-4899-90e3-c2d22b42fa63:172.17.0.2:33369:0], old=null
2020-10-17 13:19:34,521 [pool-213-thread-1] INFO  impl.RaftServerImpl (RaftServerImpl.java:setRole(198)) - f316fc96-4c73-4899-90e3-c2d22b42fa63@group-1062759253B8: changes role from      null to FOLLOWER at term 0 for startAsFollower
2020-10-17 13:19:34,521 [pool-213-thread-1] INFO  impl.RoleInfo (RoleInfo.java:updateAndGet(143)) - f316fc96-4c73-4899-90e3-c2d22b42fa63: start FollowerState
2020-10-17 13:19:34,521 [pool-213-thread-1] INFO  util.JmxRegister (JmxRegister.java:tryRegister(44)) - Successfully registered JMX Bean with object name Ratis:service=RaftServer,group=group-1062759253B8,id=f316fc96-4c73-4899-90e3-c2d22b42fa63
2020-10-17 13:19:34,522 [pool-213-thread-1] INFO  metrics.RatisMetrics (RatisMetrics.java:lambda$create$0(36)) - Creating Metrics Registry : ratis.state_machine.f316fc96-4c73-4899-90e3-c2d22b42fa63@group-1062759253B8
2020-10-17 13:19:34,523 [Command processor thread] INFO  commandhandler.CreatePipelineCommandHandler (CreatePipelineCommandHandler.java:handle(110)) - Created Pipeline RATIS ONE #id: "f01d5aa4-be52-47bc-926c-1062759253b8"
uuid128 {
  mostSigBits: -1144659066668038212
  leastSigBits: -7895918031621958728
}
.
2020-10-17 13:19:34,523 [Command processor thread] INFO  impl.RaftServerProxy (RaftServerProxy.java:addNew(92)) - f316fc96-4c73-4899-90e3-c2d22b42fa63: addNew group-3DCA05227E39:[37c4b172-996d-44d9-83fc-874aa9de1693:172.17.0.2:44187:0, 839b407c-c1de-4b31-afbc-625e07034f6b:172.17.0.2:39563:0, f316fc96-4c73-4899-90e3-c2d22b42fa63:172.17.0.2:33369:0] returns group-3DCA05227E39:java.util.concurrent.CompletableFuture@155be402[Not completed]
2020-10-17 13:19:34,524 [pool-213-thread-1] INFO  impl.RaftServerImpl (RaftServerImpl.java:<init>(120)) - f316fc96-4c73-4899-90e3-c2d22b42fa63: new RaftServerImpl for group-3DCA05227E39:[37c4b172-996d-44d9-83fc-874aa9de1693:172.17.0.2:44187:0, 839b407c-c1de-4b31-afbc-625e07034f6b:172.17.0.2:39563:0, f316fc96-4c73-4899-90e3-c2d22b42fa63:172.17.0.2:33369:0] with ContainerStateMachine:uninitialized
2020-10-17 13:19:34,524 [pool-213-thread-1] INFO  server.RaftServerConfigKeys (ConfUtils.java:logGet(44)) - raft.server.rpc.timeout.min = 5s (custom)
2020-10-17 13:19:34,524 [pool-213-thread-1] INFO  server.RaftServerConfigKeys (ConfUtils.java:logGet(44)) - raft.server.rpc.timeout.max = 5200ms (custom)
2020-10-17 13:19:34,524 [pool-213-thread-1] INFO  server.RaftServerConfigKeys (ConfUtils.java:logGet(44)) - raft.server.rpcslowness.timeout = 300s (custom)
2020-10-17 13:19:34,524 [pool-213-thread-1] INFO  server.RaftServerConfigKeys (ConfUtils.java:logGet(44)) - raft.server.sleep.deviation.threshold = 300 (default)
2020-10-17 13:19:34,524 [pool-213-thread-1] INFO  server.RaftServerConfigKeys (ConfUtils.java:logGet(44)) - raft.server.log.appender.install.snapshot.enabled = false (custom)
2020-10-17 13:19:34,524 [pool-213-thread-1] INFO  impl.RaftServerImpl (ServerState.java:<init>(104)) - f316fc96-4c73-4899-90e3-c2d22b42fa63@group-3DCA05227E39: ConfigurationManager, init=-1: [37c4b172-996d-44d9-83fc-874aa9de1693:172.17.0.2:44187:0, 839b407c-c1de-4b31-afbc-625e07034f6b:172.17.0.2:39563:0, f316fc96-4c73-4899-90e3-c2d22b42fa63:172.17.0.2:33369:0], old=null, confs=<EMPTY_MAP>
2020-10-17 13:19:34,524 [pool-213-thread-1] INFO  server.RaftServerConfigKeys (ConfUtils.java:logGet(44)) - raft.server.storage.dir = [/github/workspace/mnt/ozone/hadoop-ozone/integration-test/target/test-dir/MiniOzoneClusterImpl-1fb37825-3c8e-4fc8-8488-3a2a4659ec2d/datanode-3/data/ratis] (custom)
2020-10-17 13:19:34,524 [pool-213-thread-1] INFO  server.RaftServerConfigKeys (ConfUtils.java:logGet(44)) - raft.server.log.corruption.policy = EXCEPTION (default)
2020-10-17 13:19:34,525 [pool-213-thread-1] INFO  storage.RaftStorageDirectory (RaftStorageDirectory.java:analyzeStorage(261)) - The storage directory /github/workspace/mnt/ozone/hadoop-ozone/integration-test/target/test-dir/MiniOzoneClusterImpl-1fb37825-3c8e-4fc8-8488-3a2a4659ec2d/datanode-3/data/ratis/8c8bfcf8-5246-4156-a6f3-3dca05227e39 does not exist. Creating ...
2020-10-17 13:19:34,528 [pool-213-thread-1] INFO  storage.RaftStorageDirectory (RaftStorageDirectory.java:tryLock(343)) - Lock on /github/workspace/mnt/ozone/hadoop-ozone/integration-test/target/test-dir/MiniOzoneClusterImpl-1fb37825-3c8e-4fc8-8488-3a2a4659ec2d/datanode-3/data/ratis/8c8bfcf8-5246-4156-a6f3-3dca05227e39/in_use.lock acquired by nodename 29839@cd5595e0f813
2020-10-17 13:19:34,530 [pool-213-thread-1] INFO  storage.RaftStorage (RaftStorage.java:format(84)) - Storage directory /github/workspace/mnt/ozone/hadoop-ozone/integration-test/target/test-dir/MiniOzoneClusterImpl-1fb37825-3c8e-4fc8-8488-3a2a4659ec2d/datanode-3/data/ratis/8c8bfcf8-5246-4156-a6f3-3dca05227e39 has been successfully formatted.
2020-10-17 13:19:34,530 [pool-213-thread-1] INFO  ratis.ContainerStateMachine (ContainerStateMachine.java:loadSnapshot(225)) - group-3DCA05227E39: The snapshot info is null. Setting the last applied indexto:(t:0, i:~)
2020-10-17 13:19:34,530 [pool-213-thread-1] INFO  server.RaftServerConfigKeys (ConfUtils.java:logGet(44)) - raft.server.notification.no-leader.timeout = 300s (custom)
2020-10-17 13:19:34,530 [pool-213-thread-1] INFO  server.RaftServerConfigKeys (ConfUtils.java:logGet(44)) - raft.server.log.use.memory = false (default)
2020-10-17 13:19:34,530 [pool-213-thread-1] INFO  server.RaftServerConfigKeys (ConfUtils.java:logGet(44)) - raft.server.log.purge.gap = 1000000 (custom)
2020-10-17 13:19:34,531 [pool-213-thread-1] INFO  metrics.RatisMetrics (RatisMetrics.java:lambda$create$0(36)) - Creating Metrics Registry : ratis.log_worker.f316fc96-4c73-4899-90e3-c2d22b42fa63@group-3DCA05227E39
2020-10-17 13:19:34,531 [pool-213-thread-1] INFO  server.RaftServerConfigKeys (ConfUtils.java:logGet(44)) - raft.server.log.appender.buffer.byte-limit = 33554432 (custom)
2020-10-17 13:19:34,531 [pool-213-thread-1] INFO  server.RaftServerConfigKeys (ConfUtils.java:logGet(44)) - raft.server.log.segment.size.max = 1048576 (custom)
2020-10-17 13:19:34,531 [pool-213-thread-1] INFO  server.RaftServerConfigKeys (ConfUtils.java:logGet(44)) - raft.server.log.segment.cache.num.max = 2 (custom)
2020-10-17 13:19:34,531 [pool-213-thread-1] INFO  segmented.SegmentedRaftLogWorker (SegmentedRaftLogWorker.java:<init>(180)) - new f316fc96-4c73-4899-90e3-c2d22b42fa63@group-3DCA05227E39-SegmentedRaftLogWorker for RaftStorage:Storage Directory /github/workspace/mnt/ozone/hadoop-ozone/integration-test/target/test-dir/MiniOzoneClusterImpl-1fb37825-3c8e-4fc8-8488-3a2a4659ec2d/datanode-3/data/ratis/8c8bfcf8-5246-4156-a6f3-3dca05227e39
2020-10-17 13:19:34,532 [pool-213-thread-1] INFO  server.RaftServerConfigKeys (ConfUtils.java:logGet(44)) - raft.server.log.queue.byte-limit = 2147483647 (custom)
2020-10-17 13:19:34,532 [pool-213-thread-1] INFO  server.RaftServerConfigKeys (ConfUtils.java:logGet(44)) - raft.server.log.queue.element-limit = 1024 (custom)
2020-10-17 13:19:34,532 [pool-213-thread-1] INFO  server.RaftServerConfigKeys (ConfUtils.java:logGet(44)) - raft.server.log.segment.size.max = 1048576 (custom)
2020-10-17 13:19:34,532 [pool-213-thread-1] INFO  server.RaftServerConfigKeys (ConfUtils.java:logGet(44)) - raft.server.log.preallocated.size = 16384 (custom)
2020-10-17 13:19:34,532 [pool-213-thread-1] INFO  server.RaftServerConfigKeys (ConfUtils.java:logGet(44)) - raft.server.log.write.buffer.size = 1048576 (custom)
2020-10-17 13:19:34,532 [pool-213-thread-1] INFO  server.RaftServerConfigKeys (ConfUtils.java:logGet(44)) - raft.server.log.force.sync.num = 128 (default)
2020-10-17 13:19:34,532 [pool-213-thread-1] INFO  server.RaftServerConfigKeys (ConfUtils.java:logGet(44)) - raft.server.log.statemachine.data.sync = true (default)
2020-10-17 13:19:34,532 [pool-213-thread-1] INFO  server.RaftServerConfigKeys (ConfUtils.java:logGet(44)) - raft.server.log.statemachine.data.sync.timeout = 10s (default)
2020-10-17 13:19:34,532 [pool-213-thread-1] INFO  server.RaftServerConfigKeys (ConfUtils.java:logGet(44)) - raft.server.log.statemachine.data.sync.timeout.retry = -1 (default)
2020-10-17 13:19:34,536 [pool-213-thread-1] INFO  server.RaftServerConfigKeys (ConfUtils.java:logGet(44)) - raft.server.log.statemachine.data.caching.enabled = true (custom)
2020-10-17 13:19:34,536 [pool-213-thread-1] INFO  segmented.SegmentedRaftLogWorker (SegmentedRaftLogWorker.java:lambda$new$0(129)) - f316fc96-4c73-4899-90e3-c2d22b42fa63@group-3DCA05227E39-SegmentedRaftLogWorker: flushIndex: setUnconditionally 0 -> -1
2020-10-17 13:19:34,536 [pool-213-thread-1] INFO  segmented.SegmentedRaftLogWorker (SegmentedRaftLogWorker.java:lambda$new$0(129)) - f316fc96-4c73-4899-90e3-c2d22b42fa63@group-3DCA05227E39-SegmentedRaftLogWorker: safeCacheEvictIndex: setUnconditionally 0 -> -1
2020-10-17 13:19:34,541 [pool-213-thread-1] INFO  server.RaftServerConfigKeys (ConfUtils.java:logGet(44)) - raft.server.snapshot.auto.trigger.enabled = true (custom)
2020-10-17 13:19:34,541 [pool-213-thread-1] INFO  server.RaftServerConfigKeys (ConfUtils.java:logGet(44)) - raft.server.snapshot.auto.trigger.threshold = 10000 (custom)
2020-10-17 13:19:34,541 [pool-213-thread-1] INFO  server.RaftServerConfigKeys (ConfUtils.java:logGet(44)) - raft.server.snapshot.retention.file.num = 5 (custom)
2020-10-17 13:19:34,541 [pool-213-thread-1] INFO  server.RaftServerConfigKeys (ConfUtils.java:logGet(44)) - raft.server.log.purge.upto.snapshot.index = false (default)
2020-10-17 13:19:34,541 [pool-213-thread-1] INFO  server.RaftServerConfigKeys (ConfUtils.java:logGet(44)) - raft.server.retrycache.expirytime = 600000ms (custom)
2020-10-17 13:19:34,541 [pool-213-thread-1] INFO  metrics.RatisMetrics (RatisMetrics.java:lambda$create$0(36)) - Creating Metrics Registry : ratis.leader_election.f316fc96-4c73-4899-90e3-c2d22b42fa63@group-3DCA05227E39
2020-10-17 13:19:34,542 [pool-213-thread-1] INFO  metrics.RatisMetrics (RatisMetrics.java:lambda$create$0(36)) - Creating Metrics Registry : ratis.server.f316fc96-4c73-4899-90e3-c2d22b42fa63@group-3DCA05227E39
2020-10-17 13:19:34,543 [pool-213-thread-1] INFO  impl.RaftServerImpl (RaftServerImpl.java:start(209)) - f316fc96-4c73-4899-90e3-c2d22b42fa63@group-3DCA05227E39: start as a follower, conf=-1: [37c4b172-996d-44d9-83fc-874aa9de1693:172.17.0.2:44187:0, 839b407c-c1de-4b31-afbc-625e07034f6b:172.17.0.2:39563:0, f316fc96-4c73-4899-90e3-c2d22b42fa63:172.17.0.2:33369:0], old=null
2020-10-17 13:19:34,543 [pool-213-thread-1] INFO  impl.RaftServerImpl (RaftServerImpl.java:setRole(198)) - f316fc96-4c73-4899-90e3-c2d22b42fa63@group-3DCA05227E39: changes role from      null to FOLLOWER at term 0 for startAsFollower
2020-10-17 13:19:34,543 [pool-213-thread-1] INFO  impl.RoleInfo (RoleInfo.java:updateAndGet(143)) - f316fc96-4c73-4899-90e3-c2d22b42fa63: start FollowerState
2020-10-17 13:19:34,544 [pool-213-thread-1] INFO  util.JmxRegister (JmxRegister.java:tryRegister(44)) - Successfully registered JMX Bean with object name Ratis:service=RaftServer,group=group-3DCA05227E39,id=f316fc96-4c73-4899-90e3-c2d22b42fa63
2020-10-17 13:19:34,544 [pool-213-thread-1] INFO  metrics.RatisMetrics (RatisMetrics.java:lambda$create$0(36)) - Creating Metrics Registry : ratis.state_machine.f316fc96-4c73-4899-90e3-c2d22b42fa63@group-3DCA05227E39
2020-10-17 13:19:34,546 [Command processor thread] INFO  metrics.RatisMetrics (RatisMetrics.java:lambda$create$0(36)) - Creating Metrics Registry : ratis.client_message_metrics.client-78A2D4CEC685->839b407c-c1de-4b31-afbc-625e07034f6b
2020-10-17 13:19:34,554 [grpc-default-executor-0] INFO  metrics.RatisMetrics (RatisMetrics.java:lambda$create$0(36)) - Creating Metrics Registry : ratis.server_message_metrics.839b407c-c1de-4b31-afbc-625e07034f6b
2020-10-17 13:19:34,558 [grpc-default-executor-0] INFO  impl.RaftServerProxy (RaftServerProxy.java:addNew(92)) - 839b407c-c1de-4b31-afbc-625e07034f6b: addNew group-3DCA05227E39:[37c4b172-996d-44d9-83fc-874aa9de1693:172.17.0.2:44187:0, 839b407c-c1de-4b31-afbc-625e07034f6b:172.17.0.2:39563:0, f316fc96-4c73-4899-90e3-c2d22b42fa63:172.17.0.2:33369:0] returns group-3DCA05227E39:java.util.concurrent.CompletableFuture@450ef51[Not completed]
2020-10-17 13:19:34,564 [pool-228-thread-1] INFO  impl.RaftServerImpl (RaftServerImpl.java:<init>(120)) - 839b407c-c1de-4b31-afbc-625e07034f6b: new RaftServerImpl for group-3DCA05227E39:[37c4b172-996d-44d9-83fc-874aa9de1693:172.17.0.2:44187:0, 839b407c-c1de-4b31-afbc-625e07034f6b:172.17.0.2:39563:0, f316fc96-4c73-4899-90e3-c2d22b42fa63:172.17.0.2:33369:0] with ContainerStateMachine:uninitialized
2020-10-17 13:19:34,567 [pool-228-thread-1] INFO  server.RaftServerConfigKeys (ConfUtils.java:logGet(44)) - raft.server.rpc.timeout.min = 5s (custom)
2020-10-17 13:19:34,567 [pool-228-thread-1] INFO  server.RaftServerConfigKeys (ConfUtils.java:logGet(44)) - raft.server.rpc.timeout.max = 5200ms (custom)
2020-10-17 13:19:34,567 [pool-228-thread-1] INFO  server.RaftServerConfigKeys (ConfUtils.java:logGet(44)) - raft.server.rpcslowness.timeout = 300s (custom)
2020-10-17 13:19:34,567 [pool-228-thread-1] INFO  server.RaftServerConfigKeys (ConfUtils.java:logGet(44)) - raft.server.sleep.deviation.threshold = 300 (default)
2020-10-17 13:19:34,568 [pool-228-thread-1] INFO  server.RaftServerConfigKeys (ConfUtils.java:logGet(44)) - raft.server.log.appender.install.snapshot.enabled = false (custom)
2020-10-17 13:19:34,568 [pool-228-thread-1] INFO  impl.RaftServerImpl (ServerState.java:<init>(104)) - 839b407c-c1de-4b31-afbc-625e07034f6b@group-3DCA05227E39: ConfigurationManager, init=-1: [37c4b172-996d-44d9-83fc-874aa9de1693:172.17.0.2:44187:0, 839b407c-c1de-4b31-afbc-625e07034f6b:172.17.0.2:39563:0, f316fc96-4c73-4899-90e3-c2d22b42fa63:172.17.0.2:33369:0], old=null, confs=<EMPTY_MAP>
2020-10-17 13:19:34,568 [pool-228-thread-1] INFO  server.RaftServerConfigKeys (ConfUtils.java:logGet(44)) - raft.server.storage.dir = [/github/workspace/mnt/ozone/hadoop-ozone/integration-test/target/test-dir/MiniOzoneClusterImpl-1fb37825-3c8e-4fc8-8488-3a2a4659ec2d/datanode-4/data/ratis] (custom)
2020-10-17 13:19:34,568 [pool-228-thread-1] INFO  server.RaftServerConfigKeys (ConfUtils.java:logGet(44)) - raft.server.log.corruption.policy = EXCEPTION (default)
2020-10-17 13:19:34,568 [pool-228-thread-1] INFO  storage.RaftStorageDirectory (RaftStorageDirectory.java:analyzeStorage(261)) - The storage directory /github/workspace/mnt/ozone/hadoop-ozone/integration-test/target/test-dir/MiniOzoneClusterImpl-1fb37825-3c8e-4fc8-8488-3a2a4659ec2d/datanode-4/data/ratis/8c8bfcf8-5246-4156-a6f3-3dca05227e39 does not exist. Creating ...
2020-10-17 13:19:34,570 [pool-228-thread-1] INFO  storage.RaftStorageDirectory (RaftStorageDirectory.java:tryLock(343)) - Lock on /github/workspace/mnt/ozone/hadoop-ozone/integration-test/target/test-dir/MiniOzoneClusterImpl-1fb37825-3c8e-4fc8-8488-3a2a4659ec2d/datanode-4/data/ratis/8c8bfcf8-5246-4156-a6f3-3dca05227e39/in_use.lock acquired by nodename 29839@cd5595e0f813
2020-10-17 13:19:34,572 [pool-228-thread-1] INFO  storage.RaftStorage (RaftStorage.java:format(84)) - Storage directory /github/workspace/mnt/ozone/hadoop-ozone/integration-test/target/test-dir/MiniOzoneClusterImpl-1fb37825-3c8e-4fc8-8488-3a2a4659ec2d/datanode-4/data/ratis/8c8bfcf8-5246-4156-a6f3-3dca05227e39 has been successfully formatted.
2020-10-17 13:19:34,572 [pool-228-thread-1] INFO  ratis.ContainerStateMachine (ContainerStateMachine.java:loadSnapshot(225)) - group-3DCA05227E39: The snapshot info is null. Setting the last applied indexto:(t:0, i:~)
2020-10-17 13:19:34,572 [pool-228-thread-1] INFO  server.RaftServerConfigKeys (ConfUtils.java:logGet(44)) - raft.server.notification.no-leader.timeout = 300s (custom)
2020-10-17 13:19:34,574 [pool-228-thread-1] INFO  server.RaftServerConfigKeys (ConfUtils.java:logGet(44)) - raft.server.log.use.memory = false (default)
2020-10-17 13:19:34,574 [pool-228-thread-1] INFO  server.RaftServerConfigKeys (ConfUtils.java:logGet(44)) - raft.server.log.purge.gap = 1000000 (custom)
2020-10-17 13:19:34,574 [pool-228-thread-1] INFO  metrics.RatisMetrics (RatisMetrics.java:lambda$create$0(36)) - Creating Metrics Registry : ratis.log_worker.839b407c-c1de-4b31-afbc-625e07034f6b@group-3DCA05227E39
2020-10-17 13:19:34,575 [pool-228-thread-1] INFO  server.RaftServerConfigKeys (ConfUtils.java:logGet(44)) - raft.server.log.appender.buffer.byte-limit = 33554432 (custom)
2020-10-17 13:19:34,575 [pool-228-thread-1] INFO  server.RaftServerConfigKeys (ConfUtils.java:logGet(44)) - raft.server.log.segment.size.max = 1048576 (custom)
2020-10-17 13:19:34,576 [pool-228-thread-1] INFO  server.RaftServerConfigKeys (ConfUtils.java:logGet(44)) - raft.server.log.segment.cache.num.max = 2 (custom)
2020-10-17 13:19:34,576 [pool-228-thread-1] INFO  segmented.SegmentedRaftLogWorker (SegmentedRaftLogWorker.java:<init>(180)) - new 839b407c-c1de-4b31-afbc-625e07034f6b@group-3DCA05227E39-SegmentedRaftLogWorker for RaftStorage:Storage Directory /github/workspace/mnt/ozone/hadoop-ozone/integration-test/target/test-dir/MiniOzoneClusterImpl-1fb37825-3c8e-4fc8-8488-3a2a4659ec2d/datanode-4/data/ratis/8c8bfcf8-5246-4156-a6f3-3dca05227e39
2020-10-17 13:19:34,576 [pool-228-thread-1] INFO  server.RaftServerConfigKeys (ConfUtils.java:logGet(44)) - raft.server.log.queue.byte-limit = 2147483647 (custom)
2020-10-17 13:19:34,576 [pool-228-thread-1] INFO  server.RaftServerConfigKeys (ConfUtils.java:logGet(44)) - raft.server.log.queue.element-limit = 1024 (custom)
2020-10-17 13:19:34,576 [pool-228-thread-1] INFO  server.RaftServerConfigKeys (ConfUtils.java:logGet(44)) - raft.server.log.segment.size.max = 1048576 (custom)
2020-10-17 13:19:34,576 [pool-228-thread-1] INFO  server.RaftServerConfigKeys (ConfUtils.java:logGet(44)) - raft.server.log.preallocated.size = 16384 (custom)
2020-10-17 13:19:34,576 [pool-228-thread-1] INFO  server.RaftServerConfigKeys (ConfUtils.java:logGet(44)) - raft.server.log.write.buffer.size = 1048576 (custom)
2020-10-17 13:19:34,576 [pool-228-thread-1] INFO  server.RaftServerConfigKeys (ConfUtils.java:logGet(44)) - raft.server.log.force.sync.num = 128 (default)
2020-10-17 13:19:34,576 [pool-228-thread-1] INFO  server.RaftServerConfigKeys (ConfUtils.java:logGet(44)) - raft.server.log.statemachine.data.sync = true (default)
2020-10-17 13:19:34,577 [pool-228-thread-1] INFO  server.RaftServerConfigKeys (ConfUtils.java:logGet(44)) - raft.server.log.statemachine.data.sync.timeout = 10s (default)
2020-10-17 13:19:34,577 [pool-228-thread-1] INFO  server.RaftServerConfigKeys (ConfUtils.java:logGet(44)) - raft.server.log.statemachine.data.sync.timeout.retry = -1 (default)
2020-10-17 13:19:34,578 [pool-228-thread-1] INFO  server.RaftServerConfigKeys (ConfUtils.java:logGet(44)) - raft.server.log.statemachine.data.caching.enabled = true (custom)
2020-10-17 13:19:34,579 [pool-228-thread-1] INFO  segmented.SegmentedRaftLogWorker (SegmentedRaftLogWorker.java:lambda$new$0(129)) - 839b407c-c1de-4b31-afbc-625e07034f6b@group-3DCA05227E39-SegmentedRaftLogWorker: flushIndex: setUnconditionally 0 -> -1
2020-10-17 13:19:34,579 [pool-228-thread-1] INFO  segmented.SegmentedRaftLogWorker (SegmentedRaftLogWorker.java:lambda$new$0(129)) - 839b407c-c1de-4b31-afbc-625e07034f6b@group-3DCA05227E39-SegmentedRaftLogWorker: safeCacheEvictIndex: setUnconditionally 0 -> -1
2020-10-17 13:19:34,579 [pool-228-thread-1] INFO  server.RaftServerConfigKeys (ConfUtils.java:logGet(44)) - raft.server.snapshot.auto.trigger.enabled = true (custom)
2020-10-17 13:19:34,579 [pool-228-thread-1] INFO  server.RaftServerConfigKeys (ConfUtils.java:logGet(44)) - raft.server.snapshot.auto.trigger.threshold = 10000 (custom)
2020-10-17 13:19:34,579 [pool-228-thread-1] INFO  server.RaftServerConfigKeys (ConfUtils.java:logGet(44)) - raft.server.snapshot.retention.file.num = 5 (custom)
2020-10-17 13:19:34,579 [pool-228-thread-1] INFO  server.RaftServerConfigKeys (ConfUtils.java:logGet(44)) - raft.server.log.purge.upto.snapshot.index = false (default)
2020-10-17 13:19:34,579 [pool-228-thread-1] INFO  server.RaftServerConfigKeys (ConfUtils.java:logGet(44)) - raft.server.retrycache.expirytime = 600000ms (custom)
2020-10-17 13:19:34,579 [pool-228-thread-1] INFO  metrics.RatisMetrics (RatisMetrics.java:lambda$create$0(36)) - Creating Metrics Registry : ratis.leader_election.839b407c-c1de-4b31-afbc-625e07034f6b@group-3DCA05227E39
2020-10-17 13:19:34,580 [pool-228-thread-1] INFO  metrics.RatisMetrics (RatisMetrics.java:lambda$create$0(36)) - Creating Metrics Registry : ratis.server.839b407c-c1de-4b31-afbc-625e07034f6b@group-3DCA05227E39
2020-10-17 13:19:34,581 [pool-228-thread-1] INFO  impl.RaftServerImpl (RaftServerImpl.java:start(209)) - 839b407c-c1de-4b31-afbc-625e07034f6b@group-3DCA05227E39: start as a follower, conf=-1: [37c4b172-996d-44d9-83fc-874aa9de1693:172.17.0.2:44187:0, 839b407c-c1de-4b31-afbc-625e07034f6b:172.17.0.2:39563:0, f316fc96-4c73-4899-90e3-c2d22b42fa63:172.17.0.2:33369:0], old=null
2020-10-17 13:19:34,581 [pool-228-thread-1] INFO  impl.RaftServerImpl (RaftServerImpl.java:setRole(198)) - 839b407c-c1de-4b31-afbc-625e07034f6b@group-3DCA05227E39: changes role from      null to FOLLOWER at term 0 for startAsFollower
2020-10-17 13:19:34,581 [pool-228-thread-1] INFO  impl.RoleInfo (RoleInfo.java:updateAndGet(143)) - 839b407c-c1de-4b31-afbc-625e07034f6b: start FollowerState
2020-10-17 13:19:34,582 [pool-228-thread-1] INFO  util.JmxRegister (JmxRegister.java:tryRegister(44)) - Successfully registered JMX Bean with object name Ratis:service=RaftServer,group=group-3DCA05227E39,id=839b407c-c1de-4b31-afbc-625e07034f6b
2020-10-17 13:19:34,582 [pool-228-thread-1] INFO  metrics.RatisMetrics (RatisMetrics.java:lambda$create$0(36)) - Creating Metrics Registry : ratis.state_machine.839b407c-c1de-4b31-afbc-625e07034f6b@group-3DCA05227E39
2020-10-17 13:19:34,592 [Command processor thread] INFO  metrics.RatisMetrics (RatisMetrics.java:lambda$create$0(36)) - Creating Metrics Registry : ratis.client_message_metrics.client-2F040D80AC58->37c4b172-996d-44d9-83fc-874aa9de1693
2020-10-17 13:19:34,598 [grpc-default-executor-0] INFO  metrics.RatisMetrics (RatisMetrics.java:lambda$create$0(36)) - Creating Metrics Registry : ratis.server_message_metrics.37c4b172-996d-44d9-83fc-874aa9de1693
2020-10-17 13:19:34,607 [grpc-default-executor-0] INFO  impl.RaftServerProxy (RaftServerProxy.java:addNew(92)) - 37c4b172-996d-44d9-83fc-874aa9de1693: addNew group-3DCA05227E39:[37c4b172-996d-44d9-83fc-874aa9de1693:172.17.0.2:44187:0, 839b407c-c1de-4b31-afbc-625e07034f6b:172.17.0.2:39563:0, f316fc96-4c73-4899-90e3-c2d22b42fa63:172.17.0.2:33369:0] returns group-3DCA05227E39:java.util.concurrent.CompletableFuture@47f3b87f[Not completed]
2020-10-17 13:19:34,608 [pool-243-thread-1] INFO  impl.RaftServerImpl (RaftServerImpl.java:<init>(120)) - 37c4b172-996d-44d9-83fc-874aa9de1693: new RaftServerImpl for group-3DCA05227E39:[37c4b172-996d-44d9-83fc-874aa9de1693:172.17.0.2:44187:0, 839b407c-c1de-4b31-afbc-625e07034f6b:172.17.0.2:39563:0, f316fc96-4c73-4899-90e3-c2d22b42fa63:172.17.0.2:33369:0] with ContainerStateMachine:uninitialized
2020-10-17 13:19:34,608 [pool-243-thread-1] INFO  server.RaftServerConfigKeys (ConfUtils.java:logGet(44)) - raft.server.rpc.timeout.min = 5s (custom)
2020-10-17 13:19:34,608 [pool-243-thread-1] INFO  server.RaftServerConfigKeys (ConfUtils.java:logGet(44)) - raft.server.rpc.timeout.max = 5200ms (custom)
2020-10-17 13:19:34,608 [pool-243-thread-1] INFO  server.RaftServerConfigKeys (ConfUtils.java:logGet(44)) - raft.server.rpcslowness.timeout = 300s (custom)
2020-10-17 13:19:34,608 [pool-243-thread-1] INFO  server.RaftServerConfigKeys (ConfUtils.java:logGet(44)) - raft.server.sleep.deviation.threshold = 300 (default)
2020-10-17 13:19:34,609 [pool-243-thread-1] INFO  server.RaftServerConfigKeys (ConfUtils.java:logGet(44)) - raft.server.log.appender.install.snapshot.enabled = false (custom)
2020-10-17 13:19:34,610 [pool-243-thread-1] INFO  impl.RaftServerImpl (ServerState.java:<init>(104)) - 37c4b172-996d-44d9-83fc-874aa9de1693@group-3DCA05227E39: ConfigurationManager, init=-1: [37c4b172-996d-44d9-83fc-874aa9de1693:172.17.0.2:44187:0, 839b407c-c1de-4b31-afbc-625e07034f6b:172.17.0.2:39563:0, f316fc96-4c73-4899-90e3-c2d22b42fa63:172.17.0.2:33369:0], old=null, confs=<EMPTY_MAP>
2020-10-17 13:19:34,610 [pool-243-thread-1] INFO  server.RaftServerConfigKeys (ConfUtils.java:logGet(44)) - raft.server.storage.dir = [/github/workspace/mnt/ozone/hadoop-ozone/integration-test/target/test-dir/MiniOzoneClusterImpl-1fb37825-3c8e-4fc8-8488-3a2a4659ec2d/datanode-5/data/ratis] (custom)
2020-10-17 13:19:34,610 [pool-243-thread-1] INFO  server.RaftServerConfigKeys (ConfUtils.java:logGet(44)) - raft.server.log.corruption.policy = EXCEPTION (default)
2020-10-17 13:19:34,610 [pool-243-thread-1] INFO  storage.RaftStorageDirectory (RaftStorageDirectory.java:analyzeStorage(261)) - The storage directory /github/workspace/mnt/ozone/hadoop-ozone/integration-test/target/test-dir/MiniOzoneClusterImpl-1fb37825-3c8e-4fc8-8488-3a2a4659ec2d/datanode-5/data/ratis/8c8bfcf8-5246-4156-a6f3-3dca05227e39 does not exist. Creating ...
2020-10-17 13:19:34,611 [pool-243-thread-1] INFO  storage.RaftStorageDirectory (RaftStorageDirectory.java:tryLock(343)) - Lock on /github/workspace/mnt/ozone/hadoop-ozone/integration-test/target/test-dir/MiniOzoneClusterImpl-1fb37825-3c8e-4fc8-8488-3a2a4659ec2d/datanode-5/data/ratis/8c8bfcf8-5246-4156-a6f3-3dca05227e39/in_use.lock acquired by nodename 29839@cd5595e0f813
2020-10-17 13:19:34,613 [pool-243-thread-1] INFO  storage.RaftStorage (RaftStorage.java:format(84)) - Storage directory /github/workspace/mnt/ozone/hadoop-ozone/integration-test/target/test-dir/MiniOzoneClusterImpl-1fb37825-3c8e-4fc8-8488-3a2a4659ec2d/datanode-5/data/ratis/8c8bfcf8-5246-4156-a6f3-3dca05227e39 has been successfully formatted.
2020-10-17 13:19:34,613 [pool-243-thread-1] INFO  ratis.ContainerStateMachine (ContainerStateMachine.java:loadSnapshot(225)) - group-3DCA05227E39: The snapshot info is null. Setting the last applied indexto:(t:0, i:~)
2020-10-17 13:19:34,621 [pool-243-thread-1] INFO  server.RaftServerConfigKeys (ConfUtils.java:logGet(44)) - raft.server.notification.no-leader.timeout = 300s (custom)
2020-10-17 13:19:34,621 [pool-243-thread-1] INFO  server.RaftServerConfigKeys (ConfUtils.java:logGet(44)) - raft.server.log.use.memory = false (default)
2020-10-17 13:19:34,621 [pool-243-thread-1] INFO  server.RaftServerConfigKeys (ConfUtils.java:logGet(44)) - raft.server.log.purge.gap = 1000000 (custom)
2020-10-17 13:19:34,621 [pool-243-thread-1] INFO  metrics.RatisMetrics (RatisMetrics.java:lambda$create$0(36)) - Creating Metrics Registry : ratis.log_worker.37c4b172-996d-44d9-83fc-874aa9de1693@group-3DCA05227E39
2020-10-17 13:19:34,622 [pool-243-thread-1] INFO  server.RaftServerConfigKeys (ConfUtils.java:logGet(44)) - raft.server.log.appender.buffer.byte-limit = 33554432 (custom)
2020-10-17 13:19:34,622 [pool-243-thread-1] INFO  server.RaftServerConfigKeys (ConfUtils.java:logGet(44)) - raft.server.log.segment.size.max = 1048576 (custom)
2020-10-17 13:19:34,622 [pool-243-thread-1] INFO  server.RaftServerConfigKeys (ConfUtils.java:logGet(44)) - raft.server.log.segment.cache.num.max = 2 (custom)
2020-10-17 13:19:34,622 [pool-243-thread-1] INFO  segmented.SegmentedRaftLogWorker (SegmentedRaftLogWorker.java:<init>(180)) - new 37c4b172-996d-44d9-83fc-874aa9de1693@group-3DCA05227E39-SegmentedRaftLogWorker for RaftStorage:Storage Directory /github/workspace/mnt/ozone/hadoop-ozone/integration-test/target/test-dir/MiniOzoneClusterImpl-1fb37825-3c8e-4fc8-8488-3a2a4659ec2d/datanode-5/data/ratis/8c8bfcf8-5246-4156-a6f3-3dca05227e39
2020-10-17 13:19:34,622 [pool-243-thread-1] INFO  server.RaftServerConfigKeys (ConfUtils.java:logGet(44)) - raft.server.log.queue.byte-limit = 2147483647 (custom)
2020-10-17 13:19:34,622 [pool-243-thread-1] INFO  server.RaftServerConfigKeys (ConfUtils.java:logGet(44)) - raft.server.log.queue.element-limit = 1024 (custom)
2020-10-17 13:19:34,622 [pool-243-thread-1] INFO  server.RaftServerConfigKeys (ConfUtils.java:logGet(44)) - raft.server.log.segment.size.max = 1048576 (custom)
2020-10-17 13:19:34,622 [pool-243-thread-1] INFO  server.RaftServerConfigKeys (ConfUtils.java:logGet(44)) - raft.server.log.preallocated.size = 16384 (custom)
2020-10-17 13:19:34,622 [pool-243-thread-1] INFO  server.RaftServerConfigKeys (ConfUtils.java:logGet(44)) - raft.server.log.write.buffer.size = 1048576 (custom)
2020-10-17 13:19:34,623 [pool-243-thread-1] INFO  server.RaftServerConfigKeys (ConfUtils.java:logGet(44)) - raft.server.log.force.sync.num = 128 (default)
2020-10-17 13:19:34,623 [pool-243-thread-1] INFO  server.RaftServerConfigKeys (ConfUtils.java:logGet(44)) - raft.server.log.statemachine.data.sync = true (default)
2020-10-17 13:19:34,623 [pool-243-thread-1] INFO  server.RaftServerConfigKeys (ConfUtils.java:logGet(44)) - raft.server.log.statemachine.data.sync.timeout = 10s (default)
2020-10-17 13:19:34,623 [pool-243-thread-1] INFO  server.RaftServerConfigKeys (ConfUtils.java:logGet(44)) - raft.server.log.statemachine.data.sync.timeout.retry = -1 (default)
2020-10-17 13:19:34,624 [pool-243-thread-1] INFO  server.RaftServerConfigKeys (ConfUtils.java:logGet(44)) - raft.server.log.statemachine.data.caching.enabled = true (custom)
2020-10-17 13:19:34,629 [pool-243-thread-1] INFO  segmented.SegmentedRaftLogWorker (SegmentedRaftLogWorker.java:lambda$new$0(129)) - 37c4b172-996d-44d9-83fc-874aa9de1693@group-3DCA05227E39-SegmentedRaftLogWorker: flushIndex: setUnconditionally 0 -> -1
2020-10-17 13:19:34,629 [pool-243-thread-1] INFO  segmented.SegmentedRaftLogWorker (SegmentedRaftLogWorker.java:lambda$new$0(129)) - 37c4b172-996d-44d9-83fc-874aa9de1693@group-3DCA05227E39-SegmentedRaftLogWorker: safeCacheEvictIndex: setUnconditionally 0 -> -1
2020-10-17 13:19:34,629 [pool-243-thread-1] INFO  server.RaftServerConfigKeys (ConfUtils.java:logGet(44)) - raft.server.snapshot.auto.trigger.enabled = true (custom)
2020-10-17 13:19:34,629 [pool-243-thread-1] INFO  server.RaftServerConfigKeys (ConfUtils.java:logGet(44)) - raft.server.snapshot.auto.trigger.threshold = 10000 (custom)
2020-10-17 13:19:34,629 [pool-243-thread-1] INFO  server.RaftServerConfigKeys (ConfUtils.java:logGet(44)) - raft.server.snapshot.retention.file.num = 5 (custom)
2020-10-17 13:19:34,629 [pool-243-thread-1] INFO  server.RaftServerConfigKeys (ConfUtils.java:logGet(44)) - raft.server.log.purge.upto.snapshot.index = false (default)
2020-10-17 13:19:34,629 [pool-243-thread-1] INFO  server.RaftServerConfigKeys (ConfUtils.java:logGet(44)) - raft.server.retrycache.expirytime = 600000ms (custom)
2020-10-17 13:19:34,629 [pool-243-thread-1] INFO  metrics.RatisMetrics (RatisMetrics.java:lambda$create$0(36)) - Creating Metrics Registry : ratis.leader_election.37c4b172-996d-44d9-83fc-874aa9de1693@group-3DCA05227E39
2020-10-17 13:19:34,630 [pool-243-thread-1] INFO  metrics.RatisMetrics (RatisMetrics.java:lambda$create$0(36)) - Creating Metrics Registry : ratis.server.37c4b172-996d-44d9-83fc-874aa9de1693@group-3DCA05227E39
2020-10-17 13:19:34,631 [pool-243-thread-1] INFO  impl.RaftServerImpl (RaftServerImpl.java:start(209)) - 37c4b172-996d-44d9-83fc-874aa9de1693@group-3DCA05227E39: start as a follower, conf=-1: [37c4b172-996d-44d9-83fc-874aa9de1693:172.17.0.2:44187:0, 839b407c-c1de-4b31-afbc-625e07034f6b:172.17.0.2:39563:0, f316fc96-4c73-4899-90e3-c2d22b42fa63:172.17.0.2:33369:0], old=null
2020-10-17 13:19:34,631 [pool-243-thread-1] INFO  impl.RaftServerImpl (RaftServerImpl.java:setRole(198)) - 37c4b172-996d-44d9-83fc-874aa9de1693@group-3DCA05227E39: changes role from      null to FOLLOWER at term 0 for startAsFollower
2020-10-17 13:19:34,631 [pool-243-thread-1] INFO  impl.RoleInfo (RoleInfo.java:updateAndGet(143)) - 37c4b172-996d-44d9-83fc-874aa9de1693: start FollowerState
2020-10-17 13:19:34,631 [pool-243-thread-1] INFO  util.JmxRegister (JmxRegister.java:tryRegister(44)) - Successfully registered JMX Bean with object name Ratis:service=RaftServer,group=group-3DCA05227E39,id=37c4b172-996d-44d9-83fc-874aa9de1693
2020-10-17 13:19:34,631 [pool-243-thread-1] INFO  metrics.RatisMetrics (RatisMetrics.java:lambda$create$0(36)) - Creating Metrics Registry : ratis.state_machine.37c4b172-996d-44d9-83fc-874aa9de1693@group-3DCA05227E39
2020-10-17 13:19:34,637 [Command processor thread] INFO  commandhandler.CreatePipelineCommandHandler (CreatePipelineCommandHandler.java:handle(110)) - Created Pipeline RATIS THREE #id: "8c8bfcf8-5246-4156-a6f3-3dca05227e39"
uuid128 {
  mostSigBits: -8319277743174434474
  leastSigBits: -6416717106193990087
}
.
2020-10-17 13:19:34,665 [Command processor thread] INFO  impl.RaftServerProxy (RaftServerProxy.java:addNew(92)) - 839b407c-c1de-4b31-afbc-625e07034f6b: addNew group-DC1924C565DB:[839b407c-c1de-4b31-afbc-625e07034f6b:172.17.0.2:39563:0] returns group-DC1924C565DB:java.util.concurrent.CompletableFuture@432bfe59[Not completed]
2020-10-17 13:19:34,666 [pool-228-thread-1] INFO  impl.RaftServerImpl (RaftServerImpl.java:<init>(120)) - 839b407c-c1de-4b31-afbc-625e07034f6b: new RaftServerImpl for group-DC1924C565DB:[839b407c-c1de-4b31-afbc-625e07034f6b:172.17.0.2:39563:0] with ContainerStateMachine:uninitialized
2020-10-17 13:19:34,666 [pool-228-thread-1] INFO  server.RaftServerConfigKeys (ConfUtils.java:logGet(44)) - raft.server.rpc.timeout.min = 5s (custom)
2020-10-17 13:19:34,666 [pool-228-thread-1] INFO  server.RaftServerConfigKeys (ConfUtils.java:logGet(44)) - raft.server.rpc.timeout.max = 5200ms (custom)
2020-10-17 13:19:34,666 [pool-228-thread-1] INFO  server.RaftServerConfigKeys (ConfUtils.java:logGet(44)) - raft.server.rpcslowness.timeout = 300s (custom)
2020-10-17 13:19:34,666 [pool-228-thread-1] INFO  server.RaftServerConfigKeys (ConfUtils.java:logGet(44)) - raft.server.sleep.deviation.threshold = 300 (default)
2020-10-17 13:19:34,666 [pool-228-thread-1] INFO  server.RaftServerConfigKeys (ConfUtils.java:logGet(44)) - raft.server.log.appender.install.snapshot.enabled = false (custom)
2020-10-17 13:19:34,666 [pool-228-thread-1] INFO  impl.RaftServerImpl (ServerState.java:<init>(104)) - 839b407c-c1de-4b31-afbc-625e07034f6b@group-DC1924C565DB: ConfigurationManager, init=-1: [839b407c-c1de-4b31-afbc-625e07034f6b:172.17.0.2:39563:0], old=null, confs=<EMPTY_MAP>
2020-10-17 13:19:34,666 [pool-228-thread-1] INFO  server.RaftServerConfigKeys (ConfUtils.java:logGet(44)) - raft.server.storage.dir = [/github/workspace/mnt/ozone/hadoop-ozone/integration-test/target/test-dir/MiniOzoneClusterImpl-1fb37825-3c8e-4fc8-8488-3a2a4659ec2d/datanode-4/data/ratis] (custom)
2020-10-17 13:19:34,667 [pool-228-thread-1] INFO  server.RaftServerConfigKeys (ConfUtils.java:logGet(44)) - raft.server.log.corruption.policy = EXCEPTION (default)
2020-10-17 13:19:34,667 [pool-228-thread-1] INFO  storage.RaftStorageDirectory (RaftStorageDirectory.java:analyzeStorage(261)) - The storage directory /github/workspace/mnt/ozone/hadoop-ozone/integration-test/target/test-dir/MiniOzoneClusterImpl-1fb37825-3c8e-4fc8-8488-3a2a4659ec2d/datanode-4/data/ratis/b134bc6e-4347-4a4c-87bc-dc1924c565db does not exist. Creating ...
2020-10-17 13:19:34,668 [pool-228-thread-1] INFO  storage.RaftStorageDirectory (RaftStorageDirectory.java:tryLock(343)) - Lock on /github/workspace/mnt/ozone/hadoop-ozone/integration-test/target/test-dir/MiniOzoneClusterImpl-1fb37825-3c8e-4fc8-8488-3a2a4659ec2d/datanode-4/data/ratis/b134bc6e-4347-4a4c-87bc-dc1924c565db/in_use.lock acquired by nodename 29839@cd5595e0f813
2020-10-17 13:19:34,670 [pool-228-thread-1] INFO  storage.RaftStorage (RaftStorage.java:format(84)) - Storage directory /github/workspace/mnt/ozone/hadoop-ozone/integration-test/target/test-dir/MiniOzoneClusterImpl-1fb37825-3c8e-4fc8-8488-3a2a4659ec2d/datanode-4/data/ratis/b134bc6e-4347-4a4c-87bc-dc1924c565db has been successfully formatted.
2020-10-17 13:19:34,671 [pool-228-thread-1] INFO  ratis.ContainerStateMachine (ContainerStateMachine.java:loadSnapshot(225)) - group-DC1924C565DB: The snapshot info is null. Setting the last applied indexto:(t:0, i:~)
2020-10-17 13:19:34,671 [pool-228-thread-1] INFO  server.RaftServerConfigKeys (ConfUtils.java:logGet(44)) - raft.server.notification.no-leader.timeout = 300s (custom)
2020-10-17 13:19:34,672 [pool-228-thread-1] INFO  server.RaftServerConfigKeys (ConfUtils.java:logGet(44)) - raft.server.log.use.memory = false (default)
2020-10-17 13:19:34,672 [pool-228-thread-1] INFO  server.RaftServerConfigKeys (ConfUtils.java:logGet(44)) - raft.server.log.purge.gap = 1000000 (custom)
2020-10-17 13:19:34,672 [pool-228-thread-1] INFO  metrics.RatisMetrics (RatisMetrics.java:lambda$create$0(36)) - Creating Metrics Registry : ratis.log_worker.839b407c-c1de-4b31-afbc-625e07034f6b@group-DC1924C565DB
2020-10-17 13:19:34,672 [EventQueue-PipelineReportForPipelineReportHandler] INFO  pipeline.PipelineStateManager (PipelineStateManager.java:openPipeline(131)) - Pipeline Pipeline[ Id: b134bc6e-4347-4a4c-87bc-dc1924c565db, Nodes: 839b407c-c1de-4b31-afbc-625e07034f6b{ip: 172.17.0.2, host: cd5595e0f813, networkLocation: /default-rack, certSerialId: null}, Type:RATIS, Factor:ONE, State:ALLOCATED, leaderId:839b407c-c1de-4b31-afbc-625e07034f6b, CreationTimestamp2020-10-17T13:19:31.669Z] moved to OPEN state
2020-10-17 13:19:34,673 [EventQueue-OpenPipelineForOneReplicaPipelineSafeModeRule] INFO  safemode.SCMSafeModeManager (SCMSafeModeManager.java:validateSafeModeExitRules(214)) - AtleastOneDatanodeReportedRule rule is successfully validated
2020-10-17 13:19:34,673 [EventQueue-OpenPipelineForHealthyPipelineSafeModeRule] INFO  safemode.SCMSafeModeManager (HealthyPipelineSafeModeRule.java:process(129)) - SCM in safe mode. Healthy pipelines reported count is 0, required healthy pipeline reported count is 1
2020-10-17 13:19:34,673 [pool-228-thread-1] INFO  server.RaftServerConfigKeys (ConfUtils.java:logGet(44)) - raft.server.log.appender.buffer.byte-limit = 33554432 (custom)
2020-10-17 13:19:34,673 [pool-228-thread-1] INFO  server.RaftServerConfigKeys (ConfUtils.java:logGet(44)) - raft.server.log.segment.size.max = 1048576 (custom)
2020-10-17 13:19:34,674 [pool-228-thread-1] INFO  server.RaftServerConfigKeys (ConfUtils.java:logGet(44)) - raft.server.log.segment.cache.num.max = 2 (custom)
2020-10-17 13:19:34,674 [pool-228-thread-1] INFO  segmented.SegmentedRaftLogWorker (SegmentedRaftLogWorker.java:<init>(180)) - new 839b407c-c1de-4b31-afbc-625e07034f6b@group-DC1924C565DB-SegmentedRaftLogWorker for RaftStorage:Storage Directory /github/workspace/mnt/ozone/hadoop-ozone/integration-test/target/test-dir/MiniOzoneClusterImpl-1fb37825-3c8e-4fc8-8488-3a2a4659ec2d/datanode-4/data/ratis/b134bc6e-4347-4a4c-87bc-dc1924c565db
2020-10-17 13:19:34,674 [pool-228-thread-1] INFO  server.RaftServerConfigKeys (ConfUtils.java:logGet(44)) - raft.server.log.queue.byte-limit = 2147483647 (custom)
2020-10-17 13:19:34,674 [pool-228-thread-1] INFO  server.RaftServerConfigKeys (ConfUtils.java:logGet(44)) - raft.server.log.queue.element-limit = 1024 (custom)
2020-10-17 13:19:34,674 [pool-228-thread-1] INFO  server.RaftServerConfigKeys (ConfUtils.java:logGet(44)) - raft.server.log.segment.size.max = 1048576 (custom)
2020-10-17 13:19:34,674 [pool-228-thread-1] INFO  server.RaftServerConfigKeys (ConfUtils.java:logGet(44)) - raft.server.log.preallocated.size = 16384 (custom)
2020-10-17 13:19:34,675 [pool-228-thread-1] INFO  server.RaftServerConfigKeys (ConfUtils.java:logGet(44)) - raft.server.log.write.buffer.size = 1048576 (custom)
2020-10-17 13:19:34,675 [pool-228-thread-1] INFO  server.RaftServerConfigKeys (ConfUtils.java:logGet(44)) - raft.server.log.force.sync.num = 128 (default)
2020-10-17 13:19:34,675 [pool-228-thread-1] INFO  server.RaftServerConfigKeys (ConfUtils.java:logGet(44)) - raft.server.log.statemachine.data.sync = true (default)
2020-10-17 13:19:34,675 [pool-228-thread-1] INFO  server.RaftServerConfigKeys (ConfUtils.java:logGet(44)) - raft.server.log.statemachine.data.sync.timeout = 10s (default)
2020-10-17 13:19:34,675 [pool-228-thread-1] INFO  server.RaftServerConfigKeys (ConfUtils.java:logGet(44)) - raft.server.log.statemachine.data.sync.timeout.retry = -1 (default)
2020-10-17 13:19:34,676 [pool-228-thread-1] INFO  server.RaftServerConfigKeys (ConfUtils.java:logGet(44)) - raft.server.log.statemachine.data.caching.enabled = true (custom)
2020-10-17 13:19:34,677 [pool-228-thread-1] INFO  segmented.SegmentedRaftLogWorker (SegmentedRaftLogWorker.java:lambda$new$0(129)) - 839b407c-c1de-4b31-afbc-625e07034f6b@group-DC1924C565DB-SegmentedRaftLogWorker: flushIndex: setUnconditionally 0 -> -1
2020-10-17 13:19:34,677 [pool-228-thread-1] INFO  segmented.SegmentedRaftLogWorker (SegmentedRaftLogWorker.java:lambda$new$0(129)) - 839b407c-c1de-4b31-afbc-625e07034f6b@group-DC1924C565DB-SegmentedRaftLogWorker: safeCacheEvictIndex: setUnconditionally 0 -> -1
2020-10-17 13:19:34,677 [pool-228-thread-1] INFO  server.RaftServerConfigKeys (ConfUtils.java:logGet(44)) - raft.server.snapshot.auto.trigger.enabled = true (custom)
2020-10-17 13:19:34,677 [pool-228-thread-1] INFO  server.RaftServerConfigKeys (ConfUtils.java:logGet(44)) - raft.server.snapshot.auto.trigger.threshold = 10000 (custom)
2020-10-17 13:19:34,677 [pool-228-thread-1] INFO  server.RaftServerConfigKeys (ConfUtils.java:logGet(44)) - raft.server.snapshot.retention.file.num = 5 (custom)
2020-10-17 13:19:34,677 [pool-228-thread-1] INFO  server.RaftServerConfigKeys (ConfUtils.java:logGet(44)) - raft.server.log.purge.upto.snapshot.index = false (default)
2020-10-17 13:19:34,677 [pool-228-thread-1] INFO  server.RaftServerConfigKeys (ConfUtils.java:logGet(44)) - raft.server.retrycache.expirytime = 600000ms (custom)
2020-10-17 13:19:34,678 [pool-228-thread-1] INFO  metrics.RatisMetrics (RatisMetrics.java:lambda$create$0(36)) - Creating Metrics Registry : ratis.leader_election.839b407c-c1de-4b31-afbc-625e07034f6b@group-DC1924C565DB
2020-10-17 13:19:34,678 [pool-228-thread-1] INFO  metrics.RatisMetrics (RatisMetrics.java:lambda$create$0(36)) - Creating Metrics Registry : ratis.server.839b407c-c1de-4b31-afbc-625e07034f6b@group-DC1924C565DB
2020-10-17 13:19:34,679 [pool-228-thread-1] INFO  impl.RaftServerImpl (RaftServerImpl.java:start(209)) - 839b407c-c1de-4b31-afbc-625e07034f6b@group-DC1924C565DB: start as a follower, conf=-1: [839b407c-c1de-4b31-afbc-625e07034f6b:172.17.0.2:39563:0], old=null
2020-10-17 13:19:34,679 [pool-228-thread-1] INFO  impl.RaftServerImpl (RaftServerImpl.java:setRole(198)) - 839b407c-c1de-4b31-afbc-625e07034f6b@group-DC1924C565DB: changes role from      null to FOLLOWER at term 0 for startAsFollower
2020-10-17 13:19:34,679 [pool-228-thread-1] INFO  impl.RoleInfo (RoleInfo.java:updateAndGet(143)) - 839b407c-c1de-4b31-afbc-625e07034f6b: start FollowerState
2020-10-17 13:19:34,679 [pool-228-thread-1] INFO  util.JmxRegister (JmxRegister.java:tryRegister(44)) - Successfully registered JMX Bean with object name Ratis:service=RaftServer,group=group-DC1924C565DB,id=839b407c-c1de-4b31-afbc-625e07034f6b
2020-10-17 13:19:34,679 [pool-228-thread-1] INFO  metrics.RatisMetrics (RatisMetrics.java:lambda$create$0(36)) - Creating Metrics Registry : ratis.state_machine.839b407c-c1de-4b31-afbc-625e07034f6b@group-DC1924C565DB
2020-10-17 13:19:34,680 [Command processor thread] INFO  commandhandler.CreatePipelineCommandHandler (CreatePipelineCommandHandler.java:handle(110)) - Created Pipeline RATIS ONE #id: "b134bc6e-4347-4a4c-87bc-dc1924c565db"
uuid128 {
  mostSigBits: -5677706048446182836
  leastSigBits: -8665809582418467365
}
.
2020-10-17 13:19:34,835 [Command processor thread] INFO  impl.RaftServerProxy (RaftServerProxy.java:addNew(92)) - 37c4b172-996d-44d9-83fc-874aa9de1693: addNew group-B9FA40716987:[37c4b172-996d-44d9-83fc-874aa9de1693:172.17.0.2:44187:0] returns group-B9FA40716987:java.util.concurrent.CompletableFuture@146b321f[Not completed]
2020-10-17 13:19:34,836 [pool-243-thread-1] INFO  impl.RaftServerImpl (RaftServerImpl.java:<init>(120)) - 37c4b172-996d-44d9-83fc-874aa9de1693: new RaftServerImpl for group-B9FA40716987:[37c4b172-996d-44d9-83fc-874aa9de1693:172.17.0.2:44187:0] with ContainerStateMachine:uninitialized
2020-10-17 13:19:34,837 [pool-243-thread-1] INFO  server.RaftServerConfigKeys (ConfUtils.java:logGet(44)) - raft.server.rpc.timeout.min = 5s (custom)
2020-10-17 13:19:34,837 [pool-243-thread-1] INFO  server.RaftServerConfigKeys (ConfUtils.java:logGet(44)) - raft.server.rpc.timeout.max = 5200ms (custom)
2020-10-17 13:19:34,837 [pool-243-thread-1] INFO  server.RaftServerConfigKeys (ConfUtils.java:logGet(44)) - raft.server.rpcslowness.timeout = 300s (custom)
2020-10-17 13:19:34,837 [pool-243-thread-1] INFO  server.RaftServerConfigKeys (ConfUtils.java:logGet(44)) - raft.server.sleep.deviation.threshold = 300 (default)
2020-10-17 13:19:34,837 [pool-243-thread-1] INFO  server.RaftServerConfigKeys (ConfUtils.java:logGet(44)) - raft.server.log.appender.install.snapshot.enabled = false (custom)
2020-10-17 13:19:34,837 [pool-243-thread-1] INFO  impl.RaftServerImpl (ServerState.java:<init>(104)) - 37c4b172-996d-44d9-83fc-874aa9de1693@group-B9FA40716987: ConfigurationManager, init=-1: [37c4b172-996d-44d9-83fc-874aa9de1693:172.17.0.2:44187:0], old=null, confs=<EMPTY_MAP>
2020-10-17 13:19:34,837 [pool-243-thread-1] INFO  server.RaftServerConfigKeys (ConfUtils.java:logGet(44)) - raft.server.storage.dir = [/github/workspace/mnt/ozone/hadoop-ozone/integration-test/target/test-dir/MiniOzoneClusterImpl-1fb37825-3c8e-4fc8-8488-3a2a4659ec2d/datanode-5/data/ratis] (custom)
2020-10-17 13:19:34,837 [pool-243-thread-1] INFO  server.RaftServerConfigKeys (ConfUtils.java:logGet(44)) - raft.server.log.corruption.policy = EXCEPTION (default)
2020-10-17 13:19:34,837 [pool-243-thread-1] INFO  storage.RaftStorageDirectory (RaftStorageDirectory.java:analyzeStorage(261)) - The storage directory /github/workspace/mnt/ozone/hadoop-ozone/integration-test/target/test-dir/MiniOzoneClusterImpl-1fb37825-3c8e-4fc8-8488-3a2a4659ec2d/datanode-5/data/ratis/93b23e16-3bc2-4d35-a8c2-b9fa40716987 does not exist. Creating ...
2020-10-17 13:19:34,840 [pool-243-thread-1] INFO  storage.RaftStorageDirectory (RaftStorageDirectory.java:tryLock(343)) - Lock on /github/workspace/mnt/ozone/hadoop-ozone/integration-test/target/test-dir/MiniOzoneClusterImpl-1fb37825-3c8e-4fc8-8488-3a2a4659ec2d/datanode-5/data/ratis/93b23e16-3bc2-4d35-a8c2-b9fa40716987/in_use.lock acquired by nodename 29839@cd5595e0f813
2020-10-17 13:19:34,841 [pool-243-thread-1] INFO  storage.RaftStorage (RaftStorage.java:format(84)) - Storage directory /github/workspace/mnt/ozone/hadoop-ozone/integration-test/target/test-dir/MiniOzoneClusterImpl-1fb37825-3c8e-4fc8-8488-3a2a4659ec2d/datanode-5/data/ratis/93b23e16-3bc2-4d35-a8c2-b9fa40716987 has been successfully formatted.
2020-10-17 13:19:34,841 [pool-243-thread-1] INFO  ratis.ContainerStateMachine (ContainerStateMachine.java:loadSnapshot(225)) - group-B9FA40716987: The snapshot info is null. Setting the last applied indexto:(t:0, i:~)
2020-10-17 13:19:34,842 [pool-243-thread-1] INFO  server.RaftServerConfigKeys (ConfUtils.java:logGet(44)) - raft.server.notification.no-leader.timeout = 300s (custom)
2020-10-17 13:19:34,842 [pool-243-thread-1] INFO  server.RaftServerConfigKeys (ConfUtils.java:logGet(44)) - raft.server.log.use.memory = false (default)
2020-10-17 13:19:34,842 [pool-243-thread-1] INFO  server.RaftServerConfigKeys (ConfUtils.java:logGet(44)) - raft.server.log.purge.gap = 1000000 (custom)
2020-10-17 13:19:34,842 [pool-243-thread-1] INFO  metrics.RatisMetrics (RatisMetrics.java:lambda$create$0(36)) - Creating Metrics Registry : ratis.log_worker.37c4b172-996d-44d9-83fc-874aa9de1693@group-B9FA40716987
2020-10-17 13:19:34,843 [EventQueue-PipelineReportForPipelineReportHandler] INFO  pipeline.PipelineStateManager (PipelineStateManager.java:openPipeline(131)) - Pipeline Pipeline[ Id: 93b23e16-3bc2-4d35-a8c2-b9fa40716987, Nodes: 37c4b172-996d-44d9-83fc-874aa9de1693{ip: 172.17.0.2, host: cd5595e0f813, networkLocation: /default-rack, certSerialId: null}, Type:RATIS, Factor:ONE, State:ALLOCATED, leaderId:37c4b172-996d-44d9-83fc-874aa9de1693, CreationTimestamp2020-10-17T13:19:31.838Z] moved to OPEN state
2020-10-17 13:19:34,843 [EventQueue-OpenPipelineForOneReplicaPipelineSafeModeRule] INFO  safemode.SCMSafeModeManager (SCMSafeModeManager.java:validateSafeModeExitRules(214)) - AtleastOneDatanodeReportedRule rule is successfully validated
2020-10-17 13:19:34,843 [EventQueue-OpenPipelineForHealthyPipelineSafeModeRule] INFO  safemode.SCMSafeModeManager (HealthyPipelineSafeModeRule.java:process(129)) - SCM in safe mode. Healthy pipelines reported count is 0, required healthy pipeline reported count is 1
2020-10-17 13:19:34,843 [pool-243-thread-1] INFO  server.RaftServerConfigKeys (ConfUtils.java:logGet(44)) - raft.server.log.appender.buffer.byte-limit = 33554432 (custom)
2020-10-17 13:19:34,843 [pool-243-thread-1] INFO  server.RaftServerConfigKeys (ConfUtils.java:logGet(44)) - raft.server.log.segment.size.max = 1048576 (custom)
2020-10-17 13:19:34,844 [pool-243-thread-1] INFO  server.RaftServerConfigKeys (ConfUtils.java:logGet(44)) - raft.server.log.segment.cache.num.max = 2 (custom)
2020-10-17 13:19:34,844 [pool-243-thread-1] INFO  segmented.SegmentedRaftLogWorker (SegmentedRaftLogWorker.java:<init>(180)) - new 37c4b172-996d-44d9-83fc-874aa9de1693@group-B9FA40716987-SegmentedRaftLogWorker for RaftStorage:Storage Directory /github/workspace/mnt/ozone/hadoop-ozone/integration-test/target/test-dir/MiniOzoneClusterImpl-1fb37825-3c8e-4fc8-8488-3a2a4659ec2d/datanode-5/data/ratis/93b23e16-3bc2-4d35-a8c2-b9fa40716987
2020-10-17 13:19:34,844 [pool-243-thread-1] INFO  server.RaftServerConfigKeys (ConfUtils.java:logGet(44)) - raft.server.log.queue.byte-limit = 2147483647 (custom)
2020-10-17 13:19:34,844 [pool-243-thread-1] INFO  server.RaftServerConfigKeys (ConfUtils.java:logGet(44)) - raft.server.log.queue.element-limit = 1024 (custom)
2020-10-17 13:19:34,844 [pool-243-thread-1] INFO  server.RaftServerConfigKeys (ConfUtils.java:logGet(44)) - raft.server.log.segment.size.max = 1048576 (custom)
2020-10-17 13:19:34,844 [pool-243-thread-1] INFO  server.RaftServerConfigKeys (ConfUtils.java:logGet(44)) - raft.server.log.preallocated.size = 16384 (custom)
2020-10-17 13:19:34,844 [pool-243-thread-1] INFO  server.RaftServerConfigKeys (ConfUtils.java:logGet(44)) - raft.server.log.write.buffer.size = 1048576 (custom)
2020-10-17 13:19:34,844 [pool-243-thread-1] INFO  server.RaftServerConfigKeys (ConfUtils.java:logGet(44)) - raft.server.log.force.sync.num = 128 (default)
2020-10-17 13:19:34,844 [pool-243-thread-1] INFO  server.RaftServerConfigKeys (ConfUtils.java:logGet(44)) - raft.server.log.statemachine.data.sync = true (default)
2020-10-17 13:19:34,845 [pool-243-thread-1] INFO  server.RaftServerConfigKeys (ConfUtils.java:logGet(44)) - raft.server.log.statemachine.data.sync.timeout = 10s (default)
2020-10-17 13:19:34,845 [pool-243-thread-1] INFO  server.RaftServerConfigKeys (ConfUtils.java:logGet(44)) - raft.server.log.statemachine.data.sync.timeout.retry = -1 (default)
2020-10-17 13:19:34,846 [pool-243-thread-1] INFO  server.RaftServerConfigKeys (ConfUtils.java:logGet(44)) - raft.server.log.statemachine.data.caching.enabled = true (custom)
2020-10-17 13:19:34,846 [pool-243-thread-1] INFO  segmented.SegmentedRaftLogWorker (SegmentedRaftLogWorker.java:lambda$new$0(129)) - 37c4b172-996d-44d9-83fc-874aa9de1693@group-B9FA40716987-SegmentedRaftLogWorker: flushIndex: setUnconditionally 0 -> -1
2020-10-17 13:19:34,846 [pool-243-thread-1] INFO  segmented.SegmentedRaftLogWorker (SegmentedRaftLogWorker.java:lambda$new$0(129)) - 37c4b172-996d-44d9-83fc-874aa9de1693@group-B9FA40716987-SegmentedRaftLogWorker: safeCacheEvictIndex: setUnconditionally 0 -> -1
2020-10-17 13:19:34,847 [pool-243-thread-1] INFO  server.RaftServerConfigKeys (ConfUtils.java:logGet(44)) - raft.server.snapshot.auto.trigger.enabled = true (custom)
2020-10-17 13:19:34,847 [pool-243-thread-1] INFO  server.RaftServerConfigKeys (ConfUtils.java:logGet(44)) - raft.server.snapshot.auto.trigger.threshold = 10000 (custom)
2020-10-17 13:19:34,847 [pool-243-thread-1] INFO  server.RaftServerConfigKeys (ConfUtils.java:logGet(44)) - raft.server.snapshot.retention.file.num = 5 (custom)
2020-10-17 13:19:34,847 [pool-243-thread-1] INFO  server.RaftServerConfigKeys (ConfUtils.java:logGet(44)) - raft.server.log.purge.upto.snapshot.index = false (default)
2020-10-17 13:19:34,847 [pool-243-thread-1] INFO  server.RaftServerConfigKeys (ConfUtils.java:logGet(44)) - raft.server.retrycache.expirytime = 600000ms (custom)
2020-10-17 13:19:34,847 [pool-243-thread-1] INFO  metrics.RatisMetrics (RatisMetrics.java:lambda$create$0(36)) - Creating Metrics Registry : ratis.leader_election.37c4b172-996d-44d9-83fc-874aa9de1693@group-B9FA40716987
2020-10-17 13:19:34,848 [pool-243-thread-1] INFO  metrics.RatisMetrics (RatisMetrics.java:lambda$create$0(36)) - Creating Metrics Registry : ratis.server.37c4b172-996d-44d9-83fc-874aa9de1693@group-B9FA40716987
2020-10-17 13:19:34,849 [pool-243-thread-1] INFO  impl.RaftServerImpl (RaftServerImpl.java:start(209)) - 37c4b172-996d-44d9-83fc-874aa9de1693@group-B9FA40716987: start as a follower, conf=-1: [37c4b172-996d-44d9-83fc-874aa9de1693:172.17.0.2:44187:0], old=null
2020-10-17 13:19:34,849 [pool-243-thread-1] INFO  impl.RaftServerImpl (RaftServerImpl.java:setRole(198)) - 37c4b172-996d-44d9-83fc-874aa9de1693@group-B9FA40716987: changes role from      null to FOLLOWER at term 0 for startAsFollower
2020-10-17 13:19:34,849 [pool-243-thread-1] INFO  impl.RoleInfo (RoleInfo.java:updateAndGet(143)) - 37c4b172-996d-44d9-83fc-874aa9de1693: start FollowerState
2020-10-17 13:19:34,849 [pool-243-thread-1] INFO  util.JmxRegister (JmxRegister.java:tryRegister(44)) - Successfully registered JMX Bean with object name Ratis:service=RaftServer,group=group-B9FA40716987,id=37c4b172-996d-44d9-83fc-874aa9de1693
2020-10-17 13:19:34,849 [pool-243-thread-1] INFO  metrics.RatisMetrics (RatisMetrics.java:lambda$create$0(36)) - Creating Metrics Registry : ratis.state_machine.37c4b172-996d-44d9-83fc-874aa9de1693@group-B9FA40716987
2020-10-17 13:19:34,850 [Command processor thread] INFO  commandhandler.CreatePipelineCommandHandler (CreatePipelineCommandHandler.java:handle(110)) - Created Pipeline RATIS ONE #id: "93b23e16-3bc2-4d35-a8c2-b9fa40716987"
uuid128 {
  mostSigBits: -7804106939066856139
  leastSigBits: -6286257645381654137
}
.
2020-10-17 13:19:35,020 [Listener at 127.0.0.1/44403] INFO  ozone.MiniOzoneClusterImpl (MiniOzoneClusterImpl.java:lambda$waitForClusterToBeReady$0(177)) - Nodes are ready. Got 7 of 7 DN Heartbeats.
2020-10-17 13:19:35,020 [Listener at 127.0.0.1/44403] INFO  ozone.MiniOzoneClusterImpl (MiniOzoneClusterImpl.java:lambda$waitForClusterToBeReady$0(180)) - Waiting for cluster to exit safe mode
2020-10-17 13:19:35,030 [Command processor thread] INFO  impl.RaftServerProxy (RaftServerProxy.java:addNew(92)) - 84728469-0fd8-41c1-ac03-11393601ff88: addNew group-4F0C448076AF:[84728469-0fd8-41c1-ac03-11393601ff88:172.17.0.2:37239:0] returns group-4F0C448076AF:java.util.concurrent.CompletableFuture@69037a06[Not completed]
2020-10-17 13:19:35,033 [pool-258-thread-1] INFO  impl.RaftServerImpl (RaftServerImpl.java:<init>(120)) - 84728469-0fd8-41c1-ac03-11393601ff88: new RaftServerImpl for group-4F0C448076AF:[84728469-0fd8-41c1-ac03-11393601ff88:172.17.0.2:37239:0] with ContainerStateMachine:uninitialized
2020-10-17 13:19:35,034 [pool-258-thread-1] INFO  server.RaftServerConfigKeys (ConfUtils.java:logGet(44)) - raft.server.rpc.timeout.min = 5s (custom)
2020-10-17 13:19:35,034 [pool-258-thread-1] INFO  server.RaftServerConfigKeys (ConfUtils.java:logGet(44)) - raft.server.rpc.timeout.max = 5200ms (custom)
2020-10-17 13:19:35,034 [pool-258-thread-1] INFO  server.RaftServerConfigKeys (ConfUtils.java:logGet(44)) - raft.server.rpcslowness.timeout = 300s (custom)
2020-10-17 13:19:35,034 [pool-258-thread-1] INFO  server.RaftServerConfigKeys (ConfUtils.java:logGet(44)) - raft.server.sleep.deviation.threshold = 300 (default)
2020-10-17 13:19:35,034 [pool-258-thread-1] INFO  server.RaftServerConfigKeys (ConfUtils.java:logGet(44)) - raft.server.log.appender.install.snapshot.enabled = false (custom)
2020-10-17 13:19:35,034 [pool-258-thread-1] INFO  impl.RaftServerImpl (ServerState.java:<init>(104)) - 84728469-0fd8-41c1-ac03-11393601ff88@group-4F0C448076AF: ConfigurationManager, init=-1: [84728469-0fd8-41c1-ac03-11393601ff88:172.17.0.2:37239:0], old=null, confs=<EMPTY_MAP>
2020-10-17 13:19:35,035 [pool-258-thread-1] INFO  server.RaftServerConfigKeys (ConfUtils.java:logGet(44)) - raft.server.storage.dir = [/github/workspace/mnt/ozone/hadoop-ozone/integration-test/target/test-dir/MiniOzoneClusterImpl-1fb37825-3c8e-4fc8-8488-3a2a4659ec2d/datanode-6/data/ratis] (custom)
2020-10-17 13:19:35,035 [pool-258-thread-1] INFO  server.RaftServerConfigKeys (ConfUtils.java:logGet(44)) - raft.server.log.corruption.policy = EXCEPTION (default)
2020-10-17 13:19:35,035 [pool-258-thread-1] INFO  storage.RaftStorageDirectory (RaftStorageDirectory.java:analyzeStorage(261)) - The storage directory /github/workspace/mnt/ozone/hadoop-ozone/integration-test/target/test-dir/MiniOzoneClusterImpl-1fb37825-3c8e-4fc8-8488-3a2a4659ec2d/datanode-6/data/ratis/400aa601-6397-431f-826f-4f0c448076af does not exist. Creating ...
2020-10-17 13:19:35,037 [pool-258-thread-1] INFO  storage.RaftStorageDirectory (RaftStorageDirectory.java:tryLock(343)) - Lock on /github/workspace/mnt/ozone/hadoop-ozone/integration-test/target/test-dir/MiniOzoneClusterImpl-1fb37825-3c8e-4fc8-8488-3a2a4659ec2d/datanode-6/data/ratis/400aa601-6397-431f-826f-4f0c448076af/in_use.lock acquired by nodename 29839@cd5595e0f813
2020-10-17 13:19:35,038 [pool-258-thread-1] INFO  storage.RaftStorage (RaftStorage.java:format(84)) - Storage directory /github/workspace/mnt/ozone/hadoop-ozone/integration-test/target/test-dir/MiniOzoneClusterImpl-1fb37825-3c8e-4fc8-8488-3a2a4659ec2d/datanode-6/data/ratis/400aa601-6397-431f-826f-4f0c448076af has been successfully formatted.
2020-10-17 13:19:35,038 [pool-258-thread-1] INFO  ratis.ContainerStateMachine (ContainerStateMachine.java:loadSnapshot(225)) - group-4F0C448076AF: The snapshot info is null. Setting the last applied indexto:(t:0, i:~)
2020-10-17 13:19:35,039 [pool-258-thread-1] INFO  server.RaftServerConfigKeys (ConfUtils.java:logGet(44)) - raft.server.notification.no-leader.timeout = 300s (custom)
2020-10-17 13:19:35,039 [pool-258-thread-1] INFO  server.RaftServerConfigKeys (ConfUtils.java:logGet(44)) - raft.server.log.use.memory = false (default)
2020-10-17 13:19:35,040 [pool-258-thread-1] INFO  server.RaftServerConfigKeys (ConfUtils.java:logGet(44)) - raft.server.log.purge.gap = 1000000 (custom)
2020-10-17 13:19:35,040 [pool-258-thread-1] INFO  metrics.RatisMetrics (RatisMetrics.java:lambda$create$0(36)) - Creating Metrics Registry : ratis.log_worker.84728469-0fd8-41c1-ac03-11393601ff88@group-4F0C448076AF
2020-10-17 13:19:35,040 [pool-258-thread-1] INFO  server.RaftServerConfigKeys (ConfUtils.java:logGet(44)) - raft.server.log.appender.buffer.byte-limit = 33554432 (custom)
2020-10-17 13:19:35,040 [EventQueue-PipelineReportForPipelineReportHandler] INFO  pipeline.PipelineStateManager (PipelineStateManager.java:openPipeline(131)) - Pipeline Pipeline[ Id: 400aa601-6397-431f-826f-4f0c448076af, Nodes: 84728469-0fd8-41c1-ac03-11393601ff88{ip: 172.17.0.2, host: cd5595e0f813, networkLocation: /default-rack, certSerialId: null}, Type:RATIS, Factor:ONE, State:ALLOCATED, leaderId:84728469-0fd8-41c1-ac03-11393601ff88, CreationTimestamp2020-10-17T13:19:32.029Z] moved to OPEN state
2020-10-17 13:19:35,041 [EventQueue-OpenPipelineForHealthyPipelineSafeModeRule] INFO  safemode.SCMSafeModeManager (HealthyPipelineSafeModeRule.java:process(129)) - SCM in safe mode. Healthy pipelines reported count is 0, required healthy pipeline reported count is 1
2020-10-17 13:19:35,041 [EventQueue-OpenPipelineForOneReplicaPipelineSafeModeRule] INFO  safemode.SCMSafeModeManager (SCMSafeModeManager.java:validateSafeModeExitRules(214)) - AtleastOneDatanodeReportedRule rule is successfully validated
2020-10-17 13:19:35,040 [pool-258-thread-1] INFO  server.RaftServerConfigKeys (ConfUtils.java:logGet(44)) - raft.server.log.segment.size.max = 1048576 (custom)
2020-10-17 13:19:35,043 [pool-258-thread-1] INFO  server.RaftServerConfigKeys (ConfUtils.java:logGet(44)) - raft.server.log.segment.cache.num.max = 2 (custom)
2020-10-17 13:19:35,043 [pool-258-thread-1] INFO  segmented.SegmentedRaftLogWorker (SegmentedRaftLogWorker.java:<init>(180)) - new 84728469-0fd8-41c1-ac03-11393601ff88@group-4F0C448076AF-SegmentedRaftLogWorker for RaftStorage:Storage Directory /github/workspace/mnt/ozone/hadoop-ozone/integration-test/target/test-dir/MiniOzoneClusterImpl-1fb37825-3c8e-4fc8-8488-3a2a4659ec2d/datanode-6/data/ratis/400aa601-6397-431f-826f-4f0c448076af
2020-10-17 13:19:35,043 [pool-258-thread-1] INFO  server.RaftServerConfigKeys (ConfUtils.java:logGet(44)) - raft.server.log.queue.byte-limit = 2147483647 (custom)
2020-10-17 13:19:35,043 [pool-258-thread-1] INFO  server.RaftServerConfigKeys (ConfUtils.java:logGet(44)) - raft.server.log.queue.element-limit = 1024 (custom)
2020-10-17 13:19:35,043 [pool-258-thread-1] INFO  server.RaftServerConfigKeys (ConfUtils.java:logGet(44)) - raft.server.log.segment.size.max = 1048576 (custom)
2020-10-17 13:19:35,043 [pool-258-thread-1] INFO  server.RaftServerConfigKeys (ConfUtils.java:logGet(44)) - raft.server.log.preallocated.size = 16384 (custom)
2020-10-17 13:19:35,043 [pool-258-thread-1] INFO  server.RaftServerConfigKeys (ConfUtils.java:logGet(44)) - raft.server.log.write.buffer.size = 1048576 (custom)
2020-10-17 13:19:35,043 [pool-258-thread-1] INFO  server.RaftServerConfigKeys (ConfUtils.java:logGet(44)) - raft.server.log.force.sync.num = 128 (default)
2020-10-17 13:19:35,043 [pool-258-thread-1] INFO  server.RaftServerConfigKeys (ConfUtils.java:logGet(44)) - raft.server.log.statemachine.data.sync = true (default)
2020-10-17 13:19:35,043 [pool-258-thread-1] INFO  server.RaftServerConfigKeys (ConfUtils.java:logGet(44)) - raft.server.log.statemachine.data.sync.timeout = 10s (default)
2020-10-17 13:19:35,043 [pool-258-thread-1] INFO  server.RaftServerConfigKeys (ConfUtils.java:logGet(44)) - raft.server.log.statemachine.data.sync.timeout.retry = -1 (default)
2020-10-17 13:19:35,045 [pool-258-thread-1] INFO  server.RaftServerConfigKeys (ConfUtils.java:logGet(44)) - raft.server.log.statemachine.data.caching.enabled = true (custom)
2020-10-17 13:19:35,045 [pool-258-thread-1] INFO  segmented.SegmentedRaftLogWorker (SegmentedRaftLogWorker.java:lambda$new$0(129)) - 84728469-0fd8-41c1-ac03-11393601ff88@group-4F0C448076AF-SegmentedRaftLogWorker: flushIndex: setUnconditionally 0 -> -1
2020-10-17 13:19:35,045 [pool-258-thread-1] INFO  segmented.SegmentedRaftLogWorker (SegmentedRaftLogWorker.java:lambda$new$0(129)) - 84728469-0fd8-41c1-ac03-11393601ff88@group-4F0C448076AF-SegmentedRaftLogWorker: safeCacheEvictIndex: setUnconditionally 0 -> -1
2020-10-17 13:19:35,045 [pool-258-thread-1] INFO  server.RaftServerConfigKeys (ConfUtils.java:logGet(44)) - raft.server.snapshot.auto.trigger.enabled = true (custom)
2020-10-17 13:19:35,045 [pool-258-thread-1] INFO  server.RaftServerConfigKeys (ConfUtils.java:logGet(44)) - raft.server.snapshot.auto.trigger.threshold = 10000 (custom)
2020-10-17 13:19:35,046 [pool-258-thread-1] INFO  server.RaftServerConfigKeys (ConfUtils.java:logGet(44)) - raft.server.snapshot.retention.file.num = 5 (custom)
2020-10-17 13:19:35,046 [pool-258-thread-1] INFO  server.RaftServerConfigKeys (ConfUtils.java:logGet(44)) - raft.server.log.purge.upto.snapshot.index = false (default)
2020-10-17 13:19:35,046 [pool-258-thread-1] INFO  server.RaftServerConfigKeys (ConfUtils.java:logGet(44)) - raft.server.retrycache.expirytime = 600000ms (custom)
2020-10-17 13:19:35,046 [pool-258-thread-1] INFO  metrics.RatisMetrics (RatisMetrics.java:lambda$create$0(36)) - Creating Metrics Registry : ratis.leader_election.84728469-0fd8-41c1-ac03-11393601ff88@group-4F0C448076AF
2020-10-17 13:19:35,046 [pool-258-thread-1] INFO  metrics.RatisMetrics (RatisMetrics.java:lambda$create$0(36)) - Creating Metrics Registry : ratis.server.84728469-0fd8-41c1-ac03-11393601ff88@group-4F0C448076AF
2020-10-17 13:19:35,047 [pool-258-thread-1] INFO  impl.RaftServerImpl (RaftServerImpl.java:start(209)) - 84728469-0fd8-41c1-ac03-11393601ff88@group-4F0C448076AF: start as a follower, conf=-1: [84728469-0fd8-41c1-ac03-11393601ff88:172.17.0.2:37239:0], old=null
2020-10-17 13:19:35,047 [pool-258-thread-1] INFO  impl.RaftServerImpl (RaftServerImpl.java:setRole(198)) - 84728469-0fd8-41c1-ac03-11393601ff88@group-4F0C448076AF: changes role from      null to FOLLOWER at term 0 for startAsFollower
2020-10-17 13:19:35,048 [pool-258-thread-1] INFO  impl.RoleInfo (RoleInfo.java:updateAndGet(143)) - 84728469-0fd8-41c1-ac03-11393601ff88: start FollowerState
2020-10-17 13:19:35,048 [pool-258-thread-1] INFO  util.JmxRegister (JmxRegister.java:tryRegister(44)) - Successfully registered JMX Bean with object name Ratis:service=RaftServer,group=group-4F0C448076AF,id=84728469-0fd8-41c1-ac03-11393601ff88
2020-10-17 13:19:35,048 [pool-258-thread-1] INFO  metrics.RatisMetrics (RatisMetrics.java:lambda$create$0(36)) - Creating Metrics Registry : ratis.state_machine.84728469-0fd8-41c1-ac03-11393601ff88@group-4F0C448076AF
2020-10-17 13:19:35,049 [Command processor thread] INFO  commandhandler.CreatePipelineCommandHandler (CreatePipelineCommandHandler.java:handle(110)) - Created Pipeline RATIS ONE #id: "400aa601-6397-431f-826f-4f0c448076af"
uuid128 {
  mostSigBits: 4614683293090530079
  leastSigBits: -9047926212256565585
}
.
2020-10-17 13:19:36,021 [Listener at 127.0.0.1/44403] INFO  ozone.MiniOzoneClusterImpl (MiniOzoneClusterImpl.java:lambda$waitForClusterToBeReady$0(177)) - Nodes are ready. Got 7 of 7 DN Heartbeats.
2020-10-17 13:19:36,021 [Listener at 127.0.0.1/44403] INFO  ozone.MiniOzoneClusterImpl (MiniOzoneClusterImpl.java:lambda$waitForClusterToBeReady$0(180)) - Waiting for cluster to exit safe mode
2020-10-17 13:19:37,021 [Listener at 127.0.0.1/44403] INFO  ozone.MiniOzoneClusterImpl (MiniOzoneClusterImpl.java:lambda$waitForClusterToBeReady$0(177)) - Nodes are ready. Got 7 of 7 DN Heartbeats.
2020-10-17 13:19:37,021 [Listener at 127.0.0.1/44403] INFO  ozone.MiniOzoneClusterImpl (MiniOzoneClusterImpl.java:lambda$waitForClusterToBeReady$0(180)) - Waiting for cluster to exit safe mode
2020-10-17 13:19:38,022 [Listener at 127.0.0.1/44403] INFO  ozone.MiniOzoneClusterImpl (MiniOzoneClusterImpl.java:lambda$waitForClusterToBeReady$0(177)) - Nodes are ready. Got 7 of 7 DN Heartbeats.
2020-10-17 13:19:38,022 [Listener at 127.0.0.1/44403] INFO  ozone.MiniOzoneClusterImpl (MiniOzoneClusterImpl.java:lambda$waitForClusterToBeReady$0(180)) - Waiting for cluster to exit safe mode
2020-10-17 13:19:39,022 [Listener at 127.0.0.1/44403] INFO  ozone.MiniOzoneClusterImpl (MiniOzoneClusterImpl.java:lambda$waitForClusterToBeReady$0(177)) - Nodes are ready. Got 7 of 7 DN Heartbeats.
2020-10-17 13:19:39,022 [Listener at 127.0.0.1/44403] INFO  ozone.MiniOzoneClusterImpl (MiniOzoneClusterImpl.java:lambda$waitForClusterToBeReady$0(180)) - Waiting for cluster to exit safe mode
2020-10-17 13:19:39,029 [Thread-590] INFO  impl.FollowerState (FollowerState.java:run(108)) - 114e5e52-b703-412c-a818-7058292f97fd@group-E59B6B815161-FollowerState: change to CANDIDATE, lastRpcTime:5118ms, electionTimeout:5117ms
2020-10-17 13:19:39,029 [Thread-590] INFO  impl.RoleInfo (RoleInfo.java:shutdownFollowerState(121)) - 114e5e52-b703-412c-a818-7058292f97fd: shutdown FollowerState
2020-10-17 13:19:39,030 [Thread-590] INFO  impl.RaftServerImpl (RaftServerImpl.java:setRole(198)) - 114e5e52-b703-412c-a818-7058292f97fd@group-E59B6B815161: changes role from  FOLLOWER to CANDIDATE at term 0 for changeToCandidate
2020-10-17 13:19:39,030 [Thread-590] INFO  impl.RoleInfo (RoleInfo.java:updateAndGet(143)) - 114e5e52-b703-412c-a818-7058292f97fd: start LeaderElection
2020-10-17 13:19:39,034 [Thread-588] INFO  impl.FollowerState (FollowerState.java:run(108)) - 114e5e52-b703-412c-a818-7058292f97fd@group-5FAA6F148298-FollowerState: change to CANDIDATE, lastRpcTime:5150ms, electionTimeout:5140ms
2020-10-17 13:19:39,034 [Thread-588] INFO  impl.RoleInfo (RoleInfo.java:shutdownFollowerState(121)) - 114e5e52-b703-412c-a818-7058292f97fd: shutdown FollowerState
2020-10-17 13:19:39,034 [Thread-588] INFO  impl.RaftServerImpl (RaftServerImpl.java:setRole(198)) - 114e5e52-b703-412c-a818-7058292f97fd@group-5FAA6F148298: changes role from  FOLLOWER to CANDIDATE at term 0 for changeToCandidate
2020-10-17 13:19:39,036 [Thread-588] INFO  impl.RoleInfo (RoleInfo.java:updateAndGet(143)) - 114e5e52-b703-412c-a818-7058292f97fd: start LeaderElection
2020-10-17 13:19:39,037 [114e5e52-b703-412c-a818-7058292f97fd@group-E59B6B815161-LeaderElection12] INFO  impl.LeaderElection (LeaderElection.java:askForVotes(210)) - 114e5e52-b703-412c-a818-7058292f97fd@group-E59B6B815161-LeaderElection12: begin an election at term 1 for -1: [9663c21e-f1e0-4b75-bb8d-ff806c3ee59e:172.17.0.2:34357:0, 114e5e52-b703-412c-a818-7058292f97fd:172.17.0.2:42967:0, 4d0387a1-338f-4391-a649-fbe8c650d8a6:172.17.0.2:39961:0], old=null
2020-10-17 13:19:39,048 [114e5e52-b703-412c-a818-7058292f97fd@group-5FAA6F148298-LeaderElection13] INFO  impl.LeaderElection (LeaderElection.java:askForVotes(210)) - 114e5e52-b703-412c-a818-7058292f97fd@group-5FAA6F148298-LeaderElection13: begin an election at term 1 for -1: [114e5e52-b703-412c-a818-7058292f97fd:172.17.0.2:42967:0], old=null
2020-10-17 13:19:39,048 [114e5e52-b703-412c-a818-7058292f97fd@group-5FAA6F148298-LeaderElection13] INFO  impl.RoleInfo (RoleInfo.java:shutdownLeaderElection(134)) - 114e5e52-b703-412c-a818-7058292f97fd: shutdown LeaderElection
2020-10-17 13:19:39,048 [114e5e52-b703-412c-a818-7058292f97fd@group-5FAA6F148298-LeaderElection13] INFO  impl.RaftServerImpl (RaftServerImpl.java:setRole(198)) - 114e5e52-b703-412c-a818-7058292f97fd@group-5FAA6F148298: changes role from CANDIDATE to LEADER at term 1 for changeToLeader
2020-10-17 13:19:39,048 [114e5e52-b703-412c-a818-7058292f97fd@group-5FAA6F148298-LeaderElection13] INFO  ratis.XceiverServerRatis (XceiverServerRatis.java:handleLeaderChangedNotification(822)) - Leader change notification received for group: group-5FAA6F148298 with new leaderId: 114e5e52-b703-412c-a818-7058292f97fd
2020-10-17 13:19:39,048 [114e5e52-b703-412c-a818-7058292f97fd@group-5FAA6F148298-LeaderElection13] INFO  impl.RaftServerImpl (ServerState.java:setLeader(256)) - 114e5e52-b703-412c-a818-7058292f97fd@group-5FAA6F148298: change Leader from null to 114e5e52-b703-412c-a818-7058292f97fd at term 1 for becomeLeader, leader elected after 5175ms
2020-10-17 13:19:39,048 [114e5e52-b703-412c-a818-7058292f97fd@group-5FAA6F148298-LeaderElection13] INFO  server.RaftServerConfigKeys (ConfUtils.java:logGet(44)) - raft.server.staging.catchup.gap = 1000 (default)
2020-10-17 13:19:39,048 [114e5e52-b703-412c-a818-7058292f97fd@group-5FAA6F148298-LeaderElection13] INFO  server.RaftServerConfigKeys (ConfUtils.java:logGet(44)) - raft.server.rpc.sleep.time = 25ms (default)
2020-10-17 13:19:39,048 [114e5e52-b703-412c-a818-7058292f97fd@group-5FAA6F148298-LeaderElection13] INFO  metrics.RatisMetrics (RatisMetrics.java:lambda$create$0(36)) - Creating Metrics Registry : ratis.log_appender.114e5e52-b703-412c-a818-7058292f97fd@group-5FAA6F148298
2020-10-17 13:19:39,048 [114e5e52-b703-412c-a818-7058292f97fd@group-5FAA6F148298-LeaderElection13] INFO  server.RaftServerConfigKeys (ConfUtils.java:logGet(44)) - raft.server.write.element-limit = 1024 (custom)
2020-10-17 13:19:39,049 [114e5e52-b703-412c-a818-7058292f97fd@group-5FAA6F148298-LeaderElection13] INFO  server.RaftServerConfigKeys (ConfUtils.java:logGet(44)) - raft.server.write.byte-limit = 1073741824 (custom)
2020-10-17 13:19:39,049 [114e5e52-b703-412c-a818-7058292f97fd@group-5FAA6F148298-LeaderElection13] INFO  server.RaftServerConfigKeys (ConfUtils.java:logGet(44)) - raft.server.watch.timeout = 180s (custom)
2020-10-17 13:19:39,050 [114e5e52-b703-412c-a818-7058292f97fd@group-5FAA6F148298-LeaderElection13] INFO  server.RaftServerConfigKeys (ConfUtils.java:logGet(44)) - raft.server.watch.timeout.denomination = 1s (default)
2020-10-17 13:19:39,050 [114e5e52-b703-412c-a818-7058292f97fd@group-5FAA6F148298-LeaderElection13] INFO  server.RaftServerConfigKeys (ConfUtils.java:logGet(44)) - raft.server.watch.element-limit = 65536 (default)
2020-10-17 13:19:39,050 [114e5e52-b703-412c-a818-7058292f97fd@group-5FAA6F148298-LeaderElection13] INFO  impl.RoleInfo (RoleInfo.java:updateAndGet(143)) - 114e5e52-b703-412c-a818-7058292f97fd: start LeaderState
2020-10-17 13:19:39,050 [114e5e52-b703-412c-a818-7058292f97fd@group-5FAA6F148298-LeaderElection13] INFO  segmented.SegmentedRaftLogWorker (SegmentedRaftLogWorker.java:startLogSegment(397)) - 114e5e52-b703-412c-a818-7058292f97fd@group-5FAA6F148298-SegmentedRaftLogWorker: Starting segment from index:0
2020-10-17 13:19:39,052 [114e5e52-b703-412c-a818-7058292f97fd@group-5FAA6F148298-SegmentedRaftLogWorker] INFO  segmented.SegmentedRaftLogWorker (SegmentedRaftLogWorker.java:execute(596)) - 114e5e52-b703-412c-a818-7058292f97fd@group-5FAA6F148298-SegmentedRaftLogWorker: created new log segment /github/workspace/mnt/ozone/hadoop-ozone/integration-test/target/test-dir/MiniOzoneClusterImpl-1fb37825-3c8e-4fc8-8488-3a2a4659ec2d/datanode-0/data/ratis/4128c796-006e-4b1d-a9a8-5faa6f148298/current/log_inprogress_0
2020-10-17 13:19:39,057 [114e5e52-b703-412c-a818-7058292f97fd@group-5FAA6F148298-LeaderElection13] INFO  impl.RaftServerImpl (ServerState.java:setRaftConf(374)) - 114e5e52-b703-412c-a818-7058292f97fd@group-5FAA6F148298: set configuration 0: [114e5e52-b703-412c-a818-7058292f97fd:172.17.0.2:42967:0], old=null at 0
2020-10-17 13:19:39,066 [grpc-default-executor-0] INFO  impl.RaftServerImpl (RaftServerImpl.java:setRole(198)) - 9663c21e-f1e0-4b75-bb8d-ff806c3ee59e@group-E59B6B815161: changes role from  FOLLOWER to FOLLOWER at term 1 for recognizeCandidate:114e5e52-b703-412c-a818-7058292f97fd
2020-10-17 13:19:39,066 [grpc-default-executor-0] INFO  impl.RoleInfo (RoleInfo.java:shutdownFollowerState(121)) - 9663c21e-f1e0-4b75-bb8d-ff806c3ee59e: shutdown FollowerState
2020-10-17 13:19:39,067 [grpc-default-executor-0] INFO  impl.RoleInfo (RoleInfo.java:updateAndGet(143)) - 9663c21e-f1e0-4b75-bb8d-ff806c3ee59e: start FollowerState
2020-10-17 13:19:39,067 [Thread-592] INFO  impl.FollowerState (FollowerState.java:run(117)) - 9663c21e-f1e0-4b75-bb8d-ff806c3ee59e@group-E59B6B815161-FollowerState was interrupted: java.lang.InterruptedException: sleep interrupted
2020-10-17 13:19:39,067 [grpc-default-executor-0] INFO  impl.RaftServerImpl (RaftServerImpl.java:requestVote(923)) -  FOLLOWER 9663c21e-f1e0-4b75-bb8d-ff806c3ee59e@group-E59B6B815161:t1, leader=null, voted=null, raftlog=9663c21e-f1e0-4b75-bb8d-ff806c3ee59e@group-E59B6B815161-SegmentedRaftLog:OPENED:c-1,f-1,i0, conf=-1: [9663c21e-f1e0-4b75-bb8d-ff806c3ee59e:172.17.0.2:34357:0, 114e5e52-b703-412c-a818-7058292f97fd:172.17.0.2:42967:0, 4d0387a1-338f-4391-a649-fbe8c650d8a6:172.17.0.2:39961:0], old=null RUNNING priority:0 candidate:114e5e52-b703-412c-a818-7058292f97fd:172.17.0.2:42967:0 candidatePriority:0 compare:0
2020-10-17 13:19:39,078 [114e5e52-b703-412c-a818-7058292f97fd@group-E59B6B815161-LeaderElection12] INFO  impl.LeaderElection (LeaderElection.java:logAndReturn(62)) - 114e5e52-b703-412c-a818-7058292f97fd@group-E59B6B815161-LeaderElection12: Election PASSED; received 1 response(s) [114e5e52-b703-412c-a818-7058292f97fd<-9663c21e-f1e0-4b75-bb8d-ff806c3ee59e#0:OK-t1] and 0 exception(s); 114e5e52-b703-412c-a818-7058292f97fd@group-E59B6B815161:t1, leader=null, voted=114e5e52-b703-412c-a818-7058292f97fd, raftlog=114e5e52-b703-412c-a818-7058292f97fd@group-E59B6B815161-SegmentedRaftLog:OPENED:c-1,f-1,i0, conf=-1: [9663c21e-f1e0-4b75-bb8d-ff806c3ee59e:172.17.0.2:34357:0, 114e5e52-b703-412c-a818-7058292f97fd:172.17.0.2:42967:0, 4d0387a1-338f-4391-a649-fbe8c650d8a6:172.17.0.2:39961:0], old=null
2020-10-17 13:19:39,078 [114e5e52-b703-412c-a818-7058292f97fd@group-E59B6B815161-LeaderElection12] INFO  impl.RoleInfo (RoleInfo.java:shutdownLeaderElection(134)) - 114e5e52-b703-412c-a818-7058292f97fd: shutdown LeaderElection
2020-10-17 13:19:39,078 [114e5e52-b703-412c-a818-7058292f97fd@group-E59B6B815161-LeaderElection12] INFO  impl.RaftServerImpl (RaftServerImpl.java:setRole(198)) - 114e5e52-b703-412c-a818-7058292f97fd@group-E59B6B815161: changes role from CANDIDATE to LEADER at term 1 for changeToLeader
2020-10-17 13:19:39,078 [114e5e52-b703-412c-a818-7058292f97fd@group-E59B6B815161-LeaderElection12] INFO  ratis.XceiverServerRatis (XceiverServerRatis.java:handleLeaderChangedNotification(822)) - Leader change notification received for group: group-E59B6B815161 with new leaderId: 114e5e52-b703-412c-a818-7058292f97fd
2020-10-17 13:19:39,078 [114e5e52-b703-412c-a818-7058292f97fd@group-E59B6B815161-LeaderElection12] INFO  impl.RaftServerImpl (ServerState.java:setLeader(256)) - 114e5e52-b703-412c-a818-7058292f97fd@group-E59B6B815161: change Leader from null to 114e5e52-b703-412c-a818-7058292f97fd at term 1 for becomeLeader, leader elected after 5178ms
2020-10-17 13:19:39,078 [114e5e52-b703-412c-a818-7058292f97fd@group-E59B6B815161-LeaderElection12] INFO  server.RaftServerConfigKeys (ConfUtils.java:logGet(44)) - raft.server.staging.catchup.gap = 1000 (default)
2020-10-17 13:19:39,078 [114e5e52-b703-412c-a818-7058292f97fd@group-E59B6B815161-LeaderElection12] INFO  server.RaftServerConfigKeys (ConfUtils.java:logGet(44)) - raft.server.rpc.sleep.time = 25ms (default)
2020-10-17 13:19:39,078 [114e5e52-b703-412c-a818-7058292f97fd@group-E59B6B815161-LeaderElection12] INFO  metrics.RatisMetrics (RatisMetrics.java:lambda$create$0(36)) - Creating Metrics Registry : ratis.log_appender.114e5e52-b703-412c-a818-7058292f97fd@group-E59B6B815161
2020-10-17 13:19:39,078 [114e5e52-b703-412c-a818-7058292f97fd@group-E59B6B815161-LeaderElection12] INFO  server.RaftServerConfigKeys (ConfUtils.java:logGet(44)) - raft.server.write.element-limit = 1024 (custom)
2020-10-17 13:19:39,079 [114e5e52-b703-412c-a818-7058292f97fd@group-E59B6B815161-LeaderElection12] INFO  server.RaftServerConfigKeys (ConfUtils.java:logGet(44)) - raft.server.write.byte-limit = 1073741824 (custom)
2020-10-17 13:19:39,079 [114e5e52-b703-412c-a818-7058292f97fd@group-E59B6B815161-LeaderElection12] INFO  server.RaftServerConfigKeys (ConfUtils.java:logGet(44)) - raft.server.watch.timeout = 180s (custom)
2020-10-17 13:19:39,079 [114e5e52-b703-412c-a818-7058292f97fd@group-E59B6B815161-LeaderElection12] INFO  server.RaftServerConfigKeys (ConfUtils.java:logGet(44)) - raft.server.watch.timeout.denomination = 1s (default)
2020-10-17 13:19:39,079 [114e5e52-b703-412c-a818-7058292f97fd@group-E59B6B815161-LeaderElection12] INFO  server.RaftServerConfigKeys (ConfUtils.java:logGet(44)) - raft.server.watch.element-limit = 65536 (default)
2020-10-17 13:19:39,079 [114e5e52-b703-412c-a818-7058292f97fd@group-E59B6B815161-LeaderElection12] INFO  server.RaftServerConfigKeys (ConfUtils.java:logGet(44)) - raft.server.log.appender.snapshot.chunk.size.max = 16MB (=16777216) (default)
2020-10-17 13:19:39,079 [114e5e52-b703-412c-a818-7058292f97fd@group-E59B6B815161-LeaderElection12] INFO  server.RaftServerConfigKeys (ConfUtils.java:logGet(44)) - raft.server.log.appender.buffer.byte-limit = 33554432 (custom)
2020-10-17 13:19:39,079 [114e5e52-b703-412c-a818-7058292f97fd@group-E59B6B815161-LeaderElection12] INFO  server.RaftServerConfigKeys (ConfUtils.java:logGet(44)) - raft.server.log.appender.buffer.element-limit = 1 (custom)
2020-10-17 13:19:39,079 [114e5e52-b703-412c-a818-7058292f97fd@group-E59B6B815161-LeaderElection12] INFO  grpc.GrpcConfigKeys (ConfUtils.java:logGet(44)) - raft.grpc.server.leader.outstanding.appends.max = 128 (default)
2020-10-17 13:19:39,079 [114e5e52-b703-412c-a818-7058292f97fd@group-E59B6B815161-LeaderElection12] INFO  server.RaftServerConfigKeys (ConfUtils.java:logGet(44)) - raft.server.rpc.request.timeout = 60s (custom)
2020-10-17 13:19:39,079 [114e5e52-b703-412c-a818-7058292f97fd@group-E59B6B815161-LeaderElection12] INFO  server.RaftServerConfigKeys (ConfUtils.java:logGet(44)) - raft.server.log.appender.install.snapshot.enabled = false (custom)
2020-10-17 13:19:39,080 [114e5e52-b703-412c-a818-7058292f97fd@group-E59B6B815161-LeaderElection12] INFO  metrics.RatisMetrics (RatisMetrics.java:lambda$create$0(36)) - Creating Metrics Registry : ratis_grpc.log_appender.114e5e52-b703-412c-a818-7058292f97fd@group-E59B6B815161
2020-10-17 13:19:39,082 [EventQueue-PipelineReportForPipelineReportHandler] INFO  pipeline.PipelineStateManager (PipelineStateManager.java:openPipeline(131)) - Pipeline Pipeline[ Id: 0f2ca59a-2891-493e-ab0f-e59b6b815161, Nodes: 114e5e52-b703-412c-a818-7058292f97fd{ip: 172.17.0.2, host: cd5595e0f813, networkLocation: /default-rack, certSerialId: null}9663c21e-f1e0-4b75-bb8d-ff806c3ee59e{ip: 172.17.0.2, host: cd5595e0f813, networkLocation: /default-rack, certSerialId: null}4d0387a1-338f-4391-a649-fbe8c650d8a6{ip: 172.17.0.2, host: cd5595e0f813, networkLocation: /default-rack, certSerialId: null}, Type:RATIS, Factor:THREE, State:ALLOCATED, leaderId:114e5e52-b703-412c-a818-7058292f97fd, CreationTimestamp2020-10-17T13:19:31.286Z] moved to OPEN state
2020-10-17 13:19:39,083 [EventQueue-OpenPipelineForOneReplicaPipelineSafeModeRule] INFO  safemode.SCMSafeModeManager (SCMSafeModeManager.java:validateSafeModeExitRules(214)) - AtleastOneDatanodeReportedRule rule is successfully validated
2020-10-17 13:19:39,083 [EventQueue-OpenPipelineForHealthyPipelineSafeModeRule] INFO  safemode.SCMSafeModeManager (HealthyPipelineSafeModeRule.java:process(129)) - SCM in safe mode. Healthy pipelines reported count is 1, required healthy pipeline reported count is 1
2020-10-17 13:19:39,084 [EventQueue-OpenPipelineForHealthyPipelineSafeModeRule] INFO  safemode.SCMSafeModeManager (SCMSafeModeManager.java:validateSafeModeExitRules(214)) - HealthyPipelineSafeModeRule rule is successfully validated
2020-10-17 13:19:39,084 [EventQueue-OpenPipelineForHealthyPipelineSafeModeRule] INFO  safemode.SCMSafeModeManager (SCMSafeModeManager.java:validateSafeModeExitRules(228)) - ScmSafeModeManager, all rules are successfully validated
2020-10-17 13:19:39,084 [EventQueue-OpenPipelineForHealthyPipelineSafeModeRule] INFO  safemode.SCMSafeModeManager (SCMSafeModeManager.java:exitSafeMode(257)) - SCM exiting safe mode.
2020-10-17 13:19:39,083 [grpc-default-executor-1] INFO  impl.RaftServerImpl (RaftServerImpl.java:setRole(198)) - 4d0387a1-338f-4391-a649-fbe8c650d8a6@group-E59B6B815161: changes role from  FOLLOWER to FOLLOWER at term 1 for recognizeCandidate:114e5e52-b703-412c-a818-7058292f97fd
2020-10-17 13:19:39,084 [grpc-default-executor-1] INFO  impl.RoleInfo (RoleInfo.java:shutdownFollowerState(121)) - 4d0387a1-338f-4391-a649-fbe8c650d8a6: shutdown FollowerState
2020-10-17 13:19:39,082 [114e5e52-b703-412c-a818-7058292f97fd@group-E59B6B815161-LeaderElection12] INFO  server.RaftServerConfigKeys (ConfUtils.java:logGet(44)) - raft.server.log.appender.snapshot.chunk.size.max = 16MB (=16777216) (default)
2020-10-17 13:19:39,084 [114e5e52-b703-412c-a818-7058292f97fd@group-E59B6B815161-LeaderElection12] INFO  server.RaftServerConfigKeys (ConfUtils.java:logGet(44)) - raft.server.log.appender.buffer.byte-limit = 33554432 (custom)
2020-10-17 13:19:39,084 [114e5e52-b703-412c-a818-7058292f97fd@group-E59B6B815161-LeaderElection12] INFO  server.RaftServerConfigKeys (ConfUtils.java:logGet(44)) - raft.server.log.appender.buffer.element-limit = 1 (custom)
2020-10-17 13:19:39,084 [114e5e52-b703-412c-a818-7058292f97fd@group-E59B6B815161-LeaderElection12] INFO  grpc.GrpcConfigKeys (ConfUtils.java:logGet(44)) - raft.grpc.server.leader.outstanding.appends.max = 128 (default)
2020-10-17 13:19:39,085 [114e5e52-b703-412c-a818-7058292f97fd@group-E59B6B815161-LeaderElection12] INFO  server.RaftServerConfigKeys (ConfUtils.java:logGet(44)) - raft.server.rpc.request.timeout = 60s (custom)
2020-10-17 13:19:39,085 [114e5e52-b703-412c-a818-7058292f97fd@group-E59B6B815161-LeaderElection12] INFO  server.RaftServerConfigKeys (ConfUtils.java:logGet(44)) - raft.server.log.appender.install.snapshot.enabled = false (custom)
2020-10-17 13:19:39,086 [114e5e52-b703-412c-a818-7058292f97fd@group-E59B6B815161-LeaderElection12] INFO  impl.RoleInfo (RoleInfo.java:updateAndGet(143)) - 114e5e52-b703-412c-a818-7058292f97fd: start LeaderState
2020-10-17 13:19:39,086 [114e5e52-b703-412c-a818-7058292f97fd@group-E59B6B815161-LeaderElection12] INFO  segmented.SegmentedRaftLogWorker (SegmentedRaftLogWorker.java:startLogSegment(397)) - 114e5e52-b703-412c-a818-7058292f97fd@group-E59B6B815161-SegmentedRaftLogWorker: Starting segment from index:0
2020-10-17 13:19:39,088 [114e5e52-b703-412c-a818-7058292f97fd@group-E59B6B815161-SegmentedRaftLogWorker] INFO  segmented.SegmentedRaftLogWorker (SegmentedRaftLogWorker.java:execute(596)) - 114e5e52-b703-412c-a818-7058292f97fd@group-E59B6B815161-SegmentedRaftLogWorker: created new log segment /github/workspace/mnt/ozone/hadoop-ozone/integration-test/target/test-dir/MiniOzoneClusterImpl-1fb37825-3c8e-4fc8-8488-3a2a4659ec2d/datanode-0/data/ratis/0f2ca59a-2891-493e-ab0f-e59b6b815161/current/log_inprogress_0
2020-10-17 13:19:39,088 [114e5e52-b703-412c-a818-7058292f97fd@group-E59B6B815161-LeaderElection12] INFO  impl.RaftServerImpl (ServerState.java:setRaftConf(374)) - 114e5e52-b703-412c-a818-7058292f97fd@group-E59B6B815161: set configuration 0: [9663c21e-f1e0-4b75-bb8d-ff806c3ee59e:172.17.0.2:34357:0, 114e5e52-b703-412c-a818-7058292f97fd:172.17.0.2:42967:0, 4d0387a1-338f-4391-a649-fbe8c650d8a6:172.17.0.2:39961:0], old=null at 0
2020-10-17 13:19:39,088 [grpc-default-executor-1] INFO  impl.RoleInfo (RoleInfo.java:updateAndGet(143)) - 4d0387a1-338f-4391-a649-fbe8c650d8a6: start FollowerState
2020-10-17 13:19:39,088 [Thread-595] INFO  impl.FollowerState (FollowerState.java:run(117)) - 4d0387a1-338f-4391-a649-fbe8c650d8a6@group-E59B6B815161-FollowerState was interrupted: java.lang.InterruptedException: sleep interrupted
2020-10-17 13:19:39,088 [grpc-default-executor-1] INFO  impl.RaftServerImpl (RaftServerImpl.java:requestVote(923)) -  FOLLOWER 4d0387a1-338f-4391-a649-fbe8c650d8a6@group-E59B6B815161:t1, leader=null, voted=null, raftlog=4d0387a1-338f-4391-a649-fbe8c650d8a6@group-E59B6B815161-SegmentedRaftLog:OPENED:c-1,f-1,i0, conf=-1: [9663c21e-f1e0-4b75-bb8d-ff806c3ee59e:172.17.0.2:34357:0, 114e5e52-b703-412c-a818-7058292f97fd:172.17.0.2:42967:0, 4d0387a1-338f-4391-a649-fbe8c650d8a6:172.17.0.2:39961:0], old=null RUNNING priority:0 candidate:114e5e52-b703-412c-a818-7058292f97fd:172.17.0.2:42967:0 candidatePriority:0 compare:0
2020-10-17 13:19:39,110 [Thread-598] INFO  impl.FollowerState (FollowerState.java:run(108)) - 4d0387a1-338f-4391-a649-fbe8c650d8a6@group-62A0EEBC7A0D-FollowerState: change to CANDIDATE, lastRpcTime:5006ms, electionTimeout:5005ms
2020-10-17 13:19:39,114 [grpc-default-executor-3] INFO  ratis.XceiverServerRatis (XceiverServerRatis.java:handleLeaderChangedNotification(822)) - Leader change notification received for group: group-E59B6B815161 with new leaderId: 114e5e52-b703-412c-a818-7058292f97fd
2020-10-17 13:19:39,121 [grpc-default-executor-3] INFO  impl.RaftServerImpl (ServerState.java:setLeader(256)) - 4d0387a1-338f-4391-a649-fbe8c650d8a6@group-E59B6B815161: change Leader from null to 114e5e52-b703-412c-a818-7058292f97fd at term 1 for appendEntries, leader elected after 5129ms
2020-10-17 13:19:39,114 [Thread-598] INFO  impl.RoleInfo (RoleInfo.java:shutdownFollowerState(121)) - 4d0387a1-338f-4391-a649-fbe8c650d8a6: shutdown FollowerState
2020-10-17 13:19:39,122 [Thread-598] INFO  impl.RaftServerImpl (RaftServerImpl.java:setRole(198)) - 4d0387a1-338f-4391-a649-fbe8c650d8a6@group-62A0EEBC7A0D: changes role from  FOLLOWER to CANDIDATE at term 0 for changeToCandidate
2020-10-17 13:19:39,122 [grpc-default-executor-1] INFO  ratis.XceiverServerRatis (XceiverServerRatis.java:handleLeaderChangedNotification(822)) - Leader change notification received for group: group-E59B6B815161 with new leaderId: 114e5e52-b703-412c-a818-7058292f97fd
2020-10-17 13:19:39,122 [grpc-default-executor-1] INFO  impl.RaftServerImpl (ServerState.java:setLeader(256)) - 9663c21e-f1e0-4b75-bb8d-ff806c3ee59e@group-E59B6B815161: change Leader from null to 114e5e52-b703-412c-a818-7058292f97fd at term 1 for appendEntries, leader elected after 5184ms
2020-10-17 13:19:39,122 [grpc-default-executor-3] INFO  impl.RaftServerImpl (ServerState.java:setRaftConf(374)) - 4d0387a1-338f-4391-a649-fbe8c650d8a6@group-E59B6B815161: set configuration 0: [9663c21e-f1e0-4b75-bb8d-ff806c3ee59e:172.17.0.2:34357:0, 114e5e52-b703-412c-a818-7058292f97fd:172.17.0.2:42967:0, 4d0387a1-338f-4391-a649-fbe8c650d8a6:172.17.0.2:39961:0], old=null at 0
2020-10-17 13:19:39,123 [grpc-default-executor-3] INFO  segmented.SegmentedRaftLogWorker (SegmentedRaftLogWorker.java:startLogSegment(397)) - 4d0387a1-338f-4391-a649-fbe8c650d8a6@group-E59B6B815161-SegmentedRaftLogWorker: Starting segment from index:0
2020-10-17 13:19:39,123 [Thread-598] INFO  impl.RoleInfo (RoleInfo.java:updateAndGet(143)) - 4d0387a1-338f-4391-a649-fbe8c650d8a6: start LeaderElection
2020-10-17 13:19:39,123 [grpc-default-executor-1] INFO  impl.RaftServerImpl (ServerState.java:setRaftConf(374)) - 9663c21e-f1e0-4b75-bb8d-ff806c3ee59e@group-E59B6B815161: set configuration 0: [9663c21e-f1e0-4b75-bb8d-ff806c3ee59e:172.17.0.2:34357:0, 114e5e52-b703-412c-a818-7058292f97fd:172.17.0.2:42967:0, 4d0387a1-338f-4391-a649-fbe8c650d8a6:172.17.0.2:39961:0], old=null at 0
2020-10-17 13:19:39,124 [grpc-default-executor-1] INFO  segmented.SegmentedRaftLogWorker (SegmentedRaftLogWorker.java:startLogSegment(397)) - 9663c21e-f1e0-4b75-bb8d-ff806c3ee59e@group-E59B6B815161-SegmentedRaftLogWorker: Starting segment from index:0
2020-10-17 13:19:39,126 [9663c21e-f1e0-4b75-bb8d-ff806c3ee59e@group-E59B6B815161-SegmentedRaftLogWorker] INFO  segmented.SegmentedRaftLogWorker (SegmentedRaftLogWorker.java:execute(596)) - 9663c21e-f1e0-4b75-bb8d-ff806c3ee59e@group-E59B6B815161-SegmentedRaftLogWorker: created new log segment /github/workspace/mnt/ozone/hadoop-ozone/integration-test/target/test-dir/MiniOzoneClusterImpl-1fb37825-3c8e-4fc8-8488-3a2a4659ec2d/datanode-2/data/ratis/0f2ca59a-2891-493e-ab0f-e59b6b815161/current/log_inprogress_0
2020-10-17 13:19:39,127 [4d0387a1-338f-4391-a649-fbe8c650d8a6@group-E59B6B815161-SegmentedRaftLogWorker] INFO  segmented.SegmentedRaftLogWorker (SegmentedRaftLogWorker.java:execute(596)) - 4d0387a1-338f-4391-a649-fbe8c650d8a6@group-E59B6B815161-SegmentedRaftLogWorker: created new log segment /github/workspace/mnt/ozone/hadoop-ozone/integration-test/target/test-dir/MiniOzoneClusterImpl-1fb37825-3c8e-4fc8-8488-3a2a4659ec2d/datanode-1/data/ratis/0f2ca59a-2891-493e-ab0f-e59b6b815161/current/log_inprogress_0
2020-10-17 13:19:39,140 [4d0387a1-338f-4391-a649-fbe8c650d8a6@group-62A0EEBC7A0D-LeaderElection14] INFO  impl.LeaderElection (LeaderElection.java:askForVotes(210)) - 4d0387a1-338f-4391-a649-fbe8c650d8a6@group-62A0EEBC7A0D-LeaderElection14: begin an election at term 1 for -1: [4d0387a1-338f-4391-a649-fbe8c650d8a6:172.17.0.2:39961:0], old=null
2020-10-17 13:19:39,140 [4d0387a1-338f-4391-a649-fbe8c650d8a6@group-62A0EEBC7A0D-LeaderElection14] INFO  impl.RoleInfo (RoleInfo.java:shutdownLeaderElection(134)) - 4d0387a1-338f-4391-a649-fbe8c650d8a6: shutdown LeaderElection
2020-10-17 13:19:39,140 [4d0387a1-338f-4391-a649-fbe8c650d8a6@group-62A0EEBC7A0D-LeaderElection14] INFO  impl.RaftServerImpl (RaftServerImpl.java:setRole(198)) - 4d0387a1-338f-4391-a649-fbe8c650d8a6@group-62A0EEBC7A0D: changes role from CANDIDATE to LEADER at term 1 for changeToLeader
2020-10-17 13:19:39,140 [4d0387a1-338f-4391-a649-fbe8c650d8a6@group-62A0EEBC7A0D-LeaderElection14] INFO  ratis.XceiverServerRatis (XceiverServerRatis.java:handleLeaderChangedNotification(822)) - Leader change notification received for group: group-62A0EEBC7A0D with new leaderId: 4d0387a1-338f-4391-a649-fbe8c650d8a6
2020-10-17 13:19:39,140 [4d0387a1-338f-4391-a649-fbe8c650d8a6@group-62A0EEBC7A0D-LeaderElection14] INFO  impl.RaftServerImpl (ServerState.java:setLeader(256)) - 4d0387a1-338f-4391-a649-fbe8c650d8a6@group-62A0EEBC7A0D: change Leader from null to 4d0387a1-338f-4391-a649-fbe8c650d8a6 at term 1 for becomeLeader, leader elected after 5047ms
2020-10-17 13:19:39,146 [4d0387a1-338f-4391-a649-fbe8c650d8a6@group-62A0EEBC7A0D-LeaderElection14] INFO  server.RaftServerConfigKeys (ConfUtils.java:logGet(44)) - raft.server.staging.catchup.gap = 1000 (default)
2020-10-17 13:19:39,146 [4d0387a1-338f-4391-a649-fbe8c650d8a6@group-62A0EEBC7A0D-LeaderElection14] INFO  server.RaftServerConfigKeys (ConfUtils.java:logGet(44)) - raft.server.rpc.sleep.time = 25ms (default)
2020-10-17 13:19:39,146 [4d0387a1-338f-4391-a649-fbe8c650d8a6@group-62A0EEBC7A0D-LeaderElection14] INFO  metrics.RatisMetrics (RatisMetrics.java:lambda$create$0(36)) - Creating Metrics Registry : ratis.log_appender.4d0387a1-338f-4391-a649-fbe8c650d8a6@group-62A0EEBC7A0D
2020-10-17 13:19:39,146 [4d0387a1-338f-4391-a649-fbe8c650d8a6@group-62A0EEBC7A0D-LeaderElection14] INFO  server.RaftServerConfigKeys (ConfUtils.java:logGet(44)) - raft.server.write.element-limit = 1024 (custom)
2020-10-17 13:19:39,146 [4d0387a1-338f-4391-a649-fbe8c650d8a6@group-62A0EEBC7A0D-LeaderElection14] INFO  server.RaftServerConfigKeys (ConfUtils.java:logGet(44)) - raft.server.write.byte-limit = 1073741824 (custom)
2020-10-17 13:19:39,147 [4d0387a1-338f-4391-a649-fbe8c650d8a6@group-62A0EEBC7A0D-LeaderElection14] INFO  server.RaftServerConfigKeys (ConfUtils.java:logGet(44)) - raft.server.watch.timeout = 180s (custom)
2020-10-17 13:19:39,147 [4d0387a1-338f-4391-a649-fbe8c650d8a6@group-62A0EEBC7A0D-LeaderElection14] INFO  server.RaftServerConfigKeys (ConfUtils.java:logGet(44)) - raft.server.watch.timeout.denomination = 1s (default)
2020-10-17 13:19:39,147 [4d0387a1-338f-4391-a649-fbe8c650d8a6@group-62A0EEBC7A0D-LeaderElection14] INFO  server.RaftServerConfigKeys (ConfUtils.java:logGet(44)) - raft.server.watch.element-limit = 65536 (default)
2020-10-17 13:19:39,147 [4d0387a1-338f-4391-a649-fbe8c650d8a6@group-62A0EEBC7A0D-LeaderElection14] INFO  impl.RoleInfo (RoleInfo.java:updateAndGet(143)) - 4d0387a1-338f-4391-a649-fbe8c650d8a6: start LeaderState
2020-10-17 13:19:39,147 [4d0387a1-338f-4391-a649-fbe8c650d8a6@group-62A0EEBC7A0D-LeaderElection14] INFO  segmented.SegmentedRaftLogWorker (SegmentedRaftLogWorker.java:startLogSegment(397)) - 4d0387a1-338f-4391-a649-fbe8c650d8a6@group-62A0EEBC7A0D-SegmentedRaftLogWorker: Starting segment from index:0
2020-10-17 13:19:39,149 [4d0387a1-338f-4391-a649-fbe8c650d8a6@group-62A0EEBC7A0D-LeaderElection14] INFO  impl.RaftServerImpl (ServerState.java:setRaftConf(374)) - 4d0387a1-338f-4391-a649-fbe8c650d8a6@group-62A0EEBC7A0D: set configuration 0: [4d0387a1-338f-4391-a649-fbe8c650d8a6:172.17.0.2:39961:0], old=null at 0
2020-10-17 13:19:39,149 [4d0387a1-338f-4391-a649-fbe8c650d8a6@group-62A0EEBC7A0D-SegmentedRaftLogWorker] INFO  segmented.SegmentedRaftLogWorker (SegmentedRaftLogWorker.java:execute(596)) - 4d0387a1-338f-4391-a649-fbe8c650d8a6@group-62A0EEBC7A0D-SegmentedRaftLogWorker: created new log segment /github/workspace/mnt/ozone/hadoop-ozone/integration-test/target/test-dir/MiniOzoneClusterImpl-1fb37825-3c8e-4fc8-8488-3a2a4659ec2d/datanode-1/data/ratis/4aff36c2-3182-4f54-977c-62a0eebc7a0d/current/log_inprogress_0
2020-10-17 13:19:39,320 [Thread-600] INFO  impl.FollowerState (FollowerState.java:run(108)) - 9663c21e-f1e0-4b75-bb8d-ff806c3ee59e@group-938506AD8350-FollowerState: change to CANDIDATE, lastRpcTime:5019ms, electionTimeout:5019ms
2020-10-17 13:19:39,321 [Thread-600] INFO  impl.RoleInfo (RoleInfo.java:shutdownFollowerState(121)) - 9663c21e-f1e0-4b75-bb8d-ff806c3ee59e: shutdown FollowerState
2020-10-17 13:19:39,321 [Thread-600] INFO  impl.RaftServerImpl (RaftServerImpl.java:setRole(198)) - 9663c21e-f1e0-4b75-bb8d-ff806c3ee59e@group-938506AD8350: changes role from  FOLLOWER to CANDIDATE at term 0 for changeToCandidate
2020-10-17 13:19:39,321 [Thread-600] INFO  impl.RoleInfo (RoleInfo.java:updateAndGet(143)) - 9663c21e-f1e0-4b75-bb8d-ff806c3ee59e: start LeaderElection
2020-10-17 13:19:39,327 [9663c21e-f1e0-4b75-bb8d-ff806c3ee59e@group-938506AD8350-LeaderElection15] INFO  impl.LeaderElection (LeaderElection.java:askForVotes(210)) - 9663c21e-f1e0-4b75-bb8d-ff806c3ee59e@group-938506AD8350-LeaderElection15: begin an election at term 1 for -1: [9663c21e-f1e0-4b75-bb8d-ff806c3ee59e:172.17.0.2:34357:0], old=null
2020-10-17 13:19:39,327 [9663c21e-f1e0-4b75-bb8d-ff806c3ee59e@group-938506AD8350-LeaderElection15] INFO  impl.RoleInfo (RoleInfo.java:shutdownLeaderElection(134)) - 9663c21e-f1e0-4b75-bb8d-ff806c3ee59e: shutdown LeaderElection
2020-10-17 13:19:39,327 [9663c21e-f1e0-4b75-bb8d-ff806c3ee59e@group-938506AD8350-LeaderElection15] INFO  impl.RaftServerImpl (RaftServerImpl.java:setRole(198)) - 9663c21e-f1e0-4b75-bb8d-ff806c3ee59e@group-938506AD8350: changes role from CANDIDATE to LEADER at term 1 for changeToLeader
2020-10-17 13:19:39,327 [9663c21e-f1e0-4b75-bb8d-ff806c3ee59e@group-938506AD8350-LeaderElection15] INFO  ratis.XceiverServerRatis (XceiverServerRatis.java:handleLeaderChangedNotification(822)) - Leader change notification received for group: group-938506AD8350 with new leaderId: 9663c21e-f1e0-4b75-bb8d-ff806c3ee59e
2020-10-17 13:19:39,327 [9663c21e-f1e0-4b75-bb8d-ff806c3ee59e@group-938506AD8350-LeaderElection15] INFO  impl.RaftServerImpl (ServerState.java:setLeader(256)) - 9663c21e-f1e0-4b75-bb8d-ff806c3ee59e@group-938506AD8350: change Leader from null to 9663c21e-f1e0-4b75-bb8d-ff806c3ee59e at term 1 for becomeLeader, leader elected after 5034ms
2020-10-17 13:19:39,327 [9663c21e-f1e0-4b75-bb8d-ff806c3ee59e@group-938506AD8350-LeaderElection15] INFO  server.RaftServerConfigKeys (ConfUtils.java:logGet(44)) - raft.server.staging.catchup.gap = 1000 (default)
2020-10-17 13:19:39,327 [9663c21e-f1e0-4b75-bb8d-ff806c3ee59e@group-938506AD8350-LeaderElection15] INFO  server.RaftServerConfigKeys (ConfUtils.java:logGet(44)) - raft.server.rpc.sleep.time = 25ms (default)
2020-10-17 13:19:39,328 [9663c21e-f1e0-4b75-bb8d-ff806c3ee59e@group-938506AD8350-LeaderElection15] INFO  metrics.RatisMetrics (RatisMetrics.java:lambda$create$0(36)) - Creating Metrics Registry : ratis.log_appender.9663c21e-f1e0-4b75-bb8d-ff806c3ee59e@group-938506AD8350
2020-10-17 13:19:39,328 [9663c21e-f1e0-4b75-bb8d-ff806c3ee59e@group-938506AD8350-LeaderElection15] INFO  server.RaftServerConfigKeys (ConfUtils.java:logGet(44)) - raft.server.write.element-limit = 1024 (custom)
2020-10-17 13:19:39,328 [9663c21e-f1e0-4b75-bb8d-ff806c3ee59e@group-938506AD8350-LeaderElection15] INFO  server.RaftServerConfigKeys (ConfUtils.java:logGet(44)) - raft.server.write.byte-limit = 1073741824 (custom)
2020-10-17 13:19:39,328 [9663c21e-f1e0-4b75-bb8d-ff806c3ee59e@group-938506AD8350-LeaderElection15] INFO  server.RaftServerConfigKeys (ConfUtils.java:logGet(44)) - raft.server.watch.timeout = 180s (custom)
2020-10-17 13:19:39,329 [9663c21e-f1e0-4b75-bb8d-ff806c3ee59e@group-938506AD8350-LeaderElection15] INFO  server.RaftServerConfigKeys (ConfUtils.java:logGet(44)) - raft.server.watch.timeout.denomination = 1s (default)
2020-10-17 13:19:39,329 [9663c21e-f1e0-4b75-bb8d-ff806c3ee59e@group-938506AD8350-LeaderElection15] INFO  server.RaftServerConfigKeys (ConfUtils.java:logGet(44)) - raft.server.watch.element-limit = 65536 (default)
2020-10-17 13:19:39,329 [9663c21e-f1e0-4b75-bb8d-ff806c3ee59e@group-938506AD8350-LeaderElection15] INFO  impl.RoleInfo (RoleInfo.java:updateAndGet(143)) - 9663c21e-f1e0-4b75-bb8d-ff806c3ee59e: start LeaderState
2020-10-17 13:19:39,329 [9663c21e-f1e0-4b75-bb8d-ff806c3ee59e@group-938506AD8350-LeaderElection15] INFO  segmented.SegmentedRaftLogWorker (SegmentedRaftLogWorker.java:startLogSegment(397)) - 9663c21e-f1e0-4b75-bb8d-ff806c3ee59e@group-938506AD8350-SegmentedRaftLogWorker: Starting segment from index:0
2020-10-17 13:19:39,330 [9663c21e-f1e0-4b75-bb8d-ff806c3ee59e@group-938506AD8350-LeaderElection15] INFO  impl.RaftServerImpl (ServerState.java:setRaftConf(374)) - 9663c21e-f1e0-4b75-bb8d-ff806c3ee59e@group-938506AD8350: set configuration 0: [9663c21e-f1e0-4b75-bb8d-ff806c3ee59e:172.17.0.2:34357:0], old=null at 0
2020-10-17 13:19:39,337 [9663c21e-f1e0-4b75-bb8d-ff806c3ee59e@group-938506AD8350-SegmentedRaftLogWorker] INFO  segmented.SegmentedRaftLogWorker (SegmentedRaftLogWorker.java:execute(596)) - 9663c21e-f1e0-4b75-bb8d-ff806c3ee59e@group-938506AD8350-SegmentedRaftLogWorker: created new log segment /github/workspace/mnt/ozone/hadoop-ozone/integration-test/target/test-dir/MiniOzoneClusterImpl-1fb37825-3c8e-4fc8-8488-3a2a4659ec2d/datanode-2/data/ratis/af98ae6a-50b9-4280-8a27-938506ad8350/current/log_inprogress_0
2020-10-17 13:19:39,558 [Thread-602] INFO  impl.FollowerState (FollowerState.java:run(108)) - f316fc96-4c73-4899-90e3-c2d22b42fa63@group-1062759253B8-FollowerState: change to CANDIDATE, lastRpcTime:5037ms, electionTimeout:5036ms
2020-10-17 13:19:39,559 [Thread-602] INFO  impl.RoleInfo (RoleInfo.java:shutdownFollowerState(121)) - f316fc96-4c73-4899-90e3-c2d22b42fa63: shutdown FollowerState
2020-10-17 13:19:39,559 [Thread-602] INFO  impl.RaftServerImpl (RaftServerImpl.java:setRole(198)) - f316fc96-4c73-4899-90e3-c2d22b42fa63@group-1062759253B8: changes role from  FOLLOWER to CANDIDATE at term 0 for changeToCandidate
2020-10-17 13:19:39,559 [Thread-602] INFO  impl.RoleInfo (RoleInfo.java:updateAndGet(143)) - f316fc96-4c73-4899-90e3-c2d22b42fa63: start LeaderElection
2020-10-17 13:19:39,562 [f316fc96-4c73-4899-90e3-c2d22b42fa63@group-1062759253B8-LeaderElection16] INFO  impl.LeaderElection (LeaderElection.java:askForVotes(210)) - f316fc96-4c73-4899-90e3-c2d22b42fa63@group-1062759253B8-LeaderElection16: begin an election at term 1 for -1: [f316fc96-4c73-4899-90e3-c2d22b42fa63:172.17.0.2:33369:0], old=null
2020-10-17 13:19:39,562 [f316fc96-4c73-4899-90e3-c2d22b42fa63@group-1062759253B8-LeaderElection16] INFO  impl.RoleInfo (RoleInfo.java:shutdownLeaderElection(134)) - f316fc96-4c73-4899-90e3-c2d22b42fa63: shutdown LeaderElection
2020-10-17 13:19:39,562 [f316fc96-4c73-4899-90e3-c2d22b42fa63@group-1062759253B8-LeaderElection16] INFO  impl.RaftServerImpl (RaftServerImpl.java:setRole(198)) - f316fc96-4c73-4899-90e3-c2d22b42fa63@group-1062759253B8: changes role from CANDIDATE to LEADER at term 1 for changeToLeader
2020-10-17 13:19:39,562 [f316fc96-4c73-4899-90e3-c2d22b42fa63@group-1062759253B8-LeaderElection16] INFO  ratis.XceiverServerRatis (XceiverServerRatis.java:handleLeaderChangedNotification(822)) - Leader change notification received for group: group-1062759253B8 with new leaderId: f316fc96-4c73-4899-90e3-c2d22b42fa63
2020-10-17 13:19:39,563 [f316fc96-4c73-4899-90e3-c2d22b42fa63@group-1062759253B8-LeaderElection16] INFO  impl.RaftServerImpl (ServerState.java:setLeader(256)) - f316fc96-4c73-4899-90e3-c2d22b42fa63@group-1062759253B8: change Leader from null to f316fc96-4c73-4899-90e3-c2d22b42fa63 at term 1 for becomeLeader, leader elected after 5048ms
2020-10-17 13:19:39,563 [f316fc96-4c73-4899-90e3-c2d22b42fa63@group-1062759253B8-LeaderElection16] INFO  server.RaftServerConfigKeys (ConfUtils.java:logGet(44)) - raft.server.staging.catchup.gap = 1000 (default)
2020-10-17 13:19:39,564 [f316fc96-4c73-4899-90e3-c2d22b42fa63@group-1062759253B8-LeaderElection16] INFO  server.RaftServerConfigKeys (ConfUtils.java:logGet(44)) - raft.server.rpc.sleep.time = 25ms (default)
2020-10-17 13:19:39,564 [f316fc96-4c73-4899-90e3-c2d22b42fa63@group-1062759253B8-LeaderElection16] INFO  metrics.RatisMetrics (RatisMetrics.java:lambda$create$0(36)) - Creating Metrics Registry : ratis.log_appender.f316fc96-4c73-4899-90e3-c2d22b42fa63@group-1062759253B8
2020-10-17 13:19:39,564 [f316fc96-4c73-4899-90e3-c2d22b42fa63@group-1062759253B8-LeaderElection16] INFO  server.RaftServerConfigKeys (ConfUtils.java:logGet(44)) - raft.server.write.element-limit = 1024 (custom)
2020-10-17 13:19:39,564 [f316fc96-4c73-4899-90e3-c2d22b42fa63@group-1062759253B8-LeaderElection16] INFO  server.RaftServerConfigKeys (ConfUtils.java:logGet(44)) - raft.server.write.byte-limit = 1073741824 (custom)
2020-10-17 13:19:39,567 [f316fc96-4c73-4899-90e3-c2d22b42fa63@group-1062759253B8-LeaderElection16] INFO  server.RaftServerConfigKeys (ConfUtils.java:logGet(44)) - raft.server.watch.timeout = 180s (custom)
2020-10-17 13:19:39,567 [f316fc96-4c73-4899-90e3-c2d22b42fa63@group-1062759253B8-LeaderElection16] INFO  server.RaftServerConfigKeys (ConfUtils.java:logGet(44)) - raft.server.watch.timeout.denomination = 1s (default)
2020-10-17 13:19:39,567 [f316fc96-4c73-4899-90e3-c2d22b42fa63@group-1062759253B8-LeaderElection16] INFO  server.RaftServerConfigKeys (ConfUtils.java:logGet(44)) - raft.server.watch.element-limit = 65536 (default)
2020-10-17 13:19:39,567 [f316fc96-4c73-4899-90e3-c2d22b42fa63@group-1062759253B8-LeaderElection16] INFO  impl.RoleInfo (RoleInfo.java:updateAndGet(143)) - f316fc96-4c73-4899-90e3-c2d22b42fa63: start LeaderState
2020-10-17 13:19:39,567 [f316fc96-4c73-4899-90e3-c2d22b42fa63@group-1062759253B8-LeaderElection16] INFO  segmented.SegmentedRaftLogWorker (SegmentedRaftLogWorker.java:startLogSegment(397)) - f316fc96-4c73-4899-90e3-c2d22b42fa63@group-1062759253B8-SegmentedRaftLogWorker: Starting segment from index:0
2020-10-17 13:19:39,570 [f316fc96-4c73-4899-90e3-c2d22b42fa63@group-1062759253B8-LeaderElection16] INFO  impl.RaftServerImpl (ServerState.java:setRaftConf(374)) - f316fc96-4c73-4899-90e3-c2d22b42fa63@group-1062759253B8: set configuration 0: [f316fc96-4c73-4899-90e3-c2d22b42fa63:172.17.0.2:33369:0], old=null at 0
2020-10-17 13:19:39,571 [f316fc96-4c73-4899-90e3-c2d22b42fa63@group-1062759253B8-SegmentedRaftLogWorker] INFO  segmented.SegmentedRaftLogWorker (SegmentedRaftLogWorker.java:execute(596)) - f316fc96-4c73-4899-90e3-c2d22b42fa63@group-1062759253B8-SegmentedRaftLogWorker: created new log segment /github/workspace/mnt/ozone/hadoop-ozone/integration-test/target/test-dir/MiniOzoneClusterImpl-1fb37825-3c8e-4fc8-8488-3a2a4659ec2d/datanode-3/data/ratis/f01d5aa4-be52-47bc-926c-1062759253b8/current/log_inprogress_0
2020-10-17 13:19:39,581 [Thread-604] INFO  impl.FollowerState (FollowerState.java:run(108)) - f316fc96-4c73-4899-90e3-c2d22b42fa63@group-3DCA05227E39-FollowerState: change to CANDIDATE, lastRpcTime:5037ms, electionTimeout:5023ms
2020-10-17 13:19:39,581 [Thread-604] INFO  impl.RoleInfo (RoleInfo.java:shutdownFollowerState(121)) - f316fc96-4c73-4899-90e3-c2d22b42fa63: shutdown FollowerState
2020-10-17 13:19:39,581 [Thread-604] INFO  impl.RaftServerImpl (RaftServerImpl.java:setRole(198)) - f316fc96-4c73-4899-90e3-c2d22b42fa63@group-3DCA05227E39: changes role from  FOLLOWER to CANDIDATE at term 0 for changeToCandidate
2020-10-17 13:19:39,581 [Thread-604] INFO  impl.RoleInfo (RoleInfo.java:updateAndGet(143)) - f316fc96-4c73-4899-90e3-c2d22b42fa63: start LeaderElection
2020-10-17 13:19:39,585 [f316fc96-4c73-4899-90e3-c2d22b42fa63@group-3DCA05227E39-LeaderElection17] INFO  impl.LeaderElection (LeaderElection.java:askForVotes(210)) - f316fc96-4c73-4899-90e3-c2d22b42fa63@group-3DCA05227E39-LeaderElection17: begin an election at term 1 for -1: [37c4b172-996d-44d9-83fc-874aa9de1693:172.17.0.2:44187:0, 839b407c-c1de-4b31-afbc-625e07034f6b:172.17.0.2:39563:0, f316fc96-4c73-4899-90e3-c2d22b42fa63:172.17.0.2:33369:0], old=null
2020-10-17 13:19:39,601 [grpc-default-executor-1] INFO  impl.RaftServerImpl (RaftServerImpl.java:setRole(198)) - 37c4b172-996d-44d9-83fc-874aa9de1693@group-3DCA05227E39: changes role from  FOLLOWER to FOLLOWER at term 1 for recognizeCandidate:f316fc96-4c73-4899-90e3-c2d22b42fa63
2020-10-17 13:19:39,601 [grpc-default-executor-1] INFO  impl.RoleInfo (RoleInfo.java:shutdownFollowerState(121)) - 37c4b172-996d-44d9-83fc-874aa9de1693: shutdown FollowerState
2020-10-17 13:19:39,601 [grpc-default-executor-1] INFO  impl.RoleInfo (RoleInfo.java:updateAndGet(143)) - 37c4b172-996d-44d9-83fc-874aa9de1693: start FollowerState
2020-10-17 13:19:39,601 [Thread-609] INFO  impl.FollowerState (FollowerState.java:run(117)) - 37c4b172-996d-44d9-83fc-874aa9de1693@group-3DCA05227E39-FollowerState was interrupted: java.lang.InterruptedException: sleep interrupted
2020-10-17 13:19:39,602 [grpc-default-executor-3] INFO  impl.RaftServerImpl (RaftServerImpl.java:setRole(198)) - 839b407c-c1de-4b31-afbc-625e07034f6b@group-3DCA05227E39: changes role from  FOLLOWER to FOLLOWER at term 1 for recognizeCandidate:f316fc96-4c73-4899-90e3-c2d22b42fa63
2020-10-17 13:19:39,602 [grpc-default-executor-3] INFO  impl.RoleInfo (RoleInfo.java:shutdownFollowerState(121)) - 839b407c-c1de-4b31-afbc-625e07034f6b: shutdown FollowerState
2020-10-17 13:19:39,604 [grpc-default-executor-1] INFO  impl.RaftServerImpl (RaftServerImpl.java:requestVote(923)) -  FOLLOWER 37c4b172-996d-44d9-83fc-874aa9de1693@group-3DCA05227E39:t1, leader=null, voted=null, raftlog=37c4b172-996d-44d9-83fc-874aa9de1693@group-3DCA05227E39-SegmentedRaftLog:OPENED:c-1,f-1,i0, conf=-1: [37c4b172-996d-44d9-83fc-874aa9de1693:172.17.0.2:44187:0, 839b407c-c1de-4b31-afbc-625e07034f6b:172.17.0.2:39563:0, f316fc96-4c73-4899-90e3-c2d22b42fa63:172.17.0.2:33369:0], old=null RUNNING priority:0 candidate:f316fc96-4c73-4899-90e3-c2d22b42fa63:172.17.0.2:33369:0 candidatePriority:0 compare:0
2020-10-17 13:19:39,610 [grpc-default-executor-3] INFO  impl.RoleInfo (RoleInfo.java:updateAndGet(143)) - 839b407c-c1de-4b31-afbc-625e07034f6b: start FollowerState
2020-10-17 13:19:39,610 [Thread-606] INFO  impl.FollowerState (FollowerState.java:run(117)) - 839b407c-c1de-4b31-afbc-625e07034f6b@group-3DCA05227E39-FollowerState was interrupted: java.lang.InterruptedException: sleep interrupted
2020-10-17 13:19:39,612 [grpc-default-executor-3] INFO  impl.RaftServerImpl (RaftServerImpl.java:requestVote(923)) -  FOLLOWER 839b407c-c1de-4b31-afbc-625e07034f6b@group-3DCA05227E39:t1, leader=null, voted=null, raftlog=839b407c-c1de-4b31-afbc-625e07034f6b@group-3DCA05227E39-SegmentedRaftLog:OPENED:c-1,f-1,i0, conf=-1: [37c4b172-996d-44d9-83fc-874aa9de1693:172.17.0.2:44187:0, 839b407c-c1de-4b31-afbc-625e07034f6b:172.17.0.2:39563:0, f316fc96-4c73-4899-90e3-c2d22b42fa63:172.17.0.2:33369:0], old=null RUNNING priority:0 candidate:f316fc96-4c73-4899-90e3-c2d22b42fa63:172.17.0.2:33369:0 candidatePriority:0 compare:0
2020-10-17 13:19:39,616 [f316fc96-4c73-4899-90e3-c2d22b42fa63@group-3DCA05227E39-LeaderElection17] INFO  impl.LeaderElection (LeaderElection.java:logAndReturn(62)) - f316fc96-4c73-4899-90e3-c2d22b42fa63@group-3DCA05227E39-LeaderElection17: Election PASSED; received 1 response(s) [f316fc96-4c73-4899-90e3-c2d22b42fa63<-37c4b172-996d-44d9-83fc-874aa9de1693#0:OK-t1] and 0 exception(s); f316fc96-4c73-4899-90e3-c2d22b42fa63@group-3DCA05227E39:t1, leader=null, voted=f316fc96-4c73-4899-90e3-c2d22b42fa63, raftlog=f316fc96-4c73-4899-90e3-c2d22b42fa63@group-3DCA05227E39-SegmentedRaftLog:OPENED:c-1,f-1,i0, conf=-1: [37c4b172-996d-44d9-83fc-874aa9de1693:172.17.0.2:44187:0, 839b407c-c1de-4b31-afbc-625e07034f6b:172.17.0.2:39563:0, f316fc96-4c73-4899-90e3-c2d22b42fa63:172.17.0.2:33369:0], old=null
2020-10-17 13:19:39,616 [f316fc96-4c73-4899-90e3-c2d22b42fa63@group-3DCA05227E39-LeaderElection17] INFO  impl.RoleInfo (RoleInfo.java:shutdownLeaderElection(134)) - f316fc96-4c73-4899-90e3-c2d22b42fa63: shutdown LeaderElection
2020-10-17 13:19:39,616 [f316fc96-4c73-4899-90e3-c2d22b42fa63@group-3DCA05227E39-LeaderElection17] INFO  impl.RaftServerImpl (RaftServerImpl.java:setRole(198)) - f316fc96-4c73-4899-90e3-c2d22b42fa63@group-3DCA05227E39: changes role from CANDIDATE to LEADER at term 1 for changeToLeader
2020-10-17 13:19:39,617 [f316fc96-4c73-4899-90e3-c2d22b42fa63@group-3DCA05227E39-LeaderElection17] INFO  ratis.XceiverServerRatis (XceiverServerRatis.java:handleLeaderChangedNotification(822)) - Leader change notification received for group: group-3DCA05227E39 with new leaderId: f316fc96-4c73-4899-90e3-c2d22b42fa63
2020-10-17 13:19:39,617 [f316fc96-4c73-4899-90e3-c2d22b42fa63@group-3DCA05227E39-LeaderElection17] INFO  impl.RaftServerImpl (ServerState.java:setLeader(256)) - f316fc96-4c73-4899-90e3-c2d22b42fa63@group-3DCA05227E39: change Leader from null to f316fc96-4c73-4899-90e3-c2d22b42fa63 at term 1 for becomeLeader, leader elected after 5086ms
2020-10-17 13:19:39,617 [f316fc96-4c73-4899-90e3-c2d22b42fa63@group-3DCA05227E39-LeaderElection17] INFO  server.RaftServerConfigKeys (ConfUtils.java:logGet(44)) - raft.server.staging.catchup.gap = 1000 (default)
2020-10-17 13:19:39,617 [f316fc96-4c73-4899-90e3-c2d22b42fa63@group-3DCA05227E39-LeaderElection17] INFO  server.RaftServerConfigKeys (ConfUtils.java:logGet(44)) - raft.server.rpc.sleep.time = 25ms (default)
2020-10-17 13:19:39,617 [f316fc96-4c73-4899-90e3-c2d22b42fa63@group-3DCA05227E39-LeaderElection17] INFO  metrics.RatisMetrics (RatisMetrics.java:lambda$create$0(36)) - Creating Metrics Registry : ratis.log_appender.f316fc96-4c73-4899-90e3-c2d22b42fa63@group-3DCA05227E39
2020-10-17 13:19:39,618 [f316fc96-4c73-4899-90e3-c2d22b42fa63@group-3DCA05227E39-LeaderElection17] INFO  server.RaftServerConfigKeys (ConfUtils.java:logGet(44)) - raft.server.write.element-limit = 1024 (custom)
2020-10-17 13:19:39,618 [f316fc96-4c73-4899-90e3-c2d22b42fa63@group-3DCA05227E39-LeaderElection17] INFO  server.RaftServerConfigKeys (ConfUtils.java:logGet(44)) - raft.server.write.byte-limit = 1073741824 (custom)
2020-10-17 13:19:39,618 [f316fc96-4c73-4899-90e3-c2d22b42fa63@group-3DCA05227E39-LeaderElection17] INFO  server.RaftServerConfigKeys (ConfUtils.java:logGet(44)) - raft.server.watch.timeout = 180s (custom)
2020-10-17 13:19:39,618 [f316fc96-4c73-4899-90e3-c2d22b42fa63@group-3DCA05227E39-LeaderElection17] INFO  server.RaftServerConfigKeys (ConfUtils.java:logGet(44)) - raft.server.watch.timeout.denomination = 1s (default)
2020-10-17 13:19:39,618 [f316fc96-4c73-4899-90e3-c2d22b42fa63@group-3DCA05227E39-LeaderElection17] INFO  server.RaftServerConfigKeys (ConfUtils.java:logGet(44)) - raft.server.watch.element-limit = 65536 (default)
2020-10-17 13:19:39,619 [EventQueue-PipelineReportForPipelineReportHandler] INFO  pipeline.PipelineStateManager (PipelineStateManager.java:openPipeline(131)) - Pipeline Pipeline[ Id: 8c8bfcf8-5246-4156-a6f3-3dca05227e39, Nodes: 839b407c-c1de-4b31-afbc-625e07034f6b{ip: 172.17.0.2, host: cd5595e0f813, networkLocation: /default-rack, certSerialId: null}37c4b172-996d-44d9-83fc-874aa9de1693{ip: 172.17.0.2, host: cd5595e0f813, networkLocation: /default-rack, certSerialId: null}f316fc96-4c73-4899-90e3-c2d22b42fa63{ip: 172.17.0.2, host: cd5595e0f813, networkLocation: /default-rack, certSerialId: null}, Type:RATIS, Factor:THREE, State:ALLOCATED, leaderId:f316fc96-4c73-4899-90e3-c2d22b42fa63, CreationTimestamp2020-10-17T13:19:31.839Z] moved to OPEN state
2020-10-17 13:19:39,619 [f316fc96-4c73-4899-90e3-c2d22b42fa63@group-3DCA05227E39-LeaderElection17] INFO  server.RaftServerConfigKeys (ConfUtils.java:logGet(44)) - raft.server.log.appender.snapshot.chunk.size.max = 16MB (=16777216) (default)
2020-10-17 13:19:39,622 [f316fc96-4c73-4899-90e3-c2d22b42fa63@group-3DCA05227E39-LeaderElection17] INFO  server.RaftServerConfigKeys (ConfUtils.java:logGet(44)) - raft.server.log.appender.buffer.byte-limit = 33554432 (custom)
2020-10-17 13:19:39,622 [f316fc96-4c73-4899-90e3-c2d22b42fa63@group-3DCA05227E39-LeaderElection17] INFO  server.RaftServerConfigKeys (ConfUtils.java:logGet(44)) - raft.server.log.appender.buffer.element-limit = 1 (custom)
2020-10-17 13:19:39,622 [f316fc96-4c73-4899-90e3-c2d22b42fa63@group-3DCA05227E39-LeaderElection17] INFO  grpc.GrpcConfigKeys (ConfUtils.java:logGet(44)) - raft.grpc.server.leader.outstanding.appends.max = 128 (default)
2020-10-17 13:19:39,622 [f316fc96-4c73-4899-90e3-c2d22b42fa63@group-3DCA05227E39-LeaderElection17] INFO  server.RaftServerConfigKeys (ConfUtils.java:logGet(44)) - raft.server.rpc.request.timeout = 60s (custom)
2020-10-17 13:19:39,622 [f316fc96-4c73-4899-90e3-c2d22b42fa63@group-3DCA05227E39-LeaderElection17] INFO  server.RaftServerConfigKeys (ConfUtils.java:logGet(44)) - raft.server.log.appender.install.snapshot.enabled = false (custom)
2020-10-17 13:19:39,622 [f316fc96-4c73-4899-90e3-c2d22b42fa63@group-3DCA05227E39-LeaderElection17] INFO  metrics.RatisMetrics (RatisMetrics.java:lambda$create$0(36)) - Creating Metrics Registry : ratis_grpc.log_appender.f316fc96-4c73-4899-90e3-c2d22b42fa63@group-3DCA05227E39
2020-10-17 13:19:39,623 [f316fc96-4c73-4899-90e3-c2d22b42fa63@group-3DCA05227E39-LeaderElection17] INFO  server.RaftServerConfigKeys (ConfUtils.java:logGet(44)) - raft.server.log.appender.snapshot.chunk.size.max = 16MB (=16777216) (default)
2020-10-17 13:19:39,623 [f316fc96-4c73-4899-90e3-c2d22b42fa63@group-3DCA05227E39-LeaderElection17] INFO  server.RaftServerConfigKeys (ConfUtils.java:logGet(44)) - raft.server.log.appender.buffer.byte-limit = 33554432 (custom)
2020-10-17 13:19:39,623 [f316fc96-4c73-4899-90e3-c2d22b42fa63@group-3DCA05227E39-LeaderElection17] INFO  server.RaftServerConfigKeys (ConfUtils.java:logGet(44)) - raft.server.log.appender.buffer.element-limit = 1 (custom)
2020-10-17 13:19:39,623 [f316fc96-4c73-4899-90e3-c2d22b42fa63@group-3DCA05227E39-LeaderElection17] INFO  grpc.GrpcConfigKeys (ConfUtils.java:logGet(44)) - raft.grpc.server.leader.outstanding.appends.max = 128 (default)
2020-10-17 13:19:39,624 [f316fc96-4c73-4899-90e3-c2d22b42fa63@group-3DCA05227E39-LeaderElection17] INFO  server.RaftServerConfigKeys (ConfUtils.java:logGet(44)) - raft.server.rpc.request.timeout = 60s (custom)
2020-10-17 13:19:39,624 [f316fc96-4c73-4899-90e3-c2d22b42fa63@group-3DCA05227E39-LeaderElection17] INFO  server.RaftServerConfigKeys (ConfUtils.java:logGet(44)) - raft.server.log.appender.install.snapshot.enabled = false (custom)
2020-10-17 13:19:39,624 [f316fc96-4c73-4899-90e3-c2d22b42fa63@group-3DCA05227E39-LeaderElection17] INFO  impl.RoleInfo (RoleInfo.java:updateAndGet(143)) - f316fc96-4c73-4899-90e3-c2d22b42fa63: start LeaderState
2020-10-17 13:19:39,625 [f316fc96-4c73-4899-90e3-c2d22b42fa63@group-3DCA05227E39-LeaderElection17] INFO  segmented.SegmentedRaftLogWorker (SegmentedRaftLogWorker.java:startLogSegment(397)) - f316fc96-4c73-4899-90e3-c2d22b42fa63@group-3DCA05227E39-SegmentedRaftLogWorker: Starting segment from index:0
2020-10-17 13:19:39,626 [f316fc96-4c73-4899-90e3-c2d22b42fa63@group-3DCA05227E39-SegmentedRaftLogWorker] INFO  segmented.SegmentedRaftLogWorker (SegmentedRaftLogWorker.java:execute(596)) - f316fc96-4c73-4899-90e3-c2d22b42fa63@group-3DCA05227E39-SegmentedRaftLogWorker: created new log segment /github/workspace/mnt/ozone/hadoop-ozone/integration-test/target/test-dir/MiniOzoneClusterImpl-1fb37825-3c8e-4fc8-8488-3a2a4659ec2d/datanode-3/data/ratis/8c8bfcf8-5246-4156-a6f3-3dca05227e39/current/log_inprogress_0
2020-10-17 13:19:39,629 [f316fc96-4c73-4899-90e3-c2d22b42fa63@group-3DCA05227E39-LeaderElection17] INFO  impl.RaftServerImpl (ServerState.java:setRaftConf(374)) - f316fc96-4c73-4899-90e3-c2d22b42fa63@group-3DCA05227E39: set configuration 0: [37c4b172-996d-44d9-83fc-874aa9de1693:172.17.0.2:44187:0, 839b407c-c1de-4b31-afbc-625e07034f6b:172.17.0.2:39563:0, f316fc96-4c73-4899-90e3-c2d22b42fa63:172.17.0.2:33369:0], old=null at 0
2020-10-17 13:19:39,650 [grpc-default-executor-3] INFO  ratis.XceiverServerRatis (XceiverServerRatis.java:handleLeaderChangedNotification(822)) - Leader change notification received for group: group-3DCA05227E39 with new leaderId: f316fc96-4c73-4899-90e3-c2d22b42fa63
2020-10-17 13:19:39,650 [grpc-default-executor-3] INFO  impl.RaftServerImpl (ServerState.java:setLeader(256)) - 37c4b172-996d-44d9-83fc-874aa9de1693@group-3DCA05227E39: change Leader from null to f316fc96-4c73-4899-90e3-c2d22b42fa63 at term 1 for appendEntries, leader elected after 5029ms
2020-10-17 13:19:39,656 [grpc-default-executor-1] INFO  ratis.XceiverServerRatis (XceiverServerRatis.java:handleLeaderChangedNotification(822)) - Leader change notification received for group: group-3DCA05227E39 with new leaderId: f316fc96-4c73-4899-90e3-c2d22b42fa63
2020-10-17 13:19:39,656 [grpc-default-executor-1] INFO  impl.RaftServerImpl (ServerState.java:setLeader(256)) - 839b407c-c1de-4b31-afbc-625e07034f6b@group-3DCA05227E39: change Leader from null to f316fc96-4c73-4899-90e3-c2d22b42fa63 at term 1 for appendEntries, leader elected after 5083ms
2020-10-17 13:19:39,657 [grpc-default-executor-3] INFO  impl.RaftServerImpl (ServerState.java:setRaftConf(374)) - 37c4b172-996d-44d9-83fc-874aa9de1693@group-3DCA05227E39: set configuration 0: [37c4b172-996d-44d9-83fc-874aa9de1693:172.17.0.2:44187:0, 839b407c-c1de-4b31-afbc-625e07034f6b:172.17.0.2:39563:0, f316fc96-4c73-4899-90e3-c2d22b42fa63:172.17.0.2:33369:0], old=null at 0
2020-10-17 13:19:39,658 [grpc-default-executor-3] INFO  segmented.SegmentedRaftLogWorker (SegmentedRaftLogWorker.java:startLogSegment(397)) - 37c4b172-996d-44d9-83fc-874aa9de1693@group-3DCA05227E39-SegmentedRaftLogWorker: Starting segment from index:0
2020-10-17 13:19:39,659 [grpc-default-executor-3] INFO  impl.RaftServerImpl (ServerState.java:setRaftConf(374)) - 839b407c-c1de-4b31-afbc-625e07034f6b@group-3DCA05227E39: set configuration 0: [37c4b172-996d-44d9-83fc-874aa9de1693:172.17.0.2:44187:0, 839b407c-c1de-4b31-afbc-625e07034f6b:172.17.0.2:39563:0, f316fc96-4c73-4899-90e3-c2d22b42fa63:172.17.0.2:33369:0], old=null at 0
2020-10-17 13:19:39,660 [grpc-default-executor-3] INFO  segmented.SegmentedRaftLogWorker (SegmentedRaftLogWorker.java:startLogSegment(397)) - 839b407c-c1de-4b31-afbc-625e07034f6b@group-3DCA05227E39-SegmentedRaftLogWorker: Starting segment from index:0
2020-10-17 13:19:39,661 [839b407c-c1de-4b31-afbc-625e07034f6b@group-3DCA05227E39-SegmentedRaftLogWorker] INFO  segmented.SegmentedRaftLogWorker (SegmentedRaftLogWorker.java:execute(596)) - 839b407c-c1de-4b31-afbc-625e07034f6b@group-3DCA05227E39-SegmentedRaftLogWorker: created new log segment /github/workspace/mnt/ozone/hadoop-ozone/integration-test/target/test-dir/MiniOzoneClusterImpl-1fb37825-3c8e-4fc8-8488-3a2a4659ec2d/datanode-4/data/ratis/8c8bfcf8-5246-4156-a6f3-3dca05227e39/current/log_inprogress_0
2020-10-17 13:19:39,662 [37c4b172-996d-44d9-83fc-874aa9de1693@group-3DCA05227E39-SegmentedRaftLogWorker] INFO  segmented.SegmentedRaftLogWorker (SegmentedRaftLogWorker.java:execute(596)) - 37c4b172-996d-44d9-83fc-874aa9de1693@group-3DCA05227E39-SegmentedRaftLogWorker: created new log segment /github/workspace/mnt/ozone/hadoop-ozone/integration-test/target/test-dir/MiniOzoneClusterImpl-1fb37825-3c8e-4fc8-8488-3a2a4659ec2d/datanode-5/data/ratis/8c8bfcf8-5246-4156-a6f3-3dca05227e39/current/log_inprogress_0
2020-10-17 13:19:39,729 [Thread-612] INFO  impl.FollowerState (FollowerState.java:run(108)) - 839b407c-c1de-4b31-afbc-625e07034f6b@group-DC1924C565DB-FollowerState: change to CANDIDATE, lastRpcTime:5050ms, electionTimeout:5049ms
2020-10-17 13:19:39,729 [Thread-612] INFO  impl.RoleInfo (RoleInfo.java:shutdownFollowerState(121)) - 839b407c-c1de-4b31-afbc-625e07034f6b: shutdown FollowerState
2020-10-17 13:19:39,730 [Thread-612] INFO  impl.RaftServerImpl (RaftServerImpl.java:setRole(198)) - 839b407c-c1de-4b31-afbc-625e07034f6b@group-DC1924C565DB: changes role from  FOLLOWER to CANDIDATE at term 0 for changeToCandidate
2020-10-17 13:19:39,730 [Thread-612] INFO  impl.RoleInfo (RoleInfo.java:updateAndGet(143)) - 839b407c-c1de-4b31-afbc-625e07034f6b: start LeaderElection
2020-10-17 13:19:39,732 [839b407c-c1de-4b31-afbc-625e07034f6b@group-DC1924C565DB-LeaderElection18] INFO  impl.LeaderElection (LeaderElection.java:askForVotes(210)) - 839b407c-c1de-4b31-afbc-625e07034f6b@group-DC1924C565DB-LeaderElection18: begin an election at term 1 for -1: [839b407c-c1de-4b31-afbc-625e07034f6b:172.17.0.2:39563:0], old=null
2020-10-17 13:19:39,732 [839b407c-c1de-4b31-afbc-625e07034f6b@group-DC1924C565DB-LeaderElection18] INFO  impl.RoleInfo (RoleInfo.java:shutdownLeaderElection(134)) - 839b407c-c1de-4b31-afbc-625e07034f6b: shutdown LeaderElection
2020-10-17 13:19:39,732 [839b407c-c1de-4b31-afbc-625e07034f6b@group-DC1924C565DB-LeaderElection18] INFO  impl.RaftServerImpl (RaftServerImpl.java:setRole(198)) - 839b407c-c1de-4b31-afbc-625e07034f6b@group-DC1924C565DB: changes role from CANDIDATE to LEADER at term 1 for changeToLeader
2020-10-17 13:19:39,732 [839b407c-c1de-4b31-afbc-625e07034f6b@group-DC1924C565DB-LeaderElection18] INFO  ratis.XceiverServerRatis (XceiverServerRatis.java:handleLeaderChangedNotification(822)) - Leader change notification received for group: group-DC1924C565DB with new leaderId: 839b407c-c1de-4b31-afbc-625e07034f6b
2020-10-17 13:19:39,732 [839b407c-c1de-4b31-afbc-625e07034f6b@group-DC1924C565DB-LeaderElection18] INFO  impl.RaftServerImpl (ServerState.java:setLeader(256)) - 839b407c-c1de-4b31-afbc-625e07034f6b@group-DC1924C565DB: change Leader from null to 839b407c-c1de-4b31-afbc-625e07034f6b at term 1 for becomeLeader, leader elected after 5060ms
2020-10-17 13:19:39,733 [839b407c-c1de-4b31-afbc-625e07034f6b@group-DC1924C565DB-LeaderElection18] INFO  server.RaftServerConfigKeys (ConfUtils.java:logGet(44)) - raft.server.staging.catchup.gap = 1000 (default)
2020-10-17 13:19:39,734 [839b407c-c1de-4b31-afbc-625e07034f6b@group-DC1924C565DB-LeaderElection18] INFO  server.RaftServerConfigKeys (ConfUtils.java:logGet(44)) - raft.server.rpc.sleep.time = 25ms (default)
2020-10-17 13:19:39,734 [839b407c-c1de-4b31-afbc-625e07034f6b@group-DC1924C565DB-LeaderElection18] INFO  metrics.RatisMetrics (RatisMetrics.java:lambda$create$0(36)) - Creating Metrics Registry : ratis.log_appender.839b407c-c1de-4b31-afbc-625e07034f6b@group-DC1924C565DB
2020-10-17 13:19:39,735 [839b407c-c1de-4b31-afbc-625e07034f6b@group-DC1924C565DB-LeaderElection18] INFO  server.RaftServerConfigKeys (ConfUtils.java:logGet(44)) - raft.server.write.element-limit = 1024 (custom)
2020-10-17 13:19:39,735 [839b407c-c1de-4b31-afbc-625e07034f6b@group-DC1924C565DB-LeaderElection18] INFO  server.RaftServerConfigKeys (ConfUtils.java:logGet(44)) - raft.server.write.byte-limit = 1073741824 (custom)
2020-10-17 13:19:39,735 [839b407c-c1de-4b31-afbc-625e07034f6b@group-DC1924C565DB-LeaderElection18] INFO  server.RaftServerConfigKeys (ConfUtils.java:logGet(44)) - raft.server.watch.timeout = 180s (custom)
2020-10-17 13:19:39,735 [839b407c-c1de-4b31-afbc-625e07034f6b@group-DC1924C565DB-LeaderElection18] INFO  server.RaftServerConfigKeys (ConfUtils.java:logGet(44)) - raft.server.watch.timeout.denomination = 1s (default)
2020-10-17 13:19:39,735 [839b407c-c1de-4b31-afbc-625e07034f6b@group-DC1924C565DB-LeaderElection18] INFO  server.RaftServerConfigKeys (ConfUtils.java:logGet(44)) - raft.server.watch.element-limit = 65536 (default)
2020-10-17 13:19:39,735 [839b407c-c1de-4b31-afbc-625e07034f6b@group-DC1924C565DB-LeaderElection18] INFO  impl.RoleInfo (RoleInfo.java:updateAndGet(143)) - 839b407c-c1de-4b31-afbc-625e07034f6b: start LeaderState
2020-10-17 13:19:39,736 [839b407c-c1de-4b31-afbc-625e07034f6b@group-DC1924C565DB-LeaderElection18] INFO  segmented.SegmentedRaftLogWorker (SegmentedRaftLogWorker.java:startLogSegment(397)) - 839b407c-c1de-4b31-afbc-625e07034f6b@group-DC1924C565DB-SegmentedRaftLogWorker: Starting segment from index:0
2020-10-17 13:19:39,737 [839b407c-c1de-4b31-afbc-625e07034f6b@group-DC1924C565DB-LeaderElection18] INFO  impl.RaftServerImpl (ServerState.java:setRaftConf(374)) - 839b407c-c1de-4b31-afbc-625e07034f6b@group-DC1924C565DB: set configuration 0: [839b407c-c1de-4b31-afbc-625e07034f6b:172.17.0.2:39563:0], old=null at 0
2020-10-17 13:19:39,738 [839b407c-c1de-4b31-afbc-625e07034f6b@group-DC1924C565DB-SegmentedRaftLogWorker] INFO  segmented.SegmentedRaftLogWorker (SegmentedRaftLogWorker.java:execute(596)) - 839b407c-c1de-4b31-afbc-625e07034f6b@group-DC1924C565DB-SegmentedRaftLogWorker: created new log segment /github/workspace/mnt/ozone/hadoop-ozone/integration-test/target/test-dir/MiniOzoneClusterImpl-1fb37825-3c8e-4fc8-8488-3a2a4659ec2d/datanode-4/data/ratis/b134bc6e-4347-4a4c-87bc-dc1924c565db/current/log_inprogress_0
2020-10-17 13:19:40,022 [Listener at 127.0.0.1/44403] INFO  ozone.MiniOzoneClusterImpl (MiniOzoneClusterImpl.java:lambda$waitForClusterToBeReady$0(177)) - Nodes are ready. Got 7 of 7 DN Heartbeats.
2020-10-17 13:19:40,023 [Listener at 127.0.0.1/44403] INFO  ozone.MiniOzoneClusterImpl (MiniOzoneClusterImpl.java:lambda$waitForClusterToBeReady$0(180)) - Cluster exits safe mode
2020-10-17 13:19:40,040 [Listener at 127.0.0.1/44403] INFO  rpc.RpcClient (RpcClient.java:createVolume(321)) - Creating Volume: testblockoutputstreamwithretries, with jenkins1001 as owner.
2020-10-17 13:19:40,041 [Thread-614] INFO  impl.FollowerState (FollowerState.java:run(108)) - 37c4b172-996d-44d9-83fc-874aa9de1693@group-B9FA40716987-FollowerState: change to CANDIDATE, lastRpcTime:5192ms, electionTimeout:5191ms
2020-10-17 13:19:40,041 [Thread-614] INFO  impl.RoleInfo (RoleInfo.java:shutdownFollowerState(121)) - 37c4b172-996d-44d9-83fc-874aa9de1693: shutdown FollowerState
2020-10-17 13:19:40,041 [Thread-614] INFO  impl.RaftServerImpl (RaftServerImpl.java:setRole(198)) - 37c4b172-996d-44d9-83fc-874aa9de1693@group-B9FA40716987: changes role from  FOLLOWER to CANDIDATE at term 0 for changeToCandidate
2020-10-17 13:19:40,041 [Thread-614] INFO  impl.RoleInfo (RoleInfo.java:updateAndGet(143)) - 37c4b172-996d-44d9-83fc-874aa9de1693: start LeaderElection
2020-10-17 13:19:40,042 [IPC Server handler 18 on default port 44403] INFO  volume.OMVolumeCreateRequest (OMVolumeCreateRequest.java:validateAndUpdateCache(196)) - created volume:testblockoutputstreamwithretries for user:jenkins1001
2020-10-17 13:19:40,050 [37c4b172-996d-44d9-83fc-874aa9de1693@group-B9FA40716987-LeaderElection19] INFO  impl.LeaderElection (LeaderElection.java:askForVotes(210)) - 37c4b172-996d-44d9-83fc-874aa9de1693@group-B9FA40716987-LeaderElection19: begin an election at term 1 for -1: [37c4b172-996d-44d9-83fc-874aa9de1693:172.17.0.2:44187:0], old=null
2020-10-17 13:19:40,050 [37c4b172-996d-44d9-83fc-874aa9de1693@group-B9FA40716987-LeaderElection19] INFO  impl.RoleInfo (RoleInfo.java:shutdownLeaderElection(134)) - 37c4b172-996d-44d9-83fc-874aa9de1693: shutdown LeaderElection
2020-10-17 13:19:40,050 [Listener at 127.0.0.1/44403] INFO  rpc.RpcClient (RpcClient.java:createBucket(476)) - Creating Bucket: testblockoutputstreamwithretries/testblockoutputstreamwithretries, with Versioning false and Storage Type set to DISK and Encryption set to false 
2020-10-17 13:19:40,050 [37c4b172-996d-44d9-83fc-874aa9de1693@group-B9FA40716987-LeaderElection19] INFO  impl.RaftServerImpl (RaftServerImpl.java:setRole(198)) - 37c4b172-996d-44d9-83fc-874aa9de1693@group-B9FA40716987: changes role from CANDIDATE to LEADER at term 1 for changeToLeader
2020-10-17 13:19:40,050 [37c4b172-996d-44d9-83fc-874aa9de1693@group-B9FA40716987-LeaderElection19] INFO  ratis.XceiverServerRatis (XceiverServerRatis.java:handleLeaderChangedNotification(822)) - Leader change notification received for group: group-B9FA40716987 with new leaderId: 37c4b172-996d-44d9-83fc-874aa9de1693
2020-10-17 13:19:40,050 [37c4b172-996d-44d9-83fc-874aa9de1693@group-B9FA40716987-LeaderElection19] INFO  impl.RaftServerImpl (ServerState.java:setLeader(256)) - 37c4b172-996d-44d9-83fc-874aa9de1693@group-B9FA40716987: change Leader from null to 37c4b172-996d-44d9-83fc-874aa9de1693 at term 1 for becomeLeader, leader elected after 5208ms
2020-10-17 13:19:40,052 [37c4b172-996d-44d9-83fc-874aa9de1693@group-B9FA40716987-LeaderElection19] INFO  server.RaftServerConfigKeys (ConfUtils.java:logGet(44)) - raft.server.staging.catchup.gap = 1000 (default)
2020-10-17 13:19:40,052 [37c4b172-996d-44d9-83fc-874aa9de1693@group-B9FA40716987-LeaderElection19] INFO  server.RaftServerConfigKeys (ConfUtils.java:logGet(44)) - raft.server.rpc.sleep.time = 25ms (default)
2020-10-17 13:19:40,052 [37c4b172-996d-44d9-83fc-874aa9de1693@group-B9FA40716987-LeaderElection19] INFO  metrics.RatisMetrics (RatisMetrics.java:lambda$create$0(36)) - Creating Metrics Registry : ratis.log_appender.37c4b172-996d-44d9-83fc-874aa9de1693@group-B9FA40716987
2020-10-17 13:19:40,057 [37c4b172-996d-44d9-83fc-874aa9de1693@group-B9FA40716987-LeaderElection19] INFO  server.RaftServerConfigKeys (ConfUtils.java:logGet(44)) - raft.server.write.element-limit = 1024 (custom)
2020-10-17 13:19:40,058 [37c4b172-996d-44d9-83fc-874aa9de1693@group-B9FA40716987-LeaderElection19] INFO  server.RaftServerConfigKeys (ConfUtils.java:logGet(44)) - raft.server.write.byte-limit = 1073741824 (custom)
2020-10-17 13:19:40,058 [37c4b172-996d-44d9-83fc-874aa9de1693@group-B9FA40716987-LeaderElection19] INFO  server.RaftServerConfigKeys (ConfUtils.java:logGet(44)) - raft.server.watch.timeout = 180s (custom)
2020-10-17 13:19:40,058 [37c4b172-996d-44d9-83fc-874aa9de1693@group-B9FA40716987-LeaderElection19] INFO  server.RaftServerConfigKeys (ConfUtils.java:logGet(44)) - raft.server.watch.timeout.denomination = 1s (default)
2020-10-17 13:19:40,060 [37c4b172-996d-44d9-83fc-874aa9de1693@group-B9FA40716987-LeaderElection19] INFO  server.RaftServerConfigKeys (ConfUtils.java:logGet(44)) - raft.server.watch.element-limit = 65536 (default)
2020-10-17 13:19:40,067 [37c4b172-996d-44d9-83fc-874aa9de1693@group-B9FA40716987-LeaderElection19] INFO  impl.RoleInfo (RoleInfo.java:updateAndGet(143)) - 37c4b172-996d-44d9-83fc-874aa9de1693: start LeaderState
2020-10-17 13:19:40,067 [37c4b172-996d-44d9-83fc-874aa9de1693@group-B9FA40716987-LeaderElection19] INFO  segmented.SegmentedRaftLogWorker (SegmentedRaftLogWorker.java:startLogSegment(397)) - 37c4b172-996d-44d9-83fc-874aa9de1693@group-B9FA40716987-SegmentedRaftLogWorker: Starting segment from index:0
2020-10-17 13:19:40,068 [37c4b172-996d-44d9-83fc-874aa9de1693@group-B9FA40716987-LeaderElection19] INFO  impl.RaftServerImpl (ServerState.java:setRaftConf(374)) - 37c4b172-996d-44d9-83fc-874aa9de1693@group-B9FA40716987: set configuration 0: [37c4b172-996d-44d9-83fc-874aa9de1693:172.17.0.2:44187:0], old=null at 0
2020-10-17 13:19:40,075 [37c4b172-996d-44d9-83fc-874aa9de1693@group-B9FA40716987-SegmentedRaftLogWorker] INFO  segmented.SegmentedRaftLogWorker (SegmentedRaftLogWorker.java:execute(596)) - 37c4b172-996d-44d9-83fc-874aa9de1693@group-B9FA40716987-SegmentedRaftLogWorker: created new log segment /github/workspace/mnt/ozone/hadoop-ozone/integration-test/target/test-dir/MiniOzoneClusterImpl-1fb37825-3c8e-4fc8-8488-3a2a4659ec2d/datanode-5/data/ratis/93b23e16-3bc2-4d35-a8c2-b9fa40716987/current/log_inprogress_0
2020-10-17 13:19:40,079 [Listener at 127.0.0.1/44403] INFO  metrics.RatisMetrics (RatisMetrics.java:lambda$create$0(36)) - Creating Metrics Registry : ratis.client_message_metrics.client-9F6EFDE5AC69->4d0387a1-338f-4391-a649-fbe8c650d8a6
2020-10-17 13:19:40,141 [Datanode State Machine Thread - 0] WARN  statemachine.StateContext (StateContext.java:execute(442)) - No available thread in pool for past 1 seconds.
2020-10-17 13:19:40,185 [Thread-616] INFO  impl.FollowerState (FollowerState.java:run(108)) - 84728469-0fd8-41c1-ac03-11393601ff88@group-4F0C448076AF-FollowerState: change to CANDIDATE, lastRpcTime:5137ms, electionTimeout:5137ms
2020-10-17 13:19:40,185 [Thread-616] INFO  impl.RoleInfo (RoleInfo.java:shutdownFollowerState(121)) - 84728469-0fd8-41c1-ac03-11393601ff88: shutdown FollowerState
2020-10-17 13:19:40,185 [Thread-616] INFO  impl.RaftServerImpl (RaftServerImpl.java:setRole(198)) - 84728469-0fd8-41c1-ac03-11393601ff88@group-4F0C448076AF: changes role from  FOLLOWER to CANDIDATE at term 0 for changeToCandidate
2020-10-17 13:19:40,185 [Thread-616] INFO  impl.RoleInfo (RoleInfo.java:updateAndGet(143)) - 84728469-0fd8-41c1-ac03-11393601ff88: start LeaderElection
2020-10-17 13:19:40,192 [84728469-0fd8-41c1-ac03-11393601ff88@group-4F0C448076AF-LeaderElection20] INFO  impl.LeaderElection (LeaderElection.java:askForVotes(210)) - 84728469-0fd8-41c1-ac03-11393601ff88@group-4F0C448076AF-LeaderElection20: begin an election at term 1 for -1: [84728469-0fd8-41c1-ac03-11393601ff88:172.17.0.2:37239:0], old=null
2020-10-17 13:19:40,192 [84728469-0fd8-41c1-ac03-11393601ff88@group-4F0C448076AF-LeaderElection20] INFO  impl.RoleInfo (RoleInfo.java:shutdownLeaderElection(134)) - 84728469-0fd8-41c1-ac03-11393601ff88: shutdown LeaderElection
2020-10-17 13:19:40,192 [84728469-0fd8-41c1-ac03-11393601ff88@group-4F0C448076AF-LeaderElection20] INFO  impl.RaftServerImpl (RaftServerImpl.java:setRole(198)) - 84728469-0fd8-41c1-ac03-11393601ff88@group-4F0C448076AF: changes role from CANDIDATE to LEADER at term 1 for changeToLeader
2020-10-17 13:19:40,192 [84728469-0fd8-41c1-ac03-11393601ff88@group-4F0C448076AF-LeaderElection20] INFO  ratis.XceiverServerRatis (XceiverServerRatis.java:handleLeaderChangedNotification(822)) - Leader change notification received for group: group-4F0C448076AF with new leaderId: 84728469-0fd8-41c1-ac03-11393601ff88
2020-10-17 13:19:40,193 [84728469-0fd8-41c1-ac03-11393601ff88@group-4F0C448076AF-LeaderElection20] INFO  impl.RaftServerImpl (ServerState.java:setLeader(256)) - 84728469-0fd8-41c1-ac03-11393601ff88@group-4F0C448076AF: change Leader from null to 84728469-0fd8-41c1-ac03-11393601ff88 at term 1 for becomeLeader, leader elected after 5153ms
2020-10-17 13:19:40,204 [84728469-0fd8-41c1-ac03-11393601ff88@group-4F0C448076AF-LeaderElection20] INFO  server.RaftServerConfigKeys (ConfUtils.java:logGet(44)) - raft.server.staging.catchup.gap = 1000 (default)
2020-10-17 13:19:40,204 [84728469-0fd8-41c1-ac03-11393601ff88@group-4F0C448076AF-LeaderElection20] INFO  server.RaftServerConfigKeys (ConfUtils.java:logGet(44)) - raft.server.rpc.sleep.time = 25ms (default)
2020-10-17 13:19:40,204 [84728469-0fd8-41c1-ac03-11393601ff88@group-4F0C448076AF-LeaderElection20] INFO  metrics.RatisMetrics (RatisMetrics.java:lambda$create$0(36)) - Creating Metrics Registry : ratis.log_appender.84728469-0fd8-41c1-ac03-11393601ff88@group-4F0C448076AF
2020-10-17 13:19:40,205 [84728469-0fd8-41c1-ac03-11393601ff88@group-4F0C448076AF-LeaderElection20] INFO  server.RaftServerConfigKeys (ConfUtils.java:logGet(44)) - raft.server.write.element-limit = 1024 (custom)
2020-10-17 13:19:40,205 [84728469-0fd8-41c1-ac03-11393601ff88@group-4F0C448076AF-LeaderElection20] INFO  server.RaftServerConfigKeys (ConfUtils.java:logGet(44)) - raft.server.write.byte-limit = 1073741824 (custom)
2020-10-17 13:19:40,205 [84728469-0fd8-41c1-ac03-11393601ff88@group-4F0C448076AF-LeaderElection20] INFO  server.RaftServerConfigKeys (ConfUtils.java:logGet(44)) - raft.server.watch.timeout = 180s (custom)
2020-10-17 13:19:40,205 [84728469-0fd8-41c1-ac03-11393601ff88@group-4F0C448076AF-LeaderElection20] INFO  server.RaftServerConfigKeys (ConfUtils.java:logGet(44)) - raft.server.watch.timeout.denomination = 1s (default)
2020-10-17 13:19:40,205 [84728469-0fd8-41c1-ac03-11393601ff88@group-4F0C448076AF-LeaderElection20] INFO  server.RaftServerConfigKeys (ConfUtils.java:logGet(44)) - raft.server.watch.element-limit = 65536 (default)
2020-10-17 13:19:40,205 [84728469-0fd8-41c1-ac03-11393601ff88@group-4F0C448076AF-LeaderElection20] INFO  impl.RoleInfo (RoleInfo.java:updateAndGet(143)) - 84728469-0fd8-41c1-ac03-11393601ff88: start LeaderState
2020-10-17 13:19:40,206 [84728469-0fd8-41c1-ac03-11393601ff88@group-4F0C448076AF-LeaderElection20] INFO  segmented.SegmentedRaftLogWorker (SegmentedRaftLogWorker.java:startLogSegment(397)) - 84728469-0fd8-41c1-ac03-11393601ff88@group-4F0C448076AF-SegmentedRaftLogWorker: Starting segment from index:0
2020-10-17 13:19:40,207 [84728469-0fd8-41c1-ac03-11393601ff88@group-4F0C448076AF-SegmentedRaftLogWorker] INFO  segmented.SegmentedRaftLogWorker (SegmentedRaftLogWorker.java:execute(596)) - 84728469-0fd8-41c1-ac03-11393601ff88@group-4F0C448076AF-SegmentedRaftLogWorker: created new log segment /github/workspace/mnt/ozone/hadoop-ozone/integration-test/target/test-dir/MiniOzoneClusterImpl-1fb37825-3c8e-4fc8-8488-3a2a4659ec2d/datanode-6/data/ratis/400aa601-6397-431f-826f-4f0c448076af/current/log_inprogress_0
2020-10-17 13:19:40,213 [84728469-0fd8-41c1-ac03-11393601ff88@group-4F0C448076AF-LeaderElection20] INFO  impl.RaftServerImpl (ServerState.java:setRaftConf(374)) - 84728469-0fd8-41c1-ac03-11393601ff88@group-4F0C448076AF: set configuration 0: [84728469-0fd8-41c1-ac03-11393601ff88:172.17.0.2:37239:0], old=null at 0
2020-10-17 13:19:40,217 [Listener at 127.0.0.1/44403] INFO  metrics.RatisMetrics (RatisMetrics.java:lambda$create$0(36)) - Creating Metrics Registry : ratis.client_message_metrics.client-94A2445C9E29->839b407c-c1de-4b31-afbc-625e07034f6b
2020-10-17 13:19:40,284 [Listener at 127.0.0.1/44403] INFO  metrics.RatisMetrics (RatisMetrics.java:lambda$create$0(36)) - Creating Metrics Registry : ratis.client_message_metrics.client-C574527E5478->4d0387a1-338f-4391-a649-fbe8c650d8a6
2020-10-17 13:19:40,326 [EventQueue-CloseContainerForCloseContainerEventHandler] INFO  container.CloseContainerEventHandler (CloseContainerEventHandler.java:onMessage(61)) - Close container Event triggered for container : #1
2020-10-17 13:19:40,327 [EventQueue-CloseContainerForCloseContainerEventHandler] INFO  container.CloseContainerEventHandler (CloseContainerEventHandler.java:onMessage(61)) - Close container Event triggered for container : #2
2020-10-17 13:19:40,327 [EventQueue-CloseContainerForCloseContainerEventHandler] INFO  container.CloseContainerEventHandler (CloseContainerEventHandler.java:onMessage(61)) - Close container Event triggered for container : #3
2020-10-17 13:19:42,089 [EventQueue-Delayed safe mode statusForReplicationManager] INFO  container.ReplicationManager (ReplicationManager.java:start(178)) - Starting Replication Monitor Thread.
2020-10-17 13:19:42,090 [ReplicationMonitor] INFO  container.ReplicationManager (ReplicationManager.java:sendCloseCommand(882)) - Sending close container command for container #1 to datanode 4d0387a1-338f-4391-a649-fbe8c650d8a6{ip: 172.17.0.2, host: cd5595e0f813, networkLocation: /default-rack, certSerialId: null}.
2020-10-17 13:19:42,090 [ReplicationMonitor] INFO  container.ReplicationManager (ReplicationManager.java:sendCloseCommand(882)) - Sending close container command for container #2 to datanode 4d0387a1-338f-4391-a649-fbe8c650d8a6{ip: 172.17.0.2, host: cd5595e0f813, networkLocation: /default-rack, certSerialId: null}.
2020-10-17 13:19:42,090 [ReplicationMonitor] INFO  container.ReplicationManager (ReplicationManager.java:sendCloseCommand(882)) - Sending close container command for container #3 to datanode 839b407c-c1de-4b31-afbc-625e07034f6b{ip: 172.17.0.2, host: cd5595e0f813, networkLocation: /default-rack, certSerialId: null}.
2020-10-17 13:19:42,091 [ReplicationMonitor] INFO  container.ReplicationManager (ReplicationManager.java:run(242)) - Replication Monitor Thread took 1 milliseconds for processing 3 containers.
2020-10-17 13:19:42,222 [RatisApplyTransactionExecutor 1] INFO  keyvalue.KeyValueContainer (KeyValueContainer.java:flushAndSyncDB(388)) - Container 1 is synced with bcsId 12.
2020-10-17 13:19:42,222 [RatisApplyTransactionExecutor 1] INFO  keyvalue.KeyValueContainer (KeyValueContainer.java:flushAndSyncDB(388)) - Container 1 is synced with bcsId 12.
2020-10-17 13:19:42,224 [RatisApplyTransactionExecutor 1] INFO  keyvalue.KeyValueContainer (KeyValueContainer.java:close(326)) - Container 1 is closed with bcsId 12.
2020-10-17 13:19:42,226 [EventQueue-IncrementalContainerReportForIncrementalContainerReportHandler] INFO  container.IncrementalContainerReportHandler (AbstractContainerReportHandler.java:updateContainerState(215)) - Moving container #1 to CLOSED state, datanode 4d0387a1-338f-4391-a649-fbe8c650d8a6{ip: 172.17.0.2, host: cd5595e0f813, networkLocation: /default-rack, certSerialId: null} reported CLOSED replica.
2020-10-17 13:19:42,230 [RatisApplyTransactionExecutor 2] INFO  keyvalue.KeyValueContainer (KeyValueContainer.java:flushAndSyncDB(388)) - Container 2 is synced with bcsId 0.
2020-10-17 13:19:42,230 [RatisApplyTransactionExecutor 2] INFO  keyvalue.KeyValueContainer (KeyValueContainer.java:flushAndSyncDB(388)) - Container 2 is synced with bcsId 0.
2020-10-17 13:19:42,232 [RatisApplyTransactionExecutor 2] INFO  keyvalue.KeyValueContainer (KeyValueContainer.java:close(326)) - Container 2 is closed with bcsId 0.
2020-10-17 13:19:42,233 [EventQueue-IncrementalContainerReportForIncrementalContainerReportHandler] INFO  container.IncrementalContainerReportHandler (AbstractContainerReportHandler.java:updateContainerState(215)) - Moving container #2 to CLOSED state, datanode 4d0387a1-338f-4391-a649-fbe8c650d8a6{ip: 172.17.0.2, host: cd5595e0f813, networkLocation: /default-rack, certSerialId: null} reported CLOSED replica.
2020-10-17 13:19:42,281 [RatisApplyTransactionExecutor 3] INFO  keyvalue.KeyValueContainer (KeyValueContainer.java:flushAndSyncDB(388)) - Container 3 is synced with bcsId 0.
2020-10-17 13:19:42,281 [RatisApplyTransactionExecutor 3] INFO  keyvalue.KeyValueContainer (KeyValueContainer.java:flushAndSyncDB(388)) - Container 3 is synced with bcsId 0.
2020-10-17 13:19:42,283 [RatisApplyTransactionExecutor 3] INFO  keyvalue.KeyValueContainer (KeyValueContainer.java:close(326)) - Container 3 is closed with bcsId 0.
2020-10-17 13:19:42,284 [EventQueue-IncrementalContainerReportForIncrementalContainerReportHandler] INFO  container.IncrementalContainerReportHandler (AbstractContainerReportHandler.java:updateContainerState(215)) - Moving container #3 to CLOSED state, datanode 839b407c-c1de-4b31-afbc-625e07034f6b{ip: 172.17.0.2, host: cd5595e0f813, networkLocation: /default-rack, certSerialId: null} reported CLOSED replica.
13:19:42.332 [grpc-default-executor-3] ERROR DNAudit - user=null | ip=null | op=WRITE_CHUNK {blockData=conID: 1 locID: 105050326962405379 bcsId: 12} | ret=FAILURE
org.apache.hadoop.hdds.scm.container.common.helpers.ContainerNotOpenException: Container 1 in CLOSED state
	at org.apache.hadoop.ozone.container.common.impl.HddsDispatcher.validateContainerCommand(HddsDispatcher.java:484) ~[hadoop-hdds-container-service-1.1.0-SNAPSHOT.jar:?]
	at org.apache.hadoop.ozone.container.common.transport.server.ratis.ContainerStateMachine.startTransaction(ContainerStateMachine.java:319) ~[hadoop-hdds-container-service-1.1.0-SNAPSHOT.jar:?]
	at org.apache.ratis.server.impl.RaftServerImpl.submitClientRequestAsync(RaftServerImpl.java:684) ~[ratis-server-1.1.0-11689cd-SNAPSHOT.jar:1.1.0-11689cd-SNAPSHOT]
	at org.apache.ratis.server.impl.RaftServerProxy.lambda$submitClientRequestAsync$7(RaftServerProxy.java:341) ~[ratis-server-1.1.0-11689cd-SNAPSHOT.jar:1.1.0-11689cd-SNAPSHOT]
	at org.apache.ratis.server.impl.RaftServerProxy.lambda$null$5(RaftServerProxy.java:336) ~[ratis-server-1.1.0-11689cd-SNAPSHOT.jar:1.1.0-11689cd-SNAPSHOT]
	at org.apache.ratis.util.JavaUtils.callAsUnchecked(JavaUtils.java:109) ~[ratis-common-1.1.0-11689cd-SNAPSHOT.jar:1.1.0-11689cd-SNAPSHOT]
	at org.apache.ratis.server.impl.RaftServerProxy.lambda$submitRequest$6(RaftServerProxy.java:336) ~[ratis-server-1.1.0-11689cd-SNAPSHOT.jar:1.1.0-11689cd-SNAPSHOT]
	at java.util.concurrent.CompletableFuture.uniComposeStage(CompletableFuture.java:995) ~[?:1.8.0_232]
	at java.util.concurrent.CompletableFuture.thenCompose(CompletableFuture.java:2137) ~[?:1.8.0_232]
	at org.apache.ratis.server.impl.RaftServerProxy.submitRequest(RaftServerProxy.java:335) ~[ratis-server-1.1.0-11689cd-SNAPSHOT.jar:1.1.0-11689cd-SNAPSHOT]
	at org.apache.ratis.server.impl.RaftServerProxy.submitClientRequestAsync(RaftServerProxy.java:341) ~[ratis-server-1.1.0-11689cd-SNAPSHOT.jar:1.1.0-11689cd-SNAPSHOT]
	at org.apache.ratis.grpc.client.GrpcClientProtocolService$RequestStreamObserver.processClientRequest(GrpcClientProtocolService.java:228) ~[ratis-grpc-1.1.0-11689cd-SNAPSHOT.jar:1.1.0-11689cd-SNAPSHOT]
	at org.apache.ratis.grpc.client.GrpcClientProtocolService$OrderedRequestStreamObserver.processClientRequest(GrpcClientProtocolService.java:334) ~[ratis-grpc-1.1.0-11689cd-SNAPSHOT.jar:1.1.0-11689cd-SNAPSHOT]
	at org.apache.ratis.util.SlidingWindow$Server.processRequestsFromHead(SlidingWindow.java:429) [ratis-common-1.1.0-11689cd-SNAPSHOT.jar:1.1.0-11689cd-SNAPSHOT]
	at org.apache.ratis.util.SlidingWindow$Server.receivedRequest(SlidingWindow.java:421) [ratis-common-1.1.0-11689cd-SNAPSHOT.jar:1.1.0-11689cd-SNAPSHOT]
	at org.apache.ratis.grpc.client.GrpcClientProtocolService$OrderedRequestStreamObserver.processClientRequest(GrpcClientProtocolService.java:358) [ratis-grpc-1.1.0-11689cd-SNAPSHOT.jar:1.1.0-11689cd-SNAPSHOT]
	at org.apache.ratis.grpc.client.GrpcClientProtocolService$RequestStreamObserver.onNext(GrpcClientProtocolService.java:248) [ratis-grpc-1.1.0-11689cd-SNAPSHOT.jar:1.1.0-11689cd-SNAPSHOT]
	at org.apache.ratis.grpc.client.GrpcClientProtocolService$RequestStreamObserver.onNext(GrpcClientProtocolService.java:171) [ratis-grpc-1.1.0-11689cd-SNAPSHOT.jar:1.1.0-11689cd-SNAPSHOT]
	at org.apache.ratis.thirdparty.io.grpc.stub.ServerCalls$StreamingServerCallHandler$StreamingServerCallListener.onMessage(ServerCalls.java:251) [ratis-thirdparty-misc-0.6.0-SNAPSHOT.jar:0.6.0-SNAPSHOT]
	at org.apache.ratis.thirdparty.io.grpc.ForwardingServerCallListener.onMessage(ForwardingServerCallListener.java:33) [ratis-thirdparty-misc-0.6.0-SNAPSHOT.jar:0.6.0-SNAPSHOT]
	at org.apache.ratis.thirdparty.io.grpc.internal.ServerCallImpl$ServerStreamListenerImpl.messagesAvailableInternal(ServerCallImpl.java:309) [ratis-thirdparty-misc-0.6.0-SNAPSHOT.jar:0.6.0-SNAPSHOT]
	at org.apache.ratis.thirdparty.io.grpc.internal.ServerCallImpl$ServerStreamListenerImpl.messagesAvailable(ServerCallImpl.java:292) [ratis-thirdparty-misc-0.6.0-SNAPSHOT.jar:0.6.0-SNAPSHOT]
	at org.apache.ratis.thirdparty.io.grpc.internal.ServerImpl$JumpToApplicationThreadServerStreamListener$1MessagesAvailable.runInContext(ServerImpl.java:783) [ratis-thirdparty-misc-0.6.0-SNAPSHOT.jar:0.6.0-SNAPSHOT]
	at org.apache.ratis.thirdparty.io.grpc.internal.ContextRunnable.run(ContextRunnable.java:37) [ratis-thirdparty-misc-0.6.0-SNAPSHOT.jar:0.6.0-SNAPSHOT]
	at org.apache.ratis.thirdparty.io.grpc.internal.SerializingExecutor.run(SerializingExecutor.java:123) [ratis-thirdparty-misc-0.6.0-SNAPSHOT.jar:0.6.0-SNAPSHOT]
	at java.util.concurrent.ThreadPoolExecutor.runWorker(ThreadPoolExecutor.java:1149) [?:1.8.0_232]
	at java.util.concurrent.ThreadPoolExecutor$Worker.run(ThreadPoolExecutor.java:624) [?:1.8.0_232]
	at java.lang.Thread.run(Thread.java:748) [?:1.8.0_232]
2020-10-17 13:19:42,356 [grpc-default-executor-1] ERROR storage.BlockOutputStream (BlockOutputStream.java:lambda$writeChunkToContainer$3(685)) - writing chunk failed 105050326962405379_chunk_5 blockID conID: 1 locID: 105050326962405379 bcsId: 12 with exception org.apache.ratis.protocol.exceptions.StateMachineException: org.apache.hadoop.hdds.scm.container.common.helpers.ContainerNotOpenException from Server 4d0387a1-338f-4391-a649-fbe8c650d8a6@group-62A0EEBC7A0D: Container 1 in CLOSED state
13:19:42.355 [grpc-default-executor-3] ERROR DNAudit - user=null | ip=null | op=WRITE_CHUNK {blockData=conID: 1 locID: 105050326962405379 bcsId: 12} | ret=FAILURE
org.apache.hadoop.hdds.scm.container.common.helpers.ContainerNotOpenException: Container 1 in CLOSED state
	at org.apache.hadoop.ozone.container.common.impl.HddsDispatcher.validateContainerCommand(HddsDispatcher.java:484) ~[hadoop-hdds-container-service-1.1.0-SNAPSHOT.jar:?]
	at org.apache.hadoop.ozone.container.common.transport.server.ratis.ContainerStateMachine.startTransaction(ContainerStateMachine.java:319) ~[hadoop-hdds-container-service-1.1.0-SNAPSHOT.jar:?]
	at org.apache.ratis.server.impl.RaftServerImpl.submitClientRequestAsync(RaftServerImpl.java:684) ~[ratis-server-1.1.0-11689cd-SNAPSHOT.jar:1.1.0-11689cd-SNAPSHOT]
	at org.apache.ratis.server.impl.RaftServerProxy.lambda$submitClientRequestAsync$7(RaftServerProxy.java:341) ~[ratis-server-1.1.0-11689cd-SNAPSHOT.jar:1.1.0-11689cd-SNAPSHOT]
	at org.apache.ratis.server.impl.RaftServerProxy.lambda$null$5(RaftServerProxy.java:336) ~[ratis-server-1.1.0-11689cd-SNAPSHOT.jar:1.1.0-11689cd-SNAPSHOT]
	at org.apache.ratis.util.JavaUtils.callAsUnchecked(JavaUtils.java:109) ~[ratis-common-1.1.0-11689cd-SNAPSHOT.jar:1.1.0-11689cd-SNAPSHOT]
	at org.apache.ratis.server.impl.RaftServerProxy.lambda$submitRequest$6(RaftServerProxy.java:336) ~[ratis-server-1.1.0-11689cd-SNAPSHOT.jar:1.1.0-11689cd-SNAPSHOT]
	at java.util.concurrent.CompletableFuture.uniComposeStage(CompletableFuture.java:995) ~[?:1.8.0_232]
	at java.util.concurrent.CompletableFuture.thenCompose(CompletableFuture.java:2137) ~[?:1.8.0_232]
	at org.apache.ratis.server.impl.RaftServerProxy.submitRequest(RaftServerProxy.java:335) ~[ratis-server-1.1.0-11689cd-SNAPSHOT.jar:1.1.0-11689cd-SNAPSHOT]
	at org.apache.ratis.server.impl.RaftServerProxy.submitClientRequestAsync(RaftServerProxy.java:341) ~[ratis-server-1.1.0-11689cd-SNAPSHOT.jar:1.1.0-11689cd-SNAPSHOT]
	at org.apache.ratis.grpc.client.GrpcClientProtocolService$RequestStreamObserver.processClientRequest(GrpcClientProtocolService.java:228) ~[ratis-grpc-1.1.0-11689cd-SNAPSHOT.jar:1.1.0-11689cd-SNAPSHOT]
	at org.apache.ratis.grpc.client.GrpcClientProtocolService$OrderedRequestStreamObserver.processClientRequest(GrpcClientProtocolService.java:334) ~[ratis-grpc-1.1.0-11689cd-SNAPSHOT.jar:1.1.0-11689cd-SNAPSHOT]
	at org.apache.ratis.util.SlidingWindow$Server.processRequestsFromHead(SlidingWindow.java:429) [ratis-common-1.1.0-11689cd-SNAPSHOT.jar:1.1.0-11689cd-SNAPSHOT]
	at org.apache.ratis.util.SlidingWindow$Server.receivedRequest(SlidingWindow.java:421) [ratis-common-1.1.0-11689cd-SNAPSHOT.jar:1.1.0-11689cd-SNAPSHOT]
	at org.apache.ratis.grpc.client.GrpcClientProtocolService$OrderedRequestStreamObserver.processClientRequest(GrpcClientProtocolService.java:358) [ratis-grpc-1.1.0-11689cd-SNAPSHOT.jar:1.1.0-11689cd-SNAPSHOT]
	at org.apache.ratis.grpc.client.GrpcClientProtocolService$RequestStreamObserver.onNext(GrpcClientProtocolService.java:248) [ratis-grpc-1.1.0-11689cd-SNAPSHOT.jar:1.1.0-11689cd-SNAPSHOT]
	at org.apache.ratis.grpc.client.GrpcClientProtocolService$RequestStreamObserver.onNext(GrpcClientProtocolService.java:171) [ratis-grpc-1.1.0-11689cd-SNAPSHOT.jar:1.1.0-11689cd-SNAPSHOT]
	at org.apache.ratis.thirdparty.io.grpc.stub.ServerCalls$StreamingServerCallHandler$StreamingServerCallListener.onMessage(ServerCalls.java:251) [ratis-thirdparty-misc-0.6.0-SNAPSHOT.jar:0.6.0-SNAPSHOT]
	at org.apache.ratis.thirdparty.io.grpc.ForwardingServerCallListener.onMessage(ForwardingServerCallListener.java:33) [ratis-thirdparty-misc-0.6.0-SNAPSHOT.jar:0.6.0-SNAPSHOT]
	at org.apache.ratis.thirdparty.io.grpc.internal.ServerCallImpl$ServerStreamListenerImpl.messagesAvailableInternal(ServerCallImpl.java:309) [ratis-thirdparty-misc-0.6.0-SNAPSHOT.jar:0.6.0-SNAPSHOT]
	at org.apache.ratis.thirdparty.io.grpc.internal.ServerCallImpl$ServerStreamListenerImpl.messagesAvailable(ServerCallImpl.java:292) [ratis-thirdparty-misc-0.6.0-SNAPSHOT.jar:0.6.0-SNAPSHOT]
	at org.apache.ratis.thirdparty.io.grpc.internal.ServerImpl$JumpToApplicationThreadServerStreamListener$1MessagesAvailable.runInContext(ServerImpl.java:783) [ratis-thirdparty-misc-0.6.0-SNAPSHOT.jar:0.6.0-SNAPSHOT]
	at org.apache.ratis.thirdparty.io.grpc.internal.ContextRunnable.run(ContextRunnable.java:37) [ratis-thirdparty-misc-0.6.0-SNAPSHOT.jar:0.6.0-SNAPSHOT]
	at org.apache.ratis.thirdparty.io.grpc.internal.SerializingExecutor.run(SerializingExecutor.java:123) [ratis-thirdparty-misc-0.6.0-SNAPSHOT.jar:0.6.0-SNAPSHOT]
	at java.util.concurrent.ThreadPoolExecutor.runWorker(ThreadPoolExecutor.java:1149) [?:1.8.0_232]
	at java.util.concurrent.ThreadPoolExecutor$Worker.run(ThreadPoolExecutor.java:624) [?:1.8.0_232]
	at java.lang.Thread.run(Thread.java:748) [?:1.8.0_232]
13:19:42.360 [grpc-default-executor-3] ERROR DNAudit - user=null | ip=null | op=PUT_BLOCK {blockData=[blockId=conID: 1 locID: 105050326962405379 bcsId: 0,size=600]} | ret=FAILURE
org.apache.hadoop.hdds.scm.container.common.helpers.ContainerNotOpenException: Container 1 in CLOSED state
	at org.apache.hadoop.ozone.container.common.impl.HddsDispatcher.validateContainerCommand(HddsDispatcher.java:484) ~[hadoop-hdds-container-service-1.1.0-SNAPSHOT.jar:?]
	at org.apache.hadoop.ozone.container.common.transport.server.ratis.ContainerStateMachine.startTransaction(ContainerStateMachine.java:319) ~[hadoop-hdds-container-service-1.1.0-SNAPSHOT.jar:?]
	at org.apache.ratis.server.impl.RaftServerImpl.submitClientRequestAsync(RaftServerImpl.java:684) ~[ratis-server-1.1.0-11689cd-SNAPSHOT.jar:1.1.0-11689cd-SNAPSHOT]
	at org.apache.ratis.server.impl.RaftServerProxy.lambda$submitClientRequestAsync$7(RaftServerProxy.java:341) ~[ratis-server-1.1.0-11689cd-SNAPSHOT.jar:1.1.0-11689cd-SNAPSHOT]
	at org.apache.ratis.server.impl.RaftServerProxy.lambda$null$5(RaftServerProxy.java:336) ~[ratis-server-1.1.0-11689cd-SNAPSHOT.jar:1.1.0-11689cd-SNAPSHOT]
	at org.apache.ratis.util.JavaUtils.callAsUnchecked(JavaUtils.java:109) ~[ratis-common-1.1.0-11689cd-SNAPSHOT.jar:1.1.0-11689cd-SNAPSHOT]
	at org.apache.ratis.server.impl.RaftServerProxy.lambda$submitRequest$6(RaftServerProxy.java:336) ~[ratis-server-1.1.0-11689cd-SNAPSHOT.jar:1.1.0-11689cd-SNAPSHOT]
	at java.util.concurrent.CompletableFuture.uniComposeStage(CompletableFuture.java:995) ~[?:1.8.0_232]
	at java.util.concurrent.CompletableFuture.thenCompose(CompletableFuture.java:2137) ~[?:1.8.0_232]
	at org.apache.ratis.server.impl.RaftServerProxy.submitRequest(RaftServerProxy.java:335) ~[ratis-server-1.1.0-11689cd-SNAPSHOT.jar:1.1.0-11689cd-SNAPSHOT]
	at org.apache.ratis.server.impl.RaftServerProxy.submitClientRequestAsync(RaftServerProxy.java:341) ~[ratis-server-1.1.0-11689cd-SNAPSHOT.jar:1.1.0-11689cd-SNAPSHOT]
	at org.apache.ratis.grpc.client.GrpcClientProtocolService$RequestStreamObserver.processClientRequest(GrpcClientProtocolService.java:228) ~[ratis-grpc-1.1.0-11689cd-SNAPSHOT.jar:1.1.0-11689cd-SNAPSHOT]
	at org.apache.ratis.grpc.client.GrpcClientProtocolService$OrderedRequestStreamObserver.processClientRequest(GrpcClientProtocolService.java:334) ~[ratis-grpc-1.1.0-11689cd-SNAPSHOT.jar:1.1.0-11689cd-SNAPSHOT]
	at org.apache.ratis.util.SlidingWindow$Server.processRequestsFromHead(SlidingWindow.java:429) [ratis-common-1.1.0-11689cd-SNAPSHOT.jar:1.1.0-11689cd-SNAPSHOT]
	at org.apache.ratis.util.SlidingWindow$Server.receivedRequest(SlidingWindow.java:421) [ratis-common-1.1.0-11689cd-SNAPSHOT.jar:1.1.0-11689cd-SNAPSHOT]
	at org.apache.ratis.grpc.client.GrpcClientProtocolService$OrderedRequestStreamObserver.processClientRequest(GrpcClientProtocolService.java:358) [ratis-grpc-1.1.0-11689cd-SNAPSHOT.jar:1.1.0-11689cd-SNAPSHOT]
	at org.apache.ratis.grpc.client.GrpcClientProtocolService$RequestStreamObserver.onNext(GrpcClientProtocolService.java:248) [ratis-grpc-1.1.0-11689cd-SNAPSHOT.jar:1.1.0-11689cd-SNAPSHOT]
	at org.apache.ratis.grpc.client.GrpcClientProtocolService$RequestStreamObserver.onNext(GrpcClientProtocolService.java:171) [ratis-grpc-1.1.0-11689cd-SNAPSHOT.jar:1.1.0-11689cd-SNAPSHOT]
	at org.apache.ratis.thirdparty.io.grpc.stub.ServerCalls$StreamingServerCallHandler$StreamingServerCallListener.onMessage(ServerCalls.java:251) [ratis-thirdparty-misc-0.6.0-SNAPSHOT.jar:0.6.0-SNAPSHOT]
	at org.apache.ratis.thirdparty.io.grpc.ForwardingServerCallListener.onMessage(ForwardingServerCallListener.java:33) [ratis-thirdparty-misc-0.6.0-SNAPSHOT.jar:0.6.0-SNAPSHOT]
	at org.apache.ratis.thirdparty.io.grpc.internal.ServerCallImpl$ServerStreamListenerImpl.messagesAvailableInternal(ServerCallImpl.java:309) [ratis-thirdparty-misc-0.6.0-SNAPSHOT.jar:0.6.0-SNAPSHOT]
	at org.apache.ratis.thirdparty.io.grpc.internal.ServerCallImpl$ServerStreamListenerImpl.messagesAvailable(ServerCallImpl.java:292) [ratis-thirdparty-misc-0.6.0-SNAPSHOT.jar:0.6.0-SNAPSHOT]
	at org.apache.ratis.thirdparty.io.grpc.internal.ServerImpl$JumpToApplicationThreadServerStreamListener$1MessagesAvailable.runInContext(ServerImpl.java:783) [ratis-thirdparty-misc-0.6.0-SNAPSHOT.jar:0.6.0-SNAPSHOT]
	at org.apache.ratis.thirdparty.io.grpc.internal.ContextRunnable.run(ContextRunnable.java:37) [ratis-thirdparty-misc-0.6.0-SNAPSHOT.jar:0.6.0-SNAPSHOT]
	at org.apache.ratis.thirdparty.io.grpc.internal.SerializingExecutor.run(SerializingExecutor.java:123) [ratis-thirdparty-misc-0.6.0-SNAPSHOT.jar:0.6.0-SNAPSHOT]
	at java.util.concurrent.ThreadPoolExecutor.runWorker(ThreadPoolExecutor.java:1149) [?:1.8.0_232]
	at java.util.concurrent.ThreadPoolExecutor$Worker.run(ThreadPoolExecutor.java:624) [?:1.8.0_232]
	at java.lang.Thread.run(Thread.java:748) [?:1.8.0_232]
13:19:42.361 [grpc-default-executor-3] ERROR DNAudit - user=null | ip=null | op=WRITE_CHUNK {blockData=conID: 1 locID: 105050326962405379 bcsId: 12} | ret=FAILURE
org.apache.hadoop.hdds.scm.container.common.helpers.ContainerNotOpenException: Container 1 in CLOSED state
	at org.apache.hadoop.ozone.container.common.impl.HddsDispatcher.validateContainerCommand(HddsDispatcher.java:484) ~[hadoop-hdds-container-service-1.1.0-SNAPSHOT.jar:?]
	at org.apache.hadoop.ozone.container.common.transport.server.ratis.ContainerStateMachine.startTransaction(ContainerStateMachine.java:319) ~[hadoop-hdds-container-service-1.1.0-SNAPSHOT.jar:?]
	at org.apache.ratis.server.impl.RaftServerImpl.submitClientRequestAsync(RaftServerImpl.java:684) ~[ratis-server-1.1.0-11689cd-SNAPSHOT.jar:1.1.0-11689cd-SNAPSHOT]
	at org.apache.ratis.server.impl.RaftServerProxy.lambda$submitClientRequestAsync$7(RaftServerProxy.java:341) ~[ratis-server-1.1.0-11689cd-SNAPSHOT.jar:1.1.0-11689cd-SNAPSHOT]
	at org.apache.ratis.server.impl.RaftServerProxy.lambda$null$5(RaftServerProxy.java:336) ~[ratis-server-1.1.0-11689cd-SNAPSHOT.jar:1.1.0-11689cd-SNAPSHOT]
	at org.apache.ratis.util.JavaUtils.callAsUnchecked(JavaUtils.java:109) ~[ratis-common-1.1.0-11689cd-SNAPSHOT.jar:1.1.0-11689cd-SNAPSHOT]
	at org.apache.ratis.server.impl.RaftServerProxy.lambda$submitRequest$6(RaftServerProxy.java:336) ~[ratis-server-1.1.0-11689cd-SNAPSHOT.jar:1.1.0-11689cd-SNAPSHOT]
	at java.util.concurrent.CompletableFuture.uniComposeStage(CompletableFuture.java:995) ~[?:1.8.0_232]
	at java.util.concurrent.CompletableFuture.thenCompose(CompletableFuture.java:2137) ~[?:1.8.0_232]
	at org.apache.ratis.server.impl.RaftServerProxy.submitRequest(RaftServerProxy.java:335) ~[ratis-server-1.1.0-11689cd-SNAPSHOT.jar:1.1.0-11689cd-SNAPSHOT]
	at org.apache.ratis.server.impl.RaftServerProxy.submitClientRequestAsync(RaftServerProxy.java:341) ~[ratis-server-1.1.0-11689cd-SNAPSHOT.jar:1.1.0-11689cd-SNAPSHOT]
	at org.apache.ratis.grpc.client.GrpcClientProtocolService$RequestStreamObserver.processClientRequest(GrpcClientProtocolService.java:228) ~[ratis-grpc-1.1.0-11689cd-SNAPSHOT.jar:1.1.0-11689cd-SNAPSHOT]
	at org.apache.ratis.grpc.client.GrpcClientProtocolService$OrderedRequestStreamObserver.processClientRequest(GrpcClientProtocolService.java:334) ~[ratis-grpc-1.1.0-11689cd-SNAPSHOT.jar:1.1.0-11689cd-SNAPSHOT]
	at org.apache.ratis.util.SlidingWindow$Server.processRequestsFromHead(SlidingWindow.java:429) [ratis-common-1.1.0-11689cd-SNAPSHOT.jar:1.1.0-11689cd-SNAPSHOT]
	at org.apache.ratis.util.SlidingWindow$Server.receivedRequest(SlidingWindow.java:421) [ratis-common-1.1.0-11689cd-SNAPSHOT.jar:1.1.0-11689cd-SNAPSHOT]
	at org.apache.ratis.grpc.client.GrpcClientProtocolService$OrderedRequestStreamObserver.processClientRequest(GrpcClientProtocolService.java:358) [ratis-grpc-1.1.0-11689cd-SNAPSHOT.jar:1.1.0-11689cd-SNAPSHOT]
	at org.apache.ratis.grpc.client.GrpcClientProtocolService$RequestStreamObserver.onNext(GrpcClientProtocolService.java:248) [ratis-grpc-1.1.0-11689cd-SNAPSHOT.jar:1.1.0-11689cd-SNAPSHOT]
	at org.apache.ratis.grpc.client.GrpcClientProtocolService$RequestStreamObserver.onNext(GrpcClientProtocolService.java:171) [ratis-grpc-1.1.0-11689cd-SNAPSHOT.jar:1.1.0-11689cd-SNAPSHOT]
	at org.apache.ratis.thirdparty.io.grpc.stub.ServerCalls$StreamingServerCallHandler$StreamingServerCallListener.onMessage(ServerCalls.java:251) [ratis-thirdparty-misc-0.6.0-SNAPSHOT.jar:0.6.0-SNAPSHOT]
	at org.apache.ratis.thirdparty.io.grpc.ForwardingServerCallListener.onMessage(ForwardingServerCallListener.java:33) [ratis-thirdparty-misc-0.6.0-SNAPSHOT.jar:0.6.0-SNAPSHOT]
	at org.apache.ratis.thirdparty.io.grpc.internal.ServerCallImpl$ServerStreamListenerImpl.messagesAvailableInternal(ServerCallImpl.java:309) [ratis-thirdparty-misc-0.6.0-SNAPSHOT.jar:0.6.0-SNAPSHOT]
	at org.apache.ratis.thirdparty.io.grpc.internal.ServerCallImpl$ServerStreamListenerImpl.messagesAvailable(ServerCallImpl.java:292) [ratis-thirdparty-misc-0.6.0-SNAPSHOT.jar:0.6.0-SNAPSHOT]
	at org.apache.ratis.thirdparty.io.grpc.internal.ServerImpl$JumpToApplicationThreadServerStreamListener$1MessagesAvailable.runInContext(ServerImpl.java:783) [ratis-thirdparty-misc-0.6.0-SNAPSHOT.jar:0.6.0-SNAPSHOT]
	at org.apache.ratis.thirdparty.io.grpc.internal.ContextRunnable.run(ContextRunnable.java:37) [ratis-thirdparty-misc-0.6.0-SNAPSHOT.jar:0.6.0-SNAPSHOT]
	at org.apache.ratis.thirdparty.io.grpc.internal.SerializingExecutor.run(SerializingExecutor.java:123) [ratis-thirdparty-misc-0.6.0-SNAPSHOT.jar:0.6.0-SNAPSHOT]
	at java.util.concurrent.ThreadPoolExecutor.runWorker(ThreadPoolExecutor.java:1149) [?:1.8.0_232]
	at java.util.concurrent.ThreadPoolExecutor$Worker.run(ThreadPoolExecutor.java:624) [?:1.8.0_232]
	at java.lang.Thread.run(Thread.java:748) [?:1.8.0_232]
13:19:42.362 [grpc-default-executor-3] ERROR DNAudit - user=null | ip=null | op=WRITE_CHUNK {blockData=conID: 1 locID: 105050326962405379 bcsId: 12} | ret=FAILURE
org.apache.hadoop.hdds.scm.container.common.helpers.ContainerNotOpenException: Container 1 in CLOSED state
	at org.apache.hadoop.ozone.container.common.impl.HddsDispatcher.validateContainerCommand(HddsDispatcher.java:484) ~[hadoop-hdds-container-service-1.1.0-SNAPSHOT.jar:?]
	at org.apache.hadoop.ozone.container.common.transport.server.ratis.ContainerStateMachine.startTransaction(ContainerStateMachine.java:319) ~[hadoop-hdds-container-service-1.1.0-SNAPSHOT.jar:?]
	at org.apache.ratis.server.impl.RaftServerImpl.submitClientRequestAsync(RaftServerImpl.java:684) ~[ratis-server-1.1.0-11689cd-SNAPSHOT.jar:1.1.0-11689cd-SNAPSHOT]
	at org.apache.ratis.server.impl.RaftServerProxy.lambda$submitClientRequestAsync$7(RaftServerProxy.java:341) ~[ratis-server-1.1.0-11689cd-SNAPSHOT.jar:1.1.0-11689cd-SNAPSHOT]
	at org.apache.ratis.server.impl.RaftServerProxy.lambda$null$5(RaftServerProxy.java:336) ~[ratis-server-1.1.0-11689cd-SNAPSHOT.jar:1.1.0-11689cd-SNAPSHOT]
	at org.apache.ratis.util.JavaUtils.callAsUnchecked(JavaUtils.java:109) ~[ratis-common-1.1.0-11689cd-SNAPSHOT.jar:1.1.0-11689cd-SNAPSHOT]
	at org.apache.ratis.server.impl.RaftServerProxy.lambda$submitRequest$6(RaftServerProxy.java:336) ~[ratis-server-1.1.0-11689cd-SNAPSHOT.jar:1.1.0-11689cd-SNAPSHOT]
	at java.util.concurrent.CompletableFuture.uniComposeStage(CompletableFuture.java:995) ~[?:1.8.0_232]
	at java.util.concurrent.CompletableFuture.thenCompose(CompletableFuture.java:2137) ~[?:1.8.0_232]
	at org.apache.ratis.server.impl.RaftServerProxy.submitRequest(RaftServerProxy.java:335) ~[ratis-server-1.1.0-11689cd-SNAPSHOT.jar:1.1.0-11689cd-SNAPSHOT]
	at org.apache.ratis.server.impl.RaftServerProxy.submitClientRequestAsync(RaftServerProxy.java:341) ~[ratis-server-1.1.0-11689cd-SNAPSHOT.jar:1.1.0-11689cd-SNAPSHOT]
	at org.apache.ratis.grpc.client.GrpcClientProtocolService$RequestStreamObserver.processClientRequest(GrpcClientProtocolService.java:228) ~[ratis-grpc-1.1.0-11689cd-SNAPSHOT.jar:1.1.0-11689cd-SNAPSHOT]
	at org.apache.ratis.grpc.client.GrpcClientProtocolService$OrderedRequestStreamObserver.processClientRequest(GrpcClientProtocolService.java:334) ~[ratis-grpc-1.1.0-11689cd-SNAPSHOT.jar:1.1.0-11689cd-SNAPSHOT]
	at org.apache.ratis.util.SlidingWindow$Server.processRequestsFromHead(SlidingWindow.java:429) [ratis-common-1.1.0-11689cd-SNAPSHOT.jar:1.1.0-11689cd-SNAPSHOT]
	at org.apache.ratis.util.SlidingWindow$Server.receivedRequest(SlidingWindow.java:421) [ratis-common-1.1.0-11689cd-SNAPSHOT.jar:1.1.0-11689cd-SNAPSHOT]
	at org.apache.ratis.grpc.client.GrpcClientProtocolService$OrderedRequestStreamObserver.processClientRequest(GrpcClientProtocolService.java:358) [ratis-grpc-1.1.0-11689cd-SNAPSHOT.jar:1.1.0-11689cd-SNAPSHOT]
	at org.apache.ratis.grpc.client.GrpcClientProtocolService$RequestStreamObserver.onNext(GrpcClientProtocolService.java:248) [ratis-grpc-1.1.0-11689cd-SNAPSHOT.jar:1.1.0-11689cd-SNAPSHOT]
	at org.apache.ratis.grpc.client.GrpcClientProtocolService$RequestStreamObserver.onNext(GrpcClientProtocolService.java:171) [ratis-grpc-1.1.0-11689cd-SNAPSHOT.jar:1.1.0-11689cd-SNAPSHOT]
	at org.apache.ratis.thirdparty.io.grpc.stub.ServerCalls$StreamingServerCallHandler$StreamingServerCallListener.onMessage(ServerCalls.java:251) [ratis-thirdparty-misc-0.6.0-SNAPSHOT.jar:0.6.0-SNAPSHOT]
	at org.apache.ratis.thirdparty.io.grpc.ForwardingServerCallListener.onMessage(ForwardingServerCallListener.java:33) [ratis-thirdparty-misc-0.6.0-SNAPSHOT.jar:0.6.0-SNAPSHOT]
	at org.apache.ratis.thirdparty.io.grpc.internal.ServerCallImpl$ServerStreamListenerImpl.messagesAvailableInternal(ServerCallImpl.java:309) [ratis-thirdparty-misc-0.6.0-SNAPSHOT.jar:0.6.0-SNAPSHOT]
	at org.apache.ratis.thirdparty.io.grpc.internal.ServerCallImpl$ServerStreamListenerImpl.messagesAvailable(ServerCallImpl.java:292) [ratis-thirdparty-misc-0.6.0-SNAPSHOT.jar:0.6.0-SNAPSHOT]
	at org.apache.ratis.thirdparty.io.grpc.internal.ServerImpl$JumpToApplicationThreadServerStreamListener$1MessagesAvailable.runInContext(ServerImpl.java:783) [ratis-thirdparty-misc-0.6.0-SNAPSHOT.jar:0.6.0-SNAPSHOT]
	at org.apache.ratis.thirdparty.io.grpc.internal.ContextRunnable.run(ContextRunnable.java:37) [ratis-thirdparty-misc-0.6.0-SNAPSHOT.jar:0.6.0-SNAPSHOT]
	at org.apache.ratis.thirdparty.io.grpc.internal.SerializingExecutor.run(SerializingExecutor.java:123) [ratis-thirdparty-misc-0.6.0-SNAPSHOT.jar:0.6.0-SNAPSHOT]
	at java.util.concurrent.ThreadPoolExecutor.runWorker(ThreadPoolExecutor.java:1149) [?:1.8.0_232]
	at java.util.concurrent.ThreadPoolExecutor$Worker.run(ThreadPoolExecutor.java:624) [?:1.8.0_232]
	at java.lang.Thread.run(Thread.java:748) [?:1.8.0_232]
13:19:42.363 [grpc-default-executor-3] ERROR DNAudit - user=null | ip=null | op=PUT_BLOCK {blockData=[blockId=conID: 1 locID: 105050326962405379 bcsId: 0,size=800]} | ret=FAILURE
org.apache.hadoop.hdds.scm.container.common.helpers.ContainerNotOpenException: Container 1 in CLOSED state
	at org.apache.hadoop.ozone.container.common.impl.HddsDispatcher.validateContainerCommand(HddsDispatcher.java:484) ~[hadoop-hdds-container-service-1.1.0-SNAPSHOT.jar:?]
	at org.apache.hadoop.ozone.container.common.transport.server.ratis.ContainerStateMachine.startTransaction(ContainerStateMachine.java:319) ~[hadoop-hdds-container-service-1.1.0-SNAPSHOT.jar:?]
	at org.apache.ratis.server.impl.RaftServerImpl.submitClientRequestAsync(RaftServerImpl.java:684) ~[ratis-server-1.1.0-11689cd-SNAPSHOT.jar:1.1.0-11689cd-SNAPSHOT]
	at org.apache.ratis.server.impl.RaftServerProxy.lambda$submitClientRequestAsync$7(RaftServerProxy.java:341) ~[ratis-server-1.1.0-11689cd-SNAPSHOT.jar:1.1.0-11689cd-SNAPSHOT]
	at org.apache.ratis.server.impl.RaftServerProxy.lambda$null$5(RaftServerProxy.java:336) ~[ratis-server-1.1.0-11689cd-SNAPSHOT.jar:1.1.0-11689cd-SNAPSHOT]
	at org.apache.ratis.util.JavaUtils.callAsUnchecked(JavaUtils.java:109) ~[ratis-common-1.1.0-11689cd-SNAPSHOT.jar:1.1.0-11689cd-SNAPSHOT]
	at org.apache.ratis.server.impl.RaftServerProxy.lambda$submitRequest$6(RaftServerProxy.java:336) ~[ratis-server-1.1.0-11689cd-SNAPSHOT.jar:1.1.0-11689cd-SNAPSHOT]
	at java.util.concurrent.CompletableFuture.uniComposeStage(CompletableFuture.java:995) ~[?:1.8.0_232]
	at java.util.concurrent.CompletableFuture.thenCompose(CompletableFuture.java:2137) ~[?:1.8.0_232]
	at org.apache.ratis.server.impl.RaftServerProxy.submitRequest(RaftServerProxy.java:335) ~[ratis-server-1.1.0-11689cd-SNAPSHOT.jar:1.1.0-11689cd-SNAPSHOT]
	at org.apache.ratis.server.impl.RaftServerProxy.submitClientRequestAsync(RaftServerProxy.java:341) ~[ratis-server-1.1.0-11689cd-SNAPSHOT.jar:1.1.0-11689cd-SNAPSHOT]
	at org.apache.ratis.grpc.client.GrpcClientProtocolService$RequestStreamObserver.processClientRequest(GrpcClientProtocolService.java:228) ~[ratis-grpc-1.1.0-11689cd-SNAPSHOT.jar:1.1.0-11689cd-SNAPSHOT]
	at org.apache.ratis.grpc.client.GrpcClientProtocolService$OrderedRequestStreamObserver.processClientRequest(GrpcClientProtocolService.java:334) ~[ratis-grpc-1.1.0-11689cd-SNAPSHOT.jar:1.1.0-11689cd-SNAPSHOT]
	at org.apache.ratis.util.SlidingWindow$Server.processRequestsFromHead(SlidingWindow.java:429) [ratis-common-1.1.0-11689cd-SNAPSHOT.jar:1.1.0-11689cd-SNAPSHOT]
	at org.apache.ratis.util.SlidingWindow$Server.receivedRequest(SlidingWindow.java:421) [ratis-common-1.1.0-11689cd-SNAPSHOT.jar:1.1.0-11689cd-SNAPSHOT]
	at org.apache.ratis.grpc.client.GrpcClientProtocolService$OrderedRequestStreamObserver.processClientRequest(GrpcClientProtocolService.java:358) [ratis-grpc-1.1.0-11689cd-SNAPSHOT.jar:1.1.0-11689cd-SNAPSHOT]
	at org.apache.ratis.grpc.client.GrpcClientProtocolService$RequestStreamObserver.onNext(GrpcClientProtocolService.java:248) [ratis-grpc-1.1.0-11689cd-SNAPSHOT.jar:1.1.0-11689cd-SNAPSHOT]
	at org.apache.ratis.grpc.client.GrpcClientProtocolService$RequestStreamObserver.onNext(GrpcClientProtocolService.java:171) [ratis-grpc-1.1.0-11689cd-SNAPSHOT.jar:1.1.0-11689cd-SNAPSHOT]
	at org.apache.ratis.thirdparty.io.grpc.stub.ServerCalls$StreamingServerCallHandler$StreamingServerCallListener.onMessage(ServerCalls.java:251) [ratis-thirdparty-misc-0.6.0-SNAPSHOT.jar:0.6.0-SNAPSHOT]
	at org.apache.ratis.thirdparty.io.grpc.ForwardingServerCallListener.onMessage(ForwardingServerCallListener.java:33) [ratis-thirdparty-misc-0.6.0-SNAPSHOT.jar:0.6.0-SNAPSHOT]
	at org.apache.ratis.thirdparty.io.grpc.internal.ServerCallImpl$ServerStreamListenerImpl.messagesAvailableInternal(ServerCallImpl.java:309) [ratis-thirdparty-misc-0.6.0-SNAPSHOT.jar:0.6.0-SNAPSHOT]
	at org.apache.ratis.thirdparty.io.grpc.internal.ServerCallImpl$ServerStreamListenerImpl.messagesAvailable(ServerCallImpl.java:292) [ratis-thirdparty-misc-0.6.0-SNAPSHOT.jar:0.6.0-SNAPSHOT]
	at org.apache.ratis.thirdparty.io.grpc.internal.ServerImpl$JumpToApplicationThreadServerStreamListener$1MessagesAvailable.runInContext(ServerImpl.java:783) [ratis-thirdparty-misc-0.6.0-SNAPSHOT.jar:0.6.0-SNAPSHOT]
	at org.apache.ratis.thirdparty.io.grpc.internal.ContextRunnable.run(ContextRunnable.java:37) [ratis-thirdparty-misc-0.6.0-SNAPSHOT.jar:0.6.0-SNAPSHOT]
	at org.apache.ratis.thirdparty.io.grpc.internal.SerializingExecutor.run(SerializingExecutor.java:123) [ratis-thirdparty-misc-0.6.0-SNAPSHOT.jar:0.6.0-SNAPSHOT]
	at java.util.concurrent.ThreadPoolExecutor.runWorker(ThreadPoolExecutor.java:1149) [?:1.8.0_232]
	at java.util.concurrent.ThreadPoolExecutor$Worker.run(ThreadPoolExecutor.java:624) [?:1.8.0_232]
	at java.lang.Thread.run(Thread.java:748) [?:1.8.0_232]
2020-10-17 13:19:42,368 [grpc-default-executor-3] ERROR storage.BlockOutputStream (BlockOutputStream.java:lambda$writeChunkToContainer$3(685)) - writing chunk failed 105050326962405379_chunk_6 blockID conID: 1 locID: 105050326962405379 bcsId: 12 with exception org.apache.ratis.protocol.exceptions.StateMachineException: org.apache.hadoop.hdds.scm.container.common.helpers.ContainerNotOpenException from Server 4d0387a1-338f-4391-a649-fbe8c650d8a6@group-62A0EEBC7A0D: Container 1 in CLOSED state
2020-10-17 13:19:42,380 [grpc-default-executor-3] ERROR storage.BlockOutputStream (BlockOutputStream.java:lambda$writeChunkToContainer$3(685)) - writing chunk failed 105050326962405379_chunk_7 blockID conID: 1 locID: 105050326962405379 bcsId: 12 with exception org.apache.ratis.protocol.exceptions.StateMachineException: org.apache.hadoop.hdds.scm.container.common.helpers.ContainerNotOpenException from Server 4d0387a1-338f-4391-a649-fbe8c650d8a6@group-62A0EEBC7A0D: Container 1 in CLOSED state
2020-10-17 13:19:42,383 [grpc-default-executor-3] ERROR storage.BlockOutputStream (BlockOutputStream.java:lambda$writeChunkToContainer$3(685)) - writing chunk failed 105050326962405379_chunk_8 blockID conID: 1 locID: 105050326962405379 bcsId: 12 with exception org.apache.ratis.protocol.exceptions.StateMachineException: org.apache.hadoop.hdds.scm.container.common.helpers.ContainerNotOpenException from Server 4d0387a1-338f-4391-a649-fbe8c650d8a6@group-62A0EEBC7A0D: Container 1 in CLOSED state
13:19:42.391 [grpc-default-executor-3] ERROR DNAudit - user=null | ip=null | op=WRITE_CHUNK {blockData=conID: 2 locID: 105050326962405380 bcsId: 0} | ret=FAILURE
org.apache.hadoop.hdds.scm.container.common.helpers.ContainerNotOpenException: Container 2 in CLOSED state
	at org.apache.hadoop.ozone.container.common.impl.HddsDispatcher.validateContainerCommand(HddsDispatcher.java:484) ~[hadoop-hdds-container-service-1.1.0-SNAPSHOT.jar:?]
	at org.apache.hadoop.ozone.container.common.transport.server.ratis.ContainerStateMachine.startTransaction(ContainerStateMachine.java:319) ~[hadoop-hdds-container-service-1.1.0-SNAPSHOT.jar:?]
	at org.apache.ratis.server.impl.RaftServerImpl.submitClientRequestAsync(RaftServerImpl.java:684) ~[ratis-server-1.1.0-11689cd-SNAPSHOT.jar:1.1.0-11689cd-SNAPSHOT]
	at org.apache.ratis.server.impl.RaftServerProxy.lambda$submitClientRequestAsync$7(RaftServerProxy.java:341) ~[ratis-server-1.1.0-11689cd-SNAPSHOT.jar:1.1.0-11689cd-SNAPSHOT]
	at org.apache.ratis.server.impl.RaftServerProxy.lambda$null$5(RaftServerProxy.java:336) ~[ratis-server-1.1.0-11689cd-SNAPSHOT.jar:1.1.0-11689cd-SNAPSHOT]
	at org.apache.ratis.util.JavaUtils.callAsUnchecked(JavaUtils.java:109) ~[ratis-common-1.1.0-11689cd-SNAPSHOT.jar:1.1.0-11689cd-SNAPSHOT]
	at org.apache.ratis.server.impl.RaftServerProxy.lambda$submitRequest$6(RaftServerProxy.java:336) ~[ratis-server-1.1.0-11689cd-SNAPSHOT.jar:1.1.0-11689cd-SNAPSHOT]
	at java.util.concurrent.CompletableFuture.uniComposeStage(CompletableFuture.java:995) ~[?:1.8.0_232]
	at java.util.concurrent.CompletableFuture.thenCompose(CompletableFuture.java:2137) ~[?:1.8.0_232]
	at org.apache.ratis.server.impl.RaftServerProxy.submitRequest(RaftServerProxy.java:335) ~[ratis-server-1.1.0-11689cd-SNAPSHOT.jar:1.1.0-11689cd-SNAPSHOT]
	at org.apache.ratis.server.impl.RaftServerProxy.submitClientRequestAsync(RaftServerProxy.java:341) ~[ratis-server-1.1.0-11689cd-SNAPSHOT.jar:1.1.0-11689cd-SNAPSHOT]
	at org.apache.ratis.grpc.client.GrpcClientProtocolService$RequestStreamObserver.processClientRequest(GrpcClientProtocolService.java:228) ~[ratis-grpc-1.1.0-11689cd-SNAPSHOT.jar:1.1.0-11689cd-SNAPSHOT]
	at org.apache.ratis.grpc.client.GrpcClientProtocolService$OrderedRequestStreamObserver.processClientRequest(GrpcClientProtocolService.java:334) ~[ratis-grpc-1.1.0-11689cd-SNAPSHOT.jar:1.1.0-11689cd-SNAPSHOT]
	at org.apache.ratis.util.SlidingWindow$Server.processRequestsFromHead(SlidingWindow.java:429) [ratis-common-1.1.0-11689cd-SNAPSHOT.jar:1.1.0-11689cd-SNAPSHOT]
	at org.apache.ratis.util.SlidingWindow$Server.receivedRequest(SlidingWindow.java:421) [ratis-common-1.1.0-11689cd-SNAPSHOT.jar:1.1.0-11689cd-SNAPSHOT]
	at org.apache.ratis.grpc.client.GrpcClientProtocolService$OrderedRequestStreamObserver.processClientRequest(GrpcClientProtocolService.java:358) [ratis-grpc-1.1.0-11689cd-SNAPSHOT.jar:1.1.0-11689cd-SNAPSHOT]
	at org.apache.ratis.grpc.client.GrpcClientProtocolService$RequestStreamObserver.onNext(GrpcClientProtocolService.java:248) [ratis-grpc-1.1.0-11689cd-SNAPSHOT.jar:1.1.0-11689cd-SNAPSHOT]
	at org.apache.ratis.grpc.client.GrpcClientProtocolService$RequestStreamObserver.onNext(GrpcClientProtocolService.java:171) [ratis-grpc-1.1.0-11689cd-SNAPSHOT.jar:1.1.0-11689cd-SNAPSHOT]
	at org.apache.ratis.thirdparty.io.grpc.stub.ServerCalls$StreamingServerCallHandler$StreamingServerCallListener.onMessage(ServerCalls.java:251) [ratis-thirdparty-misc-0.6.0-SNAPSHOT.jar:0.6.0-SNAPSHOT]
	at org.apache.ratis.thirdparty.io.grpc.ForwardingServerCallListener.onMessage(ForwardingServerCallListener.java:33) [ratis-thirdparty-misc-0.6.0-SNAPSHOT.jar:0.6.0-SNAPSHOT]
	at org.apache.ratis.thirdparty.io.grpc.internal.ServerCallImpl$ServerStreamListenerImpl.messagesAvailableInternal(ServerCallImpl.java:309) [ratis-thirdparty-misc-0.6.0-SNAPSHOT.jar:0.6.0-SNAPSHOT]
	at org.apache.ratis.thirdparty.io.grpc.internal.ServerCallImpl$ServerStreamListenerImpl.messagesAvailable(ServerCallImpl.java:292) [ratis-thirdparty-misc-0.6.0-SNAPSHOT.jar:0.6.0-SNAPSHOT]
	at org.apache.ratis.thirdparty.io.grpc.internal.ServerImpl$JumpToApplicationThreadServerStreamListener$1MessagesAvailable.runInContext(ServerImpl.java:783) [ratis-thirdparty-misc-0.6.0-SNAPSHOT.jar:0.6.0-SNAPSHOT]
	at org.apache.ratis.thirdparty.io.grpc.internal.ContextRunnable.run(ContextRunnable.java:37) [ratis-thirdparty-misc-0.6.0-SNAPSHOT.jar:0.6.0-SNAPSHOT]
	at org.apache.ratis.thirdparty.io.grpc.internal.SerializingExecutor.run(SerializingExecutor.java:123) [ratis-thirdparty-misc-0.6.0-SNAPSHOT.jar:0.6.0-SNAPSHOT]
	at java.util.concurrent.ThreadPoolExecutor.runWorker(ThreadPoolExecutor.java:1149) [?:1.8.0_232]
	at java.util.concurrent.ThreadPoolExecutor$Worker.run(ThreadPoolExecutor.java:624) [?:1.8.0_232]
	at java.lang.Thread.run(Thread.java:748) [?:1.8.0_232]
13:19:42.397 [grpc-default-executor-3] ERROR DNAudit - user=null | ip=null | op=WRITE_CHUNK {blockData=conID: 2 locID: 105050326962405380 bcsId: 0} | ret=FAILURE
org.apache.hadoop.hdds.scm.container.common.helpers.ContainerNotOpenException: Container 2 in CLOSED state
	at org.apache.hadoop.ozone.container.common.impl.HddsDispatcher.validateContainerCommand(HddsDispatcher.java:484) ~[hadoop-hdds-container-service-1.1.0-SNAPSHOT.jar:?]
	at org.apache.hadoop.ozone.container.common.transport.server.ratis.ContainerStateMachine.startTransaction(ContainerStateMachine.java:319) ~[hadoop-hdds-container-service-1.1.0-SNAPSHOT.jar:?]
	at org.apache.ratis.server.impl.RaftServerImpl.submitClientRequestAsync(RaftServerImpl.java:684) ~[ratis-server-1.1.0-11689cd-SNAPSHOT.jar:1.1.0-11689cd-SNAPSHOT]
	at org.apache.ratis.server.impl.RaftServerProxy.lambda$submitClientRequestAsync$7(RaftServerProxy.java:341) ~[ratis-server-1.1.0-11689cd-SNAPSHOT.jar:1.1.0-11689cd-SNAPSHOT]
	at org.apache.ratis.server.impl.RaftServerProxy.lambda$null$5(RaftServerProxy.java:336) ~[ratis-server-1.1.0-11689cd-SNAPSHOT.jar:1.1.0-11689cd-SNAPSHOT]
	at org.apache.ratis.util.JavaUtils.callAsUnchecked(JavaUtils.java:109) ~[ratis-common-1.1.0-11689cd-SNAPSHOT.jar:1.1.0-11689cd-SNAPSHOT]
	at org.apache.ratis.server.impl.RaftServerProxy.lambda$submitRequest$6(RaftServerProxy.java:336) ~[ratis-server-1.1.0-11689cd-SNAPSHOT.jar:1.1.0-11689cd-SNAPSHOT]
	at java.util.concurrent.CompletableFuture.uniComposeStage(CompletableFuture.java:995) ~[?:1.8.0_232]
	at java.util.concurrent.CompletableFuture.thenCompose(CompletableFuture.java:2137) ~[?:1.8.0_232]
	at org.apache.ratis.server.impl.RaftServerProxy.submitRequest(RaftServerProxy.java:335) ~[ratis-server-1.1.0-11689cd-SNAPSHOT.jar:1.1.0-11689cd-SNAPSHOT]
	at org.apache.ratis.server.impl.RaftServerProxy.submitClientRequestAsync(RaftServerProxy.java:341) ~[ratis-server-1.1.0-11689cd-SNAPSHOT.jar:1.1.0-11689cd-SNAPSHOT]
	at org.apache.ratis.grpc.client.GrpcClientProtocolService$RequestStreamObserver.processClientRequest(GrpcClientProtocolService.java:228) ~[ratis-grpc-1.1.0-11689cd-SNAPSHOT.jar:1.1.0-11689cd-SNAPSHOT]
	at org.apache.ratis.grpc.client.GrpcClientProtocolService$OrderedRequestStreamObserver.processClientRequest(GrpcClientProtocolService.java:334) ~[ratis-grpc-1.1.0-11689cd-SNAPSHOT.jar:1.1.0-11689cd-SNAPSHOT]
	at org.apache.ratis.util.SlidingWindow$Server.processRequestsFromHead(SlidingWindow.java:429) [ratis-common-1.1.0-11689cd-SNAPSHOT.jar:1.1.0-11689cd-SNAPSHOT]
	at org.apache.ratis.util.SlidingWindow$Server.receivedRequest(SlidingWindow.java:421) [ratis-common-1.1.0-11689cd-SNAPSHOT.jar:1.1.0-11689cd-SNAPSHOT]
	at org.apache.ratis.grpc.client.GrpcClientProtocolService$OrderedRequestStreamObserver.processClientRequest(GrpcClientProtocolService.java:358) [ratis-grpc-1.1.0-11689cd-SNAPSHOT.jar:1.1.0-11689cd-SNAPSHOT]
	at org.apache.ratis.grpc.client.GrpcClientProtocolService$RequestStreamObserver.onNext(GrpcClientProtocolService.java:248) [ratis-grpc-1.1.0-11689cd-SNAPSHOT.jar:1.1.0-11689cd-SNAPSHOT]
	at org.apache.ratis.grpc.client.GrpcClientProtocolService$RequestStreamObserver.onNext(GrpcClientProtocolService.java:171) [ratis-grpc-1.1.0-11689cd-SNAPSHOT.jar:1.1.0-11689cd-SNAPSHOT]
	at org.apache.ratis.thirdparty.io.grpc.stub.ServerCalls$StreamingServerCallHandler$StreamingServerCallListener.onMessage(ServerCalls.java:251) [ratis-thirdparty-misc-0.6.0-SNAPSHOT.jar:0.6.0-SNAPSHOT]
	at org.apache.ratis.thirdparty.io.grpc.ForwardingServerCallListener.onMessage(ForwardingServerCallListener.java:33) [ratis-thirdparty-misc-0.6.0-SNAPSHOT.jar:0.6.0-SNAPSHOT]
	at org.apache.ratis.thirdparty.io.grpc.internal.ServerCallImpl$ServerStreamListenerImpl.messagesAvailableInternal(ServerCallImpl.java:309) [ratis-thirdparty-misc-0.6.0-SNAPSHOT.jar:0.6.0-SNAPSHOT]
	at org.apache.ratis.thirdparty.io.grpc.internal.ServerCallImpl$ServerStreamListenerImpl.messagesAvailable(ServerCallImpl.java:292) [ratis-thirdparty-misc-0.6.0-SNAPSHOT.jar:0.6.0-SNAPSHOT]
	at org.apache.ratis.thirdparty.io.grpc.internal.ServerImpl$JumpToApplicationThreadServerStreamListener$1MessagesAvailable.runInContext(ServerImpl.java:783) [ratis-thirdparty-misc-0.6.0-SNAPSHOT.jar:0.6.0-SNAPSHOT]
	at org.apache.ratis.thirdparty.io.grpc.internal.ContextRunnable.run(ContextRunnable.java:37) [ratis-thirdparty-misc-0.6.0-SNAPSHOT.jar:0.6.0-SNAPSHOT]
	at org.apache.ratis.thirdparty.io.grpc.internal.SerializingExecutor.run(SerializingExecutor.java:123) [ratis-thirdparty-misc-0.6.0-SNAPSHOT.jar:0.6.0-SNAPSHOT]
	at java.util.concurrent.ThreadPoolExecutor.runWorker(ThreadPoolExecutor.java:1149) [?:1.8.0_232]
	at java.util.concurrent.ThreadPoolExecutor$Worker.run(ThreadPoolExecutor.java:624) [?:1.8.0_232]
	at java.lang.Thread.run(Thread.java:748) [?:1.8.0_232]
13:19:42.398 [grpc-default-executor-3] ERROR DNAudit - user=null | ip=null | op=PUT_BLOCK {blockData=[blockId=conID: 2 locID: 105050326962405380 bcsId: 0,size=200]} | ret=FAILURE
org.apache.hadoop.hdds.scm.container.common.helpers.ContainerNotOpenException: Container 2 in CLOSED state
	at org.apache.hadoop.ozone.container.common.impl.HddsDispatcher.validateContainerCommand(HddsDispatcher.java:484) ~[hadoop-hdds-container-service-1.1.0-SNAPSHOT.jar:?]
	at org.apache.hadoop.ozone.container.common.transport.server.ratis.ContainerStateMachine.startTransaction(ContainerStateMachine.java:319) ~[hadoop-hdds-container-service-1.1.0-SNAPSHOT.jar:?]
	at org.apache.ratis.server.impl.RaftServerImpl.submitClientRequestAsync(RaftServerImpl.java:684) ~[ratis-server-1.1.0-11689cd-SNAPSHOT.jar:1.1.0-11689cd-SNAPSHOT]
	at org.apache.ratis.server.impl.RaftServerProxy.lambda$submitClientRequestAsync$7(RaftServerProxy.java:341) ~[ratis-server-1.1.0-11689cd-SNAPSHOT.jar:1.1.0-11689cd-SNAPSHOT]
	at org.apache.ratis.server.impl.RaftServerProxy.lambda$null$5(RaftServerProxy.java:336) ~[ratis-server-1.1.0-11689cd-SNAPSHOT.jar:1.1.0-11689cd-SNAPSHOT]
	at org.apache.ratis.util.JavaUtils.callAsUnchecked(JavaUtils.java:109) ~[ratis-common-1.1.0-11689cd-SNAPSHOT.jar:1.1.0-11689cd-SNAPSHOT]
	at org.apache.ratis.server.impl.RaftServerProxy.lambda$submitRequest$6(RaftServerProxy.java:336) ~[ratis-server-1.1.0-11689cd-SNAPSHOT.jar:1.1.0-11689cd-SNAPSHOT]
	at java.util.concurrent.CompletableFuture.uniComposeStage(CompletableFuture.java:995) ~[?:1.8.0_232]
	at java.util.concurrent.CompletableFuture.thenCompose(CompletableFuture.java:2137) ~[?:1.8.0_232]
	at org.apache.ratis.server.impl.RaftServerProxy.submitRequest(RaftServerProxy.java:335) ~[ratis-server-1.1.0-11689cd-SNAPSHOT.jar:1.1.0-11689cd-SNAPSHOT]
	at org.apache.ratis.server.impl.RaftServerProxy.submitClientRequestAsync(RaftServerProxy.java:341) ~[ratis-server-1.1.0-11689cd-SNAPSHOT.jar:1.1.0-11689cd-SNAPSHOT]
	at org.apache.ratis.grpc.client.GrpcClientProtocolService$RequestStreamObserver.processClientRequest(GrpcClientProtocolService.java:228) ~[ratis-grpc-1.1.0-11689cd-SNAPSHOT.jar:1.1.0-11689cd-SNAPSHOT]
	at org.apache.ratis.grpc.client.GrpcClientProtocolService$OrderedRequestStreamObserver.processClientRequest(GrpcClientProtocolService.java:334) ~[ratis-grpc-1.1.0-11689cd-SNAPSHOT.jar:1.1.0-11689cd-SNAPSHOT]
	at org.apache.ratis.util.SlidingWindow$Server.processRequestsFromHead(SlidingWindow.java:429) [ratis-common-1.1.0-11689cd-SNAPSHOT.jar:1.1.0-11689cd-SNAPSHOT]
	at org.apache.ratis.util.SlidingWindow$Server.receivedRequest(SlidingWindow.java:421) [ratis-common-1.1.0-11689cd-SNAPSHOT.jar:1.1.0-11689cd-SNAPSHOT]
	at org.apache.ratis.grpc.client.GrpcClientProtocolService$OrderedRequestStreamObserver.processClientRequest(GrpcClientProtocolService.java:358) [ratis-grpc-1.1.0-11689cd-SNAPSHOT.jar:1.1.0-11689cd-SNAPSHOT]
	at org.apache.ratis.grpc.client.GrpcClientProtocolService$RequestStreamObserver.onNext(GrpcClientProtocolService.java:248) [ratis-grpc-1.1.0-11689cd-SNAPSHOT.jar:1.1.0-11689cd-SNAPSHOT]
	at org.apache.ratis.grpc.client.GrpcClientProtocolService$RequestStreamObserver.onNext(GrpcClientProtocolService.java:171) [ratis-grpc-1.1.0-11689cd-SNAPSHOT.jar:1.1.0-11689cd-SNAPSHOT]
	at org.apache.ratis.thirdparty.io.grpc.stub.ServerCalls$StreamingServerCallHandler$StreamingServerCallListener.onMessage(ServerCalls.java:251) [ratis-thirdparty-misc-0.6.0-SNAPSHOT.jar:0.6.0-SNAPSHOT]
	at org.apache.ratis.thirdparty.io.grpc.ForwardingServerCallListener.onMessage(ForwardingServerCallListener.java:33) [ratis-thirdparty-misc-0.6.0-SNAPSHOT.jar:0.6.0-SNAPSHOT]
	at org.apache.ratis.thirdparty.io.grpc.internal.ServerCallImpl$ServerStreamListenerImpl.messagesAvailableInternal(ServerCallImpl.java:309) [ratis-thirdparty-misc-0.6.0-SNAPSHOT.jar:0.6.0-SNAPSHOT]
	at org.apache.ratis.thirdparty.io.grpc.internal.ServerCallImpl$ServerStreamListenerImpl.messagesAvailable(ServerCallImpl.java:292) [ratis-thirdparty-misc-0.6.0-SNAPSHOT.jar:0.6.0-SNAPSHOT]
	at org.apache.ratis.thirdparty.io.grpc.internal.ServerImpl$JumpToApplicationThreadServerStreamListener$1MessagesAvailable.runInContext(ServerImpl.java:783) [ratis-thirdparty-misc-0.6.0-SNAPSHOT.jar:0.6.0-SNAPSHOT]
	at org.apache.ratis.thirdparty.io.grpc.internal.ContextRunnable.run(ContextRunnable.java:37) [ratis-thirdparty-misc-0.6.0-SNAPSHOT.jar:0.6.0-SNAPSHOT]
	at org.apache.ratis.thirdparty.io.grpc.internal.SerializingExecutor.run(SerializingExecutor.java:123) [ratis-thirdparty-misc-0.6.0-SNAPSHOT.jar:0.6.0-SNAPSHOT]
	at java.util.concurrent.ThreadPoolExecutor.runWorker(ThreadPoolExecutor.java:1149) [?:1.8.0_232]
	at java.util.concurrent.ThreadPoolExecutor$Worker.run(ThreadPoolExecutor.java:624) [?:1.8.0_232]
	at java.lang.Thread.run(Thread.java:748) [?:1.8.0_232]
2020-10-17 13:19:42,411 [grpc-default-executor-1] ERROR storage.BlockOutputStream (BlockOutputStream.java:lambda$writeChunkToContainer$3(685)) - writing chunk failed 105050326962405380_chunk_1 blockID conID: 2 locID: 105050326962405380 bcsId: 0 with exception org.apache.ratis.protocol.exceptions.StateMachineException: org.apache.hadoop.hdds.scm.container.common.helpers.ContainerNotOpenException from Server 4d0387a1-338f-4391-a649-fbe8c650d8a6@group-62A0EEBC7A0D: Container 2 in CLOSED state
13:19:42.412 [grpc-default-executor-3] ERROR DNAudit - user=null | ip=null | op=WRITE_CHUNK {blockData=conID: 2 locID: 105050326962405380 bcsId: 0} | ret=FAILURE
org.apache.hadoop.hdds.scm.container.common.helpers.ContainerNotOpenException: Container 2 in CLOSED state
	at org.apache.hadoop.ozone.container.common.impl.HddsDispatcher.validateContainerCommand(HddsDispatcher.java:484) ~[hadoop-hdds-container-service-1.1.0-SNAPSHOT.jar:?]
	at org.apache.hadoop.ozone.container.common.transport.server.ratis.ContainerStateMachine.startTransaction(ContainerStateMachine.java:319) ~[hadoop-hdds-container-service-1.1.0-SNAPSHOT.jar:?]
	at org.apache.ratis.server.impl.RaftServerImpl.submitClientRequestAsync(RaftServerImpl.java:684) ~[ratis-server-1.1.0-11689cd-SNAPSHOT.jar:1.1.0-11689cd-SNAPSHOT]
	at org.apache.ratis.server.impl.RaftServerProxy.lambda$submitClientRequestAsync$7(RaftServerProxy.java:341) ~[ratis-server-1.1.0-11689cd-SNAPSHOT.jar:1.1.0-11689cd-SNAPSHOT]
	at org.apache.ratis.server.impl.RaftServerProxy.lambda$null$5(RaftServerProxy.java:336) ~[ratis-server-1.1.0-11689cd-SNAPSHOT.jar:1.1.0-11689cd-SNAPSHOT]
	at org.apache.ratis.util.JavaUtils.callAsUnchecked(JavaUtils.java:109) ~[ratis-common-1.1.0-11689cd-SNAPSHOT.jar:1.1.0-11689cd-SNAPSHOT]
	at org.apache.ratis.server.impl.RaftServerProxy.lambda$submitRequest$6(RaftServerProxy.java:336) ~[ratis-server-1.1.0-11689cd-SNAPSHOT.jar:1.1.0-11689cd-SNAPSHOT]
	at java.util.concurrent.CompletableFuture.uniComposeStage(CompletableFuture.java:995) ~[?:1.8.0_232]
	at java.util.concurrent.CompletableFuture.thenCompose(CompletableFuture.java:2137) ~[?:1.8.0_232]
	at org.apache.ratis.server.impl.RaftServerProxy.submitRequest(RaftServerProxy.java:335) ~[ratis-server-1.1.0-11689cd-SNAPSHOT.jar:1.1.0-11689cd-SNAPSHOT]
	at org.apache.ratis.server.impl.RaftServerProxy.submitClientRequestAsync(RaftServerProxy.java:341) ~[ratis-server-1.1.0-11689cd-SNAPSHOT.jar:1.1.0-11689cd-SNAPSHOT]
	at org.apache.ratis.grpc.client.GrpcClientProtocolService$RequestStreamObserver.processClientRequest(GrpcClientProtocolService.java:228) ~[ratis-grpc-1.1.0-11689cd-SNAPSHOT.jar:1.1.0-11689cd-SNAPSHOT]
	at org.apache.ratis.grpc.client.GrpcClientProtocolService$OrderedRequestStreamObserver.processClientRequest(GrpcClientProtocolService.java:334) ~[ratis-grpc-1.1.0-11689cd-SNAPSHOT.jar:1.1.0-11689cd-SNAPSHOT]
	at org.apache.ratis.util.SlidingWindow$Server.processRequestsFromHead(SlidingWindow.java:429) [ratis-common-1.1.0-11689cd-SNAPSHOT.jar:1.1.0-11689cd-SNAPSHOT]
	at org.apache.ratis.util.SlidingWindow$Server.receivedRequest(SlidingWindow.java:421) [ratis-common-1.1.0-11689cd-SNAPSHOT.jar:1.1.0-11689cd-SNAPSHOT]
	at org.apache.ratis.grpc.client.GrpcClientProtocolService$OrderedRequestStreamObserver.processClientRequest(GrpcClientProtocolService.java:358) [ratis-grpc-1.1.0-11689cd-SNAPSHOT.jar:1.1.0-11689cd-SNAPSHOT]
	at org.apache.ratis.grpc.client.GrpcClientProtocolService$RequestStreamObserver.onNext(GrpcClientProtocolService.java:248) [ratis-grpc-1.1.0-11689cd-SNAPSHOT.jar:1.1.0-11689cd-SNAPSHOT]
	at org.apache.ratis.grpc.client.GrpcClientProtocolService$RequestStreamObserver.onNext(GrpcClientProtocolService.java:171) [ratis-grpc-1.1.0-11689cd-SNAPSHOT.jar:1.1.0-11689cd-SNAPSHOT]
	at org.apache.ratis.thirdparty.io.grpc.stub.ServerCalls$StreamingServerCallHandler$StreamingServerCallListener.onMessage(ServerCalls.java:251) [ratis-thirdparty-misc-0.6.0-SNAPSHOT.jar:0.6.0-SNAPSHOT]
	at org.apache.ratis.thirdparty.io.grpc.ForwardingServerCallListener.onMessage(ForwardingServerCallListener.java:33) [ratis-thirdparty-misc-0.6.0-SNAPSHOT.jar:0.6.0-SNAPSHOT]
	at org.apache.ratis.thirdparty.io.grpc.internal.ServerCallImpl$ServerStreamListenerImpl.messagesAvailableInternal(ServerCallImpl.java:309) [ratis-thirdparty-misc-0.6.0-SNAPSHOT.jar:0.6.0-SNAPSHOT]
	at org.apache.ratis.thirdparty.io.grpc.internal.ServerCallImpl$ServerStreamListenerImpl.messagesAvailable(ServerCallImpl.java:292) [ratis-thirdparty-misc-0.6.0-SNAPSHOT.jar:0.6.0-SNAPSHOT]
	at org.apache.ratis.thirdparty.io.grpc.internal.ServerImpl$JumpToApplicationThreadServerStreamListener$1MessagesAvailable.runInContext(ServerImpl.java:783) [ratis-thirdparty-misc-0.6.0-SNAPSHOT.jar:0.6.0-SNAPSHOT]
	at org.apache.ratis.thirdparty.io.grpc.internal.ContextRunnable.run(ContextRunnable.java:37) [ratis-thirdparty-misc-0.6.0-SNAPSHOT.jar:0.6.0-SNAPSHOT]
	at org.apache.ratis.thirdparty.io.grpc.internal.SerializingExecutor.run(SerializingExecutor.java:123) [ratis-thirdparty-misc-0.6.0-SNAPSHOT.jar:0.6.0-SNAPSHOT]
	at java.util.concurrent.ThreadPoolExecutor.runWorker(ThreadPoolExecutor.java:1149) [?:1.8.0_232]
	at java.util.concurrent.ThreadPoolExecutor$Worker.run(ThreadPoolExecutor.java:624) [?:1.8.0_232]
	at java.lang.Thread.run(Thread.java:748) [?:1.8.0_232]
2020-10-17 13:19:42,420 [grpc-default-executor-1] ERROR storage.BlockOutputStream (BlockOutputStream.java:lambda$writeChunkToContainer$3(685)) - writing chunk failed 105050326962405380_chunk_2 blockID conID: 2 locID: 105050326962405380 bcsId: 0 with exception org.apache.ratis.protocol.exceptions.StateMachineException: org.apache.hadoop.hdds.scm.container.common.helpers.ContainerNotOpenException from Server 4d0387a1-338f-4391-a649-fbe8c650d8a6@group-62A0EEBC7A0D: Container 2 in CLOSED state
13:19:42.420 [grpc-default-executor-3] ERROR DNAudit - user=null | ip=null | op=WRITE_CHUNK {blockData=conID: 2 locID: 105050326962405380 bcsId: 0} | ret=FAILURE
org.apache.hadoop.hdds.scm.container.common.helpers.ContainerNotOpenException: Container 2 in CLOSED state
	at org.apache.hadoop.ozone.container.common.impl.HddsDispatcher.validateContainerCommand(HddsDispatcher.java:484) ~[hadoop-hdds-container-service-1.1.0-SNAPSHOT.jar:?]
	at org.apache.hadoop.ozone.container.common.transport.server.ratis.ContainerStateMachine.startTransaction(ContainerStateMachine.java:319) ~[hadoop-hdds-container-service-1.1.0-SNAPSHOT.jar:?]
	at org.apache.ratis.server.impl.RaftServerImpl.submitClientRequestAsync(RaftServerImpl.java:684) ~[ratis-server-1.1.0-11689cd-SNAPSHOT.jar:1.1.0-11689cd-SNAPSHOT]
	at org.apache.ratis.server.impl.RaftServerProxy.lambda$submitClientRequestAsync$7(RaftServerProxy.java:341) ~[ratis-server-1.1.0-11689cd-SNAPSHOT.jar:1.1.0-11689cd-SNAPSHOT]
	at org.apache.ratis.server.impl.RaftServerProxy.lambda$null$5(RaftServerProxy.java:336) ~[ratis-server-1.1.0-11689cd-SNAPSHOT.jar:1.1.0-11689cd-SNAPSHOT]
	at org.apache.ratis.util.JavaUtils.callAsUnchecked(JavaUtils.java:109) ~[ratis-common-1.1.0-11689cd-SNAPSHOT.jar:1.1.0-11689cd-SNAPSHOT]
	at org.apache.ratis.server.impl.RaftServerProxy.lambda$submitRequest$6(RaftServerProxy.java:336) ~[ratis-server-1.1.0-11689cd-SNAPSHOT.jar:1.1.0-11689cd-SNAPSHOT]
	at java.util.concurrent.CompletableFuture.uniComposeStage(CompletableFuture.java:995) ~[?:1.8.0_232]
	at java.util.concurrent.CompletableFuture.thenCompose(CompletableFuture.java:2137) ~[?:1.8.0_232]
	at org.apache.ratis.server.impl.RaftServerProxy.submitRequest(RaftServerProxy.java:335) ~[ratis-server-1.1.0-11689cd-SNAPSHOT.jar:1.1.0-11689cd-SNAPSHOT]
	at org.apache.ratis.server.impl.RaftServerProxy.submitClientRequestAsync(RaftServerProxy.java:341) ~[ratis-server-1.1.0-11689cd-SNAPSHOT.jar:1.1.0-11689cd-SNAPSHOT]
	at org.apache.ratis.grpc.client.GrpcClientProtocolService$RequestStreamObserver.processClientRequest(GrpcClientProtocolService.java:228) ~[ratis-grpc-1.1.0-11689cd-SNAPSHOT.jar:1.1.0-11689cd-SNAPSHOT]
	at org.apache.ratis.grpc.client.GrpcClientProtocolService$OrderedRequestStreamObserver.processClientRequest(GrpcClientProtocolService.java:334) ~[ratis-grpc-1.1.0-11689cd-SNAPSHOT.jar:1.1.0-11689cd-SNAPSHOT]
	at org.apache.ratis.util.SlidingWindow$Server.processRequestsFromHead(SlidingWindow.java:429) [ratis-common-1.1.0-11689cd-SNAPSHOT.jar:1.1.0-11689cd-SNAPSHOT]
	at org.apache.ratis.util.SlidingWindow$Server.receivedRequest(SlidingWindow.java:421) [ratis-common-1.1.0-11689cd-SNAPSHOT.jar:1.1.0-11689cd-SNAPSHOT]
	at org.apache.ratis.grpc.client.GrpcClientProtocolService$OrderedRequestStreamObserver.processClientRequest(GrpcClientProtocolService.java:358) [ratis-grpc-1.1.0-11689cd-SNAPSHOT.jar:1.1.0-11689cd-SNAPSHOT]
	at org.apache.ratis.grpc.client.GrpcClientProtocolService$RequestStreamObserver.onNext(GrpcClientProtocolService.java:248) [ratis-grpc-1.1.0-11689cd-SNAPSHOT.jar:1.1.0-11689cd-SNAPSHOT]
	at org.apache.ratis.grpc.client.GrpcClientProtocolService$RequestStreamObserver.onNext(GrpcClientProtocolService.java:171) [ratis-grpc-1.1.0-11689cd-SNAPSHOT.jar:1.1.0-11689cd-SNAPSHOT]
	at org.apache.ratis.thirdparty.io.grpc.stub.ServerCalls$StreamingServerCallHandler$StreamingServerCallListener.onMessage(ServerCalls.java:251) [ratis-thirdparty-misc-0.6.0-SNAPSHOT.jar:0.6.0-SNAPSHOT]
	at org.apache.ratis.thirdparty.io.grpc.ForwardingServerCallListener.onMessage(ForwardingServerCallListener.java:33) [ratis-thirdparty-misc-0.6.0-SNAPSHOT.jar:0.6.0-SNAPSHOT]
	at org.apache.ratis.thirdparty.io.grpc.internal.ServerCallImpl$ServerStreamListenerImpl.messagesAvailableInternal(ServerCallImpl.java:309) [ratis-thirdparty-misc-0.6.0-SNAPSHOT.jar:0.6.0-SNAPSHOT]
	at org.apache.ratis.thirdparty.io.grpc.internal.ServerCallImpl$ServerStreamListenerImpl.messagesAvailable(ServerCallImpl.java:292) [ratis-thirdparty-misc-0.6.0-SNAPSHOT.jar:0.6.0-SNAPSHOT]
	at org.apache.ratis.thirdparty.io.grpc.internal.ServerImpl$JumpToApplicationThreadServerStreamListener$1MessagesAvailable.runInContext(ServerImpl.java:783) [ratis-thirdparty-misc-0.6.0-SNAPSHOT.jar:0.6.0-SNAPSHOT]
	at org.apache.ratis.thirdparty.io.grpc.internal.ContextRunnable.run(ContextRunnable.java:37) [ratis-thirdparty-misc-0.6.0-SNAPSHOT.jar:0.6.0-SNAPSHOT]
	at org.apache.ratis.thirdparty.io.grpc.internal.SerializingExecutor.run(SerializingExecutor.java:123) [ratis-thirdparty-misc-0.6.0-SNAPSHOT.jar:0.6.0-SNAPSHOT]
	at java.util.concurrent.ThreadPoolExecutor.runWorker(ThreadPoolExecutor.java:1149) [?:1.8.0_232]
	at java.util.concurrent.ThreadPoolExecutor$Worker.run(ThreadPoolExecutor.java:624) [?:1.8.0_232]
	at java.lang.Thread.run(Thread.java:748) [?:1.8.0_232]
13:19:42.421 [grpc-default-executor-3] ERROR DNAudit - user=null | ip=null | op=PUT_BLOCK {blockData=[blockId=conID: 2 locID: 105050326962405380 bcsId: 0,size=400]} | ret=FAILURE
org.apache.hadoop.hdds.scm.container.common.helpers.ContainerNotOpenException: Container 2 in CLOSED state
	at org.apache.hadoop.ozone.container.common.impl.HddsDispatcher.validateContainerCommand(HddsDispatcher.java:484) ~[hadoop-hdds-container-service-1.1.0-SNAPSHOT.jar:?]
	at org.apache.hadoop.ozone.container.common.transport.server.ratis.ContainerStateMachine.startTransaction(ContainerStateMachine.java:319) ~[hadoop-hdds-container-service-1.1.0-SNAPSHOT.jar:?]
	at org.apache.ratis.server.impl.RaftServerImpl.submitClientRequestAsync(RaftServerImpl.java:684) ~[ratis-server-1.1.0-11689cd-SNAPSHOT.jar:1.1.0-11689cd-SNAPSHOT]
	at org.apache.ratis.server.impl.RaftServerProxy.lambda$submitClientRequestAsync$7(RaftServerProxy.java:341) ~[ratis-server-1.1.0-11689cd-SNAPSHOT.jar:1.1.0-11689cd-SNAPSHOT]
	at org.apache.ratis.server.impl.RaftServerProxy.lambda$null$5(RaftServerProxy.java:336) ~[ratis-server-1.1.0-11689cd-SNAPSHOT.jar:1.1.0-11689cd-SNAPSHOT]
	at org.apache.ratis.util.JavaUtils.callAsUnchecked(JavaUtils.java:109) ~[ratis-common-1.1.0-11689cd-SNAPSHOT.jar:1.1.0-11689cd-SNAPSHOT]
	at org.apache.ratis.server.impl.RaftServerProxy.lambda$submitRequest$6(RaftServerProxy.java:336) ~[ratis-server-1.1.0-11689cd-SNAPSHOT.jar:1.1.0-11689cd-SNAPSHOT]
	at java.util.concurrent.CompletableFuture.uniComposeStage(CompletableFuture.java:995) ~[?:1.8.0_232]
	at java.util.concurrent.CompletableFuture.thenCompose(CompletableFuture.java:2137) ~[?:1.8.0_232]
	at org.apache.ratis.server.impl.RaftServerProxy.submitRequest(RaftServerProxy.java:335) ~[ratis-server-1.1.0-11689cd-SNAPSHOT.jar:1.1.0-11689cd-SNAPSHOT]
	at org.apache.ratis.server.impl.RaftServerProxy.submitClientRequestAsync(RaftServerProxy.java:341) ~[ratis-server-1.1.0-11689cd-SNAPSHOT.jar:1.1.0-11689cd-SNAPSHOT]
	at org.apache.ratis.grpc.client.GrpcClientProtocolService$RequestStreamObserver.processClientRequest(GrpcClientProtocolService.java:228) ~[ratis-grpc-1.1.0-11689cd-SNAPSHOT.jar:1.1.0-11689cd-SNAPSHOT]
	at org.apache.ratis.grpc.client.GrpcClientProtocolService$OrderedRequestStreamObserver.processClientRequest(GrpcClientProtocolService.java:334) ~[ratis-grpc-1.1.0-11689cd-SNAPSHOT.jar:1.1.0-11689cd-SNAPSHOT]
	at org.apache.ratis.util.SlidingWindow$Server.processRequestsFromHead(SlidingWindow.java:429) [ratis-common-1.1.0-11689cd-SNAPSHOT.jar:1.1.0-11689cd-SNAPSHOT]
	at org.apache.ratis.util.SlidingWindow$Server.receivedRequest(SlidingWindow.java:421) [ratis-common-1.1.0-11689cd-SNAPSHOT.jar:1.1.0-11689cd-SNAPSHOT]
	at org.apache.ratis.grpc.client.GrpcClientProtocolService$OrderedRequestStreamObserver.processClientRequest(GrpcClientProtocolService.java:358) [ratis-grpc-1.1.0-11689cd-SNAPSHOT.jar:1.1.0-11689cd-SNAPSHOT]
	at org.apache.ratis.grpc.client.GrpcClientProtocolService$RequestStreamObserver.onNext(GrpcClientProtocolService.java:248) [ratis-grpc-1.1.0-11689cd-SNAPSHOT.jar:1.1.0-11689cd-SNAPSHOT]
	at org.apache.ratis.grpc.client.GrpcClientProtocolService$RequestStreamObserver.onNext(GrpcClientProtocolService.java:171) [ratis-grpc-1.1.0-11689cd-SNAPSHOT.jar:1.1.0-11689cd-SNAPSHOT]
	at org.apache.ratis.thirdparty.io.grpc.stub.ServerCalls$StreamingServerCallHandler$StreamingServerCallListener.onMessage(ServerCalls.java:251) [ratis-thirdparty-misc-0.6.0-SNAPSHOT.jar:0.6.0-SNAPSHOT]
	at org.apache.ratis.thirdparty.io.grpc.ForwardingServerCallListener.onMessage(ForwardingServerCallListener.java:33) [ratis-thirdparty-misc-0.6.0-SNAPSHOT.jar:0.6.0-SNAPSHOT]
	at org.apache.ratis.thirdparty.io.grpc.internal.ServerCallImpl$ServerStreamListenerImpl.messagesAvailableInternal(ServerCallImpl.java:309) [ratis-thirdparty-misc-0.6.0-SNAPSHOT.jar:0.6.0-SNAPSHOT]
	at org.apache.ratis.thirdparty.io.grpc.internal.ServerCallImpl$ServerStreamListenerImpl.messagesAvailable(ServerCallImpl.java:292) [ratis-thirdparty-misc-0.6.0-SNAPSHOT.jar:0.6.0-SNAPSHOT]
	at org.apache.ratis.thirdparty.io.grpc.internal.ServerImpl$JumpToApplicationThreadServerStreamListener$1MessagesAvailable.runInContext(ServerImpl.java:783) [ratis-thirdparty-misc-0.6.0-SNAPSHOT.jar:0.6.0-SNAPSHOT]
	at org.apache.ratis.thirdparty.io.grpc.internal.ContextRunnable.run(ContextRunnable.java:37) [ratis-thirdparty-misc-0.6.0-SNAPSHOT.jar:0.6.0-SNAPSHOT]
	at org.apache.ratis.thirdparty.io.grpc.internal.SerializingExecutor.run(SerializingExecutor.java:123) [ratis-thirdparty-misc-0.6.0-SNAPSHOT.jar:0.6.0-SNAPSHOT]
	at java.util.concurrent.ThreadPoolExecutor.runWorker(ThreadPoolExecutor.java:1149) [?:1.8.0_232]
	at java.util.concurrent.ThreadPoolExecutor$Worker.run(ThreadPoolExecutor.java:624) [?:1.8.0_232]
	at java.lang.Thread.run(Thread.java:748) [?:1.8.0_232]
2020-10-17 13:19:42,425 [grpc-default-executor-3] ERROR storage.BlockOutputStream (BlockOutputStream.java:lambda$writeChunkToContainer$3(685)) - writing chunk failed 105050326962405380_chunk_3 blockID conID: 2 locID: 105050326962405380 bcsId: 0 with exception org.apache.ratis.protocol.exceptions.StateMachineException: org.apache.hadoop.hdds.scm.container.common.helpers.ContainerNotOpenException from Server 4d0387a1-338f-4391-a649-fbe8c650d8a6@group-62A0EEBC7A0D: Container 2 in CLOSED state
2020-10-17 13:19:42,428 [grpc-default-executor-3] ERROR storage.BlockOutputStream (BlockOutputStream.java:lambda$writeChunkToContainer$3(685)) - writing chunk failed 105050326962405380_chunk_4 blockID conID: 2 locID: 105050326962405380 bcsId: 0 with exception org.apache.ratis.protocol.exceptions.StateMachineException: org.apache.hadoop.hdds.scm.container.common.helpers.ContainerNotOpenException from Server 4d0387a1-338f-4391-a649-fbe8c650d8a6@group-62A0EEBC7A0D: Container 2 in CLOSED state
2020-10-17 13:19:42,436 [Listener at 127.0.0.1/44403] INFO  metrics.RatisMetrics (RatisMetrics.java:lambda$create$0(36)) - Creating Metrics Registry : ratis.client_message_metrics.client-E1C1B9FF4EBC->839b407c-c1de-4b31-afbc-625e07034f6b
13:19:42.457 [grpc-default-executor-3] ERROR DNAudit - user=null | ip=null | op=WRITE_CHUNK {blockData=conID: 3 locID: 105050326962470918 bcsId: 0} | ret=FAILURE
org.apache.hadoop.hdds.scm.container.common.helpers.ContainerNotOpenException: Container 3 in CLOSED state
	at org.apache.hadoop.ozone.container.common.impl.HddsDispatcher.validateContainerCommand(HddsDispatcher.java:484) ~[hadoop-hdds-container-service-1.1.0-SNAPSHOT.jar:?]
	at org.apache.hadoop.ozone.container.common.transport.server.ratis.ContainerStateMachine.startTransaction(ContainerStateMachine.java:319) ~[hadoop-hdds-container-service-1.1.0-SNAPSHOT.jar:?]
	at org.apache.ratis.server.impl.RaftServerImpl.submitClientRequestAsync(RaftServerImpl.java:684) ~[ratis-server-1.1.0-11689cd-SNAPSHOT.jar:1.1.0-11689cd-SNAPSHOT]
	at org.apache.ratis.server.impl.RaftServerProxy.lambda$submitClientRequestAsync$7(RaftServerProxy.java:341) ~[ratis-server-1.1.0-11689cd-SNAPSHOT.jar:1.1.0-11689cd-SNAPSHOT]
	at org.apache.ratis.server.impl.RaftServerProxy.lambda$null$5(RaftServerProxy.java:336) ~[ratis-server-1.1.0-11689cd-SNAPSHOT.jar:1.1.0-11689cd-SNAPSHOT]
	at org.apache.ratis.util.JavaUtils.callAsUnchecked(JavaUtils.java:109) ~[ratis-common-1.1.0-11689cd-SNAPSHOT.jar:1.1.0-11689cd-SNAPSHOT]
	at org.apache.ratis.server.impl.RaftServerProxy.lambda$submitRequest$6(RaftServerProxy.java:336) ~[ratis-server-1.1.0-11689cd-SNAPSHOT.jar:1.1.0-11689cd-SNAPSHOT]
	at java.util.concurrent.CompletableFuture.uniComposeStage(CompletableFuture.java:995) ~[?:1.8.0_232]
	at java.util.concurrent.CompletableFuture.thenCompose(CompletableFuture.java:2137) ~[?:1.8.0_232]
	at org.apache.ratis.server.impl.RaftServerProxy.submitRequest(RaftServerProxy.java:335) ~[ratis-server-1.1.0-11689cd-SNAPSHOT.jar:1.1.0-11689cd-SNAPSHOT]
	at org.apache.ratis.server.impl.RaftServerProxy.submitClientRequestAsync(RaftServerProxy.java:341) ~[ratis-server-1.1.0-11689cd-SNAPSHOT.jar:1.1.0-11689cd-SNAPSHOT]
	at org.apache.ratis.grpc.client.GrpcClientProtocolService$RequestStreamObserver.processClientRequest(GrpcClientProtocolService.java:228) ~[ratis-grpc-1.1.0-11689cd-SNAPSHOT.jar:1.1.0-11689cd-SNAPSHOT]
	at org.apache.ratis.grpc.client.GrpcClientProtocolService$OrderedRequestStreamObserver.processClientRequest(GrpcClientProtocolService.java:334) ~[ratis-grpc-1.1.0-11689cd-SNAPSHOT.jar:1.1.0-11689cd-SNAPSHOT]
	at org.apache.ratis.util.SlidingWindow$Server.processRequestsFromHead(SlidingWindow.java:429) [ratis-common-1.1.0-11689cd-SNAPSHOT.jar:1.1.0-11689cd-SNAPSHOT]
	at org.apache.ratis.util.SlidingWindow$Server.receivedRequest(SlidingWindow.java:421) [ratis-common-1.1.0-11689cd-SNAPSHOT.jar:1.1.0-11689cd-SNAPSHOT]
	at org.apache.ratis.grpc.client.GrpcClientProtocolService$OrderedRequestStreamObserver.processClientRequest(GrpcClientProtocolService.java:358) [ratis-grpc-1.1.0-11689cd-SNAPSHOT.jar:1.1.0-11689cd-SNAPSHOT]
	at org.apache.ratis.grpc.client.GrpcClientProtocolService$RequestStreamObserver.onNext(GrpcClientProtocolService.java:248) [ratis-grpc-1.1.0-11689cd-SNAPSHOT.jar:1.1.0-11689cd-SNAPSHOT]
	at org.apache.ratis.grpc.client.GrpcClientProtocolService$RequestStreamObserver.onNext(GrpcClientProtocolService.java:171) [ratis-grpc-1.1.0-11689cd-SNAPSHOT.jar:1.1.0-11689cd-SNAPSHOT]
	at org.apache.ratis.thirdparty.io.grpc.stub.ServerCalls$StreamingServerCallHandler$StreamingServerCallListener.onMessage(ServerCalls.java:251) [ratis-thirdparty-misc-0.6.0-SNAPSHOT.jar:0.6.0-SNAPSHOT]
	at org.apache.ratis.thirdparty.io.grpc.ForwardingServerCallListener.onMessage(ForwardingServerCallListener.java:33) [ratis-thirdparty-misc-0.6.0-SNAPSHOT.jar:0.6.0-SNAPSHOT]
	at org.apache.ratis.thirdparty.io.grpc.internal.ServerCallImpl$ServerStreamListenerImpl.messagesAvailableInternal(ServerCallImpl.java:309) [ratis-thirdparty-misc-0.6.0-SNAPSHOT.jar:0.6.0-SNAPSHOT]
	at org.apache.ratis.thirdparty.io.grpc.internal.ServerCallImpl$ServerStreamListenerImpl.messagesAvailable(ServerCallImpl.java:292) [ratis-thirdparty-misc-0.6.0-SNAPSHOT.jar:0.6.0-SNAPSHOT]
	at org.apache.ratis.thirdparty.io.grpc.internal.ServerImpl$JumpToApplicationThreadServerStreamListener$1MessagesAvailable.runInContext(ServerImpl.java:783) [ratis-thirdparty-misc-0.6.0-SNAPSHOT.jar:0.6.0-SNAPSHOT]
	at org.apache.ratis.thirdparty.io.grpc.internal.ContextRunnable.run(ContextRunnable.java:37) [ratis-thirdparty-misc-0.6.0-SNAPSHOT.jar:0.6.0-SNAPSHOT]
	at org.apache.ratis.thirdparty.io.grpc.internal.SerializingExecutor.run(SerializingExecutor.java:123) [ratis-thirdparty-misc-0.6.0-SNAPSHOT.jar:0.6.0-SNAPSHOT]
	at java.util.concurrent.ThreadPoolExecutor.runWorker(ThreadPoolExecutor.java:1149) [?:1.8.0_232]
	at java.util.concurrent.ThreadPoolExecutor$Worker.run(ThreadPoolExecutor.java:624) [?:1.8.0_232]
	at java.lang.Thread.run(Thread.java:748) [?:1.8.0_232]
13:19:42.461 [grpc-default-executor-1] ERROR DNAudit - user=null | ip=null | op=WRITE_CHUNK {blockData=conID: 3 locID: 105050326962470918 bcsId: 0} | ret=FAILURE
org.apache.hadoop.hdds.scm.container.common.helpers.ContainerNotOpenException: Container 3 in CLOSED state
	at org.apache.hadoop.ozone.container.common.impl.HddsDispatcher.validateContainerCommand(HddsDispatcher.java:484) ~[hadoop-hdds-container-service-1.1.0-SNAPSHOT.jar:?]
	at org.apache.hadoop.ozone.container.common.transport.server.ratis.ContainerStateMachine.startTransaction(ContainerStateMachine.java:319) ~[hadoop-hdds-container-service-1.1.0-SNAPSHOT.jar:?]
	at org.apache.ratis.server.impl.RaftServerImpl.submitClientRequestAsync(RaftServerImpl.java:684) ~[ratis-server-1.1.0-11689cd-SNAPSHOT.jar:1.1.0-11689cd-SNAPSHOT]
	at org.apache.ratis.server.impl.RaftServerProxy.lambda$submitClientRequestAsync$7(RaftServerProxy.java:341) ~[ratis-server-1.1.0-11689cd-SNAPSHOT.jar:1.1.0-11689cd-SNAPSHOT]
	at org.apache.ratis.server.impl.RaftServerProxy.lambda$null$5(RaftServerProxy.java:336) ~[ratis-server-1.1.0-11689cd-SNAPSHOT.jar:1.1.0-11689cd-SNAPSHOT]
	at org.apache.ratis.util.JavaUtils.callAsUnchecked(JavaUtils.java:109) ~[ratis-common-1.1.0-11689cd-SNAPSHOT.jar:1.1.0-11689cd-SNAPSHOT]
	at org.apache.ratis.server.impl.RaftServerProxy.lambda$submitRequest$6(RaftServerProxy.java:336) ~[ratis-server-1.1.0-11689cd-SNAPSHOT.jar:1.1.0-11689cd-SNAPSHOT]
	at java.util.concurrent.CompletableFuture.uniComposeStage(CompletableFuture.java:995) ~[?:1.8.0_232]
	at java.util.concurrent.CompletableFuture.thenCompose(CompletableFuture.java:2137) ~[?:1.8.0_232]
	at org.apache.ratis.server.impl.RaftServerProxy.submitRequest(RaftServerProxy.java:335) ~[ratis-server-1.1.0-11689cd-SNAPSHOT.jar:1.1.0-11689cd-SNAPSHOT]
	at org.apache.ratis.server.impl.RaftServerProxy.submitClientRequestAsync(RaftServerProxy.java:341) ~[ratis-server-1.1.0-11689cd-SNAPSHOT.jar:1.1.0-11689cd-SNAPSHOT]
	at org.apache.ratis.grpc.client.GrpcClientProtocolService$RequestStreamObserver.processClientRequest(GrpcClientProtocolService.java:228) ~[ratis-grpc-1.1.0-11689cd-SNAPSHOT.jar:1.1.0-11689cd-SNAPSHOT]
	at org.apache.ratis.grpc.client.GrpcClientProtocolService$OrderedRequestStreamObserver.processClientRequest(GrpcClientProtocolService.java:334) ~[ratis-grpc-1.1.0-11689cd-SNAPSHOT.jar:1.1.0-11689cd-SNAPSHOT]
	at org.apache.ratis.util.SlidingWindow$Server.processRequestsFromHead(SlidingWindow.java:429) [ratis-common-1.1.0-11689cd-SNAPSHOT.jar:1.1.0-11689cd-SNAPSHOT]
	at org.apache.ratis.util.SlidingWindow$Server.receivedRequest(SlidingWindow.java:421) [ratis-common-1.1.0-11689cd-SNAPSHOT.jar:1.1.0-11689cd-SNAPSHOT]
	at org.apache.ratis.grpc.client.GrpcClientProtocolService$OrderedRequestStreamObserver.processClientRequest(GrpcClientProtocolService.java:358) [ratis-grpc-1.1.0-11689cd-SNAPSHOT.jar:1.1.0-11689cd-SNAPSHOT]
	at org.apache.ratis.grpc.client.GrpcClientProtocolService$RequestStreamObserver.onNext(GrpcClientProtocolService.java:248) [ratis-grpc-1.1.0-11689cd-SNAPSHOT.jar:1.1.0-11689cd-SNAPSHOT]
	at org.apache.ratis.grpc.client.GrpcClientProtocolService$RequestStreamObserver.onNext(GrpcClientProtocolService.java:171) [ratis-grpc-1.1.0-11689cd-SNAPSHOT.jar:1.1.0-11689cd-SNAPSHOT]
	at org.apache.ratis.thirdparty.io.grpc.stub.ServerCalls$StreamingServerCallHandler$StreamingServerCallListener.onMessage(ServerCalls.java:251) [ratis-thirdparty-misc-0.6.0-SNAPSHOT.jar:0.6.0-SNAPSHOT]
	at org.apache.ratis.thirdparty.io.grpc.ForwardingServerCallListener.onMessage(ForwardingServerCallListener.java:33) [ratis-thirdparty-misc-0.6.0-SNAPSHOT.jar:0.6.0-SNAPSHOT]
	at org.apache.ratis.thirdparty.io.grpc.internal.ServerCallImpl$ServerStreamListenerImpl.messagesAvailableInternal(ServerCallImpl.java:309) [ratis-thirdparty-misc-0.6.0-SNAPSHOT.jar:0.6.0-SNAPSHOT]
	at org.apache.ratis.thirdparty.io.grpc.internal.ServerCallImpl$ServerStreamListenerImpl.messagesAvailable(ServerCallImpl.java:292) [ratis-thirdparty-misc-0.6.0-SNAPSHOT.jar:0.6.0-SNAPSHOT]
	at org.apache.ratis.thirdparty.io.grpc.internal.ServerImpl$JumpToApplicationThreadServerStreamListener$1MessagesAvailable.runInContext(ServerImpl.java:783) [ratis-thirdparty-misc-0.6.0-SNAPSHOT.jar:0.6.0-SNAPSHOT]
	at org.apache.ratis.thirdparty.io.grpc.internal.ContextRunnable.run(ContextRunnable.java:37) [ratis-thirdparty-misc-0.6.0-SNAPSHOT.jar:0.6.0-SNAPSHOT]
	at org.apache.ratis.thirdparty.io.grpc.internal.SerializingExecutor.run(SerializingExecutor.java:123) [ratis-thirdparty-misc-0.6.0-SNAPSHOT.jar:0.6.0-SNAPSHOT]
	at java.util.concurrent.ThreadPoolExecutor.runWorker(ThreadPoolExecutor.java:1149) [?:1.8.0_232]
	at java.util.concurrent.ThreadPoolExecutor$Worker.run(ThreadPoolExecutor.java:624) [?:1.8.0_232]
	at java.lang.Thread.run(Thread.java:748) [?:1.8.0_232]
2020-10-17 13:19:42,463 [grpc-default-executor-3] ERROR storage.BlockOutputStream (BlockOutputStream.java:lambda$writeChunkToContainer$3(685)) - writing chunk failed 105050326962470918_chunk_1 blockID conID: 3 locID: 105050326962470918 bcsId: 0 with exception org.apache.ratis.protocol.exceptions.StateMachineException: org.apache.hadoop.hdds.scm.container.common.helpers.ContainerNotOpenException from Server 839b407c-c1de-4b31-afbc-625e07034f6b@group-DC1924C565DB: Container 3 in CLOSED state
13:19:42.464 [grpc-default-executor-1] ERROR DNAudit - user=null | ip=null | op=PUT_BLOCK {blockData=[blockId=conID: 3 locID: 105050326962470918 bcsId: 0,size=200]} | ret=FAILURE
org.apache.hadoop.hdds.scm.container.common.helpers.ContainerNotOpenException: Container 3 in CLOSED state
	at org.apache.hadoop.ozone.container.common.impl.HddsDispatcher.validateContainerCommand(HddsDispatcher.java:484) ~[hadoop-hdds-container-service-1.1.0-SNAPSHOT.jar:?]
	at org.apache.hadoop.ozone.container.common.transport.server.ratis.ContainerStateMachine.startTransaction(ContainerStateMachine.java:319) ~[hadoop-hdds-container-service-1.1.0-SNAPSHOT.jar:?]
	at org.apache.ratis.server.impl.RaftServerImpl.submitClientRequestAsync(RaftServerImpl.java:684) ~[ratis-server-1.1.0-11689cd-SNAPSHOT.jar:1.1.0-11689cd-SNAPSHOT]
	at org.apache.ratis.server.impl.RaftServerProxy.lambda$submitClientRequestAsync$7(RaftServerProxy.java:341) ~[ratis-server-1.1.0-11689cd-SNAPSHOT.jar:1.1.0-11689cd-SNAPSHOT]
	at org.apache.ratis.server.impl.RaftServerProxy.lambda$null$5(RaftServerProxy.java:336) ~[ratis-server-1.1.0-11689cd-SNAPSHOT.jar:1.1.0-11689cd-SNAPSHOT]
	at org.apache.ratis.util.JavaUtils.callAsUnchecked(JavaUtils.java:109) ~[ratis-common-1.1.0-11689cd-SNAPSHOT.jar:1.1.0-11689cd-SNAPSHOT]
	at org.apache.ratis.server.impl.RaftServerProxy.lambda$submitRequest$6(RaftServerProxy.java:336) ~[ratis-server-1.1.0-11689cd-SNAPSHOT.jar:1.1.0-11689cd-SNAPSHOT]
	at java.util.concurrent.CompletableFuture.uniComposeStage(CompletableFuture.java:995) ~[?:1.8.0_232]
	at java.util.concurrent.CompletableFuture.thenCompose(CompletableFuture.java:2137) ~[?:1.8.0_232]
	at org.apache.ratis.server.impl.RaftServerProxy.submitRequest(RaftServerProxy.java:335) ~[ratis-server-1.1.0-11689cd-SNAPSHOT.jar:1.1.0-11689cd-SNAPSHOT]
	at org.apache.ratis.server.impl.RaftServerProxy.submitClientRequestAsync(RaftServerProxy.java:341) ~[ratis-server-1.1.0-11689cd-SNAPSHOT.jar:1.1.0-11689cd-SNAPSHOT]
	at org.apache.ratis.grpc.client.GrpcClientProtocolService$RequestStreamObserver.processClientRequest(GrpcClientProtocolService.java:228) ~[ratis-grpc-1.1.0-11689cd-SNAPSHOT.jar:1.1.0-11689cd-SNAPSHOT]
	at org.apache.ratis.grpc.client.GrpcClientProtocolService$OrderedRequestStreamObserver.processClientRequest(GrpcClientProtocolService.java:334) ~[ratis-grpc-1.1.0-11689cd-SNAPSHOT.jar:1.1.0-11689cd-SNAPSHOT]
	at org.apache.ratis.util.SlidingWindow$Server.processRequestsFromHead(SlidingWindow.java:429) [ratis-common-1.1.0-11689cd-SNAPSHOT.jar:1.1.0-11689cd-SNAPSHOT]
	at org.apache.ratis.util.SlidingWindow$Server.receivedRequest(SlidingWindow.java:421) [ratis-common-1.1.0-11689cd-SNAPSHOT.jar:1.1.0-11689cd-SNAPSHOT]
	at org.apache.ratis.grpc.client.GrpcClientProtocolService$OrderedRequestStreamObserver.processClientRequest(GrpcClientProtocolService.java:358) [ratis-grpc-1.1.0-11689cd-SNAPSHOT.jar:1.1.0-11689cd-SNAPSHOT]
	at org.apache.ratis.grpc.client.GrpcClientProtocolService$RequestStreamObserver.onNext(GrpcClientProtocolService.java:248) [ratis-grpc-1.1.0-11689cd-SNAPSHOT.jar:1.1.0-11689cd-SNAPSHOT]
	at org.apache.ratis.grpc.client.GrpcClientProtocolService$RequestStreamObserver.onNext(GrpcClientProtocolService.java:171) [ratis-grpc-1.1.0-11689cd-SNAPSHOT.jar:1.1.0-11689cd-SNAPSHOT]
	at org.apache.ratis.thirdparty.io.grpc.stub.ServerCalls$StreamingServerCallHandler$StreamingServerCallListener.onMessage(ServerCalls.java:251) [ratis-thirdparty-misc-0.6.0-SNAPSHOT.jar:0.6.0-SNAPSHOT]
	at org.apache.ratis.thirdparty.io.grpc.ForwardingServerCallListener.onMessage(ForwardingServerCallListener.java:33) [ratis-thirdparty-misc-0.6.0-SNAPSHOT.jar:0.6.0-SNAPSHOT]
	at org.apache.ratis.thirdparty.io.grpc.internal.ServerCallImpl$ServerStreamListenerImpl.messagesAvailableInternal(ServerCallImpl.java:309) [ratis-thirdparty-misc-0.6.0-SNAPSHOT.jar:0.6.0-SNAPSHOT]
	at org.apache.ratis.thirdparty.io.grpc.internal.ServerCallImpl$ServerStreamListenerImpl.messagesAvailable(ServerCallImpl.java:292) [ratis-thirdparty-misc-0.6.0-SNAPSHOT.jar:0.6.0-SNAPSHOT]
	at org.apache.ratis.thirdparty.io.grpc.internal.ServerImpl$JumpToApplicationThreadServerStreamListener$1MessagesAvailable.runInContext(ServerImpl.java:783) [ratis-thirdparty-misc-0.6.0-SNAPSHOT.jar:0.6.0-SNAPSHOT]
	at org.apache.ratis.thirdparty.io.grpc.internal.ContextRunnable.run(ContextRunnable.java:37) [ratis-thirdparty-misc-0.6.0-SNAPSHOT.jar:0.6.0-SNAPSHOT]
	at org.apache.ratis.thirdparty.io.grpc.internal.SerializingExecutor.run(SerializingExecutor.java:123) [ratis-thirdparty-misc-0.6.0-SNAPSHOT.jar:0.6.0-SNAPSHOT]
	at java.util.concurrent.ThreadPoolExecutor.runWorker(ThreadPoolExecutor.java:1149) [?:1.8.0_232]
	at java.util.concurrent.ThreadPoolExecutor$Worker.run(ThreadPoolExecutor.java:624) [?:1.8.0_232]
	at java.lang.Thread.run(Thread.java:748) [?:1.8.0_232]
2020-10-17 13:19:42,474 [grpc-default-executor-3] ERROR storage.BlockOutputStream (BlockOutputStream.java:lambda$writeChunkToContainer$3(685)) - writing chunk failed 105050326962470918_chunk_2 blockID conID: 3 locID: 105050326962470918 bcsId: 0 with exception org.apache.ratis.protocol.exceptions.StateMachineException: org.apache.hadoop.hdds.scm.container.common.helpers.ContainerNotOpenException from Server 839b407c-c1de-4b31-afbc-625e07034f6b@group-DC1924C565DB: Container 3 in CLOSED state
13:19:42.474 [grpc-default-executor-1] ERROR DNAudit - user=null | ip=null | op=WRITE_CHUNK {blockData=conID: 3 locID: 105050326962470918 bcsId: 0} | ret=FAILURE
org.apache.hadoop.hdds.scm.container.common.helpers.ContainerNotOpenException: Container 3 in CLOSED state
	at org.apache.hadoop.ozone.container.common.impl.HddsDispatcher.validateContainerCommand(HddsDispatcher.java:484) ~[hadoop-hdds-container-service-1.1.0-SNAPSHOT.jar:?]
	at org.apache.hadoop.ozone.container.common.transport.server.ratis.ContainerStateMachine.startTransaction(ContainerStateMachine.java:319) ~[hadoop-hdds-container-service-1.1.0-SNAPSHOT.jar:?]
	at org.apache.ratis.server.impl.RaftServerImpl.submitClientRequestAsync(RaftServerImpl.java:684) ~[ratis-server-1.1.0-11689cd-SNAPSHOT.jar:1.1.0-11689cd-SNAPSHOT]
	at org.apache.ratis.server.impl.RaftServerProxy.lambda$submitClientRequestAsync$7(RaftServerProxy.java:341) ~[ratis-server-1.1.0-11689cd-SNAPSHOT.jar:1.1.0-11689cd-SNAPSHOT]
	at org.apache.ratis.server.impl.RaftServerProxy.lambda$null$5(RaftServerProxy.java:336) ~[ratis-server-1.1.0-11689cd-SNAPSHOT.jar:1.1.0-11689cd-SNAPSHOT]
	at org.apache.ratis.util.JavaUtils.callAsUnchecked(JavaUtils.java:109) ~[ratis-common-1.1.0-11689cd-SNAPSHOT.jar:1.1.0-11689cd-SNAPSHOT]
	at org.apache.ratis.server.impl.RaftServerProxy.lambda$submitRequest$6(RaftServerProxy.java:336) ~[ratis-server-1.1.0-11689cd-SNAPSHOT.jar:1.1.0-11689cd-SNAPSHOT]
	at java.util.concurrent.CompletableFuture.uniComposeStage(CompletableFuture.java:995) ~[?:1.8.0_232]
	at java.util.concurrent.CompletableFuture.thenCompose(CompletableFuture.java:2137) ~[?:1.8.0_232]
	at org.apache.ratis.server.impl.RaftServerProxy.submitRequest(RaftServerProxy.java:335) ~[ratis-server-1.1.0-11689cd-SNAPSHOT.jar:1.1.0-11689cd-SNAPSHOT]
	at org.apache.ratis.server.impl.RaftServerProxy.submitClientRequestAsync(RaftServerProxy.java:341) ~[ratis-server-1.1.0-11689cd-SNAPSHOT.jar:1.1.0-11689cd-SNAPSHOT]
	at org.apache.ratis.grpc.client.GrpcClientProtocolService$RequestStreamObserver.processClientRequest(GrpcClientProtocolService.java:228) ~[ratis-grpc-1.1.0-11689cd-SNAPSHOT.jar:1.1.0-11689cd-SNAPSHOT]
	at org.apache.ratis.grpc.client.GrpcClientProtocolService$OrderedRequestStreamObserver.processClientRequest(GrpcClientProtocolService.java:334) ~[ratis-grpc-1.1.0-11689cd-SNAPSHOT.jar:1.1.0-11689cd-SNAPSHOT]
	at org.apache.ratis.util.SlidingWindow$Server.processRequestsFromHead(SlidingWindow.java:429) [ratis-common-1.1.0-11689cd-SNAPSHOT.jar:1.1.0-11689cd-SNAPSHOT]
	at org.apache.ratis.util.SlidingWindow$Server.receivedRequest(SlidingWindow.java:421) [ratis-common-1.1.0-11689cd-SNAPSHOT.jar:1.1.0-11689cd-SNAPSHOT]
	at org.apache.ratis.grpc.client.GrpcClientProtocolService$OrderedRequestStreamObserver.processClientRequest(GrpcClientProtocolService.java:358) [ratis-grpc-1.1.0-11689cd-SNAPSHOT.jar:1.1.0-11689cd-SNAPSHOT]
	at org.apache.ratis.grpc.client.GrpcClientProtocolService$RequestStreamObserver.onNext(GrpcClientProtocolService.java:248) [ratis-grpc-1.1.0-11689cd-SNAPSHOT.jar:1.1.0-11689cd-SNAPSHOT]
	at org.apache.ratis.grpc.client.GrpcClientProtocolService$RequestStreamObserver.onNext(GrpcClientProtocolService.java:171) [ratis-grpc-1.1.0-11689cd-SNAPSHOT.jar:1.1.0-11689cd-SNAPSHOT]
	at org.apache.ratis.thirdparty.io.grpc.stub.ServerCalls$StreamingServerCallHandler$StreamingServerCallListener.onMessage(ServerCalls.java:251) [ratis-thirdparty-misc-0.6.0-SNAPSHOT.jar:0.6.0-SNAPSHOT]
	at org.apache.ratis.thirdparty.io.grpc.ForwardingServerCallListener.onMessage(ForwardingServerCallListener.java:33) [ratis-thirdparty-misc-0.6.0-SNAPSHOT.jar:0.6.0-SNAPSHOT]
	at org.apache.ratis.thirdparty.io.grpc.internal.ServerCallImpl$ServerStreamListenerImpl.messagesAvailableInternal(ServerCallImpl.java:309) [ratis-thirdparty-misc-0.6.0-SNAPSHOT.jar:0.6.0-SNAPSHOT]
	at org.apache.ratis.thirdparty.io.grpc.internal.ServerCallImpl$ServerStreamListenerImpl.messagesAvailable(ServerCallImpl.java:292) [ratis-thirdparty-misc-0.6.0-SNAPSHOT.jar:0.6.0-SNAPSHOT]
	at org.apache.ratis.thirdparty.io.grpc.internal.ServerImpl$JumpToApplicationThreadServerStreamListener$1MessagesAvailable.runInContext(ServerImpl.java:783) [ratis-thirdparty-misc-0.6.0-SNAPSHOT.jar:0.6.0-SNAPSHOT]
	at org.apache.ratis.thirdparty.io.grpc.internal.ContextRunnable.run(ContextRunnable.java:37) [ratis-thirdparty-misc-0.6.0-SNAPSHOT.jar:0.6.0-SNAPSHOT]
	at org.apache.ratis.thirdparty.io.grpc.internal.SerializingExecutor.run(SerializingExecutor.java:123) [ratis-thirdparty-misc-0.6.0-SNAPSHOT.jar:0.6.0-SNAPSHOT]
	at java.util.concurrent.ThreadPoolExecutor.runWorker(ThreadPoolExecutor.java:1149) [?:1.8.0_232]
	at java.util.concurrent.ThreadPoolExecutor$Worker.run(ThreadPoolExecutor.java:624) [?:1.8.0_232]
	at java.lang.Thread.run(Thread.java:748) [?:1.8.0_232]
13:19:42.475 [grpc-default-executor-1] ERROR DNAudit - user=null | ip=null | op=WRITE_CHUNK {blockData=conID: 3 locID: 105050326962470918 bcsId: 0} | ret=FAILURE
org.apache.hadoop.hdds.scm.container.common.helpers.ContainerNotOpenException: Container 3 in CLOSED state
	at org.apache.hadoop.ozone.container.common.impl.HddsDispatcher.validateContainerCommand(HddsDispatcher.java:484) ~[hadoop-hdds-container-service-1.1.0-SNAPSHOT.jar:?]
	at org.apache.hadoop.ozone.container.common.transport.server.ratis.ContainerStateMachine.startTransaction(ContainerStateMachine.java:319) ~[hadoop-hdds-container-service-1.1.0-SNAPSHOT.jar:?]
	at org.apache.ratis.server.impl.RaftServerImpl.submitClientRequestAsync(RaftServerImpl.java:684) ~[ratis-server-1.1.0-11689cd-SNAPSHOT.jar:1.1.0-11689cd-SNAPSHOT]
	at org.apache.ratis.server.impl.RaftServerProxy.lambda$submitClientRequestAsync$7(RaftServerProxy.java:341) ~[ratis-server-1.1.0-11689cd-SNAPSHOT.jar:1.1.0-11689cd-SNAPSHOT]
	at org.apache.ratis.server.impl.RaftServerProxy.lambda$null$5(RaftServerProxy.java:336) ~[ratis-server-1.1.0-11689cd-SNAPSHOT.jar:1.1.0-11689cd-SNAPSHOT]
	at org.apache.ratis.util.JavaUtils.callAsUnchecked(JavaUtils.java:109) ~[ratis-common-1.1.0-11689cd-SNAPSHOT.jar:1.1.0-11689cd-SNAPSHOT]
	at org.apache.ratis.server.impl.RaftServerProxy.lambda$submitRequest$6(RaftServerProxy.java:336) ~[ratis-server-1.1.0-11689cd-SNAPSHOT.jar:1.1.0-11689cd-SNAPSHOT]
	at java.util.concurrent.CompletableFuture.uniComposeStage(CompletableFuture.java:995) ~[?:1.8.0_232]
	at java.util.concurrent.CompletableFuture.thenCompose(CompletableFuture.java:2137) ~[?:1.8.0_232]
	at org.apache.ratis.server.impl.RaftServerProxy.submitRequest(RaftServerProxy.java:335) ~[ratis-server-1.1.0-11689cd-SNAPSHOT.jar:1.1.0-11689cd-SNAPSHOT]
	at org.apache.ratis.server.impl.RaftServerProxy.submitClientRequestAsync(RaftServerProxy.java:341) ~[ratis-server-1.1.0-11689cd-SNAPSHOT.jar:1.1.0-11689cd-SNAPSHOT]
	at org.apache.ratis.grpc.client.GrpcClientProtocolService$RequestStreamObserver.processClientRequest(GrpcClientProtocolService.java:228) ~[ratis-grpc-1.1.0-11689cd-SNAPSHOT.jar:1.1.0-11689cd-SNAPSHOT]
	at org.apache.ratis.grpc.client.GrpcClientProtocolService$OrderedRequestStreamObserver.processClientRequest(GrpcClientProtocolService.java:334) ~[ratis-grpc-1.1.0-11689cd-SNAPSHOT.jar:1.1.0-11689cd-SNAPSHOT]
	at org.apache.ratis.util.SlidingWindow$Server.processRequestsFromHead(SlidingWindow.java:429) [ratis-common-1.1.0-11689cd-SNAPSHOT.jar:1.1.0-11689cd-SNAPSHOT]
	at org.apache.ratis.util.SlidingWindow$Server.receivedRequest(SlidingWindow.java:421) [ratis-common-1.1.0-11689cd-SNAPSHOT.jar:1.1.0-11689cd-SNAPSHOT]
	at org.apache.ratis.grpc.client.GrpcClientProtocolService$OrderedRequestStreamObserver.processClientRequest(GrpcClientProtocolService.java:358) [ratis-grpc-1.1.0-11689cd-SNAPSHOT.jar:1.1.0-11689cd-SNAPSHOT]
	at org.apache.ratis.grpc.client.GrpcClientProtocolService$RequestStreamObserver.onNext(GrpcClientProtocolService.java:248) [ratis-grpc-1.1.0-11689cd-SNAPSHOT.jar:1.1.0-11689cd-SNAPSHOT]
	at org.apache.ratis.grpc.client.GrpcClientProtocolService$RequestStreamObserver.onNext(GrpcClientProtocolService.java:171) [ratis-grpc-1.1.0-11689cd-SNAPSHOT.jar:1.1.0-11689cd-SNAPSHOT]
	at org.apache.ratis.thirdparty.io.grpc.stub.ServerCalls$StreamingServerCallHandler$StreamingServerCallListener.onMessage(ServerCalls.java:251) [ratis-thirdparty-misc-0.6.0-SNAPSHOT.jar:0.6.0-SNAPSHOT]
	at org.apache.ratis.thirdparty.io.grpc.ForwardingServerCallListener.onMessage(ForwardingServerCallListener.java:33) [ratis-thirdparty-misc-0.6.0-SNAPSHOT.jar:0.6.0-SNAPSHOT]
	at org.apache.ratis.thirdparty.io.grpc.internal.ServerCallImpl$ServerStreamListenerImpl.messagesAvailableInternal(ServerCallImpl.java:309) [ratis-thirdparty-misc-0.6.0-SNAPSHOT.jar:0.6.0-SNAPSHOT]
	at org.apache.ratis.thirdparty.io.grpc.internal.ServerCallImpl$ServerStreamListenerImpl.messagesAvailable(ServerCallImpl.java:292) [ratis-thirdparty-misc-0.6.0-SNAPSHOT.jar:0.6.0-SNAPSHOT]
	at org.apache.ratis.thirdparty.io.grpc.internal.ServerImpl$JumpToApplicationThreadServerStreamListener$1MessagesAvailable.runInContext(ServerImpl.java:783) [ratis-thirdparty-misc-0.6.0-SNAPSHOT.jar:0.6.0-SNAPSHOT]
	at org.apache.ratis.thirdparty.io.grpc.internal.ContextRunnable.run(ContextRunnable.java:37) [ratis-thirdparty-misc-0.6.0-SNAPSHOT.jar:0.6.0-SNAPSHOT]
	at org.apache.ratis.thirdparty.io.grpc.internal.SerializingExecutor.run(SerializingExecutor.java:123) [ratis-thirdparty-misc-0.6.0-SNAPSHOT.jar:0.6.0-SNAPSHOT]
	at java.util.concurrent.ThreadPoolExecutor.runWorker(ThreadPoolExecutor.java:1149) [?:1.8.0_232]
	at java.util.concurrent.ThreadPoolExecutor$Worker.run(ThreadPoolExecutor.java:624) [?:1.8.0_232]
	at java.lang.Thread.run(Thread.java:748) [?:1.8.0_232]
13:19:42.480 [grpc-default-executor-1] ERROR DNAudit - user=null | ip=null | op=PUT_BLOCK {blockData=[blockId=conID: 3 locID: 105050326962470918 bcsId: 0,size=400]} | ret=FAILURE
org.apache.hadoop.hdds.scm.container.common.helpers.ContainerNotOpenException: Container 3 in CLOSED state
	at org.apache.hadoop.ozone.container.common.impl.HddsDispatcher.validateContainerCommand(HddsDispatcher.java:484) ~[hadoop-hdds-container-service-1.1.0-SNAPSHOT.jar:?]
	at org.apache.hadoop.ozone.container.common.transport.server.ratis.ContainerStateMachine.startTransaction(ContainerStateMachine.java:319) ~[hadoop-hdds-container-service-1.1.0-SNAPSHOT.jar:?]
	at org.apache.ratis.server.impl.RaftServerImpl.submitClientRequestAsync(RaftServerImpl.java:684) ~[ratis-server-1.1.0-11689cd-SNAPSHOT.jar:1.1.0-11689cd-SNAPSHOT]
	at org.apache.ratis.server.impl.RaftServerProxy.lambda$submitClientRequestAsync$7(RaftServerProxy.java:341) ~[ratis-server-1.1.0-11689cd-SNAPSHOT.jar:1.1.0-11689cd-SNAPSHOT]
	at org.apache.ratis.server.impl.RaftServerProxy.lambda$null$5(RaftServerProxy.java:336) ~[ratis-server-1.1.0-11689cd-SNAPSHOT.jar:1.1.0-11689cd-SNAPSHOT]
	at org.apache.ratis.util.JavaUtils.callAsUnchecked(JavaUtils.java:109) ~[ratis-common-1.1.0-11689cd-SNAPSHOT.jar:1.1.0-11689cd-SNAPSHOT]
	at org.apache.ratis.server.impl.RaftServerProxy.lambda$submitRequest$6(RaftServerProxy.java:336) ~[ratis-server-1.1.0-11689cd-SNAPSHOT.jar:1.1.0-11689cd-SNAPSHOT]
	at java.util.concurrent.CompletableFuture.uniComposeStage(CompletableFuture.java:995) ~[?:1.8.0_232]
	at java.util.concurrent.CompletableFuture.thenCompose(CompletableFuture.java:2137) ~[?:1.8.0_232]
	at org.apache.ratis.server.impl.RaftServerProxy.submitRequest(RaftServerProxy.java:335) ~[ratis-server-1.1.0-11689cd-SNAPSHOT.jar:1.1.0-11689cd-SNAPSHOT]
	at org.apache.ratis.server.impl.RaftServerProxy.submitClientRequestAsync(RaftServerProxy.java:341) ~[ratis-server-1.1.0-11689cd-SNAPSHOT.jar:1.1.0-11689cd-SNAPSHOT]
	at org.apache.ratis.grpc.client.GrpcClientProtocolService$RequestStreamObserver.processClientRequest(GrpcClientProtocolService.java:228) ~[ratis-grpc-1.1.0-11689cd-SNAPSHOT.jar:1.1.0-11689cd-SNAPSHOT]
	at org.apache.ratis.grpc.client.GrpcClientProtocolService$OrderedRequestStreamObserver.processClientRequest(GrpcClientProtocolService.java:334) ~[ratis-grpc-1.1.0-11689cd-SNAPSHOT.jar:1.1.0-11689cd-SNAPSHOT]
	at org.apache.ratis.util.SlidingWindow$Server.processRequestsFromHead(SlidingWindow.java:429) [ratis-common-1.1.0-11689cd-SNAPSHOT.jar:1.1.0-11689cd-SNAPSHOT]
	at org.apache.ratis.util.SlidingWindow$Server.receivedRequest(SlidingWindow.java:421) [ratis-common-1.1.0-11689cd-SNAPSHOT.jar:1.1.0-11689cd-SNAPSHOT]
	at org.apache.ratis.grpc.client.GrpcClientProtocolService$OrderedRequestStreamObserver.processClientRequest(GrpcClientProtocolService.java:358) [ratis-grpc-1.1.0-11689cd-SNAPSHOT.jar:1.1.0-11689cd-SNAPSHOT]
	at org.apache.ratis.grpc.client.GrpcClientProtocolService$RequestStreamObserver.onNext(GrpcClientProtocolService.java:248) [ratis-grpc-1.1.0-11689cd-SNAPSHOT.jar:1.1.0-11689cd-SNAPSHOT]
	at org.apache.ratis.grpc.client.GrpcClientProtocolService$RequestStreamObserver.onNext(GrpcClientProtocolService.java:171) [ratis-grpc-1.1.0-11689cd-SNAPSHOT.jar:1.1.0-11689cd-SNAPSHOT]
	at org.apache.ratis.thirdparty.io.grpc.stub.ServerCalls$StreamingServerCallHandler$StreamingServerCallListener.onMessage(ServerCalls.java:251) [ratis-thirdparty-misc-0.6.0-SNAPSHOT.jar:0.6.0-SNAPSHOT]
	at org.apache.ratis.thirdparty.io.grpc.ForwardingServerCallListener.onMessage(ForwardingServerCallListener.java:33) [ratis-thirdparty-misc-0.6.0-SNAPSHOT.jar:0.6.0-SNAPSHOT]
	at org.apache.ratis.thirdparty.io.grpc.internal.ServerCallImpl$ServerStreamListenerImpl.messagesAvailableInternal(ServerCallImpl.java:309) [ratis-thirdparty-misc-0.6.0-SNAPSHOT.jar:0.6.0-SNAPSHOT]
	at org.apache.ratis.thirdparty.io.grpc.internal.ServerCallImpl$ServerStreamListenerImpl.messagesAvailable(ServerCallImpl.java:292) [ratis-thirdparty-misc-0.6.0-SNAPSHOT.jar:0.6.0-SNAPSHOT]
	at org.apache.ratis.thirdparty.io.grpc.internal.ServerImpl$JumpToApplicationThreadServerStreamListener$1MessagesAvailable.runInContext(ServerImpl.java:783) [ratis-thirdparty-misc-0.6.0-SNAPSHOT.jar:0.6.0-SNAPSHOT]
	at org.apache.ratis.thirdparty.io.grpc.internal.ContextRunnable.run(ContextRunnable.java:37) [ratis-thirdparty-misc-0.6.0-SNAPSHOT.jar:0.6.0-SNAPSHOT]
	at org.apache.ratis.thirdparty.io.grpc.internal.SerializingExecutor.run(SerializingExecutor.java:123) [ratis-thirdparty-misc-0.6.0-SNAPSHOT.jar:0.6.0-SNAPSHOT]
	at java.util.concurrent.ThreadPoolExecutor.runWorker(ThreadPoolExecutor.java:1149) [?:1.8.0_232]
	at java.util.concurrent.ThreadPoolExecutor$Worker.run(ThreadPoolExecutor.java:624) [?:1.8.0_232]
	at java.lang.Thread.run(Thread.java:748) [?:1.8.0_232]
2020-10-17 13:19:42,492 [grpc-default-executor-1] ERROR storage.BlockOutputStream (BlockOutputStream.java:lambda$writeChunkToContainer$3(685)) - writing chunk failed 105050326962470918_chunk_3 blockID conID: 3 locID: 105050326962470918 bcsId: 0 with exception org.apache.ratis.protocol.exceptions.StateMachineException: org.apache.hadoop.hdds.scm.container.common.helpers.ContainerNotOpenException from Server 839b407c-c1de-4b31-afbc-625e07034f6b@group-DC1924C565DB: Container 3 in CLOSED state
2020-10-17 13:19:42,499 [grpc-default-executor-1] ERROR storage.BlockOutputStream (BlockOutputStream.java:lambda$writeChunkToContainer$3(685)) - writing chunk failed 105050326962470918_chunk_4 blockID conID: 3 locID: 105050326962470918 bcsId: 0 with exception org.apache.ratis.protocol.exceptions.StateMachineException: org.apache.hadoop.hdds.scm.container.common.helpers.ContainerNotOpenException from Server 839b407c-c1de-4b31-afbc-625e07034f6b@group-DC1924C565DB: Container 3 in CLOSED state
2020-10-17 13:19:42,515 [Listener at 127.0.0.1/44403] INFO  io.BlockOutputStreamEntryPool (BlockOutputStreamEntryPool.java:allocateNewBlock(284)) - Allocating block with ExcludeList {datanodes = [], containerIds = [#1, #2, #3], pipelineIds = []}
2020-10-17 13:19:42,522 [Listener at 127.0.0.1/44403] INFO  metrics.RatisMetrics (RatisMetrics.java:lambda$create$0(36)) - Creating Metrics Registry : ratis.client_message_metrics.client-31540EB3E2D9->f316fc96-4c73-4899-90e3-c2d22b42fa63
2020-10-17 13:19:42,527 [grpc-default-executor-1] INFO  metrics.RatisMetrics (RatisMetrics.java:lambda$create$0(36)) - Creating Metrics Registry : ratis.server_message_metrics.f316fc96-4c73-4899-90e3-c2d22b42fa63
2020-10-17 13:19:42,607 [Listener at 127.0.0.1/44403] INFO  ozone.MiniOzoneClusterImpl (MiniOzoneClusterImpl.java:shutdown(387)) - Shutting down the Mini Ozone Cluster
2020-10-17 13:19:42,607 [Listener at 127.0.0.1/44403] INFO  ozone.MiniOzoneClusterImpl (MiniOzoneClusterImpl.java:stop(402)) - Stopping the Mini Ozone Cluster
2020-10-17 13:19:42,607 [Listener at 127.0.0.1/44403] INFO  ozone.MiniOzoneClusterImpl (MiniOzoneClusterImpl.java:stopOM(484)) - Stopping the OzoneManager
2020-10-17 13:19:42,608 [Listener at 127.0.0.1/44403] INFO  ipc.Server (Server.java:stop(3359)) - Stopping server on 44403
2020-10-17 13:19:42,610 [Listener at 127.0.0.1/44403] INFO  ratis.OzoneManagerDoubleBuffer (OzoneManagerDoubleBuffer.java:stop(458)) - Stopping OMDoubleBuffer flush thread
2020-10-17 13:19:42,610 [OMDoubleBufferFlushThread] INFO  ratis.OzoneManagerDoubleBuffer (OzoneManagerDoubleBuffer.java:flushTransactions(357)) - OMDoubleBuffer flush thread OMDoubleBufferFlushThread is interrupted and will exit. OMDoubleBufferFlushThread
2020-10-17 13:19:42,610 [IPC Server listener on 0] INFO  ipc.Server (Server.java:run(1330)) - Stopping IPC Server listener on 0
2020-10-17 13:19:42,610 [IPC Server Responder] INFO  ipc.Server (Server.java:run(1465)) - Stopping IPC Server Responder
2020-10-17 13:19:42,610 [Listener at 127.0.0.1/44403] INFO  utils.BackgroundService (BackgroundService.java:shutdown(132)) - Shutting down service KeyDeletingService
2020-10-17 13:19:42,612 [Listener at 127.0.0.1/44403] INFO  handler.ContextHandler (ContextHandler.java:doStop(1016)) - Stopped o.e.j.w.WebAppContext@468667a0{ozoneManager,/,null,UNAVAILABLE}{file:/github/workspace/mnt/ozone/hadoop-ozone/integration-test/target/test-classes/webapps/ozoneManager}
2020-10-17 13:19:42,615 [Listener at 127.0.0.1/44403] INFO  server.AbstractConnector (AbstractConnector.java:doStop(380)) - Stopped ServerConnector@a760efa{HTTP/1.1,[http/1.1]}{0.0.0.0:0}
2020-10-17 13:19:42,615 [Listener at 127.0.0.1/44403] INFO  server.session (HouseKeeper.java:stopScavenging(158)) - node0 Stopped scavenging
2020-10-17 13:19:42,615 [Listener at 127.0.0.1/44403] INFO  handler.ContextHandler (ContextHandler.java:doStop(1016)) - Stopped o.e.j.s.ServletContextHandler@48c66fa3{static,/static,file:///github/workspace/mnt/ozone/hadoop-ozone/integration-test/target/test-classes/webapps/static,UNAVAILABLE}
2020-10-17 13:19:42,615 [Listener at 127.0.0.1/44403] INFO  handler.ContextHandler (ContextHandler.java:doStop(1016)) - Stopped o.e.j.s.ServletContextHandler@7955d1a0{logs,/logs,file:///github/workspace/mnt/ozone/hadoop-ozone/integration-test/target/log,UNAVAILABLE}
2020-10-17 13:19:42,619 [Listener at 127.0.0.1/44403] INFO  ozone.MiniOzoneClusterImpl (MiniOzoneClusterImpl.java:stopDatanodes(461)) - Stopping the HddsDatanodes
2020-10-17 13:19:43,235 [Datanode State Machine Thread - 0] INFO  statemachine.DatanodeStateMachine (DatanodeStateMachine.java:lambda$startDaemon$0(405)) - Ozone container server started.
2020-10-17 13:19:43,283 [Datanode State Machine Thread - 0] INFO  statemachine.DatanodeStateMachine (DatanodeStateMachine.java:lambda$startDaemon$0(405)) - Ozone container server started.
2020-10-17 13:19:47,620 [ForkJoinPool.commonPool-worker-0] INFO  ozoneimpl.OzoneContainer (OzoneContainer.java:stop(259)) - Attempting to stop container services.
2020-10-17 13:19:47,620 [ForkJoinPool.commonPool-worker-0] INFO  impl.RaftServerProxy (RaftServerProxy.java:lambda$close$4(322)) - 4d0387a1-338f-4391-a649-fbe8c650d8a6: close
2020-10-17 13:19:47,620 [Listener at 127.0.0.1/44403] INFO  ozoneimpl.OzoneContainer (OzoneContainer.java:stop(259)) - Attempting to stop container services.
2020-10-17 13:19:47,621 [Listener at 127.0.0.1/44403] INFO  impl.RaftServerProxy (RaftServerProxy.java:lambda$close$4(322)) - 839b407c-c1de-4b31-afbc-625e07034f6b: close
2020-10-17 13:19:47,621 [Listener at 127.0.0.1/44403] INFO  impl.RaftServerImpl (RaftServerImpl.java:lambda$shutdown$3(321)) - 839b407c-c1de-4b31-afbc-625e07034f6b@group-3DCA05227E39: shutdown
2020-10-17 13:19:47,621 [Listener at 127.0.0.1/44403] INFO  util.JmxRegister (JmxRegister.java:unregister(73)) - Successfully un-registered JMX Bean with object name Ratis:service=RaftServer,group=group-3DCA05227E39,id=839b407c-c1de-4b31-afbc-625e07034f6b
2020-10-17 13:19:47,621 [Listener at 127.0.0.1/44403] INFO  impl.RoleInfo (RoleInfo.java:shutdownFollowerState(121)) - 839b407c-c1de-4b31-afbc-625e07034f6b: shutdown FollowerState
2020-10-17 13:19:47,621 [Listener at 127.0.0.1/44403] INFO  impl.StateMachineUpdater (StateMachineUpdater.java:stopAndJoin(142)) - 839b407c-c1de-4b31-afbc-625e07034f6b@group-3DCA05227E39-StateMachineUpdater: set stopIndex = 0
2020-10-17 13:19:47,620 [ForkJoinPool.commonPool-worker-0] INFO  impl.RaftServerImpl (RaftServerImpl.java:lambda$shutdown$3(321)) - 4d0387a1-338f-4391-a649-fbe8c650d8a6@group-62A0EEBC7A0D: shutdown
2020-10-17 13:19:47,622 [839b407c-c1de-4b31-afbc-625e07034f6b@group-3DCA05227E39-StateMachineUpdater] INFO  ratis.ContainerStateMachine (ContainerStateMachine.java:takeSnapshot(293)) - group-3DCA05227E39: Taking a snapshot at:(t:1, i:0) file /github/workspace/mnt/ozone/hadoop-ozone/integration-test/target/test-dir/MiniOzoneClusterImpl-1fb37825-3c8e-4fc8-8488-3a2a4659ec2d/datanode-4/data/ratis/8c8bfcf8-5246-4156-a6f3-3dca05227e39/sm/snapshot.1_0
2020-10-17 13:19:47,621 [Thread-643] INFO  impl.FollowerState (FollowerState.java:run(117)) - 839b407c-c1de-4b31-afbc-625e07034f6b@group-3DCA05227E39-FollowerState was interrupted: java.lang.InterruptedException: sleep interrupted
2020-10-17 13:19:47,622 [ForkJoinPool.commonPool-worker-0] INFO  util.JmxRegister (JmxRegister.java:unregister(73)) - Successfully un-registered JMX Bean with object name Ratis:service=RaftServer,group=group-62A0EEBC7A0D,id=4d0387a1-338f-4391-a649-fbe8c650d8a6
2020-10-17 13:19:47,623 [ForkJoinPool.commonPool-worker-0] INFO  impl.RoleInfo (RoleInfo.java:shutdownLeaderState(104)) - 4d0387a1-338f-4391-a649-fbe8c650d8a6: shutdown LeaderState
2020-10-17 13:19:47,623 [ForkJoinPool.commonPool-worker-0] INFO  impl.PendingRequests (PendingRequests.java:sendNotLeaderResponses(249)) - 4d0387a1-338f-4391-a649-fbe8c650d8a6@group-62A0EEBC7A0D-PendingRequests: sendNotLeaderResponses
2020-10-17 13:19:47,624 [839b407c-c1de-4b31-afbc-625e07034f6b@group-3DCA05227E39-StateMachineUpdater] INFO  ratis.ContainerStateMachine (ContainerStateMachine.java:takeSnapshot(304)) - group-3DCA05227E39: Finished taking a snapshot at:(t:1, i:0) file:/github/workspace/mnt/ozone/hadoop-ozone/integration-test/target/test-dir/MiniOzoneClusterImpl-1fb37825-3c8e-4fc8-8488-3a2a4659ec2d/datanode-4/data/ratis/8c8bfcf8-5246-4156-a6f3-3dca05227e39/sm/snapshot.1_0 time:3
2020-10-17 13:19:47,625 [839b407c-c1de-4b31-afbc-625e07034f6b@group-3DCA05227E39-StateMachineUpdater] INFO  impl.StateMachineUpdater (StateMachineUpdater.java:takeSnapshot(277)) - 839b407c-c1de-4b31-afbc-625e07034f6b@group-3DCA05227E39-StateMachineUpdater: Took a snapshot at index 0
2020-10-17 13:19:47,626 [839b407c-c1de-4b31-afbc-625e07034f6b@group-3DCA05227E39-StateMachineUpdater] INFO  impl.StateMachineUpdater (StateMachineUpdater.java:lambda$new$0(87)) - 839b407c-c1de-4b31-afbc-625e07034f6b@group-3DCA05227E39-StateMachineUpdater: snapshotIndex: updateIncreasingly -1 -> 0
2020-10-17 13:19:47,626 [ForkJoinPool.commonPool-worker-0] INFO  metrics.RatisMetrics (RatisMetrics.java:unregister(43)) - Unregistering Metrics Registry : ratis.log_appender.4d0387a1-338f-4391-a649-fbe8c650d8a6@group-62A0EEBC7A0D
2020-10-17 13:19:47,626 [ForkJoinPool.commonPool-worker-0] INFO  metrics.RatisMetrics (RatisMetrics.java:unregister(43)) - Unregistering Metrics Registry : ratis.server.4d0387a1-338f-4391-a649-fbe8c650d8a6@group-62A0EEBC7A0D
2020-10-17 13:19:47,627 [4d0387a1-338f-4391-a649-fbe8c650d8a6@group-62A0EEBC7A0D-StateMachineUpdater] INFO  ratis.ContainerStateMachine (ContainerStateMachine.java:takeSnapshot(293)) - group-62A0EEBC7A0D: Taking a snapshot at:(t:1, i:17) file /github/workspace/mnt/ozone/hadoop-ozone/integration-test/target/test-dir/MiniOzoneClusterImpl-1fb37825-3c8e-4fc8-8488-3a2a4659ec2d/datanode-1/data/ratis/4aff36c2-3182-4f54-977c-62a0eebc7a0d/sm/snapshot.1_17
2020-10-17 13:19:47,627 [ForkJoinPool.commonPool-worker-0] INFO  impl.StateMachineUpdater (StateMachineUpdater.java:stopAndJoin(142)) - 4d0387a1-338f-4391-a649-fbe8c650d8a6@group-62A0EEBC7A0D-StateMachineUpdater: set stopIndex = 17
2020-10-17 13:19:47,628 [839b407c-c1de-4b31-afbc-625e07034f6b@group-3DCA05227E39-StateMachineUpdater] INFO  metrics.RatisMetrics (RatisMetrics.java:unregister(43)) - Unregistering Metrics Registry : ratis.state_machine.839b407c-c1de-4b31-afbc-625e07034f6b@group-3DCA05227E39
2020-10-17 13:19:47,629 [4d0387a1-338f-4391-a649-fbe8c650d8a6@group-62A0EEBC7A0D-StateMachineUpdater] INFO  ratis.ContainerStateMachine (ContainerStateMachine.java:takeSnapshot(304)) - group-62A0EEBC7A0D: Finished taking a snapshot at:(t:1, i:17) file:/github/workspace/mnt/ozone/hadoop-ozone/integration-test/target/test-dir/MiniOzoneClusterImpl-1fb37825-3c8e-4fc8-8488-3a2a4659ec2d/datanode-1/data/ratis/4aff36c2-3182-4f54-977c-62a0eebc7a0d/sm/snapshot.1_17 time:2
2020-10-17 13:19:47,629 [4d0387a1-338f-4391-a649-fbe8c650d8a6@group-62A0EEBC7A0D-StateMachineUpdater] INFO  impl.StateMachineUpdater (StateMachineUpdater.java:takeSnapshot(277)) - 4d0387a1-338f-4391-a649-fbe8c650d8a6@group-62A0EEBC7A0D-StateMachineUpdater: Took a snapshot at index 17
2020-10-17 13:19:47,629 [4d0387a1-338f-4391-a649-fbe8c650d8a6@group-62A0EEBC7A0D-StateMachineUpdater] INFO  impl.StateMachineUpdater (StateMachineUpdater.java:lambda$new$0(87)) - 4d0387a1-338f-4391-a649-fbe8c650d8a6@group-62A0EEBC7A0D-StateMachineUpdater: snapshotIndex: updateIncreasingly -1 -> 17
2020-10-17 13:19:47,629 [4d0387a1-338f-4391-a649-fbe8c650d8a6@group-62A0EEBC7A0D-StateMachineUpdater] INFO  metrics.RatisMetrics (RatisMetrics.java:unregister(43)) - Unregistering Metrics Registry : ratis.state_machine.4d0387a1-338f-4391-a649-fbe8c650d8a6@group-62A0EEBC7A0D
2020-10-17 13:19:47,629 [ForkJoinPool.commonPool-worker-0] INFO  impl.RaftServerImpl (ServerState.java:close(405)) - 4d0387a1-338f-4391-a649-fbe8c650d8a6@group-62A0EEBC7A0D: closes. applyIndex: 17
2020-10-17 13:19:47,632 [4d0387a1-338f-4391-a649-fbe8c650d8a6@group-62A0EEBC7A0D-SegmentedRaftLogWorker] INFO  segmented.SegmentedRaftLogWorker (SegmentedRaftLogWorker.java:run(327)) - 4d0387a1-338f-4391-a649-fbe8c650d8a6@group-62A0EEBC7A0D-SegmentedRaftLogWorker was interrupted, exiting. There are 0 tasks remaining in the queue.
2020-10-17 13:19:47,632 [Listener at 127.0.0.1/44403] INFO  impl.RaftServerImpl (ServerState.java:close(405)) - 839b407c-c1de-4b31-afbc-625e07034f6b@group-3DCA05227E39: closes. applyIndex: 0
2020-10-17 13:19:47,633 [ForkJoinPool.commonPool-worker-0] INFO  segmented.SegmentedRaftLogWorker (SegmentedRaftLogWorker.java:close(234)) - 4d0387a1-338f-4391-a649-fbe8c650d8a6@group-62A0EEBC7A0D-SegmentedRaftLogWorker close()
2020-10-17 13:19:47,635 [ForkJoinPool.commonPool-worker-0] INFO  metrics.RatisMetrics (RatisMetrics.java:unregister(43)) - Unregistering Metrics Registry : ratis.log_worker.4d0387a1-338f-4391-a649-fbe8c650d8a6@group-62A0EEBC7A0D
2020-10-17 13:19:47,635 [ForkJoinPool.commonPool-worker-0] INFO  metrics.RatisMetrics (RatisMetrics.java:unregister(43)) - Unregistering Metrics Registry : ratis.leader_election.4d0387a1-338f-4391-a649-fbe8c650d8a6@group-62A0EEBC7A0D
2020-10-17 13:19:47,635 [ForkJoinPool.commonPool-worker-0] INFO  metrics.RatisMetrics (RatisMetrics.java:unregister(43)) - Unregistering Metrics Registry : ratis.server.4d0387a1-338f-4391-a649-fbe8c650d8a6@group-62A0EEBC7A0D
2020-10-17 13:19:47,635 [ForkJoinPool.commonPool-worker-0] INFO  impl.RaftServerImpl (RaftServerImpl.java:lambda$shutdown$3(321)) - 4d0387a1-338f-4391-a649-fbe8c650d8a6@group-E59B6B815161: shutdown
2020-10-17 13:19:47,635 [ForkJoinPool.commonPool-worker-0] INFO  util.JmxRegister (JmxRegister.java:unregister(73)) - Successfully un-registered JMX Bean with object name Ratis:service=RaftServer,group=group-E59B6B815161,id=4d0387a1-338f-4391-a649-fbe8c650d8a6
2020-10-17 13:19:47,636 [ForkJoinPool.commonPool-worker-0] INFO  impl.RoleInfo (RoleInfo.java:shutdownFollowerState(121)) - 4d0387a1-338f-4391-a649-fbe8c650d8a6: shutdown FollowerState
2020-10-17 13:19:47,636 [ForkJoinPool.commonPool-worker-0] INFO  impl.StateMachineUpdater (StateMachineUpdater.java:stopAndJoin(142)) - 4d0387a1-338f-4391-a649-fbe8c650d8a6@group-E59B6B815161-StateMachineUpdater: set stopIndex = 0
2020-10-17 13:19:47,636 [Thread-627] INFO  impl.FollowerState (FollowerState.java:run(117)) - 4d0387a1-338f-4391-a649-fbe8c650d8a6@group-E59B6B815161-FollowerState was interrupted: java.lang.InterruptedException: sleep interrupted
2020-10-17 13:19:47,636 [4d0387a1-338f-4391-a649-fbe8c650d8a6@group-E59B6B815161-StateMachineUpdater] INFO  ratis.ContainerStateMachine (ContainerStateMachine.java:takeSnapshot(293)) - group-E59B6B815161: Taking a snapshot at:(t:1, i:0) file /github/workspace/mnt/ozone/hadoop-ozone/integration-test/target/test-dir/MiniOzoneClusterImpl-1fb37825-3c8e-4fc8-8488-3a2a4659ec2d/datanode-1/data/ratis/0f2ca59a-2891-493e-ab0f-e59b6b815161/sm/snapshot.1_0
2020-10-17 13:19:47,636 [839b407c-c1de-4b31-afbc-625e07034f6b@group-3DCA05227E39-SegmentedRaftLogWorker] INFO  segmented.SegmentedRaftLogWorker (SegmentedRaftLogWorker.java:run(327)) - 839b407c-c1de-4b31-afbc-625e07034f6b@group-3DCA05227E39-SegmentedRaftLogWorker was interrupted, exiting. There are 0 tasks remaining in the queue.
2020-10-17 13:19:47,637 [4d0387a1-338f-4391-a649-fbe8c650d8a6@group-E59B6B815161-StateMachineUpdater] INFO  ratis.ContainerStateMachine (ContainerStateMachine.java:takeSnapshot(304)) - group-E59B6B815161: Finished taking a snapshot at:(t:1, i:0) file:/github/workspace/mnt/ozone/hadoop-ozone/integration-test/target/test-dir/MiniOzoneClusterImpl-1fb37825-3c8e-4fc8-8488-3a2a4659ec2d/datanode-1/data/ratis/0f2ca59a-2891-493e-ab0f-e59b6b815161/sm/snapshot.1_0 time:1
2020-10-17 13:19:47,638 [4d0387a1-338f-4391-a649-fbe8c650d8a6@group-E59B6B815161-StateMachineUpdater] INFO  impl.StateMachineUpdater (StateMachineUpdater.java:takeSnapshot(277)) - 4d0387a1-338f-4391-a649-fbe8c650d8a6@group-E59B6B815161-StateMachineUpdater: Took a snapshot at index 0
2020-10-17 13:19:47,638 [4d0387a1-338f-4391-a649-fbe8c650d8a6@group-E59B6B815161-StateMachineUpdater] INFO  impl.StateMachineUpdater (StateMachineUpdater.java:lambda$new$0(87)) - 4d0387a1-338f-4391-a649-fbe8c650d8a6@group-E59B6B815161-StateMachineUpdater: snapshotIndex: updateIncreasingly -1 -> 0
2020-10-17 13:19:47,638 [4d0387a1-338f-4391-a649-fbe8c650d8a6@group-E59B6B815161-StateMachineUpdater] INFO  metrics.RatisMetrics (RatisMetrics.java:unregister(43)) - Unregistering Metrics Registry : ratis.state_machine.4d0387a1-338f-4391-a649-fbe8c650d8a6@group-E59B6B815161
2020-10-17 13:19:47,638 [ForkJoinPool.commonPool-worker-0] INFO  impl.RaftServerImpl (ServerState.java:close(405)) - 4d0387a1-338f-4391-a649-fbe8c650d8a6@group-E59B6B815161: closes. applyIndex: 0
2020-10-17 13:19:47,638 [Listener at 127.0.0.1/44403] INFO  segmented.SegmentedRaftLogWorker (SegmentedRaftLogWorker.java:close(234)) - 839b407c-c1de-4b31-afbc-625e07034f6b@group-3DCA05227E39-SegmentedRaftLogWorker close()
2020-10-17 13:19:47,638 [4d0387a1-338f-4391-a649-fbe8c650d8a6@group-E59B6B815161-SegmentedRaftLogWorker] INFO  segmented.SegmentedRaftLogWorker (SegmentedRaftLogWorker.java:run(327)) - 4d0387a1-338f-4391-a649-fbe8c650d8a6@group-E59B6B815161-SegmentedRaftLogWorker was interrupted, exiting. There are 0 tasks remaining in the queue.
2020-10-17 13:19:47,639 [ForkJoinPool.commonPool-worker-0] INFO  segmented.SegmentedRaftLogWorker (SegmentedRaftLogWorker.java:close(234)) - 4d0387a1-338f-4391-a649-fbe8c650d8a6@group-E59B6B815161-SegmentedRaftLogWorker close()
2020-10-17 13:19:47,639 [Listener at 127.0.0.1/44403] INFO  metrics.RatisMetrics (RatisMetrics.java:unregister(43)) - Unregistering Metrics Registry : ratis.log_worker.839b407c-c1de-4b31-afbc-625e07034f6b@group-3DCA05227E39
2020-10-17 13:19:47,639 [Listener at 127.0.0.1/44403] INFO  metrics.RatisMetrics (RatisMetrics.java:unregister(43)) - Unregistering Metrics Registry : ratis.leader_election.839b407c-c1de-4b31-afbc-625e07034f6b@group-3DCA05227E39
2020-10-17 13:19:47,640 [Listener at 127.0.0.1/44403] INFO  metrics.RatisMetrics (RatisMetrics.java:unregister(43)) - Unregistering Metrics Registry : ratis.server.839b407c-c1de-4b31-afbc-625e07034f6b@group-3DCA05227E39
2020-10-17 13:19:47,640 [Listener at 127.0.0.1/44403] INFO  impl.RaftServerImpl (RaftServerImpl.java:lambda$shutdown$3(321)) - 839b407c-c1de-4b31-afbc-625e07034f6b@group-DC1924C565DB: shutdown
2020-10-17 13:19:47,640 [Listener at 127.0.0.1/44403] INFO  util.JmxRegister (JmxRegister.java:unregister(73)) - Successfully un-registered JMX Bean with object name Ratis:service=RaftServer,group=group-DC1924C565DB,id=839b407c-c1de-4b31-afbc-625e07034f6b
2020-10-17 13:19:47,640 [Listener at 127.0.0.1/44403] INFO  impl.RoleInfo (RoleInfo.java:shutdownLeaderState(104)) - 839b407c-c1de-4b31-afbc-625e07034f6b: shutdown LeaderState
2020-10-17 13:19:47,640 [Listener at 127.0.0.1/44403] INFO  impl.PendingRequests (PendingRequests.java:sendNotLeaderResponses(249)) - 839b407c-c1de-4b31-afbc-625e07034f6b@group-DC1924C565DB-PendingRequests: sendNotLeaderResponses
2020-10-17 13:19:47,641 [ForkJoinPool.commonPool-worker-0] INFO  metrics.RatisMetrics (RatisMetrics.java:unregister(43)) - Unregistering Metrics Registry : ratis.log_worker.4d0387a1-338f-4391-a649-fbe8c650d8a6@group-E59B6B815161
2020-10-17 13:19:47,641 [ForkJoinPool.commonPool-worker-0] INFO  metrics.RatisMetrics (RatisMetrics.java:unregister(43)) - Unregistering Metrics Registry : ratis.leader_election.4d0387a1-338f-4391-a649-fbe8c650d8a6@group-E59B6B815161
2020-10-17 13:19:47,641 [ForkJoinPool.commonPool-worker-0] INFO  metrics.RatisMetrics (RatisMetrics.java:unregister(43)) - Unregistering Metrics Registry : ratis.server.4d0387a1-338f-4391-a649-fbe8c650d8a6@group-E59B6B815161
2020-10-17 13:19:47,642 [ForkJoinPool.commonPool-worker-0] INFO  server.GrpcService (GrpcService.java:closeImpl(183)) - 4d0387a1-338f-4391-a649-fbe8c650d8a6: shutdown server with port 39961 now
2020-10-17 13:19:47,643 [Listener at 127.0.0.1/44403] INFO  metrics.RatisMetrics (RatisMetrics.java:unregister(43)) - Unregistering Metrics Registry : ratis.log_appender.839b407c-c1de-4b31-afbc-625e07034f6b@group-DC1924C565DB
2020-10-17 13:19:47,643 [Listener at 127.0.0.1/44403] INFO  metrics.RatisMetrics (RatisMetrics.java:unregister(43)) - Unregistering Metrics Registry : ratis.server.839b407c-c1de-4b31-afbc-625e07034f6b@group-DC1924C565DB
2020-10-17 13:19:47,644 [839b407c-c1de-4b31-afbc-625e07034f6b@group-DC1924C565DB-StateMachineUpdater] INFO  ratis.ContainerStateMachine (ContainerStateMachine.java:takeSnapshot(293)) - group-DC1924C565DB: Taking a snapshot at:(t:1, i:4) file /github/workspace/mnt/ozone/hadoop-ozone/integration-test/target/test-dir/MiniOzoneClusterImpl-1fb37825-3c8e-4fc8-8488-3a2a4659ec2d/datanode-4/data/ratis/b134bc6e-4347-4a4c-87bc-dc1924c565db/sm/snapshot.1_4
2020-10-17 13:19:47,644 [Listener at 127.0.0.1/44403] INFO  impl.StateMachineUpdater (StateMachineUpdater.java:stopAndJoin(142)) - 839b407c-c1de-4b31-afbc-625e07034f6b@group-DC1924C565DB-StateMachineUpdater: set stopIndex = 4
2020-10-17 13:19:47,645 [839b407c-c1de-4b31-afbc-625e07034f6b@group-DC1924C565DB-StateMachineUpdater] INFO  ratis.ContainerStateMachine (ContainerStateMachine.java:takeSnapshot(304)) - group-DC1924C565DB: Finished taking a snapshot at:(t:1, i:4) file:/github/workspace/mnt/ozone/hadoop-ozone/integration-test/target/test-dir/MiniOzoneClusterImpl-1fb37825-3c8e-4fc8-8488-3a2a4659ec2d/datanode-4/data/ratis/b134bc6e-4347-4a4c-87bc-dc1924c565db/sm/snapshot.1_4 time:2
2020-10-17 13:19:47,648 [grpc-default-executor-2] WARN  server.GrpcServerProtocolService (LogUtils.java:warn(122)) - 4d0387a1-338f-4391-a649-fbe8c650d8a6: installSnapshot onError, lastRequest: 114e5e52-b703-412c-a818-7058292f97fd->4d0387a1-338f-4391-a649-fbe8c650d8a6#1-t1, previous=(t:0, i:0), leaderCommit=0, initializing? false, entries: size=1, first=(t:1, i:0), CONFIGURATIONENTRY: org.apache.ratis.thirdparty.io.grpc.StatusRuntimeException: CANCELLED: cancelled before receiving half close
2020-10-17 13:19:47,648 [ForkJoinPool.commonPool-worker-0] INFO  server.GrpcService (GrpcService.java:closeImpl(191)) - 4d0387a1-338f-4391-a649-fbe8c650d8a6: shutdown server with port 39961 successfully
2020-10-17 13:19:47,653 [839b407c-c1de-4b31-afbc-625e07034f6b@group-DC1924C565DB-StateMachineUpdater] INFO  impl.StateMachineUpdater (StateMachineUpdater.java:takeSnapshot(277)) - 839b407c-c1de-4b31-afbc-625e07034f6b@group-DC1924C565DB-StateMachineUpdater: Took a snapshot at index 4
2020-10-17 13:19:47,653 [839b407c-c1de-4b31-afbc-625e07034f6b@group-DC1924C565DB-StateMachineUpdater] INFO  impl.StateMachineUpdater (StateMachineUpdater.java:lambda$new$0(87)) - 839b407c-c1de-4b31-afbc-625e07034f6b@group-DC1924C565DB-StateMachineUpdater: snapshotIndex: updateIncreasingly -1 -> 4
2020-10-17 13:19:47,653 [839b407c-c1de-4b31-afbc-625e07034f6b@group-DC1924C565DB-StateMachineUpdater] INFO  metrics.RatisMetrics (RatisMetrics.java:unregister(43)) - Unregistering Metrics Registry : ratis.state_machine.839b407c-c1de-4b31-afbc-625e07034f6b@group-DC1924C565DB
2020-10-17 13:19:47,653 [Listener at 127.0.0.1/44403] INFO  impl.RaftServerImpl (ServerState.java:close(405)) - 839b407c-c1de-4b31-afbc-625e07034f6b@group-DC1924C565DB: closes. applyIndex: 4
2020-10-17 13:19:47,653 [839b407c-c1de-4b31-afbc-625e07034f6b@group-DC1924C565DB-SegmentedRaftLogWorker] INFO  segmented.SegmentedRaftLogWorker (SegmentedRaftLogWorker.java:run(327)) - 839b407c-c1de-4b31-afbc-625e07034f6b@group-DC1924C565DB-SegmentedRaftLogWorker was interrupted, exiting. There are 0 tasks remaining in the queue.
2020-10-17 13:19:47,663 [ForkJoinPool.commonPool-worker-0] INFO  utils.BackgroundService (BackgroundService.java:shutdown(132)) - Shutting down service BlockDeletingService
2020-10-17 13:19:47,662 [grpc-default-executor-4] WARN  server.GrpcLogAppender (LogUtils.java:warn(122)) - 114e5e52-b703-412c-a818-7058292f97fd@group-E59B6B815161->4d0387a1-338f-4391-a649-fbe8c650d8a6-AppendLogResponseHandler: Failed appendEntries: org.apache.ratis.thirdparty.io.grpc.StatusRuntimeException: CANCELLED: HTTP/2 error code: CANCEL
Received Rst Stream
2020-10-17 13:19:47,664 [grpc-default-executor-4] WARN  server.GrpcLogAppender (GrpcLogAppender.java:resetClient(107)) - 114e5e52-b703-412c-a818-7058292f97fd@group-E59B6B815161->4d0387a1-338f-4391-a649-fbe8c650d8a6-GrpcLogAppender: Leader has not got in touch with Follower 114e5e52-b703-412c-a818-7058292f97fd@group-E59B6B815161->4d0387a1-338f-4391-a649-fbe8c650d8a6(c0,m0,n1, attendVote=true, lastRpcSendTime=1003, lastRpcResponseTime=1001) yet, just keep nextIndex unchanged and retry.
2020-10-17 13:19:47,664 [Listener at 127.0.0.1/44403] INFO  segmented.SegmentedRaftLogWorker (SegmentedRaftLogWorker.java:close(234)) - 839b407c-c1de-4b31-afbc-625e07034f6b@group-DC1924C565DB-SegmentedRaftLogWorker close()
2020-10-17 13:19:47,666 [Listener at 127.0.0.1/44403] INFO  metrics.RatisMetrics (RatisMetrics.java:unregister(43)) - Unregistering Metrics Registry : ratis.log_worker.839b407c-c1de-4b31-afbc-625e07034f6b@group-DC1924C565DB
2020-10-17 13:19:47,666 [Listener at 127.0.0.1/44403] INFO  metrics.RatisMetrics (RatisMetrics.java:unregister(43)) - Unregistering Metrics Registry : ratis.leader_election.839b407c-c1de-4b31-afbc-625e07034f6b@group-DC1924C565DB
2020-10-17 13:19:47,666 [Listener at 127.0.0.1/44403] INFO  metrics.RatisMetrics (RatisMetrics.java:unregister(43)) - Unregistering Metrics Registry : ratis.server.839b407c-c1de-4b31-afbc-625e07034f6b@group-DC1924C565DB
2020-10-17 13:19:47,666 [Listener at 127.0.0.1/44403] INFO  server.GrpcService (GrpcService.java:closeImpl(183)) - 839b407c-c1de-4b31-afbc-625e07034f6b: shutdown server with port 39563 now
2020-10-17 13:19:47,667 [ForkJoinPool.commonPool-worker-0] INFO  statemachine.DatanodeStateMachine (DatanodeStateMachine.java:stopDaemon(453)) - Ozone container server stopped.
2020-10-17 13:19:47,678 [grpc-default-executor-2] WARN  server.GrpcServerProtocolService (LogUtils.java:warn(122)) - 839b407c-c1de-4b31-afbc-625e07034f6b: installSnapshot onError, lastRequest: f316fc96-4c73-4899-90e3-c2d22b42fa63->839b407c-c1de-4b31-afbc-625e07034f6b#1-t1, previous=(t:0, i:0), leaderCommit=0, initializing? false, entries: size=1, first=(t:1, i:0), CONFIGURATIONENTRY: org.apache.ratis.thirdparty.io.grpc.StatusRuntimeException: CANCELLED: cancelled before receiving half close
2020-10-17 13:19:47,678 [Listener at 127.0.0.1/44403] INFO  server.GrpcService (GrpcService.java:closeImpl(191)) - 839b407c-c1de-4b31-afbc-625e07034f6b: shutdown server with port 39563 successfully
2020-10-17 13:19:47,678 [grpc-default-executor-1] WARN  server.GrpcLogAppender (LogUtils.java:warn(122)) - f316fc96-4c73-4899-90e3-c2d22b42fa63@group-3DCA05227E39->839b407c-c1de-4b31-afbc-625e07034f6b-AppendLogResponseHandler: Failed appendEntries: org.apache.ratis.thirdparty.io.grpc.StatusRuntimeException: CANCELLED: HTTP/2 error code: CANCEL
Received Rst Stream
2020-10-17 13:19:47,678 [grpc-default-executor-1] WARN  server.GrpcLogAppender (GrpcLogAppender.java:resetClient(107)) - f316fc96-4c73-4899-90e3-c2d22b42fa63@group-3DCA05227E39->839b407c-c1de-4b31-afbc-625e07034f6b-GrpcLogAppender: Leader has not got in touch with Follower f316fc96-4c73-4899-90e3-c2d22b42fa63@group-3DCA05227E39->839b407c-c1de-4b31-afbc-625e07034f6b(c0,m0,n1, attendVote=true, lastRpcSendTime=500, lastRpcResponseTime=497) yet, just keep nextIndex unchanged and retry.
2020-10-17 13:19:47,679 [ForkJoinPool.commonPool-worker-0] INFO  handler.ContextHandler (ContextHandler.java:doStop(1016)) - Stopped o.e.j.w.WebAppContext@6e50d2ae{hddsDatanode,/,null,UNAVAILABLE}{jar:file:/home/user/.m2/repository/org/apache/hadoop/hadoop-hdds-container-service/1.1.0-SNAPSHOT/hadoop-hdds-container-service-1.1.0-SNAPSHOT.jar!/webapps/hddsDatanode}
2020-10-17 13:19:47,680 [Listener at 127.0.0.1/44403] INFO  utils.BackgroundService (BackgroundService.java:shutdown(132)) - Shutting down service BlockDeletingService
2020-10-17 13:19:47,683 [Listener at 127.0.0.1/44403] INFO  statemachine.DatanodeStateMachine (DatanodeStateMachine.java:stopDaemon(453)) - Ozone container server stopped.
2020-10-17 13:19:47,690 [Listener at 127.0.0.1/44403] INFO  handler.ContextHandler (ContextHandler.java:doStop(1016)) - Stopped o.e.j.w.WebAppContext@2ad70649{hddsDatanode,/,null,UNAVAILABLE}{jar:file:/home/user/.m2/repository/org/apache/hadoop/hadoop-hdds-container-service/1.1.0-SNAPSHOT/hadoop-hdds-container-service-1.1.0-SNAPSHOT.jar!/webapps/hddsDatanode}
2020-10-17 13:19:47,691 [ForkJoinPool.commonPool-worker-0] INFO  server.AbstractConnector (AbstractConnector.java:doStop(380)) - Stopped ServerConnector@734484d9{HTTP/1.1,[http/1.1]}{0.0.0.0:0}
2020-10-17 13:19:47,691 [ForkJoinPool.commonPool-worker-0] INFO  server.session (HouseKeeper.java:stopScavenging(158)) - node0 Stopped scavenging
2020-10-17 13:19:47,692 [ForkJoinPool.commonPool-worker-0] INFO  handler.ContextHandler (ContextHandler.java:doStop(1016)) - Stopped o.e.j.s.ServletContextHandler@50c0a739{static,/static,jar:file:/home/user/.m2/repository/org/apache/hadoop/hadoop-hdds-container-service/1.1.0-SNAPSHOT/hadoop-hdds-container-service-1.1.0-SNAPSHOT.jar!/webapps/static,UNAVAILABLE}
2020-10-17 13:19:47,701 [ForkJoinPool.commonPool-worker-0] INFO  handler.ContextHandler (ContextHandler.java:doStop(1016)) - Stopped o.e.j.s.ServletContextHandler@117f1a33{logs,/logs,file:///github/workspace/mnt/ozone/hadoop-ozone/integration-test/target/log,UNAVAILABLE}
2020-10-17 13:19:47,702 [Listener at 127.0.0.1/44403] INFO  server.AbstractConnector (AbstractConnector.java:doStop(380)) - Stopped ServerConnector@c2bbeef{HTTP/1.1,[http/1.1]}{0.0.0.0:0}
2020-10-17 13:19:47,702 [Listener at 127.0.0.1/44403] INFO  server.session (HouseKeeper.java:stopScavenging(158)) - node0 Stopped scavenging
2020-10-17 13:19:47,703 [Listener at 127.0.0.1/44403] INFO  handler.ContextHandler (ContextHandler.java:doStop(1016)) - Stopped o.e.j.s.ServletContextHandler@7f8cbfdd{static,/static,jar:file:/home/user/.m2/repository/org/apache/hadoop/hadoop-hdds-container-service/1.1.0-SNAPSHOT/hadoop-hdds-container-service-1.1.0-SNAPSHOT.jar!/webapps/static,UNAVAILABLE}
2020-10-17 13:19:47,703 [Listener at 127.0.0.1/44403] INFO  handler.ContextHandler (ContextHandler.java:doStop(1016)) - Stopped o.e.j.s.ServletContextHandler@250e1c37{logs,/logs,file:///github/workspace/mnt/ozone/hadoop-ozone/integration-test/target/log,UNAVAILABLE}
2020-10-17 13:19:48,330 [Datanode State Machine Thread - 0] INFO  statemachine.DatanodeStateMachine (DatanodeStateMachine.java:lambda$startDaemon$0(405)) - Ozone container server started.
2020-10-17 13:19:48,573 [Datanode State Machine Thread - 0] INFO  statemachine.DatanodeStateMachine (DatanodeStateMachine.java:lambda$startDaemon$0(405)) - Ozone container server started.
2020-10-17 13:19:49,164 [grpc-default-executor-4] WARN  server.GrpcLogAppender (LogUtils.java:warn(122)) - 114e5e52-b703-412c-a818-7058292f97fd@group-E59B6B815161->4d0387a1-338f-4391-a649-fbe8c650d8a6-AppendLogResponseHandler: Failed appendEntries: org.apache.ratis.thirdparty.io.grpc.StatusRuntimeException: UNAVAILABLE: io exception
2020-10-17 13:19:49,164 [grpc-default-executor-4] WARN  server.GrpcLogAppender (GrpcLogAppender.java:resetClient(107)) - 114e5e52-b703-412c-a818-7058292f97fd@group-E59B6B815161->4d0387a1-338f-4391-a649-fbe8c650d8a6-GrpcLogAppender: Leader has not got in touch with Follower 114e5e52-b703-412c-a818-7058292f97fd@group-E59B6B815161->4d0387a1-338f-4391-a649-fbe8c650d8a6(c0,m0,n1, attendVote=true, lastRpcSendTime=1, lastRpcResponseTime=2502) yet, just keep nextIndex unchanged and retry.
2020-10-17 13:19:49,683 [grpc-default-executor-2] WARN  server.GrpcLogAppender (LogUtils.java:warn(122)) - f316fc96-4c73-4899-90e3-c2d22b42fa63@group-3DCA05227E39->839b407c-c1de-4b31-afbc-625e07034f6b-AppendLogResponseHandler: Failed appendEntries: org.apache.ratis.thirdparty.io.grpc.StatusRuntimeException: UNAVAILABLE: io exception
2020-10-17 13:19:49,683 [grpc-default-executor-2] WARN  server.GrpcLogAppender (GrpcLogAppender.java:resetClient(107)) - f316fc96-4c73-4899-90e3-c2d22b42fa63@group-3DCA05227E39->839b407c-c1de-4b31-afbc-625e07034f6b-GrpcLogAppender: Leader has not got in touch with Follower f316fc96-4c73-4899-90e3-c2d22b42fa63@group-3DCA05227E39->839b407c-c1de-4b31-afbc-625e07034f6b(c0,m0,n1, attendVote=true, lastRpcSendTime=1, lastRpcResponseTime=2502) yet, just keep nextIndex unchanged and retry.
2020-10-17 13:19:51,664 [grpc-default-executor-2] WARN  server.GrpcLogAppender (LogUtils.java:warn(122)) - 114e5e52-b703-412c-a818-7058292f97fd@group-E59B6B815161->4d0387a1-338f-4391-a649-fbe8c650d8a6-AppendLogResponseHandler: Failed appendEntries: org.apache.ratis.thirdparty.io.grpc.StatusRuntimeException: UNAVAILABLE: io exception
2020-10-17 13:19:51,665 [grpc-default-executor-2] WARN  server.GrpcLogAppender (GrpcLogAppender.java:resetClient(107)) - 114e5e52-b703-412c-a818-7058292f97fd@group-E59B6B815161->4d0387a1-338f-4391-a649-fbe8c650d8a6-GrpcLogAppender: Leader has not got in touch with Follower 114e5e52-b703-412c-a818-7058292f97fd@group-E59B6B815161->4d0387a1-338f-4391-a649-fbe8c650d8a6(c0,m0,n1, attendVote=true, lastRpcSendTime=0, lastRpcResponseTime=5003) yet, just keep nextIndex unchanged and retry.
2020-10-17 13:19:52,183 [grpc-default-executor-2] WARN  server.GrpcLogAppender (LogUtils.java:warn(122)) - f316fc96-4c73-4899-90e3-c2d22b42fa63@group-3DCA05227E39->839b407c-c1de-4b31-afbc-625e07034f6b-AppendLogResponseHandler: Failed appendEntries: org.apache.ratis.thirdparty.io.grpc.StatusRuntimeException: UNAVAILABLE: io exception
2020-10-17 13:19:52,183 [grpc-default-executor-2] WARN  server.GrpcLogAppender (GrpcLogAppender.java:resetClient(107)) - f316fc96-4c73-4899-90e3-c2d22b42fa63@group-3DCA05227E39->839b407c-c1de-4b31-afbc-625e07034f6b-GrpcLogAppender: Leader has not got in touch with Follower f316fc96-4c73-4899-90e3-c2d22b42fa63@group-3DCA05227E39->839b407c-c1de-4b31-afbc-625e07034f6b(c0,m0,n1, attendVote=true, lastRpcSendTime=0, lastRpcResponseTime=5002) yet, just keep nextIndex unchanged and retry.
2020-10-17 13:19:52,703 [ForkJoinPool.commonPool-worker-0] INFO  ozoneimpl.OzoneContainer (OzoneContainer.java:stop(259)) - Attempting to stop container services.
2020-10-17 13:19:52,704 [ForkJoinPool.commonPool-worker-0] INFO  impl.RaftServerProxy (RaftServerProxy.java:lambda$close$4(322)) - 9663c21e-f1e0-4b75-bb8d-ff806c3ee59e: close
2020-10-17 13:19:52,704 [ForkJoinPool.commonPool-worker-0] INFO  impl.RaftServerImpl (RaftServerImpl.java:lambda$shutdown$3(321)) - 9663c21e-f1e0-4b75-bb8d-ff806c3ee59e@group-938506AD8350: shutdown
2020-10-17 13:19:52,704 [ForkJoinPool.commonPool-worker-0] INFO  util.JmxRegister (JmxRegister.java:unregister(73)) - Successfully un-registered JMX Bean with object name Ratis:service=RaftServer,group=group-938506AD8350,id=9663c21e-f1e0-4b75-bb8d-ff806c3ee59e
2020-10-17 13:19:52,704 [ForkJoinPool.commonPool-worker-0] INFO  impl.RoleInfo (RoleInfo.java:shutdownLeaderState(104)) - 9663c21e-f1e0-4b75-bb8d-ff806c3ee59e: shutdown LeaderState
2020-10-17 13:19:52,704 [ForkJoinPool.commonPool-worker-0] INFO  impl.PendingRequests (PendingRequests.java:sendNotLeaderResponses(249)) - 9663c21e-f1e0-4b75-bb8d-ff806c3ee59e@group-938506AD8350-PendingRequests: sendNotLeaderResponses
2020-10-17 13:19:52,704 [ForkJoinPool.commonPool-worker-0] INFO  metrics.RatisMetrics (RatisMetrics.java:unregister(43)) - Unregistering Metrics Registry : ratis.log_appender.9663c21e-f1e0-4b75-bb8d-ff806c3ee59e@group-938506AD8350
2020-10-17 13:19:52,705 [ForkJoinPool.commonPool-worker-0] INFO  metrics.RatisMetrics (RatisMetrics.java:unregister(43)) - Unregistering Metrics Registry : ratis.server.9663c21e-f1e0-4b75-bb8d-ff806c3ee59e@group-938506AD8350
2020-10-17 13:19:52,705 [ForkJoinPool.commonPool-worker-0] INFO  impl.StateMachineUpdater (StateMachineUpdater.java:stopAndJoin(142)) - 9663c21e-f1e0-4b75-bb8d-ff806c3ee59e@group-938506AD8350-StateMachineUpdater: set stopIndex = 0
2020-10-17 13:19:52,706 [9663c21e-f1e0-4b75-bb8d-ff806c3ee59e@group-938506AD8350-StateMachineUpdater] INFO  ratis.ContainerStateMachine (ContainerStateMachine.java:takeSnapshot(293)) - group-938506AD8350: Taking a snapshot at:(t:1, i:0) file /github/workspace/mnt/ozone/hadoop-ozone/integration-test/target/test-dir/MiniOzoneClusterImpl-1fb37825-3c8e-4fc8-8488-3a2a4659ec2d/datanode-2/data/ratis/af98ae6a-50b9-4280-8a27-938506ad8350/sm/snapshot.1_0
2020-10-17 13:19:52,707 [9663c21e-f1e0-4b75-bb8d-ff806c3ee59e@group-938506AD8350-StateMachineUpdater] INFO  ratis.ContainerStateMachine (ContainerStateMachine.java:takeSnapshot(304)) - group-938506AD8350: Finished taking a snapshot at:(t:1, i:0) file:/github/workspace/mnt/ozone/hadoop-ozone/integration-test/target/test-dir/MiniOzoneClusterImpl-1fb37825-3c8e-4fc8-8488-3a2a4659ec2d/datanode-2/data/ratis/af98ae6a-50b9-4280-8a27-938506ad8350/sm/snapshot.1_0 time:2
2020-10-17 13:19:52,708 [9663c21e-f1e0-4b75-bb8d-ff806c3ee59e@group-938506AD8350-StateMachineUpdater] INFO  impl.StateMachineUpdater (StateMachineUpdater.java:takeSnapshot(277)) - 9663c21e-f1e0-4b75-bb8d-ff806c3ee59e@group-938506AD8350-StateMachineUpdater: Took a snapshot at index 0
2020-10-17 13:19:52,708 [9663c21e-f1e0-4b75-bb8d-ff806c3ee59e@group-938506AD8350-StateMachineUpdater] INFO  impl.StateMachineUpdater (StateMachineUpdater.java:lambda$new$0(87)) - 9663c21e-f1e0-4b75-bb8d-ff806c3ee59e@group-938506AD8350-StateMachineUpdater: snapshotIndex: updateIncreasingly -1 -> 0
2020-10-17 13:19:52,708 [9663c21e-f1e0-4b75-bb8d-ff806c3ee59e@group-938506AD8350-StateMachineUpdater] INFO  metrics.RatisMetrics (RatisMetrics.java:unregister(43)) - Unregistering Metrics Registry : ratis.state_machine.9663c21e-f1e0-4b75-bb8d-ff806c3ee59e@group-938506AD8350
2020-10-17 13:19:52,708 [ForkJoinPool.commonPool-worker-0] INFO  impl.RaftServerImpl (ServerState.java:close(405)) - 9663c21e-f1e0-4b75-bb8d-ff806c3ee59e@group-938506AD8350: closes. applyIndex: 0
2020-10-17 13:19:52,708 [9663c21e-f1e0-4b75-bb8d-ff806c3ee59e@group-938506AD8350-SegmentedRaftLogWorker] INFO  segmented.SegmentedRaftLogWorker (SegmentedRaftLogWorker.java:run(327)) - 9663c21e-f1e0-4b75-bb8d-ff806c3ee59e@group-938506AD8350-SegmentedRaftLogWorker was interrupted, exiting. There are 0 tasks remaining in the queue.
2020-10-17 13:19:52,709 [ForkJoinPool.commonPool-worker-0] INFO  segmented.SegmentedRaftLogWorker (SegmentedRaftLogWorker.java:close(234)) - 9663c21e-f1e0-4b75-bb8d-ff806c3ee59e@group-938506AD8350-SegmentedRaftLogWorker close()
2020-10-17 13:19:52,709 [Listener at 127.0.0.1/44403] INFO  ozoneimpl.OzoneContainer (OzoneContainer.java:stop(259)) - Attempting to stop container services.
2020-10-17 13:19:52,709 [Listener at 127.0.0.1/44403] INFO  impl.RaftServerProxy (RaftServerProxy.java:lambda$close$4(322)) - f316fc96-4c73-4899-90e3-c2d22b42fa63: close
2020-10-17 13:19:52,709 [Listener at 127.0.0.1/44403] INFO  impl.RaftServerImpl (RaftServerImpl.java:lambda$shutdown$3(321)) - f316fc96-4c73-4899-90e3-c2d22b42fa63@group-3DCA05227E39: shutdown
2020-10-17 13:19:52,710 [Listener at 127.0.0.1/44403] INFO  util.JmxRegister (JmxRegister.java:unregister(73)) - Successfully un-registered JMX Bean with object name Ratis:service=RaftServer,group=group-3DCA05227E39,id=f316fc96-4c73-4899-90e3-c2d22b42fa63
2020-10-17 13:19:52,710 [Listener at 127.0.0.1/44403] INFO  impl.RoleInfo (RoleInfo.java:shutdownLeaderState(104)) - f316fc96-4c73-4899-90e3-c2d22b42fa63: shutdown LeaderState
2020-10-17 13:19:52,710 [Listener at 127.0.0.1/44403] INFO  metrics.RatisMetrics (RatisMetrics.java:unregister(43)) - Unregistering Metrics Registry : ratis_grpc.log_appender.f316fc96-4c73-4899-90e3-c2d22b42fa63@group-3DCA05227E39
2020-10-17 13:19:52,710 [Listener at 127.0.0.1/44403] INFO  metrics.RatisMetrics (RatisMetrics.java:unregister(43)) - Unregistering Metrics Registry : ratis_grpc.log_appender.f316fc96-4c73-4899-90e3-c2d22b42fa63@group-3DCA05227E39
2020-10-17 13:19:52,710 [org.apache.ratis.server.impl.LogAppender$AppenderDaemon$$Lambda$443/2065586767@641ab24b] WARN  server.GrpcLogAppender (GrpcLogAppender.java:mayWait(168)) - f316fc96-4c73-4899-90e3-c2d22b42fa63@group-3DCA05227E39->37c4b172-996d-44d9-83fc-874aa9de1693-GrpcLogAppender: Wait interrupted by java.lang.InterruptedException
2020-10-17 13:19:52,710 [Listener at 127.0.0.1/44403] INFO  impl.PendingRequests (PendingRequests.java:sendNotLeaderResponses(249)) - f316fc96-4c73-4899-90e3-c2d22b42fa63@group-3DCA05227E39-PendingRequests: sendNotLeaderResponses
2020-10-17 13:19:52,710 [Listener at 127.0.0.1/44403] INFO  metrics.RatisMetrics (RatisMetrics.java:unregister(43)) - Unregistering Metrics Registry : ratis.log_appender.f316fc96-4c73-4899-90e3-c2d22b42fa63@group-3DCA05227E39
2020-10-17 13:19:52,711 [Listener at 127.0.0.1/44403] INFO  metrics.RatisMetrics (RatisMetrics.java:unregister(43)) - Unregistering Metrics Registry : ratis.server.f316fc96-4c73-4899-90e3-c2d22b42fa63@group-3DCA05227E39
2020-10-17 13:19:52,710 [org.apache.ratis.server.impl.LogAppender$AppenderDaemon$$Lambda$443/2065586767@100d1d64] WARN  server.GrpcLogAppender (GrpcLogAppender.java:mayWait(168)) - f316fc96-4c73-4899-90e3-c2d22b42fa63@group-3DCA05227E39->839b407c-c1de-4b31-afbc-625e07034f6b-GrpcLogAppender: Wait interrupted by java.lang.InterruptedException
2020-10-17 13:19:52,711 [grpc-default-executor-2] INFO  server.GrpcServerProtocolService (GrpcServerProtocolService.java:onCompleted(138)) - 37c4b172-996d-44d9-83fc-874aa9de1693: Completed APPEND_ENTRIES, lastRequest: f316fc96-4c73-4899-90e3-c2d22b42fa63->37c4b172-996d-44d9-83fc-874aa9de1693#1-t1, previous=(t:0, i:0), leaderCommit=-1, initializing? false, entries: size=1, first=(t:1, i:0), CONFIGURATIONENTRY
2020-10-17 13:19:52,714 [f316fc96-4c73-4899-90e3-c2d22b42fa63@group-3DCA05227E39-StateMachineUpdater] INFO  ratis.ContainerStateMachine (ContainerStateMachine.java:takeSnapshot(293)) - group-3DCA05227E39: Taking a snapshot at:(t:1, i:0) file /github/workspace/mnt/ozone/hadoop-ozone/integration-test/target/test-dir/MiniOzoneClusterImpl-1fb37825-3c8e-4fc8-8488-3a2a4659ec2d/datanode-3/data/ratis/8c8bfcf8-5246-4156-a6f3-3dca05227e39/sm/snapshot.1_0
2020-10-17 13:19:52,715 [Listener at 127.0.0.1/44403] INFO  impl.StateMachineUpdater (StateMachineUpdater.java:stopAndJoin(142)) - f316fc96-4c73-4899-90e3-c2d22b42fa63@group-3DCA05227E39-StateMachineUpdater: set stopIndex = 0
2020-10-17 13:19:52,718 [f316fc96-4c73-4899-90e3-c2d22b42fa63@group-3DCA05227E39-StateMachineUpdater] INFO  ratis.ContainerStateMachine (ContainerStateMachine.java:takeSnapshot(304)) - group-3DCA05227E39: Finished taking a snapshot at:(t:1, i:0) file:/github/workspace/mnt/ozone/hadoop-ozone/integration-test/target/test-dir/MiniOzoneClusterImpl-1fb37825-3c8e-4fc8-8488-3a2a4659ec2d/datanode-3/data/ratis/8c8bfcf8-5246-4156-a6f3-3dca05227e39/sm/snapshot.1_0 time:4
2020-10-17 13:19:52,718 [grpc-default-executor-4] INFO  server.GrpcLogAppender (GrpcLogAppender.java:onCompleted(336)) - f316fc96-4c73-4899-90e3-c2d22b42fa63@group-3DCA05227E39->37c4b172-996d-44d9-83fc-874aa9de1693-AppendLogResponseHandler: follower responses appendEntries COMPLETED
2020-10-17 13:19:52,718 [f316fc96-4c73-4899-90e3-c2d22b42fa63@group-3DCA05227E39-StateMachineUpdater] INFO  impl.StateMachineUpdater (StateMachineUpdater.java:takeSnapshot(277)) - f316fc96-4c73-4899-90e3-c2d22b42fa63@group-3DCA05227E39-StateMachineUpdater: Took a snapshot at index 0
2020-10-17 13:19:52,719 [f316fc96-4c73-4899-90e3-c2d22b42fa63@group-3DCA05227E39-StateMachineUpdater] INFO  impl.StateMachineUpdater (StateMachineUpdater.java:lambda$new$0(87)) - f316fc96-4c73-4899-90e3-c2d22b42fa63@group-3DCA05227E39-StateMachineUpdater: snapshotIndex: updateIncreasingly -1 -> 0
2020-10-17 13:19:52,719 [f316fc96-4c73-4899-90e3-c2d22b42fa63@group-3DCA05227E39-StateMachineUpdater] INFO  metrics.RatisMetrics (RatisMetrics.java:unregister(43)) - Unregistering Metrics Registry : ratis.state_machine.f316fc96-4c73-4899-90e3-c2d22b42fa63@group-3DCA05227E39
2020-10-17 13:19:52,719 [Listener at 127.0.0.1/44403] INFO  impl.RaftServerImpl (ServerState.java:close(405)) - f316fc96-4c73-4899-90e3-c2d22b42fa63@group-3DCA05227E39: closes. applyIndex: 0
2020-10-17 13:19:52,719 [f316fc96-4c73-4899-90e3-c2d22b42fa63@group-3DCA05227E39-SegmentedRaftLogWorker] INFO  segmented.SegmentedRaftLogWorker (SegmentedRaftLogWorker.java:run(327)) - f316fc96-4c73-4899-90e3-c2d22b42fa63@group-3DCA05227E39-SegmentedRaftLogWorker was interrupted, exiting. There are 0 tasks remaining in the queue.
2020-10-17 13:19:52,719 [grpc-default-executor-4] INFO  impl.FollowerInfo (FollowerInfo.java:lambda$new$0(51)) - f316fc96-4c73-4899-90e3-c2d22b42fa63@group-3DCA05227E39->37c4b172-996d-44d9-83fc-874aa9de1693: nextIndex: updateUnconditionally 1 -> 0
2020-10-17 13:19:52,721 [Listener at 127.0.0.1/44403] INFO  segmented.SegmentedRaftLogWorker (SegmentedRaftLogWorker.java:close(234)) - f316fc96-4c73-4899-90e3-c2d22b42fa63@group-3DCA05227E39-SegmentedRaftLogWorker close()
2020-10-17 13:19:52,721 [ForkJoinPool.commonPool-worker-0] INFO  metrics.RatisMetrics (RatisMetrics.java:unregister(43)) - Unregistering Metrics Registry : ratis.log_worker.9663c21e-f1e0-4b75-bb8d-ff806c3ee59e@group-938506AD8350
2020-10-17 13:19:52,722 [ForkJoinPool.commonPool-worker-0] INFO  metrics.RatisMetrics (RatisMetrics.java:unregister(43)) - Unregistering Metrics Registry : ratis.leader_election.9663c21e-f1e0-4b75-bb8d-ff806c3ee59e@group-938506AD8350
2020-10-17 13:19:52,722 [ForkJoinPool.commonPool-worker-0] INFO  metrics.RatisMetrics (RatisMetrics.java:unregister(43)) - Unregistering Metrics Registry : ratis.server.9663c21e-f1e0-4b75-bb8d-ff806c3ee59e@group-938506AD8350
2020-10-17 13:19:52,724 [Listener at 127.0.0.1/44403] INFO  metrics.RatisMetrics (RatisMetrics.java:unregister(43)) - Unregistering Metrics Registry : ratis.log_worker.f316fc96-4c73-4899-90e3-c2d22b42fa63@group-3DCA05227E39
2020-10-17 13:19:52,724 [ForkJoinPool.commonPool-worker-0] INFO  impl.RaftServerImpl (RaftServerImpl.java:lambda$shutdown$3(321)) - 9663c21e-f1e0-4b75-bb8d-ff806c3ee59e@group-E59B6B815161: shutdown
2020-10-17 13:19:52,724 [Listener at 127.0.0.1/44403] INFO  metrics.RatisMetrics (RatisMetrics.java:unregister(43)) - Unregistering Metrics Registry : ratis.leader_election.f316fc96-4c73-4899-90e3-c2d22b42fa63@group-3DCA05227E39
2020-10-17 13:19:52,724 [ForkJoinPool.commonPool-worker-0] INFO  util.JmxRegister (JmxRegister.java:unregister(73)) - Successfully un-registered JMX Bean with object name Ratis:service=RaftServer,group=group-E59B6B815161,id=9663c21e-f1e0-4b75-bb8d-ff806c3ee59e
2020-10-17 13:19:52,725 [ForkJoinPool.commonPool-worker-0] INFO  impl.RoleInfo (RoleInfo.java:shutdownFollowerState(121)) - 9663c21e-f1e0-4b75-bb8d-ff806c3ee59e: shutdown FollowerState
2020-10-17 13:19:52,725 [Listener at 127.0.0.1/44403] INFO  metrics.RatisMetrics (RatisMetrics.java:unregister(43)) - Unregistering Metrics Registry : ratis.server.f316fc96-4c73-4899-90e3-c2d22b42fa63@group-3DCA05227E39
2020-10-17 13:19:52,725 [Listener at 127.0.0.1/44403] INFO  impl.RaftServerImpl (RaftServerImpl.java:lambda$shutdown$3(321)) - f316fc96-4c73-4899-90e3-c2d22b42fa63@group-1062759253B8: shutdown
2020-10-17 13:19:52,725 [Listener at 127.0.0.1/44403] INFO  util.JmxRegister (JmxRegister.java:unregister(73)) - Successfully un-registered JMX Bean with object name Ratis:service=RaftServer,group=group-1062759253B8,id=f316fc96-4c73-4899-90e3-c2d22b42fa63
2020-10-17 13:19:52,726 [Listener at 127.0.0.1/44403] INFO  impl.RoleInfo (RoleInfo.java:shutdownLeaderState(104)) - f316fc96-4c73-4899-90e3-c2d22b42fa63: shutdown LeaderState
2020-10-17 13:19:52,725 [ForkJoinPool.commonPool-worker-0] INFO  impl.StateMachineUpdater (StateMachineUpdater.java:stopAndJoin(142)) - 9663c21e-f1e0-4b75-bb8d-ff806c3ee59e@group-E59B6B815161-StateMachineUpdater: set stopIndex = 0
2020-10-17 13:19:52,725 [9663c21e-f1e0-4b75-bb8d-ff806c3ee59e@group-E59B6B815161-StateMachineUpdater] INFO  ratis.ContainerStateMachine (ContainerStateMachine.java:takeSnapshot(293)) - group-E59B6B815161: Taking a snapshot at:(t:1, i:0) file /github/workspace/mnt/ozone/hadoop-ozone/integration-test/target/test-dir/MiniOzoneClusterImpl-1fb37825-3c8e-4fc8-8488-3a2a4659ec2d/datanode-2/data/ratis/0f2ca59a-2891-493e-ab0f-e59b6b815161/sm/snapshot.1_0
2020-10-17 13:19:52,725 [Thread-622] INFO  impl.FollowerState (FollowerState.java:run(117)) - 9663c21e-f1e0-4b75-bb8d-ff806c3ee59e@group-E59B6B815161-FollowerState was interrupted: java.lang.InterruptedException: sleep interrupted
2020-10-17 13:19:52,727 [9663c21e-f1e0-4b75-bb8d-ff806c3ee59e@group-E59B6B815161-StateMachineUpdater] INFO  ratis.ContainerStateMachine (ContainerStateMachine.java:takeSnapshot(304)) - group-E59B6B815161: Finished taking a snapshot at:(t:1, i:0) file:/github/workspace/mnt/ozone/hadoop-ozone/integration-test/target/test-dir/MiniOzoneClusterImpl-1fb37825-3c8e-4fc8-8488-3a2a4659ec2d/datanode-2/data/ratis/0f2ca59a-2891-493e-ab0f-e59b6b815161/sm/snapshot.1_0 time:2
2020-10-17 13:19:52,727 [9663c21e-f1e0-4b75-bb8d-ff806c3ee59e@group-E59B6B815161-StateMachineUpdater] INFO  impl.StateMachineUpdater (StateMachineUpdater.java:takeSnapshot(277)) - 9663c21e-f1e0-4b75-bb8d-ff806c3ee59e@group-E59B6B815161-StateMachineUpdater: Took a snapshot at index 0
2020-10-17 13:19:52,727 [9663c21e-f1e0-4b75-bb8d-ff806c3ee59e@group-E59B6B815161-StateMachineUpdater] INFO  impl.StateMachineUpdater (StateMachineUpdater.java:lambda$new$0(87)) - 9663c21e-f1e0-4b75-bb8d-ff806c3ee59e@group-E59B6B815161-StateMachineUpdater: snapshotIndex: updateIncreasingly -1 -> 0
2020-10-17 13:19:52,728 [9663c21e-f1e0-4b75-bb8d-ff806c3ee59e@group-E59B6B815161-StateMachineUpdater] INFO  metrics.RatisMetrics (RatisMetrics.java:unregister(43)) - Unregistering Metrics Registry : ratis.state_machine.9663c21e-f1e0-4b75-bb8d-ff806c3ee59e@group-E59B6B815161
2020-10-17 13:19:52,728 [ForkJoinPool.commonPool-worker-0] INFO  impl.RaftServerImpl (ServerState.java:close(405)) - 9663c21e-f1e0-4b75-bb8d-ff806c3ee59e@group-E59B6B815161: closes. applyIndex: 0
2020-10-17 13:19:52,728 [Listener at 127.0.0.1/44403] INFO  impl.PendingRequests (PendingRequests.java:sendNotLeaderResponses(249)) - f316fc96-4c73-4899-90e3-c2d22b42fa63@group-1062759253B8-PendingRequests: sendNotLeaderResponses
2020-10-17 13:19:52,728 [9663c21e-f1e0-4b75-bb8d-ff806c3ee59e@group-E59B6B815161-SegmentedRaftLogWorker] INFO  segmented.SegmentedRaftLogWorker (SegmentedRaftLogWorker.java:run(327)) - 9663c21e-f1e0-4b75-bb8d-ff806c3ee59e@group-E59B6B815161-SegmentedRaftLogWorker was interrupted, exiting. There are 0 tasks remaining in the queue.
2020-10-17 13:19:52,731 [ForkJoinPool.commonPool-worker-0] INFO  segmented.SegmentedRaftLogWorker (SegmentedRaftLogWorker.java:close(234)) - 9663c21e-f1e0-4b75-bb8d-ff806c3ee59e@group-E59B6B815161-SegmentedRaftLogWorker close()
2020-10-17 13:19:52,733 [ForkJoinPool.commonPool-worker-0] INFO  metrics.RatisMetrics (RatisMetrics.java:unregister(43)) - Unregistering Metrics Registry : ratis.log_worker.9663c21e-f1e0-4b75-bb8d-ff806c3ee59e@group-E59B6B815161
2020-10-17 13:19:52,733 [ForkJoinPool.commonPool-worker-0] INFO  metrics.RatisMetrics (RatisMetrics.java:unregister(43)) - Unregistering Metrics Registry : ratis.leader_election.9663c21e-f1e0-4b75-bb8d-ff806c3ee59e@group-E59B6B815161
2020-10-17 13:19:52,733 [ForkJoinPool.commonPool-worker-0] INFO  metrics.RatisMetrics (RatisMetrics.java:unregister(43)) - Unregistering Metrics Registry : ratis.server.9663c21e-f1e0-4b75-bb8d-ff806c3ee59e@group-E59B6B815161
2020-10-17 13:19:52,733 [ForkJoinPool.commonPool-worker-0] INFO  server.GrpcService (GrpcService.java:closeImpl(183)) - 9663c21e-f1e0-4b75-bb8d-ff806c3ee59e: shutdown server with port 34357 now
2020-10-17 13:19:52,735 [ForkJoinPool.commonPool-worker-0] INFO  server.GrpcService (GrpcService.java:closeImpl(191)) - 9663c21e-f1e0-4b75-bb8d-ff806c3ee59e: shutdown server with port 34357 successfully
2020-10-17 13:19:52,737 [grpc-default-executor-1] WARN  server.GrpcLogAppender (LogUtils.java:warn(122)) - 114e5e52-b703-412c-a818-7058292f97fd@group-E59B6B815161->9663c21e-f1e0-4b75-bb8d-ff806c3ee59e-AppendLogResponseHandler: Failed appendEntries: org.apache.ratis.thirdparty.io.grpc.StatusRuntimeException: CANCELLED: HTTP/2 error code: CANCEL
Received Rst Stream
2020-10-17 13:19:52,737 [grpc-default-executor-1] WARN  server.GrpcLogAppender (GrpcLogAppender.java:resetClient(107)) - 114e5e52-b703-412c-a818-7058292f97fd@group-E59B6B815161->9663c21e-f1e0-4b75-bb8d-ff806c3ee59e-GrpcLogAppender: Leader has not got in touch with Follower 114e5e52-b703-412c-a818-7058292f97fd@group-E59B6B815161->9663c21e-f1e0-4b75-bb8d-ff806c3ee59e(c0,m0,n1, attendVote=true, lastRpcSendTime=1078, lastRpcResponseTime=1076) yet, just keep nextIndex unchanged and retry.
2020-10-17 13:19:52,737 [grpc-default-executor-2] WARN  server.GrpcServerProtocolService (LogUtils.java:warn(122)) - 9663c21e-f1e0-4b75-bb8d-ff806c3ee59e: installSnapshot onError, lastRequest: 114e5e52-b703-412c-a818-7058292f97fd->9663c21e-f1e0-4b75-bb8d-ff806c3ee59e#1-t1, previous=(t:0, i:0), leaderCommit=0, initializing? false, entries: size=1, first=(t:1, i:0), CONFIGURATIONENTRY: org.apache.ratis.thirdparty.io.grpc.StatusRuntimeException: CANCELLED: cancelled before receiving half close
2020-10-17 13:19:52,738 [Listener at 127.0.0.1/44403] INFO  metrics.RatisMetrics (RatisMetrics.java:unregister(43)) - Unregistering Metrics Registry : ratis.log_appender.f316fc96-4c73-4899-90e3-c2d22b42fa63@group-1062759253B8
2020-10-17 13:19:52,738 [Listener at 127.0.0.1/44403] INFO  metrics.RatisMetrics (RatisMetrics.java:unregister(43)) - Unregistering Metrics Registry : ratis.server.f316fc96-4c73-4899-90e3-c2d22b42fa63@group-1062759253B8
2020-10-17 13:19:52,739 [Listener at 127.0.0.1/44403] INFO  impl.StateMachineUpdater (StateMachineUpdater.java:stopAndJoin(142)) - f316fc96-4c73-4899-90e3-c2d22b42fa63@group-1062759253B8-StateMachineUpdater: set stopIndex = 11
2020-10-17 13:19:52,739 [f316fc96-4c73-4899-90e3-c2d22b42fa63@group-1062759253B8-StateMachineUpdater] INFO  ratis.ContainerStateMachine (ContainerStateMachine.java:takeSnapshot(293)) - group-1062759253B8: Taking a snapshot at:(t:1, i:11) file /github/workspace/mnt/ozone/hadoop-ozone/integration-test/target/test-dir/MiniOzoneClusterImpl-1fb37825-3c8e-4fc8-8488-3a2a4659ec2d/datanode-3/data/ratis/f01d5aa4-be52-47bc-926c-1062759253b8/sm/snapshot.1_11
2020-10-17 13:19:52,739 [ForkJoinPool.commonPool-worker-0] INFO  utils.BackgroundService (BackgroundService.java:shutdown(132)) - Shutting down service BlockDeletingService
2020-10-17 13:19:52,740 [f316fc96-4c73-4899-90e3-c2d22b42fa63@group-1062759253B8-StateMachineUpdater] INFO  ratis.ContainerStateMachine (ContainerStateMachine.java:takeSnapshot(304)) - group-1062759253B8: Finished taking a snapshot at:(t:1, i:11) file:/github/workspace/mnt/ozone/hadoop-ozone/integration-test/target/test-dir/MiniOzoneClusterImpl-1fb37825-3c8e-4fc8-8488-3a2a4659ec2d/datanode-3/data/ratis/f01d5aa4-be52-47bc-926c-1062759253b8/sm/snapshot.1_11 time:1
2020-10-17 13:19:52,741 [f316fc96-4c73-4899-90e3-c2d22b42fa63@group-1062759253B8-StateMachineUpdater] INFO  impl.StateMachineUpdater (StateMachineUpdater.java:takeSnapshot(277)) - f316fc96-4c73-4899-90e3-c2d22b42fa63@group-1062759253B8-StateMachineUpdater: Took a snapshot at index 11
2020-10-17 13:19:52,741 [f316fc96-4c73-4899-90e3-c2d22b42fa63@group-1062759253B8-StateMachineUpdater] INFO  impl.StateMachineUpdater (StateMachineUpdater.java:lambda$new$0(87)) - f316fc96-4c73-4899-90e3-c2d22b42fa63@group-1062759253B8-StateMachineUpdater: snapshotIndex: updateIncreasingly -1 -> 11
2020-10-17 13:19:52,741 [f316fc96-4c73-4899-90e3-c2d22b42fa63@group-1062759253B8-StateMachineUpdater] INFO  metrics.RatisMetrics (RatisMetrics.java:unregister(43)) - Unregistering Metrics Registry : ratis.state_machine.f316fc96-4c73-4899-90e3-c2d22b42fa63@group-1062759253B8
2020-10-17 13:19:52,741 [Listener at 127.0.0.1/44403] INFO  impl.RaftServerImpl (ServerState.java:close(405)) - f316fc96-4c73-4899-90e3-c2d22b42fa63@group-1062759253B8: closes. applyIndex: 11
2020-10-17 13:19:52,742 [f316fc96-4c73-4899-90e3-c2d22b42fa63@group-1062759253B8-SegmentedRaftLogWorker] INFO  segmented.SegmentedRaftLogWorker (SegmentedRaftLogWorker.java:run(327)) - f316fc96-4c73-4899-90e3-c2d22b42fa63@group-1062759253B8-SegmentedRaftLogWorker was interrupted, exiting. There are 0 tasks remaining in the queue.
2020-10-17 13:19:52,743 [Listener at 127.0.0.1/44403] INFO  segmented.SegmentedRaftLogWorker (SegmentedRaftLogWorker.java:close(234)) - f316fc96-4c73-4899-90e3-c2d22b42fa63@group-1062759253B8-SegmentedRaftLogWorker close()
2020-10-17 13:19:52,744 [ForkJoinPool.commonPool-worker-0] INFO  statemachine.DatanodeStateMachine (DatanodeStateMachine.java:stopDaemon(453)) - Ozone container server stopped.
2020-10-17 13:19:52,744 [Listener at 127.0.0.1/44403] INFO  metrics.RatisMetrics (RatisMetrics.java:unregister(43)) - Unregistering Metrics Registry : ratis.log_worker.f316fc96-4c73-4899-90e3-c2d22b42fa63@group-1062759253B8
2020-10-17 13:19:52,744 [Listener at 127.0.0.1/44403] INFO  metrics.RatisMetrics (RatisMetrics.java:unregister(43)) - Unregistering Metrics Registry : ratis.leader_election.f316fc96-4c73-4899-90e3-c2d22b42fa63@group-1062759253B8
2020-10-17 13:19:52,744 [Listener at 127.0.0.1/44403] INFO  metrics.RatisMetrics (RatisMetrics.java:unregister(43)) - Unregistering Metrics Registry : ratis.server.f316fc96-4c73-4899-90e3-c2d22b42fa63@group-1062759253B8
2020-10-17 13:19:52,744 [Listener at 127.0.0.1/44403] INFO  server.GrpcService (GrpcService.java:closeImpl(183)) - f316fc96-4c73-4899-90e3-c2d22b42fa63: shutdown server with port 33369 now
2020-10-17 13:19:52,754 [Listener at 127.0.0.1/44403] INFO  server.GrpcService (GrpcService.java:closeImpl(191)) - f316fc96-4c73-4899-90e3-c2d22b42fa63: shutdown server with port 33369 successfully
2020-10-17 13:19:52,755 [Listener at 127.0.0.1/44403] INFO  utils.BackgroundService (BackgroundService.java:shutdown(132)) - Shutting down service BlockDeletingService
2020-10-17 13:19:52,759 [Listener at 127.0.0.1/44403] INFO  statemachine.DatanodeStateMachine (DatanodeStateMachine.java:stopDaemon(453)) - Ozone container server stopped.
2020-10-17 13:19:52,759 [ForkJoinPool.commonPool-worker-0] INFO  handler.ContextHandler (ContextHandler.java:doStop(1016)) - Stopped o.e.j.w.WebAppContext@5fb97938{hddsDatanode,/,null,UNAVAILABLE}{jar:file:/home/user/.m2/repository/org/apache/hadoop/hadoop-hdds-container-service/1.1.0-SNAPSHOT/hadoop-hdds-container-service-1.1.0-SNAPSHOT.jar!/webapps/hddsDatanode}
2020-10-17 13:19:52,760 [ForkJoinPool.commonPool-worker-0] INFO  server.AbstractConnector (AbstractConnector.java:doStop(380)) - Stopped ServerConnector@45baf0b1{HTTP/1.1,[http/1.1]}{0.0.0.0:0}
2020-10-17 13:19:52,760 [ForkJoinPool.commonPool-worker-0] INFO  server.session (HouseKeeper.java:stopScavenging(158)) - node0 Stopped scavenging
2020-10-17 13:19:52,761 [ForkJoinPool.commonPool-worker-0] INFO  handler.ContextHandler (ContextHandler.java:doStop(1016)) - Stopped o.e.j.s.ServletContextHandler@14e90930{static,/static,jar:file:/home/user/.m2/repository/org/apache/hadoop/hadoop-hdds-container-service/1.1.0-SNAPSHOT/hadoop-hdds-container-service-1.1.0-SNAPSHOT.jar!/webapps/static,UNAVAILABLE}
2020-10-17 13:19:52,762 [ForkJoinPool.commonPool-worker-0] INFO  handler.ContextHandler (ContextHandler.java:doStop(1016)) - Stopped o.e.j.s.ServletContextHandler@38626368{logs,/logs,file:///github/workspace/mnt/ozone/hadoop-ozone/integration-test/target/log,UNAVAILABLE}
2020-10-17 13:19:52,770 [Listener at 127.0.0.1/44403] INFO  handler.ContextHandler (ContextHandler.java:doStop(1016)) - Stopped o.e.j.w.WebAppContext@7a306e42{hddsDatanode,/,null,UNAVAILABLE}{jar:file:/home/user/.m2/repository/org/apache/hadoop/hadoop-hdds-container-service/1.1.0-SNAPSHOT/hadoop-hdds-container-service-1.1.0-SNAPSHOT.jar!/webapps/hddsDatanode}
2020-10-17 13:19:52,770 [Listener at 127.0.0.1/44403] INFO  server.AbstractConnector (AbstractConnector.java:doStop(380)) - Stopped ServerConnector@4a2a2b1e{HTTP/1.1,[http/1.1]}{0.0.0.0:0}
2020-10-17 13:19:52,770 [Listener at 127.0.0.1/44403] INFO  server.session (HouseKeeper.java:stopScavenging(158)) - node0 Stopped scavenging
2020-10-17 13:19:52,771 [Listener at 127.0.0.1/44403] INFO  handler.ContextHandler (ContextHandler.java:doStop(1016)) - Stopped o.e.j.s.ServletContextHandler@4c342dd2{static,/static,jar:file:/home/user/.m2/repository/org/apache/hadoop/hadoop-hdds-container-service/1.1.0-SNAPSHOT/hadoop-hdds-container-service-1.1.0-SNAPSHOT.jar!/webapps/static,UNAVAILABLE}
2020-10-17 13:19:52,771 [Listener at 127.0.0.1/44403] INFO  handler.ContextHandler (ContextHandler.java:doStop(1016)) - Stopped o.e.j.s.ServletContextHandler@148766a2{logs,/logs,file:///github/workspace/mnt/ozone/hadoop-ozone/integration-test/target/log,UNAVAILABLE}
2020-10-17 13:19:53,083 [Datanode State Machine Thread - 0] INFO  statemachine.DatanodeStateMachine (DatanodeStateMachine.java:lambda$startDaemon$0(405)) - Ozone container server started.
2020-10-17 13:19:53,195 [Datanode State Machine Thread - 0] INFO  statemachine.DatanodeStateMachine (DatanodeStateMachine.java:lambda$startDaemon$0(405)) - Ozone container server started.
2020-10-17 13:19:54,163 [grpc-default-executor-1] WARN  server.GrpcLogAppender (LogUtils.java:warn(122)) - 114e5e52-b703-412c-a818-7058292f97fd@group-E59B6B815161->9663c21e-f1e0-4b75-bb8d-ff806c3ee59e-AppendLogResponseHandler: Failed appendEntries: org.apache.ratis.thirdparty.io.grpc.StatusRuntimeException: UNAVAILABLE: io exception
2020-10-17 13:19:54,164 [grpc-default-executor-1] WARN  server.GrpcLogAppender (GrpcLogAppender.java:resetClient(107)) - 114e5e52-b703-412c-a818-7058292f97fd@group-E59B6B815161->9663c21e-f1e0-4b75-bb8d-ff806c3ee59e-GrpcLogAppender: Leader has not got in touch with Follower 114e5e52-b703-412c-a818-7058292f97fd@group-E59B6B815161->9663c21e-f1e0-4b75-bb8d-ff806c3ee59e(c0,m0,n1, attendVote=true, lastRpcSendTime=1, lastRpcResponseTime=2503) yet, just keep nextIndex unchanged and retry.
2020-10-17 13:19:54,165 [grpc-default-executor-1] WARN  server.GrpcLogAppender (LogUtils.java:warn(122)) - 114e5e52-b703-412c-a818-7058292f97fd@group-E59B6B815161->4d0387a1-338f-4391-a649-fbe8c650d8a6-AppendLogResponseHandler: Failed appendEntries: org.apache.ratis.thirdparty.io.grpc.StatusRuntimeException: UNAVAILABLE: io exception
2020-10-17 13:19:54,165 [grpc-default-executor-1] WARN  server.GrpcLogAppender (GrpcLogAppender.java:resetClient(107)) - 114e5e52-b703-412c-a818-7058292f97fd@group-E59B6B815161->4d0387a1-338f-4391-a649-fbe8c650d8a6-GrpcLogAppender: Leader has not got in touch with Follower 114e5e52-b703-412c-a818-7058292f97fd@group-E59B6B815161->4d0387a1-338f-4391-a649-fbe8c650d8a6(c0,m0,n1, attendVote=true, lastRpcSendTime=0, lastRpcResponseTime=7503) yet, just keep nextIndex unchanged and retry.
2020-10-17 13:19:56,664 [grpc-default-executor-1] WARN  server.GrpcLogAppender (LogUtils.java:warn(122)) - 114e5e52-b703-412c-a818-7058292f97fd@group-E59B6B815161->9663c21e-f1e0-4b75-bb8d-ff806c3ee59e-AppendLogResponseHandler: Failed appendEntries: org.apache.ratis.thirdparty.io.grpc.StatusRuntimeException: UNAVAILABLE: io exception
2020-10-17 13:19:56,665 [grpc-default-executor-1] WARN  server.GrpcLogAppender (GrpcLogAppender.java:resetClient(107)) - 114e5e52-b703-412c-a818-7058292f97fd@group-E59B6B815161->9663c21e-f1e0-4b75-bb8d-ff806c3ee59e-GrpcLogAppender: Leader has not got in touch with Follower 114e5e52-b703-412c-a818-7058292f97fd@group-E59B6B815161->9663c21e-f1e0-4b75-bb8d-ff806c3ee59e(c0,m0,n1, attendVote=true, lastRpcSendTime=1, lastRpcResponseTime=5004) yet, just keep nextIndex unchanged and retry.
2020-10-17 13:19:56,665 [grpc-default-executor-1] WARN  server.GrpcLogAppender (LogUtils.java:warn(122)) - 114e5e52-b703-412c-a818-7058292f97fd@group-E59B6B815161->4d0387a1-338f-4391-a649-fbe8c650d8a6-AppendLogResponseHandler: Failed appendEntries: org.apache.ratis.thirdparty.io.grpc.StatusRuntimeException: UNAVAILABLE: io exception
2020-10-17 13:19:56,666 [grpc-default-executor-1] WARN  server.GrpcLogAppender (GrpcLogAppender.java:resetClient(107)) - 114e5e52-b703-412c-a818-7058292f97fd@group-E59B6B815161->4d0387a1-338f-4391-a649-fbe8c650d8a6-GrpcLogAppender: Leader has not got in touch with Follower 114e5e52-b703-412c-a818-7058292f97fd@group-E59B6B815161->4d0387a1-338f-4391-a649-fbe8c650d8a6(c0,m0,n1, attendVote=true, lastRpcSendTime=0, lastRpcResponseTime=10004) yet, just keep nextIndex unchanged and retry.
2020-10-17 13:19:57,764 [ForkJoinPool.commonPool-worker-0] INFO  ozoneimpl.OzoneContainer (OzoneContainer.java:stop(259)) - Attempting to stop container services.
2020-10-17 13:19:57,764 [ForkJoinPool.commonPool-worker-0] INFO  impl.RaftServerProxy (RaftServerProxy.java:lambda$close$4(322)) - 114e5e52-b703-412c-a818-7058292f97fd: close
2020-10-17 13:19:57,764 [ForkJoinPool.commonPool-worker-0] INFO  impl.RaftServerImpl (RaftServerImpl.java:lambda$shutdown$3(321)) - 114e5e52-b703-412c-a818-7058292f97fd@group-5FAA6F148298: shutdown
2020-10-17 13:19:57,764 [ForkJoinPool.commonPool-worker-0] INFO  util.JmxRegister (JmxRegister.java:unregister(73)) - Successfully un-registered JMX Bean with object name Ratis:service=RaftServer,group=group-5FAA6F148298,id=114e5e52-b703-412c-a818-7058292f97fd
2020-10-17 13:19:57,764 [ForkJoinPool.commonPool-worker-0] INFO  impl.RoleInfo (RoleInfo.java:shutdownLeaderState(104)) - 114e5e52-b703-412c-a818-7058292f97fd: shutdown LeaderState
2020-10-17 13:19:57,765 [ForkJoinPool.commonPool-worker-0] INFO  impl.PendingRequests (PendingRequests.java:sendNotLeaderResponses(249)) - 114e5e52-b703-412c-a818-7058292f97fd@group-5FAA6F148298-PendingRequests: sendNotLeaderResponses
2020-10-17 13:19:57,765 [ForkJoinPool.commonPool-worker-0] INFO  metrics.RatisMetrics (RatisMetrics.java:unregister(43)) - Unregistering Metrics Registry : ratis.log_appender.114e5e52-b703-412c-a818-7058292f97fd@group-5FAA6F148298
2020-10-17 13:19:57,765 [ForkJoinPool.commonPool-worker-0] INFO  metrics.RatisMetrics (RatisMetrics.java:unregister(43)) - Unregistering Metrics Registry : ratis.server.114e5e52-b703-412c-a818-7058292f97fd@group-5FAA6F148298
2020-10-17 13:19:57,766 [114e5e52-b703-412c-a818-7058292f97fd@group-5FAA6F148298-StateMachineUpdater] INFO  ratis.ContainerStateMachine (ContainerStateMachine.java:takeSnapshot(293)) - group-5FAA6F148298: Taking a snapshot at:(t:1, i:0) file /github/workspace/mnt/ozone/hadoop-ozone/integration-test/target/test-dir/MiniOzoneClusterImpl-1fb37825-3c8e-4fc8-8488-3a2a4659ec2d/datanode-0/data/ratis/4128c796-006e-4b1d-a9a8-5faa6f148298/sm/snapshot.1_0
2020-10-17 13:19:57,766 [ForkJoinPool.commonPool-worker-0] INFO  impl.StateMachineUpdater (StateMachineUpdater.java:stopAndJoin(142)) - 114e5e52-b703-412c-a818-7058292f97fd@group-5FAA6F148298-StateMachineUpdater: set stopIndex = 0
2020-10-17 13:19:57,767 [114e5e52-b703-412c-a818-7058292f97fd@group-5FAA6F148298-StateMachineUpdater] INFO  ratis.ContainerStateMachine (ContainerStateMachine.java:takeSnapshot(304)) - group-5FAA6F148298: Finished taking a snapshot at:(t:1, i:0) file:/github/workspace/mnt/ozone/hadoop-ozone/integration-test/target/test-dir/MiniOzoneClusterImpl-1fb37825-3c8e-4fc8-8488-3a2a4659ec2d/datanode-0/data/ratis/4128c796-006e-4b1d-a9a8-5faa6f148298/sm/snapshot.1_0 time:1
2020-10-17 13:19:57,767 [114e5e52-b703-412c-a818-7058292f97fd@group-5FAA6F148298-StateMachineUpdater] INFO  impl.StateMachineUpdater (StateMachineUpdater.java:takeSnapshot(277)) - 114e5e52-b703-412c-a818-7058292f97fd@group-5FAA6F148298-StateMachineUpdater: Took a snapshot at index 0
2020-10-17 13:19:57,767 [114e5e52-b703-412c-a818-7058292f97fd@group-5FAA6F148298-StateMachineUpdater] INFO  impl.StateMachineUpdater (StateMachineUpdater.java:lambda$new$0(87)) - 114e5e52-b703-412c-a818-7058292f97fd@group-5FAA6F148298-StateMachineUpdater: snapshotIndex: updateIncreasingly -1 -> 0
2020-10-17 13:19:57,767 [114e5e52-b703-412c-a818-7058292f97fd@group-5FAA6F148298-StateMachineUpdater] INFO  metrics.RatisMetrics (RatisMetrics.java:unregister(43)) - Unregistering Metrics Registry : ratis.state_machine.114e5e52-b703-412c-a818-7058292f97fd@group-5FAA6F148298
2020-10-17 13:19:57,767 [ForkJoinPool.commonPool-worker-0] INFO  impl.RaftServerImpl (ServerState.java:close(405)) - 114e5e52-b703-412c-a818-7058292f97fd@group-5FAA6F148298: closes. applyIndex: 0
2020-10-17 13:19:57,768 [114e5e52-b703-412c-a818-7058292f97fd@group-5FAA6F148298-SegmentedRaftLogWorker] INFO  segmented.SegmentedRaftLogWorker (SegmentedRaftLogWorker.java:run(327)) - 114e5e52-b703-412c-a818-7058292f97fd@group-5FAA6F148298-SegmentedRaftLogWorker was interrupted, exiting. There are 0 tasks remaining in the queue.
2020-10-17 13:19:57,768 [ForkJoinPool.commonPool-worker-0] INFO  segmented.SegmentedRaftLogWorker (SegmentedRaftLogWorker.java:close(234)) - 114e5e52-b703-412c-a818-7058292f97fd@group-5FAA6F148298-SegmentedRaftLogWorker close()
2020-10-17 13:19:57,769 [ForkJoinPool.commonPool-worker-0] INFO  metrics.RatisMetrics (RatisMetrics.java:unregister(43)) - Unregistering Metrics Registry : ratis.log_worker.114e5e52-b703-412c-a818-7058292f97fd@group-5FAA6F148298
2020-10-17 13:19:57,769 [ForkJoinPool.commonPool-worker-0] INFO  metrics.RatisMetrics (RatisMetrics.java:unregister(43)) - Unregistering Metrics Registry : ratis.leader_election.114e5e52-b703-412c-a818-7058292f97fd@group-5FAA6F148298
2020-10-17 13:19:57,769 [ForkJoinPool.commonPool-worker-0] INFO  metrics.RatisMetrics (RatisMetrics.java:unregister(43)) - Unregistering Metrics Registry : ratis.server.114e5e52-b703-412c-a818-7058292f97fd@group-5FAA6F148298
2020-10-17 13:19:57,770 [ForkJoinPool.commonPool-worker-0] INFO  impl.RaftServerImpl (RaftServerImpl.java:lambda$shutdown$3(321)) - 114e5e52-b703-412c-a818-7058292f97fd@group-E59B6B815161: shutdown
2020-10-17 13:19:57,770 [ForkJoinPool.commonPool-worker-0] INFO  util.JmxRegister (JmxRegister.java:unregister(73)) - Successfully un-registered JMX Bean with object name Ratis:service=RaftServer,group=group-E59B6B815161,id=114e5e52-b703-412c-a818-7058292f97fd
2020-10-17 13:19:57,770 [ForkJoinPool.commonPool-worker-0] INFO  impl.RoleInfo (RoleInfo.java:shutdownLeaderState(104)) - 114e5e52-b703-412c-a818-7058292f97fd: shutdown LeaderState
2020-10-17 13:19:57,770 [ForkJoinPool.commonPool-worker-0] INFO  metrics.RatisMetrics (RatisMetrics.java:unregister(43)) - Unregistering Metrics Registry : ratis_grpc.log_appender.114e5e52-b703-412c-a818-7058292f97fd@group-E59B6B815161
2020-10-17 13:19:57,770 [ForkJoinPool.commonPool-worker-0] INFO  metrics.RatisMetrics (RatisMetrics.java:unregister(43)) - Unregistering Metrics Registry : ratis_grpc.log_appender.114e5e52-b703-412c-a818-7058292f97fd@group-E59B6B815161
2020-10-17 13:19:57,770 [org.apache.ratis.server.impl.LogAppender$AppenderDaemon$$Lambda$443/2065586767@6865138a] WARN  server.GrpcLogAppender (GrpcLogAppender.java:mayWait(168)) - 114e5e52-b703-412c-a818-7058292f97fd@group-E59B6B815161->9663c21e-f1e0-4b75-bb8d-ff806c3ee59e-GrpcLogAppender: Wait interrupted by java.lang.InterruptedException
2020-10-17 13:19:57,770 [ForkJoinPool.commonPool-worker-0] INFO  impl.PendingRequests (PendingRequests.java:sendNotLeaderResponses(249)) - 114e5e52-b703-412c-a818-7058292f97fd@group-E59B6B815161-PendingRequests: sendNotLeaderResponses
2020-10-17 13:19:57,770 [org.apache.ratis.server.impl.LogAppender$AppenderDaemon$$Lambda$443/2065586767@5cc02072] WARN  server.GrpcLogAppender (GrpcLogAppender.java:mayWait(168)) - 114e5e52-b703-412c-a818-7058292f97fd@group-E59B6B815161->4d0387a1-338f-4391-a649-fbe8c650d8a6-GrpcLogAppender: Wait interrupted by java.lang.InterruptedException
2020-10-17 13:19:57,770 [ForkJoinPool.commonPool-worker-0] INFO  metrics.RatisMetrics (RatisMetrics.java:unregister(43)) - Unregistering Metrics Registry : ratis.log_appender.114e5e52-b703-412c-a818-7058292f97fd@group-E59B6B815161
2020-10-17 13:19:57,771 [ForkJoinPool.commonPool-worker-0] INFO  metrics.RatisMetrics (RatisMetrics.java:unregister(43)) - Unregistering Metrics Registry : ratis.server.114e5e52-b703-412c-a818-7058292f97fd@group-E59B6B815161
2020-10-17 13:19:57,771 [ForkJoinPool.commonPool-worker-0] INFO  impl.StateMachineUpdater (StateMachineUpdater.java:stopAndJoin(142)) - 114e5e52-b703-412c-a818-7058292f97fd@group-E59B6B815161-StateMachineUpdater: set stopIndex = 0
2020-10-17 13:19:57,771 [114e5e52-b703-412c-a818-7058292f97fd@group-E59B6B815161-StateMachineUpdater] INFO  ratis.ContainerStateMachine (ContainerStateMachine.java:takeSnapshot(293)) - group-E59B6B815161: Taking a snapshot at:(t:1, i:0) file /github/workspace/mnt/ozone/hadoop-ozone/integration-test/target/test-dir/MiniOzoneClusterImpl-1fb37825-3c8e-4fc8-8488-3a2a4659ec2d/datanode-0/data/ratis/0f2ca59a-2891-493e-ab0f-e59b6b815161/sm/snapshot.1_0
2020-10-17 13:19:57,772 [Listener at 127.0.0.1/44403] INFO  ozoneimpl.OzoneContainer (OzoneContainer.java:stop(259)) - Attempting to stop container services.
2020-10-17 13:19:57,773 [Listener at 127.0.0.1/44403] INFO  impl.RaftServerProxy (RaftServerProxy.java:lambda$close$4(322)) - 84728469-0fd8-41c1-ac03-11393601ff88: close
2020-10-17 13:19:57,773 [Listener at 127.0.0.1/44403] INFO  impl.RaftServerImpl (RaftServerImpl.java:lambda$shutdown$3(321)) - 84728469-0fd8-41c1-ac03-11393601ff88@group-4F0C448076AF: shutdown
2020-10-17 13:19:57,773 [114e5e52-b703-412c-a818-7058292f97fd@group-E59B6B815161-StateMachineUpdater] INFO  ratis.ContainerStateMachine (ContainerStateMachine.java:takeSnapshot(304)) - group-E59B6B815161: Finished taking a snapshot at:(t:1, i:0) file:/github/workspace/mnt/ozone/hadoop-ozone/integration-test/target/test-dir/MiniOzoneClusterImpl-1fb37825-3c8e-4fc8-8488-3a2a4659ec2d/datanode-0/data/ratis/0f2ca59a-2891-493e-ab0f-e59b6b815161/sm/snapshot.1_0 time:2
2020-10-17 13:19:57,774 [114e5e52-b703-412c-a818-7058292f97fd@group-E59B6B815161-StateMachineUpdater] INFO  impl.StateMachineUpdater (StateMachineUpdater.java:takeSnapshot(277)) - 114e5e52-b703-412c-a818-7058292f97fd@group-E59B6B815161-StateMachineUpdater: Took a snapshot at index 0
2020-10-17 13:19:57,774 [114e5e52-b703-412c-a818-7058292f97fd@group-E59B6B815161-StateMachineUpdater] INFO  impl.StateMachineUpdater (StateMachineUpdater.java:lambda$new$0(87)) - 114e5e52-b703-412c-a818-7058292f97fd@group-E59B6B815161-StateMachineUpdater: snapshotIndex: updateIncreasingly -1 -> 0
2020-10-17 13:19:57,774 [114e5e52-b703-412c-a818-7058292f97fd@group-E59B6B815161-StateMachineUpdater] INFO  metrics.RatisMetrics (RatisMetrics.java:unregister(43)) - Unregistering Metrics Registry : ratis.state_machine.114e5e52-b703-412c-a818-7058292f97fd@group-E59B6B815161
2020-10-17 13:19:57,774 [ForkJoinPool.commonPool-worker-0] INFO  impl.RaftServerImpl (ServerState.java:close(405)) - 114e5e52-b703-412c-a818-7058292f97fd@group-E59B6B815161: closes. applyIndex: 0
2020-10-17 13:19:57,773 [Listener at 127.0.0.1/44403] INFO  util.JmxRegister (JmxRegister.java:unregister(73)) - Successfully un-registered JMX Bean with object name Ratis:service=RaftServer,group=group-4F0C448076AF,id=84728469-0fd8-41c1-ac03-11393601ff88
2020-10-17 13:19:57,774 [Listener at 127.0.0.1/44403] INFO  impl.RoleInfo (RoleInfo.java:shutdownLeaderState(104)) - 84728469-0fd8-41c1-ac03-11393601ff88: shutdown LeaderState
2020-10-17 13:19:57,774 [Listener at 127.0.0.1/44403] INFO  impl.PendingRequests (PendingRequests.java:sendNotLeaderResponses(249)) - 84728469-0fd8-41c1-ac03-11393601ff88@group-4F0C448076AF-PendingRequests: sendNotLeaderResponses
2020-10-17 13:19:57,775 [Listener at 127.0.0.1/44403] INFO  metrics.RatisMetrics (RatisMetrics.java:unregister(43)) - Unregistering Metrics Registry : ratis.log_appender.84728469-0fd8-41c1-ac03-11393601ff88@group-4F0C448076AF
2020-10-17 13:19:57,775 [Listener at 127.0.0.1/44403] INFO  metrics.RatisMetrics (RatisMetrics.java:unregister(43)) - Unregistering Metrics Registry : ratis.server.84728469-0fd8-41c1-ac03-11393601ff88@group-4F0C448076AF
2020-10-17 13:19:57,774 [114e5e52-b703-412c-a818-7058292f97fd@group-E59B6B815161-SegmentedRaftLogWorker] INFO  segmented.SegmentedRaftLogWorker (SegmentedRaftLogWorker.java:run(327)) - 114e5e52-b703-412c-a818-7058292f97fd@group-E59B6B815161-SegmentedRaftLogWorker was interrupted, exiting. There are 0 tasks remaining in the queue.
2020-10-17 13:19:57,776 [Listener at 127.0.0.1/44403] INFO  impl.StateMachineUpdater (StateMachineUpdater.java:stopAndJoin(142)) - 84728469-0fd8-41c1-ac03-11393601ff88@group-4F0C448076AF-StateMachineUpdater: set stopIndex = 0
2020-10-17 13:19:57,776 [84728469-0fd8-41c1-ac03-11393601ff88@group-4F0C448076AF-StateMachineUpdater] INFO  ratis.ContainerStateMachine (ContainerStateMachine.java:takeSnapshot(293)) - group-4F0C448076AF: Taking a snapshot at:(t:1, i:0) file /github/workspace/mnt/ozone/hadoop-ozone/integration-test/target/test-dir/MiniOzoneClusterImpl-1fb37825-3c8e-4fc8-8488-3a2a4659ec2d/datanode-6/data/ratis/400aa601-6397-431f-826f-4f0c448076af/sm/snapshot.1_0
2020-10-17 13:19:57,776 [ForkJoinPool.commonPool-worker-0] INFO  segmented.SegmentedRaftLogWorker (SegmentedRaftLogWorker.java:close(234)) - 114e5e52-b703-412c-a818-7058292f97fd@group-E59B6B815161-SegmentedRaftLogWorker close()
2020-10-17 13:19:57,778 [84728469-0fd8-41c1-ac03-11393601ff88@group-4F0C448076AF-StateMachineUpdater] INFO  ratis.ContainerStateMachine (ContainerStateMachine.java:takeSnapshot(304)) - group-4F0C448076AF: Finished taking a snapshot at:(t:1, i:0) file:/github/workspace/mnt/ozone/hadoop-ozone/integration-test/target/test-dir/MiniOzoneClusterImpl-1fb37825-3c8e-4fc8-8488-3a2a4659ec2d/datanode-6/data/ratis/400aa601-6397-431f-826f-4f0c448076af/sm/snapshot.1_0 time:1
2020-10-17 13:19:57,778 [ForkJoinPool.commonPool-worker-0] INFO  metrics.RatisMetrics (RatisMetrics.java:unregister(43)) - Unregistering Metrics Registry : ratis.log_worker.114e5e52-b703-412c-a818-7058292f97fd@group-E59B6B815161
2020-10-17 13:19:57,778 [84728469-0fd8-41c1-ac03-11393601ff88@group-4F0C448076AF-StateMachineUpdater] INFO  impl.StateMachineUpdater (StateMachineUpdater.java:takeSnapshot(277)) - 84728469-0fd8-41c1-ac03-11393601ff88@group-4F0C448076AF-StateMachineUpdater: Took a snapshot at index 0
2020-10-17 13:19:57,778 [84728469-0fd8-41c1-ac03-11393601ff88@group-4F0C448076AF-StateMachineUpdater] INFO  impl.StateMachineUpdater (StateMachineUpdater.java:lambda$new$0(87)) - 84728469-0fd8-41c1-ac03-11393601ff88@group-4F0C448076AF-StateMachineUpdater: snapshotIndex: updateIncreasingly -1 -> 0
2020-10-17 13:19:57,778 [84728469-0fd8-41c1-ac03-11393601ff88@group-4F0C448076AF-StateMachineUpdater] INFO  metrics.RatisMetrics (RatisMetrics.java:unregister(43)) - Unregistering Metrics Registry : ratis.state_machine.84728469-0fd8-41c1-ac03-11393601ff88@group-4F0C448076AF
2020-10-17 13:19:57,778 [ForkJoinPool.commonPool-worker-0] INFO  metrics.RatisMetrics (RatisMetrics.java:unregister(43)) - Unregistering Metrics Registry : ratis.leader_election.114e5e52-b703-412c-a818-7058292f97fd@group-E59B6B815161
2020-10-17 13:19:57,778 [Listener at 127.0.0.1/44403] INFO  impl.RaftServerImpl (ServerState.java:close(405)) - 84728469-0fd8-41c1-ac03-11393601ff88@group-4F0C448076AF: closes. applyIndex: 0
2020-10-17 13:19:57,779 [ForkJoinPool.commonPool-worker-0] INFO  metrics.RatisMetrics (RatisMetrics.java:unregister(43)) - Unregistering Metrics Registry : ratis.server.114e5e52-b703-412c-a818-7058292f97fd@group-E59B6B815161
2020-10-17 13:19:57,779 [84728469-0fd8-41c1-ac03-11393601ff88@group-4F0C448076AF-SegmentedRaftLogWorker] INFO  segmented.SegmentedRaftLogWorker (SegmentedRaftLogWorker.java:run(327)) - 84728469-0fd8-41c1-ac03-11393601ff88@group-4F0C448076AF-SegmentedRaftLogWorker was interrupted, exiting. There are 0 tasks remaining in the queue.
2020-10-17 13:19:57,779 [ForkJoinPool.commonPool-worker-0] INFO  server.GrpcService (GrpcService.java:closeImpl(183)) - 114e5e52-b703-412c-a818-7058292f97fd: shutdown server with port 42967 now
2020-10-17 13:19:57,780 [Listener at 127.0.0.1/44403] INFO  segmented.SegmentedRaftLogWorker (SegmentedRaftLogWorker.java:close(234)) - 84728469-0fd8-41c1-ac03-11393601ff88@group-4F0C448076AF-SegmentedRaftLogWorker close()
2020-10-17 13:19:57,781 [Listener at 127.0.0.1/44403] INFO  metrics.RatisMetrics (RatisMetrics.java:unregister(43)) - Unregistering Metrics Registry : ratis.log_worker.84728469-0fd8-41c1-ac03-11393601ff88@group-4F0C448076AF
2020-10-17 13:19:57,781 [Listener at 127.0.0.1/44403] INFO  metrics.RatisMetrics (RatisMetrics.java:unregister(43)) - Unregistering Metrics Registry : ratis.leader_election.84728469-0fd8-41c1-ac03-11393601ff88@group-4F0C448076AF
2020-10-17 13:19:57,782 [Listener at 127.0.0.1/44403] INFO  metrics.RatisMetrics (RatisMetrics.java:unregister(43)) - Unregistering Metrics Registry : ratis.server.84728469-0fd8-41c1-ac03-11393601ff88@group-4F0C448076AF
2020-10-17 13:19:57,782 [Listener at 127.0.0.1/44403] INFO  server.GrpcService (GrpcService.java:closeImpl(183)) - 84728469-0fd8-41c1-ac03-11393601ff88: shutdown server with port 37239 now
2020-10-17 13:19:57,782 [Listener at 127.0.0.1/44403] INFO  server.GrpcService (GrpcService.java:closeImpl(191)) - 84728469-0fd8-41c1-ac03-11393601ff88: shutdown server with port 37239 successfully
2020-10-17 13:19:57,783 [Listener at 127.0.0.1/44403] INFO  utils.BackgroundService (BackgroundService.java:shutdown(132)) - Shutting down service BlockDeletingService
2020-10-17 13:19:57,785 [Listener at 127.0.0.1/44403] INFO  statemachine.DatanodeStateMachine (DatanodeStateMachine.java:stopDaemon(453)) - Ozone container server stopped.
2020-10-17 13:19:57,792 [Listener at 127.0.0.1/44403] INFO  handler.ContextHandler (ContextHandler.java:doStop(1016)) - Stopped o.e.j.w.WebAppContext@88e5a43{hddsDatanode,/,null,UNAVAILABLE}{jar:file:/home/user/.m2/repository/org/apache/hadoop/hadoop-hdds-container-service/1.1.0-SNAPSHOT/hadoop-hdds-container-service-1.1.0-SNAPSHOT.jar!/webapps/hddsDatanode}
2020-10-17 13:19:57,794 [ForkJoinPool.commonPool-worker-0] INFO  server.GrpcService (GrpcService.java:closeImpl(191)) - 114e5e52-b703-412c-a818-7058292f97fd: shutdown server with port 42967 successfully
2020-10-17 13:19:57,796 [ForkJoinPool.commonPool-worker-0] INFO  utils.BackgroundService (BackgroundService.java:shutdown(132)) - Shutting down service BlockDeletingService
2020-10-17 13:19:57,798 [ForkJoinPool.commonPool-worker-0] INFO  statemachine.DatanodeStateMachine (DatanodeStateMachine.java:stopDaemon(453)) - Ozone container server stopped.
2020-10-17 13:19:57,799 [Listener at 127.0.0.1/44403] INFO  server.AbstractConnector (AbstractConnector.java:doStop(380)) - Stopped ServerConnector@2aa716db{HTTP/1.1,[http/1.1]}{0.0.0.0:0}
2020-10-17 13:19:57,799 [Listener at 127.0.0.1/44403] INFO  server.session (HouseKeeper.java:stopScavenging(158)) - node0 Stopped scavenging
2020-10-17 13:19:57,800 [Listener at 127.0.0.1/44403] INFO  handler.ContextHandler (ContextHandler.java:doStop(1016)) - Stopped o.e.j.s.ServletContextHandler@37965b04{static,/static,jar:file:/home/user/.m2/repository/org/apache/hadoop/hadoop-hdds-container-service/1.1.0-SNAPSHOT/hadoop-hdds-container-service-1.1.0-SNAPSHOT.jar!/webapps/static,UNAVAILABLE}
2020-10-17 13:19:57,800 [Listener at 127.0.0.1/44403] INFO  handler.ContextHandler (ContextHandler.java:doStop(1016)) - Stopped o.e.j.s.ServletContextHandler@7d084a43{logs,/logs,file:///github/workspace/mnt/ozone/hadoop-ozone/integration-test/target/log,UNAVAILABLE}
2020-10-17 13:19:57,809 [ForkJoinPool.commonPool-worker-0] INFO  handler.ContextHandler (ContextHandler.java:doStop(1016)) - Stopped o.e.j.w.WebAppContext@181504de{hddsDatanode,/,null,UNAVAILABLE}{jar:file:/home/user/.m2/repository/org/apache/hadoop/hadoop-hdds-container-service/1.1.0-SNAPSHOT/hadoop-hdds-container-service-1.1.0-SNAPSHOT.jar!/webapps/hddsDatanode}
2020-10-17 13:19:57,810 [ForkJoinPool.commonPool-worker-0] INFO  server.AbstractConnector (AbstractConnector.java:doStop(380)) - Stopped ServerConnector@4349d6d3{HTTP/1.1,[http/1.1]}{0.0.0.0:0}
2020-10-17 13:19:57,811 [ForkJoinPool.commonPool-worker-0] INFO  server.session (HouseKeeper.java:stopScavenging(158)) - node0 Stopped scavenging
2020-10-17 13:19:57,811 [ForkJoinPool.commonPool-worker-0] INFO  handler.ContextHandler (ContextHandler.java:doStop(1016)) - Stopped o.e.j.s.ServletContextHandler@4cf16fd{static,/static,jar:file:/home/user/.m2/repository/org/apache/hadoop/hadoop-hdds-container-service/1.1.0-SNAPSHOT/hadoop-hdds-container-service-1.1.0-SNAPSHOT.jar!/webapps/static,UNAVAILABLE}
2020-10-17 13:19:57,812 [ForkJoinPool.commonPool-worker-0] INFO  handler.ContextHandler (ContextHandler.java:doStop(1016)) - Stopped o.e.j.s.ServletContextHandler@109f6546{logs,/logs,file:///github/workspace/mnt/ozone/hadoop-ozone/integration-test/target/log,UNAVAILABLE}
2020-10-17 13:19:58,054 [Datanode State Machine Thread - 0] INFO  statemachine.DatanodeStateMachine (DatanodeStateMachine.java:lambda$startDaemon$0(405)) - Ozone container server started.
2020-10-17 13:19:59,964 [Thread-642] INFO  impl.FollowerState (FollowerState.java:run(108)) - 37c4b172-996d-44d9-83fc-874aa9de1693@group-3DCA05227E39-FollowerState: change to CANDIDATE, lastRpcTime:7778ms, electionTimeout:5144ms
2020-10-17 13:19:59,964 [Thread-642] INFO  impl.RoleInfo (RoleInfo.java:shutdownFollowerState(121)) - 37c4b172-996d-44d9-83fc-874aa9de1693: shutdown FollowerState
2020-10-17 13:19:59,964 [Thread-642] INFO  impl.RaftServerImpl (RaftServerImpl.java:setRole(198)) - 37c4b172-996d-44d9-83fc-874aa9de1693@group-3DCA05227E39: changes role from  FOLLOWER to CANDIDATE at term 1 for changeToCandidate
2020-10-17 13:19:59,964 [Thread-642] INFO  impl.RoleInfo (RoleInfo.java:updateAndGet(143)) - 37c4b172-996d-44d9-83fc-874aa9de1693: start LeaderElection
2020-10-17 13:19:59,965 [37c4b172-996d-44d9-83fc-874aa9de1693@group-3DCA05227E39-LeaderElection21] INFO  impl.RaftServerImpl (ServerState.java:setLeader(256)) - 37c4b172-996d-44d9-83fc-874aa9de1693@group-3DCA05227E39: change Leader from f316fc96-4c73-4899-90e3-c2d22b42fa63 to null at term 1 for initElection
2020-10-17 13:19:59,967 [37c4b172-996d-44d9-83fc-874aa9de1693@group-3DCA05227E39-LeaderElection21] INFO  impl.LeaderElection (LeaderElection.java:askForVotes(210)) - 37c4b172-996d-44d9-83fc-874aa9de1693@group-3DCA05227E39-LeaderElection21: begin an election at term 2 for 0: [37c4b172-996d-44d9-83fc-874aa9de1693:172.17.0.2:44187:0, 839b407c-c1de-4b31-afbc-625e07034f6b:172.17.0.2:39563:0, f316fc96-4c73-4899-90e3-c2d22b42fa63:172.17.0.2:33369:0], old=null
2020-10-17 13:19:59,975 [37c4b172-996d-44d9-83fc-874aa9de1693@group-3DCA05227E39-LeaderElection21] INFO  impl.LeaderElection (LogUtils.java:infoOrTrace(137)) - 37c4b172-996d-44d9-83fc-874aa9de1693@group-3DCA05227E39-LeaderElection21 got exception when requesting votes: java.util.concurrent.ExecutionException: org.apache.ratis.thirdparty.io.grpc.StatusRuntimeException: UNAVAILABLE: io exception
2020-10-17 13:19:59,980 [37c4b172-996d-44d9-83fc-874aa9de1693@group-3DCA05227E39-LeaderElection21] INFO  impl.LeaderElection (LogUtils.java:infoOrTrace(137)) - 37c4b172-996d-44d9-83fc-874aa9de1693@group-3DCA05227E39-LeaderElection21 got exception when requesting votes: java.util.concurrent.ExecutionException: org.apache.ratis.thirdparty.io.grpc.StatusRuntimeException: UNAVAILABLE: io exception
2020-10-17 13:19:59,980 [37c4b172-996d-44d9-83fc-874aa9de1693@group-3DCA05227E39-LeaderElection21] INFO  impl.LeaderElection (LeaderElection.java:logAndReturn(62)) - 37c4b172-996d-44d9-83fc-874aa9de1693@group-3DCA05227E39-LeaderElection21: Election REJECTED; received 0 response(s) [] and 2 exception(s); 37c4b172-996d-44d9-83fc-874aa9de1693@group-3DCA05227E39:t2, leader=null, voted=37c4b172-996d-44d9-83fc-874aa9de1693, raftlog=37c4b172-996d-44d9-83fc-874aa9de1693@group-3DCA05227E39-SegmentedRaftLog:OPENED:c0,f0,i0, conf=0: [37c4b172-996d-44d9-83fc-874aa9de1693:172.17.0.2:44187:0, 839b407c-c1de-4b31-afbc-625e07034f6b:172.17.0.2:39563:0, f316fc96-4c73-4899-90e3-c2d22b42fa63:172.17.0.2:33369:0], old=null
2020-10-17 13:19:59,980 [37c4b172-996d-44d9-83fc-874aa9de1693@group-3DCA05227E39-LeaderElection21] INFO  impl.LeaderElection (LogUtils.java:infoOrTrace(137)) -   Exception 0: java.util.concurrent.ExecutionException: org.apache.ratis.thirdparty.io.grpc.StatusRuntimeException: UNAVAILABLE: io exception
2020-10-17 13:19:59,980 [37c4b172-996d-44d9-83fc-874aa9de1693@group-3DCA05227E39-LeaderElection21] INFO  impl.LeaderElection (LogUtils.java:infoOrTrace(137)) -   Exception 1: java.util.concurrent.ExecutionException: org.apache.ratis.thirdparty.io.grpc.StatusRuntimeException: UNAVAILABLE: io exception
2020-10-17 13:19:59,980 [37c4b172-996d-44d9-83fc-874aa9de1693@group-3DCA05227E39-LeaderElection21] INFO  impl.RaftServerImpl (RaftServerImpl.java:setRole(198)) - 37c4b172-996d-44d9-83fc-874aa9de1693@group-3DCA05227E39: changes role from CANDIDATE to FOLLOWER at term 2 for DISCOVERED_A_NEW_TERM
2020-10-17 13:19:59,980 [37c4b172-996d-44d9-83fc-874aa9de1693@group-3DCA05227E39-LeaderElection21] INFO  impl.RoleInfo (RoleInfo.java:shutdownLeaderElection(134)) - 37c4b172-996d-44d9-83fc-874aa9de1693: shutdown LeaderElection
2020-10-17 13:19:59,980 [37c4b172-996d-44d9-83fc-874aa9de1693@group-3DCA05227E39-LeaderElection21] INFO  impl.RoleInfo (RoleInfo.java:updateAndGet(143)) - 37c4b172-996d-44d9-83fc-874aa9de1693: start FollowerState
2020-10-17 13:20:02,811 [Listener at 127.0.0.1/44403] INFO  ozoneimpl.OzoneContainer (OzoneContainer.java:stop(259)) - Attempting to stop container services.
2020-10-17 13:20:02,813 [Listener at 127.0.0.1/44403] INFO  impl.RaftServerProxy (RaftServerProxy.java:lambda$close$4(322)) - 37c4b172-996d-44d9-83fc-874aa9de1693: close
2020-10-17 13:20:02,813 [Listener at 127.0.0.1/44403] INFO  impl.RaftServerImpl (RaftServerImpl.java:lambda$shutdown$3(321)) - 37c4b172-996d-44d9-83fc-874aa9de1693@group-3DCA05227E39: shutdown
2020-10-17 13:20:02,814 [Listener at 127.0.0.1/44403] INFO  util.JmxRegister (JmxRegister.java:unregister(73)) - Successfully un-registered JMX Bean with object name Ratis:service=RaftServer,group=group-3DCA05227E39,id=37c4b172-996d-44d9-83fc-874aa9de1693
2020-10-17 13:20:02,814 [Listener at 127.0.0.1/44403] INFO  impl.RoleInfo (RoleInfo.java:shutdownFollowerState(121)) - 37c4b172-996d-44d9-83fc-874aa9de1693: shutdown FollowerState
2020-10-17 13:20:02,814 [Listener at 127.0.0.1/44403] INFO  impl.StateMachineUpdater (StateMachineUpdater.java:stopAndJoin(142)) - 37c4b172-996d-44d9-83fc-874aa9de1693@group-3DCA05227E39-StateMachineUpdater: set stopIndex = 0
2020-10-17 13:20:02,814 [Thread-726] INFO  impl.FollowerState (FollowerState.java:run(117)) - 37c4b172-996d-44d9-83fc-874aa9de1693@group-3DCA05227E39-FollowerState was interrupted: java.lang.InterruptedException: sleep interrupted
2020-10-17 13:20:02,815 [37c4b172-996d-44d9-83fc-874aa9de1693@group-3DCA05227E39-StateMachineUpdater] INFO  ratis.ContainerStateMachine (ContainerStateMachine.java:takeSnapshot(293)) - group-3DCA05227E39: Taking a snapshot at:(t:1, i:0) file /github/workspace/mnt/ozone/hadoop-ozone/integration-test/target/test-dir/MiniOzoneClusterImpl-1fb37825-3c8e-4fc8-8488-3a2a4659ec2d/datanode-5/data/ratis/8c8bfcf8-5246-4156-a6f3-3dca05227e39/sm/snapshot.1_0
2020-10-17 13:20:02,816 [ForkJoinPool.commonPool-worker-1] INFO  impl.RaftServerImpl (RaftServerImpl.java:lambda$shutdown$3(321)) - 37c4b172-996d-44d9-83fc-874aa9de1693@group-B9FA40716987: shutdown
2020-10-17 13:20:02,816 [ForkJoinPool.commonPool-worker-1] INFO  util.JmxRegister (JmxRegister.java:unregister(73)) - Successfully un-registered JMX Bean with object name Ratis:service=RaftServer,group=group-B9FA40716987,id=37c4b172-996d-44d9-83fc-874aa9de1693
2020-10-17 13:20:02,816 [ForkJoinPool.commonPool-worker-1] INFO  impl.RoleInfo (RoleInfo.java:shutdownLeaderState(104)) - 37c4b172-996d-44d9-83fc-874aa9de1693: shutdown LeaderState
2020-10-17 13:20:02,816 [ForkJoinPool.commonPool-worker-1] INFO  impl.PendingRequests (PendingRequests.java:sendNotLeaderResponses(249)) - 37c4b172-996d-44d9-83fc-874aa9de1693@group-B9FA40716987-PendingRequests: sendNotLeaderResponses
2020-10-17 13:20:02,816 [ForkJoinPool.commonPool-worker-1] INFO  metrics.RatisMetrics (RatisMetrics.java:unregister(43)) - Unregistering Metrics Registry : ratis.log_appender.37c4b172-996d-44d9-83fc-874aa9de1693@group-B9FA40716987
2020-10-17 13:20:02,816 [37c4b172-996d-44d9-83fc-874aa9de1693@group-3DCA05227E39-StateMachineUpdater] INFO  ratis.ContainerStateMachine (ContainerStateMachine.java:takeSnapshot(304)) - group-3DCA05227E39: Finished taking a snapshot at:(t:1, i:0) file:/github/workspace/mnt/ozone/hadoop-ozone/integration-test/target/test-dir/MiniOzoneClusterImpl-1fb37825-3c8e-4fc8-8488-3a2a4659ec2d/datanode-5/data/ratis/8c8bfcf8-5246-4156-a6f3-3dca05227e39/sm/snapshot.1_0 time:1
2020-10-17 13:20:02,816 [37c4b172-996d-44d9-83fc-874aa9de1693@group-3DCA05227E39-StateMachineUpdater] INFO  impl.StateMachineUpdater (StateMachineUpdater.java:takeSnapshot(277)) - 37c4b172-996d-44d9-83fc-874aa9de1693@group-3DCA05227E39-StateMachineUpdater: Took a snapshot at index 0
2020-10-17 13:20:02,817 [37c4b172-996d-44d9-83fc-874aa9de1693@group-3DCA05227E39-StateMachineUpdater] INFO  impl.StateMachineUpdater (StateMachineUpdater.java:lambda$new$0(87)) - 37c4b172-996d-44d9-83fc-874aa9de1693@group-3DCA05227E39-StateMachineUpdater: snapshotIndex: updateIncreasingly -1 -> 0
2020-10-17 13:20:02,817 [37c4b172-996d-44d9-83fc-874aa9de1693@group-3DCA05227E39-StateMachineUpdater] INFO  metrics.RatisMetrics (RatisMetrics.java:unregister(43)) - Unregistering Metrics Registry : ratis.state_machine.37c4b172-996d-44d9-83fc-874aa9de1693@group-3DCA05227E39
2020-10-17 13:20:02,817 [Listener at 127.0.0.1/44403] INFO  impl.RaftServerImpl (ServerState.java:close(405)) - 37c4b172-996d-44d9-83fc-874aa9de1693@group-3DCA05227E39: closes. applyIndex: 0
2020-10-17 13:20:02,817 [ForkJoinPool.commonPool-worker-1] INFO  metrics.RatisMetrics (RatisMetrics.java:unregister(43)) - Unregistering Metrics Registry : ratis.server.37c4b172-996d-44d9-83fc-874aa9de1693@group-B9FA40716987
2020-10-17 13:20:02,817 [37c4b172-996d-44d9-83fc-874aa9de1693@group-3DCA05227E39-SegmentedRaftLogWorker] INFO  segmented.SegmentedRaftLogWorker (SegmentedRaftLogWorker.java:run(327)) - 37c4b172-996d-44d9-83fc-874aa9de1693@group-3DCA05227E39-SegmentedRaftLogWorker was interrupted, exiting. There are 0 tasks remaining in the queue.
2020-10-17 13:20:02,818 [Listener at 127.0.0.1/44403] INFO  segmented.SegmentedRaftLogWorker (SegmentedRaftLogWorker.java:close(234)) - 37c4b172-996d-44d9-83fc-874aa9de1693@group-3DCA05227E39-SegmentedRaftLogWorker close()
2020-10-17 13:20:02,818 [Listener at 127.0.0.1/44403] INFO  metrics.RatisMetrics (RatisMetrics.java:unregister(43)) - Unregistering Metrics Registry : ratis.log_worker.37c4b172-996d-44d9-83fc-874aa9de1693@group-3DCA05227E39
2020-10-17 13:20:02,818 [Listener at 127.0.0.1/44403] INFO  metrics.RatisMetrics (RatisMetrics.java:unregister(43)) - Unregistering Metrics Registry : ratis.leader_election.37c4b172-996d-44d9-83fc-874aa9de1693@group-3DCA05227E39
2020-10-17 13:20:02,818 [37c4b172-996d-44d9-83fc-874aa9de1693@group-B9FA40716987-StateMachineUpdater] INFO  ratis.ContainerStateMachine (ContainerStateMachine.java:takeSnapshot(293)) - group-B9FA40716987: Taking a snapshot at:(t:1, i:0) file /github/workspace/mnt/ozone/hadoop-ozone/integration-test/target/test-dir/MiniOzoneClusterImpl-1fb37825-3c8e-4fc8-8488-3a2a4659ec2d/datanode-5/data/ratis/93b23e16-3bc2-4d35-a8c2-b9fa40716987/sm/snapshot.1_0
2020-10-17 13:20:02,818 [Listener at 127.0.0.1/44403] INFO  metrics.RatisMetrics (RatisMetrics.java:unregister(43)) - Unregistering Metrics Registry : ratis.server.37c4b172-996d-44d9-83fc-874aa9de1693@group-3DCA05227E39
2020-10-17 13:20:02,819 [37c4b172-996d-44d9-83fc-874aa9de1693@group-B9FA40716987-StateMachineUpdater] INFO  ratis.ContainerStateMachine (ContainerStateMachine.java:takeSnapshot(304)) - group-B9FA40716987: Finished taking a snapshot at:(t:1, i:0) file:/github/workspace/mnt/ozone/hadoop-ozone/integration-test/target/test-dir/MiniOzoneClusterImpl-1fb37825-3c8e-4fc8-8488-3a2a4659ec2d/datanode-5/data/ratis/93b23e16-3bc2-4d35-a8c2-b9fa40716987/sm/snapshot.1_0 time:0
2020-10-17 13:20:02,819 [37c4b172-996d-44d9-83fc-874aa9de1693@group-B9FA40716987-StateMachineUpdater] INFO  impl.StateMachineUpdater (StateMachineUpdater.java:takeSnapshot(277)) - 37c4b172-996d-44d9-83fc-874aa9de1693@group-B9FA40716987-StateMachineUpdater: Took a snapshot at index 0
2020-10-17 13:20:02,819 [37c4b172-996d-44d9-83fc-874aa9de1693@group-B9FA40716987-StateMachineUpdater] INFO  impl.StateMachineUpdater (StateMachineUpdater.java:lambda$new$0(87)) - 37c4b172-996d-44d9-83fc-874aa9de1693@group-B9FA40716987-StateMachineUpdater: snapshotIndex: updateIncreasingly -1 -> 0
2020-10-17 13:20:02,819 [37c4b172-996d-44d9-83fc-874aa9de1693@group-B9FA40716987-StateMachineUpdater] INFO  metrics.RatisMetrics (RatisMetrics.java:unregister(43)) - Unregistering Metrics Registry : ratis.state_machine.37c4b172-996d-44d9-83fc-874aa9de1693@group-B9FA40716987
2020-10-17 13:20:02,818 [ForkJoinPool.commonPool-worker-1] INFO  impl.StateMachineUpdater (StateMachineUpdater.java:stopAndJoin(142)) - 37c4b172-996d-44d9-83fc-874aa9de1693@group-B9FA40716987-StateMachineUpdater: set stopIndex = 0
2020-10-17 13:20:02,822 [ForkJoinPool.commonPool-worker-1] INFO  impl.RaftServerImpl (ServerState.java:close(405)) - 37c4b172-996d-44d9-83fc-874aa9de1693@group-B9FA40716987: closes. applyIndex: 0
2020-10-17 13:20:02,822 [37c4b172-996d-44d9-83fc-874aa9de1693@group-B9FA40716987-SegmentedRaftLogWorker] INFO  segmented.SegmentedRaftLogWorker (SegmentedRaftLogWorker.java:run(327)) - 37c4b172-996d-44d9-83fc-874aa9de1693@group-B9FA40716987-SegmentedRaftLogWorker was interrupted, exiting. There are 0 tasks remaining in the queue.
2020-10-17 13:20:02,822 [ForkJoinPool.commonPool-worker-1] INFO  segmented.SegmentedRaftLogWorker (SegmentedRaftLogWorker.java:close(234)) - 37c4b172-996d-44d9-83fc-874aa9de1693@group-B9FA40716987-SegmentedRaftLogWorker close()
2020-10-17 13:20:02,822 [ForkJoinPool.commonPool-worker-1] INFO  metrics.RatisMetrics (RatisMetrics.java:unregister(43)) - Unregistering Metrics Registry : ratis.log_worker.37c4b172-996d-44d9-83fc-874aa9de1693@group-B9FA40716987
2020-10-17 13:20:02,822 [ForkJoinPool.commonPool-worker-1] INFO  metrics.RatisMetrics (RatisMetrics.java:unregister(43)) - Unregistering Metrics Registry : ratis.leader_election.37c4b172-996d-44d9-83fc-874aa9de1693@group-B9FA40716987
2020-10-17 13:20:02,822 [ForkJoinPool.commonPool-worker-1] INFO  metrics.RatisMetrics (RatisMetrics.java:unregister(43)) - Unregistering Metrics Registry : ratis.server.37c4b172-996d-44d9-83fc-874aa9de1693@group-B9FA40716987
2020-10-17 13:20:02,823 [Listener at 127.0.0.1/44403] INFO  server.GrpcService (GrpcService.java:closeImpl(183)) - 37c4b172-996d-44d9-83fc-874aa9de1693: shutdown server with port 44187 now
2020-10-17 13:20:02,824 [Listener at 127.0.0.1/44403] INFO  server.GrpcService (GrpcService.java:closeImpl(191)) - 37c4b172-996d-44d9-83fc-874aa9de1693: shutdown server with port 44187 successfully
2020-10-17 13:20:02,825 [Listener at 127.0.0.1/44403] INFO  utils.BackgroundService (BackgroundService.java:shutdown(132)) - Shutting down service BlockDeletingService
2020-10-17 13:20:02,826 [Listener at 127.0.0.1/44403] INFO  statemachine.DatanodeStateMachine (DatanodeStateMachine.java:stopDaemon(453)) - Ozone container server stopped.
2020-10-17 13:20:02,836 [Listener at 127.0.0.1/44403] INFO  handler.ContextHandler (ContextHandler.java:doStop(1016)) - Stopped o.e.j.w.WebAppContext@3a3e2fa4{hddsDatanode,/,null,UNAVAILABLE}{jar:file:/home/user/.m2/repository/org/apache/hadoop/hadoop-hdds-container-service/1.1.0-SNAPSHOT/hadoop-hdds-container-service-1.1.0-SNAPSHOT.jar!/webapps/hddsDatanode}
2020-10-17 13:20:02,839 [Listener at 127.0.0.1/44403] INFO  server.AbstractConnector (AbstractConnector.java:doStop(380)) - Stopped ServerConnector@68cdad1e{HTTP/1.1,[http/1.1]}{0.0.0.0:0}
2020-10-17 13:20:02,839 [Listener at 127.0.0.1/44403] INFO  server.session (HouseKeeper.java:stopScavenging(158)) - node0 Stopped scavenging
2020-10-17 13:20:02,840 [Listener at 127.0.0.1/44403] INFO  handler.ContextHandler (ContextHandler.java:doStop(1016)) - Stopped o.e.j.s.ServletContextHandler@c9165da{static,/static,jar:file:/home/user/.m2/repository/org/apache/hadoop/hadoop-hdds-container-service/1.1.0-SNAPSHOT/hadoop-hdds-container-service-1.1.0-SNAPSHOT.jar!/webapps/static,UNAVAILABLE}
2020-10-17 13:20:02,840 [Listener at 127.0.0.1/44403] INFO  handler.ContextHandler (ContextHandler.java:doStop(1016)) - Stopped o.e.j.s.ServletContextHandler@b2ebeef{logs,/logs,file:///github/workspace/mnt/ozone/hadoop-ozone/integration-test/target/log,UNAVAILABLE}
2020-10-17 13:20:02,841 [Listener at 127.0.0.1/44403] INFO  ozone.MiniOzoneClusterImpl (MiniOzoneClusterImpl.java:stopSCM(476)) - Stopping the StorageContainerManager
2020-10-17 13:20:02,841 [Listener at 127.0.0.1/44403] INFO  server.StorageContainerManager (StorageContainerManager.java:stop(832)) - Stopping Replication Manager Service.
2020-10-17 13:20:02,841 [Listener at 127.0.0.1/44403] INFO  container.ReplicationManager (ReplicationManager.java:stop(219)) - Stopping Replication Monitor Thread.
2020-10-17 13:20:02,842 [Listener at 127.0.0.1/44403] INFO  server.StorageContainerManager (StorageContainerManager.java:stop(839)) - Stopping Lease Manager of the command watchers
2020-10-17 13:20:02,842 [Listener at 127.0.0.1/44403] INFO  server.StorageContainerManager (StorageContainerManager.java:stop(846)) - Stopping datanode service RPC server
2020-10-17 13:20:02,842 [Listener at 127.0.0.1/44403] INFO  server.SCMDatanodeProtocolServer (SCMDatanodeProtocolServer.java:stop(361)) - Stopping the RPC server for DataNodes
2020-10-17 13:20:02,842 [CommandWatcher-LeaseManager#LeaseMonitor] ERROR lease.LeaseManager (LeaseManager.java:run(238)) - Execution was interrupted 
java.lang.InterruptedException: sleep interrupted
	at java.lang.Thread.sleep(Native Method)
	at org.apache.hadoop.ozone.lease.LeaseManager$LeaseMonitor.run(LeaseManager.java:234)
	at java.lang.Thread.run(Thread.java:748)
2020-10-17 13:20:02,842 [Listener at 127.0.0.1/44403] INFO  ipc.Server (Server.java:stop(3359)) - Stopping server on 45415
2020-10-17 13:20:02,846 [IPC Server listener on 0] INFO  ipc.Server (Server.java:run(1330)) - Stopping IPC Server listener on 0
2020-10-17 13:20:02,847 [IPC Server Responder] INFO  ipc.Server (Server.java:run(1465)) - Stopping IPC Server Responder
2020-10-17 13:20:02,892 [SCM Heartbeat Processing Thread - 0] WARN  node.NodeStateManager (NodeStateManager.java:scheduleNextHealthCheck(661)) - Current Thread is interrupted, shutting down HB processing thread for Node Manager.
2020-10-17 13:20:02,892 [Listener at 127.0.0.1/44403] INFO  server.StorageContainerManager (StorageContainerManager.java:stop(854)) - Stopping block service RPC server
2020-10-17 13:20:02,893 [Listener at 127.0.0.1/44403] INFO  server.SCMBlockProtocolServer (SCMBlockProtocolServer.java:stop(158)) - Stopping the RPC server for Block Protocol
2020-10-17 13:20:02,893 [Listener at 127.0.0.1/44403] INFO  ipc.Server (Server.java:stop(3359)) - Stopping server on 46053
2020-10-17 13:20:02,893 [IPC Server listener on 0] INFO  ipc.Server (Server.java:run(1330)) - Stopping IPC Server listener on 0
2020-10-17 13:20:02,896 [IPC Server Responder] INFO  ipc.Server (Server.java:run(1465)) - Stopping IPC Server Responder
2020-10-17 13:20:02,896 [Listener at 127.0.0.1/44403] INFO  server.StorageContainerManager (StorageContainerManager.java:stop(861)) - Stopping the StorageContainerLocationProtocol RPC server
2020-10-17 13:20:02,896 [Listener at 127.0.0.1/44403] INFO  server.SCMClientProtocolServer (SCMClientProtocolServer.java:stop(165)) - Stopping the RPC server for Client Protocol
2020-10-17 13:20:02,896 [Listener at 127.0.0.1/44403] INFO  ipc.Server (Server.java:stop(3359)) - Stopping server on 42337
2020-10-17 13:20:02,898 [IPC Server listener on 0] INFO  ipc.Server (Server.java:run(1330)) - Stopping IPC Server listener on 0
2020-10-17 13:20:02,899 [IPC Server Responder] INFO  ipc.Server (Server.java:run(1465)) - Stopping IPC Server Responder
2020-10-17 13:20:02,899 [Listener at 127.0.0.1/44403] INFO  server.StorageContainerManager (StorageContainerManager.java:stop(868)) - Stopping Storage Container Manager HTTP server.
2020-10-17 13:20:02,900 [Listener at 127.0.0.1/44403] INFO  handler.ContextHandler (ContextHandler.java:doStop(1016)) - Stopped o.e.j.w.WebAppContext@1fb11193{scm,/,null,UNAVAILABLE}{file:/github/workspace/mnt/ozone/hadoop-ozone/integration-test/target/test-classes/webapps/scm}
2020-10-17 13:20:02,901 [Listener at 127.0.0.1/44403] INFO  server.AbstractConnector (AbstractConnector.java:doStop(380)) - Stopped ServerConnector@630f8952{HTTP/1.1,[http/1.1]}{0.0.0.0:0}
2020-10-17 13:20:02,901 [Listener at 127.0.0.1/44403] INFO  server.session (HouseKeeper.java:stopScavenging(158)) - node0 Stopped scavenging
2020-10-17 13:20:02,901 [Listener at 127.0.0.1/44403] INFO  handler.ContextHandler (ContextHandler.java:doStop(1016)) - Stopped o.e.j.s.ServletContextHandler@5ba9adaf{static,/static,file:///github/workspace/mnt/ozone/hadoop-ozone/integration-test/target/test-classes/webapps/static,UNAVAILABLE}
2020-10-17 13:20:02,901 [Listener at 127.0.0.1/44403] INFO  handler.ContextHandler (ContextHandler.java:doStop(1016)) - Stopped o.e.j.s.ServletContextHandler@45863b4{logs,/logs,file:///github/workspace/mnt/ozone/hadoop-ozone/integration-test/target/log,UNAVAILABLE}
2020-10-17 13:20:02,903 [Listener at 127.0.0.1/44403] INFO  server.StorageContainerManager (StorageContainerManager.java:stop(879)) - Stopping Block Manager Service.
2020-10-17 13:20:02,903 [Listener at 127.0.0.1/44403] INFO  utils.BackgroundService (BackgroundService.java:shutdown(132)) - Shutting down service SCMBlockDeletingService
2020-10-17 13:20:02,904 [Listener at 127.0.0.1/44403] INFO  utils.BackgroundService (BackgroundService.java:shutdown(132)) - Shutting down service SCMBlockDeletingService
2020-10-17 13:20:02,904 [Listener at 127.0.0.1/44403] INFO  server.StorageContainerManager (StorageContainerManager.java:stop(904)) - Stopping SCM Event Queue.
2020-10-17 13:20:02,909 [Listener at 127.0.0.1/44403] INFO  impl.MetricsSystemImpl (MetricsSystemImpl.java:stop(210)) - Stopping HddsDatanode metrics system...
2020-10-17 13:20:02,915 [Listener at 127.0.0.1/44403] INFO  impl.MetricsSystemImpl (MetricsSystemImpl.java:stop(216)) - HddsDatanode metrics system stopped.
]]></system-out>
  </testcase>
</testsuite>