<?xml version="1.0" encoding="UTF-8"?>
<testsuite xmlns:xsi="http://www.w3.org/2001/XMLSchema-instance" xsi:noNamespaceSchemaLocation="https://maven.apache.org/surefire/maven-surefire-plugin/xsd/surefire-test-report-3.0.xsd" version="3.0" name="org.apache.hadoop.hdds.scm.pipeline.TestRatisPipelineCreateAndDestroy" time="158.362" tests="3" errors="1" skipped="0" failures="0">
  <properties>
    <property name="awt.toolkit" value="sun.awt.X11.XToolkit"/>
    <property name="file.encoding.pkg" value="sun.io"/>
    <property name="java.specification.version" value="1.8"/>
    <property name="sun.cpu.isalist" value=""/>
    <property name="sun.jnu.encoding" value="UTF-8"/>
    <property name="java.class.path" value="/home/runner/work/ozone/ozone/hadoop-ozone/integration-test/target/test-classes:/home/runner/work/ozone/ozone/hadoop-ozone/integration-test/target/classes:/home/runner/.m2/repository/org/apache/ozone/ozone-common/1.3.0-SNAPSHOT/ozone-common-1.3.0-SNAPSHOT.jar:/home/runner/.m2/repository/io/grpc/grpc-netty/1.48.1/grpc-netty-1.48.1.jar:/home/runner/.m2/repository/io/grpc/grpc-core/1.48.1/grpc-core-1.48.1.jar:/home/runner/.m2/repository/com/google/android/annotations/4.1.1.4/annotations-4.1.1.4.jar:/home/runner/.m2/repository/org/codehaus/mojo/animal-sniffer-annotations/1.21/animal-sniffer-annotations-1.21.jar:/home/runner/.m2/repository/com/google/errorprone/error_prone_annotations/2.2.0/error_prone_annotations-2.2.0.jar:/home/runner/.m2/repository/io/perfmark/perfmark-api/0.25.0/perfmark-api-0.25.0.jar:/home/runner/.m2/repository/io/netty/netty-codec-http2/4.1.79.Final/netty-codec-http2-4.1.79.Final.jar:/home/runner/.m2/repository/io/netty/netty-common/4.1.79.Final/netty-common-4.1.79.Final.jar:/home/runner/.m2/repository/io/netty/netty-buffer/4.1.79.Final/netty-buffer-4.1.79.Final.jar:/home/runner/.m2/repository/io/netty/netty-codec-http/4.1.79.Final/netty-codec-http-4.1.79.Final.jar:/home/runner/.m2/repository/io/netty/netty-handler-proxy/4.1.79.Final/netty-handler-proxy-4.1.79.Final.jar:/home/runner/.m2/repository/io/netty/netty-codec-socks/4.1.79.Final/netty-codec-socks-4.1.79.Final.jar:/home/runner/.m2/repository/io/netty/netty-tcnative-boringssl-static/2.0.53.Final/netty-tcnative-boringssl-static-2.0.53.Final.jar:/home/runner/.m2/repository/io/netty/netty-tcnative-classes/2.0.53.Final/netty-tcnative-classes-2.0.53.Final.jar:/home/runner/.m2/repository/io/netty/netty-tcnative-boringssl-static/2.0.53.Final/netty-tcnative-boringssl-static-2.0.53.Final-linux-x86_64.jar:/home/runner/.m2/repository/io/netty/netty-tcnative-boringssl-static/2.0.53.Final/netty-tcnative-boringssl-static-2.0.53.Final-linux-aarch_64.jar:/home/runner/.m2/repository/io/netty/netty-tcnative-boringssl-static/2.0.53.Final/netty-tcnative-boringssl-static-2.0.53.Final-osx-x86_64.jar:/home/runner/.m2/repository/io/netty/netty-tcnative-boringssl-static/2.0.53.Final/netty-tcnative-boringssl-static-2.0.53.Final-osx-aarch_64.jar:/home/runner/.m2/repository/io/netty/netty-tcnative-boringssl-static/2.0.53.Final/netty-tcnative-boringssl-static-2.0.53.Final-windows-x86_64.jar:/home/runner/.m2/repository/org/apache/commons/commons-compress/1.21/commons-compress-1.21.jar:/home/runner/.m2/repository/org/apache/ozone/hdds-common/1.3.0-SNAPSHOT/hdds-common-1.3.0-SNAPSHOT.jar:/home/runner/.m2/repository/org/apache/ozone/hdds-client/1.3.0-SNAPSHOT/hdds-client-1.3.0-SNAPSHOT.jar:/home/runner/.m2/repository/org/apache/ozone/ozone-interface-client/1.3.0-SNAPSHOT/ozone-interface-client-1.3.0-SNAPSHOT.jar:/home/runner/.m2/repository/org/apache/ozone/hdds-test-utils/1.3.0-SNAPSHOT/hdds-test-utils-1.3.0-SNAPSHOT.jar:/home/runner/.m2/repository/com/google/guava/guava/31.1-jre/guava-31.1-jre.jar:/home/runner/.m2/repository/com/google/guava/failureaccess/1.0.1/failureaccess-1.0.1.jar:/home/runner/.m2/repository/com/google/guava/listenablefuture/9999.0-empty-to-avoid-conflict-with-guava/listenablefuture-9999.0-empty-to-avoid-conflict-with-guava.jar:/home/runner/.m2/repository/com/google/code/findbugs/jsr305/3.0.0/jsr305-3.0.0.jar:/home/runner/.m2/repository/org/checkerframework/checker-qual/3.12.0/checker-qual-3.12.0.jar:/home/runner/.m2/repository/com/google/j2objc/j2objc-annotations/1.3/j2objc-annotations-1.3.jar:/home/runner/.m2/repository/commons-io/commons-io/2.11.0/commons-io-2.11.0.jar:/home/runner/.m2/repository/commons-logging/commons-logging/1.2/commons-logging-1.2.jar:/home/runner/.m2/repository/ch/qos/reload4j/reload4j/1.2.22/reload4j-1.2.22.jar:/home/runner/.m2/repository/org/slf4j/slf4j-api/1.7.36/slf4j-api-1.7.36.jar:/home/runner/.m2/repository/org/apache/ozone/hdds-server-scm/1.3.0-SNAPSHOT/hdds-server-scm-1.3.0-SNAPSHOT.jar:/home/runner/.m2/repository/org/apache/ozone/hdds-container-service/1.3.0-SNAPSHOT/hdds-container-service-1.3.0-SNAPSHOT.jar:/home/runner/.m2/repository/org/apache/ozone/hdds-hadoop-dependency-server/1.3.0-SNAPSHOT/hdds-hadoop-dependency-server-1.3.0-SNAPSHOT.jar:/home/runner/.m2/repository/org/apache/hadoop/hadoop-hdfs/3.3.4/hadoop-hdfs-3.3.4.jar:/home/runner/.m2/repository/org/eclipse/jetty/jetty-util-ajax/9.4.49.v20220914/jetty-util-ajax-9.4.49.v20220914.jar:/home/runner/.m2/repository/commons-daemon/commons-daemon/1.0.13/commons-daemon-1.0.13.jar:/home/runner/.m2/repository/org/apache/ozone/hdds-server-framework/1.3.0-SNAPSHOT/hdds-server-framework-1.3.0-SNAPSHOT.jar:/home/runner/.m2/repository/org/apache/ozone/hdds-interface-server/1.3.0-SNAPSHOT/hdds-interface-server-1.3.0-SNAPSHOT.jar:/home/runner/.m2/repository/org/apache/commons/commons-configuration2/2.1.1/commons-configuration2-2.1.1.jar:/home/runner/.m2/repository/org/apache/logging/log4j/log4j-core/2.17.1/log4j-core-2.17.1.jar:/home/runner/.m2/repository/com/lmax/disruptor/3.4.2/disruptor-3.4.2.jar:/home/runner/.m2/repository/org/eclipse/jetty/jetty-servlet/9.4.49.v20220914/jetty-servlet-9.4.49.v20220914.jar:/home/runner/.m2/repository/org/eclipse/jetty/jetty-security/9.4.49.v20220914/jetty-security-9.4.49.v20220914.jar:/home/runner/.m2/repository/org/rocksdb/rocksdbjni/7.7.3/rocksdbjni-7.7.3.jar:/home/runner/.m2/repository/io/prometheus/simpleclient_dropwizard/0.7.0/simpleclient_dropwizard-0.7.0.jar:/home/runner/.m2/repository/io/prometheus/simpleclient/0.7.0/simpleclient-0.7.0.jar:/home/runner/.m2/repository/io/prometheus/simpleclient_common/0.7.0/simpleclient_common-0.7.0.jar:/home/runner/.m2/repository/com/github/spotbugs/spotbugs-annotations/3.1.12/spotbugs-annotations-3.1.12.jar:/home/runner/.m2/repository/io/dropwizard/metrics/metrics-core/3.2.4/metrics-core-3.2.4.jar:/home/runner/.m2/repository/org/apache/commons/commons-text/1.4/commons-text-1.4.jar:/home/runner/.m2/repository/org/apache/hadoop/hadoop-hdfs-client/3.3.4/hadoop-hdfs-client-3.3.4.jar:/home/runner/.m2/repository/com/squareup/okhttp3/okhttp/4.9.3/okhttp-4.9.3.jar:/home/runner/.m2/repository/com/squareup/okio/okio/2.8.0/okio-2.8.0.jar:/home/runner/.m2/repository/org/jetbrains/kotlin/kotlin-stdlib-common/1.4.10/kotlin-stdlib-common-1.4.10.jar:/home/runner/.m2/repository/org/bouncycastle/bcprov-jdk15on/1.67/bcprov-jdk15on-1.67.jar:/home/runner/.m2/repository/com/google/protobuf/protobuf-java/2.5.0/protobuf-java-2.5.0.jar:/home/runner/.m2/repository/org/apache/ozone/ozone-manager/1.3.0-SNAPSHOT/ozone-manager-1.3.0-SNAPSHOT.jar:/home/runner/.m2/repository/org/aspectj/aspectjrt/1.9.7/aspectjrt-1.9.7.jar:/home/runner/.m2/repository/org/aspectj/aspectjweaver/1.9.7/aspectjweaver-1.9.7.jar:/home/runner/.m2/repository/org/apache/ozone/hdds-interface-client/1.3.0-SNAPSHOT/hdds-interface-client-1.3.0-SNAPSHOT.jar:/home/runner/.m2/repository/org/apache/hadoop/thirdparty/hadoop-shaded-protobuf_3_7/1.1.1/hadoop-shaded-protobuf_3_7-1.1.1.jar:/home/runner/.m2/repository/org/apache/ozone/ozone-interface-storage/1.3.0-SNAPSHOT/ozone-interface-storage-1.3.0-SNAPSHOT.jar:/home/runner/.m2/repository/org/reflections/reflections/0.9.11/reflections-0.9.11.jar:/home/runner/.m2/repository/com/sun/jersey/jersey-client/1.19/jersey-client-1.19.jar:/home/runner/.m2/repository/org/apache/ranger/ranger-intg/2.3.0/ranger-intg-2.3.0.jar:/home/runner/.m2/repository/org/apache/ranger/ranger-plugins-common/2.3.0/ranger-plugins-common-2.3.0.jar:/home/runner/.m2/repository/commons-lang/commons-lang/2.6/commons-lang-2.6.jar:/home/runner/.m2/repository/org/codehaus/jackson/jackson-jaxrs/1.9.13/jackson-jaxrs-1.9.13.jar:/home/runner/.m2/repository/org/apache/ranger/ranger-plugins-cred/2.3.0/ranger-plugins-cred-2.3.0.jar:/home/runner/.m2/repository/org/apache/ranger/ranger-plugins-audit/2.3.0/ranger-plugins-audit-2.3.0.jar:/home/runner/.m2/repository/org/eclipse/jetty/jetty-client/9.4.31.v20200723/jetty-client-9.4.31.v20200723.jar:/home/runner/.m2/repository/org/apache/httpcomponents/httpmime/4.5.6/httpmime-4.5.6.jar:/home/runner/.m2/repository/org/apache/httpcomponents/httpcore-nio/4.4.6/httpcore-nio-4.4.6.jar:/home/runner/.m2/repository/org/apache/httpcomponents/httpasyncclient/4.1.3/httpasyncclient-4.1.3.jar:/home/runner/.m2/repository/com/carrotsearch/hppc/0.8.0/hppc-0.8.0.jar:/home/runner/.m2/repository/org/apache/orc/orc-core/1.5.8/orc-core-1.5.8.jar:/home/runner/.m2/repository/net/java/dev/jna/jna/5.2.0/jna-5.2.0.jar:/home/runner/.m2/repository/net/java/dev/jna/jna-platform/5.2.0/jna-platform-5.2.0.jar:/home/runner/.m2/repository/com/kstruct/gethostname4j/0.0.2/gethostname4j-0.0.2.jar:/home/runner/.m2/repository/org/apache/ranger/ranger-plugin-classloader/2.3.0/ranger-plugin-classloader-2.3.0.jar:/home/runner/.m2/repository/org/apache/hadoop/hadoop-minikdc/3.3.4/hadoop-minikdc-3.3.4.jar:/home/runner/.m2/repository/org/apache/kerby/kerb-simplekdc/1.0.1/kerb-simplekdc-1.0.1.jar:/home/runner/.m2/repository/org/apache/kerby/kerb-client/1.0.1/kerb-client-1.0.1.jar:/home/runner/.m2/repository/org/apache/kerby/kerby-config/1.0.1/kerby-config-1.0.1.jar:/home/runner/.m2/repository/org/apache/kerby/kerb-common/1.0.1/kerb-common-1.0.1.jar:/home/runner/.m2/repository/org/apache/kerby/kerb-crypto/1.0.1/kerb-crypto-1.0.1.jar:/home/runner/.m2/repository/org/apache/kerby/kerb-util/1.0.1/kerb-util-1.0.1.jar:/home/runner/.m2/repository/org/apache/kerby/token-provider/1.0.1/token-provider-1.0.1.jar:/home/runner/.m2/repository/org/apache/kerby/kerb-admin/1.0.1/kerb-admin-1.0.1.jar:/home/runner/.m2/repository/org/apache/kerby/kerb-server/1.0.1/kerb-server-1.0.1.jar:/home/runner/.m2/repository/org/apache/kerby/kerb-identity/1.0.1/kerb-identity-1.0.1.jar:/home/runner/.m2/repository/org/apache/kerby/kerby-xdr/1.0.1/kerby-xdr-1.0.1.jar:/home/runner/.m2/repository/org/apache/ozone/ozone-s3gateway/1.3.0-SNAPSHOT/ozone-s3gateway-1.3.0-SNAPSHOT.jar:/home/runner/.m2/repository/org/javassist/javassist/3.21.0-GA/javassist-3.21.0-GA.jar:/home/runner/.m2/repository/org/jboss/weld/servlet/weld-servlet/2.4.7.Final/weld-servlet-2.4.7.Final.jar:/home/runner/.m2/repository/org/glassfish/jersey/containers/jersey-container-servlet-core/2.34/jersey-container-servlet-core-2.34.jar:/home/runner/.m2/repository/org/glassfish/hk2/external/jakarta.inject/2.6.1/jakarta.inject-2.6.1.jar:/home/runner/.m2/repository/org/glassfish/jersey/core/jersey-common/2.34/jersey-common-2.34.jar:/home/runner/.m2/repository/jakarta/ws/rs/jakarta.ws.rs-api/2.1.6/jakarta.ws.rs-api-2.1.6.jar:/home/runner/.m2/repository/org/glassfish/jersey/ext/cdi/jersey-cdi1x/2.34/jersey-cdi1x-2.34.jar:/home/runner/.m2/repository/org/glassfish/jersey/inject/jersey-hk2/2.34/jersey-hk2-2.34.jar:/home/runner/.m2/repository/org/glassfish/hk2/hk2-locator/2.6.1/hk2-locator-2.6.1.jar:/home/runner/.m2/repository/org/glassfish/jersey/media/jersey-media-jaxb/2.34/jersey-media-jaxb-2.34.jar:/home/runner/.m2/repository/org/glassfish/hk2/osgi-resource-locator/1.0.3/osgi-resource-locator-1.0.3.jar:/home/runner/.m2/repository/org/glassfish/hk2/hk2-api/2.5.0/hk2-api-2.5.0.jar:/home/runner/.m2/repository/org/glassfish/hk2/hk2-utils/2.5.0/hk2-utils-2.5.0.jar:/home/runner/.m2/repository/org/glassfish/hk2/external/aopalliance-repackaged/2.5.0/aopalliance-repackaged-2.5.0.jar:/home/runner/.m2/repository/com/fasterxml/jackson/dataformat/jackson-dataformat-xml/2.13.4/jackson-dataformat-xml-2.13.4.jar:/home/runner/.m2/repository/com/fasterxml/jackson/core/jackson-core/2.13.4/jackson-core-2.13.4.jar:/home/runner/.m2/repository/org/codehaus/woodstox/stax2-api/3.1.4/stax2-api-3.1.4.jar:/home/runner/.m2/repository/com/fasterxml/woodstox/woodstox-core/5.4.0/woodstox-core-5.4.0.jar:/home/runner/.m2/repository/com/fasterxml/jackson/module/jackson-module-jaxb-annotations/2.13.4/jackson-module-jaxb-annotations-2.13.4.jar:/home/runner/.m2/repository/jakarta/xml/bind/jakarta.xml.bind-api/2.3.3/jakarta.xml.bind-api-2.3.3.jar:/home/runner/.m2/repository/jakarta/activation/jakarta.activation-api/1.2.1/jakarta.activation-api-1.2.1.jar:/home/runner/.m2/repository/javax/enterprise/cdi-api/1.2/cdi-api-1.2.jar:/home/runner/.m2/repository/javax/el/javax.el-api/3.0.0/javax.el-api-3.0.0.jar:/home/runner/.m2/repository/javax/interceptor/javax.interceptor-api/1.2/javax.interceptor-api-1.2.jar:/home/runner/.m2/repository/javax/inject/javax.inject/1/javax.inject-1.jar:/home/runner/.m2/repository/javax/xml/bind/jaxb-api/2.3.0/jaxb-api-2.3.0.jar:/home/runner/.m2/repository/org/glassfish/jaxb/jaxb-runtime/2.3.0.1/jaxb-runtime-2.3.0.1.jar:/home/runner/.m2/repository/org/glassfish/jaxb/jaxb-core/2.3.0.1/jaxb-core-2.3.0.1.jar:/home/runner/.m2/repository/org/glassfish/jaxb/txw2/2.3.0.1/txw2-2.3.0.1.jar:/home/runner/.m2/repository/com/sun/istack/istack-commons-runtime/3.0.5/istack-commons-runtime-3.0.5.jar:/home/runner/.m2/repository/org/jvnet/staxex/stax-ex/1.7.8/stax-ex-1.7.8.jar:/home/runner/.m2/repository/com/sun/xml/fastinfoset/FastInfoset/1.2.13/FastInfoset-1.2.13.jar:/home/runner/.m2/repository/javax/activation/activation/1.1.1/activation-1.1.1.jar:/home/runner/.m2/repository/io/grpc/grpc-protobuf/1.48.1/grpc-protobuf-1.48.1.jar:/home/runner/.m2/repository/io/grpc/grpc-api/1.48.1/grpc-api-1.48.1.jar:/home/runner/.m2/repository/io/grpc/grpc-context/1.48.1/grpc-context-1.48.1.jar:/home/runner/.m2/repository/com/google/api/grpc/proto-google-common-protos/2.9.0/proto-google-common-protos-2.9.0.jar:/home/runner/.m2/repository/io/grpc/grpc-protobuf-lite/1.48.1/grpc-protobuf-lite-1.48.1.jar:/home/runner/.m2/repository/io/grpc/grpc-stub/1.48.1/grpc-stub-1.48.1.jar:/home/runner/.m2/repository/io/netty/netty-transport/4.1.79.Final/netty-transport-4.1.79.Final.jar:/home/runner/.m2/repository/io/netty/netty-resolver/4.1.79.Final/netty-resolver-4.1.79.Final.jar:/home/runner/.m2/repository/org/apache/ozone/ozone-csi/1.3.0-SNAPSHOT/ozone-csi-1.3.0-SNAPSHOT.jar:/home/runner/.m2/repository/com/google/protobuf/protobuf-java-util/3.19.2/protobuf-java-util-3.19.2.jar:/home/runner/.m2/repository/com/google/code/gson/gson/2.9.0/gson-2.9.0.jar:/home/runner/.m2/repository/org/apache/ozone/hdds-config/1.3.0-SNAPSHOT/hdds-config-1.3.0-SNAPSHOT.jar:/home/runner/.m2/repository/io/netty/netty-transport-native-epoll/4.1.79.Final/netty-transport-native-epoll-4.1.79.Final-linux-x86_64.jar:/home/runner/.m2/repository/io/netty/netty-transport-classes-epoll/4.1.79.Final/netty-transport-classes-epoll-4.1.79.Final.jar:/home/runner/.m2/repository/io/netty/netty-transport-native-unix-common/4.1.79.Final/netty-transport-native-unix-common-4.1.79.Final.jar:/home/runner/.m2/repository/org/slf4j/slf4j-reload4j/1.7.36/slf4j-reload4j-1.7.36.jar:/home/runner/.m2/repository/org/apache/ozone/ozone-recon/1.3.0-SNAPSHOT/ozone-recon-1.3.0-SNAPSHOT.jar:/home/runner/.m2/repository/org/apache/ozone/ozone-reconcodegen/1.3.0-SNAPSHOT/ozone-reconcodegen-1.3.0-SNAPSHOT.jar:/home/runner/.m2/repository/com/google/inject/extensions/guice-multibindings/4.0/guice-multibindings-4.0.jar:/home/runner/.m2/repository/com/google/inject/guice/4.0/guice-4.0.jar:/home/runner/.m2/repository/aopalliance/aopalliance/1.0/aopalliance-1.0.jar:/home/runner/.m2/repository/com/google/inject/extensions/guice-assistedinject/4.0/guice-assistedinject-4.0.jar:/home/runner/.m2/repository/com/google/inject/extensions/guice-servlet/4.0/guice-servlet-4.0.jar:/home/runner/.m2/repository/org/glassfish/jersey/containers/jersey-container-servlet/2.34/jersey-container-servlet-2.34.jar:/home/runner/.m2/repository/org/glassfish/hk2/guice-bridge/2.5.0/guice-bridge-2.5.0.jar:/home/runner/.m2/repository/org/glassfish/jersey/core/jersey-server/2.34/jersey-server-2.34.jar:/home/runner/.m2/repository/org/glassfish/jersey/core/jersey-client/2.34/jersey-client-2.34.jar:/home/runner/.m2/repository/jakarta/annotation/jakarta.annotation-api/1.3.5/jakarta.annotation-api-1.3.5.jar:/home/runner/.m2/repository/jakarta/validation/jakarta.validation-api/2.0.2/jakarta.validation-api-2.0.2.jar:/home/runner/.m2/repository/org/glassfish/jersey/media/jersey-media-json-jackson/2.34/jersey-media-json-jackson-2.34.jar:/home/runner/.m2/repository/org/glassfish/jersey/ext/jersey-entity-filtering/2.34/jersey-entity-filtering-2.34.jar:/home/runner/.m2/repository/org/jooq/jooq/3.11.10/jooq-3.11.10.jar:/home/runner/.m2/repository/org/jooq/jooq-meta/3.11.10/jooq-meta-3.11.10.jar:/home/runner/.m2/repository/org/jooq/jooq-codegen/3.11.10/jooq-codegen-3.11.10.jar:/home/runner/.m2/repository/com/jolbox/bonecp/0.8.0.RELEASE/bonecp-0.8.0.RELEASE.jar:/home/runner/.m2/repository/org/apache/derby/derby/10.14.2.0/derby-10.14.2.0.jar:/home/runner/.m2/repository/org/xerial/sqlite-jdbc/3.25.2/sqlite-jdbc-3.25.2.jar:/home/runner/.m2/repository/org/springframework/spring-jdbc/5.3.23/spring-jdbc-5.3.23.jar:/home/runner/.m2/repository/org/springframework/spring-beans/5.3.23/spring-beans-5.3.23.jar:/home/runner/.m2/repository/org/springframework/spring-core/5.3.23/spring-core-5.3.23.jar:/home/runner/.m2/repository/org/springframework/spring-jcl/5.3.23/spring-jcl-5.3.23.jar:/home/runner/.m2/repository/org/springframework/spring-tx/5.3.23/spring-tx-5.3.23.jar:/home/runner/.m2/repository/org/apache/ozone/ozone-client/1.3.0-SNAPSHOT/ozone-client-1.3.0-SNAPSHOT.jar:/home/runner/.m2/repository/org/apache/ozone/hdds-erasurecode/1.3.0-SNAPSHOT/hdds-erasurecode-1.3.0-SNAPSHOT.jar:/home/runner/.m2/repository/org/apache/ozone/ozone-filesystem/1.3.0-SNAPSHOT/ozone-filesystem-1.3.0-SNAPSHOT.jar:/home/runner/.m2/repository/org/apache/ozone/ozone-filesystem-common/1.3.0-SNAPSHOT/ozone-filesystem-common-1.3.0-SNAPSHOT.jar:/home/runner/.m2/repository/org/apache/ozone/ozone-tools/1.3.0-SNAPSHOT/ozone-tools-1.3.0-SNAPSHOT.jar:/home/runner/.m2/repository/org/apache/ratis/ratis-tools/2.4.0/ratis-tools-2.4.0.jar:/home/runner/.m2/repository/com/amazonaws/aws-java-sdk-core/1.12.261/aws-java-sdk-core-1.12.261.jar:/home/runner/.m2/repository/org/apache/httpcomponents/httpclient/4.5.13/httpclient-4.5.13.jar:/home/runner/.m2/repository/org/apache/httpcomponents/httpcore/4.4.13/httpcore-4.4.13.jar:/home/runner/.m2/repository/software/amazon/ion/ion-java/1.0.2/ion-java-1.0.2.jar:/home/runner/.m2/repository/com/fasterxml/jackson/dataformat/jackson-dataformat-cbor/2.13.4/jackson-dataformat-cbor-2.13.4.jar:/home/runner/.m2/repository/joda-time/joda-time/2.8.1/joda-time-2.8.1.jar:/home/runner/.m2/repository/com/amazonaws/aws-java-sdk-s3/1.12.261/aws-java-sdk-s3-1.12.261.jar:/home/runner/.m2/repository/com/amazonaws/aws-java-sdk-kms/1.12.261/aws-java-sdk-kms-1.12.261.jar:/home/runner/.m2/repository/com/amazonaws/jmespath-java/1.12.261/jmespath-java-1.12.261.jar:/home/runner/.m2/repository/org/kohsuke/metainf-services/metainf-services/1.8/metainf-services-1.8.jar:/home/runner/.m2/repository/org/apache/ozone/hdds-tools/1.3.0-SNAPSHOT/hdds-tools-1.3.0-SNAPSHOT.jar:/home/runner/.m2/repository/commons-cli/commons-cli/1.2/commons-cli-1.2.jar:/home/runner/.m2/repository/org/apache/commons/commons-lang3/3.7/commons-lang3-3.7.jar:/home/runner/.m2/repository/org/apache/ozone/ozone-manager/1.3.0-SNAPSHOT/ozone-manager-1.3.0-SNAPSHOT-tests.jar:/home/runner/.m2/repository/org/apache/ozone/hdds-common/1.3.0-SNAPSHOT/hdds-common-1.3.0-SNAPSHOT-tests.jar:/home/runner/.m2/repository/org/apache/ozone/hdds-hadoop-dependency-client/1.3.0-SNAPSHOT/hdds-hadoop-dependency-client-1.3.0-SNAPSHOT.jar:/home/runner/.m2/repository/info/picocli/picocli/4.6.1/picocli-4.6.1.jar:/home/runner/.m2/repository/com/fasterxml/jackson/core/jackson-annotations/2.13.4/jackson-annotations-2.13.4.jar:/home/runner/.m2/repository/com/fasterxml/jackson/datatype/jackson-datatype-jsr310/2.13.4/jackson-datatype-jsr310-2.13.4.jar:/home/runner/.m2/repository/org/apache/ozone/hdds-annotation-processing/1.3.0-SNAPSHOT/hdds-annotation-processing-1.3.0-SNAPSHOT.jar:/home/runner/.m2/repository/javax/annotation/javax.annotation-api/1.2/javax.annotation-api-1.2.jar:/home/runner/.m2/repository/org/apache/ratis/ratis-server/2.4.0/ratis-server-2.4.0.jar:/home/runner/.m2/repository/org/apache/ratis/ratis-client/2.4.0/ratis-client-2.4.0.jar:/home/runner/.m2/repository/org/apache/ratis/ratis-server-api/2.4.0/ratis-server-api-2.4.0.jar:/home/runner/.m2/repository/org/apache/ratis/ratis-metrics/2.4.0/ratis-metrics-2.4.0.jar:/home/runner/.m2/repository/org/apache/ratis/ratis-netty/2.4.0/ratis-netty-2.4.0.jar:/home/runner/.m2/repository/org/apache/ratis/ratis-grpc/2.4.0/ratis-grpc-2.4.0.jar:/home/runner/.m2/repository/org/apache/logging/log4j/log4j-api/2.17.1/log4j-api-2.17.1.jar:/home/runner/.m2/repository/org/apache/commons/commons-pool2/2.6.0/commons-pool2-2.6.0.jar:/home/runner/.m2/repository/org/bouncycastle/bcpkix-jdk15on/1.67/bcpkix-jdk15on-1.67.jar:/home/runner/.m2/repository/commons-validator/commons-validator/1.6/commons-validator-1.6.jar:/home/runner/.m2/repository/commons-beanutils/commons-beanutils/1.9.4/commons-beanutils-1.9.4.jar:/home/runner/.m2/repository/commons-digester/commons-digester/1.8.1/commons-digester-1.8.1.jar:/home/runner/.m2/repository/commons-collections/commons-collections/3.2.2/commons-collections-3.2.2.jar:/home/runner/.m2/repository/io/jaegertracing/jaeger-client/1.6.0/jaeger-client-1.6.0.jar:/home/runner/.m2/repository/io/jaegertracing/jaeger-thrift/1.6.0/jaeger-thrift-1.6.0.jar:/home/runner/.m2/repository/org/apache/thrift/libthrift/0.14.1/libthrift-0.14.1.jar:/home/runner/.m2/repository/io/jaegertracing/jaeger-core/1.6.0/jaeger-core-1.6.0.jar:/home/runner/.m2/repository/io/jaegertracing/jaeger-tracerresolver/1.6.0/jaeger-tracerresolver-1.6.0.jar:/home/runner/.m2/repository/io/opentracing/contrib/opentracing-tracerresolver/0.1.8/opentracing-tracerresolver-0.1.8.jar:/home/runner/.m2/repository/org/jetbrains/kotlin/kotlin-stdlib/1.6.21/kotlin-stdlib-1.6.21.jar:/home/runner/.m2/repository/org/jetbrains/annotations/13.0/annotations-13.0.jar:/home/runner/.m2/repository/io/opentracing/opentracing-util/0.33.0/opentracing-util-0.33.0.jar:/home/runner/.m2/repository/io/opentracing/opentracing-api/0.33.0/opentracing-api-0.33.0.jar:/home/runner/.m2/repository/io/opentracing/opentracing-noop/0.33.0/opentracing-noop-0.33.0.jar:/home/runner/.m2/repository/org/yaml/snakeyaml/1.33/snakeyaml-1.33.jar:/home/runner/.m2/repository/org/apache/ozone/hdds-interface-admin/1.3.0-SNAPSHOT/hdds-interface-admin-1.3.0-SNAPSHOT.jar:/home/runner/.m2/repository/junit/junit/4.13.1/junit-4.13.1.jar:/home/runner/.m2/repository/org/hamcrest/hamcrest-core/1.3/hamcrest-core-1.3.jar:/home/runner/.m2/repository/org/junit/jupiter/junit-jupiter-api/5.8.2/junit-jupiter-api-5.8.2.jar:/home/runner/.m2/repository/org/opentest4j/opentest4j/1.2.0/opentest4j-1.2.0.jar:/home/runner/.m2/repository/org/junit/platform/junit-platform-commons/1.8.2/junit-platform-commons-1.8.2.jar:/home/runner/.m2/repository/org/apiguardian/apiguardian-api/1.1.2/apiguardian-api-1.1.2.jar:/home/runner/.m2/repository/org/junit/jupiter/junit-jupiter-params/5.8.2/junit-jupiter-params-5.8.2.jar:/home/runner/.m2/repository/org/junit/jupiter/junit-jupiter-migrationsupport/5.8.2/junit-jupiter-migrationsupport-5.8.2.jar:/home/runner/.m2/repository/org/junit/jupiter/junit-jupiter-engine/5.8.2/junit-jupiter-engine-5.8.2.jar:/home/runner/.m2/repository/org/junit/platform/junit-platform-engine/1.8.2/junit-platform-engine-1.8.2.jar:/home/runner/.m2/repository/org/junit/vintage/junit-vintage-engine/5.8.2/junit-vintage-engine-5.8.2.jar:/home/runner/.m2/repository/org/junit/platform/junit-platform-launcher/1.8.2/junit-platform-launcher-1.8.2.jar:/home/runner/.m2/repository/org/mockito/mockito-core/2.28.2/mockito-core-2.28.2.jar:/home/runner/.m2/repository/net/bytebuddy/byte-buddy/1.9.10/byte-buddy-1.9.10.jar:/home/runner/.m2/repository/net/bytebuddy/byte-buddy-agent/1.9.10/byte-buddy-agent-1.9.10.jar:/home/runner/.m2/repository/org/objenesis/objenesis/1.0/objenesis-1.0.jar:/home/runner/.m2/repository/org/apache/hadoop/hadoop-kms/3.3.4/hadoop-kms-3.3.4.jar:/home/runner/.m2/repository/org/apache/hadoop/hadoop-auth/3.3.4/hadoop-auth-3.3.4.jar:/home/runner/.m2/repository/com/nimbusds/nimbus-jose-jwt/7.9/nimbus-jose-jwt-7.9.jar:/home/runner/.m2/repository/com/github/stephenc/jcip/jcip-annotations/1.0-1/jcip-annotations-1.0-1.jar:/home/runner/.m2/repository/net/minidev/json-smart/2.4.7/json-smart-2.4.7.jar:/home/runner/.m2/repository/net/minidev/accessors-smart/2.4.7/accessors-smart-2.4.7.jar:/home/runner/.m2/repository/org/ow2/asm/asm/5.0.4/asm-5.0.4.jar:/home/runner/.m2/repository/org/apache/zookeeper/zookeeper/3.5.6/zookeeper-3.5.6.jar:/home/runner/.m2/repository/org/apache/zookeeper/zookeeper-jute/3.5.6/zookeeper-jute-3.5.6.jar:/home/runner/.m2/repository/org/apache/yetus/audience-annotations/0.5.0/audience-annotations-0.5.0.jar:/home/runner/.m2/repository/org/apache/curator/curator-framework/4.2.0/curator-framework-4.2.0.jar:/home/runner/.m2/repository/org/apache/hadoop/thirdparty/hadoop-shaded-guava/1.1.1/hadoop-shaded-guava-1.1.1.jar:/home/runner/.m2/repository/com/sun/jersey/jersey-core/1.19/jersey-core-1.19.jar:/home/runner/.m2/repository/javax/ws/rs/jsr311-api/1.1.1/jsr311-api-1.1.1.jar:/home/runner/.m2/repository/com/sun/jersey/jersey-server/1.19/jersey-server-1.19.jar:/home/runner/.m2/repository/javax/servlet/javax.servlet-api/3.1.0/javax.servlet-api-3.1.0.jar:/home/runner/.m2/repository/org/eclipse/jetty/jetty-server/9.4.49.v20220914/jetty-server-9.4.49.v20220914.jar:/home/runner/.m2/repository/org/eclipse/jetty/jetty-http/9.4.49.v20220914/jetty-http-9.4.49.v20220914.jar:/home/runner/.m2/repository/org/eclipse/jetty/jetty-io/9.4.49.v20220914/jetty-io-9.4.49.v20220914.jar:/home/runner/.m2/repository/org/eclipse/jetty/jetty-webapp/9.4.49.v20220914/jetty-webapp-9.4.49.v20220914.jar:/home/runner/.m2/repository/org/eclipse/jetty/jetty-xml/9.4.49.v20220914/jetty-xml-9.4.49.v20220914.jar:/home/runner/.m2/repository/org/apache/hadoop/hadoop-common/3.3.4/hadoop-common-3.3.4.jar:/home/runner/.m2/repository/org/apache/commons/commons-math3/3.1.1/commons-math3-3.1.1.jar:/home/runner/.m2/repository/commons-net/commons-net/3.6/commons-net-3.6.jar:/home/runner/.m2/repository/com/sun/jersey/jersey-servlet/1.19/jersey-servlet-1.19.jar:/home/runner/.m2/repository/com/sun/jersey/jersey-json/1.19/jersey-json-1.19.jar:/home/runner/.m2/repository/org/codehaus/jettison/jettison/1.1/jettison-1.1.jar:/home/runner/.m2/repository/com/sun/xml/bind/jaxb-impl/2.2.3-1/jaxb-impl-2.2.3-1.jar:/home/runner/.m2/repository/org/codehaus/jackson/jackson-xc/1.9.2/jackson-xc-1.9.2.jar:/home/runner/.m2/repository/com/google/re2j/re2j/1.1/re2j-1.1.jar:/home/runner/.m2/repository/com/jcraft/jsch/0.1.54/jsch-0.1.54.jar:/home/runner/.m2/repository/org/apache/curator/curator-client/4.2.0/curator-client-4.2.0.jar:/home/runner/.m2/repository/org/apache/curator/curator-recipes/4.2.0/curator-recipes-4.2.0.jar:/home/runner/.m2/repository/org/apache/kerby/kerb-core/1.0.1/kerb-core-1.0.1.jar:/home/runner/.m2/repository/org/apache/kerby/kerby-pkix/1.0.1/kerby-pkix-1.0.1.jar:/home/runner/.m2/repository/org/apache/kerby/kerby-asn1/1.0.1/kerby-asn1-1.0.1.jar:/home/runner/.m2/repository/org/apache/kerby/kerby-util/1.0.1/kerby-util-1.0.1.jar:/home/runner/.m2/repository/dnsjava/dnsjava/2.1.7/dnsjava-2.1.7.jar:/home/runner/.m2/repository/org/xerial/snappy/snappy-java/1.1.8.2/snappy-java-1.1.8.2.jar:/home/runner/.m2/repository/org/eclipse/jetty/jetty-util/9.4.49.v20220914/jetty-util-9.4.49.v20220914.jar:/home/runner/.m2/repository/com/fasterxml/jackson/core/jackson-databind/2.13.4.2/jackson-databind-2.13.4.2.jar:/home/runner/.m2/repository/org/apache/hadoop/hadoop-kms/3.3.4/hadoop-kms-3.3.4-tests.jar:/home/runner/.m2/repository/org/apache/ozone/hdds-server-scm/1.3.0-SNAPSHOT/hdds-server-scm-1.3.0-SNAPSHOT-tests.jar:/home/runner/.m2/repository/org/apache/ozone/hdds-container-service/1.3.0-SNAPSHOT/hdds-container-service-1.3.0-SNAPSHOT-tests.jar:/home/runner/.m2/repository/commons-codec/commons-codec/1.11/commons-codec-1.11.jar:/home/runner/.m2/repository/io/netty/netty-codec/4.1.79.Final/netty-codec-4.1.79.Final.jar:/home/runner/.m2/repository/io/netty/netty-handler/4.1.79.Final/netty-handler-4.1.79.Final.jar:/home/runner/.m2/repository/org/apache/ozone/hdds-hadoop-dependency-test/1.3.0-SNAPSHOT/hdds-hadoop-dependency-test-1.3.0-SNAPSHOT.jar:/home/runner/.m2/repository/org/apache/hadoop/hadoop-common/3.3.4/hadoop-common-3.3.4-tests.jar:/home/runner/.m2/repository/org/apache/hadoop/hadoop-hdfs/3.3.4/hadoop-hdfs-3.3.4-tests.jar:/home/runner/.m2/repository/org/assertj/assertj-core/3.12.2/assertj-core-3.12.2.jar:/home/runner/.m2/repository/org/apache/hadoop/hadoop-distcp/3.3.4/hadoop-distcp-3.3.4.jar:/home/runner/.m2/repository/org/apache/hadoop/hadoop-mapreduce-client-jobclient/3.3.4/hadoop-mapreduce-client-jobclient-3.3.4.jar:/home/runner/.m2/repository/org/apache/hadoop/hadoop-mapreduce-client-common/3.3.4/hadoop-mapreduce-client-common-3.3.4.jar:/home/runner/.m2/repository/org/apache/hadoop/hadoop-yarn-common/3.3.4/hadoop-yarn-common-3.3.4.jar:/home/runner/.m2/repository/org/apache/hadoop/hadoop-yarn-api/3.3.4/hadoop-yarn-api-3.3.4.jar:/home/runner/.m2/repository/com/sun/jersey/contribs/jersey-guice/1.19/jersey-guice-1.19.jar:/home/runner/.m2/repository/com/fasterxml/jackson/jaxrs/jackson-jaxrs-json-provider/2.13.4/jackson-jaxrs-json-provider-2.13.4.jar:/home/runner/.m2/repository/com/fasterxml/jackson/jaxrs/jackson-jaxrs-base/2.13.4/jackson-jaxrs-base-2.13.4.jar:/home/runner/.m2/repository/org/apache/hadoop/hadoop-yarn-client/3.3.4/hadoop-yarn-client-3.3.4.jar:/home/runner/.m2/repository/org/eclipse/jetty/websocket/websocket-client/9.4.43.v20210629/websocket-client-9.4.43.v20210629.jar:/home/runner/.m2/repository/org/eclipse/jetty/websocket/websocket-common/9.4.43.v20210629/websocket-common-9.4.43.v20210629.jar:/home/runner/.m2/repository/org/eclipse/jetty/websocket/websocket-api/9.4.43.v20210629/websocket-api-9.4.43.v20210629.jar:/home/runner/.m2/repository/org/jline/jline/3.9.0/jline-3.9.0.jar:/home/runner/.m2/repository/org/apache/hadoop/hadoop-mapreduce-client-core/3.3.4/hadoop-mapreduce-client-core-3.3.4.jar:/home/runner/.m2/repository/org/apache/avro/avro/1.7.7/avro-1.7.7.jar:/home/runner/.m2/repository/org/codehaus/jackson/jackson-core-asl/1.9.13/jackson-core-asl-1.9.13.jar:/home/runner/.m2/repository/org/codehaus/jackson/jackson-mapper-asl/1.9.13/jackson-mapper-asl-1.9.13.jar:/home/runner/.m2/repository/com/thoughtworks/paranamer/paranamer/2.3/paranamer-2.3.jar:/home/runner/.m2/repository/org/apache/hadoop/hadoop-annotations/3.3.4/hadoop-annotations-3.3.4.jar:/usr/lib/jvm/temurin-8-jdk-amd64/jre/../lib/tools.jar:/home/runner/.m2/repository/io/netty/netty/3.10.6.Final/netty-3.10.6.Final.jar:/home/runner/.m2/repository/org/apache/hadoop/hadoop-distcp/3.3.4/hadoop-distcp-3.3.4-tests.jar:/home/runner/.m2/repository/org/slf4j/jul-to-slf4j/1.7.36/jul-to-slf4j-1.7.36.jar:/home/runner/.m2/repository/org/apache/ratis/ratis-common/2.4.0/ratis-common-2.4.0.jar:/home/runner/.m2/repository/org/apache/ratis/ratis-thirdparty-misc/1.0.2/ratis-thirdparty-misc-1.0.2.jar:/home/runner/.m2/repository/org/apache/ratis/ratis-proto/2.4.0/ratis-proto-2.4.0.jar:"/>
    <property name="java.vm.vendor" value="Temurin"/>
    <property name="sun.arch.data.model" value="64"/>
    <property name="test.build.dir" value="/home/runner/work/ozone/ozone/hadoop-ozone/integration-test/target/test-dir"/>
    <property name="test.cache.data" value=""/>
    <property name="java.vendor.url" value="https://adoptium.net/"/>
    <property name="user.timezone" value="Etc/UTC"/>
    <property name="java.vm.specification.version" value="1.8"/>
    <property name="os.name" value="Linux"/>
    <property name="test.build.data" value="/home/runner/work/ozone/ozone/hadoop-ozone/integration-test/target/test-dir"/>
    <property name="sun.java.launcher" value="SUN_STANDARD"/>
    <property name="sun.boot.library.path" value="/usr/lib/jvm/temurin-8-jdk-amd64/jre/lib/amd64"/>
    <property name="sun.java.command" value="/home/runner/work/ozone/ozone/hadoop-ozone/integration-test/target/surefire/surefirebooter4442128804990782708.jar /home/runner/work/ozone/ozone/hadoop-ozone/integration-test/target/surefire 2022-11-14T00-56-44_971-jvmRun1 surefire2290762816283890929tmp surefire_75745207115160382501tmp"/>
    <property name="surefire.test.class.path" value="/home/runner/work/ozone/ozone/hadoop-ozone/integration-test/target/test-classes:/home/runner/work/ozone/ozone/hadoop-ozone/integration-test/target/classes:/home/runner/.m2/repository/org/apache/ozone/ozone-common/1.3.0-SNAPSHOT/ozone-common-1.3.0-SNAPSHOT.jar:/home/runner/.m2/repository/io/grpc/grpc-netty/1.48.1/grpc-netty-1.48.1.jar:/home/runner/.m2/repository/io/grpc/grpc-core/1.48.1/grpc-core-1.48.1.jar:/home/runner/.m2/repository/com/google/android/annotations/4.1.1.4/annotations-4.1.1.4.jar:/home/runner/.m2/repository/org/codehaus/mojo/animal-sniffer-annotations/1.21/animal-sniffer-annotations-1.21.jar:/home/runner/.m2/repository/com/google/errorprone/error_prone_annotations/2.2.0/error_prone_annotations-2.2.0.jar:/home/runner/.m2/repository/io/perfmark/perfmark-api/0.25.0/perfmark-api-0.25.0.jar:/home/runner/.m2/repository/io/netty/netty-codec-http2/4.1.79.Final/netty-codec-http2-4.1.79.Final.jar:/home/runner/.m2/repository/io/netty/netty-common/4.1.79.Final/netty-common-4.1.79.Final.jar:/home/runner/.m2/repository/io/netty/netty-buffer/4.1.79.Final/netty-buffer-4.1.79.Final.jar:/home/runner/.m2/repository/io/netty/netty-codec-http/4.1.79.Final/netty-codec-http-4.1.79.Final.jar:/home/runner/.m2/repository/io/netty/netty-handler-proxy/4.1.79.Final/netty-handler-proxy-4.1.79.Final.jar:/home/runner/.m2/repository/io/netty/netty-codec-socks/4.1.79.Final/netty-codec-socks-4.1.79.Final.jar:/home/runner/.m2/repository/io/netty/netty-tcnative-boringssl-static/2.0.53.Final/netty-tcnative-boringssl-static-2.0.53.Final.jar:/home/runner/.m2/repository/io/netty/netty-tcnative-classes/2.0.53.Final/netty-tcnative-classes-2.0.53.Final.jar:/home/runner/.m2/repository/io/netty/netty-tcnative-boringssl-static/2.0.53.Final/netty-tcnative-boringssl-static-2.0.53.Final-linux-x86_64.jar:/home/runner/.m2/repository/io/netty/netty-tcnative-boringssl-static/2.0.53.Final/netty-tcnative-boringssl-static-2.0.53.Final-linux-aarch_64.jar:/home/runner/.m2/repository/io/netty/netty-tcnative-boringssl-static/2.0.53.Final/netty-tcnative-boringssl-static-2.0.53.Final-osx-x86_64.jar:/home/runner/.m2/repository/io/netty/netty-tcnative-boringssl-static/2.0.53.Final/netty-tcnative-boringssl-static-2.0.53.Final-osx-aarch_64.jar:/home/runner/.m2/repository/io/netty/netty-tcnative-boringssl-static/2.0.53.Final/netty-tcnative-boringssl-static-2.0.53.Final-windows-x86_64.jar:/home/runner/.m2/repository/org/apache/commons/commons-compress/1.21/commons-compress-1.21.jar:/home/runner/.m2/repository/org/apache/ozone/hdds-common/1.3.0-SNAPSHOT/hdds-common-1.3.0-SNAPSHOT.jar:/home/runner/.m2/repository/org/apache/ozone/hdds-client/1.3.0-SNAPSHOT/hdds-client-1.3.0-SNAPSHOT.jar:/home/runner/.m2/repository/org/apache/ozone/ozone-interface-client/1.3.0-SNAPSHOT/ozone-interface-client-1.3.0-SNAPSHOT.jar:/home/runner/.m2/repository/org/apache/ozone/hdds-test-utils/1.3.0-SNAPSHOT/hdds-test-utils-1.3.0-SNAPSHOT.jar:/home/runner/.m2/repository/com/google/guava/guava/31.1-jre/guava-31.1-jre.jar:/home/runner/.m2/repository/com/google/guava/failureaccess/1.0.1/failureaccess-1.0.1.jar:/home/runner/.m2/repository/com/google/guava/listenablefuture/9999.0-empty-to-avoid-conflict-with-guava/listenablefuture-9999.0-empty-to-avoid-conflict-with-guava.jar:/home/runner/.m2/repository/com/google/code/findbugs/jsr305/3.0.0/jsr305-3.0.0.jar:/home/runner/.m2/repository/org/checkerframework/checker-qual/3.12.0/checker-qual-3.12.0.jar:/home/runner/.m2/repository/com/google/j2objc/j2objc-annotations/1.3/j2objc-annotations-1.3.jar:/home/runner/.m2/repository/commons-io/commons-io/2.11.0/commons-io-2.11.0.jar:/home/runner/.m2/repository/commons-logging/commons-logging/1.2/commons-logging-1.2.jar:/home/runner/.m2/repository/ch/qos/reload4j/reload4j/1.2.22/reload4j-1.2.22.jar:/home/runner/.m2/repository/org/slf4j/slf4j-api/1.7.36/slf4j-api-1.7.36.jar:/home/runner/.m2/repository/org/apache/ozone/hdds-server-scm/1.3.0-SNAPSHOT/hdds-server-scm-1.3.0-SNAPSHOT.jar:/home/runner/.m2/repository/org/apache/ozone/hdds-container-service/1.3.0-SNAPSHOT/hdds-container-service-1.3.0-SNAPSHOT.jar:/home/runner/.m2/repository/org/apache/ozone/hdds-hadoop-dependency-server/1.3.0-SNAPSHOT/hdds-hadoop-dependency-server-1.3.0-SNAPSHOT.jar:/home/runner/.m2/repository/org/apache/hadoop/hadoop-hdfs/3.3.4/hadoop-hdfs-3.3.4.jar:/home/runner/.m2/repository/org/eclipse/jetty/jetty-util-ajax/9.4.49.v20220914/jetty-util-ajax-9.4.49.v20220914.jar:/home/runner/.m2/repository/commons-daemon/commons-daemon/1.0.13/commons-daemon-1.0.13.jar:/home/runner/.m2/repository/org/apache/ozone/hdds-server-framework/1.3.0-SNAPSHOT/hdds-server-framework-1.3.0-SNAPSHOT.jar:/home/runner/.m2/repository/org/apache/ozone/hdds-interface-server/1.3.0-SNAPSHOT/hdds-interface-server-1.3.0-SNAPSHOT.jar:/home/runner/.m2/repository/org/apache/commons/commons-configuration2/2.1.1/commons-configuration2-2.1.1.jar:/home/runner/.m2/repository/org/apache/logging/log4j/log4j-core/2.17.1/log4j-core-2.17.1.jar:/home/runner/.m2/repository/com/lmax/disruptor/3.4.2/disruptor-3.4.2.jar:/home/runner/.m2/repository/org/eclipse/jetty/jetty-servlet/9.4.49.v20220914/jetty-servlet-9.4.49.v20220914.jar:/home/runner/.m2/repository/org/eclipse/jetty/jetty-security/9.4.49.v20220914/jetty-security-9.4.49.v20220914.jar:/home/runner/.m2/repository/org/rocksdb/rocksdbjni/7.7.3/rocksdbjni-7.7.3.jar:/home/runner/.m2/repository/io/prometheus/simpleclient_dropwizard/0.7.0/simpleclient_dropwizard-0.7.0.jar:/home/runner/.m2/repository/io/prometheus/simpleclient/0.7.0/simpleclient-0.7.0.jar:/home/runner/.m2/repository/io/prometheus/simpleclient_common/0.7.0/simpleclient_common-0.7.0.jar:/home/runner/.m2/repository/com/github/spotbugs/spotbugs-annotations/3.1.12/spotbugs-annotations-3.1.12.jar:/home/runner/.m2/repository/io/dropwizard/metrics/metrics-core/3.2.4/metrics-core-3.2.4.jar:/home/runner/.m2/repository/org/apache/commons/commons-text/1.4/commons-text-1.4.jar:/home/runner/.m2/repository/org/apache/hadoop/hadoop-hdfs-client/3.3.4/hadoop-hdfs-client-3.3.4.jar:/home/runner/.m2/repository/com/squareup/okhttp3/okhttp/4.9.3/okhttp-4.9.3.jar:/home/runner/.m2/repository/com/squareup/okio/okio/2.8.0/okio-2.8.0.jar:/home/runner/.m2/repository/org/jetbrains/kotlin/kotlin-stdlib-common/1.4.10/kotlin-stdlib-common-1.4.10.jar:/home/runner/.m2/repository/org/bouncycastle/bcprov-jdk15on/1.67/bcprov-jdk15on-1.67.jar:/home/runner/.m2/repository/com/google/protobuf/protobuf-java/2.5.0/protobuf-java-2.5.0.jar:/home/runner/.m2/repository/org/apache/ozone/ozone-manager/1.3.0-SNAPSHOT/ozone-manager-1.3.0-SNAPSHOT.jar:/home/runner/.m2/repository/org/aspectj/aspectjrt/1.9.7/aspectjrt-1.9.7.jar:/home/runner/.m2/repository/org/aspectj/aspectjweaver/1.9.7/aspectjweaver-1.9.7.jar:/home/runner/.m2/repository/org/apache/ozone/hdds-interface-client/1.3.0-SNAPSHOT/hdds-interface-client-1.3.0-SNAPSHOT.jar:/home/runner/.m2/repository/org/apache/hadoop/thirdparty/hadoop-shaded-protobuf_3_7/1.1.1/hadoop-shaded-protobuf_3_7-1.1.1.jar:/home/runner/.m2/repository/org/apache/ozone/ozone-interface-storage/1.3.0-SNAPSHOT/ozone-interface-storage-1.3.0-SNAPSHOT.jar:/home/runner/.m2/repository/org/reflections/reflections/0.9.11/reflections-0.9.11.jar:/home/runner/.m2/repository/com/sun/jersey/jersey-client/1.19/jersey-client-1.19.jar:/home/runner/.m2/repository/org/apache/ranger/ranger-intg/2.3.0/ranger-intg-2.3.0.jar:/home/runner/.m2/repository/org/apache/ranger/ranger-plugins-common/2.3.0/ranger-plugins-common-2.3.0.jar:/home/runner/.m2/repository/commons-lang/commons-lang/2.6/commons-lang-2.6.jar:/home/runner/.m2/repository/org/codehaus/jackson/jackson-jaxrs/1.9.13/jackson-jaxrs-1.9.13.jar:/home/runner/.m2/repository/org/apache/ranger/ranger-plugins-cred/2.3.0/ranger-plugins-cred-2.3.0.jar:/home/runner/.m2/repository/org/apache/ranger/ranger-plugins-audit/2.3.0/ranger-plugins-audit-2.3.0.jar:/home/runner/.m2/repository/org/eclipse/jetty/jetty-client/9.4.31.v20200723/jetty-client-9.4.31.v20200723.jar:/home/runner/.m2/repository/org/apache/httpcomponents/httpmime/4.5.6/httpmime-4.5.6.jar:/home/runner/.m2/repository/org/apache/httpcomponents/httpcore-nio/4.4.6/httpcore-nio-4.4.6.jar:/home/runner/.m2/repository/org/apache/httpcomponents/httpasyncclient/4.1.3/httpasyncclient-4.1.3.jar:/home/runner/.m2/repository/com/carrotsearch/hppc/0.8.0/hppc-0.8.0.jar:/home/runner/.m2/repository/org/apache/orc/orc-core/1.5.8/orc-core-1.5.8.jar:/home/runner/.m2/repository/net/java/dev/jna/jna/5.2.0/jna-5.2.0.jar:/home/runner/.m2/repository/net/java/dev/jna/jna-platform/5.2.0/jna-platform-5.2.0.jar:/home/runner/.m2/repository/com/kstruct/gethostname4j/0.0.2/gethostname4j-0.0.2.jar:/home/runner/.m2/repository/org/apache/ranger/ranger-plugin-classloader/2.3.0/ranger-plugin-classloader-2.3.0.jar:/home/runner/.m2/repository/org/apache/hadoop/hadoop-minikdc/3.3.4/hadoop-minikdc-3.3.4.jar:/home/runner/.m2/repository/org/apache/kerby/kerb-simplekdc/1.0.1/kerb-simplekdc-1.0.1.jar:/home/runner/.m2/repository/org/apache/kerby/kerb-client/1.0.1/kerb-client-1.0.1.jar:/home/runner/.m2/repository/org/apache/kerby/kerby-config/1.0.1/kerby-config-1.0.1.jar:/home/runner/.m2/repository/org/apache/kerby/kerb-common/1.0.1/kerb-common-1.0.1.jar:/home/runner/.m2/repository/org/apache/kerby/kerb-crypto/1.0.1/kerb-crypto-1.0.1.jar:/home/runner/.m2/repository/org/apache/kerby/kerb-util/1.0.1/kerb-util-1.0.1.jar:/home/runner/.m2/repository/org/apache/kerby/token-provider/1.0.1/token-provider-1.0.1.jar:/home/runner/.m2/repository/org/apache/kerby/kerb-admin/1.0.1/kerb-admin-1.0.1.jar:/home/runner/.m2/repository/org/apache/kerby/kerb-server/1.0.1/kerb-server-1.0.1.jar:/home/runner/.m2/repository/org/apache/kerby/kerb-identity/1.0.1/kerb-identity-1.0.1.jar:/home/runner/.m2/repository/org/apache/kerby/kerby-xdr/1.0.1/kerby-xdr-1.0.1.jar:/home/runner/.m2/repository/org/apache/ozone/ozone-s3gateway/1.3.0-SNAPSHOT/ozone-s3gateway-1.3.0-SNAPSHOT.jar:/home/runner/.m2/repository/org/javassist/javassist/3.21.0-GA/javassist-3.21.0-GA.jar:/home/runner/.m2/repository/org/jboss/weld/servlet/weld-servlet/2.4.7.Final/weld-servlet-2.4.7.Final.jar:/home/runner/.m2/repository/org/glassfish/jersey/containers/jersey-container-servlet-core/2.34/jersey-container-servlet-core-2.34.jar:/home/runner/.m2/repository/org/glassfish/hk2/external/jakarta.inject/2.6.1/jakarta.inject-2.6.1.jar:/home/runner/.m2/repository/org/glassfish/jersey/core/jersey-common/2.34/jersey-common-2.34.jar:/home/runner/.m2/repository/jakarta/ws/rs/jakarta.ws.rs-api/2.1.6/jakarta.ws.rs-api-2.1.6.jar:/home/runner/.m2/repository/org/glassfish/jersey/ext/cdi/jersey-cdi1x/2.34/jersey-cdi1x-2.34.jar:/home/runner/.m2/repository/org/glassfish/jersey/inject/jersey-hk2/2.34/jersey-hk2-2.34.jar:/home/runner/.m2/repository/org/glassfish/hk2/hk2-locator/2.6.1/hk2-locator-2.6.1.jar:/home/runner/.m2/repository/org/glassfish/jersey/media/jersey-media-jaxb/2.34/jersey-media-jaxb-2.34.jar:/home/runner/.m2/repository/org/glassfish/hk2/osgi-resource-locator/1.0.3/osgi-resource-locator-1.0.3.jar:/home/runner/.m2/repository/org/glassfish/hk2/hk2-api/2.5.0/hk2-api-2.5.0.jar:/home/runner/.m2/repository/org/glassfish/hk2/hk2-utils/2.5.0/hk2-utils-2.5.0.jar:/home/runner/.m2/repository/org/glassfish/hk2/external/aopalliance-repackaged/2.5.0/aopalliance-repackaged-2.5.0.jar:/home/runner/.m2/repository/com/fasterxml/jackson/dataformat/jackson-dataformat-xml/2.13.4/jackson-dataformat-xml-2.13.4.jar:/home/runner/.m2/repository/com/fasterxml/jackson/core/jackson-core/2.13.4/jackson-core-2.13.4.jar:/home/runner/.m2/repository/org/codehaus/woodstox/stax2-api/3.1.4/stax2-api-3.1.4.jar:/home/runner/.m2/repository/com/fasterxml/woodstox/woodstox-core/5.4.0/woodstox-core-5.4.0.jar:/home/runner/.m2/repository/com/fasterxml/jackson/module/jackson-module-jaxb-annotations/2.13.4/jackson-module-jaxb-annotations-2.13.4.jar:/home/runner/.m2/repository/jakarta/xml/bind/jakarta.xml.bind-api/2.3.3/jakarta.xml.bind-api-2.3.3.jar:/home/runner/.m2/repository/jakarta/activation/jakarta.activation-api/1.2.1/jakarta.activation-api-1.2.1.jar:/home/runner/.m2/repository/javax/enterprise/cdi-api/1.2/cdi-api-1.2.jar:/home/runner/.m2/repository/javax/el/javax.el-api/3.0.0/javax.el-api-3.0.0.jar:/home/runner/.m2/repository/javax/interceptor/javax.interceptor-api/1.2/javax.interceptor-api-1.2.jar:/home/runner/.m2/repository/javax/inject/javax.inject/1/javax.inject-1.jar:/home/runner/.m2/repository/javax/xml/bind/jaxb-api/2.3.0/jaxb-api-2.3.0.jar:/home/runner/.m2/repository/org/glassfish/jaxb/jaxb-runtime/2.3.0.1/jaxb-runtime-2.3.0.1.jar:/home/runner/.m2/repository/org/glassfish/jaxb/jaxb-core/2.3.0.1/jaxb-core-2.3.0.1.jar:/home/runner/.m2/repository/org/glassfish/jaxb/txw2/2.3.0.1/txw2-2.3.0.1.jar:/home/runner/.m2/repository/com/sun/istack/istack-commons-runtime/3.0.5/istack-commons-runtime-3.0.5.jar:/home/runner/.m2/repository/org/jvnet/staxex/stax-ex/1.7.8/stax-ex-1.7.8.jar:/home/runner/.m2/repository/com/sun/xml/fastinfoset/FastInfoset/1.2.13/FastInfoset-1.2.13.jar:/home/runner/.m2/repository/javax/activation/activation/1.1.1/activation-1.1.1.jar:/home/runner/.m2/repository/io/grpc/grpc-protobuf/1.48.1/grpc-protobuf-1.48.1.jar:/home/runner/.m2/repository/io/grpc/grpc-api/1.48.1/grpc-api-1.48.1.jar:/home/runner/.m2/repository/io/grpc/grpc-context/1.48.1/grpc-context-1.48.1.jar:/home/runner/.m2/repository/com/google/api/grpc/proto-google-common-protos/2.9.0/proto-google-common-protos-2.9.0.jar:/home/runner/.m2/repository/io/grpc/grpc-protobuf-lite/1.48.1/grpc-protobuf-lite-1.48.1.jar:/home/runner/.m2/repository/io/grpc/grpc-stub/1.48.1/grpc-stub-1.48.1.jar:/home/runner/.m2/repository/io/netty/netty-transport/4.1.79.Final/netty-transport-4.1.79.Final.jar:/home/runner/.m2/repository/io/netty/netty-resolver/4.1.79.Final/netty-resolver-4.1.79.Final.jar:/home/runner/.m2/repository/org/apache/ozone/ozone-csi/1.3.0-SNAPSHOT/ozone-csi-1.3.0-SNAPSHOT.jar:/home/runner/.m2/repository/com/google/protobuf/protobuf-java-util/3.19.2/protobuf-java-util-3.19.2.jar:/home/runner/.m2/repository/com/google/code/gson/gson/2.9.0/gson-2.9.0.jar:/home/runner/.m2/repository/org/apache/ozone/hdds-config/1.3.0-SNAPSHOT/hdds-config-1.3.0-SNAPSHOT.jar:/home/runner/.m2/repository/io/netty/netty-transport-native-epoll/4.1.79.Final/netty-transport-native-epoll-4.1.79.Final-linux-x86_64.jar:/home/runner/.m2/repository/io/netty/netty-transport-classes-epoll/4.1.79.Final/netty-transport-classes-epoll-4.1.79.Final.jar:/home/runner/.m2/repository/io/netty/netty-transport-native-unix-common/4.1.79.Final/netty-transport-native-unix-common-4.1.79.Final.jar:/home/runner/.m2/repository/org/slf4j/slf4j-reload4j/1.7.36/slf4j-reload4j-1.7.36.jar:/home/runner/.m2/repository/org/apache/ozone/ozone-recon/1.3.0-SNAPSHOT/ozone-recon-1.3.0-SNAPSHOT.jar:/home/runner/.m2/repository/org/apache/ozone/ozone-reconcodegen/1.3.0-SNAPSHOT/ozone-reconcodegen-1.3.0-SNAPSHOT.jar:/home/runner/.m2/repository/com/google/inject/extensions/guice-multibindings/4.0/guice-multibindings-4.0.jar:/home/runner/.m2/repository/com/google/inject/guice/4.0/guice-4.0.jar:/home/runner/.m2/repository/aopalliance/aopalliance/1.0/aopalliance-1.0.jar:/home/runner/.m2/repository/com/google/inject/extensions/guice-assistedinject/4.0/guice-assistedinject-4.0.jar:/home/runner/.m2/repository/com/google/inject/extensions/guice-servlet/4.0/guice-servlet-4.0.jar:/home/runner/.m2/repository/org/glassfish/jersey/containers/jersey-container-servlet/2.34/jersey-container-servlet-2.34.jar:/home/runner/.m2/repository/org/glassfish/hk2/guice-bridge/2.5.0/guice-bridge-2.5.0.jar:/home/runner/.m2/repository/org/glassfish/jersey/core/jersey-server/2.34/jersey-server-2.34.jar:/home/runner/.m2/repository/org/glassfish/jersey/core/jersey-client/2.34/jersey-client-2.34.jar:/home/runner/.m2/repository/jakarta/annotation/jakarta.annotation-api/1.3.5/jakarta.annotation-api-1.3.5.jar:/home/runner/.m2/repository/jakarta/validation/jakarta.validation-api/2.0.2/jakarta.validation-api-2.0.2.jar:/home/runner/.m2/repository/org/glassfish/jersey/media/jersey-media-json-jackson/2.34/jersey-media-json-jackson-2.34.jar:/home/runner/.m2/repository/org/glassfish/jersey/ext/jersey-entity-filtering/2.34/jersey-entity-filtering-2.34.jar:/home/runner/.m2/repository/org/jooq/jooq/3.11.10/jooq-3.11.10.jar:/home/runner/.m2/repository/org/jooq/jooq-meta/3.11.10/jooq-meta-3.11.10.jar:/home/runner/.m2/repository/org/jooq/jooq-codegen/3.11.10/jooq-codegen-3.11.10.jar:/home/runner/.m2/repository/com/jolbox/bonecp/0.8.0.RELEASE/bonecp-0.8.0.RELEASE.jar:/home/runner/.m2/repository/org/apache/derby/derby/10.14.2.0/derby-10.14.2.0.jar:/home/runner/.m2/repository/org/xerial/sqlite-jdbc/3.25.2/sqlite-jdbc-3.25.2.jar:/home/runner/.m2/repository/org/springframework/spring-jdbc/5.3.23/spring-jdbc-5.3.23.jar:/home/runner/.m2/repository/org/springframework/spring-beans/5.3.23/spring-beans-5.3.23.jar:/home/runner/.m2/repository/org/springframework/spring-core/5.3.23/spring-core-5.3.23.jar:/home/runner/.m2/repository/org/springframework/spring-jcl/5.3.23/spring-jcl-5.3.23.jar:/home/runner/.m2/repository/org/springframework/spring-tx/5.3.23/spring-tx-5.3.23.jar:/home/runner/.m2/repository/org/apache/ozone/ozone-client/1.3.0-SNAPSHOT/ozone-client-1.3.0-SNAPSHOT.jar:/home/runner/.m2/repository/org/apache/ozone/hdds-erasurecode/1.3.0-SNAPSHOT/hdds-erasurecode-1.3.0-SNAPSHOT.jar:/home/runner/.m2/repository/org/apache/ozone/ozone-filesystem/1.3.0-SNAPSHOT/ozone-filesystem-1.3.0-SNAPSHOT.jar:/home/runner/.m2/repository/org/apache/ozone/ozone-filesystem-common/1.3.0-SNAPSHOT/ozone-filesystem-common-1.3.0-SNAPSHOT.jar:/home/runner/.m2/repository/org/apache/ozone/ozone-tools/1.3.0-SNAPSHOT/ozone-tools-1.3.0-SNAPSHOT.jar:/home/runner/.m2/repository/org/apache/ratis/ratis-tools/2.4.0/ratis-tools-2.4.0.jar:/home/runner/.m2/repository/com/amazonaws/aws-java-sdk-core/1.12.261/aws-java-sdk-core-1.12.261.jar:/home/runner/.m2/repository/org/apache/httpcomponents/httpclient/4.5.13/httpclient-4.5.13.jar:/home/runner/.m2/repository/org/apache/httpcomponents/httpcore/4.4.13/httpcore-4.4.13.jar:/home/runner/.m2/repository/software/amazon/ion/ion-java/1.0.2/ion-java-1.0.2.jar:/home/runner/.m2/repository/com/fasterxml/jackson/dataformat/jackson-dataformat-cbor/2.13.4/jackson-dataformat-cbor-2.13.4.jar:/home/runner/.m2/repository/joda-time/joda-time/2.8.1/joda-time-2.8.1.jar:/home/runner/.m2/repository/com/amazonaws/aws-java-sdk-s3/1.12.261/aws-java-sdk-s3-1.12.261.jar:/home/runner/.m2/repository/com/amazonaws/aws-java-sdk-kms/1.12.261/aws-java-sdk-kms-1.12.261.jar:/home/runner/.m2/repository/com/amazonaws/jmespath-java/1.12.261/jmespath-java-1.12.261.jar:/home/runner/.m2/repository/org/kohsuke/metainf-services/metainf-services/1.8/metainf-services-1.8.jar:/home/runner/.m2/repository/org/apache/ozone/hdds-tools/1.3.0-SNAPSHOT/hdds-tools-1.3.0-SNAPSHOT.jar:/home/runner/.m2/repository/commons-cli/commons-cli/1.2/commons-cli-1.2.jar:/home/runner/.m2/repository/org/apache/commons/commons-lang3/3.7/commons-lang3-3.7.jar:/home/runner/.m2/repository/org/apache/ozone/ozone-manager/1.3.0-SNAPSHOT/ozone-manager-1.3.0-SNAPSHOT-tests.jar:/home/runner/.m2/repository/org/apache/ozone/hdds-common/1.3.0-SNAPSHOT/hdds-common-1.3.0-SNAPSHOT-tests.jar:/home/runner/.m2/repository/org/apache/ozone/hdds-hadoop-dependency-client/1.3.0-SNAPSHOT/hdds-hadoop-dependency-client-1.3.0-SNAPSHOT.jar:/home/runner/.m2/repository/info/picocli/picocli/4.6.1/picocli-4.6.1.jar:/home/runner/.m2/repository/com/fasterxml/jackson/core/jackson-annotations/2.13.4/jackson-annotations-2.13.4.jar:/home/runner/.m2/repository/com/fasterxml/jackson/datatype/jackson-datatype-jsr310/2.13.4/jackson-datatype-jsr310-2.13.4.jar:/home/runner/.m2/repository/org/apache/ozone/hdds-annotation-processing/1.3.0-SNAPSHOT/hdds-annotation-processing-1.3.0-SNAPSHOT.jar:/home/runner/.m2/repository/javax/annotation/javax.annotation-api/1.2/javax.annotation-api-1.2.jar:/home/runner/.m2/repository/org/apache/ratis/ratis-server/2.4.0/ratis-server-2.4.0.jar:/home/runner/.m2/repository/org/apache/ratis/ratis-client/2.4.0/ratis-client-2.4.0.jar:/home/runner/.m2/repository/org/apache/ratis/ratis-server-api/2.4.0/ratis-server-api-2.4.0.jar:/home/runner/.m2/repository/org/apache/ratis/ratis-metrics/2.4.0/ratis-metrics-2.4.0.jar:/home/runner/.m2/repository/org/apache/ratis/ratis-netty/2.4.0/ratis-netty-2.4.0.jar:/home/runner/.m2/repository/org/apache/ratis/ratis-grpc/2.4.0/ratis-grpc-2.4.0.jar:/home/runner/.m2/repository/org/apache/logging/log4j/log4j-api/2.17.1/log4j-api-2.17.1.jar:/home/runner/.m2/repository/org/apache/commons/commons-pool2/2.6.0/commons-pool2-2.6.0.jar:/home/runner/.m2/repository/org/bouncycastle/bcpkix-jdk15on/1.67/bcpkix-jdk15on-1.67.jar:/home/runner/.m2/repository/commons-validator/commons-validator/1.6/commons-validator-1.6.jar:/home/runner/.m2/repository/commons-beanutils/commons-beanutils/1.9.4/commons-beanutils-1.9.4.jar:/home/runner/.m2/repository/commons-digester/commons-digester/1.8.1/commons-digester-1.8.1.jar:/home/runner/.m2/repository/commons-collections/commons-collections/3.2.2/commons-collections-3.2.2.jar:/home/runner/.m2/repository/io/jaegertracing/jaeger-client/1.6.0/jaeger-client-1.6.0.jar:/home/runner/.m2/repository/io/jaegertracing/jaeger-thrift/1.6.0/jaeger-thrift-1.6.0.jar:/home/runner/.m2/repository/org/apache/thrift/libthrift/0.14.1/libthrift-0.14.1.jar:/home/runner/.m2/repository/io/jaegertracing/jaeger-core/1.6.0/jaeger-core-1.6.0.jar:/home/runner/.m2/repository/io/jaegertracing/jaeger-tracerresolver/1.6.0/jaeger-tracerresolver-1.6.0.jar:/home/runner/.m2/repository/io/opentracing/contrib/opentracing-tracerresolver/0.1.8/opentracing-tracerresolver-0.1.8.jar:/home/runner/.m2/repository/org/jetbrains/kotlin/kotlin-stdlib/1.6.21/kotlin-stdlib-1.6.21.jar:/home/runner/.m2/repository/org/jetbrains/annotations/13.0/annotations-13.0.jar:/home/runner/.m2/repository/io/opentracing/opentracing-util/0.33.0/opentracing-util-0.33.0.jar:/home/runner/.m2/repository/io/opentracing/opentracing-api/0.33.0/opentracing-api-0.33.0.jar:/home/runner/.m2/repository/io/opentracing/opentracing-noop/0.33.0/opentracing-noop-0.33.0.jar:/home/runner/.m2/repository/org/yaml/snakeyaml/1.33/snakeyaml-1.33.jar:/home/runner/.m2/repository/org/apache/ozone/hdds-interface-admin/1.3.0-SNAPSHOT/hdds-interface-admin-1.3.0-SNAPSHOT.jar:/home/runner/.m2/repository/junit/junit/4.13.1/junit-4.13.1.jar:/home/runner/.m2/repository/org/hamcrest/hamcrest-core/1.3/hamcrest-core-1.3.jar:/home/runner/.m2/repository/org/junit/jupiter/junit-jupiter-api/5.8.2/junit-jupiter-api-5.8.2.jar:/home/runner/.m2/repository/org/opentest4j/opentest4j/1.2.0/opentest4j-1.2.0.jar:/home/runner/.m2/repository/org/junit/platform/junit-platform-commons/1.8.2/junit-platform-commons-1.8.2.jar:/home/runner/.m2/repository/org/apiguardian/apiguardian-api/1.1.2/apiguardian-api-1.1.2.jar:/home/runner/.m2/repository/org/junit/jupiter/junit-jupiter-params/5.8.2/junit-jupiter-params-5.8.2.jar:/home/runner/.m2/repository/org/junit/jupiter/junit-jupiter-migrationsupport/5.8.2/junit-jupiter-migrationsupport-5.8.2.jar:/home/runner/.m2/repository/org/junit/jupiter/junit-jupiter-engine/5.8.2/junit-jupiter-engine-5.8.2.jar:/home/runner/.m2/repository/org/junit/platform/junit-platform-engine/1.8.2/junit-platform-engine-1.8.2.jar:/home/runner/.m2/repository/org/junit/vintage/junit-vintage-engine/5.8.2/junit-vintage-engine-5.8.2.jar:/home/runner/.m2/repository/org/junit/platform/junit-platform-launcher/1.8.2/junit-platform-launcher-1.8.2.jar:/home/runner/.m2/repository/org/mockito/mockito-core/2.28.2/mockito-core-2.28.2.jar:/home/runner/.m2/repository/net/bytebuddy/byte-buddy/1.9.10/byte-buddy-1.9.10.jar:/home/runner/.m2/repository/net/bytebuddy/byte-buddy-agent/1.9.10/byte-buddy-agent-1.9.10.jar:/home/runner/.m2/repository/org/objenesis/objenesis/1.0/objenesis-1.0.jar:/home/runner/.m2/repository/org/apache/hadoop/hadoop-kms/3.3.4/hadoop-kms-3.3.4.jar:/home/runner/.m2/repository/org/apache/hadoop/hadoop-auth/3.3.4/hadoop-auth-3.3.4.jar:/home/runner/.m2/repository/com/nimbusds/nimbus-jose-jwt/7.9/nimbus-jose-jwt-7.9.jar:/home/runner/.m2/repository/com/github/stephenc/jcip/jcip-annotations/1.0-1/jcip-annotations-1.0-1.jar:/home/runner/.m2/repository/net/minidev/json-smart/2.4.7/json-smart-2.4.7.jar:/home/runner/.m2/repository/net/minidev/accessors-smart/2.4.7/accessors-smart-2.4.7.jar:/home/runner/.m2/repository/org/ow2/asm/asm/5.0.4/asm-5.0.4.jar:/home/runner/.m2/repository/org/apache/zookeeper/zookeeper/3.5.6/zookeeper-3.5.6.jar:/home/runner/.m2/repository/org/apache/zookeeper/zookeeper-jute/3.5.6/zookeeper-jute-3.5.6.jar:/home/runner/.m2/repository/org/apache/yetus/audience-annotations/0.5.0/audience-annotations-0.5.0.jar:/home/runner/.m2/repository/org/apache/curator/curator-framework/4.2.0/curator-framework-4.2.0.jar:/home/runner/.m2/repository/org/apache/hadoop/thirdparty/hadoop-shaded-guava/1.1.1/hadoop-shaded-guava-1.1.1.jar:/home/runner/.m2/repository/com/sun/jersey/jersey-core/1.19/jersey-core-1.19.jar:/home/runner/.m2/repository/javax/ws/rs/jsr311-api/1.1.1/jsr311-api-1.1.1.jar:/home/runner/.m2/repository/com/sun/jersey/jersey-server/1.19/jersey-server-1.19.jar:/home/runner/.m2/repository/javax/servlet/javax.servlet-api/3.1.0/javax.servlet-api-3.1.0.jar:/home/runner/.m2/repository/org/eclipse/jetty/jetty-server/9.4.49.v20220914/jetty-server-9.4.49.v20220914.jar:/home/runner/.m2/repository/org/eclipse/jetty/jetty-http/9.4.49.v20220914/jetty-http-9.4.49.v20220914.jar:/home/runner/.m2/repository/org/eclipse/jetty/jetty-io/9.4.49.v20220914/jetty-io-9.4.49.v20220914.jar:/home/runner/.m2/repository/org/eclipse/jetty/jetty-webapp/9.4.49.v20220914/jetty-webapp-9.4.49.v20220914.jar:/home/runner/.m2/repository/org/eclipse/jetty/jetty-xml/9.4.49.v20220914/jetty-xml-9.4.49.v20220914.jar:/home/runner/.m2/repository/org/apache/hadoop/hadoop-common/3.3.4/hadoop-common-3.3.4.jar:/home/runner/.m2/repository/org/apache/commons/commons-math3/3.1.1/commons-math3-3.1.1.jar:/home/runner/.m2/repository/commons-net/commons-net/3.6/commons-net-3.6.jar:/home/runner/.m2/repository/com/sun/jersey/jersey-servlet/1.19/jersey-servlet-1.19.jar:/home/runner/.m2/repository/com/sun/jersey/jersey-json/1.19/jersey-json-1.19.jar:/home/runner/.m2/repository/org/codehaus/jettison/jettison/1.1/jettison-1.1.jar:/home/runner/.m2/repository/com/sun/xml/bind/jaxb-impl/2.2.3-1/jaxb-impl-2.2.3-1.jar:/home/runner/.m2/repository/org/codehaus/jackson/jackson-xc/1.9.2/jackson-xc-1.9.2.jar:/home/runner/.m2/repository/com/google/re2j/re2j/1.1/re2j-1.1.jar:/home/runner/.m2/repository/com/jcraft/jsch/0.1.54/jsch-0.1.54.jar:/home/runner/.m2/repository/org/apache/curator/curator-client/4.2.0/curator-client-4.2.0.jar:/home/runner/.m2/repository/org/apache/curator/curator-recipes/4.2.0/curator-recipes-4.2.0.jar:/home/runner/.m2/repository/org/apache/kerby/kerb-core/1.0.1/kerb-core-1.0.1.jar:/home/runner/.m2/repository/org/apache/kerby/kerby-pkix/1.0.1/kerby-pkix-1.0.1.jar:/home/runner/.m2/repository/org/apache/kerby/kerby-asn1/1.0.1/kerby-asn1-1.0.1.jar:/home/runner/.m2/repository/org/apache/kerby/kerby-util/1.0.1/kerby-util-1.0.1.jar:/home/runner/.m2/repository/dnsjava/dnsjava/2.1.7/dnsjava-2.1.7.jar:/home/runner/.m2/repository/org/xerial/snappy/snappy-java/1.1.8.2/snappy-java-1.1.8.2.jar:/home/runner/.m2/repository/org/eclipse/jetty/jetty-util/9.4.49.v20220914/jetty-util-9.4.49.v20220914.jar:/home/runner/.m2/repository/com/fasterxml/jackson/core/jackson-databind/2.13.4.2/jackson-databind-2.13.4.2.jar:/home/runner/.m2/repository/org/apache/hadoop/hadoop-kms/3.3.4/hadoop-kms-3.3.4-tests.jar:/home/runner/.m2/repository/org/apache/ozone/hdds-server-scm/1.3.0-SNAPSHOT/hdds-server-scm-1.3.0-SNAPSHOT-tests.jar:/home/runner/.m2/repository/org/apache/ozone/hdds-container-service/1.3.0-SNAPSHOT/hdds-container-service-1.3.0-SNAPSHOT-tests.jar:/home/runner/.m2/repository/commons-codec/commons-codec/1.11/commons-codec-1.11.jar:/home/runner/.m2/repository/io/netty/netty-codec/4.1.79.Final/netty-codec-4.1.79.Final.jar:/home/runner/.m2/repository/io/netty/netty-handler/4.1.79.Final/netty-handler-4.1.79.Final.jar:/home/runner/.m2/repository/org/apache/ozone/hdds-hadoop-dependency-test/1.3.0-SNAPSHOT/hdds-hadoop-dependency-test-1.3.0-SNAPSHOT.jar:/home/runner/.m2/repository/org/apache/hadoop/hadoop-common/3.3.4/hadoop-common-3.3.4-tests.jar:/home/runner/.m2/repository/org/apache/hadoop/hadoop-hdfs/3.3.4/hadoop-hdfs-3.3.4-tests.jar:/home/runner/.m2/repository/org/assertj/assertj-core/3.12.2/assertj-core-3.12.2.jar:/home/runner/.m2/repository/org/apache/hadoop/hadoop-distcp/3.3.4/hadoop-distcp-3.3.4.jar:/home/runner/.m2/repository/org/apache/hadoop/hadoop-mapreduce-client-jobclient/3.3.4/hadoop-mapreduce-client-jobclient-3.3.4.jar:/home/runner/.m2/repository/org/apache/hadoop/hadoop-mapreduce-client-common/3.3.4/hadoop-mapreduce-client-common-3.3.4.jar:/home/runner/.m2/repository/org/apache/hadoop/hadoop-yarn-common/3.3.4/hadoop-yarn-common-3.3.4.jar:/home/runner/.m2/repository/org/apache/hadoop/hadoop-yarn-api/3.3.4/hadoop-yarn-api-3.3.4.jar:/home/runner/.m2/repository/com/sun/jersey/contribs/jersey-guice/1.19/jersey-guice-1.19.jar:/home/runner/.m2/repository/com/fasterxml/jackson/jaxrs/jackson-jaxrs-json-provider/2.13.4/jackson-jaxrs-json-provider-2.13.4.jar:/home/runner/.m2/repository/com/fasterxml/jackson/jaxrs/jackson-jaxrs-base/2.13.4/jackson-jaxrs-base-2.13.4.jar:/home/runner/.m2/repository/org/apache/hadoop/hadoop-yarn-client/3.3.4/hadoop-yarn-client-3.3.4.jar:/home/runner/.m2/repository/org/eclipse/jetty/websocket/websocket-client/9.4.43.v20210629/websocket-client-9.4.43.v20210629.jar:/home/runner/.m2/repository/org/eclipse/jetty/websocket/websocket-common/9.4.43.v20210629/websocket-common-9.4.43.v20210629.jar:/home/runner/.m2/repository/org/eclipse/jetty/websocket/websocket-api/9.4.43.v20210629/websocket-api-9.4.43.v20210629.jar:/home/runner/.m2/repository/org/jline/jline/3.9.0/jline-3.9.0.jar:/home/runner/.m2/repository/org/apache/hadoop/hadoop-mapreduce-client-core/3.3.4/hadoop-mapreduce-client-core-3.3.4.jar:/home/runner/.m2/repository/org/apache/avro/avro/1.7.7/avro-1.7.7.jar:/home/runner/.m2/repository/org/codehaus/jackson/jackson-core-asl/1.9.13/jackson-core-asl-1.9.13.jar:/home/runner/.m2/repository/org/codehaus/jackson/jackson-mapper-asl/1.9.13/jackson-mapper-asl-1.9.13.jar:/home/runner/.m2/repository/com/thoughtworks/paranamer/paranamer/2.3/paranamer-2.3.jar:/home/runner/.m2/repository/org/apache/hadoop/hadoop-annotations/3.3.4/hadoop-annotations-3.3.4.jar:/usr/lib/jvm/temurin-8-jdk-amd64/jre/../lib/tools.jar:/home/runner/.m2/repository/io/netty/netty/3.10.6.Final/netty-3.10.6.Final.jar:/home/runner/.m2/repository/org/apache/hadoop/hadoop-distcp/3.3.4/hadoop-distcp-3.3.4-tests.jar:/home/runner/.m2/repository/org/slf4j/jul-to-slf4j/1.7.36/jul-to-slf4j-1.7.36.jar:/home/runner/.m2/repository/org/apache/ratis/ratis-common/2.4.0/ratis-common-2.4.0.jar:/home/runner/.m2/repository/org/apache/ratis/ratis-thirdparty-misc/1.0.2/ratis-thirdparty-misc-1.0.2.jar:/home/runner/.m2/repository/org/apache/ratis/ratis-proto/2.4.0/ratis-proto-2.4.0.jar:"/>
    <property name="sun.cpu.endian" value="little"/>
    <property name="user.home" value="/home/runner"/>
    <property name="user.language" value="en"/>
    <property name="java.specification.vendor" value="Oracle Corporation"/>
    <property name="java.home" value="/usr/lib/jvm/temurin-8-jdk-amd64/jre"/>
    <property name="java.security.krb5.conf" value="/home/runner/work/ozone/ozone/hadoop-ozone/integration-test/target/test-classes/krb5.conf"/>
    <property name="basedir" value="/home/runner/work/ozone/ozone/hadoop-ozone/integration-test"/>
    <property name="file.separator" value="/"/>
    <property name="line.separator" value="&#10;"/>
    <property name="java.vm.specification.vendor" value="Oracle Corporation"/>
    <property name="java.specification.name" value="Java Platform API Specification"/>
    <property name="java.awt.graphicsenv" value="sun.awt.X11GraphicsEnvironment"/>
    <property name="skip.installnpx" value="true"/>
    <property name="surefire.real.class.path" value="/home/runner/work/ozone/ozone/hadoop-ozone/integration-test/target/surefire/surefirebooter4442128804990782708.jar:/home/runner/.m2/repository/org/jacoco/org.jacoco.agent/0.8.5/org.jacoco.agent-0.8.5-runtime.jar"/>
    <property name="hadoop.log.dir" value="/home/runner/work/ozone/ozone/hadoop-ozone/integration-test/target/log"/>
    <property name="sun.boot.class.path" value="/usr/lib/jvm/temurin-8-jdk-amd64/jre/lib/resources.jar:/usr/lib/jvm/temurin-8-jdk-amd64/jre/lib/rt.jar:/usr/lib/jvm/temurin-8-jdk-amd64/jre/lib/sunrsasign.jar:/usr/lib/jvm/temurin-8-jdk-amd64/jre/lib/jsse.jar:/usr/lib/jvm/temurin-8-jdk-amd64/jre/lib/jce.jar:/usr/lib/jvm/temurin-8-jdk-amd64/jre/lib/charsets.jar:/usr/lib/jvm/temurin-8-jdk-amd64/jre/lib/jfr.jar:/usr/lib/jvm/temurin-8-jdk-amd64/jre/classes"/>
    <property name="sun.management.compiler" value="HotSpot 64-Bit Tiered Compilers"/>
    <property name="skip.npx" value="true"/>
    <property name="java.runtime.version" value="1.8.0_345-b01"/>
    <property name="java.net.preferIPv4Stack" value="true"/>
    <property name="user.name" value="runner"/>
    <property name="path.separator" value=":"/>
    <property name="java.security.egd" value="file:///dev/urandom"/>
    <property name="os.version" value="5.15.0-1022-azure"/>
    <property name="java.endorsed.dirs" value="/usr/lib/jvm/temurin-8-jdk-amd64/jre/lib/endorsed"/>
    <property name="java.runtime.name" value="OpenJDK Runtime Environment"/>
    <property name="file.encoding" value="UTF-8"/>
    <property name="java.vm.name" value="OpenJDK 64-Bit Server VM"/>
    <property name="test.build.webapps" value=""/>
    <property name="localRepository" value="/home/runner/.m2/repository"/>
    <property name="jetty.git.hash" value="4231a3b2e4cb8548a412a789936d640a97b1aa0a"/>
    <property name="java.vendor.url.bug" value="https://github.com/adoptium/adoptium-support/issues"/>
    <property name="java.io.tmpdir" value="/tmp"/>
    <property name="require.test.libhadoop" value=""/>
    <property name="java.version" value="1.8.0_345"/>
    <property name="user.dir" value="/home/runner/work/ozone/ozone/hadoop-ozone/integration-test"/>
    <property name="os.arch" value="amd64"/>
    <property name="java.vm.specification.name" value="Java Virtual Machine Specification"/>
    <property name="test.build.classes" value="/home/runner/work/ozone/ozone/hadoop-ozone/integration-test/target/test-classes"/>
    <property name="java.awt.printerjob" value="sun.print.PSPrinterJob"/>
    <property name="sun.os.patch.level" value="unknown"/>
    <property name="org.apache.ratis.thirdparty.io.netty.allocator.useCacheForAllThreads" value="false"/>
    <property name="hadoop.tmp.dir" value="/home/runner/work/ozone/ozone/hadoop-ozone/integration-test/target/tmp"/>
    <property name="java.library.path" value="/usr/java/packages/lib/amd64:/usr/lib64:/lib64:/lib:/usr/lib"/>
    <property name="java.vm.info" value="mixed mode"/>
    <property name="java.vendor" value="Temurin"/>
    <property name="java.vm.version" value="25.345-b01"/>
    <property name="java.ext.dirs" value="/usr/lib/jvm/temurin-8-jdk-amd64/jre/lib/ext:/usr/java/packages/lib/ext"/>
    <property name="sun.io.unicode.encoding" value="UnicodeLittle"/>
    <property name="java.class.version" value="52.0"/>
  </properties>
  <testcase name="testAutomaticPipelineCreationOnPipelineDestroy" classname="org.apache.hadoop.hdds.scm.pipeline.TestRatisPipelineCreateAndDestroy" time="41.731">
    <system-out><![CDATA[2022-11-14 01:04:15,604 [main] WARN  server.ServerUtils (ServerUtils.java:getScmDbDir(148)) - ozone.scm.db.dirs is not configured. We recommend adding this setting. Falling back to ozone.metadata.dirs instead.
2022-11-14 01:04:15,697 [main] WARN  server.ServerUtils (ServerUtils.java:getScmDbDir(148)) - ozone.scm.db.dirs is not configured. We recommend adding this setting. Falling back to ozone.metadata.dirs instead.
2022-11-14 01:04:15,700 [main] INFO  ha.SCMHANodeDetails (SCMHANodeDetails.java:loadSCMHAConfig(209)) - ServiceID for StorageContainerManager is null
2022-11-14 01:04:15,711 [main] WARN  ha.SCMHANodeDetails (SCMHANodeDetails.java:validateSCMHAConfig(182)) - Invalid config ozone.scm.ratis.enable. The config was not specified, but the default value true conflicts with the expected config value false. Falling back to the expected value. Current State of SCM: SCM is running in Non-HA without Ratis Ratis SCM -> Non Ratis SCM or Non HA SCM -> HA SCM is not supported
2022-11-14 01:04:15,712 [main] INFO  ha.SCMHANodeDetails (SCMHANodeDetails.java:loadSCMHAConfig(214)) - ozone.scm.default.service.id is not defined, falling back to ozone.scm.service.ids to find serviceID for StorageContainerManager if it is HA enabled cluster
2022-11-14 01:04:16,221 [main] WARN  utils.HAUtils (HAUtils.java:getMetaDir(342)) - ozone.scm.db.dirs is not configured. We recommend adding this setting. Falling back to ozone.metadata.dirs instead.
2022-11-14 01:04:16,351 [main] WARN  db.DBStoreBuilder (DBStoreBuilder.java:applyDBDefinition(144)) - ozone.scm.db.dirs is not configured. We recommend adding this setting. Falling back to ozone.metadata.dirs instead.
2022-11-14 01:04:16,620 [main] INFO  net.NodeSchemaLoader (NodeSchemaLoader.java:loadSchemaFromFile(129)) - Loading schema from [jar:file:/home/runner/.m2/repository/org/apache/ozone/hdds-common/1.3.0-SNAPSHOT/hdds-common-1.3.0-SNAPSHOT.jar!/network-topology-default.xml]
2022-11-14 01:04:16,622 [main] INFO  net.NodeSchemaLoader (NodeSchemaLoader.java:loadSchema(176)) - Loading network topology layer schema file
2022-11-14 01:04:16,658 [main] INFO  metrics.MetricRegistries (MetricRegistriesLoader.java:load(64)) - Loaded MetricRegistries class org.apache.ratis.metrics.impl.MetricRegistriesImpl
2022-11-14 01:04:16,664 [main] INFO  upgrade.AbstractLayoutVersionManager (AbstractLayoutVersionManager.java:init(83)) - Initializing Layout version manager with metadata layout = DATANODE_SCHEMA_V3 (version = 4), software layout = DATANODE_SCHEMA_V3 (version = 4)
2022-11-14 01:04:16,836 [main] INFO  reflections.Reflections (Reflections.java:scan(232)) - Reflections took 113 ms to scan 7 urls, producing 139 keys and 336 values 
2022-11-14 01:04:16,925 [main] INFO  ha.SequenceIdGenerator (SequenceIdGenerator.java:upgradeToSequenceId(349)) - upgrade localId to 109611004723200000
2022-11-14 01:04:16,926 [main] INFO  ha.SequenceIdGenerator (SequenceIdGenerator.java:upgradeToSequenceId(359)) - upgrade delTxnId to 0
2022-11-14 01:04:16,929 [main] INFO  ha.SequenceIdGenerator (SequenceIdGenerator.java:upgradeToSequenceId(376)) - upgrade containerId to 0
2022-11-14 01:04:16,931 [main] INFO  ha.SequenceIdGenerator (SequenceIdGenerator.java:<init>(220)) - Init the HA SequenceIdGenerator.
2022-11-14 01:04:16,971 [main] INFO  node.SCMNodeManager (SCMNodeManager.java:<init>(149)) - Entering startup safe mode.
2022-11-14 01:04:17,027 [main] INFO  algorithms.ContainerPlacementPolicyFactory (ContainerPlacementPolicyFactory.java:getPolicyInternal(86)) - Create container placement policy of type org.apache.hadoop.hdds.scm.container.placement.algorithms.SCMContainerPlacementRandom
2022-11-14 01:04:17,029 [main] INFO  algorithms.ContainerPlacementPolicyFactory (ContainerPlacementPolicyFactory.java:getPolicyInternal(86)) - Create container placement policy of type org.apache.hadoop.hdds.scm.container.placement.algorithms.SCMContainerPlacementRackScatter
2022-11-14 01:04:17,046 [main] INFO  pipeline.PipelineStateManagerImpl (PipelineStateManagerImpl.java:initialize(78)) - No pipeline exists in current db
2022-11-14 01:04:17,076 [main] INFO  algorithms.LeaderChoosePolicyFactory (LeaderChoosePolicyFactory.java:getPolicy(57)) - Create leader choose policy of type org.apache.hadoop.hdds.scm.pipeline.leader.choose.algorithms.MinLeaderCountChoosePolicy
2022-11-14 01:04:17,077 [main] INFO  algorithms.ContainerPlacementPolicyFactory (ContainerPlacementPolicyFactory.java:getPolicyInternal(86)) - Create container placement policy of type org.apache.hadoop.hdds.scm.container.placement.algorithms.SCMContainerPlacementRackScatter
2022-11-14 01:04:17,082 [main] INFO  ha.SCMServiceManager (SCMServiceManager.java:register(42)) - Registering service BackgroundPipelineCreator.
2022-11-14 01:04:17,082 [main] INFO  pipeline.BackgroundPipelineCreator (BackgroundPipelineCreator.java:start(124)) - Starting RatisPipelineUtilsThread.
2022-11-14 01:04:17,086 [main] INFO  BackgroundPipelineScrubber (BackgroundSCMService.java:start(68)) - Starting BackgroundPipelineScrubber Service.
2022-11-14 01:04:17,087 [main] INFO  ha.SCMServiceManager (SCMServiceManager.java:register(42)) - Registering service BackgroundPipelineScrubber.
2022-11-14 01:04:17,094 [main] INFO  ExpiredContainerReplicaOpScrubber (BackgroundSCMService.java:start(68)) - Starting ExpiredContainerReplicaOpScrubber Service.
2022-11-14 01:04:17,103 [main] INFO  ha.SCMServiceManager (SCMServiceManager.java:register(42)) - Registering service ExpiredContainerReplicaOpScrubber.
2022-11-14 01:04:17,140 [main] INFO  algorithms.PipelineChoosePolicyFactory (PipelineChoosePolicyFactory.java:createPipelineChoosePolicyFromClass(73)) - Create pipeline choose policy of type org.apache.hadoop.hdds.scm.pipeline.choose.algorithms.RandomPipelineChoosePolicy
2022-11-14 01:04:17,157 [main] INFO  ha.SCMServiceManager (SCMServiceManager.java:register(42)) - Registering service SCMBlockDeletingService.
2022-11-14 01:04:17,198 [main] INFO  replication.ReplicationManager (ReplicationManager.java:start(239)) - Starting Replication Monitor Thread.
2022-11-14 01:04:17,205 [main] INFO  ha.SCMServiceManager (SCMServiceManager.java:register(42)) - Registering service ReplicationManager.
2022-11-14 01:04:17,211 [ReplicationMonitor] INFO  replication.ReplicationManager (ReplicationManager.java:processAll(308)) - Replication Manager is not ready to run until 3000ms after safemode exit
2022-11-14 01:04:17,212 [main] INFO  safemode.ContainerSafeModeRule (ContainerSafeModeRule.java:<init>(89)) - containers with one replica threshold count 0
2022-11-14 01:04:17,216 [main] INFO  safemode.HealthyPipelineSafeModeRule (HealthyPipelineSafeModeRule.java:initializeRule(169)) - Total pipeline count is 0, healthy pipeline threshold count is 1
2022-11-14 01:04:17,218 [main] INFO  safemode.OneReplicaPipelineSafeModeRule (OneReplicaPipelineSafeModeRule.java:initializeRule(180)) - Total pipeline count is 0, pipeline's with at least one datanode reported threshold count is 0
2022-11-14 01:04:17,514 [main] INFO  audit.AuditLogger (AuditLogger.java:refreshDebugCmdSet(126)) - Refresh DebugCmdSet for SCMAudit to [].
2022-11-14 01:04:17,548 [main] INFO  ipc.CallQueueManager (CallQueueManager.java:<init>(90)) - Using callQueue: class java.util.concurrent.LinkedBlockingQueue, queueCapacity: 2000, scheduler: class org.apache.hadoop.ipc.DefaultRpcScheduler, ipcBackoff: false.
2022-11-14 01:04:17,587 [Socket Reader #1 for port 0] INFO  ipc.Server (Server.java:run(1273)) - Starting Socket Reader #1 for port 0
2022-11-14 01:04:17,645 [Listener at 0.0.0.0/34641] INFO  audit.AuditLogger (AuditLogger.java:refreshDebugCmdSet(126)) - Refresh DebugCmdSet for SCMAudit to [].
2022-11-14 01:04:17,650 [Listener at 0.0.0.0/34641] INFO  ipc.CallQueueManager (CallQueueManager.java:<init>(90)) - Using callQueue: class java.util.concurrent.LinkedBlockingQueue, queueCapacity: 2000, scheduler: class org.apache.hadoop.ipc.DefaultRpcScheduler, ipcBackoff: false.
2022-11-14 01:04:17,651 [Socket Reader #1 for port 0] INFO  ipc.Server (Server.java:run(1273)) - Starting Socket Reader #1 for port 0
2022-11-14 01:04:17,678 [Listener at 0.0.0.0/45361] INFO  audit.AuditLogger (AuditLogger.java:refreshDebugCmdSet(126)) - Refresh DebugCmdSet for SCMAudit to [].
2022-11-14 01:04:17,688 [Listener at 0.0.0.0/45361] INFO  ipc.CallQueueManager (CallQueueManager.java:<init>(90)) - Using callQueue: class java.util.concurrent.LinkedBlockingQueue, queueCapacity: 2000, scheduler: class org.apache.hadoop.ipc.DefaultRpcScheduler, ipcBackoff: false.
2022-11-14 01:04:17,690 [Socket Reader #1 for port 0] INFO  ipc.Server (Server.java:run(1273)) - Starting Socket Reader #1 for port 0
2022-11-14 01:04:17,727 [Listener at 0.0.0.0/44631] INFO  ha.SCMServiceManager (SCMServiceManager.java:register(42)) - Registering service ContainerBalancer.
2022-11-14 01:04:17,729 [Listener at 0.0.0.0/44631] INFO  server.StorageContainerManager (StorageContainerManager.java:<init>(416)) - 
Container Balancer status:
Key                            Value
Running                        true
Container Balancer Configuration values:
Key                                                Value
Threshold                                          10
Max Datanodes to Involve per Iteration(percent)    20
Max Size to Move per Iteration                     500GB
Max Size Entering Target per Iteration             26GB
Max Size Leaving Source per Iteration              26GB

2022-11-14 01:04:17,729 [Listener at 0.0.0.0/44631] WARN  events.EventQueue (EventQueue.java:fireEvent(216)) - No event handler registered for event TypedEvent{payloadType=SafeModeStatus, name='Safe mode status'}
2022-11-14 01:04:17,730 [Listener at 0.0.0.0/44631] INFO  ha.SCMContext (SCMContext.java:updateSafeModeStatus(228)) - Update SafeModeStatus from SafeModeStatus{safeModeStatus=true, preCheckPassed=false} to SafeModeStatus{safeModeStatus=true, preCheckPassed=false}.
2022-11-14 01:04:17,735 [Listener at 0.0.0.0/44631] INFO  server.StorageContainerManager (StorageContainerManager.java:start(1454)) - StorageContainerLocationProtocol RPC server is listening at /0.0.0.0:44631
2022-11-14 01:04:17,810 [Listener at 0.0.0.0/44631] WARN  impl.MetricsConfig (MetricsConfig.java:loadFirst(136)) - Cannot locate configuration: tried hadoop-metrics2-storagecontainermanager.properties,hadoop-metrics2.properties
2022-11-14 01:04:17,890 [Listener at 0.0.0.0/44631] INFO  impl.MetricsSystemImpl (MetricsSystemImpl.java:startTimer(378)) - Scheduled Metric snapshot period at 10 second(s).
2022-11-14 01:04:17,890 [Listener at 0.0.0.0/44631] INFO  impl.MetricsSystemImpl (MetricsSystemImpl.java:start(191)) - StorageContainerManager metrics system started
2022-11-14 01:04:18,137 [Listener at 0.0.0.0/44631] INFO  server.SCMClientProtocolServer (SCMClientProtocolServer.java:start(170)) - RPC server for Client  is listening at /0.0.0.0:44631
2022-11-14 01:04:18,137 [IPC Server Responder] INFO  ipc.Server (Server.java:run(1512)) - IPC Server Responder: starting
2022-11-14 01:04:18,140 [IPC Server listener on 0] INFO  ipc.Server (Server.java:run(1352)) - IPC Server listener on 0: starting
2022-11-14 01:04:18,149 [Listener at 0.0.0.0/44631] INFO  server.StorageContainerManager (StorageContainerManager.java:start(1469)) - ScmBlockLocationProtocol RPC server is listening at /0.0.0.0:45361
2022-11-14 01:04:18,150 [Listener at 0.0.0.0/44631] INFO  server.SCMBlockProtocolServer (SCMBlockProtocolServer.java:start(152)) - RPC server for Block Protocol is listening at /0.0.0.0:45361
2022-11-14 01:04:18,150 [IPC Server Responder] INFO  ipc.Server (Server.java:run(1512)) - IPC Server Responder: starting
2022-11-14 01:04:18,150 [IPC Server listener on 0] INFO  ipc.Server (Server.java:run(1352)) - IPC Server listener on 0: starting
2022-11-14 01:04:18,156 [Listener at 0.0.0.0/44631] INFO  server.SCMDatanodeProtocolServer (SCMDatanodeProtocolServer.java:start(186)) - ScmDatanodeProtocol RPC server for DataNodes is listening at /0.0.0.0:34641
2022-11-14 01:04:18,163 [IPC Server Responder] INFO  ipc.Server (Server.java:run(1512)) - IPC Server Responder: starting
2022-11-14 01:04:18,164 [IPC Server listener on 0] INFO  ipc.Server (Server.java:run(1352)) - IPC Server listener on 0: starting
2022-11-14 01:04:18,199 [org.apache.hadoop.util.JvmPauseMonitor$Monitor@656672fb] INFO  util.JvmPauseMonitor (JvmPauseMonitor.java:run(188)) - Starting JVM pause monitor
2022-11-14 01:04:18,217 [Listener at 0.0.0.0/44631] INFO  http.BaseHttpServer (BaseHttpServer.java:newHttpServer2BuilderForOzone(213)) - Starting Web-server for scm at: http://0.0.0.0:0
2022-11-14 01:04:18,217 [Listener at 0.0.0.0/44631] INFO  http.BaseHttpServer (BaseHttpServer.java:<init>(108)) - Hadoop Security Enabled: false Ozone Security Enabled: false Ozone HTTP Security Enabled: false 
2022-11-14 01:04:18,244 [Listener at 0.0.0.0/44631] INFO  util.log (Log.java:initialized(170)) - Logging initialized @3987ms to org.eclipse.jetty.util.log.Slf4jLog
2022-11-14 01:04:18,345 [Listener at 0.0.0.0/44631] WARN  server.AuthenticationFilter (AuthenticationFilter.java:constructSecretProvider(240)) - Unable to initialize FileSignerSecretProvider, falling back to use random secrets. Reason: Could not read signature secret file: /home/runner/hadoop-http-auth-signature-secret
2022-11-14 01:04:18,353 [Listener at 0.0.0.0/44631] WARN  http.HttpRequestLog (HttpRequestLog.java:getRequestLog(103)) - Jetty request log can only be enabled using Log4j
2022-11-14 01:04:18,359 [Listener at 0.0.0.0/44631] INFO  http.HttpServer2 (HttpServer2.java:addGlobalFilter(1031)) - Added global filter 'safety' (class=org.apache.hadoop.hdds.server.http.HttpServer2$QuotingInputFilter)
2022-11-14 01:04:18,361 [Listener at 0.0.0.0/44631] INFO  http.HttpServer2 (HttpServer2.java:addFilter(1007)) - Added filter static_user_filter (class=org.apache.hadoop.http.lib.StaticUserWebFilter$StaticUserFilter) to context scm
2022-11-14 01:04:18,362 [Listener at 0.0.0.0/44631] INFO  http.HttpServer2 (HttpServer2.java:addFilter(1015)) - Added filter static_user_filter (class=org.apache.hadoop.http.lib.StaticUserWebFilter$StaticUserFilter) to context logs
2022-11-14 01:04:18,362 [Listener at 0.0.0.0/44631] INFO  http.HttpServer2 (HttpServer2.java:addFilter(1015)) - Added filter static_user_filter (class=org.apache.hadoop.http.lib.StaticUserWebFilter$StaticUserFilter) to context static
2022-11-14 01:04:18,401 [Listener at 0.0.0.0/44631] INFO  http.HttpServer2 (HttpServer2.java:bindListener(1250)) - Jetty bound to port 38567
2022-11-14 01:04:18,403 [Listener at 0.0.0.0/44631] INFO  server.Server (Server.java:doStart(375)) - jetty-9.4.49.v20220914; built: 2022-09-14T01:07:36.601Z; git: 4231a3b2e4cb8548a412a789936d640a97b1aa0a; jvm 1.8.0_345-b01
2022-11-14 01:04:18,460 [Listener at 0.0.0.0/44631] INFO  server.session (DefaultSessionIdManager.java:doStart(334)) - DefaultSessionIdManager workerName=node0
2022-11-14 01:04:18,460 [Listener at 0.0.0.0/44631] INFO  server.session (DefaultSessionIdManager.java:doStart(339)) - No SessionScavenger set, using defaults
2022-11-14 01:04:18,462 [Listener at 0.0.0.0/44631] INFO  server.session (HouseKeeper.java:startScavenging(132)) - node0 Scavenging every 600000ms
2022-11-14 01:04:18,476 [Listener at 0.0.0.0/44631] INFO  handler.ContextHandler (ContextHandler.java:doStart(921)) - Started o.e.j.s.ServletContextHandler@612531a3{logs,/logs,file:///home/runner/work/ozone/ozone/hadoop-ozone/integration-test/target/log,AVAILABLE}
2022-11-14 01:04:18,477 [Listener at 0.0.0.0/44631] INFO  handler.ContextHandler (ContextHandler.java:doStart(921)) - Started o.e.j.s.ServletContextHandler@5ace6611{static,/static,file:///home/runner/work/ozone/ozone/hadoop-ozone/integration-test/target/test-classes/webapps/static,AVAILABLE}
2022-11-14 01:04:18,522 [Listener at 0.0.0.0/44631] INFO  handler.ContextHandler (ContextHandler.java:doStart(921)) - Started o.e.j.w.WebAppContext@3e5ed0d4{scm,/,file:///home/runner/work/ozone/ozone/hadoop-ozone/integration-test/target/test-classes/webapps/scm/,AVAILABLE}{file:/home/runner/work/ozone/ozone/hadoop-ozone/integration-test/target/test-classes/webapps/scm}
2022-11-14 01:04:18,531 [Listener at 0.0.0.0/44631] INFO  server.AbstractConnector (AbstractConnector.java:doStart(333)) - Started ServerConnector@1e9f48d4{HTTP/1.1, (http/1.1)}{0.0.0.0:38567}
2022-11-14 01:04:18,532 [Listener at 0.0.0.0/44631] INFO  server.Server (Server.java:doStart(415)) - Started @4275ms
2022-11-14 01:04:18,535 [Listener at 0.0.0.0/44631] INFO  impl.MetricsSinkAdapter (MetricsSinkAdapter.java:start(204)) - Sink prometheus started
2022-11-14 01:04:18,535 [Listener at 0.0.0.0/44631] INFO  impl.MetricsSystemImpl (MetricsSystemImpl.java:registerSink(305)) - Registered sink prometheus
2022-11-14 01:04:18,536 [Listener at 0.0.0.0/44631] INFO  http.BaseHttpServer (BaseHttpServer.java:updateConnectorAddress(333)) - HTTP server of scm listening at http://0.0.0.0:38567
2022-11-14 01:04:18,538 [Listener at 0.0.0.0/44631] WARN  server.ServerUtils (ServerUtils.java:getDBPath(225)) - ozone.om.db.dirs is not configured. We recommend adding this setting. Falling back to ozone.metadata.dirs instead.
2022-11-14 01:04:18,596 [Listener at 0.0.0.0/44631] INFO  audit.AuditLogger (AuditLogger.java:refreshDebugCmdSet(126)) - Refresh DebugCmdSet for OMAudit to [].
2022-11-14 01:04:18,681 [Listener at 0.0.0.0/44631] INFO  ha.OMHANodeDetails (OMHANodeDetails.java:loadOMHAConfig(115)) - ozone.om.internal.service.id is not defined, falling back to ozone.om.service.ids to find serviceID for OzoneManager if it is HA enabled cluster
2022-11-14 01:04:18,684 [Listener at 0.0.0.0/44631] INFO  ha.OMHANodeDetails (OMHANodeDetails.java:loadOMHAConfig(226)) - Configuration does not have ozone.om.address set. Falling back to the default OM address /127.0.0.1:0
2022-11-14 01:04:18,684 [Listener at 0.0.0.0/44631] INFO  ha.OMHANodeDetails (OMHANodeDetails.java:getOMNodeDetailsForNonHA(254)) - OM Service ID is not set. Setting it to the default ID: omServiceIdDefault
2022-11-14 01:04:18,684 [Listener at 0.0.0.0/44631] INFO  ha.OMHANodeDetails (OMHANodeDetails.java:getOMNodeDetailsForNonHA(261)) - OM Node ID is not set. Setting it to the default ID: om1
2022-11-14 01:04:18,688 [Listener at 0.0.0.0/44631] WARN  server.ServerUtils (ServerUtils.java:getDBPath(225)) - ozone.om.db.dirs is not configured. We recommend adding this setting. Falling back to ozone.metadata.dirs instead.
2022-11-14 01:04:18,689 [Listener at 0.0.0.0/44631] INFO  upgrade.AbstractLayoutVersionManager (AbstractLayoutVersionManager.java:init(83)) - Initializing Layout version manager with metadata layout = MULTITENANCY_SCHEMA (version = 3), software layout = MULTITENANCY_SCHEMA (version = 3)
2022-11-14 01:04:18,767 [Listener at 0.0.0.0/44631] INFO  reflections.Reflections (Reflections.java:scan(232)) - Reflections took 73 ms to scan 2 urls, producing 154 keys and 428 values [using 2 cores]
2022-11-14 01:04:18,772 [Listener at 0.0.0.0/44631] INFO  upgrade.OMLayoutVersionManager (OMLayoutVersionManager.java:lambda$0(115)) - Skipping Upgrade Action MockOmUpgradeAction since it has been finalized.
2022-11-14 01:04:18,772 [Listener at 0.0.0.0/44631] WARN  server.ServerUtils (ServerUtils.java:getDBPath(225)) - ozone.om.db.dirs is not configured. We recommend adding this setting. Falling back to ozone.metadata.dirs instead.
2022-11-14 01:04:18,939 [Listener at 0.0.0.0/44631] INFO  proxy.SCMBlockLocationFailoverProxyProvider (SCMBlockLocationFailoverProxyProvider.java:<init>(114)) - Created block location fail-over proxy with 1 nodes: [nodeId=scmNodeId,nodeAddress=/0.0.0.0:45361]
2022-11-14 01:04:18,975 [Listener at 0.0.0.0/44631] INFO  proxy.SCMBlockLocationFailoverProxyProvider (SCMBlockLocationFailoverProxyProvider.java:<init>(114)) - Created block location fail-over proxy with 1 nodes: [nodeId=scmNodeId,nodeAddress=/0.0.0.0:45361]
2022-11-14 01:04:19,158 [Listener at 0.0.0.0/44631] WARN  server.ServerUtils (ServerUtils.java:getDBPath(225)) - ozone.om.db.dirs is not configured. We recommend adding this setting. Falling back to ozone.metadata.dirs instead.
2022-11-14 01:04:19,165 [Listener at 0.0.0.0/44631] INFO  codec.OmKeyInfoCodec (OmKeyInfoCodec.java:<init>(49)) - OmKeyInfoCodec ignorePipeline = true
2022-11-14 01:04:19,166 [Listener at 0.0.0.0/44631] INFO  codec.RepeatedOmKeyInfoCodec (RepeatedOmKeyInfoCodec.java:<init>(41)) - RepeatedOmKeyInfoCodec ignorePipeline = true
2022-11-14 01:04:19,345 [Listener at 0.0.0.0/44631] INFO  om.OzoneManager (OzoneManager.java:instantiateServices(715)) - S3 Multi-Tenancy is disabled
2022-11-14 01:04:19,436 [Listener at 0.0.0.0/44631] INFO  om.OzoneManager (OzoneManager.java:addS3GVolumeToDB(4394)) - Created Volume s3v With Owner runner required for S3Gateway operations.
2022-11-14 01:04:19,490 [Listener at 0.0.0.0/44631] WARN  server.ServerUtils (ServerUtils.java:getDefaultRatisDirectory(237)) - Storage directory for Ratis is not configured. It is a good idea to map this to an SSD disk. Falling back to ozone.metadata.dirs
2022-11-14 01:04:19,490 [Listener at 0.0.0.0/44631] WARN  utils.OzoneManagerRatisUtils (OzoneManagerRatisUtils.java:getOMRatisSnapshotDirectory(434)) - ozone.om.ratis.snapshot.dir is not configured. Falling back to ozone.metadata.dirs config
2022-11-14 01:04:19,514 [Listener at 0.0.0.0/44631] WARN  server.ServerUtils (ServerUtils.java:getDefaultRatisDirectory(237)) - Storage directory for Ratis is not configured. It is a good idea to map this to an SSD disk. Falling back to ozone.metadata.dirs
2022-11-14 01:04:19,557 [Listener at 0.0.0.0/44631] INFO  ratis.OzoneManagerRatisServer (OzoneManagerRatisServer.java:<init>(160)) - Instantiating OM Ratis server with groupID: omServiceIdDefault and peers: localhost:9872
2022-11-14 01:04:19,566 [Listener at 0.0.0.0/44631] INFO  ratis.OzoneManagerStateMachine (OzoneManagerStateMachine.java:loadSnapshotInfoFromDB(636)) - LastAppliedIndex is set from TransactionInfo from OM DB as (t:0, i:~)
2022-11-14 01:04:19,625 [Listener at 0.0.0.0/44631] INFO  server.RaftServer (ConfUtils.java:logGet(46)) - raft.rpc.type = GRPC (default)
2022-11-14 01:04:19,715 [Listener at 0.0.0.0/44631] INFO  grpc.GrpcConfigKeys (ConfUtils.java:logFallback(53)) - raft.grpc.admin.host = null (fallback to raft.grpc.server.host)
2022-11-14 01:04:19,717 [Listener at 0.0.0.0/44631] INFO  grpc.GrpcConfigKeys (ConfUtils.java:logFallback(53)) - raft.grpc.admin.port = 9872 (fallback to raft.grpc.server.port)
2022-11-14 01:04:19,717 [Listener at 0.0.0.0/44631] INFO  grpc.GrpcConfigKeys (ConfUtils.java:logFallback(53)) - raft.grpc.client.host = null (fallback to raft.grpc.server.host)
2022-11-14 01:04:19,718 [Listener at 0.0.0.0/44631] INFO  grpc.GrpcConfigKeys (ConfUtils.java:logFallback(53)) - raft.grpc.client.port = 9872 (fallback to raft.grpc.server.port)
2022-11-14 01:04:19,718 [Listener at 0.0.0.0/44631] INFO  grpc.GrpcConfigKeys (ConfUtils.java:logGet(46)) - raft.grpc.server.host = null (default)
2022-11-14 01:04:19,718 [Listener at 0.0.0.0/44631] INFO  grpc.GrpcConfigKeys (ConfUtils.java:logGet(46)) - raft.grpc.server.port = 9872 (custom)
2022-11-14 01:04:19,719 [Listener at 0.0.0.0/44631] INFO  server.GrpcService (ConfUtils.java:logGet(46)) - raft.grpc.message.size.max = 33554432 (custom)
2022-11-14 01:04:19,720 [Listener at 0.0.0.0/44631] INFO  server.RaftServerConfigKeys (ConfUtils.java:logGet(46)) - raft.server.log.appender.buffer.byte-limit = 33554432 (custom)
2022-11-14 01:04:19,721 [Listener at 0.0.0.0/44631] INFO  server.GrpcService (ConfUtils.java:logGet(46)) - raft.grpc.flow.control.window = 1MB (=1048576) (default)
2022-11-14 01:04:19,722 [Listener at 0.0.0.0/44631] INFO  server.RaftServerConfigKeys (ConfUtils.java:logGet(46)) - raft.server.rpc.request.timeout = 3000ms (default)
2022-11-14 01:04:19,738 [Listener at 0.0.0.0/44631] INFO  grpc.GrpcConfigKeys (ConfUtils.java:logGet(46)) - raft.grpc.server.heartbeat.channel = true (default)
2022-11-14 01:04:19,741 [Listener at 0.0.0.0/44631] INFO  grpc.GrpcConfigKeys (ConfUtils.java:logGet(46)) - raft.grpc.server.async.request.thread.pool.cached = true (default)
2022-11-14 01:04:19,742 [Listener at 0.0.0.0/44631] INFO  grpc.GrpcConfigKeys (ConfUtils.java:logGet(46)) - raft.grpc.server.async.request.thread.pool.size = 32 (default)
2022-11-14 01:04:20,044 [Listener at 0.0.0.0/44631] INFO  impl.DataStreamServerImpl (ConfUtils.java:logGet(46)) - raft.datastream.type = DISABLED (default)
2022-11-14 01:04:20,047 [Listener at 0.0.0.0/44631] INFO  server.RaftServerConfigKeys (ConfUtils.java:logGet(46)) - raft.server.threadpool.proxy.cached = true (default)
2022-11-14 01:04:20,048 [Listener at 0.0.0.0/44631] INFO  server.RaftServerConfigKeys (ConfUtils.java:logGet(46)) - raft.server.threadpool.proxy.size = 0 (default)
2022-11-14 01:04:20,048 [Listener at 0.0.0.0/44631] INFO  server.RaftServerConfigKeys (ConfUtils.java:logGet(46)) - raft.server.rpc.slowness.timeout = 120s (custom)
2022-11-14 01:04:20,048 [Listener at 0.0.0.0/44631] INFO  server.RaftServerConfigKeys (ConfUtils.java:logGet(46)) - raft.server.leaderelection.leader.step-down.wait-time = 10s (default)
2022-11-14 01:04:20,052 [Listener at 0.0.0.0/44631] INFO  server.RaftServerConfigKeys (ConfUtils.java:logGet(46)) - raft.server.storage.dir = [/home/runner/work/ozone/ozone/hadoop-ozone/integration-test/target/test-dir/MiniOzoneClusterImpl-733ab8e8-73b4-47ae-b22b-a548a4863177/ozone-meta/ratis] (custom)
2022-11-14 01:04:20,063 [Listener at 0.0.0.0/44631] INFO  server.RaftServer (RaftServerProxy.java:addNew(96)) - om1: addNew group-C5BA1605619E:[om1|rpc:localhost:9872|priority:0|startupRole:FOLLOWER] returns group-C5BA1605619E:java.util.concurrent.CompletableFuture@4403cf9a[Not completed]
2022-11-14 01:04:20,063 [Listener at 0.0.0.0/44631] INFO  om.OzoneManager (OzoneManager.java:initializeRatisServer(1977)) - OzoneManager Ratis server initialized at port 9872
2022-11-14 01:04:20,102 [Listener at 0.0.0.0/44631] INFO  om.OzoneManager (OzoneManager.java:getRpcServer(1104)) - Creating RPC Server
2022-11-14 01:04:20,110 [pool-55-thread-1] INFO  server.RaftServer$Division (RaftServerImpl.java:<init>(195)) - om1: new RaftServerImpl for group-C5BA1605619E:[om1|rpc:localhost:9872|priority:0|startupRole:FOLLOWER] with OzoneManagerStateMachine:uninitialized
2022-11-14 01:04:20,114 [pool-55-thread-1] INFO  server.RaftServerConfigKeys (ConfUtils.java:logGet(46)) - raft.server.rpc.timeout.min = 1s (custom)
2022-11-14 01:04:20,115 [pool-55-thread-1] INFO  server.RaftServerConfigKeys (ConfUtils.java:logGet(46)) - raft.server.rpc.timeout.max = 1200ms (custom)
2022-11-14 01:04:20,116 [pool-55-thread-1] INFO  server.RaftServerConfigKeys (ConfUtils.java:logGet(46)) - raft.server.rpc.sleep.time = 25ms (default)
2022-11-14 01:04:20,116 [pool-55-thread-1] INFO  server.RaftServerConfigKeys (ConfUtils.java:logGet(46)) - raft.server.rpc.slowness.timeout = 120s (custom)
2022-11-14 01:04:20,116 [pool-55-thread-1] INFO  server.RaftServerConfigKeys (ConfUtils.java:logGet(46)) - raft.server.leaderelection.leader.step-down.wait-time = 10s (default)
2022-11-14 01:04:20,117 [pool-55-thread-1] INFO  server.RaftServerConfigKeys (ConfUtils.java:logGet(46)) - raft.server.sleep.deviation.threshold = 300ms (default)
2022-11-14 01:04:20,139 [pool-55-thread-1] INFO  server.RaftServer$Division (ServerState.java:<init>(118)) - om1@group-C5BA1605619E: ConfigurationManager, init=-1: peers:[om1|rpc:localhost:9872|priority:0|startupRole:FOLLOWER]|listeners:[], old=null, confs=<EMPTY_MAP>
2022-11-14 01:04:20,139 [pool-55-thread-1] INFO  server.RaftServerConfigKeys (ConfUtils.java:logGet(46)) - raft.server.storage.dir = [/home/runner/work/ozone/ozone/hadoop-ozone/integration-test/target/test-dir/MiniOzoneClusterImpl-733ab8e8-73b4-47ae-b22b-a548a4863177/ozone-meta/ratis] (custom)
2022-11-14 01:04:20,154 [pool-55-thread-1] INFO  server.RaftServerConfigKeys (ConfUtils.java:logGet(46)) - raft.server.log.corruption.policy = EXCEPTION (default)
2022-11-14 01:04:20,154 [pool-55-thread-1] INFO  server.RaftServerConfigKeys (ConfUtils.java:logGet(46)) - raft.server.storage.free-space.min = 0MB (=0) (default)
2022-11-14 01:04:20,162 [pool-55-thread-1] INFO  server.RaftServerConfigKeys (ConfUtils.java:logGet(46)) - raft.server.notification.no-leader.timeout = 120s (custom)
2022-11-14 01:04:20,164 [pool-55-thread-1] INFO  server.RaftServerConfigKeys (ConfUtils.java:logGet(46)) - raft.server.retrycache.expirytime = 300s (custom)
2022-11-14 01:04:20,164 [pool-55-thread-1] INFO  server.RaftServerConfigKeys (ConfUtils.java:logGet(46)) - raft.server.retrycache.statistics.expirytime = 100μs (default)
2022-11-14 01:04:20,311 [pool-55-thread-1] INFO  server.RaftServerConfigKeys (ConfUtils.java:logGet(46)) - raft.server.log.appender.install.snapshot.enabled = false (custom)
2022-11-14 01:04:20,312 [pool-55-thread-1] INFO  server.RaftServerConfigKeys (ConfUtils.java:logGet(46)) - raft.server.threadpool.server.cached = true (default)
2022-11-14 01:04:20,312 [pool-55-thread-1] INFO  server.RaftServerConfigKeys (ConfUtils.java:logGet(46)) - raft.server.threadpool.server.size = 0 (default)
2022-11-14 01:04:20,313 [pool-55-thread-1] INFO  server.RaftServerConfigKeys (ConfUtils.java:logGet(46)) - raft.server.threadpool.client.cached = true (default)
2022-11-14 01:04:20,313 [pool-55-thread-1] INFO  server.RaftServerConfigKeys (ConfUtils.java:logGet(46)) - raft.server.threadpool.client.size = 0 (default)
2022-11-14 01:04:20,946 [Listener at 0.0.0.0/44631] INFO  reflections.Reflections (Reflections.java:scan(232)) - Reflections took 713 ms to scan 19 urls, producing 67 keys and 4329 values [using 2 cores]
2022-11-14 01:04:21,092 [Listener at 0.0.0.0/44631] INFO  ipc.CallQueueManager (CallQueueManager.java:<init>(90)) - Using callQueue: class java.util.concurrent.LinkedBlockingQueue, queueCapacity: 2000, scheduler: class org.apache.hadoop.ipc.DefaultRpcScheduler, ipcBackoff: false.
2022-11-14 01:04:21,093 [Socket Reader #1 for port 0] INFO  ipc.Server (Server.java:run(1273)) - Starting Socket Reader #1 for port 0
2022-11-14 01:04:21,125 [Listener at 127.0.0.1/41321] INFO  impl.MetricsSystemImpl (MetricsSystemImpl.java:init(158)) - OzoneManager metrics system started (again)
2022-11-14 01:04:21,137 [Listener at 127.0.0.1/41321] INFO  om.OzoneManager (OzoneManager.java:start(1484)) - OzoneManager RPC server is listening at localhost/127.0.0.1:41321
2022-11-14 01:04:21,137 [Listener at 127.0.0.1/41321] INFO  ratis.OzoneManagerRatisServer (OzoneManagerRatisServer.java:start(555)) - Starting OzoneManagerRatisServer om1 at port 9872
2022-11-14 01:04:21,140 [om1-impl-thread1] INFO  storage.RaftStorageDirectory (RaftStorageDirectoryImpl.java:analyzeStorage(137)) - The storage directory /home/runner/work/ozone/ozone/hadoop-ozone/integration-test/target/test-dir/MiniOzoneClusterImpl-733ab8e8-73b4-47ae-b22b-a548a4863177/ozone-meta/ratis/bf265839-605b-3f16-9796-c5ba1605619e does not exist. Creating ...
2022-11-14 01:04:21,145 [om1-impl-thread1] INFO  storage.RaftStorageDirectory (RaftStorageDirectoryImpl.java:tryLock(231)) - Lock on /home/runner/work/ozone/ozone/hadoop-ozone/integration-test/target/test-dir/MiniOzoneClusterImpl-733ab8e8-73b4-47ae-b22b-a548a4863177/ozone-meta/ratis/bf265839-605b-3f16-9796-c5ba1605619e/in_use.lock acquired by nodename 11961@fv-az334-552
2022-11-14 01:04:21,153 [om1-impl-thread1] INFO  storage.RaftStorage (RaftStorageImpl.java:format(96)) - Storage directory /home/runner/work/ozone/ozone/hadoop-ozone/integration-test/target/test-dir/MiniOzoneClusterImpl-733ab8e8-73b4-47ae-b22b-a548a4863177/ozone-meta/ratis/bf265839-605b-3f16-9796-c5ba1605619e has been successfully formatted.
2022-11-14 01:04:21,155 [om1-impl-thread1] INFO  server.RaftServerConfigKeys (ConfUtils.java:logGet(46)) - raft.server.log.use.memory = false (default)
2022-11-14 01:04:21,163 [om1-impl-thread1] INFO  server.RaftServerConfigKeys (ConfUtils.java:logGet(46)) - raft.server.log.purge.gap = 1000000 (custom)
2022-11-14 01:04:21,163 [om1-impl-thread1] INFO  server.RaftServerConfigKeys (ConfUtils.java:logGet(46)) - raft.server.log.appender.buffer.byte-limit = 33554432 (custom)
2022-11-14 01:04:21,165 [om1-impl-thread1] INFO  server.RaftServerConfigKeys (ConfUtils.java:logGet(46)) - raft.server.log.statemachine.data.read.timeout = 1000ms (default)
2022-11-14 01:04:21,166 [om1-impl-thread1] INFO  server.RaftServerConfigKeys (ConfUtils.java:logGet(46)) - raft.server.log.purge.preservation.log.num = 0 (default)
2022-11-14 01:04:21,169 [om1-impl-thread1] INFO  server.RaftServerConfigKeys (ConfUtils.java:logGet(46)) - raft.server.log.segment.size.max = 4194304 (custom)
2022-11-14 01:04:21,174 [om1-impl-thread1] INFO  server.RaftServerConfigKeys (ConfUtils.java:logGet(46)) - raft.server.log.segment.cache.num.max = 2 (custom)
2022-11-14 01:04:21,175 [om1-impl-thread1] INFO  server.RaftServerConfigKeys (ConfUtils.java:logGet(46)) - raft.server.log.segment.cache.size.max = 200MB (=209715200) (default)
2022-11-14 01:04:21,181 [om1-impl-thread1] INFO  segmented.SegmentedRaftLogWorker (SegmentedRaftLogWorker.java:<init>(191)) - new om1@group-C5BA1605619E-SegmentedRaftLogWorker for RaftStorageImpl:Storage Directory /home/runner/work/ozone/ozone/hadoop-ozone/integration-test/target/test-dir/MiniOzoneClusterImpl-733ab8e8-73b4-47ae-b22b-a548a4863177/ozone-meta/ratis/bf265839-605b-3f16-9796-c5ba1605619e
2022-11-14 01:04:21,182 [om1-impl-thread1] INFO  server.RaftServerConfigKeys (ConfUtils.java:logGet(46)) - raft.server.log.queue.byte-limit = 64MB (=67108864) (default)
2022-11-14 01:04:21,182 [om1-impl-thread1] INFO  server.RaftServerConfigKeys (ConfUtils.java:logGet(46)) - raft.server.log.queue.element-limit = 4096 (default)
2022-11-14 01:04:21,183 [om1-impl-thread1] INFO  server.RaftServerConfigKeys (ConfUtils.java:logGet(46)) - raft.server.log.segment.size.max = 4194304 (custom)
2022-11-14 01:04:21,183 [om1-impl-thread1] INFO  server.RaftServerConfigKeys (ConfUtils.java:logGet(46)) - raft.server.log.preallocated.size = 4194304 (custom)
2022-11-14 01:04:21,184 [om1-impl-thread1] INFO  server.RaftServerConfigKeys (ConfUtils.java:logGet(46)) - raft.server.log.force.sync.num = 128 (default)
2022-11-14 01:04:21,185 [om1-impl-thread1] INFO  server.RaftServerConfigKeys (ConfUtils.java:logGet(46)) - raft.server.log.statemachine.data.sync = true (default)
2022-11-14 01:04:21,185 [om1-impl-thread1] INFO  server.RaftServerConfigKeys (ConfUtils.java:logGet(46)) - raft.server.log.statemachine.data.sync.timeout = 10s (default)
2022-11-14 01:04:21,185 [om1-impl-thread1] INFO  server.RaftServerConfigKeys (ConfUtils.java:logGet(46)) - raft.server.log.statemachine.data.sync.timeout.retry = -1 (default)
2022-11-14 01:04:21,193 [om1-impl-thread1] INFO  server.RaftServerConfigKeys (ConfUtils.java:logGet(46)) - raft.server.log.write.buffer.size = 64KB (=65536) (default)
2022-11-14 01:04:21,194 [om1-impl-thread1] INFO  server.RaftServerConfigKeys (ConfUtils.java:logGet(46)) - raft.server.log.unsafe-flush.enabled = false (default)
2022-11-14 01:04:21,194 [om1-impl-thread1] INFO  server.RaftServerConfigKeys (ConfUtils.java:logGet(46)) - raft.server.log.async-flush.enabled = false (default)
2022-11-14 01:04:21,195 [om1-impl-thread1] INFO  server.RaftServerConfigKeys (ConfUtils.java:logGet(46)) - raft.server.log.statemachine.data.caching.enabled = false (default)
2022-11-14 01:04:21,201 [om1-impl-thread1] INFO  segmented.SegmentedRaftLogWorker (SegmentedRaftLogWorker.java:lambda$new$0(136)) - om1@group-C5BA1605619E-SegmentedRaftLogWorker: flushIndex: setUnconditionally 0 -> -1
2022-11-14 01:04:21,201 [om1-impl-thread1] INFO  segmented.SegmentedRaftLogWorker (SegmentedRaftLogWorker.java:lambda$new$0(136)) - om1@group-C5BA1605619E-SegmentedRaftLogWorker: safeCacheEvictIndex: setUnconditionally 0 -> -1
2022-11-14 01:04:21,203 [om1-impl-thread1] INFO  server.RaftServer$Division (RaftServerImpl.java:start(334)) - om1@group-C5BA1605619E: start as a follower, conf=-1: peers:[om1|rpc:localhost:9872|priority:0|startupRole:FOLLOWER]|listeners:[], old=null
2022-11-14 01:04:21,207 [om1-impl-thread1] INFO  server.RaftServer$Division (RaftServerImpl.java:setRole(321)) - om1@group-C5BA1605619E: changes role from      null to FOLLOWER at term 0 for startAsFollower
2022-11-14 01:04:21,209 [om1-impl-thread1] INFO  impl.RoleInfo (RoleInfo.java:updateAndGet(139)) - om1: start om1@group-C5BA1605619E-FollowerState
2022-11-14 01:04:21,212 [om1-impl-thread1] INFO  util.JmxRegister (JmxRegister.java:tryRegister(44)) - Successfully registered JMX Bean with object name Ratis:service=RaftServer,group=group-C5BA1605619E,id=om1
2022-11-14 01:04:21,214 [om1-impl-thread1] INFO  server.RaftServerConfigKeys (ConfUtils.java:logGet(46)) - raft.server.snapshot.auto.trigger.enabled = true (custom)
2022-11-14 01:04:21,214 [om1-impl-thread1] INFO  server.RaftServerConfigKeys (ConfUtils.java:logGet(46)) - raft.server.snapshot.auto.trigger.threshold = 400000 (default)
2022-11-14 01:04:21,214 [om1-impl-thread1] INFO  server.RaftServerConfigKeys (ConfUtils.java:logGet(46)) - raft.server.snapshot.retention.file.num = -1 (default)
2022-11-14 01:04:21,215 [om1-impl-thread1] INFO  server.RaftServerConfigKeys (ConfUtils.java:logGet(46)) - raft.server.log.purge.upto.snapshot.index = true (custom)
2022-11-14 01:04:21,218 [om1@group-C5BA1605619E-FollowerState] INFO  server.RaftServerConfigKeys (ConfUtils.java:logFallback(53)) - raft.server.rpc.first-election.timeout.min = 1s (fallback to raft.server.rpc.timeout.min)
2022-11-14 01:04:21,218 [om1@group-C5BA1605619E-FollowerState] INFO  server.RaftServerConfigKeys (ConfUtils.java:logFallback(53)) - raft.server.rpc.first-election.timeout.max = 1200ms (fallback to raft.server.rpc.timeout.max)
2022-11-14 01:04:21,219 [Listener at 127.0.0.1/41321] INFO  server.RaftServer (RaftServerProxy.java:startImpl(393)) - om1: start RPC server
2022-11-14 01:04:21,300 [Listener at 127.0.0.1/41321] INFO  server.GrpcService (GrpcService.java:startImpl(270)) - om1: GrpcService started, listening on 9872
2022-11-14 01:04:21,303 [Listener at 127.0.0.1/41321] INFO  om.OzoneManager (OzoneManager.java:start(1500)) - Version File has different layout version (3) than OM DB (null). That is expected if this OM has never been finalized to a newer layout version.
2022-11-14 01:04:21,306 [JvmPauseMonitor0] INFO  util.JvmPauseMonitor (JvmPauseMonitor.java:run(105)) - JvmPauseMonitor-om1: Started
2022-11-14 01:04:21,332 [Listener at 127.0.0.1/41321] INFO  http.BaseHttpServer (BaseHttpServer.java:newHttpServer2BuilderForOzone(213)) - Starting Web-server for ozoneManager at: http://0.0.0.0:0
2022-11-14 01:04:21,332 [Listener at 127.0.0.1/41321] INFO  http.BaseHttpServer (BaseHttpServer.java:<init>(108)) - Hadoop Security Enabled: false Ozone Security Enabled: false Ozone HTTP Security Enabled: false 
2022-11-14 01:04:21,334 [Listener at 127.0.0.1/41321] WARN  server.AuthenticationFilter (AuthenticationFilter.java:constructSecretProvider(240)) - Unable to initialize FileSignerSecretProvider, falling back to use random secrets. Reason: Could not read signature secret file: /home/runner/hadoop-http-auth-signature-secret
2022-11-14 01:04:21,336 [Listener at 127.0.0.1/41321] WARN  http.HttpRequestLog (HttpRequestLog.java:getRequestLog(103)) - Jetty request log can only be enabled using Log4j
2022-11-14 01:04:21,338 [Listener at 127.0.0.1/41321] INFO  http.HttpServer2 (HttpServer2.java:addGlobalFilter(1031)) - Added global filter 'safety' (class=org.apache.hadoop.hdds.server.http.HttpServer2$QuotingInputFilter)
2022-11-14 01:04:21,339 [Listener at 127.0.0.1/41321] INFO  http.HttpServer2 (HttpServer2.java:addFilter(1007)) - Added filter static_user_filter (class=org.apache.hadoop.http.lib.StaticUserWebFilter$StaticUserFilter) to context ozoneManager
2022-11-14 01:04:21,339 [Listener at 127.0.0.1/41321] INFO  http.HttpServer2 (HttpServer2.java:addFilter(1015)) - Added filter static_user_filter (class=org.apache.hadoop.http.lib.StaticUserWebFilter$StaticUserFilter) to context logs
2022-11-14 01:04:21,339 [Listener at 127.0.0.1/41321] INFO  http.HttpServer2 (HttpServer2.java:addFilter(1015)) - Added filter static_user_filter (class=org.apache.hadoop.http.lib.StaticUserWebFilter$StaticUserFilter) to context static
2022-11-14 01:04:21,341 [Listener at 127.0.0.1/41321] INFO  http.HttpServer2 (HttpServer2.java:bindListener(1250)) - Jetty bound to port 40299
2022-11-14 01:04:21,341 [Listener at 127.0.0.1/41321] INFO  server.Server (Server.java:doStart(375)) - jetty-9.4.49.v20220914; built: 2022-09-14T01:07:36.601Z; git: 4231a3b2e4cb8548a412a789936d640a97b1aa0a; jvm 1.8.0_345-b01
2022-11-14 01:04:21,351 [Listener at 127.0.0.1/41321] INFO  server.session (DefaultSessionIdManager.java:doStart(334)) - DefaultSessionIdManager workerName=node0
2022-11-14 01:04:21,351 [Listener at 127.0.0.1/41321] INFO  server.session (DefaultSessionIdManager.java:doStart(339)) - No SessionScavenger set, using defaults
2022-11-14 01:04:21,351 [Listener at 127.0.0.1/41321] INFO  server.session (HouseKeeper.java:startScavenging(132)) - node0 Scavenging every 600000ms
2022-11-14 01:04:21,352 [Listener at 127.0.0.1/41321] INFO  handler.ContextHandler (ContextHandler.java:doStart(921)) - Started o.e.j.s.ServletContextHandler@564174a2{logs,/logs,file:///home/runner/work/ozone/ozone/hadoop-ozone/integration-test/target/log,AVAILABLE}
2022-11-14 01:04:21,353 [Listener at 127.0.0.1/41321] INFO  handler.ContextHandler (ContextHandler.java:doStart(921)) - Started o.e.j.s.ServletContextHandler@3c7eb170{static,/static,file:///home/runner/work/ozone/ozone/hadoop-ozone/integration-test/target/test-classes/webapps/static,AVAILABLE}
2022-11-14 01:04:21,357 [Listener at 127.0.0.1/41321] INFO  handler.ContextHandler (ContextHandler.java:doStart(921)) - Started o.e.j.w.WebAppContext@368ec112{ozoneManager,/,file:///home/runner/work/ozone/ozone/hadoop-ozone/integration-test/target/test-classes/webapps/ozoneManager/,AVAILABLE}{file:/home/runner/work/ozone/ozone/hadoop-ozone/integration-test/target/test-classes/webapps/ozoneManager}
2022-11-14 01:04:21,361 [Listener at 127.0.0.1/41321] INFO  server.AbstractConnector (AbstractConnector.java:doStart(333)) - Started ServerConnector@29b93eb5{HTTP/1.1, (http/1.1)}{0.0.0.0:40299}
2022-11-14 01:04:21,363 [Listener at 127.0.0.1/41321] INFO  server.Server (Server.java:doStart(415)) - Started @7106ms
2022-11-14 01:04:21,363 [Listener at 127.0.0.1/41321] WARN  impl.MetricsSystemImpl (MetricsSystemImpl.java:register(279)) - Sink prometheus already exists!
2022-11-14 01:04:21,363 [Listener at 127.0.0.1/41321] INFO  http.BaseHttpServer (BaseHttpServer.java:updateConnectorAddress(333)) - HTTP server of ozoneManager listening at http://0.0.0.0:40299
2022-11-14 01:04:21,364 [IPC Server Responder] INFO  ipc.Server (Server.java:run(1512)) - IPC Server Responder: starting
2022-11-14 01:04:21,367 [IPC Server listener on 0] INFO  ipc.Server (Server.java:run(1352)) - IPC Server listener on 0: starting
2022-11-14 01:04:21,398 [Listener at 127.0.0.1/41321] INFO  om.OzoneManager (OzoneManager.java:startTrashEmptier(1921)) - Trash Interval set to 0. Files deleted won't move to trash
2022-11-14 01:04:21,406 [org.apache.hadoop.util.JvmPauseMonitor$Monitor@2b547149] INFO  util.JvmPauseMonitor (JvmPauseMonitor.java:run(188)) - Starting JVM pause monitor
2022-11-14 01:04:21,587 [Listener at 127.0.0.1/41321] WARN  impl.MetricRegistriesImpl (MetricRegistriesImpl.java:addReporterRegistration(111)) - New reporters are added after registries were created. Some metrics will be missing from the reporter. Please add reporter before adding any new registry.
2022-11-14 01:04:21,587 [Listener at 127.0.0.1/41321] WARN  impl.MetricRegistriesImpl (MetricRegistriesImpl.java:addReporterRegistration(111)) - New reporters are added after registries were created. Some metrics will be missing from the reporter. Please add reporter before adding any new registry.
2022-11-14 01:04:21,589 [Listener at 127.0.0.1/41321] INFO  impl.MetricsSystemImpl (MetricsSystemImpl.java:init(158)) - HddsDatanode metrics system started (again)
2022-11-14 01:04:21,610 [Listener at 127.0.0.1/41321] INFO  ozone.HddsDatanodeService (HddsDatanodeService.java:start(236)) - HddsDatanodeService host:fv-az334-552.zg0gw54pbdoexfhqlmz30d51na.gx.internal.cloudapp.net ip:10.1.0.33
2022-11-14 01:04:21,650 [Listener at 127.0.0.1/41321] INFO  upgrade.AbstractLayoutVersionManager (AbstractLayoutVersionManager.java:init(83)) - Initializing Layout version manager with metadata layout = DATANODE_SCHEMA_V3 (version = 4), software layout = DATANODE_SCHEMA_V3 (version = 4)
2022-11-14 01:04:21,717 [Listener at 127.0.0.1/41321] INFO  reflections.Reflections (Reflections.java:scan(232)) - Reflections took 63 ms to scan 7 urls, producing 139 keys and 336 values 
2022-11-14 01:04:21,724 [Listener at 127.0.0.1/41321] INFO  statemachine.DatanodeStateMachine (DatanodeStateMachine.java:getEndPointTaskThreadPoolSize(245)) - Datanode State Machine Task Thread Pool size 2
2022-11-14 01:04:21,787 [Listener at 127.0.0.1/41321] INFO  volume.HddsVolume (HddsVolume.java:<init>(117)) - Creating HddsVolume: /home/runner/work/ozone/ozone/hadoop-ozone/integration-test/target/test-dir/MiniOzoneClusterImpl-733ab8e8-73b4-47ae-b22b-a548a4863177/datanode-0/data-0/containers/hdds of storage type : DISK capacity : 9223372036854775807
2022-11-14 01:04:21,790 [Listener at 127.0.0.1/41321] INFO  volume.MutableVolumeSet (MutableVolumeSet.java:initializeVolumeSet(174)) - Added Volume : /home/runner/work/ozone/ozone/hadoop-ozone/integration-test/target/test-dir/MiniOzoneClusterImpl-733ab8e8-73b4-47ae-b22b-a548a4863177/datanode-0/data-0/containers/hdds to VolumeSet
2022-11-14 01:04:21,791 [Listener at 127.0.0.1/41321] INFO  volume.ThrottledAsyncChecker (ThrottledAsyncChecker.java:schedule(141)) - Scheduling a check for /home/runner/work/ozone/ozone/hadoop-ozone/integration-test/target/test-dir/MiniOzoneClusterImpl-733ab8e8-73b4-47ae-b22b-a548a4863177/datanode-0/data-0/containers/hdds
2022-11-14 01:04:21,815 [Listener at 127.0.0.1/41321] INFO  volume.StorageVolumeChecker (StorageVolumeChecker.java:checkAllVolumes(202)) - Scheduled health check for volume /home/runner/work/ozone/ozone/hadoop-ozone/integration-test/target/test-dir/MiniOzoneClusterImpl-733ab8e8-73b4-47ae-b22b-a548a4863177/datanode-0/data-0/containers/hdds
2022-11-14 01:04:21,834 [Listener at 127.0.0.1/41321] INFO  volume.MutableVolumeSet (MutableVolumeSet.java:initializeVolumeSet(174)) - Added Volume : /home/runner/work/ozone/ozone/hadoop-ozone/integration-test/target/test-dir/MiniOzoneClusterImpl-733ab8e8-73b4-47ae-b22b-a548a4863177/datanode-0/data/ratis to VolumeSet
2022-11-14 01:04:21,834 [Listener at 127.0.0.1/41321] INFO  volume.ThrottledAsyncChecker (ThrottledAsyncChecker.java:schedule(141)) - Scheduling a check for /home/runner/work/ozone/ozone/hadoop-ozone/integration-test/target/test-dir/MiniOzoneClusterImpl-733ab8e8-73b4-47ae-b22b-a548a4863177/datanode-0/data/ratis
2022-11-14 01:04:21,835 [Listener at 127.0.0.1/41321] INFO  volume.StorageVolumeChecker (StorageVolumeChecker.java:checkAllVolumes(202)) - Scheduled health check for volume /home/runner/work/ozone/ozone/hadoop-ozone/integration-test/target/test-dir/MiniOzoneClusterImpl-733ab8e8-73b4-47ae-b22b-a548a4863177/datanode-0/data/ratis
2022-11-14 01:04:21,858 [Thread-136] INFO  ozoneimpl.ContainerReader (ContainerReader.java:readVolume(175)) - Finish verifying containers on volume /home/runner/work/ozone/ozone/hadoop-ozone/integration-test/target/test-dir/MiniOzoneClusterImpl-733ab8e8-73b4-47ae-b22b-a548a4863177/datanode-0/data-0/containers/hdds
2022-11-14 01:04:21,859 [Listener at 127.0.0.1/41321] INFO  ozoneimpl.OzoneContainer (OzoneContainer.java:buildContainerSet(300)) - Build ContainerSet costs 0s
2022-11-14 01:04:21,913 [Listener at 127.0.0.1/41321] INFO  audit.AuditLogger (AuditLogger.java:refreshDebugCmdSet(126)) - Refresh DebugCmdSet for DNAudit to [].
2022-11-14 01:04:21,945 [Listener at 127.0.0.1/41321] INFO  server.RaftServer (ConfUtils.java:logGet(46)) - raft.rpc.type = GRPC (default)
2022-11-14 01:04:21,946 [Listener at 127.0.0.1/41321] INFO  grpc.GrpcConfigKeys (ConfUtils.java:logFallback(53)) - raft.grpc.admin.host = null (fallback to raft.grpc.server.host)
2022-11-14 01:04:21,946 [Listener at 127.0.0.1/41321] INFO  grpc.GrpcConfigKeys (ConfUtils.java:logGet(46)) - raft.grpc.admin.port = 0 (custom)
2022-11-14 01:04:21,946 [Listener at 127.0.0.1/41321] INFO  grpc.GrpcConfigKeys (ConfUtils.java:logFallback(53)) - raft.grpc.client.host = null (fallback to raft.grpc.server.host)
2022-11-14 01:04:21,947 [Listener at 127.0.0.1/41321] INFO  grpc.GrpcConfigKeys (ConfUtils.java:logGet(46)) - raft.grpc.client.port = 0 (custom)
2022-11-14 01:04:21,947 [Listener at 127.0.0.1/41321] INFO  grpc.GrpcConfigKeys (ConfUtils.java:logGet(46)) - raft.grpc.server.host = null (default)
2022-11-14 01:04:21,947 [Listener at 127.0.0.1/41321] INFO  grpc.GrpcConfigKeys (ConfUtils.java:logGet(46)) - raft.grpc.server.port = 0 (default)
2022-11-14 01:04:21,947 [Listener at 127.0.0.1/41321] INFO  server.GrpcService (ConfUtils.java:logGet(46)) - raft.grpc.message.size.max = 32MB (=33554432) (custom)
2022-11-14 01:04:21,948 [Listener at 127.0.0.1/41321] INFO  server.RaftServerConfigKeys (ConfUtils.java:logGet(46)) - raft.server.log.appender.buffer.byte-limit = 33554432 (custom)
2022-11-14 01:04:21,948 [Listener at 127.0.0.1/41321] INFO  server.GrpcService (ConfUtils.java:logGet(46)) - raft.grpc.flow.control.window = 5MB (=5242880) (custom)
2022-11-14 01:04:21,948 [Listener at 127.0.0.1/41321] INFO  server.RaftServerConfigKeys (ConfUtils.java:logGet(46)) - raft.server.rpc.request.timeout = 60s (custom)
2022-11-14 01:04:21,949 [Listener at 127.0.0.1/41321] INFO  grpc.GrpcConfigKeys (ConfUtils.java:logGet(46)) - raft.grpc.server.heartbeat.channel = true (default)
2022-11-14 01:04:21,949 [Listener at 127.0.0.1/41321] INFO  grpc.GrpcConfigKeys (ConfUtils.java:logGet(46)) - raft.grpc.server.async.request.thread.pool.cached = true (default)
2022-11-14 01:04:21,950 [Listener at 127.0.0.1/41321] INFO  grpc.GrpcConfigKeys (ConfUtils.java:logGet(46)) - raft.grpc.server.async.request.thread.pool.size = 32 (default)
2022-11-14 01:04:21,953 [Listener at 127.0.0.1/41321] INFO  impl.DataStreamServerImpl (ConfUtils.java:logGet(46)) - raft.datastream.type = DISABLED (default)
2022-11-14 01:04:21,953 [Listener at 127.0.0.1/41321] INFO  server.RaftServerConfigKeys (ConfUtils.java:logGet(46)) - raft.server.threadpool.proxy.cached = true (default)
2022-11-14 01:04:21,956 [Listener at 127.0.0.1/41321] INFO  server.RaftServerConfigKeys (ConfUtils.java:logGet(46)) - raft.server.threadpool.proxy.size = 0 (default)
2022-11-14 01:04:21,956 [Listener at 127.0.0.1/41321] INFO  server.RaftServerConfigKeys (ConfUtils.java:logGet(46)) - raft.server.rpc.slowness.timeout = 300s (custom)
2022-11-14 01:04:21,960 [Listener at 127.0.0.1/41321] INFO  server.RaftServerConfigKeys (ConfUtils.java:logGet(46)) - raft.server.leaderelection.leader.step-down.wait-time = 10s (default)
2022-11-14 01:04:21,961 [Listener at 127.0.0.1/41321] INFO  server.RaftServerConfigKeys (ConfUtils.java:logGet(46)) - raft.server.storage.dir = [/home/runner/work/ozone/ozone/hadoop-ozone/integration-test/target/test-dir/MiniOzoneClusterImpl-733ab8e8-73b4-47ae-b22b-a548a4863177/datanode-0/data/ratis] (custom)
2022-11-14 01:04:21,980 [Listener at 127.0.0.1/41321] INFO  server.XceiverServerGrpc (XceiverServerGrpc.java:<init>(132)) - GrpcServer channel type EpollServerSocketChannel
2022-11-14 01:04:22,069 [Listener at 127.0.0.1/41321] INFO  http.BaseHttpServer (BaseHttpServer.java:newHttpServer2BuilderForOzone(213)) - Starting Web-server for hddsDatanode at: http://0.0.0.0:0
2022-11-14 01:04:22,070 [Listener at 127.0.0.1/41321] INFO  http.BaseHttpServer (BaseHttpServer.java:<init>(108)) - Hadoop Security Enabled: false Ozone Security Enabled: false Ozone HTTP Security Enabled: false 
2022-11-14 01:04:22,072 [Listener at 127.0.0.1/41321] WARN  server.AuthenticationFilter (AuthenticationFilter.java:constructSecretProvider(240)) - Unable to initialize FileSignerSecretProvider, falling back to use random secrets. Reason: Could not read signature secret file: /home/runner/hadoop-http-auth-signature-secret
2022-11-14 01:04:22,073 [Listener at 127.0.0.1/41321] WARN  http.HttpRequestLog (HttpRequestLog.java:getRequestLog(103)) - Jetty request log can only be enabled using Log4j
2022-11-14 01:04:22,075 [Listener at 127.0.0.1/41321] INFO  http.HttpServer2 (HttpServer2.java:addGlobalFilter(1031)) - Added global filter 'safety' (class=org.apache.hadoop.hdds.server.http.HttpServer2$QuotingInputFilter)
2022-11-14 01:04:22,077 [Listener at 127.0.0.1/41321] INFO  http.HttpServer2 (HttpServer2.java:addFilter(1007)) - Added filter static_user_filter (class=org.apache.hadoop.http.lib.StaticUserWebFilter$StaticUserFilter) to context hddsDatanode
2022-11-14 01:04:22,077 [Listener at 127.0.0.1/41321] INFO  http.HttpServer2 (HttpServer2.java:addFilter(1015)) - Added filter static_user_filter (class=org.apache.hadoop.http.lib.StaticUserWebFilter$StaticUserFilter) to context static
2022-11-14 01:04:22,077 [Listener at 127.0.0.1/41321] INFO  http.HttpServer2 (HttpServer2.java:addFilter(1015)) - Added filter static_user_filter (class=org.apache.hadoop.http.lib.StaticUserWebFilter$StaticUserFilter) to context logs
2022-11-14 01:04:22,079 [Listener at 127.0.0.1/41321] INFO  http.HttpServer2 (HttpServer2.java:bindListener(1250)) - Jetty bound to port 39805
2022-11-14 01:04:22,080 [Listener at 127.0.0.1/41321] INFO  server.Server (Server.java:doStart(375)) - jetty-9.4.49.v20220914; built: 2022-09-14T01:07:36.601Z; git: 4231a3b2e4cb8548a412a789936d640a97b1aa0a; jvm 1.8.0_345-b01
2022-11-14 01:04:22,095 [Listener at 127.0.0.1/41321] INFO  server.session (DefaultSessionIdManager.java:doStart(334)) - DefaultSessionIdManager workerName=node0
2022-11-14 01:04:22,095 [Listener at 127.0.0.1/41321] INFO  server.session (DefaultSessionIdManager.java:doStart(339)) - No SessionScavenger set, using defaults
2022-11-14 01:04:22,096 [Listener at 127.0.0.1/41321] INFO  server.session (HouseKeeper.java:startScavenging(132)) - node0 Scavenging every 660000ms
2022-11-14 01:04:22,099 [Listener at 127.0.0.1/41321] INFO  handler.ContextHandler (ContextHandler.java:doStart(921)) - Started o.e.j.s.ServletContextHandler@23940ca8{logs,/logs,file:///home/runner/work/ozone/ozone/hadoop-ozone/integration-test/target/log,AVAILABLE}
2022-11-14 01:04:22,100 [Listener at 127.0.0.1/41321] INFO  handler.ContextHandler (ContextHandler.java:doStart(921)) - Started o.e.j.s.ServletContextHandler@482d8add{static,/static,jar:file:/home/runner/.m2/repository/org/apache/ozone/hdds-container-service/1.3.0-SNAPSHOT/hdds-container-service-1.3.0-SNAPSHOT.jar!/webapps/static,AVAILABLE}
2022-11-14 01:04:22,236 [om1@group-C5BA1605619E-FollowerState] INFO  impl.FollowerState (FollowerState.java:run(143)) - om1@group-C5BA1605619E-FollowerState: change to CANDIDATE, lastRpcElapsedTime:1026606215ns, electionTimeout:1015ms
2022-11-14 01:04:22,237 [om1@group-C5BA1605619E-FollowerState] INFO  impl.RoleInfo (RoleInfo.java:shutdownFollowerState(110)) - om1: shutdown om1@group-C5BA1605619E-FollowerState
2022-11-14 01:04:22,237 [om1@group-C5BA1605619E-FollowerState] INFO  server.RaftServer$Division (RaftServerImpl.java:setRole(321)) - om1@group-C5BA1605619E: changes role from  FOLLOWER to CANDIDATE at term 0 for changeToCandidate
2022-11-14 01:04:22,245 [om1@group-C5BA1605619E-FollowerState] INFO  server.RaftServerConfigKeys (ConfUtils.java:logGet(46)) - raft.server.leaderelection.pre-vote = false (custom)
2022-11-14 01:04:22,247 [om1@group-C5BA1605619E-FollowerState] INFO  impl.RoleInfo (RoleInfo.java:updateAndGet(139)) - om1: start om1@group-C5BA1605619E-LeaderElection1
2022-11-14 01:04:22,290 [om1@group-C5BA1605619E-LeaderElection1] INFO  impl.LeaderElection (LeaderElection.java:askForVotes(312)) - om1@group-C5BA1605619E-LeaderElection1 ELECTION round 0: submit vote requests at term 1 for -1: peers:[om1|rpc:localhost:9872|priority:0|startupRole:FOLLOWER]|listeners:[], old=null
2022-11-14 01:04:22,293 [om1@group-C5BA1605619E-LeaderElection1] INFO  impl.LeaderElection (LeaderElection.java:askForVotes(314)) - om1@group-C5BA1605619E-LeaderElection1 ELECTION round 0: result PASSED (term=1)
2022-11-14 01:04:22,296 [om1@group-C5BA1605619E-LeaderElection1] INFO  impl.RoleInfo (RoleInfo.java:shutdownLeaderElection(130)) - om1: shutdown om1@group-C5BA1605619E-LeaderElection1
2022-11-14 01:04:22,298 [om1@group-C5BA1605619E-LeaderElection1] INFO  server.RaftServer$Division (RaftServerImpl.java:setRole(321)) - om1@group-C5BA1605619E: changes role from CANDIDATE to LEADER at term 1 for changeToLeader
2022-11-14 01:04:22,298 [om1@group-C5BA1605619E-LeaderElection1] INFO  server.RaftServer$Division (ServerState.java:setLeader(313)) - om1@group-C5BA1605619E: change Leader from null to om1 at term 1 for becomeLeader, leader elected after 2136ms
2022-11-14 01:04:22,315 [om1@group-C5BA1605619E-LeaderElection1] INFO  server.RaftServerConfigKeys (ConfUtils.java:logGet(46)) - raft.server.staging.catchup.gap = 1000 (default)
2022-11-14 01:04:22,319 [om1@group-C5BA1605619E-LeaderElection1] INFO  server.RaftServerConfigKeys (ConfUtils.java:logGet(46)) - raft.server.write.element-limit = 4096 (default)
2022-11-14 01:04:22,320 [om1@group-C5BA1605619E-LeaderElection1] INFO  server.RaftServerConfigKeys (ConfUtils.java:logGet(46)) - raft.server.write.byte-limit = 64MB (=67108864) (default)
2022-11-14 01:04:22,332 [om1@group-C5BA1605619E-LeaderElection1] INFO  server.RaftServerConfigKeys (ConfUtils.java:logGet(46)) - raft.server.watch.timeout = 10s (default)
2022-11-14 01:04:22,332 [om1@group-C5BA1605619E-LeaderElection1] INFO  server.RaftServerConfigKeys (ConfUtils.java:logGet(46)) - raft.server.watch.timeout.denomination = 1s (default)
2022-11-14 01:04:22,333 [om1@group-C5BA1605619E-LeaderElection1] INFO  server.RaftServerConfigKeys (ConfUtils.java:logGet(46)) - raft.server.watch.element-limit = 65536 (default)
2022-11-14 01:04:22,340 [om1@group-C5BA1605619E-LeaderElection1] INFO  server.RaftServerConfigKeys (ConfUtils.java:logGet(46)) - raft.server.write.element-limit = 4096 (default)
2022-11-14 01:04:22,347 [om1@group-C5BA1605619E-LeaderElection1] INFO  server.RaftServerConfigKeys (ConfUtils.java:logGet(46)) - raft.server.write.follower.gap.ratio.max = -1.0 (default)
2022-11-14 01:04:22,350 [om1@group-C5BA1605619E-LeaderElection1] INFO  impl.RoleInfo (RoleInfo.java:updateAndGet(139)) - om1: start om1@group-C5BA1605619E-LeaderStateImpl
2022-11-14 01:04:22,363 [Listener at 127.0.0.1/41321] INFO  handler.ContextHandler (ContextHandler.java:doStart(921)) - Started o.e.j.w.WebAppContext@892731c{hddsDatanode,/,file:///tmp/jetty-0_0_0_0-39805-hdds-container-service-1_3_0-SNAPSHOT_jar-_-any-4807722354646619619/webapp/,AVAILABLE}{jar:file:/home/runner/.m2/repository/org/apache/ozone/hdds-container-service/1.3.0-SNAPSHOT/hdds-container-service-1.3.0-SNAPSHOT.jar!/webapps/hddsDatanode}
2022-11-14 01:04:22,365 [Listener at 127.0.0.1/41321] INFO  server.AbstractConnector (AbstractConnector.java:doStart(333)) - Started ServerConnector@2f7cf665{HTTP/1.1, (http/1.1)}{0.0.0.0:39805}
2022-11-14 01:04:22,365 [Listener at 127.0.0.1/41321] INFO  server.Server (Server.java:doStart(415)) - Started @8108ms
2022-11-14 01:04:22,365 [Listener at 127.0.0.1/41321] WARN  impl.MetricsSystemImpl (MetricsSystemImpl.java:register(279)) - Sink prometheus already exists!
2022-11-14 01:04:22,367 [Listener at 127.0.0.1/41321] INFO  http.BaseHttpServer (BaseHttpServer.java:updateConnectorAddress(333)) - HTTP server of hddsDatanode listening at http://0.0.0.0:39805
2022-11-14 01:04:22,375 [Listener at 127.0.0.1/41321] WARN  impl.MetricRegistriesImpl (MetricRegistriesImpl.java:addReporterRegistration(111)) - New reporters are added after registries were created. Some metrics will be missing from the reporter. Please add reporter before adding any new registry.
2022-11-14 01:04:22,376 [Listener at 127.0.0.1/41321] WARN  impl.MetricRegistriesImpl (MetricRegistriesImpl.java:addReporterRegistration(111)) - New reporters are added after registries were created. Some metrics will be missing from the reporter. Please add reporter before adding any new registry.
2022-11-14 01:04:22,376 [Listener at 127.0.0.1/41321] INFO  impl.MetricsSystemImpl (MetricsSystemImpl.java:init(158)) - HddsDatanode metrics system started (again)
2022-11-14 01:04:22,375 [Datanode State Machine Daemon Thread] INFO  statemachine.DatanodeStateMachine (DatanodeStateMachine.java:lambda$startDaemon$0(505)) - Ozone container server started.
2022-11-14 01:04:22,390 [Listener at 127.0.0.1/41321] INFO  ozone.HddsDatanodeService (HddsDatanodeService.java:start(236)) - HddsDatanodeService host:fv-az334-552.zg0gw54pbdoexfhqlmz30d51na.gx.internal.cloudapp.net ip:10.1.0.33
2022-11-14 01:04:22,402 [om1@group-C5BA1605619E-LeaderElection1] INFO  segmented.SegmentedRaftLogWorker (SegmentedRaftLogWorker.java:startLogSegment(452)) - om1@group-C5BA1605619E-SegmentedRaftLogWorker: Starting segment from index:0
2022-11-14 01:04:22,407 [org.apache.hadoop.util.JvmPauseMonitor$Monitor@54dd7864] INFO  util.JvmPauseMonitor (JvmPauseMonitor.java:run(188)) - Starting JVM pause monitor
2022-11-14 01:04:22,444 [Listener at 127.0.0.1/41321] INFO  upgrade.AbstractLayoutVersionManager (AbstractLayoutVersionManager.java:init(83)) - Initializing Layout version manager with metadata layout = DATANODE_SCHEMA_V3 (version = 4), software layout = DATANODE_SCHEMA_V3 (version = 4)
2022-11-14 01:04:22,465 [om1@group-C5BA1605619E-LeaderElection1] INFO  server.RaftServer$Division (ServerState.java:setRaftConf(430)) - om1@group-C5BA1605619E: set configuration 0: peers:[om1|rpc:localhost:9872|admin:|client:|dataStream:|priority:0|startupRole:FOLLOWER]|listeners:[], old=null
2022-11-14 01:04:22,569 [om1@group-C5BA1605619E-SegmentedRaftLogWorker] INFO  segmented.SegmentedRaftLogWorker (SegmentedRaftLogWorker.java:execute(656)) - om1@group-C5BA1605619E-SegmentedRaftLogWorker: created new log segment /home/runner/work/ozone/ozone/hadoop-ozone/integration-test/target/test-dir/MiniOzoneClusterImpl-733ab8e8-73b4-47ae-b22b-a548a4863177/ozone-meta/ratis/bf265839-605b-3f16-9796-c5ba1605619e/current/log_inprogress_0
2022-11-14 01:04:22,572 [Listener at 127.0.0.1/41321] INFO  reflections.Reflections (Reflections.java:scan(232)) - Reflections took 123 ms to scan 7 urls, producing 139 keys and 336 values 
2022-11-14 01:04:22,597 [Listener at 127.0.0.1/41321] INFO  statemachine.DatanodeStateMachine (DatanodeStateMachine.java:getEndPointTaskThreadPoolSize(245)) - Datanode State Machine Task Thread Pool size 2
2022-11-14 01:04:22,601 [Listener at 127.0.0.1/41321] INFO  volume.HddsVolume (HddsVolume.java:<init>(117)) - Creating HddsVolume: /home/runner/work/ozone/ozone/hadoop-ozone/integration-test/target/test-dir/MiniOzoneClusterImpl-733ab8e8-73b4-47ae-b22b-a548a4863177/datanode-1/data-0/containers/hdds of storage type : DISK capacity : 9223372036854775807
2022-11-14 01:04:22,601 [Listener at 127.0.0.1/41321] INFO  volume.MutableVolumeSet (MutableVolumeSet.java:initializeVolumeSet(174)) - Added Volume : /home/runner/work/ozone/ozone/hadoop-ozone/integration-test/target/test-dir/MiniOzoneClusterImpl-733ab8e8-73b4-47ae-b22b-a548a4863177/datanode-1/data-0/containers/hdds to VolumeSet
2022-11-14 01:04:22,602 [Listener at 127.0.0.1/41321] INFO  volume.ThrottledAsyncChecker (ThrottledAsyncChecker.java:schedule(141)) - Scheduling a check for /home/runner/work/ozone/ozone/hadoop-ozone/integration-test/target/test-dir/MiniOzoneClusterImpl-733ab8e8-73b4-47ae-b22b-a548a4863177/datanode-1/data-0/containers/hdds
2022-11-14 01:04:22,609 [Listener at 127.0.0.1/41321] INFO  volume.StorageVolumeChecker (StorageVolumeChecker.java:checkAllVolumes(202)) - Scheduled health check for volume /home/runner/work/ozone/ozone/hadoop-ozone/integration-test/target/test-dir/MiniOzoneClusterImpl-733ab8e8-73b4-47ae-b22b-a548a4863177/datanode-1/data-0/containers/hdds
2022-11-14 01:04:22,619 [Datanode State Machine Task Thread - 0] INFO  datanode.InitDatanodeState (InitDatanodeState.java:persistContainerDatanodeDetails(138)) - DatanodeDetails is persisted to /home/runner/work/ozone/ozone/hadoop-ozone/integration-test/target/test-dir/MiniOzoneClusterImpl-733ab8e8-73b4-47ae-b22b-a548a4863177/datanode-0/meta/datanode.id
2022-11-14 01:04:22,627 [Listener at 127.0.0.1/41321] INFO  volume.MutableVolumeSet (MutableVolumeSet.java:initializeVolumeSet(174)) - Added Volume : /home/runner/work/ozone/ozone/hadoop-ozone/integration-test/target/test-dir/MiniOzoneClusterImpl-733ab8e8-73b4-47ae-b22b-a548a4863177/datanode-1/data/ratis to VolumeSet
2022-11-14 01:04:22,628 [Listener at 127.0.0.1/41321] INFO  volume.ThrottledAsyncChecker (ThrottledAsyncChecker.java:schedule(141)) - Scheduling a check for /home/runner/work/ozone/ozone/hadoop-ozone/integration-test/target/test-dir/MiniOzoneClusterImpl-733ab8e8-73b4-47ae-b22b-a548a4863177/datanode-1/data/ratis
2022-11-14 01:04:22,629 [Listener at 127.0.0.1/41321] INFO  volume.StorageVolumeChecker (StorageVolumeChecker.java:checkAllVolumes(202)) - Scheduled health check for volume /home/runner/work/ozone/ozone/hadoop-ozone/integration-test/target/test-dir/MiniOzoneClusterImpl-733ab8e8-73b4-47ae-b22b-a548a4863177/datanode-1/data/ratis
2022-11-14 01:04:22,663 [Thread-151] INFO  ozoneimpl.ContainerReader (ContainerReader.java:readVolume(175)) - Finish verifying containers on volume /home/runner/work/ozone/ozone/hadoop-ozone/integration-test/target/test-dir/MiniOzoneClusterImpl-733ab8e8-73b4-47ae-b22b-a548a4863177/datanode-1/data-0/containers/hdds
2022-11-14 01:04:22,664 [Listener at 127.0.0.1/41321] INFO  ozoneimpl.OzoneContainer (OzoneContainer.java:buildContainerSet(300)) - Build ContainerSet costs 0s
2022-11-14 01:04:22,668 [Listener at 127.0.0.1/41321] INFO  server.RaftServer (ConfUtils.java:logGet(46)) - raft.rpc.type = GRPC (default)
2022-11-14 01:04:22,668 [Listener at 127.0.0.1/41321] INFO  grpc.GrpcConfigKeys (ConfUtils.java:logFallback(53)) - raft.grpc.admin.host = null (fallback to raft.grpc.server.host)
2022-11-14 01:04:22,668 [Listener at 127.0.0.1/41321] INFO  grpc.GrpcConfigKeys (ConfUtils.java:logGet(46)) - raft.grpc.admin.port = 0 (custom)
2022-11-14 01:04:22,669 [Listener at 127.0.0.1/41321] INFO  grpc.GrpcConfigKeys (ConfUtils.java:logFallback(53)) - raft.grpc.client.host = null (fallback to raft.grpc.server.host)
2022-11-14 01:04:22,669 [Listener at 127.0.0.1/41321] INFO  grpc.GrpcConfigKeys (ConfUtils.java:logGet(46)) - raft.grpc.client.port = 0 (custom)
2022-11-14 01:04:22,669 [Listener at 127.0.0.1/41321] INFO  grpc.GrpcConfigKeys (ConfUtils.java:logGet(46)) - raft.grpc.server.host = null (default)
2022-11-14 01:04:22,669 [Listener at 127.0.0.1/41321] INFO  grpc.GrpcConfigKeys (ConfUtils.java:logGet(46)) - raft.grpc.server.port = 0 (default)
2022-11-14 01:04:22,670 [Listener at 127.0.0.1/41321] INFO  server.GrpcService (ConfUtils.java:logGet(46)) - raft.grpc.message.size.max = 32MB (=33554432) (custom)
2022-11-14 01:04:22,670 [Listener at 127.0.0.1/41321] INFO  server.RaftServerConfigKeys (ConfUtils.java:logGet(46)) - raft.server.log.appender.buffer.byte-limit = 33554432 (custom)
2022-11-14 01:04:22,670 [Listener at 127.0.0.1/41321] INFO  server.GrpcService (ConfUtils.java:logGet(46)) - raft.grpc.flow.control.window = 5MB (=5242880) (custom)
2022-11-14 01:04:22,671 [Listener at 127.0.0.1/41321] INFO  server.RaftServerConfigKeys (ConfUtils.java:logGet(46)) - raft.server.rpc.request.timeout = 60s (custom)
2022-11-14 01:04:22,672 [Listener at 127.0.0.1/41321] INFO  grpc.GrpcConfigKeys (ConfUtils.java:logGet(46)) - raft.grpc.server.heartbeat.channel = true (default)
2022-11-14 01:04:22,672 [Listener at 127.0.0.1/41321] INFO  grpc.GrpcConfigKeys (ConfUtils.java:logGet(46)) - raft.grpc.server.async.request.thread.pool.cached = true (default)
2022-11-14 01:04:22,672 [Listener at 127.0.0.1/41321] INFO  grpc.GrpcConfigKeys (ConfUtils.java:logGet(46)) - raft.grpc.server.async.request.thread.pool.size = 32 (default)
2022-11-14 01:04:22,674 [Listener at 127.0.0.1/41321] INFO  impl.DataStreamServerImpl (ConfUtils.java:logGet(46)) - raft.datastream.type = DISABLED (default)
2022-11-14 01:04:22,675 [Listener at 127.0.0.1/41321] INFO  server.RaftServerConfigKeys (ConfUtils.java:logGet(46)) - raft.server.threadpool.proxy.cached = true (default)
2022-11-14 01:04:22,675 [Listener at 127.0.0.1/41321] INFO  server.RaftServerConfigKeys (ConfUtils.java:logGet(46)) - raft.server.threadpool.proxy.size = 0 (default)
2022-11-14 01:04:22,675 [Listener at 127.0.0.1/41321] INFO  server.RaftServerConfigKeys (ConfUtils.java:logGet(46)) - raft.server.rpc.slowness.timeout = 300s (custom)
2022-11-14 01:04:22,675 [Listener at 127.0.0.1/41321] INFO  server.RaftServerConfigKeys (ConfUtils.java:logGet(46)) - raft.server.leaderelection.leader.step-down.wait-time = 10s (default)
2022-11-14 01:04:22,677 [Listener at 127.0.0.1/41321] INFO  server.RaftServerConfigKeys (ConfUtils.java:logGet(46)) - raft.server.storage.dir = [/home/runner/work/ozone/ozone/hadoop-ozone/integration-test/target/test-dir/MiniOzoneClusterImpl-733ab8e8-73b4-47ae-b22b-a548a4863177/datanode-1/data/ratis] (custom)
2022-11-14 01:04:22,686 [Listener at 127.0.0.1/41321] INFO  server.XceiverServerGrpc (XceiverServerGrpc.java:<init>(132)) - GrpcServer channel type EpollServerSocketChannel
2022-11-14 01:04:22,694 [Listener at 127.0.0.1/41321] INFO  http.BaseHttpServer (BaseHttpServer.java:newHttpServer2BuilderForOzone(213)) - Starting Web-server for hddsDatanode at: http://0.0.0.0:0
2022-11-14 01:04:22,694 [Listener at 127.0.0.1/41321] INFO  http.BaseHttpServer (BaseHttpServer.java:<init>(108)) - Hadoop Security Enabled: false Ozone Security Enabled: false Ozone HTTP Security Enabled: false 
2022-11-14 01:04:22,696 [Listener at 127.0.0.1/41321] WARN  server.AuthenticationFilter (AuthenticationFilter.java:constructSecretProvider(240)) - Unable to initialize FileSignerSecretProvider, falling back to use random secrets. Reason: Could not read signature secret file: /home/runner/hadoop-http-auth-signature-secret
2022-11-14 01:04:22,699 [Listener at 127.0.0.1/41321] WARN  http.HttpRequestLog (HttpRequestLog.java:getRequestLog(103)) - Jetty request log can only be enabled using Log4j
2022-11-14 01:04:22,701 [Listener at 127.0.0.1/41321] INFO  http.HttpServer2 (HttpServer2.java:addGlobalFilter(1031)) - Added global filter 'safety' (class=org.apache.hadoop.hdds.server.http.HttpServer2$QuotingInputFilter)
2022-11-14 01:04:22,702 [Listener at 127.0.0.1/41321] INFO  http.HttpServer2 (HttpServer2.java:addFilter(1007)) - Added filter static_user_filter (class=org.apache.hadoop.http.lib.StaticUserWebFilter$StaticUserFilter) to context hddsDatanode
2022-11-14 01:04:22,702 [Listener at 127.0.0.1/41321] INFO  http.HttpServer2 (HttpServer2.java:addFilter(1015)) - Added filter static_user_filter (class=org.apache.hadoop.http.lib.StaticUserWebFilter$StaticUserFilter) to context logs
2022-11-14 01:04:22,703 [Listener at 127.0.0.1/41321] INFO  http.HttpServer2 (HttpServer2.java:addFilter(1015)) - Added filter static_user_filter (class=org.apache.hadoop.http.lib.StaticUserWebFilter$StaticUserFilter) to context static
2022-11-14 01:04:22,703 [Listener at 127.0.0.1/41321] INFO  http.HttpServer2 (HttpServer2.java:bindListener(1250)) - Jetty bound to port 33965
2022-11-14 01:04:22,703 [Listener at 127.0.0.1/41321] INFO  server.Server (Server.java:doStart(375)) - jetty-9.4.49.v20220914; built: 2022-09-14T01:07:36.601Z; git: 4231a3b2e4cb8548a412a789936d640a97b1aa0a; jvm 1.8.0_345-b01
2022-11-14 01:04:22,705 [Listener at 127.0.0.1/41321] INFO  server.session (DefaultSessionIdManager.java:doStart(334)) - DefaultSessionIdManager workerName=node0
2022-11-14 01:04:22,705 [Listener at 127.0.0.1/41321] INFO  server.session (DefaultSessionIdManager.java:doStart(339)) - No SessionScavenger set, using defaults
2022-11-14 01:04:22,706 [Listener at 127.0.0.1/41321] INFO  server.session (HouseKeeper.java:startScavenging(132)) - node0 Scavenging every 600000ms
2022-11-14 01:04:22,706 [Listener at 127.0.0.1/41321] INFO  handler.ContextHandler (ContextHandler.java:doStart(921)) - Started o.e.j.s.ServletContextHandler@463f7e2f{logs,/logs,file:///home/runner/work/ozone/ozone/hadoop-ozone/integration-test/target/log,AVAILABLE}
2022-11-14 01:04:22,707 [Listener at 127.0.0.1/41321] INFO  handler.ContextHandler (ContextHandler.java:doStart(921)) - Started o.e.j.s.ServletContextHandler@d13d812{static,/static,jar:file:/home/runner/.m2/repository/org/apache/ozone/hdds-container-service/1.3.0-SNAPSHOT/hdds-container-service-1.3.0-SNAPSHOT.jar!/webapps/static,AVAILABLE}
2022-11-14 01:04:22,729 [om1@group-C5BA1605619E-StateMachineUpdater] INFO  ratis.OzoneManagerStateMachine (OzoneManagerStateMachine.java:notifyConfigurationChanged(192)) - Received Configuration change notification from Ratis. New Peer list:
[id: "om1"
address: "localhost:9872"
startupRole: FOLLOWER
]
2022-11-14 01:04:22,880 [Listener at 127.0.0.1/41321] INFO  handler.ContextHandler (ContextHandler.java:doStart(921)) - Started o.e.j.w.WebAppContext@673f8424{hddsDatanode,/,file:///tmp/jetty-0_0_0_0-33965-hdds-container-service-1_3_0-SNAPSHOT_jar-_-any-7210685647535920039/webapp/,AVAILABLE}{jar:file:/home/runner/.m2/repository/org/apache/ozone/hdds-container-service/1.3.0-SNAPSHOT/hdds-container-service-1.3.0-SNAPSHOT.jar!/webapps/hddsDatanode}
2022-11-14 01:04:22,881 [Listener at 127.0.0.1/41321] INFO  server.AbstractConnector (AbstractConnector.java:doStart(333)) - Started ServerConnector@36ed075b{HTTP/1.1, (http/1.1)}{0.0.0.0:33965}
2022-11-14 01:04:22,881 [Listener at 127.0.0.1/41321] INFO  server.Server (Server.java:doStart(415)) - Started @8624ms
2022-11-14 01:04:22,881 [Listener at 127.0.0.1/41321] WARN  impl.MetricsSystemImpl (MetricsSystemImpl.java:register(279)) - Sink prometheus already exists!
2022-11-14 01:04:22,882 [Listener at 127.0.0.1/41321] INFO  http.BaseHttpServer (BaseHttpServer.java:updateConnectorAddress(333)) - HTTP server of hddsDatanode listening at http://0.0.0.0:33965
2022-11-14 01:04:22,887 [Listener at 127.0.0.1/41321] WARN  impl.MetricRegistriesImpl (MetricRegistriesImpl.java:addReporterRegistration(111)) - New reporters are added after registries were created. Some metrics will be missing from the reporter. Please add reporter before adding any new registry.
2022-11-14 01:04:22,887 [Listener at 127.0.0.1/41321] WARN  impl.MetricRegistriesImpl (MetricRegistriesImpl.java:addReporterRegistration(111)) - New reporters are added after registries were created. Some metrics will be missing from the reporter. Please add reporter before adding any new registry.
2022-11-14 01:04:22,888 [Listener at 127.0.0.1/41321] INFO  impl.MetricsSystemImpl (MetricsSystemImpl.java:init(158)) - HddsDatanode metrics system started (again)
2022-11-14 01:04:22,888 [Datanode State Machine Daemon Thread] INFO  statemachine.DatanodeStateMachine (DatanodeStateMachine.java:lambda$startDaemon$0(505)) - Ozone container server started.
2022-11-14 01:04:22,901 [Listener at 127.0.0.1/41321] INFO  ozone.HddsDatanodeService (HddsDatanodeService.java:start(236)) - HddsDatanodeService host:fv-az334-552.zg0gw54pbdoexfhqlmz30d51na.gx.internal.cloudapp.net ip:10.1.0.33
2022-11-14 01:04:22,911 [org.apache.hadoop.util.JvmPauseMonitor$Monitor@7bb96bdb] INFO  util.JvmPauseMonitor (JvmPauseMonitor.java:run(188)) - Starting JVM pause monitor
2022-11-14 01:04:22,922 [Datanode State Machine Task Thread - 0] INFO  datanode.InitDatanodeState (InitDatanodeState.java:persistContainerDatanodeDetails(138)) - DatanodeDetails is persisted to /home/runner/work/ozone/ozone/hadoop-ozone/integration-test/target/test-dir/MiniOzoneClusterImpl-733ab8e8-73b4-47ae-b22b-a548a4863177/datanode-1/meta/datanode.id
2022-11-14 01:04:22,925 [Listener at 127.0.0.1/41321] INFO  upgrade.AbstractLayoutVersionManager (AbstractLayoutVersionManager.java:init(83)) - Initializing Layout version manager with metadata layout = DATANODE_SCHEMA_V3 (version = 4), software layout = DATANODE_SCHEMA_V3 (version = 4)
2022-11-14 01:04:22,973 [Listener at 127.0.0.1/41321] INFO  reflections.Reflections (Reflections.java:scan(232)) - Reflections took 47 ms to scan 7 urls, producing 139 keys and 336 values 
2022-11-14 01:04:22,975 [Listener at 127.0.0.1/41321] INFO  statemachine.DatanodeStateMachine (DatanodeStateMachine.java:getEndPointTaskThreadPoolSize(245)) - Datanode State Machine Task Thread Pool size 2
2022-11-14 01:04:22,990 [Listener at 127.0.0.1/41321] INFO  volume.HddsVolume (HddsVolume.java:<init>(117)) - Creating HddsVolume: /home/runner/work/ozone/ozone/hadoop-ozone/integration-test/target/test-dir/MiniOzoneClusterImpl-733ab8e8-73b4-47ae-b22b-a548a4863177/datanode-2/data-0/containers/hdds of storage type : DISK capacity : 9223372036854775807
2022-11-14 01:04:22,990 [Listener at 127.0.0.1/41321] INFO  volume.MutableVolumeSet (MutableVolumeSet.java:initializeVolumeSet(174)) - Added Volume : /home/runner/work/ozone/ozone/hadoop-ozone/integration-test/target/test-dir/MiniOzoneClusterImpl-733ab8e8-73b4-47ae-b22b-a548a4863177/datanode-2/data-0/containers/hdds to VolumeSet
2022-11-14 01:04:22,990 [Listener at 127.0.0.1/41321] INFO  volume.ThrottledAsyncChecker (ThrottledAsyncChecker.java:schedule(141)) - Scheduling a check for /home/runner/work/ozone/ozone/hadoop-ozone/integration-test/target/test-dir/MiniOzoneClusterImpl-733ab8e8-73b4-47ae-b22b-a548a4863177/datanode-2/data-0/containers/hdds
2022-11-14 01:04:22,991 [Listener at 127.0.0.1/41321] INFO  volume.StorageVolumeChecker (StorageVolumeChecker.java:checkAllVolumes(202)) - Scheduled health check for volume /home/runner/work/ozone/ozone/hadoop-ozone/integration-test/target/test-dir/MiniOzoneClusterImpl-733ab8e8-73b4-47ae-b22b-a548a4863177/datanode-2/data-0/containers/hdds
2022-11-14 01:04:23,003 [Listener at 127.0.0.1/41321] INFO  volume.MutableVolumeSet (MutableVolumeSet.java:initializeVolumeSet(174)) - Added Volume : /home/runner/work/ozone/ozone/hadoop-ozone/integration-test/target/test-dir/MiniOzoneClusterImpl-733ab8e8-73b4-47ae-b22b-a548a4863177/datanode-2/data/ratis to VolumeSet
2022-11-14 01:04:23,003 [Listener at 127.0.0.1/41321] INFO  volume.ThrottledAsyncChecker (ThrottledAsyncChecker.java:schedule(141)) - Scheduling a check for /home/runner/work/ozone/ozone/hadoop-ozone/integration-test/target/test-dir/MiniOzoneClusterImpl-733ab8e8-73b4-47ae-b22b-a548a4863177/datanode-2/data/ratis
2022-11-14 01:04:23,003 [Listener at 127.0.0.1/41321] INFO  volume.StorageVolumeChecker (StorageVolumeChecker.java:checkAllVolumes(202)) - Scheduled health check for volume /home/runner/work/ozone/ozone/hadoop-ozone/integration-test/target/test-dir/MiniOzoneClusterImpl-733ab8e8-73b4-47ae-b22b-a548a4863177/datanode-2/data/ratis
2022-11-14 01:04:23,014 [Thread-164] INFO  ozoneimpl.ContainerReader (ContainerReader.java:readVolume(175)) - Finish verifying containers on volume /home/runner/work/ozone/ozone/hadoop-ozone/integration-test/target/test-dir/MiniOzoneClusterImpl-733ab8e8-73b4-47ae-b22b-a548a4863177/datanode-2/data-0/containers/hdds
2022-11-14 01:04:23,014 [Listener at 127.0.0.1/41321] INFO  ozoneimpl.OzoneContainer (OzoneContainer.java:buildContainerSet(300)) - Build ContainerSet costs 0s
2022-11-14 01:04:23,017 [Listener at 127.0.0.1/41321] INFO  server.RaftServer (ConfUtils.java:logGet(46)) - raft.rpc.type = GRPC (default)
2022-11-14 01:04:23,018 [Listener at 127.0.0.1/41321] INFO  grpc.GrpcConfigKeys (ConfUtils.java:logFallback(53)) - raft.grpc.admin.host = null (fallback to raft.grpc.server.host)
2022-11-14 01:04:23,018 [Listener at 127.0.0.1/41321] INFO  grpc.GrpcConfigKeys (ConfUtils.java:logGet(46)) - raft.grpc.admin.port = 0 (custom)
2022-11-14 01:04:23,018 [Listener at 127.0.0.1/41321] INFO  grpc.GrpcConfigKeys (ConfUtils.java:logFallback(53)) - raft.grpc.client.host = null (fallback to raft.grpc.server.host)
2022-11-14 01:04:23,018 [Listener at 127.0.0.1/41321] INFO  grpc.GrpcConfigKeys (ConfUtils.java:logGet(46)) - raft.grpc.client.port = 0 (custom)
2022-11-14 01:04:23,018 [Listener at 127.0.0.1/41321] INFO  grpc.GrpcConfigKeys (ConfUtils.java:logGet(46)) - raft.grpc.server.host = null (default)
2022-11-14 01:04:23,018 [Listener at 127.0.0.1/41321] INFO  grpc.GrpcConfigKeys (ConfUtils.java:logGet(46)) - raft.grpc.server.port = 0 (default)
2022-11-14 01:04:23,018 [Listener at 127.0.0.1/41321] INFO  server.GrpcService (ConfUtils.java:logGet(46)) - raft.grpc.message.size.max = 32MB (=33554432) (custom)
2022-11-14 01:04:23,019 [Listener at 127.0.0.1/41321] INFO  server.RaftServerConfigKeys (ConfUtils.java:logGet(46)) - raft.server.log.appender.buffer.byte-limit = 33554432 (custom)
2022-11-14 01:04:23,019 [Listener at 127.0.0.1/41321] INFO  server.GrpcService (ConfUtils.java:logGet(46)) - raft.grpc.flow.control.window = 5MB (=5242880) (custom)
2022-11-14 01:04:23,019 [Listener at 127.0.0.1/41321] INFO  server.RaftServerConfigKeys (ConfUtils.java:logGet(46)) - raft.server.rpc.request.timeout = 60s (custom)
2022-11-14 01:04:23,019 [Listener at 127.0.0.1/41321] INFO  grpc.GrpcConfigKeys (ConfUtils.java:logGet(46)) - raft.grpc.server.heartbeat.channel = true (default)
2022-11-14 01:04:23,019 [Listener at 127.0.0.1/41321] INFO  grpc.GrpcConfigKeys (ConfUtils.java:logGet(46)) - raft.grpc.server.async.request.thread.pool.cached = true (default)
2022-11-14 01:04:23,019 [Listener at 127.0.0.1/41321] INFO  grpc.GrpcConfigKeys (ConfUtils.java:logGet(46)) - raft.grpc.server.async.request.thread.pool.size = 32 (default)
2022-11-14 01:04:23,021 [Listener at 127.0.0.1/41321] INFO  impl.DataStreamServerImpl (ConfUtils.java:logGet(46)) - raft.datastream.type = DISABLED (default)
2022-11-14 01:04:23,022 [Listener at 127.0.0.1/41321] INFO  server.RaftServerConfigKeys (ConfUtils.java:logGet(46)) - raft.server.threadpool.proxy.cached = true (default)
2022-11-14 01:04:23,023 [Listener at 127.0.0.1/41321] INFO  server.RaftServerConfigKeys (ConfUtils.java:logGet(46)) - raft.server.threadpool.proxy.size = 0 (default)
2022-11-14 01:04:23,023 [Listener at 127.0.0.1/41321] INFO  server.RaftServerConfigKeys (ConfUtils.java:logGet(46)) - raft.server.rpc.slowness.timeout = 300s (custom)
2022-11-14 01:04:23,023 [Listener at 127.0.0.1/41321] INFO  server.RaftServerConfigKeys (ConfUtils.java:logGet(46)) - raft.server.leaderelection.leader.step-down.wait-time = 10s (default)
2022-11-14 01:04:23,023 [Listener at 127.0.0.1/41321] INFO  server.RaftServerConfigKeys (ConfUtils.java:logGet(46)) - raft.server.storage.dir = [/home/runner/work/ozone/ozone/hadoop-ozone/integration-test/target/test-dir/MiniOzoneClusterImpl-733ab8e8-73b4-47ae-b22b-a548a4863177/datanode-2/data/ratis] (custom)
2022-11-14 01:04:23,025 [Listener at 127.0.0.1/41321] INFO  server.XceiverServerGrpc (XceiverServerGrpc.java:<init>(132)) - GrpcServer channel type EpollServerSocketChannel
2022-11-14 01:04:23,028 [Listener at 127.0.0.1/41321] INFO  http.BaseHttpServer (BaseHttpServer.java:newHttpServer2BuilderForOzone(213)) - Starting Web-server for hddsDatanode at: http://0.0.0.0:0
2022-11-14 01:04:23,029 [Listener at 127.0.0.1/41321] INFO  http.BaseHttpServer (BaseHttpServer.java:<init>(108)) - Hadoop Security Enabled: false Ozone Security Enabled: false Ozone HTTP Security Enabled: false 
2022-11-14 01:04:23,030 [Listener at 127.0.0.1/41321] WARN  server.AuthenticationFilter (AuthenticationFilter.java:constructSecretProvider(240)) - Unable to initialize FileSignerSecretProvider, falling back to use random secrets. Reason: Could not read signature secret file: /home/runner/hadoop-http-auth-signature-secret
2022-11-14 01:04:23,031 [Listener at 127.0.0.1/41321] WARN  http.HttpRequestLog (HttpRequestLog.java:getRequestLog(103)) - Jetty request log can only be enabled using Log4j
2022-11-14 01:04:23,032 [Listener at 127.0.0.1/41321] INFO  http.HttpServer2 (HttpServer2.java:addGlobalFilter(1031)) - Added global filter 'safety' (class=org.apache.hadoop.hdds.server.http.HttpServer2$QuotingInputFilter)
2022-11-14 01:04:23,033 [Listener at 127.0.0.1/41321] INFO  http.HttpServer2 (HttpServer2.java:addFilter(1007)) - Added filter static_user_filter (class=org.apache.hadoop.http.lib.StaticUserWebFilter$StaticUserFilter) to context hddsDatanode
2022-11-14 01:04:23,033 [Listener at 127.0.0.1/41321] INFO  http.HttpServer2 (HttpServer2.java:addFilter(1015)) - Added filter static_user_filter (class=org.apache.hadoop.http.lib.StaticUserWebFilter$StaticUserFilter) to context static
2022-11-14 01:04:23,033 [Listener at 127.0.0.1/41321] INFO  http.HttpServer2 (HttpServer2.java:addFilter(1015)) - Added filter static_user_filter (class=org.apache.hadoop.http.lib.StaticUserWebFilter$StaticUserFilter) to context logs
2022-11-14 01:04:23,034 [Listener at 127.0.0.1/41321] INFO  http.HttpServer2 (HttpServer2.java:bindListener(1250)) - Jetty bound to port 41927
2022-11-14 01:04:23,034 [Listener at 127.0.0.1/41321] INFO  server.Server (Server.java:doStart(375)) - jetty-9.4.49.v20220914; built: 2022-09-14T01:07:36.601Z; git: 4231a3b2e4cb8548a412a789936d640a97b1aa0a; jvm 1.8.0_345-b01
2022-11-14 01:04:23,059 [Listener at 127.0.0.1/41321] INFO  server.session (DefaultSessionIdManager.java:doStart(334)) - DefaultSessionIdManager workerName=node0
2022-11-14 01:04:23,060 [Listener at 127.0.0.1/41321] INFO  server.session (DefaultSessionIdManager.java:doStart(339)) - No SessionScavenger set, using defaults
2022-11-14 01:04:23,060 [Listener at 127.0.0.1/41321] INFO  server.session (HouseKeeper.java:startScavenging(132)) - node0 Scavenging every 660000ms
2022-11-14 01:04:23,061 [Listener at 127.0.0.1/41321] INFO  handler.ContextHandler (ContextHandler.java:doStart(921)) - Started o.e.j.s.ServletContextHandler@52c2906e{logs,/logs,file:///home/runner/work/ozone/ozone/hadoop-ozone/integration-test/target/log,AVAILABLE}
2022-11-14 01:04:23,061 [Listener at 127.0.0.1/41321] INFO  handler.ContextHandler (ContextHandler.java:doStart(921)) - Started o.e.j.s.ServletContextHandler@466b4a28{static,/static,jar:file:/home/runner/.m2/repository/org/apache/ozone/hdds-container-service/1.3.0-SNAPSHOT/hdds-container-service-1.3.0-SNAPSHOT.jar!/webapps/static,AVAILABLE}
2022-11-14 01:04:23,230 [Listener at 127.0.0.1/41321] INFO  handler.ContextHandler (ContextHandler.java:doStart(921)) - Started o.e.j.w.WebAppContext@5eb7396b{hddsDatanode,/,file:///tmp/jetty-0_0_0_0-41927-hdds-container-service-1_3_0-SNAPSHOT_jar-_-any-4838958968025576761/webapp/,AVAILABLE}{jar:file:/home/runner/.m2/repository/org/apache/ozone/hdds-container-service/1.3.0-SNAPSHOT/hdds-container-service-1.3.0-SNAPSHOT.jar!/webapps/hddsDatanode}
2022-11-14 01:04:23,232 [Listener at 127.0.0.1/41321] INFO  server.AbstractConnector (AbstractConnector.java:doStart(333)) - Started ServerConnector@17ba4de6{HTTP/1.1, (http/1.1)}{0.0.0.0:41927}
2022-11-14 01:04:23,232 [Listener at 127.0.0.1/41321] INFO  server.Server (Server.java:doStart(415)) - Started @8975ms
2022-11-14 01:04:23,232 [Listener at 127.0.0.1/41321] WARN  impl.MetricsSystemImpl (MetricsSystemImpl.java:register(279)) - Sink prometheus already exists!
2022-11-14 01:04:23,233 [Listener at 127.0.0.1/41321] INFO  http.BaseHttpServer (BaseHttpServer.java:updateConnectorAddress(333)) - HTTP server of hddsDatanode listening at http://0.0.0.0:41927
2022-11-14 01:04:23,234 [Listener at 127.0.0.1/41321] WARN  impl.MetricRegistriesImpl (MetricRegistriesImpl.java:addReporterRegistration(111)) - New reporters are added after registries were created. Some metrics will be missing from the reporter. Please add reporter before adding any new registry.
2022-11-14 01:04:23,234 [Listener at 127.0.0.1/41321] WARN  impl.MetricRegistriesImpl (MetricRegistriesImpl.java:addReporterRegistration(111)) - New reporters are added after registries were created. Some metrics will be missing from the reporter. Please add reporter before adding any new registry.
2022-11-14 01:04:23,234 [Datanode State Machine Daemon Thread] INFO  statemachine.DatanodeStateMachine (DatanodeStateMachine.java:lambda$startDaemon$0(505)) - Ozone container server started.
2022-11-14 01:04:23,234 [Listener at 127.0.0.1/41321] INFO  impl.MetricsSystemImpl (MetricsSystemImpl.java:init(158)) - HddsDatanode metrics system started (again)
2022-11-14 01:04:23,247 [Listener at 127.0.0.1/41321] INFO  ozone.HddsDatanodeService (HddsDatanodeService.java:start(236)) - HddsDatanodeService host:fv-az334-552.zg0gw54pbdoexfhqlmz30d51na.gx.internal.cloudapp.net ip:10.1.0.33
2022-11-14 01:04:23,255 [org.apache.hadoop.util.JvmPauseMonitor$Monitor@557402df] INFO  util.JvmPauseMonitor (JvmPauseMonitor.java:run(188)) - Starting JVM pause monitor
2022-11-14 01:04:23,273 [Datanode State Machine Task Thread - 0] INFO  datanode.InitDatanodeState (InitDatanodeState.java:persistContainerDatanodeDetails(138)) - DatanodeDetails is persisted to /home/runner/work/ozone/ozone/hadoop-ozone/integration-test/target/test-dir/MiniOzoneClusterImpl-733ab8e8-73b4-47ae-b22b-a548a4863177/datanode-2/meta/datanode.id
2022-11-14 01:04:23,286 [Listener at 127.0.0.1/41321] INFO  upgrade.AbstractLayoutVersionManager (AbstractLayoutVersionManager.java:init(83)) - Initializing Layout version manager with metadata layout = DATANODE_SCHEMA_V3 (version = 4), software layout = DATANODE_SCHEMA_V3 (version = 4)
2022-11-14 01:04:23,330 [Listener at 127.0.0.1/41321] INFO  reflections.Reflections (Reflections.java:scan(232)) - Reflections took 43 ms to scan 7 urls, producing 139 keys and 336 values 
2022-11-14 01:04:23,331 [Listener at 127.0.0.1/41321] INFO  statemachine.DatanodeStateMachine (DatanodeStateMachine.java:getEndPointTaskThreadPoolSize(245)) - Datanode State Machine Task Thread Pool size 2
2022-11-14 01:04:23,334 [Listener at 127.0.0.1/41321] INFO  volume.HddsVolume (HddsVolume.java:<init>(117)) - Creating HddsVolume: /home/runner/work/ozone/ozone/hadoop-ozone/integration-test/target/test-dir/MiniOzoneClusterImpl-733ab8e8-73b4-47ae-b22b-a548a4863177/datanode-3/data-0/containers/hdds of storage type : DISK capacity : 9223372036854775807
2022-11-14 01:04:23,334 [Listener at 127.0.0.1/41321] INFO  volume.MutableVolumeSet (MutableVolumeSet.java:initializeVolumeSet(174)) - Added Volume : /home/runner/work/ozone/ozone/hadoop-ozone/integration-test/target/test-dir/MiniOzoneClusterImpl-733ab8e8-73b4-47ae-b22b-a548a4863177/datanode-3/data-0/containers/hdds to VolumeSet
2022-11-14 01:04:23,334 [Listener at 127.0.0.1/41321] INFO  volume.ThrottledAsyncChecker (ThrottledAsyncChecker.java:schedule(141)) - Scheduling a check for /home/runner/work/ozone/ozone/hadoop-ozone/integration-test/target/test-dir/MiniOzoneClusterImpl-733ab8e8-73b4-47ae-b22b-a548a4863177/datanode-3/data-0/containers/hdds
2022-11-14 01:04:23,339 [Listener at 127.0.0.1/41321] INFO  volume.StorageVolumeChecker (StorageVolumeChecker.java:checkAllVolumes(202)) - Scheduled health check for volume /home/runner/work/ozone/ozone/hadoop-ozone/integration-test/target/test-dir/MiniOzoneClusterImpl-733ab8e8-73b4-47ae-b22b-a548a4863177/datanode-3/data-0/containers/hdds
2022-11-14 01:04:23,351 [Listener at 127.0.0.1/41321] INFO  volume.MutableVolumeSet (MutableVolumeSet.java:initializeVolumeSet(174)) - Added Volume : /home/runner/work/ozone/ozone/hadoop-ozone/integration-test/target/test-dir/MiniOzoneClusterImpl-733ab8e8-73b4-47ae-b22b-a548a4863177/datanode-3/data/ratis to VolumeSet
2022-11-14 01:04:23,352 [Listener at 127.0.0.1/41321] INFO  volume.ThrottledAsyncChecker (ThrottledAsyncChecker.java:schedule(141)) - Scheduling a check for /home/runner/work/ozone/ozone/hadoop-ozone/integration-test/target/test-dir/MiniOzoneClusterImpl-733ab8e8-73b4-47ae-b22b-a548a4863177/datanode-3/data/ratis
2022-11-14 01:04:23,353 [Listener at 127.0.0.1/41321] INFO  volume.StorageVolumeChecker (StorageVolumeChecker.java:checkAllVolumes(202)) - Scheduled health check for volume /home/runner/work/ozone/ozone/hadoop-ozone/integration-test/target/test-dir/MiniOzoneClusterImpl-733ab8e8-73b4-47ae-b22b-a548a4863177/datanode-3/data/ratis
2022-11-14 01:04:23,364 [Thread-177] INFO  ozoneimpl.ContainerReader (ContainerReader.java:readVolume(175)) - Finish verifying containers on volume /home/runner/work/ozone/ozone/hadoop-ozone/integration-test/target/test-dir/MiniOzoneClusterImpl-733ab8e8-73b4-47ae-b22b-a548a4863177/datanode-3/data-0/containers/hdds
2022-11-14 01:04:23,364 [Listener at 127.0.0.1/41321] INFO  ozoneimpl.OzoneContainer (OzoneContainer.java:buildContainerSet(300)) - Build ContainerSet costs 0s
2022-11-14 01:04:23,367 [Listener at 127.0.0.1/41321] INFO  server.RaftServer (ConfUtils.java:logGet(46)) - raft.rpc.type = GRPC (default)
2022-11-14 01:04:23,367 [Listener at 127.0.0.1/41321] INFO  grpc.GrpcConfigKeys (ConfUtils.java:logFallback(53)) - raft.grpc.admin.host = null (fallback to raft.grpc.server.host)
2022-11-14 01:04:23,367 [Listener at 127.0.0.1/41321] INFO  grpc.GrpcConfigKeys (ConfUtils.java:logGet(46)) - raft.grpc.admin.port = 0 (custom)
2022-11-14 01:04:23,367 [Listener at 127.0.0.1/41321] INFO  grpc.GrpcConfigKeys (ConfUtils.java:logFallback(53)) - raft.grpc.client.host = null (fallback to raft.grpc.server.host)
2022-11-14 01:04:23,367 [Listener at 127.0.0.1/41321] INFO  grpc.GrpcConfigKeys (ConfUtils.java:logGet(46)) - raft.grpc.client.port = 0 (custom)
2022-11-14 01:04:23,367 [Listener at 127.0.0.1/41321] INFO  grpc.GrpcConfigKeys (ConfUtils.java:logGet(46)) - raft.grpc.server.host = null (default)
2022-11-14 01:04:23,368 [Listener at 127.0.0.1/41321] INFO  grpc.GrpcConfigKeys (ConfUtils.java:logGet(46)) - raft.grpc.server.port = 0 (default)
2022-11-14 01:04:23,368 [Listener at 127.0.0.1/41321] INFO  server.GrpcService (ConfUtils.java:logGet(46)) - raft.grpc.message.size.max = 32MB (=33554432) (custom)
2022-11-14 01:04:23,368 [Listener at 127.0.0.1/41321] INFO  server.RaftServerConfigKeys (ConfUtils.java:logGet(46)) - raft.server.log.appender.buffer.byte-limit = 33554432 (custom)
2022-11-14 01:04:23,368 [Listener at 127.0.0.1/41321] INFO  server.GrpcService (ConfUtils.java:logGet(46)) - raft.grpc.flow.control.window = 5MB (=5242880) (custom)
2022-11-14 01:04:23,368 [Listener at 127.0.0.1/41321] INFO  server.RaftServerConfigKeys (ConfUtils.java:logGet(46)) - raft.server.rpc.request.timeout = 60s (custom)
2022-11-14 01:04:23,368 [Listener at 127.0.0.1/41321] INFO  grpc.GrpcConfigKeys (ConfUtils.java:logGet(46)) - raft.grpc.server.heartbeat.channel = true (default)
2022-11-14 01:04:23,369 [Listener at 127.0.0.1/41321] INFO  grpc.GrpcConfigKeys (ConfUtils.java:logGet(46)) - raft.grpc.server.async.request.thread.pool.cached = true (default)
2022-11-14 01:04:23,369 [Listener at 127.0.0.1/41321] INFO  grpc.GrpcConfigKeys (ConfUtils.java:logGet(46)) - raft.grpc.server.async.request.thread.pool.size = 32 (default)
2022-11-14 01:04:23,370 [Listener at 127.0.0.1/41321] INFO  impl.DataStreamServerImpl (ConfUtils.java:logGet(46)) - raft.datastream.type = DISABLED (default)
2022-11-14 01:04:23,370 [Listener at 127.0.0.1/41321] INFO  server.RaftServerConfigKeys (ConfUtils.java:logGet(46)) - raft.server.threadpool.proxy.cached = true (default)
2022-11-14 01:04:23,370 [Listener at 127.0.0.1/41321] INFO  server.RaftServerConfigKeys (ConfUtils.java:logGet(46)) - raft.server.threadpool.proxy.size = 0 (default)
2022-11-14 01:04:23,370 [Listener at 127.0.0.1/41321] INFO  server.RaftServerConfigKeys (ConfUtils.java:logGet(46)) - raft.server.rpc.slowness.timeout = 300s (custom)
2022-11-14 01:04:23,370 [Listener at 127.0.0.1/41321] INFO  server.RaftServerConfigKeys (ConfUtils.java:logGet(46)) - raft.server.leaderelection.leader.step-down.wait-time = 10s (default)
2022-11-14 01:04:23,371 [Listener at 127.0.0.1/41321] INFO  server.RaftServerConfigKeys (ConfUtils.java:logGet(46)) - raft.server.storage.dir = [/home/runner/work/ozone/ozone/hadoop-ozone/integration-test/target/test-dir/MiniOzoneClusterImpl-733ab8e8-73b4-47ae-b22b-a548a4863177/datanode-3/data/ratis] (custom)
2022-11-14 01:04:23,372 [Listener at 127.0.0.1/41321] INFO  server.XceiverServerGrpc (XceiverServerGrpc.java:<init>(132)) - GrpcServer channel type EpollServerSocketChannel
2022-11-14 01:04:23,375 [Listener at 127.0.0.1/41321] INFO  http.BaseHttpServer (BaseHttpServer.java:newHttpServer2BuilderForOzone(213)) - Starting Web-server for hddsDatanode at: http://0.0.0.0:0
2022-11-14 01:04:23,376 [Listener at 127.0.0.1/41321] INFO  http.BaseHttpServer (BaseHttpServer.java:<init>(108)) - Hadoop Security Enabled: false Ozone Security Enabled: false Ozone HTTP Security Enabled: false 
2022-11-14 01:04:23,377 [Listener at 127.0.0.1/41321] WARN  server.AuthenticationFilter (AuthenticationFilter.java:constructSecretProvider(240)) - Unable to initialize FileSignerSecretProvider, falling back to use random secrets. Reason: Could not read signature secret file: /home/runner/hadoop-http-auth-signature-secret
2022-11-14 01:04:23,379 [Listener at 127.0.0.1/41321] WARN  http.HttpRequestLog (HttpRequestLog.java:getRequestLog(103)) - Jetty request log can only be enabled using Log4j
2022-11-14 01:04:23,381 [Listener at 127.0.0.1/41321] INFO  http.HttpServer2 (HttpServer2.java:addGlobalFilter(1031)) - Added global filter 'safety' (class=org.apache.hadoop.hdds.server.http.HttpServer2$QuotingInputFilter)
2022-11-14 01:04:23,382 [Listener at 127.0.0.1/41321] INFO  http.HttpServer2 (HttpServer2.java:addFilter(1007)) - Added filter static_user_filter (class=org.apache.hadoop.http.lib.StaticUserWebFilter$StaticUserFilter) to context hddsDatanode
2022-11-14 01:04:23,382 [Listener at 127.0.0.1/41321] INFO  http.HttpServer2 (HttpServer2.java:addFilter(1015)) - Added filter static_user_filter (class=org.apache.hadoop.http.lib.StaticUserWebFilter$StaticUserFilter) to context logs
2022-11-14 01:04:23,382 [Listener at 127.0.0.1/41321] INFO  http.HttpServer2 (HttpServer2.java:addFilter(1015)) - Added filter static_user_filter (class=org.apache.hadoop.http.lib.StaticUserWebFilter$StaticUserFilter) to context static
2022-11-14 01:04:23,383 [Listener at 127.0.0.1/41321] INFO  http.HttpServer2 (HttpServer2.java:bindListener(1250)) - Jetty bound to port 34291
2022-11-14 01:04:23,383 [Listener at 127.0.0.1/41321] INFO  server.Server (Server.java:doStart(375)) - jetty-9.4.49.v20220914; built: 2022-09-14T01:07:36.601Z; git: 4231a3b2e4cb8548a412a789936d640a97b1aa0a; jvm 1.8.0_345-b01
2022-11-14 01:04:23,386 [Listener at 127.0.0.1/41321] INFO  server.session (DefaultSessionIdManager.java:doStart(334)) - DefaultSessionIdManager workerName=node0
2022-11-14 01:04:23,386 [Listener at 127.0.0.1/41321] INFO  server.session (DefaultSessionIdManager.java:doStart(339)) - No SessionScavenger set, using defaults
2022-11-14 01:04:23,387 [Listener at 127.0.0.1/41321] INFO  server.session (HouseKeeper.java:startScavenging(132)) - node0 Scavenging every 600000ms
2022-11-14 01:04:23,387 [Listener at 127.0.0.1/41321] INFO  handler.ContextHandler (ContextHandler.java:doStart(921)) - Started o.e.j.s.ServletContextHandler@5f033742{logs,/logs,file:///home/runner/work/ozone/ozone/hadoop-ozone/integration-test/target/log,AVAILABLE}
2022-11-14 01:04:23,388 [Listener at 127.0.0.1/41321] INFO  handler.ContextHandler (ContextHandler.java:doStart(921)) - Started o.e.j.s.ServletContextHandler@68775a63{static,/static,jar:file:/home/runner/.m2/repository/org/apache/ozone/hdds-container-service/1.3.0-SNAPSHOT/hdds-container-service-1.3.0-SNAPSHOT.jar!/webapps/static,AVAILABLE}
2022-11-14 01:04:23,554 [Listener at 127.0.0.1/41321] INFO  handler.ContextHandler (ContextHandler.java:doStart(921)) - Started o.e.j.w.WebAppContext@1b4f57d6{hddsDatanode,/,file:///tmp/jetty-0_0_0_0-34291-hdds-container-service-1_3_0-SNAPSHOT_jar-_-any-1711009468356548703/webapp/,AVAILABLE}{jar:file:/home/runner/.m2/repository/org/apache/ozone/hdds-container-service/1.3.0-SNAPSHOT/hdds-container-service-1.3.0-SNAPSHOT.jar!/webapps/hddsDatanode}
2022-11-14 01:04:23,555 [Listener at 127.0.0.1/41321] INFO  server.AbstractConnector (AbstractConnector.java:doStart(333)) - Started ServerConnector@133e309a{HTTP/1.1, (http/1.1)}{0.0.0.0:34291}
2022-11-14 01:04:23,555 [Listener at 127.0.0.1/41321] INFO  server.Server (Server.java:doStart(415)) - Started @9299ms
2022-11-14 01:04:23,556 [Listener at 127.0.0.1/41321] WARN  impl.MetricsSystemImpl (MetricsSystemImpl.java:register(279)) - Sink prometheus already exists!
2022-11-14 01:04:23,556 [Listener at 127.0.0.1/41321] INFO  http.BaseHttpServer (BaseHttpServer.java:updateConnectorAddress(333)) - HTTP server of hddsDatanode listening at http://0.0.0.0:34291
2022-11-14 01:04:23,557 [Datanode State Machine Daemon Thread] INFO  statemachine.DatanodeStateMachine (DatanodeStateMachine.java:lambda$startDaemon$0(505)) - Ozone container server started.
2022-11-14 01:04:23,562 [Listener at 127.0.0.1/41321] WARN  impl.MetricRegistriesImpl (MetricRegistriesImpl.java:addReporterRegistration(111)) - New reporters are added after registries were created. Some metrics will be missing from the reporter. Please add reporter before adding any new registry.
2022-11-14 01:04:23,562 [Listener at 127.0.0.1/41321] WARN  impl.MetricRegistriesImpl (MetricRegistriesImpl.java:addReporterRegistration(111)) - New reporters are added after registries were created. Some metrics will be missing from the reporter. Please add reporter before adding any new registry.
2022-11-14 01:04:23,562 [Listener at 127.0.0.1/41321] INFO  impl.MetricsSystemImpl (MetricsSystemImpl.java:init(158)) - HddsDatanode metrics system started (again)
2022-11-14 01:04:23,569 [org.apache.hadoop.util.JvmPauseMonitor$Monitor@7380b2b6] INFO  util.JvmPauseMonitor (JvmPauseMonitor.java:run(188)) - Starting JVM pause monitor
2022-11-14 01:04:23,574 [Datanode State Machine Task Thread - 0] INFO  datanode.InitDatanodeState (InitDatanodeState.java:persistContainerDatanodeDetails(138)) - DatanodeDetails is persisted to /home/runner/work/ozone/ozone/hadoop-ozone/integration-test/target/test-dir/MiniOzoneClusterImpl-733ab8e8-73b4-47ae-b22b-a548a4863177/datanode-3/meta/datanode.id
2022-11-14 01:04:23,577 [Listener at 127.0.0.1/41321] INFO  ozone.HddsDatanodeService (HddsDatanodeService.java:start(236)) - HddsDatanodeService host:fv-az334-552.zg0gw54pbdoexfhqlmz30d51na.gx.internal.cloudapp.net ip:10.1.0.33
2022-11-14 01:04:23,601 [Listener at 127.0.0.1/41321] INFO  upgrade.AbstractLayoutVersionManager (AbstractLayoutVersionManager.java:init(83)) - Initializing Layout version manager with metadata layout = DATANODE_SCHEMA_V3 (version = 4), software layout = DATANODE_SCHEMA_V3 (version = 4)
2022-11-14 01:04:23,648 [Listener at 127.0.0.1/41321] INFO  reflections.Reflections (Reflections.java:scan(232)) - Reflections took 42 ms to scan 7 urls, producing 139 keys and 336 values 
2022-11-14 01:04:23,649 [Listener at 127.0.0.1/41321] INFO  statemachine.DatanodeStateMachine (DatanodeStateMachine.java:getEndPointTaskThreadPoolSize(245)) - Datanode State Machine Task Thread Pool size 2
2022-11-14 01:04:23,652 [Listener at 127.0.0.1/41321] INFO  volume.HddsVolume (HddsVolume.java:<init>(117)) - Creating HddsVolume: /home/runner/work/ozone/ozone/hadoop-ozone/integration-test/target/test-dir/MiniOzoneClusterImpl-733ab8e8-73b4-47ae-b22b-a548a4863177/datanode-4/data-0/containers/hdds of storage type : DISK capacity : 9223372036854775807
2022-11-14 01:04:23,652 [Listener at 127.0.0.1/41321] INFO  volume.MutableVolumeSet (MutableVolumeSet.java:initializeVolumeSet(174)) - Added Volume : /home/runner/work/ozone/ozone/hadoop-ozone/integration-test/target/test-dir/MiniOzoneClusterImpl-733ab8e8-73b4-47ae-b22b-a548a4863177/datanode-4/data-0/containers/hdds to VolumeSet
2022-11-14 01:04:23,653 [Listener at 127.0.0.1/41321] INFO  volume.ThrottledAsyncChecker (ThrottledAsyncChecker.java:schedule(141)) - Scheduling a check for /home/runner/work/ozone/ozone/hadoop-ozone/integration-test/target/test-dir/MiniOzoneClusterImpl-733ab8e8-73b4-47ae-b22b-a548a4863177/datanode-4/data-0/containers/hdds
2022-11-14 01:04:23,661 [Listener at 127.0.0.1/41321] INFO  volume.StorageVolumeChecker (StorageVolumeChecker.java:checkAllVolumes(202)) - Scheduled health check for volume /home/runner/work/ozone/ozone/hadoop-ozone/integration-test/target/test-dir/MiniOzoneClusterImpl-733ab8e8-73b4-47ae-b22b-a548a4863177/datanode-4/data-0/containers/hdds
2022-11-14 01:04:23,673 [Listener at 127.0.0.1/41321] INFO  volume.MutableVolumeSet (MutableVolumeSet.java:initializeVolumeSet(174)) - Added Volume : /home/runner/work/ozone/ozone/hadoop-ozone/integration-test/target/test-dir/MiniOzoneClusterImpl-733ab8e8-73b4-47ae-b22b-a548a4863177/datanode-4/data/ratis to VolumeSet
2022-11-14 01:04:23,673 [Listener at 127.0.0.1/41321] INFO  volume.ThrottledAsyncChecker (ThrottledAsyncChecker.java:schedule(141)) - Scheduling a check for /home/runner/work/ozone/ozone/hadoop-ozone/integration-test/target/test-dir/MiniOzoneClusterImpl-733ab8e8-73b4-47ae-b22b-a548a4863177/datanode-4/data/ratis
2022-11-14 01:04:23,673 [Listener at 127.0.0.1/41321] INFO  volume.StorageVolumeChecker (StorageVolumeChecker.java:checkAllVolumes(202)) - Scheduled health check for volume /home/runner/work/ozone/ozone/hadoop-ozone/integration-test/target/test-dir/MiniOzoneClusterImpl-733ab8e8-73b4-47ae-b22b-a548a4863177/datanode-4/data/ratis
2022-11-14 01:04:23,684 [Thread-190] INFO  ozoneimpl.ContainerReader (ContainerReader.java:readVolume(175)) - Finish verifying containers on volume /home/runner/work/ozone/ozone/hadoop-ozone/integration-test/target/test-dir/MiniOzoneClusterImpl-733ab8e8-73b4-47ae-b22b-a548a4863177/datanode-4/data-0/containers/hdds
2022-11-14 01:04:23,684 [Listener at 127.0.0.1/41321] INFO  ozoneimpl.OzoneContainer (OzoneContainer.java:buildContainerSet(300)) - Build ContainerSet costs 0s
2022-11-14 01:04:23,687 [Listener at 127.0.0.1/41321] INFO  server.RaftServer (ConfUtils.java:logGet(46)) - raft.rpc.type = GRPC (default)
2022-11-14 01:04:23,688 [Listener at 127.0.0.1/41321] INFO  grpc.GrpcConfigKeys (ConfUtils.java:logFallback(53)) - raft.grpc.admin.host = null (fallback to raft.grpc.server.host)
2022-11-14 01:04:23,688 [Listener at 127.0.0.1/41321] INFO  grpc.GrpcConfigKeys (ConfUtils.java:logGet(46)) - raft.grpc.admin.port = 0 (custom)
2022-11-14 01:04:23,688 [Listener at 127.0.0.1/41321] INFO  grpc.GrpcConfigKeys (ConfUtils.java:logFallback(53)) - raft.grpc.client.host = null (fallback to raft.grpc.server.host)
2022-11-14 01:04:23,688 [Listener at 127.0.0.1/41321] INFO  grpc.GrpcConfigKeys (ConfUtils.java:logGet(46)) - raft.grpc.client.port = 0 (custom)
2022-11-14 01:04:23,688 [Listener at 127.0.0.1/41321] INFO  grpc.GrpcConfigKeys (ConfUtils.java:logGet(46)) - raft.grpc.server.host = null (default)
2022-11-14 01:04:23,688 [Listener at 127.0.0.1/41321] INFO  grpc.GrpcConfigKeys (ConfUtils.java:logGet(46)) - raft.grpc.server.port = 0 (default)
2022-11-14 01:04:23,689 [Listener at 127.0.0.1/41321] INFO  server.GrpcService (ConfUtils.java:logGet(46)) - raft.grpc.message.size.max = 32MB (=33554432) (custom)
2022-11-14 01:04:23,689 [Listener at 127.0.0.1/41321] INFO  server.RaftServerConfigKeys (ConfUtils.java:logGet(46)) - raft.server.log.appender.buffer.byte-limit = 33554432 (custom)
2022-11-14 01:04:23,689 [Listener at 127.0.0.1/41321] INFO  server.GrpcService (ConfUtils.java:logGet(46)) - raft.grpc.flow.control.window = 5MB (=5242880) (custom)
2022-11-14 01:04:23,689 [Listener at 127.0.0.1/41321] INFO  server.RaftServerConfigKeys (ConfUtils.java:logGet(46)) - raft.server.rpc.request.timeout = 60s (custom)
2022-11-14 01:04:23,689 [Listener at 127.0.0.1/41321] INFO  grpc.GrpcConfigKeys (ConfUtils.java:logGet(46)) - raft.grpc.server.heartbeat.channel = true (default)
2022-11-14 01:04:23,689 [Listener at 127.0.0.1/41321] INFO  grpc.GrpcConfigKeys (ConfUtils.java:logGet(46)) - raft.grpc.server.async.request.thread.pool.cached = true (default)
2022-11-14 01:04:23,689 [Listener at 127.0.0.1/41321] INFO  grpc.GrpcConfigKeys (ConfUtils.java:logGet(46)) - raft.grpc.server.async.request.thread.pool.size = 32 (default)
2022-11-14 01:04:23,691 [Listener at 127.0.0.1/41321] INFO  impl.DataStreamServerImpl (ConfUtils.java:logGet(46)) - raft.datastream.type = DISABLED (default)
2022-11-14 01:04:23,691 [Listener at 127.0.0.1/41321] INFO  server.RaftServerConfigKeys (ConfUtils.java:logGet(46)) - raft.server.threadpool.proxy.cached = true (default)
2022-11-14 01:04:23,691 [Listener at 127.0.0.1/41321] INFO  server.RaftServerConfigKeys (ConfUtils.java:logGet(46)) - raft.server.threadpool.proxy.size = 0 (default)
2022-11-14 01:04:23,691 [Listener at 127.0.0.1/41321] INFO  server.RaftServerConfigKeys (ConfUtils.java:logGet(46)) - raft.server.rpc.slowness.timeout = 300s (custom)
2022-11-14 01:04:23,691 [Listener at 127.0.0.1/41321] INFO  server.RaftServerConfigKeys (ConfUtils.java:logGet(46)) - raft.server.leaderelection.leader.step-down.wait-time = 10s (default)
2022-11-14 01:04:23,691 [Listener at 127.0.0.1/41321] INFO  server.RaftServerConfigKeys (ConfUtils.java:logGet(46)) - raft.server.storage.dir = [/home/runner/work/ozone/ozone/hadoop-ozone/integration-test/target/test-dir/MiniOzoneClusterImpl-733ab8e8-73b4-47ae-b22b-a548a4863177/datanode-4/data/ratis] (custom)
2022-11-14 01:04:23,693 [Listener at 127.0.0.1/41321] INFO  server.XceiverServerGrpc (XceiverServerGrpc.java:<init>(132)) - GrpcServer channel type EpollServerSocketChannel
2022-11-14 01:04:23,700 [Listener at 127.0.0.1/41321] INFO  http.BaseHttpServer (BaseHttpServer.java:newHttpServer2BuilderForOzone(213)) - Starting Web-server for hddsDatanode at: http://0.0.0.0:0
2022-11-14 01:04:23,700 [Listener at 127.0.0.1/41321] INFO  http.BaseHttpServer (BaseHttpServer.java:<init>(108)) - Hadoop Security Enabled: false Ozone Security Enabled: false Ozone HTTP Security Enabled: false 
2022-11-14 01:04:23,701 [Listener at 127.0.0.1/41321] WARN  server.AuthenticationFilter (AuthenticationFilter.java:constructSecretProvider(240)) - Unable to initialize FileSignerSecretProvider, falling back to use random secrets. Reason: Could not read signature secret file: /home/runner/hadoop-http-auth-signature-secret
2022-11-14 01:04:23,703 [Listener at 127.0.0.1/41321] WARN  http.HttpRequestLog (HttpRequestLog.java:getRequestLog(103)) - Jetty request log can only be enabled using Log4j
2022-11-14 01:04:23,705 [Listener at 127.0.0.1/41321] INFO  http.HttpServer2 (HttpServer2.java:addGlobalFilter(1031)) - Added global filter 'safety' (class=org.apache.hadoop.hdds.server.http.HttpServer2$QuotingInputFilter)
2022-11-14 01:04:23,705 [Listener at 127.0.0.1/41321] INFO  http.HttpServer2 (HttpServer2.java:addFilter(1007)) - Added filter static_user_filter (class=org.apache.hadoop.http.lib.StaticUserWebFilter$StaticUserFilter) to context hddsDatanode
2022-11-14 01:04:23,706 [Listener at 127.0.0.1/41321] INFO  http.HttpServer2 (HttpServer2.java:addFilter(1015)) - Added filter static_user_filter (class=org.apache.hadoop.http.lib.StaticUserWebFilter$StaticUserFilter) to context static
2022-11-14 01:04:23,706 [Listener at 127.0.0.1/41321] INFO  http.HttpServer2 (HttpServer2.java:addFilter(1015)) - Added filter static_user_filter (class=org.apache.hadoop.http.lib.StaticUserWebFilter$StaticUserFilter) to context logs
2022-11-14 01:04:23,706 [Listener at 127.0.0.1/41321] INFO  http.HttpServer2 (HttpServer2.java:bindListener(1250)) - Jetty bound to port 37331
2022-11-14 01:04:23,706 [Listener at 127.0.0.1/41321] INFO  server.Server (Server.java:doStart(375)) - jetty-9.4.49.v20220914; built: 2022-09-14T01:07:36.601Z; git: 4231a3b2e4cb8548a412a789936d640a97b1aa0a; jvm 1.8.0_345-b01
2022-11-14 01:04:23,711 [Listener at 127.0.0.1/41321] INFO  server.session (DefaultSessionIdManager.java:doStart(334)) - DefaultSessionIdManager workerName=node0
2022-11-14 01:04:23,711 [Listener at 127.0.0.1/41321] INFO  server.session (DefaultSessionIdManager.java:doStart(339)) - No SessionScavenger set, using defaults
2022-11-14 01:04:23,712 [Listener at 127.0.0.1/41321] INFO  server.session (HouseKeeper.java:startScavenging(132)) - node0 Scavenging every 600000ms
2022-11-14 01:04:23,712 [Listener at 127.0.0.1/41321] INFO  handler.ContextHandler (ContextHandler.java:doStart(921)) - Started o.e.j.s.ServletContextHandler@1302230f{logs,/logs,file:///home/runner/work/ozone/ozone/hadoop-ozone/integration-test/target/log,AVAILABLE}
2022-11-14 01:04:23,713 [Listener at 127.0.0.1/41321] INFO  handler.ContextHandler (ContextHandler.java:doStart(921)) - Started o.e.j.s.ServletContextHandler@abbe7b3{static,/static,jar:file:/home/runner/.m2/repository/org/apache/ozone/hdds-container-service/1.3.0-SNAPSHOT/hdds-container-service-1.3.0-SNAPSHOT.jar!/webapps/static,AVAILABLE}
2022-11-14 01:04:23,877 [Listener at 127.0.0.1/41321] INFO  handler.ContextHandler (ContextHandler.java:doStart(921)) - Started o.e.j.w.WebAppContext@51223aca{hddsDatanode,/,file:///tmp/jetty-0_0_0_0-37331-hdds-container-service-1_3_0-SNAPSHOT_jar-_-any-3140017625256677619/webapp/,AVAILABLE}{jar:file:/home/runner/.m2/repository/org/apache/ozone/hdds-container-service/1.3.0-SNAPSHOT/hdds-container-service-1.3.0-SNAPSHOT.jar!/webapps/hddsDatanode}
2022-11-14 01:04:23,878 [Listener at 127.0.0.1/41321] INFO  server.AbstractConnector (AbstractConnector.java:doStart(333)) - Started ServerConnector@e0986ed{HTTP/1.1, (http/1.1)}{0.0.0.0:37331}
2022-11-14 01:04:23,878 [Listener at 127.0.0.1/41321] INFO  server.Server (Server.java:doStart(415)) - Started @9622ms
2022-11-14 01:04:23,879 [Listener at 127.0.0.1/41321] WARN  impl.MetricsSystemImpl (MetricsSystemImpl.java:register(279)) - Sink prometheus already exists!
2022-11-14 01:04:23,879 [Listener at 127.0.0.1/41321] INFO  http.BaseHttpServer (BaseHttpServer.java:updateConnectorAddress(333)) - HTTP server of hddsDatanode listening at http://0.0.0.0:37331
2022-11-14 01:04:23,881 [Datanode State Machine Daemon Thread] INFO  statemachine.DatanodeStateMachine (DatanodeStateMachine.java:lambda$startDaemon$0(505)) - Ozone container server started.
2022-11-14 01:04:23,884 [Listener at 127.0.0.1/41321] WARN  impl.MetricRegistriesImpl (MetricRegistriesImpl.java:addReporterRegistration(111)) - New reporters are added after registries were created. Some metrics will be missing from the reporter. Please add reporter before adding any new registry.
2022-11-14 01:04:23,884 [Listener at 127.0.0.1/41321] WARN  impl.MetricRegistriesImpl (MetricRegistriesImpl.java:addReporterRegistration(111)) - New reporters are added after registries were created. Some metrics will be missing from the reporter. Please add reporter before adding any new registry.
2022-11-14 01:04:23,884 [Listener at 127.0.0.1/41321] INFO  impl.MetricsSystemImpl (MetricsSystemImpl.java:init(158)) - HddsDatanode metrics system started (again)
2022-11-14 01:04:23,898 [org.apache.hadoop.util.JvmPauseMonitor$Monitor@55b362aa] INFO  util.JvmPauseMonitor (JvmPauseMonitor.java:run(188)) - Starting JVM pause monitor
2022-11-14 01:04:23,898 [Listener at 127.0.0.1/41321] INFO  ozone.HddsDatanodeService (HddsDatanodeService.java:start(236)) - HddsDatanodeService host:fv-az334-552.zg0gw54pbdoexfhqlmz30d51na.gx.internal.cloudapp.net ip:10.1.0.33
2022-11-14 01:04:23,903 [Datanode State Machine Task Thread - 0] INFO  datanode.InitDatanodeState (InitDatanodeState.java:persistContainerDatanodeDetails(138)) - DatanodeDetails is persisted to /home/runner/work/ozone/ozone/hadoop-ozone/integration-test/target/test-dir/MiniOzoneClusterImpl-733ab8e8-73b4-47ae-b22b-a548a4863177/datanode-4/meta/datanode.id
2022-11-14 01:04:23,923 [Listener at 127.0.0.1/41321] INFO  upgrade.AbstractLayoutVersionManager (AbstractLayoutVersionManager.java:init(83)) - Initializing Layout version manager with metadata layout = DATANODE_SCHEMA_V3 (version = 4), software layout = DATANODE_SCHEMA_V3 (version = 4)
2022-11-14 01:04:23,996 [Listener at 127.0.0.1/41321] INFO  reflections.Reflections (Reflections.java:scan(232)) - Reflections took 64 ms to scan 7 urls, producing 139 keys and 336 values 
2022-11-14 01:04:23,997 [Listener at 127.0.0.1/41321] INFO  statemachine.DatanodeStateMachine (DatanodeStateMachine.java:getEndPointTaskThreadPoolSize(245)) - Datanode State Machine Task Thread Pool size 2
2022-11-14 01:04:23,999 [Listener at 127.0.0.1/41321] INFO  volume.HddsVolume (HddsVolume.java:<init>(117)) - Creating HddsVolume: /home/runner/work/ozone/ozone/hadoop-ozone/integration-test/target/test-dir/MiniOzoneClusterImpl-733ab8e8-73b4-47ae-b22b-a548a4863177/datanode-5/data-0/containers/hdds of storage type : DISK capacity : 9223372036854775807
2022-11-14 01:04:24,000 [Listener at 127.0.0.1/41321] INFO  volume.MutableVolumeSet (MutableVolumeSet.java:initializeVolumeSet(174)) - Added Volume : /home/runner/work/ozone/ozone/hadoop-ozone/integration-test/target/test-dir/MiniOzoneClusterImpl-733ab8e8-73b4-47ae-b22b-a548a4863177/datanode-5/data-0/containers/hdds to VolumeSet
2022-11-14 01:04:24,000 [Listener at 127.0.0.1/41321] INFO  volume.ThrottledAsyncChecker (ThrottledAsyncChecker.java:schedule(141)) - Scheduling a check for /home/runner/work/ozone/ozone/hadoop-ozone/integration-test/target/test-dir/MiniOzoneClusterImpl-733ab8e8-73b4-47ae-b22b-a548a4863177/datanode-5/data-0/containers/hdds
2022-11-14 01:04:24,001 [Listener at 127.0.0.1/41321] INFO  volume.StorageVolumeChecker (StorageVolumeChecker.java:checkAllVolumes(202)) - Scheduled health check for volume /home/runner/work/ozone/ozone/hadoop-ozone/integration-test/target/test-dir/MiniOzoneClusterImpl-733ab8e8-73b4-47ae-b22b-a548a4863177/datanode-5/data-0/containers/hdds
2022-11-14 01:04:24,012 [Listener at 127.0.0.1/41321] INFO  volume.MutableVolumeSet (MutableVolumeSet.java:initializeVolumeSet(174)) - Added Volume : /home/runner/work/ozone/ozone/hadoop-ozone/integration-test/target/test-dir/MiniOzoneClusterImpl-733ab8e8-73b4-47ae-b22b-a548a4863177/datanode-5/data/ratis to VolumeSet
2022-11-14 01:04:24,012 [Listener at 127.0.0.1/41321] INFO  volume.ThrottledAsyncChecker (ThrottledAsyncChecker.java:schedule(141)) - Scheduling a check for /home/runner/work/ozone/ozone/hadoop-ozone/integration-test/target/test-dir/MiniOzoneClusterImpl-733ab8e8-73b4-47ae-b22b-a548a4863177/datanode-5/data/ratis
2022-11-14 01:04:24,012 [Listener at 127.0.0.1/41321] INFO  volume.StorageVolumeChecker (StorageVolumeChecker.java:checkAllVolumes(202)) - Scheduled health check for volume /home/runner/work/ozone/ozone/hadoop-ozone/integration-test/target/test-dir/MiniOzoneClusterImpl-733ab8e8-73b4-47ae-b22b-a548a4863177/datanode-5/data/ratis
2022-11-14 01:04:24,027 [Thread-203] INFO  ozoneimpl.ContainerReader (ContainerReader.java:readVolume(175)) - Finish verifying containers on volume /home/runner/work/ozone/ozone/hadoop-ozone/integration-test/target/test-dir/MiniOzoneClusterImpl-733ab8e8-73b4-47ae-b22b-a548a4863177/datanode-5/data-0/containers/hdds
2022-11-14 01:04:24,027 [Listener at 127.0.0.1/41321] INFO  ozoneimpl.OzoneContainer (OzoneContainer.java:buildContainerSet(300)) - Build ContainerSet costs 0s
2022-11-14 01:04:24,031 [Listener at 127.0.0.1/41321] INFO  server.RaftServer (ConfUtils.java:logGet(46)) - raft.rpc.type = GRPC (default)
2022-11-14 01:04:24,031 [Listener at 127.0.0.1/41321] INFO  grpc.GrpcConfigKeys (ConfUtils.java:logFallback(53)) - raft.grpc.admin.host = null (fallback to raft.grpc.server.host)
2022-11-14 01:04:24,031 [Listener at 127.0.0.1/41321] INFO  grpc.GrpcConfigKeys (ConfUtils.java:logGet(46)) - raft.grpc.admin.port = 0 (custom)
2022-11-14 01:04:24,031 [Listener at 127.0.0.1/41321] INFO  grpc.GrpcConfigKeys (ConfUtils.java:logFallback(53)) - raft.grpc.client.host = null (fallback to raft.grpc.server.host)
2022-11-14 01:04:24,031 [Listener at 127.0.0.1/41321] INFO  grpc.GrpcConfigKeys (ConfUtils.java:logGet(46)) - raft.grpc.client.port = 0 (custom)
2022-11-14 01:04:24,031 [Listener at 127.0.0.1/41321] INFO  grpc.GrpcConfigKeys (ConfUtils.java:logGet(46)) - raft.grpc.server.host = null (default)
2022-11-14 01:04:24,032 [Listener at 127.0.0.1/41321] INFO  grpc.GrpcConfigKeys (ConfUtils.java:logGet(46)) - raft.grpc.server.port = 0 (default)
2022-11-14 01:04:24,032 [Listener at 127.0.0.1/41321] INFO  server.GrpcService (ConfUtils.java:logGet(46)) - raft.grpc.message.size.max = 32MB (=33554432) (custom)
2022-11-14 01:04:24,032 [Listener at 127.0.0.1/41321] INFO  server.RaftServerConfigKeys (ConfUtils.java:logGet(46)) - raft.server.log.appender.buffer.byte-limit = 33554432 (custom)
2022-11-14 01:04:24,032 [Listener at 127.0.0.1/41321] INFO  server.GrpcService (ConfUtils.java:logGet(46)) - raft.grpc.flow.control.window = 5MB (=5242880) (custom)
2022-11-14 01:04:24,032 [Listener at 127.0.0.1/41321] INFO  server.RaftServerConfigKeys (ConfUtils.java:logGet(46)) - raft.server.rpc.request.timeout = 60s (custom)
2022-11-14 01:04:24,032 [Listener at 127.0.0.1/41321] INFO  grpc.GrpcConfigKeys (ConfUtils.java:logGet(46)) - raft.grpc.server.heartbeat.channel = true (default)
2022-11-14 01:04:24,032 [Listener at 127.0.0.1/41321] INFO  grpc.GrpcConfigKeys (ConfUtils.java:logGet(46)) - raft.grpc.server.async.request.thread.pool.cached = true (default)
2022-11-14 01:04:24,033 [Listener at 127.0.0.1/41321] INFO  grpc.GrpcConfigKeys (ConfUtils.java:logGet(46)) - raft.grpc.server.async.request.thread.pool.size = 32 (default)
2022-11-14 01:04:24,034 [Listener at 127.0.0.1/41321] INFO  impl.DataStreamServerImpl (ConfUtils.java:logGet(46)) - raft.datastream.type = DISABLED (default)
2022-11-14 01:04:24,034 [Listener at 127.0.0.1/41321] INFO  server.RaftServerConfigKeys (ConfUtils.java:logGet(46)) - raft.server.threadpool.proxy.cached = true (default)
2022-11-14 01:04:24,034 [Listener at 127.0.0.1/41321] INFO  server.RaftServerConfigKeys (ConfUtils.java:logGet(46)) - raft.server.threadpool.proxy.size = 0 (default)
2022-11-14 01:04:24,034 [Listener at 127.0.0.1/41321] INFO  server.RaftServerConfigKeys (ConfUtils.java:logGet(46)) - raft.server.rpc.slowness.timeout = 300s (custom)
2022-11-14 01:04:24,034 [Listener at 127.0.0.1/41321] INFO  server.RaftServerConfigKeys (ConfUtils.java:logGet(46)) - raft.server.leaderelection.leader.step-down.wait-time = 10s (default)
2022-11-14 01:04:24,034 [Listener at 127.0.0.1/41321] INFO  server.RaftServerConfigKeys (ConfUtils.java:logGet(46)) - raft.server.storage.dir = [/home/runner/work/ozone/ozone/hadoop-ozone/integration-test/target/test-dir/MiniOzoneClusterImpl-733ab8e8-73b4-47ae-b22b-a548a4863177/datanode-5/data/ratis] (custom)
2022-11-14 01:04:24,036 [Listener at 127.0.0.1/41321] INFO  server.XceiverServerGrpc (XceiverServerGrpc.java:<init>(132)) - GrpcServer channel type EpollServerSocketChannel
2022-11-14 01:04:24,041 [Listener at 127.0.0.1/41321] INFO  http.BaseHttpServer (BaseHttpServer.java:newHttpServer2BuilderForOzone(213)) - Starting Web-server for hddsDatanode at: http://0.0.0.0:0
2022-11-14 01:04:24,042 [Listener at 127.0.0.1/41321] INFO  http.BaseHttpServer (BaseHttpServer.java:<init>(108)) - Hadoop Security Enabled: false Ozone Security Enabled: false Ozone HTTP Security Enabled: false 
2022-11-14 01:04:24,043 [Listener at 127.0.0.1/41321] WARN  server.AuthenticationFilter (AuthenticationFilter.java:constructSecretProvider(240)) - Unable to initialize FileSignerSecretProvider, falling back to use random secrets. Reason: Could not read signature secret file: /home/runner/hadoop-http-auth-signature-secret
2022-11-14 01:04:24,044 [Listener at 127.0.0.1/41321] WARN  http.HttpRequestLog (HttpRequestLog.java:getRequestLog(103)) - Jetty request log can only be enabled using Log4j
2022-11-14 01:04:24,045 [Listener at 127.0.0.1/41321] INFO  http.HttpServer2 (HttpServer2.java:addGlobalFilter(1031)) - Added global filter 'safety' (class=org.apache.hadoop.hdds.server.http.HttpServer2$QuotingInputFilter)
2022-11-14 01:04:24,046 [Listener at 127.0.0.1/41321] INFO  http.HttpServer2 (HttpServer2.java:addFilter(1007)) - Added filter static_user_filter (class=org.apache.hadoop.http.lib.StaticUserWebFilter$StaticUserFilter) to context hddsDatanode
2022-11-14 01:04:24,046 [Listener at 127.0.0.1/41321] INFO  http.HttpServer2 (HttpServer2.java:addFilter(1015)) - Added filter static_user_filter (class=org.apache.hadoop.http.lib.StaticUserWebFilter$StaticUserFilter) to context static
2022-11-14 01:04:24,046 [Listener at 127.0.0.1/41321] INFO  http.HttpServer2 (HttpServer2.java:addFilter(1015)) - Added filter static_user_filter (class=org.apache.hadoop.http.lib.StaticUserWebFilter$StaticUserFilter) to context logs
2022-11-14 01:04:24,046 [Listener at 127.0.0.1/41321] INFO  http.HttpServer2 (HttpServer2.java:bindListener(1250)) - Jetty bound to port 37217
2022-11-14 01:04:24,047 [Listener at 127.0.0.1/41321] INFO  server.Server (Server.java:doStart(375)) - jetty-9.4.49.v20220914; built: 2022-09-14T01:07:36.601Z; git: 4231a3b2e4cb8548a412a789936d640a97b1aa0a; jvm 1.8.0_345-b01
2022-11-14 01:04:24,048 [Listener at 127.0.0.1/41321] INFO  server.session (DefaultSessionIdManager.java:doStart(334)) - DefaultSessionIdManager workerName=node0
2022-11-14 01:04:24,049 [Listener at 127.0.0.1/41321] INFO  server.session (DefaultSessionIdManager.java:doStart(339)) - No SessionScavenger set, using defaults
2022-11-14 01:04:24,049 [Listener at 127.0.0.1/41321] INFO  server.session (HouseKeeper.java:startScavenging(132)) - node0 Scavenging every 600000ms
2022-11-14 01:04:24,050 [Listener at 127.0.0.1/41321] INFO  handler.ContextHandler (ContextHandler.java:doStart(921)) - Started o.e.j.s.ServletContextHandler@2f4210a8{logs,/logs,file:///home/runner/work/ozone/ozone/hadoop-ozone/integration-test/target/log,AVAILABLE}
2022-11-14 01:04:24,050 [Listener at 127.0.0.1/41321] INFO  handler.ContextHandler (ContextHandler.java:doStart(921)) - Started o.e.j.s.ServletContextHandler@7ac8e06a{static,/static,jar:file:/home/runner/.m2/repository/org/apache/ozone/hdds-container-service/1.3.0-SNAPSHOT/hdds-container-service-1.3.0-SNAPSHOT.jar!/webapps/static,AVAILABLE}
2022-11-14 01:04:24,217 [Listener at 127.0.0.1/41321] INFO  handler.ContextHandler (ContextHandler.java:doStart(921)) - Started o.e.j.w.WebAppContext@51724715{hddsDatanode,/,file:///tmp/jetty-0_0_0_0-37217-hdds-container-service-1_3_0-SNAPSHOT_jar-_-any-2661469088451233842/webapp/,AVAILABLE}{jar:file:/home/runner/.m2/repository/org/apache/ozone/hdds-container-service/1.3.0-SNAPSHOT/hdds-container-service-1.3.0-SNAPSHOT.jar!/webapps/hddsDatanode}
2022-11-14 01:04:24,218 [Listener at 127.0.0.1/41321] INFO  server.AbstractConnector (AbstractConnector.java:doStart(333)) - Started ServerConnector@13f4d61b{HTTP/1.1, (http/1.1)}{0.0.0.0:37217}
2022-11-14 01:04:24,218 [Listener at 127.0.0.1/41321] INFO  server.Server (Server.java:doStart(415)) - Started @9962ms
2022-11-14 01:04:24,219 [Listener at 127.0.0.1/41321] WARN  impl.MetricsSystemImpl (MetricsSystemImpl.java:register(279)) - Sink prometheus already exists!
2022-11-14 01:04:24,219 [Listener at 127.0.0.1/41321] INFO  http.BaseHttpServer (BaseHttpServer.java:updateConnectorAddress(333)) - HTTP server of hddsDatanode listening at http://0.0.0.0:37217
2022-11-14 01:04:24,221 [Listener at 127.0.0.1/41321] INFO  ozone.MiniOzoneClusterImpl (MiniOzoneClusterImpl.java:lambda$waitForClusterToBeReady$0(216)) - Waiting for nodes to be ready. Got 0 of 6 DN Heartbeats.
2022-11-14 01:04:24,222 [Listener at 127.0.0.1/41321] INFO  ozone.MiniOzoneClusterImpl (MiniOzoneClusterImpl.java:lambda$waitForClusterToBeReady$0(219)) - Waiting for cluster to exit safe mode
2022-11-14 01:04:24,222 [Listener at 127.0.0.1/41321] INFO  ozone.MiniOzoneClusterImpl (MiniOzoneClusterImpl.java:lambda$waitForClusterToBeReady$0(221)) - SCM became leader
2022-11-14 01:04:24,222 [Datanode State Machine Daemon Thread] INFO  statemachine.DatanodeStateMachine (DatanodeStateMachine.java:lambda$startDaemon$0(505)) - Ozone container server started.
2022-11-14 01:04:24,231 [org.apache.hadoop.util.JvmPauseMonitor$Monitor@1a7ef585] INFO  util.JvmPauseMonitor (JvmPauseMonitor.java:run(188)) - Starting JVM pause monitor
2022-11-14 01:04:24,234 [Datanode State Machine Task Thread - 0] INFO  datanode.InitDatanodeState (InitDatanodeState.java:persistContainerDatanodeDetails(138)) - DatanodeDetails is persisted to /home/runner/work/ozone/ozone/hadoop-ozone/integration-test/target/test-dir/MiniOzoneClusterImpl-733ab8e8-73b4-47ae-b22b-a548a4863177/datanode-5/meta/datanode.id
2022-11-14 01:04:24,503 [EndpointStateMachine task thread for /0.0.0.0:34641 - 0 ] INFO  utils.DatanodeStoreCache (DatanodeStoreCache.java:addDB(58)) - Added db /home/runner/work/ozone/ozone/hadoop-ozone/integration-test/target/test-dir/MiniOzoneClusterImpl-733ab8e8-73b4-47ae-b22b-a548a4863177/datanode-0/data-0/containers/hdds/733ab8e8-73b4-47ae-b22b-a548a4863177/DS-477f198a-ede6-4905-8c43-40d71c678ac6/container.db to cache
2022-11-14 01:04:24,503 [EndpointStateMachine task thread for /0.0.0.0:34641 - 0 ] INFO  volume.HddsVolume (HddsVolume.java:createDbStore(307)) - SchemaV3 db is created and loaded at /home/runner/work/ozone/ozone/hadoop-ozone/integration-test/target/test-dir/MiniOzoneClusterImpl-733ab8e8-73b4-47ae-b22b-a548a4863177/datanode-0/data-0/containers/hdds/733ab8e8-73b4-47ae-b22b-a548a4863177/DS-477f198a-ede6-4905-8c43-40d71c678ac6/container.db for volume DS-477f198a-ede6-4905-8c43-40d71c678ac6
2022-11-14 01:04:24,506 [EndpointStateMachine task thread for /0.0.0.0:34641 - 0 ] INFO  ozoneimpl.OzoneContainer (OzoneContainer.java:start(378)) - Attempting to start container services.
2022-11-14 01:04:24,508 [EndpointStateMachine task thread for /0.0.0.0:34641 - 0 ] INFO  ozoneimpl.OzoneContainer (OzoneContainer.java:startContainerScrub(313)) - Background container scanner has been disabled.
2022-11-14 01:04:24,510 [EndpointStateMachine task thread for /0.0.0.0:34641 - 0 ] INFO  replication.ReplicationServer (ReplicationServer.java:start(111)) - ReplicationServer is started using port 40571
2022-11-14 01:04:24,513 [EndpointStateMachine task thread for /0.0.0.0:34641 - 0 ] INFO  ratis.XceiverServerRatis (XceiverServerRatis.java:start(481)) - Starting XceiverServerRatis 50a771df-70d3-4c7d-9ea2-11e60400c1f5
2022-11-14 01:04:24,524 [EndpointStateMachine task thread for /0.0.0.0:34641 - 0 ] INFO  server.RaftServer (RaftServerProxy.java:startImpl(393)) - 50a771df-70d3-4c7d-9ea2-11e60400c1f5: start RPC server
2022-11-14 01:04:24,525 [EndpointStateMachine task thread for /0.0.0.0:34641 - 0 ] INFO  server.GrpcService (GrpcService.java:startImpl(270)) - 50a771df-70d3-4c7d-9ea2-11e60400c1f5: GrpcService started, listening on 34193
2022-11-14 01:04:24,526 [EndpointStateMachine task thread for /0.0.0.0:34641 - 0 ] INFO  ratis.XceiverServerRatis (XceiverServerRatis.java:getRealPort(502)) - XceiverServerRatis 50a771df-70d3-4c7d-9ea2-11e60400c1f5 is started using port 34193 for RATIS
2022-11-14 01:04:24,526 [JvmPauseMonitor1] INFO  util.JvmPauseMonitor (JvmPauseMonitor.java:run(105)) - JvmPauseMonitor-50a771df-70d3-4c7d-9ea2-11e60400c1f5: Started
2022-11-14 01:04:24,526 [EndpointStateMachine task thread for /0.0.0.0:34641 - 0 ] INFO  ratis.XceiverServerRatis (XceiverServerRatis.java:getRealPort(502)) - XceiverServerRatis 50a771df-70d3-4c7d-9ea2-11e60400c1f5 is started using port 34193 for RATIS_ADMIN
2022-11-14 01:04:24,527 [EndpointStateMachine task thread for /0.0.0.0:34641 - 0 ] INFO  ratis.XceiverServerRatis (XceiverServerRatis.java:getRealPort(502)) - XceiverServerRatis 50a771df-70d3-4c7d-9ea2-11e60400c1f5 is started using port 34193 for RATIS_SERVER
2022-11-14 01:04:24,530 [EndpointStateMachine task thread for /0.0.0.0:34641 - 0 ] INFO  server.XceiverServerGrpc (XceiverServerGrpc.java:start(180)) - XceiverServerGrpc 50a771df-70d3-4c7d-9ea2-11e60400c1f5 is started using port 34795
2022-11-14 01:04:24,948 [EndpointStateMachine task thread for /0.0.0.0:34641 - 0 ] INFO  utils.DatanodeStoreCache (DatanodeStoreCache.java:addDB(58)) - Added db /home/runner/work/ozone/ozone/hadoop-ozone/integration-test/target/test-dir/MiniOzoneClusterImpl-733ab8e8-73b4-47ae-b22b-a548a4863177/datanode-1/data-0/containers/hdds/733ab8e8-73b4-47ae-b22b-a548a4863177/DS-13a4bf74-3121-48ec-a5ed-21536aa50665/container.db to cache
2022-11-14 01:04:24,949 [EndpointStateMachine task thread for /0.0.0.0:34641 - 0 ] INFO  volume.HddsVolume (HddsVolume.java:createDbStore(307)) - SchemaV3 db is created and loaded at /home/runner/work/ozone/ozone/hadoop-ozone/integration-test/target/test-dir/MiniOzoneClusterImpl-733ab8e8-73b4-47ae-b22b-a548a4863177/datanode-1/data-0/containers/hdds/733ab8e8-73b4-47ae-b22b-a548a4863177/DS-13a4bf74-3121-48ec-a5ed-21536aa50665/container.db for volume DS-13a4bf74-3121-48ec-a5ed-21536aa50665
2022-11-14 01:04:24,949 [EndpointStateMachine task thread for /0.0.0.0:34641 - 0 ] INFO  ozoneimpl.OzoneContainer (OzoneContainer.java:start(378)) - Attempting to start container services.
2022-11-14 01:04:24,949 [EndpointStateMachine task thread for /0.0.0.0:34641 - 0 ] INFO  ozoneimpl.OzoneContainer (OzoneContainer.java:startContainerScrub(313)) - Background container scanner has been disabled.
2022-11-14 01:04:24,951 [EndpointStateMachine task thread for /0.0.0.0:34641 - 0 ] INFO  replication.ReplicationServer (ReplicationServer.java:start(111)) - ReplicationServer is started using port 44205
2022-11-14 01:04:24,952 [EndpointStateMachine task thread for /0.0.0.0:34641 - 0 ] INFO  ratis.XceiverServerRatis (XceiverServerRatis.java:start(481)) - Starting XceiverServerRatis 303bca5f-e220-44f8-957a-f0bd1a8a67be
2022-11-14 01:04:24,953 [EndpointStateMachine task thread for /0.0.0.0:34641 - 0 ] INFO  server.RaftServer (RaftServerProxy.java:startImpl(393)) - 303bca5f-e220-44f8-957a-f0bd1a8a67be: start RPC server
2022-11-14 01:04:24,954 [EndpointStateMachine task thread for /0.0.0.0:34641 - 0 ] INFO  server.GrpcService (GrpcService.java:startImpl(270)) - 303bca5f-e220-44f8-957a-f0bd1a8a67be: GrpcService started, listening on 42857
2022-11-14 01:04:24,954 [EndpointStateMachine task thread for /0.0.0.0:34641 - 0 ] INFO  ratis.XceiverServerRatis (XceiverServerRatis.java:getRealPort(502)) - XceiverServerRatis 303bca5f-e220-44f8-957a-f0bd1a8a67be is started using port 42857 for RATIS
2022-11-14 01:04:24,954 [EndpointStateMachine task thread for /0.0.0.0:34641 - 0 ] INFO  ratis.XceiverServerRatis (XceiverServerRatis.java:getRealPort(502)) - XceiverServerRatis 303bca5f-e220-44f8-957a-f0bd1a8a67be is started using port 42857 for RATIS_ADMIN
2022-11-14 01:04:24,954 [EndpointStateMachine task thread for /0.0.0.0:34641 - 0 ] INFO  ratis.XceiverServerRatis (XceiverServerRatis.java:getRealPort(502)) - XceiverServerRatis 303bca5f-e220-44f8-957a-f0bd1a8a67be is started using port 42857 for RATIS_SERVER
2022-11-14 01:04:24,954 [JvmPauseMonitor2] INFO  util.JvmPauseMonitor (JvmPauseMonitor.java:run(105)) - JvmPauseMonitor-303bca5f-e220-44f8-957a-f0bd1a8a67be: Started
2022-11-14 01:04:24,956 [EndpointStateMachine task thread for /0.0.0.0:34641 - 0 ] INFO  server.XceiverServerGrpc (XceiverServerGrpc.java:start(180)) - XceiverServerGrpc 303bca5f-e220-44f8-957a-f0bd1a8a67be is started using port 39669
2022-11-14 01:04:25,222 [Listener at 127.0.0.1/41321] INFO  ozone.MiniOzoneClusterImpl (MiniOzoneClusterImpl.java:lambda$waitForClusterToBeReady$0(216)) - Waiting for nodes to be ready. Got 0 of 6 DN Heartbeats.
2022-11-14 01:04:25,222 [Listener at 127.0.0.1/41321] INFO  ozone.MiniOzoneClusterImpl (MiniOzoneClusterImpl.java:lambda$waitForClusterToBeReady$0(219)) - Waiting for cluster to exit safe mode
2022-11-14 01:04:25,222 [Listener at 127.0.0.1/41321] INFO  ozone.MiniOzoneClusterImpl (MiniOzoneClusterImpl.java:lambda$waitForClusterToBeReady$0(221)) - SCM became leader
2022-11-14 01:04:25,293 [EndpointStateMachine task thread for /0.0.0.0:34641 - 0 ] INFO  utils.DatanodeStoreCache (DatanodeStoreCache.java:addDB(58)) - Added db /home/runner/work/ozone/ozone/hadoop-ozone/integration-test/target/test-dir/MiniOzoneClusterImpl-733ab8e8-73b4-47ae-b22b-a548a4863177/datanode-2/data-0/containers/hdds/733ab8e8-73b4-47ae-b22b-a548a4863177/DS-c3fb0d5f-d980-44ed-a669-5815b70febba/container.db to cache
2022-11-14 01:04:25,293 [EndpointStateMachine task thread for /0.0.0.0:34641 - 0 ] INFO  volume.HddsVolume (HddsVolume.java:createDbStore(307)) - SchemaV3 db is created and loaded at /home/runner/work/ozone/ozone/hadoop-ozone/integration-test/target/test-dir/MiniOzoneClusterImpl-733ab8e8-73b4-47ae-b22b-a548a4863177/datanode-2/data-0/containers/hdds/733ab8e8-73b4-47ae-b22b-a548a4863177/DS-c3fb0d5f-d980-44ed-a669-5815b70febba/container.db for volume DS-c3fb0d5f-d980-44ed-a669-5815b70febba
2022-11-14 01:04:25,297 [EndpointStateMachine task thread for /0.0.0.0:34641 - 0 ] INFO  ozoneimpl.OzoneContainer (OzoneContainer.java:start(378)) - Attempting to start container services.
2022-11-14 01:04:25,297 [EndpointStateMachine task thread for /0.0.0.0:34641 - 0 ] INFO  ozoneimpl.OzoneContainer (OzoneContainer.java:startContainerScrub(313)) - Background container scanner has been disabled.
2022-11-14 01:04:25,300 [EndpointStateMachine task thread for /0.0.0.0:34641 - 0 ] INFO  replication.ReplicationServer (ReplicationServer.java:start(111)) - ReplicationServer is started using port 39787
2022-11-14 01:04:25,301 [EndpointStateMachine task thread for /0.0.0.0:34641 - 0 ] INFO  ratis.XceiverServerRatis (XceiverServerRatis.java:start(481)) - Starting XceiverServerRatis 06e93c36-3e5f-4b60-afd6-cffad6b8ca77
2022-11-14 01:04:25,302 [EndpointStateMachine task thread for /0.0.0.0:34641 - 0 ] INFO  server.RaftServer (RaftServerProxy.java:startImpl(393)) - 06e93c36-3e5f-4b60-afd6-cffad6b8ca77: start RPC server
2022-11-14 01:04:25,303 [EndpointStateMachine task thread for /0.0.0.0:34641 - 0 ] INFO  server.GrpcService (GrpcService.java:startImpl(270)) - 06e93c36-3e5f-4b60-afd6-cffad6b8ca77: GrpcService started, listening on 33135
2022-11-14 01:04:25,303 [EndpointStateMachine task thread for /0.0.0.0:34641 - 0 ] INFO  ratis.XceiverServerRatis (XceiverServerRatis.java:getRealPort(502)) - XceiverServerRatis 06e93c36-3e5f-4b60-afd6-cffad6b8ca77 is started using port 33135 for RATIS
2022-11-14 01:04:25,303 [EndpointStateMachine task thread for /0.0.0.0:34641 - 0 ] INFO  ratis.XceiverServerRatis (XceiverServerRatis.java:getRealPort(502)) - XceiverServerRatis 06e93c36-3e5f-4b60-afd6-cffad6b8ca77 is started using port 33135 for RATIS_ADMIN
2022-11-14 01:04:25,303 [EndpointStateMachine task thread for /0.0.0.0:34641 - 0 ] INFO  ratis.XceiverServerRatis (XceiverServerRatis.java:getRealPort(502)) - XceiverServerRatis 06e93c36-3e5f-4b60-afd6-cffad6b8ca77 is started using port 33135 for RATIS_SERVER
2022-11-14 01:04:25,304 [JvmPauseMonitor3] INFO  util.JvmPauseMonitor (JvmPauseMonitor.java:run(105)) - JvmPauseMonitor-06e93c36-3e5f-4b60-afd6-cffad6b8ca77: Started
2022-11-14 01:04:25,306 [EndpointStateMachine task thread for /0.0.0.0:34641 - 0 ] INFO  server.XceiverServerGrpc (XceiverServerGrpc.java:start(180)) - XceiverServerGrpc 06e93c36-3e5f-4b60-afd6-cffad6b8ca77 is started using port 37159
2022-11-14 01:04:25,602 [EndpointStateMachine task thread for /0.0.0.0:34641 - 0 ] INFO  utils.DatanodeStoreCache (DatanodeStoreCache.java:addDB(58)) - Added db /home/runner/work/ozone/ozone/hadoop-ozone/integration-test/target/test-dir/MiniOzoneClusterImpl-733ab8e8-73b4-47ae-b22b-a548a4863177/datanode-3/data-0/containers/hdds/733ab8e8-73b4-47ae-b22b-a548a4863177/DS-d1b30811-64bd-4994-8eb9-5133e890c9c0/container.db to cache
2022-11-14 01:04:25,602 [EndpointStateMachine task thread for /0.0.0.0:34641 - 0 ] INFO  volume.HddsVolume (HddsVolume.java:createDbStore(307)) - SchemaV3 db is created and loaded at /home/runner/work/ozone/ozone/hadoop-ozone/integration-test/target/test-dir/MiniOzoneClusterImpl-733ab8e8-73b4-47ae-b22b-a548a4863177/datanode-3/data-0/containers/hdds/733ab8e8-73b4-47ae-b22b-a548a4863177/DS-d1b30811-64bd-4994-8eb9-5133e890c9c0/container.db for volume DS-d1b30811-64bd-4994-8eb9-5133e890c9c0
2022-11-14 01:04:25,602 [EndpointStateMachine task thread for /0.0.0.0:34641 - 0 ] INFO  ozoneimpl.OzoneContainer (OzoneContainer.java:start(378)) - Attempting to start container services.
2022-11-14 01:04:25,602 [EndpointStateMachine task thread for /0.0.0.0:34641 - 0 ] INFO  ozoneimpl.OzoneContainer (OzoneContainer.java:startContainerScrub(313)) - Background container scanner has been disabled.
2022-11-14 01:04:25,607 [EndpointStateMachine task thread for /0.0.0.0:34641 - 0 ] INFO  replication.ReplicationServer (ReplicationServer.java:start(111)) - ReplicationServer is started using port 40061
2022-11-14 01:04:25,608 [EndpointStateMachine task thread for /0.0.0.0:34641 - 0 ] INFO  ratis.XceiverServerRatis (XceiverServerRatis.java:start(481)) - Starting XceiverServerRatis 01c63b18-c7c8-42e3-9de4-2761bbcfbea5
2022-11-14 01:04:25,608 [EndpointStateMachine task thread for /0.0.0.0:34641 - 0 ] INFO  server.RaftServer (RaftServerProxy.java:startImpl(393)) - 01c63b18-c7c8-42e3-9de4-2761bbcfbea5: start RPC server
2022-11-14 01:04:25,611 [EndpointStateMachine task thread for /0.0.0.0:34641 - 0 ] INFO  server.GrpcService (GrpcService.java:startImpl(270)) - 01c63b18-c7c8-42e3-9de4-2761bbcfbea5: GrpcService started, listening on 33639
2022-11-14 01:04:25,611 [EndpointStateMachine task thread for /0.0.0.0:34641 - 0 ] INFO  ratis.XceiverServerRatis (XceiverServerRatis.java:getRealPort(502)) - XceiverServerRatis 01c63b18-c7c8-42e3-9de4-2761bbcfbea5 is started using port 33639 for RATIS
2022-11-14 01:04:25,611 [EndpointStateMachine task thread for /0.0.0.0:34641 - 0 ] INFO  ratis.XceiverServerRatis (XceiverServerRatis.java:getRealPort(502)) - XceiverServerRatis 01c63b18-c7c8-42e3-9de4-2761bbcfbea5 is started using port 33639 for RATIS_ADMIN
2022-11-14 01:04:25,611 [JvmPauseMonitor4] INFO  util.JvmPauseMonitor (JvmPauseMonitor.java:run(105)) - JvmPauseMonitor-01c63b18-c7c8-42e3-9de4-2761bbcfbea5: Started
2022-11-14 01:04:25,611 [EndpointStateMachine task thread for /0.0.0.0:34641 - 0 ] INFO  ratis.XceiverServerRatis (XceiverServerRatis.java:getRealPort(502)) - XceiverServerRatis 01c63b18-c7c8-42e3-9de4-2761bbcfbea5 is started using port 33639 for RATIS_SERVER
2022-11-14 01:04:25,614 [EndpointStateMachine task thread for /0.0.0.0:34641 - 0 ] INFO  server.XceiverServerGrpc (XceiverServerGrpc.java:start(180)) - XceiverServerGrpc 01c63b18-c7c8-42e3-9de4-2761bbcfbea5 is started using port 44053
2022-11-14 01:04:25,932 [EndpointStateMachine task thread for /0.0.0.0:34641 - 0 ] INFO  utils.DatanodeStoreCache (DatanodeStoreCache.java:addDB(58)) - Added db /home/runner/work/ozone/ozone/hadoop-ozone/integration-test/target/test-dir/MiniOzoneClusterImpl-733ab8e8-73b4-47ae-b22b-a548a4863177/datanode-4/data-0/containers/hdds/733ab8e8-73b4-47ae-b22b-a548a4863177/DS-7d112071-e309-4f5a-9bf1-237981eb0c54/container.db to cache
2022-11-14 01:04:25,932 [EndpointStateMachine task thread for /0.0.0.0:34641 - 0 ] INFO  volume.HddsVolume (HddsVolume.java:createDbStore(307)) - SchemaV3 db is created and loaded at /home/runner/work/ozone/ozone/hadoop-ozone/integration-test/target/test-dir/MiniOzoneClusterImpl-733ab8e8-73b4-47ae-b22b-a548a4863177/datanode-4/data-0/containers/hdds/733ab8e8-73b4-47ae-b22b-a548a4863177/DS-7d112071-e309-4f5a-9bf1-237981eb0c54/container.db for volume DS-7d112071-e309-4f5a-9bf1-237981eb0c54
2022-11-14 01:04:25,932 [EndpointStateMachine task thread for /0.0.0.0:34641 - 0 ] INFO  ozoneimpl.OzoneContainer (OzoneContainer.java:start(378)) - Attempting to start container services.
2022-11-14 01:04:25,932 [EndpointStateMachine task thread for /0.0.0.0:34641 - 0 ] INFO  ozoneimpl.OzoneContainer (OzoneContainer.java:startContainerScrub(313)) - Background container scanner has been disabled.
2022-11-14 01:04:25,935 [EndpointStateMachine task thread for /0.0.0.0:34641 - 0 ] INFO  replication.ReplicationServer (ReplicationServer.java:start(111)) - ReplicationServer is started using port 42689
2022-11-14 01:04:25,936 [EndpointStateMachine task thread for /0.0.0.0:34641 - 0 ] INFO  ratis.XceiverServerRatis (XceiverServerRatis.java:start(481)) - Starting XceiverServerRatis c2596226-15ac-44d2-9de4-d3f1d5072550
2022-11-14 01:04:25,939 [EndpointStateMachine task thread for /0.0.0.0:34641 - 0 ] INFO  server.RaftServer (RaftServerProxy.java:startImpl(393)) - c2596226-15ac-44d2-9de4-d3f1d5072550: start RPC server
2022-11-14 01:04:25,942 [EndpointStateMachine task thread for /0.0.0.0:34641 - 0 ] INFO  server.GrpcService (GrpcService.java:startImpl(270)) - c2596226-15ac-44d2-9de4-d3f1d5072550: GrpcService started, listening on 46627
2022-11-14 01:04:25,943 [EndpointStateMachine task thread for /0.0.0.0:34641 - 0 ] INFO  ratis.XceiverServerRatis (XceiverServerRatis.java:getRealPort(502)) - XceiverServerRatis c2596226-15ac-44d2-9de4-d3f1d5072550 is started using port 46627 for RATIS
2022-11-14 01:04:25,943 [JvmPauseMonitor5] INFO  util.JvmPauseMonitor (JvmPauseMonitor.java:run(105)) - JvmPauseMonitor-c2596226-15ac-44d2-9de4-d3f1d5072550: Started
2022-11-14 01:04:25,943 [EndpointStateMachine task thread for /0.0.0.0:34641 - 0 ] INFO  ratis.XceiverServerRatis (XceiverServerRatis.java:getRealPort(502)) - XceiverServerRatis c2596226-15ac-44d2-9de4-d3f1d5072550 is started using port 46627 for RATIS_ADMIN
2022-11-14 01:04:25,943 [EndpointStateMachine task thread for /0.0.0.0:34641 - 0 ] INFO  ratis.XceiverServerRatis (XceiverServerRatis.java:getRealPort(502)) - XceiverServerRatis c2596226-15ac-44d2-9de4-d3f1d5072550 is started using port 46627 for RATIS_SERVER
2022-11-14 01:04:25,946 [EndpointStateMachine task thread for /0.0.0.0:34641 - 0 ] INFO  server.XceiverServerGrpc (XceiverServerGrpc.java:start(180)) - XceiverServerGrpc c2596226-15ac-44d2-9de4-d3f1d5072550 is started using port 38145
2022-11-14 01:04:26,223 [Listener at 127.0.0.1/41321] INFO  ozone.MiniOzoneClusterImpl (MiniOzoneClusterImpl.java:lambda$waitForClusterToBeReady$0(216)) - Waiting for nodes to be ready. Got 0 of 6 DN Heartbeats.
2022-11-14 01:04:26,223 [Listener at 127.0.0.1/41321] INFO  ozone.MiniOzoneClusterImpl (MiniOzoneClusterImpl.java:lambda$waitForClusterToBeReady$0(219)) - Waiting for cluster to exit safe mode
2022-11-14 01:04:26,223 [Listener at 127.0.0.1/41321] INFO  ozone.MiniOzoneClusterImpl (MiniOzoneClusterImpl.java:lambda$waitForClusterToBeReady$0(221)) - SCM became leader
2022-11-14 01:04:26,266 [EndpointStateMachine task thread for /0.0.0.0:34641 - 0 ] INFO  utils.DatanodeStoreCache (DatanodeStoreCache.java:addDB(58)) - Added db /home/runner/work/ozone/ozone/hadoop-ozone/integration-test/target/test-dir/MiniOzoneClusterImpl-733ab8e8-73b4-47ae-b22b-a548a4863177/datanode-5/data-0/containers/hdds/733ab8e8-73b4-47ae-b22b-a548a4863177/DS-eaef3b04-752e-4921-8c90-341995802d2e/container.db to cache
2022-11-14 01:04:26,266 [EndpointStateMachine task thread for /0.0.0.0:34641 - 0 ] INFO  volume.HddsVolume (HddsVolume.java:createDbStore(307)) - SchemaV3 db is created and loaded at /home/runner/work/ozone/ozone/hadoop-ozone/integration-test/target/test-dir/MiniOzoneClusterImpl-733ab8e8-73b4-47ae-b22b-a548a4863177/datanode-5/data-0/containers/hdds/733ab8e8-73b4-47ae-b22b-a548a4863177/DS-eaef3b04-752e-4921-8c90-341995802d2e/container.db for volume DS-eaef3b04-752e-4921-8c90-341995802d2e
2022-11-14 01:04:26,266 [EndpointStateMachine task thread for /0.0.0.0:34641 - 0 ] INFO  ozoneimpl.OzoneContainer (OzoneContainer.java:start(378)) - Attempting to start container services.
2022-11-14 01:04:26,266 [EndpointStateMachine task thread for /0.0.0.0:34641 - 0 ] INFO  ozoneimpl.OzoneContainer (OzoneContainer.java:startContainerScrub(313)) - Background container scanner has been disabled.
2022-11-14 01:04:26,268 [EndpointStateMachine task thread for /0.0.0.0:34641 - 0 ] INFO  replication.ReplicationServer (ReplicationServer.java:start(111)) - ReplicationServer is started using port 33187
2022-11-14 01:04:26,269 [EndpointStateMachine task thread for /0.0.0.0:34641 - 0 ] INFO  ratis.XceiverServerRatis (XceiverServerRatis.java:start(481)) - Starting XceiverServerRatis c06e290d-eac5-4346-afba-5a90a2b31fb3
2022-11-14 01:04:26,269 [EndpointStateMachine task thread for /0.0.0.0:34641 - 0 ] INFO  server.RaftServer (RaftServerProxy.java:startImpl(393)) - c06e290d-eac5-4346-afba-5a90a2b31fb3: start RPC server
2022-11-14 01:04:26,271 [EndpointStateMachine task thread for /0.0.0.0:34641 - 0 ] INFO  server.GrpcService (GrpcService.java:startImpl(270)) - c06e290d-eac5-4346-afba-5a90a2b31fb3: GrpcService started, listening on 37459
2022-11-14 01:04:26,271 [EndpointStateMachine task thread for /0.0.0.0:34641 - 0 ] INFO  ratis.XceiverServerRatis (XceiverServerRatis.java:getRealPort(502)) - XceiverServerRatis c06e290d-eac5-4346-afba-5a90a2b31fb3 is started using port 37459 for RATIS
2022-11-14 01:04:26,271 [EndpointStateMachine task thread for /0.0.0.0:34641 - 0 ] INFO  ratis.XceiverServerRatis (XceiverServerRatis.java:getRealPort(502)) - XceiverServerRatis c06e290d-eac5-4346-afba-5a90a2b31fb3 is started using port 37459 for RATIS_ADMIN
2022-11-14 01:04:26,271 [JvmPauseMonitor6] INFO  util.JvmPauseMonitor (JvmPauseMonitor.java:run(105)) - JvmPauseMonitor-c06e290d-eac5-4346-afba-5a90a2b31fb3: Started
2022-11-14 01:04:26,271 [EndpointStateMachine task thread for /0.0.0.0:34641 - 0 ] INFO  ratis.XceiverServerRatis (XceiverServerRatis.java:getRealPort(502)) - XceiverServerRatis c06e290d-eac5-4346-afba-5a90a2b31fb3 is started using port 37459 for RATIS_SERVER
2022-11-14 01:04:26,279 [EndpointStateMachine task thread for /0.0.0.0:34641 - 0 ] INFO  server.XceiverServerGrpc (XceiverServerGrpc.java:start(180)) - XceiverServerGrpc c06e290d-eac5-4346-afba-5a90a2b31fb3 is started using port 44649
2022-11-14 01:04:26,430 [IPC Server handler 1 on default port 34641] INFO  net.NetworkTopologyImpl (NetworkTopologyImpl.java:add(112)) - Added a new node: /default-rack/50a771df-70d3-4c7d-9ea2-11e60400c1f5
2022-11-14 01:04:26,432 [IPC Server handler 1 on default port 34641] INFO  node.SCMNodeManager (SCMNodeManager.java:register(397)) - Registered Data node : 50a771df-70d3-4c7d-9ea2-11e60400c1f5{ip: 10.1.0.33, host: fv-az334-552.zg0gw54pbdoexfhqlmz30d51na.gx.internal.cloudapp.net, ports: [REPLICATION=40571, RATIS=34193, RATIS_ADMIN=34193, RATIS_SERVER=34193, STANDALONE=34795], networkLocation: /default-rack, certSerialId: null, persistedOpState: null, persistedOpStateExpiryEpochSec: 0}
2022-11-14 01:04:26,436 [EventQueue-NewNodeForNewNodeHandler] INFO  pipeline.BackgroundPipelineCreator (BackgroundPipelineCreator.java:notifyEventTriggered(276)) - trigger a one-shot run on RatisPipelineUtilsThread.
2022-11-14 01:04:26,443 [RatisPipelineUtilsThread - 0] INFO  pipeline.RatisPipelineProvider (RatisPipelineProvider.java:lambda$create$0(195)) - Sending CreatePipelineCommand for pipeline:PipelineID=645712d7-3d1a-4d6b-95a2-b153d5d399ff to datanode:50a771df-70d3-4c7d-9ea2-11e60400c1f5
2022-11-14 01:04:26,444 [EventQueue-NodeRegistrationContainerReportForContainerSafeModeRule] INFO  safemode.SCMSafeModeManager (SCMSafeModeManager.java:validateSafeModeExitRules(204)) - ContainerSafeModeRule rule is successfully validated
2022-11-14 01:04:26,447 [EventQueue-NodeRegistrationContainerReportForDataNodeSafeModeRule] INFO  safemode.SCMSafeModeManager (DataNodeSafeModeRule.java:process(71)) - SCM in safe mode. 1 DataNodes registered, 3 required.
2022-11-14 01:04:26,458 [EventQueue-PipelineReportForOneReplicaPipelineSafeModeRule] INFO  safemode.SCMSafeModeManager (SCMSafeModeManager.java:validateSafeModeExitRules(204)) - AtleastOneDatanodeReportedRule rule is successfully validated
2022-11-14 01:04:26,467 [RatisPipelineUtilsThread - 0] INFO  pipeline.PipelineStateManagerImpl (PipelineStateManagerImpl.java:addPipeline(103)) - Created pipeline Pipeline[ Id: 645712d7-3d1a-4d6b-95a2-b153d5d399ff, Nodes: 50a771df-70d3-4c7d-9ea2-11e60400c1f5{ip: 10.1.0.33, host: fv-az334-552.zg0gw54pbdoexfhqlmz30d51na.gx.internal.cloudapp.net, ports: [REPLICATION=40571, RATIS=34193, RATIS_ADMIN=34193, RATIS_SERVER=34193, STANDALONE=34795], networkLocation: /default-rack, certSerialId: null, persistedOpState: IN_SERVICE, persistedOpStateExpiryEpochSec: 0}, ReplicationConfig: RATIS/ONE, State:ALLOCATED, leaderId:, CreationTimestamp2022-11-14T01:04:26.442Z[Etc/UTC]].
2022-11-14 01:04:26,914 [IPC Server handler 3 on default port 34641] INFO  net.NetworkTopologyImpl (NetworkTopologyImpl.java:add(112)) - Added a new node: /default-rack/303bca5f-e220-44f8-957a-f0bd1a8a67be
2022-11-14 01:04:26,914 [IPC Server handler 3 on default port 34641] INFO  node.SCMNodeManager (SCMNodeManager.java:register(397)) - Registered Data node : 303bca5f-e220-44f8-957a-f0bd1a8a67be{ip: 10.1.0.33, host: fv-az334-552.zg0gw54pbdoexfhqlmz30d51na.gx.internal.cloudapp.net, ports: [REPLICATION=44205, RATIS=42857, RATIS_ADMIN=42857, RATIS_SERVER=42857, STANDALONE=39669], networkLocation: /default-rack, certSerialId: null, persistedOpState: null, persistedOpStateExpiryEpochSec: 0}
2022-11-14 01:04:26,915 [EventQueue-NodeRegistrationContainerReportForDataNodeSafeModeRule] INFO  safemode.SCMSafeModeManager (DataNodeSafeModeRule.java:process(71)) - SCM in safe mode. 2 DataNodes registered, 3 required.
2022-11-14 01:04:26,916 [EventQueue-NewNodeForNewNodeHandler] INFO  pipeline.BackgroundPipelineCreator (BackgroundPipelineCreator.java:notifyEventTriggered(276)) - trigger a one-shot run on RatisPipelineUtilsThread.
2022-11-14 01:04:26,917 [RatisPipelineUtilsThread - 0] INFO  pipeline.RatisPipelineProvider (RatisPipelineProvider.java:lambda$create$0(195)) - Sending CreatePipelineCommand for pipeline:PipelineID=2d12a490-5460-45f0-a3cd-2fc1fa02eab1 to datanode:303bca5f-e220-44f8-957a-f0bd1a8a67be
2022-11-14 01:04:26,918 [RatisPipelineUtilsThread - 0] INFO  pipeline.PipelineStateManagerImpl (PipelineStateManagerImpl.java:addPipeline(103)) - Created pipeline Pipeline[ Id: 2d12a490-5460-45f0-a3cd-2fc1fa02eab1, Nodes: 303bca5f-e220-44f8-957a-f0bd1a8a67be{ip: 10.1.0.33, host: fv-az334-552.zg0gw54pbdoexfhqlmz30d51na.gx.internal.cloudapp.net, ports: [REPLICATION=44205, RATIS=42857, RATIS_ADMIN=42857, RATIS_SERVER=42857, STANDALONE=39669], networkLocation: /default-rack, certSerialId: null, persistedOpState: IN_SERVICE, persistedOpStateExpiryEpochSec: 0}, ReplicationConfig: RATIS/ONE, State:ALLOCATED, leaderId:, CreationTimestamp2022-11-14T01:04:26.917Z[Etc/UTC]].
2022-11-14 01:04:27,224 [Listener at 127.0.0.1/41321] INFO  ozone.MiniOzoneClusterImpl (MiniOzoneClusterImpl.java:lambda$waitForClusterToBeReady$0(216)) - Waiting for nodes to be ready. Got 2 of 6 DN Heartbeats.
2022-11-14 01:04:27,224 [Listener at 127.0.0.1/41321] INFO  ozone.MiniOzoneClusterImpl (MiniOzoneClusterImpl.java:lambda$waitForClusterToBeReady$0(219)) - Waiting for cluster to exit safe mode
2022-11-14 01:04:27,224 [Listener at 127.0.0.1/41321] INFO  ozone.MiniOzoneClusterImpl (MiniOzoneClusterImpl.java:lambda$waitForClusterToBeReady$0(221)) - SCM became leader
2022-11-14 01:04:27,257 [IPC Server handler 1 on default port 34641] INFO  net.NetworkTopologyImpl (NetworkTopologyImpl.java:add(112)) - Added a new node: /default-rack/06e93c36-3e5f-4b60-afd6-cffad6b8ca77
2022-11-14 01:04:27,257 [IPC Server handler 1 on default port 34641] INFO  node.SCMNodeManager (SCMNodeManager.java:register(397)) - Registered Data node : 06e93c36-3e5f-4b60-afd6-cffad6b8ca77{ip: 10.1.0.33, host: fv-az334-552.zg0gw54pbdoexfhqlmz30d51na.gx.internal.cloudapp.net, ports: [REPLICATION=39787, RATIS=33135, RATIS_ADMIN=33135, RATIS_SERVER=33135, STANDALONE=37159], networkLocation: /default-rack, certSerialId: null, persistedOpState: null, persistedOpStateExpiryEpochSec: 0}
2022-11-14 01:04:27,258 [EventQueue-NewNodeForNewNodeHandler] INFO  pipeline.BackgroundPipelineCreator (BackgroundPipelineCreator.java:notifyEventTriggered(276)) - trigger a one-shot run on RatisPipelineUtilsThread.
2022-11-14 01:04:27,258 [EventQueue-NodeRegistrationContainerReportForDataNodeSafeModeRule] INFO  safemode.SCMSafeModeManager (DataNodeSafeModeRule.java:process(71)) - SCM in safe mode. 3 DataNodes registered, 3 required.
2022-11-14 01:04:27,258 [EventQueue-NodeRegistrationContainerReportForDataNodeSafeModeRule] INFO  safemode.SCMSafeModeManager (SCMSafeModeManager.java:validateSafeModeExitRules(204)) - DataNodeSafeModeRule rule is successfully validated
2022-11-14 01:04:27,258 [EventQueue-NodeRegistrationContainerReportForDataNodeSafeModeRule] INFO  safemode.SCMSafeModeManager (SCMSafeModeManager.java:completePreCheck(233)) - All SCM safe mode pre check rules have passed
2022-11-14 01:04:27,258 [EventQueue-NodeRegistrationContainerReportForDataNodeSafeModeRule] WARN  events.EventQueue (EventQueue.java:fireEvent(216)) - No event handler registered for event TypedEvent{payloadType=SafeModeStatus, name='Safe mode status'}
2022-11-14 01:04:27,258 [EventQueue-NodeRegistrationContainerReportForDataNodeSafeModeRule] INFO  ha.SCMContext (SCMContext.java:updateSafeModeStatus(228)) - Update SafeModeStatus from SafeModeStatus{safeModeStatus=true, preCheckPassed=false} to SafeModeStatus{safeModeStatus=true, preCheckPassed=true}.
2022-11-14 01:04:27,258 [EventQueue-NodeRegistrationContainerReportForDataNodeSafeModeRule] INFO  pipeline.BackgroundPipelineCreator (BackgroundPipelineCreator.java:notifyEventTriggered(276)) - trigger a one-shot run on RatisPipelineUtilsThread.
2022-11-14 01:04:27,259 [RatisPipelineUtilsThread - 0] INFO  pipeline.RatisPipelineProvider (RatisPipelineProvider.java:lambda$create$0(195)) - Sending CreatePipelineCommand for pipeline:PipelineID=caaadc1d-2f20-49b6-82d7-690b3a9b0979 to datanode:06e93c36-3e5f-4b60-afd6-cffad6b8ca77
2022-11-14 01:04:27,259 [RatisPipelineUtilsThread - 0] INFO  pipeline.PipelineStateManagerImpl (PipelineStateManagerImpl.java:addPipeline(103)) - Created pipeline Pipeline[ Id: caaadc1d-2f20-49b6-82d7-690b3a9b0979, Nodes: 06e93c36-3e5f-4b60-afd6-cffad6b8ca77{ip: 10.1.0.33, host: fv-az334-552.zg0gw54pbdoexfhqlmz30d51na.gx.internal.cloudapp.net, ports: [REPLICATION=39787, RATIS=33135, RATIS_ADMIN=33135, RATIS_SERVER=33135, STANDALONE=37159], networkLocation: /default-rack, certSerialId: null, persistedOpState: IN_SERVICE, persistedOpStateExpiryEpochSec: 0}, ReplicationConfig: RATIS/ONE, State:ALLOCATED, leaderId:, CreationTimestamp2022-11-14T01:04:27.259Z[Etc/UTC]].
2022-11-14 01:04:27,264 [RatisPipelineUtilsThread - 0] INFO  pipeline.RatisPipelineProvider (RatisPipelineProvider.java:lambda$create$0(195)) - Sending CreatePipelineCommand for pipeline:PipelineID=83a746d0-ddf1-4803-a311-42712ccb35a6 to datanode:303bca5f-e220-44f8-957a-f0bd1a8a67be
2022-11-14 01:04:27,264 [RatisPipelineUtilsThread - 0] INFO  pipeline.RatisPipelineProvider (RatisPipelineProvider.java:lambda$create$0(195)) - Sending CreatePipelineCommand for pipeline:PipelineID=83a746d0-ddf1-4803-a311-42712ccb35a6 to datanode:06e93c36-3e5f-4b60-afd6-cffad6b8ca77
2022-11-14 01:04:27,264 [RatisPipelineUtilsThread - 0] INFO  pipeline.RatisPipelineProvider (RatisPipelineProvider.java:lambda$create$0(195)) - Sending CreatePipelineCommand for pipeline:PipelineID=83a746d0-ddf1-4803-a311-42712ccb35a6 to datanode:50a771df-70d3-4c7d-9ea2-11e60400c1f5
2022-11-14 01:04:27,266 [RatisPipelineUtilsThread - 0] INFO  pipeline.PipelineStateManagerImpl (PipelineStateManagerImpl.java:addPipeline(103)) - Created pipeline Pipeline[ Id: 83a746d0-ddf1-4803-a311-42712ccb35a6, Nodes: 303bca5f-e220-44f8-957a-f0bd1a8a67be{ip: 10.1.0.33, host: fv-az334-552.zg0gw54pbdoexfhqlmz30d51na.gx.internal.cloudapp.net, ports: [REPLICATION=44205, RATIS=42857, RATIS_ADMIN=42857, RATIS_SERVER=42857, STANDALONE=39669], networkLocation: /default-rack, certSerialId: null, persistedOpState: IN_SERVICE, persistedOpStateExpiryEpochSec: 0}06e93c36-3e5f-4b60-afd6-cffad6b8ca77{ip: 10.1.0.33, host: fv-az334-552.zg0gw54pbdoexfhqlmz30d51na.gx.internal.cloudapp.net, ports: [REPLICATION=39787, RATIS=33135, RATIS_ADMIN=33135, RATIS_SERVER=33135, STANDALONE=37159], networkLocation: /default-rack, certSerialId: null, persistedOpState: IN_SERVICE, persistedOpStateExpiryEpochSec: 0}50a771df-70d3-4c7d-9ea2-11e60400c1f5{ip: 10.1.0.33, host: fv-az334-552.zg0gw54pbdoexfhqlmz30d51na.gx.internal.cloudapp.net, ports: [REPLICATION=40571, RATIS=34193, RATIS_ADMIN=34193, RATIS_SERVER=34193, STANDALONE=34795], networkLocation: /default-rack, certSerialId: null, persistedOpState: IN_SERVICE, persistedOpStateExpiryEpochSec: 0}, ReplicationConfig: RATIS/THREE, State:ALLOCATED, leaderId:, CreationTimestamp2022-11-14T01:04:27.264Z[Etc/UTC]].
2022-11-14 01:04:27,267 [RatisPipelineUtilsThread - 0] INFO  pipeline.RatisPipelineProvider (RatisPipelineProvider.java:lambda$create$0(195)) - Sending CreatePipelineCommand for pipeline:PipelineID=f816e042-922b-4701-8e5d-7477eccf7542 to datanode:303bca5f-e220-44f8-957a-f0bd1a8a67be
2022-11-14 01:04:27,267 [RatisPipelineUtilsThread - 0] INFO  pipeline.RatisPipelineProvider (RatisPipelineProvider.java:lambda$create$0(195)) - Sending CreatePipelineCommand for pipeline:PipelineID=f816e042-922b-4701-8e5d-7477eccf7542 to datanode:50a771df-70d3-4c7d-9ea2-11e60400c1f5
2022-11-14 01:04:27,267 [RatisPipelineUtilsThread - 0] INFO  pipeline.RatisPipelineProvider (RatisPipelineProvider.java:lambda$create$0(195)) - Sending CreatePipelineCommand for pipeline:PipelineID=f816e042-922b-4701-8e5d-7477eccf7542 to datanode:06e93c36-3e5f-4b60-afd6-cffad6b8ca77
2022-11-14 01:04:27,268 [RatisPipelineUtilsThread - 0] INFO  pipeline.PipelineStateManagerImpl (PipelineStateManagerImpl.java:addPipeline(103)) - Created pipeline Pipeline[ Id: f816e042-922b-4701-8e5d-7477eccf7542, Nodes: 303bca5f-e220-44f8-957a-f0bd1a8a67be{ip: 10.1.0.33, host: fv-az334-552.zg0gw54pbdoexfhqlmz30d51na.gx.internal.cloudapp.net, ports: [REPLICATION=44205, RATIS=42857, RATIS_ADMIN=42857, RATIS_SERVER=42857, STANDALONE=39669], networkLocation: /default-rack, certSerialId: null, persistedOpState: IN_SERVICE, persistedOpStateExpiryEpochSec: 0}50a771df-70d3-4c7d-9ea2-11e60400c1f5{ip: 10.1.0.33, host: fv-az334-552.zg0gw54pbdoexfhqlmz30d51na.gx.internal.cloudapp.net, ports: [REPLICATION=40571, RATIS=34193, RATIS_ADMIN=34193, RATIS_SERVER=34193, STANDALONE=34795], networkLocation: /default-rack, certSerialId: null, persistedOpState: IN_SERVICE, persistedOpStateExpiryEpochSec: 0}06e93c36-3e5f-4b60-afd6-cffad6b8ca77{ip: 10.1.0.33, host: fv-az334-552.zg0gw54pbdoexfhqlmz30d51na.gx.internal.cloudapp.net, ports: [REPLICATION=39787, RATIS=33135, RATIS_ADMIN=33135, RATIS_SERVER=33135, STANDALONE=37159], networkLocation: /default-rack, certSerialId: null, persistedOpState: IN_SERVICE, persistedOpStateExpiryEpochSec: 0}, ReplicationConfig: RATIS/THREE, State:ALLOCATED, leaderId:, CreationTimestamp2022-11-14T01:04:27.267Z[Etc/UTC]].
2022-11-14 01:04:27,268 [RatisPipelineUtilsThread - 0] INFO  pipeline.PipelineManagerImpl (PipelineManagerImpl.java:recordMetricsForPipeline(826)) - Pipeline: PipelineID=f816e042-922b-4701-8e5d-7477eccf7542 contains same datanodes as previous pipelines: PipelineID=83a746d0-ddf1-4803-a311-42712ccb35a6 nodeIds: 303bca5f-e220-44f8-957a-f0bd1a8a67be, 50a771df-70d3-4c7d-9ea2-11e60400c1f5, 06e93c36-3e5f-4b60-afd6-cffad6b8ca77
2022-11-14 01:04:27,571 [IPC Server handler 2 on default port 34641] INFO  net.NetworkTopologyImpl (NetworkTopologyImpl.java:add(112)) - Added a new node: /default-rack/01c63b18-c7c8-42e3-9de4-2761bbcfbea5
2022-11-14 01:04:27,572 [IPC Server handler 2 on default port 34641] INFO  node.SCMNodeManager (SCMNodeManager.java:register(397)) - Registered Data node : 01c63b18-c7c8-42e3-9de4-2761bbcfbea5{ip: 10.1.0.33, host: fv-az334-552.zg0gw54pbdoexfhqlmz30d51na.gx.internal.cloudapp.net, ports: [REPLICATION=40061, RATIS=33639, RATIS_ADMIN=33639, RATIS_SERVER=33639, STANDALONE=44053], networkLocation: /default-rack, certSerialId: null, persistedOpState: null, persistedOpStateExpiryEpochSec: 0}
2022-11-14 01:04:27,572 [EventQueue-NewNodeForNewNodeHandler] INFO  pipeline.BackgroundPipelineCreator (BackgroundPipelineCreator.java:notifyEventTriggered(276)) - trigger a one-shot run on RatisPipelineUtilsThread.
2022-11-14 01:04:27,573 [RatisPipelineUtilsThread - 0] INFO  pipeline.RatisPipelineProvider (RatisPipelineProvider.java:lambda$create$0(195)) - Sending CreatePipelineCommand for pipeline:PipelineID=2b33d47f-9a7a-457d-a89d-41c06d6b7902 to datanode:01c63b18-c7c8-42e3-9de4-2761bbcfbea5
2022-11-14 01:04:27,574 [RatisPipelineUtilsThread - 0] INFO  pipeline.PipelineStateManagerImpl (PipelineStateManagerImpl.java:addPipeline(103)) - Created pipeline Pipeline[ Id: 2b33d47f-9a7a-457d-a89d-41c06d6b7902, Nodes: 01c63b18-c7c8-42e3-9de4-2761bbcfbea5{ip: 10.1.0.33, host: fv-az334-552.zg0gw54pbdoexfhqlmz30d51na.gx.internal.cloudapp.net, ports: [REPLICATION=40061, RATIS=33639, RATIS_ADMIN=33639, RATIS_SERVER=33639, STANDALONE=44053], networkLocation: /default-rack, certSerialId: null, persistedOpState: IN_SERVICE, persistedOpStateExpiryEpochSec: 0}, ReplicationConfig: RATIS/ONE, State:ALLOCATED, leaderId:, CreationTimestamp2022-11-14T01:04:27.573Z[Etc/UTC]].
2022-11-14 01:04:27,900 [IPC Server handler 3 on default port 34641] INFO  net.NetworkTopologyImpl (NetworkTopologyImpl.java:add(112)) - Added a new node: /default-rack/c2596226-15ac-44d2-9de4-d3f1d5072550
2022-11-14 01:04:27,900 [IPC Server handler 3 on default port 34641] INFO  node.SCMNodeManager (SCMNodeManager.java:register(397)) - Registered Data node : c2596226-15ac-44d2-9de4-d3f1d5072550{ip: 10.1.0.33, host: fv-az334-552.zg0gw54pbdoexfhqlmz30d51na.gx.internal.cloudapp.net, ports: [REPLICATION=42689, RATIS=46627, RATIS_ADMIN=46627, RATIS_SERVER=46627, STANDALONE=38145], networkLocation: /default-rack, certSerialId: null, persistedOpState: null, persistedOpStateExpiryEpochSec: 0}
2022-11-14 01:04:27,901 [EventQueue-NewNodeForNewNodeHandler] INFO  pipeline.BackgroundPipelineCreator (BackgroundPipelineCreator.java:notifyEventTriggered(276)) - trigger a one-shot run on RatisPipelineUtilsThread.
2022-11-14 01:04:27,904 [RatisPipelineUtilsThread - 0] INFO  pipeline.RatisPipelineProvider (RatisPipelineProvider.java:lambda$create$0(195)) - Sending CreatePipelineCommand for pipeline:PipelineID=48df779f-78dd-4691-900a-d80396118d53 to datanode:c2596226-15ac-44d2-9de4-d3f1d5072550
2022-11-14 01:04:27,912 [RatisPipelineUtilsThread - 0] INFO  pipeline.PipelineStateManagerImpl (PipelineStateManagerImpl.java:addPipeline(103)) - Created pipeline Pipeline[ Id: 48df779f-78dd-4691-900a-d80396118d53, Nodes: c2596226-15ac-44d2-9de4-d3f1d5072550{ip: 10.1.0.33, host: fv-az334-552.zg0gw54pbdoexfhqlmz30d51na.gx.internal.cloudapp.net, ports: [REPLICATION=42689, RATIS=46627, RATIS_ADMIN=46627, RATIS_SERVER=46627, STANDALONE=38145], networkLocation: /default-rack, certSerialId: null, persistedOpState: IN_SERVICE, persistedOpStateExpiryEpochSec: 0}, ReplicationConfig: RATIS/ONE, State:ALLOCATED, leaderId:, CreationTimestamp2022-11-14T01:04:27.904Z[Etc/UTC]].
2022-11-14 01:04:28,224 [Listener at 127.0.0.1/41321] INFO  ozone.MiniOzoneClusterImpl (MiniOzoneClusterImpl.java:lambda$waitForClusterToBeReady$0(216)) - Waiting for nodes to be ready. Got 5 of 6 DN Heartbeats.
2022-11-14 01:04:28,225 [Listener at 127.0.0.1/41321] INFO  ozone.MiniOzoneClusterImpl (MiniOzoneClusterImpl.java:lambda$waitForClusterToBeReady$0(219)) - Waiting for cluster to exit safe mode
2022-11-14 01:04:28,225 [Listener at 127.0.0.1/41321] INFO  ozone.MiniOzoneClusterImpl (MiniOzoneClusterImpl.java:lambda$waitForClusterToBeReady$0(221)) - SCM became leader
2022-11-14 01:04:28,234 [IPC Server handler 0 on default port 34641] INFO  net.NetworkTopologyImpl (NetworkTopologyImpl.java:add(112)) - Added a new node: /default-rack/c06e290d-eac5-4346-afba-5a90a2b31fb3
2022-11-14 01:04:28,235 [IPC Server handler 0 on default port 34641] INFO  node.SCMNodeManager (SCMNodeManager.java:register(397)) - Registered Data node : c06e290d-eac5-4346-afba-5a90a2b31fb3{ip: 10.1.0.33, host: fv-az334-552.zg0gw54pbdoexfhqlmz30d51na.gx.internal.cloudapp.net, ports: [REPLICATION=33187, RATIS=37459, RATIS_ADMIN=37459, RATIS_SERVER=37459, STANDALONE=44649], networkLocation: /default-rack, certSerialId: null, persistedOpState: null, persistedOpStateExpiryEpochSec: 0}
2022-11-14 01:04:28,235 [EventQueue-NewNodeForNewNodeHandler] INFO  pipeline.BackgroundPipelineCreator (BackgroundPipelineCreator.java:notifyEventTriggered(276)) - trigger a one-shot run on RatisPipelineUtilsThread.
2022-11-14 01:04:28,236 [RatisPipelineUtilsThread - 0] INFO  pipeline.RatisPipelineProvider (RatisPipelineProvider.java:lambda$create$0(195)) - Sending CreatePipelineCommand for pipeline:PipelineID=ba6d667c-df07-46fa-b86f-fdca75702721 to datanode:c06e290d-eac5-4346-afba-5a90a2b31fb3
2022-11-14 01:04:28,237 [RatisPipelineUtilsThread - 0] INFO  pipeline.PipelineStateManagerImpl (PipelineStateManagerImpl.java:addPipeline(103)) - Created pipeline Pipeline[ Id: ba6d667c-df07-46fa-b86f-fdca75702721, Nodes: c06e290d-eac5-4346-afba-5a90a2b31fb3{ip: 10.1.0.33, host: fv-az334-552.zg0gw54pbdoexfhqlmz30d51na.gx.internal.cloudapp.net, ports: [REPLICATION=33187, RATIS=37459, RATIS_ADMIN=37459, RATIS_SERVER=37459, STANDALONE=44649], networkLocation: /default-rack, certSerialId: null, persistedOpState: IN_SERVICE, persistedOpStateExpiryEpochSec: 0}, ReplicationConfig: RATIS/ONE, State:ALLOCATED, leaderId:, CreationTimestamp2022-11-14T01:04:28.236Z[Etc/UTC]].
2022-11-14 01:04:28,238 [RatisPipelineUtilsThread - 0] INFO  pipeline.RatisPipelineProvider (RatisPipelineProvider.java:lambda$create$0(195)) - Sending CreatePipelineCommand for pipeline:PipelineID=83918ab4-f4e2-4629-b07a-9d779dee9177 to datanode:01c63b18-c7c8-42e3-9de4-2761bbcfbea5
2022-11-14 01:04:28,238 [RatisPipelineUtilsThread - 0] INFO  pipeline.RatisPipelineProvider (RatisPipelineProvider.java:lambda$create$0(195)) - Sending CreatePipelineCommand for pipeline:PipelineID=83918ab4-f4e2-4629-b07a-9d779dee9177 to datanode:c2596226-15ac-44d2-9de4-d3f1d5072550
2022-11-14 01:04:28,238 [RatisPipelineUtilsThread - 0] INFO  pipeline.RatisPipelineProvider (RatisPipelineProvider.java:lambda$create$0(195)) - Sending CreatePipelineCommand for pipeline:PipelineID=83918ab4-f4e2-4629-b07a-9d779dee9177 to datanode:c06e290d-eac5-4346-afba-5a90a2b31fb3
2022-11-14 01:04:28,239 [RatisPipelineUtilsThread - 0] INFO  pipeline.PipelineStateManagerImpl (PipelineStateManagerImpl.java:addPipeline(103)) - Created pipeline Pipeline[ Id: 83918ab4-f4e2-4629-b07a-9d779dee9177, Nodes: 01c63b18-c7c8-42e3-9de4-2761bbcfbea5{ip: 10.1.0.33, host: fv-az334-552.zg0gw54pbdoexfhqlmz30d51na.gx.internal.cloudapp.net, ports: [REPLICATION=40061, RATIS=33639, RATIS_ADMIN=33639, RATIS_SERVER=33639, STANDALONE=44053], networkLocation: /default-rack, certSerialId: null, persistedOpState: IN_SERVICE, persistedOpStateExpiryEpochSec: 0}c2596226-15ac-44d2-9de4-d3f1d5072550{ip: 10.1.0.33, host: fv-az334-552.zg0gw54pbdoexfhqlmz30d51na.gx.internal.cloudapp.net, ports: [REPLICATION=42689, RATIS=46627, RATIS_ADMIN=46627, RATIS_SERVER=46627, STANDALONE=38145], networkLocation: /default-rack, certSerialId: null, persistedOpState: IN_SERVICE, persistedOpStateExpiryEpochSec: 0}c06e290d-eac5-4346-afba-5a90a2b31fb3{ip: 10.1.0.33, host: fv-az334-552.zg0gw54pbdoexfhqlmz30d51na.gx.internal.cloudapp.net, ports: [REPLICATION=33187, RATIS=37459, RATIS_ADMIN=37459, RATIS_SERVER=37459, STANDALONE=44649], networkLocation: /default-rack, certSerialId: null, persistedOpState: IN_SERVICE, persistedOpStateExpiryEpochSec: 0}, ReplicationConfig: RATIS/THREE, State:ALLOCATED, leaderId:, CreationTimestamp2022-11-14T01:04:28.238Z[Etc/UTC]].
2022-11-14 01:04:28,240 [RatisPipelineUtilsThread - 0] INFO  pipeline.RatisPipelineProvider (RatisPipelineProvider.java:lambda$create$0(195)) - Sending CreatePipelineCommand for pipeline:PipelineID=304c8b35-6448-4424-a48e-13f27f54f9de to datanode:c2596226-15ac-44d2-9de4-d3f1d5072550
2022-11-14 01:04:28,240 [RatisPipelineUtilsThread - 0] INFO  pipeline.RatisPipelineProvider (RatisPipelineProvider.java:lambda$create$0(195)) - Sending CreatePipelineCommand for pipeline:PipelineID=304c8b35-6448-4424-a48e-13f27f54f9de to datanode:01c63b18-c7c8-42e3-9de4-2761bbcfbea5
2022-11-14 01:04:28,240 [RatisPipelineUtilsThread - 0] INFO  pipeline.RatisPipelineProvider (RatisPipelineProvider.java:lambda$create$0(195)) - Sending CreatePipelineCommand for pipeline:PipelineID=304c8b35-6448-4424-a48e-13f27f54f9de to datanode:c06e290d-eac5-4346-afba-5a90a2b31fb3
2022-11-14 01:04:28,241 [RatisPipelineUtilsThread - 0] INFO  pipeline.PipelineStateManagerImpl (PipelineStateManagerImpl.java:addPipeline(103)) - Created pipeline Pipeline[ Id: 304c8b35-6448-4424-a48e-13f27f54f9de, Nodes: c2596226-15ac-44d2-9de4-d3f1d5072550{ip: 10.1.0.33, host: fv-az334-552.zg0gw54pbdoexfhqlmz30d51na.gx.internal.cloudapp.net, ports: [REPLICATION=42689, RATIS=46627, RATIS_ADMIN=46627, RATIS_SERVER=46627, STANDALONE=38145], networkLocation: /default-rack, certSerialId: null, persistedOpState: IN_SERVICE, persistedOpStateExpiryEpochSec: 0}01c63b18-c7c8-42e3-9de4-2761bbcfbea5{ip: 10.1.0.33, host: fv-az334-552.zg0gw54pbdoexfhqlmz30d51na.gx.internal.cloudapp.net, ports: [REPLICATION=40061, RATIS=33639, RATIS_ADMIN=33639, RATIS_SERVER=33639, STANDALONE=44053], networkLocation: /default-rack, certSerialId: null, persistedOpState: IN_SERVICE, persistedOpStateExpiryEpochSec: 0}c06e290d-eac5-4346-afba-5a90a2b31fb3{ip: 10.1.0.33, host: fv-az334-552.zg0gw54pbdoexfhqlmz30d51na.gx.internal.cloudapp.net, ports: [REPLICATION=33187, RATIS=37459, RATIS_ADMIN=37459, RATIS_SERVER=37459, STANDALONE=44649], networkLocation: /default-rack, certSerialId: null, persistedOpState: IN_SERVICE, persistedOpStateExpiryEpochSec: 0}, ReplicationConfig: RATIS/THREE, State:ALLOCATED, leaderId:, CreationTimestamp2022-11-14T01:04:28.240Z[Etc/UTC]].
2022-11-14 01:04:28,241 [RatisPipelineUtilsThread - 0] INFO  pipeline.PipelineManagerImpl (PipelineManagerImpl.java:recordMetricsForPipeline(826)) - Pipeline: PipelineID=304c8b35-6448-4424-a48e-13f27f54f9de contains same datanodes as previous pipelines: PipelineID=83918ab4-f4e2-4629-b07a-9d779dee9177 nodeIds: c2596226-15ac-44d2-9de4-d3f1d5072550, 01c63b18-c7c8-42e3-9de4-2761bbcfbea5, c06e290d-eac5-4346-afba-5a90a2b31fb3
2022-11-14 01:04:29,225 [Listener at 127.0.0.1/41321] INFO  ozone.MiniOzoneClusterImpl (MiniOzoneClusterImpl.java:lambda$waitForClusterToBeReady$0(216)) - Nodes are ready. Got 6 of 6 DN Heartbeats.
2022-11-14 01:04:29,226 [Listener at 127.0.0.1/41321] INFO  ozone.MiniOzoneClusterImpl (MiniOzoneClusterImpl.java:lambda$waitForClusterToBeReady$0(219)) - Waiting for cluster to exit safe mode
2022-11-14 01:04:29,226 [Listener at 127.0.0.1/41321] INFO  ozone.MiniOzoneClusterImpl (MiniOzoneClusterImpl.java:lambda$waitForClusterToBeReady$0(221)) - SCM became leader
2022-11-14 01:04:29,439 [Command processor thread] INFO  server.RaftServer (RaftServerProxy.java:addNew(96)) - 50a771df-70d3-4c7d-9ea2-11e60400c1f5: addNew group-B153D5D399FF:[50a771df-70d3-4c7d-9ea2-11e60400c1f5|rpc:10.1.0.33:34193|priority:1|startupRole:FOLLOWER] returns group-B153D5D399FF:java.util.concurrent.CompletableFuture@2ad1128a[Not completed]
2022-11-14 01:04:29,453 [pool-72-thread-1] INFO  server.RaftServer$Division (RaftServerImpl.java:<init>(195)) - 50a771df-70d3-4c7d-9ea2-11e60400c1f5: new RaftServerImpl for group-B153D5D399FF:[50a771df-70d3-4c7d-9ea2-11e60400c1f5|rpc:10.1.0.33:34193|priority:1|startupRole:FOLLOWER] with ContainerStateMachine:uninitialized
2022-11-14 01:04:29,453 [pool-72-thread-1] INFO  server.RaftServerConfigKeys (ConfUtils.java:logGet(46)) - raft.server.rpc.timeout.min = 5s (custom)
2022-11-14 01:04:29,454 [pool-72-thread-1] INFO  server.RaftServerConfigKeys (ConfUtils.java:logGet(46)) - raft.server.rpc.timeout.max = 5200ms (custom)
2022-11-14 01:04:29,454 [pool-72-thread-1] INFO  server.RaftServerConfigKeys (ConfUtils.java:logGet(46)) - raft.server.rpc.sleep.time = 25ms (default)
2022-11-14 01:04:29,454 [pool-72-thread-1] INFO  server.RaftServerConfigKeys (ConfUtils.java:logGet(46)) - raft.server.rpc.slowness.timeout = 300s (custom)
2022-11-14 01:04:29,454 [pool-72-thread-1] INFO  server.RaftServerConfigKeys (ConfUtils.java:logGet(46)) - raft.server.leaderelection.leader.step-down.wait-time = 10s (default)
2022-11-14 01:04:29,454 [pool-72-thread-1] INFO  server.RaftServerConfigKeys (ConfUtils.java:logGet(46)) - raft.server.sleep.deviation.threshold = 300ms (default)
2022-11-14 01:04:29,454 [pool-72-thread-1] INFO  server.RaftServer$Division (ServerState.java:<init>(118)) - 50a771df-70d3-4c7d-9ea2-11e60400c1f5@group-B153D5D399FF: ConfigurationManager, init=-1: peers:[50a771df-70d3-4c7d-9ea2-11e60400c1f5|rpc:10.1.0.33:34193|priority:1|startupRole:FOLLOWER]|listeners:[], old=null, confs=<EMPTY_MAP>
2022-11-14 01:04:29,454 [pool-72-thread-1] INFO  server.RaftServerConfigKeys (ConfUtils.java:logGet(46)) - raft.server.storage.dir = [/home/runner/work/ozone/ozone/hadoop-ozone/integration-test/target/test-dir/MiniOzoneClusterImpl-733ab8e8-73b4-47ae-b22b-a548a4863177/datanode-0/data/ratis] (custom)
2022-11-14 01:04:29,454 [pool-72-thread-1] INFO  server.RaftServerConfigKeys (ConfUtils.java:logGet(46)) - raft.server.log.corruption.policy = EXCEPTION (default)
2022-11-14 01:04:29,454 [pool-72-thread-1] INFO  server.RaftServerConfigKeys (ConfUtils.java:logGet(46)) - raft.server.storage.free-space.min = 0MB (=0) (default)
2022-11-14 01:04:29,454 [pool-72-thread-1] INFO  server.RaftServerConfigKeys (ConfUtils.java:logGet(46)) - raft.server.notification.no-leader.timeout = 300s (custom)
2022-11-14 01:04:29,454 [pool-72-thread-1] INFO  server.RaftServerConfigKeys (ConfUtils.java:logGet(46)) - raft.server.retrycache.expirytime = 600000ms (custom)
2022-11-14 01:04:29,454 [pool-72-thread-1] INFO  server.RaftServerConfigKeys (ConfUtils.java:logGet(46)) - raft.server.retrycache.statistics.expirytime = 100μs (default)
2022-11-14 01:04:29,456 [pool-72-thread-1] INFO  server.RaftServerConfigKeys (ConfUtils.java:logGet(46)) - raft.server.log.appender.install.snapshot.enabled = false (custom)
2022-11-14 01:04:29,457 [pool-72-thread-1] INFO  server.RaftServerConfigKeys (ConfUtils.java:logGet(46)) - raft.server.threadpool.server.cached = true (default)
2022-11-14 01:04:29,457 [pool-72-thread-1] INFO  server.RaftServerConfigKeys (ConfUtils.java:logGet(46)) - raft.server.threadpool.server.size = 0 (default)
2022-11-14 01:04:29,457 [pool-72-thread-1] INFO  server.RaftServerConfigKeys (ConfUtils.java:logGet(46)) - raft.server.threadpool.client.cached = true (default)
2022-11-14 01:04:29,457 [pool-72-thread-1] INFO  server.RaftServerConfigKeys (ConfUtils.java:logGet(46)) - raft.server.threadpool.client.size = 0 (default)
2022-11-14 01:04:29,457 [pool-72-thread-1] INFO  storage.RaftStorageDirectory (RaftStorageDirectoryImpl.java:analyzeStorage(137)) - The storage directory /home/runner/work/ozone/ozone/hadoop-ozone/integration-test/target/test-dir/MiniOzoneClusterImpl-733ab8e8-73b4-47ae-b22b-a548a4863177/datanode-0/data/ratis/645712d7-3d1a-4d6b-95a2-b153d5d399ff does not exist. Creating ...
2022-11-14 01:04:29,465 [pool-72-thread-1] INFO  storage.RaftStorageDirectory (RaftStorageDirectoryImpl.java:tryLock(231)) - Lock on /home/runner/work/ozone/ozone/hadoop-ozone/integration-test/target/test-dir/MiniOzoneClusterImpl-733ab8e8-73b4-47ae-b22b-a548a4863177/datanode-0/data/ratis/645712d7-3d1a-4d6b-95a2-b153d5d399ff/in_use.lock acquired by nodename 11961@fv-az334-552
2022-11-14 01:04:29,466 [pool-72-thread-1] INFO  storage.RaftStorage (RaftStorageImpl.java:format(96)) - Storage directory /home/runner/work/ozone/ozone/hadoop-ozone/integration-test/target/test-dir/MiniOzoneClusterImpl-733ab8e8-73b4-47ae-b22b-a548a4863177/datanode-0/data/ratis/645712d7-3d1a-4d6b-95a2-b153d5d399ff has been successfully formatted.
2022-11-14 01:04:29,472 [pool-72-thread-1] INFO  ratis.ContainerStateMachine (ContainerStateMachine.java:loadSnapshot(236)) - group-B153D5D399FF: The snapshot info is null. Setting the last applied indexto:(t:0, i:~)
2022-11-14 01:04:29,472 [pool-72-thread-1] INFO  server.RaftServerConfigKeys (ConfUtils.java:logGet(46)) - raft.server.log.use.memory = false (default)
2022-11-14 01:04:29,472 [pool-72-thread-1] INFO  server.RaftServerConfigKeys (ConfUtils.java:logGet(46)) - raft.server.log.purge.gap = 1000000 (custom)
2022-11-14 01:04:29,472 [pool-72-thread-1] INFO  server.RaftServerConfigKeys (ConfUtils.java:logGet(46)) - raft.server.log.appender.buffer.byte-limit = 33554432 (custom)
2022-11-14 01:04:29,472 [pool-72-thread-1] INFO  server.RaftServerConfigKeys (ConfUtils.java:logGet(46)) - raft.server.log.statemachine.data.read.timeout = 1000ms (default)
2022-11-14 01:04:29,473 [pool-72-thread-1] INFO  server.RaftServerConfigKeys (ConfUtils.java:logGet(46)) - raft.server.log.purge.preservation.log.num = 0 (default)
2022-11-14 01:04:29,474 [pool-72-thread-1] INFO  server.RaftServerConfigKeys (ConfUtils.java:logGet(46)) - raft.server.log.segment.size.max = 1048576 (custom)
2022-11-14 01:04:29,478 [pool-72-thread-1] INFO  server.RaftServerConfigKeys (ConfUtils.java:logGet(46)) - raft.server.log.segment.cache.num.max = 2 (custom)
2022-11-14 01:04:29,478 [pool-72-thread-1] INFO  server.RaftServerConfigKeys (ConfUtils.java:logGet(46)) - raft.server.log.segment.cache.size.max = 200MB (=209715200) (default)
2022-11-14 01:04:29,478 [pool-72-thread-1] INFO  segmented.SegmentedRaftLogWorker (SegmentedRaftLogWorker.java:<init>(191)) - new 50a771df-70d3-4c7d-9ea2-11e60400c1f5@group-B153D5D399FF-SegmentedRaftLogWorker for RaftStorageImpl:Storage Directory /home/runner/work/ozone/ozone/hadoop-ozone/integration-test/target/test-dir/MiniOzoneClusterImpl-733ab8e8-73b4-47ae-b22b-a548a4863177/datanode-0/data/ratis/645712d7-3d1a-4d6b-95a2-b153d5d399ff
2022-11-14 01:04:29,478 [pool-72-thread-1] INFO  server.RaftServerConfigKeys (ConfUtils.java:logGet(46)) - raft.server.log.queue.byte-limit = 4294967296 (custom)
2022-11-14 01:04:29,478 [pool-72-thread-1] INFO  server.RaftServerConfigKeys (ConfUtils.java:logGet(46)) - raft.server.log.queue.element-limit = 1024 (custom)
2022-11-14 01:04:29,478 [pool-72-thread-1] INFO  server.RaftServerConfigKeys (ConfUtils.java:logGet(46)) - raft.server.log.segment.size.max = 1048576 (custom)
2022-11-14 01:04:29,478 [pool-72-thread-1] INFO  server.RaftServerConfigKeys (ConfUtils.java:logGet(46)) - raft.server.log.preallocated.size = 16384 (custom)
2022-11-14 01:04:29,478 [pool-72-thread-1] INFO  server.RaftServerConfigKeys (ConfUtils.java:logGet(46)) - raft.server.log.force.sync.num = 128 (default)
2022-11-14 01:04:29,478 [pool-72-thread-1] INFO  server.RaftServerConfigKeys (ConfUtils.java:logGet(46)) - raft.server.log.statemachine.data.sync = true (default)
2022-11-14 01:04:29,478 [pool-72-thread-1] INFO  server.RaftServerConfigKeys (ConfUtils.java:logGet(46)) - raft.server.log.statemachine.data.sync.timeout = 10s (default)
2022-11-14 01:04:29,478 [pool-72-thread-1] INFO  server.RaftServerConfigKeys (ConfUtils.java:logGet(46)) - raft.server.log.statemachine.data.sync.timeout.retry = -1 (default)
2022-11-14 01:04:29,481 [pool-72-thread-1] INFO  server.RaftServerConfigKeys (ConfUtils.java:logGet(46)) - raft.server.log.write.buffer.size = 1048576 (custom)
2022-11-14 01:04:29,481 [pool-72-thread-1] INFO  server.RaftServerConfigKeys (ConfUtils.java:logGet(46)) - raft.server.log.unsafe-flush.enabled = false (default)
2022-11-14 01:04:29,481 [pool-72-thread-1] INFO  server.RaftServerConfigKeys (ConfUtils.java:logGet(46)) - raft.server.log.async-flush.enabled = false (default)
2022-11-14 01:04:29,481 [pool-72-thread-1] INFO  server.RaftServerConfigKeys (ConfUtils.java:logGet(46)) - raft.server.log.statemachine.data.caching.enabled = true (custom)
2022-11-14 01:04:29,482 [pool-72-thread-1] INFO  segmented.SegmentedRaftLogWorker (SegmentedRaftLogWorker.java:lambda$new$0(136)) - 50a771df-70d3-4c7d-9ea2-11e60400c1f5@group-B153D5D399FF-SegmentedRaftLogWorker: flushIndex: setUnconditionally 0 -> -1
2022-11-14 01:04:29,482 [pool-72-thread-1] INFO  segmented.SegmentedRaftLogWorker (SegmentedRaftLogWorker.java:lambda$new$0(136)) - 50a771df-70d3-4c7d-9ea2-11e60400c1f5@group-B153D5D399FF-SegmentedRaftLogWorker: safeCacheEvictIndex: setUnconditionally 0 -> -1
2022-11-14 01:04:29,482 [pool-72-thread-1] INFO  server.RaftServer$Division (RaftServerImpl.java:start(334)) - 50a771df-70d3-4c7d-9ea2-11e60400c1f5@group-B153D5D399FF: start as a follower, conf=-1: peers:[50a771df-70d3-4c7d-9ea2-11e60400c1f5|rpc:10.1.0.33:34193|priority:1|startupRole:FOLLOWER]|listeners:[], old=null
2022-11-14 01:04:29,482 [pool-72-thread-1] INFO  server.RaftServer$Division (RaftServerImpl.java:setRole(321)) - 50a771df-70d3-4c7d-9ea2-11e60400c1f5@group-B153D5D399FF: changes role from      null to FOLLOWER at term 0 for startAsFollower
2022-11-14 01:04:29,482 [pool-72-thread-1] INFO  impl.RoleInfo (RoleInfo.java:updateAndGet(139)) - 50a771df-70d3-4c7d-9ea2-11e60400c1f5: start 50a771df-70d3-4c7d-9ea2-11e60400c1f5@group-B153D5D399FF-FollowerState
2022-11-14 01:04:29,488 [50a771df-70d3-4c7d-9ea2-11e60400c1f5@group-B153D5D399FF-FollowerState] INFO  server.RaftServerConfigKeys (ConfUtils.java:logFallback(53)) - raft.server.rpc.first-election.timeout.min = 5s (fallback to raft.server.rpc.timeout.min)
2022-11-14 01:04:29,488 [50a771df-70d3-4c7d-9ea2-11e60400c1f5@group-B153D5D399FF-FollowerState] INFO  server.RaftServerConfigKeys (ConfUtils.java:logFallback(53)) - raft.server.rpc.first-election.timeout.max = 5200ms (fallback to raft.server.rpc.timeout.max)
2022-11-14 01:04:29,488 [pool-72-thread-1] INFO  util.JmxRegister (JmxRegister.java:tryRegister(44)) - Successfully registered JMX Bean with object name Ratis:service=RaftServer,group=group-B153D5D399FF,id=50a771df-70d3-4c7d-9ea2-11e60400c1f5
2022-11-14 01:04:29,490 [pool-72-thread-1] INFO  server.RaftServerConfigKeys (ConfUtils.java:logGet(46)) - raft.server.snapshot.auto.trigger.enabled = true (custom)
2022-11-14 01:04:29,491 [pool-72-thread-1] INFO  server.RaftServerConfigKeys (ConfUtils.java:logGet(46)) - raft.server.snapshot.auto.trigger.threshold = 10000 (custom)
2022-11-14 01:04:29,491 [pool-72-thread-1] INFO  server.RaftServerConfigKeys (ConfUtils.java:logGet(46)) - raft.server.snapshot.retention.file.num = 5 (custom)
2022-11-14 01:04:29,491 [pool-72-thread-1] INFO  server.RaftServerConfigKeys (ConfUtils.java:logGet(46)) - raft.server.log.purge.upto.snapshot.index = false (default)
2022-11-14 01:04:29,498 [Command processor thread] INFO  ratis.XceiverServerRatis (XceiverServerRatis.java:addGroup(765)) - Created group PipelineID=645712d7-3d1a-4d6b-95a2-b153d5d399ff
2022-11-14 01:04:29,499 [Command processor thread] INFO  commandhandler.CreatePipelineCommandHandler (CreatePipelineCommandHandler.java:handle(113)) - Created Pipeline RATIS ONE PipelineID=645712d7-3d1a-4d6b-95a2-b153d5d399ff.
2022-11-14 01:04:29,499 [Command processor thread] INFO  server.RaftServer (RaftServerProxy.java:addNew(96)) - 50a771df-70d3-4c7d-9ea2-11e60400c1f5: addNew group-42712CCB35A6:[06e93c36-3e5f-4b60-afd6-cffad6b8ca77|rpc:10.1.0.33:33135|priority:1|startupRole:FOLLOWER, 303bca5f-e220-44f8-957a-f0bd1a8a67be|rpc:10.1.0.33:42857|priority:0|startupRole:FOLLOWER, 50a771df-70d3-4c7d-9ea2-11e60400c1f5|rpc:10.1.0.33:34193|priority:0|startupRole:FOLLOWER] returns group-42712CCB35A6:java.util.concurrent.CompletableFuture@5519bc72[Not completed]
2022-11-14 01:04:29,501 [pool-72-thread-1] INFO  server.RaftServer$Division (RaftServerImpl.java:<init>(195)) - 50a771df-70d3-4c7d-9ea2-11e60400c1f5: new RaftServerImpl for group-42712CCB35A6:[06e93c36-3e5f-4b60-afd6-cffad6b8ca77|rpc:10.1.0.33:33135|priority:1|startupRole:FOLLOWER, 303bca5f-e220-44f8-957a-f0bd1a8a67be|rpc:10.1.0.33:42857|priority:0|startupRole:FOLLOWER, 50a771df-70d3-4c7d-9ea2-11e60400c1f5|rpc:10.1.0.33:34193|priority:0|startupRole:FOLLOWER] with ContainerStateMachine:uninitialized
2022-11-14 01:04:29,501 [pool-72-thread-1] INFO  server.RaftServerConfigKeys (ConfUtils.java:logGet(46)) - raft.server.rpc.timeout.min = 5s (custom)
2022-11-14 01:04:29,501 [pool-72-thread-1] INFO  server.RaftServerConfigKeys (ConfUtils.java:logGet(46)) - raft.server.rpc.timeout.max = 5200ms (custom)
2022-11-14 01:04:29,501 [pool-72-thread-1] INFO  server.RaftServerConfigKeys (ConfUtils.java:logGet(46)) - raft.server.rpc.sleep.time = 25ms (default)
2022-11-14 01:04:29,501 [pool-72-thread-1] INFO  server.RaftServerConfigKeys (ConfUtils.java:logGet(46)) - raft.server.rpc.slowness.timeout = 300s (custom)
2022-11-14 01:04:29,501 [pool-72-thread-1] INFO  server.RaftServerConfigKeys (ConfUtils.java:logGet(46)) - raft.server.leaderelection.leader.step-down.wait-time = 10s (default)
2022-11-14 01:04:29,501 [pool-72-thread-1] INFO  server.RaftServerConfigKeys (ConfUtils.java:logGet(46)) - raft.server.sleep.deviation.threshold = 300ms (default)
2022-11-14 01:04:29,501 [pool-72-thread-1] INFO  server.RaftServer$Division (ServerState.java:<init>(118)) - 50a771df-70d3-4c7d-9ea2-11e60400c1f5@group-42712CCB35A6: ConfigurationManager, init=-1: peers:[06e93c36-3e5f-4b60-afd6-cffad6b8ca77|rpc:10.1.0.33:33135|priority:1|startupRole:FOLLOWER, 303bca5f-e220-44f8-957a-f0bd1a8a67be|rpc:10.1.0.33:42857|priority:0|startupRole:FOLLOWER, 50a771df-70d3-4c7d-9ea2-11e60400c1f5|rpc:10.1.0.33:34193|priority:0|startupRole:FOLLOWER]|listeners:[], old=null, confs=<EMPTY_MAP>
2022-11-14 01:04:29,501 [pool-72-thread-1] INFO  server.RaftServerConfigKeys (ConfUtils.java:logGet(46)) - raft.server.storage.dir = [/home/runner/work/ozone/ozone/hadoop-ozone/integration-test/target/test-dir/MiniOzoneClusterImpl-733ab8e8-73b4-47ae-b22b-a548a4863177/datanode-0/data/ratis] (custom)
2022-11-14 01:04:29,501 [pool-72-thread-1] INFO  server.RaftServerConfigKeys (ConfUtils.java:logGet(46)) - raft.server.log.corruption.policy = EXCEPTION (default)
2022-11-14 01:04:29,501 [pool-72-thread-1] INFO  server.RaftServerConfigKeys (ConfUtils.java:logGet(46)) - raft.server.storage.free-space.min = 0MB (=0) (default)
2022-11-14 01:04:29,502 [pool-72-thread-1] INFO  server.RaftServerConfigKeys (ConfUtils.java:logGet(46)) - raft.server.notification.no-leader.timeout = 300s (custom)
2022-11-14 01:04:29,509 [pool-72-thread-1] INFO  server.RaftServerConfigKeys (ConfUtils.java:logGet(46)) - raft.server.retrycache.expirytime = 600000ms (custom)
2022-11-14 01:04:29,509 [pool-72-thread-1] INFO  server.RaftServerConfigKeys (ConfUtils.java:logGet(46)) - raft.server.retrycache.statistics.expirytime = 100μs (default)
2022-11-14 01:04:29,510 [EventQueue-PipelineReportForPipelineReportHandler] INFO  pipeline.PipelineManagerImpl (PipelineManagerImpl.java:openPipeline(367)) - Pipeline Pipeline[ Id: 645712d7-3d1a-4d6b-95a2-b153d5d399ff, Nodes: 50a771df-70d3-4c7d-9ea2-11e60400c1f5{ip: 10.1.0.33, host: fv-az334-552.zg0gw54pbdoexfhqlmz30d51na.gx.internal.cloudapp.net, ports: [REPLICATION=40571, RATIS=34193, RATIS_ADMIN=34193, RATIS_SERVER=34193, STANDALONE=34795], networkLocation: /default-rack, certSerialId: null, persistedOpState: IN_SERVICE, persistedOpStateExpiryEpochSec: 0}, ReplicationConfig: RATIS/ONE, State:ALLOCATED, leaderId:50a771df-70d3-4c7d-9ea2-11e60400c1f5, CreationTimestamp2022-11-14T01:04:26.442Z[Etc/UTC]] moved to OPEN state
2022-11-14 01:04:29,513 [EventQueue-OpenPipelineForHealthyPipelineSafeModeRule] INFO  safemode.SCMSafeModeManager (HealthyPipelineSafeModeRule.java:process(137)) - SCM in safe mode. Healthy pipelines reported count is 0, required healthy pipeline reported count is 1
2022-11-14 01:04:29,514 [pool-72-thread-1] INFO  server.RaftServerConfigKeys (ConfUtils.java:logGet(46)) - raft.server.log.appender.install.snapshot.enabled = false (custom)
2022-11-14 01:04:29,515 [pool-72-thread-1] INFO  server.RaftServerConfigKeys (ConfUtils.java:logGet(46)) - raft.server.threadpool.server.cached = true (default)
2022-11-14 01:04:29,515 [pool-72-thread-1] INFO  server.RaftServerConfigKeys (ConfUtils.java:logGet(46)) - raft.server.threadpool.server.size = 0 (default)
2022-11-14 01:04:29,515 [pool-72-thread-1] INFO  server.RaftServerConfigKeys (ConfUtils.java:logGet(46)) - raft.server.threadpool.client.cached = true (default)
2022-11-14 01:04:29,515 [pool-72-thread-1] INFO  server.RaftServerConfigKeys (ConfUtils.java:logGet(46)) - raft.server.threadpool.client.size = 0 (default)
2022-11-14 01:04:29,515 [pool-72-thread-1] INFO  storage.RaftStorageDirectory (RaftStorageDirectoryImpl.java:analyzeStorage(137)) - The storage directory /home/runner/work/ozone/ozone/hadoop-ozone/integration-test/target/test-dir/MiniOzoneClusterImpl-733ab8e8-73b4-47ae-b22b-a548a4863177/datanode-0/data/ratis/83a746d0-ddf1-4803-a311-42712ccb35a6 does not exist. Creating ...
2022-11-14 01:04:29,516 [pool-72-thread-1] INFO  storage.RaftStorageDirectory (RaftStorageDirectoryImpl.java:tryLock(231)) - Lock on /home/runner/work/ozone/ozone/hadoop-ozone/integration-test/target/test-dir/MiniOzoneClusterImpl-733ab8e8-73b4-47ae-b22b-a548a4863177/datanode-0/data/ratis/83a746d0-ddf1-4803-a311-42712ccb35a6/in_use.lock acquired by nodename 11961@fv-az334-552
2022-11-14 01:04:29,518 [pool-72-thread-1] INFO  storage.RaftStorage (RaftStorageImpl.java:format(96)) - Storage directory /home/runner/work/ozone/ozone/hadoop-ozone/integration-test/target/test-dir/MiniOzoneClusterImpl-733ab8e8-73b4-47ae-b22b-a548a4863177/datanode-0/data/ratis/83a746d0-ddf1-4803-a311-42712ccb35a6 has been successfully formatted.
2022-11-14 01:04:29,520 [pool-72-thread-1] INFO  ratis.ContainerStateMachine (ContainerStateMachine.java:loadSnapshot(236)) - group-42712CCB35A6: The snapshot info is null. Setting the last applied indexto:(t:0, i:~)
2022-11-14 01:04:29,520 [pool-72-thread-1] INFO  server.RaftServerConfigKeys (ConfUtils.java:logGet(46)) - raft.server.log.use.memory = false (default)
2022-11-14 01:04:29,520 [pool-72-thread-1] INFO  server.RaftServerConfigKeys (ConfUtils.java:logGet(46)) - raft.server.log.purge.gap = 1000000 (custom)
2022-11-14 01:04:29,520 [pool-72-thread-1] INFO  server.RaftServerConfigKeys (ConfUtils.java:logGet(46)) - raft.server.log.appender.buffer.byte-limit = 33554432 (custom)
2022-11-14 01:04:29,521 [EventQueue-OpenPipelineForHealthyPipelineSafeModeRule] INFO  safemode.SCMSafeModeManager (HealthyPipelineSafeModeRule.java:process(137)) - SCM in safe mode. Healthy pipelines reported count is 0, required healthy pipeline reported count is 1
2022-11-14 01:04:29,522 [pool-72-thread-1] INFO  server.RaftServerConfigKeys (ConfUtils.java:logGet(46)) - raft.server.log.statemachine.data.read.timeout = 1000ms (default)
2022-11-14 01:04:29,522 [pool-72-thread-1] INFO  server.RaftServerConfigKeys (ConfUtils.java:logGet(46)) - raft.server.log.purge.preservation.log.num = 0 (default)
2022-11-14 01:04:29,522 [pool-72-thread-1] INFO  server.RaftServerConfigKeys (ConfUtils.java:logGet(46)) - raft.server.log.segment.size.max = 1048576 (custom)
2022-11-14 01:04:29,523 [pool-72-thread-1] INFO  server.RaftServerConfigKeys (ConfUtils.java:logGet(46)) - raft.server.log.segment.cache.num.max = 2 (custom)
2022-11-14 01:04:29,523 [pool-72-thread-1] INFO  server.RaftServerConfigKeys (ConfUtils.java:logGet(46)) - raft.server.log.segment.cache.size.max = 200MB (=209715200) (default)
2022-11-14 01:04:29,523 [pool-72-thread-1] INFO  segmented.SegmentedRaftLogWorker (SegmentedRaftLogWorker.java:<init>(191)) - new 50a771df-70d3-4c7d-9ea2-11e60400c1f5@group-42712CCB35A6-SegmentedRaftLogWorker for RaftStorageImpl:Storage Directory /home/runner/work/ozone/ozone/hadoop-ozone/integration-test/target/test-dir/MiniOzoneClusterImpl-733ab8e8-73b4-47ae-b22b-a548a4863177/datanode-0/data/ratis/83a746d0-ddf1-4803-a311-42712ccb35a6
2022-11-14 01:04:29,523 [pool-72-thread-1] INFO  server.RaftServerConfigKeys (ConfUtils.java:logGet(46)) - raft.server.log.queue.byte-limit = 4294967296 (custom)
2022-11-14 01:04:29,523 [pool-72-thread-1] INFO  server.RaftServerConfigKeys (ConfUtils.java:logGet(46)) - raft.server.log.queue.element-limit = 1024 (custom)
2022-11-14 01:04:29,523 [pool-72-thread-1] INFO  server.RaftServerConfigKeys (ConfUtils.java:logGet(46)) - raft.server.log.segment.size.max = 1048576 (custom)
2022-11-14 01:04:29,523 [pool-72-thread-1] INFO  server.RaftServerConfigKeys (ConfUtils.java:logGet(46)) - raft.server.log.preallocated.size = 16384 (custom)
2022-11-14 01:04:29,523 [pool-72-thread-1] INFO  server.RaftServerConfigKeys (ConfUtils.java:logGet(46)) - raft.server.log.force.sync.num = 128 (default)
2022-11-14 01:04:29,523 [pool-72-thread-1] INFO  server.RaftServerConfigKeys (ConfUtils.java:logGet(46)) - raft.server.log.statemachine.data.sync = true (default)
2022-11-14 01:04:29,523 [pool-72-thread-1] INFO  server.RaftServerConfigKeys (ConfUtils.java:logGet(46)) - raft.server.log.statemachine.data.sync.timeout = 10s (default)
2022-11-14 01:04:29,523 [pool-72-thread-1] INFO  server.RaftServerConfigKeys (ConfUtils.java:logGet(46)) - raft.server.log.statemachine.data.sync.timeout.retry = -1 (default)
2022-11-14 01:04:29,525 [pool-72-thread-1] INFO  server.RaftServerConfigKeys (ConfUtils.java:logGet(46)) - raft.server.log.write.buffer.size = 1048576 (custom)
2022-11-14 01:04:29,525 [pool-72-thread-1] INFO  server.RaftServerConfigKeys (ConfUtils.java:logGet(46)) - raft.server.log.unsafe-flush.enabled = false (default)
2022-11-14 01:04:29,525 [pool-72-thread-1] INFO  server.RaftServerConfigKeys (ConfUtils.java:logGet(46)) - raft.server.log.async-flush.enabled = false (default)
2022-11-14 01:04:29,525 [pool-72-thread-1] INFO  server.RaftServerConfigKeys (ConfUtils.java:logGet(46)) - raft.server.log.statemachine.data.caching.enabled = true (custom)
2022-11-14 01:04:29,526 [pool-72-thread-1] INFO  segmented.SegmentedRaftLogWorker (SegmentedRaftLogWorker.java:lambda$new$0(136)) - 50a771df-70d3-4c7d-9ea2-11e60400c1f5@group-42712CCB35A6-SegmentedRaftLogWorker: flushIndex: setUnconditionally 0 -> -1
2022-11-14 01:04:29,526 [pool-72-thread-1] INFO  segmented.SegmentedRaftLogWorker (SegmentedRaftLogWorker.java:lambda$new$0(136)) - 50a771df-70d3-4c7d-9ea2-11e60400c1f5@group-42712CCB35A6-SegmentedRaftLogWorker: safeCacheEvictIndex: setUnconditionally 0 -> -1
2022-11-14 01:04:29,526 [pool-72-thread-1] INFO  server.RaftServer$Division (RaftServerImpl.java:start(334)) - 50a771df-70d3-4c7d-9ea2-11e60400c1f5@group-42712CCB35A6: start as a follower, conf=-1: peers:[06e93c36-3e5f-4b60-afd6-cffad6b8ca77|rpc:10.1.0.33:33135|priority:1|startupRole:FOLLOWER, 303bca5f-e220-44f8-957a-f0bd1a8a67be|rpc:10.1.0.33:42857|priority:0|startupRole:FOLLOWER, 50a771df-70d3-4c7d-9ea2-11e60400c1f5|rpc:10.1.0.33:34193|priority:0|startupRole:FOLLOWER]|listeners:[], old=null
2022-11-14 01:04:29,526 [pool-72-thread-1] INFO  server.RaftServer$Division (RaftServerImpl.java:setRole(321)) - 50a771df-70d3-4c7d-9ea2-11e60400c1f5@group-42712CCB35A6: changes role from      null to FOLLOWER at term 0 for startAsFollower
2022-11-14 01:04:29,526 [pool-72-thread-1] INFO  impl.RoleInfo (RoleInfo.java:updateAndGet(139)) - 50a771df-70d3-4c7d-9ea2-11e60400c1f5: start 50a771df-70d3-4c7d-9ea2-11e60400c1f5@group-42712CCB35A6-FollowerState
2022-11-14 01:04:29,526 [pool-72-thread-1] INFO  util.JmxRegister (JmxRegister.java:tryRegister(44)) - Successfully registered JMX Bean with object name Ratis:service=RaftServer,group=group-42712CCB35A6,id=50a771df-70d3-4c7d-9ea2-11e60400c1f5
2022-11-14 01:04:29,526 [pool-72-thread-1] INFO  server.RaftServerConfigKeys (ConfUtils.java:logGet(46)) - raft.server.snapshot.auto.trigger.enabled = true (custom)
2022-11-14 01:04:29,526 [pool-72-thread-1] INFO  server.RaftServerConfigKeys (ConfUtils.java:logGet(46)) - raft.server.snapshot.auto.trigger.threshold = 10000 (custom)
2022-11-14 01:04:29,527 [pool-72-thread-1] INFO  server.RaftServerConfigKeys (ConfUtils.java:logGet(46)) - raft.server.snapshot.retention.file.num = 5 (custom)
2022-11-14 01:04:29,527 [pool-72-thread-1] INFO  server.RaftServerConfigKeys (ConfUtils.java:logGet(46)) - raft.server.log.purge.upto.snapshot.index = false (default)
2022-11-14 01:04:29,527 [50a771df-70d3-4c7d-9ea2-11e60400c1f5@group-42712CCB35A6-FollowerState] INFO  server.RaftServerConfigKeys (ConfUtils.java:logFallback(53)) - raft.server.rpc.first-election.timeout.min = 5s (fallback to raft.server.rpc.timeout.min)
2022-11-14 01:04:29,527 [50a771df-70d3-4c7d-9ea2-11e60400c1f5@group-42712CCB35A6-FollowerState] INFO  server.RaftServerConfigKeys (ConfUtils.java:logFallback(53)) - raft.server.rpc.first-election.timeout.max = 5200ms (fallback to raft.server.rpc.timeout.max)
2022-11-14 01:04:29,531 [Command processor thread] INFO  ratis.XceiverServerRatis (XceiverServerRatis.java:addGroup(765)) - Created group PipelineID=83a746d0-ddf1-4803-a311-42712ccb35a6
2022-11-14 01:04:29,920 [Command processor thread] INFO  server.RaftServer (RaftServerProxy.java:addNew(96)) - 303bca5f-e220-44f8-957a-f0bd1a8a67be: addNew group-2FC1FA02EAB1:[303bca5f-e220-44f8-957a-f0bd1a8a67be|rpc:10.1.0.33:42857|priority:1|startupRole:FOLLOWER] returns group-2FC1FA02EAB1:java.util.concurrent.CompletableFuture@306e5e0e[Not completed]
2022-11-14 01:04:29,926 [pool-95-thread-1] INFO  server.RaftServer$Division (RaftServerImpl.java:<init>(195)) - 303bca5f-e220-44f8-957a-f0bd1a8a67be: new RaftServerImpl for group-2FC1FA02EAB1:[303bca5f-e220-44f8-957a-f0bd1a8a67be|rpc:10.1.0.33:42857|priority:1|startupRole:FOLLOWER] with ContainerStateMachine:uninitialized
2022-11-14 01:04:29,926 [pool-95-thread-1] INFO  server.RaftServerConfigKeys (ConfUtils.java:logGet(46)) - raft.server.rpc.timeout.min = 5s (custom)
2022-11-14 01:04:29,927 [pool-95-thread-1] INFO  server.RaftServerConfigKeys (ConfUtils.java:logGet(46)) - raft.server.rpc.timeout.max = 5200ms (custom)
2022-11-14 01:04:29,927 [pool-95-thread-1] INFO  server.RaftServerConfigKeys (ConfUtils.java:logGet(46)) - raft.server.rpc.sleep.time = 25ms (default)
2022-11-14 01:04:29,927 [pool-95-thread-1] INFO  server.RaftServerConfigKeys (ConfUtils.java:logGet(46)) - raft.server.rpc.slowness.timeout = 300s (custom)
2022-11-14 01:04:29,927 [pool-95-thread-1] INFO  server.RaftServerConfigKeys (ConfUtils.java:logGet(46)) - raft.server.leaderelection.leader.step-down.wait-time = 10s (default)
2022-11-14 01:04:29,927 [pool-95-thread-1] INFO  server.RaftServerConfigKeys (ConfUtils.java:logGet(46)) - raft.server.sleep.deviation.threshold = 300ms (default)
2022-11-14 01:04:29,927 [pool-95-thread-1] INFO  server.RaftServer$Division (ServerState.java:<init>(118)) - 303bca5f-e220-44f8-957a-f0bd1a8a67be@group-2FC1FA02EAB1: ConfigurationManager, init=-1: peers:[303bca5f-e220-44f8-957a-f0bd1a8a67be|rpc:10.1.0.33:42857|priority:1|startupRole:FOLLOWER]|listeners:[], old=null, confs=<EMPTY_MAP>
2022-11-14 01:04:29,927 [pool-95-thread-1] INFO  server.RaftServerConfigKeys (ConfUtils.java:logGet(46)) - raft.server.storage.dir = [/home/runner/work/ozone/ozone/hadoop-ozone/integration-test/target/test-dir/MiniOzoneClusterImpl-733ab8e8-73b4-47ae-b22b-a548a4863177/datanode-1/data/ratis] (custom)
2022-11-14 01:04:29,927 [pool-95-thread-1] INFO  server.RaftServerConfigKeys (ConfUtils.java:logGet(46)) - raft.server.log.corruption.policy = EXCEPTION (default)
2022-11-14 01:04:29,930 [pool-95-thread-1] INFO  server.RaftServerConfigKeys (ConfUtils.java:logGet(46)) - raft.server.storage.free-space.min = 0MB (=0) (default)
2022-11-14 01:04:29,931 [pool-95-thread-1] INFO  server.RaftServerConfigKeys (ConfUtils.java:logGet(46)) - raft.server.notification.no-leader.timeout = 300s (custom)
2022-11-14 01:04:29,931 [pool-95-thread-1] INFO  server.RaftServerConfigKeys (ConfUtils.java:logGet(46)) - raft.server.retrycache.expirytime = 600000ms (custom)
2022-11-14 01:04:29,931 [pool-95-thread-1] INFO  server.RaftServerConfigKeys (ConfUtils.java:logGet(46)) - raft.server.retrycache.statistics.expirytime = 100μs (default)
2022-11-14 01:04:29,935 [pool-95-thread-1] INFO  server.RaftServerConfigKeys (ConfUtils.java:logGet(46)) - raft.server.log.appender.install.snapshot.enabled = false (custom)
2022-11-14 01:04:29,937 [pool-95-thread-1] INFO  server.RaftServerConfigKeys (ConfUtils.java:logGet(46)) - raft.server.threadpool.server.cached = true (default)
2022-11-14 01:04:29,937 [pool-95-thread-1] INFO  server.RaftServerConfigKeys (ConfUtils.java:logGet(46)) - raft.server.threadpool.server.size = 0 (default)
2022-11-14 01:04:29,937 [pool-95-thread-1] INFO  server.RaftServerConfigKeys (ConfUtils.java:logGet(46)) - raft.server.threadpool.client.cached = true (default)
2022-11-14 01:04:29,937 [pool-95-thread-1] INFO  server.RaftServerConfigKeys (ConfUtils.java:logGet(46)) - raft.server.threadpool.client.size = 0 (default)
2022-11-14 01:04:29,937 [pool-95-thread-1] INFO  storage.RaftStorageDirectory (RaftStorageDirectoryImpl.java:analyzeStorage(137)) - The storage directory /home/runner/work/ozone/ozone/hadoop-ozone/integration-test/target/test-dir/MiniOzoneClusterImpl-733ab8e8-73b4-47ae-b22b-a548a4863177/datanode-1/data/ratis/2d12a490-5460-45f0-a3cd-2fc1fa02eab1 does not exist. Creating ...
2022-11-14 01:04:29,939 [pool-95-thread-1] INFO  storage.RaftStorageDirectory (RaftStorageDirectoryImpl.java:tryLock(231)) - Lock on /home/runner/work/ozone/ozone/hadoop-ozone/integration-test/target/test-dir/MiniOzoneClusterImpl-733ab8e8-73b4-47ae-b22b-a548a4863177/datanode-1/data/ratis/2d12a490-5460-45f0-a3cd-2fc1fa02eab1/in_use.lock acquired by nodename 11961@fv-az334-552
2022-11-14 01:04:29,941 [pool-95-thread-1] INFO  storage.RaftStorage (RaftStorageImpl.java:format(96)) - Storage directory /home/runner/work/ozone/ozone/hadoop-ozone/integration-test/target/test-dir/MiniOzoneClusterImpl-733ab8e8-73b4-47ae-b22b-a548a4863177/datanode-1/data/ratis/2d12a490-5460-45f0-a3cd-2fc1fa02eab1 has been successfully formatted.
2022-11-14 01:04:29,943 [pool-95-thread-1] INFO  ratis.ContainerStateMachine (ContainerStateMachine.java:loadSnapshot(236)) - group-2FC1FA02EAB1: The snapshot info is null. Setting the last applied indexto:(t:0, i:~)
2022-11-14 01:04:29,952 [pool-95-thread-1] INFO  server.RaftServerConfigKeys (ConfUtils.java:logGet(46)) - raft.server.log.use.memory = false (default)
2022-11-14 01:04:29,952 [pool-95-thread-1] INFO  server.RaftServerConfigKeys (ConfUtils.java:logGet(46)) - raft.server.log.purge.gap = 1000000 (custom)
2022-11-14 01:04:29,952 [pool-95-thread-1] INFO  server.RaftServerConfigKeys (ConfUtils.java:logGet(46)) - raft.server.log.appender.buffer.byte-limit = 33554432 (custom)
2022-11-14 01:04:29,952 [pool-95-thread-1] INFO  server.RaftServerConfigKeys (ConfUtils.java:logGet(46)) - raft.server.log.statemachine.data.read.timeout = 1000ms (default)
2022-11-14 01:04:29,952 [pool-95-thread-1] INFO  server.RaftServerConfigKeys (ConfUtils.java:logGet(46)) - raft.server.log.purge.preservation.log.num = 0 (default)
2022-11-14 01:04:29,952 [pool-95-thread-1] INFO  server.RaftServerConfigKeys (ConfUtils.java:logGet(46)) - raft.server.log.segment.size.max = 1048576 (custom)
2022-11-14 01:04:29,953 [pool-95-thread-1] INFO  server.RaftServerConfigKeys (ConfUtils.java:logGet(46)) - raft.server.log.segment.cache.num.max = 2 (custom)
2022-11-14 01:04:29,953 [pool-95-thread-1] INFO  server.RaftServerConfigKeys (ConfUtils.java:logGet(46)) - raft.server.log.segment.cache.size.max = 200MB (=209715200) (default)
2022-11-14 01:04:29,953 [pool-95-thread-1] INFO  segmented.SegmentedRaftLogWorker (SegmentedRaftLogWorker.java:<init>(191)) - new 303bca5f-e220-44f8-957a-f0bd1a8a67be@group-2FC1FA02EAB1-SegmentedRaftLogWorker for RaftStorageImpl:Storage Directory /home/runner/work/ozone/ozone/hadoop-ozone/integration-test/target/test-dir/MiniOzoneClusterImpl-733ab8e8-73b4-47ae-b22b-a548a4863177/datanode-1/data/ratis/2d12a490-5460-45f0-a3cd-2fc1fa02eab1
2022-11-14 01:04:29,953 [pool-95-thread-1] INFO  server.RaftServerConfigKeys (ConfUtils.java:logGet(46)) - raft.server.log.queue.byte-limit = 4294967296 (custom)
2022-11-14 01:04:29,953 [pool-95-thread-1] INFO  server.RaftServerConfigKeys (ConfUtils.java:logGet(46)) - raft.server.log.queue.element-limit = 1024 (custom)
2022-11-14 01:04:29,953 [pool-95-thread-1] INFO  server.RaftServerConfigKeys (ConfUtils.java:logGet(46)) - raft.server.log.segment.size.max = 1048576 (custom)
2022-11-14 01:04:29,953 [pool-95-thread-1] INFO  server.RaftServerConfigKeys (ConfUtils.java:logGet(46)) - raft.server.log.preallocated.size = 16384 (custom)
2022-11-14 01:04:29,953 [pool-95-thread-1] INFO  server.RaftServerConfigKeys (ConfUtils.java:logGet(46)) - raft.server.log.force.sync.num = 128 (default)
2022-11-14 01:04:29,953 [pool-95-thread-1] INFO  server.RaftServerConfigKeys (ConfUtils.java:logGet(46)) - raft.server.log.statemachine.data.sync = true (default)
2022-11-14 01:04:29,953 [pool-95-thread-1] INFO  server.RaftServerConfigKeys (ConfUtils.java:logGet(46)) - raft.server.log.statemachine.data.sync.timeout = 10s (default)
2022-11-14 01:04:29,953 [pool-95-thread-1] INFO  server.RaftServerConfigKeys (ConfUtils.java:logGet(46)) - raft.server.log.statemachine.data.sync.timeout.retry = -1 (default)
2022-11-14 01:04:29,954 [EventQueue-PipelineReportForPipelineReportHandler] INFO  pipeline.PipelineManagerImpl (PipelineManagerImpl.java:openPipeline(367)) - Pipeline Pipeline[ Id: 2d12a490-5460-45f0-a3cd-2fc1fa02eab1, Nodes: 303bca5f-e220-44f8-957a-f0bd1a8a67be{ip: 10.1.0.33, host: fv-az334-552.zg0gw54pbdoexfhqlmz30d51na.gx.internal.cloudapp.net, ports: [REPLICATION=44205, RATIS=42857, RATIS_ADMIN=42857, RATIS_SERVER=42857, STANDALONE=39669], networkLocation: /default-rack, certSerialId: null, persistedOpState: IN_SERVICE, persistedOpStateExpiryEpochSec: 0}, ReplicationConfig: RATIS/ONE, State:ALLOCATED, leaderId:303bca5f-e220-44f8-957a-f0bd1a8a67be, CreationTimestamp2022-11-14T01:04:26.917Z[Etc/UTC]] moved to OPEN state
2022-11-14 01:04:29,954 [pool-95-thread-1] INFO  server.RaftServerConfigKeys (ConfUtils.java:logGet(46)) - raft.server.log.write.buffer.size = 1048576 (custom)
2022-11-14 01:04:29,955 [EventQueue-OpenPipelineForHealthyPipelineSafeModeRule] INFO  safemode.SCMSafeModeManager (HealthyPipelineSafeModeRule.java:process(137)) - SCM in safe mode. Healthy pipelines reported count is 0, required healthy pipeline reported count is 1
2022-11-14 01:04:29,956 [pool-95-thread-1] INFO  server.RaftServerConfigKeys (ConfUtils.java:logGet(46)) - raft.server.log.unsafe-flush.enabled = false (default)
2022-11-14 01:04:29,956 [pool-95-thread-1] INFO  server.RaftServerConfigKeys (ConfUtils.java:logGet(46)) - raft.server.log.async-flush.enabled = false (default)
2022-11-14 01:04:29,956 [pool-95-thread-1] INFO  server.RaftServerConfigKeys (ConfUtils.java:logGet(46)) - raft.server.log.statemachine.data.caching.enabled = true (custom)
2022-11-14 01:04:29,956 [pool-95-thread-1] INFO  segmented.SegmentedRaftLogWorker (SegmentedRaftLogWorker.java:lambda$new$0(136)) - 303bca5f-e220-44f8-957a-f0bd1a8a67be@group-2FC1FA02EAB1-SegmentedRaftLogWorker: flushIndex: setUnconditionally 0 -> -1
2022-11-14 01:04:29,956 [pool-95-thread-1] INFO  segmented.SegmentedRaftLogWorker (SegmentedRaftLogWorker.java:lambda$new$0(136)) - 303bca5f-e220-44f8-957a-f0bd1a8a67be@group-2FC1FA02EAB1-SegmentedRaftLogWorker: safeCacheEvictIndex: setUnconditionally 0 -> -1
2022-11-14 01:04:29,957 [pool-95-thread-1] INFO  server.RaftServer$Division (RaftServerImpl.java:start(334)) - 303bca5f-e220-44f8-957a-f0bd1a8a67be@group-2FC1FA02EAB1: start as a follower, conf=-1: peers:[303bca5f-e220-44f8-957a-f0bd1a8a67be|rpc:10.1.0.33:42857|priority:1|startupRole:FOLLOWER]|listeners:[], old=null
2022-11-14 01:04:29,957 [pool-95-thread-1] INFO  server.RaftServer$Division (RaftServerImpl.java:setRole(321)) - 303bca5f-e220-44f8-957a-f0bd1a8a67be@group-2FC1FA02EAB1: changes role from      null to FOLLOWER at term 0 for startAsFollower
2022-11-14 01:04:29,957 [pool-95-thread-1] INFO  impl.RoleInfo (RoleInfo.java:updateAndGet(139)) - 303bca5f-e220-44f8-957a-f0bd1a8a67be: start 303bca5f-e220-44f8-957a-f0bd1a8a67be@group-2FC1FA02EAB1-FollowerState
2022-11-14 01:04:29,957 [pool-95-thread-1] INFO  util.JmxRegister (JmxRegister.java:tryRegister(44)) - Successfully registered JMX Bean with object name Ratis:service=RaftServer,group=group-2FC1FA02EAB1,id=303bca5f-e220-44f8-957a-f0bd1a8a67be
2022-11-14 01:04:29,958 [pool-95-thread-1] INFO  server.RaftServerConfigKeys (ConfUtils.java:logGet(46)) - raft.server.snapshot.auto.trigger.enabled = true (custom)
2022-11-14 01:04:29,958 [pool-95-thread-1] INFO  server.RaftServerConfigKeys (ConfUtils.java:logGet(46)) - raft.server.snapshot.auto.trigger.threshold = 10000 (custom)
2022-11-14 01:04:29,958 [pool-95-thread-1] INFO  server.RaftServerConfigKeys (ConfUtils.java:logGet(46)) - raft.server.snapshot.retention.file.num = 5 (custom)
2022-11-14 01:04:29,958 [pool-95-thread-1] INFO  server.RaftServerConfigKeys (ConfUtils.java:logGet(46)) - raft.server.log.purge.upto.snapshot.index = false (default)
2022-11-14 01:04:29,963 [Command processor thread] INFO  ratis.XceiverServerRatis (XceiverServerRatis.java:addGroup(765)) - Created group PipelineID=2d12a490-5460-45f0-a3cd-2fc1fa02eab1
2022-11-14 01:04:29,963 [Command processor thread] INFO  commandhandler.CreatePipelineCommandHandler (CreatePipelineCommandHandler.java:handle(113)) - Created Pipeline RATIS ONE PipelineID=2d12a490-5460-45f0-a3cd-2fc1fa02eab1.
2022-11-14 01:04:29,964 [303bca5f-e220-44f8-957a-f0bd1a8a67be@group-2FC1FA02EAB1-FollowerState] INFO  server.RaftServerConfigKeys (ConfUtils.java:logFallback(53)) - raft.server.rpc.first-election.timeout.min = 5s (fallback to raft.server.rpc.timeout.min)
2022-11-14 01:04:29,964 [303bca5f-e220-44f8-957a-f0bd1a8a67be@group-2FC1FA02EAB1-FollowerState] INFO  server.RaftServerConfigKeys (ConfUtils.java:logFallback(53)) - raft.server.rpc.first-election.timeout.max = 5200ms (fallback to raft.server.rpc.timeout.max)
2022-11-14 01:04:29,964 [Command processor thread] INFO  server.RaftServer (RaftServerProxy.java:addNew(96)) - 303bca5f-e220-44f8-957a-f0bd1a8a67be: addNew group-42712CCB35A6:[06e93c36-3e5f-4b60-afd6-cffad6b8ca77|rpc:10.1.0.33:33135|priority:1|startupRole:FOLLOWER, 303bca5f-e220-44f8-957a-f0bd1a8a67be|rpc:10.1.0.33:42857|priority:0|startupRole:FOLLOWER, 50a771df-70d3-4c7d-9ea2-11e60400c1f5|rpc:10.1.0.33:34193|priority:0|startupRole:FOLLOWER] returns group-42712CCB35A6:java.util.concurrent.CompletableFuture@3451ccdb[Not completed]
2022-11-14 01:04:29,965 [pool-95-thread-1] INFO  server.RaftServer$Division (RaftServerImpl.java:<init>(195)) - 303bca5f-e220-44f8-957a-f0bd1a8a67be: new RaftServerImpl for group-42712CCB35A6:[06e93c36-3e5f-4b60-afd6-cffad6b8ca77|rpc:10.1.0.33:33135|priority:1|startupRole:FOLLOWER, 303bca5f-e220-44f8-957a-f0bd1a8a67be|rpc:10.1.0.33:42857|priority:0|startupRole:FOLLOWER, 50a771df-70d3-4c7d-9ea2-11e60400c1f5|rpc:10.1.0.33:34193|priority:0|startupRole:FOLLOWER] with ContainerStateMachine:uninitialized
2022-11-14 01:04:29,965 [pool-95-thread-1] INFO  server.RaftServerConfigKeys (ConfUtils.java:logGet(46)) - raft.server.rpc.timeout.min = 5s (custom)
2022-11-14 01:04:29,965 [pool-95-thread-1] INFO  server.RaftServerConfigKeys (ConfUtils.java:logGet(46)) - raft.server.rpc.timeout.max = 5200ms (custom)
2022-11-14 01:04:29,965 [pool-95-thread-1] INFO  server.RaftServerConfigKeys (ConfUtils.java:logGet(46)) - raft.server.rpc.sleep.time = 25ms (default)
2022-11-14 01:04:29,965 [pool-95-thread-1] INFO  server.RaftServerConfigKeys (ConfUtils.java:logGet(46)) - raft.server.rpc.slowness.timeout = 300s (custom)
2022-11-14 01:04:29,965 [pool-95-thread-1] INFO  server.RaftServerConfigKeys (ConfUtils.java:logGet(46)) - raft.server.leaderelection.leader.step-down.wait-time = 10s (default)
2022-11-14 01:04:29,965 [pool-95-thread-1] INFO  server.RaftServerConfigKeys (ConfUtils.java:logGet(46)) - raft.server.sleep.deviation.threshold = 300ms (default)
2022-11-14 01:04:29,966 [pool-95-thread-1] INFO  server.RaftServer$Division (ServerState.java:<init>(118)) - 303bca5f-e220-44f8-957a-f0bd1a8a67be@group-42712CCB35A6: ConfigurationManager, init=-1: peers:[06e93c36-3e5f-4b60-afd6-cffad6b8ca77|rpc:10.1.0.33:33135|priority:1|startupRole:FOLLOWER, 303bca5f-e220-44f8-957a-f0bd1a8a67be|rpc:10.1.0.33:42857|priority:0|startupRole:FOLLOWER, 50a771df-70d3-4c7d-9ea2-11e60400c1f5|rpc:10.1.0.33:34193|priority:0|startupRole:FOLLOWER]|listeners:[], old=null, confs=<EMPTY_MAP>
2022-11-14 01:04:29,966 [pool-95-thread-1] INFO  server.RaftServerConfigKeys (ConfUtils.java:logGet(46)) - raft.server.storage.dir = [/home/runner/work/ozone/ozone/hadoop-ozone/integration-test/target/test-dir/MiniOzoneClusterImpl-733ab8e8-73b4-47ae-b22b-a548a4863177/datanode-1/data/ratis] (custom)
2022-11-14 01:04:29,966 [pool-95-thread-1] INFO  server.RaftServerConfigKeys (ConfUtils.java:logGet(46)) - raft.server.log.corruption.policy = EXCEPTION (default)
2022-11-14 01:04:29,966 [pool-95-thread-1] INFO  server.RaftServerConfigKeys (ConfUtils.java:logGet(46)) - raft.server.storage.free-space.min = 0MB (=0) (default)
2022-11-14 01:04:29,966 [pool-95-thread-1] INFO  server.RaftServerConfigKeys (ConfUtils.java:logGet(46)) - raft.server.notification.no-leader.timeout = 300s (custom)
2022-11-14 01:04:29,966 [pool-95-thread-1] INFO  server.RaftServerConfigKeys (ConfUtils.java:logGet(46)) - raft.server.retrycache.expirytime = 600000ms (custom)
2022-11-14 01:04:29,966 [pool-95-thread-1] INFO  server.RaftServerConfigKeys (ConfUtils.java:logGet(46)) - raft.server.retrycache.statistics.expirytime = 100μs (default)
2022-11-14 01:04:29,969 [pool-95-thread-1] INFO  server.RaftServerConfigKeys (ConfUtils.java:logGet(46)) - raft.server.log.appender.install.snapshot.enabled = false (custom)
2022-11-14 01:04:29,969 [pool-95-thread-1] INFO  server.RaftServerConfigKeys (ConfUtils.java:logGet(46)) - raft.server.threadpool.server.cached = true (default)
2022-11-14 01:04:29,969 [pool-95-thread-1] INFO  server.RaftServerConfigKeys (ConfUtils.java:logGet(46)) - raft.server.threadpool.server.size = 0 (default)
2022-11-14 01:04:29,969 [pool-95-thread-1] INFO  server.RaftServerConfigKeys (ConfUtils.java:logGet(46)) - raft.server.threadpool.client.cached = true (default)
2022-11-14 01:04:29,969 [pool-95-thread-1] INFO  server.RaftServerConfigKeys (ConfUtils.java:logGet(46)) - raft.server.threadpool.client.size = 0 (default)
2022-11-14 01:04:29,969 [pool-95-thread-1] INFO  storage.RaftStorageDirectory (RaftStorageDirectoryImpl.java:analyzeStorage(137)) - The storage directory /home/runner/work/ozone/ozone/hadoop-ozone/integration-test/target/test-dir/MiniOzoneClusterImpl-733ab8e8-73b4-47ae-b22b-a548a4863177/datanode-1/data/ratis/83a746d0-ddf1-4803-a311-42712ccb35a6 does not exist. Creating ...
2022-11-14 01:04:29,970 [pool-95-thread-1] INFO  storage.RaftStorageDirectory (RaftStorageDirectoryImpl.java:tryLock(231)) - Lock on /home/runner/work/ozone/ozone/hadoop-ozone/integration-test/target/test-dir/MiniOzoneClusterImpl-733ab8e8-73b4-47ae-b22b-a548a4863177/datanode-1/data/ratis/83a746d0-ddf1-4803-a311-42712ccb35a6/in_use.lock acquired by nodename 11961@fv-az334-552
2022-11-14 01:04:29,972 [pool-95-thread-1] INFO  storage.RaftStorage (RaftStorageImpl.java:format(96)) - Storage directory /home/runner/work/ozone/ozone/hadoop-ozone/integration-test/target/test-dir/MiniOzoneClusterImpl-733ab8e8-73b4-47ae-b22b-a548a4863177/datanode-1/data/ratis/83a746d0-ddf1-4803-a311-42712ccb35a6 has been successfully formatted.
2022-11-14 01:04:29,976 [EventQueue-OpenPipelineForHealthyPipelineSafeModeRule] INFO  safemode.SCMSafeModeManager (HealthyPipelineSafeModeRule.java:process(137)) - SCM in safe mode. Healthy pipelines reported count is 0, required healthy pipeline reported count is 1
2022-11-14 01:04:29,978 [pool-95-thread-1] INFO  ratis.ContainerStateMachine (ContainerStateMachine.java:loadSnapshot(236)) - group-42712CCB35A6: The snapshot info is null. Setting the last applied indexto:(t:0, i:~)
2022-11-14 01:04:29,978 [pool-95-thread-1] INFO  server.RaftServerConfigKeys (ConfUtils.java:logGet(46)) - raft.server.log.use.memory = false (default)
2022-11-14 01:04:29,978 [pool-95-thread-1] INFO  server.RaftServerConfigKeys (ConfUtils.java:logGet(46)) - raft.server.log.purge.gap = 1000000 (custom)
2022-11-14 01:04:29,978 [pool-95-thread-1] INFO  server.RaftServerConfigKeys (ConfUtils.java:logGet(46)) - raft.server.log.appender.buffer.byte-limit = 33554432 (custom)
2022-11-14 01:04:29,978 [pool-95-thread-1] INFO  server.RaftServerConfigKeys (ConfUtils.java:logGet(46)) - raft.server.log.statemachine.data.read.timeout = 1000ms (default)
2022-11-14 01:04:29,978 [pool-95-thread-1] INFO  server.RaftServerConfigKeys (ConfUtils.java:logGet(46)) - raft.server.log.purge.preservation.log.num = 0 (default)
2022-11-14 01:04:29,978 [pool-95-thread-1] INFO  server.RaftServerConfigKeys (ConfUtils.java:logGet(46)) - raft.server.log.segment.size.max = 1048576 (custom)
2022-11-14 01:04:29,980 [pool-95-thread-1] INFO  server.RaftServerConfigKeys (ConfUtils.java:logGet(46)) - raft.server.log.segment.cache.num.max = 2 (custom)
2022-11-14 01:04:29,980 [pool-95-thread-1] INFO  server.RaftServerConfigKeys (ConfUtils.java:logGet(46)) - raft.server.log.segment.cache.size.max = 200MB (=209715200) (default)
2022-11-14 01:04:29,980 [pool-95-thread-1] INFO  segmented.SegmentedRaftLogWorker (SegmentedRaftLogWorker.java:<init>(191)) - new 303bca5f-e220-44f8-957a-f0bd1a8a67be@group-42712CCB35A6-SegmentedRaftLogWorker for RaftStorageImpl:Storage Directory /home/runner/work/ozone/ozone/hadoop-ozone/integration-test/target/test-dir/MiniOzoneClusterImpl-733ab8e8-73b4-47ae-b22b-a548a4863177/datanode-1/data/ratis/83a746d0-ddf1-4803-a311-42712ccb35a6
2022-11-14 01:04:29,980 [pool-95-thread-1] INFO  server.RaftServerConfigKeys (ConfUtils.java:logGet(46)) - raft.server.log.queue.byte-limit = 4294967296 (custom)
2022-11-14 01:04:29,980 [pool-95-thread-1] INFO  server.RaftServerConfigKeys (ConfUtils.java:logGet(46)) - raft.server.log.queue.element-limit = 1024 (custom)
2022-11-14 01:04:29,980 [pool-95-thread-1] INFO  server.RaftServerConfigKeys (ConfUtils.java:logGet(46)) - raft.server.log.segment.size.max = 1048576 (custom)
2022-11-14 01:04:29,980 [pool-95-thread-1] INFO  server.RaftServerConfigKeys (ConfUtils.java:logGet(46)) - raft.server.log.preallocated.size = 16384 (custom)
2022-11-14 01:04:29,980 [pool-95-thread-1] INFO  server.RaftServerConfigKeys (ConfUtils.java:logGet(46)) - raft.server.log.force.sync.num = 128 (default)
2022-11-14 01:04:29,980 [pool-95-thread-1] INFO  server.RaftServerConfigKeys (ConfUtils.java:logGet(46)) - raft.server.log.statemachine.data.sync = true (default)
2022-11-14 01:04:29,980 [pool-95-thread-1] INFO  server.RaftServerConfigKeys (ConfUtils.java:logGet(46)) - raft.server.log.statemachine.data.sync.timeout = 10s (default)
2022-11-14 01:04:29,980 [pool-95-thread-1] INFO  server.RaftServerConfigKeys (ConfUtils.java:logGet(46)) - raft.server.log.statemachine.data.sync.timeout.retry = -1 (default)
2022-11-14 01:04:29,985 [pool-95-thread-1] INFO  server.RaftServerConfigKeys (ConfUtils.java:logGet(46)) - raft.server.log.write.buffer.size = 1048576 (custom)
2022-11-14 01:04:29,986 [pool-95-thread-1] INFO  server.RaftServerConfigKeys (ConfUtils.java:logGet(46)) - raft.server.log.unsafe-flush.enabled = false (default)
2022-11-14 01:04:29,986 [pool-95-thread-1] INFO  server.RaftServerConfigKeys (ConfUtils.java:logGet(46)) - raft.server.log.async-flush.enabled = false (default)
2022-11-14 01:04:29,987 [pool-95-thread-1] INFO  server.RaftServerConfigKeys (ConfUtils.java:logGet(46)) - raft.server.log.statemachine.data.caching.enabled = true (custom)
2022-11-14 01:04:29,987 [pool-95-thread-1] INFO  segmented.SegmentedRaftLogWorker (SegmentedRaftLogWorker.java:lambda$new$0(136)) - 303bca5f-e220-44f8-957a-f0bd1a8a67be@group-42712CCB35A6-SegmentedRaftLogWorker: flushIndex: setUnconditionally 0 -> -1
2022-11-14 01:04:29,987 [pool-95-thread-1] INFO  segmented.SegmentedRaftLogWorker (SegmentedRaftLogWorker.java:lambda$new$0(136)) - 303bca5f-e220-44f8-957a-f0bd1a8a67be@group-42712CCB35A6-SegmentedRaftLogWorker: safeCacheEvictIndex: setUnconditionally 0 -> -1
2022-11-14 01:04:29,988 [pool-95-thread-1] INFO  server.RaftServer$Division (RaftServerImpl.java:start(334)) - 303bca5f-e220-44f8-957a-f0bd1a8a67be@group-42712CCB35A6: start as a follower, conf=-1: peers:[06e93c36-3e5f-4b60-afd6-cffad6b8ca77|rpc:10.1.0.33:33135|priority:1|startupRole:FOLLOWER, 303bca5f-e220-44f8-957a-f0bd1a8a67be|rpc:10.1.0.33:42857|priority:0|startupRole:FOLLOWER, 50a771df-70d3-4c7d-9ea2-11e60400c1f5|rpc:10.1.0.33:34193|priority:0|startupRole:FOLLOWER]|listeners:[], old=null
2022-11-14 01:04:29,988 [pool-95-thread-1] INFO  server.RaftServer$Division (RaftServerImpl.java:setRole(321)) - 303bca5f-e220-44f8-957a-f0bd1a8a67be@group-42712CCB35A6: changes role from      null to FOLLOWER at term 0 for startAsFollower
2022-11-14 01:04:29,988 [pool-95-thread-1] INFO  impl.RoleInfo (RoleInfo.java:updateAndGet(139)) - 303bca5f-e220-44f8-957a-f0bd1a8a67be: start 303bca5f-e220-44f8-957a-f0bd1a8a67be@group-42712CCB35A6-FollowerState
2022-11-14 01:04:29,988 [pool-95-thread-1] INFO  util.JmxRegister (JmxRegister.java:tryRegister(44)) - Successfully registered JMX Bean with object name Ratis:service=RaftServer,group=group-42712CCB35A6,id=303bca5f-e220-44f8-957a-f0bd1a8a67be
2022-11-14 01:04:29,988 [pool-95-thread-1] INFO  server.RaftServerConfigKeys (ConfUtils.java:logGet(46)) - raft.server.snapshot.auto.trigger.enabled = true (custom)
2022-11-14 01:04:29,988 [pool-95-thread-1] INFO  server.RaftServerConfigKeys (ConfUtils.java:logGet(46)) - raft.server.snapshot.auto.trigger.threshold = 10000 (custom)
2022-11-14 01:04:29,988 [pool-95-thread-1] INFO  server.RaftServerConfigKeys (ConfUtils.java:logGet(46)) - raft.server.snapshot.retention.file.num = 5 (custom)
2022-11-14 01:04:29,988 [pool-95-thread-1] INFO  server.RaftServerConfigKeys (ConfUtils.java:logGet(46)) - raft.server.log.purge.upto.snapshot.index = false (default)
2022-11-14 01:04:29,990 [303bca5f-e220-44f8-957a-f0bd1a8a67be@group-42712CCB35A6-FollowerState] INFO  server.RaftServerConfigKeys (ConfUtils.java:logFallback(53)) - raft.server.rpc.first-election.timeout.min = 5s (fallback to raft.server.rpc.timeout.min)
2022-11-14 01:04:29,990 [303bca5f-e220-44f8-957a-f0bd1a8a67be@group-42712CCB35A6-FollowerState] INFO  server.RaftServerConfigKeys (ConfUtils.java:logFallback(53)) - raft.server.rpc.first-election.timeout.max = 5200ms (fallback to raft.server.rpc.timeout.max)
2022-11-14 01:04:29,991 [Command processor thread] INFO  ratis.XceiverServerRatis (XceiverServerRatis.java:addGroup(765)) - Created group PipelineID=83a746d0-ddf1-4803-a311-42712ccb35a6
2022-11-14 01:04:30,075 [grpc-default-executor-0] INFO  server.RaftServer (RaftServerProxy.java:addNew(96)) - 06e93c36-3e5f-4b60-afd6-cffad6b8ca77: addNew group-42712CCB35A6:[06e93c36-3e5f-4b60-afd6-cffad6b8ca77|rpc:10.1.0.33:33135|dataStream:|priority:1|startupRole:FOLLOWER, 303bca5f-e220-44f8-957a-f0bd1a8a67be|rpc:10.1.0.33:42857|dataStream:|priority:0|startupRole:FOLLOWER, 50a771df-70d3-4c7d-9ea2-11e60400c1f5|rpc:10.1.0.33:34193|dataStream:|priority:0|startupRole:FOLLOWER] returns group-42712CCB35A6:java.util.concurrent.CompletableFuture@2335b006[Not completed]
2022-11-14 01:04:30,077 [pool-118-thread-1] INFO  server.RaftServer$Division (RaftServerImpl.java:<init>(195)) - 06e93c36-3e5f-4b60-afd6-cffad6b8ca77: new RaftServerImpl for group-42712CCB35A6:[06e93c36-3e5f-4b60-afd6-cffad6b8ca77|rpc:10.1.0.33:33135|dataStream:|priority:1|startupRole:FOLLOWER, 303bca5f-e220-44f8-957a-f0bd1a8a67be|rpc:10.1.0.33:42857|dataStream:|priority:0|startupRole:FOLLOWER, 50a771df-70d3-4c7d-9ea2-11e60400c1f5|rpc:10.1.0.33:34193|dataStream:|priority:0|startupRole:FOLLOWER] with ContainerStateMachine:uninitialized
2022-11-14 01:04:30,077 [pool-118-thread-1] INFO  server.RaftServerConfigKeys (ConfUtils.java:logGet(46)) - raft.server.rpc.timeout.min = 5s (custom)
2022-11-14 01:04:30,077 [pool-118-thread-1] INFO  server.RaftServerConfigKeys (ConfUtils.java:logGet(46)) - raft.server.rpc.timeout.max = 5200ms (custom)
2022-11-14 01:04:30,077 [pool-118-thread-1] INFO  server.RaftServerConfigKeys (ConfUtils.java:logGet(46)) - raft.server.rpc.sleep.time = 25ms (default)
2022-11-14 01:04:30,077 [pool-118-thread-1] INFO  server.RaftServerConfigKeys (ConfUtils.java:logGet(46)) - raft.server.rpc.slowness.timeout = 300s (custom)
2022-11-14 01:04:30,077 [pool-118-thread-1] INFO  server.RaftServerConfigKeys (ConfUtils.java:logGet(46)) - raft.server.leaderelection.leader.step-down.wait-time = 10s (default)
2022-11-14 01:04:30,077 [pool-118-thread-1] INFO  server.RaftServerConfigKeys (ConfUtils.java:logGet(46)) - raft.server.sleep.deviation.threshold = 300ms (default)
2022-11-14 01:04:30,077 [pool-118-thread-1] INFO  server.RaftServer$Division (ServerState.java:<init>(118)) - 06e93c36-3e5f-4b60-afd6-cffad6b8ca77@group-42712CCB35A6: ConfigurationManager, init=-1: peers:[06e93c36-3e5f-4b60-afd6-cffad6b8ca77|rpc:10.1.0.33:33135|dataStream:|priority:1|startupRole:FOLLOWER, 303bca5f-e220-44f8-957a-f0bd1a8a67be|rpc:10.1.0.33:42857|dataStream:|priority:0|startupRole:FOLLOWER, 50a771df-70d3-4c7d-9ea2-11e60400c1f5|rpc:10.1.0.33:34193|dataStream:|priority:0|startupRole:FOLLOWER]|listeners:[], old=null, confs=<EMPTY_MAP>
2022-11-14 01:04:30,078 [pool-118-thread-1] INFO  server.RaftServerConfigKeys (ConfUtils.java:logGet(46)) - raft.server.storage.dir = [/home/runner/work/ozone/ozone/hadoop-ozone/integration-test/target/test-dir/MiniOzoneClusterImpl-733ab8e8-73b4-47ae-b22b-a548a4863177/datanode-2/data/ratis] (custom)
2022-11-14 01:04:30,078 [pool-118-thread-1] INFO  server.RaftServerConfigKeys (ConfUtils.java:logGet(46)) - raft.server.log.corruption.policy = EXCEPTION (default)
2022-11-14 01:04:30,078 [pool-118-thread-1] INFO  server.RaftServerConfigKeys (ConfUtils.java:logGet(46)) - raft.server.storage.free-space.min = 0MB (=0) (default)
2022-11-14 01:04:30,078 [pool-118-thread-1] INFO  server.RaftServerConfigKeys (ConfUtils.java:logGet(46)) - raft.server.notification.no-leader.timeout = 300s (custom)
2022-11-14 01:04:30,078 [pool-118-thread-1] INFO  server.RaftServerConfigKeys (ConfUtils.java:logGet(46)) - raft.server.retrycache.expirytime = 600000ms (custom)
2022-11-14 01:04:30,078 [pool-118-thread-1] INFO  server.RaftServerConfigKeys (ConfUtils.java:logGet(46)) - raft.server.retrycache.statistics.expirytime = 100μs (default)
2022-11-14 01:04:30,084 [pool-118-thread-1] INFO  server.RaftServerConfigKeys (ConfUtils.java:logGet(46)) - raft.server.log.appender.install.snapshot.enabled = false (custom)
2022-11-14 01:04:30,084 [pool-118-thread-1] INFO  server.RaftServerConfigKeys (ConfUtils.java:logGet(46)) - raft.server.threadpool.server.cached = true (default)
2022-11-14 01:04:30,084 [pool-118-thread-1] INFO  server.RaftServerConfigKeys (ConfUtils.java:logGet(46)) - raft.server.threadpool.server.size = 0 (default)
2022-11-14 01:04:30,084 [pool-118-thread-1] INFO  server.RaftServerConfigKeys (ConfUtils.java:logGet(46)) - raft.server.threadpool.client.cached = true (default)
2022-11-14 01:04:30,084 [pool-118-thread-1] INFO  server.RaftServerConfigKeys (ConfUtils.java:logGet(46)) - raft.server.threadpool.client.size = 0 (default)
2022-11-14 01:04:30,085 [pool-118-thread-1] INFO  storage.RaftStorageDirectory (RaftStorageDirectoryImpl.java:analyzeStorage(137)) - The storage directory /home/runner/work/ozone/ozone/hadoop-ozone/integration-test/target/test-dir/MiniOzoneClusterImpl-733ab8e8-73b4-47ae-b22b-a548a4863177/datanode-2/data/ratis/83a746d0-ddf1-4803-a311-42712ccb35a6 does not exist. Creating ...
2022-11-14 01:04:30,086 [pool-118-thread-1] INFO  storage.RaftStorageDirectory (RaftStorageDirectoryImpl.java:tryLock(231)) - Lock on /home/runner/work/ozone/ozone/hadoop-ozone/integration-test/target/test-dir/MiniOzoneClusterImpl-733ab8e8-73b4-47ae-b22b-a548a4863177/datanode-2/data/ratis/83a746d0-ddf1-4803-a311-42712ccb35a6/in_use.lock acquired by nodename 11961@fv-az334-552
2022-11-14 01:04:30,088 [pool-118-thread-1] INFO  storage.RaftStorage (RaftStorageImpl.java:format(96)) - Storage directory /home/runner/work/ozone/ozone/hadoop-ozone/integration-test/target/test-dir/MiniOzoneClusterImpl-733ab8e8-73b4-47ae-b22b-a548a4863177/datanode-2/data/ratis/83a746d0-ddf1-4803-a311-42712ccb35a6 has been successfully formatted.
2022-11-14 01:04:30,090 [pool-118-thread-1] INFO  ratis.ContainerStateMachine (ContainerStateMachine.java:loadSnapshot(236)) - group-42712CCB35A6: The snapshot info is null. Setting the last applied indexto:(t:0, i:~)
2022-11-14 01:04:30,090 [pool-118-thread-1] INFO  server.RaftServerConfigKeys (ConfUtils.java:logGet(46)) - raft.server.log.use.memory = false (default)
2022-11-14 01:04:30,090 [pool-118-thread-1] INFO  server.RaftServerConfigKeys (ConfUtils.java:logGet(46)) - raft.server.log.purge.gap = 1000000 (custom)
2022-11-14 01:04:30,090 [pool-118-thread-1] INFO  server.RaftServerConfigKeys (ConfUtils.java:logGet(46)) - raft.server.log.appender.buffer.byte-limit = 33554432 (custom)
2022-11-14 01:04:30,090 [pool-118-thread-1] INFO  server.RaftServerConfigKeys (ConfUtils.java:logGet(46)) - raft.server.log.statemachine.data.read.timeout = 1000ms (default)
2022-11-14 01:04:30,090 [pool-118-thread-1] INFO  server.RaftServerConfigKeys (ConfUtils.java:logGet(46)) - raft.server.log.purge.preservation.log.num = 0 (default)
2022-11-14 01:04:30,091 [pool-118-thread-1] INFO  server.RaftServerConfigKeys (ConfUtils.java:logGet(46)) - raft.server.log.segment.size.max = 1048576 (custom)
2022-11-14 01:04:30,097 [pool-118-thread-1] INFO  server.RaftServerConfigKeys (ConfUtils.java:logGet(46)) - raft.server.log.segment.cache.num.max = 2 (custom)
2022-11-14 01:04:30,097 [pool-118-thread-1] INFO  server.RaftServerConfigKeys (ConfUtils.java:logGet(46)) - raft.server.log.segment.cache.size.max = 200MB (=209715200) (default)
2022-11-14 01:04:30,100 [pool-118-thread-1] INFO  segmented.SegmentedRaftLogWorker (SegmentedRaftLogWorker.java:<init>(191)) - new 06e93c36-3e5f-4b60-afd6-cffad6b8ca77@group-42712CCB35A6-SegmentedRaftLogWorker for RaftStorageImpl:Storage Directory /home/runner/work/ozone/ozone/hadoop-ozone/integration-test/target/test-dir/MiniOzoneClusterImpl-733ab8e8-73b4-47ae-b22b-a548a4863177/datanode-2/data/ratis/83a746d0-ddf1-4803-a311-42712ccb35a6
2022-11-14 01:04:30,100 [pool-118-thread-1] INFO  server.RaftServerConfigKeys (ConfUtils.java:logGet(46)) - raft.server.log.queue.byte-limit = 4294967296 (custom)
2022-11-14 01:04:30,100 [pool-118-thread-1] INFO  server.RaftServerConfigKeys (ConfUtils.java:logGet(46)) - raft.server.log.queue.element-limit = 1024 (custom)
2022-11-14 01:04:30,101 [pool-118-thread-1] INFO  server.RaftServerConfigKeys (ConfUtils.java:logGet(46)) - raft.server.log.segment.size.max = 1048576 (custom)
2022-11-14 01:04:30,101 [pool-118-thread-1] INFO  server.RaftServerConfigKeys (ConfUtils.java:logGet(46)) - raft.server.log.preallocated.size = 16384 (custom)
2022-11-14 01:04:30,102 [pool-118-thread-1] INFO  server.RaftServerConfigKeys (ConfUtils.java:logGet(46)) - raft.server.log.force.sync.num = 128 (default)
2022-11-14 01:04:30,102 [pool-118-thread-1] INFO  server.RaftServerConfigKeys (ConfUtils.java:logGet(46)) - raft.server.log.statemachine.data.sync = true (default)
2022-11-14 01:04:30,102 [pool-118-thread-1] INFO  server.RaftServerConfigKeys (ConfUtils.java:logGet(46)) - raft.server.log.statemachine.data.sync.timeout = 10s (default)
2022-11-14 01:04:30,102 [pool-118-thread-1] INFO  server.RaftServerConfigKeys (ConfUtils.java:logGet(46)) - raft.server.log.statemachine.data.sync.timeout.retry = -1 (default)
2022-11-14 01:04:30,104 [pool-118-thread-1] INFO  server.RaftServerConfigKeys (ConfUtils.java:logGet(46)) - raft.server.log.write.buffer.size = 1048576 (custom)
2022-11-14 01:04:30,104 [pool-118-thread-1] INFO  server.RaftServerConfigKeys (ConfUtils.java:logGet(46)) - raft.server.log.unsafe-flush.enabled = false (default)
2022-11-14 01:04:30,104 [pool-118-thread-1] INFO  server.RaftServerConfigKeys (ConfUtils.java:logGet(46)) - raft.server.log.async-flush.enabled = false (default)
2022-11-14 01:04:30,106 [pool-118-thread-1] INFO  server.RaftServerConfigKeys (ConfUtils.java:logGet(46)) - raft.server.log.statemachine.data.caching.enabled = true (custom)
2022-11-14 01:04:30,106 [pool-118-thread-1] INFO  segmented.SegmentedRaftLogWorker (SegmentedRaftLogWorker.java:lambda$new$0(136)) - 06e93c36-3e5f-4b60-afd6-cffad6b8ca77@group-42712CCB35A6-SegmentedRaftLogWorker: flushIndex: setUnconditionally 0 -> -1
2022-11-14 01:04:30,106 [pool-118-thread-1] INFO  segmented.SegmentedRaftLogWorker (SegmentedRaftLogWorker.java:lambda$new$0(136)) - 06e93c36-3e5f-4b60-afd6-cffad6b8ca77@group-42712CCB35A6-SegmentedRaftLogWorker: safeCacheEvictIndex: setUnconditionally 0 -> -1
2022-11-14 01:04:30,107 [pool-118-thread-1] INFO  server.RaftServer$Division (RaftServerImpl.java:start(334)) - 06e93c36-3e5f-4b60-afd6-cffad6b8ca77@group-42712CCB35A6: start as a follower, conf=-1: peers:[06e93c36-3e5f-4b60-afd6-cffad6b8ca77|rpc:10.1.0.33:33135|dataStream:|priority:1|startupRole:FOLLOWER, 303bca5f-e220-44f8-957a-f0bd1a8a67be|rpc:10.1.0.33:42857|dataStream:|priority:0|startupRole:FOLLOWER, 50a771df-70d3-4c7d-9ea2-11e60400c1f5|rpc:10.1.0.33:34193|dataStream:|priority:0|startupRole:FOLLOWER]|listeners:[], old=null
2022-11-14 01:04:30,107 [pool-118-thread-1] INFO  server.RaftServer$Division (RaftServerImpl.java:setRole(321)) - 06e93c36-3e5f-4b60-afd6-cffad6b8ca77@group-42712CCB35A6: changes role from      null to FOLLOWER at term 0 for startAsFollower
2022-11-14 01:04:30,107 [pool-118-thread-1] INFO  impl.RoleInfo (RoleInfo.java:updateAndGet(139)) - 06e93c36-3e5f-4b60-afd6-cffad6b8ca77: start 06e93c36-3e5f-4b60-afd6-cffad6b8ca77@group-42712CCB35A6-FollowerState
2022-11-14 01:04:30,109 [pool-118-thread-1] INFO  util.JmxRegister (JmxRegister.java:tryRegister(44)) - Successfully registered JMX Bean with object name Ratis:service=RaftServer,group=group-42712CCB35A6,id=06e93c36-3e5f-4b60-afd6-cffad6b8ca77
2022-11-14 01:04:30,109 [pool-118-thread-1] INFO  server.RaftServerConfigKeys (ConfUtils.java:logGet(46)) - raft.server.snapshot.auto.trigger.enabled = true (custom)
2022-11-14 01:04:30,109 [pool-118-thread-1] INFO  server.RaftServerConfigKeys (ConfUtils.java:logGet(46)) - raft.server.snapshot.auto.trigger.threshold = 10000 (custom)
2022-11-14 01:04:30,109 [pool-118-thread-1] INFO  server.RaftServerConfigKeys (ConfUtils.java:logGet(46)) - raft.server.snapshot.retention.file.num = 5 (custom)
2022-11-14 01:04:30,109 [pool-118-thread-1] INFO  server.RaftServerConfigKeys (ConfUtils.java:logGet(46)) - raft.server.log.purge.upto.snapshot.index = false (default)
2022-11-14 01:04:30,113 [06e93c36-3e5f-4b60-afd6-cffad6b8ca77@group-42712CCB35A6-FollowerState] INFO  server.RaftServerConfigKeys (ConfUtils.java:logFallback(53)) - raft.server.rpc.first-election.timeout.min = 5s (fallback to raft.server.rpc.timeout.min)
2022-11-14 01:04:30,116 [06e93c36-3e5f-4b60-afd6-cffad6b8ca77@group-42712CCB35A6-FollowerState] INFO  server.RaftServerConfigKeys (ConfUtils.java:logFallback(53)) - raft.server.rpc.first-election.timeout.max = 5200ms (fallback to raft.server.rpc.timeout.max)
2022-11-14 01:04:30,227 [Listener at 127.0.0.1/41321] INFO  ozone.MiniOzoneClusterImpl (MiniOzoneClusterImpl.java:lambda$waitForClusterToBeReady$0(216)) - Nodes are ready. Got 6 of 6 DN Heartbeats.
2022-11-14 01:04:30,228 [Listener at 127.0.0.1/41321] INFO  ozone.MiniOzoneClusterImpl (MiniOzoneClusterImpl.java:lambda$waitForClusterToBeReady$0(219)) - Waiting for cluster to exit safe mode
2022-11-14 01:04:30,228 [Listener at 127.0.0.1/41321] INFO  ozone.MiniOzoneClusterImpl (MiniOzoneClusterImpl.java:lambda$waitForClusterToBeReady$0(221)) - SCM became leader
2022-11-14 01:04:30,245 [Command processor thread] INFO  commandhandler.CreatePipelineCommandHandler (CreatePipelineCommandHandler.java:handle(113)) - Created Pipeline RATIS THREE PipelineID=83a746d0-ddf1-4803-a311-42712ccb35a6.
2022-11-14 01:04:30,247 [Command processor thread] INFO  server.RaftServer (RaftServerProxy.java:addNew(96)) - 303bca5f-e220-44f8-957a-f0bd1a8a67be: addNew group-7477ECCF7542:[06e93c36-3e5f-4b60-afd6-cffad6b8ca77|rpc:10.1.0.33:33135|priority:0|startupRole:FOLLOWER, 303bca5f-e220-44f8-957a-f0bd1a8a67be|rpc:10.1.0.33:42857|priority:0|startupRole:FOLLOWER, 50a771df-70d3-4c7d-9ea2-11e60400c1f5|rpc:10.1.0.33:34193|priority:1|startupRole:FOLLOWER] returns group-7477ECCF7542:java.util.concurrent.CompletableFuture@79358853[Not completed]
2022-11-14 01:04:30,248 [pool-95-thread-1] INFO  server.RaftServer$Division (RaftServerImpl.java:<init>(195)) - 303bca5f-e220-44f8-957a-f0bd1a8a67be: new RaftServerImpl for group-7477ECCF7542:[06e93c36-3e5f-4b60-afd6-cffad6b8ca77|rpc:10.1.0.33:33135|priority:0|startupRole:FOLLOWER, 303bca5f-e220-44f8-957a-f0bd1a8a67be|rpc:10.1.0.33:42857|priority:0|startupRole:FOLLOWER, 50a771df-70d3-4c7d-9ea2-11e60400c1f5|rpc:10.1.0.33:34193|priority:1|startupRole:FOLLOWER] with ContainerStateMachine:uninitialized
2022-11-14 01:04:30,249 [pool-95-thread-1] INFO  server.RaftServerConfigKeys (ConfUtils.java:logGet(46)) - raft.server.rpc.timeout.min = 5s (custom)
2022-11-14 01:04:30,249 [pool-95-thread-1] INFO  server.RaftServerConfigKeys (ConfUtils.java:logGet(46)) - raft.server.rpc.timeout.max = 5200ms (custom)
2022-11-14 01:04:30,249 [pool-95-thread-1] INFO  server.RaftServerConfigKeys (ConfUtils.java:logGet(46)) - raft.server.rpc.sleep.time = 25ms (default)
2022-11-14 01:04:30,249 [pool-95-thread-1] INFO  server.RaftServerConfigKeys (ConfUtils.java:logGet(46)) - raft.server.rpc.slowness.timeout = 300s (custom)
2022-11-14 01:04:30,249 [pool-95-thread-1] INFO  server.RaftServerConfigKeys (ConfUtils.java:logGet(46)) - raft.server.leaderelection.leader.step-down.wait-time = 10s (default)
2022-11-14 01:04:30,249 [pool-95-thread-1] INFO  server.RaftServerConfigKeys (ConfUtils.java:logGet(46)) - raft.server.sleep.deviation.threshold = 300ms (default)
2022-11-14 01:04:30,249 [pool-95-thread-1] INFO  server.RaftServer$Division (ServerState.java:<init>(118)) - 303bca5f-e220-44f8-957a-f0bd1a8a67be@group-7477ECCF7542: ConfigurationManager, init=-1: peers:[06e93c36-3e5f-4b60-afd6-cffad6b8ca77|rpc:10.1.0.33:33135|priority:0|startupRole:FOLLOWER, 303bca5f-e220-44f8-957a-f0bd1a8a67be|rpc:10.1.0.33:42857|priority:0|startupRole:FOLLOWER, 50a771df-70d3-4c7d-9ea2-11e60400c1f5|rpc:10.1.0.33:34193|priority:1|startupRole:FOLLOWER]|listeners:[], old=null, confs=<EMPTY_MAP>
2022-11-14 01:04:30,249 [pool-95-thread-1] INFO  server.RaftServerConfigKeys (ConfUtils.java:logGet(46)) - raft.server.storage.dir = [/home/runner/work/ozone/ozone/hadoop-ozone/integration-test/target/test-dir/MiniOzoneClusterImpl-733ab8e8-73b4-47ae-b22b-a548a4863177/datanode-1/data/ratis] (custom)
2022-11-14 01:04:30,249 [pool-95-thread-1] INFO  server.RaftServerConfigKeys (ConfUtils.java:logGet(46)) - raft.server.log.corruption.policy = EXCEPTION (default)
2022-11-14 01:04:30,249 [pool-95-thread-1] INFO  server.RaftServerConfigKeys (ConfUtils.java:logGet(46)) - raft.server.storage.free-space.min = 0MB (=0) (default)
2022-11-14 01:04:30,249 [pool-95-thread-1] INFO  server.RaftServerConfigKeys (ConfUtils.java:logGet(46)) - raft.server.notification.no-leader.timeout = 300s (custom)
2022-11-14 01:04:30,249 [pool-95-thread-1] INFO  server.RaftServerConfigKeys (ConfUtils.java:logGet(46)) - raft.server.retrycache.expirytime = 600000ms (custom)
2022-11-14 01:04:30,249 [pool-95-thread-1] INFO  server.RaftServerConfigKeys (ConfUtils.java:logGet(46)) - raft.server.retrycache.statistics.expirytime = 100μs (default)
2022-11-14 01:04:30,250 [pool-95-thread-1] INFO  server.RaftServerConfigKeys (ConfUtils.java:logGet(46)) - raft.server.log.appender.install.snapshot.enabled = false (custom)
2022-11-14 01:04:30,250 [pool-95-thread-1] INFO  server.RaftServerConfigKeys (ConfUtils.java:logGet(46)) - raft.server.threadpool.server.cached = true (default)
2022-11-14 01:04:30,250 [pool-95-thread-1] INFO  server.RaftServerConfigKeys (ConfUtils.java:logGet(46)) - raft.server.threadpool.server.size = 0 (default)
2022-11-14 01:04:30,250 [pool-95-thread-1] INFO  server.RaftServerConfigKeys (ConfUtils.java:logGet(46)) - raft.server.threadpool.client.cached = true (default)
2022-11-14 01:04:30,251 [pool-95-thread-1] INFO  server.RaftServerConfigKeys (ConfUtils.java:logGet(46)) - raft.server.threadpool.client.size = 0 (default)
2022-11-14 01:04:30,251 [pool-95-thread-1] INFO  storage.RaftStorageDirectory (RaftStorageDirectoryImpl.java:analyzeStorage(137)) - The storage directory /home/runner/work/ozone/ozone/hadoop-ozone/integration-test/target/test-dir/MiniOzoneClusterImpl-733ab8e8-73b4-47ae-b22b-a548a4863177/datanode-1/data/ratis/f816e042-922b-4701-8e5d-7477eccf7542 does not exist. Creating ...
2022-11-14 01:04:30,252 [Command processor thread] INFO  commandhandler.CreatePipelineCommandHandler (CreatePipelineCommandHandler.java:handle(113)) - Created Pipeline RATIS THREE PipelineID=83a746d0-ddf1-4803-a311-42712ccb35a6.
2022-11-14 01:04:30,256 [Command processor thread] INFO  server.RaftServer (RaftServerProxy.java:addNew(96)) - 50a771df-70d3-4c7d-9ea2-11e60400c1f5: addNew group-7477ECCF7542:[06e93c36-3e5f-4b60-afd6-cffad6b8ca77|rpc:10.1.0.33:33135|priority:0|startupRole:FOLLOWER, 303bca5f-e220-44f8-957a-f0bd1a8a67be|rpc:10.1.0.33:42857|priority:0|startupRole:FOLLOWER, 50a771df-70d3-4c7d-9ea2-11e60400c1f5|rpc:10.1.0.33:34193|priority:1|startupRole:FOLLOWER] returns group-7477ECCF7542:java.util.concurrent.CompletableFuture@4a6616cb[Not completed]
2022-11-14 01:04:30,257 [pool-72-thread-1] INFO  server.RaftServer$Division (RaftServerImpl.java:<init>(195)) - 50a771df-70d3-4c7d-9ea2-11e60400c1f5: new RaftServerImpl for group-7477ECCF7542:[06e93c36-3e5f-4b60-afd6-cffad6b8ca77|rpc:10.1.0.33:33135|priority:0|startupRole:FOLLOWER, 303bca5f-e220-44f8-957a-f0bd1a8a67be|rpc:10.1.0.33:42857|priority:0|startupRole:FOLLOWER, 50a771df-70d3-4c7d-9ea2-11e60400c1f5|rpc:10.1.0.33:34193|priority:1|startupRole:FOLLOWER] with ContainerStateMachine:uninitialized
2022-11-14 01:04:30,257 [pool-72-thread-1] INFO  server.RaftServerConfigKeys (ConfUtils.java:logGet(46)) - raft.server.rpc.timeout.min = 5s (custom)
2022-11-14 01:04:30,257 [pool-72-thread-1] INFO  server.RaftServerConfigKeys (ConfUtils.java:logGet(46)) - raft.server.rpc.timeout.max = 5200ms (custom)
2022-11-14 01:04:30,257 [pool-72-thread-1] INFO  server.RaftServerConfigKeys (ConfUtils.java:logGet(46)) - raft.server.rpc.sleep.time = 25ms (default)
2022-11-14 01:04:30,257 [pool-72-thread-1] INFO  server.RaftServerConfigKeys (ConfUtils.java:logGet(46)) - raft.server.rpc.slowness.timeout = 300s (custom)
2022-11-14 01:04:30,257 [pool-72-thread-1] INFO  server.RaftServerConfigKeys (ConfUtils.java:logGet(46)) - raft.server.leaderelection.leader.step-down.wait-time = 10s (default)
2022-11-14 01:04:30,257 [pool-72-thread-1] INFO  server.RaftServerConfigKeys (ConfUtils.java:logGet(46)) - raft.server.sleep.deviation.threshold = 300ms (default)
2022-11-14 01:04:30,257 [pool-72-thread-1] INFO  server.RaftServer$Division (ServerState.java:<init>(118)) - 50a771df-70d3-4c7d-9ea2-11e60400c1f5@group-7477ECCF7542: ConfigurationManager, init=-1: peers:[06e93c36-3e5f-4b60-afd6-cffad6b8ca77|rpc:10.1.0.33:33135|priority:0|startupRole:FOLLOWER, 303bca5f-e220-44f8-957a-f0bd1a8a67be|rpc:10.1.0.33:42857|priority:0|startupRole:FOLLOWER, 50a771df-70d3-4c7d-9ea2-11e60400c1f5|rpc:10.1.0.33:34193|priority:1|startupRole:FOLLOWER]|listeners:[], old=null, confs=<EMPTY_MAP>
2022-11-14 01:04:30,258 [pool-118-thread-1] INFO  server.RaftServer$Division (RaftServerImpl.java:<init>(195)) - 06e93c36-3e5f-4b60-afd6-cffad6b8ca77: new RaftServerImpl for group-690B3A9B0979:[06e93c36-3e5f-4b60-afd6-cffad6b8ca77|rpc:10.1.0.33:33135|priority:1|startupRole:FOLLOWER] with ContainerStateMachine:uninitialized
2022-11-14 01:04:30,258 [pool-95-thread-1] INFO  storage.RaftStorageDirectory (RaftStorageDirectoryImpl.java:tryLock(231)) - Lock on /home/runner/work/ozone/ozone/hadoop-ozone/integration-test/target/test-dir/MiniOzoneClusterImpl-733ab8e8-73b4-47ae-b22b-a548a4863177/datanode-1/data/ratis/f816e042-922b-4701-8e5d-7477eccf7542/in_use.lock acquired by nodename 11961@fv-az334-552
2022-11-14 01:04:30,258 [Command processor thread] INFO  server.RaftServer (RaftServerProxy.java:addNew(96)) - 06e93c36-3e5f-4b60-afd6-cffad6b8ca77: addNew group-690B3A9B0979:[06e93c36-3e5f-4b60-afd6-cffad6b8ca77|rpc:10.1.0.33:33135|priority:1|startupRole:FOLLOWER] returns group-690B3A9B0979:java.util.concurrent.CompletableFuture@3809342[Not completed]
2022-11-14 01:04:30,265 [pool-118-thread-1] INFO  server.RaftServerConfigKeys (ConfUtils.java:logGet(46)) - raft.server.rpc.timeout.min = 5s (custom)
2022-11-14 01:04:30,266 [pool-118-thread-1] INFO  server.RaftServerConfigKeys (ConfUtils.java:logGet(46)) - raft.server.rpc.timeout.max = 5200ms (custom)
2022-11-14 01:04:30,266 [pool-118-thread-1] INFO  server.RaftServerConfigKeys (ConfUtils.java:logGet(46)) - raft.server.rpc.sleep.time = 25ms (default)
2022-11-14 01:04:30,266 [pool-118-thread-1] INFO  server.RaftServerConfigKeys (ConfUtils.java:logGet(46)) - raft.server.rpc.slowness.timeout = 300s (custom)
2022-11-14 01:04:30,266 [pool-118-thread-1] INFO  server.RaftServerConfigKeys (ConfUtils.java:logGet(46)) - raft.server.leaderelection.leader.step-down.wait-time = 10s (default)
2022-11-14 01:04:30,266 [pool-118-thread-1] INFO  server.RaftServerConfigKeys (ConfUtils.java:logGet(46)) - raft.server.sleep.deviation.threshold = 300ms (default)
2022-11-14 01:04:30,266 [pool-118-thread-1] INFO  server.RaftServer$Division (ServerState.java:<init>(118)) - 06e93c36-3e5f-4b60-afd6-cffad6b8ca77@group-690B3A9B0979: ConfigurationManager, init=-1: peers:[06e93c36-3e5f-4b60-afd6-cffad6b8ca77|rpc:10.1.0.33:33135|priority:1|startupRole:FOLLOWER]|listeners:[], old=null, confs=<EMPTY_MAP>
2022-11-14 01:04:30,266 [pool-118-thread-1] INFO  server.RaftServerConfigKeys (ConfUtils.java:logGet(46)) - raft.server.storage.dir = [/home/runner/work/ozone/ozone/hadoop-ozone/integration-test/target/test-dir/MiniOzoneClusterImpl-733ab8e8-73b4-47ae-b22b-a548a4863177/datanode-2/data/ratis] (custom)
2022-11-14 01:04:30,266 [pool-118-thread-1] INFO  server.RaftServerConfigKeys (ConfUtils.java:logGet(46)) - raft.server.log.corruption.policy = EXCEPTION (default)
2022-11-14 01:04:30,266 [pool-118-thread-1] INFO  server.RaftServerConfigKeys (ConfUtils.java:logGet(46)) - raft.server.storage.free-space.min = 0MB (=0) (default)
2022-11-14 01:04:30,266 [pool-118-thread-1] INFO  server.RaftServerConfigKeys (ConfUtils.java:logGet(46)) - raft.server.notification.no-leader.timeout = 300s (custom)
2022-11-14 01:04:30,267 [pool-118-thread-1] INFO  server.RaftServerConfigKeys (ConfUtils.java:logGet(46)) - raft.server.retrycache.expirytime = 600000ms (custom)
2022-11-14 01:04:30,267 [pool-118-thread-1] INFO  server.RaftServerConfigKeys (ConfUtils.java:logGet(46)) - raft.server.retrycache.statistics.expirytime = 100μs (default)
2022-11-14 01:04:30,268 [pool-118-thread-1] INFO  server.RaftServerConfigKeys (ConfUtils.java:logGet(46)) - raft.server.log.appender.install.snapshot.enabled = false (custom)
2022-11-14 01:04:30,268 [pool-118-thread-1] INFO  server.RaftServerConfigKeys (ConfUtils.java:logGet(46)) - raft.server.threadpool.server.cached = true (default)
2022-11-14 01:04:30,268 [pool-118-thread-1] INFO  server.RaftServerConfigKeys (ConfUtils.java:logGet(46)) - raft.server.threadpool.server.size = 0 (default)
2022-11-14 01:04:30,268 [pool-118-thread-1] INFO  server.RaftServerConfigKeys (ConfUtils.java:logGet(46)) - raft.server.threadpool.client.cached = true (default)
2022-11-14 01:04:30,268 [pool-118-thread-1] INFO  server.RaftServerConfigKeys (ConfUtils.java:logGet(46)) - raft.server.threadpool.client.size = 0 (default)
2022-11-14 01:04:30,268 [pool-118-thread-1] INFO  storage.RaftStorageDirectory (RaftStorageDirectoryImpl.java:analyzeStorage(137)) - The storage directory /home/runner/work/ozone/ozone/hadoop-ozone/integration-test/target/test-dir/MiniOzoneClusterImpl-733ab8e8-73b4-47ae-b22b-a548a4863177/datanode-2/data/ratis/caaadc1d-2f20-49b6-82d7-690b3a9b0979 does not exist. Creating ...
2022-11-14 01:04:30,264 [pool-72-thread-1] INFO  server.RaftServerConfigKeys (ConfUtils.java:logGet(46)) - raft.server.storage.dir = [/home/runner/work/ozone/ozone/hadoop-ozone/integration-test/target/test-dir/MiniOzoneClusterImpl-733ab8e8-73b4-47ae-b22b-a548a4863177/datanode-0/data/ratis] (custom)
2022-11-14 01:04:30,268 [pool-72-thread-1] INFO  server.RaftServerConfigKeys (ConfUtils.java:logGet(46)) - raft.server.log.corruption.policy = EXCEPTION (default)
2022-11-14 01:04:30,268 [pool-72-thread-1] INFO  server.RaftServerConfigKeys (ConfUtils.java:logGet(46)) - raft.server.storage.free-space.min = 0MB (=0) (default)
2022-11-14 01:04:30,268 [pool-72-thread-1] INFO  server.RaftServerConfigKeys (ConfUtils.java:logGet(46)) - raft.server.notification.no-leader.timeout = 300s (custom)
2022-11-14 01:04:30,268 [pool-72-thread-1] INFO  server.RaftServerConfigKeys (ConfUtils.java:logGet(46)) - raft.server.retrycache.expirytime = 600000ms (custom)
2022-11-14 01:04:30,268 [pool-72-thread-1] INFO  server.RaftServerConfigKeys (ConfUtils.java:logGet(46)) - raft.server.retrycache.statistics.expirytime = 100μs (default)
2022-11-14 01:04:30,270 [pool-72-thread-1] INFO  server.RaftServerConfigKeys (ConfUtils.java:logGet(46)) - raft.server.log.appender.install.snapshot.enabled = false (custom)
2022-11-14 01:04:30,270 [pool-72-thread-1] INFO  server.RaftServerConfigKeys (ConfUtils.java:logGet(46)) - raft.server.threadpool.server.cached = true (default)
2022-11-14 01:04:30,270 [pool-72-thread-1] INFO  server.RaftServerConfigKeys (ConfUtils.java:logGet(46)) - raft.server.threadpool.server.size = 0 (default)
2022-11-14 01:04:30,270 [pool-72-thread-1] INFO  server.RaftServerConfigKeys (ConfUtils.java:logGet(46)) - raft.server.threadpool.client.cached = true (default)
2022-11-14 01:04:30,270 [pool-72-thread-1] INFO  server.RaftServerConfigKeys (ConfUtils.java:logGet(46)) - raft.server.threadpool.client.size = 0 (default)
2022-11-14 01:04:30,270 [pool-72-thread-1] INFO  storage.RaftStorageDirectory (RaftStorageDirectoryImpl.java:analyzeStorage(137)) - The storage directory /home/runner/work/ozone/ozone/hadoop-ozone/integration-test/target/test-dir/MiniOzoneClusterImpl-733ab8e8-73b4-47ae-b22b-a548a4863177/datanode-0/data/ratis/f816e042-922b-4701-8e5d-7477eccf7542 does not exist. Creating ...
2022-11-14 01:04:30,271 [pool-118-thread-1] INFO  storage.RaftStorageDirectory (RaftStorageDirectoryImpl.java:tryLock(231)) - Lock on /home/runner/work/ozone/ozone/hadoop-ozone/integration-test/target/test-dir/MiniOzoneClusterImpl-733ab8e8-73b4-47ae-b22b-a548a4863177/datanode-2/data/ratis/caaadc1d-2f20-49b6-82d7-690b3a9b0979/in_use.lock acquired by nodename 11961@fv-az334-552
2022-11-14 01:04:30,271 [pool-95-thread-1] INFO  storage.RaftStorage (RaftStorageImpl.java:format(96)) - Storage directory /home/runner/work/ozone/ozone/hadoop-ozone/integration-test/target/test-dir/MiniOzoneClusterImpl-733ab8e8-73b4-47ae-b22b-a548a4863177/datanode-1/data/ratis/f816e042-922b-4701-8e5d-7477eccf7542 has been successfully formatted.
2022-11-14 01:04:30,272 [pool-95-thread-1] INFO  ratis.ContainerStateMachine (ContainerStateMachine.java:loadSnapshot(236)) - group-7477ECCF7542: The snapshot info is null. Setting the last applied indexto:(t:0, i:~)
2022-11-14 01:04:30,272 [pool-95-thread-1] INFO  server.RaftServerConfigKeys (ConfUtils.java:logGet(46)) - raft.server.log.use.memory = false (default)
2022-11-14 01:04:30,272 [pool-95-thread-1] INFO  server.RaftServerConfigKeys (ConfUtils.java:logGet(46)) - raft.server.log.purge.gap = 1000000 (custom)
2022-11-14 01:04:30,272 [pool-95-thread-1] INFO  server.RaftServerConfigKeys (ConfUtils.java:logGet(46)) - raft.server.log.appender.buffer.byte-limit = 33554432 (custom)
2022-11-14 01:04:30,272 [pool-95-thread-1] INFO  server.RaftServerConfigKeys (ConfUtils.java:logGet(46)) - raft.server.log.statemachine.data.read.timeout = 1000ms (default)
2022-11-14 01:04:30,272 [pool-95-thread-1] INFO  server.RaftServerConfigKeys (ConfUtils.java:logGet(46)) - raft.server.log.purge.preservation.log.num = 0 (default)
2022-11-14 01:04:30,272 [pool-95-thread-1] INFO  server.RaftServerConfigKeys (ConfUtils.java:logGet(46)) - raft.server.log.segment.size.max = 1048576 (custom)
2022-11-14 01:04:30,273 [pool-95-thread-1] INFO  server.RaftServerConfigKeys (ConfUtils.java:logGet(46)) - raft.server.log.segment.cache.num.max = 2 (custom)
2022-11-14 01:04:30,273 [pool-95-thread-1] INFO  server.RaftServerConfigKeys (ConfUtils.java:logGet(46)) - raft.server.log.segment.cache.size.max = 200MB (=209715200) (default)
2022-11-14 01:04:30,273 [pool-95-thread-1] INFO  segmented.SegmentedRaftLogWorker (SegmentedRaftLogWorker.java:<init>(191)) - new 303bca5f-e220-44f8-957a-f0bd1a8a67be@group-7477ECCF7542-SegmentedRaftLogWorker for RaftStorageImpl:Storage Directory /home/runner/work/ozone/ozone/hadoop-ozone/integration-test/target/test-dir/MiniOzoneClusterImpl-733ab8e8-73b4-47ae-b22b-a548a4863177/datanode-1/data/ratis/f816e042-922b-4701-8e5d-7477eccf7542
2022-11-14 01:04:30,273 [pool-95-thread-1] INFO  server.RaftServerConfigKeys (ConfUtils.java:logGet(46)) - raft.server.log.queue.byte-limit = 4294967296 (custom)
2022-11-14 01:04:30,273 [pool-95-thread-1] INFO  server.RaftServerConfigKeys (ConfUtils.java:logGet(46)) - raft.server.log.queue.element-limit = 1024 (custom)
2022-11-14 01:04:30,273 [pool-95-thread-1] INFO  server.RaftServerConfigKeys (ConfUtils.java:logGet(46)) - raft.server.log.segment.size.max = 1048576 (custom)
2022-11-14 01:04:30,273 [pool-95-thread-1] INFO  server.RaftServerConfigKeys (ConfUtils.java:logGet(46)) - raft.server.log.preallocated.size = 16384 (custom)
2022-11-14 01:04:30,273 [pool-95-thread-1] INFO  server.RaftServerConfigKeys (ConfUtils.java:logGet(46)) - raft.server.log.force.sync.num = 128 (default)
2022-11-14 01:04:30,273 [pool-95-thread-1] INFO  server.RaftServerConfigKeys (ConfUtils.java:logGet(46)) - raft.server.log.statemachine.data.sync = true (default)
2022-11-14 01:04:30,273 [pool-95-thread-1] INFO  server.RaftServerConfigKeys (ConfUtils.java:logGet(46)) - raft.server.log.statemachine.data.sync.timeout = 10s (default)
2022-11-14 01:04:30,273 [pool-95-thread-1] INFO  server.RaftServerConfigKeys (ConfUtils.java:logGet(46)) - raft.server.log.statemachine.data.sync.timeout.retry = -1 (default)
2022-11-14 01:04:30,274 [pool-72-thread-1] INFO  storage.RaftStorageDirectory (RaftStorageDirectoryImpl.java:tryLock(231)) - Lock on /home/runner/work/ozone/ozone/hadoop-ozone/integration-test/target/test-dir/MiniOzoneClusterImpl-733ab8e8-73b4-47ae-b22b-a548a4863177/datanode-0/data/ratis/f816e042-922b-4701-8e5d-7477eccf7542/in_use.lock acquired by nodename 11961@fv-az334-552
2022-11-14 01:04:30,276 [pool-72-thread-1] INFO  storage.RaftStorage (RaftStorageImpl.java:format(96)) - Storage directory /home/runner/work/ozone/ozone/hadoop-ozone/integration-test/target/test-dir/MiniOzoneClusterImpl-733ab8e8-73b4-47ae-b22b-a548a4863177/datanode-0/data/ratis/f816e042-922b-4701-8e5d-7477eccf7542 has been successfully formatted.
2022-11-14 01:04:30,276 [pool-72-thread-1] INFO  ratis.ContainerStateMachine (ContainerStateMachine.java:loadSnapshot(236)) - group-7477ECCF7542: The snapshot info is null. Setting the last applied indexto:(t:0, i:~)
2022-11-14 01:04:30,276 [pool-72-thread-1] INFO  server.RaftServerConfigKeys (ConfUtils.java:logGet(46)) - raft.server.log.use.memory = false (default)
2022-11-14 01:04:30,276 [pool-72-thread-1] INFO  server.RaftServerConfigKeys (ConfUtils.java:logGet(46)) - raft.server.log.purge.gap = 1000000 (custom)
2022-11-14 01:04:30,276 [pool-72-thread-1] INFO  server.RaftServerConfigKeys (ConfUtils.java:logGet(46)) - raft.server.log.appender.buffer.byte-limit = 33554432 (custom)
2022-11-14 01:04:30,276 [pool-72-thread-1] INFO  server.RaftServerConfigKeys (ConfUtils.java:logGet(46)) - raft.server.log.statemachine.data.read.timeout = 1000ms (default)
2022-11-14 01:04:30,276 [pool-72-thread-1] INFO  server.RaftServerConfigKeys (ConfUtils.java:logGet(46)) - raft.server.log.purge.preservation.log.num = 0 (default)
2022-11-14 01:04:30,277 [EventQueue-OpenPipelineForHealthyPipelineSafeModeRule] INFO  safemode.SCMSafeModeManager (HealthyPipelineSafeModeRule.java:process(137)) - SCM in safe mode. Healthy pipelines reported count is 0, required healthy pipeline reported count is 1
2022-11-14 01:04:30,278 [pool-118-thread-1] INFO  storage.RaftStorage (RaftStorageImpl.java:format(96)) - Storage directory /home/runner/work/ozone/ozone/hadoop-ozone/integration-test/target/test-dir/MiniOzoneClusterImpl-733ab8e8-73b4-47ae-b22b-a548a4863177/datanode-2/data/ratis/caaadc1d-2f20-49b6-82d7-690b3a9b0979 has been successfully formatted.
2022-11-14 01:04:30,278 [EventQueue-OpenPipelineForHealthyPipelineSafeModeRule] INFO  safemode.SCMSafeModeManager (HealthyPipelineSafeModeRule.java:process(137)) - SCM in safe mode. Healthy pipelines reported count is 0, required healthy pipeline reported count is 1
2022-11-14 01:04:30,279 [pool-118-thread-1] INFO  ratis.ContainerStateMachine (ContainerStateMachine.java:loadSnapshot(236)) - group-690B3A9B0979: The snapshot info is null. Setting the last applied indexto:(t:0, i:~)
2022-11-14 01:04:30,279 [pool-118-thread-1] INFO  server.RaftServerConfigKeys (ConfUtils.java:logGet(46)) - raft.server.log.use.memory = false (default)
2022-11-14 01:04:30,279 [pool-118-thread-1] INFO  server.RaftServerConfigKeys (ConfUtils.java:logGet(46)) - raft.server.log.purge.gap = 1000000 (custom)
2022-11-14 01:04:30,279 [pool-118-thread-1] INFO  server.RaftServerConfigKeys (ConfUtils.java:logGet(46)) - raft.server.log.appender.buffer.byte-limit = 33554432 (custom)
2022-11-14 01:04:30,279 [pool-118-thread-1] INFO  server.RaftServerConfigKeys (ConfUtils.java:logGet(46)) - raft.server.log.statemachine.data.read.timeout = 1000ms (default)
2022-11-14 01:04:30,279 [pool-118-thread-1] INFO  server.RaftServerConfigKeys (ConfUtils.java:logGet(46)) - raft.server.log.purge.preservation.log.num = 0 (default)
2022-11-14 01:04:30,282 [pool-95-thread-1] INFO  server.RaftServerConfigKeys (ConfUtils.java:logGet(46)) - raft.server.log.write.buffer.size = 1048576 (custom)
2022-11-14 01:04:30,282 [pool-118-thread-1] INFO  server.RaftServerConfigKeys (ConfUtils.java:logGet(46)) - raft.server.log.segment.size.max = 1048576 (custom)
2022-11-14 01:04:30,282 [pool-118-thread-1] INFO  server.RaftServerConfigKeys (ConfUtils.java:logGet(46)) - raft.server.log.segment.cache.num.max = 2 (custom)
2022-11-14 01:04:30,281 [pool-72-thread-1] INFO  server.RaftServerConfigKeys (ConfUtils.java:logGet(46)) - raft.server.log.segment.size.max = 1048576 (custom)
2022-11-14 01:04:30,280 [EventQueue-PipelineReportForPipelineReportHandler] INFO  pipeline.PipelineManagerImpl (PipelineManagerImpl.java:openPipeline(367)) - Pipeline Pipeline[ Id: caaadc1d-2f20-49b6-82d7-690b3a9b0979, Nodes: 06e93c36-3e5f-4b60-afd6-cffad6b8ca77{ip: 10.1.0.33, host: fv-az334-552.zg0gw54pbdoexfhqlmz30d51na.gx.internal.cloudapp.net, ports: [REPLICATION=39787, RATIS=33135, RATIS_ADMIN=33135, RATIS_SERVER=33135, STANDALONE=37159], networkLocation: /default-rack, certSerialId: null, persistedOpState: IN_SERVICE, persistedOpStateExpiryEpochSec: 0}, ReplicationConfig: RATIS/ONE, State:ALLOCATED, leaderId:06e93c36-3e5f-4b60-afd6-cffad6b8ca77, CreationTimestamp2022-11-14T01:04:27.259Z[Etc/UTC]] moved to OPEN state
2022-11-14 01:04:30,282 [pool-118-thread-1] INFO  server.RaftServerConfigKeys (ConfUtils.java:logGet(46)) - raft.server.log.segment.cache.size.max = 200MB (=209715200) (default)
2022-11-14 01:04:30,283 [pool-118-thread-1] INFO  segmented.SegmentedRaftLogWorker (SegmentedRaftLogWorker.java:<init>(191)) - new 06e93c36-3e5f-4b60-afd6-cffad6b8ca77@group-690B3A9B0979-SegmentedRaftLogWorker for RaftStorageImpl:Storage Directory /home/runner/work/ozone/ozone/hadoop-ozone/integration-test/target/test-dir/MiniOzoneClusterImpl-733ab8e8-73b4-47ae-b22b-a548a4863177/datanode-2/data/ratis/caaadc1d-2f20-49b6-82d7-690b3a9b0979
2022-11-14 01:04:30,283 [pool-118-thread-1] INFO  server.RaftServerConfigKeys (ConfUtils.java:logGet(46)) - raft.server.log.queue.byte-limit = 4294967296 (custom)
2022-11-14 01:04:30,283 [pool-118-thread-1] INFO  server.RaftServerConfigKeys (ConfUtils.java:logGet(46)) - raft.server.log.queue.element-limit = 1024 (custom)
2022-11-14 01:04:30,283 [pool-118-thread-1] INFO  server.RaftServerConfigKeys (ConfUtils.java:logGet(46)) - raft.server.log.segment.size.max = 1048576 (custom)
2022-11-14 01:04:30,283 [pool-118-thread-1] INFO  server.RaftServerConfigKeys (ConfUtils.java:logGet(46)) - raft.server.log.preallocated.size = 16384 (custom)
2022-11-14 01:04:30,283 [pool-118-thread-1] INFO  server.RaftServerConfigKeys (ConfUtils.java:logGet(46)) - raft.server.log.force.sync.num = 128 (default)
2022-11-14 01:04:30,283 [pool-118-thread-1] INFO  server.RaftServerConfigKeys (ConfUtils.java:logGet(46)) - raft.server.log.statemachine.data.sync = true (default)
2022-11-14 01:04:30,283 [EventQueue-OpenPipelineForHealthyPipelineSafeModeRule] INFO  safemode.SCMSafeModeManager (HealthyPipelineSafeModeRule.java:process(137)) - SCM in safe mode. Healthy pipelines reported count is 0, required healthy pipeline reported count is 1
2022-11-14 01:04:30,288 [pool-118-thread-1] INFO  server.RaftServerConfigKeys (ConfUtils.java:logGet(46)) - raft.server.log.statemachine.data.sync.timeout = 10s (default)
2022-11-14 01:04:30,288 [pool-118-thread-1] INFO  server.RaftServerConfigKeys (ConfUtils.java:logGet(46)) - raft.server.log.statemachine.data.sync.timeout.retry = -1 (default)
2022-11-14 01:04:30,288 [pool-118-thread-1] INFO  server.RaftServerConfigKeys (ConfUtils.java:logGet(46)) - raft.server.log.write.buffer.size = 1048576 (custom)
2022-11-14 01:04:30,289 [pool-118-thread-1] INFO  server.RaftServerConfigKeys (ConfUtils.java:logGet(46)) - raft.server.log.unsafe-flush.enabled = false (default)
2022-11-14 01:04:30,289 [pool-118-thread-1] INFO  server.RaftServerConfigKeys (ConfUtils.java:logGet(46)) - raft.server.log.async-flush.enabled = false (default)
2022-11-14 01:04:30,289 [pool-118-thread-1] INFO  server.RaftServerConfigKeys (ConfUtils.java:logGet(46)) - raft.server.log.statemachine.data.caching.enabled = true (custom)
2022-11-14 01:04:30,289 [pool-118-thread-1] INFO  segmented.SegmentedRaftLogWorker (SegmentedRaftLogWorker.java:lambda$new$0(136)) - 06e93c36-3e5f-4b60-afd6-cffad6b8ca77@group-690B3A9B0979-SegmentedRaftLogWorker: flushIndex: setUnconditionally 0 -> -1
2022-11-14 01:04:30,289 [pool-118-thread-1] INFO  segmented.SegmentedRaftLogWorker (SegmentedRaftLogWorker.java:lambda$new$0(136)) - 06e93c36-3e5f-4b60-afd6-cffad6b8ca77@group-690B3A9B0979-SegmentedRaftLogWorker: safeCacheEvictIndex: setUnconditionally 0 -> -1
2022-11-14 01:04:30,290 [pool-118-thread-1] INFO  server.RaftServer$Division (RaftServerImpl.java:start(334)) - 06e93c36-3e5f-4b60-afd6-cffad6b8ca77@group-690B3A9B0979: start as a follower, conf=-1: peers:[06e93c36-3e5f-4b60-afd6-cffad6b8ca77|rpc:10.1.0.33:33135|priority:1|startupRole:FOLLOWER]|listeners:[], old=null
2022-11-14 01:04:30,290 [pool-118-thread-1] INFO  server.RaftServer$Division (RaftServerImpl.java:setRole(321)) - 06e93c36-3e5f-4b60-afd6-cffad6b8ca77@group-690B3A9B0979: changes role from      null to FOLLOWER at term 0 for startAsFollower
2022-11-14 01:04:30,290 [pool-118-thread-1] INFO  impl.RoleInfo (RoleInfo.java:updateAndGet(139)) - 06e93c36-3e5f-4b60-afd6-cffad6b8ca77: start 06e93c36-3e5f-4b60-afd6-cffad6b8ca77@group-690B3A9B0979-FollowerState
2022-11-14 01:04:30,290 [pool-72-thread-1] INFO  server.RaftServerConfigKeys (ConfUtils.java:logGet(46)) - raft.server.log.segment.cache.num.max = 2 (custom)
2022-11-14 01:04:30,290 [pool-72-thread-1] INFO  server.RaftServerConfigKeys (ConfUtils.java:logGet(46)) - raft.server.log.segment.cache.size.max = 200MB (=209715200) (default)
2022-11-14 01:04:30,290 [pool-72-thread-1] INFO  segmented.SegmentedRaftLogWorker (SegmentedRaftLogWorker.java:<init>(191)) - new 50a771df-70d3-4c7d-9ea2-11e60400c1f5@group-7477ECCF7542-SegmentedRaftLogWorker for RaftStorageImpl:Storage Directory /home/runner/work/ozone/ozone/hadoop-ozone/integration-test/target/test-dir/MiniOzoneClusterImpl-733ab8e8-73b4-47ae-b22b-a548a4863177/datanode-0/data/ratis/f816e042-922b-4701-8e5d-7477eccf7542
2022-11-14 01:04:30,290 [pool-72-thread-1] INFO  server.RaftServerConfigKeys (ConfUtils.java:logGet(46)) - raft.server.log.queue.byte-limit = 4294967296 (custom)
2022-11-14 01:04:30,290 [pool-72-thread-1] INFO  server.RaftServerConfigKeys (ConfUtils.java:logGet(46)) - raft.server.log.queue.element-limit = 1024 (custom)
2022-11-14 01:04:30,290 [pool-118-thread-1] INFO  util.JmxRegister (JmxRegister.java:tryRegister(44)) - Successfully registered JMX Bean with object name Ratis:service=RaftServer,group=group-690B3A9B0979,id=06e93c36-3e5f-4b60-afd6-cffad6b8ca77
2022-11-14 01:04:30,290 [pool-95-thread-1] INFO  server.RaftServerConfigKeys (ConfUtils.java:logGet(46)) - raft.server.log.unsafe-flush.enabled = false (default)
2022-11-14 01:04:30,290 [pool-118-thread-1] INFO  server.RaftServerConfigKeys (ConfUtils.java:logGet(46)) - raft.server.snapshot.auto.trigger.enabled = true (custom)
2022-11-14 01:04:30,290 [pool-118-thread-1] INFO  server.RaftServerConfigKeys (ConfUtils.java:logGet(46)) - raft.server.snapshot.auto.trigger.threshold = 10000 (custom)
2022-11-14 01:04:30,290 [pool-118-thread-1] INFO  server.RaftServerConfigKeys (ConfUtils.java:logGet(46)) - raft.server.snapshot.retention.file.num = 5 (custom)
2022-11-14 01:04:30,290 [pool-118-thread-1] INFO  server.RaftServerConfigKeys (ConfUtils.java:logGet(46)) - raft.server.log.purge.upto.snapshot.index = false (default)
2022-11-14 01:04:30,290 [pool-95-thread-1] INFO  server.RaftServerConfigKeys (ConfUtils.java:logGet(46)) - raft.server.log.async-flush.enabled = false (default)
2022-11-14 01:04:30,290 [pool-72-thread-1] INFO  server.RaftServerConfigKeys (ConfUtils.java:logGet(46)) - raft.server.log.segment.size.max = 1048576 (custom)
2022-11-14 01:04:30,291 [pool-72-thread-1] INFO  server.RaftServerConfigKeys (ConfUtils.java:logGet(46)) - raft.server.log.preallocated.size = 16384 (custom)
2022-11-14 01:04:30,291 [pool-95-thread-1] INFO  server.RaftServerConfigKeys (ConfUtils.java:logGet(46)) - raft.server.log.statemachine.data.caching.enabled = true (custom)
2022-11-14 01:04:30,291 [pool-72-thread-1] INFO  server.RaftServerConfigKeys (ConfUtils.java:logGet(46)) - raft.server.log.force.sync.num = 128 (default)
2022-11-14 01:04:30,291 [pool-72-thread-1] INFO  server.RaftServerConfigKeys (ConfUtils.java:logGet(46)) - raft.server.log.statemachine.data.sync = true (default)
2022-11-14 01:04:30,291 [pool-72-thread-1] INFO  server.RaftServerConfigKeys (ConfUtils.java:logGet(46)) - raft.server.log.statemachine.data.sync.timeout = 10s (default)
2022-11-14 01:04:30,291 [pool-72-thread-1] INFO  server.RaftServerConfigKeys (ConfUtils.java:logGet(46)) - raft.server.log.statemachine.data.sync.timeout.retry = -1 (default)
2022-11-14 01:04:30,291 [Command processor thread] INFO  ratis.XceiverServerRatis (XceiverServerRatis.java:addGroup(765)) - Created group PipelineID=caaadc1d-2f20-49b6-82d7-690b3a9b0979
2022-11-14 01:04:30,291 [Command processor thread] INFO  commandhandler.CreatePipelineCommandHandler (CreatePipelineCommandHandler.java:handle(113)) - Created Pipeline RATIS ONE PipelineID=caaadc1d-2f20-49b6-82d7-690b3a9b0979.
2022-11-14 01:04:30,292 [Command processor thread] INFO  server.RaftServer (RaftServerProxy.java:addNew(96)) - 06e93c36-3e5f-4b60-afd6-cffad6b8ca77: addNew group-7477ECCF7542:[06e93c36-3e5f-4b60-afd6-cffad6b8ca77|rpc:10.1.0.33:33135|priority:0|startupRole:FOLLOWER, 303bca5f-e220-44f8-957a-f0bd1a8a67be|rpc:10.1.0.33:42857|priority:0|startupRole:FOLLOWER, 50a771df-70d3-4c7d-9ea2-11e60400c1f5|rpc:10.1.0.33:34193|priority:1|startupRole:FOLLOWER] returns group-7477ECCF7542:java.util.concurrent.CompletableFuture@d477d42[Not completed]
2022-11-14 01:04:30,293 [pool-72-thread-1] INFO  server.RaftServerConfigKeys (ConfUtils.java:logGet(46)) - raft.server.log.write.buffer.size = 1048576 (custom)
2022-11-14 01:04:30,293 [pool-118-thread-1] INFO  server.RaftServer$Division (RaftServerImpl.java:<init>(195)) - 06e93c36-3e5f-4b60-afd6-cffad6b8ca77: new RaftServerImpl for group-7477ECCF7542:[06e93c36-3e5f-4b60-afd6-cffad6b8ca77|rpc:10.1.0.33:33135|priority:0|startupRole:FOLLOWER, 303bca5f-e220-44f8-957a-f0bd1a8a67be|rpc:10.1.0.33:42857|priority:0|startupRole:FOLLOWER, 50a771df-70d3-4c7d-9ea2-11e60400c1f5|rpc:10.1.0.33:34193|priority:1|startupRole:FOLLOWER] with ContainerStateMachine:uninitialized
2022-11-14 01:04:30,294 [pool-118-thread-1] INFO  server.RaftServerConfigKeys (ConfUtils.java:logGet(46)) - raft.server.rpc.timeout.min = 5s (custom)
2022-11-14 01:04:30,294 [pool-118-thread-1] INFO  server.RaftServerConfigKeys (ConfUtils.java:logGet(46)) - raft.server.rpc.timeout.max = 5200ms (custom)
2022-11-14 01:04:30,295 [pool-118-thread-1] INFO  server.RaftServerConfigKeys (ConfUtils.java:logGet(46)) - raft.server.rpc.sleep.time = 25ms (default)
2022-11-14 01:04:30,295 [pool-118-thread-1] INFO  server.RaftServerConfigKeys (ConfUtils.java:logGet(46)) - raft.server.rpc.slowness.timeout = 300s (custom)
2022-11-14 01:04:30,295 [pool-118-thread-1] INFO  server.RaftServerConfigKeys (ConfUtils.java:logGet(46)) - raft.server.leaderelection.leader.step-down.wait-time = 10s (default)
2022-11-14 01:04:30,295 [pool-118-thread-1] INFO  server.RaftServerConfigKeys (ConfUtils.java:logGet(46)) - raft.server.sleep.deviation.threshold = 300ms (default)
2022-11-14 01:04:30,295 [pool-118-thread-1] INFO  server.RaftServer$Division (ServerState.java:<init>(118)) - 06e93c36-3e5f-4b60-afd6-cffad6b8ca77@group-7477ECCF7542: ConfigurationManager, init=-1: peers:[06e93c36-3e5f-4b60-afd6-cffad6b8ca77|rpc:10.1.0.33:33135|priority:0|startupRole:FOLLOWER, 303bca5f-e220-44f8-957a-f0bd1a8a67be|rpc:10.1.0.33:42857|priority:0|startupRole:FOLLOWER, 50a771df-70d3-4c7d-9ea2-11e60400c1f5|rpc:10.1.0.33:34193|priority:1|startupRole:FOLLOWER]|listeners:[], old=null, confs=<EMPTY_MAP>
2022-11-14 01:04:30,295 [pool-118-thread-1] INFO  server.RaftServerConfigKeys (ConfUtils.java:logGet(46)) - raft.server.storage.dir = [/home/runner/work/ozone/ozone/hadoop-ozone/integration-test/target/test-dir/MiniOzoneClusterImpl-733ab8e8-73b4-47ae-b22b-a548a4863177/datanode-2/data/ratis] (custom)
2022-11-14 01:04:30,295 [pool-118-thread-1] INFO  server.RaftServerConfigKeys (ConfUtils.java:logGet(46)) - raft.server.log.corruption.policy = EXCEPTION (default)
2022-11-14 01:04:30,295 [pool-118-thread-1] INFO  server.RaftServerConfigKeys (ConfUtils.java:logGet(46)) - raft.server.storage.free-space.min = 0MB (=0) (default)
2022-11-14 01:04:30,295 [pool-118-thread-1] INFO  server.RaftServerConfigKeys (ConfUtils.java:logGet(46)) - raft.server.notification.no-leader.timeout = 300s (custom)
2022-11-14 01:04:30,295 [pool-118-thread-1] INFO  server.RaftServerConfigKeys (ConfUtils.java:logGet(46)) - raft.server.retrycache.expirytime = 600000ms (custom)
2022-11-14 01:04:30,295 [pool-118-thread-1] INFO  server.RaftServerConfigKeys (ConfUtils.java:logGet(46)) - raft.server.retrycache.statistics.expirytime = 100μs (default)
2022-11-14 01:04:30,296 [pool-118-thread-1] INFO  server.RaftServerConfigKeys (ConfUtils.java:logGet(46)) - raft.server.log.appender.install.snapshot.enabled = false (custom)
2022-11-14 01:04:30,296 [pool-118-thread-1] INFO  server.RaftServerConfigKeys (ConfUtils.java:logGet(46)) - raft.server.threadpool.server.cached = true (default)
2022-11-14 01:04:30,296 [pool-118-thread-1] INFO  server.RaftServerConfigKeys (ConfUtils.java:logGet(46)) - raft.server.threadpool.server.size = 0 (default)
2022-11-14 01:04:30,296 [pool-118-thread-1] INFO  server.RaftServerConfigKeys (ConfUtils.java:logGet(46)) - raft.server.threadpool.client.cached = true (default)
2022-11-14 01:04:30,296 [pool-118-thread-1] INFO  server.RaftServerConfigKeys (ConfUtils.java:logGet(46)) - raft.server.threadpool.client.size = 0 (default)
2022-11-14 01:04:30,296 [pool-118-thread-1] INFO  storage.RaftStorageDirectory (RaftStorageDirectoryImpl.java:analyzeStorage(137)) - The storage directory /home/runner/work/ozone/ozone/hadoop-ozone/integration-test/target/test-dir/MiniOzoneClusterImpl-733ab8e8-73b4-47ae-b22b-a548a4863177/datanode-2/data/ratis/f816e042-922b-4701-8e5d-7477eccf7542 does not exist. Creating ...
2022-11-14 01:04:30,298 [pool-118-thread-1] INFO  storage.RaftStorageDirectory (RaftStorageDirectoryImpl.java:tryLock(231)) - Lock on /home/runner/work/ozone/ozone/hadoop-ozone/integration-test/target/test-dir/MiniOzoneClusterImpl-733ab8e8-73b4-47ae-b22b-a548a4863177/datanode-2/data/ratis/f816e042-922b-4701-8e5d-7477eccf7542/in_use.lock acquired by nodename 11961@fv-az334-552
2022-11-14 01:04:30,299 [pool-118-thread-1] INFO  storage.RaftStorage (RaftStorageImpl.java:format(96)) - Storage directory /home/runner/work/ozone/ozone/hadoop-ozone/integration-test/target/test-dir/MiniOzoneClusterImpl-733ab8e8-73b4-47ae-b22b-a548a4863177/datanode-2/data/ratis/f816e042-922b-4701-8e5d-7477eccf7542 has been successfully formatted.
2022-11-14 01:04:30,291 [06e93c36-3e5f-4b60-afd6-cffad6b8ca77@group-690B3A9B0979-FollowerState] INFO  server.RaftServerConfigKeys (ConfUtils.java:logFallback(53)) - raft.server.rpc.first-election.timeout.min = 5s (fallback to raft.server.rpc.timeout.min)
2022-11-14 01:04:30,300 [06e93c36-3e5f-4b60-afd6-cffad6b8ca77@group-690B3A9B0979-FollowerState] INFO  server.RaftServerConfigKeys (ConfUtils.java:logFallback(53)) - raft.server.rpc.first-election.timeout.max = 5200ms (fallback to raft.server.rpc.timeout.max)
2022-11-14 01:04:30,294 [pool-72-thread-1] INFO  server.RaftServerConfigKeys (ConfUtils.java:logGet(46)) - raft.server.log.unsafe-flush.enabled = false (default)
2022-11-14 01:04:30,291 [pool-95-thread-1] INFO  segmented.SegmentedRaftLogWorker (SegmentedRaftLogWorker.java:lambda$new$0(136)) - 303bca5f-e220-44f8-957a-f0bd1a8a67be@group-7477ECCF7542-SegmentedRaftLogWorker: flushIndex: setUnconditionally 0 -> -1
2022-11-14 01:04:30,300 [pool-72-thread-1] INFO  server.RaftServerConfigKeys (ConfUtils.java:logGet(46)) - raft.server.log.async-flush.enabled = false (default)
2022-11-14 01:04:30,300 [pool-72-thread-1] INFO  server.RaftServerConfigKeys (ConfUtils.java:logGet(46)) - raft.server.log.statemachine.data.caching.enabled = true (custom)
2022-11-14 01:04:30,300 [pool-72-thread-1] INFO  segmented.SegmentedRaftLogWorker (SegmentedRaftLogWorker.java:lambda$new$0(136)) - 50a771df-70d3-4c7d-9ea2-11e60400c1f5@group-7477ECCF7542-SegmentedRaftLogWorker: flushIndex: setUnconditionally 0 -> -1
2022-11-14 01:04:30,300 [pool-72-thread-1] INFO  segmented.SegmentedRaftLogWorker (SegmentedRaftLogWorker.java:lambda$new$0(136)) - 50a771df-70d3-4c7d-9ea2-11e60400c1f5@group-7477ECCF7542-SegmentedRaftLogWorker: safeCacheEvictIndex: setUnconditionally 0 -> -1
2022-11-14 01:04:30,300 [pool-118-thread-1] INFO  ratis.ContainerStateMachine (ContainerStateMachine.java:loadSnapshot(236)) - group-7477ECCF7542: The snapshot info is null. Setting the last applied indexto:(t:0, i:~)
2022-11-14 01:04:30,300 [pool-95-thread-1] INFO  segmented.SegmentedRaftLogWorker (SegmentedRaftLogWorker.java:lambda$new$0(136)) - 303bca5f-e220-44f8-957a-f0bd1a8a67be@group-7477ECCF7542-SegmentedRaftLogWorker: safeCacheEvictIndex: setUnconditionally 0 -> -1
2022-11-14 01:04:30,301 [pool-118-thread-1] INFO  server.RaftServerConfigKeys (ConfUtils.java:logGet(46)) - raft.server.log.use.memory = false (default)
2022-11-14 01:04:30,301 [pool-118-thread-1] INFO  server.RaftServerConfigKeys (ConfUtils.java:logGet(46)) - raft.server.log.purge.gap = 1000000 (custom)
2022-11-14 01:04:30,301 [pool-118-thread-1] INFO  server.RaftServerConfigKeys (ConfUtils.java:logGet(46)) - raft.server.log.appender.buffer.byte-limit = 33554432 (custom)
2022-11-14 01:04:30,301 [pool-118-thread-1] INFO  server.RaftServerConfigKeys (ConfUtils.java:logGet(46)) - raft.server.log.statemachine.data.read.timeout = 1000ms (default)
2022-11-14 01:04:30,301 [pool-118-thread-1] INFO  server.RaftServerConfigKeys (ConfUtils.java:logGet(46)) - raft.server.log.purge.preservation.log.num = 0 (default)
2022-11-14 01:04:30,301 [pool-72-thread-1] INFO  server.RaftServer$Division (RaftServerImpl.java:start(334)) - 50a771df-70d3-4c7d-9ea2-11e60400c1f5@group-7477ECCF7542: start as a follower, conf=-1: peers:[06e93c36-3e5f-4b60-afd6-cffad6b8ca77|rpc:10.1.0.33:33135|priority:0|startupRole:FOLLOWER, 303bca5f-e220-44f8-957a-f0bd1a8a67be|rpc:10.1.0.33:42857|priority:0|startupRole:FOLLOWER, 50a771df-70d3-4c7d-9ea2-11e60400c1f5|rpc:10.1.0.33:34193|priority:1|startupRole:FOLLOWER]|listeners:[], old=null
2022-11-14 01:04:30,301 [pool-72-thread-1] INFO  server.RaftServer$Division (RaftServerImpl.java:setRole(321)) - 50a771df-70d3-4c7d-9ea2-11e60400c1f5@group-7477ECCF7542: changes role from      null to FOLLOWER at term 0 for startAsFollower
2022-11-14 01:04:30,301 [pool-118-thread-1] INFO  server.RaftServerConfigKeys (ConfUtils.java:logGet(46)) - raft.server.log.segment.size.max = 1048576 (custom)
2022-11-14 01:04:30,301 [pool-72-thread-1] INFO  impl.RoleInfo (RoleInfo.java:updateAndGet(139)) - 50a771df-70d3-4c7d-9ea2-11e60400c1f5: start 50a771df-70d3-4c7d-9ea2-11e60400c1f5@group-7477ECCF7542-FollowerState
2022-11-14 01:04:30,302 [pool-118-thread-1] INFO  server.RaftServerConfigKeys (ConfUtils.java:logGet(46)) - raft.server.log.segment.cache.num.max = 2 (custom)
2022-11-14 01:04:30,302 [pool-118-thread-1] INFO  server.RaftServerConfigKeys (ConfUtils.java:logGet(46)) - raft.server.log.segment.cache.size.max = 200MB (=209715200) (default)
2022-11-14 01:04:30,302 [pool-118-thread-1] INFO  segmented.SegmentedRaftLogWorker (SegmentedRaftLogWorker.java:<init>(191)) - new 06e93c36-3e5f-4b60-afd6-cffad6b8ca77@group-7477ECCF7542-SegmentedRaftLogWorker for RaftStorageImpl:Storage Directory /home/runner/work/ozone/ozone/hadoop-ozone/integration-test/target/test-dir/MiniOzoneClusterImpl-733ab8e8-73b4-47ae-b22b-a548a4863177/datanode-2/data/ratis/f816e042-922b-4701-8e5d-7477eccf7542
2022-11-14 01:04:30,302 [pool-118-thread-1] INFO  server.RaftServerConfigKeys (ConfUtils.java:logGet(46)) - raft.server.log.queue.byte-limit = 4294967296 (custom)
2022-11-14 01:04:30,302 [pool-118-thread-1] INFO  server.RaftServerConfigKeys (ConfUtils.java:logGet(46)) - raft.server.log.queue.element-limit = 1024 (custom)
2022-11-14 01:04:30,302 [pool-118-thread-1] INFO  server.RaftServerConfigKeys (ConfUtils.java:logGet(46)) - raft.server.log.segment.size.max = 1048576 (custom)
2022-11-14 01:04:30,302 [pool-118-thread-1] INFO  server.RaftServerConfigKeys (ConfUtils.java:logGet(46)) - raft.server.log.preallocated.size = 16384 (custom)
2022-11-14 01:04:30,302 [pool-118-thread-1] INFO  server.RaftServerConfigKeys (ConfUtils.java:logGet(46)) - raft.server.log.force.sync.num = 128 (default)
2022-11-14 01:04:30,302 [pool-118-thread-1] INFO  server.RaftServerConfigKeys (ConfUtils.java:logGet(46)) - raft.server.log.statemachine.data.sync = true (default)
2022-11-14 01:04:30,302 [pool-118-thread-1] INFO  server.RaftServerConfigKeys (ConfUtils.java:logGet(46)) - raft.server.log.statemachine.data.sync.timeout = 10s (default)
2022-11-14 01:04:30,302 [pool-118-thread-1] INFO  server.RaftServerConfigKeys (ConfUtils.java:logGet(46)) - raft.server.log.statemachine.data.sync.timeout.retry = -1 (default)
2022-11-14 01:04:30,302 [pool-95-thread-1] INFO  server.RaftServer$Division (RaftServerImpl.java:start(334)) - 303bca5f-e220-44f8-957a-f0bd1a8a67be@group-7477ECCF7542: start as a follower, conf=-1: peers:[06e93c36-3e5f-4b60-afd6-cffad6b8ca77|rpc:10.1.0.33:33135|priority:0|startupRole:FOLLOWER, 303bca5f-e220-44f8-957a-f0bd1a8a67be|rpc:10.1.0.33:42857|priority:0|startupRole:FOLLOWER, 50a771df-70d3-4c7d-9ea2-11e60400c1f5|rpc:10.1.0.33:34193|priority:1|startupRole:FOLLOWER]|listeners:[], old=null
2022-11-14 01:04:30,302 [pool-95-thread-1] INFO  server.RaftServer$Division (RaftServerImpl.java:setRole(321)) - 303bca5f-e220-44f8-957a-f0bd1a8a67be@group-7477ECCF7542: changes role from      null to FOLLOWER at term 0 for startAsFollower
2022-11-14 01:04:30,302 [pool-95-thread-1] INFO  impl.RoleInfo (RoleInfo.java:updateAndGet(139)) - 303bca5f-e220-44f8-957a-f0bd1a8a67be: start 303bca5f-e220-44f8-957a-f0bd1a8a67be@group-7477ECCF7542-FollowerState
2022-11-14 01:04:30,303 [pool-95-thread-1] INFO  util.JmxRegister (JmxRegister.java:tryRegister(44)) - Successfully registered JMX Bean with object name Ratis:service=RaftServer,group=group-7477ECCF7542,id=303bca5f-e220-44f8-957a-f0bd1a8a67be
2022-11-14 01:04:30,303 [pool-95-thread-1] INFO  server.RaftServerConfigKeys (ConfUtils.java:logGet(46)) - raft.server.snapshot.auto.trigger.enabled = true (custom)
2022-11-14 01:04:30,303 [pool-95-thread-1] INFO  server.RaftServerConfigKeys (ConfUtils.java:logGet(46)) - raft.server.snapshot.auto.trigger.threshold = 10000 (custom)
2022-11-14 01:04:30,303 [pool-95-thread-1] INFO  server.RaftServerConfigKeys (ConfUtils.java:logGet(46)) - raft.server.snapshot.retention.file.num = 5 (custom)
2022-11-14 01:04:30,303 [pool-95-thread-1] INFO  server.RaftServerConfigKeys (ConfUtils.java:logGet(46)) - raft.server.log.purge.upto.snapshot.index = false (default)
2022-11-14 01:04:30,304 [303bca5f-e220-44f8-957a-f0bd1a8a67be@group-7477ECCF7542-FollowerState] INFO  server.RaftServerConfigKeys (ConfUtils.java:logFallback(53)) - raft.server.rpc.first-election.timeout.min = 5s (fallback to raft.server.rpc.timeout.min)
2022-11-14 01:04:30,304 [303bca5f-e220-44f8-957a-f0bd1a8a67be@group-7477ECCF7542-FollowerState] INFO  server.RaftServerConfigKeys (ConfUtils.java:logFallback(53)) - raft.server.rpc.first-election.timeout.max = 5200ms (fallback to raft.server.rpc.timeout.max)
2022-11-14 01:04:30,311 [Command processor thread] INFO  ratis.XceiverServerRatis (XceiverServerRatis.java:addGroup(765)) - Created group PipelineID=f816e042-922b-4701-8e5d-7477eccf7542
2022-11-14 01:04:30,312 [pool-118-thread-1] INFO  server.RaftServerConfigKeys (ConfUtils.java:logGet(46)) - raft.server.log.write.buffer.size = 1048576 (custom)
2022-11-14 01:04:30,312 [pool-118-thread-1] INFO  server.RaftServerConfigKeys (ConfUtils.java:logGet(46)) - raft.server.log.unsafe-flush.enabled = false (default)
2022-11-14 01:04:30,312 [pool-118-thread-1] INFO  server.RaftServerConfigKeys (ConfUtils.java:logGet(46)) - raft.server.log.async-flush.enabled = false (default)
2022-11-14 01:04:30,312 [pool-118-thread-1] INFO  server.RaftServerConfigKeys (ConfUtils.java:logGet(46)) - raft.server.log.statemachine.data.caching.enabled = true (custom)
2022-11-14 01:04:30,313 [pool-118-thread-1] INFO  segmented.SegmentedRaftLogWorker (SegmentedRaftLogWorker.java:lambda$new$0(136)) - 06e93c36-3e5f-4b60-afd6-cffad6b8ca77@group-7477ECCF7542-SegmentedRaftLogWorker: flushIndex: setUnconditionally 0 -> -1
2022-11-14 01:04:30,313 [pool-118-thread-1] INFO  segmented.SegmentedRaftLogWorker (SegmentedRaftLogWorker.java:lambda$new$0(136)) - 06e93c36-3e5f-4b60-afd6-cffad6b8ca77@group-7477ECCF7542-SegmentedRaftLogWorker: safeCacheEvictIndex: setUnconditionally 0 -> -1
2022-11-14 01:04:30,313 [pool-118-thread-1] INFO  server.RaftServer$Division (RaftServerImpl.java:start(334)) - 06e93c36-3e5f-4b60-afd6-cffad6b8ca77@group-7477ECCF7542: start as a follower, conf=-1: peers:[06e93c36-3e5f-4b60-afd6-cffad6b8ca77|rpc:10.1.0.33:33135|priority:0|startupRole:FOLLOWER, 303bca5f-e220-44f8-957a-f0bd1a8a67be|rpc:10.1.0.33:42857|priority:0|startupRole:FOLLOWER, 50a771df-70d3-4c7d-9ea2-11e60400c1f5|rpc:10.1.0.33:34193|priority:1|startupRole:FOLLOWER]|listeners:[], old=null
2022-11-14 01:04:30,313 [pool-118-thread-1] INFO  server.RaftServer$Division (RaftServerImpl.java:setRole(321)) - 06e93c36-3e5f-4b60-afd6-cffad6b8ca77@group-7477ECCF7542: changes role from      null to FOLLOWER at term 0 for startAsFollower
2022-11-14 01:04:30,313 [pool-118-thread-1] INFO  impl.RoleInfo (RoleInfo.java:updateAndGet(139)) - 06e93c36-3e5f-4b60-afd6-cffad6b8ca77: start 06e93c36-3e5f-4b60-afd6-cffad6b8ca77@group-7477ECCF7542-FollowerState
2022-11-14 01:04:30,313 [pool-118-thread-1] INFO  util.JmxRegister (JmxRegister.java:tryRegister(44)) - Successfully registered JMX Bean with object name Ratis:service=RaftServer,group=group-7477ECCF7542,id=06e93c36-3e5f-4b60-afd6-cffad6b8ca77
2022-11-14 01:04:30,313 [pool-118-thread-1] INFO  server.RaftServerConfigKeys (ConfUtils.java:logGet(46)) - raft.server.snapshot.auto.trigger.enabled = true (custom)
2022-11-14 01:04:30,313 [pool-118-thread-1] INFO  server.RaftServerConfigKeys (ConfUtils.java:logGet(46)) - raft.server.snapshot.auto.trigger.threshold = 10000 (custom)
2022-11-14 01:04:30,313 [pool-118-thread-1] INFO  server.RaftServerConfigKeys (ConfUtils.java:logGet(46)) - raft.server.snapshot.retention.file.num = 5 (custom)
2022-11-14 01:04:30,314 [pool-118-thread-1] INFO  server.RaftServerConfigKeys (ConfUtils.java:logGet(46)) - raft.server.log.purge.upto.snapshot.index = false (default)
2022-11-14 01:04:30,316 [EventQueue-OpenPipelineForHealthyPipelineSafeModeRule] INFO  safemode.SCMSafeModeManager (HealthyPipelineSafeModeRule.java:process(137)) - SCM in safe mode. Healthy pipelines reported count is 0, required healthy pipeline reported count is 1
2022-11-14 01:04:30,317 [06e93c36-3e5f-4b60-afd6-cffad6b8ca77@group-7477ECCF7542-FollowerState] INFO  server.RaftServerConfigKeys (ConfUtils.java:logFallback(53)) - raft.server.rpc.first-election.timeout.min = 5s (fallback to raft.server.rpc.timeout.min)
2022-11-14 01:04:30,318 [06e93c36-3e5f-4b60-afd6-cffad6b8ca77@group-7477ECCF7542-FollowerState] INFO  server.RaftServerConfigKeys (ConfUtils.java:logFallback(53)) - raft.server.rpc.first-election.timeout.max = 5200ms (fallback to raft.server.rpc.timeout.max)
2022-11-14 01:04:30,318 [Command processor thread] INFO  ratis.XceiverServerRatis (XceiverServerRatis.java:addGroup(765)) - Created group PipelineID=f816e042-922b-4701-8e5d-7477eccf7542
2022-11-14 01:04:30,323 [pool-72-thread-1] INFO  util.JmxRegister (JmxRegister.java:tryRegister(44)) - Successfully registered JMX Bean with object name Ratis:service=RaftServer,group=group-7477ECCF7542,id=50a771df-70d3-4c7d-9ea2-11e60400c1f5
2022-11-14 01:04:30,323 [pool-72-thread-1] INFO  server.RaftServerConfigKeys (ConfUtils.java:logGet(46)) - raft.server.snapshot.auto.trigger.enabled = true (custom)
2022-11-14 01:04:30,323 [pool-72-thread-1] INFO  server.RaftServerConfigKeys (ConfUtils.java:logGet(46)) - raft.server.snapshot.auto.trigger.threshold = 10000 (custom)
2022-11-14 01:04:30,323 [pool-72-thread-1] INFO  server.RaftServerConfigKeys (ConfUtils.java:logGet(46)) - raft.server.snapshot.retention.file.num = 5 (custom)
2022-11-14 01:04:30,323 [pool-72-thread-1] INFO  server.RaftServerConfigKeys (ConfUtils.java:logGet(46)) - raft.server.log.purge.upto.snapshot.index = false (default)
2022-11-14 01:04:30,324 [50a771df-70d3-4c7d-9ea2-11e60400c1f5@group-7477ECCF7542-FollowerState] INFO  server.RaftServerConfigKeys (ConfUtils.java:logFallback(53)) - raft.server.rpc.first-election.timeout.min = 5s (fallback to raft.server.rpc.timeout.min)
2022-11-14 01:04:30,324 [50a771df-70d3-4c7d-9ea2-11e60400c1f5@group-7477ECCF7542-FollowerState] INFO  server.RaftServerConfigKeys (ConfUtils.java:logFallback(53)) - raft.server.rpc.first-election.timeout.max = 5200ms (fallback to raft.server.rpc.timeout.max)
2022-11-14 01:04:30,334 [Command processor thread] INFO  ratis.XceiverServerRatis (XceiverServerRatis.java:addGroup(765)) - Created group PipelineID=f816e042-922b-4701-8e5d-7477eccf7542
2022-11-14 01:04:30,454 [Command processor thread] INFO  commandhandler.CreatePipelineCommandHandler (CreatePipelineCommandHandler.java:handle(113)) - Created Pipeline RATIS THREE PipelineID=f816e042-922b-4701-8e5d-7477eccf7542.
2022-11-14 01:04:30,457 [Command processor thread] INFO  commandhandler.CreatePipelineCommandHandler (CreatePipelineCommandHandler.java:handle(113)) - Created Pipeline RATIS THREE PipelineID=f816e042-922b-4701-8e5d-7477eccf7542.
2022-11-14 01:04:30,461 [Command processor thread] INFO  commandhandler.CreatePipelineCommandHandler (CreatePipelineCommandHandler.java:handle(113)) - Created Pipeline RATIS THREE PipelineID=f816e042-922b-4701-8e5d-7477eccf7542.
2022-11-14 01:04:30,570 [Command processor thread] INFO  server.RaftServer (RaftServerProxy.java:addNew(96)) - 01c63b18-c7c8-42e3-9de4-2761bbcfbea5: addNew group-41C06D6B7902:[01c63b18-c7c8-42e3-9de4-2761bbcfbea5|rpc:10.1.0.33:33639|priority:1|startupRole:FOLLOWER] returns group-41C06D6B7902:java.util.concurrent.CompletableFuture@4495c593[Not completed]
2022-11-14 01:04:30,571 [pool-141-thread-1] INFO  server.RaftServer$Division (RaftServerImpl.java:<init>(195)) - 01c63b18-c7c8-42e3-9de4-2761bbcfbea5: new RaftServerImpl for group-41C06D6B7902:[01c63b18-c7c8-42e3-9de4-2761bbcfbea5|rpc:10.1.0.33:33639|priority:1|startupRole:FOLLOWER] with ContainerStateMachine:uninitialized
2022-11-14 01:04:30,572 [pool-141-thread-1] INFO  server.RaftServerConfigKeys (ConfUtils.java:logGet(46)) - raft.server.rpc.timeout.min = 5s (custom)
2022-11-14 01:04:30,572 [pool-141-thread-1] INFO  server.RaftServerConfigKeys (ConfUtils.java:logGet(46)) - raft.server.rpc.timeout.max = 5200ms (custom)
2022-11-14 01:04:30,572 [pool-141-thread-1] INFO  server.RaftServerConfigKeys (ConfUtils.java:logGet(46)) - raft.server.rpc.sleep.time = 25ms (default)
2022-11-14 01:04:30,572 [pool-141-thread-1] INFO  server.RaftServerConfigKeys (ConfUtils.java:logGet(46)) - raft.server.rpc.slowness.timeout = 300s (custom)
2022-11-14 01:04:30,572 [pool-141-thread-1] INFO  server.RaftServerConfigKeys (ConfUtils.java:logGet(46)) - raft.server.leaderelection.leader.step-down.wait-time = 10s (default)
2022-11-14 01:04:30,572 [pool-141-thread-1] INFO  server.RaftServerConfigKeys (ConfUtils.java:logGet(46)) - raft.server.sleep.deviation.threshold = 300ms (default)
2022-11-14 01:04:30,572 [pool-141-thread-1] INFO  server.RaftServer$Division (ServerState.java:<init>(118)) - 01c63b18-c7c8-42e3-9de4-2761bbcfbea5@group-41C06D6B7902: ConfigurationManager, init=-1: peers:[01c63b18-c7c8-42e3-9de4-2761bbcfbea5|rpc:10.1.0.33:33639|priority:1|startupRole:FOLLOWER]|listeners:[], old=null, confs=<EMPTY_MAP>
2022-11-14 01:04:30,572 [pool-141-thread-1] INFO  server.RaftServerConfigKeys (ConfUtils.java:logGet(46)) - raft.server.storage.dir = [/home/runner/work/ozone/ozone/hadoop-ozone/integration-test/target/test-dir/MiniOzoneClusterImpl-733ab8e8-73b4-47ae-b22b-a548a4863177/datanode-3/data/ratis] (custom)
2022-11-14 01:04:30,572 [pool-141-thread-1] INFO  server.RaftServerConfigKeys (ConfUtils.java:logGet(46)) - raft.server.log.corruption.policy = EXCEPTION (default)
2022-11-14 01:04:30,572 [pool-141-thread-1] INFO  server.RaftServerConfigKeys (ConfUtils.java:logGet(46)) - raft.server.storage.free-space.min = 0MB (=0) (default)
2022-11-14 01:04:30,572 [pool-141-thread-1] INFO  server.RaftServerConfigKeys (ConfUtils.java:logGet(46)) - raft.server.notification.no-leader.timeout = 300s (custom)
2022-11-14 01:04:30,572 [pool-141-thread-1] INFO  server.RaftServerConfigKeys (ConfUtils.java:logGet(46)) - raft.server.retrycache.expirytime = 600000ms (custom)
2022-11-14 01:04:30,572 [pool-141-thread-1] INFO  server.RaftServerConfigKeys (ConfUtils.java:logGet(46)) - raft.server.retrycache.statistics.expirytime = 100μs (default)
2022-11-14 01:04:30,574 [pool-141-thread-1] INFO  server.RaftServerConfigKeys (ConfUtils.java:logGet(46)) - raft.server.log.appender.install.snapshot.enabled = false (custom)
2022-11-14 01:04:30,575 [pool-141-thread-1] INFO  server.RaftServerConfigKeys (ConfUtils.java:logGet(46)) - raft.server.threadpool.server.cached = true (default)
2022-11-14 01:04:30,575 [pool-141-thread-1] INFO  server.RaftServerConfigKeys (ConfUtils.java:logGet(46)) - raft.server.threadpool.server.size = 0 (default)
2022-11-14 01:04:30,575 [pool-141-thread-1] INFO  server.RaftServerConfigKeys (ConfUtils.java:logGet(46)) - raft.server.threadpool.client.cached = true (default)
2022-11-14 01:04:30,575 [pool-141-thread-1] INFO  server.RaftServerConfigKeys (ConfUtils.java:logGet(46)) - raft.server.threadpool.client.size = 0 (default)
2022-11-14 01:04:30,575 [pool-141-thread-1] INFO  storage.RaftStorageDirectory (RaftStorageDirectoryImpl.java:analyzeStorage(137)) - The storage directory /home/runner/work/ozone/ozone/hadoop-ozone/integration-test/target/test-dir/MiniOzoneClusterImpl-733ab8e8-73b4-47ae-b22b-a548a4863177/datanode-3/data/ratis/2b33d47f-9a7a-457d-a89d-41c06d6b7902 does not exist. Creating ...
2022-11-14 01:04:30,578 [pool-141-thread-1] INFO  storage.RaftStorageDirectory (RaftStorageDirectoryImpl.java:tryLock(231)) - Lock on /home/runner/work/ozone/ozone/hadoop-ozone/integration-test/target/test-dir/MiniOzoneClusterImpl-733ab8e8-73b4-47ae-b22b-a548a4863177/datanode-3/data/ratis/2b33d47f-9a7a-457d-a89d-41c06d6b7902/in_use.lock acquired by nodename 11961@fv-az334-552
2022-11-14 01:04:30,579 [pool-141-thread-1] INFO  storage.RaftStorage (RaftStorageImpl.java:format(96)) - Storage directory /home/runner/work/ozone/ozone/hadoop-ozone/integration-test/target/test-dir/MiniOzoneClusterImpl-733ab8e8-73b4-47ae-b22b-a548a4863177/datanode-3/data/ratis/2b33d47f-9a7a-457d-a89d-41c06d6b7902 has been successfully formatted.
2022-11-14 01:04:30,580 [pool-141-thread-1] INFO  ratis.ContainerStateMachine (ContainerStateMachine.java:loadSnapshot(236)) - group-41C06D6B7902: The snapshot info is null. Setting the last applied indexto:(t:0, i:~)
2022-11-14 01:04:30,580 [pool-141-thread-1] INFO  server.RaftServerConfigKeys (ConfUtils.java:logGet(46)) - raft.server.log.use.memory = false (default)
2022-11-14 01:04:30,580 [pool-141-thread-1] INFO  server.RaftServerConfigKeys (ConfUtils.java:logGet(46)) - raft.server.log.purge.gap = 1000000 (custom)
2022-11-14 01:04:30,580 [pool-141-thread-1] INFO  server.RaftServerConfigKeys (ConfUtils.java:logGet(46)) - raft.server.log.appender.buffer.byte-limit = 33554432 (custom)
2022-11-14 01:04:30,580 [pool-141-thread-1] INFO  server.RaftServerConfigKeys (ConfUtils.java:logGet(46)) - raft.server.log.statemachine.data.read.timeout = 1000ms (default)
2022-11-14 01:04:30,580 [pool-141-thread-1] INFO  server.RaftServerConfigKeys (ConfUtils.java:logGet(46)) - raft.server.log.purge.preservation.log.num = 0 (default)
2022-11-14 01:04:30,582 [EventQueue-PipelineReportForPipelineReportHandler] INFO  pipeline.PipelineManagerImpl (PipelineManagerImpl.java:openPipeline(367)) - Pipeline Pipeline[ Id: 2b33d47f-9a7a-457d-a89d-41c06d6b7902, Nodes: 01c63b18-c7c8-42e3-9de4-2761bbcfbea5{ip: 10.1.0.33, host: fv-az334-552.zg0gw54pbdoexfhqlmz30d51na.gx.internal.cloudapp.net, ports: [REPLICATION=40061, RATIS=33639, RATIS_ADMIN=33639, RATIS_SERVER=33639, STANDALONE=44053], networkLocation: /default-rack, certSerialId: null, persistedOpState: IN_SERVICE, persistedOpStateExpiryEpochSec: 0}, ReplicationConfig: RATIS/ONE, State:ALLOCATED, leaderId:01c63b18-c7c8-42e3-9de4-2761bbcfbea5, CreationTimestamp2022-11-14T01:04:27.573Z[Etc/UTC]] moved to OPEN state
2022-11-14 01:04:30,582 [EventQueue-OpenPipelineForHealthyPipelineSafeModeRule] INFO  safemode.SCMSafeModeManager (HealthyPipelineSafeModeRule.java:process(137)) - SCM in safe mode. Healthy pipelines reported count is 0, required healthy pipeline reported count is 1
2022-11-14 01:04:30,584 [pool-141-thread-1] INFO  server.RaftServerConfigKeys (ConfUtils.java:logGet(46)) - raft.server.log.segment.size.max = 1048576 (custom)
2022-11-14 01:04:30,586 [pool-141-thread-1] INFO  server.RaftServerConfigKeys (ConfUtils.java:logGet(46)) - raft.server.log.segment.cache.num.max = 2 (custom)
2022-11-14 01:04:30,586 [pool-141-thread-1] INFO  server.RaftServerConfigKeys (ConfUtils.java:logGet(46)) - raft.server.log.segment.cache.size.max = 200MB (=209715200) (default)
2022-11-14 01:04:30,586 [pool-141-thread-1] INFO  segmented.SegmentedRaftLogWorker (SegmentedRaftLogWorker.java:<init>(191)) - new 01c63b18-c7c8-42e3-9de4-2761bbcfbea5@group-41C06D6B7902-SegmentedRaftLogWorker for RaftStorageImpl:Storage Directory /home/runner/work/ozone/ozone/hadoop-ozone/integration-test/target/test-dir/MiniOzoneClusterImpl-733ab8e8-73b4-47ae-b22b-a548a4863177/datanode-3/data/ratis/2b33d47f-9a7a-457d-a89d-41c06d6b7902
2022-11-14 01:04:30,586 [pool-141-thread-1] INFO  server.RaftServerConfigKeys (ConfUtils.java:logGet(46)) - raft.server.log.queue.byte-limit = 4294967296 (custom)
2022-11-14 01:04:30,587 [pool-141-thread-1] INFO  server.RaftServerConfigKeys (ConfUtils.java:logGet(46)) - raft.server.log.queue.element-limit = 1024 (custom)
2022-11-14 01:04:30,587 [pool-141-thread-1] INFO  server.RaftServerConfigKeys (ConfUtils.java:logGet(46)) - raft.server.log.segment.size.max = 1048576 (custom)
2022-11-14 01:04:30,587 [pool-141-thread-1] INFO  server.RaftServerConfigKeys (ConfUtils.java:logGet(46)) - raft.server.log.preallocated.size = 16384 (custom)
2022-11-14 01:04:30,587 [pool-141-thread-1] INFO  server.RaftServerConfigKeys (ConfUtils.java:logGet(46)) - raft.server.log.force.sync.num = 128 (default)
2022-11-14 01:04:30,587 [pool-141-thread-1] INFO  server.RaftServerConfigKeys (ConfUtils.java:logGet(46)) - raft.server.log.statemachine.data.sync = true (default)
2022-11-14 01:04:30,587 [pool-141-thread-1] INFO  server.RaftServerConfigKeys (ConfUtils.java:logGet(46)) - raft.server.log.statemachine.data.sync.timeout = 10s (default)
2022-11-14 01:04:30,587 [pool-141-thread-1] INFO  server.RaftServerConfigKeys (ConfUtils.java:logGet(46)) - raft.server.log.statemachine.data.sync.timeout.retry = -1 (default)
2022-11-14 01:04:30,588 [pool-141-thread-1] INFO  server.RaftServerConfigKeys (ConfUtils.java:logGet(46)) - raft.server.log.write.buffer.size = 1048576 (custom)
2022-11-14 01:04:30,589 [pool-141-thread-1] INFO  server.RaftServerConfigKeys (ConfUtils.java:logGet(46)) - raft.server.log.unsafe-flush.enabled = false (default)
2022-11-14 01:04:30,590 [pool-141-thread-1] INFO  server.RaftServerConfigKeys (ConfUtils.java:logGet(46)) - raft.server.log.async-flush.enabled = false (default)
2022-11-14 01:04:30,590 [pool-141-thread-1] INFO  server.RaftServerConfigKeys (ConfUtils.java:logGet(46)) - raft.server.log.statemachine.data.caching.enabled = true (custom)
2022-11-14 01:04:30,590 [pool-141-thread-1] INFO  segmented.SegmentedRaftLogWorker (SegmentedRaftLogWorker.java:lambda$new$0(136)) - 01c63b18-c7c8-42e3-9de4-2761bbcfbea5@group-41C06D6B7902-SegmentedRaftLogWorker: flushIndex: setUnconditionally 0 -> -1
2022-11-14 01:04:30,590 [pool-141-thread-1] INFO  segmented.SegmentedRaftLogWorker (SegmentedRaftLogWorker.java:lambda$new$0(136)) - 01c63b18-c7c8-42e3-9de4-2761bbcfbea5@group-41C06D6B7902-SegmentedRaftLogWorker: safeCacheEvictIndex: setUnconditionally 0 -> -1
2022-11-14 01:04:30,591 [pool-141-thread-1] INFO  server.RaftServer$Division (RaftServerImpl.java:start(334)) - 01c63b18-c7c8-42e3-9de4-2761bbcfbea5@group-41C06D6B7902: start as a follower, conf=-1: peers:[01c63b18-c7c8-42e3-9de4-2761bbcfbea5|rpc:10.1.0.33:33639|priority:1|startupRole:FOLLOWER]|listeners:[], old=null
2022-11-14 01:04:30,591 [pool-141-thread-1] INFO  server.RaftServer$Division (RaftServerImpl.java:setRole(321)) - 01c63b18-c7c8-42e3-9de4-2761bbcfbea5@group-41C06D6B7902: changes role from      null to FOLLOWER at term 0 for startAsFollower
2022-11-14 01:04:30,591 [pool-141-thread-1] INFO  impl.RoleInfo (RoleInfo.java:updateAndGet(139)) - 01c63b18-c7c8-42e3-9de4-2761bbcfbea5: start 01c63b18-c7c8-42e3-9de4-2761bbcfbea5@group-41C06D6B7902-FollowerState
2022-11-14 01:04:30,599 [01c63b18-c7c8-42e3-9de4-2761bbcfbea5@group-41C06D6B7902-FollowerState] INFO  server.RaftServerConfigKeys (ConfUtils.java:logFallback(53)) - raft.server.rpc.first-election.timeout.min = 5s (fallback to raft.server.rpc.timeout.min)
2022-11-14 01:04:30,599 [pool-141-thread-1] INFO  util.JmxRegister (JmxRegister.java:tryRegister(44)) - Successfully registered JMX Bean with object name Ratis:service=RaftServer,group=group-41C06D6B7902,id=01c63b18-c7c8-42e3-9de4-2761bbcfbea5
2022-11-14 01:04:30,599 [01c63b18-c7c8-42e3-9de4-2761bbcfbea5@group-41C06D6B7902-FollowerState] INFO  server.RaftServerConfigKeys (ConfUtils.java:logFallback(53)) - raft.server.rpc.first-election.timeout.max = 5200ms (fallback to raft.server.rpc.timeout.max)
2022-11-14 01:04:30,599 [pool-141-thread-1] INFO  server.RaftServerConfigKeys (ConfUtils.java:logGet(46)) - raft.server.snapshot.auto.trigger.enabled = true (custom)
2022-11-14 01:04:30,599 [pool-141-thread-1] INFO  server.RaftServerConfigKeys (ConfUtils.java:logGet(46)) - raft.server.snapshot.auto.trigger.threshold = 10000 (custom)
2022-11-14 01:04:30,599 [pool-141-thread-1] INFO  server.RaftServerConfigKeys (ConfUtils.java:logGet(46)) - raft.server.snapshot.retention.file.num = 5 (custom)
2022-11-14 01:04:30,599 [pool-141-thread-1] INFO  server.RaftServerConfigKeys (ConfUtils.java:logGet(46)) - raft.server.log.purge.upto.snapshot.index = false (default)
2022-11-14 01:04:30,603 [Command processor thread] INFO  ratis.XceiverServerRatis (XceiverServerRatis.java:addGroup(765)) - Created group PipelineID=2b33d47f-9a7a-457d-a89d-41c06d6b7902
2022-11-14 01:04:30,603 [Command processor thread] INFO  commandhandler.CreatePipelineCommandHandler (CreatePipelineCommandHandler.java:handle(113)) - Created Pipeline RATIS ONE PipelineID=2b33d47f-9a7a-457d-a89d-41c06d6b7902.
2022-11-14 01:04:30,603 [Command processor thread] INFO  server.RaftServer (RaftServerProxy.java:addNew(96)) - 01c63b18-c7c8-42e3-9de4-2761bbcfbea5: addNew group-9D779DEE9177:[c06e290d-eac5-4346-afba-5a90a2b31fb3|rpc:10.1.0.33:37459|priority:0|startupRole:FOLLOWER, c2596226-15ac-44d2-9de4-d3f1d5072550|rpc:10.1.0.33:46627|priority:1|startupRole:FOLLOWER, 01c63b18-c7c8-42e3-9de4-2761bbcfbea5|rpc:10.1.0.33:33639|priority:0|startupRole:FOLLOWER] returns group-9D779DEE9177:java.util.concurrent.CompletableFuture@40aa49d9[Not completed]
2022-11-14 01:04:30,604 [pool-141-thread-1] INFO  server.RaftServer$Division (RaftServerImpl.java:<init>(195)) - 01c63b18-c7c8-42e3-9de4-2761bbcfbea5: new RaftServerImpl for group-9D779DEE9177:[c06e290d-eac5-4346-afba-5a90a2b31fb3|rpc:10.1.0.33:37459|priority:0|startupRole:FOLLOWER, c2596226-15ac-44d2-9de4-d3f1d5072550|rpc:10.1.0.33:46627|priority:1|startupRole:FOLLOWER, 01c63b18-c7c8-42e3-9de4-2761bbcfbea5|rpc:10.1.0.33:33639|priority:0|startupRole:FOLLOWER] with ContainerStateMachine:uninitialized
2022-11-14 01:04:30,605 [pool-141-thread-1] INFO  server.RaftServerConfigKeys (ConfUtils.java:logGet(46)) - raft.server.rpc.timeout.min = 5s (custom)
2022-11-14 01:04:30,605 [pool-141-thread-1] INFO  server.RaftServerConfigKeys (ConfUtils.java:logGet(46)) - raft.server.rpc.timeout.max = 5200ms (custom)
2022-11-14 01:04:30,605 [pool-141-thread-1] INFO  server.RaftServerConfigKeys (ConfUtils.java:logGet(46)) - raft.server.rpc.sleep.time = 25ms (default)
2022-11-14 01:04:30,605 [pool-141-thread-1] INFO  server.RaftServerConfigKeys (ConfUtils.java:logGet(46)) - raft.server.rpc.slowness.timeout = 300s (custom)
2022-11-14 01:04:30,605 [pool-141-thread-1] INFO  server.RaftServerConfigKeys (ConfUtils.java:logGet(46)) - raft.server.leaderelection.leader.step-down.wait-time = 10s (default)
2022-11-14 01:04:30,605 [pool-141-thread-1] INFO  server.RaftServerConfigKeys (ConfUtils.java:logGet(46)) - raft.server.sleep.deviation.threshold = 300ms (default)
2022-11-14 01:04:30,605 [pool-141-thread-1] INFO  server.RaftServer$Division (ServerState.java:<init>(118)) - 01c63b18-c7c8-42e3-9de4-2761bbcfbea5@group-9D779DEE9177: ConfigurationManager, init=-1: peers:[c06e290d-eac5-4346-afba-5a90a2b31fb3|rpc:10.1.0.33:37459|priority:0|startupRole:FOLLOWER, c2596226-15ac-44d2-9de4-d3f1d5072550|rpc:10.1.0.33:46627|priority:1|startupRole:FOLLOWER, 01c63b18-c7c8-42e3-9de4-2761bbcfbea5|rpc:10.1.0.33:33639|priority:0|startupRole:FOLLOWER]|listeners:[], old=null, confs=<EMPTY_MAP>
2022-11-14 01:04:30,605 [pool-141-thread-1] INFO  server.RaftServerConfigKeys (ConfUtils.java:logGet(46)) - raft.server.storage.dir = [/home/runner/work/ozone/ozone/hadoop-ozone/integration-test/target/test-dir/MiniOzoneClusterImpl-733ab8e8-73b4-47ae-b22b-a548a4863177/datanode-3/data/ratis] (custom)
2022-11-14 01:04:30,605 [pool-141-thread-1] INFO  server.RaftServerConfigKeys (ConfUtils.java:logGet(46)) - raft.server.log.corruption.policy = EXCEPTION (default)
2022-11-14 01:04:30,605 [pool-141-thread-1] INFO  server.RaftServerConfigKeys (ConfUtils.java:logGet(46)) - raft.server.storage.free-space.min = 0MB (=0) (default)
2022-11-14 01:04:30,605 [pool-141-thread-1] INFO  server.RaftServerConfigKeys (ConfUtils.java:logGet(46)) - raft.server.notification.no-leader.timeout = 300s (custom)
2022-11-14 01:04:30,605 [pool-141-thread-1] INFO  server.RaftServerConfigKeys (ConfUtils.java:logGet(46)) - raft.server.retrycache.expirytime = 600000ms (custom)
2022-11-14 01:04:30,605 [pool-141-thread-1] INFO  server.RaftServerConfigKeys (ConfUtils.java:logGet(46)) - raft.server.retrycache.statistics.expirytime = 100μs (default)
2022-11-14 01:04:30,606 [pool-141-thread-1] INFO  server.RaftServerConfigKeys (ConfUtils.java:logGet(46)) - raft.server.log.appender.install.snapshot.enabled = false (custom)
2022-11-14 01:04:30,606 [pool-141-thread-1] INFO  server.RaftServerConfigKeys (ConfUtils.java:logGet(46)) - raft.server.threadpool.server.cached = true (default)
2022-11-14 01:04:30,606 [pool-141-thread-1] INFO  server.RaftServerConfigKeys (ConfUtils.java:logGet(46)) - raft.server.threadpool.server.size = 0 (default)
2022-11-14 01:04:30,606 [pool-141-thread-1] INFO  server.RaftServerConfigKeys (ConfUtils.java:logGet(46)) - raft.server.threadpool.client.cached = true (default)
2022-11-14 01:04:30,606 [pool-141-thread-1] INFO  server.RaftServerConfigKeys (ConfUtils.java:logGet(46)) - raft.server.threadpool.client.size = 0 (default)
2022-11-14 01:04:30,608 [pool-141-thread-1] INFO  storage.RaftStorageDirectory (RaftStorageDirectoryImpl.java:analyzeStorage(137)) - The storage directory /home/runner/work/ozone/ozone/hadoop-ozone/integration-test/target/test-dir/MiniOzoneClusterImpl-733ab8e8-73b4-47ae-b22b-a548a4863177/datanode-3/data/ratis/83918ab4-f4e2-4629-b07a-9d779dee9177 does not exist. Creating ...
2022-11-14 01:04:30,610 [pool-141-thread-1] INFO  storage.RaftStorageDirectory (RaftStorageDirectoryImpl.java:tryLock(231)) - Lock on /home/runner/work/ozone/ozone/hadoop-ozone/integration-test/target/test-dir/MiniOzoneClusterImpl-733ab8e8-73b4-47ae-b22b-a548a4863177/datanode-3/data/ratis/83918ab4-f4e2-4629-b07a-9d779dee9177/in_use.lock acquired by nodename 11961@fv-az334-552
2022-11-14 01:04:30,613 [pool-141-thread-1] INFO  storage.RaftStorage (RaftStorageImpl.java:format(96)) - Storage directory /home/runner/work/ozone/ozone/hadoop-ozone/integration-test/target/test-dir/MiniOzoneClusterImpl-733ab8e8-73b4-47ae-b22b-a548a4863177/datanode-3/data/ratis/83918ab4-f4e2-4629-b07a-9d779dee9177 has been successfully formatted.
2022-11-14 01:04:30,613 [pool-141-thread-1] INFO  ratis.ContainerStateMachine (ContainerStateMachine.java:loadSnapshot(236)) - group-9D779DEE9177: The snapshot info is null. Setting the last applied indexto:(t:0, i:~)
2022-11-14 01:04:30,613 [pool-141-thread-1] INFO  server.RaftServerConfigKeys (ConfUtils.java:logGet(46)) - raft.server.log.use.memory = false (default)
2022-11-14 01:04:30,613 [pool-141-thread-1] INFO  server.RaftServerConfigKeys (ConfUtils.java:logGet(46)) - raft.server.log.purge.gap = 1000000 (custom)
2022-11-14 01:04:30,614 [pool-141-thread-1] INFO  server.RaftServerConfigKeys (ConfUtils.java:logGet(46)) - raft.server.log.appender.buffer.byte-limit = 33554432 (custom)
2022-11-14 01:04:30,614 [pool-141-thread-1] INFO  server.RaftServerConfigKeys (ConfUtils.java:logGet(46)) - raft.server.log.statemachine.data.read.timeout = 1000ms (default)
2022-11-14 01:04:30,614 [pool-141-thread-1] INFO  server.RaftServerConfigKeys (ConfUtils.java:logGet(46)) - raft.server.log.purge.preservation.log.num = 0 (default)
2022-11-14 01:04:30,614 [pool-141-thread-1] INFO  server.RaftServerConfigKeys (ConfUtils.java:logGet(46)) - raft.server.log.segment.size.max = 1048576 (custom)
2022-11-14 01:04:30,616 [EventQueue-OpenPipelineForHealthyPipelineSafeModeRule] INFO  safemode.SCMSafeModeManager (HealthyPipelineSafeModeRule.java:process(137)) - SCM in safe mode. Healthy pipelines reported count is 0, required healthy pipeline reported count is 1
2022-11-14 01:04:30,617 [pool-141-thread-1] INFO  server.RaftServerConfigKeys (ConfUtils.java:logGet(46)) - raft.server.log.segment.cache.num.max = 2 (custom)
2022-11-14 01:04:30,618 [pool-141-thread-1] INFO  server.RaftServerConfigKeys (ConfUtils.java:logGet(46)) - raft.server.log.segment.cache.size.max = 200MB (=209715200) (default)
2022-11-14 01:04:30,618 [pool-141-thread-1] INFO  segmented.SegmentedRaftLogWorker (SegmentedRaftLogWorker.java:<init>(191)) - new 01c63b18-c7c8-42e3-9de4-2761bbcfbea5@group-9D779DEE9177-SegmentedRaftLogWorker for RaftStorageImpl:Storage Directory /home/runner/work/ozone/ozone/hadoop-ozone/integration-test/target/test-dir/MiniOzoneClusterImpl-733ab8e8-73b4-47ae-b22b-a548a4863177/datanode-3/data/ratis/83918ab4-f4e2-4629-b07a-9d779dee9177
2022-11-14 01:04:30,618 [pool-141-thread-1] INFO  server.RaftServerConfigKeys (ConfUtils.java:logGet(46)) - raft.server.log.queue.byte-limit = 4294967296 (custom)
2022-11-14 01:04:30,618 [pool-141-thread-1] INFO  server.RaftServerConfigKeys (ConfUtils.java:logGet(46)) - raft.server.log.queue.element-limit = 1024 (custom)
2022-11-14 01:04:30,618 [pool-141-thread-1] INFO  server.RaftServerConfigKeys (ConfUtils.java:logGet(46)) - raft.server.log.segment.size.max = 1048576 (custom)
2022-11-14 01:04:30,618 [pool-141-thread-1] INFO  server.RaftServerConfigKeys (ConfUtils.java:logGet(46)) - raft.server.log.preallocated.size = 16384 (custom)
2022-11-14 01:04:30,618 [pool-141-thread-1] INFO  server.RaftServerConfigKeys (ConfUtils.java:logGet(46)) - raft.server.log.force.sync.num = 128 (default)
2022-11-14 01:04:30,618 [pool-141-thread-1] INFO  server.RaftServerConfigKeys (ConfUtils.java:logGet(46)) - raft.server.log.statemachine.data.sync = true (default)
2022-11-14 01:04:30,619 [pool-141-thread-1] INFO  server.RaftServerConfigKeys (ConfUtils.java:logGet(46)) - raft.server.log.statemachine.data.sync.timeout = 10s (default)
2022-11-14 01:04:30,619 [pool-141-thread-1] INFO  server.RaftServerConfigKeys (ConfUtils.java:logGet(46)) - raft.server.log.statemachine.data.sync.timeout.retry = -1 (default)
2022-11-14 01:04:30,619 [pool-141-thread-1] INFO  server.RaftServerConfigKeys (ConfUtils.java:logGet(46)) - raft.server.log.write.buffer.size = 1048576 (custom)
2022-11-14 01:04:30,620 [pool-141-thread-1] INFO  server.RaftServerConfigKeys (ConfUtils.java:logGet(46)) - raft.server.log.unsafe-flush.enabled = false (default)
2022-11-14 01:04:30,620 [pool-141-thread-1] INFO  server.RaftServerConfigKeys (ConfUtils.java:logGet(46)) - raft.server.log.async-flush.enabled = false (default)
2022-11-14 01:04:30,620 [pool-141-thread-1] INFO  server.RaftServerConfigKeys (ConfUtils.java:logGet(46)) - raft.server.log.statemachine.data.caching.enabled = true (custom)
2022-11-14 01:04:30,620 [pool-141-thread-1] INFO  segmented.SegmentedRaftLogWorker (SegmentedRaftLogWorker.java:lambda$new$0(136)) - 01c63b18-c7c8-42e3-9de4-2761bbcfbea5@group-9D779DEE9177-SegmentedRaftLogWorker: flushIndex: setUnconditionally 0 -> -1
2022-11-14 01:04:30,620 [pool-141-thread-1] INFO  segmented.SegmentedRaftLogWorker (SegmentedRaftLogWorker.java:lambda$new$0(136)) - 01c63b18-c7c8-42e3-9de4-2761bbcfbea5@group-9D779DEE9177-SegmentedRaftLogWorker: safeCacheEvictIndex: setUnconditionally 0 -> -1
2022-11-14 01:04:30,623 [pool-141-thread-1] INFO  server.RaftServer$Division (RaftServerImpl.java:start(334)) - 01c63b18-c7c8-42e3-9de4-2761bbcfbea5@group-9D779DEE9177: start as a follower, conf=-1: peers:[c06e290d-eac5-4346-afba-5a90a2b31fb3|rpc:10.1.0.33:37459|priority:0|startupRole:FOLLOWER, c2596226-15ac-44d2-9de4-d3f1d5072550|rpc:10.1.0.33:46627|priority:1|startupRole:FOLLOWER, 01c63b18-c7c8-42e3-9de4-2761bbcfbea5|rpc:10.1.0.33:33639|priority:0|startupRole:FOLLOWER]|listeners:[], old=null
2022-11-14 01:04:30,623 [pool-141-thread-1] INFO  server.RaftServer$Division (RaftServerImpl.java:setRole(321)) - 01c63b18-c7c8-42e3-9de4-2761bbcfbea5@group-9D779DEE9177: changes role from      null to FOLLOWER at term 0 for startAsFollower
2022-11-14 01:04:30,623 [pool-141-thread-1] INFO  impl.RoleInfo (RoleInfo.java:updateAndGet(139)) - 01c63b18-c7c8-42e3-9de4-2761bbcfbea5: start 01c63b18-c7c8-42e3-9de4-2761bbcfbea5@group-9D779DEE9177-FollowerState
2022-11-14 01:04:30,626 [pool-141-thread-1] INFO  util.JmxRegister (JmxRegister.java:tryRegister(44)) - Successfully registered JMX Bean with object name Ratis:service=RaftServer,group=group-9D779DEE9177,id=01c63b18-c7c8-42e3-9de4-2761bbcfbea5
2022-11-14 01:04:30,626 [pool-141-thread-1] INFO  server.RaftServerConfigKeys (ConfUtils.java:logGet(46)) - raft.server.snapshot.auto.trigger.enabled = true (custom)
2022-11-14 01:04:30,626 [pool-141-thread-1] INFO  server.RaftServerConfigKeys (ConfUtils.java:logGet(46)) - raft.server.snapshot.auto.trigger.threshold = 10000 (custom)
2022-11-14 01:04:30,626 [pool-141-thread-1] INFO  server.RaftServerConfigKeys (ConfUtils.java:logGet(46)) - raft.server.snapshot.retention.file.num = 5 (custom)
2022-11-14 01:04:30,626 [pool-141-thread-1] INFO  server.RaftServerConfigKeys (ConfUtils.java:logGet(46)) - raft.server.log.purge.upto.snapshot.index = false (default)
2022-11-14 01:04:30,627 [01c63b18-c7c8-42e3-9de4-2761bbcfbea5@group-9D779DEE9177-FollowerState] INFO  server.RaftServerConfigKeys (ConfUtils.java:logFallback(53)) - raft.server.rpc.first-election.timeout.min = 5s (fallback to raft.server.rpc.timeout.min)
2022-11-14 01:04:30,627 [01c63b18-c7c8-42e3-9de4-2761bbcfbea5@group-9D779DEE9177-FollowerState] INFO  server.RaftServerConfigKeys (ConfUtils.java:logFallback(53)) - raft.server.rpc.first-election.timeout.max = 5200ms (fallback to raft.server.rpc.timeout.max)
2022-11-14 01:04:30,627 [Command processor thread] INFO  ratis.XceiverServerRatis (XceiverServerRatis.java:addGroup(765)) - Created group PipelineID=83918ab4-f4e2-4629-b07a-9d779dee9177
2022-11-14 01:04:30,648 [grpc-default-executor-1] INFO  server.RaftServer (RaftServerProxy.java:addNew(96)) - c2596226-15ac-44d2-9de4-d3f1d5072550: addNew group-9D779DEE9177:[c06e290d-eac5-4346-afba-5a90a2b31fb3|rpc:10.1.0.33:37459|dataStream:|priority:0|startupRole:FOLLOWER, c2596226-15ac-44d2-9de4-d3f1d5072550|rpc:10.1.0.33:46627|dataStream:|priority:1|startupRole:FOLLOWER, 01c63b18-c7c8-42e3-9de4-2761bbcfbea5|rpc:10.1.0.33:33639|dataStream:|priority:0|startupRole:FOLLOWER] returns group-9D779DEE9177:java.util.concurrent.CompletableFuture@63b7a4e6[Not completed]
2022-11-14 01:04:30,649 [pool-164-thread-1] INFO  server.RaftServer$Division (RaftServerImpl.java:<init>(195)) - c2596226-15ac-44d2-9de4-d3f1d5072550: new RaftServerImpl for group-9D779DEE9177:[c06e290d-eac5-4346-afba-5a90a2b31fb3|rpc:10.1.0.33:37459|dataStream:|priority:0|startupRole:FOLLOWER, c2596226-15ac-44d2-9de4-d3f1d5072550|rpc:10.1.0.33:46627|dataStream:|priority:1|startupRole:FOLLOWER, 01c63b18-c7c8-42e3-9de4-2761bbcfbea5|rpc:10.1.0.33:33639|dataStream:|priority:0|startupRole:FOLLOWER] with ContainerStateMachine:uninitialized
2022-11-14 01:04:30,649 [pool-164-thread-1] INFO  server.RaftServerConfigKeys (ConfUtils.java:logGet(46)) - raft.server.rpc.timeout.min = 5s (custom)
2022-11-14 01:04:30,650 [pool-164-thread-1] INFO  server.RaftServerConfigKeys (ConfUtils.java:logGet(46)) - raft.server.rpc.timeout.max = 5200ms (custom)
2022-11-14 01:04:30,650 [pool-164-thread-1] INFO  server.RaftServerConfigKeys (ConfUtils.java:logGet(46)) - raft.server.rpc.sleep.time = 25ms (default)
2022-11-14 01:04:30,650 [pool-164-thread-1] INFO  server.RaftServerConfigKeys (ConfUtils.java:logGet(46)) - raft.server.rpc.slowness.timeout = 300s (custom)
2022-11-14 01:04:30,650 [pool-164-thread-1] INFO  server.RaftServerConfigKeys (ConfUtils.java:logGet(46)) - raft.server.leaderelection.leader.step-down.wait-time = 10s (default)
2022-11-14 01:04:30,650 [pool-164-thread-1] INFO  server.RaftServerConfigKeys (ConfUtils.java:logGet(46)) - raft.server.sleep.deviation.threshold = 300ms (default)
2022-11-14 01:04:30,650 [pool-164-thread-1] INFO  server.RaftServer$Division (ServerState.java:<init>(118)) - c2596226-15ac-44d2-9de4-d3f1d5072550@group-9D779DEE9177: ConfigurationManager, init=-1: peers:[c06e290d-eac5-4346-afba-5a90a2b31fb3|rpc:10.1.0.33:37459|dataStream:|priority:0|startupRole:FOLLOWER, c2596226-15ac-44d2-9de4-d3f1d5072550|rpc:10.1.0.33:46627|dataStream:|priority:1|startupRole:FOLLOWER, 01c63b18-c7c8-42e3-9de4-2761bbcfbea5|rpc:10.1.0.33:33639|dataStream:|priority:0|startupRole:FOLLOWER]|listeners:[], old=null, confs=<EMPTY_MAP>
2022-11-14 01:04:30,650 [pool-164-thread-1] INFO  server.RaftServerConfigKeys (ConfUtils.java:logGet(46)) - raft.server.storage.dir = [/home/runner/work/ozone/ozone/hadoop-ozone/integration-test/target/test-dir/MiniOzoneClusterImpl-733ab8e8-73b4-47ae-b22b-a548a4863177/datanode-4/data/ratis] (custom)
2022-11-14 01:04:30,650 [pool-164-thread-1] INFO  server.RaftServerConfigKeys (ConfUtils.java:logGet(46)) - raft.server.log.corruption.policy = EXCEPTION (default)
2022-11-14 01:04:30,650 [pool-164-thread-1] INFO  server.RaftServerConfigKeys (ConfUtils.java:logGet(46)) - raft.server.storage.free-space.min = 0MB (=0) (default)
2022-11-14 01:04:30,650 [pool-164-thread-1] INFO  server.RaftServerConfigKeys (ConfUtils.java:logGet(46)) - raft.server.notification.no-leader.timeout = 300s (custom)
2022-11-14 01:04:30,650 [pool-164-thread-1] INFO  server.RaftServerConfigKeys (ConfUtils.java:logGet(46)) - raft.server.retrycache.expirytime = 600000ms (custom)
2022-11-14 01:04:30,650 [pool-164-thread-1] INFO  server.RaftServerConfigKeys (ConfUtils.java:logGet(46)) - raft.server.retrycache.statistics.expirytime = 100μs (default)
2022-11-14 01:04:30,652 [pool-164-thread-1] INFO  server.RaftServerConfigKeys (ConfUtils.java:logGet(46)) - raft.server.log.appender.install.snapshot.enabled = false (custom)
2022-11-14 01:04:30,652 [pool-164-thread-1] INFO  server.RaftServerConfigKeys (ConfUtils.java:logGet(46)) - raft.server.threadpool.server.cached = true (default)
2022-11-14 01:04:30,652 [pool-164-thread-1] INFO  server.RaftServerConfigKeys (ConfUtils.java:logGet(46)) - raft.server.threadpool.server.size = 0 (default)
2022-11-14 01:04:30,652 [pool-164-thread-1] INFO  server.RaftServerConfigKeys (ConfUtils.java:logGet(46)) - raft.server.threadpool.client.cached = true (default)
2022-11-14 01:04:30,652 [pool-164-thread-1] INFO  server.RaftServerConfigKeys (ConfUtils.java:logGet(46)) - raft.server.threadpool.client.size = 0 (default)
2022-11-14 01:04:30,652 [pool-164-thread-1] INFO  storage.RaftStorageDirectory (RaftStorageDirectoryImpl.java:analyzeStorage(137)) - The storage directory /home/runner/work/ozone/ozone/hadoop-ozone/integration-test/target/test-dir/MiniOzoneClusterImpl-733ab8e8-73b4-47ae-b22b-a548a4863177/datanode-4/data/ratis/83918ab4-f4e2-4629-b07a-9d779dee9177 does not exist. Creating ...
2022-11-14 01:04:30,654 [pool-164-thread-1] INFO  storage.RaftStorageDirectory (RaftStorageDirectoryImpl.java:tryLock(231)) - Lock on /home/runner/work/ozone/ozone/hadoop-ozone/integration-test/target/test-dir/MiniOzoneClusterImpl-733ab8e8-73b4-47ae-b22b-a548a4863177/datanode-4/data/ratis/83918ab4-f4e2-4629-b07a-9d779dee9177/in_use.lock acquired by nodename 11961@fv-az334-552
2022-11-14 01:04:30,655 [pool-164-thread-1] INFO  storage.RaftStorage (RaftStorageImpl.java:format(96)) - Storage directory /home/runner/work/ozone/ozone/hadoop-ozone/integration-test/target/test-dir/MiniOzoneClusterImpl-733ab8e8-73b4-47ae-b22b-a548a4863177/datanode-4/data/ratis/83918ab4-f4e2-4629-b07a-9d779dee9177 has been successfully formatted.
2022-11-14 01:04:30,657 [pool-164-thread-1] INFO  ratis.ContainerStateMachine (ContainerStateMachine.java:loadSnapshot(236)) - group-9D779DEE9177: The snapshot info is null. Setting the last applied indexto:(t:0, i:~)
2022-11-14 01:04:30,657 [pool-164-thread-1] INFO  server.RaftServerConfigKeys (ConfUtils.java:logGet(46)) - raft.server.log.use.memory = false (default)
2022-11-14 01:04:30,657 [pool-164-thread-1] INFO  server.RaftServerConfigKeys (ConfUtils.java:logGet(46)) - raft.server.log.purge.gap = 1000000 (custom)
2022-11-14 01:04:30,658 [pool-164-thread-1] INFO  server.RaftServerConfigKeys (ConfUtils.java:logGet(46)) - raft.server.log.appender.buffer.byte-limit = 33554432 (custom)
2022-11-14 01:04:30,658 [pool-164-thread-1] INFO  server.RaftServerConfigKeys (ConfUtils.java:logGet(46)) - raft.server.log.statemachine.data.read.timeout = 1000ms (default)
2022-11-14 01:04:30,658 [pool-164-thread-1] INFO  server.RaftServerConfigKeys (ConfUtils.java:logGet(46)) - raft.server.log.purge.preservation.log.num = 0 (default)
2022-11-14 01:04:30,659 [pool-164-thread-1] INFO  server.RaftServerConfigKeys (ConfUtils.java:logGet(46)) - raft.server.log.segment.size.max = 1048576 (custom)
2022-11-14 01:04:30,659 [pool-164-thread-1] INFO  server.RaftServerConfigKeys (ConfUtils.java:logGet(46)) - raft.server.log.segment.cache.num.max = 2 (custom)
2022-11-14 01:04:30,659 [pool-164-thread-1] INFO  server.RaftServerConfigKeys (ConfUtils.java:logGet(46)) - raft.server.log.segment.cache.size.max = 200MB (=209715200) (default)
2022-11-14 01:04:30,659 [pool-164-thread-1] INFO  segmented.SegmentedRaftLogWorker (SegmentedRaftLogWorker.java:<init>(191)) - new c2596226-15ac-44d2-9de4-d3f1d5072550@group-9D779DEE9177-SegmentedRaftLogWorker for RaftStorageImpl:Storage Directory /home/runner/work/ozone/ozone/hadoop-ozone/integration-test/target/test-dir/MiniOzoneClusterImpl-733ab8e8-73b4-47ae-b22b-a548a4863177/datanode-4/data/ratis/83918ab4-f4e2-4629-b07a-9d779dee9177
2022-11-14 01:04:30,659 [pool-164-thread-1] INFO  server.RaftServerConfigKeys (ConfUtils.java:logGet(46)) - raft.server.log.queue.byte-limit = 4294967296 (custom)
2022-11-14 01:04:30,660 [pool-164-thread-1] INFO  server.RaftServerConfigKeys (ConfUtils.java:logGet(46)) - raft.server.log.queue.element-limit = 1024 (custom)
2022-11-14 01:04:30,660 [pool-164-thread-1] INFO  server.RaftServerConfigKeys (ConfUtils.java:logGet(46)) - raft.server.log.segment.size.max = 1048576 (custom)
2022-11-14 01:04:30,660 [pool-164-thread-1] INFO  server.RaftServerConfigKeys (ConfUtils.java:logGet(46)) - raft.server.log.preallocated.size = 16384 (custom)
2022-11-14 01:04:30,660 [pool-164-thread-1] INFO  server.RaftServerConfigKeys (ConfUtils.java:logGet(46)) - raft.server.log.force.sync.num = 128 (default)
2022-11-14 01:04:30,660 [pool-164-thread-1] INFO  server.RaftServerConfigKeys (ConfUtils.java:logGet(46)) - raft.server.log.statemachine.data.sync = true (default)
2022-11-14 01:04:30,660 [pool-164-thread-1] INFO  server.RaftServerConfigKeys (ConfUtils.java:logGet(46)) - raft.server.log.statemachine.data.sync.timeout = 10s (default)
2022-11-14 01:04:30,660 [pool-164-thread-1] INFO  server.RaftServerConfigKeys (ConfUtils.java:logGet(46)) - raft.server.log.statemachine.data.sync.timeout.retry = -1 (default)
2022-11-14 01:04:30,661 [pool-164-thread-1] INFO  server.RaftServerConfigKeys (ConfUtils.java:logGet(46)) - raft.server.log.write.buffer.size = 1048576 (custom)
2022-11-14 01:04:30,661 [pool-164-thread-1] INFO  server.RaftServerConfigKeys (ConfUtils.java:logGet(46)) - raft.server.log.unsafe-flush.enabled = false (default)
2022-11-14 01:04:30,661 [pool-164-thread-1] INFO  server.RaftServerConfigKeys (ConfUtils.java:logGet(46)) - raft.server.log.async-flush.enabled = false (default)
2022-11-14 01:04:30,661 [pool-164-thread-1] INFO  server.RaftServerConfigKeys (ConfUtils.java:logGet(46)) - raft.server.log.statemachine.data.caching.enabled = true (custom)
2022-11-14 01:04:30,662 [pool-164-thread-1] INFO  segmented.SegmentedRaftLogWorker (SegmentedRaftLogWorker.java:lambda$new$0(136)) - c2596226-15ac-44d2-9de4-d3f1d5072550@group-9D779DEE9177-SegmentedRaftLogWorker: flushIndex: setUnconditionally 0 -> -1
2022-11-14 01:04:30,662 [pool-164-thread-1] INFO  segmented.SegmentedRaftLogWorker (SegmentedRaftLogWorker.java:lambda$new$0(136)) - c2596226-15ac-44d2-9de4-d3f1d5072550@group-9D779DEE9177-SegmentedRaftLogWorker: safeCacheEvictIndex: setUnconditionally 0 -> -1
2022-11-14 01:04:30,662 [pool-164-thread-1] INFO  server.RaftServer$Division (RaftServerImpl.java:start(334)) - c2596226-15ac-44d2-9de4-d3f1d5072550@group-9D779DEE9177: start as a follower, conf=-1: peers:[c06e290d-eac5-4346-afba-5a90a2b31fb3|rpc:10.1.0.33:37459|dataStream:|priority:0|startupRole:FOLLOWER, c2596226-15ac-44d2-9de4-d3f1d5072550|rpc:10.1.0.33:46627|dataStream:|priority:1|startupRole:FOLLOWER, 01c63b18-c7c8-42e3-9de4-2761bbcfbea5|rpc:10.1.0.33:33639|dataStream:|priority:0|startupRole:FOLLOWER]|listeners:[], old=null
2022-11-14 01:04:30,662 [pool-164-thread-1] INFO  server.RaftServer$Division (RaftServerImpl.java:setRole(321)) - c2596226-15ac-44d2-9de4-d3f1d5072550@group-9D779DEE9177: changes role from      null to FOLLOWER at term 0 for startAsFollower
2022-11-14 01:04:30,662 [pool-164-thread-1] INFO  impl.RoleInfo (RoleInfo.java:updateAndGet(139)) - c2596226-15ac-44d2-9de4-d3f1d5072550: start c2596226-15ac-44d2-9de4-d3f1d5072550@group-9D779DEE9177-FollowerState
2022-11-14 01:04:30,664 [pool-164-thread-1] INFO  util.JmxRegister (JmxRegister.java:tryRegister(44)) - Successfully registered JMX Bean with object name Ratis:service=RaftServer,group=group-9D779DEE9177,id=c2596226-15ac-44d2-9de4-d3f1d5072550
2022-11-14 01:04:30,664 [pool-164-thread-1] INFO  server.RaftServerConfigKeys (ConfUtils.java:logGet(46)) - raft.server.snapshot.auto.trigger.enabled = true (custom)
2022-11-14 01:04:30,664 [pool-164-thread-1] INFO  server.RaftServerConfigKeys (ConfUtils.java:logGet(46)) - raft.server.snapshot.auto.trigger.threshold = 10000 (custom)
2022-11-14 01:04:30,664 [pool-164-thread-1] INFO  server.RaftServerConfigKeys (ConfUtils.java:logGet(46)) - raft.server.snapshot.retention.file.num = 5 (custom)
2022-11-14 01:04:30,664 [pool-164-thread-1] INFO  server.RaftServerConfigKeys (ConfUtils.java:logGet(46)) - raft.server.log.purge.upto.snapshot.index = false (default)
2022-11-14 01:04:30,664 [c2596226-15ac-44d2-9de4-d3f1d5072550@group-9D779DEE9177-FollowerState] INFO  server.RaftServerConfigKeys (ConfUtils.java:logFallback(53)) - raft.server.rpc.first-election.timeout.min = 5s (fallback to raft.server.rpc.timeout.min)
2022-11-14 01:04:30,673 [c2596226-15ac-44d2-9de4-d3f1d5072550@group-9D779DEE9177-FollowerState] INFO  server.RaftServerConfigKeys (ConfUtils.java:logFallback(53)) - raft.server.rpc.first-election.timeout.max = 5200ms (fallback to raft.server.rpc.timeout.max)
2022-11-14 01:04:30,693 [grpc-default-executor-1] INFO  server.RaftServer (RaftServerProxy.java:addNew(96)) - c06e290d-eac5-4346-afba-5a90a2b31fb3: addNew group-9D779DEE9177:[c06e290d-eac5-4346-afba-5a90a2b31fb3|rpc:10.1.0.33:37459|dataStream:|priority:0|startupRole:FOLLOWER, c2596226-15ac-44d2-9de4-d3f1d5072550|rpc:10.1.0.33:46627|dataStream:|priority:1|startupRole:FOLLOWER, 01c63b18-c7c8-42e3-9de4-2761bbcfbea5|rpc:10.1.0.33:33639|dataStream:|priority:0|startupRole:FOLLOWER] returns group-9D779DEE9177:java.util.concurrent.CompletableFuture@544e9875[Not completed]
2022-11-14 01:04:30,694 [pool-187-thread-1] INFO  server.RaftServer$Division (RaftServerImpl.java:<init>(195)) - c06e290d-eac5-4346-afba-5a90a2b31fb3: new RaftServerImpl for group-9D779DEE9177:[c06e290d-eac5-4346-afba-5a90a2b31fb3|rpc:10.1.0.33:37459|dataStream:|priority:0|startupRole:FOLLOWER, c2596226-15ac-44d2-9de4-d3f1d5072550|rpc:10.1.0.33:46627|dataStream:|priority:1|startupRole:FOLLOWER, 01c63b18-c7c8-42e3-9de4-2761bbcfbea5|rpc:10.1.0.33:33639|dataStream:|priority:0|startupRole:FOLLOWER] with ContainerStateMachine:uninitialized
2022-11-14 01:04:30,694 [pool-187-thread-1] INFO  server.RaftServerConfigKeys (ConfUtils.java:logGet(46)) - raft.server.rpc.timeout.min = 5s (custom)
2022-11-14 01:04:30,695 [pool-187-thread-1] INFO  server.RaftServerConfigKeys (ConfUtils.java:logGet(46)) - raft.server.rpc.timeout.max = 5200ms (custom)
2022-11-14 01:04:30,695 [pool-187-thread-1] INFO  server.RaftServerConfigKeys (ConfUtils.java:logGet(46)) - raft.server.rpc.sleep.time = 25ms (default)
2022-11-14 01:04:30,695 [pool-187-thread-1] INFO  server.RaftServerConfigKeys (ConfUtils.java:logGet(46)) - raft.server.rpc.slowness.timeout = 300s (custom)
2022-11-14 01:04:30,695 [pool-187-thread-1] INFO  server.RaftServerConfigKeys (ConfUtils.java:logGet(46)) - raft.server.leaderelection.leader.step-down.wait-time = 10s (default)
2022-11-14 01:04:30,695 [pool-187-thread-1] INFO  server.RaftServerConfigKeys (ConfUtils.java:logGet(46)) - raft.server.sleep.deviation.threshold = 300ms (default)
2022-11-14 01:04:30,695 [pool-187-thread-1] INFO  server.RaftServer$Division (ServerState.java:<init>(118)) - c06e290d-eac5-4346-afba-5a90a2b31fb3@group-9D779DEE9177: ConfigurationManager, init=-1: peers:[c06e290d-eac5-4346-afba-5a90a2b31fb3|rpc:10.1.0.33:37459|dataStream:|priority:0|startupRole:FOLLOWER, c2596226-15ac-44d2-9de4-d3f1d5072550|rpc:10.1.0.33:46627|dataStream:|priority:1|startupRole:FOLLOWER, 01c63b18-c7c8-42e3-9de4-2761bbcfbea5|rpc:10.1.0.33:33639|dataStream:|priority:0|startupRole:FOLLOWER]|listeners:[], old=null, confs=<EMPTY_MAP>
2022-11-14 01:04:30,695 [pool-187-thread-1] INFO  server.RaftServerConfigKeys (ConfUtils.java:logGet(46)) - raft.server.storage.dir = [/home/runner/work/ozone/ozone/hadoop-ozone/integration-test/target/test-dir/MiniOzoneClusterImpl-733ab8e8-73b4-47ae-b22b-a548a4863177/datanode-5/data/ratis] (custom)
2022-11-14 01:04:30,695 [pool-187-thread-1] INFO  server.RaftServerConfigKeys (ConfUtils.java:logGet(46)) - raft.server.log.corruption.policy = EXCEPTION (default)
2022-11-14 01:04:30,695 [pool-187-thread-1] INFO  server.RaftServerConfigKeys (ConfUtils.java:logGet(46)) - raft.server.storage.free-space.min = 0MB (=0) (default)
2022-11-14 01:04:30,695 [pool-187-thread-1] INFO  server.RaftServerConfigKeys (ConfUtils.java:logGet(46)) - raft.server.notification.no-leader.timeout = 300s (custom)
2022-11-14 01:04:30,696 [pool-187-thread-1] INFO  server.RaftServerConfigKeys (ConfUtils.java:logGet(46)) - raft.server.retrycache.expirytime = 600000ms (custom)
2022-11-14 01:04:30,696 [pool-187-thread-1] INFO  server.RaftServerConfigKeys (ConfUtils.java:logGet(46)) - raft.server.retrycache.statistics.expirytime = 100μs (default)
2022-11-14 01:04:30,699 [pool-187-thread-1] INFO  server.RaftServerConfigKeys (ConfUtils.java:logGet(46)) - raft.server.log.appender.install.snapshot.enabled = false (custom)
2022-11-14 01:04:30,699 [pool-187-thread-1] INFO  server.RaftServerConfigKeys (ConfUtils.java:logGet(46)) - raft.server.threadpool.server.cached = true (default)
2022-11-14 01:04:30,699 [pool-187-thread-1] INFO  server.RaftServerConfigKeys (ConfUtils.java:logGet(46)) - raft.server.threadpool.server.size = 0 (default)
2022-11-14 01:04:30,699 [pool-187-thread-1] INFO  server.RaftServerConfigKeys (ConfUtils.java:logGet(46)) - raft.server.threadpool.client.cached = true (default)
2022-11-14 01:04:30,699 [pool-187-thread-1] INFO  server.RaftServerConfigKeys (ConfUtils.java:logGet(46)) - raft.server.threadpool.client.size = 0 (default)
2022-11-14 01:04:30,699 [pool-187-thread-1] INFO  storage.RaftStorageDirectory (RaftStorageDirectoryImpl.java:analyzeStorage(137)) - The storage directory /home/runner/work/ozone/ozone/hadoop-ozone/integration-test/target/test-dir/MiniOzoneClusterImpl-733ab8e8-73b4-47ae-b22b-a548a4863177/datanode-5/data/ratis/83918ab4-f4e2-4629-b07a-9d779dee9177 does not exist. Creating ...
2022-11-14 01:04:30,700 [pool-187-thread-1] INFO  storage.RaftStorageDirectory (RaftStorageDirectoryImpl.java:tryLock(231)) - Lock on /home/runner/work/ozone/ozone/hadoop-ozone/integration-test/target/test-dir/MiniOzoneClusterImpl-733ab8e8-73b4-47ae-b22b-a548a4863177/datanode-5/data/ratis/83918ab4-f4e2-4629-b07a-9d779dee9177/in_use.lock acquired by nodename 11961@fv-az334-552
2022-11-14 01:04:30,706 [pool-187-thread-1] INFO  storage.RaftStorage (RaftStorageImpl.java:format(96)) - Storage directory /home/runner/work/ozone/ozone/hadoop-ozone/integration-test/target/test-dir/MiniOzoneClusterImpl-733ab8e8-73b4-47ae-b22b-a548a4863177/datanode-5/data/ratis/83918ab4-f4e2-4629-b07a-9d779dee9177 has been successfully formatted.
2022-11-14 01:04:30,707 [pool-187-thread-1] INFO  ratis.ContainerStateMachine (ContainerStateMachine.java:loadSnapshot(236)) - group-9D779DEE9177: The snapshot info is null. Setting the last applied indexto:(t:0, i:~)
2022-11-14 01:04:30,708 [pool-187-thread-1] INFO  server.RaftServerConfigKeys (ConfUtils.java:logGet(46)) - raft.server.log.use.memory = false (default)
2022-11-14 01:04:30,708 [pool-187-thread-1] INFO  server.RaftServerConfigKeys (ConfUtils.java:logGet(46)) - raft.server.log.purge.gap = 1000000 (custom)
2022-11-14 01:04:30,709 [pool-187-thread-1] INFO  server.RaftServerConfigKeys (ConfUtils.java:logGet(46)) - raft.server.log.appender.buffer.byte-limit = 33554432 (custom)
2022-11-14 01:04:30,709 [pool-187-thread-1] INFO  server.RaftServerConfigKeys (ConfUtils.java:logGet(46)) - raft.server.log.statemachine.data.read.timeout = 1000ms (default)
2022-11-14 01:04:30,709 [pool-187-thread-1] INFO  server.RaftServerConfigKeys (ConfUtils.java:logGet(46)) - raft.server.log.purge.preservation.log.num = 0 (default)
2022-11-14 01:04:30,709 [pool-187-thread-1] INFO  server.RaftServerConfigKeys (ConfUtils.java:logGet(46)) - raft.server.log.segment.size.max = 1048576 (custom)
2022-11-14 01:04:30,709 [pool-187-thread-1] INFO  server.RaftServerConfigKeys (ConfUtils.java:logGet(46)) - raft.server.log.segment.cache.num.max = 2 (custom)
2022-11-14 01:04:30,709 [pool-187-thread-1] INFO  server.RaftServerConfigKeys (ConfUtils.java:logGet(46)) - raft.server.log.segment.cache.size.max = 200MB (=209715200) (default)
2022-11-14 01:04:30,709 [pool-187-thread-1] INFO  segmented.SegmentedRaftLogWorker (SegmentedRaftLogWorker.java:<init>(191)) - new c06e290d-eac5-4346-afba-5a90a2b31fb3@group-9D779DEE9177-SegmentedRaftLogWorker for RaftStorageImpl:Storage Directory /home/runner/work/ozone/ozone/hadoop-ozone/integration-test/target/test-dir/MiniOzoneClusterImpl-733ab8e8-73b4-47ae-b22b-a548a4863177/datanode-5/data/ratis/83918ab4-f4e2-4629-b07a-9d779dee9177
2022-11-14 01:04:30,710 [pool-187-thread-1] INFO  server.RaftServerConfigKeys (ConfUtils.java:logGet(46)) - raft.server.log.queue.byte-limit = 4294967296 (custom)
2022-11-14 01:04:30,710 [pool-187-thread-1] INFO  server.RaftServerConfigKeys (ConfUtils.java:logGet(46)) - raft.server.log.queue.element-limit = 1024 (custom)
2022-11-14 01:04:30,710 [pool-187-thread-1] INFO  server.RaftServerConfigKeys (ConfUtils.java:logGet(46)) - raft.server.log.segment.size.max = 1048576 (custom)
2022-11-14 01:04:30,710 [pool-187-thread-1] INFO  server.RaftServerConfigKeys (ConfUtils.java:logGet(46)) - raft.server.log.preallocated.size = 16384 (custom)
2022-11-14 01:04:30,710 [pool-187-thread-1] INFO  server.RaftServerConfigKeys (ConfUtils.java:logGet(46)) - raft.server.log.force.sync.num = 128 (default)
2022-11-14 01:04:30,710 [pool-187-thread-1] INFO  server.RaftServerConfigKeys (ConfUtils.java:logGet(46)) - raft.server.log.statemachine.data.sync = true (default)
2022-11-14 01:04:30,710 [pool-187-thread-1] INFO  server.RaftServerConfigKeys (ConfUtils.java:logGet(46)) - raft.server.log.statemachine.data.sync.timeout = 10s (default)
2022-11-14 01:04:30,710 [pool-187-thread-1] INFO  server.RaftServerConfigKeys (ConfUtils.java:logGet(46)) - raft.server.log.statemachine.data.sync.timeout.retry = -1 (default)
2022-11-14 01:04:30,712 [pool-187-thread-1] INFO  server.RaftServerConfigKeys (ConfUtils.java:logGet(46)) - raft.server.log.write.buffer.size = 1048576 (custom)
2022-11-14 01:04:30,712 [pool-187-thread-1] INFO  server.RaftServerConfigKeys (ConfUtils.java:logGet(46)) - raft.server.log.unsafe-flush.enabled = false (default)
2022-11-14 01:04:30,712 [pool-187-thread-1] INFO  server.RaftServerConfigKeys (ConfUtils.java:logGet(46)) - raft.server.log.async-flush.enabled = false (default)
2022-11-14 01:04:30,713 [pool-187-thread-1] INFO  server.RaftServerConfigKeys (ConfUtils.java:logGet(46)) - raft.server.log.statemachine.data.caching.enabled = true (custom)
2022-11-14 01:04:30,713 [pool-187-thread-1] INFO  segmented.SegmentedRaftLogWorker (SegmentedRaftLogWorker.java:lambda$new$0(136)) - c06e290d-eac5-4346-afba-5a90a2b31fb3@group-9D779DEE9177-SegmentedRaftLogWorker: flushIndex: setUnconditionally 0 -> -1
2022-11-14 01:04:30,713 [pool-187-thread-1] INFO  segmented.SegmentedRaftLogWorker (SegmentedRaftLogWorker.java:lambda$new$0(136)) - c06e290d-eac5-4346-afba-5a90a2b31fb3@group-9D779DEE9177-SegmentedRaftLogWorker: safeCacheEvictIndex: setUnconditionally 0 -> -1
2022-11-14 01:04:30,714 [pool-187-thread-1] INFO  server.RaftServer$Division (RaftServerImpl.java:start(334)) - c06e290d-eac5-4346-afba-5a90a2b31fb3@group-9D779DEE9177: start as a follower, conf=-1: peers:[c06e290d-eac5-4346-afba-5a90a2b31fb3|rpc:10.1.0.33:37459|dataStream:|priority:0|startupRole:FOLLOWER, c2596226-15ac-44d2-9de4-d3f1d5072550|rpc:10.1.0.33:46627|dataStream:|priority:1|startupRole:FOLLOWER, 01c63b18-c7c8-42e3-9de4-2761bbcfbea5|rpc:10.1.0.33:33639|dataStream:|priority:0|startupRole:FOLLOWER]|listeners:[], old=null
2022-11-14 01:04:30,714 [pool-187-thread-1] INFO  server.RaftServer$Division (RaftServerImpl.java:setRole(321)) - c06e290d-eac5-4346-afba-5a90a2b31fb3@group-9D779DEE9177: changes role from      null to FOLLOWER at term 0 for startAsFollower
2022-11-14 01:04:30,714 [pool-187-thread-1] INFO  impl.RoleInfo (RoleInfo.java:updateAndGet(139)) - c06e290d-eac5-4346-afba-5a90a2b31fb3: start c06e290d-eac5-4346-afba-5a90a2b31fb3@group-9D779DEE9177-FollowerState
2022-11-14 01:04:30,714 [pool-187-thread-1] INFO  util.JmxRegister (JmxRegister.java:tryRegister(44)) - Successfully registered JMX Bean with object name Ratis:service=RaftServer,group=group-9D779DEE9177,id=c06e290d-eac5-4346-afba-5a90a2b31fb3
2022-11-14 01:04:30,714 [pool-187-thread-1] INFO  server.RaftServerConfigKeys (ConfUtils.java:logGet(46)) - raft.server.snapshot.auto.trigger.enabled = true (custom)
2022-11-14 01:04:30,714 [pool-187-thread-1] INFO  server.RaftServerConfigKeys (ConfUtils.java:logGet(46)) - raft.server.snapshot.auto.trigger.threshold = 10000 (custom)
2022-11-14 01:04:30,714 [pool-187-thread-1] INFO  server.RaftServerConfigKeys (ConfUtils.java:logGet(46)) - raft.server.snapshot.retention.file.num = 5 (custom)
2022-11-14 01:04:30,714 [pool-187-thread-1] INFO  server.RaftServerConfigKeys (ConfUtils.java:logGet(46)) - raft.server.log.purge.upto.snapshot.index = false (default)
2022-11-14 01:04:30,715 [c06e290d-eac5-4346-afba-5a90a2b31fb3@group-9D779DEE9177-FollowerState] INFO  server.RaftServerConfigKeys (ConfUtils.java:logFallback(53)) - raft.server.rpc.first-election.timeout.min = 5s (fallback to raft.server.rpc.timeout.min)
2022-11-14 01:04:30,716 [c06e290d-eac5-4346-afba-5a90a2b31fb3@group-9D779DEE9177-FollowerState] INFO  server.RaftServerConfigKeys (ConfUtils.java:logFallback(53)) - raft.server.rpc.first-election.timeout.max = 5200ms (fallback to raft.server.rpc.timeout.max)
2022-11-14 01:04:30,722 [Command processor thread] INFO  commandhandler.CreatePipelineCommandHandler (CreatePipelineCommandHandler.java:handle(113)) - Created Pipeline RATIS THREE PipelineID=83918ab4-f4e2-4629-b07a-9d779dee9177.
2022-11-14 01:04:30,722 [Command processor thread] INFO  server.RaftServer (RaftServerProxy.java:addNew(96)) - 01c63b18-c7c8-42e3-9de4-2761bbcfbea5: addNew group-13F27F54F9DE:[c06e290d-eac5-4346-afba-5a90a2b31fb3|rpc:10.1.0.33:37459|priority:0|startupRole:FOLLOWER, c2596226-15ac-44d2-9de4-d3f1d5072550|rpc:10.1.0.33:46627|priority:0|startupRole:FOLLOWER, 01c63b18-c7c8-42e3-9de4-2761bbcfbea5|rpc:10.1.0.33:33639|priority:1|startupRole:FOLLOWER] returns group-13F27F54F9DE:java.util.concurrent.CompletableFuture@2c6aa77c[Not completed]
2022-11-14 01:04:30,723 [pool-141-thread-1] INFO  server.RaftServer$Division (RaftServerImpl.java:<init>(195)) - 01c63b18-c7c8-42e3-9de4-2761bbcfbea5: new RaftServerImpl for group-13F27F54F9DE:[c06e290d-eac5-4346-afba-5a90a2b31fb3|rpc:10.1.0.33:37459|priority:0|startupRole:FOLLOWER, c2596226-15ac-44d2-9de4-d3f1d5072550|rpc:10.1.0.33:46627|priority:0|startupRole:FOLLOWER, 01c63b18-c7c8-42e3-9de4-2761bbcfbea5|rpc:10.1.0.33:33639|priority:1|startupRole:FOLLOWER] with ContainerStateMachine:uninitialized
2022-11-14 01:04:30,723 [pool-141-thread-1] INFO  server.RaftServerConfigKeys (ConfUtils.java:logGet(46)) - raft.server.rpc.timeout.min = 5s (custom)
2022-11-14 01:04:30,723 [pool-141-thread-1] INFO  server.RaftServerConfigKeys (ConfUtils.java:logGet(46)) - raft.server.rpc.timeout.max = 5200ms (custom)
2022-11-14 01:04:30,723 [pool-141-thread-1] INFO  server.RaftServerConfigKeys (ConfUtils.java:logGet(46)) - raft.server.rpc.sleep.time = 25ms (default)
2022-11-14 01:04:30,723 [pool-141-thread-1] INFO  server.RaftServerConfigKeys (ConfUtils.java:logGet(46)) - raft.server.rpc.slowness.timeout = 300s (custom)
2022-11-14 01:04:30,723 [pool-141-thread-1] INFO  server.RaftServerConfigKeys (ConfUtils.java:logGet(46)) - raft.server.leaderelection.leader.step-down.wait-time = 10s (default)
2022-11-14 01:04:30,723 [pool-141-thread-1] INFO  server.RaftServerConfigKeys (ConfUtils.java:logGet(46)) - raft.server.sleep.deviation.threshold = 300ms (default)
2022-11-14 01:04:30,723 [pool-141-thread-1] INFO  server.RaftServer$Division (ServerState.java:<init>(118)) - 01c63b18-c7c8-42e3-9de4-2761bbcfbea5@group-13F27F54F9DE: ConfigurationManager, init=-1: peers:[c06e290d-eac5-4346-afba-5a90a2b31fb3|rpc:10.1.0.33:37459|priority:0|startupRole:FOLLOWER, c2596226-15ac-44d2-9de4-d3f1d5072550|rpc:10.1.0.33:46627|priority:0|startupRole:FOLLOWER, 01c63b18-c7c8-42e3-9de4-2761bbcfbea5|rpc:10.1.0.33:33639|priority:1|startupRole:FOLLOWER]|listeners:[], old=null, confs=<EMPTY_MAP>
2022-11-14 01:04:30,723 [pool-141-thread-1] INFO  server.RaftServerConfigKeys (ConfUtils.java:logGet(46)) - raft.server.storage.dir = [/home/runner/work/ozone/ozone/hadoop-ozone/integration-test/target/test-dir/MiniOzoneClusterImpl-733ab8e8-73b4-47ae-b22b-a548a4863177/datanode-3/data/ratis] (custom)
2022-11-14 01:04:30,724 [pool-141-thread-1] INFO  server.RaftServerConfigKeys (ConfUtils.java:logGet(46)) - raft.server.log.corruption.policy = EXCEPTION (default)
2022-11-14 01:04:30,724 [pool-141-thread-1] INFO  server.RaftServerConfigKeys (ConfUtils.java:logGet(46)) - raft.server.storage.free-space.min = 0MB (=0) (default)
2022-11-14 01:04:30,724 [pool-141-thread-1] INFO  server.RaftServerConfigKeys (ConfUtils.java:logGet(46)) - raft.server.notification.no-leader.timeout = 300s (custom)
2022-11-14 01:04:30,724 [pool-141-thread-1] INFO  server.RaftServerConfigKeys (ConfUtils.java:logGet(46)) - raft.server.retrycache.expirytime = 600000ms (custom)
2022-11-14 01:04:30,724 [pool-141-thread-1] INFO  server.RaftServerConfigKeys (ConfUtils.java:logGet(46)) - raft.server.retrycache.statistics.expirytime = 100μs (default)
2022-11-14 01:04:30,725 [pool-141-thread-1] INFO  server.RaftServerConfigKeys (ConfUtils.java:logGet(46)) - raft.server.log.appender.install.snapshot.enabled = false (custom)
2022-11-14 01:04:30,725 [pool-141-thread-1] INFO  server.RaftServerConfigKeys (ConfUtils.java:logGet(46)) - raft.server.threadpool.server.cached = true (default)
2022-11-14 01:04:30,725 [pool-141-thread-1] INFO  server.RaftServerConfigKeys (ConfUtils.java:logGet(46)) - raft.server.threadpool.server.size = 0 (default)
2022-11-14 01:04:30,725 [pool-141-thread-1] INFO  server.RaftServerConfigKeys (ConfUtils.java:logGet(46)) - raft.server.threadpool.client.cached = true (default)
2022-11-14 01:04:30,725 [pool-141-thread-1] INFO  server.RaftServerConfigKeys (ConfUtils.java:logGet(46)) - raft.server.threadpool.client.size = 0 (default)
2022-11-14 01:04:30,725 [pool-141-thread-1] INFO  storage.RaftStorageDirectory (RaftStorageDirectoryImpl.java:analyzeStorage(137)) - The storage directory /home/runner/work/ozone/ozone/hadoop-ozone/integration-test/target/test-dir/MiniOzoneClusterImpl-733ab8e8-73b4-47ae-b22b-a548a4863177/datanode-3/data/ratis/304c8b35-6448-4424-a48e-13f27f54f9de does not exist. Creating ...
2022-11-14 01:04:30,728 [pool-141-thread-1] INFO  storage.RaftStorageDirectory (RaftStorageDirectoryImpl.java:tryLock(231)) - Lock on /home/runner/work/ozone/ozone/hadoop-ozone/integration-test/target/test-dir/MiniOzoneClusterImpl-733ab8e8-73b4-47ae-b22b-a548a4863177/datanode-3/data/ratis/304c8b35-6448-4424-a48e-13f27f54f9de/in_use.lock acquired by nodename 11961@fv-az334-552
2022-11-14 01:04:30,730 [pool-141-thread-1] INFO  storage.RaftStorage (RaftStorageImpl.java:format(96)) - Storage directory /home/runner/work/ozone/ozone/hadoop-ozone/integration-test/target/test-dir/MiniOzoneClusterImpl-733ab8e8-73b4-47ae-b22b-a548a4863177/datanode-3/data/ratis/304c8b35-6448-4424-a48e-13f27f54f9de has been successfully formatted.
2022-11-14 01:04:30,730 [pool-141-thread-1] INFO  ratis.ContainerStateMachine (ContainerStateMachine.java:loadSnapshot(236)) - group-13F27F54F9DE: The snapshot info is null. Setting the last applied indexto:(t:0, i:~)
2022-11-14 01:04:30,730 [pool-141-thread-1] INFO  server.RaftServerConfigKeys (ConfUtils.java:logGet(46)) - raft.server.log.use.memory = false (default)
2022-11-14 01:04:30,730 [pool-141-thread-1] INFO  server.RaftServerConfigKeys (ConfUtils.java:logGet(46)) - raft.server.log.purge.gap = 1000000 (custom)
2022-11-14 01:04:30,730 [pool-141-thread-1] INFO  server.RaftServerConfigKeys (ConfUtils.java:logGet(46)) - raft.server.log.appender.buffer.byte-limit = 33554432 (custom)
2022-11-14 01:04:30,730 [pool-141-thread-1] INFO  server.RaftServerConfigKeys (ConfUtils.java:logGet(46)) - raft.server.log.statemachine.data.read.timeout = 1000ms (default)
2022-11-14 01:04:30,730 [pool-141-thread-1] INFO  server.RaftServerConfigKeys (ConfUtils.java:logGet(46)) - raft.server.log.purge.preservation.log.num = 0 (default)
2022-11-14 01:04:30,730 [pool-141-thread-1] INFO  server.RaftServerConfigKeys (ConfUtils.java:logGet(46)) - raft.server.log.segment.size.max = 1048576 (custom)
2022-11-14 01:04:30,731 [pool-141-thread-1] INFO  server.RaftServerConfigKeys (ConfUtils.java:logGet(46)) - raft.server.log.segment.cache.num.max = 2 (custom)
2022-11-14 01:04:30,732 [pool-141-thread-1] INFO  server.RaftServerConfigKeys (ConfUtils.java:logGet(46)) - raft.server.log.segment.cache.size.max = 200MB (=209715200) (default)
2022-11-14 01:04:30,732 [pool-141-thread-1] INFO  segmented.SegmentedRaftLogWorker (SegmentedRaftLogWorker.java:<init>(191)) - new 01c63b18-c7c8-42e3-9de4-2761bbcfbea5@group-13F27F54F9DE-SegmentedRaftLogWorker for RaftStorageImpl:Storage Directory /home/runner/work/ozone/ozone/hadoop-ozone/integration-test/target/test-dir/MiniOzoneClusterImpl-733ab8e8-73b4-47ae-b22b-a548a4863177/datanode-3/data/ratis/304c8b35-6448-4424-a48e-13f27f54f9de
2022-11-14 01:04:30,732 [pool-141-thread-1] INFO  server.RaftServerConfigKeys (ConfUtils.java:logGet(46)) - raft.server.log.queue.byte-limit = 4294967296 (custom)
2022-11-14 01:04:30,732 [pool-141-thread-1] INFO  server.RaftServerConfigKeys (ConfUtils.java:logGet(46)) - raft.server.log.queue.element-limit = 1024 (custom)
2022-11-14 01:04:30,732 [EventQueue-OpenPipelineForHealthyPipelineSafeModeRule] INFO  safemode.SCMSafeModeManager (HealthyPipelineSafeModeRule.java:process(137)) - SCM in safe mode. Healthy pipelines reported count is 0, required healthy pipeline reported count is 1
2022-11-14 01:04:30,732 [pool-141-thread-1] INFO  server.RaftServerConfigKeys (ConfUtils.java:logGet(46)) - raft.server.log.segment.size.max = 1048576 (custom)
2022-11-14 01:04:30,734 [pool-141-thread-1] INFO  server.RaftServerConfigKeys (ConfUtils.java:logGet(46)) - raft.server.log.preallocated.size = 16384 (custom)
2022-11-14 01:04:30,734 [pool-141-thread-1] INFO  server.RaftServerConfigKeys (ConfUtils.java:logGet(46)) - raft.server.log.force.sync.num = 128 (default)
2022-11-14 01:04:30,734 [pool-141-thread-1] INFO  server.RaftServerConfigKeys (ConfUtils.java:logGet(46)) - raft.server.log.statemachine.data.sync = true (default)
2022-11-14 01:04:30,734 [pool-141-thread-1] INFO  server.RaftServerConfigKeys (ConfUtils.java:logGet(46)) - raft.server.log.statemachine.data.sync.timeout = 10s (default)
2022-11-14 01:04:30,734 [pool-141-thread-1] INFO  server.RaftServerConfigKeys (ConfUtils.java:logGet(46)) - raft.server.log.statemachine.data.sync.timeout.retry = -1 (default)
2022-11-14 01:04:30,735 [pool-141-thread-1] INFO  server.RaftServerConfigKeys (ConfUtils.java:logGet(46)) - raft.server.log.write.buffer.size = 1048576 (custom)
2022-11-14 01:04:30,735 [pool-141-thread-1] INFO  server.RaftServerConfigKeys (ConfUtils.java:logGet(46)) - raft.server.log.unsafe-flush.enabled = false (default)
2022-11-14 01:04:30,735 [pool-141-thread-1] INFO  server.RaftServerConfigKeys (ConfUtils.java:logGet(46)) - raft.server.log.async-flush.enabled = false (default)
2022-11-14 01:04:30,735 [pool-141-thread-1] INFO  server.RaftServerConfigKeys (ConfUtils.java:logGet(46)) - raft.server.log.statemachine.data.caching.enabled = true (custom)
2022-11-14 01:04:30,736 [pool-141-thread-1] INFO  segmented.SegmentedRaftLogWorker (SegmentedRaftLogWorker.java:lambda$new$0(136)) - 01c63b18-c7c8-42e3-9de4-2761bbcfbea5@group-13F27F54F9DE-SegmentedRaftLogWorker: flushIndex: setUnconditionally 0 -> -1
2022-11-14 01:04:30,736 [pool-141-thread-1] INFO  segmented.SegmentedRaftLogWorker (SegmentedRaftLogWorker.java:lambda$new$0(136)) - 01c63b18-c7c8-42e3-9de4-2761bbcfbea5@group-13F27F54F9DE-SegmentedRaftLogWorker: safeCacheEvictIndex: setUnconditionally 0 -> -1
2022-11-14 01:04:30,736 [pool-141-thread-1] INFO  server.RaftServer$Division (RaftServerImpl.java:start(334)) - 01c63b18-c7c8-42e3-9de4-2761bbcfbea5@group-13F27F54F9DE: start as a follower, conf=-1: peers:[c06e290d-eac5-4346-afba-5a90a2b31fb3|rpc:10.1.0.33:37459|priority:0|startupRole:FOLLOWER, c2596226-15ac-44d2-9de4-d3f1d5072550|rpc:10.1.0.33:46627|priority:0|startupRole:FOLLOWER, 01c63b18-c7c8-42e3-9de4-2761bbcfbea5|rpc:10.1.0.33:33639|priority:1|startupRole:FOLLOWER]|listeners:[], old=null
2022-11-14 01:04:30,736 [pool-141-thread-1] INFO  server.RaftServer$Division (RaftServerImpl.java:setRole(321)) - 01c63b18-c7c8-42e3-9de4-2761bbcfbea5@group-13F27F54F9DE: changes role from      null to FOLLOWER at term 0 for startAsFollower
2022-11-14 01:04:30,736 [pool-141-thread-1] INFO  impl.RoleInfo (RoleInfo.java:updateAndGet(139)) - 01c63b18-c7c8-42e3-9de4-2761bbcfbea5: start 01c63b18-c7c8-42e3-9de4-2761bbcfbea5@group-13F27F54F9DE-FollowerState
2022-11-14 01:04:30,739 [pool-141-thread-1] INFO  util.JmxRegister (JmxRegister.java:tryRegister(44)) - Successfully registered JMX Bean with object name Ratis:service=RaftServer,group=group-13F27F54F9DE,id=01c63b18-c7c8-42e3-9de4-2761bbcfbea5
2022-11-14 01:04:30,739 [pool-141-thread-1] INFO  server.RaftServerConfigKeys (ConfUtils.java:logGet(46)) - raft.server.snapshot.auto.trigger.enabled = true (custom)
2022-11-14 01:04:30,739 [pool-141-thread-1] INFO  server.RaftServerConfigKeys (ConfUtils.java:logGet(46)) - raft.server.snapshot.auto.trigger.threshold = 10000 (custom)
2022-11-14 01:04:30,739 [pool-141-thread-1] INFO  server.RaftServerConfigKeys (ConfUtils.java:logGet(46)) - raft.server.snapshot.retention.file.num = 5 (custom)
2022-11-14 01:04:30,739 [pool-141-thread-1] INFO  server.RaftServerConfigKeys (ConfUtils.java:logGet(46)) - raft.server.log.purge.upto.snapshot.index = false (default)
2022-11-14 01:04:30,740 [01c63b18-c7c8-42e3-9de4-2761bbcfbea5@group-13F27F54F9DE-FollowerState] INFO  server.RaftServerConfigKeys (ConfUtils.java:logFallback(53)) - raft.server.rpc.first-election.timeout.min = 5s (fallback to raft.server.rpc.timeout.min)
2022-11-14 01:04:30,741 [01c63b18-c7c8-42e3-9de4-2761bbcfbea5@group-13F27F54F9DE-FollowerState] INFO  server.RaftServerConfigKeys (ConfUtils.java:logFallback(53)) - raft.server.rpc.first-election.timeout.max = 5200ms (fallback to raft.server.rpc.timeout.max)
2022-11-14 01:04:30,743 [Command processor thread] INFO  ratis.XceiverServerRatis (XceiverServerRatis.java:addGroup(765)) - Created group PipelineID=304c8b35-6448-4424-a48e-13f27f54f9de
2022-11-14 01:04:30,768 [grpc-default-executor-1] INFO  server.RaftServer (RaftServerProxy.java:addNew(96)) - c2596226-15ac-44d2-9de4-d3f1d5072550: addNew group-13F27F54F9DE:[c06e290d-eac5-4346-afba-5a90a2b31fb3|rpc:10.1.0.33:37459|dataStream:|priority:0|startupRole:FOLLOWER, c2596226-15ac-44d2-9de4-d3f1d5072550|rpc:10.1.0.33:46627|dataStream:|priority:0|startupRole:FOLLOWER, 01c63b18-c7c8-42e3-9de4-2761bbcfbea5|rpc:10.1.0.33:33639|dataStream:|priority:1|startupRole:FOLLOWER] returns group-13F27F54F9DE:java.util.concurrent.CompletableFuture@4b05d4a2[Not completed]
2022-11-14 01:04:30,769 [pool-164-thread-1] INFO  server.RaftServer$Division (RaftServerImpl.java:<init>(195)) - c2596226-15ac-44d2-9de4-d3f1d5072550: new RaftServerImpl for group-13F27F54F9DE:[c06e290d-eac5-4346-afba-5a90a2b31fb3|rpc:10.1.0.33:37459|dataStream:|priority:0|startupRole:FOLLOWER, c2596226-15ac-44d2-9de4-d3f1d5072550|rpc:10.1.0.33:46627|dataStream:|priority:0|startupRole:FOLLOWER, 01c63b18-c7c8-42e3-9de4-2761bbcfbea5|rpc:10.1.0.33:33639|dataStream:|priority:1|startupRole:FOLLOWER] with ContainerStateMachine:uninitialized
2022-11-14 01:04:30,769 [pool-164-thread-1] INFO  server.RaftServerConfigKeys (ConfUtils.java:logGet(46)) - raft.server.rpc.timeout.min = 5s (custom)
2022-11-14 01:04:30,769 [pool-164-thread-1] INFO  server.RaftServerConfigKeys (ConfUtils.java:logGet(46)) - raft.server.rpc.timeout.max = 5200ms (custom)
2022-11-14 01:04:30,769 [pool-164-thread-1] INFO  server.RaftServerConfigKeys (ConfUtils.java:logGet(46)) - raft.server.rpc.sleep.time = 25ms (default)
2022-11-14 01:04:30,769 [pool-164-thread-1] INFO  server.RaftServerConfigKeys (ConfUtils.java:logGet(46)) - raft.server.rpc.slowness.timeout = 300s (custom)
2022-11-14 01:04:30,769 [pool-164-thread-1] INFO  server.RaftServerConfigKeys (ConfUtils.java:logGet(46)) - raft.server.leaderelection.leader.step-down.wait-time = 10s (default)
2022-11-14 01:04:30,769 [pool-164-thread-1] INFO  server.RaftServerConfigKeys (ConfUtils.java:logGet(46)) - raft.server.sleep.deviation.threshold = 300ms (default)
2022-11-14 01:04:30,769 [pool-164-thread-1] INFO  server.RaftServer$Division (ServerState.java:<init>(118)) - c2596226-15ac-44d2-9de4-d3f1d5072550@group-13F27F54F9DE: ConfigurationManager, init=-1: peers:[c06e290d-eac5-4346-afba-5a90a2b31fb3|rpc:10.1.0.33:37459|dataStream:|priority:0|startupRole:FOLLOWER, c2596226-15ac-44d2-9de4-d3f1d5072550|rpc:10.1.0.33:46627|dataStream:|priority:0|startupRole:FOLLOWER, 01c63b18-c7c8-42e3-9de4-2761bbcfbea5|rpc:10.1.0.33:33639|dataStream:|priority:1|startupRole:FOLLOWER]|listeners:[], old=null, confs=<EMPTY_MAP>
2022-11-14 01:04:30,769 [pool-164-thread-1] INFO  server.RaftServerConfigKeys (ConfUtils.java:logGet(46)) - raft.server.storage.dir = [/home/runner/work/ozone/ozone/hadoop-ozone/integration-test/target/test-dir/MiniOzoneClusterImpl-733ab8e8-73b4-47ae-b22b-a548a4863177/datanode-4/data/ratis] (custom)
2022-11-14 01:04:30,769 [pool-164-thread-1] INFO  server.RaftServerConfigKeys (ConfUtils.java:logGet(46)) - raft.server.log.corruption.policy = EXCEPTION (default)
2022-11-14 01:04:30,769 [pool-164-thread-1] INFO  server.RaftServerConfigKeys (ConfUtils.java:logGet(46)) - raft.server.storage.free-space.min = 0MB (=0) (default)
2022-11-14 01:04:30,770 [pool-164-thread-1] INFO  server.RaftServerConfigKeys (ConfUtils.java:logGet(46)) - raft.server.notification.no-leader.timeout = 300s (custom)
2022-11-14 01:04:30,770 [pool-164-thread-1] INFO  server.RaftServerConfigKeys (ConfUtils.java:logGet(46)) - raft.server.retrycache.expirytime = 600000ms (custom)
2022-11-14 01:04:30,770 [pool-164-thread-1] INFO  server.RaftServerConfigKeys (ConfUtils.java:logGet(46)) - raft.server.retrycache.statistics.expirytime = 100μs (default)
2022-11-14 01:04:30,771 [pool-164-thread-1] INFO  server.RaftServerConfigKeys (ConfUtils.java:logGet(46)) - raft.server.log.appender.install.snapshot.enabled = false (custom)
2022-11-14 01:04:30,771 [pool-164-thread-1] INFO  server.RaftServerConfigKeys (ConfUtils.java:logGet(46)) - raft.server.threadpool.server.cached = true (default)
2022-11-14 01:04:30,771 [pool-164-thread-1] INFO  server.RaftServerConfigKeys (ConfUtils.java:logGet(46)) - raft.server.threadpool.server.size = 0 (default)
2022-11-14 01:04:30,771 [pool-164-thread-1] INFO  server.RaftServerConfigKeys (ConfUtils.java:logGet(46)) - raft.server.threadpool.client.cached = true (default)
2022-11-14 01:04:30,771 [pool-164-thread-1] INFO  server.RaftServerConfigKeys (ConfUtils.java:logGet(46)) - raft.server.threadpool.client.size = 0 (default)
2022-11-14 01:04:30,771 [pool-164-thread-1] INFO  storage.RaftStorageDirectory (RaftStorageDirectoryImpl.java:analyzeStorage(137)) - The storage directory /home/runner/work/ozone/ozone/hadoop-ozone/integration-test/target/test-dir/MiniOzoneClusterImpl-733ab8e8-73b4-47ae-b22b-a548a4863177/datanode-4/data/ratis/304c8b35-6448-4424-a48e-13f27f54f9de does not exist. Creating ...
2022-11-14 01:04:30,773 [pool-164-thread-1] INFO  storage.RaftStorageDirectory (RaftStorageDirectoryImpl.java:tryLock(231)) - Lock on /home/runner/work/ozone/ozone/hadoop-ozone/integration-test/target/test-dir/MiniOzoneClusterImpl-733ab8e8-73b4-47ae-b22b-a548a4863177/datanode-4/data/ratis/304c8b35-6448-4424-a48e-13f27f54f9de/in_use.lock acquired by nodename 11961@fv-az334-552
2022-11-14 01:04:30,775 [pool-164-thread-1] INFO  storage.RaftStorage (RaftStorageImpl.java:format(96)) - Storage directory /home/runner/work/ozone/ozone/hadoop-ozone/integration-test/target/test-dir/MiniOzoneClusterImpl-733ab8e8-73b4-47ae-b22b-a548a4863177/datanode-4/data/ratis/304c8b35-6448-4424-a48e-13f27f54f9de has been successfully formatted.
2022-11-14 01:04:30,776 [pool-164-thread-1] INFO  ratis.ContainerStateMachine (ContainerStateMachine.java:loadSnapshot(236)) - group-13F27F54F9DE: The snapshot info is null. Setting the last applied indexto:(t:0, i:~)
2022-11-14 01:04:30,776 [pool-164-thread-1] INFO  server.RaftServerConfigKeys (ConfUtils.java:logGet(46)) - raft.server.log.use.memory = false (default)
2022-11-14 01:04:30,776 [pool-164-thread-1] INFO  server.RaftServerConfigKeys (ConfUtils.java:logGet(46)) - raft.server.log.purge.gap = 1000000 (custom)
2022-11-14 01:04:30,776 [pool-164-thread-1] INFO  server.RaftServerConfigKeys (ConfUtils.java:logGet(46)) - raft.server.log.appender.buffer.byte-limit = 33554432 (custom)
2022-11-14 01:04:30,776 [pool-164-thread-1] INFO  server.RaftServerConfigKeys (ConfUtils.java:logGet(46)) - raft.server.log.statemachine.data.read.timeout = 1000ms (default)
2022-11-14 01:04:30,776 [pool-164-thread-1] INFO  server.RaftServerConfigKeys (ConfUtils.java:logGet(46)) - raft.server.log.purge.preservation.log.num = 0 (default)
2022-11-14 01:04:30,776 [pool-164-thread-1] INFO  server.RaftServerConfigKeys (ConfUtils.java:logGet(46)) - raft.server.log.segment.size.max = 1048576 (custom)
2022-11-14 01:04:30,777 [pool-164-thread-1] INFO  server.RaftServerConfigKeys (ConfUtils.java:logGet(46)) - raft.server.log.segment.cache.num.max = 2 (custom)
2022-11-14 01:04:30,777 [pool-164-thread-1] INFO  server.RaftServerConfigKeys (ConfUtils.java:logGet(46)) - raft.server.log.segment.cache.size.max = 200MB (=209715200) (default)
2022-11-14 01:04:30,777 [pool-164-thread-1] INFO  segmented.SegmentedRaftLogWorker (SegmentedRaftLogWorker.java:<init>(191)) - new c2596226-15ac-44d2-9de4-d3f1d5072550@group-13F27F54F9DE-SegmentedRaftLogWorker for RaftStorageImpl:Storage Directory /home/runner/work/ozone/ozone/hadoop-ozone/integration-test/target/test-dir/MiniOzoneClusterImpl-733ab8e8-73b4-47ae-b22b-a548a4863177/datanode-4/data/ratis/304c8b35-6448-4424-a48e-13f27f54f9de
2022-11-14 01:04:30,777 [pool-164-thread-1] INFO  server.RaftServerConfigKeys (ConfUtils.java:logGet(46)) - raft.server.log.queue.byte-limit = 4294967296 (custom)
2022-11-14 01:04:30,777 [pool-164-thread-1] INFO  server.RaftServerConfigKeys (ConfUtils.java:logGet(46)) - raft.server.log.queue.element-limit = 1024 (custom)
2022-11-14 01:04:30,777 [pool-164-thread-1] INFO  server.RaftServerConfigKeys (ConfUtils.java:logGet(46)) - raft.server.log.segment.size.max = 1048576 (custom)
2022-11-14 01:04:30,777 [pool-164-thread-1] INFO  server.RaftServerConfigKeys (ConfUtils.java:logGet(46)) - raft.server.log.preallocated.size = 16384 (custom)
2022-11-14 01:04:30,777 [pool-164-thread-1] INFO  server.RaftServerConfigKeys (ConfUtils.java:logGet(46)) - raft.server.log.force.sync.num = 128 (default)
2022-11-14 01:04:30,777 [pool-164-thread-1] INFO  server.RaftServerConfigKeys (ConfUtils.java:logGet(46)) - raft.server.log.statemachine.data.sync = true (default)
2022-11-14 01:04:30,777 [pool-164-thread-1] INFO  server.RaftServerConfigKeys (ConfUtils.java:logGet(46)) - raft.server.log.statemachine.data.sync.timeout = 10s (default)
2022-11-14 01:04:30,777 [pool-164-thread-1] INFO  server.RaftServerConfigKeys (ConfUtils.java:logGet(46)) - raft.server.log.statemachine.data.sync.timeout.retry = -1 (default)
2022-11-14 01:04:30,779 [pool-164-thread-1] INFO  server.RaftServerConfigKeys (ConfUtils.java:logGet(46)) - raft.server.log.write.buffer.size = 1048576 (custom)
2022-11-14 01:04:30,780 [pool-164-thread-1] INFO  server.RaftServerConfigKeys (ConfUtils.java:logGet(46)) - raft.server.log.unsafe-flush.enabled = false (default)
2022-11-14 01:04:30,780 [pool-164-thread-1] INFO  server.RaftServerConfigKeys (ConfUtils.java:logGet(46)) - raft.server.log.async-flush.enabled = false (default)
2022-11-14 01:04:30,780 [pool-164-thread-1] INFO  server.RaftServerConfigKeys (ConfUtils.java:logGet(46)) - raft.server.log.statemachine.data.caching.enabled = true (custom)
2022-11-14 01:04:30,781 [pool-164-thread-1] INFO  segmented.SegmentedRaftLogWorker (SegmentedRaftLogWorker.java:lambda$new$0(136)) - c2596226-15ac-44d2-9de4-d3f1d5072550@group-13F27F54F9DE-SegmentedRaftLogWorker: flushIndex: setUnconditionally 0 -> -1
2022-11-14 01:04:30,781 [pool-164-thread-1] INFO  segmented.SegmentedRaftLogWorker (SegmentedRaftLogWorker.java:lambda$new$0(136)) - c2596226-15ac-44d2-9de4-d3f1d5072550@group-13F27F54F9DE-SegmentedRaftLogWorker: safeCacheEvictIndex: setUnconditionally 0 -> -1
2022-11-14 01:04:30,782 [pool-164-thread-1] INFO  server.RaftServer$Division (RaftServerImpl.java:start(334)) - c2596226-15ac-44d2-9de4-d3f1d5072550@group-13F27F54F9DE: start as a follower, conf=-1: peers:[c06e290d-eac5-4346-afba-5a90a2b31fb3|rpc:10.1.0.33:37459|dataStream:|priority:0|startupRole:FOLLOWER, c2596226-15ac-44d2-9de4-d3f1d5072550|rpc:10.1.0.33:46627|dataStream:|priority:0|startupRole:FOLLOWER, 01c63b18-c7c8-42e3-9de4-2761bbcfbea5|rpc:10.1.0.33:33639|dataStream:|priority:1|startupRole:FOLLOWER]|listeners:[], old=null
2022-11-14 01:04:30,783 [pool-164-thread-1] INFO  server.RaftServer$Division (RaftServerImpl.java:setRole(321)) - c2596226-15ac-44d2-9de4-d3f1d5072550@group-13F27F54F9DE: changes role from      null to FOLLOWER at term 0 for startAsFollower
2022-11-14 01:04:30,783 [pool-164-thread-1] INFO  impl.RoleInfo (RoleInfo.java:updateAndGet(139)) - c2596226-15ac-44d2-9de4-d3f1d5072550: start c2596226-15ac-44d2-9de4-d3f1d5072550@group-13F27F54F9DE-FollowerState
2022-11-14 01:04:30,783 [pool-164-thread-1] INFO  util.JmxRegister (JmxRegister.java:tryRegister(44)) - Successfully registered JMX Bean with object name Ratis:service=RaftServer,group=group-13F27F54F9DE,id=c2596226-15ac-44d2-9de4-d3f1d5072550
2022-11-14 01:04:30,783 [c2596226-15ac-44d2-9de4-d3f1d5072550@group-13F27F54F9DE-FollowerState] INFO  server.RaftServerConfigKeys (ConfUtils.java:logFallback(53)) - raft.server.rpc.first-election.timeout.min = 5s (fallback to raft.server.rpc.timeout.min)
2022-11-14 01:04:30,784 [c2596226-15ac-44d2-9de4-d3f1d5072550@group-13F27F54F9DE-FollowerState] INFO  server.RaftServerConfigKeys (ConfUtils.java:logFallback(53)) - raft.server.rpc.first-election.timeout.max = 5200ms (fallback to raft.server.rpc.timeout.max)
2022-11-14 01:04:30,783 [pool-164-thread-1] INFO  server.RaftServerConfigKeys (ConfUtils.java:logGet(46)) - raft.server.snapshot.auto.trigger.enabled = true (custom)
2022-11-14 01:04:30,784 [pool-164-thread-1] INFO  server.RaftServerConfigKeys (ConfUtils.java:logGet(46)) - raft.server.snapshot.auto.trigger.threshold = 10000 (custom)
2022-11-14 01:04:30,784 [pool-164-thread-1] INFO  server.RaftServerConfigKeys (ConfUtils.java:logGet(46)) - raft.server.snapshot.retention.file.num = 5 (custom)
2022-11-14 01:04:30,784 [pool-164-thread-1] INFO  server.RaftServerConfigKeys (ConfUtils.java:logGet(46)) - raft.server.log.purge.upto.snapshot.index = false (default)
2022-11-14 01:04:30,802 [grpc-default-executor-1] INFO  server.RaftServer (RaftServerProxy.java:addNew(96)) - c06e290d-eac5-4346-afba-5a90a2b31fb3: addNew group-13F27F54F9DE:[c06e290d-eac5-4346-afba-5a90a2b31fb3|rpc:10.1.0.33:37459|dataStream:|priority:0|startupRole:FOLLOWER, c2596226-15ac-44d2-9de4-d3f1d5072550|rpc:10.1.0.33:46627|dataStream:|priority:0|startupRole:FOLLOWER, 01c63b18-c7c8-42e3-9de4-2761bbcfbea5|rpc:10.1.0.33:33639|dataStream:|priority:1|startupRole:FOLLOWER] returns group-13F27F54F9DE:java.util.concurrent.CompletableFuture@17bcaf3f[Not completed]
2022-11-14 01:04:30,803 [pool-187-thread-1] INFO  server.RaftServer$Division (RaftServerImpl.java:<init>(195)) - c06e290d-eac5-4346-afba-5a90a2b31fb3: new RaftServerImpl for group-13F27F54F9DE:[c06e290d-eac5-4346-afba-5a90a2b31fb3|rpc:10.1.0.33:37459|dataStream:|priority:0|startupRole:FOLLOWER, c2596226-15ac-44d2-9de4-d3f1d5072550|rpc:10.1.0.33:46627|dataStream:|priority:0|startupRole:FOLLOWER, 01c63b18-c7c8-42e3-9de4-2761bbcfbea5|rpc:10.1.0.33:33639|dataStream:|priority:1|startupRole:FOLLOWER] with ContainerStateMachine:uninitialized
2022-11-14 01:04:30,803 [pool-187-thread-1] INFO  server.RaftServerConfigKeys (ConfUtils.java:logGet(46)) - raft.server.rpc.timeout.min = 5s (custom)
2022-11-14 01:04:30,803 [pool-187-thread-1] INFO  server.RaftServerConfigKeys (ConfUtils.java:logGet(46)) - raft.server.rpc.timeout.max = 5200ms (custom)
2022-11-14 01:04:30,803 [pool-187-thread-1] INFO  server.RaftServerConfigKeys (ConfUtils.java:logGet(46)) - raft.server.rpc.sleep.time = 25ms (default)
2022-11-14 01:04:30,803 [pool-187-thread-1] INFO  server.RaftServerConfigKeys (ConfUtils.java:logGet(46)) - raft.server.rpc.slowness.timeout = 300s (custom)
2022-11-14 01:04:30,803 [pool-187-thread-1] INFO  server.RaftServerConfigKeys (ConfUtils.java:logGet(46)) - raft.server.leaderelection.leader.step-down.wait-time = 10s (default)
2022-11-14 01:04:30,803 [pool-187-thread-1] INFO  server.RaftServerConfigKeys (ConfUtils.java:logGet(46)) - raft.server.sleep.deviation.threshold = 300ms (default)
2022-11-14 01:04:30,803 [pool-187-thread-1] INFO  server.RaftServer$Division (ServerState.java:<init>(118)) - c06e290d-eac5-4346-afba-5a90a2b31fb3@group-13F27F54F9DE: ConfigurationManager, init=-1: peers:[c06e290d-eac5-4346-afba-5a90a2b31fb3|rpc:10.1.0.33:37459|dataStream:|priority:0|startupRole:FOLLOWER, c2596226-15ac-44d2-9de4-d3f1d5072550|rpc:10.1.0.33:46627|dataStream:|priority:0|startupRole:FOLLOWER, 01c63b18-c7c8-42e3-9de4-2761bbcfbea5|rpc:10.1.0.33:33639|dataStream:|priority:1|startupRole:FOLLOWER]|listeners:[], old=null, confs=<EMPTY_MAP>
2022-11-14 01:04:30,804 [pool-187-thread-1] INFO  server.RaftServerConfigKeys (ConfUtils.java:logGet(46)) - raft.server.storage.dir = [/home/runner/work/ozone/ozone/hadoop-ozone/integration-test/target/test-dir/MiniOzoneClusterImpl-733ab8e8-73b4-47ae-b22b-a548a4863177/datanode-5/data/ratis] (custom)
2022-11-14 01:04:30,804 [pool-187-thread-1] INFO  server.RaftServerConfigKeys (ConfUtils.java:logGet(46)) - raft.server.log.corruption.policy = EXCEPTION (default)
2022-11-14 01:04:30,804 [pool-187-thread-1] INFO  server.RaftServerConfigKeys (ConfUtils.java:logGet(46)) - raft.server.storage.free-space.min = 0MB (=0) (default)
2022-11-14 01:04:30,804 [pool-187-thread-1] INFO  server.RaftServerConfigKeys (ConfUtils.java:logGet(46)) - raft.server.notification.no-leader.timeout = 300s (custom)
2022-11-14 01:04:30,804 [pool-187-thread-1] INFO  server.RaftServerConfigKeys (ConfUtils.java:logGet(46)) - raft.server.retrycache.expirytime = 600000ms (custom)
2022-11-14 01:04:30,804 [pool-187-thread-1] INFO  server.RaftServerConfigKeys (ConfUtils.java:logGet(46)) - raft.server.retrycache.statistics.expirytime = 100μs (default)
2022-11-14 01:04:30,805 [pool-187-thread-1] INFO  server.RaftServerConfigKeys (ConfUtils.java:logGet(46)) - raft.server.log.appender.install.snapshot.enabled = false (custom)
2022-11-14 01:04:30,805 [pool-187-thread-1] INFO  server.RaftServerConfigKeys (ConfUtils.java:logGet(46)) - raft.server.threadpool.server.cached = true (default)
2022-11-14 01:04:30,805 [pool-187-thread-1] INFO  server.RaftServerConfigKeys (ConfUtils.java:logGet(46)) - raft.server.threadpool.server.size = 0 (default)
2022-11-14 01:04:30,805 [pool-187-thread-1] INFO  server.RaftServerConfigKeys (ConfUtils.java:logGet(46)) - raft.server.threadpool.client.cached = true (default)
2022-11-14 01:04:30,805 [pool-187-thread-1] INFO  server.RaftServerConfigKeys (ConfUtils.java:logGet(46)) - raft.server.threadpool.client.size = 0 (default)
2022-11-14 01:04:30,806 [pool-187-thread-1] INFO  storage.RaftStorageDirectory (RaftStorageDirectoryImpl.java:analyzeStorage(137)) - The storage directory /home/runner/work/ozone/ozone/hadoop-ozone/integration-test/target/test-dir/MiniOzoneClusterImpl-733ab8e8-73b4-47ae-b22b-a548a4863177/datanode-5/data/ratis/304c8b35-6448-4424-a48e-13f27f54f9de does not exist. Creating ...
2022-11-14 01:04:30,807 [pool-187-thread-1] INFO  storage.RaftStorageDirectory (RaftStorageDirectoryImpl.java:tryLock(231)) - Lock on /home/runner/work/ozone/ozone/hadoop-ozone/integration-test/target/test-dir/MiniOzoneClusterImpl-733ab8e8-73b4-47ae-b22b-a548a4863177/datanode-5/data/ratis/304c8b35-6448-4424-a48e-13f27f54f9de/in_use.lock acquired by nodename 11961@fv-az334-552
2022-11-14 01:04:30,808 [pool-187-thread-1] INFO  storage.RaftStorage (RaftStorageImpl.java:format(96)) - Storage directory /home/runner/work/ozone/ozone/hadoop-ozone/integration-test/target/test-dir/MiniOzoneClusterImpl-733ab8e8-73b4-47ae-b22b-a548a4863177/datanode-5/data/ratis/304c8b35-6448-4424-a48e-13f27f54f9de has been successfully formatted.
2022-11-14 01:04:30,810 [pool-187-thread-1] INFO  ratis.ContainerStateMachine (ContainerStateMachine.java:loadSnapshot(236)) - group-13F27F54F9DE: The snapshot info is null. Setting the last applied indexto:(t:0, i:~)
2022-11-14 01:04:30,810 [pool-187-thread-1] INFO  server.RaftServerConfigKeys (ConfUtils.java:logGet(46)) - raft.server.log.use.memory = false (default)
2022-11-14 01:04:30,810 [pool-187-thread-1] INFO  server.RaftServerConfigKeys (ConfUtils.java:logGet(46)) - raft.server.log.purge.gap = 1000000 (custom)
2022-11-14 01:04:30,811 [pool-187-thread-1] INFO  server.RaftServerConfigKeys (ConfUtils.java:logGet(46)) - raft.server.log.appender.buffer.byte-limit = 33554432 (custom)
2022-11-14 01:04:30,811 [pool-187-thread-1] INFO  server.RaftServerConfigKeys (ConfUtils.java:logGet(46)) - raft.server.log.statemachine.data.read.timeout = 1000ms (default)
2022-11-14 01:04:30,811 [pool-187-thread-1] INFO  server.RaftServerConfigKeys (ConfUtils.java:logGet(46)) - raft.server.log.purge.preservation.log.num = 0 (default)
2022-11-14 01:04:30,811 [pool-187-thread-1] INFO  server.RaftServerConfigKeys (ConfUtils.java:logGet(46)) - raft.server.log.segment.size.max = 1048576 (custom)
2022-11-14 01:04:30,816 [pool-187-thread-1] INFO  server.RaftServerConfigKeys (ConfUtils.java:logGet(46)) - raft.server.log.segment.cache.num.max = 2 (custom)
2022-11-14 01:04:30,816 [pool-187-thread-1] INFO  server.RaftServerConfigKeys (ConfUtils.java:logGet(46)) - raft.server.log.segment.cache.size.max = 200MB (=209715200) (default)
2022-11-14 01:04:30,816 [pool-187-thread-1] INFO  segmented.SegmentedRaftLogWorker (SegmentedRaftLogWorker.java:<init>(191)) - new c06e290d-eac5-4346-afba-5a90a2b31fb3@group-13F27F54F9DE-SegmentedRaftLogWorker for RaftStorageImpl:Storage Directory /home/runner/work/ozone/ozone/hadoop-ozone/integration-test/target/test-dir/MiniOzoneClusterImpl-733ab8e8-73b4-47ae-b22b-a548a4863177/datanode-5/data/ratis/304c8b35-6448-4424-a48e-13f27f54f9de
2022-11-14 01:04:30,816 [pool-187-thread-1] INFO  server.RaftServerConfigKeys (ConfUtils.java:logGet(46)) - raft.server.log.queue.byte-limit = 4294967296 (custom)
2022-11-14 01:04:30,816 [pool-187-thread-1] INFO  server.RaftServerConfigKeys (ConfUtils.java:logGet(46)) - raft.server.log.queue.element-limit = 1024 (custom)
2022-11-14 01:04:30,816 [pool-187-thread-1] INFO  server.RaftServerConfigKeys (ConfUtils.java:logGet(46)) - raft.server.log.segment.size.max = 1048576 (custom)
2022-11-14 01:04:30,841 [pool-187-thread-1] INFO  server.RaftServerConfigKeys (ConfUtils.java:logGet(46)) - raft.server.log.preallocated.size = 16384 (custom)
2022-11-14 01:04:30,841 [pool-187-thread-1] INFO  server.RaftServerConfigKeys (ConfUtils.java:logGet(46)) - raft.server.log.force.sync.num = 128 (default)
2022-11-14 01:04:30,841 [pool-187-thread-1] INFO  server.RaftServerConfigKeys (ConfUtils.java:logGet(46)) - raft.server.log.statemachine.data.sync = true (default)
2022-11-14 01:04:30,841 [pool-187-thread-1] INFO  server.RaftServerConfigKeys (ConfUtils.java:logGet(46)) - raft.server.log.statemachine.data.sync.timeout = 10s (default)
2022-11-14 01:04:30,841 [pool-187-thread-1] INFO  server.RaftServerConfigKeys (ConfUtils.java:logGet(46)) - raft.server.log.statemachine.data.sync.timeout.retry = -1 (default)
2022-11-14 01:04:30,842 [pool-187-thread-1] INFO  server.RaftServerConfigKeys (ConfUtils.java:logGet(46)) - raft.server.log.write.buffer.size = 1048576 (custom)
2022-11-14 01:04:30,842 [pool-187-thread-1] INFO  server.RaftServerConfigKeys (ConfUtils.java:logGet(46)) - raft.server.log.unsafe-flush.enabled = false (default)
2022-11-14 01:04:30,842 [pool-187-thread-1] INFO  server.RaftServerConfigKeys (ConfUtils.java:logGet(46)) - raft.server.log.async-flush.enabled = false (default)
2022-11-14 01:04:30,842 [pool-187-thread-1] INFO  server.RaftServerConfigKeys (ConfUtils.java:logGet(46)) - raft.server.log.statemachine.data.caching.enabled = true (custom)
2022-11-14 01:04:30,843 [pool-187-thread-1] INFO  segmented.SegmentedRaftLogWorker (SegmentedRaftLogWorker.java:lambda$new$0(136)) - c06e290d-eac5-4346-afba-5a90a2b31fb3@group-13F27F54F9DE-SegmentedRaftLogWorker: flushIndex: setUnconditionally 0 -> -1
2022-11-14 01:04:30,843 [pool-187-thread-1] INFO  segmented.SegmentedRaftLogWorker (SegmentedRaftLogWorker.java:lambda$new$0(136)) - c06e290d-eac5-4346-afba-5a90a2b31fb3@group-13F27F54F9DE-SegmentedRaftLogWorker: safeCacheEvictIndex: setUnconditionally 0 -> -1
2022-11-14 01:04:30,843 [pool-187-thread-1] INFO  server.RaftServer$Division (RaftServerImpl.java:start(334)) - c06e290d-eac5-4346-afba-5a90a2b31fb3@group-13F27F54F9DE: start as a follower, conf=-1: peers:[c06e290d-eac5-4346-afba-5a90a2b31fb3|rpc:10.1.0.33:37459|dataStream:|priority:0|startupRole:FOLLOWER, c2596226-15ac-44d2-9de4-d3f1d5072550|rpc:10.1.0.33:46627|dataStream:|priority:0|startupRole:FOLLOWER, 01c63b18-c7c8-42e3-9de4-2761bbcfbea5|rpc:10.1.0.33:33639|dataStream:|priority:1|startupRole:FOLLOWER]|listeners:[], old=null
2022-11-14 01:04:30,843 [pool-187-thread-1] INFO  server.RaftServer$Division (RaftServerImpl.java:setRole(321)) - c06e290d-eac5-4346-afba-5a90a2b31fb3@group-13F27F54F9DE: changes role from      null to FOLLOWER at term 0 for startAsFollower
2022-11-14 01:04:30,843 [pool-187-thread-1] INFO  impl.RoleInfo (RoleInfo.java:updateAndGet(139)) - c06e290d-eac5-4346-afba-5a90a2b31fb3: start c06e290d-eac5-4346-afba-5a90a2b31fb3@group-13F27F54F9DE-FollowerState
2022-11-14 01:04:30,851 [pool-187-thread-1] INFO  util.JmxRegister (JmxRegister.java:tryRegister(44)) - Successfully registered JMX Bean with object name Ratis:service=RaftServer,group=group-13F27F54F9DE,id=c06e290d-eac5-4346-afba-5a90a2b31fb3
2022-11-14 01:04:30,851 [pool-187-thread-1] INFO  server.RaftServerConfigKeys (ConfUtils.java:logGet(46)) - raft.server.snapshot.auto.trigger.enabled = true (custom)
2022-11-14 01:04:30,851 [pool-187-thread-1] INFO  server.RaftServerConfigKeys (ConfUtils.java:logGet(46)) - raft.server.snapshot.auto.trigger.threshold = 10000 (custom)
2022-11-14 01:04:30,851 [pool-187-thread-1] INFO  server.RaftServerConfigKeys (ConfUtils.java:logGet(46)) - raft.server.snapshot.retention.file.num = 5 (custom)
2022-11-14 01:04:30,851 [pool-187-thread-1] INFO  server.RaftServerConfigKeys (ConfUtils.java:logGet(46)) - raft.server.log.purge.upto.snapshot.index = false (default)
2022-11-14 01:04:30,852 [c06e290d-eac5-4346-afba-5a90a2b31fb3@group-13F27F54F9DE-FollowerState] INFO  server.RaftServerConfigKeys (ConfUtils.java:logFallback(53)) - raft.server.rpc.first-election.timeout.min = 5s (fallback to raft.server.rpc.timeout.min)
2022-11-14 01:04:30,857 [c06e290d-eac5-4346-afba-5a90a2b31fb3@group-13F27F54F9DE-FollowerState] INFO  server.RaftServerConfigKeys (ConfUtils.java:logFallback(53)) - raft.server.rpc.first-election.timeout.max = 5200ms (fallback to raft.server.rpc.timeout.max)
2022-11-14 01:04:30,860 [Command processor thread] INFO  commandhandler.CreatePipelineCommandHandler (CreatePipelineCommandHandler.java:handle(113)) - Created Pipeline RATIS THREE PipelineID=304c8b35-6448-4424-a48e-13f27f54f9de.
2022-11-14 01:04:30,897 [Command processor thread] INFO  server.RaftServer (RaftServerProxy.java:addNew(96)) - c2596226-15ac-44d2-9de4-d3f1d5072550: addNew group-D80396118D53:[c2596226-15ac-44d2-9de4-d3f1d5072550|rpc:10.1.0.33:46627|priority:1|startupRole:FOLLOWER] returns group-D80396118D53:java.util.concurrent.CompletableFuture@3a8a25b1[Not completed]
2022-11-14 01:04:30,898 [pool-164-thread-1] INFO  server.RaftServer$Division (RaftServerImpl.java:<init>(195)) - c2596226-15ac-44d2-9de4-d3f1d5072550: new RaftServerImpl for group-D80396118D53:[c2596226-15ac-44d2-9de4-d3f1d5072550|rpc:10.1.0.33:46627|priority:1|startupRole:FOLLOWER] with ContainerStateMachine:uninitialized
2022-11-14 01:04:30,898 [pool-164-thread-1] INFO  server.RaftServerConfigKeys (ConfUtils.java:logGet(46)) - raft.server.rpc.timeout.min = 5s (custom)
2022-11-14 01:04:30,899 [pool-164-thread-1] INFO  server.RaftServerConfigKeys (ConfUtils.java:logGet(46)) - raft.server.rpc.timeout.max = 5200ms (custom)
2022-11-14 01:04:30,899 [pool-164-thread-1] INFO  server.RaftServerConfigKeys (ConfUtils.java:logGet(46)) - raft.server.rpc.sleep.time = 25ms (default)
2022-11-14 01:04:30,899 [pool-164-thread-1] INFO  server.RaftServerConfigKeys (ConfUtils.java:logGet(46)) - raft.server.rpc.slowness.timeout = 300s (custom)
2022-11-14 01:04:30,899 [pool-164-thread-1] INFO  server.RaftServerConfigKeys (ConfUtils.java:logGet(46)) - raft.server.leaderelection.leader.step-down.wait-time = 10s (default)
2022-11-14 01:04:30,900 [pool-164-thread-1] INFO  server.RaftServerConfigKeys (ConfUtils.java:logGet(46)) - raft.server.sleep.deviation.threshold = 300ms (default)
2022-11-14 01:04:30,900 [pool-164-thread-1] INFO  server.RaftServer$Division (ServerState.java:<init>(118)) - c2596226-15ac-44d2-9de4-d3f1d5072550@group-D80396118D53: ConfigurationManager, init=-1: peers:[c2596226-15ac-44d2-9de4-d3f1d5072550|rpc:10.1.0.33:46627|priority:1|startupRole:FOLLOWER]|listeners:[], old=null, confs=<EMPTY_MAP>
2022-11-14 01:04:30,900 [pool-164-thread-1] INFO  server.RaftServerConfigKeys (ConfUtils.java:logGet(46)) - raft.server.storage.dir = [/home/runner/work/ozone/ozone/hadoop-ozone/integration-test/target/test-dir/MiniOzoneClusterImpl-733ab8e8-73b4-47ae-b22b-a548a4863177/datanode-4/data/ratis] (custom)
2022-11-14 01:04:30,900 [pool-164-thread-1] INFO  server.RaftServerConfigKeys (ConfUtils.java:logGet(46)) - raft.server.log.corruption.policy = EXCEPTION (default)
2022-11-14 01:04:30,900 [pool-164-thread-1] INFO  server.RaftServerConfigKeys (ConfUtils.java:logGet(46)) - raft.server.storage.free-space.min = 0MB (=0) (default)
2022-11-14 01:04:30,900 [pool-164-thread-1] INFO  server.RaftServerConfigKeys (ConfUtils.java:logGet(46)) - raft.server.notification.no-leader.timeout = 300s (custom)
2022-11-14 01:04:30,900 [pool-164-thread-1] INFO  server.RaftServerConfigKeys (ConfUtils.java:logGet(46)) - raft.server.retrycache.expirytime = 600000ms (custom)
2022-11-14 01:04:30,900 [pool-164-thread-1] INFO  server.RaftServerConfigKeys (ConfUtils.java:logGet(46)) - raft.server.retrycache.statistics.expirytime = 100μs (default)
2022-11-14 01:04:30,901 [pool-164-thread-1] INFO  server.RaftServerConfigKeys (ConfUtils.java:logGet(46)) - raft.server.log.appender.install.snapshot.enabled = false (custom)
2022-11-14 01:04:30,901 [pool-164-thread-1] INFO  server.RaftServerConfigKeys (ConfUtils.java:logGet(46)) - raft.server.threadpool.server.cached = true (default)
2022-11-14 01:04:30,901 [pool-164-thread-1] INFO  server.RaftServerConfigKeys (ConfUtils.java:logGet(46)) - raft.server.threadpool.server.size = 0 (default)
2022-11-14 01:04:30,901 [pool-164-thread-1] INFO  server.RaftServerConfigKeys (ConfUtils.java:logGet(46)) - raft.server.threadpool.client.cached = true (default)
2022-11-14 01:04:30,901 [pool-164-thread-1] INFO  server.RaftServerConfigKeys (ConfUtils.java:logGet(46)) - raft.server.threadpool.client.size = 0 (default)
2022-11-14 01:04:30,901 [pool-164-thread-1] INFO  storage.RaftStorageDirectory (RaftStorageDirectoryImpl.java:analyzeStorage(137)) - The storage directory /home/runner/work/ozone/ozone/hadoop-ozone/integration-test/target/test-dir/MiniOzoneClusterImpl-733ab8e8-73b4-47ae-b22b-a548a4863177/datanode-4/data/ratis/48df779f-78dd-4691-900a-d80396118d53 does not exist. Creating ...
2022-11-14 01:04:30,904 [pool-164-thread-1] INFO  storage.RaftStorageDirectory (RaftStorageDirectoryImpl.java:tryLock(231)) - Lock on /home/runner/work/ozone/ozone/hadoop-ozone/integration-test/target/test-dir/MiniOzoneClusterImpl-733ab8e8-73b4-47ae-b22b-a548a4863177/datanode-4/data/ratis/48df779f-78dd-4691-900a-d80396118d53/in_use.lock acquired by nodename 11961@fv-az334-552
2022-11-14 01:04:30,906 [pool-164-thread-1] INFO  storage.RaftStorage (RaftStorageImpl.java:format(96)) - Storage directory /home/runner/work/ozone/ozone/hadoop-ozone/integration-test/target/test-dir/MiniOzoneClusterImpl-733ab8e8-73b4-47ae-b22b-a548a4863177/datanode-4/data/ratis/48df779f-78dd-4691-900a-d80396118d53 has been successfully formatted.
2022-11-14 01:04:30,907 [pool-164-thread-1] INFO  ratis.ContainerStateMachine (ContainerStateMachine.java:loadSnapshot(236)) - group-D80396118D53: The snapshot info is null. Setting the last applied indexto:(t:0, i:~)
2022-11-14 01:04:30,907 [pool-164-thread-1] INFO  server.RaftServerConfigKeys (ConfUtils.java:logGet(46)) - raft.server.log.use.memory = false (default)
2022-11-14 01:04:30,907 [pool-164-thread-1] INFO  server.RaftServerConfigKeys (ConfUtils.java:logGet(46)) - raft.server.log.purge.gap = 1000000 (custom)
2022-11-14 01:04:30,907 [pool-164-thread-1] INFO  server.RaftServerConfigKeys (ConfUtils.java:logGet(46)) - raft.server.log.appender.buffer.byte-limit = 33554432 (custom)
2022-11-14 01:04:30,907 [pool-164-thread-1] INFO  server.RaftServerConfigKeys (ConfUtils.java:logGet(46)) - raft.server.log.statemachine.data.read.timeout = 1000ms (default)
2022-11-14 01:04:30,907 [pool-164-thread-1] INFO  server.RaftServerConfigKeys (ConfUtils.java:logGet(46)) - raft.server.log.purge.preservation.log.num = 0 (default)
2022-11-14 01:04:30,909 [pool-164-thread-1] INFO  server.RaftServerConfigKeys (ConfUtils.java:logGet(46)) - raft.server.log.segment.size.max = 1048576 (custom)
2022-11-14 01:04:30,909 [pool-164-thread-1] INFO  server.RaftServerConfigKeys (ConfUtils.java:logGet(46)) - raft.server.log.segment.cache.num.max = 2 (custom)
2022-11-14 01:04:30,909 [pool-164-thread-1] INFO  server.RaftServerConfigKeys (ConfUtils.java:logGet(46)) - raft.server.log.segment.cache.size.max = 200MB (=209715200) (default)
2022-11-14 01:04:30,909 [pool-164-thread-1] INFO  segmented.SegmentedRaftLogWorker (SegmentedRaftLogWorker.java:<init>(191)) - new c2596226-15ac-44d2-9de4-d3f1d5072550@group-D80396118D53-SegmentedRaftLogWorker for RaftStorageImpl:Storage Directory /home/runner/work/ozone/ozone/hadoop-ozone/integration-test/target/test-dir/MiniOzoneClusterImpl-733ab8e8-73b4-47ae-b22b-a548a4863177/datanode-4/data/ratis/48df779f-78dd-4691-900a-d80396118d53
2022-11-14 01:04:30,909 [pool-164-thread-1] INFO  server.RaftServerConfigKeys (ConfUtils.java:logGet(46)) - raft.server.log.queue.byte-limit = 4294967296 (custom)
2022-11-14 01:04:30,909 [pool-164-thread-1] INFO  server.RaftServerConfigKeys (ConfUtils.java:logGet(46)) - raft.server.log.queue.element-limit = 1024 (custom)
2022-11-14 01:04:30,910 [pool-164-thread-1] INFO  server.RaftServerConfigKeys (ConfUtils.java:logGet(46)) - raft.server.log.segment.size.max = 1048576 (custom)
2022-11-14 01:04:30,910 [pool-164-thread-1] INFO  server.RaftServerConfigKeys (ConfUtils.java:logGet(46)) - raft.server.log.preallocated.size = 16384 (custom)
2022-11-14 01:04:30,910 [pool-164-thread-1] INFO  server.RaftServerConfigKeys (ConfUtils.java:logGet(46)) - raft.server.log.force.sync.num = 128 (default)
2022-11-14 01:04:30,910 [EventQueue-PipelineReportForPipelineReportHandler] INFO  pipeline.PipelineManagerImpl (PipelineManagerImpl.java:openPipeline(367)) - Pipeline Pipeline[ Id: 48df779f-78dd-4691-900a-d80396118d53, Nodes: c2596226-15ac-44d2-9de4-d3f1d5072550{ip: 10.1.0.33, host: fv-az334-552.zg0gw54pbdoexfhqlmz30d51na.gx.internal.cloudapp.net, ports: [REPLICATION=42689, RATIS=46627, RATIS_ADMIN=46627, RATIS_SERVER=46627, STANDALONE=38145], networkLocation: /default-rack, certSerialId: null, persistedOpState: IN_SERVICE, persistedOpStateExpiryEpochSec: 0}, ReplicationConfig: RATIS/ONE, State:ALLOCATED, leaderId:c2596226-15ac-44d2-9de4-d3f1d5072550, CreationTimestamp2022-11-14T01:04:27.904Z[Etc/UTC]] moved to OPEN state
2022-11-14 01:04:30,910 [pool-164-thread-1] INFO  server.RaftServerConfigKeys (ConfUtils.java:logGet(46)) - raft.server.log.statemachine.data.sync = true (default)
2022-11-14 01:04:30,910 [pool-164-thread-1] INFO  server.RaftServerConfigKeys (ConfUtils.java:logGet(46)) - raft.server.log.statemachine.data.sync.timeout = 10s (default)
2022-11-14 01:04:30,910 [pool-164-thread-1] INFO  server.RaftServerConfigKeys (ConfUtils.java:logGet(46)) - raft.server.log.statemachine.data.sync.timeout.retry = -1 (default)
2022-11-14 01:04:30,910 [EventQueue-OpenPipelineForHealthyPipelineSafeModeRule] INFO  safemode.SCMSafeModeManager (HealthyPipelineSafeModeRule.java:process(137)) - SCM in safe mode. Healthy pipelines reported count is 0, required healthy pipeline reported count is 1
2022-11-14 01:04:30,913 [pool-164-thread-1] INFO  server.RaftServerConfigKeys (ConfUtils.java:logGet(46)) - raft.server.log.write.buffer.size = 1048576 (custom)
2022-11-14 01:04:30,914 [pool-164-thread-1] INFO  server.RaftServerConfigKeys (ConfUtils.java:logGet(46)) - raft.server.log.unsafe-flush.enabled = false (default)
2022-11-14 01:04:30,914 [pool-164-thread-1] INFO  server.RaftServerConfigKeys (ConfUtils.java:logGet(46)) - raft.server.log.async-flush.enabled = false (default)
2022-11-14 01:04:30,914 [pool-164-thread-1] INFO  server.RaftServerConfigKeys (ConfUtils.java:logGet(46)) - raft.server.log.statemachine.data.caching.enabled = true (custom)
2022-11-14 01:04:30,914 [pool-164-thread-1] INFO  segmented.SegmentedRaftLogWorker (SegmentedRaftLogWorker.java:lambda$new$0(136)) - c2596226-15ac-44d2-9de4-d3f1d5072550@group-D80396118D53-SegmentedRaftLogWorker: flushIndex: setUnconditionally 0 -> -1
2022-11-14 01:04:30,914 [pool-164-thread-1] INFO  segmented.SegmentedRaftLogWorker (SegmentedRaftLogWorker.java:lambda$new$0(136)) - c2596226-15ac-44d2-9de4-d3f1d5072550@group-D80396118D53-SegmentedRaftLogWorker: safeCacheEvictIndex: setUnconditionally 0 -> -1
2022-11-14 01:04:30,915 [pool-164-thread-1] INFO  server.RaftServer$Division (RaftServerImpl.java:start(334)) - c2596226-15ac-44d2-9de4-d3f1d5072550@group-D80396118D53: start as a follower, conf=-1: peers:[c2596226-15ac-44d2-9de4-d3f1d5072550|rpc:10.1.0.33:46627|priority:1|startupRole:FOLLOWER]|listeners:[], old=null
2022-11-14 01:04:30,915 [pool-164-thread-1] INFO  server.RaftServer$Division (RaftServerImpl.java:setRole(321)) - c2596226-15ac-44d2-9de4-d3f1d5072550@group-D80396118D53: changes role from      null to FOLLOWER at term 0 for startAsFollower
2022-11-14 01:04:30,915 [pool-164-thread-1] INFO  impl.RoleInfo (RoleInfo.java:updateAndGet(139)) - c2596226-15ac-44d2-9de4-d3f1d5072550: start c2596226-15ac-44d2-9de4-d3f1d5072550@group-D80396118D53-FollowerState
2022-11-14 01:04:30,915 [pool-164-thread-1] INFO  util.JmxRegister (JmxRegister.java:tryRegister(44)) - Successfully registered JMX Bean with object name Ratis:service=RaftServer,group=group-D80396118D53,id=c2596226-15ac-44d2-9de4-d3f1d5072550
2022-11-14 01:04:30,915 [pool-164-thread-1] INFO  server.RaftServerConfigKeys (ConfUtils.java:logGet(46)) - raft.server.snapshot.auto.trigger.enabled = true (custom)
2022-11-14 01:04:30,916 [pool-164-thread-1] INFO  server.RaftServerConfigKeys (ConfUtils.java:logGet(46)) - raft.server.snapshot.auto.trigger.threshold = 10000 (custom)
2022-11-14 01:04:30,916 [pool-164-thread-1] INFO  server.RaftServerConfigKeys (ConfUtils.java:logGet(46)) - raft.server.snapshot.retention.file.num = 5 (custom)
2022-11-14 01:04:30,916 [pool-164-thread-1] INFO  server.RaftServerConfigKeys (ConfUtils.java:logGet(46)) - raft.server.log.purge.upto.snapshot.index = false (default)
2022-11-14 01:04:30,916 [Command processor thread] INFO  ratis.XceiverServerRatis (XceiverServerRatis.java:addGroup(765)) - Created group PipelineID=48df779f-78dd-4691-900a-d80396118d53
2022-11-14 01:04:30,916 [Command processor thread] INFO  commandhandler.CreatePipelineCommandHandler (CreatePipelineCommandHandler.java:handle(113)) - Created Pipeline RATIS ONE PipelineID=48df779f-78dd-4691-900a-d80396118d53.
2022-11-14 01:04:30,919 [c2596226-15ac-44d2-9de4-d3f1d5072550@group-D80396118D53-FollowerState] INFO  server.RaftServerConfigKeys (ConfUtils.java:logFallback(53)) - raft.server.rpc.first-election.timeout.min = 5s (fallback to raft.server.rpc.timeout.min)
2022-11-14 01:04:30,919 [c2596226-15ac-44d2-9de4-d3f1d5072550@group-D80396118D53-FollowerState] INFO  server.RaftServerConfigKeys (ConfUtils.java:logFallback(53)) - raft.server.rpc.first-election.timeout.max = 5200ms (fallback to raft.server.rpc.timeout.max)
2022-11-14 01:04:31,229 [Listener at 127.0.0.1/41321] INFO  ozone.MiniOzoneClusterImpl (MiniOzoneClusterImpl.java:lambda$waitForClusterToBeReady$0(216)) - Nodes are ready. Got 6 of 6 DN Heartbeats.
2022-11-14 01:04:31,229 [Listener at 127.0.0.1/41321] INFO  ozone.MiniOzoneClusterImpl (MiniOzoneClusterImpl.java:lambda$waitForClusterToBeReady$0(219)) - Waiting for cluster to exit safe mode
2022-11-14 01:04:31,229 [Listener at 127.0.0.1/41321] INFO  ozone.MiniOzoneClusterImpl (MiniOzoneClusterImpl.java:lambda$waitForClusterToBeReady$0(221)) - SCM became leader
2022-11-14 01:04:31,232 [Command processor thread] INFO  server.RaftServer (RaftServerProxy.java:addNew(96)) - c06e290d-eac5-4346-afba-5a90a2b31fb3: addNew group-FDCA75702721:[c06e290d-eac5-4346-afba-5a90a2b31fb3|rpc:10.1.0.33:37459|priority:1|startupRole:FOLLOWER] returns group-FDCA75702721:java.util.concurrent.CompletableFuture@4e1315a6[Not completed]
2022-11-14 01:04:31,233 [pool-187-thread-1] INFO  server.RaftServer$Division (RaftServerImpl.java:<init>(195)) - c06e290d-eac5-4346-afba-5a90a2b31fb3: new RaftServerImpl for group-FDCA75702721:[c06e290d-eac5-4346-afba-5a90a2b31fb3|rpc:10.1.0.33:37459|priority:1|startupRole:FOLLOWER] with ContainerStateMachine:uninitialized
2022-11-14 01:04:31,233 [pool-187-thread-1] INFO  server.RaftServerConfigKeys (ConfUtils.java:logGet(46)) - raft.server.rpc.timeout.min = 5s (custom)
2022-11-14 01:04:31,233 [pool-187-thread-1] INFO  server.RaftServerConfigKeys (ConfUtils.java:logGet(46)) - raft.server.rpc.timeout.max = 5200ms (custom)
2022-11-14 01:04:31,233 [pool-187-thread-1] INFO  server.RaftServerConfigKeys (ConfUtils.java:logGet(46)) - raft.server.rpc.sleep.time = 25ms (default)
2022-11-14 01:04:31,233 [pool-187-thread-1] INFO  server.RaftServerConfigKeys (ConfUtils.java:logGet(46)) - raft.server.rpc.slowness.timeout = 300s (custom)
2022-11-14 01:04:31,233 [pool-187-thread-1] INFO  server.RaftServerConfigKeys (ConfUtils.java:logGet(46)) - raft.server.leaderelection.leader.step-down.wait-time = 10s (default)
2022-11-14 01:04:31,233 [pool-187-thread-1] INFO  server.RaftServerConfigKeys (ConfUtils.java:logGet(46)) - raft.server.sleep.deviation.threshold = 300ms (default)
2022-11-14 01:04:31,233 [pool-187-thread-1] INFO  server.RaftServer$Division (ServerState.java:<init>(118)) - c06e290d-eac5-4346-afba-5a90a2b31fb3@group-FDCA75702721: ConfigurationManager, init=-1: peers:[c06e290d-eac5-4346-afba-5a90a2b31fb3|rpc:10.1.0.33:37459|priority:1|startupRole:FOLLOWER]|listeners:[], old=null, confs=<EMPTY_MAP>
2022-11-14 01:04:31,233 [pool-187-thread-1] INFO  server.RaftServerConfigKeys (ConfUtils.java:logGet(46)) - raft.server.storage.dir = [/home/runner/work/ozone/ozone/hadoop-ozone/integration-test/target/test-dir/MiniOzoneClusterImpl-733ab8e8-73b4-47ae-b22b-a548a4863177/datanode-5/data/ratis] (custom)
2022-11-14 01:04:31,233 [pool-187-thread-1] INFO  server.RaftServerConfigKeys (ConfUtils.java:logGet(46)) - raft.server.log.corruption.policy = EXCEPTION (default)
2022-11-14 01:04:31,233 [pool-187-thread-1] INFO  server.RaftServerConfigKeys (ConfUtils.java:logGet(46)) - raft.server.storage.free-space.min = 0MB (=0) (default)
2022-11-14 01:04:31,233 [pool-187-thread-1] INFO  server.RaftServerConfigKeys (ConfUtils.java:logGet(46)) - raft.server.notification.no-leader.timeout = 300s (custom)
2022-11-14 01:04:31,233 [pool-187-thread-1] INFO  server.RaftServerConfigKeys (ConfUtils.java:logGet(46)) - raft.server.retrycache.expirytime = 600000ms (custom)
2022-11-14 01:04:31,234 [pool-187-thread-1] INFO  server.RaftServerConfigKeys (ConfUtils.java:logGet(46)) - raft.server.retrycache.statistics.expirytime = 100μs (default)
2022-11-14 01:04:31,234 [pool-187-thread-1] INFO  server.RaftServerConfigKeys (ConfUtils.java:logGet(46)) - raft.server.log.appender.install.snapshot.enabled = false (custom)
2022-11-14 01:04:31,235 [pool-187-thread-1] INFO  server.RaftServerConfigKeys (ConfUtils.java:logGet(46)) - raft.server.threadpool.server.cached = true (default)
2022-11-14 01:04:31,235 [pool-187-thread-1] INFO  server.RaftServerConfigKeys (ConfUtils.java:logGet(46)) - raft.server.threadpool.server.size = 0 (default)
2022-11-14 01:04:31,235 [pool-187-thread-1] INFO  server.RaftServerConfigKeys (ConfUtils.java:logGet(46)) - raft.server.threadpool.client.cached = true (default)
2022-11-14 01:04:31,235 [pool-187-thread-1] INFO  server.RaftServerConfigKeys (ConfUtils.java:logGet(46)) - raft.server.threadpool.client.size = 0 (default)
2022-11-14 01:04:31,235 [pool-187-thread-1] INFO  storage.RaftStorageDirectory (RaftStorageDirectoryImpl.java:analyzeStorage(137)) - The storage directory /home/runner/work/ozone/ozone/hadoop-ozone/integration-test/target/test-dir/MiniOzoneClusterImpl-733ab8e8-73b4-47ae-b22b-a548a4863177/datanode-5/data/ratis/ba6d667c-df07-46fa-b86f-fdca75702721 does not exist. Creating ...
2022-11-14 01:04:31,237 [pool-187-thread-1] INFO  storage.RaftStorageDirectory (RaftStorageDirectoryImpl.java:tryLock(231)) - Lock on /home/runner/work/ozone/ozone/hadoop-ozone/integration-test/target/test-dir/MiniOzoneClusterImpl-733ab8e8-73b4-47ae-b22b-a548a4863177/datanode-5/data/ratis/ba6d667c-df07-46fa-b86f-fdca75702721/in_use.lock acquired by nodename 11961@fv-az334-552
2022-11-14 01:04:31,238 [pool-187-thread-1] INFO  storage.RaftStorage (RaftStorageImpl.java:format(96)) - Storage directory /home/runner/work/ozone/ozone/hadoop-ozone/integration-test/target/test-dir/MiniOzoneClusterImpl-733ab8e8-73b4-47ae-b22b-a548a4863177/datanode-5/data/ratis/ba6d667c-df07-46fa-b86f-fdca75702721 has been successfully formatted.
2022-11-14 01:04:31,239 [pool-187-thread-1] INFO  ratis.ContainerStateMachine (ContainerStateMachine.java:loadSnapshot(236)) - group-FDCA75702721: The snapshot info is null. Setting the last applied indexto:(t:0, i:~)
2022-11-14 01:04:31,239 [pool-187-thread-1] INFO  server.RaftServerConfigKeys (ConfUtils.java:logGet(46)) - raft.server.log.use.memory = false (default)
2022-11-14 01:04:31,239 [pool-187-thread-1] INFO  server.RaftServerConfigKeys (ConfUtils.java:logGet(46)) - raft.server.log.purge.gap = 1000000 (custom)
2022-11-14 01:04:31,239 [pool-187-thread-1] INFO  server.RaftServerConfigKeys (ConfUtils.java:logGet(46)) - raft.server.log.appender.buffer.byte-limit = 33554432 (custom)
2022-11-14 01:04:31,239 [pool-187-thread-1] INFO  server.RaftServerConfigKeys (ConfUtils.java:logGet(46)) - raft.server.log.statemachine.data.read.timeout = 1000ms (default)
2022-11-14 01:04:31,239 [pool-187-thread-1] INFO  server.RaftServerConfigKeys (ConfUtils.java:logGet(46)) - raft.server.log.purge.preservation.log.num = 0 (default)
2022-11-14 01:04:31,239 [pool-187-thread-1] INFO  server.RaftServerConfigKeys (ConfUtils.java:logGet(46)) - raft.server.log.segment.size.max = 1048576 (custom)
2022-11-14 01:04:31,245 [EventQueue-PipelineReportForPipelineReportHandler] INFO  pipeline.PipelineManagerImpl (PipelineManagerImpl.java:openPipeline(367)) - Pipeline Pipeline[ Id: ba6d667c-df07-46fa-b86f-fdca75702721, Nodes: c06e290d-eac5-4346-afba-5a90a2b31fb3{ip: 10.1.0.33, host: fv-az334-552.zg0gw54pbdoexfhqlmz30d51na.gx.internal.cloudapp.net, ports: [REPLICATION=33187, RATIS=37459, RATIS_ADMIN=37459, RATIS_SERVER=37459, STANDALONE=44649], networkLocation: /default-rack, certSerialId: null, persistedOpState: IN_SERVICE, persistedOpStateExpiryEpochSec: 0}, ReplicationConfig: RATIS/ONE, State:ALLOCATED, leaderId:c06e290d-eac5-4346-afba-5a90a2b31fb3, CreationTimestamp2022-11-14T01:04:28.236Z[Etc/UTC]] moved to OPEN state
2022-11-14 01:04:31,246 [EventQueue-OpenPipelineForHealthyPipelineSafeModeRule] INFO  safemode.SCMSafeModeManager (HealthyPipelineSafeModeRule.java:process(137)) - SCM in safe mode. Healthy pipelines reported count is 0, required healthy pipeline reported count is 1
2022-11-14 01:04:31,246 [pool-187-thread-1] INFO  server.RaftServerConfigKeys (ConfUtils.java:logGet(46)) - raft.server.log.segment.cache.num.max = 2 (custom)
2022-11-14 01:04:31,247 [pool-187-thread-1] INFO  server.RaftServerConfigKeys (ConfUtils.java:logGet(46)) - raft.server.log.segment.cache.size.max = 200MB (=209715200) (default)
2022-11-14 01:04:31,247 [pool-187-thread-1] INFO  segmented.SegmentedRaftLogWorker (SegmentedRaftLogWorker.java:<init>(191)) - new c06e290d-eac5-4346-afba-5a90a2b31fb3@group-FDCA75702721-SegmentedRaftLogWorker for RaftStorageImpl:Storage Directory /home/runner/work/ozone/ozone/hadoop-ozone/integration-test/target/test-dir/MiniOzoneClusterImpl-733ab8e8-73b4-47ae-b22b-a548a4863177/datanode-5/data/ratis/ba6d667c-df07-46fa-b86f-fdca75702721
2022-11-14 01:04:31,247 [pool-187-thread-1] INFO  server.RaftServerConfigKeys (ConfUtils.java:logGet(46)) - raft.server.log.queue.byte-limit = 4294967296 (custom)
2022-11-14 01:04:31,247 [pool-187-thread-1] INFO  server.RaftServerConfigKeys (ConfUtils.java:logGet(46)) - raft.server.log.queue.element-limit = 1024 (custom)
2022-11-14 01:04:31,247 [pool-187-thread-1] INFO  server.RaftServerConfigKeys (ConfUtils.java:logGet(46)) - raft.server.log.segment.size.max = 1048576 (custom)
2022-11-14 01:04:31,247 [pool-187-thread-1] INFO  server.RaftServerConfigKeys (ConfUtils.java:logGet(46)) - raft.server.log.preallocated.size = 16384 (custom)
2022-11-14 01:04:31,247 [pool-187-thread-1] INFO  server.RaftServerConfigKeys (ConfUtils.java:logGet(46)) - raft.server.log.force.sync.num = 128 (default)
2022-11-14 01:04:31,247 [pool-187-thread-1] INFO  server.RaftServerConfigKeys (ConfUtils.java:logGet(46)) - raft.server.log.statemachine.data.sync = true (default)
2022-11-14 01:04:31,248 [pool-187-thread-1] INFO  server.RaftServerConfigKeys (ConfUtils.java:logGet(46)) - raft.server.log.statemachine.data.sync.timeout = 10s (default)
2022-11-14 01:04:31,248 [pool-187-thread-1] INFO  server.RaftServerConfigKeys (ConfUtils.java:logGet(46)) - raft.server.log.statemachine.data.sync.timeout.retry = -1 (default)
2022-11-14 01:04:31,248 [pool-187-thread-1] INFO  server.RaftServerConfigKeys (ConfUtils.java:logGet(46)) - raft.server.log.write.buffer.size = 1048576 (custom)
2022-11-14 01:04:31,249 [pool-187-thread-1] INFO  server.RaftServerConfigKeys (ConfUtils.java:logGet(46)) - raft.server.log.unsafe-flush.enabled = false (default)
2022-11-14 01:04:31,249 [pool-187-thread-1] INFO  server.RaftServerConfigKeys (ConfUtils.java:logGet(46)) - raft.server.log.async-flush.enabled = false (default)
2022-11-14 01:04:31,249 [pool-187-thread-1] INFO  server.RaftServerConfigKeys (ConfUtils.java:logGet(46)) - raft.server.log.statemachine.data.caching.enabled = true (custom)
2022-11-14 01:04:31,249 [pool-187-thread-1] INFO  segmented.SegmentedRaftLogWorker (SegmentedRaftLogWorker.java:lambda$new$0(136)) - c06e290d-eac5-4346-afba-5a90a2b31fb3@group-FDCA75702721-SegmentedRaftLogWorker: flushIndex: setUnconditionally 0 -> -1
2022-11-14 01:04:31,249 [pool-187-thread-1] INFO  segmented.SegmentedRaftLogWorker (SegmentedRaftLogWorker.java:lambda$new$0(136)) - c06e290d-eac5-4346-afba-5a90a2b31fb3@group-FDCA75702721-SegmentedRaftLogWorker: safeCacheEvictIndex: setUnconditionally 0 -> -1
2022-11-14 01:04:31,251 [pool-187-thread-1] INFO  server.RaftServer$Division (RaftServerImpl.java:start(334)) - c06e290d-eac5-4346-afba-5a90a2b31fb3@group-FDCA75702721: start as a follower, conf=-1: peers:[c06e290d-eac5-4346-afba-5a90a2b31fb3|rpc:10.1.0.33:37459|priority:1|startupRole:FOLLOWER]|listeners:[], old=null
2022-11-14 01:04:31,251 [pool-187-thread-1] INFO  server.RaftServer$Division (RaftServerImpl.java:setRole(321)) - c06e290d-eac5-4346-afba-5a90a2b31fb3@group-FDCA75702721: changes role from      null to FOLLOWER at term 0 for startAsFollower
2022-11-14 01:04:31,251 [pool-187-thread-1] INFO  impl.RoleInfo (RoleInfo.java:updateAndGet(139)) - c06e290d-eac5-4346-afba-5a90a2b31fb3: start c06e290d-eac5-4346-afba-5a90a2b31fb3@group-FDCA75702721-FollowerState
2022-11-14 01:04:31,253 [pool-187-thread-1] INFO  util.JmxRegister (JmxRegister.java:tryRegister(44)) - Successfully registered JMX Bean with object name Ratis:service=RaftServer,group=group-FDCA75702721,id=c06e290d-eac5-4346-afba-5a90a2b31fb3
2022-11-14 01:04:31,253 [pool-187-thread-1] INFO  server.RaftServerConfigKeys (ConfUtils.java:logGet(46)) - raft.server.snapshot.auto.trigger.enabled = true (custom)
2022-11-14 01:04:31,253 [pool-187-thread-1] INFO  server.RaftServerConfigKeys (ConfUtils.java:logGet(46)) - raft.server.snapshot.auto.trigger.threshold = 10000 (custom)
2022-11-14 01:04:31,253 [pool-187-thread-1] INFO  server.RaftServerConfigKeys (ConfUtils.java:logGet(46)) - raft.server.snapshot.retention.file.num = 5 (custom)
2022-11-14 01:04:31,253 [pool-187-thread-1] INFO  server.RaftServerConfigKeys (ConfUtils.java:logGet(46)) - raft.server.log.purge.upto.snapshot.index = false (default)
2022-11-14 01:04:31,254 [c06e290d-eac5-4346-afba-5a90a2b31fb3@group-FDCA75702721-FollowerState] INFO  server.RaftServerConfigKeys (ConfUtils.java:logFallback(53)) - raft.server.rpc.first-election.timeout.min = 5s (fallback to raft.server.rpc.timeout.min)
2022-11-14 01:04:31,254 [c06e290d-eac5-4346-afba-5a90a2b31fb3@group-FDCA75702721-FollowerState] INFO  server.RaftServerConfigKeys (ConfUtils.java:logFallback(53)) - raft.server.rpc.first-election.timeout.max = 5200ms (fallback to raft.server.rpc.timeout.max)
2022-11-14 01:04:31,254 [Command processor thread] INFO  ratis.XceiverServerRatis (XceiverServerRatis.java:addGroup(765)) - Created group PipelineID=ba6d667c-df07-46fa-b86f-fdca75702721
2022-11-14 01:04:31,254 [Command processor thread] INFO  commandhandler.CreatePipelineCommandHandler (CreatePipelineCommandHandler.java:handle(113)) - Created Pipeline RATIS ONE PipelineID=ba6d667c-df07-46fa-b86f-fdca75702721.
2022-11-14 01:04:32,229 [Listener at 127.0.0.1/41321] INFO  ozone.MiniOzoneClusterImpl (MiniOzoneClusterImpl.java:lambda$waitForClusterToBeReady$0(216)) - Nodes are ready. Got 6 of 6 DN Heartbeats.
2022-11-14 01:04:32,230 [Listener at 127.0.0.1/41321] INFO  ozone.MiniOzoneClusterImpl (MiniOzoneClusterImpl.java:lambda$waitForClusterToBeReady$0(219)) - Waiting for cluster to exit safe mode
2022-11-14 01:04:32,230 [Listener at 127.0.0.1/41321] INFO  ozone.MiniOzoneClusterImpl (MiniOzoneClusterImpl.java:lambda$waitForClusterToBeReady$0(221)) - SCM became leader
2022-11-14 01:04:33,230 [Listener at 127.0.0.1/41321] INFO  ozone.MiniOzoneClusterImpl (MiniOzoneClusterImpl.java:lambda$waitForClusterToBeReady$0(216)) - Nodes are ready. Got 6 of 6 DN Heartbeats.
2022-11-14 01:04:33,230 [Listener at 127.0.0.1/41321] INFO  ozone.MiniOzoneClusterImpl (MiniOzoneClusterImpl.java:lambda$waitForClusterToBeReady$0(219)) - Waiting for cluster to exit safe mode
2022-11-14 01:04:33,230 [Listener at 127.0.0.1/41321] INFO  ozone.MiniOzoneClusterImpl (MiniOzoneClusterImpl.java:lambda$waitForClusterToBeReady$0(221)) - SCM became leader
2022-11-14 01:04:34,231 [Listener at 127.0.0.1/41321] INFO  ozone.MiniOzoneClusterImpl (MiniOzoneClusterImpl.java:lambda$waitForClusterToBeReady$0(216)) - Nodes are ready. Got 6 of 6 DN Heartbeats.
2022-11-14 01:04:34,231 [Listener at 127.0.0.1/41321] INFO  ozone.MiniOzoneClusterImpl (MiniOzoneClusterImpl.java:lambda$waitForClusterToBeReady$0(219)) - Waiting for cluster to exit safe mode
2022-11-14 01:04:34,231 [Listener at 127.0.0.1/41321] INFO  ozone.MiniOzoneClusterImpl (MiniOzoneClusterImpl.java:lambda$waitForClusterToBeReady$0(221)) - SCM became leader
2022-11-14 01:04:34,595 [50a771df-70d3-4c7d-9ea2-11e60400c1f5@group-B153D5D399FF-FollowerState] INFO  impl.FollowerState (FollowerState.java:run(143)) - 50a771df-70d3-4c7d-9ea2-11e60400c1f5@group-B153D5D399FF-FollowerState: change to CANDIDATE, lastRpcElapsedTime:5113329747ns, electionTimeout:5105ms
2022-11-14 01:04:34,596 [50a771df-70d3-4c7d-9ea2-11e60400c1f5@group-B153D5D399FF-FollowerState] INFO  impl.RoleInfo (RoleInfo.java:shutdownFollowerState(110)) - 50a771df-70d3-4c7d-9ea2-11e60400c1f5: shutdown 50a771df-70d3-4c7d-9ea2-11e60400c1f5@group-B153D5D399FF-FollowerState
2022-11-14 01:04:34,596 [50a771df-70d3-4c7d-9ea2-11e60400c1f5@group-B153D5D399FF-FollowerState] INFO  server.RaftServer$Division (RaftServerImpl.java:setRole(321)) - 50a771df-70d3-4c7d-9ea2-11e60400c1f5@group-B153D5D399FF: changes role from  FOLLOWER to CANDIDATE at term 0 for changeToCandidate
2022-11-14 01:04:34,597 [50a771df-70d3-4c7d-9ea2-11e60400c1f5@group-B153D5D399FF-FollowerState] INFO  server.RaftServerConfigKeys (ConfUtils.java:logGet(46)) - raft.server.leaderelection.pre-vote = false (custom)
2022-11-14 01:04:34,597 [50a771df-70d3-4c7d-9ea2-11e60400c1f5@group-B153D5D399FF-FollowerState] INFO  impl.RoleInfo (RoleInfo.java:updateAndGet(139)) - 50a771df-70d3-4c7d-9ea2-11e60400c1f5: start 50a771df-70d3-4c7d-9ea2-11e60400c1f5@group-B153D5D399FF-LeaderElection2
2022-11-14 01:04:34,607 [50a771df-70d3-4c7d-9ea2-11e60400c1f5@group-B153D5D399FF-LeaderElection2] INFO  impl.LeaderElection (LeaderElection.java:askForVotes(312)) - 50a771df-70d3-4c7d-9ea2-11e60400c1f5@group-B153D5D399FF-LeaderElection2 ELECTION round 0: submit vote requests at term 1 for -1: peers:[50a771df-70d3-4c7d-9ea2-11e60400c1f5|rpc:10.1.0.33:34193|priority:1|startupRole:FOLLOWER]|listeners:[], old=null
2022-11-14 01:04:34,607 [50a771df-70d3-4c7d-9ea2-11e60400c1f5@group-B153D5D399FF-LeaderElection2] INFO  impl.LeaderElection (LeaderElection.java:askForVotes(314)) - 50a771df-70d3-4c7d-9ea2-11e60400c1f5@group-B153D5D399FF-LeaderElection2 ELECTION round 0: result PASSED (term=1)
2022-11-14 01:04:34,607 [50a771df-70d3-4c7d-9ea2-11e60400c1f5@group-B153D5D399FF-LeaderElection2] INFO  impl.RoleInfo (RoleInfo.java:shutdownLeaderElection(130)) - 50a771df-70d3-4c7d-9ea2-11e60400c1f5: shutdown 50a771df-70d3-4c7d-9ea2-11e60400c1f5@group-B153D5D399FF-LeaderElection2
2022-11-14 01:04:34,607 [50a771df-70d3-4c7d-9ea2-11e60400c1f5@group-B153D5D399FF-LeaderElection2] INFO  server.RaftServer$Division (RaftServerImpl.java:setRole(321)) - 50a771df-70d3-4c7d-9ea2-11e60400c1f5@group-B153D5D399FF: changes role from CANDIDATE to LEADER at term 1 for changeToLeader
2022-11-14 01:04:34,607 [50a771df-70d3-4c7d-9ea2-11e60400c1f5@group-B153D5D399FF-LeaderElection2] INFO  ratis.XceiverServerRatis (XceiverServerRatis.java:handleLeaderChangedNotification(863)) - Leader change notification received for group: group-B153D5D399FF with new leaderId: 50a771df-70d3-4c7d-9ea2-11e60400c1f5
2022-11-14 01:04:34,607 [50a771df-70d3-4c7d-9ea2-11e60400c1f5@group-B153D5D399FF-LeaderElection2] INFO  server.RaftServer$Division (ServerState.java:setLeader(313)) - 50a771df-70d3-4c7d-9ea2-11e60400c1f5@group-B153D5D399FF: change Leader from null to 50a771df-70d3-4c7d-9ea2-11e60400c1f5 at term 1 for becomeLeader, leader elected after 5152ms
2022-11-14 01:04:34,607 [50a771df-70d3-4c7d-9ea2-11e60400c1f5@group-B153D5D399FF-LeaderElection2] INFO  server.RaftServerConfigKeys (ConfUtils.java:logGet(46)) - raft.server.staging.catchup.gap = 1000 (default)
2022-11-14 01:04:34,608 [50a771df-70d3-4c7d-9ea2-11e60400c1f5@group-B153D5D399FF-LeaderElection2] INFO  server.RaftServerConfigKeys (ConfUtils.java:logGet(46)) - raft.server.write.element-limit = 1024 (custom)
2022-11-14 01:04:34,608 [50a771df-70d3-4c7d-9ea2-11e60400c1f5@group-B153D5D399FF-LeaderElection2] INFO  server.RaftServerConfigKeys (ConfUtils.java:logGet(46)) - raft.server.write.byte-limit = 1024 M (=1073741824) (custom)
2022-11-14 01:04:34,608 [50a771df-70d3-4c7d-9ea2-11e60400c1f5@group-B153D5D399FF-LeaderElection2] INFO  server.RaftServerConfigKeys (ConfUtils.java:logGet(46)) - raft.server.watch.timeout = 180s (custom)
2022-11-14 01:04:34,608 [50a771df-70d3-4c7d-9ea2-11e60400c1f5@group-B153D5D399FF-LeaderElection2] INFO  server.RaftServerConfigKeys (ConfUtils.java:logGet(46)) - raft.server.watch.timeout.denomination = 1s (default)
2022-11-14 01:04:34,608 [50a771df-70d3-4c7d-9ea2-11e60400c1f5@group-B153D5D399FF-LeaderElection2] INFO  server.RaftServerConfigKeys (ConfUtils.java:logGet(46)) - raft.server.watch.element-limit = 65536 (default)
2022-11-14 01:04:34,608 [50a771df-70d3-4c7d-9ea2-11e60400c1f5@group-B153D5D399FF-LeaderElection2] INFO  server.RaftServerConfigKeys (ConfUtils.java:logGet(46)) - raft.server.write.element-limit = 1024 (custom)
2022-11-14 01:04:34,609 [50a771df-70d3-4c7d-9ea2-11e60400c1f5@group-B153D5D399FF-LeaderElection2] INFO  server.RaftServerConfigKeys (ConfUtils.java:logGet(46)) - raft.server.write.follower.gap.ratio.max = -1.0 (default)
2022-11-14 01:04:34,609 [50a771df-70d3-4c7d-9ea2-11e60400c1f5@group-B153D5D399FF-LeaderElection2] INFO  impl.RoleInfo (RoleInfo.java:updateAndGet(139)) - 50a771df-70d3-4c7d-9ea2-11e60400c1f5: start 50a771df-70d3-4c7d-9ea2-11e60400c1f5@group-B153D5D399FF-LeaderStateImpl
2022-11-14 01:04:34,609 [EventQueue-OpenPipelineForHealthyPipelineSafeModeRule] INFO  safemode.SCMSafeModeManager (HealthyPipelineSafeModeRule.java:process(137)) - SCM in safe mode. Healthy pipelines reported count is 0, required healthy pipeline reported count is 1
2022-11-14 01:04:34,609 [50a771df-70d3-4c7d-9ea2-11e60400c1f5@group-B153D5D399FF-LeaderElection2] INFO  segmented.SegmentedRaftLogWorker (SegmentedRaftLogWorker.java:startLogSegment(452)) - 50a771df-70d3-4c7d-9ea2-11e60400c1f5@group-B153D5D399FF-SegmentedRaftLogWorker: Starting segment from index:0
2022-11-14 01:04:34,616 [50a771df-70d3-4c7d-9ea2-11e60400c1f5@group-B153D5D399FF-LeaderElection2] INFO  server.RaftServer$Division (ServerState.java:setRaftConf(430)) - 50a771df-70d3-4c7d-9ea2-11e60400c1f5@group-B153D5D399FF: set configuration 0: peers:[50a771df-70d3-4c7d-9ea2-11e60400c1f5|rpc:10.1.0.33:34193|dataStream:|priority:1|startupRole:FOLLOWER]|listeners:[], old=null
2022-11-14 01:04:34,616 [50a771df-70d3-4c7d-9ea2-11e60400c1f5@group-B153D5D399FF-SegmentedRaftLogWorker] INFO  segmented.SegmentedRaftLogWorker (SegmentedRaftLogWorker.java:execute(656)) - 50a771df-70d3-4c7d-9ea2-11e60400c1f5@group-B153D5D399FF-SegmentedRaftLogWorker: created new log segment /home/runner/work/ozone/ozone/hadoop-ozone/integration-test/target/test-dir/MiniOzoneClusterImpl-733ab8e8-73b4-47ae-b22b-a548a4863177/datanode-0/data/ratis/645712d7-3d1a-4d6b-95a2-b153d5d399ff/current/log_inprogress_0
2022-11-14 01:04:34,620 [50a771df-70d3-4c7d-9ea2-11e60400c1f5@group-42712CCB35A6-FollowerState] INFO  impl.FollowerState (FollowerState.java:run(143)) - 50a771df-70d3-4c7d-9ea2-11e60400c1f5@group-42712CCB35A6-FollowerState: change to CANDIDATE, lastRpcElapsedTime:5093652222ns, electionTimeout:5092ms
2022-11-14 01:04:34,621 [50a771df-70d3-4c7d-9ea2-11e60400c1f5@group-42712CCB35A6-FollowerState] INFO  impl.RoleInfo (RoleInfo.java:shutdownFollowerState(110)) - 50a771df-70d3-4c7d-9ea2-11e60400c1f5: shutdown 50a771df-70d3-4c7d-9ea2-11e60400c1f5@group-42712CCB35A6-FollowerState
2022-11-14 01:04:34,621 [50a771df-70d3-4c7d-9ea2-11e60400c1f5@group-42712CCB35A6-FollowerState] INFO  server.RaftServer$Division (RaftServerImpl.java:setRole(321)) - 50a771df-70d3-4c7d-9ea2-11e60400c1f5@group-42712CCB35A6: changes role from  FOLLOWER to CANDIDATE at term 0 for changeToCandidate
2022-11-14 01:04:34,622 [50a771df-70d3-4c7d-9ea2-11e60400c1f5@group-42712CCB35A6-FollowerState] INFO  server.RaftServerConfigKeys (ConfUtils.java:logGet(46)) - raft.server.leaderelection.pre-vote = false (custom)
2022-11-14 01:04:34,622 [50a771df-70d3-4c7d-9ea2-11e60400c1f5@group-42712CCB35A6-FollowerState] INFO  impl.RoleInfo (RoleInfo.java:updateAndGet(139)) - 50a771df-70d3-4c7d-9ea2-11e60400c1f5: start 50a771df-70d3-4c7d-9ea2-11e60400c1f5@group-42712CCB35A6-LeaderElection3
2022-11-14 01:04:34,626 [50a771df-70d3-4c7d-9ea2-11e60400c1f5@group-42712CCB35A6-LeaderElection3] INFO  impl.LeaderElection (LeaderElection.java:askForVotes(312)) - 50a771df-70d3-4c7d-9ea2-11e60400c1f5@group-42712CCB35A6-LeaderElection3 ELECTION round 0: submit vote requests at term 1 for -1: peers:[06e93c36-3e5f-4b60-afd6-cffad6b8ca77|rpc:10.1.0.33:33135|priority:1|startupRole:FOLLOWER, 303bca5f-e220-44f8-957a-f0bd1a8a67be|rpc:10.1.0.33:42857|priority:0|startupRole:FOLLOWER, 50a771df-70d3-4c7d-9ea2-11e60400c1f5|rpc:10.1.0.33:34193|priority:0|startupRole:FOLLOWER]|listeners:[], old=null
2022-11-14 01:04:34,633 [50a771df-70d3-4c7d-9ea2-11e60400c1f5@group-42712CCB35A6-LeaderElection3] INFO  server.RaftServerConfigKeys (ConfUtils.java:logFallback(53)) - raft.server.rpc.first-election.timeout.min = 5s (fallback to raft.server.rpc.timeout.min)
2022-11-14 01:04:34,633 [50a771df-70d3-4c7d-9ea2-11e60400c1f5@group-42712CCB35A6-LeaderElection3] INFO  server.RaftServerConfigKeys (ConfUtils.java:logFallback(53)) - raft.server.rpc.first-election.timeout.max = 5200ms (fallback to raft.server.rpc.timeout.max)
2022-11-14 01:04:34,633 [50a771df-70d3-4c7d-9ea2-11e60400c1f5@group-42712CCB35A6-LeaderElection3-1] INFO  server.GrpcServerProtocolClient (GrpcServerProtocolClient.java:<init>(63)) - Build channel for 06e93c36-3e5f-4b60-afd6-cffad6b8ca77
2022-11-14 01:04:34,637 [50a771df-70d3-4c7d-9ea2-11e60400c1f5@group-42712CCB35A6-LeaderElection3-2] INFO  server.GrpcServerProtocolClient (GrpcServerProtocolClient.java:<init>(63)) - Build channel for 303bca5f-e220-44f8-957a-f0bd1a8a67be
2022-11-14 01:04:34,650 [grpc-default-executor-1] INFO  server.RaftServer$Division (RaftServerImpl.java:requestVote(1218)) - 06e93c36-3e5f-4b60-afd6-cffad6b8ca77@group-42712CCB35A6: receive requestVote(ELECTION, 50a771df-70d3-4c7d-9ea2-11e60400c1f5, group-42712CCB35A6, 1, (t:0, i:0))
2022-11-14 01:04:34,651 [grpc-default-executor-1] INFO  impl.VoteContext (VoteContext.java:log(48)) - 06e93c36-3e5f-4b60-afd6-cffad6b8ca77@group-42712CCB35A6-FOLLOWER: reject ELECTION from 50a771df-70d3-4c7d-9ea2-11e60400c1f5: our priority 1 > candidate's priority 0
2022-11-14 01:04:34,652 [grpc-default-executor-1] INFO  server.RaftServer$Division (RaftServerImpl.java:setRole(321)) - 06e93c36-3e5f-4b60-afd6-cffad6b8ca77@group-42712CCB35A6: changes role from  FOLLOWER to FOLLOWER at term 1 for candidate:50a771df-70d3-4c7d-9ea2-11e60400c1f5
2022-11-14 01:04:34,652 [grpc-default-executor-1] INFO  impl.RoleInfo (RoleInfo.java:shutdownFollowerState(110)) - 06e93c36-3e5f-4b60-afd6-cffad6b8ca77: shutdown 06e93c36-3e5f-4b60-afd6-cffad6b8ca77@group-42712CCB35A6-FollowerState
2022-11-14 01:04:34,652 [06e93c36-3e5f-4b60-afd6-cffad6b8ca77@group-42712CCB35A6-FollowerState] INFO  impl.FollowerState (FollowerState.java:run(152)) - 06e93c36-3e5f-4b60-afd6-cffad6b8ca77@group-42712CCB35A6-FollowerState was interrupted
2022-11-14 01:04:34,653 [grpc-default-executor-1] INFO  impl.RoleInfo (RoleInfo.java:updateAndGet(139)) - 06e93c36-3e5f-4b60-afd6-cffad6b8ca77: start 06e93c36-3e5f-4b60-afd6-cffad6b8ca77@group-42712CCB35A6-FollowerState
2022-11-14 01:04:34,654 [06e93c36-3e5f-4b60-afd6-cffad6b8ca77@group-42712CCB35A6-FollowerState] INFO  server.RaftServerConfigKeys (ConfUtils.java:logFallback(53)) - raft.server.rpc.first-election.timeout.min = 5s (fallback to raft.server.rpc.timeout.min)
2022-11-14 01:04:34,654 [06e93c36-3e5f-4b60-afd6-cffad6b8ca77@group-42712CCB35A6-FollowerState] INFO  server.RaftServerConfigKeys (ConfUtils.java:logFallback(53)) - raft.server.rpc.first-election.timeout.max = 5200ms (fallback to raft.server.rpc.timeout.max)
2022-11-14 01:04:34,657 [grpc-default-executor-0] INFO  server.RaftServer$Division (RaftServerImpl.java:requestVote(1218)) - 303bca5f-e220-44f8-957a-f0bd1a8a67be@group-42712CCB35A6: receive requestVote(ELECTION, 50a771df-70d3-4c7d-9ea2-11e60400c1f5, group-42712CCB35A6, 1, (t:0, i:0))
2022-11-14 01:04:34,656 [grpc-default-executor-1] INFO  server.RaftServer$Division (RaftServerImpl.java:requestVote(1251)) - 06e93c36-3e5f-4b60-afd6-cffad6b8ca77@group-42712CCB35A6 replies to ELECTION vote request: 50a771df-70d3-4c7d-9ea2-11e60400c1f5<-06e93c36-3e5f-4b60-afd6-cffad6b8ca77#0:FAIL-t1. Peer's state: 06e93c36-3e5f-4b60-afd6-cffad6b8ca77@group-42712CCB35A6:t1, leader=null, voted=null, raftlog=Memoized:06e93c36-3e5f-4b60-afd6-cffad6b8ca77@group-42712CCB35A6-SegmentedRaftLog:OPENED:c-1, conf=-1: peers:[06e93c36-3e5f-4b60-afd6-cffad6b8ca77|rpc:10.1.0.33:33135|dataStream:|priority:1|startupRole:FOLLOWER, 303bca5f-e220-44f8-957a-f0bd1a8a67be|rpc:10.1.0.33:42857|dataStream:|priority:0|startupRole:FOLLOWER, 50a771df-70d3-4c7d-9ea2-11e60400c1f5|rpc:10.1.0.33:34193|dataStream:|priority:0|startupRole:FOLLOWER]|listeners:[], old=null
2022-11-14 01:04:34,657 [grpc-default-executor-0] INFO  impl.VoteContext (VoteContext.java:log(48)) - 303bca5f-e220-44f8-957a-f0bd1a8a67be@group-42712CCB35A6-FOLLOWER: accept ELECTION from 50a771df-70d3-4c7d-9ea2-11e60400c1f5: our priority 0 <= candidate's priority 0
2022-11-14 01:04:34,661 [grpc-default-executor-0] INFO  server.RaftServer$Division (RaftServerImpl.java:setRole(321)) - 303bca5f-e220-44f8-957a-f0bd1a8a67be@group-42712CCB35A6: changes role from  FOLLOWER to FOLLOWER at term 1 for candidate:50a771df-70d3-4c7d-9ea2-11e60400c1f5
2022-11-14 01:04:34,661 [grpc-default-executor-0] INFO  impl.RoleInfo (RoleInfo.java:shutdownFollowerState(110)) - 303bca5f-e220-44f8-957a-f0bd1a8a67be: shutdown 303bca5f-e220-44f8-957a-f0bd1a8a67be@group-42712CCB35A6-FollowerState
2022-11-14 01:04:34,661 [303bca5f-e220-44f8-957a-f0bd1a8a67be@group-42712CCB35A6-FollowerState] INFO  impl.FollowerState (FollowerState.java:run(152)) - 303bca5f-e220-44f8-957a-f0bd1a8a67be@group-42712CCB35A6-FollowerState was interrupted
2022-11-14 01:04:34,663 [50a771df-70d3-4c7d-9ea2-11e60400c1f5@group-42712CCB35A6-LeaderElection3] INFO  impl.LeaderElection (LeaderElection.java:logAndReturn(90)) - 50a771df-70d3-4c7d-9ea2-11e60400c1f5@group-42712CCB35A6-LeaderElection3: ELECTION REJECTED received 1 response(s) and 0 exception(s):
2022-11-14 01:04:34,664 [50a771df-70d3-4c7d-9ea2-11e60400c1f5@group-42712CCB35A6-LeaderElection3] INFO  impl.LeaderElection (LeaderElection.java:logAndReturn(94)) -   Response 0: 50a771df-70d3-4c7d-9ea2-11e60400c1f5<-06e93c36-3e5f-4b60-afd6-cffad6b8ca77#0:FAIL-t1
2022-11-14 01:04:34,664 [50a771df-70d3-4c7d-9ea2-11e60400c1f5@group-42712CCB35A6-LeaderElection3] INFO  impl.LeaderElection (LeaderElection.java:askForVotes(314)) - 50a771df-70d3-4c7d-9ea2-11e60400c1f5@group-42712CCB35A6-LeaderElection3 ELECTION round 0: result REJECTED
2022-11-14 01:04:34,664 [50a771df-70d3-4c7d-9ea2-11e60400c1f5@group-42712CCB35A6-LeaderElection3] INFO  server.RaftServer$Division (RaftServerImpl.java:setRole(321)) - 50a771df-70d3-4c7d-9ea2-11e60400c1f5@group-42712CCB35A6: changes role from CANDIDATE to FOLLOWER at term 1 for REJECTED
2022-11-14 01:04:34,664 [50a771df-70d3-4c7d-9ea2-11e60400c1f5@group-42712CCB35A6-LeaderElection3] INFO  impl.RoleInfo (RoleInfo.java:shutdownLeaderElection(130)) - 50a771df-70d3-4c7d-9ea2-11e60400c1f5: shutdown 50a771df-70d3-4c7d-9ea2-11e60400c1f5@group-42712CCB35A6-LeaderElection3
2022-11-14 01:04:34,664 [50a771df-70d3-4c7d-9ea2-11e60400c1f5@group-42712CCB35A6-LeaderElection3] INFO  impl.RoleInfo (RoleInfo.java:updateAndGet(139)) - 50a771df-70d3-4c7d-9ea2-11e60400c1f5: start 50a771df-70d3-4c7d-9ea2-11e60400c1f5@group-42712CCB35A6-FollowerState
2022-11-14 01:04:34,663 [grpc-default-executor-0] INFO  impl.RoleInfo (RoleInfo.java:updateAndGet(139)) - 303bca5f-e220-44f8-957a-f0bd1a8a67be: start 303bca5f-e220-44f8-957a-f0bd1a8a67be@group-42712CCB35A6-FollowerState
2022-11-14 01:04:34,668 [50a771df-70d3-4c7d-9ea2-11e60400c1f5@group-42712CCB35A6-FollowerState] INFO  server.RaftServerConfigKeys (ConfUtils.java:logFallback(53)) - raft.server.rpc.first-election.timeout.min = 5s (fallback to raft.server.rpc.timeout.min)
2022-11-14 01:04:34,668 [50a771df-70d3-4c7d-9ea2-11e60400c1f5@group-42712CCB35A6-FollowerState] INFO  server.RaftServerConfigKeys (ConfUtils.java:logFallback(53)) - raft.server.rpc.first-election.timeout.max = 5200ms (fallback to raft.server.rpc.timeout.max)
2022-11-14 01:04:34,668 [303bca5f-e220-44f8-957a-f0bd1a8a67be@group-42712CCB35A6-FollowerState] INFO  server.RaftServerConfigKeys (ConfUtils.java:logFallback(53)) - raft.server.rpc.first-election.timeout.min = 5s (fallback to raft.server.rpc.timeout.min)
2022-11-14 01:04:34,668 [303bca5f-e220-44f8-957a-f0bd1a8a67be@group-42712CCB35A6-FollowerState] INFO  server.RaftServerConfigKeys (ConfUtils.java:logFallback(53)) - raft.server.rpc.first-election.timeout.max = 5200ms (fallback to raft.server.rpc.timeout.max)
2022-11-14 01:04:34,671 [grpc-default-executor-0] INFO  server.RaftServer$Division (RaftServerImpl.java:requestVote(1251)) - 303bca5f-e220-44f8-957a-f0bd1a8a67be@group-42712CCB35A6 replies to ELECTION vote request: 50a771df-70d3-4c7d-9ea2-11e60400c1f5<-303bca5f-e220-44f8-957a-f0bd1a8a67be#0:OK-t1. Peer's state: 303bca5f-e220-44f8-957a-f0bd1a8a67be@group-42712CCB35A6:t1, leader=null, voted=50a771df-70d3-4c7d-9ea2-11e60400c1f5, raftlog=Memoized:303bca5f-e220-44f8-957a-f0bd1a8a67be@group-42712CCB35A6-SegmentedRaftLog:OPENED:c-1, conf=-1: peers:[06e93c36-3e5f-4b60-afd6-cffad6b8ca77|rpc:10.1.0.33:33135|priority:1|startupRole:FOLLOWER, 303bca5f-e220-44f8-957a-f0bd1a8a67be|rpc:10.1.0.33:42857|priority:0|startupRole:FOLLOWER, 50a771df-70d3-4c7d-9ea2-11e60400c1f5|rpc:10.1.0.33:34193|priority:0|startupRole:FOLLOWER]|listeners:[], old=null
2022-11-14 01:04:35,081 [303bca5f-e220-44f8-957a-f0bd1a8a67be@group-2FC1FA02EAB1-FollowerState] INFO  impl.FollowerState (FollowerState.java:run(143)) - 303bca5f-e220-44f8-957a-f0bd1a8a67be@group-2FC1FA02EAB1-FollowerState: change to CANDIDATE, lastRpcElapsedTime:5124179985ns, electionTimeout:5117ms
2022-11-14 01:04:35,081 [303bca5f-e220-44f8-957a-f0bd1a8a67be@group-2FC1FA02EAB1-FollowerState] INFO  impl.RoleInfo (RoleInfo.java:shutdownFollowerState(110)) - 303bca5f-e220-44f8-957a-f0bd1a8a67be: shutdown 303bca5f-e220-44f8-957a-f0bd1a8a67be@group-2FC1FA02EAB1-FollowerState
2022-11-14 01:04:35,081 [303bca5f-e220-44f8-957a-f0bd1a8a67be@group-2FC1FA02EAB1-FollowerState] INFO  server.RaftServer$Division (RaftServerImpl.java:setRole(321)) - 303bca5f-e220-44f8-957a-f0bd1a8a67be@group-2FC1FA02EAB1: changes role from  FOLLOWER to CANDIDATE at term 0 for changeToCandidate
2022-11-14 01:04:35,082 [303bca5f-e220-44f8-957a-f0bd1a8a67be@group-2FC1FA02EAB1-FollowerState] INFO  server.RaftServerConfigKeys (ConfUtils.java:logGet(46)) - raft.server.leaderelection.pre-vote = false (custom)
2022-11-14 01:04:35,083 [303bca5f-e220-44f8-957a-f0bd1a8a67be@group-2FC1FA02EAB1-FollowerState] INFO  impl.RoleInfo (RoleInfo.java:updateAndGet(139)) - 303bca5f-e220-44f8-957a-f0bd1a8a67be: start 303bca5f-e220-44f8-957a-f0bd1a8a67be@group-2FC1FA02EAB1-LeaderElection4
2022-11-14 01:04:35,090 [303bca5f-e220-44f8-957a-f0bd1a8a67be@group-2FC1FA02EAB1-LeaderElection4] INFO  impl.LeaderElection (LeaderElection.java:askForVotes(312)) - 303bca5f-e220-44f8-957a-f0bd1a8a67be@group-2FC1FA02EAB1-LeaderElection4 ELECTION round 0: submit vote requests at term 1 for -1: peers:[303bca5f-e220-44f8-957a-f0bd1a8a67be|rpc:10.1.0.33:42857|priority:1|startupRole:FOLLOWER]|listeners:[], old=null
2022-11-14 01:04:35,091 [303bca5f-e220-44f8-957a-f0bd1a8a67be@group-2FC1FA02EAB1-LeaderElection4] INFO  impl.LeaderElection (LeaderElection.java:askForVotes(314)) - 303bca5f-e220-44f8-957a-f0bd1a8a67be@group-2FC1FA02EAB1-LeaderElection4 ELECTION round 0: result PASSED (term=1)
2022-11-14 01:04:35,091 [303bca5f-e220-44f8-957a-f0bd1a8a67be@group-2FC1FA02EAB1-LeaderElection4] INFO  impl.RoleInfo (RoleInfo.java:shutdownLeaderElection(130)) - 303bca5f-e220-44f8-957a-f0bd1a8a67be: shutdown 303bca5f-e220-44f8-957a-f0bd1a8a67be@group-2FC1FA02EAB1-LeaderElection4
2022-11-14 01:04:35,091 [303bca5f-e220-44f8-957a-f0bd1a8a67be@group-2FC1FA02EAB1-LeaderElection4] INFO  server.RaftServer$Division (RaftServerImpl.java:setRole(321)) - 303bca5f-e220-44f8-957a-f0bd1a8a67be@group-2FC1FA02EAB1: changes role from CANDIDATE to LEADER at term 1 for changeToLeader
2022-11-14 01:04:35,091 [303bca5f-e220-44f8-957a-f0bd1a8a67be@group-2FC1FA02EAB1-LeaderElection4] INFO  ratis.XceiverServerRatis (XceiverServerRatis.java:handleLeaderChangedNotification(863)) - Leader change notification received for group: group-2FC1FA02EAB1 with new leaderId: 303bca5f-e220-44f8-957a-f0bd1a8a67be
2022-11-14 01:04:35,092 [303bca5f-e220-44f8-957a-f0bd1a8a67be@group-2FC1FA02EAB1-LeaderElection4] INFO  server.RaftServer$Division (ServerState.java:setLeader(313)) - 303bca5f-e220-44f8-957a-f0bd1a8a67be@group-2FC1FA02EAB1: change Leader from null to 303bca5f-e220-44f8-957a-f0bd1a8a67be at term 1 for becomeLeader, leader elected after 5160ms
2022-11-14 01:04:35,092 [303bca5f-e220-44f8-957a-f0bd1a8a67be@group-2FC1FA02EAB1-LeaderElection4] INFO  server.RaftServerConfigKeys (ConfUtils.java:logGet(46)) - raft.server.staging.catchup.gap = 1000 (default)
2022-11-14 01:04:35,092 [303bca5f-e220-44f8-957a-f0bd1a8a67be@group-2FC1FA02EAB1-LeaderElection4] INFO  server.RaftServerConfigKeys (ConfUtils.java:logGet(46)) - raft.server.write.element-limit = 1024 (custom)
2022-11-14 01:04:35,092 [303bca5f-e220-44f8-957a-f0bd1a8a67be@group-2FC1FA02EAB1-LeaderElection4] INFO  server.RaftServerConfigKeys (ConfUtils.java:logGet(46)) - raft.server.write.byte-limit = 1024 M (=1073741824) (custom)
2022-11-14 01:04:35,093 [EventQueue-OpenPipelineForHealthyPipelineSafeModeRule] INFO  safemode.SCMSafeModeManager (HealthyPipelineSafeModeRule.java:process(137)) - SCM in safe mode. Healthy pipelines reported count is 0, required healthy pipeline reported count is 1
2022-11-14 01:04:35,093 [303bca5f-e220-44f8-957a-f0bd1a8a67be@group-2FC1FA02EAB1-LeaderElection4] INFO  server.RaftServerConfigKeys (ConfUtils.java:logGet(46)) - raft.server.watch.timeout = 180s (custom)
2022-11-14 01:04:35,093 [303bca5f-e220-44f8-957a-f0bd1a8a67be@group-2FC1FA02EAB1-LeaderElection4] INFO  server.RaftServerConfigKeys (ConfUtils.java:logGet(46)) - raft.server.watch.timeout.denomination = 1s (default)
2022-11-14 01:04:35,093 [303bca5f-e220-44f8-957a-f0bd1a8a67be@group-2FC1FA02EAB1-LeaderElection4] INFO  server.RaftServerConfigKeys (ConfUtils.java:logGet(46)) - raft.server.watch.element-limit = 65536 (default)
2022-11-14 01:04:35,093 [303bca5f-e220-44f8-957a-f0bd1a8a67be@group-2FC1FA02EAB1-LeaderElection4] INFO  server.RaftServerConfigKeys (ConfUtils.java:logGet(46)) - raft.server.write.element-limit = 1024 (custom)
2022-11-14 01:04:35,093 [303bca5f-e220-44f8-957a-f0bd1a8a67be@group-2FC1FA02EAB1-LeaderElection4] INFO  server.RaftServerConfigKeys (ConfUtils.java:logGet(46)) - raft.server.write.follower.gap.ratio.max = -1.0 (default)
2022-11-14 01:04:35,093 [303bca5f-e220-44f8-957a-f0bd1a8a67be@group-2FC1FA02EAB1-LeaderElection4] INFO  impl.RoleInfo (RoleInfo.java:updateAndGet(139)) - 303bca5f-e220-44f8-957a-f0bd1a8a67be: start 303bca5f-e220-44f8-957a-f0bd1a8a67be@group-2FC1FA02EAB1-LeaderStateImpl
2022-11-14 01:04:35,093 [303bca5f-e220-44f8-957a-f0bd1a8a67be@group-2FC1FA02EAB1-LeaderElection4] INFO  segmented.SegmentedRaftLogWorker (SegmentedRaftLogWorker.java:startLogSegment(452)) - 303bca5f-e220-44f8-957a-f0bd1a8a67be@group-2FC1FA02EAB1-SegmentedRaftLogWorker: Starting segment from index:0
2022-11-14 01:04:35,095 [303bca5f-e220-44f8-957a-f0bd1a8a67be@group-2FC1FA02EAB1-SegmentedRaftLogWorker] INFO  segmented.SegmentedRaftLogWorker (SegmentedRaftLogWorker.java:execute(656)) - 303bca5f-e220-44f8-957a-f0bd1a8a67be@group-2FC1FA02EAB1-SegmentedRaftLogWorker: created new log segment /home/runner/work/ozone/ozone/hadoop-ozone/integration-test/target/test-dir/MiniOzoneClusterImpl-733ab8e8-73b4-47ae-b22b-a548a4863177/datanode-1/data/ratis/2d12a490-5460-45f0-a3cd-2fc1fa02eab1/current/log_inprogress_0
2022-11-14 01:04:35,096 [303bca5f-e220-44f8-957a-f0bd1a8a67be@group-2FC1FA02EAB1-LeaderElection4] INFO  server.RaftServer$Division (ServerState.java:setRaftConf(430)) - 303bca5f-e220-44f8-957a-f0bd1a8a67be@group-2FC1FA02EAB1: set configuration 0: peers:[303bca5f-e220-44f8-957a-f0bd1a8a67be|rpc:10.1.0.33:42857|dataStream:|priority:1|startupRole:FOLLOWER]|listeners:[], old=null
2022-11-14 01:04:35,231 [Listener at 127.0.0.1/41321] INFO  ozone.MiniOzoneClusterImpl (MiniOzoneClusterImpl.java:lambda$waitForClusterToBeReady$0(216)) - Nodes are ready. Got 6 of 6 DN Heartbeats.
2022-11-14 01:04:35,232 [Listener at 127.0.0.1/41321] INFO  ozone.MiniOzoneClusterImpl (MiniOzoneClusterImpl.java:lambda$waitForClusterToBeReady$0(219)) - Waiting for cluster to exit safe mode
2022-11-14 01:04:35,232 [Listener at 127.0.0.1/41321] INFO  ozone.MiniOzoneClusterImpl (MiniOzoneClusterImpl.java:lambda$waitForClusterToBeReady$0(221)) - SCM became leader
2022-11-14 01:04:35,379 [06e93c36-3e5f-4b60-afd6-cffad6b8ca77@group-7477ECCF7542-FollowerState] INFO  impl.FollowerState (FollowerState.java:run(143)) - 06e93c36-3e5f-4b60-afd6-cffad6b8ca77@group-7477ECCF7542-FollowerState: change to CANDIDATE, lastRpcElapsedTime:5065835916ns, electionTimeout:5061ms
2022-11-14 01:04:35,379 [06e93c36-3e5f-4b60-afd6-cffad6b8ca77@group-7477ECCF7542-FollowerState] INFO  impl.RoleInfo (RoleInfo.java:shutdownFollowerState(110)) - 06e93c36-3e5f-4b60-afd6-cffad6b8ca77: shutdown 06e93c36-3e5f-4b60-afd6-cffad6b8ca77@group-7477ECCF7542-FollowerState
2022-11-14 01:04:35,379 [06e93c36-3e5f-4b60-afd6-cffad6b8ca77@group-7477ECCF7542-FollowerState] INFO  server.RaftServer$Division (RaftServerImpl.java:setRole(321)) - 06e93c36-3e5f-4b60-afd6-cffad6b8ca77@group-7477ECCF7542: changes role from  FOLLOWER to CANDIDATE at term 0 for changeToCandidate
2022-11-14 01:04:35,380 [06e93c36-3e5f-4b60-afd6-cffad6b8ca77@group-7477ECCF7542-FollowerState] INFO  server.RaftServerConfigKeys (ConfUtils.java:logGet(46)) - raft.server.leaderelection.pre-vote = false (custom)
2022-11-14 01:04:35,380 [06e93c36-3e5f-4b60-afd6-cffad6b8ca77@group-7477ECCF7542-FollowerState] INFO  impl.RoleInfo (RoleInfo.java:updateAndGet(139)) - 06e93c36-3e5f-4b60-afd6-cffad6b8ca77: start 06e93c36-3e5f-4b60-afd6-cffad6b8ca77@group-7477ECCF7542-LeaderElection5
2022-11-14 01:04:35,390 [06e93c36-3e5f-4b60-afd6-cffad6b8ca77@group-7477ECCF7542-LeaderElection5] INFO  impl.LeaderElection (LeaderElection.java:askForVotes(312)) - 06e93c36-3e5f-4b60-afd6-cffad6b8ca77@group-7477ECCF7542-LeaderElection5 ELECTION round 0: submit vote requests at term 1 for -1: peers:[06e93c36-3e5f-4b60-afd6-cffad6b8ca77|rpc:10.1.0.33:33135|priority:0|startupRole:FOLLOWER, 303bca5f-e220-44f8-957a-f0bd1a8a67be|rpc:10.1.0.33:42857|priority:0|startupRole:FOLLOWER, 50a771df-70d3-4c7d-9ea2-11e60400c1f5|rpc:10.1.0.33:34193|priority:1|startupRole:FOLLOWER]|listeners:[], old=null
2022-11-14 01:04:35,390 [06e93c36-3e5f-4b60-afd6-cffad6b8ca77@group-7477ECCF7542-LeaderElection5-1] INFO  server.GrpcServerProtocolClient (GrpcServerProtocolClient.java:<init>(63)) - Build channel for 303bca5f-e220-44f8-957a-f0bd1a8a67be
2022-11-14 01:04:35,393 [06e93c36-3e5f-4b60-afd6-cffad6b8ca77@group-7477ECCF7542-LeaderElection5] INFO  server.RaftServerConfigKeys (ConfUtils.java:logFallback(53)) - raft.server.rpc.first-election.timeout.min = 5s (fallback to raft.server.rpc.timeout.min)
2022-11-14 01:04:35,396 [06e93c36-3e5f-4b60-afd6-cffad6b8ca77@group-7477ECCF7542-LeaderElection5] INFO  server.RaftServerConfigKeys (ConfUtils.java:logFallback(53)) - raft.server.rpc.first-election.timeout.max = 5200ms (fallback to raft.server.rpc.timeout.max)
2022-11-14 01:04:35,396 [50a771df-70d3-4c7d-9ea2-11e60400c1f5@group-7477ECCF7542-FollowerState] INFO  impl.FollowerState (FollowerState.java:run(143)) - 50a771df-70d3-4c7d-9ea2-11e60400c1f5@group-7477ECCF7542-FollowerState: change to CANDIDATE, lastRpcElapsedTime:5095053952ns, electionTimeout:5072ms
2022-11-14 01:04:35,396 [50a771df-70d3-4c7d-9ea2-11e60400c1f5@group-7477ECCF7542-FollowerState] INFO  impl.RoleInfo (RoleInfo.java:shutdownFollowerState(110)) - 50a771df-70d3-4c7d-9ea2-11e60400c1f5: shutdown 50a771df-70d3-4c7d-9ea2-11e60400c1f5@group-7477ECCF7542-FollowerState
2022-11-14 01:04:35,396 [50a771df-70d3-4c7d-9ea2-11e60400c1f5@group-7477ECCF7542-FollowerState] INFO  server.RaftServer$Division (RaftServerImpl.java:setRole(321)) - 50a771df-70d3-4c7d-9ea2-11e60400c1f5@group-7477ECCF7542: changes role from  FOLLOWER to CANDIDATE at term 0 for changeToCandidate
2022-11-14 01:04:35,397 [50a771df-70d3-4c7d-9ea2-11e60400c1f5@group-7477ECCF7542-FollowerState] INFO  server.RaftServerConfigKeys (ConfUtils.java:logGet(46)) - raft.server.leaderelection.pre-vote = false (custom)
2022-11-14 01:04:35,397 [50a771df-70d3-4c7d-9ea2-11e60400c1f5@group-7477ECCF7542-FollowerState] INFO  impl.RoleInfo (RoleInfo.java:updateAndGet(139)) - 50a771df-70d3-4c7d-9ea2-11e60400c1f5: start 50a771df-70d3-4c7d-9ea2-11e60400c1f5@group-7477ECCF7542-LeaderElection6
2022-11-14 01:04:35,399 [06e93c36-3e5f-4b60-afd6-cffad6b8ca77@group-7477ECCF7542-LeaderElection5-2] INFO  server.GrpcServerProtocolClient (GrpcServerProtocolClient.java:<init>(63)) - Build channel for 50a771df-70d3-4c7d-9ea2-11e60400c1f5
2022-11-14 01:04:35,406 [grpc-default-executor-0] INFO  server.RaftServer$Division (RaftServerImpl.java:requestVote(1218)) - 303bca5f-e220-44f8-957a-f0bd1a8a67be@group-7477ECCF7542: receive requestVote(ELECTION, 06e93c36-3e5f-4b60-afd6-cffad6b8ca77, group-7477ECCF7542, 1, (t:0, i:0))
2022-11-14 01:04:35,406 [grpc-default-executor-0] INFO  impl.VoteContext (VoteContext.java:log(48)) - 303bca5f-e220-44f8-957a-f0bd1a8a67be@group-7477ECCF7542-FOLLOWER: accept ELECTION from 06e93c36-3e5f-4b60-afd6-cffad6b8ca77: our priority 0 <= candidate's priority 0
2022-11-14 01:04:35,406 [grpc-default-executor-0] INFO  server.RaftServer$Division (RaftServerImpl.java:setRole(321)) - 303bca5f-e220-44f8-957a-f0bd1a8a67be@group-7477ECCF7542: changes role from  FOLLOWER to FOLLOWER at term 1 for candidate:06e93c36-3e5f-4b60-afd6-cffad6b8ca77
2022-11-14 01:04:35,406 [50a771df-70d3-4c7d-9ea2-11e60400c1f5@group-7477ECCF7542-LeaderElection6] INFO  impl.LeaderElection (LeaderElection.java:askForVotes(312)) - 50a771df-70d3-4c7d-9ea2-11e60400c1f5@group-7477ECCF7542-LeaderElection6 ELECTION round 0: submit vote requests at term 1 for -1: peers:[06e93c36-3e5f-4b60-afd6-cffad6b8ca77|rpc:10.1.0.33:33135|priority:0|startupRole:FOLLOWER, 303bca5f-e220-44f8-957a-f0bd1a8a67be|rpc:10.1.0.33:42857|priority:0|startupRole:FOLLOWER, 50a771df-70d3-4c7d-9ea2-11e60400c1f5|rpc:10.1.0.33:34193|priority:1|startupRole:FOLLOWER]|listeners:[], old=null
2022-11-14 01:04:35,406 [grpc-default-executor-0] INFO  impl.RoleInfo (RoleInfo.java:shutdownFollowerState(110)) - 303bca5f-e220-44f8-957a-f0bd1a8a67be: shutdown 303bca5f-e220-44f8-957a-f0bd1a8a67be@group-7477ECCF7542-FollowerState
2022-11-14 01:04:35,406 [303bca5f-e220-44f8-957a-f0bd1a8a67be@group-7477ECCF7542-FollowerState] INFO  impl.FollowerState (FollowerState.java:run(152)) - 303bca5f-e220-44f8-957a-f0bd1a8a67be@group-7477ECCF7542-FollowerState was interrupted
2022-11-14 01:04:35,408 [grpc-default-executor-0] INFO  impl.RoleInfo (RoleInfo.java:updateAndGet(139)) - 303bca5f-e220-44f8-957a-f0bd1a8a67be: start 303bca5f-e220-44f8-957a-f0bd1a8a67be@group-7477ECCF7542-FollowerState
2022-11-14 01:04:35,409 [303bca5f-e220-44f8-957a-f0bd1a8a67be@group-7477ECCF7542-FollowerState] INFO  server.RaftServerConfigKeys (ConfUtils.java:logFallback(53)) - raft.server.rpc.first-election.timeout.min = 5s (fallback to raft.server.rpc.timeout.min)
2022-11-14 01:04:35,409 [303bca5f-e220-44f8-957a-f0bd1a8a67be@group-7477ECCF7542-FollowerState] INFO  server.RaftServerConfigKeys (ConfUtils.java:logFallback(53)) - raft.server.rpc.first-election.timeout.max = 5200ms (fallback to raft.server.rpc.timeout.max)
2022-11-14 01:04:35,409 [grpc-default-executor-0] INFO  server.RaftServer$Division (RaftServerImpl.java:requestVote(1251)) - 303bca5f-e220-44f8-957a-f0bd1a8a67be@group-7477ECCF7542 replies to ELECTION vote request: 06e93c36-3e5f-4b60-afd6-cffad6b8ca77<-303bca5f-e220-44f8-957a-f0bd1a8a67be#0:OK-t1. Peer's state: 303bca5f-e220-44f8-957a-f0bd1a8a67be@group-7477ECCF7542:t1, leader=null, voted=06e93c36-3e5f-4b60-afd6-cffad6b8ca77, raftlog=Memoized:303bca5f-e220-44f8-957a-f0bd1a8a67be@group-7477ECCF7542-SegmentedRaftLog:OPENED:c-1, conf=-1: peers:[06e93c36-3e5f-4b60-afd6-cffad6b8ca77|rpc:10.1.0.33:33135|priority:0|startupRole:FOLLOWER, 303bca5f-e220-44f8-957a-f0bd1a8a67be|rpc:10.1.0.33:42857|priority:0|startupRole:FOLLOWER, 50a771df-70d3-4c7d-9ea2-11e60400c1f5|rpc:10.1.0.33:34193|priority:1|startupRole:FOLLOWER]|listeners:[], old=null
2022-11-14 01:04:35,416 [50a771df-70d3-4c7d-9ea2-11e60400c1f5@group-7477ECCF7542-LeaderElection6] INFO  server.RaftServerConfigKeys (ConfUtils.java:logFallback(53)) - raft.server.rpc.first-election.timeout.min = 5s (fallback to raft.server.rpc.timeout.min)
2022-11-14 01:04:35,416 [50a771df-70d3-4c7d-9ea2-11e60400c1f5@group-7477ECCF7542-LeaderElection6] INFO  server.RaftServerConfigKeys (ConfUtils.java:logFallback(53)) - raft.server.rpc.first-election.timeout.max = 5200ms (fallback to raft.server.rpc.timeout.max)
2022-11-14 01:04:35,432 [grpc-default-executor-0] INFO  server.RaftServer$Division (RaftServerImpl.java:requestVote(1218)) - 06e93c36-3e5f-4b60-afd6-cffad6b8ca77@group-7477ECCF7542: receive requestVote(ELECTION, 50a771df-70d3-4c7d-9ea2-11e60400c1f5, group-7477ECCF7542, 1, (t:0, i:0))
2022-11-14 01:04:35,433 [grpc-default-executor-0] INFO  impl.VoteContext (VoteContext.java:log(48)) - 06e93c36-3e5f-4b60-afd6-cffad6b8ca77@group-7477ECCF7542-CANDIDATE: reject ELECTION from 50a771df-70d3-4c7d-9ea2-11e60400c1f5: already has voted for 06e93c36-3e5f-4b60-afd6-cffad6b8ca77 at current term 1
2022-11-14 01:04:35,433 [grpc-default-executor-0] INFO  server.RaftServer$Division (RaftServerImpl.java:requestVote(1251)) - 06e93c36-3e5f-4b60-afd6-cffad6b8ca77@group-7477ECCF7542 replies to ELECTION vote request: 50a771df-70d3-4c7d-9ea2-11e60400c1f5<-06e93c36-3e5f-4b60-afd6-cffad6b8ca77#0:FAIL-t1. Peer's state: 06e93c36-3e5f-4b60-afd6-cffad6b8ca77@group-7477ECCF7542:t1, leader=null, voted=06e93c36-3e5f-4b60-afd6-cffad6b8ca77, raftlog=Memoized:06e93c36-3e5f-4b60-afd6-cffad6b8ca77@group-7477ECCF7542-SegmentedRaftLog:OPENED:c-1, conf=-1: peers:[06e93c36-3e5f-4b60-afd6-cffad6b8ca77|rpc:10.1.0.33:33135|priority:0|startupRole:FOLLOWER, 303bca5f-e220-44f8-957a-f0bd1a8a67be|rpc:10.1.0.33:42857|priority:0|startupRole:FOLLOWER, 50a771df-70d3-4c7d-9ea2-11e60400c1f5|rpc:10.1.0.33:34193|priority:1|startupRole:FOLLOWER]|listeners:[], old=null
2022-11-14 01:04:35,434 [grpc-default-executor-0] INFO  server.RaftServer$Division (RaftServerImpl.java:requestVote(1218)) - 50a771df-70d3-4c7d-9ea2-11e60400c1f5@group-7477ECCF7542: receive requestVote(ELECTION, 06e93c36-3e5f-4b60-afd6-cffad6b8ca77, group-7477ECCF7542, 1, (t:0, i:0))
2022-11-14 01:04:35,435 [grpc-default-executor-0] INFO  impl.VoteContext (VoteContext.java:log(48)) - 50a771df-70d3-4c7d-9ea2-11e60400c1f5@group-7477ECCF7542-CANDIDATE: reject ELECTION from 06e93c36-3e5f-4b60-afd6-cffad6b8ca77: already has voted for 50a771df-70d3-4c7d-9ea2-11e60400c1f5 at current term 1
2022-11-14 01:04:35,435 [grpc-default-executor-0] INFO  server.RaftServer$Division (RaftServerImpl.java:requestVote(1251)) - 50a771df-70d3-4c7d-9ea2-11e60400c1f5@group-7477ECCF7542 replies to ELECTION vote request: 06e93c36-3e5f-4b60-afd6-cffad6b8ca77<-50a771df-70d3-4c7d-9ea2-11e60400c1f5#0:FAIL-t1. Peer's state: 50a771df-70d3-4c7d-9ea2-11e60400c1f5@group-7477ECCF7542:t1, leader=null, voted=50a771df-70d3-4c7d-9ea2-11e60400c1f5, raftlog=Memoized:50a771df-70d3-4c7d-9ea2-11e60400c1f5@group-7477ECCF7542-SegmentedRaftLog:OPENED:c-1, conf=-1: peers:[06e93c36-3e5f-4b60-afd6-cffad6b8ca77|rpc:10.1.0.33:33135|priority:0|startupRole:FOLLOWER, 303bca5f-e220-44f8-957a-f0bd1a8a67be|rpc:10.1.0.33:42857|priority:0|startupRole:FOLLOWER, 50a771df-70d3-4c7d-9ea2-11e60400c1f5|rpc:10.1.0.33:34193|priority:1|startupRole:FOLLOWER]|listeners:[], old=null
2022-11-14 01:04:35,437 [06e93c36-3e5f-4b60-afd6-cffad6b8ca77@group-7477ECCF7542-LeaderElection5] INFO  impl.LeaderElection (LeaderElection.java:logAndReturn(90)) - 06e93c36-3e5f-4b60-afd6-cffad6b8ca77@group-7477ECCF7542-LeaderElection5: ELECTION REJECTED received 2 response(s) and 0 exception(s):
2022-11-14 01:04:35,439 [06e93c36-3e5f-4b60-afd6-cffad6b8ca77@group-7477ECCF7542-LeaderElection5] INFO  impl.LeaderElection (LeaderElection.java:logAndReturn(94)) -   Response 0: 06e93c36-3e5f-4b60-afd6-cffad6b8ca77<-303bca5f-e220-44f8-957a-f0bd1a8a67be#0:OK-t1
2022-11-14 01:04:35,439 [06e93c36-3e5f-4b60-afd6-cffad6b8ca77@group-7477ECCF7542-LeaderElection5] INFO  impl.LeaderElection (LeaderElection.java:logAndReturn(94)) -   Response 1: 06e93c36-3e5f-4b60-afd6-cffad6b8ca77<-50a771df-70d3-4c7d-9ea2-11e60400c1f5#0:FAIL-t1
2022-11-14 01:04:35,439 [06e93c36-3e5f-4b60-afd6-cffad6b8ca77@group-7477ECCF7542-LeaderElection5] INFO  impl.LeaderElection (LeaderElection.java:askForVotes(314)) - 06e93c36-3e5f-4b60-afd6-cffad6b8ca77@group-7477ECCF7542-LeaderElection5 ELECTION round 0: result REJECTED
2022-11-14 01:04:35,439 [06e93c36-3e5f-4b60-afd6-cffad6b8ca77@group-7477ECCF7542-LeaderElection5] INFO  server.RaftServer$Division (RaftServerImpl.java:setRole(321)) - 06e93c36-3e5f-4b60-afd6-cffad6b8ca77@group-7477ECCF7542: changes role from CANDIDATE to FOLLOWER at term 1 for REJECTED
2022-11-14 01:04:35,439 [06e93c36-3e5f-4b60-afd6-cffad6b8ca77@group-7477ECCF7542-LeaderElection5] INFO  impl.RoleInfo (RoleInfo.java:shutdownLeaderElection(130)) - 06e93c36-3e5f-4b60-afd6-cffad6b8ca77: shutdown 06e93c36-3e5f-4b60-afd6-cffad6b8ca77@group-7477ECCF7542-LeaderElection5
2022-11-14 01:04:35,439 [06e93c36-3e5f-4b60-afd6-cffad6b8ca77@group-7477ECCF7542-LeaderElection5] INFO  impl.RoleInfo (RoleInfo.java:updateAndGet(139)) - 06e93c36-3e5f-4b60-afd6-cffad6b8ca77: start 06e93c36-3e5f-4b60-afd6-cffad6b8ca77@group-7477ECCF7542-FollowerState
2022-11-14 01:04:35,439 [grpc-default-executor-0] INFO  server.RaftServer$Division (RaftServerImpl.java:requestVote(1218)) - 303bca5f-e220-44f8-957a-f0bd1a8a67be@group-7477ECCF7542: receive requestVote(ELECTION, 50a771df-70d3-4c7d-9ea2-11e60400c1f5, group-7477ECCF7542, 1, (t:0, i:0))
2022-11-14 01:04:35,442 [grpc-default-executor-0] INFO  impl.VoteContext (VoteContext.java:log(48)) - 303bca5f-e220-44f8-957a-f0bd1a8a67be@group-7477ECCF7542-FOLLOWER: reject ELECTION from 50a771df-70d3-4c7d-9ea2-11e60400c1f5: already has voted for 06e93c36-3e5f-4b60-afd6-cffad6b8ca77 at current term 1
2022-11-14 01:04:35,442 [grpc-default-executor-0] INFO  server.RaftServer$Division (RaftServerImpl.java:requestVote(1251)) - 303bca5f-e220-44f8-957a-f0bd1a8a67be@group-7477ECCF7542 replies to ELECTION vote request: 50a771df-70d3-4c7d-9ea2-11e60400c1f5<-303bca5f-e220-44f8-957a-f0bd1a8a67be#0:FAIL-t1. Peer's state: 303bca5f-e220-44f8-957a-f0bd1a8a67be@group-7477ECCF7542:t1, leader=null, voted=06e93c36-3e5f-4b60-afd6-cffad6b8ca77, raftlog=Memoized:303bca5f-e220-44f8-957a-f0bd1a8a67be@group-7477ECCF7542-SegmentedRaftLog:OPENED:c-1, conf=-1: peers:[06e93c36-3e5f-4b60-afd6-cffad6b8ca77|rpc:10.1.0.33:33135|priority:0|startupRole:FOLLOWER, 303bca5f-e220-44f8-957a-f0bd1a8a67be|rpc:10.1.0.33:42857|priority:0|startupRole:FOLLOWER, 50a771df-70d3-4c7d-9ea2-11e60400c1f5|rpc:10.1.0.33:34193|priority:1|startupRole:FOLLOWER]|listeners:[], old=null
2022-11-14 01:04:35,442 [06e93c36-3e5f-4b60-afd6-cffad6b8ca77@group-7477ECCF7542-FollowerState] INFO  server.RaftServerConfigKeys (ConfUtils.java:logFallback(53)) - raft.server.rpc.first-election.timeout.min = 5s (fallback to raft.server.rpc.timeout.min)
2022-11-14 01:04:35,444 [50a771df-70d3-4c7d-9ea2-11e60400c1f5@group-7477ECCF7542-LeaderElection6] INFO  impl.LeaderElection (LeaderElection.java:logAndReturn(90)) - 50a771df-70d3-4c7d-9ea2-11e60400c1f5@group-7477ECCF7542-LeaderElection6: ELECTION REJECTED received 2 response(s) and 0 exception(s):
2022-11-14 01:04:35,444 [06e93c36-3e5f-4b60-afd6-cffad6b8ca77@group-7477ECCF7542-FollowerState] INFO  server.RaftServerConfigKeys (ConfUtils.java:logFallback(53)) - raft.server.rpc.first-election.timeout.max = 5200ms (fallback to raft.server.rpc.timeout.max)
2022-11-14 01:04:35,445 [50a771df-70d3-4c7d-9ea2-11e60400c1f5@group-7477ECCF7542-LeaderElection6] INFO  impl.LeaderElection (LeaderElection.java:logAndReturn(94)) -   Response 0: 50a771df-70d3-4c7d-9ea2-11e60400c1f5<-06e93c36-3e5f-4b60-afd6-cffad6b8ca77#0:FAIL-t1
2022-11-14 01:04:35,445 [50a771df-70d3-4c7d-9ea2-11e60400c1f5@group-7477ECCF7542-LeaderElection6] INFO  impl.LeaderElection (LeaderElection.java:logAndReturn(94)) -   Response 1: 50a771df-70d3-4c7d-9ea2-11e60400c1f5<-303bca5f-e220-44f8-957a-f0bd1a8a67be#0:FAIL-t1
2022-11-14 01:04:35,445 [50a771df-70d3-4c7d-9ea2-11e60400c1f5@group-7477ECCF7542-LeaderElection6] INFO  impl.LeaderElection (LeaderElection.java:askForVotes(314)) - 50a771df-70d3-4c7d-9ea2-11e60400c1f5@group-7477ECCF7542-LeaderElection6 ELECTION round 0: result REJECTED
2022-11-14 01:04:35,445 [50a771df-70d3-4c7d-9ea2-11e60400c1f5@group-7477ECCF7542-LeaderElection6] INFO  server.RaftServer$Division (RaftServerImpl.java:setRole(321)) - 50a771df-70d3-4c7d-9ea2-11e60400c1f5@group-7477ECCF7542: changes role from CANDIDATE to FOLLOWER at term 1 for REJECTED
2022-11-14 01:04:35,445 [50a771df-70d3-4c7d-9ea2-11e60400c1f5@group-7477ECCF7542-LeaderElection6] INFO  impl.RoleInfo (RoleInfo.java:shutdownLeaderElection(130)) - 50a771df-70d3-4c7d-9ea2-11e60400c1f5: shutdown 50a771df-70d3-4c7d-9ea2-11e60400c1f5@group-7477ECCF7542-LeaderElection6
2022-11-14 01:04:35,445 [50a771df-70d3-4c7d-9ea2-11e60400c1f5@group-7477ECCF7542-LeaderElection6] INFO  impl.RoleInfo (RoleInfo.java:updateAndGet(139)) - 50a771df-70d3-4c7d-9ea2-11e60400c1f5: start 50a771df-70d3-4c7d-9ea2-11e60400c1f5@group-7477ECCF7542-FollowerState
2022-11-14 01:04:35,447 [50a771df-70d3-4c7d-9ea2-11e60400c1f5@group-7477ECCF7542-FollowerState] INFO  server.RaftServerConfigKeys (ConfUtils.java:logFallback(53)) - raft.server.rpc.first-election.timeout.min = 5s (fallback to raft.server.rpc.timeout.min)
2022-11-14 01:04:35,447 [50a771df-70d3-4c7d-9ea2-11e60400c1f5@group-7477ECCF7542-FollowerState] INFO  server.RaftServerConfigKeys (ConfUtils.java:logFallback(53)) - raft.server.rpc.first-election.timeout.max = 5200ms (fallback to raft.server.rpc.timeout.max)
2022-11-14 01:04:35,464 [06e93c36-3e5f-4b60-afd6-cffad6b8ca77@group-690B3A9B0979-FollowerState] INFO  impl.FollowerState (FollowerState.java:run(143)) - 06e93c36-3e5f-4b60-afd6-cffad6b8ca77@group-690B3A9B0979-FollowerState: change to CANDIDATE, lastRpcElapsedTime:5174055840ns, electionTimeout:5164ms
2022-11-14 01:04:35,464 [06e93c36-3e5f-4b60-afd6-cffad6b8ca77@group-690B3A9B0979-FollowerState] INFO  impl.RoleInfo (RoleInfo.java:shutdownFollowerState(110)) - 06e93c36-3e5f-4b60-afd6-cffad6b8ca77: shutdown 06e93c36-3e5f-4b60-afd6-cffad6b8ca77@group-690B3A9B0979-FollowerState
2022-11-14 01:04:35,464 [06e93c36-3e5f-4b60-afd6-cffad6b8ca77@group-690B3A9B0979-FollowerState] INFO  server.RaftServer$Division (RaftServerImpl.java:setRole(321)) - 06e93c36-3e5f-4b60-afd6-cffad6b8ca77@group-690B3A9B0979: changes role from  FOLLOWER to CANDIDATE at term 0 for changeToCandidate
2022-11-14 01:04:35,465 [06e93c36-3e5f-4b60-afd6-cffad6b8ca77@group-690B3A9B0979-FollowerState] INFO  server.RaftServerConfigKeys (ConfUtils.java:logGet(46)) - raft.server.leaderelection.pre-vote = false (custom)
2022-11-14 01:04:35,465 [06e93c36-3e5f-4b60-afd6-cffad6b8ca77@group-690B3A9B0979-FollowerState] INFO  impl.RoleInfo (RoleInfo.java:updateAndGet(139)) - 06e93c36-3e5f-4b60-afd6-cffad6b8ca77: start 06e93c36-3e5f-4b60-afd6-cffad6b8ca77@group-690B3A9B0979-LeaderElection7
2022-11-14 01:04:35,468 [06e93c36-3e5f-4b60-afd6-cffad6b8ca77@group-690B3A9B0979-LeaderElection7] INFO  impl.LeaderElection (LeaderElection.java:askForVotes(312)) - 06e93c36-3e5f-4b60-afd6-cffad6b8ca77@group-690B3A9B0979-LeaderElection7 ELECTION round 0: submit vote requests at term 1 for -1: peers:[06e93c36-3e5f-4b60-afd6-cffad6b8ca77|rpc:10.1.0.33:33135|priority:1|startupRole:FOLLOWER]|listeners:[], old=null
2022-11-14 01:04:35,469 [06e93c36-3e5f-4b60-afd6-cffad6b8ca77@group-690B3A9B0979-LeaderElection7] INFO  impl.LeaderElection (LeaderElection.java:askForVotes(314)) - 06e93c36-3e5f-4b60-afd6-cffad6b8ca77@group-690B3A9B0979-LeaderElection7 ELECTION round 0: result PASSED (term=1)
2022-11-14 01:04:35,469 [06e93c36-3e5f-4b60-afd6-cffad6b8ca77@group-690B3A9B0979-LeaderElection7] INFO  impl.RoleInfo (RoleInfo.java:shutdownLeaderElection(130)) - 06e93c36-3e5f-4b60-afd6-cffad6b8ca77: shutdown 06e93c36-3e5f-4b60-afd6-cffad6b8ca77@group-690B3A9B0979-LeaderElection7
2022-11-14 01:04:35,469 [06e93c36-3e5f-4b60-afd6-cffad6b8ca77@group-690B3A9B0979-LeaderElection7] INFO  server.RaftServer$Division (RaftServerImpl.java:setRole(321)) - 06e93c36-3e5f-4b60-afd6-cffad6b8ca77@group-690B3A9B0979: changes role from CANDIDATE to LEADER at term 1 for changeToLeader
2022-11-14 01:04:35,469 [06e93c36-3e5f-4b60-afd6-cffad6b8ca77@group-690B3A9B0979-LeaderElection7] INFO  ratis.XceiverServerRatis (XceiverServerRatis.java:handleLeaderChangedNotification(863)) - Leader change notification received for group: group-690B3A9B0979 with new leaderId: 06e93c36-3e5f-4b60-afd6-cffad6b8ca77
2022-11-14 01:04:35,469 [06e93c36-3e5f-4b60-afd6-cffad6b8ca77@group-690B3A9B0979-LeaderElection7] INFO  server.RaftServer$Division (ServerState.java:setLeader(313)) - 06e93c36-3e5f-4b60-afd6-cffad6b8ca77@group-690B3A9B0979: change Leader from null to 06e93c36-3e5f-4b60-afd6-cffad6b8ca77 at term 1 for becomeLeader, leader elected after 5202ms
2022-11-14 01:04:35,469 [06e93c36-3e5f-4b60-afd6-cffad6b8ca77@group-690B3A9B0979-LeaderElection7] INFO  server.RaftServerConfigKeys (ConfUtils.java:logGet(46)) - raft.server.staging.catchup.gap = 1000 (default)
2022-11-14 01:04:35,469 [06e93c36-3e5f-4b60-afd6-cffad6b8ca77@group-690B3A9B0979-LeaderElection7] INFO  server.RaftServerConfigKeys (ConfUtils.java:logGet(46)) - raft.server.write.element-limit = 1024 (custom)
2022-11-14 01:04:35,469 [06e93c36-3e5f-4b60-afd6-cffad6b8ca77@group-690B3A9B0979-LeaderElection7] INFO  server.RaftServerConfigKeys (ConfUtils.java:logGet(46)) - raft.server.write.byte-limit = 1024 M (=1073741824) (custom)
2022-11-14 01:04:35,470 [06e93c36-3e5f-4b60-afd6-cffad6b8ca77@group-690B3A9B0979-LeaderElection7] INFO  server.RaftServerConfigKeys (ConfUtils.java:logGet(46)) - raft.server.watch.timeout = 180s (custom)
2022-11-14 01:04:35,470 [06e93c36-3e5f-4b60-afd6-cffad6b8ca77@group-690B3A9B0979-LeaderElection7] INFO  server.RaftServerConfigKeys (ConfUtils.java:logGet(46)) - raft.server.watch.timeout.denomination = 1s (default)
2022-11-14 01:04:35,470 [06e93c36-3e5f-4b60-afd6-cffad6b8ca77@group-690B3A9B0979-LeaderElection7] INFO  server.RaftServerConfigKeys (ConfUtils.java:logGet(46)) - raft.server.watch.element-limit = 65536 (default)
2022-11-14 01:04:35,470 [06e93c36-3e5f-4b60-afd6-cffad6b8ca77@group-690B3A9B0979-LeaderElection7] INFO  server.RaftServerConfigKeys (ConfUtils.java:logGet(46)) - raft.server.write.element-limit = 1024 (custom)
2022-11-14 01:04:35,470 [06e93c36-3e5f-4b60-afd6-cffad6b8ca77@group-690B3A9B0979-LeaderElection7] INFO  server.RaftServerConfigKeys (ConfUtils.java:logGet(46)) - raft.server.write.follower.gap.ratio.max = -1.0 (default)
2022-11-14 01:04:35,470 [06e93c36-3e5f-4b60-afd6-cffad6b8ca77@group-690B3A9B0979-LeaderElection7] INFO  impl.RoleInfo (RoleInfo.java:updateAndGet(139)) - 06e93c36-3e5f-4b60-afd6-cffad6b8ca77: start 06e93c36-3e5f-4b60-afd6-cffad6b8ca77@group-690B3A9B0979-LeaderStateImpl
2022-11-14 01:04:35,470 [06e93c36-3e5f-4b60-afd6-cffad6b8ca77@group-690B3A9B0979-LeaderElection7] INFO  segmented.SegmentedRaftLogWorker (SegmentedRaftLogWorker.java:startLogSegment(452)) - 06e93c36-3e5f-4b60-afd6-cffad6b8ca77@group-690B3A9B0979-SegmentedRaftLogWorker: Starting segment from index:0
2022-11-14 01:04:35,475 [06e93c36-3e5f-4b60-afd6-cffad6b8ca77@group-690B3A9B0979-LeaderElection7] INFO  server.RaftServer$Division (ServerState.java:setRaftConf(430)) - 06e93c36-3e5f-4b60-afd6-cffad6b8ca77@group-690B3A9B0979: set configuration 0: peers:[06e93c36-3e5f-4b60-afd6-cffad6b8ca77|rpc:10.1.0.33:33135|dataStream:|priority:1|startupRole:FOLLOWER]|listeners:[], old=null
2022-11-14 01:04:35,476 [EventQueue-OpenPipelineForHealthyPipelineSafeModeRule] INFO  safemode.SCMSafeModeManager (HealthyPipelineSafeModeRule.java:process(137)) - SCM in safe mode. Healthy pipelines reported count is 0, required healthy pipeline reported count is 1
2022-11-14 01:04:35,477 [06e93c36-3e5f-4b60-afd6-cffad6b8ca77@group-690B3A9B0979-SegmentedRaftLogWorker] INFO  segmented.SegmentedRaftLogWorker (SegmentedRaftLogWorker.java:execute(656)) - 06e93c36-3e5f-4b60-afd6-cffad6b8ca77@group-690B3A9B0979-SegmentedRaftLogWorker: created new log segment /home/runner/work/ozone/ozone/hadoop-ozone/integration-test/target/test-dir/MiniOzoneClusterImpl-733ab8e8-73b4-47ae-b22b-a548a4863177/datanode-2/data/ratis/caaadc1d-2f20-49b6-82d7-690b3a9b0979/current/log_inprogress_0
2022-11-14 01:04:35,734 [01c63b18-c7c8-42e3-9de4-2761bbcfbea5@group-41C06D6B7902-FollowerState] INFO  impl.FollowerState (FollowerState.java:run(143)) - 01c63b18-c7c8-42e3-9de4-2761bbcfbea5@group-41C06D6B7902-FollowerState: change to CANDIDATE, lastRpcElapsedTime:5143441170ns, electionTimeout:5135ms
2022-11-14 01:04:35,735 [01c63b18-c7c8-42e3-9de4-2761bbcfbea5@group-41C06D6B7902-FollowerState] INFO  impl.RoleInfo (RoleInfo.java:shutdownFollowerState(110)) - 01c63b18-c7c8-42e3-9de4-2761bbcfbea5: shutdown 01c63b18-c7c8-42e3-9de4-2761bbcfbea5@group-41C06D6B7902-FollowerState
2022-11-14 01:04:35,735 [01c63b18-c7c8-42e3-9de4-2761bbcfbea5@group-41C06D6B7902-FollowerState] INFO  server.RaftServer$Division (RaftServerImpl.java:setRole(321)) - 01c63b18-c7c8-42e3-9de4-2761bbcfbea5@group-41C06D6B7902: changes role from  FOLLOWER to CANDIDATE at term 0 for changeToCandidate
2022-11-14 01:04:35,736 [01c63b18-c7c8-42e3-9de4-2761bbcfbea5@group-41C06D6B7902-FollowerState] INFO  server.RaftServerConfigKeys (ConfUtils.java:logGet(46)) - raft.server.leaderelection.pre-vote = false (custom)
2022-11-14 01:04:35,736 [01c63b18-c7c8-42e3-9de4-2761bbcfbea5@group-41C06D6B7902-FollowerState] INFO  impl.RoleInfo (RoleInfo.java:updateAndGet(139)) - 01c63b18-c7c8-42e3-9de4-2761bbcfbea5: start 01c63b18-c7c8-42e3-9de4-2761bbcfbea5@group-41C06D6B7902-LeaderElection8
2022-11-14 01:04:35,739 [01c63b18-c7c8-42e3-9de4-2761bbcfbea5@group-41C06D6B7902-LeaderElection8] INFO  impl.LeaderElection (LeaderElection.java:askForVotes(312)) - 01c63b18-c7c8-42e3-9de4-2761bbcfbea5@group-41C06D6B7902-LeaderElection8 ELECTION round 0: submit vote requests at term 1 for -1: peers:[01c63b18-c7c8-42e3-9de4-2761bbcfbea5|rpc:10.1.0.33:33639|priority:1|startupRole:FOLLOWER]|listeners:[], old=null
2022-11-14 01:04:35,739 [01c63b18-c7c8-42e3-9de4-2761bbcfbea5@group-41C06D6B7902-LeaderElection8] INFO  impl.LeaderElection (LeaderElection.java:askForVotes(314)) - 01c63b18-c7c8-42e3-9de4-2761bbcfbea5@group-41C06D6B7902-LeaderElection8 ELECTION round 0: result PASSED (term=1)
2022-11-14 01:04:35,739 [01c63b18-c7c8-42e3-9de4-2761bbcfbea5@group-41C06D6B7902-LeaderElection8] INFO  impl.RoleInfo (RoleInfo.java:shutdownLeaderElection(130)) - 01c63b18-c7c8-42e3-9de4-2761bbcfbea5: shutdown 01c63b18-c7c8-42e3-9de4-2761bbcfbea5@group-41C06D6B7902-LeaderElection8
2022-11-14 01:04:35,740 [01c63b18-c7c8-42e3-9de4-2761bbcfbea5@group-41C06D6B7902-LeaderElection8] INFO  server.RaftServer$Division (RaftServerImpl.java:setRole(321)) - 01c63b18-c7c8-42e3-9de4-2761bbcfbea5@group-41C06D6B7902: changes role from CANDIDATE to LEADER at term 1 for changeToLeader
2022-11-14 01:04:35,740 [01c63b18-c7c8-42e3-9de4-2761bbcfbea5@group-41C06D6B7902-LeaderElection8] INFO  ratis.XceiverServerRatis (XceiverServerRatis.java:handleLeaderChangedNotification(863)) - Leader change notification received for group: group-41C06D6B7902 with new leaderId: 01c63b18-c7c8-42e3-9de4-2761bbcfbea5
2022-11-14 01:04:35,740 [01c63b18-c7c8-42e3-9de4-2761bbcfbea5@group-41C06D6B7902-LeaderElection8] INFO  server.RaftServer$Division (ServerState.java:setLeader(313)) - 01c63b18-c7c8-42e3-9de4-2761bbcfbea5@group-41C06D6B7902: change Leader from null to 01c63b18-c7c8-42e3-9de4-2761bbcfbea5 at term 1 for becomeLeader, leader elected after 5167ms
2022-11-14 01:04:35,740 [01c63b18-c7c8-42e3-9de4-2761bbcfbea5@group-41C06D6B7902-LeaderElection8] INFO  server.RaftServerConfigKeys (ConfUtils.java:logGet(46)) - raft.server.staging.catchup.gap = 1000 (default)
2022-11-14 01:04:35,740 [01c63b18-c7c8-42e3-9de4-2761bbcfbea5@group-41C06D6B7902-LeaderElection8] INFO  server.RaftServerConfigKeys (ConfUtils.java:logGet(46)) - raft.server.write.element-limit = 1024 (custom)
2022-11-14 01:04:35,740 [01c63b18-c7c8-42e3-9de4-2761bbcfbea5@group-41C06D6B7902-LeaderElection8] INFO  server.RaftServerConfigKeys (ConfUtils.java:logGet(46)) - raft.server.write.byte-limit = 1024 M (=1073741824) (custom)
2022-11-14 01:04:35,740 [01c63b18-c7c8-42e3-9de4-2761bbcfbea5@group-41C06D6B7902-LeaderElection8] INFO  server.RaftServerConfigKeys (ConfUtils.java:logGet(46)) - raft.server.watch.timeout = 180s (custom)
2022-11-14 01:04:35,741 [01c63b18-c7c8-42e3-9de4-2761bbcfbea5@group-41C06D6B7902-LeaderElection8] INFO  server.RaftServerConfigKeys (ConfUtils.java:logGet(46)) - raft.server.watch.timeout.denomination = 1s (default)
2022-11-14 01:04:35,741 [01c63b18-c7c8-42e3-9de4-2761bbcfbea5@group-41C06D6B7902-LeaderElection8] INFO  server.RaftServerConfigKeys (ConfUtils.java:logGet(46)) - raft.server.watch.element-limit = 65536 (default)
2022-11-14 01:04:35,741 [01c63b18-c7c8-42e3-9de4-2761bbcfbea5@group-41C06D6B7902-LeaderElection8] INFO  server.RaftServerConfigKeys (ConfUtils.java:logGet(46)) - raft.server.write.element-limit = 1024 (custom)
2022-11-14 01:04:35,741 [01c63b18-c7c8-42e3-9de4-2761bbcfbea5@group-41C06D6B7902-LeaderElection8] INFO  server.RaftServerConfigKeys (ConfUtils.java:logGet(46)) - raft.server.write.follower.gap.ratio.max = -1.0 (default)
2022-11-14 01:04:35,741 [01c63b18-c7c8-42e3-9de4-2761bbcfbea5@group-41C06D6B7902-LeaderElection8] INFO  impl.RoleInfo (RoleInfo.java:updateAndGet(139)) - 01c63b18-c7c8-42e3-9de4-2761bbcfbea5: start 01c63b18-c7c8-42e3-9de4-2761bbcfbea5@group-41C06D6B7902-LeaderStateImpl
2022-11-14 01:04:35,741 [01c63b18-c7c8-42e3-9de4-2761bbcfbea5@group-41C06D6B7902-LeaderElection8] INFO  segmented.SegmentedRaftLogWorker (SegmentedRaftLogWorker.java:startLogSegment(452)) - 01c63b18-c7c8-42e3-9de4-2761bbcfbea5@group-41C06D6B7902-SegmentedRaftLogWorker: Starting segment from index:0
2022-11-14 01:04:35,741 [EventQueue-OpenPipelineForHealthyPipelineSafeModeRule] INFO  safemode.SCMSafeModeManager (HealthyPipelineSafeModeRule.java:process(137)) - SCM in safe mode. Healthy pipelines reported count is 0, required healthy pipeline reported count is 1
2022-11-14 01:04:35,742 [01c63b18-c7c8-42e3-9de4-2761bbcfbea5@group-41C06D6B7902-SegmentedRaftLogWorker] INFO  segmented.SegmentedRaftLogWorker (SegmentedRaftLogWorker.java:execute(656)) - 01c63b18-c7c8-42e3-9de4-2761bbcfbea5@group-41C06D6B7902-SegmentedRaftLogWorker: created new log segment /home/runner/work/ozone/ozone/hadoop-ozone/integration-test/target/test-dir/MiniOzoneClusterImpl-733ab8e8-73b4-47ae-b22b-a548a4863177/datanode-3/data/ratis/2b33d47f-9a7a-457d-a89d-41c06d6b7902/current/log_inprogress_0
2022-11-14 01:04:35,745 [01c63b18-c7c8-42e3-9de4-2761bbcfbea5@group-41C06D6B7902-LeaderElection8] INFO  server.RaftServer$Division (ServerState.java:setRaftConf(430)) - 01c63b18-c7c8-42e3-9de4-2761bbcfbea5@group-41C06D6B7902: set configuration 0: peers:[01c63b18-c7c8-42e3-9de4-2761bbcfbea5|rpc:10.1.0.33:33639|dataStream:|priority:1|startupRole:FOLLOWER]|listeners:[], old=null
2022-11-14 01:04:35,770 [c2596226-15ac-44d2-9de4-d3f1d5072550@group-9D779DEE9177-FollowerState] INFO  impl.FollowerState (FollowerState.java:run(143)) - c2596226-15ac-44d2-9de4-d3f1d5072550@group-9D779DEE9177-FollowerState: change to CANDIDATE, lastRpcElapsedTime:5107923576ns, electionTimeout:5097ms
2022-11-14 01:04:35,770 [c2596226-15ac-44d2-9de4-d3f1d5072550@group-9D779DEE9177-FollowerState] INFO  impl.RoleInfo (RoleInfo.java:shutdownFollowerState(110)) - c2596226-15ac-44d2-9de4-d3f1d5072550: shutdown c2596226-15ac-44d2-9de4-d3f1d5072550@group-9D779DEE9177-FollowerState
2022-11-14 01:04:35,770 [c2596226-15ac-44d2-9de4-d3f1d5072550@group-9D779DEE9177-FollowerState] INFO  server.RaftServer$Division (RaftServerImpl.java:setRole(321)) - c2596226-15ac-44d2-9de4-d3f1d5072550@group-9D779DEE9177: changes role from  FOLLOWER to CANDIDATE at term 0 for changeToCandidate
2022-11-14 01:04:35,771 [c2596226-15ac-44d2-9de4-d3f1d5072550@group-9D779DEE9177-FollowerState] INFO  server.RaftServerConfigKeys (ConfUtils.java:logGet(46)) - raft.server.leaderelection.pre-vote = false (custom)
2022-11-14 01:04:35,771 [c2596226-15ac-44d2-9de4-d3f1d5072550@group-9D779DEE9177-FollowerState] INFO  impl.RoleInfo (RoleInfo.java:updateAndGet(139)) - c2596226-15ac-44d2-9de4-d3f1d5072550: start c2596226-15ac-44d2-9de4-d3f1d5072550@group-9D779DEE9177-LeaderElection9
2022-11-14 01:04:35,773 [c2596226-15ac-44d2-9de4-d3f1d5072550@group-9D779DEE9177-LeaderElection9] INFO  impl.LeaderElection (LeaderElection.java:askForVotes(312)) - c2596226-15ac-44d2-9de4-d3f1d5072550@group-9D779DEE9177-LeaderElection9 ELECTION round 0: submit vote requests at term 1 for -1: peers:[c06e290d-eac5-4346-afba-5a90a2b31fb3|rpc:10.1.0.33:37459|dataStream:|priority:0|startupRole:FOLLOWER, c2596226-15ac-44d2-9de4-d3f1d5072550|rpc:10.1.0.33:46627|dataStream:|priority:1|startupRole:FOLLOWER, 01c63b18-c7c8-42e3-9de4-2761bbcfbea5|rpc:10.1.0.33:33639|dataStream:|priority:0|startupRole:FOLLOWER]|listeners:[], old=null
2022-11-14 01:04:35,773 [c2596226-15ac-44d2-9de4-d3f1d5072550@group-9D779DEE9177-LeaderElection9] INFO  server.RaftServerConfigKeys (ConfUtils.java:logFallback(53)) - raft.server.rpc.first-election.timeout.min = 5s (fallback to raft.server.rpc.timeout.min)
2022-11-14 01:04:35,773 [c2596226-15ac-44d2-9de4-d3f1d5072550@group-9D779DEE9177-LeaderElection9-1] INFO  server.GrpcServerProtocolClient (GrpcServerProtocolClient.java:<init>(63)) - Build channel for c06e290d-eac5-4346-afba-5a90a2b31fb3
2022-11-14 01:04:35,774 [c2596226-15ac-44d2-9de4-d3f1d5072550@group-9D779DEE9177-LeaderElection9] INFO  server.RaftServerConfigKeys (ConfUtils.java:logFallback(53)) - raft.server.rpc.first-election.timeout.max = 5200ms (fallback to raft.server.rpc.timeout.max)
2022-11-14 01:04:35,774 [c2596226-15ac-44d2-9de4-d3f1d5072550@group-9D779DEE9177-LeaderElection9-2] INFO  server.GrpcServerProtocolClient (GrpcServerProtocolClient.java:<init>(63)) - Build channel for 01c63b18-c7c8-42e3-9de4-2761bbcfbea5
2022-11-14 01:04:35,790 [grpc-default-executor-0] INFO  server.RaftServer$Division (RaftServerImpl.java:requestVote(1218)) - c06e290d-eac5-4346-afba-5a90a2b31fb3@group-9D779DEE9177: receive requestVote(ELECTION, c2596226-15ac-44d2-9de4-d3f1d5072550, group-9D779DEE9177, 1, (t:0, i:0))
2022-11-14 01:04:35,790 [grpc-default-executor-0] INFO  impl.VoteContext (VoteContext.java:log(48)) - c06e290d-eac5-4346-afba-5a90a2b31fb3@group-9D779DEE9177-FOLLOWER: accept ELECTION from c2596226-15ac-44d2-9de4-d3f1d5072550: our priority 0 <= candidate's priority 1
2022-11-14 01:04:35,790 [grpc-default-executor-0] INFO  server.RaftServer$Division (RaftServerImpl.java:setRole(321)) - c06e290d-eac5-4346-afba-5a90a2b31fb3@group-9D779DEE9177: changes role from  FOLLOWER to FOLLOWER at term 1 for candidate:c2596226-15ac-44d2-9de4-d3f1d5072550
2022-11-14 01:04:35,790 [grpc-default-executor-0] INFO  impl.RoleInfo (RoleInfo.java:shutdownFollowerState(110)) - c06e290d-eac5-4346-afba-5a90a2b31fb3: shutdown c06e290d-eac5-4346-afba-5a90a2b31fb3@group-9D779DEE9177-FollowerState
2022-11-14 01:04:35,790 [c06e290d-eac5-4346-afba-5a90a2b31fb3@group-9D779DEE9177-FollowerState] INFO  impl.FollowerState (FollowerState.java:run(152)) - c06e290d-eac5-4346-afba-5a90a2b31fb3@group-9D779DEE9177-FollowerState was interrupted
2022-11-14 01:04:35,791 [grpc-default-executor-0] INFO  impl.RoleInfo (RoleInfo.java:updateAndGet(139)) - c06e290d-eac5-4346-afba-5a90a2b31fb3: start c06e290d-eac5-4346-afba-5a90a2b31fb3@group-9D779DEE9177-FollowerState
2022-11-14 01:04:35,792 [grpc-default-executor-1] INFO  server.RaftServer$Division (RaftServerImpl.java:requestVote(1218)) - 01c63b18-c7c8-42e3-9de4-2761bbcfbea5@group-9D779DEE9177: receive requestVote(ELECTION, c2596226-15ac-44d2-9de4-d3f1d5072550, group-9D779DEE9177, 1, (t:0, i:0))
2022-11-14 01:04:35,792 [grpc-default-executor-1] INFO  impl.VoteContext (VoteContext.java:log(48)) - 01c63b18-c7c8-42e3-9de4-2761bbcfbea5@group-9D779DEE9177-FOLLOWER: accept ELECTION from c2596226-15ac-44d2-9de4-d3f1d5072550: our priority 0 <= candidate's priority 1
2022-11-14 01:04:35,792 [grpc-default-executor-1] INFO  server.RaftServer$Division (RaftServerImpl.java:setRole(321)) - 01c63b18-c7c8-42e3-9de4-2761bbcfbea5@group-9D779DEE9177: changes role from  FOLLOWER to FOLLOWER at term 1 for candidate:c2596226-15ac-44d2-9de4-d3f1d5072550
2022-11-14 01:04:35,792 [grpc-default-executor-1] INFO  impl.RoleInfo (RoleInfo.java:shutdownFollowerState(110)) - 01c63b18-c7c8-42e3-9de4-2761bbcfbea5: shutdown 01c63b18-c7c8-42e3-9de4-2761bbcfbea5@group-9D779DEE9177-FollowerState
2022-11-14 01:04:35,793 [grpc-default-executor-1] INFO  impl.RoleInfo (RoleInfo.java:updateAndGet(139)) - 01c63b18-c7c8-42e3-9de4-2761bbcfbea5: start 01c63b18-c7c8-42e3-9de4-2761bbcfbea5@group-9D779DEE9177-FollowerState
2022-11-14 01:04:35,793 [grpc-default-executor-0] INFO  server.RaftServer$Division (RaftServerImpl.java:requestVote(1251)) - c06e290d-eac5-4346-afba-5a90a2b31fb3@group-9D779DEE9177 replies to ELECTION vote request: c2596226-15ac-44d2-9de4-d3f1d5072550<-c06e290d-eac5-4346-afba-5a90a2b31fb3#0:OK-t1. Peer's state: c06e290d-eac5-4346-afba-5a90a2b31fb3@group-9D779DEE9177:t1, leader=null, voted=c2596226-15ac-44d2-9de4-d3f1d5072550, raftlog=Memoized:c06e290d-eac5-4346-afba-5a90a2b31fb3@group-9D779DEE9177-SegmentedRaftLog:OPENED:c-1, conf=-1: peers:[c06e290d-eac5-4346-afba-5a90a2b31fb3|rpc:10.1.0.33:37459|dataStream:|priority:0|startupRole:FOLLOWER, c2596226-15ac-44d2-9de4-d3f1d5072550|rpc:10.1.0.33:46627|dataStream:|priority:1|startupRole:FOLLOWER, 01c63b18-c7c8-42e3-9de4-2761bbcfbea5|rpc:10.1.0.33:33639|dataStream:|priority:0|startupRole:FOLLOWER]|listeners:[], old=null
2022-11-14 01:04:35,793 [01c63b18-c7c8-42e3-9de4-2761bbcfbea5@group-9D779DEE9177-FollowerState] INFO  server.RaftServerConfigKeys (ConfUtils.java:logFallback(53)) - raft.server.rpc.first-election.timeout.min = 5s (fallback to raft.server.rpc.timeout.min)
2022-11-14 01:04:35,794 [01c63b18-c7c8-42e3-9de4-2761bbcfbea5@group-9D779DEE9177-FollowerState] INFO  server.RaftServerConfigKeys (ConfUtils.java:logFallback(53)) - raft.server.rpc.first-election.timeout.max = 5200ms (fallback to raft.server.rpc.timeout.max)
2022-11-14 01:04:35,794 [01c63b18-c7c8-42e3-9de4-2761bbcfbea5@group-9D779DEE9177-FollowerState] INFO  impl.FollowerState (FollowerState.java:run(152)) - 01c63b18-c7c8-42e3-9de4-2761bbcfbea5@group-9D779DEE9177-FollowerState was interrupted
2022-11-14 01:04:35,796 [grpc-default-executor-1] INFO  server.RaftServer$Division (RaftServerImpl.java:requestVote(1251)) - 01c63b18-c7c8-42e3-9de4-2761bbcfbea5@group-9D779DEE9177 replies to ELECTION vote request: c2596226-15ac-44d2-9de4-d3f1d5072550<-01c63b18-c7c8-42e3-9de4-2761bbcfbea5#0:OK-t1. Peer's state: 01c63b18-c7c8-42e3-9de4-2761bbcfbea5@group-9D779DEE9177:t1, leader=null, voted=c2596226-15ac-44d2-9de4-d3f1d5072550, raftlog=Memoized:01c63b18-c7c8-42e3-9de4-2761bbcfbea5@group-9D779DEE9177-SegmentedRaftLog:OPENED:c-1, conf=-1: peers:[c06e290d-eac5-4346-afba-5a90a2b31fb3|rpc:10.1.0.33:37459|priority:0|startupRole:FOLLOWER, c2596226-15ac-44d2-9de4-d3f1d5072550|rpc:10.1.0.33:46627|priority:1|startupRole:FOLLOWER, 01c63b18-c7c8-42e3-9de4-2761bbcfbea5|rpc:10.1.0.33:33639|priority:0|startupRole:FOLLOWER]|listeners:[], old=null
2022-11-14 01:04:35,796 [c2596226-15ac-44d2-9de4-d3f1d5072550@group-9D779DEE9177-LeaderElection9] INFO  impl.LeaderElection (LeaderElection.java:logAndReturn(90)) - c2596226-15ac-44d2-9de4-d3f1d5072550@group-9D779DEE9177-LeaderElection9: ELECTION PASSED received 1 response(s) and 0 exception(s):
2022-11-14 01:04:35,796 [c2596226-15ac-44d2-9de4-d3f1d5072550@group-9D779DEE9177-LeaderElection9] INFO  impl.LeaderElection (LeaderElection.java:logAndReturn(94)) -   Response 0: c2596226-15ac-44d2-9de4-d3f1d5072550<-c06e290d-eac5-4346-afba-5a90a2b31fb3#0:OK-t1
2022-11-14 01:04:35,796 [c2596226-15ac-44d2-9de4-d3f1d5072550@group-9D779DEE9177-LeaderElection9] INFO  impl.LeaderElection (LeaderElection.java:askForVotes(314)) - c2596226-15ac-44d2-9de4-d3f1d5072550@group-9D779DEE9177-LeaderElection9 ELECTION round 0: result PASSED
2022-11-14 01:04:35,796 [c2596226-15ac-44d2-9de4-d3f1d5072550@group-9D779DEE9177-LeaderElection9] INFO  impl.RoleInfo (RoleInfo.java:shutdownLeaderElection(130)) - c2596226-15ac-44d2-9de4-d3f1d5072550: shutdown c2596226-15ac-44d2-9de4-d3f1d5072550@group-9D779DEE9177-LeaderElection9
2022-11-14 01:04:35,796 [c2596226-15ac-44d2-9de4-d3f1d5072550@group-9D779DEE9177-LeaderElection9] INFO  server.RaftServer$Division (RaftServerImpl.java:setRole(321)) - c2596226-15ac-44d2-9de4-d3f1d5072550@group-9D779DEE9177: changes role from CANDIDATE to LEADER at term 1 for changeToLeader
2022-11-14 01:04:35,796 [c2596226-15ac-44d2-9de4-d3f1d5072550@group-9D779DEE9177-LeaderElection9] INFO  ratis.XceiverServerRatis (XceiverServerRatis.java:handleLeaderChangedNotification(863)) - Leader change notification received for group: group-9D779DEE9177 with new leaderId: c2596226-15ac-44d2-9de4-d3f1d5072550
2022-11-14 01:04:35,797 [c2596226-15ac-44d2-9de4-d3f1d5072550@group-9D779DEE9177-LeaderElection9] INFO  server.RaftServer$Division (ServerState.java:setLeader(313)) - c2596226-15ac-44d2-9de4-d3f1d5072550@group-9D779DEE9177: change Leader from null to c2596226-15ac-44d2-9de4-d3f1d5072550 at term 1 for becomeLeader, leader elected after 5146ms
2022-11-14 01:04:35,797 [c2596226-15ac-44d2-9de4-d3f1d5072550@group-9D779DEE9177-LeaderElection9] INFO  server.RaftServerConfigKeys (ConfUtils.java:logGet(46)) - raft.server.staging.catchup.gap = 1000 (default)
2022-11-14 01:04:35,801 [c06e290d-eac5-4346-afba-5a90a2b31fb3@group-9D779DEE9177-FollowerState] INFO  server.RaftServerConfigKeys (ConfUtils.java:logFallback(53)) - raft.server.rpc.first-election.timeout.min = 5s (fallback to raft.server.rpc.timeout.min)
2022-11-14 01:04:35,803 [EventQueue-OpenPipelineForHealthyPipelineSafeModeRule] INFO  safemode.SCMSafeModeManager (HealthyPipelineSafeModeRule.java:process(137)) - SCM in safe mode. Healthy pipelines reported count is 0, required healthy pipeline reported count is 1
2022-11-14 01:04:35,803 [EventQueue-PipelineReportForPipelineReportHandler] INFO  pipeline.PipelineManagerImpl (PipelineManagerImpl.java:openPipeline(367)) - Pipeline Pipeline[ Id: 83918ab4-f4e2-4629-b07a-9d779dee9177, Nodes: 01c63b18-c7c8-42e3-9de4-2761bbcfbea5{ip: 10.1.0.33, host: fv-az334-552.zg0gw54pbdoexfhqlmz30d51na.gx.internal.cloudapp.net, ports: [REPLICATION=40061, RATIS=33639, RATIS_ADMIN=33639, RATIS_SERVER=33639, STANDALONE=44053], networkLocation: /default-rack, certSerialId: null, persistedOpState: IN_SERVICE, persistedOpStateExpiryEpochSec: 0}c2596226-15ac-44d2-9de4-d3f1d5072550{ip: 10.1.0.33, host: fv-az334-552.zg0gw54pbdoexfhqlmz30d51na.gx.internal.cloudapp.net, ports: [REPLICATION=42689, RATIS=46627, RATIS_ADMIN=46627, RATIS_SERVER=46627, STANDALONE=38145], networkLocation: /default-rack, certSerialId: null, persistedOpState: IN_SERVICE, persistedOpStateExpiryEpochSec: 0}c06e290d-eac5-4346-afba-5a90a2b31fb3{ip: 10.1.0.33, host: fv-az334-552.zg0gw54pbdoexfhqlmz30d51na.gx.internal.cloudapp.net, ports: [REPLICATION=33187, RATIS=37459, RATIS_ADMIN=37459, RATIS_SERVER=37459, STANDALONE=44649], networkLocation: /default-rack, certSerialId: null, persistedOpState: IN_SERVICE, persistedOpStateExpiryEpochSec: 0}, ReplicationConfig: RATIS/THREE, State:ALLOCATED, leaderId:c2596226-15ac-44d2-9de4-d3f1d5072550, CreationTimestamp2022-11-14T01:04:28.238Z[Etc/UTC]] moved to OPEN state
2022-11-14 01:04:35,803 [c2596226-15ac-44d2-9de4-d3f1d5072550@group-9D779DEE9177-LeaderElection9] INFO  server.RaftServerConfigKeys (ConfUtils.java:logGet(46)) - raft.server.write.element-limit = 1024 (custom)
2022-11-14 01:04:35,805 [c2596226-15ac-44d2-9de4-d3f1d5072550@group-9D779DEE9177-LeaderElection9] INFO  server.RaftServerConfigKeys (ConfUtils.java:logGet(46)) - raft.server.write.byte-limit = 1024 M (=1073741824) (custom)
2022-11-14 01:04:35,805 [c2596226-15ac-44d2-9de4-d3f1d5072550@group-9D779DEE9177-LeaderElection9] INFO  server.RaftServerConfigKeys (ConfUtils.java:logGet(46)) - raft.server.watch.timeout = 180s (custom)
2022-11-14 01:04:35,805 [c2596226-15ac-44d2-9de4-d3f1d5072550@group-9D779DEE9177-LeaderElection9] INFO  server.RaftServerConfigKeys (ConfUtils.java:logGet(46)) - raft.server.watch.timeout.denomination = 1s (default)
2022-11-14 01:04:35,805 [c2596226-15ac-44d2-9de4-d3f1d5072550@group-9D779DEE9177-LeaderElection9] INFO  server.RaftServerConfigKeys (ConfUtils.java:logGet(46)) - raft.server.watch.element-limit = 65536 (default)
2022-11-14 01:04:35,805 [c2596226-15ac-44d2-9de4-d3f1d5072550@group-9D779DEE9177-LeaderElection9] INFO  server.RaftServerConfigKeys (ConfUtils.java:logGet(46)) - raft.server.write.element-limit = 1024 (custom)
2022-11-14 01:04:35,805 [c2596226-15ac-44d2-9de4-d3f1d5072550@group-9D779DEE9177-LeaderElection9] INFO  server.RaftServerConfigKeys (ConfUtils.java:logGet(46)) - raft.server.write.follower.gap.ratio.max = -1.0 (default)
2022-11-14 01:04:35,805 [EventQueue-OpenPipelineForHealthyPipelineSafeModeRule] INFO  safemode.SCMSafeModeManager (HealthyPipelineSafeModeRule.java:process(137)) - SCM in safe mode. Healthy pipelines reported count is 1, required healthy pipeline reported count is 1
2022-11-14 01:04:35,807 [EventQueue-OpenPipelineForHealthyPipelineSafeModeRule] INFO  safemode.SCMSafeModeManager (SCMSafeModeManager.java:validateSafeModeExitRules(204)) - HealthyPipelineSafeModeRule rule is successfully validated
2022-11-14 01:04:35,807 [EventQueue-OpenPipelineForHealthyPipelineSafeModeRule] INFO  safemode.SCMSafeModeManager (SCMSafeModeManager.java:validateSafeModeExitRules(219)) - ScmSafeModeManager, all rules are successfully validated
2022-11-14 01:04:35,804 [c06e290d-eac5-4346-afba-5a90a2b31fb3@group-9D779DEE9177-FollowerState] INFO  server.RaftServerConfigKeys (ConfUtils.java:logFallback(53)) - raft.server.rpc.first-election.timeout.max = 5200ms (fallback to raft.server.rpc.timeout.max)
2022-11-14 01:04:35,807 [EventQueue-OpenPipelineForHealthyPipelineSafeModeRule] INFO  safemode.SCMSafeModeManager (SCMSafeModeManager.java:exitSafeMode(248)) - SCM exiting safe mode.
2022-11-14 01:04:35,808 [EventQueue-OpenPipelineForHealthyPipelineSafeModeRule] WARN  events.EventQueue (EventQueue.java:fireEvent(216)) - No event handler registered for event TypedEvent{payloadType=SafeModeStatus, name='Safe mode status'}
2022-11-14 01:04:35,808 [EventQueue-OpenPipelineForHealthyPipelineSafeModeRule] INFO  ha.SCMContext (SCMContext.java:updateSafeModeStatus(228)) - Update SafeModeStatus from SafeModeStatus{safeModeStatus=true, preCheckPassed=true} to SafeModeStatus{safeModeStatus=false, preCheckPassed=true}.
2022-11-14 01:04:35,808 [EventQueue-OpenPipelineForHealthyPipelineSafeModeRule] INFO  pipeline.BackgroundPipelineCreator (BackgroundPipelineCreator.java:notifyStatusChanged(254)) - Service BackgroundPipelineCreator transitions to RUNNING.
2022-11-14 01:04:35,808 [EventQueue-OpenPipelineForHealthyPipelineSafeModeRule] INFO  BackgroundPipelineScrubber (BackgroundSCMService.java:notifyStatusChanged(82)) - Service BackgroundPipelineScrubber transitions to RUNNING.
2022-11-14 01:04:35,808 [EventQueue-OpenPipelineForHealthyPipelineSafeModeRule] INFO  ExpiredContainerReplicaOpScrubber (BackgroundSCMService.java:notifyStatusChanged(82)) - Service ExpiredContainerReplicaOpScrubber transitions to RUNNING.
2022-11-14 01:04:35,808 [EventQueue-OpenPipelineForHealthyPipelineSafeModeRule] INFO  replication.ReplicationManager (ReplicationManager.java:notifyStatusChanged(814)) - Service ReplicationManager transitions to RUNNING.
2022-11-14 01:04:35,811 [EventQueue-OpenPipelineForHealthyPipelineSafeModeRule] WARN  balancer.ContainerBalancer (ContainerBalancer.java:shouldRun(131)) - Could not find persisted configuration for ContainerBalancer when checking if ContainerBalancer should run. ContainerBalancer should not run now.
2022-11-14 01:04:35,819 [c2596226-15ac-44d2-9de4-d3f1d5072550@group-9D779DEE9177-LeaderElection9] INFO  server.RaftServerConfigKeys (ConfUtils.java:logGet(46)) - raft.server.log.appender.snapshot.chunk.size.max = 16MB (=16777216) (default)
2022-11-14 01:04:35,820 [c2596226-15ac-44d2-9de4-d3f1d5072550@group-9D779DEE9177-LeaderElection9] INFO  server.RaftServerConfigKeys (ConfUtils.java:logGet(46)) - raft.server.log.appender.buffer.byte-limit = 33554432 (custom)
2022-11-14 01:04:35,820 [c2596226-15ac-44d2-9de4-d3f1d5072550@group-9D779DEE9177-LeaderElection9] INFO  server.RaftServerConfigKeys (ConfUtils.java:logGet(46)) - raft.server.log.appender.buffer.element-limit = 1 (custom)
2022-11-14 01:04:35,824 [c2596226-15ac-44d2-9de4-d3f1d5072550@group-9D779DEE9177-LeaderElection9] INFO  grpc.GrpcConfigKeys (ConfUtils.java:logGet(46)) - raft.grpc.server.leader.outstanding.appends.max = 128 (default)
2022-11-14 01:04:35,824 [c2596226-15ac-44d2-9de4-d3f1d5072550@group-9D779DEE9177-LeaderElection9] INFO  server.RaftServerConfigKeys (ConfUtils.java:logGet(46)) - raft.server.rpc.request.timeout = 60s (custom)
2022-11-14 01:04:35,824 [c2596226-15ac-44d2-9de4-d3f1d5072550@group-9D779DEE9177-LeaderElection9] INFO  server.RaftServerConfigKeys (ConfUtils.java:logGet(46)) - raft.server.log.appender.install.snapshot.enabled = false (custom)
2022-11-14 01:04:35,824 [c2596226-15ac-44d2-9de4-d3f1d5072550@group-9D779DEE9177-LeaderElection9] INFO  grpc.GrpcConfigKeys (ConfUtils.java:logGet(46)) - raft.grpc.server.heartbeat.channel = true (default)
2022-11-14 01:04:35,824 [c2596226-15ac-44d2-9de4-d3f1d5072550@group-9D779DEE9177-LeaderElection9] INFO  server.RaftServerConfigKeys (ConfUtils.java:logGet(46)) - raft.server.log.appender.wait-time.min = 10ms (default)
2022-11-14 01:04:35,826 [c2596226-15ac-44d2-9de4-d3f1d5072550@group-9D779DEE9177-LeaderElection9] INFO  server.RaftServerConfigKeys (ConfUtils.java:logGet(46)) - raft.server.log.appender.snapshot.chunk.size.max = 16MB (=16777216) (default)
2022-11-14 01:04:35,826 [c2596226-15ac-44d2-9de4-d3f1d5072550@group-9D779DEE9177-LeaderElection9] INFO  server.RaftServerConfigKeys (ConfUtils.java:logGet(46)) - raft.server.log.appender.buffer.byte-limit = 33554432 (custom)
2022-11-14 01:04:35,826 [c2596226-15ac-44d2-9de4-d3f1d5072550@group-9D779DEE9177-LeaderElection9] INFO  server.RaftServerConfigKeys (ConfUtils.java:logGet(46)) - raft.server.log.appender.buffer.element-limit = 1 (custom)
2022-11-14 01:04:35,826 [c2596226-15ac-44d2-9de4-d3f1d5072550@group-9D779DEE9177-LeaderElection9] INFO  grpc.GrpcConfigKeys (ConfUtils.java:logGet(46)) - raft.grpc.server.leader.outstanding.appends.max = 128 (default)
2022-11-14 01:04:35,826 [c2596226-15ac-44d2-9de4-d3f1d5072550@group-9D779DEE9177-LeaderElection9] INFO  server.RaftServerConfigKeys (ConfUtils.java:logGet(46)) - raft.server.rpc.request.timeout = 60s (custom)
2022-11-14 01:04:35,826 [c2596226-15ac-44d2-9de4-d3f1d5072550@group-9D779DEE9177-LeaderElection9] INFO  server.RaftServerConfigKeys (ConfUtils.java:logGet(46)) - raft.server.log.appender.install.snapshot.enabled = false (custom)
2022-11-14 01:04:35,826 [c2596226-15ac-44d2-9de4-d3f1d5072550@group-9D779DEE9177-LeaderElection9] INFO  grpc.GrpcConfigKeys (ConfUtils.java:logGet(46)) - raft.grpc.server.heartbeat.channel = true (default)
2022-11-14 01:04:35,826 [c2596226-15ac-44d2-9de4-d3f1d5072550@group-9D779DEE9177-LeaderElection9] INFO  server.RaftServerConfigKeys (ConfUtils.java:logGet(46)) - raft.server.log.appender.wait-time.min = 10ms (default)
2022-11-14 01:04:35,827 [c2596226-15ac-44d2-9de4-d3f1d5072550@group-9D779DEE9177-LeaderElection9] INFO  impl.RoleInfo (RoleInfo.java:updateAndGet(139)) - c2596226-15ac-44d2-9de4-d3f1d5072550: start c2596226-15ac-44d2-9de4-d3f1d5072550@group-9D779DEE9177-LeaderStateImpl
2022-11-14 01:04:35,827 [c2596226-15ac-44d2-9de4-d3f1d5072550@group-9D779DEE9177-LeaderElection9] INFO  segmented.SegmentedRaftLogWorker (SegmentedRaftLogWorker.java:startLogSegment(452)) - c2596226-15ac-44d2-9de4-d3f1d5072550@group-9D779DEE9177-SegmentedRaftLogWorker: Starting segment from index:0
2022-11-14 01:04:35,829 [c2596226-15ac-44d2-9de4-d3f1d5072550@group-9D779DEE9177-SegmentedRaftLogWorker] INFO  segmented.SegmentedRaftLogWorker (SegmentedRaftLogWorker.java:execute(656)) - c2596226-15ac-44d2-9de4-d3f1d5072550@group-9D779DEE9177-SegmentedRaftLogWorker: created new log segment /home/runner/work/ozone/ozone/hadoop-ozone/integration-test/target/test-dir/MiniOzoneClusterImpl-733ab8e8-73b4-47ae-b22b-a548a4863177/datanode-4/data/ratis/83918ab4-f4e2-4629-b07a-9d779dee9177/current/log_inprogress_0
2022-11-14 01:04:35,840 [c2596226-15ac-44d2-9de4-d3f1d5072550@group-9D779DEE9177-LeaderElection9] INFO  server.RaftServer$Division (ServerState.java:setRaftConf(430)) - c2596226-15ac-44d2-9de4-d3f1d5072550@group-9D779DEE9177: set configuration 0: peers:[c06e290d-eac5-4346-afba-5a90a2b31fb3|rpc:10.1.0.33:37459|dataStream:|priority:0|startupRole:FOLLOWER, c2596226-15ac-44d2-9de4-d3f1d5072550|rpc:10.1.0.33:46627|dataStream:|priority:1|startupRole:FOLLOWER, 01c63b18-c7c8-42e3-9de4-2761bbcfbea5|rpc:10.1.0.33:33639|dataStream:|priority:0|startupRole:FOLLOWER]|listeners:[], old=null
2022-11-14 01:04:35,879 [01c63b18-c7c8-42e3-9de4-2761bbcfbea5-server-thread1] INFO  ratis.XceiverServerRatis (XceiverServerRatis.java:handleLeaderChangedNotification(863)) - Leader change notification received for group: group-9D779DEE9177 with new leaderId: c2596226-15ac-44d2-9de4-d3f1d5072550
2022-11-14 01:04:35,880 [01c63b18-c7c8-42e3-9de4-2761bbcfbea5-server-thread1] INFO  server.RaftServer$Division (ServerState.java:setLeader(313)) - 01c63b18-c7c8-42e3-9de4-2761bbcfbea5@group-9D779DEE9177: change Leader from null to c2596226-15ac-44d2-9de4-d3f1d5072550 at term 1 for appendEntries, leader elected after 5274ms
2022-11-14 01:04:35,881 [c06e290d-eac5-4346-afba-5a90a2b31fb3-server-thread2] INFO  ratis.XceiverServerRatis (XceiverServerRatis.java:handleLeaderChangedNotification(863)) - Leader change notification received for group: group-9D779DEE9177 with new leaderId: c2596226-15ac-44d2-9de4-d3f1d5072550
2022-11-14 01:04:35,881 [c06e290d-eac5-4346-afba-5a90a2b31fb3-server-thread2] INFO  server.RaftServer$Division (ServerState.java:setLeader(313)) - c06e290d-eac5-4346-afba-5a90a2b31fb3@group-9D779DEE9177: change Leader from null to c2596226-15ac-44d2-9de4-d3f1d5072550 at term 1 for appendEntries, leader elected after 5185ms
2022-11-14 01:04:35,882 [01c63b18-c7c8-42e3-9de4-2761bbcfbea5-server-thread1] INFO  server.RaftServer$Division (ServerState.java:setRaftConf(430)) - 01c63b18-c7c8-42e3-9de4-2761bbcfbea5@group-9D779DEE9177: set configuration 0: peers:[c06e290d-eac5-4346-afba-5a90a2b31fb3|rpc:10.1.0.33:37459|dataStream:|priority:0|startupRole:FOLLOWER, c2596226-15ac-44d2-9de4-d3f1d5072550|rpc:10.1.0.33:46627|dataStream:|priority:1|startupRole:FOLLOWER, 01c63b18-c7c8-42e3-9de4-2761bbcfbea5|rpc:10.1.0.33:33639|dataStream:|priority:0|startupRole:FOLLOWER]|listeners:[], old=null
2022-11-14 01:04:35,883 [c06e290d-eac5-4346-afba-5a90a2b31fb3-server-thread2] INFO  server.RaftServer$Division (ServerState.java:setRaftConf(430)) - c06e290d-eac5-4346-afba-5a90a2b31fb3@group-9D779DEE9177: set configuration 0: peers:[c06e290d-eac5-4346-afba-5a90a2b31fb3|rpc:10.1.0.33:37459|dataStream:|priority:0|startupRole:FOLLOWER, c2596226-15ac-44d2-9de4-d3f1d5072550|rpc:10.1.0.33:46627|dataStream:|priority:1|startupRole:FOLLOWER, 01c63b18-c7c8-42e3-9de4-2761bbcfbea5|rpc:10.1.0.33:33639|dataStream:|priority:0|startupRole:FOLLOWER]|listeners:[], old=null
2022-11-14 01:04:35,883 [01c63b18-c7c8-42e3-9de4-2761bbcfbea5-server-thread1] INFO  segmented.SegmentedRaftLogWorker (SegmentedRaftLogWorker.java:startLogSegment(452)) - 01c63b18-c7c8-42e3-9de4-2761bbcfbea5@group-9D779DEE9177-SegmentedRaftLogWorker: Starting segment from index:0
2022-11-14 01:04:35,883 [c06e290d-eac5-4346-afba-5a90a2b31fb3-server-thread2] INFO  segmented.SegmentedRaftLogWorker (SegmentedRaftLogWorker.java:startLogSegment(452)) - c06e290d-eac5-4346-afba-5a90a2b31fb3@group-9D779DEE9177-SegmentedRaftLogWorker: Starting segment from index:0
2022-11-14 01:04:35,885 [01c63b18-c7c8-42e3-9de4-2761bbcfbea5@group-9D779DEE9177-SegmentedRaftLogWorker] INFO  segmented.SegmentedRaftLogWorker (SegmentedRaftLogWorker.java:execute(656)) - 01c63b18-c7c8-42e3-9de4-2761bbcfbea5@group-9D779DEE9177-SegmentedRaftLogWorker: created new log segment /home/runner/work/ozone/ozone/hadoop-ozone/integration-test/target/test-dir/MiniOzoneClusterImpl-733ab8e8-73b4-47ae-b22b-a548a4863177/datanode-3/data/ratis/83918ab4-f4e2-4629-b07a-9d779dee9177/current/log_inprogress_0
2022-11-14 01:04:35,895 [c06e290d-eac5-4346-afba-5a90a2b31fb3@group-9D779DEE9177-SegmentedRaftLogWorker] INFO  segmented.SegmentedRaftLogWorker (SegmentedRaftLogWorker.java:execute(656)) - c06e290d-eac5-4346-afba-5a90a2b31fb3@group-9D779DEE9177-SegmentedRaftLogWorker: created new log segment /home/runner/work/ozone/ozone/hadoop-ozone/integration-test/target/test-dir/MiniOzoneClusterImpl-733ab8e8-73b4-47ae-b22b-a548a4863177/datanode-5/data/ratis/83918ab4-f4e2-4629-b07a-9d779dee9177/current/log_inprogress_0
2022-11-14 01:04:35,908 [01c63b18-c7c8-42e3-9de4-2761bbcfbea5@group-13F27F54F9DE-FollowerState] INFO  impl.FollowerState (FollowerState.java:run(143)) - 01c63b18-c7c8-42e3-9de4-2761bbcfbea5@group-13F27F54F9DE-FollowerState: change to CANDIDATE, lastRpcElapsedTime:5171783983ns, electionTimeout:5167ms
2022-11-14 01:04:35,908 [01c63b18-c7c8-42e3-9de4-2761bbcfbea5@group-13F27F54F9DE-FollowerState] INFO  impl.RoleInfo (RoleInfo.java:shutdownFollowerState(110)) - 01c63b18-c7c8-42e3-9de4-2761bbcfbea5: shutdown 01c63b18-c7c8-42e3-9de4-2761bbcfbea5@group-13F27F54F9DE-FollowerState
2022-11-14 01:04:35,908 [01c63b18-c7c8-42e3-9de4-2761bbcfbea5@group-13F27F54F9DE-FollowerState] INFO  server.RaftServer$Division (RaftServerImpl.java:setRole(321)) - 01c63b18-c7c8-42e3-9de4-2761bbcfbea5@group-13F27F54F9DE: changes role from  FOLLOWER to CANDIDATE at term 0 for changeToCandidate
2022-11-14 01:04:35,909 [01c63b18-c7c8-42e3-9de4-2761bbcfbea5@group-13F27F54F9DE-FollowerState] INFO  server.RaftServerConfigKeys (ConfUtils.java:logGet(46)) - raft.server.leaderelection.pre-vote = false (custom)
2022-11-14 01:04:35,909 [01c63b18-c7c8-42e3-9de4-2761bbcfbea5@group-13F27F54F9DE-FollowerState] INFO  impl.RoleInfo (RoleInfo.java:updateAndGet(139)) - 01c63b18-c7c8-42e3-9de4-2761bbcfbea5: start 01c63b18-c7c8-42e3-9de4-2761bbcfbea5@group-13F27F54F9DE-LeaderElection10
2022-11-14 01:04:35,913 [01c63b18-c7c8-42e3-9de4-2761bbcfbea5@group-13F27F54F9DE-LeaderElection10] INFO  impl.LeaderElection (LeaderElection.java:askForVotes(312)) - 01c63b18-c7c8-42e3-9de4-2761bbcfbea5@group-13F27F54F9DE-LeaderElection10 ELECTION round 0: submit vote requests at term 1 for -1: peers:[c06e290d-eac5-4346-afba-5a90a2b31fb3|rpc:10.1.0.33:37459|priority:0|startupRole:FOLLOWER, c2596226-15ac-44d2-9de4-d3f1d5072550|rpc:10.1.0.33:46627|priority:0|startupRole:FOLLOWER, 01c63b18-c7c8-42e3-9de4-2761bbcfbea5|rpc:10.1.0.33:33639|priority:1|startupRole:FOLLOWER]|listeners:[], old=null
2022-11-14 01:04:35,914 [01c63b18-c7c8-42e3-9de4-2761bbcfbea5@group-13F27F54F9DE-LeaderElection10] INFO  server.RaftServerConfigKeys (ConfUtils.java:logFallback(53)) - raft.server.rpc.first-election.timeout.min = 5s (fallback to raft.server.rpc.timeout.min)
2022-11-14 01:04:35,914 [01c63b18-c7c8-42e3-9de4-2761bbcfbea5@group-13F27F54F9DE-LeaderElection10] INFO  server.RaftServerConfigKeys (ConfUtils.java:logFallback(53)) - raft.server.rpc.first-election.timeout.max = 5200ms (fallback to raft.server.rpc.timeout.max)
2022-11-14 01:04:35,914 [01c63b18-c7c8-42e3-9de4-2761bbcfbea5@group-13F27F54F9DE-LeaderElection10-1] INFO  server.GrpcServerProtocolClient (GrpcServerProtocolClient.java:<init>(63)) - Build channel for c06e290d-eac5-4346-afba-5a90a2b31fb3
2022-11-14 01:04:35,914 [01c63b18-c7c8-42e3-9de4-2761bbcfbea5@group-13F27F54F9DE-LeaderElection10-2] INFO  server.GrpcServerProtocolClient (GrpcServerProtocolClient.java:<init>(63)) - Build channel for c2596226-15ac-44d2-9de4-d3f1d5072550
2022-11-14 01:04:35,926 [c2596226-15ac-44d2-9de4-d3f1d5072550@group-13F27F54F9DE-FollowerState] INFO  impl.FollowerState (FollowerState.java:run(143)) - c2596226-15ac-44d2-9de4-d3f1d5072550@group-13F27F54F9DE-FollowerState: change to CANDIDATE, lastRpcElapsedTime:5143150163ns, electionTimeout:5142ms
2022-11-14 01:04:35,926 [c2596226-15ac-44d2-9de4-d3f1d5072550@group-13F27F54F9DE-FollowerState] INFO  impl.RoleInfo (RoleInfo.java:shutdownFollowerState(110)) - c2596226-15ac-44d2-9de4-d3f1d5072550: shutdown c2596226-15ac-44d2-9de4-d3f1d5072550@group-13F27F54F9DE-FollowerState
2022-11-14 01:04:35,926 [c2596226-15ac-44d2-9de4-d3f1d5072550@group-13F27F54F9DE-FollowerState] INFO  server.RaftServer$Division (RaftServerImpl.java:setRole(321)) - c2596226-15ac-44d2-9de4-d3f1d5072550@group-13F27F54F9DE: changes role from  FOLLOWER to CANDIDATE at term 0 for changeToCandidate
2022-11-14 01:04:35,928 [c2596226-15ac-44d2-9de4-d3f1d5072550@group-13F27F54F9DE-FollowerState] INFO  server.RaftServerConfigKeys (ConfUtils.java:logGet(46)) - raft.server.leaderelection.pre-vote = false (custom)
2022-11-14 01:04:35,929 [c2596226-15ac-44d2-9de4-d3f1d5072550@group-13F27F54F9DE-FollowerState] INFO  impl.RoleInfo (RoleInfo.java:updateAndGet(139)) - c2596226-15ac-44d2-9de4-d3f1d5072550: start c2596226-15ac-44d2-9de4-d3f1d5072550@group-13F27F54F9DE-LeaderElection11
2022-11-14 01:04:35,930 [c06e290d-eac5-4346-afba-5a90a2b31fb3@group-13F27F54F9DE-FollowerState] INFO  impl.FollowerState (FollowerState.java:run(143)) - c06e290d-eac5-4346-afba-5a90a2b31fb3@group-13F27F54F9DE-FollowerState: change to CANDIDATE, lastRpcElapsedTime:5086924247ns, electionTimeout:5073ms
2022-11-14 01:04:35,930 [c06e290d-eac5-4346-afba-5a90a2b31fb3@group-13F27F54F9DE-FollowerState] INFO  impl.RoleInfo (RoleInfo.java:shutdownFollowerState(110)) - c06e290d-eac5-4346-afba-5a90a2b31fb3: shutdown c06e290d-eac5-4346-afba-5a90a2b31fb3@group-13F27F54F9DE-FollowerState
2022-11-14 01:04:35,930 [c06e290d-eac5-4346-afba-5a90a2b31fb3@group-13F27F54F9DE-FollowerState] INFO  server.RaftServer$Division (RaftServerImpl.java:setRole(321)) - c06e290d-eac5-4346-afba-5a90a2b31fb3@group-13F27F54F9DE: changes role from  FOLLOWER to CANDIDATE at term 0 for changeToCandidate
2022-11-14 01:04:35,932 [c06e290d-eac5-4346-afba-5a90a2b31fb3@group-13F27F54F9DE-FollowerState] INFO  server.RaftServerConfigKeys (ConfUtils.java:logGet(46)) - raft.server.leaderelection.pre-vote = false (custom)
2022-11-14 01:04:35,932 [c06e290d-eac5-4346-afba-5a90a2b31fb3@group-13F27F54F9DE-FollowerState] INFO  impl.RoleInfo (RoleInfo.java:updateAndGet(139)) - c06e290d-eac5-4346-afba-5a90a2b31fb3: start c06e290d-eac5-4346-afba-5a90a2b31fb3@group-13F27F54F9DE-LeaderElection12
2022-11-14 01:04:35,938 [grpc-default-executor-1] INFO  server.RaftServer$Division (RaftServerImpl.java:requestVote(1218)) - c06e290d-eac5-4346-afba-5a90a2b31fb3@group-13F27F54F9DE: receive requestVote(ELECTION, 01c63b18-c7c8-42e3-9de4-2761bbcfbea5, group-13F27F54F9DE, 1, (t:0, i:0))
2022-11-14 01:04:35,938 [grpc-default-executor-1] INFO  impl.VoteContext (VoteContext.java:log(48)) - c06e290d-eac5-4346-afba-5a90a2b31fb3@group-13F27F54F9DE-CANDIDATE: accept ELECTION from 01c63b18-c7c8-42e3-9de4-2761bbcfbea5: our priority 0 <= candidate's priority 1
2022-11-14 01:04:35,938 [grpc-default-executor-1] INFO  server.RaftServer$Division (RaftServerImpl.java:setRole(321)) - c06e290d-eac5-4346-afba-5a90a2b31fb3@group-13F27F54F9DE: changes role from CANDIDATE to FOLLOWER at term 1 for candidate:01c63b18-c7c8-42e3-9de4-2761bbcfbea5
2022-11-14 01:04:35,938 [grpc-default-executor-1] INFO  impl.RoleInfo (RoleInfo.java:shutdownLeaderElection(130)) - c06e290d-eac5-4346-afba-5a90a2b31fb3: shutdown c06e290d-eac5-4346-afba-5a90a2b31fb3@group-13F27F54F9DE-LeaderElection12
2022-11-14 01:04:35,938 [grpc-default-executor-1] INFO  impl.RoleInfo (RoleInfo.java:updateAndGet(139)) - c06e290d-eac5-4346-afba-5a90a2b31fb3: start c06e290d-eac5-4346-afba-5a90a2b31fb3@group-13F27F54F9DE-FollowerState
2022-11-14 01:04:35,939 [c2596226-15ac-44d2-9de4-d3f1d5072550@group-13F27F54F9DE-LeaderElection11] INFO  impl.LeaderElection (LeaderElection.java:askForVotes(312)) - c2596226-15ac-44d2-9de4-d3f1d5072550@group-13F27F54F9DE-LeaderElection11 ELECTION round 0: submit vote requests at term 1 for -1: peers:[c06e290d-eac5-4346-afba-5a90a2b31fb3|rpc:10.1.0.33:37459|dataStream:|priority:0|startupRole:FOLLOWER, c2596226-15ac-44d2-9de4-d3f1d5072550|rpc:10.1.0.33:46627|dataStream:|priority:0|startupRole:FOLLOWER, 01c63b18-c7c8-42e3-9de4-2761bbcfbea5|rpc:10.1.0.33:33639|dataStream:|priority:1|startupRole:FOLLOWER]|listeners:[], old=null
2022-11-14 01:04:35,941 [c06e290d-eac5-4346-afba-5a90a2b31fb3@group-13F27F54F9DE-FollowerState] INFO  server.RaftServerConfigKeys (ConfUtils.java:logFallback(53)) - raft.server.rpc.first-election.timeout.min = 5s (fallback to raft.server.rpc.timeout.min)
2022-11-14 01:04:35,941 [c06e290d-eac5-4346-afba-5a90a2b31fb3@group-13F27F54F9DE-FollowerState] INFO  server.RaftServerConfigKeys (ConfUtils.java:logFallback(53)) - raft.server.rpc.first-election.timeout.max = 5200ms (fallback to raft.server.rpc.timeout.max)
2022-11-14 01:04:35,943 [grpc-default-executor-4] INFO  server.RaftServer$Division (RaftServerImpl.java:requestVote(1218)) - c2596226-15ac-44d2-9de4-d3f1d5072550@group-13F27F54F9DE: receive requestVote(ELECTION, 01c63b18-c7c8-42e3-9de4-2761bbcfbea5, group-13F27F54F9DE, 1, (t:0, i:0))
2022-11-14 01:04:35,943 [grpc-default-executor-4] INFO  impl.VoteContext (VoteContext.java:log(48)) - c2596226-15ac-44d2-9de4-d3f1d5072550@group-13F27F54F9DE-CANDIDATE: reject ELECTION from 01c63b18-c7c8-42e3-9de4-2761bbcfbea5: already has voted for c2596226-15ac-44d2-9de4-d3f1d5072550 at current term 1
2022-11-14 01:04:35,943 [grpc-default-executor-4] INFO  server.RaftServer$Division (RaftServerImpl.java:requestVote(1251)) - c2596226-15ac-44d2-9de4-d3f1d5072550@group-13F27F54F9DE replies to ELECTION vote request: 01c63b18-c7c8-42e3-9de4-2761bbcfbea5<-c2596226-15ac-44d2-9de4-d3f1d5072550#0:FAIL-t1. Peer's state: c2596226-15ac-44d2-9de4-d3f1d5072550@group-13F27F54F9DE:t1, leader=null, voted=c2596226-15ac-44d2-9de4-d3f1d5072550, raftlog=Memoized:c2596226-15ac-44d2-9de4-d3f1d5072550@group-13F27F54F9DE-SegmentedRaftLog:OPENED:c-1, conf=-1: peers:[c06e290d-eac5-4346-afba-5a90a2b31fb3|rpc:10.1.0.33:37459|dataStream:|priority:0|startupRole:FOLLOWER, c2596226-15ac-44d2-9de4-d3f1d5072550|rpc:10.1.0.33:46627|dataStream:|priority:0|startupRole:FOLLOWER, 01c63b18-c7c8-42e3-9de4-2761bbcfbea5|rpc:10.1.0.33:33639|dataStream:|priority:1|startupRole:FOLLOWER]|listeners:[], old=null
2022-11-14 01:04:35,946 [grpc-default-executor-1] INFO  server.RaftServer$Division (RaftServerImpl.java:requestVote(1251)) - c06e290d-eac5-4346-afba-5a90a2b31fb3@group-13F27F54F9DE replies to ELECTION vote request: 01c63b18-c7c8-42e3-9de4-2761bbcfbea5<-c06e290d-eac5-4346-afba-5a90a2b31fb3#0:OK-t1. Peer's state: c06e290d-eac5-4346-afba-5a90a2b31fb3@group-13F27F54F9DE:t1, leader=null, voted=01c63b18-c7c8-42e3-9de4-2761bbcfbea5, raftlog=Memoized:c06e290d-eac5-4346-afba-5a90a2b31fb3@group-13F27F54F9DE-SegmentedRaftLog:OPENED:c-1, conf=-1: peers:[c06e290d-eac5-4346-afba-5a90a2b31fb3|rpc:10.1.0.33:37459|dataStream:|priority:0|startupRole:FOLLOWER, c2596226-15ac-44d2-9de4-d3f1d5072550|rpc:10.1.0.33:46627|dataStream:|priority:0|startupRole:FOLLOWER, 01c63b18-c7c8-42e3-9de4-2761bbcfbea5|rpc:10.1.0.33:33639|dataStream:|priority:1|startupRole:FOLLOWER]|listeners:[], old=null
2022-11-14 01:04:35,947 [c2596226-15ac-44d2-9de4-d3f1d5072550@group-13F27F54F9DE-LeaderElection11] INFO  server.RaftServerConfigKeys (ConfUtils.java:logFallback(53)) - raft.server.rpc.first-election.timeout.min = 5s (fallback to raft.server.rpc.timeout.min)
2022-11-14 01:04:35,948 [c2596226-15ac-44d2-9de4-d3f1d5072550@group-13F27F54F9DE-LeaderElection11] INFO  server.RaftServerConfigKeys (ConfUtils.java:logFallback(53)) - raft.server.rpc.first-election.timeout.max = 5200ms (fallback to raft.server.rpc.timeout.max)
2022-11-14 01:04:35,951 [01c63b18-c7c8-42e3-9de4-2761bbcfbea5@group-13F27F54F9DE-LeaderElection10] INFO  impl.LeaderElection (LeaderElection.java:logAndReturn(90)) - 01c63b18-c7c8-42e3-9de4-2761bbcfbea5@group-13F27F54F9DE-LeaderElection10: ELECTION PASSED received 1 response(s) and 0 exception(s):
2022-11-14 01:04:35,951 [01c63b18-c7c8-42e3-9de4-2761bbcfbea5@group-13F27F54F9DE-LeaderElection10] INFO  impl.LeaderElection (LeaderElection.java:logAndReturn(94)) -   Response 0: 01c63b18-c7c8-42e3-9de4-2761bbcfbea5<-c06e290d-eac5-4346-afba-5a90a2b31fb3#0:OK-t1
2022-11-14 01:04:35,951 [01c63b18-c7c8-42e3-9de4-2761bbcfbea5@group-13F27F54F9DE-LeaderElection10] INFO  impl.LeaderElection (LeaderElection.java:askForVotes(314)) - 01c63b18-c7c8-42e3-9de4-2761bbcfbea5@group-13F27F54F9DE-LeaderElection10 ELECTION round 0: result PASSED
2022-11-14 01:04:35,951 [01c63b18-c7c8-42e3-9de4-2761bbcfbea5@group-13F27F54F9DE-LeaderElection10] INFO  impl.RoleInfo (RoleInfo.java:shutdownLeaderElection(130)) - 01c63b18-c7c8-42e3-9de4-2761bbcfbea5: shutdown 01c63b18-c7c8-42e3-9de4-2761bbcfbea5@group-13F27F54F9DE-LeaderElection10
2022-11-14 01:04:35,951 [01c63b18-c7c8-42e3-9de4-2761bbcfbea5@group-13F27F54F9DE-LeaderElection10] INFO  server.RaftServer$Division (RaftServerImpl.java:setRole(321)) - 01c63b18-c7c8-42e3-9de4-2761bbcfbea5@group-13F27F54F9DE: changes role from CANDIDATE to LEADER at term 1 for changeToLeader
2022-11-14 01:04:35,951 [01c63b18-c7c8-42e3-9de4-2761bbcfbea5@group-13F27F54F9DE-LeaderElection10] INFO  ratis.XceiverServerRatis (XceiverServerRatis.java:handleLeaderChangedNotification(863)) - Leader change notification received for group: group-13F27F54F9DE with new leaderId: 01c63b18-c7c8-42e3-9de4-2761bbcfbea5
2022-11-14 01:04:35,951 [01c63b18-c7c8-42e3-9de4-2761bbcfbea5@group-13F27F54F9DE-LeaderElection10] INFO  server.RaftServer$Division (ServerState.java:setLeader(313)) - 01c63b18-c7c8-42e3-9de4-2761bbcfbea5@group-13F27F54F9DE: change Leader from null to 01c63b18-c7c8-42e3-9de4-2761bbcfbea5 at term 1 for becomeLeader, leader elected after 5227ms
2022-11-14 01:04:35,951 [01c63b18-c7c8-42e3-9de4-2761bbcfbea5@group-13F27F54F9DE-LeaderElection10] INFO  server.RaftServerConfigKeys (ConfUtils.java:logGet(46)) - raft.server.staging.catchup.gap = 1000 (default)
2022-11-14 01:04:35,951 [01c63b18-c7c8-42e3-9de4-2761bbcfbea5@group-13F27F54F9DE-LeaderElection10] INFO  server.RaftServerConfigKeys (ConfUtils.java:logGet(46)) - raft.server.write.element-limit = 1024 (custom)
2022-11-14 01:04:35,951 [01c63b18-c7c8-42e3-9de4-2761bbcfbea5@group-13F27F54F9DE-LeaderElection10] INFO  server.RaftServerConfigKeys (ConfUtils.java:logGet(46)) - raft.server.write.byte-limit = 1024 M (=1073741824) (custom)
2022-11-14 01:04:35,952 [01c63b18-c7c8-42e3-9de4-2761bbcfbea5@group-13F27F54F9DE-LeaderElection10] INFO  server.RaftServerConfigKeys (ConfUtils.java:logGet(46)) - raft.server.watch.timeout = 180s (custom)
2022-11-14 01:04:35,954 [01c63b18-c7c8-42e3-9de4-2761bbcfbea5@group-13F27F54F9DE-LeaderElection10] INFO  server.RaftServerConfigKeys (ConfUtils.java:logGet(46)) - raft.server.watch.timeout.denomination = 1s (default)
2022-11-14 01:04:35,954 [01c63b18-c7c8-42e3-9de4-2761bbcfbea5@group-13F27F54F9DE-LeaderElection10] INFO  server.RaftServerConfigKeys (ConfUtils.java:logGet(46)) - raft.server.watch.element-limit = 65536 (default)
2022-11-14 01:04:35,954 [grpc-default-executor-1] INFO  server.RaftServer$Division (RaftServerImpl.java:requestVote(1218)) - c06e290d-eac5-4346-afba-5a90a2b31fb3@group-13F27F54F9DE: receive requestVote(ELECTION, c2596226-15ac-44d2-9de4-d3f1d5072550, group-13F27F54F9DE, 1, (t:0, i:0))
2022-11-14 01:04:35,954 [01c63b18-c7c8-42e3-9de4-2761bbcfbea5@group-13F27F54F9DE-LeaderElection10] INFO  server.RaftServerConfigKeys (ConfUtils.java:logGet(46)) - raft.server.write.element-limit = 1024 (custom)
2022-11-14 01:04:35,954 [grpc-default-executor-1] INFO  impl.VoteContext (VoteContext.java:log(48)) - c06e290d-eac5-4346-afba-5a90a2b31fb3@group-13F27F54F9DE-FOLLOWER: reject ELECTION from c2596226-15ac-44d2-9de4-d3f1d5072550: already has voted for 01c63b18-c7c8-42e3-9de4-2761bbcfbea5 at current term 1
2022-11-14 01:04:35,954 [01c63b18-c7c8-42e3-9de4-2761bbcfbea5@group-13F27F54F9DE-LeaderElection10] INFO  server.RaftServerConfigKeys (ConfUtils.java:logGet(46)) - raft.server.write.follower.gap.ratio.max = -1.0 (default)
2022-11-14 01:04:35,954 [grpc-default-executor-1] INFO  server.RaftServer$Division (RaftServerImpl.java:requestVote(1251)) - c06e290d-eac5-4346-afba-5a90a2b31fb3@group-13F27F54F9DE replies to ELECTION vote request: c2596226-15ac-44d2-9de4-d3f1d5072550<-c06e290d-eac5-4346-afba-5a90a2b31fb3#0:FAIL-t1. Peer's state: c06e290d-eac5-4346-afba-5a90a2b31fb3@group-13F27F54F9DE:t1, leader=null, voted=01c63b18-c7c8-42e3-9de4-2761bbcfbea5, raftlog=Memoized:c06e290d-eac5-4346-afba-5a90a2b31fb3@group-13F27F54F9DE-SegmentedRaftLog:OPENED:c-1, conf=-1: peers:[c06e290d-eac5-4346-afba-5a90a2b31fb3|rpc:10.1.0.33:37459|dataStream:|priority:0|startupRole:FOLLOWER, c2596226-15ac-44d2-9de4-d3f1d5072550|rpc:10.1.0.33:46627|dataStream:|priority:0|startupRole:FOLLOWER, 01c63b18-c7c8-42e3-9de4-2761bbcfbea5|rpc:10.1.0.33:33639|dataStream:|priority:1|startupRole:FOLLOWER]|listeners:[], old=null
2022-11-14 01:04:35,954 [01c63b18-c7c8-42e3-9de4-2761bbcfbea5@group-13F27F54F9DE-LeaderElection10] INFO  server.RaftServerConfigKeys (ConfUtils.java:logGet(46)) - raft.server.log.appender.snapshot.chunk.size.max = 16MB (=16777216) (default)
2022-11-14 01:04:35,955 [01c63b18-c7c8-42e3-9de4-2761bbcfbea5@group-13F27F54F9DE-LeaderElection10] INFO  server.RaftServerConfigKeys (ConfUtils.java:logGet(46)) - raft.server.log.appender.buffer.byte-limit = 33554432 (custom)
2022-11-14 01:04:35,955 [01c63b18-c7c8-42e3-9de4-2761bbcfbea5@group-13F27F54F9DE-LeaderElection10] INFO  server.RaftServerConfigKeys (ConfUtils.java:logGet(46)) - raft.server.log.appender.buffer.element-limit = 1 (custom)
2022-11-14 01:04:35,955 [01c63b18-c7c8-42e3-9de4-2761bbcfbea5@group-13F27F54F9DE-LeaderElection10] INFO  grpc.GrpcConfigKeys (ConfUtils.java:logGet(46)) - raft.grpc.server.leader.outstanding.appends.max = 128 (default)
2022-11-14 01:04:35,960 [01c63b18-c7c8-42e3-9de4-2761bbcfbea5@group-13F27F54F9DE-LeaderElection10] INFO  server.RaftServerConfigKeys (ConfUtils.java:logGet(46)) - raft.server.rpc.request.timeout = 60s (custom)
2022-11-14 01:04:35,960 [01c63b18-c7c8-42e3-9de4-2761bbcfbea5@group-13F27F54F9DE-LeaderElection10] INFO  server.RaftServerConfigKeys (ConfUtils.java:logGet(46)) - raft.server.log.appender.install.snapshot.enabled = false (custom)
2022-11-14 01:04:35,960 [01c63b18-c7c8-42e3-9de4-2761bbcfbea5@group-13F27F54F9DE-LeaderElection10] INFO  grpc.GrpcConfigKeys (ConfUtils.java:logGet(46)) - raft.grpc.server.heartbeat.channel = true (default)
2022-11-14 01:04:35,960 [01c63b18-c7c8-42e3-9de4-2761bbcfbea5@group-13F27F54F9DE-LeaderElection10] INFO  server.RaftServerConfigKeys (ConfUtils.java:logGet(46)) - raft.server.log.appender.wait-time.min = 10ms (default)
2022-11-14 01:04:35,960 [EventQueue-PipelineReportForPipelineReportHandler] INFO  pipeline.PipelineManagerImpl (PipelineManagerImpl.java:openPipeline(367)) - Pipeline Pipeline[ Id: 304c8b35-6448-4424-a48e-13f27f54f9de, Nodes: c2596226-15ac-44d2-9de4-d3f1d5072550{ip: 10.1.0.33, host: fv-az334-552.zg0gw54pbdoexfhqlmz30d51na.gx.internal.cloudapp.net, ports: [REPLICATION=42689, RATIS=46627, RATIS_ADMIN=46627, RATIS_SERVER=46627, STANDALONE=38145], networkLocation: /default-rack, certSerialId: null, persistedOpState: IN_SERVICE, persistedOpStateExpiryEpochSec: 0}01c63b18-c7c8-42e3-9de4-2761bbcfbea5{ip: 10.1.0.33, host: fv-az334-552.zg0gw54pbdoexfhqlmz30d51na.gx.internal.cloudapp.net, ports: [REPLICATION=40061, RATIS=33639, RATIS_ADMIN=33639, RATIS_SERVER=33639, STANDALONE=44053], networkLocation: /default-rack, certSerialId: null, persistedOpState: IN_SERVICE, persistedOpStateExpiryEpochSec: 0}c06e290d-eac5-4346-afba-5a90a2b31fb3{ip: 10.1.0.33, host: fv-az334-552.zg0gw54pbdoexfhqlmz30d51na.gx.internal.cloudapp.net, ports: [REPLICATION=33187, RATIS=37459, RATIS_ADMIN=37459, RATIS_SERVER=37459, STANDALONE=44649], networkLocation: /default-rack, certSerialId: null, persistedOpState: IN_SERVICE, persistedOpStateExpiryEpochSec: 0}, ReplicationConfig: RATIS/THREE, State:ALLOCATED, leaderId:01c63b18-c7c8-42e3-9de4-2761bbcfbea5, CreationTimestamp2022-11-14T01:04:28.240Z[Etc/UTC]] moved to OPEN state
2022-11-14 01:04:35,961 [grpc-default-executor-1] INFO  server.RaftServer$Division (RaftServerImpl.java:requestVote(1218)) - 01c63b18-c7c8-42e3-9de4-2761bbcfbea5@group-13F27F54F9DE: receive requestVote(ELECTION, c2596226-15ac-44d2-9de4-d3f1d5072550, group-13F27F54F9DE, 1, (t:0, i:0))
2022-11-14 01:04:35,962 [01c63b18-c7c8-42e3-9de4-2761bbcfbea5@group-13F27F54F9DE-LeaderElection10] INFO  server.RaftServerConfigKeys (ConfUtils.java:logGet(46)) - raft.server.log.appender.snapshot.chunk.size.max = 16MB (=16777216) (default)
2022-11-14 01:04:35,962 [01c63b18-c7c8-42e3-9de4-2761bbcfbea5@group-13F27F54F9DE-LeaderElection10] INFO  server.RaftServerConfigKeys (ConfUtils.java:logGet(46)) - raft.server.log.appender.buffer.byte-limit = 33554432 (custom)
2022-11-14 01:04:35,962 [01c63b18-c7c8-42e3-9de4-2761bbcfbea5@group-13F27F54F9DE-LeaderElection10] INFO  server.RaftServerConfigKeys (ConfUtils.java:logGet(46)) - raft.server.log.appender.buffer.element-limit = 1 (custom)
2022-11-14 01:04:35,962 [01c63b18-c7c8-42e3-9de4-2761bbcfbea5@group-13F27F54F9DE-LeaderElection10] INFO  grpc.GrpcConfigKeys (ConfUtils.java:logGet(46)) - raft.grpc.server.leader.outstanding.appends.max = 128 (default)
2022-11-14 01:04:35,962 [01c63b18-c7c8-42e3-9de4-2761bbcfbea5@group-13F27F54F9DE-LeaderElection10] INFO  server.RaftServerConfigKeys (ConfUtils.java:logGet(46)) - raft.server.rpc.request.timeout = 60s (custom)
2022-11-14 01:04:35,962 [01c63b18-c7c8-42e3-9de4-2761bbcfbea5@group-13F27F54F9DE-LeaderElection10] INFO  server.RaftServerConfigKeys (ConfUtils.java:logGet(46)) - raft.server.log.appender.install.snapshot.enabled = false (custom)
2022-11-14 01:04:35,962 [01c63b18-c7c8-42e3-9de4-2761bbcfbea5@group-13F27F54F9DE-LeaderElection10] INFO  grpc.GrpcConfigKeys (ConfUtils.java:logGet(46)) - raft.grpc.server.heartbeat.channel = true (default)
2022-11-14 01:04:35,963 [01c63b18-c7c8-42e3-9de4-2761bbcfbea5@group-13F27F54F9DE-LeaderElection10] INFO  server.RaftServerConfigKeys (ConfUtils.java:logGet(46)) - raft.server.log.appender.wait-time.min = 10ms (default)
2022-11-14 01:04:35,963 [01c63b18-c7c8-42e3-9de4-2761bbcfbea5@group-13F27F54F9DE-LeaderElection10] INFO  impl.RoleInfo (RoleInfo.java:updateAndGet(139)) - 01c63b18-c7c8-42e3-9de4-2761bbcfbea5: start 01c63b18-c7c8-42e3-9de4-2761bbcfbea5@group-13F27F54F9DE-LeaderStateImpl
2022-11-14 01:04:35,963 [01c63b18-c7c8-42e3-9de4-2761bbcfbea5@group-13F27F54F9DE-LeaderElection10] INFO  segmented.SegmentedRaftLogWorker (SegmentedRaftLogWorker.java:startLogSegment(452)) - 01c63b18-c7c8-42e3-9de4-2761bbcfbea5@group-13F27F54F9DE-SegmentedRaftLogWorker: Starting segment from index:0
2022-11-14 01:04:35,965 [01c63b18-c7c8-42e3-9de4-2761bbcfbea5@group-13F27F54F9DE-SegmentedRaftLogWorker] INFO  segmented.SegmentedRaftLogWorker (SegmentedRaftLogWorker.java:execute(656)) - 01c63b18-c7c8-42e3-9de4-2761bbcfbea5@group-13F27F54F9DE-SegmentedRaftLogWorker: created new log segment /home/runner/work/ozone/ozone/hadoop-ozone/integration-test/target/test-dir/MiniOzoneClusterImpl-733ab8e8-73b4-47ae-b22b-a548a4863177/datanode-3/data/ratis/304c8b35-6448-4424-a48e-13f27f54f9de/current/log_inprogress_0
2022-11-14 01:04:35,971 [01c63b18-c7c8-42e3-9de4-2761bbcfbea5@group-13F27F54F9DE-LeaderElection10] INFO  server.RaftServer$Division (ServerState.java:setRaftConf(430)) - 01c63b18-c7c8-42e3-9de4-2761bbcfbea5@group-13F27F54F9DE: set configuration 0: peers:[c06e290d-eac5-4346-afba-5a90a2b31fb3|rpc:10.1.0.33:37459|dataStream:|priority:0|startupRole:FOLLOWER, c2596226-15ac-44d2-9de4-d3f1d5072550|rpc:10.1.0.33:46627|dataStream:|priority:0|startupRole:FOLLOWER, 01c63b18-c7c8-42e3-9de4-2761bbcfbea5|rpc:10.1.0.33:33639|dataStream:|priority:1|startupRole:FOLLOWER]|listeners:[], old=null
2022-11-14 01:04:35,974 [grpc-default-executor-1] INFO  impl.VoteContext (VoteContext.java:log(48)) - 01c63b18-c7c8-42e3-9de4-2761bbcfbea5@group-13F27F54F9DE-LEADER: reject ELECTION from c2596226-15ac-44d2-9de4-d3f1d5072550: already has voted for 01c63b18-c7c8-42e3-9de4-2761bbcfbea5 at current term 1
2022-11-14 01:04:35,974 [grpc-default-executor-1] INFO  server.RaftServer$Division (RaftServerImpl.java:requestVote(1251)) - 01c63b18-c7c8-42e3-9de4-2761bbcfbea5@group-13F27F54F9DE replies to ELECTION vote request: c2596226-15ac-44d2-9de4-d3f1d5072550<-01c63b18-c7c8-42e3-9de4-2761bbcfbea5#0:FAIL-t1. Peer's state: 01c63b18-c7c8-42e3-9de4-2761bbcfbea5@group-13F27F54F9DE:t1, leader=01c63b18-c7c8-42e3-9de4-2761bbcfbea5, voted=01c63b18-c7c8-42e3-9de4-2761bbcfbea5, raftlog=Memoized:01c63b18-c7c8-42e3-9de4-2761bbcfbea5@group-13F27F54F9DE-SegmentedRaftLog:OPENED:c0, conf=0: peers:[c06e290d-eac5-4346-afba-5a90a2b31fb3|rpc:10.1.0.33:37459|dataStream:|priority:0|startupRole:FOLLOWER, c2596226-15ac-44d2-9de4-d3f1d5072550|rpc:10.1.0.33:46627|dataStream:|priority:0|startupRole:FOLLOWER, 01c63b18-c7c8-42e3-9de4-2761bbcfbea5|rpc:10.1.0.33:33639|dataStream:|priority:1|startupRole:FOLLOWER]|listeners:[], old=null
2022-11-14 01:04:35,975 [c2596226-15ac-44d2-9de4-d3f1d5072550@group-13F27F54F9DE-LeaderElection11] INFO  impl.LeaderElection (LeaderElection.java:logAndReturn(90)) - c2596226-15ac-44d2-9de4-d3f1d5072550@group-13F27F54F9DE-LeaderElection11: ELECTION REJECTED received 2 response(s) and 0 exception(s):
2022-11-14 01:04:35,975 [c2596226-15ac-44d2-9de4-d3f1d5072550@group-13F27F54F9DE-LeaderElection11] INFO  impl.LeaderElection (LeaderElection.java:logAndReturn(94)) -   Response 0: c2596226-15ac-44d2-9de4-d3f1d5072550<-c06e290d-eac5-4346-afba-5a90a2b31fb3#0:FAIL-t1
2022-11-14 01:04:35,975 [c2596226-15ac-44d2-9de4-d3f1d5072550@group-13F27F54F9DE-LeaderElection11] INFO  impl.LeaderElection (LeaderElection.java:logAndReturn(94)) -   Response 1: c2596226-15ac-44d2-9de4-d3f1d5072550<-01c63b18-c7c8-42e3-9de4-2761bbcfbea5#0:FAIL-t1
2022-11-14 01:04:35,975 [c2596226-15ac-44d2-9de4-d3f1d5072550@group-13F27F54F9DE-LeaderElection11] INFO  impl.LeaderElection (LeaderElection.java:askForVotes(314)) - c2596226-15ac-44d2-9de4-d3f1d5072550@group-13F27F54F9DE-LeaderElection11 ELECTION round 0: result REJECTED
2022-11-14 01:04:35,975 [c2596226-15ac-44d2-9de4-d3f1d5072550@group-13F27F54F9DE-LeaderElection11] INFO  server.RaftServer$Division (RaftServerImpl.java:setRole(321)) - c2596226-15ac-44d2-9de4-d3f1d5072550@group-13F27F54F9DE: changes role from CANDIDATE to FOLLOWER at term 1 for REJECTED
2022-11-14 01:04:35,975 [c2596226-15ac-44d2-9de4-d3f1d5072550@group-13F27F54F9DE-LeaderElection11] INFO  impl.RoleInfo (RoleInfo.java:shutdownLeaderElection(130)) - c2596226-15ac-44d2-9de4-d3f1d5072550: shutdown c2596226-15ac-44d2-9de4-d3f1d5072550@group-13F27F54F9DE-LeaderElection11
2022-11-14 01:04:35,976 [c2596226-15ac-44d2-9de4-d3f1d5072550@group-13F27F54F9DE-LeaderElection11] INFO  impl.RoleInfo (RoleInfo.java:updateAndGet(139)) - c2596226-15ac-44d2-9de4-d3f1d5072550: start c2596226-15ac-44d2-9de4-d3f1d5072550@group-13F27F54F9DE-FollowerState
2022-11-14 01:04:35,978 [c2596226-15ac-44d2-9de4-d3f1d5072550@group-13F27F54F9DE-FollowerState] INFO  server.RaftServerConfigKeys (ConfUtils.java:logFallback(53)) - raft.server.rpc.first-election.timeout.min = 5s (fallback to raft.server.rpc.timeout.min)
2022-11-14 01:04:35,978 [c2596226-15ac-44d2-9de4-d3f1d5072550@group-13F27F54F9DE-FollowerState] INFO  server.RaftServerConfigKeys (ConfUtils.java:logFallback(53)) - raft.server.rpc.first-election.timeout.max = 5200ms (fallback to raft.server.rpc.timeout.max)
2022-11-14 01:04:35,984 [c06e290d-eac5-4346-afba-5a90a2b31fb3-server-thread1] INFO  ratis.XceiverServerRatis (XceiverServerRatis.java:handleLeaderChangedNotification(863)) - Leader change notification received for group: group-13F27F54F9DE with new leaderId: 01c63b18-c7c8-42e3-9de4-2761bbcfbea5
2022-11-14 01:04:35,984 [c06e290d-eac5-4346-afba-5a90a2b31fb3-server-thread1] INFO  server.RaftServer$Division (ServerState.java:setLeader(313)) - c06e290d-eac5-4346-afba-5a90a2b31fb3@group-13F27F54F9DE: change Leader from null to 01c63b18-c7c8-42e3-9de4-2761bbcfbea5 at term 1 for appendEntries, leader elected after 5179ms
2022-11-14 01:04:35,985 [c2596226-15ac-44d2-9de4-d3f1d5072550-server-thread1] INFO  ratis.XceiverServerRatis (XceiverServerRatis.java:handleLeaderChangedNotification(863)) - Leader change notification received for group: group-13F27F54F9DE with new leaderId: 01c63b18-c7c8-42e3-9de4-2761bbcfbea5
2022-11-14 01:04:35,985 [c2596226-15ac-44d2-9de4-d3f1d5072550-server-thread1] INFO  server.RaftServer$Division (ServerState.java:setLeader(313)) - c2596226-15ac-44d2-9de4-d3f1d5072550@group-13F27F54F9DE: change Leader from null to 01c63b18-c7c8-42e3-9de4-2761bbcfbea5 at term 1 for appendEntries, leader elected after 5215ms
2022-11-14 01:04:35,996 [c06e290d-eac5-4346-afba-5a90a2b31fb3-server-thread1] INFO  server.RaftServer$Division (ServerState.java:setRaftConf(430)) - c06e290d-eac5-4346-afba-5a90a2b31fb3@group-13F27F54F9DE: set configuration 0: peers:[c06e290d-eac5-4346-afba-5a90a2b31fb3|rpc:10.1.0.33:37459|dataStream:|priority:0|startupRole:FOLLOWER, c2596226-15ac-44d2-9de4-d3f1d5072550|rpc:10.1.0.33:46627|dataStream:|priority:0|startupRole:FOLLOWER, 01c63b18-c7c8-42e3-9de4-2761bbcfbea5|rpc:10.1.0.33:33639|dataStream:|priority:1|startupRole:FOLLOWER]|listeners:[], old=null
2022-11-14 01:04:35,997 [c06e290d-eac5-4346-afba-5a90a2b31fb3-server-thread1] INFO  segmented.SegmentedRaftLogWorker (SegmentedRaftLogWorker.java:startLogSegment(452)) - c06e290d-eac5-4346-afba-5a90a2b31fb3@group-13F27F54F9DE-SegmentedRaftLogWorker: Starting segment from index:0
2022-11-14 01:04:35,997 [c2596226-15ac-44d2-9de4-d3f1d5072550-server-thread2] INFO  server.RaftServer$Division (ServerState.java:setRaftConf(430)) - c2596226-15ac-44d2-9de4-d3f1d5072550@group-13F27F54F9DE: set configuration 0: peers:[c06e290d-eac5-4346-afba-5a90a2b31fb3|rpc:10.1.0.33:37459|dataStream:|priority:0|startupRole:FOLLOWER, c2596226-15ac-44d2-9de4-d3f1d5072550|rpc:10.1.0.33:46627|dataStream:|priority:0|startupRole:FOLLOWER, 01c63b18-c7c8-42e3-9de4-2761bbcfbea5|rpc:10.1.0.33:33639|dataStream:|priority:1|startupRole:FOLLOWER]|listeners:[], old=null
2022-11-14 01:04:35,997 [c2596226-15ac-44d2-9de4-d3f1d5072550-server-thread2] INFO  segmented.SegmentedRaftLogWorker (SegmentedRaftLogWorker.java:startLogSegment(452)) - c2596226-15ac-44d2-9de4-d3f1d5072550@group-13F27F54F9DE-SegmentedRaftLogWorker: Starting segment from index:0
2022-11-14 01:04:35,998 [c06e290d-eac5-4346-afba-5a90a2b31fb3@group-13F27F54F9DE-SegmentedRaftLogWorker] INFO  segmented.SegmentedRaftLogWorker (SegmentedRaftLogWorker.java:execute(656)) - c06e290d-eac5-4346-afba-5a90a2b31fb3@group-13F27F54F9DE-SegmentedRaftLogWorker: created new log segment /home/runner/work/ozone/ozone/hadoop-ozone/integration-test/target/test-dir/MiniOzoneClusterImpl-733ab8e8-73b4-47ae-b22b-a548a4863177/datanode-5/data/ratis/304c8b35-6448-4424-a48e-13f27f54f9de/current/log_inprogress_0
2022-11-14 01:04:35,999 [c2596226-15ac-44d2-9de4-d3f1d5072550@group-13F27F54F9DE-SegmentedRaftLogWorker] INFO  segmented.SegmentedRaftLogWorker (SegmentedRaftLogWorker.java:execute(656)) - c2596226-15ac-44d2-9de4-d3f1d5072550@group-13F27F54F9DE-SegmentedRaftLogWorker: created new log segment /home/runner/work/ozone/ozone/hadoop-ozone/integration-test/target/test-dir/MiniOzoneClusterImpl-733ab8e8-73b4-47ae-b22b-a548a4863177/datanode-4/data/ratis/304c8b35-6448-4424-a48e-13f27f54f9de/current/log_inprogress_0
2022-11-14 01:04:36,117 [c2596226-15ac-44d2-9de4-d3f1d5072550@group-D80396118D53-FollowerState] INFO  impl.FollowerState (FollowerState.java:run(143)) - c2596226-15ac-44d2-9de4-d3f1d5072550@group-D80396118D53-FollowerState: change to CANDIDATE, lastRpcElapsedTime:5201822440ns, electionTimeout:5198ms
2022-11-14 01:04:36,117 [c2596226-15ac-44d2-9de4-d3f1d5072550@group-D80396118D53-FollowerState] INFO  impl.RoleInfo (RoleInfo.java:shutdownFollowerState(110)) - c2596226-15ac-44d2-9de4-d3f1d5072550: shutdown c2596226-15ac-44d2-9de4-d3f1d5072550@group-D80396118D53-FollowerState
2022-11-14 01:04:36,117 [c2596226-15ac-44d2-9de4-d3f1d5072550@group-D80396118D53-FollowerState] INFO  server.RaftServer$Division (RaftServerImpl.java:setRole(321)) - c2596226-15ac-44d2-9de4-d3f1d5072550@group-D80396118D53: changes role from  FOLLOWER to CANDIDATE at term 0 for changeToCandidate
2022-11-14 01:04:36,118 [c2596226-15ac-44d2-9de4-d3f1d5072550@group-D80396118D53-FollowerState] INFO  server.RaftServerConfigKeys (ConfUtils.java:logGet(46)) - raft.server.leaderelection.pre-vote = false (custom)
2022-11-14 01:04:36,118 [c2596226-15ac-44d2-9de4-d3f1d5072550@group-D80396118D53-FollowerState] INFO  impl.RoleInfo (RoleInfo.java:updateAndGet(139)) - c2596226-15ac-44d2-9de4-d3f1d5072550: start c2596226-15ac-44d2-9de4-d3f1d5072550@group-D80396118D53-LeaderElection13
2022-11-14 01:04:36,121 [c2596226-15ac-44d2-9de4-d3f1d5072550@group-D80396118D53-LeaderElection13] INFO  impl.LeaderElection (LeaderElection.java:askForVotes(312)) - c2596226-15ac-44d2-9de4-d3f1d5072550@group-D80396118D53-LeaderElection13 ELECTION round 0: submit vote requests at term 1 for -1: peers:[c2596226-15ac-44d2-9de4-d3f1d5072550|rpc:10.1.0.33:46627|priority:1|startupRole:FOLLOWER]|listeners:[], old=null
2022-11-14 01:04:36,121 [c2596226-15ac-44d2-9de4-d3f1d5072550@group-D80396118D53-LeaderElection13] INFO  impl.LeaderElection (LeaderElection.java:askForVotes(314)) - c2596226-15ac-44d2-9de4-d3f1d5072550@group-D80396118D53-LeaderElection13 ELECTION round 0: result PASSED (term=1)
2022-11-14 01:04:36,121 [c2596226-15ac-44d2-9de4-d3f1d5072550@group-D80396118D53-LeaderElection13] INFO  impl.RoleInfo (RoleInfo.java:shutdownLeaderElection(130)) - c2596226-15ac-44d2-9de4-d3f1d5072550: shutdown c2596226-15ac-44d2-9de4-d3f1d5072550@group-D80396118D53-LeaderElection13
2022-11-14 01:04:36,121 [c2596226-15ac-44d2-9de4-d3f1d5072550@group-D80396118D53-LeaderElection13] INFO  server.RaftServer$Division (RaftServerImpl.java:setRole(321)) - c2596226-15ac-44d2-9de4-d3f1d5072550@group-D80396118D53: changes role from CANDIDATE to LEADER at term 1 for changeToLeader
2022-11-14 01:04:36,121 [c2596226-15ac-44d2-9de4-d3f1d5072550@group-D80396118D53-LeaderElection13] INFO  ratis.XceiverServerRatis (XceiverServerRatis.java:handleLeaderChangedNotification(863)) - Leader change notification received for group: group-D80396118D53 with new leaderId: c2596226-15ac-44d2-9de4-d3f1d5072550
2022-11-14 01:04:36,121 [c2596226-15ac-44d2-9de4-d3f1d5072550@group-D80396118D53-LeaderElection13] INFO  server.RaftServer$Division (ServerState.java:setLeader(313)) - c2596226-15ac-44d2-9de4-d3f1d5072550@group-D80396118D53: change Leader from null to c2596226-15ac-44d2-9de4-d3f1d5072550 at term 1 for becomeLeader, leader elected after 5220ms
2022-11-14 01:04:36,121 [c2596226-15ac-44d2-9de4-d3f1d5072550@group-D80396118D53-LeaderElection13] INFO  server.RaftServerConfigKeys (ConfUtils.java:logGet(46)) - raft.server.staging.catchup.gap = 1000 (default)
2022-11-14 01:04:36,124 [c2596226-15ac-44d2-9de4-d3f1d5072550@group-D80396118D53-LeaderElection13] INFO  server.RaftServerConfigKeys (ConfUtils.java:logGet(46)) - raft.server.write.element-limit = 1024 (custom)
2022-11-14 01:04:36,124 [c2596226-15ac-44d2-9de4-d3f1d5072550@group-D80396118D53-LeaderElection13] INFO  server.RaftServerConfigKeys (ConfUtils.java:logGet(46)) - raft.server.write.byte-limit = 1024 M (=1073741824) (custom)
2022-11-14 01:04:36,124 [c2596226-15ac-44d2-9de4-d3f1d5072550@group-D80396118D53-LeaderElection13] INFO  server.RaftServerConfigKeys (ConfUtils.java:logGet(46)) - raft.server.watch.timeout = 180s (custom)
2022-11-14 01:04:36,124 [c2596226-15ac-44d2-9de4-d3f1d5072550@group-D80396118D53-LeaderElection13] INFO  server.RaftServerConfigKeys (ConfUtils.java:logGet(46)) - raft.server.watch.timeout.denomination = 1s (default)
2022-11-14 01:04:36,124 [c2596226-15ac-44d2-9de4-d3f1d5072550@group-D80396118D53-LeaderElection13] INFO  server.RaftServerConfigKeys (ConfUtils.java:logGet(46)) - raft.server.watch.element-limit = 65536 (default)
2022-11-14 01:04:36,125 [c2596226-15ac-44d2-9de4-d3f1d5072550@group-D80396118D53-LeaderElection13] INFO  server.RaftServerConfigKeys (ConfUtils.java:logGet(46)) - raft.server.write.element-limit = 1024 (custom)
2022-11-14 01:04:36,125 [c2596226-15ac-44d2-9de4-d3f1d5072550@group-D80396118D53-LeaderElection13] INFO  server.RaftServerConfigKeys (ConfUtils.java:logGet(46)) - raft.server.write.follower.gap.ratio.max = -1.0 (default)
2022-11-14 01:04:36,125 [c2596226-15ac-44d2-9de4-d3f1d5072550@group-D80396118D53-LeaderElection13] INFO  impl.RoleInfo (RoleInfo.java:updateAndGet(139)) - c2596226-15ac-44d2-9de4-d3f1d5072550: start c2596226-15ac-44d2-9de4-d3f1d5072550@group-D80396118D53-LeaderStateImpl
2022-11-14 01:04:36,125 [c2596226-15ac-44d2-9de4-d3f1d5072550@group-D80396118D53-LeaderElection13] INFO  segmented.SegmentedRaftLogWorker (SegmentedRaftLogWorker.java:startLogSegment(452)) - c2596226-15ac-44d2-9de4-d3f1d5072550@group-D80396118D53-SegmentedRaftLogWorker: Starting segment from index:0
2022-11-14 01:04:36,126 [c2596226-15ac-44d2-9de4-d3f1d5072550@group-D80396118D53-SegmentedRaftLogWorker] INFO  segmented.SegmentedRaftLogWorker (SegmentedRaftLogWorker.java:execute(656)) - c2596226-15ac-44d2-9de4-d3f1d5072550@group-D80396118D53-SegmentedRaftLogWorker: created new log segment /home/runner/work/ozone/ozone/hadoop-ozone/integration-test/target/test-dir/MiniOzoneClusterImpl-733ab8e8-73b4-47ae-b22b-a548a4863177/datanode-4/data/ratis/48df779f-78dd-4691-900a-d80396118d53/current/log_inprogress_0
2022-11-14 01:04:36,128 [c2596226-15ac-44d2-9de4-d3f1d5072550@group-D80396118D53-LeaderElection13] INFO  server.RaftServer$Division (ServerState.java:setRaftConf(430)) - c2596226-15ac-44d2-9de4-d3f1d5072550@group-D80396118D53: set configuration 0: peers:[c2596226-15ac-44d2-9de4-d3f1d5072550|rpc:10.1.0.33:46627|dataStream:|priority:1|startupRole:FOLLOWER]|listeners:[], old=null
2022-11-14 01:04:36,232 [Listener at 127.0.0.1/41321] INFO  ozone.MiniOzoneClusterImpl (MiniOzoneClusterImpl.java:lambda$waitForClusterToBeReady$0(216)) - Nodes are ready. Got 6 of 6 DN Heartbeats.
2022-11-14 01:04:36,232 [Listener at 127.0.0.1/41321] INFO  ozone.MiniOzoneClusterImpl (MiniOzoneClusterImpl.java:lambda$waitForClusterToBeReady$0(219)) - Cluster exits safe mode
2022-11-14 01:04:36,232 [Listener at 127.0.0.1/41321] INFO  ozone.MiniOzoneClusterImpl (MiniOzoneClusterImpl.java:lambda$waitForClusterToBeReady$0(221)) - SCM became leader
2022-11-14 01:04:36,236 [Listener at 127.0.0.1/41321] INFO  pipeline.PipelineManagerImpl (PipelineManagerImpl.java:closePipeline(442)) - Pipeline Pipeline[ Id: 83918ab4-f4e2-4629-b07a-9d779dee9177, Nodes: 01c63b18-c7c8-42e3-9de4-2761bbcfbea5{ip: 10.1.0.33, host: fv-az334-552.zg0gw54pbdoexfhqlmz30d51na.gx.internal.cloudapp.net, ports: [REPLICATION=40061, RATIS=33639, RATIS_ADMIN=33639, RATIS_SERVER=33639, STANDALONE=44053], networkLocation: /default-rack, certSerialId: null, persistedOpState: IN_SERVICE, persistedOpStateExpiryEpochSec: 0}c2596226-15ac-44d2-9de4-d3f1d5072550{ip: 10.1.0.33, host: fv-az334-552.zg0gw54pbdoexfhqlmz30d51na.gx.internal.cloudapp.net, ports: [REPLICATION=42689, RATIS=46627, RATIS_ADMIN=46627, RATIS_SERVER=46627, STANDALONE=38145], networkLocation: /default-rack, certSerialId: null, persistedOpState: IN_SERVICE, persistedOpStateExpiryEpochSec: 0}c06e290d-eac5-4346-afba-5a90a2b31fb3{ip: 10.1.0.33, host: fv-az334-552.zg0gw54pbdoexfhqlmz30d51na.gx.internal.cloudapp.net, ports: [REPLICATION=33187, RATIS=37459, RATIS_ADMIN=37459, RATIS_SERVER=37459, STANDALONE=44649], networkLocation: /default-rack, certSerialId: null, persistedOpState: IN_SERVICE, persistedOpStateExpiryEpochSec: 0}, ReplicationConfig: RATIS/THREE, State:OPEN, leaderId:c2596226-15ac-44d2-9de4-d3f1d5072550, CreationTimestamp2022-11-14T01:04:28.238Z[Etc/UTC]] moved to CLOSED state
2022-11-14 01:04:36,237 [Listener at 127.0.0.1/41321] INFO  pipeline.RatisPipelineProvider (RatisPipelineProvider.java:lambda$close$1(244)) - Send pipeline:PipelineID=83918ab4-f4e2-4629-b07a-9d779dee9177 close command to datanode 01c63b18-c7c8-42e3-9de4-2761bbcfbea5
2022-11-14 01:04:36,237 [Listener at 127.0.0.1/41321] INFO  pipeline.RatisPipelineProvider (RatisPipelineProvider.java:lambda$close$1(244)) - Send pipeline:PipelineID=83918ab4-f4e2-4629-b07a-9d779dee9177 close command to datanode c2596226-15ac-44d2-9de4-d3f1d5072550
2022-11-14 01:04:36,237 [Listener at 127.0.0.1/41321] INFO  pipeline.RatisPipelineProvider (RatisPipelineProvider.java:lambda$close$1(244)) - Send pipeline:PipelineID=83918ab4-f4e2-4629-b07a-9d779dee9177 close command to datanode c06e290d-eac5-4346-afba-5a90a2b31fb3
2022-11-14 01:04:36,238 [Listener at 127.0.0.1/41321] INFO  pipeline.PipelineStateManagerImpl (PipelineStateManagerImpl.java:removePipeline(245)) - Pipeline Pipeline[ Id: 83918ab4-f4e2-4629-b07a-9d779dee9177, Nodes: 01c63b18-c7c8-42e3-9de4-2761bbcfbea5{ip: 10.1.0.33, host: fv-az334-552.zg0gw54pbdoexfhqlmz30d51na.gx.internal.cloudapp.net, ports: [REPLICATION=40061, RATIS=33639, RATIS_ADMIN=33639, RATIS_SERVER=33639, STANDALONE=44053], networkLocation: /default-rack, certSerialId: null, persistedOpState: IN_SERVICE, persistedOpStateExpiryEpochSec: 0}c2596226-15ac-44d2-9de4-d3f1d5072550{ip: 10.1.0.33, host: fv-az334-552.zg0gw54pbdoexfhqlmz30d51na.gx.internal.cloudapp.net, ports: [REPLICATION=42689, RATIS=46627, RATIS_ADMIN=46627, RATIS_SERVER=46627, STANDALONE=38145], networkLocation: /default-rack, certSerialId: null, persistedOpState: IN_SERVICE, persistedOpStateExpiryEpochSec: 0}c06e290d-eac5-4346-afba-5a90a2b31fb3{ip: 10.1.0.33, host: fv-az334-552.zg0gw54pbdoexfhqlmz30d51na.gx.internal.cloudapp.net, ports: [REPLICATION=33187, RATIS=37459, RATIS_ADMIN=37459, RATIS_SERVER=37459, STANDALONE=44649], networkLocation: /default-rack, certSerialId: null, persistedOpState: IN_SERVICE, persistedOpStateExpiryEpochSec: 0}, ReplicationConfig: RATIS/THREE, State:CLOSED, leaderId:c2596226-15ac-44d2-9de4-d3f1d5072550, CreationTimestamp2022-11-14T01:04:28.238Z[Etc/UTC]] removed.
2022-11-14 01:04:36,238 [Listener at 127.0.0.1/41321] INFO  pipeline.PipelineManagerImpl (PipelineManagerImpl.java:closePipeline(442)) - Pipeline Pipeline[ Id: 304c8b35-6448-4424-a48e-13f27f54f9de, Nodes: c2596226-15ac-44d2-9de4-d3f1d5072550{ip: 10.1.0.33, host: fv-az334-552.zg0gw54pbdoexfhqlmz30d51na.gx.internal.cloudapp.net, ports: [REPLICATION=42689, RATIS=46627, RATIS_ADMIN=46627, RATIS_SERVER=46627, STANDALONE=38145], networkLocation: /default-rack, certSerialId: null, persistedOpState: IN_SERVICE, persistedOpStateExpiryEpochSec: 0}01c63b18-c7c8-42e3-9de4-2761bbcfbea5{ip: 10.1.0.33, host: fv-az334-552.zg0gw54pbdoexfhqlmz30d51na.gx.internal.cloudapp.net, ports: [REPLICATION=40061, RATIS=33639, RATIS_ADMIN=33639, RATIS_SERVER=33639, STANDALONE=44053], networkLocation: /default-rack, certSerialId: null, persistedOpState: IN_SERVICE, persistedOpStateExpiryEpochSec: 0}c06e290d-eac5-4346-afba-5a90a2b31fb3{ip: 10.1.0.33, host: fv-az334-552.zg0gw54pbdoexfhqlmz30d51na.gx.internal.cloudapp.net, ports: [REPLICATION=33187, RATIS=37459, RATIS_ADMIN=37459, RATIS_SERVER=37459, STANDALONE=44649], networkLocation: /default-rack, certSerialId: null, persistedOpState: IN_SERVICE, persistedOpStateExpiryEpochSec: 0}, ReplicationConfig: RATIS/THREE, State:OPEN, leaderId:01c63b18-c7c8-42e3-9de4-2761bbcfbea5, CreationTimestamp2022-11-14T01:04:28.240Z[Etc/UTC]] moved to CLOSED state
2022-11-14 01:04:36,238 [Listener at 127.0.0.1/41321] INFO  pipeline.RatisPipelineProvider (RatisPipelineProvider.java:lambda$close$1(244)) - Send pipeline:PipelineID=304c8b35-6448-4424-a48e-13f27f54f9de close command to datanode c2596226-15ac-44d2-9de4-d3f1d5072550
2022-11-14 01:04:36,239 [Listener at 127.0.0.1/41321] INFO  pipeline.RatisPipelineProvider (RatisPipelineProvider.java:lambda$close$1(244)) - Send pipeline:PipelineID=304c8b35-6448-4424-a48e-13f27f54f9de close command to datanode 01c63b18-c7c8-42e3-9de4-2761bbcfbea5
2022-11-14 01:04:36,239 [Listener at 127.0.0.1/41321] INFO  pipeline.RatisPipelineProvider (RatisPipelineProvider.java:lambda$close$1(244)) - Send pipeline:PipelineID=304c8b35-6448-4424-a48e-13f27f54f9de close command to datanode c06e290d-eac5-4346-afba-5a90a2b31fb3
2022-11-14 01:04:36,239 [Listener at 127.0.0.1/41321] INFO  pipeline.PipelineStateManagerImpl (PipelineStateManagerImpl.java:removePipeline(245)) - Pipeline Pipeline[ Id: 304c8b35-6448-4424-a48e-13f27f54f9de, Nodes: c2596226-15ac-44d2-9de4-d3f1d5072550{ip: 10.1.0.33, host: fv-az334-552.zg0gw54pbdoexfhqlmz30d51na.gx.internal.cloudapp.net, ports: [REPLICATION=42689, RATIS=46627, RATIS_ADMIN=46627, RATIS_SERVER=46627, STANDALONE=38145], networkLocation: /default-rack, certSerialId: null, persistedOpState: IN_SERVICE, persistedOpStateExpiryEpochSec: 0}01c63b18-c7c8-42e3-9de4-2761bbcfbea5{ip: 10.1.0.33, host: fv-az334-552.zg0gw54pbdoexfhqlmz30d51na.gx.internal.cloudapp.net, ports: [REPLICATION=40061, RATIS=33639, RATIS_ADMIN=33639, RATIS_SERVER=33639, STANDALONE=44053], networkLocation: /default-rack, certSerialId: null, persistedOpState: IN_SERVICE, persistedOpStateExpiryEpochSec: 0}c06e290d-eac5-4346-afba-5a90a2b31fb3{ip: 10.1.0.33, host: fv-az334-552.zg0gw54pbdoexfhqlmz30d51na.gx.internal.cloudapp.net, ports: [REPLICATION=33187, RATIS=37459, RATIS_ADMIN=37459, RATIS_SERVER=37459, STANDALONE=44649], networkLocation: /default-rack, certSerialId: null, persistedOpState: IN_SERVICE, persistedOpStateExpiryEpochSec: 0}, ReplicationConfig: RATIS/THREE, State:CLOSED, leaderId:01c63b18-c7c8-42e3-9de4-2761bbcfbea5, CreationTimestamp2022-11-14T01:04:28.240Z[Etc/UTC]] removed.
2022-11-14 01:04:36,430 [c06e290d-eac5-4346-afba-5a90a2b31fb3@group-FDCA75702721-FollowerState] INFO  impl.FollowerState (FollowerState.java:run(143)) - c06e290d-eac5-4346-afba-5a90a2b31fb3@group-FDCA75702721-FollowerState: change to CANDIDATE, lastRpcElapsedTime:5178864261ns, electionTimeout:5176ms
2022-11-14 01:04:36,430 [c06e290d-eac5-4346-afba-5a90a2b31fb3@group-FDCA75702721-FollowerState] INFO  impl.RoleInfo (RoleInfo.java:shutdownFollowerState(110)) - c06e290d-eac5-4346-afba-5a90a2b31fb3: shutdown c06e290d-eac5-4346-afba-5a90a2b31fb3@group-FDCA75702721-FollowerState
2022-11-14 01:04:36,430 [c06e290d-eac5-4346-afba-5a90a2b31fb3@group-FDCA75702721-FollowerState] INFO  server.RaftServer$Division (RaftServerImpl.java:setRole(321)) - c06e290d-eac5-4346-afba-5a90a2b31fb3@group-FDCA75702721: changes role from  FOLLOWER to CANDIDATE at term 0 for changeToCandidate
2022-11-14 01:04:36,430 [c06e290d-eac5-4346-afba-5a90a2b31fb3@group-FDCA75702721-FollowerState] INFO  server.RaftServerConfigKeys (ConfUtils.java:logGet(46)) - raft.server.leaderelection.pre-vote = false (custom)
2022-11-14 01:04:36,431 [c06e290d-eac5-4346-afba-5a90a2b31fb3@group-FDCA75702721-FollowerState] INFO  impl.RoleInfo (RoleInfo.java:updateAndGet(139)) - c06e290d-eac5-4346-afba-5a90a2b31fb3: start c06e290d-eac5-4346-afba-5a90a2b31fb3@group-FDCA75702721-LeaderElection14
2022-11-14 01:04:36,435 [c06e290d-eac5-4346-afba-5a90a2b31fb3@group-FDCA75702721-LeaderElection14] INFO  impl.LeaderElection (LeaderElection.java:askForVotes(312)) - c06e290d-eac5-4346-afba-5a90a2b31fb3@group-FDCA75702721-LeaderElection14 ELECTION round 0: submit vote requests at term 1 for -1: peers:[c06e290d-eac5-4346-afba-5a90a2b31fb3|rpc:10.1.0.33:37459|priority:1|startupRole:FOLLOWER]|listeners:[], old=null
2022-11-14 01:04:36,436 [c06e290d-eac5-4346-afba-5a90a2b31fb3@group-FDCA75702721-LeaderElection14] INFO  impl.LeaderElection (LeaderElection.java:askForVotes(314)) - c06e290d-eac5-4346-afba-5a90a2b31fb3@group-FDCA75702721-LeaderElection14 ELECTION round 0: result PASSED (term=1)
2022-11-14 01:04:36,436 [c06e290d-eac5-4346-afba-5a90a2b31fb3@group-FDCA75702721-LeaderElection14] INFO  impl.RoleInfo (RoleInfo.java:shutdownLeaderElection(130)) - c06e290d-eac5-4346-afba-5a90a2b31fb3: shutdown c06e290d-eac5-4346-afba-5a90a2b31fb3@group-FDCA75702721-LeaderElection14
2022-11-14 01:04:36,436 [c06e290d-eac5-4346-afba-5a90a2b31fb3@group-FDCA75702721-LeaderElection14] INFO  server.RaftServer$Division (RaftServerImpl.java:setRole(321)) - c06e290d-eac5-4346-afba-5a90a2b31fb3@group-FDCA75702721: changes role from CANDIDATE to LEADER at term 1 for changeToLeader
2022-11-14 01:04:36,436 [c06e290d-eac5-4346-afba-5a90a2b31fb3@group-FDCA75702721-LeaderElection14] INFO  ratis.XceiverServerRatis (XceiverServerRatis.java:handleLeaderChangedNotification(863)) - Leader change notification received for group: group-FDCA75702721 with new leaderId: c06e290d-eac5-4346-afba-5a90a2b31fb3
2022-11-14 01:04:36,436 [c06e290d-eac5-4346-afba-5a90a2b31fb3@group-FDCA75702721-LeaderElection14] INFO  server.RaftServer$Division (ServerState.java:setLeader(313)) - c06e290d-eac5-4346-afba-5a90a2b31fb3@group-FDCA75702721: change Leader from null to c06e290d-eac5-4346-afba-5a90a2b31fb3 at term 1 for becomeLeader, leader elected after 5202ms
2022-11-14 01:04:36,439 [EventQueue-PipelineReportForPipelineReportHandler] INFO  pipeline.PipelineReportHandler (PipelineReportHandler.java:processPipelineReport(115)) - Reported pipeline PipelineID=304c8b35-6448-4424-a48e-13f27f54f9de is not found
2022-11-14 01:04:36,439 [EventQueue-PipelineReportForPipelineReportHandler] INFO  pipeline.PipelineReportHandler (PipelineReportHandler.java:processPipelineReport(115)) - Reported pipeline PipelineID=83918ab4-f4e2-4629-b07a-9d779dee9177 is not found
2022-11-14 01:04:36,440 [c06e290d-eac5-4346-afba-5a90a2b31fb3@group-FDCA75702721-LeaderElection14] INFO  server.RaftServerConfigKeys (ConfUtils.java:logGet(46)) - raft.server.staging.catchup.gap = 1000 (default)
2022-11-14 01:04:36,440 [c06e290d-eac5-4346-afba-5a90a2b31fb3@group-FDCA75702721-LeaderElection14] INFO  server.RaftServerConfigKeys (ConfUtils.java:logGet(46)) - raft.server.write.element-limit = 1024 (custom)
2022-11-14 01:04:36,440 [c06e290d-eac5-4346-afba-5a90a2b31fb3@group-FDCA75702721-LeaderElection14] INFO  server.RaftServerConfigKeys (ConfUtils.java:logGet(46)) - raft.server.write.byte-limit = 1024 M (=1073741824) (custom)
2022-11-14 01:04:36,440 [c06e290d-eac5-4346-afba-5a90a2b31fb3@group-FDCA75702721-LeaderElection14] INFO  server.RaftServerConfigKeys (ConfUtils.java:logGet(46)) - raft.server.watch.timeout = 180s (custom)
2022-11-14 01:04:36,440 [c06e290d-eac5-4346-afba-5a90a2b31fb3@group-FDCA75702721-LeaderElection14] INFO  server.RaftServerConfigKeys (ConfUtils.java:logGet(46)) - raft.server.watch.timeout.denomination = 1s (default)
2022-11-14 01:04:36,440 [c06e290d-eac5-4346-afba-5a90a2b31fb3@group-FDCA75702721-LeaderElection14] INFO  server.RaftServerConfigKeys (ConfUtils.java:logGet(46)) - raft.server.watch.element-limit = 65536 (default)
2022-11-14 01:04:36,440 [c06e290d-eac5-4346-afba-5a90a2b31fb3@group-FDCA75702721-LeaderElection14] INFO  server.RaftServerConfigKeys (ConfUtils.java:logGet(46)) - raft.server.write.element-limit = 1024 (custom)
2022-11-14 01:04:36,440 [c06e290d-eac5-4346-afba-5a90a2b31fb3@group-FDCA75702721-LeaderElection14] INFO  server.RaftServerConfigKeys (ConfUtils.java:logGet(46)) - raft.server.write.follower.gap.ratio.max = -1.0 (default)
2022-11-14 01:04:36,440 [c06e290d-eac5-4346-afba-5a90a2b31fb3@group-FDCA75702721-LeaderElection14] INFO  impl.RoleInfo (RoleInfo.java:updateAndGet(139)) - c06e290d-eac5-4346-afba-5a90a2b31fb3: start c06e290d-eac5-4346-afba-5a90a2b31fb3@group-FDCA75702721-LeaderStateImpl
2022-11-14 01:04:36,441 [c06e290d-eac5-4346-afba-5a90a2b31fb3@group-FDCA75702721-LeaderElection14] INFO  segmented.SegmentedRaftLogWorker (SegmentedRaftLogWorker.java:startLogSegment(452)) - c06e290d-eac5-4346-afba-5a90a2b31fb3@group-FDCA75702721-SegmentedRaftLogWorker: Starting segment from index:0
2022-11-14 01:04:36,442 [c06e290d-eac5-4346-afba-5a90a2b31fb3@group-FDCA75702721-SegmentedRaftLogWorker] INFO  segmented.SegmentedRaftLogWorker (SegmentedRaftLogWorker.java:execute(656)) - c06e290d-eac5-4346-afba-5a90a2b31fb3@group-FDCA75702721-SegmentedRaftLogWorker: created new log segment /home/runner/work/ozone/ozone/hadoop-ozone/integration-test/target/test-dir/MiniOzoneClusterImpl-733ab8e8-73b4-47ae-b22b-a548a4863177/datanode-5/data/ratis/ba6d667c-df07-46fa-b86f-fdca75702721/current/log_inprogress_0
2022-11-14 01:04:36,442 [c06e290d-eac5-4346-afba-5a90a2b31fb3@group-FDCA75702721-LeaderElection14] INFO  server.RaftServer$Division (ServerState.java:setRaftConf(430)) - c06e290d-eac5-4346-afba-5a90a2b31fb3@group-FDCA75702721: set configuration 0: peers:[c06e290d-eac5-4346-afba-5a90a2b31fb3|rpc:10.1.0.33:37459|dataStream:|priority:1|startupRole:FOLLOWER]|listeners:[], old=null
2022-11-14 01:04:38,241 [Command processor thread] INFO  server.RaftServer (RaftServerProxy.java:remove(107)) - c06e290d-eac5-4346-afba-5a90a2b31fb3: remove  FOLLOWER c06e290d-eac5-4346-afba-5a90a2b31fb3@group-9D779DEE9177:t1, leader=c2596226-15ac-44d2-9de4-d3f1d5072550, voted=c2596226-15ac-44d2-9de4-d3f1d5072550, raftlog=Memoized:c06e290d-eac5-4346-afba-5a90a2b31fb3@group-9D779DEE9177-SegmentedRaftLog:OPENED:c0, conf=0: peers:[c06e290d-eac5-4346-afba-5a90a2b31fb3|rpc:10.1.0.33:37459|dataStream:|priority:0|startupRole:FOLLOWER, c2596226-15ac-44d2-9de4-d3f1d5072550|rpc:10.1.0.33:46627|dataStream:|priority:1|startupRole:FOLLOWER, 01c63b18-c7c8-42e3-9de4-2761bbcfbea5|rpc:10.1.0.33:33639|dataStream:|priority:0|startupRole:FOLLOWER]|listeners:[], old=null RUNNING
2022-11-14 01:04:38,243 [Command processor thread] INFO  server.RaftServer$Division (RaftServerImpl.java:lambda$close$4(458)) - c06e290d-eac5-4346-afba-5a90a2b31fb3@group-9D779DEE9177: shutdown
2022-11-14 01:04:38,243 [Command processor thread] INFO  util.JmxRegister (JmxRegister.java:unregister(73)) - Successfully un-registered JMX Bean with object name Ratis:service=RaftServer,group=group-9D779DEE9177,id=c06e290d-eac5-4346-afba-5a90a2b31fb3
2022-11-14 01:04:38,243 [Command processor thread] INFO  impl.RoleInfo (RoleInfo.java:shutdownFollowerState(110)) - c06e290d-eac5-4346-afba-5a90a2b31fb3: shutdown c06e290d-eac5-4346-afba-5a90a2b31fb3@group-9D779DEE9177-FollowerState
2022-11-14 01:04:38,243 [c06e290d-eac5-4346-afba-5a90a2b31fb3@group-9D779DEE9177-FollowerState] INFO  impl.FollowerState (FollowerState.java:run(152)) - c06e290d-eac5-4346-afba-5a90a2b31fb3@group-9D779DEE9177-FollowerState was interrupted
2022-11-14 01:04:38,246 [Command processor thread] INFO  impl.StateMachineUpdater (StateMachineUpdater.java:stopAndJoin(153)) - c06e290d-eac5-4346-afba-5a90a2b31fb3@group-9D779DEE9177-StateMachineUpdater: set stopIndex = 0
2022-11-14 01:04:38,246 [c06e290d-eac5-4346-afba-5a90a2b31fb3@group-9D779DEE9177-StateMachineUpdater] INFO  ratis.ContainerStateMachine (ContainerStateMachine.java:takeSnapshot(304)) - group-9D779DEE9177: Taking a snapshot at:(t:1, i:0) file /home/runner/work/ozone/ozone/hadoop-ozone/integration-test/target/test-dir/MiniOzoneClusterImpl-733ab8e8-73b4-47ae-b22b-a548a4863177/datanode-5/data/ratis/83918ab4-f4e2-4629-b07a-9d779dee9177/sm/snapshot.1_0
2022-11-14 01:04:38,275 [c06e290d-eac5-4346-afba-5a90a2b31fb3@group-9D779DEE9177-StateMachineUpdater] INFO  ratis.ContainerStateMachine (ContainerStateMachine.java:takeSnapshot(315)) - group-9D779DEE9177: Finished taking a snapshot at:(t:1, i:0) file:/home/runner/work/ozone/ozone/hadoop-ozone/integration-test/target/test-dir/MiniOzoneClusterImpl-733ab8e8-73b4-47ae-b22b-a548a4863177/datanode-5/data/ratis/83918ab4-f4e2-4629-b07a-9d779dee9177/sm/snapshot.1_0 took: 28 ms
2022-11-14 01:04:38,277 [c06e290d-eac5-4346-afba-5a90a2b31fb3@group-9D779DEE9177-StateMachineUpdater] INFO  impl.StateMachineUpdater (StateMachineUpdater.java:takeSnapshot(287)) - c06e290d-eac5-4346-afba-5a90a2b31fb3@group-9D779DEE9177-StateMachineUpdater: Took a snapshot at index 0
2022-11-14 01:04:38,278 [c06e290d-eac5-4346-afba-5a90a2b31fb3@group-9D779DEE9177-StateMachineUpdater] INFO  impl.StateMachineUpdater (StateMachineUpdater.java:lambda$new$0(92)) - c06e290d-eac5-4346-afba-5a90a2b31fb3@group-9D779DEE9177-StateMachineUpdater: snapshotIndex: updateIncreasingly -1 -> 0
2022-11-14 01:04:38,280 [Command processor thread] INFO  server.RaftServer$Division (ServerState.java:close(466)) - c06e290d-eac5-4346-afba-5a90a2b31fb3@group-9D779DEE9177: closes. applyIndex: 0
2022-11-14 01:04:38,281 [c06e290d-eac5-4346-afba-5a90a2b31fb3@group-9D779DEE9177-SegmentedRaftLogWorker] INFO  segmented.SegmentedRaftLogWorker (SegmentedRaftLogWorker.java:run(345)) - c06e290d-eac5-4346-afba-5a90a2b31fb3@group-9D779DEE9177-SegmentedRaftLogWorker was interrupted, exiting. There are 0 tasks remaining in the queue.
2022-11-14 01:04:38,285 [Command processor thread] INFO  segmented.SegmentedRaftLogWorker (SegmentedRaftLogWorker.java:close(255)) - c06e290d-eac5-4346-afba-5a90a2b31fb3@group-9D779DEE9177-SegmentedRaftLogWorker close()
2022-11-14 01:04:38,291 [Command processor thread] INFO  server.RaftServer$Division (RaftServerImpl.java:groupRemove(428)) - c06e290d-eac5-4346-afba-5a90a2b31fb3@group-9D779DEE9177: Succeed to remove RaftStorageDirectory Storage Directory /home/runner/work/ozone/ozone/hadoop-ozone/integration-test/target/test-dir/MiniOzoneClusterImpl-733ab8e8-73b4-47ae-b22b-a548a4863177/datanode-5/data/ratis/83918ab4-f4e2-4629-b07a-9d779dee9177
2022-11-14 01:04:38,292 [Command processor thread] INFO  commandhandler.ClosePipelineCommandHandler (ClosePipelineCommandHandler.java:handle(78)) - Close Pipeline PipelineID=83918ab4-f4e2-4629-b07a-9d779dee9177 command on datanode c06e290d-eac5-4346-afba-5a90a2b31fb3.
2022-11-14 01:04:38,292 [Command processor thread] INFO  server.RaftServer (RaftServerProxy.java:remove(107)) - c06e290d-eac5-4346-afba-5a90a2b31fb3: remove  FOLLOWER c06e290d-eac5-4346-afba-5a90a2b31fb3@group-13F27F54F9DE:t1, leader=01c63b18-c7c8-42e3-9de4-2761bbcfbea5, voted=01c63b18-c7c8-42e3-9de4-2761bbcfbea5, raftlog=Memoized:c06e290d-eac5-4346-afba-5a90a2b31fb3@group-13F27F54F9DE-SegmentedRaftLog:OPENED:c0, conf=0: peers:[c06e290d-eac5-4346-afba-5a90a2b31fb3|rpc:10.1.0.33:37459|dataStream:|priority:0|startupRole:FOLLOWER, c2596226-15ac-44d2-9de4-d3f1d5072550|rpc:10.1.0.33:46627|dataStream:|priority:0|startupRole:FOLLOWER, 01c63b18-c7c8-42e3-9de4-2761bbcfbea5|rpc:10.1.0.33:33639|dataStream:|priority:1|startupRole:FOLLOWER]|listeners:[], old=null RUNNING
2022-11-14 01:04:38,292 [Command processor thread] INFO  server.RaftServer$Division (RaftServerImpl.java:lambda$close$4(458)) - c06e290d-eac5-4346-afba-5a90a2b31fb3@group-13F27F54F9DE: shutdown
2022-11-14 01:04:38,292 [Command processor thread] INFO  util.JmxRegister (JmxRegister.java:unregister(73)) - Successfully un-registered JMX Bean with object name Ratis:service=RaftServer,group=group-13F27F54F9DE,id=c06e290d-eac5-4346-afba-5a90a2b31fb3
2022-11-14 01:04:38,292 [Command processor thread] INFO  impl.RoleInfo (RoleInfo.java:shutdownFollowerState(110)) - c06e290d-eac5-4346-afba-5a90a2b31fb3: shutdown c06e290d-eac5-4346-afba-5a90a2b31fb3@group-13F27F54F9DE-FollowerState
2022-11-14 01:04:38,292 [c06e290d-eac5-4346-afba-5a90a2b31fb3@group-13F27F54F9DE-FollowerState] INFO  impl.FollowerState (FollowerState.java:run(152)) - c06e290d-eac5-4346-afba-5a90a2b31fb3@group-13F27F54F9DE-FollowerState was interrupted
2022-11-14 01:04:38,292 [c06e290d-eac5-4346-afba-5a90a2b31fb3@group-13F27F54F9DE-StateMachineUpdater] INFO  ratis.ContainerStateMachine (ContainerStateMachine.java:takeSnapshot(304)) - group-13F27F54F9DE: Taking a snapshot at:(t:1, i:0) file /home/runner/work/ozone/ozone/hadoop-ozone/integration-test/target/test-dir/MiniOzoneClusterImpl-733ab8e8-73b4-47ae-b22b-a548a4863177/datanode-5/data/ratis/304c8b35-6448-4424-a48e-13f27f54f9de/sm/snapshot.1_0
2022-11-14 01:04:38,292 [Command processor thread] INFO  impl.StateMachineUpdater (StateMachineUpdater.java:stopAndJoin(153)) - c06e290d-eac5-4346-afba-5a90a2b31fb3@group-13F27F54F9DE-StateMachineUpdater: set stopIndex = 0
2022-11-14 01:04:38,293 [c06e290d-eac5-4346-afba-5a90a2b31fb3@group-13F27F54F9DE-StateMachineUpdater] INFO  ratis.ContainerStateMachine (ContainerStateMachine.java:takeSnapshot(315)) - group-13F27F54F9DE: Finished taking a snapshot at:(t:1, i:0) file:/home/runner/work/ozone/ozone/hadoop-ozone/integration-test/target/test-dir/MiniOzoneClusterImpl-733ab8e8-73b4-47ae-b22b-a548a4863177/datanode-5/data/ratis/304c8b35-6448-4424-a48e-13f27f54f9de/sm/snapshot.1_0 took: 1 ms
2022-11-14 01:04:38,293 [c06e290d-eac5-4346-afba-5a90a2b31fb3@group-13F27F54F9DE-StateMachineUpdater] INFO  impl.StateMachineUpdater (StateMachineUpdater.java:takeSnapshot(287)) - c06e290d-eac5-4346-afba-5a90a2b31fb3@group-13F27F54F9DE-StateMachineUpdater: Took a snapshot at index 0
2022-11-14 01:04:38,293 [c06e290d-eac5-4346-afba-5a90a2b31fb3@group-13F27F54F9DE-StateMachineUpdater] INFO  impl.StateMachineUpdater (StateMachineUpdater.java:lambda$new$0(92)) - c06e290d-eac5-4346-afba-5a90a2b31fb3@group-13F27F54F9DE-StateMachineUpdater: snapshotIndex: updateIncreasingly -1 -> 0
2022-11-14 01:04:38,294 [Command processor thread] INFO  server.RaftServer$Division (ServerState.java:close(466)) - c06e290d-eac5-4346-afba-5a90a2b31fb3@group-13F27F54F9DE: closes. applyIndex: 0
2022-11-14 01:04:38,294 [c06e290d-eac5-4346-afba-5a90a2b31fb3@group-13F27F54F9DE-SegmentedRaftLogWorker] INFO  segmented.SegmentedRaftLogWorker (SegmentedRaftLogWorker.java:run(345)) - c06e290d-eac5-4346-afba-5a90a2b31fb3@group-13F27F54F9DE-SegmentedRaftLogWorker was interrupted, exiting. There are 0 tasks remaining in the queue.
2022-11-14 01:04:38,298 [Command processor thread] INFO  segmented.SegmentedRaftLogWorker (SegmentedRaftLogWorker.java:close(255)) - c06e290d-eac5-4346-afba-5a90a2b31fb3@group-13F27F54F9DE-SegmentedRaftLogWorker close()
2022-11-14 01:04:38,300 [Command processor thread] INFO  server.RaftServer$Division (RaftServerImpl.java:groupRemove(428)) - c06e290d-eac5-4346-afba-5a90a2b31fb3@group-13F27F54F9DE: Succeed to remove RaftStorageDirectory Storage Directory /home/runner/work/ozone/ozone/hadoop-ozone/integration-test/target/test-dir/MiniOzoneClusterImpl-733ab8e8-73b4-47ae-b22b-a548a4863177/datanode-5/data/ratis/304c8b35-6448-4424-a48e-13f27f54f9de
2022-11-14 01:04:38,300 [Command processor thread] INFO  commandhandler.ClosePipelineCommandHandler (ClosePipelineCommandHandler.java:handle(78)) - Close Pipeline PipelineID=304c8b35-6448-4424-a48e-13f27f54f9de command on datanode c06e290d-eac5-4346-afba-5a90a2b31fb3.
2022-11-14 01:04:38,797 [Command processor thread] INFO  server.RaftServer (RaftServerProxy.java:remove(107)) - c2596226-15ac-44d2-9de4-d3f1d5072550: remove    LEADER c2596226-15ac-44d2-9de4-d3f1d5072550@group-9D779DEE9177:t1, leader=c2596226-15ac-44d2-9de4-d3f1d5072550, voted=c2596226-15ac-44d2-9de4-d3f1d5072550, raftlog=Memoized:c2596226-15ac-44d2-9de4-d3f1d5072550@group-9D779DEE9177-SegmentedRaftLog:OPENED:c0, conf=0: peers:[c06e290d-eac5-4346-afba-5a90a2b31fb3|rpc:10.1.0.33:37459|dataStream:|priority:0|startupRole:FOLLOWER, c2596226-15ac-44d2-9de4-d3f1d5072550|rpc:10.1.0.33:46627|dataStream:|priority:1|startupRole:FOLLOWER, 01c63b18-c7c8-42e3-9de4-2761bbcfbea5|rpc:10.1.0.33:33639|dataStream:|priority:0|startupRole:FOLLOWER]|listeners:[], old=null RUNNING
2022-11-14 01:04:38,797 [Command processor thread] INFO  server.RaftServer$Division (RaftServerImpl.java:lambda$close$4(458)) - c2596226-15ac-44d2-9de4-d3f1d5072550@group-9D779DEE9177: shutdown
2022-11-14 01:04:38,797 [Command processor thread] INFO  util.JmxRegister (JmxRegister.java:unregister(73)) - Successfully un-registered JMX Bean with object name Ratis:service=RaftServer,group=group-9D779DEE9177,id=c2596226-15ac-44d2-9de4-d3f1d5072550
2022-11-14 01:04:38,797 [Command processor thread] INFO  impl.RoleInfo (RoleInfo.java:shutdownLeaderState(93)) - c2596226-15ac-44d2-9de4-d3f1d5072550: shutdown c2596226-15ac-44d2-9de4-d3f1d5072550@group-9D779DEE9177-LeaderStateImpl
2022-11-14 01:04:38,798 [c2596226-15ac-44d2-9de4-d3f1d5072550@group-9D779DEE9177->c06e290d-eac5-4346-afba-5a90a2b31fb3-GrpcLogAppender-LogAppenderDaemon] WARN  server.GrpcLogAppender (GrpcLogAppender.java:mayWait(200)) - c2596226-15ac-44d2-9de4-d3f1d5072550@group-9D779DEE9177->c06e290d-eac5-4346-afba-5a90a2b31fb3-GrpcLogAppender: Wait interrupted by java.lang.InterruptedException
2022-11-14 01:04:38,798 [Command processor thread] INFO  impl.PendingRequests (PendingRequests.java:sendNotLeaderResponses(282)) - c2596226-15ac-44d2-9de4-d3f1d5072550@group-9D779DEE9177-PendingRequests: sendNotLeaderResponses
2022-11-14 01:04:38,799 [Command processor thread] INFO  impl.StateMachineUpdater (StateMachineUpdater.java:stopAndJoin(153)) - c2596226-15ac-44d2-9de4-d3f1d5072550@group-9D779DEE9177-StateMachineUpdater: set stopIndex = 0
2022-11-14 01:04:38,800 [c2596226-15ac-44d2-9de4-d3f1d5072550@group-9D779DEE9177-StateMachineUpdater] INFO  ratis.ContainerStateMachine (ContainerStateMachine.java:takeSnapshot(304)) - group-9D779DEE9177: Taking a snapshot at:(t:1, i:0) file /home/runner/work/ozone/ozone/hadoop-ozone/integration-test/target/test-dir/MiniOzoneClusterImpl-733ab8e8-73b4-47ae-b22b-a548a4863177/datanode-4/data/ratis/83918ab4-f4e2-4629-b07a-9d779dee9177/sm/snapshot.1_0
2022-11-14 01:04:38,800 [grpc-default-executor-0] INFO  server.GrpcServerProtocolService (GrpcServerProtocolService.java:onCompleted(145)) - c06e290d-eac5-4346-afba-5a90a2b31fb3: Completed APPEND_ENTRIES, lastRequest: null
2022-11-14 01:04:38,802 [c2596226-15ac-44d2-9de4-d3f1d5072550@group-9D779DEE9177-StateMachineUpdater] INFO  ratis.ContainerStateMachine (ContainerStateMachine.java:takeSnapshot(315)) - group-9D779DEE9177: Finished taking a snapshot at:(t:1, i:0) file:/home/runner/work/ozone/ozone/hadoop-ozone/integration-test/target/test-dir/MiniOzoneClusterImpl-733ab8e8-73b4-47ae-b22b-a548a4863177/datanode-4/data/ratis/83918ab4-f4e2-4629-b07a-9d779dee9177/sm/snapshot.1_0 took: 3 ms
2022-11-14 01:04:38,803 [c2596226-15ac-44d2-9de4-d3f1d5072550@group-9D779DEE9177-StateMachineUpdater] INFO  impl.StateMachineUpdater (StateMachineUpdater.java:takeSnapshot(287)) - c2596226-15ac-44d2-9de4-d3f1d5072550@group-9D779DEE9177-StateMachineUpdater: Took a snapshot at index 0
2022-11-14 01:04:38,803 [c2596226-15ac-44d2-9de4-d3f1d5072550@group-9D779DEE9177-StateMachineUpdater] INFO  impl.StateMachineUpdater (StateMachineUpdater.java:lambda$new$0(92)) - c2596226-15ac-44d2-9de4-d3f1d5072550@group-9D779DEE9177-StateMachineUpdater: snapshotIndex: updateIncreasingly -1 -> 0
2022-11-14 01:04:38,803 [Command processor thread] INFO  server.RaftServer$Division (ServerState.java:close(466)) - c2596226-15ac-44d2-9de4-d3f1d5072550@group-9D779DEE9177: closes. applyIndex: 0
2022-11-14 01:04:38,799 [c2596226-15ac-44d2-9de4-d3f1d5072550@group-9D779DEE9177->01c63b18-c7c8-42e3-9de4-2761bbcfbea5-GrpcLogAppender-LogAppenderDaemon] WARN  server.GrpcLogAppender (GrpcLogAppender.java:mayWait(200)) - c2596226-15ac-44d2-9de4-d3f1d5072550@group-9D779DEE9177->01c63b18-c7c8-42e3-9de4-2761bbcfbea5-GrpcLogAppender: Wait interrupted by java.lang.InterruptedException
2022-11-14 01:04:38,802 [grpc-default-executor-1] INFO  server.GrpcServerProtocolService (GrpcServerProtocolService.java:onCompleted(145)) - c06e290d-eac5-4346-afba-5a90a2b31fb3: Completed APPEND_ENTRIES, lastRequest: c2596226-15ac-44d2-9de4-d3f1d5072550->c06e290d-eac5-4346-afba-5a90a2b31fb3#1-t1,previous=(t:0, i:0),leaderCommit=0,initializing? true,entries: size=1, first=(t:1, i:0), CONFIGURATIONENTRY(current:id: "c06e290d-eac5-4346-afba-5a90a2b31fb3"
address: "10.1.0.33:37459"
clientAddress: "10.1.0.33:37459"
adminAddress: "10.1.0.33:37459"
startupRole: FOLLOWER
,id: "c2596226-15ac-44d2-9de4-d3f1d5072550"
address: "10.1.0.33:46627"
priority: 1
clientAddress: "10.1.0.33:46627"
adminAddress: "10.1.0.33:46627"
startupRole: FOLLOWER
,id: "01c63b18-c7c8-42e3-9de4-2761bbcfbea5"
address: "10.1.0.33:33639"
clientAddress: "10.1.0.33:33639"
adminAddress: "10.1.0.33:33639"
startupRole: FOLLOWER
, old:)
2022-11-14 01:04:38,802 [grpc-default-executor-4] INFO  server.GrpcLogAppender (GrpcLogAppender.java:onCompleted(415)) - c2596226-15ac-44d2-9de4-d3f1d5072550@group-9D779DEE9177->c06e290d-eac5-4346-afba-5a90a2b31fb3-AppendLogResponseHandler: follower responses appendEntries COMPLETED
2022-11-14 01:04:38,806 [grpc-default-executor-2] INFO  server.GrpcServerProtocolService (GrpcServerProtocolService.java:onCompleted(145)) - 01c63b18-c7c8-42e3-9de4-2761bbcfbea5: Completed APPEND_ENTRIES, lastRequest: c2596226-15ac-44d2-9de4-d3f1d5072550->01c63b18-c7c8-42e3-9de4-2761bbcfbea5#1-t1,previous=(t:0, i:0),leaderCommit=0,initializing? true,entries: size=1, first=(t:1, i:0), CONFIGURATIONENTRY(current:id: "c06e290d-eac5-4346-afba-5a90a2b31fb3"
address: "10.1.0.33:37459"
clientAddress: "10.1.0.33:37459"
adminAddress: "10.1.0.33:37459"
startupRole: FOLLOWER
,id: "c2596226-15ac-44d2-9de4-d3f1d5072550"
address: "10.1.0.33:46627"
priority: 1
clientAddress: "10.1.0.33:46627"
adminAddress: "10.1.0.33:46627"
startupRole: FOLLOWER
,id: "01c63b18-c7c8-42e3-9de4-2761bbcfbea5"
address: "10.1.0.33:33639"
clientAddress: "10.1.0.33:33639"
adminAddress: "10.1.0.33:33639"
startupRole: FOLLOWER
, old:)
2022-11-14 01:04:38,806 [grpc-default-executor-5] INFO  server.GrpcServerProtocolService (GrpcServerProtocolService.java:onCompleted(145)) - 01c63b18-c7c8-42e3-9de4-2761bbcfbea5: Completed APPEND_ENTRIES, lastRequest: null
2022-11-14 01:04:38,807 [c2596226-15ac-44d2-9de4-d3f1d5072550@group-9D779DEE9177-SegmentedRaftLogWorker] INFO  segmented.SegmentedRaftLogWorker (SegmentedRaftLogWorker.java:run(345)) - c2596226-15ac-44d2-9de4-d3f1d5072550@group-9D779DEE9177-SegmentedRaftLogWorker was interrupted, exiting. There are 0 tasks remaining in the queue.
2022-11-14 01:04:38,810 [grpc-default-executor-1] INFO  server.GrpcLogAppender (GrpcLogAppender.java:onCompleted(415)) - c2596226-15ac-44d2-9de4-d3f1d5072550@group-9D779DEE9177->01c63b18-c7c8-42e3-9de4-2761bbcfbea5-AppendLogResponseHandler: follower responses appendEntries COMPLETED
2022-11-14 01:04:38,811 [grpc-default-executor-1] INFO  leader.FollowerInfo (FollowerInfoImpl.java:lambda$new$0(48)) - c2596226-15ac-44d2-9de4-d3f1d5072550@group-9D779DEE9177->01c63b18-c7c8-42e3-9de4-2761bbcfbea5: nextIndex: updateUnconditionally 1 -> 0
2022-11-14 01:04:38,811 [grpc-default-executor-0] INFO  server.GrpcLogAppender (GrpcLogAppender.java:onCompleted(415)) - c2596226-15ac-44d2-9de4-d3f1d5072550@group-9D779DEE9177->c06e290d-eac5-4346-afba-5a90a2b31fb3-AppendLogResponseHandler: follower responses appendEntries COMPLETED
2022-11-14 01:04:38,812 [Command processor thread] INFO  segmented.SegmentedRaftLogWorker (SegmentedRaftLogWorker.java:close(255)) - c2596226-15ac-44d2-9de4-d3f1d5072550@group-9D779DEE9177-SegmentedRaftLogWorker close()
2022-11-14 01:04:38,812 [grpc-default-executor-3] INFO  server.GrpcLogAppender (GrpcLogAppender.java:onCompleted(415)) - c2596226-15ac-44d2-9de4-d3f1d5072550@group-9D779DEE9177->01c63b18-c7c8-42e3-9de4-2761bbcfbea5-AppendLogResponseHandler: follower responses appendEntries COMPLETED
2022-11-14 01:04:38,813 [grpc-default-executor-3] INFO  leader.FollowerInfo (FollowerInfoImpl.java:lambda$new$0(48)) - c2596226-15ac-44d2-9de4-d3f1d5072550@group-9D779DEE9177->01c63b18-c7c8-42e3-9de4-2761bbcfbea5: nextIndex: updateUnconditionally 0 -> 0
2022-11-14 01:04:38,812 [grpc-default-executor-4] INFO  leader.FollowerInfo (FollowerInfoImpl.java:lambda$new$0(48)) - c2596226-15ac-44d2-9de4-d3f1d5072550@group-9D779DEE9177->c06e290d-eac5-4346-afba-5a90a2b31fb3: nextIndex: updateUnconditionally 1 -> 0
2022-11-14 01:04:38,813 [grpc-default-executor-0] INFO  leader.FollowerInfo (FollowerInfoImpl.java:lambda$new$0(48)) - c2596226-15ac-44d2-9de4-d3f1d5072550@group-9D779DEE9177->c06e290d-eac5-4346-afba-5a90a2b31fb3: nextIndex: updateUnconditionally 0 -> 0
2022-11-14 01:04:38,814 [Command processor thread] INFO  server.RaftServer$Division (RaftServerImpl.java:groupRemove(428)) - c2596226-15ac-44d2-9de4-d3f1d5072550@group-9D779DEE9177: Succeed to remove RaftStorageDirectory Storage Directory /home/runner/work/ozone/ozone/hadoop-ozone/integration-test/target/test-dir/MiniOzoneClusterImpl-733ab8e8-73b4-47ae-b22b-a548a4863177/datanode-4/data/ratis/83918ab4-f4e2-4629-b07a-9d779dee9177
2022-11-14 01:04:38,815 [Command processor thread] INFO  commandhandler.ClosePipelineCommandHandler (ClosePipelineCommandHandler.java:handle(78)) - Close Pipeline PipelineID=83918ab4-f4e2-4629-b07a-9d779dee9177 command on datanode c2596226-15ac-44d2-9de4-d3f1d5072550.
2022-11-14 01:04:38,816 [Command processor thread] INFO  server.RaftServer (RaftServerProxy.java:remove(107)) - c2596226-15ac-44d2-9de4-d3f1d5072550: remove  FOLLOWER c2596226-15ac-44d2-9de4-d3f1d5072550@group-13F27F54F9DE:t1, leader=01c63b18-c7c8-42e3-9de4-2761bbcfbea5, voted=c2596226-15ac-44d2-9de4-d3f1d5072550, raftlog=Memoized:c2596226-15ac-44d2-9de4-d3f1d5072550@group-13F27F54F9DE-SegmentedRaftLog:OPENED:c0, conf=0: peers:[c06e290d-eac5-4346-afba-5a90a2b31fb3|rpc:10.1.0.33:37459|dataStream:|priority:0|startupRole:FOLLOWER, c2596226-15ac-44d2-9de4-d3f1d5072550|rpc:10.1.0.33:46627|dataStream:|priority:0|startupRole:FOLLOWER, 01c63b18-c7c8-42e3-9de4-2761bbcfbea5|rpc:10.1.0.33:33639|dataStream:|priority:1|startupRole:FOLLOWER]|listeners:[], old=null RUNNING
2022-11-14 01:04:38,816 [Command processor thread] INFO  server.RaftServer$Division (RaftServerImpl.java:lambda$close$4(458)) - c2596226-15ac-44d2-9de4-d3f1d5072550@group-13F27F54F9DE: shutdown
2022-11-14 01:04:38,816 [Command processor thread] INFO  util.JmxRegister (JmxRegister.java:unregister(73)) - Successfully un-registered JMX Bean with object name Ratis:service=RaftServer,group=group-13F27F54F9DE,id=c2596226-15ac-44d2-9de4-d3f1d5072550
2022-11-14 01:04:38,816 [Command processor thread] INFO  impl.RoleInfo (RoleInfo.java:shutdownFollowerState(110)) - c2596226-15ac-44d2-9de4-d3f1d5072550: shutdown c2596226-15ac-44d2-9de4-d3f1d5072550@group-13F27F54F9DE-FollowerState
2022-11-14 01:04:38,816 [Command processor thread] INFO  impl.StateMachineUpdater (StateMachineUpdater.java:stopAndJoin(153)) - c2596226-15ac-44d2-9de4-d3f1d5072550@group-13F27F54F9DE-StateMachineUpdater: set stopIndex = 0
2022-11-14 01:04:38,816 [c2596226-15ac-44d2-9de4-d3f1d5072550@group-13F27F54F9DE-FollowerState] INFO  impl.FollowerState (FollowerState.java:run(152)) - c2596226-15ac-44d2-9de4-d3f1d5072550@group-13F27F54F9DE-FollowerState was interrupted
2022-11-14 01:04:38,816 [c2596226-15ac-44d2-9de4-d3f1d5072550@group-13F27F54F9DE-StateMachineUpdater] INFO  ratis.ContainerStateMachine (ContainerStateMachine.java:takeSnapshot(304)) - group-13F27F54F9DE: Taking a snapshot at:(t:1, i:0) file /home/runner/work/ozone/ozone/hadoop-ozone/integration-test/target/test-dir/MiniOzoneClusterImpl-733ab8e8-73b4-47ae-b22b-a548a4863177/datanode-4/data/ratis/304c8b35-6448-4424-a48e-13f27f54f9de/sm/snapshot.1_0
2022-11-14 01:04:38,817 [c2596226-15ac-44d2-9de4-d3f1d5072550@group-13F27F54F9DE-StateMachineUpdater] INFO  ratis.ContainerStateMachine (ContainerStateMachine.java:takeSnapshot(315)) - group-13F27F54F9DE: Finished taking a snapshot at:(t:1, i:0) file:/home/runner/work/ozone/ozone/hadoop-ozone/integration-test/target/test-dir/MiniOzoneClusterImpl-733ab8e8-73b4-47ae-b22b-a548a4863177/datanode-4/data/ratis/304c8b35-6448-4424-a48e-13f27f54f9de/sm/snapshot.1_0 took: 0 ms
2022-11-14 01:04:38,817 [c2596226-15ac-44d2-9de4-d3f1d5072550@group-13F27F54F9DE-StateMachineUpdater] INFO  impl.StateMachineUpdater (StateMachineUpdater.java:takeSnapshot(287)) - c2596226-15ac-44d2-9de4-d3f1d5072550@group-13F27F54F9DE-StateMachineUpdater: Took a snapshot at index 0
2022-11-14 01:04:38,817 [c2596226-15ac-44d2-9de4-d3f1d5072550@group-13F27F54F9DE-StateMachineUpdater] INFO  impl.StateMachineUpdater (StateMachineUpdater.java:lambda$new$0(92)) - c2596226-15ac-44d2-9de4-d3f1d5072550@group-13F27F54F9DE-StateMachineUpdater: snapshotIndex: updateIncreasingly -1 -> 0
2022-11-14 01:04:38,817 [Command processor thread] INFO  server.RaftServer$Division (ServerState.java:close(466)) - c2596226-15ac-44d2-9de4-d3f1d5072550@group-13F27F54F9DE: closes. applyIndex: 0
2022-11-14 01:04:38,818 [c2596226-15ac-44d2-9de4-d3f1d5072550@group-13F27F54F9DE-SegmentedRaftLogWorker] INFO  segmented.SegmentedRaftLogWorker (SegmentedRaftLogWorker.java:run(345)) - c2596226-15ac-44d2-9de4-d3f1d5072550@group-13F27F54F9DE-SegmentedRaftLogWorker was interrupted, exiting. There are 0 tasks remaining in the queue.
2022-11-14 01:04:38,818 [Command processor thread] INFO  segmented.SegmentedRaftLogWorker (SegmentedRaftLogWorker.java:close(255)) - c2596226-15ac-44d2-9de4-d3f1d5072550@group-13F27F54F9DE-SegmentedRaftLogWorker close()
2022-11-14 01:04:38,820 [Command processor thread] INFO  server.RaftServer$Division (RaftServerImpl.java:groupRemove(428)) - c2596226-15ac-44d2-9de4-d3f1d5072550@group-13F27F54F9DE: Succeed to remove RaftStorageDirectory Storage Directory /home/runner/work/ozone/ozone/hadoop-ozone/integration-test/target/test-dir/MiniOzoneClusterImpl-733ab8e8-73b4-47ae-b22b-a548a4863177/datanode-4/data/ratis/304c8b35-6448-4424-a48e-13f27f54f9de
2022-11-14 01:04:38,820 [Command processor thread] INFO  commandhandler.ClosePipelineCommandHandler (ClosePipelineCommandHandler.java:handle(78)) - Close Pipeline PipelineID=304c8b35-6448-4424-a48e-13f27f54f9de command on datanode c2596226-15ac-44d2-9de4-d3f1d5072550.
2022-11-14 01:04:38,959 [Command processor thread] INFO  server.RaftServer (RaftServerProxy.java:remove(107)) - 01c63b18-c7c8-42e3-9de4-2761bbcfbea5: remove  FOLLOWER 01c63b18-c7c8-42e3-9de4-2761bbcfbea5@group-9D779DEE9177:t1, leader=c2596226-15ac-44d2-9de4-d3f1d5072550, voted=c2596226-15ac-44d2-9de4-d3f1d5072550, raftlog=Memoized:01c63b18-c7c8-42e3-9de4-2761bbcfbea5@group-9D779DEE9177-SegmentedRaftLog:OPENED:c0, conf=0: peers:[c06e290d-eac5-4346-afba-5a90a2b31fb3|rpc:10.1.0.33:37459|dataStream:|priority:0|startupRole:FOLLOWER, c2596226-15ac-44d2-9de4-d3f1d5072550|rpc:10.1.0.33:46627|dataStream:|priority:1|startupRole:FOLLOWER, 01c63b18-c7c8-42e3-9de4-2761bbcfbea5|rpc:10.1.0.33:33639|dataStream:|priority:0|startupRole:FOLLOWER]|listeners:[], old=null RUNNING
2022-11-14 01:04:38,960 [Command processor thread] INFO  server.RaftServer$Division (RaftServerImpl.java:lambda$close$4(458)) - 01c63b18-c7c8-42e3-9de4-2761bbcfbea5@group-9D779DEE9177: shutdown
2022-11-14 01:04:38,960 [Command processor thread] INFO  util.JmxRegister (JmxRegister.java:unregister(73)) - Successfully un-registered JMX Bean with object name Ratis:service=RaftServer,group=group-9D779DEE9177,id=01c63b18-c7c8-42e3-9de4-2761bbcfbea5
2022-11-14 01:04:38,960 [Command processor thread] INFO  impl.RoleInfo (RoleInfo.java:shutdownFollowerState(110)) - 01c63b18-c7c8-42e3-9de4-2761bbcfbea5: shutdown 01c63b18-c7c8-42e3-9de4-2761bbcfbea5@group-9D779DEE9177-FollowerState
2022-11-14 01:04:38,960 [Command processor thread] INFO  impl.StateMachineUpdater (StateMachineUpdater.java:stopAndJoin(153)) - 01c63b18-c7c8-42e3-9de4-2761bbcfbea5@group-9D779DEE9177-StateMachineUpdater: set stopIndex = 0
2022-11-14 01:04:38,960 [01c63b18-c7c8-42e3-9de4-2761bbcfbea5@group-9D779DEE9177-FollowerState] INFO  impl.FollowerState (FollowerState.java:run(152)) - 01c63b18-c7c8-42e3-9de4-2761bbcfbea5@group-9D779DEE9177-FollowerState was interrupted
2022-11-14 01:04:38,960 [01c63b18-c7c8-42e3-9de4-2761bbcfbea5@group-9D779DEE9177-StateMachineUpdater] INFO  ratis.ContainerStateMachine (ContainerStateMachine.java:takeSnapshot(304)) - group-9D779DEE9177: Taking a snapshot at:(t:1, i:0) file /home/runner/work/ozone/ozone/hadoop-ozone/integration-test/target/test-dir/MiniOzoneClusterImpl-733ab8e8-73b4-47ae-b22b-a548a4863177/datanode-3/data/ratis/83918ab4-f4e2-4629-b07a-9d779dee9177/sm/snapshot.1_0
2022-11-14 01:04:38,961 [01c63b18-c7c8-42e3-9de4-2761bbcfbea5@group-9D779DEE9177-StateMachineUpdater] INFO  ratis.ContainerStateMachine (ContainerStateMachine.java:takeSnapshot(315)) - group-9D779DEE9177: Finished taking a snapshot at:(t:1, i:0) file:/home/runner/work/ozone/ozone/hadoop-ozone/integration-test/target/test-dir/MiniOzoneClusterImpl-733ab8e8-73b4-47ae-b22b-a548a4863177/datanode-3/data/ratis/83918ab4-f4e2-4629-b07a-9d779dee9177/sm/snapshot.1_0 took: 1 ms
2022-11-14 01:04:38,961 [01c63b18-c7c8-42e3-9de4-2761bbcfbea5@group-9D779DEE9177-StateMachineUpdater] INFO  impl.StateMachineUpdater (StateMachineUpdater.java:takeSnapshot(287)) - 01c63b18-c7c8-42e3-9de4-2761bbcfbea5@group-9D779DEE9177-StateMachineUpdater: Took a snapshot at index 0
2022-11-14 01:04:38,962 [01c63b18-c7c8-42e3-9de4-2761bbcfbea5@group-9D779DEE9177-StateMachineUpdater] INFO  impl.StateMachineUpdater (StateMachineUpdater.java:lambda$new$0(92)) - 01c63b18-c7c8-42e3-9de4-2761bbcfbea5@group-9D779DEE9177-StateMachineUpdater: snapshotIndex: updateIncreasingly -1 -> 0
2022-11-14 01:04:38,962 [Command processor thread] INFO  server.RaftServer$Division (ServerState.java:close(466)) - 01c63b18-c7c8-42e3-9de4-2761bbcfbea5@group-9D779DEE9177: closes. applyIndex: 0
2022-11-14 01:04:38,962 [01c63b18-c7c8-42e3-9de4-2761bbcfbea5@group-9D779DEE9177-SegmentedRaftLogWorker] INFO  segmented.SegmentedRaftLogWorker (SegmentedRaftLogWorker.java:run(345)) - 01c63b18-c7c8-42e3-9de4-2761bbcfbea5@group-9D779DEE9177-SegmentedRaftLogWorker was interrupted, exiting. There are 0 tasks remaining in the queue.
2022-11-14 01:04:38,963 [Command processor thread] INFO  segmented.SegmentedRaftLogWorker (SegmentedRaftLogWorker.java:close(255)) - 01c63b18-c7c8-42e3-9de4-2761bbcfbea5@group-9D779DEE9177-SegmentedRaftLogWorker close()
2022-11-14 01:04:38,965 [Command processor thread] INFO  server.RaftServer$Division (RaftServerImpl.java:groupRemove(428)) - 01c63b18-c7c8-42e3-9de4-2761bbcfbea5@group-9D779DEE9177: Succeed to remove RaftStorageDirectory Storage Directory /home/runner/work/ozone/ozone/hadoop-ozone/integration-test/target/test-dir/MiniOzoneClusterImpl-733ab8e8-73b4-47ae-b22b-a548a4863177/datanode-3/data/ratis/83918ab4-f4e2-4629-b07a-9d779dee9177
2022-11-14 01:04:38,965 [Command processor thread] INFO  commandhandler.ClosePipelineCommandHandler (ClosePipelineCommandHandler.java:handle(78)) - Close Pipeline PipelineID=83918ab4-f4e2-4629-b07a-9d779dee9177 command on datanode 01c63b18-c7c8-42e3-9de4-2761bbcfbea5.
2022-11-14 01:04:38,965 [Command processor thread] INFO  server.RaftServer (RaftServerProxy.java:remove(107)) - 01c63b18-c7c8-42e3-9de4-2761bbcfbea5: remove    LEADER 01c63b18-c7c8-42e3-9de4-2761bbcfbea5@group-13F27F54F9DE:t1, leader=01c63b18-c7c8-42e3-9de4-2761bbcfbea5, voted=01c63b18-c7c8-42e3-9de4-2761bbcfbea5, raftlog=Memoized:01c63b18-c7c8-42e3-9de4-2761bbcfbea5@group-13F27F54F9DE-SegmentedRaftLog:OPENED:c0, conf=0: peers:[c06e290d-eac5-4346-afba-5a90a2b31fb3|rpc:10.1.0.33:37459|dataStream:|priority:0|startupRole:FOLLOWER, c2596226-15ac-44d2-9de4-d3f1d5072550|rpc:10.1.0.33:46627|dataStream:|priority:0|startupRole:FOLLOWER, 01c63b18-c7c8-42e3-9de4-2761bbcfbea5|rpc:10.1.0.33:33639|dataStream:|priority:1|startupRole:FOLLOWER]|listeners:[], old=null RUNNING
2022-11-14 01:04:38,965 [Command processor thread] INFO  server.RaftServer$Division (RaftServerImpl.java:lambda$close$4(458)) - 01c63b18-c7c8-42e3-9de4-2761bbcfbea5@group-13F27F54F9DE: shutdown
2022-11-14 01:04:38,966 [Command processor thread] INFO  util.JmxRegister (JmxRegister.java:unregister(73)) - Successfully un-registered JMX Bean with object name Ratis:service=RaftServer,group=group-13F27F54F9DE,id=01c63b18-c7c8-42e3-9de4-2761bbcfbea5
2022-11-14 01:04:38,966 [Command processor thread] INFO  impl.RoleInfo (RoleInfo.java:shutdownLeaderState(93)) - 01c63b18-c7c8-42e3-9de4-2761bbcfbea5: shutdown 01c63b18-c7c8-42e3-9de4-2761bbcfbea5@group-13F27F54F9DE-LeaderStateImpl
2022-11-14 01:04:38,966 [01c63b18-c7c8-42e3-9de4-2761bbcfbea5@group-13F27F54F9DE->c06e290d-eac5-4346-afba-5a90a2b31fb3-GrpcLogAppender-LogAppenderDaemon] WARN  server.GrpcLogAppender (GrpcLogAppender.java:mayWait(200)) - 01c63b18-c7c8-42e3-9de4-2761bbcfbea5@group-13F27F54F9DE->c06e290d-eac5-4346-afba-5a90a2b31fb3-GrpcLogAppender: Wait interrupted by java.lang.InterruptedException
2022-11-14 01:04:38,966 [01c63b18-c7c8-42e3-9de4-2761bbcfbea5@group-13F27F54F9DE->c2596226-15ac-44d2-9de4-d3f1d5072550-GrpcLogAppender-LogAppenderDaemon] WARN  server.GrpcLogAppender (GrpcLogAppender.java:mayWait(200)) - 01c63b18-c7c8-42e3-9de4-2761bbcfbea5@group-13F27F54F9DE->c2596226-15ac-44d2-9de4-d3f1d5072550-GrpcLogAppender: Wait interrupted by java.lang.InterruptedException
2022-11-14 01:04:38,967 [grpc-default-executor-3] INFO  server.GrpcServerProtocolService (GrpcServerProtocolService.java:onCompleted(145)) - c06e290d-eac5-4346-afba-5a90a2b31fb3: Completed APPEND_ENTRIES, lastRequest: null
2022-11-14 01:04:38,968 [grpc-default-executor-4] INFO  server.GrpcServerProtocolService (GrpcServerProtocolService.java:onCompleted(145)) - c2596226-15ac-44d2-9de4-d3f1d5072550: Completed APPEND_ENTRIES, lastRequest: 01c63b18-c7c8-42e3-9de4-2761bbcfbea5->c2596226-15ac-44d2-9de4-d3f1d5072550#1-t1,previous=(t:0, i:0),leaderCommit=0,initializing? true,entries: size=1, first=(t:1, i:0), CONFIGURATIONENTRY(current:id: "c06e290d-eac5-4346-afba-5a90a2b31fb3"
address: "10.1.0.33:37459"
clientAddress: "10.1.0.33:37459"
adminAddress: "10.1.0.33:37459"
startupRole: FOLLOWER
,id: "c2596226-15ac-44d2-9de4-d3f1d5072550"
address: "10.1.0.33:46627"
clientAddress: "10.1.0.33:46627"
adminAddress: "10.1.0.33:46627"
startupRole: FOLLOWER
,id: "01c63b18-c7c8-42e3-9de4-2761bbcfbea5"
address: "10.1.0.33:33639"
priority: 1
clientAddress: "10.1.0.33:33639"
adminAddress: "10.1.0.33:33639"
startupRole: FOLLOWER
, old:)
2022-11-14 01:04:38,968 [grpc-default-executor-0] INFO  server.GrpcServerProtocolService (GrpcServerProtocolService.java:onCompleted(145)) - c06e290d-eac5-4346-afba-5a90a2b31fb3: Completed APPEND_ENTRIES, lastRequest: 01c63b18-c7c8-42e3-9de4-2761bbcfbea5->c06e290d-eac5-4346-afba-5a90a2b31fb3#1-t1,previous=(t:0, i:0),leaderCommit=0,initializing? true,entries: size=1, first=(t:1, i:0), CONFIGURATIONENTRY(current:id: "c06e290d-eac5-4346-afba-5a90a2b31fb3"
address: "10.1.0.33:37459"
clientAddress: "10.1.0.33:37459"
adminAddress: "10.1.0.33:37459"
startupRole: FOLLOWER
,id: "c2596226-15ac-44d2-9de4-d3f1d5072550"
address: "10.1.0.33:46627"
clientAddress: "10.1.0.33:46627"
adminAddress: "10.1.0.33:46627"
startupRole: FOLLOWER
,id: "01c63b18-c7c8-42e3-9de4-2761bbcfbea5"
address: "10.1.0.33:33639"
priority: 1
clientAddress: "10.1.0.33:33639"
adminAddress: "10.1.0.33:33639"
startupRole: FOLLOWER
, old:)
2022-11-14 01:04:38,968 [grpc-default-executor-1] INFO  server.GrpcServerProtocolService (GrpcServerProtocolService.java:onCompleted(145)) - c2596226-15ac-44d2-9de4-d3f1d5072550: Completed APPEND_ENTRIES, lastRequest: null
2022-11-14 01:04:38,969 [grpc-default-executor-5] INFO  server.GrpcLogAppender (GrpcLogAppender.java:onCompleted(415)) - 01c63b18-c7c8-42e3-9de4-2761bbcfbea5@group-13F27F54F9DE->c06e290d-eac5-4346-afba-5a90a2b31fb3-AppendLogResponseHandler: follower responses appendEntries COMPLETED
2022-11-14 01:04:38,969 [grpc-default-executor-5] INFO  leader.FollowerInfo (FollowerInfoImpl.java:lambda$new$0(48)) - 01c63b18-c7c8-42e3-9de4-2761bbcfbea5@group-13F27F54F9DE->c06e290d-eac5-4346-afba-5a90a2b31fb3: nextIndex: updateUnconditionally 1 -> 0
2022-11-14 01:04:38,969 [grpc-default-executor-6] INFO  server.GrpcLogAppender (GrpcLogAppender.java:onCompleted(415)) - 01c63b18-c7c8-42e3-9de4-2761bbcfbea5@group-13F27F54F9DE->c06e290d-eac5-4346-afba-5a90a2b31fb3-AppendLogResponseHandler: follower responses appendEntries COMPLETED
2022-11-14 01:04:38,969 [grpc-default-executor-2] INFO  server.GrpcLogAppender (GrpcLogAppender.java:onCompleted(415)) - 01c63b18-c7c8-42e3-9de4-2761bbcfbea5@group-13F27F54F9DE->c2596226-15ac-44d2-9de4-d3f1d5072550-AppendLogResponseHandler: follower responses appendEntries COMPLETED
2022-11-14 01:04:38,969 [grpc-default-executor-6] INFO  leader.FollowerInfo (FollowerInfoImpl.java:lambda$new$0(48)) - 01c63b18-c7c8-42e3-9de4-2761bbcfbea5@group-13F27F54F9DE->c06e290d-eac5-4346-afba-5a90a2b31fb3: nextIndex: updateUnconditionally 0 -> 0
2022-11-14 01:04:38,969 [grpc-default-executor-2] INFO  leader.FollowerInfo (FollowerInfoImpl.java:lambda$new$0(48)) - 01c63b18-c7c8-42e3-9de4-2761bbcfbea5@group-13F27F54F9DE->c2596226-15ac-44d2-9de4-d3f1d5072550: nextIndex: updateUnconditionally 1 -> 0
2022-11-14 01:04:38,970 [grpc-default-executor-7] INFO  server.GrpcLogAppender (GrpcLogAppender.java:onCompleted(415)) - 01c63b18-c7c8-42e3-9de4-2761bbcfbea5@group-13F27F54F9DE->c2596226-15ac-44d2-9de4-d3f1d5072550-AppendLogResponseHandler: follower responses appendEntries COMPLETED
2022-11-14 01:04:38,970 [grpc-default-executor-7] INFO  leader.FollowerInfo (FollowerInfoImpl.java:lambda$new$0(48)) - 01c63b18-c7c8-42e3-9de4-2761bbcfbea5@group-13F27F54F9DE->c2596226-15ac-44d2-9de4-d3f1d5072550: nextIndex: updateUnconditionally 0 -> 0
2022-11-14 01:04:38,966 [Command processor thread] INFO  impl.PendingRequests (PendingRequests.java:sendNotLeaderResponses(282)) - 01c63b18-c7c8-42e3-9de4-2761bbcfbea5@group-13F27F54F9DE-PendingRequests: sendNotLeaderResponses
2022-11-14 01:04:38,972 [Command processor thread] INFO  impl.StateMachineUpdater (StateMachineUpdater.java:stopAndJoin(153)) - 01c63b18-c7c8-42e3-9de4-2761bbcfbea5@group-13F27F54F9DE-StateMachineUpdater: set stopIndex = 0
2022-11-14 01:04:38,972 [01c63b18-c7c8-42e3-9de4-2761bbcfbea5@group-13F27F54F9DE-StateMachineUpdater] INFO  ratis.ContainerStateMachine (ContainerStateMachine.java:takeSnapshot(304)) - group-13F27F54F9DE: Taking a snapshot at:(t:1, i:0) file /home/runner/work/ozone/ozone/hadoop-ozone/integration-test/target/test-dir/MiniOzoneClusterImpl-733ab8e8-73b4-47ae-b22b-a548a4863177/datanode-3/data/ratis/304c8b35-6448-4424-a48e-13f27f54f9de/sm/snapshot.1_0
2022-11-14 01:04:38,972 [01c63b18-c7c8-42e3-9de4-2761bbcfbea5@group-13F27F54F9DE-StateMachineUpdater] INFO  ratis.ContainerStateMachine (ContainerStateMachine.java:takeSnapshot(315)) - group-13F27F54F9DE: Finished taking a snapshot at:(t:1, i:0) file:/home/runner/work/ozone/ozone/hadoop-ozone/integration-test/target/test-dir/MiniOzoneClusterImpl-733ab8e8-73b4-47ae-b22b-a548a4863177/datanode-3/data/ratis/304c8b35-6448-4424-a48e-13f27f54f9de/sm/snapshot.1_0 took: 1 ms
2022-11-14 01:04:38,973 [01c63b18-c7c8-42e3-9de4-2761bbcfbea5@group-13F27F54F9DE-StateMachineUpdater] INFO  impl.StateMachineUpdater (StateMachineUpdater.java:takeSnapshot(287)) - 01c63b18-c7c8-42e3-9de4-2761bbcfbea5@group-13F27F54F9DE-StateMachineUpdater: Took a snapshot at index 0
2022-11-14 01:04:38,973 [01c63b18-c7c8-42e3-9de4-2761bbcfbea5@group-13F27F54F9DE-StateMachineUpdater] INFO  impl.StateMachineUpdater (StateMachineUpdater.java:lambda$new$0(92)) - 01c63b18-c7c8-42e3-9de4-2761bbcfbea5@group-13F27F54F9DE-StateMachineUpdater: snapshotIndex: updateIncreasingly -1 -> 0
2022-11-14 01:04:38,973 [Command processor thread] INFO  server.RaftServer$Division (ServerState.java:close(466)) - 01c63b18-c7c8-42e3-9de4-2761bbcfbea5@group-13F27F54F9DE: closes. applyIndex: 0
2022-11-14 01:04:38,973 [01c63b18-c7c8-42e3-9de4-2761bbcfbea5@group-13F27F54F9DE-SegmentedRaftLogWorker] INFO  segmented.SegmentedRaftLogWorker (SegmentedRaftLogWorker.java:run(345)) - 01c63b18-c7c8-42e3-9de4-2761bbcfbea5@group-13F27F54F9DE-SegmentedRaftLogWorker was interrupted, exiting. There are 0 tasks remaining in the queue.
2022-11-14 01:04:38,974 [Command processor thread] INFO  segmented.SegmentedRaftLogWorker (SegmentedRaftLogWorker.java:close(255)) - 01c63b18-c7c8-42e3-9de4-2761bbcfbea5@group-13F27F54F9DE-SegmentedRaftLogWorker close()
2022-11-14 01:04:38,975 [Command processor thread] INFO  server.RaftServer$Division (RaftServerImpl.java:groupRemove(428)) - 01c63b18-c7c8-42e3-9de4-2761bbcfbea5@group-13F27F54F9DE: Succeed to remove RaftStorageDirectory Storage Directory /home/runner/work/ozone/ozone/hadoop-ozone/integration-test/target/test-dir/MiniOzoneClusterImpl-733ab8e8-73b4-47ae-b22b-a548a4863177/datanode-3/data/ratis/304c8b35-6448-4424-a48e-13f27f54f9de
2022-11-14 01:04:38,975 [Command processor thread] INFO  commandhandler.ClosePipelineCommandHandler (ClosePipelineCommandHandler.java:handle(78)) - Close Pipeline PipelineID=304c8b35-6448-4424-a48e-13f27f54f9de command on datanode 01c63b18-c7c8-42e3-9de4-2761bbcfbea5.
2022-11-14 01:04:39,681 [303bca5f-e220-44f8-957a-f0bd1a8a67be@group-42712CCB35A6-FollowerState] INFO  server.RaftServerConfigKeys (ConfUtils.java:logFallback(53)) - raft.server.rpc.first-election.timeout.min = 5s (fallback to raft.server.rpc.timeout.min)
2022-11-14 01:04:39,681 [303bca5f-e220-44f8-957a-f0bd1a8a67be@group-42712CCB35A6-FollowerState] INFO  server.RaftServerConfigKeys (ConfUtils.java:logFallback(53)) - raft.server.rpc.first-election.timeout.max = 5200ms (fallback to raft.server.rpc.timeout.max)
2022-11-14 01:04:39,750 [50a771df-70d3-4c7d-9ea2-11e60400c1f5@group-42712CCB35A6-FollowerState] INFO  impl.FollowerState (FollowerState.java:run(143)) - 50a771df-70d3-4c7d-9ea2-11e60400c1f5@group-42712CCB35A6-FollowerState: change to CANDIDATE, lastRpcElapsedTime:5086364499ns, electionTimeout:5082ms
2022-11-14 01:04:39,750 [50a771df-70d3-4c7d-9ea2-11e60400c1f5@group-42712CCB35A6-FollowerState] INFO  impl.RoleInfo (RoleInfo.java:shutdownFollowerState(110)) - 50a771df-70d3-4c7d-9ea2-11e60400c1f5: shutdown 50a771df-70d3-4c7d-9ea2-11e60400c1f5@group-42712CCB35A6-FollowerState
2022-11-14 01:04:39,750 [50a771df-70d3-4c7d-9ea2-11e60400c1f5@group-42712CCB35A6-FollowerState] INFO  server.RaftServer$Division (RaftServerImpl.java:setRole(321)) - 50a771df-70d3-4c7d-9ea2-11e60400c1f5@group-42712CCB35A6: changes role from  FOLLOWER to CANDIDATE at term 1 for changeToCandidate
2022-11-14 01:04:39,751 [50a771df-70d3-4c7d-9ea2-11e60400c1f5@group-42712CCB35A6-FollowerState] INFO  server.RaftServerConfigKeys (ConfUtils.java:logGet(46)) - raft.server.leaderelection.pre-vote = false (custom)
2022-11-14 01:04:39,751 [50a771df-70d3-4c7d-9ea2-11e60400c1f5@group-42712CCB35A6-FollowerState] INFO  impl.RoleInfo (RoleInfo.java:updateAndGet(139)) - 50a771df-70d3-4c7d-9ea2-11e60400c1f5: start 50a771df-70d3-4c7d-9ea2-11e60400c1f5@group-42712CCB35A6-LeaderElection15
2022-11-14 01:04:39,753 [50a771df-70d3-4c7d-9ea2-11e60400c1f5@group-42712CCB35A6-LeaderElection15] INFO  impl.LeaderElection (LeaderElection.java:askForVotes(312)) - 50a771df-70d3-4c7d-9ea2-11e60400c1f5@group-42712CCB35A6-LeaderElection15 ELECTION round 0: submit vote requests at term 2 for -1: peers:[06e93c36-3e5f-4b60-afd6-cffad6b8ca77|rpc:10.1.0.33:33135|priority:1|startupRole:FOLLOWER, 303bca5f-e220-44f8-957a-f0bd1a8a67be|rpc:10.1.0.33:42857|priority:0|startupRole:FOLLOWER, 50a771df-70d3-4c7d-9ea2-11e60400c1f5|rpc:10.1.0.33:34193|priority:0|startupRole:FOLLOWER]|listeners:[], old=null
2022-11-14 01:04:39,753 [50a771df-70d3-4c7d-9ea2-11e60400c1f5@group-42712CCB35A6-LeaderElection15] INFO  server.RaftServerConfigKeys (ConfUtils.java:logFallback(53)) - raft.server.rpc.first-election.timeout.min = 5s (fallback to raft.server.rpc.timeout.min)
2022-11-14 01:04:39,753 [50a771df-70d3-4c7d-9ea2-11e60400c1f5@group-42712CCB35A6-LeaderElection15] INFO  server.RaftServerConfigKeys (ConfUtils.java:logFallback(53)) - raft.server.rpc.first-election.timeout.max = 5200ms (fallback to raft.server.rpc.timeout.max)
2022-11-14 01:04:39,757 [grpc-default-executor-4] INFO  server.RaftServer$Division (RaftServerImpl.java:requestVote(1218)) - 06e93c36-3e5f-4b60-afd6-cffad6b8ca77@group-42712CCB35A6: receive requestVote(ELECTION, 50a771df-70d3-4c7d-9ea2-11e60400c1f5, group-42712CCB35A6, 2, (t:0, i:0))
2022-11-14 01:04:39,759 [grpc-default-executor-4] INFO  impl.VoteContext (VoteContext.java:log(48)) - 06e93c36-3e5f-4b60-afd6-cffad6b8ca77@group-42712CCB35A6-FOLLOWER: reject ELECTION from 50a771df-70d3-4c7d-9ea2-11e60400c1f5: our priority 1 > candidate's priority 0
2022-11-14 01:04:39,759 [grpc-default-executor-0] INFO  server.RaftServer$Division (RaftServerImpl.java:requestVote(1218)) - 303bca5f-e220-44f8-957a-f0bd1a8a67be@group-42712CCB35A6: receive requestVote(ELECTION, 50a771df-70d3-4c7d-9ea2-11e60400c1f5, group-42712CCB35A6, 2, (t:0, i:0))
2022-11-14 01:04:39,759 [grpc-default-executor-4] INFO  server.RaftServer$Division (RaftServerImpl.java:setRole(321)) - 06e93c36-3e5f-4b60-afd6-cffad6b8ca77@group-42712CCB35A6: changes role from  FOLLOWER to FOLLOWER at term 2 for candidate:50a771df-70d3-4c7d-9ea2-11e60400c1f5
2022-11-14 01:04:39,759 [grpc-default-executor-0] INFO  impl.VoteContext (VoteContext.java:log(48)) - 303bca5f-e220-44f8-957a-f0bd1a8a67be@group-42712CCB35A6-FOLLOWER: accept ELECTION from 50a771df-70d3-4c7d-9ea2-11e60400c1f5: our priority 0 <= candidate's priority 0
2022-11-14 01:04:39,759 [grpc-default-executor-0] INFO  server.RaftServer$Division (RaftServerImpl.java:setRole(321)) - 303bca5f-e220-44f8-957a-f0bd1a8a67be@group-42712CCB35A6: changes role from  FOLLOWER to FOLLOWER at term 2 for candidate:50a771df-70d3-4c7d-9ea2-11e60400c1f5
2022-11-14 01:04:39,759 [grpc-default-executor-0] INFO  impl.RoleInfo (RoleInfo.java:shutdownFollowerState(110)) - 303bca5f-e220-44f8-957a-f0bd1a8a67be: shutdown 303bca5f-e220-44f8-957a-f0bd1a8a67be@group-42712CCB35A6-FollowerState
2022-11-14 01:04:39,759 [grpc-default-executor-0] INFO  impl.RoleInfo (RoleInfo.java:updateAndGet(139)) - 303bca5f-e220-44f8-957a-f0bd1a8a67be: start 303bca5f-e220-44f8-957a-f0bd1a8a67be@group-42712CCB35A6-FollowerState
2022-11-14 01:04:39,759 [303bca5f-e220-44f8-957a-f0bd1a8a67be@group-42712CCB35A6-FollowerState] INFO  impl.FollowerState (FollowerState.java:run(152)) - 303bca5f-e220-44f8-957a-f0bd1a8a67be@group-42712CCB35A6-FollowerState was interrupted
2022-11-14 01:04:39,759 [grpc-default-executor-4] INFO  impl.RoleInfo (RoleInfo.java:shutdownFollowerState(110)) - 06e93c36-3e5f-4b60-afd6-cffad6b8ca77: shutdown 06e93c36-3e5f-4b60-afd6-cffad6b8ca77@group-42712CCB35A6-FollowerState
2022-11-14 01:04:39,760 [303bca5f-e220-44f8-957a-f0bd1a8a67be@group-42712CCB35A6-FollowerState] INFO  server.RaftServerConfigKeys (ConfUtils.java:logFallback(53)) - raft.server.rpc.first-election.timeout.min = 5s (fallback to raft.server.rpc.timeout.min)
2022-11-14 01:04:39,760 [06e93c36-3e5f-4b60-afd6-cffad6b8ca77@group-42712CCB35A6-FollowerState] INFO  impl.FollowerState (FollowerState.java:run(152)) - 06e93c36-3e5f-4b60-afd6-cffad6b8ca77@group-42712CCB35A6-FollowerState was interrupted
2022-11-14 01:04:39,760 [grpc-default-executor-4] INFO  impl.RoleInfo (RoleInfo.java:updateAndGet(139)) - 06e93c36-3e5f-4b60-afd6-cffad6b8ca77: start 06e93c36-3e5f-4b60-afd6-cffad6b8ca77@group-42712CCB35A6-FollowerState
2022-11-14 01:04:39,760 [303bca5f-e220-44f8-957a-f0bd1a8a67be@group-42712CCB35A6-FollowerState] INFO  server.RaftServerConfigKeys (ConfUtils.java:logFallback(53)) - raft.server.rpc.first-election.timeout.max = 5200ms (fallback to raft.server.rpc.timeout.max)
2022-11-14 01:04:39,762 [grpc-default-executor-0] INFO  server.RaftServer$Division (RaftServerImpl.java:requestVote(1251)) - 303bca5f-e220-44f8-957a-f0bd1a8a67be@group-42712CCB35A6 replies to ELECTION vote request: 50a771df-70d3-4c7d-9ea2-11e60400c1f5<-303bca5f-e220-44f8-957a-f0bd1a8a67be#0:OK-t2. Peer's state: 303bca5f-e220-44f8-957a-f0bd1a8a67be@group-42712CCB35A6:t2, leader=null, voted=50a771df-70d3-4c7d-9ea2-11e60400c1f5, raftlog=Memoized:303bca5f-e220-44f8-957a-f0bd1a8a67be@group-42712CCB35A6-SegmentedRaftLog:OPENED:c-1, conf=-1: peers:[06e93c36-3e5f-4b60-afd6-cffad6b8ca77|rpc:10.1.0.33:33135|priority:1|startupRole:FOLLOWER, 303bca5f-e220-44f8-957a-f0bd1a8a67be|rpc:10.1.0.33:42857|priority:0|startupRole:FOLLOWER, 50a771df-70d3-4c7d-9ea2-11e60400c1f5|rpc:10.1.0.33:34193|priority:0|startupRole:FOLLOWER]|listeners:[], old=null
2022-11-14 01:04:39,764 [grpc-default-executor-4] INFO  server.RaftServer$Division (RaftServerImpl.java:requestVote(1251)) - 06e93c36-3e5f-4b60-afd6-cffad6b8ca77@group-42712CCB35A6 replies to ELECTION vote request: 50a771df-70d3-4c7d-9ea2-11e60400c1f5<-06e93c36-3e5f-4b60-afd6-cffad6b8ca77#0:FAIL-t2. Peer's state: 06e93c36-3e5f-4b60-afd6-cffad6b8ca77@group-42712CCB35A6:t2, leader=null, voted=null, raftlog=Memoized:06e93c36-3e5f-4b60-afd6-cffad6b8ca77@group-42712CCB35A6-SegmentedRaftLog:OPENED:c-1, conf=-1: peers:[06e93c36-3e5f-4b60-afd6-cffad6b8ca77|rpc:10.1.0.33:33135|dataStream:|priority:1|startupRole:FOLLOWER, 303bca5f-e220-44f8-957a-f0bd1a8a67be|rpc:10.1.0.33:42857|dataStream:|priority:0|startupRole:FOLLOWER, 50a771df-70d3-4c7d-9ea2-11e60400c1f5|rpc:10.1.0.33:34193|dataStream:|priority:0|startupRole:FOLLOWER]|listeners:[], old=null
2022-11-14 01:04:39,765 [50a771df-70d3-4c7d-9ea2-11e60400c1f5@group-42712CCB35A6-LeaderElection15] INFO  impl.LeaderElection (LeaderElection.java:logAndReturn(90)) - 50a771df-70d3-4c7d-9ea2-11e60400c1f5@group-42712CCB35A6-LeaderElection15: ELECTION REJECTED received 2 response(s) and 0 exception(s):
2022-11-14 01:04:39,765 [50a771df-70d3-4c7d-9ea2-11e60400c1f5@group-42712CCB35A6-LeaderElection15] INFO  impl.LeaderElection (LeaderElection.java:logAndReturn(94)) -   Response 0: 50a771df-70d3-4c7d-9ea2-11e60400c1f5<-06e93c36-3e5f-4b60-afd6-cffad6b8ca77#0:FAIL-t2
2022-11-14 01:04:39,765 [50a771df-70d3-4c7d-9ea2-11e60400c1f5@group-42712CCB35A6-LeaderElection15] INFO  impl.LeaderElection (LeaderElection.java:logAndReturn(94)) -   Response 1: 50a771df-70d3-4c7d-9ea2-11e60400c1f5<-303bca5f-e220-44f8-957a-f0bd1a8a67be#0:OK-t2
2022-11-14 01:04:39,765 [50a771df-70d3-4c7d-9ea2-11e60400c1f5@group-42712CCB35A6-LeaderElection15] INFO  impl.LeaderElection (LeaderElection.java:askForVotes(314)) - 50a771df-70d3-4c7d-9ea2-11e60400c1f5@group-42712CCB35A6-LeaderElection15 ELECTION round 0: result REJECTED
2022-11-14 01:04:39,765 [50a771df-70d3-4c7d-9ea2-11e60400c1f5@group-42712CCB35A6-LeaderElection15] INFO  server.RaftServer$Division (RaftServerImpl.java:setRole(321)) - 50a771df-70d3-4c7d-9ea2-11e60400c1f5@group-42712CCB35A6: changes role from CANDIDATE to FOLLOWER at term 2 for REJECTED
2022-11-14 01:04:39,765 [50a771df-70d3-4c7d-9ea2-11e60400c1f5@group-42712CCB35A6-LeaderElection15] INFO  impl.RoleInfo (RoleInfo.java:shutdownLeaderElection(130)) - 50a771df-70d3-4c7d-9ea2-11e60400c1f5: shutdown 50a771df-70d3-4c7d-9ea2-11e60400c1f5@group-42712CCB35A6-LeaderElection15
2022-11-14 01:04:39,765 [50a771df-70d3-4c7d-9ea2-11e60400c1f5@group-42712CCB35A6-LeaderElection15] INFO  impl.RoleInfo (RoleInfo.java:updateAndGet(139)) - 50a771df-70d3-4c7d-9ea2-11e60400c1f5: start 50a771df-70d3-4c7d-9ea2-11e60400c1f5@group-42712CCB35A6-FollowerState
2022-11-14 01:04:39,766 [06e93c36-3e5f-4b60-afd6-cffad6b8ca77@group-42712CCB35A6-FollowerState] INFO  server.RaftServerConfigKeys (ConfUtils.java:logFallback(53)) - raft.server.rpc.first-election.timeout.min = 5s (fallback to raft.server.rpc.timeout.min)
2022-11-14 01:04:39,767 [06e93c36-3e5f-4b60-afd6-cffad6b8ca77@group-42712CCB35A6-FollowerState] INFO  server.RaftServerConfigKeys (ConfUtils.java:logFallback(53)) - raft.server.rpc.first-election.timeout.max = 5200ms (fallback to raft.server.rpc.timeout.max)
2022-11-14 01:04:39,772 [50a771df-70d3-4c7d-9ea2-11e60400c1f5@group-42712CCB35A6-FollowerState] INFO  server.RaftServerConfigKeys (ConfUtils.java:logFallback(53)) - raft.server.rpc.first-election.timeout.min = 5s (fallback to raft.server.rpc.timeout.min)
2022-11-14 01:04:39,772 [50a771df-70d3-4c7d-9ea2-11e60400c1f5@group-42712CCB35A6-FollowerState] INFO  server.RaftServerConfigKeys (ConfUtils.java:logFallback(53)) - raft.server.rpc.first-election.timeout.max = 5200ms (fallback to raft.server.rpc.timeout.max)
2022-11-14 01:04:40,455 [303bca5f-e220-44f8-957a-f0bd1a8a67be@group-7477ECCF7542-FollowerState] INFO  impl.FollowerState (FollowerState.java:run(143)) - 303bca5f-e220-44f8-957a-f0bd1a8a67be@group-7477ECCF7542-FollowerState: change to CANDIDATE, lastRpcElapsedTime:5045578929ns, electionTimeout:5045ms
2022-11-14 01:04:40,455 [303bca5f-e220-44f8-957a-f0bd1a8a67be@group-7477ECCF7542-FollowerState] INFO  impl.RoleInfo (RoleInfo.java:shutdownFollowerState(110)) - 303bca5f-e220-44f8-957a-f0bd1a8a67be: shutdown 303bca5f-e220-44f8-957a-f0bd1a8a67be@group-7477ECCF7542-FollowerState
2022-11-14 01:04:40,455 [303bca5f-e220-44f8-957a-f0bd1a8a67be@group-7477ECCF7542-FollowerState] INFO  server.RaftServer$Division (RaftServerImpl.java:setRole(321)) - 303bca5f-e220-44f8-957a-f0bd1a8a67be@group-7477ECCF7542: changes role from  FOLLOWER to CANDIDATE at term 1 for changeToCandidate
2022-11-14 01:04:40,455 [303bca5f-e220-44f8-957a-f0bd1a8a67be@group-7477ECCF7542-FollowerState] INFO  server.RaftServerConfigKeys (ConfUtils.java:logGet(46)) - raft.server.leaderelection.pre-vote = false (custom)
2022-11-14 01:04:40,456 [303bca5f-e220-44f8-957a-f0bd1a8a67be@group-7477ECCF7542-FollowerState] INFO  impl.RoleInfo (RoleInfo.java:updateAndGet(139)) - 303bca5f-e220-44f8-957a-f0bd1a8a67be: start 303bca5f-e220-44f8-957a-f0bd1a8a67be@group-7477ECCF7542-LeaderElection16
2022-11-14 01:04:40,458 [303bca5f-e220-44f8-957a-f0bd1a8a67be@group-7477ECCF7542-LeaderElection16] INFO  impl.LeaderElection (LeaderElection.java:askForVotes(312)) - 303bca5f-e220-44f8-957a-f0bd1a8a67be@group-7477ECCF7542-LeaderElection16 ELECTION round 0: submit vote requests at term 2 for -1: peers:[06e93c36-3e5f-4b60-afd6-cffad6b8ca77|rpc:10.1.0.33:33135|priority:0|startupRole:FOLLOWER, 303bca5f-e220-44f8-957a-f0bd1a8a67be|rpc:10.1.0.33:42857|priority:0|startupRole:FOLLOWER, 50a771df-70d3-4c7d-9ea2-11e60400c1f5|rpc:10.1.0.33:34193|priority:1|startupRole:FOLLOWER]|listeners:[], old=null
2022-11-14 01:04:40,458 [303bca5f-e220-44f8-957a-f0bd1a8a67be@group-7477ECCF7542-LeaderElection16-1] INFO  server.GrpcServerProtocolClient (GrpcServerProtocolClient.java:<init>(63)) - Build channel for 06e93c36-3e5f-4b60-afd6-cffad6b8ca77
2022-11-14 01:04:40,464 [303bca5f-e220-44f8-957a-f0bd1a8a67be@group-7477ECCF7542-LeaderElection16] INFO  server.RaftServerConfigKeys (ConfUtils.java:logFallback(53)) - raft.server.rpc.first-election.timeout.min = 5s (fallback to raft.server.rpc.timeout.min)
2022-11-14 01:04:40,464 [303bca5f-e220-44f8-957a-f0bd1a8a67be@group-7477ECCF7542-LeaderElection16] INFO  server.RaftServerConfigKeys (ConfUtils.java:logFallback(53)) - raft.server.rpc.first-election.timeout.max = 5200ms (fallback to raft.server.rpc.timeout.max)
2022-11-14 01:04:40,464 [303bca5f-e220-44f8-957a-f0bd1a8a67be@group-7477ECCF7542-LeaderElection16-2] INFO  server.GrpcServerProtocolClient (GrpcServerProtocolClient.java:<init>(63)) - Build channel for 50a771df-70d3-4c7d-9ea2-11e60400c1f5
2022-11-14 01:04:40,470 [grpc-default-executor-4] INFO  server.RaftServer$Division (RaftServerImpl.java:requestVote(1218)) - 06e93c36-3e5f-4b60-afd6-cffad6b8ca77@group-7477ECCF7542: receive requestVote(ELECTION, 303bca5f-e220-44f8-957a-f0bd1a8a67be, group-7477ECCF7542, 2, (t:0, i:0))
2022-11-14 01:04:40,470 [grpc-default-executor-4] INFO  impl.VoteContext (VoteContext.java:log(48)) - 06e93c36-3e5f-4b60-afd6-cffad6b8ca77@group-7477ECCF7542-FOLLOWER: accept ELECTION from 303bca5f-e220-44f8-957a-f0bd1a8a67be: our priority 0 <= candidate's priority 0
2022-11-14 01:04:40,470 [grpc-default-executor-4] INFO  server.RaftServer$Division (RaftServerImpl.java:setRole(321)) - 06e93c36-3e5f-4b60-afd6-cffad6b8ca77@group-7477ECCF7542: changes role from  FOLLOWER to FOLLOWER at term 2 for candidate:303bca5f-e220-44f8-957a-f0bd1a8a67be
2022-11-14 01:04:40,470 [grpc-default-executor-4] INFO  impl.RoleInfo (RoleInfo.java:shutdownFollowerState(110)) - 06e93c36-3e5f-4b60-afd6-cffad6b8ca77: shutdown 06e93c36-3e5f-4b60-afd6-cffad6b8ca77@group-7477ECCF7542-FollowerState
2022-11-14 01:04:40,471 [grpc-default-executor-4] INFO  impl.RoleInfo (RoleInfo.java:updateAndGet(139)) - 06e93c36-3e5f-4b60-afd6-cffad6b8ca77: start 06e93c36-3e5f-4b60-afd6-cffad6b8ca77@group-7477ECCF7542-FollowerState
2022-11-14 01:04:40,471 [06e93c36-3e5f-4b60-afd6-cffad6b8ca77@group-7477ECCF7542-FollowerState] INFO  impl.FollowerState (FollowerState.java:run(152)) - 06e93c36-3e5f-4b60-afd6-cffad6b8ca77@group-7477ECCF7542-FollowerState was interrupted
2022-11-14 01:04:40,471 [06e93c36-3e5f-4b60-afd6-cffad6b8ca77@group-7477ECCF7542-FollowerState] INFO  server.RaftServerConfigKeys (ConfUtils.java:logFallback(53)) - raft.server.rpc.first-election.timeout.min = 5s (fallback to raft.server.rpc.timeout.min)
2022-11-14 01:04:40,471 [06e93c36-3e5f-4b60-afd6-cffad6b8ca77@group-7477ECCF7542-FollowerState] INFO  server.RaftServerConfigKeys (ConfUtils.java:logFallback(53)) - raft.server.rpc.first-election.timeout.max = 5200ms (fallback to raft.server.rpc.timeout.max)
2022-11-14 01:04:40,475 [grpc-default-executor-4] INFO  server.RaftServer$Division (RaftServerImpl.java:requestVote(1251)) - 06e93c36-3e5f-4b60-afd6-cffad6b8ca77@group-7477ECCF7542 replies to ELECTION vote request: 303bca5f-e220-44f8-957a-f0bd1a8a67be<-06e93c36-3e5f-4b60-afd6-cffad6b8ca77#0:OK-t2. Peer's state: 06e93c36-3e5f-4b60-afd6-cffad6b8ca77@group-7477ECCF7542:t2, leader=null, voted=303bca5f-e220-44f8-957a-f0bd1a8a67be, raftlog=Memoized:06e93c36-3e5f-4b60-afd6-cffad6b8ca77@group-7477ECCF7542-SegmentedRaftLog:OPENED:c-1, conf=-1: peers:[06e93c36-3e5f-4b60-afd6-cffad6b8ca77|rpc:10.1.0.33:33135|priority:0|startupRole:FOLLOWER, 303bca5f-e220-44f8-957a-f0bd1a8a67be|rpc:10.1.0.33:42857|priority:0|startupRole:FOLLOWER, 50a771df-70d3-4c7d-9ea2-11e60400c1f5|rpc:10.1.0.33:34193|priority:1|startupRole:FOLLOWER]|listeners:[], old=null
2022-11-14 01:04:40,475 [grpc-default-executor-0] INFO  server.RaftServer$Division (RaftServerImpl.java:requestVote(1218)) - 50a771df-70d3-4c7d-9ea2-11e60400c1f5@group-7477ECCF7542: receive requestVote(ELECTION, 303bca5f-e220-44f8-957a-f0bd1a8a67be, group-7477ECCF7542, 2, (t:0, i:0))
2022-11-14 01:04:40,475 [grpc-default-executor-0] INFO  impl.VoteContext (VoteContext.java:log(48)) - 50a771df-70d3-4c7d-9ea2-11e60400c1f5@group-7477ECCF7542-FOLLOWER: reject ELECTION from 303bca5f-e220-44f8-957a-f0bd1a8a67be: our priority 1 > candidate's priority 0
2022-11-14 01:04:40,475 [grpc-default-executor-0] INFO  server.RaftServer$Division (RaftServerImpl.java:setRole(321)) - 50a771df-70d3-4c7d-9ea2-11e60400c1f5@group-7477ECCF7542: changes role from  FOLLOWER to FOLLOWER at term 2 for candidate:303bca5f-e220-44f8-957a-f0bd1a8a67be
2022-11-14 01:04:40,475 [grpc-default-executor-0] INFO  impl.RoleInfo (RoleInfo.java:shutdownFollowerState(110)) - 50a771df-70d3-4c7d-9ea2-11e60400c1f5: shutdown 50a771df-70d3-4c7d-9ea2-11e60400c1f5@group-7477ECCF7542-FollowerState
2022-11-14 01:04:40,475 [grpc-default-executor-0] INFO  impl.RoleInfo (RoleInfo.java:updateAndGet(139)) - 50a771df-70d3-4c7d-9ea2-11e60400c1f5: start 50a771df-70d3-4c7d-9ea2-11e60400c1f5@group-7477ECCF7542-FollowerState
2022-11-14 01:04:40,476 [50a771df-70d3-4c7d-9ea2-11e60400c1f5@group-7477ECCF7542-FollowerState] INFO  impl.FollowerState (FollowerState.java:run(152)) - 50a771df-70d3-4c7d-9ea2-11e60400c1f5@group-7477ECCF7542-FollowerState was interrupted
2022-11-14 01:04:40,488 [grpc-default-executor-0] INFO  server.RaftServer$Division (RaftServerImpl.java:requestVote(1251)) - 50a771df-70d3-4c7d-9ea2-11e60400c1f5@group-7477ECCF7542 replies to ELECTION vote request: 303bca5f-e220-44f8-957a-f0bd1a8a67be<-50a771df-70d3-4c7d-9ea2-11e60400c1f5#0:FAIL-t2. Peer's state: 50a771df-70d3-4c7d-9ea2-11e60400c1f5@group-7477ECCF7542:t2, leader=null, voted=null, raftlog=Memoized:50a771df-70d3-4c7d-9ea2-11e60400c1f5@group-7477ECCF7542-SegmentedRaftLog:OPENED:c-1, conf=-1: peers:[06e93c36-3e5f-4b60-afd6-cffad6b8ca77|rpc:10.1.0.33:33135|priority:0|startupRole:FOLLOWER, 303bca5f-e220-44f8-957a-f0bd1a8a67be|rpc:10.1.0.33:42857|priority:0|startupRole:FOLLOWER, 50a771df-70d3-4c7d-9ea2-11e60400c1f5|rpc:10.1.0.33:34193|priority:1|startupRole:FOLLOWER]|listeners:[], old=null
2022-11-14 01:04:40,489 [50a771df-70d3-4c7d-9ea2-11e60400c1f5@group-7477ECCF7542-FollowerState] INFO  server.RaftServerConfigKeys (ConfUtils.java:logFallback(53)) - raft.server.rpc.first-election.timeout.min = 5s (fallback to raft.server.rpc.timeout.min)
2022-11-14 01:04:40,489 [50a771df-70d3-4c7d-9ea2-11e60400c1f5@group-7477ECCF7542-FollowerState] INFO  server.RaftServerConfigKeys (ConfUtils.java:logFallback(53)) - raft.server.rpc.first-election.timeout.max = 5200ms (fallback to raft.server.rpc.timeout.max)
2022-11-14 01:04:40,490 [303bca5f-e220-44f8-957a-f0bd1a8a67be@group-7477ECCF7542-LeaderElection16] INFO  impl.LeaderElection (LeaderElection.java:logAndReturn(90)) - 303bca5f-e220-44f8-957a-f0bd1a8a67be@group-7477ECCF7542-LeaderElection16: ELECTION REJECTED received 2 response(s) and 0 exception(s):
2022-11-14 01:04:40,490 [303bca5f-e220-44f8-957a-f0bd1a8a67be@group-7477ECCF7542-LeaderElection16] INFO  impl.LeaderElection (LeaderElection.java:logAndReturn(94)) -   Response 0: 303bca5f-e220-44f8-957a-f0bd1a8a67be<-06e93c36-3e5f-4b60-afd6-cffad6b8ca77#0:OK-t2
2022-11-14 01:04:40,490 [303bca5f-e220-44f8-957a-f0bd1a8a67be@group-7477ECCF7542-LeaderElection16] INFO  impl.LeaderElection (LeaderElection.java:logAndReturn(94)) -   Response 1: 303bca5f-e220-44f8-957a-f0bd1a8a67be<-50a771df-70d3-4c7d-9ea2-11e60400c1f5#0:FAIL-t2
2022-11-14 01:04:40,490 [303bca5f-e220-44f8-957a-f0bd1a8a67be@group-7477ECCF7542-LeaderElection16] INFO  impl.LeaderElection (LeaderElection.java:askForVotes(314)) - 303bca5f-e220-44f8-957a-f0bd1a8a67be@group-7477ECCF7542-LeaderElection16 ELECTION round 0: result REJECTED
2022-11-14 01:04:40,491 [303bca5f-e220-44f8-957a-f0bd1a8a67be@group-7477ECCF7542-LeaderElection16] INFO  server.RaftServer$Division (RaftServerImpl.java:setRole(321)) - 303bca5f-e220-44f8-957a-f0bd1a8a67be@group-7477ECCF7542: changes role from CANDIDATE to FOLLOWER at term 2 for REJECTED
2022-11-14 01:04:40,491 [303bca5f-e220-44f8-957a-f0bd1a8a67be@group-7477ECCF7542-LeaderElection16] INFO  impl.RoleInfo (RoleInfo.java:shutdownLeaderElection(130)) - 303bca5f-e220-44f8-957a-f0bd1a8a67be: shutdown 303bca5f-e220-44f8-957a-f0bd1a8a67be@group-7477ECCF7542-LeaderElection16
2022-11-14 01:04:40,491 [303bca5f-e220-44f8-957a-f0bd1a8a67be@group-7477ECCF7542-LeaderElection16] INFO  impl.RoleInfo (RoleInfo.java:updateAndGet(139)) - 303bca5f-e220-44f8-957a-f0bd1a8a67be: start 303bca5f-e220-44f8-957a-f0bd1a8a67be@group-7477ECCF7542-FollowerState
2022-11-14 01:04:40,492 [303bca5f-e220-44f8-957a-f0bd1a8a67be@group-7477ECCF7542-FollowerState] INFO  server.RaftServerConfigKeys (ConfUtils.java:logFallback(53)) - raft.server.rpc.first-election.timeout.min = 5s (fallback to raft.server.rpc.timeout.min)
2022-11-14 01:04:40,492 [303bca5f-e220-44f8-957a-f0bd1a8a67be@group-7477ECCF7542-FollowerState] INFO  server.RaftServerConfigKeys (ConfUtils.java:logFallback(53)) - raft.server.rpc.first-election.timeout.max = 5200ms (fallback to raft.server.rpc.timeout.max)
2022-11-14 01:04:44,827 [50a771df-70d3-4c7d-9ea2-11e60400c1f5@group-42712CCB35A6-FollowerState] INFO  impl.FollowerState (FollowerState.java:run(143)) - 50a771df-70d3-4c7d-9ea2-11e60400c1f5@group-42712CCB35A6-FollowerState: change to CANDIDATE, lastRpcElapsedTime:5061246946ns, electionTimeout:5054ms
2022-11-14 01:04:44,827 [50a771df-70d3-4c7d-9ea2-11e60400c1f5@group-42712CCB35A6-FollowerState] INFO  impl.RoleInfo (RoleInfo.java:shutdownFollowerState(110)) - 50a771df-70d3-4c7d-9ea2-11e60400c1f5: shutdown 50a771df-70d3-4c7d-9ea2-11e60400c1f5@group-42712CCB35A6-FollowerState
2022-11-14 01:04:44,827 [50a771df-70d3-4c7d-9ea2-11e60400c1f5@group-42712CCB35A6-FollowerState] INFO  server.RaftServer$Division (RaftServerImpl.java:setRole(321)) - 50a771df-70d3-4c7d-9ea2-11e60400c1f5@group-42712CCB35A6: changes role from  FOLLOWER to CANDIDATE at term 2 for changeToCandidate
2022-11-14 01:04:44,827 [50a771df-70d3-4c7d-9ea2-11e60400c1f5@group-42712CCB35A6-FollowerState] INFO  server.RaftServerConfigKeys (ConfUtils.java:logGet(46)) - raft.server.leaderelection.pre-vote = false (custom)
2022-11-14 01:04:44,827 [50a771df-70d3-4c7d-9ea2-11e60400c1f5@group-42712CCB35A6-FollowerState] INFO  impl.RoleInfo (RoleInfo.java:updateAndGet(139)) - 50a771df-70d3-4c7d-9ea2-11e60400c1f5: start 50a771df-70d3-4c7d-9ea2-11e60400c1f5@group-42712CCB35A6-LeaderElection17
2022-11-14 01:04:44,830 [50a771df-70d3-4c7d-9ea2-11e60400c1f5@group-42712CCB35A6-LeaderElection17] INFO  impl.LeaderElection (LeaderElection.java:askForVotes(312)) - 50a771df-70d3-4c7d-9ea2-11e60400c1f5@group-42712CCB35A6-LeaderElection17 ELECTION round 0: submit vote requests at term 3 for -1: peers:[06e93c36-3e5f-4b60-afd6-cffad6b8ca77|rpc:10.1.0.33:33135|priority:1|startupRole:FOLLOWER, 303bca5f-e220-44f8-957a-f0bd1a8a67be|rpc:10.1.0.33:42857|priority:0|startupRole:FOLLOWER, 50a771df-70d3-4c7d-9ea2-11e60400c1f5|rpc:10.1.0.33:34193|priority:0|startupRole:FOLLOWER]|listeners:[], old=null
2022-11-14 01:04:44,830 [50a771df-70d3-4c7d-9ea2-11e60400c1f5@group-42712CCB35A6-LeaderElection17] INFO  server.RaftServerConfigKeys (ConfUtils.java:logFallback(53)) - raft.server.rpc.first-election.timeout.min = 5s (fallback to raft.server.rpc.timeout.min)
2022-11-14 01:04:44,830 [50a771df-70d3-4c7d-9ea2-11e60400c1f5@group-42712CCB35A6-LeaderElection17] INFO  server.RaftServerConfigKeys (ConfUtils.java:logFallback(53)) - raft.server.rpc.first-election.timeout.max = 5200ms (fallback to raft.server.rpc.timeout.max)
2022-11-14 01:04:44,833 [grpc-default-executor-0] INFO  server.RaftServer$Division (RaftServerImpl.java:requestVote(1218)) - 06e93c36-3e5f-4b60-afd6-cffad6b8ca77@group-42712CCB35A6: receive requestVote(ELECTION, 50a771df-70d3-4c7d-9ea2-11e60400c1f5, group-42712CCB35A6, 3, (t:0, i:0))
2022-11-14 01:04:44,833 [grpc-default-executor-0] INFO  impl.VoteContext (VoteContext.java:log(48)) - 06e93c36-3e5f-4b60-afd6-cffad6b8ca77@group-42712CCB35A6-FOLLOWER: reject ELECTION from 50a771df-70d3-4c7d-9ea2-11e60400c1f5: our priority 1 > candidate's priority 0
2022-11-14 01:04:44,834 [grpc-default-executor-0] INFO  server.RaftServer$Division (RaftServerImpl.java:setRole(321)) - 06e93c36-3e5f-4b60-afd6-cffad6b8ca77@group-42712CCB35A6: changes role from  FOLLOWER to FOLLOWER at term 3 for candidate:50a771df-70d3-4c7d-9ea2-11e60400c1f5
2022-11-14 01:04:44,834 [grpc-default-executor-0] INFO  impl.RoleInfo (RoleInfo.java:shutdownFollowerState(110)) - 06e93c36-3e5f-4b60-afd6-cffad6b8ca77: shutdown 06e93c36-3e5f-4b60-afd6-cffad6b8ca77@group-42712CCB35A6-FollowerState
2022-11-14 01:04:44,834 [grpc-default-executor-0] INFO  impl.RoleInfo (RoleInfo.java:updateAndGet(139)) - 06e93c36-3e5f-4b60-afd6-cffad6b8ca77: start 06e93c36-3e5f-4b60-afd6-cffad6b8ca77@group-42712CCB35A6-FollowerState
2022-11-14 01:04:44,835 [06e93c36-3e5f-4b60-afd6-cffad6b8ca77@group-42712CCB35A6-FollowerState] INFO  impl.FollowerState (FollowerState.java:run(152)) - 06e93c36-3e5f-4b60-afd6-cffad6b8ca77@group-42712CCB35A6-FollowerState was interrupted
2022-11-14 01:04:44,841 [grpc-default-executor-0] INFO  server.RaftServer$Division (RaftServerImpl.java:requestVote(1251)) - 06e93c36-3e5f-4b60-afd6-cffad6b8ca77@group-42712CCB35A6 replies to ELECTION vote request: 50a771df-70d3-4c7d-9ea2-11e60400c1f5<-06e93c36-3e5f-4b60-afd6-cffad6b8ca77#0:FAIL-t3. Peer's state: 06e93c36-3e5f-4b60-afd6-cffad6b8ca77@group-42712CCB35A6:t3, leader=null, voted=null, raftlog=Memoized:06e93c36-3e5f-4b60-afd6-cffad6b8ca77@group-42712CCB35A6-SegmentedRaftLog:OPENED:c-1, conf=-1: peers:[06e93c36-3e5f-4b60-afd6-cffad6b8ca77|rpc:10.1.0.33:33135|dataStream:|priority:1|startupRole:FOLLOWER, 303bca5f-e220-44f8-957a-f0bd1a8a67be|rpc:10.1.0.33:42857|dataStream:|priority:0|startupRole:FOLLOWER, 50a771df-70d3-4c7d-9ea2-11e60400c1f5|rpc:10.1.0.33:34193|dataStream:|priority:0|startupRole:FOLLOWER]|listeners:[], old=null
2022-11-14 01:04:44,844 [303bca5f-e220-44f8-957a-f0bd1a8a67be@group-42712CCB35A6-FollowerState] INFO  impl.FollowerState (FollowerState.java:run(143)) - 303bca5f-e220-44f8-957a-f0bd1a8a67be@group-42712CCB35A6-FollowerState: change to CANDIDATE, lastRpcElapsedTime:5082599025ns, electionTimeout:5082ms
2022-11-14 01:04:44,844 [06e93c36-3e5f-4b60-afd6-cffad6b8ca77@group-42712CCB35A6-FollowerState] INFO  server.RaftServerConfigKeys (ConfUtils.java:logFallback(53)) - raft.server.rpc.first-election.timeout.min = 5s (fallback to raft.server.rpc.timeout.min)
2022-11-14 01:04:44,844 [303bca5f-e220-44f8-957a-f0bd1a8a67be@group-42712CCB35A6-FollowerState] INFO  impl.RoleInfo (RoleInfo.java:shutdownFollowerState(110)) - 303bca5f-e220-44f8-957a-f0bd1a8a67be: shutdown 303bca5f-e220-44f8-957a-f0bd1a8a67be@group-42712CCB35A6-FollowerState
2022-11-14 01:04:44,844 [303bca5f-e220-44f8-957a-f0bd1a8a67be@group-42712CCB35A6-FollowerState] INFO  server.RaftServer$Division (RaftServerImpl.java:setRole(321)) - 303bca5f-e220-44f8-957a-f0bd1a8a67be@group-42712CCB35A6: changes role from  FOLLOWER to CANDIDATE at term 2 for changeToCandidate
2022-11-14 01:04:44,844 [303bca5f-e220-44f8-957a-f0bd1a8a67be@group-42712CCB35A6-FollowerState] INFO  server.RaftServerConfigKeys (ConfUtils.java:logGet(46)) - raft.server.leaderelection.pre-vote = false (custom)
2022-11-14 01:04:44,844 [303bca5f-e220-44f8-957a-f0bd1a8a67be@group-42712CCB35A6-FollowerState] INFO  impl.RoleInfo (RoleInfo.java:updateAndGet(139)) - 303bca5f-e220-44f8-957a-f0bd1a8a67be: start 303bca5f-e220-44f8-957a-f0bd1a8a67be@group-42712CCB35A6-LeaderElection18
2022-11-14 01:04:44,845 [50a771df-70d3-4c7d-9ea2-11e60400c1f5@group-42712CCB35A6-LeaderElection17] INFO  impl.LeaderElection (LeaderElection.java:logAndReturn(90)) - 50a771df-70d3-4c7d-9ea2-11e60400c1f5@group-42712CCB35A6-LeaderElection17: ELECTION REJECTED received 1 response(s) and 0 exception(s):
2022-11-14 01:04:44,845 [50a771df-70d3-4c7d-9ea2-11e60400c1f5@group-42712CCB35A6-LeaderElection17] INFO  impl.LeaderElection (LeaderElection.java:logAndReturn(94)) -   Response 0: 50a771df-70d3-4c7d-9ea2-11e60400c1f5<-06e93c36-3e5f-4b60-afd6-cffad6b8ca77#0:FAIL-t3
2022-11-14 01:04:44,845 [06e93c36-3e5f-4b60-afd6-cffad6b8ca77@group-42712CCB35A6-FollowerState] INFO  server.RaftServerConfigKeys (ConfUtils.java:logFallback(53)) - raft.server.rpc.first-election.timeout.max = 5200ms (fallback to raft.server.rpc.timeout.max)
2022-11-14 01:04:44,852 [50a771df-70d3-4c7d-9ea2-11e60400c1f5@group-42712CCB35A6-LeaderElection17] INFO  impl.LeaderElection (LeaderElection.java:askForVotes(314)) - 50a771df-70d3-4c7d-9ea2-11e60400c1f5@group-42712CCB35A6-LeaderElection17 ELECTION round 0: result REJECTED
2022-11-14 01:04:44,852 [50a771df-70d3-4c7d-9ea2-11e60400c1f5@group-42712CCB35A6-LeaderElection17] INFO  server.RaftServer$Division (RaftServerImpl.java:setRole(321)) - 50a771df-70d3-4c7d-9ea2-11e60400c1f5@group-42712CCB35A6: changes role from CANDIDATE to FOLLOWER at term 3 for REJECTED
2022-11-14 01:04:44,852 [50a771df-70d3-4c7d-9ea2-11e60400c1f5@group-42712CCB35A6-LeaderElection17] INFO  impl.RoleInfo (RoleInfo.java:shutdownLeaderElection(130)) - 50a771df-70d3-4c7d-9ea2-11e60400c1f5: shutdown 50a771df-70d3-4c7d-9ea2-11e60400c1f5@group-42712CCB35A6-LeaderElection17
2022-11-14 01:04:44,852 [grpc-default-executor-4] INFO  server.RaftServer$Division (RaftServerImpl.java:requestVote(1218)) - 303bca5f-e220-44f8-957a-f0bd1a8a67be@group-42712CCB35A6: receive requestVote(ELECTION, 50a771df-70d3-4c7d-9ea2-11e60400c1f5, group-42712CCB35A6, 3, (t:0, i:0))
2022-11-14 01:04:44,852 [50a771df-70d3-4c7d-9ea2-11e60400c1f5@group-42712CCB35A6-LeaderElection17] INFO  impl.RoleInfo (RoleInfo.java:updateAndGet(139)) - 50a771df-70d3-4c7d-9ea2-11e60400c1f5: start 50a771df-70d3-4c7d-9ea2-11e60400c1f5@group-42712CCB35A6-FollowerState
2022-11-14 01:04:44,852 [grpc-default-executor-4] INFO  impl.VoteContext (VoteContext.java:log(48)) - 303bca5f-e220-44f8-957a-f0bd1a8a67be@group-42712CCB35A6-CANDIDATE: accept ELECTION from 50a771df-70d3-4c7d-9ea2-11e60400c1f5: our priority 0 <= candidate's priority 0
2022-11-14 01:04:44,852 [grpc-default-executor-4] INFO  server.RaftServer$Division (RaftServerImpl.java:setRole(321)) - 303bca5f-e220-44f8-957a-f0bd1a8a67be@group-42712CCB35A6: changes role from CANDIDATE to FOLLOWER at term 3 for candidate:50a771df-70d3-4c7d-9ea2-11e60400c1f5
2022-11-14 01:04:44,852 [grpc-default-executor-4] INFO  impl.RoleInfo (RoleInfo.java:shutdownLeaderElection(130)) - 303bca5f-e220-44f8-957a-f0bd1a8a67be: shutdown 303bca5f-e220-44f8-957a-f0bd1a8a67be@group-42712CCB35A6-LeaderElection18
2022-11-14 01:04:44,852 [grpc-default-executor-4] INFO  impl.RoleInfo (RoleInfo.java:updateAndGet(139)) - 303bca5f-e220-44f8-957a-f0bd1a8a67be: start 303bca5f-e220-44f8-957a-f0bd1a8a67be@group-42712CCB35A6-FollowerState
2022-11-14 01:04:44,852 [50a771df-70d3-4c7d-9ea2-11e60400c1f5@group-42712CCB35A6-FollowerState] INFO  server.RaftServerConfigKeys (ConfUtils.java:logFallback(53)) - raft.server.rpc.first-election.timeout.min = 5s (fallback to raft.server.rpc.timeout.min)
2022-11-14 01:04:44,852 [50a771df-70d3-4c7d-9ea2-11e60400c1f5@group-42712CCB35A6-FollowerState] INFO  server.RaftServerConfigKeys (ConfUtils.java:logFallback(53)) - raft.server.rpc.first-election.timeout.max = 5200ms (fallback to raft.server.rpc.timeout.max)
2022-11-14 01:04:44,853 [303bca5f-e220-44f8-957a-f0bd1a8a67be@group-42712CCB35A6-FollowerState] INFO  server.RaftServerConfigKeys (ConfUtils.java:logFallback(53)) - raft.server.rpc.first-election.timeout.min = 5s (fallback to raft.server.rpc.timeout.min)
2022-11-14 01:04:44,853 [303bca5f-e220-44f8-957a-f0bd1a8a67be@group-42712CCB35A6-FollowerState] INFO  server.RaftServerConfigKeys (ConfUtils.java:logFallback(53)) - raft.server.rpc.first-election.timeout.max = 5200ms (fallback to raft.server.rpc.timeout.max)
2022-11-14 01:04:44,853 [303bca5f-e220-44f8-957a-f0bd1a8a67be@group-42712CCB35A6-LeaderElection18] INFO  impl.LeaderElection (LeaderElection.java:run(233)) - 303bca5f-e220-44f8-957a-f0bd1a8a67be@group-42712CCB35A6-LeaderElection18: skip running since this is already CLOSING
2022-11-14 01:04:44,854 [grpc-default-executor-4] INFO  server.RaftServer$Division (RaftServerImpl.java:requestVote(1251)) - 303bca5f-e220-44f8-957a-f0bd1a8a67be@group-42712CCB35A6 replies to ELECTION vote request: 50a771df-70d3-4c7d-9ea2-11e60400c1f5<-303bca5f-e220-44f8-957a-f0bd1a8a67be#0:OK-t3. Peer's state: 303bca5f-e220-44f8-957a-f0bd1a8a67be@group-42712CCB35A6:t3, leader=null, voted=50a771df-70d3-4c7d-9ea2-11e60400c1f5, raftlog=Memoized:303bca5f-e220-44f8-957a-f0bd1a8a67be@group-42712CCB35A6-SegmentedRaftLog:OPENED:c-1, conf=-1: peers:[06e93c36-3e5f-4b60-afd6-cffad6b8ca77|rpc:10.1.0.33:33135|priority:1|startupRole:FOLLOWER, 303bca5f-e220-44f8-957a-f0bd1a8a67be|rpc:10.1.0.33:42857|priority:0|startupRole:FOLLOWER, 50a771df-70d3-4c7d-9ea2-11e60400c1f5|rpc:10.1.0.33:34193|priority:0|startupRole:FOLLOWER]|listeners:[], old=null
2022-11-14 01:04:45,501 [50a771df-70d3-4c7d-9ea2-11e60400c1f5@group-7477ECCF7542-FollowerState] INFO  impl.FollowerState (FollowerState.java:run(143)) - 50a771df-70d3-4c7d-9ea2-11e60400c1f5@group-7477ECCF7542-FollowerState: change to CANDIDATE, lastRpcElapsedTime:5025423795ns, electionTimeout:5012ms
2022-11-14 01:04:45,501 [50a771df-70d3-4c7d-9ea2-11e60400c1f5@group-7477ECCF7542-FollowerState] INFO  impl.RoleInfo (RoleInfo.java:shutdownFollowerState(110)) - 50a771df-70d3-4c7d-9ea2-11e60400c1f5: shutdown 50a771df-70d3-4c7d-9ea2-11e60400c1f5@group-7477ECCF7542-FollowerState
2022-11-14 01:04:45,501 [50a771df-70d3-4c7d-9ea2-11e60400c1f5@group-7477ECCF7542-FollowerState] INFO  server.RaftServer$Division (RaftServerImpl.java:setRole(321)) - 50a771df-70d3-4c7d-9ea2-11e60400c1f5@group-7477ECCF7542: changes role from  FOLLOWER to CANDIDATE at term 2 for changeToCandidate
2022-11-14 01:04:45,501 [50a771df-70d3-4c7d-9ea2-11e60400c1f5@group-7477ECCF7542-FollowerState] INFO  server.RaftServerConfigKeys (ConfUtils.java:logGet(46)) - raft.server.leaderelection.pre-vote = false (custom)
2022-11-14 01:04:45,501 [50a771df-70d3-4c7d-9ea2-11e60400c1f5@group-7477ECCF7542-FollowerState] INFO  impl.RoleInfo (RoleInfo.java:updateAndGet(139)) - 50a771df-70d3-4c7d-9ea2-11e60400c1f5: start 50a771df-70d3-4c7d-9ea2-11e60400c1f5@group-7477ECCF7542-LeaderElection19
2022-11-14 01:04:45,504 [50a771df-70d3-4c7d-9ea2-11e60400c1f5@group-7477ECCF7542-LeaderElection19] INFO  impl.LeaderElection (LeaderElection.java:askForVotes(312)) - 50a771df-70d3-4c7d-9ea2-11e60400c1f5@group-7477ECCF7542-LeaderElection19 ELECTION round 0: submit vote requests at term 3 for -1: peers:[06e93c36-3e5f-4b60-afd6-cffad6b8ca77|rpc:10.1.0.33:33135|priority:0|startupRole:FOLLOWER, 303bca5f-e220-44f8-957a-f0bd1a8a67be|rpc:10.1.0.33:42857|priority:0|startupRole:FOLLOWER, 50a771df-70d3-4c7d-9ea2-11e60400c1f5|rpc:10.1.0.33:34193|priority:1|startupRole:FOLLOWER]|listeners:[], old=null
2022-11-14 01:04:45,505 [50a771df-70d3-4c7d-9ea2-11e60400c1f5@group-7477ECCF7542-LeaderElection19] INFO  server.RaftServerConfigKeys (ConfUtils.java:logFallback(53)) - raft.server.rpc.first-election.timeout.min = 5s (fallback to raft.server.rpc.timeout.min)
2022-11-14 01:04:45,505 [50a771df-70d3-4c7d-9ea2-11e60400c1f5@group-7477ECCF7542-LeaderElection19] INFO  server.RaftServerConfigKeys (ConfUtils.java:logFallback(53)) - raft.server.rpc.first-election.timeout.max = 5200ms (fallback to raft.server.rpc.timeout.max)
2022-11-14 01:04:45,507 [grpc-default-executor-0] INFO  server.RaftServer$Division (RaftServerImpl.java:requestVote(1218)) - 06e93c36-3e5f-4b60-afd6-cffad6b8ca77@group-7477ECCF7542: receive requestVote(ELECTION, 50a771df-70d3-4c7d-9ea2-11e60400c1f5, group-7477ECCF7542, 3, (t:0, i:0))
2022-11-14 01:04:45,507 [grpc-default-executor-0] INFO  impl.VoteContext (VoteContext.java:log(48)) - 06e93c36-3e5f-4b60-afd6-cffad6b8ca77@group-7477ECCF7542-FOLLOWER: accept ELECTION from 50a771df-70d3-4c7d-9ea2-11e60400c1f5: our priority 0 <= candidate's priority 1
2022-11-14 01:04:45,508 [grpc-default-executor-0] INFO  server.RaftServer$Division (RaftServerImpl.java:setRole(321)) - 06e93c36-3e5f-4b60-afd6-cffad6b8ca77@group-7477ECCF7542: changes role from  FOLLOWER to FOLLOWER at term 3 for candidate:50a771df-70d3-4c7d-9ea2-11e60400c1f5
2022-11-14 01:04:45,508 [grpc-default-executor-0] INFO  impl.RoleInfo (RoleInfo.java:shutdownFollowerState(110)) - 06e93c36-3e5f-4b60-afd6-cffad6b8ca77: shutdown 06e93c36-3e5f-4b60-afd6-cffad6b8ca77@group-7477ECCF7542-FollowerState
2022-11-14 01:04:45,508 [grpc-default-executor-0] INFO  impl.RoleInfo (RoleInfo.java:updateAndGet(139)) - 06e93c36-3e5f-4b60-afd6-cffad6b8ca77: start 06e93c36-3e5f-4b60-afd6-cffad6b8ca77@group-7477ECCF7542-FollowerState
2022-11-14 01:04:45,508 [06e93c36-3e5f-4b60-afd6-cffad6b8ca77@group-7477ECCF7542-FollowerState] INFO  impl.FollowerState (FollowerState.java:run(152)) - 06e93c36-3e5f-4b60-afd6-cffad6b8ca77@group-7477ECCF7542-FollowerState was interrupted
2022-11-14 01:04:45,508 [grpc-default-executor-4] INFO  server.RaftServer$Division (RaftServerImpl.java:requestVote(1218)) - 303bca5f-e220-44f8-957a-f0bd1a8a67be@group-7477ECCF7542: receive requestVote(ELECTION, 50a771df-70d3-4c7d-9ea2-11e60400c1f5, group-7477ECCF7542, 3, (t:0, i:0))
2022-11-14 01:04:45,508 [grpc-default-executor-4] INFO  impl.VoteContext (VoteContext.java:log(48)) - 303bca5f-e220-44f8-957a-f0bd1a8a67be@group-7477ECCF7542-FOLLOWER: accept ELECTION from 50a771df-70d3-4c7d-9ea2-11e60400c1f5: our priority 0 <= candidate's priority 1
2022-11-14 01:04:45,508 [grpc-default-executor-4] INFO  server.RaftServer$Division (RaftServerImpl.java:setRole(321)) - 303bca5f-e220-44f8-957a-f0bd1a8a67be@group-7477ECCF7542: changes role from  FOLLOWER to FOLLOWER at term 3 for candidate:50a771df-70d3-4c7d-9ea2-11e60400c1f5
2022-11-14 01:04:45,508 [grpc-default-executor-4] INFO  impl.RoleInfo (RoleInfo.java:shutdownFollowerState(110)) - 303bca5f-e220-44f8-957a-f0bd1a8a67be: shutdown 303bca5f-e220-44f8-957a-f0bd1a8a67be@group-7477ECCF7542-FollowerState
2022-11-14 01:04:45,515 [grpc-default-executor-4] INFO  impl.RoleInfo (RoleInfo.java:updateAndGet(139)) - 303bca5f-e220-44f8-957a-f0bd1a8a67be: start 303bca5f-e220-44f8-957a-f0bd1a8a67be@group-7477ECCF7542-FollowerState
2022-11-14 01:04:45,515 [303bca5f-e220-44f8-957a-f0bd1a8a67be@group-7477ECCF7542-FollowerState] INFO  impl.FollowerState (FollowerState.java:run(152)) - 303bca5f-e220-44f8-957a-f0bd1a8a67be@group-7477ECCF7542-FollowerState was interrupted
2022-11-14 01:04:45,517 [grpc-default-executor-4] INFO  server.RaftServer$Division (RaftServerImpl.java:requestVote(1251)) - 303bca5f-e220-44f8-957a-f0bd1a8a67be@group-7477ECCF7542 replies to ELECTION vote request: 50a771df-70d3-4c7d-9ea2-11e60400c1f5<-303bca5f-e220-44f8-957a-f0bd1a8a67be#0:OK-t3. Peer's state: 303bca5f-e220-44f8-957a-f0bd1a8a67be@group-7477ECCF7542:t3, leader=null, voted=50a771df-70d3-4c7d-9ea2-11e60400c1f5, raftlog=Memoized:303bca5f-e220-44f8-957a-f0bd1a8a67be@group-7477ECCF7542-SegmentedRaftLog:OPENED:c-1, conf=-1: peers:[06e93c36-3e5f-4b60-afd6-cffad6b8ca77|rpc:10.1.0.33:33135|priority:0|startupRole:FOLLOWER, 303bca5f-e220-44f8-957a-f0bd1a8a67be|rpc:10.1.0.33:42857|priority:0|startupRole:FOLLOWER, 50a771df-70d3-4c7d-9ea2-11e60400c1f5|rpc:10.1.0.33:34193|priority:1|startupRole:FOLLOWER]|listeners:[], old=null
2022-11-14 01:04:45,517 [06e93c36-3e5f-4b60-afd6-cffad6b8ca77@group-7477ECCF7542-FollowerState] INFO  server.RaftServerConfigKeys (ConfUtils.java:logFallback(53)) - raft.server.rpc.first-election.timeout.min = 5s (fallback to raft.server.rpc.timeout.min)
2022-11-14 01:04:45,517 [06e93c36-3e5f-4b60-afd6-cffad6b8ca77@group-7477ECCF7542-FollowerState] INFO  server.RaftServerConfigKeys (ConfUtils.java:logFallback(53)) - raft.server.rpc.first-election.timeout.max = 5200ms (fallback to raft.server.rpc.timeout.max)
2022-11-14 01:04:45,518 [grpc-default-executor-0] INFO  server.RaftServer$Division (RaftServerImpl.java:requestVote(1251)) - 06e93c36-3e5f-4b60-afd6-cffad6b8ca77@group-7477ECCF7542 replies to ELECTION vote request: 50a771df-70d3-4c7d-9ea2-11e60400c1f5<-06e93c36-3e5f-4b60-afd6-cffad6b8ca77#0:OK-t3. Peer's state: 06e93c36-3e5f-4b60-afd6-cffad6b8ca77@group-7477ECCF7542:t3, leader=null, voted=50a771df-70d3-4c7d-9ea2-11e60400c1f5, raftlog=Memoized:06e93c36-3e5f-4b60-afd6-cffad6b8ca77@group-7477ECCF7542-SegmentedRaftLog:OPENED:c-1, conf=-1: peers:[06e93c36-3e5f-4b60-afd6-cffad6b8ca77|rpc:10.1.0.33:33135|priority:0|startupRole:FOLLOWER, 303bca5f-e220-44f8-957a-f0bd1a8a67be|rpc:10.1.0.33:42857|priority:0|startupRole:FOLLOWER, 50a771df-70d3-4c7d-9ea2-11e60400c1f5|rpc:10.1.0.33:34193|priority:1|startupRole:FOLLOWER]|listeners:[], old=null
2022-11-14 01:04:45,520 [50a771df-70d3-4c7d-9ea2-11e60400c1f5@group-7477ECCF7542-LeaderElection19] INFO  impl.LeaderElection (LeaderElection.java:logAndReturn(90)) - 50a771df-70d3-4c7d-9ea2-11e60400c1f5@group-7477ECCF7542-LeaderElection19: ELECTION PASSED received 1 response(s) and 0 exception(s):
2022-11-14 01:04:45,520 [50a771df-70d3-4c7d-9ea2-11e60400c1f5@group-7477ECCF7542-LeaderElection19] INFO  impl.LeaderElection (LeaderElection.java:logAndReturn(94)) -   Response 0: 50a771df-70d3-4c7d-9ea2-11e60400c1f5<-303bca5f-e220-44f8-957a-f0bd1a8a67be#0:OK-t3
2022-11-14 01:04:45,520 [50a771df-70d3-4c7d-9ea2-11e60400c1f5@group-7477ECCF7542-LeaderElection19] INFO  impl.LeaderElection (LeaderElection.java:askForVotes(314)) - 50a771df-70d3-4c7d-9ea2-11e60400c1f5@group-7477ECCF7542-LeaderElection19 ELECTION round 0: result PASSED
2022-11-14 01:04:45,520 [50a771df-70d3-4c7d-9ea2-11e60400c1f5@group-7477ECCF7542-LeaderElection19] INFO  impl.RoleInfo (RoleInfo.java:shutdownLeaderElection(130)) - 50a771df-70d3-4c7d-9ea2-11e60400c1f5: shutdown 50a771df-70d3-4c7d-9ea2-11e60400c1f5@group-7477ECCF7542-LeaderElection19
2022-11-14 01:04:45,520 [50a771df-70d3-4c7d-9ea2-11e60400c1f5@group-7477ECCF7542-LeaderElection19] INFO  server.RaftServer$Division (RaftServerImpl.java:setRole(321)) - 50a771df-70d3-4c7d-9ea2-11e60400c1f5@group-7477ECCF7542: changes role from CANDIDATE to LEADER at term 3 for changeToLeader
2022-11-14 01:04:45,520 [50a771df-70d3-4c7d-9ea2-11e60400c1f5@group-7477ECCF7542-LeaderElection19] INFO  ratis.XceiverServerRatis (XceiverServerRatis.java:handleLeaderChangedNotification(863)) - Leader change notification received for group: group-7477ECCF7542 with new leaderId: 50a771df-70d3-4c7d-9ea2-11e60400c1f5
2022-11-14 01:04:45,520 [50a771df-70d3-4c7d-9ea2-11e60400c1f5@group-7477ECCF7542-LeaderElection19] INFO  server.RaftServer$Division (ServerState.java:setLeader(313)) - 50a771df-70d3-4c7d-9ea2-11e60400c1f5@group-7477ECCF7542: change Leader from null to 50a771df-70d3-4c7d-9ea2-11e60400c1f5 at term 3 for becomeLeader, leader elected after 15251ms
2022-11-14 01:04:45,520 [50a771df-70d3-4c7d-9ea2-11e60400c1f5@group-7477ECCF7542-LeaderElection19] INFO  server.RaftServerConfigKeys (ConfUtils.java:logGet(46)) - raft.server.staging.catchup.gap = 1000 (default)
2022-11-14 01:04:45,522 [50a771df-70d3-4c7d-9ea2-11e60400c1f5@group-7477ECCF7542-LeaderElection19] INFO  server.RaftServerConfigKeys (ConfUtils.java:logGet(46)) - raft.server.write.element-limit = 1024 (custom)
2022-11-14 01:04:45,522 [50a771df-70d3-4c7d-9ea2-11e60400c1f5@group-7477ECCF7542-LeaderElection19] INFO  server.RaftServerConfigKeys (ConfUtils.java:logGet(46)) - raft.server.write.byte-limit = 1024 M (=1073741824) (custom)
2022-11-14 01:04:45,522 [50a771df-70d3-4c7d-9ea2-11e60400c1f5@group-7477ECCF7542-LeaderElection19] INFO  server.RaftServerConfigKeys (ConfUtils.java:logGet(46)) - raft.server.watch.timeout = 180s (custom)
2022-11-14 01:04:45,522 [50a771df-70d3-4c7d-9ea2-11e60400c1f5@group-7477ECCF7542-LeaderElection19] INFO  server.RaftServerConfigKeys (ConfUtils.java:logGet(46)) - raft.server.watch.timeout.denomination = 1s (default)
2022-11-14 01:04:45,522 [50a771df-70d3-4c7d-9ea2-11e60400c1f5@group-7477ECCF7542-LeaderElection19] INFO  server.RaftServerConfigKeys (ConfUtils.java:logGet(46)) - raft.server.watch.element-limit = 65536 (default)
2022-11-14 01:04:45,522 [50a771df-70d3-4c7d-9ea2-11e60400c1f5@group-7477ECCF7542-LeaderElection19] INFO  server.RaftServerConfigKeys (ConfUtils.java:logGet(46)) - raft.server.write.element-limit = 1024 (custom)
2022-11-14 01:04:45,522 [50a771df-70d3-4c7d-9ea2-11e60400c1f5@group-7477ECCF7542-LeaderElection19] INFO  server.RaftServerConfigKeys (ConfUtils.java:logGet(46)) - raft.server.write.follower.gap.ratio.max = -1.0 (default)
2022-11-14 01:04:45,523 [50a771df-70d3-4c7d-9ea2-11e60400c1f5@group-7477ECCF7542-LeaderElection19] INFO  server.RaftServerConfigKeys (ConfUtils.java:logGet(46)) - raft.server.log.appender.snapshot.chunk.size.max = 16MB (=16777216) (default)
2022-11-14 01:04:45,523 [50a771df-70d3-4c7d-9ea2-11e60400c1f5@group-7477ECCF7542-LeaderElection19] INFO  server.RaftServerConfigKeys (ConfUtils.java:logGet(46)) - raft.server.log.appender.buffer.byte-limit = 33554432 (custom)
2022-11-14 01:04:45,523 [50a771df-70d3-4c7d-9ea2-11e60400c1f5@group-7477ECCF7542-LeaderElection19] INFO  server.RaftServerConfigKeys (ConfUtils.java:logGet(46)) - raft.server.log.appender.buffer.element-limit = 1 (custom)
2022-11-14 01:04:45,523 [50a771df-70d3-4c7d-9ea2-11e60400c1f5@group-7477ECCF7542-LeaderElection19] INFO  grpc.GrpcConfigKeys (ConfUtils.java:logGet(46)) - raft.grpc.server.leader.outstanding.appends.max = 128 (default)
2022-11-14 01:04:45,523 [50a771df-70d3-4c7d-9ea2-11e60400c1f5@group-7477ECCF7542-LeaderElection19] INFO  server.RaftServerConfigKeys (ConfUtils.java:logGet(46)) - raft.server.rpc.request.timeout = 60s (custom)
2022-11-14 01:04:45,523 [50a771df-70d3-4c7d-9ea2-11e60400c1f5@group-7477ECCF7542-LeaderElection19] INFO  server.RaftServerConfigKeys (ConfUtils.java:logGet(46)) - raft.server.log.appender.install.snapshot.enabled = false (custom)
2022-11-14 01:04:45,523 [50a771df-70d3-4c7d-9ea2-11e60400c1f5@group-7477ECCF7542-LeaderElection19] INFO  grpc.GrpcConfigKeys (ConfUtils.java:logGet(46)) - raft.grpc.server.heartbeat.channel = true (default)
2022-11-14 01:04:45,523 [50a771df-70d3-4c7d-9ea2-11e60400c1f5@group-7477ECCF7542-LeaderElection19] INFO  server.RaftServerConfigKeys (ConfUtils.java:logGet(46)) - raft.server.log.appender.wait-time.min = 10ms (default)
2022-11-14 01:04:45,524 [50a771df-70d3-4c7d-9ea2-11e60400c1f5@group-7477ECCF7542-LeaderElection19] INFO  server.RaftServerConfigKeys (ConfUtils.java:logGet(46)) - raft.server.log.appender.snapshot.chunk.size.max = 16MB (=16777216) (default)
2022-11-14 01:04:45,524 [50a771df-70d3-4c7d-9ea2-11e60400c1f5@group-7477ECCF7542-LeaderElection19] INFO  server.RaftServerConfigKeys (ConfUtils.java:logGet(46)) - raft.server.log.appender.buffer.byte-limit = 33554432 (custom)
2022-11-14 01:04:45,524 [50a771df-70d3-4c7d-9ea2-11e60400c1f5@group-7477ECCF7542-LeaderElection19] INFO  server.RaftServerConfigKeys (ConfUtils.java:logGet(46)) - raft.server.log.appender.buffer.element-limit = 1 (custom)
2022-11-14 01:04:45,525 [EventQueue-PipelineReportForPipelineReportHandler] INFO  pipeline.PipelineManagerImpl (PipelineManagerImpl.java:openPipeline(367)) - Pipeline Pipeline[ Id: f816e042-922b-4701-8e5d-7477eccf7542, Nodes: 303bca5f-e220-44f8-957a-f0bd1a8a67be{ip: 10.1.0.33, host: fv-az334-552.zg0gw54pbdoexfhqlmz30d51na.gx.internal.cloudapp.net, ports: [REPLICATION=44205, RATIS=42857, RATIS_ADMIN=42857, RATIS_SERVER=42857, STANDALONE=39669], networkLocation: /default-rack, certSerialId: null, persistedOpState: IN_SERVICE, persistedOpStateExpiryEpochSec: 0}50a771df-70d3-4c7d-9ea2-11e60400c1f5{ip: 10.1.0.33, host: fv-az334-552.zg0gw54pbdoexfhqlmz30d51na.gx.internal.cloudapp.net, ports: [REPLICATION=40571, RATIS=34193, RATIS_ADMIN=34193, RATIS_SERVER=34193, STANDALONE=34795], networkLocation: /default-rack, certSerialId: null, persistedOpState: IN_SERVICE, persistedOpStateExpiryEpochSec: 0}06e93c36-3e5f-4b60-afd6-cffad6b8ca77{ip: 10.1.0.33, host: fv-az334-552.zg0gw54pbdoexfhqlmz30d51na.gx.internal.cloudapp.net, ports: [REPLICATION=39787, RATIS=33135, RATIS_ADMIN=33135, RATIS_SERVER=33135, STANDALONE=37159], networkLocation: /default-rack, certSerialId: null, persistedOpState: IN_SERVICE, persistedOpStateExpiryEpochSec: 0}, ReplicationConfig: RATIS/THREE, State:ALLOCATED, leaderId:50a771df-70d3-4c7d-9ea2-11e60400c1f5, CreationTimestamp2022-11-14T01:04:27.267Z[Etc/UTC]] moved to OPEN state
2022-11-14 01:04:45,528 [303bca5f-e220-44f8-957a-f0bd1a8a67be@group-7477ECCF7542-FollowerState] INFO  server.RaftServerConfigKeys (ConfUtils.java:logFallback(53)) - raft.server.rpc.first-election.timeout.min = 5s (fallback to raft.server.rpc.timeout.min)
2022-11-14 01:04:45,528 [303bca5f-e220-44f8-957a-f0bd1a8a67be@group-7477ECCF7542-FollowerState] INFO  server.RaftServerConfigKeys (ConfUtils.java:logFallback(53)) - raft.server.rpc.first-election.timeout.max = 5200ms (fallback to raft.server.rpc.timeout.max)
2022-11-14 01:04:45,528 [50a771df-70d3-4c7d-9ea2-11e60400c1f5@group-7477ECCF7542-LeaderElection19] INFO  grpc.GrpcConfigKeys (ConfUtils.java:logGet(46)) - raft.grpc.server.leader.outstanding.appends.max = 128 (default)
2022-11-14 01:04:45,528 [50a771df-70d3-4c7d-9ea2-11e60400c1f5@group-7477ECCF7542-LeaderElection19] INFO  server.RaftServerConfigKeys (ConfUtils.java:logGet(46)) - raft.server.rpc.request.timeout = 60s (custom)
2022-11-14 01:04:45,528 [50a771df-70d3-4c7d-9ea2-11e60400c1f5@group-7477ECCF7542-LeaderElection19] INFO  server.RaftServerConfigKeys (ConfUtils.java:logGet(46)) - raft.server.log.appender.install.snapshot.enabled = false (custom)
2022-11-14 01:04:45,528 [50a771df-70d3-4c7d-9ea2-11e60400c1f5@group-7477ECCF7542-LeaderElection19] INFO  grpc.GrpcConfigKeys (ConfUtils.java:logGet(46)) - raft.grpc.server.heartbeat.channel = true (default)
2022-11-14 01:04:45,528 [50a771df-70d3-4c7d-9ea2-11e60400c1f5@group-7477ECCF7542-LeaderElection19] INFO  server.RaftServerConfigKeys (ConfUtils.java:logGet(46)) - raft.server.log.appender.wait-time.min = 10ms (default)
2022-11-14 01:04:45,528 [50a771df-70d3-4c7d-9ea2-11e60400c1f5@group-7477ECCF7542-LeaderElection19] INFO  impl.RoleInfo (RoleInfo.java:updateAndGet(139)) - 50a771df-70d3-4c7d-9ea2-11e60400c1f5: start 50a771df-70d3-4c7d-9ea2-11e60400c1f5@group-7477ECCF7542-LeaderStateImpl
2022-11-14 01:04:45,529 [50a771df-70d3-4c7d-9ea2-11e60400c1f5@group-7477ECCF7542-LeaderElection19] INFO  segmented.SegmentedRaftLogWorker (SegmentedRaftLogWorker.java:startLogSegment(452)) - 50a771df-70d3-4c7d-9ea2-11e60400c1f5@group-7477ECCF7542-SegmentedRaftLogWorker: Starting segment from index:0
2022-11-14 01:04:45,531 [50a771df-70d3-4c7d-9ea2-11e60400c1f5@group-7477ECCF7542-SegmentedRaftLogWorker] INFO  segmented.SegmentedRaftLogWorker (SegmentedRaftLogWorker.java:execute(656)) - 50a771df-70d3-4c7d-9ea2-11e60400c1f5@group-7477ECCF7542-SegmentedRaftLogWorker: created new log segment /home/runner/work/ozone/ozone/hadoop-ozone/integration-test/target/test-dir/MiniOzoneClusterImpl-733ab8e8-73b4-47ae-b22b-a548a4863177/datanode-0/data/ratis/f816e042-922b-4701-8e5d-7477eccf7542/current/log_inprogress_0
2022-11-14 01:04:45,539 [06e93c36-3e5f-4b60-afd6-cffad6b8ca77-server-thread1] INFO  ratis.XceiverServerRatis (XceiverServerRatis.java:handleLeaderChangedNotification(863)) - Leader change notification received for group: group-7477ECCF7542 with new leaderId: 50a771df-70d3-4c7d-9ea2-11e60400c1f5
2022-11-14 01:04:45,539 [06e93c36-3e5f-4b60-afd6-cffad6b8ca77-server-thread1] INFO  server.RaftServer$Division (ServerState.java:setLeader(313)) - 06e93c36-3e5f-4b60-afd6-cffad6b8ca77@group-7477ECCF7542: change Leader from null to 50a771df-70d3-4c7d-9ea2-11e60400c1f5 at term 3 for appendEntries, leader elected after 15244ms
2022-11-14 01:04:45,548 [50a771df-70d3-4c7d-9ea2-11e60400c1f5@group-7477ECCF7542-LeaderElection19] INFO  server.RaftServer$Division (ServerState.java:setRaftConf(430)) - 50a771df-70d3-4c7d-9ea2-11e60400c1f5@group-7477ECCF7542: set configuration 0: peers:[06e93c36-3e5f-4b60-afd6-cffad6b8ca77|rpc:10.1.0.33:33135|dataStream:|priority:0|startupRole:FOLLOWER, 303bca5f-e220-44f8-957a-f0bd1a8a67be|rpc:10.1.0.33:42857|dataStream:|priority:0|startupRole:FOLLOWER, 50a771df-70d3-4c7d-9ea2-11e60400c1f5|rpc:10.1.0.33:34193|dataStream:|priority:1|startupRole:FOLLOWER]|listeners:[], old=null
2022-11-14 01:04:45,549 [303bca5f-e220-44f8-957a-f0bd1a8a67be-server-thread2] INFO  ratis.XceiverServerRatis (XceiverServerRatis.java:handleLeaderChangedNotification(863)) - Leader change notification received for group: group-7477ECCF7542 with new leaderId: 50a771df-70d3-4c7d-9ea2-11e60400c1f5
2022-11-14 01:04:45,549 [303bca5f-e220-44f8-957a-f0bd1a8a67be-server-thread2] INFO  server.RaftServer$Division (ServerState.java:setLeader(313)) - 303bca5f-e220-44f8-957a-f0bd1a8a67be@group-7477ECCF7542: change Leader from null to 50a771df-70d3-4c7d-9ea2-11e60400c1f5 at term 3 for appendEntries, leader elected after 15299ms
2022-11-14 01:04:45,551 [303bca5f-e220-44f8-957a-f0bd1a8a67be-server-thread2] INFO  server.RaftServer$Division (ServerState.java:setRaftConf(430)) - 303bca5f-e220-44f8-957a-f0bd1a8a67be@group-7477ECCF7542: set configuration 0: peers:[06e93c36-3e5f-4b60-afd6-cffad6b8ca77|rpc:10.1.0.33:33135|dataStream:|priority:0|startupRole:FOLLOWER, 303bca5f-e220-44f8-957a-f0bd1a8a67be|rpc:10.1.0.33:42857|dataStream:|priority:0|startupRole:FOLLOWER, 50a771df-70d3-4c7d-9ea2-11e60400c1f5|rpc:10.1.0.33:34193|dataStream:|priority:1|startupRole:FOLLOWER]|listeners:[], old=null
2022-11-14 01:04:45,556 [06e93c36-3e5f-4b60-afd6-cffad6b8ca77-server-thread1] INFO  server.RaftServer$Division (ServerState.java:setRaftConf(430)) - 06e93c36-3e5f-4b60-afd6-cffad6b8ca77@group-7477ECCF7542: set configuration 0: peers:[06e93c36-3e5f-4b60-afd6-cffad6b8ca77|rpc:10.1.0.33:33135|dataStream:|priority:0|startupRole:FOLLOWER, 303bca5f-e220-44f8-957a-f0bd1a8a67be|rpc:10.1.0.33:42857|dataStream:|priority:0|startupRole:FOLLOWER, 50a771df-70d3-4c7d-9ea2-11e60400c1f5|rpc:10.1.0.33:34193|dataStream:|priority:1|startupRole:FOLLOWER]|listeners:[], old=null
2022-11-14 01:04:45,556 [06e93c36-3e5f-4b60-afd6-cffad6b8ca77-server-thread1] INFO  segmented.SegmentedRaftLogWorker (SegmentedRaftLogWorker.java:startLogSegment(452)) - 06e93c36-3e5f-4b60-afd6-cffad6b8ca77@group-7477ECCF7542-SegmentedRaftLogWorker: Starting segment from index:0
2022-11-14 01:04:45,556 [303bca5f-e220-44f8-957a-f0bd1a8a67be-server-thread2] INFO  segmented.SegmentedRaftLogWorker (SegmentedRaftLogWorker.java:startLogSegment(452)) - 303bca5f-e220-44f8-957a-f0bd1a8a67be@group-7477ECCF7542-SegmentedRaftLogWorker: Starting segment from index:0
2022-11-14 01:04:45,558 [303bca5f-e220-44f8-957a-f0bd1a8a67be@group-7477ECCF7542-SegmentedRaftLogWorker] INFO  segmented.SegmentedRaftLogWorker (SegmentedRaftLogWorker.java:execute(656)) - 303bca5f-e220-44f8-957a-f0bd1a8a67be@group-7477ECCF7542-SegmentedRaftLogWorker: created new log segment /home/runner/work/ozone/ozone/hadoop-ozone/integration-test/target/test-dir/MiniOzoneClusterImpl-733ab8e8-73b4-47ae-b22b-a548a4863177/datanode-1/data/ratis/f816e042-922b-4701-8e5d-7477eccf7542/current/log_inprogress_0
2022-11-14 01:04:45,559 [06e93c36-3e5f-4b60-afd6-cffad6b8ca77@group-7477ECCF7542-SegmentedRaftLogWorker] INFO  segmented.SegmentedRaftLogWorker (SegmentedRaftLogWorker.java:execute(656)) - 06e93c36-3e5f-4b60-afd6-cffad6b8ca77@group-7477ECCF7542-SegmentedRaftLogWorker: created new log segment /home/runner/work/ozone/ozone/hadoop-ozone/integration-test/target/test-dir/MiniOzoneClusterImpl-733ab8e8-73b4-47ae-b22b-a548a4863177/datanode-2/data/ratis/f816e042-922b-4701-8e5d-7477eccf7542/current/log_inprogress_0
2022-11-14 01:04:47,205 [Under Replicated Processor] INFO  replication.UnderReplicatedProcessor (UnderReplicatedProcessor.java:processAll(92)) - Processed 0 under replicated containers, failed processing 0
2022-11-14 01:04:47,211 [Over Replicated Processor] INFO  replication.OverReplicatedProcessor (OverReplicatedProcessor.java:processAll(90)) - Processed 0 over replicated containers, failed processing 0
2022-11-14 01:04:49,905 [303bca5f-e220-44f8-957a-f0bd1a8a67be@group-42712CCB35A6-FollowerState] INFO  server.RaftServerConfigKeys (ConfUtils.java:logFallback(53)) - raft.server.rpc.first-election.timeout.min = 5s (fallback to raft.server.rpc.timeout.min)
2022-11-14 01:04:49,905 [303bca5f-e220-44f8-957a-f0bd1a8a67be@group-42712CCB35A6-FollowerState] INFO  server.RaftServerConfigKeys (ConfUtils.java:logFallback(53)) - raft.server.rpc.first-election.timeout.max = 5200ms (fallback to raft.server.rpc.timeout.max)
2022-11-14 01:04:50,034 [06e93c36-3e5f-4b60-afd6-cffad6b8ca77@group-42712CCB35A6-FollowerState] INFO  impl.FollowerState (FollowerState.java:run(143)) - 06e93c36-3e5f-4b60-afd6-cffad6b8ca77@group-42712CCB35A6-FollowerState: change to CANDIDATE, lastRpcElapsedTime:5200131693ns, electionTimeout:5189ms
2022-11-14 01:04:50,034 [06e93c36-3e5f-4b60-afd6-cffad6b8ca77@group-42712CCB35A6-FollowerState] INFO  impl.RoleInfo (RoleInfo.java:shutdownFollowerState(110)) - 06e93c36-3e5f-4b60-afd6-cffad6b8ca77: shutdown 06e93c36-3e5f-4b60-afd6-cffad6b8ca77@group-42712CCB35A6-FollowerState
2022-11-14 01:04:50,034 [06e93c36-3e5f-4b60-afd6-cffad6b8ca77@group-42712CCB35A6-FollowerState] INFO  server.RaftServer$Division (RaftServerImpl.java:setRole(321)) - 06e93c36-3e5f-4b60-afd6-cffad6b8ca77@group-42712CCB35A6: changes role from  FOLLOWER to CANDIDATE at term 3 for changeToCandidate
2022-11-14 01:04:50,034 [06e93c36-3e5f-4b60-afd6-cffad6b8ca77@group-42712CCB35A6-FollowerState] INFO  server.RaftServerConfigKeys (ConfUtils.java:logGet(46)) - raft.server.leaderelection.pre-vote = false (custom)
2022-11-14 01:04:50,034 [06e93c36-3e5f-4b60-afd6-cffad6b8ca77@group-42712CCB35A6-FollowerState] INFO  impl.RoleInfo (RoleInfo.java:updateAndGet(139)) - 06e93c36-3e5f-4b60-afd6-cffad6b8ca77: start 06e93c36-3e5f-4b60-afd6-cffad6b8ca77@group-42712CCB35A6-LeaderElection20
2022-11-14 01:04:50,038 [06e93c36-3e5f-4b60-afd6-cffad6b8ca77@group-42712CCB35A6-LeaderElection20] INFO  impl.LeaderElection (LeaderElection.java:askForVotes(312)) - 06e93c36-3e5f-4b60-afd6-cffad6b8ca77@group-42712CCB35A6-LeaderElection20 ELECTION round 0: submit vote requests at term 4 for -1: peers:[06e93c36-3e5f-4b60-afd6-cffad6b8ca77|rpc:10.1.0.33:33135|dataStream:|priority:1|startupRole:FOLLOWER, 303bca5f-e220-44f8-957a-f0bd1a8a67be|rpc:10.1.0.33:42857|dataStream:|priority:0|startupRole:FOLLOWER, 50a771df-70d3-4c7d-9ea2-11e60400c1f5|rpc:10.1.0.33:34193|dataStream:|priority:0|startupRole:FOLLOWER]|listeners:[], old=null
2022-11-14 01:04:50,038 [06e93c36-3e5f-4b60-afd6-cffad6b8ca77@group-42712CCB35A6-LeaderElection20] INFO  server.RaftServerConfigKeys (ConfUtils.java:logFallback(53)) - raft.server.rpc.first-election.timeout.min = 5s (fallback to raft.server.rpc.timeout.min)
2022-11-14 01:04:50,038 [06e93c36-3e5f-4b60-afd6-cffad6b8ca77@group-42712CCB35A6-LeaderElection20] INFO  server.RaftServerConfigKeys (ConfUtils.java:logFallback(53)) - raft.server.rpc.first-election.timeout.max = 5200ms (fallback to raft.server.rpc.timeout.max)
2022-11-14 01:04:50,042 [grpc-default-executor-1] INFO  server.RaftServer$Division (RaftServerImpl.java:requestVote(1218)) - 50a771df-70d3-4c7d-9ea2-11e60400c1f5@group-42712CCB35A6: receive requestVote(ELECTION, 06e93c36-3e5f-4b60-afd6-cffad6b8ca77, group-42712CCB35A6, 4, (t:0, i:0))
2022-11-14 01:04:50,042 [grpc-default-executor-1] INFO  impl.VoteContext (VoteContext.java:log(48)) - 50a771df-70d3-4c7d-9ea2-11e60400c1f5@group-42712CCB35A6-FOLLOWER: accept ELECTION from 06e93c36-3e5f-4b60-afd6-cffad6b8ca77: our priority 0 <= candidate's priority 1
2022-11-14 01:04:50,042 [grpc-default-executor-1] INFO  server.RaftServer$Division (RaftServerImpl.java:setRole(321)) - 50a771df-70d3-4c7d-9ea2-11e60400c1f5@group-42712CCB35A6: changes role from  FOLLOWER to FOLLOWER at term 4 for candidate:06e93c36-3e5f-4b60-afd6-cffad6b8ca77
2022-11-14 01:04:50,042 [grpc-default-executor-1] INFO  impl.RoleInfo (RoleInfo.java:shutdownFollowerState(110)) - 50a771df-70d3-4c7d-9ea2-11e60400c1f5: shutdown 50a771df-70d3-4c7d-9ea2-11e60400c1f5@group-42712CCB35A6-FollowerState
2022-11-14 01:04:50,042 [grpc-default-executor-1] INFO  impl.RoleInfo (RoleInfo.java:updateAndGet(139)) - 50a771df-70d3-4c7d-9ea2-11e60400c1f5: start 50a771df-70d3-4c7d-9ea2-11e60400c1f5@group-42712CCB35A6-FollowerState
2022-11-14 01:04:50,042 [50a771df-70d3-4c7d-9ea2-11e60400c1f5@group-42712CCB35A6-FollowerState] INFO  impl.FollowerState (FollowerState.java:run(152)) - 50a771df-70d3-4c7d-9ea2-11e60400c1f5@group-42712CCB35A6-FollowerState was interrupted
2022-11-14 01:04:50,044 [50a771df-70d3-4c7d-9ea2-11e60400c1f5@group-42712CCB35A6-FollowerState] INFO  server.RaftServerConfigKeys (ConfUtils.java:logFallback(53)) - raft.server.rpc.first-election.timeout.min = 5s (fallback to raft.server.rpc.timeout.min)
2022-11-14 01:04:50,044 [50a771df-70d3-4c7d-9ea2-11e60400c1f5@group-42712CCB35A6-FollowerState] INFO  server.RaftServerConfigKeys (ConfUtils.java:logFallback(53)) - raft.server.rpc.first-election.timeout.max = 5200ms (fallback to raft.server.rpc.timeout.max)
2022-11-14 01:04:50,044 [grpc-default-executor-0] INFO  server.RaftServer$Division (RaftServerImpl.java:requestVote(1218)) - 303bca5f-e220-44f8-957a-f0bd1a8a67be@group-42712CCB35A6: receive requestVote(ELECTION, 06e93c36-3e5f-4b60-afd6-cffad6b8ca77, group-42712CCB35A6, 4, (t:0, i:0))
2022-11-14 01:04:50,044 [grpc-default-executor-0] INFO  impl.VoteContext (VoteContext.java:log(48)) - 303bca5f-e220-44f8-957a-f0bd1a8a67be@group-42712CCB35A6-FOLLOWER: accept ELECTION from 06e93c36-3e5f-4b60-afd6-cffad6b8ca77: our priority 0 <= candidate's priority 1
2022-11-14 01:04:50,044 [grpc-default-executor-0] INFO  server.RaftServer$Division (RaftServerImpl.java:setRole(321)) - 303bca5f-e220-44f8-957a-f0bd1a8a67be@group-42712CCB35A6: changes role from  FOLLOWER to FOLLOWER at term 4 for candidate:06e93c36-3e5f-4b60-afd6-cffad6b8ca77
2022-11-14 01:04:50,044 [grpc-default-executor-0] INFO  impl.RoleInfo (RoleInfo.java:shutdownFollowerState(110)) - 303bca5f-e220-44f8-957a-f0bd1a8a67be: shutdown 303bca5f-e220-44f8-957a-f0bd1a8a67be@group-42712CCB35A6-FollowerState
2022-11-14 01:04:50,044 [grpc-default-executor-0] INFO  impl.RoleInfo (RoleInfo.java:updateAndGet(139)) - 303bca5f-e220-44f8-957a-f0bd1a8a67be: start 303bca5f-e220-44f8-957a-f0bd1a8a67be@group-42712CCB35A6-FollowerState
2022-11-14 01:04:50,044 [303bca5f-e220-44f8-957a-f0bd1a8a67be@group-42712CCB35A6-FollowerState] INFO  impl.FollowerState (FollowerState.java:run(152)) - 303bca5f-e220-44f8-957a-f0bd1a8a67be@group-42712CCB35A6-FollowerState was interrupted
2022-11-14 01:04:50,045 [grpc-default-executor-1] INFO  server.RaftServer$Division (RaftServerImpl.java:requestVote(1251)) - 50a771df-70d3-4c7d-9ea2-11e60400c1f5@group-42712CCB35A6 replies to ELECTION vote request: 06e93c36-3e5f-4b60-afd6-cffad6b8ca77<-50a771df-70d3-4c7d-9ea2-11e60400c1f5#0:OK-t4. Peer's state: 50a771df-70d3-4c7d-9ea2-11e60400c1f5@group-42712CCB35A6:t4, leader=null, voted=06e93c36-3e5f-4b60-afd6-cffad6b8ca77, raftlog=Memoized:50a771df-70d3-4c7d-9ea2-11e60400c1f5@group-42712CCB35A6-SegmentedRaftLog:OPENED:c-1, conf=-1: peers:[06e93c36-3e5f-4b60-afd6-cffad6b8ca77|rpc:10.1.0.33:33135|priority:1|startupRole:FOLLOWER, 303bca5f-e220-44f8-957a-f0bd1a8a67be|rpc:10.1.0.33:42857|priority:0|startupRole:FOLLOWER, 50a771df-70d3-4c7d-9ea2-11e60400c1f5|rpc:10.1.0.33:34193|priority:0|startupRole:FOLLOWER]|listeners:[], old=null
2022-11-14 01:04:50,052 [grpc-default-executor-0] INFO  server.RaftServer$Division (RaftServerImpl.java:requestVote(1251)) - 303bca5f-e220-44f8-957a-f0bd1a8a67be@group-42712CCB35A6 replies to ELECTION vote request: 06e93c36-3e5f-4b60-afd6-cffad6b8ca77<-303bca5f-e220-44f8-957a-f0bd1a8a67be#0:OK-t4. Peer's state: 303bca5f-e220-44f8-957a-f0bd1a8a67be@group-42712CCB35A6:t4, leader=null, voted=06e93c36-3e5f-4b60-afd6-cffad6b8ca77, raftlog=Memoized:303bca5f-e220-44f8-957a-f0bd1a8a67be@group-42712CCB35A6-SegmentedRaftLog:OPENED:c-1, conf=-1: peers:[06e93c36-3e5f-4b60-afd6-cffad6b8ca77|rpc:10.1.0.33:33135|priority:1|startupRole:FOLLOWER, 303bca5f-e220-44f8-957a-f0bd1a8a67be|rpc:10.1.0.33:42857|priority:0|startupRole:FOLLOWER, 50a771df-70d3-4c7d-9ea2-11e60400c1f5|rpc:10.1.0.33:34193|priority:0|startupRole:FOLLOWER]|listeners:[], old=null
2022-11-14 01:04:50,052 [303bca5f-e220-44f8-957a-f0bd1a8a67be@group-42712CCB35A6-FollowerState] INFO  server.RaftServerConfigKeys (ConfUtils.java:logFallback(53)) - raft.server.rpc.first-election.timeout.min = 5s (fallback to raft.server.rpc.timeout.min)
2022-11-14 01:04:50,052 [303bca5f-e220-44f8-957a-f0bd1a8a67be@group-42712CCB35A6-FollowerState] INFO  server.RaftServerConfigKeys (ConfUtils.java:logFallback(53)) - raft.server.rpc.first-election.timeout.max = 5200ms (fallback to raft.server.rpc.timeout.max)
2022-11-14 01:04:50,053 [06e93c36-3e5f-4b60-afd6-cffad6b8ca77@group-42712CCB35A6-LeaderElection20] INFO  impl.LeaderElection (LeaderElection.java:logAndReturn(90)) - 06e93c36-3e5f-4b60-afd6-cffad6b8ca77@group-42712CCB35A6-LeaderElection20: ELECTION PASSED received 1 response(s) and 0 exception(s):
2022-11-14 01:04:50,053 [06e93c36-3e5f-4b60-afd6-cffad6b8ca77@group-42712CCB35A6-LeaderElection20] INFO  impl.LeaderElection (LeaderElection.java:logAndReturn(94)) -   Response 0: 06e93c36-3e5f-4b60-afd6-cffad6b8ca77<-303bca5f-e220-44f8-957a-f0bd1a8a67be#0:OK-t4
2022-11-14 01:04:50,053 [06e93c36-3e5f-4b60-afd6-cffad6b8ca77@group-42712CCB35A6-LeaderElection20] INFO  impl.LeaderElection (LeaderElection.java:askForVotes(314)) - 06e93c36-3e5f-4b60-afd6-cffad6b8ca77@group-42712CCB35A6-LeaderElection20 ELECTION round 0: result PASSED
2022-11-14 01:04:50,053 [06e93c36-3e5f-4b60-afd6-cffad6b8ca77@group-42712CCB35A6-LeaderElection20] INFO  impl.RoleInfo (RoleInfo.java:shutdownLeaderElection(130)) - 06e93c36-3e5f-4b60-afd6-cffad6b8ca77: shutdown 06e93c36-3e5f-4b60-afd6-cffad6b8ca77@group-42712CCB35A6-LeaderElection20
2022-11-14 01:04:50,053 [06e93c36-3e5f-4b60-afd6-cffad6b8ca77@group-42712CCB35A6-LeaderElection20] INFO  server.RaftServer$Division (RaftServerImpl.java:setRole(321)) - 06e93c36-3e5f-4b60-afd6-cffad6b8ca77@group-42712CCB35A6: changes role from CANDIDATE to LEADER at term 4 for changeToLeader
2022-11-14 01:04:50,053 [06e93c36-3e5f-4b60-afd6-cffad6b8ca77@group-42712CCB35A6-LeaderElection20] INFO  ratis.XceiverServerRatis (XceiverServerRatis.java:handleLeaderChangedNotification(863)) - Leader change notification received for group: group-42712CCB35A6 with new leaderId: 06e93c36-3e5f-4b60-afd6-cffad6b8ca77
2022-11-14 01:04:50,053 [06e93c36-3e5f-4b60-afd6-cffad6b8ca77@group-42712CCB35A6-LeaderElection20] INFO  server.RaftServer$Division (ServerState.java:setLeader(313)) - 06e93c36-3e5f-4b60-afd6-cffad6b8ca77@group-42712CCB35A6: change Leader from null to 06e93c36-3e5f-4b60-afd6-cffad6b8ca77 at term 4 for becomeLeader, leader elected after 19975ms
2022-11-14 01:04:50,053 [06e93c36-3e5f-4b60-afd6-cffad6b8ca77@group-42712CCB35A6-LeaderElection20] INFO  server.RaftServerConfigKeys (ConfUtils.java:logGet(46)) - raft.server.staging.catchup.gap = 1000 (default)
2022-11-14 01:04:50,053 [06e93c36-3e5f-4b60-afd6-cffad6b8ca77@group-42712CCB35A6-LeaderElection20] INFO  server.RaftServerConfigKeys (ConfUtils.java:logGet(46)) - raft.server.write.element-limit = 1024 (custom)
2022-11-14 01:04:50,053 [06e93c36-3e5f-4b60-afd6-cffad6b8ca77@group-42712CCB35A6-LeaderElection20] INFO  server.RaftServerConfigKeys (ConfUtils.java:logGet(46)) - raft.server.write.byte-limit = 1024 M (=1073741824) (custom)
2022-11-14 01:04:50,054 [06e93c36-3e5f-4b60-afd6-cffad6b8ca77@group-42712CCB35A6-LeaderElection20] INFO  server.RaftServerConfigKeys (ConfUtils.java:logGet(46)) - raft.server.watch.timeout = 180s (custom)
2022-11-14 01:04:50,054 [06e93c36-3e5f-4b60-afd6-cffad6b8ca77@group-42712CCB35A6-LeaderElection20] INFO  server.RaftServerConfigKeys (ConfUtils.java:logGet(46)) - raft.server.watch.timeout.denomination = 1s (default)
2022-11-14 01:04:50,054 [06e93c36-3e5f-4b60-afd6-cffad6b8ca77@group-42712CCB35A6-LeaderElection20] INFO  server.RaftServerConfigKeys (ConfUtils.java:logGet(46)) - raft.server.watch.element-limit = 65536 (default)
2022-11-14 01:04:50,054 [06e93c36-3e5f-4b60-afd6-cffad6b8ca77@group-42712CCB35A6-LeaderElection20] INFO  server.RaftServerConfigKeys (ConfUtils.java:logGet(46)) - raft.server.write.element-limit = 1024 (custom)
2022-11-14 01:04:50,054 [06e93c36-3e5f-4b60-afd6-cffad6b8ca77@group-42712CCB35A6-LeaderElection20] INFO  server.RaftServerConfigKeys (ConfUtils.java:logGet(46)) - raft.server.write.follower.gap.ratio.max = -1.0 (default)
2022-11-14 01:04:50,054 [06e93c36-3e5f-4b60-afd6-cffad6b8ca77@group-42712CCB35A6-LeaderElection20] INFO  server.RaftServerConfigKeys (ConfUtils.java:logGet(46)) - raft.server.log.appender.snapshot.chunk.size.max = 16MB (=16777216) (default)
2022-11-14 01:04:50,054 [06e93c36-3e5f-4b60-afd6-cffad6b8ca77@group-42712CCB35A6-LeaderElection20] INFO  server.RaftServerConfigKeys (ConfUtils.java:logGet(46)) - raft.server.log.appender.buffer.byte-limit = 33554432 (custom)
2022-11-14 01:04:50,054 [06e93c36-3e5f-4b60-afd6-cffad6b8ca77@group-42712CCB35A6-LeaderElection20] INFO  server.RaftServerConfigKeys (ConfUtils.java:logGet(46)) - raft.server.log.appender.buffer.element-limit = 1 (custom)
2022-11-14 01:04:50,055 [06e93c36-3e5f-4b60-afd6-cffad6b8ca77@group-42712CCB35A6-LeaderElection20] INFO  grpc.GrpcConfigKeys (ConfUtils.java:logGet(46)) - raft.grpc.server.leader.outstanding.appends.max = 128 (default)
2022-11-14 01:04:50,055 [06e93c36-3e5f-4b60-afd6-cffad6b8ca77@group-42712CCB35A6-LeaderElection20] INFO  server.RaftServerConfigKeys (ConfUtils.java:logGet(46)) - raft.server.rpc.request.timeout = 60s (custom)
2022-11-14 01:04:50,055 [06e93c36-3e5f-4b60-afd6-cffad6b8ca77@group-42712CCB35A6-LeaderElection20] INFO  server.RaftServerConfigKeys (ConfUtils.java:logGet(46)) - raft.server.log.appender.install.snapshot.enabled = false (custom)
2022-11-14 01:04:50,055 [06e93c36-3e5f-4b60-afd6-cffad6b8ca77@group-42712CCB35A6-LeaderElection20] INFO  grpc.GrpcConfigKeys (ConfUtils.java:logGet(46)) - raft.grpc.server.heartbeat.channel = true (default)
2022-11-14 01:04:50,055 [06e93c36-3e5f-4b60-afd6-cffad6b8ca77@group-42712CCB35A6-LeaderElection20] INFO  server.RaftServerConfigKeys (ConfUtils.java:logGet(46)) - raft.server.log.appender.wait-time.min = 10ms (default)
2022-11-14 01:04:50,056 [EventQueue-PipelineReportForPipelineReportHandler] INFO  pipeline.PipelineManagerImpl (PipelineManagerImpl.java:openPipeline(367)) - Pipeline Pipeline[ Id: 83a746d0-ddf1-4803-a311-42712ccb35a6, Nodes: 303bca5f-e220-44f8-957a-f0bd1a8a67be{ip: 10.1.0.33, host: fv-az334-552.zg0gw54pbdoexfhqlmz30d51na.gx.internal.cloudapp.net, ports: [REPLICATION=44205, RATIS=42857, RATIS_ADMIN=42857, RATIS_SERVER=42857, STANDALONE=39669], networkLocation: /default-rack, certSerialId: null, persistedOpState: IN_SERVICE, persistedOpStateExpiryEpochSec: 0}06e93c36-3e5f-4b60-afd6-cffad6b8ca77{ip: 10.1.0.33, host: fv-az334-552.zg0gw54pbdoexfhqlmz30d51na.gx.internal.cloudapp.net, ports: [REPLICATION=39787, RATIS=33135, RATIS_ADMIN=33135, RATIS_SERVER=33135, STANDALONE=37159], networkLocation: /default-rack, certSerialId: null, persistedOpState: IN_SERVICE, persistedOpStateExpiryEpochSec: 0}50a771df-70d3-4c7d-9ea2-11e60400c1f5{ip: 10.1.0.33, host: fv-az334-552.zg0gw54pbdoexfhqlmz30d51na.gx.internal.cloudapp.net, ports: [REPLICATION=40571, RATIS=34193, RATIS_ADMIN=34193, RATIS_SERVER=34193, STANDALONE=34795], networkLocation: /default-rack, certSerialId: null, persistedOpState: IN_SERVICE, persistedOpStateExpiryEpochSec: 0}, ReplicationConfig: RATIS/THREE, State:ALLOCATED, leaderId:06e93c36-3e5f-4b60-afd6-cffad6b8ca77, CreationTimestamp2022-11-14T01:04:27.264Z[Etc/UTC]] moved to OPEN state
2022-11-14 01:04:50,057 [06e93c36-3e5f-4b60-afd6-cffad6b8ca77@group-42712CCB35A6-LeaderElection20] INFO  server.RaftServerConfigKeys (ConfUtils.java:logGet(46)) - raft.server.log.appender.snapshot.chunk.size.max = 16MB (=16777216) (default)
2022-11-14 01:04:50,057 [06e93c36-3e5f-4b60-afd6-cffad6b8ca77@group-42712CCB35A6-LeaderElection20] INFO  server.RaftServerConfigKeys (ConfUtils.java:logGet(46)) - raft.server.log.appender.buffer.byte-limit = 33554432 (custom)
2022-11-14 01:04:50,057 [06e93c36-3e5f-4b60-afd6-cffad6b8ca77@group-42712CCB35A6-LeaderElection20] INFO  server.RaftServerConfigKeys (ConfUtils.java:logGet(46)) - raft.server.log.appender.buffer.element-limit = 1 (custom)
2022-11-14 01:04:50,057 [06e93c36-3e5f-4b60-afd6-cffad6b8ca77@group-42712CCB35A6-LeaderElection20] INFO  grpc.GrpcConfigKeys (ConfUtils.java:logGet(46)) - raft.grpc.server.leader.outstanding.appends.max = 128 (default)
2022-11-14 01:04:50,057 [06e93c36-3e5f-4b60-afd6-cffad6b8ca77@group-42712CCB35A6-LeaderElection20] INFO  server.RaftServerConfigKeys (ConfUtils.java:logGet(46)) - raft.server.rpc.request.timeout = 60s (custom)
2022-11-14 01:04:50,057 [06e93c36-3e5f-4b60-afd6-cffad6b8ca77@group-42712CCB35A6-LeaderElection20] INFO  server.RaftServerConfigKeys (ConfUtils.java:logGet(46)) - raft.server.log.appender.install.snapshot.enabled = false (custom)
2022-11-14 01:04:50,057 [06e93c36-3e5f-4b60-afd6-cffad6b8ca77@group-42712CCB35A6-LeaderElection20] INFO  grpc.GrpcConfigKeys (ConfUtils.java:logGet(46)) - raft.grpc.server.heartbeat.channel = true (default)
2022-11-14 01:04:50,057 [06e93c36-3e5f-4b60-afd6-cffad6b8ca77@group-42712CCB35A6-LeaderElection20] INFO  server.RaftServerConfigKeys (ConfUtils.java:logGet(46)) - raft.server.log.appender.wait-time.min = 10ms (default)
2022-11-14 01:04:50,057 [06e93c36-3e5f-4b60-afd6-cffad6b8ca77@group-42712CCB35A6-LeaderElection20] INFO  impl.RoleInfo (RoleInfo.java:updateAndGet(139)) - 06e93c36-3e5f-4b60-afd6-cffad6b8ca77: start 06e93c36-3e5f-4b60-afd6-cffad6b8ca77@group-42712CCB35A6-LeaderStateImpl
2022-11-14 01:04:50,059 [06e93c36-3e5f-4b60-afd6-cffad6b8ca77@group-42712CCB35A6-LeaderElection20] INFO  segmented.SegmentedRaftLogWorker (SegmentedRaftLogWorker.java:startLogSegment(452)) - 06e93c36-3e5f-4b60-afd6-cffad6b8ca77@group-42712CCB35A6-SegmentedRaftLogWorker: Starting segment from index:0
2022-11-14 01:04:50,061 [06e93c36-3e5f-4b60-afd6-cffad6b8ca77@group-42712CCB35A6-SegmentedRaftLogWorker] INFO  segmented.SegmentedRaftLogWorker (SegmentedRaftLogWorker.java:execute(656)) - 06e93c36-3e5f-4b60-afd6-cffad6b8ca77@group-42712CCB35A6-SegmentedRaftLogWorker: created new log segment /home/runner/work/ozone/ozone/hadoop-ozone/integration-test/target/test-dir/MiniOzoneClusterImpl-733ab8e8-73b4-47ae-b22b-a548a4863177/datanode-2/data/ratis/83a746d0-ddf1-4803-a311-42712ccb35a6/current/log_inprogress_0
2022-11-14 01:04:50,068 [Listener at 127.0.0.1/41321] INFO  ozone.MiniOzoneClusterImpl (MiniOzoneClusterImpl.java:shutdown(448)) - Shutting down the Mini Ozone Cluster
2022-11-14 01:04:50,068 [Listener at 127.0.0.1/41321] INFO  ozone.MiniOzoneClusterImpl (MiniOzoneClusterImpl.java:stop(463)) - Stopping the Mini Ozone Cluster
2022-11-14 01:04:50,069 [Listener at 127.0.0.1/41321] INFO  ozone.MiniOzoneClusterImpl (MiniOzoneClusterImpl.java:stopOM(545)) - Stopping the OzoneManager
2022-11-14 01:04:50,069 [Listener at 127.0.0.1/41321] INFO  om.OzoneManager (OzoneManager.java:stop(2036)) - om1[localhost:0]: Stopping Ozone Manager
2022-11-14 01:04:50,069 [Listener at 127.0.0.1/41321] INFO  ipc.Server (Server.java:stop(3428)) - Stopping server on 41321
2022-11-14 01:04:50,078 [303bca5f-e220-44f8-957a-f0bd1a8a67be-server-thread1] INFO  ratis.XceiverServerRatis (XceiverServerRatis.java:handleLeaderChangedNotification(863)) - Leader change notification received for group: group-42712CCB35A6 with new leaderId: 06e93c36-3e5f-4b60-afd6-cffad6b8ca77
2022-11-14 01:04:50,078 [303bca5f-e220-44f8-957a-f0bd1a8a67be-server-thread1] INFO  server.RaftServer$Division (ServerState.java:setLeader(313)) - 303bca5f-e220-44f8-957a-f0bd1a8a67be@group-42712CCB35A6: change Leader from null to 06e93c36-3e5f-4b60-afd6-cffad6b8ca77 at term 4 for appendEntries, leader elected after 20112ms
2022-11-14 01:04:50,085 [06e93c36-3e5f-4b60-afd6-cffad6b8ca77@group-42712CCB35A6-LeaderElection20] INFO  server.RaftServer$Division (ServerState.java:setRaftConf(430)) - 06e93c36-3e5f-4b60-afd6-cffad6b8ca77@group-42712CCB35A6: set configuration 0: peers:[06e93c36-3e5f-4b60-afd6-cffad6b8ca77|rpc:10.1.0.33:33135|dataStream:|priority:1|startupRole:FOLLOWER, 303bca5f-e220-44f8-957a-f0bd1a8a67be|rpc:10.1.0.33:42857|dataStream:|priority:0|startupRole:FOLLOWER, 50a771df-70d3-4c7d-9ea2-11e60400c1f5|rpc:10.1.0.33:34193|dataStream:|priority:0|startupRole:FOLLOWER]|listeners:[], old=null
2022-11-14 01:04:50,096 [303bca5f-e220-44f8-957a-f0bd1a8a67be-server-thread2] INFO  server.RaftServer$Division (ServerState.java:setRaftConf(430)) - 303bca5f-e220-44f8-957a-f0bd1a8a67be@group-42712CCB35A6: set configuration 0: peers:[06e93c36-3e5f-4b60-afd6-cffad6b8ca77|rpc:10.1.0.33:33135|dataStream:|priority:1|startupRole:FOLLOWER, 303bca5f-e220-44f8-957a-f0bd1a8a67be|rpc:10.1.0.33:42857|dataStream:|priority:0|startupRole:FOLLOWER, 50a771df-70d3-4c7d-9ea2-11e60400c1f5|rpc:10.1.0.33:34193|dataStream:|priority:0|startupRole:FOLLOWER]|listeners:[], old=null
2022-11-14 01:04:50,096 [303bca5f-e220-44f8-957a-f0bd1a8a67be-server-thread2] INFO  segmented.SegmentedRaftLogWorker (SegmentedRaftLogWorker.java:startLogSegment(452)) - 303bca5f-e220-44f8-957a-f0bd1a8a67be@group-42712CCB35A6-SegmentedRaftLogWorker: Starting segment from index:0
2022-11-14 01:04:50,097 [IPC Server listener on 0] INFO  ipc.Server (Server.java:run(1384)) - Stopping IPC Server listener on 0
2022-11-14 01:04:50,097 [IPC Server Responder] INFO  ipc.Server (Server.java:run(1517)) - Stopping IPC Server Responder
2022-11-14 01:04:50,098 [Listener at 127.0.0.1/41321] INFO  server.RaftServer (RaftServerProxy.java:lambda$close$6(409)) - om1: close
2022-11-14 01:04:50,099 [50a771df-70d3-4c7d-9ea2-11e60400c1f5-server-thread1] INFO  ratis.XceiverServerRatis (XceiverServerRatis.java:handleLeaderChangedNotification(863)) - Leader change notification received for group: group-42712CCB35A6 with new leaderId: 06e93c36-3e5f-4b60-afd6-cffad6b8ca77
2022-11-14 01:04:50,099 [50a771df-70d3-4c7d-9ea2-11e60400c1f5-server-thread1] INFO  server.RaftServer$Division (ServerState.java:setLeader(313)) - 50a771df-70d3-4c7d-9ea2-11e60400c1f5@group-42712CCB35A6: change Leader from null to 06e93c36-3e5f-4b60-afd6-cffad6b8ca77 at term 4 for appendEntries, leader elected after 20596ms
2022-11-14 01:04:50,101 [303bca5f-e220-44f8-957a-f0bd1a8a67be@group-42712CCB35A6-SegmentedRaftLogWorker] INFO  segmented.SegmentedRaftLogWorker (SegmentedRaftLogWorker.java:execute(656)) - 303bca5f-e220-44f8-957a-f0bd1a8a67be@group-42712CCB35A6-SegmentedRaftLogWorker: created new log segment /home/runner/work/ozone/ozone/hadoop-ozone/integration-test/target/test-dir/MiniOzoneClusterImpl-733ab8e8-73b4-47ae-b22b-a548a4863177/datanode-1/data/ratis/83a746d0-ddf1-4803-a311-42712ccb35a6/current/log_inprogress_0
2022-11-14 01:04:50,101 [Listener at 127.0.0.1/41321] INFO  server.GrpcService (GrpcService.java:closeImpl(279)) - om1: shutdown server GrpcServerProtocolService now
2022-11-14 01:04:50,103 [om1-impl-thread1] INFO  server.RaftServer$Division (RaftServerImpl.java:lambda$close$4(458)) - om1@group-C5BA1605619E: shutdown
2022-11-14 01:04:50,103 [om1-impl-thread1] INFO  util.JmxRegister (JmxRegister.java:unregister(73)) - Successfully un-registered JMX Bean with object name Ratis:service=RaftServer,group=group-C5BA1605619E,id=om1
2022-11-14 01:04:50,103 [om1-impl-thread1] INFO  impl.RoleInfo (RoleInfo.java:shutdownLeaderState(93)) - om1: shutdown om1@group-C5BA1605619E-LeaderStateImpl
2022-11-14 01:04:50,103 [om1-impl-thread1] INFO  impl.PendingRequests (PendingRequests.java:sendNotLeaderResponses(282)) - om1@group-C5BA1605619E-PendingRequests: sendNotLeaderResponses
2022-11-14 01:04:50,103 [om1-impl-thread1] INFO  impl.StateMachineUpdater (StateMachineUpdater.java:stopAndJoin(153)) - om1@group-C5BA1605619E-StateMachineUpdater: set stopIndex = 0
2022-11-14 01:04:50,104 [om1@group-C5BA1605619E-StateMachineUpdater] INFO  ratis.OzoneManagerStateMachine (OzoneManagerStateMachine.java:takeSnapshot(445)) - Current Snapshot Index (t:1, i:0)
2022-11-14 01:04:50,106 [om1@group-C5BA1605619E-StateMachineUpdater] INFO  impl.StateMachineUpdater (StateMachineUpdater.java:takeSnapshot(287)) - om1@group-C5BA1605619E-StateMachineUpdater: Took a snapshot at index 0
2022-11-14 01:04:50,106 [om1@group-C5BA1605619E-StateMachineUpdater] INFO  impl.StateMachineUpdater (StateMachineUpdater.java:lambda$new$0(92)) - om1@group-C5BA1605619E-StateMachineUpdater: snapshotIndex: updateIncreasingly -1 -> 0
2022-11-14 01:04:50,106 [om1@group-C5BA1605619E-StateMachineUpdater] INFO  ratis.OzoneManagerStateMachine (OzoneManagerStateMachine.java:close(499)) - StateMachine has shutdown. Shutdown OzoneManager if not already shutdown.
2022-11-14 01:04:50,106 [om1@group-C5BA1605619E-StateMachineUpdater] INFO  ratis.OzoneManagerDoubleBuffer (OzoneManagerDoubleBuffer.java:stop(466)) - Stopping OMDoubleBuffer flush thread
2022-11-14 01:04:50,132 [50a771df-70d3-4c7d-9ea2-11e60400c1f5-server-thread2] INFO  server.RaftServer$Division (ServerState.java:setRaftConf(430)) - 50a771df-70d3-4c7d-9ea2-11e60400c1f5@group-42712CCB35A6: set configuration 0: peers:[06e93c36-3e5f-4b60-afd6-cffad6b8ca77|rpc:10.1.0.33:33135|dataStream:|priority:1|startupRole:FOLLOWER, 303bca5f-e220-44f8-957a-f0bd1a8a67be|rpc:10.1.0.33:42857|dataStream:|priority:0|startupRole:FOLLOWER, 50a771df-70d3-4c7d-9ea2-11e60400c1f5|rpc:10.1.0.33:34193|dataStream:|priority:0|startupRole:FOLLOWER]|listeners:[], old=null
2022-11-14 01:04:50,132 [50a771df-70d3-4c7d-9ea2-11e60400c1f5-server-thread2] INFO  segmented.SegmentedRaftLogWorker (SegmentedRaftLogWorker.java:startLogSegment(452)) - 50a771df-70d3-4c7d-9ea2-11e60400c1f5@group-42712CCB35A6-SegmentedRaftLogWorker: Starting segment from index:0
2022-11-14 01:04:50,133 [Listener at 127.0.0.1/41321] INFO  server.GrpcService (GrpcService.java:closeImpl(288)) - om1: shutdown server GrpcServerProtocolService successfully
2022-11-14 01:04:50,135 [50a771df-70d3-4c7d-9ea2-11e60400c1f5@group-42712CCB35A6-SegmentedRaftLogWorker] INFO  segmented.SegmentedRaftLogWorker (SegmentedRaftLogWorker.java:execute(656)) - 50a771df-70d3-4c7d-9ea2-11e60400c1f5@group-42712CCB35A6-SegmentedRaftLogWorker: created new log segment /home/runner/work/ozone/ozone/hadoop-ozone/integration-test/target/test-dir/MiniOzoneClusterImpl-733ab8e8-73b4-47ae-b22b-a548a4863177/datanode-0/data/ratis/83a746d0-ddf1-4803-a311-42712ccb35a6/current/log_inprogress_0
2022-11-14 01:04:50,127 [OMDoubleBufferFlushThread] INFO  ratis.OzoneManagerDoubleBuffer (OzoneManagerDoubleBuffer.java:flushTransactions(385)) - OMDoubleBuffer flush thread OMDoubleBufferFlushThread is interrupted and will exit.
2022-11-14 01:04:50,139 [om1-impl-thread1] INFO  server.RaftServer$Division (ServerState.java:close(466)) - om1@group-C5BA1605619E: closes. applyIndex: 0
2022-11-14 01:04:50,139 [om1@group-C5BA1605619E-SegmentedRaftLogWorker] INFO  segmented.SegmentedRaftLogWorker (SegmentedRaftLogWorker.java:run(345)) - om1@group-C5BA1605619E-SegmentedRaftLogWorker was interrupted, exiting. There are 0 tasks remaining in the queue.
2022-11-14 01:04:50,141 [om1-impl-thread1] INFO  segmented.SegmentedRaftLogWorker (SegmentedRaftLogWorker.java:close(255)) - om1@group-C5BA1605619E-SegmentedRaftLogWorker close()
2022-11-14 01:04:50,141 [JvmPauseMonitor0] INFO  util.JvmPauseMonitor (JvmPauseMonitor.java:run(111)) - JvmPauseMonitor-om1: Stopped
2022-11-14 01:04:50,141 [Listener at 127.0.0.1/41321] INFO  ratis.OzoneManagerStateMachine (OzoneManagerStateMachine.java:close(499)) - StateMachine has shutdown. Shutdown OzoneManager if not already shutdown.
2022-11-14 01:04:50,141 [Listener at 127.0.0.1/41321] INFO  ratis.OzoneManagerDoubleBuffer (OzoneManagerDoubleBuffer.java:stop(478)) - OMDoubleBuffer flush thread is not running.
2022-11-14 01:04:50,141 [Listener at 127.0.0.1/41321] INFO  utils.BackgroundService (BackgroundService.java:shutdown(141)) - Shutting down service KeyDeletingService
2022-11-14 01:04:50,142 [Listener at 127.0.0.1/41321] INFO  utils.BackgroundService (BackgroundService.java:shutdown(141)) - Shutting down service DirectoryDeletingService
2022-11-14 01:04:50,142 [Listener at 127.0.0.1/41321] INFO  utils.BackgroundService (BackgroundService.java:shutdown(141)) - Shutting down service OpenKeyCleanupService
2022-11-14 01:04:50,144 [Listener at 127.0.0.1/41321] INFO  handler.ContextHandler (ContextHandler.java:doStop(1159)) - Stopped o.e.j.w.WebAppContext@368ec112{ozoneManager,/,null,STOPPED}{file:/home/runner/work/ozone/ozone/hadoop-ozone/integration-test/target/test-classes/webapps/ozoneManager}
2022-11-14 01:04:50,149 [Listener at 127.0.0.1/41321] INFO  server.AbstractConnector (AbstractConnector.java:doStop(383)) - Stopped ServerConnector@29b93eb5{HTTP/1.1, (http/1.1)}{0.0.0.0:0}
2022-11-14 01:04:50,149 [Listener at 127.0.0.1/41321] INFO  server.session (HouseKeeper.java:stopScavenging(149)) - node0 Stopped scavenging
2022-11-14 01:04:50,149 [Listener at 127.0.0.1/41321] INFO  handler.ContextHandler (ContextHandler.java:doStop(1159)) - Stopped o.e.j.s.ServletContextHandler@3c7eb170{static,/static,file:///home/runner/work/ozone/ozone/hadoop-ozone/integration-test/target/test-classes/webapps/static,STOPPED}
2022-11-14 01:04:50,149 [Listener at 127.0.0.1/41321] INFO  handler.ContextHandler (ContextHandler.java:doStop(1159)) - Stopped o.e.j.s.ServletContextHandler@564174a2{logs,/logs,file:///home/runner/work/ozone/ozone/hadoop-ozone/integration-test/target/log,STOPPED}
2022-11-14 01:04:50,156 [Listener at 127.0.0.1/41321] INFO  ozone.MiniOzoneClusterImpl (MiniOzoneClusterImpl.java:stopDatanodes(522)) - Stopping the HddsDatanodes
2022-11-14 01:04:50,158 [Listener at 127.0.0.1/41321] INFO  ozoneimpl.OzoneContainer (OzoneContainer.java:stop(400)) - Attempting to stop container services.
2022-11-14 01:04:50,169 [Listener at 127.0.0.1/41321] INFO  server.RaftServer (RaftServerProxy.java:lambda$close$6(409)) - 01c63b18-c7c8-42e3-9de4-2761bbcfbea5: close
2022-11-14 01:04:50,170 [Listener at 127.0.0.1/41321] INFO  server.GrpcService (GrpcService.java:closeImpl(279)) - 01c63b18-c7c8-42e3-9de4-2761bbcfbea5: shutdown server GrpcServerProtocolService now
2022-11-14 01:04:50,171 [Listener at 127.0.0.1/41321] INFO  server.GrpcServerProtocolClient (GrpcServerProtocolClient.java:close(111)) - c06e290d-eac5-4346-afba-5a90a2b31fb3 Close channels
2022-11-14 01:04:50,172 [01c63b18-c7c8-42e3-9de4-2761bbcfbea5-impl-thread1] INFO  server.RaftServer$Division (RaftServerImpl.java:lambda$close$4(458)) - 01c63b18-c7c8-42e3-9de4-2761bbcfbea5@group-41C06D6B7902: shutdown
2022-11-14 01:04:50,172 [01c63b18-c7c8-42e3-9de4-2761bbcfbea5-impl-thread1] INFO  util.JmxRegister (JmxRegister.java:unregister(73)) - Successfully un-registered JMX Bean with object name Ratis:service=RaftServer,group=group-41C06D6B7902,id=01c63b18-c7c8-42e3-9de4-2761bbcfbea5
2022-11-14 01:04:50,172 [01c63b18-c7c8-42e3-9de4-2761bbcfbea5-impl-thread1] INFO  impl.RoleInfo (RoleInfo.java:shutdownLeaderState(93)) - 01c63b18-c7c8-42e3-9de4-2761bbcfbea5: shutdown 01c63b18-c7c8-42e3-9de4-2761bbcfbea5@group-41C06D6B7902-LeaderStateImpl
2022-11-14 01:04:50,172 [01c63b18-c7c8-42e3-9de4-2761bbcfbea5-impl-thread1] INFO  impl.PendingRequests (PendingRequests.java:sendNotLeaderResponses(282)) - 01c63b18-c7c8-42e3-9de4-2761bbcfbea5@group-41C06D6B7902-PendingRequests: sendNotLeaderResponses
2022-11-14 01:04:50,172 [01c63b18-c7c8-42e3-9de4-2761bbcfbea5-impl-thread1] INFO  impl.StateMachineUpdater (StateMachineUpdater.java:stopAndJoin(153)) - 01c63b18-c7c8-42e3-9de4-2761bbcfbea5@group-41C06D6B7902-StateMachineUpdater: set stopIndex = 0
2022-11-14 01:04:50,172 [01c63b18-c7c8-42e3-9de4-2761bbcfbea5@group-41C06D6B7902-StateMachineUpdater] INFO  ratis.ContainerStateMachine (ContainerStateMachine.java:takeSnapshot(304)) - group-41C06D6B7902: Taking a snapshot at:(t:1, i:0) file /home/runner/work/ozone/ozone/hadoop-ozone/integration-test/target/test-dir/MiniOzoneClusterImpl-733ab8e8-73b4-47ae-b22b-a548a4863177/datanode-3/data/ratis/2b33d47f-9a7a-457d-a89d-41c06d6b7902/sm/snapshot.1_0
2022-11-14 01:04:50,173 [ForkJoinPool.commonPool-worker-0] INFO  ozoneimpl.OzoneContainer (OzoneContainer.java:stop(400)) - Attempting to stop container services.
2022-11-14 01:04:50,175 [01c63b18-c7c8-42e3-9de4-2761bbcfbea5@group-41C06D6B7902-StateMachineUpdater] INFO  ratis.ContainerStateMachine (ContainerStateMachine.java:takeSnapshot(315)) - group-41C06D6B7902: Finished taking a snapshot at:(t:1, i:0) file:/home/runner/work/ozone/ozone/hadoop-ozone/integration-test/target/test-dir/MiniOzoneClusterImpl-733ab8e8-73b4-47ae-b22b-a548a4863177/datanode-3/data/ratis/2b33d47f-9a7a-457d-a89d-41c06d6b7902/sm/snapshot.1_0 took: 3 ms
2022-11-14 01:04:50,175 [01c63b18-c7c8-42e3-9de4-2761bbcfbea5@group-41C06D6B7902-StateMachineUpdater] INFO  impl.StateMachineUpdater (StateMachineUpdater.java:takeSnapshot(287)) - 01c63b18-c7c8-42e3-9de4-2761bbcfbea5@group-41C06D6B7902-StateMachineUpdater: Took a snapshot at index 0
2022-11-14 01:04:50,175 [01c63b18-c7c8-42e3-9de4-2761bbcfbea5@group-41C06D6B7902-StateMachineUpdater] INFO  impl.StateMachineUpdater (StateMachineUpdater.java:lambda$new$0(92)) - 01c63b18-c7c8-42e3-9de4-2761bbcfbea5@group-41C06D6B7902-StateMachineUpdater: snapshotIndex: updateIncreasingly -1 -> 0
2022-11-14 01:04:50,175 [ForkJoinPool.commonPool-worker-0] INFO  server.RaftServer (RaftServerProxy.java:lambda$close$6(409)) - 303bca5f-e220-44f8-957a-f0bd1a8a67be: close
2022-11-14 01:04:50,176 [303bca5f-e220-44f8-957a-f0bd1a8a67be-impl-thread1] INFO  server.RaftServer$Division (RaftServerImpl.java:lambda$close$4(458)) - 303bca5f-e220-44f8-957a-f0bd1a8a67be@group-42712CCB35A6: shutdown
2022-11-14 01:04:50,176 [303bca5f-e220-44f8-957a-f0bd1a8a67be-impl-thread1] INFO  util.JmxRegister (JmxRegister.java:unregister(73)) - Successfully un-registered JMX Bean with object name Ratis:service=RaftServer,group=group-42712CCB35A6,id=303bca5f-e220-44f8-957a-f0bd1a8a67be
2022-11-14 01:04:50,176 [303bca5f-e220-44f8-957a-f0bd1a8a67be-impl-thread1] INFO  impl.RoleInfo (RoleInfo.java:shutdownFollowerState(110)) - 303bca5f-e220-44f8-957a-f0bd1a8a67be: shutdown 303bca5f-e220-44f8-957a-f0bd1a8a67be@group-42712CCB35A6-FollowerState
2022-11-14 01:04:50,176 [303bca5f-e220-44f8-957a-f0bd1a8a67be-impl-thread1] INFO  impl.StateMachineUpdater (StateMachineUpdater.java:stopAndJoin(153)) - 303bca5f-e220-44f8-957a-f0bd1a8a67be@group-42712CCB35A6-StateMachineUpdater: set stopIndex = 0
2022-11-14 01:04:50,176 [303bca5f-e220-44f8-957a-f0bd1a8a67be@group-42712CCB35A6-FollowerState] INFO  impl.FollowerState (FollowerState.java:run(152)) - 303bca5f-e220-44f8-957a-f0bd1a8a67be@group-42712CCB35A6-FollowerState was interrupted
2022-11-14 01:04:50,176 [303bca5f-e220-44f8-957a-f0bd1a8a67be@group-42712CCB35A6-StateMachineUpdater] INFO  ratis.ContainerStateMachine (ContainerStateMachine.java:takeSnapshot(304)) - group-42712CCB35A6: Taking a snapshot at:(t:4, i:0) file /home/runner/work/ozone/ozone/hadoop-ozone/integration-test/target/test-dir/MiniOzoneClusterImpl-733ab8e8-73b4-47ae-b22b-a548a4863177/datanode-1/data/ratis/83a746d0-ddf1-4803-a311-42712ccb35a6/sm/snapshot.4_0
2022-11-14 01:04:50,176 [01c63b18-c7c8-42e3-9de4-2761bbcfbea5-impl-thread1] INFO  server.RaftServer$Division (ServerState.java:close(466)) - 01c63b18-c7c8-42e3-9de4-2761bbcfbea5@group-41C06D6B7902: closes. applyIndex: 0
2022-11-14 01:04:50,176 [01c63b18-c7c8-42e3-9de4-2761bbcfbea5@group-41C06D6B7902-SegmentedRaftLogWorker] INFO  segmented.SegmentedRaftLogWorker (SegmentedRaftLogWorker.java:run(345)) - 01c63b18-c7c8-42e3-9de4-2761bbcfbea5@group-41C06D6B7902-SegmentedRaftLogWorker was interrupted, exiting. There are 0 tasks remaining in the queue.
2022-11-14 01:04:50,177 [303bca5f-e220-44f8-957a-f0bd1a8a67be@group-42712CCB35A6-StateMachineUpdater] INFO  ratis.ContainerStateMachine (ContainerStateMachine.java:takeSnapshot(315)) - group-42712CCB35A6: Finished taking a snapshot at:(t:4, i:0) file:/home/runner/work/ozone/ozone/hadoop-ozone/integration-test/target/test-dir/MiniOzoneClusterImpl-733ab8e8-73b4-47ae-b22b-a548a4863177/datanode-1/data/ratis/83a746d0-ddf1-4803-a311-42712ccb35a6/sm/snapshot.4_0 took: 0 ms
2022-11-14 01:04:50,177 [303bca5f-e220-44f8-957a-f0bd1a8a67be@group-42712CCB35A6-StateMachineUpdater] INFO  impl.StateMachineUpdater (StateMachineUpdater.java:takeSnapshot(287)) - 303bca5f-e220-44f8-957a-f0bd1a8a67be@group-42712CCB35A6-StateMachineUpdater: Took a snapshot at index 0
2022-11-14 01:04:50,177 [303bca5f-e220-44f8-957a-f0bd1a8a67be@group-42712CCB35A6-StateMachineUpdater] INFO  impl.StateMachineUpdater (StateMachineUpdater.java:lambda$new$0(92)) - 303bca5f-e220-44f8-957a-f0bd1a8a67be@group-42712CCB35A6-StateMachineUpdater: snapshotIndex: updateIncreasingly -1 -> 0
2022-11-14 01:04:50,177 [303bca5f-e220-44f8-957a-f0bd1a8a67be-impl-thread1] INFO  server.RaftServer$Division (ServerState.java:close(466)) - 303bca5f-e220-44f8-957a-f0bd1a8a67be@group-42712CCB35A6: closes. applyIndex: 0
2022-11-14 01:04:50,181 [303bca5f-e220-44f8-957a-f0bd1a8a67be@group-42712CCB35A6-SegmentedRaftLogWorker] INFO  segmented.SegmentedRaftLogWorker (SegmentedRaftLogWorker.java:run(345)) - 303bca5f-e220-44f8-957a-f0bd1a8a67be@group-42712CCB35A6-SegmentedRaftLogWorker was interrupted, exiting. There are 0 tasks remaining in the queue.
2022-11-14 01:04:50,182 [01c63b18-c7c8-42e3-9de4-2761bbcfbea5-impl-thread1] INFO  segmented.SegmentedRaftLogWorker (SegmentedRaftLogWorker.java:close(255)) - 01c63b18-c7c8-42e3-9de4-2761bbcfbea5@group-41C06D6B7902-SegmentedRaftLogWorker close()
2022-11-14 01:04:50,182 [303bca5f-e220-44f8-957a-f0bd1a8a67be-impl-thread2] INFO  server.RaftServer$Division (RaftServerImpl.java:lambda$close$4(458)) - 303bca5f-e220-44f8-957a-f0bd1a8a67be@group-7477ECCF7542: shutdown
2022-11-14 01:04:50,183 [303bca5f-e220-44f8-957a-f0bd1a8a67be-impl-thread2] INFO  util.JmxRegister (JmxRegister.java:unregister(73)) - Successfully un-registered JMX Bean with object name Ratis:service=RaftServer,group=group-7477ECCF7542,id=303bca5f-e220-44f8-957a-f0bd1a8a67be
2022-11-14 01:04:50,183 [303bca5f-e220-44f8-957a-f0bd1a8a67be-impl-thread2] INFO  impl.RoleInfo (RoleInfo.java:shutdownFollowerState(110)) - 303bca5f-e220-44f8-957a-f0bd1a8a67be: shutdown 303bca5f-e220-44f8-957a-f0bd1a8a67be@group-7477ECCF7542-FollowerState
2022-11-14 01:04:50,183 [303bca5f-e220-44f8-957a-f0bd1a8a67be@group-7477ECCF7542-StateMachineUpdater] INFO  ratis.ContainerStateMachine (ContainerStateMachine.java:takeSnapshot(304)) - group-7477ECCF7542: Taking a snapshot at:(t:3, i:0) file /home/runner/work/ozone/ozone/hadoop-ozone/integration-test/target/test-dir/MiniOzoneClusterImpl-733ab8e8-73b4-47ae-b22b-a548a4863177/datanode-1/data/ratis/f816e042-922b-4701-8e5d-7477eccf7542/sm/snapshot.3_0
2022-11-14 01:04:50,183 [303bca5f-e220-44f8-957a-f0bd1a8a67be@group-7477ECCF7542-FollowerState] INFO  impl.FollowerState (FollowerState.java:run(152)) - 303bca5f-e220-44f8-957a-f0bd1a8a67be@group-7477ECCF7542-FollowerState was interrupted
2022-11-14 01:04:50,183 [303bca5f-e220-44f8-957a-f0bd1a8a67be-impl-thread2] INFO  impl.StateMachineUpdater (StateMachineUpdater.java:stopAndJoin(153)) - 303bca5f-e220-44f8-957a-f0bd1a8a67be@group-7477ECCF7542-StateMachineUpdater: set stopIndex = 0
2022-11-14 01:04:50,184 [303bca5f-e220-44f8-957a-f0bd1a8a67be@group-7477ECCF7542-StateMachineUpdater] INFO  ratis.ContainerStateMachine (ContainerStateMachine.java:takeSnapshot(315)) - group-7477ECCF7542: Finished taking a snapshot at:(t:3, i:0) file:/home/runner/work/ozone/ozone/hadoop-ozone/integration-test/target/test-dir/MiniOzoneClusterImpl-733ab8e8-73b4-47ae-b22b-a548a4863177/datanode-1/data/ratis/f816e042-922b-4701-8e5d-7477eccf7542/sm/snapshot.3_0 took: 1 ms
2022-11-14 01:04:50,184 [ForkJoinPool.commonPool-worker-0] INFO  server.GrpcService (GrpcService.java:closeImpl(279)) - 303bca5f-e220-44f8-957a-f0bd1a8a67be: shutdown server GrpcServerProtocolService now
2022-11-14 01:04:50,187 [grpc-default-executor-3] WARN  server.GrpcServerProtocolService (LogUtils.java:warn(122)) - 303bca5f-e220-44f8-957a-f0bd1a8a67be: installSnapshot onError, lastRequest: 06e93c36-3e5f-4b60-afd6-cffad6b8ca77->303bca5f-e220-44f8-957a-f0bd1a8a67be#1-t4,previous=(t:0, i:0),leaderCommit=-1,initializing? true,entries: size=1, first=(t:4, i:0), CONFIGURATIONENTRY(current:id: "06e93c36-3e5f-4b60-afd6-cffad6b8ca77"
address: "10.1.0.33:33135"
priority: 1
clientAddress: "10.1.0.33:33135"
adminAddress: "10.1.0.33:33135"
startupRole: FOLLOWER
,id: "303bca5f-e220-44f8-957a-f0bd1a8a67be"
address: "10.1.0.33:42857"
clientAddress: "10.1.0.33:42857"
adminAddress: "10.1.0.33:42857"
startupRole: FOLLOWER
,id: "50a771df-70d3-4c7d-9ea2-11e60400c1f5"
address: "10.1.0.33:34193"
clientAddress: "10.1.0.33:34193"
adminAddress: "10.1.0.33:34193"
startupRole: FOLLOWER
, old:): org.apache.ratis.thirdparty.io.grpc.StatusRuntimeException: CANCELLED: client cancelled
2022-11-14 01:04:50,187 [303bca5f-e220-44f8-957a-f0bd1a8a67be@group-7477ECCF7542-StateMachineUpdater] INFO  impl.StateMachineUpdater (StateMachineUpdater.java:takeSnapshot(287)) - 303bca5f-e220-44f8-957a-f0bd1a8a67be@group-7477ECCF7542-StateMachineUpdater: Took a snapshot at index 0
2022-11-14 01:04:50,187 [303bca5f-e220-44f8-957a-f0bd1a8a67be@group-7477ECCF7542-StateMachineUpdater] INFO  impl.StateMachineUpdater (StateMachineUpdater.java:lambda$new$0(92)) - 303bca5f-e220-44f8-957a-f0bd1a8a67be@group-7477ECCF7542-StateMachineUpdater: snapshotIndex: updateIncreasingly -1 -> 0
2022-11-14 01:04:50,188 [grpc-default-executor-7] WARN  server.GrpcServerProtocolService (LogUtils.java:warn(122)) - 303bca5f-e220-44f8-957a-f0bd1a8a67be: installSnapshot onError, lastRequest: null: org.apache.ratis.thirdparty.io.grpc.StatusRuntimeException: CANCELLED: client cancelled
2022-11-14 01:04:50,188 [303bca5f-e220-44f8-957a-f0bd1a8a67be-impl-thread2] INFO  server.RaftServer$Division (ServerState.java:close(466)) - 303bca5f-e220-44f8-957a-f0bd1a8a67be@group-7477ECCF7542: closes. applyIndex: 0
2022-11-14 01:04:50,189 [grpc-default-executor-3] WARN  server.GrpcServerProtocolService (LogUtils.java:warn(122)) - 303bca5f-e220-44f8-957a-f0bd1a8a67be: installSnapshot onError, lastRequest: 50a771df-70d3-4c7d-9ea2-11e60400c1f5->303bca5f-e220-44f8-957a-f0bd1a8a67be#1-t3,previous=(t:0, i:0),leaderCommit=-1,initializing? true,entries: size=1, first=(t:3, i:0), CONFIGURATIONENTRY(current:id: "06e93c36-3e5f-4b60-afd6-cffad6b8ca77"
address: "10.1.0.33:33135"
clientAddress: "10.1.0.33:33135"
adminAddress: "10.1.0.33:33135"
startupRole: FOLLOWER
,id: "303bca5f-e220-44f8-957a-f0bd1a8a67be"
address: "10.1.0.33:42857"
clientAddress: "10.1.0.33:42857"
adminAddress: "10.1.0.33:42857"
startupRole: FOLLOWER
,id: "50a771df-70d3-4c7d-9ea2-11e60400c1f5"
address: "10.1.0.33:34193"
priority: 1
clientAddress: "10.1.0.33:34193"
adminAddress: "10.1.0.33:34193"
startupRole: FOLLOWER
, old:): org.apache.ratis.thirdparty.io.grpc.StatusRuntimeException: CANCELLED: client cancelled
2022-11-14 01:04:50,189 [303bca5f-e220-44f8-957a-f0bd1a8a67be@group-7477ECCF7542-SegmentedRaftLogWorker] INFO  segmented.SegmentedRaftLogWorker (SegmentedRaftLogWorker.java:run(345)) - 303bca5f-e220-44f8-957a-f0bd1a8a67be@group-7477ECCF7542-SegmentedRaftLogWorker was interrupted, exiting. There are 0 tasks remaining in the queue.
2022-11-14 01:04:50,189 [grpc-default-executor-0] WARN  server.GrpcServerProtocolService (LogUtils.java:warn(122)) - 303bca5f-e220-44f8-957a-f0bd1a8a67be: installSnapshot onError, lastRequest: null: org.apache.ratis.thirdparty.io.grpc.StatusRuntimeException: CANCELLED: client cancelled
2022-11-14 01:04:50,190 [grpc-default-executor-0] WARN  server.GrpcLogAppender (LogUtils.java:warn(122)) - 06e93c36-3e5f-4b60-afd6-cffad6b8ca77@group-42712CCB35A6->303bca5f-e220-44f8-957a-f0bd1a8a67be-AppendLogResponseHandler: Failed appendEntries: org.apache.ratis.thirdparty.io.grpc.StatusRuntimeException: CANCELLED: RST_STREAM closed stream. HTTP/2 error code: CANCEL
2022-11-14 01:04:50,190 [grpc-default-executor-0] WARN  server.GrpcLogAppender (GrpcLogAppender.java:resetClient(131)) - 06e93c36-3e5f-4b60-afd6-cffad6b8ca77@group-42712CCB35A6->303bca5f-e220-44f8-957a-f0bd1a8a67be-GrpcLogAppender: Leader has not got in touch with Follower 06e93c36-3e5f-4b60-afd6-cffad6b8ca77@group-42712CCB35A6->303bca5f-e220-44f8-957a-f0bd1a8a67be(c0,m0,n1, attendVote=true, lastRpcSendTime=91, lastRpcResponseTime=50) yet, just keep nextIndex unchanged and retry.
2022-11-14 01:04:50,191 [grpc-default-executor-0] WARN  server.GrpcLogAppender (LogUtils.java:warn(122)) - 50a771df-70d3-4c7d-9ea2-11e60400c1f5@group-7477ECCF7542->303bca5f-e220-44f8-957a-f0bd1a8a67be-AppendLogResponseHandler: Failed appendEntries: org.apache.ratis.thirdparty.io.grpc.StatusRuntimeException: CANCELLED: RST_STREAM closed stream. HTTP/2 error code: CANCEL
2022-11-14 01:04:50,192 [grpc-default-executor-0] WARN  server.GrpcLogAppender (GrpcLogAppender.java:resetClient(131)) - 50a771df-70d3-4c7d-9ea2-11e60400c1f5@group-7477ECCF7542->303bca5f-e220-44f8-957a-f0bd1a8a67be-GrpcLogAppender: Leader has not got in touch with Follower 50a771df-70d3-4c7d-9ea2-11e60400c1f5@group-7477ECCF7542->303bca5f-e220-44f8-957a-f0bd1a8a67be(c0,m0,n1, attendVote=true, lastRpcSendTime=2130, lastRpcResponseTime=2126) yet, just keep nextIndex unchanged and retry.
2022-11-14 01:04:50,192 [grpc-default-executor-0] WARN  server.GrpcLogAppender (LogUtils.java:warn(122)) - 06e93c36-3e5f-4b60-afd6-cffad6b8ca77@group-42712CCB35A6->303bca5f-e220-44f8-957a-f0bd1a8a67be-AppendLogResponseHandler: Failed appendEntries: org.apache.ratis.thirdparty.io.grpc.StatusRuntimeException: CANCELLED: RST_STREAM closed stream. HTTP/2 error code: CANCEL
2022-11-14 01:04:50,193 [grpc-default-executor-0] WARN  server.GrpcLogAppender (GrpcLogAppender.java:resetClient(131)) - 06e93c36-3e5f-4b60-afd6-cffad6b8ca77@group-42712CCB35A6->303bca5f-e220-44f8-957a-f0bd1a8a67be-GrpcLogAppender: Leader has not got in touch with Follower 06e93c36-3e5f-4b60-afd6-cffad6b8ca77@group-42712CCB35A6->303bca5f-e220-44f8-957a-f0bd1a8a67be(c0,m0,n1, attendVote=true, lastRpcSendTime=93, lastRpcResponseTime=53) yet, just keep nextIndex unchanged and retry.
2022-11-14 01:04:50,193 [grpc-default-executor-0] WARN  server.GrpcLogAppender (LogUtils.java:warn(122)) - 50a771df-70d3-4c7d-9ea2-11e60400c1f5@group-7477ECCF7542->303bca5f-e220-44f8-957a-f0bd1a8a67be-AppendLogResponseHandler: Failed appendEntries: org.apache.ratis.thirdparty.io.grpc.StatusRuntimeException: CANCELLED: RST_STREAM closed stream. HTTP/2 error code: CANCEL
2022-11-14 01:04:50,193 [grpc-default-executor-0] WARN  server.GrpcLogAppender (GrpcLogAppender.java:resetClient(131)) - 50a771df-70d3-4c7d-9ea2-11e60400c1f5@group-7477ECCF7542->303bca5f-e220-44f8-957a-f0bd1a8a67be-GrpcLogAppender: Leader has not got in touch with Follower 50a771df-70d3-4c7d-9ea2-11e60400c1f5@group-7477ECCF7542->303bca5f-e220-44f8-957a-f0bd1a8a67be(c0,m0,n1, attendVote=true, lastRpcSendTime=2131, lastRpcResponseTime=2128) yet, just keep nextIndex unchanged and retry.
2022-11-14 01:04:50,193 [303bca5f-e220-44f8-957a-f0bd1a8a67be-impl-thread3] INFO  server.RaftServer$Division (RaftServerImpl.java:lambda$close$4(458)) - 303bca5f-e220-44f8-957a-f0bd1a8a67be@group-2FC1FA02EAB1: shutdown
2022-11-14 01:04:50,194 [303bca5f-e220-44f8-957a-f0bd1a8a67be-impl-thread3] INFO  util.JmxRegister (JmxRegister.java:unregister(73)) - Successfully un-registered JMX Bean with object name Ratis:service=RaftServer,group=group-2FC1FA02EAB1,id=303bca5f-e220-44f8-957a-f0bd1a8a67be
2022-11-14 01:04:50,194 [303bca5f-e220-44f8-957a-f0bd1a8a67be-impl-thread3] INFO  impl.RoleInfo (RoleInfo.java:shutdownLeaderState(93)) - 303bca5f-e220-44f8-957a-f0bd1a8a67be: shutdown 303bca5f-e220-44f8-957a-f0bd1a8a67be@group-2FC1FA02EAB1-LeaderStateImpl
2022-11-14 01:04:50,194 [303bca5f-e220-44f8-957a-f0bd1a8a67be-impl-thread3] INFO  impl.PendingRequests (PendingRequests.java:sendNotLeaderResponses(282)) - 303bca5f-e220-44f8-957a-f0bd1a8a67be@group-2FC1FA02EAB1-PendingRequests: sendNotLeaderResponses
2022-11-14 01:04:50,194 [303bca5f-e220-44f8-957a-f0bd1a8a67be-impl-thread3] INFO  impl.StateMachineUpdater (StateMachineUpdater.java:stopAndJoin(153)) - 303bca5f-e220-44f8-957a-f0bd1a8a67be@group-2FC1FA02EAB1-StateMachineUpdater: set stopIndex = 0
2022-11-14 01:04:50,194 [303bca5f-e220-44f8-957a-f0bd1a8a67be@group-2FC1FA02EAB1-StateMachineUpdater] INFO  ratis.ContainerStateMachine (ContainerStateMachine.java:takeSnapshot(304)) - group-2FC1FA02EAB1: Taking a snapshot at:(t:1, i:0) file /home/runner/work/ozone/ozone/hadoop-ozone/integration-test/target/test-dir/MiniOzoneClusterImpl-733ab8e8-73b4-47ae-b22b-a548a4863177/datanode-1/data/ratis/2d12a490-5460-45f0-a3cd-2fc1fa02eab1/sm/snapshot.1_0
2022-11-14 01:04:50,194 [ForkJoinPool.commonPool-worker-0] INFO  server.GrpcServerProtocolClient (GrpcServerProtocolClient.java:close(111)) - 06e93c36-3e5f-4b60-afd6-cffad6b8ca77 Close channels
2022-11-14 01:04:50,195 [303bca5f-e220-44f8-957a-f0bd1a8a67be@group-2FC1FA02EAB1-StateMachineUpdater] INFO  ratis.ContainerStateMachine (ContainerStateMachine.java:takeSnapshot(315)) - group-2FC1FA02EAB1: Finished taking a snapshot at:(t:1, i:0) file:/home/runner/work/ozone/ozone/hadoop-ozone/integration-test/target/test-dir/MiniOzoneClusterImpl-733ab8e8-73b4-47ae-b22b-a548a4863177/datanode-1/data/ratis/2d12a490-5460-45f0-a3cd-2fc1fa02eab1/sm/snapshot.1_0 took: 0 ms
2022-11-14 01:04:50,195 [303bca5f-e220-44f8-957a-f0bd1a8a67be@group-2FC1FA02EAB1-StateMachineUpdater] INFO  impl.StateMachineUpdater (StateMachineUpdater.java:takeSnapshot(287)) - 303bca5f-e220-44f8-957a-f0bd1a8a67be@group-2FC1FA02EAB1-StateMachineUpdater: Took a snapshot at index 0
2022-11-14 01:04:50,195 [303bca5f-e220-44f8-957a-f0bd1a8a67be@group-2FC1FA02EAB1-StateMachineUpdater] INFO  impl.StateMachineUpdater (StateMachineUpdater.java:lambda$new$0(92)) - 303bca5f-e220-44f8-957a-f0bd1a8a67be@group-2FC1FA02EAB1-StateMachineUpdater: snapshotIndex: updateIncreasingly -1 -> 0
2022-11-14 01:04:50,195 [303bca5f-e220-44f8-957a-f0bd1a8a67be-impl-thread1] INFO  segmented.SegmentedRaftLogWorker (SegmentedRaftLogWorker.java:close(255)) - 303bca5f-e220-44f8-957a-f0bd1a8a67be@group-42712CCB35A6-SegmentedRaftLogWorker close()
2022-11-14 01:04:50,196 [303bca5f-e220-44f8-957a-f0bd1a8a67be-impl-thread3] INFO  server.RaftServer$Division (ServerState.java:close(466)) - 303bca5f-e220-44f8-957a-f0bd1a8a67be@group-2FC1FA02EAB1: closes. applyIndex: 0
2022-11-14 01:04:50,196 [Listener at 127.0.0.1/41321] INFO  server.GrpcServerProtocolClient (GrpcServerProtocolClient.java:close(111)) - c2596226-15ac-44d2-9de4-d3f1d5072550 Close channels
2022-11-14 01:04:50,196 [303bca5f-e220-44f8-957a-f0bd1a8a67be@group-2FC1FA02EAB1-SegmentedRaftLogWorker] INFO  segmented.SegmentedRaftLogWorker (SegmentedRaftLogWorker.java:run(345)) - 303bca5f-e220-44f8-957a-f0bd1a8a67be@group-2FC1FA02EAB1-SegmentedRaftLogWorker was interrupted, exiting. There are 0 tasks remaining in the queue.
2022-11-14 01:04:50,197 [303bca5f-e220-44f8-957a-f0bd1a8a67be-impl-thread2] INFO  segmented.SegmentedRaftLogWorker (SegmentedRaftLogWorker.java:close(255)) - 303bca5f-e220-44f8-957a-f0bd1a8a67be@group-7477ECCF7542-SegmentedRaftLogWorker close()
2022-11-14 01:04:50,197 [303bca5f-e220-44f8-957a-f0bd1a8a67be-impl-thread3] INFO  segmented.SegmentedRaftLogWorker (SegmentedRaftLogWorker.java:close(255)) - 303bca5f-e220-44f8-957a-f0bd1a8a67be@group-2FC1FA02EAB1-SegmentedRaftLogWorker close()
2022-11-14 01:04:50,201 [ForkJoinPool.commonPool-worker-0] INFO  server.GrpcServerProtocolClient (GrpcServerProtocolClient.java:close(111)) - 50a771df-70d3-4c7d-9ea2-11e60400c1f5 Close channels
2022-11-14 01:04:50,217 [ForkJoinPool.commonPool-worker-0] INFO  server.GrpcService (GrpcService.java:closeImpl(288)) - 303bca5f-e220-44f8-957a-f0bd1a8a67be: shutdown server GrpcServerProtocolService successfully
2022-11-14 01:04:50,217 [JvmPauseMonitor2] INFO  util.JvmPauseMonitor (JvmPauseMonitor.java:run(111)) - JvmPauseMonitor-303bca5f-e220-44f8-957a-f0bd1a8a67be: Stopped
2022-11-14 01:04:50,220 [Listener at 127.0.0.1/41321] INFO  server.GrpcService (GrpcService.java:closeImpl(288)) - 01c63b18-c7c8-42e3-9de4-2761bbcfbea5: shutdown server GrpcServerProtocolService successfully
2022-11-14 01:04:50,221 [JvmPauseMonitor4] INFO  util.JvmPauseMonitor (JvmPauseMonitor.java:run(111)) - JvmPauseMonitor-01c63b18-c7c8-42e3-9de4-2761bbcfbea5: Stopped
2022-11-14 01:04:50,584 [grpc-default-executor-3] WARN  server.GrpcLogAppender (LogUtils.java:warn(122)) - 50a771df-70d3-4c7d-9ea2-11e60400c1f5@group-7477ECCF7542->303bca5f-e220-44f8-957a-f0bd1a8a67be-AppendLogResponseHandler: Failed appendEntries: org.apache.ratis.thirdparty.io.grpc.StatusRuntimeException: UNAVAILABLE: io exception
2022-11-14 01:04:50,584 [grpc-default-executor-3] WARN  server.GrpcLogAppender (GrpcLogAppender.java:resetClient(131)) - 50a771df-70d3-4c7d-9ea2-11e60400c1f5@group-7477ECCF7542->303bca5f-e220-44f8-957a-f0bd1a8a67be-GrpcLogAppender: Leader has not got in touch with Follower 50a771df-70d3-4c7d-9ea2-11e60400c1f5@group-7477ECCF7542->303bca5f-e220-44f8-957a-f0bd1a8a67be(c0,m0,n1, attendVote=true, lastRpcSendTime=16, lastRpcResponseTime=2519) yet, just keep nextIndex unchanged and retry.
2022-11-14 01:04:50,594 [grpc-default-executor-0] WARN  server.GrpcLogAppender (LogUtils.java:warn(122)) - 50a771df-70d3-4c7d-9ea2-11e60400c1f5@group-7477ECCF7542->303bca5f-e220-44f8-957a-f0bd1a8a67be-AppendLogResponseHandler: Failed appendEntries: org.apache.ratis.thirdparty.io.grpc.StatusRuntimeException: UNAVAILABLE: io exception
2022-11-14 01:04:50,595 [grpc-default-executor-0] WARN  server.GrpcLogAppender (GrpcLogAppender.java:resetClient(131)) - 50a771df-70d3-4c7d-9ea2-11e60400c1f5@group-7477ECCF7542->303bca5f-e220-44f8-957a-f0bd1a8a67be-GrpcLogAppender: Leader has not got in touch with Follower 50a771df-70d3-4c7d-9ea2-11e60400c1f5@group-7477ECCF7542->303bca5f-e220-44f8-957a-f0bd1a8a67be(c0,m0,n1, attendVote=true, lastRpcSendTime=27, lastRpcResponseTime=2530) yet, just keep nextIndex unchanged and retry.
2022-11-14 01:04:51,818 [grpc-default-executor-0] WARN  server.GrpcLogAppender (LogUtils.java:warn(122)) - 50a771df-70d3-4c7d-9ea2-11e60400c1f5@group-7477ECCF7542->303bca5f-e220-44f8-957a-f0bd1a8a67be-AppendLogResponseHandler: Failed appendEntries: org.apache.ratis.thirdparty.io.grpc.StatusRuntimeException: UNAVAILABLE: io exception
2022-11-14 01:04:51,819 [grpc-default-executor-0] WARN  server.GrpcLogAppender (GrpcLogAppender.java:resetClient(131)) - 50a771df-70d3-4c7d-9ea2-11e60400c1f5@group-7477ECCF7542->303bca5f-e220-44f8-957a-f0bd1a8a67be-GrpcLogAppender: Leader has not got in touch with Follower 50a771df-70d3-4c7d-9ea2-11e60400c1f5@group-7477ECCF7542->303bca5f-e220-44f8-957a-f0bd1a8a67be(c0,m0,n1, attendVote=true, lastRpcSendTime=1, lastRpcResponseTime=3754) yet, just keep nextIndex unchanged and retry.
2022-11-14 01:04:51,819 [grpc-default-executor-3] WARN  server.GrpcLogAppender (LogUtils.java:warn(122)) - 50a771df-70d3-4c7d-9ea2-11e60400c1f5@group-7477ECCF7542->303bca5f-e220-44f8-957a-f0bd1a8a67be-AppendLogResponseHandler: Failed appendEntries: org.apache.ratis.thirdparty.io.grpc.StatusRuntimeException: UNAVAILABLE: io exception
2022-11-14 01:04:51,820 [grpc-default-executor-3] WARN  server.GrpcLogAppender (GrpcLogAppender.java:resetClient(131)) - 50a771df-70d3-4c7d-9ea2-11e60400c1f5@group-7477ECCF7542->303bca5f-e220-44f8-957a-f0bd1a8a67be-GrpcLogAppender: Leader has not got in touch with Follower 50a771df-70d3-4c7d-9ea2-11e60400c1f5@group-7477ECCF7542->303bca5f-e220-44f8-957a-f0bd1a8a67be(c0,m0,n1, attendVote=true, lastRpcSendTime=2, lastRpcResponseTime=3755) yet, just keep nextIndex unchanged and retry.
2022-11-14 01:04:52,271 [Listener at 127.0.0.1/41321] INFO  volume.HddsVolume (HddsVolume.java:closeDbStore(338)) - SchemaV3 db is stopped at /home/runner/work/ozone/ozone/hadoop-ozone/integration-test/target/test-dir/MiniOzoneClusterImpl-733ab8e8-73b4-47ae-b22b-a548a4863177/datanode-3/data-0/containers/hdds/733ab8e8-73b4-47ae-b22b-a548a4863177/DS-d1b30811-64bd-4994-8eb9-5133e890c9c0/container.db for volume DS-d1b30811-64bd-4994-8eb9-5133e890c9c0
2022-11-14 01:04:52,277 [Listener at 127.0.0.1/41321] INFO  utils.BackgroundService (BackgroundService.java:shutdown(141)) - Shutting down service BlockDeletingService
2022-11-14 01:04:52,277 [ForkJoinPool.commonPool-worker-0] INFO  volume.HddsVolume (HddsVolume.java:closeDbStore(338)) - SchemaV3 db is stopped at /home/runner/work/ozone/ozone/hadoop-ozone/integration-test/target/test-dir/MiniOzoneClusterImpl-733ab8e8-73b4-47ae-b22b-a548a4863177/datanode-1/data-0/containers/hdds/733ab8e8-73b4-47ae-b22b-a548a4863177/DS-13a4bf74-3121-48ec-a5ed-21536aa50665/container.db for volume DS-13a4bf74-3121-48ec-a5ed-21536aa50665
2022-11-14 01:04:52,281 [ForkJoinPool.commonPool-worker-0] INFO  utils.BackgroundService (BackgroundService.java:shutdown(141)) - Shutting down service BlockDeletingService
2022-11-14 01:04:52,282 [ForkJoinPool.commonPool-worker-0] INFO  utils.BackgroundService (BackgroundService.java:shutdown(141)) - Shutting down service StaleRecoveringContainerScrubbingService
2022-11-14 01:04:52,288 [Listener at 127.0.0.1/41321] INFO  utils.BackgroundService (BackgroundService.java:shutdown(141)) - Shutting down service StaleRecoveringContainerScrubbingService
2022-11-14 01:04:52,298 [ForkJoinPool.commonPool-worker-0] INFO  statemachine.DatanodeStateMachine (DatanodeStateMachine.java:stopDaemon(593)) - Ozone container server stopped.
2022-11-14 01:04:52,299 [Listener at 127.0.0.1/41321] INFO  statemachine.DatanodeStateMachine (DatanodeStateMachine.java:stopDaemon(593)) - Ozone container server stopped.
2022-11-14 01:04:52,324 [Listener at 127.0.0.1/41321] INFO  handler.ContextHandler (ContextHandler.java:doStop(1159)) - Stopped o.e.j.w.WebAppContext@1b4f57d6{hddsDatanode,/,null,STOPPED}{jar:file:/home/runner/.m2/repository/org/apache/ozone/hdds-container-service/1.3.0-SNAPSHOT/hdds-container-service-1.3.0-SNAPSHOT.jar!/webapps/hddsDatanode}
2022-11-14 01:04:52,326 [Listener at 127.0.0.1/41321] INFO  server.AbstractConnector (AbstractConnector.java:doStop(383)) - Stopped ServerConnector@133e309a{HTTP/1.1, (http/1.1)}{0.0.0.0:0}
2022-11-14 01:04:52,332 [ForkJoinPool.commonPool-worker-0] INFO  handler.ContextHandler (ContextHandler.java:doStop(1159)) - Stopped o.e.j.w.WebAppContext@673f8424{hddsDatanode,/,null,STOPPED}{jar:file:/home/runner/.m2/repository/org/apache/ozone/hdds-container-service/1.3.0-SNAPSHOT/hdds-container-service-1.3.0-SNAPSHOT.jar!/webapps/hddsDatanode}
2022-11-14 01:04:52,332 [ForkJoinPool.commonPool-worker-0] INFO  server.AbstractConnector (AbstractConnector.java:doStop(383)) - Stopped ServerConnector@36ed075b{HTTP/1.1, (http/1.1)}{0.0.0.0:0}
2022-11-14 01:04:52,332 [ForkJoinPool.commonPool-worker-0] INFO  server.session (HouseKeeper.java:stopScavenging(149)) - node0 Stopped scavenging
2022-11-14 01:04:52,332 [Listener at 127.0.0.1/41321] INFO  server.session (HouseKeeper.java:stopScavenging(149)) - node0 Stopped scavenging
2022-11-14 01:04:52,333 [ForkJoinPool.commonPool-worker-0] INFO  handler.ContextHandler (ContextHandler.java:doStop(1159)) - Stopped o.e.j.s.ServletContextHandler@d13d812{static,/static,jar:file:/home/runner/.m2/repository/org/apache/ozone/hdds-container-service/1.3.0-SNAPSHOT/hdds-container-service-1.3.0-SNAPSHOT.jar!/webapps/static,STOPPED}
2022-11-14 01:04:52,335 [Listener at 127.0.0.1/41321] INFO  handler.ContextHandler (ContextHandler.java:doStop(1159)) - Stopped o.e.j.s.ServletContextHandler@68775a63{static,/static,jar:file:/home/runner/.m2/repository/org/apache/ozone/hdds-container-service/1.3.0-SNAPSHOT/hdds-container-service-1.3.0-SNAPSHOT.jar!/webapps/static,STOPPED}
2022-11-14 01:04:52,336 [Listener at 127.0.0.1/41321] INFO  handler.ContextHandler (ContextHandler.java:doStop(1159)) - Stopped o.e.j.s.ServletContextHandler@5f033742{logs,/logs,file:///home/runner/work/ozone/ozone/hadoop-ozone/integration-test/target/log,STOPPED}
2022-11-14 01:04:52,337 [ForkJoinPool.commonPool-worker-0] INFO  handler.ContextHandler (ContextHandler.java:doStop(1159)) - Stopped o.e.j.s.ServletContextHandler@463f7e2f{logs,/logs,file:///home/runner/work/ozone/ozone/hadoop-ozone/integration-test/target/log,STOPPED}
2022-11-14 01:04:52,340 [ForkJoinPool.commonPool-worker-0] INFO  ozoneimpl.OzoneContainer (OzoneContainer.java:stop(400)) - Attempting to stop container services.
2022-11-14 01:04:52,340 [ForkJoinPool.commonPool-worker-0] INFO  server.RaftServer (RaftServerProxy.java:lambda$close$6(409)) - 06e93c36-3e5f-4b60-afd6-cffad6b8ca77: close
2022-11-14 01:04:52,340 [06e93c36-3e5f-4b60-afd6-cffad6b8ca77-impl-thread1] INFO  server.RaftServer$Division (RaftServerImpl.java:lambda$close$4(458)) - 06e93c36-3e5f-4b60-afd6-cffad6b8ca77@group-42712CCB35A6: shutdown
2022-11-14 01:04:52,340 [06e93c36-3e5f-4b60-afd6-cffad6b8ca77-impl-thread1] INFO  util.JmxRegister (JmxRegister.java:unregister(73)) - Successfully un-registered JMX Bean with object name Ratis:service=RaftServer,group=group-42712CCB35A6,id=06e93c36-3e5f-4b60-afd6-cffad6b8ca77
2022-11-14 01:04:52,340 [06e93c36-3e5f-4b60-afd6-cffad6b8ca77-impl-thread1] INFO  impl.RoleInfo (RoleInfo.java:shutdownLeaderState(93)) - 06e93c36-3e5f-4b60-afd6-cffad6b8ca77: shutdown 06e93c36-3e5f-4b60-afd6-cffad6b8ca77@group-42712CCB35A6-LeaderStateImpl
2022-11-14 01:04:52,348 [06e93c36-3e5f-4b60-afd6-cffad6b8ca77-impl-thread2] INFO  server.RaftServer$Division (RaftServerImpl.java:lambda$close$4(458)) - 06e93c36-3e5f-4b60-afd6-cffad6b8ca77@group-7477ECCF7542: shutdown
2022-11-14 01:04:52,348 [06e93c36-3e5f-4b60-afd6-cffad6b8ca77-impl-thread2] INFO  util.JmxRegister (JmxRegister.java:unregister(73)) - Successfully un-registered JMX Bean with object name Ratis:service=RaftServer,group=group-7477ECCF7542,id=06e93c36-3e5f-4b60-afd6-cffad6b8ca77
2022-11-14 01:04:52,348 [06e93c36-3e5f-4b60-afd6-cffad6b8ca77-impl-thread2] INFO  impl.RoleInfo (RoleInfo.java:shutdownFollowerState(110)) - 06e93c36-3e5f-4b60-afd6-cffad6b8ca77: shutdown 06e93c36-3e5f-4b60-afd6-cffad6b8ca77@group-7477ECCF7542-FollowerState
2022-11-14 01:04:52,352 [ForkJoinPool.commonPool-worker-0] INFO  server.GrpcService (GrpcService.java:closeImpl(279)) - 06e93c36-3e5f-4b60-afd6-cffad6b8ca77: shutdown server GrpcServerProtocolService now
2022-11-14 01:04:52,354 [ForkJoinPool.commonPool-worker-0] INFO  server.GrpcServerProtocolClient (GrpcServerProtocolClient.java:close(111)) - 303bca5f-e220-44f8-957a-f0bd1a8a67be Close channels
2022-11-14 01:04:52,356 [grpc-default-executor-0] WARN  server.GrpcServerProtocolService (LogUtils.java:warn(122)) - 06e93c36-3e5f-4b60-afd6-cffad6b8ca77: installSnapshot onError, lastRequest: null: org.apache.ratis.thirdparty.io.grpc.StatusRuntimeException: CANCELLED: client cancelled
2022-11-14 01:04:52,356 [ForkJoinPool.commonPool-worker-0] INFO  server.GrpcServerProtocolClient (GrpcServerProtocolClient.java:close(111)) - 50a771df-70d3-4c7d-9ea2-11e60400c1f5 Close channels
2022-11-14 01:04:52,358 [grpc-default-executor-1] WARN  server.GrpcLogAppender (LogUtils.java:warn(122)) - 50a771df-70d3-4c7d-9ea2-11e60400c1f5@group-7477ECCF7542->06e93c36-3e5f-4b60-afd6-cffad6b8ca77-AppendLogResponseHandler: Failed appendEntries: org.apache.ratis.thirdparty.io.grpc.StatusRuntimeException: CANCELLED: RST_STREAM closed stream. HTTP/2 error code: CANCEL
2022-11-14 01:04:52,358 [grpc-default-executor-1] WARN  server.GrpcLogAppender (GrpcLogAppender.java:resetClient(131)) - 50a771df-70d3-4c7d-9ea2-11e60400c1f5@group-7477ECCF7542->06e93c36-3e5f-4b60-afd6-cffad6b8ca77-GrpcLogAppender: Leader has not got in touch with Follower 50a771df-70d3-4c7d-9ea2-11e60400c1f5@group-7477ECCF7542->06e93c36-3e5f-4b60-afd6-cffad6b8ca77(c0,m0,n1, attendVote=true, lastRpcSendTime=1790, lastRpcResponseTime=1768) yet, just keep nextIndex unchanged and retry.
2022-11-14 01:04:52,358 [grpc-default-executor-7] WARN  server.GrpcServerProtocolService (LogUtils.java:warn(122)) - 06e93c36-3e5f-4b60-afd6-cffad6b8ca77: installSnapshot onError, lastRequest: 50a771df-70d3-4c7d-9ea2-11e60400c1f5->06e93c36-3e5f-4b60-afd6-cffad6b8ca77#1-t3,previous=(t:0, i:0),leaderCommit=0,initializing? true,entries: size=1, first=(t:3, i:0), CONFIGURATIONENTRY(current:id: "06e93c36-3e5f-4b60-afd6-cffad6b8ca77"
address: "10.1.0.33:33135"
clientAddress: "10.1.0.33:33135"
adminAddress: "10.1.0.33:33135"
startupRole: FOLLOWER
,id: "303bca5f-e220-44f8-957a-f0bd1a8a67be"
address: "10.1.0.33:42857"
clientAddress: "10.1.0.33:42857"
adminAddress: "10.1.0.33:42857"
startupRole: FOLLOWER
,id: "50a771df-70d3-4c7d-9ea2-11e60400c1f5"
address: "10.1.0.33:34193"
priority: 1
clientAddress: "10.1.0.33:34193"
adminAddress: "10.1.0.33:34193"
startupRole: FOLLOWER
, old:): org.apache.ratis.thirdparty.io.grpc.StatusRuntimeException: CANCELLED: client cancelled
2022-11-14 01:04:52,359 [Listener at 127.0.0.1/41321] INFO  ozoneimpl.OzoneContainer (OzoneContainer.java:stop(400)) - Attempting to stop container services.
2022-11-14 01:04:52,360 [06e93c36-3e5f-4b60-afd6-cffad6b8ca77-impl-thread3] INFO  server.RaftServer$Division (RaftServerImpl.java:lambda$close$4(458)) - 06e93c36-3e5f-4b60-afd6-cffad6b8ca77@group-690B3A9B0979: shutdown
2022-11-14 01:04:52,363 [06e93c36-3e5f-4b60-afd6-cffad6b8ca77-impl-thread3] INFO  util.JmxRegister (JmxRegister.java:unregister(73)) - Successfully un-registered JMX Bean with object name Ratis:service=RaftServer,group=group-690B3A9B0979,id=06e93c36-3e5f-4b60-afd6-cffad6b8ca77
2022-11-14 01:04:52,364 [06e93c36-3e5f-4b60-afd6-cffad6b8ca77-impl-thread3] INFO  impl.RoleInfo (RoleInfo.java:shutdownLeaderState(93)) - 06e93c36-3e5f-4b60-afd6-cffad6b8ca77: shutdown 06e93c36-3e5f-4b60-afd6-cffad6b8ca77@group-690B3A9B0979-LeaderStateImpl
2022-11-14 01:04:52,364 [06e93c36-3e5f-4b60-afd6-cffad6b8ca77-impl-thread3] INFO  impl.PendingRequests (PendingRequests.java:sendNotLeaderResponses(282)) - 06e93c36-3e5f-4b60-afd6-cffad6b8ca77@group-690B3A9B0979-PendingRequests: sendNotLeaderResponses
2022-11-14 01:04:52,364 [06e93c36-3e5f-4b60-afd6-cffad6b8ca77-impl-thread3] INFO  impl.StateMachineUpdater (StateMachineUpdater.java:stopAndJoin(153)) - 06e93c36-3e5f-4b60-afd6-cffad6b8ca77@group-690B3A9B0979-StateMachineUpdater: set stopIndex = 0
2022-11-14 01:04:52,364 [06e93c36-3e5f-4b60-afd6-cffad6b8ca77@group-690B3A9B0979-StateMachineUpdater] INFO  ratis.ContainerStateMachine (ContainerStateMachine.java:takeSnapshot(304)) - group-690B3A9B0979: Taking a snapshot at:(t:1, i:0) file /home/runner/work/ozone/ozone/hadoop-ozone/integration-test/target/test-dir/MiniOzoneClusterImpl-733ab8e8-73b4-47ae-b22b-a548a4863177/datanode-2/data/ratis/caaadc1d-2f20-49b6-82d7-690b3a9b0979/sm/snapshot.1_0
2022-11-14 01:04:52,359 [06e93c36-3e5f-4b60-afd6-cffad6b8ca77@group-7477ECCF7542-StateMachineUpdater] INFO  ratis.ContainerStateMachine (ContainerStateMachine.java:takeSnapshot(304)) - group-7477ECCF7542: Taking a snapshot at:(t:3, i:0) file /home/runner/work/ozone/ozone/hadoop-ozone/integration-test/target/test-dir/MiniOzoneClusterImpl-733ab8e8-73b4-47ae-b22b-a548a4863177/datanode-2/data/ratis/f816e042-922b-4701-8e5d-7477eccf7542/sm/snapshot.3_0
2022-11-14 01:04:52,359 [06e93c36-3e5f-4b60-afd6-cffad6b8ca77@group-42712CCB35A6->50a771df-70d3-4c7d-9ea2-11e60400c1f5-GrpcLogAppender-LogAppenderDaemon] WARN  server.GrpcLogAppender (GrpcLogAppender.java:mayWait(200)) - 06e93c36-3e5f-4b60-afd6-cffad6b8ca77@group-42712CCB35A6->50a771df-70d3-4c7d-9ea2-11e60400c1f5-GrpcLogAppender: Wait interrupted by java.lang.InterruptedException
2022-11-14 01:04:52,359 [06e93c36-3e5f-4b60-afd6-cffad6b8ca77-impl-thread1] INFO  impl.PendingRequests (PendingRequests.java:sendNotLeaderResponses(282)) - 06e93c36-3e5f-4b60-afd6-cffad6b8ca77@group-42712CCB35A6-PendingRequests: sendNotLeaderResponses
2022-11-14 01:04:52,359 [06e93c36-3e5f-4b60-afd6-cffad6b8ca77-impl-thread2] INFO  impl.StateMachineUpdater (StateMachineUpdater.java:stopAndJoin(153)) - 06e93c36-3e5f-4b60-afd6-cffad6b8ca77@group-7477ECCF7542-StateMachineUpdater: set stopIndex = 0
2022-11-14 01:04:52,365 [06e93c36-3e5f-4b60-afd6-cffad6b8ca77-impl-thread1] INFO  impl.StateMachineUpdater (StateMachineUpdater.java:stopAndJoin(153)) - 06e93c36-3e5f-4b60-afd6-cffad6b8ca77@group-42712CCB35A6-StateMachineUpdater: set stopIndex = 0
2022-11-14 01:04:52,359 [06e93c36-3e5f-4b60-afd6-cffad6b8ca77@group-7477ECCF7542-FollowerState] INFO  impl.FollowerState (FollowerState.java:run(152)) - 06e93c36-3e5f-4b60-afd6-cffad6b8ca77@group-7477ECCF7542-FollowerState was interrupted
2022-11-14 01:04:52,359 [grpc-default-executor-0] WARN  server.GrpcLogAppender (LogUtils.java:warn(122)) - 50a771df-70d3-4c7d-9ea2-11e60400c1f5@group-7477ECCF7542->06e93c36-3e5f-4b60-afd6-cffad6b8ca77-AppendLogResponseHandler: Failed appendEntries: org.apache.ratis.thirdparty.io.grpc.StatusRuntimeException: CANCELLED: RST_STREAM closed stream. HTTP/2 error code: CANCEL
2022-11-14 01:04:52,365 [06e93c36-3e5f-4b60-afd6-cffad6b8ca77@group-42712CCB35A6-StateMachineUpdater] INFO  ratis.ContainerStateMachine (ContainerStateMachine.java:takeSnapshot(304)) - group-42712CCB35A6: Taking a snapshot at:(t:4, i:0) file /home/runner/work/ozone/ozone/hadoop-ozone/integration-test/target/test-dir/MiniOzoneClusterImpl-733ab8e8-73b4-47ae-b22b-a548a4863177/datanode-2/data/ratis/83a746d0-ddf1-4803-a311-42712ccb35a6/sm/snapshot.4_0
2022-11-14 01:04:52,365 [grpc-default-executor-0] WARN  server.GrpcLogAppender (GrpcLogAppender.java:resetClient(131)) - 50a771df-70d3-4c7d-9ea2-11e60400c1f5@group-7477ECCF7542->06e93c36-3e5f-4b60-afd6-cffad6b8ca77-GrpcLogAppender: Leader has not got in touch with Follower 50a771df-70d3-4c7d-9ea2-11e60400c1f5@group-7477ECCF7542->06e93c36-3e5f-4b60-afd6-cffad6b8ca77(c0,m0,n1, attendVote=true, lastRpcSendTime=1797, lastRpcResponseTime=1775) yet, just keep nextIndex unchanged and retry.
2022-11-14 01:04:52,376 [06e93c36-3e5f-4b60-afd6-cffad6b8ca77@group-7477ECCF7542-StateMachineUpdater] INFO  ratis.ContainerStateMachine (ContainerStateMachine.java:takeSnapshot(315)) - group-7477ECCF7542: Finished taking a snapshot at:(t:3, i:0) file:/home/runner/work/ozone/ozone/hadoop-ozone/integration-test/target/test-dir/MiniOzoneClusterImpl-733ab8e8-73b4-47ae-b22b-a548a4863177/datanode-2/data/ratis/f816e042-922b-4701-8e5d-7477eccf7542/sm/snapshot.3_0 took: 16 ms
2022-11-14 01:04:52,376 [06e93c36-3e5f-4b60-afd6-cffad6b8ca77@group-7477ECCF7542-StateMachineUpdater] INFO  impl.StateMachineUpdater (StateMachineUpdater.java:takeSnapshot(287)) - 06e93c36-3e5f-4b60-afd6-cffad6b8ca77@group-7477ECCF7542-StateMachineUpdater: Took a snapshot at index 0
2022-11-14 01:04:52,376 [06e93c36-3e5f-4b60-afd6-cffad6b8ca77@group-7477ECCF7542-StateMachineUpdater] INFO  impl.StateMachineUpdater (StateMachineUpdater.java:lambda$new$0(92)) - 06e93c36-3e5f-4b60-afd6-cffad6b8ca77@group-7477ECCF7542-StateMachineUpdater: snapshotIndex: updateIncreasingly -1 -> 0
2022-11-14 01:04:52,377 [06e93c36-3e5f-4b60-afd6-cffad6b8ca77-impl-thread2] INFO  server.RaftServer$Division (ServerState.java:close(466)) - 06e93c36-3e5f-4b60-afd6-cffad6b8ca77@group-7477ECCF7542: closes. applyIndex: 0
2022-11-14 01:04:52,377 [06e93c36-3e5f-4b60-afd6-cffad6b8ca77@group-7477ECCF7542-SegmentedRaftLogWorker] INFO  segmented.SegmentedRaftLogWorker (SegmentedRaftLogWorker.java:run(345)) - 06e93c36-3e5f-4b60-afd6-cffad6b8ca77@group-7477ECCF7542-SegmentedRaftLogWorker was interrupted, exiting. There are 0 tasks remaining in the queue.
2022-11-14 01:04:52,377 [06e93c36-3e5f-4b60-afd6-cffad6b8ca77@group-42712CCB35A6-StateMachineUpdater] INFO  ratis.ContainerStateMachine (ContainerStateMachine.java:takeSnapshot(315)) - group-42712CCB35A6: Finished taking a snapshot at:(t:4, i:0) file:/home/runner/work/ozone/ozone/hadoop-ozone/integration-test/target/test-dir/MiniOzoneClusterImpl-733ab8e8-73b4-47ae-b22b-a548a4863177/datanode-2/data/ratis/83a746d0-ddf1-4803-a311-42712ccb35a6/sm/snapshot.4_0 took: 12 ms
2022-11-14 01:04:52,377 [06e93c36-3e5f-4b60-afd6-cffad6b8ca77@group-42712CCB35A6-StateMachineUpdater] INFO  impl.StateMachineUpdater (StateMachineUpdater.java:takeSnapshot(287)) - 06e93c36-3e5f-4b60-afd6-cffad6b8ca77@group-42712CCB35A6-StateMachineUpdater: Took a snapshot at index 0
2022-11-14 01:04:52,377 [06e93c36-3e5f-4b60-afd6-cffad6b8ca77@group-42712CCB35A6-StateMachineUpdater] INFO  impl.StateMachineUpdater (StateMachineUpdater.java:lambda$new$0(92)) - 06e93c36-3e5f-4b60-afd6-cffad6b8ca77@group-42712CCB35A6-StateMachineUpdater: snapshotIndex: updateIncreasingly -1 -> 0
2022-11-14 01:04:52,378 [06e93c36-3e5f-4b60-afd6-cffad6b8ca77-impl-thread1] INFO  server.RaftServer$Division (ServerState.java:close(466)) - 06e93c36-3e5f-4b60-afd6-cffad6b8ca77@group-42712CCB35A6: closes. applyIndex: 0
2022-11-14 01:04:52,378 [06e93c36-3e5f-4b60-afd6-cffad6b8ca77@group-42712CCB35A6-SegmentedRaftLogWorker] INFO  segmented.SegmentedRaftLogWorker (SegmentedRaftLogWorker.java:run(345)) - 06e93c36-3e5f-4b60-afd6-cffad6b8ca77@group-42712CCB35A6-SegmentedRaftLogWorker was interrupted, exiting. There are 0 tasks remaining in the queue.
2022-11-14 01:04:52,376 [06e93c36-3e5f-4b60-afd6-cffad6b8ca77@group-690B3A9B0979-StateMachineUpdater] INFO  ratis.ContainerStateMachine (ContainerStateMachine.java:takeSnapshot(315)) - group-690B3A9B0979: Finished taking a snapshot at:(t:1, i:0) file:/home/runner/work/ozone/ozone/hadoop-ozone/integration-test/target/test-dir/MiniOzoneClusterImpl-733ab8e8-73b4-47ae-b22b-a548a4863177/datanode-2/data/ratis/caaadc1d-2f20-49b6-82d7-690b3a9b0979/sm/snapshot.1_0 took: 11 ms
2022-11-14 01:04:52,380 [06e93c36-3e5f-4b60-afd6-cffad6b8ca77@group-690B3A9B0979-StateMachineUpdater] INFO  impl.StateMachineUpdater (StateMachineUpdater.java:takeSnapshot(287)) - 06e93c36-3e5f-4b60-afd6-cffad6b8ca77@group-690B3A9B0979-StateMachineUpdater: Took a snapshot at index 0
2022-11-14 01:04:52,381 [06e93c36-3e5f-4b60-afd6-cffad6b8ca77@group-690B3A9B0979-StateMachineUpdater] INFO  impl.StateMachineUpdater (StateMachineUpdater.java:lambda$new$0(92)) - 06e93c36-3e5f-4b60-afd6-cffad6b8ca77@group-690B3A9B0979-StateMachineUpdater: snapshotIndex: updateIncreasingly -1 -> 0
2022-11-14 01:04:52,381 [06e93c36-3e5f-4b60-afd6-cffad6b8ca77-impl-thread3] INFO  server.RaftServer$Division (ServerState.java:close(466)) - 06e93c36-3e5f-4b60-afd6-cffad6b8ca77@group-690B3A9B0979: closes. applyIndex: 0
2022-11-14 01:04:52,380 [Listener at 127.0.0.1/41321] INFO  server.RaftServer (RaftServerProxy.java:lambda$close$6(409)) - c06e290d-eac5-4346-afba-5a90a2b31fb3: close
2022-11-14 01:04:52,382 [06e93c36-3e5f-4b60-afd6-cffad6b8ca77-impl-thread2] INFO  segmented.SegmentedRaftLogWorker (SegmentedRaftLogWorker.java:close(255)) - 06e93c36-3e5f-4b60-afd6-cffad6b8ca77@group-7477ECCF7542-SegmentedRaftLogWorker close()
2022-11-14 01:04:52,382 [Listener at 127.0.0.1/41321] INFO  server.GrpcService (GrpcService.java:closeImpl(279)) - c06e290d-eac5-4346-afba-5a90a2b31fb3: shutdown server GrpcServerProtocolService now
2022-11-14 01:04:52,381 [06e93c36-3e5f-4b60-afd6-cffad6b8ca77@group-690B3A9B0979-SegmentedRaftLogWorker] INFO  segmented.SegmentedRaftLogWorker (SegmentedRaftLogWorker.java:run(345)) - 06e93c36-3e5f-4b60-afd6-cffad6b8ca77@group-690B3A9B0979-SegmentedRaftLogWorker was interrupted, exiting. There are 0 tasks remaining in the queue.
2022-11-14 01:04:52,382 [c06e290d-eac5-4346-afba-5a90a2b31fb3-impl-thread1] INFO  server.RaftServer$Division (RaftServerImpl.java:lambda$close$4(458)) - c06e290d-eac5-4346-afba-5a90a2b31fb3@group-FDCA75702721: shutdown
2022-11-14 01:04:52,382 [c06e290d-eac5-4346-afba-5a90a2b31fb3-impl-thread1] INFO  util.JmxRegister (JmxRegister.java:unregister(73)) - Successfully un-registered JMX Bean with object name Ratis:service=RaftServer,group=group-FDCA75702721,id=c06e290d-eac5-4346-afba-5a90a2b31fb3
2022-11-14 01:04:52,382 [c06e290d-eac5-4346-afba-5a90a2b31fb3-impl-thread1] INFO  impl.RoleInfo (RoleInfo.java:shutdownLeaderState(93)) - c06e290d-eac5-4346-afba-5a90a2b31fb3: shutdown c06e290d-eac5-4346-afba-5a90a2b31fb3@group-FDCA75702721-LeaderStateImpl
2022-11-14 01:04:52,382 [c06e290d-eac5-4346-afba-5a90a2b31fb3-impl-thread1] INFO  impl.PendingRequests (PendingRequests.java:sendNotLeaderResponses(282)) - c06e290d-eac5-4346-afba-5a90a2b31fb3@group-FDCA75702721-PendingRequests: sendNotLeaderResponses
2022-11-14 01:04:52,383 [c06e290d-eac5-4346-afba-5a90a2b31fb3-impl-thread1] INFO  impl.StateMachineUpdater (StateMachineUpdater.java:stopAndJoin(153)) - c06e290d-eac5-4346-afba-5a90a2b31fb3@group-FDCA75702721-StateMachineUpdater: set stopIndex = 0
2022-11-14 01:04:52,383 [c06e290d-eac5-4346-afba-5a90a2b31fb3@group-FDCA75702721-StateMachineUpdater] INFO  ratis.ContainerStateMachine (ContainerStateMachine.java:takeSnapshot(304)) - group-FDCA75702721: Taking a snapshot at:(t:1, i:0) file /home/runner/work/ozone/ozone/hadoop-ozone/integration-test/target/test-dir/MiniOzoneClusterImpl-733ab8e8-73b4-47ae-b22b-a548a4863177/datanode-5/data/ratis/ba6d667c-df07-46fa-b86f-fdca75702721/sm/snapshot.1_0
2022-11-14 01:04:52,387 [Listener at 127.0.0.1/41321] INFO  server.GrpcService (GrpcService.java:closeImpl(288)) - c06e290d-eac5-4346-afba-5a90a2b31fb3: shutdown server GrpcServerProtocolService successfully
2022-11-14 01:04:52,384 [grpc-default-executor-0] INFO  server.GrpcServerProtocolService (GrpcServerProtocolService.java:onCompleted(145)) - 50a771df-70d3-4c7d-9ea2-11e60400c1f5: Completed APPEND_ENTRIES, lastRequest: 06e93c36-3e5f-4b60-afd6-cffad6b8ca77->50a771df-70d3-4c7d-9ea2-11e60400c1f5#1-t4,previous=(t:0, i:0),leaderCommit=0,initializing? true,entries: size=1, first=(t:4, i:0), CONFIGURATIONENTRY(current:id: "06e93c36-3e5f-4b60-afd6-cffad6b8ca77"
address: "10.1.0.33:33135"
priority: 1
clientAddress: "10.1.0.33:33135"
adminAddress: "10.1.0.33:33135"
startupRole: FOLLOWER
,id: "303bca5f-e220-44f8-957a-f0bd1a8a67be"
address: "10.1.0.33:42857"
clientAddress: "10.1.0.33:42857"
adminAddress: "10.1.0.33:42857"
startupRole: FOLLOWER
,id: "50a771df-70d3-4c7d-9ea2-11e60400c1f5"
address: "10.1.0.33:34193"
clientAddress: "10.1.0.33:34193"
adminAddress: "10.1.0.33:34193"
startupRole: FOLLOWER
, old:)
2022-11-14 01:04:52,383 [06e93c36-3e5f-4b60-afd6-cffad6b8ca77-impl-thread3] INFO  segmented.SegmentedRaftLogWorker (SegmentedRaftLogWorker.java:close(255)) - 06e93c36-3e5f-4b60-afd6-cffad6b8ca77@group-690B3A9B0979-SegmentedRaftLogWorker close()
2022-11-14 01:04:52,387 [grpc-default-executor-7] INFO  server.GrpcServerProtocolService (GrpcServerProtocolService.java:onCompleted(145)) - 50a771df-70d3-4c7d-9ea2-11e60400c1f5: Completed APPEND_ENTRIES, lastRequest: null
2022-11-14 01:04:52,388 [c06e290d-eac5-4346-afba-5a90a2b31fb3@group-FDCA75702721-StateMachineUpdater] INFO  ratis.ContainerStateMachine (ContainerStateMachine.java:takeSnapshot(315)) - group-FDCA75702721: Finished taking a snapshot at:(t:1, i:0) file:/home/runner/work/ozone/ozone/hadoop-ozone/integration-test/target/test-dir/MiniOzoneClusterImpl-733ab8e8-73b4-47ae-b22b-a548a4863177/datanode-5/data/ratis/ba6d667c-df07-46fa-b86f-fdca75702721/sm/snapshot.1_0 took: 5 ms
2022-11-14 01:04:52,388 [c06e290d-eac5-4346-afba-5a90a2b31fb3@group-FDCA75702721-StateMachineUpdater] INFO  impl.StateMachineUpdater (StateMachineUpdater.java:takeSnapshot(287)) - c06e290d-eac5-4346-afba-5a90a2b31fb3@group-FDCA75702721-StateMachineUpdater: Took a snapshot at index 0
2022-11-14 01:04:52,388 [c06e290d-eac5-4346-afba-5a90a2b31fb3@group-FDCA75702721-StateMachineUpdater] INFO  impl.StateMachineUpdater (StateMachineUpdater.java:lambda$new$0(92)) - c06e290d-eac5-4346-afba-5a90a2b31fb3@group-FDCA75702721-StateMachineUpdater: snapshotIndex: updateIncreasingly -1 -> 0
2022-11-14 01:04:52,388 [c06e290d-eac5-4346-afba-5a90a2b31fb3-impl-thread1] INFO  server.RaftServer$Division (ServerState.java:close(466)) - c06e290d-eac5-4346-afba-5a90a2b31fb3@group-FDCA75702721: closes. applyIndex: 0
2022-11-14 01:04:52,388 [c06e290d-eac5-4346-afba-5a90a2b31fb3@group-FDCA75702721-SegmentedRaftLogWorker] INFO  segmented.SegmentedRaftLogWorker (SegmentedRaftLogWorker.java:run(345)) - c06e290d-eac5-4346-afba-5a90a2b31fb3@group-FDCA75702721-SegmentedRaftLogWorker was interrupted, exiting. There are 0 tasks remaining in the queue.
2022-11-14 01:04:52,388 [c06e290d-eac5-4346-afba-5a90a2b31fb3-impl-thread1] INFO  segmented.SegmentedRaftLogWorker (SegmentedRaftLogWorker.java:close(255)) - c06e290d-eac5-4346-afba-5a90a2b31fb3@group-FDCA75702721-SegmentedRaftLogWorker close()
2022-11-14 01:04:52,390 [grpc-default-executor-0] INFO  server.GrpcLogAppender (GrpcLogAppender.java:onCompleted(415)) - 06e93c36-3e5f-4b60-afd6-cffad6b8ca77@group-42712CCB35A6->50a771df-70d3-4c7d-9ea2-11e60400c1f5-AppendLogResponseHandler: follower responses appendEntries COMPLETED
2022-11-14 01:04:52,390 [grpc-default-executor-0] WARN  server.GrpcLogAppender (GrpcLogAppender.java:resetClient(137)) - 06e93c36-3e5f-4b60-afd6-cffad6b8ca77@group-42712CCB35A6->50a771df-70d3-4c7d-9ea2-11e60400c1f5-GrpcLogAppender: Failed to getClient for 50a771df-70d3-4c7d-9ea2-11e60400c1f5
org.apache.ratis.protocol.exceptions.AlreadyClosedException: 06e93c36-3e5f-4b60-afd6-cffad6b8ca77 is already CLOSED
	at org.apache.ratis.util.PeerProxyMap$PeerAndProxy.getProxy(PeerProxyMap.java:61)
	at org.apache.ratis.util.PeerProxyMap.getProxy(PeerProxyMap.java:115)
	at org.apache.ratis.grpc.server.GrpcLogAppender.getClient(GrpcLogAppender.java:116)
	at org.apache.ratis.grpc.server.GrpcLogAppender.resetClient(GrpcLogAppender.java:121)
	at org.apache.ratis.grpc.server.GrpcLogAppender.access$500(GrpcLogAppender.java:58)
	at org.apache.ratis.grpc.server.GrpcLogAppender$AppendLogResponseHandler.onCompleted(GrpcLogAppender.java:416)
	at org.apache.ratis.thirdparty.io.grpc.stub.ClientCalls$StreamObserverToCallListenerAdapter.onClose(ClientCalls.java:485)
	at org.apache.ratis.thirdparty.io.grpc.internal.ClientCallImpl.closeObserver(ClientCallImpl.java:562)
	at org.apache.ratis.thirdparty.io.grpc.internal.ClientCallImpl.access$300(ClientCallImpl.java:70)
	at org.apache.ratis.thirdparty.io.grpc.internal.ClientCallImpl$ClientStreamListenerImpl$1StreamClosed.runInternal(ClientCallImpl.java:743)
	at org.apache.ratis.thirdparty.io.grpc.internal.ClientCallImpl$ClientStreamListenerImpl$1StreamClosed.runInContext(ClientCallImpl.java:722)
	at org.apache.ratis.thirdparty.io.grpc.internal.ContextRunnable.run(ContextRunnable.java:37)
	at org.apache.ratis.thirdparty.io.grpc.internal.SerializingExecutor.run(SerializingExecutor.java:133)
	at java.util.concurrent.ThreadPoolExecutor.runWorker(ThreadPoolExecutor.java:1149)
	at java.util.concurrent.ThreadPoolExecutor$Worker.run(ThreadPoolExecutor.java:624)
	at java.lang.Thread.run(Thread.java:750)
2022-11-14 01:04:52,391 [grpc-default-executor-7] INFO  server.GrpcLogAppender (GrpcLogAppender.java:onCompleted(415)) - 06e93c36-3e5f-4b60-afd6-cffad6b8ca77@group-42712CCB35A6->50a771df-70d3-4c7d-9ea2-11e60400c1f5-AppendLogResponseHandler: follower responses appendEntries COMPLETED
2022-11-14 01:04:52,392 [grpc-default-executor-7] WARN  server.GrpcLogAppender (GrpcLogAppender.java:resetClient(137)) - 06e93c36-3e5f-4b60-afd6-cffad6b8ca77@group-42712CCB35A6->50a771df-70d3-4c7d-9ea2-11e60400c1f5-GrpcLogAppender: Failed to getClient for 50a771df-70d3-4c7d-9ea2-11e60400c1f5
org.apache.ratis.protocol.exceptions.AlreadyClosedException: 06e93c36-3e5f-4b60-afd6-cffad6b8ca77 is already CLOSED
	at org.apache.ratis.util.PeerProxyMap$PeerAndProxy.getProxy(PeerProxyMap.java:61)
	at org.apache.ratis.util.PeerProxyMap.getProxy(PeerProxyMap.java:115)
	at org.apache.ratis.grpc.server.GrpcLogAppender.getClient(GrpcLogAppender.java:116)
	at org.apache.ratis.grpc.server.GrpcLogAppender.resetClient(GrpcLogAppender.java:121)
	at org.apache.ratis.grpc.server.GrpcLogAppender.access$500(GrpcLogAppender.java:58)
	at org.apache.ratis.grpc.server.GrpcLogAppender$AppendLogResponseHandler.onCompleted(GrpcLogAppender.java:416)
	at org.apache.ratis.thirdparty.io.grpc.stub.ClientCalls$StreamObserverToCallListenerAdapter.onClose(ClientCalls.java:485)
	at org.apache.ratis.thirdparty.io.grpc.internal.DelayedClientCall$DelayedListener$3.run(DelayedClientCall.java:468)
	at org.apache.ratis.thirdparty.io.grpc.internal.DelayedClientCall$DelayedListener.delayOrExecute(DelayedClientCall.java:432)
	at org.apache.ratis.thirdparty.io.grpc.internal.DelayedClientCall$DelayedListener.onClose(DelayedClientCall.java:465)
	at org.apache.ratis.thirdparty.io.grpc.internal.ClientCallImpl.closeObserver(ClientCallImpl.java:562)
	at org.apache.ratis.thirdparty.io.grpc.internal.ClientCallImpl.access$300(ClientCallImpl.java:70)
	at org.apache.ratis.thirdparty.io.grpc.internal.ClientCallImpl$ClientStreamListenerImpl$1StreamClosed.runInternal(ClientCallImpl.java:743)
	at org.apache.ratis.thirdparty.io.grpc.internal.ClientCallImpl$ClientStreamListenerImpl$1StreamClosed.runInContext(ClientCallImpl.java:722)
	at org.apache.ratis.thirdparty.io.grpc.internal.ContextRunnable.run(ContextRunnable.java:37)
	at org.apache.ratis.thirdparty.io.grpc.internal.SerializingExecutor.run(SerializingExecutor.java:133)
	at java.util.concurrent.ThreadPoolExecutor.runWorker(ThreadPoolExecutor.java:1149)
	at java.util.concurrent.ThreadPoolExecutor$Worker.run(ThreadPoolExecutor.java:624)
	at java.lang.Thread.run(Thread.java:750)
2022-11-14 01:04:52,391 [ForkJoinPool.commonPool-worker-0] INFO  server.GrpcService (GrpcService.java:closeImpl(288)) - 06e93c36-3e5f-4b60-afd6-cffad6b8ca77: shutdown server GrpcServerProtocolService successfully
2022-11-14 01:04:52,398 [06e93c36-3e5f-4b60-afd6-cffad6b8ca77-impl-thread1] INFO  segmented.SegmentedRaftLogWorker (SegmentedRaftLogWorker.java:close(255)) - 06e93c36-3e5f-4b60-afd6-cffad6b8ca77@group-42712CCB35A6-SegmentedRaftLogWorker close()
2022-11-14 01:04:52,398 [JvmPauseMonitor6] INFO  util.JvmPauseMonitor (JvmPauseMonitor.java:run(111)) - JvmPauseMonitor-c06e290d-eac5-4346-afba-5a90a2b31fb3: Stopped
2022-11-14 01:04:52,400 [JvmPauseMonitor3] INFO  util.JvmPauseMonitor (JvmPauseMonitor.java:run(111)) - JvmPauseMonitor-06e93c36-3e5f-4b60-afd6-cffad6b8ca77: Stopped
2022-11-14 01:04:53,068 [grpc-default-executor-0] WARN  server.GrpcLogAppender (LogUtils.java:warn(122)) - 50a771df-70d3-4c7d-9ea2-11e60400c1f5@group-7477ECCF7542->303bca5f-e220-44f8-957a-f0bd1a8a67be-AppendLogResponseHandler: Failed appendEntries: org.apache.ratis.thirdparty.io.grpc.StatusRuntimeException: UNAVAILABLE: io exception
2022-11-14 01:04:53,069 [grpc-default-executor-7] WARN  server.GrpcLogAppender (LogUtils.java:warn(122)) - 50a771df-70d3-4c7d-9ea2-11e60400c1f5@group-7477ECCF7542->303bca5f-e220-44f8-957a-f0bd1a8a67be-AppendLogResponseHandler: Failed appendEntries: org.apache.ratis.thirdparty.io.grpc.StatusRuntimeException: UNAVAILABLE: io exception
2022-11-14 01:04:53,070 [grpc-default-executor-0] WARN  server.GrpcLogAppender (GrpcLogAppender.java:resetClient(131)) - 50a771df-70d3-4c7d-9ea2-11e60400c1f5@group-7477ECCF7542->303bca5f-e220-44f8-957a-f0bd1a8a67be-GrpcLogAppender: Leader has not got in touch with Follower 50a771df-70d3-4c7d-9ea2-11e60400c1f5@group-7477ECCF7542->303bca5f-e220-44f8-957a-f0bd1a8a67be(c0,m0,n1, attendVote=true, lastRpcSendTime=1252, lastRpcResponseTime=5005) yet, just keep nextIndex unchanged and retry.
2022-11-14 01:04:53,072 [grpc-default-executor-7] WARN  server.GrpcLogAppender (GrpcLogAppender.java:resetClient(131)) - 50a771df-70d3-4c7d-9ea2-11e60400c1f5@group-7477ECCF7542->303bca5f-e220-44f8-957a-f0bd1a8a67be-GrpcLogAppender: Leader has not got in touch with Follower 50a771df-70d3-4c7d-9ea2-11e60400c1f5@group-7477ECCF7542->303bca5f-e220-44f8-957a-f0bd1a8a67be(c0,m0,n1, attendVote=true, lastRpcSendTime=1254, lastRpcResponseTime=5007) yet, just keep nextIndex unchanged and retry.
2022-11-14 01:04:53,073 [grpc-default-executor-7] WARN  server.GrpcLogAppender (LogUtils.java:warn(122)) - 50a771df-70d3-4c7d-9ea2-11e60400c1f5@group-7477ECCF7542->303bca5f-e220-44f8-957a-f0bd1a8a67be-AppendLogResponseHandler: Failed appendEntries: org.apache.ratis.thirdparty.io.grpc.StatusRuntimeException: UNAVAILABLE: io exception
2022-11-14 01:04:53,074 [grpc-default-executor-0] WARN  server.GrpcLogAppender (LogUtils.java:warn(122)) - 50a771df-70d3-4c7d-9ea2-11e60400c1f5@group-7477ECCF7542->303bca5f-e220-44f8-957a-f0bd1a8a67be-AppendLogResponseHandler: Failed appendEntries: org.apache.ratis.thirdparty.io.grpc.StatusRuntimeException: UNAVAILABLE: io exception
2022-11-14 01:04:53,074 [grpc-default-executor-7] WARN  server.GrpcLogAppender (GrpcLogAppender.java:resetClient(131)) - 50a771df-70d3-4c7d-9ea2-11e60400c1f5@group-7477ECCF7542->303bca5f-e220-44f8-957a-f0bd1a8a67be-GrpcLogAppender: Leader has not got in touch with Follower 50a771df-70d3-4c7d-9ea2-11e60400c1f5@group-7477ECCF7542->303bca5f-e220-44f8-957a-f0bd1a8a67be(c0,m0,n1, attendVote=true, lastRpcSendTime=1256, lastRpcResponseTime=5009) yet, just keep nextIndex unchanged and retry.
2022-11-14 01:04:53,075 [grpc-default-executor-0] WARN  server.GrpcLogAppender (GrpcLogAppender.java:resetClient(131)) - 50a771df-70d3-4c7d-9ea2-11e60400c1f5@group-7477ECCF7542->303bca5f-e220-44f8-957a-f0bd1a8a67be-GrpcLogAppender: Leader has not got in touch with Follower 50a771df-70d3-4c7d-9ea2-11e60400c1f5@group-7477ECCF7542->303bca5f-e220-44f8-957a-f0bd1a8a67be(c0,m0,n1, attendVote=true, lastRpcSendTime=1257, lastRpcResponseTime=5010) yet, just keep nextIndex unchanged and retry.
2022-11-14 01:04:53,079 [grpc-default-executor-0] WARN  server.GrpcLogAppender (LogUtils.java:warn(122)) - 50a771df-70d3-4c7d-9ea2-11e60400c1f5@group-7477ECCF7542->303bca5f-e220-44f8-957a-f0bd1a8a67be-AppendLogResponseHandler: Failed appendEntries: org.apache.ratis.thirdparty.io.grpc.StatusRuntimeException: UNAVAILABLE: io exception
2022-11-14 01:04:53,079 [grpc-default-executor-7] WARN  server.GrpcLogAppender (LogUtils.java:warn(122)) - 50a771df-70d3-4c7d-9ea2-11e60400c1f5@group-7477ECCF7542->303bca5f-e220-44f8-957a-f0bd1a8a67be-AppendLogResponseHandler: Failed appendEntries: org.apache.ratis.thirdparty.io.grpc.StatusRuntimeException: UNAVAILABLE: io exception
2022-11-14 01:04:53,080 [grpc-default-executor-0] WARN  server.GrpcLogAppender (GrpcLogAppender.java:resetClient(131)) - 50a771df-70d3-4c7d-9ea2-11e60400c1f5@group-7477ECCF7542->303bca5f-e220-44f8-957a-f0bd1a8a67be-GrpcLogAppender: Leader has not got in touch with Follower 50a771df-70d3-4c7d-9ea2-11e60400c1f5@group-7477ECCF7542->303bca5f-e220-44f8-957a-f0bd1a8a67be(c0,m0,n1, attendVote=true, lastRpcSendTime=1262, lastRpcResponseTime=5015) yet, just keep nextIndex unchanged and retry.
2022-11-14 01:04:53,081 [grpc-default-executor-7] WARN  server.GrpcLogAppender (GrpcLogAppender.java:resetClient(131)) - 50a771df-70d3-4c7d-9ea2-11e60400c1f5@group-7477ECCF7542->303bca5f-e220-44f8-957a-f0bd1a8a67be-GrpcLogAppender: Leader has not got in touch with Follower 50a771df-70d3-4c7d-9ea2-11e60400c1f5@group-7477ECCF7542->303bca5f-e220-44f8-957a-f0bd1a8a67be(c0,m0,n1, attendVote=true, lastRpcSendTime=1263, lastRpcResponseTime=5016) yet, just keep nextIndex unchanged and retry.
2022-11-14 01:04:53,083 [grpc-default-executor-7] WARN  server.GrpcLogAppender (LogUtils.java:warn(122)) - 50a771df-70d3-4c7d-9ea2-11e60400c1f5@group-7477ECCF7542->303bca5f-e220-44f8-957a-f0bd1a8a67be-AppendLogResponseHandler: Failed appendEntries: org.apache.ratis.thirdparty.io.grpc.StatusRuntimeException: UNAVAILABLE: io exception
2022-11-14 01:04:53,083 [grpc-default-executor-0] WARN  server.GrpcLogAppender (LogUtils.java:warn(122)) - 50a771df-70d3-4c7d-9ea2-11e60400c1f5@group-7477ECCF7542->303bca5f-e220-44f8-957a-f0bd1a8a67be-AppendLogResponseHandler: Failed appendEntries: org.apache.ratis.thirdparty.io.grpc.StatusRuntimeException: UNAVAILABLE: io exception
2022-11-14 01:04:53,085 [grpc-default-executor-7] WARN  server.GrpcLogAppender (GrpcLogAppender.java:resetClient(131)) - 50a771df-70d3-4c7d-9ea2-11e60400c1f5@group-7477ECCF7542->303bca5f-e220-44f8-957a-f0bd1a8a67be-GrpcLogAppender: Leader has not got in touch with Follower 50a771df-70d3-4c7d-9ea2-11e60400c1f5@group-7477ECCF7542->303bca5f-e220-44f8-957a-f0bd1a8a67be(c0,m0,n1, attendVote=true, lastRpcSendTime=1267, lastRpcResponseTime=5020) yet, just keep nextIndex unchanged and retry.
2022-11-14 01:04:53,085 [grpc-default-executor-0] WARN  server.GrpcLogAppender (GrpcLogAppender.java:resetClient(131)) - 50a771df-70d3-4c7d-9ea2-11e60400c1f5@group-7477ECCF7542->303bca5f-e220-44f8-957a-f0bd1a8a67be-GrpcLogAppender: Leader has not got in touch with Follower 50a771df-70d3-4c7d-9ea2-11e60400c1f5@group-7477ECCF7542->303bca5f-e220-44f8-957a-f0bd1a8a67be(c0,m0,n1, attendVote=true, lastRpcSendTime=1267, lastRpcResponseTime=5020) yet, just keep nextIndex unchanged and retry.
2022-11-14 01:04:53,086 [grpc-default-executor-0] WARN  server.GrpcLogAppender (LogUtils.java:warn(122)) - 50a771df-70d3-4c7d-9ea2-11e60400c1f5@group-7477ECCF7542->303bca5f-e220-44f8-957a-f0bd1a8a67be-AppendLogResponseHandler: Failed appendEntries: org.apache.ratis.thirdparty.io.grpc.StatusRuntimeException: UNAVAILABLE: io exception
2022-11-14 01:04:53,086 [grpc-default-executor-7] WARN  server.GrpcLogAppender (LogUtils.java:warn(122)) - 50a771df-70d3-4c7d-9ea2-11e60400c1f5@group-7477ECCF7542->303bca5f-e220-44f8-957a-f0bd1a8a67be-AppendLogResponseHandler: Failed appendEntries: org.apache.ratis.thirdparty.io.grpc.StatusRuntimeException: UNAVAILABLE: io exception
2022-11-14 01:04:53,087 [grpc-default-executor-0] WARN  server.GrpcLogAppender (GrpcLogAppender.java:resetClient(131)) - 50a771df-70d3-4c7d-9ea2-11e60400c1f5@group-7477ECCF7542->303bca5f-e220-44f8-957a-f0bd1a8a67be-GrpcLogAppender: Leader has not got in touch with Follower 50a771df-70d3-4c7d-9ea2-11e60400c1f5@group-7477ECCF7542->303bca5f-e220-44f8-957a-f0bd1a8a67be(c0,m0,n1, attendVote=true, lastRpcSendTime=1268, lastRpcResponseTime=5022) yet, just keep nextIndex unchanged and retry.
2022-11-14 01:04:53,089 [grpc-default-executor-7] WARN  server.GrpcLogAppender (GrpcLogAppender.java:resetClient(131)) - 50a771df-70d3-4c7d-9ea2-11e60400c1f5@group-7477ECCF7542->303bca5f-e220-44f8-957a-f0bd1a8a67be-GrpcLogAppender: Leader has not got in touch with Follower 50a771df-70d3-4c7d-9ea2-11e60400c1f5@group-7477ECCF7542->303bca5f-e220-44f8-957a-f0bd1a8a67be(c0,m0,n1, attendVote=true, lastRpcSendTime=1271, lastRpcResponseTime=5024) yet, just keep nextIndex unchanged and retry.
2022-11-14 01:04:53,090 [grpc-default-executor-7] WARN  server.GrpcLogAppender (LogUtils.java:warn(122)) - 50a771df-70d3-4c7d-9ea2-11e60400c1f5@group-7477ECCF7542->303bca5f-e220-44f8-957a-f0bd1a8a67be-AppendLogResponseHandler: Failed appendEntries: org.apache.ratis.thirdparty.io.grpc.StatusRuntimeException: UNAVAILABLE: io exception
2022-11-14 01:04:53,090 [grpc-default-executor-0] WARN  server.GrpcLogAppender (LogUtils.java:warn(122)) - 50a771df-70d3-4c7d-9ea2-11e60400c1f5@group-7477ECCF7542->303bca5f-e220-44f8-957a-f0bd1a8a67be-AppendLogResponseHandler: Failed appendEntries: org.apache.ratis.thirdparty.io.grpc.StatusRuntimeException: UNAVAILABLE: io exception
2022-11-14 01:04:53,091 [grpc-default-executor-7] WARN  server.GrpcLogAppender (GrpcLogAppender.java:resetClient(131)) - 50a771df-70d3-4c7d-9ea2-11e60400c1f5@group-7477ECCF7542->303bca5f-e220-44f8-957a-f0bd1a8a67be-GrpcLogAppender: Leader has not got in touch with Follower 50a771df-70d3-4c7d-9ea2-11e60400c1f5@group-7477ECCF7542->303bca5f-e220-44f8-957a-f0bd1a8a67be(c0,m0,n1, attendVote=true, lastRpcSendTime=1272, lastRpcResponseTime=5026) yet, just keep nextIndex unchanged and retry.
2022-11-14 01:04:53,091 [grpc-default-executor-0] WARN  server.GrpcLogAppender (GrpcLogAppender.java:resetClient(131)) - 50a771df-70d3-4c7d-9ea2-11e60400c1f5@group-7477ECCF7542->303bca5f-e220-44f8-957a-f0bd1a8a67be-GrpcLogAppender: Leader has not got in touch with Follower 50a771df-70d3-4c7d-9ea2-11e60400c1f5@group-7477ECCF7542->303bca5f-e220-44f8-957a-f0bd1a8a67be(c0,m0,n1, attendVote=true, lastRpcSendTime=1273, lastRpcResponseTime=5026) yet, just keep nextIndex unchanged and retry.
2022-11-14 01:04:53,093 [grpc-default-executor-7] WARN  server.GrpcLogAppender (LogUtils.java:warn(122)) - 50a771df-70d3-4c7d-9ea2-11e60400c1f5@group-7477ECCF7542->06e93c36-3e5f-4b60-afd6-cffad6b8ca77-AppendLogResponseHandler: Failed appendEntries: org.apache.ratis.thirdparty.io.grpc.StatusRuntimeException: UNAVAILABLE: io exception
2022-11-14 01:04:53,093 [grpc-default-executor-7] WARN  server.GrpcLogAppender (GrpcLogAppender.java:resetClient(131)) - 50a771df-70d3-4c7d-9ea2-11e60400c1f5@group-7477ECCF7542->06e93c36-3e5f-4b60-afd6-cffad6b8ca77-GrpcLogAppender: Leader has not got in touch with Follower 50a771df-70d3-4c7d-9ea2-11e60400c1f5@group-7477ECCF7542->06e93c36-3e5f-4b60-afd6-cffad6b8ca77(c0,m0,n1, attendVote=true, lastRpcSendTime=1, lastRpcResponseTime=2503) yet, just keep nextIndex unchanged and retry.
2022-11-14 01:04:53,094 [grpc-default-executor-7] WARN  server.GrpcLogAppender (LogUtils.java:warn(122)) - 50a771df-70d3-4c7d-9ea2-11e60400c1f5@group-7477ECCF7542->303bca5f-e220-44f8-957a-f0bd1a8a67be-AppendLogResponseHandler: Failed appendEntries: org.apache.ratis.thirdparty.io.grpc.StatusRuntimeException: UNAVAILABLE: io exception
2022-11-14 01:04:53,094 [grpc-default-executor-3] WARN  server.GrpcLogAppender (LogUtils.java:warn(122)) - 50a771df-70d3-4c7d-9ea2-11e60400c1f5@group-7477ECCF7542->06e93c36-3e5f-4b60-afd6-cffad6b8ca77-AppendLogResponseHandler: Failed appendEntries: org.apache.ratis.thirdparty.io.grpc.StatusRuntimeException: UNAVAILABLE: io exception
2022-11-14 01:04:53,095 [grpc-default-executor-3] WARN  server.GrpcLogAppender (GrpcLogAppender.java:resetClient(131)) - 50a771df-70d3-4c7d-9ea2-11e60400c1f5@group-7477ECCF7542->06e93c36-3e5f-4b60-afd6-cffad6b8ca77-GrpcLogAppender: Leader has not got in touch with Follower 50a771df-70d3-4c7d-9ea2-11e60400c1f5@group-7477ECCF7542->06e93c36-3e5f-4b60-afd6-cffad6b8ca77(c0,m0,n1, attendVote=true, lastRpcSendTime=3, lastRpcResponseTime=2505) yet, just keep nextIndex unchanged and retry.
2022-11-14 01:04:53,099 [grpc-default-executor-0] WARN  server.GrpcLogAppender (LogUtils.java:warn(122)) - 50a771df-70d3-4c7d-9ea2-11e60400c1f5@group-7477ECCF7542->303bca5f-e220-44f8-957a-f0bd1a8a67be-AppendLogResponseHandler: Failed appendEntries: org.apache.ratis.thirdparty.io.grpc.StatusRuntimeException: UNAVAILABLE: io exception
2022-11-14 01:04:53,114 [grpc-default-executor-7] WARN  server.GrpcLogAppender (GrpcLogAppender.java:resetClient(131)) - 50a771df-70d3-4c7d-9ea2-11e60400c1f5@group-7477ECCF7542->303bca5f-e220-44f8-957a-f0bd1a8a67be-GrpcLogAppender: Leader has not got in touch with Follower 50a771df-70d3-4c7d-9ea2-11e60400c1f5@group-7477ECCF7542->303bca5f-e220-44f8-957a-f0bd1a8a67be(c0,m0,n1, attendVote=true, lastRpcSendTime=14, lastRpcResponseTime=5049) yet, just keep nextIndex unchanged and retry.
2022-11-14 01:04:53,115 [grpc-default-executor-0] WARN  server.GrpcLogAppender (GrpcLogAppender.java:resetClient(131)) - 50a771df-70d3-4c7d-9ea2-11e60400c1f5@group-7477ECCF7542->303bca5f-e220-44f8-957a-f0bd1a8a67be-GrpcLogAppender: Leader has not got in touch with Follower 50a771df-70d3-4c7d-9ea2-11e60400c1f5@group-7477ECCF7542->303bca5f-e220-44f8-957a-f0bd1a8a67be(c0,m0,n1, attendVote=true, lastRpcSendTime=15, lastRpcResponseTime=5049) yet, just keep nextIndex unchanged and retry.
2022-11-14 01:04:54,342 [grpc-default-executor-0] WARN  server.GrpcLogAppender (LogUtils.java:warn(122)) - 50a771df-70d3-4c7d-9ea2-11e60400c1f5@group-7477ECCF7542->06e93c36-3e5f-4b60-afd6-cffad6b8ca77-AppendLogResponseHandler: Failed appendEntries: org.apache.ratis.thirdparty.io.grpc.StatusRuntimeException: UNAVAILABLE: io exception
2022-11-14 01:04:54,342 [grpc-default-executor-7] WARN  server.GrpcLogAppender (LogUtils.java:warn(122)) - 50a771df-70d3-4c7d-9ea2-11e60400c1f5@group-7477ECCF7542->06e93c36-3e5f-4b60-afd6-cffad6b8ca77-AppendLogResponseHandler: Failed appendEntries: org.apache.ratis.thirdparty.io.grpc.StatusRuntimeException: UNAVAILABLE: io exception
2022-11-14 01:04:54,346 [grpc-default-executor-0] WARN  server.GrpcLogAppender (GrpcLogAppender.java:resetClient(131)) - 50a771df-70d3-4c7d-9ea2-11e60400c1f5@group-7477ECCF7542->06e93c36-3e5f-4b60-afd6-cffad6b8ca77-GrpcLogAppender: Leader has not got in touch with Follower 50a771df-70d3-4c7d-9ea2-11e60400c1f5@group-7477ECCF7542->06e93c36-3e5f-4b60-afd6-cffad6b8ca77(c0,m0,n1, attendVote=true, lastRpcSendTime=4, lastRpcResponseTime=3756) yet, just keep nextIndex unchanged and retry.
2022-11-14 01:04:54,348 [grpc-default-executor-7] WARN  server.GrpcLogAppender (GrpcLogAppender.java:resetClient(131)) - 50a771df-70d3-4c7d-9ea2-11e60400c1f5@group-7477ECCF7542->06e93c36-3e5f-4b60-afd6-cffad6b8ca77-GrpcLogAppender: Leader has not got in touch with Follower 50a771df-70d3-4c7d-9ea2-11e60400c1f5@group-7477ECCF7542->06e93c36-3e5f-4b60-afd6-cffad6b8ca77(c0,m0,n1, attendVote=true, lastRpcSendTime=5, lastRpcResponseTime=3757) yet, just keep nextIndex unchanged and retry.
2022-11-14 01:04:54,350 [grpc-default-executor-7] WARN  server.GrpcLogAppender (LogUtils.java:warn(122)) - 50a771df-70d3-4c7d-9ea2-11e60400c1f5@group-7477ECCF7542->303bca5f-e220-44f8-957a-f0bd1a8a67be-AppendLogResponseHandler: Failed appendEntries: org.apache.ratis.thirdparty.io.grpc.StatusRuntimeException: UNAVAILABLE: io exception
2022-11-14 01:04:54,350 [grpc-default-executor-0] WARN  server.GrpcLogAppender (LogUtils.java:warn(122)) - 50a771df-70d3-4c7d-9ea2-11e60400c1f5@group-7477ECCF7542->303bca5f-e220-44f8-957a-f0bd1a8a67be-AppendLogResponseHandler: Failed appendEntries: org.apache.ratis.thirdparty.io.grpc.StatusRuntimeException: UNAVAILABLE: io exception
2022-11-14 01:04:54,351 [grpc-default-executor-7] WARN  server.GrpcLogAppender (GrpcLogAppender.java:resetClient(131)) - 50a771df-70d3-4c7d-9ea2-11e60400c1f5@group-7477ECCF7542->303bca5f-e220-44f8-957a-f0bd1a8a67be-GrpcLogAppender: Leader has not got in touch with Follower 50a771df-70d3-4c7d-9ea2-11e60400c1f5@group-7477ECCF7542->303bca5f-e220-44f8-957a-f0bd1a8a67be(c0,m0,n1, attendVote=true, lastRpcSendTime=0, lastRpcResponseTime=6286) yet, just keep nextIndex unchanged and retry.
2022-11-14 01:04:54,351 [grpc-default-executor-0] WARN  server.GrpcLogAppender (GrpcLogAppender.java:resetClient(131)) - 50a771df-70d3-4c7d-9ea2-11e60400c1f5@group-7477ECCF7542->303bca5f-e220-44f8-957a-f0bd1a8a67be-GrpcLogAppender: Leader has not got in touch with Follower 50a771df-70d3-4c7d-9ea2-11e60400c1f5@group-7477ECCF7542->303bca5f-e220-44f8-957a-f0bd1a8a67be(c0,m0,n1, attendVote=true, lastRpcSendTime=1, lastRpcResponseTime=6286) yet, just keep nextIndex unchanged and retry.
2022-11-14 01:04:54,415 [Listener at 127.0.0.1/41321] INFO  volume.HddsVolume (HddsVolume.java:closeDbStore(338)) - SchemaV3 db is stopped at /home/runner/work/ozone/ozone/hadoop-ozone/integration-test/target/test-dir/MiniOzoneClusterImpl-733ab8e8-73b4-47ae-b22b-a548a4863177/datanode-5/data-0/containers/hdds/733ab8e8-73b4-47ae-b22b-a548a4863177/DS-eaef3b04-752e-4921-8c90-341995802d2e/container.db for volume DS-eaef3b04-752e-4921-8c90-341995802d2e
2022-11-14 01:04:54,415 [Listener at 127.0.0.1/41321] INFO  utils.BackgroundService (BackgroundService.java:shutdown(141)) - Shutting down service BlockDeletingService
2022-11-14 01:04:54,416 [Listener at 127.0.0.1/41321] INFO  utils.BackgroundService (BackgroundService.java:shutdown(141)) - Shutting down service StaleRecoveringContainerScrubbingService
2022-11-14 01:04:54,431 [ForkJoinPool.commonPool-worker-0] INFO  volume.HddsVolume (HddsVolume.java:closeDbStore(338)) - SchemaV3 db is stopped at /home/runner/work/ozone/ozone/hadoop-ozone/integration-test/target/test-dir/MiniOzoneClusterImpl-733ab8e8-73b4-47ae-b22b-a548a4863177/datanode-2/data-0/containers/hdds/733ab8e8-73b4-47ae-b22b-a548a4863177/DS-c3fb0d5f-d980-44ed-a669-5815b70febba/container.db for volume DS-c3fb0d5f-d980-44ed-a669-5815b70febba
2022-11-14 01:04:54,432 [Listener at 127.0.0.1/41321] INFO  statemachine.DatanodeStateMachine (DatanodeStateMachine.java:stopDaemon(593)) - Ozone container server stopped.
2022-11-14 01:04:54,435 [ForkJoinPool.commonPool-worker-0] INFO  utils.BackgroundService (BackgroundService.java:shutdown(141)) - Shutting down service BlockDeletingService
2022-11-14 01:04:54,436 [ForkJoinPool.commonPool-worker-0] INFO  utils.BackgroundService (BackgroundService.java:shutdown(141)) - Shutting down service StaleRecoveringContainerScrubbingService
2022-11-14 01:04:54,447 [Listener at 127.0.0.1/41321] INFO  handler.ContextHandler (ContextHandler.java:doStop(1159)) - Stopped o.e.j.w.WebAppContext@51724715{hddsDatanode,/,null,STOPPED}{jar:file:/home/runner/.m2/repository/org/apache/ozone/hdds-container-service/1.3.0-SNAPSHOT/hdds-container-service-1.3.0-SNAPSHOT.jar!/webapps/hddsDatanode}
2022-11-14 01:04:54,454 [Listener at 127.0.0.1/41321] INFO  server.AbstractConnector (AbstractConnector.java:doStop(383)) - Stopped ServerConnector@13f4d61b{HTTP/1.1, (http/1.1)}{0.0.0.0:0}
2022-11-14 01:04:54,454 [Listener at 127.0.0.1/41321] INFO  server.session (HouseKeeper.java:stopScavenging(149)) - node0 Stopped scavenging
2022-11-14 01:04:54,456 [Listener at 127.0.0.1/41321] INFO  handler.ContextHandler (ContextHandler.java:doStop(1159)) - Stopped o.e.j.s.ServletContextHandler@7ac8e06a{static,/static,jar:file:/home/runner/.m2/repository/org/apache/ozone/hdds-container-service/1.3.0-SNAPSHOT/hdds-container-service-1.3.0-SNAPSHOT.jar!/webapps/static,STOPPED}
2022-11-14 01:04:54,460 [Listener at 127.0.0.1/41321] INFO  handler.ContextHandler (ContextHandler.java:doStop(1159)) - Stopped o.e.j.s.ServletContextHandler@2f4210a8{logs,/logs,file:///home/runner/work/ozone/ozone/hadoop-ozone/integration-test/target/log,STOPPED}
2022-11-14 01:04:54,472 [ForkJoinPool.commonPool-worker-0] INFO  statemachine.DatanodeStateMachine (DatanodeStateMachine.java:stopDaemon(593)) - Ozone container server stopped.
2022-11-14 01:04:54,478 [Listener at 127.0.0.1/41321] INFO  ozoneimpl.OzoneContainer (OzoneContainer.java:stop(400)) - Attempting to stop container services.
2022-11-14 01:04:54,479 [Listener at 127.0.0.1/41321] INFO  server.RaftServer (RaftServerProxy.java:lambda$close$6(409)) - c2596226-15ac-44d2-9de4-d3f1d5072550: close
2022-11-14 01:04:54,479 [Listener at 127.0.0.1/41321] INFO  server.GrpcService (GrpcService.java:closeImpl(279)) - c2596226-15ac-44d2-9de4-d3f1d5072550: shutdown server GrpcServerProtocolService now
2022-11-14 01:04:54,479 [c2596226-15ac-44d2-9de4-d3f1d5072550-impl-thread1] INFO  server.RaftServer$Division (RaftServerImpl.java:lambda$close$4(458)) - c2596226-15ac-44d2-9de4-d3f1d5072550@group-D80396118D53: shutdown
2022-11-14 01:04:54,479 [c2596226-15ac-44d2-9de4-d3f1d5072550-impl-thread1] INFO  util.JmxRegister (JmxRegister.java:unregister(73)) - Successfully un-registered JMX Bean with object name Ratis:service=RaftServer,group=group-D80396118D53,id=c2596226-15ac-44d2-9de4-d3f1d5072550
2022-11-14 01:04:54,479 [c2596226-15ac-44d2-9de4-d3f1d5072550-impl-thread1] INFO  impl.RoleInfo (RoleInfo.java:shutdownLeaderState(93)) - c2596226-15ac-44d2-9de4-d3f1d5072550: shutdown c2596226-15ac-44d2-9de4-d3f1d5072550@group-D80396118D53-LeaderStateImpl
2022-11-14 01:04:54,479 [c2596226-15ac-44d2-9de4-d3f1d5072550-impl-thread1] INFO  impl.PendingRequests (PendingRequests.java:sendNotLeaderResponses(282)) - c2596226-15ac-44d2-9de4-d3f1d5072550@group-D80396118D53-PendingRequests: sendNotLeaderResponses
2022-11-14 01:04:54,480 [c2596226-15ac-44d2-9de4-d3f1d5072550-impl-thread1] INFO  impl.StateMachineUpdater (StateMachineUpdater.java:stopAndJoin(153)) - c2596226-15ac-44d2-9de4-d3f1d5072550@group-D80396118D53-StateMachineUpdater: set stopIndex = 0
2022-11-14 01:04:54,480 [c2596226-15ac-44d2-9de4-d3f1d5072550@group-D80396118D53-StateMachineUpdater] INFO  ratis.ContainerStateMachine (ContainerStateMachine.java:takeSnapshot(304)) - group-D80396118D53: Taking a snapshot at:(t:1, i:0) file /home/runner/work/ozone/ozone/hadoop-ozone/integration-test/target/test-dir/MiniOzoneClusterImpl-733ab8e8-73b4-47ae-b22b-a548a4863177/datanode-4/data/ratis/48df779f-78dd-4691-900a-d80396118d53/sm/snapshot.1_0
2022-11-14 01:04:54,491 [c2596226-15ac-44d2-9de4-d3f1d5072550@group-D80396118D53-StateMachineUpdater] INFO  ratis.ContainerStateMachine (ContainerStateMachine.java:takeSnapshot(315)) - group-D80396118D53: Finished taking a snapshot at:(t:1, i:0) file:/home/runner/work/ozone/ozone/hadoop-ozone/integration-test/target/test-dir/MiniOzoneClusterImpl-733ab8e8-73b4-47ae-b22b-a548a4863177/datanode-4/data/ratis/48df779f-78dd-4691-900a-d80396118d53/sm/snapshot.1_0 took: 12 ms
2022-11-14 01:04:54,491 [c2596226-15ac-44d2-9de4-d3f1d5072550@group-D80396118D53-StateMachineUpdater] INFO  impl.StateMachineUpdater (StateMachineUpdater.java:takeSnapshot(287)) - c2596226-15ac-44d2-9de4-d3f1d5072550@group-D80396118D53-StateMachineUpdater: Took a snapshot at index 0
2022-11-14 01:04:54,491 [c2596226-15ac-44d2-9de4-d3f1d5072550@group-D80396118D53-StateMachineUpdater] INFO  impl.StateMachineUpdater (StateMachineUpdater.java:lambda$new$0(92)) - c2596226-15ac-44d2-9de4-d3f1d5072550@group-D80396118D53-StateMachineUpdater: snapshotIndex: updateIncreasingly -1 -> 0
2022-11-14 01:04:54,492 [c2596226-15ac-44d2-9de4-d3f1d5072550-impl-thread1] INFO  server.RaftServer$Division (ServerState.java:close(466)) - c2596226-15ac-44d2-9de4-d3f1d5072550@group-D80396118D53: closes. applyIndex: 0
2022-11-14 01:04:54,492 [c2596226-15ac-44d2-9de4-d3f1d5072550@group-D80396118D53-SegmentedRaftLogWorker] INFO  segmented.SegmentedRaftLogWorker (SegmentedRaftLogWorker.java:run(345)) - c2596226-15ac-44d2-9de4-d3f1d5072550@group-D80396118D53-SegmentedRaftLogWorker was interrupted, exiting. There are 0 tasks remaining in the queue.
2022-11-14 01:04:54,492 [c2596226-15ac-44d2-9de4-d3f1d5072550-impl-thread1] INFO  segmented.SegmentedRaftLogWorker (SegmentedRaftLogWorker.java:close(255)) - c2596226-15ac-44d2-9de4-d3f1d5072550@group-D80396118D53-SegmentedRaftLogWorker close()
2022-11-14 01:04:54,495 [Listener at 127.0.0.1/41321] INFO  server.GrpcServerProtocolClient (GrpcServerProtocolClient.java:close(111)) - c06e290d-eac5-4346-afba-5a90a2b31fb3 Close channels
2022-11-14 01:04:54,499 [Listener at 127.0.0.1/41321] INFO  server.GrpcServerProtocolClient (GrpcServerProtocolClient.java:close(111)) - 01c63b18-c7c8-42e3-9de4-2761bbcfbea5 Close channels
2022-11-14 01:04:54,499 [Listener at 127.0.0.1/41321] INFO  server.GrpcService (GrpcService.java:closeImpl(288)) - c2596226-15ac-44d2-9de4-d3f1d5072550: shutdown server GrpcServerProtocolService successfully
2022-11-14 01:04:54,500 [JvmPauseMonitor5] INFO  util.JvmPauseMonitor (JvmPauseMonitor.java:run(111)) - JvmPauseMonitor-c2596226-15ac-44d2-9de4-d3f1d5072550: Stopped
2022-11-14 01:04:54,515 [ForkJoinPool.commonPool-worker-0] INFO  handler.ContextHandler (ContextHandler.java:doStop(1159)) - Stopped o.e.j.w.WebAppContext@5eb7396b{hddsDatanode,/,null,STOPPED}{jar:file:/home/runner/.m2/repository/org/apache/ozone/hdds-container-service/1.3.0-SNAPSHOT/hdds-container-service-1.3.0-SNAPSHOT.jar!/webapps/hddsDatanode}
2022-11-14 01:04:54,516 [ForkJoinPool.commonPool-worker-0] INFO  server.AbstractConnector (AbstractConnector.java:doStop(383)) - Stopped ServerConnector@17ba4de6{HTTP/1.1, (http/1.1)}{0.0.0.0:0}
2022-11-14 01:04:54,516 [ForkJoinPool.commonPool-worker-0] INFO  server.session (HouseKeeper.java:stopScavenging(149)) - node0 Stopped scavenging
2022-11-14 01:04:54,520 [ForkJoinPool.commonPool-worker-0] INFO  handler.ContextHandler (ContextHandler.java:doStop(1159)) - Stopped o.e.j.s.ServletContextHandler@466b4a28{static,/static,jar:file:/home/runner/.m2/repository/org/apache/ozone/hdds-container-service/1.3.0-SNAPSHOT/hdds-container-service-1.3.0-SNAPSHOT.jar!/webapps/static,STOPPED}
2022-11-14 01:04:54,520 [ForkJoinPool.commonPool-worker-0] INFO  handler.ContextHandler (ContextHandler.java:doStop(1159)) - Stopped o.e.j.s.ServletContextHandler@52c2906e{logs,/logs,file:///home/runner/work/ozone/ozone/hadoop-ozone/integration-test/target/log,STOPPED}
2022-11-14 01:04:54,526 [ForkJoinPool.commonPool-worker-0] INFO  ozoneimpl.OzoneContainer (OzoneContainer.java:stop(400)) - Attempting to stop container services.
2022-11-14 01:04:54,527 [ForkJoinPool.commonPool-worker-0] INFO  server.RaftServer (RaftServerProxy.java:lambda$close$6(409)) - 50a771df-70d3-4c7d-9ea2-11e60400c1f5: close
2022-11-14 01:04:54,527 [50a771df-70d3-4c7d-9ea2-11e60400c1f5-impl-thread1] INFO  server.RaftServer$Division (RaftServerImpl.java:lambda$close$4(458)) - 50a771df-70d3-4c7d-9ea2-11e60400c1f5@group-42712CCB35A6: shutdown
2022-11-14 01:04:54,527 [50a771df-70d3-4c7d-9ea2-11e60400c1f5-impl-thread1] INFO  util.JmxRegister (JmxRegister.java:unregister(73)) - Successfully un-registered JMX Bean with object name Ratis:service=RaftServer,group=group-42712CCB35A6,id=50a771df-70d3-4c7d-9ea2-11e60400c1f5
2022-11-14 01:04:54,527 [50a771df-70d3-4c7d-9ea2-11e60400c1f5-impl-thread2] INFO  server.RaftServer$Division (RaftServerImpl.java:lambda$close$4(458)) - 50a771df-70d3-4c7d-9ea2-11e60400c1f5@group-7477ECCF7542: shutdown
2022-11-14 01:04:54,527 [50a771df-70d3-4c7d-9ea2-11e60400c1f5-impl-thread1] INFO  impl.RoleInfo (RoleInfo.java:shutdownFollowerState(110)) - 50a771df-70d3-4c7d-9ea2-11e60400c1f5: shutdown 50a771df-70d3-4c7d-9ea2-11e60400c1f5@group-42712CCB35A6-FollowerState
2022-11-14 01:04:54,528 [50a771df-70d3-4c7d-9ea2-11e60400c1f5-impl-thread2] INFO  util.JmxRegister (JmxRegister.java:unregister(73)) - Successfully un-registered JMX Bean with object name Ratis:service=RaftServer,group=group-7477ECCF7542,id=50a771df-70d3-4c7d-9ea2-11e60400c1f5
2022-11-14 01:04:54,528 [50a771df-70d3-4c7d-9ea2-11e60400c1f5-impl-thread2] INFO  impl.RoleInfo (RoleInfo.java:shutdownLeaderState(93)) - 50a771df-70d3-4c7d-9ea2-11e60400c1f5: shutdown 50a771df-70d3-4c7d-9ea2-11e60400c1f5@group-7477ECCF7542-LeaderStateImpl
2022-11-14 01:04:54,528 [ForkJoinPool.commonPool-worker-0] INFO  server.GrpcService (GrpcService.java:closeImpl(279)) - 50a771df-70d3-4c7d-9ea2-11e60400c1f5: shutdown server GrpcServerProtocolService now
2022-11-14 01:04:54,529 [50a771df-70d3-4c7d-9ea2-11e60400c1f5-impl-thread3] INFO  server.RaftServer$Division (RaftServerImpl.java:lambda$close$4(458)) - 50a771df-70d3-4c7d-9ea2-11e60400c1f5@group-B153D5D399FF: shutdown
2022-11-14 01:04:54,529 [50a771df-70d3-4c7d-9ea2-11e60400c1f5-impl-thread3] INFO  util.JmxRegister (JmxRegister.java:unregister(73)) - Successfully un-registered JMX Bean with object name Ratis:service=RaftServer,group=group-B153D5D399FF,id=50a771df-70d3-4c7d-9ea2-11e60400c1f5
2022-11-14 01:04:54,529 [50a771df-70d3-4c7d-9ea2-11e60400c1f5-impl-thread3] INFO  impl.RoleInfo (RoleInfo.java:shutdownLeaderState(93)) - 50a771df-70d3-4c7d-9ea2-11e60400c1f5: shutdown 50a771df-70d3-4c7d-9ea2-11e60400c1f5@group-B153D5D399FF-LeaderStateImpl
2022-11-14 01:04:54,529 [50a771df-70d3-4c7d-9ea2-11e60400c1f5-impl-thread3] INFO  impl.PendingRequests (PendingRequests.java:sendNotLeaderResponses(282)) - 50a771df-70d3-4c7d-9ea2-11e60400c1f5@group-B153D5D399FF-PendingRequests: sendNotLeaderResponses
2022-11-14 01:04:54,530 [50a771df-70d3-4c7d-9ea2-11e60400c1f5@group-B153D5D399FF-StateMachineUpdater] INFO  ratis.ContainerStateMachine (ContainerStateMachine.java:takeSnapshot(304)) - group-B153D5D399FF: Taking a snapshot at:(t:1, i:0) file /home/runner/work/ozone/ozone/hadoop-ozone/integration-test/target/test-dir/MiniOzoneClusterImpl-733ab8e8-73b4-47ae-b22b-a548a4863177/datanode-0/data/ratis/645712d7-3d1a-4d6b-95a2-b153d5d399ff/sm/snapshot.1_0
2022-11-14 01:04:54,530 [50a771df-70d3-4c7d-9ea2-11e60400c1f5-impl-thread3] INFO  impl.StateMachineUpdater (StateMachineUpdater.java:stopAndJoin(153)) - 50a771df-70d3-4c7d-9ea2-11e60400c1f5@group-B153D5D399FF-StateMachineUpdater: set stopIndex = 0
2022-11-14 01:04:54,532 [50a771df-70d3-4c7d-9ea2-11e60400c1f5@group-B153D5D399FF-StateMachineUpdater] INFO  ratis.ContainerStateMachine (ContainerStateMachine.java:takeSnapshot(315)) - group-B153D5D399FF: Finished taking a snapshot at:(t:1, i:0) file:/home/runner/work/ozone/ozone/hadoop-ozone/integration-test/target/test-dir/MiniOzoneClusterImpl-733ab8e8-73b4-47ae-b22b-a548a4863177/datanode-0/data/ratis/645712d7-3d1a-4d6b-95a2-b153d5d399ff/sm/snapshot.1_0 took: 2 ms
2022-11-14 01:04:54,533 [50a771df-70d3-4c7d-9ea2-11e60400c1f5@group-B153D5D399FF-StateMachineUpdater] INFO  impl.StateMachineUpdater (StateMachineUpdater.java:takeSnapshot(287)) - 50a771df-70d3-4c7d-9ea2-11e60400c1f5@group-B153D5D399FF-StateMachineUpdater: Took a snapshot at index 0
2022-11-14 01:04:54,533 [50a771df-70d3-4c7d-9ea2-11e60400c1f5@group-B153D5D399FF-StateMachineUpdater] INFO  impl.StateMachineUpdater (StateMachineUpdater.java:lambda$new$0(92)) - 50a771df-70d3-4c7d-9ea2-11e60400c1f5@group-B153D5D399FF-StateMachineUpdater: snapshotIndex: updateIncreasingly -1 -> 0
2022-11-14 01:04:54,534 [ForkJoinPool.commonPool-worker-0] INFO  server.GrpcServerProtocolClient (GrpcServerProtocolClient.java:close(111)) - 06e93c36-3e5f-4b60-afd6-cffad6b8ca77 Close channels
2022-11-14 01:04:54,534 [50a771df-70d3-4c7d-9ea2-11e60400c1f5-impl-thread1] INFO  impl.StateMachineUpdater (StateMachineUpdater.java:stopAndJoin(153)) - 50a771df-70d3-4c7d-9ea2-11e60400c1f5@group-42712CCB35A6-StateMachineUpdater: set stopIndex = 0
2022-11-14 01:04:54,534 [50a771df-70d3-4c7d-9ea2-11e60400c1f5@group-42712CCB35A6-FollowerState] INFO  impl.FollowerState (FollowerState.java:run(152)) - 50a771df-70d3-4c7d-9ea2-11e60400c1f5@group-42712CCB35A6-FollowerState was interrupted
2022-11-14 01:04:54,534 [50a771df-70d3-4c7d-9ea2-11e60400c1f5-impl-thread2] INFO  impl.PendingRequests (PendingRequests.java:sendNotLeaderResponses(282)) - 50a771df-70d3-4c7d-9ea2-11e60400c1f5@group-7477ECCF7542-PendingRequests: sendNotLeaderResponses
2022-11-14 01:04:54,535 [50a771df-70d3-4c7d-9ea2-11e60400c1f5@group-42712CCB35A6-StateMachineUpdater] INFO  ratis.ContainerStateMachine (ContainerStateMachine.java:takeSnapshot(304)) - group-42712CCB35A6: Taking a snapshot at:(t:4, i:0) file /home/runner/work/ozone/ozone/hadoop-ozone/integration-test/target/test-dir/MiniOzoneClusterImpl-733ab8e8-73b4-47ae-b22b-a548a4863177/datanode-0/data/ratis/83a746d0-ddf1-4803-a311-42712ccb35a6/sm/snapshot.4_0
2022-11-14 01:04:54,535 [50a771df-70d3-4c7d-9ea2-11e60400c1f5-impl-thread3] INFO  server.RaftServer$Division (ServerState.java:close(466)) - 50a771df-70d3-4c7d-9ea2-11e60400c1f5@group-B153D5D399FF: closes. applyIndex: 0
2022-11-14 01:04:54,534 [ForkJoinPool.commonPool-worker-0] INFO  server.GrpcServerProtocolClient (GrpcServerProtocolClient.java:close(111)) - 303bca5f-e220-44f8-957a-f0bd1a8a67be Close channels
2022-11-14 01:04:54,537 [ForkJoinPool.commonPool-worker-0] INFO  server.GrpcService (GrpcService.java:closeImpl(288)) - 50a771df-70d3-4c7d-9ea2-11e60400c1f5: shutdown server GrpcServerProtocolService successfully
2022-11-14 01:04:54,537 [50a771df-70d3-4c7d-9ea2-11e60400c1f5@group-B153D5D399FF-SegmentedRaftLogWorker] INFO  segmented.SegmentedRaftLogWorker (SegmentedRaftLogWorker.java:run(345)) - 50a771df-70d3-4c7d-9ea2-11e60400c1f5@group-B153D5D399FF-SegmentedRaftLogWorker was interrupted, exiting. There are 0 tasks remaining in the queue.
2022-11-14 01:04:54,536 [50a771df-70d3-4c7d-9ea2-11e60400c1f5@group-42712CCB35A6-StateMachineUpdater] INFO  ratis.ContainerStateMachine (ContainerStateMachine.java:takeSnapshot(315)) - group-42712CCB35A6: Finished taking a snapshot at:(t:4, i:0) file:/home/runner/work/ozone/ozone/hadoop-ozone/integration-test/target/test-dir/MiniOzoneClusterImpl-733ab8e8-73b4-47ae-b22b-a548a4863177/datanode-0/data/ratis/83a746d0-ddf1-4803-a311-42712ccb35a6/sm/snapshot.4_0 took: 1 ms
2022-11-14 01:04:54,536 [50a771df-70d3-4c7d-9ea2-11e60400c1f5@group-7477ECCF7542-StateMachineUpdater] INFO  ratis.ContainerStateMachine (ContainerStateMachine.java:takeSnapshot(304)) - group-7477ECCF7542: Taking a snapshot at:(t:3, i:0) file /home/runner/work/ozone/ozone/hadoop-ozone/integration-test/target/test-dir/MiniOzoneClusterImpl-733ab8e8-73b4-47ae-b22b-a548a4863177/datanode-0/data/ratis/f816e042-922b-4701-8e5d-7477eccf7542/sm/snapshot.3_0
2022-11-14 01:04:54,535 [50a771df-70d3-4c7d-9ea2-11e60400c1f5-impl-thread2] INFO  impl.StateMachineUpdater (StateMachineUpdater.java:stopAndJoin(153)) - 50a771df-70d3-4c7d-9ea2-11e60400c1f5@group-7477ECCF7542-StateMachineUpdater: set stopIndex = 0
2022-11-14 01:04:54,537 [50a771df-70d3-4c7d-9ea2-11e60400c1f5@group-42712CCB35A6-StateMachineUpdater] INFO  impl.StateMachineUpdater (StateMachineUpdater.java:takeSnapshot(287)) - 50a771df-70d3-4c7d-9ea2-11e60400c1f5@group-42712CCB35A6-StateMachineUpdater: Took a snapshot at index 0
2022-11-14 01:04:54,537 [50a771df-70d3-4c7d-9ea2-11e60400c1f5@group-42712CCB35A6-StateMachineUpdater] INFO  impl.StateMachineUpdater (StateMachineUpdater.java:lambda$new$0(92)) - 50a771df-70d3-4c7d-9ea2-11e60400c1f5@group-42712CCB35A6-StateMachineUpdater: snapshotIndex: updateIncreasingly -1 -> 0
2022-11-14 01:04:54,538 [50a771df-70d3-4c7d-9ea2-11e60400c1f5-impl-thread1] INFO  server.RaftServer$Division (ServerState.java:close(466)) - 50a771df-70d3-4c7d-9ea2-11e60400c1f5@group-42712CCB35A6: closes. applyIndex: 0
2022-11-14 01:04:54,538 [50a771df-70d3-4c7d-9ea2-11e60400c1f5-impl-thread3] INFO  segmented.SegmentedRaftLogWorker (SegmentedRaftLogWorker.java:close(255)) - 50a771df-70d3-4c7d-9ea2-11e60400c1f5@group-B153D5D399FF-SegmentedRaftLogWorker close()
2022-11-14 01:04:54,538 [50a771df-70d3-4c7d-9ea2-11e60400c1f5@group-42712CCB35A6-SegmentedRaftLogWorker] INFO  segmented.SegmentedRaftLogWorker (SegmentedRaftLogWorker.java:run(345)) - 50a771df-70d3-4c7d-9ea2-11e60400c1f5@group-42712CCB35A6-SegmentedRaftLogWorker was interrupted, exiting. There are 0 tasks remaining in the queue.
2022-11-14 01:04:54,539 [50a771df-70d3-4c7d-9ea2-11e60400c1f5-impl-thread1] INFO  segmented.SegmentedRaftLogWorker (SegmentedRaftLogWorker.java:close(255)) - 50a771df-70d3-4c7d-9ea2-11e60400c1f5@group-42712CCB35A6-SegmentedRaftLogWorker close()
2022-11-14 01:04:54,539 [50a771df-70d3-4c7d-9ea2-11e60400c1f5@group-7477ECCF7542-StateMachineUpdater] INFO  ratis.ContainerStateMachine (ContainerStateMachine.java:takeSnapshot(315)) - group-7477ECCF7542: Finished taking a snapshot at:(t:3, i:0) file:/home/runner/work/ozone/ozone/hadoop-ozone/integration-test/target/test-dir/MiniOzoneClusterImpl-733ab8e8-73b4-47ae-b22b-a548a4863177/datanode-0/data/ratis/f816e042-922b-4701-8e5d-7477eccf7542/sm/snapshot.3_0 took: 4 ms
2022-11-14 01:04:54,539 [50a771df-70d3-4c7d-9ea2-11e60400c1f5@group-7477ECCF7542-StateMachineUpdater] INFO  impl.StateMachineUpdater (StateMachineUpdater.java:takeSnapshot(287)) - 50a771df-70d3-4c7d-9ea2-11e60400c1f5@group-7477ECCF7542-StateMachineUpdater: Took a snapshot at index 0
2022-11-14 01:04:54,539 [50a771df-70d3-4c7d-9ea2-11e60400c1f5@group-7477ECCF7542-StateMachineUpdater] INFO  impl.StateMachineUpdater (StateMachineUpdater.java:lambda$new$0(92)) - 50a771df-70d3-4c7d-9ea2-11e60400c1f5@group-7477ECCF7542-StateMachineUpdater: snapshotIndex: updateIncreasingly -1 -> 0
2022-11-14 01:04:54,540 [50a771df-70d3-4c7d-9ea2-11e60400c1f5-impl-thread2] INFO  server.RaftServer$Division (ServerState.java:close(466)) - 50a771df-70d3-4c7d-9ea2-11e60400c1f5@group-7477ECCF7542: closes. applyIndex: 0
2022-11-14 01:04:54,540 [50a771df-70d3-4c7d-9ea2-11e60400c1f5@group-7477ECCF7542-SegmentedRaftLogWorker] INFO  segmented.SegmentedRaftLogWorker (SegmentedRaftLogWorker.java:run(345)) - 50a771df-70d3-4c7d-9ea2-11e60400c1f5@group-7477ECCF7542-SegmentedRaftLogWorker was interrupted, exiting. There are 0 tasks remaining in the queue.
2022-11-14 01:04:54,540 [50a771df-70d3-4c7d-9ea2-11e60400c1f5-impl-thread2] INFO  segmented.SegmentedRaftLogWorker (SegmentedRaftLogWorker.java:close(255)) - 50a771df-70d3-4c7d-9ea2-11e60400c1f5@group-7477ECCF7542-SegmentedRaftLogWorker close()
2022-11-14 01:04:54,541 [JvmPauseMonitor1] INFO  util.JvmPauseMonitor (JvmPauseMonitor.java:run(111)) - JvmPauseMonitor-50a771df-70d3-4c7d-9ea2-11e60400c1f5: Stopped
2022-11-14 01:04:56,504 [Listener at 127.0.0.1/41321] INFO  volume.HddsVolume (HddsVolume.java:closeDbStore(338)) - SchemaV3 db is stopped at /home/runner/work/ozone/ozone/hadoop-ozone/integration-test/target/test-dir/MiniOzoneClusterImpl-733ab8e8-73b4-47ae-b22b-a548a4863177/datanode-4/data-0/containers/hdds/733ab8e8-73b4-47ae-b22b-a548a4863177/DS-7d112071-e309-4f5a-9bf1-237981eb0c54/container.db for volume DS-7d112071-e309-4f5a-9bf1-237981eb0c54
2022-11-14 01:04:56,505 [Listener at 127.0.0.1/41321] INFO  utils.BackgroundService (BackgroundService.java:shutdown(141)) - Shutting down service BlockDeletingService
2022-11-14 01:04:56,505 [Listener at 127.0.0.1/41321] INFO  utils.BackgroundService (BackgroundService.java:shutdown(141)) - Shutting down service StaleRecoveringContainerScrubbingService
2022-11-14 01:04:56,507 [Listener at 127.0.0.1/41321] INFO  statemachine.DatanodeStateMachine (DatanodeStateMachine.java:stopDaemon(593)) - Ozone container server stopped.
2022-11-14 01:04:56,515 [Listener at 127.0.0.1/41321] INFO  handler.ContextHandler (ContextHandler.java:doStop(1159)) - Stopped o.e.j.w.WebAppContext@51223aca{hddsDatanode,/,null,STOPPED}{jar:file:/home/runner/.m2/repository/org/apache/ozone/hdds-container-service/1.3.0-SNAPSHOT/hdds-container-service-1.3.0-SNAPSHOT.jar!/webapps/hddsDatanode}
2022-11-14 01:04:56,516 [Listener at 127.0.0.1/41321] INFO  server.AbstractConnector (AbstractConnector.java:doStop(383)) - Stopped ServerConnector@e0986ed{HTTP/1.1, (http/1.1)}{0.0.0.0:0}
2022-11-14 01:04:56,516 [Listener at 127.0.0.1/41321] INFO  server.session (HouseKeeper.java:stopScavenging(149)) - node0 Stopped scavenging
2022-11-14 01:04:56,517 [Listener at 127.0.0.1/41321] INFO  handler.ContextHandler (ContextHandler.java:doStop(1159)) - Stopped o.e.j.s.ServletContextHandler@abbe7b3{static,/static,jar:file:/home/runner/.m2/repository/org/apache/ozone/hdds-container-service/1.3.0-SNAPSHOT/hdds-container-service-1.3.0-SNAPSHOT.jar!/webapps/static,STOPPED}
2022-11-14 01:04:56,517 [Listener at 127.0.0.1/41321] INFO  handler.ContextHandler (ContextHandler.java:doStop(1159)) - Stopped o.e.j.s.ServletContextHandler@1302230f{logs,/logs,file:///home/runner/work/ozone/ozone/hadoop-ozone/integration-test/target/log,STOPPED}
2022-11-14 01:04:56,545 [ForkJoinPool.commonPool-worker-0] INFO  volume.HddsVolume (HddsVolume.java:closeDbStore(338)) - SchemaV3 db is stopped at /home/runner/work/ozone/ozone/hadoop-ozone/integration-test/target/test-dir/MiniOzoneClusterImpl-733ab8e8-73b4-47ae-b22b-a548a4863177/datanode-0/data-0/containers/hdds/733ab8e8-73b4-47ae-b22b-a548a4863177/DS-477f198a-ede6-4905-8c43-40d71c678ac6/container.db for volume DS-477f198a-ede6-4905-8c43-40d71c678ac6
2022-11-14 01:04:56,545 [ForkJoinPool.commonPool-worker-0] INFO  utils.BackgroundService (BackgroundService.java:shutdown(141)) - Shutting down service BlockDeletingService
2022-11-14 01:04:56,546 [ForkJoinPool.commonPool-worker-0] INFO  utils.BackgroundService (BackgroundService.java:shutdown(141)) - Shutting down service StaleRecoveringContainerScrubbingService
2022-11-14 01:04:56,550 [ForkJoinPool.commonPool-worker-0] INFO  statemachine.DatanodeStateMachine (DatanodeStateMachine.java:stopDaemon(593)) - Ozone container server stopped.
2022-11-14 01:04:56,559 [ForkJoinPool.commonPool-worker-0] INFO  handler.ContextHandler (ContextHandler.java:doStop(1159)) - Stopped o.e.j.w.WebAppContext@892731c{hddsDatanode,/,null,STOPPED}{jar:file:/home/runner/.m2/repository/org/apache/ozone/hdds-container-service/1.3.0-SNAPSHOT/hdds-container-service-1.3.0-SNAPSHOT.jar!/webapps/hddsDatanode}
2022-11-14 01:04:56,560 [ForkJoinPool.commonPool-worker-0] INFO  server.AbstractConnector (AbstractConnector.java:doStop(383)) - Stopped ServerConnector@2f7cf665{HTTP/1.1, (http/1.1)}{0.0.0.0:0}
2022-11-14 01:04:56,560 [ForkJoinPool.commonPool-worker-0] INFO  server.session (HouseKeeper.java:stopScavenging(149)) - node0 Stopped scavenging
2022-11-14 01:04:56,560 [ForkJoinPool.commonPool-worker-0] INFO  handler.ContextHandler (ContextHandler.java:doStop(1159)) - Stopped o.e.j.s.ServletContextHandler@482d8add{static,/static,jar:file:/home/runner/.m2/repository/org/apache/ozone/hdds-container-service/1.3.0-SNAPSHOT/hdds-container-service-1.3.0-SNAPSHOT.jar!/webapps/static,STOPPED}
2022-11-14 01:04:56,562 [ForkJoinPool.commonPool-worker-0] INFO  handler.ContextHandler (ContextHandler.java:doStop(1159)) - Stopped o.e.j.s.ServletContextHandler@23940ca8{logs,/logs,file:///home/runner/work/ozone/ozone/hadoop-ozone/integration-test/target/log,STOPPED}
2022-11-14 01:04:56,564 [Listener at 127.0.0.1/41321] INFO  ozone.MiniOzoneClusterImpl (MiniOzoneClusterImpl.java:stopSCM(537)) - Stopping the StorageContainerManager
2022-11-14 01:04:56,564 [Listener at 127.0.0.1/41321] INFO  server.StorageContainerManager (StorageContainerManager.java:stop(1550)) - Container Balancer is not running.
2022-11-14 01:04:56,564 [Listener at 127.0.0.1/41321] INFO  server.StorageContainerManager (StorageContainerManager.java:stop(1557)) - Stopping Replication Manager Service.
2022-11-14 01:04:56,564 [Listener at 127.0.0.1/41321] INFO  replication.ReplicationManager (ReplicationManager.java:stop(274)) - Stopping Replication Monitor Thread.
2022-11-14 01:04:56,564 [Over Replicated Processor] WARN  replication.OverReplicatedProcessor (OverReplicatedProcessor.java:run(142)) - Over Replicated Processor interrupted. Exiting...
2022-11-14 01:04:56,564 [Under Replicated Processor] WARN  replication.UnderReplicatedProcessor (UnderReplicatedProcessor.java:run(154)) - Under Replicated Processor interrupted. Exiting...
2022-11-14 01:04:56,564 [Listener at 127.0.0.1/41321] INFO  server.StorageContainerManager (StorageContainerManager.java:stop(1564)) - Stopping the Datanode Admin Monitor.
2022-11-14 01:04:56,564 [ReplicationMonitor] INFO  replication.ReplicationManager (ReplicationManager.java:run(595)) - Replication Monitor Thread is stopped
2022-11-14 01:04:56,565 [Listener at 127.0.0.1/41321] INFO  server.StorageContainerManager (StorageContainerManager.java:stop(1571)) - Stopping Lease Manager of the command watchers
2022-11-14 01:04:56,565 [Listener at 127.0.0.1/41321] INFO  server.StorageContainerManager (StorageContainerManager.java:stop(1578)) - Stopping datanode service RPC server
2022-11-14 01:04:56,565 [Listener at 127.0.0.1/41321] INFO  server.SCMDatanodeProtocolServer (SCMDatanodeProtocolServer.java:stop(414)) - Stopping the RPC server for DataNodes
2022-11-14 01:04:56,565 [Listener at 127.0.0.1/41321] INFO  ipc.Server (Server.java:stop(3428)) - Stopping server on 34641
2022-11-14 01:04:56,566 [IPC Server listener on 0] INFO  ipc.Server (Server.java:run(1384)) - Stopping IPC Server listener on 0
2022-11-14 01:04:56,567 [IPC Server Responder] INFO  ipc.Server (Server.java:run(1517)) - Stopping IPC Server Responder
2022-11-14 01:04:56,986 [SCM Heartbeat Processing Thread - 0] WARN  node.NodeStateManager (NodeStateManager.java:scheduleNextHealthCheck(870)) - Current Thread is interrupted, shutting down HB processing thread for Node Manager.
2022-11-14 01:04:56,986 [Listener at 127.0.0.1/41321] INFO  server.StorageContainerManager (StorageContainerManager.java:stop(1586)) - Stopping block service RPC server
2022-11-14 01:04:56,987 [Listener at 127.0.0.1/41321] INFO  server.SCMBlockProtocolServer (SCMBlockProtocolServer.java:stop(161)) - Stopping the RPC server for Block Protocol
2022-11-14 01:04:56,987 [Listener at 127.0.0.1/41321] INFO  ipc.Server (Server.java:stop(3428)) - Stopping server on 45361
2022-11-14 01:04:56,989 [IPC Server listener on 0] INFO  ipc.Server (Server.java:run(1384)) - Stopping IPC Server listener on 0
2022-11-14 01:04:56,989 [IPC Server Responder] INFO  ipc.Server (Server.java:run(1517)) - Stopping IPC Server Responder
2022-11-14 01:04:56,989 [Listener at 127.0.0.1/41321] INFO  server.StorageContainerManager (StorageContainerManager.java:stop(1593)) - Stopping the StorageContainerLocationProtocol RPC server
2022-11-14 01:04:56,989 [Listener at 127.0.0.1/41321] INFO  server.SCMClientProtocolServer (SCMClientProtocolServer.java:stop(179)) - Stopping the RPC server for Client Protocol
2022-11-14 01:04:56,989 [Listener at 127.0.0.1/41321] INFO  ipc.Server (Server.java:stop(3428)) - Stopping server on 44631
2022-11-14 01:04:56,990 [Listener at 127.0.0.1/41321] INFO  server.StorageContainerManager (StorageContainerManager.java:stop(1600)) - Stopping Storage Container Manager HTTP server.
2022-11-14 01:04:56,991 [IPC Server Responder] INFO  ipc.Server (Server.java:run(1517)) - Stopping IPC Server Responder
2022-11-14 01:04:56,991 [IPC Server listener on 0] INFO  ipc.Server (Server.java:run(1384)) - Stopping IPC Server listener on 0
2022-11-14 01:04:56,993 [Listener at 127.0.0.1/41321] INFO  handler.ContextHandler (ContextHandler.java:doStop(1159)) - Stopped o.e.j.w.WebAppContext@3e5ed0d4{scm,/,null,STOPPED}{file:/home/runner/work/ozone/ozone/hadoop-ozone/integration-test/target/test-classes/webapps/scm}
2022-11-14 01:04:56,994 [Listener at 127.0.0.1/41321] INFO  server.AbstractConnector (AbstractConnector.java:doStop(383)) - Stopped ServerConnector@1e9f48d4{HTTP/1.1, (http/1.1)}{0.0.0.0:0}
2022-11-14 01:04:56,994 [Listener at 127.0.0.1/41321] INFO  server.session (HouseKeeper.java:stopScavenging(149)) - node0 Stopped scavenging
2022-11-14 01:04:56,994 [Listener at 127.0.0.1/41321] INFO  handler.ContextHandler (ContextHandler.java:doStop(1159)) - Stopped o.e.j.s.ServletContextHandler@5ace6611{static,/static,file:///home/runner/work/ozone/ozone/hadoop-ozone/integration-test/target/test-classes/webapps/static,STOPPED}
2022-11-14 01:04:56,995 [Listener at 127.0.0.1/41321] INFO  handler.ContextHandler (ContextHandler.java:doStop(1159)) - Stopped o.e.j.s.ServletContextHandler@612531a3{logs,/logs,file:///home/runner/work/ozone/ozone/hadoop-ozone/integration-test/target/log,STOPPED}
2022-11-14 01:04:56,995 [Listener at 127.0.0.1/41321] INFO  server.StorageContainerManager (StorageContainerManager.java:stop(1606)) - Stopping SCM LayoutVersionManager Service.
2022-11-14 01:04:56,996 [Listener at 127.0.0.1/41321] INFO  server.StorageContainerManager (StorageContainerManager.java:stop(1614)) - Stopping Block Manager Service.
2022-11-14 01:04:56,996 [Listener at 127.0.0.1/41321] INFO  utils.BackgroundService (BackgroundService.java:shutdown(141)) - Shutting down service SCMBlockDeletingService
2022-11-14 01:04:56,996 [Listener at 127.0.0.1/41321] INFO  utils.BackgroundService (BackgroundService.java:shutdown(141)) - Shutting down service SCMBlockDeletingService
2022-11-14 01:04:56,996 [Listener at 127.0.0.1/41321] INFO  server.StorageContainerManager (StorageContainerManager.java:stop(1641)) - Stopping SCM Event Queue.
2022-11-14 01:04:56,999 [Listener at 127.0.0.1/41321] INFO  server.StorageContainerManager (StorageContainerManager.java:stop(1652)) - Stopping SCM HA services.
2022-11-14 01:04:56,999 [Listener at 127.0.0.1/41321] INFO  pipeline.BackgroundPipelineCreator (BackgroundPipelineCreator.java:stop(149)) - Stopping RatisPipelineUtilsThread.
2022-11-14 01:04:57,000 [RatisPipelineUtilsThread - 0] WARN  pipeline.BackgroundPipelineCreator (BackgroundPipelineCreator.java:run(180)) - RatisPipelineUtilsThread is interrupted.
2022-11-14 01:04:57,000 [BackgroundPipelineScrubberThread] WARN  BackgroundPipelineScrubber (BackgroundSCMService.java:run(115)) - BackgroundPipelineScrubber is interrupted, exit
2022-11-14 01:04:57,000 [Listener at 127.0.0.1/41321] INFO  BackgroundPipelineScrubber (BackgroundSCMService.java:stop(131)) - Stopping BackgroundPipelineScrubber Service.
2022-11-14 01:04:57,001 [Listener at 127.0.0.1/41321] INFO  impl.MetricsSystemImpl (MetricsSystemImpl.java:stop(210)) - Stopping HddsDatanode metrics system...
2022-11-14 01:04:57,003 [prometheus] INFO  impl.MetricsSinkAdapter (MetricsSinkAdapter.java:publishMetricsFromQueue(141)) - prometheus thread interrupted.
2022-11-14 01:04:57,003 [Listener at 127.0.0.1/41321] INFO  impl.MetricsSystemImpl (MetricsSystemImpl.java:stop(216)) - HddsDatanode metrics system stopped.
2022-11-14 01:04:57,003 [Listener at 127.0.0.1/41321] WARN  pipeline.BackgroundPipelineCreator (BackgroundPipelineCreator.java:stop(145)) - RatisPipelineUtilsThread is not running, just ignore.
2022-11-14 01:04:57,003 [Listener at 127.0.0.1/41321] INFO  BackgroundPipelineScrubber (BackgroundSCMService.java:stop(126)) - BackgroundPipelineScrubber Service is not running, skip stop.
2022-11-14 01:04:57,004 [Listener at 127.0.0.1/41321] INFO  ExpiredContainerReplicaOpScrubber (BackgroundSCMService.java:stop(131)) - Stopping ExpiredContainerReplicaOpScrubber Service.
2022-11-14 01:04:57,004 [ExpiredContainerReplicaOpScrubberThread] WARN  ExpiredContainerReplicaOpScrubber (BackgroundSCMService.java:run(115)) - ExpiredContainerReplicaOpScrubber is interrupted, exit
2022-11-14 01:04:57,004 [Listener at 127.0.0.1/41321] INFO  utils.BackgroundService (BackgroundService.java:shutdown(141)) - Shutting down service SCMBlockDeletingService
2022-11-14 01:04:57,004 [Listener at 127.0.0.1/41321] INFO  replication.ReplicationManager (ReplicationManager.java:stop(282)) - Replication Monitor Thread is not running.
2022-11-14 01:04:57,004 [Listener at 127.0.0.1/41321] WARN  balancer.ContainerBalancer (ContainerBalancer.java:stop(322)) - Cannot stop Container Balancer because it's not running or stopping
2022-11-14 01:04:57,004 [Listener at 127.0.0.1/41321] INFO  server.StorageContainerManager (StorageContainerManager.java:stop(1670)) - Stopping SCM MetadataStore.
]]></system-out>
  </testcase>
  <testcase name="testPipelineCreationOnNodeRestart" classname="org.apache.hadoop.hdds.scm.pipeline.TestRatisPipelineCreateAndDestroy" time="31.223">
    <system-out><![CDATA[2022-11-14 01:04:57,072 [Listener at 127.0.0.1/41321] WARN  server.ServerUtils (ServerUtils.java:getScmDbDir(148)) - ozone.scm.db.dirs is not configured. We recommend adding this setting. Falling back to ozone.metadata.dirs instead.
2022-11-14 01:04:57,077 [Listener at 127.0.0.1/41321] WARN  server.ServerUtils (ServerUtils.java:getScmDbDir(148)) - ozone.scm.db.dirs is not configured. We recommend adding this setting. Falling back to ozone.metadata.dirs instead.
2022-11-14 01:04:57,078 [Listener at 127.0.0.1/41321] INFO  ha.SCMHANodeDetails (SCMHANodeDetails.java:loadSCMHAConfig(209)) - ServiceID for StorageContainerManager is null
2022-11-14 01:04:57,078 [Listener at 127.0.0.1/41321] INFO  ha.SCMHANodeDetails (SCMHANodeDetails.java:loadSCMHAConfig(214)) - ozone.scm.default.service.id is not defined, falling back to ozone.scm.service.ids to find serviceID for StorageContainerManager if it is HA enabled cluster
2022-11-14 01:04:57,079 [Listener at 127.0.0.1/41321] WARN  utils.HAUtils (HAUtils.java:getMetaDir(342)) - ozone.scm.db.dirs is not configured. We recommend adding this setting. Falling back to ozone.metadata.dirs instead.
2022-11-14 01:04:57,079 [Listener at 127.0.0.1/41321] WARN  db.DBStoreBuilder (DBStoreBuilder.java:applyDBDefinition(144)) - ozone.scm.db.dirs is not configured. We recommend adding this setting. Falling back to ozone.metadata.dirs instead.
2022-11-14 01:04:57,187 [Listener at 127.0.0.1/41321] INFO  net.NodeSchemaLoader (NodeSchemaLoader.java:loadSchemaFromFile(129)) - Loading schema from [jar:file:/home/runner/.m2/repository/org/apache/ozone/hdds-common/1.3.0-SNAPSHOT/hdds-common-1.3.0-SNAPSHOT.jar!/network-topology-default.xml]
2022-11-14 01:04:57,187 [Listener at 127.0.0.1/41321] INFO  net.NodeSchemaLoader (NodeSchemaLoader.java:loadSchema(176)) - Loading network topology layer schema file
2022-11-14 01:04:57,190 [Listener at 127.0.0.1/41321] INFO  upgrade.AbstractLayoutVersionManager (AbstractLayoutVersionManager.java:init(83)) - Initializing Layout version manager with metadata layout = DATANODE_SCHEMA_V3 (version = 4), software layout = DATANODE_SCHEMA_V3 (version = 4)
2022-11-14 01:04:57,231 [Listener at 127.0.0.1/41321] INFO  reflections.Reflections (Reflections.java:scan(232)) - Reflections took 40 ms to scan 7 urls, producing 139 keys and 336 values 
2022-11-14 01:04:57,233 [Listener at 127.0.0.1/41321] INFO  ha.SequenceIdGenerator (SequenceIdGenerator.java:upgradeToSequenceId(349)) - upgrade localId to 109611004723200000
2022-11-14 01:04:57,233 [Listener at 127.0.0.1/41321] INFO  ha.SequenceIdGenerator (SequenceIdGenerator.java:upgradeToSequenceId(359)) - upgrade delTxnId to 0
2022-11-14 01:04:57,233 [Listener at 127.0.0.1/41321] INFO  ha.SequenceIdGenerator (SequenceIdGenerator.java:upgradeToSequenceId(376)) - upgrade containerId to 0
2022-11-14 01:04:57,233 [Listener at 127.0.0.1/41321] INFO  ha.SequenceIdGenerator (SequenceIdGenerator.java:<init>(220)) - Init the HA SequenceIdGenerator.
2022-11-14 01:04:57,234 [Listener at 127.0.0.1/41321] WARN  server.ServerUtils (ServerUtils.java:sanitizeUserArgs(67)) - ozone.scm.stale.node.interval value = 5000 is smaller than min = 6000 based on the key value of hdds.heartbeat.interval, reset to the min value 6000.
2022-11-14 01:04:57,234 [Listener at 127.0.0.1/41321] WARN  server.ServerUtils (ServerUtils.java:sanitizeUserArgs(67)) - ozone.scm.stale.node.interval value = 5000 is smaller than min = 6000 based on the key value of hdds.heartbeat.interval, reset to the min value 6000.
2022-11-14 01:04:57,235 [Listener at 127.0.0.1/41321] INFO  node.SCMNodeManager (SCMNodeManager.java:<init>(149)) - Entering startup safe mode.
2022-11-14 01:04:57,235 [Listener at 127.0.0.1/41321] INFO  algorithms.ContainerPlacementPolicyFactory (ContainerPlacementPolicyFactory.java:getPolicyInternal(86)) - Create container placement policy of type org.apache.hadoop.hdds.scm.container.placement.algorithms.SCMContainerPlacementRandom
2022-11-14 01:04:57,236 [Listener at 127.0.0.1/41321] INFO  algorithms.ContainerPlacementPolicyFactory (ContainerPlacementPolicyFactory.java:getPolicyInternal(86)) - Create container placement policy of type org.apache.hadoop.hdds.scm.container.placement.algorithms.SCMContainerPlacementRackScatter
2022-11-14 01:04:57,236 [Listener at 127.0.0.1/41321] INFO  pipeline.PipelineStateManagerImpl (PipelineStateManagerImpl.java:initialize(78)) - No pipeline exists in current db
2022-11-14 01:04:57,236 [Listener at 127.0.0.1/41321] INFO  algorithms.LeaderChoosePolicyFactory (LeaderChoosePolicyFactory.java:getPolicy(57)) - Create leader choose policy of type org.apache.hadoop.hdds.scm.pipeline.leader.choose.algorithms.MinLeaderCountChoosePolicy
2022-11-14 01:04:57,236 [Listener at 127.0.0.1/41321] INFO  algorithms.ContainerPlacementPolicyFactory (ContainerPlacementPolicyFactory.java:getPolicyInternal(86)) - Create container placement policy of type org.apache.hadoop.hdds.scm.container.placement.algorithms.SCMContainerPlacementRackScatter
2022-11-14 01:04:57,236 [Listener at 127.0.0.1/41321] INFO  ha.SCMServiceManager (SCMServiceManager.java:register(42)) - Registering service BackgroundPipelineCreator.
2022-11-14 01:04:57,237 [Listener at 127.0.0.1/41321] INFO  pipeline.BackgroundPipelineCreator (BackgroundPipelineCreator.java:start(124)) - Starting RatisPipelineUtilsThread.
2022-11-14 01:04:57,240 [Listener at 127.0.0.1/41321] INFO  BackgroundPipelineScrubber (BackgroundSCMService.java:start(68)) - Starting BackgroundPipelineScrubber Service.
2022-11-14 01:04:57,240 [Listener at 127.0.0.1/41321] INFO  ha.SCMServiceManager (SCMServiceManager.java:register(42)) - Registering service BackgroundPipelineScrubber.
2022-11-14 01:04:57,240 [Listener at 127.0.0.1/41321] INFO  ExpiredContainerReplicaOpScrubber (BackgroundSCMService.java:start(68)) - Starting ExpiredContainerReplicaOpScrubber Service.
2022-11-14 01:04:57,241 [Listener at 127.0.0.1/41321] INFO  ha.SCMServiceManager (SCMServiceManager.java:register(42)) - Registering service ExpiredContainerReplicaOpScrubber.
2022-11-14 01:04:57,242 [Listener at 127.0.0.1/41321] INFO  algorithms.PipelineChoosePolicyFactory (PipelineChoosePolicyFactory.java:createPipelineChoosePolicyFromClass(73)) - Create pipeline choose policy of type org.apache.hadoop.hdds.scm.pipeline.choose.algorithms.RandomPipelineChoosePolicy
2022-11-14 01:04:57,242 [Listener at 127.0.0.1/41321] INFO  ha.SCMServiceManager (SCMServiceManager.java:register(42)) - Registering service SCMBlockDeletingService.
2022-11-14 01:04:57,242 [Listener at 127.0.0.1/41321] INFO  replication.ReplicationManager (ReplicationManager.java:start(239)) - Starting Replication Monitor Thread.
2022-11-14 01:04:57,244 [Listener at 127.0.0.1/41321] INFO  ha.SCMServiceManager (SCMServiceManager.java:register(42)) - Registering service ReplicationManager.
2022-11-14 01:04:57,244 [Listener at 127.0.0.1/41321] INFO  safemode.ContainerSafeModeRule (ContainerSafeModeRule.java:<init>(89)) - containers with one replica threshold count 0
2022-11-14 01:04:57,244 [Listener at 127.0.0.1/41321] INFO  safemode.HealthyPipelineSafeModeRule (HealthyPipelineSafeModeRule.java:initializeRule(169)) - Total pipeline count is 0, healthy pipeline threshold count is 1
2022-11-14 01:04:57,244 [Listener at 127.0.0.1/41321] INFO  safemode.OneReplicaPipelineSafeModeRule (OneReplicaPipelineSafeModeRule.java:initializeRule(180)) - Total pipeline count is 0, pipeline's with at least one datanode reported threshold count is 0
2022-11-14 01:04:57,246 [Listener at 127.0.0.1/41321] INFO  ipc.CallQueueManager (CallQueueManager.java:<init>(90)) - Using callQueue: class java.util.concurrent.LinkedBlockingQueue, queueCapacity: 2000, scheduler: class org.apache.hadoop.ipc.DefaultRpcScheduler, ipcBackoff: false.
2022-11-14 01:04:57,247 [Socket Reader #1 for port 0] INFO  ipc.Server (Server.java:run(1273)) - Starting Socket Reader #1 for port 0
2022-11-14 01:04:57,248 [Listener at 0.0.0.0/33403] INFO  ipc.CallQueueManager (CallQueueManager.java:<init>(90)) - Using callQueue: class java.util.concurrent.LinkedBlockingQueue, queueCapacity: 2000, scheduler: class org.apache.hadoop.ipc.DefaultRpcScheduler, ipcBackoff: false.
2022-11-14 01:04:57,249 [Socket Reader #1 for port 0] INFO  ipc.Server (Server.java:run(1273)) - Starting Socket Reader #1 for port 0
2022-11-14 01:04:57,249 [Listener at 0.0.0.0/36131] INFO  ipc.CallQueueManager (CallQueueManager.java:<init>(90)) - Using callQueue: class java.util.concurrent.LinkedBlockingQueue, queueCapacity: 2000, scheduler: class org.apache.hadoop.ipc.DefaultRpcScheduler, ipcBackoff: false.
2022-11-14 01:04:57,250 [Socket Reader #1 for port 0] INFO  ipc.Server (Server.java:run(1273)) - Starting Socket Reader #1 for port 0
2022-11-14 01:04:57,254 [Listener at 0.0.0.0/45825] INFO  ha.SCMServiceManager (SCMServiceManager.java:register(42)) - Registering service ContainerBalancer.
2022-11-14 01:04:57,254 [Listener at 0.0.0.0/45825] INFO  server.StorageContainerManager (StorageContainerManager.java:<init>(416)) - 
Container Balancer status:
Key                            Value
Running                        true
Container Balancer Configuration values:
Key                                                Value
Threshold                                          10
Max Datanodes to Involve per Iteration(percent)    20
Max Size to Move per Iteration                     500GB
Max Size Entering Target per Iteration             26GB
Max Size Leaving Source per Iteration              26GB

2022-11-14 01:04:57,254 [Listener at 0.0.0.0/45825] WARN  events.EventQueue (EventQueue.java:fireEvent(216)) - No event handler registered for event TypedEvent{payloadType=SafeModeStatus, name='Safe mode status'}
2022-11-14 01:04:57,254 [Listener at 0.0.0.0/45825] INFO  ha.SCMContext (SCMContext.java:updateSafeModeStatus(228)) - Update SafeModeStatus from SafeModeStatus{safeModeStatus=true, preCheckPassed=false} to SafeModeStatus{safeModeStatus=true, preCheckPassed=false}.
2022-11-14 01:04:57,255 [Listener at 0.0.0.0/45825] INFO  server.StorageContainerManager (StorageContainerManager.java:start(1454)) - StorageContainerLocationProtocol RPC server is listening at /0.0.0.0:45825
2022-11-14 01:04:57,256 [ReplicationMonitor] INFO  replication.ReplicationManager (ReplicationManager.java:processAll(308)) - Replication Manager is not ready to run until 3000ms after safemode exit
2022-11-14 01:04:57,259 [Listener at 0.0.0.0/45825] WARN  impl.MetricsConfig (MetricsConfig.java:loadFirst(136)) - Cannot locate configuration: tried hadoop-metrics2-storagecontainermanager.properties,hadoop-metrics2.properties
2022-11-14 01:04:57,260 [Listener at 0.0.0.0/45825] INFO  impl.MetricsSystemImpl (MetricsSystemImpl.java:startTimer(378)) - Scheduled Metric snapshot period at 10 second(s).
2022-11-14 01:04:57,260 [Listener at 0.0.0.0/45825] INFO  impl.MetricsSystemImpl (MetricsSystemImpl.java:start(191)) - StorageContainerManager metrics system started
2022-11-14 01:04:57,274 [Listener at 0.0.0.0/45825] INFO  impl.MetricsSinkAdapter (MetricsSinkAdapter.java:start(204)) - Sink prometheus started
2022-11-14 01:04:57,274 [Listener at 0.0.0.0/45825] INFO  impl.MetricsSystemImpl (MetricsSystemImpl.java:registerSink(305)) - Registered sink prometheus
2022-11-14 01:04:57,295 [Listener at 0.0.0.0/45825] INFO  server.SCMClientProtocolServer (SCMClientProtocolServer.java:start(170)) - RPC server for Client  is listening at /0.0.0.0:45825
2022-11-14 01:04:57,296 [IPC Server Responder] INFO  ipc.Server (Server.java:run(1512)) - IPC Server Responder: starting
2022-11-14 01:04:57,296 [IPC Server listener on 0] INFO  ipc.Server (Server.java:run(1352)) - IPC Server listener on 0: starting
2022-11-14 01:04:57,299 [Listener at 0.0.0.0/45825] INFO  server.StorageContainerManager (StorageContainerManager.java:start(1469)) - ScmBlockLocationProtocol RPC server is listening at /0.0.0.0:36131
2022-11-14 01:04:57,299 [Listener at 0.0.0.0/45825] INFO  server.SCMBlockProtocolServer (SCMBlockProtocolServer.java:start(152)) - RPC server for Block Protocol is listening at /0.0.0.0:36131
2022-11-14 01:04:57,299 [IPC Server Responder] INFO  ipc.Server (Server.java:run(1512)) - IPC Server Responder: starting
2022-11-14 01:04:57,300 [IPC Server listener on 0] INFO  ipc.Server (Server.java:run(1352)) - IPC Server listener on 0: starting
2022-11-14 01:04:57,303 [Listener at 0.0.0.0/45825] INFO  server.SCMDatanodeProtocolServer (SCMDatanodeProtocolServer.java:start(186)) - ScmDatanodeProtocol RPC server for DataNodes is listening at /0.0.0.0:33403
2022-11-14 01:04:57,303 [IPC Server Responder] INFO  ipc.Server (Server.java:run(1512)) - IPC Server Responder: starting
2022-11-14 01:04:57,304 [IPC Server listener on 0] INFO  ipc.Server (Server.java:run(1352)) - IPC Server listener on 0: starting
2022-11-14 01:04:57,312 [Listener at 0.0.0.0/45825] INFO  http.BaseHttpServer (BaseHttpServer.java:newHttpServer2BuilderForOzone(213)) - Starting Web-server for scm at: http://0.0.0.0:0
2022-11-14 01:04:57,312 [Listener at 0.0.0.0/45825] INFO  http.BaseHttpServer (BaseHttpServer.java:<init>(108)) - Hadoop Security Enabled: false Ozone Security Enabled: false Ozone HTTP Security Enabled: false 
2022-11-14 01:04:57,314 [Listener at 0.0.0.0/45825] WARN  server.AuthenticationFilter (AuthenticationFilter.java:constructSecretProvider(240)) - Unable to initialize FileSignerSecretProvider, falling back to use random secrets. Reason: Could not read signature secret file: /home/runner/hadoop-http-auth-signature-secret
2022-11-14 01:04:57,314 [org.apache.hadoop.util.JvmPauseMonitor$Monitor@3517e6a4] INFO  util.JvmPauseMonitor (JvmPauseMonitor.java:run(188)) - Starting JVM pause monitor
2022-11-14 01:04:57,315 [Listener at 0.0.0.0/45825] WARN  http.HttpRequestLog (HttpRequestLog.java:getRequestLog(103)) - Jetty request log can only be enabled using Log4j
2022-11-14 01:04:57,316 [Listener at 0.0.0.0/45825] INFO  http.HttpServer2 (HttpServer2.java:addGlobalFilter(1031)) - Added global filter 'safety' (class=org.apache.hadoop.hdds.server.http.HttpServer2$QuotingInputFilter)
2022-11-14 01:04:57,317 [Listener at 0.0.0.0/45825] INFO  http.HttpServer2 (HttpServer2.java:addFilter(1007)) - Added filter static_user_filter (class=org.apache.hadoop.http.lib.StaticUserWebFilter$StaticUserFilter) to context scm
2022-11-14 01:04:57,317 [Listener at 0.0.0.0/45825] INFO  http.HttpServer2 (HttpServer2.java:addFilter(1015)) - Added filter static_user_filter (class=org.apache.hadoop.http.lib.StaticUserWebFilter$StaticUserFilter) to context static
2022-11-14 01:04:57,317 [Listener at 0.0.0.0/45825] INFO  http.HttpServer2 (HttpServer2.java:addFilter(1015)) - Added filter static_user_filter (class=org.apache.hadoop.http.lib.StaticUserWebFilter$StaticUserFilter) to context logs
2022-11-14 01:04:57,318 [Listener at 0.0.0.0/45825] INFO  http.HttpServer2 (HttpServer2.java:bindListener(1250)) - Jetty bound to port 36729
2022-11-14 01:04:57,318 [Listener at 0.0.0.0/45825] INFO  server.Server (Server.java:doStart(375)) - jetty-9.4.49.v20220914; built: 2022-09-14T01:07:36.601Z; git: 4231a3b2e4cb8548a412a789936d640a97b1aa0a; jvm 1.8.0_345-b01
2022-11-14 01:04:57,320 [Listener at 0.0.0.0/45825] INFO  server.session (DefaultSessionIdManager.java:doStart(334)) - DefaultSessionIdManager workerName=node0
2022-11-14 01:04:57,320 [Listener at 0.0.0.0/45825] INFO  server.session (DefaultSessionIdManager.java:doStart(339)) - No SessionScavenger set, using defaults
2022-11-14 01:04:57,320 [Listener at 0.0.0.0/45825] INFO  server.session (HouseKeeper.java:startScavenging(132)) - node0 Scavenging every 660000ms
2022-11-14 01:04:57,321 [Listener at 0.0.0.0/45825] INFO  handler.ContextHandler (ContextHandler.java:doStart(921)) - Started o.e.j.s.ServletContextHandler@45347a0f{logs,/logs,file:///home/runner/work/ozone/ozone/hadoop-ozone/integration-test/target/log,AVAILABLE}
2022-11-14 01:04:57,322 [Listener at 0.0.0.0/45825] INFO  handler.ContextHandler (ContextHandler.java:doStart(921)) - Started o.e.j.s.ServletContextHandler@7e0b3d79{static,/static,file:///home/runner/work/ozone/ozone/hadoop-ozone/integration-test/target/test-classes/webapps/static,AVAILABLE}
2022-11-14 01:04:57,325 [Listener at 0.0.0.0/45825] INFO  handler.ContextHandler (ContextHandler.java:doStart(921)) - Started o.e.j.w.WebAppContext@faf65ac{scm,/,file:///home/runner/work/ozone/ozone/hadoop-ozone/integration-test/target/test-classes/webapps/scm/,AVAILABLE}{file:/home/runner/work/ozone/ozone/hadoop-ozone/integration-test/target/test-classes/webapps/scm}
2022-11-14 01:04:57,330 [Listener at 0.0.0.0/45825] INFO  server.AbstractConnector (AbstractConnector.java:doStart(333)) - Started ServerConnector@73bbf337{HTTP/1.1, (http/1.1)}{0.0.0.0:36729}
2022-11-14 01:04:57,331 [Listener at 0.0.0.0/45825] INFO  server.Server (Server.java:doStart(415)) - Started @43074ms
2022-11-14 01:04:57,331 [Listener at 0.0.0.0/45825] WARN  impl.MetricsSystemImpl (MetricsSystemImpl.java:register(279)) - Sink prometheus already exists!
2022-11-14 01:04:57,331 [Listener at 0.0.0.0/45825] INFO  http.BaseHttpServer (BaseHttpServer.java:updateConnectorAddress(333)) - HTTP server of scm listening at http://0.0.0.0:36729
2022-11-14 01:04:57,331 [Listener at 0.0.0.0/45825] WARN  server.ServerUtils (ServerUtils.java:getDBPath(225)) - ozone.om.db.dirs is not configured. We recommend adding this setting. Falling back to ozone.metadata.dirs instead.
2022-11-14 01:04:57,333 [Listener at 0.0.0.0/45825] INFO  ha.OMHANodeDetails (OMHANodeDetails.java:loadOMHAConfig(115)) - ozone.om.internal.service.id is not defined, falling back to ozone.om.service.ids to find serviceID for OzoneManager if it is HA enabled cluster
2022-11-14 01:04:57,333 [Listener at 0.0.0.0/45825] INFO  ha.OMHANodeDetails (OMHANodeDetails.java:loadOMHAConfig(226)) - Configuration does not have ozone.om.address set. Falling back to the default OM address /127.0.0.1:0
2022-11-14 01:04:57,333 [Listener at 0.0.0.0/45825] INFO  ha.OMHANodeDetails (OMHANodeDetails.java:getOMNodeDetailsForNonHA(254)) - OM Service ID is not set. Setting it to the default ID: omServiceIdDefault
2022-11-14 01:04:57,333 [Listener at 0.0.0.0/45825] INFO  ha.OMHANodeDetails (OMHANodeDetails.java:getOMNodeDetailsForNonHA(261)) - OM Node ID is not set. Setting it to the default ID: om1
2022-11-14 01:04:57,334 [Listener at 0.0.0.0/45825] WARN  server.ServerUtils (ServerUtils.java:getDBPath(225)) - ozone.om.db.dirs is not configured. We recommend adding this setting. Falling back to ozone.metadata.dirs instead.
2022-11-14 01:04:57,335 [Listener at 0.0.0.0/45825] INFO  upgrade.AbstractLayoutVersionManager (AbstractLayoutVersionManager.java:init(83)) - Initializing Layout version manager with metadata layout = MULTITENANCY_SCHEMA (version = 3), software layout = MULTITENANCY_SCHEMA (version = 3)
2022-11-14 01:04:57,407 [Listener at 0.0.0.0/45825] INFO  reflections.Reflections (Reflections.java:scan(232)) - Reflections took 72 ms to scan 2 urls, producing 154 keys and 428 values [using 2 cores]
2022-11-14 01:04:57,407 [Listener at 0.0.0.0/45825] INFO  upgrade.OMLayoutVersionManager (OMLayoutVersionManager.java:lambda$0(115)) - Skipping Upgrade Action MockOmUpgradeAction since it has been finalized.
2022-11-14 01:04:57,407 [Listener at 0.0.0.0/45825] WARN  server.ServerUtils (ServerUtils.java:getDBPath(225)) - ozone.om.db.dirs is not configured. We recommend adding this setting. Falling back to ozone.metadata.dirs instead.
2022-11-14 01:04:57,408 [Listener at 0.0.0.0/45825] INFO  proxy.SCMBlockLocationFailoverProxyProvider (SCMBlockLocationFailoverProxyProvider.java:<init>(114)) - Created block location fail-over proxy with 1 nodes: [nodeId=scmNodeId,nodeAddress=/0.0.0.0:36131]
2022-11-14 01:04:57,410 [Listener at 0.0.0.0/45825] INFO  proxy.SCMBlockLocationFailoverProxyProvider (SCMBlockLocationFailoverProxyProvider.java:<init>(114)) - Created block location fail-over proxy with 1 nodes: [nodeId=scmNodeId,nodeAddress=/0.0.0.0:36131]
2022-11-14 01:04:57,420 [Listener at 0.0.0.0/45825] WARN  server.ServerUtils (ServerUtils.java:getDBPath(225)) - ozone.om.db.dirs is not configured. We recommend adding this setting. Falling back to ozone.metadata.dirs instead.
2022-11-14 01:04:57,421 [Listener at 0.0.0.0/45825] INFO  codec.OmKeyInfoCodec (OmKeyInfoCodec.java:<init>(49)) - OmKeyInfoCodec ignorePipeline = true
2022-11-14 01:04:57,421 [Listener at 0.0.0.0/45825] INFO  codec.RepeatedOmKeyInfoCodec (RepeatedOmKeyInfoCodec.java:<init>(41)) - RepeatedOmKeyInfoCodec ignorePipeline = true
2022-11-14 01:04:57,574 [Listener at 0.0.0.0/45825] INFO  om.OzoneManager (OzoneManager.java:instantiateServices(715)) - S3 Multi-Tenancy is disabled
2022-11-14 01:04:57,576 [Listener at 0.0.0.0/45825] INFO  om.OzoneManager (OzoneManager.java:addS3GVolumeToDB(4394)) - Created Volume s3v With Owner runner required for S3Gateway operations.
2022-11-14 01:04:57,576 [Listener at 0.0.0.0/45825] WARN  server.ServerUtils (ServerUtils.java:getDefaultRatisDirectory(237)) - Storage directory for Ratis is not configured. It is a good idea to map this to an SSD disk. Falling back to ozone.metadata.dirs
2022-11-14 01:04:57,576 [Listener at 0.0.0.0/45825] WARN  utils.OzoneManagerRatisUtils (OzoneManagerRatisUtils.java:getOMRatisSnapshotDirectory(434)) - ozone.om.ratis.snapshot.dir is not configured. Falling back to ozone.metadata.dirs config
2022-11-14 01:04:57,576 [Listener at 0.0.0.0/45825] WARN  server.ServerUtils (ServerUtils.java:getDefaultRatisDirectory(237)) - Storage directory for Ratis is not configured. It is a good idea to map this to an SSD disk. Falling back to ozone.metadata.dirs
2022-11-14 01:04:57,578 [Listener at 0.0.0.0/45825] INFO  ratis.OzoneManagerRatisServer (OzoneManagerRatisServer.java:<init>(160)) - Instantiating OM Ratis server with groupID: omServiceIdDefault and peers: localhost:9872
2022-11-14 01:04:57,578 [Listener at 0.0.0.0/45825] INFO  ratis.OzoneManagerStateMachine (OzoneManagerStateMachine.java:loadSnapshotInfoFromDB(636)) - LastAppliedIndex is set from TransactionInfo from OM DB as (t:0, i:~)
2022-11-14 01:04:57,578 [Listener at 0.0.0.0/45825] INFO  server.RaftServer (ConfUtils.java:logGet(46)) - raft.rpc.type = GRPC (default)
2022-11-14 01:04:57,579 [Listener at 0.0.0.0/45825] INFO  grpc.GrpcConfigKeys (ConfUtils.java:logFallback(53)) - raft.grpc.admin.host = null (fallback to raft.grpc.server.host)
2022-11-14 01:04:57,579 [Listener at 0.0.0.0/45825] INFO  grpc.GrpcConfigKeys (ConfUtils.java:logFallback(53)) - raft.grpc.admin.port = 9872 (fallback to raft.grpc.server.port)
2022-11-14 01:04:57,579 [Listener at 0.0.0.0/45825] INFO  grpc.GrpcConfigKeys (ConfUtils.java:logFallback(53)) - raft.grpc.client.host = null (fallback to raft.grpc.server.host)
2022-11-14 01:04:57,579 [Listener at 0.0.0.0/45825] INFO  grpc.GrpcConfigKeys (ConfUtils.java:logFallback(53)) - raft.grpc.client.port = 9872 (fallback to raft.grpc.server.port)
2022-11-14 01:04:57,579 [Listener at 0.0.0.0/45825] INFO  grpc.GrpcConfigKeys (ConfUtils.java:logGet(46)) - raft.grpc.server.host = null (default)
2022-11-14 01:04:57,579 [Listener at 0.0.0.0/45825] INFO  grpc.GrpcConfigKeys (ConfUtils.java:logGet(46)) - raft.grpc.server.port = 9872 (custom)
2022-11-14 01:04:57,579 [Listener at 0.0.0.0/45825] INFO  server.GrpcService (ConfUtils.java:logGet(46)) - raft.grpc.message.size.max = 33554432 (custom)
2022-11-14 01:04:57,579 [Listener at 0.0.0.0/45825] INFO  server.RaftServerConfigKeys (ConfUtils.java:logGet(46)) - raft.server.log.appender.buffer.byte-limit = 33554432 (custom)
2022-11-14 01:04:57,580 [Listener at 0.0.0.0/45825] INFO  server.GrpcService (ConfUtils.java:logGet(46)) - raft.grpc.flow.control.window = 1MB (=1048576) (default)
2022-11-14 01:04:57,580 [Listener at 0.0.0.0/45825] INFO  server.RaftServerConfigKeys (ConfUtils.java:logGet(46)) - raft.server.rpc.request.timeout = 3000ms (default)
2022-11-14 01:04:57,580 [Listener at 0.0.0.0/45825] INFO  grpc.GrpcConfigKeys (ConfUtils.java:logGet(46)) - raft.grpc.server.heartbeat.channel = true (default)
2022-11-14 01:04:57,580 [Listener at 0.0.0.0/45825] INFO  grpc.GrpcConfigKeys (ConfUtils.java:logGet(46)) - raft.grpc.server.async.request.thread.pool.cached = true (default)
2022-11-14 01:04:57,580 [Listener at 0.0.0.0/45825] INFO  grpc.GrpcConfigKeys (ConfUtils.java:logGet(46)) - raft.grpc.server.async.request.thread.pool.size = 32 (default)
2022-11-14 01:04:57,581 [Listener at 0.0.0.0/45825] INFO  impl.DataStreamServerImpl (ConfUtils.java:logGet(46)) - raft.datastream.type = DISABLED (default)
2022-11-14 01:04:57,582 [Listener at 0.0.0.0/45825] INFO  server.RaftServerConfigKeys (ConfUtils.java:logGet(46)) - raft.server.threadpool.proxy.cached = true (default)
2022-11-14 01:04:57,582 [Listener at 0.0.0.0/45825] INFO  server.RaftServerConfigKeys (ConfUtils.java:logGet(46)) - raft.server.threadpool.proxy.size = 0 (default)
2022-11-14 01:04:57,582 [Listener at 0.0.0.0/45825] INFO  server.RaftServerConfigKeys (ConfUtils.java:logGet(46)) - raft.server.rpc.slowness.timeout = 120s (custom)
2022-11-14 01:04:57,582 [Listener at 0.0.0.0/45825] INFO  server.RaftServerConfigKeys (ConfUtils.java:logGet(46)) - raft.server.leaderelection.leader.step-down.wait-time = 10s (default)
2022-11-14 01:04:57,582 [Listener at 0.0.0.0/45825] INFO  server.RaftServerConfigKeys (ConfUtils.java:logGet(46)) - raft.server.storage.dir = [/home/runner/work/ozone/ozone/hadoop-ozone/integration-test/target/test-dir/MiniOzoneClusterImpl-42f4391e-4969-4d67-80bf-65b59c0896c5/ozone-meta/ratis] (custom)
2022-11-14 01:04:57,587 [Listener at 0.0.0.0/45825] INFO  server.RaftServer (RaftServerProxy.java:addNew(96)) - om1: addNew group-C5BA1605619E:[om1|rpc:localhost:9872|priority:0|startupRole:FOLLOWER] returns group-C5BA1605619E:java.util.concurrent.CompletableFuture@142d3d01[Not completed]
2022-11-14 01:04:57,587 [Listener at 0.0.0.0/45825] INFO  om.OzoneManager (OzoneManager.java:initializeRatisServer(1977)) - OzoneManager Ratis server initialized at port 9872
2022-11-14 01:04:57,588 [Listener at 0.0.0.0/45825] INFO  om.OzoneManager (OzoneManager.java:getRpcServer(1104)) - Creating RPC Server
2022-11-14 01:04:57,589 [pool-293-thread-1] INFO  server.RaftServer$Division (RaftServerImpl.java:<init>(195)) - om1: new RaftServerImpl for group-C5BA1605619E:[om1|rpc:localhost:9872|priority:0|startupRole:FOLLOWER] with OzoneManagerStateMachine:uninitialized
2022-11-14 01:04:57,589 [pool-293-thread-1] INFO  server.RaftServerConfigKeys (ConfUtils.java:logGet(46)) - raft.server.rpc.timeout.min = 1s (custom)
2022-11-14 01:04:57,589 [pool-293-thread-1] INFO  server.RaftServerConfigKeys (ConfUtils.java:logGet(46)) - raft.server.rpc.timeout.max = 1200ms (custom)
2022-11-14 01:04:57,590 [pool-293-thread-1] INFO  server.RaftServerConfigKeys (ConfUtils.java:logGet(46)) - raft.server.rpc.sleep.time = 25ms (default)
2022-11-14 01:04:57,590 [pool-293-thread-1] INFO  server.RaftServerConfigKeys (ConfUtils.java:logGet(46)) - raft.server.rpc.slowness.timeout = 120s (custom)
2022-11-14 01:04:57,590 [pool-293-thread-1] INFO  server.RaftServerConfigKeys (ConfUtils.java:logGet(46)) - raft.server.leaderelection.leader.step-down.wait-time = 10s (default)
2022-11-14 01:04:57,590 [pool-293-thread-1] INFO  server.RaftServerConfigKeys (ConfUtils.java:logGet(46)) - raft.server.sleep.deviation.threshold = 300ms (default)
2022-11-14 01:04:57,590 [pool-293-thread-1] INFO  server.RaftServer$Division (ServerState.java:<init>(118)) - om1@group-C5BA1605619E: ConfigurationManager, init=-1: peers:[om1|rpc:localhost:9872|priority:0|startupRole:FOLLOWER]|listeners:[], old=null, confs=<EMPTY_MAP>
2022-11-14 01:04:57,590 [pool-293-thread-1] INFO  server.RaftServerConfigKeys (ConfUtils.java:logGet(46)) - raft.server.storage.dir = [/home/runner/work/ozone/ozone/hadoop-ozone/integration-test/target/test-dir/MiniOzoneClusterImpl-42f4391e-4969-4d67-80bf-65b59c0896c5/ozone-meta/ratis] (custom)
2022-11-14 01:04:57,590 [pool-293-thread-1] INFO  server.RaftServerConfigKeys (ConfUtils.java:logGet(46)) - raft.server.log.corruption.policy = EXCEPTION (default)
2022-11-14 01:04:57,590 [pool-293-thread-1] INFO  server.RaftServerConfigKeys (ConfUtils.java:logGet(46)) - raft.server.storage.free-space.min = 0MB (=0) (default)
2022-11-14 01:04:57,590 [pool-293-thread-1] INFO  server.RaftServerConfigKeys (ConfUtils.java:logGet(46)) - raft.server.notification.no-leader.timeout = 120s (custom)
2022-11-14 01:04:57,590 [pool-293-thread-1] INFO  server.RaftServerConfigKeys (ConfUtils.java:logGet(46)) - raft.server.retrycache.expirytime = 300s (custom)
2022-11-14 01:04:57,590 [pool-293-thread-1] INFO  server.RaftServerConfigKeys (ConfUtils.java:logGet(46)) - raft.server.retrycache.statistics.expirytime = 100μs (default)
2022-11-14 01:04:57,591 [pool-293-thread-1] INFO  server.RaftServerConfigKeys (ConfUtils.java:logGet(46)) - raft.server.log.appender.install.snapshot.enabled = false (custom)
2022-11-14 01:04:57,591 [pool-293-thread-1] INFO  server.RaftServerConfigKeys (ConfUtils.java:logGet(46)) - raft.server.threadpool.server.cached = true (default)
2022-11-14 01:04:57,591 [pool-293-thread-1] INFO  server.RaftServerConfigKeys (ConfUtils.java:logGet(46)) - raft.server.threadpool.server.size = 0 (default)
2022-11-14 01:04:57,591 [pool-293-thread-1] INFO  server.RaftServerConfigKeys (ConfUtils.java:logGet(46)) - raft.server.threadpool.client.cached = true (default)
2022-11-14 01:04:57,591 [pool-293-thread-1] INFO  server.RaftServerConfigKeys (ConfUtils.java:logGet(46)) - raft.server.threadpool.client.size = 0 (default)
2022-11-14 01:04:58,048 [Listener at 0.0.0.0/45825] INFO  reflections.Reflections (Reflections.java:scan(232)) - Reflections took 459 ms to scan 19 urls, producing 67 keys and 4329 values [using 2 cores]
2022-11-14 01:04:58,051 [Listener at 0.0.0.0/45825] INFO  ipc.CallQueueManager (CallQueueManager.java:<init>(90)) - Using callQueue: class java.util.concurrent.LinkedBlockingQueue, queueCapacity: 2000, scheduler: class org.apache.hadoop.ipc.DefaultRpcScheduler, ipcBackoff: false.
2022-11-14 01:04:58,052 [Socket Reader #1 for port 0] INFO  ipc.Server (Server.java:run(1273)) - Starting Socket Reader #1 for port 0
2022-11-14 01:04:58,072 [Listener at 127.0.0.1/43447] INFO  impl.MetricsSystemImpl (MetricsSystemImpl.java:init(158)) - OzoneManager metrics system started (again)
2022-11-14 01:04:58,082 [Listener at 127.0.0.1/43447] INFO  om.OzoneManager (OzoneManager.java:start(1484)) - OzoneManager RPC server is listening at localhost/127.0.0.1:43447
2022-11-14 01:04:58,082 [Listener at 127.0.0.1/43447] INFO  ratis.OzoneManagerRatisServer (OzoneManagerRatisServer.java:start(555)) - Starting OzoneManagerRatisServer om1 at port 9872
2022-11-14 01:04:58,083 [om1-impl-thread1] INFO  storage.RaftStorageDirectory (RaftStorageDirectoryImpl.java:analyzeStorage(137)) - The storage directory /home/runner/work/ozone/ozone/hadoop-ozone/integration-test/target/test-dir/MiniOzoneClusterImpl-42f4391e-4969-4d67-80bf-65b59c0896c5/ozone-meta/ratis/bf265839-605b-3f16-9796-c5ba1605619e does not exist. Creating ...
2022-11-14 01:04:58,084 [om1-impl-thread1] INFO  storage.RaftStorageDirectory (RaftStorageDirectoryImpl.java:tryLock(231)) - Lock on /home/runner/work/ozone/ozone/hadoop-ozone/integration-test/target/test-dir/MiniOzoneClusterImpl-42f4391e-4969-4d67-80bf-65b59c0896c5/ozone-meta/ratis/bf265839-605b-3f16-9796-c5ba1605619e/in_use.lock acquired by nodename 11961@fv-az334-552
2022-11-14 01:04:58,085 [om1-impl-thread1] INFO  storage.RaftStorage (RaftStorageImpl.java:format(96)) - Storage directory /home/runner/work/ozone/ozone/hadoop-ozone/integration-test/target/test-dir/MiniOzoneClusterImpl-42f4391e-4969-4d67-80bf-65b59c0896c5/ozone-meta/ratis/bf265839-605b-3f16-9796-c5ba1605619e has been successfully formatted.
2022-11-14 01:04:58,086 [om1-impl-thread1] INFO  server.RaftServerConfigKeys (ConfUtils.java:logGet(46)) - raft.server.log.use.memory = false (default)
2022-11-14 01:04:58,086 [om1-impl-thread1] INFO  server.RaftServerConfigKeys (ConfUtils.java:logGet(46)) - raft.server.log.purge.gap = 1000000 (custom)
2022-11-14 01:04:58,086 [om1-impl-thread1] INFO  server.RaftServerConfigKeys (ConfUtils.java:logGet(46)) - raft.server.log.appender.buffer.byte-limit = 33554432 (custom)
2022-11-14 01:04:58,086 [om1-impl-thread1] INFO  server.RaftServerConfigKeys (ConfUtils.java:logGet(46)) - raft.server.log.statemachine.data.read.timeout = 1000ms (default)
2022-11-14 01:04:58,086 [om1-impl-thread1] INFO  server.RaftServerConfigKeys (ConfUtils.java:logGet(46)) - raft.server.log.purge.preservation.log.num = 0 (default)
2022-11-14 01:04:58,086 [om1-impl-thread1] INFO  server.RaftServerConfigKeys (ConfUtils.java:logGet(46)) - raft.server.log.segment.size.max = 4194304 (custom)
2022-11-14 01:04:58,086 [om1-impl-thread1] INFO  server.RaftServerConfigKeys (ConfUtils.java:logGet(46)) - raft.server.log.segment.cache.num.max = 2 (custom)
2022-11-14 01:04:58,086 [om1-impl-thread1] INFO  server.RaftServerConfigKeys (ConfUtils.java:logGet(46)) - raft.server.log.segment.cache.size.max = 200MB (=209715200) (default)
2022-11-14 01:04:58,086 [om1-impl-thread1] INFO  segmented.SegmentedRaftLogWorker (SegmentedRaftLogWorker.java:<init>(191)) - new om1@group-C5BA1605619E-SegmentedRaftLogWorker for RaftStorageImpl:Storage Directory /home/runner/work/ozone/ozone/hadoop-ozone/integration-test/target/test-dir/MiniOzoneClusterImpl-42f4391e-4969-4d67-80bf-65b59c0896c5/ozone-meta/ratis/bf265839-605b-3f16-9796-c5ba1605619e
2022-11-14 01:04:58,086 [om1-impl-thread1] INFO  server.RaftServerConfigKeys (ConfUtils.java:logGet(46)) - raft.server.log.queue.byte-limit = 64MB (=67108864) (default)
2022-11-14 01:04:58,086 [om1-impl-thread1] INFO  server.RaftServerConfigKeys (ConfUtils.java:logGet(46)) - raft.server.log.queue.element-limit = 4096 (default)
2022-11-14 01:04:58,086 [om1-impl-thread1] INFO  server.RaftServerConfigKeys (ConfUtils.java:logGet(46)) - raft.server.log.segment.size.max = 4194304 (custom)
2022-11-14 01:04:58,086 [om1-impl-thread1] INFO  server.RaftServerConfigKeys (ConfUtils.java:logGet(46)) - raft.server.log.preallocated.size = 4194304 (custom)
2022-11-14 01:04:58,087 [om1-impl-thread1] INFO  server.RaftServerConfigKeys (ConfUtils.java:logGet(46)) - raft.server.log.force.sync.num = 128 (default)
2022-11-14 01:04:58,087 [om1-impl-thread1] INFO  server.RaftServerConfigKeys (ConfUtils.java:logGet(46)) - raft.server.log.statemachine.data.sync = true (default)
2022-11-14 01:04:58,087 [om1-impl-thread1] INFO  server.RaftServerConfigKeys (ConfUtils.java:logGet(46)) - raft.server.log.statemachine.data.sync.timeout = 10s (default)
2022-11-14 01:04:58,087 [om1-impl-thread1] INFO  server.RaftServerConfigKeys (ConfUtils.java:logGet(46)) - raft.server.log.statemachine.data.sync.timeout.retry = -1 (default)
2022-11-14 01:04:58,087 [om1-impl-thread1] INFO  server.RaftServerConfigKeys (ConfUtils.java:logGet(46)) - raft.server.log.write.buffer.size = 64KB (=65536) (default)
2022-11-14 01:04:58,087 [om1-impl-thread1] INFO  server.RaftServerConfigKeys (ConfUtils.java:logGet(46)) - raft.server.log.unsafe-flush.enabled = false (default)
2022-11-14 01:04:58,087 [om1-impl-thread1] INFO  server.RaftServerConfigKeys (ConfUtils.java:logGet(46)) - raft.server.log.async-flush.enabled = false (default)
2022-11-14 01:04:58,087 [om1-impl-thread1] INFO  server.RaftServerConfigKeys (ConfUtils.java:logGet(46)) - raft.server.log.statemachine.data.caching.enabled = false (default)
2022-11-14 01:04:58,088 [om1-impl-thread1] INFO  segmented.SegmentedRaftLogWorker (SegmentedRaftLogWorker.java:lambda$new$0(136)) - om1@group-C5BA1605619E-SegmentedRaftLogWorker: flushIndex: setUnconditionally 0 -> -1
2022-11-14 01:04:58,088 [om1-impl-thread1] INFO  segmented.SegmentedRaftLogWorker (SegmentedRaftLogWorker.java:lambda$new$0(136)) - om1@group-C5BA1605619E-SegmentedRaftLogWorker: safeCacheEvictIndex: setUnconditionally 0 -> -1
2022-11-14 01:04:58,088 [om1-impl-thread1] INFO  server.RaftServer$Division (RaftServerImpl.java:start(334)) - om1@group-C5BA1605619E: start as a follower, conf=-1: peers:[om1|rpc:localhost:9872|priority:0|startupRole:FOLLOWER]|listeners:[], old=null
2022-11-14 01:04:58,088 [om1-impl-thread1] INFO  server.RaftServer$Division (RaftServerImpl.java:setRole(321)) - om1@group-C5BA1605619E: changes role from      null to FOLLOWER at term 0 for startAsFollower
2022-11-14 01:04:58,088 [om1-impl-thread1] INFO  impl.RoleInfo (RoleInfo.java:updateAndGet(139)) - om1: start om1@group-C5BA1605619E-FollowerState
2022-11-14 01:04:58,089 [om1-impl-thread1] INFO  util.JmxRegister (JmxRegister.java:tryRegister(44)) - Successfully registered JMX Bean with object name Ratis:service=RaftServer,group=group-C5BA1605619E,id=om1
2022-11-14 01:04:58,089 [om1-impl-thread1] INFO  server.RaftServerConfigKeys (ConfUtils.java:logGet(46)) - raft.server.snapshot.auto.trigger.enabled = true (custom)
2022-11-14 01:04:58,089 [om1-impl-thread1] INFO  server.RaftServerConfigKeys (ConfUtils.java:logGet(46)) - raft.server.snapshot.auto.trigger.threshold = 400000 (default)
2022-11-14 01:04:58,089 [om1-impl-thread1] INFO  server.RaftServerConfigKeys (ConfUtils.java:logGet(46)) - raft.server.snapshot.retention.file.num = -1 (default)
2022-11-14 01:04:58,089 [om1-impl-thread1] INFO  server.RaftServerConfigKeys (ConfUtils.java:logGet(46)) - raft.server.log.purge.upto.snapshot.index = true (custom)
2022-11-14 01:04:58,090 [Listener at 127.0.0.1/43447] INFO  server.RaftServer (RaftServerProxy.java:startImpl(393)) - om1: start RPC server
2022-11-14 01:04:58,090 [om1@group-C5BA1605619E-FollowerState] INFO  server.RaftServerConfigKeys (ConfUtils.java:logFallback(53)) - raft.server.rpc.first-election.timeout.min = 1s (fallback to raft.server.rpc.timeout.min)
2022-11-14 01:04:58,090 [om1@group-C5BA1605619E-FollowerState] INFO  server.RaftServerConfigKeys (ConfUtils.java:logFallback(53)) - raft.server.rpc.first-election.timeout.max = 1200ms (fallback to raft.server.rpc.timeout.max)
2022-11-14 01:04:58,096 [Listener at 127.0.0.1/43447] INFO  server.GrpcService (GrpcService.java:startImpl(270)) - om1: GrpcService started, listening on 9872
2022-11-14 01:04:58,099 [Listener at 127.0.0.1/43447] INFO  om.OzoneManager (OzoneManager.java:start(1500)) - Version File has different layout version (3) than OM DB (null). That is expected if this OM has never been finalized to a newer layout version.
2022-11-14 01:04:58,099 [JvmPauseMonitor7] INFO  util.JvmPauseMonitor (JvmPauseMonitor.java:run(105)) - JvmPauseMonitor-om1: Started
2022-11-14 01:04:58,104 [Listener at 127.0.0.1/43447] INFO  http.BaseHttpServer (BaseHttpServer.java:newHttpServer2BuilderForOzone(213)) - Starting Web-server for ozoneManager at: http://0.0.0.0:0
2022-11-14 01:04:58,104 [Listener at 127.0.0.1/43447] INFO  http.BaseHttpServer (BaseHttpServer.java:<init>(108)) - Hadoop Security Enabled: false Ozone Security Enabled: false Ozone HTTP Security Enabled: false 
2022-11-14 01:04:58,105 [Listener at 127.0.0.1/43447] WARN  server.AuthenticationFilter (AuthenticationFilter.java:constructSecretProvider(240)) - Unable to initialize FileSignerSecretProvider, falling back to use random secrets. Reason: Could not read signature secret file: /home/runner/hadoop-http-auth-signature-secret
2022-11-14 01:04:58,106 [Listener at 127.0.0.1/43447] WARN  http.HttpRequestLog (HttpRequestLog.java:getRequestLog(103)) - Jetty request log can only be enabled using Log4j
2022-11-14 01:04:58,108 [Listener at 127.0.0.1/43447] INFO  http.HttpServer2 (HttpServer2.java:addGlobalFilter(1031)) - Added global filter 'safety' (class=org.apache.hadoop.hdds.server.http.HttpServer2$QuotingInputFilter)
2022-11-14 01:04:58,109 [Listener at 127.0.0.1/43447] INFO  http.HttpServer2 (HttpServer2.java:addFilter(1007)) - Added filter static_user_filter (class=org.apache.hadoop.http.lib.StaticUserWebFilter$StaticUserFilter) to context ozoneManager
2022-11-14 01:04:58,109 [Listener at 127.0.0.1/43447] INFO  http.HttpServer2 (HttpServer2.java:addFilter(1015)) - Added filter static_user_filter (class=org.apache.hadoop.http.lib.StaticUserWebFilter$StaticUserFilter) to context static
2022-11-14 01:04:58,109 [Listener at 127.0.0.1/43447] INFO  http.HttpServer2 (HttpServer2.java:addFilter(1015)) - Added filter static_user_filter (class=org.apache.hadoop.http.lib.StaticUserWebFilter$StaticUserFilter) to context logs
2022-11-14 01:04:58,110 [Listener at 127.0.0.1/43447] INFO  http.HttpServer2 (HttpServer2.java:bindListener(1250)) - Jetty bound to port 38795
2022-11-14 01:04:58,110 [Listener at 127.0.0.1/43447] INFO  server.Server (Server.java:doStart(375)) - jetty-9.4.49.v20220914; built: 2022-09-14T01:07:36.601Z; git: 4231a3b2e4cb8548a412a789936d640a97b1aa0a; jvm 1.8.0_345-b01
2022-11-14 01:04:58,111 [Listener at 127.0.0.1/43447] INFO  server.session (DefaultSessionIdManager.java:doStart(334)) - DefaultSessionIdManager workerName=node0
2022-11-14 01:04:58,111 [Listener at 127.0.0.1/43447] INFO  server.session (DefaultSessionIdManager.java:doStart(339)) - No SessionScavenger set, using defaults
2022-11-14 01:04:58,112 [Listener at 127.0.0.1/43447] INFO  server.session (HouseKeeper.java:startScavenging(132)) - node0 Scavenging every 660000ms
2022-11-14 01:04:58,113 [Listener at 127.0.0.1/43447] INFO  handler.ContextHandler (ContextHandler.java:doStart(921)) - Started o.e.j.s.ServletContextHandler@2fd78fb{logs,/logs,file:///home/runner/work/ozone/ozone/hadoop-ozone/integration-test/target/log,AVAILABLE}
2022-11-14 01:04:58,113 [Listener at 127.0.0.1/43447] INFO  handler.ContextHandler (ContextHandler.java:doStart(921)) - Started o.e.j.s.ServletContextHandler@7d06a187{static,/static,file:///home/runner/work/ozone/ozone/hadoop-ozone/integration-test/target/test-classes/webapps/static,AVAILABLE}
2022-11-14 01:04:58,116 [Listener at 127.0.0.1/43447] INFO  handler.ContextHandler (ContextHandler.java:doStart(921)) - Started o.e.j.w.WebAppContext@696e03b{ozoneManager,/,file:///home/runner/work/ozone/ozone/hadoop-ozone/integration-test/target/test-classes/webapps/ozoneManager/,AVAILABLE}{file:/home/runner/work/ozone/ozone/hadoop-ozone/integration-test/target/test-classes/webapps/ozoneManager}
2022-11-14 01:04:58,119 [Listener at 127.0.0.1/43447] INFO  server.AbstractConnector (AbstractConnector.java:doStart(333)) - Started ServerConnector@6cea94e0{HTTP/1.1, (http/1.1)}{0.0.0.0:38795}
2022-11-14 01:04:58,119 [Listener at 127.0.0.1/43447] INFO  server.Server (Server.java:doStart(415)) - Started @43862ms
2022-11-14 01:04:58,119 [Listener at 127.0.0.1/43447] WARN  impl.MetricsSystemImpl (MetricsSystemImpl.java:register(279)) - Sink prometheus already exists!
2022-11-14 01:04:58,120 [Listener at 127.0.0.1/43447] INFO  http.BaseHttpServer (BaseHttpServer.java:updateConnectorAddress(333)) - HTTP server of ozoneManager listening at http://0.0.0.0:38795
2022-11-14 01:04:58,120 [IPC Server Responder] INFO  ipc.Server (Server.java:run(1512)) - IPC Server Responder: starting
2022-11-14 01:04:58,120 [IPC Server listener on 0] INFO  ipc.Server (Server.java:run(1352)) - IPC Server listener on 0: starting
2022-11-14 01:04:58,125 [Listener at 127.0.0.1/43447] INFO  om.OzoneManager (OzoneManager.java:startTrashEmptier(1921)) - Trash Interval set to 0. Files deleted won't move to trash
2022-11-14 01:04:58,126 [org.apache.hadoop.util.JvmPauseMonitor$Monitor@306b6231] INFO  util.JvmPauseMonitor (JvmPauseMonitor.java:run(188)) - Starting JVM pause monitor
2022-11-14 01:04:58,135 [Listener at 127.0.0.1/43447] WARN  impl.MetricRegistriesImpl (MetricRegistriesImpl.java:addReporterRegistration(111)) - New reporters are added after registries were created. Some metrics will be missing from the reporter. Please add reporter before adding any new registry.
2022-11-14 01:04:58,135 [Listener at 127.0.0.1/43447] WARN  impl.MetricRegistriesImpl (MetricRegistriesImpl.java:addReporterRegistration(111)) - New reporters are added after registries were created. Some metrics will be missing from the reporter. Please add reporter before adding any new registry.
2022-11-14 01:04:58,135 [Listener at 127.0.0.1/43447] INFO  impl.MetricsSystemImpl (MetricsSystemImpl.java:init(158)) - HddsDatanode metrics system started (again)
2022-11-14 01:04:58,151 [Listener at 127.0.0.1/43447] INFO  ozone.HddsDatanodeService (HddsDatanodeService.java:start(236)) - HddsDatanodeService host:fv-az334-552.zg0gw54pbdoexfhqlmz30d51na.gx.internal.cloudapp.net ip:10.1.0.33
2022-11-14 01:04:58,174 [Listener at 127.0.0.1/43447] INFO  upgrade.AbstractLayoutVersionManager (AbstractLayoutVersionManager.java:init(83)) - Initializing Layout version manager with metadata layout = DATANODE_SCHEMA_V3 (version = 4), software layout = DATANODE_SCHEMA_V3 (version = 4)
2022-11-14 01:04:58,215 [Listener at 127.0.0.1/43447] INFO  reflections.Reflections (Reflections.java:scan(232)) - Reflections took 40 ms to scan 7 urls, producing 139 keys and 336 values 
2022-11-14 01:04:58,216 [Listener at 127.0.0.1/43447] INFO  statemachine.DatanodeStateMachine (DatanodeStateMachine.java:getEndPointTaskThreadPoolSize(245)) - Datanode State Machine Task Thread Pool size 2
2022-11-14 01:04:58,218 [Listener at 127.0.0.1/43447] INFO  volume.HddsVolume (HddsVolume.java:<init>(117)) - Creating HddsVolume: /home/runner/work/ozone/ozone/hadoop-ozone/integration-test/target/test-dir/MiniOzoneClusterImpl-42f4391e-4969-4d67-80bf-65b59c0896c5/datanode-0/data-0/containers/hdds of storage type : DISK capacity : 9223372036854775807
2022-11-14 01:04:58,218 [Listener at 127.0.0.1/43447] INFO  volume.MutableVolumeSet (MutableVolumeSet.java:initializeVolumeSet(174)) - Added Volume : /home/runner/work/ozone/ozone/hadoop-ozone/integration-test/target/test-dir/MiniOzoneClusterImpl-42f4391e-4969-4d67-80bf-65b59c0896c5/datanode-0/data-0/containers/hdds to VolumeSet
2022-11-14 01:04:58,219 [Listener at 127.0.0.1/43447] INFO  volume.ThrottledAsyncChecker (ThrottledAsyncChecker.java:schedule(141)) - Scheduling a check for /home/runner/work/ozone/ozone/hadoop-ozone/integration-test/target/test-dir/MiniOzoneClusterImpl-42f4391e-4969-4d67-80bf-65b59c0896c5/datanode-0/data-0/containers/hdds
2022-11-14 01:04:58,219 [Listener at 127.0.0.1/43447] INFO  volume.StorageVolumeChecker (StorageVolumeChecker.java:checkAllVolumes(202)) - Scheduled health check for volume /home/runner/work/ozone/ozone/hadoop-ozone/integration-test/target/test-dir/MiniOzoneClusterImpl-42f4391e-4969-4d67-80bf-65b59c0896c5/datanode-0/data-0/containers/hdds
2022-11-14 01:04:58,230 [Listener at 127.0.0.1/43447] INFO  volume.MutableVolumeSet (MutableVolumeSet.java:initializeVolumeSet(174)) - Added Volume : /home/runner/work/ozone/ozone/hadoop-ozone/integration-test/target/test-dir/MiniOzoneClusterImpl-42f4391e-4969-4d67-80bf-65b59c0896c5/datanode-0/data/ratis to VolumeSet
2022-11-14 01:04:58,230 [Listener at 127.0.0.1/43447] INFO  volume.ThrottledAsyncChecker (ThrottledAsyncChecker.java:schedule(141)) - Scheduling a check for /home/runner/work/ozone/ozone/hadoop-ozone/integration-test/target/test-dir/MiniOzoneClusterImpl-42f4391e-4969-4d67-80bf-65b59c0896c5/datanode-0/data/ratis
2022-11-14 01:04:58,230 [Listener at 127.0.0.1/43447] INFO  volume.StorageVolumeChecker (StorageVolumeChecker.java:checkAllVolumes(202)) - Scheduled health check for volume /home/runner/work/ozone/ozone/hadoop-ozone/integration-test/target/test-dir/MiniOzoneClusterImpl-42f4391e-4969-4d67-80bf-65b59c0896c5/datanode-0/data/ratis
2022-11-14 01:04:58,241 [Thread-551] INFO  ozoneimpl.ContainerReader (ContainerReader.java:readVolume(175)) - Finish verifying containers on volume /home/runner/work/ozone/ozone/hadoop-ozone/integration-test/target/test-dir/MiniOzoneClusterImpl-42f4391e-4969-4d67-80bf-65b59c0896c5/datanode-0/data-0/containers/hdds
2022-11-14 01:04:58,241 [Listener at 127.0.0.1/43447] INFO  ozoneimpl.OzoneContainer (OzoneContainer.java:buildContainerSet(300)) - Build ContainerSet costs 0s
2022-11-14 01:04:58,243 [Listener at 127.0.0.1/43447] INFO  server.RaftServer (ConfUtils.java:logGet(46)) - raft.rpc.type = GRPC (default)
2022-11-14 01:04:58,243 [Listener at 127.0.0.1/43447] INFO  grpc.GrpcConfigKeys (ConfUtils.java:logFallback(53)) - raft.grpc.admin.host = null (fallback to raft.grpc.server.host)
2022-11-14 01:04:58,243 [Listener at 127.0.0.1/43447] INFO  grpc.GrpcConfigKeys (ConfUtils.java:logGet(46)) - raft.grpc.admin.port = 0 (custom)
2022-11-14 01:04:58,244 [Listener at 127.0.0.1/43447] INFO  grpc.GrpcConfigKeys (ConfUtils.java:logFallback(53)) - raft.grpc.client.host = null (fallback to raft.grpc.server.host)
2022-11-14 01:04:58,244 [Listener at 127.0.0.1/43447] INFO  grpc.GrpcConfigKeys (ConfUtils.java:logGet(46)) - raft.grpc.client.port = 0 (custom)
2022-11-14 01:04:58,244 [Listener at 127.0.0.1/43447] INFO  grpc.GrpcConfigKeys (ConfUtils.java:logGet(46)) - raft.grpc.server.host = null (default)
2022-11-14 01:04:58,244 [Listener at 127.0.0.1/43447] INFO  grpc.GrpcConfigKeys (ConfUtils.java:logGet(46)) - raft.grpc.server.port = 0 (default)
2022-11-14 01:04:58,244 [Listener at 127.0.0.1/43447] INFO  server.GrpcService (ConfUtils.java:logGet(46)) - raft.grpc.message.size.max = 32MB (=33554432) (custom)
2022-11-14 01:04:58,244 [Listener at 127.0.0.1/43447] INFO  server.RaftServerConfigKeys (ConfUtils.java:logGet(46)) - raft.server.log.appender.buffer.byte-limit = 33554432 (custom)
2022-11-14 01:04:58,245 [Listener at 127.0.0.1/43447] INFO  server.GrpcService (ConfUtils.java:logGet(46)) - raft.grpc.flow.control.window = 5MB (=5242880) (custom)
2022-11-14 01:04:58,245 [Listener at 127.0.0.1/43447] INFO  server.RaftServerConfigKeys (ConfUtils.java:logGet(46)) - raft.server.rpc.request.timeout = 60s (custom)
2022-11-14 01:04:58,245 [Listener at 127.0.0.1/43447] INFO  grpc.GrpcConfigKeys (ConfUtils.java:logGet(46)) - raft.grpc.server.heartbeat.channel = true (default)
2022-11-14 01:04:58,245 [Listener at 127.0.0.1/43447] INFO  grpc.GrpcConfigKeys (ConfUtils.java:logGet(46)) - raft.grpc.server.async.request.thread.pool.cached = true (default)
2022-11-14 01:04:58,245 [Listener at 127.0.0.1/43447] INFO  grpc.GrpcConfigKeys (ConfUtils.java:logGet(46)) - raft.grpc.server.async.request.thread.pool.size = 32 (default)
2022-11-14 01:04:58,246 [Listener at 127.0.0.1/43447] INFO  impl.DataStreamServerImpl (ConfUtils.java:logGet(46)) - raft.datastream.type = DISABLED (default)
2022-11-14 01:04:58,246 [Listener at 127.0.0.1/43447] INFO  server.RaftServerConfigKeys (ConfUtils.java:logGet(46)) - raft.server.threadpool.proxy.cached = true (default)
2022-11-14 01:04:58,247 [Listener at 127.0.0.1/43447] INFO  server.RaftServerConfigKeys (ConfUtils.java:logGet(46)) - raft.server.threadpool.proxy.size = 0 (default)
2022-11-14 01:04:58,247 [Listener at 127.0.0.1/43447] INFO  server.RaftServerConfigKeys (ConfUtils.java:logGet(46)) - raft.server.rpc.slowness.timeout = 300s (custom)
2022-11-14 01:04:58,247 [Listener at 127.0.0.1/43447] INFO  server.RaftServerConfigKeys (ConfUtils.java:logGet(46)) - raft.server.leaderelection.leader.step-down.wait-time = 10s (default)
2022-11-14 01:04:58,247 [Listener at 127.0.0.1/43447] INFO  server.RaftServerConfigKeys (ConfUtils.java:logGet(46)) - raft.server.storage.dir = [/home/runner/work/ozone/ozone/hadoop-ozone/integration-test/target/test-dir/MiniOzoneClusterImpl-42f4391e-4969-4d67-80bf-65b59c0896c5/datanode-0/data/ratis] (custom)
2022-11-14 01:04:58,249 [Listener at 127.0.0.1/43447] INFO  server.XceiverServerGrpc (XceiverServerGrpc.java:<init>(132)) - GrpcServer channel type EpollServerSocketChannel
2022-11-14 01:04:58,252 [Listener at 127.0.0.1/43447] INFO  http.BaseHttpServer (BaseHttpServer.java:newHttpServer2BuilderForOzone(213)) - Starting Web-server for hddsDatanode at: http://0.0.0.0:0
2022-11-14 01:04:58,253 [Listener at 127.0.0.1/43447] INFO  http.BaseHttpServer (BaseHttpServer.java:<init>(108)) - Hadoop Security Enabled: false Ozone Security Enabled: false Ozone HTTP Security Enabled: false 
2022-11-14 01:04:58,254 [Listener at 127.0.0.1/43447] WARN  server.AuthenticationFilter (AuthenticationFilter.java:constructSecretProvider(240)) - Unable to initialize FileSignerSecretProvider, falling back to use random secrets. Reason: Could not read signature secret file: /home/runner/hadoop-http-auth-signature-secret
2022-11-14 01:04:58,255 [Listener at 127.0.0.1/43447] WARN  http.HttpRequestLog (HttpRequestLog.java:getRequestLog(103)) - Jetty request log can only be enabled using Log4j
2022-11-14 01:04:58,257 [Listener at 127.0.0.1/43447] INFO  http.HttpServer2 (HttpServer2.java:addGlobalFilter(1031)) - Added global filter 'safety' (class=org.apache.hadoop.hdds.server.http.HttpServer2$QuotingInputFilter)
2022-11-14 01:04:58,257 [Listener at 127.0.0.1/43447] INFO  http.HttpServer2 (HttpServer2.java:addFilter(1007)) - Added filter static_user_filter (class=org.apache.hadoop.http.lib.StaticUserWebFilter$StaticUserFilter) to context hddsDatanode
2022-11-14 01:04:58,257 [Listener at 127.0.0.1/43447] INFO  http.HttpServer2 (HttpServer2.java:addFilter(1015)) - Added filter static_user_filter (class=org.apache.hadoop.http.lib.StaticUserWebFilter$StaticUserFilter) to context logs
2022-11-14 01:04:58,258 [Listener at 127.0.0.1/43447] INFO  http.HttpServer2 (HttpServer2.java:addFilter(1015)) - Added filter static_user_filter (class=org.apache.hadoop.http.lib.StaticUserWebFilter$StaticUserFilter) to context static
2022-11-14 01:04:58,258 [Listener at 127.0.0.1/43447] INFO  http.HttpServer2 (HttpServer2.java:bindListener(1250)) - Jetty bound to port 38463
2022-11-14 01:04:58,258 [Listener at 127.0.0.1/43447] INFO  server.Server (Server.java:doStart(375)) - jetty-9.4.49.v20220914; built: 2022-09-14T01:07:36.601Z; git: 4231a3b2e4cb8548a412a789936d640a97b1aa0a; jvm 1.8.0_345-b01
2022-11-14 01:04:58,263 [Listener at 127.0.0.1/43447] INFO  server.session (DefaultSessionIdManager.java:doStart(334)) - DefaultSessionIdManager workerName=node0
2022-11-14 01:04:58,263 [Listener at 127.0.0.1/43447] INFO  server.session (DefaultSessionIdManager.java:doStart(339)) - No SessionScavenger set, using defaults
2022-11-14 01:04:58,263 [Listener at 127.0.0.1/43447] INFO  server.session (HouseKeeper.java:startScavenging(132)) - node0 Scavenging every 600000ms
2022-11-14 01:04:58,264 [Listener at 127.0.0.1/43447] INFO  handler.ContextHandler (ContextHandler.java:doStart(921)) - Started o.e.j.s.ServletContextHandler@53418cc0{logs,/logs,file:///home/runner/work/ozone/ozone/hadoop-ozone/integration-test/target/log,AVAILABLE}
2022-11-14 01:04:58,264 [Listener at 127.0.0.1/43447] INFO  handler.ContextHandler (ContextHandler.java:doStart(921)) - Started o.e.j.s.ServletContextHandler@4277c363{static,/static,jar:file:/home/runner/.m2/repository/org/apache/ozone/hdds-container-service/1.3.0-SNAPSHOT/hdds-container-service-1.3.0-SNAPSHOT.jar!/webapps/static,AVAILABLE}
2022-11-14 01:04:58,427 [Listener at 127.0.0.1/43447] INFO  handler.ContextHandler (ContextHandler.java:doStart(921)) - Started o.e.j.w.WebAppContext@6d5f9907{hddsDatanode,/,file:///tmp/jetty-0_0_0_0-38463-hdds-container-service-1_3_0-SNAPSHOT_jar-_-any-4608943825784103355/webapp/,AVAILABLE}{jar:file:/home/runner/.m2/repository/org/apache/ozone/hdds-container-service/1.3.0-SNAPSHOT/hdds-container-service-1.3.0-SNAPSHOT.jar!/webapps/hddsDatanode}
2022-11-14 01:04:58,432 [Listener at 127.0.0.1/43447] INFO  server.AbstractConnector (AbstractConnector.java:doStart(333)) - Started ServerConnector@4468f64c{HTTP/1.1, (http/1.1)}{0.0.0.0:38463}
2022-11-14 01:04:58,432 [Listener at 127.0.0.1/43447] INFO  server.Server (Server.java:doStart(415)) - Started @44175ms
2022-11-14 01:04:58,432 [Listener at 127.0.0.1/43447] WARN  impl.MetricsSystemImpl (MetricsSystemImpl.java:register(279)) - Sink prometheus already exists!
2022-11-14 01:04:58,433 [Listener at 127.0.0.1/43447] INFO  http.BaseHttpServer (BaseHttpServer.java:updateConnectorAddress(333)) - HTTP server of hddsDatanode listening at http://0.0.0.0:38463
2022-11-14 01:04:58,433 [Datanode State Machine Daemon Thread] INFO  statemachine.DatanodeStateMachine (DatanodeStateMachine.java:lambda$startDaemon$0(505)) - Ozone container server started.
2022-11-14 01:04:58,437 [Listener at 127.0.0.1/43447] WARN  impl.MetricRegistriesImpl (MetricRegistriesImpl.java:addReporterRegistration(111)) - New reporters are added after registries were created. Some metrics will be missing from the reporter. Please add reporter before adding any new registry.
2022-11-14 01:04:58,437 [Listener at 127.0.0.1/43447] WARN  impl.MetricRegistriesImpl (MetricRegistriesImpl.java:addReporterRegistration(111)) - New reporters are added after registries were created. Some metrics will be missing from the reporter. Please add reporter before adding any new registry.
2022-11-14 01:04:58,437 [Listener at 127.0.0.1/43447] INFO  impl.MetricsSystemImpl (MetricsSystemImpl.java:init(158)) - HddsDatanode metrics system started (again)
2022-11-14 01:04:58,448 [Listener at 127.0.0.1/43447] INFO  ozone.HddsDatanodeService (HddsDatanodeService.java:start(236)) - HddsDatanodeService host:fv-az334-552.zg0gw54pbdoexfhqlmz30d51na.gx.internal.cloudapp.net ip:10.1.0.33
2022-11-14 01:04:58,449 [org.apache.hadoop.util.JvmPauseMonitor$Monitor@63a5b573] INFO  util.JvmPauseMonitor (JvmPauseMonitor.java:run(188)) - Starting JVM pause monitor
2022-11-14 01:04:58,454 [Datanode State Machine Task Thread - 0] INFO  datanode.InitDatanodeState (InitDatanodeState.java:persistContainerDatanodeDetails(138)) - DatanodeDetails is persisted to /home/runner/work/ozone/ozone/hadoop-ozone/integration-test/target/test-dir/MiniOzoneClusterImpl-42f4391e-4969-4d67-80bf-65b59c0896c5/datanode-0/meta/datanode.id
2022-11-14 01:04:58,474 [Listener at 127.0.0.1/43447] INFO  upgrade.AbstractLayoutVersionManager (AbstractLayoutVersionManager.java:init(83)) - Initializing Layout version manager with metadata layout = DATANODE_SCHEMA_V3 (version = 4), software layout = DATANODE_SCHEMA_V3 (version = 4)
2022-11-14 01:04:58,516 [Listener at 127.0.0.1/43447] INFO  reflections.Reflections (Reflections.java:scan(232)) - Reflections took 41 ms to scan 7 urls, producing 139 keys and 336 values 
2022-11-14 01:04:58,517 [Listener at 127.0.0.1/43447] INFO  statemachine.DatanodeStateMachine (DatanodeStateMachine.java:getEndPointTaskThreadPoolSize(245)) - Datanode State Machine Task Thread Pool size 2
2022-11-14 01:04:58,520 [Listener at 127.0.0.1/43447] INFO  volume.HddsVolume (HddsVolume.java:<init>(117)) - Creating HddsVolume: /home/runner/work/ozone/ozone/hadoop-ozone/integration-test/target/test-dir/MiniOzoneClusterImpl-42f4391e-4969-4d67-80bf-65b59c0896c5/datanode-1/data-0/containers/hdds of storage type : DISK capacity : 9223372036854775807
2022-11-14 01:04:58,520 [Listener at 127.0.0.1/43447] INFO  volume.MutableVolumeSet (MutableVolumeSet.java:initializeVolumeSet(174)) - Added Volume : /home/runner/work/ozone/ozone/hadoop-ozone/integration-test/target/test-dir/MiniOzoneClusterImpl-42f4391e-4969-4d67-80bf-65b59c0896c5/datanode-1/data-0/containers/hdds to VolumeSet
2022-11-14 01:04:58,520 [Listener at 127.0.0.1/43447] INFO  volume.ThrottledAsyncChecker (ThrottledAsyncChecker.java:schedule(141)) - Scheduling a check for /home/runner/work/ozone/ozone/hadoop-ozone/integration-test/target/test-dir/MiniOzoneClusterImpl-42f4391e-4969-4d67-80bf-65b59c0896c5/datanode-1/data-0/containers/hdds
2022-11-14 01:04:58,526 [Listener at 127.0.0.1/43447] INFO  volume.StorageVolumeChecker (StorageVolumeChecker.java:checkAllVolumes(202)) - Scheduled health check for volume /home/runner/work/ozone/ozone/hadoop-ozone/integration-test/target/test-dir/MiniOzoneClusterImpl-42f4391e-4969-4d67-80bf-65b59c0896c5/datanode-1/data-0/containers/hdds
2022-11-14 01:04:58,540 [Listener at 127.0.0.1/43447] INFO  volume.MutableVolumeSet (MutableVolumeSet.java:initializeVolumeSet(174)) - Added Volume : /home/runner/work/ozone/ozone/hadoop-ozone/integration-test/target/test-dir/MiniOzoneClusterImpl-42f4391e-4969-4d67-80bf-65b59c0896c5/datanode-1/data/ratis to VolumeSet
2022-11-14 01:04:58,540 [Listener at 127.0.0.1/43447] INFO  volume.ThrottledAsyncChecker (ThrottledAsyncChecker.java:schedule(141)) - Scheduling a check for /home/runner/work/ozone/ozone/hadoop-ozone/integration-test/target/test-dir/MiniOzoneClusterImpl-42f4391e-4969-4d67-80bf-65b59c0896c5/datanode-1/data/ratis
2022-11-14 01:04:58,540 [Listener at 127.0.0.1/43447] INFO  volume.StorageVolumeChecker (StorageVolumeChecker.java:checkAllVolumes(202)) - Scheduled health check for volume /home/runner/work/ozone/ozone/hadoop-ozone/integration-test/target/test-dir/MiniOzoneClusterImpl-42f4391e-4969-4d67-80bf-65b59c0896c5/datanode-1/data/ratis
2022-11-14 01:04:58,551 [Thread-564] INFO  ozoneimpl.ContainerReader (ContainerReader.java:readVolume(175)) - Finish verifying containers on volume /home/runner/work/ozone/ozone/hadoop-ozone/integration-test/target/test-dir/MiniOzoneClusterImpl-42f4391e-4969-4d67-80bf-65b59c0896c5/datanode-1/data-0/containers/hdds
2022-11-14 01:04:58,551 [Listener at 127.0.0.1/43447] INFO  ozoneimpl.OzoneContainer (OzoneContainer.java:buildContainerSet(300)) - Build ContainerSet costs 0s
2022-11-14 01:04:58,554 [Listener at 127.0.0.1/43447] INFO  server.RaftServer (ConfUtils.java:logGet(46)) - raft.rpc.type = GRPC (default)
2022-11-14 01:04:58,554 [Listener at 127.0.0.1/43447] INFO  grpc.GrpcConfigKeys (ConfUtils.java:logFallback(53)) - raft.grpc.admin.host = null (fallback to raft.grpc.server.host)
2022-11-14 01:04:58,555 [Listener at 127.0.0.1/43447] INFO  grpc.GrpcConfigKeys (ConfUtils.java:logGet(46)) - raft.grpc.admin.port = 0 (custom)
2022-11-14 01:04:58,555 [Listener at 127.0.0.1/43447] INFO  grpc.GrpcConfigKeys (ConfUtils.java:logFallback(53)) - raft.grpc.client.host = null (fallback to raft.grpc.server.host)
2022-11-14 01:04:58,555 [Listener at 127.0.0.1/43447] INFO  grpc.GrpcConfigKeys (ConfUtils.java:logGet(46)) - raft.grpc.client.port = 0 (custom)
2022-11-14 01:04:58,555 [Listener at 127.0.0.1/43447] INFO  grpc.GrpcConfigKeys (ConfUtils.java:logGet(46)) - raft.grpc.server.host = null (default)
2022-11-14 01:04:58,555 [Listener at 127.0.0.1/43447] INFO  grpc.GrpcConfigKeys (ConfUtils.java:logGet(46)) - raft.grpc.server.port = 0 (default)
2022-11-14 01:04:58,555 [Listener at 127.0.0.1/43447] INFO  server.GrpcService (ConfUtils.java:logGet(46)) - raft.grpc.message.size.max = 32MB (=33554432) (custom)
2022-11-14 01:04:58,555 [Listener at 127.0.0.1/43447] INFO  server.RaftServerConfigKeys (ConfUtils.java:logGet(46)) - raft.server.log.appender.buffer.byte-limit = 33554432 (custom)
2022-11-14 01:04:58,556 [Listener at 127.0.0.1/43447] INFO  server.GrpcService (ConfUtils.java:logGet(46)) - raft.grpc.flow.control.window = 5MB (=5242880) (custom)
2022-11-14 01:04:58,556 [Listener at 127.0.0.1/43447] INFO  server.RaftServerConfigKeys (ConfUtils.java:logGet(46)) - raft.server.rpc.request.timeout = 60s (custom)
2022-11-14 01:04:58,556 [Listener at 127.0.0.1/43447] INFO  grpc.GrpcConfigKeys (ConfUtils.java:logGet(46)) - raft.grpc.server.heartbeat.channel = true (default)
2022-11-14 01:04:58,556 [Listener at 127.0.0.1/43447] INFO  grpc.GrpcConfigKeys (ConfUtils.java:logGet(46)) - raft.grpc.server.async.request.thread.pool.cached = true (default)
2022-11-14 01:04:58,556 [Listener at 127.0.0.1/43447] INFO  grpc.GrpcConfigKeys (ConfUtils.java:logGet(46)) - raft.grpc.server.async.request.thread.pool.size = 32 (default)
2022-11-14 01:04:58,557 [Listener at 127.0.0.1/43447] INFO  impl.DataStreamServerImpl (ConfUtils.java:logGet(46)) - raft.datastream.type = DISABLED (default)
2022-11-14 01:04:58,557 [Listener at 127.0.0.1/43447] INFO  server.RaftServerConfigKeys (ConfUtils.java:logGet(46)) - raft.server.threadpool.proxy.cached = true (default)
2022-11-14 01:04:58,558 [Listener at 127.0.0.1/43447] INFO  server.RaftServerConfigKeys (ConfUtils.java:logGet(46)) - raft.server.threadpool.proxy.size = 0 (default)
2022-11-14 01:04:58,558 [Listener at 127.0.0.1/43447] INFO  server.RaftServerConfigKeys (ConfUtils.java:logGet(46)) - raft.server.rpc.slowness.timeout = 300s (custom)
2022-11-14 01:04:58,558 [Listener at 127.0.0.1/43447] INFO  server.RaftServerConfigKeys (ConfUtils.java:logGet(46)) - raft.server.leaderelection.leader.step-down.wait-time = 10s (default)
2022-11-14 01:04:58,558 [Listener at 127.0.0.1/43447] INFO  server.RaftServerConfigKeys (ConfUtils.java:logGet(46)) - raft.server.storage.dir = [/home/runner/work/ozone/ozone/hadoop-ozone/integration-test/target/test-dir/MiniOzoneClusterImpl-42f4391e-4969-4d67-80bf-65b59c0896c5/datanode-1/data/ratis] (custom)
2022-11-14 01:04:58,559 [Listener at 127.0.0.1/43447] INFO  server.XceiverServerGrpc (XceiverServerGrpc.java:<init>(132)) - GrpcServer channel type EpollServerSocketChannel
2022-11-14 01:04:58,563 [Listener at 127.0.0.1/43447] INFO  http.BaseHttpServer (BaseHttpServer.java:newHttpServer2BuilderForOzone(213)) - Starting Web-server for hddsDatanode at: http://0.0.0.0:0
2022-11-14 01:04:58,563 [Listener at 127.0.0.1/43447] INFO  http.BaseHttpServer (BaseHttpServer.java:<init>(108)) - Hadoop Security Enabled: false Ozone Security Enabled: false Ozone HTTP Security Enabled: false 
2022-11-14 01:04:58,564 [Listener at 127.0.0.1/43447] WARN  server.AuthenticationFilter (AuthenticationFilter.java:constructSecretProvider(240)) - Unable to initialize FileSignerSecretProvider, falling back to use random secrets. Reason: Could not read signature secret file: /home/runner/hadoop-http-auth-signature-secret
2022-11-14 01:04:58,565 [Listener at 127.0.0.1/43447] WARN  http.HttpRequestLog (HttpRequestLog.java:getRequestLog(103)) - Jetty request log can only be enabled using Log4j
2022-11-14 01:04:58,566 [Listener at 127.0.0.1/43447] INFO  http.HttpServer2 (HttpServer2.java:addGlobalFilter(1031)) - Added global filter 'safety' (class=org.apache.hadoop.hdds.server.http.HttpServer2$QuotingInputFilter)
2022-11-14 01:04:58,567 [Listener at 127.0.0.1/43447] INFO  http.HttpServer2 (HttpServer2.java:addFilter(1007)) - Added filter static_user_filter (class=org.apache.hadoop.http.lib.StaticUserWebFilter$StaticUserFilter) to context hddsDatanode
2022-11-14 01:04:58,567 [Listener at 127.0.0.1/43447] INFO  http.HttpServer2 (HttpServer2.java:addFilter(1015)) - Added filter static_user_filter (class=org.apache.hadoop.http.lib.StaticUserWebFilter$StaticUserFilter) to context static
2022-11-14 01:04:58,568 [Listener at 127.0.0.1/43447] INFO  http.HttpServer2 (HttpServer2.java:addFilter(1015)) - Added filter static_user_filter (class=org.apache.hadoop.http.lib.StaticUserWebFilter$StaticUserFilter) to context logs
2022-11-14 01:04:58,568 [Listener at 127.0.0.1/43447] INFO  http.HttpServer2 (HttpServer2.java:bindListener(1250)) - Jetty bound to port 33279
2022-11-14 01:04:58,568 [Listener at 127.0.0.1/43447] INFO  server.Server (Server.java:doStart(375)) - jetty-9.4.49.v20220914; built: 2022-09-14T01:07:36.601Z; git: 4231a3b2e4cb8548a412a789936d640a97b1aa0a; jvm 1.8.0_345-b01
2022-11-14 01:04:58,570 [Listener at 127.0.0.1/43447] INFO  server.session (DefaultSessionIdManager.java:doStart(334)) - DefaultSessionIdManager workerName=node0
2022-11-14 01:04:58,570 [Listener at 127.0.0.1/43447] INFO  server.session (DefaultSessionIdManager.java:doStart(339)) - No SessionScavenger set, using defaults
2022-11-14 01:04:58,570 [Listener at 127.0.0.1/43447] INFO  server.session (HouseKeeper.java:startScavenging(132)) - node0 Scavenging every 660000ms
2022-11-14 01:04:58,571 [Listener at 127.0.0.1/43447] INFO  handler.ContextHandler (ContextHandler.java:doStart(921)) - Started o.e.j.s.ServletContextHandler@13c65530{logs,/logs,file:///home/runner/work/ozone/ozone/hadoop-ozone/integration-test/target/log,AVAILABLE}
2022-11-14 01:04:58,571 [Listener at 127.0.0.1/43447] INFO  handler.ContextHandler (ContextHandler.java:doStart(921)) - Started o.e.j.s.ServletContextHandler@3e6ded7{static,/static,jar:file:/home/runner/.m2/repository/org/apache/ozone/hdds-container-service/1.3.0-SNAPSHOT/hdds-container-service-1.3.0-SNAPSHOT.jar!/webapps/static,AVAILABLE}
2022-11-14 01:04:58,734 [Listener at 127.0.0.1/43447] INFO  handler.ContextHandler (ContextHandler.java:doStart(921)) - Started o.e.j.w.WebAppContext@87f2a9e{hddsDatanode,/,file:///tmp/jetty-0_0_0_0-33279-hdds-container-service-1_3_0-SNAPSHOT_jar-_-any-4957770749720301151/webapp/,AVAILABLE}{jar:file:/home/runner/.m2/repository/org/apache/ozone/hdds-container-service/1.3.0-SNAPSHOT/hdds-container-service-1.3.0-SNAPSHOT.jar!/webapps/hddsDatanode}
2022-11-14 01:04:58,735 [Listener at 127.0.0.1/43447] INFO  server.AbstractConnector (AbstractConnector.java:doStart(333)) - Started ServerConnector@524f15e9{HTTP/1.1, (http/1.1)}{0.0.0.0:33279}
2022-11-14 01:04:58,736 [Listener at 127.0.0.1/43447] INFO  server.Server (Server.java:doStart(415)) - Started @44479ms
2022-11-14 01:04:58,736 [Listener at 127.0.0.1/43447] WARN  impl.MetricsSystemImpl (MetricsSystemImpl.java:register(279)) - Sink prometheus already exists!
2022-11-14 01:04:58,737 [Listener at 127.0.0.1/43447] INFO  http.BaseHttpServer (BaseHttpServer.java:updateConnectorAddress(333)) - HTTP server of hddsDatanode listening at http://0.0.0.0:33279
2022-11-14 01:04:58,737 [Listener at 127.0.0.1/43447] WARN  impl.MetricRegistriesImpl (MetricRegistriesImpl.java:addReporterRegistration(111)) - New reporters are added after registries were created. Some metrics will be missing from the reporter. Please add reporter before adding any new registry.
2022-11-14 01:04:58,737 [Listener at 127.0.0.1/43447] WARN  impl.MetricRegistriesImpl (MetricRegistriesImpl.java:addReporterRegistration(111)) - New reporters are added after registries were created. Some metrics will be missing from the reporter. Please add reporter before adding any new registry.
2022-11-14 01:04:58,737 [Listener at 127.0.0.1/43447] INFO  impl.MetricsSystemImpl (MetricsSystemImpl.java:init(158)) - HddsDatanode metrics system started (again)
2022-11-14 01:04:58,743 [Datanode State Machine Daemon Thread] INFO  statemachine.DatanodeStateMachine (DatanodeStateMachine.java:lambda$startDaemon$0(505)) - Ozone container server started.
2022-11-14 01:04:58,749 [Listener at 127.0.0.1/43447] INFO  ozone.HddsDatanodeService (HddsDatanodeService.java:start(236)) - HddsDatanodeService host:fv-az334-552.zg0gw54pbdoexfhqlmz30d51na.gx.internal.cloudapp.net ip:10.1.0.33
2022-11-14 01:04:58,751 [org.apache.hadoop.util.JvmPauseMonitor$Monitor@61f5e7c] INFO  util.JvmPauseMonitor (JvmPauseMonitor.java:run(188)) - Starting JVM pause monitor
2022-11-14 01:04:58,770 [Datanode State Machine Task Thread - 0] INFO  datanode.InitDatanodeState (InitDatanodeState.java:persistContainerDatanodeDetails(138)) - DatanodeDetails is persisted to /home/runner/work/ozone/ozone/hadoop-ozone/integration-test/target/test-dir/MiniOzoneClusterImpl-42f4391e-4969-4d67-80bf-65b59c0896c5/datanode-1/meta/datanode.id
2022-11-14 01:04:58,781 [Listener at 127.0.0.1/43447] INFO  upgrade.AbstractLayoutVersionManager (AbstractLayoutVersionManager.java:init(83)) - Initializing Layout version manager with metadata layout = DATANODE_SCHEMA_V3 (version = 4), software layout = DATANODE_SCHEMA_V3 (version = 4)
2022-11-14 01:04:58,826 [Listener at 127.0.0.1/43447] INFO  reflections.Reflections (Reflections.java:scan(232)) - Reflections took 43 ms to scan 7 urls, producing 139 keys and 336 values 
2022-11-14 01:04:58,827 [Listener at 127.0.0.1/43447] INFO  statemachine.DatanodeStateMachine (DatanodeStateMachine.java:getEndPointTaskThreadPoolSize(245)) - Datanode State Machine Task Thread Pool size 2
2022-11-14 01:04:58,829 [Listener at 127.0.0.1/43447] INFO  volume.HddsVolume (HddsVolume.java:<init>(117)) - Creating HddsVolume: /home/runner/work/ozone/ozone/hadoop-ozone/integration-test/target/test-dir/MiniOzoneClusterImpl-42f4391e-4969-4d67-80bf-65b59c0896c5/datanode-2/data-0/containers/hdds of storage type : DISK capacity : 9223372036854775807
2022-11-14 01:04:58,829 [Listener at 127.0.0.1/43447] INFO  volume.MutableVolumeSet (MutableVolumeSet.java:initializeVolumeSet(174)) - Added Volume : /home/runner/work/ozone/ozone/hadoop-ozone/integration-test/target/test-dir/MiniOzoneClusterImpl-42f4391e-4969-4d67-80bf-65b59c0896c5/datanode-2/data-0/containers/hdds to VolumeSet
2022-11-14 01:04:58,829 [Listener at 127.0.0.1/43447] INFO  volume.ThrottledAsyncChecker (ThrottledAsyncChecker.java:schedule(141)) - Scheduling a check for /home/runner/work/ozone/ozone/hadoop-ozone/integration-test/target/test-dir/MiniOzoneClusterImpl-42f4391e-4969-4d67-80bf-65b59c0896c5/datanode-2/data-0/containers/hdds
2022-11-14 01:04:58,830 [Listener at 127.0.0.1/43447] INFO  volume.StorageVolumeChecker (StorageVolumeChecker.java:checkAllVolumes(202)) - Scheduled health check for volume /home/runner/work/ozone/ozone/hadoop-ozone/integration-test/target/test-dir/MiniOzoneClusterImpl-42f4391e-4969-4d67-80bf-65b59c0896c5/datanode-2/data-0/containers/hdds
2022-11-14 01:04:58,841 [Listener at 127.0.0.1/43447] INFO  volume.MutableVolumeSet (MutableVolumeSet.java:initializeVolumeSet(174)) - Added Volume : /home/runner/work/ozone/ozone/hadoop-ozone/integration-test/target/test-dir/MiniOzoneClusterImpl-42f4391e-4969-4d67-80bf-65b59c0896c5/datanode-2/data/ratis to VolumeSet
2022-11-14 01:04:58,841 [Listener at 127.0.0.1/43447] INFO  volume.ThrottledAsyncChecker (ThrottledAsyncChecker.java:schedule(141)) - Scheduling a check for /home/runner/work/ozone/ozone/hadoop-ozone/integration-test/target/test-dir/MiniOzoneClusterImpl-42f4391e-4969-4d67-80bf-65b59c0896c5/datanode-2/data/ratis
2022-11-14 01:04:58,841 [Listener at 127.0.0.1/43447] INFO  volume.StorageVolumeChecker (StorageVolumeChecker.java:checkAllVolumes(202)) - Scheduled health check for volume /home/runner/work/ozone/ozone/hadoop-ozone/integration-test/target/test-dir/MiniOzoneClusterImpl-42f4391e-4969-4d67-80bf-65b59c0896c5/datanode-2/data/ratis
2022-11-14 01:04:58,851 [Thread-577] INFO  ozoneimpl.ContainerReader (ContainerReader.java:readVolume(175)) - Finish verifying containers on volume /home/runner/work/ozone/ozone/hadoop-ozone/integration-test/target/test-dir/MiniOzoneClusterImpl-42f4391e-4969-4d67-80bf-65b59c0896c5/datanode-2/data-0/containers/hdds
2022-11-14 01:04:58,852 [Listener at 127.0.0.1/43447] INFO  ozoneimpl.OzoneContainer (OzoneContainer.java:buildContainerSet(300)) - Build ContainerSet costs 0s
2022-11-14 01:04:58,854 [Listener at 127.0.0.1/43447] INFO  server.RaftServer (ConfUtils.java:logGet(46)) - raft.rpc.type = GRPC (default)
2022-11-14 01:04:58,854 [Listener at 127.0.0.1/43447] INFO  grpc.GrpcConfigKeys (ConfUtils.java:logFallback(53)) - raft.grpc.admin.host = null (fallback to raft.grpc.server.host)
2022-11-14 01:04:58,854 [Listener at 127.0.0.1/43447] INFO  grpc.GrpcConfigKeys (ConfUtils.java:logGet(46)) - raft.grpc.admin.port = 0 (custom)
2022-11-14 01:04:58,854 [Listener at 127.0.0.1/43447] INFO  grpc.GrpcConfigKeys (ConfUtils.java:logFallback(53)) - raft.grpc.client.host = null (fallback to raft.grpc.server.host)
2022-11-14 01:04:58,854 [Listener at 127.0.0.1/43447] INFO  grpc.GrpcConfigKeys (ConfUtils.java:logGet(46)) - raft.grpc.client.port = 0 (custom)
2022-11-14 01:04:58,854 [Listener at 127.0.0.1/43447] INFO  grpc.GrpcConfigKeys (ConfUtils.java:logGet(46)) - raft.grpc.server.host = null (default)
2022-11-14 01:04:58,854 [Listener at 127.0.0.1/43447] INFO  grpc.GrpcConfigKeys (ConfUtils.java:logGet(46)) - raft.grpc.server.port = 0 (default)
2022-11-14 01:04:58,855 [Listener at 127.0.0.1/43447] INFO  server.GrpcService (ConfUtils.java:logGet(46)) - raft.grpc.message.size.max = 32MB (=33554432) (custom)
2022-11-14 01:04:58,855 [Listener at 127.0.0.1/43447] INFO  server.RaftServerConfigKeys (ConfUtils.java:logGet(46)) - raft.server.log.appender.buffer.byte-limit = 33554432 (custom)
2022-11-14 01:04:58,855 [Listener at 127.0.0.1/43447] INFO  server.GrpcService (ConfUtils.java:logGet(46)) - raft.grpc.flow.control.window = 5MB (=5242880) (custom)
2022-11-14 01:04:58,855 [Listener at 127.0.0.1/43447] INFO  server.RaftServerConfigKeys (ConfUtils.java:logGet(46)) - raft.server.rpc.request.timeout = 60s (custom)
2022-11-14 01:04:58,855 [Listener at 127.0.0.1/43447] INFO  grpc.GrpcConfigKeys (ConfUtils.java:logGet(46)) - raft.grpc.server.heartbeat.channel = true (default)
2022-11-14 01:04:58,855 [Listener at 127.0.0.1/43447] INFO  grpc.GrpcConfigKeys (ConfUtils.java:logGet(46)) - raft.grpc.server.async.request.thread.pool.cached = true (default)
2022-11-14 01:04:58,855 [Listener at 127.0.0.1/43447] INFO  grpc.GrpcConfigKeys (ConfUtils.java:logGet(46)) - raft.grpc.server.async.request.thread.pool.size = 32 (default)
2022-11-14 01:04:58,856 [Listener at 127.0.0.1/43447] INFO  impl.DataStreamServerImpl (ConfUtils.java:logGet(46)) - raft.datastream.type = DISABLED (default)
2022-11-14 01:04:58,857 [Listener at 127.0.0.1/43447] INFO  server.RaftServerConfigKeys (ConfUtils.java:logGet(46)) - raft.server.threadpool.proxy.cached = true (default)
2022-11-14 01:04:58,857 [Listener at 127.0.0.1/43447] INFO  server.RaftServerConfigKeys (ConfUtils.java:logGet(46)) - raft.server.threadpool.proxy.size = 0 (default)
2022-11-14 01:04:58,857 [Listener at 127.0.0.1/43447] INFO  server.RaftServerConfigKeys (ConfUtils.java:logGet(46)) - raft.server.rpc.slowness.timeout = 300s (custom)
2022-11-14 01:04:58,857 [Listener at 127.0.0.1/43447] INFO  server.RaftServerConfigKeys (ConfUtils.java:logGet(46)) - raft.server.leaderelection.leader.step-down.wait-time = 10s (default)
2022-11-14 01:04:58,857 [Listener at 127.0.0.1/43447] INFO  server.RaftServerConfigKeys (ConfUtils.java:logGet(46)) - raft.server.storage.dir = [/home/runner/work/ozone/ozone/hadoop-ozone/integration-test/target/test-dir/MiniOzoneClusterImpl-42f4391e-4969-4d67-80bf-65b59c0896c5/datanode-2/data/ratis] (custom)
2022-11-14 01:04:58,859 [Listener at 127.0.0.1/43447] INFO  server.XceiverServerGrpc (XceiverServerGrpc.java:<init>(132)) - GrpcServer channel type EpollServerSocketChannel
2022-11-14 01:04:58,864 [Listener at 127.0.0.1/43447] INFO  http.BaseHttpServer (BaseHttpServer.java:newHttpServer2BuilderForOzone(213)) - Starting Web-server for hddsDatanode at: http://0.0.0.0:0
2022-11-14 01:04:58,864 [Listener at 127.0.0.1/43447] INFO  http.BaseHttpServer (BaseHttpServer.java:<init>(108)) - Hadoop Security Enabled: false Ozone Security Enabled: false Ozone HTTP Security Enabled: false 
2022-11-14 01:04:58,865 [Listener at 127.0.0.1/43447] WARN  server.AuthenticationFilter (AuthenticationFilter.java:constructSecretProvider(240)) - Unable to initialize FileSignerSecretProvider, falling back to use random secrets. Reason: Could not read signature secret file: /home/runner/hadoop-http-auth-signature-secret
2022-11-14 01:04:58,867 [Listener at 127.0.0.1/43447] WARN  http.HttpRequestLog (HttpRequestLog.java:getRequestLog(103)) - Jetty request log can only be enabled using Log4j
2022-11-14 01:04:58,868 [Listener at 127.0.0.1/43447] INFO  http.HttpServer2 (HttpServer2.java:addGlobalFilter(1031)) - Added global filter 'safety' (class=org.apache.hadoop.hdds.server.http.HttpServer2$QuotingInputFilter)
2022-11-14 01:04:58,869 [Listener at 127.0.0.1/43447] INFO  http.HttpServer2 (HttpServer2.java:addFilter(1007)) - Added filter static_user_filter (class=org.apache.hadoop.http.lib.StaticUserWebFilter$StaticUserFilter) to context hddsDatanode
2022-11-14 01:04:58,869 [Listener at 127.0.0.1/43447] INFO  http.HttpServer2 (HttpServer2.java:addFilter(1015)) - Added filter static_user_filter (class=org.apache.hadoop.http.lib.StaticUserWebFilter$StaticUserFilter) to context static
2022-11-14 01:04:58,869 [Listener at 127.0.0.1/43447] INFO  http.HttpServer2 (HttpServer2.java:addFilter(1015)) - Added filter static_user_filter (class=org.apache.hadoop.http.lib.StaticUserWebFilter$StaticUserFilter) to context logs
2022-11-14 01:04:58,870 [Listener at 127.0.0.1/43447] INFO  http.HttpServer2 (HttpServer2.java:bindListener(1250)) - Jetty bound to port 42623
2022-11-14 01:04:58,870 [Listener at 127.0.0.1/43447] INFO  server.Server (Server.java:doStart(375)) - jetty-9.4.49.v20220914; built: 2022-09-14T01:07:36.601Z; git: 4231a3b2e4cb8548a412a789936d640a97b1aa0a; jvm 1.8.0_345-b01
2022-11-14 01:04:58,894 [Listener at 127.0.0.1/43447] INFO  server.session (DefaultSessionIdManager.java:doStart(334)) - DefaultSessionIdManager workerName=node0
2022-11-14 01:04:58,894 [Listener at 127.0.0.1/43447] INFO  server.session (DefaultSessionIdManager.java:doStart(339)) - No SessionScavenger set, using defaults
2022-11-14 01:04:58,894 [Listener at 127.0.0.1/43447] INFO  server.session (HouseKeeper.java:startScavenging(132)) - node0 Scavenging every 660000ms
2022-11-14 01:04:58,895 [Listener at 127.0.0.1/43447] INFO  handler.ContextHandler (ContextHandler.java:doStart(921)) - Started o.e.j.s.ServletContextHandler@cd7c71d{logs,/logs,file:///home/runner/work/ozone/ozone/hadoop-ozone/integration-test/target/log,AVAILABLE}
2022-11-14 01:04:58,896 [Listener at 127.0.0.1/43447] INFO  handler.ContextHandler (ContextHandler.java:doStart(921)) - Started o.e.j.s.ServletContextHandler@2ccb0929{static,/static,jar:file:/home/runner/.m2/repository/org/apache/ozone/hdds-container-service/1.3.0-SNAPSHOT/hdds-container-service-1.3.0-SNAPSHOT.jar!/webapps/static,AVAILABLE}
2022-11-14 01:04:59,058 [Listener at 127.0.0.1/43447] INFO  handler.ContextHandler (ContextHandler.java:doStart(921)) - Started o.e.j.w.WebAppContext@1ec22335{hddsDatanode,/,file:///tmp/jetty-0_0_0_0-42623-hdds-container-service-1_3_0-SNAPSHOT_jar-_-any-3487307306366442416/webapp/,AVAILABLE}{jar:file:/home/runner/.m2/repository/org/apache/ozone/hdds-container-service/1.3.0-SNAPSHOT/hdds-container-service-1.3.0-SNAPSHOT.jar!/webapps/hddsDatanode}
2022-11-14 01:04:59,062 [Listener at 127.0.0.1/43447] INFO  server.AbstractConnector (AbstractConnector.java:doStart(333)) - Started ServerConnector@45c21bc8{HTTP/1.1, (http/1.1)}{0.0.0.0:42623}
2022-11-14 01:04:59,062 [Listener at 127.0.0.1/43447] INFO  server.Server (Server.java:doStart(415)) - Started @44806ms
2022-11-14 01:04:59,063 [Listener at 127.0.0.1/43447] WARN  impl.MetricsSystemImpl (MetricsSystemImpl.java:register(279)) - Sink prometheus already exists!
2022-11-14 01:04:59,063 [Listener at 127.0.0.1/43447] INFO  http.BaseHttpServer (BaseHttpServer.java:updateConnectorAddress(333)) - HTTP server of hddsDatanode listening at http://0.0.0.0:42623
2022-11-14 01:04:59,064 [Datanode State Machine Daemon Thread] INFO  statemachine.DatanodeStateMachine (DatanodeStateMachine.java:lambda$startDaemon$0(505)) - Ozone container server started.
2022-11-14 01:04:59,068 [Listener at 127.0.0.1/43447] INFO  ozone.MiniOzoneClusterImpl (MiniOzoneClusterImpl.java:lambda$waitForClusterToBeReady$0(216)) - Waiting for nodes to be ready. Got 0 of 3 DN Heartbeats.
2022-11-14 01:04:59,068 [Listener at 127.0.0.1/43447] INFO  ozone.MiniOzoneClusterImpl (MiniOzoneClusterImpl.java:lambda$waitForClusterToBeReady$0(219)) - Waiting for cluster to exit safe mode
2022-11-14 01:04:59,068 [Listener at 127.0.0.1/43447] INFO  ozone.MiniOzoneClusterImpl (MiniOzoneClusterImpl.java:lambda$waitForClusterToBeReady$0(221)) - SCM became leader
2022-11-14 01:04:59,069 [org.apache.hadoop.util.JvmPauseMonitor$Monitor@7573bb19] INFO  util.JvmPauseMonitor (JvmPauseMonitor.java:run(188)) - Starting JVM pause monitor
2022-11-14 01:04:59,070 [Datanode State Machine Task Thread - 0] INFO  datanode.InitDatanodeState (InitDatanodeState.java:persistContainerDatanodeDetails(138)) - DatanodeDetails is persisted to /home/runner/work/ozone/ozone/hadoop-ozone/integration-test/target/test-dir/MiniOzoneClusterImpl-42f4391e-4969-4d67-80bf-65b59c0896c5/datanode-2/meta/datanode.id
2022-11-14 01:04:59,200 [om1@group-C5BA1605619E-FollowerState] INFO  impl.FollowerState (FollowerState.java:run(143)) - om1@group-C5BA1605619E-FollowerState: change to CANDIDATE, lastRpcElapsedTime:1111614379ns, electionTimeout:1109ms
2022-11-14 01:04:59,200 [om1@group-C5BA1605619E-FollowerState] INFO  impl.RoleInfo (RoleInfo.java:shutdownFollowerState(110)) - om1: shutdown om1@group-C5BA1605619E-FollowerState
2022-11-14 01:04:59,200 [om1@group-C5BA1605619E-FollowerState] INFO  server.RaftServer$Division (RaftServerImpl.java:setRole(321)) - om1@group-C5BA1605619E: changes role from  FOLLOWER to CANDIDATE at term 0 for changeToCandidate
2022-11-14 01:04:59,200 [om1@group-C5BA1605619E-FollowerState] INFO  server.RaftServerConfigKeys (ConfUtils.java:logGet(46)) - raft.server.leaderelection.pre-vote = false (custom)
2022-11-14 01:04:59,200 [om1@group-C5BA1605619E-FollowerState] INFO  impl.RoleInfo (RoleInfo.java:updateAndGet(139)) - om1: start om1@group-C5BA1605619E-LeaderElection21
2022-11-14 01:04:59,204 [om1@group-C5BA1605619E-LeaderElection21] INFO  impl.LeaderElection (LeaderElection.java:askForVotes(312)) - om1@group-C5BA1605619E-LeaderElection21 ELECTION round 0: submit vote requests at term 1 for -1: peers:[om1|rpc:localhost:9872|priority:0|startupRole:FOLLOWER]|listeners:[], old=null
2022-11-14 01:04:59,204 [om1@group-C5BA1605619E-LeaderElection21] INFO  impl.LeaderElection (LeaderElection.java:askForVotes(314)) - om1@group-C5BA1605619E-LeaderElection21 ELECTION round 0: result PASSED (term=1)
2022-11-14 01:04:59,204 [om1@group-C5BA1605619E-LeaderElection21] INFO  impl.RoleInfo (RoleInfo.java:shutdownLeaderElection(130)) - om1: shutdown om1@group-C5BA1605619E-LeaderElection21
2022-11-14 01:04:59,204 [om1@group-C5BA1605619E-LeaderElection21] INFO  server.RaftServer$Division (RaftServerImpl.java:setRole(321)) - om1@group-C5BA1605619E: changes role from CANDIDATE to LEADER at term 1 for changeToLeader
2022-11-14 01:04:59,204 [om1@group-C5BA1605619E-LeaderElection21] INFO  server.RaftServer$Division (ServerState.java:setLeader(313)) - om1@group-C5BA1605619E: change Leader from null to om1 at term 1 for becomeLeader, leader elected after 1614ms
2022-11-14 01:04:59,204 [om1@group-C5BA1605619E-LeaderElection21] INFO  server.RaftServerConfigKeys (ConfUtils.java:logGet(46)) - raft.server.staging.catchup.gap = 1000 (default)
2022-11-14 01:04:59,205 [om1@group-C5BA1605619E-LeaderElection21] INFO  server.RaftServerConfigKeys (ConfUtils.java:logGet(46)) - raft.server.write.element-limit = 4096 (default)
2022-11-14 01:04:59,205 [om1@group-C5BA1605619E-LeaderElection21] INFO  server.RaftServerConfigKeys (ConfUtils.java:logGet(46)) - raft.server.write.byte-limit = 64MB (=67108864) (default)
2022-11-14 01:04:59,205 [om1@group-C5BA1605619E-LeaderElection21] INFO  server.RaftServerConfigKeys (ConfUtils.java:logGet(46)) - raft.server.watch.timeout = 10s (default)
2022-11-14 01:04:59,205 [om1@group-C5BA1605619E-LeaderElection21] INFO  server.RaftServerConfigKeys (ConfUtils.java:logGet(46)) - raft.server.watch.timeout.denomination = 1s (default)
2022-11-14 01:04:59,205 [om1@group-C5BA1605619E-LeaderElection21] INFO  server.RaftServerConfigKeys (ConfUtils.java:logGet(46)) - raft.server.watch.element-limit = 65536 (default)
2022-11-14 01:04:59,205 [om1@group-C5BA1605619E-LeaderElection21] INFO  server.RaftServerConfigKeys (ConfUtils.java:logGet(46)) - raft.server.write.element-limit = 4096 (default)
2022-11-14 01:04:59,205 [om1@group-C5BA1605619E-LeaderElection21] INFO  server.RaftServerConfigKeys (ConfUtils.java:logGet(46)) - raft.server.write.follower.gap.ratio.max = -1.0 (default)
2022-11-14 01:04:59,205 [om1@group-C5BA1605619E-LeaderElection21] INFO  impl.RoleInfo (RoleInfo.java:updateAndGet(139)) - om1: start om1@group-C5BA1605619E-LeaderStateImpl
2022-11-14 01:04:59,206 [om1@group-C5BA1605619E-LeaderElection21] INFO  segmented.SegmentedRaftLogWorker (SegmentedRaftLogWorker.java:startLogSegment(452)) - om1@group-C5BA1605619E-SegmentedRaftLogWorker: Starting segment from index:0
2022-11-14 01:04:59,211 [om1@group-C5BA1605619E-LeaderElection21] INFO  server.RaftServer$Division (ServerState.java:setRaftConf(430)) - om1@group-C5BA1605619E: set configuration 0: peers:[om1|rpc:localhost:9872|admin:|client:|dataStream:|priority:0|startupRole:FOLLOWER]|listeners:[], old=null
2022-11-14 01:04:59,219 [om1@group-C5BA1605619E-SegmentedRaftLogWorker] INFO  segmented.SegmentedRaftLogWorker (SegmentedRaftLogWorker.java:execute(656)) - om1@group-C5BA1605619E-SegmentedRaftLogWorker: created new log segment /home/runner/work/ozone/ozone/hadoop-ozone/integration-test/target/test-dir/MiniOzoneClusterImpl-42f4391e-4969-4d67-80bf-65b59c0896c5/ozone-meta/ratis/bf265839-605b-3f16-9796-c5ba1605619e/current/log_inprogress_0
2022-11-14 01:04:59,220 [om1@group-C5BA1605619E-StateMachineUpdater] INFO  ratis.OzoneManagerStateMachine (OzoneManagerStateMachine.java:notifyConfigurationChanged(192)) - Received Configuration change notification from Ratis. New Peer list:
[id: "om1"
address: "localhost:9872"
startupRole: FOLLOWER
]
2022-11-14 01:05:00,068 [Listener at 127.0.0.1/43447] INFO  ozone.MiniOzoneClusterImpl (MiniOzoneClusterImpl.java:lambda$waitForClusterToBeReady$0(216)) - Waiting for nodes to be ready. Got 0 of 3 DN Heartbeats.
2022-11-14 01:05:00,069 [Listener at 127.0.0.1/43447] INFO  ozone.MiniOzoneClusterImpl (MiniOzoneClusterImpl.java:lambda$waitForClusterToBeReady$0(219)) - Waiting for cluster to exit safe mode
2022-11-14 01:05:00,069 [Listener at 127.0.0.1/43447] INFO  ozone.MiniOzoneClusterImpl (MiniOzoneClusterImpl.java:lambda$waitForClusterToBeReady$0(221)) - SCM became leader
2022-11-14 01:05:00,486 [EndpointStateMachine task thread for /0.0.0.0:33403 - 0 ] INFO  utils.DatanodeStoreCache (DatanodeStoreCache.java:addDB(58)) - Added db /home/runner/work/ozone/ozone/hadoop-ozone/integration-test/target/test-dir/MiniOzoneClusterImpl-42f4391e-4969-4d67-80bf-65b59c0896c5/datanode-0/data-0/containers/hdds/42f4391e-4969-4d67-80bf-65b59c0896c5/DS-aa052301-2904-4420-ab72-616273fe83de/container.db to cache
2022-11-14 01:05:00,486 [EndpointStateMachine task thread for /0.0.0.0:33403 - 0 ] INFO  volume.HddsVolume (HddsVolume.java:createDbStore(307)) - SchemaV3 db is created and loaded at /home/runner/work/ozone/ozone/hadoop-ozone/integration-test/target/test-dir/MiniOzoneClusterImpl-42f4391e-4969-4d67-80bf-65b59c0896c5/datanode-0/data-0/containers/hdds/42f4391e-4969-4d67-80bf-65b59c0896c5/DS-aa052301-2904-4420-ab72-616273fe83de/container.db for volume DS-aa052301-2904-4420-ab72-616273fe83de
2022-11-14 01:05:00,487 [EndpointStateMachine task thread for /0.0.0.0:33403 - 0 ] INFO  ozoneimpl.OzoneContainer (OzoneContainer.java:start(378)) - Attempting to start container services.
2022-11-14 01:05:00,487 [EndpointStateMachine task thread for /0.0.0.0:33403 - 0 ] INFO  ozoneimpl.OzoneContainer (OzoneContainer.java:startContainerScrub(313)) - Background container scanner has been disabled.
2022-11-14 01:05:00,490 [EndpointStateMachine task thread for /0.0.0.0:33403 - 0 ] INFO  replication.ReplicationServer (ReplicationServer.java:start(111)) - ReplicationServer is started using port 38551
2022-11-14 01:05:00,491 [EndpointStateMachine task thread for /0.0.0.0:33403 - 0 ] INFO  ratis.XceiverServerRatis (XceiverServerRatis.java:start(481)) - Starting XceiverServerRatis 64f2a322-bab2-49a6-bf14-d21796863fbb
2022-11-14 01:05:00,491 [EndpointStateMachine task thread for /0.0.0.0:33403 - 0 ] INFO  server.RaftServer (RaftServerProxy.java:startImpl(393)) - 64f2a322-bab2-49a6-bf14-d21796863fbb: start RPC server
2022-11-14 01:05:00,492 [EndpointStateMachine task thread for /0.0.0.0:33403 - 0 ] INFO  server.GrpcService (GrpcService.java:startImpl(270)) - 64f2a322-bab2-49a6-bf14-d21796863fbb: GrpcService started, listening on 36135
2022-11-14 01:05:00,493 [EndpointStateMachine task thread for /0.0.0.0:33403 - 0 ] INFO  ratis.XceiverServerRatis (XceiverServerRatis.java:getRealPort(502)) - XceiverServerRatis 64f2a322-bab2-49a6-bf14-d21796863fbb is started using port 36135 for RATIS
2022-11-14 01:05:00,493 [EndpointStateMachine task thread for /0.0.0.0:33403 - 0 ] INFO  ratis.XceiverServerRatis (XceiverServerRatis.java:getRealPort(502)) - XceiverServerRatis 64f2a322-bab2-49a6-bf14-d21796863fbb is started using port 36135 for RATIS_ADMIN
2022-11-14 01:05:00,493 [JvmPauseMonitor8] INFO  util.JvmPauseMonitor (JvmPauseMonitor.java:run(105)) - JvmPauseMonitor-64f2a322-bab2-49a6-bf14-d21796863fbb: Started
2022-11-14 01:05:00,493 [EndpointStateMachine task thread for /0.0.0.0:33403 - 0 ] INFO  ratis.XceiverServerRatis (XceiverServerRatis.java:getRealPort(502)) - XceiverServerRatis 64f2a322-bab2-49a6-bf14-d21796863fbb is started using port 36135 for RATIS_SERVER
2022-11-14 01:05:00,495 [EndpointStateMachine task thread for /0.0.0.0:33403 - 0 ] INFO  server.XceiverServerGrpc (XceiverServerGrpc.java:start(180)) - XceiverServerGrpc 64f2a322-bab2-49a6-bf14-d21796863fbb is started using port 41099
2022-11-14 01:05:00,792 [EndpointStateMachine task thread for /0.0.0.0:33403 - 0 ] INFO  utils.DatanodeStoreCache (DatanodeStoreCache.java:addDB(58)) - Added db /home/runner/work/ozone/ozone/hadoop-ozone/integration-test/target/test-dir/MiniOzoneClusterImpl-42f4391e-4969-4d67-80bf-65b59c0896c5/datanode-1/data-0/containers/hdds/42f4391e-4969-4d67-80bf-65b59c0896c5/DS-4928040c-0d7a-4d70-8d7e-316f20ed8f82/container.db to cache
2022-11-14 01:05:00,792 [EndpointStateMachine task thread for /0.0.0.0:33403 - 0 ] INFO  volume.HddsVolume (HddsVolume.java:createDbStore(307)) - SchemaV3 db is created and loaded at /home/runner/work/ozone/ozone/hadoop-ozone/integration-test/target/test-dir/MiniOzoneClusterImpl-42f4391e-4969-4d67-80bf-65b59c0896c5/datanode-1/data-0/containers/hdds/42f4391e-4969-4d67-80bf-65b59c0896c5/DS-4928040c-0d7a-4d70-8d7e-316f20ed8f82/container.db for volume DS-4928040c-0d7a-4d70-8d7e-316f20ed8f82
2022-11-14 01:05:00,792 [EndpointStateMachine task thread for /0.0.0.0:33403 - 0 ] INFO  ozoneimpl.OzoneContainer (OzoneContainer.java:start(378)) - Attempting to start container services.
2022-11-14 01:05:00,792 [EndpointStateMachine task thread for /0.0.0.0:33403 - 0 ] INFO  ozoneimpl.OzoneContainer (OzoneContainer.java:startContainerScrub(313)) - Background container scanner has been disabled.
2022-11-14 01:05:00,794 [EndpointStateMachine task thread for /0.0.0.0:33403 - 0 ] INFO  replication.ReplicationServer (ReplicationServer.java:start(111)) - ReplicationServer is started using port 44481
2022-11-14 01:05:00,794 [EndpointStateMachine task thread for /0.0.0.0:33403 - 0 ] INFO  ratis.XceiverServerRatis (XceiverServerRatis.java:start(481)) - Starting XceiverServerRatis 6d7210a4-52ae-4f69-8b98-4fa3950c6b17
2022-11-14 01:05:00,795 [EndpointStateMachine task thread for /0.0.0.0:33403 - 0 ] INFO  server.RaftServer (RaftServerProxy.java:startImpl(393)) - 6d7210a4-52ae-4f69-8b98-4fa3950c6b17: start RPC server
2022-11-14 01:05:00,796 [EndpointStateMachine task thread for /0.0.0.0:33403 - 0 ] INFO  server.GrpcService (GrpcService.java:startImpl(270)) - 6d7210a4-52ae-4f69-8b98-4fa3950c6b17: GrpcService started, listening on 42253
2022-11-14 01:05:00,796 [EndpointStateMachine task thread for /0.0.0.0:33403 - 0 ] INFO  ratis.XceiverServerRatis (XceiverServerRatis.java:getRealPort(502)) - XceiverServerRatis 6d7210a4-52ae-4f69-8b98-4fa3950c6b17 is started using port 42253 for RATIS
2022-11-14 01:05:00,797 [EndpointStateMachine task thread for /0.0.0.0:33403 - 0 ] INFO  ratis.XceiverServerRatis (XceiverServerRatis.java:getRealPort(502)) - XceiverServerRatis 6d7210a4-52ae-4f69-8b98-4fa3950c6b17 is started using port 42253 for RATIS_ADMIN
2022-11-14 01:05:00,797 [JvmPauseMonitor9] INFO  util.JvmPauseMonitor (JvmPauseMonitor.java:run(105)) - JvmPauseMonitor-6d7210a4-52ae-4f69-8b98-4fa3950c6b17: Started
2022-11-14 01:05:00,797 [EndpointStateMachine task thread for /0.0.0.0:33403 - 0 ] INFO  ratis.XceiverServerRatis (XceiverServerRatis.java:getRealPort(502)) - XceiverServerRatis 6d7210a4-52ae-4f69-8b98-4fa3950c6b17 is started using port 42253 for RATIS_SERVER
2022-11-14 01:05:00,799 [EndpointStateMachine task thread for /0.0.0.0:33403 - 0 ] INFO  server.XceiverServerGrpc (XceiverServerGrpc.java:start(180)) - XceiverServerGrpc 6d7210a4-52ae-4f69-8b98-4fa3950c6b17 is started using port 40617
2022-11-14 01:05:01,069 [Listener at 127.0.0.1/43447] INFO  ozone.MiniOzoneClusterImpl (MiniOzoneClusterImpl.java:lambda$waitForClusterToBeReady$0(216)) - Waiting for nodes to be ready. Got 0 of 3 DN Heartbeats.
2022-11-14 01:05:01,069 [Listener at 127.0.0.1/43447] INFO  ozone.MiniOzoneClusterImpl (MiniOzoneClusterImpl.java:lambda$waitForClusterToBeReady$0(219)) - Waiting for cluster to exit safe mode
2022-11-14 01:05:01,070 [Listener at 127.0.0.1/43447] INFO  ozone.MiniOzoneClusterImpl (MiniOzoneClusterImpl.java:lambda$waitForClusterToBeReady$0(221)) - SCM became leader
2022-11-14 01:05:01,104 [EndpointStateMachine task thread for /0.0.0.0:33403 - 0 ] INFO  utils.DatanodeStoreCache (DatanodeStoreCache.java:addDB(58)) - Added db /home/runner/work/ozone/ozone/hadoop-ozone/integration-test/target/test-dir/MiniOzoneClusterImpl-42f4391e-4969-4d67-80bf-65b59c0896c5/datanode-2/data-0/containers/hdds/42f4391e-4969-4d67-80bf-65b59c0896c5/DS-f2794053-a537-4f61-a2b5-e645aefa139b/container.db to cache
2022-11-14 01:05:01,104 [EndpointStateMachine task thread for /0.0.0.0:33403 - 0 ] INFO  volume.HddsVolume (HddsVolume.java:createDbStore(307)) - SchemaV3 db is created and loaded at /home/runner/work/ozone/ozone/hadoop-ozone/integration-test/target/test-dir/MiniOzoneClusterImpl-42f4391e-4969-4d67-80bf-65b59c0896c5/datanode-2/data-0/containers/hdds/42f4391e-4969-4d67-80bf-65b59c0896c5/DS-f2794053-a537-4f61-a2b5-e645aefa139b/container.db for volume DS-f2794053-a537-4f61-a2b5-e645aefa139b
2022-11-14 01:05:01,104 [EndpointStateMachine task thread for /0.0.0.0:33403 - 0 ] INFO  ozoneimpl.OzoneContainer (OzoneContainer.java:start(378)) - Attempting to start container services.
2022-11-14 01:05:01,105 [EndpointStateMachine task thread for /0.0.0.0:33403 - 0 ] INFO  ozoneimpl.OzoneContainer (OzoneContainer.java:startContainerScrub(313)) - Background container scanner has been disabled.
2022-11-14 01:05:01,106 [EndpointStateMachine task thread for /0.0.0.0:33403 - 0 ] INFO  replication.ReplicationServer (ReplicationServer.java:start(111)) - ReplicationServer is started using port 46811
2022-11-14 01:05:01,107 [EndpointStateMachine task thread for /0.0.0.0:33403 - 0 ] INFO  ratis.XceiverServerRatis (XceiverServerRatis.java:start(481)) - Starting XceiverServerRatis 3ebe5f2d-7fe4-4d1b-9835-0749a91ddd88
2022-11-14 01:05:01,107 [EndpointStateMachine task thread for /0.0.0.0:33403 - 0 ] INFO  server.RaftServer (RaftServerProxy.java:startImpl(393)) - 3ebe5f2d-7fe4-4d1b-9835-0749a91ddd88: start RPC server
2022-11-14 01:05:01,109 [EndpointStateMachine task thread for /0.0.0.0:33403 - 0 ] INFO  server.GrpcService (GrpcService.java:startImpl(270)) - 3ebe5f2d-7fe4-4d1b-9835-0749a91ddd88: GrpcService started, listening on 36307
2022-11-14 01:05:01,109 [EndpointStateMachine task thread for /0.0.0.0:33403 - 0 ] INFO  ratis.XceiverServerRatis (XceiverServerRatis.java:getRealPort(502)) - XceiverServerRatis 3ebe5f2d-7fe4-4d1b-9835-0749a91ddd88 is started using port 36307 for RATIS
2022-11-14 01:05:01,109 [EndpointStateMachine task thread for /0.0.0.0:33403 - 0 ] INFO  ratis.XceiverServerRatis (XceiverServerRatis.java:getRealPort(502)) - XceiverServerRatis 3ebe5f2d-7fe4-4d1b-9835-0749a91ddd88 is started using port 36307 for RATIS_ADMIN
2022-11-14 01:05:01,109 [JvmPauseMonitor10] INFO  util.JvmPauseMonitor (JvmPauseMonitor.java:run(105)) - JvmPauseMonitor-3ebe5f2d-7fe4-4d1b-9835-0749a91ddd88: Started
2022-11-14 01:05:01,109 [EndpointStateMachine task thread for /0.0.0.0:33403 - 0 ] INFO  ratis.XceiverServerRatis (XceiverServerRatis.java:getRealPort(502)) - XceiverServerRatis 3ebe5f2d-7fe4-4d1b-9835-0749a91ddd88 is started using port 36307 for RATIS_SERVER
2022-11-14 01:05:01,113 [EndpointStateMachine task thread for /0.0.0.0:33403 - 0 ] INFO  server.XceiverServerGrpc (XceiverServerGrpc.java:start(180)) - XceiverServerGrpc 3ebe5f2d-7fe4-4d1b-9835-0749a91ddd88 is started using port 40033
2022-11-14 01:05:02,070 [Listener at 127.0.0.1/43447] INFO  ozone.MiniOzoneClusterImpl (MiniOzoneClusterImpl.java:lambda$waitForClusterToBeReady$0(216)) - Waiting for nodes to be ready. Got 0 of 3 DN Heartbeats.
2022-11-14 01:05:02,070 [Listener at 127.0.0.1/43447] INFO  ozone.MiniOzoneClusterImpl (MiniOzoneClusterImpl.java:lambda$waitForClusterToBeReady$0(219)) - Waiting for cluster to exit safe mode
2022-11-14 01:05:02,070 [Listener at 127.0.0.1/43447] INFO  ozone.MiniOzoneClusterImpl (MiniOzoneClusterImpl.java:lambda$waitForClusterToBeReady$0(221)) - SCM became leader
2022-11-14 01:05:02,452 [IPC Server handler 0 on default port 33403] INFO  net.NetworkTopologyImpl (NetworkTopologyImpl.java:add(112)) - Added a new node: /default-rack/64f2a322-bab2-49a6-bf14-d21796863fbb
2022-11-14 01:05:02,452 [IPC Server handler 0 on default port 33403] INFO  node.SCMNodeManager (SCMNodeManager.java:register(397)) - Registered Data node : 64f2a322-bab2-49a6-bf14-d21796863fbb{ip: 10.1.0.33, host: fv-az334-552.zg0gw54pbdoexfhqlmz30d51na.gx.internal.cloudapp.net, ports: [REPLICATION=38551, RATIS=36135, RATIS_ADMIN=36135, RATIS_SERVER=36135, STANDALONE=41099], networkLocation: /default-rack, certSerialId: null, persistedOpState: null, persistedOpStateExpiryEpochSec: 0}
2022-11-14 01:05:02,456 [EventQueue-NodeRegistrationContainerReportForDataNodeSafeModeRule] INFO  safemode.SCMSafeModeManager (DataNodeSafeModeRule.java:process(71)) - SCM in safe mode. 1 DataNodes registered, 3 required.
2022-11-14 01:05:02,456 [EventQueue-NodeRegistrationContainerReportForContainerSafeModeRule] INFO  safemode.SCMSafeModeManager (SCMSafeModeManager.java:validateSafeModeExitRules(204)) - ContainerSafeModeRule rule is successfully validated
2022-11-14 01:05:02,459 [EventQueue-NewNodeForNewNodeHandler] INFO  pipeline.BackgroundPipelineCreator (BackgroundPipelineCreator.java:notifyEventTriggered(276)) - trigger a one-shot run on RatisPipelineUtilsThread.
2022-11-14 01:05:02,460 [RatisPipelineUtilsThread - 0] INFO  pipeline.RatisPipelineProvider (RatisPipelineProvider.java:lambda$create$0(195)) - Sending CreatePipelineCommand for pipeline:PipelineID=936949c9-2a44-4256-88d2-e0679d01dd9b to datanode:64f2a322-bab2-49a6-bf14-d21796863fbb
2022-11-14 01:05:02,460 [EventQueue-PipelineReportForOneReplicaPipelineSafeModeRule] INFO  safemode.SCMSafeModeManager (SCMSafeModeManager.java:validateSafeModeExitRules(204)) - AtleastOneDatanodeReportedRule rule is successfully validated
2022-11-14 01:05:02,461 [RatisPipelineUtilsThread - 0] INFO  pipeline.PipelineStateManagerImpl (PipelineStateManagerImpl.java:addPipeline(103)) - Created pipeline Pipeline[ Id: 936949c9-2a44-4256-88d2-e0679d01dd9b, Nodes: 64f2a322-bab2-49a6-bf14-d21796863fbb{ip: 10.1.0.33, host: fv-az334-552.zg0gw54pbdoexfhqlmz30d51na.gx.internal.cloudapp.net, ports: [REPLICATION=38551, RATIS=36135, RATIS_ADMIN=36135, RATIS_SERVER=36135, STANDALONE=41099], networkLocation: /default-rack, certSerialId: null, persistedOpState: IN_SERVICE, persistedOpStateExpiryEpochSec: 0}, ReplicationConfig: RATIS/ONE, State:ALLOCATED, leaderId:, CreationTimestamp2022-11-14T01:05:02.460Z[Etc/UTC]].
2022-11-14 01:05:02,753 [IPC Server handler 1 on default port 33403] INFO  net.NetworkTopologyImpl (NetworkTopologyImpl.java:add(112)) - Added a new node: /default-rack/6d7210a4-52ae-4f69-8b98-4fa3950c6b17
2022-11-14 01:05:02,753 [IPC Server handler 1 on default port 33403] INFO  node.SCMNodeManager (SCMNodeManager.java:register(397)) - Registered Data node : 6d7210a4-52ae-4f69-8b98-4fa3950c6b17{ip: 10.1.0.33, host: fv-az334-552.zg0gw54pbdoexfhqlmz30d51na.gx.internal.cloudapp.net, ports: [REPLICATION=44481, RATIS=42253, RATIS_ADMIN=42253, RATIS_SERVER=42253, STANDALONE=40617], networkLocation: /default-rack, certSerialId: null, persistedOpState: null, persistedOpStateExpiryEpochSec: 0}
2022-11-14 01:05:02,753 [EventQueue-NewNodeForNewNodeHandler] INFO  pipeline.BackgroundPipelineCreator (BackgroundPipelineCreator.java:notifyEventTriggered(276)) - trigger a one-shot run on RatisPipelineUtilsThread.
2022-11-14 01:05:02,754 [RatisPipelineUtilsThread - 0] INFO  pipeline.RatisPipelineProvider (RatisPipelineProvider.java:lambda$create$0(195)) - Sending CreatePipelineCommand for pipeline:PipelineID=7eae033a-3a61-4160-bb3c-2a9e3e468b9f to datanode:6d7210a4-52ae-4f69-8b98-4fa3950c6b17
2022-11-14 01:05:02,755 [RatisPipelineUtilsThread - 0] INFO  pipeline.PipelineStateManagerImpl (PipelineStateManagerImpl.java:addPipeline(103)) - Created pipeline Pipeline[ Id: 7eae033a-3a61-4160-bb3c-2a9e3e468b9f, Nodes: 6d7210a4-52ae-4f69-8b98-4fa3950c6b17{ip: 10.1.0.33, host: fv-az334-552.zg0gw54pbdoexfhqlmz30d51na.gx.internal.cloudapp.net, ports: [REPLICATION=44481, RATIS=42253, RATIS_ADMIN=42253, RATIS_SERVER=42253, STANDALONE=40617], networkLocation: /default-rack, certSerialId: null, persistedOpState: IN_SERVICE, persistedOpStateExpiryEpochSec: 0}, ReplicationConfig: RATIS/ONE, State:ALLOCATED, leaderId:, CreationTimestamp2022-11-14T01:05:02.754Z[Etc/UTC]].
2022-11-14 01:05:02,765 [EventQueue-NodeRegistrationContainerReportForDataNodeSafeModeRule] INFO  safemode.SCMSafeModeManager (DataNodeSafeModeRule.java:process(71)) - SCM in safe mode. 2 DataNodes registered, 3 required.
2022-11-14 01:05:03,070 [IPC Server handler 2 on default port 33403] INFO  net.NetworkTopologyImpl (NetworkTopologyImpl.java:add(112)) - Added a new node: /default-rack/3ebe5f2d-7fe4-4d1b-9835-0749a91ddd88
2022-11-14 01:05:03,071 [IPC Server handler 2 on default port 33403] INFO  node.SCMNodeManager (SCMNodeManager.java:register(397)) - Registered Data node : 3ebe5f2d-7fe4-4d1b-9835-0749a91ddd88{ip: 10.1.0.33, host: fv-az334-552.zg0gw54pbdoexfhqlmz30d51na.gx.internal.cloudapp.net, ports: [REPLICATION=46811, RATIS=36307, RATIS_ADMIN=36307, RATIS_SERVER=36307, STANDALONE=40033], networkLocation: /default-rack, certSerialId: null, persistedOpState: null, persistedOpStateExpiryEpochSec: 0}
2022-11-14 01:05:03,071 [Listener at 127.0.0.1/43447] INFO  ozone.MiniOzoneClusterImpl (MiniOzoneClusterImpl.java:lambda$waitForClusterToBeReady$0(216)) - Nodes are ready. Got 3 of 3 DN Heartbeats.
2022-11-14 01:05:03,072 [Listener at 127.0.0.1/43447] INFO  ozone.MiniOzoneClusterImpl (MiniOzoneClusterImpl.java:lambda$waitForClusterToBeReady$0(219)) - Waiting for cluster to exit safe mode
2022-11-14 01:05:03,072 [Listener at 127.0.0.1/43447] INFO  ozone.MiniOzoneClusterImpl (MiniOzoneClusterImpl.java:lambda$waitForClusterToBeReady$0(221)) - SCM became leader
2022-11-14 01:05:03,072 [EventQueue-NodeRegistrationContainerReportForDataNodeSafeModeRule] INFO  safemode.SCMSafeModeManager (DataNodeSafeModeRule.java:process(71)) - SCM in safe mode. 3 DataNodes registered, 3 required.
2022-11-14 01:05:03,072 [EventQueue-NodeRegistrationContainerReportForDataNodeSafeModeRule] INFO  safemode.SCMSafeModeManager (SCMSafeModeManager.java:validateSafeModeExitRules(204)) - DataNodeSafeModeRule rule is successfully validated
2022-11-14 01:05:03,072 [EventQueue-NodeRegistrationContainerReportForDataNodeSafeModeRule] INFO  safemode.SCMSafeModeManager (SCMSafeModeManager.java:completePreCheck(233)) - All SCM safe mode pre check rules have passed
2022-11-14 01:05:03,072 [EventQueue-NodeRegistrationContainerReportForDataNodeSafeModeRule] WARN  events.EventQueue (EventQueue.java:fireEvent(216)) - No event handler registered for event TypedEvent{payloadType=SafeModeStatus, name='Safe mode status'}
2022-11-14 01:05:03,072 [EventQueue-NodeRegistrationContainerReportForDataNodeSafeModeRule] INFO  ha.SCMContext (SCMContext.java:updateSafeModeStatus(228)) - Update SafeModeStatus from SafeModeStatus{safeModeStatus=true, preCheckPassed=false} to SafeModeStatus{safeModeStatus=true, preCheckPassed=true}.
2022-11-14 01:05:03,071 [EventQueue-NewNodeForNewNodeHandler] INFO  pipeline.BackgroundPipelineCreator (BackgroundPipelineCreator.java:notifyEventTriggered(276)) - trigger a one-shot run on RatisPipelineUtilsThread.
2022-11-14 01:05:03,073 [RatisPipelineUtilsThread - 0] INFO  pipeline.RatisPipelineProvider (RatisPipelineProvider.java:lambda$create$0(195)) - Sending CreatePipelineCommand for pipeline:PipelineID=c9cfdbee-569e-4242-836c-d4d87b78e577 to datanode:3ebe5f2d-7fe4-4d1b-9835-0749a91ddd88
2022-11-14 01:05:03,073 [EventQueue-NodeRegistrationContainerReportForDataNodeSafeModeRule] INFO  pipeline.BackgroundPipelineCreator (BackgroundPipelineCreator.java:notifyEventTriggered(276)) - trigger a one-shot run on RatisPipelineUtilsThread.
2022-11-14 01:05:03,073 [RatisPipelineUtilsThread - 0] INFO  pipeline.PipelineStateManagerImpl (PipelineStateManagerImpl.java:addPipeline(103)) - Created pipeline Pipeline[ Id: c9cfdbee-569e-4242-836c-d4d87b78e577, Nodes: 3ebe5f2d-7fe4-4d1b-9835-0749a91ddd88{ip: 10.1.0.33, host: fv-az334-552.zg0gw54pbdoexfhqlmz30d51na.gx.internal.cloudapp.net, ports: [REPLICATION=46811, RATIS=36307, RATIS_ADMIN=36307, RATIS_SERVER=36307, STANDALONE=40033], networkLocation: /default-rack, certSerialId: null, persistedOpState: IN_SERVICE, persistedOpStateExpiryEpochSec: 0}, ReplicationConfig: RATIS/ONE, State:ALLOCATED, leaderId:, CreationTimestamp2022-11-14T01:05:03.073Z[Etc/UTC]].
2022-11-14 01:05:03,074 [RatisPipelineUtilsThread - 0] INFO  pipeline.RatisPipelineProvider (RatisPipelineProvider.java:lambda$create$0(195)) - Sending CreatePipelineCommand for pipeline:PipelineID=4a3b87c8-b214-4e29-bf5c-b93c309df681 to datanode:64f2a322-bab2-49a6-bf14-d21796863fbb
2022-11-14 01:05:03,074 [RatisPipelineUtilsThread - 0] INFO  pipeline.RatisPipelineProvider (RatisPipelineProvider.java:lambda$create$0(195)) - Sending CreatePipelineCommand for pipeline:PipelineID=4a3b87c8-b214-4e29-bf5c-b93c309df681 to datanode:6d7210a4-52ae-4f69-8b98-4fa3950c6b17
2022-11-14 01:05:03,074 [RatisPipelineUtilsThread - 0] INFO  pipeline.RatisPipelineProvider (RatisPipelineProvider.java:lambda$create$0(195)) - Sending CreatePipelineCommand for pipeline:PipelineID=4a3b87c8-b214-4e29-bf5c-b93c309df681 to datanode:3ebe5f2d-7fe4-4d1b-9835-0749a91ddd88
2022-11-14 01:05:03,074 [RatisPipelineUtilsThread - 0] INFO  pipeline.PipelineStateManagerImpl (PipelineStateManagerImpl.java:addPipeline(103)) - Created pipeline Pipeline[ Id: 4a3b87c8-b214-4e29-bf5c-b93c309df681, Nodes: 64f2a322-bab2-49a6-bf14-d21796863fbb{ip: 10.1.0.33, host: fv-az334-552.zg0gw54pbdoexfhqlmz30d51na.gx.internal.cloudapp.net, ports: [REPLICATION=38551, RATIS=36135, RATIS_ADMIN=36135, RATIS_SERVER=36135, STANDALONE=41099], networkLocation: /default-rack, certSerialId: null, persistedOpState: IN_SERVICE, persistedOpStateExpiryEpochSec: 0}6d7210a4-52ae-4f69-8b98-4fa3950c6b17{ip: 10.1.0.33, host: fv-az334-552.zg0gw54pbdoexfhqlmz30d51na.gx.internal.cloudapp.net, ports: [REPLICATION=44481, RATIS=42253, RATIS_ADMIN=42253, RATIS_SERVER=42253, STANDALONE=40617], networkLocation: /default-rack, certSerialId: null, persistedOpState: IN_SERVICE, persistedOpStateExpiryEpochSec: 0}3ebe5f2d-7fe4-4d1b-9835-0749a91ddd88{ip: 10.1.0.33, host: fv-az334-552.zg0gw54pbdoexfhqlmz30d51na.gx.internal.cloudapp.net, ports: [REPLICATION=46811, RATIS=36307, RATIS_ADMIN=36307, RATIS_SERVER=36307, STANDALONE=40033], networkLocation: /default-rack, certSerialId: null, persistedOpState: IN_SERVICE, persistedOpStateExpiryEpochSec: 0}, ReplicationConfig: RATIS/THREE, State:ALLOCATED, leaderId:, CreationTimestamp2022-11-14T01:05:03.074Z[Etc/UTC]].
2022-11-14 01:05:03,075 [RatisPipelineUtilsThread - 0] INFO  pipeline.RatisPipelineProvider (RatisPipelineProvider.java:lambda$create$0(195)) - Sending CreatePipelineCommand for pipeline:PipelineID=30370e2e-80d1-4efe-b890-602ca8fc85e9 to datanode:64f2a322-bab2-49a6-bf14-d21796863fbb
2022-11-14 01:05:03,075 [RatisPipelineUtilsThread - 0] INFO  pipeline.RatisPipelineProvider (RatisPipelineProvider.java:lambda$create$0(195)) - Sending CreatePipelineCommand for pipeline:PipelineID=30370e2e-80d1-4efe-b890-602ca8fc85e9 to datanode:6d7210a4-52ae-4f69-8b98-4fa3950c6b17
2022-11-14 01:05:03,075 [RatisPipelineUtilsThread - 0] INFO  pipeline.RatisPipelineProvider (RatisPipelineProvider.java:lambda$create$0(195)) - Sending CreatePipelineCommand for pipeline:PipelineID=30370e2e-80d1-4efe-b890-602ca8fc85e9 to datanode:3ebe5f2d-7fe4-4d1b-9835-0749a91ddd88
2022-11-14 01:05:03,075 [RatisPipelineUtilsThread - 0] INFO  pipeline.PipelineStateManagerImpl (PipelineStateManagerImpl.java:addPipeline(103)) - Created pipeline Pipeline[ Id: 30370e2e-80d1-4efe-b890-602ca8fc85e9, Nodes: 64f2a322-bab2-49a6-bf14-d21796863fbb{ip: 10.1.0.33, host: fv-az334-552.zg0gw54pbdoexfhqlmz30d51na.gx.internal.cloudapp.net, ports: [REPLICATION=38551, RATIS=36135, RATIS_ADMIN=36135, RATIS_SERVER=36135, STANDALONE=41099], networkLocation: /default-rack, certSerialId: null, persistedOpState: IN_SERVICE, persistedOpStateExpiryEpochSec: 0}6d7210a4-52ae-4f69-8b98-4fa3950c6b17{ip: 10.1.0.33, host: fv-az334-552.zg0gw54pbdoexfhqlmz30d51na.gx.internal.cloudapp.net, ports: [REPLICATION=44481, RATIS=42253, RATIS_ADMIN=42253, RATIS_SERVER=42253, STANDALONE=40617], networkLocation: /default-rack, certSerialId: null, persistedOpState: IN_SERVICE, persistedOpStateExpiryEpochSec: 0}3ebe5f2d-7fe4-4d1b-9835-0749a91ddd88{ip: 10.1.0.33, host: fv-az334-552.zg0gw54pbdoexfhqlmz30d51na.gx.internal.cloudapp.net, ports: [REPLICATION=46811, RATIS=36307, RATIS_ADMIN=36307, RATIS_SERVER=36307, STANDALONE=40033], networkLocation: /default-rack, certSerialId: null, persistedOpState: IN_SERVICE, persistedOpStateExpiryEpochSec: 0}, ReplicationConfig: RATIS/THREE, State:ALLOCATED, leaderId:, CreationTimestamp2022-11-14T01:05:03.075Z[Etc/UTC]].
2022-11-14 01:05:03,076 [RatisPipelineUtilsThread - 0] INFO  pipeline.PipelineManagerImpl (PipelineManagerImpl.java:recordMetricsForPipeline(826)) - Pipeline: PipelineID=30370e2e-80d1-4efe-b890-602ca8fc85e9 contains same datanodes as previous pipelines: PipelineID=4a3b87c8-b214-4e29-bf5c-b93c309df681 nodeIds: 64f2a322-bab2-49a6-bf14-d21796863fbb, 6d7210a4-52ae-4f69-8b98-4fa3950c6b17, 3ebe5f2d-7fe4-4d1b-9835-0749a91ddd88
2022-11-14 01:05:04,072 [Listener at 127.0.0.1/43447] INFO  ozone.MiniOzoneClusterImpl (MiniOzoneClusterImpl.java:lambda$waitForClusterToBeReady$0(216)) - Nodes are ready. Got 3 of 3 DN Heartbeats.
2022-11-14 01:05:04,073 [Listener at 127.0.0.1/43447] INFO  ozone.MiniOzoneClusterImpl (MiniOzoneClusterImpl.java:lambda$waitForClusterToBeReady$0(219)) - Waiting for cluster to exit safe mode
2022-11-14 01:05:04,073 [Listener at 127.0.0.1/43447] INFO  ozone.MiniOzoneClusterImpl (MiniOzoneClusterImpl.java:lambda$waitForClusterToBeReady$0(221)) - SCM became leader
2022-11-14 01:05:05,074 [Listener at 127.0.0.1/43447] INFO  ozone.MiniOzoneClusterImpl (MiniOzoneClusterImpl.java:lambda$waitForClusterToBeReady$0(216)) - Nodes are ready. Got 3 of 3 DN Heartbeats.
2022-11-14 01:05:05,074 [Listener at 127.0.0.1/43447] INFO  ozone.MiniOzoneClusterImpl (MiniOzoneClusterImpl.java:lambda$waitForClusterToBeReady$0(219)) - Waiting for cluster to exit safe mode
2022-11-14 01:05:05,074 [Listener at 127.0.0.1/43447] INFO  ozone.MiniOzoneClusterImpl (MiniOzoneClusterImpl.java:lambda$waitForClusterToBeReady$0(221)) - SCM became leader
2022-11-14 01:05:05,451 [Command processor thread] INFO  server.RaftServer (RaftServerProxy.java:addNew(96)) - 64f2a322-bab2-49a6-bf14-d21796863fbb: addNew group-E0679D01DD9B:[64f2a322-bab2-49a6-bf14-d21796863fbb|rpc:10.1.0.33:36135|priority:1|startupRole:FOLLOWER] returns group-E0679D01DD9B:java.util.concurrent.CompletableFuture@5d5eed81[Not completed]
2022-11-14 01:05:05,452 [pool-308-thread-1] INFO  server.RaftServer$Division (RaftServerImpl.java:<init>(195)) - 64f2a322-bab2-49a6-bf14-d21796863fbb: new RaftServerImpl for group-E0679D01DD9B:[64f2a322-bab2-49a6-bf14-d21796863fbb|rpc:10.1.0.33:36135|priority:1|startupRole:FOLLOWER] with ContainerStateMachine:uninitialized
2022-11-14 01:05:05,452 [pool-308-thread-1] INFO  server.RaftServerConfigKeys (ConfUtils.java:logGet(46)) - raft.server.rpc.timeout.min = 5s (custom)
2022-11-14 01:05:05,452 [pool-308-thread-1] INFO  server.RaftServerConfigKeys (ConfUtils.java:logGet(46)) - raft.server.rpc.timeout.max = 5200ms (custom)
2022-11-14 01:05:05,452 [pool-308-thread-1] INFO  server.RaftServerConfigKeys (ConfUtils.java:logGet(46)) - raft.server.rpc.sleep.time = 25ms (default)
2022-11-14 01:05:05,452 [pool-308-thread-1] INFO  server.RaftServerConfigKeys (ConfUtils.java:logGet(46)) - raft.server.rpc.slowness.timeout = 300s (custom)
2022-11-14 01:05:05,452 [pool-308-thread-1] INFO  server.RaftServerConfigKeys (ConfUtils.java:logGet(46)) - raft.server.leaderelection.leader.step-down.wait-time = 10s (default)
2022-11-14 01:05:05,452 [pool-308-thread-1] INFO  server.RaftServerConfigKeys (ConfUtils.java:logGet(46)) - raft.server.sleep.deviation.threshold = 300ms (default)
2022-11-14 01:05:05,452 [pool-308-thread-1] INFO  server.RaftServer$Division (ServerState.java:<init>(118)) - 64f2a322-bab2-49a6-bf14-d21796863fbb@group-E0679D01DD9B: ConfigurationManager, init=-1: peers:[64f2a322-bab2-49a6-bf14-d21796863fbb|rpc:10.1.0.33:36135|priority:1|startupRole:FOLLOWER]|listeners:[], old=null, confs=<EMPTY_MAP>
2022-11-14 01:05:05,453 [pool-308-thread-1] INFO  server.RaftServerConfigKeys (ConfUtils.java:logGet(46)) - raft.server.storage.dir = [/home/runner/work/ozone/ozone/hadoop-ozone/integration-test/target/test-dir/MiniOzoneClusterImpl-42f4391e-4969-4d67-80bf-65b59c0896c5/datanode-0/data/ratis] (custom)
2022-11-14 01:05:05,453 [pool-308-thread-1] INFO  server.RaftServerConfigKeys (ConfUtils.java:logGet(46)) - raft.server.log.corruption.policy = EXCEPTION (default)
2022-11-14 01:05:05,453 [pool-308-thread-1] INFO  server.RaftServerConfigKeys (ConfUtils.java:logGet(46)) - raft.server.storage.free-space.min = 0MB (=0) (default)
2022-11-14 01:05:05,453 [pool-308-thread-1] INFO  server.RaftServerConfigKeys (ConfUtils.java:logGet(46)) - raft.server.notification.no-leader.timeout = 300s (custom)
2022-11-14 01:05:05,453 [pool-308-thread-1] INFO  server.RaftServerConfigKeys (ConfUtils.java:logGet(46)) - raft.server.retrycache.expirytime = 600000ms (custom)
2022-11-14 01:05:05,453 [pool-308-thread-1] INFO  server.RaftServerConfigKeys (ConfUtils.java:logGet(46)) - raft.server.retrycache.statistics.expirytime = 100μs (default)
2022-11-14 01:05:05,454 [pool-308-thread-1] INFO  server.RaftServerConfigKeys (ConfUtils.java:logGet(46)) - raft.server.log.appender.install.snapshot.enabled = false (custom)
2022-11-14 01:05:05,454 [pool-308-thread-1] INFO  server.RaftServerConfigKeys (ConfUtils.java:logGet(46)) - raft.server.threadpool.server.cached = true (default)
2022-11-14 01:05:05,454 [pool-308-thread-1] INFO  server.RaftServerConfigKeys (ConfUtils.java:logGet(46)) - raft.server.threadpool.server.size = 0 (default)
2022-11-14 01:05:05,454 [pool-308-thread-1] INFO  server.RaftServerConfigKeys (ConfUtils.java:logGet(46)) - raft.server.threadpool.client.cached = true (default)
2022-11-14 01:05:05,454 [pool-308-thread-1] INFO  server.RaftServerConfigKeys (ConfUtils.java:logGet(46)) - raft.server.threadpool.client.size = 0 (default)
2022-11-14 01:05:05,454 [pool-308-thread-1] INFO  storage.RaftStorageDirectory (RaftStorageDirectoryImpl.java:analyzeStorage(137)) - The storage directory /home/runner/work/ozone/ozone/hadoop-ozone/integration-test/target/test-dir/MiniOzoneClusterImpl-42f4391e-4969-4d67-80bf-65b59c0896c5/datanode-0/data/ratis/936949c9-2a44-4256-88d2-e0679d01dd9b does not exist. Creating ...
2022-11-14 01:05:05,456 [pool-308-thread-1] INFO  storage.RaftStorageDirectory (RaftStorageDirectoryImpl.java:tryLock(231)) - Lock on /home/runner/work/ozone/ozone/hadoop-ozone/integration-test/target/test-dir/MiniOzoneClusterImpl-42f4391e-4969-4d67-80bf-65b59c0896c5/datanode-0/data/ratis/936949c9-2a44-4256-88d2-e0679d01dd9b/in_use.lock acquired by nodename 11961@fv-az334-552
2022-11-14 01:05:05,457 [pool-308-thread-1] INFO  storage.RaftStorage (RaftStorageImpl.java:format(96)) - Storage directory /home/runner/work/ozone/ozone/hadoop-ozone/integration-test/target/test-dir/MiniOzoneClusterImpl-42f4391e-4969-4d67-80bf-65b59c0896c5/datanode-0/data/ratis/936949c9-2a44-4256-88d2-e0679d01dd9b has been successfully formatted.
2022-11-14 01:05:05,458 [pool-308-thread-1] INFO  ratis.ContainerStateMachine (ContainerStateMachine.java:loadSnapshot(236)) - group-E0679D01DD9B: The snapshot info is null. Setting the last applied indexto:(t:0, i:~)
2022-11-14 01:05:05,458 [pool-308-thread-1] INFO  server.RaftServerConfigKeys (ConfUtils.java:logGet(46)) - raft.server.log.use.memory = false (default)
2022-11-14 01:05:05,462 [EventQueue-PipelineReportForPipelineReportHandler] INFO  pipeline.PipelineManagerImpl (PipelineManagerImpl.java:openPipeline(367)) - Pipeline Pipeline[ Id: 936949c9-2a44-4256-88d2-e0679d01dd9b, Nodes: 64f2a322-bab2-49a6-bf14-d21796863fbb{ip: 10.1.0.33, host: fv-az334-552.zg0gw54pbdoexfhqlmz30d51na.gx.internal.cloudapp.net, ports: [REPLICATION=38551, RATIS=36135, RATIS_ADMIN=36135, RATIS_SERVER=36135, STANDALONE=41099], networkLocation: /default-rack, certSerialId: null, persistedOpState: IN_SERVICE, persistedOpStateExpiryEpochSec: 0}, ReplicationConfig: RATIS/ONE, State:ALLOCATED, leaderId:64f2a322-bab2-49a6-bf14-d21796863fbb, CreationTimestamp2022-11-14T01:05:02.460Z[Etc/UTC]] moved to OPEN state
2022-11-14 01:05:05,463 [pool-308-thread-1] INFO  server.RaftServerConfigKeys (ConfUtils.java:logGet(46)) - raft.server.log.purge.gap = 1000000 (custom)
2022-11-14 01:05:05,463 [pool-308-thread-1] INFO  server.RaftServerConfigKeys (ConfUtils.java:logGet(46)) - raft.server.log.appender.buffer.byte-limit = 33554432 (custom)
2022-11-14 01:05:05,463 [pool-308-thread-1] INFO  server.RaftServerConfigKeys (ConfUtils.java:logGet(46)) - raft.server.log.statemachine.data.read.timeout = 1000ms (default)
2022-11-14 01:05:05,463 [pool-308-thread-1] INFO  server.RaftServerConfigKeys (ConfUtils.java:logGet(46)) - raft.server.log.purge.preservation.log.num = 0 (default)
2022-11-14 01:05:05,463 [pool-308-thread-1] INFO  server.RaftServerConfigKeys (ConfUtils.java:logGet(46)) - raft.server.log.segment.size.max = 1048576 (custom)
2022-11-14 01:05:05,464 [pool-308-thread-1] INFO  server.RaftServerConfigKeys (ConfUtils.java:logGet(46)) - raft.server.log.segment.cache.num.max = 2 (custom)
2022-11-14 01:05:05,464 [pool-308-thread-1] INFO  server.RaftServerConfigKeys (ConfUtils.java:logGet(46)) - raft.server.log.segment.cache.size.max = 200MB (=209715200) (default)
2022-11-14 01:05:05,464 [pool-308-thread-1] INFO  segmented.SegmentedRaftLogWorker (SegmentedRaftLogWorker.java:<init>(191)) - new 64f2a322-bab2-49a6-bf14-d21796863fbb@group-E0679D01DD9B-SegmentedRaftLogWorker for RaftStorageImpl:Storage Directory /home/runner/work/ozone/ozone/hadoop-ozone/integration-test/target/test-dir/MiniOzoneClusterImpl-42f4391e-4969-4d67-80bf-65b59c0896c5/datanode-0/data/ratis/936949c9-2a44-4256-88d2-e0679d01dd9b
2022-11-14 01:05:05,464 [pool-308-thread-1] INFO  server.RaftServerConfigKeys (ConfUtils.java:logGet(46)) - raft.server.log.queue.byte-limit = 4294967296 (custom)
2022-11-14 01:05:05,464 [pool-308-thread-1] INFO  server.RaftServerConfigKeys (ConfUtils.java:logGet(46)) - raft.server.log.queue.element-limit = 1024 (custom)
2022-11-14 01:05:05,464 [pool-308-thread-1] INFO  server.RaftServerConfigKeys (ConfUtils.java:logGet(46)) - raft.server.log.segment.size.max = 1048576 (custom)
2022-11-14 01:05:05,464 [pool-308-thread-1] INFO  server.RaftServerConfigKeys (ConfUtils.java:logGet(46)) - raft.server.log.preallocated.size = 16384 (custom)
2022-11-14 01:05:05,465 [pool-308-thread-1] INFO  server.RaftServerConfigKeys (ConfUtils.java:logGet(46)) - raft.server.log.force.sync.num = 128 (default)
2022-11-14 01:05:05,465 [pool-308-thread-1] INFO  server.RaftServerConfigKeys (ConfUtils.java:logGet(46)) - raft.server.log.statemachine.data.sync = true (default)
2022-11-14 01:05:05,465 [pool-308-thread-1] INFO  server.RaftServerConfigKeys (ConfUtils.java:logGet(46)) - raft.server.log.statemachine.data.sync.timeout = 10s (default)
2022-11-14 01:05:05,465 [pool-308-thread-1] INFO  server.RaftServerConfigKeys (ConfUtils.java:logGet(46)) - raft.server.log.statemachine.data.sync.timeout.retry = -1 (default)
2022-11-14 01:05:05,465 [pool-308-thread-1] INFO  server.RaftServerConfigKeys (ConfUtils.java:logGet(46)) - raft.server.log.write.buffer.size = 1048576 (custom)
2022-11-14 01:05:05,466 [pool-308-thread-1] INFO  server.RaftServerConfigKeys (ConfUtils.java:logGet(46)) - raft.server.log.unsafe-flush.enabled = false (default)
2022-11-14 01:05:05,466 [pool-308-thread-1] INFO  server.RaftServerConfigKeys (ConfUtils.java:logGet(46)) - raft.server.log.async-flush.enabled = false (default)
2022-11-14 01:05:05,466 [pool-308-thread-1] INFO  server.RaftServerConfigKeys (ConfUtils.java:logGet(46)) - raft.server.log.statemachine.data.caching.enabled = true (custom)
2022-11-14 01:05:05,466 [pool-308-thread-1] INFO  segmented.SegmentedRaftLogWorker (SegmentedRaftLogWorker.java:lambda$new$0(136)) - 64f2a322-bab2-49a6-bf14-d21796863fbb@group-E0679D01DD9B-SegmentedRaftLogWorker: flushIndex: setUnconditionally 0 -> -1
2022-11-14 01:05:05,466 [pool-308-thread-1] INFO  segmented.SegmentedRaftLogWorker (SegmentedRaftLogWorker.java:lambda$new$0(136)) - 64f2a322-bab2-49a6-bf14-d21796863fbb@group-E0679D01DD9B-SegmentedRaftLogWorker: safeCacheEvictIndex: setUnconditionally 0 -> -1
2022-11-14 01:05:05,466 [pool-308-thread-1] INFO  server.RaftServer$Division (RaftServerImpl.java:start(334)) - 64f2a322-bab2-49a6-bf14-d21796863fbb@group-E0679D01DD9B: start as a follower, conf=-1: peers:[64f2a322-bab2-49a6-bf14-d21796863fbb|rpc:10.1.0.33:36135|priority:1|startupRole:FOLLOWER]|listeners:[], old=null
2022-11-14 01:05:05,466 [pool-308-thread-1] INFO  server.RaftServer$Division (RaftServerImpl.java:setRole(321)) - 64f2a322-bab2-49a6-bf14-d21796863fbb@group-E0679D01DD9B: changes role from      null to FOLLOWER at term 0 for startAsFollower
2022-11-14 01:05:05,466 [pool-308-thread-1] INFO  impl.RoleInfo (RoleInfo.java:updateAndGet(139)) - 64f2a322-bab2-49a6-bf14-d21796863fbb: start 64f2a322-bab2-49a6-bf14-d21796863fbb@group-E0679D01DD9B-FollowerState
2022-11-14 01:05:05,476 [EventQueue-OpenPipelineForHealthyPipelineSafeModeRule] INFO  safemode.SCMSafeModeManager (HealthyPipelineSafeModeRule.java:process(137)) - SCM in safe mode. Healthy pipelines reported count is 0, required healthy pipeline reported count is 1
2022-11-14 01:05:05,476 [pool-308-thread-1] INFO  util.JmxRegister (JmxRegister.java:tryRegister(44)) - Successfully registered JMX Bean with object name Ratis:service=RaftServer,group=group-E0679D01DD9B,id=64f2a322-bab2-49a6-bf14-d21796863fbb
2022-11-14 01:05:05,476 [pool-308-thread-1] INFO  server.RaftServerConfigKeys (ConfUtils.java:logGet(46)) - raft.server.snapshot.auto.trigger.enabled = true (custom)
2022-11-14 01:05:05,476 [pool-308-thread-1] INFO  server.RaftServerConfigKeys (ConfUtils.java:logGet(46)) - raft.server.snapshot.auto.trigger.threshold = 10000 (custom)
2022-11-14 01:05:05,476 [pool-308-thread-1] INFO  server.RaftServerConfigKeys (ConfUtils.java:logGet(46)) - raft.server.snapshot.retention.file.num = 5 (custom)
2022-11-14 01:05:05,476 [pool-308-thread-1] INFO  server.RaftServerConfigKeys (ConfUtils.java:logGet(46)) - raft.server.log.purge.upto.snapshot.index = false (default)
2022-11-14 01:05:05,477 [Command processor thread] INFO  ratis.XceiverServerRatis (XceiverServerRatis.java:addGroup(765)) - Created group PipelineID=936949c9-2a44-4256-88d2-e0679d01dd9b
2022-11-14 01:05:05,477 [64f2a322-bab2-49a6-bf14-d21796863fbb@group-E0679D01DD9B-FollowerState] INFO  server.RaftServerConfigKeys (ConfUtils.java:logFallback(53)) - raft.server.rpc.first-election.timeout.min = 5s (fallback to raft.server.rpc.timeout.min)
2022-11-14 01:05:05,477 [Command processor thread] INFO  commandhandler.CreatePipelineCommandHandler (CreatePipelineCommandHandler.java:handle(113)) - Created Pipeline RATIS ONE PipelineID=936949c9-2a44-4256-88d2-e0679d01dd9b.
2022-11-14 01:05:05,477 [Command processor thread] INFO  server.RaftServer (RaftServerProxy.java:addNew(96)) - 64f2a322-bab2-49a6-bf14-d21796863fbb: addNew group-B93C309DF681:[64f2a322-bab2-49a6-bf14-d21796863fbb|rpc:10.1.0.33:36135|priority:0|startupRole:FOLLOWER, 3ebe5f2d-7fe4-4d1b-9835-0749a91ddd88|rpc:10.1.0.33:36307|priority:0|startupRole:FOLLOWER, 6d7210a4-52ae-4f69-8b98-4fa3950c6b17|rpc:10.1.0.33:42253|priority:1|startupRole:FOLLOWER] returns group-B93C309DF681:java.util.concurrent.CompletableFuture@596172f2[Not completed]
2022-11-14 01:05:05,477 [64f2a322-bab2-49a6-bf14-d21796863fbb@group-E0679D01DD9B-FollowerState] INFO  server.RaftServerConfigKeys (ConfUtils.java:logFallback(53)) - raft.server.rpc.first-election.timeout.max = 5200ms (fallback to raft.server.rpc.timeout.max)
2022-11-14 01:05:05,478 [pool-308-thread-1] INFO  server.RaftServer$Division (RaftServerImpl.java:<init>(195)) - 64f2a322-bab2-49a6-bf14-d21796863fbb: new RaftServerImpl for group-B93C309DF681:[64f2a322-bab2-49a6-bf14-d21796863fbb|rpc:10.1.0.33:36135|priority:0|startupRole:FOLLOWER, 3ebe5f2d-7fe4-4d1b-9835-0749a91ddd88|rpc:10.1.0.33:36307|priority:0|startupRole:FOLLOWER, 6d7210a4-52ae-4f69-8b98-4fa3950c6b17|rpc:10.1.0.33:42253|priority:1|startupRole:FOLLOWER] with ContainerStateMachine:uninitialized
2022-11-14 01:05:05,478 [pool-308-thread-1] INFO  server.RaftServerConfigKeys (ConfUtils.java:logGet(46)) - raft.server.rpc.timeout.min = 5s (custom)
2022-11-14 01:05:05,478 [pool-308-thread-1] INFO  server.RaftServerConfigKeys (ConfUtils.java:logGet(46)) - raft.server.rpc.timeout.max = 5200ms (custom)
2022-11-14 01:05:05,478 [pool-308-thread-1] INFO  server.RaftServerConfigKeys (ConfUtils.java:logGet(46)) - raft.server.rpc.sleep.time = 25ms (default)
2022-11-14 01:05:05,478 [pool-308-thread-1] INFO  server.RaftServerConfigKeys (ConfUtils.java:logGet(46)) - raft.server.rpc.slowness.timeout = 300s (custom)
2022-11-14 01:05:05,478 [pool-308-thread-1] INFO  server.RaftServerConfigKeys (ConfUtils.java:logGet(46)) - raft.server.leaderelection.leader.step-down.wait-time = 10s (default)
2022-11-14 01:05:05,478 [pool-308-thread-1] INFO  server.RaftServerConfigKeys (ConfUtils.java:logGet(46)) - raft.server.sleep.deviation.threshold = 300ms (default)
2022-11-14 01:05:05,478 [pool-308-thread-1] INFO  server.RaftServer$Division (ServerState.java:<init>(118)) - 64f2a322-bab2-49a6-bf14-d21796863fbb@group-B93C309DF681: ConfigurationManager, init=-1: peers:[64f2a322-bab2-49a6-bf14-d21796863fbb|rpc:10.1.0.33:36135|priority:0|startupRole:FOLLOWER, 3ebe5f2d-7fe4-4d1b-9835-0749a91ddd88|rpc:10.1.0.33:36307|priority:0|startupRole:FOLLOWER, 6d7210a4-52ae-4f69-8b98-4fa3950c6b17|rpc:10.1.0.33:42253|priority:1|startupRole:FOLLOWER]|listeners:[], old=null, confs=<EMPTY_MAP>
2022-11-14 01:05:05,478 [pool-308-thread-1] INFO  server.RaftServerConfigKeys (ConfUtils.java:logGet(46)) - raft.server.storage.dir = [/home/runner/work/ozone/ozone/hadoop-ozone/integration-test/target/test-dir/MiniOzoneClusterImpl-42f4391e-4969-4d67-80bf-65b59c0896c5/datanode-0/data/ratis] (custom)
2022-11-14 01:05:05,479 [pool-308-thread-1] INFO  server.RaftServerConfigKeys (ConfUtils.java:logGet(46)) - raft.server.log.corruption.policy = EXCEPTION (default)
2022-11-14 01:05:05,479 [pool-308-thread-1] INFO  server.RaftServerConfigKeys (ConfUtils.java:logGet(46)) - raft.server.storage.free-space.min = 0MB (=0) (default)
2022-11-14 01:05:05,479 [pool-308-thread-1] INFO  server.RaftServerConfigKeys (ConfUtils.java:logGet(46)) - raft.server.notification.no-leader.timeout = 300s (custom)
2022-11-14 01:05:05,479 [pool-308-thread-1] INFO  server.RaftServerConfigKeys (ConfUtils.java:logGet(46)) - raft.server.retrycache.expirytime = 600000ms (custom)
2022-11-14 01:05:05,479 [pool-308-thread-1] INFO  server.RaftServerConfigKeys (ConfUtils.java:logGet(46)) - raft.server.retrycache.statistics.expirytime = 100μs (default)
2022-11-14 01:05:05,481 [pool-308-thread-1] INFO  server.RaftServerConfigKeys (ConfUtils.java:logGet(46)) - raft.server.log.appender.install.snapshot.enabled = false (custom)
2022-11-14 01:05:05,481 [pool-308-thread-1] INFO  server.RaftServerConfigKeys (ConfUtils.java:logGet(46)) - raft.server.threadpool.server.cached = true (default)
2022-11-14 01:05:05,481 [pool-308-thread-1] INFO  server.RaftServerConfigKeys (ConfUtils.java:logGet(46)) - raft.server.threadpool.server.size = 0 (default)
2022-11-14 01:05:05,481 [pool-308-thread-1] INFO  server.RaftServerConfigKeys (ConfUtils.java:logGet(46)) - raft.server.threadpool.client.cached = true (default)
2022-11-14 01:05:05,481 [pool-308-thread-1] INFO  server.RaftServerConfigKeys (ConfUtils.java:logGet(46)) - raft.server.threadpool.client.size = 0 (default)
2022-11-14 01:05:05,481 [pool-308-thread-1] INFO  storage.RaftStorageDirectory (RaftStorageDirectoryImpl.java:analyzeStorage(137)) - The storage directory /home/runner/work/ozone/ozone/hadoop-ozone/integration-test/target/test-dir/MiniOzoneClusterImpl-42f4391e-4969-4d67-80bf-65b59c0896c5/datanode-0/data/ratis/4a3b87c8-b214-4e29-bf5c-b93c309df681 does not exist. Creating ...
2022-11-14 01:05:05,483 [pool-308-thread-1] INFO  storage.RaftStorageDirectory (RaftStorageDirectoryImpl.java:tryLock(231)) - Lock on /home/runner/work/ozone/ozone/hadoop-ozone/integration-test/target/test-dir/MiniOzoneClusterImpl-42f4391e-4969-4d67-80bf-65b59c0896c5/datanode-0/data/ratis/4a3b87c8-b214-4e29-bf5c-b93c309df681/in_use.lock acquired by nodename 11961@fv-az334-552
2022-11-14 01:05:05,484 [pool-308-thread-1] INFO  storage.RaftStorage (RaftStorageImpl.java:format(96)) - Storage directory /home/runner/work/ozone/ozone/hadoop-ozone/integration-test/target/test-dir/MiniOzoneClusterImpl-42f4391e-4969-4d67-80bf-65b59c0896c5/datanode-0/data/ratis/4a3b87c8-b214-4e29-bf5c-b93c309df681 has been successfully formatted.
2022-11-14 01:05:05,485 [pool-308-thread-1] INFO  ratis.ContainerStateMachine (ContainerStateMachine.java:loadSnapshot(236)) - group-B93C309DF681: The snapshot info is null. Setting the last applied indexto:(t:0, i:~)
2022-11-14 01:05:05,485 [pool-308-thread-1] INFO  server.RaftServerConfigKeys (ConfUtils.java:logGet(46)) - raft.server.log.use.memory = false (default)
2022-11-14 01:05:05,486 [pool-308-thread-1] INFO  server.RaftServerConfigKeys (ConfUtils.java:logGet(46)) - raft.server.log.purge.gap = 1000000 (custom)
2022-11-14 01:05:05,487 [EventQueue-OpenPipelineForHealthyPipelineSafeModeRule] INFO  safemode.SCMSafeModeManager (HealthyPipelineSafeModeRule.java:process(137)) - SCM in safe mode. Healthy pipelines reported count is 0, required healthy pipeline reported count is 1
2022-11-14 01:05:05,487 [pool-308-thread-1] INFO  server.RaftServerConfigKeys (ConfUtils.java:logGet(46)) - raft.server.log.appender.buffer.byte-limit = 33554432 (custom)
2022-11-14 01:05:05,487 [pool-308-thread-1] INFO  server.RaftServerConfigKeys (ConfUtils.java:logGet(46)) - raft.server.log.statemachine.data.read.timeout = 1000ms (default)
2022-11-14 01:05:05,487 [pool-308-thread-1] INFO  server.RaftServerConfigKeys (ConfUtils.java:logGet(46)) - raft.server.log.purge.preservation.log.num = 0 (default)
2022-11-14 01:05:05,487 [pool-308-thread-1] INFO  server.RaftServerConfigKeys (ConfUtils.java:logGet(46)) - raft.server.log.segment.size.max = 1048576 (custom)
2022-11-14 01:05:05,488 [pool-308-thread-1] INFO  server.RaftServerConfigKeys (ConfUtils.java:logGet(46)) - raft.server.log.segment.cache.num.max = 2 (custom)
2022-11-14 01:05:05,488 [pool-308-thread-1] INFO  server.RaftServerConfigKeys (ConfUtils.java:logGet(46)) - raft.server.log.segment.cache.size.max = 200MB (=209715200) (default)
2022-11-14 01:05:05,488 [pool-308-thread-1] INFO  segmented.SegmentedRaftLogWorker (SegmentedRaftLogWorker.java:<init>(191)) - new 64f2a322-bab2-49a6-bf14-d21796863fbb@group-B93C309DF681-SegmentedRaftLogWorker for RaftStorageImpl:Storage Directory /home/runner/work/ozone/ozone/hadoop-ozone/integration-test/target/test-dir/MiniOzoneClusterImpl-42f4391e-4969-4d67-80bf-65b59c0896c5/datanode-0/data/ratis/4a3b87c8-b214-4e29-bf5c-b93c309df681
2022-11-14 01:05:05,488 [pool-308-thread-1] INFO  server.RaftServerConfigKeys (ConfUtils.java:logGet(46)) - raft.server.log.queue.byte-limit = 4294967296 (custom)
2022-11-14 01:05:05,488 [pool-308-thread-1] INFO  server.RaftServerConfigKeys (ConfUtils.java:logGet(46)) - raft.server.log.queue.element-limit = 1024 (custom)
2022-11-14 01:05:05,488 [pool-308-thread-1] INFO  server.RaftServerConfigKeys (ConfUtils.java:logGet(46)) - raft.server.log.segment.size.max = 1048576 (custom)
2022-11-14 01:05:05,488 [pool-308-thread-1] INFO  server.RaftServerConfigKeys (ConfUtils.java:logGet(46)) - raft.server.log.preallocated.size = 16384 (custom)
2022-11-14 01:05:05,488 [pool-308-thread-1] INFO  server.RaftServerConfigKeys (ConfUtils.java:logGet(46)) - raft.server.log.force.sync.num = 128 (default)
2022-11-14 01:05:05,488 [pool-308-thread-1] INFO  server.RaftServerConfigKeys (ConfUtils.java:logGet(46)) - raft.server.log.statemachine.data.sync = true (default)
2022-11-14 01:05:05,488 [pool-308-thread-1] INFO  server.RaftServerConfigKeys (ConfUtils.java:logGet(46)) - raft.server.log.statemachine.data.sync.timeout = 10s (default)
2022-11-14 01:05:05,488 [pool-308-thread-1] INFO  server.RaftServerConfigKeys (ConfUtils.java:logGet(46)) - raft.server.log.statemachine.data.sync.timeout.retry = -1 (default)
2022-11-14 01:05:05,489 [pool-308-thread-1] INFO  server.RaftServerConfigKeys (ConfUtils.java:logGet(46)) - raft.server.log.write.buffer.size = 1048576 (custom)
2022-11-14 01:05:05,490 [pool-308-thread-1] INFO  server.RaftServerConfigKeys (ConfUtils.java:logGet(46)) - raft.server.log.unsafe-flush.enabled = false (default)
2022-11-14 01:05:05,490 [pool-308-thread-1] INFO  server.RaftServerConfigKeys (ConfUtils.java:logGet(46)) - raft.server.log.async-flush.enabled = false (default)
2022-11-14 01:05:05,490 [pool-308-thread-1] INFO  server.RaftServerConfigKeys (ConfUtils.java:logGet(46)) - raft.server.log.statemachine.data.caching.enabled = true (custom)
2022-11-14 01:05:05,490 [pool-308-thread-1] INFO  segmented.SegmentedRaftLogWorker (SegmentedRaftLogWorker.java:lambda$new$0(136)) - 64f2a322-bab2-49a6-bf14-d21796863fbb@group-B93C309DF681-SegmentedRaftLogWorker: flushIndex: setUnconditionally 0 -> -1
2022-11-14 01:05:05,490 [pool-308-thread-1] INFO  segmented.SegmentedRaftLogWorker (SegmentedRaftLogWorker.java:lambda$new$0(136)) - 64f2a322-bab2-49a6-bf14-d21796863fbb@group-B93C309DF681-SegmentedRaftLogWorker: safeCacheEvictIndex: setUnconditionally 0 -> -1
2022-11-14 01:05:05,490 [pool-308-thread-1] INFO  server.RaftServer$Division (RaftServerImpl.java:start(334)) - 64f2a322-bab2-49a6-bf14-d21796863fbb@group-B93C309DF681: start as a follower, conf=-1: peers:[64f2a322-bab2-49a6-bf14-d21796863fbb|rpc:10.1.0.33:36135|priority:0|startupRole:FOLLOWER, 3ebe5f2d-7fe4-4d1b-9835-0749a91ddd88|rpc:10.1.0.33:36307|priority:0|startupRole:FOLLOWER, 6d7210a4-52ae-4f69-8b98-4fa3950c6b17|rpc:10.1.0.33:42253|priority:1|startupRole:FOLLOWER]|listeners:[], old=null
2022-11-14 01:05:05,490 [pool-308-thread-1] INFO  server.RaftServer$Division (RaftServerImpl.java:setRole(321)) - 64f2a322-bab2-49a6-bf14-d21796863fbb@group-B93C309DF681: changes role from      null to FOLLOWER at term 0 for startAsFollower
2022-11-14 01:05:05,490 [pool-308-thread-1] INFO  impl.RoleInfo (RoleInfo.java:updateAndGet(139)) - 64f2a322-bab2-49a6-bf14-d21796863fbb: start 64f2a322-bab2-49a6-bf14-d21796863fbb@group-B93C309DF681-FollowerState
2022-11-14 01:05:05,491 [pool-308-thread-1] INFO  util.JmxRegister (JmxRegister.java:tryRegister(44)) - Successfully registered JMX Bean with object name Ratis:service=RaftServer,group=group-B93C309DF681,id=64f2a322-bab2-49a6-bf14-d21796863fbb
2022-11-14 01:05:05,491 [pool-308-thread-1] INFO  server.RaftServerConfigKeys (ConfUtils.java:logGet(46)) - raft.server.snapshot.auto.trigger.enabled = true (custom)
2022-11-14 01:05:05,491 [pool-308-thread-1] INFO  server.RaftServerConfigKeys (ConfUtils.java:logGet(46)) - raft.server.snapshot.auto.trigger.threshold = 10000 (custom)
2022-11-14 01:05:05,491 [pool-308-thread-1] INFO  server.RaftServerConfigKeys (ConfUtils.java:logGet(46)) - raft.server.snapshot.retention.file.num = 5 (custom)
2022-11-14 01:05:05,491 [pool-308-thread-1] INFO  server.RaftServerConfigKeys (ConfUtils.java:logGet(46)) - raft.server.log.purge.upto.snapshot.index = false (default)
2022-11-14 01:05:05,493 [Command processor thread] INFO  ratis.XceiverServerRatis (XceiverServerRatis.java:addGroup(765)) - Created group PipelineID=4a3b87c8-b214-4e29-bf5c-b93c309df681
2022-11-14 01:05:05,496 [64f2a322-bab2-49a6-bf14-d21796863fbb@group-B93C309DF681-FollowerState] INFO  server.RaftServerConfigKeys (ConfUtils.java:logFallback(53)) - raft.server.rpc.first-election.timeout.min = 5s (fallback to raft.server.rpc.timeout.min)
2022-11-14 01:05:05,496 [64f2a322-bab2-49a6-bf14-d21796863fbb@group-B93C309DF681-FollowerState] INFO  server.RaftServerConfigKeys (ConfUtils.java:logFallback(53)) - raft.server.rpc.first-election.timeout.max = 5200ms (fallback to raft.server.rpc.timeout.max)
2022-11-14 01:05:05,523 [grpc-default-executor-0] INFO  server.RaftServer (RaftServerProxy.java:addNew(96)) - 6d7210a4-52ae-4f69-8b98-4fa3950c6b17: addNew group-B93C309DF681:[64f2a322-bab2-49a6-bf14-d21796863fbb|rpc:10.1.0.33:36135|dataStream:|priority:0|startupRole:FOLLOWER, 3ebe5f2d-7fe4-4d1b-9835-0749a91ddd88|rpc:10.1.0.33:36307|dataStream:|priority:0|startupRole:FOLLOWER, 6d7210a4-52ae-4f69-8b98-4fa3950c6b17|rpc:10.1.0.33:42253|dataStream:|priority:1|startupRole:FOLLOWER] returns group-B93C309DF681:java.util.concurrent.CompletableFuture@1a081c8c[Not completed]
2022-11-14 01:05:05,526 [pool-331-thread-1] INFO  server.RaftServer$Division (RaftServerImpl.java:<init>(195)) - 6d7210a4-52ae-4f69-8b98-4fa3950c6b17: new RaftServerImpl for group-B93C309DF681:[64f2a322-bab2-49a6-bf14-d21796863fbb|rpc:10.1.0.33:36135|dataStream:|priority:0|startupRole:FOLLOWER, 3ebe5f2d-7fe4-4d1b-9835-0749a91ddd88|rpc:10.1.0.33:36307|dataStream:|priority:0|startupRole:FOLLOWER, 6d7210a4-52ae-4f69-8b98-4fa3950c6b17|rpc:10.1.0.33:42253|dataStream:|priority:1|startupRole:FOLLOWER] with ContainerStateMachine:uninitialized
2022-11-14 01:05:05,527 [pool-331-thread-1] INFO  server.RaftServerConfigKeys (ConfUtils.java:logGet(46)) - raft.server.rpc.timeout.min = 5s (custom)
2022-11-14 01:05:05,527 [pool-331-thread-1] INFO  server.RaftServerConfigKeys (ConfUtils.java:logGet(46)) - raft.server.rpc.timeout.max = 5200ms (custom)
2022-11-14 01:05:05,527 [pool-331-thread-1] INFO  server.RaftServerConfigKeys (ConfUtils.java:logGet(46)) - raft.server.rpc.sleep.time = 25ms (default)
2022-11-14 01:05:05,527 [pool-331-thread-1] INFO  server.RaftServerConfigKeys (ConfUtils.java:logGet(46)) - raft.server.rpc.slowness.timeout = 300s (custom)
2022-11-14 01:05:05,527 [pool-331-thread-1] INFO  server.RaftServerConfigKeys (ConfUtils.java:logGet(46)) - raft.server.leaderelection.leader.step-down.wait-time = 10s (default)
2022-11-14 01:05:05,527 [pool-331-thread-1] INFO  server.RaftServerConfigKeys (ConfUtils.java:logGet(46)) - raft.server.sleep.deviation.threshold = 300ms (default)
2022-11-14 01:05:05,527 [pool-331-thread-1] INFO  server.RaftServer$Division (ServerState.java:<init>(118)) - 6d7210a4-52ae-4f69-8b98-4fa3950c6b17@group-B93C309DF681: ConfigurationManager, init=-1: peers:[64f2a322-bab2-49a6-bf14-d21796863fbb|rpc:10.1.0.33:36135|dataStream:|priority:0|startupRole:FOLLOWER, 3ebe5f2d-7fe4-4d1b-9835-0749a91ddd88|rpc:10.1.0.33:36307|dataStream:|priority:0|startupRole:FOLLOWER, 6d7210a4-52ae-4f69-8b98-4fa3950c6b17|rpc:10.1.0.33:42253|dataStream:|priority:1|startupRole:FOLLOWER]|listeners:[], old=null, confs=<EMPTY_MAP>
2022-11-14 01:05:05,527 [pool-331-thread-1] INFO  server.RaftServerConfigKeys (ConfUtils.java:logGet(46)) - raft.server.storage.dir = [/home/runner/work/ozone/ozone/hadoop-ozone/integration-test/target/test-dir/MiniOzoneClusterImpl-42f4391e-4969-4d67-80bf-65b59c0896c5/datanode-1/data/ratis] (custom)
2022-11-14 01:05:05,528 [pool-331-thread-1] INFO  server.RaftServerConfigKeys (ConfUtils.java:logGet(46)) - raft.server.log.corruption.policy = EXCEPTION (default)
2022-11-14 01:05:05,528 [pool-331-thread-1] INFO  server.RaftServerConfigKeys (ConfUtils.java:logGet(46)) - raft.server.storage.free-space.min = 0MB (=0) (default)
2022-11-14 01:05:05,528 [pool-331-thread-1] INFO  server.RaftServerConfigKeys (ConfUtils.java:logGet(46)) - raft.server.notification.no-leader.timeout = 300s (custom)
2022-11-14 01:05:05,528 [pool-331-thread-1] INFO  server.RaftServerConfigKeys (ConfUtils.java:logGet(46)) - raft.server.retrycache.expirytime = 600000ms (custom)
2022-11-14 01:05:05,528 [pool-331-thread-1] INFO  server.RaftServerConfigKeys (ConfUtils.java:logGet(46)) - raft.server.retrycache.statistics.expirytime = 100μs (default)
2022-11-14 01:05:05,530 [pool-331-thread-1] INFO  server.RaftServerConfigKeys (ConfUtils.java:logGet(46)) - raft.server.log.appender.install.snapshot.enabled = false (custom)
2022-11-14 01:05:05,530 [pool-331-thread-1] INFO  server.RaftServerConfigKeys (ConfUtils.java:logGet(46)) - raft.server.threadpool.server.cached = true (default)
2022-11-14 01:05:05,530 [pool-331-thread-1] INFO  server.RaftServerConfigKeys (ConfUtils.java:logGet(46)) - raft.server.threadpool.server.size = 0 (default)
2022-11-14 01:05:05,530 [pool-331-thread-1] INFO  server.RaftServerConfigKeys (ConfUtils.java:logGet(46)) - raft.server.threadpool.client.cached = true (default)
2022-11-14 01:05:05,530 [pool-331-thread-1] INFO  server.RaftServerConfigKeys (ConfUtils.java:logGet(46)) - raft.server.threadpool.client.size = 0 (default)
2022-11-14 01:05:05,531 [pool-331-thread-1] INFO  storage.RaftStorageDirectory (RaftStorageDirectoryImpl.java:analyzeStorage(137)) - The storage directory /home/runner/work/ozone/ozone/hadoop-ozone/integration-test/target/test-dir/MiniOzoneClusterImpl-42f4391e-4969-4d67-80bf-65b59c0896c5/datanode-1/data/ratis/4a3b87c8-b214-4e29-bf5c-b93c309df681 does not exist. Creating ...
2022-11-14 01:05:05,533 [pool-331-thread-1] INFO  storage.RaftStorageDirectory (RaftStorageDirectoryImpl.java:tryLock(231)) - Lock on /home/runner/work/ozone/ozone/hadoop-ozone/integration-test/target/test-dir/MiniOzoneClusterImpl-42f4391e-4969-4d67-80bf-65b59c0896c5/datanode-1/data/ratis/4a3b87c8-b214-4e29-bf5c-b93c309df681/in_use.lock acquired by nodename 11961@fv-az334-552
2022-11-14 01:05:05,534 [pool-331-thread-1] INFO  storage.RaftStorage (RaftStorageImpl.java:format(96)) - Storage directory /home/runner/work/ozone/ozone/hadoop-ozone/integration-test/target/test-dir/MiniOzoneClusterImpl-42f4391e-4969-4d67-80bf-65b59c0896c5/datanode-1/data/ratis/4a3b87c8-b214-4e29-bf5c-b93c309df681 has been successfully formatted.
2022-11-14 01:05:05,537 [pool-331-thread-1] INFO  ratis.ContainerStateMachine (ContainerStateMachine.java:loadSnapshot(236)) - group-B93C309DF681: The snapshot info is null. Setting the last applied indexto:(t:0, i:~)
2022-11-14 01:05:05,538 [pool-331-thread-1] INFO  server.RaftServerConfigKeys (ConfUtils.java:logGet(46)) - raft.server.log.use.memory = false (default)
2022-11-14 01:05:05,538 [pool-331-thread-1] INFO  server.RaftServerConfigKeys (ConfUtils.java:logGet(46)) - raft.server.log.purge.gap = 1000000 (custom)
2022-11-14 01:05:05,538 [pool-331-thread-1] INFO  server.RaftServerConfigKeys (ConfUtils.java:logGet(46)) - raft.server.log.appender.buffer.byte-limit = 33554432 (custom)
2022-11-14 01:05:05,538 [pool-331-thread-1] INFO  server.RaftServerConfigKeys (ConfUtils.java:logGet(46)) - raft.server.log.statemachine.data.read.timeout = 1000ms (default)
2022-11-14 01:05:05,538 [pool-331-thread-1] INFO  server.RaftServerConfigKeys (ConfUtils.java:logGet(46)) - raft.server.log.purge.preservation.log.num = 0 (default)
2022-11-14 01:05:05,538 [pool-331-thread-1] INFO  server.RaftServerConfigKeys (ConfUtils.java:logGet(46)) - raft.server.log.segment.size.max = 1048576 (custom)
2022-11-14 01:05:05,538 [pool-331-thread-1] INFO  server.RaftServerConfigKeys (ConfUtils.java:logGet(46)) - raft.server.log.segment.cache.num.max = 2 (custom)
2022-11-14 01:05:05,538 [pool-331-thread-1] INFO  server.RaftServerConfigKeys (ConfUtils.java:logGet(46)) - raft.server.log.segment.cache.size.max = 200MB (=209715200) (default)
2022-11-14 01:05:05,538 [pool-331-thread-1] INFO  segmented.SegmentedRaftLogWorker (SegmentedRaftLogWorker.java:<init>(191)) - new 6d7210a4-52ae-4f69-8b98-4fa3950c6b17@group-B93C309DF681-SegmentedRaftLogWorker for RaftStorageImpl:Storage Directory /home/runner/work/ozone/ozone/hadoop-ozone/integration-test/target/test-dir/MiniOzoneClusterImpl-42f4391e-4969-4d67-80bf-65b59c0896c5/datanode-1/data/ratis/4a3b87c8-b214-4e29-bf5c-b93c309df681
2022-11-14 01:05:05,538 [pool-331-thread-1] INFO  server.RaftServerConfigKeys (ConfUtils.java:logGet(46)) - raft.server.log.queue.byte-limit = 4294967296 (custom)
2022-11-14 01:05:05,540 [pool-331-thread-1] INFO  server.RaftServerConfigKeys (ConfUtils.java:logGet(46)) - raft.server.log.queue.element-limit = 1024 (custom)
2022-11-14 01:05:05,540 [pool-331-thread-1] INFO  server.RaftServerConfigKeys (ConfUtils.java:logGet(46)) - raft.server.log.segment.size.max = 1048576 (custom)
2022-11-14 01:05:05,540 [pool-331-thread-1] INFO  server.RaftServerConfigKeys (ConfUtils.java:logGet(46)) - raft.server.log.preallocated.size = 16384 (custom)
2022-11-14 01:05:05,540 [pool-331-thread-1] INFO  server.RaftServerConfigKeys (ConfUtils.java:logGet(46)) - raft.server.log.force.sync.num = 128 (default)
2022-11-14 01:05:05,540 [pool-331-thread-1] INFO  server.RaftServerConfigKeys (ConfUtils.java:logGet(46)) - raft.server.log.statemachine.data.sync = true (default)
2022-11-14 01:05:05,540 [pool-331-thread-1] INFO  server.RaftServerConfigKeys (ConfUtils.java:logGet(46)) - raft.server.log.statemachine.data.sync.timeout = 10s (default)
2022-11-14 01:05:05,540 [pool-331-thread-1] INFO  server.RaftServerConfigKeys (ConfUtils.java:logGet(46)) - raft.server.log.statemachine.data.sync.timeout.retry = -1 (default)
2022-11-14 01:05:05,541 [pool-331-thread-1] INFO  server.RaftServerConfigKeys (ConfUtils.java:logGet(46)) - raft.server.log.write.buffer.size = 1048576 (custom)
2022-11-14 01:05:05,541 [pool-331-thread-1] INFO  server.RaftServerConfigKeys (ConfUtils.java:logGet(46)) - raft.server.log.unsafe-flush.enabled = false (default)
2022-11-14 01:05:05,541 [pool-331-thread-1] INFO  server.RaftServerConfigKeys (ConfUtils.java:logGet(46)) - raft.server.log.async-flush.enabled = false (default)
2022-11-14 01:05:05,541 [pool-331-thread-1] INFO  server.RaftServerConfigKeys (ConfUtils.java:logGet(46)) - raft.server.log.statemachine.data.caching.enabled = true (custom)
2022-11-14 01:05:05,541 [pool-331-thread-1] INFO  segmented.SegmentedRaftLogWorker (SegmentedRaftLogWorker.java:lambda$new$0(136)) - 6d7210a4-52ae-4f69-8b98-4fa3950c6b17@group-B93C309DF681-SegmentedRaftLogWorker: flushIndex: setUnconditionally 0 -> -1
2022-11-14 01:05:05,541 [pool-331-thread-1] INFO  segmented.SegmentedRaftLogWorker (SegmentedRaftLogWorker.java:lambda$new$0(136)) - 6d7210a4-52ae-4f69-8b98-4fa3950c6b17@group-B93C309DF681-SegmentedRaftLogWorker: safeCacheEvictIndex: setUnconditionally 0 -> -1
2022-11-14 01:05:05,543 [pool-331-thread-1] INFO  server.RaftServer$Division (RaftServerImpl.java:start(334)) - 6d7210a4-52ae-4f69-8b98-4fa3950c6b17@group-B93C309DF681: start as a follower, conf=-1: peers:[64f2a322-bab2-49a6-bf14-d21796863fbb|rpc:10.1.0.33:36135|dataStream:|priority:0|startupRole:FOLLOWER, 3ebe5f2d-7fe4-4d1b-9835-0749a91ddd88|rpc:10.1.0.33:36307|dataStream:|priority:0|startupRole:FOLLOWER, 6d7210a4-52ae-4f69-8b98-4fa3950c6b17|rpc:10.1.0.33:42253|dataStream:|priority:1|startupRole:FOLLOWER]|listeners:[], old=null
2022-11-14 01:05:05,543 [pool-331-thread-1] INFO  server.RaftServer$Division (RaftServerImpl.java:setRole(321)) - 6d7210a4-52ae-4f69-8b98-4fa3950c6b17@group-B93C309DF681: changes role from      null to FOLLOWER at term 0 for startAsFollower
2022-11-14 01:05:05,543 [pool-331-thread-1] INFO  impl.RoleInfo (RoleInfo.java:updateAndGet(139)) - 6d7210a4-52ae-4f69-8b98-4fa3950c6b17: start 6d7210a4-52ae-4f69-8b98-4fa3950c6b17@group-B93C309DF681-FollowerState
2022-11-14 01:05:05,546 [pool-331-thread-1] INFO  util.JmxRegister (JmxRegister.java:tryRegister(44)) - Successfully registered JMX Bean with object name Ratis:service=RaftServer,group=group-B93C309DF681,id=6d7210a4-52ae-4f69-8b98-4fa3950c6b17
2022-11-14 01:05:05,546 [pool-331-thread-1] INFO  server.RaftServerConfigKeys (ConfUtils.java:logGet(46)) - raft.server.snapshot.auto.trigger.enabled = true (custom)
2022-11-14 01:05:05,546 [pool-331-thread-1] INFO  server.RaftServerConfigKeys (ConfUtils.java:logGet(46)) - raft.server.snapshot.auto.trigger.threshold = 10000 (custom)
2022-11-14 01:05:05,546 [pool-331-thread-1] INFO  server.RaftServerConfigKeys (ConfUtils.java:logGet(46)) - raft.server.snapshot.retention.file.num = 5 (custom)
2022-11-14 01:05:05,546 [pool-331-thread-1] INFO  server.RaftServerConfigKeys (ConfUtils.java:logGet(46)) - raft.server.log.purge.upto.snapshot.index = false (default)
2022-11-14 01:05:05,547 [6d7210a4-52ae-4f69-8b98-4fa3950c6b17@group-B93C309DF681-FollowerState] INFO  server.RaftServerConfigKeys (ConfUtils.java:logFallback(53)) - raft.server.rpc.first-election.timeout.min = 5s (fallback to raft.server.rpc.timeout.min)
2022-11-14 01:05:05,547 [6d7210a4-52ae-4f69-8b98-4fa3950c6b17@group-B93C309DF681-FollowerState] INFO  server.RaftServerConfigKeys (ConfUtils.java:logFallback(53)) - raft.server.rpc.first-election.timeout.max = 5200ms (fallback to raft.server.rpc.timeout.max)
2022-11-14 01:05:05,579 [grpc-default-executor-0] INFO  server.RaftServer (RaftServerProxy.java:addNew(96)) - 3ebe5f2d-7fe4-4d1b-9835-0749a91ddd88: addNew group-B93C309DF681:[64f2a322-bab2-49a6-bf14-d21796863fbb|rpc:10.1.0.33:36135|dataStream:|priority:0|startupRole:FOLLOWER, 3ebe5f2d-7fe4-4d1b-9835-0749a91ddd88|rpc:10.1.0.33:36307|dataStream:|priority:0|startupRole:FOLLOWER, 6d7210a4-52ae-4f69-8b98-4fa3950c6b17|rpc:10.1.0.33:42253|dataStream:|priority:1|startupRole:FOLLOWER] returns group-B93C309DF681:java.util.concurrent.CompletableFuture@7e1288f0[Not completed]
2022-11-14 01:05:05,580 [pool-354-thread-1] INFO  server.RaftServer$Division (RaftServerImpl.java:<init>(195)) - 3ebe5f2d-7fe4-4d1b-9835-0749a91ddd88: new RaftServerImpl for group-B93C309DF681:[64f2a322-bab2-49a6-bf14-d21796863fbb|rpc:10.1.0.33:36135|dataStream:|priority:0|startupRole:FOLLOWER, 3ebe5f2d-7fe4-4d1b-9835-0749a91ddd88|rpc:10.1.0.33:36307|dataStream:|priority:0|startupRole:FOLLOWER, 6d7210a4-52ae-4f69-8b98-4fa3950c6b17|rpc:10.1.0.33:42253|dataStream:|priority:1|startupRole:FOLLOWER] with ContainerStateMachine:uninitialized
2022-11-14 01:05:05,580 [pool-354-thread-1] INFO  server.RaftServerConfigKeys (ConfUtils.java:logGet(46)) - raft.server.rpc.timeout.min = 5s (custom)
2022-11-14 01:05:05,582 [pool-354-thread-1] INFO  server.RaftServerConfigKeys (ConfUtils.java:logGet(46)) - raft.server.rpc.timeout.max = 5200ms (custom)
2022-11-14 01:05:05,582 [pool-354-thread-1] INFO  server.RaftServerConfigKeys (ConfUtils.java:logGet(46)) - raft.server.rpc.sleep.time = 25ms (default)
2022-11-14 01:05:05,582 [pool-354-thread-1] INFO  server.RaftServerConfigKeys (ConfUtils.java:logGet(46)) - raft.server.rpc.slowness.timeout = 300s (custom)
2022-11-14 01:05:05,582 [pool-354-thread-1] INFO  server.RaftServerConfigKeys (ConfUtils.java:logGet(46)) - raft.server.leaderelection.leader.step-down.wait-time = 10s (default)
2022-11-14 01:05:05,582 [pool-354-thread-1] INFO  server.RaftServerConfigKeys (ConfUtils.java:logGet(46)) - raft.server.sleep.deviation.threshold = 300ms (default)
2022-11-14 01:05:05,582 [pool-354-thread-1] INFO  server.RaftServer$Division (ServerState.java:<init>(118)) - 3ebe5f2d-7fe4-4d1b-9835-0749a91ddd88@group-B93C309DF681: ConfigurationManager, init=-1: peers:[64f2a322-bab2-49a6-bf14-d21796863fbb|rpc:10.1.0.33:36135|dataStream:|priority:0|startupRole:FOLLOWER, 3ebe5f2d-7fe4-4d1b-9835-0749a91ddd88|rpc:10.1.0.33:36307|dataStream:|priority:0|startupRole:FOLLOWER, 6d7210a4-52ae-4f69-8b98-4fa3950c6b17|rpc:10.1.0.33:42253|dataStream:|priority:1|startupRole:FOLLOWER]|listeners:[], old=null, confs=<EMPTY_MAP>
2022-11-14 01:05:05,583 [pool-354-thread-1] INFO  server.RaftServerConfigKeys (ConfUtils.java:logGet(46)) - raft.server.storage.dir = [/home/runner/work/ozone/ozone/hadoop-ozone/integration-test/target/test-dir/MiniOzoneClusterImpl-42f4391e-4969-4d67-80bf-65b59c0896c5/datanode-2/data/ratis] (custom)
2022-11-14 01:05:05,583 [pool-354-thread-1] INFO  server.RaftServerConfigKeys (ConfUtils.java:logGet(46)) - raft.server.log.corruption.policy = EXCEPTION (default)
2022-11-14 01:05:05,583 [pool-354-thread-1] INFO  server.RaftServerConfigKeys (ConfUtils.java:logGet(46)) - raft.server.storage.free-space.min = 0MB (=0) (default)
2022-11-14 01:05:05,583 [pool-354-thread-1] INFO  server.RaftServerConfigKeys (ConfUtils.java:logGet(46)) - raft.server.notification.no-leader.timeout = 300s (custom)
2022-11-14 01:05:05,583 [pool-354-thread-1] INFO  server.RaftServerConfigKeys (ConfUtils.java:logGet(46)) - raft.server.retrycache.expirytime = 600000ms (custom)
2022-11-14 01:05:05,583 [pool-354-thread-1] INFO  server.RaftServerConfigKeys (ConfUtils.java:logGet(46)) - raft.server.retrycache.statistics.expirytime = 100μs (default)
2022-11-14 01:05:05,584 [pool-354-thread-1] INFO  server.RaftServerConfigKeys (ConfUtils.java:logGet(46)) - raft.server.log.appender.install.snapshot.enabled = false (custom)
2022-11-14 01:05:05,584 [pool-354-thread-1] INFO  server.RaftServerConfigKeys (ConfUtils.java:logGet(46)) - raft.server.threadpool.server.cached = true (default)
2022-11-14 01:05:05,584 [pool-354-thread-1] INFO  server.RaftServerConfigKeys (ConfUtils.java:logGet(46)) - raft.server.threadpool.server.size = 0 (default)
2022-11-14 01:05:05,585 [pool-354-thread-1] INFO  server.RaftServerConfigKeys (ConfUtils.java:logGet(46)) - raft.server.threadpool.client.cached = true (default)
2022-11-14 01:05:05,585 [pool-354-thread-1] INFO  server.RaftServerConfigKeys (ConfUtils.java:logGet(46)) - raft.server.threadpool.client.size = 0 (default)
2022-11-14 01:05:05,585 [pool-354-thread-1] INFO  storage.RaftStorageDirectory (RaftStorageDirectoryImpl.java:analyzeStorage(137)) - The storage directory /home/runner/work/ozone/ozone/hadoop-ozone/integration-test/target/test-dir/MiniOzoneClusterImpl-42f4391e-4969-4d67-80bf-65b59c0896c5/datanode-2/data/ratis/4a3b87c8-b214-4e29-bf5c-b93c309df681 does not exist. Creating ...
2022-11-14 01:05:05,586 [pool-354-thread-1] INFO  storage.RaftStorageDirectory (RaftStorageDirectoryImpl.java:tryLock(231)) - Lock on /home/runner/work/ozone/ozone/hadoop-ozone/integration-test/target/test-dir/MiniOzoneClusterImpl-42f4391e-4969-4d67-80bf-65b59c0896c5/datanode-2/data/ratis/4a3b87c8-b214-4e29-bf5c-b93c309df681/in_use.lock acquired by nodename 11961@fv-az334-552
2022-11-14 01:05:05,587 [pool-354-thread-1] INFO  storage.RaftStorage (RaftStorageImpl.java:format(96)) - Storage directory /home/runner/work/ozone/ozone/hadoop-ozone/integration-test/target/test-dir/MiniOzoneClusterImpl-42f4391e-4969-4d67-80bf-65b59c0896c5/datanode-2/data/ratis/4a3b87c8-b214-4e29-bf5c-b93c309df681 has been successfully formatted.
2022-11-14 01:05:05,588 [pool-354-thread-1] INFO  ratis.ContainerStateMachine (ContainerStateMachine.java:loadSnapshot(236)) - group-B93C309DF681: The snapshot info is null. Setting the last applied indexto:(t:0, i:~)
2022-11-14 01:05:05,588 [pool-354-thread-1] INFO  server.RaftServerConfigKeys (ConfUtils.java:logGet(46)) - raft.server.log.use.memory = false (default)
2022-11-14 01:05:05,588 [pool-354-thread-1] INFO  server.RaftServerConfigKeys (ConfUtils.java:logGet(46)) - raft.server.log.purge.gap = 1000000 (custom)
2022-11-14 01:05:05,588 [pool-354-thread-1] INFO  server.RaftServerConfigKeys (ConfUtils.java:logGet(46)) - raft.server.log.appender.buffer.byte-limit = 33554432 (custom)
2022-11-14 01:05:05,588 [pool-354-thread-1] INFO  server.RaftServerConfigKeys (ConfUtils.java:logGet(46)) - raft.server.log.statemachine.data.read.timeout = 1000ms (default)
2022-11-14 01:05:05,588 [pool-354-thread-1] INFO  server.RaftServerConfigKeys (ConfUtils.java:logGet(46)) - raft.server.log.purge.preservation.log.num = 0 (default)
2022-11-14 01:05:05,588 [pool-354-thread-1] INFO  server.RaftServerConfigKeys (ConfUtils.java:logGet(46)) - raft.server.log.segment.size.max = 1048576 (custom)
2022-11-14 01:05:05,589 [pool-354-thread-1] INFO  server.RaftServerConfigKeys (ConfUtils.java:logGet(46)) - raft.server.log.segment.cache.num.max = 2 (custom)
2022-11-14 01:05:05,589 [pool-354-thread-1] INFO  server.RaftServerConfigKeys (ConfUtils.java:logGet(46)) - raft.server.log.segment.cache.size.max = 200MB (=209715200) (default)
2022-11-14 01:05:05,589 [pool-354-thread-1] INFO  segmented.SegmentedRaftLogWorker (SegmentedRaftLogWorker.java:<init>(191)) - new 3ebe5f2d-7fe4-4d1b-9835-0749a91ddd88@group-B93C309DF681-SegmentedRaftLogWorker for RaftStorageImpl:Storage Directory /home/runner/work/ozone/ozone/hadoop-ozone/integration-test/target/test-dir/MiniOzoneClusterImpl-42f4391e-4969-4d67-80bf-65b59c0896c5/datanode-2/data/ratis/4a3b87c8-b214-4e29-bf5c-b93c309df681
2022-11-14 01:05:05,589 [pool-354-thread-1] INFO  server.RaftServerConfigKeys (ConfUtils.java:logGet(46)) - raft.server.log.queue.byte-limit = 4294967296 (custom)
2022-11-14 01:05:05,589 [pool-354-thread-1] INFO  server.RaftServerConfigKeys (ConfUtils.java:logGet(46)) - raft.server.log.queue.element-limit = 1024 (custom)
2022-11-14 01:05:05,589 [pool-354-thread-1] INFO  server.RaftServerConfigKeys (ConfUtils.java:logGet(46)) - raft.server.log.segment.size.max = 1048576 (custom)
2022-11-14 01:05:05,589 [pool-354-thread-1] INFO  server.RaftServerConfigKeys (ConfUtils.java:logGet(46)) - raft.server.log.preallocated.size = 16384 (custom)
2022-11-14 01:05:05,589 [pool-354-thread-1] INFO  server.RaftServerConfigKeys (ConfUtils.java:logGet(46)) - raft.server.log.force.sync.num = 128 (default)
2022-11-14 01:05:05,589 [pool-354-thread-1] INFO  server.RaftServerConfigKeys (ConfUtils.java:logGet(46)) - raft.server.log.statemachine.data.sync = true (default)
2022-11-14 01:05:05,589 [pool-354-thread-1] INFO  server.RaftServerConfigKeys (ConfUtils.java:logGet(46)) - raft.server.log.statemachine.data.sync.timeout = 10s (default)
2022-11-14 01:05:05,589 [pool-354-thread-1] INFO  server.RaftServerConfigKeys (ConfUtils.java:logGet(46)) - raft.server.log.statemachine.data.sync.timeout.retry = -1 (default)
2022-11-14 01:05:05,590 [pool-354-thread-1] INFO  server.RaftServerConfigKeys (ConfUtils.java:logGet(46)) - raft.server.log.write.buffer.size = 1048576 (custom)
2022-11-14 01:05:05,590 [pool-354-thread-1] INFO  server.RaftServerConfigKeys (ConfUtils.java:logGet(46)) - raft.server.log.unsafe-flush.enabled = false (default)
2022-11-14 01:05:05,590 [pool-354-thread-1] INFO  server.RaftServerConfigKeys (ConfUtils.java:logGet(46)) - raft.server.log.async-flush.enabled = false (default)
2022-11-14 01:05:05,590 [pool-354-thread-1] INFO  server.RaftServerConfigKeys (ConfUtils.java:logGet(46)) - raft.server.log.statemachine.data.caching.enabled = true (custom)
2022-11-14 01:05:05,590 [pool-354-thread-1] INFO  segmented.SegmentedRaftLogWorker (SegmentedRaftLogWorker.java:lambda$new$0(136)) - 3ebe5f2d-7fe4-4d1b-9835-0749a91ddd88@group-B93C309DF681-SegmentedRaftLogWorker: flushIndex: setUnconditionally 0 -> -1
2022-11-14 01:05:05,590 [pool-354-thread-1] INFO  segmented.SegmentedRaftLogWorker (SegmentedRaftLogWorker.java:lambda$new$0(136)) - 3ebe5f2d-7fe4-4d1b-9835-0749a91ddd88@group-B93C309DF681-SegmentedRaftLogWorker: safeCacheEvictIndex: setUnconditionally 0 -> -1
2022-11-14 01:05:05,591 [pool-354-thread-1] INFO  server.RaftServer$Division (RaftServerImpl.java:start(334)) - 3ebe5f2d-7fe4-4d1b-9835-0749a91ddd88@group-B93C309DF681: start as a follower, conf=-1: peers:[64f2a322-bab2-49a6-bf14-d21796863fbb|rpc:10.1.0.33:36135|dataStream:|priority:0|startupRole:FOLLOWER, 3ebe5f2d-7fe4-4d1b-9835-0749a91ddd88|rpc:10.1.0.33:36307|dataStream:|priority:0|startupRole:FOLLOWER, 6d7210a4-52ae-4f69-8b98-4fa3950c6b17|rpc:10.1.0.33:42253|dataStream:|priority:1|startupRole:FOLLOWER]|listeners:[], old=null
2022-11-14 01:05:05,591 [pool-354-thread-1] INFO  server.RaftServer$Division (RaftServerImpl.java:setRole(321)) - 3ebe5f2d-7fe4-4d1b-9835-0749a91ddd88@group-B93C309DF681: changes role from      null to FOLLOWER at term 0 for startAsFollower
2022-11-14 01:05:05,591 [pool-354-thread-1] INFO  impl.RoleInfo (RoleInfo.java:updateAndGet(139)) - 3ebe5f2d-7fe4-4d1b-9835-0749a91ddd88: start 3ebe5f2d-7fe4-4d1b-9835-0749a91ddd88@group-B93C309DF681-FollowerState
2022-11-14 01:05:05,593 [pool-354-thread-1] INFO  util.JmxRegister (JmxRegister.java:tryRegister(44)) - Successfully registered JMX Bean with object name Ratis:service=RaftServer,group=group-B93C309DF681,id=3ebe5f2d-7fe4-4d1b-9835-0749a91ddd88
2022-11-14 01:05:05,593 [3ebe5f2d-7fe4-4d1b-9835-0749a91ddd88@group-B93C309DF681-FollowerState] INFO  server.RaftServerConfigKeys (ConfUtils.java:logFallback(53)) - raft.server.rpc.first-election.timeout.min = 5s (fallback to raft.server.rpc.timeout.min)
2022-11-14 01:05:05,593 [pool-354-thread-1] INFO  server.RaftServerConfigKeys (ConfUtils.java:logGet(46)) - raft.server.snapshot.auto.trigger.enabled = true (custom)
2022-11-14 01:05:05,593 [3ebe5f2d-7fe4-4d1b-9835-0749a91ddd88@group-B93C309DF681-FollowerState] INFO  server.RaftServerConfigKeys (ConfUtils.java:logFallback(53)) - raft.server.rpc.first-election.timeout.max = 5200ms (fallback to raft.server.rpc.timeout.max)
2022-11-14 01:05:05,593 [pool-354-thread-1] INFO  server.RaftServerConfigKeys (ConfUtils.java:logGet(46)) - raft.server.snapshot.auto.trigger.threshold = 10000 (custom)
2022-11-14 01:05:05,594 [pool-354-thread-1] INFO  server.RaftServerConfigKeys (ConfUtils.java:logGet(46)) - raft.server.snapshot.retention.file.num = 5 (custom)
2022-11-14 01:05:05,594 [pool-354-thread-1] INFO  server.RaftServerConfigKeys (ConfUtils.java:logGet(46)) - raft.server.log.purge.upto.snapshot.index = false (default)
2022-11-14 01:05:05,598 [Command processor thread] INFO  commandhandler.CreatePipelineCommandHandler (CreatePipelineCommandHandler.java:handle(113)) - Created Pipeline RATIS THREE PipelineID=4a3b87c8-b214-4e29-bf5c-b93c309df681.
2022-11-14 01:05:05,598 [Command processor thread] INFO  server.RaftServer (RaftServerProxy.java:addNew(96)) - 64f2a322-bab2-49a6-bf14-d21796863fbb: addNew group-602CA8FC85E9:[64f2a322-bab2-49a6-bf14-d21796863fbb|rpc:10.1.0.33:36135|priority:0|startupRole:FOLLOWER, 3ebe5f2d-7fe4-4d1b-9835-0749a91ddd88|rpc:10.1.0.33:36307|priority:1|startupRole:FOLLOWER, 6d7210a4-52ae-4f69-8b98-4fa3950c6b17|rpc:10.1.0.33:42253|priority:0|startupRole:FOLLOWER] returns group-602CA8FC85E9:java.util.concurrent.CompletableFuture@616b93b2[Not completed]
2022-11-14 01:05:05,599 [pool-308-thread-1] INFO  server.RaftServer$Division (RaftServerImpl.java:<init>(195)) - 64f2a322-bab2-49a6-bf14-d21796863fbb: new RaftServerImpl for group-602CA8FC85E9:[64f2a322-bab2-49a6-bf14-d21796863fbb|rpc:10.1.0.33:36135|priority:0|startupRole:FOLLOWER, 3ebe5f2d-7fe4-4d1b-9835-0749a91ddd88|rpc:10.1.0.33:36307|priority:1|startupRole:FOLLOWER, 6d7210a4-52ae-4f69-8b98-4fa3950c6b17|rpc:10.1.0.33:42253|priority:0|startupRole:FOLLOWER] with ContainerStateMachine:uninitialized
2022-11-14 01:05:05,599 [pool-308-thread-1] INFO  server.RaftServerConfigKeys (ConfUtils.java:logGet(46)) - raft.server.rpc.timeout.min = 5s (custom)
2022-11-14 01:05:05,599 [pool-308-thread-1] INFO  server.RaftServerConfigKeys (ConfUtils.java:logGet(46)) - raft.server.rpc.timeout.max = 5200ms (custom)
2022-11-14 01:05:05,599 [pool-308-thread-1] INFO  server.RaftServerConfigKeys (ConfUtils.java:logGet(46)) - raft.server.rpc.sleep.time = 25ms (default)
2022-11-14 01:05:05,599 [pool-308-thread-1] INFO  server.RaftServerConfigKeys (ConfUtils.java:logGet(46)) - raft.server.rpc.slowness.timeout = 300s (custom)
2022-11-14 01:05:05,599 [pool-308-thread-1] INFO  server.RaftServerConfigKeys (ConfUtils.java:logGet(46)) - raft.server.leaderelection.leader.step-down.wait-time = 10s (default)
2022-11-14 01:05:05,599 [pool-308-thread-1] INFO  server.RaftServerConfigKeys (ConfUtils.java:logGet(46)) - raft.server.sleep.deviation.threshold = 300ms (default)
2022-11-14 01:05:05,599 [pool-308-thread-1] INFO  server.RaftServer$Division (ServerState.java:<init>(118)) - 64f2a322-bab2-49a6-bf14-d21796863fbb@group-602CA8FC85E9: ConfigurationManager, init=-1: peers:[64f2a322-bab2-49a6-bf14-d21796863fbb|rpc:10.1.0.33:36135|priority:0|startupRole:FOLLOWER, 3ebe5f2d-7fe4-4d1b-9835-0749a91ddd88|rpc:10.1.0.33:36307|priority:1|startupRole:FOLLOWER, 6d7210a4-52ae-4f69-8b98-4fa3950c6b17|rpc:10.1.0.33:42253|priority:0|startupRole:FOLLOWER]|listeners:[], old=null, confs=<EMPTY_MAP>
2022-11-14 01:05:05,600 [pool-308-thread-1] INFO  server.RaftServerConfigKeys (ConfUtils.java:logGet(46)) - raft.server.storage.dir = [/home/runner/work/ozone/ozone/hadoop-ozone/integration-test/target/test-dir/MiniOzoneClusterImpl-42f4391e-4969-4d67-80bf-65b59c0896c5/datanode-0/data/ratis] (custom)
2022-11-14 01:05:05,600 [pool-308-thread-1] INFO  server.RaftServerConfigKeys (ConfUtils.java:logGet(46)) - raft.server.log.corruption.policy = EXCEPTION (default)
2022-11-14 01:05:05,600 [pool-308-thread-1] INFO  server.RaftServerConfigKeys (ConfUtils.java:logGet(46)) - raft.server.storage.free-space.min = 0MB (=0) (default)
2022-11-14 01:05:05,600 [pool-308-thread-1] INFO  server.RaftServerConfigKeys (ConfUtils.java:logGet(46)) - raft.server.notification.no-leader.timeout = 300s (custom)
2022-11-14 01:05:05,600 [pool-308-thread-1] INFO  server.RaftServerConfigKeys (ConfUtils.java:logGet(46)) - raft.server.retrycache.expirytime = 600000ms (custom)
2022-11-14 01:05:05,600 [pool-308-thread-1] INFO  server.RaftServerConfigKeys (ConfUtils.java:logGet(46)) - raft.server.retrycache.statistics.expirytime = 100μs (default)
2022-11-14 01:05:05,601 [pool-308-thread-1] INFO  server.RaftServerConfigKeys (ConfUtils.java:logGet(46)) - raft.server.log.appender.install.snapshot.enabled = false (custom)
2022-11-14 01:05:05,601 [pool-308-thread-1] INFO  server.RaftServerConfigKeys (ConfUtils.java:logGet(46)) - raft.server.threadpool.server.cached = true (default)
2022-11-14 01:05:05,601 [pool-308-thread-1] INFO  server.RaftServerConfigKeys (ConfUtils.java:logGet(46)) - raft.server.threadpool.server.size = 0 (default)
2022-11-14 01:05:05,601 [pool-308-thread-1] INFO  server.RaftServerConfigKeys (ConfUtils.java:logGet(46)) - raft.server.threadpool.client.cached = true (default)
2022-11-14 01:05:05,601 [pool-308-thread-1] INFO  server.RaftServerConfigKeys (ConfUtils.java:logGet(46)) - raft.server.threadpool.client.size = 0 (default)
2022-11-14 01:05:05,601 [pool-308-thread-1] INFO  storage.RaftStorageDirectory (RaftStorageDirectoryImpl.java:analyzeStorage(137)) - The storage directory /home/runner/work/ozone/ozone/hadoop-ozone/integration-test/target/test-dir/MiniOzoneClusterImpl-42f4391e-4969-4d67-80bf-65b59c0896c5/datanode-0/data/ratis/30370e2e-80d1-4efe-b890-602ca8fc85e9 does not exist. Creating ...
2022-11-14 01:05:05,603 [pool-308-thread-1] INFO  storage.RaftStorageDirectory (RaftStorageDirectoryImpl.java:tryLock(231)) - Lock on /home/runner/work/ozone/ozone/hadoop-ozone/integration-test/target/test-dir/MiniOzoneClusterImpl-42f4391e-4969-4d67-80bf-65b59c0896c5/datanode-0/data/ratis/30370e2e-80d1-4efe-b890-602ca8fc85e9/in_use.lock acquired by nodename 11961@fv-az334-552
2022-11-14 01:05:05,604 [pool-308-thread-1] INFO  storage.RaftStorage (RaftStorageImpl.java:format(96)) - Storage directory /home/runner/work/ozone/ozone/hadoop-ozone/integration-test/target/test-dir/MiniOzoneClusterImpl-42f4391e-4969-4d67-80bf-65b59c0896c5/datanode-0/data/ratis/30370e2e-80d1-4efe-b890-602ca8fc85e9 has been successfully formatted.
2022-11-14 01:05:05,604 [pool-308-thread-1] INFO  ratis.ContainerStateMachine (ContainerStateMachine.java:loadSnapshot(236)) - group-602CA8FC85E9: The snapshot info is null. Setting the last applied indexto:(t:0, i:~)
2022-11-14 01:05:05,604 [pool-308-thread-1] INFO  server.RaftServerConfigKeys (ConfUtils.java:logGet(46)) - raft.server.log.use.memory = false (default)
2022-11-14 01:05:05,604 [pool-308-thread-1] INFO  server.RaftServerConfigKeys (ConfUtils.java:logGet(46)) - raft.server.log.purge.gap = 1000000 (custom)
2022-11-14 01:05:05,604 [pool-308-thread-1] INFO  server.RaftServerConfigKeys (ConfUtils.java:logGet(46)) - raft.server.log.appender.buffer.byte-limit = 33554432 (custom)
2022-11-14 01:05:05,605 [pool-308-thread-1] INFO  server.RaftServerConfigKeys (ConfUtils.java:logGet(46)) - raft.server.log.statemachine.data.read.timeout = 1000ms (default)
2022-11-14 01:05:05,605 [pool-308-thread-1] INFO  server.RaftServerConfigKeys (ConfUtils.java:logGet(46)) - raft.server.log.purge.preservation.log.num = 0 (default)
2022-11-14 01:05:05,605 [pool-308-thread-1] INFO  server.RaftServerConfigKeys (ConfUtils.java:logGet(46)) - raft.server.log.segment.size.max = 1048576 (custom)
2022-11-14 01:05:05,605 [EventQueue-OpenPipelineForHealthyPipelineSafeModeRule] INFO  safemode.SCMSafeModeManager (HealthyPipelineSafeModeRule.java:process(137)) - SCM in safe mode. Healthy pipelines reported count is 0, required healthy pipeline reported count is 1
2022-11-14 01:05:05,606 [pool-308-thread-1] INFO  server.RaftServerConfigKeys (ConfUtils.java:logGet(46)) - raft.server.log.segment.cache.num.max = 2 (custom)
2022-11-14 01:05:05,606 [pool-308-thread-1] INFO  server.RaftServerConfigKeys (ConfUtils.java:logGet(46)) - raft.server.log.segment.cache.size.max = 200MB (=209715200) (default)
2022-11-14 01:05:05,606 [pool-308-thread-1] INFO  segmented.SegmentedRaftLogWorker (SegmentedRaftLogWorker.java:<init>(191)) - new 64f2a322-bab2-49a6-bf14-d21796863fbb@group-602CA8FC85E9-SegmentedRaftLogWorker for RaftStorageImpl:Storage Directory /home/runner/work/ozone/ozone/hadoop-ozone/integration-test/target/test-dir/MiniOzoneClusterImpl-42f4391e-4969-4d67-80bf-65b59c0896c5/datanode-0/data/ratis/30370e2e-80d1-4efe-b890-602ca8fc85e9
2022-11-14 01:05:05,606 [pool-308-thread-1] INFO  server.RaftServerConfigKeys (ConfUtils.java:logGet(46)) - raft.server.log.queue.byte-limit = 4294967296 (custom)
2022-11-14 01:05:05,606 [pool-308-thread-1] INFO  server.RaftServerConfigKeys (ConfUtils.java:logGet(46)) - raft.server.log.queue.element-limit = 1024 (custom)
2022-11-14 01:05:05,606 [pool-308-thread-1] INFO  server.RaftServerConfigKeys (ConfUtils.java:logGet(46)) - raft.server.log.segment.size.max = 1048576 (custom)
2022-11-14 01:05:05,606 [pool-308-thread-1] INFO  server.RaftServerConfigKeys (ConfUtils.java:logGet(46)) - raft.server.log.preallocated.size = 16384 (custom)
2022-11-14 01:05:05,606 [pool-308-thread-1] INFO  server.RaftServerConfigKeys (ConfUtils.java:logGet(46)) - raft.server.log.force.sync.num = 128 (default)
2022-11-14 01:05:05,606 [pool-308-thread-1] INFO  server.RaftServerConfigKeys (ConfUtils.java:logGet(46)) - raft.server.log.statemachine.data.sync = true (default)
2022-11-14 01:05:05,606 [pool-308-thread-1] INFO  server.RaftServerConfigKeys (ConfUtils.java:logGet(46)) - raft.server.log.statemachine.data.sync.timeout = 10s (default)
2022-11-14 01:05:05,606 [pool-308-thread-1] INFO  server.RaftServerConfigKeys (ConfUtils.java:logGet(46)) - raft.server.log.statemachine.data.sync.timeout.retry = -1 (default)
2022-11-14 01:05:05,607 [pool-308-thread-1] INFO  server.RaftServerConfigKeys (ConfUtils.java:logGet(46)) - raft.server.log.write.buffer.size = 1048576 (custom)
2022-11-14 01:05:05,608 [pool-308-thread-1] INFO  server.RaftServerConfigKeys (ConfUtils.java:logGet(46)) - raft.server.log.unsafe-flush.enabled = false (default)
2022-11-14 01:05:05,608 [pool-308-thread-1] INFO  server.RaftServerConfigKeys (ConfUtils.java:logGet(46)) - raft.server.log.async-flush.enabled = false (default)
2022-11-14 01:05:05,608 [pool-308-thread-1] INFO  server.RaftServerConfigKeys (ConfUtils.java:logGet(46)) - raft.server.log.statemachine.data.caching.enabled = true (custom)
2022-11-14 01:05:05,608 [pool-308-thread-1] INFO  segmented.SegmentedRaftLogWorker (SegmentedRaftLogWorker.java:lambda$new$0(136)) - 64f2a322-bab2-49a6-bf14-d21796863fbb@group-602CA8FC85E9-SegmentedRaftLogWorker: flushIndex: setUnconditionally 0 -> -1
2022-11-14 01:05:05,608 [pool-308-thread-1] INFO  segmented.SegmentedRaftLogWorker (SegmentedRaftLogWorker.java:lambda$new$0(136)) - 64f2a322-bab2-49a6-bf14-d21796863fbb@group-602CA8FC85E9-SegmentedRaftLogWorker: safeCacheEvictIndex: setUnconditionally 0 -> -1
2022-11-14 01:05:05,608 [pool-308-thread-1] INFO  server.RaftServer$Division (RaftServerImpl.java:start(334)) - 64f2a322-bab2-49a6-bf14-d21796863fbb@group-602CA8FC85E9: start as a follower, conf=-1: peers:[64f2a322-bab2-49a6-bf14-d21796863fbb|rpc:10.1.0.33:36135|priority:0|startupRole:FOLLOWER, 3ebe5f2d-7fe4-4d1b-9835-0749a91ddd88|rpc:10.1.0.33:36307|priority:1|startupRole:FOLLOWER, 6d7210a4-52ae-4f69-8b98-4fa3950c6b17|rpc:10.1.0.33:42253|priority:0|startupRole:FOLLOWER]|listeners:[], old=null
2022-11-14 01:05:05,608 [pool-308-thread-1] INFO  server.RaftServer$Division (RaftServerImpl.java:setRole(321)) - 64f2a322-bab2-49a6-bf14-d21796863fbb@group-602CA8FC85E9: changes role from      null to FOLLOWER at term 0 for startAsFollower
2022-11-14 01:05:05,608 [pool-308-thread-1] INFO  impl.RoleInfo (RoleInfo.java:updateAndGet(139)) - 64f2a322-bab2-49a6-bf14-d21796863fbb: start 64f2a322-bab2-49a6-bf14-d21796863fbb@group-602CA8FC85E9-FollowerState
2022-11-14 01:05:05,608 [pool-308-thread-1] INFO  util.JmxRegister (JmxRegister.java:tryRegister(44)) - Successfully registered JMX Bean with object name Ratis:service=RaftServer,group=group-602CA8FC85E9,id=64f2a322-bab2-49a6-bf14-d21796863fbb
2022-11-14 01:05:05,608 [pool-308-thread-1] INFO  server.RaftServerConfigKeys (ConfUtils.java:logGet(46)) - raft.server.snapshot.auto.trigger.enabled = true (custom)
2022-11-14 01:05:05,608 [pool-308-thread-1] INFO  server.RaftServerConfigKeys (ConfUtils.java:logGet(46)) - raft.server.snapshot.auto.trigger.threshold = 10000 (custom)
2022-11-14 01:05:05,609 [pool-308-thread-1] INFO  server.RaftServerConfigKeys (ConfUtils.java:logGet(46)) - raft.server.snapshot.retention.file.num = 5 (custom)
2022-11-14 01:05:05,609 [pool-308-thread-1] INFO  server.RaftServerConfigKeys (ConfUtils.java:logGet(46)) - raft.server.log.purge.upto.snapshot.index = false (default)
2022-11-14 01:05:05,609 [64f2a322-bab2-49a6-bf14-d21796863fbb@group-602CA8FC85E9-FollowerState] INFO  server.RaftServerConfigKeys (ConfUtils.java:logFallback(53)) - raft.server.rpc.first-election.timeout.min = 5s (fallback to raft.server.rpc.timeout.min)
2022-11-14 01:05:05,609 [64f2a322-bab2-49a6-bf14-d21796863fbb@group-602CA8FC85E9-FollowerState] INFO  server.RaftServerConfigKeys (ConfUtils.java:logFallback(53)) - raft.server.rpc.first-election.timeout.max = 5200ms (fallback to raft.server.rpc.timeout.max)
2022-11-14 01:05:05,610 [Command processor thread] INFO  ratis.XceiverServerRatis (XceiverServerRatis.java:addGroup(765)) - Created group PipelineID=30370e2e-80d1-4efe-b890-602ca8fc85e9
2022-11-14 01:05:05,617 [grpc-default-executor-0] INFO  server.RaftServer (RaftServerProxy.java:addNew(96)) - 6d7210a4-52ae-4f69-8b98-4fa3950c6b17: addNew group-602CA8FC85E9:[64f2a322-bab2-49a6-bf14-d21796863fbb|rpc:10.1.0.33:36135|dataStream:|priority:0|startupRole:FOLLOWER, 3ebe5f2d-7fe4-4d1b-9835-0749a91ddd88|rpc:10.1.0.33:36307|dataStream:|priority:1|startupRole:FOLLOWER, 6d7210a4-52ae-4f69-8b98-4fa3950c6b17|rpc:10.1.0.33:42253|dataStream:|priority:0|startupRole:FOLLOWER] returns group-602CA8FC85E9:java.util.concurrent.CompletableFuture@576c9a4d[Not completed]
2022-11-14 01:05:05,618 [pool-331-thread-1] INFO  server.RaftServer$Division (RaftServerImpl.java:<init>(195)) - 6d7210a4-52ae-4f69-8b98-4fa3950c6b17: new RaftServerImpl for group-602CA8FC85E9:[64f2a322-bab2-49a6-bf14-d21796863fbb|rpc:10.1.0.33:36135|dataStream:|priority:0|startupRole:FOLLOWER, 3ebe5f2d-7fe4-4d1b-9835-0749a91ddd88|rpc:10.1.0.33:36307|dataStream:|priority:1|startupRole:FOLLOWER, 6d7210a4-52ae-4f69-8b98-4fa3950c6b17|rpc:10.1.0.33:42253|dataStream:|priority:0|startupRole:FOLLOWER] with ContainerStateMachine:uninitialized
2022-11-14 01:05:05,618 [pool-331-thread-1] INFO  server.RaftServerConfigKeys (ConfUtils.java:logGet(46)) - raft.server.rpc.timeout.min = 5s (custom)
2022-11-14 01:05:05,618 [pool-331-thread-1] INFO  server.RaftServerConfigKeys (ConfUtils.java:logGet(46)) - raft.server.rpc.timeout.max = 5200ms (custom)
2022-11-14 01:05:05,618 [pool-331-thread-1] INFO  server.RaftServerConfigKeys (ConfUtils.java:logGet(46)) - raft.server.rpc.sleep.time = 25ms (default)
2022-11-14 01:05:05,618 [pool-331-thread-1] INFO  server.RaftServerConfigKeys (ConfUtils.java:logGet(46)) - raft.server.rpc.slowness.timeout = 300s (custom)
2022-11-14 01:05:05,618 [pool-331-thread-1] INFO  server.RaftServerConfigKeys (ConfUtils.java:logGet(46)) - raft.server.leaderelection.leader.step-down.wait-time = 10s (default)
2022-11-14 01:05:05,618 [pool-331-thread-1] INFO  server.RaftServerConfigKeys (ConfUtils.java:logGet(46)) - raft.server.sleep.deviation.threshold = 300ms (default)
2022-11-14 01:05:05,618 [pool-331-thread-1] INFO  server.RaftServer$Division (ServerState.java:<init>(118)) - 6d7210a4-52ae-4f69-8b98-4fa3950c6b17@group-602CA8FC85E9: ConfigurationManager, init=-1: peers:[64f2a322-bab2-49a6-bf14-d21796863fbb|rpc:10.1.0.33:36135|dataStream:|priority:0|startupRole:FOLLOWER, 3ebe5f2d-7fe4-4d1b-9835-0749a91ddd88|rpc:10.1.0.33:36307|dataStream:|priority:1|startupRole:FOLLOWER, 6d7210a4-52ae-4f69-8b98-4fa3950c6b17|rpc:10.1.0.33:42253|dataStream:|priority:0|startupRole:FOLLOWER]|listeners:[], old=null, confs=<EMPTY_MAP>
2022-11-14 01:05:05,618 [pool-331-thread-1] INFO  server.RaftServerConfigKeys (ConfUtils.java:logGet(46)) - raft.server.storage.dir = [/home/runner/work/ozone/ozone/hadoop-ozone/integration-test/target/test-dir/MiniOzoneClusterImpl-42f4391e-4969-4d67-80bf-65b59c0896c5/datanode-1/data/ratis] (custom)
2022-11-14 01:05:05,618 [pool-331-thread-1] INFO  server.RaftServerConfigKeys (ConfUtils.java:logGet(46)) - raft.server.log.corruption.policy = EXCEPTION (default)
2022-11-14 01:05:05,618 [pool-331-thread-1] INFO  server.RaftServerConfigKeys (ConfUtils.java:logGet(46)) - raft.server.storage.free-space.min = 0MB (=0) (default)
2022-11-14 01:05:05,618 [pool-331-thread-1] INFO  server.RaftServerConfigKeys (ConfUtils.java:logGet(46)) - raft.server.notification.no-leader.timeout = 300s (custom)
2022-11-14 01:05:05,618 [pool-331-thread-1] INFO  server.RaftServerConfigKeys (ConfUtils.java:logGet(46)) - raft.server.retrycache.expirytime = 600000ms (custom)
2022-11-14 01:05:05,618 [pool-331-thread-1] INFO  server.RaftServerConfigKeys (ConfUtils.java:logGet(46)) - raft.server.retrycache.statistics.expirytime = 100μs (default)
2022-11-14 01:05:05,619 [pool-331-thread-1] INFO  server.RaftServerConfigKeys (ConfUtils.java:logGet(46)) - raft.server.log.appender.install.snapshot.enabled = false (custom)
2022-11-14 01:05:05,619 [pool-331-thread-1] INFO  server.RaftServerConfigKeys (ConfUtils.java:logGet(46)) - raft.server.threadpool.server.cached = true (default)
2022-11-14 01:05:05,619 [pool-331-thread-1] INFO  server.RaftServerConfigKeys (ConfUtils.java:logGet(46)) - raft.server.threadpool.server.size = 0 (default)
2022-11-14 01:05:05,619 [pool-331-thread-1] INFO  server.RaftServerConfigKeys (ConfUtils.java:logGet(46)) - raft.server.threadpool.client.cached = true (default)
2022-11-14 01:05:05,619 [pool-331-thread-1] INFO  server.RaftServerConfigKeys (ConfUtils.java:logGet(46)) - raft.server.threadpool.client.size = 0 (default)
2022-11-14 01:05:05,619 [pool-331-thread-1] INFO  storage.RaftStorageDirectory (RaftStorageDirectoryImpl.java:analyzeStorage(137)) - The storage directory /home/runner/work/ozone/ozone/hadoop-ozone/integration-test/target/test-dir/MiniOzoneClusterImpl-42f4391e-4969-4d67-80bf-65b59c0896c5/datanode-1/data/ratis/30370e2e-80d1-4efe-b890-602ca8fc85e9 does not exist. Creating ...
2022-11-14 01:05:05,621 [pool-331-thread-1] INFO  storage.RaftStorageDirectory (RaftStorageDirectoryImpl.java:tryLock(231)) - Lock on /home/runner/work/ozone/ozone/hadoop-ozone/integration-test/target/test-dir/MiniOzoneClusterImpl-42f4391e-4969-4d67-80bf-65b59c0896c5/datanode-1/data/ratis/30370e2e-80d1-4efe-b890-602ca8fc85e9/in_use.lock acquired by nodename 11961@fv-az334-552
2022-11-14 01:05:05,622 [pool-331-thread-1] INFO  storage.RaftStorage (RaftStorageImpl.java:format(96)) - Storage directory /home/runner/work/ozone/ozone/hadoop-ozone/integration-test/target/test-dir/MiniOzoneClusterImpl-42f4391e-4969-4d67-80bf-65b59c0896c5/datanode-1/data/ratis/30370e2e-80d1-4efe-b890-602ca8fc85e9 has been successfully formatted.
2022-11-14 01:05:05,623 [pool-331-thread-1] INFO  ratis.ContainerStateMachine (ContainerStateMachine.java:loadSnapshot(236)) - group-602CA8FC85E9: The snapshot info is null. Setting the last applied indexto:(t:0, i:~)
2022-11-14 01:05:05,623 [pool-331-thread-1] INFO  server.RaftServerConfigKeys (ConfUtils.java:logGet(46)) - raft.server.log.use.memory = false (default)
2022-11-14 01:05:05,623 [pool-331-thread-1] INFO  server.RaftServerConfigKeys (ConfUtils.java:logGet(46)) - raft.server.log.purge.gap = 1000000 (custom)
2022-11-14 01:05:05,623 [pool-331-thread-1] INFO  server.RaftServerConfigKeys (ConfUtils.java:logGet(46)) - raft.server.log.appender.buffer.byte-limit = 33554432 (custom)
2022-11-14 01:05:05,623 [pool-331-thread-1] INFO  server.RaftServerConfigKeys (ConfUtils.java:logGet(46)) - raft.server.log.statemachine.data.read.timeout = 1000ms (default)
2022-11-14 01:05:05,623 [pool-331-thread-1] INFO  server.RaftServerConfigKeys (ConfUtils.java:logGet(46)) - raft.server.log.purge.preservation.log.num = 0 (default)
2022-11-14 01:05:05,624 [pool-331-thread-1] INFO  server.RaftServerConfigKeys (ConfUtils.java:logGet(46)) - raft.server.log.segment.size.max = 1048576 (custom)
2022-11-14 01:05:05,624 [pool-331-thread-1] INFO  server.RaftServerConfigKeys (ConfUtils.java:logGet(46)) - raft.server.log.segment.cache.num.max = 2 (custom)
2022-11-14 01:05:05,624 [pool-331-thread-1] INFO  server.RaftServerConfigKeys (ConfUtils.java:logGet(46)) - raft.server.log.segment.cache.size.max = 200MB (=209715200) (default)
2022-11-14 01:05:05,624 [pool-331-thread-1] INFO  segmented.SegmentedRaftLogWorker (SegmentedRaftLogWorker.java:<init>(191)) - new 6d7210a4-52ae-4f69-8b98-4fa3950c6b17@group-602CA8FC85E9-SegmentedRaftLogWorker for RaftStorageImpl:Storage Directory /home/runner/work/ozone/ozone/hadoop-ozone/integration-test/target/test-dir/MiniOzoneClusterImpl-42f4391e-4969-4d67-80bf-65b59c0896c5/datanode-1/data/ratis/30370e2e-80d1-4efe-b890-602ca8fc85e9
2022-11-14 01:05:05,624 [pool-331-thread-1] INFO  server.RaftServerConfigKeys (ConfUtils.java:logGet(46)) - raft.server.log.queue.byte-limit = 4294967296 (custom)
2022-11-14 01:05:05,624 [pool-331-thread-1] INFO  server.RaftServerConfigKeys (ConfUtils.java:logGet(46)) - raft.server.log.queue.element-limit = 1024 (custom)
2022-11-14 01:05:05,624 [pool-331-thread-1] INFO  server.RaftServerConfigKeys (ConfUtils.java:logGet(46)) - raft.server.log.segment.size.max = 1048576 (custom)
2022-11-14 01:05:05,624 [pool-331-thread-1] INFO  server.RaftServerConfigKeys (ConfUtils.java:logGet(46)) - raft.server.log.preallocated.size = 16384 (custom)
2022-11-14 01:05:05,624 [pool-331-thread-1] INFO  server.RaftServerConfigKeys (ConfUtils.java:logGet(46)) - raft.server.log.force.sync.num = 128 (default)
2022-11-14 01:05:05,624 [pool-331-thread-1] INFO  server.RaftServerConfigKeys (ConfUtils.java:logGet(46)) - raft.server.log.statemachine.data.sync = true (default)
2022-11-14 01:05:05,624 [pool-331-thread-1] INFO  server.RaftServerConfigKeys (ConfUtils.java:logGet(46)) - raft.server.log.statemachine.data.sync.timeout = 10s (default)
2022-11-14 01:05:05,624 [pool-331-thread-1] INFO  server.RaftServerConfigKeys (ConfUtils.java:logGet(46)) - raft.server.log.statemachine.data.sync.timeout.retry = -1 (default)
2022-11-14 01:05:05,626 [pool-331-thread-1] INFO  server.RaftServerConfigKeys (ConfUtils.java:logGet(46)) - raft.server.log.write.buffer.size = 1048576 (custom)
2022-11-14 01:05:05,626 [pool-331-thread-1] INFO  server.RaftServerConfigKeys (ConfUtils.java:logGet(46)) - raft.server.log.unsafe-flush.enabled = false (default)
2022-11-14 01:05:05,626 [pool-331-thread-1] INFO  server.RaftServerConfigKeys (ConfUtils.java:logGet(46)) - raft.server.log.async-flush.enabled = false (default)
2022-11-14 01:05:05,626 [pool-331-thread-1] INFO  server.RaftServerConfigKeys (ConfUtils.java:logGet(46)) - raft.server.log.statemachine.data.caching.enabled = true (custom)
2022-11-14 01:05:05,626 [pool-331-thread-1] INFO  segmented.SegmentedRaftLogWorker (SegmentedRaftLogWorker.java:lambda$new$0(136)) - 6d7210a4-52ae-4f69-8b98-4fa3950c6b17@group-602CA8FC85E9-SegmentedRaftLogWorker: flushIndex: setUnconditionally 0 -> -1
2022-11-14 01:05:05,626 [pool-331-thread-1] INFO  segmented.SegmentedRaftLogWorker (SegmentedRaftLogWorker.java:lambda$new$0(136)) - 6d7210a4-52ae-4f69-8b98-4fa3950c6b17@group-602CA8FC85E9-SegmentedRaftLogWorker: safeCacheEvictIndex: setUnconditionally 0 -> -1
2022-11-14 01:05:05,631 [pool-331-thread-1] INFO  server.RaftServer$Division (RaftServerImpl.java:start(334)) - 6d7210a4-52ae-4f69-8b98-4fa3950c6b17@group-602CA8FC85E9: start as a follower, conf=-1: peers:[64f2a322-bab2-49a6-bf14-d21796863fbb|rpc:10.1.0.33:36135|dataStream:|priority:0|startupRole:FOLLOWER, 3ebe5f2d-7fe4-4d1b-9835-0749a91ddd88|rpc:10.1.0.33:36307|dataStream:|priority:1|startupRole:FOLLOWER, 6d7210a4-52ae-4f69-8b98-4fa3950c6b17|rpc:10.1.0.33:42253|dataStream:|priority:0|startupRole:FOLLOWER]|listeners:[], old=null
2022-11-14 01:05:05,631 [pool-331-thread-1] INFO  server.RaftServer$Division (RaftServerImpl.java:setRole(321)) - 6d7210a4-52ae-4f69-8b98-4fa3950c6b17@group-602CA8FC85E9: changes role from      null to FOLLOWER at term 0 for startAsFollower
2022-11-14 01:05:05,631 [pool-331-thread-1] INFO  impl.RoleInfo (RoleInfo.java:updateAndGet(139)) - 6d7210a4-52ae-4f69-8b98-4fa3950c6b17: start 6d7210a4-52ae-4f69-8b98-4fa3950c6b17@group-602CA8FC85E9-FollowerState
2022-11-14 01:05:05,634 [pool-331-thread-1] INFO  util.JmxRegister (JmxRegister.java:tryRegister(44)) - Successfully registered JMX Bean with object name Ratis:service=RaftServer,group=group-602CA8FC85E9,id=6d7210a4-52ae-4f69-8b98-4fa3950c6b17
2022-11-14 01:05:05,634 [6d7210a4-52ae-4f69-8b98-4fa3950c6b17@group-602CA8FC85E9-FollowerState] INFO  server.RaftServerConfigKeys (ConfUtils.java:logFallback(53)) - raft.server.rpc.first-election.timeout.min = 5s (fallback to raft.server.rpc.timeout.min)
2022-11-14 01:05:05,634 [pool-331-thread-1] INFO  server.RaftServerConfigKeys (ConfUtils.java:logGet(46)) - raft.server.snapshot.auto.trigger.enabled = true (custom)
2022-11-14 01:05:05,634 [6d7210a4-52ae-4f69-8b98-4fa3950c6b17@group-602CA8FC85E9-FollowerState] INFO  server.RaftServerConfigKeys (ConfUtils.java:logFallback(53)) - raft.server.rpc.first-election.timeout.max = 5200ms (fallback to raft.server.rpc.timeout.max)
2022-11-14 01:05:05,634 [pool-331-thread-1] INFO  server.RaftServerConfigKeys (ConfUtils.java:logGet(46)) - raft.server.snapshot.auto.trigger.threshold = 10000 (custom)
2022-11-14 01:05:05,634 [pool-331-thread-1] INFO  server.RaftServerConfigKeys (ConfUtils.java:logGet(46)) - raft.server.snapshot.retention.file.num = 5 (custom)
2022-11-14 01:05:05,634 [pool-331-thread-1] INFO  server.RaftServerConfigKeys (ConfUtils.java:logGet(46)) - raft.server.log.purge.upto.snapshot.index = false (default)
2022-11-14 01:05:05,646 [grpc-default-executor-0] INFO  server.RaftServer (RaftServerProxy.java:addNew(96)) - 3ebe5f2d-7fe4-4d1b-9835-0749a91ddd88: addNew group-602CA8FC85E9:[64f2a322-bab2-49a6-bf14-d21796863fbb|rpc:10.1.0.33:36135|dataStream:|priority:0|startupRole:FOLLOWER, 3ebe5f2d-7fe4-4d1b-9835-0749a91ddd88|rpc:10.1.0.33:36307|dataStream:|priority:1|startupRole:FOLLOWER, 6d7210a4-52ae-4f69-8b98-4fa3950c6b17|rpc:10.1.0.33:42253|dataStream:|priority:0|startupRole:FOLLOWER] returns group-602CA8FC85E9:java.util.concurrent.CompletableFuture@63ae3289[Not completed]
2022-11-14 01:05:05,647 [pool-354-thread-1] INFO  server.RaftServer$Division (RaftServerImpl.java:<init>(195)) - 3ebe5f2d-7fe4-4d1b-9835-0749a91ddd88: new RaftServerImpl for group-602CA8FC85E9:[64f2a322-bab2-49a6-bf14-d21796863fbb|rpc:10.1.0.33:36135|dataStream:|priority:0|startupRole:FOLLOWER, 3ebe5f2d-7fe4-4d1b-9835-0749a91ddd88|rpc:10.1.0.33:36307|dataStream:|priority:1|startupRole:FOLLOWER, 6d7210a4-52ae-4f69-8b98-4fa3950c6b17|rpc:10.1.0.33:42253|dataStream:|priority:0|startupRole:FOLLOWER] with ContainerStateMachine:uninitialized
2022-11-14 01:05:05,647 [pool-354-thread-1] INFO  server.RaftServerConfigKeys (ConfUtils.java:logGet(46)) - raft.server.rpc.timeout.min = 5s (custom)
2022-11-14 01:05:05,647 [pool-354-thread-1] INFO  server.RaftServerConfigKeys (ConfUtils.java:logGet(46)) - raft.server.rpc.timeout.max = 5200ms (custom)
2022-11-14 01:05:05,647 [pool-354-thread-1] INFO  server.RaftServerConfigKeys (ConfUtils.java:logGet(46)) - raft.server.rpc.sleep.time = 25ms (default)
2022-11-14 01:05:05,647 [pool-354-thread-1] INFO  server.RaftServerConfigKeys (ConfUtils.java:logGet(46)) - raft.server.rpc.slowness.timeout = 300s (custom)
2022-11-14 01:05:05,647 [pool-354-thread-1] INFO  server.RaftServerConfigKeys (ConfUtils.java:logGet(46)) - raft.server.leaderelection.leader.step-down.wait-time = 10s (default)
2022-11-14 01:05:05,647 [pool-354-thread-1] INFO  server.RaftServerConfigKeys (ConfUtils.java:logGet(46)) - raft.server.sleep.deviation.threshold = 300ms (default)
2022-11-14 01:05:05,647 [pool-354-thread-1] INFO  server.RaftServer$Division (ServerState.java:<init>(118)) - 3ebe5f2d-7fe4-4d1b-9835-0749a91ddd88@group-602CA8FC85E9: ConfigurationManager, init=-1: peers:[64f2a322-bab2-49a6-bf14-d21796863fbb|rpc:10.1.0.33:36135|dataStream:|priority:0|startupRole:FOLLOWER, 3ebe5f2d-7fe4-4d1b-9835-0749a91ddd88|rpc:10.1.0.33:36307|dataStream:|priority:1|startupRole:FOLLOWER, 6d7210a4-52ae-4f69-8b98-4fa3950c6b17|rpc:10.1.0.33:42253|dataStream:|priority:0|startupRole:FOLLOWER]|listeners:[], old=null, confs=<EMPTY_MAP>
2022-11-14 01:05:05,647 [pool-354-thread-1] INFO  server.RaftServerConfigKeys (ConfUtils.java:logGet(46)) - raft.server.storage.dir = [/home/runner/work/ozone/ozone/hadoop-ozone/integration-test/target/test-dir/MiniOzoneClusterImpl-42f4391e-4969-4d67-80bf-65b59c0896c5/datanode-2/data/ratis] (custom)
2022-11-14 01:05:05,647 [pool-354-thread-1] INFO  server.RaftServerConfigKeys (ConfUtils.java:logGet(46)) - raft.server.log.corruption.policy = EXCEPTION (default)
2022-11-14 01:05:05,647 [pool-354-thread-1] INFO  server.RaftServerConfigKeys (ConfUtils.java:logGet(46)) - raft.server.storage.free-space.min = 0MB (=0) (default)
2022-11-14 01:05:05,647 [pool-354-thread-1] INFO  server.RaftServerConfigKeys (ConfUtils.java:logGet(46)) - raft.server.notification.no-leader.timeout = 300s (custom)
2022-11-14 01:05:05,647 [pool-354-thread-1] INFO  server.RaftServerConfigKeys (ConfUtils.java:logGet(46)) - raft.server.retrycache.expirytime = 600000ms (custom)
2022-11-14 01:05:05,648 [pool-354-thread-1] INFO  server.RaftServerConfigKeys (ConfUtils.java:logGet(46)) - raft.server.retrycache.statistics.expirytime = 100μs (default)
2022-11-14 01:05:05,648 [pool-354-thread-1] INFO  server.RaftServerConfigKeys (ConfUtils.java:logGet(46)) - raft.server.log.appender.install.snapshot.enabled = false (custom)
2022-11-14 01:05:05,648 [pool-354-thread-1] INFO  server.RaftServerConfigKeys (ConfUtils.java:logGet(46)) - raft.server.threadpool.server.cached = true (default)
2022-11-14 01:05:05,648 [pool-354-thread-1] INFO  server.RaftServerConfigKeys (ConfUtils.java:logGet(46)) - raft.server.threadpool.server.size = 0 (default)
2022-11-14 01:05:05,648 [pool-354-thread-1] INFO  server.RaftServerConfigKeys (ConfUtils.java:logGet(46)) - raft.server.threadpool.client.cached = true (default)
2022-11-14 01:05:05,648 [pool-354-thread-1] INFO  server.RaftServerConfigKeys (ConfUtils.java:logGet(46)) - raft.server.threadpool.client.size = 0 (default)
2022-11-14 01:05:05,649 [pool-354-thread-1] INFO  storage.RaftStorageDirectory (RaftStorageDirectoryImpl.java:analyzeStorage(137)) - The storage directory /home/runner/work/ozone/ozone/hadoop-ozone/integration-test/target/test-dir/MiniOzoneClusterImpl-42f4391e-4969-4d67-80bf-65b59c0896c5/datanode-2/data/ratis/30370e2e-80d1-4efe-b890-602ca8fc85e9 does not exist. Creating ...
2022-11-14 01:05:05,650 [pool-354-thread-1] INFO  storage.RaftStorageDirectory (RaftStorageDirectoryImpl.java:tryLock(231)) - Lock on /home/runner/work/ozone/ozone/hadoop-ozone/integration-test/target/test-dir/MiniOzoneClusterImpl-42f4391e-4969-4d67-80bf-65b59c0896c5/datanode-2/data/ratis/30370e2e-80d1-4efe-b890-602ca8fc85e9/in_use.lock acquired by nodename 11961@fv-az334-552
2022-11-14 01:05:05,651 [pool-354-thread-1] INFO  storage.RaftStorage (RaftStorageImpl.java:format(96)) - Storage directory /home/runner/work/ozone/ozone/hadoop-ozone/integration-test/target/test-dir/MiniOzoneClusterImpl-42f4391e-4969-4d67-80bf-65b59c0896c5/datanode-2/data/ratis/30370e2e-80d1-4efe-b890-602ca8fc85e9 has been successfully formatted.
2022-11-14 01:05:05,652 [pool-354-thread-1] INFO  ratis.ContainerStateMachine (ContainerStateMachine.java:loadSnapshot(236)) - group-602CA8FC85E9: The snapshot info is null. Setting the last applied indexto:(t:0, i:~)
2022-11-14 01:05:05,653 [pool-354-thread-1] INFO  server.RaftServerConfigKeys (ConfUtils.java:logGet(46)) - raft.server.log.use.memory = false (default)
2022-11-14 01:05:05,653 [pool-354-thread-1] INFO  server.RaftServerConfigKeys (ConfUtils.java:logGet(46)) - raft.server.log.purge.gap = 1000000 (custom)
2022-11-14 01:05:05,653 [pool-354-thread-1] INFO  server.RaftServerConfigKeys (ConfUtils.java:logGet(46)) - raft.server.log.appender.buffer.byte-limit = 33554432 (custom)
2022-11-14 01:05:05,653 [pool-354-thread-1] INFO  server.RaftServerConfigKeys (ConfUtils.java:logGet(46)) - raft.server.log.statemachine.data.read.timeout = 1000ms (default)
2022-11-14 01:05:05,653 [pool-354-thread-1] INFO  server.RaftServerConfigKeys (ConfUtils.java:logGet(46)) - raft.server.log.purge.preservation.log.num = 0 (default)
2022-11-14 01:05:05,653 [pool-354-thread-1] INFO  server.RaftServerConfigKeys (ConfUtils.java:logGet(46)) - raft.server.log.segment.size.max = 1048576 (custom)
2022-11-14 01:05:05,654 [pool-354-thread-1] INFO  server.RaftServerConfigKeys (ConfUtils.java:logGet(46)) - raft.server.log.segment.cache.num.max = 2 (custom)
2022-11-14 01:05:05,654 [pool-354-thread-1] INFO  server.RaftServerConfigKeys (ConfUtils.java:logGet(46)) - raft.server.log.segment.cache.size.max = 200MB (=209715200) (default)
2022-11-14 01:05:05,654 [pool-354-thread-1] INFO  segmented.SegmentedRaftLogWorker (SegmentedRaftLogWorker.java:<init>(191)) - new 3ebe5f2d-7fe4-4d1b-9835-0749a91ddd88@group-602CA8FC85E9-SegmentedRaftLogWorker for RaftStorageImpl:Storage Directory /home/runner/work/ozone/ozone/hadoop-ozone/integration-test/target/test-dir/MiniOzoneClusterImpl-42f4391e-4969-4d67-80bf-65b59c0896c5/datanode-2/data/ratis/30370e2e-80d1-4efe-b890-602ca8fc85e9
2022-11-14 01:05:05,654 [pool-354-thread-1] INFO  server.RaftServerConfigKeys (ConfUtils.java:logGet(46)) - raft.server.log.queue.byte-limit = 4294967296 (custom)
2022-11-14 01:05:05,654 [pool-354-thread-1] INFO  server.RaftServerConfigKeys (ConfUtils.java:logGet(46)) - raft.server.log.queue.element-limit = 1024 (custom)
2022-11-14 01:05:05,654 [pool-354-thread-1] INFO  server.RaftServerConfigKeys (ConfUtils.java:logGet(46)) - raft.server.log.segment.size.max = 1048576 (custom)
2022-11-14 01:05:05,654 [pool-354-thread-1] INFO  server.RaftServerConfigKeys (ConfUtils.java:logGet(46)) - raft.server.log.preallocated.size = 16384 (custom)
2022-11-14 01:05:05,654 [pool-354-thread-1] INFO  server.RaftServerConfigKeys (ConfUtils.java:logGet(46)) - raft.server.log.force.sync.num = 128 (default)
2022-11-14 01:05:05,654 [pool-354-thread-1] INFO  server.RaftServerConfigKeys (ConfUtils.java:logGet(46)) - raft.server.log.statemachine.data.sync = true (default)
2022-11-14 01:05:05,654 [pool-354-thread-1] INFO  server.RaftServerConfigKeys (ConfUtils.java:logGet(46)) - raft.server.log.statemachine.data.sync.timeout = 10s (default)
2022-11-14 01:05:05,654 [pool-354-thread-1] INFO  server.RaftServerConfigKeys (ConfUtils.java:logGet(46)) - raft.server.log.statemachine.data.sync.timeout.retry = -1 (default)
2022-11-14 01:05:05,655 [pool-354-thread-1] INFO  server.RaftServerConfigKeys (ConfUtils.java:logGet(46)) - raft.server.log.write.buffer.size = 1048576 (custom)
2022-11-14 01:05:05,655 [pool-354-thread-1] INFO  server.RaftServerConfigKeys (ConfUtils.java:logGet(46)) - raft.server.log.unsafe-flush.enabled = false (default)
2022-11-14 01:05:05,655 [pool-354-thread-1] INFO  server.RaftServerConfigKeys (ConfUtils.java:logGet(46)) - raft.server.log.async-flush.enabled = false (default)
2022-11-14 01:05:05,655 [pool-354-thread-1] INFO  server.RaftServerConfigKeys (ConfUtils.java:logGet(46)) - raft.server.log.statemachine.data.caching.enabled = true (custom)
2022-11-14 01:05:05,656 [pool-354-thread-1] INFO  segmented.SegmentedRaftLogWorker (SegmentedRaftLogWorker.java:lambda$new$0(136)) - 3ebe5f2d-7fe4-4d1b-9835-0749a91ddd88@group-602CA8FC85E9-SegmentedRaftLogWorker: flushIndex: setUnconditionally 0 -> -1
2022-11-14 01:05:05,656 [pool-354-thread-1] INFO  segmented.SegmentedRaftLogWorker (SegmentedRaftLogWorker.java:lambda$new$0(136)) - 3ebe5f2d-7fe4-4d1b-9835-0749a91ddd88@group-602CA8FC85E9-SegmentedRaftLogWorker: safeCacheEvictIndex: setUnconditionally 0 -> -1
2022-11-14 01:05:05,663 [pool-354-thread-1] INFO  server.RaftServer$Division (RaftServerImpl.java:start(334)) - 3ebe5f2d-7fe4-4d1b-9835-0749a91ddd88@group-602CA8FC85E9: start as a follower, conf=-1: peers:[64f2a322-bab2-49a6-bf14-d21796863fbb|rpc:10.1.0.33:36135|dataStream:|priority:0|startupRole:FOLLOWER, 3ebe5f2d-7fe4-4d1b-9835-0749a91ddd88|rpc:10.1.0.33:36307|dataStream:|priority:1|startupRole:FOLLOWER, 6d7210a4-52ae-4f69-8b98-4fa3950c6b17|rpc:10.1.0.33:42253|dataStream:|priority:0|startupRole:FOLLOWER]|listeners:[], old=null
2022-11-14 01:05:05,663 [pool-354-thread-1] INFO  server.RaftServer$Division (RaftServerImpl.java:setRole(321)) - 3ebe5f2d-7fe4-4d1b-9835-0749a91ddd88@group-602CA8FC85E9: changes role from      null to FOLLOWER at term 0 for startAsFollower
2022-11-14 01:05:05,663 [pool-354-thread-1] INFO  impl.RoleInfo (RoleInfo.java:updateAndGet(139)) - 3ebe5f2d-7fe4-4d1b-9835-0749a91ddd88: start 3ebe5f2d-7fe4-4d1b-9835-0749a91ddd88@group-602CA8FC85E9-FollowerState
2022-11-14 01:05:05,670 [pool-354-thread-1] INFO  util.JmxRegister (JmxRegister.java:tryRegister(44)) - Successfully registered JMX Bean with object name Ratis:service=RaftServer,group=group-602CA8FC85E9,id=3ebe5f2d-7fe4-4d1b-9835-0749a91ddd88
2022-11-14 01:05:05,670 [pool-354-thread-1] INFO  server.RaftServerConfigKeys (ConfUtils.java:logGet(46)) - raft.server.snapshot.auto.trigger.enabled = true (custom)
2022-11-14 01:05:05,670 [pool-354-thread-1] INFO  server.RaftServerConfigKeys (ConfUtils.java:logGet(46)) - raft.server.snapshot.auto.trigger.threshold = 10000 (custom)
2022-11-14 01:05:05,670 [pool-354-thread-1] INFO  server.RaftServerConfigKeys (ConfUtils.java:logGet(46)) - raft.server.snapshot.retention.file.num = 5 (custom)
2022-11-14 01:05:05,671 [pool-354-thread-1] INFO  server.RaftServerConfigKeys (ConfUtils.java:logGet(46)) - raft.server.log.purge.upto.snapshot.index = false (default)
2022-11-14 01:05:05,671 [3ebe5f2d-7fe4-4d1b-9835-0749a91ddd88@group-602CA8FC85E9-FollowerState] INFO  server.RaftServerConfigKeys (ConfUtils.java:logFallback(53)) - raft.server.rpc.first-election.timeout.min = 5s (fallback to raft.server.rpc.timeout.min)
2022-11-14 01:05:05,671 [3ebe5f2d-7fe4-4d1b-9835-0749a91ddd88@group-602CA8FC85E9-FollowerState] INFO  server.RaftServerConfigKeys (ConfUtils.java:logFallback(53)) - raft.server.rpc.first-election.timeout.max = 5200ms (fallback to raft.server.rpc.timeout.max)
2022-11-14 01:05:05,676 [Command processor thread] INFO  commandhandler.CreatePipelineCommandHandler (CreatePipelineCommandHandler.java:handle(113)) - Created Pipeline RATIS THREE PipelineID=30370e2e-80d1-4efe-b890-602ca8fc85e9.
2022-11-14 01:05:05,752 [Command processor thread] INFO  server.RaftServer (RaftServerProxy.java:addNew(96)) - 6d7210a4-52ae-4f69-8b98-4fa3950c6b17: addNew group-2A9E3E468B9F:[6d7210a4-52ae-4f69-8b98-4fa3950c6b17|rpc:10.1.0.33:42253|priority:1|startupRole:FOLLOWER] returns group-2A9E3E468B9F:java.util.concurrent.CompletableFuture@6e30e2bb[Not completed]
2022-11-14 01:05:05,753 [pool-331-thread-1] INFO  server.RaftServer$Division (RaftServerImpl.java:<init>(195)) - 6d7210a4-52ae-4f69-8b98-4fa3950c6b17: new RaftServerImpl for group-2A9E3E468B9F:[6d7210a4-52ae-4f69-8b98-4fa3950c6b17|rpc:10.1.0.33:42253|priority:1|startupRole:FOLLOWER] with ContainerStateMachine:uninitialized
2022-11-14 01:05:05,753 [pool-331-thread-1] INFO  server.RaftServerConfigKeys (ConfUtils.java:logGet(46)) - raft.server.rpc.timeout.min = 5s (custom)
2022-11-14 01:05:05,753 [pool-331-thread-1] INFO  server.RaftServerConfigKeys (ConfUtils.java:logGet(46)) - raft.server.rpc.timeout.max = 5200ms (custom)
2022-11-14 01:05:05,753 [pool-331-thread-1] INFO  server.RaftServerConfigKeys (ConfUtils.java:logGet(46)) - raft.server.rpc.sleep.time = 25ms (default)
2022-11-14 01:05:05,753 [pool-331-thread-1] INFO  server.RaftServerConfigKeys (ConfUtils.java:logGet(46)) - raft.server.rpc.slowness.timeout = 300s (custom)
2022-11-14 01:05:05,753 [pool-331-thread-1] INFO  server.RaftServerConfigKeys (ConfUtils.java:logGet(46)) - raft.server.leaderelection.leader.step-down.wait-time = 10s (default)
2022-11-14 01:05:05,753 [pool-331-thread-1] INFO  server.RaftServerConfigKeys (ConfUtils.java:logGet(46)) - raft.server.sleep.deviation.threshold = 300ms (default)
2022-11-14 01:05:05,753 [pool-331-thread-1] INFO  server.RaftServer$Division (ServerState.java:<init>(118)) - 6d7210a4-52ae-4f69-8b98-4fa3950c6b17@group-2A9E3E468B9F: ConfigurationManager, init=-1: peers:[6d7210a4-52ae-4f69-8b98-4fa3950c6b17|rpc:10.1.0.33:42253|priority:1|startupRole:FOLLOWER]|listeners:[], old=null, confs=<EMPTY_MAP>
2022-11-14 01:05:05,753 [pool-331-thread-1] INFO  server.RaftServerConfigKeys (ConfUtils.java:logGet(46)) - raft.server.storage.dir = [/home/runner/work/ozone/ozone/hadoop-ozone/integration-test/target/test-dir/MiniOzoneClusterImpl-42f4391e-4969-4d67-80bf-65b59c0896c5/datanode-1/data/ratis] (custom)
2022-11-14 01:05:05,754 [pool-331-thread-1] INFO  server.RaftServerConfigKeys (ConfUtils.java:logGet(46)) - raft.server.log.corruption.policy = EXCEPTION (default)
2022-11-14 01:05:05,754 [pool-331-thread-1] INFO  server.RaftServerConfigKeys (ConfUtils.java:logGet(46)) - raft.server.storage.free-space.min = 0MB (=0) (default)
2022-11-14 01:05:05,754 [pool-331-thread-1] INFO  server.RaftServerConfigKeys (ConfUtils.java:logGet(46)) - raft.server.notification.no-leader.timeout = 300s (custom)
2022-11-14 01:05:05,754 [pool-331-thread-1] INFO  server.RaftServerConfigKeys (ConfUtils.java:logGet(46)) - raft.server.retrycache.expirytime = 600000ms (custom)
2022-11-14 01:05:05,754 [pool-331-thread-1] INFO  server.RaftServerConfigKeys (ConfUtils.java:logGet(46)) - raft.server.retrycache.statistics.expirytime = 100μs (default)
2022-11-14 01:05:05,755 [pool-331-thread-1] INFO  server.RaftServerConfigKeys (ConfUtils.java:logGet(46)) - raft.server.log.appender.install.snapshot.enabled = false (custom)
2022-11-14 01:05:05,756 [pool-331-thread-1] INFO  server.RaftServerConfigKeys (ConfUtils.java:logGet(46)) - raft.server.threadpool.server.cached = true (default)
2022-11-14 01:05:05,756 [pool-331-thread-1] INFO  server.RaftServerConfigKeys (ConfUtils.java:logGet(46)) - raft.server.threadpool.server.size = 0 (default)
2022-11-14 01:05:05,756 [pool-331-thread-1] INFO  server.RaftServerConfigKeys (ConfUtils.java:logGet(46)) - raft.server.threadpool.client.cached = true (default)
2022-11-14 01:05:05,756 [pool-331-thread-1] INFO  server.RaftServerConfigKeys (ConfUtils.java:logGet(46)) - raft.server.threadpool.client.size = 0 (default)
2022-11-14 01:05:05,756 [pool-331-thread-1] INFO  storage.RaftStorageDirectory (RaftStorageDirectoryImpl.java:analyzeStorage(137)) - The storage directory /home/runner/work/ozone/ozone/hadoop-ozone/integration-test/target/test-dir/MiniOzoneClusterImpl-42f4391e-4969-4d67-80bf-65b59c0896c5/datanode-1/data/ratis/7eae033a-3a61-4160-bb3c-2a9e3e468b9f does not exist. Creating ...
2022-11-14 01:05:05,757 [pool-331-thread-1] INFO  storage.RaftStorageDirectory (RaftStorageDirectoryImpl.java:tryLock(231)) - Lock on /home/runner/work/ozone/ozone/hadoop-ozone/integration-test/target/test-dir/MiniOzoneClusterImpl-42f4391e-4969-4d67-80bf-65b59c0896c5/datanode-1/data/ratis/7eae033a-3a61-4160-bb3c-2a9e3e468b9f/in_use.lock acquired by nodename 11961@fv-az334-552
2022-11-14 01:05:05,758 [pool-331-thread-1] INFO  storage.RaftStorage (RaftStorageImpl.java:format(96)) - Storage directory /home/runner/work/ozone/ozone/hadoop-ozone/integration-test/target/test-dir/MiniOzoneClusterImpl-42f4391e-4969-4d67-80bf-65b59c0896c5/datanode-1/data/ratis/7eae033a-3a61-4160-bb3c-2a9e3e468b9f has been successfully formatted.
2022-11-14 01:05:05,759 [pool-331-thread-1] INFO  ratis.ContainerStateMachine (ContainerStateMachine.java:loadSnapshot(236)) - group-2A9E3E468B9F: The snapshot info is null. Setting the last applied indexto:(t:0, i:~)
2022-11-14 01:05:05,759 [pool-331-thread-1] INFO  server.RaftServerConfigKeys (ConfUtils.java:logGet(46)) - raft.server.log.use.memory = false (default)
2022-11-14 01:05:05,760 [pool-331-thread-1] INFO  server.RaftServerConfigKeys (ConfUtils.java:logGet(46)) - raft.server.log.purge.gap = 1000000 (custom)
2022-11-14 01:05:05,760 [pool-331-thread-1] INFO  server.RaftServerConfigKeys (ConfUtils.java:logGet(46)) - raft.server.log.appender.buffer.byte-limit = 33554432 (custom)
2022-11-14 01:05:05,760 [pool-331-thread-1] INFO  server.RaftServerConfigKeys (ConfUtils.java:logGet(46)) - raft.server.log.statemachine.data.read.timeout = 1000ms (default)
2022-11-14 01:05:05,760 [pool-331-thread-1] INFO  server.RaftServerConfigKeys (ConfUtils.java:logGet(46)) - raft.server.log.purge.preservation.log.num = 0 (default)
2022-11-14 01:05:05,760 [pool-331-thread-1] INFO  server.RaftServerConfigKeys (ConfUtils.java:logGet(46)) - raft.server.log.segment.size.max = 1048576 (custom)
2022-11-14 01:05:05,760 [pool-331-thread-1] INFO  server.RaftServerConfigKeys (ConfUtils.java:logGet(46)) - raft.server.log.segment.cache.num.max = 2 (custom)
2022-11-14 01:05:05,760 [pool-331-thread-1] INFO  server.RaftServerConfigKeys (ConfUtils.java:logGet(46)) - raft.server.log.segment.cache.size.max = 200MB (=209715200) (default)
2022-11-14 01:05:05,760 [pool-331-thread-1] INFO  segmented.SegmentedRaftLogWorker (SegmentedRaftLogWorker.java:<init>(191)) - new 6d7210a4-52ae-4f69-8b98-4fa3950c6b17@group-2A9E3E468B9F-SegmentedRaftLogWorker for RaftStorageImpl:Storage Directory /home/runner/work/ozone/ozone/hadoop-ozone/integration-test/target/test-dir/MiniOzoneClusterImpl-42f4391e-4969-4d67-80bf-65b59c0896c5/datanode-1/data/ratis/7eae033a-3a61-4160-bb3c-2a9e3e468b9f
2022-11-14 01:05:05,760 [pool-331-thread-1] INFO  server.RaftServerConfigKeys (ConfUtils.java:logGet(46)) - raft.server.log.queue.byte-limit = 4294967296 (custom)
2022-11-14 01:05:05,760 [pool-331-thread-1] INFO  server.RaftServerConfigKeys (ConfUtils.java:logGet(46)) - raft.server.log.queue.element-limit = 1024 (custom)
2022-11-14 01:05:05,760 [pool-331-thread-1] INFO  server.RaftServerConfigKeys (ConfUtils.java:logGet(46)) - raft.server.log.segment.size.max = 1048576 (custom)
2022-11-14 01:05:05,760 [EventQueue-PipelineReportForPipelineReportHandler] INFO  pipeline.PipelineManagerImpl (PipelineManagerImpl.java:openPipeline(367)) - Pipeline Pipeline[ Id: 7eae033a-3a61-4160-bb3c-2a9e3e468b9f, Nodes: 6d7210a4-52ae-4f69-8b98-4fa3950c6b17{ip: 10.1.0.33, host: fv-az334-552.zg0gw54pbdoexfhqlmz30d51na.gx.internal.cloudapp.net, ports: [REPLICATION=44481, RATIS=42253, RATIS_ADMIN=42253, RATIS_SERVER=42253, STANDALONE=40617], networkLocation: /default-rack, certSerialId: null, persistedOpState: IN_SERVICE, persistedOpStateExpiryEpochSec: 0}, ReplicationConfig: RATIS/ONE, State:ALLOCATED, leaderId:6d7210a4-52ae-4f69-8b98-4fa3950c6b17, CreationTimestamp2022-11-14T01:05:02.754Z[Etc/UTC]] moved to OPEN state
2022-11-14 01:05:05,761 [EventQueue-OpenPipelineForHealthyPipelineSafeModeRule] INFO  safemode.SCMSafeModeManager (HealthyPipelineSafeModeRule.java:process(137)) - SCM in safe mode. Healthy pipelines reported count is 0, required healthy pipeline reported count is 1
2022-11-14 01:05:05,761 [pool-331-thread-1] INFO  server.RaftServerConfigKeys (ConfUtils.java:logGet(46)) - raft.server.log.preallocated.size = 16384 (custom)
2022-11-14 01:05:05,763 [pool-331-thread-1] INFO  server.RaftServerConfigKeys (ConfUtils.java:logGet(46)) - raft.server.log.force.sync.num = 128 (default)
2022-11-14 01:05:05,763 [pool-331-thread-1] INFO  server.RaftServerConfigKeys (ConfUtils.java:logGet(46)) - raft.server.log.statemachine.data.sync = true (default)
2022-11-14 01:05:05,763 [pool-331-thread-1] INFO  server.RaftServerConfigKeys (ConfUtils.java:logGet(46)) - raft.server.log.statemachine.data.sync.timeout = 10s (default)
2022-11-14 01:05:05,763 [pool-331-thread-1] INFO  server.RaftServerConfigKeys (ConfUtils.java:logGet(46)) - raft.server.log.statemachine.data.sync.timeout.retry = -1 (default)
2022-11-14 01:05:05,765 [pool-331-thread-1] INFO  server.RaftServerConfigKeys (ConfUtils.java:logGet(46)) - raft.server.log.write.buffer.size = 1048576 (custom)
2022-11-14 01:05:05,765 [pool-331-thread-1] INFO  server.RaftServerConfigKeys (ConfUtils.java:logGet(46)) - raft.server.log.unsafe-flush.enabled = false (default)
2022-11-14 01:05:05,765 [pool-331-thread-1] INFO  server.RaftServerConfigKeys (ConfUtils.java:logGet(46)) - raft.server.log.async-flush.enabled = false (default)
2022-11-14 01:05:05,765 [pool-331-thread-1] INFO  server.RaftServerConfigKeys (ConfUtils.java:logGet(46)) - raft.server.log.statemachine.data.caching.enabled = true (custom)
2022-11-14 01:05:05,765 [pool-331-thread-1] INFO  segmented.SegmentedRaftLogWorker (SegmentedRaftLogWorker.java:lambda$new$0(136)) - 6d7210a4-52ae-4f69-8b98-4fa3950c6b17@group-2A9E3E468B9F-SegmentedRaftLogWorker: flushIndex: setUnconditionally 0 -> -1
2022-11-14 01:05:05,765 [pool-331-thread-1] INFO  segmented.SegmentedRaftLogWorker (SegmentedRaftLogWorker.java:lambda$new$0(136)) - 6d7210a4-52ae-4f69-8b98-4fa3950c6b17@group-2A9E3E468B9F-SegmentedRaftLogWorker: safeCacheEvictIndex: setUnconditionally 0 -> -1
2022-11-14 01:05:05,767 [pool-331-thread-1] INFO  server.RaftServer$Division (RaftServerImpl.java:start(334)) - 6d7210a4-52ae-4f69-8b98-4fa3950c6b17@group-2A9E3E468B9F: start as a follower, conf=-1: peers:[6d7210a4-52ae-4f69-8b98-4fa3950c6b17|rpc:10.1.0.33:42253|priority:1|startupRole:FOLLOWER]|listeners:[], old=null
2022-11-14 01:05:05,767 [pool-331-thread-1] INFO  server.RaftServer$Division (RaftServerImpl.java:setRole(321)) - 6d7210a4-52ae-4f69-8b98-4fa3950c6b17@group-2A9E3E468B9F: changes role from      null to FOLLOWER at term 0 for startAsFollower
2022-11-14 01:05:05,767 [pool-331-thread-1] INFO  impl.RoleInfo (RoleInfo.java:updateAndGet(139)) - 6d7210a4-52ae-4f69-8b98-4fa3950c6b17: start 6d7210a4-52ae-4f69-8b98-4fa3950c6b17@group-2A9E3E468B9F-FollowerState
2022-11-14 01:05:05,772 [pool-331-thread-1] INFO  util.JmxRegister (JmxRegister.java:tryRegister(44)) - Successfully registered JMX Bean with object name Ratis:service=RaftServer,group=group-2A9E3E468B9F,id=6d7210a4-52ae-4f69-8b98-4fa3950c6b17
2022-11-14 01:05:05,772 [6d7210a4-52ae-4f69-8b98-4fa3950c6b17@group-2A9E3E468B9F-FollowerState] INFO  server.RaftServerConfigKeys (ConfUtils.java:logFallback(53)) - raft.server.rpc.first-election.timeout.min = 5s (fallback to raft.server.rpc.timeout.min)
2022-11-14 01:05:05,772 [pool-331-thread-1] INFO  server.RaftServerConfigKeys (ConfUtils.java:logGet(46)) - raft.server.snapshot.auto.trigger.enabled = true (custom)
2022-11-14 01:05:05,772 [6d7210a4-52ae-4f69-8b98-4fa3950c6b17@group-2A9E3E468B9F-FollowerState] INFO  server.RaftServerConfigKeys (ConfUtils.java:logFallback(53)) - raft.server.rpc.first-election.timeout.max = 5200ms (fallback to raft.server.rpc.timeout.max)
2022-11-14 01:05:05,772 [pool-331-thread-1] INFO  server.RaftServerConfigKeys (ConfUtils.java:logGet(46)) - raft.server.snapshot.auto.trigger.threshold = 10000 (custom)
2022-11-14 01:05:05,772 [pool-331-thread-1] INFO  server.RaftServerConfigKeys (ConfUtils.java:logGet(46)) - raft.server.snapshot.retention.file.num = 5 (custom)
2022-11-14 01:05:05,772 [pool-331-thread-1] INFO  server.RaftServerConfigKeys (ConfUtils.java:logGet(46)) - raft.server.log.purge.upto.snapshot.index = false (default)
2022-11-14 01:05:05,773 [Command processor thread] INFO  ratis.XceiverServerRatis (XceiverServerRatis.java:addGroup(765)) - Created group PipelineID=7eae033a-3a61-4160-bb3c-2a9e3e468b9f
2022-11-14 01:05:05,773 [Command processor thread] INFO  commandhandler.CreatePipelineCommandHandler (CreatePipelineCommandHandler.java:handle(113)) - Created Pipeline RATIS ONE PipelineID=7eae033a-3a61-4160-bb3c-2a9e3e468b9f.
2022-11-14 01:05:06,068 [Command processor thread] INFO  server.RaftServer (RaftServerProxy.java:addNew(96)) - 3ebe5f2d-7fe4-4d1b-9835-0749a91ddd88: addNew group-D4D87B78E577:[3ebe5f2d-7fe4-4d1b-9835-0749a91ddd88|rpc:10.1.0.33:36307|priority:1|startupRole:FOLLOWER] returns group-D4D87B78E577:java.util.concurrent.CompletableFuture@35b0cf99[Not completed]
2022-11-14 01:05:06,069 [pool-354-thread-1] INFO  server.RaftServer$Division (RaftServerImpl.java:<init>(195)) - 3ebe5f2d-7fe4-4d1b-9835-0749a91ddd88: new RaftServerImpl for group-D4D87B78E577:[3ebe5f2d-7fe4-4d1b-9835-0749a91ddd88|rpc:10.1.0.33:36307|priority:1|startupRole:FOLLOWER] with ContainerStateMachine:uninitialized
2022-11-14 01:05:06,069 [pool-354-thread-1] INFO  server.RaftServerConfigKeys (ConfUtils.java:logGet(46)) - raft.server.rpc.timeout.min = 5s (custom)
2022-11-14 01:05:06,069 [pool-354-thread-1] INFO  server.RaftServerConfigKeys (ConfUtils.java:logGet(46)) - raft.server.rpc.timeout.max = 5200ms (custom)
2022-11-14 01:05:06,069 [pool-354-thread-1] INFO  server.RaftServerConfigKeys (ConfUtils.java:logGet(46)) - raft.server.rpc.sleep.time = 25ms (default)
2022-11-14 01:05:06,070 [pool-354-thread-1] INFO  server.RaftServerConfigKeys (ConfUtils.java:logGet(46)) - raft.server.rpc.slowness.timeout = 300s (custom)
2022-11-14 01:05:06,070 [pool-354-thread-1] INFO  server.RaftServerConfigKeys (ConfUtils.java:logGet(46)) - raft.server.leaderelection.leader.step-down.wait-time = 10s (default)
2022-11-14 01:05:06,070 [pool-354-thread-1] INFO  server.RaftServerConfigKeys (ConfUtils.java:logGet(46)) - raft.server.sleep.deviation.threshold = 300ms (default)
2022-11-14 01:05:06,070 [pool-354-thread-1] INFO  server.RaftServer$Division (ServerState.java:<init>(118)) - 3ebe5f2d-7fe4-4d1b-9835-0749a91ddd88@group-D4D87B78E577: ConfigurationManager, init=-1: peers:[3ebe5f2d-7fe4-4d1b-9835-0749a91ddd88|rpc:10.1.0.33:36307|priority:1|startupRole:FOLLOWER]|listeners:[], old=null, confs=<EMPTY_MAP>
2022-11-14 01:05:06,070 [pool-354-thread-1] INFO  server.RaftServerConfigKeys (ConfUtils.java:logGet(46)) - raft.server.storage.dir = [/home/runner/work/ozone/ozone/hadoop-ozone/integration-test/target/test-dir/MiniOzoneClusterImpl-42f4391e-4969-4d67-80bf-65b59c0896c5/datanode-2/data/ratis] (custom)
2022-11-14 01:05:06,070 [pool-354-thread-1] INFO  server.RaftServerConfigKeys (ConfUtils.java:logGet(46)) - raft.server.log.corruption.policy = EXCEPTION (default)
2022-11-14 01:05:06,070 [pool-354-thread-1] INFO  server.RaftServerConfigKeys (ConfUtils.java:logGet(46)) - raft.server.storage.free-space.min = 0MB (=0) (default)
2022-11-14 01:05:06,070 [pool-354-thread-1] INFO  server.RaftServerConfigKeys (ConfUtils.java:logGet(46)) - raft.server.notification.no-leader.timeout = 300s (custom)
2022-11-14 01:05:06,070 [pool-354-thread-1] INFO  server.RaftServerConfigKeys (ConfUtils.java:logGet(46)) - raft.server.retrycache.expirytime = 600000ms (custom)
2022-11-14 01:05:06,070 [pool-354-thread-1] INFO  server.RaftServerConfigKeys (ConfUtils.java:logGet(46)) - raft.server.retrycache.statistics.expirytime = 100μs (default)
2022-11-14 01:05:06,071 [pool-354-thread-1] INFO  server.RaftServerConfigKeys (ConfUtils.java:logGet(46)) - raft.server.log.appender.install.snapshot.enabled = false (custom)
2022-11-14 01:05:06,071 [pool-354-thread-1] INFO  server.RaftServerConfigKeys (ConfUtils.java:logGet(46)) - raft.server.threadpool.server.cached = true (default)
2022-11-14 01:05:06,071 [pool-354-thread-1] INFO  server.RaftServerConfigKeys (ConfUtils.java:logGet(46)) - raft.server.threadpool.server.size = 0 (default)
2022-11-14 01:05:06,071 [pool-354-thread-1] INFO  server.RaftServerConfigKeys (ConfUtils.java:logGet(46)) - raft.server.threadpool.client.cached = true (default)
2022-11-14 01:05:06,071 [pool-354-thread-1] INFO  server.RaftServerConfigKeys (ConfUtils.java:logGet(46)) - raft.server.threadpool.client.size = 0 (default)
2022-11-14 01:05:06,071 [pool-354-thread-1] INFO  storage.RaftStorageDirectory (RaftStorageDirectoryImpl.java:analyzeStorage(137)) - The storage directory /home/runner/work/ozone/ozone/hadoop-ozone/integration-test/target/test-dir/MiniOzoneClusterImpl-42f4391e-4969-4d67-80bf-65b59c0896c5/datanode-2/data/ratis/c9cfdbee-569e-4242-836c-d4d87b78e577 does not exist. Creating ...
2022-11-14 01:05:06,072 [pool-354-thread-1] INFO  storage.RaftStorageDirectory (RaftStorageDirectoryImpl.java:tryLock(231)) - Lock on /home/runner/work/ozone/ozone/hadoop-ozone/integration-test/target/test-dir/MiniOzoneClusterImpl-42f4391e-4969-4d67-80bf-65b59c0896c5/datanode-2/data/ratis/c9cfdbee-569e-4242-836c-d4d87b78e577/in_use.lock acquired by nodename 11961@fv-az334-552
2022-11-14 01:05:06,073 [pool-354-thread-1] INFO  storage.RaftStorage (RaftStorageImpl.java:format(96)) - Storage directory /home/runner/work/ozone/ozone/hadoop-ozone/integration-test/target/test-dir/MiniOzoneClusterImpl-42f4391e-4969-4d67-80bf-65b59c0896c5/datanode-2/data/ratis/c9cfdbee-569e-4242-836c-d4d87b78e577 has been successfully formatted.
2022-11-14 01:05:06,074 [pool-354-thread-1] INFO  ratis.ContainerStateMachine (ContainerStateMachine.java:loadSnapshot(236)) - group-D4D87B78E577: The snapshot info is null. Setting the last applied indexto:(t:0, i:~)
2022-11-14 01:05:06,074 [pool-354-thread-1] INFO  server.RaftServerConfigKeys (ConfUtils.java:logGet(46)) - raft.server.log.use.memory = false (default)
2022-11-14 01:05:06,074 [pool-354-thread-1] INFO  server.RaftServerConfigKeys (ConfUtils.java:logGet(46)) - raft.server.log.purge.gap = 1000000 (custom)
2022-11-14 01:05:06,074 [pool-354-thread-1] INFO  server.RaftServerConfigKeys (ConfUtils.java:logGet(46)) - raft.server.log.appender.buffer.byte-limit = 33554432 (custom)
2022-11-14 01:05:06,074 [pool-354-thread-1] INFO  server.RaftServerConfigKeys (ConfUtils.java:logGet(46)) - raft.server.log.statemachine.data.read.timeout = 1000ms (default)
2022-11-14 01:05:06,074 [pool-354-thread-1] INFO  server.RaftServerConfigKeys (ConfUtils.java:logGet(46)) - raft.server.log.purge.preservation.log.num = 0 (default)
2022-11-14 01:05:06,074 [Listener at 127.0.0.1/43447] INFO  ozone.MiniOzoneClusterImpl (MiniOzoneClusterImpl.java:lambda$waitForClusterToBeReady$0(216)) - Nodes are ready. Got 3 of 3 DN Heartbeats.
2022-11-14 01:05:06,074 [Listener at 127.0.0.1/43447] INFO  ozone.MiniOzoneClusterImpl (MiniOzoneClusterImpl.java:lambda$waitForClusterToBeReady$0(219)) - Waiting for cluster to exit safe mode
2022-11-14 01:05:06,075 [Listener at 127.0.0.1/43447] INFO  ozone.MiniOzoneClusterImpl (MiniOzoneClusterImpl.java:lambda$waitForClusterToBeReady$0(221)) - SCM became leader
2022-11-14 01:05:06,074 [pool-354-thread-1] INFO  server.RaftServerConfigKeys (ConfUtils.java:logGet(46)) - raft.server.log.segment.size.max = 1048576 (custom)
2022-11-14 01:05:06,075 [pool-354-thread-1] INFO  server.RaftServerConfigKeys (ConfUtils.java:logGet(46)) - raft.server.log.segment.cache.num.max = 2 (custom)
2022-11-14 01:05:06,075 [pool-354-thread-1] INFO  server.RaftServerConfigKeys (ConfUtils.java:logGet(46)) - raft.server.log.segment.cache.size.max = 200MB (=209715200) (default)
2022-11-14 01:05:06,075 [pool-354-thread-1] INFO  segmented.SegmentedRaftLogWorker (SegmentedRaftLogWorker.java:<init>(191)) - new 3ebe5f2d-7fe4-4d1b-9835-0749a91ddd88@group-D4D87B78E577-SegmentedRaftLogWorker for RaftStorageImpl:Storage Directory /home/runner/work/ozone/ozone/hadoop-ozone/integration-test/target/test-dir/MiniOzoneClusterImpl-42f4391e-4969-4d67-80bf-65b59c0896c5/datanode-2/data/ratis/c9cfdbee-569e-4242-836c-d4d87b78e577
2022-11-14 01:05:06,076 [pool-354-thread-1] INFO  server.RaftServerConfigKeys (ConfUtils.java:logGet(46)) - raft.server.log.queue.byte-limit = 4294967296 (custom)
2022-11-14 01:05:06,076 [pool-354-thread-1] INFO  server.RaftServerConfigKeys (ConfUtils.java:logGet(46)) - raft.server.log.queue.element-limit = 1024 (custom)
2022-11-14 01:05:06,076 [pool-354-thread-1] INFO  server.RaftServerConfigKeys (ConfUtils.java:logGet(46)) - raft.server.log.segment.size.max = 1048576 (custom)
2022-11-14 01:05:06,076 [pool-354-thread-1] INFO  server.RaftServerConfigKeys (ConfUtils.java:logGet(46)) - raft.server.log.preallocated.size = 16384 (custom)
2022-11-14 01:05:06,076 [pool-354-thread-1] INFO  server.RaftServerConfigKeys (ConfUtils.java:logGet(46)) - raft.server.log.force.sync.num = 128 (default)
2022-11-14 01:05:06,076 [pool-354-thread-1] INFO  server.RaftServerConfigKeys (ConfUtils.java:logGet(46)) - raft.server.log.statemachine.data.sync = true (default)
2022-11-14 01:05:06,076 [pool-354-thread-1] INFO  server.RaftServerConfigKeys (ConfUtils.java:logGet(46)) - raft.server.log.statemachine.data.sync.timeout = 10s (default)
2022-11-14 01:05:06,076 [pool-354-thread-1] INFO  server.RaftServerConfigKeys (ConfUtils.java:logGet(46)) - raft.server.log.statemachine.data.sync.timeout.retry = -1 (default)
2022-11-14 01:05:06,076 [EventQueue-PipelineReportForPipelineReportHandler] INFO  pipeline.PipelineManagerImpl (PipelineManagerImpl.java:openPipeline(367)) - Pipeline Pipeline[ Id: c9cfdbee-569e-4242-836c-d4d87b78e577, Nodes: 3ebe5f2d-7fe4-4d1b-9835-0749a91ddd88{ip: 10.1.0.33, host: fv-az334-552.zg0gw54pbdoexfhqlmz30d51na.gx.internal.cloudapp.net, ports: [REPLICATION=46811, RATIS=36307, RATIS_ADMIN=36307, RATIS_SERVER=36307, STANDALONE=40033], networkLocation: /default-rack, certSerialId: null, persistedOpState: IN_SERVICE, persistedOpStateExpiryEpochSec: 0}, ReplicationConfig: RATIS/ONE, State:ALLOCATED, leaderId:3ebe5f2d-7fe4-4d1b-9835-0749a91ddd88, CreationTimestamp2022-11-14T01:05:03.073Z[Etc/UTC]] moved to OPEN state
2022-11-14 01:05:06,077 [EventQueue-OpenPipelineForHealthyPipelineSafeModeRule] INFO  safemode.SCMSafeModeManager (HealthyPipelineSafeModeRule.java:process(137)) - SCM in safe mode. Healthy pipelines reported count is 0, required healthy pipeline reported count is 1
2022-11-14 01:05:06,077 [pool-354-thread-1] INFO  server.RaftServerConfigKeys (ConfUtils.java:logGet(46)) - raft.server.log.write.buffer.size = 1048576 (custom)
2022-11-14 01:05:06,078 [pool-354-thread-1] INFO  server.RaftServerConfigKeys (ConfUtils.java:logGet(46)) - raft.server.log.unsafe-flush.enabled = false (default)
2022-11-14 01:05:06,078 [pool-354-thread-1] INFO  server.RaftServerConfigKeys (ConfUtils.java:logGet(46)) - raft.server.log.async-flush.enabled = false (default)
2022-11-14 01:05:06,078 [pool-354-thread-1] INFO  server.RaftServerConfigKeys (ConfUtils.java:logGet(46)) - raft.server.log.statemachine.data.caching.enabled = true (custom)
2022-11-14 01:05:06,078 [pool-354-thread-1] INFO  segmented.SegmentedRaftLogWorker (SegmentedRaftLogWorker.java:lambda$new$0(136)) - 3ebe5f2d-7fe4-4d1b-9835-0749a91ddd88@group-D4D87B78E577-SegmentedRaftLogWorker: flushIndex: setUnconditionally 0 -> -1
2022-11-14 01:05:06,078 [pool-354-thread-1] INFO  segmented.SegmentedRaftLogWorker (SegmentedRaftLogWorker.java:lambda$new$0(136)) - 3ebe5f2d-7fe4-4d1b-9835-0749a91ddd88@group-D4D87B78E577-SegmentedRaftLogWorker: safeCacheEvictIndex: setUnconditionally 0 -> -1
2022-11-14 01:05:06,079 [pool-354-thread-1] INFO  server.RaftServer$Division (RaftServerImpl.java:start(334)) - 3ebe5f2d-7fe4-4d1b-9835-0749a91ddd88@group-D4D87B78E577: start as a follower, conf=-1: peers:[3ebe5f2d-7fe4-4d1b-9835-0749a91ddd88|rpc:10.1.0.33:36307|priority:1|startupRole:FOLLOWER]|listeners:[], old=null
2022-11-14 01:05:06,079 [pool-354-thread-1] INFO  server.RaftServer$Division (RaftServerImpl.java:setRole(321)) - 3ebe5f2d-7fe4-4d1b-9835-0749a91ddd88@group-D4D87B78E577: changes role from      null to FOLLOWER at term 0 for startAsFollower
2022-11-14 01:05:06,079 [pool-354-thread-1] INFO  impl.RoleInfo (RoleInfo.java:updateAndGet(139)) - 3ebe5f2d-7fe4-4d1b-9835-0749a91ddd88: start 3ebe5f2d-7fe4-4d1b-9835-0749a91ddd88@group-D4D87B78E577-FollowerState
2022-11-14 01:05:06,079 [3ebe5f2d-7fe4-4d1b-9835-0749a91ddd88@group-D4D87B78E577-FollowerState] INFO  server.RaftServerConfigKeys (ConfUtils.java:logFallback(53)) - raft.server.rpc.first-election.timeout.min = 5s (fallback to raft.server.rpc.timeout.min)
2022-11-14 01:05:06,079 [pool-354-thread-1] INFO  util.JmxRegister (JmxRegister.java:tryRegister(44)) - Successfully registered JMX Bean with object name Ratis:service=RaftServer,group=group-D4D87B78E577,id=3ebe5f2d-7fe4-4d1b-9835-0749a91ddd88
2022-11-14 01:05:06,079 [3ebe5f2d-7fe4-4d1b-9835-0749a91ddd88@group-D4D87B78E577-FollowerState] INFO  server.RaftServerConfigKeys (ConfUtils.java:logFallback(53)) - raft.server.rpc.first-election.timeout.max = 5200ms (fallback to raft.server.rpc.timeout.max)
2022-11-14 01:05:06,079 [pool-354-thread-1] INFO  server.RaftServerConfigKeys (ConfUtils.java:logGet(46)) - raft.server.snapshot.auto.trigger.enabled = true (custom)
2022-11-14 01:05:06,079 [pool-354-thread-1] INFO  server.RaftServerConfigKeys (ConfUtils.java:logGet(46)) - raft.server.snapshot.auto.trigger.threshold = 10000 (custom)
2022-11-14 01:05:06,079 [pool-354-thread-1] INFO  server.RaftServerConfigKeys (ConfUtils.java:logGet(46)) - raft.server.snapshot.retention.file.num = 5 (custom)
2022-11-14 01:05:06,079 [pool-354-thread-1] INFO  server.RaftServerConfigKeys (ConfUtils.java:logGet(46)) - raft.server.log.purge.upto.snapshot.index = false (default)
2022-11-14 01:05:06,080 [Command processor thread] INFO  ratis.XceiverServerRatis (XceiverServerRatis.java:addGroup(765)) - Created group PipelineID=c9cfdbee-569e-4242-836c-d4d87b78e577
2022-11-14 01:05:06,080 [Command processor thread] INFO  commandhandler.CreatePipelineCommandHandler (CreatePipelineCommandHandler.java:handle(113)) - Created Pipeline RATIS ONE PipelineID=c9cfdbee-569e-4242-836c-d4d87b78e577.
2022-11-14 01:05:07,075 [Listener at 127.0.0.1/43447] INFO  ozone.MiniOzoneClusterImpl (MiniOzoneClusterImpl.java:lambda$waitForClusterToBeReady$0(216)) - Nodes are ready. Got 3 of 3 DN Heartbeats.
2022-11-14 01:05:07,075 [Listener at 127.0.0.1/43447] INFO  ozone.MiniOzoneClusterImpl (MiniOzoneClusterImpl.java:lambda$waitForClusterToBeReady$0(219)) - Waiting for cluster to exit safe mode
2022-11-14 01:05:07,075 [Listener at 127.0.0.1/43447] INFO  ozone.MiniOzoneClusterImpl (MiniOzoneClusterImpl.java:lambda$waitForClusterToBeReady$0(221)) - SCM became leader
2022-11-14 01:05:08,076 [Listener at 127.0.0.1/43447] INFO  ozone.MiniOzoneClusterImpl (MiniOzoneClusterImpl.java:lambda$waitForClusterToBeReady$0(216)) - Nodes are ready. Got 3 of 3 DN Heartbeats.
2022-11-14 01:05:08,076 [Listener at 127.0.0.1/43447] INFO  ozone.MiniOzoneClusterImpl (MiniOzoneClusterImpl.java:lambda$waitForClusterToBeReady$0(219)) - Waiting for cluster to exit safe mode
2022-11-14 01:05:08,076 [Listener at 127.0.0.1/43447] INFO  ozone.MiniOzoneClusterImpl (MiniOzoneClusterImpl.java:lambda$waitForClusterToBeReady$0(221)) - SCM became leader
2022-11-14 01:05:09,076 [Listener at 127.0.0.1/43447] INFO  ozone.MiniOzoneClusterImpl (MiniOzoneClusterImpl.java:lambda$waitForClusterToBeReady$0(216)) - Nodes are ready. Got 3 of 3 DN Heartbeats.
2022-11-14 01:05:09,077 [Listener at 127.0.0.1/43447] INFO  ozone.MiniOzoneClusterImpl (MiniOzoneClusterImpl.java:lambda$waitForClusterToBeReady$0(219)) - Waiting for cluster to exit safe mode
2022-11-14 01:05:09,077 [Listener at 127.0.0.1/43447] INFO  ozone.MiniOzoneClusterImpl (MiniOzoneClusterImpl.java:lambda$waitForClusterToBeReady$0(221)) - SCM became leader
2022-11-14 01:05:10,077 [Listener at 127.0.0.1/43447] INFO  ozone.MiniOzoneClusterImpl (MiniOzoneClusterImpl.java:lambda$waitForClusterToBeReady$0(216)) - Nodes are ready. Got 3 of 3 DN Heartbeats.
2022-11-14 01:05:10,077 [Listener at 127.0.0.1/43447] INFO  ozone.MiniOzoneClusterImpl (MiniOzoneClusterImpl.java:lambda$waitForClusterToBeReady$0(219)) - Waiting for cluster to exit safe mode
2022-11-14 01:05:10,077 [Listener at 127.0.0.1/43447] INFO  ozone.MiniOzoneClusterImpl (MiniOzoneClusterImpl.java:lambda$waitForClusterToBeReady$0(221)) - SCM became leader
2022-11-14 01:05:10,477 [64f2a322-bab2-49a6-bf14-d21796863fbb@group-E0679D01DD9B-FollowerState] INFO  impl.FollowerState (FollowerState.java:run(143)) - 64f2a322-bab2-49a6-bf14-d21796863fbb@group-E0679D01DD9B-FollowerState: change to CANDIDATE, lastRpcElapsedTime:5010880551ns, electionTimeout:5000ms
2022-11-14 01:05:10,478 [64f2a322-bab2-49a6-bf14-d21796863fbb@group-E0679D01DD9B-FollowerState] INFO  impl.RoleInfo (RoleInfo.java:shutdownFollowerState(110)) - 64f2a322-bab2-49a6-bf14-d21796863fbb: shutdown 64f2a322-bab2-49a6-bf14-d21796863fbb@group-E0679D01DD9B-FollowerState
2022-11-14 01:05:10,478 [64f2a322-bab2-49a6-bf14-d21796863fbb@group-E0679D01DD9B-FollowerState] INFO  server.RaftServer$Division (RaftServerImpl.java:setRole(321)) - 64f2a322-bab2-49a6-bf14-d21796863fbb@group-E0679D01DD9B: changes role from  FOLLOWER to CANDIDATE at term 0 for changeToCandidate
2022-11-14 01:05:10,478 [64f2a322-bab2-49a6-bf14-d21796863fbb@group-E0679D01DD9B-FollowerState] INFO  server.RaftServerConfigKeys (ConfUtils.java:logGet(46)) - raft.server.leaderelection.pre-vote = false (custom)
2022-11-14 01:05:10,478 [64f2a322-bab2-49a6-bf14-d21796863fbb@group-E0679D01DD9B-FollowerState] INFO  impl.RoleInfo (RoleInfo.java:updateAndGet(139)) - 64f2a322-bab2-49a6-bf14-d21796863fbb: start 64f2a322-bab2-49a6-bf14-d21796863fbb@group-E0679D01DD9B-LeaderElection22
2022-11-14 01:05:10,481 [64f2a322-bab2-49a6-bf14-d21796863fbb@group-E0679D01DD9B-LeaderElection22] INFO  impl.LeaderElection (LeaderElection.java:askForVotes(312)) - 64f2a322-bab2-49a6-bf14-d21796863fbb@group-E0679D01DD9B-LeaderElection22 ELECTION round 0: submit vote requests at term 1 for -1: peers:[64f2a322-bab2-49a6-bf14-d21796863fbb|rpc:10.1.0.33:36135|priority:1|startupRole:FOLLOWER]|listeners:[], old=null
2022-11-14 01:05:10,482 [64f2a322-bab2-49a6-bf14-d21796863fbb@group-E0679D01DD9B-LeaderElection22] INFO  impl.LeaderElection (LeaderElection.java:askForVotes(314)) - 64f2a322-bab2-49a6-bf14-d21796863fbb@group-E0679D01DD9B-LeaderElection22 ELECTION round 0: result PASSED (term=1)
2022-11-14 01:05:10,482 [64f2a322-bab2-49a6-bf14-d21796863fbb@group-E0679D01DD9B-LeaderElection22] INFO  impl.RoleInfo (RoleInfo.java:shutdownLeaderElection(130)) - 64f2a322-bab2-49a6-bf14-d21796863fbb: shutdown 64f2a322-bab2-49a6-bf14-d21796863fbb@group-E0679D01DD9B-LeaderElection22
2022-11-14 01:05:10,482 [64f2a322-bab2-49a6-bf14-d21796863fbb@group-E0679D01DD9B-LeaderElection22] INFO  server.RaftServer$Division (RaftServerImpl.java:setRole(321)) - 64f2a322-bab2-49a6-bf14-d21796863fbb@group-E0679D01DD9B: changes role from CANDIDATE to LEADER at term 1 for changeToLeader
2022-11-14 01:05:10,482 [64f2a322-bab2-49a6-bf14-d21796863fbb@group-E0679D01DD9B-LeaderElection22] INFO  ratis.XceiverServerRatis (XceiverServerRatis.java:handleLeaderChangedNotification(863)) - Leader change notification received for group: group-E0679D01DD9B with new leaderId: 64f2a322-bab2-49a6-bf14-d21796863fbb
2022-11-14 01:05:10,482 [64f2a322-bab2-49a6-bf14-d21796863fbb@group-E0679D01DD9B-LeaderElection22] INFO  server.RaftServer$Division (ServerState.java:setLeader(313)) - 64f2a322-bab2-49a6-bf14-d21796863fbb@group-E0679D01DD9B: change Leader from null to 64f2a322-bab2-49a6-bf14-d21796863fbb at term 1 for becomeLeader, leader elected after 5028ms
2022-11-14 01:05:10,482 [64f2a322-bab2-49a6-bf14-d21796863fbb@group-E0679D01DD9B-LeaderElection22] INFO  server.RaftServerConfigKeys (ConfUtils.java:logGet(46)) - raft.server.staging.catchup.gap = 1000 (default)
2022-11-14 01:05:10,482 [64f2a322-bab2-49a6-bf14-d21796863fbb@group-E0679D01DD9B-LeaderElection22] INFO  server.RaftServerConfigKeys (ConfUtils.java:logGet(46)) - raft.server.write.element-limit = 1024 (custom)
2022-11-14 01:05:10,483 [64f2a322-bab2-49a6-bf14-d21796863fbb@group-E0679D01DD9B-LeaderElection22] INFO  server.RaftServerConfigKeys (ConfUtils.java:logGet(46)) - raft.server.write.byte-limit = 1024 M (=1073741824) (custom)
2022-11-14 01:05:10,483 [64f2a322-bab2-49a6-bf14-d21796863fbb@group-E0679D01DD9B-LeaderElection22] INFO  server.RaftServerConfigKeys (ConfUtils.java:logGet(46)) - raft.server.watch.timeout = 180s (custom)
2022-11-14 01:05:10,483 [64f2a322-bab2-49a6-bf14-d21796863fbb@group-E0679D01DD9B-LeaderElection22] INFO  server.RaftServerConfigKeys (ConfUtils.java:logGet(46)) - raft.server.watch.timeout.denomination = 1s (default)
2022-11-14 01:05:10,483 [64f2a322-bab2-49a6-bf14-d21796863fbb@group-E0679D01DD9B-LeaderElection22] INFO  server.RaftServerConfigKeys (ConfUtils.java:logGet(46)) - raft.server.watch.element-limit = 65536 (default)
2022-11-14 01:05:10,483 [64f2a322-bab2-49a6-bf14-d21796863fbb@group-E0679D01DD9B-LeaderElection22] INFO  server.RaftServerConfigKeys (ConfUtils.java:logGet(46)) - raft.server.write.element-limit = 1024 (custom)
2022-11-14 01:05:10,483 [64f2a322-bab2-49a6-bf14-d21796863fbb@group-E0679D01DD9B-LeaderElection22] INFO  server.RaftServerConfigKeys (ConfUtils.java:logGet(46)) - raft.server.write.follower.gap.ratio.max = -1.0 (default)
2022-11-14 01:05:10,483 [64f2a322-bab2-49a6-bf14-d21796863fbb@group-E0679D01DD9B-LeaderElection22] INFO  impl.RoleInfo (RoleInfo.java:updateAndGet(139)) - 64f2a322-bab2-49a6-bf14-d21796863fbb: start 64f2a322-bab2-49a6-bf14-d21796863fbb@group-E0679D01DD9B-LeaderStateImpl
2022-11-14 01:05:10,484 [64f2a322-bab2-49a6-bf14-d21796863fbb@group-E0679D01DD9B-LeaderElection22] INFO  segmented.SegmentedRaftLogWorker (SegmentedRaftLogWorker.java:startLogSegment(452)) - 64f2a322-bab2-49a6-bf14-d21796863fbb@group-E0679D01DD9B-SegmentedRaftLogWorker: Starting segment from index:0
2022-11-14 01:05:10,484 [EventQueue-OpenPipelineForHealthyPipelineSafeModeRule] INFO  safemode.SCMSafeModeManager (HealthyPipelineSafeModeRule.java:process(137)) - SCM in safe mode. Healthy pipelines reported count is 0, required healthy pipeline reported count is 1
2022-11-14 01:05:10,486 [64f2a322-bab2-49a6-bf14-d21796863fbb@group-E0679D01DD9B-SegmentedRaftLogWorker] INFO  segmented.SegmentedRaftLogWorker (SegmentedRaftLogWorker.java:execute(656)) - 64f2a322-bab2-49a6-bf14-d21796863fbb@group-E0679D01DD9B-SegmentedRaftLogWorker: created new log segment /home/runner/work/ozone/ozone/hadoop-ozone/integration-test/target/test-dir/MiniOzoneClusterImpl-42f4391e-4969-4d67-80bf-65b59c0896c5/datanode-0/data/ratis/936949c9-2a44-4256-88d2-e0679d01dd9b/current/log_inprogress_0
2022-11-14 01:05:10,486 [64f2a322-bab2-49a6-bf14-d21796863fbb@group-E0679D01DD9B-LeaderElection22] INFO  server.RaftServer$Division (ServerState.java:setRaftConf(430)) - 64f2a322-bab2-49a6-bf14-d21796863fbb@group-E0679D01DD9B: set configuration 0: peers:[64f2a322-bab2-49a6-bf14-d21796863fbb|rpc:10.1.0.33:36135|dataStream:|priority:1|startupRole:FOLLOWER]|listeners:[], old=null
2022-11-14 01:05:10,560 [64f2a322-bab2-49a6-bf14-d21796863fbb@group-B93C309DF681-FollowerState] INFO  impl.FollowerState (FollowerState.java:run(143)) - 64f2a322-bab2-49a6-bf14-d21796863fbb@group-B93C309DF681-FollowerState: change to CANDIDATE, lastRpcElapsedTime:5069234041ns, electionTimeout:5063ms
2022-11-14 01:05:10,560 [64f2a322-bab2-49a6-bf14-d21796863fbb@group-B93C309DF681-FollowerState] INFO  impl.RoleInfo (RoleInfo.java:shutdownFollowerState(110)) - 64f2a322-bab2-49a6-bf14-d21796863fbb: shutdown 64f2a322-bab2-49a6-bf14-d21796863fbb@group-B93C309DF681-FollowerState
2022-11-14 01:05:10,560 [64f2a322-bab2-49a6-bf14-d21796863fbb@group-B93C309DF681-FollowerState] INFO  server.RaftServer$Division (RaftServerImpl.java:setRole(321)) - 64f2a322-bab2-49a6-bf14-d21796863fbb@group-B93C309DF681: changes role from  FOLLOWER to CANDIDATE at term 0 for changeToCandidate
2022-11-14 01:05:10,560 [64f2a322-bab2-49a6-bf14-d21796863fbb@group-B93C309DF681-FollowerState] INFO  server.RaftServerConfigKeys (ConfUtils.java:logGet(46)) - raft.server.leaderelection.pre-vote = false (custom)
2022-11-14 01:05:10,560 [64f2a322-bab2-49a6-bf14-d21796863fbb@group-B93C309DF681-FollowerState] INFO  impl.RoleInfo (RoleInfo.java:updateAndGet(139)) - 64f2a322-bab2-49a6-bf14-d21796863fbb: start 64f2a322-bab2-49a6-bf14-d21796863fbb@group-B93C309DF681-LeaderElection23
2022-11-14 01:05:10,566 [64f2a322-bab2-49a6-bf14-d21796863fbb@group-B93C309DF681-LeaderElection23] INFO  impl.LeaderElection (LeaderElection.java:askForVotes(312)) - 64f2a322-bab2-49a6-bf14-d21796863fbb@group-B93C309DF681-LeaderElection23 ELECTION round 0: submit vote requests at term 1 for -1: peers:[64f2a322-bab2-49a6-bf14-d21796863fbb|rpc:10.1.0.33:36135|priority:0|startupRole:FOLLOWER, 3ebe5f2d-7fe4-4d1b-9835-0749a91ddd88|rpc:10.1.0.33:36307|priority:0|startupRole:FOLLOWER, 6d7210a4-52ae-4f69-8b98-4fa3950c6b17|rpc:10.1.0.33:42253|priority:1|startupRole:FOLLOWER]|listeners:[], old=null
2022-11-14 01:05:10,566 [64f2a322-bab2-49a6-bf14-d21796863fbb@group-B93C309DF681-LeaderElection23] INFO  server.RaftServerConfigKeys (ConfUtils.java:logFallback(53)) - raft.server.rpc.first-election.timeout.min = 5s (fallback to raft.server.rpc.timeout.min)
2022-11-14 01:05:10,566 [64f2a322-bab2-49a6-bf14-d21796863fbb@group-B93C309DF681-LeaderElection23-1] INFO  server.GrpcServerProtocolClient (GrpcServerProtocolClient.java:<init>(63)) - Build channel for 3ebe5f2d-7fe4-4d1b-9835-0749a91ddd88
2022-11-14 01:05:10,566 [64f2a322-bab2-49a6-bf14-d21796863fbb@group-B93C309DF681-LeaderElection23] INFO  server.RaftServerConfigKeys (ConfUtils.java:logFallback(53)) - raft.server.rpc.first-election.timeout.max = 5200ms (fallback to raft.server.rpc.timeout.max)
2022-11-14 01:05:10,566 [64f2a322-bab2-49a6-bf14-d21796863fbb@group-B93C309DF681-LeaderElection23-2] INFO  server.GrpcServerProtocolClient (GrpcServerProtocolClient.java:<init>(63)) - Build channel for 6d7210a4-52ae-4f69-8b98-4fa3950c6b17
2022-11-14 01:05:10,574 [grpc-default-executor-0] INFO  server.RaftServer$Division (RaftServerImpl.java:requestVote(1218)) - 3ebe5f2d-7fe4-4d1b-9835-0749a91ddd88@group-B93C309DF681: receive requestVote(ELECTION, 64f2a322-bab2-49a6-bf14-d21796863fbb, group-B93C309DF681, 1, (t:0, i:0))
2022-11-14 01:05:10,575 [grpc-default-executor-0] INFO  impl.VoteContext (VoteContext.java:log(48)) - 3ebe5f2d-7fe4-4d1b-9835-0749a91ddd88@group-B93C309DF681-FOLLOWER: accept ELECTION from 64f2a322-bab2-49a6-bf14-d21796863fbb: our priority 0 <= candidate's priority 0
2022-11-14 01:05:10,575 [grpc-default-executor-0] INFO  server.RaftServer$Division (RaftServerImpl.java:setRole(321)) - 3ebe5f2d-7fe4-4d1b-9835-0749a91ddd88@group-B93C309DF681: changes role from  FOLLOWER to FOLLOWER at term 1 for candidate:64f2a322-bab2-49a6-bf14-d21796863fbb
2022-11-14 01:05:10,575 [grpc-default-executor-0] INFO  impl.RoleInfo (RoleInfo.java:shutdownFollowerState(110)) - 3ebe5f2d-7fe4-4d1b-9835-0749a91ddd88: shutdown 3ebe5f2d-7fe4-4d1b-9835-0749a91ddd88@group-B93C309DF681-FollowerState
2022-11-14 01:05:10,575 [grpc-default-executor-0] INFO  impl.RoleInfo (RoleInfo.java:updateAndGet(139)) - 3ebe5f2d-7fe4-4d1b-9835-0749a91ddd88: start 3ebe5f2d-7fe4-4d1b-9835-0749a91ddd88@group-B93C309DF681-FollowerState
2022-11-14 01:05:10,575 [3ebe5f2d-7fe4-4d1b-9835-0749a91ddd88@group-B93C309DF681-FollowerState] INFO  impl.FollowerState (FollowerState.java:run(152)) - 3ebe5f2d-7fe4-4d1b-9835-0749a91ddd88@group-B93C309DF681-FollowerState was interrupted
2022-11-14 01:05:10,578 [3ebe5f2d-7fe4-4d1b-9835-0749a91ddd88@group-B93C309DF681-FollowerState] INFO  server.RaftServerConfigKeys (ConfUtils.java:logFallback(53)) - raft.server.rpc.first-election.timeout.min = 5s (fallback to raft.server.rpc.timeout.min)
2022-11-14 01:05:10,578 [3ebe5f2d-7fe4-4d1b-9835-0749a91ddd88@group-B93C309DF681-FollowerState] INFO  server.RaftServerConfigKeys (ConfUtils.java:logFallback(53)) - raft.server.rpc.first-election.timeout.max = 5200ms (fallback to raft.server.rpc.timeout.max)
2022-11-14 01:05:10,579 [grpc-default-executor-0] INFO  server.RaftServer$Division (RaftServerImpl.java:requestVote(1251)) - 3ebe5f2d-7fe4-4d1b-9835-0749a91ddd88@group-B93C309DF681 replies to ELECTION vote request: 64f2a322-bab2-49a6-bf14-d21796863fbb<-3ebe5f2d-7fe4-4d1b-9835-0749a91ddd88#0:OK-t1. Peer's state: 3ebe5f2d-7fe4-4d1b-9835-0749a91ddd88@group-B93C309DF681:t1, leader=null, voted=64f2a322-bab2-49a6-bf14-d21796863fbb, raftlog=Memoized:3ebe5f2d-7fe4-4d1b-9835-0749a91ddd88@group-B93C309DF681-SegmentedRaftLog:OPENED:c-1, conf=-1: peers:[64f2a322-bab2-49a6-bf14-d21796863fbb|rpc:10.1.0.33:36135|dataStream:|priority:0|startupRole:FOLLOWER, 3ebe5f2d-7fe4-4d1b-9835-0749a91ddd88|rpc:10.1.0.33:36307|dataStream:|priority:0|startupRole:FOLLOWER, 6d7210a4-52ae-4f69-8b98-4fa3950c6b17|rpc:10.1.0.33:42253|dataStream:|priority:1|startupRole:FOLLOWER]|listeners:[], old=null
2022-11-14 01:05:10,581 [grpc-default-executor-1] INFO  server.RaftServer$Division (RaftServerImpl.java:requestVote(1218)) - 6d7210a4-52ae-4f69-8b98-4fa3950c6b17@group-B93C309DF681: receive requestVote(ELECTION, 64f2a322-bab2-49a6-bf14-d21796863fbb, group-B93C309DF681, 1, (t:0, i:0))
2022-11-14 01:05:10,581 [grpc-default-executor-1] INFO  impl.VoteContext (VoteContext.java:log(48)) - 6d7210a4-52ae-4f69-8b98-4fa3950c6b17@group-B93C309DF681-FOLLOWER: reject ELECTION from 64f2a322-bab2-49a6-bf14-d21796863fbb: our priority 1 > candidate's priority 0
2022-11-14 01:05:10,581 [grpc-default-executor-1] INFO  server.RaftServer$Division (RaftServerImpl.java:setRole(321)) - 6d7210a4-52ae-4f69-8b98-4fa3950c6b17@group-B93C309DF681: changes role from  FOLLOWER to FOLLOWER at term 1 for candidate:64f2a322-bab2-49a6-bf14-d21796863fbb
2022-11-14 01:05:10,582 [grpc-default-executor-1] INFO  impl.RoleInfo (RoleInfo.java:shutdownFollowerState(110)) - 6d7210a4-52ae-4f69-8b98-4fa3950c6b17: shutdown 6d7210a4-52ae-4f69-8b98-4fa3950c6b17@group-B93C309DF681-FollowerState
2022-11-14 01:05:10,582 [grpc-default-executor-1] INFO  impl.RoleInfo (RoleInfo.java:updateAndGet(139)) - 6d7210a4-52ae-4f69-8b98-4fa3950c6b17: start 6d7210a4-52ae-4f69-8b98-4fa3950c6b17@group-B93C309DF681-FollowerState
2022-11-14 01:05:10,583 [6d7210a4-52ae-4f69-8b98-4fa3950c6b17@group-B93C309DF681-FollowerState] INFO  impl.FollowerState (FollowerState.java:run(152)) - 6d7210a4-52ae-4f69-8b98-4fa3950c6b17@group-B93C309DF681-FollowerState was interrupted
2022-11-14 01:05:10,588 [6d7210a4-52ae-4f69-8b98-4fa3950c6b17@group-B93C309DF681-FollowerState] INFO  server.RaftServerConfigKeys (ConfUtils.java:logFallback(53)) - raft.server.rpc.first-election.timeout.min = 5s (fallback to raft.server.rpc.timeout.min)
2022-11-14 01:05:10,588 [6d7210a4-52ae-4f69-8b98-4fa3950c6b17@group-B93C309DF681-FollowerState] INFO  server.RaftServerConfigKeys (ConfUtils.java:logFallback(53)) - raft.server.rpc.first-election.timeout.max = 5200ms (fallback to raft.server.rpc.timeout.max)
2022-11-14 01:05:10,589 [grpc-default-executor-1] INFO  server.RaftServer$Division (RaftServerImpl.java:requestVote(1251)) - 6d7210a4-52ae-4f69-8b98-4fa3950c6b17@group-B93C309DF681 replies to ELECTION vote request: 64f2a322-bab2-49a6-bf14-d21796863fbb<-6d7210a4-52ae-4f69-8b98-4fa3950c6b17#0:FAIL-t1. Peer's state: 6d7210a4-52ae-4f69-8b98-4fa3950c6b17@group-B93C309DF681:t1, leader=null, voted=null, raftlog=Memoized:6d7210a4-52ae-4f69-8b98-4fa3950c6b17@group-B93C309DF681-SegmentedRaftLog:OPENED:c-1, conf=-1: peers:[64f2a322-bab2-49a6-bf14-d21796863fbb|rpc:10.1.0.33:36135|dataStream:|priority:0|startupRole:FOLLOWER, 3ebe5f2d-7fe4-4d1b-9835-0749a91ddd88|rpc:10.1.0.33:36307|dataStream:|priority:0|startupRole:FOLLOWER, 6d7210a4-52ae-4f69-8b98-4fa3950c6b17|rpc:10.1.0.33:42253|dataStream:|priority:1|startupRole:FOLLOWER]|listeners:[], old=null
2022-11-14 01:05:10,590 [64f2a322-bab2-49a6-bf14-d21796863fbb@group-B93C309DF681-LeaderElection23] INFO  impl.LeaderElection (LeaderElection.java:logAndReturn(90)) - 64f2a322-bab2-49a6-bf14-d21796863fbb@group-B93C309DF681-LeaderElection23: ELECTION REJECTED received 2 response(s) and 0 exception(s):
2022-11-14 01:05:10,590 [64f2a322-bab2-49a6-bf14-d21796863fbb@group-B93C309DF681-LeaderElection23] INFO  impl.LeaderElection (LeaderElection.java:logAndReturn(94)) -   Response 0: 64f2a322-bab2-49a6-bf14-d21796863fbb<-3ebe5f2d-7fe4-4d1b-9835-0749a91ddd88#0:OK-t1
2022-11-14 01:05:10,590 [64f2a322-bab2-49a6-bf14-d21796863fbb@group-B93C309DF681-LeaderElection23] INFO  impl.LeaderElection (LeaderElection.java:logAndReturn(94)) -   Response 1: 64f2a322-bab2-49a6-bf14-d21796863fbb<-6d7210a4-52ae-4f69-8b98-4fa3950c6b17#0:FAIL-t1
2022-11-14 01:05:10,590 [64f2a322-bab2-49a6-bf14-d21796863fbb@group-B93C309DF681-LeaderElection23] INFO  impl.LeaderElection (LeaderElection.java:askForVotes(314)) - 64f2a322-bab2-49a6-bf14-d21796863fbb@group-B93C309DF681-LeaderElection23 ELECTION round 0: result REJECTED
2022-11-14 01:05:10,590 [64f2a322-bab2-49a6-bf14-d21796863fbb@group-B93C309DF681-LeaderElection23] INFO  server.RaftServer$Division (RaftServerImpl.java:setRole(321)) - 64f2a322-bab2-49a6-bf14-d21796863fbb@group-B93C309DF681: changes role from CANDIDATE to FOLLOWER at term 1 for REJECTED
2022-11-14 01:05:10,590 [64f2a322-bab2-49a6-bf14-d21796863fbb@group-B93C309DF681-LeaderElection23] INFO  impl.RoleInfo (RoleInfo.java:shutdownLeaderElection(130)) - 64f2a322-bab2-49a6-bf14-d21796863fbb: shutdown 64f2a322-bab2-49a6-bf14-d21796863fbb@group-B93C309DF681-LeaderElection23
2022-11-14 01:05:10,590 [64f2a322-bab2-49a6-bf14-d21796863fbb@group-B93C309DF681-LeaderElection23] INFO  impl.RoleInfo (RoleInfo.java:updateAndGet(139)) - 64f2a322-bab2-49a6-bf14-d21796863fbb: start 64f2a322-bab2-49a6-bf14-d21796863fbb@group-B93C309DF681-FollowerState
2022-11-14 01:05:10,591 [64f2a322-bab2-49a6-bf14-d21796863fbb@group-B93C309DF681-FollowerState] INFO  server.RaftServerConfigKeys (ConfUtils.java:logFallback(53)) - raft.server.rpc.first-election.timeout.min = 5s (fallback to raft.server.rpc.timeout.min)
2022-11-14 01:05:10,591 [64f2a322-bab2-49a6-bf14-d21796863fbb@group-B93C309DF681-FollowerState] INFO  server.RaftServerConfigKeys (ConfUtils.java:logFallback(53)) - raft.server.rpc.first-election.timeout.max = 5200ms (fallback to raft.server.rpc.timeout.max)
2022-11-14 01:05:10,659 [6d7210a4-52ae-4f69-8b98-4fa3950c6b17@group-602CA8FC85E9-FollowerState] INFO  impl.FollowerState (FollowerState.java:run(143)) - 6d7210a4-52ae-4f69-8b98-4fa3950c6b17@group-602CA8FC85E9-FollowerState: change to CANDIDATE, lastRpcElapsedTime:5027611303ns, electionTimeout:5024ms
2022-11-14 01:05:10,659 [6d7210a4-52ae-4f69-8b98-4fa3950c6b17@group-602CA8FC85E9-FollowerState] INFO  impl.RoleInfo (RoleInfo.java:shutdownFollowerState(110)) - 6d7210a4-52ae-4f69-8b98-4fa3950c6b17: shutdown 6d7210a4-52ae-4f69-8b98-4fa3950c6b17@group-602CA8FC85E9-FollowerState
2022-11-14 01:05:10,659 [6d7210a4-52ae-4f69-8b98-4fa3950c6b17@group-602CA8FC85E9-FollowerState] INFO  server.RaftServer$Division (RaftServerImpl.java:setRole(321)) - 6d7210a4-52ae-4f69-8b98-4fa3950c6b17@group-602CA8FC85E9: changes role from  FOLLOWER to CANDIDATE at term 0 for changeToCandidate
2022-11-14 01:05:10,659 [6d7210a4-52ae-4f69-8b98-4fa3950c6b17@group-602CA8FC85E9-FollowerState] INFO  server.RaftServerConfigKeys (ConfUtils.java:logGet(46)) - raft.server.leaderelection.pre-vote = false (custom)
2022-11-14 01:05:10,659 [6d7210a4-52ae-4f69-8b98-4fa3950c6b17@group-602CA8FC85E9-FollowerState] INFO  impl.RoleInfo (RoleInfo.java:updateAndGet(139)) - 6d7210a4-52ae-4f69-8b98-4fa3950c6b17: start 6d7210a4-52ae-4f69-8b98-4fa3950c6b17@group-602CA8FC85E9-LeaderElection24
2022-11-14 01:05:10,663 [6d7210a4-52ae-4f69-8b98-4fa3950c6b17@group-602CA8FC85E9-LeaderElection24] INFO  impl.LeaderElection (LeaderElection.java:askForVotes(312)) - 6d7210a4-52ae-4f69-8b98-4fa3950c6b17@group-602CA8FC85E9-LeaderElection24 ELECTION round 0: submit vote requests at term 1 for -1: peers:[64f2a322-bab2-49a6-bf14-d21796863fbb|rpc:10.1.0.33:36135|dataStream:|priority:0|startupRole:FOLLOWER, 3ebe5f2d-7fe4-4d1b-9835-0749a91ddd88|rpc:10.1.0.33:36307|dataStream:|priority:1|startupRole:FOLLOWER, 6d7210a4-52ae-4f69-8b98-4fa3950c6b17|rpc:10.1.0.33:42253|dataStream:|priority:0|startupRole:FOLLOWER]|listeners:[], old=null
2022-11-14 01:05:10,663 [6d7210a4-52ae-4f69-8b98-4fa3950c6b17@group-602CA8FC85E9-LeaderElection24] INFO  server.RaftServerConfigKeys (ConfUtils.java:logFallback(53)) - raft.server.rpc.first-election.timeout.min = 5s (fallback to raft.server.rpc.timeout.min)
2022-11-14 01:05:10,663 [6d7210a4-52ae-4f69-8b98-4fa3950c6b17@group-602CA8FC85E9-LeaderElection24-1] INFO  server.GrpcServerProtocolClient (GrpcServerProtocolClient.java:<init>(63)) - Build channel for 64f2a322-bab2-49a6-bf14-d21796863fbb
2022-11-14 01:05:10,663 [6d7210a4-52ae-4f69-8b98-4fa3950c6b17@group-602CA8FC85E9-LeaderElection24] INFO  server.RaftServerConfigKeys (ConfUtils.java:logFallback(53)) - raft.server.rpc.first-election.timeout.max = 5200ms (fallback to raft.server.rpc.timeout.max)
2022-11-14 01:05:10,663 [6d7210a4-52ae-4f69-8b98-4fa3950c6b17@group-602CA8FC85E9-LeaderElection24-2] INFO  server.GrpcServerProtocolClient (GrpcServerProtocolClient.java:<init>(63)) - Build channel for 3ebe5f2d-7fe4-4d1b-9835-0749a91ddd88
2022-11-14 01:05:10,674 [grpc-default-executor-1] INFO  server.RaftServer$Division (RaftServerImpl.java:requestVote(1218)) - 64f2a322-bab2-49a6-bf14-d21796863fbb@group-602CA8FC85E9: receive requestVote(ELECTION, 6d7210a4-52ae-4f69-8b98-4fa3950c6b17, group-602CA8FC85E9, 1, (t:0, i:0))
2022-11-14 01:05:10,674 [grpc-default-executor-1] INFO  impl.VoteContext (VoteContext.java:log(48)) - 64f2a322-bab2-49a6-bf14-d21796863fbb@group-602CA8FC85E9-FOLLOWER: accept ELECTION from 6d7210a4-52ae-4f69-8b98-4fa3950c6b17: our priority 0 <= candidate's priority 0
2022-11-14 01:05:10,674 [grpc-default-executor-1] INFO  server.RaftServer$Division (RaftServerImpl.java:setRole(321)) - 64f2a322-bab2-49a6-bf14-d21796863fbb@group-602CA8FC85E9: changes role from  FOLLOWER to FOLLOWER at term 1 for candidate:6d7210a4-52ae-4f69-8b98-4fa3950c6b17
2022-11-14 01:05:10,674 [grpc-default-executor-1] INFO  impl.RoleInfo (RoleInfo.java:shutdownFollowerState(110)) - 64f2a322-bab2-49a6-bf14-d21796863fbb: shutdown 64f2a322-bab2-49a6-bf14-d21796863fbb@group-602CA8FC85E9-FollowerState
2022-11-14 01:05:10,674 [grpc-default-executor-1] INFO  impl.RoleInfo (RoleInfo.java:updateAndGet(139)) - 64f2a322-bab2-49a6-bf14-d21796863fbb: start 64f2a322-bab2-49a6-bf14-d21796863fbb@group-602CA8FC85E9-FollowerState
2022-11-14 01:05:10,674 [64f2a322-bab2-49a6-bf14-d21796863fbb@group-602CA8FC85E9-FollowerState] INFO  impl.FollowerState (FollowerState.java:run(152)) - 64f2a322-bab2-49a6-bf14-d21796863fbb@group-602CA8FC85E9-FollowerState was interrupted
2022-11-14 01:05:10,675 [grpc-default-executor-0] INFO  server.RaftServer$Division (RaftServerImpl.java:requestVote(1218)) - 3ebe5f2d-7fe4-4d1b-9835-0749a91ddd88@group-602CA8FC85E9: receive requestVote(ELECTION, 6d7210a4-52ae-4f69-8b98-4fa3950c6b17, group-602CA8FC85E9, 1, (t:0, i:0))
2022-11-14 01:05:10,675 [grpc-default-executor-0] INFO  impl.VoteContext (VoteContext.java:log(48)) - 3ebe5f2d-7fe4-4d1b-9835-0749a91ddd88@group-602CA8FC85E9-FOLLOWER: reject ELECTION from 6d7210a4-52ae-4f69-8b98-4fa3950c6b17: our priority 1 > candidate's priority 0
2022-11-14 01:05:10,675 [grpc-default-executor-0] INFO  server.RaftServer$Division (RaftServerImpl.java:setRole(321)) - 3ebe5f2d-7fe4-4d1b-9835-0749a91ddd88@group-602CA8FC85E9: changes role from  FOLLOWER to FOLLOWER at term 1 for candidate:6d7210a4-52ae-4f69-8b98-4fa3950c6b17
2022-11-14 01:05:10,675 [grpc-default-executor-0] INFO  impl.RoleInfo (RoleInfo.java:shutdownFollowerState(110)) - 3ebe5f2d-7fe4-4d1b-9835-0749a91ddd88: shutdown 3ebe5f2d-7fe4-4d1b-9835-0749a91ddd88@group-602CA8FC85E9-FollowerState
2022-11-14 01:05:10,675 [grpc-default-executor-0] INFO  impl.RoleInfo (RoleInfo.java:updateAndGet(139)) - 3ebe5f2d-7fe4-4d1b-9835-0749a91ddd88: start 3ebe5f2d-7fe4-4d1b-9835-0749a91ddd88@group-602CA8FC85E9-FollowerState
2022-11-14 01:05:10,676 [3ebe5f2d-7fe4-4d1b-9835-0749a91ddd88@group-602CA8FC85E9-FollowerState] INFO  impl.FollowerState (FollowerState.java:run(152)) - 3ebe5f2d-7fe4-4d1b-9835-0749a91ddd88@group-602CA8FC85E9-FollowerState was interrupted
2022-11-14 01:05:10,676 [64f2a322-bab2-49a6-bf14-d21796863fbb@group-602CA8FC85E9-FollowerState] INFO  server.RaftServerConfigKeys (ConfUtils.java:logFallback(53)) - raft.server.rpc.first-election.timeout.min = 5s (fallback to raft.server.rpc.timeout.min)
2022-11-14 01:05:10,676 [64f2a322-bab2-49a6-bf14-d21796863fbb@group-602CA8FC85E9-FollowerState] INFO  server.RaftServerConfigKeys (ConfUtils.java:logFallback(53)) - raft.server.rpc.first-election.timeout.max = 5200ms (fallback to raft.server.rpc.timeout.max)
2022-11-14 01:05:10,677 [grpc-default-executor-1] INFO  server.RaftServer$Division (RaftServerImpl.java:requestVote(1251)) - 64f2a322-bab2-49a6-bf14-d21796863fbb@group-602CA8FC85E9 replies to ELECTION vote request: 6d7210a4-52ae-4f69-8b98-4fa3950c6b17<-64f2a322-bab2-49a6-bf14-d21796863fbb#0:OK-t1. Peer's state: 64f2a322-bab2-49a6-bf14-d21796863fbb@group-602CA8FC85E9:t1, leader=null, voted=6d7210a4-52ae-4f69-8b98-4fa3950c6b17, raftlog=Memoized:64f2a322-bab2-49a6-bf14-d21796863fbb@group-602CA8FC85E9-SegmentedRaftLog:OPENED:c-1, conf=-1: peers:[64f2a322-bab2-49a6-bf14-d21796863fbb|rpc:10.1.0.33:36135|priority:0|startupRole:FOLLOWER, 3ebe5f2d-7fe4-4d1b-9835-0749a91ddd88|rpc:10.1.0.33:36307|priority:1|startupRole:FOLLOWER, 6d7210a4-52ae-4f69-8b98-4fa3950c6b17|rpc:10.1.0.33:42253|priority:0|startupRole:FOLLOWER]|listeners:[], old=null
2022-11-14 01:05:10,679 [3ebe5f2d-7fe4-4d1b-9835-0749a91ddd88@group-602CA8FC85E9-FollowerState] INFO  server.RaftServerConfigKeys (ConfUtils.java:logFallback(53)) - raft.server.rpc.first-election.timeout.min = 5s (fallback to raft.server.rpc.timeout.min)
2022-11-14 01:05:10,679 [3ebe5f2d-7fe4-4d1b-9835-0749a91ddd88@group-602CA8FC85E9-FollowerState] INFO  server.RaftServerConfigKeys (ConfUtils.java:logFallback(53)) - raft.server.rpc.first-election.timeout.max = 5200ms (fallback to raft.server.rpc.timeout.max)
2022-11-14 01:05:10,679 [grpc-default-executor-0] INFO  server.RaftServer$Division (RaftServerImpl.java:requestVote(1251)) - 3ebe5f2d-7fe4-4d1b-9835-0749a91ddd88@group-602CA8FC85E9 replies to ELECTION vote request: 6d7210a4-52ae-4f69-8b98-4fa3950c6b17<-3ebe5f2d-7fe4-4d1b-9835-0749a91ddd88#0:FAIL-t1. Peer's state: 3ebe5f2d-7fe4-4d1b-9835-0749a91ddd88@group-602CA8FC85E9:t1, leader=null, voted=null, raftlog=Memoized:3ebe5f2d-7fe4-4d1b-9835-0749a91ddd88@group-602CA8FC85E9-SegmentedRaftLog:OPENED:c-1, conf=-1: peers:[64f2a322-bab2-49a6-bf14-d21796863fbb|rpc:10.1.0.33:36135|dataStream:|priority:0|startupRole:FOLLOWER, 3ebe5f2d-7fe4-4d1b-9835-0749a91ddd88|rpc:10.1.0.33:36307|dataStream:|priority:1|startupRole:FOLLOWER, 6d7210a4-52ae-4f69-8b98-4fa3950c6b17|rpc:10.1.0.33:42253|dataStream:|priority:0|startupRole:FOLLOWER]|listeners:[], old=null
2022-11-14 01:05:10,681 [6d7210a4-52ae-4f69-8b98-4fa3950c6b17@group-602CA8FC85E9-LeaderElection24] INFO  impl.LeaderElection (LeaderElection.java:logAndReturn(90)) - 6d7210a4-52ae-4f69-8b98-4fa3950c6b17@group-602CA8FC85E9-LeaderElection24: ELECTION REJECTED received 2 response(s) and 0 exception(s):
2022-11-14 01:05:10,681 [6d7210a4-52ae-4f69-8b98-4fa3950c6b17@group-602CA8FC85E9-LeaderElection24] INFO  impl.LeaderElection (LeaderElection.java:logAndReturn(94)) -   Response 0: 6d7210a4-52ae-4f69-8b98-4fa3950c6b17<-64f2a322-bab2-49a6-bf14-d21796863fbb#0:OK-t1
2022-11-14 01:05:10,681 [6d7210a4-52ae-4f69-8b98-4fa3950c6b17@group-602CA8FC85E9-LeaderElection24] INFO  impl.LeaderElection (LeaderElection.java:logAndReturn(94)) -   Response 1: 6d7210a4-52ae-4f69-8b98-4fa3950c6b17<-3ebe5f2d-7fe4-4d1b-9835-0749a91ddd88#0:FAIL-t1
2022-11-14 01:05:10,681 [6d7210a4-52ae-4f69-8b98-4fa3950c6b17@group-602CA8FC85E9-LeaderElection24] INFO  impl.LeaderElection (LeaderElection.java:askForVotes(314)) - 6d7210a4-52ae-4f69-8b98-4fa3950c6b17@group-602CA8FC85E9-LeaderElection24 ELECTION round 0: result REJECTED
2022-11-14 01:05:10,681 [6d7210a4-52ae-4f69-8b98-4fa3950c6b17@group-602CA8FC85E9-LeaderElection24] INFO  server.RaftServer$Division (RaftServerImpl.java:setRole(321)) - 6d7210a4-52ae-4f69-8b98-4fa3950c6b17@group-602CA8FC85E9: changes role from CANDIDATE to FOLLOWER at term 1 for REJECTED
2022-11-14 01:05:10,681 [6d7210a4-52ae-4f69-8b98-4fa3950c6b17@group-602CA8FC85E9-LeaderElection24] INFO  impl.RoleInfo (RoleInfo.java:shutdownLeaderElection(130)) - 6d7210a4-52ae-4f69-8b98-4fa3950c6b17: shutdown 6d7210a4-52ae-4f69-8b98-4fa3950c6b17@group-602CA8FC85E9-LeaderElection24
2022-11-14 01:05:10,681 [6d7210a4-52ae-4f69-8b98-4fa3950c6b17@group-602CA8FC85E9-LeaderElection24] INFO  impl.RoleInfo (RoleInfo.java:updateAndGet(139)) - 6d7210a4-52ae-4f69-8b98-4fa3950c6b17: start 6d7210a4-52ae-4f69-8b98-4fa3950c6b17@group-602CA8FC85E9-FollowerState
2022-11-14 01:05:10,681 [6d7210a4-52ae-4f69-8b98-4fa3950c6b17@group-602CA8FC85E9-FollowerState] INFO  server.RaftServerConfigKeys (ConfUtils.java:logFallback(53)) - raft.server.rpc.first-election.timeout.min = 5s (fallback to raft.server.rpc.timeout.min)
2022-11-14 01:05:10,681 [6d7210a4-52ae-4f69-8b98-4fa3950c6b17@group-602CA8FC85E9-FollowerState] INFO  server.RaftServerConfigKeys (ConfUtils.java:logFallback(53)) - raft.server.rpc.first-election.timeout.max = 5200ms (fallback to raft.server.rpc.timeout.max)
2022-11-14 01:05:10,788 [6d7210a4-52ae-4f69-8b98-4fa3950c6b17@group-2A9E3E468B9F-FollowerState] INFO  impl.FollowerState (FollowerState.java:run(143)) - 6d7210a4-52ae-4f69-8b98-4fa3950c6b17@group-2A9E3E468B9F-FollowerState: change to CANDIDATE, lastRpcElapsedTime:5020993479ns, electionTimeout:5016ms
2022-11-14 01:05:10,788 [6d7210a4-52ae-4f69-8b98-4fa3950c6b17@group-2A9E3E468B9F-FollowerState] INFO  impl.RoleInfo (RoleInfo.java:shutdownFollowerState(110)) - 6d7210a4-52ae-4f69-8b98-4fa3950c6b17: shutdown 6d7210a4-52ae-4f69-8b98-4fa3950c6b17@group-2A9E3E468B9F-FollowerState
2022-11-14 01:05:10,788 [6d7210a4-52ae-4f69-8b98-4fa3950c6b17@group-2A9E3E468B9F-FollowerState] INFO  server.RaftServer$Division (RaftServerImpl.java:setRole(321)) - 6d7210a4-52ae-4f69-8b98-4fa3950c6b17@group-2A9E3E468B9F: changes role from  FOLLOWER to CANDIDATE at term 0 for changeToCandidate
2022-11-14 01:05:10,789 [6d7210a4-52ae-4f69-8b98-4fa3950c6b17@group-2A9E3E468B9F-FollowerState] INFO  server.RaftServerConfigKeys (ConfUtils.java:logGet(46)) - raft.server.leaderelection.pre-vote = false (custom)
2022-11-14 01:05:10,789 [6d7210a4-52ae-4f69-8b98-4fa3950c6b17@group-2A9E3E468B9F-FollowerState] INFO  impl.RoleInfo (RoleInfo.java:updateAndGet(139)) - 6d7210a4-52ae-4f69-8b98-4fa3950c6b17: start 6d7210a4-52ae-4f69-8b98-4fa3950c6b17@group-2A9E3E468B9F-LeaderElection25
2022-11-14 01:05:10,792 [6d7210a4-52ae-4f69-8b98-4fa3950c6b17@group-2A9E3E468B9F-LeaderElection25] INFO  impl.LeaderElection (LeaderElection.java:askForVotes(312)) - 6d7210a4-52ae-4f69-8b98-4fa3950c6b17@group-2A9E3E468B9F-LeaderElection25 ELECTION round 0: submit vote requests at term 1 for -1: peers:[6d7210a4-52ae-4f69-8b98-4fa3950c6b17|rpc:10.1.0.33:42253|priority:1|startupRole:FOLLOWER]|listeners:[], old=null
2022-11-14 01:05:10,792 [6d7210a4-52ae-4f69-8b98-4fa3950c6b17@group-2A9E3E468B9F-LeaderElection25] INFO  impl.LeaderElection (LeaderElection.java:askForVotes(314)) - 6d7210a4-52ae-4f69-8b98-4fa3950c6b17@group-2A9E3E468B9F-LeaderElection25 ELECTION round 0: result PASSED (term=1)
2022-11-14 01:05:10,792 [6d7210a4-52ae-4f69-8b98-4fa3950c6b17@group-2A9E3E468B9F-LeaderElection25] INFO  impl.RoleInfo (RoleInfo.java:shutdownLeaderElection(130)) - 6d7210a4-52ae-4f69-8b98-4fa3950c6b17: shutdown 6d7210a4-52ae-4f69-8b98-4fa3950c6b17@group-2A9E3E468B9F-LeaderElection25
2022-11-14 01:05:10,792 [6d7210a4-52ae-4f69-8b98-4fa3950c6b17@group-2A9E3E468B9F-LeaderElection25] INFO  server.RaftServer$Division (RaftServerImpl.java:setRole(321)) - 6d7210a4-52ae-4f69-8b98-4fa3950c6b17@group-2A9E3E468B9F: changes role from CANDIDATE to LEADER at term 1 for changeToLeader
2022-11-14 01:05:10,792 [6d7210a4-52ae-4f69-8b98-4fa3950c6b17@group-2A9E3E468B9F-LeaderElection25] INFO  ratis.XceiverServerRatis (XceiverServerRatis.java:handleLeaderChangedNotification(863)) - Leader change notification received for group: group-2A9E3E468B9F with new leaderId: 6d7210a4-52ae-4f69-8b98-4fa3950c6b17
2022-11-14 01:05:10,792 [6d7210a4-52ae-4f69-8b98-4fa3950c6b17@group-2A9E3E468B9F-LeaderElection25] INFO  server.RaftServer$Division (ServerState.java:setLeader(313)) - 6d7210a4-52ae-4f69-8b98-4fa3950c6b17@group-2A9E3E468B9F: change Leader from null to 6d7210a4-52ae-4f69-8b98-4fa3950c6b17 at term 1 for becomeLeader, leader elected after 5038ms
2022-11-14 01:05:10,792 [6d7210a4-52ae-4f69-8b98-4fa3950c6b17@group-2A9E3E468B9F-LeaderElection25] INFO  server.RaftServerConfigKeys (ConfUtils.java:logGet(46)) - raft.server.staging.catchup.gap = 1000 (default)
2022-11-14 01:05:10,792 [6d7210a4-52ae-4f69-8b98-4fa3950c6b17@group-2A9E3E468B9F-LeaderElection25] INFO  server.RaftServerConfigKeys (ConfUtils.java:logGet(46)) - raft.server.write.element-limit = 1024 (custom)
2022-11-14 01:05:10,792 [6d7210a4-52ae-4f69-8b98-4fa3950c6b17@group-2A9E3E468B9F-LeaderElection25] INFO  server.RaftServerConfigKeys (ConfUtils.java:logGet(46)) - raft.server.write.byte-limit = 1024 M (=1073741824) (custom)
2022-11-14 01:05:10,793 [6d7210a4-52ae-4f69-8b98-4fa3950c6b17@group-2A9E3E468B9F-LeaderElection25] INFO  server.RaftServerConfigKeys (ConfUtils.java:logGet(46)) - raft.server.watch.timeout = 180s (custom)
2022-11-14 01:05:10,793 [6d7210a4-52ae-4f69-8b98-4fa3950c6b17@group-2A9E3E468B9F-LeaderElection25] INFO  server.RaftServerConfigKeys (ConfUtils.java:logGet(46)) - raft.server.watch.timeout.denomination = 1s (default)
2022-11-14 01:05:10,793 [6d7210a4-52ae-4f69-8b98-4fa3950c6b17@group-2A9E3E468B9F-LeaderElection25] INFO  server.RaftServerConfigKeys (ConfUtils.java:logGet(46)) - raft.server.watch.element-limit = 65536 (default)
2022-11-14 01:05:10,793 [6d7210a4-52ae-4f69-8b98-4fa3950c6b17@group-2A9E3E468B9F-LeaderElection25] INFO  server.RaftServerConfigKeys (ConfUtils.java:logGet(46)) - raft.server.write.element-limit = 1024 (custom)
2022-11-14 01:05:10,793 [6d7210a4-52ae-4f69-8b98-4fa3950c6b17@group-2A9E3E468B9F-LeaderElection25] INFO  server.RaftServerConfigKeys (ConfUtils.java:logGet(46)) - raft.server.write.follower.gap.ratio.max = -1.0 (default)
2022-11-14 01:05:10,793 [6d7210a4-52ae-4f69-8b98-4fa3950c6b17@group-2A9E3E468B9F-LeaderElection25] INFO  impl.RoleInfo (RoleInfo.java:updateAndGet(139)) - 6d7210a4-52ae-4f69-8b98-4fa3950c6b17: start 6d7210a4-52ae-4f69-8b98-4fa3950c6b17@group-2A9E3E468B9F-LeaderStateImpl
2022-11-14 01:05:10,793 [6d7210a4-52ae-4f69-8b98-4fa3950c6b17@group-2A9E3E468B9F-LeaderElection25] INFO  segmented.SegmentedRaftLogWorker (SegmentedRaftLogWorker.java:startLogSegment(452)) - 6d7210a4-52ae-4f69-8b98-4fa3950c6b17@group-2A9E3E468B9F-SegmentedRaftLogWorker: Starting segment from index:0
2022-11-14 01:05:10,794 [EventQueue-OpenPipelineForHealthyPipelineSafeModeRule] INFO  safemode.SCMSafeModeManager (HealthyPipelineSafeModeRule.java:process(137)) - SCM in safe mode. Healthy pipelines reported count is 0, required healthy pipeline reported count is 1
2022-11-14 01:05:10,795 [6d7210a4-52ae-4f69-8b98-4fa3950c6b17@group-2A9E3E468B9F-LeaderElection25] INFO  server.RaftServer$Division (ServerState.java:setRaftConf(430)) - 6d7210a4-52ae-4f69-8b98-4fa3950c6b17@group-2A9E3E468B9F: set configuration 0: peers:[6d7210a4-52ae-4f69-8b98-4fa3950c6b17|rpc:10.1.0.33:42253|dataStream:|priority:1|startupRole:FOLLOWER]|listeners:[], old=null
2022-11-14 01:05:10,796 [6d7210a4-52ae-4f69-8b98-4fa3950c6b17@group-2A9E3E468B9F-SegmentedRaftLogWorker] INFO  segmented.SegmentedRaftLogWorker (SegmentedRaftLogWorker.java:execute(656)) - 6d7210a4-52ae-4f69-8b98-4fa3950c6b17@group-2A9E3E468B9F-SegmentedRaftLogWorker: created new log segment /home/runner/work/ozone/ozone/hadoop-ozone/integration-test/target/test-dir/MiniOzoneClusterImpl-42f4391e-4969-4d67-80bf-65b59c0896c5/datanode-1/data/ratis/7eae033a-3a61-4160-bb3c-2a9e3e468b9f/current/log_inprogress_0
2022-11-14 01:05:11,077 [Listener at 127.0.0.1/43447] INFO  ozone.MiniOzoneClusterImpl (MiniOzoneClusterImpl.java:lambda$waitForClusterToBeReady$0(216)) - Nodes are ready. Got 3 of 3 DN Heartbeats.
2022-11-14 01:05:11,078 [Listener at 127.0.0.1/43447] INFO  ozone.MiniOzoneClusterImpl (MiniOzoneClusterImpl.java:lambda$waitForClusterToBeReady$0(219)) - Waiting for cluster to exit safe mode
2022-11-14 01:05:11,078 [Listener at 127.0.0.1/43447] INFO  ozone.MiniOzoneClusterImpl (MiniOzoneClusterImpl.java:lambda$waitForClusterToBeReady$0(221)) - SCM became leader
2022-11-14 01:05:11,270 [3ebe5f2d-7fe4-4d1b-9835-0749a91ddd88@group-D4D87B78E577-FollowerState] INFO  impl.FollowerState (FollowerState.java:run(143)) - 3ebe5f2d-7fe4-4d1b-9835-0749a91ddd88@group-D4D87B78E577-FollowerState: change to CANDIDATE, lastRpcElapsedTime:5191621869ns, electionTimeout:5191ms
2022-11-14 01:05:11,271 [3ebe5f2d-7fe4-4d1b-9835-0749a91ddd88@group-D4D87B78E577-FollowerState] INFO  impl.RoleInfo (RoleInfo.java:shutdownFollowerState(110)) - 3ebe5f2d-7fe4-4d1b-9835-0749a91ddd88: shutdown 3ebe5f2d-7fe4-4d1b-9835-0749a91ddd88@group-D4D87B78E577-FollowerState
2022-11-14 01:05:11,271 [3ebe5f2d-7fe4-4d1b-9835-0749a91ddd88@group-D4D87B78E577-FollowerState] INFO  server.RaftServer$Division (RaftServerImpl.java:setRole(321)) - 3ebe5f2d-7fe4-4d1b-9835-0749a91ddd88@group-D4D87B78E577: changes role from  FOLLOWER to CANDIDATE at term 0 for changeToCandidate
2022-11-14 01:05:11,271 [3ebe5f2d-7fe4-4d1b-9835-0749a91ddd88@group-D4D87B78E577-FollowerState] INFO  server.RaftServerConfigKeys (ConfUtils.java:logGet(46)) - raft.server.leaderelection.pre-vote = false (custom)
2022-11-14 01:05:11,271 [3ebe5f2d-7fe4-4d1b-9835-0749a91ddd88@group-D4D87B78E577-FollowerState] INFO  impl.RoleInfo (RoleInfo.java:updateAndGet(139)) - 3ebe5f2d-7fe4-4d1b-9835-0749a91ddd88: start 3ebe5f2d-7fe4-4d1b-9835-0749a91ddd88@group-D4D87B78E577-LeaderElection26
2022-11-14 01:05:11,274 [3ebe5f2d-7fe4-4d1b-9835-0749a91ddd88@group-D4D87B78E577-LeaderElection26] INFO  impl.LeaderElection (LeaderElection.java:askForVotes(312)) - 3ebe5f2d-7fe4-4d1b-9835-0749a91ddd88@group-D4D87B78E577-LeaderElection26 ELECTION round 0: submit vote requests at term 1 for -1: peers:[3ebe5f2d-7fe4-4d1b-9835-0749a91ddd88|rpc:10.1.0.33:36307|priority:1|startupRole:FOLLOWER]|listeners:[], old=null
2022-11-14 01:05:11,274 [3ebe5f2d-7fe4-4d1b-9835-0749a91ddd88@group-D4D87B78E577-LeaderElection26] INFO  impl.LeaderElection (LeaderElection.java:askForVotes(314)) - 3ebe5f2d-7fe4-4d1b-9835-0749a91ddd88@group-D4D87B78E577-LeaderElection26 ELECTION round 0: result PASSED (term=1)
2022-11-14 01:05:11,274 [3ebe5f2d-7fe4-4d1b-9835-0749a91ddd88@group-D4D87B78E577-LeaderElection26] INFO  impl.RoleInfo (RoleInfo.java:shutdownLeaderElection(130)) - 3ebe5f2d-7fe4-4d1b-9835-0749a91ddd88: shutdown 3ebe5f2d-7fe4-4d1b-9835-0749a91ddd88@group-D4D87B78E577-LeaderElection26
2022-11-14 01:05:11,274 [3ebe5f2d-7fe4-4d1b-9835-0749a91ddd88@group-D4D87B78E577-LeaderElection26] INFO  server.RaftServer$Division (RaftServerImpl.java:setRole(321)) - 3ebe5f2d-7fe4-4d1b-9835-0749a91ddd88@group-D4D87B78E577: changes role from CANDIDATE to LEADER at term 1 for changeToLeader
2022-11-14 01:05:11,274 [3ebe5f2d-7fe4-4d1b-9835-0749a91ddd88@group-D4D87B78E577-LeaderElection26] INFO  ratis.XceiverServerRatis (XceiverServerRatis.java:handleLeaderChangedNotification(863)) - Leader change notification received for group: group-D4D87B78E577 with new leaderId: 3ebe5f2d-7fe4-4d1b-9835-0749a91ddd88
2022-11-14 01:05:11,274 [3ebe5f2d-7fe4-4d1b-9835-0749a91ddd88@group-D4D87B78E577-LeaderElection26] INFO  server.RaftServer$Division (ServerState.java:setLeader(313)) - 3ebe5f2d-7fe4-4d1b-9835-0749a91ddd88@group-D4D87B78E577: change Leader from null to 3ebe5f2d-7fe4-4d1b-9835-0749a91ddd88 at term 1 for becomeLeader, leader elected after 5204ms
2022-11-14 01:05:11,274 [3ebe5f2d-7fe4-4d1b-9835-0749a91ddd88@group-D4D87B78E577-LeaderElection26] INFO  server.RaftServerConfigKeys (ConfUtils.java:logGet(46)) - raft.server.staging.catchup.gap = 1000 (default)
2022-11-14 01:05:11,275 [3ebe5f2d-7fe4-4d1b-9835-0749a91ddd88@group-D4D87B78E577-LeaderElection26] INFO  server.RaftServerConfigKeys (ConfUtils.java:logGet(46)) - raft.server.write.element-limit = 1024 (custom)
2022-11-14 01:05:11,275 [3ebe5f2d-7fe4-4d1b-9835-0749a91ddd88@group-D4D87B78E577-LeaderElection26] INFO  server.RaftServerConfigKeys (ConfUtils.java:logGet(46)) - raft.server.write.byte-limit = 1024 M (=1073741824) (custom)
2022-11-14 01:05:11,275 [3ebe5f2d-7fe4-4d1b-9835-0749a91ddd88@group-D4D87B78E577-LeaderElection26] INFO  server.RaftServerConfigKeys (ConfUtils.java:logGet(46)) - raft.server.watch.timeout = 180s (custom)
2022-11-14 01:05:11,275 [3ebe5f2d-7fe4-4d1b-9835-0749a91ddd88@group-D4D87B78E577-LeaderElection26] INFO  server.RaftServerConfigKeys (ConfUtils.java:logGet(46)) - raft.server.watch.timeout.denomination = 1s (default)
2022-11-14 01:05:11,275 [3ebe5f2d-7fe4-4d1b-9835-0749a91ddd88@group-D4D87B78E577-LeaderElection26] INFO  server.RaftServerConfigKeys (ConfUtils.java:logGet(46)) - raft.server.watch.element-limit = 65536 (default)
2022-11-14 01:05:11,275 [3ebe5f2d-7fe4-4d1b-9835-0749a91ddd88@group-D4D87B78E577-LeaderElection26] INFO  server.RaftServerConfigKeys (ConfUtils.java:logGet(46)) - raft.server.write.element-limit = 1024 (custom)
2022-11-14 01:05:11,275 [3ebe5f2d-7fe4-4d1b-9835-0749a91ddd88@group-D4D87B78E577-LeaderElection26] INFO  server.RaftServerConfigKeys (ConfUtils.java:logGet(46)) - raft.server.write.follower.gap.ratio.max = -1.0 (default)
2022-11-14 01:05:11,276 [3ebe5f2d-7fe4-4d1b-9835-0749a91ddd88@group-D4D87B78E577-LeaderElection26] INFO  impl.RoleInfo (RoleInfo.java:updateAndGet(139)) - 3ebe5f2d-7fe4-4d1b-9835-0749a91ddd88: start 3ebe5f2d-7fe4-4d1b-9835-0749a91ddd88@group-D4D87B78E577-LeaderStateImpl
2022-11-14 01:05:11,276 [EventQueue-OpenPipelineForHealthyPipelineSafeModeRule] INFO  safemode.SCMSafeModeManager (HealthyPipelineSafeModeRule.java:process(137)) - SCM in safe mode. Healthy pipelines reported count is 0, required healthy pipeline reported count is 1
2022-11-14 01:05:11,276 [3ebe5f2d-7fe4-4d1b-9835-0749a91ddd88@group-D4D87B78E577-LeaderElection26] INFO  segmented.SegmentedRaftLogWorker (SegmentedRaftLogWorker.java:startLogSegment(452)) - 3ebe5f2d-7fe4-4d1b-9835-0749a91ddd88@group-D4D87B78E577-SegmentedRaftLogWorker: Starting segment from index:0
2022-11-14 01:05:11,278 [3ebe5f2d-7fe4-4d1b-9835-0749a91ddd88@group-D4D87B78E577-LeaderElection26] INFO  server.RaftServer$Division (ServerState.java:setRaftConf(430)) - 3ebe5f2d-7fe4-4d1b-9835-0749a91ddd88@group-D4D87B78E577: set configuration 0: peers:[3ebe5f2d-7fe4-4d1b-9835-0749a91ddd88|rpc:10.1.0.33:36307|dataStream:|priority:1|startupRole:FOLLOWER]|listeners:[], old=null
2022-11-14 01:05:11,278 [3ebe5f2d-7fe4-4d1b-9835-0749a91ddd88@group-D4D87B78E577-SegmentedRaftLogWorker] INFO  segmented.SegmentedRaftLogWorker (SegmentedRaftLogWorker.java:execute(656)) - 3ebe5f2d-7fe4-4d1b-9835-0749a91ddd88@group-D4D87B78E577-SegmentedRaftLogWorker: created new log segment /home/runner/work/ozone/ozone/hadoop-ozone/integration-test/target/test-dir/MiniOzoneClusterImpl-42f4391e-4969-4d67-80bf-65b59c0896c5/datanode-2/data/ratis/c9cfdbee-569e-4242-836c-d4d87b78e577/current/log_inprogress_0
2022-11-14 01:05:12,078 [Listener at 127.0.0.1/43447] INFO  ozone.MiniOzoneClusterImpl (MiniOzoneClusterImpl.java:lambda$waitForClusterToBeReady$0(216)) - Nodes are ready. Got 3 of 3 DN Heartbeats.
2022-11-14 01:05:12,078 [Listener at 127.0.0.1/43447] INFO  ozone.MiniOzoneClusterImpl (MiniOzoneClusterImpl.java:lambda$waitForClusterToBeReady$0(219)) - Waiting for cluster to exit safe mode
2022-11-14 01:05:12,079 [Listener at 127.0.0.1/43447] INFO  ozone.MiniOzoneClusterImpl (MiniOzoneClusterImpl.java:lambda$waitForClusterToBeReady$0(221)) - SCM became leader
2022-11-14 01:05:13,079 [Listener at 127.0.0.1/43447] INFO  ozone.MiniOzoneClusterImpl (MiniOzoneClusterImpl.java:lambda$waitForClusterToBeReady$0(216)) - Nodes are ready. Got 3 of 3 DN Heartbeats.
2022-11-14 01:05:13,079 [Listener at 127.0.0.1/43447] INFO  ozone.MiniOzoneClusterImpl (MiniOzoneClusterImpl.java:lambda$waitForClusterToBeReady$0(219)) - Waiting for cluster to exit safe mode
2022-11-14 01:05:13,079 [Listener at 127.0.0.1/43447] INFO  ozone.MiniOzoneClusterImpl (MiniOzoneClusterImpl.java:lambda$waitForClusterToBeReady$0(221)) - SCM became leader
2022-11-14 01:05:14,079 [Listener at 127.0.0.1/43447] INFO  ozone.MiniOzoneClusterImpl (MiniOzoneClusterImpl.java:lambda$waitForClusterToBeReady$0(216)) - Nodes are ready. Got 3 of 3 DN Heartbeats.
2022-11-14 01:05:14,080 [Listener at 127.0.0.1/43447] INFO  ozone.MiniOzoneClusterImpl (MiniOzoneClusterImpl.java:lambda$waitForClusterToBeReady$0(219)) - Waiting for cluster to exit safe mode
2022-11-14 01:05:14,080 [Listener at 127.0.0.1/43447] INFO  ozone.MiniOzoneClusterImpl (MiniOzoneClusterImpl.java:lambda$waitForClusterToBeReady$0(221)) - SCM became leader
2022-11-14 01:05:15,080 [Listener at 127.0.0.1/43447] INFO  ozone.MiniOzoneClusterImpl (MiniOzoneClusterImpl.java:lambda$waitForClusterToBeReady$0(216)) - Nodes are ready. Got 3 of 3 DN Heartbeats.
2022-11-14 01:05:15,080 [Listener at 127.0.0.1/43447] INFO  ozone.MiniOzoneClusterImpl (MiniOzoneClusterImpl.java:lambda$waitForClusterToBeReady$0(219)) - Waiting for cluster to exit safe mode
2022-11-14 01:05:15,081 [Listener at 127.0.0.1/43447] INFO  ozone.MiniOzoneClusterImpl (MiniOzoneClusterImpl.java:lambda$waitForClusterToBeReady$0(221)) - SCM became leader
2022-11-14 01:05:15,599 [3ebe5f2d-7fe4-4d1b-9835-0749a91ddd88@group-B93C309DF681-FollowerState] INFO  server.RaftServerConfigKeys (ConfUtils.java:logFallback(53)) - raft.server.rpc.first-election.timeout.min = 5s (fallback to raft.server.rpc.timeout.min)
2022-11-14 01:05:15,599 [3ebe5f2d-7fe4-4d1b-9835-0749a91ddd88@group-B93C309DF681-FollowerState] INFO  server.RaftServerConfigKeys (ConfUtils.java:logFallback(53)) - raft.server.rpc.first-election.timeout.max = 5200ms (fallback to raft.server.rpc.timeout.max)
2022-11-14 01:05:15,687 [3ebe5f2d-7fe4-4d1b-9835-0749a91ddd88@group-602CA8FC85E9-FollowerState] INFO  impl.FollowerState (FollowerState.java:run(143)) - 3ebe5f2d-7fe4-4d1b-9835-0749a91ddd88@group-602CA8FC85E9-FollowerState: change to CANDIDATE, lastRpcElapsedTime:5011409921ns, electionTimeout:5007ms
2022-11-14 01:05:15,687 [3ebe5f2d-7fe4-4d1b-9835-0749a91ddd88@group-602CA8FC85E9-FollowerState] INFO  impl.RoleInfo (RoleInfo.java:shutdownFollowerState(110)) - 3ebe5f2d-7fe4-4d1b-9835-0749a91ddd88: shutdown 3ebe5f2d-7fe4-4d1b-9835-0749a91ddd88@group-602CA8FC85E9-FollowerState
2022-11-14 01:05:15,687 [3ebe5f2d-7fe4-4d1b-9835-0749a91ddd88@group-602CA8FC85E9-FollowerState] INFO  server.RaftServer$Division (RaftServerImpl.java:setRole(321)) - 3ebe5f2d-7fe4-4d1b-9835-0749a91ddd88@group-602CA8FC85E9: changes role from  FOLLOWER to CANDIDATE at term 1 for changeToCandidate
2022-11-14 01:05:15,687 [3ebe5f2d-7fe4-4d1b-9835-0749a91ddd88@group-602CA8FC85E9-FollowerState] INFO  server.RaftServerConfigKeys (ConfUtils.java:logGet(46)) - raft.server.leaderelection.pre-vote = false (custom)
2022-11-14 01:05:15,687 [3ebe5f2d-7fe4-4d1b-9835-0749a91ddd88@group-602CA8FC85E9-FollowerState] INFO  impl.RoleInfo (RoleInfo.java:updateAndGet(139)) - 3ebe5f2d-7fe4-4d1b-9835-0749a91ddd88: start 3ebe5f2d-7fe4-4d1b-9835-0749a91ddd88@group-602CA8FC85E9-LeaderElection27
2022-11-14 01:05:15,690 [3ebe5f2d-7fe4-4d1b-9835-0749a91ddd88@group-602CA8FC85E9-LeaderElection27] INFO  impl.LeaderElection (LeaderElection.java:askForVotes(312)) - 3ebe5f2d-7fe4-4d1b-9835-0749a91ddd88@group-602CA8FC85E9-LeaderElection27 ELECTION round 0: submit vote requests at term 2 for -1: peers:[64f2a322-bab2-49a6-bf14-d21796863fbb|rpc:10.1.0.33:36135|dataStream:|priority:0|startupRole:FOLLOWER, 3ebe5f2d-7fe4-4d1b-9835-0749a91ddd88|rpc:10.1.0.33:36307|dataStream:|priority:1|startupRole:FOLLOWER, 6d7210a4-52ae-4f69-8b98-4fa3950c6b17|rpc:10.1.0.33:42253|dataStream:|priority:0|startupRole:FOLLOWER]|listeners:[], old=null
2022-11-14 01:05:15,690 [3ebe5f2d-7fe4-4d1b-9835-0749a91ddd88@group-602CA8FC85E9-LeaderElection27-1] INFO  server.GrpcServerProtocolClient (GrpcServerProtocolClient.java:<init>(63)) - Build channel for 64f2a322-bab2-49a6-bf14-d21796863fbb
2022-11-14 01:05:15,690 [3ebe5f2d-7fe4-4d1b-9835-0749a91ddd88@group-602CA8FC85E9-LeaderElection27] INFO  server.RaftServerConfigKeys (ConfUtils.java:logFallback(53)) - raft.server.rpc.first-election.timeout.min = 5s (fallback to raft.server.rpc.timeout.min)
2022-11-14 01:05:15,691 [3ebe5f2d-7fe4-4d1b-9835-0749a91ddd88@group-602CA8FC85E9-LeaderElection27-2] INFO  server.GrpcServerProtocolClient (GrpcServerProtocolClient.java:<init>(63)) - Build channel for 6d7210a4-52ae-4f69-8b98-4fa3950c6b17
2022-11-14 01:05:15,691 [3ebe5f2d-7fe4-4d1b-9835-0749a91ddd88@group-602CA8FC85E9-LeaderElection27] INFO  server.RaftServerConfigKeys (ConfUtils.java:logFallback(53)) - raft.server.rpc.first-election.timeout.max = 5200ms (fallback to raft.server.rpc.timeout.max)
2022-11-14 01:05:15,701 [grpc-default-executor-0] INFO  server.RaftServer$Division (RaftServerImpl.java:requestVote(1218)) - 6d7210a4-52ae-4f69-8b98-4fa3950c6b17@group-602CA8FC85E9: receive requestVote(ELECTION, 3ebe5f2d-7fe4-4d1b-9835-0749a91ddd88, group-602CA8FC85E9, 2, (t:0, i:0))
2022-11-14 01:05:15,701 [grpc-default-executor-0] INFO  impl.VoteContext (VoteContext.java:log(48)) - 6d7210a4-52ae-4f69-8b98-4fa3950c6b17@group-602CA8FC85E9-FOLLOWER: accept ELECTION from 3ebe5f2d-7fe4-4d1b-9835-0749a91ddd88: our priority 0 <= candidate's priority 1
2022-11-14 01:05:15,701 [grpc-default-executor-0] INFO  server.RaftServer$Division (RaftServerImpl.java:setRole(321)) - 6d7210a4-52ae-4f69-8b98-4fa3950c6b17@group-602CA8FC85E9: changes role from  FOLLOWER to FOLLOWER at term 2 for candidate:3ebe5f2d-7fe4-4d1b-9835-0749a91ddd88
2022-11-14 01:05:15,701 [grpc-default-executor-0] INFO  impl.RoleInfo (RoleInfo.java:shutdownFollowerState(110)) - 6d7210a4-52ae-4f69-8b98-4fa3950c6b17: shutdown 6d7210a4-52ae-4f69-8b98-4fa3950c6b17@group-602CA8FC85E9-FollowerState
2022-11-14 01:05:15,701 [grpc-default-executor-0] INFO  impl.RoleInfo (RoleInfo.java:updateAndGet(139)) - 6d7210a4-52ae-4f69-8b98-4fa3950c6b17: start 6d7210a4-52ae-4f69-8b98-4fa3950c6b17@group-602CA8FC85E9-FollowerState
2022-11-14 01:05:15,701 [6d7210a4-52ae-4f69-8b98-4fa3950c6b17@group-602CA8FC85E9-FollowerState] INFO  impl.FollowerState (FollowerState.java:run(152)) - 6d7210a4-52ae-4f69-8b98-4fa3950c6b17@group-602CA8FC85E9-FollowerState was interrupted
2022-11-14 01:05:15,711 [grpc-default-executor-1] INFO  server.RaftServer$Division (RaftServerImpl.java:requestVote(1218)) - 64f2a322-bab2-49a6-bf14-d21796863fbb@group-602CA8FC85E9: receive requestVote(ELECTION, 3ebe5f2d-7fe4-4d1b-9835-0749a91ddd88, group-602CA8FC85E9, 2, (t:0, i:0))
2022-11-14 01:05:15,711 [grpc-default-executor-1] INFO  impl.VoteContext (VoteContext.java:log(48)) - 64f2a322-bab2-49a6-bf14-d21796863fbb@group-602CA8FC85E9-FOLLOWER: accept ELECTION from 3ebe5f2d-7fe4-4d1b-9835-0749a91ddd88: our priority 0 <= candidate's priority 1
2022-11-14 01:05:15,711 [grpc-default-executor-1] INFO  server.RaftServer$Division (RaftServerImpl.java:setRole(321)) - 64f2a322-bab2-49a6-bf14-d21796863fbb@group-602CA8FC85E9: changes role from  FOLLOWER to FOLLOWER at term 2 for candidate:3ebe5f2d-7fe4-4d1b-9835-0749a91ddd88
2022-11-14 01:05:15,712 [grpc-default-executor-1] INFO  impl.RoleInfo (RoleInfo.java:shutdownFollowerState(110)) - 64f2a322-bab2-49a6-bf14-d21796863fbb: shutdown 64f2a322-bab2-49a6-bf14-d21796863fbb@group-602CA8FC85E9-FollowerState
2022-11-14 01:05:15,712 [grpc-default-executor-1] INFO  impl.RoleInfo (RoleInfo.java:updateAndGet(139)) - 64f2a322-bab2-49a6-bf14-d21796863fbb: start 64f2a322-bab2-49a6-bf14-d21796863fbb@group-602CA8FC85E9-FollowerState
2022-11-14 01:05:15,712 [64f2a322-bab2-49a6-bf14-d21796863fbb@group-602CA8FC85E9-FollowerState] INFO  impl.FollowerState (FollowerState.java:run(152)) - 64f2a322-bab2-49a6-bf14-d21796863fbb@group-602CA8FC85E9-FollowerState was interrupted
2022-11-14 01:05:15,712 [grpc-default-executor-0] INFO  server.RaftServer$Division (RaftServerImpl.java:requestVote(1251)) - 6d7210a4-52ae-4f69-8b98-4fa3950c6b17@group-602CA8FC85E9 replies to ELECTION vote request: 3ebe5f2d-7fe4-4d1b-9835-0749a91ddd88<-6d7210a4-52ae-4f69-8b98-4fa3950c6b17#0:OK-t2. Peer's state: 6d7210a4-52ae-4f69-8b98-4fa3950c6b17@group-602CA8FC85E9:t2, leader=null, voted=3ebe5f2d-7fe4-4d1b-9835-0749a91ddd88, raftlog=Memoized:6d7210a4-52ae-4f69-8b98-4fa3950c6b17@group-602CA8FC85E9-SegmentedRaftLog:OPENED:c-1, conf=-1: peers:[64f2a322-bab2-49a6-bf14-d21796863fbb|rpc:10.1.0.33:36135|dataStream:|priority:0|startupRole:FOLLOWER, 3ebe5f2d-7fe4-4d1b-9835-0749a91ddd88|rpc:10.1.0.33:36307|dataStream:|priority:1|startupRole:FOLLOWER, 6d7210a4-52ae-4f69-8b98-4fa3950c6b17|rpc:10.1.0.33:42253|dataStream:|priority:0|startupRole:FOLLOWER]|listeners:[], old=null
2022-11-14 01:05:15,713 [grpc-default-executor-1] INFO  server.RaftServer$Division (RaftServerImpl.java:requestVote(1251)) - 64f2a322-bab2-49a6-bf14-d21796863fbb@group-602CA8FC85E9 replies to ELECTION vote request: 3ebe5f2d-7fe4-4d1b-9835-0749a91ddd88<-64f2a322-bab2-49a6-bf14-d21796863fbb#0:OK-t2. Peer's state: 64f2a322-bab2-49a6-bf14-d21796863fbb@group-602CA8FC85E9:t2, leader=null, voted=3ebe5f2d-7fe4-4d1b-9835-0749a91ddd88, raftlog=Memoized:64f2a322-bab2-49a6-bf14-d21796863fbb@group-602CA8FC85E9-SegmentedRaftLog:OPENED:c-1, conf=-1: peers:[64f2a322-bab2-49a6-bf14-d21796863fbb|rpc:10.1.0.33:36135|priority:0|startupRole:FOLLOWER, 3ebe5f2d-7fe4-4d1b-9835-0749a91ddd88|rpc:10.1.0.33:36307|priority:1|startupRole:FOLLOWER, 6d7210a4-52ae-4f69-8b98-4fa3950c6b17|rpc:10.1.0.33:42253|priority:0|startupRole:FOLLOWER]|listeners:[], old=null
2022-11-14 01:05:15,714 [6d7210a4-52ae-4f69-8b98-4fa3950c6b17@group-602CA8FC85E9-FollowerState] INFO  server.RaftServerConfigKeys (ConfUtils.java:logFallback(53)) - raft.server.rpc.first-election.timeout.min = 5s (fallback to raft.server.rpc.timeout.min)
2022-11-14 01:05:15,714 [6d7210a4-52ae-4f69-8b98-4fa3950c6b17@group-602CA8FC85E9-FollowerState] INFO  server.RaftServerConfigKeys (ConfUtils.java:logFallback(53)) - raft.server.rpc.first-election.timeout.max = 5200ms (fallback to raft.server.rpc.timeout.max)
2022-11-14 01:05:15,714 [3ebe5f2d-7fe4-4d1b-9835-0749a91ddd88@group-602CA8FC85E9-LeaderElection27] INFO  impl.LeaderElection (LeaderElection.java:logAndReturn(90)) - 3ebe5f2d-7fe4-4d1b-9835-0749a91ddd88@group-602CA8FC85E9-LeaderElection27: ELECTION PASSED received 1 response(s) and 0 exception(s):
2022-11-14 01:05:15,714 [3ebe5f2d-7fe4-4d1b-9835-0749a91ddd88@group-602CA8FC85E9-LeaderElection27] INFO  impl.LeaderElection (LeaderElection.java:logAndReturn(94)) -   Response 0: 3ebe5f2d-7fe4-4d1b-9835-0749a91ddd88<-64f2a322-bab2-49a6-bf14-d21796863fbb#0:OK-t2
2022-11-14 01:05:15,714 [3ebe5f2d-7fe4-4d1b-9835-0749a91ddd88@group-602CA8FC85E9-LeaderElection27] INFO  impl.LeaderElection (LeaderElection.java:askForVotes(314)) - 3ebe5f2d-7fe4-4d1b-9835-0749a91ddd88@group-602CA8FC85E9-LeaderElection27 ELECTION round 0: result PASSED
2022-11-14 01:05:15,715 [3ebe5f2d-7fe4-4d1b-9835-0749a91ddd88@group-602CA8FC85E9-LeaderElection27] INFO  impl.RoleInfo (RoleInfo.java:shutdownLeaderElection(130)) - 3ebe5f2d-7fe4-4d1b-9835-0749a91ddd88: shutdown 3ebe5f2d-7fe4-4d1b-9835-0749a91ddd88@group-602CA8FC85E9-LeaderElection27
2022-11-14 01:05:15,715 [3ebe5f2d-7fe4-4d1b-9835-0749a91ddd88@group-602CA8FC85E9-LeaderElection27] INFO  server.RaftServer$Division (RaftServerImpl.java:setRole(321)) - 3ebe5f2d-7fe4-4d1b-9835-0749a91ddd88@group-602CA8FC85E9: changes role from CANDIDATE to LEADER at term 2 for changeToLeader
2022-11-14 01:05:15,715 [3ebe5f2d-7fe4-4d1b-9835-0749a91ddd88@group-602CA8FC85E9-LeaderElection27] INFO  ratis.XceiverServerRatis (XceiverServerRatis.java:handleLeaderChangedNotification(863)) - Leader change notification received for group: group-602CA8FC85E9 with new leaderId: 3ebe5f2d-7fe4-4d1b-9835-0749a91ddd88
2022-11-14 01:05:15,715 [3ebe5f2d-7fe4-4d1b-9835-0749a91ddd88@group-602CA8FC85E9-LeaderElection27] INFO  server.RaftServer$Division (ServerState.java:setLeader(313)) - 3ebe5f2d-7fe4-4d1b-9835-0749a91ddd88@group-602CA8FC85E9: change Leader from null to 3ebe5f2d-7fe4-4d1b-9835-0749a91ddd88 at term 2 for becomeLeader, leader elected after 10067ms
2022-11-14 01:05:15,715 [3ebe5f2d-7fe4-4d1b-9835-0749a91ddd88@group-602CA8FC85E9-LeaderElection27] INFO  server.RaftServerConfigKeys (ConfUtils.java:logGet(46)) - raft.server.staging.catchup.gap = 1000 (default)
2022-11-14 01:05:15,715 [3ebe5f2d-7fe4-4d1b-9835-0749a91ddd88@group-602CA8FC85E9-LeaderElection27] INFO  server.RaftServerConfigKeys (ConfUtils.java:logGet(46)) - raft.server.write.element-limit = 1024 (custom)
2022-11-14 01:05:15,715 [3ebe5f2d-7fe4-4d1b-9835-0749a91ddd88@group-602CA8FC85E9-LeaderElection27] INFO  server.RaftServerConfigKeys (ConfUtils.java:logGet(46)) - raft.server.write.byte-limit = 1024 M (=1073741824) (custom)
2022-11-14 01:05:15,715 [3ebe5f2d-7fe4-4d1b-9835-0749a91ddd88@group-602CA8FC85E9-LeaderElection27] INFO  server.RaftServerConfigKeys (ConfUtils.java:logGet(46)) - raft.server.watch.timeout = 180s (custom)
2022-11-14 01:05:15,715 [3ebe5f2d-7fe4-4d1b-9835-0749a91ddd88@group-602CA8FC85E9-LeaderElection27] INFO  server.RaftServerConfigKeys (ConfUtils.java:logGet(46)) - raft.server.watch.timeout.denomination = 1s (default)
2022-11-14 01:05:15,715 [3ebe5f2d-7fe4-4d1b-9835-0749a91ddd88@group-602CA8FC85E9-LeaderElection27] INFO  server.RaftServerConfigKeys (ConfUtils.java:logGet(46)) - raft.server.watch.element-limit = 65536 (default)
2022-11-14 01:05:15,716 [3ebe5f2d-7fe4-4d1b-9835-0749a91ddd88@group-602CA8FC85E9-LeaderElection27] INFO  server.RaftServerConfigKeys (ConfUtils.java:logGet(46)) - raft.server.write.element-limit = 1024 (custom)
2022-11-14 01:05:15,716 [3ebe5f2d-7fe4-4d1b-9835-0749a91ddd88@group-602CA8FC85E9-LeaderElection27] INFO  server.RaftServerConfigKeys (ConfUtils.java:logGet(46)) - raft.server.write.follower.gap.ratio.max = -1.0 (default)
2022-11-14 01:05:15,716 [3ebe5f2d-7fe4-4d1b-9835-0749a91ddd88@group-602CA8FC85E9-LeaderElection27] INFO  server.RaftServerConfigKeys (ConfUtils.java:logGet(46)) - raft.server.log.appender.snapshot.chunk.size.max = 16MB (=16777216) (default)
2022-11-14 01:05:15,716 [3ebe5f2d-7fe4-4d1b-9835-0749a91ddd88@group-602CA8FC85E9-LeaderElection27] INFO  server.RaftServerConfigKeys (ConfUtils.java:logGet(46)) - raft.server.log.appender.buffer.byte-limit = 33554432 (custom)
2022-11-14 01:05:15,716 [3ebe5f2d-7fe4-4d1b-9835-0749a91ddd88@group-602CA8FC85E9-LeaderElection27] INFO  server.RaftServerConfigKeys (ConfUtils.java:logGet(46)) - raft.server.log.appender.buffer.element-limit = 1 (custom)
2022-11-14 01:05:15,716 [3ebe5f2d-7fe4-4d1b-9835-0749a91ddd88@group-602CA8FC85E9-LeaderElection27] INFO  grpc.GrpcConfigKeys (ConfUtils.java:logGet(46)) - raft.grpc.server.leader.outstanding.appends.max = 128 (default)
2022-11-14 01:05:15,716 [3ebe5f2d-7fe4-4d1b-9835-0749a91ddd88@group-602CA8FC85E9-LeaderElection27] INFO  server.RaftServerConfigKeys (ConfUtils.java:logGet(46)) - raft.server.rpc.request.timeout = 60s (custom)
2022-11-14 01:05:15,716 [3ebe5f2d-7fe4-4d1b-9835-0749a91ddd88@group-602CA8FC85E9-LeaderElection27] INFO  server.RaftServerConfigKeys (ConfUtils.java:logGet(46)) - raft.server.log.appender.install.snapshot.enabled = false (custom)
2022-11-14 01:05:15,716 [3ebe5f2d-7fe4-4d1b-9835-0749a91ddd88@group-602CA8FC85E9-LeaderElection27] INFO  grpc.GrpcConfigKeys (ConfUtils.java:logGet(46)) - raft.grpc.server.heartbeat.channel = true (default)
2022-11-14 01:05:15,716 [3ebe5f2d-7fe4-4d1b-9835-0749a91ddd88@group-602CA8FC85E9-LeaderElection27] INFO  server.RaftServerConfigKeys (ConfUtils.java:logGet(46)) - raft.server.log.appender.wait-time.min = 10ms (default)
2022-11-14 01:05:15,717 [3ebe5f2d-7fe4-4d1b-9835-0749a91ddd88@group-602CA8FC85E9-LeaderElection27] INFO  server.RaftServerConfigKeys (ConfUtils.java:logGet(46)) - raft.server.log.appender.snapshot.chunk.size.max = 16MB (=16777216) (default)
2022-11-14 01:05:15,717 [3ebe5f2d-7fe4-4d1b-9835-0749a91ddd88@group-602CA8FC85E9-LeaderElection27] INFO  server.RaftServerConfigKeys (ConfUtils.java:logGet(46)) - raft.server.log.appender.buffer.byte-limit = 33554432 (custom)
2022-11-14 01:05:15,717 [3ebe5f2d-7fe4-4d1b-9835-0749a91ddd88@group-602CA8FC85E9-LeaderElection27] INFO  server.RaftServerConfigKeys (ConfUtils.java:logGet(46)) - raft.server.log.appender.buffer.element-limit = 1 (custom)
2022-11-14 01:05:15,717 [3ebe5f2d-7fe4-4d1b-9835-0749a91ddd88@group-602CA8FC85E9-LeaderElection27] INFO  grpc.GrpcConfigKeys (ConfUtils.java:logGet(46)) - raft.grpc.server.leader.outstanding.appends.max = 128 (default)
2022-11-14 01:05:15,717 [3ebe5f2d-7fe4-4d1b-9835-0749a91ddd88@group-602CA8FC85E9-LeaderElection27] INFO  server.RaftServerConfigKeys (ConfUtils.java:logGet(46)) - raft.server.rpc.request.timeout = 60s (custom)
2022-11-14 01:05:15,717 [3ebe5f2d-7fe4-4d1b-9835-0749a91ddd88@group-602CA8FC85E9-LeaderElection27] INFO  server.RaftServerConfigKeys (ConfUtils.java:logGet(46)) - raft.server.log.appender.install.snapshot.enabled = false (custom)
2022-11-14 01:05:15,717 [3ebe5f2d-7fe4-4d1b-9835-0749a91ddd88@group-602CA8FC85E9-LeaderElection27] INFO  grpc.GrpcConfigKeys (ConfUtils.java:logGet(46)) - raft.grpc.server.heartbeat.channel = true (default)
2022-11-14 01:05:15,717 [3ebe5f2d-7fe4-4d1b-9835-0749a91ddd88@group-602CA8FC85E9-LeaderElection27] INFO  server.RaftServerConfigKeys (ConfUtils.java:logGet(46)) - raft.server.log.appender.wait-time.min = 10ms (default)
2022-11-14 01:05:15,718 [3ebe5f2d-7fe4-4d1b-9835-0749a91ddd88@group-602CA8FC85E9-LeaderElection27] INFO  impl.RoleInfo (RoleInfo.java:updateAndGet(139)) - 3ebe5f2d-7fe4-4d1b-9835-0749a91ddd88: start 3ebe5f2d-7fe4-4d1b-9835-0749a91ddd88@group-602CA8FC85E9-LeaderStateImpl
2022-11-14 01:05:15,718 [3ebe5f2d-7fe4-4d1b-9835-0749a91ddd88@group-602CA8FC85E9-LeaderElection27] INFO  segmented.SegmentedRaftLogWorker (SegmentedRaftLogWorker.java:startLogSegment(452)) - 3ebe5f2d-7fe4-4d1b-9835-0749a91ddd88@group-602CA8FC85E9-SegmentedRaftLogWorker: Starting segment from index:0
2022-11-14 01:05:15,719 [EventQueue-PipelineReportForPipelineReportHandler] INFO  pipeline.PipelineManagerImpl (PipelineManagerImpl.java:openPipeline(367)) - Pipeline Pipeline[ Id: 30370e2e-80d1-4efe-b890-602ca8fc85e9, Nodes: 64f2a322-bab2-49a6-bf14-d21796863fbb{ip: 10.1.0.33, host: fv-az334-552.zg0gw54pbdoexfhqlmz30d51na.gx.internal.cloudapp.net, ports: [REPLICATION=38551, RATIS=36135, RATIS_ADMIN=36135, RATIS_SERVER=36135, STANDALONE=41099], networkLocation: /default-rack, certSerialId: null, persistedOpState: IN_SERVICE, persistedOpStateExpiryEpochSec: 0}6d7210a4-52ae-4f69-8b98-4fa3950c6b17{ip: 10.1.0.33, host: fv-az334-552.zg0gw54pbdoexfhqlmz30d51na.gx.internal.cloudapp.net, ports: [REPLICATION=44481, RATIS=42253, RATIS_ADMIN=42253, RATIS_SERVER=42253, STANDALONE=40617], networkLocation: /default-rack, certSerialId: null, persistedOpState: IN_SERVICE, persistedOpStateExpiryEpochSec: 0}3ebe5f2d-7fe4-4d1b-9835-0749a91ddd88{ip: 10.1.0.33, host: fv-az334-552.zg0gw54pbdoexfhqlmz30d51na.gx.internal.cloudapp.net, ports: [REPLICATION=46811, RATIS=36307, RATIS_ADMIN=36307, RATIS_SERVER=36307, STANDALONE=40033], networkLocation: /default-rack, certSerialId: null, persistedOpState: IN_SERVICE, persistedOpStateExpiryEpochSec: 0}, ReplicationConfig: RATIS/THREE, State:ALLOCATED, leaderId:3ebe5f2d-7fe4-4d1b-9835-0749a91ddd88, CreationTimestamp2022-11-14T01:05:03.075Z[Etc/UTC]] moved to OPEN state
2022-11-14 01:05:15,720 [EventQueue-OpenPipelineForHealthyPipelineSafeModeRule] INFO  safemode.SCMSafeModeManager (HealthyPipelineSafeModeRule.java:process(137)) - SCM in safe mode. Healthy pipelines reported count is 0, required healthy pipeline reported count is 1
2022-11-14 01:05:15,720 [EventQueue-OpenPipelineForHealthyPipelineSafeModeRule] INFO  safemode.SCMSafeModeManager (HealthyPipelineSafeModeRule.java:process(137)) - SCM in safe mode. Healthy pipelines reported count is 1, required healthy pipeline reported count is 1
2022-11-14 01:05:15,720 [EventQueue-OpenPipelineForHealthyPipelineSafeModeRule] INFO  safemode.SCMSafeModeManager (SCMSafeModeManager.java:validateSafeModeExitRules(204)) - HealthyPipelineSafeModeRule rule is successfully validated
2022-11-14 01:05:15,720 [EventQueue-OpenPipelineForHealthyPipelineSafeModeRule] INFO  safemode.SCMSafeModeManager (SCMSafeModeManager.java:validateSafeModeExitRules(219)) - ScmSafeModeManager, all rules are successfully validated
2022-11-14 01:05:15,720 [EventQueue-OpenPipelineForHealthyPipelineSafeModeRule] INFO  safemode.SCMSafeModeManager (SCMSafeModeManager.java:exitSafeMode(248)) - SCM exiting safe mode.
2022-11-14 01:05:15,720 [EventQueue-OpenPipelineForHealthyPipelineSafeModeRule] WARN  events.EventQueue (EventQueue.java:fireEvent(216)) - No event handler registered for event TypedEvent{payloadType=SafeModeStatus, name='Safe mode status'}
2022-11-14 01:05:15,720 [EventQueue-OpenPipelineForHealthyPipelineSafeModeRule] INFO  ha.SCMContext (SCMContext.java:updateSafeModeStatus(228)) - Update SafeModeStatus from SafeModeStatus{safeModeStatus=true, preCheckPassed=true} to SafeModeStatus{safeModeStatus=false, preCheckPassed=true}.
2022-11-14 01:05:15,720 [EventQueue-OpenPipelineForHealthyPipelineSafeModeRule] INFO  pipeline.BackgroundPipelineCreator (BackgroundPipelineCreator.java:notifyStatusChanged(254)) - Service BackgroundPipelineCreator transitions to RUNNING.
2022-11-14 01:05:15,721 [EventQueue-OpenPipelineForHealthyPipelineSafeModeRule] INFO  BackgroundPipelineScrubber (BackgroundSCMService.java:notifyStatusChanged(82)) - Service BackgroundPipelineScrubber transitions to RUNNING.
2022-11-14 01:05:15,721 [EventQueue-OpenPipelineForHealthyPipelineSafeModeRule] INFO  ExpiredContainerReplicaOpScrubber (BackgroundSCMService.java:notifyStatusChanged(82)) - Service ExpiredContainerReplicaOpScrubber transitions to RUNNING.
2022-11-14 01:05:15,721 [EventQueue-OpenPipelineForHealthyPipelineSafeModeRule] INFO  replication.ReplicationManager (ReplicationManager.java:notifyStatusChanged(814)) - Service ReplicationManager transitions to RUNNING.
2022-11-14 01:05:15,721 [EventQueue-OpenPipelineForHealthyPipelineSafeModeRule] WARN  balancer.ContainerBalancer (ContainerBalancer.java:shouldRun(131)) - Could not find persisted configuration for ContainerBalancer when checking if ContainerBalancer should run. ContainerBalancer should not run now.
2022-11-14 01:05:15,728 [3ebe5f2d-7fe4-4d1b-9835-0749a91ddd88@group-602CA8FC85E9-LeaderElection27] INFO  server.RaftServer$Division (ServerState.java:setRaftConf(430)) - 3ebe5f2d-7fe4-4d1b-9835-0749a91ddd88@group-602CA8FC85E9: set configuration 0: peers:[64f2a322-bab2-49a6-bf14-d21796863fbb|rpc:10.1.0.33:36135|dataStream:|priority:0|startupRole:FOLLOWER, 3ebe5f2d-7fe4-4d1b-9835-0749a91ddd88|rpc:10.1.0.33:36307|dataStream:|priority:1|startupRole:FOLLOWER, 6d7210a4-52ae-4f69-8b98-4fa3950c6b17|rpc:10.1.0.33:42253|dataStream:|priority:0|startupRole:FOLLOWER]|listeners:[], old=null
2022-11-14 01:05:15,728 [64f2a322-bab2-49a6-bf14-d21796863fbb@group-602CA8FC85E9-FollowerState] INFO  server.RaftServerConfigKeys (ConfUtils.java:logFallback(53)) - raft.server.rpc.first-election.timeout.min = 5s (fallback to raft.server.rpc.timeout.min)
2022-11-14 01:05:15,728 [64f2a322-bab2-49a6-bf14-d21796863fbb@group-602CA8FC85E9-FollowerState] INFO  server.RaftServerConfigKeys (ConfUtils.java:logFallback(53)) - raft.server.rpc.first-election.timeout.max = 5200ms (fallback to raft.server.rpc.timeout.max)
2022-11-14 01:05:15,728 [3ebe5f2d-7fe4-4d1b-9835-0749a91ddd88@group-602CA8FC85E9-SegmentedRaftLogWorker] INFO  segmented.SegmentedRaftLogWorker (SegmentedRaftLogWorker.java:execute(656)) - 3ebe5f2d-7fe4-4d1b-9835-0749a91ddd88@group-602CA8FC85E9-SegmentedRaftLogWorker: created new log segment /home/runner/work/ozone/ozone/hadoop-ozone/integration-test/target/test-dir/MiniOzoneClusterImpl-42f4391e-4969-4d67-80bf-65b59c0896c5/datanode-2/data/ratis/30370e2e-80d1-4efe-b890-602ca8fc85e9/current/log_inprogress_0
2022-11-14 01:05:15,742 [6d7210a4-52ae-4f69-8b98-4fa3950c6b17@group-B93C309DF681-FollowerState] INFO  impl.FollowerState (FollowerState.java:run(143)) - 6d7210a4-52ae-4f69-8b98-4fa3950c6b17@group-B93C309DF681-FollowerState: change to CANDIDATE, lastRpcElapsedTime:5160323494ns, electionTimeout:5153ms
2022-11-14 01:05:15,742 [6d7210a4-52ae-4f69-8b98-4fa3950c6b17@group-B93C309DF681-FollowerState] INFO  impl.RoleInfo (RoleInfo.java:shutdownFollowerState(110)) - 6d7210a4-52ae-4f69-8b98-4fa3950c6b17: shutdown 6d7210a4-52ae-4f69-8b98-4fa3950c6b17@group-B93C309DF681-FollowerState
2022-11-14 01:05:15,742 [6d7210a4-52ae-4f69-8b98-4fa3950c6b17@group-B93C309DF681-FollowerState] INFO  server.RaftServer$Division (RaftServerImpl.java:setRole(321)) - 6d7210a4-52ae-4f69-8b98-4fa3950c6b17@group-B93C309DF681: changes role from  FOLLOWER to CANDIDATE at term 1 for changeToCandidate
2022-11-14 01:05:15,742 [6d7210a4-52ae-4f69-8b98-4fa3950c6b17@group-B93C309DF681-FollowerState] INFO  server.RaftServerConfigKeys (ConfUtils.java:logGet(46)) - raft.server.leaderelection.pre-vote = false (custom)
2022-11-14 01:05:15,742 [6d7210a4-52ae-4f69-8b98-4fa3950c6b17@group-B93C309DF681-FollowerState] INFO  impl.RoleInfo (RoleInfo.java:updateAndGet(139)) - 6d7210a4-52ae-4f69-8b98-4fa3950c6b17: start 6d7210a4-52ae-4f69-8b98-4fa3950c6b17@group-B93C309DF681-LeaderElection28
2022-11-14 01:05:15,742 [64f2a322-bab2-49a6-bf14-d21796863fbb-server-thread1] INFO  ratis.XceiverServerRatis (XceiverServerRatis.java:handleLeaderChangedNotification(863)) - Leader change notification received for group: group-602CA8FC85E9 with new leaderId: 3ebe5f2d-7fe4-4d1b-9835-0749a91ddd88
2022-11-14 01:05:15,743 [64f2a322-bab2-49a6-bf14-d21796863fbb-server-thread1] INFO  server.RaftServer$Division (ServerState.java:setLeader(313)) - 64f2a322-bab2-49a6-bf14-d21796863fbb@group-602CA8FC85E9: change Leader from null to 3ebe5f2d-7fe4-4d1b-9835-0749a91ddd88 at term 2 for appendEntries, leader elected after 10142ms
2022-11-14 01:05:15,745 [64f2a322-bab2-49a6-bf14-d21796863fbb-server-thread1] INFO  server.RaftServer$Division (ServerState.java:setRaftConf(430)) - 64f2a322-bab2-49a6-bf14-d21796863fbb@group-602CA8FC85E9: set configuration 0: peers:[64f2a322-bab2-49a6-bf14-d21796863fbb|rpc:10.1.0.33:36135|dataStream:|priority:0|startupRole:FOLLOWER, 3ebe5f2d-7fe4-4d1b-9835-0749a91ddd88|rpc:10.1.0.33:36307|dataStream:|priority:1|startupRole:FOLLOWER, 6d7210a4-52ae-4f69-8b98-4fa3950c6b17|rpc:10.1.0.33:42253|dataStream:|priority:0|startupRole:FOLLOWER]|listeners:[], old=null
2022-11-14 01:05:15,745 [64f2a322-bab2-49a6-bf14-d21796863fbb-server-thread1] INFO  segmented.SegmentedRaftLogWorker (SegmentedRaftLogWorker.java:startLogSegment(452)) - 64f2a322-bab2-49a6-bf14-d21796863fbb@group-602CA8FC85E9-SegmentedRaftLogWorker: Starting segment from index:0
2022-11-14 01:05:15,746 [6d7210a4-52ae-4f69-8b98-4fa3950c6b17@group-B93C309DF681-LeaderElection28] INFO  impl.LeaderElection (LeaderElection.java:askForVotes(312)) - 6d7210a4-52ae-4f69-8b98-4fa3950c6b17@group-B93C309DF681-LeaderElection28 ELECTION round 0: submit vote requests at term 2 for -1: peers:[64f2a322-bab2-49a6-bf14-d21796863fbb|rpc:10.1.0.33:36135|dataStream:|priority:0|startupRole:FOLLOWER, 3ebe5f2d-7fe4-4d1b-9835-0749a91ddd88|rpc:10.1.0.33:36307|dataStream:|priority:0|startupRole:FOLLOWER, 6d7210a4-52ae-4f69-8b98-4fa3950c6b17|rpc:10.1.0.33:42253|dataStream:|priority:1|startupRole:FOLLOWER]|listeners:[], old=null
2022-11-14 01:05:15,747 [6d7210a4-52ae-4f69-8b98-4fa3950c6b17-server-thread1] INFO  ratis.XceiverServerRatis (XceiverServerRatis.java:handleLeaderChangedNotification(863)) - Leader change notification received for group: group-602CA8FC85E9 with new leaderId: 3ebe5f2d-7fe4-4d1b-9835-0749a91ddd88
2022-11-14 01:05:15,747 [6d7210a4-52ae-4f69-8b98-4fa3950c6b17-server-thread1] INFO  server.RaftServer$Division (ServerState.java:setLeader(313)) - 6d7210a4-52ae-4f69-8b98-4fa3950c6b17@group-602CA8FC85E9: change Leader from null to 3ebe5f2d-7fe4-4d1b-9835-0749a91ddd88 at term 2 for appendEntries, leader elected after 10129ms
2022-11-14 01:05:15,748 [grpc-default-executor-0] INFO  server.RaftServer$Division (RaftServerImpl.java:requestVote(1218)) - 64f2a322-bab2-49a6-bf14-d21796863fbb@group-B93C309DF681: receive requestVote(ELECTION, 6d7210a4-52ae-4f69-8b98-4fa3950c6b17, group-B93C309DF681, 2, (t:0, i:0))
2022-11-14 01:05:15,748 [grpc-default-executor-0] INFO  impl.VoteContext (VoteContext.java:log(48)) - 64f2a322-bab2-49a6-bf14-d21796863fbb@group-B93C309DF681-FOLLOWER: accept ELECTION from 6d7210a4-52ae-4f69-8b98-4fa3950c6b17: our priority 0 <= candidate's priority 1
2022-11-14 01:05:15,748 [grpc-default-executor-0] INFO  server.RaftServer$Division (RaftServerImpl.java:setRole(321)) - 64f2a322-bab2-49a6-bf14-d21796863fbb@group-B93C309DF681: changes role from  FOLLOWER to FOLLOWER at term 2 for candidate:6d7210a4-52ae-4f69-8b98-4fa3950c6b17
2022-11-14 01:05:15,748 [grpc-default-executor-0] INFO  impl.RoleInfo (RoleInfo.java:shutdownFollowerState(110)) - 64f2a322-bab2-49a6-bf14-d21796863fbb: shutdown 64f2a322-bab2-49a6-bf14-d21796863fbb@group-B93C309DF681-FollowerState
2022-11-14 01:05:15,748 [grpc-default-executor-0] INFO  impl.RoleInfo (RoleInfo.java:updateAndGet(139)) - 64f2a322-bab2-49a6-bf14-d21796863fbb: start 64f2a322-bab2-49a6-bf14-d21796863fbb@group-B93C309DF681-FollowerState
2022-11-14 01:05:15,748 [6d7210a4-52ae-4f69-8b98-4fa3950c6b17@group-B93C309DF681-LeaderElection28] INFO  server.RaftServerConfigKeys (ConfUtils.java:logFallback(53)) - raft.server.rpc.first-election.timeout.min = 5s (fallback to raft.server.rpc.timeout.min)
2022-11-14 01:05:15,748 [6d7210a4-52ae-4f69-8b98-4fa3950c6b17@group-B93C309DF681-LeaderElection28] INFO  server.RaftServerConfigKeys (ConfUtils.java:logFallback(53)) - raft.server.rpc.first-election.timeout.max = 5200ms (fallback to raft.server.rpc.timeout.max)
2022-11-14 01:05:15,748 [64f2a322-bab2-49a6-bf14-d21796863fbb@group-602CA8FC85E9-SegmentedRaftLogWorker] INFO  segmented.SegmentedRaftLogWorker (SegmentedRaftLogWorker.java:execute(656)) - 64f2a322-bab2-49a6-bf14-d21796863fbb@group-602CA8FC85E9-SegmentedRaftLogWorker: created new log segment /home/runner/work/ozone/ozone/hadoop-ozone/integration-test/target/test-dir/MiniOzoneClusterImpl-42f4391e-4969-4d67-80bf-65b59c0896c5/datanode-0/data/ratis/30370e2e-80d1-4efe-b890-602ca8fc85e9/current/log_inprogress_0
2022-11-14 01:05:15,755 [6d7210a4-52ae-4f69-8b98-4fa3950c6b17-server-thread1] INFO  server.RaftServer$Division (ServerState.java:setRaftConf(430)) - 6d7210a4-52ae-4f69-8b98-4fa3950c6b17@group-602CA8FC85E9: set configuration 0: peers:[64f2a322-bab2-49a6-bf14-d21796863fbb|rpc:10.1.0.33:36135|dataStream:|priority:0|startupRole:FOLLOWER, 3ebe5f2d-7fe4-4d1b-9835-0749a91ddd88|rpc:10.1.0.33:36307|dataStream:|priority:1|startupRole:FOLLOWER, 6d7210a4-52ae-4f69-8b98-4fa3950c6b17|rpc:10.1.0.33:42253|dataStream:|priority:0|startupRole:FOLLOWER]|listeners:[], old=null
2022-11-14 01:05:15,756 [grpc-default-executor-0] INFO  server.RaftServer$Division (RaftServerImpl.java:requestVote(1251)) - 64f2a322-bab2-49a6-bf14-d21796863fbb@group-B93C309DF681 replies to ELECTION vote request: 6d7210a4-52ae-4f69-8b98-4fa3950c6b17<-64f2a322-bab2-49a6-bf14-d21796863fbb#0:OK-t2. Peer's state: 64f2a322-bab2-49a6-bf14-d21796863fbb@group-B93C309DF681:t2, leader=null, voted=6d7210a4-52ae-4f69-8b98-4fa3950c6b17, raftlog=Memoized:64f2a322-bab2-49a6-bf14-d21796863fbb@group-B93C309DF681-SegmentedRaftLog:OPENED:c-1, conf=-1: peers:[64f2a322-bab2-49a6-bf14-d21796863fbb|rpc:10.1.0.33:36135|priority:0|startupRole:FOLLOWER, 3ebe5f2d-7fe4-4d1b-9835-0749a91ddd88|rpc:10.1.0.33:36307|priority:0|startupRole:FOLLOWER, 6d7210a4-52ae-4f69-8b98-4fa3950c6b17|rpc:10.1.0.33:42253|priority:1|startupRole:FOLLOWER]|listeners:[], old=null
2022-11-14 01:05:15,756 [6d7210a4-52ae-4f69-8b98-4fa3950c6b17-server-thread1] INFO  segmented.SegmentedRaftLogWorker (SegmentedRaftLogWorker.java:startLogSegment(452)) - 6d7210a4-52ae-4f69-8b98-4fa3950c6b17@group-602CA8FC85E9-SegmentedRaftLogWorker: Starting segment from index:0
2022-11-14 01:05:15,756 [64f2a322-bab2-49a6-bf14-d21796863fbb@group-B93C309DF681-FollowerState] INFO  server.RaftServerConfigKeys (ConfUtils.java:logFallback(53)) - raft.server.rpc.first-election.timeout.min = 5s (fallback to raft.server.rpc.timeout.min)
2022-11-14 01:05:15,756 [64f2a322-bab2-49a6-bf14-d21796863fbb@group-B93C309DF681-FollowerState] INFO  server.RaftServerConfigKeys (ConfUtils.java:logFallback(53)) - raft.server.rpc.first-election.timeout.max = 5200ms (fallback to raft.server.rpc.timeout.max)
2022-11-14 01:05:15,758 [6d7210a4-52ae-4f69-8b98-4fa3950c6b17@group-B93C309DF681-LeaderElection28] INFO  impl.LeaderElection (LeaderElection.java:logAndReturn(90)) - 6d7210a4-52ae-4f69-8b98-4fa3950c6b17@group-B93C309DF681-LeaderElection28: ELECTION PASSED received 1 response(s) and 0 exception(s):
2022-11-14 01:05:15,758 [6d7210a4-52ae-4f69-8b98-4fa3950c6b17@group-B93C309DF681-LeaderElection28] INFO  impl.LeaderElection (LeaderElection.java:logAndReturn(94)) -   Response 0: 6d7210a4-52ae-4f69-8b98-4fa3950c6b17<-64f2a322-bab2-49a6-bf14-d21796863fbb#0:OK-t2
2022-11-14 01:05:15,758 [6d7210a4-52ae-4f69-8b98-4fa3950c6b17@group-B93C309DF681-LeaderElection28] INFO  impl.LeaderElection (LeaderElection.java:askForVotes(314)) - 6d7210a4-52ae-4f69-8b98-4fa3950c6b17@group-B93C309DF681-LeaderElection28 ELECTION round 0: result PASSED
2022-11-14 01:05:15,758 [6d7210a4-52ae-4f69-8b98-4fa3950c6b17@group-B93C309DF681-LeaderElection28] INFO  impl.RoleInfo (RoleInfo.java:shutdownLeaderElection(130)) - 6d7210a4-52ae-4f69-8b98-4fa3950c6b17: shutdown 6d7210a4-52ae-4f69-8b98-4fa3950c6b17@group-B93C309DF681-LeaderElection28
2022-11-14 01:05:15,759 [6d7210a4-52ae-4f69-8b98-4fa3950c6b17@group-B93C309DF681-LeaderElection28] INFO  server.RaftServer$Division (RaftServerImpl.java:setRole(321)) - 6d7210a4-52ae-4f69-8b98-4fa3950c6b17@group-B93C309DF681: changes role from CANDIDATE to LEADER at term 2 for changeToLeader
2022-11-14 01:05:15,759 [6d7210a4-52ae-4f69-8b98-4fa3950c6b17@group-B93C309DF681-LeaderElection28] INFO  ratis.XceiverServerRatis (XceiverServerRatis.java:handleLeaderChangedNotification(863)) - Leader change notification received for group: group-B93C309DF681 with new leaderId: 6d7210a4-52ae-4f69-8b98-4fa3950c6b17
2022-11-14 01:05:15,759 [6d7210a4-52ae-4f69-8b98-4fa3950c6b17@group-B93C309DF681-LeaderElection28] INFO  server.RaftServer$Division (ServerState.java:setLeader(313)) - 6d7210a4-52ae-4f69-8b98-4fa3950c6b17@group-B93C309DF681: change Leader from null to 6d7210a4-52ae-4f69-8b98-4fa3950c6b17 at term 2 for becomeLeader, leader elected after 10230ms
2022-11-14 01:05:15,759 [6d7210a4-52ae-4f69-8b98-4fa3950c6b17@group-B93C309DF681-LeaderElection28] INFO  server.RaftServerConfigKeys (ConfUtils.java:logGet(46)) - raft.server.staging.catchup.gap = 1000 (default)
2022-11-14 01:05:15,759 [6d7210a4-52ae-4f69-8b98-4fa3950c6b17@group-602CA8FC85E9-SegmentedRaftLogWorker] INFO  segmented.SegmentedRaftLogWorker (SegmentedRaftLogWorker.java:execute(656)) - 6d7210a4-52ae-4f69-8b98-4fa3950c6b17@group-602CA8FC85E9-SegmentedRaftLogWorker: created new log segment /home/runner/work/ozone/ozone/hadoop-ozone/integration-test/target/test-dir/MiniOzoneClusterImpl-42f4391e-4969-4d67-80bf-65b59c0896c5/datanode-1/data/ratis/30370e2e-80d1-4efe-b890-602ca8fc85e9/current/log_inprogress_0
2022-11-14 01:05:15,760 [64f2a322-bab2-49a6-bf14-d21796863fbb@group-B93C309DF681-FollowerState] INFO  impl.FollowerState (FollowerState.java:run(152)) - 64f2a322-bab2-49a6-bf14-d21796863fbb@group-B93C309DF681-FollowerState was interrupted
2022-11-14 01:05:15,761 [6d7210a4-52ae-4f69-8b98-4fa3950c6b17@group-B93C309DF681-LeaderElection28] INFO  server.RaftServerConfigKeys (ConfUtils.java:logGet(46)) - raft.server.write.element-limit = 1024 (custom)
2022-11-14 01:05:15,761 [6d7210a4-52ae-4f69-8b98-4fa3950c6b17@group-B93C309DF681-LeaderElection28] INFO  server.RaftServerConfigKeys (ConfUtils.java:logGet(46)) - raft.server.write.byte-limit = 1024 M (=1073741824) (custom)
2022-11-14 01:05:15,761 [6d7210a4-52ae-4f69-8b98-4fa3950c6b17@group-B93C309DF681-LeaderElection28] INFO  server.RaftServerConfigKeys (ConfUtils.java:logGet(46)) - raft.server.watch.timeout = 180s (custom)
2022-11-14 01:05:15,761 [6d7210a4-52ae-4f69-8b98-4fa3950c6b17@group-B93C309DF681-LeaderElection28] INFO  server.RaftServerConfigKeys (ConfUtils.java:logGet(46)) - raft.server.watch.timeout.denomination = 1s (default)
2022-11-14 01:05:15,761 [6d7210a4-52ae-4f69-8b98-4fa3950c6b17@group-B93C309DF681-LeaderElection28] INFO  server.RaftServerConfigKeys (ConfUtils.java:logGet(46)) - raft.server.watch.element-limit = 65536 (default)
2022-11-14 01:05:15,761 [6d7210a4-52ae-4f69-8b98-4fa3950c6b17@group-B93C309DF681-LeaderElection28] INFO  server.RaftServerConfigKeys (ConfUtils.java:logGet(46)) - raft.server.write.element-limit = 1024 (custom)
2022-11-14 01:05:15,761 [EventQueue-PipelineReportForPipelineReportHandler] INFO  pipeline.PipelineManagerImpl (PipelineManagerImpl.java:openPipeline(367)) - Pipeline Pipeline[ Id: 4a3b87c8-b214-4e29-bf5c-b93c309df681, Nodes: 64f2a322-bab2-49a6-bf14-d21796863fbb{ip: 10.1.0.33, host: fv-az334-552.zg0gw54pbdoexfhqlmz30d51na.gx.internal.cloudapp.net, ports: [REPLICATION=38551, RATIS=36135, RATIS_ADMIN=36135, RATIS_SERVER=36135, STANDALONE=41099], networkLocation: /default-rack, certSerialId: null, persistedOpState: IN_SERVICE, persistedOpStateExpiryEpochSec: 0}6d7210a4-52ae-4f69-8b98-4fa3950c6b17{ip: 10.1.0.33, host: fv-az334-552.zg0gw54pbdoexfhqlmz30d51na.gx.internal.cloudapp.net, ports: [REPLICATION=44481, RATIS=42253, RATIS_ADMIN=42253, RATIS_SERVER=42253, STANDALONE=40617], networkLocation: /default-rack, certSerialId: null, persistedOpState: IN_SERVICE, persistedOpStateExpiryEpochSec: 0}3ebe5f2d-7fe4-4d1b-9835-0749a91ddd88{ip: 10.1.0.33, host: fv-az334-552.zg0gw54pbdoexfhqlmz30d51na.gx.internal.cloudapp.net, ports: [REPLICATION=46811, RATIS=36307, RATIS_ADMIN=36307, RATIS_SERVER=36307, STANDALONE=40033], networkLocation: /default-rack, certSerialId: null, persistedOpState: IN_SERVICE, persistedOpStateExpiryEpochSec: 0}, ReplicationConfig: RATIS/THREE, State:ALLOCATED, leaderId:6d7210a4-52ae-4f69-8b98-4fa3950c6b17, CreationTimestamp2022-11-14T01:05:03.074Z[Etc/UTC]] moved to OPEN state
2022-11-14 01:05:15,761 [6d7210a4-52ae-4f69-8b98-4fa3950c6b17@group-B93C309DF681-LeaderElection28] INFO  server.RaftServerConfigKeys (ConfUtils.java:logGet(46)) - raft.server.write.follower.gap.ratio.max = -1.0 (default)
2022-11-14 01:05:15,762 [6d7210a4-52ae-4f69-8b98-4fa3950c6b17@group-B93C309DF681-LeaderElection28] INFO  server.RaftServerConfigKeys (ConfUtils.java:logGet(46)) - raft.server.log.appender.snapshot.chunk.size.max = 16MB (=16777216) (default)
2022-11-14 01:05:15,762 [6d7210a4-52ae-4f69-8b98-4fa3950c6b17@group-B93C309DF681-LeaderElection28] INFO  server.RaftServerConfigKeys (ConfUtils.java:logGet(46)) - raft.server.log.appender.buffer.byte-limit = 33554432 (custom)
2022-11-14 01:05:15,762 [6d7210a4-52ae-4f69-8b98-4fa3950c6b17@group-B93C309DF681-LeaderElection28] INFO  server.RaftServerConfigKeys (ConfUtils.java:logGet(46)) - raft.server.log.appender.buffer.element-limit = 1 (custom)
2022-11-14 01:05:15,763 [grpc-default-executor-1] INFO  server.RaftServer$Division (RaftServerImpl.java:requestVote(1218)) - 3ebe5f2d-7fe4-4d1b-9835-0749a91ddd88@group-B93C309DF681: receive requestVote(ELECTION, 6d7210a4-52ae-4f69-8b98-4fa3950c6b17, group-B93C309DF681, 2, (t:0, i:0))
2022-11-14 01:05:15,763 [grpc-default-executor-1] INFO  impl.VoteContext (VoteContext.java:log(48)) - 3ebe5f2d-7fe4-4d1b-9835-0749a91ddd88@group-B93C309DF681-FOLLOWER: accept ELECTION from 6d7210a4-52ae-4f69-8b98-4fa3950c6b17: our priority 0 <= candidate's priority 1
2022-11-14 01:05:15,763 [grpc-default-executor-1] INFO  server.RaftServer$Division (RaftServerImpl.java:setRole(321)) - 3ebe5f2d-7fe4-4d1b-9835-0749a91ddd88@group-B93C309DF681: changes role from  FOLLOWER to FOLLOWER at term 2 for candidate:6d7210a4-52ae-4f69-8b98-4fa3950c6b17
2022-11-14 01:05:15,763 [grpc-default-executor-1] INFO  impl.RoleInfo (RoleInfo.java:shutdownFollowerState(110)) - 3ebe5f2d-7fe4-4d1b-9835-0749a91ddd88: shutdown 3ebe5f2d-7fe4-4d1b-9835-0749a91ddd88@group-B93C309DF681-FollowerState
2022-11-14 01:05:15,763 [grpc-default-executor-1] INFO  impl.RoleInfo (RoleInfo.java:updateAndGet(139)) - 3ebe5f2d-7fe4-4d1b-9835-0749a91ddd88: start 3ebe5f2d-7fe4-4d1b-9835-0749a91ddd88@group-B93C309DF681-FollowerState
2022-11-14 01:05:15,763 [3ebe5f2d-7fe4-4d1b-9835-0749a91ddd88@group-B93C309DF681-FollowerState] INFO  impl.FollowerState (FollowerState.java:run(152)) - 3ebe5f2d-7fe4-4d1b-9835-0749a91ddd88@group-B93C309DF681-FollowerState was interrupted
2022-11-14 01:05:15,764 [6d7210a4-52ae-4f69-8b98-4fa3950c6b17@group-B93C309DF681-LeaderElection28] INFO  grpc.GrpcConfigKeys (ConfUtils.java:logGet(46)) - raft.grpc.server.leader.outstanding.appends.max = 128 (default)
2022-11-14 01:05:15,764 [6d7210a4-52ae-4f69-8b98-4fa3950c6b17@group-B93C309DF681-LeaderElection28] INFO  server.RaftServerConfigKeys (ConfUtils.java:logGet(46)) - raft.server.rpc.request.timeout = 60s (custom)
2022-11-14 01:05:15,764 [6d7210a4-52ae-4f69-8b98-4fa3950c6b17@group-B93C309DF681-LeaderElection28] INFO  server.RaftServerConfigKeys (ConfUtils.java:logGet(46)) - raft.server.log.appender.install.snapshot.enabled = false (custom)
2022-11-14 01:05:15,764 [6d7210a4-52ae-4f69-8b98-4fa3950c6b17@group-B93C309DF681-LeaderElection28] INFO  grpc.GrpcConfigKeys (ConfUtils.java:logGet(46)) - raft.grpc.server.heartbeat.channel = true (default)
2022-11-14 01:05:15,764 [6d7210a4-52ae-4f69-8b98-4fa3950c6b17@group-B93C309DF681-LeaderElection28] INFO  server.RaftServerConfigKeys (ConfUtils.java:logGet(46)) - raft.server.log.appender.wait-time.min = 10ms (default)
2022-11-14 01:05:15,764 [3ebe5f2d-7fe4-4d1b-9835-0749a91ddd88@group-B93C309DF681-FollowerState] INFO  server.RaftServerConfigKeys (ConfUtils.java:logFallback(53)) - raft.server.rpc.first-election.timeout.min = 5s (fallback to raft.server.rpc.timeout.min)
2022-11-14 01:05:15,764 [3ebe5f2d-7fe4-4d1b-9835-0749a91ddd88@group-B93C309DF681-FollowerState] INFO  server.RaftServerConfigKeys (ConfUtils.java:logFallback(53)) - raft.server.rpc.first-election.timeout.max = 5200ms (fallback to raft.server.rpc.timeout.max)
2022-11-14 01:05:15,765 [6d7210a4-52ae-4f69-8b98-4fa3950c6b17@group-B93C309DF681-LeaderElection28] INFO  server.RaftServerConfigKeys (ConfUtils.java:logGet(46)) - raft.server.log.appender.snapshot.chunk.size.max = 16MB (=16777216) (default)
2022-11-14 01:05:15,765 [6d7210a4-52ae-4f69-8b98-4fa3950c6b17@group-B93C309DF681-LeaderElection28] INFO  server.RaftServerConfigKeys (ConfUtils.java:logGet(46)) - raft.server.log.appender.buffer.byte-limit = 33554432 (custom)
2022-11-14 01:05:15,765 [6d7210a4-52ae-4f69-8b98-4fa3950c6b17@group-B93C309DF681-LeaderElection28] INFO  server.RaftServerConfigKeys (ConfUtils.java:logGet(46)) - raft.server.log.appender.buffer.element-limit = 1 (custom)
2022-11-14 01:05:15,765 [6d7210a4-52ae-4f69-8b98-4fa3950c6b17@group-B93C309DF681-LeaderElection28] INFO  grpc.GrpcConfigKeys (ConfUtils.java:logGet(46)) - raft.grpc.server.leader.outstanding.appends.max = 128 (default)
2022-11-14 01:05:15,765 [6d7210a4-52ae-4f69-8b98-4fa3950c6b17@group-B93C309DF681-LeaderElection28] INFO  server.RaftServerConfigKeys (ConfUtils.java:logGet(46)) - raft.server.rpc.request.timeout = 60s (custom)
2022-11-14 01:05:15,765 [6d7210a4-52ae-4f69-8b98-4fa3950c6b17@group-B93C309DF681-LeaderElection28] INFO  server.RaftServerConfigKeys (ConfUtils.java:logGet(46)) - raft.server.log.appender.install.snapshot.enabled = false (custom)
2022-11-14 01:05:15,765 [6d7210a4-52ae-4f69-8b98-4fa3950c6b17@group-B93C309DF681-LeaderElection28] INFO  grpc.GrpcConfigKeys (ConfUtils.java:logGet(46)) - raft.grpc.server.heartbeat.channel = true (default)
2022-11-14 01:05:15,765 [6d7210a4-52ae-4f69-8b98-4fa3950c6b17@group-B93C309DF681-LeaderElection28] INFO  server.RaftServerConfigKeys (ConfUtils.java:logGet(46)) - raft.server.log.appender.wait-time.min = 10ms (default)
2022-11-14 01:05:15,766 [6d7210a4-52ae-4f69-8b98-4fa3950c6b17@group-B93C309DF681-LeaderElection28] INFO  impl.RoleInfo (RoleInfo.java:updateAndGet(139)) - 6d7210a4-52ae-4f69-8b98-4fa3950c6b17: start 6d7210a4-52ae-4f69-8b98-4fa3950c6b17@group-B93C309DF681-LeaderStateImpl
2022-11-14 01:05:15,766 [6d7210a4-52ae-4f69-8b98-4fa3950c6b17@group-B93C309DF681-LeaderElection28] INFO  segmented.SegmentedRaftLogWorker (SegmentedRaftLogWorker.java:startLogSegment(452)) - 6d7210a4-52ae-4f69-8b98-4fa3950c6b17@group-B93C309DF681-SegmentedRaftLogWorker: Starting segment from index:0
2022-11-14 01:05:15,765 [grpc-default-executor-1] INFO  server.RaftServer$Division (RaftServerImpl.java:requestVote(1251)) - 3ebe5f2d-7fe4-4d1b-9835-0749a91ddd88@group-B93C309DF681 replies to ELECTION vote request: 6d7210a4-52ae-4f69-8b98-4fa3950c6b17<-3ebe5f2d-7fe4-4d1b-9835-0749a91ddd88#0:OK-t2. Peer's state: 3ebe5f2d-7fe4-4d1b-9835-0749a91ddd88@group-B93C309DF681:t2, leader=null, voted=6d7210a4-52ae-4f69-8b98-4fa3950c6b17, raftlog=Memoized:3ebe5f2d-7fe4-4d1b-9835-0749a91ddd88@group-B93C309DF681-SegmentedRaftLog:OPENED:c-1, conf=-1: peers:[64f2a322-bab2-49a6-bf14-d21796863fbb|rpc:10.1.0.33:36135|dataStream:|priority:0|startupRole:FOLLOWER, 3ebe5f2d-7fe4-4d1b-9835-0749a91ddd88|rpc:10.1.0.33:36307|dataStream:|priority:0|startupRole:FOLLOWER, 6d7210a4-52ae-4f69-8b98-4fa3950c6b17|rpc:10.1.0.33:42253|dataStream:|priority:1|startupRole:FOLLOWER]|listeners:[], old=null
2022-11-14 01:05:15,768 [6d7210a4-52ae-4f69-8b98-4fa3950c6b17@group-B93C309DF681-SegmentedRaftLogWorker] INFO  segmented.SegmentedRaftLogWorker (SegmentedRaftLogWorker.java:execute(656)) - 6d7210a4-52ae-4f69-8b98-4fa3950c6b17@group-B93C309DF681-SegmentedRaftLogWorker: created new log segment /home/runner/work/ozone/ozone/hadoop-ozone/integration-test/target/test-dir/MiniOzoneClusterImpl-42f4391e-4969-4d67-80bf-65b59c0896c5/datanode-1/data/ratis/4a3b87c8-b214-4e29-bf5c-b93c309df681/current/log_inprogress_0
2022-11-14 01:05:15,772 [6d7210a4-52ae-4f69-8b98-4fa3950c6b17@group-B93C309DF681-LeaderElection28] INFO  server.RaftServer$Division (ServerState.java:setRaftConf(430)) - 6d7210a4-52ae-4f69-8b98-4fa3950c6b17@group-B93C309DF681: set configuration 0: peers:[64f2a322-bab2-49a6-bf14-d21796863fbb|rpc:10.1.0.33:36135|dataStream:|priority:0|startupRole:FOLLOWER, 3ebe5f2d-7fe4-4d1b-9835-0749a91ddd88|rpc:10.1.0.33:36307|dataStream:|priority:0|startupRole:FOLLOWER, 6d7210a4-52ae-4f69-8b98-4fa3950c6b17|rpc:10.1.0.33:42253|dataStream:|priority:1|startupRole:FOLLOWER]|listeners:[], old=null
2022-11-14 01:05:15,783 [64f2a322-bab2-49a6-bf14-d21796863fbb-server-thread1] INFO  ratis.XceiverServerRatis (XceiverServerRatis.java:handleLeaderChangedNotification(863)) - Leader change notification received for group: group-B93C309DF681 with new leaderId: 6d7210a4-52ae-4f69-8b98-4fa3950c6b17
2022-11-14 01:05:15,786 [64f2a322-bab2-49a6-bf14-d21796863fbb-server-thread1] INFO  server.RaftServer$Division (ServerState.java:setLeader(313)) - 64f2a322-bab2-49a6-bf14-d21796863fbb@group-B93C309DF681: change Leader from null to 6d7210a4-52ae-4f69-8b98-4fa3950c6b17 at term 2 for appendEntries, leader elected after 10304ms
2022-11-14 01:05:15,787 [3ebe5f2d-7fe4-4d1b-9835-0749a91ddd88-server-thread1] INFO  ratis.XceiverServerRatis (XceiverServerRatis.java:handleLeaderChangedNotification(863)) - Leader change notification received for group: group-B93C309DF681 with new leaderId: 6d7210a4-52ae-4f69-8b98-4fa3950c6b17
2022-11-14 01:05:15,787 [3ebe5f2d-7fe4-4d1b-9835-0749a91ddd88-server-thread1] INFO  server.RaftServer$Division (ServerState.java:setLeader(313)) - 3ebe5f2d-7fe4-4d1b-9835-0749a91ddd88@group-B93C309DF681: change Leader from null to 6d7210a4-52ae-4f69-8b98-4fa3950c6b17 at term 2 for appendEntries, leader elected after 10204ms
2022-11-14 01:05:15,789 [64f2a322-bab2-49a6-bf14-d21796863fbb-server-thread2] INFO  server.RaftServer$Division (ServerState.java:setRaftConf(430)) - 64f2a322-bab2-49a6-bf14-d21796863fbb@group-B93C309DF681: set configuration 0: peers:[64f2a322-bab2-49a6-bf14-d21796863fbb|rpc:10.1.0.33:36135|dataStream:|priority:0|startupRole:FOLLOWER, 3ebe5f2d-7fe4-4d1b-9835-0749a91ddd88|rpc:10.1.0.33:36307|dataStream:|priority:0|startupRole:FOLLOWER, 6d7210a4-52ae-4f69-8b98-4fa3950c6b17|rpc:10.1.0.33:42253|dataStream:|priority:1|startupRole:FOLLOWER]|listeners:[], old=null
2022-11-14 01:05:15,790 [64f2a322-bab2-49a6-bf14-d21796863fbb-server-thread2] INFO  segmented.SegmentedRaftLogWorker (SegmentedRaftLogWorker.java:startLogSegment(452)) - 64f2a322-bab2-49a6-bf14-d21796863fbb@group-B93C309DF681-SegmentedRaftLogWorker: Starting segment from index:0
2022-11-14 01:05:15,791 [64f2a322-bab2-49a6-bf14-d21796863fbb@group-B93C309DF681-SegmentedRaftLogWorker] INFO  segmented.SegmentedRaftLogWorker (SegmentedRaftLogWorker.java:execute(656)) - 64f2a322-bab2-49a6-bf14-d21796863fbb@group-B93C309DF681-SegmentedRaftLogWorker: created new log segment /home/runner/work/ozone/ozone/hadoop-ozone/integration-test/target/test-dir/MiniOzoneClusterImpl-42f4391e-4969-4d67-80bf-65b59c0896c5/datanode-0/data/ratis/4a3b87c8-b214-4e29-bf5c-b93c309df681/current/log_inprogress_0
2022-11-14 01:05:15,792 [3ebe5f2d-7fe4-4d1b-9835-0749a91ddd88-server-thread2] INFO  server.RaftServer$Division (ServerState.java:setRaftConf(430)) - 3ebe5f2d-7fe4-4d1b-9835-0749a91ddd88@group-B93C309DF681: set configuration 0: peers:[64f2a322-bab2-49a6-bf14-d21796863fbb|rpc:10.1.0.33:36135|dataStream:|priority:0|startupRole:FOLLOWER, 3ebe5f2d-7fe4-4d1b-9835-0749a91ddd88|rpc:10.1.0.33:36307|dataStream:|priority:0|startupRole:FOLLOWER, 6d7210a4-52ae-4f69-8b98-4fa3950c6b17|rpc:10.1.0.33:42253|dataStream:|priority:1|startupRole:FOLLOWER]|listeners:[], old=null
2022-11-14 01:05:15,792 [3ebe5f2d-7fe4-4d1b-9835-0749a91ddd88-server-thread2] INFO  segmented.SegmentedRaftLogWorker (SegmentedRaftLogWorker.java:startLogSegment(452)) - 3ebe5f2d-7fe4-4d1b-9835-0749a91ddd88@group-B93C309DF681-SegmentedRaftLogWorker: Starting segment from index:0
2022-11-14 01:05:15,794 [3ebe5f2d-7fe4-4d1b-9835-0749a91ddd88@group-B93C309DF681-SegmentedRaftLogWorker] INFO  segmented.SegmentedRaftLogWorker (SegmentedRaftLogWorker.java:execute(656)) - 3ebe5f2d-7fe4-4d1b-9835-0749a91ddd88@group-B93C309DF681-SegmentedRaftLogWorker: created new log segment /home/runner/work/ozone/ozone/hadoop-ozone/integration-test/target/test-dir/MiniOzoneClusterImpl-42f4391e-4969-4d67-80bf-65b59c0896c5/datanode-2/data/ratis/4a3b87c8-b214-4e29-bf5c-b93c309df681/current/log_inprogress_0
2022-11-14 01:05:16,081 [Listener at 127.0.0.1/43447] INFO  ozone.MiniOzoneClusterImpl (MiniOzoneClusterImpl.java:lambda$waitForClusterToBeReady$0(216)) - Nodes are ready. Got 3 of 3 DN Heartbeats.
2022-11-14 01:05:16,081 [Listener at 127.0.0.1/43447] INFO  ozone.MiniOzoneClusterImpl (MiniOzoneClusterImpl.java:lambda$waitForClusterToBeReady$0(219)) - Cluster exits safe mode
2022-11-14 01:05:16,081 [Listener at 127.0.0.1/43447] INFO  ozone.MiniOzoneClusterImpl (MiniOzoneClusterImpl.java:lambda$waitForClusterToBeReady$0(221)) - SCM became leader
2022-11-14 01:05:16,083 [Listener at 127.0.0.1/43447] INFO  ozoneimpl.OzoneContainer (OzoneContainer.java:stop(400)) - Attempting to stop container services.
2022-11-14 01:05:16,085 [Listener at 127.0.0.1/43447] INFO  server.RaftServer (RaftServerProxy.java:lambda$close$6(409)) - 64f2a322-bab2-49a6-bf14-d21796863fbb: close
2022-11-14 01:05:16,085 [64f2a322-bab2-49a6-bf14-d21796863fbb-impl-thread1] INFO  server.RaftServer$Division (RaftServerImpl.java:lambda$close$4(458)) - 64f2a322-bab2-49a6-bf14-d21796863fbb@group-B93C309DF681: shutdown
2022-11-14 01:05:16,086 [64f2a322-bab2-49a6-bf14-d21796863fbb-impl-thread1] INFO  util.JmxRegister (JmxRegister.java:unregister(73)) - Successfully un-registered JMX Bean with object name Ratis:service=RaftServer,group=group-B93C309DF681,id=64f2a322-bab2-49a6-bf14-d21796863fbb
2022-11-14 01:05:16,086 [64f2a322-bab2-49a6-bf14-d21796863fbb-impl-thread1] INFO  impl.RoleInfo (RoleInfo.java:shutdownFollowerState(110)) - 64f2a322-bab2-49a6-bf14-d21796863fbb: shutdown 64f2a322-bab2-49a6-bf14-d21796863fbb@group-B93C309DF681-FollowerState
2022-11-14 01:05:16,086 [64f2a322-bab2-49a6-bf14-d21796863fbb-impl-thread2] INFO  server.RaftServer$Division (RaftServerImpl.java:lambda$close$4(458)) - 64f2a322-bab2-49a6-bf14-d21796863fbb@group-E0679D01DD9B: shutdown
2022-11-14 01:05:16,086 [64f2a322-bab2-49a6-bf14-d21796863fbb-impl-thread2] INFO  util.JmxRegister (JmxRegister.java:unregister(73)) - Successfully un-registered JMX Bean with object name Ratis:service=RaftServer,group=group-E0679D01DD9B,id=64f2a322-bab2-49a6-bf14-d21796863fbb
2022-11-14 01:05:16,086 [64f2a322-bab2-49a6-bf14-d21796863fbb-impl-thread2] INFO  impl.RoleInfo (RoleInfo.java:shutdownLeaderState(93)) - 64f2a322-bab2-49a6-bf14-d21796863fbb: shutdown 64f2a322-bab2-49a6-bf14-d21796863fbb@group-E0679D01DD9B-LeaderStateImpl
2022-11-14 01:05:16,086 [64f2a322-bab2-49a6-bf14-d21796863fbb-impl-thread2] INFO  impl.PendingRequests (PendingRequests.java:sendNotLeaderResponses(282)) - 64f2a322-bab2-49a6-bf14-d21796863fbb@group-E0679D01DD9B-PendingRequests: sendNotLeaderResponses
2022-11-14 01:05:16,087 [64f2a322-bab2-49a6-bf14-d21796863fbb-impl-thread2] INFO  impl.StateMachineUpdater (StateMachineUpdater.java:stopAndJoin(153)) - 64f2a322-bab2-49a6-bf14-d21796863fbb@group-E0679D01DD9B-StateMachineUpdater: set stopIndex = 0
2022-11-14 01:05:16,087 [Listener at 127.0.0.1/43447] INFO  server.GrpcService (GrpcService.java:closeImpl(279)) - 64f2a322-bab2-49a6-bf14-d21796863fbb: shutdown server GrpcServerProtocolService now
2022-11-14 01:05:16,087 [64f2a322-bab2-49a6-bf14-d21796863fbb@group-E0679D01DD9B-StateMachineUpdater] INFO  ratis.ContainerStateMachine (ContainerStateMachine.java:takeSnapshot(304)) - group-E0679D01DD9B: Taking a snapshot at:(t:1, i:0) file /home/runner/work/ozone/ozone/hadoop-ozone/integration-test/target/test-dir/MiniOzoneClusterImpl-42f4391e-4969-4d67-80bf-65b59c0896c5/datanode-0/data/ratis/936949c9-2a44-4256-88d2-e0679d01dd9b/sm/snapshot.1_0
2022-11-14 01:05:16,087 [64f2a322-bab2-49a6-bf14-d21796863fbb-impl-thread1] INFO  impl.StateMachineUpdater (StateMachineUpdater.java:stopAndJoin(153)) - 64f2a322-bab2-49a6-bf14-d21796863fbb@group-B93C309DF681-StateMachineUpdater: set stopIndex = 0
2022-11-14 01:05:16,087 [64f2a322-bab2-49a6-bf14-d21796863fbb@group-B93C309DF681-FollowerState] INFO  impl.FollowerState (FollowerState.java:run(152)) - 64f2a322-bab2-49a6-bf14-d21796863fbb@group-B93C309DF681-FollowerState was interrupted
2022-11-14 01:05:16,090 [64f2a322-bab2-49a6-bf14-d21796863fbb@group-B93C309DF681-StateMachineUpdater] INFO  ratis.ContainerStateMachine (ContainerStateMachine.java:takeSnapshot(304)) - group-B93C309DF681: Taking a snapshot at:(t:2, i:0) file /home/runner/work/ozone/ozone/hadoop-ozone/integration-test/target/test-dir/MiniOzoneClusterImpl-42f4391e-4969-4d67-80bf-65b59c0896c5/datanode-0/data/ratis/4a3b87c8-b214-4e29-bf5c-b93c309df681/sm/snapshot.2_0
2022-11-14 01:05:16,090 [64f2a322-bab2-49a6-bf14-d21796863fbb-impl-thread3] INFO  server.RaftServer$Division (RaftServerImpl.java:lambda$close$4(458)) - 64f2a322-bab2-49a6-bf14-d21796863fbb@group-602CA8FC85E9: shutdown
2022-11-14 01:05:16,090 [64f2a322-bab2-49a6-bf14-d21796863fbb-impl-thread3] INFO  util.JmxRegister (JmxRegister.java:unregister(73)) - Successfully un-registered JMX Bean with object name Ratis:service=RaftServer,group=group-602CA8FC85E9,id=64f2a322-bab2-49a6-bf14-d21796863fbb
2022-11-14 01:05:16,090 [64f2a322-bab2-49a6-bf14-d21796863fbb-impl-thread3] INFO  impl.RoleInfo (RoleInfo.java:shutdownFollowerState(110)) - 64f2a322-bab2-49a6-bf14-d21796863fbb: shutdown 64f2a322-bab2-49a6-bf14-d21796863fbb@group-602CA8FC85E9-FollowerState
2022-11-14 01:05:16,091 [Listener at 127.0.0.1/43447] INFO  server.GrpcServerProtocolClient (GrpcServerProtocolClient.java:close(111)) - 3ebe5f2d-7fe4-4d1b-9835-0749a91ddd88 Close channels
2022-11-14 01:05:16,091 [64f2a322-bab2-49a6-bf14-d21796863fbb@group-E0679D01DD9B-StateMachineUpdater] INFO  ratis.ContainerStateMachine (ContainerStateMachine.java:takeSnapshot(315)) - group-E0679D01DD9B: Finished taking a snapshot at:(t:1, i:0) file:/home/runner/work/ozone/ozone/hadoop-ozone/integration-test/target/test-dir/MiniOzoneClusterImpl-42f4391e-4969-4d67-80bf-65b59c0896c5/datanode-0/data/ratis/936949c9-2a44-4256-88d2-e0679d01dd9b/sm/snapshot.1_0 took: 5 ms
2022-11-14 01:05:16,091 [64f2a322-bab2-49a6-bf14-d21796863fbb@group-B93C309DF681-StateMachineUpdater] INFO  ratis.ContainerStateMachine (ContainerStateMachine.java:takeSnapshot(315)) - group-B93C309DF681: Finished taking a snapshot at:(t:2, i:0) file:/home/runner/work/ozone/ozone/hadoop-ozone/integration-test/target/test-dir/MiniOzoneClusterImpl-42f4391e-4969-4d67-80bf-65b59c0896c5/datanode-0/data/ratis/4a3b87c8-b214-4e29-bf5c-b93c309df681/sm/snapshot.2_0 took: 2 ms
2022-11-14 01:05:16,091 [64f2a322-bab2-49a6-bf14-d21796863fbb@group-E0679D01DD9B-StateMachineUpdater] INFO  impl.StateMachineUpdater (StateMachineUpdater.java:takeSnapshot(287)) - 64f2a322-bab2-49a6-bf14-d21796863fbb@group-E0679D01DD9B-StateMachineUpdater: Took a snapshot at index 0
2022-11-14 01:05:16,091 [64f2a322-bab2-49a6-bf14-d21796863fbb@group-E0679D01DD9B-StateMachineUpdater] INFO  impl.StateMachineUpdater (StateMachineUpdater.java:lambda$new$0(92)) - 64f2a322-bab2-49a6-bf14-d21796863fbb@group-E0679D01DD9B-StateMachineUpdater: snapshotIndex: updateIncreasingly -1 -> 0
2022-11-14 01:05:16,091 [64f2a322-bab2-49a6-bf14-d21796863fbb@group-B93C309DF681-StateMachineUpdater] INFO  impl.StateMachineUpdater (StateMachineUpdater.java:takeSnapshot(287)) - 64f2a322-bab2-49a6-bf14-d21796863fbb@group-B93C309DF681-StateMachineUpdater: Took a snapshot at index 0
2022-11-14 01:05:16,092 [64f2a322-bab2-49a6-bf14-d21796863fbb@group-B93C309DF681-StateMachineUpdater] INFO  impl.StateMachineUpdater (StateMachineUpdater.java:lambda$new$0(92)) - 64f2a322-bab2-49a6-bf14-d21796863fbb@group-B93C309DF681-StateMachineUpdater: snapshotIndex: updateIncreasingly -1 -> 0
2022-11-14 01:05:16,092 [64f2a322-bab2-49a6-bf14-d21796863fbb-impl-thread2] INFO  server.RaftServer$Division (ServerState.java:close(466)) - 64f2a322-bab2-49a6-bf14-d21796863fbb@group-E0679D01DD9B: closes. applyIndex: 0
2022-11-14 01:05:16,092 [64f2a322-bab2-49a6-bf14-d21796863fbb-impl-thread1] INFO  server.RaftServer$Division (ServerState.java:close(466)) - 64f2a322-bab2-49a6-bf14-d21796863fbb@group-B93C309DF681: closes. applyIndex: 0
2022-11-14 01:05:16,092 [64f2a322-bab2-49a6-bf14-d21796863fbb@group-E0679D01DD9B-SegmentedRaftLogWorker] INFO  segmented.SegmentedRaftLogWorker (SegmentedRaftLogWorker.java:run(345)) - 64f2a322-bab2-49a6-bf14-d21796863fbb@group-E0679D01DD9B-SegmentedRaftLogWorker was interrupted, exiting. There are 0 tasks remaining in the queue.
2022-11-14 01:05:16,092 [64f2a322-bab2-49a6-bf14-d21796863fbb@group-B93C309DF681-SegmentedRaftLogWorker] INFO  segmented.SegmentedRaftLogWorker (SegmentedRaftLogWorker.java:run(345)) - 64f2a322-bab2-49a6-bf14-d21796863fbb@group-B93C309DF681-SegmentedRaftLogWorker was interrupted, exiting. There are 0 tasks remaining in the queue.
2022-11-14 01:05:16,092 [64f2a322-bab2-49a6-bf14-d21796863fbb@group-602CA8FC85E9-FollowerState] INFO  impl.FollowerState (FollowerState.java:run(152)) - 64f2a322-bab2-49a6-bf14-d21796863fbb@group-602CA8FC85E9-FollowerState was interrupted
2022-11-14 01:05:16,093 [grpc-default-executor-1] WARN  server.GrpcServerProtocolService (LogUtils.java:warn(122)) - 64f2a322-bab2-49a6-bf14-d21796863fbb: installSnapshot onError, lastRequest: 3ebe5f2d-7fe4-4d1b-9835-0749a91ddd88->64f2a322-bab2-49a6-bf14-d21796863fbb#1-t2,previous=(t:0, i:0),leaderCommit=0,initializing? true,entries: size=1, first=(t:2, i:0), CONFIGURATIONENTRY(current:id: "64f2a322-bab2-49a6-bf14-d21796863fbb"
address: "10.1.0.33:36135"
clientAddress: "10.1.0.33:36135"
adminAddress: "10.1.0.33:36135"
startupRole: FOLLOWER
,id: "3ebe5f2d-7fe4-4d1b-9835-0749a91ddd88"
address: "10.1.0.33:36307"
priority: 1
clientAddress: "10.1.0.33:36307"
adminAddress: "10.1.0.33:36307"
startupRole: FOLLOWER
,id: "6d7210a4-52ae-4f69-8b98-4fa3950c6b17"
address: "10.1.0.33:42253"
clientAddress: "10.1.0.33:42253"
adminAddress: "10.1.0.33:42253"
startupRole: FOLLOWER
, old:): org.apache.ratis.thirdparty.io.grpc.StatusRuntimeException: CANCELLED: client cancelled
2022-11-14 01:05:16,093 [grpc-default-executor-2] WARN  server.GrpcServerProtocolService (LogUtils.java:warn(122)) - 64f2a322-bab2-49a6-bf14-d21796863fbb: installSnapshot onError, lastRequest: 6d7210a4-52ae-4f69-8b98-4fa3950c6b17->64f2a322-bab2-49a6-bf14-d21796863fbb#1-t2,previous=(t:0, i:0),leaderCommit=0,initializing? true,entries: size=1, first=(t:2, i:0), CONFIGURATIONENTRY(current:id: "64f2a322-bab2-49a6-bf14-d21796863fbb"
address: "10.1.0.33:36135"
clientAddress: "10.1.0.33:36135"
adminAddress: "10.1.0.33:36135"
startupRole: FOLLOWER
,id: "3ebe5f2d-7fe4-4d1b-9835-0749a91ddd88"
address: "10.1.0.33:36307"
clientAddress: "10.1.0.33:36307"
adminAddress: "10.1.0.33:36307"
startupRole: FOLLOWER
,id: "6d7210a4-52ae-4f69-8b98-4fa3950c6b17"
address: "10.1.0.33:42253"
priority: 1
clientAddress: "10.1.0.33:42253"
adminAddress: "10.1.0.33:42253"
startupRole: FOLLOWER
, old:): org.apache.ratis.thirdparty.io.grpc.StatusRuntimeException: CANCELLED: client cancelled
2022-11-14 01:05:16,093 [64f2a322-bab2-49a6-bf14-d21796863fbb@group-602CA8FC85E9-StateMachineUpdater] INFO  ratis.ContainerStateMachine (ContainerStateMachine.java:takeSnapshot(304)) - group-602CA8FC85E9: Taking a snapshot at:(t:2, i:0) file /home/runner/work/ozone/ozone/hadoop-ozone/integration-test/target/test-dir/MiniOzoneClusterImpl-42f4391e-4969-4d67-80bf-65b59c0896c5/datanode-0/data/ratis/30370e2e-80d1-4efe-b890-602ca8fc85e9/sm/snapshot.2_0
2022-11-14 01:05:16,094 [grpc-default-executor-3] WARN  server.GrpcLogAppender (LogUtils.java:warn(122)) - 3ebe5f2d-7fe4-4d1b-9835-0749a91ddd88@group-602CA8FC85E9->64f2a322-bab2-49a6-bf14-d21796863fbb-AppendLogResponseHandler: Failed appendEntries: org.apache.ratis.thirdparty.io.grpc.StatusRuntimeException: CANCELLED: RST_STREAM closed stream. HTTP/2 error code: CANCEL
2022-11-14 01:05:16,094 [grpc-default-executor-3] WARN  server.GrpcLogAppender (GrpcLogAppender.java:resetClient(131)) - 3ebe5f2d-7fe4-4d1b-9835-0749a91ddd88@group-602CA8FC85E9->64f2a322-bab2-49a6-bf14-d21796863fbb-GrpcLogAppender: Leader has not got in touch with Follower 3ebe5f2d-7fe4-4d1b-9835-0749a91ddd88@group-602CA8FC85E9->64f2a322-bab2-49a6-bf14-d21796863fbb(c0,m0,n1, attendVote=true, lastRpcSendTime=359, lastRpcResponseTime=318) yet, just keep nextIndex unchanged and retry.
2022-11-14 01:05:16,094 [64f2a322-bab2-49a6-bf14-d21796863fbb-impl-thread3] INFO  impl.StateMachineUpdater (StateMachineUpdater.java:stopAndJoin(153)) - 64f2a322-bab2-49a6-bf14-d21796863fbb@group-602CA8FC85E9-StateMachineUpdater: set stopIndex = 0
2022-11-14 01:05:16,094 [grpc-default-executor-2] WARN  server.GrpcServerProtocolService (LogUtils.java:warn(122)) - 64f2a322-bab2-49a6-bf14-d21796863fbb: installSnapshot onError, lastRequest: null: org.apache.ratis.thirdparty.io.grpc.StatusRuntimeException: CANCELLED: client cancelled
2022-11-14 01:05:16,094 [64f2a322-bab2-49a6-bf14-d21796863fbb@group-602CA8FC85E9-StateMachineUpdater] INFO  ratis.ContainerStateMachine (ContainerStateMachine.java:takeSnapshot(315)) - group-602CA8FC85E9: Finished taking a snapshot at:(t:2, i:0) file:/home/runner/work/ozone/ozone/hadoop-ozone/integration-test/target/test-dir/MiniOzoneClusterImpl-42f4391e-4969-4d67-80bf-65b59c0896c5/datanode-0/data/ratis/30370e2e-80d1-4efe-b890-602ca8fc85e9/sm/snapshot.2_0 took: 1 ms
2022-11-14 01:05:16,094 [64f2a322-bab2-49a6-bf14-d21796863fbb@group-602CA8FC85E9-StateMachineUpdater] INFO  impl.StateMachineUpdater (StateMachineUpdater.java:takeSnapshot(287)) - 64f2a322-bab2-49a6-bf14-d21796863fbb@group-602CA8FC85E9-StateMachineUpdater: Took a snapshot at index 0
2022-11-14 01:05:16,095 [64f2a322-bab2-49a6-bf14-d21796863fbb@group-602CA8FC85E9-StateMachineUpdater] INFO  impl.StateMachineUpdater (StateMachineUpdater.java:lambda$new$0(92)) - 64f2a322-bab2-49a6-bf14-d21796863fbb@group-602CA8FC85E9-StateMachineUpdater: snapshotIndex: updateIncreasingly -1 -> 0
2022-11-14 01:05:16,095 [64f2a322-bab2-49a6-bf14-d21796863fbb-impl-thread3] INFO  server.RaftServer$Division (ServerState.java:close(466)) - 64f2a322-bab2-49a6-bf14-d21796863fbb@group-602CA8FC85E9: closes. applyIndex: 0
2022-11-14 01:05:16,095 [grpc-default-executor-4] WARN  server.GrpcServerProtocolService (LogUtils.java:warn(122)) - 64f2a322-bab2-49a6-bf14-d21796863fbb: installSnapshot onError, lastRequest: null: org.apache.ratis.thirdparty.io.grpc.StatusRuntimeException: CANCELLED: client cancelled
2022-11-14 01:05:16,096 [64f2a322-bab2-49a6-bf14-d21796863fbb@group-602CA8FC85E9-SegmentedRaftLogWorker] INFO  segmented.SegmentedRaftLogWorker (SegmentedRaftLogWorker.java:run(345)) - 64f2a322-bab2-49a6-bf14-d21796863fbb@group-602CA8FC85E9-SegmentedRaftLogWorker was interrupted, exiting. There are 0 tasks remaining in the queue.
2022-11-14 01:05:16,097 [grpc-default-executor-4] WARN  server.GrpcLogAppender (LogUtils.java:warn(122)) - 6d7210a4-52ae-4f69-8b98-4fa3950c6b17@group-B93C309DF681->64f2a322-bab2-49a6-bf14-d21796863fbb-AppendLogResponseHandler: Failed appendEntries: org.apache.ratis.thirdparty.io.grpc.StatusRuntimeException: CANCELLED: RST_STREAM closed stream. HTTP/2 error code: CANCEL
2022-11-14 01:05:16,097 [grpc-default-executor-4] WARN  server.GrpcLogAppender (GrpcLogAppender.java:resetClient(131)) - 6d7210a4-52ae-4f69-8b98-4fa3950c6b17@group-B93C309DF681->64f2a322-bab2-49a6-bf14-d21796863fbb-GrpcLogAppender: Leader has not got in touch with Follower 6d7210a4-52ae-4f69-8b98-4fa3950c6b17@group-B93C309DF681->64f2a322-bab2-49a6-bf14-d21796863fbb(c0,m0,n1, attendVote=true, lastRpcSendTime=309, lastRpcResponseTime=302) yet, just keep nextIndex unchanged and retry.
2022-11-14 01:05:16,098 [grpc-default-executor-0] WARN  server.GrpcLogAppender (LogUtils.java:warn(122)) - 3ebe5f2d-7fe4-4d1b-9835-0749a91ddd88@group-602CA8FC85E9->64f2a322-bab2-49a6-bf14-d21796863fbb-AppendLogResponseHandler: Failed appendEntries: org.apache.ratis.thirdparty.io.grpc.StatusRuntimeException: CANCELLED: RST_STREAM closed stream. HTTP/2 error code: CANCEL
2022-11-14 01:05:16,098 [grpc-default-executor-0] WARN  server.GrpcLogAppender (GrpcLogAppender.java:resetClient(131)) - 3ebe5f2d-7fe4-4d1b-9835-0749a91ddd88@group-602CA8FC85E9->64f2a322-bab2-49a6-bf14-d21796863fbb-GrpcLogAppender: Leader has not got in touch with Follower 3ebe5f2d-7fe4-4d1b-9835-0749a91ddd88@group-602CA8FC85E9->64f2a322-bab2-49a6-bf14-d21796863fbb(c0,m0,n1, attendVote=true, lastRpcSendTime=363, lastRpcResponseTime=322) yet, just keep nextIndex unchanged and retry.
2022-11-14 01:05:16,098 [grpc-default-executor-2] WARN  server.GrpcLogAppender (LogUtils.java:warn(122)) - 6d7210a4-52ae-4f69-8b98-4fa3950c6b17@group-B93C309DF681->64f2a322-bab2-49a6-bf14-d21796863fbb-AppendLogResponseHandler: Failed appendEntries: org.apache.ratis.thirdparty.io.grpc.StatusRuntimeException: CANCELLED: RST_STREAM closed stream. HTTP/2 error code: CANCEL
2022-11-14 01:05:16,098 [grpc-default-executor-2] WARN  server.GrpcLogAppender (GrpcLogAppender.java:resetClient(131)) - 6d7210a4-52ae-4f69-8b98-4fa3950c6b17@group-B93C309DF681->64f2a322-bab2-49a6-bf14-d21796863fbb-GrpcLogAppender: Leader has not got in touch with Follower 6d7210a4-52ae-4f69-8b98-4fa3950c6b17@group-B93C309DF681->64f2a322-bab2-49a6-bf14-d21796863fbb(c0,m0,n1, attendVote=true, lastRpcSendTime=309, lastRpcResponseTime=303) yet, just keep nextIndex unchanged and retry.
2022-11-14 01:05:16,098 [ForkJoinPool.commonPool-worker-1] INFO  server.GrpcServerProtocolClient (GrpcServerProtocolClient.java:close(111)) - 6d7210a4-52ae-4f69-8b98-4fa3950c6b17 Close channels
2022-11-14 01:05:16,099 [64f2a322-bab2-49a6-bf14-d21796863fbb-impl-thread1] INFO  segmented.SegmentedRaftLogWorker (SegmentedRaftLogWorker.java:close(255)) - 64f2a322-bab2-49a6-bf14-d21796863fbb@group-B93C309DF681-SegmentedRaftLogWorker close()
2022-11-14 01:05:16,099 [64f2a322-bab2-49a6-bf14-d21796863fbb-impl-thread2] INFO  segmented.SegmentedRaftLogWorker (SegmentedRaftLogWorker.java:close(255)) - 64f2a322-bab2-49a6-bf14-d21796863fbb@group-E0679D01DD9B-SegmentedRaftLogWorker close()
2022-11-14 01:05:16,099 [64f2a322-bab2-49a6-bf14-d21796863fbb-impl-thread3] INFO  segmented.SegmentedRaftLogWorker (SegmentedRaftLogWorker.java:close(255)) - 64f2a322-bab2-49a6-bf14-d21796863fbb@group-602CA8FC85E9-SegmentedRaftLogWorker close()
2022-11-14 01:05:16,099 [Listener at 127.0.0.1/43447] INFO  server.GrpcService (GrpcService.java:closeImpl(288)) - 64f2a322-bab2-49a6-bf14-d21796863fbb: shutdown server GrpcServerProtocolService successfully
2022-11-14 01:05:16,112 [JvmPauseMonitor8] INFO  util.JvmPauseMonitor (JvmPauseMonitor.java:run(111)) - JvmPauseMonitor-64f2a322-bab2-49a6-bf14-d21796863fbb: Stopped
2022-11-14 01:05:18,141 [Listener at 127.0.0.1/43447] INFO  volume.HddsVolume (HddsVolume.java:closeDbStore(338)) - SchemaV3 db is stopped at /home/runner/work/ozone/ozone/hadoop-ozone/integration-test/target/test-dir/MiniOzoneClusterImpl-42f4391e-4969-4d67-80bf-65b59c0896c5/datanode-0/data-0/containers/hdds/42f4391e-4969-4d67-80bf-65b59c0896c5/DS-aa052301-2904-4420-ab72-616273fe83de/container.db for volume DS-aa052301-2904-4420-ab72-616273fe83de
2022-11-14 01:05:18,141 [Listener at 127.0.0.1/43447] INFO  utils.BackgroundService (BackgroundService.java:shutdown(141)) - Shutting down service BlockDeletingService
2022-11-14 01:05:18,142 [Listener at 127.0.0.1/43447] INFO  utils.BackgroundService (BackgroundService.java:shutdown(141)) - Shutting down service StaleRecoveringContainerScrubbingService
2022-11-14 01:05:18,155 [Listener at 127.0.0.1/43447] INFO  statemachine.DatanodeStateMachine (DatanodeStateMachine.java:stopDaemon(593)) - Ozone container server stopped.
2022-11-14 01:05:18,164 [Listener at 127.0.0.1/43447] INFO  handler.ContextHandler (ContextHandler.java:doStop(1159)) - Stopped o.e.j.w.WebAppContext@6d5f9907{hddsDatanode,/,null,STOPPED}{jar:file:/home/runner/.m2/repository/org/apache/ozone/hdds-container-service/1.3.0-SNAPSHOT/hdds-container-service-1.3.0-SNAPSHOT.jar!/webapps/hddsDatanode}
2022-11-14 01:05:18,166 [Listener at 127.0.0.1/43447] INFO  server.AbstractConnector (AbstractConnector.java:doStop(383)) - Stopped ServerConnector@4468f64c{HTTP/1.1, (http/1.1)}{0.0.0.0:0}
2022-11-14 01:05:18,166 [Listener at 127.0.0.1/43447] INFO  server.session (HouseKeeper.java:stopScavenging(149)) - node0 Stopped scavenging
2022-11-14 01:05:18,167 [Listener at 127.0.0.1/43447] INFO  handler.ContextHandler (ContextHandler.java:doStop(1159)) - Stopped o.e.j.s.ServletContextHandler@4277c363{static,/static,jar:file:/home/runner/.m2/repository/org/apache/ozone/hdds-container-service/1.3.0-SNAPSHOT/hdds-container-service-1.3.0-SNAPSHOT.jar!/webapps/static,STOPPED}
2022-11-14 01:05:18,168 [Listener at 127.0.0.1/43447] INFO  handler.ContextHandler (ContextHandler.java:doStop(1159)) - Stopped o.e.j.s.ServletContextHandler@53418cc0{logs,/logs,file:///home/runner/work/ozone/ozone/hadoop-ozone/integration-test/target/log,STOPPED}
2022-11-14 01:05:18,176 [Listener at 127.0.0.1/43447] INFO  ozoneimpl.OzoneContainer (OzoneContainer.java:stop(400)) - Attempting to stop container services.
2022-11-14 01:05:18,177 [Listener at 127.0.0.1/43447] INFO  server.RaftServer (RaftServerProxy.java:lambda$close$6(409)) - 6d7210a4-52ae-4f69-8b98-4fa3950c6b17: close
2022-11-14 01:05:18,177 [6d7210a4-52ae-4f69-8b98-4fa3950c6b17-impl-thread1] INFO  server.RaftServer$Division (RaftServerImpl.java:lambda$close$4(458)) - 6d7210a4-52ae-4f69-8b98-4fa3950c6b17@group-B93C309DF681: shutdown
2022-11-14 01:05:18,177 [6d7210a4-52ae-4f69-8b98-4fa3950c6b17-impl-thread1] INFO  util.JmxRegister (JmxRegister.java:unregister(73)) - Successfully un-registered JMX Bean with object name Ratis:service=RaftServer,group=group-B93C309DF681,id=6d7210a4-52ae-4f69-8b98-4fa3950c6b17
2022-11-14 01:05:18,177 [6d7210a4-52ae-4f69-8b98-4fa3950c6b17-impl-thread1] INFO  impl.RoleInfo (RoleInfo.java:shutdownLeaderState(93)) - 6d7210a4-52ae-4f69-8b98-4fa3950c6b17: shutdown 6d7210a4-52ae-4f69-8b98-4fa3950c6b17@group-B93C309DF681-LeaderStateImpl
2022-11-14 01:05:18,177 [6d7210a4-52ae-4f69-8b98-4fa3950c6b17-impl-thread1] INFO  impl.PendingRequests (PendingRequests.java:sendNotLeaderResponses(282)) - 6d7210a4-52ae-4f69-8b98-4fa3950c6b17@group-B93C309DF681-PendingRequests: sendNotLeaderResponses
2022-11-14 01:05:18,178 [6d7210a4-52ae-4f69-8b98-4fa3950c6b17-impl-thread1] INFO  impl.StateMachineUpdater (StateMachineUpdater.java:stopAndJoin(153)) - 6d7210a4-52ae-4f69-8b98-4fa3950c6b17@group-B93C309DF681-StateMachineUpdater: set stopIndex = 0
2022-11-14 01:05:18,178 [6d7210a4-52ae-4f69-8b98-4fa3950c6b17@group-B93C309DF681->3ebe5f2d-7fe4-4d1b-9835-0749a91ddd88-GrpcLogAppender-LogAppenderDaemon] WARN  server.GrpcLogAppender (GrpcLogAppender.java:mayWait(200)) - 6d7210a4-52ae-4f69-8b98-4fa3950c6b17@group-B93C309DF681->3ebe5f2d-7fe4-4d1b-9835-0749a91ddd88-GrpcLogAppender: Wait interrupted by java.lang.InterruptedException
2022-11-14 01:05:18,178 [6d7210a4-52ae-4f69-8b98-4fa3950c6b17@group-B93C309DF681-StateMachineUpdater] INFO  ratis.ContainerStateMachine (ContainerStateMachine.java:takeSnapshot(304)) - group-B93C309DF681: Taking a snapshot at:(t:2, i:0) file /home/runner/work/ozone/ozone/hadoop-ozone/integration-test/target/test-dir/MiniOzoneClusterImpl-42f4391e-4969-4d67-80bf-65b59c0896c5/datanode-1/data/ratis/4a3b87c8-b214-4e29-bf5c-b93c309df681/sm/snapshot.2_0
2022-11-14 01:05:18,179 [grpc-default-executor-0] INFO  server.GrpcServerProtocolService (GrpcServerProtocolService.java:onCompleted(145)) - 3ebe5f2d-7fe4-4d1b-9835-0749a91ddd88: Completed APPEND_ENTRIES, lastRequest: null
2022-11-14 01:05:18,179 [grpc-default-executor-2] INFO  server.GrpcServerProtocolService (GrpcServerProtocolService.java:onCompleted(145)) - 3ebe5f2d-7fe4-4d1b-9835-0749a91ddd88: Completed APPEND_ENTRIES, lastRequest: 6d7210a4-52ae-4f69-8b98-4fa3950c6b17->3ebe5f2d-7fe4-4d1b-9835-0749a91ddd88#1-t2,previous=(t:0, i:0),leaderCommit=0,initializing? true,entries: size=1, first=(t:2, i:0), CONFIGURATIONENTRY(current:id: "64f2a322-bab2-49a6-bf14-d21796863fbb"
address: "10.1.0.33:36135"
clientAddress: "10.1.0.33:36135"
adminAddress: "10.1.0.33:36135"
startupRole: FOLLOWER
,id: "3ebe5f2d-7fe4-4d1b-9835-0749a91ddd88"
address: "10.1.0.33:36307"
clientAddress: "10.1.0.33:36307"
adminAddress: "10.1.0.33:36307"
startupRole: FOLLOWER
,id: "6d7210a4-52ae-4f69-8b98-4fa3950c6b17"
address: "10.1.0.33:42253"
priority: 1
clientAddress: "10.1.0.33:42253"
adminAddress: "10.1.0.33:42253"
startupRole: FOLLOWER
, old:)
2022-11-14 01:05:18,179 [6d7210a4-52ae-4f69-8b98-4fa3950c6b17@group-B93C309DF681-StateMachineUpdater] INFO  ratis.ContainerStateMachine (ContainerStateMachine.java:takeSnapshot(315)) - group-B93C309DF681: Finished taking a snapshot at:(t:2, i:0) file:/home/runner/work/ozone/ozone/hadoop-ozone/integration-test/target/test-dir/MiniOzoneClusterImpl-42f4391e-4969-4d67-80bf-65b59c0896c5/datanode-1/data/ratis/4a3b87c8-b214-4e29-bf5c-b93c309df681/sm/snapshot.2_0 took: 2 ms
2022-11-14 01:05:18,180 [6d7210a4-52ae-4f69-8b98-4fa3950c6b17@group-B93C309DF681-StateMachineUpdater] INFO  impl.StateMachineUpdater (StateMachineUpdater.java:takeSnapshot(287)) - 6d7210a4-52ae-4f69-8b98-4fa3950c6b17@group-B93C309DF681-StateMachineUpdater: Took a snapshot at index 0
2022-11-14 01:05:18,180 [6d7210a4-52ae-4f69-8b98-4fa3950c6b17@group-B93C309DF681-StateMachineUpdater] INFO  impl.StateMachineUpdater (StateMachineUpdater.java:lambda$new$0(92)) - 6d7210a4-52ae-4f69-8b98-4fa3950c6b17@group-B93C309DF681-StateMachineUpdater: snapshotIndex: updateIncreasingly -1 -> 0
2022-11-14 01:05:18,180 [6d7210a4-52ae-4f69-8b98-4fa3950c6b17-impl-thread1] INFO  server.RaftServer$Division (ServerState.java:close(466)) - 6d7210a4-52ae-4f69-8b98-4fa3950c6b17@group-B93C309DF681: closes. applyIndex: 0
2022-11-14 01:05:18,188 [grpc-default-executor-4] INFO  server.GrpcLogAppender (GrpcLogAppender.java:onCompleted(415)) - 6d7210a4-52ae-4f69-8b98-4fa3950c6b17@group-B93C309DF681->3ebe5f2d-7fe4-4d1b-9835-0749a91ddd88-AppendLogResponseHandler: follower responses appendEntries COMPLETED
2022-11-14 01:05:18,188 [grpc-default-executor-4] INFO  leader.FollowerInfo (FollowerInfoImpl.java:lambda$new$0(48)) - 6d7210a4-52ae-4f69-8b98-4fa3950c6b17@group-B93C309DF681->3ebe5f2d-7fe4-4d1b-9835-0749a91ddd88: nextIndex: updateUnconditionally 1 -> 0
2022-11-14 01:05:18,189 [grpc-default-executor-3] INFO  server.GrpcLogAppender (GrpcLogAppender.java:onCompleted(415)) - 6d7210a4-52ae-4f69-8b98-4fa3950c6b17@group-B93C309DF681->3ebe5f2d-7fe4-4d1b-9835-0749a91ddd88-AppendLogResponseHandler: follower responses appendEntries COMPLETED
2022-11-14 01:05:18,189 [grpc-default-executor-3] INFO  leader.FollowerInfo (FollowerInfoImpl.java:lambda$new$0(48)) - 6d7210a4-52ae-4f69-8b98-4fa3950c6b17@group-B93C309DF681->3ebe5f2d-7fe4-4d1b-9835-0749a91ddd88: nextIndex: updateUnconditionally 0 -> 0
2022-11-14 01:05:18,194 [6d7210a4-52ae-4f69-8b98-4fa3950c6b17@group-B93C309DF681-SegmentedRaftLogWorker] INFO  segmented.SegmentedRaftLogWorker (SegmentedRaftLogWorker.java:run(345)) - 6d7210a4-52ae-4f69-8b98-4fa3950c6b17@group-B93C309DF681-SegmentedRaftLogWorker was interrupted, exiting. There are 0 tasks remaining in the queue.
2022-11-14 01:05:18,194 [6d7210a4-52ae-4f69-8b98-4fa3950c6b17-impl-thread2] INFO  server.RaftServer$Division (RaftServerImpl.java:lambda$close$4(458)) - 6d7210a4-52ae-4f69-8b98-4fa3950c6b17@group-2A9E3E468B9F: shutdown
2022-11-14 01:05:18,195 [6d7210a4-52ae-4f69-8b98-4fa3950c6b17-impl-thread2] INFO  util.JmxRegister (JmxRegister.java:unregister(73)) - Successfully un-registered JMX Bean with object name Ratis:service=RaftServer,group=group-2A9E3E468B9F,id=6d7210a4-52ae-4f69-8b98-4fa3950c6b17
2022-11-14 01:05:18,195 [6d7210a4-52ae-4f69-8b98-4fa3950c6b17-impl-thread2] INFO  impl.RoleInfo (RoleInfo.java:shutdownLeaderState(93)) - 6d7210a4-52ae-4f69-8b98-4fa3950c6b17: shutdown 6d7210a4-52ae-4f69-8b98-4fa3950c6b17@group-2A9E3E468B9F-LeaderStateImpl
2022-11-14 01:05:18,195 [6d7210a4-52ae-4f69-8b98-4fa3950c6b17-impl-thread2] INFO  impl.PendingRequests (PendingRequests.java:sendNotLeaderResponses(282)) - 6d7210a4-52ae-4f69-8b98-4fa3950c6b17@group-2A9E3E468B9F-PendingRequests: sendNotLeaderResponses
2022-11-14 01:05:18,195 [6d7210a4-52ae-4f69-8b98-4fa3950c6b17@group-2A9E3E468B9F-StateMachineUpdater] INFO  ratis.ContainerStateMachine (ContainerStateMachine.java:takeSnapshot(304)) - group-2A9E3E468B9F: Taking a snapshot at:(t:1, i:0) file /home/runner/work/ozone/ozone/hadoop-ozone/integration-test/target/test-dir/MiniOzoneClusterImpl-42f4391e-4969-4d67-80bf-65b59c0896c5/datanode-1/data/ratis/7eae033a-3a61-4160-bb3c-2a9e3e468b9f/sm/snapshot.1_0
2022-11-14 01:05:18,195 [6d7210a4-52ae-4f69-8b98-4fa3950c6b17-impl-thread2] INFO  impl.StateMachineUpdater (StateMachineUpdater.java:stopAndJoin(153)) - 6d7210a4-52ae-4f69-8b98-4fa3950c6b17@group-2A9E3E468B9F-StateMachineUpdater: set stopIndex = 0
2022-11-14 01:05:18,196 [Listener at 127.0.0.1/43447] INFO  server.GrpcService (GrpcService.java:closeImpl(279)) - 6d7210a4-52ae-4f69-8b98-4fa3950c6b17: shutdown server GrpcServerProtocolService now
2022-11-14 01:05:18,202 [6d7210a4-52ae-4f69-8b98-4fa3950c6b17-impl-thread1] INFO  segmented.SegmentedRaftLogWorker (SegmentedRaftLogWorker.java:close(255)) - 6d7210a4-52ae-4f69-8b98-4fa3950c6b17@group-B93C309DF681-SegmentedRaftLogWorker close()
2022-11-14 01:05:18,202 [6d7210a4-52ae-4f69-8b98-4fa3950c6b17@group-2A9E3E468B9F-StateMachineUpdater] INFO  ratis.ContainerStateMachine (ContainerStateMachine.java:takeSnapshot(315)) - group-2A9E3E468B9F: Finished taking a snapshot at:(t:1, i:0) file:/home/runner/work/ozone/ozone/hadoop-ozone/integration-test/target/test-dir/MiniOzoneClusterImpl-42f4391e-4969-4d67-80bf-65b59c0896c5/datanode-1/data/ratis/7eae033a-3a61-4160-bb3c-2a9e3e468b9f/sm/snapshot.1_0 took: 6 ms
2022-11-14 01:05:18,204 [6d7210a4-52ae-4f69-8b98-4fa3950c6b17@group-2A9E3E468B9F-StateMachineUpdater] INFO  impl.StateMachineUpdater (StateMachineUpdater.java:takeSnapshot(287)) - 6d7210a4-52ae-4f69-8b98-4fa3950c6b17@group-2A9E3E468B9F-StateMachineUpdater: Took a snapshot at index 0
2022-11-14 01:05:18,204 [6d7210a4-52ae-4f69-8b98-4fa3950c6b17@group-2A9E3E468B9F-StateMachineUpdater] INFO  impl.StateMachineUpdater (StateMachineUpdater.java:lambda$new$0(92)) - 6d7210a4-52ae-4f69-8b98-4fa3950c6b17@group-2A9E3E468B9F-StateMachineUpdater: snapshotIndex: updateIncreasingly -1 -> 0
2022-11-14 01:05:18,204 [6d7210a4-52ae-4f69-8b98-4fa3950c6b17-impl-thread3] INFO  server.RaftServer$Division (RaftServerImpl.java:lambda$close$4(458)) - 6d7210a4-52ae-4f69-8b98-4fa3950c6b17@group-602CA8FC85E9: shutdown
2022-11-14 01:05:18,204 [6d7210a4-52ae-4f69-8b98-4fa3950c6b17-impl-thread3] INFO  util.JmxRegister (JmxRegister.java:unregister(73)) - Successfully un-registered JMX Bean with object name Ratis:service=RaftServer,group=group-602CA8FC85E9,id=6d7210a4-52ae-4f69-8b98-4fa3950c6b17
2022-11-14 01:05:18,205 [6d7210a4-52ae-4f69-8b98-4fa3950c6b17-impl-thread3] INFO  impl.RoleInfo (RoleInfo.java:shutdownFollowerState(110)) - 6d7210a4-52ae-4f69-8b98-4fa3950c6b17: shutdown 6d7210a4-52ae-4f69-8b98-4fa3950c6b17@group-602CA8FC85E9-FollowerState
2022-11-14 01:05:18,205 [6d7210a4-52ae-4f69-8b98-4fa3950c6b17-impl-thread3] INFO  impl.StateMachineUpdater (StateMachineUpdater.java:stopAndJoin(153)) - 6d7210a4-52ae-4f69-8b98-4fa3950c6b17@group-602CA8FC85E9-StateMachineUpdater: set stopIndex = 0
2022-11-14 01:05:18,206 [6d7210a4-52ae-4f69-8b98-4fa3950c6b17@group-602CA8FC85E9-FollowerState] INFO  impl.FollowerState (FollowerState.java:run(152)) - 6d7210a4-52ae-4f69-8b98-4fa3950c6b17@group-602CA8FC85E9-FollowerState was interrupted
2022-11-14 01:05:18,206 [6d7210a4-52ae-4f69-8b98-4fa3950c6b17@group-602CA8FC85E9-StateMachineUpdater] INFO  ratis.ContainerStateMachine (ContainerStateMachine.java:takeSnapshot(304)) - group-602CA8FC85E9: Taking a snapshot at:(t:2, i:0) file /home/runner/work/ozone/ozone/hadoop-ozone/integration-test/target/test-dir/MiniOzoneClusterImpl-42f4391e-4969-4d67-80bf-65b59c0896c5/datanode-1/data/ratis/30370e2e-80d1-4efe-b890-602ca8fc85e9/sm/snapshot.2_0
2022-11-14 01:05:18,207 [grpc-default-executor-1] WARN  server.GrpcServerProtocolService (LogUtils.java:warn(122)) - 6d7210a4-52ae-4f69-8b98-4fa3950c6b17: installSnapshot onError, lastRequest: null: org.apache.ratis.thirdparty.io.grpc.StatusRuntimeException: CANCELLED: client cancelled
2022-11-14 01:05:18,207 [grpc-default-executor-4] WARN  server.GrpcLogAppender (LogUtils.java:warn(122)) - 3ebe5f2d-7fe4-4d1b-9835-0749a91ddd88@group-602CA8FC85E9->6d7210a4-52ae-4f69-8b98-4fa3950c6b17-AppendLogResponseHandler: Failed appendEntries: org.apache.ratis.thirdparty.io.grpc.StatusRuntimeException: CANCELLED: RST_STREAM closed stream. HTTP/2 error code: CANCEL
2022-11-14 01:05:18,207 [grpc-default-executor-4] WARN  server.GrpcLogAppender (GrpcLogAppender.java:resetClient(131)) - 3ebe5f2d-7fe4-4d1b-9835-0749a91ddd88@group-602CA8FC85E9->6d7210a4-52ae-4f69-8b98-4fa3950c6b17-GrpcLogAppender: Leader has not got in touch with Follower 3ebe5f2d-7fe4-4d1b-9835-0749a91ddd88@group-602CA8FC85E9->6d7210a4-52ae-4f69-8b98-4fa3950c6b17(c0,m0,n1, attendVote=true, lastRpcSendTime=2472, lastRpcResponseTime=2428) yet, just keep nextIndex unchanged and retry.
2022-11-14 01:05:18,207 [grpc-default-executor-3] WARN  server.GrpcServerProtocolService (LogUtils.java:warn(122)) - 6d7210a4-52ae-4f69-8b98-4fa3950c6b17: installSnapshot onError, lastRequest: 3ebe5f2d-7fe4-4d1b-9835-0749a91ddd88->6d7210a4-52ae-4f69-8b98-4fa3950c6b17#1-t2,previous=(t:0, i:0),leaderCommit=0,initializing? true,entries: size=1, first=(t:2, i:0), CONFIGURATIONENTRY(current:id: "64f2a322-bab2-49a6-bf14-d21796863fbb"
address: "10.1.0.33:36135"
clientAddress: "10.1.0.33:36135"
adminAddress: "10.1.0.33:36135"
startupRole: FOLLOWER
,id: "3ebe5f2d-7fe4-4d1b-9835-0749a91ddd88"
address: "10.1.0.33:36307"
priority: 1
clientAddress: "10.1.0.33:36307"
adminAddress: "10.1.0.33:36307"
startupRole: FOLLOWER
,id: "6d7210a4-52ae-4f69-8b98-4fa3950c6b17"
address: "10.1.0.33:42253"
clientAddress: "10.1.0.33:42253"
adminAddress: "10.1.0.33:42253"
startupRole: FOLLOWER
, old:): org.apache.ratis.thirdparty.io.grpc.StatusRuntimeException: CANCELLED: client cancelled
2022-11-14 01:05:18,208 [6d7210a4-52ae-4f69-8b98-4fa3950c6b17@group-602CA8FC85E9-StateMachineUpdater] INFO  ratis.ContainerStateMachine (ContainerStateMachine.java:takeSnapshot(315)) - group-602CA8FC85E9: Finished taking a snapshot at:(t:2, i:0) file:/home/runner/work/ozone/ozone/hadoop-ozone/integration-test/target/test-dir/MiniOzoneClusterImpl-42f4391e-4969-4d67-80bf-65b59c0896c5/datanode-1/data/ratis/30370e2e-80d1-4efe-b890-602ca8fc85e9/sm/snapshot.2_0 took: 1 ms
2022-11-14 01:05:18,208 [6d7210a4-52ae-4f69-8b98-4fa3950c6b17@group-602CA8FC85E9-StateMachineUpdater] INFO  impl.StateMachineUpdater (StateMachineUpdater.java:takeSnapshot(287)) - 6d7210a4-52ae-4f69-8b98-4fa3950c6b17@group-602CA8FC85E9-StateMachineUpdater: Took a snapshot at index 0
2022-11-14 01:05:18,208 [6d7210a4-52ae-4f69-8b98-4fa3950c6b17@group-602CA8FC85E9-StateMachineUpdater] INFO  impl.StateMachineUpdater (StateMachineUpdater.java:lambda$new$0(92)) - 6d7210a4-52ae-4f69-8b98-4fa3950c6b17@group-602CA8FC85E9-StateMachineUpdater: snapshotIndex: updateIncreasingly -1 -> 0
2022-11-14 01:05:18,208 [6d7210a4-52ae-4f69-8b98-4fa3950c6b17-impl-thread3] INFO  server.RaftServer$Division (ServerState.java:close(466)) - 6d7210a4-52ae-4f69-8b98-4fa3950c6b17@group-602CA8FC85E9: closes. applyIndex: 0
2022-11-14 01:05:18,209 [6d7210a4-52ae-4f69-8b98-4fa3950c6b17@group-602CA8FC85E9-SegmentedRaftLogWorker] INFO  segmented.SegmentedRaftLogWorker (SegmentedRaftLogWorker.java:run(345)) - 6d7210a4-52ae-4f69-8b98-4fa3950c6b17@group-602CA8FC85E9-SegmentedRaftLogWorker was interrupted, exiting. There are 0 tasks remaining in the queue.
2022-11-14 01:05:18,209 [grpc-default-executor-3] WARN  server.GrpcLogAppender (LogUtils.java:warn(122)) - 3ebe5f2d-7fe4-4d1b-9835-0749a91ddd88@group-602CA8FC85E9->6d7210a4-52ae-4f69-8b98-4fa3950c6b17-AppendLogResponseHandler: Failed appendEntries: org.apache.ratis.thirdparty.io.grpc.StatusRuntimeException: CANCELLED: RST_STREAM closed stream. HTTP/2 error code: CANCEL
2022-11-14 01:05:18,209 [grpc-default-executor-3] WARN  server.GrpcLogAppender (GrpcLogAppender.java:resetClient(131)) - 3ebe5f2d-7fe4-4d1b-9835-0749a91ddd88@group-602CA8FC85E9->6d7210a4-52ae-4f69-8b98-4fa3950c6b17-GrpcLogAppender: Leader has not got in touch with Follower 3ebe5f2d-7fe4-4d1b-9835-0749a91ddd88@group-602CA8FC85E9->6d7210a4-52ae-4f69-8b98-4fa3950c6b17(c0,m0,n1, attendVote=true, lastRpcSendTime=2474, lastRpcResponseTime=2430) yet, just keep nextIndex unchanged and retry.
2022-11-14 01:05:18,209 [6d7210a4-52ae-4f69-8b98-4fa3950c6b17-impl-thread2] INFO  server.RaftServer$Division (ServerState.java:close(466)) - 6d7210a4-52ae-4f69-8b98-4fa3950c6b17@group-2A9E3E468B9F: closes. applyIndex: 0
2022-11-14 01:05:18,209 [6d7210a4-52ae-4f69-8b98-4fa3950c6b17@group-2A9E3E468B9F-SegmentedRaftLogWorker] INFO  segmented.SegmentedRaftLogWorker (SegmentedRaftLogWorker.java:run(345)) - 6d7210a4-52ae-4f69-8b98-4fa3950c6b17@group-2A9E3E468B9F-SegmentedRaftLogWorker was interrupted, exiting. There are 0 tasks remaining in the queue.
2022-11-14 01:05:18,212 [Listener at 127.0.0.1/43447] INFO  server.GrpcServerProtocolClient (GrpcServerProtocolClient.java:close(111)) - 64f2a322-bab2-49a6-bf14-d21796863fbb Close channels
2022-11-14 01:05:18,214 [6d7210a4-52ae-4f69-8b98-4fa3950c6b17-impl-thread3] INFO  segmented.SegmentedRaftLogWorker (SegmentedRaftLogWorker.java:close(255)) - 6d7210a4-52ae-4f69-8b98-4fa3950c6b17@group-602CA8FC85E9-SegmentedRaftLogWorker close()
2022-11-14 01:05:18,215 [6d7210a4-52ae-4f69-8b98-4fa3950c6b17-impl-thread2] INFO  segmented.SegmentedRaftLogWorker (SegmentedRaftLogWorker.java:close(255)) - 6d7210a4-52ae-4f69-8b98-4fa3950c6b17@group-2A9E3E468B9F-SegmentedRaftLogWorker close()
2022-11-14 01:05:18,217 [Listener at 127.0.0.1/43447] INFO  server.GrpcServerProtocolClient (GrpcServerProtocolClient.java:close(111)) - 3ebe5f2d-7fe4-4d1b-9835-0749a91ddd88 Close channels
2022-11-14 01:05:18,225 [Listener at 127.0.0.1/43447] INFO  server.GrpcService (GrpcService.java:closeImpl(288)) - 6d7210a4-52ae-4f69-8b98-4fa3950c6b17: shutdown server GrpcServerProtocolService successfully
2022-11-14 01:05:18,225 [JvmPauseMonitor9] INFO  util.JvmPauseMonitor (JvmPauseMonitor.java:run(111)) - JvmPauseMonitor-6d7210a4-52ae-4f69-8b98-4fa3950c6b17: Stopped
2022-11-14 01:05:18,280 [grpc-default-executor-4] WARN  server.GrpcLogAppender (LogUtils.java:warn(122)) - 3ebe5f2d-7fe4-4d1b-9835-0749a91ddd88@group-602CA8FC85E9->64f2a322-bab2-49a6-bf14-d21796863fbb-AppendLogResponseHandler: Failed appendEntries: org.apache.ratis.thirdparty.io.grpc.StatusRuntimeException: UNAVAILABLE: io exception
2022-11-14 01:05:18,283 [grpc-default-executor-3] WARN  server.GrpcLogAppender (LogUtils.java:warn(122)) - 3ebe5f2d-7fe4-4d1b-9835-0749a91ddd88@group-602CA8FC85E9->64f2a322-bab2-49a6-bf14-d21796863fbb-AppendLogResponseHandler: Failed appendEntries: org.apache.ratis.thirdparty.io.grpc.StatusRuntimeException: UNAVAILABLE: io exception
2022-11-14 01:05:18,283 [grpc-default-executor-4] WARN  server.GrpcLogAppender (GrpcLogAppender.java:resetClient(131)) - 3ebe5f2d-7fe4-4d1b-9835-0749a91ddd88@group-602CA8FC85E9->64f2a322-bab2-49a6-bf14-d21796863fbb-GrpcLogAppender: Leader has not got in touch with Follower 3ebe5f2d-7fe4-4d1b-9835-0749a91ddd88@group-602CA8FC85E9->64f2a322-bab2-49a6-bf14-d21796863fbb(c0,m0,n1, attendVote=true, lastRpcSendTime=0, lastRpcResponseTime=2508) yet, just keep nextIndex unchanged and retry.
2022-11-14 01:05:18,285 [grpc-default-executor-3] WARN  server.GrpcLogAppender (GrpcLogAppender.java:resetClient(131)) - 3ebe5f2d-7fe4-4d1b-9835-0749a91ddd88@group-602CA8FC85E9->64f2a322-bab2-49a6-bf14-d21796863fbb-GrpcLogAppender: Leader has not got in touch with Follower 3ebe5f2d-7fe4-4d1b-9835-0749a91ddd88@group-602CA8FC85E9->64f2a322-bab2-49a6-bf14-d21796863fbb(c0,m0,n1, attendVote=true, lastRpcSendTime=2, lastRpcResponseTime=2510) yet, just keep nextIndex unchanged and retry.
2022-11-14 01:05:18,287 [grpc-default-executor-3] WARN  server.GrpcLogAppender (LogUtils.java:warn(122)) - 3ebe5f2d-7fe4-4d1b-9835-0749a91ddd88@group-602CA8FC85E9->6d7210a4-52ae-4f69-8b98-4fa3950c6b17-AppendLogResponseHandler: Failed appendEntries: org.apache.ratis.thirdparty.io.grpc.StatusRuntimeException: UNAVAILABLE: io exception
2022-11-14 01:05:18,287 [grpc-default-executor-3] WARN  server.GrpcLogAppender (GrpcLogAppender.java:resetClient(131)) - 3ebe5f2d-7fe4-4d1b-9835-0749a91ddd88@group-602CA8FC85E9->6d7210a4-52ae-4f69-8b98-4fa3950c6b17-GrpcLogAppender: Leader has not got in touch with Follower 3ebe5f2d-7fe4-4d1b-9835-0749a91ddd88@group-602CA8FC85E9->6d7210a4-52ae-4f69-8b98-4fa3950c6b17(c0,m0,n1, attendVote=true, lastRpcSendTime=2552, lastRpcResponseTime=2508) yet, just keep nextIndex unchanged and retry.
2022-11-14 01:05:18,287 [grpc-default-executor-3] WARN  server.GrpcLogAppender (LogUtils.java:warn(122)) - 3ebe5f2d-7fe4-4d1b-9835-0749a91ddd88@group-602CA8FC85E9->6d7210a4-52ae-4f69-8b98-4fa3950c6b17-AppendLogResponseHandler: Failed appendEntries: org.apache.ratis.thirdparty.io.grpc.StatusRuntimeException: UNAVAILABLE: io exception
2022-11-14 01:05:18,288 [grpc-default-executor-2] WARN  server.GrpcLogAppender (LogUtils.java:warn(122)) - 3ebe5f2d-7fe4-4d1b-9835-0749a91ddd88@group-602CA8FC85E9->6d7210a4-52ae-4f69-8b98-4fa3950c6b17-AppendLogResponseHandler: Failed appendEntries: org.apache.ratis.thirdparty.io.grpc.StatusRuntimeException: UNAVAILABLE: io exception
2022-11-14 01:05:18,288 [grpc-default-executor-1] WARN  server.GrpcLogAppender (LogUtils.java:warn(122)) - 3ebe5f2d-7fe4-4d1b-9835-0749a91ddd88@group-602CA8FC85E9->6d7210a4-52ae-4f69-8b98-4fa3950c6b17-AppendLogResponseHandler: Failed appendEntries: org.apache.ratis.thirdparty.io.grpc.StatusRuntimeException: UNAVAILABLE: io exception
2022-11-14 01:05:18,288 [grpc-default-executor-3] WARN  server.GrpcLogAppender (GrpcLogAppender.java:resetClient(131)) - 3ebe5f2d-7fe4-4d1b-9835-0749a91ddd88@group-602CA8FC85E9->6d7210a4-52ae-4f69-8b98-4fa3950c6b17-GrpcLogAppender: Leader has not got in touch with Follower 3ebe5f2d-7fe4-4d1b-9835-0749a91ddd88@group-602CA8FC85E9->6d7210a4-52ae-4f69-8b98-4fa3950c6b17(c0,m0,n1, attendVote=true, lastRpcSendTime=2553, lastRpcResponseTime=2510) yet, just keep nextIndex unchanged and retry.
2022-11-14 01:05:18,289 [grpc-default-executor-2] WARN  server.GrpcLogAppender (GrpcLogAppender.java:resetClient(131)) - 3ebe5f2d-7fe4-4d1b-9835-0749a91ddd88@group-602CA8FC85E9->6d7210a4-52ae-4f69-8b98-4fa3950c6b17-GrpcLogAppender: Leader has not got in touch with Follower 3ebe5f2d-7fe4-4d1b-9835-0749a91ddd88@group-602CA8FC85E9->6d7210a4-52ae-4f69-8b98-4fa3950c6b17(c0,m0,n1, attendVote=true, lastRpcSendTime=2553, lastRpcResponseTime=2510) yet, just keep nextIndex unchanged and retry.
2022-11-14 01:05:18,289 [grpc-default-executor-1] WARN  server.GrpcLogAppender (GrpcLogAppender.java:resetClient(131)) - 3ebe5f2d-7fe4-4d1b-9835-0749a91ddd88@group-602CA8FC85E9->6d7210a4-52ae-4f69-8b98-4fa3950c6b17-GrpcLogAppender: Leader has not got in touch with Follower 3ebe5f2d-7fe4-4d1b-9835-0749a91ddd88@group-602CA8FC85E9->6d7210a4-52ae-4f69-8b98-4fa3950c6b17(c0,m0,n1, attendVote=true, lastRpcSendTime=2554, lastRpcResponseTime=2510) yet, just keep nextIndex unchanged and retry.
2022-11-14 01:05:18,290 [grpc-default-executor-3] WARN  server.GrpcLogAppender (LogUtils.java:warn(122)) - 3ebe5f2d-7fe4-4d1b-9835-0749a91ddd88@group-602CA8FC85E9->6d7210a4-52ae-4f69-8b98-4fa3950c6b17-AppendLogResponseHandler: Failed appendEntries: org.apache.ratis.thirdparty.io.grpc.StatusRuntimeException: UNAVAILABLE: io exception
2022-11-14 01:05:18,290 [grpc-default-executor-1] WARN  server.GrpcLogAppender (LogUtils.java:warn(122)) - 3ebe5f2d-7fe4-4d1b-9835-0749a91ddd88@group-602CA8FC85E9->6d7210a4-52ae-4f69-8b98-4fa3950c6b17-AppendLogResponseHandler: Failed appendEntries: org.apache.ratis.thirdparty.io.grpc.StatusRuntimeException: UNAVAILABLE: io exception
2022-11-14 01:05:18,291 [grpc-default-executor-3] WARN  server.GrpcLogAppender (GrpcLogAppender.java:resetClient(131)) - 3ebe5f2d-7fe4-4d1b-9835-0749a91ddd88@group-602CA8FC85E9->6d7210a4-52ae-4f69-8b98-4fa3950c6b17-GrpcLogAppender: Leader has not got in touch with Follower 3ebe5f2d-7fe4-4d1b-9835-0749a91ddd88@group-602CA8FC85E9->6d7210a4-52ae-4f69-8b98-4fa3950c6b17(c0,m0,n1, attendVote=true, lastRpcSendTime=2, lastRpcResponseTime=2512) yet, just keep nextIndex unchanged and retry.
2022-11-14 01:05:18,291 [grpc-default-executor-1] WARN  server.GrpcLogAppender (GrpcLogAppender.java:resetClient(131)) - 3ebe5f2d-7fe4-4d1b-9835-0749a91ddd88@group-602CA8FC85E9->6d7210a4-52ae-4f69-8b98-4fa3950c6b17-GrpcLogAppender: Leader has not got in touch with Follower 3ebe5f2d-7fe4-4d1b-9835-0749a91ddd88@group-602CA8FC85E9->6d7210a4-52ae-4f69-8b98-4fa3950c6b17(c0,m0,n1, attendVote=true, lastRpcSendTime=2, lastRpcResponseTime=2513) yet, just keep nextIndex unchanged and retry.
2022-11-14 01:05:19,533 [grpc-default-executor-3] WARN  server.GrpcLogAppender (LogUtils.java:warn(122)) - 3ebe5f2d-7fe4-4d1b-9835-0749a91ddd88@group-602CA8FC85E9->64f2a322-bab2-49a6-bf14-d21796863fbb-AppendLogResponseHandler: Failed appendEntries: org.apache.ratis.thirdparty.io.grpc.StatusRuntimeException: UNAVAILABLE: io exception
2022-11-14 01:05:19,534 [grpc-default-executor-3] WARN  server.GrpcLogAppender (GrpcLogAppender.java:resetClient(131)) - 3ebe5f2d-7fe4-4d1b-9835-0749a91ddd88@group-602CA8FC85E9->64f2a322-bab2-49a6-bf14-d21796863fbb-GrpcLogAppender: Leader has not got in touch with Follower 3ebe5f2d-7fe4-4d1b-9835-0749a91ddd88@group-602CA8FC85E9->64f2a322-bab2-49a6-bf14-d21796863fbb(c0,m0,n1, attendVote=true, lastRpcSendTime=1251, lastRpcResponseTime=3759) yet, just keep nextIndex unchanged and retry.
2022-11-14 01:05:19,535 [grpc-default-executor-1] WARN  server.GrpcLogAppender (LogUtils.java:warn(122)) - 3ebe5f2d-7fe4-4d1b-9835-0749a91ddd88@group-602CA8FC85E9->64f2a322-bab2-49a6-bf14-d21796863fbb-AppendLogResponseHandler: Failed appendEntries: org.apache.ratis.thirdparty.io.grpc.StatusRuntimeException: UNAVAILABLE: io exception
2022-11-14 01:05:19,535 [grpc-default-executor-1] WARN  server.GrpcLogAppender (GrpcLogAppender.java:resetClient(131)) - 3ebe5f2d-7fe4-4d1b-9835-0749a91ddd88@group-602CA8FC85E9->64f2a322-bab2-49a6-bf14-d21796863fbb-GrpcLogAppender: Leader has not got in touch with Follower 3ebe5f2d-7fe4-4d1b-9835-0749a91ddd88@group-602CA8FC85E9->64f2a322-bab2-49a6-bf14-d21796863fbb(c0,m0,n1, attendVote=true, lastRpcSendTime=1252, lastRpcResponseTime=3760) yet, just keep nextIndex unchanged and retry.
2022-11-14 01:05:19,539 [grpc-default-executor-1] WARN  server.GrpcLogAppender (LogUtils.java:warn(122)) - 3ebe5f2d-7fe4-4d1b-9835-0749a91ddd88@group-602CA8FC85E9->64f2a322-bab2-49a6-bf14-d21796863fbb-AppendLogResponseHandler: Failed appendEntries: org.apache.ratis.thirdparty.io.grpc.StatusRuntimeException: UNAVAILABLE: io exception
2022-11-14 01:05:19,539 [grpc-default-executor-3] WARN  server.GrpcLogAppender (LogUtils.java:warn(122)) - 3ebe5f2d-7fe4-4d1b-9835-0749a91ddd88@group-602CA8FC85E9->64f2a322-bab2-49a6-bf14-d21796863fbb-AppendLogResponseHandler: Failed appendEntries: org.apache.ratis.thirdparty.io.grpc.StatusRuntimeException: UNAVAILABLE: io exception
2022-11-14 01:05:19,540 [grpc-default-executor-1] WARN  server.GrpcLogAppender (GrpcLogAppender.java:resetClient(131)) - 3ebe5f2d-7fe4-4d1b-9835-0749a91ddd88@group-602CA8FC85E9->64f2a322-bab2-49a6-bf14-d21796863fbb-GrpcLogAppender: Leader has not got in touch with Follower 3ebe5f2d-7fe4-4d1b-9835-0749a91ddd88@group-602CA8FC85E9->64f2a322-bab2-49a6-bf14-d21796863fbb(c0,m0,n1, attendVote=true, lastRpcSendTime=0, lastRpcResponseTime=3764) yet, just keep nextIndex unchanged and retry.
2022-11-14 01:05:19,541 [grpc-default-executor-3] WARN  server.GrpcLogAppender (GrpcLogAppender.java:resetClient(131)) - 3ebe5f2d-7fe4-4d1b-9835-0749a91ddd88@group-602CA8FC85E9->64f2a322-bab2-49a6-bf14-d21796863fbb-GrpcLogAppender: Leader has not got in touch with Follower 3ebe5f2d-7fe4-4d1b-9835-0749a91ddd88@group-602CA8FC85E9->64f2a322-bab2-49a6-bf14-d21796863fbb(c0,m0,n1, attendVote=true, lastRpcSendTime=1, lastRpcResponseTime=3765) yet, just keep nextIndex unchanged and retry.
2022-11-14 01:05:19,543 [grpc-default-executor-3] WARN  server.GrpcLogAppender (LogUtils.java:warn(122)) - 3ebe5f2d-7fe4-4d1b-9835-0749a91ddd88@group-602CA8FC85E9->6d7210a4-52ae-4f69-8b98-4fa3950c6b17-AppendLogResponseHandler: Failed appendEntries: org.apache.ratis.thirdparty.io.grpc.StatusRuntimeException: UNAVAILABLE: io exception
2022-11-14 01:05:19,543 [grpc-default-executor-1] WARN  server.GrpcLogAppender (LogUtils.java:warn(122)) - 3ebe5f2d-7fe4-4d1b-9835-0749a91ddd88@group-602CA8FC85E9->6d7210a4-52ae-4f69-8b98-4fa3950c6b17-AppendLogResponseHandler: Failed appendEntries: org.apache.ratis.thirdparty.io.grpc.StatusRuntimeException: UNAVAILABLE: io exception
2022-11-14 01:05:19,544 [grpc-default-executor-3] WARN  server.GrpcLogAppender (GrpcLogAppender.java:resetClient(131)) - 3ebe5f2d-7fe4-4d1b-9835-0749a91ddd88@group-602CA8FC85E9->6d7210a4-52ae-4f69-8b98-4fa3950c6b17-GrpcLogAppender: Leader has not got in touch with Follower 3ebe5f2d-7fe4-4d1b-9835-0749a91ddd88@group-602CA8FC85E9->6d7210a4-52ae-4f69-8b98-4fa3950c6b17(c0,m0,n1, attendVote=true, lastRpcSendTime=1254, lastRpcResponseTime=3765) yet, just keep nextIndex unchanged and retry.
2022-11-14 01:05:19,544 [grpc-default-executor-1] WARN  server.GrpcLogAppender (GrpcLogAppender.java:resetClient(131)) - 3ebe5f2d-7fe4-4d1b-9835-0749a91ddd88@group-602CA8FC85E9->6d7210a4-52ae-4f69-8b98-4fa3950c6b17-GrpcLogAppender: Leader has not got in touch with Follower 3ebe5f2d-7fe4-4d1b-9835-0749a91ddd88@group-602CA8FC85E9->6d7210a4-52ae-4f69-8b98-4fa3950c6b17(c0,m0,n1, attendVote=true, lastRpcSendTime=1254, lastRpcResponseTime=3765) yet, just keep nextIndex unchanged and retry.
2022-11-14 01:05:19,545 [grpc-default-executor-1] WARN  server.GrpcLogAppender (LogUtils.java:warn(122)) - 3ebe5f2d-7fe4-4d1b-9835-0749a91ddd88@group-602CA8FC85E9->6d7210a4-52ae-4f69-8b98-4fa3950c6b17-AppendLogResponseHandler: Failed appendEntries: org.apache.ratis.thirdparty.io.grpc.StatusRuntimeException: UNAVAILABLE: io exception
2022-11-14 01:05:19,545 [grpc-default-executor-3] WARN  server.GrpcLogAppender (LogUtils.java:warn(122)) - 3ebe5f2d-7fe4-4d1b-9835-0749a91ddd88@group-602CA8FC85E9->6d7210a4-52ae-4f69-8b98-4fa3950c6b17-AppendLogResponseHandler: Failed appendEntries: org.apache.ratis.thirdparty.io.grpc.StatusRuntimeException: UNAVAILABLE: io exception
2022-11-14 01:05:19,545 [grpc-default-executor-1] WARN  server.GrpcLogAppender (GrpcLogAppender.java:resetClient(131)) - 3ebe5f2d-7fe4-4d1b-9835-0749a91ddd88@group-602CA8FC85E9->6d7210a4-52ae-4f69-8b98-4fa3950c6b17-GrpcLogAppender: Leader has not got in touch with Follower 3ebe5f2d-7fe4-4d1b-9835-0749a91ddd88@group-602CA8FC85E9->6d7210a4-52ae-4f69-8b98-4fa3950c6b17(c0,m0,n1, attendVote=true, lastRpcSendTime=0, lastRpcResponseTime=3766) yet, just keep nextIndex unchanged and retry.
2022-11-14 01:05:19,546 [grpc-default-executor-3] WARN  server.GrpcLogAppender (GrpcLogAppender.java:resetClient(131)) - 3ebe5f2d-7fe4-4d1b-9835-0749a91ddd88@group-602CA8FC85E9->6d7210a4-52ae-4f69-8b98-4fa3950c6b17-GrpcLogAppender: Leader has not got in touch with Follower 3ebe5f2d-7fe4-4d1b-9835-0749a91ddd88@group-602CA8FC85E9->6d7210a4-52ae-4f69-8b98-4fa3950c6b17(c0,m0,n1, attendVote=true, lastRpcSendTime=1, lastRpcResponseTime=3767) yet, just keep nextIndex unchanged and retry.
2022-11-14 01:05:20,244 [Listener at 127.0.0.1/43447] INFO  volume.HddsVolume (HddsVolume.java:closeDbStore(338)) - SchemaV3 db is stopped at /home/runner/work/ozone/ozone/hadoop-ozone/integration-test/target/test-dir/MiniOzoneClusterImpl-42f4391e-4969-4d67-80bf-65b59c0896c5/datanode-1/data-0/containers/hdds/42f4391e-4969-4d67-80bf-65b59c0896c5/DS-4928040c-0d7a-4d70-8d7e-316f20ed8f82/container.db for volume DS-4928040c-0d7a-4d70-8d7e-316f20ed8f82
2022-11-14 01:05:20,244 [Listener at 127.0.0.1/43447] INFO  utils.BackgroundService (BackgroundService.java:shutdown(141)) - Shutting down service BlockDeletingService
2022-11-14 01:05:20,245 [Listener at 127.0.0.1/43447] INFO  utils.BackgroundService (BackgroundService.java:shutdown(141)) - Shutting down service StaleRecoveringContainerScrubbingService
2022-11-14 01:05:20,260 [Listener at 127.0.0.1/43447] INFO  statemachine.DatanodeStateMachine (DatanodeStateMachine.java:stopDaemon(593)) - Ozone container server stopped.
2022-11-14 01:05:20,267 [Listener at 127.0.0.1/43447] INFO  handler.ContextHandler (ContextHandler.java:doStop(1159)) - Stopped o.e.j.w.WebAppContext@87f2a9e{hddsDatanode,/,null,STOPPED}{jar:file:/home/runner/.m2/repository/org/apache/ozone/hdds-container-service/1.3.0-SNAPSHOT/hdds-container-service-1.3.0-SNAPSHOT.jar!/webapps/hddsDatanode}
2022-11-14 01:05:20,268 [Listener at 127.0.0.1/43447] INFO  server.AbstractConnector (AbstractConnector.java:doStop(383)) - Stopped ServerConnector@524f15e9{HTTP/1.1, (http/1.1)}{0.0.0.0:0}
2022-11-14 01:05:20,269 [Listener at 127.0.0.1/43447] INFO  server.session (HouseKeeper.java:stopScavenging(149)) - node0 Stopped scavenging
2022-11-14 01:05:20,270 [Listener at 127.0.0.1/43447] INFO  handler.ContextHandler (ContextHandler.java:doStop(1159)) - Stopped o.e.j.s.ServletContextHandler@3e6ded7{static,/static,jar:file:/home/runner/.m2/repository/org/apache/ozone/hdds-container-service/1.3.0-SNAPSHOT/hdds-container-service-1.3.0-SNAPSHOT.jar!/webapps/static,STOPPED}
2022-11-14 01:05:20,270 [Listener at 127.0.0.1/43447] INFO  handler.ContextHandler (ContextHandler.java:doStop(1159)) - Stopped o.e.j.s.ServletContextHandler@13c65530{logs,/logs,file:///home/runner/work/ozone/ozone/hadoop-ozone/integration-test/target/log,STOPPED}
2022-11-14 01:05:20,275 [Listener at 127.0.0.1/43447] INFO  ozoneimpl.OzoneContainer (OzoneContainer.java:stop(400)) - Attempting to stop container services.
2022-11-14 01:05:20,276 [Listener at 127.0.0.1/43447] INFO  server.RaftServer (RaftServerProxy.java:lambda$close$6(409)) - 3ebe5f2d-7fe4-4d1b-9835-0749a91ddd88: close
2022-11-14 01:05:20,276 [3ebe5f2d-7fe4-4d1b-9835-0749a91ddd88-impl-thread1] INFO  server.RaftServer$Division (RaftServerImpl.java:lambda$close$4(458)) - 3ebe5f2d-7fe4-4d1b-9835-0749a91ddd88@group-B93C309DF681: shutdown
2022-11-14 01:05:20,276 [3ebe5f2d-7fe4-4d1b-9835-0749a91ddd88-impl-thread1] INFO  util.JmxRegister (JmxRegister.java:unregister(73)) - Successfully un-registered JMX Bean with object name Ratis:service=RaftServer,group=group-B93C309DF681,id=3ebe5f2d-7fe4-4d1b-9835-0749a91ddd88
2022-11-14 01:05:20,276 [3ebe5f2d-7fe4-4d1b-9835-0749a91ddd88-impl-thread1] INFO  impl.RoleInfo (RoleInfo.java:shutdownFollowerState(110)) - 3ebe5f2d-7fe4-4d1b-9835-0749a91ddd88: shutdown 3ebe5f2d-7fe4-4d1b-9835-0749a91ddd88@group-B93C309DF681-FollowerState
2022-11-14 01:05:20,287 [3ebe5f2d-7fe4-4d1b-9835-0749a91ddd88-impl-thread1] INFO  impl.StateMachineUpdater (StateMachineUpdater.java:stopAndJoin(153)) - 3ebe5f2d-7fe4-4d1b-9835-0749a91ddd88@group-B93C309DF681-StateMachineUpdater: set stopIndex = 0
2022-11-14 01:05:20,287 [3ebe5f2d-7fe4-4d1b-9835-0749a91ddd88@group-B93C309DF681-FollowerState] INFO  impl.FollowerState (FollowerState.java:run(152)) - 3ebe5f2d-7fe4-4d1b-9835-0749a91ddd88@group-B93C309DF681-FollowerState was interrupted
2022-11-14 01:05:20,287 [3ebe5f2d-7fe4-4d1b-9835-0749a91ddd88-impl-thread2] INFO  server.RaftServer$Division (RaftServerImpl.java:lambda$close$4(458)) - 3ebe5f2d-7fe4-4d1b-9835-0749a91ddd88@group-D4D87B78E577: shutdown
2022-11-14 01:05:20,287 [3ebe5f2d-7fe4-4d1b-9835-0749a91ddd88-impl-thread2] INFO  util.JmxRegister (JmxRegister.java:unregister(73)) - Successfully un-registered JMX Bean with object name Ratis:service=RaftServer,group=group-D4D87B78E577,id=3ebe5f2d-7fe4-4d1b-9835-0749a91ddd88
2022-11-14 01:05:20,287 [3ebe5f2d-7fe4-4d1b-9835-0749a91ddd88-impl-thread2] INFO  impl.RoleInfo (RoleInfo.java:shutdownLeaderState(93)) - 3ebe5f2d-7fe4-4d1b-9835-0749a91ddd88: shutdown 3ebe5f2d-7fe4-4d1b-9835-0749a91ddd88@group-D4D87B78E577-LeaderStateImpl
2022-11-14 01:05:20,287 [3ebe5f2d-7fe4-4d1b-9835-0749a91ddd88-impl-thread2] INFO  impl.PendingRequests (PendingRequests.java:sendNotLeaderResponses(282)) - 3ebe5f2d-7fe4-4d1b-9835-0749a91ddd88@group-D4D87B78E577-PendingRequests: sendNotLeaderResponses
2022-11-14 01:05:20,288 [3ebe5f2d-7fe4-4d1b-9835-0749a91ddd88-impl-thread2] INFO  impl.StateMachineUpdater (StateMachineUpdater.java:stopAndJoin(153)) - 3ebe5f2d-7fe4-4d1b-9835-0749a91ddd88@group-D4D87B78E577-StateMachineUpdater: set stopIndex = 0
2022-11-14 01:05:20,288 [3ebe5f2d-7fe4-4d1b-9835-0749a91ddd88@group-B93C309DF681-StateMachineUpdater] INFO  ratis.ContainerStateMachine (ContainerStateMachine.java:takeSnapshot(304)) - group-B93C309DF681: Taking a snapshot at:(t:2, i:0) file /home/runner/work/ozone/ozone/hadoop-ozone/integration-test/target/test-dir/MiniOzoneClusterImpl-42f4391e-4969-4d67-80bf-65b59c0896c5/datanode-2/data/ratis/4a3b87c8-b214-4e29-bf5c-b93c309df681/sm/snapshot.2_0
2022-11-14 01:05:20,289 [3ebe5f2d-7fe4-4d1b-9835-0749a91ddd88@group-D4D87B78E577-StateMachineUpdater] INFO  ratis.ContainerStateMachine (ContainerStateMachine.java:takeSnapshot(304)) - group-D4D87B78E577: Taking a snapshot at:(t:1, i:0) file /home/runner/work/ozone/ozone/hadoop-ozone/integration-test/target/test-dir/MiniOzoneClusterImpl-42f4391e-4969-4d67-80bf-65b59c0896c5/datanode-2/data/ratis/c9cfdbee-569e-4242-836c-d4d87b78e577/sm/snapshot.1_0
2022-11-14 01:05:20,290 [3ebe5f2d-7fe4-4d1b-9835-0749a91ddd88@group-B93C309DF681-StateMachineUpdater] INFO  ratis.ContainerStateMachine (ContainerStateMachine.java:takeSnapshot(315)) - group-B93C309DF681: Finished taking a snapshot at:(t:2, i:0) file:/home/runner/work/ozone/ozone/hadoop-ozone/integration-test/target/test-dir/MiniOzoneClusterImpl-42f4391e-4969-4d67-80bf-65b59c0896c5/datanode-2/data/ratis/4a3b87c8-b214-4e29-bf5c-b93c309df681/sm/snapshot.2_0 took: 1 ms
2022-11-14 01:05:20,290 [3ebe5f2d-7fe4-4d1b-9835-0749a91ddd88@group-B93C309DF681-StateMachineUpdater] INFO  impl.StateMachineUpdater (StateMachineUpdater.java:takeSnapshot(287)) - 3ebe5f2d-7fe4-4d1b-9835-0749a91ddd88@group-B93C309DF681-StateMachineUpdater: Took a snapshot at index 0
2022-11-14 01:05:20,290 [3ebe5f2d-7fe4-4d1b-9835-0749a91ddd88@group-B93C309DF681-StateMachineUpdater] INFO  impl.StateMachineUpdater (StateMachineUpdater.java:lambda$new$0(92)) - 3ebe5f2d-7fe4-4d1b-9835-0749a91ddd88@group-B93C309DF681-StateMachineUpdater: snapshotIndex: updateIncreasingly -1 -> 0
2022-11-14 01:05:20,290 [3ebe5f2d-7fe4-4d1b-9835-0749a91ddd88-impl-thread1] INFO  server.RaftServer$Division (ServerState.java:close(466)) - 3ebe5f2d-7fe4-4d1b-9835-0749a91ddd88@group-B93C309DF681: closes. applyIndex: 0
2022-11-14 01:05:20,290 [3ebe5f2d-7fe4-4d1b-9835-0749a91ddd88@group-D4D87B78E577-StateMachineUpdater] INFO  ratis.ContainerStateMachine (ContainerStateMachine.java:takeSnapshot(315)) - group-D4D87B78E577: Finished taking a snapshot at:(t:1, i:0) file:/home/runner/work/ozone/ozone/hadoop-ozone/integration-test/target/test-dir/MiniOzoneClusterImpl-42f4391e-4969-4d67-80bf-65b59c0896c5/datanode-2/data/ratis/c9cfdbee-569e-4242-836c-d4d87b78e577/sm/snapshot.1_0 took: 1 ms
2022-11-14 01:05:20,290 [3ebe5f2d-7fe4-4d1b-9835-0749a91ddd88@group-D4D87B78E577-StateMachineUpdater] INFO  impl.StateMachineUpdater (StateMachineUpdater.java:takeSnapshot(287)) - 3ebe5f2d-7fe4-4d1b-9835-0749a91ddd88@group-D4D87B78E577-StateMachineUpdater: Took a snapshot at index 0
2022-11-14 01:05:20,290 [3ebe5f2d-7fe4-4d1b-9835-0749a91ddd88@group-D4D87B78E577-StateMachineUpdater] INFO  impl.StateMachineUpdater (StateMachineUpdater.java:lambda$new$0(92)) - 3ebe5f2d-7fe4-4d1b-9835-0749a91ddd88@group-D4D87B78E577-StateMachineUpdater: snapshotIndex: updateIncreasingly -1 -> 0
2022-11-14 01:05:20,290 [3ebe5f2d-7fe4-4d1b-9835-0749a91ddd88-impl-thread2] INFO  server.RaftServer$Division (ServerState.java:close(466)) - 3ebe5f2d-7fe4-4d1b-9835-0749a91ddd88@group-D4D87B78E577: closes. applyIndex: 0
2022-11-14 01:05:20,291 [3ebe5f2d-7fe4-4d1b-9835-0749a91ddd88@group-D4D87B78E577-SegmentedRaftLogWorker] INFO  segmented.SegmentedRaftLogWorker (SegmentedRaftLogWorker.java:run(345)) - 3ebe5f2d-7fe4-4d1b-9835-0749a91ddd88@group-D4D87B78E577-SegmentedRaftLogWorker was interrupted, exiting. There are 0 tasks remaining in the queue.
2022-11-14 01:05:20,291 [Listener at 127.0.0.1/43447] INFO  server.GrpcService (GrpcService.java:closeImpl(279)) - 3ebe5f2d-7fe4-4d1b-9835-0749a91ddd88: shutdown server GrpcServerProtocolService now
2022-11-14 01:05:20,291 [3ebe5f2d-7fe4-4d1b-9835-0749a91ddd88@group-B93C309DF681-SegmentedRaftLogWorker] INFO  segmented.SegmentedRaftLogWorker (SegmentedRaftLogWorker.java:run(345)) - 3ebe5f2d-7fe4-4d1b-9835-0749a91ddd88@group-B93C309DF681-SegmentedRaftLogWorker was interrupted, exiting. There are 0 tasks remaining in the queue.
2022-11-14 01:05:20,296 [3ebe5f2d-7fe4-4d1b-9835-0749a91ddd88-impl-thread2] INFO  segmented.SegmentedRaftLogWorker (SegmentedRaftLogWorker.java:close(255)) - 3ebe5f2d-7fe4-4d1b-9835-0749a91ddd88@group-D4D87B78E577-SegmentedRaftLogWorker close()
2022-11-14 01:05:20,299 [3ebe5f2d-7fe4-4d1b-9835-0749a91ddd88-impl-thread1] INFO  segmented.SegmentedRaftLogWorker (SegmentedRaftLogWorker.java:close(255)) - 3ebe5f2d-7fe4-4d1b-9835-0749a91ddd88@group-B93C309DF681-SegmentedRaftLogWorker close()
2022-11-14 01:05:20,307 [Listener at 127.0.0.1/43447] INFO  server.GrpcServerProtocolClient (GrpcServerProtocolClient.java:close(111)) - 64f2a322-bab2-49a6-bf14-d21796863fbb Close channels
2022-11-14 01:05:20,309 [Listener at 127.0.0.1/43447] INFO  server.GrpcServerProtocolClient (GrpcServerProtocolClient.java:close(111)) - 6d7210a4-52ae-4f69-8b98-4fa3950c6b17 Close channels
2022-11-14 01:05:20,309 [3ebe5f2d-7fe4-4d1b-9835-0749a91ddd88-impl-thread3] INFO  server.RaftServer$Division (RaftServerImpl.java:lambda$close$4(458)) - 3ebe5f2d-7fe4-4d1b-9835-0749a91ddd88@group-602CA8FC85E9: shutdown
2022-11-14 01:05:20,309 [3ebe5f2d-7fe4-4d1b-9835-0749a91ddd88-impl-thread3] INFO  util.JmxRegister (JmxRegister.java:unregister(73)) - Successfully un-registered JMX Bean with object name Ratis:service=RaftServer,group=group-602CA8FC85E9,id=3ebe5f2d-7fe4-4d1b-9835-0749a91ddd88
2022-11-14 01:05:20,310 [3ebe5f2d-7fe4-4d1b-9835-0749a91ddd88-impl-thread3] INFO  impl.RoleInfo (RoleInfo.java:shutdownLeaderState(93)) - 3ebe5f2d-7fe4-4d1b-9835-0749a91ddd88: shutdown 3ebe5f2d-7fe4-4d1b-9835-0749a91ddd88@group-602CA8FC85E9-LeaderStateImpl
2022-11-14 01:05:20,310 [Listener at 127.0.0.1/43447] INFO  server.GrpcService (GrpcService.java:closeImpl(288)) - 3ebe5f2d-7fe4-4d1b-9835-0749a91ddd88: shutdown server GrpcServerProtocolService successfully
2022-11-14 01:05:20,310 [3ebe5f2d-7fe4-4d1b-9835-0749a91ddd88-impl-thread3] INFO  impl.PendingRequests (PendingRequests.java:sendNotLeaderResponses(282)) - 3ebe5f2d-7fe4-4d1b-9835-0749a91ddd88@group-602CA8FC85E9-PendingRequests: sendNotLeaderResponses
2022-11-14 01:05:20,310 [3ebe5f2d-7fe4-4d1b-9835-0749a91ddd88-impl-thread3] INFO  impl.StateMachineUpdater (StateMachineUpdater.java:stopAndJoin(153)) - 3ebe5f2d-7fe4-4d1b-9835-0749a91ddd88@group-602CA8FC85E9-StateMachineUpdater: set stopIndex = 0
2022-11-14 01:05:20,311 [3ebe5f2d-7fe4-4d1b-9835-0749a91ddd88@group-602CA8FC85E9-StateMachineUpdater] INFO  ratis.ContainerStateMachine (ContainerStateMachine.java:takeSnapshot(304)) - group-602CA8FC85E9: Taking a snapshot at:(t:2, i:0) file /home/runner/work/ozone/ozone/hadoop-ozone/integration-test/target/test-dir/MiniOzoneClusterImpl-42f4391e-4969-4d67-80bf-65b59c0896c5/datanode-2/data/ratis/30370e2e-80d1-4efe-b890-602ca8fc85e9/sm/snapshot.2_0
2022-11-14 01:05:20,311 [3ebe5f2d-7fe4-4d1b-9835-0749a91ddd88@group-602CA8FC85E9-StateMachineUpdater] INFO  ratis.ContainerStateMachine (ContainerStateMachine.java:takeSnapshot(315)) - group-602CA8FC85E9: Finished taking a snapshot at:(t:2, i:0) file:/home/runner/work/ozone/ozone/hadoop-ozone/integration-test/target/test-dir/MiniOzoneClusterImpl-42f4391e-4969-4d67-80bf-65b59c0896c5/datanode-2/data/ratis/30370e2e-80d1-4efe-b890-602ca8fc85e9/sm/snapshot.2_0 took: 1 ms
2022-11-14 01:05:20,312 [3ebe5f2d-7fe4-4d1b-9835-0749a91ddd88@group-602CA8FC85E9-StateMachineUpdater] INFO  impl.StateMachineUpdater (StateMachineUpdater.java:takeSnapshot(287)) - 3ebe5f2d-7fe4-4d1b-9835-0749a91ddd88@group-602CA8FC85E9-StateMachineUpdater: Took a snapshot at index 0
2022-11-14 01:05:20,312 [3ebe5f2d-7fe4-4d1b-9835-0749a91ddd88@group-602CA8FC85E9-StateMachineUpdater] INFO  impl.StateMachineUpdater (StateMachineUpdater.java:lambda$new$0(92)) - 3ebe5f2d-7fe4-4d1b-9835-0749a91ddd88@group-602CA8FC85E9-StateMachineUpdater: snapshotIndex: updateIncreasingly -1 -> 0
2022-11-14 01:05:20,312 [3ebe5f2d-7fe4-4d1b-9835-0749a91ddd88-impl-thread3] INFO  server.RaftServer$Division (ServerState.java:close(466)) - 3ebe5f2d-7fe4-4d1b-9835-0749a91ddd88@group-602CA8FC85E9: closes. applyIndex: 0
2022-11-14 01:05:20,312 [3ebe5f2d-7fe4-4d1b-9835-0749a91ddd88@group-602CA8FC85E9-SegmentedRaftLogWorker] INFO  segmented.SegmentedRaftLogWorker (SegmentedRaftLogWorker.java:run(345)) - 3ebe5f2d-7fe4-4d1b-9835-0749a91ddd88@group-602CA8FC85E9-SegmentedRaftLogWorker was interrupted, exiting. There are 0 tasks remaining in the queue.
2022-11-14 01:05:20,312 [3ebe5f2d-7fe4-4d1b-9835-0749a91ddd88-impl-thread3] INFO  segmented.SegmentedRaftLogWorker (SegmentedRaftLogWorker.java:close(255)) - 3ebe5f2d-7fe4-4d1b-9835-0749a91ddd88@group-602CA8FC85E9-SegmentedRaftLogWorker close()
2022-11-14 01:05:20,313 [JvmPauseMonitor10] INFO  util.JvmPauseMonitor (JvmPauseMonitor.java:run(111)) - JvmPauseMonitor-3ebe5f2d-7fe4-4d1b-9835-0749a91ddd88: Stopped
2022-11-14 01:05:21,238 [EventQueue-StaleNodeForStaleNodeHandler] INFO  node.StaleNodeHandler (StaleNodeHandler.java:onMessage(59)) - Datanode 64f2a322-bab2-49a6-bf14-d21796863fbb{ip: 10.1.0.33, host: fv-az334-552.zg0gw54pbdoexfhqlmz30d51na.gx.internal.cloudapp.net, ports: [REPLICATION=38551, RATIS=36135, RATIS_ADMIN=36135, RATIS_SERVER=36135, STANDALONE=41099], networkLocation: /default-rack, certSerialId: null, persistedOpState: IN_SERVICE, persistedOpStateExpiryEpochSec: 0} moved to stale state. Finalizing its pipelines [PipelineID=4a3b87c8-b214-4e29-bf5c-b93c309df681, PipelineID=936949c9-2a44-4256-88d2-e0679d01dd9b, PipelineID=30370e2e-80d1-4efe-b890-602ca8fc85e9]
2022-11-14 01:05:21,241 [EventQueue-StaleNodeForStaleNodeHandler] INFO  pipeline.PipelineManagerImpl (PipelineManagerImpl.java:closePipeline(442)) - Pipeline Pipeline[ Id: 4a3b87c8-b214-4e29-bf5c-b93c309df681, Nodes: 64f2a322-bab2-49a6-bf14-d21796863fbb{ip: 10.1.0.33, host: fv-az334-552.zg0gw54pbdoexfhqlmz30d51na.gx.internal.cloudapp.net, ports: [REPLICATION=38551, RATIS=36135, RATIS_ADMIN=36135, RATIS_SERVER=36135, STANDALONE=41099], networkLocation: /default-rack, certSerialId: null, persistedOpState: IN_SERVICE, persistedOpStateExpiryEpochSec: 0}6d7210a4-52ae-4f69-8b98-4fa3950c6b17{ip: 10.1.0.33, host: fv-az334-552.zg0gw54pbdoexfhqlmz30d51na.gx.internal.cloudapp.net, ports: [REPLICATION=44481, RATIS=42253, RATIS_ADMIN=42253, RATIS_SERVER=42253, STANDALONE=40617], networkLocation: /default-rack, certSerialId: null, persistedOpState: IN_SERVICE, persistedOpStateExpiryEpochSec: 0}3ebe5f2d-7fe4-4d1b-9835-0749a91ddd88{ip: 10.1.0.33, host: fv-az334-552.zg0gw54pbdoexfhqlmz30d51na.gx.internal.cloudapp.net, ports: [REPLICATION=46811, RATIS=36307, RATIS_ADMIN=36307, RATIS_SERVER=36307, STANDALONE=40033], networkLocation: /default-rack, certSerialId: null, persistedOpState: IN_SERVICE, persistedOpStateExpiryEpochSec: 0}, ReplicationConfig: RATIS/THREE, State:OPEN, leaderId:6d7210a4-52ae-4f69-8b98-4fa3950c6b17, CreationTimestamp2022-11-14T01:05:03.074Z[Etc/UTC]] moved to CLOSED state
2022-11-14 01:05:21,241 [EventQueue-StaleNodeForStaleNodeHandler] INFO  pipeline.PipelineManagerImpl (PipelineManagerImpl.java:closePipeline(442)) - Pipeline Pipeline[ Id: 936949c9-2a44-4256-88d2-e0679d01dd9b, Nodes: 64f2a322-bab2-49a6-bf14-d21796863fbb{ip: 10.1.0.33, host: fv-az334-552.zg0gw54pbdoexfhqlmz30d51na.gx.internal.cloudapp.net, ports: [REPLICATION=38551, RATIS=36135, RATIS_ADMIN=36135, RATIS_SERVER=36135, STANDALONE=41099], networkLocation: /default-rack, certSerialId: null, persistedOpState: IN_SERVICE, persistedOpStateExpiryEpochSec: 0}, ReplicationConfig: RATIS/ONE, State:OPEN, leaderId:64f2a322-bab2-49a6-bf14-d21796863fbb, CreationTimestamp2022-11-14T01:05:02.460Z[Etc/UTC]] moved to CLOSED state
2022-11-14 01:05:21,242 [EventQueue-StaleNodeForStaleNodeHandler] INFO  pipeline.PipelineManagerImpl (PipelineManagerImpl.java:closePipeline(442)) - Pipeline Pipeline[ Id: 30370e2e-80d1-4efe-b890-602ca8fc85e9, Nodes: 64f2a322-bab2-49a6-bf14-d21796863fbb{ip: 10.1.0.33, host: fv-az334-552.zg0gw54pbdoexfhqlmz30d51na.gx.internal.cloudapp.net, ports: [REPLICATION=38551, RATIS=36135, RATIS_ADMIN=36135, RATIS_SERVER=36135, STANDALONE=41099], networkLocation: /default-rack, certSerialId: null, persistedOpState: IN_SERVICE, persistedOpStateExpiryEpochSec: 0}6d7210a4-52ae-4f69-8b98-4fa3950c6b17{ip: 10.1.0.33, host: fv-az334-552.zg0gw54pbdoexfhqlmz30d51na.gx.internal.cloudapp.net, ports: [REPLICATION=44481, RATIS=42253, RATIS_ADMIN=42253, RATIS_SERVER=42253, STANDALONE=40617], networkLocation: /default-rack, certSerialId: null, persistedOpState: IN_SERVICE, persistedOpStateExpiryEpochSec: 0}3ebe5f2d-7fe4-4d1b-9835-0749a91ddd88{ip: 10.1.0.33, host: fv-az334-552.zg0gw54pbdoexfhqlmz30d51na.gx.internal.cloudapp.net, ports: [REPLICATION=46811, RATIS=36307, RATIS_ADMIN=36307, RATIS_SERVER=36307, STANDALONE=40033], networkLocation: /default-rack, certSerialId: null, persistedOpState: IN_SERVICE, persistedOpStateExpiryEpochSec: 0}, ReplicationConfig: RATIS/THREE, State:OPEN, leaderId:3ebe5f2d-7fe4-4d1b-9835-0749a91ddd88, CreationTimestamp2022-11-14T01:05:03.075Z[Etc/UTC]] moved to CLOSED state
2022-11-14 01:05:22,316 [Listener at 127.0.0.1/43447] INFO  volume.HddsVolume (HddsVolume.java:closeDbStore(338)) - SchemaV3 db is stopped at /home/runner/work/ozone/ozone/hadoop-ozone/integration-test/target/test-dir/MiniOzoneClusterImpl-42f4391e-4969-4d67-80bf-65b59c0896c5/datanode-2/data-0/containers/hdds/42f4391e-4969-4d67-80bf-65b59c0896c5/DS-f2794053-a537-4f61-a2b5-e645aefa139b/container.db for volume DS-f2794053-a537-4f61-a2b5-e645aefa139b
2022-11-14 01:05:22,317 [Listener at 127.0.0.1/43447] INFO  utils.BackgroundService (BackgroundService.java:shutdown(141)) - Shutting down service BlockDeletingService
2022-11-14 01:05:22,318 [Listener at 127.0.0.1/43447] INFO  utils.BackgroundService (BackgroundService.java:shutdown(141)) - Shutting down service StaleRecoveringContainerScrubbingService
2022-11-14 01:05:22,319 [Listener at 127.0.0.1/43447] INFO  statemachine.DatanodeStateMachine (DatanodeStateMachine.java:stopDaemon(593)) - Ozone container server stopped.
2022-11-14 01:05:22,326 [Listener at 127.0.0.1/43447] INFO  handler.ContextHandler (ContextHandler.java:doStop(1159)) - Stopped o.e.j.w.WebAppContext@1ec22335{hddsDatanode,/,null,STOPPED}{jar:file:/home/runner/.m2/repository/org/apache/ozone/hdds-container-service/1.3.0-SNAPSHOT/hdds-container-service-1.3.0-SNAPSHOT.jar!/webapps/hddsDatanode}
2022-11-14 01:05:22,327 [Listener at 127.0.0.1/43447] INFO  server.AbstractConnector (AbstractConnector.java:doStop(383)) - Stopped ServerConnector@45c21bc8{HTTP/1.1, (http/1.1)}{0.0.0.0:0}
2022-11-14 01:05:22,327 [Listener at 127.0.0.1/43447] INFO  server.session (HouseKeeper.java:stopScavenging(149)) - node0 Stopped scavenging
2022-11-14 01:05:22,327 [Listener at 127.0.0.1/43447] INFO  handler.ContextHandler (ContextHandler.java:doStop(1159)) - Stopped o.e.j.s.ServletContextHandler@2ccb0929{static,/static,jar:file:/home/runner/.m2/repository/org/apache/ozone/hdds-container-service/1.3.0-SNAPSHOT/hdds-container-service-1.3.0-SNAPSHOT.jar!/webapps/static,STOPPED}
2022-11-14 01:05:22,327 [Listener at 127.0.0.1/43447] INFO  handler.ContextHandler (ContextHandler.java:doStop(1159)) - Stopped o.e.j.s.ServletContextHandler@cd7c71d{logs,/logs,file:///home/runner/work/ozone/ozone/hadoop-ozone/integration-test/target/log,STOPPED}
2022-11-14 01:05:24,239 [EventQueue-StaleNodeForStaleNodeHandler] INFO  node.StaleNodeHandler (StaleNodeHandler.java:onMessage(59)) - Datanode 6d7210a4-52ae-4f69-8b98-4fa3950c6b17{ip: 10.1.0.33, host: fv-az334-552.zg0gw54pbdoexfhqlmz30d51na.gx.internal.cloudapp.net, ports: [REPLICATION=44481, RATIS=42253, RATIS_ADMIN=42253, RATIS_SERVER=42253, STANDALONE=40617], networkLocation: /default-rack, certSerialId: null, persistedOpState: IN_SERVICE, persistedOpStateExpiryEpochSec: 0} moved to stale state. Finalizing its pipelines [PipelineID=4a3b87c8-b214-4e29-bf5c-b93c309df681, PipelineID=7eae033a-3a61-4160-bb3c-2a9e3e468b9f, PipelineID=30370e2e-80d1-4efe-b890-602ca8fc85e9]
2022-11-14 01:05:24,239 [EventQueue-StaleNodeForStaleNodeHandler] INFO  pipeline.PipelineManagerImpl (PipelineManagerImpl.java:closePipeline(442)) - Pipeline Pipeline[ Id: 7eae033a-3a61-4160-bb3c-2a9e3e468b9f, Nodes: 6d7210a4-52ae-4f69-8b98-4fa3950c6b17{ip: 10.1.0.33, host: fv-az334-552.zg0gw54pbdoexfhqlmz30d51na.gx.internal.cloudapp.net, ports: [REPLICATION=44481, RATIS=42253, RATIS_ADMIN=42253, RATIS_SERVER=42253, STANDALONE=40617], networkLocation: /default-rack, certSerialId: null, persistedOpState: IN_SERVICE, persistedOpStateExpiryEpochSec: 0}, ReplicationConfig: RATIS/ONE, State:OPEN, leaderId:6d7210a4-52ae-4f69-8b98-4fa3950c6b17, CreationTimestamp2022-11-14T01:05:02.754Z[Etc/UTC]] moved to CLOSED state
2022-11-14 01:05:26,239 [EventQueue-StaleNodeForStaleNodeHandler] INFO  node.StaleNodeHandler (StaleNodeHandler.java:onMessage(59)) - Datanode 3ebe5f2d-7fe4-4d1b-9835-0749a91ddd88{ip: 10.1.0.33, host: fv-az334-552.zg0gw54pbdoexfhqlmz30d51na.gx.internal.cloudapp.net, ports: [REPLICATION=46811, RATIS=36307, RATIS_ADMIN=36307, RATIS_SERVER=36307, STANDALONE=40033], networkLocation: /default-rack, certSerialId: null, persistedOpState: IN_SERVICE, persistedOpStateExpiryEpochSec: 0} moved to stale state. Finalizing its pipelines [PipelineID=4a3b87c8-b214-4e29-bf5c-b93c309df681, PipelineID=c9cfdbee-569e-4242-836c-d4d87b78e577, PipelineID=30370e2e-80d1-4efe-b890-602ca8fc85e9]
2022-11-14 01:05:26,240 [EventQueue-StaleNodeForStaleNodeHandler] INFO  pipeline.PipelineManagerImpl (PipelineManagerImpl.java:closePipeline(442)) - Pipeline Pipeline[ Id: c9cfdbee-569e-4242-836c-d4d87b78e577, Nodes: 3ebe5f2d-7fe4-4d1b-9835-0749a91ddd88{ip: 10.1.0.33, host: fv-az334-552.zg0gw54pbdoexfhqlmz30d51na.gx.internal.cloudapp.net, ports: [REPLICATION=46811, RATIS=36307, RATIS_ADMIN=36307, RATIS_SERVER=36307, STANDALONE=40033], networkLocation: /default-rack, certSerialId: null, persistedOpState: IN_SERVICE, persistedOpStateExpiryEpochSec: 0}, ReplicationConfig: RATIS/ONE, State:OPEN, leaderId:3ebe5f2d-7fe4-4d1b-9835-0749a91ddd88, CreationTimestamp2022-11-14T01:05:03.073Z[Etc/UTC]] moved to CLOSED state
2022-11-14 01:05:26,334 [Listener at 127.0.0.1/43447] ERROR pipeline.PipelinePlacementPolicy (PipelinePlacementPolicy.java:filterViableNodes(130)) - No healthy node found to allocate container.
2022-11-14 01:05:26,336 [Listener at 127.0.0.1/43447] INFO  impl.MetricsSystemImpl (MetricsSystemImpl.java:init(158)) - HddsDatanode metrics system started (again)
2022-11-14 01:05:26,371 [Listener at 127.0.0.1/43447] INFO  ozone.HddsDatanodeService (HddsDatanodeService.java:start(236)) - HddsDatanodeService host:fv-az334-552.zg0gw54pbdoexfhqlmz30d51na.gx.internal.cloudapp.net ip:10.1.0.33
2022-11-14 01:05:26,387 [Listener at 127.0.0.1/43447] INFO  upgrade.AbstractLayoutVersionManager (AbstractLayoutVersionManager.java:init(83)) - Initializing Layout version manager with metadata layout = DATANODE_SCHEMA_V3 (version = 4), software layout = DATANODE_SCHEMA_V3 (version = 4)
2022-11-14 01:05:26,433 [Listener at 127.0.0.1/43447] INFO  reflections.Reflections (Reflections.java:scan(232)) - Reflections took 45 ms to scan 7 urls, producing 139 keys and 336 values 
2022-11-14 01:05:26,434 [Listener at 127.0.0.1/43447] INFO  statemachine.DatanodeStateMachine (DatanodeStateMachine.java:getEndPointTaskThreadPoolSize(245)) - Datanode State Machine Task Thread Pool size 2
2022-11-14 01:05:26,436 [Listener at 127.0.0.1/43447] INFO  volume.HddsVolume (HddsVolume.java:<init>(117)) - Creating HddsVolume: /home/runner/work/ozone/ozone/hadoop-ozone/integration-test/target/test-dir/MiniOzoneClusterImpl-42f4391e-4969-4d67-80bf-65b59c0896c5/datanode-0/data-0/containers/hdds of storage type : DISK capacity : 9223372036854775807
2022-11-14 01:05:26,436 [Listener at 127.0.0.1/43447] INFO  volume.MutableVolumeSet (MutableVolumeSet.java:initializeVolumeSet(174)) - Added Volume : /home/runner/work/ozone/ozone/hadoop-ozone/integration-test/target/test-dir/MiniOzoneClusterImpl-42f4391e-4969-4d67-80bf-65b59c0896c5/datanode-0/data-0/containers/hdds to VolumeSet
2022-11-14 01:05:26,436 [Listener at 127.0.0.1/43447] INFO  volume.ThrottledAsyncChecker (ThrottledAsyncChecker.java:schedule(141)) - Scheduling a check for /home/runner/work/ozone/ozone/hadoop-ozone/integration-test/target/test-dir/MiniOzoneClusterImpl-42f4391e-4969-4d67-80bf-65b59c0896c5/datanode-0/data-0/containers/hdds
2022-11-14 01:05:26,439 [Listener at 127.0.0.1/43447] INFO  volume.StorageVolumeChecker (StorageVolumeChecker.java:checkAllVolumes(202)) - Scheduled health check for volume /home/runner/work/ozone/ozone/hadoop-ozone/integration-test/target/test-dir/MiniOzoneClusterImpl-42f4391e-4969-4d67-80bf-65b59c0896c5/datanode-0/data-0/containers/hdds
2022-11-14 01:05:26,457 [Listener at 127.0.0.1/43447] INFO  volume.MutableVolumeSet (MutableVolumeSet.java:initializeVolumeSet(174)) - Added Volume : /home/runner/work/ozone/ozone/hadoop-ozone/integration-test/target/test-dir/MiniOzoneClusterImpl-42f4391e-4969-4d67-80bf-65b59c0896c5/datanode-0/data/ratis to VolumeSet
2022-11-14 01:05:26,458 [Listener at 127.0.0.1/43447] INFO  volume.ThrottledAsyncChecker (ThrottledAsyncChecker.java:schedule(141)) - Scheduling a check for /home/runner/work/ozone/ozone/hadoop-ozone/integration-test/target/test-dir/MiniOzoneClusterImpl-42f4391e-4969-4d67-80bf-65b59c0896c5/datanode-0/data/ratis
2022-11-14 01:05:26,460 [Listener at 127.0.0.1/43447] INFO  volume.StorageVolumeChecker (StorageVolumeChecker.java:checkAllVolumes(202)) - Scheduled health check for volume /home/runner/work/ozone/ozone/hadoop-ozone/integration-test/target/test-dir/MiniOzoneClusterImpl-42f4391e-4969-4d67-80bf-65b59c0896c5/datanode-0/data/ratis
2022-11-14 01:05:26,485 [Listener at 127.0.0.1/43447] INFO  utils.DatanodeStoreCache (DatanodeStoreCache.java:addDB(58)) - Added db /home/runner/work/ozone/ozone/hadoop-ozone/integration-test/target/test-dir/MiniOzoneClusterImpl-42f4391e-4969-4d67-80bf-65b59c0896c5/datanode-0/data-0/containers/hdds/42f4391e-4969-4d67-80bf-65b59c0896c5/DS-aa052301-2904-4420-ab72-616273fe83de/container.db to cache
2022-11-14 01:05:26,486 [Listener at 127.0.0.1/43447] INFO  volume.HddsVolume (HddsVolume.java:loadDbStore(260)) - SchemaV3 db is loaded at /home/runner/work/ozone/ozone/hadoop-ozone/integration-test/target/test-dir/MiniOzoneClusterImpl-42f4391e-4969-4d67-80bf-65b59c0896c5/datanode-0/data-0/containers/hdds/42f4391e-4969-4d67-80bf-65b59c0896c5/DS-aa052301-2904-4420-ab72-616273fe83de/container.db for volume DS-aa052301-2904-4420-ab72-616273fe83de
2022-11-14 01:05:26,487 [Thread-689] INFO  ozoneimpl.ContainerReader (ContainerReader.java:readVolume(145)) - Start to verify containers on volume /home/runner/work/ozone/ozone/hadoop-ozone/integration-test/target/test-dir/MiniOzoneClusterImpl-42f4391e-4969-4d67-80bf-65b59c0896c5/datanode-0/data-0/containers/hdds
2022-11-14 01:05:26,487 [Thread-689] INFO  ozoneimpl.ContainerReader (ContainerReader.java:readVolume(175)) - Finish verifying containers on volume /home/runner/work/ozone/ozone/hadoop-ozone/integration-test/target/test-dir/MiniOzoneClusterImpl-42f4391e-4969-4d67-80bf-65b59c0896c5/datanode-0/data-0/containers/hdds
2022-11-14 01:05:26,487 [Listener at 127.0.0.1/43447] INFO  ozoneimpl.OzoneContainer (OzoneContainer.java:buildContainerSet(300)) - Build ContainerSet costs 0s
2022-11-14 01:05:26,489 [Listener at 127.0.0.1/43447] INFO  server.RaftServer (ConfUtils.java:logGet(46)) - raft.rpc.type = GRPC (default)
2022-11-14 01:05:26,490 [Listener at 127.0.0.1/43447] INFO  grpc.GrpcConfigKeys (ConfUtils.java:logFallback(53)) - raft.grpc.admin.host = null (fallback to raft.grpc.server.host)
2022-11-14 01:05:26,490 [Listener at 127.0.0.1/43447] INFO  grpc.GrpcConfigKeys (ConfUtils.java:logGet(46)) - raft.grpc.admin.port = 36135 (custom)
2022-11-14 01:05:26,490 [Listener at 127.0.0.1/43447] INFO  grpc.GrpcConfigKeys (ConfUtils.java:logFallback(53)) - raft.grpc.client.host = null (fallback to raft.grpc.server.host)
2022-11-14 01:05:26,490 [Listener at 127.0.0.1/43447] INFO  grpc.GrpcConfigKeys (ConfUtils.java:logGet(46)) - raft.grpc.client.port = 36135 (custom)
2022-11-14 01:05:26,490 [Listener at 127.0.0.1/43447] INFO  grpc.GrpcConfigKeys (ConfUtils.java:logGet(46)) - raft.grpc.server.host = null (default)
2022-11-14 01:05:26,490 [Listener at 127.0.0.1/43447] INFO  grpc.GrpcConfigKeys (ConfUtils.java:logGet(46)) - raft.grpc.server.port = 36135 (custom)
2022-11-14 01:05:26,490 [Listener at 127.0.0.1/43447] INFO  server.GrpcService (ConfUtils.java:logGet(46)) - raft.grpc.message.size.max = 32MB (=33554432) (custom)
2022-11-14 01:05:26,490 [Listener at 127.0.0.1/43447] INFO  server.RaftServerConfigKeys (ConfUtils.java:logGet(46)) - raft.server.log.appender.buffer.byte-limit = 33554432 (custom)
2022-11-14 01:05:26,491 [Listener at 127.0.0.1/43447] INFO  server.GrpcService (ConfUtils.java:logGet(46)) - raft.grpc.flow.control.window = 5MB (=5242880) (custom)
2022-11-14 01:05:26,491 [Listener at 127.0.0.1/43447] INFO  server.RaftServerConfigKeys (ConfUtils.java:logGet(46)) - raft.server.rpc.request.timeout = 60s (custom)
2022-11-14 01:05:26,491 [Listener at 127.0.0.1/43447] INFO  grpc.GrpcConfigKeys (ConfUtils.java:logGet(46)) - raft.grpc.server.heartbeat.channel = true (default)
2022-11-14 01:05:26,491 [Listener at 127.0.0.1/43447] INFO  grpc.GrpcConfigKeys (ConfUtils.java:logGet(46)) - raft.grpc.server.async.request.thread.pool.cached = true (default)
2022-11-14 01:05:26,492 [Listener at 127.0.0.1/43447] INFO  grpc.GrpcConfigKeys (ConfUtils.java:logGet(46)) - raft.grpc.server.async.request.thread.pool.size = 32 (default)
2022-11-14 01:05:26,493 [Listener at 127.0.0.1/43447] INFO  impl.DataStreamServerImpl (ConfUtils.java:logGet(46)) - raft.datastream.type = DISABLED (default)
2022-11-14 01:05:26,494 [Listener at 127.0.0.1/43447] INFO  server.RaftServerConfigKeys (ConfUtils.java:logGet(46)) - raft.server.threadpool.proxy.cached = true (default)
2022-11-14 01:05:26,494 [Listener at 127.0.0.1/43447] INFO  server.RaftServerConfigKeys (ConfUtils.java:logGet(46)) - raft.server.threadpool.proxy.size = 0 (default)
2022-11-14 01:05:26,494 [Listener at 127.0.0.1/43447] INFO  server.RaftServerConfigKeys (ConfUtils.java:logGet(46)) - raft.server.rpc.slowness.timeout = 300s (custom)
2022-11-14 01:05:26,494 [Listener at 127.0.0.1/43447] INFO  server.RaftServerConfigKeys (ConfUtils.java:logGet(46)) - raft.server.leaderelection.leader.step-down.wait-time = 10s (default)
2022-11-14 01:05:26,495 [Listener at 127.0.0.1/43447] INFO  server.RaftServerConfigKeys (ConfUtils.java:logGet(46)) - raft.server.storage.dir = [/home/runner/work/ozone/ozone/hadoop-ozone/integration-test/target/test-dir/MiniOzoneClusterImpl-42f4391e-4969-4d67-80bf-65b59c0896c5/datanode-0/data/ratis] (custom)
2022-11-14 01:05:26,499 [64f2a322-bab2-49a6-bf14-d21796863fbb-impl-thread1] INFO  server.RaftServer (RaftServerProxy.java:initGroupDir(251)) - 64f2a322-bab2-49a6-bf14-d21796863fbb: found a subdirectory /home/runner/work/ozone/ozone/hadoop-ozone/integration-test/target/test-dir/MiniOzoneClusterImpl-42f4391e-4969-4d67-80bf-65b59c0896c5/datanode-0/data/ratis/30370e2e-80d1-4efe-b890-602ca8fc85e9
2022-11-14 01:05:26,503 [64f2a322-bab2-49a6-bf14-d21796863fbb-impl-thread1] INFO  server.RaftServer (RaftServerProxy.java:addNew(96)) - 64f2a322-bab2-49a6-bf14-d21796863fbb: addNew group-602CA8FC85E9:[] returns group-602CA8FC85E9:java.util.concurrent.CompletableFuture@5906d9aa[Not completed]
2022-11-14 01:05:26,503 [64f2a322-bab2-49a6-bf14-d21796863fbb-impl-thread1] INFO  server.RaftServer (RaftServerProxy.java:initGroupDir(251)) - 64f2a322-bab2-49a6-bf14-d21796863fbb: found a subdirectory /home/runner/work/ozone/ozone/hadoop-ozone/integration-test/target/test-dir/MiniOzoneClusterImpl-42f4391e-4969-4d67-80bf-65b59c0896c5/datanode-0/data/ratis/936949c9-2a44-4256-88d2-e0679d01dd9b
2022-11-14 01:05:26,503 [64f2a322-bab2-49a6-bf14-d21796863fbb-impl-thread1] INFO  server.RaftServer (RaftServerProxy.java:addNew(96)) - 64f2a322-bab2-49a6-bf14-d21796863fbb: addNew group-E0679D01DD9B:[] returns group-E0679D01DD9B:java.util.concurrent.CompletableFuture@5d395652[Not completed]
2022-11-14 01:05:26,503 [64f2a322-bab2-49a6-bf14-d21796863fbb-impl-thread1] INFO  server.RaftServer (RaftServerProxy.java:initGroupDir(251)) - 64f2a322-bab2-49a6-bf14-d21796863fbb: found a subdirectory /home/runner/work/ozone/ozone/hadoop-ozone/integration-test/target/test-dir/MiniOzoneClusterImpl-42f4391e-4969-4d67-80bf-65b59c0896c5/datanode-0/data/ratis/4a3b87c8-b214-4e29-bf5c-b93c309df681
2022-11-14 01:05:26,503 [64f2a322-bab2-49a6-bf14-d21796863fbb-impl-thread1] INFO  server.RaftServer (RaftServerProxy.java:addNew(96)) - 64f2a322-bab2-49a6-bf14-d21796863fbb: addNew group-B93C309DF681:[] returns group-B93C309DF681:java.util.concurrent.CompletableFuture@183bd391[Not completed]
2022-11-14 01:05:26,505 [Listener at 127.0.0.1/43447] INFO  server.XceiverServerGrpc (XceiverServerGrpc.java:<init>(132)) - GrpcServer channel type EpollServerSocketChannel
2022-11-14 01:05:26,509 [Listener at 127.0.0.1/43447] INFO  http.BaseHttpServer (BaseHttpServer.java:newHttpServer2BuilderForOzone(213)) - Starting Web-server for hddsDatanode at: http://0.0.0.0:38463
2022-11-14 01:05:26,509 [Listener at 127.0.0.1/43447] INFO  http.BaseHttpServer (BaseHttpServer.java:<init>(108)) - Hadoop Security Enabled: false Ozone Security Enabled: false Ozone HTTP Security Enabled: false 
2022-11-14 01:05:26,510 [Listener at 127.0.0.1/43447] WARN  server.AuthenticationFilter (AuthenticationFilter.java:constructSecretProvider(240)) - Unable to initialize FileSignerSecretProvider, falling back to use random secrets. Reason: Could not read signature secret file: /home/runner/hadoop-http-auth-signature-secret
2022-11-14 01:05:26,509 [pool-402-thread-1] INFO  server.RaftServer$Division (RaftServerImpl.java:<init>(195)) - 64f2a322-bab2-49a6-bf14-d21796863fbb: new RaftServerImpl for group-602CA8FC85E9:[] with ContainerStateMachine:uninitialized
2022-11-14 01:05:26,511 [pool-402-thread-1] INFO  server.RaftServerConfigKeys (ConfUtils.java:logGet(46)) - raft.server.rpc.timeout.min = 5s (custom)
2022-11-14 01:05:26,511 [pool-402-thread-1] INFO  server.RaftServerConfigKeys (ConfUtils.java:logGet(46)) - raft.server.rpc.timeout.max = 5200ms (custom)
2022-11-14 01:05:26,511 [pool-402-thread-1] INFO  server.RaftServerConfigKeys (ConfUtils.java:logGet(46)) - raft.server.rpc.sleep.time = 25ms (default)
2022-11-14 01:05:26,511 [Listener at 127.0.0.1/43447] WARN  http.HttpRequestLog (HttpRequestLog.java:getRequestLog(103)) - Jetty request log can only be enabled using Log4j
2022-11-14 01:05:26,511 [pool-402-thread-1] INFO  server.RaftServerConfigKeys (ConfUtils.java:logGet(46)) - raft.server.rpc.slowness.timeout = 300s (custom)
2022-11-14 01:05:26,511 [pool-402-thread-1] INFO  server.RaftServerConfigKeys (ConfUtils.java:logGet(46)) - raft.server.leaderelection.leader.step-down.wait-time = 10s (default)
2022-11-14 01:05:26,511 [pool-402-thread-1] INFO  server.RaftServerConfigKeys (ConfUtils.java:logGet(46)) - raft.server.sleep.deviation.threshold = 300ms (default)
2022-11-14 01:05:26,512 [pool-402-thread-1] INFO  server.RaftServer$Division (ServerState.java:<init>(118)) - 64f2a322-bab2-49a6-bf14-d21796863fbb@group-602CA8FC85E9: ConfigurationManager, init=-1: peers:[]|listeners:[], old=null, confs=<EMPTY_MAP>
2022-11-14 01:05:26,512 [pool-402-thread-1] INFO  server.RaftServerConfigKeys (ConfUtils.java:logGet(46)) - raft.server.storage.dir = [/home/runner/work/ozone/ozone/hadoop-ozone/integration-test/target/test-dir/MiniOzoneClusterImpl-42f4391e-4969-4d67-80bf-65b59c0896c5/datanode-0/data/ratis] (custom)
2022-11-14 01:05:26,512 [pool-402-thread-1] INFO  server.RaftServerConfigKeys (ConfUtils.java:logGet(46)) - raft.server.log.corruption.policy = EXCEPTION (default)
2022-11-14 01:05:26,512 [pool-402-thread-1] INFO  server.RaftServerConfigKeys (ConfUtils.java:logGet(46)) - raft.server.storage.free-space.min = 0MB (=0) (default)
2022-11-14 01:05:26,512 [pool-402-thread-1] INFO  server.RaftServerConfigKeys (ConfUtils.java:logGet(46)) - raft.server.notification.no-leader.timeout = 300s (custom)
2022-11-14 01:05:26,512 [pool-402-thread-1] INFO  server.RaftServerConfigKeys (ConfUtils.java:logGet(46)) - raft.server.retrycache.expirytime = 600000ms (custom)
2022-11-14 01:05:26,512 [pool-402-thread-1] INFO  server.RaftServerConfigKeys (ConfUtils.java:logGet(46)) - raft.server.retrycache.statistics.expirytime = 100μs (default)
2022-11-14 01:05:26,512 [Listener at 127.0.0.1/43447] INFO  http.HttpServer2 (HttpServer2.java:addGlobalFilter(1031)) - Added global filter 'safety' (class=org.apache.hadoop.hdds.server.http.HttpServer2$QuotingInputFilter)
2022-11-14 01:05:26,513 [Listener at 127.0.0.1/43447] INFO  http.HttpServer2 (HttpServer2.java:addFilter(1007)) - Added filter static_user_filter (class=org.apache.hadoop.http.lib.StaticUserWebFilter$StaticUserFilter) to context hddsDatanode
2022-11-14 01:05:26,513 [Listener at 127.0.0.1/43447] INFO  http.HttpServer2 (HttpServer2.java:addFilter(1015)) - Added filter static_user_filter (class=org.apache.hadoop.http.lib.StaticUserWebFilter$StaticUserFilter) to context logs
2022-11-14 01:05:26,513 [Listener at 127.0.0.1/43447] INFO  http.HttpServer2 (HttpServer2.java:addFilter(1015)) - Added filter static_user_filter (class=org.apache.hadoop.http.lib.StaticUserWebFilter$StaticUserFilter) to context static
2022-11-14 01:05:26,514 [Listener at 127.0.0.1/43447] INFO  http.HttpServer2 (HttpServer2.java:bindListener(1250)) - Jetty bound to port 38463
2022-11-14 01:05:26,514 [Listener at 127.0.0.1/43447] INFO  server.Server (Server.java:doStart(375)) - jetty-9.4.49.v20220914; built: 2022-09-14T01:07:36.601Z; git: 4231a3b2e4cb8548a412a789936d640a97b1aa0a; jvm 1.8.0_345-b01
2022-11-14 01:05:26,513 [pool-402-thread-1] INFO  server.RaftServerConfigKeys (ConfUtils.java:logGet(46)) - raft.server.log.appender.install.snapshot.enabled = false (custom)
2022-11-14 01:05:26,516 [pool-402-thread-1] INFO  server.RaftServerConfigKeys (ConfUtils.java:logGet(46)) - raft.server.threadpool.server.cached = true (default)
2022-11-14 01:05:26,516 [pool-402-thread-1] INFO  server.RaftServerConfigKeys (ConfUtils.java:logGet(46)) - raft.server.threadpool.server.size = 0 (default)
2022-11-14 01:05:26,516 [pool-402-thread-1] INFO  server.RaftServerConfigKeys (ConfUtils.java:logGet(46)) - raft.server.threadpool.client.cached = true (default)
2022-11-14 01:05:26,517 [pool-402-thread-1] INFO  server.RaftServerConfigKeys (ConfUtils.java:logGet(46)) - raft.server.threadpool.client.size = 0 (default)
2022-11-14 01:05:26,517 [pool-402-thread-1] INFO  server.RaftServer$Division (RaftServerImpl.java:<init>(195)) - 64f2a322-bab2-49a6-bf14-d21796863fbb: new RaftServerImpl for group-E0679D01DD9B:[] with ContainerStateMachine:uninitialized
2022-11-14 01:05:26,517 [pool-402-thread-1] INFO  server.RaftServerConfigKeys (ConfUtils.java:logGet(46)) - raft.server.rpc.timeout.min = 5s (custom)
2022-11-14 01:05:26,517 [pool-402-thread-1] INFO  server.RaftServerConfigKeys (ConfUtils.java:logGet(46)) - raft.server.rpc.timeout.max = 5200ms (custom)
2022-11-14 01:05:26,517 [pool-402-thread-1] INFO  server.RaftServerConfigKeys (ConfUtils.java:logGet(46)) - raft.server.rpc.sleep.time = 25ms (default)
2022-11-14 01:05:26,517 [pool-402-thread-1] INFO  server.RaftServerConfigKeys (ConfUtils.java:logGet(46)) - raft.server.rpc.slowness.timeout = 300s (custom)
2022-11-14 01:05:26,517 [pool-402-thread-1] INFO  server.RaftServerConfigKeys (ConfUtils.java:logGet(46)) - raft.server.leaderelection.leader.step-down.wait-time = 10s (default)
2022-11-14 01:05:26,517 [pool-402-thread-1] INFO  server.RaftServerConfigKeys (ConfUtils.java:logGet(46)) - raft.server.sleep.deviation.threshold = 300ms (default)
2022-11-14 01:05:26,517 [pool-402-thread-1] INFO  server.RaftServer$Division (ServerState.java:<init>(118)) - 64f2a322-bab2-49a6-bf14-d21796863fbb@group-E0679D01DD9B: ConfigurationManager, init=-1: peers:[]|listeners:[], old=null, confs=<EMPTY_MAP>
2022-11-14 01:05:26,518 [pool-402-thread-1] INFO  server.RaftServerConfigKeys (ConfUtils.java:logGet(46)) - raft.server.storage.dir = [/home/runner/work/ozone/ozone/hadoop-ozone/integration-test/target/test-dir/MiniOzoneClusterImpl-42f4391e-4969-4d67-80bf-65b59c0896c5/datanode-0/data/ratis] (custom)
2022-11-14 01:05:26,518 [pool-402-thread-1] INFO  server.RaftServerConfigKeys (ConfUtils.java:logGet(46)) - raft.server.log.corruption.policy = EXCEPTION (default)
2022-11-14 01:05:26,518 [pool-402-thread-1] INFO  server.RaftServerConfigKeys (ConfUtils.java:logGet(46)) - raft.server.storage.free-space.min = 0MB (=0) (default)
2022-11-14 01:05:26,518 [pool-402-thread-1] INFO  server.RaftServerConfigKeys (ConfUtils.java:logGet(46)) - raft.server.notification.no-leader.timeout = 300s (custom)
2022-11-14 01:05:26,518 [pool-402-thread-1] INFO  server.RaftServerConfigKeys (ConfUtils.java:logGet(46)) - raft.server.retrycache.expirytime = 600000ms (custom)
2022-11-14 01:05:26,518 [pool-402-thread-1] INFO  server.RaftServerConfigKeys (ConfUtils.java:logGet(46)) - raft.server.retrycache.statistics.expirytime = 100μs (default)
2022-11-14 01:05:26,519 [pool-402-thread-1] INFO  server.RaftServerConfigKeys (ConfUtils.java:logGet(46)) - raft.server.log.appender.install.snapshot.enabled = false (custom)
2022-11-14 01:05:26,519 [pool-402-thread-1] INFO  server.RaftServerConfigKeys (ConfUtils.java:logGet(46)) - raft.server.threadpool.server.cached = true (default)
2022-11-14 01:05:26,519 [pool-402-thread-1] INFO  server.RaftServerConfigKeys (ConfUtils.java:logGet(46)) - raft.server.threadpool.server.size = 0 (default)
2022-11-14 01:05:26,520 [pool-402-thread-1] INFO  server.RaftServerConfigKeys (ConfUtils.java:logGet(46)) - raft.server.threadpool.client.cached = true (default)
2022-11-14 01:05:26,520 [pool-402-thread-1] INFO  server.RaftServerConfigKeys (ConfUtils.java:logGet(46)) - raft.server.threadpool.client.size = 0 (default)
2022-11-14 01:05:26,521 [pool-402-thread-1] INFO  server.RaftServer$Division (RaftServerImpl.java:<init>(195)) - 64f2a322-bab2-49a6-bf14-d21796863fbb: new RaftServerImpl for group-B93C309DF681:[] with ContainerStateMachine:uninitialized
2022-11-14 01:05:26,521 [pool-402-thread-1] INFO  server.RaftServerConfigKeys (ConfUtils.java:logGet(46)) - raft.server.rpc.timeout.min = 5s (custom)
2022-11-14 01:05:26,521 [pool-402-thread-1] INFO  server.RaftServerConfigKeys (ConfUtils.java:logGet(46)) - raft.server.rpc.timeout.max = 5200ms (custom)
2022-11-14 01:05:26,521 [pool-402-thread-1] INFO  server.RaftServerConfigKeys (ConfUtils.java:logGet(46)) - raft.server.rpc.sleep.time = 25ms (default)
2022-11-14 01:05:26,521 [pool-402-thread-1] INFO  server.RaftServerConfigKeys (ConfUtils.java:logGet(46)) - raft.server.rpc.slowness.timeout = 300s (custom)
2022-11-14 01:05:26,521 [pool-402-thread-1] INFO  server.RaftServerConfigKeys (ConfUtils.java:logGet(46)) - raft.server.leaderelection.leader.step-down.wait-time = 10s (default)
2022-11-14 01:05:26,521 [pool-402-thread-1] INFO  server.RaftServerConfigKeys (ConfUtils.java:logGet(46)) - raft.server.sleep.deviation.threshold = 300ms (default)
2022-11-14 01:05:26,521 [pool-402-thread-1] INFO  server.RaftServer$Division (ServerState.java:<init>(118)) - 64f2a322-bab2-49a6-bf14-d21796863fbb@group-B93C309DF681: ConfigurationManager, init=-1: peers:[]|listeners:[], old=null, confs=<EMPTY_MAP>
2022-11-14 01:05:26,521 [pool-402-thread-1] INFO  server.RaftServerConfigKeys (ConfUtils.java:logGet(46)) - raft.server.storage.dir = [/home/runner/work/ozone/ozone/hadoop-ozone/integration-test/target/test-dir/MiniOzoneClusterImpl-42f4391e-4969-4d67-80bf-65b59c0896c5/datanode-0/data/ratis] (custom)
2022-11-14 01:05:26,521 [pool-402-thread-1] INFO  server.RaftServerConfigKeys (ConfUtils.java:logGet(46)) - raft.server.log.corruption.policy = EXCEPTION (default)
2022-11-14 01:05:26,521 [pool-402-thread-1] INFO  server.RaftServerConfigKeys (ConfUtils.java:logGet(46)) - raft.server.storage.free-space.min = 0MB (=0) (default)
2022-11-14 01:05:26,522 [pool-402-thread-1] INFO  server.RaftServerConfigKeys (ConfUtils.java:logGet(46)) - raft.server.notification.no-leader.timeout = 300s (custom)
2022-11-14 01:05:26,522 [pool-402-thread-1] INFO  server.RaftServerConfigKeys (ConfUtils.java:logGet(46)) - raft.server.retrycache.expirytime = 600000ms (custom)
2022-11-14 01:05:26,522 [pool-402-thread-1] INFO  server.RaftServerConfigKeys (ConfUtils.java:logGet(46)) - raft.server.retrycache.statistics.expirytime = 100μs (default)
2022-11-14 01:05:26,522 [pool-402-thread-1] INFO  server.RaftServerConfigKeys (ConfUtils.java:logGet(46)) - raft.server.log.appender.install.snapshot.enabled = false (custom)
2022-11-14 01:05:26,523 [pool-402-thread-1] INFO  server.RaftServerConfigKeys (ConfUtils.java:logGet(46)) - raft.server.threadpool.server.cached = true (default)
2022-11-14 01:05:26,523 [pool-402-thread-1] INFO  server.RaftServerConfigKeys (ConfUtils.java:logGet(46)) - raft.server.threadpool.server.size = 0 (default)
2022-11-14 01:05:26,523 [pool-402-thread-1] INFO  server.RaftServerConfigKeys (ConfUtils.java:logGet(46)) - raft.server.threadpool.client.cached = true (default)
2022-11-14 01:05:26,523 [pool-402-thread-1] INFO  server.RaftServerConfigKeys (ConfUtils.java:logGet(46)) - raft.server.threadpool.client.size = 0 (default)
2022-11-14 01:05:26,524 [Listener at 127.0.0.1/43447] INFO  server.session (DefaultSessionIdManager.java:doStart(334)) - DefaultSessionIdManager workerName=node0
2022-11-14 01:05:26,524 [Listener at 127.0.0.1/43447] INFO  server.session (DefaultSessionIdManager.java:doStart(339)) - No SessionScavenger set, using defaults
2022-11-14 01:05:26,524 [Listener at 127.0.0.1/43447] INFO  server.session (HouseKeeper.java:startScavenging(132)) - node0 Scavenging every 660000ms
2022-11-14 01:05:26,525 [Listener at 127.0.0.1/43447] INFO  handler.ContextHandler (ContextHandler.java:doStart(921)) - Started o.e.j.s.ServletContextHandler@205f33f3{logs,/logs,file:///home/runner/work/ozone/ozone/hadoop-ozone/integration-test/target/log,AVAILABLE}
2022-11-14 01:05:26,525 [Listener at 127.0.0.1/43447] INFO  handler.ContextHandler (ContextHandler.java:doStart(921)) - Started o.e.j.s.ServletContextHandler@7123f4ff{static,/static,jar:file:/home/runner/.m2/repository/org/apache/ozone/hdds-container-service/1.3.0-SNAPSHOT/hdds-container-service-1.3.0-SNAPSHOT.jar!/webapps/static,AVAILABLE}
2022-11-14 01:05:26,688 [Listener at 127.0.0.1/43447] INFO  handler.ContextHandler (ContextHandler.java:doStart(921)) - Started o.e.j.w.WebAppContext@6b3bb1c0{hddsDatanode,/,file:///tmp/jetty-0_0_0_0-38463-hdds-container-service-1_3_0-SNAPSHOT_jar-_-any-7079158416833868938/webapp/,AVAILABLE}{jar:file:/home/runner/.m2/repository/org/apache/ozone/hdds-container-service/1.3.0-SNAPSHOT/hdds-container-service-1.3.0-SNAPSHOT.jar!/webapps/hddsDatanode}
2022-11-14 01:05:26,689 [Listener at 127.0.0.1/43447] INFO  server.AbstractConnector (AbstractConnector.java:doStart(333)) - Started ServerConnector@43c3bbf1{HTTP/1.1, (http/1.1)}{0.0.0.0:38463}
2022-11-14 01:05:26,689 [Listener at 127.0.0.1/43447] INFO  server.Server (Server.java:doStart(415)) - Started @72433ms
2022-11-14 01:05:26,690 [Listener at 127.0.0.1/43447] WARN  impl.MetricsSystemImpl (MetricsSystemImpl.java:register(279)) - Sink prometheus already exists!
2022-11-14 01:05:26,690 [Listener at 127.0.0.1/43447] INFO  http.BaseHttpServer (BaseHttpServer.java:updateConnectorAddress(333)) - HTTP server of hddsDatanode listening at http://0.0.0.0:38463
2022-11-14 01:05:26,692 [Listener at 127.0.0.1/43447] WARN  impl.MetricRegistriesImpl (MetricRegistriesImpl.java:addReporterRegistration(111)) - New reporters are added after registries were created. Some metrics will be missing from the reporter. Please add reporter before adding any new registry.
2022-11-14 01:05:26,692 [Listener at 127.0.0.1/43447] WARN  impl.MetricRegistriesImpl (MetricRegistriesImpl.java:addReporterRegistration(111)) - New reporters are added after registries were created. Some metrics will be missing from the reporter. Please add reporter before adding any new registry.
2022-11-14 01:05:26,692 [Listener at 127.0.0.1/43447] INFO  impl.MetricsSystemImpl (MetricsSystemImpl.java:init(158)) - HddsDatanode metrics system started (again)
2022-11-14 01:05:26,697 [Datanode State Machine Daemon Thread] INFO  statemachine.DatanodeStateMachine (DatanodeStateMachine.java:lambda$startDaemon$0(505)) - Ozone container server started.
2022-11-14 01:05:26,705 [Listener at 127.0.0.1/43447] INFO  ozone.HddsDatanodeService (HddsDatanodeService.java:start(236)) - HddsDatanodeService host:fv-az334-552.zg0gw54pbdoexfhqlmz30d51na.gx.internal.cloudapp.net ip:10.1.0.33
2022-11-14 01:05:26,725 [org.apache.hadoop.util.JvmPauseMonitor$Monitor@400254d2] INFO  util.JvmPauseMonitor (JvmPauseMonitor.java:run(188)) - Starting JVM pause monitor
2022-11-14 01:05:26,730 [Datanode State Machine Task Thread - 0] INFO  datanode.InitDatanodeState (InitDatanodeState.java:persistContainerDatanodeDetails(138)) - DatanodeDetails is persisted to /home/runner/work/ozone/ozone/hadoop-ozone/integration-test/target/test-dir/MiniOzoneClusterImpl-42f4391e-4969-4d67-80bf-65b59c0896c5/datanode-0/meta/datanode.id
2022-11-14 01:05:26,741 [Listener at 127.0.0.1/43447] INFO  upgrade.AbstractLayoutVersionManager (AbstractLayoutVersionManager.java:init(83)) - Initializing Layout version manager with metadata layout = DATANODE_SCHEMA_V3 (version = 4), software layout = DATANODE_SCHEMA_V3 (version = 4)
2022-11-14 01:05:26,783 [Listener at 127.0.0.1/43447] INFO  reflections.Reflections (Reflections.java:scan(232)) - Reflections took 41 ms to scan 7 urls, producing 139 keys and 336 values 
2022-11-14 01:05:26,784 [Listener at 127.0.0.1/43447] INFO  statemachine.DatanodeStateMachine (DatanodeStateMachine.java:getEndPointTaskThreadPoolSize(245)) - Datanode State Machine Task Thread Pool size 2
2022-11-14 01:05:26,786 [Listener at 127.0.0.1/43447] INFO  volume.HddsVolume (HddsVolume.java:<init>(117)) - Creating HddsVolume: /home/runner/work/ozone/ozone/hadoop-ozone/integration-test/target/test-dir/MiniOzoneClusterImpl-42f4391e-4969-4d67-80bf-65b59c0896c5/datanode-1/data-0/containers/hdds of storage type : DISK capacity : 9223372036854775807
2022-11-14 01:05:26,786 [Listener at 127.0.0.1/43447] INFO  volume.MutableVolumeSet (MutableVolumeSet.java:initializeVolumeSet(174)) - Added Volume : /home/runner/work/ozone/ozone/hadoop-ozone/integration-test/target/test-dir/MiniOzoneClusterImpl-42f4391e-4969-4d67-80bf-65b59c0896c5/datanode-1/data-0/containers/hdds to VolumeSet
2022-11-14 01:05:26,786 [Listener at 127.0.0.1/43447] INFO  volume.ThrottledAsyncChecker (ThrottledAsyncChecker.java:schedule(141)) - Scheduling a check for /home/runner/work/ozone/ozone/hadoop-ozone/integration-test/target/test-dir/MiniOzoneClusterImpl-42f4391e-4969-4d67-80bf-65b59c0896c5/datanode-1/data-0/containers/hdds
2022-11-14 01:05:26,787 [Listener at 127.0.0.1/43447] INFO  volume.StorageVolumeChecker (StorageVolumeChecker.java:checkAllVolumes(202)) - Scheduled health check for volume /home/runner/work/ozone/ozone/hadoop-ozone/integration-test/target/test-dir/MiniOzoneClusterImpl-42f4391e-4969-4d67-80bf-65b59c0896c5/datanode-1/data-0/containers/hdds
2022-11-14 01:05:26,797 [Listener at 127.0.0.1/43447] INFO  volume.MutableVolumeSet (MutableVolumeSet.java:initializeVolumeSet(174)) - Added Volume : /home/runner/work/ozone/ozone/hadoop-ozone/integration-test/target/test-dir/MiniOzoneClusterImpl-42f4391e-4969-4d67-80bf-65b59c0896c5/datanode-1/data/ratis to VolumeSet
2022-11-14 01:05:26,797 [Listener at 127.0.0.1/43447] INFO  volume.ThrottledAsyncChecker (ThrottledAsyncChecker.java:schedule(141)) - Scheduling a check for /home/runner/work/ozone/ozone/hadoop-ozone/integration-test/target/test-dir/MiniOzoneClusterImpl-42f4391e-4969-4d67-80bf-65b59c0896c5/datanode-1/data/ratis
2022-11-14 01:05:26,798 [Listener at 127.0.0.1/43447] INFO  volume.StorageVolumeChecker (StorageVolumeChecker.java:checkAllVolumes(202)) - Scheduled health check for volume /home/runner/work/ozone/ozone/hadoop-ozone/integration-test/target/test-dir/MiniOzoneClusterImpl-42f4391e-4969-4d67-80bf-65b59c0896c5/datanode-1/data/ratis
2022-11-14 01:05:26,821 [Listener at 127.0.0.1/43447] INFO  utils.DatanodeStoreCache (DatanodeStoreCache.java:addDB(58)) - Added db /home/runner/work/ozone/ozone/hadoop-ozone/integration-test/target/test-dir/MiniOzoneClusterImpl-42f4391e-4969-4d67-80bf-65b59c0896c5/datanode-1/data-0/containers/hdds/42f4391e-4969-4d67-80bf-65b59c0896c5/DS-4928040c-0d7a-4d70-8d7e-316f20ed8f82/container.db to cache
2022-11-14 01:05:26,821 [Listener at 127.0.0.1/43447] INFO  volume.HddsVolume (HddsVolume.java:loadDbStore(260)) - SchemaV3 db is loaded at /home/runner/work/ozone/ozone/hadoop-ozone/integration-test/target/test-dir/MiniOzoneClusterImpl-42f4391e-4969-4d67-80bf-65b59c0896c5/datanode-1/data-0/containers/hdds/42f4391e-4969-4d67-80bf-65b59c0896c5/DS-4928040c-0d7a-4d70-8d7e-316f20ed8f82/container.db for volume DS-4928040c-0d7a-4d70-8d7e-316f20ed8f82
2022-11-14 01:05:26,822 [Thread-702] INFO  ozoneimpl.ContainerReader (ContainerReader.java:readVolume(145)) - Start to verify containers on volume /home/runner/work/ozone/ozone/hadoop-ozone/integration-test/target/test-dir/MiniOzoneClusterImpl-42f4391e-4969-4d67-80bf-65b59c0896c5/datanode-1/data-0/containers/hdds
2022-11-14 01:05:26,822 [Thread-702] INFO  ozoneimpl.ContainerReader (ContainerReader.java:readVolume(175)) - Finish verifying containers on volume /home/runner/work/ozone/ozone/hadoop-ozone/integration-test/target/test-dir/MiniOzoneClusterImpl-42f4391e-4969-4d67-80bf-65b59c0896c5/datanode-1/data-0/containers/hdds
2022-11-14 01:05:26,822 [Listener at 127.0.0.1/43447] INFO  ozoneimpl.OzoneContainer (OzoneContainer.java:buildContainerSet(300)) - Build ContainerSet costs 0s
2022-11-14 01:05:26,824 [Listener at 127.0.0.1/43447] INFO  server.RaftServer (ConfUtils.java:logGet(46)) - raft.rpc.type = GRPC (default)
2022-11-14 01:05:26,824 [Listener at 127.0.0.1/43447] INFO  grpc.GrpcConfigKeys (ConfUtils.java:logFallback(53)) - raft.grpc.admin.host = null (fallback to raft.grpc.server.host)
2022-11-14 01:05:26,824 [Listener at 127.0.0.1/43447] INFO  grpc.GrpcConfigKeys (ConfUtils.java:logGet(46)) - raft.grpc.admin.port = 42253 (custom)
2022-11-14 01:05:26,824 [Listener at 127.0.0.1/43447] INFO  grpc.GrpcConfigKeys (ConfUtils.java:logFallback(53)) - raft.grpc.client.host = null (fallback to raft.grpc.server.host)
2022-11-14 01:05:26,824 [Listener at 127.0.0.1/43447] INFO  grpc.GrpcConfigKeys (ConfUtils.java:logGet(46)) - raft.grpc.client.port = 42253 (custom)
2022-11-14 01:05:26,824 [Listener at 127.0.0.1/43447] INFO  grpc.GrpcConfigKeys (ConfUtils.java:logGet(46)) - raft.grpc.server.host = null (default)
2022-11-14 01:05:26,825 [Listener at 127.0.0.1/43447] INFO  grpc.GrpcConfigKeys (ConfUtils.java:logGet(46)) - raft.grpc.server.port = 42253 (custom)
2022-11-14 01:05:26,825 [Listener at 127.0.0.1/43447] INFO  server.GrpcService (ConfUtils.java:logGet(46)) - raft.grpc.message.size.max = 32MB (=33554432) (custom)
2022-11-14 01:05:26,825 [Listener at 127.0.0.1/43447] INFO  server.RaftServerConfigKeys (ConfUtils.java:logGet(46)) - raft.server.log.appender.buffer.byte-limit = 33554432 (custom)
2022-11-14 01:05:26,825 [Listener at 127.0.0.1/43447] INFO  server.GrpcService (ConfUtils.java:logGet(46)) - raft.grpc.flow.control.window = 5MB (=5242880) (custom)
2022-11-14 01:05:26,825 [Listener at 127.0.0.1/43447] INFO  server.RaftServerConfigKeys (ConfUtils.java:logGet(46)) - raft.server.rpc.request.timeout = 60s (custom)
2022-11-14 01:05:26,825 [Listener at 127.0.0.1/43447] INFO  grpc.GrpcConfigKeys (ConfUtils.java:logGet(46)) - raft.grpc.server.heartbeat.channel = true (default)
2022-11-14 01:05:26,825 [Listener at 127.0.0.1/43447] INFO  grpc.GrpcConfigKeys (ConfUtils.java:logGet(46)) - raft.grpc.server.async.request.thread.pool.cached = true (default)
2022-11-14 01:05:26,825 [Listener at 127.0.0.1/43447] INFO  grpc.GrpcConfigKeys (ConfUtils.java:logGet(46)) - raft.grpc.server.async.request.thread.pool.size = 32 (default)
2022-11-14 01:05:26,826 [Listener at 127.0.0.1/43447] INFO  impl.DataStreamServerImpl (ConfUtils.java:logGet(46)) - raft.datastream.type = DISABLED (default)
2022-11-14 01:05:26,827 [Listener at 127.0.0.1/43447] INFO  server.RaftServerConfigKeys (ConfUtils.java:logGet(46)) - raft.server.threadpool.proxy.cached = true (default)
2022-11-14 01:05:26,827 [Listener at 127.0.0.1/43447] INFO  server.RaftServerConfigKeys (ConfUtils.java:logGet(46)) - raft.server.threadpool.proxy.size = 0 (default)
2022-11-14 01:05:26,827 [Listener at 127.0.0.1/43447] INFO  server.RaftServerConfigKeys (ConfUtils.java:logGet(46)) - raft.server.rpc.slowness.timeout = 300s (custom)
2022-11-14 01:05:26,827 [Listener at 127.0.0.1/43447] INFO  server.RaftServerConfigKeys (ConfUtils.java:logGet(46)) - raft.server.leaderelection.leader.step-down.wait-time = 10s (default)
2022-11-14 01:05:26,827 [Listener at 127.0.0.1/43447] INFO  server.RaftServerConfigKeys (ConfUtils.java:logGet(46)) - raft.server.storage.dir = [/home/runner/work/ozone/ozone/hadoop-ozone/integration-test/target/test-dir/MiniOzoneClusterImpl-42f4391e-4969-4d67-80bf-65b59c0896c5/datanode-1/data/ratis] (custom)
2022-11-14 01:05:26,828 [6d7210a4-52ae-4f69-8b98-4fa3950c6b17-impl-thread1] INFO  server.RaftServer (RaftServerProxy.java:initGroupDir(251)) - 6d7210a4-52ae-4f69-8b98-4fa3950c6b17: found a subdirectory /home/runner/work/ozone/ozone/hadoop-ozone/integration-test/target/test-dir/MiniOzoneClusterImpl-42f4391e-4969-4d67-80bf-65b59c0896c5/datanode-1/data/ratis/30370e2e-80d1-4efe-b890-602ca8fc85e9
2022-11-14 01:05:26,828 [6d7210a4-52ae-4f69-8b98-4fa3950c6b17-impl-thread1] INFO  server.RaftServer (RaftServerProxy.java:addNew(96)) - 6d7210a4-52ae-4f69-8b98-4fa3950c6b17: addNew group-602CA8FC85E9:[] returns group-602CA8FC85E9:java.util.concurrent.CompletableFuture@37d1ae43[Not completed]
2022-11-14 01:05:26,828 [6d7210a4-52ae-4f69-8b98-4fa3950c6b17-impl-thread1] INFO  server.RaftServer (RaftServerProxy.java:initGroupDir(251)) - 6d7210a4-52ae-4f69-8b98-4fa3950c6b17: found a subdirectory /home/runner/work/ozone/ozone/hadoop-ozone/integration-test/target/test-dir/MiniOzoneClusterImpl-42f4391e-4969-4d67-80bf-65b59c0896c5/datanode-1/data/ratis/7eae033a-3a61-4160-bb3c-2a9e3e468b9f
2022-11-14 01:05:26,828 [6d7210a4-52ae-4f69-8b98-4fa3950c6b17-impl-thread1] INFO  server.RaftServer (RaftServerProxy.java:addNew(96)) - 6d7210a4-52ae-4f69-8b98-4fa3950c6b17: addNew group-2A9E3E468B9F:[] returns group-2A9E3E468B9F:java.util.concurrent.CompletableFuture@33ee2c61[Not completed]
2022-11-14 01:05:26,828 [6d7210a4-52ae-4f69-8b98-4fa3950c6b17-impl-thread1] INFO  server.RaftServer (RaftServerProxy.java:initGroupDir(251)) - 6d7210a4-52ae-4f69-8b98-4fa3950c6b17: found a subdirectory /home/runner/work/ozone/ozone/hadoop-ozone/integration-test/target/test-dir/MiniOzoneClusterImpl-42f4391e-4969-4d67-80bf-65b59c0896c5/datanode-1/data/ratis/4a3b87c8-b214-4e29-bf5c-b93c309df681
2022-11-14 01:05:26,828 [6d7210a4-52ae-4f69-8b98-4fa3950c6b17-impl-thread1] INFO  server.RaftServer (RaftServerProxy.java:addNew(96)) - 6d7210a4-52ae-4f69-8b98-4fa3950c6b17: addNew group-B93C309DF681:[] returns group-B93C309DF681:java.util.concurrent.CompletableFuture@76eca478[Not completed]
2022-11-14 01:05:26,829 [Listener at 127.0.0.1/43447] INFO  server.XceiverServerGrpc (XceiverServerGrpc.java:<init>(132)) - GrpcServer channel type EpollServerSocketChannel
2022-11-14 01:05:26,831 [pool-432-thread-1] INFO  server.RaftServer$Division (RaftServerImpl.java:<init>(195)) - 6d7210a4-52ae-4f69-8b98-4fa3950c6b17: new RaftServerImpl for group-602CA8FC85E9:[] with ContainerStateMachine:uninitialized
2022-11-14 01:05:26,832 [pool-432-thread-1] INFO  server.RaftServerConfigKeys (ConfUtils.java:logGet(46)) - raft.server.rpc.timeout.min = 5s (custom)
2022-11-14 01:05:26,832 [pool-432-thread-1] INFO  server.RaftServerConfigKeys (ConfUtils.java:logGet(46)) - raft.server.rpc.timeout.max = 5200ms (custom)
2022-11-14 01:05:26,832 [pool-432-thread-1] INFO  server.RaftServerConfigKeys (ConfUtils.java:logGet(46)) - raft.server.rpc.sleep.time = 25ms (default)
2022-11-14 01:05:26,832 [pool-432-thread-1] INFO  server.RaftServerConfigKeys (ConfUtils.java:logGet(46)) - raft.server.rpc.slowness.timeout = 300s (custom)
2022-11-14 01:05:26,832 [pool-432-thread-1] INFO  server.RaftServerConfigKeys (ConfUtils.java:logGet(46)) - raft.server.leaderelection.leader.step-down.wait-time = 10s (default)
2022-11-14 01:05:26,832 [pool-432-thread-1] INFO  server.RaftServerConfigKeys (ConfUtils.java:logGet(46)) - raft.server.sleep.deviation.threshold = 300ms (default)
2022-11-14 01:05:26,832 [pool-432-thread-1] INFO  server.RaftServer$Division (ServerState.java:<init>(118)) - 6d7210a4-52ae-4f69-8b98-4fa3950c6b17@group-602CA8FC85E9: ConfigurationManager, init=-1: peers:[]|listeners:[], old=null, confs=<EMPTY_MAP>
2022-11-14 01:05:26,832 [pool-432-thread-1] INFO  server.RaftServerConfigKeys (ConfUtils.java:logGet(46)) - raft.server.storage.dir = [/home/runner/work/ozone/ozone/hadoop-ozone/integration-test/target/test-dir/MiniOzoneClusterImpl-42f4391e-4969-4d67-80bf-65b59c0896c5/datanode-1/data/ratis] (custom)
2022-11-14 01:05:26,832 [pool-432-thread-1] INFO  server.RaftServerConfigKeys (ConfUtils.java:logGet(46)) - raft.server.log.corruption.policy = EXCEPTION (default)
2022-11-14 01:05:26,832 [pool-432-thread-1] INFO  server.RaftServerConfigKeys (ConfUtils.java:logGet(46)) - raft.server.storage.free-space.min = 0MB (=0) (default)
2022-11-14 01:05:26,832 [pool-432-thread-1] INFO  server.RaftServerConfigKeys (ConfUtils.java:logGet(46)) - raft.server.notification.no-leader.timeout = 300s (custom)
2022-11-14 01:05:26,832 [pool-432-thread-1] INFO  server.RaftServerConfigKeys (ConfUtils.java:logGet(46)) - raft.server.retrycache.expirytime = 600000ms (custom)
2022-11-14 01:05:26,832 [pool-432-thread-1] INFO  server.RaftServerConfigKeys (ConfUtils.java:logGet(46)) - raft.server.retrycache.statistics.expirytime = 100μs (default)
2022-11-14 01:05:26,833 [pool-432-thread-1] INFO  server.RaftServerConfigKeys (ConfUtils.java:logGet(46)) - raft.server.log.appender.install.snapshot.enabled = false (custom)
2022-11-14 01:05:26,833 [pool-432-thread-1] INFO  server.RaftServerConfigKeys (ConfUtils.java:logGet(46)) - raft.server.threadpool.server.cached = true (default)
2022-11-14 01:05:26,833 [pool-432-thread-1] INFO  server.RaftServerConfigKeys (ConfUtils.java:logGet(46)) - raft.server.threadpool.server.size = 0 (default)
2022-11-14 01:05:26,833 [pool-432-thread-1] INFO  server.RaftServerConfigKeys (ConfUtils.java:logGet(46)) - raft.server.threadpool.client.cached = true (default)
2022-11-14 01:05:26,833 [pool-432-thread-1] INFO  server.RaftServerConfigKeys (ConfUtils.java:logGet(46)) - raft.server.threadpool.client.size = 0 (default)
2022-11-14 01:05:26,834 [Listener at 127.0.0.1/43447] INFO  http.BaseHttpServer (BaseHttpServer.java:newHttpServer2BuilderForOzone(213)) - Starting Web-server for hddsDatanode at: http://0.0.0.0:33279
2022-11-14 01:05:26,835 [Listener at 127.0.0.1/43447] INFO  http.BaseHttpServer (BaseHttpServer.java:<init>(108)) - Hadoop Security Enabled: false Ozone Security Enabled: false Ozone HTTP Security Enabled: false 
2022-11-14 01:05:26,836 [Listener at 127.0.0.1/43447] WARN  server.AuthenticationFilter (AuthenticationFilter.java:constructSecretProvider(240)) - Unable to initialize FileSignerSecretProvider, falling back to use random secrets. Reason: Could not read signature secret file: /home/runner/hadoop-http-auth-signature-secret
2022-11-14 01:05:26,839 [pool-432-thread-1] INFO  server.RaftServer$Division (RaftServerImpl.java:<init>(195)) - 6d7210a4-52ae-4f69-8b98-4fa3950c6b17: new RaftServerImpl for group-2A9E3E468B9F:[] with ContainerStateMachine:uninitialized
2022-11-14 01:05:26,839 [pool-432-thread-1] INFO  server.RaftServerConfigKeys (ConfUtils.java:logGet(46)) - raft.server.rpc.timeout.min = 5s (custom)
2022-11-14 01:05:26,840 [pool-432-thread-1] INFO  server.RaftServerConfigKeys (ConfUtils.java:logGet(46)) - raft.server.rpc.timeout.max = 5200ms (custom)
2022-11-14 01:05:26,840 [pool-432-thread-1] INFO  server.RaftServerConfigKeys (ConfUtils.java:logGet(46)) - raft.server.rpc.sleep.time = 25ms (default)
2022-11-14 01:05:26,840 [pool-432-thread-1] INFO  server.RaftServerConfigKeys (ConfUtils.java:logGet(46)) - raft.server.rpc.slowness.timeout = 300s (custom)
2022-11-14 01:05:26,840 [pool-432-thread-1] INFO  server.RaftServerConfigKeys (ConfUtils.java:logGet(46)) - raft.server.leaderelection.leader.step-down.wait-time = 10s (default)
2022-11-14 01:05:26,840 [pool-432-thread-1] INFO  server.RaftServerConfigKeys (ConfUtils.java:logGet(46)) - raft.server.sleep.deviation.threshold = 300ms (default)
2022-11-14 01:05:26,840 [pool-432-thread-1] INFO  server.RaftServer$Division (ServerState.java:<init>(118)) - 6d7210a4-52ae-4f69-8b98-4fa3950c6b17@group-2A9E3E468B9F: ConfigurationManager, init=-1: peers:[]|listeners:[], old=null, confs=<EMPTY_MAP>
2022-11-14 01:05:26,840 [pool-432-thread-1] INFO  server.RaftServerConfigKeys (ConfUtils.java:logGet(46)) - raft.server.storage.dir = [/home/runner/work/ozone/ozone/hadoop-ozone/integration-test/target/test-dir/MiniOzoneClusterImpl-42f4391e-4969-4d67-80bf-65b59c0896c5/datanode-1/data/ratis] (custom)
2022-11-14 01:05:26,840 [pool-432-thread-1] INFO  server.RaftServerConfigKeys (ConfUtils.java:logGet(46)) - raft.server.log.corruption.policy = EXCEPTION (default)
2022-11-14 01:05:26,840 [pool-432-thread-1] INFO  server.RaftServerConfigKeys (ConfUtils.java:logGet(46)) - raft.server.storage.free-space.min = 0MB (=0) (default)
2022-11-14 01:05:26,840 [pool-432-thread-1] INFO  server.RaftServerConfigKeys (ConfUtils.java:logGet(46)) - raft.server.notification.no-leader.timeout = 300s (custom)
2022-11-14 01:05:26,840 [pool-432-thread-1] INFO  server.RaftServerConfigKeys (ConfUtils.java:logGet(46)) - raft.server.retrycache.expirytime = 600000ms (custom)
2022-11-14 01:05:26,840 [pool-432-thread-1] INFO  server.RaftServerConfigKeys (ConfUtils.java:logGet(46)) - raft.server.retrycache.statistics.expirytime = 100μs (default)
2022-11-14 01:05:26,841 [pool-432-thread-1] INFO  server.RaftServerConfigKeys (ConfUtils.java:logGet(46)) - raft.server.log.appender.install.snapshot.enabled = false (custom)
2022-11-14 01:05:26,841 [pool-432-thread-1] INFO  server.RaftServerConfigKeys (ConfUtils.java:logGet(46)) - raft.server.threadpool.server.cached = true (default)
2022-11-14 01:05:26,841 [pool-432-thread-1] INFO  server.RaftServerConfigKeys (ConfUtils.java:logGet(46)) - raft.server.threadpool.server.size = 0 (default)
2022-11-14 01:05:26,841 [pool-432-thread-1] INFO  server.RaftServerConfigKeys (ConfUtils.java:logGet(46)) - raft.server.threadpool.client.cached = true (default)
2022-11-14 01:05:26,841 [pool-432-thread-1] INFO  server.RaftServerConfigKeys (ConfUtils.java:logGet(46)) - raft.server.threadpool.client.size = 0 (default)
2022-11-14 01:05:26,842 [pool-432-thread-1] INFO  server.RaftServer$Division (RaftServerImpl.java:<init>(195)) - 6d7210a4-52ae-4f69-8b98-4fa3950c6b17: new RaftServerImpl for group-B93C309DF681:[] with ContainerStateMachine:uninitialized
2022-11-14 01:05:26,842 [pool-432-thread-1] INFO  server.RaftServerConfigKeys (ConfUtils.java:logGet(46)) - raft.server.rpc.timeout.min = 5s (custom)
2022-11-14 01:05:26,842 [pool-432-thread-1] INFO  server.RaftServerConfigKeys (ConfUtils.java:logGet(46)) - raft.server.rpc.timeout.max = 5200ms (custom)
2022-11-14 01:05:26,842 [pool-432-thread-1] INFO  server.RaftServerConfigKeys (ConfUtils.java:logGet(46)) - raft.server.rpc.sleep.time = 25ms (default)
2022-11-14 01:05:26,842 [pool-432-thread-1] INFO  server.RaftServerConfigKeys (ConfUtils.java:logGet(46)) - raft.server.rpc.slowness.timeout = 300s (custom)
2022-11-14 01:05:26,842 [pool-432-thread-1] INFO  server.RaftServerConfigKeys (ConfUtils.java:logGet(46)) - raft.server.leaderelection.leader.step-down.wait-time = 10s (default)
2022-11-14 01:05:26,842 [pool-432-thread-1] INFO  server.RaftServerConfigKeys (ConfUtils.java:logGet(46)) - raft.server.sleep.deviation.threshold = 300ms (default)
2022-11-14 01:05:26,842 [pool-432-thread-1] INFO  server.RaftServer$Division (ServerState.java:<init>(118)) - 6d7210a4-52ae-4f69-8b98-4fa3950c6b17@group-B93C309DF681: ConfigurationManager, init=-1: peers:[]|listeners:[], old=null, confs=<EMPTY_MAP>
2022-11-14 01:05:26,842 [pool-432-thread-1] INFO  server.RaftServerConfigKeys (ConfUtils.java:logGet(46)) - raft.server.storage.dir = [/home/runner/work/ozone/ozone/hadoop-ozone/integration-test/target/test-dir/MiniOzoneClusterImpl-42f4391e-4969-4d67-80bf-65b59c0896c5/datanode-1/data/ratis] (custom)
2022-11-14 01:05:26,842 [pool-432-thread-1] INFO  server.RaftServerConfigKeys (ConfUtils.java:logGet(46)) - raft.server.log.corruption.policy = EXCEPTION (default)
2022-11-14 01:05:26,842 [pool-432-thread-1] INFO  server.RaftServerConfigKeys (ConfUtils.java:logGet(46)) - raft.server.storage.free-space.min = 0MB (=0) (default)
2022-11-14 01:05:26,842 [pool-432-thread-1] INFO  server.RaftServerConfigKeys (ConfUtils.java:logGet(46)) - raft.server.notification.no-leader.timeout = 300s (custom)
2022-11-14 01:05:26,842 [pool-432-thread-1] INFO  server.RaftServerConfigKeys (ConfUtils.java:logGet(46)) - raft.server.retrycache.expirytime = 600000ms (custom)
2022-11-14 01:05:26,842 [pool-432-thread-1] INFO  server.RaftServerConfigKeys (ConfUtils.java:logGet(46)) - raft.server.retrycache.statistics.expirytime = 100μs (default)
2022-11-14 01:05:26,843 [pool-432-thread-1] INFO  server.RaftServerConfigKeys (ConfUtils.java:logGet(46)) - raft.server.log.appender.install.snapshot.enabled = false (custom)
2022-11-14 01:05:26,843 [pool-432-thread-1] INFO  server.RaftServerConfigKeys (ConfUtils.java:logGet(46)) - raft.server.threadpool.server.cached = true (default)
2022-11-14 01:05:26,843 [pool-432-thread-1] INFO  server.RaftServerConfigKeys (ConfUtils.java:logGet(46)) - raft.server.threadpool.server.size = 0 (default)
2022-11-14 01:05:26,843 [pool-432-thread-1] INFO  server.RaftServerConfigKeys (ConfUtils.java:logGet(46)) - raft.server.threadpool.client.cached = true (default)
2022-11-14 01:05:26,843 [pool-432-thread-1] INFO  server.RaftServerConfigKeys (ConfUtils.java:logGet(46)) - raft.server.threadpool.client.size = 0 (default)
2022-11-14 01:05:26,845 [Listener at 127.0.0.1/43447] WARN  http.HttpRequestLog (HttpRequestLog.java:getRequestLog(103)) - Jetty request log can only be enabled using Log4j
2022-11-14 01:05:26,846 [Listener at 127.0.0.1/43447] INFO  http.HttpServer2 (HttpServer2.java:addGlobalFilter(1031)) - Added global filter 'safety' (class=org.apache.hadoop.hdds.server.http.HttpServer2$QuotingInputFilter)
2022-11-14 01:05:26,847 [Listener at 127.0.0.1/43447] INFO  http.HttpServer2 (HttpServer2.java:addFilter(1007)) - Added filter static_user_filter (class=org.apache.hadoop.http.lib.StaticUserWebFilter$StaticUserFilter) to context hddsDatanode
2022-11-14 01:05:26,847 [Listener at 127.0.0.1/43447] INFO  http.HttpServer2 (HttpServer2.java:addFilter(1015)) - Added filter static_user_filter (class=org.apache.hadoop.http.lib.StaticUserWebFilter$StaticUserFilter) to context static
2022-11-14 01:05:26,847 [Listener at 127.0.0.1/43447] INFO  http.HttpServer2 (HttpServer2.java:addFilter(1015)) - Added filter static_user_filter (class=org.apache.hadoop.http.lib.StaticUserWebFilter$StaticUserFilter) to context logs
2022-11-14 01:05:26,847 [Listener at 127.0.0.1/43447] INFO  http.HttpServer2 (HttpServer2.java:bindListener(1250)) - Jetty bound to port 33279
2022-11-14 01:05:26,847 [Listener at 127.0.0.1/43447] INFO  server.Server (Server.java:doStart(375)) - jetty-9.4.49.v20220914; built: 2022-09-14T01:07:36.601Z; git: 4231a3b2e4cb8548a412a789936d640a97b1aa0a; jvm 1.8.0_345-b01
2022-11-14 01:05:26,849 [Listener at 127.0.0.1/43447] INFO  server.session (DefaultSessionIdManager.java:doStart(334)) - DefaultSessionIdManager workerName=node0
2022-11-14 01:05:26,849 [Listener at 127.0.0.1/43447] INFO  server.session (DefaultSessionIdManager.java:doStart(339)) - No SessionScavenger set, using defaults
2022-11-14 01:05:26,849 [Listener at 127.0.0.1/43447] INFO  server.session (HouseKeeper.java:startScavenging(132)) - node0 Scavenging every 600000ms
2022-11-14 01:05:26,849 [Listener at 127.0.0.1/43447] INFO  handler.ContextHandler (ContextHandler.java:doStart(921)) - Started o.e.j.s.ServletContextHandler@7c4921f1{logs,/logs,file:///home/runner/work/ozone/ozone/hadoop-ozone/integration-test/target/log,AVAILABLE}
2022-11-14 01:05:26,850 [Listener at 127.0.0.1/43447] INFO  handler.ContextHandler (ContextHandler.java:doStart(921)) - Started o.e.j.s.ServletContextHandler@60fc372c{static,/static,jar:file:/home/runner/.m2/repository/org/apache/ozone/hdds-container-service/1.3.0-SNAPSHOT/hdds-container-service-1.3.0-SNAPSHOT.jar!/webapps/static,AVAILABLE}
2022-11-14 01:05:27,012 [Listener at 127.0.0.1/43447] INFO  handler.ContextHandler (ContextHandler.java:doStart(921)) - Started o.e.j.w.WebAppContext@8dff374{hddsDatanode,/,file:///tmp/jetty-0_0_0_0-33279-hdds-container-service-1_3_0-SNAPSHOT_jar-_-any-6970888549980343134/webapp/,AVAILABLE}{jar:file:/home/runner/.m2/repository/org/apache/ozone/hdds-container-service/1.3.0-SNAPSHOT/hdds-container-service-1.3.0-SNAPSHOT.jar!/webapps/hddsDatanode}
2022-11-14 01:05:27,014 [Listener at 127.0.0.1/43447] INFO  server.AbstractConnector (AbstractConnector.java:doStart(333)) - Started ServerConnector@2ff524eb{HTTP/1.1, (http/1.1)}{0.0.0.0:33279}
2022-11-14 01:05:27,014 [Listener at 127.0.0.1/43447] INFO  server.Server (Server.java:doStart(415)) - Started @72757ms
2022-11-14 01:05:27,015 [Listener at 127.0.0.1/43447] WARN  impl.MetricsSystemImpl (MetricsSystemImpl.java:register(279)) - Sink prometheus already exists!
2022-11-14 01:05:27,016 [Listener at 127.0.0.1/43447] INFO  http.BaseHttpServer (BaseHttpServer.java:updateConnectorAddress(333)) - HTTP server of hddsDatanode listening at http://0.0.0.0:33279
2022-11-14 01:05:27,016 [Datanode State Machine Daemon Thread] INFO  statemachine.DatanodeStateMachine (DatanodeStateMachine.java:lambda$startDaemon$0(505)) - Ozone container server started.
2022-11-14 01:05:27,020 [Listener at 127.0.0.1/43447] WARN  impl.MetricRegistriesImpl (MetricRegistriesImpl.java:addReporterRegistration(111)) - New reporters are added after registries were created. Some metrics will be missing from the reporter. Please add reporter before adding any new registry.
2022-11-14 01:05:27,020 [Listener at 127.0.0.1/43447] WARN  impl.MetricRegistriesImpl (MetricRegistriesImpl.java:addReporterRegistration(111)) - New reporters are added after registries were created. Some metrics will be missing from the reporter. Please add reporter before adding any new registry.
2022-11-14 01:05:27,020 [Listener at 127.0.0.1/43447] INFO  impl.MetricsSystemImpl (MetricsSystemImpl.java:init(158)) - HddsDatanode metrics system started (again)
2022-11-14 01:05:27,032 [org.apache.hadoop.util.JvmPauseMonitor$Monitor@f26fea8] INFO  util.JvmPauseMonitor (JvmPauseMonitor.java:run(188)) - Starting JVM pause monitor
2022-11-14 01:05:27,034 [Listener at 127.0.0.1/43447] INFO  ozone.HddsDatanodeService (HddsDatanodeService.java:start(236)) - HddsDatanodeService host:fv-az334-552.zg0gw54pbdoexfhqlmz30d51na.gx.internal.cloudapp.net ip:10.1.0.33
2022-11-14 01:05:27,036 [Datanode State Machine Task Thread - 0] INFO  datanode.InitDatanodeState (InitDatanodeState.java:persistContainerDatanodeDetails(138)) - DatanodeDetails is persisted to /home/runner/work/ozone/ozone/hadoop-ozone/integration-test/target/test-dir/MiniOzoneClusterImpl-42f4391e-4969-4d67-80bf-65b59c0896c5/datanode-1/meta/datanode.id
2022-11-14 01:05:27,049 [Listener at 127.0.0.1/43447] INFO  upgrade.AbstractLayoutVersionManager (AbstractLayoutVersionManager.java:init(83)) - Initializing Layout version manager with metadata layout = DATANODE_SCHEMA_V3 (version = 4), software layout = DATANODE_SCHEMA_V3 (version = 4)
2022-11-14 01:05:27,091 [Listener at 127.0.0.1/43447] INFO  reflections.Reflections (Reflections.java:scan(232)) - Reflections took 39 ms to scan 7 urls, producing 139 keys and 336 values 
2022-11-14 01:05:27,092 [Listener at 127.0.0.1/43447] INFO  statemachine.DatanodeStateMachine (DatanodeStateMachine.java:getEndPointTaskThreadPoolSize(245)) - Datanode State Machine Task Thread Pool size 2
2022-11-14 01:05:27,094 [Listener at 127.0.0.1/43447] INFO  volume.HddsVolume (HddsVolume.java:<init>(117)) - Creating HddsVolume: /home/runner/work/ozone/ozone/hadoop-ozone/integration-test/target/test-dir/MiniOzoneClusterImpl-42f4391e-4969-4d67-80bf-65b59c0896c5/datanode-2/data-0/containers/hdds of storage type : DISK capacity : 9223372036854775807
2022-11-14 01:05:27,094 [Listener at 127.0.0.1/43447] INFO  volume.MutableVolumeSet (MutableVolumeSet.java:initializeVolumeSet(174)) - Added Volume : /home/runner/work/ozone/ozone/hadoop-ozone/integration-test/target/test-dir/MiniOzoneClusterImpl-42f4391e-4969-4d67-80bf-65b59c0896c5/datanode-2/data-0/containers/hdds to VolumeSet
2022-11-14 01:05:27,094 [Listener at 127.0.0.1/43447] INFO  volume.ThrottledAsyncChecker (ThrottledAsyncChecker.java:schedule(141)) - Scheduling a check for /home/runner/work/ozone/ozone/hadoop-ozone/integration-test/target/test-dir/MiniOzoneClusterImpl-42f4391e-4969-4d67-80bf-65b59c0896c5/datanode-2/data-0/containers/hdds
2022-11-14 01:05:27,095 [Listener at 127.0.0.1/43447] INFO  volume.StorageVolumeChecker (StorageVolumeChecker.java:checkAllVolumes(202)) - Scheduled health check for volume /home/runner/work/ozone/ozone/hadoop-ozone/integration-test/target/test-dir/MiniOzoneClusterImpl-42f4391e-4969-4d67-80bf-65b59c0896c5/datanode-2/data-0/containers/hdds
2022-11-14 01:05:27,105 [Listener at 127.0.0.1/43447] INFO  volume.MutableVolumeSet (MutableVolumeSet.java:initializeVolumeSet(174)) - Added Volume : /home/runner/work/ozone/ozone/hadoop-ozone/integration-test/target/test-dir/MiniOzoneClusterImpl-42f4391e-4969-4d67-80bf-65b59c0896c5/datanode-2/data/ratis to VolumeSet
2022-11-14 01:05:27,106 [Listener at 127.0.0.1/43447] INFO  volume.ThrottledAsyncChecker (ThrottledAsyncChecker.java:schedule(141)) - Scheduling a check for /home/runner/work/ozone/ozone/hadoop-ozone/integration-test/target/test-dir/MiniOzoneClusterImpl-42f4391e-4969-4d67-80bf-65b59c0896c5/datanode-2/data/ratis
2022-11-14 01:05:27,106 [Listener at 127.0.0.1/43447] INFO  volume.StorageVolumeChecker (StorageVolumeChecker.java:checkAllVolumes(202)) - Scheduled health check for volume /home/runner/work/ozone/ozone/hadoop-ozone/integration-test/target/test-dir/MiniOzoneClusterImpl-42f4391e-4969-4d67-80bf-65b59c0896c5/datanode-2/data/ratis
2022-11-14 01:05:27,136 [Listener at 127.0.0.1/43447] INFO  utils.DatanodeStoreCache (DatanodeStoreCache.java:addDB(58)) - Added db /home/runner/work/ozone/ozone/hadoop-ozone/integration-test/target/test-dir/MiniOzoneClusterImpl-42f4391e-4969-4d67-80bf-65b59c0896c5/datanode-2/data-0/containers/hdds/42f4391e-4969-4d67-80bf-65b59c0896c5/DS-f2794053-a537-4f61-a2b5-e645aefa139b/container.db to cache
2022-11-14 01:05:27,136 [Listener at 127.0.0.1/43447] INFO  volume.HddsVolume (HddsVolume.java:loadDbStore(260)) - SchemaV3 db is loaded at /home/runner/work/ozone/ozone/hadoop-ozone/integration-test/target/test-dir/MiniOzoneClusterImpl-42f4391e-4969-4d67-80bf-65b59c0896c5/datanode-2/data-0/containers/hdds/42f4391e-4969-4d67-80bf-65b59c0896c5/DS-f2794053-a537-4f61-a2b5-e645aefa139b/container.db for volume DS-f2794053-a537-4f61-a2b5-e645aefa139b
2022-11-14 01:05:27,137 [Thread-715] INFO  ozoneimpl.ContainerReader (ContainerReader.java:readVolume(145)) - Start to verify containers on volume /home/runner/work/ozone/ozone/hadoop-ozone/integration-test/target/test-dir/MiniOzoneClusterImpl-42f4391e-4969-4d67-80bf-65b59c0896c5/datanode-2/data-0/containers/hdds
2022-11-14 01:05:27,137 [Thread-715] INFO  ozoneimpl.ContainerReader (ContainerReader.java:readVolume(175)) - Finish verifying containers on volume /home/runner/work/ozone/ozone/hadoop-ozone/integration-test/target/test-dir/MiniOzoneClusterImpl-42f4391e-4969-4d67-80bf-65b59c0896c5/datanode-2/data-0/containers/hdds
2022-11-14 01:05:27,137 [Listener at 127.0.0.1/43447] INFO  ozoneimpl.OzoneContainer (OzoneContainer.java:buildContainerSet(300)) - Build ContainerSet costs 0s
2022-11-14 01:05:27,139 [Listener at 127.0.0.1/43447] INFO  server.RaftServer (ConfUtils.java:logGet(46)) - raft.rpc.type = GRPC (default)
2022-11-14 01:05:27,139 [Listener at 127.0.0.1/43447] INFO  grpc.GrpcConfigKeys (ConfUtils.java:logFallback(53)) - raft.grpc.admin.host = null (fallback to raft.grpc.server.host)
2022-11-14 01:05:27,139 [Listener at 127.0.0.1/43447] INFO  grpc.GrpcConfigKeys (ConfUtils.java:logGet(46)) - raft.grpc.admin.port = 36307 (custom)
2022-11-14 01:05:27,139 [Listener at 127.0.0.1/43447] INFO  grpc.GrpcConfigKeys (ConfUtils.java:logFallback(53)) - raft.grpc.client.host = null (fallback to raft.grpc.server.host)
2022-11-14 01:05:27,139 [Listener at 127.0.0.1/43447] INFO  grpc.GrpcConfigKeys (ConfUtils.java:logGet(46)) - raft.grpc.client.port = 36307 (custom)
2022-11-14 01:05:27,139 [Listener at 127.0.0.1/43447] INFO  grpc.GrpcConfigKeys (ConfUtils.java:logGet(46)) - raft.grpc.server.host = null (default)
2022-11-14 01:05:27,140 [Listener at 127.0.0.1/43447] INFO  grpc.GrpcConfigKeys (ConfUtils.java:logGet(46)) - raft.grpc.server.port = 36307 (custom)
2022-11-14 01:05:27,140 [Listener at 127.0.0.1/43447] INFO  server.GrpcService (ConfUtils.java:logGet(46)) - raft.grpc.message.size.max = 32MB (=33554432) (custom)
2022-11-14 01:05:27,140 [Listener at 127.0.0.1/43447] INFO  server.RaftServerConfigKeys (ConfUtils.java:logGet(46)) - raft.server.log.appender.buffer.byte-limit = 33554432 (custom)
2022-11-14 01:05:27,140 [Listener at 127.0.0.1/43447] INFO  server.GrpcService (ConfUtils.java:logGet(46)) - raft.grpc.flow.control.window = 5MB (=5242880) (custom)
2022-11-14 01:05:27,140 [Listener at 127.0.0.1/43447] INFO  server.RaftServerConfigKeys (ConfUtils.java:logGet(46)) - raft.server.rpc.request.timeout = 60s (custom)
2022-11-14 01:05:27,140 [Listener at 127.0.0.1/43447] INFO  grpc.GrpcConfigKeys (ConfUtils.java:logGet(46)) - raft.grpc.server.heartbeat.channel = true (default)
2022-11-14 01:05:27,140 [Listener at 127.0.0.1/43447] INFO  grpc.GrpcConfigKeys (ConfUtils.java:logGet(46)) - raft.grpc.server.async.request.thread.pool.cached = true (default)
2022-11-14 01:05:27,140 [Listener at 127.0.0.1/43447] INFO  grpc.GrpcConfigKeys (ConfUtils.java:logGet(46)) - raft.grpc.server.async.request.thread.pool.size = 32 (default)
2022-11-14 01:05:27,142 [Listener at 127.0.0.1/43447] INFO  impl.DataStreamServerImpl (ConfUtils.java:logGet(46)) - raft.datastream.type = DISABLED (default)
2022-11-14 01:05:27,142 [Listener at 127.0.0.1/43447] INFO  server.RaftServerConfigKeys (ConfUtils.java:logGet(46)) - raft.server.threadpool.proxy.cached = true (default)
2022-11-14 01:05:27,142 [Listener at 127.0.0.1/43447] INFO  server.RaftServerConfigKeys (ConfUtils.java:logGet(46)) - raft.server.threadpool.proxy.size = 0 (default)
2022-11-14 01:05:27,142 [Listener at 127.0.0.1/43447] INFO  server.RaftServerConfigKeys (ConfUtils.java:logGet(46)) - raft.server.rpc.slowness.timeout = 300s (custom)
2022-11-14 01:05:27,142 [Listener at 127.0.0.1/43447] INFO  server.RaftServerConfigKeys (ConfUtils.java:logGet(46)) - raft.server.leaderelection.leader.step-down.wait-time = 10s (default)
2022-11-14 01:05:27,142 [Listener at 127.0.0.1/43447] INFO  server.RaftServerConfigKeys (ConfUtils.java:logGet(46)) - raft.server.storage.dir = [/home/runner/work/ozone/ozone/hadoop-ozone/integration-test/target/test-dir/MiniOzoneClusterImpl-42f4391e-4969-4d67-80bf-65b59c0896c5/datanode-2/data/ratis] (custom)
2022-11-14 01:05:27,143 [3ebe5f2d-7fe4-4d1b-9835-0749a91ddd88-impl-thread1] INFO  server.RaftServer (RaftServerProxy.java:initGroupDir(251)) - 3ebe5f2d-7fe4-4d1b-9835-0749a91ddd88: found a subdirectory /home/runner/work/ozone/ozone/hadoop-ozone/integration-test/target/test-dir/MiniOzoneClusterImpl-42f4391e-4969-4d67-80bf-65b59c0896c5/datanode-2/data/ratis/30370e2e-80d1-4efe-b890-602ca8fc85e9
2022-11-14 01:05:27,144 [3ebe5f2d-7fe4-4d1b-9835-0749a91ddd88-impl-thread1] INFO  server.RaftServer (RaftServerProxy.java:addNew(96)) - 3ebe5f2d-7fe4-4d1b-9835-0749a91ddd88: addNew group-602CA8FC85E9:[] returns group-602CA8FC85E9:java.util.concurrent.CompletableFuture@529d9e3e[Not completed]
2022-11-14 01:05:27,144 [3ebe5f2d-7fe4-4d1b-9835-0749a91ddd88-impl-thread1] INFO  server.RaftServer (RaftServerProxy.java:initGroupDir(251)) - 3ebe5f2d-7fe4-4d1b-9835-0749a91ddd88: found a subdirectory /home/runner/work/ozone/ozone/hadoop-ozone/integration-test/target/test-dir/MiniOzoneClusterImpl-42f4391e-4969-4d67-80bf-65b59c0896c5/datanode-2/data/ratis/c9cfdbee-569e-4242-836c-d4d87b78e577
2022-11-14 01:05:27,144 [3ebe5f2d-7fe4-4d1b-9835-0749a91ddd88-impl-thread1] INFO  server.RaftServer (RaftServerProxy.java:addNew(96)) - 3ebe5f2d-7fe4-4d1b-9835-0749a91ddd88: addNew group-D4D87B78E577:[] returns group-D4D87B78E577:java.util.concurrent.CompletableFuture@56a210b5[Not completed]
2022-11-14 01:05:27,144 [3ebe5f2d-7fe4-4d1b-9835-0749a91ddd88-impl-thread1] INFO  server.RaftServer (RaftServerProxy.java:initGroupDir(251)) - 3ebe5f2d-7fe4-4d1b-9835-0749a91ddd88: found a subdirectory /home/runner/work/ozone/ozone/hadoop-ozone/integration-test/target/test-dir/MiniOzoneClusterImpl-42f4391e-4969-4d67-80bf-65b59c0896c5/datanode-2/data/ratis/4a3b87c8-b214-4e29-bf5c-b93c309df681
2022-11-14 01:05:27,144 [3ebe5f2d-7fe4-4d1b-9835-0749a91ddd88-impl-thread1] INFO  server.RaftServer (RaftServerProxy.java:addNew(96)) - 3ebe5f2d-7fe4-4d1b-9835-0749a91ddd88: addNew group-B93C309DF681:[] returns group-B93C309DF681:java.util.concurrent.CompletableFuture@13a09405[Not completed]
2022-11-14 01:05:27,145 [Listener at 127.0.0.1/43447] INFO  server.XceiverServerGrpc (XceiverServerGrpc.java:<init>(132)) - GrpcServer channel type EpollServerSocketChannel
2022-11-14 01:05:27,151 [pool-462-thread-1] INFO  server.RaftServer$Division (RaftServerImpl.java:<init>(195)) - 3ebe5f2d-7fe4-4d1b-9835-0749a91ddd88: new RaftServerImpl for group-602CA8FC85E9:[] with ContainerStateMachine:uninitialized
2022-11-14 01:05:27,151 [pool-462-thread-1] INFO  server.RaftServerConfigKeys (ConfUtils.java:logGet(46)) - raft.server.rpc.timeout.min = 5s (custom)
2022-11-14 01:05:27,151 [pool-462-thread-1] INFO  server.RaftServerConfigKeys (ConfUtils.java:logGet(46)) - raft.server.rpc.timeout.max = 5200ms (custom)
2022-11-14 01:05:27,151 [pool-462-thread-1] INFO  server.RaftServerConfigKeys (ConfUtils.java:logGet(46)) - raft.server.rpc.sleep.time = 25ms (default)
2022-11-14 01:05:27,151 [pool-462-thread-1] INFO  server.RaftServerConfigKeys (ConfUtils.java:logGet(46)) - raft.server.rpc.slowness.timeout = 300s (custom)
2022-11-14 01:05:27,151 [pool-462-thread-1] INFO  server.RaftServerConfigKeys (ConfUtils.java:logGet(46)) - raft.server.leaderelection.leader.step-down.wait-time = 10s (default)
2022-11-14 01:05:27,151 [pool-462-thread-1] INFO  server.RaftServerConfigKeys (ConfUtils.java:logGet(46)) - raft.server.sleep.deviation.threshold = 300ms (default)
2022-11-14 01:05:27,151 [pool-462-thread-1] INFO  server.RaftServer$Division (ServerState.java:<init>(118)) - 3ebe5f2d-7fe4-4d1b-9835-0749a91ddd88@group-602CA8FC85E9: ConfigurationManager, init=-1: peers:[]|listeners:[], old=null, confs=<EMPTY_MAP>
2022-11-14 01:05:27,151 [pool-462-thread-1] INFO  server.RaftServerConfigKeys (ConfUtils.java:logGet(46)) - raft.server.storage.dir = [/home/runner/work/ozone/ozone/hadoop-ozone/integration-test/target/test-dir/MiniOzoneClusterImpl-42f4391e-4969-4d67-80bf-65b59c0896c5/datanode-2/data/ratis] (custom)
2022-11-14 01:05:27,152 [pool-462-thread-1] INFO  server.RaftServerConfigKeys (ConfUtils.java:logGet(46)) - raft.server.log.corruption.policy = EXCEPTION (default)
2022-11-14 01:05:27,152 [Listener at 127.0.0.1/43447] INFO  http.BaseHttpServer (BaseHttpServer.java:newHttpServer2BuilderForOzone(213)) - Starting Web-server for hddsDatanode at: http://0.0.0.0:42623
2022-11-14 01:05:27,152 [Listener at 127.0.0.1/43447] INFO  http.BaseHttpServer (BaseHttpServer.java:<init>(108)) - Hadoop Security Enabled: false Ozone Security Enabled: false Ozone HTTP Security Enabled: false 
2022-11-14 01:05:27,152 [pool-462-thread-1] INFO  server.RaftServerConfigKeys (ConfUtils.java:logGet(46)) - raft.server.storage.free-space.min = 0MB (=0) (default)
2022-11-14 01:05:27,152 [pool-462-thread-1] INFO  server.RaftServerConfigKeys (ConfUtils.java:logGet(46)) - raft.server.notification.no-leader.timeout = 300s (custom)
2022-11-14 01:05:27,152 [pool-462-thread-1] INFO  server.RaftServerConfigKeys (ConfUtils.java:logGet(46)) - raft.server.retrycache.expirytime = 600000ms (custom)
2022-11-14 01:05:27,152 [pool-462-thread-1] INFO  server.RaftServerConfigKeys (ConfUtils.java:logGet(46)) - raft.server.retrycache.statistics.expirytime = 100μs (default)
2022-11-14 01:05:27,153 [pool-462-thread-1] INFO  server.RaftServerConfigKeys (ConfUtils.java:logGet(46)) - raft.server.log.appender.install.snapshot.enabled = false (custom)
2022-11-14 01:05:27,153 [pool-462-thread-1] INFO  server.RaftServerConfigKeys (ConfUtils.java:logGet(46)) - raft.server.threadpool.server.cached = true (default)
2022-11-14 01:05:27,153 [pool-462-thread-1] INFO  server.RaftServerConfigKeys (ConfUtils.java:logGet(46)) - raft.server.threadpool.server.size = 0 (default)
2022-11-14 01:05:27,153 [pool-462-thread-1] INFO  server.RaftServerConfigKeys (ConfUtils.java:logGet(46)) - raft.server.threadpool.client.cached = true (default)
2022-11-14 01:05:27,153 [pool-462-thread-1] INFO  server.RaftServerConfigKeys (ConfUtils.java:logGet(46)) - raft.server.threadpool.client.size = 0 (default)
2022-11-14 01:05:27,154 [pool-462-thread-1] INFO  server.RaftServer$Division (RaftServerImpl.java:<init>(195)) - 3ebe5f2d-7fe4-4d1b-9835-0749a91ddd88: new RaftServerImpl for group-D4D87B78E577:[] with ContainerStateMachine:uninitialized
2022-11-14 01:05:27,154 [pool-462-thread-1] INFO  server.RaftServerConfigKeys (ConfUtils.java:logGet(46)) - raft.server.rpc.timeout.min = 5s (custom)
2022-11-14 01:05:27,154 [pool-462-thread-1] INFO  server.RaftServerConfigKeys (ConfUtils.java:logGet(46)) - raft.server.rpc.timeout.max = 5200ms (custom)
2022-11-14 01:05:27,154 [pool-462-thread-1] INFO  server.RaftServerConfigKeys (ConfUtils.java:logGet(46)) - raft.server.rpc.sleep.time = 25ms (default)
2022-11-14 01:05:27,154 [pool-462-thread-1] INFO  server.RaftServerConfigKeys (ConfUtils.java:logGet(46)) - raft.server.rpc.slowness.timeout = 300s (custom)
2022-11-14 01:05:27,154 [pool-462-thread-1] INFO  server.RaftServerConfigKeys (ConfUtils.java:logGet(46)) - raft.server.leaderelection.leader.step-down.wait-time = 10s (default)
2022-11-14 01:05:27,154 [pool-462-thread-1] INFO  server.RaftServerConfigKeys (ConfUtils.java:logGet(46)) - raft.server.sleep.deviation.threshold = 300ms (default)
2022-11-14 01:05:27,154 [pool-462-thread-1] INFO  server.RaftServer$Division (ServerState.java:<init>(118)) - 3ebe5f2d-7fe4-4d1b-9835-0749a91ddd88@group-D4D87B78E577: ConfigurationManager, init=-1: peers:[]|listeners:[], old=null, confs=<EMPTY_MAP>
2022-11-14 01:05:27,154 [pool-462-thread-1] INFO  server.RaftServerConfigKeys (ConfUtils.java:logGet(46)) - raft.server.storage.dir = [/home/runner/work/ozone/ozone/hadoop-ozone/integration-test/target/test-dir/MiniOzoneClusterImpl-42f4391e-4969-4d67-80bf-65b59c0896c5/datanode-2/data/ratis] (custom)
2022-11-14 01:05:27,154 [pool-462-thread-1] INFO  server.RaftServerConfigKeys (ConfUtils.java:logGet(46)) - raft.server.log.corruption.policy = EXCEPTION (default)
2022-11-14 01:05:27,154 [pool-462-thread-1] INFO  server.RaftServerConfigKeys (ConfUtils.java:logGet(46)) - raft.server.storage.free-space.min = 0MB (=0) (default)
2022-11-14 01:05:27,154 [pool-462-thread-1] INFO  server.RaftServerConfigKeys (ConfUtils.java:logGet(46)) - raft.server.notification.no-leader.timeout = 300s (custom)
2022-11-14 01:05:27,154 [pool-462-thread-1] INFO  server.RaftServerConfigKeys (ConfUtils.java:logGet(46)) - raft.server.retrycache.expirytime = 600000ms (custom)
2022-11-14 01:05:27,154 [pool-462-thread-1] INFO  server.RaftServerConfigKeys (ConfUtils.java:logGet(46)) - raft.server.retrycache.statistics.expirytime = 100μs (default)
2022-11-14 01:05:27,155 [pool-462-thread-1] INFO  server.RaftServerConfigKeys (ConfUtils.java:logGet(46)) - raft.server.log.appender.install.snapshot.enabled = false (custom)
2022-11-14 01:05:27,155 [pool-462-thread-1] INFO  server.RaftServerConfigKeys (ConfUtils.java:logGet(46)) - raft.server.threadpool.server.cached = true (default)
2022-11-14 01:05:27,155 [pool-462-thread-1] INFO  server.RaftServerConfigKeys (ConfUtils.java:logGet(46)) - raft.server.threadpool.server.size = 0 (default)
2022-11-14 01:05:27,155 [pool-462-thread-1] INFO  server.RaftServerConfigKeys (ConfUtils.java:logGet(46)) - raft.server.threadpool.client.cached = true (default)
2022-11-14 01:05:27,155 [pool-462-thread-1] INFO  server.RaftServerConfigKeys (ConfUtils.java:logGet(46)) - raft.server.threadpool.client.size = 0 (default)
2022-11-14 01:05:27,156 [pool-462-thread-1] INFO  server.RaftServer$Division (RaftServerImpl.java:<init>(195)) - 3ebe5f2d-7fe4-4d1b-9835-0749a91ddd88: new RaftServerImpl for group-B93C309DF681:[] with ContainerStateMachine:uninitialized
2022-11-14 01:05:27,156 [pool-462-thread-1] INFO  server.RaftServerConfigKeys (ConfUtils.java:logGet(46)) - raft.server.rpc.timeout.min = 5s (custom)
2022-11-14 01:05:27,156 [pool-462-thread-1] INFO  server.RaftServerConfigKeys (ConfUtils.java:logGet(46)) - raft.server.rpc.timeout.max = 5200ms (custom)
2022-11-14 01:05:27,156 [pool-462-thread-1] INFO  server.RaftServerConfigKeys (ConfUtils.java:logGet(46)) - raft.server.rpc.sleep.time = 25ms (default)
2022-11-14 01:05:27,156 [pool-462-thread-1] INFO  server.RaftServerConfigKeys (ConfUtils.java:logGet(46)) - raft.server.rpc.slowness.timeout = 300s (custom)
2022-11-14 01:05:27,157 [Listener at 127.0.0.1/43447] WARN  server.AuthenticationFilter (AuthenticationFilter.java:constructSecretProvider(240)) - Unable to initialize FileSignerSecretProvider, falling back to use random secrets. Reason: Could not read signature secret file: /home/runner/hadoop-http-auth-signature-secret
2022-11-14 01:05:27,159 [pool-462-thread-1] INFO  server.RaftServerConfigKeys (ConfUtils.java:logGet(46)) - raft.server.leaderelection.leader.step-down.wait-time = 10s (default)
2022-11-14 01:05:27,159 [pool-462-thread-1] INFO  server.RaftServerConfigKeys (ConfUtils.java:logGet(46)) - raft.server.sleep.deviation.threshold = 300ms (default)
2022-11-14 01:05:27,159 [pool-462-thread-1] INFO  server.RaftServer$Division (ServerState.java:<init>(118)) - 3ebe5f2d-7fe4-4d1b-9835-0749a91ddd88@group-B93C309DF681: ConfigurationManager, init=-1: peers:[]|listeners:[], old=null, confs=<EMPTY_MAP>
2022-11-14 01:05:27,159 [pool-462-thread-1] INFO  server.RaftServerConfigKeys (ConfUtils.java:logGet(46)) - raft.server.storage.dir = [/home/runner/work/ozone/ozone/hadoop-ozone/integration-test/target/test-dir/MiniOzoneClusterImpl-42f4391e-4969-4d67-80bf-65b59c0896c5/datanode-2/data/ratis] (custom)
2022-11-14 01:05:27,159 [pool-462-thread-1] INFO  server.RaftServerConfigKeys (ConfUtils.java:logGet(46)) - raft.server.log.corruption.policy = EXCEPTION (default)
2022-11-14 01:05:27,159 [pool-462-thread-1] INFO  server.RaftServerConfigKeys (ConfUtils.java:logGet(46)) - raft.server.storage.free-space.min = 0MB (=0) (default)
2022-11-14 01:05:27,159 [pool-462-thread-1] INFO  server.RaftServerConfigKeys (ConfUtils.java:logGet(46)) - raft.server.notification.no-leader.timeout = 300s (custom)
2022-11-14 01:05:27,159 [pool-462-thread-1] INFO  server.RaftServerConfigKeys (ConfUtils.java:logGet(46)) - raft.server.retrycache.expirytime = 600000ms (custom)
2022-11-14 01:05:27,159 [pool-462-thread-1] INFO  server.RaftServerConfigKeys (ConfUtils.java:logGet(46)) - raft.server.retrycache.statistics.expirytime = 100μs (default)
2022-11-14 01:05:27,161 [pool-462-thread-1] INFO  server.RaftServerConfigKeys (ConfUtils.java:logGet(46)) - raft.server.log.appender.install.snapshot.enabled = false (custom)
2022-11-14 01:05:27,161 [pool-462-thread-1] INFO  server.RaftServerConfigKeys (ConfUtils.java:logGet(46)) - raft.server.threadpool.server.cached = true (default)
2022-11-14 01:05:27,161 [pool-462-thread-1] INFO  server.RaftServerConfigKeys (ConfUtils.java:logGet(46)) - raft.server.threadpool.server.size = 0 (default)
2022-11-14 01:05:27,161 [pool-462-thread-1] INFO  server.RaftServerConfigKeys (ConfUtils.java:logGet(46)) - raft.server.threadpool.client.cached = true (default)
2022-11-14 01:05:27,161 [pool-462-thread-1] INFO  server.RaftServerConfigKeys (ConfUtils.java:logGet(46)) - raft.server.threadpool.client.size = 0 (default)
2022-11-14 01:05:27,163 [Listener at 127.0.0.1/43447] WARN  http.HttpRequestLog (HttpRequestLog.java:getRequestLog(103)) - Jetty request log can only be enabled using Log4j
2022-11-14 01:05:27,164 [Listener at 127.0.0.1/43447] INFO  http.HttpServer2 (HttpServer2.java:addGlobalFilter(1031)) - Added global filter 'safety' (class=org.apache.hadoop.hdds.server.http.HttpServer2$QuotingInputFilter)
2022-11-14 01:05:27,165 [Listener at 127.0.0.1/43447] INFO  http.HttpServer2 (HttpServer2.java:addFilter(1007)) - Added filter static_user_filter (class=org.apache.hadoop.http.lib.StaticUserWebFilter$StaticUserFilter) to context hddsDatanode
2022-11-14 01:05:27,166 [Listener at 127.0.0.1/43447] INFO  http.HttpServer2 (HttpServer2.java:addFilter(1015)) - Added filter static_user_filter (class=org.apache.hadoop.http.lib.StaticUserWebFilter$StaticUserFilter) to context static
2022-11-14 01:05:27,166 [Listener at 127.0.0.1/43447] INFO  http.HttpServer2 (HttpServer2.java:addFilter(1015)) - Added filter static_user_filter (class=org.apache.hadoop.http.lib.StaticUserWebFilter$StaticUserFilter) to context logs
2022-11-14 01:05:27,166 [Listener at 127.0.0.1/43447] INFO  http.HttpServer2 (HttpServer2.java:bindListener(1250)) - Jetty bound to port 42623
2022-11-14 01:05:27,166 [Listener at 127.0.0.1/43447] INFO  server.Server (Server.java:doStart(375)) - jetty-9.4.49.v20220914; built: 2022-09-14T01:07:36.601Z; git: 4231a3b2e4cb8548a412a789936d640a97b1aa0a; jvm 1.8.0_345-b01
2022-11-14 01:05:27,170 [Listener at 127.0.0.1/43447] INFO  server.session (DefaultSessionIdManager.java:doStart(334)) - DefaultSessionIdManager workerName=node0
2022-11-14 01:05:27,170 [Listener at 127.0.0.1/43447] INFO  server.session (DefaultSessionIdManager.java:doStart(339)) - No SessionScavenger set, using defaults
2022-11-14 01:05:27,171 [Listener at 127.0.0.1/43447] INFO  server.session (HouseKeeper.java:startScavenging(132)) - node0 Scavenging every 600000ms
2022-11-14 01:05:27,172 [Listener at 127.0.0.1/43447] INFO  handler.ContextHandler (ContextHandler.java:doStart(921)) - Started o.e.j.s.ServletContextHandler@54415d35{logs,/logs,file:///home/runner/work/ozone/ozone/hadoop-ozone/integration-test/target/log,AVAILABLE}
2022-11-14 01:05:27,173 [Listener at 127.0.0.1/43447] INFO  handler.ContextHandler (ContextHandler.java:doStart(921)) - Started o.e.j.s.ServletContextHandler@56b7fcf6{static,/static,jar:file:/home/runner/.m2/repository/org/apache/ozone/hdds-container-service/1.3.0-SNAPSHOT/hdds-container-service-1.3.0-SNAPSHOT.jar!/webapps/static,AVAILABLE}
2022-11-14 01:05:27,244 [Under Replicated Processor] INFO  replication.UnderReplicatedProcessor (UnderReplicatedProcessor.java:processAll(92)) - Processed 0 under replicated containers, failed processing 0
2022-11-14 01:05:27,246 [Over Replicated Processor] INFO  replication.OverReplicatedProcessor (OverReplicatedProcessor.java:processAll(90)) - Processed 0 over replicated containers, failed processing 0
2022-11-14 01:05:27,355 [Listener at 127.0.0.1/43447] INFO  handler.ContextHandler (ContextHandler.java:doStart(921)) - Started o.e.j.w.WebAppContext@c77bcb0{hddsDatanode,/,file:///tmp/jetty-0_0_0_0-42623-hdds-container-service-1_3_0-SNAPSHOT_jar-_-any-6870861459391431408/webapp/,AVAILABLE}{jar:file:/home/runner/.m2/repository/org/apache/ozone/hdds-container-service/1.3.0-SNAPSHOT/hdds-container-service-1.3.0-SNAPSHOT.jar!/webapps/hddsDatanode}
2022-11-14 01:05:27,356 [Listener at 127.0.0.1/43447] INFO  server.AbstractConnector (AbstractConnector.java:doStart(333)) - Started ServerConnector@364b80c1{HTTP/1.1, (http/1.1)}{0.0.0.0:42623}
2022-11-14 01:05:27,357 [Listener at 127.0.0.1/43447] INFO  server.Server (Server.java:doStart(415)) - Started @73100ms
2022-11-14 01:05:27,357 [Listener at 127.0.0.1/43447] WARN  impl.MetricsSystemImpl (MetricsSystemImpl.java:register(279)) - Sink prometheus already exists!
2022-11-14 01:05:27,357 [Listener at 127.0.0.1/43447] INFO  http.BaseHttpServer (BaseHttpServer.java:updateConnectorAddress(333)) - HTTP server of hddsDatanode listening at http://0.0.0.0:42623
2022-11-14 01:05:27,360 [Datanode State Machine Daemon Thread] INFO  statemachine.DatanodeStateMachine (DatanodeStateMachine.java:lambda$startDaemon$0(505)) - Ozone container server started.
2022-11-14 01:05:27,360 [Listener at 127.0.0.1/43447] INFO  pipeline.PipelineManagerImpl (PipelineManagerImpl.java:closePipeline(442)) - Pipeline Pipeline[ Id: 4a3b87c8-b214-4e29-bf5c-b93c309df681, Nodes: 64f2a322-bab2-49a6-bf14-d21796863fbb{ip: 10.1.0.33, host: fv-az334-552.zg0gw54pbdoexfhqlmz30d51na.gx.internal.cloudapp.net, ports: [REPLICATION=38551, RATIS=36135, RATIS_ADMIN=36135, RATIS_SERVER=36135, STANDALONE=41099], networkLocation: /default-rack, certSerialId: null, persistedOpState: IN_SERVICE, persistedOpStateExpiryEpochSec: 0}6d7210a4-52ae-4f69-8b98-4fa3950c6b17{ip: 10.1.0.33, host: fv-az334-552.zg0gw54pbdoexfhqlmz30d51na.gx.internal.cloudapp.net, ports: [REPLICATION=44481, RATIS=42253, RATIS_ADMIN=42253, RATIS_SERVER=42253, STANDALONE=40617], networkLocation: /default-rack, certSerialId: null, persistedOpState: IN_SERVICE, persistedOpStateExpiryEpochSec: 0}3ebe5f2d-7fe4-4d1b-9835-0749a91ddd88{ip: 10.1.0.33, host: fv-az334-552.zg0gw54pbdoexfhqlmz30d51na.gx.internal.cloudapp.net, ports: [REPLICATION=46811, RATIS=36307, RATIS_ADMIN=36307, RATIS_SERVER=36307, STANDALONE=40033], networkLocation: /default-rack, certSerialId: null, persistedOpState: IN_SERVICE, persistedOpStateExpiryEpochSec: 0}, ReplicationConfig: RATIS/THREE, State:OPEN, leaderId:6d7210a4-52ae-4f69-8b98-4fa3950c6b17, CreationTimestamp2022-11-14T01:05:03.074Z[Etc/UTC]] moved to CLOSED state
2022-11-14 01:05:27,360 [Listener at 127.0.0.1/43447] INFO  pipeline.RatisPipelineProvider (RatisPipelineProvider.java:lambda$close$1(244)) - Send pipeline:PipelineID=4a3b87c8-b214-4e29-bf5c-b93c309df681 close command to datanode 64f2a322-bab2-49a6-bf14-d21796863fbb
2022-11-14 01:05:27,360 [Listener at 127.0.0.1/43447] INFO  pipeline.RatisPipelineProvider (RatisPipelineProvider.java:lambda$close$1(244)) - Send pipeline:PipelineID=4a3b87c8-b214-4e29-bf5c-b93c309df681 close command to datanode 6d7210a4-52ae-4f69-8b98-4fa3950c6b17
2022-11-14 01:05:27,360 [Listener at 127.0.0.1/43447] INFO  pipeline.RatisPipelineProvider (RatisPipelineProvider.java:lambda$close$1(244)) - Send pipeline:PipelineID=4a3b87c8-b214-4e29-bf5c-b93c309df681 close command to datanode 3ebe5f2d-7fe4-4d1b-9835-0749a91ddd88
2022-11-14 01:05:27,364 [Listener at 127.0.0.1/43447] INFO  pipeline.PipelineStateManagerImpl (PipelineStateManagerImpl.java:removePipeline(245)) - Pipeline Pipeline[ Id: 4a3b87c8-b214-4e29-bf5c-b93c309df681, Nodes: 64f2a322-bab2-49a6-bf14-d21796863fbb{ip: 10.1.0.33, host: fv-az334-552.zg0gw54pbdoexfhqlmz30d51na.gx.internal.cloudapp.net, ports: [REPLICATION=38551, RATIS=36135, RATIS_ADMIN=36135, RATIS_SERVER=36135, STANDALONE=41099], networkLocation: /default-rack, certSerialId: null, persistedOpState: IN_SERVICE, persistedOpStateExpiryEpochSec: 0}6d7210a4-52ae-4f69-8b98-4fa3950c6b17{ip: 10.1.0.33, host: fv-az334-552.zg0gw54pbdoexfhqlmz30d51na.gx.internal.cloudapp.net, ports: [REPLICATION=44481, RATIS=42253, RATIS_ADMIN=42253, RATIS_SERVER=42253, STANDALONE=40617], networkLocation: /default-rack, certSerialId: null, persistedOpState: IN_SERVICE, persistedOpStateExpiryEpochSec: 0}3ebe5f2d-7fe4-4d1b-9835-0749a91ddd88{ip: 10.1.0.33, host: fv-az334-552.zg0gw54pbdoexfhqlmz30d51na.gx.internal.cloudapp.net, ports: [REPLICATION=46811, RATIS=36307, RATIS_ADMIN=36307, RATIS_SERVER=36307, STANDALONE=40033], networkLocation: /default-rack, certSerialId: null, persistedOpState: IN_SERVICE, persistedOpStateExpiryEpochSec: 0}, ReplicationConfig: RATIS/THREE, State:CLOSED, leaderId:6d7210a4-52ae-4f69-8b98-4fa3950c6b17, CreationTimestamp2022-11-14T01:05:03.074Z[Etc/UTC]] removed.
2022-11-14 01:05:27,364 [Listener at 127.0.0.1/43447] INFO  pipeline.PipelineManagerImpl (PipelineManagerImpl.java:closePipeline(442)) - Pipeline Pipeline[ Id: 30370e2e-80d1-4efe-b890-602ca8fc85e9, Nodes: 64f2a322-bab2-49a6-bf14-d21796863fbb{ip: 10.1.0.33, host: fv-az334-552.zg0gw54pbdoexfhqlmz30d51na.gx.internal.cloudapp.net, ports: [REPLICATION=38551, RATIS=36135, RATIS_ADMIN=36135, RATIS_SERVER=36135, STANDALONE=41099], networkLocation: /default-rack, certSerialId: null, persistedOpState: IN_SERVICE, persistedOpStateExpiryEpochSec: 0}6d7210a4-52ae-4f69-8b98-4fa3950c6b17{ip: 10.1.0.33, host: fv-az334-552.zg0gw54pbdoexfhqlmz30d51na.gx.internal.cloudapp.net, ports: [REPLICATION=44481, RATIS=42253, RATIS_ADMIN=42253, RATIS_SERVER=42253, STANDALONE=40617], networkLocation: /default-rack, certSerialId: null, persistedOpState: IN_SERVICE, persistedOpStateExpiryEpochSec: 0}3ebe5f2d-7fe4-4d1b-9835-0749a91ddd88{ip: 10.1.0.33, host: fv-az334-552.zg0gw54pbdoexfhqlmz30d51na.gx.internal.cloudapp.net, ports: [REPLICATION=46811, RATIS=36307, RATIS_ADMIN=36307, RATIS_SERVER=36307, STANDALONE=40033], networkLocation: /default-rack, certSerialId: null, persistedOpState: IN_SERVICE, persistedOpStateExpiryEpochSec: 0}, ReplicationConfig: RATIS/THREE, State:OPEN, leaderId:3ebe5f2d-7fe4-4d1b-9835-0749a91ddd88, CreationTimestamp2022-11-14T01:05:03.075Z[Etc/UTC]] moved to CLOSED state
2022-11-14 01:05:27,364 [Listener at 127.0.0.1/43447] INFO  pipeline.RatisPipelineProvider (RatisPipelineProvider.java:lambda$close$1(244)) - Send pipeline:PipelineID=30370e2e-80d1-4efe-b890-602ca8fc85e9 close command to datanode 64f2a322-bab2-49a6-bf14-d21796863fbb
2022-11-14 01:05:27,364 [Listener at 127.0.0.1/43447] INFO  pipeline.RatisPipelineProvider (RatisPipelineProvider.java:lambda$close$1(244)) - Send pipeline:PipelineID=30370e2e-80d1-4efe-b890-602ca8fc85e9 close command to datanode 6d7210a4-52ae-4f69-8b98-4fa3950c6b17
2022-11-14 01:05:27,364 [Listener at 127.0.0.1/43447] INFO  pipeline.RatisPipelineProvider (RatisPipelineProvider.java:lambda$close$1(244)) - Send pipeline:PipelineID=30370e2e-80d1-4efe-b890-602ca8fc85e9 close command to datanode 3ebe5f2d-7fe4-4d1b-9835-0749a91ddd88
2022-11-14 01:05:27,365 [Listener at 127.0.0.1/43447] INFO  pipeline.PipelineStateManagerImpl (PipelineStateManagerImpl.java:removePipeline(245)) - Pipeline Pipeline[ Id: 30370e2e-80d1-4efe-b890-602ca8fc85e9, Nodes: 64f2a322-bab2-49a6-bf14-d21796863fbb{ip: 10.1.0.33, host: fv-az334-552.zg0gw54pbdoexfhqlmz30d51na.gx.internal.cloudapp.net, ports: [REPLICATION=38551, RATIS=36135, RATIS_ADMIN=36135, RATIS_SERVER=36135, STANDALONE=41099], networkLocation: /default-rack, certSerialId: null, persistedOpState: IN_SERVICE, persistedOpStateExpiryEpochSec: 0}6d7210a4-52ae-4f69-8b98-4fa3950c6b17{ip: 10.1.0.33, host: fv-az334-552.zg0gw54pbdoexfhqlmz30d51na.gx.internal.cloudapp.net, ports: [REPLICATION=44481, RATIS=42253, RATIS_ADMIN=42253, RATIS_SERVER=42253, STANDALONE=40617], networkLocation: /default-rack, certSerialId: null, persistedOpState: IN_SERVICE, persistedOpStateExpiryEpochSec: 0}3ebe5f2d-7fe4-4d1b-9835-0749a91ddd88{ip: 10.1.0.33, host: fv-az334-552.zg0gw54pbdoexfhqlmz30d51na.gx.internal.cloudapp.net, ports: [REPLICATION=46811, RATIS=36307, RATIS_ADMIN=36307, RATIS_SERVER=36307, STANDALONE=40033], networkLocation: /default-rack, certSerialId: null, persistedOpState: IN_SERVICE, persistedOpStateExpiryEpochSec: 0}, ReplicationConfig: RATIS/THREE, State:CLOSED, leaderId:3ebe5f2d-7fe4-4d1b-9835-0749a91ddd88, CreationTimestamp2022-11-14T01:05:03.075Z[Etc/UTC]] removed.
2022-11-14 01:05:27,365 [Listener at 127.0.0.1/43447] INFO  ozone.MiniOzoneClusterImpl (MiniOzoneClusterImpl.java:shutdown(448)) - Shutting down the Mini Ozone Cluster
2022-11-14 01:05:27,365 [Listener at 127.0.0.1/43447] INFO  ozone.MiniOzoneClusterImpl (MiniOzoneClusterImpl.java:stop(463)) - Stopping the Mini Ozone Cluster
2022-11-14 01:05:27,365 [Listener at 127.0.0.1/43447] INFO  ozone.MiniOzoneClusterImpl (MiniOzoneClusterImpl.java:stopOM(545)) - Stopping the OzoneManager
2022-11-14 01:05:27,365 [Listener at 127.0.0.1/43447] INFO  om.OzoneManager (OzoneManager.java:stop(2036)) - om1[localhost:0]: Stopping Ozone Manager
2022-11-14 01:05:27,366 [Listener at 127.0.0.1/43447] INFO  ipc.Server (Server.java:stop(3428)) - Stopping server on 43447
2022-11-14 01:05:27,367 [org.apache.hadoop.util.JvmPauseMonitor$Monitor@163b0f05] INFO  util.JvmPauseMonitor (JvmPauseMonitor.java:run(188)) - Starting JVM pause monitor
2022-11-14 01:05:27,372 [IPC Server Responder] INFO  ipc.Server (Server.java:run(1517)) - Stopping IPC Server Responder
2022-11-14 01:05:27,374 [Listener at 127.0.0.1/43447] INFO  server.RaftServer (RaftServerProxy.java:lambda$close$6(409)) - om1: close
2022-11-14 01:05:27,374 [IPC Server listener on 0] INFO  ipc.Server (Server.java:run(1384)) - Stopping IPC Server listener on 0
2022-11-14 01:05:27,374 [Listener at 127.0.0.1/43447] INFO  server.GrpcService (GrpcService.java:closeImpl(279)) - om1: shutdown server GrpcServerProtocolService now
2022-11-14 01:05:27,375 [om1-impl-thread1] INFO  server.RaftServer$Division (RaftServerImpl.java:lambda$close$4(458)) - om1@group-C5BA1605619E: shutdown
2022-11-14 01:05:27,375 [om1-impl-thread1] INFO  util.JmxRegister (JmxRegister.java:unregister(73)) - Successfully un-registered JMX Bean with object name Ratis:service=RaftServer,group=group-C5BA1605619E,id=om1
2022-11-14 01:05:27,375 [om1-impl-thread1] INFO  impl.RoleInfo (RoleInfo.java:shutdownLeaderState(93)) - om1: shutdown om1@group-C5BA1605619E-LeaderStateImpl
2022-11-14 01:05:27,376 [om1-impl-thread1] INFO  impl.PendingRequests (PendingRequests.java:sendNotLeaderResponses(282)) - om1@group-C5BA1605619E-PendingRequests: sendNotLeaderResponses
2022-11-14 01:05:27,376 [om1-impl-thread1] INFO  impl.StateMachineUpdater (StateMachineUpdater.java:stopAndJoin(153)) - om1@group-C5BA1605619E-StateMachineUpdater: set stopIndex = 0
2022-11-14 01:05:27,376 [om1@group-C5BA1605619E-StateMachineUpdater] INFO  ratis.OzoneManagerStateMachine (OzoneManagerStateMachine.java:takeSnapshot(445)) - Current Snapshot Index (t:1, i:0)
2022-11-14 01:05:27,376 [om1@group-C5BA1605619E-StateMachineUpdater] INFO  impl.StateMachineUpdater (StateMachineUpdater.java:takeSnapshot(287)) - om1@group-C5BA1605619E-StateMachineUpdater: Took a snapshot at index 0
2022-11-14 01:05:27,376 [om1@group-C5BA1605619E-StateMachineUpdater] INFO  impl.StateMachineUpdater (StateMachineUpdater.java:lambda$new$0(92)) - om1@group-C5BA1605619E-StateMachineUpdater: snapshotIndex: updateIncreasingly -1 -> 0
2022-11-14 01:05:27,377 [om1@group-C5BA1605619E-StateMachineUpdater] INFO  ratis.OzoneManagerStateMachine (OzoneManagerStateMachine.java:close(499)) - StateMachine has shutdown. Shutdown OzoneManager if not already shutdown.
2022-11-14 01:05:27,377 [om1@group-C5BA1605619E-StateMachineUpdater] INFO  ratis.OzoneManagerDoubleBuffer (OzoneManagerDoubleBuffer.java:stop(466)) - Stopping OMDoubleBuffer flush thread
2022-11-14 01:05:27,377 [OMDoubleBufferFlushThread] INFO  ratis.OzoneManagerDoubleBuffer (OzoneManagerDoubleBuffer.java:flushTransactions(385)) - OMDoubleBuffer flush thread OMDoubleBufferFlushThread is interrupted and will exit.
2022-11-14 01:05:27,377 [Datanode State Machine Task Thread - 0] INFO  datanode.InitDatanodeState (InitDatanodeState.java:persistContainerDatanodeDetails(138)) - DatanodeDetails is persisted to /home/runner/work/ozone/ozone/hadoop-ozone/integration-test/target/test-dir/MiniOzoneClusterImpl-42f4391e-4969-4d67-80bf-65b59c0896c5/datanode-2/meta/datanode.id
2022-11-14 01:05:27,380 [Listener at 127.0.0.1/43447] INFO  server.GrpcService (GrpcService.java:closeImpl(288)) - om1: shutdown server GrpcServerProtocolService successfully
2022-11-14 01:05:27,380 [om1-impl-thread1] INFO  server.RaftServer$Division (ServerState.java:close(466)) - om1@group-C5BA1605619E: closes. applyIndex: 0
2022-11-14 01:05:27,380 [om1@group-C5BA1605619E-SegmentedRaftLogWorker] INFO  segmented.SegmentedRaftLogWorker (SegmentedRaftLogWorker.java:run(345)) - om1@group-C5BA1605619E-SegmentedRaftLogWorker was interrupted, exiting. There are 0 tasks remaining in the queue.
2022-11-14 01:05:27,381 [om1-impl-thread1] INFO  segmented.SegmentedRaftLogWorker (SegmentedRaftLogWorker.java:close(255)) - om1@group-C5BA1605619E-SegmentedRaftLogWorker close()
2022-11-14 01:05:27,381 [JvmPauseMonitor7] INFO  util.JvmPauseMonitor (JvmPauseMonitor.java:run(111)) - JvmPauseMonitor-om1: Stopped
2022-11-14 01:05:27,381 [Listener at 127.0.0.1/43447] INFO  ratis.OzoneManagerStateMachine (OzoneManagerStateMachine.java:close(499)) - StateMachine has shutdown. Shutdown OzoneManager if not already shutdown.
2022-11-14 01:05:27,382 [Listener at 127.0.0.1/43447] INFO  ratis.OzoneManagerDoubleBuffer (OzoneManagerDoubleBuffer.java:stop(478)) - OMDoubleBuffer flush thread is not running.
2022-11-14 01:05:27,382 [Listener at 127.0.0.1/43447] INFO  utils.BackgroundService (BackgroundService.java:shutdown(141)) - Shutting down service KeyDeletingService
2022-11-14 01:05:27,382 [Listener at 127.0.0.1/43447] INFO  utils.BackgroundService (BackgroundService.java:shutdown(141)) - Shutting down service DirectoryDeletingService
2022-11-14 01:05:27,382 [Listener at 127.0.0.1/43447] INFO  utils.BackgroundService (BackgroundService.java:shutdown(141)) - Shutting down service OpenKeyCleanupService
2022-11-14 01:05:27,383 [Listener at 127.0.0.1/43447] INFO  handler.ContextHandler (ContextHandler.java:doStop(1159)) - Stopped o.e.j.w.WebAppContext@696e03b{ozoneManager,/,null,STOPPED}{file:/home/runner/work/ozone/ozone/hadoop-ozone/integration-test/target/test-classes/webapps/ozoneManager}
2022-11-14 01:05:27,383 [Listener at 127.0.0.1/43447] INFO  server.AbstractConnector (AbstractConnector.java:doStop(383)) - Stopped ServerConnector@6cea94e0{HTTP/1.1, (http/1.1)}{0.0.0.0:0}
2022-11-14 01:05:27,383 [Listener at 127.0.0.1/43447] INFO  server.session (HouseKeeper.java:stopScavenging(149)) - node0 Stopped scavenging
2022-11-14 01:05:27,384 [Listener at 127.0.0.1/43447] INFO  handler.ContextHandler (ContextHandler.java:doStop(1159)) - Stopped o.e.j.s.ServletContextHandler@7d06a187{static,/static,file:///home/runner/work/ozone/ozone/hadoop-ozone/integration-test/target/test-classes/webapps/static,STOPPED}
2022-11-14 01:05:27,384 [Listener at 127.0.0.1/43447] INFO  handler.ContextHandler (ContextHandler.java:doStop(1159)) - Stopped o.e.j.s.ServletContextHandler@2fd78fb{logs,/logs,file:///home/runner/work/ozone/ozone/hadoop-ozone/integration-test/target/log,STOPPED}
2022-11-14 01:05:27,386 [Listener at 127.0.0.1/43447] INFO  ozone.MiniOzoneClusterImpl (MiniOzoneClusterImpl.java:stopDatanodes(522)) - Stopping the HddsDatanodes
2022-11-14 01:05:27,387 [ForkJoinPool.commonPool-worker-0] INFO  ozoneimpl.OzoneContainer (OzoneContainer.java:stop(400)) - Attempting to stop container services.
2022-11-14 01:05:27,388 [Listener at 127.0.0.1/43447] INFO  ozoneimpl.OzoneContainer (OzoneContainer.java:stop(400)) - Attempting to stop container services.
2022-11-14 01:05:27,389 [Listener at 127.0.0.1/43447] INFO  volume.HddsVolume (HddsVolume.java:closeDbStore(338)) - SchemaV3 db is stopped at /home/runner/work/ozone/ozone/hadoop-ozone/integration-test/target/test-dir/MiniOzoneClusterImpl-42f4391e-4969-4d67-80bf-65b59c0896c5/datanode-1/data-0/containers/hdds/42f4391e-4969-4d67-80bf-65b59c0896c5/DS-4928040c-0d7a-4d70-8d7e-316f20ed8f82/container.db for volume DS-4928040c-0d7a-4d70-8d7e-316f20ed8f82
2022-11-14 01:05:27,389 [Listener at 127.0.0.1/43447] INFO  utils.BackgroundService (BackgroundService.java:shutdown(141)) - Shutting down service BlockDeletingService
2022-11-14 01:05:27,390 [ForkJoinPool.commonPool-worker-0] INFO  volume.HddsVolume (HddsVolume.java:closeDbStore(338)) - SchemaV3 db is stopped at /home/runner/work/ozone/ozone/hadoop-ozone/integration-test/target/test-dir/MiniOzoneClusterImpl-42f4391e-4969-4d67-80bf-65b59c0896c5/datanode-0/data-0/containers/hdds/42f4391e-4969-4d67-80bf-65b59c0896c5/DS-aa052301-2904-4420-ab72-616273fe83de/container.db for volume DS-aa052301-2904-4420-ab72-616273fe83de
2022-11-14 01:05:27,390 [Listener at 127.0.0.1/43447] INFO  utils.BackgroundService (BackgroundService.java:shutdown(141)) - Shutting down service StaleRecoveringContainerScrubbingService
2022-11-14 01:05:27,391 [ForkJoinPool.commonPool-worker-0] INFO  utils.BackgroundService (BackgroundService.java:shutdown(141)) - Shutting down service BlockDeletingService
2022-11-14 01:05:27,392 [ForkJoinPool.commonPool-worker-0] INFO  utils.BackgroundService (BackgroundService.java:shutdown(141)) - Shutting down service StaleRecoveringContainerScrubbingService
2022-11-14 01:05:27,392 [Listener at 127.0.0.1/43447] INFO  statemachine.DatanodeStateMachine (DatanodeStateMachine.java:stopDaemon(593)) - Ozone container server stopped.
2022-11-14 01:05:27,395 [ForkJoinPool.commonPool-worker-0] INFO  statemachine.DatanodeStateMachine (DatanodeStateMachine.java:stopDaemon(593)) - Ozone container server stopped.
2022-11-14 01:05:27,403 [Listener at 127.0.0.1/43447] INFO  handler.ContextHandler (ContextHandler.java:doStop(1159)) - Stopped o.e.j.w.WebAppContext@8dff374{hddsDatanode,/,null,STOPPED}{jar:file:/home/runner/.m2/repository/org/apache/ozone/hdds-container-service/1.3.0-SNAPSHOT/hdds-container-service-1.3.0-SNAPSHOT.jar!/webapps/hddsDatanode}
2022-11-14 01:05:27,407 [ForkJoinPool.commonPool-worker-0] INFO  handler.ContextHandler (ContextHandler.java:doStop(1159)) - Stopped o.e.j.w.WebAppContext@6b3bb1c0{hddsDatanode,/,null,STOPPED}{jar:file:/home/runner/.m2/repository/org/apache/ozone/hdds-container-service/1.3.0-SNAPSHOT/hdds-container-service-1.3.0-SNAPSHOT.jar!/webapps/hddsDatanode}
2022-11-14 01:05:27,408 [Listener at 127.0.0.1/43447] INFO  server.AbstractConnector (AbstractConnector.java:doStop(383)) - Stopped ServerConnector@2ff524eb{HTTP/1.1, (http/1.1)}{0.0.0.0:33279}
2022-11-14 01:05:27,408 [ForkJoinPool.commonPool-worker-0] INFO  server.AbstractConnector (AbstractConnector.java:doStop(383)) - Stopped ServerConnector@43c3bbf1{HTTP/1.1, (http/1.1)}{0.0.0.0:38463}
2022-11-14 01:05:27,408 [Listener at 127.0.0.1/43447] INFO  server.session (HouseKeeper.java:stopScavenging(149)) - node0 Stopped scavenging
2022-11-14 01:05:27,408 [ForkJoinPool.commonPool-worker-0] INFO  server.session (HouseKeeper.java:stopScavenging(149)) - node0 Stopped scavenging
2022-11-14 01:05:27,409 [ForkJoinPool.commonPool-worker-0] INFO  handler.ContextHandler (ContextHandler.java:doStop(1159)) - Stopped o.e.j.s.ServletContextHandler@7123f4ff{static,/static,jar:file:/home/runner/.m2/repository/org/apache/ozone/hdds-container-service/1.3.0-SNAPSHOT/hdds-container-service-1.3.0-SNAPSHOT.jar!/webapps/static,STOPPED}
2022-11-14 01:05:27,411 [ForkJoinPool.commonPool-worker-0] INFO  handler.ContextHandler (ContextHandler.java:doStop(1159)) - Stopped o.e.j.s.ServletContextHandler@205f33f3{logs,/logs,file:///home/runner/work/ozone/ozone/hadoop-ozone/integration-test/target/log,STOPPED}
2022-11-14 01:05:27,414 [Listener at 127.0.0.1/43447] INFO  handler.ContextHandler (ContextHandler.java:doStop(1159)) - Stopped o.e.j.s.ServletContextHandler@60fc372c{static,/static,jar:file:/home/runner/.m2/repository/org/apache/ozone/hdds-container-service/1.3.0-SNAPSHOT/hdds-container-service-1.3.0-SNAPSHOT.jar!/webapps/static,STOPPED}
2022-11-14 01:05:27,414 [Listener at 127.0.0.1/43447] INFO  handler.ContextHandler (ContextHandler.java:doStop(1159)) - Stopped o.e.j.s.ServletContextHandler@7c4921f1{logs,/logs,file:///home/runner/work/ozone/ozone/hadoop-ozone/integration-test/target/log,STOPPED}
2022-11-14 01:05:27,416 [ForkJoinPool.commonPool-worker-0] INFO  ozoneimpl.OzoneContainer (OzoneContainer.java:stop(400)) - Attempting to stop container services.
2022-11-14 01:05:27,417 [ForkJoinPool.commonPool-worker-0] INFO  volume.HddsVolume (HddsVolume.java:closeDbStore(338)) - SchemaV3 db is stopped at /home/runner/work/ozone/ozone/hadoop-ozone/integration-test/target/test-dir/MiniOzoneClusterImpl-42f4391e-4969-4d67-80bf-65b59c0896c5/datanode-2/data-0/containers/hdds/42f4391e-4969-4d67-80bf-65b59c0896c5/DS-f2794053-a537-4f61-a2b5-e645aefa139b/container.db for volume DS-f2794053-a537-4f61-a2b5-e645aefa139b
2022-11-14 01:05:27,417 [ForkJoinPool.commonPool-worker-0] INFO  utils.BackgroundService (BackgroundService.java:shutdown(141)) - Shutting down service BlockDeletingService
2022-11-14 01:05:27,418 [ForkJoinPool.commonPool-worker-0] INFO  utils.BackgroundService (BackgroundService.java:shutdown(141)) - Shutting down service StaleRecoveringContainerScrubbingService
2022-11-14 01:05:27,419 [ForkJoinPool.commonPool-worker-0] INFO  statemachine.DatanodeStateMachine (DatanodeStateMachine.java:stopDaemon(593)) - Ozone container server stopped.
2022-11-14 01:05:27,427 [ForkJoinPool.commonPool-worker-0] INFO  handler.ContextHandler (ContextHandler.java:doStop(1159)) - Stopped o.e.j.w.WebAppContext@c77bcb0{hddsDatanode,/,null,STOPPED}{jar:file:/home/runner/.m2/repository/org/apache/ozone/hdds-container-service/1.3.0-SNAPSHOT/hdds-container-service-1.3.0-SNAPSHOT.jar!/webapps/hddsDatanode}
2022-11-14 01:05:27,427 [ForkJoinPool.commonPool-worker-0] INFO  server.AbstractConnector (AbstractConnector.java:doStop(383)) - Stopped ServerConnector@364b80c1{HTTP/1.1, (http/1.1)}{0.0.0.0:42623}
2022-11-14 01:05:27,427 [ForkJoinPool.commonPool-worker-0] INFO  server.session (HouseKeeper.java:stopScavenging(149)) - node0 Stopped scavenging
2022-11-14 01:05:27,428 [ForkJoinPool.commonPool-worker-0] INFO  handler.ContextHandler (ContextHandler.java:doStop(1159)) - Stopped o.e.j.s.ServletContextHandler@56b7fcf6{static,/static,jar:file:/home/runner/.m2/repository/org/apache/ozone/hdds-container-service/1.3.0-SNAPSHOT/hdds-container-service-1.3.0-SNAPSHOT.jar!/webapps/static,STOPPED}
2022-11-14 01:05:27,428 [ForkJoinPool.commonPool-worker-0] INFO  handler.ContextHandler (ContextHandler.java:doStop(1159)) - Stopped o.e.j.s.ServletContextHandler@54415d35{logs,/logs,file:///home/runner/work/ozone/ozone/hadoop-ozone/integration-test/target/log,STOPPED}
2022-11-14 01:05:27,429 [Listener at 127.0.0.1/43447] INFO  ozone.MiniOzoneClusterImpl (MiniOzoneClusterImpl.java:stopSCM(537)) - Stopping the StorageContainerManager
2022-11-14 01:05:27,429 [Listener at 127.0.0.1/43447] INFO  server.StorageContainerManager (StorageContainerManager.java:stop(1550)) - Container Balancer is not running.
2022-11-14 01:05:27,429 [Listener at 127.0.0.1/43447] INFO  server.StorageContainerManager (StorageContainerManager.java:stop(1557)) - Stopping Replication Manager Service.
2022-11-14 01:05:27,429 [Listener at 127.0.0.1/43447] INFO  replication.ReplicationManager (ReplicationManager.java:stop(274)) - Stopping Replication Monitor Thread.
2022-11-14 01:05:27,430 [Under Replicated Processor] WARN  replication.UnderReplicatedProcessor (UnderReplicatedProcessor.java:run(154)) - Under Replicated Processor interrupted. Exiting...
2022-11-14 01:05:27,430 [Over Replicated Processor] WARN  replication.OverReplicatedProcessor (OverReplicatedProcessor.java:run(142)) - Over Replicated Processor interrupted. Exiting...
2022-11-14 01:05:27,431 [Listener at 127.0.0.1/43447] INFO  server.StorageContainerManager (StorageContainerManager.java:stop(1564)) - Stopping the Datanode Admin Monitor.
2022-11-14 01:05:27,431 [ReplicationMonitor] INFO  replication.ReplicationManager (ReplicationManager.java:run(595)) - Replication Monitor Thread is stopped
2022-11-14 01:05:27,431 [Listener at 127.0.0.1/43447] INFO  server.StorageContainerManager (StorageContainerManager.java:stop(1571)) - Stopping Lease Manager of the command watchers
2022-11-14 01:05:27,432 [Listener at 127.0.0.1/43447] INFO  server.StorageContainerManager (StorageContainerManager.java:stop(1578)) - Stopping datanode service RPC server
2022-11-14 01:05:27,432 [Listener at 127.0.0.1/43447] INFO  server.SCMDatanodeProtocolServer (SCMDatanodeProtocolServer.java:stop(414)) - Stopping the RPC server for DataNodes
2022-11-14 01:05:27,432 [Listener at 127.0.0.1/43447] INFO  ipc.Server (Server.java:stop(3428)) - Stopping server on 33403
2022-11-14 01:05:27,433 [IPC Server listener on 0] INFO  ipc.Server (Server.java:run(1384)) - Stopping IPC Server listener on 0
2022-11-14 01:05:27,434 [IPC Server Responder] INFO  ipc.Server (Server.java:run(1517)) - Stopping IPC Server Responder
2022-11-14 01:05:28,239 [SCM Heartbeat Processing Thread - 0] WARN  node.NodeStateManager (NodeStateManager.java:scheduleNextHealthCheck(870)) - Current Thread is interrupted, shutting down HB processing thread for Node Manager.
2022-11-14 01:05:28,240 [Listener at 127.0.0.1/43447] INFO  server.StorageContainerManager (StorageContainerManager.java:stop(1586)) - Stopping block service RPC server
2022-11-14 01:05:28,240 [Listener at 127.0.0.1/43447] INFO  server.SCMBlockProtocolServer (SCMBlockProtocolServer.java:stop(161)) - Stopping the RPC server for Block Protocol
2022-11-14 01:05:28,240 [Listener at 127.0.0.1/43447] INFO  ipc.Server (Server.java:stop(3428)) - Stopping server on 36131
2022-11-14 01:05:28,241 [IPC Server listener on 0] INFO  ipc.Server (Server.java:run(1384)) - Stopping IPC Server listener on 0
2022-11-14 01:05:28,242 [IPC Server Responder] INFO  ipc.Server (Server.java:run(1517)) - Stopping IPC Server Responder
2022-11-14 01:05:28,242 [Listener at 127.0.0.1/43447] INFO  server.StorageContainerManager (StorageContainerManager.java:stop(1593)) - Stopping the StorageContainerLocationProtocol RPC server
2022-11-14 01:05:28,243 [Listener at 127.0.0.1/43447] INFO  server.SCMClientProtocolServer (SCMClientProtocolServer.java:stop(179)) - Stopping the RPC server for Client Protocol
2022-11-14 01:05:28,243 [Listener at 127.0.0.1/43447] INFO  ipc.Server (Server.java:stop(3428)) - Stopping server on 45825
2022-11-14 01:05:28,244 [IPC Server listener on 0] INFO  ipc.Server (Server.java:run(1384)) - Stopping IPC Server listener on 0
2022-11-14 01:05:28,245 [IPC Server Responder] INFO  ipc.Server (Server.java:run(1517)) - Stopping IPC Server Responder
2022-11-14 01:05:28,245 [Listener at 127.0.0.1/43447] INFO  server.StorageContainerManager (StorageContainerManager.java:stop(1600)) - Stopping Storage Container Manager HTTP server.
2022-11-14 01:05:28,246 [Listener at 127.0.0.1/43447] INFO  handler.ContextHandler (ContextHandler.java:doStop(1159)) - Stopped o.e.j.w.WebAppContext@faf65ac{scm,/,null,STOPPED}{file:/home/runner/work/ozone/ozone/hadoop-ozone/integration-test/target/test-classes/webapps/scm}
2022-11-14 01:05:28,247 [Listener at 127.0.0.1/43447] INFO  server.AbstractConnector (AbstractConnector.java:doStop(383)) - Stopped ServerConnector@73bbf337{HTTP/1.1, (http/1.1)}{0.0.0.0:0}
2022-11-14 01:05:28,247 [Listener at 127.0.0.1/43447] INFO  server.session (HouseKeeper.java:stopScavenging(149)) - node0 Stopped scavenging
2022-11-14 01:05:28,247 [Listener at 127.0.0.1/43447] INFO  handler.ContextHandler (ContextHandler.java:doStop(1159)) - Stopped o.e.j.s.ServletContextHandler@7e0b3d79{static,/static,file:///home/runner/work/ozone/ozone/hadoop-ozone/integration-test/target/test-classes/webapps/static,STOPPED}
2022-11-14 01:05:28,247 [Listener at 127.0.0.1/43447] INFO  handler.ContextHandler (ContextHandler.java:doStop(1159)) - Stopped o.e.j.s.ServletContextHandler@45347a0f{logs,/logs,file:///home/runner/work/ozone/ozone/hadoop-ozone/integration-test/target/log,STOPPED}
2022-11-14 01:05:28,248 [Listener at 127.0.0.1/43447] INFO  server.StorageContainerManager (StorageContainerManager.java:stop(1606)) - Stopping SCM LayoutVersionManager Service.
2022-11-14 01:05:28,248 [Listener at 127.0.0.1/43447] INFO  server.StorageContainerManager (StorageContainerManager.java:stop(1614)) - Stopping Block Manager Service.
2022-11-14 01:05:28,248 [Listener at 127.0.0.1/43447] INFO  utils.BackgroundService (BackgroundService.java:shutdown(141)) - Shutting down service SCMBlockDeletingService
2022-11-14 01:05:28,248 [Listener at 127.0.0.1/43447] INFO  utils.BackgroundService (BackgroundService.java:shutdown(141)) - Shutting down service SCMBlockDeletingService
2022-11-14 01:05:28,249 [Listener at 127.0.0.1/43447] INFO  server.StorageContainerManager (StorageContainerManager.java:stop(1641)) - Stopping SCM Event Queue.
2022-11-14 01:05:28,250 [Listener at 127.0.0.1/43447] INFO  server.StorageContainerManager (StorageContainerManager.java:stop(1652)) - Stopping SCM HA services.
2022-11-14 01:05:28,250 [Listener at 127.0.0.1/43447] INFO  pipeline.BackgroundPipelineCreator (BackgroundPipelineCreator.java:stop(149)) - Stopping RatisPipelineUtilsThread.
2022-11-14 01:05:28,250 [RatisPipelineUtilsThread - 0] WARN  pipeline.BackgroundPipelineCreator (BackgroundPipelineCreator.java:run(180)) - RatisPipelineUtilsThread is interrupted.
2022-11-14 01:05:28,251 [BackgroundPipelineScrubberThread] WARN  BackgroundPipelineScrubber (BackgroundSCMService.java:run(115)) - BackgroundPipelineScrubber is interrupted, exit
2022-11-14 01:05:28,251 [Listener at 127.0.0.1/43447] INFO  BackgroundPipelineScrubber (BackgroundSCMService.java:stop(131)) - Stopping BackgroundPipelineScrubber Service.
2022-11-14 01:05:28,251 [Listener at 127.0.0.1/43447] INFO  impl.MetricsSystemImpl (MetricsSystemImpl.java:stop(210)) - Stopping HddsDatanode metrics system...
2022-11-14 01:05:28,260 [prometheus] INFO  impl.MetricsSinkAdapter (MetricsSinkAdapter.java:publishMetricsFromQueue(141)) - prometheus thread interrupted.
2022-11-14 01:05:28,261 [Listener at 127.0.0.1/43447] INFO  impl.MetricsSystemImpl (MetricsSystemImpl.java:stop(216)) - HddsDatanode metrics system stopped.
2022-11-14 01:05:28,261 [Listener at 127.0.0.1/43447] WARN  pipeline.BackgroundPipelineCreator (BackgroundPipelineCreator.java:stop(145)) - RatisPipelineUtilsThread is not running, just ignore.
2022-11-14 01:05:28,261 [Listener at 127.0.0.1/43447] INFO  BackgroundPipelineScrubber (BackgroundSCMService.java:stop(126)) - BackgroundPipelineScrubber Service is not running, skip stop.
2022-11-14 01:05:28,261 [ExpiredContainerReplicaOpScrubberThread] WARN  ExpiredContainerReplicaOpScrubber (BackgroundSCMService.java:run(115)) - ExpiredContainerReplicaOpScrubber is interrupted, exit
2022-11-14 01:05:28,261 [Listener at 127.0.0.1/43447] INFO  ExpiredContainerReplicaOpScrubber (BackgroundSCMService.java:stop(131)) - Stopping ExpiredContainerReplicaOpScrubber Service.
2022-11-14 01:05:28,261 [Listener at 127.0.0.1/43447] INFO  utils.BackgroundService (BackgroundService.java:shutdown(141)) - Shutting down service SCMBlockDeletingService
2022-11-14 01:05:28,262 [Listener at 127.0.0.1/43447] INFO  replication.ReplicationManager (ReplicationManager.java:stop(282)) - Replication Monitor Thread is not running.
2022-11-14 01:05:28,262 [Listener at 127.0.0.1/43447] WARN  balancer.ContainerBalancer (ContainerBalancer.java:stop(322)) - Cannot stop Container Balancer because it's not running or stopping
2022-11-14 01:05:28,262 [Listener at 127.0.0.1/43447] INFO  server.StorageContainerManager (StorageContainerManager.java:stop(1670)) - Stopping SCM MetadataStore.
]]></system-out>
  </testcase>
  <testcase name="testAutomaticPipelineCreationDisablingFactorONE" classname="org.apache.hadoop.hdds.scm.pipeline.TestRatisPipelineCreateAndDestroy" time="85.213">
    <error type="java.util.concurrent.TimeoutException"><![CDATA[java.util.concurrent.TimeoutException: 
Timed out waiting for condition. Thread diagnostics:
Timestamp: 2022-11-14 01:06:46,857

"qtp305488370-1287" daemon prio=5 tid=1287 timed_waiting
java.lang.Thread.State: TIMED_WAITING
        at sun.misc.Unsafe.park(Native Method)
        at java.util.concurrent.locks.LockSupport.parkNanos(LockSupport.java:215)
        at java.util.concurrent.locks.AbstractQueuedSynchronizer$ConditionObject.awaitNanos(AbstractQueuedSynchronizer.java:2078)
        at org.eclipse.jetty.util.BlockingArrayQueue.poll(BlockingArrayQueue.java:382)
        at org.eclipse.jetty.util.thread.QueuedThreadPool$Runner.idleJobPoll(QueuedThreadPool.java:974)
        at org.eclipse.jetty.util.thread.QueuedThreadPool$Runner.run(QueuedThreadPool.java:1018)
        at java.lang.Thread.run(Thread.java:750)
"qtp305488370-1286" daemon prio=5 tid=1286 timed_waiting
java.lang.Thread.State: TIMED_WAITING
        at sun.misc.Unsafe.park(Native Method)
        at java.util.concurrent.locks.LockSupport.parkNanos(LockSupport.java:215)
        at java.util.concurrent.locks.AbstractQueuedSynchronizer$ConditionObject.awaitNanos(AbstractQueuedSynchronizer.java:2078)
        at org.eclipse.jetty.util.BlockingArrayQueue.poll(BlockingArrayQueue.java:382)
        at org.eclipse.jetty.util.thread.QueuedThreadPool$Runner.idleJobPoll(QueuedThreadPool.java:974)
        at org.eclipse.jetty.util.thread.QueuedThreadPool$Runner.run(QueuedThreadPool.java:1018)
        at java.lang.Thread.run(Thread.java:750)
"qtp305277801-1334" daemon prio=5 tid=1334 runnable
java.lang.Thread.State: RUNNABLE
        at sun.nio.ch.EPollArrayWrapper.epollWait(Native Method)
        at sun.nio.ch.EPollArrayWrapper.poll(EPollArrayWrapper.java:269)
        at sun.nio.ch.EPollSelectorImpl.doSelect(EPollSelectorImpl.java:93)
        at sun.nio.ch.SelectorImpl.lockAndDoSelect(SelectorImpl.java:86)
        at sun.nio.ch.SelectorImpl.select(SelectorImpl.java:97)
        at sun.nio.ch.SelectorImpl.select(SelectorImpl.java:101)
        at org.eclipse.jetty.io.ManagedSelector.nioSelect(ManagedSelector.java:183)
        at org.eclipse.jetty.io.ManagedSelector.select(ManagedSelector.java:190)
        at org.eclipse.jetty.io.ManagedSelector$SelectorProducer.select(ManagedSelector.java:606)
        at org.eclipse.jetty.io.ManagedSelector$SelectorProducer.produce(ManagedSelector.java:543)
        at org.eclipse.jetty.util.thread.strategy.EatWhatYouKill.produceTask(EatWhatYouKill.java:362)
        at org.eclipse.jetty.util.thread.strategy.EatWhatYouKill.doProduce(EatWhatYouKill.java:186)
        at org.eclipse.jetty.util.thread.strategy.EatWhatYouKill.tryProduce(EatWhatYouKill.java:173)
        at org.eclipse.jetty.util.thread.strategy.EatWhatYouKill.produce(EatWhatYouKill.java:137)
        at org.eclipse.jetty.io.ManagedSelector$$Lambda$470/1378841761.run(Unknown Source)
        at org.eclipse.jetty.util.thread.QueuedThreadPool.runJob(QueuedThreadPool.java:883)
        at org.eclipse.jetty.util.thread.QueuedThreadPool$Runner.run(QueuedThreadPool.java:1034)
        at java.lang.Thread.run(Thread.java:750)
"IPC Server handler 2 on default port 36375" daemon prio=5 tid=1125 timed_waiting
java.lang.Thread.State: TIMED_WAITING
        at sun.misc.Unsafe.park(Native Method)
        at java.util.concurrent.locks.LockSupport.parkNanos(LockSupport.java:215)
        at java.util.concurrent.locks.AbstractQueuedSynchronizer$ConditionObject.awaitNanos(AbstractQueuedSynchronizer.java:2078)
        at java.util.concurrent.LinkedBlockingQueue.poll(LinkedBlockingQueue.java:467)
        at org.apache.hadoop.ipc.CallQueueManager.take(CallQueueManager.java:317)
        at org.apache.hadoop.ipc.Server$Handler.run(Server.java:2942)
"BlockDeletingService#1" daemon prio=5 tid=1476 timed_waiting
java.lang.Thread.State: TIMED_WAITING
        at sun.misc.Unsafe.park(Native Method)
        at java.util.concurrent.locks.LockSupport.parkNanos(LockSupport.java:215)
        at java.util.concurrent.locks.AbstractQueuedSynchronizer$ConditionObject.awaitNanos(AbstractQueuedSynchronizer.java:2078)
        at java.util.concurrent.ScheduledThreadPoolExecutor$DelayedWorkQueue.take(ScheduledThreadPoolExecutor.java:1093)
        at java.util.concurrent.ScheduledThreadPoolExecutor$DelayedWorkQueue.take(ScheduledThreadPoolExecutor.java:809)
        at java.util.concurrent.ThreadPoolExecutor.getTask(ThreadPoolExecutor.java:1074)
        at java.util.concurrent.ThreadPoolExecutor.runWorker(ThreadPoolExecutor.java:1134)
        at java.util.concurrent.ThreadPoolExecutor$Worker.run(ThreadPoolExecutor.java:624)
        at java.lang.Thread.run(Thread.java:750)
"IPC Server handler 5 on default port 36375" daemon prio=5 tid=1128 timed_waiting
java.lang.Thread.State: TIMED_WAITING
        at sun.misc.Unsafe.park(Native Method)
        at java.util.concurrent.locks.LockSupport.parkNanos(LockSupport.java:215)
        at java.util.concurrent.locks.AbstractQueuedSynchronizer$ConditionObject.awaitNanos(AbstractQueuedSynchronizer.java:2078)
        at java.util.concurrent.LinkedBlockingQueue.poll(LinkedBlockingQueue.java:467)
        at org.apache.hadoop.ipc.CallQueueManager.take(CallQueueManager.java:317)
        at org.apache.hadoop.ipc.Server$Handler.run(Server.java:2942)
"StaleRecoveringContainerScrubbingService#2" daemon prio=5 tid=1629 in Object.wait()
java.lang.Thread.State: WAITING (on object monitor)
        at sun.misc.Unsafe.park(Native Method)
        at java.util.concurrent.locks.LockSupport.park(LockSupport.java:175)
        at java.util.concurrent.locks.AbstractQueuedSynchronizer$ConditionObject.await(AbstractQueuedSynchronizer.java:2039)
        at java.util.concurrent.ScheduledThreadPoolExecutor$DelayedWorkQueue.take(ScheduledThreadPoolExecutor.java:1088)
        at java.util.concurrent.ScheduledThreadPoolExecutor$DelayedWorkQueue.take(ScheduledThreadPoolExecutor.java:809)
        at java.util.concurrent.ThreadPoolExecutor.getTask(ThreadPoolExecutor.java:1074)
        at java.util.concurrent.ThreadPoolExecutor.runWorker(ThreadPoolExecutor.java:1134)
        at java.util.concurrent.ThreadPoolExecutor$Worker.run(ThreadPoolExecutor.java:624)
        at java.lang.Thread.run(Thread.java:750)
"IPC Server handler 4 on default port 38387" daemon prio=5 tid=1147 timed_waiting
java.lang.Thread.State: TIMED_WAITING
        at sun.misc.Unsafe.park(Native Method)
        at java.util.concurrent.locks.LockSupport.parkNanos(LockSupport.java:215)
        at java.util.concurrent.locks.AbstractQueuedSynchronizer$ConditionObject.awaitNanos(AbstractQueuedSynchronizer.java:2078)
        at java.util.concurrent.LinkedBlockingQueue.poll(LinkedBlockingQueue.java:467)
        at org.apache.hadoop.ipc.CallQueueManager.take(CallQueueManager.java:317)
        at org.apache.hadoop.ipc.Server$Handler.run(Server.java:2942)
"Datanode ReportManager Thread - 1" daemon prio=5 tid=1397 in Object.wait()
java.lang.Thread.State: WAITING (on object monitor)
        at sun.misc.Unsafe.park(Native Method)
        at java.util.concurrent.locks.LockSupport.park(LockSupport.java:175)
        at java.util.concurrent.locks.AbstractQueuedSynchronizer$ConditionObject.await(AbstractQueuedSynchronizer.java:2039)
        at java.util.concurrent.ScheduledThreadPoolExecutor$DelayedWorkQueue.take(ScheduledThreadPoolExecutor.java:1088)
        at java.util.concurrent.ScheduledThreadPoolExecutor$DelayedWorkQueue.take(ScheduledThreadPoolExecutor.java:809)
        at java.util.concurrent.ThreadPoolExecutor.getTask(ThreadPoolExecutor.java:1074)
        at java.util.concurrent.ThreadPoolExecutor.runWorker(ThreadPoolExecutor.java:1134)
        at java.util.concurrent.ThreadPoolExecutor$Worker.run(ThreadPoolExecutor.java:624)
        at java.lang.Thread.run(Thread.java:750)
"EndpointStateMachine task thread for /0.0.0.0:43615 - 0 "  prio=5 tid=1430 in Object.wait()
java.lang.Thread.State: WAITING (on object monitor)
        at sun.misc.Unsafe.park(Native Method)
        at java.util.concurrent.locks.LockSupport.park(LockSupport.java:175)
        at java.util.concurrent.locks.AbstractQueuedSynchronizer$ConditionObject.await(AbstractQueuedSynchronizer.java:2039)
        at java.util.concurrent.LinkedBlockingQueue.take(LinkedBlockingQueue.java:442)
        at java.util.concurrent.ThreadPoolExecutor.getTask(ThreadPoolExecutor.java:1074)
        at java.util.concurrent.ThreadPoolExecutor.runWorker(ThreadPoolExecutor.java:1134)
        at java.util.concurrent.ThreadPoolExecutor$Worker.run(ThreadPoolExecutor.java:624)
        at java.lang.Thread.run(Thread.java:750)
"5580caa2-355e-4705-b703-b3b115bf5f47@group-E7106E4C0F9A-StateMachineUpdater" daemon prio=5 tid=1528 timed_waiting
java.lang.Thread.State: TIMED_WAITING
        at sun.misc.Unsafe.park(Native Method)
        at java.util.concurrent.locks.LockSupport.parkNanos(LockSupport.java:215)
        at java.util.concurrent.CompletableFuture$Signaller.block(CompletableFuture.java:1709)
        at java.util.concurrent.ForkJoinPool.managedBlock(ForkJoinPool.java:3323)
        at java.util.concurrent.CompletableFuture.timedGet(CompletableFuture.java:1788)
        at java.util.concurrent.CompletableFuture.get(CompletableFuture.java:1928)
        at org.apache.ratis.util.AwaitForSignal.await(AwaitForSignal.java:56)
        at org.apache.ratis.server.impl.StateMachineUpdater.waitForCommit(StateMachineUpdater.java:207)
        at org.apache.ratis.server.impl.StateMachineUpdater.run(StateMachineUpdater.java:176)
        at java.lang.Thread.run(Thread.java:750)
"grpc-default-executor-1" daemon prio=5 tid=1541 timed_waiting
java.lang.Thread.State: TIMED_WAITING
        at sun.misc.Unsafe.park(Native Method)
        at java.util.concurrent.locks.LockSupport.parkNanos(LockSupport.java:215)
        at java.util.concurrent.SynchronousQueue$TransferStack.awaitFulfill(SynchronousQueue.java:460)
        at java.util.concurrent.SynchronousQueue$TransferStack.transfer(SynchronousQueue.java:362)
        at java.util.concurrent.SynchronousQueue.poll(SynchronousQueue.java:941)
        at java.util.concurrent.ThreadPoolExecutor.getTask(ThreadPoolExecutor.java:1073)
        at java.util.concurrent.ThreadPoolExecutor.runWorker(ThreadPoolExecutor.java:1134)
        at java.util.concurrent.ThreadPoolExecutor$Worker.run(ThreadPoolExecutor.java:624)
        at java.lang.Thread.run(Thread.java:750)
"FixedThreadPoolWithAffinityExecutor-7-0" daemon prio=5 tid=1117 timed_waiting
java.lang.Thread.State: TIMED_WAITING
        at sun.misc.Unsafe.park(Native Method)
        at java.util.concurrent.locks.LockSupport.parkNanos(LockSupport.java:215)
        at java.util.concurrent.locks.AbstractQueuedSynchronizer$ConditionObject.awaitNanos(AbstractQueuedSynchronizer.java:2078)
        at java.util.concurrent.LinkedBlockingQueue.poll(LinkedBlockingQueue.java:467)
        at org.apache.hadoop.hdds.scm.server.ContainerReportQueue.poll(ContainerReportQueue.java:266)
        at org.apache.hadoop.hdds.scm.server.ContainerReportQueue.poll(ContainerReportQueue.java:42)
        at org.apache.hadoop.hdds.server.events.FixedThreadPoolWithAffinityExecutor$ContainerReportProcessTask.run(FixedThreadPoolWithAffinityExecutor.java:218)
        at java.util.concurrent.Executors$RunnableAdapter.call(Executors.java:511)
        at java.util.concurrent.FutureTask.run(FutureTask.java:266)
        at java.util.concurrent.ThreadPoolExecutor.runWorker(ThreadPoolExecutor.java:1149)
        at java.util.concurrent.ThreadPoolExecutor$Worker.run(ThreadPoolExecutor.java:624)
        at java.lang.Thread.run(Thread.java:750)
"org.apache.hadoop.ozone.container.common.statemachine.commandhandler.DeleteBlocksCommandHandler$DeleteCmdWorker@36447e1d" daemon prio=5 tid=1358 timed_waiting
java.lang.Thread.State: TIMED_WAITING
        at java.lang.Thread.sleep(Native Method)
        at org.apache.hadoop.ozone.container.common.statemachine.commandhandler.DeleteBlocksCommandHandler$DeleteCmdWorker.run(DeleteBlocksCommandHandler.java:184)
        at java.lang.Thread.run(Thread.java:750)
"IPC Server handler 2 on default port 43615" daemon prio=5 tid=1165 timed_waiting
java.lang.Thread.State: TIMED_WAITING
        at sun.misc.Unsafe.park(Native Method)
        at java.util.concurrent.locks.LockSupport.parkNanos(LockSupport.java:215)
        at java.util.concurrent.locks.AbstractQueuedSynchronizer$ConditionObject.awaitNanos(AbstractQueuedSynchronizer.java:2078)
        at java.util.concurrent.LinkedBlockingQueue.poll(LinkedBlockingQueue.java:467)
        at org.apache.hadoop.ipc.CallQueueManager.take(CallQueueManager.java:317)
        at org.apache.hadoop.ipc.Server$Handler.run(Server.java:2942)
"qtp622955604-1261" daemon prio=5 tid=1261 timed_waiting
java.lang.Thread.State: TIMED_WAITING
        at sun.misc.Unsafe.park(Native Method)
        at java.util.concurrent.locks.LockSupport.parkNanos(LockSupport.java:215)
        at java.util.concurrent.locks.AbstractQueuedSynchronizer$ConditionObject.awaitNanos(AbstractQueuedSynchronizer.java:2078)
        at org.eclipse.jetty.util.BlockingArrayQueue.poll(BlockingArrayQueue.java:382)
        at org.eclipse.jetty.util.thread.QueuedThreadPool$Runner.idleJobPoll(QueuedThreadPool.java:974)
        at org.eclipse.jetty.util.thread.QueuedThreadPool$Runner.run(QueuedThreadPool.java:1018)
        at java.lang.Thread.run(Thread.java:750)
"BlockDeletingService#0" daemon prio=5 tid=1437 in Object.wait()
java.lang.Thread.State: WAITING (on object monitor)
        at sun.misc.Unsafe.park(Native Method)
        at java.util.concurrent.locks.LockSupport.park(LockSupport.java:175)
        at java.util.concurrent.locks.AbstractQueuedSynchronizer$ConditionObject.await(AbstractQueuedSynchronizer.java:2039)
        at java.util.concurrent.ScheduledThreadPoolExecutor$DelayedWorkQueue.take(ScheduledThreadPoolExecutor.java:1088)
        at java.util.concurrent.ScheduledThreadPoolExecutor$DelayedWorkQueue.take(ScheduledThreadPoolExecutor.java:809)
        at java.util.concurrent.ThreadPoolExecutor.getTask(ThreadPoolExecutor.java:1074)
        at java.util.concurrent.ThreadPoolExecutor.runWorker(ThreadPoolExecutor.java:1134)
        at java.util.concurrent.ThreadPoolExecutor$Worker.run(ThreadPoolExecutor.java:624)
        at java.lang.Thread.run(Thread.java:750)
"IPC Server handler 3 on default port 36375" daemon prio=5 tid=1126 timed_waiting
java.lang.Thread.State: TIMED_WAITING
        at sun.misc.Unsafe.park(Native Method)
        at java.util.concurrent.locks.LockSupport.parkNanos(LockSupport.java:215)
        at java.util.concurrent.locks.AbstractQueuedSynchronizer$ConditionObject.awaitNanos(AbstractQueuedSynchronizer.java:2078)
        at java.util.concurrent.LinkedBlockingQueue.poll(LinkedBlockingQueue.java:467)
        at org.apache.hadoop.ipc.CallQueueManager.take(CallQueueManager.java:317)
        at org.apache.hadoop.ipc.Server$Handler.run(Server.java:2942)
"Datanode ReportManager Thread - 2" daemon prio=5 tid=1318 in Object.wait()
java.lang.Thread.State: WAITING (on object monitor)
        at sun.misc.Unsafe.park(Native Method)
        at java.util.concurrent.locks.LockSupport.park(LockSupport.java:175)
        at java.util.concurrent.locks.AbstractQueuedSynchronizer$ConditionObject.await(AbstractQueuedSynchronizer.java:2039)
        at java.util.concurrent.ScheduledThreadPoolExecutor$DelayedWorkQueue.take(ScheduledThreadPoolExecutor.java:1088)
        at java.util.concurrent.ScheduledThreadPoolExecutor$DelayedWorkQueue.take(ScheduledThreadPoolExecutor.java:809)
        at java.util.concurrent.ThreadPoolExecutor.getTask(ThreadPoolExecutor.java:1074)
        at java.util.concurrent.ThreadPoolExecutor.runWorker(ThreadPoolExecutor.java:1134)
        at java.util.concurrent.ThreadPoolExecutor$Worker.run(ThreadPoolExecutor.java:624)
        at java.lang.Thread.run(Thread.java:750)
"qtp472619336-1310" daemon prio=5 tid=1310 timed_waiting
java.lang.Thread.State: TIMED_WAITING
        at sun.misc.Unsafe.park(Native Method)
        at java.util.concurrent.locks.LockSupport.parkNanos(LockSupport.java:215)
        at java.util.concurrent.locks.AbstractQueuedSynchronizer$ConditionObject.awaitNanos(AbstractQueuedSynchronizer.java:2078)
        at org.eclipse.jetty.util.BlockingArrayQueue.poll(BlockingArrayQueue.java:382)
        at org.eclipse.jetty.util.thread.QueuedThreadPool$Runner.idleJobPoll(QueuedThreadPool.java:974)
        at org.eclipse.jetty.util.thread.QueuedThreadPool$Runner.run(QueuedThreadPool.java:1018)
        at java.lang.Thread.run(Thread.java:750)
"IPC Server handler 7 on default port 43083" daemon prio=5 tid=1232 timed_waiting
java.lang.Thread.State: TIMED_WAITING
        at sun.misc.Unsafe.park(Native Method)
        at java.util.concurrent.locks.LockSupport.parkNanos(LockSupport.java:215)
        at java.util.concurrent.locks.AbstractQueuedSynchronizer$ConditionObject.awaitNanos(AbstractQueuedSynchronizer.java:2078)
        at java.util.concurrent.LinkedBlockingQueue.poll(LinkedBlockingQueue.java:467)
        at org.apache.hadoop.ipc.CallQueueManager.take(CallQueueManager.java:317)
        at org.apache.hadoop.ipc.Server$Handler.run(Server.java:2942)
"qtp305277801-1337" daemon prio=5 tid=1337 timed_waiting
java.lang.Thread.State: TIMED_WAITING
        at sun.misc.Unsafe.park(Native Method)
        at java.util.concurrent.locks.LockSupport.parkNanos(LockSupport.java:215)
        at java.util.concurrent.locks.AbstractQueuedSynchronizer$ConditionObject.awaitNanos(AbstractQueuedSynchronizer.java:2078)
        at org.eclipse.jetty.util.BlockingArrayQueue.poll(BlockingArrayQueue.java:382)
        at org.eclipse.jetty.util.thread.QueuedThreadPool$Runner.idleJobPoll(QueuedThreadPool.java:974)
        at org.eclipse.jetty.util.thread.QueuedThreadPool$Runner.run(QueuedThreadPool.java:1018)
        at java.lang.Thread.run(Thread.java:750)
"IPC Server handler 5 on default port 43083" daemon prio=5 tid=1230 timed_waiting
java.lang.Thread.State: TIMED_WAITING
        at sun.misc.Unsafe.park(Native Method)
        at java.util.concurrent.locks.LockSupport.parkNanos(LockSupport.java:215)
        at java.util.concurrent.locks.AbstractQueuedSynchronizer$ConditionObject.awaitNanos(AbstractQueuedSynchronizer.java:2078)
        at java.util.concurrent.LinkedBlockingQueue.poll(LinkedBlockingQueue.java:467)
        at org.apache.hadoop.ipc.CallQueueManager.take(CallQueueManager.java:317)
        at org.apache.hadoop.ipc.Server$Handler.run(Server.java:2942)
"ChunkWriter-3-0" daemon prio=5 tid=1470 in Object.wait()
java.lang.Thread.State: WAITING (on object monitor)
        at sun.misc.Unsafe.park(Native Method)
        at java.util.concurrent.locks.LockSupport.park(LockSupport.java:175)
        at java.util.concurrent.locks.AbstractQueuedSynchronizer$ConditionObject.await(AbstractQueuedSynchronizer.java:2039)
        at java.util.concurrent.LinkedBlockingDeque.takeFirst(LinkedBlockingDeque.java:492)
        at java.util.concurrent.LinkedBlockingDeque.take(LinkedBlockingDeque.java:680)
        at java.util.concurrent.ThreadPoolExecutor.getTask(ThreadPoolExecutor.java:1074)
        at java.util.concurrent.ThreadPoolExecutor.runWorker(ThreadPoolExecutor.java:1134)
        at java.util.concurrent.ThreadPoolExecutor$Worker.run(ThreadPoolExecutor.java:624)
        at java.lang.Thread.run(Thread.java:750)
"qtp2061281899-1216" daemon prio=5 tid=1216 runnable
java.lang.Thread.State: RUNNABLE
        at sun.nio.ch.EPollArrayWrapper.epollWait(Native Method)
        at sun.nio.ch.EPollArrayWrapper.poll(EPollArrayWrapper.java:269)
        at sun.nio.ch.EPollSelectorImpl.doSelect(EPollSelectorImpl.java:93)
        at sun.nio.ch.SelectorImpl.lockAndDoSelect(SelectorImpl.java:86)
        at sun.nio.ch.SelectorImpl.select(SelectorImpl.java:97)
        at sun.nio.ch.SelectorImpl.select(SelectorImpl.java:101)
        at org.eclipse.jetty.io.ManagedSelector.nioSelect(ManagedSelector.java:183)
        at org.eclipse.jetty.io.ManagedSelector.select(ManagedSelector.java:190)
        at org.eclipse.jetty.io.ManagedSelector$SelectorProducer.select(ManagedSelector.java:606)
        at org.eclipse.jetty.io.ManagedSelector$SelectorProducer.produce(ManagedSelector.java:543)
        at org.eclipse.jetty.util.thread.strategy.EatWhatYouKill.produceTask(EatWhatYouKill.java:362)
        at org.eclipse.jetty.util.thread.strategy.EatWhatYouKill.doProduce(EatWhatYouKill.java:186)
        at org.eclipse.jetty.util.thread.strategy.EatWhatYouKill.tryProduce(EatWhatYouKill.java:173)
        at org.eclipse.jetty.util.thread.strategy.EatWhatYouKill.produce(EatWhatYouKill.java:137)
        at org.eclipse.jetty.io.ManagedSelector$$Lambda$470/1378841761.run(Unknown Source)
        at org.eclipse.jetty.util.thread.QueuedThreadPool.runJob(QueuedThreadPool.java:883)
        at org.eclipse.jetty.util.thread.QueuedThreadPool$Runner.run(QueuedThreadPool.java:1034)
        at java.lang.Thread.run(Thread.java:750)
"IPC Server handler 0 on default port 36375" daemon prio=5 tid=1123 timed_waiting
java.lang.Thread.State: TIMED_WAITING
        at sun.misc.Unsafe.park(Native Method)
        at java.util.concurrent.locks.LockSupport.parkNanos(LockSupport.java:215)
        at java.util.concurrent.locks.AbstractQueuedSynchronizer$ConditionObject.awaitNanos(AbstractQueuedSynchronizer.java:2078)
        at java.util.concurrent.LinkedBlockingQueue.poll(LinkedBlockingQueue.java:467)
        at org.apache.hadoop.ipc.CallQueueManager.take(CallQueueManager.java:317)
        at org.apache.hadoop.ipc.Server$Handler.run(Server.java:2942)
"StaleRecoveringContainerScrubbingService#0" daemon prio=5 tid=1474 in Object.wait()
java.lang.Thread.State: WAITING (on object monitor)
        at sun.misc.Unsafe.park(Native Method)
        at java.util.concurrent.locks.LockSupport.park(LockSupport.java:175)
        at java.util.concurrent.locks.AbstractQueuedSynchronizer$ConditionObject.await(AbstractQueuedSynchronizer.java:2039)
        at java.util.concurrent.ScheduledThreadPoolExecutor$DelayedWorkQueue.take(ScheduledThreadPoolExecutor.java:1088)
        at java.util.concurrent.ScheduledThreadPoolExecutor$DelayedWorkQueue.take(ScheduledThreadPoolExecutor.java:809)
        at java.util.concurrent.ThreadPoolExecutor.getTask(ThreadPoolExecutor.java:1074)
        at java.util.concurrent.ThreadPoolExecutor.runWorker(ThreadPoolExecutor.java:1134)
        at java.util.concurrent.ThreadPoolExecutor$Worker.run(ThreadPoolExecutor.java:624)
        at java.lang.Thread.run(Thread.java:750)
"EndpointStateMachine task thread for /0.0.0.0:43615 - 0 "  prio=5 tid=1454 in Object.wait()
java.lang.Thread.State: WAITING (on object monitor)
        at sun.misc.Unsafe.park(Native Method)
        at java.util.concurrent.locks.LockSupport.park(LockSupport.java:175)
        at java.util.concurrent.locks.AbstractQueuedSynchronizer$ConditionObject.await(AbstractQueuedSynchronizer.java:2039)
        at java.util.concurrent.LinkedBlockingQueue.take(LinkedBlockingQueue.java:442)
        at java.util.concurrent.ThreadPoolExecutor.getTask(ThreadPoolExecutor.java:1074)
        at java.util.concurrent.ThreadPoolExecutor.runWorker(ThreadPoolExecutor.java:1134)
        at java.util.concurrent.ThreadPoolExecutor$Worker.run(ThreadPoolExecutor.java:624)
        at java.lang.Thread.run(Thread.java:750)
"BlockDeletingService#1" daemon prio=5 tid=1427 timed_waiting
java.lang.Thread.State: TIMED_WAITING
        at sun.misc.Unsafe.park(Native Method)
        at java.util.concurrent.locks.LockSupport.parkNanos(LockSupport.java:215)
        at java.util.concurrent.locks.AbstractQueuedSynchronizer$ConditionObject.awaitNanos(AbstractQueuedSynchronizer.java:2078)
        at java.util.concurrent.ScheduledThreadPoolExecutor$DelayedWorkQueue.take(ScheduledThreadPoolExecutor.java:1093)
        at java.util.concurrent.ScheduledThreadPoolExecutor$DelayedWorkQueue.take(ScheduledThreadPoolExecutor.java:809)
        at java.util.concurrent.ThreadPoolExecutor.getTask(ThreadPoolExecutor.java:1074)
        at java.util.concurrent.ThreadPoolExecutor.runWorker(ThreadPoolExecutor.java:1134)
        at java.util.concurrent.ThreadPoolExecutor$Worker.run(ThreadPoolExecutor.java:624)
        at java.lang.Thread.run(Thread.java:750)
"EventQueue-PipelineReportForPipelineReportHandler" daemon prio=5 tid=1480 in Object.wait()
java.lang.Thread.State: WAITING (on object monitor)
        at sun.misc.Unsafe.park(Native Method)
        at java.util.concurrent.locks.LockSupport.park(LockSupport.java:175)
        at java.util.concurrent.locks.AbstractQueuedSynchronizer$ConditionObject.await(AbstractQueuedSynchronizer.java:2039)
        at java.util.concurrent.LinkedBlockingQueue.take(LinkedBlockingQueue.java:442)
        at java.util.concurrent.ThreadPoolExecutor.getTask(ThreadPoolExecutor.java:1074)
        at java.util.concurrent.ThreadPoolExecutor.runWorker(ThreadPoolExecutor.java:1134)
        at java.util.concurrent.ThreadPoolExecutor$Worker.run(ThreadPoolExecutor.java:624)
        at java.lang.Thread.run(Thread.java:750)
"pool-606-thread-1" daemon prio=5 tid=1329 timed_waiting
java.lang.Thread.State: TIMED_WAITING
        at sun.misc.Unsafe.park(Native Method)
        at java.util.concurrent.locks.LockSupport.parkNanos(LockSupport.java:215)
        at java.util.concurrent.locks.AbstractQueuedSynchronizer$ConditionObject.awaitNanos(AbstractQueuedSynchronizer.java:2078)
        at java.util.concurrent.ScheduledThreadPoolExecutor$DelayedWorkQueue.take(ScheduledThreadPoolExecutor.java:1093)
        at java.util.concurrent.ScheduledThreadPoolExecutor$DelayedWorkQueue.take(ScheduledThreadPoolExecutor.java:809)
        at java.util.concurrent.ThreadPoolExecutor.getTask(ThreadPoolExecutor.java:1074)
        at java.util.concurrent.ThreadPoolExecutor.runWorker(ThreadPoolExecutor.java:1134)
        at java.util.concurrent.ThreadPoolExecutor$Worker.run(ThreadPoolExecutor.java:624)
        at java.lang.Thread.run(Thread.java:750)
"Command processor thread" daemon prio=5 tid=1295 timed_waiting
java.lang.Thread.State: TIMED_WAITING
        at java.lang.Thread.sleep(Native Method)
        at org.apache.hadoop.ozone.container.common.statemachine.DatanodeStateMachine.lambda$initCommandHandlerThread$3(DatanodeStateMachine.java:641)
        at org.apache.hadoop.ozone.container.common.statemachine.DatanodeStateMachine$$Lambda$817/1351828566.run(Unknown Source)
        at java.lang.Thread.run(Thread.java:750)
"pool-462-thread-1"  prio=5 tid=1067 in Object.wait()
java.lang.Thread.State: WAITING (on object monitor)
        at sun.misc.Unsafe.park(Native Method)
        at java.util.concurrent.locks.LockSupport.park(LockSupport.java:175)
        at java.util.concurrent.locks.AbstractQueuedSynchronizer$ConditionObject.await(AbstractQueuedSynchronizer.java:2039)
        at java.util.concurrent.LinkedBlockingQueue.take(LinkedBlockingQueue.java:442)
        at java.util.concurrent.ThreadPoolExecutor.getTask(ThreadPoolExecutor.java:1074)
        at java.util.concurrent.ThreadPoolExecutor.runWorker(ThreadPoolExecutor.java:1134)
        at java.util.concurrent.ThreadPoolExecutor$Worker.run(ThreadPoolExecutor.java:624)
        at java.lang.Thread.run(Thread.java:750)
"5580caa2-355e-4705-b703-b3b115bf5f47-server-thread2" daemon prio=5 tid=1614 timed_waiting
java.lang.Thread.State: TIMED_WAITING
        at sun.misc.Unsafe.park(Native Method)
        at java.util.concurrent.locks.LockSupport.parkNanos(LockSupport.java:215)
        at java.util.concurrent.SynchronousQueue$TransferStack.awaitFulfill(SynchronousQueue.java:460)
        at java.util.concurrent.SynchronousQueue$TransferStack.transfer(SynchronousQueue.java:362)
        at java.util.concurrent.SynchronousQueue.poll(SynchronousQueue.java:941)
        at java.util.concurrent.ThreadPoolExecutor.getTask(ThreadPoolExecutor.java:1073)
        at java.util.concurrent.ThreadPoolExecutor.runWorker(ThreadPoolExecutor.java:1134)
        at java.util.concurrent.ThreadPoolExecutor$Worker.run(ThreadPoolExecutor.java:624)
        at java.lang.Thread.run(Thread.java:750)
"IPC Server listener on 0" daemon prio=5 tid=1106 runnable
java.lang.Thread.State: RUNNABLE
        at sun.nio.ch.EPollArrayWrapper.epollWait(Native Method)
        at sun.nio.ch.EPollArrayWrapper.poll(EPollArrayWrapper.java:269)
        at sun.nio.ch.EPollSelectorImpl.doSelect(EPollSelectorImpl.java:93)
        at sun.nio.ch.SelectorImpl.lockAndDoSelect(SelectorImpl.java:86)
        at sun.nio.ch.SelectorImpl.select(SelectorImpl.java:97)
        at sun.nio.ch.SelectorImpl.select(SelectorImpl.java:101)
        at org.apache.hadoop.ipc.Server$Listener.run(Server.java:1358)
"qtp209985187-1186" daemon prio=5 tid=1186 runnable
java.lang.Thread.State: RUNNABLE
        at sun.nio.ch.EPollArrayWrapper.epollWait(Native Method)
        at sun.nio.ch.EPollArrayWrapper.poll(EPollArrayWrapper.java:269)
        at sun.nio.ch.EPollSelectorImpl.doSelect(EPollSelectorImpl.java:93)
        at sun.nio.ch.SelectorImpl.lockAndDoSelect(SelectorImpl.java:86)
        at sun.nio.ch.SelectorImpl.select(SelectorImpl.java:97)
        at sun.nio.ch.SelectorImpl.select(SelectorImpl.java:101)
        at org.eclipse.jetty.io.ManagedSelector.nioSelect(ManagedSelector.java:183)
        at org.eclipse.jetty.io.ManagedSelector.select(ManagedSelector.java:190)
        at org.eclipse.jetty.io.ManagedSelector$SelectorProducer.select(ManagedSelector.java:606)
        at org.eclipse.jetty.io.ManagedSelector$SelectorProducer.produce(ManagedSelector.java:543)
        at org.eclipse.jetty.util.thread.strategy.EatWhatYouKill.produceTask(EatWhatYouKill.java:362)
        at org.eclipse.jetty.util.thread.strategy.EatWhatYouKill.doProduce(EatWhatYouKill.java:186)
        at org.eclipse.jetty.util.thread.strategy.EatWhatYouKill.tryProduce(EatWhatYouKill.java:173)
        at org.eclipse.jetty.util.thread.strategy.EatWhatYouKill.produce(EatWhatYouKill.java:137)
        at org.eclipse.jetty.io.ManagedSelector$$Lambda$470/1378841761.run(Unknown Source)
        at org.eclipse.jetty.util.thread.QueuedThreadPool.runJob(QueuedThreadPool.java:883)
        at org.eclipse.jetty.util.thread.QueuedThreadPool$Runner.run(QueuedThreadPool.java:1034)
        at java.lang.Thread.run(Thread.java:750)
"Socket Reader #1 for port 0"  prio=5 tid=1099 runnable
java.lang.Thread.State: RUNNABLE
        at sun.nio.ch.EPollArrayWrapper.epollWait(Native Method)
        at sun.nio.ch.EPollArrayWrapper.poll(EPollArrayWrapper.java:269)
        at sun.nio.ch.EPollSelectorImpl.doSelect(EPollSelectorImpl.java:93)
        at sun.nio.ch.SelectorImpl.lockAndDoSelect(SelectorImpl.java:86)
        at sun.nio.ch.SelectorImpl.select(SelectorImpl.java:97)
        at sun.nio.ch.SelectorImpl.select(SelectorImpl.java:101)
        at org.apache.hadoop.ipc.Server$Listener$Reader.doRunLoop(Server.java:1296)
        at org.apache.hadoop.ipc.Server$Listener$Reader.run(Server.java:1275)
"IPC Server handler 18 on default port 38387" daemon prio=5 tid=1161 timed_waiting
java.lang.Thread.State: TIMED_WAITING
        at sun.misc.Unsafe.park(Native Method)
        at java.util.concurrent.locks.LockSupport.parkNanos(LockSupport.java:215)
        at java.util.concurrent.locks.AbstractQueuedSynchronizer$ConditionObject.awaitNanos(AbstractQueuedSynchronizer.java:2078)
        at java.util.concurrent.LinkedBlockingQueue.poll(LinkedBlockingQueue.java:467)
        at org.apache.hadoop.ipc.CallQueueManager.take(CallQueueManager.java:317)
        at org.apache.hadoop.ipc.Server$Handler.run(Server.java:2942)
"qtp472619336-1306" daemon prio=5 tid=1306 runnable
java.lang.Thread.State: RUNNABLE
        at sun.nio.ch.EPollArrayWrapper.epollWait(Native Method)
        at sun.nio.ch.EPollArrayWrapper.poll(EPollArrayWrapper.java:269)
        at sun.nio.ch.EPollSelectorImpl.doSelect(EPollSelectorImpl.java:93)
        at sun.nio.ch.SelectorImpl.lockAndDoSelect(SelectorImpl.java:86)
        at sun.nio.ch.SelectorImpl.select(SelectorImpl.java:97)
        at sun.nio.ch.SelectorImpl.select(SelectorImpl.java:101)
        at org.eclipse.jetty.io.ManagedSelector.nioSelect(ManagedSelector.java:183)
        at org.eclipse.jetty.io.ManagedSelector.select(ManagedSelector.java:190)
        at org.eclipse.jetty.io.ManagedSelector$SelectorProducer.select(ManagedSelector.java:606)
        at org.eclipse.jetty.io.ManagedSelector$SelectorProducer.produce(ManagedSelector.java:543)
        at org.eclipse.jetty.util.thread.strategy.EatWhatYouKill.produceTask(EatWhatYouKill.java:362)
        at org.eclipse.jetty.util.thread.strategy.EatWhatYouKill.doProduce(EatWhatYouKill.java:186)
        at org.eclipse.jetty.util.thread.strategy.EatWhatYouKill.tryProduce(EatWhatYouKill.java:173)
        at org.eclipse.jetty.util.thread.strategy.EatWhatYouKill.produce(EatWhatYouKill.java:137)
        at org.eclipse.jetty.io.ManagedSelector$$Lambda$470/1378841761.run(Unknown Source)
        at org.eclipse.jetty.util.thread.QueuedThreadPool.runJob(QueuedThreadPool.java:883)
        at org.eclipse.jetty.util.thread.QueuedThreadPool$Runner.run(QueuedThreadPool.java:1034)
        at java.lang.Thread.run(Thread.java:750)
"grpc-default-worker-ELG-5-2" daemon prio=5 tid=918 runnable
java.lang.Thread.State: RUNNABLE
        at org.apache.ratis.thirdparty.io.netty.channel.epoll.Native.epollWait0(Native Method)
        at org.apache.ratis.thirdparty.io.netty.channel.epoll.Native.epollWait(Native.java:182)
        at org.apache.ratis.thirdparty.io.netty.channel.epoll.EpollEventLoop.epollWait(EpollEventLoop.java:290)
        at org.apache.ratis.thirdparty.io.netty.channel.epoll.EpollEventLoop.run(EpollEventLoop.java:354)
        at org.apache.ratis.thirdparty.io.netty.util.concurrent.SingleThreadEventExecutor$4.run(SingleThreadEventExecutor.java:995)
        at org.apache.ratis.thirdparty.io.netty.util.internal.ThreadExecutorMap$2.run(ThreadExecutorMap.java:74)
        at org.apache.ratis.thirdparty.io.netty.util.concurrent.FastThreadLocalRunnable.run(FastThreadLocalRunnable.java:30)
        at java.lang.Thread.run(Thread.java:750)
"ChunkReader-ELG-0" daemon prio=5 tid=1424 runnable
java.lang.Thread.State: RUNNABLE
        at org.apache.ratis.thirdparty.io.netty.channel.epoll.Native.epollWait(Native Method)
        at org.apache.ratis.thirdparty.io.netty.channel.epoll.Native.epollWait(Native.java:209)
        at org.apache.ratis.thirdparty.io.netty.channel.epoll.Native.epollWait(Native.java:202)
        at org.apache.ratis.thirdparty.io.netty.channel.epoll.EpollEventLoop.epollWaitNoTimerChange(EpollEventLoop.java:294)
        at org.apache.ratis.thirdparty.io.netty.channel.epoll.EpollEventLoop.run(EpollEventLoop.java:351)
        at org.apache.ratis.thirdparty.io.netty.util.concurrent.SingleThreadEventExecutor$4.run(SingleThreadEventExecutor.java:995)
        at org.apache.ratis.thirdparty.io.netty.util.internal.ThreadExecutorMap$2.run(ThreadExecutorMap.java:74)
        at java.lang.Thread.run(Thread.java:750)
"Finalizer" daemon prio=8 tid=3 in Object.wait()
java.lang.Thread.State: WAITING (on object monitor)
        at java.lang.Object.wait(Native Method)
        at java.lang.ref.ReferenceQueue.remove(ReferenceQueue.java:144)
        at java.lang.ref.ReferenceQueue.remove(ReferenceQueue.java:165)
        at java.lang.ref.Finalizer$FinalizerThread.run(Finalizer.java:216)
"5580caa2-355e-4705-b703-b3b115bf5f47-server-thread1" daemon prio=5 tid=1612 timed_waiting
java.lang.Thread.State: TIMED_WAITING
        at sun.misc.Unsafe.park(Native Method)
        at java.util.concurrent.locks.LockSupport.parkNanos(LockSupport.java:215)
        at java.util.concurrent.SynchronousQueue$TransferStack.awaitFulfill(SynchronousQueue.java:460)
        at java.util.concurrent.SynchronousQueue$TransferStack.transfer(SynchronousQueue.java:362)
        at java.util.concurrent.SynchronousQueue.poll(SynchronousQueue.java:941)
        at java.util.concurrent.ThreadPoolExecutor.getTask(ThreadPoolExecutor.java:1073)
        at java.util.concurrent.ThreadPoolExecutor.runWorker(ThreadPoolExecutor.java:1134)
        at java.util.concurrent.ThreadPoolExecutor$Worker.run(ThreadPoolExecutor.java:624)
        at java.lang.Thread.run(Thread.java:750)
"ChunkWriter-0-0" daemon prio=5 tid=1419 in Object.wait()
java.lang.Thread.State: WAITING (on object monitor)
        at sun.misc.Unsafe.park(Native Method)
        at java.util.concurrent.locks.LockSupport.park(LockSupport.java:175)
        at java.util.concurrent.locks.AbstractQueuedSynchronizer$ConditionObject.await(AbstractQueuedSynchronizer.java:2039)
        at java.util.concurrent.LinkedBlockingDeque.takeFirst(LinkedBlockingDeque.java:492)
        at java.util.concurrent.LinkedBlockingDeque.take(LinkedBlockingDeque.java:680)
        at java.util.concurrent.ThreadPoolExecutor.getTask(ThreadPoolExecutor.java:1074)
        at java.util.concurrent.ThreadPoolExecutor.runWorker(ThreadPoolExecutor.java:1134)
        at java.util.concurrent.ThreadPoolExecutor$Worker.run(ThreadPoolExecutor.java:624)
        at java.lang.Thread.run(Thread.java:750)
"StaleRecoveringContainerScrubbingService#2" daemon prio=5 tid=1625 in Object.wait()
java.lang.Thread.State: WAITING (on object monitor)
        at sun.misc.Unsafe.park(Native Method)
        at java.util.concurrent.locks.LockSupport.park(LockSupport.java:175)
        at java.util.concurrent.locks.AbstractQueuedSynchronizer$ConditionObject.await(AbstractQueuedSynchronizer.java:2039)
        at java.util.concurrent.ScheduledThreadPoolExecutor$DelayedWorkQueue.take(ScheduledThreadPoolExecutor.java:1088)
        at java.util.concurrent.ScheduledThreadPoolExecutor$DelayedWorkQueue.take(ScheduledThreadPoolExecutor.java:809)
        at java.util.concurrent.ThreadPoolExecutor.getTask(ThreadPoolExecutor.java:1074)
        at java.util.concurrent.ThreadPoolExecutor.runWorker(ThreadPoolExecutor.java:1134)
        at java.util.concurrent.ThreadPoolExecutor$Worker.run(ThreadPoolExecutor.java:624)
        at java.lang.Thread.run(Thread.java:750)
"StaleRecoveringContainerScrubbingService#2" daemon prio=5 tid=1627 in Object.wait()
java.lang.Thread.State: WAITING (on object monitor)
        at sun.misc.Unsafe.park(Native Method)
        at java.util.concurrent.locks.LockSupport.park(LockSupport.java:175)
        at java.util.concurrent.locks.AbstractQueuedSynchronizer$ConditionObject.await(AbstractQueuedSynchronizer.java:2039)
        at java.util.concurrent.ScheduledThreadPoolExecutor$DelayedWorkQueue.take(ScheduledThreadPoolExecutor.java:1088)
        at java.util.concurrent.ScheduledThreadPoolExecutor$DelayedWorkQueue.take(ScheduledThreadPoolExecutor.java:809)
        at java.util.concurrent.ThreadPoolExecutor.getTask(ThreadPoolExecutor.java:1074)
        at java.util.concurrent.ThreadPoolExecutor.runWorker(ThreadPoolExecutor.java:1134)
        at java.util.concurrent.ThreadPoolExecutor$Worker.run(ThreadPoolExecutor.java:624)
        at java.lang.Thread.run(Thread.java:750)
"StaleRecoveringContainerScrubbingService#1" daemon prio=5 tid=1428 timed_waiting
java.lang.Thread.State: TIMED_WAITING
        at sun.misc.Unsafe.park(Native Method)
        at java.util.concurrent.locks.LockSupport.parkNanos(LockSupport.java:215)
        at java.util.concurrent.locks.AbstractQueuedSynchronizer$ConditionObject.awaitNanos(AbstractQueuedSynchronizer.java:2078)
        at java.util.concurrent.ScheduledThreadPoolExecutor$DelayedWorkQueue.take(ScheduledThreadPoolExecutor.java:1093)
        at java.util.concurrent.ScheduledThreadPoolExecutor$DelayedWorkQueue.take(ScheduledThreadPoolExecutor.java:809)
        at java.util.concurrent.ThreadPoolExecutor.getTask(ThreadPoolExecutor.java:1074)
        at java.util.concurrent.ThreadPoolExecutor.runWorker(ThreadPoolExecutor.java:1134)
        at java.util.concurrent.ThreadPoolExecutor$Worker.run(ThreadPoolExecutor.java:624)
        at java.lang.Thread.run(Thread.java:750)
"qtp1292406739-1367" daemon prio=5 tid=1367 timed_waiting
java.lang.Thread.State: TIMED_WAITING
        at sun.misc.Unsafe.park(Native Method)
        at java.util.concurrent.locks.LockSupport.parkNanos(LockSupport.java:215)
        at java.util.concurrent.locks.AbstractQueuedSynchronizer$ConditionObject.awaitNanos(AbstractQueuedSynchronizer.java:2078)
        at org.eclipse.jetty.util.BlockingArrayQueue.poll(BlockingArrayQueue.java:382)
        at org.eclipse.jetty.util.thread.QueuedThreadPool$Runner.idleJobPoll(QueuedThreadPool.java:974)
        at org.eclipse.jetty.util.thread.QueuedThreadPool$Runner.run(QueuedThreadPool.java:1018)
        at java.lang.Thread.run(Thread.java:750)
"qtp1292406739-1361" daemon prio=5 tid=1361 timed_waiting
java.lang.Thread.State: TIMED_WAITING
        at sun.misc.Unsafe.park(Native Method)
        at java.util.concurrent.locks.LockSupport.parkNanos(LockSupport.java:215)
        at java.util.concurrent.locks.AbstractQueuedSynchronizer$ConditionObject.awaitNanos(AbstractQueuedSynchronizer.java:2078)
        at org.eclipse.jetty.util.BlockingArrayQueue.poll(BlockingArrayQueue.java:382)
        at org.eclipse.jetty.util.thread.QueuedThreadPool$Runner.idleJobPoll(QueuedThreadPool.java:974)
        at org.eclipse.jetty.util.thread.QueuedThreadPool$Runner.run(QueuedThreadPool.java:1018)
        at java.lang.Thread.run(Thread.java:750)
"StaleRecoveringContainerScrubbingService#1" daemon prio=5 tid=1463 timed_waiting
java.lang.Thread.State: TIMED_WAITING
        at sun.misc.Unsafe.park(Native Method)
        at java.util.concurrent.locks.LockSupport.parkNanos(LockSupport.java:215)
        at java.util.concurrent.locks.AbstractQueuedSynchronizer$ConditionObject.awaitNanos(AbstractQueuedSynchronizer.java:2078)
        at java.util.concurrent.ScheduledThreadPoolExecutor$DelayedWorkQueue.take(ScheduledThreadPoolExecutor.java:1093)
        at java.util.concurrent.ScheduledThreadPoolExecutor$DelayedWorkQueue.take(ScheduledThreadPoolExecutor.java:809)
        at java.util.concurrent.ThreadPoolExecutor.getTask(ThreadPoolExecutor.java:1074)
        at java.util.concurrent.ThreadPoolExecutor.runWorker(ThreadPoolExecutor.java:1134)
        at java.util.concurrent.ThreadPoolExecutor$Worker.run(ThreadPoolExecutor.java:624)
        at java.lang.Thread.run(Thread.java:750)
"qtp761298760-1392" daemon prio=5 tid=1392 timed_waiting
java.lang.Thread.State: TIMED_WAITING
        at sun.misc.Unsafe.park(Native Method)
        at java.util.concurrent.locks.LockSupport.parkNanos(LockSupport.java:215)
        at java.util.concurrent.locks.AbstractQueuedSynchronizer$ConditionObject.awaitNanos(AbstractQueuedSynchronizer.java:2078)
        at org.eclipse.jetty.util.BlockingArrayQueue.poll(BlockingArrayQueue.java:382)
        at org.eclipse.jetty.util.thread.QueuedThreadPool$Runner.idleJobPoll(QueuedThreadPool.java:974)
        at org.eclipse.jetty.util.thread.QueuedThreadPool$Runner.run(QueuedThreadPool.java:1018)
        at java.lang.Thread.run(Thread.java:750)
"qtp472619336-1307-acceptor-0@56becf2d-ServerConnector@5ab2d78{HTTP/1.1, (http/1.1)}{0.0.0.0:35811}" daemon prio=3 tid=1307 runnable
java.lang.Thread.State: RUNNABLE
        at sun.nio.ch.ServerSocketChannelImpl.accept0(Native Method)
        at sun.nio.ch.ServerSocketChannelImpl.accept(ServerSocketChannelImpl.java:421)
        at sun.nio.ch.ServerSocketChannelImpl.accept(ServerSocketChannelImpl.java:249)
        at org.eclipse.jetty.server.ServerConnector.accept(ServerConnector.java:388)
        at org.eclipse.jetty.server.AbstractConnector$Acceptor.run(AbstractConnector.java:704)
        at org.eclipse.jetty.util.thread.QueuedThreadPool.runJob(QueuedThreadPool.java:883)
        at org.eclipse.jetty.util.thread.QueuedThreadPool$Runner.run(QueuedThreadPool.java:1034)
        at java.lang.Thread.run(Thread.java:750)
"JvmPauseMonitor17" daemon prio=5 tid=1471 timed_waiting
java.lang.Thread.State: TIMED_WAITING
        at java.lang.Thread.sleep(Native Method)
        at java.lang.Thread.sleep(Thread.java:342)
        at java.util.concurrent.TimeUnit.sleep(TimeUnit.java:386)
        at org.apache.ratis.util.TimeDuration.sleep(TimeDuration.java:325)
        at org.apache.ratis.util.TimeDuration.sleep(TimeDuration.java:310)
        at org.apache.ratis.util.JvmPauseMonitor.detectPause(JvmPauseMonitor.java:119)
        at org.apache.ratis.util.JvmPauseMonitor.run(JvmPauseMonitor.java:108)
        at org.apache.ratis.util.JvmPauseMonitor$$Lambda$730/107283225.run(Unknown Source)
        at java.lang.Thread.run(Thread.java:750)
"IPC Server handler 1 on default port 36375" daemon prio=5 tid=1124 timed_waiting
java.lang.Thread.State: TIMED_WAITING
        at sun.misc.Unsafe.park(Native Method)
        at java.util.concurrent.locks.LockSupport.parkNanos(LockSupport.java:215)
        at java.util.concurrent.locks.AbstractQueuedSynchronizer$ConditionObject.awaitNanos(AbstractQueuedSynchronizer.java:2078)
        at java.util.concurrent.LinkedBlockingQueue.poll(LinkedBlockingQueue.java:467)
        at org.apache.hadoop.ipc.CallQueueManager.take(CallQueueManager.java:317)
        at org.apache.hadoop.ipc.Server$Handler.run(Server.java:2942)
"IPC Server idle connection scanner for port 38387" daemon prio=5 tid=1104 timed_waiting
java.lang.Thread.State: TIMED_WAITING
        at java.lang.Object.wait(Native Method)
        at java.util.TimerThread.mainLoop(Timer.java:552)
        at java.util.TimerThread.run(Timer.java:505)
"IPC Server handler 0 on default port 43083" daemon prio=5 tid=1225 timed_waiting
java.lang.Thread.State: TIMED_WAITING
        at sun.misc.Unsafe.park(Native Method)
        at java.util.concurrent.locks.LockSupport.parkNanos(LockSupport.java:215)
        at java.util.concurrent.locks.AbstractQueuedSynchronizer$ConditionObject.awaitNanos(AbstractQueuedSynchronizer.java:2078)
        at java.util.concurrent.LinkedBlockingQueue.poll(LinkedBlockingQueue.java:467)
        at org.apache.hadoop.ipc.CallQueueManager.take(CallQueueManager.java:317)
        at org.apache.hadoop.ipc.Server$Handler.run(Server.java:2942)
"IPC Server handler 12 on default port 36375" daemon prio=5 tid=1135 timed_waiting
java.lang.Thread.State: TIMED_WAITING
        at sun.misc.Unsafe.park(Native Method)
        at java.util.concurrent.locks.LockSupport.parkNanos(LockSupport.java:215)
        at java.util.concurrent.locks.AbstractQueuedSynchronizer$ConditionObject.awaitNanos(AbstractQueuedSynchronizer.java:2078)
        at java.util.concurrent.LinkedBlockingQueue.poll(LinkedBlockingQueue.java:467)
        at org.apache.hadoop.ipc.CallQueueManager.take(CallQueueManager.java:317)
        at org.apache.hadoop.ipc.Server$Handler.run(Server.java:2942)
"BlockDeletingService#2" daemon prio=5 tid=1624 in Object.wait()
java.lang.Thread.State: WAITING (on object monitor)
        at sun.misc.Unsafe.park(Native Method)
        at java.util.concurrent.locks.LockSupport.park(LockSupport.java:175)
        at java.util.concurrent.locks.AbstractQueuedSynchronizer$ConditionObject.await(AbstractQueuedSynchronizer.java:2039)
        at java.util.concurrent.ScheduledThreadPoolExecutor$DelayedWorkQueue.take(ScheduledThreadPoolExecutor.java:1088)
        at java.util.concurrent.ScheduledThreadPoolExecutor$DelayedWorkQueue.take(ScheduledThreadPoolExecutor.java:809)
        at java.util.concurrent.ThreadPoolExecutor.getTask(ThreadPoolExecutor.java:1074)
        at java.util.concurrent.ThreadPoolExecutor.runWorker(ThreadPoolExecutor.java:1134)
        at java.util.concurrent.ThreadPoolExecutor$Worker.run(ThreadPoolExecutor.java:624)
        at java.lang.Thread.run(Thread.java:750)
"0803b3f8-d7a7-4034-819c-d574a53cd8d2-server-thread2" daemon prio=5 tid=1613 timed_waiting
java.lang.Thread.State: TIMED_WAITING
        at sun.misc.Unsafe.park(Native Method)
        at java.util.concurrent.locks.LockSupport.parkNanos(LockSupport.java:215)
        at java.util.concurrent.SynchronousQueue$TransferStack.awaitFulfill(SynchronousQueue.java:460)
        at java.util.concurrent.SynchronousQueue$TransferStack.transfer(SynchronousQueue.java:362)
        at java.util.concurrent.SynchronousQueue.poll(SynchronousQueue.java:941)
        at java.util.concurrent.ThreadPoolExecutor.getTask(ThreadPoolExecutor.java:1073)
        at java.util.concurrent.ThreadPoolExecutor.runWorker(ThreadPoolExecutor.java:1134)
        at java.util.concurrent.ThreadPoolExecutor$Worker.run(ThreadPoolExecutor.java:624)
        at java.lang.Thread.run(Thread.java:750)
"ChunkWriter-3-0" daemon prio=5 tid=1434 in Object.wait()
java.lang.Thread.State: WAITING (on object monitor)
        at sun.misc.Unsafe.park(Native Method)
        at java.util.concurrent.locks.LockSupport.park(LockSupport.java:175)
        at java.util.concurrent.locks.AbstractQueuedSynchronizer$ConditionObject.await(AbstractQueuedSynchronizer.java:2039)
        at java.util.concurrent.LinkedBlockingDeque.takeFirst(LinkedBlockingDeque.java:492)
        at java.util.concurrent.LinkedBlockingDeque.take(LinkedBlockingDeque.java:680)
        at java.util.concurrent.ThreadPoolExecutor.getTask(ThreadPoolExecutor.java:1074)
        at java.util.concurrent.ThreadPoolExecutor.runWorker(ThreadPoolExecutor.java:1134)
        at java.util.concurrent.ThreadPoolExecutor$Worker.run(ThreadPoolExecutor.java:624)
        at java.lang.Thread.run(Thread.java:750)
"ChunkWriter-3-0" daemon prio=5 tid=1446 in Object.wait()
java.lang.Thread.State: WAITING (on object monitor)
        at sun.misc.Unsafe.park(Native Method)
        at java.util.concurrent.locks.LockSupport.park(LockSupport.java:175)
        at java.util.concurrent.locks.AbstractQueuedSynchronizer$ConditionObject.await(AbstractQueuedSynchronizer.java:2039)
        at java.util.concurrent.LinkedBlockingDeque.takeFirst(LinkedBlockingDeque.java:492)
        at java.util.concurrent.LinkedBlockingDeque.take(LinkedBlockingDeque.java:680)
        at java.util.concurrent.ThreadPoolExecutor.getTask(ThreadPoolExecutor.java:1074)
        at java.util.concurrent.ThreadPoolExecutor.runWorker(ThreadPoolExecutor.java:1134)
        at java.util.concurrent.ThreadPoolExecutor$Worker.run(ThreadPoolExecutor.java:624)
        at java.lang.Thread.run(Thread.java:750)
"IPC Server handler 0 on default port 38387" daemon prio=5 tid=1143 timed_waiting
java.lang.Thread.State: TIMED_WAITING
        at sun.misc.Unsafe.park(Native Method)
        at java.util.concurrent.locks.LockSupport.parkNanos(LockSupport.java:215)
        at java.util.concurrent.locks.AbstractQueuedSynchronizer$ConditionObject.awaitNanos(AbstractQueuedSynchronizer.java:2078)
        at java.util.concurrent.LinkedBlockingQueue.poll(LinkedBlockingQueue.java:467)
        at org.apache.hadoop.ipc.CallQueueManager.take(CallQueueManager.java:317)
        at org.apache.hadoop.ipc.Server$Handler.run(Server.java:2942)
"FixedThreadPoolWithAffinityExecutor-4-0" daemon prio=5 tid=1114 timed_waiting
java.lang.Thread.State: TIMED_WAITING
        at sun.misc.Unsafe.park(Native Method)
        at java.util.concurrent.locks.LockSupport.parkNanos(LockSupport.java:215)
        at java.util.concurrent.locks.AbstractQueuedSynchronizer$ConditionObject.awaitNanos(AbstractQueuedSynchronizer.java:2078)
        at java.util.concurrent.LinkedBlockingQueue.poll(LinkedBlockingQueue.java:467)
        at org.apache.hadoop.hdds.scm.server.ContainerReportQueue.poll(ContainerReportQueue.java:266)
        at org.apache.hadoop.hdds.scm.server.ContainerReportQueue.poll(ContainerReportQueue.java:42)
        at org.apache.hadoop.hdds.server.events.FixedThreadPoolWithAffinityExecutor$ContainerReportProcessTask.run(FixedThreadPoolWithAffinityExecutor.java:218)
        at java.util.concurrent.Executors$RunnableAdapter.call(Executors.java:511)
        at java.util.concurrent.FutureTask.run(FutureTask.java:266)
        at java.util.concurrent.ThreadPoolExecutor.runWorker(ThreadPoolExecutor.java:1149)
        at java.util.concurrent.ThreadPoolExecutor$Worker.run(ThreadPoolExecutor.java:624)
        at java.lang.Thread.run(Thread.java:750)
"Datanode State Machine Task Thread - 1"  prio=5 tid=1429 in Object.wait()
java.lang.Thread.State: WAITING (on object monitor)
        at sun.misc.Unsafe.park(Native Method)
        at java.util.concurrent.locks.LockSupport.park(LockSupport.java:175)
        at java.util.concurrent.locks.AbstractQueuedSynchronizer$ConditionObject.await(AbstractQueuedSynchronizer.java:2039)
        at java.util.concurrent.LinkedBlockingQueue.take(LinkedBlockingQueue.java:442)
        at java.util.concurrent.ThreadPoolExecutor.getTask(ThreadPoolExecutor.java:1074)
        at java.util.concurrent.ThreadPoolExecutor.runWorker(ThreadPoolExecutor.java:1134)
        at java.util.concurrent.ThreadPoolExecutor$Worker.run(ThreadPoolExecutor.java:624)
        at java.lang.Thread.run(Thread.java:750)
"Datanode State Machine Task Thread - 1"  prio=5 tid=1465 in Object.wait()
java.lang.Thread.State: WAITING (on object monitor)
        at sun.misc.Unsafe.park(Native Method)
        at java.util.concurrent.locks.LockSupport.park(LockSupport.java:175)
        at java.util.concurrent.locks.AbstractQueuedSynchronizer$ConditionObject.await(AbstractQueuedSynchronizer.java:2039)
        at java.util.concurrent.LinkedBlockingQueue.take(LinkedBlockingQueue.java:442)
        at java.util.concurrent.ThreadPoolExecutor.getTask(ThreadPoolExecutor.java:1074)
        at java.util.concurrent.ThreadPoolExecutor.runWorker(ThreadPoolExecutor.java:1134)
        at java.util.concurrent.ThreadPoolExecutor$Worker.run(ThreadPoolExecutor.java:624)
        at java.lang.Thread.run(Thread.java:750)
"Datanode State Machine Task Thread - 0"  prio=5 tid=1323 in Object.wait()
java.lang.Thread.State: WAITING (on object monitor)
        at sun.misc.Unsafe.park(Native Method)
        at java.util.concurrent.locks.LockSupport.park(LockSupport.java:175)
        at java.util.concurrent.locks.AbstractQueuedSynchronizer$ConditionObject.await(AbstractQueuedSynchronizer.java:2039)
        at java.util.concurrent.LinkedBlockingQueue.take(LinkedBlockingQueue.java:442)
        at java.util.concurrent.ThreadPoolExecutor.getTask(ThreadPoolExecutor.java:1074)
        at java.util.concurrent.ThreadPoolExecutor.runWorker(ThreadPoolExecutor.java:1134)
        at java.util.concurrent.ThreadPoolExecutor$Worker.run(ThreadPoolExecutor.java:624)
        at java.lang.Thread.run(Thread.java:750)
"Datanode ReportManager Thread - 4" daemon prio=5 tid=1348 timed_waiting
java.lang.Thread.State: TIMED_WAITING
        at sun.misc.Unsafe.park(Native Method)
        at java.util.concurrent.locks.LockSupport.parkNanos(LockSupport.java:215)
        at java.util.concurrent.locks.AbstractQueuedSynchronizer$ConditionObject.awaitNanos(AbstractQueuedSynchronizer.java:2078)
        at java.util.concurrent.ScheduledThreadPoolExecutor$DelayedWorkQueue.take(ScheduledThreadPoolExecutor.java:1093)
        at java.util.concurrent.ScheduledThreadPoolExecutor$DelayedWorkQueue.take(ScheduledThreadPoolExecutor.java:809)
        at java.util.concurrent.ThreadPoolExecutor.getTask(ThreadPoolExecutor.java:1074)
        at java.util.concurrent.ThreadPoolExecutor.runWorker(ThreadPoolExecutor.java:1134)
        at java.util.concurrent.ThreadPoolExecutor$Worker.run(ThreadPoolExecutor.java:624)
        at java.lang.Thread.run(Thread.java:750)
"qtp472619336-1309" daemon prio=5 tid=1309 timed_waiting
java.lang.Thread.State: TIMED_WAITING
        at sun.misc.Unsafe.park(Native Method)
        at java.util.concurrent.locks.LockSupport.parkNanos(LockSupport.java:215)
        at java.util.concurrent.locks.AbstractQueuedSynchronizer$ConditionObject.awaitNanos(AbstractQueuedSynchronizer.java:2078)
        at org.eclipse.jetty.util.BlockingArrayQueue.poll(BlockingArrayQueue.java:382)
        at org.eclipse.jetty.util.thread.QueuedThreadPool$Runner.idleJobPoll(QueuedThreadPool.java:974)
        at org.eclipse.jetty.util.thread.QueuedThreadPool$Runner.run(QueuedThreadPool.java:1018)
        at java.lang.Thread.run(Thread.java:750)
"IPC Server handler 4 on default port 43615" daemon prio=5 tid=1167 timed_waiting
java.lang.Thread.State: TIMED_WAITING
        at sun.misc.Unsafe.park(Native Method)
        at java.util.concurrent.locks.LockSupport.parkNanos(LockSupport.java:215)
        at java.util.concurrent.locks.AbstractQueuedSynchronizer$ConditionObject.awaitNanos(AbstractQueuedSynchronizer.java:2078)
        at java.util.concurrent.LinkedBlockingQueue.poll(LinkedBlockingQueue.java:467)
        at org.apache.hadoop.ipc.CallQueueManager.take(CallQueueManager.java:317)
        at org.apache.hadoop.ipc.Server$Handler.run(Server.java:2942)
"IPC Server handler 9 on default port 38387" daemon prio=5 tid=1152 timed_waiting
java.lang.Thread.State: TIMED_WAITING
        at sun.misc.Unsafe.park(Native Method)
        at java.util.concurrent.locks.LockSupport.parkNanos(LockSupport.java:215)
        at java.util.concurrent.locks.AbstractQueuedSynchronizer$ConditionObject.awaitNanos(AbstractQueuedSynchronizer.java:2078)
        at java.util.concurrent.LinkedBlockingQueue.poll(LinkedBlockingQueue.java:467)
        at org.apache.hadoop.ipc.CallQueueManager.take(CallQueueManager.java:317)
        at org.apache.hadoop.ipc.Server$Handler.run(Server.java:2942)
"ChunkWriter-1-0" daemon prio=5 tid=1444 in Object.wait()
java.lang.Thread.State: WAITING (on object monitor)
        at sun.misc.Unsafe.park(Native Method)
        at java.util.concurrent.locks.LockSupport.park(LockSupport.java:175)
        at java.util.concurrent.locks.AbstractQueuedSynchronizer$ConditionObject.await(AbstractQueuedSynchronizer.java:2039)
        at java.util.concurrent.LinkedBlockingDeque.takeFirst(LinkedBlockingDeque.java:492)
        at java.util.concurrent.LinkedBlockingDeque.take(LinkedBlockingDeque.java:680)
        at java.util.concurrent.ThreadPoolExecutor.getTask(ThreadPoolExecutor.java:1074)
        at java.util.concurrent.ThreadPoolExecutor.runWorker(ThreadPoolExecutor.java:1134)
        at java.util.concurrent.ThreadPoolExecutor$Worker.run(ThreadPoolExecutor.java:624)
        at java.lang.Thread.run(Thread.java:750)
"qtp622955604-1256-acceptor-0@65746845-ServerConnector@d2d0bde{HTTP/1.1, (http/1.1)}{0.0.0.0:40025}" daemon prio=3 tid=1256 runnable
java.lang.Thread.State: RUNNABLE
        at sun.nio.ch.ServerSocketChannelImpl.accept0(Native Method)
        at sun.nio.ch.ServerSocketChannelImpl.accept(ServerSocketChannelImpl.java:421)
        at sun.nio.ch.ServerSocketChannelImpl.accept(ServerSocketChannelImpl.java:249)
        at org.eclipse.jetty.server.ServerConnector.accept(ServerConnector.java:388)
        at org.eclipse.jetty.server.AbstractConnector$Acceptor.run(AbstractConnector.java:704)
        at org.eclipse.jetty.util.thread.QueuedThreadPool.runJob(QueuedThreadPool.java:883)
        at org.eclipse.jetty.util.thread.QueuedThreadPool$Runner.run(QueuedThreadPool.java:1034)
        at java.lang.Thread.run(Thread.java:750)
"IPC Server handler 3 on default port 38387" daemon prio=5 tid=1146 timed_waiting
java.lang.Thread.State: TIMED_WAITING
        at sun.misc.Unsafe.park(Native Method)
        at java.util.concurrent.locks.LockSupport.parkNanos(LockSupport.java:215)
        at java.util.concurrent.locks.AbstractQueuedSynchronizer$ConditionObject.awaitNanos(AbstractQueuedSynchronizer.java:2078)
        at java.util.concurrent.LinkedBlockingQueue.poll(LinkedBlockingQueue.java:467)
        at org.apache.hadoop.ipc.CallQueueManager.take(CallQueueManager.java:317)
        at org.apache.hadoop.ipc.Server$Handler.run(Server.java:2942)
"IPC Server handler 17 on default port 36375" daemon prio=5 tid=1140 timed_waiting
java.lang.Thread.State: TIMED_WAITING
        at sun.misc.Unsafe.park(Native Method)
        at java.util.concurrent.locks.LockSupport.parkNanos(LockSupport.java:215)
        at java.util.concurrent.locks.AbstractQueuedSynchronizer$ConditionObject.awaitNanos(AbstractQueuedSynchronizer.java:2078)
        at java.util.concurrent.LinkedBlockingQueue.poll(LinkedBlockingQueue.java:467)
        at org.apache.hadoop.ipc.CallQueueManager.take(CallQueueManager.java:317)
        at org.apache.hadoop.ipc.Server$Handler.run(Server.java:2942)
"Datanode State Machine Daemon Thread" daemon prio=5 tid=1263 timed_waiting
java.lang.Thread.State: TIMED_WAITING
        at java.lang.Thread.sleep(Native Method)
        at org.apache.hadoop.ozone.container.common.statemachine.DatanodeStateMachine.startStateMachineThread(DatanodeStateMachine.java:321)
        at org.apache.hadoop.ozone.container.common.statemachine.DatanodeStateMachine.lambda$startDaemon$0(DatanodeStateMachine.java:506)
        at org.apache.hadoop.ozone.container.common.statemachine.DatanodeStateMachine$$Lambda$806/862525395.run(Unknown Source)
        at java.lang.Thread.run(Thread.java:750)
"IPC Server handler 2 on default port 38387" daemon prio=5 tid=1145 timed_waiting
java.lang.Thread.State: TIMED_WAITING
        at sun.misc.Unsafe.park(Native Method)
        at java.util.concurrent.locks.LockSupport.parkNanos(LockSupport.java:215)
        at java.util.concurrent.locks.AbstractQueuedSynchronizer$ConditionObject.awaitNanos(AbstractQueuedSynchronizer.java:2078)
        at java.util.concurrent.LinkedBlockingQueue.poll(LinkedBlockingQueue.java:467)
        at org.apache.hadoop.ipc.CallQueueManager.take(CallQueueManager.java:317)
        at org.apache.hadoop.ipc.Server$Handler.run(Server.java:2942)
"StaleRecoveringContainerScrubbingService#2" daemon prio=5 tid=1630 in Object.wait()
java.lang.Thread.State: WAITING (on object monitor)
        at sun.misc.Unsafe.park(Native Method)
        at java.util.concurrent.locks.LockSupport.park(LockSupport.java:175)
        at java.util.concurrent.locks.AbstractQueuedSynchronizer$ConditionObject.await(AbstractQueuedSynchronizer.java:2039)
        at java.util.concurrent.ScheduledThreadPoolExecutor$DelayedWorkQueue.take(ScheduledThreadPoolExecutor.java:1088)
        at java.util.concurrent.ScheduledThreadPoolExecutor$DelayedWorkQueue.take(ScheduledThreadPoolExecutor.java:809)
        at java.util.concurrent.ThreadPoolExecutor.getTask(ThreadPoolExecutor.java:1074)
        at java.util.concurrent.ThreadPoolExecutor.runWorker(ThreadPoolExecutor.java:1134)
        at java.util.concurrent.ThreadPoolExecutor$Worker.run(ThreadPoolExecutor.java:624)
        at java.lang.Thread.run(Thread.java:750)
"BlockDeletingService#2" daemon prio=5 tid=1633 in Object.wait()
java.lang.Thread.State: WAITING (on object monitor)
        at sun.misc.Unsafe.park(Native Method)
        at java.util.concurrent.locks.LockSupport.park(LockSupport.java:175)
        at java.util.concurrent.locks.AbstractQueuedSynchronizer$ConditionObject.await(AbstractQueuedSynchronizer.java:2039)
        at java.util.concurrent.ScheduledThreadPoolExecutor$DelayedWorkQueue.take(ScheduledThreadPoolExecutor.java:1088)
        at java.util.concurrent.ScheduledThreadPoolExecutor$DelayedWorkQueue.take(ScheduledThreadPoolExecutor.java:809)
        at java.util.concurrent.ThreadPoolExecutor.getTask(ThreadPoolExecutor.java:1074)
        at java.util.concurrent.ThreadPoolExecutor.runWorker(ThreadPoolExecutor.java:1134)
        at java.util.concurrent.ThreadPoolExecutor$Worker.run(ThreadPoolExecutor.java:624)
        at java.lang.Thread.run(Thread.java:750)
"KeyDeletingService#0" daemon prio=5 tid=1212 timed_waiting
java.lang.Thread.State: TIMED_WAITING
        at sun.misc.Unsafe.park(Native Method)
        at java.util.concurrent.locks.LockSupport.parkNanos(LockSupport.java:215)
        at java.util.concurrent.locks.AbstractQueuedSynchronizer$ConditionObject.awaitNanos(AbstractQueuedSynchronizer.java:2078)
        at java.util.concurrent.ScheduledThreadPoolExecutor$DelayedWorkQueue.take(ScheduledThreadPoolExecutor.java:1093)
        at java.util.concurrent.ScheduledThreadPoolExecutor$DelayedWorkQueue.take(ScheduledThreadPoolExecutor.java:809)
        at java.util.concurrent.ThreadPoolExecutor.getTask(ThreadPoolExecutor.java:1074)
        at java.util.concurrent.ThreadPoolExecutor.runWorker(ThreadPoolExecutor.java:1134)
        at java.util.concurrent.ThreadPoolExecutor$Worker.run(ThreadPoolExecutor.java:624)
        at java.lang.Thread.run(Thread.java:750)
"ChunkWriter-2-0" daemon prio=5 tid=1409 in Object.wait()
java.lang.Thread.State: WAITING (on object monitor)
        at sun.misc.Unsafe.park(Native Method)
        at java.util.concurrent.locks.LockSupport.park(LockSupport.java:175)
        at java.util.concurrent.locks.AbstractQueuedSynchronizer$ConditionObject.await(AbstractQueuedSynchronizer.java:2039)
        at java.util.concurrent.LinkedBlockingDeque.takeFirst(LinkedBlockingDeque.java:492)
        at java.util.concurrent.LinkedBlockingDeque.take(LinkedBlockingDeque.java:680)
        at java.util.concurrent.ThreadPoolExecutor.getTask(ThreadPoolExecutor.java:1074)
        at java.util.concurrent.ThreadPoolExecutor.runWorker(ThreadPoolExecutor.java:1134)
        at java.util.concurrent.ThreadPoolExecutor$Worker.run(ThreadPoolExecutor.java:624)
        at java.lang.Thread.run(Thread.java:750)
"org.apache.hadoop.ozone.container.common.statemachine.commandhandler.DeleteBlocksCommandHandler$DeleteCmdWorker@d83969c" daemon prio=5 tid=1332 timed_waiting
java.lang.Thread.State: TIMED_WAITING
        at java.lang.Thread.sleep(Native Method)
        at org.apache.hadoop.ozone.container.common.statemachine.commandhandler.DeleteBlocksCommandHandler$DeleteCmdWorker.run(DeleteBlocksCommandHandler.java:184)
        at java.lang.Thread.run(Thread.java:750)
"IPC Parameter Sending Thread #0" daemon prio=5 tid=124 timed_waiting
java.lang.Thread.State: TIMED_WAITING
        at sun.misc.Unsafe.park(Native Method)
        at java.util.concurrent.locks.LockSupport.parkNanos(LockSupport.java:215)
        at java.util.concurrent.SynchronousQueue$TransferStack.awaitFulfill(SynchronousQueue.java:460)
        at java.util.concurrent.SynchronousQueue$TransferStack.transfer(SynchronousQueue.java:362)
        at java.util.concurrent.SynchronousQueue.poll(SynchronousQueue.java:941)
        at java.util.concurrent.ThreadPoolExecutor.getTask(ThreadPoolExecutor.java:1073)
        at java.util.concurrent.ThreadPoolExecutor.runWorker(ThreadPoolExecutor.java:1134)
        at java.util.concurrent.ThreadPoolExecutor$Worker.run(ThreadPoolExecutor.java:624)
        at java.lang.Thread.run(Thread.java:750)
"qtp2061281899-1217-acceptor-0@470466e4-ServerConnector@21aab942{HTTP/1.1, (http/1.1)}{0.0.0.0:33845}" daemon prio=3 tid=1217 runnable
java.lang.Thread.State: RUNNABLE
        at sun.nio.ch.ServerSocketChannelImpl.accept0(Native Method)
        at sun.nio.ch.ServerSocketChannelImpl.accept(ServerSocketChannelImpl.java:421)
        at sun.nio.ch.ServerSocketChannelImpl.accept(ServerSocketChannelImpl.java:249)
        at org.eclipse.jetty.server.ServerConnector.accept(ServerConnector.java:388)
        at org.eclipse.jetty.server.AbstractConnector$Acceptor.run(AbstractConnector.java:704)
        at org.eclipse.jetty.util.thread.QueuedThreadPool.runJob(QueuedThreadPool.java:883)
        at org.eclipse.jetty.util.thread.QueuedThreadPool$Runner.run(QueuedThreadPool.java:1034)
        at java.lang.Thread.run(Thread.java:750)
"qtp305488370-1283" daemon prio=5 tid=1283 timed_waiting
java.lang.Thread.State: TIMED_WAITING
        at sun.misc.Unsafe.park(Native Method)
        at java.util.concurrent.locks.LockSupport.parkNanos(LockSupport.java:215)
        at java.util.concurrent.locks.AbstractQueuedSynchronizer$ConditionObject.awaitNanos(AbstractQueuedSynchronizer.java:2078)
        at org.eclipse.jetty.util.BlockingArrayQueue.poll(BlockingArrayQueue.java:382)
        at org.eclipse.jetty.util.thread.QueuedThreadPool$Runner.idleJobPoll(QueuedThreadPool.java:974)
        at org.eclipse.jetty.util.thread.QueuedThreadPool$Runner.run(QueuedThreadPool.java:1018)
        at java.lang.Thread.run(Thread.java:750)
"IPC Server handler 13 on default port 38387" daemon prio=5 tid=1156 timed_waiting
java.lang.Thread.State: TIMED_WAITING
        at sun.misc.Unsafe.park(Native Method)
        at java.util.concurrent.locks.LockSupport.parkNanos(LockSupport.java:215)
        at java.util.concurrent.locks.AbstractQueuedSynchronizer$ConditionObject.awaitNanos(AbstractQueuedSynchronizer.java:2078)
        at java.util.concurrent.LinkedBlockingQueue.poll(LinkedBlockingQueue.java:467)
        at org.apache.hadoop.ipc.CallQueueManager.take(CallQueueManager.java:317)
        at org.apache.hadoop.ipc.Server$Handler.run(Server.java:2942)
"ChunkWriter-0-0" daemon prio=5 tid=1407 in Object.wait()
java.lang.Thread.State: WAITING (on object monitor)
        at sun.misc.Unsafe.park(Native Method)
        at java.util.concurrent.locks.LockSupport.park(LockSupport.java:175)
        at java.util.concurrent.locks.AbstractQueuedSynchronizer$ConditionObject.await(AbstractQueuedSynchronizer.java:2039)
        at java.util.concurrent.LinkedBlockingDeque.takeFirst(LinkedBlockingDeque.java:492)
        at java.util.concurrent.LinkedBlockingDeque.take(LinkedBlockingDeque.java:680)
        at java.util.concurrent.ThreadPoolExecutor.getTask(ThreadPoolExecutor.java:1074)
        at java.util.concurrent.ThreadPoolExecutor.runWorker(ThreadPoolExecutor.java:1134)
        at java.util.concurrent.ThreadPoolExecutor$Worker.run(ThreadPoolExecutor.java:624)
        at java.lang.Thread.run(Thread.java:750)
"JvmPauseMonitor14" daemon prio=5 tid=1435 timed_waiting
java.lang.Thread.State: TIMED_WAITING
        at java.lang.Thread.sleep(Native Method)
        at java.lang.Thread.sleep(Thread.java:342)
        at java.util.concurrent.TimeUnit.sleep(TimeUnit.java:386)
        at org.apache.ratis.util.TimeDuration.sleep(TimeDuration.java:325)
        at org.apache.ratis.util.TimeDuration.sleep(TimeDuration.java:310)
        at org.apache.ratis.util.JvmPauseMonitor.detectPause(JvmPauseMonitor.java:119)
        at org.apache.ratis.util.JvmPauseMonitor.run(JvmPauseMonitor.java:108)
        at org.apache.ratis.util.JvmPauseMonitor$$Lambda$730/107283225.run(Unknown Source)
        at java.lang.Thread.run(Thread.java:750)
"IPC Server handler 16 on default port 38387" daemon prio=5 tid=1159 timed_waiting
java.lang.Thread.State: TIMED_WAITING
        at sun.misc.Unsafe.park(Native Method)
        at java.util.concurrent.locks.LockSupport.parkNanos(LockSupport.java:215)
        at java.util.concurrent.locks.AbstractQueuedSynchronizer$ConditionObject.awaitNanos(AbstractQueuedSynchronizer.java:2078)
        at java.util.concurrent.LinkedBlockingQueue.poll(LinkedBlockingQueue.java:467)
        at org.apache.hadoop.ipc.CallQueueManager.take(CallQueueManager.java:317)
        at org.apache.hadoop.ipc.Server$Handler.run(Server.java:2942)
"Over Replicated Processor" daemon prio=5 tid=1096 timed_waiting
java.lang.Thread.State: TIMED_WAITING
        at java.lang.Object.wait(Native Method)
        at org.apache.hadoop.hdds.scm.container.replication.OverReplicatedProcessor.run(OverReplicatedProcessor.java:136)
        at java.lang.Thread.run(Thread.java:750)
"qtp209985187-1191" daemon prio=5 tid=1191 timed_waiting
java.lang.Thread.State: TIMED_WAITING
        at sun.misc.Unsafe.park(Native Method)
        at java.util.concurrent.locks.LockSupport.parkNanos(LockSupport.java:215)
        at java.util.concurrent.locks.AbstractQueuedSynchronizer$ConditionObject.awaitNanos(AbstractQueuedSynchronizer.java:2078)
        at org.eclipse.jetty.util.BlockingArrayQueue.poll(BlockingArrayQueue.java:382)
        at org.eclipse.jetty.util.thread.QueuedThreadPool$Runner.idleJobPoll(QueuedThreadPool.java:974)
        at org.eclipse.jetty.util.thread.QueuedThreadPool$Runner.run(QueuedThreadPool.java:1018)
        at java.lang.Thread.run(Thread.java:750)
"org.apache.hadoop.util.JvmPauseMonitor$Monitor@44a0b42c" daemon prio=5 tid=1270 timed_waiting
java.lang.Thread.State: TIMED_WAITING
        at java.lang.Thread.sleep(Native Method)
        at org.apache.hadoop.util.JvmPauseMonitor$Monitor.run(JvmPauseMonitor.java:192)
        at java.lang.Thread.run(Thread.java:750)
"qtp1292406739-1362-acceptor-0@6a0f0d9e-ServerConnector@2fa483c1{HTTP/1.1, (http/1.1)}{0.0.0.0:42361}" daemon prio=3 tid=1362 runnable
java.lang.Thread.State: RUNNABLE
        at sun.nio.ch.ServerSocketChannelImpl.accept0(Native Method)
        at sun.nio.ch.ServerSocketChannelImpl.accept(ServerSocketChannelImpl.java:421)
        at sun.nio.ch.ServerSocketChannelImpl.accept(ServerSocketChannelImpl.java:249)
        at org.eclipse.jetty.server.ServerConnector.accept(ServerConnector.java:388)
        at org.eclipse.jetty.server.AbstractConnector$Acceptor.run(AbstractConnector.java:704)
        at org.eclipse.jetty.util.thread.QueuedThreadPool.runJob(QueuedThreadPool.java:883)
        at org.eclipse.jetty.util.thread.QueuedThreadPool$Runner.run(QueuedThreadPool.java:1034)
        at java.lang.Thread.run(Thread.java:750)
"IPC Server handler 2 on default port 43083" daemon prio=5 tid=1227 timed_waiting
java.lang.Thread.State: TIMED_WAITING
        at sun.misc.Unsafe.park(Native Method)
        at java.util.concurrent.locks.LockSupport.parkNanos(LockSupport.java:215)
        at java.util.concurrent.locks.AbstractQueuedSynchronizer$ConditionObject.awaitNanos(AbstractQueuedSynchronizer.java:2078)
        at java.util.concurrent.LinkedBlockingQueue.poll(LinkedBlockingQueue.java:467)
        at org.apache.hadoop.ipc.CallQueueManager.take(CallQueueManager.java:317)
        at org.apache.hadoop.ipc.Server$Handler.run(Server.java:2942)
"ChunkReader-ELG-0" daemon prio=5 tid=1460 runnable
java.lang.Thread.State: RUNNABLE
        at org.apache.ratis.thirdparty.io.netty.channel.epoll.Native.epollWait(Native Method)
        at org.apache.ratis.thirdparty.io.netty.channel.epoll.Native.epollWait(Native.java:209)
        at org.apache.ratis.thirdparty.io.netty.channel.epoll.Native.epollWait(Native.java:202)
        at org.apache.ratis.thirdparty.io.netty.channel.epoll.EpollEventLoop.epollWaitNoTimerChange(EpollEventLoop.java:294)
        at org.apache.ratis.thirdparty.io.netty.channel.epoll.EpollEventLoop.run(EpollEventLoop.java:351)
        at org.apache.ratis.thirdparty.io.netty.util.concurrent.SingleThreadEventExecutor$4.run(SingleThreadEventExecutor.java:995)
        at org.apache.ratis.thirdparty.io.netty.util.internal.ThreadExecutorMap$2.run(ThreadExecutorMap.java:74)
        at java.lang.Thread.run(Thread.java:750)
"org.apache.hadoop.util.JvmPauseMonitor$Monitor@3cd2442b" daemon prio=5 tid=1376 timed_waiting
java.lang.Thread.State: TIMED_WAITING
        at java.lang.Thread.sleep(Native Method)
        at org.apache.hadoop.util.JvmPauseMonitor$Monitor.run(JvmPauseMonitor.java:192)
        at java.lang.Thread.run(Thread.java:750)
"Command processor thread" daemon prio=5 tid=1321 timed_waiting
java.lang.Thread.State: TIMED_WAITING
        at java.lang.Thread.sleep(Native Method)
        at org.apache.hadoop.ozone.container.common.statemachine.DatanodeStateMachine.lambda$initCommandHandlerThread$3(DatanodeStateMachine.java:641)
        at org.apache.hadoop.ozone.container.common.statemachine.DatanodeStateMachine$$Lambda$817/1351828566.run(Unknown Source)
        at java.lang.Thread.run(Thread.java:750)
"IPC Server handler 17 on default port 43615" daemon prio=5 tid=1180 timed_waiting
java.lang.Thread.State: TIMED_WAITING
        at sun.misc.Unsafe.park(Native Method)
        at java.util.concurrent.locks.LockSupport.parkNanos(LockSupport.java:215)
        at java.util.concurrent.locks.AbstractQueuedSynchronizer$ConditionObject.awaitNanos(AbstractQueuedSynchronizer.java:2078)
        at java.util.concurrent.LinkedBlockingQueue.poll(LinkedBlockingQueue.java:467)
        at org.apache.hadoop.ipc.CallQueueManager.take(CallQueueManager.java:317)
        at org.apache.hadoop.ipc.Server$Handler.run(Server.java:2942)
"org.apache.hadoop.util.JvmPauseMonitor$Monitor@2537b655" daemon prio=5 tid=1245 timed_waiting
java.lang.Thread.State: TIMED_WAITING
        at java.lang.Thread.sleep(Native Method)
        at org.apache.hadoop.util.JvmPauseMonitor$Monitor.run(JvmPauseMonitor.java:192)
        at java.lang.Thread.run(Thread.java:750)
"IPC Server idle connection scanner for port 43615" daemon prio=5 tid=1100 timed_waiting
java.lang.Thread.State: TIMED_WAITING
        at java.lang.Object.wait(Native Method)
        at java.util.TimerThread.mainLoop(Timer.java:552)
        at java.util.TimerThread.run(Timer.java:505)
"Timer for 'StorageContainerManager' metrics system" daemon prio=5 tid=1120 timed_waiting
java.lang.Thread.State: TIMED_WAITING
        at java.lang.Object.wait(Native Method)
        at java.util.TimerThread.mainLoop(Timer.java:552)
        at java.util.TimerThread.run(Timer.java:505)
"qtp761298760-1388" daemon prio=5 tid=1388 timed_waiting
java.lang.Thread.State: TIMED_WAITING
        at sun.misc.Unsafe.park(Native Method)
        at java.util.concurrent.locks.LockSupport.parkNanos(LockSupport.java:215)
        at java.util.concurrent.locks.AbstractQueuedSynchronizer$ConditionObject.awaitNanos(AbstractQueuedSynchronizer.java:2078)
        at org.eclipse.jetty.util.BlockingArrayQueue.poll(BlockingArrayQueue.java:382)
        at org.eclipse.jetty.util.thread.QueuedThreadPool$Runner.idleJobPoll(QueuedThreadPool.java:974)
        at org.eclipse.jetty.util.thread.QueuedThreadPool$Runner.run(QueuedThreadPool.java:1018)
        at java.lang.Thread.run(Thread.java:750)
"pool-599-thread-1"  prio=5 tid=1305 timed_waiting
java.lang.Thread.State: TIMED_WAITING
        at sun.misc.Unsafe.park(Native Method)
        at java.util.concurrent.locks.LockSupport.parkNanos(LockSupport.java:215)
        at java.util.concurrent.locks.AbstractQueuedSynchronizer$ConditionObject.awaitNanos(AbstractQueuedSynchronizer.java:2078)
        at java.util.concurrent.ScheduledThreadPoolExecutor$DelayedWorkQueue.take(ScheduledThreadPoolExecutor.java:1093)
        at java.util.concurrent.ScheduledThreadPoolExecutor$DelayedWorkQueue.take(ScheduledThreadPoolExecutor.java:809)
        at java.util.concurrent.ThreadPoolExecutor.getTask(ThreadPoolExecutor.java:1074)
        at java.util.concurrent.ThreadPoolExecutor.runWorker(ThreadPoolExecutor.java:1134)
        at java.util.concurrent.ThreadPoolExecutor$Worker.run(ThreadPoolExecutor.java:624)
        at java.lang.Thread.run(Thread.java:750)
"qtp622955604-1259" daemon prio=5 tid=1259 timed_waiting
java.lang.Thread.State: TIMED_WAITING
        at sun.misc.Unsafe.park(Native Method)
        at java.util.concurrent.locks.LockSupport.parkNanos(LockSupport.java:215)
        at java.util.concurrent.locks.AbstractQueuedSynchronizer$ConditionObject.awaitNanos(AbstractQueuedSynchronizer.java:2078)
        at org.eclipse.jetty.util.BlockingArrayQueue.poll(BlockingArrayQueue.java:382)
        at org.eclipse.jetty.util.thread.QueuedThreadPool$Runner.idleJobPoll(QueuedThreadPool.java:974)
        at org.eclipse.jetty.util.thread.QueuedThreadPool$Runner.run(QueuedThreadPool.java:1018)
        at java.lang.Thread.run(Thread.java:750)
"PartialTableCache Cleanup Thread - 0" daemon prio=5 tid=1620 in Object.wait()
java.lang.Thread.State: WAITING (on object monitor)
        at sun.misc.Unsafe.park(Native Method)
        at java.util.concurrent.locks.LockSupport.park(LockSupport.java:175)
        at java.util.concurrent.locks.AbstractQueuedSynchronizer$ConditionObject.await(AbstractQueuedSynchronizer.java:2039)
        at java.util.concurrent.LinkedBlockingQueue.take(LinkedBlockingQueue.java:442)
        at java.util.concurrent.ThreadPoolExecutor.getTask(ThreadPoolExecutor.java:1074)
        at java.util.concurrent.ThreadPoolExecutor.runWorker(ThreadPoolExecutor.java:1134)
        at java.util.concurrent.ThreadPoolExecutor$Worker.run(ThreadPoolExecutor.java:624)
        at java.lang.Thread.run(Thread.java:750)
"BlockDeletingService#0" daemon prio=5 tid=1413 in Object.wait()
java.lang.Thread.State: WAITING (on object monitor)
        at sun.misc.Unsafe.park(Native Method)
        at java.util.concurrent.locks.LockSupport.park(LockSupport.java:175)
        at java.util.concurrent.locks.AbstractQueuedSynchronizer$ConditionObject.await(AbstractQueuedSynchronizer.java:2039)
        at java.util.concurrent.ScheduledThreadPoolExecutor$DelayedWorkQueue.take(ScheduledThreadPoolExecutor.java:1088)
        at java.util.concurrent.ScheduledThreadPoolExecutor$DelayedWorkQueue.take(ScheduledThreadPoolExecutor.java:809)
        at java.util.concurrent.ThreadPoolExecutor.getTask(ThreadPoolExecutor.java:1074)
        at java.util.concurrent.ThreadPoolExecutor.runWorker(ThreadPoolExecutor.java:1134)
        at java.util.concurrent.ThreadPoolExecutor$Worker.run(ThreadPoolExecutor.java:624)
        at java.lang.Thread.run(Thread.java:750)
"IPC Server handler 10 on default port 43083" daemon prio=5 tid=1235 timed_waiting
java.lang.Thread.State: TIMED_WAITING
        at sun.misc.Unsafe.park(Native Method)
        at java.util.concurrent.locks.LockSupport.parkNanos(LockSupport.java:215)
        at java.util.concurrent.locks.AbstractQueuedSynchronizer$ConditionObject.awaitNanos(AbstractQueuedSynchronizer.java:2078)
        at java.util.concurrent.LinkedBlockingQueue.poll(LinkedBlockingQueue.java:467)
        at org.apache.hadoop.ipc.CallQueueManager.take(CallQueueManager.java:317)
        at org.apache.hadoop.ipc.Server$Handler.run(Server.java:2942)
"FixedThreadPoolWithAffinityExecutor-8-0" daemon prio=5 tid=1118 timed_waiting
java.lang.Thread.State: TIMED_WAITING
        at sun.misc.Unsafe.park(Native Method)
        at java.util.concurrent.locks.LockSupport.parkNanos(LockSupport.java:215)
        at java.util.concurrent.locks.AbstractQueuedSynchronizer$ConditionObject.awaitNanos(AbstractQueuedSynchronizer.java:2078)
        at java.util.concurrent.LinkedBlockingQueue.poll(LinkedBlockingQueue.java:467)
        at org.apache.hadoop.hdds.scm.server.ContainerReportQueue.poll(ContainerReportQueue.java:266)
        at org.apache.hadoop.hdds.scm.server.ContainerReportQueue.poll(ContainerReportQueue.java:42)
        at org.apache.hadoop.hdds.server.events.FixedThreadPoolWithAffinityExecutor$ContainerReportProcessTask.run(FixedThreadPoolWithAffinityExecutor.java:218)
        at java.util.concurrent.Executors$RunnableAdapter.call(Executors.java:511)
        at java.util.concurrent.FutureTask.run(FutureTask.java:266)
        at java.util.concurrent.ThreadPoolExecutor.runWorker(ThreadPoolExecutor.java:1149)
        at java.util.concurrent.ThreadPoolExecutor$Worker.run(ThreadPoolExecutor.java:624)
        at java.lang.Thread.run(Thread.java:750)
"EventQueue-NewNodeForNewNodeHandler" daemon prio=5 tid=1477 in Object.wait()
java.lang.Thread.State: WAITING (on object monitor)
        at sun.misc.Unsafe.park(Native Method)
        at java.util.concurrent.locks.LockSupport.park(LockSupport.java:175)
        at java.util.concurrent.locks.AbstractQueuedSynchronizer$ConditionObject.await(AbstractQueuedSynchronizer.java:2039)
        at java.util.concurrent.LinkedBlockingQueue.take(LinkedBlockingQueue.java:442)
        at java.util.concurrent.ThreadPoolExecutor.getTask(ThreadPoolExecutor.java:1074)
        at java.util.concurrent.ThreadPoolExecutor.runWorker(ThreadPoolExecutor.java:1134)
        at java.util.concurrent.ThreadPoolExecutor$Worker.run(ThreadPoolExecutor.java:624)
        at java.lang.Thread.run(Thread.java:750)
"IPC Server handler 1 on default port 43083" daemon prio=5 tid=1226 timed_waiting
java.lang.Thread.State: TIMED_WAITING
        at sun.misc.Unsafe.park(Native Method)
        at java.util.concurrent.locks.LockSupport.parkNanos(LockSupport.java:215)
        at java.util.concurrent.locks.AbstractQueuedSynchronizer$ConditionObject.awaitNanos(AbstractQueuedSynchronizer.java:2078)
        at java.util.concurrent.LinkedBlockingQueue.poll(LinkedBlockingQueue.java:467)
        at org.apache.hadoop.ipc.CallQueueManager.take(CallQueueManager.java:317)
        at org.apache.hadoop.ipc.Server$Handler.run(Server.java:2942)
"EndpointStateMachine task thread for /0.0.0.0:43615 - 0 "  prio=5 tid=1418 in Object.wait()
java.lang.Thread.State: WAITING (on object monitor)
        at sun.misc.Unsafe.park(Native Method)
        at java.util.concurrent.locks.LockSupport.park(LockSupport.java:175)
        at java.util.concurrent.locks.AbstractQueuedSynchronizer$ConditionObject.await(AbstractQueuedSynchronizer.java:2039)
        at java.util.concurrent.LinkedBlockingQueue.take(LinkedBlockingQueue.java:442)
        at java.util.concurrent.ThreadPoolExecutor.getTask(ThreadPoolExecutor.java:1074)
        at java.util.concurrent.ThreadPoolExecutor.runWorker(ThreadPoolExecutor.java:1134)
        at java.util.concurrent.ThreadPoolExecutor$Worker.run(ThreadPoolExecutor.java:624)
        at java.lang.Thread.run(Thread.java:750)
"org.apache.hadoop.util.JvmPauseMonitor$Monitor@7c3ed6f1" daemon prio=5 tid=1184 timed_waiting
java.lang.Thread.State: TIMED_WAITING
        at java.lang.Thread.sleep(Native Method)
        at org.apache.hadoop.util.JvmPauseMonitor$Monitor.run(JvmPauseMonitor.java:192)
        at java.lang.Thread.run(Thread.java:750)
"org.apache.hadoop.util.JvmPauseMonitor$Monitor@3e4b05f3" daemon prio=5 tid=1350 timed_waiting
java.lang.Thread.State: TIMED_WAITING
        at java.lang.Thread.sleep(Native Method)
        at org.apache.hadoop.util.JvmPauseMonitor$Monitor.run(JvmPauseMonitor.java:192)
        at java.lang.Thread.run(Thread.java:750)
"qtp761298760-1393" daemon prio=5 tid=1393 timed_waiting
java.lang.Thread.State: TIMED_WAITING
        at sun.misc.Unsafe.park(Native Method)
        at java.util.concurrent.locks.LockSupport.parkNanos(LockSupport.java:215)
        at java.util.concurrent.locks.AbstractQueuedSynchronizer$ConditionObject.awaitNanos(AbstractQueuedSynchronizer.java:2078)
        at org.eclipse.jetty.util.BlockingArrayQueue.poll(BlockingArrayQueue.java:382)
        at org.eclipse.jetty.util.thread.QueuedThreadPool$Runner.idleJobPoll(QueuedThreadPool.java:974)
        at org.eclipse.jetty.util.thread.QueuedThreadPool$Runner.run(QueuedThreadPool.java:1018)
        at java.lang.Thread.run(Thread.java:750)
"pool-629-thread-1" daemon prio=5 tid=1355 timed_waiting
java.lang.Thread.State: TIMED_WAITING
        at sun.misc.Unsafe.park(Native Method)
        at java.util.concurrent.locks.LockSupport.parkNanos(LockSupport.java:215)
        at java.util.concurrent.locks.AbstractQueuedSynchronizer$ConditionObject.awaitNanos(AbstractQueuedSynchronizer.java:2078)
        at java.util.concurrent.ScheduledThreadPoolExecutor$DelayedWorkQueue.take(ScheduledThreadPoolExecutor.java:1093)
        at java.util.concurrent.ScheduledThreadPoolExecutor$DelayedWorkQueue.take(ScheduledThreadPoolExecutor.java:809)
        at java.util.concurrent.ThreadPoolExecutor.getTask(ThreadPoolExecutor.java:1074)
        at java.util.concurrent.ThreadPoolExecutor.runWorker(ThreadPoolExecutor.java:1134)
        at java.util.concurrent.ThreadPoolExecutor$Worker.run(ThreadPoolExecutor.java:624)
        at java.lang.Thread.run(Thread.java:750)
"ChunkWriter-3-0" daemon prio=5 tid=1422 in Object.wait()
java.lang.Thread.State: WAITING (on object monitor)
        at sun.misc.Unsafe.park(Native Method)
        at java.util.concurrent.locks.LockSupport.park(LockSupport.java:175)
        at java.util.concurrent.locks.AbstractQueuedSynchronizer$ConditionObject.await(AbstractQueuedSynchronizer.java:2039)
        at java.util.concurrent.LinkedBlockingDeque.takeFirst(LinkedBlockingDeque.java:492)
        at java.util.concurrent.LinkedBlockingDeque.take(LinkedBlockingDeque.java:680)
        at java.util.concurrent.ThreadPoolExecutor.getTask(ThreadPoolExecutor.java:1074)
        at java.util.concurrent.ThreadPoolExecutor.runWorker(ThreadPoolExecutor.java:1134)
        at java.util.concurrent.ThreadPoolExecutor$Worker.run(ThreadPoolExecutor.java:624)
        at java.lang.Thread.run(Thread.java:750)
"ChunkWriter-1-0" daemon prio=5 tid=1432 in Object.wait()
java.lang.Thread.State: WAITING (on object monitor)
        at sun.misc.Unsafe.park(Native Method)
        at java.util.concurrent.locks.LockSupport.park(LockSupport.java:175)
        at java.util.concurrent.locks.AbstractQueuedSynchronizer$ConditionObject.await(AbstractQueuedSynchronizer.java:2039)
        at java.util.concurrent.LinkedBlockingDeque.takeFirst(LinkedBlockingDeque.java:492)
        at java.util.concurrent.LinkedBlockingDeque.take(LinkedBlockingDeque.java:680)
        at java.util.concurrent.ThreadPoolExecutor.getTask(ThreadPoolExecutor.java:1074)
        at java.util.concurrent.ThreadPoolExecutor.runWorker(ThreadPoolExecutor.java:1134)
        at java.util.concurrent.ThreadPoolExecutor$Worker.run(ThreadPoolExecutor.java:624)
        at java.lang.Thread.run(Thread.java:750)
"ChunkWriter-3-0" daemon prio=5 tid=1410 in Object.wait()
java.lang.Thread.State: WAITING (on object monitor)
        at sun.misc.Unsafe.park(Native Method)
        at java.util.concurrent.locks.LockSupport.park(LockSupport.java:175)
        at java.util.concurrent.locks.AbstractQueuedSynchronizer$ConditionObject.await(AbstractQueuedSynchronizer.java:2039)
        at java.util.concurrent.LinkedBlockingDeque.takeFirst(LinkedBlockingDeque.java:492)
        at java.util.concurrent.LinkedBlockingDeque.take(LinkedBlockingDeque.java:680)
        at java.util.concurrent.ThreadPoolExecutor.getTask(ThreadPoolExecutor.java:1074)
        at java.util.concurrent.ThreadPoolExecutor.runWorker(ThreadPoolExecutor.java:1134)
        at java.util.concurrent.ThreadPoolExecutor$Worker.run(ThreadPoolExecutor.java:624)
        at java.lang.Thread.run(Thread.java:750)
"qtp305488370-1281-acceptor-0@712428ca-ServerConnector@190faba4{HTTP/1.1, (http/1.1)}{0.0.0.0:35463}" daemon prio=3 tid=1281 runnable
java.lang.Thread.State: RUNNABLE
        at sun.nio.ch.ServerSocketChannelImpl.accept0(Native Method)
        at sun.nio.ch.ServerSocketChannelImpl.accept(ServerSocketChannelImpl.java:421)
        at sun.nio.ch.ServerSocketChannelImpl.accept(ServerSocketChannelImpl.java:249)
        at org.eclipse.jetty.server.ServerConnector.accept(ServerConnector.java:388)
        at org.eclipse.jetty.server.AbstractConnector$Acceptor.run(AbstractConnector.java:704)
        at org.eclipse.jetty.util.thread.QueuedThreadPool.runJob(QueuedThreadPool.java:883)
        at org.eclipse.jetty.util.thread.QueuedThreadPool$Runner.run(QueuedThreadPool.java:1034)
        at java.lang.Thread.run(Thread.java:750)
"ChunkReader-ELG-0" daemon prio=5 tid=1436 runnable
java.lang.Thread.State: RUNNABLE
        at org.apache.ratis.thirdparty.io.netty.channel.epoll.Native.epollWait(Native Method)
        at org.apache.ratis.thirdparty.io.netty.channel.epoll.Native.epollWait(Native.java:209)
        at org.apache.ratis.thirdparty.io.netty.channel.epoll.Native.epollWait(Native.java:202)
        at org.apache.ratis.thirdparty.io.netty.channel.epoll.EpollEventLoop.epollWaitNoTimerChange(EpollEventLoop.java:294)
        at org.apache.ratis.thirdparty.io.netty.channel.epoll.EpollEventLoop.run(EpollEventLoop.java:351)
        at org.apache.ratis.thirdparty.io.netty.util.concurrent.SingleThreadEventExecutor$4.run(SingleThreadEventExecutor.java:995)
        at org.apache.ratis.thirdparty.io.netty.util.internal.ThreadExecutorMap$2.run(ThreadExecutorMap.java:74)
        at java.lang.Thread.run(Thread.java:750)
"IPC Server handler 8 on default port 36375" daemon prio=5 tid=1131 timed_waiting
java.lang.Thread.State: TIMED_WAITING
        at sun.misc.Unsafe.park(Native Method)
        at java.util.concurrent.locks.LockSupport.parkNanos(LockSupport.java:215)
        at java.util.concurrent.locks.AbstractQueuedSynchronizer$ConditionObject.awaitNanos(AbstractQueuedSynchronizer.java:2078)
        at java.util.concurrent.LinkedBlockingQueue.poll(LinkedBlockingQueue.java:467)
        at org.apache.hadoop.ipc.CallQueueManager.take(CallQueueManager.java:317)
        at org.apache.hadoop.ipc.Server$Handler.run(Server.java:2942)
"om1@group-C5BA1605619E-SegmentedRaftLogWorker"  prio=5 tid=1207 timed_waiting
java.lang.Thread.State: TIMED_WAITING
        at sun.misc.Unsafe.park(Native Method)
        at java.util.concurrent.locks.LockSupport.parkNanos(LockSupport.java:215)
        at java.util.concurrent.locks.AbstractQueuedSynchronizer$ConditionObject.awaitNanos(AbstractQueuedSynchronizer.java:2078)
        at org.apache.ratis.util.DataBlockingQueue.poll(DataBlockingQueue.java:148)
        at org.apache.ratis.server.raftlog.segmented.SegmentedRaftLogWorker.run(SegmentedRaftLogWorker.java:310)
        at org.apache.ratis.server.raftlog.segmented.SegmentedRaftLogWorker$$Lambda$689/960154446.run(Unknown Source)
        at java.lang.Thread.run(Thread.java:750)
"IPC Server handler 9 on default port 43083" daemon prio=5 tid=1234 timed_waiting
java.lang.Thread.State: TIMED_WAITING
        at sun.misc.Unsafe.park(Native Method)
        at java.util.concurrent.locks.LockSupport.parkNanos(LockSupport.java:215)
        at java.util.concurrent.locks.AbstractQueuedSynchronizer$ConditionObject.awaitNanos(AbstractQueuedSynchronizer.java:2078)
        at java.util.concurrent.LinkedBlockingQueue.poll(LinkedBlockingQueue.java:467)
        at org.apache.hadoop.ipc.CallQueueManager.take(CallQueueManager.java:317)
        at org.apache.hadoop.ipc.Server$Handler.run(Server.java:2942)
"grpc-default-boss-ELG-4-1" daemon prio=5 tid=745 runnable
java.lang.Thread.State: RUNNABLE
        at org.apache.ratis.thirdparty.io.netty.channel.epoll.Native.epollWait(Native Method)
        at org.apache.ratis.thirdparty.io.netty.channel.epoll.Native.epollWait(Native.java:209)
        at org.apache.ratis.thirdparty.io.netty.channel.epoll.Native.epollWait(Native.java:202)
        at org.apache.ratis.thirdparty.io.netty.channel.epoll.EpollEventLoop.epollWaitNoTimerChange(EpollEventLoop.java:294)
        at org.apache.ratis.thirdparty.io.netty.channel.epoll.EpollEventLoop.run(EpollEventLoop.java:351)
        at org.apache.ratis.thirdparty.io.netty.util.concurrent.SingleThreadEventExecutor$4.run(SingleThreadEventExecutor.java:995)
        at org.apache.ratis.thirdparty.io.netty.util.internal.ThreadExecutorMap$2.run(ThreadExecutorMap.java:74)
        at org.apache.ratis.thirdparty.io.netty.util.concurrent.FastThreadLocalRunnable.run(FastThreadLocalRunnable.java:30)
        at java.lang.Thread.run(Thread.java:750)
"qtp472619336-1312" daemon prio=5 tid=1312 timed_waiting
java.lang.Thread.State: TIMED_WAITING
        at sun.misc.Unsafe.park(Native Method)
        at java.util.concurrent.locks.LockSupport.parkNanos(LockSupport.java:215)
        at java.util.concurrent.locks.AbstractQueuedSynchronizer$ConditionObject.awaitNanos(AbstractQueuedSynchronizer.java:2078)
        at org.eclipse.jetty.util.BlockingArrayQueue.poll(BlockingArrayQueue.java:382)
        at org.eclipse.jetty.util.thread.QueuedThreadPool$Runner.idleJobPoll(QueuedThreadPool.java:974)
        at org.eclipse.jetty.util.thread.QueuedThreadPool$Runner.run(QueuedThreadPool.java:1018)
        at java.lang.Thread.run(Thread.java:750)
"IPC Server handler 3 on default port 43615" daemon prio=5 tid=1166 timed_waiting
java.lang.Thread.State: TIMED_WAITING
        at sun.misc.Unsafe.park(Native Method)
        at java.util.concurrent.locks.LockSupport.parkNanos(LockSupport.java:215)
        at java.util.concurrent.locks.AbstractQueuedSynchronizer$ConditionObject.awaitNanos(AbstractQueuedSynchronizer.java:2078)
        at java.util.concurrent.LinkedBlockingQueue.poll(LinkedBlockingQueue.java:467)
        at org.apache.hadoop.ipc.CallQueueManager.take(CallQueueManager.java:317)
        at org.apache.hadoop.ipc.Server$Handler.run(Server.java:2942)
"qtp1292406739-1364" daemon prio=5 tid=1364 timed_waiting
java.lang.Thread.State: TIMED_WAITING
        at sun.misc.Unsafe.park(Native Method)
        at java.util.concurrent.locks.LockSupport.parkNanos(LockSupport.java:215)
        at java.util.concurrent.locks.AbstractQueuedSynchronizer$ConditionObject.awaitNanos(AbstractQueuedSynchronizer.java:2078)
        at org.eclipse.jetty.util.BlockingArrayQueue.poll(BlockingArrayQueue.java:382)
        at org.eclipse.jetty.util.thread.QueuedThreadPool$Runner.idleJobPoll(QueuedThreadPool.java:974)
        at org.eclipse.jetty.util.thread.QueuedThreadPool$Runner.run(QueuedThreadPool.java:1018)
        at java.lang.Thread.run(Thread.java:750)
"Datanode ReportManager Thread - 2" daemon prio=5 tid=1372 timed_waiting
java.lang.Thread.State: TIMED_WAITING
        at sun.misc.Unsafe.park(Native Method)
        at java.util.concurrent.locks.LockSupport.parkNanos(LockSupport.java:215)
        at java.util.concurrent.locks.AbstractQueuedSynchronizer$ConditionObject.awaitNanos(AbstractQueuedSynchronizer.java:2078)
        at java.util.concurrent.ScheduledThreadPoolExecutor$DelayedWorkQueue.take(ScheduledThreadPoolExecutor.java:1093)
        at java.util.concurrent.ScheduledThreadPoolExecutor$DelayedWorkQueue.take(ScheduledThreadPoolExecutor.java:809)
        at java.util.concurrent.ThreadPoolExecutor.getTask(ThreadPoolExecutor.java:1074)
        at java.util.concurrent.ThreadPoolExecutor.runWorker(ThreadPoolExecutor.java:1134)
        at java.util.concurrent.ThreadPoolExecutor$Worker.run(ThreadPoolExecutor.java:624)
        at java.lang.Thread.run(Thread.java:750)
"Session-HouseKeeper-79238d14-1"  prio=5 tid=1314 timed_waiting
java.lang.Thread.State: TIMED_WAITING
        at sun.misc.Unsafe.park(Native Method)
        at java.util.concurrent.locks.LockSupport.parkNanos(LockSupport.java:215)
        at java.util.concurrent.locks.AbstractQueuedSynchronizer$ConditionObject.awaitNanos(AbstractQueuedSynchronizer.java:2078)
        at java.util.concurrent.ScheduledThreadPoolExecutor$DelayedWorkQueue.take(ScheduledThreadPoolExecutor.java:1093)
        at java.util.concurrent.ScheduledThreadPoolExecutor$DelayedWorkQueue.take(ScheduledThreadPoolExecutor.java:809)
        at java.util.concurrent.ThreadPoolExecutor.getTask(ThreadPoolExecutor.java:1074)
        at java.util.concurrent.ThreadPoolExecutor.runWorker(ThreadPoolExecutor.java:1134)
        at java.util.concurrent.ThreadPoolExecutor$Worker.run(ThreadPoolExecutor.java:624)
        at java.lang.Thread.run(Thread.java:750)
"Datanode ReportManager Thread - 0" daemon prio=5 tid=1344 in Object.wait()
java.lang.Thread.State: WAITING (on object monitor)
        at sun.misc.Unsafe.park(Native Method)
        at java.util.concurrent.locks.LockSupport.park(LockSupport.java:175)
        at java.util.concurrent.locks.AbstractQueuedSynchronizer$ConditionObject.await(AbstractQueuedSynchronizer.java:2039)
        at java.util.concurrent.ScheduledThreadPoolExecutor$DelayedWorkQueue.take(ScheduledThreadPoolExecutor.java:1088)
        at java.util.concurrent.ScheduledThreadPoolExecutor$DelayedWorkQueue.take(ScheduledThreadPoolExecutor.java:809)
        at java.util.concurrent.ThreadPoolExecutor.getTask(ThreadPoolExecutor.java:1074)
        at java.util.concurrent.ThreadPoolExecutor.runWorker(ThreadPoolExecutor.java:1134)
        at java.util.concurrent.ThreadPoolExecutor$Worker.run(ThreadPoolExecutor.java:624)
        at java.lang.Thread.run(Thread.java:750)
"Periodic HDDS volume checker" daemon prio=5 tid=1299 timed_waiting
java.lang.Thread.State: TIMED_WAITING
        at sun.misc.Unsafe.park(Native Method)
        at java.util.concurrent.locks.LockSupport.parkNanos(LockSupport.java:215)
        at java.util.concurrent.locks.AbstractQueuedSynchronizer$ConditionObject.awaitNanos(AbstractQueuedSynchronizer.java:2078)
        at java.util.concurrent.ScheduledThreadPoolExecutor$DelayedWorkQueue.take(ScheduledThreadPoolExecutor.java:1093)
        at java.util.concurrent.ScheduledThreadPoolExecutor$DelayedWorkQueue.take(ScheduledThreadPoolExecutor.java:809)
        at java.util.concurrent.ThreadPoolExecutor.getTask(ThreadPoolExecutor.java:1074)
        at java.util.concurrent.ThreadPoolExecutor.runWorker(ThreadPoolExecutor.java:1134)
        at java.util.concurrent.ThreadPoolExecutor$Worker.run(ThreadPoolExecutor.java:624)
        at java.lang.Thread.run(Thread.java:750)
"IPC Server handler 16 on default port 36375" daemon prio=5 tid=1139 timed_waiting
java.lang.Thread.State: TIMED_WAITING
        at sun.misc.Unsafe.park(Native Method)
        at java.util.concurrent.locks.LockSupport.parkNanos(LockSupport.java:215)
        at java.util.concurrent.locks.AbstractQueuedSynchronizer$ConditionObject.awaitNanos(AbstractQueuedSynchronizer.java:2078)
        at java.util.concurrent.LinkedBlockingQueue.poll(LinkedBlockingQueue.java:467)
        at org.apache.hadoop.ipc.CallQueueManager.take(CallQueueManager.java:317)
        at org.apache.hadoop.ipc.Server$Handler.run(Server.java:2942)
"org.apache.hadoop.util.JvmPauseMonitor$Monitor@74cb99b9" daemon prio=5 tid=1296 timed_waiting
java.lang.Thread.State: TIMED_WAITING
        at java.lang.Thread.sleep(Native Method)
        at org.apache.hadoop.util.JvmPauseMonitor$Monitor.run(JvmPauseMonitor.java:192)
        at java.lang.Thread.run(Thread.java:750)
"timer1" daemon prio=5 tid=529 timed_waiting
java.lang.Thread.State: TIMED_WAITING
        at java.lang.Object.wait(Native Method)
        at java.util.TimerThread.mainLoop(Timer.java:552)
        at java.util.TimerThread.run(Timer.java:505)
"FixedThreadPoolWithAffinityExecutor-6-0" daemon prio=5 tid=1116 timed_waiting
java.lang.Thread.State: TIMED_WAITING
        at sun.misc.Unsafe.park(Native Method)
        at java.util.concurrent.locks.LockSupport.parkNanos(LockSupport.java:215)
        at java.util.concurrent.locks.AbstractQueuedSynchronizer$ConditionObject.awaitNanos(AbstractQueuedSynchronizer.java:2078)
        at java.util.concurrent.LinkedBlockingQueue.poll(LinkedBlockingQueue.java:467)
        at org.apache.hadoop.hdds.scm.server.ContainerReportQueue.poll(ContainerReportQueue.java:266)
        at org.apache.hadoop.hdds.scm.server.ContainerReportQueue.poll(ContainerReportQueue.java:42)
        at org.apache.hadoop.hdds.server.events.FixedThreadPoolWithAffinityExecutor$ContainerReportProcessTask.run(FixedThreadPoolWithAffinityExecutor.java:218)
        at java.util.concurrent.Executors$RunnableAdapter.call(Executors.java:511)
        at java.util.concurrent.FutureTask.run(FutureTask.java:266)
        at java.util.concurrent.ThreadPoolExecutor.runWorker(ThreadPoolExecutor.java:1149)
        at java.util.concurrent.ThreadPoolExecutor$Worker.run(ThreadPoolExecutor.java:624)
        at java.lang.Thread.run(Thread.java:750)
"IPC Server handler 1 on default port 38387" daemon prio=5 tid=1144 timed_waiting
java.lang.Thread.State: TIMED_WAITING
        at sun.misc.Unsafe.park(Native Method)
        at java.util.concurrent.locks.LockSupport.parkNanos(LockSupport.java:215)
        at java.util.concurrent.locks.AbstractQueuedSynchronizer$ConditionObject.awaitNanos(AbstractQueuedSynchronizer.java:2078)
        at java.util.concurrent.LinkedBlockingQueue.poll(LinkedBlockingQueue.java:467)
        at org.apache.hadoop.ipc.CallQueueManager.take(CallQueueManager.java:317)
        at org.apache.hadoop.ipc.Server$Handler.run(Server.java:2942)
"Datanode ReportManager Thread - 3" daemon prio=5 tid=1293 timed_waiting
java.lang.Thread.State: TIMED_WAITING
        at sun.misc.Unsafe.park(Native Method)
        at java.util.concurrent.locks.LockSupport.parkNanos(LockSupport.java:215)
        at java.util.concurrent.locks.AbstractQueuedSynchronizer$ConditionObject.awaitNanos(AbstractQueuedSynchronizer.java:2078)
        at java.util.concurrent.ScheduledThreadPoolExecutor$DelayedWorkQueue.take(ScheduledThreadPoolExecutor.java:1093)
        at java.util.concurrent.ScheduledThreadPoolExecutor$DelayedWorkQueue.take(ScheduledThreadPoolExecutor.java:809)
        at java.util.concurrent.ThreadPoolExecutor.getTask(ThreadPoolExecutor.java:1074)
        at java.util.concurrent.ThreadPoolExecutor.runWorker(ThreadPoolExecutor.java:1134)
        at java.util.concurrent.ThreadPoolExecutor$Worker.run(ThreadPoolExecutor.java:624)
        at java.lang.Thread.run(Thread.java:750)
"qtp622955604-1258" daemon prio=5 tid=1258 timed_waiting
java.lang.Thread.State: TIMED_WAITING
        at sun.misc.Unsafe.park(Native Method)
        at java.util.concurrent.locks.LockSupport.parkNanos(LockSupport.java:215)
        at java.util.concurrent.locks.AbstractQueuedSynchronizer$ConditionObject.awaitNanos(AbstractQueuedSynchronizer.java:2078)
        at org.eclipse.jetty.util.BlockingArrayQueue.poll(BlockingArrayQueue.java:382)
        at org.eclipse.jetty.util.thread.QueuedThreadPool$Runner.idleJobPoll(QueuedThreadPool.java:974)
        at org.eclipse.jetty.util.thread.QueuedThreadPool$Runner.run(QueuedThreadPool.java:1018)
        at java.lang.Thread.run(Thread.java:750)
"qtp2061281899-1218" daemon prio=5 tid=1218 timed_waiting
java.lang.Thread.State: TIMED_WAITING
        at sun.misc.Unsafe.park(Native Method)
        at java.util.concurrent.locks.LockSupport.parkNanos(LockSupport.java:215)
        at java.util.concurrent.locks.AbstractQueuedSynchronizer$ConditionObject.awaitNanos(AbstractQueuedSynchronizer.java:2078)
        at org.eclipse.jetty.util.BlockingArrayQueue.poll(BlockingArrayQueue.java:382)
        at org.eclipse.jetty.util.thread.QueuedThreadPool$Runner.idleJobPoll(QueuedThreadPool.java:974)
        at org.eclipse.jetty.util.thread.QueuedThreadPool$Runner.run(QueuedThreadPool.java:1018)
        at java.lang.Thread.run(Thread.java:750)
"IPC Server handler 19 on default port 38387" daemon prio=5 tid=1162 timed_waiting
java.lang.Thread.State: TIMED_WAITING
        at sun.misc.Unsafe.park(Native Method)
        at java.util.concurrent.locks.LockSupport.parkNanos(LockSupport.java:215)
        at java.util.concurrent.locks.AbstractQueuedSynchronizer$ConditionObject.awaitNanos(AbstractQueuedSynchronizer.java:2078)
        at java.util.concurrent.LinkedBlockingQueue.poll(LinkedBlockingQueue.java:467)
        at org.apache.hadoop.ipc.CallQueueManager.take(CallQueueManager.java:317)
        at org.apache.hadoop.ipc.Server$Handler.run(Server.java:2942)
"timer0" daemon prio=5 tid=559 timed_waiting
java.lang.Thread.State: TIMED_WAITING
        at java.lang.Object.wait(Native Method)
        at java.util.TimerThread.mainLoop(Timer.java:552)
        at java.util.TimerThread.run(Timer.java:505)
"qtp305488370-1285" daemon prio=5 tid=1285 timed_waiting
java.lang.Thread.State: TIMED_WAITING
        at sun.misc.Unsafe.park(Native Method)
        at java.util.concurrent.locks.LockSupport.parkNanos(LockSupport.java:215)
        at java.util.concurrent.locks.AbstractQueuedSynchronizer$ConditionObject.awaitNanos(AbstractQueuedSynchronizer.java:2078)
        at org.eclipse.jetty.util.BlockingArrayQueue.poll(BlockingArrayQueue.java:382)
        at org.eclipse.jetty.util.thread.QueuedThreadPool$Runner.idleJobPoll(QueuedThreadPool.java:974)
        at org.eclipse.jetty.util.thread.QueuedThreadPool$Runner.run(QueuedThreadPool.java:1018)
        at java.lang.Thread.run(Thread.java:750)
"IPC Server handler 15 on default port 43083" daemon prio=5 tid=1240 timed_waiting
java.lang.Thread.State: TIMED_WAITING
        at sun.misc.Unsafe.park(Native Method)
        at java.util.concurrent.locks.LockSupport.parkNanos(LockSupport.java:215)
        at java.util.concurrent.locks.AbstractQueuedSynchronizer$ConditionObject.awaitNanos(AbstractQueuedSynchronizer.java:2078)
        at java.util.concurrent.LinkedBlockingQueue.poll(LinkedBlockingQueue.java:467)
        at org.apache.hadoop.ipc.CallQueueManager.take(CallQueueManager.java:317)
        at org.apache.hadoop.ipc.Server$Handler.run(Server.java:2942)
"EventQueue-OpenPipelineForHealthyPipelineSafeModeRule" daemon prio=5 tid=1557 in Object.wait()
java.lang.Thread.State: WAITING (on object monitor)
        at sun.misc.Unsafe.park(Native Method)
        at java.util.concurrent.locks.LockSupport.park(LockSupport.java:175)
        at java.util.concurrent.locks.AbstractQueuedSynchronizer$ConditionObject.await(AbstractQueuedSynchronizer.java:2039)
        at java.util.concurrent.LinkedBlockingQueue.take(LinkedBlockingQueue.java:442)
        at java.util.concurrent.ThreadPoolExecutor.getTask(ThreadPoolExecutor.java:1074)
        at java.util.concurrent.ThreadPoolExecutor.runWorker(ThreadPoolExecutor.java:1134)
        at java.util.concurrent.ThreadPoolExecutor$Worker.run(ThreadPoolExecutor.java:624)
        at java.lang.Thread.run(Thread.java:750)
"BlockDeletingService#0" daemon prio=5 tid=1425 in Object.wait()
java.lang.Thread.State: WAITING (on object monitor)
        at sun.misc.Unsafe.park(Native Method)
        at java.util.concurrent.locks.LockSupport.park(LockSupport.java:175)
        at java.util.concurrent.locks.AbstractQueuedSynchronizer$ConditionObject.await(AbstractQueuedSynchronizer.java:2039)
        at java.util.concurrent.ScheduledThreadPoolExecutor$DelayedWorkQueue.take(ScheduledThreadPoolExecutor.java:1088)
        at java.util.concurrent.ScheduledThreadPoolExecutor$DelayedWorkQueue.take(ScheduledThreadPoolExecutor.java:809)
        at java.util.concurrent.ThreadPoolExecutor.getTask(ThreadPoolExecutor.java:1074)
        at java.util.concurrent.ThreadPoolExecutor.runWorker(ThreadPoolExecutor.java:1134)
        at java.util.concurrent.ThreadPoolExecutor$Worker.run(ThreadPoolExecutor.java:624)
        at java.lang.Thread.run(Thread.java:750)
"pool-668-thread-1"  prio=5 tid=1385 timed_waiting
java.lang.Thread.State: TIMED_WAITING
        at sun.misc.Unsafe.park(Native Method)
        at java.util.concurrent.locks.LockSupport.parkNanos(LockSupport.java:215)
        at java.util.concurrent.locks.AbstractQueuedSynchronizer$ConditionObject.awaitNanos(AbstractQueuedSynchronizer.java:2078)
        at java.util.concurrent.ScheduledThreadPoolExecutor$DelayedWorkQueue.take(ScheduledThreadPoolExecutor.java:1093)
        at java.util.concurrent.ScheduledThreadPoolExecutor$DelayedWorkQueue.take(ScheduledThreadPoolExecutor.java:809)
        at java.util.concurrent.ThreadPoolExecutor.getTask(ThreadPoolExecutor.java:1074)
        at java.util.concurrent.ThreadPoolExecutor.runWorker(ThreadPoolExecutor.java:1134)
        at java.util.concurrent.ThreadPoolExecutor$Worker.run(ThreadPoolExecutor.java:624)
        at java.lang.Thread.run(Thread.java:750)
"IPC Server idle connection scanner for port 36375" daemon prio=5 tid=1108 timed_waiting
java.lang.Thread.State: TIMED_WAITING
        at java.lang.Object.wait(Native Method)
        at java.util.TimerThread.mainLoop(Timer.java:552)
        at java.util.TimerThread.run(Timer.java:505)
"BlockDeletingService#0" daemon prio=5 tid=1449 in Object.wait()
java.lang.Thread.State: WAITING (on object monitor)
        at sun.misc.Unsafe.park(Native Method)
        at java.util.concurrent.locks.LockSupport.park(LockSupport.java:175)
        at java.util.concurrent.locks.AbstractQueuedSynchronizer$ConditionObject.await(AbstractQueuedSynchronizer.java:2039)
        at java.util.concurrent.ScheduledThreadPoolExecutor$DelayedWorkQueue.take(ScheduledThreadPoolExecutor.java:1088)
        at java.util.concurrent.ScheduledThreadPoolExecutor$DelayedWorkQueue.take(ScheduledThreadPoolExecutor.java:809)
        at java.util.concurrent.ThreadPoolExecutor.getTask(ThreadPoolExecutor.java:1074)
        at java.util.concurrent.ThreadPoolExecutor.runWorker(ThreadPoolExecutor.java:1134)
        at java.util.concurrent.ThreadPoolExecutor$Worker.run(ThreadPoolExecutor.java:624)
        at java.lang.Thread.run(Thread.java:750)
"om1@group-C5BA1605619E-LeaderStateImpl" daemon prio=5 tid=1325 timed_waiting
java.lang.Thread.State: TIMED_WAITING
        at sun.misc.Unsafe.park(Native Method)
        at java.util.concurrent.locks.LockSupport.parkNanos(LockSupport.java:215)
        at java.util.concurrent.locks.AbstractQueuedSynchronizer$ConditionObject.awaitNanos(AbstractQueuedSynchronizer.java:2078)
        at java.util.concurrent.ArrayBlockingQueue.poll(ArrayBlockingQueue.java:418)
        at org.apache.ratis.server.impl.LeaderStateImpl$EventQueue.poll(LeaderStateImpl.java:159)
        at org.apache.ratis.server.impl.LeaderStateImpl$EventProcessor.run(LeaderStateImpl.java:630)
"Session-HouseKeeper-73c2afb3-1"  prio=5 tid=1368 timed_waiting
java.lang.Thread.State: TIMED_WAITING
        at sun.misc.Unsafe.park(Native Method)
        at java.util.concurrent.locks.LockSupport.parkNanos(LockSupport.java:215)
        at java.util.concurrent.locks.AbstractQueuedSynchronizer$ConditionObject.awaitNanos(AbstractQueuedSynchronizer.java:2078)
        at java.util.concurrent.ScheduledThreadPoolExecutor$DelayedWorkQueue.take(ScheduledThreadPoolExecutor.java:1093)
        at java.util.concurrent.ScheduledThreadPoolExecutor$DelayedWorkQueue.take(ScheduledThreadPoolExecutor.java:809)
        at java.util.concurrent.ThreadPoolExecutor.getTask(ThreadPoolExecutor.java:1074)
        at java.util.concurrent.ThreadPoolExecutor.runWorker(ThreadPoolExecutor.java:1134)
        at java.util.concurrent.ThreadPoolExecutor$Worker.run(ThreadPoolExecutor.java:624)
        at java.lang.Thread.run(Thread.java:750)
"qtp472619336-1311" daemon prio=5 tid=1311 timed_waiting
java.lang.Thread.State: TIMED_WAITING
        at sun.misc.Unsafe.park(Native Method)
        at java.util.concurrent.locks.LockSupport.parkNanos(LockSupport.java:215)
        at java.util.concurrent.locks.AbstractQueuedSynchronizer$ConditionObject.awaitNanos(AbstractQueuedSynchronizer.java:2078)
        at org.eclipse.jetty.util.BlockingArrayQueue.poll(BlockingArrayQueue.java:382)
        at org.eclipse.jetty.util.thread.QueuedThreadPool$Runner.idleJobPoll(QueuedThreadPool.java:974)
        at org.eclipse.jetty.util.thread.QueuedThreadPool$Runner.run(QueuedThreadPool.java:1018)
        at java.lang.Thread.run(Thread.java:750)
"IPC Server handler 0 on default port 43615" daemon prio=5 tid=1163 timed_waiting
java.lang.Thread.State: TIMED_WAITING
        at sun.misc.Unsafe.park(Native Method)
        at java.util.concurrent.locks.LockSupport.parkNanos(LockSupport.java:215)
        at java.util.concurrent.locks.AbstractQueuedSynchronizer$ConditionObject.awaitNanos(AbstractQueuedSynchronizer.java:2078)
        at java.util.concurrent.LinkedBlockingQueue.poll(LinkedBlockingQueue.java:467)
        at org.apache.hadoop.ipc.CallQueueManager.take(CallQueueManager.java:317)
        at org.apache.hadoop.ipc.Server$Handler.run(Server.java:2942)
"StaleRecoveringContainerScrubbingService#1" daemon prio=5 tid=1440 timed_waiting
java.lang.Thread.State: TIMED_WAITING
        at sun.misc.Unsafe.park(Native Method)
        at java.util.concurrent.locks.LockSupport.parkNanos(LockSupport.java:215)
        at java.util.concurrent.locks.AbstractQueuedSynchronizer$ConditionObject.awaitNanos(AbstractQueuedSynchronizer.java:2078)
        at java.util.concurrent.ScheduledThreadPoolExecutor$DelayedWorkQueue.take(ScheduledThreadPoolExecutor.java:1093)
        at java.util.concurrent.ScheduledThreadPoolExecutor$DelayedWorkQueue.take(ScheduledThreadPoolExecutor.java:809)
        at java.util.concurrent.ThreadPoolExecutor.getTask(ThreadPoolExecutor.java:1074)
        at java.util.concurrent.ThreadPoolExecutor.runWorker(ThreadPoolExecutor.java:1134)
        at java.util.concurrent.ThreadPoolExecutor$Worker.run(ThreadPoolExecutor.java:624)
        at java.lang.Thread.run(Thread.java:750)
"IPC Server handler 18 on default port 36375" daemon prio=5 tid=1141 timed_waiting
java.lang.Thread.State: TIMED_WAITING
        at sun.misc.Unsafe.park(Native Method)
        at java.util.concurrent.locks.LockSupport.parkNanos(LockSupport.java:215)
        at java.util.concurrent.locks.AbstractQueuedSynchronizer$ConditionObject.awaitNanos(AbstractQueuedSynchronizer.java:2078)
        at java.util.concurrent.LinkedBlockingQueue.poll(LinkedBlockingQueue.java:467)
        at org.apache.hadoop.ipc.CallQueueManager.take(CallQueueManager.java:317)
        at org.apache.hadoop.ipc.Server$Handler.run(Server.java:2942)
"SCM Heartbeat Processing Thread - 0" daemon prio=5 tid=1090 timed_waiting
java.lang.Thread.State: TIMED_WAITING
        at sun.misc.Unsafe.park(Native Method)
        at java.util.concurrent.locks.LockSupport.parkNanos(LockSupport.java:215)
        at java.util.concurrent.locks.AbstractQueuedSynchronizer$ConditionObject.awaitNanos(AbstractQueuedSynchronizer.java:2078)
        at java.util.concurrent.ScheduledThreadPoolExecutor$DelayedWorkQueue.take(ScheduledThreadPoolExecutor.java:1093)
        at java.util.concurrent.ScheduledThreadPoolExecutor$DelayedWorkQueue.take(ScheduledThreadPoolExecutor.java:809)
        at java.util.concurrent.ThreadPoolExecutor.getTask(ThreadPoolExecutor.java:1074)
        at java.util.concurrent.ThreadPoolExecutor.runWorker(ThreadPoolExecutor.java:1134)
        at java.util.concurrent.ThreadPoolExecutor$Worker.run(ThreadPoolExecutor.java:624)
        at java.lang.Thread.run(Thread.java:750)
"IPC Server handler 4 on default port 43083" daemon prio=5 tid=1229 timed_waiting
java.lang.Thread.State: TIMED_WAITING
        at sun.misc.Unsafe.park(Native Method)
        at java.util.concurrent.locks.LockSupport.parkNanos(LockSupport.java:215)
        at java.util.concurrent.locks.AbstractQueuedSynchronizer$ConditionObject.awaitNanos(AbstractQueuedSynchronizer.java:2078)
        at java.util.concurrent.LinkedBlockingQueue.poll(LinkedBlockingQueue.java:467)
        at org.apache.hadoop.ipc.CallQueueManager.take(CallQueueManager.java:317)
        at org.apache.hadoop.ipc.Server$Handler.run(Server.java:2942)
"ChunkWriter-1-0" daemon prio=5 tid=1420 in Object.wait()
java.lang.Thread.State: WAITING (on object monitor)
        at sun.misc.Unsafe.park(Native Method)
        at java.util.concurrent.locks.LockSupport.park(LockSupport.java:175)
        at java.util.concurrent.locks.AbstractQueuedSynchronizer$ConditionObject.await(AbstractQueuedSynchronizer.java:2039)
        at java.util.concurrent.LinkedBlockingDeque.takeFirst(LinkedBlockingDeque.java:492)
        at java.util.concurrent.LinkedBlockingDeque.take(LinkedBlockingDeque.java:680)
        at java.util.concurrent.ThreadPoolExecutor.getTask(ThreadPoolExecutor.java:1074)
        at java.util.concurrent.ThreadPoolExecutor.runWorker(ThreadPoolExecutor.java:1134)
        at java.util.concurrent.ThreadPoolExecutor$Worker.run(ThreadPoolExecutor.java:624)
        at java.lang.Thread.run(Thread.java:750)
"IPC Server handler 6 on default port 38387" daemon prio=5 tid=1149 timed_waiting
java.lang.Thread.State: TIMED_WAITING
        at sun.misc.Unsafe.park(Native Method)
        at java.util.concurrent.locks.LockSupport.parkNanos(LockSupport.java:215)
        at java.util.concurrent.locks.AbstractQueuedSynchronizer$ConditionObject.awaitNanos(AbstractQueuedSynchronizer.java:2078)
        at java.util.concurrent.LinkedBlockingQueue.poll(LinkedBlockingQueue.java:467)
        at org.apache.hadoop.ipc.CallQueueManager.take(CallQueueManager.java:317)
        at org.apache.hadoop.ipc.Server$Handler.run(Server.java:2942)
"BlockDeletingService#1" daemon prio=5 tid=1415 timed_waiting
java.lang.Thread.State: TIMED_WAITING
        at sun.misc.Unsafe.park(Native Method)
        at java.util.concurrent.locks.LockSupport.parkNanos(LockSupport.java:215)
        at java.util.concurrent.locks.AbstractQueuedSynchronizer$ConditionObject.awaitNanos(AbstractQueuedSynchronizer.java:2078)
        at java.util.concurrent.ScheduledThreadPoolExecutor$DelayedWorkQueue.take(ScheduledThreadPoolExecutor.java:1093)
        at java.util.concurrent.ScheduledThreadPoolExecutor$DelayedWorkQueue.take(ScheduledThreadPoolExecutor.java:809)
        at java.util.concurrent.ThreadPoolExecutor.getTask(ThreadPoolExecutor.java:1074)
        at java.util.concurrent.ThreadPoolExecutor.runWorker(ThreadPoolExecutor.java:1134)
        at java.util.concurrent.ThreadPoolExecutor$Worker.run(ThreadPoolExecutor.java:624)
        at java.lang.Thread.run(Thread.java:750)
"Datanode State Machine Task Thread - 1"  prio=5 tid=1404 in Object.wait()
java.lang.Thread.State: WAITING (on object monitor)
        at sun.misc.Unsafe.park(Native Method)
        at java.util.concurrent.locks.LockSupport.park(LockSupport.java:175)
        at java.util.concurrent.locks.AbstractQueuedSynchronizer$ConditionObject.await(AbstractQueuedSynchronizer.java:2039)
        at java.util.concurrent.LinkedBlockingQueue.take(LinkedBlockingQueue.java:442)
        at java.util.concurrent.ThreadPoolExecutor.getTask(ThreadPoolExecutor.java:1074)
        at java.util.concurrent.ThreadPoolExecutor.runWorker(ThreadPoolExecutor.java:1134)
        at java.util.concurrent.ThreadPoolExecutor$Worker.run(ThreadPoolExecutor.java:624)
        at java.lang.Thread.run(Thread.java:750)
"IPC Server handler 11 on default port 43615" daemon prio=5 tid=1174 timed_waiting
java.lang.Thread.State: TIMED_WAITING
        at sun.misc.Unsafe.park(Native Method)
        at java.util.concurrent.locks.LockSupport.parkNanos(LockSupport.java:215)
        at java.util.concurrent.locks.AbstractQueuedSynchronizer$ConditionObject.awaitNanos(AbstractQueuedSynchronizer.java:2078)
        at java.util.concurrent.LinkedBlockingQueue.poll(LinkedBlockingQueue.java:467)
        at org.apache.hadoop.ipc.CallQueueManager.take(CallQueueManager.java:317)
        at org.apache.hadoop.ipc.Server$Handler.run(Server.java:2942)
"StaleRecoveringContainerScrubbingService#0" daemon prio=5 tid=1462 in Object.wait()
java.lang.Thread.State: WAITING (on object monitor)
        at sun.misc.Unsafe.park(Native Method)
        at java.util.concurrent.locks.LockSupport.park(LockSupport.java:175)
        at java.util.concurrent.locks.AbstractQueuedSynchronizer$ConditionObject.await(AbstractQueuedSynchronizer.java:2039)
        at java.util.concurrent.ScheduledThreadPoolExecutor$DelayedWorkQueue.take(ScheduledThreadPoolExecutor.java:1088)
        at java.util.concurrent.ScheduledThreadPoolExecutor$DelayedWorkQueue.take(ScheduledThreadPoolExecutor.java:809)
        at java.util.concurrent.ThreadPoolExecutor.getTask(ThreadPoolExecutor.java:1074)
        at java.util.concurrent.ThreadPoolExecutor.runWorker(ThreadPoolExecutor.java:1134)
        at java.util.concurrent.ThreadPoolExecutor$Worker.run(ThreadPoolExecutor.java:624)
        at java.lang.Thread.run(Thread.java:750)
"ChunkWriter-0-0" daemon prio=5 tid=1443 in Object.wait()
java.lang.Thread.State: WAITING (on object monitor)
        at sun.misc.Unsafe.park(Native Method)
        at java.util.concurrent.locks.LockSupport.park(LockSupport.java:175)
        at java.util.concurrent.locks.AbstractQueuedSynchronizer$ConditionObject.await(AbstractQueuedSynchronizer.java:2039)
        at java.util.concurrent.LinkedBlockingDeque.takeFirst(LinkedBlockingDeque.java:492)
        at java.util.concurrent.LinkedBlockingDeque.take(LinkedBlockingDeque.java:680)
        at java.util.concurrent.ThreadPoolExecutor.getTask(ThreadPoolExecutor.java:1074)
        at java.util.concurrent.ThreadPoolExecutor.runWorker(ThreadPoolExecutor.java:1134)
        at java.util.concurrent.ThreadPoolExecutor$Worker.run(ThreadPoolExecutor.java:624)
        at java.lang.Thread.run(Thread.java:750)
"qtp305488370-1284" daemon prio=5 tid=1284 timed_waiting
java.lang.Thread.State: TIMED_WAITING
        at sun.misc.Unsafe.park(Native Method)
        at java.util.concurrent.locks.LockSupport.parkNanos(LockSupport.java:215)
        at java.util.concurrent.locks.AbstractQueuedSynchronizer$ConditionObject.awaitNanos(AbstractQueuedSynchronizer.java:2078)
        at org.eclipse.jetty.util.BlockingArrayQueue.poll(BlockingArrayQueue.java:382)
        at org.eclipse.jetty.util.thread.QueuedThreadPool$Runner.idleJobPoll(QueuedThreadPool.java:974)
        at org.eclipse.jetty.util.thread.QueuedThreadPool$Runner.run(QueuedThreadPool.java:1018)
        at java.lang.Thread.run(Thread.java:750)
"Reference Handler" daemon prio=10 tid=2 in Object.wait()
java.lang.Thread.State: WAITING (on object monitor)
        at java.lang.Object.wait(Native Method)
        at java.lang.Object.wait(Object.java:502)
        at java.lang.ref.Reference.tryHandlePending(Reference.java:191)
        at java.lang.ref.Reference$ReferenceHandler.run(Reference.java:153)
"Under Replicated Processor" daemon prio=5 tid=1095 timed_waiting
java.lang.Thread.State: TIMED_WAITING
        at java.lang.Object.wait(Native Method)
        at org.apache.hadoop.hdds.scm.container.replication.UnderReplicatedProcessor.run(UnderReplicatedProcessor.java:148)
        at java.lang.Thread.run(Thread.java:750)
"org.apache.hadoop.util.JvmPauseMonitor$Monitor@41bf289d" daemon prio=5 tid=1322 timed_waiting
java.lang.Thread.State: TIMED_WAITING
        at java.lang.Thread.sleep(Native Method)
        at org.apache.hadoop.util.JvmPauseMonitor$Monitor.run(JvmPauseMonitor.java:192)
        at java.lang.Thread.run(Thread.java:750)
"Datanode ReportManager Thread - 3" daemon prio=5 tid=1373 in Object.wait()
java.lang.Thread.State: WAITING (on object monitor)
        at sun.misc.Unsafe.park(Native Method)
        at java.util.concurrent.locks.LockSupport.park(LockSupport.java:175)
        at java.util.concurrent.locks.AbstractQueuedSynchronizer$ConditionObject.await(AbstractQueuedSynchronizer.java:2039)
        at java.util.concurrent.ScheduledThreadPoolExecutor$DelayedWorkQueue.take(ScheduledThreadPoolExecutor.java:1088)
        at java.util.concurrent.ScheduledThreadPoolExecutor$DelayedWorkQueue.take(ScheduledThreadPoolExecutor.java:809)
        at java.util.concurrent.ThreadPoolExecutor.getTask(ThreadPoolExecutor.java:1074)
        at java.util.concurrent.ThreadPoolExecutor.runWorker(ThreadPoolExecutor.java:1134)
        at java.util.concurrent.ThreadPoolExecutor$Worker.run(ThreadPoolExecutor.java:624)
        at java.lang.Thread.run(Thread.java:750)
"junit-jupiter-timeout-watcher"  prio=10 tid=12 timed_waiting
java.lang.Thread.State: TIMED_WAITING
        at sun.misc.Unsafe.park(Native Method)
        at java.util.concurrent.locks.LockSupport.parkNanos(LockSupport.java:215)
        at java.util.concurrent.locks.AbstractQueuedSynchronizer$ConditionObject.awaitNanos(AbstractQueuedSynchronizer.java:2078)
        at java.util.concurrent.ScheduledThreadPoolExecutor$DelayedWorkQueue.take(ScheduledThreadPoolExecutor.java:1093)
        at java.util.concurrent.ScheduledThreadPoolExecutor$DelayedWorkQueue.take(ScheduledThreadPoolExecutor.java:809)
        at java.util.concurrent.ThreadPoolExecutor.getTask(ThreadPoolExecutor.java:1074)
        at java.util.concurrent.ThreadPoolExecutor.runWorker(ThreadPoolExecutor.java:1134)
        at java.util.concurrent.ThreadPoolExecutor$Worker.run(ThreadPoolExecutor.java:624)
        at java.lang.Thread.run(Thread.java:750)
"EventQueue-PipelineReportForOneReplicaPipelineSafeModeRule" daemon prio=5 tid=1481 in Object.wait()
java.lang.Thread.State: WAITING (on object monitor)
        at sun.misc.Unsafe.park(Native Method)
        at java.util.concurrent.locks.LockSupport.park(LockSupport.java:175)
        at java.util.concurrent.locks.AbstractQueuedSynchronizer$ConditionObject.await(AbstractQueuedSynchronizer.java:2039)
        at java.util.concurrent.LinkedBlockingQueue.take(LinkedBlockingQueue.java:442)
        at java.util.concurrent.ThreadPoolExecutor.getTask(ThreadPoolExecutor.java:1074)
        at java.util.concurrent.ThreadPoolExecutor.runWorker(ThreadPoolExecutor.java:1134)
        at java.util.concurrent.ThreadPoolExecutor$Worker.run(ThreadPoolExecutor.java:624)
        at java.lang.Thread.run(Thread.java:750)
"pool-567-thread-1"  prio=5 tid=1490 in Object.wait()
java.lang.Thread.State: WAITING (on object monitor)
        at sun.misc.Unsafe.park(Native Method)
        at java.util.concurrent.locks.LockSupport.park(LockSupport.java:175)
        at java.util.concurrent.locks.AbstractQueuedSynchronizer$ConditionObject.await(AbstractQueuedSynchronizer.java:2039)
        at java.util.concurrent.LinkedBlockingQueue.take(LinkedBlockingQueue.java:442)
        at java.util.concurrent.ThreadPoolExecutor.getTask(ThreadPoolExecutor.java:1074)
        at java.util.concurrent.ThreadPoolExecutor.runWorker(ThreadPoolExecutor.java:1134)
        at java.util.concurrent.ThreadPoolExecutor$Worker.run(ThreadPoolExecutor.java:624)
        at java.lang.Thread.run(Thread.java:750)
"5580caa2-355e-4705-b703-b3b115bf5f47@group-E7106E4C0F9A-SegmentedRaftLogWorker"  prio=5 tid=1526 timed_waiting
java.lang.Thread.State: TIMED_WAITING
        at sun.misc.Unsafe.park(Native Method)
        at java.util.concurrent.locks.LockSupport.parkNanos(LockSupport.java:215)
        at java.util.concurrent.locks.AbstractQueuedSynchronizer$ConditionObject.awaitNanos(AbstractQueuedSynchronizer.java:2078)
        at org.apache.ratis.util.DataBlockingQueue.poll(DataBlockingQueue.java:148)
        at org.apache.ratis.server.raftlog.segmented.SegmentedRaftLogWorker.run(SegmentedRaftLogWorker.java:310)
        at org.apache.ratis.server.raftlog.segmented.SegmentedRaftLogWorker$$Lambda$689/960154446.run(Unknown Source)
        at java.lang.Thread.run(Thread.java:750)
"JvmPauseMonitor15" daemon prio=5 tid=1447 timed_waiting
java.lang.Thread.State: TIMED_WAITING
        at java.lang.Thread.sleep(Native Method)
        at java.lang.Thread.sleep(Thread.java:342)
        at java.util.concurrent.TimeUnit.sleep(TimeUnit.java:386)
        at org.apache.ratis.util.TimeDuration.sleep(TimeDuration.java:325)
        at org.apache.ratis.util.TimeDuration.sleep(TimeDuration.java:310)
        at org.apache.ratis.util.JvmPauseMonitor.detectPause(JvmPauseMonitor.java:119)
        at org.apache.ratis.util.JvmPauseMonitor.run(JvmPauseMonitor.java:108)
        at org.apache.ratis.util.JvmPauseMonitor$$Lambda$730/107283225.run(Unknown Source)
        at java.lang.Thread.run(Thread.java:750)
"FixedThreadPoolWithAffinityExecutor-9-0" daemon prio=5 tid=1119 timed_waiting
java.lang.Thread.State: TIMED_WAITING
        at sun.misc.Unsafe.park(Native Method)
        at java.util.concurrent.locks.LockSupport.parkNanos(LockSupport.java:215)
        at java.util.concurrent.locks.AbstractQueuedSynchronizer$ConditionObject.awaitNanos(AbstractQueuedSynchronizer.java:2078)
        at java.util.concurrent.LinkedBlockingQueue.poll(LinkedBlockingQueue.java:467)
        at org.apache.hadoop.hdds.scm.server.ContainerReportQueue.poll(ContainerReportQueue.java:266)
        at org.apache.hadoop.hdds.scm.server.ContainerReportQueue.poll(ContainerReportQueue.java:42)
        at org.apache.hadoop.hdds.server.events.FixedThreadPoolWithAffinityExecutor$ContainerReportProcessTask.run(FixedThreadPoolWithAffinityExecutor.java:218)
        at java.util.concurrent.Executors$RunnableAdapter.call(Executors.java:511)
        at java.util.concurrent.FutureTask.run(FutureTask.java:266)
        at java.util.concurrent.ThreadPoolExecutor.runWorker(ThreadPoolExecutor.java:1149)
        at java.util.concurrent.ThreadPoolExecutor$Worker.run(ThreadPoolExecutor.java:624)
        at java.lang.Thread.run(Thread.java:750)
"timer3" daemon prio=5 tid=532 timed_waiting
java.lang.Thread.State: TIMED_WAITING
        at java.lang.Object.wait(Native Method)
        at java.util.TimerThread.mainLoop(Timer.java:552)
        at java.util.TimerThread.run(Timer.java:505)
"IPC Server handler 9 on default port 43615" daemon prio=5 tid=1172 timed_waiting
java.lang.Thread.State: TIMED_WAITING
        at sun.misc.Unsafe.park(Native Method)
        at java.util.concurrent.locks.LockSupport.parkNanos(LockSupport.java:215)
        at java.util.concurrent.locks.AbstractQueuedSynchronizer$ConditionObject.awaitNanos(AbstractQueuedSynchronizer.java:2078)
        at java.util.concurrent.LinkedBlockingQueue.poll(LinkedBlockingQueue.java:467)
        at org.apache.hadoop.ipc.CallQueueManager.take(CallQueueManager.java:317)
        at org.apache.hadoop.ipc.Server$Handler.run(Server.java:2942)
"Datanode ReportManager Thread - 3" daemon prio=5 tid=1267 in Object.wait()
java.lang.Thread.State: WAITING (on object monitor)
        at sun.misc.Unsafe.park(Native Method)
        at java.util.concurrent.locks.LockSupport.park(LockSupport.java:175)
        at java.util.concurrent.locks.AbstractQueuedSynchronizer$ConditionObject.await(AbstractQueuedSynchronizer.java:2039)
        at java.util.concurrent.ScheduledThreadPoolExecutor$DelayedWorkQueue.take(ScheduledThreadPoolExecutor.java:1088)
        at java.util.concurrent.ScheduledThreadPoolExecutor$DelayedWorkQueue.take(ScheduledThreadPoolExecutor.java:809)
        at java.util.concurrent.ThreadPoolExecutor.getTask(ThreadPoolExecutor.java:1074)
        at java.util.concurrent.ThreadPoolExecutor.runWorker(ThreadPoolExecutor.java:1134)
        at java.util.concurrent.ThreadPoolExecutor$Worker.run(ThreadPoolExecutor.java:624)
        at java.lang.Thread.run(Thread.java:750)
"org.apache.hadoop.ozone.container.common.statemachine.commandhandler.DeleteBlocksCommandHandler$DeleteCmdWorker@f4e99dd" daemon prio=5 tid=1278 timed_waiting
java.lang.Thread.State: TIMED_WAITING
        at java.lang.Thread.sleep(Native Method)
        at org.apache.hadoop.ozone.container.common.statemachine.commandhandler.DeleteBlocksCommandHandler$DeleteCmdWorker.run(DeleteBlocksCommandHandler.java:184)
        at java.lang.Thread.run(Thread.java:750)
"BlockDeletingService#1" daemon prio=5 tid=1451 timed_waiting
java.lang.Thread.State: TIMED_WAITING
        at sun.misc.Unsafe.park(Native Method)
        at java.util.concurrent.locks.LockSupport.parkNanos(LockSupport.java:215)
        at java.util.concurrent.locks.AbstractQueuedSynchronizer$ConditionObject.awaitNanos(AbstractQueuedSynchronizer.java:2078)
        at java.util.concurrent.ScheduledThreadPoolExecutor$DelayedWorkQueue.take(ScheduledThreadPoolExecutor.java:1093)
        at java.util.concurrent.ScheduledThreadPoolExecutor$DelayedWorkQueue.take(ScheduledThreadPoolExecutor.java:809)
        at java.util.concurrent.ThreadPoolExecutor.getTask(ThreadPoolExecutor.java:1074)
        at java.util.concurrent.ThreadPoolExecutor.runWorker(ThreadPoolExecutor.java:1134)
        at java.util.concurrent.ThreadPoolExecutor$Worker.run(ThreadPoolExecutor.java:624)
        at java.lang.Thread.run(Thread.java:750)
"IPC Server Responder" daemon prio=5 tid=1105 runnable
java.lang.Thread.State: RUNNABLE
        at sun.nio.ch.EPollArrayWrapper.epollWait(Native Method)
        at sun.nio.ch.EPollArrayWrapper.poll(EPollArrayWrapper.java:269)
        at sun.nio.ch.EPollSelectorImpl.doSelect(EPollSelectorImpl.java:93)
        at sun.nio.ch.SelectorImpl.lockAndDoSelect(SelectorImpl.java:86)
        at sun.nio.ch.SelectorImpl.select(SelectorImpl.java:97)
        at org.apache.hadoop.ipc.Server$Responder.doRunLoop(Server.java:1532)
        at org.apache.hadoop.ipc.Server$Responder.run(Server.java:1515)
"OM StateMachine ApplyTransaction Thread - 0" daemon prio=5 tid=1618 in Object.wait()
java.lang.Thread.State: WAITING (on object monitor)
        at sun.misc.Unsafe.park(Native Method)
        at java.util.concurrent.locks.LockSupport.park(LockSupport.java:175)
        at java.util.concurrent.locks.AbstractQueuedSynchronizer$ConditionObject.await(AbstractQueuedSynchronizer.java:2039)
        at java.util.concurrent.LinkedBlockingQueue.take(LinkedBlockingQueue.java:442)
        at java.util.concurrent.ThreadPoolExecutor.getTask(ThreadPoolExecutor.java:1074)
        at java.util.concurrent.ThreadPoolExecutor.runWorker(ThreadPoolExecutor.java:1134)
        at java.util.concurrent.ThreadPoolExecutor$Worker.run(ThreadPoolExecutor.java:624)
        at java.lang.Thread.run(Thread.java:750)
"grpc-default-executor-7" daemon prio=5 tid=1600 timed_waiting
java.lang.Thread.State: TIMED_WAITING
        at sun.misc.Unsafe.park(Native Method)
        at java.util.concurrent.locks.LockSupport.parkNanos(LockSupport.java:215)
        at java.util.concurrent.SynchronousQueue$TransferStack.awaitFulfill(SynchronousQueue.java:460)
        at java.util.concurrent.SynchronousQueue$TransferStack.transfer(SynchronousQueue.java:362)
        at java.util.concurrent.SynchronousQueue.poll(SynchronousQueue.java:941)
        at java.util.concurrent.ThreadPoolExecutor.getTask(ThreadPoolExecutor.java:1073)
        at java.util.concurrent.ThreadPoolExecutor.runWorker(ThreadPoolExecutor.java:1134)
        at java.util.concurrent.ThreadPoolExecutor$Worker.run(ThreadPoolExecutor.java:624)
        at java.lang.Thread.run(Thread.java:750)
"Command processor thread" daemon prio=5 tid=1269 timed_waiting
java.lang.Thread.State: TIMED_WAITING
        at java.lang.Thread.sleep(Native Method)
        at org.apache.hadoop.ozone.container.common.statemachine.DatanodeStateMachine.lambda$initCommandHandlerThread$3(DatanodeStateMachine.java:641)
        at org.apache.hadoop.ozone.container.common.statemachine.DatanodeStateMachine$$Lambda$817/1351828566.run(Unknown Source)
        at java.lang.Thread.run(Thread.java:750)
"qtp622955604-1260" daemon prio=5 tid=1260 timed_waiting
java.lang.Thread.State: TIMED_WAITING
        at sun.misc.Unsafe.park(Native Method)
        at java.util.concurrent.locks.LockSupport.parkNanos(LockSupport.java:215)
        at java.util.concurrent.locks.AbstractQueuedSynchronizer$ConditionObject.awaitNanos(AbstractQueuedSynchronizer.java:2078)
        at org.eclipse.jetty.util.BlockingArrayQueue.poll(BlockingArrayQueue.java:382)
        at org.eclipse.jetty.util.thread.QueuedThreadPool$Runner.idleJobPoll(QueuedThreadPool.java:974)
        at org.eclipse.jetty.util.thread.QueuedThreadPool$Runner.run(QueuedThreadPool.java:1018)
        at java.lang.Thread.run(Thread.java:750)
"e47c0d7c-1c57-43cf-a038-4c1ee28029c6@group-E7106E4C0F9A->0803b3f8-d7a7-4034-819c-d574a53cd8d2-GrpcLogAppender-LogAppenderDaemon" daemon prio=5 tid=1609 timed_waiting
java.lang.Thread.State: TIMED_WAITING
        at sun.misc.Unsafe.park(Native Method)
        at java.util.concurrent.locks.LockSupport.parkNanos(LockSupport.java:215)
        at java.util.concurrent.CompletableFuture$Signaller.block(CompletableFuture.java:1709)
        at java.util.concurrent.ForkJoinPool.managedBlock(ForkJoinPool.java:3323)
        at java.util.concurrent.CompletableFuture.timedGet(CompletableFuture.java:1788)
        at java.util.concurrent.CompletableFuture.get(CompletableFuture.java:1928)
        at org.apache.ratis.util.AwaitForSignal.await(AwaitForSignal.java:56)
        at org.apache.ratis.grpc.server.GrpcLogAppender.mayWait(GrpcLogAppender.java:198)
        at org.apache.ratis.grpc.server.GrpcLogAppender.run(GrpcLogAppender.java:148)
        at org.apache.ratis.server.leader.LogAppenderDaemon.run(LogAppenderDaemon.java:78)
        at org.apache.ratis.server.leader.LogAppenderDaemon$$Lambda$1068/1260551718.run(Unknown Source)
        at java.lang.Thread.run(Thread.java:750)
"om1@group-C5BA1605619E-StateMachineUpdater" daemon prio=5 tid=1209 timed_waiting
java.lang.Thread.State: TIMED_WAITING
        at sun.misc.Unsafe.park(Native Method)
        at java.util.concurrent.locks.LockSupport.parkNanos(LockSupport.java:215)
        at java.util.concurrent.CompletableFuture$Signaller.block(CompletableFuture.java:1709)
        at java.util.concurrent.ForkJoinPool.managedBlock(ForkJoinPool.java:3323)
        at java.util.concurrent.CompletableFuture.timedGet(CompletableFuture.java:1788)
        at java.util.concurrent.CompletableFuture.get(CompletableFuture.java:1928)
        at org.apache.ratis.util.AwaitForSignal.await(AwaitForSignal.java:56)
        at org.apache.ratis.server.impl.StateMachineUpdater.waitForCommit(StateMachineUpdater.java:207)
        at org.apache.ratis.server.impl.StateMachineUpdater.run(StateMachineUpdater.java:176)
        at java.lang.Thread.run(Thread.java:750)
"qtp305277801-1338" daemon prio=5 tid=1338 timed_waiting
java.lang.Thread.State: TIMED_WAITING
        at sun.misc.Unsafe.park(Native Method)
        at java.util.concurrent.locks.LockSupport.parkNanos(LockSupport.java:215)
        at java.util.concurrent.locks.AbstractQueuedSynchronizer$ConditionObject.awaitNanos(AbstractQueuedSynchronizer.java:2078)
        at org.eclipse.jetty.util.BlockingArrayQueue.poll(BlockingArrayQueue.java:382)
        at org.eclipse.jetty.util.thread.QueuedThreadPool$Runner.idleJobPoll(QueuedThreadPool.java:974)
        at org.eclipse.jetty.util.thread.QueuedThreadPool$Runner.run(QueuedThreadPool.java:1018)
        at java.lang.Thread.run(Thread.java:750)
"org.apache.hadoop.ozone.container.common.statemachine.commandhandler.DeleteBlocksCommandHandler$DeleteCmdWorker@780eaf3f" daemon prio=5 tid=1304 timed_waiting
java.lang.Thread.State: TIMED_WAITING
        at java.lang.Thread.sleep(Native Method)
        at org.apache.hadoop.ozone.container.common.statemachine.commandhandler.DeleteBlocksCommandHandler$DeleteCmdWorker.run(DeleteBlocksCommandHandler.java:184)
        at java.lang.Thread.run(Thread.java:750)
"StaleRecoveringContainerScrubbingService#1" daemon prio=5 tid=1452 timed_waiting
java.lang.Thread.State: TIMED_WAITING
        at sun.misc.Unsafe.park(Native Method)
        at java.util.concurrent.locks.LockSupport.parkNanos(LockSupport.java:215)
        at java.util.concurrent.locks.AbstractQueuedSynchronizer$ConditionObject.awaitNanos(AbstractQueuedSynchronizer.java:2078)
        at java.util.concurrent.ScheduledThreadPoolExecutor$DelayedWorkQueue.take(ScheduledThreadPoolExecutor.java:1093)
        at java.util.concurrent.ScheduledThreadPoolExecutor$DelayedWorkQueue.take(ScheduledThreadPoolExecutor.java:809)
        at java.util.concurrent.ThreadPoolExecutor.getTask(ThreadPoolExecutor.java:1074)
        at java.util.concurrent.ThreadPoolExecutor.runWorker(ThreadPoolExecutor.java:1134)
        at java.util.concurrent.ThreadPoolExecutor$Worker.run(ThreadPoolExecutor.java:624)
        at java.lang.Thread.run(Thread.java:750)
"Listener at 127.0.0.1/43083"  prio=5 tid=1 runnable
java.lang.Thread.State: RUNNABLE
        at java.lang.Thread.dumpThreads(Native Method)
        at java.lang.Thread.getAllStackTraces(Thread.java:1615)
        at org.apache.ozone.test.TimedOutTestsListener.buildThreadDump(TimedOutTestsListener.java:93)
        at org.apache.ozone.test.TimedOutTestsListener.buildThreadDiagnosticString(TimedOutTestsListener.java:79)
        at org.apache.ozone.test.GenericTestUtils.waitFor(GenericTestUtils.java:224)
        at org.apache.hadoop.hdds.scm.pipeline.TestRatisPipelineCreateAndDestroy.waitForPipelines(TestRatisPipelineCreateAndDestroy.java:179)
        at org.apache.hadoop.hdds.scm.pipeline.TestRatisPipelineCreateAndDestroy.testAutomaticPipelineCreationDisablingFactorONE(TestRatisPipelineCreateAndDestroy.java:118)
        at sun.reflect.NativeMethodAccessorImpl.invoke0(Native Method)
        at sun.reflect.NativeMethodAccessorImpl.invoke(NativeMethodAccessorImpl.java:62)
        at sun.reflect.DelegatingMethodAccessorImpl.invoke(DelegatingMethodAccessorImpl.java:43)
        at java.lang.reflect.Method.invoke(Method.java:498)
        at org.junit.platform.commons.util.ReflectionUtils.invokeMethod(ReflectionUtils.java:725)
        at org.junit.jupiter.engine.execution.MethodInvocation.proceed(MethodInvocation.java:60)
        at org.junit.jupiter.engine.execution.InvocationInterceptorChain$ValidatingInvocation.proceed(InvocationInterceptorChain.java:131)
        at org.junit.jupiter.engine.extension.TimeoutInvocation.proceed(TimeoutInvocation.java:46)
        at org.junit.jupiter.engine.extension.TimeoutExtension.intercept(TimeoutExtension.java:149)
        at org.junit.jupiter.engine.extension.TimeoutExtension.interceptTestableMethod(TimeoutExtension.java:140)
        at org.junit.jupiter.engine.extension.TimeoutExtension.interceptTestMethod(TimeoutExtension.java:84)
        at org.junit.jupiter.engine.descriptor.TestMethodTestDescriptor$$Lambda$158/1010931249.apply(Unknown Source)
        at org.junit.jupiter.engine.execution.ExecutableInvoker$ReflectiveInterceptorCall.lambda$ofVoidMethod$0(ExecutableInvoker.java:115)
        at org.junit.jupiter.engine.execution.ExecutableInvoker$ReflectiveInterceptorCall$$Lambda$159/1043208434.apply(Unknown Source)
        at org.junit.jupiter.engine.execution.ExecutableInvoker.lambda$invoke$0(ExecutableInvoker.java:105)
        at org.junit.jupiter.engine.execution.ExecutableInvoker$$Lambda$316/1353530305.apply(Unknown Source)
        at org.junit.jupiter.engine.execution.InvocationInterceptorChain$InterceptedInvocation.proceed(InvocationInterceptorChain.java:106)
        at org.junit.jupiter.engine.execution.InvocationInterceptorChain.proceed(InvocationInterceptorChain.java:64)
        at org.junit.jupiter.engine.execution.InvocationInterceptorChain.chainAndInvoke(InvocationInterceptorChain.java:45)
        at org.junit.jupiter.engine.execution.InvocationInterceptorChain.invoke(InvocationInterceptorChain.java:37)
        at org.junit.jupiter.engine.execution.ExecutableInvoker.invoke(ExecutableInvoker.java:104)
        at org.junit.jupiter.engine.execution.ExecutableInvoker.invoke(ExecutableInvoker.java:98)
        at org.junit.jupiter.engine.descriptor.TestMethodTestDescriptor.lambda$invokeTestMethod$7(TestMethodTestDescriptor.java:214)
        at org.junit.jupiter.engine.descriptor.TestMethodTestDescriptor$$Lambda$337/1193471756.execute(Unknown Source)
        at org.junit.platform.engine.support.hierarchical.ThrowableCollector.execute(ThrowableCollector.java:73)
        at org.junit.jupiter.engine.descriptor.TestMethodTestDescriptor.invokeTestMethod(TestMethodTestDescriptor.java:210)
        at org.junit.jupiter.engine.descriptor.TestMethodTestDescriptor.execute(TestMethodTestDescriptor.java:135)
        at org.junit.jupiter.engine.descriptor.TestMethodTestDescriptor.execute(TestMethodTestDescriptor.java:66)
        at org.junit.platform.engine.support.hierarchical.NodeTestTask.lambda$executeRecursively$6(NodeTestTask.java:151)
        at org.junit.platform.engine.support.hierarchical.NodeTestTask$$Lambda$258/1965237677.execute(Unknown Source)
        at org.junit.platform.engine.support.hierarchical.ThrowableCollector.execute(ThrowableCollector.java:73)
        at org.junit.platform.engine.support.hierarchical.NodeTestTask.lambda$executeRecursively$8(NodeTestTask.java:141)
        at org.junit.platform.engine.support.hierarchical.NodeTestTask$$Lambda$257/710708543.invoke(Unknown Source)
        at org.junit.platform.engine.support.hierarchical.Node.around(Node.java:137)
        at org.junit.platform.engine.support.hierarchical.NodeTestTask.lambda$executeRecursively$9(NodeTestTask.java:139)
        at org.junit.platform.engine.support.hierarchical.NodeTestTask$$Lambda$256/2056031695.execute(Unknown Source)
        at org.junit.platform.engine.support.hierarchical.ThrowableCollector.execute(ThrowableCollector.java:73)
        at org.junit.platform.engine.support.hierarchical.NodeTestTask.executeRecursively(NodeTestTask.java:138)
        at org.junit.platform.engine.support.hierarchical.NodeTestTask.execute(NodeTestTask.java:95)
        at org.junit.platform.engine.support.hierarchical.SameThreadHierarchicalTestExecutorService$$Lambda$262/1709804316.accept(Unknown Source)
        at java.util.ArrayList.forEach(ArrayList.java:1259)
        at org.junit.platform.engine.support.hierarchical.SameThreadHierarchicalTestExecutorService.invokeAll(SameThreadHierarchicalTestExecutorService.java:41)
        at org.junit.platform.engine.support.hierarchical.NodeTestTask.lambda$executeRecursively$6(NodeTestTask.java:155)
        at org.junit.platform.engine.support.hierarchical.NodeTestTask$$Lambda$258/1965237677.execute(Unknown Source)
        at org.junit.platform.engine.support.hierarchical.ThrowableCollector.execute(ThrowableCollector.java:73)
        at org.junit.platform.engine.support.hierarchical.NodeTestTask.lambda$executeRecursively$8(NodeTestTask.java:141)
        at org.junit.platform.engine.support.hierarchical.NodeTestTask$$Lambda$257/710708543.invoke(Unknown Source)
        at org.junit.platform.engine.support.hierarchical.Node.around(Node.java:137)
        at org.junit.platform.engine.support.hierarchical.NodeTestTask.lambda$executeRecursively$9(NodeTestTask.java:139)
        at org.junit.platform.engine.support.hierarchical.NodeTestTask$$Lambda$256/2056031695.execute(Unknown Source)
        at org.junit.platform.engine.support.hierarchical.ThrowableCollector.execute(ThrowableCollector.java:73)
        at org.junit.platform.engine.support.hierarchical.NodeTestTask.executeRecursively(NodeTestTask.java:138)
        at org.junit.platform.engine.support.hierarchical.NodeTestTask.execute(NodeTestTask.java:95)
        at org.junit.platform.engine.support.hierarchical.SameThreadHierarchicalTestExecutorService$$Lambda$262/1709804316.accept(Unknown Source)
        at java.util.ArrayList.forEach(ArrayList.java:1259)
        at org.junit.platform.engine.support.hierarchical.SameThreadHierarchicalTestExecutorService.invokeAll(SameThreadHierarchicalTestExecutorService.java:41)
        at org.junit.platform.engine.support.hierarchical.NodeTestTask.lambda$executeRecursively$6(NodeTestTask.java:155)
        at org.junit.platform.engine.support.hierarchical.NodeTestTask$$Lambda$258/1965237677.execute(Unknown Source)
        at org.junit.platform.engine.support.hierarchical.ThrowableCollector.execute(ThrowableCollector.java:73)
        at org.junit.platform.engine.support.hierarchical.NodeTestTask.lambda$executeRecursively$8(NodeTestTask.java:141)
        at org.junit.platform.engine.support.hierarchical.NodeTestTask$$Lambda$257/710708543.invoke(Unknown Source)
        at org.junit.platform.engine.support.hierarchical.Node.around(Node.java:137)
        at org.junit.platform.engine.support.hierarchical.NodeTestTask.lambda$executeRecursively$9(NodeTestTask.java:139)
        at org.junit.platform.engine.support.hierarchical.NodeTestTask$$Lambda$256/2056031695.execute(Unknown Source)
        at org.junit.platform.engine.support.hierarchical.ThrowableCollector.execute(ThrowableCollector.java:73)
        at org.junit.platform.engine.support.hierarchical.NodeTestTask.executeRecursively(NodeTestTask.java:138)
        at org.junit.platform.engine.support.hierarchical.NodeTestTask.execute(NodeTestTask.java:95)
        at org.junit.platform.engine.support.hierarchical.SameThreadHierarchicalTestExecutorService.submit(SameThreadHierarchicalTestExecutorService.java:35)
        at org.junit.platform.engine.support.hierarchical.HierarchicalTestExecutor.execute(HierarchicalTestExecutor.java:57)
        at org.junit.platform.engine.support.hierarchical.HierarchicalTestEngine.execute(HierarchicalTestEngine.java:54)
        at org.junit.platform.launcher.core.EngineExecutionOrchestrator.execute(EngineExecutionOrchestrator.java:107)
        at org.junit.platform.launcher.core.EngineExecutionOrchestrator.execute(EngineExecutionOrchestrator.java:88)
        at org.junit.platform.launcher.core.EngineExecutionOrchestrator.lambda$execute$0(EngineExecutionOrchestrator.java:54)
        at org.junit.platform.launcher.core.EngineExecutionOrchestrator$$Lambda$214/1321530272.accept(Unknown Source)
        at org.junit.platform.launcher.core.EngineExecutionOrchestrator.withInterceptedStreams(EngineExecutionOrchestrator.java:67)
        at org.junit.platform.launcher.core.EngineExecutionOrchestrator.execute(EngineExecutionOrchestrator.java:52)
        at org.junit.platform.launcher.core.DefaultLauncher.execute(DefaultLauncher.java:114)
        at org.junit.platform.launcher.core.DefaultLauncher.execute(DefaultLauncher.java:86)
        at org.junit.platform.launcher.core.DefaultLauncherSession$DelegatingLauncher.execute(DefaultLauncherSession.java:86)
        at org.junit.platform.launcher.core.SessionPerRequestLauncher.execute(SessionPerRequestLauncher.java:53)
        at org.apache.maven.surefire.junitplatform.JUnitPlatformProvider.execute(JUnitPlatformProvider.java:188)
        at org.apache.maven.surefire.junitplatform.JUnitPlatformProvider.invokeAllTests(JUnitPlatformProvider.java:154)
        at org.apache.maven.surefire.junitplatform.JUnitPlatformProvider.invoke(JUnitPlatformProvider.java:124)
        at org.apache.maven.surefire.booter.ForkedBooter.runSuitesInProcess(ForkedBooter.java:428)
        at org.apache.maven.surefire.booter.ForkedBooter.execute(ForkedBooter.java:162)
        at org.apache.maven.surefire.booter.ForkedBooter.run(ForkedBooter.java:562)
        at org.apache.maven.surefire.booter.ForkedBooter.main(ForkedBooter.java:548)
"Datanode ReportManager Thread - 1" daemon prio=5 tid=1291 in Object.wait()
java.lang.Thread.State: WAITING (on object monitor)
        at sun.misc.Unsafe.park(Native Method)
        at java.util.concurrent.locks.LockSupport.park(LockSupport.java:175)
        at java.util.concurrent.locks.AbstractQueuedSynchronizer$ConditionObject.await(AbstractQueuedSynchronizer.java:2039)
        at java.util.concurrent.ScheduledThreadPoolExecutor$DelayedWorkQueue.take(ScheduledThreadPoolExecutor.java:1088)
        at java.util.concurrent.ScheduledThreadPoolExecutor$DelayedWorkQueue.take(ScheduledThreadPoolExecutor.java:809)
        at java.util.concurrent.ThreadPoolExecutor.getTask(ThreadPoolExecutor.java:1074)
        at java.util.concurrent.ThreadPoolExecutor.runWorker(ThreadPoolExecutor.java:1134)
        at java.util.concurrent.ThreadPoolExecutor$Worker.run(ThreadPoolExecutor.java:624)
        at java.lang.Thread.run(Thread.java:750)
"pool-652-thread-1" daemon prio=5 tid=1381 timed_waiting
java.lang.Thread.State: TIMED_WAITING
        at sun.misc.Unsafe.park(Native Method)
        at java.util.concurrent.locks.LockSupport.parkNanos(LockSupport.java:215)
        at java.util.concurrent.locks.AbstractQueuedSynchronizer$ConditionObject.awaitNanos(AbstractQueuedSynchronizer.java:2078)
        at java.util.concurrent.ScheduledThreadPoolExecutor$DelayedWorkQueue.take(ScheduledThreadPoolExecutor.java:1093)
        at java.util.concurrent.ScheduledThreadPoolExecutor$DelayedWorkQueue.take(ScheduledThreadPoolExecutor.java:809)
        at java.util.concurrent.ThreadPoolExecutor.getTask(ThreadPoolExecutor.java:1074)
        at java.util.concurrent.ThreadPoolExecutor.runWorker(ThreadPoolExecutor.java:1134)
        at java.util.concurrent.ThreadPoolExecutor$Worker.run(ThreadPoolExecutor.java:624)
        at java.lang.Thread.run(Thread.java:750)
"BlockDeletingService#0" daemon prio=5 tid=1473 in Object.wait()
java.lang.Thread.State: WAITING (on object monitor)
        at sun.misc.Unsafe.park(Native Method)
        at java.util.concurrent.locks.LockSupport.park(LockSupport.java:175)
        at java.util.concurrent.locks.AbstractQueuedSynchronizer$ConditionObject.await(AbstractQueuedSynchronizer.java:2039)
        at java.util.concurrent.ScheduledThreadPoolExecutor$DelayedWorkQueue.take(ScheduledThreadPoolExecutor.java:1088)
        at java.util.concurrent.ScheduledThreadPoolExecutor$DelayedWorkQueue.take(ScheduledThreadPoolExecutor.java:809)
        at java.util.concurrent.ThreadPoolExecutor.getTask(ThreadPoolExecutor.java:1074)
        at java.util.concurrent.ThreadPoolExecutor.runWorker(ThreadPoolExecutor.java:1134)
        at java.util.concurrent.ThreadPoolExecutor$Worker.run(ThreadPoolExecutor.java:624)
        at java.lang.Thread.run(Thread.java:750)
"IPC Server handler 8 on default port 43083" daemon prio=5 tid=1233 timed_waiting
java.lang.Thread.State: TIMED_WAITING
        at sun.misc.Unsafe.park(Native Method)
        at java.util.concurrent.locks.LockSupport.parkNanos(LockSupport.java:215)
        at java.util.concurrent.locks.AbstractQueuedSynchronizer$ConditionObject.awaitNanos(AbstractQueuedSynchronizer.java:2078)
        at java.util.concurrent.LinkedBlockingQueue.poll(LinkedBlockingQueue.java:467)
        at org.apache.hadoop.ipc.CallQueueManager.take(CallQueueManager.java:317)
        at org.apache.hadoop.ipc.Server$Handler.run(Server.java:2942)
"0803b3f8-d7a7-4034-819c-d574a53cd8d2@group-E7106E4C0F9A-FollowerState" daemon prio=5 tid=1610 timed_waiting
java.lang.Thread.State: TIMED_WAITING
        at java.lang.Thread.sleep(Native Method)
        at java.lang.Thread.sleep(Thread.java:342)
        at java.util.concurrent.TimeUnit.sleep(TimeUnit.java:386)
        at org.apache.ratis.util.TimeDuration.sleep(TimeDuration.java:325)
        at org.apache.ratis.util.TimeDuration.sleep(TimeDuration.java:310)
        at org.apache.ratis.server.impl.FollowerState.run(FollowerState.java:128)
"pool-402-thread-1"  prio=5 tid=1013 in Object.wait()
java.lang.Thread.State: WAITING (on object monitor)
        at sun.misc.Unsafe.park(Native Method)
        at java.util.concurrent.locks.LockSupport.park(LockSupport.java:175)
        at java.util.concurrent.locks.AbstractQueuedSynchronizer$ConditionObject.await(AbstractQueuedSynchronizer.java:2039)
        at java.util.concurrent.LinkedBlockingQueue.take(LinkedBlockingQueue.java:442)
        at java.util.concurrent.ThreadPoolExecutor.getTask(ThreadPoolExecutor.java:1074)
        at java.util.concurrent.ThreadPoolExecutor.runWorker(ThreadPoolExecutor.java:1134)
        at java.util.concurrent.ThreadPoolExecutor$Worker.run(ThreadPoolExecutor.java:624)
        at java.lang.Thread.run(Thread.java:750)
"qtp209985187-1192" daemon prio=5 tid=1192 timed_waiting
java.lang.Thread.State: TIMED_WAITING
        at sun.misc.Unsafe.park(Native Method)
        at java.util.concurrent.locks.LockSupport.parkNanos(LockSupport.java:215)
        at java.util.concurrent.locks.AbstractQueuedSynchronizer$ConditionObject.awaitNanos(AbstractQueuedSynchronizer.java:2078)
        at org.eclipse.jetty.util.BlockingArrayQueue.poll(BlockingArrayQueue.java:382)
        at org.eclipse.jetty.util.thread.QueuedThreadPool$Runner.idleJobPoll(QueuedThreadPool.java:974)
        at org.eclipse.jetty.util.thread.QueuedThreadPool$Runner.run(QueuedThreadPool.java:1018)
        at java.lang.Thread.run(Thread.java:750)
"EventQueue-DatanodeCommandForSCMNodeManager"  prio=5 tid=1482 in Object.wait()
java.lang.Thread.State: WAITING (on object monitor)
        at sun.misc.Unsafe.park(Native Method)
        at java.util.concurrent.locks.LockSupport.park(LockSupport.java:175)
        at java.util.concurrent.locks.AbstractQueuedSynchronizer$ConditionObject.await(AbstractQueuedSynchronizer.java:2039)
        at java.util.concurrent.LinkedBlockingQueue.take(LinkedBlockingQueue.java:442)
        at java.util.concurrent.ThreadPoolExecutor.getTask(ThreadPoolExecutor.java:1074)
        at java.util.concurrent.ThreadPoolExecutor.runWorker(ThreadPoolExecutor.java:1134)
        at java.util.concurrent.ThreadPoolExecutor$Worker.run(ThreadPoolExecutor.java:624)
        at java.lang.Thread.run(Thread.java:750)
"Session-HouseKeeper-187573ad-1"  prio=5 tid=1262 timed_waiting
java.lang.Thread.State: TIMED_WAITING
        at sun.misc.Unsafe.park(Native Method)
        at java.util.concurrent.locks.LockSupport.parkNanos(LockSupport.java:215)
        at java.util.concurrent.locks.AbstractQueuedSynchronizer$ConditionObject.awaitNanos(AbstractQueuedSynchronizer.java:2078)
        at java.util.concurrent.ScheduledThreadPoolExecutor$DelayedWorkQueue.take(ScheduledThreadPoolExecutor.java:1093)
        at java.util.concurrent.ScheduledThreadPoolExecutor$DelayedWorkQueue.take(ScheduledThreadPoolExecutor.java:809)
        at java.util.concurrent.ThreadPoolExecutor.getTask(ThreadPoolExecutor.java:1074)
        at java.util.concurrent.ThreadPoolExecutor.runWorker(ThreadPoolExecutor.java:1134)
        at java.util.concurrent.ThreadPoolExecutor$Worker.run(ThreadPoolExecutor.java:624)
        at java.lang.Thread.run(Thread.java:750)
"Signal Dispatcher" daemon prio=9 tid=4 runnable
java.lang.Thread.State: RUNNABLE
"qtp761298760-1391" daemon prio=5 tid=1391 timed_waiting
java.lang.Thread.State: TIMED_WAITING
        at sun.misc.Unsafe.park(Native Method)
        at java.util.concurrent.locks.LockSupport.parkNanos(LockSupport.java:215)
        at java.util.concurrent.locks.AbstractQueuedSynchronizer$ConditionObject.awaitNanos(AbstractQueuedSynchronizer.java:2078)
        at org.eclipse.jetty.util.BlockingArrayQueue.poll(BlockingArrayQueue.java:382)
        at org.eclipse.jetty.util.thread.QueuedThreadPool$Runner.idleJobPoll(QueuedThreadPool.java:974)
        at org.eclipse.jetty.util.thread.QueuedThreadPool$Runner.run(QueuedThreadPool.java:1018)
        at java.lang.Thread.run(Thread.java:750)
"BackgroundPipelineScrubberThread" daemon prio=5 tid=1092 timed_waiting
java.lang.Thread.State: TIMED_WAITING
        at java.lang.Object.wait(Native Method)
        at org.apache.hadoop.hdds.scm.ha.BackgroundSCMService.run(BackgroundSCMService.java:110)
        at org.apache.hadoop.hdds.scm.ha.BackgroundSCMService$$Lambda$396/650777250.run(Unknown Source)
        at java.lang.Thread.run(Thread.java:750)
"FixedThreadPoolWithAffinityExecutor-0-0" daemon prio=5 tid=1110 timed_waiting
java.lang.Thread.State: TIMED_WAITING
        at sun.misc.Unsafe.park(Native Method)
        at java.util.concurrent.locks.LockSupport.parkNanos(LockSupport.java:215)
        at java.util.concurrent.locks.AbstractQueuedSynchronizer$ConditionObject.awaitNanos(AbstractQueuedSynchronizer.java:2078)
        at java.util.concurrent.LinkedBlockingQueue.poll(LinkedBlockingQueue.java:467)
        at org.apache.hadoop.hdds.scm.server.ContainerReportQueue.poll(ContainerReportQueue.java:266)
        at org.apache.hadoop.hdds.scm.server.ContainerReportQueue.poll(ContainerReportQueue.java:42)
        at org.apache.hadoop.hdds.server.events.FixedThreadPoolWithAffinityExecutor$ContainerReportProcessTask.run(FixedThreadPoolWithAffinityExecutor.java:218)
        at java.util.concurrent.Executors$RunnableAdapter.call(Executors.java:511)
        at java.util.concurrent.FutureTask.run(FutureTask.java:266)
        at java.util.concurrent.ThreadPoolExecutor.runWorker(ThreadPoolExecutor.java:1149)
        at java.util.concurrent.ThreadPoolExecutor$Worker.run(ThreadPoolExecutor.java:624)
        at java.lang.Thread.run(Thread.java:750)
"Datanode ReportManager Thread - 2" daemon prio=5 tid=1398 in Object.wait()
java.lang.Thread.State: WAITING (on object monitor)
        at sun.misc.Unsafe.park(Native Method)
        at java.util.concurrent.locks.LockSupport.park(LockSupport.java:175)
        at java.util.concurrent.locks.AbstractQueuedSynchronizer$ConditionObject.await(AbstractQueuedSynchronizer.java:2039)
        at java.util.concurrent.ScheduledThreadPoolExecutor$DelayedWorkQueue.take(ScheduledThreadPoolExecutor.java:1088)
        at java.util.concurrent.ScheduledThreadPoolExecutor$DelayedWorkQueue.take(ScheduledThreadPoolExecutor.java:809)
        at java.util.concurrent.ThreadPoolExecutor.getTask(ThreadPoolExecutor.java:1074)
        at java.util.concurrent.ThreadPoolExecutor.runWorker(ThreadPoolExecutor.java:1134)
        at java.util.concurrent.ThreadPoolExecutor$Worker.run(ThreadPoolExecutor.java:624)
        at java.lang.Thread.run(Thread.java:750)
"org.apache.hadoop.ozone.container.common.statemachine.commandhandler.DeleteBlocksCommandHandler$DeleteCmdWorker@42e5c090" daemon prio=5 tid=1252 timed_waiting
java.lang.Thread.State: TIMED_WAITING
        at java.lang.Thread.sleep(Native Method)
        at org.apache.hadoop.ozone.container.common.statemachine.commandhandler.DeleteBlocksCommandHandler$DeleteCmdWorker.run(DeleteBlocksCommandHandler.java:184)
        at java.lang.Thread.run(Thread.java:750)
"ChunkReader-ELG-0" daemon prio=5 tid=1472 runnable
java.lang.Thread.State: RUNNABLE
        at org.apache.ratis.thirdparty.io.netty.channel.epoll.Native.epollWait(Native Method)
        at org.apache.ratis.thirdparty.io.netty.channel.epoll.Native.epollWait(Native.java:209)
        at org.apache.ratis.thirdparty.io.netty.channel.epoll.Native.epollWait(Native.java:202)
        at org.apache.ratis.thirdparty.io.netty.channel.epoll.EpollEventLoop.epollWaitNoTimerChange(EpollEventLoop.java:294)
        at org.apache.ratis.thirdparty.io.netty.channel.epoll.EpollEventLoop.run(EpollEventLoop.java:351)
        at org.apache.ratis.thirdparty.io.netty.util.concurrent.SingleThreadEventExecutor$4.run(SingleThreadEventExecutor.java:995)
        at org.apache.ratis.thirdparty.io.netty.util.internal.ThreadExecutorMap$2.run(ThreadExecutorMap.java:74)
        at java.lang.Thread.run(Thread.java:750)
"IPC Server handler 3 on default port 43083" daemon prio=5 tid=1228 timed_waiting
java.lang.Thread.State: TIMED_WAITING
        at sun.misc.Unsafe.park(Native Method)
        at java.util.concurrent.locks.LockSupport.parkNanos(LockSupport.java:215)
        at java.util.concurrent.locks.AbstractQueuedSynchronizer$ConditionObject.awaitNanos(AbstractQueuedSynchronizer.java:2078)
        at java.util.concurrent.LinkedBlockingQueue.poll(LinkedBlockingQueue.java:467)
        at org.apache.hadoop.ipc.CallQueueManager.take(CallQueueManager.java:317)
        at org.apache.hadoop.ipc.Server$Handler.run(Server.java:2942)
"qtp209985187-1187-acceptor-0@229740a-ServerConnector@6b6f3e45{HTTP/1.1, (http/1.1)}{0.0.0.0:40581}" daemon prio=3 tid=1187 runnable
java.lang.Thread.State: RUNNABLE
        at sun.nio.ch.ServerSocketChannelImpl.accept0(Native Method)
        at sun.nio.ch.ServerSocketChannelImpl.accept(ServerSocketChannelImpl.java:421)
        at sun.nio.ch.ServerSocketChannelImpl.accept(ServerSocketChannelImpl.java:249)
        at org.eclipse.jetty.server.ServerConnector.accept(ServerConnector.java:388)
        at org.eclipse.jetty.server.AbstractConnector$Acceptor.run(AbstractConnector.java:704)
        at org.eclipse.jetty.util.thread.QueuedThreadPool.runJob(QueuedThreadPool.java:883)
        at org.eclipse.jetty.util.thread.QueuedThreadPool$Runner.run(QueuedThreadPool.java:1034)
        at java.lang.Thread.run(Thread.java:750)
"qtp761298760-1387-acceptor-0@8b19fef-ServerConnector@6f886e9b{HTTP/1.1, (http/1.1)}{0.0.0.0:39791}" daemon prio=3 tid=1387 runnable
java.lang.Thread.State: RUNNABLE
        at sun.nio.ch.ServerSocketChannelImpl.accept0(Native Method)
        at sun.nio.ch.ServerSocketChannelImpl.accept(ServerSocketChannelImpl.java:421)
        at sun.nio.ch.ServerSocketChannelImpl.accept(ServerSocketChannelImpl.java:249)
        at org.eclipse.jetty.server.ServerConnector.accept(ServerConnector.java:388)
        at org.eclipse.jetty.server.AbstractConnector$Acceptor.run(AbstractConnector.java:704)
        at org.eclipse.jetty.util.thread.QueuedThreadPool.runJob(QueuedThreadPool.java:883)
        at org.eclipse.jetty.util.thread.QueuedThreadPool$Runner.run(QueuedThreadPool.java:1034)
        at java.lang.Thread.run(Thread.java:750)
"pool-537-thread-1" daemon prio=5 tid=1249 timed_waiting
java.lang.Thread.State: TIMED_WAITING
        at sun.misc.Unsafe.park(Native Method)
        at java.util.concurrent.locks.LockSupport.parkNanos(LockSupport.java:215)
        at java.util.concurrent.locks.AbstractQueuedSynchronizer$ConditionObject.awaitNanos(AbstractQueuedSynchronizer.java:2078)
        at java.util.concurrent.ScheduledThreadPoolExecutor$DelayedWorkQueue.take(ScheduledThreadPoolExecutor.java:1093)
        at java.util.concurrent.ScheduledThreadPoolExecutor$DelayedWorkQueue.take(ScheduledThreadPoolExecutor.java:809)
        at java.util.concurrent.ThreadPoolExecutor.getTask(ThreadPoolExecutor.java:1074)
        at java.util.concurrent.ThreadPoolExecutor.runWorker(ThreadPoolExecutor.java:1134)
        at java.util.concurrent.ThreadPoolExecutor$Worker.run(ThreadPoolExecutor.java:624)
        at java.lang.Thread.run(Thread.java:750)
"ExpiredContainerReplicaOpScrubberThread" daemon prio=5 tid=1093 timed_waiting
java.lang.Thread.State: TIMED_WAITING
        at java.lang.Object.wait(Native Method)
        at org.apache.hadoop.hdds.scm.ha.BackgroundSCMService.run(BackgroundSCMService.java:110)
        at org.apache.hadoop.hdds.scm.ha.BackgroundSCMService$$Lambda$396/650777250.run(Unknown Source)
        at java.lang.Thread.run(Thread.java:750)
"IPC Server handler 17 on default port 38387" daemon prio=5 tid=1160 timed_waiting
java.lang.Thread.State: TIMED_WAITING
        at sun.misc.Unsafe.park(Native Method)
        at java.util.concurrent.locks.LockSupport.parkNanos(LockSupport.java:215)
        at java.util.concurrent.locks.AbstractQueuedSynchronizer$ConditionObject.awaitNanos(AbstractQueuedSynchronizer.java:2078)
        at java.util.concurrent.LinkedBlockingQueue.poll(LinkedBlockingQueue.java:467)
        at org.apache.hadoop.ipc.CallQueueManager.take(CallQueueManager.java:317)
        at org.apache.hadoop.ipc.Server$Handler.run(Server.java:2942)
"qtp209985187-1188" daemon prio=5 tid=1188 timed_waiting
java.lang.Thread.State: TIMED_WAITING
        at sun.misc.Unsafe.park(Native Method)
        at java.util.concurrent.locks.LockSupport.parkNanos(LockSupport.java:215)
        at java.util.concurrent.locks.AbstractQueuedSynchronizer$ConditionObject.awaitNanos(AbstractQueuedSynchronizer.java:2078)
        at org.eclipse.jetty.util.BlockingArrayQueue.poll(BlockingArrayQueue.java:382)
        at org.eclipse.jetty.util.thread.QueuedThreadPool$Runner.idleJobPoll(QueuedThreadPool.java:974)
        at org.eclipse.jetty.util.thread.QueuedThreadPool$Runner.run(QueuedThreadPool.java:1018)
        at java.lang.Thread.run(Thread.java:750)
"qtp2061281899-1223" daemon prio=5 tid=1223 timed_waiting
java.lang.Thread.State: TIMED_WAITING
        at sun.misc.Unsafe.park(Native Method)
        at java.util.concurrent.locks.LockSupport.parkNanos(LockSupport.java:215)
        at java.util.concurrent.locks.AbstractQueuedSynchronizer$ConditionObject.awaitNanos(AbstractQueuedSynchronizer.java:2078)
        at org.eclipse.jetty.util.BlockingArrayQueue.poll(BlockingArrayQueue.java:382)
        at org.eclipse.jetty.util.thread.QueuedThreadPool$Runner.idleJobPoll(QueuedThreadPool.java:974)
        at org.eclipse.jetty.util.thread.QueuedThreadPool$Runner.run(QueuedThreadPool.java:1018)
        at java.lang.Thread.run(Thread.java:750)
"Session-HouseKeeper-2c291483-1"  prio=5 tid=1194 timed_waiting
java.lang.Thread.State: TIMED_WAITING
        at sun.misc.Unsafe.park(Native Method)
        at java.util.concurrent.locks.LockSupport.parkNanos(LockSupport.java:215)
        at java.util.concurrent.locks.AbstractQueuedSynchronizer$ConditionObject.awaitNanos(AbstractQueuedSynchronizer.java:2078)
        at java.util.concurrent.ScheduledThreadPoolExecutor$DelayedWorkQueue.take(ScheduledThreadPoolExecutor.java:1093)
        at java.util.concurrent.ScheduledThreadPoolExecutor$DelayedWorkQueue.take(ScheduledThreadPoolExecutor.java:809)
        at java.util.concurrent.ThreadPoolExecutor.getTask(ThreadPoolExecutor.java:1074)
        at java.util.concurrent.ThreadPoolExecutor.runWorker(ThreadPoolExecutor.java:1134)
        at java.util.concurrent.ThreadPoolExecutor$Worker.run(ThreadPoolExecutor.java:624)
        at java.lang.Thread.run(Thread.java:750)
"Datanode ReportManager Thread - 3" daemon prio=5 tid=1399 in Object.wait()
java.lang.Thread.State: WAITING (on object monitor)
        at sun.misc.Unsafe.park(Native Method)
        at java.util.concurrent.locks.LockSupport.park(LockSupport.java:175)
        at java.util.concurrent.locks.AbstractQueuedSynchronizer$ConditionObject.await(AbstractQueuedSynchronizer.java:2039)
        at java.util.concurrent.ScheduledThreadPoolExecutor$DelayedWorkQueue.take(ScheduledThreadPoolExecutor.java:1088)
        at java.util.concurrent.ScheduledThreadPoolExecutor$DelayedWorkQueue.take(ScheduledThreadPoolExecutor.java:809)
        at java.util.concurrent.ThreadPoolExecutor.getTask(ThreadPoolExecutor.java:1074)
        at java.util.concurrent.ThreadPoolExecutor.runWorker(ThreadPoolExecutor.java:1134)
        at java.util.concurrent.ThreadPoolExecutor$Worker.run(ThreadPoolExecutor.java:624)
        at java.lang.Thread.run(Thread.java:750)
"timer4" daemon prio=5 tid=534 timed_waiting
java.lang.Thread.State: TIMED_WAITING
        at java.lang.Object.wait(Native Method)
        at java.util.TimerThread.mainLoop(Timer.java:552)
        at java.util.TimerThread.run(Timer.java:505)
"IPC Server handler 7 on default port 38387" daemon prio=5 tid=1150 timed_waiting
java.lang.Thread.State: TIMED_WAITING
        at sun.misc.Unsafe.park(Native Method)
        at java.util.concurrent.locks.LockSupport.parkNanos(LockSupport.java:215)
        at java.util.concurrent.locks.AbstractQueuedSynchronizer$ConditionObject.awaitNanos(AbstractQueuedSynchronizer.java:2078)
        at java.util.concurrent.LinkedBlockingQueue.poll(LinkedBlockingQueue.java:467)
        at org.apache.hadoop.ipc.CallQueueManager.take(CallQueueManager.java:317)
        at org.apache.hadoop.ipc.Server$Handler.run(Server.java:2942)
"Session-HouseKeeper-5d3bc563-1"  prio=5 tid=1394 timed_waiting
java.lang.Thread.State: TIMED_WAITING
        at sun.misc.Unsafe.park(Native Method)
        at java.util.concurrent.locks.LockSupport.parkNanos(LockSupport.java:215)
        at java.util.concurrent.locks.AbstractQueuedSynchronizer$ConditionObject.awaitNanos(AbstractQueuedSynchronizer.java:2078)
        at java.util.concurrent.ScheduledThreadPoolExecutor$DelayedWorkQueue.take(ScheduledThreadPoolExecutor.java:1093)
        at java.util.concurrent.ScheduledThreadPoolExecutor$DelayedWorkQueue.take(ScheduledThreadPoolExecutor.java:809)
        at java.util.concurrent.ThreadPoolExecutor.getTask(ThreadPoolExecutor.java:1074)
        at java.util.concurrent.ThreadPoolExecutor.runWorker(ThreadPoolExecutor.java:1134)
        at java.util.concurrent.ThreadPoolExecutor$Worker.run(ThreadPoolExecutor.java:624)
        at java.lang.Thread.run(Thread.java:750)
"Datanode State Machine Daemon Thread" daemon prio=5 tid=1395 timed_waiting
java.lang.Thread.State: TIMED_WAITING
        at java.lang.Thread.sleep(Native Method)
        at org.apache.hadoop.ozone.container.common.statemachine.DatanodeStateMachine.startStateMachineThread(DatanodeStateMachine.java:321)
        at org.apache.hadoop.ozone.container.common.statemachine.DatanodeStateMachine.lambda$startDaemon$0(DatanodeStateMachine.java:506)
        at org.apache.hadoop.ozone.container.common.statemachine.DatanodeStateMachine$$Lambda$806/862525395.run(Unknown Source)
        at java.lang.Thread.run(Thread.java:750)
"StaleRecoveringContainerScrubbingService#0" daemon prio=5 tid=1438 in Object.wait()
java.lang.Thread.State: WAITING (on object monitor)
        at sun.misc.Unsafe.park(Native Method)
        at java.util.concurrent.locks.LockSupport.park(LockSupport.java:175)
        at java.util.concurrent.locks.AbstractQueuedSynchronizer$ConditionObject.await(AbstractQueuedSynchronizer.java:2039)
        at java.util.concurrent.ScheduledThreadPoolExecutor$DelayedWorkQueue.take(ScheduledThreadPoolExecutor.java:1088)
        at java.util.concurrent.ScheduledThreadPoolExecutor$DelayedWorkQueue.take(ScheduledThreadPoolExecutor.java:809)
        at java.util.concurrent.ThreadPoolExecutor.getTask(ThreadPoolExecutor.java:1074)
        at java.util.concurrent.ThreadPoolExecutor.runWorker(ThreadPoolExecutor.java:1134)
        at java.util.concurrent.ThreadPoolExecutor$Worker.run(ThreadPoolExecutor.java:624)
        at java.lang.Thread.run(Thread.java:750)
"Datanode ReportManager Thread - 1" daemon prio=5 tid=1317 in Object.wait()
java.lang.Thread.State: WAITING (on object monitor)
        at sun.misc.Unsafe.park(Native Method)
        at java.util.concurrent.locks.LockSupport.park(LockSupport.java:175)
        at java.util.concurrent.locks.AbstractQueuedSynchronizer$ConditionObject.await(AbstractQueuedSynchronizer.java:2039)
        at java.util.concurrent.ScheduledThreadPoolExecutor$DelayedWorkQueue.take(ScheduledThreadPoolExecutor.java:1088)
        at java.util.concurrent.ScheduledThreadPoolExecutor$DelayedWorkQueue.take(ScheduledThreadPoolExecutor.java:809)
        at java.util.concurrent.ThreadPoolExecutor.getTask(ThreadPoolExecutor.java:1074)
        at java.util.concurrent.ThreadPoolExecutor.runWorker(ThreadPoolExecutor.java:1134)
        at java.util.concurrent.ThreadPoolExecutor$Worker.run(ThreadPoolExecutor.java:624)
        at java.lang.Thread.run(Thread.java:750)
"pool-432-thread-1"  prio=5 tid=1040 in Object.wait()
java.lang.Thread.State: WAITING (on object monitor)
        at sun.misc.Unsafe.park(Native Method)
        at java.util.concurrent.locks.LockSupport.park(LockSupport.java:175)
        at java.util.concurrent.locks.AbstractQueuedSynchronizer$ConditionObject.await(AbstractQueuedSynchronizer.java:2039)
        at java.util.concurrent.LinkedBlockingQueue.take(LinkedBlockingQueue.java:442)
        at java.util.concurrent.ThreadPoolExecutor.getTask(ThreadPoolExecutor.java:1074)
        at java.util.concurrent.ThreadPoolExecutor.runWorker(ThreadPoolExecutor.java:1134)
        at java.util.concurrent.ThreadPoolExecutor$Worker.run(ThreadPoolExecutor.java:624)
        at java.lang.Thread.run(Thread.java:750)
"pool-576-thread-1"  prio=5 tid=1279 timed_waiting
java.lang.Thread.State: TIMED_WAITING
        at sun.misc.Unsafe.park(Native Method)
        at java.util.concurrent.locks.LockSupport.parkNanos(LockSupport.java:215)
        at java.util.concurrent.locks.AbstractQueuedSynchronizer$ConditionObject.awaitNanos(AbstractQueuedSynchronizer.java:2078)
        at java.util.concurrent.ScheduledThreadPoolExecutor$DelayedWorkQueue.take(ScheduledThreadPoolExecutor.java:1093)
        at java.util.concurrent.ScheduledThreadPoolExecutor$DelayedWorkQueue.take(ScheduledThreadPoolExecutor.java:809)
        at java.util.concurrent.ThreadPoolExecutor.getTask(ThreadPoolExecutor.java:1074)
        at java.util.concurrent.ThreadPoolExecutor.runWorker(ThreadPoolExecutor.java:1134)
        at java.util.concurrent.ThreadPoolExecutor$Worker.run(ThreadPoolExecutor.java:624)
        at java.lang.Thread.run(Thread.java:750)
"Datanode State Machine Task Thread - 1"  prio=5 tid=1453 in Object.wait()
java.lang.Thread.State: WAITING (on object monitor)
        at sun.misc.Unsafe.park(Native Method)
        at java.util.concurrent.locks.LockSupport.park(LockSupport.java:175)
        at java.util.concurrent.locks.AbstractQueuedSynchronizer$ConditionObject.await(AbstractQueuedSynchronizer.java:2039)
        at java.util.concurrent.LinkedBlockingQueue.take(LinkedBlockingQueue.java:442)
        at java.util.concurrent.ThreadPoolExecutor.getTask(ThreadPoolExecutor.java:1074)
        at java.util.concurrent.ThreadPoolExecutor.runWorker(ThreadPoolExecutor.java:1134)
        at java.util.concurrent.ThreadPoolExecutor$Worker.run(ThreadPoolExecutor.java:624)
        at java.lang.Thread.run(Thread.java:750)
"e47c0d7c-1c57-43cf-a038-4c1ee28029c6@group-E7106E4C0F9A-StateMachineUpdater" daemon prio=5 tid=1535 timed_waiting
java.lang.Thread.State: TIMED_WAITING
        at sun.misc.Unsafe.park(Native Method)
        at java.util.concurrent.locks.LockSupport.parkNanos(LockSupport.java:215)
        at java.util.concurrent.CompletableFuture$Signaller.block(CompletableFuture.java:1709)
        at java.util.concurrent.ForkJoinPool.managedBlock(ForkJoinPool.java:3323)
        at java.util.concurrent.CompletableFuture.timedGet(CompletableFuture.java:1788)
        at java.util.concurrent.CompletableFuture.get(CompletableFuture.java:1928)
        at org.apache.ratis.util.AwaitForSignal.await(AwaitForSignal.java:56)
        at org.apache.ratis.server.impl.StateMachineUpdater.waitForCommit(StateMachineUpdater.java:207)
        at org.apache.ratis.server.impl.StateMachineUpdater.run(StateMachineUpdater.java:176)
        at java.lang.Thread.run(Thread.java:750)
"IPC Server handler 14 on default port 38387" daemon prio=5 tid=1157 timed_waiting
java.lang.Thread.State: TIMED_WAITING
        at sun.misc.Unsafe.park(Native Method)
        at java.util.concurrent.locks.LockSupport.parkNanos(LockSupport.java:215)
        at java.util.concurrent.locks.AbstractQueuedSynchronizer$ConditionObject.awaitNanos(AbstractQueuedSynchronizer.java:2078)
        at java.util.concurrent.LinkedBlockingQueue.poll(LinkedBlockingQueue.java:467)
        at org.apache.hadoop.ipc.CallQueueManager.take(CallQueueManager.java:317)
        at org.apache.hadoop.ipc.Server$Handler.run(Server.java:2942)
"IPC Server handler 14 on default port 43083" daemon prio=5 tid=1239 timed_waiting
java.lang.Thread.State: TIMED_WAITING
        at sun.misc.Unsafe.park(Native Method)
        at java.util.concurrent.locks.LockSupport.parkNanos(LockSupport.java:215)
        at java.util.concurrent.locks.AbstractQueuedSynchronizer$ConditionObject.awaitNanos(AbstractQueuedSynchronizer.java:2078)
        at java.util.concurrent.LinkedBlockingQueue.poll(LinkedBlockingQueue.java:467)
        at org.apache.hadoop.ipc.CallQueueManager.take(CallQueueManager.java:317)
        at org.apache.hadoop.ipc.Server$Handler.run(Server.java:2942)
"StaleRecoveringContainerScrubbingService#2" daemon prio=5 tid=1634 in Object.wait()
java.lang.Thread.State: WAITING (on object monitor)
        at sun.misc.Unsafe.park(Native Method)
        at java.util.concurrent.locks.LockSupport.park(LockSupport.java:175)
        at java.util.concurrent.locks.AbstractQueuedSynchronizer$ConditionObject.await(AbstractQueuedSynchronizer.java:2039)
        at java.util.concurrent.ScheduledThreadPoolExecutor$DelayedWorkQueue.take(ScheduledThreadPoolExecutor.java:1088)
        at java.util.concurrent.ScheduledThreadPoolExecutor$DelayedWorkQueue.take(ScheduledThreadPoolExecutor.java:809)
        at java.util.concurrent.ThreadPoolExecutor.getTask(ThreadPoolExecutor.java:1074)
        at java.util.concurrent.ThreadPoolExecutor.runWorker(ThreadPoolExecutor.java:1134)
        at java.util.concurrent.ThreadPoolExecutor$Worker.run(ThreadPoolExecutor.java:624)
        at java.lang.Thread.run(Thread.java:750)
"qtp761298760-1390" daemon prio=5 tid=1390 timed_waiting
java.lang.Thread.State: TIMED_WAITING
        at sun.misc.Unsafe.park(Native Method)
        at java.util.concurrent.locks.LockSupport.parkNanos(LockSupport.java:215)
        at java.util.concurrent.locks.AbstractQueuedSynchronizer$ConditionObject.awaitNanos(AbstractQueuedSynchronizer.java:2078)
        at org.eclipse.jetty.util.BlockingArrayQueue.poll(BlockingArrayQueue.java:382)
        at org.eclipse.jetty.util.thread.QueuedThreadPool$Runner.idleJobPoll(QueuedThreadPool.java:974)
        at org.eclipse.jetty.util.thread.QueuedThreadPool$Runner.run(QueuedThreadPool.java:1018)
        at java.lang.Thread.run(Thread.java:750)
"Datanode ReportManager Thread - 3" daemon prio=5 tid=1319 in Object.wait()
java.lang.Thread.State: WAITING (on object monitor)
        at sun.misc.Unsafe.park(Native Method)
        at java.util.concurrent.locks.LockSupport.park(LockSupport.java:175)
        at java.util.concurrent.locks.AbstractQueuedSynchronizer$ConditionObject.await(AbstractQueuedSynchronizer.java:2039)
        at java.util.concurrent.ScheduledThreadPoolExecutor$DelayedWorkQueue.take(ScheduledThreadPoolExecutor.java:1088)
        at java.util.concurrent.ScheduledThreadPoolExecutor$DelayedWorkQueue.take(ScheduledThreadPoolExecutor.java:809)
        at java.util.concurrent.ThreadPoolExecutor.getTask(ThreadPoolExecutor.java:1074)
        at java.util.concurrent.ThreadPoolExecutor.runWorker(ThreadPoolExecutor.java:1134)
        at java.util.concurrent.ThreadPoolExecutor$Worker.run(ThreadPoolExecutor.java:624)
        at java.lang.Thread.run(Thread.java:750)
"ChunkWriter-1-0" daemon prio=5 tid=1408 in Object.wait()
java.lang.Thread.State: WAITING (on object monitor)
        at sun.misc.Unsafe.park(Native Method)
        at java.util.concurrent.locks.LockSupport.park(LockSupport.java:175)
        at java.util.concurrent.locks.AbstractQueuedSynchronizer$ConditionObject.await(AbstractQueuedSynchronizer.java:2039)
        at java.util.concurrent.LinkedBlockingDeque.takeFirst(LinkedBlockingDeque.java:492)
        at java.util.concurrent.LinkedBlockingDeque.take(LinkedBlockingDeque.java:680)
        at java.util.concurrent.ThreadPoolExecutor.getTask(ThreadPoolExecutor.java:1074)
        at java.util.concurrent.ThreadPoolExecutor.runWorker(ThreadPoolExecutor.java:1134)
        at java.util.concurrent.ThreadPoolExecutor$Worker.run(ThreadPoolExecutor.java:624)
        at java.lang.Thread.run(Thread.java:750)
"ChunkWriter-2-0" daemon prio=5 tid=1433 in Object.wait()
java.lang.Thread.State: WAITING (on object monitor)
        at sun.misc.Unsafe.park(Native Method)
        at java.util.concurrent.locks.LockSupport.park(LockSupport.java:175)
        at java.util.concurrent.locks.AbstractQueuedSynchronizer$ConditionObject.await(AbstractQueuedSynchronizer.java:2039)
        at java.util.concurrent.LinkedBlockingDeque.takeFirst(LinkedBlockingDeque.java:492)
        at java.util.concurrent.LinkedBlockingDeque.take(LinkedBlockingDeque.java:680)
        at java.util.concurrent.ThreadPoolExecutor.getTask(ThreadPoolExecutor.java:1074)
        at java.util.concurrent.ThreadPoolExecutor.runWorker(ThreadPoolExecutor.java:1134)
        at java.util.concurrent.ThreadPoolExecutor$Worker.run(ThreadPoolExecutor.java:624)
        at java.lang.Thread.run(Thread.java:750)
"FixedThreadPoolWithAffinityExecutor-3-0" daemon prio=5 tid=1113 timed_waiting
java.lang.Thread.State: TIMED_WAITING
        at sun.misc.Unsafe.park(Native Method)
        at java.util.concurrent.locks.LockSupport.parkNanos(LockSupport.java:215)
        at java.util.concurrent.locks.AbstractQueuedSynchronizer$ConditionObject.awaitNanos(AbstractQueuedSynchronizer.java:2078)
        at java.util.concurrent.LinkedBlockingQueue.poll(LinkedBlockingQueue.java:467)
        at org.apache.hadoop.hdds.scm.server.ContainerReportQueue.poll(ContainerReportQueue.java:266)
        at org.apache.hadoop.hdds.scm.server.ContainerReportQueue.poll(ContainerReportQueue.java:42)
        at org.apache.hadoop.hdds.server.events.FixedThreadPoolWithAffinityExecutor$ContainerReportProcessTask.run(FixedThreadPoolWithAffinityExecutor.java:218)
        at java.util.concurrent.Executors$RunnableAdapter.call(Executors.java:511)
        at java.util.concurrent.FutureTask.run(FutureTask.java:266)
        at java.util.concurrent.ThreadPoolExecutor.runWorker(ThreadPoolExecutor.java:1149)
        at java.util.concurrent.ThreadPoolExecutor$Worker.run(ThreadPoolExecutor.java:624)
        at java.lang.Thread.run(Thread.java:750)
"IPC Server handler 8 on default port 38387" daemon prio=5 tid=1151 timed_waiting
java.lang.Thread.State: TIMED_WAITING
        at sun.misc.Unsafe.park(Native Method)
        at java.util.concurrent.locks.LockSupport.parkNanos(LockSupport.java:215)
        at java.util.concurrent.locks.AbstractQueuedSynchronizer$ConditionObject.awaitNanos(AbstractQueuedSynchronizer.java:2078)
        at java.util.concurrent.LinkedBlockingQueue.poll(LinkedBlockingQueue.java:467)
        at org.apache.hadoop.ipc.CallQueueManager.take(CallQueueManager.java:317)
        at org.apache.hadoop.ipc.Server$Handler.run(Server.java:2942)
"StaleRecoveringContainerScrubbingService#1" daemon prio=5 tid=1416 timed_waiting
java.lang.Thread.State: TIMED_WAITING
        at sun.misc.Unsafe.park(Native Method)
        at java.util.concurrent.locks.LockSupport.parkNanos(LockSupport.java:215)
        at java.util.concurrent.locks.AbstractQueuedSynchronizer$ConditionObject.awaitNanos(AbstractQueuedSynchronizer.java:2078)
        at java.util.concurrent.ScheduledThreadPoolExecutor$DelayedWorkQueue.take(ScheduledThreadPoolExecutor.java:1093)
        at java.util.concurrent.ScheduledThreadPoolExecutor$DelayedWorkQueue.take(ScheduledThreadPoolExecutor.java:809)
        at java.util.concurrent.ThreadPoolExecutor.getTask(ThreadPoolExecutor.java:1074)
        at java.util.concurrent.ThreadPoolExecutor.runWorker(ThreadPoolExecutor.java:1134)
        at java.util.concurrent.ThreadPoolExecutor$Worker.run(ThreadPoolExecutor.java:624)
        at java.lang.Thread.run(Thread.java:750)
"IPC Server Responder" daemon prio=5 tid=1206 runnable
java.lang.Thread.State: RUNNABLE
        at sun.nio.ch.EPollArrayWrapper.epollWait(Native Method)
        at sun.nio.ch.EPollArrayWrapper.poll(EPollArrayWrapper.java:269)
        at sun.nio.ch.EPollSelectorImpl.doSelect(EPollSelectorImpl.java:93)
        at sun.nio.ch.SelectorImpl.lockAndDoSelect(SelectorImpl.java:86)
        at sun.nio.ch.SelectorImpl.select(SelectorImpl.java:97)
        at org.apache.hadoop.ipc.Server$Responder.doRunLoop(Server.java:1532)
        at org.apache.hadoop.ipc.Server$Responder.run(Server.java:1515)
"IPC Server handler 19 on default port 36375" daemon prio=5 tid=1142 timed_waiting
java.lang.Thread.State: TIMED_WAITING
        at sun.misc.Unsafe.park(Native Method)
        at java.util.concurrent.locks.LockSupport.parkNanos(LockSupport.java:215)
        at java.util.concurrent.locks.AbstractQueuedSynchronizer$ConditionObject.awaitNanos(AbstractQueuedSynchronizer.java:2078)
        at java.util.concurrent.LinkedBlockingQueue.poll(LinkedBlockingQueue.java:467)
        at org.apache.hadoop.ipc.CallQueueManager.take(CallQueueManager.java:317)
        at org.apache.hadoop.ipc.Server$Handler.run(Server.java:2942)
"IPC Server listener on 0" daemon prio=5 tid=1203 runnable
java.lang.Thread.State: RUNNABLE
        at sun.nio.ch.EPollArrayWrapper.epollWait(Native Method)
        at sun.nio.ch.EPollArrayWrapper.poll(EPollArrayWrapper.java:269)
        at sun.nio.ch.EPollSelectorImpl.doSelect(EPollSelectorImpl.java:93)
        at sun.nio.ch.SelectorImpl.lockAndDoSelect(SelectorImpl.java:86)
        at sun.nio.ch.SelectorImpl.select(SelectorImpl.java:97)
        at sun.nio.ch.SelectorImpl.select(SelectorImpl.java:101)
        at org.apache.hadoop.ipc.Server$Listener.run(Server.java:1358)
"timer6" daemon prio=5 tid=554 timed_waiting
java.lang.Thread.State: TIMED_WAITING
        at java.lang.Object.wait(Native Method)
        at java.util.TimerThread.mainLoop(Timer.java:552)
        at java.util.TimerThread.run(Timer.java:505)
"0803b3f8-d7a7-4034-819c-d574a53cd8d2@group-E7106E4C0F9A-SegmentedRaftLogWorker"  prio=5 tid=1529 timed_waiting
java.lang.Thread.State: TIMED_WAITING
        at sun.misc.Unsafe.park(Native Method)
        at java.util.concurrent.locks.LockSupport.parkNanos(LockSupport.java:215)
        at java.util.concurrent.locks.AbstractQueuedSynchronizer$ConditionObject.awaitNanos(AbstractQueuedSynchronizer.java:2078)
        at org.apache.ratis.util.DataBlockingQueue.poll(DataBlockingQueue.java:148)
        at org.apache.ratis.server.raftlog.segmented.SegmentedRaftLogWorker.run(SegmentedRaftLogWorker.java:310)
        at org.apache.ratis.server.raftlog.segmented.SegmentedRaftLogWorker$$Lambda$689/960154446.run(Unknown Source)
        at java.lang.Thread.run(Thread.java:750)
"ChunkReader-ELG-0" daemon prio=5 tid=1412 runnable
java.lang.Thread.State: RUNNABLE
        at org.apache.ratis.thirdparty.io.netty.channel.epoll.Native.epollWait(Native Method)
        at org.apache.ratis.thirdparty.io.netty.channel.epoll.Native.epollWait(Native.java:209)
        at org.apache.ratis.thirdparty.io.netty.channel.epoll.Native.epollWait(Native.java:202)
        at org.apache.ratis.thirdparty.io.netty.channel.epoll.EpollEventLoop.epollWaitNoTimerChange(EpollEventLoop.java:294)
        at org.apache.ratis.thirdparty.io.netty.channel.epoll.EpollEventLoop.run(EpollEventLoop.java:351)
        at org.apache.ratis.thirdparty.io.netty.util.concurrent.SingleThreadEventExecutor$4.run(SingleThreadEventExecutor.java:995)
        at org.apache.ratis.thirdparty.io.netty.util.internal.ThreadExecutorMap$2.run(ThreadExecutorMap.java:74)
        at java.lang.Thread.run(Thread.java:750)
"IPC Server handler 15 on default port 43615" daemon prio=5 tid=1178 timed_waiting
java.lang.Thread.State: TIMED_WAITING
        at sun.misc.Unsafe.park(Native Method)
        at java.util.concurrent.locks.LockSupport.parkNanos(LockSupport.java:215)
        at java.util.concurrent.locks.AbstractQueuedSynchronizer$ConditionObject.awaitNanos(AbstractQueuedSynchronizer.java:2078)
        at java.util.concurrent.LinkedBlockingQueue.poll(LinkedBlockingQueue.java:467)
        at org.apache.hadoop.ipc.CallQueueManager.take(CallQueueManager.java:317)
        at org.apache.hadoop.ipc.Server$Handler.run(Server.java:2942)
"pool-506-thread-1"  prio=5 tid=1185 timed_waiting
java.lang.Thread.State: TIMED_WAITING
        at sun.misc.Unsafe.park(Native Method)
        at java.util.concurrent.locks.LockSupport.parkNanos(LockSupport.java:215)
        at java.util.concurrent.locks.AbstractQueuedSynchronizer$ConditionObject.awaitNanos(AbstractQueuedSynchronizer.java:2078)
        at java.util.concurrent.ScheduledThreadPoolExecutor$DelayedWorkQueue.take(ScheduledThreadPoolExecutor.java:1093)
        at java.util.concurrent.ScheduledThreadPoolExecutor$DelayedWorkQueue.take(ScheduledThreadPoolExecutor.java:809)
        at java.util.concurrent.ThreadPoolExecutor.getTask(ThreadPoolExecutor.java:1074)
        at java.util.concurrent.ThreadPoolExecutor.runWorker(ThreadPoolExecutor.java:1134)
        at java.util.concurrent.ThreadPoolExecutor$Worker.run(ThreadPoolExecutor.java:624)
        at java.lang.Thread.run(Thread.java:750)
"qtp305488370-1282" daemon prio=5 tid=1282 timed_waiting
java.lang.Thread.State: TIMED_WAITING
        at sun.misc.Unsafe.park(Native Method)
        at java.util.concurrent.locks.LockSupport.parkNanos(LockSupport.java:215)
        at java.util.concurrent.locks.AbstractQueuedSynchronizer$ConditionObject.awaitNanos(AbstractQueuedSynchronizer.java:2078)
        at org.eclipse.jetty.util.BlockingArrayQueue.poll(BlockingArrayQueue.java:382)
        at org.eclipse.jetty.util.thread.QueuedThreadPool$Runner.idleJobPoll(QueuedThreadPool.java:974)
        at org.eclipse.jetty.util.thread.QueuedThreadPool$Runner.run(QueuedThreadPool.java:1018)
        at java.lang.Thread.run(Thread.java:750)
"qtp305277801-1340" daemon prio=5 tid=1340 timed_waiting
java.lang.Thread.State: TIMED_WAITING
        at sun.misc.Unsafe.park(Native Method)
        at java.util.concurrent.locks.LockSupport.parkNanos(LockSupport.java:215)
        at java.util.concurrent.locks.AbstractQueuedSynchronizer$ConditionObject.awaitNanos(AbstractQueuedSynchronizer.java:2078)
        at org.eclipse.jetty.util.BlockingArrayQueue.poll(BlockingArrayQueue.java:382)
        at org.eclipse.jetty.util.thread.QueuedThreadPool$Runner.idleJobPoll(QueuedThreadPool.java:974)
        at org.eclipse.jetty.util.thread.QueuedThreadPool$Runner.run(QueuedThreadPool.java:1018)
        at java.lang.Thread.run(Thread.java:750)
"timer5" daemon prio=5 tid=553 timed_waiting
java.lang.Thread.State: TIMED_WAITING
        at java.lang.Object.wait(Native Method)
        at java.util.TimerThread.mainLoop(Timer.java:552)
        at java.util.TimerThread.run(Timer.java:505)
"IPC Server handler 10 on default port 36375" daemon prio=5 tid=1133 timed_waiting
java.lang.Thread.State: TIMED_WAITING
        at sun.misc.Unsafe.park(Native Method)
        at java.util.concurrent.locks.LockSupport.parkNanos(LockSupport.java:215)
        at java.util.concurrent.locks.AbstractQueuedSynchronizer$ConditionObject.awaitNanos(AbstractQueuedSynchronizer.java:2078)
        at java.util.concurrent.LinkedBlockingQueue.poll(LinkedBlockingQueue.java:467)
        at org.apache.hadoop.ipc.CallQueueManager.take(CallQueueManager.java:317)
        at org.apache.hadoop.ipc.Server$Handler.run(Server.java:2942)
"qtp305277801-1341" daemon prio=5 tid=1341 timed_waiting
java.lang.Thread.State: TIMED_WAITING
        at sun.misc.Unsafe.park(Native Method)
        at java.util.concurrent.locks.LockSupport.parkNanos(LockSupport.java:215)
        at java.util.concurrent.locks.AbstractQueuedSynchronizer$ConditionObject.awaitNanos(AbstractQueuedSynchronizer.java:2078)
        at org.eclipse.jetty.util.BlockingArrayQueue.poll(BlockingArrayQueue.java:382)
        at org.eclipse.jetty.util.thread.QueuedThreadPool$Runner.idleJobPoll(QueuedThreadPool.java:974)
        at org.eclipse.jetty.util.thread.QueuedThreadPool$Runner.run(QueuedThreadPool.java:1018)
        at java.lang.Thread.run(Thread.java:750)
"EventQueue-NodeRegistrationContainerReportForDataNodeSafeModeRule" daemon prio=5 tid=1479 in Object.wait()
java.lang.Thread.State: WAITING (on object monitor)
        at sun.misc.Unsafe.park(Native Method)
        at java.util.concurrent.locks.LockSupport.park(LockSupport.java:175)
        at java.util.concurrent.locks.AbstractQueuedSynchronizer$ConditionObject.await(AbstractQueuedSynchronizer.java:2039)
        at java.util.concurrent.LinkedBlockingQueue.take(LinkedBlockingQueue.java:442)
        at java.util.concurrent.ThreadPoolExecutor.getTask(ThreadPoolExecutor.java:1074)
        at java.util.concurrent.ThreadPoolExecutor.runWorker(ThreadPoolExecutor.java:1134)
        at java.util.concurrent.ThreadPoolExecutor$Worker.run(ThreadPoolExecutor.java:624)
        at java.lang.Thread.run(Thread.java:750)
"qtp1292406739-1363" daemon prio=5 tid=1363 timed_waiting
java.lang.Thread.State: TIMED_WAITING
        at sun.misc.Unsafe.park(Native Method)
        at java.util.concurrent.locks.LockSupport.parkNanos(LockSupport.java:215)
        at java.util.concurrent.locks.AbstractQueuedSynchronizer$ConditionObject.awaitNanos(AbstractQueuedSynchronizer.java:2078)
        at org.eclipse.jetty.util.BlockingArrayQueue.poll(BlockingArrayQueue.java:382)
        at org.eclipse.jetty.util.thread.QueuedThreadPool$Runner.idleJobPoll(QueuedThreadPool.java:974)
        at org.eclipse.jetty.util.thread.QueuedThreadPool$Runner.run(QueuedThreadPool.java:1018)
        at java.lang.Thread.run(Thread.java:750)
"5580caa2-355e-4705-b703-b3b115bf5f47-server-thread3" daemon prio=5 tid=1615 timed_waiting
java.lang.Thread.State: TIMED_WAITING
        at sun.misc.Unsafe.park(Native Method)
        at java.util.concurrent.locks.LockSupport.parkNanos(LockSupport.java:215)
        at java.util.concurrent.SynchronousQueue$TransferStack.awaitFulfill(SynchronousQueue.java:460)
        at java.util.concurrent.SynchronousQueue$TransferStack.transfer(SynchronousQueue.java:362)
        at java.util.concurrent.SynchronousQueue.poll(SynchronousQueue.java:941)
        at java.util.concurrent.ThreadPoolExecutor.getTask(ThreadPoolExecutor.java:1073)
        at java.util.concurrent.ThreadPoolExecutor.runWorker(ThreadPoolExecutor.java:1134)
        at java.util.concurrent.ThreadPoolExecutor$Worker.run(ThreadPoolExecutor.java:624)
        at java.lang.Thread.run(Thread.java:750)
"qtp209985187-1190" daemon prio=5 tid=1190 timed_waiting
java.lang.Thread.State: TIMED_WAITING
        at sun.misc.Unsafe.park(Native Method)
        at java.util.concurrent.locks.LockSupport.parkNanos(LockSupport.java:215)
        at java.util.concurrent.locks.AbstractQueuedSynchronizer$ConditionObject.awaitNanos(AbstractQueuedSynchronizer.java:2078)
        at org.eclipse.jetty.util.BlockingArrayQueue.poll(BlockingArrayQueue.java:382)
        at org.eclipse.jetty.util.thread.QueuedThreadPool$Runner.idleJobPoll(QueuedThreadPool.java:974)
        at org.eclipse.jetty.util.thread.QueuedThreadPool$Runner.run(QueuedThreadPool.java:1018)
        at java.lang.Thread.run(Thread.java:750)
"Datanode ReportManager Thread - 2" daemon prio=5 tid=1266 in Object.wait()
java.lang.Thread.State: WAITING (on object monitor)
        at sun.misc.Unsafe.park(Native Method)
        at java.util.concurrent.locks.LockSupport.park(LockSupport.java:175)
        at java.util.concurrent.locks.AbstractQueuedSynchronizer$ConditionObject.await(AbstractQueuedSynchronizer.java:2039)
        at java.util.concurrent.ScheduledThreadPoolExecutor$DelayedWorkQueue.take(ScheduledThreadPoolExecutor.java:1088)
        at java.util.concurrent.ScheduledThreadPoolExecutor$DelayedWorkQueue.take(ScheduledThreadPoolExecutor.java:809)
        at java.util.concurrent.ThreadPoolExecutor.getTask(ThreadPoolExecutor.java:1074)
        at java.util.concurrent.ThreadPoolExecutor.runWorker(ThreadPoolExecutor.java:1134)
        at java.util.concurrent.ThreadPoolExecutor$Worker.run(ThreadPoolExecutor.java:624)
        at java.lang.Thread.run(Thread.java:750)
"IPC Server Responder" daemon prio=5 tid=1101 runnable
java.lang.Thread.State: RUNNABLE
        at sun.nio.ch.EPollArrayWrapper.epollWait(Native Method)
        at sun.nio.ch.EPollArrayWrapper.poll(EPollArrayWrapper.java:269)
        at sun.nio.ch.EPollSelectorImpl.doSelect(EPollSelectorImpl.java:93)
        at sun.nio.ch.SelectorImpl.lockAndDoSelect(SelectorImpl.java:86)
        at sun.nio.ch.SelectorImpl.select(SelectorImpl.java:97)
        at org.apache.hadoop.ipc.Server$Responder.doRunLoop(Server.java:1532)
        at org.apache.hadoop.ipc.Server$Responder.run(Server.java:1515)
"Command processor thread" daemon prio=5 tid=1375 timed_waiting
java.lang.Thread.State: TIMED_WAITING
        at java.lang.Thread.sleep(Native Method)
        at org.apache.hadoop.ozone.container.common.statemachine.DatanodeStateMachine.lambda$initCommandHandlerThread$3(DatanodeStateMachine.java:641)
        at org.apache.hadoop.ozone.container.common.statemachine.DatanodeStateMachine$$Lambda$817/1351828566.run(Unknown Source)
        at java.lang.Thread.run(Thread.java:750)
"surefire-forkedjvm-command-thread" daemon prio=5 tid=10 runnable
java.lang.Thread.State: RUNNABLE
        at java.io.FileInputStream.readBytes(Native Method)
        at java.io.FileInputStream.read(FileInputStream.java:255)
        at java.io.BufferedInputStream.read1(BufferedInputStream.java:284)
        at java.io.BufferedInputStream.read(BufferedInputStream.java:345)
        at java.io.BufferedInputStream.fill(BufferedInputStream.java:246)
        at java.io.BufferedInputStream.read1(BufferedInputStream.java:286)
        at java.io.BufferedInputStream.read(BufferedInputStream.java:345)
        at org.apache.maven.surefire.api.util.internal.Channels$3.readImpl(Channels.java:214)
        at org.apache.maven.surefire.api.util.internal.AbstractNoninterruptibleReadableChannel.read(AbstractNoninterruptibleReadableChannel.java:54)
        at org.apache.maven.surefire.booter.spi.LegacyMasterProcessChannelDecoder.decode(LegacyMasterProcessChannelDecoder.java:80)
        at org.apache.maven.surefire.booter.CommandReader$CommandRunnable.run(CommandReader.java:343)
        at java.lang.Thread.run(Thread.java:750)
"IPC Server handler 14 on default port 43615" daemon prio=5 tid=1177 timed_waiting
java.lang.Thread.State: TIMED_WAITING
        at sun.misc.Unsafe.park(Native Method)
        at java.util.concurrent.locks.LockSupport.parkNanos(LockSupport.java:215)
        at java.util.concurrent.locks.AbstractQueuedSynchronizer$ConditionObject.awaitNanos(AbstractQueuedSynchronizer.java:2078)
        at java.util.concurrent.LinkedBlockingQueue.poll(LinkedBlockingQueue.java:467)
        at org.apache.hadoop.ipc.CallQueueManager.take(CallQueueManager.java:317)
        at org.apache.hadoop.ipc.Server$Handler.run(Server.java:2942)
"OpenKeyCleanupService#0" daemon prio=5 tid=1214 timed_waiting
java.lang.Thread.State: TIMED_WAITING
        at sun.misc.Unsafe.park(Native Method)
        at java.util.concurrent.locks.LockSupport.parkNanos(LockSupport.java:215)
        at java.util.concurrent.locks.AbstractQueuedSynchronizer$ConditionObject.awaitNanos(AbstractQueuedSynchronizer.java:2078)
        at java.util.concurrent.ScheduledThreadPoolExecutor$DelayedWorkQueue.take(ScheduledThreadPoolExecutor.java:1093)
        at java.util.concurrent.ScheduledThreadPoolExecutor$DelayedWorkQueue.take(ScheduledThreadPoolExecutor.java:809)
        at java.util.concurrent.ThreadPoolExecutor.getTask(ThreadPoolExecutor.java:1074)
        at java.util.concurrent.ThreadPoolExecutor.runWorker(ThreadPoolExecutor.java:1134)
        at java.util.concurrent.ThreadPoolExecutor$Worker.run(ThreadPoolExecutor.java:624)
        at java.lang.Thread.run(Thread.java:750)
"StaleRecoveringContainerScrubbingService#0" daemon prio=5 tid=1414 in Object.wait()
java.lang.Thread.State: WAITING (on object monitor)
        at sun.misc.Unsafe.park(Native Method)
        at java.util.concurrent.locks.LockSupport.park(LockSupport.java:175)
        at java.util.concurrent.locks.AbstractQueuedSynchronizer$ConditionObject.await(AbstractQueuedSynchronizer.java:2039)
        at java.util.concurrent.ScheduledThreadPoolExecutor$DelayedWorkQueue.take(ScheduledThreadPoolExecutor.java:1088)
        at java.util.concurrent.ScheduledThreadPoolExecutor$DelayedWorkQueue.take(ScheduledThreadPoolExecutor.java:809)
        at java.util.concurrent.ThreadPoolExecutor.getTask(ThreadPoolExecutor.java:1074)
        at java.util.concurrent.ThreadPoolExecutor.runWorker(ThreadPoolExecutor.java:1134)
        at java.util.concurrent.ThreadPoolExecutor$Worker.run(ThreadPoolExecutor.java:624)
        at java.lang.Thread.run(Thread.java:750)
"Datanode ReportManager Thread - 0" daemon prio=5 tid=1290 in Object.wait()
java.lang.Thread.State: WAITING (on object monitor)
        at sun.misc.Unsafe.park(Native Method)
        at java.util.concurrent.locks.LockSupport.park(LockSupport.java:175)
        at java.util.concurrent.locks.AbstractQueuedSynchronizer$ConditionObject.await(AbstractQueuedSynchronizer.java:2039)
        at java.util.concurrent.ScheduledThreadPoolExecutor$DelayedWorkQueue.take(ScheduledThreadPoolExecutor.java:1088)
        at java.util.concurrent.ScheduledThreadPoolExecutor$DelayedWorkQueue.take(ScheduledThreadPoolExecutor.java:809)
        at java.util.concurrent.ThreadPoolExecutor.getTask(ThreadPoolExecutor.java:1074)
        at java.util.concurrent.ThreadPoolExecutor.runWorker(ThreadPoolExecutor.java:1134)
        at java.util.concurrent.ThreadPoolExecutor$Worker.run(ThreadPoolExecutor.java:624)
        at java.lang.Thread.run(Thread.java:750)
"IPC Server handler 12 on default port 38387" daemon prio=5 tid=1155 timed_waiting
java.lang.Thread.State: TIMED_WAITING
        at sun.misc.Unsafe.park(Native Method)
        at java.util.concurrent.locks.LockSupport.parkNanos(LockSupport.java:215)
        at java.util.concurrent.locks.AbstractQueuedSynchronizer$ConditionObject.awaitNanos(AbstractQueuedSynchronizer.java:2078)
        at java.util.concurrent.LinkedBlockingQueue.poll(LinkedBlockingQueue.java:467)
        at org.apache.hadoop.ipc.CallQueueManager.take(CallQueueManager.java:317)
        at org.apache.hadoop.ipc.Server$Handler.run(Server.java:2942)
"Datanode State Machine Daemon Thread" daemon prio=5 tid=1289 timed_waiting
java.lang.Thread.State: TIMED_WAITING
        at java.lang.Thread.sleep(Native Method)
        at org.apache.hadoop.ozone.container.common.statemachine.DatanodeStateMachine.startStateMachineThread(DatanodeStateMachine.java:321)
        at org.apache.hadoop.ozone.container.common.statemachine.DatanodeStateMachine.lambda$startDaemon$0(DatanodeStateMachine.java:506)
        at org.apache.hadoop.ozone.container.common.statemachine.DatanodeStateMachine$$Lambda$806/862525395.run(Unknown Source)
        at java.lang.Thread.run(Thread.java:750)
"IPC Server listener on 0" daemon prio=5 tid=1098 runnable
java.lang.Thread.State: RUNNABLE
        at sun.nio.ch.EPollArrayWrapper.epollWait(Native Method)
        at sun.nio.ch.EPollArrayWrapper.poll(EPollArrayWrapper.java:269)
        at sun.nio.ch.EPollSelectorImpl.doSelect(EPollSelectorImpl.java:93)
        at sun.nio.ch.SelectorImpl.lockAndDoSelect(SelectorImpl.java:86)
        at sun.nio.ch.SelectorImpl.select(SelectorImpl.java:97)
        at sun.nio.ch.SelectorImpl.select(SelectorImpl.java:101)
        at org.apache.hadoop.ipc.Server$Listener.run(Server.java:1358)
"pool-636-thread-1"  prio=5 tid=1516 in Object.wait()
java.lang.Thread.State: WAITING (on object monitor)
        at sun.misc.Unsafe.park(Native Method)
        at java.util.concurrent.locks.LockSupport.park(LockSupport.java:175)
        at java.util.concurrent.locks.AbstractQueuedSynchronizer$ConditionObject.await(AbstractQueuedSynchronizer.java:2039)
        at java.util.concurrent.LinkedBlockingQueue.take(LinkedBlockingQueue.java:442)
        at java.util.concurrent.ThreadPoolExecutor.getTask(ThreadPoolExecutor.java:1074)
        at java.util.concurrent.ThreadPoolExecutor.runWorker(ThreadPoolExecutor.java:1134)
        at java.util.concurrent.ThreadPoolExecutor$Worker.run(ThreadPoolExecutor.java:624)
        at java.lang.Thread.run(Thread.java:750)
"IPC Server handler 17 on default port 43083" daemon prio=5 tid=1242 timed_waiting
java.lang.Thread.State: TIMED_WAITING
        at sun.misc.Unsafe.park(Native Method)
        at java.util.concurrent.locks.LockSupport.parkNanos(LockSupport.java:215)
        at java.util.concurrent.locks.AbstractQueuedSynchronizer$ConditionObject.awaitNanos(AbstractQueuedSynchronizer.java:2078)
        at java.util.concurrent.LinkedBlockingQueue.poll(LinkedBlockingQueue.java:467)
        at org.apache.hadoop.ipc.CallQueueManager.take(CallQueueManager.java:317)
        at org.apache.hadoop.ipc.Server$Handler.run(Server.java:2942)
"IPC Server handler 13 on default port 43615" daemon prio=5 tid=1176 timed_waiting
java.lang.Thread.State: TIMED_WAITING
        at sun.misc.Unsafe.park(Native Method)
        at java.util.concurrent.locks.LockSupport.parkNanos(LockSupport.java:215)
        at java.util.concurrent.locks.AbstractQueuedSynchronizer$ConditionObject.awaitNanos(AbstractQueuedSynchronizer.java:2078)
        at java.util.concurrent.LinkedBlockingQueue.poll(LinkedBlockingQueue.java:467)
        at org.apache.hadoop.ipc.CallQueueManager.take(CallQueueManager.java:317)
        at org.apache.hadoop.ipc.Server$Handler.run(Server.java:2942)
"Socket Reader #1 for port 0"  prio=5 tid=1204 runnable
java.lang.Thread.State: RUNNABLE
        at sun.nio.ch.EPollArrayWrapper.epollWait(Native Method)
        at sun.nio.ch.EPollArrayWrapper.poll(EPollArrayWrapper.java:269)
        at sun.nio.ch.EPollSelectorImpl.doSelect(EPollSelectorImpl.java:93)
        at sun.nio.ch.SelectorImpl.lockAndDoSelect(SelectorImpl.java:86)
        at sun.nio.ch.SelectorImpl.select(SelectorImpl.java:97)
        at sun.nio.ch.SelectorImpl.select(SelectorImpl.java:101)
        at org.apache.hadoop.ipc.Server$Listener$Reader.doRunLoop(Server.java:1296)
        at org.apache.hadoop.ipc.Server$Listener$Reader.run(Server.java:1275)
"Session-HouseKeeper-11e02b0-1"  prio=5 tid=1288 timed_waiting
java.lang.Thread.State: TIMED_WAITING
        at sun.misc.Unsafe.park(Native Method)
        at java.util.concurrent.locks.LockSupport.parkNanos(LockSupport.java:215)
        at java.util.concurrent.locks.AbstractQueuedSynchronizer$ConditionObject.awaitNanos(AbstractQueuedSynchronizer.java:2078)
        at java.util.concurrent.ScheduledThreadPoolExecutor$DelayedWorkQueue.take(ScheduledThreadPoolExecutor.java:1093)
        at java.util.concurrent.ScheduledThreadPoolExecutor$DelayedWorkQueue.take(ScheduledThreadPoolExecutor.java:809)
        at java.util.concurrent.ThreadPoolExecutor.getTask(ThreadPoolExecutor.java:1074)
        at java.util.concurrent.ThreadPoolExecutor.runWorker(ThreadPoolExecutor.java:1134)
        at java.util.concurrent.ThreadPoolExecutor$Worker.run(ThreadPoolExecutor.java:624)
        at java.lang.Thread.run(Thread.java:750)
"qtp2061281899-1222" daemon prio=5 tid=1222 timed_waiting
java.lang.Thread.State: TIMED_WAITING
        at sun.misc.Unsafe.park(Native Method)
        at java.util.concurrent.locks.LockSupport.parkNanos(LockSupport.java:215)
        at java.util.concurrent.locks.AbstractQueuedSynchronizer$ConditionObject.awaitNanos(AbstractQueuedSynchronizer.java:2078)
        at org.eclipse.jetty.util.BlockingArrayQueue.poll(BlockingArrayQueue.java:382)
        at org.eclipse.jetty.util.thread.QueuedThreadPool$Runner.idleJobPoll(QueuedThreadPool.java:974)
        at org.eclipse.jetty.util.thread.QueuedThreadPool$Runner.run(QueuedThreadPool.java:1018)
        at java.lang.Thread.run(Thread.java:750)
"timer7" daemon prio=5 tid=558 timed_waiting
java.lang.Thread.State: TIMED_WAITING
        at java.lang.Object.wait(Native Method)
        at java.util.TimerThread.mainLoop(Timer.java:552)
        at java.util.TimerThread.run(Timer.java:505)
"StaleRecoveringContainerScrubbingService#1" daemon prio=5 tid=1475 timed_waiting
java.lang.Thread.State: TIMED_WAITING
        at sun.misc.Unsafe.park(Native Method)
        at java.util.concurrent.locks.LockSupport.parkNanos(LockSupport.java:215)
        at java.util.concurrent.locks.AbstractQueuedSynchronizer$ConditionObject.awaitNanos(AbstractQueuedSynchronizer.java:2078)
        at java.util.concurrent.ScheduledThreadPoolExecutor$DelayedWorkQueue.take(ScheduledThreadPoolExecutor.java:1093)
        at java.util.concurrent.ScheduledThreadPoolExecutor$DelayedWorkQueue.take(ScheduledThreadPoolExecutor.java:809)
        at java.util.concurrent.ThreadPoolExecutor.getTask(ThreadPoolExecutor.java:1074)
        at java.util.concurrent.ThreadPoolExecutor.runWorker(ThreadPoolExecutor.java:1134)
        at java.util.concurrent.ThreadPoolExecutor$Worker.run(ThreadPoolExecutor.java:624)
        at java.lang.Thread.run(Thread.java:750)
"IPC Server handler 14 on default port 36375" daemon prio=5 tid=1137 timed_waiting
java.lang.Thread.State: TIMED_WAITING
        at sun.misc.Unsafe.park(Native Method)
        at java.util.concurrent.locks.LockSupport.parkNanos(LockSupport.java:215)
        at java.util.concurrent.locks.AbstractQueuedSynchronizer$ConditionObject.awaitNanos(AbstractQueuedSynchronizer.java:2078)
        at java.util.concurrent.LinkedBlockingQueue.poll(LinkedBlockingQueue.java:467)
        at org.apache.hadoop.ipc.CallQueueManager.take(CallQueueManager.java:317)
        at org.apache.hadoop.ipc.Server$Handler.run(Server.java:2942)
"5580caa2-355e-4705-b703-b3b115bf5f47@group-E7106E4C0F9A-FollowerState" daemon prio=5 tid=1606 timed_waiting
java.lang.Thread.State: TIMED_WAITING
        at java.lang.Thread.sleep(Native Method)
        at java.lang.Thread.sleep(Thread.java:342)
        at java.util.concurrent.TimeUnit.sleep(TimeUnit.java:386)
        at org.apache.ratis.util.TimeDuration.sleep(TimeDuration.java:325)
        at org.apache.ratis.util.TimeDuration.sleep(TimeDuration.java:310)
        at org.apache.ratis.server.impl.FollowerState.run(FollowerState.java:128)
"pool-659-thread-1"  prio=5 tid=1521 in Object.wait()
java.lang.Thread.State: WAITING (on object monitor)
        at sun.misc.Unsafe.park(Native Method)
        at java.util.concurrent.locks.LockSupport.park(LockSupport.java:175)
        at java.util.concurrent.locks.AbstractQueuedSynchronizer$ConditionObject.await(AbstractQueuedSynchronizer.java:2039)
        at java.util.concurrent.LinkedBlockingQueue.take(LinkedBlockingQueue.java:442)
        at java.util.concurrent.ThreadPoolExecutor.getTask(ThreadPoolExecutor.java:1074)
        at java.util.concurrent.ThreadPoolExecutor.runWorker(ThreadPoolExecutor.java:1134)
        at java.util.concurrent.ThreadPoolExecutor$Worker.run(ThreadPoolExecutor.java:624)
        at java.lang.Thread.run(Thread.java:750)
"Session-HouseKeeper-2e60f647-1"  prio=5 tid=1342 timed_waiting
java.lang.Thread.State: TIMED_WAITING
        at sun.misc.Unsafe.park(Native Method)
        at java.util.concurrent.locks.LockSupport.parkNanos(LockSupport.java:215)
        at java.util.concurrent.locks.AbstractQueuedSynchronizer$ConditionObject.awaitNanos(AbstractQueuedSynchronizer.java:2078)
        at java.util.concurrent.ScheduledThreadPoolExecutor$DelayedWorkQueue.take(ScheduledThreadPoolExecutor.java:1093)
        at java.util.concurrent.ScheduledThreadPoolExecutor$DelayedWorkQueue.take(ScheduledThreadPoolExecutor.java:809)
        at java.util.concurrent.ThreadPoolExecutor.getTask(ThreadPoolExecutor.java:1074)
        at java.util.concurrent.ThreadPoolExecutor.runWorker(ThreadPoolExecutor.java:1134)
        at java.util.concurrent.ThreadPoolExecutor$Worker.run(ThreadPoolExecutor.java:624)
        at java.lang.Thread.run(Thread.java:750)
"IPC Server handler 15 on default port 36375" daemon prio=5 tid=1138 timed_waiting
java.lang.Thread.State: TIMED_WAITING
        at sun.misc.Unsafe.park(Native Method)
        at java.util.concurrent.locks.LockSupport.parkNanos(LockSupport.java:215)
        at java.util.concurrent.locks.AbstractQueuedSynchronizer$ConditionObject.awaitNanos(AbstractQueuedSynchronizer.java:2078)
        at java.util.concurrent.LinkedBlockingQueue.poll(LinkedBlockingQueue.java:467)
        at org.apache.hadoop.ipc.CallQueueManager.take(CallQueueManager.java:317)
        at org.apache.hadoop.ipc.Server$Handler.run(Server.java:2942)
"Datanode ReportManager Thread - 4" daemon prio=5 tid=1320 timed_waiting
java.lang.Thread.State: TIMED_WAITING
        at sun.misc.Unsafe.park(Native Method)
        at java.util.concurrent.locks.LockSupport.parkNanos(LockSupport.java:215)
        at java.util.concurrent.locks.AbstractQueuedSynchronizer$ConditionObject.awaitNanos(AbstractQueuedSynchronizer.java:2078)
        at java.util.concurrent.ScheduledThreadPoolExecutor$DelayedWorkQueue.take(ScheduledThreadPoolExecutor.java:1093)
        at java.util.concurrent.ScheduledThreadPoolExecutor$DelayedWorkQueue.take(ScheduledThreadPoolExecutor.java:809)
        at java.util.concurrent.ThreadPoolExecutor.getTask(ThreadPoolExecutor.java:1074)
        at java.util.concurrent.ThreadPoolExecutor.runWorker(ThreadPoolExecutor.java:1134)
        at java.util.concurrent.ThreadPoolExecutor$Worker.run(ThreadPoolExecutor.java:624)
        at java.lang.Thread.run(Thread.java:750)
"IPC Server handler 18 on default port 43083" daemon prio=5 tid=1243 timed_waiting
java.lang.Thread.State: TIMED_WAITING
        at sun.misc.Unsafe.park(Native Method)
        at java.util.concurrent.locks.LockSupport.parkNanos(LockSupport.java:215)
        at java.util.concurrent.locks.AbstractQueuedSynchronizer$ConditionObject.awaitNanos(AbstractQueuedSynchronizer.java:2078)
        at java.util.concurrent.LinkedBlockingQueue.poll(LinkedBlockingQueue.java:467)
        at org.apache.hadoop.ipc.CallQueueManager.take(CallQueueManager.java:317)
        at org.apache.hadoop.ipc.Server$Handler.run(Server.java:2942)
"IPC Server handler 7 on default port 43615" daemon prio=5 tid=1170 timed_waiting
java.lang.Thread.State: TIMED_WAITING
        at sun.misc.Unsafe.park(Native Method)
        at java.util.concurrent.locks.LockSupport.parkNanos(LockSupport.java:215)
        at java.util.concurrent.locks.AbstractQueuedSynchronizer$ConditionObject.awaitNanos(AbstractQueuedSynchronizer.java:2078)
        at java.util.concurrent.LinkedBlockingQueue.poll(LinkedBlockingQueue.java:467)
        at org.apache.hadoop.ipc.CallQueueManager.take(CallQueueManager.java:317)
        at org.apache.hadoop.ipc.Server$Handler.run(Server.java:2942)
"Periodic HDDS volume checker" daemon prio=5 tid=1247 timed_waiting
java.lang.Thread.State: TIMED_WAITING
        at sun.misc.Unsafe.park(Native Method)
        at java.util.concurrent.locks.LockSupport.parkNanos(LockSupport.java:215)
        at java.util.concurrent.locks.AbstractQueuedSynchronizer$ConditionObject.awaitNanos(AbstractQueuedSynchronizer.java:2078)
        at java.util.concurrent.ScheduledThreadPoolExecutor$DelayedWorkQueue.take(ScheduledThreadPoolExecutor.java:1093)
        at java.util.concurrent.ScheduledThreadPoolExecutor$DelayedWorkQueue.take(ScheduledThreadPoolExecutor.java:809)
        at java.util.concurrent.ThreadPoolExecutor.getTask(ThreadPoolExecutor.java:1074)
        at java.util.concurrent.ThreadPoolExecutor.runWorker(ThreadPoolExecutor.java:1134)
        at java.util.concurrent.ThreadPoolExecutor$Worker.run(ThreadPoolExecutor.java:624)
        at java.lang.Thread.run(Thread.java:750)
"0803b3f8-d7a7-4034-819c-d574a53cd8d2-server-thread1" daemon prio=5 tid=1611 timed_waiting
java.lang.Thread.State: TIMED_WAITING
        at sun.misc.Unsafe.park(Native Method)
        at java.util.concurrent.locks.LockSupport.parkNanos(LockSupport.java:215)
        at java.util.concurrent.SynchronousQueue$TransferStack.awaitFulfill(SynchronousQueue.java:460)
        at java.util.concurrent.SynchronousQueue$TransferStack.transfer(SynchronousQueue.java:362)
        at java.util.concurrent.SynchronousQueue.poll(SynchronousQueue.java:941)
        at java.util.concurrent.ThreadPoolExecutor.getTask(ThreadPoolExecutor.java:1073)
        at java.util.concurrent.ThreadPoolExecutor.runWorker(ThreadPoolExecutor.java:1134)
        at java.util.concurrent.ThreadPoolExecutor$Worker.run(ThreadPoolExecutor.java:624)
        at java.lang.Thread.run(Thread.java:750)
"DatanodeAdminManager-0" daemon prio=5 tid=1097 timed_waiting
java.lang.Thread.State: TIMED_WAITING
        at sun.misc.Unsafe.park(Native Method)
        at java.util.concurrent.locks.LockSupport.parkNanos(LockSupport.java:215)
        at java.util.concurrent.locks.AbstractQueuedSynchronizer$ConditionObject.awaitNanos(AbstractQueuedSynchronizer.java:2078)
        at java.util.concurrent.ScheduledThreadPoolExecutor$DelayedWorkQueue.take(ScheduledThreadPoolExecutor.java:1093)
        at java.util.concurrent.ScheduledThreadPoolExecutor$DelayedWorkQueue.take(ScheduledThreadPoolExecutor.java:809)
        at java.util.concurrent.ThreadPoolExecutor.getTask(ThreadPoolExecutor.java:1074)
        at java.util.concurrent.ThreadPoolExecutor.runWorker(ThreadPoolExecutor.java:1134)
        at java.util.concurrent.ThreadPoolExecutor$Worker.run(ThreadPoolExecutor.java:624)
        at java.lang.Thread.run(Thread.java:750)
"ChunkWriter-0-0" daemon prio=5 tid=1455 in Object.wait()
java.lang.Thread.State: WAITING (on object monitor)
        at sun.misc.Unsafe.park(Native Method)
        at java.util.concurrent.locks.LockSupport.park(LockSupport.java:175)
        at java.util.concurrent.locks.AbstractQueuedSynchronizer$ConditionObject.await(AbstractQueuedSynchronizer.java:2039)
        at java.util.concurrent.LinkedBlockingDeque.takeFirst(LinkedBlockingDeque.java:492)
        at java.util.concurrent.LinkedBlockingDeque.take(LinkedBlockingDeque.java:680)
        at java.util.concurrent.ThreadPoolExecutor.getTask(ThreadPoolExecutor.java:1074)
        at java.util.concurrent.ThreadPoolExecutor.runWorker(ThreadPoolExecutor.java:1134)
        at java.util.concurrent.ThreadPoolExecutor$Worker.run(ThreadPoolExecutor.java:624)
        at java.lang.Thread.run(Thread.java:750)
"qtp1292406739-1366" daemon prio=5 tid=1366 timed_waiting
java.lang.Thread.State: TIMED_WAITING
        at sun.misc.Unsafe.park(Native Method)
        at java.util.concurrent.locks.LockSupport.parkNanos(LockSupport.java:215)
        at java.util.concurrent.locks.AbstractQueuedSynchronizer$ConditionObject.awaitNanos(AbstractQueuedSynchronizer.java:2078)
        at org.eclipse.jetty.util.BlockingArrayQueue.poll(BlockingArrayQueue.java:382)
        at org.eclipse.jetty.util.thread.QueuedThreadPool$Runner.idleJobPoll(QueuedThreadPool.java:974)
        at org.eclipse.jetty.util.thread.QueuedThreadPool$Runner.run(QueuedThreadPool.java:1018)
        at java.lang.Thread.run(Thread.java:750)
"pool-532-thread-1"  prio=5 tid=1215 timed_waiting
java.lang.Thread.State: TIMED_WAITING
        at sun.misc.Unsafe.park(Native Method)
        at java.util.concurrent.locks.LockSupport.parkNanos(LockSupport.java:215)
        at java.util.concurrent.locks.AbstractQueuedSynchronizer$ConditionObject.awaitNanos(AbstractQueuedSynchronizer.java:2078)
        at java.util.concurrent.ScheduledThreadPoolExecutor$DelayedWorkQueue.take(ScheduledThreadPoolExecutor.java:1093)
        at java.util.concurrent.ScheduledThreadPoolExecutor$DelayedWorkQueue.take(ScheduledThreadPoolExecutor.java:809)
        at java.util.concurrent.ThreadPoolExecutor.getTask(ThreadPoolExecutor.java:1074)
        at java.util.concurrent.ThreadPoolExecutor.runWorker(ThreadPoolExecutor.java:1134)
        at java.util.concurrent.ThreadPoolExecutor$Worker.run(ThreadPoolExecutor.java:624)
        at java.lang.Thread.run(Thread.java:750)
"qtp305488370-1280" daemon prio=5 tid=1280 runnable
java.lang.Thread.State: RUNNABLE
        at sun.nio.ch.EPollArrayWrapper.epollWait(Native Method)
        at sun.nio.ch.EPollArrayWrapper.poll(EPollArrayWrapper.java:269)
        at sun.nio.ch.EPollSelectorImpl.doSelect(EPollSelectorImpl.java:93)
        at sun.nio.ch.SelectorImpl.lockAndDoSelect(SelectorImpl.java:86)
        at sun.nio.ch.SelectorImpl.select(SelectorImpl.java:97)
        at sun.nio.ch.SelectorImpl.select(SelectorImpl.java:101)
        at org.eclipse.jetty.io.ManagedSelector.nioSelect(ManagedSelector.java:183)
        at org.eclipse.jetty.io.ManagedSelector.select(ManagedSelector.java:190)
        at org.eclipse.jetty.io.ManagedSelector$SelectorProducer.select(ManagedSelector.java:606)
        at org.eclipse.jetty.io.ManagedSelector$SelectorProducer.produce(ManagedSelector.java:543)
        at org.eclipse.jetty.util.thread.strategy.EatWhatYouKill.produceTask(EatWhatYouKill.java:362)
        at org.eclipse.jetty.util.thread.strategy.EatWhatYouKill.doProduce(EatWhatYouKill.java:186)
        at org.eclipse.jetty.util.thread.strategy.EatWhatYouKill.tryProduce(EatWhatYouKill.java:173)
        at org.eclipse.jetty.util.thread.strategy.EatWhatYouKill.produce(EatWhatYouKill.java:137)
        at org.eclipse.jetty.io.ManagedSelector$$Lambda$470/1378841761.run(Unknown Source)
        at org.eclipse.jetty.util.thread.QueuedThreadPool.runJob(QueuedThreadPool.java:883)
        at org.eclipse.jetty.util.thread.QueuedThreadPool$Runner.run(QueuedThreadPool.java:1034)
        at java.lang.Thread.run(Thread.java:750)
"pool-613-thread-1"  prio=5 tid=1512 in Object.wait()
java.lang.Thread.State: WAITING (on object monitor)
        at sun.misc.Unsafe.park(Native Method)
        at java.util.concurrent.locks.LockSupport.park(LockSupport.java:175)
        at java.util.concurrent.locks.AbstractQueuedSynchronizer$ConditionObject.await(AbstractQueuedSynchronizer.java:2039)
        at java.util.concurrent.LinkedBlockingQueue.take(LinkedBlockingQueue.java:442)
        at java.util.concurrent.ThreadPoolExecutor.getTask(ThreadPoolExecutor.java:1074)
        at java.util.concurrent.ThreadPoolExecutor.runWorker(ThreadPoolExecutor.java:1134)
        at java.util.concurrent.ThreadPoolExecutor$Worker.run(ThreadPoolExecutor.java:624)
        at java.lang.Thread.run(Thread.java:750)
"FixedThreadPoolWithAffinityExecutor-5-0" daemon prio=5 tid=1115 timed_waiting
java.lang.Thread.State: TIMED_WAITING
        at sun.misc.Unsafe.park(Native Method)
        at java.util.concurrent.locks.LockSupport.parkNanos(LockSupport.java:215)
        at java.util.concurrent.locks.AbstractQueuedSynchronizer$ConditionObject.awaitNanos(AbstractQueuedSynchronizer.java:2078)
        at java.util.concurrent.LinkedBlockingQueue.poll(LinkedBlockingQueue.java:467)
        at org.apache.hadoop.hdds.scm.server.ContainerReportQueue.poll(ContainerReportQueue.java:266)
        at org.apache.hadoop.hdds.scm.server.ContainerReportQueue.poll(ContainerReportQueue.java:42)
        at org.apache.hadoop.hdds.server.events.FixedThreadPoolWithAffinityExecutor$ContainerReportProcessTask.run(FixedThreadPoolWithAffinityExecutor.java:218)
        at java.util.concurrent.Executors$RunnableAdapter.call(Executors.java:511)
        at java.util.concurrent.FutureTask.run(FutureTask.java:266)
        at java.util.concurrent.ThreadPoolExecutor.runWorker(ThreadPoolExecutor.java:1149)
        at java.util.concurrent.ThreadPoolExecutor$Worker.run(ThreadPoolExecutor.java:624)
        at java.lang.Thread.run(Thread.java:750)
"JvmPauseMonitor12" daemon prio=5 tid=1411 timed_waiting
java.lang.Thread.State: TIMED_WAITING
        at java.lang.Thread.sleep(Native Method)
        at java.lang.Thread.sleep(Thread.java:342)
        at java.util.concurrent.TimeUnit.sleep(TimeUnit.java:386)
        at org.apache.ratis.util.TimeDuration.sleep(TimeDuration.java:325)
        at org.apache.ratis.util.TimeDuration.sleep(TimeDuration.java:310)
        at org.apache.ratis.util.JvmPauseMonitor.detectPause(JvmPauseMonitor.java:119)
        at org.apache.ratis.util.JvmPauseMonitor.run(JvmPauseMonitor.java:108)
        at org.apache.ratis.util.JvmPauseMonitor$$Lambda$730/107283225.run(Unknown Source)
        at java.lang.Thread.run(Thread.java:750)
"org.apache.hadoop.ozone.container.common.statemachine.commandhandler.DeleteBlocksCommandHandler$DeleteCmdWorker@1f8404a5" daemon prio=5 tid=1384 timed_waiting
java.lang.Thread.State: TIMED_WAITING
        at java.lang.Thread.sleep(Native Method)
        at org.apache.hadoop.ozone.container.common.statemachine.commandhandler.DeleteBlocksCommandHandler$DeleteCmdWorker.run(DeleteBlocksCommandHandler.java:184)
        at java.lang.Thread.run(Thread.java:750)
"qtp472619336-1308" daemon prio=5 tid=1308 timed_waiting
java.lang.Thread.State: TIMED_WAITING
        at sun.misc.Unsafe.park(Native Method)
        at java.util.concurrent.locks.LockSupport.parkNanos(LockSupport.java:215)
        at java.util.concurrent.locks.AbstractQueuedSynchronizer$ConditionObject.awaitNanos(AbstractQueuedSynchronizer.java:2078)
        at org.eclipse.jetty.util.BlockingArrayQueue.poll(BlockingArrayQueue.java:382)
        at org.eclipse.jetty.util.thread.QueuedThreadPool$Runner.idleJobPoll(QueuedThreadPool.java:974)
        at org.eclipse.jetty.util.thread.QueuedThreadPool$Runner.run(QueuedThreadPool.java:1018)
        at java.lang.Thread.run(Thread.java:750)
"Datanode ReportManager Thread - 2" daemon prio=5 tid=1346 in Object.wait()
java.lang.Thread.State: WAITING (on object monitor)
        at sun.misc.Unsafe.park(Native Method)
        at java.util.concurrent.locks.LockSupport.park(LockSupport.java:175)
        at java.util.concurrent.locks.AbstractQueuedSynchronizer$ConditionObject.await(AbstractQueuedSynchronizer.java:2039)
        at java.util.concurrent.ScheduledThreadPoolExecutor$DelayedWorkQueue.take(ScheduledThreadPoolExecutor.java:1088)
        at java.util.concurrent.ScheduledThreadPoolExecutor$DelayedWorkQueue.take(ScheduledThreadPoolExecutor.java:809)
        at java.util.concurrent.ThreadPoolExecutor.getTask(ThreadPoolExecutor.java:1074)
        at java.util.concurrent.ThreadPoolExecutor.runWorker(ThreadPoolExecutor.java:1134)
        at java.util.concurrent.ThreadPoolExecutor$Worker.run(ThreadPoolExecutor.java:624)
        at java.lang.Thread.run(Thread.java:750)
"pool-553-thread-1"  prio=5 tid=1253 timed_waiting
java.lang.Thread.State: TIMED_WAITING
        at sun.misc.Unsafe.park(Native Method)
        at java.util.concurrent.locks.LockSupport.parkNanos(LockSupport.java:215)
        at java.util.concurrent.locks.AbstractQueuedSynchronizer$ConditionObject.awaitNanos(AbstractQueuedSynchronizer.java:2078)
        at java.util.concurrent.ScheduledThreadPoolExecutor$DelayedWorkQueue.take(ScheduledThreadPoolExecutor.java:1093)
        at java.util.concurrent.ScheduledThreadPoolExecutor$DelayedWorkQueue.take(ScheduledThreadPoolExecutor.java:809)
        at java.util.concurrent.ThreadPoolExecutor.getTask(ThreadPoolExecutor.java:1074)
        at java.util.concurrent.ThreadPoolExecutor.runWorker(ThreadPoolExecutor.java:1134)
        at java.util.concurrent.ThreadPoolExecutor$Worker.run(ThreadPoolExecutor.java:624)
        at java.lang.Thread.run(Thread.java:750)
"OMDoubleBufferFlushThread" daemon prio=5 tid=1198 timed_waiting
java.lang.Thread.State: TIMED_WAITING
        at java.lang.Object.wait(Native Method)
        at org.apache.hadoop.ozone.om.ratis.OzoneManagerDoubleBuffer.canFlush(OzoneManagerDoubleBuffer.java:538)
        at org.apache.hadoop.ozone.om.ratis.OzoneManagerDoubleBuffer.flushTransactions(OzoneManagerDoubleBuffer.java:268)
        at org.apache.hadoop.ozone.om.ratis.OzoneManagerDoubleBuffer$$Lambda$528/1030952053.run(Unknown Source)
        at java.lang.Thread.run(Thread.java:750)
"pool-544-thread-1"  prio=5 tid=1485 in Object.wait()
java.lang.Thread.State: WAITING (on object monitor)
        at sun.misc.Unsafe.park(Native Method)
        at java.util.concurrent.locks.LockSupport.park(LockSupport.java:175)
        at java.util.concurrent.locks.AbstractQueuedSynchronizer$ConditionObject.await(AbstractQueuedSynchronizer.java:2039)
        at java.util.concurrent.LinkedBlockingQueue.take(LinkedBlockingQueue.java:442)
        at java.util.concurrent.ThreadPoolExecutor.getTask(ThreadPoolExecutor.java:1074)
        at java.util.concurrent.ThreadPoolExecutor.runWorker(ThreadPoolExecutor.java:1134)
        at java.util.concurrent.ThreadPoolExecutor$Worker.run(ThreadPoolExecutor.java:624)
        at java.lang.Thread.run(Thread.java:750)
"qtp761298760-1389" daemon prio=5 tid=1389 timed_waiting
java.lang.Thread.State: TIMED_WAITING
        at sun.misc.Unsafe.park(Native Method)
        at java.util.concurrent.locks.LockSupport.parkNanos(LockSupport.java:215)
        at java.util.concurrent.locks.AbstractQueuedSynchronizer$ConditionObject.awaitNanos(AbstractQueuedSynchronizer.java:2078)
        at org.eclipse.jetty.util.BlockingArrayQueue.poll(BlockingArrayQueue.java:382)
        at org.eclipse.jetty.util.thread.QueuedThreadPool$Runner.idleJobPoll(QueuedThreadPool.java:974)
        at org.eclipse.jetty.util.thread.QueuedThreadPool$Runner.run(QueuedThreadPool.java:1018)
        at java.lang.Thread.run(Thread.java:750)
"BlockDeletingService#2" daemon prio=5 tid=1628 in Object.wait()
java.lang.Thread.State: WAITING (on object monitor)
        at sun.misc.Unsafe.park(Native Method)
        at java.util.concurrent.locks.LockSupport.park(LockSupport.java:175)
        at java.util.concurrent.locks.AbstractQueuedSynchronizer$ConditionObject.await(AbstractQueuedSynchronizer.java:2039)
        at java.util.concurrent.ScheduledThreadPoolExecutor$DelayedWorkQueue.take(ScheduledThreadPoolExecutor.java:1088)
        at java.util.concurrent.ScheduledThreadPoolExecutor$DelayedWorkQueue.take(ScheduledThreadPoolExecutor.java:809)
        at java.util.concurrent.ThreadPoolExecutor.getTask(ThreadPoolExecutor.java:1074)
        at java.util.concurrent.ThreadPoolExecutor.runWorker(ThreadPoolExecutor.java:1134)
        at java.util.concurrent.ThreadPoolExecutor$Worker.run(ThreadPoolExecutor.java:624)
        at java.lang.Thread.run(Thread.java:750)
"ChunkReader-ELG-0" daemon prio=5 tid=1448 runnable
java.lang.Thread.State: RUNNABLE
        at org.apache.ratis.thirdparty.io.netty.channel.epoll.Native.epollWait(Native Method)
        at org.apache.ratis.thirdparty.io.netty.channel.epoll.Native.epollWait(Native.java:209)
        at org.apache.ratis.thirdparty.io.netty.channel.epoll.Native.epollWait(Native.java:202)
        at org.apache.ratis.thirdparty.io.netty.channel.epoll.EpollEventLoop.epollWaitNoTimerChange(EpollEventLoop.java:294)
        at org.apache.ratis.thirdparty.io.netty.channel.epoll.EpollEventLoop.run(EpollEventLoop.java:351)
        at org.apache.ratis.thirdparty.io.netty.util.concurrent.SingleThreadEventExecutor$4.run(SingleThreadEventExecutor.java:995)
        at org.apache.ratis.thirdparty.io.netty.util.internal.ThreadExecutorMap$2.run(ThreadExecutorMap.java:74)
        at java.lang.Thread.run(Thread.java:750)
"IPC Server handler 19 on default port 43615" daemon prio=5 tid=1182 timed_waiting
java.lang.Thread.State: TIMED_WAITING
        at sun.misc.Unsafe.park(Native Method)
        at java.util.concurrent.locks.LockSupport.parkNanos(LockSupport.java:215)
        at java.util.concurrent.locks.AbstractQueuedSynchronizer$ConditionObject.awaitNanos(AbstractQueuedSynchronizer.java:2078)
        at java.util.concurrent.LinkedBlockingQueue.poll(LinkedBlockingQueue.java:467)
        at org.apache.hadoop.ipc.CallQueueManager.take(CallQueueManager.java:317)
        at org.apache.hadoop.ipc.Server$Handler.run(Server.java:2942)
"Timer-2"  prio=5 tid=1211 timed_waiting
java.lang.Thread.State: TIMED_WAITING
        at java.lang.Object.wait(Native Method)
        at java.util.TimerThread.mainLoop(Timer.java:552)
        at java.util.TimerThread.run(Timer.java:505)
"grpc-shared-destroyer-0" daemon prio=5 tid=1088 in Object.wait()
java.lang.Thread.State: WAITING (on object monitor)
        at sun.misc.Unsafe.park(Native Method)
        at java.util.concurrent.locks.LockSupport.park(LockSupport.java:175)
        at java.util.concurrent.locks.AbstractQueuedSynchronizer$ConditionObject.await(AbstractQueuedSynchronizer.java:2039)
        at java.util.concurrent.ScheduledThreadPoolExecutor$DelayedWorkQueue.take(ScheduledThreadPoolExecutor.java:1081)
        at java.util.concurrent.ScheduledThreadPoolExecutor$DelayedWorkQueue.take(ScheduledThreadPoolExecutor.java:809)
        at java.util.concurrent.ThreadPoolExecutor.getTask(ThreadPoolExecutor.java:1074)
        at java.util.concurrent.ThreadPoolExecutor.runWorker(ThreadPoolExecutor.java:1134)
        at java.util.concurrent.ThreadPoolExecutor$Worker.run(ThreadPoolExecutor.java:624)
        at java.lang.Thread.run(Thread.java:750)
"org.apache.hadoop.util.JvmPauseMonitor$Monitor@4e3dbb02" daemon prio=5 tid=1402 timed_waiting
java.lang.Thread.State: TIMED_WAITING
        at java.lang.Thread.sleep(Native Method)
        at org.apache.hadoop.util.JvmPauseMonitor$Monitor.run(JvmPauseMonitor.java:192)
        at java.lang.Thread.run(Thread.java:750)
"qtp2061281899-1221" daemon prio=5 tid=1221 timed_waiting
java.lang.Thread.State: TIMED_WAITING
        at sun.misc.Unsafe.park(Native Method)
        at java.util.concurrent.locks.LockSupport.parkNanos(LockSupport.java:215)
        at java.util.concurrent.locks.AbstractQueuedSynchronizer$ConditionObject.awaitNanos(AbstractQueuedSynchronizer.java:2078)
        at org.eclipse.jetty.util.BlockingArrayQueue.poll(BlockingArrayQueue.java:382)
        at org.eclipse.jetty.util.thread.QueuedThreadPool$Runner.idleJobPoll(QueuedThreadPool.java:974)
        at org.eclipse.jetty.util.thread.QueuedThreadPool$Runner.run(QueuedThreadPool.java:1018)
        at java.lang.Thread.run(Thread.java:750)
"Datanode State Machine Task Thread - 0"  prio=5 tid=1377 in Object.wait()
java.lang.Thread.State: WAITING (on object monitor)
        at sun.misc.Unsafe.park(Native Method)
        at java.util.concurrent.locks.LockSupport.park(LockSupport.java:175)
        at java.util.concurrent.locks.AbstractQueuedSynchronizer$ConditionObject.await(AbstractQueuedSynchronizer.java:2039)
        at java.util.concurrent.LinkedBlockingQueue.take(LinkedBlockingQueue.java:442)
        at java.util.concurrent.ThreadPoolExecutor.getTask(ThreadPoolExecutor.java:1074)
        at java.util.concurrent.ThreadPoolExecutor.runWorker(ThreadPoolExecutor.java:1134)
        at java.util.concurrent.ThreadPoolExecutor$Worker.run(ThreadPoolExecutor.java:624)
        at java.lang.Thread.run(Thread.java:750)
"qtp472619336-1313" daemon prio=5 tid=1313 timed_waiting
java.lang.Thread.State: TIMED_WAITING
        at sun.misc.Unsafe.park(Native Method)
        at java.util.concurrent.locks.LockSupport.parkNanos(LockSupport.java:215)
        at java.util.concurrent.locks.AbstractQueuedSynchronizer$ConditionObject.awaitNanos(AbstractQueuedSynchronizer.java:2078)
        at org.eclipse.jetty.util.BlockingArrayQueue.poll(BlockingArrayQueue.java:382)
        at org.eclipse.jetty.util.thread.QueuedThreadPool$Runner.idleJobPoll(QueuedThreadPool.java:974)
        at org.eclipse.jetty.util.thread.QueuedThreadPool$Runner.run(QueuedThreadPool.java:1018)
        at java.lang.Thread.run(Thread.java:750)
"Datanode State Machine Task Thread - 1"  prio=5 tid=1441 in Object.wait()
java.lang.Thread.State: WAITING (on object monitor)
        at sun.misc.Unsafe.park(Native Method)
        at java.util.concurrent.locks.LockSupport.park(LockSupport.java:175)
        at java.util.concurrent.locks.AbstractQueuedSynchronizer$ConditionObject.await(AbstractQueuedSynchronizer.java:2039)
        at java.util.concurrent.LinkedBlockingQueue.take(LinkedBlockingQueue.java:442)
        at java.util.concurrent.ThreadPoolExecutor.getTask(ThreadPoolExecutor.java:1074)
        at java.util.concurrent.ThreadPoolExecutor.runWorker(ThreadPoolExecutor.java:1134)
        at java.util.concurrent.ThreadPoolExecutor$Worker.run(ThreadPoolExecutor.java:624)
        at java.lang.Thread.run(Thread.java:750)
"StaleRecoveringContainerScrubbingService#2" daemon prio=5 tid=1632 in Object.wait()
java.lang.Thread.State: WAITING (on object monitor)
        at sun.misc.Unsafe.park(Native Method)
        at java.util.concurrent.locks.LockSupport.park(LockSupport.java:175)
        at java.util.concurrent.locks.AbstractQueuedSynchronizer$ConditionObject.await(AbstractQueuedSynchronizer.java:2039)
        at java.util.concurrent.ScheduledThreadPoolExecutor$DelayedWorkQueue.take(ScheduledThreadPoolExecutor.java:1088)
        at java.util.concurrent.ScheduledThreadPoolExecutor$DelayedWorkQueue.take(ScheduledThreadPoolExecutor.java:809)
        at java.util.concurrent.ThreadPoolExecutor.getTask(ThreadPoolExecutor.java:1074)
        at java.util.concurrent.ThreadPoolExecutor.runWorker(ThreadPoolExecutor.java:1134)
        at java.util.concurrent.ThreadPoolExecutor$Worker.run(ThreadPoolExecutor.java:624)
        at java.lang.Thread.run(Thread.java:750)
"IPC Server handler 6 on default port 43615" daemon prio=5 tid=1169 timed_waiting
java.lang.Thread.State: TIMED_WAITING
        at sun.misc.Unsafe.park(Native Method)
        at java.util.concurrent.locks.LockSupport.parkNanos(LockSupport.java:215)
        at java.util.concurrent.locks.AbstractQueuedSynchronizer$ConditionObject.awaitNanos(AbstractQueuedSynchronizer.java:2078)
        at java.util.concurrent.LinkedBlockingQueue.poll(LinkedBlockingQueue.java:467)
        at org.apache.hadoop.ipc.CallQueueManager.take(CallQueueManager.java:317)
        at org.apache.hadoop.ipc.Server$Handler.run(Server.java:2942)
"Datanode State Machine Task Thread - 0"  prio=5 tid=1403 in Object.wait()
java.lang.Thread.State: WAITING (on object monitor)
        at sun.misc.Unsafe.park(Native Method)
        at java.util.concurrent.locks.LockSupport.park(LockSupport.java:175)
        at java.util.concurrent.locks.AbstractQueuedSynchronizer$ConditionObject.await(AbstractQueuedSynchronizer.java:2039)
        at java.util.concurrent.LinkedBlockingQueue.take(LinkedBlockingQueue.java:442)
        at java.util.concurrent.ThreadPoolExecutor.getTask(ThreadPoolExecutor.java:1074)
        at java.util.concurrent.ThreadPoolExecutor.runWorker(ThreadPoolExecutor.java:1134)
        at java.util.concurrent.ThreadPoolExecutor$Worker.run(ThreadPoolExecutor.java:624)
        at java.lang.Thread.run(Thread.java:750)
"IPC Server listener on 0" daemon prio=5 tid=1102 runnable
java.lang.Thread.State: RUNNABLE
        at sun.nio.ch.EPollArrayWrapper.epollWait(Native Method)
        at sun.nio.ch.EPollArrayWrapper.poll(EPollArrayWrapper.java:269)
        at sun.nio.ch.EPollSelectorImpl.doSelect(EPollSelectorImpl.java:93)
        at sun.nio.ch.SelectorImpl.lockAndDoSelect(SelectorImpl.java:86)
        at sun.nio.ch.SelectorImpl.select(SelectorImpl.java:97)
        at sun.nio.ch.SelectorImpl.select(SelectorImpl.java:101)
        at org.apache.hadoop.ipc.Server$Listener.run(Server.java:1358)
"IPC Server handler 5 on default port 43615" daemon prio=5 tid=1168 timed_waiting
java.lang.Thread.State: TIMED_WAITING
        at sun.misc.Unsafe.park(Native Method)
        at java.util.concurrent.locks.LockSupport.parkNanos(LockSupport.java:215)
        at java.util.concurrent.locks.AbstractQueuedSynchronizer$ConditionObject.awaitNanos(AbstractQueuedSynchronizer.java:2078)
        at java.util.concurrent.LinkedBlockingQueue.poll(LinkedBlockingQueue.java:467)
        at org.apache.hadoop.ipc.CallQueueManager.take(CallQueueManager.java:317)
        at org.apache.hadoop.ipc.Server$Handler.run(Server.java:2942)
"e47c0d7c-1c57-43cf-a038-4c1ee28029c6@group-E7106E4C0F9A->5580caa2-355e-4705-b703-b3b115bf5f47-GrpcLogAppender-LogAppenderDaemon" daemon prio=5 tid=1608 timed_waiting
java.lang.Thread.State: TIMED_WAITING
        at sun.misc.Unsafe.park(Native Method)
        at java.util.concurrent.locks.LockSupport.parkNanos(LockSupport.java:215)
        at java.util.concurrent.CompletableFuture$Signaller.block(CompletableFuture.java:1709)
        at java.util.concurrent.ForkJoinPool.managedBlock(ForkJoinPool.java:3323)
        at java.util.concurrent.CompletableFuture.timedGet(CompletableFuture.java:1788)
        at java.util.concurrent.CompletableFuture.get(CompletableFuture.java:1928)
        at org.apache.ratis.util.AwaitForSignal.await(AwaitForSignal.java:56)
        at org.apache.ratis.grpc.server.GrpcLogAppender.mayWait(GrpcLogAppender.java:198)
        at org.apache.ratis.grpc.server.GrpcLogAppender.run(GrpcLogAppender.java:148)
        at org.apache.ratis.server.leader.LogAppenderDaemon.run(LogAppenderDaemon.java:78)
        at org.apache.ratis.server.leader.LogAppenderDaemon$$Lambda$1068/1260551718.run(Unknown Source)
        at java.lang.Thread.run(Thread.java:750)
"Datanode ReportManager Thread - 4" daemon prio=5 tid=1268 in Object.wait()
java.lang.Thread.State: WAITING (on object monitor)
        at sun.misc.Unsafe.park(Native Method)
        at java.util.concurrent.locks.LockSupport.park(LockSupport.java:175)
        at java.util.concurrent.locks.AbstractQueuedSynchronizer$ConditionObject.await(AbstractQueuedSynchronizer.java:2039)
        at java.util.concurrent.ScheduledThreadPoolExecutor$DelayedWorkQueue.take(ScheduledThreadPoolExecutor.java:1088)
        at java.util.concurrent.ScheduledThreadPoolExecutor$DelayedWorkQueue.take(ScheduledThreadPoolExecutor.java:809)
        at java.util.concurrent.ThreadPoolExecutor.getTask(ThreadPoolExecutor.java:1074)
        at java.util.concurrent.ThreadPoolExecutor.runWorker(ThreadPoolExecutor.java:1134)
        at java.util.concurrent.ThreadPoolExecutor$Worker.run(ThreadPoolExecutor.java:624)
        at java.lang.Thread.run(Thread.java:750)
"ReplicationMonitor" daemon prio=5 tid=1094 timed_waiting
java.lang.Thread.State: TIMED_WAITING
        at java.lang.Object.wait(Native Method)
        at org.apache.hadoop.hdds.scm.container.replication.ReplicationManager.run(ReplicationManager.java:591)
        at org.apache.hadoop.hdds.scm.container.replication.ReplicationManager$$Lambda$403/2018528489.run(Unknown Source)
        at java.lang.Thread.run(Thread.java:750)
"IPC Server handler 15 on default port 38387" daemon prio=5 tid=1158 timed_waiting
java.lang.Thread.State: TIMED_WAITING
        at sun.misc.Unsafe.park(Native Method)
        at java.util.concurrent.locks.LockSupport.parkNanos(LockSupport.java:215)
        at java.util.concurrent.locks.AbstractQueuedSynchronizer$ConditionObject.awaitNanos(AbstractQueuedSynchronizer.java:2078)
        at java.util.concurrent.LinkedBlockingQueue.poll(LinkedBlockingQueue.java:467)
        at org.apache.hadoop.ipc.CallQueueManager.take(CallQueueManager.java:317)
        at org.apache.hadoop.ipc.Server$Handler.run(Server.java:2942)
"JvmPauseMonitor11" daemon prio=5 tid=1210 timed_waiting
java.lang.Thread.State: TIMED_WAITING
        at java.lang.Thread.sleep(Native Method)
        at java.lang.Thread.sleep(Thread.java:342)
        at java.util.concurrent.TimeUnit.sleep(TimeUnit.java:386)
        at org.apache.ratis.util.TimeDuration.sleep(TimeDuration.java:325)
        at org.apache.ratis.util.TimeDuration.sleep(TimeDuration.java:310)
        at org.apache.ratis.util.JvmPauseMonitor.detectPause(JvmPauseMonitor.java:119)
        at org.apache.ratis.util.JvmPauseMonitor.run(JvmPauseMonitor.java:108)
        at org.apache.ratis.util.JvmPauseMonitor$$Lambda$730/107283225.run(Unknown Source)
        at java.lang.Thread.run(Thread.java:750)
"PartialTableCache Cleanup Thread - 0" daemon prio=5 tid=1619 in Object.wait()
java.lang.Thread.State: WAITING (on object monitor)
        at sun.misc.Unsafe.park(Native Method)
        at java.util.concurrent.locks.LockSupport.park(LockSupport.java:175)
        at java.util.concurrent.locks.AbstractQueuedSynchronizer$ConditionObject.await(AbstractQueuedSynchronizer.java:2039)
        at java.util.concurrent.LinkedBlockingQueue.take(LinkedBlockingQueue.java:442)
        at java.util.concurrent.ThreadPoolExecutor.getTask(ThreadPoolExecutor.java:1074)
        at java.util.concurrent.ThreadPoolExecutor.runWorker(ThreadPoolExecutor.java:1134)
        at java.util.concurrent.ThreadPoolExecutor$Worker.run(ThreadPoolExecutor.java:624)
        at java.lang.Thread.run(Thread.java:750)
"BlockDeletingService#0" daemon prio=5 tid=1461 in Object.wait()
java.lang.Thread.State: WAITING (on object monitor)
        at sun.misc.Unsafe.park(Native Method)
        at java.util.concurrent.locks.LockSupport.park(LockSupport.java:175)
        at java.util.concurrent.locks.AbstractQueuedSynchronizer$ConditionObject.await(AbstractQueuedSynchronizer.java:2039)
        at java.util.concurrent.ScheduledThreadPoolExecutor$DelayedWorkQueue.take(ScheduledThreadPoolExecutor.java:1088)
        at java.util.concurrent.ScheduledThreadPoolExecutor$DelayedWorkQueue.take(ScheduledThreadPoolExecutor.java:809)
        at java.util.concurrent.ThreadPoolExecutor.getTask(ThreadPoolExecutor.java:1074)
        at java.util.concurrent.ThreadPoolExecutor.runWorker(ThreadPoolExecutor.java:1134)
        at java.util.concurrent.ThreadPoolExecutor$Worker.run(ThreadPoolExecutor.java:624)
        at java.lang.Thread.run(Thread.java:750)
"IPC Server handler 10 on default port 38387" daemon prio=5 tid=1153 timed_waiting
java.lang.Thread.State: TIMED_WAITING
        at sun.misc.Unsafe.park(Native Method)
        at java.util.concurrent.locks.LockSupport.parkNanos(LockSupport.java:215)
        at java.util.concurrent.locks.AbstractQueuedSynchronizer$ConditionObject.awaitNanos(AbstractQueuedSynchronizer.java:2078)
        at java.util.concurrent.LinkedBlockingQueue.poll(LinkedBlockingQueue.java:467)
        at org.apache.hadoop.ipc.CallQueueManager.take(CallQueueManager.java:317)
        at org.apache.hadoop.ipc.Server$Handler.run(Server.java:2942)
"grpc-default-worker-ELG-5-1" daemon prio=5 tid=916 runnable
java.lang.Thread.State: RUNNABLE
        at org.apache.ratis.thirdparty.io.netty.channel.epoll.Native.epollWait0(Native Method)
        at org.apache.ratis.thirdparty.io.netty.channel.epoll.Native.epollWait(Native.java:182)
        at org.apache.ratis.thirdparty.io.netty.channel.epoll.EpollEventLoop.epollWait(EpollEventLoop.java:290)
        at org.apache.ratis.thirdparty.io.netty.channel.epoll.EpollEventLoop.run(EpollEventLoop.java:354)
        at org.apache.ratis.thirdparty.io.netty.util.concurrent.SingleThreadEventExecutor$4.run(SingleThreadEventExecutor.java:995)
        at org.apache.ratis.thirdparty.io.netty.util.internal.ThreadExecutorMap$2.run(ThreadExecutorMap.java:74)
        at org.apache.ratis.thirdparty.io.netty.util.concurrent.FastThreadLocalRunnable.run(FastThreadLocalRunnable.java:30)
        at java.lang.Thread.run(Thread.java:750)
"qtp2061281899-1219" daemon prio=5 tid=1219 timed_waiting
java.lang.Thread.State: TIMED_WAITING
        at sun.misc.Unsafe.park(Native Method)
        at java.util.concurrent.locks.LockSupport.parkNanos(LockSupport.java:215)
        at java.util.concurrent.locks.AbstractQueuedSynchronizer$ConditionObject.awaitNanos(AbstractQueuedSynchronizer.java:2078)
        at org.eclipse.jetty.util.BlockingArrayQueue.poll(BlockingArrayQueue.java:382)
        at org.eclipse.jetty.util.thread.QueuedThreadPool$Runner.idleJobPoll(QueuedThreadPool.java:974)
        at org.eclipse.jetty.util.thread.QueuedThreadPool$Runner.run(QueuedThreadPool.java:1018)
        at java.lang.Thread.run(Thread.java:750)
"IPC Server handler 11 on default port 43083" daemon prio=5 tid=1236 timed_waiting
java.lang.Thread.State: TIMED_WAITING
        at sun.misc.Unsafe.park(Native Method)
        at java.util.concurrent.locks.LockSupport.parkNanos(LockSupport.java:215)
        at java.util.concurrent.locks.AbstractQueuedSynchronizer$ConditionObject.awaitNanos(AbstractQueuedSynchronizer.java:2078)
        at java.util.concurrent.LinkedBlockingQueue.poll(LinkedBlockingQueue.java:467)
        at org.apache.hadoop.ipc.CallQueueManager.take(CallQueueManager.java:317)
        at org.apache.hadoop.ipc.Server$Handler.run(Server.java:2942)
"FixedThreadPoolWithAffinityExecutor-1-0" daemon prio=5 tid=1111 timed_waiting
java.lang.Thread.State: TIMED_WAITING
        at sun.misc.Unsafe.park(Native Method)
        at java.util.concurrent.locks.LockSupport.parkNanos(LockSupport.java:215)
        at java.util.concurrent.locks.AbstractQueuedSynchronizer$ConditionObject.awaitNanos(AbstractQueuedSynchronizer.java:2078)
        at java.util.concurrent.LinkedBlockingQueue.poll(LinkedBlockingQueue.java:467)
        at org.apache.hadoop.hdds.scm.server.ContainerReportQueue.poll(ContainerReportQueue.java:266)
        at org.apache.hadoop.hdds.scm.server.ContainerReportQueue.poll(ContainerReportQueue.java:42)
        at org.apache.hadoop.hdds.server.events.FixedThreadPoolWithAffinityExecutor$ContainerReportProcessTask.run(FixedThreadPoolWithAffinityExecutor.java:218)
        at java.util.concurrent.Executors$RunnableAdapter.call(Executors.java:511)
        at java.util.concurrent.FutureTask.run(FutureTask.java:266)
        at java.util.concurrent.ThreadPoolExecutor.runWorker(ThreadPoolExecutor.java:1149)
        at java.util.concurrent.ThreadPoolExecutor$Worker.run(ThreadPoolExecutor.java:624)
        at java.lang.Thread.run(Thread.java:750)
"Datanode State Machine Task Thread - 0"  prio=5 tid=1271 in Object.wait()
java.lang.Thread.State: WAITING (on object monitor)
        at sun.misc.Unsafe.park(Native Method)
        at java.util.concurrent.locks.LockSupport.park(LockSupport.java:175)
        at java.util.concurrent.locks.AbstractQueuedSynchronizer$ConditionObject.await(AbstractQueuedSynchronizer.java:2039)
        at java.util.concurrent.LinkedBlockingQueue.take(LinkedBlockingQueue.java:442)
        at java.util.concurrent.ThreadPoolExecutor.getTask(ThreadPoolExecutor.java:1074)
        at java.util.concurrent.ThreadPoolExecutor.runWorker(ThreadPoolExecutor.java:1134)
        at java.util.concurrent.ThreadPoolExecutor$Worker.run(ThreadPoolExecutor.java:624)
        at java.lang.Thread.run(Thread.java:750)
"ChunkWriter-0-0" daemon prio=5 tid=1431 in Object.wait()
java.lang.Thread.State: WAITING (on object monitor)
        at sun.misc.Unsafe.park(Native Method)
        at java.util.concurrent.locks.LockSupport.park(LockSupport.java:175)
        at java.util.concurrent.locks.AbstractQueuedSynchronizer$ConditionObject.await(AbstractQueuedSynchronizer.java:2039)
        at java.util.concurrent.LinkedBlockingDeque.takeFirst(LinkedBlockingDeque.java:492)
        at java.util.concurrent.LinkedBlockingDeque.take(LinkedBlockingDeque.java:680)
        at java.util.concurrent.ThreadPoolExecutor.getTask(ThreadPoolExecutor.java:1074)
        at java.util.concurrent.ThreadPoolExecutor.runWorker(ThreadPoolExecutor.java:1134)
        at java.util.concurrent.ThreadPoolExecutor$Worker.run(ThreadPoolExecutor.java:624)
        at java.lang.Thread.run(Thread.java:750)
"BlockDeletingService#1" daemon prio=5 tid=1464 timed_waiting
java.lang.Thread.State: TIMED_WAITING
        at sun.misc.Unsafe.park(Native Method)
        at java.util.concurrent.locks.LockSupport.parkNanos(LockSupport.java:215)
        at java.util.concurrent.locks.AbstractQueuedSynchronizer$ConditionObject.awaitNanos(AbstractQueuedSynchronizer.java:2078)
        at java.util.concurrent.ScheduledThreadPoolExecutor$DelayedWorkQueue.take(ScheduledThreadPoolExecutor.java:1093)
        at java.util.concurrent.ScheduledThreadPoolExecutor$DelayedWorkQueue.take(ScheduledThreadPoolExecutor.java:809)
        at java.util.concurrent.ThreadPoolExecutor.getTask(ThreadPoolExecutor.java:1074)
        at java.util.concurrent.ThreadPoolExecutor.runWorker(ThreadPoolExecutor.java:1134)
        at java.util.concurrent.ThreadPoolExecutor$Worker.run(ThreadPoolExecutor.java:624)
        at java.lang.Thread.run(Thread.java:750)
"Datanode State Machine Daemon Thread" daemon prio=5 tid=1369 timed_waiting
java.lang.Thread.State: TIMED_WAITING
        at java.lang.Thread.sleep(Native Method)
        at org.apache.hadoop.ozone.container.common.statemachine.DatanodeStateMachine.startStateMachineThread(DatanodeStateMachine.java:321)
        at org.apache.hadoop.ozone.container.common.statemachine.DatanodeStateMachine.lambda$startDaemon$0(DatanodeStateMachine.java:506)
        at org.apache.hadoop.ozone.container.common.statemachine.DatanodeStateMachine$$Lambda$806/862525395.run(Unknown Source)
        at java.lang.Thread.run(Thread.java:750)
"qtp622955604-1257" daemon prio=5 tid=1257 timed_waiting
java.lang.Thread.State: TIMED_WAITING
        at sun.misc.Unsafe.park(Native Method)
        at java.util.concurrent.locks.LockSupport.parkNanos(LockSupport.java:215)
        at java.util.concurrent.locks.AbstractQueuedSynchronizer$ConditionObject.awaitNanos(AbstractQueuedSynchronizer.java:2078)
        at org.eclipse.jetty.util.BlockingArrayQueue.poll(BlockingArrayQueue.java:382)
        at org.eclipse.jetty.util.thread.QueuedThreadPool$Runner.idleJobPoll(QueuedThreadPool.java:974)
        at org.eclipse.jetty.util.thread.QueuedThreadPool$Runner.run(QueuedThreadPool.java:1018)
        at java.lang.Thread.run(Thread.java:750)
"IPC Server handler 18 on default port 43615" daemon prio=5 tid=1181 timed_waiting
java.lang.Thread.State: TIMED_WAITING
        at sun.misc.Unsafe.park(Native Method)
        at java.util.concurrent.locks.LockSupport.parkNanos(LockSupport.java:215)
        at java.util.concurrent.locks.AbstractQueuedSynchronizer$ConditionObject.awaitNanos(AbstractQueuedSynchronizer.java:2078)
        at java.util.concurrent.LinkedBlockingQueue.poll(LinkedBlockingQueue.java:467)
        at org.apache.hadoop.ipc.CallQueueManager.take(CallQueueManager.java:317)
        at org.apache.hadoop.ipc.Server$Handler.run(Server.java:2942)
"SCMBlockDeletingService#0" daemon prio=5 tid=1183 timed_waiting
java.lang.Thread.State: TIMED_WAITING
        at sun.misc.Unsafe.park(Native Method)
        at java.util.concurrent.locks.LockSupport.parkNanos(LockSupport.java:215)
        at java.util.concurrent.locks.AbstractQueuedSynchronizer$ConditionObject.awaitNanos(AbstractQueuedSynchronizer.java:2078)
        at java.util.concurrent.ScheduledThreadPoolExecutor$DelayedWorkQueue.take(ScheduledThreadPoolExecutor.java:1093)
        at java.util.concurrent.ScheduledThreadPoolExecutor$DelayedWorkQueue.take(ScheduledThreadPoolExecutor.java:809)
        at java.util.concurrent.ThreadPoolExecutor.getTask(ThreadPoolExecutor.java:1074)
        at java.util.concurrent.ThreadPoolExecutor.runWorker(ThreadPoolExecutor.java:1134)
        at java.util.concurrent.ThreadPoolExecutor$Worker.run(ThreadPoolExecutor.java:624)
        at java.lang.Thread.run(Thread.java:750)
"Datanode State Machine Task Thread - 1"  prio=5 tid=1417 in Object.wait()
java.lang.Thread.State: WAITING (on object monitor)
        at sun.misc.Unsafe.park(Native Method)
        at java.util.concurrent.locks.LockSupport.park(LockSupport.java:175)
        at java.util.concurrent.locks.AbstractQueuedSynchronizer$ConditionObject.await(AbstractQueuedSynchronizer.java:2039)
        at java.util.concurrent.LinkedBlockingQueue.take(LinkedBlockingQueue.java:442)
        at java.util.concurrent.ThreadPoolExecutor.getTask(ThreadPoolExecutor.java:1074)
        at java.util.concurrent.ThreadPoolExecutor.runWorker(ThreadPoolExecutor.java:1134)
        at java.util.concurrent.ThreadPoolExecutor$Worker.run(ThreadPoolExecutor.java:624)
        at java.lang.Thread.run(Thread.java:750)
"Datanode State Machine Daemon Thread" daemon prio=5 tid=1315 timed_waiting
java.lang.Thread.State: TIMED_WAITING
        at java.lang.Thread.sleep(Native Method)
        at org.apache.hadoop.ozone.container.common.statemachine.DatanodeStateMachine.startStateMachineThread(DatanodeStateMachine.java:321)
        at org.apache.hadoop.ozone.container.common.statemachine.DatanodeStateMachine.lambda$startDaemon$0(DatanodeStateMachine.java:506)
        at org.apache.hadoop.ozone.container.common.statemachine.DatanodeStateMachine$$Lambda$806/862525395.run(Unknown Source)
        at java.lang.Thread.run(Thread.java:750)
"EndpointStateMachine task thread for /0.0.0.0:43615 - 0 "  prio=5 tid=1405 in Object.wait()
java.lang.Thread.State: WAITING (on object monitor)
        at sun.misc.Unsafe.park(Native Method)
        at java.util.concurrent.locks.LockSupport.park(LockSupport.java:175)
        at java.util.concurrent.locks.AbstractQueuedSynchronizer$ConditionObject.await(AbstractQueuedSynchronizer.java:2039)
        at java.util.concurrent.LinkedBlockingQueue.take(LinkedBlockingQueue.java:442)
        at java.util.concurrent.ThreadPoolExecutor.getTask(ThreadPoolExecutor.java:1074)
        at java.util.concurrent.ThreadPoolExecutor.runWorker(ThreadPoolExecutor.java:1134)
        at java.util.concurrent.ThreadPoolExecutor$Worker.run(ThreadPoolExecutor.java:624)
        at java.lang.Thread.run(Thread.java:750)
"pool-583-thread-1" daemon prio=5 tid=1301 timed_waiting
java.lang.Thread.State: TIMED_WAITING
        at sun.misc.Unsafe.park(Native Method)
        at java.util.concurrent.locks.LockSupport.parkNanos(LockSupport.java:215)
        at java.util.concurrent.locks.AbstractQueuedSynchronizer$ConditionObject.awaitNanos(AbstractQueuedSynchronizer.java:2078)
        at java.util.concurrent.ScheduledThreadPoolExecutor$DelayedWorkQueue.take(ScheduledThreadPoolExecutor.java:1093)
        at java.util.concurrent.ScheduledThreadPoolExecutor$DelayedWorkQueue.take(ScheduledThreadPoolExecutor.java:809)
        at java.util.concurrent.ThreadPoolExecutor.getTask(ThreadPoolExecutor.java:1074)
        at java.util.concurrent.ThreadPoolExecutor.runWorker(ThreadPoolExecutor.java:1134)
        at java.util.concurrent.ThreadPoolExecutor$Worker.run(ThreadPoolExecutor.java:624)
        at java.lang.Thread.run(Thread.java:750)
"qtp622955604-1255" daemon prio=5 tid=1255 timed_waiting
java.lang.Thread.State: TIMED_WAITING
        at sun.misc.Unsafe.park(Native Method)
        at java.util.concurrent.locks.LockSupport.parkNanos(LockSupport.java:215)
        at java.util.concurrent.locks.AbstractQueuedSynchronizer$ConditionObject.awaitNanos(AbstractQueuedSynchronizer.java:2078)
        at org.eclipse.jetty.util.BlockingArrayQueue.poll(BlockingArrayQueue.java:382)
        at org.eclipse.jetty.util.thread.QueuedThreadPool$Runner.idleJobPoll(QueuedThreadPool.java:974)
        at org.eclipse.jetty.util.thread.QueuedThreadPool$Runner.run(QueuedThreadPool.java:1018)
        at java.lang.Thread.run(Thread.java:750)
"StaleRecoveringContainerScrubbingService#0" daemon prio=5 tid=1450 in Object.wait()
java.lang.Thread.State: WAITING (on object monitor)
        at sun.misc.Unsafe.park(Native Method)
        at java.util.concurrent.locks.LockSupport.park(LockSupport.java:175)
        at java.util.concurrent.locks.AbstractQueuedSynchronizer$ConditionObject.await(AbstractQueuedSynchronizer.java:2039)
        at java.util.concurrent.ScheduledThreadPoolExecutor$DelayedWorkQueue.take(ScheduledThreadPoolExecutor.java:1088)
        at java.util.concurrent.ScheduledThreadPoolExecutor$DelayedWorkQueue.take(ScheduledThreadPoolExecutor.java:809)
        at java.util.concurrent.ThreadPoolExecutor.getTask(ThreadPoolExecutor.java:1074)
        at java.util.concurrent.ThreadPoolExecutor.runWorker(ThreadPoolExecutor.java:1134)
        at java.util.concurrent.ThreadPoolExecutor$Worker.run(ThreadPoolExecutor.java:624)
        at java.lang.Thread.run(Thread.java:750)
"prometheus" daemon prio=5 tid=1121 in Object.wait()
java.lang.Thread.State: WAITING (on object monitor)
        at java.lang.Object.wait(Native Method)
        at java.lang.Object.wait(Object.java:502)
        at org.apache.hadoop.metrics2.impl.SinkQueue.waitForData(SinkQueue.java:114)
        at org.apache.hadoop.metrics2.impl.SinkQueue.consumeAll(SinkQueue.java:83)
        at org.apache.hadoop.metrics2.impl.MetricsSinkAdapter.publishMetricsFromQueue(MetricsSinkAdapter.java:135)
        at org.apache.hadoop.metrics2.impl.MetricsSinkAdapter$1.run(MetricsSinkAdapter.java:89)
"Command processor thread" daemon prio=5 tid=1401 timed_waiting
java.lang.Thread.State: TIMED_WAITING
        at java.lang.Thread.sleep(Native Method)
        at org.apache.hadoop.ozone.container.common.statemachine.DatanodeStateMachine.lambda$initCommandHandlerThread$3(DatanodeStateMachine.java:641)
        at org.apache.hadoop.ozone.container.common.statemachine.DatanodeStateMachine$$Lambda$817/1351828566.run(Unknown Source)
        at java.lang.Thread.run(Thread.java:750)
"IPC Server handler 13 on default port 36375" daemon prio=5 tid=1136 timed_waiting
java.lang.Thread.State: TIMED_WAITING
        at sun.misc.Unsafe.park(Native Method)
        at java.util.concurrent.locks.LockSupport.parkNanos(LockSupport.java:215)
        at java.util.concurrent.locks.AbstractQueuedSynchronizer$ConditionObject.awaitNanos(AbstractQueuedSynchronizer.java:2078)
        at java.util.concurrent.LinkedBlockingQueue.poll(LinkedBlockingQueue.java:467)
        at org.apache.hadoop.ipc.CallQueueManager.take(CallQueueManager.java:317)
        at org.apache.hadoop.ipc.Server$Handler.run(Server.java:2942)
"StaleRecoveringContainerScrubbingService#0" daemon prio=5 tid=1426 in Object.wait()
java.lang.Thread.State: WAITING (on object monitor)
        at sun.misc.Unsafe.park(Native Method)
        at java.util.concurrent.locks.LockSupport.park(LockSupport.java:175)
        at java.util.concurrent.locks.AbstractQueuedSynchronizer$ConditionObject.await(AbstractQueuedSynchronizer.java:2039)
        at java.util.concurrent.ScheduledThreadPoolExecutor$DelayedWorkQueue.take(ScheduledThreadPoolExecutor.java:1088)
        at java.util.concurrent.ScheduledThreadPoolExecutor$DelayedWorkQueue.take(ScheduledThreadPoolExecutor.java:809)
        at java.util.concurrent.ThreadPoolExecutor.getTask(ThreadPoolExecutor.java:1074)
        at java.util.concurrent.ThreadPoolExecutor.runWorker(ThreadPoolExecutor.java:1134)
        at java.util.concurrent.ThreadPoolExecutor$Worker.run(ThreadPoolExecutor.java:624)
        at java.lang.Thread.run(Thread.java:750)
"ChunkWriter-2-0" daemon prio=5 tid=1421 in Object.wait()
java.lang.Thread.State: WAITING (on object monitor)
        at sun.misc.Unsafe.park(Native Method)
        at java.util.concurrent.locks.LockSupport.park(LockSupport.java:175)
        at java.util.concurrent.locks.AbstractQueuedSynchronizer$ConditionObject.await(AbstractQueuedSynchronizer.java:2039)
        at java.util.concurrent.LinkedBlockingDeque.takeFirst(LinkedBlockingDeque.java:492)
        at java.util.concurrent.LinkedBlockingDeque.take(LinkedBlockingDeque.java:680)
        at java.util.concurrent.ThreadPoolExecutor.getTask(ThreadPoolExecutor.java:1074)
        at java.util.concurrent.ThreadPoolExecutor.runWorker(ThreadPoolExecutor.java:1134)
        at java.util.concurrent.ThreadPoolExecutor$Worker.run(ThreadPoolExecutor.java:624)
        at java.lang.Thread.run(Thread.java:750)
"IPC Server handler 16 on default port 43615" daemon prio=5 tid=1179 timed_waiting
java.lang.Thread.State: TIMED_WAITING
        at sun.misc.Unsafe.park(Native Method)
        at java.util.concurrent.locks.LockSupport.parkNanos(LockSupport.java:215)
        at java.util.concurrent.locks.AbstractQueuedSynchronizer$ConditionObject.awaitNanos(AbstractQueuedSynchronizer.java:2078)
        at java.util.concurrent.LinkedBlockingQueue.poll(LinkedBlockingQueue.java:467)
        at org.apache.hadoop.ipc.CallQueueManager.take(CallQueueManager.java:317)
        at org.apache.hadoop.ipc.Server$Handler.run(Server.java:2942)
"PartialTableCache Cleanup Thread - 0" daemon prio=5 tid=1621 in Object.wait()
java.lang.Thread.State: WAITING (on object monitor)
        at sun.misc.Unsafe.park(Native Method)
        at java.util.concurrent.locks.LockSupport.park(LockSupport.java:175)
        at java.util.concurrent.locks.AbstractQueuedSynchronizer$ConditionObject.await(AbstractQueuedSynchronizer.java:2039)
        at java.util.concurrent.LinkedBlockingQueue.take(LinkedBlockingQueue.java:442)
        at java.util.concurrent.ThreadPoolExecutor.getTask(ThreadPoolExecutor.java:1074)
        at java.util.concurrent.ThreadPoolExecutor.runWorker(ThreadPoolExecutor.java:1134)
        at java.util.concurrent.ThreadPoolExecutor$Worker.run(ThreadPoolExecutor.java:624)
        at java.lang.Thread.run(Thread.java:750)
"IPC Server idle connection scanner for port 43083" daemon prio=5 tid=1205 timed_waiting
java.lang.Thread.State: TIMED_WAITING
        at java.lang.Object.wait(Native Method)
        at java.util.TimerThread.mainLoop(Timer.java:552)
        at java.util.TimerThread.run(Timer.java:505)
"IPC Server handler 11 on default port 38387" daemon prio=5 tid=1154 timed_waiting
java.lang.Thread.State: TIMED_WAITING
        at sun.misc.Unsafe.park(Native Method)
        at java.util.concurrent.locks.LockSupport.parkNanos(LockSupport.java:215)
        at java.util.concurrent.locks.AbstractQueuedSynchronizer$ConditionObject.awaitNanos(AbstractQueuedSynchronizer.java:2078)
        at java.util.concurrent.LinkedBlockingQueue.poll(LinkedBlockingQueue.java:467)
        at org.apache.hadoop.ipc.CallQueueManager.take(CallQueueManager.java:317)
        at org.apache.hadoop.ipc.Server$Handler.run(Server.java:2942)
"Datanode ReportManager Thread - 1" daemon prio=5 tid=1265 timed_waiting
java.lang.Thread.State: TIMED_WAITING
        at sun.misc.Unsafe.park(Native Method)
        at java.util.concurrent.locks.LockSupport.parkNanos(LockSupport.java:215)
        at java.util.concurrent.locks.AbstractQueuedSynchronizer$ConditionObject.awaitNanos(AbstractQueuedSynchronizer.java:2078)
        at java.util.concurrent.ScheduledThreadPoolExecutor$DelayedWorkQueue.take(ScheduledThreadPoolExecutor.java:1093)
        at java.util.concurrent.ScheduledThreadPoolExecutor$DelayedWorkQueue.take(ScheduledThreadPoolExecutor.java:809)
        at java.util.concurrent.ThreadPoolExecutor.getTask(ThreadPoolExecutor.java:1074)
        at java.util.concurrent.ThreadPoolExecutor.runWorker(ThreadPoolExecutor.java:1134)
        at java.util.concurrent.ThreadPoolExecutor$Worker.run(ThreadPoolExecutor.java:624)
        at java.lang.Thread.run(Thread.java:750)
"pool-560-thread-1" daemon prio=5 tid=1275 timed_waiting
java.lang.Thread.State: TIMED_WAITING
        at sun.misc.Unsafe.park(Native Method)
        at java.util.concurrent.locks.LockSupport.parkNanos(LockSupport.java:215)
        at java.util.concurrent.locks.AbstractQueuedSynchronizer$ConditionObject.awaitNanos(AbstractQueuedSynchronizer.java:2078)
        at java.util.concurrent.ScheduledThreadPoolExecutor$DelayedWorkQueue.take(ScheduledThreadPoolExecutor.java:1093)
        at java.util.concurrent.ScheduledThreadPoolExecutor$DelayedWorkQueue.take(ScheduledThreadPoolExecutor.java:809)
        at java.util.concurrent.ThreadPoolExecutor.getTask(ThreadPoolExecutor.java:1074)
        at java.util.concurrent.ThreadPoolExecutor.runWorker(ThreadPoolExecutor.java:1134)
        at java.util.concurrent.ThreadPoolExecutor$Worker.run(ThreadPoolExecutor.java:624)
        at java.lang.Thread.run(Thread.java:750)
"0803b3f8-d7a7-4034-819c-d574a53cd8d2@group-E7106E4C0F9A-StateMachineUpdater" daemon prio=5 tid=1531 timed_waiting
java.lang.Thread.State: TIMED_WAITING
        at sun.misc.Unsafe.park(Native Method)
        at java.util.concurrent.locks.LockSupport.parkNanos(LockSupport.java:215)
        at java.util.concurrent.CompletableFuture$Signaller.block(CompletableFuture.java:1709)
        at java.util.concurrent.ForkJoinPool.managedBlock(ForkJoinPool.java:3323)
        at java.util.concurrent.CompletableFuture.timedGet(CompletableFuture.java:1788)
        at java.util.concurrent.CompletableFuture.get(CompletableFuture.java:1928)
        at org.apache.ratis.util.AwaitForSignal.await(AwaitForSignal.java:56)
        at org.apache.ratis.server.impl.StateMachineUpdater.waitForCommit(StateMachineUpdater.java:207)
        at org.apache.ratis.server.impl.StateMachineUpdater.run(StateMachineUpdater.java:176)
        at java.lang.Thread.run(Thread.java:750)
"ChunkWriter-2-0" daemon prio=5 tid=1469 in Object.wait()
java.lang.Thread.State: WAITING (on object monitor)
        at sun.misc.Unsafe.park(Native Method)
        at java.util.concurrent.locks.LockSupport.park(LockSupport.java:175)
        at java.util.concurrent.locks.AbstractQueuedSynchronizer$ConditionObject.await(AbstractQueuedSynchronizer.java:2039)
        at java.util.concurrent.LinkedBlockingDeque.takeFirst(LinkedBlockingDeque.java:492)
        at java.util.concurrent.LinkedBlockingDeque.take(LinkedBlockingDeque.java:680)
        at java.util.concurrent.ThreadPoolExecutor.getTask(ThreadPoolExecutor.java:1074)
        at java.util.concurrent.ThreadPoolExecutor.runWorker(ThreadPoolExecutor.java:1134)
        at java.util.concurrent.ThreadPoolExecutor$Worker.run(ThreadPoolExecutor.java:624)
        at java.lang.Thread.run(Thread.java:750)
"Datanode ReportManager Thread - 0" daemon prio=5 tid=1396 in Object.wait()
java.lang.Thread.State: WAITING (on object monitor)
        at sun.misc.Unsafe.park(Native Method)
        at java.util.concurrent.locks.LockSupport.park(LockSupport.java:175)
        at java.util.concurrent.locks.AbstractQueuedSynchronizer$ConditionObject.await(AbstractQueuedSynchronizer.java:2039)
        at java.util.concurrent.ScheduledThreadPoolExecutor$DelayedWorkQueue.take(ScheduledThreadPoolExecutor.java:1088)
        at java.util.concurrent.ScheduledThreadPoolExecutor$DelayedWorkQueue.take(ScheduledThreadPoolExecutor.java:809)
        at java.util.concurrent.ThreadPoolExecutor.getTask(ThreadPoolExecutor.java:1074)
        at java.util.concurrent.ThreadPoolExecutor.runWorker(ThreadPoolExecutor.java:1134)
        at java.util.concurrent.ThreadPoolExecutor$Worker.run(ThreadPoolExecutor.java:624)
        at java.lang.Thread.run(Thread.java:750)
"IPC Server handler 10 on default port 43615" daemon prio=5 tid=1173 timed_waiting
java.lang.Thread.State: TIMED_WAITING
        at sun.misc.Unsafe.park(Native Method)
        at java.util.concurrent.locks.LockSupport.parkNanos(LockSupport.java:215)
        at java.util.concurrent.locks.AbstractQueuedSynchronizer$ConditionObject.awaitNanos(AbstractQueuedSynchronizer.java:2078)
        at java.util.concurrent.LinkedBlockingQueue.poll(LinkedBlockingQueue.java:467)
        at org.apache.hadoop.ipc.CallQueueManager.take(CallQueueManager.java:317)
        at org.apache.hadoop.ipc.Server$Handler.run(Server.java:2942)
"Socket Reader #1 for port 0"  prio=5 tid=1103 runnable
java.lang.Thread.State: RUNNABLE
        at sun.nio.ch.EPollArrayWrapper.epollWait(Native Method)
        at sun.nio.ch.EPollArrayWrapper.poll(EPollArrayWrapper.java:269)
        at sun.nio.ch.EPollSelectorImpl.doSelect(EPollSelectorImpl.java:93)
        at sun.nio.ch.SelectorImpl.lockAndDoSelect(SelectorImpl.java:86)
        at sun.nio.ch.SelectorImpl.select(SelectorImpl.java:97)
        at sun.nio.ch.SelectorImpl.select(SelectorImpl.java:101)
        at org.apache.hadoop.ipc.Server$Listener$Reader.doRunLoop(Server.java:1296)
        at org.apache.hadoop.ipc.Server$Listener$Reader.run(Server.java:1275)
"Datanode ReportManager Thread - 1" daemon prio=5 tid=1345 in Object.wait()
java.lang.Thread.State: WAITING (on object monitor)
        at sun.misc.Unsafe.park(Native Method)
        at java.util.concurrent.locks.LockSupport.park(LockSupport.java:175)
        at java.util.concurrent.locks.AbstractQueuedSynchronizer$ConditionObject.await(AbstractQueuedSynchronizer.java:2039)
        at java.util.concurrent.ScheduledThreadPoolExecutor$DelayedWorkQueue.take(ScheduledThreadPoolExecutor.java:1088)
        at java.util.concurrent.ScheduledThreadPoolExecutor$DelayedWorkQueue.take(ScheduledThreadPoolExecutor.java:809)
        at java.util.concurrent.ThreadPoolExecutor.getTask(ThreadPoolExecutor.java:1074)
        at java.util.concurrent.ThreadPoolExecutor.runWorker(ThreadPoolExecutor.java:1134)
        at java.util.concurrent.ThreadPoolExecutor$Worker.run(ThreadPoolExecutor.java:624)
        at java.lang.Thread.run(Thread.java:750)
"Periodic HDDS volume checker" daemon prio=5 tid=1379 timed_waiting
java.lang.Thread.State: TIMED_WAITING
        at sun.misc.Unsafe.park(Native Method)
        at java.util.concurrent.locks.LockSupport.parkNanos(LockSupport.java:215)
        at java.util.concurrent.locks.AbstractQueuedSynchronizer$ConditionObject.awaitNanos(AbstractQueuedSynchronizer.java:2078)
        at java.util.concurrent.ScheduledThreadPoolExecutor$DelayedWorkQueue.take(ScheduledThreadPoolExecutor.java:1093)
        at java.util.concurrent.ScheduledThreadPoolExecutor$DelayedWorkQueue.take(ScheduledThreadPoolExecutor.java:809)
        at java.util.concurrent.ThreadPoolExecutor.getTask(ThreadPoolExecutor.java:1074)
        at java.util.concurrent.ThreadPoolExecutor.runWorker(ThreadPoolExecutor.java:1134)
        at java.util.concurrent.ThreadPoolExecutor$Worker.run(ThreadPoolExecutor.java:624)
        at java.lang.Thread.run(Thread.java:750)
"Datanode ReportManager Thread - 0" daemon prio=5 tid=1370 in Object.wait()
java.lang.Thread.State: WAITING (on object monitor)
        at sun.misc.Unsafe.park(Native Method)
        at java.util.concurrent.locks.LockSupport.park(LockSupport.java:175)
        at java.util.concurrent.locks.AbstractQueuedSynchronizer$ConditionObject.await(AbstractQueuedSynchronizer.java:2039)
        at java.util.concurrent.ScheduledThreadPoolExecutor$DelayedWorkQueue.take(ScheduledThreadPoolExecutor.java:1088)
        at java.util.concurrent.ScheduledThreadPoolExecutor$DelayedWorkQueue.take(ScheduledThreadPoolExecutor.java:809)
        at java.util.concurrent.ThreadPoolExecutor.getTask(ThreadPoolExecutor.java:1074)
        at java.util.concurrent.ThreadPoolExecutor.runWorker(ThreadPoolExecutor.java:1134)
        at java.util.concurrent.ThreadPoolExecutor$Worker.run(ThreadPoolExecutor.java:624)
        at java.lang.Thread.run(Thread.java:750)
"IPC Server handler 11 on default port 36375" daemon prio=5 tid=1134 timed_waiting
java.lang.Thread.State: TIMED_WAITING
        at sun.misc.Unsafe.park(Native Method)
        at java.util.concurrent.locks.LockSupport.parkNanos(LockSupport.java:215)
        at java.util.concurrent.locks.AbstractQueuedSynchronizer$ConditionObject.awaitNanos(AbstractQueuedSynchronizer.java:2078)
        at java.util.concurrent.LinkedBlockingQueue.poll(LinkedBlockingQueue.java:467)
        at org.apache.hadoop.ipc.CallQueueManager.take(CallQueueManager.java:317)
        at org.apache.hadoop.ipc.Server$Handler.run(Server.java:2942)
"ChunkWriter-0-0" daemon prio=5 tid=1467 in Object.wait()
java.lang.Thread.State: WAITING (on object monitor)
        at sun.misc.Unsafe.park(Native Method)
        at java.util.concurrent.locks.LockSupport.park(LockSupport.java:175)
        at java.util.concurrent.locks.AbstractQueuedSynchronizer$ConditionObject.await(AbstractQueuedSynchronizer.java:2039)
        at java.util.concurrent.LinkedBlockingDeque.takeFirst(LinkedBlockingDeque.java:492)
        at java.util.concurrent.LinkedBlockingDeque.take(LinkedBlockingDeque.java:680)
        at java.util.concurrent.ThreadPoolExecutor.getTask(ThreadPoolExecutor.java:1074)
        at java.util.concurrent.ThreadPoolExecutor.runWorker(ThreadPoolExecutor.java:1134)
        at java.util.concurrent.ThreadPoolExecutor$Worker.run(ThreadPoolExecutor.java:624)
        at java.lang.Thread.run(Thread.java:750)
"IPC Server Responder" daemon prio=5 tid=1109 runnable
java.lang.Thread.State: RUNNABLE
        at sun.nio.ch.EPollArrayWrapper.epollWait(Native Method)
        at sun.nio.ch.EPollArrayWrapper.poll(EPollArrayWrapper.java:269)
        at sun.nio.ch.EPollSelectorImpl.doSelect(EPollSelectorImpl.java:93)
        at sun.nio.ch.SelectorImpl.lockAndDoSelect(SelectorImpl.java:86)
        at sun.nio.ch.SelectorImpl.select(SelectorImpl.java:97)
        at org.apache.hadoop.ipc.Server$Responder.doRunLoop(Server.java:1532)
        at org.apache.hadoop.ipc.Server$Responder.run(Server.java:1515)
"Command processor thread" daemon prio=5 tid=1349 timed_waiting
java.lang.Thread.State: TIMED_WAITING
        at java.lang.Thread.sleep(Native Method)
        at org.apache.hadoop.ozone.container.common.statemachine.DatanodeStateMachine.lambda$initCommandHandlerThread$3(DatanodeStateMachine.java:641)
        at org.apache.hadoop.ozone.container.common.statemachine.DatanodeStateMachine$$Lambda$817/1351828566.run(Unknown Source)
        at java.lang.Thread.run(Thread.java:750)
"Datanode State Machine Task Thread - 0"  prio=5 tid=1297 in Object.wait()
java.lang.Thread.State: WAITING (on object monitor)
        at sun.misc.Unsafe.park(Native Method)
        at java.util.concurrent.locks.LockSupport.park(LockSupport.java:175)
        at java.util.concurrent.locks.AbstractQueuedSynchronizer$ConditionObject.await(AbstractQueuedSynchronizer.java:2039)
        at java.util.concurrent.LinkedBlockingQueue.take(LinkedBlockingQueue.java:442)
        at java.util.concurrent.ThreadPoolExecutor.getTask(ThreadPoolExecutor.java:1074)
        at java.util.concurrent.ThreadPoolExecutor.runWorker(ThreadPoolExecutor.java:1134)
        at java.util.concurrent.ThreadPoolExecutor$Worker.run(ThreadPoolExecutor.java:624)
        at java.lang.Thread.run(Thread.java:750)
"EndpointStateMachine task thread for /0.0.0.0:43615 - 0 "  prio=5 tid=1466 in Object.wait()
java.lang.Thread.State: WAITING (on object monitor)
        at sun.misc.Unsafe.park(Native Method)
        at java.util.concurrent.locks.LockSupport.park(LockSupport.java:175)
        at java.util.concurrent.locks.AbstractQueuedSynchronizer$ConditionObject.await(AbstractQueuedSynchronizer.java:2039)
        at java.util.concurrent.LinkedBlockingQueue.take(LinkedBlockingQueue.java:442)
        at java.util.concurrent.ThreadPoolExecutor.getTask(ThreadPoolExecutor.java:1074)
        at java.util.concurrent.ThreadPoolExecutor.runWorker(ThreadPoolExecutor.java:1134)
        at java.util.concurrent.ThreadPoolExecutor$Worker.run(ThreadPoolExecutor.java:624)
        at java.lang.Thread.run(Thread.java:750)
"BlockDeletingService#2" daemon prio=5 tid=1626 in Object.wait()
java.lang.Thread.State: WAITING (on object monitor)
        at sun.misc.Unsafe.park(Native Method)
        at java.util.concurrent.locks.LockSupport.park(LockSupport.java:175)
        at java.util.concurrent.locks.AbstractQueuedSynchronizer$ConditionObject.await(AbstractQueuedSynchronizer.java:2039)
        at java.util.concurrent.ScheduledThreadPoolExecutor$DelayedWorkQueue.take(ScheduledThreadPoolExecutor.java:1088)
        at java.util.concurrent.ScheduledThreadPoolExecutor$DelayedWorkQueue.take(ScheduledThreadPoolExecutor.java:809)
        at java.util.concurrent.ThreadPoolExecutor.getTask(ThreadPoolExecutor.java:1074)
        at java.util.concurrent.ThreadPoolExecutor.runWorker(ThreadPoolExecutor.java:1134)
        at java.util.concurrent.ThreadPoolExecutor$Worker.run(ThreadPoolExecutor.java:624)
        at java.lang.Thread.run(Thread.java:750)
"Datanode ReportManager Thread - 3" daemon prio=5 tid=1347 in Object.wait()
java.lang.Thread.State: WAITING (on object monitor)
        at sun.misc.Unsafe.park(Native Method)
        at java.util.concurrent.locks.LockSupport.park(LockSupport.java:175)
        at java.util.concurrent.locks.AbstractQueuedSynchronizer$ConditionObject.await(AbstractQueuedSynchronizer.java:2039)
        at java.util.concurrent.ScheduledThreadPoolExecutor$DelayedWorkQueue.take(ScheduledThreadPoolExecutor.java:1088)
        at java.util.concurrent.ScheduledThreadPoolExecutor$DelayedWorkQueue.take(ScheduledThreadPoolExecutor.java:809)
        at java.util.concurrent.ThreadPoolExecutor.getTask(ThreadPoolExecutor.java:1074)
        at java.util.concurrent.ThreadPoolExecutor.runWorker(ThreadPoolExecutor.java:1134)
        at java.util.concurrent.ThreadPoolExecutor$Worker.run(ThreadPoolExecutor.java:624)
        at java.lang.Thread.run(Thread.java:750)
"qtp305277801-1335-acceptor-0@26460c71-ServerConnector@4069f369{HTTP/1.1, (http/1.1)}{0.0.0.0:33309}" daemon prio=3 tid=1335 runnable
java.lang.Thread.State: RUNNABLE
        at sun.nio.ch.ServerSocketChannelImpl.accept0(Native Method)
        at sun.nio.ch.ServerSocketChannelImpl.accept(ServerSocketChannelImpl.java:421)
        at sun.nio.ch.ServerSocketChannelImpl.accept(ServerSocketChannelImpl.java:249)
        at org.eclipse.jetty.server.ServerConnector.accept(ServerConnector.java:388)
        at org.eclipse.jetty.server.AbstractConnector$Acceptor.run(AbstractConnector.java:704)
        at org.eclipse.jetty.util.thread.QueuedThreadPool.runJob(QueuedThreadPool.java:883)
        at org.eclipse.jetty.util.thread.QueuedThreadPool$Runner.run(QueuedThreadPool.java:1034)
        at java.lang.Thread.run(Thread.java:750)
"EventQueue-NodeReportForNodeReportHandler" daemon prio=5 tid=1623 in Object.wait()
java.lang.Thread.State: WAITING (on object monitor)
        at sun.misc.Unsafe.park(Native Method)
        at java.util.concurrent.locks.LockSupport.park(LockSupport.java:175)
        at java.util.concurrent.locks.AbstractQueuedSynchronizer$ConditionObject.await(AbstractQueuedSynchronizer.java:2039)
        at java.util.concurrent.LinkedBlockingQueue.take(LinkedBlockingQueue.java:442)
        at java.util.concurrent.ThreadPoolExecutor.getTask(ThreadPoolExecutor.java:1074)
        at java.util.concurrent.ThreadPoolExecutor.runWorker(ThreadPoolExecutor.java:1134)
        at java.util.concurrent.ThreadPoolExecutor$Worker.run(ThreadPoolExecutor.java:624)
        at java.lang.Thread.run(Thread.java:750)
"ChunkWriter-2-0" daemon prio=5 tid=1445 in Object.wait()
java.lang.Thread.State: WAITING (on object monitor)
        at sun.misc.Unsafe.park(Native Method)
        at java.util.concurrent.locks.LockSupport.park(LockSupport.java:175)
        at java.util.concurrent.locks.AbstractQueuedSynchronizer$ConditionObject.await(AbstractQueuedSynchronizer.java:2039)
        at java.util.concurrent.LinkedBlockingDeque.takeFirst(LinkedBlockingDeque.java:492)
        at java.util.concurrent.LinkedBlockingDeque.take(LinkedBlockingDeque.java:680)
        at java.util.concurrent.ThreadPoolExecutor.getTask(ThreadPoolExecutor.java:1074)
        at java.util.concurrent.ThreadPoolExecutor.runWorker(ThreadPoolExecutor.java:1134)
        at java.util.concurrent.ThreadPoolExecutor$Worker.run(ThreadPoolExecutor.java:624)
        at java.lang.Thread.run(Thread.java:750)
"JvmPauseMonitor16" daemon prio=5 tid=1459 timed_waiting
java.lang.Thread.State: TIMED_WAITING
        at java.lang.Thread.sleep(Native Method)
        at java.lang.Thread.sleep(Thread.java:342)
        at java.util.concurrent.TimeUnit.sleep(TimeUnit.java:386)
        at org.apache.ratis.util.TimeDuration.sleep(TimeDuration.java:325)
        at org.apache.ratis.util.TimeDuration.sleep(TimeDuration.java:310)
        at org.apache.ratis.util.JvmPauseMonitor.detectPause(JvmPauseMonitor.java:119)
        at org.apache.ratis.util.JvmPauseMonitor.run(JvmPauseMonitor.java:108)
        at org.apache.ratis.util.JvmPauseMonitor$$Lambda$730/107283225.run(Unknown Source)
        at java.lang.Thread.run(Thread.java:750)
"IPC Server handler 12 on default port 43083" daemon prio=5 tid=1237 timed_waiting
java.lang.Thread.State: TIMED_WAITING
        at sun.misc.Unsafe.park(Native Method)
        at java.util.concurrent.locks.LockSupport.parkNanos(LockSupport.java:215)
        at java.util.concurrent.locks.AbstractQueuedSynchronizer$ConditionObject.awaitNanos(AbstractQueuedSynchronizer.java:2078)
        at java.util.concurrent.LinkedBlockingQueue.poll(LinkedBlockingQueue.java:467)
        at org.apache.hadoop.ipc.CallQueueManager.take(CallQueueManager.java:317)
        at org.apache.hadoop.ipc.Server$Handler.run(Server.java:2942)
"Periodic HDDS volume checker" daemon prio=5 tid=1327 timed_waiting
java.lang.Thread.State: TIMED_WAITING
        at sun.misc.Unsafe.park(Native Method)
        at java.util.concurrent.locks.LockSupport.parkNanos(LockSupport.java:215)
        at java.util.concurrent.locks.AbstractQueuedSynchronizer$ConditionObject.awaitNanos(AbstractQueuedSynchronizer.java:2078)
        at java.util.concurrent.ScheduledThreadPoolExecutor$DelayedWorkQueue.take(ScheduledThreadPoolExecutor.java:1093)
        at java.util.concurrent.ScheduledThreadPoolExecutor$DelayedWorkQueue.take(ScheduledThreadPoolExecutor.java:809)
        at java.util.concurrent.ThreadPoolExecutor.getTask(ThreadPoolExecutor.java:1074)
        at java.util.concurrent.ThreadPoolExecutor.runWorker(ThreadPoolExecutor.java:1134)
        at java.util.concurrent.ThreadPoolExecutor$Worker.run(ThreadPoolExecutor.java:624)
        at java.lang.Thread.run(Thread.java:750)
"Socket Reader #1 for port 0"  prio=5 tid=1107 runnable
java.lang.Thread.State: RUNNABLE
        at sun.nio.ch.EPollArrayWrapper.epollWait(Native Method)
        at sun.nio.ch.EPollArrayWrapper.poll(EPollArrayWrapper.java:269)
        at sun.nio.ch.EPollSelectorImpl.doSelect(EPollSelectorImpl.java:93)
        at sun.nio.ch.SelectorImpl.lockAndDoSelect(SelectorImpl.java:86)
        at sun.nio.ch.SelectorImpl.select(SelectorImpl.java:97)
        at sun.nio.ch.SelectorImpl.select(SelectorImpl.java:101)
        at org.apache.hadoop.ipc.Server$Listener$Reader.doRunLoop(Server.java:1296)
        at org.apache.hadoop.ipc.Server$Listener$Reader.run(Server.java:1275)
"qtp305277801-1339" daemon prio=5 tid=1339 timed_waiting
java.lang.Thread.State: TIMED_WAITING
        at sun.misc.Unsafe.park(Native Method)
        at java.util.concurrent.locks.LockSupport.parkNanos(LockSupport.java:215)
        at java.util.concurrent.locks.AbstractQueuedSynchronizer$ConditionObject.awaitNanos(AbstractQueuedSynchronizer.java:2078)
        at org.eclipse.jetty.util.BlockingArrayQueue.poll(BlockingArrayQueue.java:382)
        at org.eclipse.jetty.util.thread.QueuedThreadPool$Runner.idleJobPoll(QueuedThreadPool.java:974)
        at org.eclipse.jetty.util.thread.QueuedThreadPool$Runner.run(QueuedThreadPool.java:1018)
        at java.lang.Thread.run(Thread.java:750)
"Datanode ReportManager Thread - 4" daemon prio=5 tid=1374 in Object.wait()
java.lang.Thread.State: WAITING (on object monitor)
        at sun.misc.Unsafe.park(Native Method)
        at java.util.concurrent.locks.LockSupport.park(LockSupport.java:175)
        at java.util.concurrent.locks.AbstractQueuedSynchronizer$ConditionObject.await(AbstractQueuedSynchronizer.java:2039)
        at java.util.concurrent.ScheduledThreadPoolExecutor$DelayedWorkQueue.take(ScheduledThreadPoolExecutor.java:1088)
        at java.util.concurrent.ScheduledThreadPoolExecutor$DelayedWorkQueue.take(ScheduledThreadPoolExecutor.java:809)
        at java.util.concurrent.ThreadPoolExecutor.getTask(ThreadPoolExecutor.java:1074)
        at java.util.concurrent.ThreadPoolExecutor.runWorker(ThreadPoolExecutor.java:1134)
        at java.util.concurrent.ThreadPoolExecutor$Worker.run(ThreadPoolExecutor.java:624)
        at java.lang.Thread.run(Thread.java:750)
"IPC Server handler 6 on default port 43083" daemon prio=5 tid=1231 timed_waiting
java.lang.Thread.State: TIMED_WAITING
        at sun.misc.Unsafe.park(Native Method)
        at java.util.concurrent.locks.LockSupport.parkNanos(LockSupport.java:215)
        at java.util.concurrent.locks.AbstractQueuedSynchronizer$ConditionObject.awaitNanos(AbstractQueuedSynchronizer.java:2078)
        at java.util.concurrent.LinkedBlockingQueue.poll(LinkedBlockingQueue.java:467)
        at org.apache.hadoop.ipc.CallQueueManager.take(CallQueueManager.java:317)
        at org.apache.hadoop.ipc.Server$Handler.run(Server.java:2942)
"IPC Server handler 9 on default port 36375" daemon prio=5 tid=1132 timed_waiting
java.lang.Thread.State: TIMED_WAITING
        at sun.misc.Unsafe.park(Native Method)
        at java.util.concurrent.locks.LockSupport.parkNanos(LockSupport.java:215)
        at java.util.concurrent.locks.AbstractQueuedSynchronizer$ConditionObject.awaitNanos(AbstractQueuedSynchronizer.java:2078)
        at java.util.concurrent.LinkedBlockingQueue.poll(LinkedBlockingQueue.java:467)
        at org.apache.hadoop.ipc.CallQueueManager.take(CallQueueManager.java:317)
        at org.apache.hadoop.ipc.Server$Handler.run(Server.java:2942)
"qtp1292406739-1365" daemon prio=5 tid=1365 timed_waiting
java.lang.Thread.State: TIMED_WAITING
        at sun.misc.Unsafe.park(Native Method)
        at java.util.concurrent.locks.LockSupport.parkNanos(LockSupport.java:215)
        at java.util.concurrent.locks.AbstractQueuedSynchronizer$ConditionObject.awaitNanos(AbstractQueuedSynchronizer.java:2078)
        at org.eclipse.jetty.util.BlockingArrayQueue.poll(BlockingArrayQueue.java:382)
        at org.eclipse.jetty.util.thread.QueuedThreadPool$Runner.idleJobPoll(QueuedThreadPool.java:974)
        at org.eclipse.jetty.util.thread.QueuedThreadPool$Runner.run(QueuedThreadPool.java:1018)
        at java.lang.Thread.run(Thread.java:750)
"IPC Server handler 1 on default port 43615" daemon prio=5 tid=1164 timed_waiting
java.lang.Thread.State: TIMED_WAITING
        at sun.misc.Unsafe.park(Native Method)
        at java.util.concurrent.locks.LockSupport.parkNanos(LockSupport.java:215)
        at java.util.concurrent.locks.AbstractQueuedSynchronizer$ConditionObject.awaitNanos(AbstractQueuedSynchronizer.java:2078)
        at java.util.concurrent.LinkedBlockingQueue.poll(LinkedBlockingQueue.java:467)
        at org.apache.hadoop.ipc.CallQueueManager.take(CallQueueManager.java:317)
        at org.apache.hadoop.ipc.Server$Handler.run(Server.java:2942)
"IPC Server handler 8 on default port 43615" daemon prio=5 tid=1171 timed_waiting
java.lang.Thread.State: TIMED_WAITING
        at sun.misc.Unsafe.park(Native Method)
        at java.util.concurrent.locks.LockSupport.parkNanos(LockSupport.java:215)
        at java.util.concurrent.locks.AbstractQueuedSynchronizer$ConditionObject.awaitNanos(AbstractQueuedSynchronizer.java:2078)
        at java.util.concurrent.LinkedBlockingQueue.poll(LinkedBlockingQueue.java:467)
        at org.apache.hadoop.ipc.CallQueueManager.take(CallQueueManager.java:317)
        at org.apache.hadoop.ipc.Server$Handler.run(Server.java:2942)
"Datanode State Machine Daemon Thread" daemon prio=5 tid=1343 timed_waiting
java.lang.Thread.State: TIMED_WAITING
        at java.lang.Thread.sleep(Native Method)
        at org.apache.hadoop.ozone.container.common.statemachine.DatanodeStateMachine.startStateMachineThread(DatanodeStateMachine.java:321)
        at org.apache.hadoop.ozone.container.common.statemachine.DatanodeStateMachine.lambda$startDaemon$0(DatanodeStateMachine.java:506)
        at org.apache.hadoop.ozone.container.common.statemachine.DatanodeStateMachine$$Lambda$806/862525395.run(Unknown Source)
        at java.lang.Thread.run(Thread.java:750)
"RatisPipelineUtilsThread - 0"  prio=5 tid=1091 timed_waiting
java.lang.Thread.State: TIMED_WAITING
        at java.lang.Object.wait(Native Method)
        at org.apache.hadoop.hdds.scm.pipeline.BackgroundPipelineCreator.run(BackgroundPipelineCreator.java:176)
        at org.apache.hadoop.hdds.scm.pipeline.BackgroundPipelineCreator$$Lambda$393/1518712038.run(Unknown Source)
        at java.lang.Thread.run(Thread.java:750)
"Datanode ReportManager Thread - 1" daemon prio=5 tid=1371 in Object.wait()
java.lang.Thread.State: WAITING (on object monitor)
        at sun.misc.Unsafe.park(Native Method)
        at java.util.concurrent.locks.LockSupport.park(LockSupport.java:175)
        at java.util.concurrent.locks.AbstractQueuedSynchronizer$ConditionObject.await(AbstractQueuedSynchronizer.java:2039)
        at java.util.concurrent.ScheduledThreadPoolExecutor$DelayedWorkQueue.take(ScheduledThreadPoolExecutor.java:1088)
        at java.util.concurrent.ScheduledThreadPoolExecutor$DelayedWorkQueue.take(ScheduledThreadPoolExecutor.java:809)
        at java.util.concurrent.ThreadPoolExecutor.getTask(ThreadPoolExecutor.java:1074)
        at java.util.concurrent.ThreadPoolExecutor.runWorker(ThreadPoolExecutor.java:1134)
        at java.util.concurrent.ThreadPoolExecutor$Worker.run(ThreadPoolExecutor.java:624)
        at java.lang.Thread.run(Thread.java:750)
"grpc-default-executor-3" daemon prio=5 tid=1560 timed_waiting
java.lang.Thread.State: TIMED_WAITING
        at sun.misc.Unsafe.park(Native Method)
        at java.util.concurrent.locks.LockSupport.parkNanos(LockSupport.java:215)
        at java.util.concurrent.SynchronousQueue$TransferStack.awaitFulfill(SynchronousQueue.java:460)
        at java.util.concurrent.SynchronousQueue$TransferStack.transfer(SynchronousQueue.java:362)
        at java.util.concurrent.SynchronousQueue.poll(SynchronousQueue.java:941)
        at java.util.concurrent.ThreadPoolExecutor.getTask(ThreadPoolExecutor.java:1073)
        at java.util.concurrent.ThreadPoolExecutor.runWorker(ThreadPoolExecutor.java:1134)
        at java.util.concurrent.ThreadPoolExecutor$Worker.run(ThreadPoolExecutor.java:624)
        at java.lang.Thread.run(Thread.java:750)
"Datanode ReportManager Thread - 2" daemon prio=5 tid=1292 in Object.wait()
java.lang.Thread.State: WAITING (on object monitor)
        at sun.misc.Unsafe.park(Native Method)
        at java.util.concurrent.locks.LockSupport.park(LockSupport.java:175)
        at java.util.concurrent.locks.AbstractQueuedSynchronizer$ConditionObject.await(AbstractQueuedSynchronizer.java:2039)
        at java.util.concurrent.ScheduledThreadPoolExecutor$DelayedWorkQueue.take(ScheduledThreadPoolExecutor.java:1088)
        at java.util.concurrent.ScheduledThreadPoolExecutor$DelayedWorkQueue.take(ScheduledThreadPoolExecutor.java:809)
        at java.util.concurrent.ThreadPoolExecutor.getTask(ThreadPoolExecutor.java:1074)
        at java.util.concurrent.ThreadPoolExecutor.runWorker(ThreadPoolExecutor.java:1134)
        at java.util.concurrent.ThreadPoolExecutor$Worker.run(ThreadPoolExecutor.java:624)
        at java.lang.Thread.run(Thread.java:750)
"5580caa2-355e-4705-b703-b3b115bf5f47-server-thread4" daemon prio=5 tid=1616 timed_waiting
java.lang.Thread.State: TIMED_WAITING
        at sun.misc.Unsafe.park(Native Method)
        at java.util.concurrent.locks.LockSupport.parkNanos(LockSupport.java:215)
        at java.util.concurrent.SynchronousQueue$TransferStack.awaitFulfill(SynchronousQueue.java:460)
        at java.util.concurrent.SynchronousQueue$TransferStack.transfer(SynchronousQueue.java:362)
        at java.util.concurrent.SynchronousQueue.poll(SynchronousQueue.java:941)
        at java.util.concurrent.ThreadPoolExecutor.getTask(ThreadPoolExecutor.java:1073)
        at java.util.concurrent.ThreadPoolExecutor.runWorker(ThreadPoolExecutor.java:1134)
        at java.util.concurrent.ThreadPoolExecutor$Worker.run(ThreadPoolExecutor.java:624)
        at java.lang.Thread.run(Thread.java:750)
"BlockDeletingService#2" daemon prio=5 tid=1635 in Object.wait()
java.lang.Thread.State: WAITING (on object monitor)
        at sun.misc.Unsafe.park(Native Method)
        at java.util.concurrent.locks.LockSupport.park(LockSupport.java:175)
        at java.util.concurrent.locks.AbstractQueuedSynchronizer$ConditionObject.await(AbstractQueuedSynchronizer.java:2039)
        at java.util.concurrent.ScheduledThreadPoolExecutor$DelayedWorkQueue.take(ScheduledThreadPoolExecutor.java:1088)
        at java.util.concurrent.ScheduledThreadPoolExecutor$DelayedWorkQueue.take(ScheduledThreadPoolExecutor.java:809)
        at java.util.concurrent.ThreadPoolExecutor.getTask(ThreadPoolExecutor.java:1074)
        at java.util.concurrent.ThreadPoolExecutor.runWorker(ThreadPoolExecutor.java:1134)
        at java.util.concurrent.ThreadPoolExecutor$Worker.run(ThreadPoolExecutor.java:624)
        at java.lang.Thread.run(Thread.java:750)
"qtp622955604-1254" daemon prio=5 tid=1254 runnable
java.lang.Thread.State: RUNNABLE
        at sun.nio.ch.EPollArrayWrapper.epollWait(Native Method)
        at sun.nio.ch.EPollArrayWrapper.poll(EPollArrayWrapper.java:269)
        at sun.nio.ch.EPollSelectorImpl.doSelect(EPollSelectorImpl.java:93)
        at sun.nio.ch.SelectorImpl.lockAndDoSelect(SelectorImpl.java:86)
        at sun.nio.ch.SelectorImpl.select(SelectorImpl.java:97)
        at sun.nio.ch.SelectorImpl.select(SelectorImpl.java:101)
        at org.eclipse.jetty.io.ManagedSelector.nioSelect(ManagedSelector.java:183)
        at org.eclipse.jetty.io.ManagedSelector.select(ManagedSelector.java:190)
        at org.eclipse.jetty.io.ManagedSelector$SelectorProducer.select(ManagedSelector.java:606)
        at org.eclipse.jetty.io.ManagedSelector$SelectorProducer.produce(ManagedSelector.java:543)
        at org.eclipse.jetty.util.thread.strategy.EatWhatYouKill.produceTask(EatWhatYouKill.java:362)
        at org.eclipse.jetty.util.thread.strategy.EatWhatYouKill.doProduce(EatWhatYouKill.java:186)
        at org.eclipse.jetty.util.thread.strategy.EatWhatYouKill.tryProduce(EatWhatYouKill.java:173)
        at org.eclipse.jetty.util.thread.strategy.EatWhatYouKill.produce(EatWhatYouKill.java:137)
        at org.eclipse.jetty.io.ManagedSelector$$Lambda$470/1378841761.run(Unknown Source)
        at org.eclipse.jetty.util.thread.QueuedThreadPool.runJob(QueuedThreadPool.java:883)
        at org.eclipse.jetty.util.thread.QueuedThreadPool$Runner.run(QueuedThreadPool.java:1034)
        at java.lang.Thread.run(Thread.java:750)
"IPC Server handler 12 on default port 43615" daemon prio=5 tid=1175 timed_waiting
java.lang.Thread.State: TIMED_WAITING
        at sun.misc.Unsafe.park(Native Method)
        at java.util.concurrent.locks.LockSupport.parkNanos(LockSupport.java:215)
        at java.util.concurrent.locks.AbstractQueuedSynchronizer$ConditionObject.awaitNanos(AbstractQueuedSynchronizer.java:2078)
        at java.util.concurrent.LinkedBlockingQueue.poll(LinkedBlockingQueue.java:467)
        at org.apache.hadoop.ipc.CallQueueManager.take(CallQueueManager.java:317)
        at org.apache.hadoop.ipc.Server$Handler.run(Server.java:2942)
"e47c0d7c-1c57-43cf-a038-4c1ee28029c6@group-E7106E4C0F9A-SegmentedRaftLogWorker"  prio=5 tid=1533 timed_waiting
java.lang.Thread.State: TIMED_WAITING
        at sun.misc.Unsafe.park(Native Method)
        at java.util.concurrent.locks.LockSupport.parkNanos(LockSupport.java:215)
        at java.util.concurrent.locks.AbstractQueuedSynchronizer$ConditionObject.awaitNanos(AbstractQueuedSynchronizer.java:2078)
        at org.apache.ratis.util.DataBlockingQueue.poll(DataBlockingQueue.java:148)
        at org.apache.ratis.server.raftlog.segmented.SegmentedRaftLogWorker.run(SegmentedRaftLogWorker.java:310)
        at org.apache.ratis.server.raftlog.segmented.SegmentedRaftLogWorker$$Lambda$689/960154446.run(Unknown Source)
        at java.lang.Thread.run(Thread.java:750)
"qtp1292406739-1360" daemon prio=5 tid=1360 runnable
java.lang.Thread.State: RUNNABLE
        at sun.nio.ch.EPollArrayWrapper.epollWait(Native Method)
        at sun.nio.ch.EPollArrayWrapper.poll(EPollArrayWrapper.java:269)
        at sun.nio.ch.EPollSelectorImpl.doSelect(EPollSelectorImpl.java:93)
        at sun.nio.ch.SelectorImpl.lockAndDoSelect(SelectorImpl.java:86)
        at sun.nio.ch.SelectorImpl.select(SelectorImpl.java:97)
        at sun.nio.ch.SelectorImpl.select(SelectorImpl.java:101)
        at org.eclipse.jetty.io.ManagedSelector.nioSelect(ManagedSelector.java:183)
        at org.eclipse.jetty.io.ManagedSelector.select(ManagedSelector.java:190)
        at org.eclipse.jetty.io.ManagedSelector$SelectorProducer.select(ManagedSelector.java:606)
        at org.eclipse.jetty.io.ManagedSelector$SelectorProducer.produce(ManagedSelector.java:543)
        at org.eclipse.jetty.util.thread.strategy.EatWhatYouKill.produceTask(EatWhatYouKill.java:362)
        at org.eclipse.jetty.util.thread.strategy.EatWhatYouKill.doProduce(EatWhatYouKill.java:186)
        at org.eclipse.jetty.util.thread.strategy.EatWhatYouKill.tryProduce(EatWhatYouKill.java:173)
        at org.eclipse.jetty.util.thread.strategy.EatWhatYouKill.produce(EatWhatYouKill.java:137)
        at org.eclipse.jetty.io.ManagedSelector$$Lambda$470/1378841761.run(Unknown Source)
        at org.eclipse.jetty.util.thread.QueuedThreadPool.runJob(QueuedThreadPool.java:883)
        at org.eclipse.jetty.util.thread.QueuedThreadPool$Runner.run(QueuedThreadPool.java:1034)
        at java.lang.Thread.run(Thread.java:750)
"pool-645-thread-1"  prio=5 tid=1359 timed_waiting
java.lang.Thread.State: TIMED_WAITING
        at sun.misc.Unsafe.park(Native Method)
        at java.util.concurrent.locks.LockSupport.parkNanos(LockSupport.java:215)
        at java.util.concurrent.locks.AbstractQueuedSynchronizer$ConditionObject.awaitNanos(AbstractQueuedSynchronizer.java:2078)
        at java.util.concurrent.ScheduledThreadPoolExecutor$DelayedWorkQueue.take(ScheduledThreadPoolExecutor.java:1093)
        at java.util.concurrent.ScheduledThreadPoolExecutor$DelayedWorkQueue.take(ScheduledThreadPoolExecutor.java:809)
        at java.util.concurrent.ThreadPoolExecutor.getTask(ThreadPoolExecutor.java:1074)
        at java.util.concurrent.ThreadPoolExecutor.runWorker(ThreadPoolExecutor.java:1134)
        at java.util.concurrent.ThreadPoolExecutor$Worker.run(ThreadPoolExecutor.java:624)
        at java.lang.Thread.run(Thread.java:750)
"IPC Server handler 7 on default port 36375" daemon prio=5 tid=1130 timed_waiting
java.lang.Thread.State: TIMED_WAITING
        at sun.misc.Unsafe.park(Native Method)
        at java.util.concurrent.locks.LockSupport.parkNanos(LockSupport.java:215)
        at java.util.concurrent.locks.AbstractQueuedSynchronizer$ConditionObject.awaitNanos(AbstractQueuedSynchronizer.java:2078)
        at java.util.concurrent.LinkedBlockingQueue.poll(LinkedBlockingQueue.java:467)
        at org.apache.hadoop.ipc.CallQueueManager.take(CallQueueManager.java:317)
        at org.apache.hadoop.ipc.Server$Handler.run(Server.java:2942)
"ChunkWriter-3-0" daemon prio=5 tid=1458 in Object.wait()
java.lang.Thread.State: WAITING (on object monitor)
        at sun.misc.Unsafe.park(Native Method)
        at java.util.concurrent.locks.LockSupport.park(LockSupport.java:175)
        at java.util.concurrent.locks.AbstractQueuedSynchronizer$ConditionObject.await(AbstractQueuedSynchronizer.java:2039)
        at java.util.concurrent.LinkedBlockingDeque.takeFirst(LinkedBlockingDeque.java:492)
        at java.util.concurrent.LinkedBlockingDeque.take(LinkedBlockingDeque.java:680)
        at java.util.concurrent.ThreadPoolExecutor.getTask(ThreadPoolExecutor.java:1074)
        at java.util.concurrent.ThreadPoolExecutor.runWorker(ThreadPoolExecutor.java:1134)
        at java.util.concurrent.ThreadPoolExecutor$Worker.run(ThreadPoolExecutor.java:624)
        at java.lang.Thread.run(Thread.java:750)
"ChunkWriter-1-0" daemon prio=5 tid=1456 in Object.wait()
java.lang.Thread.State: WAITING (on object monitor)
        at sun.misc.Unsafe.park(Native Method)
        at java.util.concurrent.locks.LockSupport.park(LockSupport.java:175)
        at java.util.concurrent.locks.AbstractQueuedSynchronizer$ConditionObject.await(AbstractQueuedSynchronizer.java:2039)
        at java.util.concurrent.LinkedBlockingDeque.takeFirst(LinkedBlockingDeque.java:492)
        at java.util.concurrent.LinkedBlockingDeque.take(LinkedBlockingDeque.java:680)
        at java.util.concurrent.ThreadPoolExecutor.getTask(ThreadPoolExecutor.java:1074)
        at java.util.concurrent.ThreadPoolExecutor.runWorker(ThreadPoolExecutor.java:1134)
        at java.util.concurrent.ThreadPoolExecutor$Worker.run(ThreadPoolExecutor.java:624)
        at java.lang.Thread.run(Thread.java:750)
"qtp761298760-1386" daemon prio=5 tid=1386 runnable
java.lang.Thread.State: RUNNABLE
        at sun.nio.ch.EPollArrayWrapper.epollWait(Native Method)
        at sun.nio.ch.EPollArrayWrapper.poll(EPollArrayWrapper.java:269)
        at sun.nio.ch.EPollSelectorImpl.doSelect(EPollSelectorImpl.java:93)
        at sun.nio.ch.SelectorImpl.lockAndDoSelect(SelectorImpl.java:86)
        at sun.nio.ch.SelectorImpl.select(SelectorImpl.java:97)
        at sun.nio.ch.SelectorImpl.select(SelectorImpl.java:101)
        at org.eclipse.jetty.io.ManagedSelector.nioSelect(ManagedSelector.java:183)
        at org.eclipse.jetty.io.ManagedSelector.select(ManagedSelector.java:190)
        at org.eclipse.jetty.io.ManagedSelector$SelectorProducer.select(ManagedSelector.java:606)
        at org.eclipse.jetty.io.ManagedSelector$SelectorProducer.produce(ManagedSelector.java:543)
        at org.eclipse.jetty.util.thread.strategy.EatWhatYouKill.produceTask(EatWhatYouKill.java:362)
        at org.eclipse.jetty.util.thread.strategy.EatWhatYouKill.doProduce(EatWhatYouKill.java:186)
        at org.eclipse.jetty.util.thread.strategy.EatWhatYouKill.tryProduce(EatWhatYouKill.java:173)
        at org.eclipse.jetty.util.thread.strategy.EatWhatYouKill.produce(EatWhatYouKill.java:137)
        at org.eclipse.jetty.io.ManagedSelector$$Lambda$470/1378841761.run(Unknown Source)
        at org.eclipse.jetty.util.thread.QueuedThreadPool.runJob(QueuedThreadPool.java:883)
        at org.eclipse.jetty.util.thread.QueuedThreadPool$Runner.run(QueuedThreadPool.java:1034)
        at java.lang.Thread.run(Thread.java:750)
"CommandWatcher-LeaseManager#LeaseMonitor" daemon prio=5 tid=1122 timed_waiting
java.lang.Thread.State: TIMED_WAITING
        at java.lang.Object.wait(Native Method)
        at org.apache.hadoop.ozone.lease.LeaseManager$LeaseMonitor.run(LeaseManager.java:238)
        at java.lang.Thread.run(Thread.java:750)
"timer2" daemon prio=5 tid=528 timed_waiting
java.lang.Thread.State: TIMED_WAITING
        at java.lang.Object.wait(Native Method)
        at java.util.TimerThread.mainLoop(Timer.java:552)
        at java.util.TimerThread.run(Timer.java:505)
"IPC Server handler 19 on default port 43083" daemon prio=5 tid=1244 timed_waiting
java.lang.Thread.State: TIMED_WAITING
        at sun.misc.Unsafe.park(Native Method)
        at java.util.concurrent.locks.LockSupport.parkNanos(LockSupport.java:215)
        at java.util.concurrent.locks.AbstractQueuedSynchronizer$ConditionObject.awaitNanos(AbstractQueuedSynchronizer.java:2078)
        at java.util.concurrent.LinkedBlockingQueue.poll(LinkedBlockingQueue.java:467)
        at org.apache.hadoop.ipc.CallQueueManager.take(CallQueueManager.java:317)
        at org.apache.hadoop.ipc.Server$Handler.run(Server.java:2942)
"Datanode ReportManager Thread - 4" daemon prio=5 tid=1400 timed_waiting
java.lang.Thread.State: TIMED_WAITING
        at sun.misc.Unsafe.park(Native Method)
        at java.util.concurrent.locks.LockSupport.parkNanos(LockSupport.java:215)
        at java.util.concurrent.locks.AbstractQueuedSynchronizer$ConditionObject.awaitNanos(AbstractQueuedSynchronizer.java:2078)
        at java.util.concurrent.ScheduledThreadPoolExecutor$DelayedWorkQueue.take(ScheduledThreadPoolExecutor.java:1093)
        at java.util.concurrent.ScheduledThreadPoolExecutor$DelayedWorkQueue.take(ScheduledThreadPoolExecutor.java:809)
        at java.util.concurrent.ThreadPoolExecutor.getTask(ThreadPoolExecutor.java:1074)
        at java.util.concurrent.ThreadPoolExecutor.runWorker(ThreadPoolExecutor.java:1134)
        at java.util.concurrent.ThreadPoolExecutor$Worker.run(ThreadPoolExecutor.java:624)
        at java.lang.Thread.run(Thread.java:750)
"DirectoryDeletingService#0" daemon prio=5 tid=1213 timed_waiting
java.lang.Thread.State: TIMED_WAITING
        at sun.misc.Unsafe.park(Native Method)
        at java.util.concurrent.locks.LockSupport.parkNanos(LockSupport.java:215)
        at java.util.concurrent.locks.AbstractQueuedSynchronizer$ConditionObject.awaitNanos(AbstractQueuedSynchronizer.java:2078)
        at java.util.concurrent.ScheduledThreadPoolExecutor$DelayedWorkQueue.take(ScheduledThreadPoolExecutor.java:1093)
        at java.util.concurrent.ScheduledThreadPoolExecutor$DelayedWorkQueue.take(ScheduledThreadPoolExecutor.java:809)
        at java.util.concurrent.ThreadPoolExecutor.getTask(ThreadPoolExecutor.java:1074)
        at java.util.concurrent.ThreadPoolExecutor.runWorker(ThreadPoolExecutor.java:1134)
        at java.util.concurrent.ThreadPoolExecutor$Worker.run(ThreadPoolExecutor.java:624)
        at java.lang.Thread.run(Thread.java:750)
"Periodic HDDS volume checker" daemon prio=5 tid=1353 timed_waiting
java.lang.Thread.State: TIMED_WAITING
        at sun.misc.Unsafe.park(Native Method)
        at java.util.concurrent.locks.LockSupport.parkNanos(LockSupport.java:215)
        at java.util.concurrent.locks.AbstractQueuedSynchronizer$ConditionObject.awaitNanos(AbstractQueuedSynchronizer.java:2078)
        at java.util.concurrent.ScheduledThreadPoolExecutor$DelayedWorkQueue.take(ScheduledThreadPoolExecutor.java:1093)
        at java.util.concurrent.ScheduledThreadPoolExecutor$DelayedWorkQueue.take(ScheduledThreadPoolExecutor.java:809)
        at java.util.concurrent.ThreadPoolExecutor.getTask(ThreadPoolExecutor.java:1074)
        at java.util.concurrent.ThreadPoolExecutor.runWorker(ThreadPoolExecutor.java:1134)
        at java.util.concurrent.ThreadPoolExecutor$Worker.run(ThreadPoolExecutor.java:624)
        at java.lang.Thread.run(Thread.java:750)
"BlockDeletingService#2" daemon prio=5 tid=1631 in Object.wait()
java.lang.Thread.State: WAITING (on object monitor)
        at sun.misc.Unsafe.park(Native Method)
        at java.util.concurrent.locks.LockSupport.park(LockSupport.java:175)
        at java.util.concurrent.locks.AbstractQueuedSynchronizer$ConditionObject.await(AbstractQueuedSynchronizer.java:2039)
        at java.util.concurrent.ScheduledThreadPoolExecutor$DelayedWorkQueue.take(ScheduledThreadPoolExecutor.java:1088)
        at java.util.concurrent.ScheduledThreadPoolExecutor$DelayedWorkQueue.take(ScheduledThreadPoolExecutor.java:809)
        at java.util.concurrent.ThreadPoolExecutor.getTask(ThreadPoolExecutor.java:1074)
        at java.util.concurrent.ThreadPoolExecutor.runWorker(ThreadPoolExecutor.java:1134)
        at java.util.concurrent.ThreadPoolExecutor$Worker.run(ThreadPoolExecutor.java:624)
        at java.lang.Thread.run(Thread.java:750)
"EndpointStateMachine task thread for /0.0.0.0:43615 - 0 "  prio=5 tid=1442 in Object.wait()
java.lang.Thread.State: WAITING (on object monitor)
        at sun.misc.Unsafe.park(Native Method)
        at java.util.concurrent.locks.LockSupport.park(LockSupport.java:175)
        at java.util.concurrent.locks.AbstractQueuedSynchronizer$ConditionObject.await(AbstractQueuedSynchronizer.java:2039)
        at java.util.concurrent.LinkedBlockingQueue.take(LinkedBlockingQueue.java:442)
        at java.util.concurrent.ThreadPoolExecutor.getTask(ThreadPoolExecutor.java:1074)
        at java.util.concurrent.ThreadPoolExecutor.runWorker(ThreadPoolExecutor.java:1134)
        at java.util.concurrent.ThreadPoolExecutor$Worker.run(ThreadPoolExecutor.java:624)
        at java.lang.Thread.run(Thread.java:750)
"EventQueue-DatanodeCommandQueueUpdatedForDatanodeCommandCountUpdatedHandler" daemon prio=5 tid=1484 in Object.wait()
java.lang.Thread.State: WAITING (on object monitor)
        at sun.misc.Unsafe.park(Native Method)
        at java.util.concurrent.locks.LockSupport.park(LockSupport.java:175)
        at java.util.concurrent.locks.AbstractQueuedSynchronizer$ConditionObject.await(AbstractQueuedSynchronizer.java:2039)
        at java.util.concurrent.LinkedBlockingQueue.take(LinkedBlockingQueue.java:442)
        at java.util.concurrent.ThreadPoolExecutor.getTask(ThreadPoolExecutor.java:1074)
        at java.util.concurrent.ThreadPoolExecutor.runWorker(ThreadPoolExecutor.java:1134)
        at java.util.concurrent.ThreadPoolExecutor$Worker.run(ThreadPoolExecutor.java:624)
        at java.lang.Thread.run(Thread.java:750)
"om1-client-thread1" daemon prio=5 tid=1617 timed_waiting
java.lang.Thread.State: TIMED_WAITING
        at sun.misc.Unsafe.park(Native Method)
        at java.util.concurrent.locks.LockSupport.parkNanos(LockSupport.java:215)
        at java.util.concurrent.SynchronousQueue$TransferStack.awaitFulfill(SynchronousQueue.java:460)
        at java.util.concurrent.SynchronousQueue$TransferStack.transfer(SynchronousQueue.java:362)
        at java.util.concurrent.SynchronousQueue.poll(SynchronousQueue.java:941)
        at java.util.concurrent.ThreadPoolExecutor.getTask(ThreadPoolExecutor.java:1073)
        at java.util.concurrent.ThreadPoolExecutor.runWorker(ThreadPoolExecutor.java:1134)
        at java.util.concurrent.ThreadPoolExecutor$Worker.run(ThreadPoolExecutor.java:624)
        at java.lang.Thread.run(Thread.java:750)
"IPC Server handler 6 on default port 36375" daemon prio=5 tid=1129 timed_waiting
java.lang.Thread.State: TIMED_WAITING
        at sun.misc.Unsafe.park(Native Method)
        at java.util.concurrent.locks.LockSupport.parkNanos(LockSupport.java:215)
        at java.util.concurrent.locks.AbstractQueuedSynchronizer$ConditionObject.awaitNanos(AbstractQueuedSynchronizer.java:2078)
        at java.util.concurrent.LinkedBlockingQueue.poll(LinkedBlockingQueue.java:467)
        at org.apache.hadoop.ipc.CallQueueManager.take(CallQueueManager.java:317)
        at org.apache.hadoop.ipc.Server$Handler.run(Server.java:2942)
"ChunkWriter-2-0" daemon prio=5 tid=1457 in Object.wait()
java.lang.Thread.State: WAITING (on object monitor)
        at sun.misc.Unsafe.park(Native Method)
        at java.util.concurrent.locks.LockSupport.park(LockSupport.java:175)
        at java.util.concurrent.locks.AbstractQueuedSynchronizer$ConditionObject.await(AbstractQueuedSynchronizer.java:2039)
        at java.util.concurrent.LinkedBlockingDeque.takeFirst(LinkedBlockingDeque.java:492)
        at java.util.concurrent.LinkedBlockingDeque.take(LinkedBlockingDeque.java:680)
        at java.util.concurrent.ThreadPoolExecutor.getTask(ThreadPoolExecutor.java:1074)
        at java.util.concurrent.ThreadPoolExecutor.runWorker(ThreadPoolExecutor.java:1134)
        at java.util.concurrent.ThreadPoolExecutor$Worker.run(ThreadPoolExecutor.java:624)
        at java.lang.Thread.run(Thread.java:750)
"pool-622-thread-1"  prio=5 tid=1333 timed_waiting
java.lang.Thread.State: TIMED_WAITING
        at sun.misc.Unsafe.park(Native Method)
        at java.util.concurrent.locks.LockSupport.parkNanos(LockSupport.java:215)
        at java.util.concurrent.locks.AbstractQueuedSynchronizer$ConditionObject.awaitNanos(AbstractQueuedSynchronizer.java:2078)
        at java.util.concurrent.ScheduledThreadPoolExecutor$DelayedWorkQueue.take(ScheduledThreadPoolExecutor.java:1093)
        at java.util.concurrent.ScheduledThreadPoolExecutor$DelayedWorkQueue.take(ScheduledThreadPoolExecutor.java:809)
        at java.util.concurrent.ThreadPoolExecutor.getTask(ThreadPoolExecutor.java:1074)
        at java.util.concurrent.ThreadPoolExecutor.runWorker(ThreadPoolExecutor.java:1134)
        at java.util.concurrent.ThreadPoolExecutor$Worker.run(ThreadPoolExecutor.java:624)
        at java.lang.Thread.run(Thread.java:750)
"qtp209985187-1189" daemon prio=5 tid=1189 timed_waiting
java.lang.Thread.State: TIMED_WAITING
        at sun.misc.Unsafe.park(Native Method)
        at java.util.concurrent.locks.LockSupport.parkNanos(LockSupport.java:215)
        at java.util.concurrent.locks.AbstractQueuedSynchronizer$ConditionObject.awaitNanos(AbstractQueuedSynchronizer.java:2078)
        at org.eclipse.jetty.util.BlockingArrayQueue.poll(BlockingArrayQueue.java:382)
        at org.eclipse.jetty.util.thread.QueuedThreadPool$Runner.idleJobPoll(QueuedThreadPool.java:974)
        at org.eclipse.jetty.util.thread.QueuedThreadPool$Runner.run(QueuedThreadPool.java:1018)
        at java.lang.Thread.run(Thread.java:750)
"IPC Server handler 13 on default port 43083" daemon prio=5 tid=1238 timed_waiting
java.lang.Thread.State: TIMED_WAITING
        at sun.misc.Unsafe.park(Native Method)
        at java.util.concurrent.locks.LockSupport.parkNanos(LockSupport.java:215)
        at java.util.concurrent.locks.AbstractQueuedSynchronizer$ConditionObject.awaitNanos(AbstractQueuedSynchronizer.java:2078)
        at java.util.concurrent.LinkedBlockingQueue.poll(LinkedBlockingQueue.java:467)
        at org.apache.hadoop.ipc.CallQueueManager.take(CallQueueManager.java:317)
        at org.apache.hadoop.ipc.Server$Handler.run(Server.java:2942)
"Datanode State Machine Task Thread - 0"  prio=5 tid=1351 in Object.wait()
java.lang.Thread.State: WAITING (on object monitor)
        at sun.misc.Unsafe.park(Native Method)
        at java.util.concurrent.locks.LockSupport.park(LockSupport.java:175)
        at java.util.concurrent.locks.AbstractQueuedSynchronizer$ConditionObject.await(AbstractQueuedSynchronizer.java:2039)
        at java.util.concurrent.LinkedBlockingQueue.take(LinkedBlockingQueue.java:442)
        at java.util.concurrent.ThreadPoolExecutor.getTask(ThreadPoolExecutor.java:1074)
        at java.util.concurrent.ThreadPoolExecutor.runWorker(ThreadPoolExecutor.java:1134)
        at java.util.concurrent.ThreadPoolExecutor$Worker.run(ThreadPoolExecutor.java:624)
        at java.lang.Thread.run(Thread.java:750)
"Periodic HDDS volume checker" daemon prio=5 tid=1273 timed_waiting
java.lang.Thread.State: TIMED_WAITING
        at sun.misc.Unsafe.park(Native Method)
        at java.util.concurrent.locks.LockSupport.parkNanos(LockSupport.java:215)
        at java.util.concurrent.locks.AbstractQueuedSynchronizer$ConditionObject.awaitNanos(AbstractQueuedSynchronizer.java:2078)
        at java.util.concurrent.ScheduledThreadPoolExecutor$DelayedWorkQueue.take(ScheduledThreadPoolExecutor.java:1093)
        at java.util.concurrent.ScheduledThreadPoolExecutor$DelayedWorkQueue.take(ScheduledThreadPoolExecutor.java:809)
        at java.util.concurrent.ThreadPoolExecutor.getTask(ThreadPoolExecutor.java:1074)
        at java.util.concurrent.ThreadPoolExecutor.runWorker(ThreadPoolExecutor.java:1134)
        at java.util.concurrent.ThreadPoolExecutor$Worker.run(ThreadPoolExecutor.java:624)
        at java.lang.Thread.run(Thread.java:750)
"EventQueue-NodeRegistrationContainerReportForContainerSafeModeRule" daemon prio=5 tid=1478 in Object.wait()
java.lang.Thread.State: WAITING (on object monitor)
        at sun.misc.Unsafe.park(Native Method)
        at java.util.concurrent.locks.LockSupport.park(LockSupport.java:175)
        at java.util.concurrent.locks.AbstractQueuedSynchronizer$ConditionObject.await(AbstractQueuedSynchronizer.java:2039)
        at java.util.concurrent.LinkedBlockingQueue.take(LinkedBlockingQueue.java:442)
        at java.util.concurrent.ThreadPoolExecutor.getTask(ThreadPoolExecutor.java:1074)
        at java.util.concurrent.ThreadPoolExecutor.runWorker(ThreadPoolExecutor.java:1134)
        at java.util.concurrent.ThreadPoolExecutor$Worker.run(ThreadPoolExecutor.java:624)
        at java.lang.Thread.run(Thread.java:750)
"ChunkWriter-1-0" daemon prio=5 tid=1468 in Object.wait()
java.lang.Thread.State: WAITING (on object monitor)
        at sun.misc.Unsafe.park(Native Method)
        at java.util.concurrent.locks.LockSupport.park(LockSupport.java:175)
        at java.util.concurrent.locks.AbstractQueuedSynchronizer$ConditionObject.await(AbstractQueuedSynchronizer.java:2039)
        at java.util.concurrent.LinkedBlockingDeque.takeFirst(LinkedBlockingDeque.java:492)
        at java.util.concurrent.LinkedBlockingDeque.take(LinkedBlockingDeque.java:680)
        at java.util.concurrent.ThreadPoolExecutor.getTask(ThreadPoolExecutor.java:1074)
        at java.util.concurrent.ThreadPoolExecutor.runWorker(ThreadPoolExecutor.java:1134)
        at java.util.concurrent.ThreadPoolExecutor$Worker.run(ThreadPoolExecutor.java:624)
        at java.lang.Thread.run(Thread.java:750)
"FixedThreadPoolWithAffinityExecutor-2-0" daemon prio=5 tid=1112 timed_waiting
java.lang.Thread.State: TIMED_WAITING
        at sun.misc.Unsafe.park(Native Method)
        at java.util.concurrent.locks.LockSupport.parkNanos(LockSupport.java:215)
        at java.util.concurrent.locks.AbstractQueuedSynchronizer$ConditionObject.awaitNanos(AbstractQueuedSynchronizer.java:2078)
        at java.util.concurrent.LinkedBlockingQueue.poll(LinkedBlockingQueue.java:467)
        at org.apache.hadoop.hdds.scm.server.ContainerReportQueue.poll(ContainerReportQueue.java:266)
        at org.apache.hadoop.hdds.scm.server.ContainerReportQueue.poll(ContainerReportQueue.java:42)
        at org.apache.hadoop.hdds.server.events.FixedThreadPoolWithAffinityExecutor$ContainerReportProcessTask.run(FixedThreadPoolWithAffinityExecutor.java:218)
        at java.util.concurrent.Executors$RunnableAdapter.call(Executors.java:511)
        at java.util.concurrent.FutureTask.run(FutureTask.java:266)
        at java.util.concurrent.ThreadPoolExecutor.runWorker(ThreadPoolExecutor.java:1149)
        at java.util.concurrent.ThreadPoolExecutor$Worker.run(ThreadPoolExecutor.java:624)
        at java.lang.Thread.run(Thread.java:750)
"EventQueue-CommandQueueReportForCommandQueueReportHandler" daemon prio=5 tid=1483 in Object.wait()
java.lang.Thread.State: WAITING (on object monitor)
        at sun.misc.Unsafe.park(Native Method)
        at java.util.concurrent.locks.LockSupport.park(LockSupport.java:175)
        at java.util.concurrent.locks.AbstractQueuedSynchronizer$ConditionObject.await(AbstractQueuedSynchronizer.java:2039)
        at java.util.concurrent.LinkedBlockingQueue.take(LinkedBlockingQueue.java:442)
        at java.util.concurrent.ThreadPoolExecutor.getTask(ThreadPoolExecutor.java:1074)
        at java.util.concurrent.ThreadPoolExecutor.runWorker(ThreadPoolExecutor.java:1134)
        at java.util.concurrent.ThreadPoolExecutor$Worker.run(ThreadPoolExecutor.java:624)
        at java.lang.Thread.run(Thread.java:750)
"Datanode ReportManager Thread - 0" daemon prio=5 tid=1316 in Object.wait()
java.lang.Thread.State: WAITING (on object monitor)
        at sun.misc.Unsafe.park(Native Method)
        at java.util.concurrent.locks.LockSupport.park(LockSupport.java:175)
        at java.util.concurrent.locks.AbstractQueuedSynchronizer$ConditionObject.await(AbstractQueuedSynchronizer.java:2039)
        at java.util.concurrent.ScheduledThreadPoolExecutor$DelayedWorkQueue.take(ScheduledThreadPoolExecutor.java:1088)
        at java.util.concurrent.ScheduledThreadPoolExecutor$DelayedWorkQueue.take(ScheduledThreadPoolExecutor.java:809)
        at java.util.concurrent.ThreadPoolExecutor.getTask(ThreadPoolExecutor.java:1074)
        at java.util.concurrent.ThreadPoolExecutor.runWorker(ThreadPoolExecutor.java:1134)
        at java.util.concurrent.ThreadPoolExecutor$Worker.run(ThreadPoolExecutor.java:624)
        at java.lang.Thread.run(Thread.java:750)
"grpc-default-executor-0" daemon prio=5 tid=1489 timed_waiting
java.lang.Thread.State: TIMED_WAITING
        at sun.misc.Unsafe.park(Native Method)
        at java.util.concurrent.locks.LockSupport.parkNanos(LockSupport.java:215)
        at java.util.concurrent.SynchronousQueue$TransferStack.awaitFulfill(SynchronousQueue.java:460)
        at java.util.concurrent.SynchronousQueue$TransferStack.transfer(SynchronousQueue.java:362)
        at java.util.concurrent.SynchronousQueue.poll(SynchronousQueue.java:941)
        at java.util.concurrent.ThreadPoolExecutor.getTask(ThreadPoolExecutor.java:1073)
        at java.util.concurrent.ThreadPoolExecutor.runWorker(ThreadPoolExecutor.java:1134)
        at java.util.concurrent.ThreadPoolExecutor$Worker.run(ThreadPoolExecutor.java:624)
        at java.lang.Thread.run(Thread.java:750)
"IPC Server handler 5 on default port 38387" daemon prio=5 tid=1148 timed_waiting
java.lang.Thread.State: TIMED_WAITING
        at sun.misc.Unsafe.park(Native Method)
        at java.util.concurrent.locks.LockSupport.parkNanos(LockSupport.java:215)
        at java.util.concurrent.locks.AbstractQueuedSynchronizer$ConditionObject.awaitNanos(AbstractQueuedSynchronizer.java:2078)
        at java.util.concurrent.LinkedBlockingQueue.poll(LinkedBlockingQueue.java:467)
        at org.apache.hadoop.ipc.CallQueueManager.take(CallQueueManager.java:317)
        at org.apache.hadoop.ipc.Server$Handler.run(Server.java:2942)
"JvmPauseMonitor13" daemon prio=5 tid=1423 timed_waiting
java.lang.Thread.State: TIMED_WAITING
        at java.lang.Thread.sleep(Native Method)
        at java.lang.Thread.sleep(Thread.java:342)
        at java.util.concurrent.TimeUnit.sleep(TimeUnit.java:386)
        at org.apache.ratis.util.TimeDuration.sleep(TimeDuration.java:325)
        at org.apache.ratis.util.TimeDuration.sleep(TimeDuration.java:310)
        at org.apache.ratis.util.JvmPauseMonitor.detectPause(JvmPauseMonitor.java:119)
        at org.apache.ratis.util.JvmPauseMonitor.run(JvmPauseMonitor.java:108)
        at org.apache.ratis.util.JvmPauseMonitor$$Lambda$730/107283225.run(Unknown Source)
        at java.lang.Thread.run(Thread.java:750)
"e47c0d7c-1c57-43cf-a038-4c1ee28029c6@group-E7106E4C0F9A-LeaderStateImpl" daemon prio=5 tid=1607 timed_waiting
java.lang.Thread.State: TIMED_WAITING
        at sun.misc.Unsafe.park(Native Method)
        at java.util.concurrent.locks.LockSupport.parkNanos(LockSupport.java:215)
        at java.util.concurrent.locks.AbstractQueuedSynchronizer$ConditionObject.awaitNanos(AbstractQueuedSynchronizer.java:2078)
        at java.util.concurrent.ArrayBlockingQueue.poll(ArrayBlockingQueue.java:418)
        at org.apache.ratis.server.impl.LeaderStateImpl$EventQueue.poll(LeaderStateImpl.java:159)
        at org.apache.ratis.server.impl.LeaderStateImpl$EventProcessor.run(LeaderStateImpl.java:630)
"qtp2061281899-1220" daemon prio=5 tid=1220 timed_waiting
java.lang.Thread.State: TIMED_WAITING
        at sun.misc.Unsafe.park(Native Method)
        at java.util.concurrent.locks.LockSupport.parkNanos(LockSupport.java:215)
        at java.util.concurrent.locks.AbstractQueuedSynchronizer$ConditionObject.awaitNanos(AbstractQueuedSynchronizer.java:2078)
        at org.eclipse.jetty.util.BlockingArrayQueue.poll(BlockingArrayQueue.java:382)
        at org.eclipse.jetty.util.thread.QueuedThreadPool$Runner.idleJobPoll(QueuedThreadPool.java:974)
        at org.eclipse.jetty.util.thread.QueuedThreadPool$Runner.run(QueuedThreadPool.java:1018)
        at java.lang.Thread.run(Thread.java:750)
"Datanode ReportManager Thread - 0" daemon prio=5 tid=1264 in Object.wait()
java.lang.Thread.State: WAITING (on object monitor)
        at sun.misc.Unsafe.park(Native Method)
        at java.util.concurrent.locks.LockSupport.park(LockSupport.java:175)
        at java.util.concurrent.locks.AbstractQueuedSynchronizer$ConditionObject.await(AbstractQueuedSynchronizer.java:2039)
        at java.util.concurrent.ScheduledThreadPoolExecutor$DelayedWorkQueue.take(ScheduledThreadPoolExecutor.java:1088)
        at java.util.concurrent.ScheduledThreadPoolExecutor$DelayedWorkQueue.take(ScheduledThreadPoolExecutor.java:809)
        at java.util.concurrent.ThreadPoolExecutor.getTask(ThreadPoolExecutor.java:1074)
        at java.util.concurrent.ThreadPoolExecutor.runWorker(ThreadPoolExecutor.java:1134)
        at java.util.concurrent.ThreadPoolExecutor$Worker.run(ThreadPoolExecutor.java:624)
        at java.lang.Thread.run(Thread.java:750)
"Session-HouseKeeper-6f3da2ba-1"  prio=5 tid=1224 timed_waiting
java.lang.Thread.State: TIMED_WAITING
        at sun.misc.Unsafe.park(Native Method)
        at java.util.concurrent.locks.LockSupport.parkNanos(LockSupport.java:215)
        at java.util.concurrent.locks.AbstractQueuedSynchronizer$ConditionObject.awaitNanos(AbstractQueuedSynchronizer.java:2078)
        at java.util.concurrent.ScheduledThreadPoolExecutor$DelayedWorkQueue.take(ScheduledThreadPoolExecutor.java:1093)
        at java.util.concurrent.ScheduledThreadPoolExecutor$DelayedWorkQueue.take(ScheduledThreadPoolExecutor.java:809)
        at java.util.concurrent.ThreadPoolExecutor.getTask(ThreadPoolExecutor.java:1074)
        at java.util.concurrent.ThreadPoolExecutor.runWorker(ThreadPoolExecutor.java:1134)
        at java.util.concurrent.ThreadPoolExecutor$Worker.run(ThreadPoolExecutor.java:624)
        at java.lang.Thread.run(Thread.java:750)
"qtp305277801-1336" daemon prio=5 tid=1336 timed_waiting
java.lang.Thread.State: TIMED_WAITING
        at sun.misc.Unsafe.park(Native Method)
        at java.util.concurrent.locks.LockSupport.parkNanos(LockSupport.java:215)
        at java.util.concurrent.locks.AbstractQueuedSynchronizer$ConditionObject.awaitNanos(AbstractQueuedSynchronizer.java:2078)
        at org.eclipse.jetty.util.BlockingArrayQueue.poll(BlockingArrayQueue.java:382)
        at org.eclipse.jetty.util.thread.QueuedThreadPool$Runner.idleJobPoll(QueuedThreadPool.java:974)
        at org.eclipse.jetty.util.thread.QueuedThreadPool$Runner.run(QueuedThreadPool.java:1018)
        at java.lang.Thread.run(Thread.java:750)
"qtp209985187-1193" daemon prio=5 tid=1193 timed_waiting
java.lang.Thread.State: TIMED_WAITING
        at sun.misc.Unsafe.park(Native Method)
        at java.util.concurrent.locks.LockSupport.parkNanos(LockSupport.java:215)
        at java.util.concurrent.locks.AbstractQueuedSynchronizer$ConditionObject.awaitNanos(AbstractQueuedSynchronizer.java:2078)
        at org.eclipse.jetty.util.BlockingArrayQueue.poll(BlockingArrayQueue.java:382)
        at org.eclipse.jetty.util.thread.QueuedThreadPool$Runner.idleJobPoll(QueuedThreadPool.java:974)
        at org.eclipse.jetty.util.thread.QueuedThreadPool$Runner.run(QueuedThreadPool.java:1018)
        at java.lang.Thread.run(Thread.java:750)
"BlockDeletingService#1" daemon prio=5 tid=1439 timed_waiting
java.lang.Thread.State: TIMED_WAITING
        at sun.misc.Unsafe.park(Native Method)
        at java.util.concurrent.locks.LockSupport.parkNanos(LockSupport.java:215)
        at java.util.concurrent.locks.AbstractQueuedSynchronizer$ConditionObject.awaitNanos(AbstractQueuedSynchronizer.java:2078)
        at java.util.concurrent.ScheduledThreadPoolExecutor$DelayedWorkQueue.take(ScheduledThreadPoolExecutor.java:1093)
        at java.util.concurrent.ScheduledThreadPoolExecutor$DelayedWorkQueue.take(ScheduledThreadPoolExecutor.java:809)
        at java.util.concurrent.ThreadPoolExecutor.getTask(ThreadPoolExecutor.java:1074)
        at java.util.concurrent.ThreadPoolExecutor.runWorker(ThreadPoolExecutor.java:1134)
        at java.util.concurrent.ThreadPoolExecutor$Worker.run(ThreadPoolExecutor.java:624)
        at java.lang.Thread.run(Thread.java:750)
"Datanode ReportManager Thread - 4" daemon prio=5 tid=1294 in Object.wait()
java.lang.Thread.State: WAITING (on object monitor)
        at sun.misc.Unsafe.park(Native Method)
        at java.util.concurrent.locks.LockSupport.park(LockSupport.java:175)
        at java.util.concurrent.locks.AbstractQueuedSynchronizer$ConditionObject.await(AbstractQueuedSynchronizer.java:2039)
        at java.util.concurrent.ScheduledThreadPoolExecutor$DelayedWorkQueue.take(ScheduledThreadPoolExecutor.java:1088)
        at java.util.concurrent.ScheduledThreadPoolExecutor$DelayedWorkQueue.take(ScheduledThreadPoolExecutor.java:809)
        at java.util.concurrent.ThreadPoolExecutor.getTask(ThreadPoolExecutor.java:1074)
        at java.util.concurrent.ThreadPoolExecutor.runWorker(ThreadPoolExecutor.java:1134)
        at java.util.concurrent.ThreadPoolExecutor$Worker.run(ThreadPoolExecutor.java:624)
        at java.lang.Thread.run(Thread.java:750)
"grpc-default-executor-4" daemon prio=5 tid=1561 timed_waiting
java.lang.Thread.State: TIMED_WAITING
        at sun.misc.Unsafe.park(Native Method)
        at java.util.concurrent.locks.LockSupport.parkNanos(LockSupport.java:215)
        at java.util.concurrent.SynchronousQueue$TransferStack.awaitFulfill(SynchronousQueue.java:460)
        at java.util.concurrent.SynchronousQueue$TransferStack.transfer(SynchronousQueue.java:362)
        at java.util.concurrent.SynchronousQueue.poll(SynchronousQueue.java:941)
        at java.util.concurrent.ThreadPoolExecutor.getTask(ThreadPoolExecutor.java:1073)
        at java.util.concurrent.ThreadPoolExecutor.runWorker(ThreadPoolExecutor.java:1134)
        at java.util.concurrent.ThreadPoolExecutor$Worker.run(ThreadPoolExecutor.java:624)
        at java.lang.Thread.run(Thread.java:750)
"PartialTableCache Cleanup Thread - 0" daemon prio=5 tid=1622 in Object.wait()
java.lang.Thread.State: WAITING (on object monitor)
        at sun.misc.Unsafe.park(Native Method)
        at java.util.concurrent.locks.LockSupport.park(LockSupport.java:175)
        at java.util.concurrent.locks.AbstractQueuedSynchronizer$ConditionObject.await(AbstractQueuedSynchronizer.java:2039)
        at java.util.concurrent.LinkedBlockingQueue.take(LinkedBlockingQueue.java:442)
        at java.util.concurrent.ThreadPoolExecutor.getTask(ThreadPoolExecutor.java:1074)
        at java.util.concurrent.ThreadPoolExecutor.runWorker(ThreadPoolExecutor.java:1134)
        at java.util.concurrent.ThreadPoolExecutor$Worker.run(ThreadPoolExecutor.java:624)
        at java.lang.Thread.run(Thread.java:750)
"IPC Client (44746251) connection to 0.0.0.0/0.0.0.0:43615 from runner" daemon prio=5 tid=1406 timed_waiting
java.lang.Thread.State: TIMED_WAITING
        at java.lang.Object.wait(Native Method)
        at org.apache.hadoop.ipc.Client$Connection.waitForWork(Client.java:1086)
        at org.apache.hadoop.ipc.Client$Connection.run(Client.java:1133)
"IPC Server handler 4 on default port 36375" daemon prio=5 tid=1127 timed_waiting
java.lang.Thread.State: TIMED_WAITING
        at sun.misc.Unsafe.park(Native Method)
        at java.util.concurrent.locks.LockSupport.parkNanos(LockSupport.java:215)
        at java.util.concurrent.locks.AbstractQueuedSynchronizer$ConditionObject.awaitNanos(AbstractQueuedSynchronizer.java:2078)
        at java.util.concurrent.LinkedBlockingQueue.poll(LinkedBlockingQueue.java:467)
        at org.apache.hadoop.ipc.CallQueueManager.take(CallQueueManager.java:317)
        at org.apache.hadoop.ipc.Server$Handler.run(Server.java:2942)
"pool-529-thread-1"  prio=5 tid=1200 in Object.wait()
java.lang.Thread.State: WAITING (on object monitor)
        at sun.misc.Unsafe.park(Native Method)
        at java.util.concurrent.locks.LockSupport.park(LockSupport.java:175)
        at java.util.concurrent.locks.AbstractQueuedSynchronizer$ConditionObject.await(AbstractQueuedSynchronizer.java:2039)
        at java.util.concurrent.LinkedBlockingQueue.take(LinkedBlockingQueue.java:442)
        at java.util.concurrent.ThreadPoolExecutor.getTask(ThreadPoolExecutor.java:1074)
        at java.util.concurrent.ThreadPoolExecutor.runWorker(ThreadPoolExecutor.java:1134)
        at java.util.concurrent.ThreadPoolExecutor$Worker.run(ThreadPoolExecutor.java:624)
        at java.lang.Thread.run(Thread.java:750)
"IPC Server handler 16 on default port 43083" daemon prio=5 tid=1241 timed_waiting
java.lang.Thread.State: TIMED_WAITING
        at sun.misc.Unsafe.park(Native Method)
        at java.util.concurrent.locks.LockSupport.parkNanos(LockSupport.java:215)
        at java.util.concurrent.locks.AbstractQueuedSynchronizer$ConditionObject.awaitNanos(AbstractQueuedSynchronizer.java:2078)
        at java.util.concurrent.LinkedBlockingQueue.poll(LinkedBlockingQueue.java:467)
        at org.apache.hadoop.ipc.CallQueueManager.take(CallQueueManager.java:317)
        at org.apache.hadoop.ipc.Server$Handler.run(Server.java:2942)
"pool-590-thread-1"  prio=5 tid=1496 in Object.wait()
java.lang.Thread.State: WAITING (on object monitor)
        at sun.misc.Unsafe.park(Native Method)
        at java.util.concurrent.locks.LockSupport.park(LockSupport.java:175)
        at java.util.concurrent.locks.AbstractQueuedSynchronizer$ConditionObject.await(AbstractQueuedSynchronizer.java:2039)
        at java.util.concurrent.LinkedBlockingQueue.take(LinkedBlockingQueue.java:442)
        at java.util.concurrent.ThreadPoolExecutor.getTask(ThreadPoolExecutor.java:1074)
        at java.util.concurrent.ThreadPoolExecutor.runWorker(ThreadPoolExecutor.java:1134)
        at java.util.concurrent.ThreadPoolExecutor$Worker.run(ThreadPoolExecutor.java:624)
        at java.lang.Thread.run(Thread.java:750)


	at org.apache.ozone.test.GenericTestUtils.waitFor(GenericTestUtils.java:224)
	at org.apache.hadoop.hdds.scm.pipeline.TestRatisPipelineCreateAndDestroy.waitForPipelines(TestRatisPipelineCreateAndDestroy.java:179)
	at org.apache.hadoop.hdds.scm.pipeline.TestRatisPipelineCreateAndDestroy.testAutomaticPipelineCreationDisablingFactorONE(TestRatisPipelineCreateAndDestroy.java:118)
	at sun.reflect.NativeMethodAccessorImpl.invoke0(Native Method)
	at sun.reflect.NativeMethodAccessorImpl.invoke(NativeMethodAccessorImpl.java:62)
	at sun.reflect.DelegatingMethodAccessorImpl.invoke(DelegatingMethodAccessorImpl.java:43)
	at java.lang.reflect.Method.invoke(Method.java:498)
	at org.junit.platform.commons.util.ReflectionUtils.invokeMethod(ReflectionUtils.java:725)
	at org.junit.jupiter.engine.execution.MethodInvocation.proceed(MethodInvocation.java:60)
	at org.junit.jupiter.engine.execution.InvocationInterceptorChain$ValidatingInvocation.proceed(InvocationInterceptorChain.java:131)
	at org.junit.jupiter.engine.extension.TimeoutInvocation.proceed(TimeoutInvocation.java:46)
	at org.junit.jupiter.engine.extension.TimeoutExtension.intercept(TimeoutExtension.java:149)
	at org.junit.jupiter.engine.extension.TimeoutExtension.interceptTestableMethod(TimeoutExtension.java:140)
	at org.junit.jupiter.engine.extension.TimeoutExtension.interceptTestMethod(TimeoutExtension.java:84)
	at org.junit.jupiter.engine.execution.ExecutableInvoker$ReflectiveInterceptorCall.lambda$ofVoidMethod$0(ExecutableInvoker.java:115)
	at org.junit.jupiter.engine.execution.ExecutableInvoker.lambda$invoke$0(ExecutableInvoker.java:105)
	at org.junit.jupiter.engine.execution.InvocationInterceptorChain$InterceptedInvocation.proceed(InvocationInterceptorChain.java:106)
	at org.junit.jupiter.engine.execution.InvocationInterceptorChain.proceed(InvocationInterceptorChain.java:64)
	at org.junit.jupiter.engine.execution.InvocationInterceptorChain.chainAndInvoke(InvocationInterceptorChain.java:45)
	at org.junit.jupiter.engine.execution.InvocationInterceptorChain.invoke(InvocationInterceptorChain.java:37)
	at org.junit.jupiter.engine.execution.ExecutableInvoker.invoke(ExecutableInvoker.java:104)
	at org.junit.jupiter.engine.execution.ExecutableInvoker.invoke(ExecutableInvoker.java:98)
	at org.junit.jupiter.engine.descriptor.TestMethodTestDescriptor.lambda$invokeTestMethod$7(TestMethodTestDescriptor.java:214)
	at org.junit.platform.engine.support.hierarchical.ThrowableCollector.execute(ThrowableCollector.java:73)
	at org.junit.jupiter.engine.descriptor.TestMethodTestDescriptor.invokeTestMethod(TestMethodTestDescriptor.java:210)
	at org.junit.jupiter.engine.descriptor.TestMethodTestDescriptor.execute(TestMethodTestDescriptor.java:135)
	at org.junit.jupiter.engine.descriptor.TestMethodTestDescriptor.execute(TestMethodTestDescriptor.java:66)
	at org.junit.platform.engine.support.hierarchical.NodeTestTask.lambda$executeRecursively$6(NodeTestTask.java:151)
	at org.junit.platform.engine.support.hierarchical.ThrowableCollector.execute(ThrowableCollector.java:73)
	at org.junit.platform.engine.support.hierarchical.NodeTestTask.lambda$executeRecursively$8(NodeTestTask.java:141)
	at org.junit.platform.engine.support.hierarchical.Node.around(Node.java:137)
	at org.junit.platform.engine.support.hierarchical.NodeTestTask.lambda$executeRecursively$9(NodeTestTask.java:139)
	at org.junit.platform.engine.support.hierarchical.ThrowableCollector.execute(ThrowableCollector.java:73)
	at org.junit.platform.engine.support.hierarchical.NodeTestTask.executeRecursively(NodeTestTask.java:138)
	at org.junit.platform.engine.support.hierarchical.NodeTestTask.execute(NodeTestTask.java:95)
	at java.util.ArrayList.forEach(ArrayList.java:1259)
	at org.junit.platform.engine.support.hierarchical.SameThreadHierarchicalTestExecutorService.invokeAll(SameThreadHierarchicalTestExecutorService.java:41)
	at org.junit.platform.engine.support.hierarchical.NodeTestTask.lambda$executeRecursively$6(NodeTestTask.java:155)
	at org.junit.platform.engine.support.hierarchical.ThrowableCollector.execute(ThrowableCollector.java:73)
	at org.junit.platform.engine.support.hierarchical.NodeTestTask.lambda$executeRecursively$8(NodeTestTask.java:141)
	at org.junit.platform.engine.support.hierarchical.Node.around(Node.java:137)
	at org.junit.platform.engine.support.hierarchical.NodeTestTask.lambda$executeRecursively$9(NodeTestTask.java:139)
	at org.junit.platform.engine.support.hierarchical.ThrowableCollector.execute(ThrowableCollector.java:73)
	at org.junit.platform.engine.support.hierarchical.NodeTestTask.executeRecursively(NodeTestTask.java:138)
	at org.junit.platform.engine.support.hierarchical.NodeTestTask.execute(NodeTestTask.java:95)
	at java.util.ArrayList.forEach(ArrayList.java:1259)
	at org.junit.platform.engine.support.hierarchical.SameThreadHierarchicalTestExecutorService.invokeAll(SameThreadHierarchicalTestExecutorService.java:41)
	at org.junit.platform.engine.support.hierarchical.NodeTestTask.lambda$executeRecursively$6(NodeTestTask.java:155)
	at org.junit.platform.engine.support.hierarchical.ThrowableCollector.execute(ThrowableCollector.java:73)
	at org.junit.platform.engine.support.hierarchical.NodeTestTask.lambda$executeRecursively$8(NodeTestTask.java:141)
	at org.junit.platform.engine.support.hierarchical.Node.around(Node.java:137)
	at org.junit.platform.engine.support.hierarchical.NodeTestTask.lambda$executeRecursively$9(NodeTestTask.java:139)
	at org.junit.platform.engine.support.hierarchical.ThrowableCollector.execute(ThrowableCollector.java:73)
	at org.junit.platform.engine.support.hierarchical.NodeTestTask.executeRecursively(NodeTestTask.java:138)
	at org.junit.platform.engine.support.hierarchical.NodeTestTask.execute(NodeTestTask.java:95)
	at org.junit.platform.engine.support.hierarchical.SameThreadHierarchicalTestExecutorService.submit(SameThreadHierarchicalTestExecutorService.java:35)
	at org.junit.platform.engine.support.hierarchical.HierarchicalTestExecutor.execute(HierarchicalTestExecutor.java:57)
	at org.junit.platform.engine.support.hierarchical.HierarchicalTestEngine.execute(HierarchicalTestEngine.java:54)
	at org.junit.platform.launcher.core.EngineExecutionOrchestrator.execute(EngineExecutionOrchestrator.java:107)
	at org.junit.platform.launcher.core.EngineExecutionOrchestrator.execute(EngineExecutionOrchestrator.java:88)
	at org.junit.platform.launcher.core.EngineExecutionOrchestrator.lambda$execute$0(EngineExecutionOrchestrator.java:54)
	at org.junit.platform.launcher.core.EngineExecutionOrchestrator.withInterceptedStreams(EngineExecutionOrchestrator.java:67)
	at org.junit.platform.launcher.core.EngineExecutionOrchestrator.execute(EngineExecutionOrchestrator.java:52)
	at org.junit.platform.launcher.core.DefaultLauncher.execute(DefaultLauncher.java:114)
	at org.junit.platform.launcher.core.DefaultLauncher.execute(DefaultLauncher.java:86)
	at org.junit.platform.launcher.core.DefaultLauncherSession$DelegatingLauncher.execute(DefaultLauncherSession.java:86)
	at org.junit.platform.launcher.core.SessionPerRequestLauncher.execute(SessionPerRequestLauncher.java:53)
	at org.apache.maven.surefire.junitplatform.JUnitPlatformProvider.execute(JUnitPlatformProvider.java:188)
	at org.apache.maven.surefire.junitplatform.JUnitPlatformProvider.invokeAllTests(JUnitPlatformProvider.java:154)
	at org.apache.maven.surefire.junitplatform.JUnitPlatformProvider.invoke(JUnitPlatformProvider.java:124)
	at org.apache.maven.surefire.booter.ForkedBooter.runSuitesInProcess(ForkedBooter.java:428)
	at org.apache.maven.surefire.booter.ForkedBooter.execute(ForkedBooter.java:162)
	at org.apache.maven.surefire.booter.ForkedBooter.run(ForkedBooter.java:562)
	at org.apache.maven.surefire.booter.ForkedBooter.main(ForkedBooter.java:548)
]]></error>
    <system-out><![CDATA[2022-11-14 01:05:28,297 [Listener at 127.0.0.1/43447] WARN  server.ServerUtils (ServerUtils.java:getScmDbDir(148)) - ozone.scm.db.dirs is not configured. We recommend adding this setting. Falling back to ozone.metadata.dirs instead.
2022-11-14 01:05:28,299 [Listener at 127.0.0.1/43447] WARN  server.ServerUtils (ServerUtils.java:getScmDbDir(148)) - ozone.scm.db.dirs is not configured. We recommend adding this setting. Falling back to ozone.metadata.dirs instead.
2022-11-14 01:05:28,300 [Listener at 127.0.0.1/43447] INFO  ha.SCMHANodeDetails (SCMHANodeDetails.java:loadSCMHAConfig(209)) - ServiceID for StorageContainerManager is null
2022-11-14 01:05:28,300 [Listener at 127.0.0.1/43447] INFO  ha.SCMHANodeDetails (SCMHANodeDetails.java:loadSCMHAConfig(214)) - ozone.scm.default.service.id is not defined, falling back to ozone.scm.service.ids to find serviceID for StorageContainerManager if it is HA enabled cluster
2022-11-14 01:05:28,301 [Listener at 127.0.0.1/43447] WARN  utils.HAUtils (HAUtils.java:getMetaDir(342)) - ozone.scm.db.dirs is not configured. We recommend adding this setting. Falling back to ozone.metadata.dirs instead.
2022-11-14 01:05:28,301 [Listener at 127.0.0.1/43447] WARN  db.DBStoreBuilder (DBStoreBuilder.java:applyDBDefinition(144)) - ozone.scm.db.dirs is not configured. We recommend adding this setting. Falling back to ozone.metadata.dirs instead.
2022-11-14 01:05:28,395 [Listener at 127.0.0.1/43447] INFO  net.NodeSchemaLoader (NodeSchemaLoader.java:loadSchemaFromFile(129)) - Loading schema from [jar:file:/home/runner/.m2/repository/org/apache/ozone/hdds-common/1.3.0-SNAPSHOT/hdds-common-1.3.0-SNAPSHOT.jar!/network-topology-default.xml]
2022-11-14 01:05:28,396 [Listener at 127.0.0.1/43447] INFO  net.NodeSchemaLoader (NodeSchemaLoader.java:loadSchema(176)) - Loading network topology layer schema file
2022-11-14 01:05:28,398 [Listener at 127.0.0.1/43447] INFO  upgrade.AbstractLayoutVersionManager (AbstractLayoutVersionManager.java:init(83)) - Initializing Layout version manager with metadata layout = DATANODE_SCHEMA_V3 (version = 4), software layout = DATANODE_SCHEMA_V3 (version = 4)
2022-11-14 01:05:28,438 [Listener at 127.0.0.1/43447] INFO  reflections.Reflections (Reflections.java:scan(232)) - Reflections took 39 ms to scan 7 urls, producing 139 keys and 336 values 
2022-11-14 01:05:28,439 [Listener at 127.0.0.1/43447] INFO  ha.SequenceIdGenerator (SequenceIdGenerator.java:upgradeToSequenceId(349)) - upgrade localId to 109611004723200000
2022-11-14 01:05:28,440 [Listener at 127.0.0.1/43447] INFO  ha.SequenceIdGenerator (SequenceIdGenerator.java:upgradeToSequenceId(359)) - upgrade delTxnId to 0
2022-11-14 01:05:28,440 [Listener at 127.0.0.1/43447] INFO  ha.SequenceIdGenerator (SequenceIdGenerator.java:upgradeToSequenceId(376)) - upgrade containerId to 0
2022-11-14 01:05:28,440 [Listener at 127.0.0.1/43447] INFO  ha.SequenceIdGenerator (SequenceIdGenerator.java:<init>(220)) - Init the HA SequenceIdGenerator.
2022-11-14 01:05:28,441 [Listener at 127.0.0.1/43447] INFO  node.SCMNodeManager (SCMNodeManager.java:<init>(149)) - Entering startup safe mode.
2022-11-14 01:05:28,441 [Listener at 127.0.0.1/43447] INFO  algorithms.ContainerPlacementPolicyFactory (ContainerPlacementPolicyFactory.java:getPolicyInternal(86)) - Create container placement policy of type org.apache.hadoop.hdds.scm.container.placement.algorithms.SCMContainerPlacementRandom
2022-11-14 01:05:28,441 [Listener at 127.0.0.1/43447] INFO  algorithms.ContainerPlacementPolicyFactory (ContainerPlacementPolicyFactory.java:getPolicyInternal(86)) - Create container placement policy of type org.apache.hadoop.hdds.scm.container.placement.algorithms.SCMContainerPlacementRackScatter
2022-11-14 01:05:28,441 [Listener at 127.0.0.1/43447] INFO  pipeline.PipelineStateManagerImpl (PipelineStateManagerImpl.java:initialize(78)) - No pipeline exists in current db
2022-11-14 01:05:28,441 [Listener at 127.0.0.1/43447] INFO  algorithms.LeaderChoosePolicyFactory (LeaderChoosePolicyFactory.java:getPolicy(57)) - Create leader choose policy of type org.apache.hadoop.hdds.scm.pipeline.leader.choose.algorithms.MinLeaderCountChoosePolicy
2022-11-14 01:05:28,442 [Listener at 127.0.0.1/43447] INFO  algorithms.ContainerPlacementPolicyFactory (ContainerPlacementPolicyFactory.java:getPolicyInternal(86)) - Create container placement policy of type org.apache.hadoop.hdds.scm.container.placement.algorithms.SCMContainerPlacementRackScatter
2022-11-14 01:05:28,442 [Listener at 127.0.0.1/43447] INFO  ha.SCMServiceManager (SCMServiceManager.java:register(42)) - Registering service BackgroundPipelineCreator.
2022-11-14 01:05:28,442 [Listener at 127.0.0.1/43447] INFO  pipeline.BackgroundPipelineCreator (BackgroundPipelineCreator.java:start(124)) - Starting RatisPipelineUtilsThread.
2022-11-14 01:05:28,443 [Listener at 127.0.0.1/43447] INFO  BackgroundPipelineScrubber (BackgroundSCMService.java:start(68)) - Starting BackgroundPipelineScrubber Service.
2022-11-14 01:05:28,443 [Listener at 127.0.0.1/43447] INFO  ha.SCMServiceManager (SCMServiceManager.java:register(42)) - Registering service BackgroundPipelineScrubber.
2022-11-14 01:05:28,443 [Listener at 127.0.0.1/43447] INFO  ExpiredContainerReplicaOpScrubber (BackgroundSCMService.java:start(68)) - Starting ExpiredContainerReplicaOpScrubber Service.
2022-11-14 01:05:28,444 [Listener at 127.0.0.1/43447] INFO  ha.SCMServiceManager (SCMServiceManager.java:register(42)) - Registering service ExpiredContainerReplicaOpScrubber.
2022-11-14 01:05:28,445 [Listener at 127.0.0.1/43447] INFO  algorithms.PipelineChoosePolicyFactory (PipelineChoosePolicyFactory.java:createPipelineChoosePolicyFromClass(73)) - Create pipeline choose policy of type org.apache.hadoop.hdds.scm.pipeline.choose.algorithms.RandomPipelineChoosePolicy
2022-11-14 01:05:28,445 [Listener at 127.0.0.1/43447] INFO  ha.SCMServiceManager (SCMServiceManager.java:register(42)) - Registering service SCMBlockDeletingService.
2022-11-14 01:05:28,446 [Listener at 127.0.0.1/43447] INFO  replication.ReplicationManager (ReplicationManager.java:start(239)) - Starting Replication Monitor Thread.
2022-11-14 01:05:28,447 [Listener at 127.0.0.1/43447] INFO  ha.SCMServiceManager (SCMServiceManager.java:register(42)) - Registering service ReplicationManager.
2022-11-14 01:05:28,447 [Listener at 127.0.0.1/43447] INFO  safemode.ContainerSafeModeRule (ContainerSafeModeRule.java:<init>(89)) - containers with one replica threshold count 0
2022-11-14 01:05:28,448 [Listener at 127.0.0.1/43447] INFO  safemode.HealthyPipelineSafeModeRule (HealthyPipelineSafeModeRule.java:initializeRule(169)) - Total pipeline count is 0, healthy pipeline threshold count is 1
2022-11-14 01:05:28,448 [Listener at 127.0.0.1/43447] INFO  safemode.OneReplicaPipelineSafeModeRule (OneReplicaPipelineSafeModeRule.java:initializeRule(180)) - Total pipeline count is 0, pipeline's with at least one datanode reported threshold count is 0
2022-11-14 01:05:28,448 [ReplicationMonitor] INFO  replication.ReplicationManager (ReplicationManager.java:processAll(308)) - Replication Manager is not ready to run until 3000ms after safemode exit
2022-11-14 01:05:28,451 [Listener at 127.0.0.1/43447] INFO  ipc.CallQueueManager (CallQueueManager.java:<init>(90)) - Using callQueue: class java.util.concurrent.LinkedBlockingQueue, queueCapacity: 2000, scheduler: class org.apache.hadoop.ipc.DefaultRpcScheduler, ipcBackoff: false.
2022-11-14 01:05:28,452 [Socket Reader #1 for port 0] INFO  ipc.Server (Server.java:run(1273)) - Starting Socket Reader #1 for port 0
2022-11-14 01:05:28,452 [Listener at 0.0.0.0/43615] INFO  ipc.CallQueueManager (CallQueueManager.java:<init>(90)) - Using callQueue: class java.util.concurrent.LinkedBlockingQueue, queueCapacity: 2000, scheduler: class org.apache.hadoop.ipc.DefaultRpcScheduler, ipcBackoff: false.
2022-11-14 01:05:28,453 [Socket Reader #1 for port 0] INFO  ipc.Server (Server.java:run(1273)) - Starting Socket Reader #1 for port 0
2022-11-14 01:05:28,453 [Listener at 0.0.0.0/38387] INFO  ipc.CallQueueManager (CallQueueManager.java:<init>(90)) - Using callQueue: class java.util.concurrent.LinkedBlockingQueue, queueCapacity: 2000, scheduler: class org.apache.hadoop.ipc.DefaultRpcScheduler, ipcBackoff: false.
2022-11-14 01:05:28,454 [Socket Reader #1 for port 0] INFO  ipc.Server (Server.java:run(1273)) - Starting Socket Reader #1 for port 0
2022-11-14 01:05:28,457 [Listener at 0.0.0.0/36375] INFO  ha.SCMServiceManager (SCMServiceManager.java:register(42)) - Registering service ContainerBalancer.
2022-11-14 01:05:28,457 [Listener at 0.0.0.0/36375] INFO  server.StorageContainerManager (StorageContainerManager.java:<init>(416)) - 
Container Balancer status:
Key                            Value
Running                        true
Container Balancer Configuration values:
Key                                                Value
Threshold                                          10
Max Datanodes to Involve per Iteration(percent)    20
Max Size to Move per Iteration                     500GB
Max Size Entering Target per Iteration             26GB
Max Size Leaving Source per Iteration              26GB

2022-11-14 01:05:28,457 [Listener at 0.0.0.0/36375] WARN  events.EventQueue (EventQueue.java:fireEvent(216)) - No event handler registered for event TypedEvent{payloadType=SafeModeStatus, name='Safe mode status'}
2022-11-14 01:05:28,457 [Listener at 0.0.0.0/36375] INFO  ha.SCMContext (SCMContext.java:updateSafeModeStatus(228)) - Update SafeModeStatus from SafeModeStatus{safeModeStatus=true, preCheckPassed=false} to SafeModeStatus{safeModeStatus=true, preCheckPassed=false}.
2022-11-14 01:05:28,458 [Listener at 0.0.0.0/36375] INFO  server.StorageContainerManager (StorageContainerManager.java:start(1454)) - StorageContainerLocationProtocol RPC server is listening at /0.0.0.0:36375
2022-11-14 01:05:28,459 [Listener at 0.0.0.0/36375] WARN  impl.MetricsConfig (MetricsConfig.java:loadFirst(136)) - Cannot locate configuration: tried hadoop-metrics2-storagecontainermanager.properties,hadoop-metrics2.properties
2022-11-14 01:05:28,460 [Listener at 0.0.0.0/36375] INFO  impl.MetricsSystemImpl (MetricsSystemImpl.java:startTimer(378)) - Scheduled Metric snapshot period at 10 second(s).
2022-11-14 01:05:28,461 [Listener at 0.0.0.0/36375] INFO  impl.MetricsSystemImpl (MetricsSystemImpl.java:start(191)) - StorageContainerManager metrics system started
2022-11-14 01:05:28,464 [Listener at 0.0.0.0/36375] INFO  impl.MetricsSinkAdapter (MetricsSinkAdapter.java:start(204)) - Sink prometheus started
2022-11-14 01:05:28,464 [Listener at 0.0.0.0/36375] INFO  impl.MetricsSystemImpl (MetricsSystemImpl.java:registerSink(305)) - Registered sink prometheus
2022-11-14 01:05:28,480 [Listener at 0.0.0.0/36375] INFO  server.SCMClientProtocolServer (SCMClientProtocolServer.java:start(170)) - RPC server for Client  is listening at /0.0.0.0:36375
2022-11-14 01:05:28,481 [IPC Server Responder] INFO  ipc.Server (Server.java:run(1512)) - IPC Server Responder: starting
2022-11-14 01:05:28,481 [IPC Server listener on 0] INFO  ipc.Server (Server.java:run(1352)) - IPC Server listener on 0: starting
2022-11-14 01:05:28,485 [Listener at 0.0.0.0/36375] INFO  server.StorageContainerManager (StorageContainerManager.java:start(1469)) - ScmBlockLocationProtocol RPC server is listening at /0.0.0.0:38387
2022-11-14 01:05:28,485 [Listener at 0.0.0.0/36375] INFO  server.SCMBlockProtocolServer (SCMBlockProtocolServer.java:start(152)) - RPC server for Block Protocol is listening at /0.0.0.0:38387
2022-11-14 01:05:28,485 [IPC Server Responder] INFO  ipc.Server (Server.java:run(1512)) - IPC Server Responder: starting
2022-11-14 01:05:28,485 [IPC Server listener on 0] INFO  ipc.Server (Server.java:run(1352)) - IPC Server listener on 0: starting
2022-11-14 01:05:28,487 [Listener at 0.0.0.0/36375] INFO  server.SCMDatanodeProtocolServer (SCMDatanodeProtocolServer.java:start(186)) - ScmDatanodeProtocol RPC server for DataNodes is listening at /0.0.0.0:43615
2022-11-14 01:05:28,487 [IPC Server Responder] INFO  ipc.Server (Server.java:run(1512)) - IPC Server Responder: starting
2022-11-14 01:05:28,487 [IPC Server listener on 0] INFO  ipc.Server (Server.java:run(1352)) - IPC Server listener on 0: starting
2022-11-14 01:05:28,490 [org.apache.hadoop.util.JvmPauseMonitor$Monitor@7c3ed6f1] INFO  util.JvmPauseMonitor (JvmPauseMonitor.java:run(188)) - Starting JVM pause monitor
2022-11-14 01:05:28,492 [Listener at 0.0.0.0/36375] INFO  http.BaseHttpServer (BaseHttpServer.java:newHttpServer2BuilderForOzone(213)) - Starting Web-server for scm at: http://0.0.0.0:0
2022-11-14 01:05:28,492 [Listener at 0.0.0.0/36375] INFO  http.BaseHttpServer (BaseHttpServer.java:<init>(108)) - Hadoop Security Enabled: false Ozone Security Enabled: false Ozone HTTP Security Enabled: false 
2022-11-14 01:05:28,493 [Listener at 0.0.0.0/36375] WARN  server.AuthenticationFilter (AuthenticationFilter.java:constructSecretProvider(240)) - Unable to initialize FileSignerSecretProvider, falling back to use random secrets. Reason: Could not read signature secret file: /home/runner/hadoop-http-auth-signature-secret
2022-11-14 01:05:28,494 [Listener at 0.0.0.0/36375] WARN  http.HttpRequestLog (HttpRequestLog.java:getRequestLog(103)) - Jetty request log can only be enabled using Log4j
2022-11-14 01:05:28,495 [Listener at 0.0.0.0/36375] INFO  http.HttpServer2 (HttpServer2.java:addGlobalFilter(1031)) - Added global filter 'safety' (class=org.apache.hadoop.hdds.server.http.HttpServer2$QuotingInputFilter)
2022-11-14 01:05:28,496 [Listener at 0.0.0.0/36375] INFO  http.HttpServer2 (HttpServer2.java:addFilter(1007)) - Added filter static_user_filter (class=org.apache.hadoop.http.lib.StaticUserWebFilter$StaticUserFilter) to context scm
2022-11-14 01:05:28,496 [Listener at 0.0.0.0/36375] INFO  http.HttpServer2 (HttpServer2.java:addFilter(1015)) - Added filter static_user_filter (class=org.apache.hadoop.http.lib.StaticUserWebFilter$StaticUserFilter) to context logs
2022-11-14 01:05:28,496 [Listener at 0.0.0.0/36375] INFO  http.HttpServer2 (HttpServer2.java:addFilter(1015)) - Added filter static_user_filter (class=org.apache.hadoop.http.lib.StaticUserWebFilter$StaticUserFilter) to context static
2022-11-14 01:05:28,496 [Listener at 0.0.0.0/36375] INFO  http.HttpServer2 (HttpServer2.java:bindListener(1250)) - Jetty bound to port 40581
2022-11-14 01:05:28,496 [Listener at 0.0.0.0/36375] INFO  server.Server (Server.java:doStart(375)) - jetty-9.4.49.v20220914; built: 2022-09-14T01:07:36.601Z; git: 4231a3b2e4cb8548a412a789936d640a97b1aa0a; jvm 1.8.0_345-b01
2022-11-14 01:05:28,498 [Listener at 0.0.0.0/36375] INFO  server.session (DefaultSessionIdManager.java:doStart(334)) - DefaultSessionIdManager workerName=node0
2022-11-14 01:05:28,499 [Listener at 0.0.0.0/36375] INFO  server.session (DefaultSessionIdManager.java:doStart(339)) - No SessionScavenger set, using defaults
2022-11-14 01:05:28,499 [Listener at 0.0.0.0/36375] INFO  server.session (HouseKeeper.java:startScavenging(132)) - node0 Scavenging every 600000ms
2022-11-14 01:05:28,499 [Listener at 0.0.0.0/36375] INFO  handler.ContextHandler (ContextHandler.java:doStart(921)) - Started o.e.j.s.ServletContextHandler@26dacb9a{logs,/logs,file:///home/runner/work/ozone/ozone/hadoop-ozone/integration-test/target/log,AVAILABLE}
2022-11-14 01:05:28,500 [Listener at 0.0.0.0/36375] INFO  handler.ContextHandler (ContextHandler.java:doStart(921)) - Started o.e.j.s.ServletContextHandler@76200ec9{static,/static,file:///home/runner/work/ozone/ozone/hadoop-ozone/integration-test/target/test-classes/webapps/static,AVAILABLE}
2022-11-14 01:05:28,503 [Listener at 0.0.0.0/36375] INFO  handler.ContextHandler (ContextHandler.java:doStart(921)) - Started o.e.j.w.WebAppContext@504dda01{scm,/,file:///home/runner/work/ozone/ozone/hadoop-ozone/integration-test/target/test-classes/webapps/scm/,AVAILABLE}{file:/home/runner/work/ozone/ozone/hadoop-ozone/integration-test/target/test-classes/webapps/scm}
2022-11-14 01:05:28,504 [Listener at 0.0.0.0/36375] INFO  server.AbstractConnector (AbstractConnector.java:doStart(333)) - Started ServerConnector@6b6f3e45{HTTP/1.1, (http/1.1)}{0.0.0.0:40581}
2022-11-14 01:05:28,504 [Listener at 0.0.0.0/36375] INFO  server.Server (Server.java:doStart(415)) - Started @74247ms
2022-11-14 01:05:28,504 [Listener at 0.0.0.0/36375] WARN  impl.MetricsSystemImpl (MetricsSystemImpl.java:register(279)) - Sink prometheus already exists!
2022-11-14 01:05:28,504 [Listener at 0.0.0.0/36375] INFO  http.BaseHttpServer (BaseHttpServer.java:updateConnectorAddress(333)) - HTTP server of scm listening at http://0.0.0.0:40581
2022-11-14 01:05:28,505 [Listener at 0.0.0.0/36375] WARN  server.ServerUtils (ServerUtils.java:getDBPath(225)) - ozone.om.db.dirs is not configured. We recommend adding this setting. Falling back to ozone.metadata.dirs instead.
2022-11-14 01:05:28,506 [Listener at 0.0.0.0/36375] INFO  ha.OMHANodeDetails (OMHANodeDetails.java:loadOMHAConfig(115)) - ozone.om.internal.service.id is not defined, falling back to ozone.om.service.ids to find serviceID for OzoneManager if it is HA enabled cluster
2022-11-14 01:05:28,506 [Listener at 0.0.0.0/36375] INFO  ha.OMHANodeDetails (OMHANodeDetails.java:loadOMHAConfig(226)) - Configuration does not have ozone.om.address set. Falling back to the default OM address /127.0.0.1:0
2022-11-14 01:05:28,506 [Listener at 0.0.0.0/36375] INFO  ha.OMHANodeDetails (OMHANodeDetails.java:getOMNodeDetailsForNonHA(254)) - OM Service ID is not set. Setting it to the default ID: omServiceIdDefault
2022-11-14 01:05:28,506 [Listener at 0.0.0.0/36375] INFO  ha.OMHANodeDetails (OMHANodeDetails.java:getOMNodeDetailsForNonHA(261)) - OM Node ID is not set. Setting it to the default ID: om1
2022-11-14 01:05:28,507 [Listener at 0.0.0.0/36375] WARN  server.ServerUtils (ServerUtils.java:getDBPath(225)) - ozone.om.db.dirs is not configured. We recommend adding this setting. Falling back to ozone.metadata.dirs instead.
2022-11-14 01:05:28,507 [Listener at 0.0.0.0/36375] INFO  upgrade.AbstractLayoutVersionManager (AbstractLayoutVersionManager.java:init(83)) - Initializing Layout version manager with metadata layout = MULTITENANCY_SCHEMA (version = 3), software layout = MULTITENANCY_SCHEMA (version = 3)
2022-11-14 01:05:28,568 [Listener at 0.0.0.0/36375] INFO  reflections.Reflections (Reflections.java:scan(232)) - Reflections took 59 ms to scan 2 urls, producing 154 keys and 428 values [using 2 cores]
2022-11-14 01:05:28,568 [Listener at 0.0.0.0/36375] INFO  upgrade.OMLayoutVersionManager (OMLayoutVersionManager.java:lambda$0(115)) - Skipping Upgrade Action MockOmUpgradeAction since it has been finalized.
2022-11-14 01:05:28,568 [Listener at 0.0.0.0/36375] WARN  server.ServerUtils (ServerUtils.java:getDBPath(225)) - ozone.om.db.dirs is not configured. We recommend adding this setting. Falling back to ozone.metadata.dirs instead.
2022-11-14 01:05:28,569 [Listener at 0.0.0.0/36375] INFO  proxy.SCMBlockLocationFailoverProxyProvider (SCMBlockLocationFailoverProxyProvider.java:<init>(114)) - Created block location fail-over proxy with 1 nodes: [nodeId=scmNodeId,nodeAddress=/0.0.0.0:38387]
2022-11-14 01:05:28,571 [Listener at 0.0.0.0/36375] INFO  proxy.SCMBlockLocationFailoverProxyProvider (SCMBlockLocationFailoverProxyProvider.java:<init>(114)) - Created block location fail-over proxy with 1 nodes: [nodeId=scmNodeId,nodeAddress=/0.0.0.0:38387]
2022-11-14 01:05:28,577 [Listener at 0.0.0.0/36375] WARN  server.ServerUtils (ServerUtils.java:getDBPath(225)) - ozone.om.db.dirs is not configured. We recommend adding this setting. Falling back to ozone.metadata.dirs instead.
2022-11-14 01:05:28,577 [Listener at 0.0.0.0/36375] INFO  codec.OmKeyInfoCodec (OmKeyInfoCodec.java:<init>(49)) - OmKeyInfoCodec ignorePipeline = true
2022-11-14 01:05:28,577 [Listener at 0.0.0.0/36375] INFO  codec.RepeatedOmKeyInfoCodec (RepeatedOmKeyInfoCodec.java:<init>(41)) - RepeatedOmKeyInfoCodec ignorePipeline = true
2022-11-14 01:05:28,723 [Listener at 0.0.0.0/36375] INFO  om.OzoneManager (OzoneManager.java:instantiateServices(715)) - S3 Multi-Tenancy is disabled
2022-11-14 01:05:28,729 [Listener at 0.0.0.0/36375] INFO  om.OzoneManager (OzoneManager.java:addS3GVolumeToDB(4394)) - Created Volume s3v With Owner runner required for S3Gateway operations.
2022-11-14 01:05:28,729 [Listener at 0.0.0.0/36375] WARN  server.ServerUtils (ServerUtils.java:getDefaultRatisDirectory(237)) - Storage directory for Ratis is not configured. It is a good idea to map this to an SSD disk. Falling back to ozone.metadata.dirs
2022-11-14 01:05:28,730 [Listener at 0.0.0.0/36375] WARN  utils.OzoneManagerRatisUtils (OzoneManagerRatisUtils.java:getOMRatisSnapshotDirectory(434)) - ozone.om.ratis.snapshot.dir is not configured. Falling back to ozone.metadata.dirs config
2022-11-14 01:05:28,730 [Listener at 0.0.0.0/36375] WARN  server.ServerUtils (ServerUtils.java:getDefaultRatisDirectory(237)) - Storage directory for Ratis is not configured. It is a good idea to map this to an SSD disk. Falling back to ozone.metadata.dirs
2022-11-14 01:05:28,733 [Listener at 0.0.0.0/36375] INFO  ratis.OzoneManagerRatisServer (OzoneManagerRatisServer.java:<init>(160)) - Instantiating OM Ratis server with groupID: omServiceIdDefault and peers: localhost:9872
2022-11-14 01:05:28,733 [Listener at 0.0.0.0/36375] INFO  ratis.OzoneManagerStateMachine (OzoneManagerStateMachine.java:loadSnapshotInfoFromDB(636)) - LastAppliedIndex is set from TransactionInfo from OM DB as (t:0, i:~)
2022-11-14 01:05:28,741 [Listener at 0.0.0.0/36375] INFO  server.RaftServer (ConfUtils.java:logGet(46)) - raft.rpc.type = GRPC (default)
2022-11-14 01:05:28,741 [Listener at 0.0.0.0/36375] INFO  grpc.GrpcConfigKeys (ConfUtils.java:logFallback(53)) - raft.grpc.admin.host = null (fallback to raft.grpc.server.host)
2022-11-14 01:05:28,741 [Listener at 0.0.0.0/36375] INFO  grpc.GrpcConfigKeys (ConfUtils.java:logFallback(53)) - raft.grpc.admin.port = 9872 (fallback to raft.grpc.server.port)
2022-11-14 01:05:28,741 [Listener at 0.0.0.0/36375] INFO  grpc.GrpcConfigKeys (ConfUtils.java:logFallback(53)) - raft.grpc.client.host = null (fallback to raft.grpc.server.host)
2022-11-14 01:05:28,741 [Listener at 0.0.0.0/36375] INFO  grpc.GrpcConfigKeys (ConfUtils.java:logFallback(53)) - raft.grpc.client.port = 9872 (fallback to raft.grpc.server.port)
2022-11-14 01:05:28,742 [Listener at 0.0.0.0/36375] INFO  grpc.GrpcConfigKeys (ConfUtils.java:logGet(46)) - raft.grpc.server.host = null (default)
2022-11-14 01:05:28,742 [Listener at 0.0.0.0/36375] INFO  grpc.GrpcConfigKeys (ConfUtils.java:logGet(46)) - raft.grpc.server.port = 9872 (custom)
2022-11-14 01:05:28,742 [Listener at 0.0.0.0/36375] INFO  server.GrpcService (ConfUtils.java:logGet(46)) - raft.grpc.message.size.max = 33554432 (custom)
2022-11-14 01:05:28,742 [Listener at 0.0.0.0/36375] INFO  server.RaftServerConfigKeys (ConfUtils.java:logGet(46)) - raft.server.log.appender.buffer.byte-limit = 33554432 (custom)
2022-11-14 01:05:28,742 [Listener at 0.0.0.0/36375] INFO  server.GrpcService (ConfUtils.java:logGet(46)) - raft.grpc.flow.control.window = 1MB (=1048576) (default)
2022-11-14 01:05:28,742 [Listener at 0.0.0.0/36375] INFO  server.RaftServerConfigKeys (ConfUtils.java:logGet(46)) - raft.server.rpc.request.timeout = 3000ms (default)
2022-11-14 01:05:28,742 [Listener at 0.0.0.0/36375] INFO  grpc.GrpcConfigKeys (ConfUtils.java:logGet(46)) - raft.grpc.server.heartbeat.channel = true (default)
2022-11-14 01:05:28,742 [Listener at 0.0.0.0/36375] INFO  grpc.GrpcConfigKeys (ConfUtils.java:logGet(46)) - raft.grpc.server.async.request.thread.pool.cached = true (default)
2022-11-14 01:05:28,743 [Listener at 0.0.0.0/36375] INFO  grpc.GrpcConfigKeys (ConfUtils.java:logGet(46)) - raft.grpc.server.async.request.thread.pool.size = 32 (default)
2022-11-14 01:05:28,744 [Listener at 0.0.0.0/36375] INFO  impl.DataStreamServerImpl (ConfUtils.java:logGet(46)) - raft.datastream.type = DISABLED (default)
2022-11-14 01:05:28,744 [Listener at 0.0.0.0/36375] INFO  server.RaftServerConfigKeys (ConfUtils.java:logGet(46)) - raft.server.threadpool.proxy.cached = true (default)
2022-11-14 01:05:28,744 [Listener at 0.0.0.0/36375] INFO  server.RaftServerConfigKeys (ConfUtils.java:logGet(46)) - raft.server.threadpool.proxy.size = 0 (default)
2022-11-14 01:05:28,744 [Listener at 0.0.0.0/36375] INFO  server.RaftServerConfigKeys (ConfUtils.java:logGet(46)) - raft.server.rpc.slowness.timeout = 120s (custom)
2022-11-14 01:05:28,744 [Listener at 0.0.0.0/36375] INFO  server.RaftServerConfigKeys (ConfUtils.java:logGet(46)) - raft.server.leaderelection.leader.step-down.wait-time = 10s (default)
2022-11-14 01:05:28,745 [Listener at 0.0.0.0/36375] INFO  server.RaftServerConfigKeys (ConfUtils.java:logGet(46)) - raft.server.storage.dir = [/home/runner/work/ozone/ozone/hadoop-ozone/integration-test/target/test-dir/MiniOzoneClusterImpl-533bbe47-9fe4-4f83-8a40-bf54ddc9168f/ozone-meta/ratis] (custom)
2022-11-14 01:05:28,745 [Listener at 0.0.0.0/36375] INFO  server.RaftServer (RaftServerProxy.java:addNew(96)) - om1: addNew group-C5BA1605619E:[om1|rpc:localhost:9872|priority:0|startupRole:FOLLOWER] returns group-C5BA1605619E:java.util.concurrent.CompletableFuture@64a65c71[Not completed]
2022-11-14 01:05:28,745 [Listener at 0.0.0.0/36375] INFO  om.OzoneManager (OzoneManager.java:initializeRatisServer(1977)) - OzoneManager Ratis server initialized at port 9872
2022-11-14 01:05:28,745 [pool-529-thread-1] INFO  server.RaftServer$Division (RaftServerImpl.java:<init>(195)) - om1: new RaftServerImpl for group-C5BA1605619E:[om1|rpc:localhost:9872|priority:0|startupRole:FOLLOWER] with OzoneManagerStateMachine:uninitialized
2022-11-14 01:05:28,746 [pool-529-thread-1] INFO  server.RaftServerConfigKeys (ConfUtils.java:logGet(46)) - raft.server.rpc.timeout.min = 1s (custom)
2022-11-14 01:05:28,746 [pool-529-thread-1] INFO  server.RaftServerConfigKeys (ConfUtils.java:logGet(46)) - raft.server.rpc.timeout.max = 1200ms (custom)
2022-11-14 01:05:28,746 [pool-529-thread-1] INFO  server.RaftServerConfigKeys (ConfUtils.java:logGet(46)) - raft.server.rpc.sleep.time = 25ms (default)
2022-11-14 01:05:28,746 [pool-529-thread-1] INFO  server.RaftServerConfigKeys (ConfUtils.java:logGet(46)) - raft.server.rpc.slowness.timeout = 120s (custom)
2022-11-14 01:05:28,746 [pool-529-thread-1] INFO  server.RaftServerConfigKeys (ConfUtils.java:logGet(46)) - raft.server.leaderelection.leader.step-down.wait-time = 10s (default)
2022-11-14 01:05:28,746 [pool-529-thread-1] INFO  server.RaftServerConfigKeys (ConfUtils.java:logGet(46)) - raft.server.sleep.deviation.threshold = 300ms (default)
2022-11-14 01:05:28,746 [pool-529-thread-1] INFO  server.RaftServer$Division (ServerState.java:<init>(118)) - om1@group-C5BA1605619E: ConfigurationManager, init=-1: peers:[om1|rpc:localhost:9872|priority:0|startupRole:FOLLOWER]|listeners:[], old=null, confs=<EMPTY_MAP>
2022-11-14 01:05:28,747 [pool-529-thread-1] INFO  server.RaftServerConfigKeys (ConfUtils.java:logGet(46)) - raft.server.storage.dir = [/home/runner/work/ozone/ozone/hadoop-ozone/integration-test/target/test-dir/MiniOzoneClusterImpl-533bbe47-9fe4-4f83-8a40-bf54ddc9168f/ozone-meta/ratis] (custom)
2022-11-14 01:05:28,746 [Listener at 0.0.0.0/36375] INFO  om.OzoneManager (OzoneManager.java:getRpcServer(1104)) - Creating RPC Server
2022-11-14 01:05:28,748 [pool-529-thread-1] INFO  server.RaftServerConfigKeys (ConfUtils.java:logGet(46)) - raft.server.log.corruption.policy = EXCEPTION (default)
2022-11-14 01:05:28,748 [pool-529-thread-1] INFO  server.RaftServerConfigKeys (ConfUtils.java:logGet(46)) - raft.server.storage.free-space.min = 0MB (=0) (default)
2022-11-14 01:05:28,748 [pool-529-thread-1] INFO  server.RaftServerConfigKeys (ConfUtils.java:logGet(46)) - raft.server.notification.no-leader.timeout = 120s (custom)
2022-11-14 01:05:28,748 [pool-529-thread-1] INFO  server.RaftServerConfigKeys (ConfUtils.java:logGet(46)) - raft.server.retrycache.expirytime = 300s (custom)
2022-11-14 01:05:28,748 [pool-529-thread-1] INFO  server.RaftServerConfigKeys (ConfUtils.java:logGet(46)) - raft.server.retrycache.statistics.expirytime = 100μs (default)
2022-11-14 01:05:28,749 [pool-529-thread-1] INFO  server.RaftServerConfigKeys (ConfUtils.java:logGet(46)) - raft.server.log.appender.install.snapshot.enabled = false (custom)
2022-11-14 01:05:28,749 [pool-529-thread-1] INFO  server.RaftServerConfigKeys (ConfUtils.java:logGet(46)) - raft.server.threadpool.server.cached = true (default)
2022-11-14 01:05:28,750 [pool-529-thread-1] INFO  server.RaftServerConfigKeys (ConfUtils.java:logGet(46)) - raft.server.threadpool.server.size = 0 (default)
2022-11-14 01:05:28,750 [pool-529-thread-1] INFO  server.RaftServerConfigKeys (ConfUtils.java:logGet(46)) - raft.server.threadpool.client.cached = true (default)
2022-11-14 01:05:28,750 [pool-529-thread-1] INFO  server.RaftServerConfigKeys (ConfUtils.java:logGet(46)) - raft.server.threadpool.client.size = 0 (default)
2022-11-14 01:05:29,130 [Listener at 0.0.0.0/36375] INFO  reflections.Reflections (Reflections.java:scan(232)) - Reflections took 381 ms to scan 19 urls, producing 67 keys and 4329 values [using 2 cores]
2022-11-14 01:05:29,132 [Listener at 0.0.0.0/36375] INFO  ipc.CallQueueManager (CallQueueManager.java:<init>(90)) - Using callQueue: class java.util.concurrent.LinkedBlockingQueue, queueCapacity: 2000, scheduler: class org.apache.hadoop.ipc.DefaultRpcScheduler, ipcBackoff: false.
2022-11-14 01:05:29,132 [Socket Reader #1 for port 0] INFO  ipc.Server (Server.java:run(1273)) - Starting Socket Reader #1 for port 0
2022-11-14 01:05:29,154 [Listener at 127.0.0.1/43083] INFO  impl.MetricsSystemImpl (MetricsSystemImpl.java:init(158)) - OzoneManager metrics system started (again)
2022-11-14 01:05:29,164 [Listener at 127.0.0.1/43083] INFO  om.OzoneManager (OzoneManager.java:start(1484)) - OzoneManager RPC server is listening at localhost/127.0.0.1:43083
2022-11-14 01:05:29,164 [Listener at 127.0.0.1/43083] INFO  ratis.OzoneManagerRatisServer (OzoneManagerRatisServer.java:start(555)) - Starting OzoneManagerRatisServer om1 at port 9872
2022-11-14 01:05:29,165 [om1-impl-thread1] INFO  storage.RaftStorageDirectory (RaftStorageDirectoryImpl.java:analyzeStorage(137)) - The storage directory /home/runner/work/ozone/ozone/hadoop-ozone/integration-test/target/test-dir/MiniOzoneClusterImpl-533bbe47-9fe4-4f83-8a40-bf54ddc9168f/ozone-meta/ratis/bf265839-605b-3f16-9796-c5ba1605619e does not exist. Creating ...
2022-11-14 01:05:29,166 [om1-impl-thread1] INFO  storage.RaftStorageDirectory (RaftStorageDirectoryImpl.java:tryLock(231)) - Lock on /home/runner/work/ozone/ozone/hadoop-ozone/integration-test/target/test-dir/MiniOzoneClusterImpl-533bbe47-9fe4-4f83-8a40-bf54ddc9168f/ozone-meta/ratis/bf265839-605b-3f16-9796-c5ba1605619e/in_use.lock acquired by nodename 11961@fv-az334-552
2022-11-14 01:05:29,167 [om1-impl-thread1] INFO  storage.RaftStorage (RaftStorageImpl.java:format(96)) - Storage directory /home/runner/work/ozone/ozone/hadoop-ozone/integration-test/target/test-dir/MiniOzoneClusterImpl-533bbe47-9fe4-4f83-8a40-bf54ddc9168f/ozone-meta/ratis/bf265839-605b-3f16-9796-c5ba1605619e has been successfully formatted.
2022-11-14 01:05:29,167 [om1-impl-thread1] INFO  server.RaftServerConfigKeys (ConfUtils.java:logGet(46)) - raft.server.log.use.memory = false (default)
2022-11-14 01:05:29,167 [om1-impl-thread1] INFO  server.RaftServerConfigKeys (ConfUtils.java:logGet(46)) - raft.server.log.purge.gap = 1000000 (custom)
2022-11-14 01:05:29,167 [om1-impl-thread1] INFO  server.RaftServerConfigKeys (ConfUtils.java:logGet(46)) - raft.server.log.appender.buffer.byte-limit = 33554432 (custom)
2022-11-14 01:05:29,167 [om1-impl-thread1] INFO  server.RaftServerConfigKeys (ConfUtils.java:logGet(46)) - raft.server.log.statemachine.data.read.timeout = 1000ms (default)
2022-11-14 01:05:29,167 [om1-impl-thread1] INFO  server.RaftServerConfigKeys (ConfUtils.java:logGet(46)) - raft.server.log.purge.preservation.log.num = 0 (default)
2022-11-14 01:05:29,167 [om1-impl-thread1] INFO  server.RaftServerConfigKeys (ConfUtils.java:logGet(46)) - raft.server.log.segment.size.max = 4194304 (custom)
2022-11-14 01:05:29,168 [om1-impl-thread1] INFO  server.RaftServerConfigKeys (ConfUtils.java:logGet(46)) - raft.server.log.segment.cache.num.max = 2 (custom)
2022-11-14 01:05:29,168 [om1-impl-thread1] INFO  server.RaftServerConfigKeys (ConfUtils.java:logGet(46)) - raft.server.log.segment.cache.size.max = 200MB (=209715200) (default)
2022-11-14 01:05:29,168 [om1-impl-thread1] INFO  segmented.SegmentedRaftLogWorker (SegmentedRaftLogWorker.java:<init>(191)) - new om1@group-C5BA1605619E-SegmentedRaftLogWorker for RaftStorageImpl:Storage Directory /home/runner/work/ozone/ozone/hadoop-ozone/integration-test/target/test-dir/MiniOzoneClusterImpl-533bbe47-9fe4-4f83-8a40-bf54ddc9168f/ozone-meta/ratis/bf265839-605b-3f16-9796-c5ba1605619e
2022-11-14 01:05:29,168 [om1-impl-thread1] INFO  server.RaftServerConfigKeys (ConfUtils.java:logGet(46)) - raft.server.log.queue.byte-limit = 64MB (=67108864) (default)
2022-11-14 01:05:29,168 [om1-impl-thread1] INFO  server.RaftServerConfigKeys (ConfUtils.java:logGet(46)) - raft.server.log.queue.element-limit = 4096 (default)
2022-11-14 01:05:29,168 [om1-impl-thread1] INFO  server.RaftServerConfigKeys (ConfUtils.java:logGet(46)) - raft.server.log.segment.size.max = 4194304 (custom)
2022-11-14 01:05:29,168 [om1-impl-thread1] INFO  server.RaftServerConfigKeys (ConfUtils.java:logGet(46)) - raft.server.log.preallocated.size = 4194304 (custom)
2022-11-14 01:05:29,168 [om1-impl-thread1] INFO  server.RaftServerConfigKeys (ConfUtils.java:logGet(46)) - raft.server.log.force.sync.num = 128 (default)
2022-11-14 01:05:29,168 [om1-impl-thread1] INFO  server.RaftServerConfigKeys (ConfUtils.java:logGet(46)) - raft.server.log.statemachine.data.sync = true (default)
2022-11-14 01:05:29,168 [om1-impl-thread1] INFO  server.RaftServerConfigKeys (ConfUtils.java:logGet(46)) - raft.server.log.statemachine.data.sync.timeout = 10s (default)
2022-11-14 01:05:29,168 [om1-impl-thread1] INFO  server.RaftServerConfigKeys (ConfUtils.java:logGet(46)) - raft.server.log.statemachine.data.sync.timeout.retry = -1 (default)
2022-11-14 01:05:29,169 [om1-impl-thread1] INFO  server.RaftServerConfigKeys (ConfUtils.java:logGet(46)) - raft.server.log.write.buffer.size = 64KB (=65536) (default)
2022-11-14 01:05:29,169 [om1-impl-thread1] INFO  server.RaftServerConfigKeys (ConfUtils.java:logGet(46)) - raft.server.log.unsafe-flush.enabled = false (default)
2022-11-14 01:05:29,169 [om1-impl-thread1] INFO  server.RaftServerConfigKeys (ConfUtils.java:logGet(46)) - raft.server.log.async-flush.enabled = false (default)
2022-11-14 01:05:29,169 [om1-impl-thread1] INFO  server.RaftServerConfigKeys (ConfUtils.java:logGet(46)) - raft.server.log.statemachine.data.caching.enabled = false (default)
2022-11-14 01:05:29,169 [om1-impl-thread1] INFO  segmented.SegmentedRaftLogWorker (SegmentedRaftLogWorker.java:lambda$new$0(136)) - om1@group-C5BA1605619E-SegmentedRaftLogWorker: flushIndex: setUnconditionally 0 -> -1
2022-11-14 01:05:29,169 [om1-impl-thread1] INFO  segmented.SegmentedRaftLogWorker (SegmentedRaftLogWorker.java:lambda$new$0(136)) - om1@group-C5BA1605619E-SegmentedRaftLogWorker: safeCacheEvictIndex: setUnconditionally 0 -> -1
2022-11-14 01:05:29,169 [om1-impl-thread1] INFO  server.RaftServer$Division (RaftServerImpl.java:start(334)) - om1@group-C5BA1605619E: start as a follower, conf=-1: peers:[om1|rpc:localhost:9872|priority:0|startupRole:FOLLOWER]|listeners:[], old=null
2022-11-14 01:05:29,170 [om1-impl-thread1] INFO  server.RaftServer$Division (RaftServerImpl.java:setRole(321)) - om1@group-C5BA1605619E: changes role from      null to FOLLOWER at term 0 for startAsFollower
2022-11-14 01:05:29,170 [om1-impl-thread1] INFO  impl.RoleInfo (RoleInfo.java:updateAndGet(139)) - om1: start om1@group-C5BA1605619E-FollowerState
2022-11-14 01:05:29,171 [om1@group-C5BA1605619E-FollowerState] INFO  server.RaftServerConfigKeys (ConfUtils.java:logFallback(53)) - raft.server.rpc.first-election.timeout.min = 1s (fallback to raft.server.rpc.timeout.min)
2022-11-14 01:05:29,171 [om1-impl-thread1] INFO  util.JmxRegister (JmxRegister.java:tryRegister(44)) - Successfully registered JMX Bean with object name Ratis:service=RaftServer,group=group-C5BA1605619E,id=om1
2022-11-14 01:05:29,171 [om1@group-C5BA1605619E-FollowerState] INFO  server.RaftServerConfigKeys (ConfUtils.java:logFallback(53)) - raft.server.rpc.first-election.timeout.max = 1200ms (fallback to raft.server.rpc.timeout.max)
2022-11-14 01:05:29,171 [om1-impl-thread1] INFO  server.RaftServerConfigKeys (ConfUtils.java:logGet(46)) - raft.server.snapshot.auto.trigger.enabled = true (custom)
2022-11-14 01:05:29,171 [om1-impl-thread1] INFO  server.RaftServerConfigKeys (ConfUtils.java:logGet(46)) - raft.server.snapshot.auto.trigger.threshold = 400000 (default)
2022-11-14 01:05:29,171 [om1-impl-thread1] INFO  server.RaftServerConfigKeys (ConfUtils.java:logGet(46)) - raft.server.snapshot.retention.file.num = -1 (default)
2022-11-14 01:05:29,171 [om1-impl-thread1] INFO  server.RaftServerConfigKeys (ConfUtils.java:logGet(46)) - raft.server.log.purge.upto.snapshot.index = true (custom)
2022-11-14 01:05:29,176 [Listener at 127.0.0.1/43083] INFO  server.RaftServer (RaftServerProxy.java:startImpl(393)) - om1: start RPC server
2022-11-14 01:05:29,177 [Listener at 127.0.0.1/43083] INFO  server.GrpcService (GrpcService.java:startImpl(270)) - om1: GrpcService started, listening on 9872
2022-11-14 01:05:29,178 [JvmPauseMonitor11] INFO  util.JvmPauseMonitor (JvmPauseMonitor.java:run(105)) - JvmPauseMonitor-om1: Started
2022-11-14 01:05:29,178 [Listener at 127.0.0.1/43083] INFO  om.OzoneManager (OzoneManager.java:start(1500)) - Version File has different layout version (3) than OM DB (null). That is expected if this OM has never been finalized to a newer layout version.
2022-11-14 01:05:29,180 [Listener at 127.0.0.1/43083] INFO  http.BaseHttpServer (BaseHttpServer.java:newHttpServer2BuilderForOzone(213)) - Starting Web-server for ozoneManager at: http://0.0.0.0:0
2022-11-14 01:05:29,181 [Listener at 127.0.0.1/43083] INFO  http.BaseHttpServer (BaseHttpServer.java:<init>(108)) - Hadoop Security Enabled: false Ozone Security Enabled: false Ozone HTTP Security Enabled: false 
2022-11-14 01:05:29,181 [Listener at 127.0.0.1/43083] WARN  server.AuthenticationFilter (AuthenticationFilter.java:constructSecretProvider(240)) - Unable to initialize FileSignerSecretProvider, falling back to use random secrets. Reason: Could not read signature secret file: /home/runner/hadoop-http-auth-signature-secret
2022-11-14 01:05:29,183 [Listener at 127.0.0.1/43083] WARN  http.HttpRequestLog (HttpRequestLog.java:getRequestLog(103)) - Jetty request log can only be enabled using Log4j
2022-11-14 01:05:29,184 [Listener at 127.0.0.1/43083] INFO  http.HttpServer2 (HttpServer2.java:addGlobalFilter(1031)) - Added global filter 'safety' (class=org.apache.hadoop.hdds.server.http.HttpServer2$QuotingInputFilter)
2022-11-14 01:05:29,185 [Listener at 127.0.0.1/43083] INFO  http.HttpServer2 (HttpServer2.java:addFilter(1007)) - Added filter static_user_filter (class=org.apache.hadoop.http.lib.StaticUserWebFilter$StaticUserFilter) to context ozoneManager
2022-11-14 01:05:29,185 [Listener at 127.0.0.1/43083] INFO  http.HttpServer2 (HttpServer2.java:addFilter(1015)) - Added filter static_user_filter (class=org.apache.hadoop.http.lib.StaticUserWebFilter$StaticUserFilter) to context logs
2022-11-14 01:05:29,185 [Listener at 127.0.0.1/43083] INFO  http.HttpServer2 (HttpServer2.java:addFilter(1015)) - Added filter static_user_filter (class=org.apache.hadoop.http.lib.StaticUserWebFilter$StaticUserFilter) to context static
2022-11-14 01:05:29,185 [Listener at 127.0.0.1/43083] INFO  http.HttpServer2 (HttpServer2.java:bindListener(1250)) - Jetty bound to port 33845
2022-11-14 01:05:29,186 [Listener at 127.0.0.1/43083] INFO  server.Server (Server.java:doStart(375)) - jetty-9.4.49.v20220914; built: 2022-09-14T01:07:36.601Z; git: 4231a3b2e4cb8548a412a789936d640a97b1aa0a; jvm 1.8.0_345-b01
2022-11-14 01:05:29,188 [Listener at 127.0.0.1/43083] INFO  server.session (DefaultSessionIdManager.java:doStart(334)) - DefaultSessionIdManager workerName=node0
2022-11-14 01:05:29,188 [Listener at 127.0.0.1/43083] INFO  server.session (DefaultSessionIdManager.java:doStart(339)) - No SessionScavenger set, using defaults
2022-11-14 01:05:29,188 [Listener at 127.0.0.1/43083] INFO  server.session (HouseKeeper.java:startScavenging(132)) - node0 Scavenging every 660000ms
2022-11-14 01:05:29,190 [Listener at 127.0.0.1/43083] INFO  handler.ContextHandler (ContextHandler.java:doStart(921)) - Started o.e.j.s.ServletContextHandler@20bb982c{logs,/logs,file:///home/runner/work/ozone/ozone/hadoop-ozone/integration-test/target/log,AVAILABLE}
2022-11-14 01:05:29,191 [Listener at 127.0.0.1/43083] INFO  handler.ContextHandler (ContextHandler.java:doStart(921)) - Started o.e.j.s.ServletContextHandler@2d363251{static,/static,file:///home/runner/work/ozone/ozone/hadoop-ozone/integration-test/target/test-classes/webapps/static,AVAILABLE}
2022-11-14 01:05:29,193 [Listener at 127.0.0.1/43083] INFO  handler.ContextHandler (ContextHandler.java:doStart(921)) - Started o.e.j.w.WebAppContext@2bfdb3ec{ozoneManager,/,file:///home/runner/work/ozone/ozone/hadoop-ozone/integration-test/target/test-classes/webapps/ozoneManager/,AVAILABLE}{file:/home/runner/work/ozone/ozone/hadoop-ozone/integration-test/target/test-classes/webapps/ozoneManager}
2022-11-14 01:05:29,198 [Listener at 127.0.0.1/43083] INFO  server.AbstractConnector (AbstractConnector.java:doStart(333)) - Started ServerConnector@21aab942{HTTP/1.1, (http/1.1)}{0.0.0.0:33845}
2022-11-14 01:05:29,198 [Listener at 127.0.0.1/43083] INFO  server.Server (Server.java:doStart(415)) - Started @74941ms
2022-11-14 01:05:29,198 [Listener at 127.0.0.1/43083] WARN  impl.MetricsSystemImpl (MetricsSystemImpl.java:register(279)) - Sink prometheus already exists!
2022-11-14 01:05:29,199 [Listener at 127.0.0.1/43083] INFO  http.BaseHttpServer (BaseHttpServer.java:updateConnectorAddress(333)) - HTTP server of ozoneManager listening at http://0.0.0.0:33845
2022-11-14 01:05:29,199 [IPC Server Responder] INFO  ipc.Server (Server.java:run(1512)) - IPC Server Responder: starting
2022-11-14 01:05:29,199 [IPC Server listener on 0] INFO  ipc.Server (Server.java:run(1352)) - IPC Server listener on 0: starting
2022-11-14 01:05:29,232 [Listener at 127.0.0.1/43083] INFO  om.OzoneManager (OzoneManager.java:startTrashEmptier(1921)) - Trash Interval set to 0. Files deleted won't move to trash
2022-11-14 01:05:29,238 [org.apache.hadoop.util.JvmPauseMonitor$Monitor@2537b655] INFO  util.JvmPauseMonitor (JvmPauseMonitor.java:run(188)) - Starting JVM pause monitor
2022-11-14 01:05:29,245 [Listener at 127.0.0.1/43083] WARN  impl.MetricRegistriesImpl (MetricRegistriesImpl.java:addReporterRegistration(111)) - New reporters are added after registries were created. Some metrics will be missing from the reporter. Please add reporter before adding any new registry.
2022-11-14 01:05:29,245 [Listener at 127.0.0.1/43083] WARN  impl.MetricRegistriesImpl (MetricRegistriesImpl.java:addReporterRegistration(111)) - New reporters are added after registries were created. Some metrics will be missing from the reporter. Please add reporter before adding any new registry.
2022-11-14 01:05:29,245 [Listener at 127.0.0.1/43083] INFO  impl.MetricsSystemImpl (MetricsSystemImpl.java:init(158)) - HddsDatanode metrics system started (again)
2022-11-14 01:05:29,256 [Listener at 127.0.0.1/43083] INFO  ozone.HddsDatanodeService (HddsDatanodeService.java:start(236)) - HddsDatanodeService host:fv-az334-552.zg0gw54pbdoexfhqlmz30d51na.gx.internal.cloudapp.net ip:10.1.0.33
2022-11-14 01:05:29,274 [Listener at 127.0.0.1/43083] INFO  upgrade.AbstractLayoutVersionManager (AbstractLayoutVersionManager.java:init(83)) - Initializing Layout version manager with metadata layout = DATANODE_SCHEMA_V3 (version = 4), software layout = DATANODE_SCHEMA_V3 (version = 4)
2022-11-14 01:05:29,314 [Listener at 127.0.0.1/43083] INFO  reflections.Reflections (Reflections.java:scan(232)) - Reflections took 39 ms to scan 7 urls, producing 139 keys and 336 values 
2022-11-14 01:05:29,316 [Listener at 127.0.0.1/43083] INFO  statemachine.DatanodeStateMachine (DatanodeStateMachine.java:getEndPointTaskThreadPoolSize(245)) - Datanode State Machine Task Thread Pool size 2
2022-11-14 01:05:29,320 [Listener at 127.0.0.1/43083] INFO  volume.HddsVolume (HddsVolume.java:<init>(117)) - Creating HddsVolume: /home/runner/work/ozone/ozone/hadoop-ozone/integration-test/target/test-dir/MiniOzoneClusterImpl-533bbe47-9fe4-4f83-8a40-bf54ddc9168f/datanode-0/data-0/containers/hdds of storage type : DISK capacity : 9223372036854775807
2022-11-14 01:05:29,320 [Listener at 127.0.0.1/43083] INFO  volume.MutableVolumeSet (MutableVolumeSet.java:initializeVolumeSet(174)) - Added Volume : /home/runner/work/ozone/ozone/hadoop-ozone/integration-test/target/test-dir/MiniOzoneClusterImpl-533bbe47-9fe4-4f83-8a40-bf54ddc9168f/datanode-0/data-0/containers/hdds to VolumeSet
2022-11-14 01:05:29,320 [Listener at 127.0.0.1/43083] INFO  volume.ThrottledAsyncChecker (ThrottledAsyncChecker.java:schedule(141)) - Scheduling a check for /home/runner/work/ozone/ozone/hadoop-ozone/integration-test/target/test-dir/MiniOzoneClusterImpl-533bbe47-9fe4-4f83-8a40-bf54ddc9168f/datanode-0/data-0/containers/hdds
2022-11-14 01:05:29,328 [Listener at 127.0.0.1/43083] INFO  volume.StorageVolumeChecker (StorageVolumeChecker.java:checkAllVolumes(202)) - Scheduled health check for volume /home/runner/work/ozone/ozone/hadoop-ozone/integration-test/target/test-dir/MiniOzoneClusterImpl-533bbe47-9fe4-4f83-8a40-bf54ddc9168f/datanode-0/data-0/containers/hdds
2022-11-14 01:05:29,339 [Listener at 127.0.0.1/43083] INFO  volume.MutableVolumeSet (MutableVolumeSet.java:initializeVolumeSet(174)) - Added Volume : /home/runner/work/ozone/ozone/hadoop-ozone/integration-test/target/test-dir/MiniOzoneClusterImpl-533bbe47-9fe4-4f83-8a40-bf54ddc9168f/datanode-0/data/ratis to VolumeSet
2022-11-14 01:05:29,339 [Listener at 127.0.0.1/43083] INFO  volume.ThrottledAsyncChecker (ThrottledAsyncChecker.java:schedule(141)) - Scheduling a check for /home/runner/work/ozone/ozone/hadoop-ozone/integration-test/target/test-dir/MiniOzoneClusterImpl-533bbe47-9fe4-4f83-8a40-bf54ddc9168f/datanode-0/data/ratis
2022-11-14 01:05:29,339 [Listener at 127.0.0.1/43083] INFO  volume.StorageVolumeChecker (StorageVolumeChecker.java:checkAllVolumes(202)) - Scheduled health check for volume /home/runner/work/ozone/ozone/hadoop-ozone/integration-test/target/test-dir/MiniOzoneClusterImpl-533bbe47-9fe4-4f83-8a40-bf54ddc9168f/datanode-0/data/ratis
2022-11-14 01:05:29,355 [Thread-857] INFO  ozoneimpl.ContainerReader (ContainerReader.java:readVolume(175)) - Finish verifying containers on volume /home/runner/work/ozone/ozone/hadoop-ozone/integration-test/target/test-dir/MiniOzoneClusterImpl-533bbe47-9fe4-4f83-8a40-bf54ddc9168f/datanode-0/data-0/containers/hdds
2022-11-14 01:05:29,355 [Listener at 127.0.0.1/43083] INFO  ozoneimpl.OzoneContainer (OzoneContainer.java:buildContainerSet(300)) - Build ContainerSet costs 0s
2022-11-14 01:05:29,357 [Listener at 127.0.0.1/43083] INFO  server.RaftServer (ConfUtils.java:logGet(46)) - raft.rpc.type = GRPC (default)
2022-11-14 01:05:29,357 [Listener at 127.0.0.1/43083] INFO  grpc.GrpcConfigKeys (ConfUtils.java:logFallback(53)) - raft.grpc.admin.host = null (fallback to raft.grpc.server.host)
2022-11-14 01:05:29,358 [Listener at 127.0.0.1/43083] INFO  grpc.GrpcConfigKeys (ConfUtils.java:logGet(46)) - raft.grpc.admin.port = 0 (custom)
2022-11-14 01:05:29,358 [Listener at 127.0.0.1/43083] INFO  grpc.GrpcConfigKeys (ConfUtils.java:logFallback(53)) - raft.grpc.client.host = null (fallback to raft.grpc.server.host)
2022-11-14 01:05:29,358 [Listener at 127.0.0.1/43083] INFO  grpc.GrpcConfigKeys (ConfUtils.java:logGet(46)) - raft.grpc.client.port = 0 (custom)
2022-11-14 01:05:29,358 [Listener at 127.0.0.1/43083] INFO  grpc.GrpcConfigKeys (ConfUtils.java:logGet(46)) - raft.grpc.server.host = null (default)
2022-11-14 01:05:29,358 [Listener at 127.0.0.1/43083] INFO  grpc.GrpcConfigKeys (ConfUtils.java:logGet(46)) - raft.grpc.server.port = 0 (default)
2022-11-14 01:05:29,358 [Listener at 127.0.0.1/43083] INFO  server.GrpcService (ConfUtils.java:logGet(46)) - raft.grpc.message.size.max = 32MB (=33554432) (custom)
2022-11-14 01:05:29,358 [Listener at 127.0.0.1/43083] INFO  server.RaftServerConfigKeys (ConfUtils.java:logGet(46)) - raft.server.log.appender.buffer.byte-limit = 33554432 (custom)
2022-11-14 01:05:29,359 [Listener at 127.0.0.1/43083] INFO  server.GrpcService (ConfUtils.java:logGet(46)) - raft.grpc.flow.control.window = 5MB (=5242880) (custom)
2022-11-14 01:05:29,359 [Listener at 127.0.0.1/43083] INFO  server.RaftServerConfigKeys (ConfUtils.java:logGet(46)) - raft.server.rpc.request.timeout = 60s (custom)
2022-11-14 01:05:29,359 [Listener at 127.0.0.1/43083] INFO  grpc.GrpcConfigKeys (ConfUtils.java:logGet(46)) - raft.grpc.server.heartbeat.channel = true (default)
2022-11-14 01:05:29,359 [Listener at 127.0.0.1/43083] INFO  grpc.GrpcConfigKeys (ConfUtils.java:logGet(46)) - raft.grpc.server.async.request.thread.pool.cached = true (default)
2022-11-14 01:05:29,359 [Listener at 127.0.0.1/43083] INFO  grpc.GrpcConfigKeys (ConfUtils.java:logGet(46)) - raft.grpc.server.async.request.thread.pool.size = 32 (default)
2022-11-14 01:05:29,360 [Listener at 127.0.0.1/43083] INFO  impl.DataStreamServerImpl (ConfUtils.java:logGet(46)) - raft.datastream.type = DISABLED (default)
2022-11-14 01:05:29,361 [Listener at 127.0.0.1/43083] INFO  server.RaftServerConfigKeys (ConfUtils.java:logGet(46)) - raft.server.threadpool.proxy.cached = true (default)
2022-11-14 01:05:29,361 [Listener at 127.0.0.1/43083] INFO  server.RaftServerConfigKeys (ConfUtils.java:logGet(46)) - raft.server.threadpool.proxy.size = 0 (default)
2022-11-14 01:05:29,361 [Listener at 127.0.0.1/43083] INFO  server.RaftServerConfigKeys (ConfUtils.java:logGet(46)) - raft.server.rpc.slowness.timeout = 300s (custom)
2022-11-14 01:05:29,361 [Listener at 127.0.0.1/43083] INFO  server.RaftServerConfigKeys (ConfUtils.java:logGet(46)) - raft.server.leaderelection.leader.step-down.wait-time = 10s (default)
2022-11-14 01:05:29,361 [Listener at 127.0.0.1/43083] INFO  server.RaftServerConfigKeys (ConfUtils.java:logGet(46)) - raft.server.storage.dir = [/home/runner/work/ozone/ozone/hadoop-ozone/integration-test/target/test-dir/MiniOzoneClusterImpl-533bbe47-9fe4-4f83-8a40-bf54ddc9168f/datanode-0/data/ratis] (custom)
2022-11-14 01:05:29,362 [Listener at 127.0.0.1/43083] INFO  server.XceiverServerGrpc (XceiverServerGrpc.java:<init>(132)) - GrpcServer channel type EpollServerSocketChannel
2022-11-14 01:05:29,366 [Listener at 127.0.0.1/43083] INFO  http.BaseHttpServer (BaseHttpServer.java:newHttpServer2BuilderForOzone(213)) - Starting Web-server for hddsDatanode at: http://0.0.0.0:0
2022-11-14 01:05:29,366 [Listener at 127.0.0.1/43083] INFO  http.BaseHttpServer (BaseHttpServer.java:<init>(108)) - Hadoop Security Enabled: false Ozone Security Enabled: false Ozone HTTP Security Enabled: false 
2022-11-14 01:05:29,367 [Listener at 127.0.0.1/43083] WARN  server.AuthenticationFilter (AuthenticationFilter.java:constructSecretProvider(240)) - Unable to initialize FileSignerSecretProvider, falling back to use random secrets. Reason: Could not read signature secret file: /home/runner/hadoop-http-auth-signature-secret
2022-11-14 01:05:29,367 [Listener at 127.0.0.1/43083] WARN  http.HttpRequestLog (HttpRequestLog.java:getRequestLog(103)) - Jetty request log can only be enabled using Log4j
2022-11-14 01:05:29,368 [Listener at 127.0.0.1/43083] INFO  http.HttpServer2 (HttpServer2.java:addGlobalFilter(1031)) - Added global filter 'safety' (class=org.apache.hadoop.hdds.server.http.HttpServer2$QuotingInputFilter)
2022-11-14 01:05:29,369 [Listener at 127.0.0.1/43083] INFO  http.HttpServer2 (HttpServer2.java:addFilter(1007)) - Added filter static_user_filter (class=org.apache.hadoop.http.lib.StaticUserWebFilter$StaticUserFilter) to context hddsDatanode
2022-11-14 01:05:29,369 [Listener at 127.0.0.1/43083] INFO  http.HttpServer2 (HttpServer2.java:addFilter(1015)) - Added filter static_user_filter (class=org.apache.hadoop.http.lib.StaticUserWebFilter$StaticUserFilter) to context static
2022-11-14 01:05:29,369 [Listener at 127.0.0.1/43083] INFO  http.HttpServer2 (HttpServer2.java:addFilter(1015)) - Added filter static_user_filter (class=org.apache.hadoop.http.lib.StaticUserWebFilter$StaticUserFilter) to context logs
2022-11-14 01:05:29,370 [Listener at 127.0.0.1/43083] INFO  http.HttpServer2 (HttpServer2.java:bindListener(1250)) - Jetty bound to port 40025
2022-11-14 01:05:29,370 [Listener at 127.0.0.1/43083] INFO  server.Server (Server.java:doStart(375)) - jetty-9.4.49.v20220914; built: 2022-09-14T01:07:36.601Z; git: 4231a3b2e4cb8548a412a789936d640a97b1aa0a; jvm 1.8.0_345-b01
2022-11-14 01:05:29,371 [Listener at 127.0.0.1/43083] INFO  server.session (DefaultSessionIdManager.java:doStart(334)) - DefaultSessionIdManager workerName=node0
2022-11-14 01:05:29,371 [Listener at 127.0.0.1/43083] INFO  server.session (DefaultSessionIdManager.java:doStart(339)) - No SessionScavenger set, using defaults
2022-11-14 01:05:29,371 [Listener at 127.0.0.1/43083] INFO  server.session (HouseKeeper.java:startScavenging(132)) - node0 Scavenging every 600000ms
2022-11-14 01:05:29,372 [Listener at 127.0.0.1/43083] INFO  handler.ContextHandler (ContextHandler.java:doStart(921)) - Started o.e.j.s.ServletContextHandler@5a8309ec{logs,/logs,file:///home/runner/work/ozone/ozone/hadoop-ozone/integration-test/target/log,AVAILABLE}
2022-11-14 01:05:29,372 [Listener at 127.0.0.1/43083] INFO  handler.ContextHandler (ContextHandler.java:doStart(921)) - Started o.e.j.s.ServletContextHandler@6c0bc123{static,/static,jar:file:/home/runner/.m2/repository/org/apache/ozone/hdds-container-service/1.3.0-SNAPSHOT/hdds-container-service-1.3.0-SNAPSHOT.jar!/webapps/static,AVAILABLE}
2022-11-14 01:05:29,534 [Listener at 127.0.0.1/43083] INFO  handler.ContextHandler (ContextHandler.java:doStart(921)) - Started o.e.j.w.WebAppContext@492f9cb4{hddsDatanode,/,file:///tmp/jetty-0_0_0_0-40025-hdds-container-service-1_3_0-SNAPSHOT_jar-_-any-40241802772589226/webapp/,AVAILABLE}{jar:file:/home/runner/.m2/repository/org/apache/ozone/hdds-container-service/1.3.0-SNAPSHOT/hdds-container-service-1.3.0-SNAPSHOT.jar!/webapps/hddsDatanode}
2022-11-14 01:05:29,536 [Listener at 127.0.0.1/43083] INFO  server.AbstractConnector (AbstractConnector.java:doStart(333)) - Started ServerConnector@d2d0bde{HTTP/1.1, (http/1.1)}{0.0.0.0:40025}
2022-11-14 01:05:29,536 [Listener at 127.0.0.1/43083] INFO  server.Server (Server.java:doStart(415)) - Started @75279ms
2022-11-14 01:05:29,536 [Listener at 127.0.0.1/43083] WARN  impl.MetricsSystemImpl (MetricsSystemImpl.java:register(279)) - Sink prometheus already exists!
2022-11-14 01:05:29,537 [Listener at 127.0.0.1/43083] INFO  http.BaseHttpServer (BaseHttpServer.java:updateConnectorAddress(333)) - HTTP server of hddsDatanode listening at http://0.0.0.0:40025
2022-11-14 01:05:29,537 [Datanode State Machine Daemon Thread] INFO  statemachine.DatanodeStateMachine (DatanodeStateMachine.java:lambda$startDaemon$0(505)) - Ozone container server started.
2022-11-14 01:05:29,537 [Listener at 127.0.0.1/43083] WARN  impl.MetricRegistriesImpl (MetricRegistriesImpl.java:addReporterRegistration(111)) - New reporters are added after registries were created. Some metrics will be missing from the reporter. Please add reporter before adding any new registry.
2022-11-14 01:05:29,538 [Listener at 127.0.0.1/43083] WARN  impl.MetricRegistriesImpl (MetricRegistriesImpl.java:addReporterRegistration(111)) - New reporters are added after registries were created. Some metrics will be missing from the reporter. Please add reporter before adding any new registry.
2022-11-14 01:05:29,539 [Listener at 127.0.0.1/43083] INFO  impl.MetricsSystemImpl (MetricsSystemImpl.java:init(158)) - HddsDatanode metrics system started (again)
2022-11-14 01:05:29,549 [Listener at 127.0.0.1/43083] INFO  ozone.HddsDatanodeService (HddsDatanodeService.java:start(236)) - HddsDatanodeService host:fv-az334-552.zg0gw54pbdoexfhqlmz30d51na.gx.internal.cloudapp.net ip:10.1.0.33
2022-11-14 01:05:29,550 [org.apache.hadoop.util.JvmPauseMonitor$Monitor@44a0b42c] INFO  util.JvmPauseMonitor (JvmPauseMonitor.java:run(188)) - Starting JVM pause monitor
2022-11-14 01:05:29,555 [Datanode State Machine Task Thread - 0] INFO  datanode.InitDatanodeState (InitDatanodeState.java:persistContainerDatanodeDetails(138)) - DatanodeDetails is persisted to /home/runner/work/ozone/ozone/hadoop-ozone/integration-test/target/test-dir/MiniOzoneClusterImpl-533bbe47-9fe4-4f83-8a40-bf54ddc9168f/datanode-0/meta/datanode.id
2022-11-14 01:05:29,573 [Listener at 127.0.0.1/43083] INFO  upgrade.AbstractLayoutVersionManager (AbstractLayoutVersionManager.java:init(83)) - Initializing Layout version manager with metadata layout = DATANODE_SCHEMA_V3 (version = 4), software layout = DATANODE_SCHEMA_V3 (version = 4)
2022-11-14 01:05:29,614 [Listener at 127.0.0.1/43083] INFO  reflections.Reflections (Reflections.java:scan(232)) - Reflections took 40 ms to scan 7 urls, producing 139 keys and 336 values 
2022-11-14 01:05:29,615 [Listener at 127.0.0.1/43083] INFO  statemachine.DatanodeStateMachine (DatanodeStateMachine.java:getEndPointTaskThreadPoolSize(245)) - Datanode State Machine Task Thread Pool size 2
2022-11-14 01:05:29,617 [Listener at 127.0.0.1/43083] INFO  volume.HddsVolume (HddsVolume.java:<init>(117)) - Creating HddsVolume: /home/runner/work/ozone/ozone/hadoop-ozone/integration-test/target/test-dir/MiniOzoneClusterImpl-533bbe47-9fe4-4f83-8a40-bf54ddc9168f/datanode-1/data-0/containers/hdds of storage type : DISK capacity : 9223372036854775807
2022-11-14 01:05:29,617 [Listener at 127.0.0.1/43083] INFO  volume.MutableVolumeSet (MutableVolumeSet.java:initializeVolumeSet(174)) - Added Volume : /home/runner/work/ozone/ozone/hadoop-ozone/integration-test/target/test-dir/MiniOzoneClusterImpl-533bbe47-9fe4-4f83-8a40-bf54ddc9168f/datanode-1/data-0/containers/hdds to VolumeSet
2022-11-14 01:05:29,617 [Listener at 127.0.0.1/43083] INFO  volume.ThrottledAsyncChecker (ThrottledAsyncChecker.java:schedule(141)) - Scheduling a check for /home/runner/work/ozone/ozone/hadoop-ozone/integration-test/target/test-dir/MiniOzoneClusterImpl-533bbe47-9fe4-4f83-8a40-bf54ddc9168f/datanode-1/data-0/containers/hdds
2022-11-14 01:05:29,623 [Listener at 127.0.0.1/43083] INFO  volume.StorageVolumeChecker (StorageVolumeChecker.java:checkAllVolumes(202)) - Scheduled health check for volume /home/runner/work/ozone/ozone/hadoop-ozone/integration-test/target/test-dir/MiniOzoneClusterImpl-533bbe47-9fe4-4f83-8a40-bf54ddc9168f/datanode-1/data-0/containers/hdds
2022-11-14 01:05:29,634 [Listener at 127.0.0.1/43083] INFO  volume.MutableVolumeSet (MutableVolumeSet.java:initializeVolumeSet(174)) - Added Volume : /home/runner/work/ozone/ozone/hadoop-ozone/integration-test/target/test-dir/MiniOzoneClusterImpl-533bbe47-9fe4-4f83-8a40-bf54ddc9168f/datanode-1/data/ratis to VolumeSet
2022-11-14 01:05:29,634 [Listener at 127.0.0.1/43083] INFO  volume.ThrottledAsyncChecker (ThrottledAsyncChecker.java:schedule(141)) - Scheduling a check for /home/runner/work/ozone/ozone/hadoop-ozone/integration-test/target/test-dir/MiniOzoneClusterImpl-533bbe47-9fe4-4f83-8a40-bf54ddc9168f/datanode-1/data/ratis
2022-11-14 01:05:29,634 [Listener at 127.0.0.1/43083] INFO  volume.StorageVolumeChecker (StorageVolumeChecker.java:checkAllVolumes(202)) - Scheduled health check for volume /home/runner/work/ozone/ozone/hadoop-ozone/integration-test/target/test-dir/MiniOzoneClusterImpl-533bbe47-9fe4-4f83-8a40-bf54ddc9168f/datanode-1/data/ratis
2022-11-14 01:05:29,647 [Thread-870] INFO  ozoneimpl.ContainerReader (ContainerReader.java:readVolume(175)) - Finish verifying containers on volume /home/runner/work/ozone/ozone/hadoop-ozone/integration-test/target/test-dir/MiniOzoneClusterImpl-533bbe47-9fe4-4f83-8a40-bf54ddc9168f/datanode-1/data-0/containers/hdds
2022-11-14 01:05:29,647 [Listener at 127.0.0.1/43083] INFO  ozoneimpl.OzoneContainer (OzoneContainer.java:buildContainerSet(300)) - Build ContainerSet costs 0s
2022-11-14 01:05:29,650 [Listener at 127.0.0.1/43083] INFO  server.RaftServer (ConfUtils.java:logGet(46)) - raft.rpc.type = GRPC (default)
2022-11-14 01:05:29,650 [Listener at 127.0.0.1/43083] INFO  grpc.GrpcConfigKeys (ConfUtils.java:logFallback(53)) - raft.grpc.admin.host = null (fallback to raft.grpc.server.host)
2022-11-14 01:05:29,650 [Listener at 127.0.0.1/43083] INFO  grpc.GrpcConfigKeys (ConfUtils.java:logGet(46)) - raft.grpc.admin.port = 0 (custom)
2022-11-14 01:05:29,650 [Listener at 127.0.0.1/43083] INFO  grpc.GrpcConfigKeys (ConfUtils.java:logFallback(53)) - raft.grpc.client.host = null (fallback to raft.grpc.server.host)
2022-11-14 01:05:29,650 [Listener at 127.0.0.1/43083] INFO  grpc.GrpcConfigKeys (ConfUtils.java:logGet(46)) - raft.grpc.client.port = 0 (custom)
2022-11-14 01:05:29,650 [Listener at 127.0.0.1/43083] INFO  grpc.GrpcConfigKeys (ConfUtils.java:logGet(46)) - raft.grpc.server.host = null (default)
2022-11-14 01:05:29,651 [Listener at 127.0.0.1/43083] INFO  grpc.GrpcConfigKeys (ConfUtils.java:logGet(46)) - raft.grpc.server.port = 0 (default)
2022-11-14 01:05:29,651 [Listener at 127.0.0.1/43083] INFO  server.GrpcService (ConfUtils.java:logGet(46)) - raft.grpc.message.size.max = 32MB (=33554432) (custom)
2022-11-14 01:05:29,651 [Listener at 127.0.0.1/43083] INFO  server.RaftServerConfigKeys (ConfUtils.java:logGet(46)) - raft.server.log.appender.buffer.byte-limit = 33554432 (custom)
2022-11-14 01:05:29,651 [Listener at 127.0.0.1/43083] INFO  server.GrpcService (ConfUtils.java:logGet(46)) - raft.grpc.flow.control.window = 5MB (=5242880) (custom)
2022-11-14 01:05:29,651 [Listener at 127.0.0.1/43083] INFO  server.RaftServerConfigKeys (ConfUtils.java:logGet(46)) - raft.server.rpc.request.timeout = 60s (custom)
2022-11-14 01:05:29,651 [Listener at 127.0.0.1/43083] INFO  grpc.GrpcConfigKeys (ConfUtils.java:logGet(46)) - raft.grpc.server.heartbeat.channel = true (default)
2022-11-14 01:05:29,651 [Listener at 127.0.0.1/43083] INFO  grpc.GrpcConfigKeys (ConfUtils.java:logGet(46)) - raft.grpc.server.async.request.thread.pool.cached = true (default)
2022-11-14 01:05:29,652 [Listener at 127.0.0.1/43083] INFO  grpc.GrpcConfigKeys (ConfUtils.java:logGet(46)) - raft.grpc.server.async.request.thread.pool.size = 32 (default)
2022-11-14 01:05:29,653 [Listener at 127.0.0.1/43083] INFO  impl.DataStreamServerImpl (ConfUtils.java:logGet(46)) - raft.datastream.type = DISABLED (default)
2022-11-14 01:05:29,653 [Listener at 127.0.0.1/43083] INFO  server.RaftServerConfigKeys (ConfUtils.java:logGet(46)) - raft.server.threadpool.proxy.cached = true (default)
2022-11-14 01:05:29,653 [Listener at 127.0.0.1/43083] INFO  server.RaftServerConfigKeys (ConfUtils.java:logGet(46)) - raft.server.threadpool.proxy.size = 0 (default)
2022-11-14 01:05:29,653 [Listener at 127.0.0.1/43083] INFO  server.RaftServerConfigKeys (ConfUtils.java:logGet(46)) - raft.server.rpc.slowness.timeout = 300s (custom)
2022-11-14 01:05:29,653 [Listener at 127.0.0.1/43083] INFO  server.RaftServerConfigKeys (ConfUtils.java:logGet(46)) - raft.server.leaderelection.leader.step-down.wait-time = 10s (default)
2022-11-14 01:05:29,653 [Listener at 127.0.0.1/43083] INFO  server.RaftServerConfigKeys (ConfUtils.java:logGet(46)) - raft.server.storage.dir = [/home/runner/work/ozone/ozone/hadoop-ozone/integration-test/target/test-dir/MiniOzoneClusterImpl-533bbe47-9fe4-4f83-8a40-bf54ddc9168f/datanode-1/data/ratis] (custom)
2022-11-14 01:05:29,661 [Listener at 127.0.0.1/43083] INFO  server.XceiverServerGrpc (XceiverServerGrpc.java:<init>(132)) - GrpcServer channel type EpollServerSocketChannel
2022-11-14 01:05:29,668 [Listener at 127.0.0.1/43083] INFO  http.BaseHttpServer (BaseHttpServer.java:newHttpServer2BuilderForOzone(213)) - Starting Web-server for hddsDatanode at: http://0.0.0.0:0
2022-11-14 01:05:29,669 [Listener at 127.0.0.1/43083] INFO  http.BaseHttpServer (BaseHttpServer.java:<init>(108)) - Hadoop Security Enabled: false Ozone Security Enabled: false Ozone HTTP Security Enabled: false 
2022-11-14 01:05:29,670 [Listener at 127.0.0.1/43083] WARN  server.AuthenticationFilter (AuthenticationFilter.java:constructSecretProvider(240)) - Unable to initialize FileSignerSecretProvider, falling back to use random secrets. Reason: Could not read signature secret file: /home/runner/hadoop-http-auth-signature-secret
2022-11-14 01:05:29,670 [Listener at 127.0.0.1/43083] WARN  http.HttpRequestLog (HttpRequestLog.java:getRequestLog(103)) - Jetty request log can only be enabled using Log4j
2022-11-14 01:05:29,673 [Listener at 127.0.0.1/43083] INFO  http.HttpServer2 (HttpServer2.java:addGlobalFilter(1031)) - Added global filter 'safety' (class=org.apache.hadoop.hdds.server.http.HttpServer2$QuotingInputFilter)
2022-11-14 01:05:29,673 [Listener at 127.0.0.1/43083] INFO  http.HttpServer2 (HttpServer2.java:addFilter(1007)) - Added filter static_user_filter (class=org.apache.hadoop.http.lib.StaticUserWebFilter$StaticUserFilter) to context hddsDatanode
2022-11-14 01:05:29,673 [Listener at 127.0.0.1/43083] INFO  http.HttpServer2 (HttpServer2.java:addFilter(1015)) - Added filter static_user_filter (class=org.apache.hadoop.http.lib.StaticUserWebFilter$StaticUserFilter) to context static
2022-11-14 01:05:29,673 [Listener at 127.0.0.1/43083] INFO  http.HttpServer2 (HttpServer2.java:addFilter(1015)) - Added filter static_user_filter (class=org.apache.hadoop.http.lib.StaticUserWebFilter$StaticUserFilter) to context logs
2022-11-14 01:05:29,674 [Listener at 127.0.0.1/43083] INFO  http.HttpServer2 (HttpServer2.java:bindListener(1250)) - Jetty bound to port 35463
2022-11-14 01:05:29,674 [Listener at 127.0.0.1/43083] INFO  server.Server (Server.java:doStart(375)) - jetty-9.4.49.v20220914; built: 2022-09-14T01:07:36.601Z; git: 4231a3b2e4cb8548a412a789936d640a97b1aa0a; jvm 1.8.0_345-b01
2022-11-14 01:05:29,675 [Listener at 127.0.0.1/43083] INFO  server.session (DefaultSessionIdManager.java:doStart(334)) - DefaultSessionIdManager workerName=node0
2022-11-14 01:05:29,675 [Listener at 127.0.0.1/43083] INFO  server.session (DefaultSessionIdManager.java:doStart(339)) - No SessionScavenger set, using defaults
2022-11-14 01:05:29,676 [Listener at 127.0.0.1/43083] INFO  server.session (HouseKeeper.java:startScavenging(132)) - node0 Scavenging every 660000ms
2022-11-14 01:05:29,677 [Listener at 127.0.0.1/43083] INFO  handler.ContextHandler (ContextHandler.java:doStart(921)) - Started o.e.j.s.ServletContextHandler@7ab8c934{logs,/logs,file:///home/runner/work/ozone/ozone/hadoop-ozone/integration-test/target/log,AVAILABLE}
2022-11-14 01:05:29,677 [Listener at 127.0.0.1/43083] INFO  handler.ContextHandler (ContextHandler.java:doStart(921)) - Started o.e.j.s.ServletContextHandler@1fc2da2b{static,/static,jar:file:/home/runner/.m2/repository/org/apache/ozone/hdds-container-service/1.3.0-SNAPSHOT/hdds-container-service-1.3.0-SNAPSHOT.jar!/webapps/static,AVAILABLE}
2022-11-14 01:05:29,847 [Listener at 127.0.0.1/43083] INFO  handler.ContextHandler (ContextHandler.java:doStart(921)) - Started o.e.j.w.WebAppContext@3e03283e{hddsDatanode,/,file:///tmp/jetty-0_0_0_0-35463-hdds-container-service-1_3_0-SNAPSHOT_jar-_-any-3432489777706995604/webapp/,AVAILABLE}{jar:file:/home/runner/.m2/repository/org/apache/ozone/hdds-container-service/1.3.0-SNAPSHOT/hdds-container-service-1.3.0-SNAPSHOT.jar!/webapps/hddsDatanode}
2022-11-14 01:05:29,848 [Listener at 127.0.0.1/43083] INFO  server.AbstractConnector (AbstractConnector.java:doStart(333)) - Started ServerConnector@190faba4{HTTP/1.1, (http/1.1)}{0.0.0.0:35463}
2022-11-14 01:05:29,849 [Listener at 127.0.0.1/43083] INFO  server.Server (Server.java:doStart(415)) - Started @75592ms
2022-11-14 01:05:29,849 [Listener at 127.0.0.1/43083] WARN  impl.MetricsSystemImpl (MetricsSystemImpl.java:register(279)) - Sink prometheus already exists!
2022-11-14 01:05:29,849 [Listener at 127.0.0.1/43083] INFO  http.BaseHttpServer (BaseHttpServer.java:updateConnectorAddress(333)) - HTTP server of hddsDatanode listening at http://0.0.0.0:35463
2022-11-14 01:05:29,850 [Datanode State Machine Daemon Thread] INFO  statemachine.DatanodeStateMachine (DatanodeStateMachine.java:lambda$startDaemon$0(505)) - Ozone container server started.
2022-11-14 01:05:29,850 [Listener at 127.0.0.1/43083] WARN  impl.MetricRegistriesImpl (MetricRegistriesImpl.java:addReporterRegistration(111)) - New reporters are added after registries were created. Some metrics will be missing from the reporter. Please add reporter before adding any new registry.
2022-11-14 01:05:29,851 [Listener at 127.0.0.1/43083] WARN  impl.MetricRegistriesImpl (MetricRegistriesImpl.java:addReporterRegistration(111)) - New reporters are added after registries were created. Some metrics will be missing from the reporter. Please add reporter before adding any new registry.
2022-11-14 01:05:29,851 [Listener at 127.0.0.1/43083] INFO  impl.MetricsSystemImpl (MetricsSystemImpl.java:init(158)) - HddsDatanode metrics system started (again)
2022-11-14 01:05:29,861 [Listener at 127.0.0.1/43083] INFO  ozone.HddsDatanodeService (HddsDatanodeService.java:start(236)) - HddsDatanodeService host:fv-az334-552.zg0gw54pbdoexfhqlmz30d51na.gx.internal.cloudapp.net ip:10.1.0.33
2022-11-14 01:05:29,863 [org.apache.hadoop.util.JvmPauseMonitor$Monitor@74cb99b9] INFO  util.JvmPauseMonitor (JvmPauseMonitor.java:run(188)) - Starting JVM pause monitor
2022-11-14 01:05:29,866 [Datanode State Machine Task Thread - 0] INFO  datanode.InitDatanodeState (InitDatanodeState.java:persistContainerDatanodeDetails(138)) - DatanodeDetails is persisted to /home/runner/work/ozone/ozone/hadoop-ozone/integration-test/target/test-dir/MiniOzoneClusterImpl-533bbe47-9fe4-4f83-8a40-bf54ddc9168f/datanode-1/meta/datanode.id
2022-11-14 01:05:29,883 [Listener at 127.0.0.1/43083] INFO  upgrade.AbstractLayoutVersionManager (AbstractLayoutVersionManager.java:init(83)) - Initializing Layout version manager with metadata layout = DATANODE_SCHEMA_V3 (version = 4), software layout = DATANODE_SCHEMA_V3 (version = 4)
2022-11-14 01:05:29,923 [Listener at 127.0.0.1/43083] INFO  reflections.Reflections (Reflections.java:scan(232)) - Reflections took 38 ms to scan 7 urls, producing 139 keys and 336 values 
2022-11-14 01:05:29,924 [Listener at 127.0.0.1/43083] INFO  statemachine.DatanodeStateMachine (DatanodeStateMachine.java:getEndPointTaskThreadPoolSize(245)) - Datanode State Machine Task Thread Pool size 2
2022-11-14 01:05:29,925 [Listener at 127.0.0.1/43083] INFO  volume.HddsVolume (HddsVolume.java:<init>(117)) - Creating HddsVolume: /home/runner/work/ozone/ozone/hadoop-ozone/integration-test/target/test-dir/MiniOzoneClusterImpl-533bbe47-9fe4-4f83-8a40-bf54ddc9168f/datanode-2/data-0/containers/hdds of storage type : DISK capacity : 9223372036854775807
2022-11-14 01:05:29,926 [Listener at 127.0.0.1/43083] INFO  volume.MutableVolumeSet (MutableVolumeSet.java:initializeVolumeSet(174)) - Added Volume : /home/runner/work/ozone/ozone/hadoop-ozone/integration-test/target/test-dir/MiniOzoneClusterImpl-533bbe47-9fe4-4f83-8a40-bf54ddc9168f/datanode-2/data-0/containers/hdds to VolumeSet
2022-11-14 01:05:29,926 [Listener at 127.0.0.1/43083] INFO  volume.ThrottledAsyncChecker (ThrottledAsyncChecker.java:schedule(141)) - Scheduling a check for /home/runner/work/ozone/ozone/hadoop-ozone/integration-test/target/test-dir/MiniOzoneClusterImpl-533bbe47-9fe4-4f83-8a40-bf54ddc9168f/datanode-2/data-0/containers/hdds
2022-11-14 01:05:29,927 [Listener at 127.0.0.1/43083] INFO  volume.StorageVolumeChecker (StorageVolumeChecker.java:checkAllVolumes(202)) - Scheduled health check for volume /home/runner/work/ozone/ozone/hadoop-ozone/integration-test/target/test-dir/MiniOzoneClusterImpl-533bbe47-9fe4-4f83-8a40-bf54ddc9168f/datanode-2/data-0/containers/hdds
2022-11-14 01:05:29,937 [Listener at 127.0.0.1/43083] INFO  volume.MutableVolumeSet (MutableVolumeSet.java:initializeVolumeSet(174)) - Added Volume : /home/runner/work/ozone/ozone/hadoop-ozone/integration-test/target/test-dir/MiniOzoneClusterImpl-533bbe47-9fe4-4f83-8a40-bf54ddc9168f/datanode-2/data/ratis to VolumeSet
2022-11-14 01:05:29,937 [Listener at 127.0.0.1/43083] INFO  volume.ThrottledAsyncChecker (ThrottledAsyncChecker.java:schedule(141)) - Scheduling a check for /home/runner/work/ozone/ozone/hadoop-ozone/integration-test/target/test-dir/MiniOzoneClusterImpl-533bbe47-9fe4-4f83-8a40-bf54ddc9168f/datanode-2/data/ratis
2022-11-14 01:05:29,938 [Listener at 127.0.0.1/43083] INFO  volume.StorageVolumeChecker (StorageVolumeChecker.java:checkAllVolumes(202)) - Scheduled health check for volume /home/runner/work/ozone/ozone/hadoop-ozone/integration-test/target/test-dir/MiniOzoneClusterImpl-533bbe47-9fe4-4f83-8a40-bf54ddc9168f/datanode-2/data/ratis
2022-11-14 01:05:29,948 [Thread-883] INFO  ozoneimpl.ContainerReader (ContainerReader.java:readVolume(175)) - Finish verifying containers on volume /home/runner/work/ozone/ozone/hadoop-ozone/integration-test/target/test-dir/MiniOzoneClusterImpl-533bbe47-9fe4-4f83-8a40-bf54ddc9168f/datanode-2/data-0/containers/hdds
2022-11-14 01:05:29,948 [Listener at 127.0.0.1/43083] INFO  ozoneimpl.OzoneContainer (OzoneContainer.java:buildContainerSet(300)) - Build ContainerSet costs 0s
2022-11-14 01:05:29,950 [Listener at 127.0.0.1/43083] INFO  server.RaftServer (ConfUtils.java:logGet(46)) - raft.rpc.type = GRPC (default)
2022-11-14 01:05:29,950 [Listener at 127.0.0.1/43083] INFO  grpc.GrpcConfigKeys (ConfUtils.java:logFallback(53)) - raft.grpc.admin.host = null (fallback to raft.grpc.server.host)
2022-11-14 01:05:29,950 [Listener at 127.0.0.1/43083] INFO  grpc.GrpcConfigKeys (ConfUtils.java:logGet(46)) - raft.grpc.admin.port = 0 (custom)
2022-11-14 01:05:29,950 [Listener at 127.0.0.1/43083] INFO  grpc.GrpcConfigKeys (ConfUtils.java:logFallback(53)) - raft.grpc.client.host = null (fallback to raft.grpc.server.host)
2022-11-14 01:05:29,951 [Listener at 127.0.0.1/43083] INFO  grpc.GrpcConfigKeys (ConfUtils.java:logGet(46)) - raft.grpc.client.port = 0 (custom)
2022-11-14 01:05:29,951 [Listener at 127.0.0.1/43083] INFO  grpc.GrpcConfigKeys (ConfUtils.java:logGet(46)) - raft.grpc.server.host = null (default)
2022-11-14 01:05:29,951 [Listener at 127.0.0.1/43083] INFO  grpc.GrpcConfigKeys (ConfUtils.java:logGet(46)) - raft.grpc.server.port = 0 (default)
2022-11-14 01:05:29,951 [Listener at 127.0.0.1/43083] INFO  server.GrpcService (ConfUtils.java:logGet(46)) - raft.grpc.message.size.max = 32MB (=33554432) (custom)
2022-11-14 01:05:29,951 [Listener at 127.0.0.1/43083] INFO  server.RaftServerConfigKeys (ConfUtils.java:logGet(46)) - raft.server.log.appender.buffer.byte-limit = 33554432 (custom)
2022-11-14 01:05:29,951 [Listener at 127.0.0.1/43083] INFO  server.GrpcService (ConfUtils.java:logGet(46)) - raft.grpc.flow.control.window = 5MB (=5242880) (custom)
2022-11-14 01:05:29,951 [Listener at 127.0.0.1/43083] INFO  server.RaftServerConfigKeys (ConfUtils.java:logGet(46)) - raft.server.rpc.request.timeout = 60s (custom)
2022-11-14 01:05:29,951 [Listener at 127.0.0.1/43083] INFO  grpc.GrpcConfigKeys (ConfUtils.java:logGet(46)) - raft.grpc.server.heartbeat.channel = true (default)
2022-11-14 01:05:29,951 [Listener at 127.0.0.1/43083] INFO  grpc.GrpcConfigKeys (ConfUtils.java:logGet(46)) - raft.grpc.server.async.request.thread.pool.cached = true (default)
2022-11-14 01:05:29,952 [Listener at 127.0.0.1/43083] INFO  grpc.GrpcConfigKeys (ConfUtils.java:logGet(46)) - raft.grpc.server.async.request.thread.pool.size = 32 (default)
2022-11-14 01:05:29,953 [Listener at 127.0.0.1/43083] INFO  impl.DataStreamServerImpl (ConfUtils.java:logGet(46)) - raft.datastream.type = DISABLED (default)
2022-11-14 01:05:29,953 [Listener at 127.0.0.1/43083] INFO  server.RaftServerConfigKeys (ConfUtils.java:logGet(46)) - raft.server.threadpool.proxy.cached = true (default)
2022-11-14 01:05:29,953 [Listener at 127.0.0.1/43083] INFO  server.RaftServerConfigKeys (ConfUtils.java:logGet(46)) - raft.server.threadpool.proxy.size = 0 (default)
2022-11-14 01:05:29,953 [Listener at 127.0.0.1/43083] INFO  server.RaftServerConfigKeys (ConfUtils.java:logGet(46)) - raft.server.rpc.slowness.timeout = 300s (custom)
2022-11-14 01:05:29,953 [Listener at 127.0.0.1/43083] INFO  server.RaftServerConfigKeys (ConfUtils.java:logGet(46)) - raft.server.leaderelection.leader.step-down.wait-time = 10s (default)
2022-11-14 01:05:29,953 [Listener at 127.0.0.1/43083] INFO  server.RaftServerConfigKeys (ConfUtils.java:logGet(46)) - raft.server.storage.dir = [/home/runner/work/ozone/ozone/hadoop-ozone/integration-test/target/test-dir/MiniOzoneClusterImpl-533bbe47-9fe4-4f83-8a40-bf54ddc9168f/datanode-2/data/ratis] (custom)
2022-11-14 01:05:29,955 [Listener at 127.0.0.1/43083] INFO  server.XceiverServerGrpc (XceiverServerGrpc.java:<init>(132)) - GrpcServer channel type EpollServerSocketChannel
2022-11-14 01:05:29,957 [Listener at 127.0.0.1/43083] INFO  http.BaseHttpServer (BaseHttpServer.java:newHttpServer2BuilderForOzone(213)) - Starting Web-server for hddsDatanode at: http://0.0.0.0:0
2022-11-14 01:05:29,957 [Listener at 127.0.0.1/43083] INFO  http.BaseHttpServer (BaseHttpServer.java:<init>(108)) - Hadoop Security Enabled: false Ozone Security Enabled: false Ozone HTTP Security Enabled: false 
2022-11-14 01:05:29,961 [Listener at 127.0.0.1/43083] WARN  server.AuthenticationFilter (AuthenticationFilter.java:constructSecretProvider(240)) - Unable to initialize FileSignerSecretProvider, falling back to use random secrets. Reason: Could not read signature secret file: /home/runner/hadoop-http-auth-signature-secret
2022-11-14 01:05:29,961 [Listener at 127.0.0.1/43083] WARN  http.HttpRequestLog (HttpRequestLog.java:getRequestLog(103)) - Jetty request log can only be enabled using Log4j
2022-11-14 01:05:29,963 [Listener at 127.0.0.1/43083] INFO  http.HttpServer2 (HttpServer2.java:addGlobalFilter(1031)) - Added global filter 'safety' (class=org.apache.hadoop.hdds.server.http.HttpServer2$QuotingInputFilter)
2022-11-14 01:05:29,963 [Listener at 127.0.0.1/43083] INFO  http.HttpServer2 (HttpServer2.java:addFilter(1007)) - Added filter static_user_filter (class=org.apache.hadoop.http.lib.StaticUserWebFilter$StaticUserFilter) to context hddsDatanode
2022-11-14 01:05:29,963 [Listener at 127.0.0.1/43083] INFO  http.HttpServer2 (HttpServer2.java:addFilter(1015)) - Added filter static_user_filter (class=org.apache.hadoop.http.lib.StaticUserWebFilter$StaticUserFilter) to context logs
2022-11-14 01:05:29,963 [Listener at 127.0.0.1/43083] INFO  http.HttpServer2 (HttpServer2.java:addFilter(1015)) - Added filter static_user_filter (class=org.apache.hadoop.http.lib.StaticUserWebFilter$StaticUserFilter) to context static
2022-11-14 01:05:29,964 [Listener at 127.0.0.1/43083] INFO  http.HttpServer2 (HttpServer2.java:bindListener(1250)) - Jetty bound to port 35811
2022-11-14 01:05:29,964 [Listener at 127.0.0.1/43083] INFO  server.Server (Server.java:doStart(375)) - jetty-9.4.49.v20220914; built: 2022-09-14T01:07:36.601Z; git: 4231a3b2e4cb8548a412a789936d640a97b1aa0a; jvm 1.8.0_345-b01
2022-11-14 01:05:29,965 [Listener at 127.0.0.1/43083] INFO  server.session (DefaultSessionIdManager.java:doStart(334)) - DefaultSessionIdManager workerName=node0
2022-11-14 01:05:29,965 [Listener at 127.0.0.1/43083] INFO  server.session (DefaultSessionIdManager.java:doStart(339)) - No SessionScavenger set, using defaults
2022-11-14 01:05:29,967 [Listener at 127.0.0.1/43083] INFO  server.session (HouseKeeper.java:startScavenging(132)) - node0 Scavenging every 660000ms
2022-11-14 01:05:29,967 [Listener at 127.0.0.1/43083] INFO  handler.ContextHandler (ContextHandler.java:doStart(921)) - Started o.e.j.s.ServletContextHandler@60ac370c{logs,/logs,file:///home/runner/work/ozone/ozone/hadoop-ozone/integration-test/target/log,AVAILABLE}
2022-11-14 01:05:29,968 [Listener at 127.0.0.1/43083] INFO  handler.ContextHandler (ContextHandler.java:doStart(921)) - Started o.e.j.s.ServletContextHandler@2de6cd55{static,/static,jar:file:/home/runner/.m2/repository/org/apache/ozone/hdds-container-service/1.3.0-SNAPSHOT/hdds-container-service-1.3.0-SNAPSHOT.jar!/webapps/static,AVAILABLE}
2022-11-14 01:05:30,129 [Listener at 127.0.0.1/43083] INFO  handler.ContextHandler (ContextHandler.java:doStart(921)) - Started o.e.j.w.WebAppContext@643ec183{hddsDatanode,/,file:///tmp/jetty-0_0_0_0-35811-hdds-container-service-1_3_0-SNAPSHOT_jar-_-any-1352459493679112748/webapp/,AVAILABLE}{jar:file:/home/runner/.m2/repository/org/apache/ozone/hdds-container-service/1.3.0-SNAPSHOT/hdds-container-service-1.3.0-SNAPSHOT.jar!/webapps/hddsDatanode}
2022-11-14 01:05:30,133 [Listener at 127.0.0.1/43083] INFO  server.AbstractConnector (AbstractConnector.java:doStart(333)) - Started ServerConnector@5ab2d78{HTTP/1.1, (http/1.1)}{0.0.0.0:35811}
2022-11-14 01:05:30,133 [Listener at 127.0.0.1/43083] INFO  server.Server (Server.java:doStart(415)) - Started @75876ms
2022-11-14 01:05:30,133 [Listener at 127.0.0.1/43083] WARN  impl.MetricsSystemImpl (MetricsSystemImpl.java:register(279)) - Sink prometheus already exists!
2022-11-14 01:05:30,135 [Listener at 127.0.0.1/43083] INFO  http.BaseHttpServer (BaseHttpServer.java:updateConnectorAddress(333)) - HTTP server of hddsDatanode listening at http://0.0.0.0:35811
2022-11-14 01:05:30,136 [Listener at 127.0.0.1/43083] WARN  impl.MetricRegistriesImpl (MetricRegistriesImpl.java:addReporterRegistration(111)) - New reporters are added after registries were created. Some metrics will be missing from the reporter. Please add reporter before adding any new registry.
2022-11-14 01:05:30,136 [Listener at 127.0.0.1/43083] WARN  impl.MetricRegistriesImpl (MetricRegistriesImpl.java:addReporterRegistration(111)) - New reporters are added after registries were created. Some metrics will be missing from the reporter. Please add reporter before adding any new registry.
2022-11-14 01:05:30,136 [Listener at 127.0.0.1/43083] INFO  impl.MetricsSystemImpl (MetricsSystemImpl.java:init(158)) - HddsDatanode metrics system started (again)
2022-11-14 01:05:30,136 [Datanode State Machine Daemon Thread] INFO  statemachine.DatanodeStateMachine (DatanodeStateMachine.java:lambda$startDaemon$0(505)) - Ozone container server started.
2022-11-14 01:05:30,147 [org.apache.hadoop.util.JvmPauseMonitor$Monitor@41bf289d] INFO  util.JvmPauseMonitor (JvmPauseMonitor.java:run(188)) - Starting JVM pause monitor
2022-11-14 01:05:30,151 [Listener at 127.0.0.1/43083] INFO  ozone.HddsDatanodeService (HddsDatanodeService.java:start(236)) - HddsDatanodeService host:fv-az334-552.zg0gw54pbdoexfhqlmz30d51na.gx.internal.cloudapp.net ip:10.1.0.33
2022-11-14 01:05:30,153 [Datanode State Machine Task Thread - 0] INFO  datanode.InitDatanodeState (InitDatanodeState.java:persistContainerDatanodeDetails(138)) - DatanodeDetails is persisted to /home/runner/work/ozone/ozone/hadoop-ozone/integration-test/target/test-dir/MiniOzoneClusterImpl-533bbe47-9fe4-4f83-8a40-bf54ddc9168f/datanode-2/meta/datanode.id
2022-11-14 01:05:30,171 [Listener at 127.0.0.1/43083] INFO  upgrade.AbstractLayoutVersionManager (AbstractLayoutVersionManager.java:init(83)) - Initializing Layout version manager with metadata layout = DATANODE_SCHEMA_V3 (version = 4), software layout = DATANODE_SCHEMA_V3 (version = 4)
2022-11-14 01:05:30,185 [om1@group-C5BA1605619E-FollowerState] INFO  impl.FollowerState (FollowerState.java:run(143)) - om1@group-C5BA1605619E-FollowerState: change to CANDIDATE, lastRpcElapsedTime:1015812042ns, electionTimeout:1014ms
2022-11-14 01:05:30,186 [om1@group-C5BA1605619E-FollowerState] INFO  impl.RoleInfo (RoleInfo.java:shutdownFollowerState(110)) - om1: shutdown om1@group-C5BA1605619E-FollowerState
2022-11-14 01:05:30,186 [om1@group-C5BA1605619E-FollowerState] INFO  server.RaftServer$Division (RaftServerImpl.java:setRole(321)) - om1@group-C5BA1605619E: changes role from  FOLLOWER to CANDIDATE at term 0 for changeToCandidate
2022-11-14 01:05:30,186 [om1@group-C5BA1605619E-FollowerState] INFO  server.RaftServerConfigKeys (ConfUtils.java:logGet(46)) - raft.server.leaderelection.pre-vote = false (custom)
2022-11-14 01:05:30,186 [om1@group-C5BA1605619E-FollowerState] INFO  impl.RoleInfo (RoleInfo.java:updateAndGet(139)) - om1: start om1@group-C5BA1605619E-LeaderElection29
2022-11-14 01:05:30,197 [om1@group-C5BA1605619E-LeaderElection29] INFO  impl.LeaderElection (LeaderElection.java:askForVotes(312)) - om1@group-C5BA1605619E-LeaderElection29 ELECTION round 0: submit vote requests at term 1 for -1: peers:[om1|rpc:localhost:9872|priority:0|startupRole:FOLLOWER]|listeners:[], old=null
2022-11-14 01:05:30,198 [om1@group-C5BA1605619E-LeaderElection29] INFO  impl.LeaderElection (LeaderElection.java:askForVotes(314)) - om1@group-C5BA1605619E-LeaderElection29 ELECTION round 0: result PASSED (term=1)
2022-11-14 01:05:30,198 [om1@group-C5BA1605619E-LeaderElection29] INFO  impl.RoleInfo (RoleInfo.java:shutdownLeaderElection(130)) - om1: shutdown om1@group-C5BA1605619E-LeaderElection29
2022-11-14 01:05:30,198 [om1@group-C5BA1605619E-LeaderElection29] INFO  server.RaftServer$Division (RaftServerImpl.java:setRole(321)) - om1@group-C5BA1605619E: changes role from CANDIDATE to LEADER at term 1 for changeToLeader
2022-11-14 01:05:30,198 [om1@group-C5BA1605619E-LeaderElection29] INFO  server.RaftServer$Division (ServerState.java:setLeader(313)) - om1@group-C5BA1605619E: change Leader from null to om1 at term 1 for becomeLeader, leader elected after 1449ms
2022-11-14 01:05:30,198 [om1@group-C5BA1605619E-LeaderElection29] INFO  server.RaftServerConfigKeys (ConfUtils.java:logGet(46)) - raft.server.staging.catchup.gap = 1000 (default)
2022-11-14 01:05:30,198 [om1@group-C5BA1605619E-LeaderElection29] INFO  server.RaftServerConfigKeys (ConfUtils.java:logGet(46)) - raft.server.write.element-limit = 4096 (default)
2022-11-14 01:05:30,198 [om1@group-C5BA1605619E-LeaderElection29] INFO  server.RaftServerConfigKeys (ConfUtils.java:logGet(46)) - raft.server.write.byte-limit = 64MB (=67108864) (default)
2022-11-14 01:05:30,198 [om1@group-C5BA1605619E-LeaderElection29] INFO  server.RaftServerConfigKeys (ConfUtils.java:logGet(46)) - raft.server.watch.timeout = 10s (default)
2022-11-14 01:05:30,198 [om1@group-C5BA1605619E-LeaderElection29] INFO  server.RaftServerConfigKeys (ConfUtils.java:logGet(46)) - raft.server.watch.timeout.denomination = 1s (default)
2022-11-14 01:05:30,198 [om1@group-C5BA1605619E-LeaderElection29] INFO  server.RaftServerConfigKeys (ConfUtils.java:logGet(46)) - raft.server.watch.element-limit = 65536 (default)
2022-11-14 01:05:30,198 [om1@group-C5BA1605619E-LeaderElection29] INFO  server.RaftServerConfigKeys (ConfUtils.java:logGet(46)) - raft.server.write.element-limit = 4096 (default)
2022-11-14 01:05:30,199 [om1@group-C5BA1605619E-LeaderElection29] INFO  server.RaftServerConfigKeys (ConfUtils.java:logGet(46)) - raft.server.write.follower.gap.ratio.max = -1.0 (default)
2022-11-14 01:05:30,199 [om1@group-C5BA1605619E-LeaderElection29] INFO  impl.RoleInfo (RoleInfo.java:updateAndGet(139)) - om1: start om1@group-C5BA1605619E-LeaderStateImpl
2022-11-14 01:05:30,199 [om1@group-C5BA1605619E-LeaderElection29] INFO  segmented.SegmentedRaftLogWorker (SegmentedRaftLogWorker.java:startLogSegment(452)) - om1@group-C5BA1605619E-SegmentedRaftLogWorker: Starting segment from index:0
2022-11-14 01:05:30,204 [om1@group-C5BA1605619E-LeaderElection29] INFO  server.RaftServer$Division (ServerState.java:setRaftConf(430)) - om1@group-C5BA1605619E: set configuration 0: peers:[om1|rpc:localhost:9872|admin:|client:|dataStream:|priority:0|startupRole:FOLLOWER]|listeners:[], old=null
2022-11-14 01:05:30,208 [om1@group-C5BA1605619E-SegmentedRaftLogWorker] INFO  segmented.SegmentedRaftLogWorker (SegmentedRaftLogWorker.java:execute(656)) - om1@group-C5BA1605619E-SegmentedRaftLogWorker: created new log segment /home/runner/work/ozone/ozone/hadoop-ozone/integration-test/target/test-dir/MiniOzoneClusterImpl-533bbe47-9fe4-4f83-8a40-bf54ddc9168f/ozone-meta/ratis/bf265839-605b-3f16-9796-c5ba1605619e/current/log_inprogress_0
2022-11-14 01:05:30,211 [om1@group-C5BA1605619E-StateMachineUpdater] INFO  ratis.OzoneManagerStateMachine (OzoneManagerStateMachine.java:notifyConfigurationChanged(192)) - Received Configuration change notification from Ratis. New Peer list:
[id: "om1"
address: "localhost:9872"
startupRole: FOLLOWER
]
2022-11-14 01:05:30,234 [Listener at 127.0.0.1/43083] INFO  reflections.Reflections (Reflections.java:scan(232)) - Reflections took 62 ms to scan 7 urls, producing 139 keys and 336 values 
2022-11-14 01:05:30,236 [Listener at 127.0.0.1/43083] INFO  statemachine.DatanodeStateMachine (DatanodeStateMachine.java:getEndPointTaskThreadPoolSize(245)) - Datanode State Machine Task Thread Pool size 2
2022-11-14 01:05:30,237 [Listener at 127.0.0.1/43083] INFO  volume.HddsVolume (HddsVolume.java:<init>(117)) - Creating HddsVolume: /home/runner/work/ozone/ozone/hadoop-ozone/integration-test/target/test-dir/MiniOzoneClusterImpl-533bbe47-9fe4-4f83-8a40-bf54ddc9168f/datanode-3/data-0/containers/hdds of storage type : DISK capacity : 9223372036854775807
2022-11-14 01:05:30,237 [Listener at 127.0.0.1/43083] INFO  volume.MutableVolumeSet (MutableVolumeSet.java:initializeVolumeSet(174)) - Added Volume : /home/runner/work/ozone/ozone/hadoop-ozone/integration-test/target/test-dir/MiniOzoneClusterImpl-533bbe47-9fe4-4f83-8a40-bf54ddc9168f/datanode-3/data-0/containers/hdds to VolumeSet
2022-11-14 01:05:30,238 [Listener at 127.0.0.1/43083] INFO  volume.ThrottledAsyncChecker (ThrottledAsyncChecker.java:schedule(141)) - Scheduling a check for /home/runner/work/ozone/ozone/hadoop-ozone/integration-test/target/test-dir/MiniOzoneClusterImpl-533bbe47-9fe4-4f83-8a40-bf54ddc9168f/datanode-3/data-0/containers/hdds
2022-11-14 01:05:30,238 [Listener at 127.0.0.1/43083] INFO  volume.StorageVolumeChecker (StorageVolumeChecker.java:checkAllVolumes(202)) - Scheduled health check for volume /home/runner/work/ozone/ozone/hadoop-ozone/integration-test/target/test-dir/MiniOzoneClusterImpl-533bbe47-9fe4-4f83-8a40-bf54ddc9168f/datanode-3/data-0/containers/hdds
2022-11-14 01:05:30,249 [Listener at 127.0.0.1/43083] INFO  volume.MutableVolumeSet (MutableVolumeSet.java:initializeVolumeSet(174)) - Added Volume : /home/runner/work/ozone/ozone/hadoop-ozone/integration-test/target/test-dir/MiniOzoneClusterImpl-533bbe47-9fe4-4f83-8a40-bf54ddc9168f/datanode-3/data/ratis to VolumeSet
2022-11-14 01:05:30,249 [Listener at 127.0.0.1/43083] INFO  volume.ThrottledAsyncChecker (ThrottledAsyncChecker.java:schedule(141)) - Scheduling a check for /home/runner/work/ozone/ozone/hadoop-ozone/integration-test/target/test-dir/MiniOzoneClusterImpl-533bbe47-9fe4-4f83-8a40-bf54ddc9168f/datanode-3/data/ratis
2022-11-14 01:05:30,249 [Listener at 127.0.0.1/43083] INFO  volume.StorageVolumeChecker (StorageVolumeChecker.java:checkAllVolumes(202)) - Scheduled health check for volume /home/runner/work/ozone/ozone/hadoop-ozone/integration-test/target/test-dir/MiniOzoneClusterImpl-533bbe47-9fe4-4f83-8a40-bf54ddc9168f/datanode-3/data/ratis
2022-11-14 01:05:30,260 [Thread-898] INFO  ozoneimpl.ContainerReader (ContainerReader.java:readVolume(175)) - Finish verifying containers on volume /home/runner/work/ozone/ozone/hadoop-ozone/integration-test/target/test-dir/MiniOzoneClusterImpl-533bbe47-9fe4-4f83-8a40-bf54ddc9168f/datanode-3/data-0/containers/hdds
2022-11-14 01:05:30,260 [Listener at 127.0.0.1/43083] INFO  ozoneimpl.OzoneContainer (OzoneContainer.java:buildContainerSet(300)) - Build ContainerSet costs 0s
2022-11-14 01:05:30,262 [Listener at 127.0.0.1/43083] INFO  server.RaftServer (ConfUtils.java:logGet(46)) - raft.rpc.type = GRPC (default)
2022-11-14 01:05:30,262 [Listener at 127.0.0.1/43083] INFO  grpc.GrpcConfigKeys (ConfUtils.java:logFallback(53)) - raft.grpc.admin.host = null (fallback to raft.grpc.server.host)
2022-11-14 01:05:30,262 [Listener at 127.0.0.1/43083] INFO  grpc.GrpcConfigKeys (ConfUtils.java:logGet(46)) - raft.grpc.admin.port = 0 (custom)
2022-11-14 01:05:30,262 [Listener at 127.0.0.1/43083] INFO  grpc.GrpcConfigKeys (ConfUtils.java:logFallback(53)) - raft.grpc.client.host = null (fallback to raft.grpc.server.host)
2022-11-14 01:05:30,263 [Listener at 127.0.0.1/43083] INFO  grpc.GrpcConfigKeys (ConfUtils.java:logGet(46)) - raft.grpc.client.port = 0 (custom)
2022-11-14 01:05:30,263 [Listener at 127.0.0.1/43083] INFO  grpc.GrpcConfigKeys (ConfUtils.java:logGet(46)) - raft.grpc.server.host = null (default)
2022-11-14 01:05:30,263 [Listener at 127.0.0.1/43083] INFO  grpc.GrpcConfigKeys (ConfUtils.java:logGet(46)) - raft.grpc.server.port = 0 (default)
2022-11-14 01:05:30,263 [Listener at 127.0.0.1/43083] INFO  server.GrpcService (ConfUtils.java:logGet(46)) - raft.grpc.message.size.max = 32MB (=33554432) (custom)
2022-11-14 01:05:30,263 [Listener at 127.0.0.1/43083] INFO  server.RaftServerConfigKeys (ConfUtils.java:logGet(46)) - raft.server.log.appender.buffer.byte-limit = 33554432 (custom)
2022-11-14 01:05:30,263 [Listener at 127.0.0.1/43083] INFO  server.GrpcService (ConfUtils.java:logGet(46)) - raft.grpc.flow.control.window = 5MB (=5242880) (custom)
2022-11-14 01:05:30,263 [Listener at 127.0.0.1/43083] INFO  server.RaftServerConfigKeys (ConfUtils.java:logGet(46)) - raft.server.rpc.request.timeout = 60s (custom)
2022-11-14 01:05:30,263 [Listener at 127.0.0.1/43083] INFO  grpc.GrpcConfigKeys (ConfUtils.java:logGet(46)) - raft.grpc.server.heartbeat.channel = true (default)
2022-11-14 01:05:30,264 [Listener at 127.0.0.1/43083] INFO  grpc.GrpcConfigKeys (ConfUtils.java:logGet(46)) - raft.grpc.server.async.request.thread.pool.cached = true (default)
2022-11-14 01:05:30,264 [Listener at 127.0.0.1/43083] INFO  grpc.GrpcConfigKeys (ConfUtils.java:logGet(46)) - raft.grpc.server.async.request.thread.pool.size = 32 (default)
2022-11-14 01:05:30,265 [Listener at 127.0.0.1/43083] INFO  impl.DataStreamServerImpl (ConfUtils.java:logGet(46)) - raft.datastream.type = DISABLED (default)
2022-11-14 01:05:30,265 [Listener at 127.0.0.1/43083] INFO  server.RaftServerConfigKeys (ConfUtils.java:logGet(46)) - raft.server.threadpool.proxy.cached = true (default)
2022-11-14 01:05:30,265 [Listener at 127.0.0.1/43083] INFO  server.RaftServerConfigKeys (ConfUtils.java:logGet(46)) - raft.server.threadpool.proxy.size = 0 (default)
2022-11-14 01:05:30,265 [Listener at 127.0.0.1/43083] INFO  server.RaftServerConfigKeys (ConfUtils.java:logGet(46)) - raft.server.rpc.slowness.timeout = 300s (custom)
2022-11-14 01:05:30,265 [Listener at 127.0.0.1/43083] INFO  server.RaftServerConfigKeys (ConfUtils.java:logGet(46)) - raft.server.leaderelection.leader.step-down.wait-time = 10s (default)
2022-11-14 01:05:30,265 [Listener at 127.0.0.1/43083] INFO  server.RaftServerConfigKeys (ConfUtils.java:logGet(46)) - raft.server.storage.dir = [/home/runner/work/ozone/ozone/hadoop-ozone/integration-test/target/test-dir/MiniOzoneClusterImpl-533bbe47-9fe4-4f83-8a40-bf54ddc9168f/datanode-3/data/ratis] (custom)
2022-11-14 01:05:30,267 [Listener at 127.0.0.1/43083] INFO  server.XceiverServerGrpc (XceiverServerGrpc.java:<init>(132)) - GrpcServer channel type EpollServerSocketChannel
2022-11-14 01:05:30,271 [Listener at 127.0.0.1/43083] INFO  http.BaseHttpServer (BaseHttpServer.java:newHttpServer2BuilderForOzone(213)) - Starting Web-server for hddsDatanode at: http://0.0.0.0:0
2022-11-14 01:05:30,271 [Listener at 127.0.0.1/43083] INFO  http.BaseHttpServer (BaseHttpServer.java:<init>(108)) - Hadoop Security Enabled: false Ozone Security Enabled: false Ozone HTTP Security Enabled: false 
2022-11-14 01:05:30,272 [Listener at 127.0.0.1/43083] WARN  server.AuthenticationFilter (AuthenticationFilter.java:constructSecretProvider(240)) - Unable to initialize FileSignerSecretProvider, falling back to use random secrets. Reason: Could not read signature secret file: /home/runner/hadoop-http-auth-signature-secret
2022-11-14 01:05:30,274 [Listener at 127.0.0.1/43083] WARN  http.HttpRequestLog (HttpRequestLog.java:getRequestLog(103)) - Jetty request log can only be enabled using Log4j
2022-11-14 01:05:30,275 [Listener at 127.0.0.1/43083] INFO  http.HttpServer2 (HttpServer2.java:addGlobalFilter(1031)) - Added global filter 'safety' (class=org.apache.hadoop.hdds.server.http.HttpServer2$QuotingInputFilter)
2022-11-14 01:05:30,275 [Listener at 127.0.0.1/43083] INFO  http.HttpServer2 (HttpServer2.java:addFilter(1007)) - Added filter static_user_filter (class=org.apache.hadoop.http.lib.StaticUserWebFilter$StaticUserFilter) to context hddsDatanode
2022-11-14 01:05:30,276 [Listener at 127.0.0.1/43083] INFO  http.HttpServer2 (HttpServer2.java:addFilter(1015)) - Added filter static_user_filter (class=org.apache.hadoop.http.lib.StaticUserWebFilter$StaticUserFilter) to context static
2022-11-14 01:05:30,276 [Listener at 127.0.0.1/43083] INFO  http.HttpServer2 (HttpServer2.java:addFilter(1015)) - Added filter static_user_filter (class=org.apache.hadoop.http.lib.StaticUserWebFilter$StaticUserFilter) to context logs
2022-11-14 01:05:30,276 [Listener at 127.0.0.1/43083] INFO  http.HttpServer2 (HttpServer2.java:bindListener(1250)) - Jetty bound to port 33309
2022-11-14 01:05:30,277 [Listener at 127.0.0.1/43083] INFO  server.Server (Server.java:doStart(375)) - jetty-9.4.49.v20220914; built: 2022-09-14T01:07:36.601Z; git: 4231a3b2e4cb8548a412a789936d640a97b1aa0a; jvm 1.8.0_345-b01
2022-11-14 01:05:30,293 [Listener at 127.0.0.1/43083] INFO  server.session (DefaultSessionIdManager.java:doStart(334)) - DefaultSessionIdManager workerName=node0
2022-11-14 01:05:30,293 [Listener at 127.0.0.1/43083] INFO  server.session (DefaultSessionIdManager.java:doStart(339)) - No SessionScavenger set, using defaults
2022-11-14 01:05:30,293 [Listener at 127.0.0.1/43083] INFO  server.session (HouseKeeper.java:startScavenging(132)) - node0 Scavenging every 600000ms
2022-11-14 01:05:30,294 [Listener at 127.0.0.1/43083] INFO  handler.ContextHandler (ContextHandler.java:doStart(921)) - Started o.e.j.s.ServletContextHandler@12ef80b3{logs,/logs,file:///home/runner/work/ozone/ozone/hadoop-ozone/integration-test/target/log,AVAILABLE}
2022-11-14 01:05:30,295 [Listener at 127.0.0.1/43083] INFO  handler.ContextHandler (ContextHandler.java:doStart(921)) - Started o.e.j.s.ServletContextHandler@65b81cbf{static,/static,jar:file:/home/runner/.m2/repository/org/apache/ozone/hdds-container-service/1.3.0-SNAPSHOT/hdds-container-service-1.3.0-SNAPSHOT.jar!/webapps/static,AVAILABLE}
2022-11-14 01:05:30,475 [Listener at 127.0.0.1/43083] INFO  handler.ContextHandler (ContextHandler.java:doStart(921)) - Started o.e.j.w.WebAppContext@cb1a1cf{hddsDatanode,/,file:///tmp/jetty-0_0_0_0-33309-hdds-container-service-1_3_0-SNAPSHOT_jar-_-any-1291383621732042551/webapp/,AVAILABLE}{jar:file:/home/runner/.m2/repository/org/apache/ozone/hdds-container-service/1.3.0-SNAPSHOT/hdds-container-service-1.3.0-SNAPSHOT.jar!/webapps/hddsDatanode}
2022-11-14 01:05:30,477 [Listener at 127.0.0.1/43083] INFO  server.AbstractConnector (AbstractConnector.java:doStart(333)) - Started ServerConnector@4069f369{HTTP/1.1, (http/1.1)}{0.0.0.0:33309}
2022-11-14 01:05:30,477 [Listener at 127.0.0.1/43083] INFO  server.Server (Server.java:doStart(415)) - Started @76220ms
2022-11-14 01:05:30,477 [Listener at 127.0.0.1/43083] WARN  impl.MetricsSystemImpl (MetricsSystemImpl.java:register(279)) - Sink prometheus already exists!
2022-11-14 01:05:30,478 [Listener at 127.0.0.1/43083] INFO  http.BaseHttpServer (BaseHttpServer.java:updateConnectorAddress(333)) - HTTP server of hddsDatanode listening at http://0.0.0.0:33309
2022-11-14 01:05:30,478 [Datanode State Machine Daemon Thread] INFO  statemachine.DatanodeStateMachine (DatanodeStateMachine.java:lambda$startDaemon$0(505)) - Ozone container server started.
2022-11-14 01:05:30,478 [Listener at 127.0.0.1/43083] WARN  impl.MetricRegistriesImpl (MetricRegistriesImpl.java:addReporterRegistration(111)) - New reporters are added after registries were created. Some metrics will be missing from the reporter. Please add reporter before adding any new registry.
2022-11-14 01:05:30,479 [Listener at 127.0.0.1/43083] WARN  impl.MetricRegistriesImpl (MetricRegistriesImpl.java:addReporterRegistration(111)) - New reporters are added after registries were created. Some metrics will be missing from the reporter. Please add reporter before adding any new registry.
2022-11-14 01:05:30,480 [Listener at 127.0.0.1/43083] INFO  impl.MetricsSystemImpl (MetricsSystemImpl.java:init(158)) - HddsDatanode metrics system started (again)
2022-11-14 01:05:30,488 [org.apache.hadoop.util.JvmPauseMonitor$Monitor@3e4b05f3] INFO  util.JvmPauseMonitor (JvmPauseMonitor.java:run(188)) - Starting JVM pause monitor
2022-11-14 01:05:30,491 [Listener at 127.0.0.1/43083] INFO  ozone.HddsDatanodeService (HddsDatanodeService.java:start(236)) - HddsDatanodeService host:fv-az334-552.zg0gw54pbdoexfhqlmz30d51na.gx.internal.cloudapp.net ip:10.1.0.33
2022-11-14 01:05:30,494 [Datanode State Machine Task Thread - 0] INFO  datanode.InitDatanodeState (InitDatanodeState.java:persistContainerDatanodeDetails(138)) - DatanodeDetails is persisted to /home/runner/work/ozone/ozone/hadoop-ozone/integration-test/target/test-dir/MiniOzoneClusterImpl-533bbe47-9fe4-4f83-8a40-bf54ddc9168f/datanode-3/meta/datanode.id
2022-11-14 01:05:30,511 [Listener at 127.0.0.1/43083] INFO  upgrade.AbstractLayoutVersionManager (AbstractLayoutVersionManager.java:init(83)) - Initializing Layout version manager with metadata layout = DATANODE_SCHEMA_V3 (version = 4), software layout = DATANODE_SCHEMA_V3 (version = 4)
2022-11-14 01:05:30,551 [Listener at 127.0.0.1/43083] INFO  reflections.Reflections (Reflections.java:scan(232)) - Reflections took 39 ms to scan 7 urls, producing 139 keys and 336 values 
2022-11-14 01:05:30,552 [Listener at 127.0.0.1/43083] INFO  statemachine.DatanodeStateMachine (DatanodeStateMachine.java:getEndPointTaskThreadPoolSize(245)) - Datanode State Machine Task Thread Pool size 2
2022-11-14 01:05:30,553 [Listener at 127.0.0.1/43083] INFO  volume.HddsVolume (HddsVolume.java:<init>(117)) - Creating HddsVolume: /home/runner/work/ozone/ozone/hadoop-ozone/integration-test/target/test-dir/MiniOzoneClusterImpl-533bbe47-9fe4-4f83-8a40-bf54ddc9168f/datanode-4/data-0/containers/hdds of storage type : DISK capacity : 9223372036854775807
2022-11-14 01:05:30,554 [Listener at 127.0.0.1/43083] INFO  volume.MutableVolumeSet (MutableVolumeSet.java:initializeVolumeSet(174)) - Added Volume : /home/runner/work/ozone/ozone/hadoop-ozone/integration-test/target/test-dir/MiniOzoneClusterImpl-533bbe47-9fe4-4f83-8a40-bf54ddc9168f/datanode-4/data-0/containers/hdds to VolumeSet
2022-11-14 01:05:30,554 [Listener at 127.0.0.1/43083] INFO  volume.ThrottledAsyncChecker (ThrottledAsyncChecker.java:schedule(141)) - Scheduling a check for /home/runner/work/ozone/ozone/hadoop-ozone/integration-test/target/test-dir/MiniOzoneClusterImpl-533bbe47-9fe4-4f83-8a40-bf54ddc9168f/datanode-4/data-0/containers/hdds
2022-11-14 01:05:30,554 [Listener at 127.0.0.1/43083] INFO  volume.StorageVolumeChecker (StorageVolumeChecker.java:checkAllVolumes(202)) - Scheduled health check for volume /home/runner/work/ozone/ozone/hadoop-ozone/integration-test/target/test-dir/MiniOzoneClusterImpl-533bbe47-9fe4-4f83-8a40-bf54ddc9168f/datanode-4/data-0/containers/hdds
2022-11-14 01:05:30,565 [Listener at 127.0.0.1/43083] INFO  volume.MutableVolumeSet (MutableVolumeSet.java:initializeVolumeSet(174)) - Added Volume : /home/runner/work/ozone/ozone/hadoop-ozone/integration-test/target/test-dir/MiniOzoneClusterImpl-533bbe47-9fe4-4f83-8a40-bf54ddc9168f/datanode-4/data/ratis to VolumeSet
2022-11-14 01:05:30,565 [Listener at 127.0.0.1/43083] INFO  volume.ThrottledAsyncChecker (ThrottledAsyncChecker.java:schedule(141)) - Scheduling a check for /home/runner/work/ozone/ozone/hadoop-ozone/integration-test/target/test-dir/MiniOzoneClusterImpl-533bbe47-9fe4-4f83-8a40-bf54ddc9168f/datanode-4/data/ratis
2022-11-14 01:05:30,565 [Listener at 127.0.0.1/43083] INFO  volume.StorageVolumeChecker (StorageVolumeChecker.java:checkAllVolumes(202)) - Scheduled health check for volume /home/runner/work/ozone/ozone/hadoop-ozone/integration-test/target/test-dir/MiniOzoneClusterImpl-533bbe47-9fe4-4f83-8a40-bf54ddc9168f/datanode-4/data/ratis
2022-11-14 01:05:30,576 [Thread-911] INFO  ozoneimpl.ContainerReader (ContainerReader.java:readVolume(175)) - Finish verifying containers on volume /home/runner/work/ozone/ozone/hadoop-ozone/integration-test/target/test-dir/MiniOzoneClusterImpl-533bbe47-9fe4-4f83-8a40-bf54ddc9168f/datanode-4/data-0/containers/hdds
2022-11-14 01:05:30,576 [Listener at 127.0.0.1/43083] INFO  ozoneimpl.OzoneContainer (OzoneContainer.java:buildContainerSet(300)) - Build ContainerSet costs 0s
2022-11-14 01:05:30,577 [Listener at 127.0.0.1/43083] INFO  server.RaftServer (ConfUtils.java:logGet(46)) - raft.rpc.type = GRPC (default)
2022-11-14 01:05:30,578 [Listener at 127.0.0.1/43083] INFO  grpc.GrpcConfigKeys (ConfUtils.java:logFallback(53)) - raft.grpc.admin.host = null (fallback to raft.grpc.server.host)
2022-11-14 01:05:30,578 [Listener at 127.0.0.1/43083] INFO  grpc.GrpcConfigKeys (ConfUtils.java:logGet(46)) - raft.grpc.admin.port = 0 (custom)
2022-11-14 01:05:30,578 [Listener at 127.0.0.1/43083] INFO  grpc.GrpcConfigKeys (ConfUtils.java:logFallback(53)) - raft.grpc.client.host = null (fallback to raft.grpc.server.host)
2022-11-14 01:05:30,578 [Listener at 127.0.0.1/43083] INFO  grpc.GrpcConfigKeys (ConfUtils.java:logGet(46)) - raft.grpc.client.port = 0 (custom)
2022-11-14 01:05:30,578 [Listener at 127.0.0.1/43083] INFO  grpc.GrpcConfigKeys (ConfUtils.java:logGet(46)) - raft.grpc.server.host = null (default)
2022-11-14 01:05:30,578 [Listener at 127.0.0.1/43083] INFO  grpc.GrpcConfigKeys (ConfUtils.java:logGet(46)) - raft.grpc.server.port = 0 (default)
2022-11-14 01:05:30,578 [Listener at 127.0.0.1/43083] INFO  server.GrpcService (ConfUtils.java:logGet(46)) - raft.grpc.message.size.max = 32MB (=33554432) (custom)
2022-11-14 01:05:30,578 [Listener at 127.0.0.1/43083] INFO  server.RaftServerConfigKeys (ConfUtils.java:logGet(46)) - raft.server.log.appender.buffer.byte-limit = 33554432 (custom)
2022-11-14 01:05:30,579 [Listener at 127.0.0.1/43083] INFO  server.GrpcService (ConfUtils.java:logGet(46)) - raft.grpc.flow.control.window = 5MB (=5242880) (custom)
2022-11-14 01:05:30,579 [Listener at 127.0.0.1/43083] INFO  server.RaftServerConfigKeys (ConfUtils.java:logGet(46)) - raft.server.rpc.request.timeout = 60s (custom)
2022-11-14 01:05:30,579 [Listener at 127.0.0.1/43083] INFO  grpc.GrpcConfigKeys (ConfUtils.java:logGet(46)) - raft.grpc.server.heartbeat.channel = true (default)
2022-11-14 01:05:30,579 [Listener at 127.0.0.1/43083] INFO  grpc.GrpcConfigKeys (ConfUtils.java:logGet(46)) - raft.grpc.server.async.request.thread.pool.cached = true (default)
2022-11-14 01:05:30,579 [Listener at 127.0.0.1/43083] INFO  grpc.GrpcConfigKeys (ConfUtils.java:logGet(46)) - raft.grpc.server.async.request.thread.pool.size = 32 (default)
2022-11-14 01:05:30,580 [Listener at 127.0.0.1/43083] INFO  impl.DataStreamServerImpl (ConfUtils.java:logGet(46)) - raft.datastream.type = DISABLED (default)
2022-11-14 01:05:30,580 [Listener at 127.0.0.1/43083] INFO  server.RaftServerConfigKeys (ConfUtils.java:logGet(46)) - raft.server.threadpool.proxy.cached = true (default)
2022-11-14 01:05:30,580 [Listener at 127.0.0.1/43083] INFO  server.RaftServerConfigKeys (ConfUtils.java:logGet(46)) - raft.server.threadpool.proxy.size = 0 (default)
2022-11-14 01:05:30,581 [Listener at 127.0.0.1/43083] INFO  server.RaftServerConfigKeys (ConfUtils.java:logGet(46)) - raft.server.rpc.slowness.timeout = 300s (custom)
2022-11-14 01:05:30,581 [Listener at 127.0.0.1/43083] INFO  server.RaftServerConfigKeys (ConfUtils.java:logGet(46)) - raft.server.leaderelection.leader.step-down.wait-time = 10s (default)
2022-11-14 01:05:30,581 [Listener at 127.0.0.1/43083] INFO  server.RaftServerConfigKeys (ConfUtils.java:logGet(46)) - raft.server.storage.dir = [/home/runner/work/ozone/ozone/hadoop-ozone/integration-test/target/test-dir/MiniOzoneClusterImpl-533bbe47-9fe4-4f83-8a40-bf54ddc9168f/datanode-4/data/ratis] (custom)
2022-11-14 01:05:30,582 [Listener at 127.0.0.1/43083] INFO  server.XceiverServerGrpc (XceiverServerGrpc.java:<init>(132)) - GrpcServer channel type EpollServerSocketChannel
2022-11-14 01:05:30,584 [Listener at 127.0.0.1/43083] INFO  http.BaseHttpServer (BaseHttpServer.java:newHttpServer2BuilderForOzone(213)) - Starting Web-server for hddsDatanode at: http://0.0.0.0:0
2022-11-14 01:05:30,585 [Listener at 127.0.0.1/43083] INFO  http.BaseHttpServer (BaseHttpServer.java:<init>(108)) - Hadoop Security Enabled: false Ozone Security Enabled: false Ozone HTTP Security Enabled: false 
2022-11-14 01:05:30,585 [Listener at 127.0.0.1/43083] WARN  server.AuthenticationFilter (AuthenticationFilter.java:constructSecretProvider(240)) - Unable to initialize FileSignerSecretProvider, falling back to use random secrets. Reason: Could not read signature secret file: /home/runner/hadoop-http-auth-signature-secret
2022-11-14 01:05:30,586 [Listener at 127.0.0.1/43083] WARN  http.HttpRequestLog (HttpRequestLog.java:getRequestLog(103)) - Jetty request log can only be enabled using Log4j
2022-11-14 01:05:30,587 [Listener at 127.0.0.1/43083] INFO  http.HttpServer2 (HttpServer2.java:addGlobalFilter(1031)) - Added global filter 'safety' (class=org.apache.hadoop.hdds.server.http.HttpServer2$QuotingInputFilter)
2022-11-14 01:05:30,587 [Listener at 127.0.0.1/43083] INFO  http.HttpServer2 (HttpServer2.java:addFilter(1007)) - Added filter static_user_filter (class=org.apache.hadoop.http.lib.StaticUserWebFilter$StaticUserFilter) to context hddsDatanode
2022-11-14 01:05:30,587 [Listener at 127.0.0.1/43083] INFO  http.HttpServer2 (HttpServer2.java:addFilter(1015)) - Added filter static_user_filter (class=org.apache.hadoop.http.lib.StaticUserWebFilter$StaticUserFilter) to context logs
2022-11-14 01:05:30,588 [Listener at 127.0.0.1/43083] INFO  http.HttpServer2 (HttpServer2.java:addFilter(1015)) - Added filter static_user_filter (class=org.apache.hadoop.http.lib.StaticUserWebFilter$StaticUserFilter) to context static
2022-11-14 01:05:30,588 [Listener at 127.0.0.1/43083] INFO  http.HttpServer2 (HttpServer2.java:bindListener(1250)) - Jetty bound to port 42361
2022-11-14 01:05:30,588 [Listener at 127.0.0.1/43083] INFO  server.Server (Server.java:doStart(375)) - jetty-9.4.49.v20220914; built: 2022-09-14T01:07:36.601Z; git: 4231a3b2e4cb8548a412a789936d640a97b1aa0a; jvm 1.8.0_345-b01
2022-11-14 01:05:30,599 [Listener at 127.0.0.1/43083] INFO  server.session (DefaultSessionIdManager.java:doStart(334)) - DefaultSessionIdManager workerName=node0
2022-11-14 01:05:30,599 [Listener at 127.0.0.1/43083] INFO  server.session (DefaultSessionIdManager.java:doStart(339)) - No SessionScavenger set, using defaults
2022-11-14 01:05:30,599 [Listener at 127.0.0.1/43083] INFO  server.session (HouseKeeper.java:startScavenging(132)) - node0 Scavenging every 600000ms
2022-11-14 01:05:30,600 [Listener at 127.0.0.1/43083] INFO  handler.ContextHandler (ContextHandler.java:doStart(921)) - Started o.e.j.s.ServletContextHandler@29c76aad{logs,/logs,file:///home/runner/work/ozone/ozone/hadoop-ozone/integration-test/target/log,AVAILABLE}
2022-11-14 01:05:30,601 [Listener at 127.0.0.1/43083] INFO  handler.ContextHandler (ContextHandler.java:doStart(921)) - Started o.e.j.s.ServletContextHandler@470602f8{static,/static,jar:file:/home/runner/.m2/repository/org/apache/ozone/hdds-container-service/1.3.0-SNAPSHOT/hdds-container-service-1.3.0-SNAPSHOT.jar!/webapps/static,AVAILABLE}
2022-11-14 01:05:30,762 [Listener at 127.0.0.1/43083] INFO  handler.ContextHandler (ContextHandler.java:doStart(921)) - Started o.e.j.w.WebAppContext@4428db34{hddsDatanode,/,file:///tmp/jetty-0_0_0_0-42361-hdds-container-service-1_3_0-SNAPSHOT_jar-_-any-1795181790918557628/webapp/,AVAILABLE}{jar:file:/home/runner/.m2/repository/org/apache/ozone/hdds-container-service/1.3.0-SNAPSHOT/hdds-container-service-1.3.0-SNAPSHOT.jar!/webapps/hddsDatanode}
2022-11-14 01:05:30,763 [Listener at 127.0.0.1/43083] INFO  server.AbstractConnector (AbstractConnector.java:doStart(333)) - Started ServerConnector@2fa483c1{HTTP/1.1, (http/1.1)}{0.0.0.0:42361}
2022-11-14 01:05:30,763 [Listener at 127.0.0.1/43083] INFO  server.Server (Server.java:doStart(415)) - Started @76506ms
2022-11-14 01:05:30,763 [Listener at 127.0.0.1/43083] WARN  impl.MetricsSystemImpl (MetricsSystemImpl.java:register(279)) - Sink prometheus already exists!
2022-11-14 01:05:30,764 [Listener at 127.0.0.1/43083] INFO  http.BaseHttpServer (BaseHttpServer.java:updateConnectorAddress(333)) - HTTP server of hddsDatanode listening at http://0.0.0.0:42361
2022-11-14 01:05:30,764 [Datanode State Machine Daemon Thread] INFO  statemachine.DatanodeStateMachine (DatanodeStateMachine.java:lambda$startDaemon$0(505)) - Ozone container server started.
2022-11-14 01:05:30,771 [Listener at 127.0.0.1/43083] WARN  impl.MetricRegistriesImpl (MetricRegistriesImpl.java:addReporterRegistration(111)) - New reporters are added after registries were created. Some metrics will be missing from the reporter. Please add reporter before adding any new registry.
2022-11-14 01:05:30,771 [Listener at 127.0.0.1/43083] WARN  impl.MetricRegistriesImpl (MetricRegistriesImpl.java:addReporterRegistration(111)) - New reporters are added after registries were created. Some metrics will be missing from the reporter. Please add reporter before adding any new registry.
2022-11-14 01:05:30,771 [Listener at 127.0.0.1/43083] INFO  impl.MetricsSystemImpl (MetricsSystemImpl.java:init(158)) - HddsDatanode metrics system started (again)
2022-11-14 01:05:30,776 [org.apache.hadoop.util.JvmPauseMonitor$Monitor@3cd2442b] INFO  util.JvmPauseMonitor (JvmPauseMonitor.java:run(188)) - Starting JVM pause monitor
2022-11-14 01:05:30,781 [Datanode State Machine Task Thread - 0] INFO  datanode.InitDatanodeState (InitDatanodeState.java:persistContainerDatanodeDetails(138)) - DatanodeDetails is persisted to /home/runner/work/ozone/ozone/hadoop-ozone/integration-test/target/test-dir/MiniOzoneClusterImpl-533bbe47-9fe4-4f83-8a40-bf54ddc9168f/datanode-4/meta/datanode.id
2022-11-14 01:05:30,784 [Listener at 127.0.0.1/43083] INFO  ozone.HddsDatanodeService (HddsDatanodeService.java:start(236)) - HddsDatanodeService host:fv-az334-552.zg0gw54pbdoexfhqlmz30d51na.gx.internal.cloudapp.net ip:10.1.0.33
2022-11-14 01:05:30,802 [Listener at 127.0.0.1/43083] INFO  upgrade.AbstractLayoutVersionManager (AbstractLayoutVersionManager.java:init(83)) - Initializing Layout version manager with metadata layout = DATANODE_SCHEMA_V3 (version = 4), software layout = DATANODE_SCHEMA_V3 (version = 4)
2022-11-14 01:05:30,843 [Listener at 127.0.0.1/43083] INFO  reflections.Reflections (Reflections.java:scan(232)) - Reflections took 40 ms to scan 7 urls, producing 139 keys and 336 values 
2022-11-14 01:05:30,844 [Listener at 127.0.0.1/43083] INFO  statemachine.DatanodeStateMachine (DatanodeStateMachine.java:getEndPointTaskThreadPoolSize(245)) - Datanode State Machine Task Thread Pool size 2
2022-11-14 01:05:30,845 [Listener at 127.0.0.1/43083] INFO  volume.HddsVolume (HddsVolume.java:<init>(117)) - Creating HddsVolume: /home/runner/work/ozone/ozone/hadoop-ozone/integration-test/target/test-dir/MiniOzoneClusterImpl-533bbe47-9fe4-4f83-8a40-bf54ddc9168f/datanode-5/data-0/containers/hdds of storage type : DISK capacity : 9223372036854775807
2022-11-14 01:05:30,846 [Listener at 127.0.0.1/43083] INFO  volume.MutableVolumeSet (MutableVolumeSet.java:initializeVolumeSet(174)) - Added Volume : /home/runner/work/ozone/ozone/hadoop-ozone/integration-test/target/test-dir/MiniOzoneClusterImpl-533bbe47-9fe4-4f83-8a40-bf54ddc9168f/datanode-5/data-0/containers/hdds to VolumeSet
2022-11-14 01:05:30,846 [Listener at 127.0.0.1/43083] INFO  volume.ThrottledAsyncChecker (ThrottledAsyncChecker.java:schedule(141)) - Scheduling a check for /home/runner/work/ozone/ozone/hadoop-ozone/integration-test/target/test-dir/MiniOzoneClusterImpl-533bbe47-9fe4-4f83-8a40-bf54ddc9168f/datanode-5/data-0/containers/hdds
2022-11-14 01:05:30,859 [Listener at 127.0.0.1/43083] INFO  volume.StorageVolumeChecker (StorageVolumeChecker.java:checkAllVolumes(202)) - Scheduled health check for volume /home/runner/work/ozone/ozone/hadoop-ozone/integration-test/target/test-dir/MiniOzoneClusterImpl-533bbe47-9fe4-4f83-8a40-bf54ddc9168f/datanode-5/data-0/containers/hdds
2022-11-14 01:05:30,870 [Listener at 127.0.0.1/43083] INFO  volume.MutableVolumeSet (MutableVolumeSet.java:initializeVolumeSet(174)) - Added Volume : /home/runner/work/ozone/ozone/hadoop-ozone/integration-test/target/test-dir/MiniOzoneClusterImpl-533bbe47-9fe4-4f83-8a40-bf54ddc9168f/datanode-5/data/ratis to VolumeSet
2022-11-14 01:05:30,870 [Listener at 127.0.0.1/43083] INFO  volume.ThrottledAsyncChecker (ThrottledAsyncChecker.java:schedule(141)) - Scheduling a check for /home/runner/work/ozone/ozone/hadoop-ozone/integration-test/target/test-dir/MiniOzoneClusterImpl-533bbe47-9fe4-4f83-8a40-bf54ddc9168f/datanode-5/data/ratis
2022-11-14 01:05:30,870 [Listener at 127.0.0.1/43083] INFO  volume.StorageVolumeChecker (StorageVolumeChecker.java:checkAllVolumes(202)) - Scheduled health check for volume /home/runner/work/ozone/ozone/hadoop-ozone/integration-test/target/test-dir/MiniOzoneClusterImpl-533bbe47-9fe4-4f83-8a40-bf54ddc9168f/datanode-5/data/ratis
2022-11-14 01:05:30,883 [Thread-924] INFO  ozoneimpl.ContainerReader (ContainerReader.java:readVolume(175)) - Finish verifying containers on volume /home/runner/work/ozone/ozone/hadoop-ozone/integration-test/target/test-dir/MiniOzoneClusterImpl-533bbe47-9fe4-4f83-8a40-bf54ddc9168f/datanode-5/data-0/containers/hdds
2022-11-14 01:05:30,883 [Listener at 127.0.0.1/43083] INFO  ozoneimpl.OzoneContainer (OzoneContainer.java:buildContainerSet(300)) - Build ContainerSet costs 0s
2022-11-14 01:05:30,885 [Listener at 127.0.0.1/43083] INFO  server.RaftServer (ConfUtils.java:logGet(46)) - raft.rpc.type = GRPC (default)
2022-11-14 01:05:30,885 [Listener at 127.0.0.1/43083] INFO  grpc.GrpcConfigKeys (ConfUtils.java:logFallback(53)) - raft.grpc.admin.host = null (fallback to raft.grpc.server.host)
2022-11-14 01:05:30,885 [Listener at 127.0.0.1/43083] INFO  grpc.GrpcConfigKeys (ConfUtils.java:logGet(46)) - raft.grpc.admin.port = 0 (custom)
2022-11-14 01:05:30,885 [Listener at 127.0.0.1/43083] INFO  grpc.GrpcConfigKeys (ConfUtils.java:logFallback(53)) - raft.grpc.client.host = null (fallback to raft.grpc.server.host)
2022-11-14 01:05:30,885 [Listener at 127.0.0.1/43083] INFO  grpc.GrpcConfigKeys (ConfUtils.java:logGet(46)) - raft.grpc.client.port = 0 (custom)
2022-11-14 01:05:30,886 [Listener at 127.0.0.1/43083] INFO  grpc.GrpcConfigKeys (ConfUtils.java:logGet(46)) - raft.grpc.server.host = null (default)
2022-11-14 01:05:30,886 [Listener at 127.0.0.1/43083] INFO  grpc.GrpcConfigKeys (ConfUtils.java:logGet(46)) - raft.grpc.server.port = 0 (default)
2022-11-14 01:05:30,886 [Listener at 127.0.0.1/43083] INFO  server.GrpcService (ConfUtils.java:logGet(46)) - raft.grpc.message.size.max = 32MB (=33554432) (custom)
2022-11-14 01:05:30,886 [Listener at 127.0.0.1/43083] INFO  server.RaftServerConfigKeys (ConfUtils.java:logGet(46)) - raft.server.log.appender.buffer.byte-limit = 33554432 (custom)
2022-11-14 01:05:30,886 [Listener at 127.0.0.1/43083] INFO  server.GrpcService (ConfUtils.java:logGet(46)) - raft.grpc.flow.control.window = 5MB (=5242880) (custom)
2022-11-14 01:05:30,886 [Listener at 127.0.0.1/43083] INFO  server.RaftServerConfigKeys (ConfUtils.java:logGet(46)) - raft.server.rpc.request.timeout = 60s (custom)
2022-11-14 01:05:30,886 [Listener at 127.0.0.1/43083] INFO  grpc.GrpcConfigKeys (ConfUtils.java:logGet(46)) - raft.grpc.server.heartbeat.channel = true (default)
2022-11-14 01:05:30,886 [Listener at 127.0.0.1/43083] INFO  grpc.GrpcConfigKeys (ConfUtils.java:logGet(46)) - raft.grpc.server.async.request.thread.pool.cached = true (default)
2022-11-14 01:05:30,886 [Listener at 127.0.0.1/43083] INFO  grpc.GrpcConfigKeys (ConfUtils.java:logGet(46)) - raft.grpc.server.async.request.thread.pool.size = 32 (default)
2022-11-14 01:05:30,887 [Listener at 127.0.0.1/43083] INFO  impl.DataStreamServerImpl (ConfUtils.java:logGet(46)) - raft.datastream.type = DISABLED (default)
2022-11-14 01:05:30,888 [Listener at 127.0.0.1/43083] INFO  server.RaftServerConfigKeys (ConfUtils.java:logGet(46)) - raft.server.threadpool.proxy.cached = true (default)
2022-11-14 01:05:30,888 [Listener at 127.0.0.1/43083] INFO  server.RaftServerConfigKeys (ConfUtils.java:logGet(46)) - raft.server.threadpool.proxy.size = 0 (default)
2022-11-14 01:05:30,888 [Listener at 127.0.0.1/43083] INFO  server.RaftServerConfigKeys (ConfUtils.java:logGet(46)) - raft.server.rpc.slowness.timeout = 300s (custom)
2022-11-14 01:05:30,888 [Listener at 127.0.0.1/43083] INFO  server.RaftServerConfigKeys (ConfUtils.java:logGet(46)) - raft.server.leaderelection.leader.step-down.wait-time = 10s (default)
2022-11-14 01:05:30,888 [Listener at 127.0.0.1/43083] INFO  server.RaftServerConfigKeys (ConfUtils.java:logGet(46)) - raft.server.storage.dir = [/home/runner/work/ozone/ozone/hadoop-ozone/integration-test/target/test-dir/MiniOzoneClusterImpl-533bbe47-9fe4-4f83-8a40-bf54ddc9168f/datanode-5/data/ratis] (custom)
2022-11-14 01:05:30,892 [Listener at 127.0.0.1/43083] INFO  server.XceiverServerGrpc (XceiverServerGrpc.java:<init>(132)) - GrpcServer channel type EpollServerSocketChannel
2022-11-14 01:05:30,896 [Listener at 127.0.0.1/43083] INFO  http.BaseHttpServer (BaseHttpServer.java:newHttpServer2BuilderForOzone(213)) - Starting Web-server for hddsDatanode at: http://0.0.0.0:0
2022-11-14 01:05:30,896 [Listener at 127.0.0.1/43083] INFO  http.BaseHttpServer (BaseHttpServer.java:<init>(108)) - Hadoop Security Enabled: false Ozone Security Enabled: false Ozone HTTP Security Enabled: false 
2022-11-14 01:05:30,897 [Listener at 127.0.0.1/43083] WARN  server.AuthenticationFilter (AuthenticationFilter.java:constructSecretProvider(240)) - Unable to initialize FileSignerSecretProvider, falling back to use random secrets. Reason: Could not read signature secret file: /home/runner/hadoop-http-auth-signature-secret
2022-11-14 01:05:30,900 [Listener at 127.0.0.1/43083] WARN  http.HttpRequestLog (HttpRequestLog.java:getRequestLog(103)) - Jetty request log can only be enabled using Log4j
2022-11-14 01:05:30,901 [Listener at 127.0.0.1/43083] INFO  http.HttpServer2 (HttpServer2.java:addGlobalFilter(1031)) - Added global filter 'safety' (class=org.apache.hadoop.hdds.server.http.HttpServer2$QuotingInputFilter)
2022-11-14 01:05:30,901 [Listener at 127.0.0.1/43083] INFO  http.HttpServer2 (HttpServer2.java:addFilter(1007)) - Added filter static_user_filter (class=org.apache.hadoop.http.lib.StaticUserWebFilter$StaticUserFilter) to context hddsDatanode
2022-11-14 01:05:30,902 [Listener at 127.0.0.1/43083] INFO  http.HttpServer2 (HttpServer2.java:addFilter(1015)) - Added filter static_user_filter (class=org.apache.hadoop.http.lib.StaticUserWebFilter$StaticUserFilter) to context static
2022-11-14 01:05:30,902 [Listener at 127.0.0.1/43083] INFO  http.HttpServer2 (HttpServer2.java:addFilter(1015)) - Added filter static_user_filter (class=org.apache.hadoop.http.lib.StaticUserWebFilter$StaticUserFilter) to context logs
2022-11-14 01:05:30,902 [Listener at 127.0.0.1/43083] INFO  http.HttpServer2 (HttpServer2.java:bindListener(1250)) - Jetty bound to port 39791
2022-11-14 01:05:30,902 [Listener at 127.0.0.1/43083] INFO  server.Server (Server.java:doStart(375)) - jetty-9.4.49.v20220914; built: 2022-09-14T01:07:36.601Z; git: 4231a3b2e4cb8548a412a789936d640a97b1aa0a; jvm 1.8.0_345-b01
2022-11-14 01:05:30,905 [Listener at 127.0.0.1/43083] INFO  server.session (DefaultSessionIdManager.java:doStart(334)) - DefaultSessionIdManager workerName=node0
2022-11-14 01:05:30,905 [Listener at 127.0.0.1/43083] INFO  server.session (DefaultSessionIdManager.java:doStart(339)) - No SessionScavenger set, using defaults
2022-11-14 01:05:30,905 [Listener at 127.0.0.1/43083] INFO  server.session (HouseKeeper.java:startScavenging(132)) - node0 Scavenging every 600000ms
2022-11-14 01:05:30,906 [Listener at 127.0.0.1/43083] INFO  handler.ContextHandler (ContextHandler.java:doStart(921)) - Started o.e.j.s.ServletContextHandler@3ed2983b{logs,/logs,file:///home/runner/work/ozone/ozone/hadoop-ozone/integration-test/target/log,AVAILABLE}
2022-11-14 01:05:30,906 [Listener at 127.0.0.1/43083] INFO  handler.ContextHandler (ContextHandler.java:doStart(921)) - Started o.e.j.s.ServletContextHandler@14f96a7c{static,/static,jar:file:/home/runner/.m2/repository/org/apache/ozone/hdds-container-service/1.3.0-SNAPSHOT/hdds-container-service-1.3.0-SNAPSHOT.jar!/webapps/static,AVAILABLE}
2022-11-14 01:05:31,068 [Listener at 127.0.0.1/43083] INFO  handler.ContextHandler (ContextHandler.java:doStart(921)) - Started o.e.j.w.WebAppContext@326b9b05{hddsDatanode,/,file:///tmp/jetty-0_0_0_0-39791-hdds-container-service-1_3_0-SNAPSHOT_jar-_-any-1837027734440140933/webapp/,AVAILABLE}{jar:file:/home/runner/.m2/repository/org/apache/ozone/hdds-container-service/1.3.0-SNAPSHOT/hdds-container-service-1.3.0-SNAPSHOT.jar!/webapps/hddsDatanode}
2022-11-14 01:05:31,070 [Listener at 127.0.0.1/43083] INFO  server.AbstractConnector (AbstractConnector.java:doStart(333)) - Started ServerConnector@6f886e9b{HTTP/1.1, (http/1.1)}{0.0.0.0:39791}
2022-11-14 01:05:31,070 [Listener at 127.0.0.1/43083] INFO  server.Server (Server.java:doStart(415)) - Started @76813ms
2022-11-14 01:05:31,070 [Listener at 127.0.0.1/43083] WARN  impl.MetricsSystemImpl (MetricsSystemImpl.java:register(279)) - Sink prometheus already exists!
2022-11-14 01:05:31,071 [Listener at 127.0.0.1/43083] INFO  http.BaseHttpServer (BaseHttpServer.java:updateConnectorAddress(333)) - HTTP server of hddsDatanode listening at http://0.0.0.0:39791
2022-11-14 01:05:31,072 [Listener at 127.0.0.1/43083] INFO  ozone.MiniOzoneClusterImpl (MiniOzoneClusterImpl.java:lambda$waitForClusterToBeReady$0(216)) - Waiting for nodes to be ready. Got 0 of 6 DN Heartbeats.
2022-11-14 01:05:31,072 [Listener at 127.0.0.1/43083] INFO  ozone.MiniOzoneClusterImpl (MiniOzoneClusterImpl.java:lambda$waitForClusterToBeReady$0(219)) - Waiting for cluster to exit safe mode
2022-11-14 01:05:31,072 [Listener at 127.0.0.1/43083] INFO  ozone.MiniOzoneClusterImpl (MiniOzoneClusterImpl.java:lambda$waitForClusterToBeReady$0(221)) - SCM became leader
2022-11-14 01:05:31,073 [Datanode State Machine Daemon Thread] INFO  statemachine.DatanodeStateMachine (DatanodeStateMachine.java:lambda$startDaemon$0(505)) - Ozone container server started.
2022-11-14 01:05:31,084 [org.apache.hadoop.util.JvmPauseMonitor$Monitor@4e3dbb02] INFO  util.JvmPauseMonitor (JvmPauseMonitor.java:run(188)) - Starting JVM pause monitor
2022-11-14 01:05:31,085 [Datanode State Machine Task Thread - 0] INFO  datanode.InitDatanodeState (InitDatanodeState.java:persistContainerDatanodeDetails(138)) - DatanodeDetails is persisted to /home/runner/work/ozone/ozone/hadoop-ozone/integration-test/target/test-dir/MiniOzoneClusterImpl-533bbe47-9fe4-4f83-8a40-bf54ddc9168f/datanode-5/meta/datanode.id
2022-11-14 01:05:31,581 [EndpointStateMachine task thread for /0.0.0.0:43615 - 0 ] INFO  utils.DatanodeStoreCache (DatanodeStoreCache.java:addDB(58)) - Added db /home/runner/work/ozone/ozone/hadoop-ozone/integration-test/target/test-dir/MiniOzoneClusterImpl-533bbe47-9fe4-4f83-8a40-bf54ddc9168f/datanode-0/data-0/containers/hdds/533bbe47-9fe4-4f83-8a40-bf54ddc9168f/DS-d329312a-b5d5-4c5c-a2d6-b55d40936615/container.db to cache
2022-11-14 01:05:31,582 [EndpointStateMachine task thread for /0.0.0.0:43615 - 0 ] INFO  volume.HddsVolume (HddsVolume.java:createDbStore(307)) - SchemaV3 db is created and loaded at /home/runner/work/ozone/ozone/hadoop-ozone/integration-test/target/test-dir/MiniOzoneClusterImpl-533bbe47-9fe4-4f83-8a40-bf54ddc9168f/datanode-0/data-0/containers/hdds/533bbe47-9fe4-4f83-8a40-bf54ddc9168f/DS-d329312a-b5d5-4c5c-a2d6-b55d40936615/container.db for volume DS-d329312a-b5d5-4c5c-a2d6-b55d40936615
2022-11-14 01:05:31,582 [EndpointStateMachine task thread for /0.0.0.0:43615 - 0 ] INFO  ozoneimpl.OzoneContainer (OzoneContainer.java:start(378)) - Attempting to start container services.
2022-11-14 01:05:31,582 [EndpointStateMachine task thread for /0.0.0.0:43615 - 0 ] INFO  ozoneimpl.OzoneContainer (OzoneContainer.java:startContainerScrub(313)) - Background container scanner has been disabled.
2022-11-14 01:05:31,585 [EndpointStateMachine task thread for /0.0.0.0:43615 - 0 ] INFO  replication.ReplicationServer (ReplicationServer.java:start(111)) - ReplicationServer is started using port 41983
2022-11-14 01:05:31,585 [EndpointStateMachine task thread for /0.0.0.0:43615 - 0 ] INFO  ratis.XceiverServerRatis (XceiverServerRatis.java:start(481)) - Starting XceiverServerRatis 0fc4731f-baaf-4631-bdc3-d8623c212dbb
2022-11-14 01:05:31,586 [EndpointStateMachine task thread for /0.0.0.0:43615 - 0 ] INFO  server.RaftServer (RaftServerProxy.java:startImpl(393)) - 0fc4731f-baaf-4631-bdc3-d8623c212dbb: start RPC server
2022-11-14 01:05:31,587 [EndpointStateMachine task thread for /0.0.0.0:43615 - 0 ] INFO  server.GrpcService (GrpcService.java:startImpl(270)) - 0fc4731f-baaf-4631-bdc3-d8623c212dbb: GrpcService started, listening on 44873
2022-11-14 01:05:31,588 [EndpointStateMachine task thread for /0.0.0.0:43615 - 0 ] INFO  ratis.XceiverServerRatis (XceiverServerRatis.java:getRealPort(502)) - XceiverServerRatis 0fc4731f-baaf-4631-bdc3-d8623c212dbb is started using port 44873 for RATIS
2022-11-14 01:05:31,588 [JvmPauseMonitor12] INFO  util.JvmPauseMonitor (JvmPauseMonitor.java:run(105)) - JvmPauseMonitor-0fc4731f-baaf-4631-bdc3-d8623c212dbb: Started
2022-11-14 01:05:31,588 [EndpointStateMachine task thread for /0.0.0.0:43615 - 0 ] INFO  ratis.XceiverServerRatis (XceiverServerRatis.java:getRealPort(502)) - XceiverServerRatis 0fc4731f-baaf-4631-bdc3-d8623c212dbb is started using port 44873 for RATIS_ADMIN
2022-11-14 01:05:31,588 [EndpointStateMachine task thread for /0.0.0.0:43615 - 0 ] INFO  ratis.XceiverServerRatis (XceiverServerRatis.java:getRealPort(502)) - XceiverServerRatis 0fc4731f-baaf-4631-bdc3-d8623c212dbb is started using port 44873 for RATIS_SERVER
2022-11-14 01:05:31,590 [EndpointStateMachine task thread for /0.0.0.0:43615 - 0 ] INFO  server.XceiverServerGrpc (XceiverServerGrpc.java:start(180)) - XceiverServerGrpc 0fc4731f-baaf-4631-bdc3-d8623c212dbb is started using port 39705
2022-11-14 01:05:31,896 [EndpointStateMachine task thread for /0.0.0.0:43615 - 0 ] INFO  utils.DatanodeStoreCache (DatanodeStoreCache.java:addDB(58)) - Added db /home/runner/work/ozone/ozone/hadoop-ozone/integration-test/target/test-dir/MiniOzoneClusterImpl-533bbe47-9fe4-4f83-8a40-bf54ddc9168f/datanode-1/data-0/containers/hdds/533bbe47-9fe4-4f83-8a40-bf54ddc9168f/DS-ec931902-ceb2-47b1-b582-333ec2436fe4/container.db to cache
2022-11-14 01:05:31,896 [EndpointStateMachine task thread for /0.0.0.0:43615 - 0 ] INFO  volume.HddsVolume (HddsVolume.java:createDbStore(307)) - SchemaV3 db is created and loaded at /home/runner/work/ozone/ozone/hadoop-ozone/integration-test/target/test-dir/MiniOzoneClusterImpl-533bbe47-9fe4-4f83-8a40-bf54ddc9168f/datanode-1/data-0/containers/hdds/533bbe47-9fe4-4f83-8a40-bf54ddc9168f/DS-ec931902-ceb2-47b1-b582-333ec2436fe4/container.db for volume DS-ec931902-ceb2-47b1-b582-333ec2436fe4
2022-11-14 01:05:31,896 [EndpointStateMachine task thread for /0.0.0.0:43615 - 0 ] INFO  ozoneimpl.OzoneContainer (OzoneContainer.java:start(378)) - Attempting to start container services.
2022-11-14 01:05:31,897 [EndpointStateMachine task thread for /0.0.0.0:43615 - 0 ] INFO  ozoneimpl.OzoneContainer (OzoneContainer.java:startContainerScrub(313)) - Background container scanner has been disabled.
2022-11-14 01:05:31,898 [EndpointStateMachine task thread for /0.0.0.0:43615 - 0 ] INFO  replication.ReplicationServer (ReplicationServer.java:start(111)) - ReplicationServer is started using port 36681
2022-11-14 01:05:31,899 [EndpointStateMachine task thread for /0.0.0.0:43615 - 0 ] INFO  ratis.XceiverServerRatis (XceiverServerRatis.java:start(481)) - Starting XceiverServerRatis 52da76b7-c1ad-453e-bf88-2b0b77429b8d
2022-11-14 01:05:31,899 [EndpointStateMachine task thread for /0.0.0.0:43615 - 0 ] INFO  server.RaftServer (RaftServerProxy.java:startImpl(393)) - 52da76b7-c1ad-453e-bf88-2b0b77429b8d: start RPC server
2022-11-14 01:05:31,901 [EndpointStateMachine task thread for /0.0.0.0:43615 - 0 ] INFO  server.GrpcService (GrpcService.java:startImpl(270)) - 52da76b7-c1ad-453e-bf88-2b0b77429b8d: GrpcService started, listening on 45707
2022-11-14 01:05:31,901 [EndpointStateMachine task thread for /0.0.0.0:43615 - 0 ] INFO  ratis.XceiverServerRatis (XceiverServerRatis.java:getRealPort(502)) - XceiverServerRatis 52da76b7-c1ad-453e-bf88-2b0b77429b8d is started using port 45707 for RATIS
2022-11-14 01:05:31,901 [JvmPauseMonitor13] INFO  util.JvmPauseMonitor (JvmPauseMonitor.java:run(105)) - JvmPauseMonitor-52da76b7-c1ad-453e-bf88-2b0b77429b8d: Started
2022-11-14 01:05:31,901 [EndpointStateMachine task thread for /0.0.0.0:43615 - 0 ] INFO  ratis.XceiverServerRatis (XceiverServerRatis.java:getRealPort(502)) - XceiverServerRatis 52da76b7-c1ad-453e-bf88-2b0b77429b8d is started using port 45707 for RATIS_ADMIN
2022-11-14 01:05:31,901 [EndpointStateMachine task thread for /0.0.0.0:43615 - 0 ] INFO  ratis.XceiverServerRatis (XceiverServerRatis.java:getRealPort(502)) - XceiverServerRatis 52da76b7-c1ad-453e-bf88-2b0b77429b8d is started using port 45707 for RATIS_SERVER
2022-11-14 01:05:31,905 [EndpointStateMachine task thread for /0.0.0.0:43615 - 0 ] INFO  server.XceiverServerGrpc (XceiverServerGrpc.java:start(180)) - XceiverServerGrpc 52da76b7-c1ad-453e-bf88-2b0b77429b8d is started using port 39579
2022-11-14 01:05:32,073 [Listener at 127.0.0.1/43083] INFO  ozone.MiniOzoneClusterImpl (MiniOzoneClusterImpl.java:lambda$waitForClusterToBeReady$0(216)) - Waiting for nodes to be ready. Got 0 of 6 DN Heartbeats.
2022-11-14 01:05:32,073 [Listener at 127.0.0.1/43083] INFO  ozone.MiniOzoneClusterImpl (MiniOzoneClusterImpl.java:lambda$waitForClusterToBeReady$0(219)) - Waiting for cluster to exit safe mode
2022-11-14 01:05:32,073 [Listener at 127.0.0.1/43083] INFO  ozone.MiniOzoneClusterImpl (MiniOzoneClusterImpl.java:lambda$waitForClusterToBeReady$0(221)) - SCM became leader
2022-11-14 01:05:32,177 [EndpointStateMachine task thread for /0.0.0.0:43615 - 0 ] INFO  utils.DatanodeStoreCache (DatanodeStoreCache.java:addDB(58)) - Added db /home/runner/work/ozone/ozone/hadoop-ozone/integration-test/target/test-dir/MiniOzoneClusterImpl-533bbe47-9fe4-4f83-8a40-bf54ddc9168f/datanode-2/data-0/containers/hdds/533bbe47-9fe4-4f83-8a40-bf54ddc9168f/DS-e9fbaed7-584a-4b58-9185-da84df1912ad/container.db to cache
2022-11-14 01:05:32,177 [EndpointStateMachine task thread for /0.0.0.0:43615 - 0 ] INFO  volume.HddsVolume (HddsVolume.java:createDbStore(307)) - SchemaV3 db is created and loaded at /home/runner/work/ozone/ozone/hadoop-ozone/integration-test/target/test-dir/MiniOzoneClusterImpl-533bbe47-9fe4-4f83-8a40-bf54ddc9168f/datanode-2/data-0/containers/hdds/533bbe47-9fe4-4f83-8a40-bf54ddc9168f/DS-e9fbaed7-584a-4b58-9185-da84df1912ad/container.db for volume DS-e9fbaed7-584a-4b58-9185-da84df1912ad
2022-11-14 01:05:32,177 [EndpointStateMachine task thread for /0.0.0.0:43615 - 0 ] INFO  ozoneimpl.OzoneContainer (OzoneContainer.java:start(378)) - Attempting to start container services.
2022-11-14 01:05:32,177 [EndpointStateMachine task thread for /0.0.0.0:43615 - 0 ] INFO  ozoneimpl.OzoneContainer (OzoneContainer.java:startContainerScrub(313)) - Background container scanner has been disabled.
2022-11-14 01:05:32,182 [EndpointStateMachine task thread for /0.0.0.0:43615 - 0 ] INFO  replication.ReplicationServer (ReplicationServer.java:start(111)) - ReplicationServer is started using port 36557
2022-11-14 01:05:32,182 [EndpointStateMachine task thread for /0.0.0.0:43615 - 0 ] INFO  ratis.XceiverServerRatis (XceiverServerRatis.java:start(481)) - Starting XceiverServerRatis 036f6f39-f91a-40c8-a1f5-620aa24a6690
2022-11-14 01:05:32,183 [EndpointStateMachine task thread for /0.0.0.0:43615 - 0 ] INFO  server.RaftServer (RaftServerProxy.java:startImpl(393)) - 036f6f39-f91a-40c8-a1f5-620aa24a6690: start RPC server
2022-11-14 01:05:32,185 [EndpointStateMachine task thread for /0.0.0.0:43615 - 0 ] INFO  server.GrpcService (GrpcService.java:startImpl(270)) - 036f6f39-f91a-40c8-a1f5-620aa24a6690: GrpcService started, listening on 37265
2022-11-14 01:05:32,186 [EndpointStateMachine task thread for /0.0.0.0:43615 - 0 ] INFO  ratis.XceiverServerRatis (XceiverServerRatis.java:getRealPort(502)) - XceiverServerRatis 036f6f39-f91a-40c8-a1f5-620aa24a6690 is started using port 37265 for RATIS
2022-11-14 01:05:32,186 [EndpointStateMachine task thread for /0.0.0.0:43615 - 0 ] INFO  ratis.XceiverServerRatis (XceiverServerRatis.java:getRealPort(502)) - XceiverServerRatis 036f6f39-f91a-40c8-a1f5-620aa24a6690 is started using port 37265 for RATIS_ADMIN
2022-11-14 01:05:32,186 [JvmPauseMonitor14] INFO  util.JvmPauseMonitor (JvmPauseMonitor.java:run(105)) - JvmPauseMonitor-036f6f39-f91a-40c8-a1f5-620aa24a6690: Started
2022-11-14 01:05:32,186 [EndpointStateMachine task thread for /0.0.0.0:43615 - 0 ] INFO  ratis.XceiverServerRatis (XceiverServerRatis.java:getRealPort(502)) - XceiverServerRatis 036f6f39-f91a-40c8-a1f5-620aa24a6690 is started using port 37265 for RATIS_SERVER
2022-11-14 01:05:32,189 [EndpointStateMachine task thread for /0.0.0.0:43615 - 0 ] INFO  server.XceiverServerGrpc (XceiverServerGrpc.java:start(180)) - XceiverServerGrpc 036f6f39-f91a-40c8-a1f5-620aa24a6690 is started using port 38797
2022-11-14 01:05:32,517 [EndpointStateMachine task thread for /0.0.0.0:43615 - 0 ] INFO  utils.DatanodeStoreCache (DatanodeStoreCache.java:addDB(58)) - Added db /home/runner/work/ozone/ozone/hadoop-ozone/integration-test/target/test-dir/MiniOzoneClusterImpl-533bbe47-9fe4-4f83-8a40-bf54ddc9168f/datanode-3/data-0/containers/hdds/533bbe47-9fe4-4f83-8a40-bf54ddc9168f/DS-dfa45d2d-187b-44ea-a48a-c59f4271c22d/container.db to cache
2022-11-14 01:05:32,517 [EndpointStateMachine task thread for /0.0.0.0:43615 - 0 ] INFO  volume.HddsVolume (HddsVolume.java:createDbStore(307)) - SchemaV3 db is created and loaded at /home/runner/work/ozone/ozone/hadoop-ozone/integration-test/target/test-dir/MiniOzoneClusterImpl-533bbe47-9fe4-4f83-8a40-bf54ddc9168f/datanode-3/data-0/containers/hdds/533bbe47-9fe4-4f83-8a40-bf54ddc9168f/DS-dfa45d2d-187b-44ea-a48a-c59f4271c22d/container.db for volume DS-dfa45d2d-187b-44ea-a48a-c59f4271c22d
2022-11-14 01:05:32,519 [EndpointStateMachine task thread for /0.0.0.0:43615 - 0 ] INFO  ozoneimpl.OzoneContainer (OzoneContainer.java:start(378)) - Attempting to start container services.
2022-11-14 01:05:32,519 [EndpointStateMachine task thread for /0.0.0.0:43615 - 0 ] INFO  ozoneimpl.OzoneContainer (OzoneContainer.java:startContainerScrub(313)) - Background container scanner has been disabled.
2022-11-14 01:05:32,521 [EndpointStateMachine task thread for /0.0.0.0:43615 - 0 ] INFO  replication.ReplicationServer (ReplicationServer.java:start(111)) - ReplicationServer is started using port 38899
2022-11-14 01:05:32,522 [EndpointStateMachine task thread for /0.0.0.0:43615 - 0 ] INFO  ratis.XceiverServerRatis (XceiverServerRatis.java:start(481)) - Starting XceiverServerRatis 5580caa2-355e-4705-b703-b3b115bf5f47
2022-11-14 01:05:32,522 [EndpointStateMachine task thread for /0.0.0.0:43615 - 0 ] INFO  server.RaftServer (RaftServerProxy.java:startImpl(393)) - 5580caa2-355e-4705-b703-b3b115bf5f47: start RPC server
2022-11-14 01:05:32,524 [EndpointStateMachine task thread for /0.0.0.0:43615 - 0 ] INFO  server.GrpcService (GrpcService.java:startImpl(270)) - 5580caa2-355e-4705-b703-b3b115bf5f47: GrpcService started, listening on 42291
2022-11-14 01:05:32,524 [EndpointStateMachine task thread for /0.0.0.0:43615 - 0 ] INFO  ratis.XceiverServerRatis (XceiverServerRatis.java:getRealPort(502)) - XceiverServerRatis 5580caa2-355e-4705-b703-b3b115bf5f47 is started using port 42291 for RATIS
2022-11-14 01:05:32,524 [JvmPauseMonitor15] INFO  util.JvmPauseMonitor (JvmPauseMonitor.java:run(105)) - JvmPauseMonitor-5580caa2-355e-4705-b703-b3b115bf5f47: Started
2022-11-14 01:05:32,524 [EndpointStateMachine task thread for /0.0.0.0:43615 - 0 ] INFO  ratis.XceiverServerRatis (XceiverServerRatis.java:getRealPort(502)) - XceiverServerRatis 5580caa2-355e-4705-b703-b3b115bf5f47 is started using port 42291 for RATIS_ADMIN
2022-11-14 01:05:32,524 [EndpointStateMachine task thread for /0.0.0.0:43615 - 0 ] INFO  ratis.XceiverServerRatis (XceiverServerRatis.java:getRealPort(502)) - XceiverServerRatis 5580caa2-355e-4705-b703-b3b115bf5f47 is started using port 42291 for RATIS_SERVER
2022-11-14 01:05:32,526 [EndpointStateMachine task thread for /0.0.0.0:43615 - 0 ] INFO  server.XceiverServerGrpc (XceiverServerGrpc.java:start(180)) - XceiverServerGrpc 5580caa2-355e-4705-b703-b3b115bf5f47 is started using port 41959
2022-11-14 01:05:32,803 [EndpointStateMachine task thread for /0.0.0.0:43615 - 0 ] INFO  utils.DatanodeStoreCache (DatanodeStoreCache.java:addDB(58)) - Added db /home/runner/work/ozone/ozone/hadoop-ozone/integration-test/target/test-dir/MiniOzoneClusterImpl-533bbe47-9fe4-4f83-8a40-bf54ddc9168f/datanode-4/data-0/containers/hdds/533bbe47-9fe4-4f83-8a40-bf54ddc9168f/DS-2c2928f2-cfc1-40c8-8c5a-617abeecc26b/container.db to cache
2022-11-14 01:05:32,803 [EndpointStateMachine task thread for /0.0.0.0:43615 - 0 ] INFO  volume.HddsVolume (HddsVolume.java:createDbStore(307)) - SchemaV3 db is created and loaded at /home/runner/work/ozone/ozone/hadoop-ozone/integration-test/target/test-dir/MiniOzoneClusterImpl-533bbe47-9fe4-4f83-8a40-bf54ddc9168f/datanode-4/data-0/containers/hdds/533bbe47-9fe4-4f83-8a40-bf54ddc9168f/DS-2c2928f2-cfc1-40c8-8c5a-617abeecc26b/container.db for volume DS-2c2928f2-cfc1-40c8-8c5a-617abeecc26b
2022-11-14 01:05:32,804 [EndpointStateMachine task thread for /0.0.0.0:43615 - 0 ] INFO  ozoneimpl.OzoneContainer (OzoneContainer.java:start(378)) - Attempting to start container services.
2022-11-14 01:05:32,804 [EndpointStateMachine task thread for /0.0.0.0:43615 - 0 ] INFO  ozoneimpl.OzoneContainer (OzoneContainer.java:startContainerScrub(313)) - Background container scanner has been disabled.
2022-11-14 01:05:32,806 [EndpointStateMachine task thread for /0.0.0.0:43615 - 0 ] INFO  replication.ReplicationServer (ReplicationServer.java:start(111)) - ReplicationServer is started using port 46733
2022-11-14 01:05:32,806 [EndpointStateMachine task thread for /0.0.0.0:43615 - 0 ] INFO  ratis.XceiverServerRatis (XceiverServerRatis.java:start(481)) - Starting XceiverServerRatis 0803b3f8-d7a7-4034-819c-d574a53cd8d2
2022-11-14 01:05:32,807 [EndpointStateMachine task thread for /0.0.0.0:43615 - 0 ] INFO  server.RaftServer (RaftServerProxy.java:startImpl(393)) - 0803b3f8-d7a7-4034-819c-d574a53cd8d2: start RPC server
2022-11-14 01:05:32,809 [EndpointStateMachine task thread for /0.0.0.0:43615 - 0 ] INFO  server.GrpcService (GrpcService.java:startImpl(270)) - 0803b3f8-d7a7-4034-819c-d574a53cd8d2: GrpcService started, listening on 46295
2022-11-14 01:05:32,810 [EndpointStateMachine task thread for /0.0.0.0:43615 - 0 ] INFO  ratis.XceiverServerRatis (XceiverServerRatis.java:getRealPort(502)) - XceiverServerRatis 0803b3f8-d7a7-4034-819c-d574a53cd8d2 is started using port 46295 for RATIS
2022-11-14 01:05:32,810 [JvmPauseMonitor16] INFO  util.JvmPauseMonitor (JvmPauseMonitor.java:run(105)) - JvmPauseMonitor-0803b3f8-d7a7-4034-819c-d574a53cd8d2: Started
2022-11-14 01:05:32,810 [EndpointStateMachine task thread for /0.0.0.0:43615 - 0 ] INFO  ratis.XceiverServerRatis (XceiverServerRatis.java:getRealPort(502)) - XceiverServerRatis 0803b3f8-d7a7-4034-819c-d574a53cd8d2 is started using port 46295 for RATIS_ADMIN
2022-11-14 01:05:32,810 [EndpointStateMachine task thread for /0.0.0.0:43615 - 0 ] INFO  ratis.XceiverServerRatis (XceiverServerRatis.java:getRealPort(502)) - XceiverServerRatis 0803b3f8-d7a7-4034-819c-d574a53cd8d2 is started using port 46295 for RATIS_SERVER
2022-11-14 01:05:32,813 [EndpointStateMachine task thread for /0.0.0.0:43615 - 0 ] INFO  server.XceiverServerGrpc (XceiverServerGrpc.java:start(180)) - XceiverServerGrpc 0803b3f8-d7a7-4034-819c-d574a53cd8d2 is started using port 46387
2022-11-14 01:05:33,073 [Listener at 127.0.0.1/43083] INFO  ozone.MiniOzoneClusterImpl (MiniOzoneClusterImpl.java:lambda$waitForClusterToBeReady$0(216)) - Waiting for nodes to be ready. Got 0 of 6 DN Heartbeats.
2022-11-14 01:05:33,074 [Listener at 127.0.0.1/43083] INFO  ozone.MiniOzoneClusterImpl (MiniOzoneClusterImpl.java:lambda$waitForClusterToBeReady$0(219)) - Waiting for cluster to exit safe mode
2022-11-14 01:05:33,074 [Listener at 127.0.0.1/43083] INFO  ozone.MiniOzoneClusterImpl (MiniOzoneClusterImpl.java:lambda$waitForClusterToBeReady$0(221)) - SCM became leader
2022-11-14 01:05:33,109 [EndpointStateMachine task thread for /0.0.0.0:43615 - 0 ] INFO  utils.DatanodeStoreCache (DatanodeStoreCache.java:addDB(58)) - Added db /home/runner/work/ozone/ozone/hadoop-ozone/integration-test/target/test-dir/MiniOzoneClusterImpl-533bbe47-9fe4-4f83-8a40-bf54ddc9168f/datanode-5/data-0/containers/hdds/533bbe47-9fe4-4f83-8a40-bf54ddc9168f/DS-a72a9cd3-3fd7-447b-9206-cf7d7613fdb9/container.db to cache
2022-11-14 01:05:33,109 [EndpointStateMachine task thread for /0.0.0.0:43615 - 0 ] INFO  volume.HddsVolume (HddsVolume.java:createDbStore(307)) - SchemaV3 db is created and loaded at /home/runner/work/ozone/ozone/hadoop-ozone/integration-test/target/test-dir/MiniOzoneClusterImpl-533bbe47-9fe4-4f83-8a40-bf54ddc9168f/datanode-5/data-0/containers/hdds/533bbe47-9fe4-4f83-8a40-bf54ddc9168f/DS-a72a9cd3-3fd7-447b-9206-cf7d7613fdb9/container.db for volume DS-a72a9cd3-3fd7-447b-9206-cf7d7613fdb9
2022-11-14 01:05:33,109 [EndpointStateMachine task thread for /0.0.0.0:43615 - 0 ] INFO  ozoneimpl.OzoneContainer (OzoneContainer.java:start(378)) - Attempting to start container services.
2022-11-14 01:05:33,109 [EndpointStateMachine task thread for /0.0.0.0:43615 - 0 ] INFO  ozoneimpl.OzoneContainer (OzoneContainer.java:startContainerScrub(313)) - Background container scanner has been disabled.
2022-11-14 01:05:33,112 [EndpointStateMachine task thread for /0.0.0.0:43615 - 0 ] INFO  replication.ReplicationServer (ReplicationServer.java:start(111)) - ReplicationServer is started using port 39295
2022-11-14 01:05:33,112 [EndpointStateMachine task thread for /0.0.0.0:43615 - 0 ] INFO  ratis.XceiverServerRatis (XceiverServerRatis.java:start(481)) - Starting XceiverServerRatis e47c0d7c-1c57-43cf-a038-4c1ee28029c6
2022-11-14 01:05:33,113 [EndpointStateMachine task thread for /0.0.0.0:43615 - 0 ] INFO  server.RaftServer (RaftServerProxy.java:startImpl(393)) - e47c0d7c-1c57-43cf-a038-4c1ee28029c6: start RPC server
2022-11-14 01:05:33,115 [EndpointStateMachine task thread for /0.0.0.0:43615 - 0 ] INFO  server.GrpcService (GrpcService.java:startImpl(270)) - e47c0d7c-1c57-43cf-a038-4c1ee28029c6: GrpcService started, listening on 39237
2022-11-14 01:05:33,116 [EndpointStateMachine task thread for /0.0.0.0:43615 - 0 ] INFO  ratis.XceiverServerRatis (XceiverServerRatis.java:getRealPort(502)) - XceiverServerRatis e47c0d7c-1c57-43cf-a038-4c1ee28029c6 is started using port 39237 for RATIS
2022-11-14 01:05:33,116 [JvmPauseMonitor17] INFO  util.JvmPauseMonitor (JvmPauseMonitor.java:run(105)) - JvmPauseMonitor-e47c0d7c-1c57-43cf-a038-4c1ee28029c6: Started
2022-11-14 01:05:33,116 [EndpointStateMachine task thread for /0.0.0.0:43615 - 0 ] INFO  ratis.XceiverServerRatis (XceiverServerRatis.java:getRealPort(502)) - XceiverServerRatis e47c0d7c-1c57-43cf-a038-4c1ee28029c6 is started using port 39237 for RATIS_ADMIN
2022-11-14 01:05:33,116 [EndpointStateMachine task thread for /0.0.0.0:43615 - 0 ] INFO  ratis.XceiverServerRatis (XceiverServerRatis.java:getRealPort(502)) - XceiverServerRatis e47c0d7c-1c57-43cf-a038-4c1ee28029c6 is started using port 39237 for RATIS_SERVER
2022-11-14 01:05:33,122 [EndpointStateMachine task thread for /0.0.0.0:43615 - 0 ] INFO  server.XceiverServerGrpc (XceiverServerGrpc.java:start(180)) - XceiverServerGrpc e47c0d7c-1c57-43cf-a038-4c1ee28029c6 is started using port 37461
2022-11-14 01:05:33,552 [IPC Server handler 3 on default port 43615] INFO  net.NetworkTopologyImpl (NetworkTopologyImpl.java:add(112)) - Added a new node: /default-rack/0fc4731f-baaf-4631-bdc3-d8623c212dbb
2022-11-14 01:05:33,552 [IPC Server handler 3 on default port 43615] INFO  node.SCMNodeManager (SCMNodeManager.java:register(397)) - Registered Data node : 0fc4731f-baaf-4631-bdc3-d8623c212dbb{ip: 10.1.0.33, host: fv-az334-552.zg0gw54pbdoexfhqlmz30d51na.gx.internal.cloudapp.net, ports: [REPLICATION=41983, RATIS=44873, RATIS_ADMIN=44873, RATIS_SERVER=44873, STANDALONE=39705], networkLocation: /default-rack, certSerialId: null, persistedOpState: null, persistedOpStateExpiryEpochSec: 0}
2022-11-14 01:05:33,556 [EventQueue-NodeRegistrationContainerReportForContainerSafeModeRule] INFO  safemode.SCMSafeModeManager (SCMSafeModeManager.java:validateSafeModeExitRules(204)) - ContainerSafeModeRule rule is successfully validated
2022-11-14 01:05:33,556 [EventQueue-NodeRegistrationContainerReportForDataNodeSafeModeRule] INFO  safemode.SCMSafeModeManager (DataNodeSafeModeRule.java:process(71)) - SCM in safe mode. 1 DataNodes registered, 3 required.
2022-11-14 01:05:33,563 [EventQueue-NewNodeForNewNodeHandler] INFO  pipeline.BackgroundPipelineCreator (BackgroundPipelineCreator.java:notifyEventTriggered(276)) - trigger a one-shot run on RatisPipelineUtilsThread.
2022-11-14 01:05:33,563 [EventQueue-PipelineReportForOneReplicaPipelineSafeModeRule] INFO  safemode.SCMSafeModeManager (SCMSafeModeManager.java:validateSafeModeExitRules(204)) - AtleastOneDatanodeReportedRule rule is successfully validated
2022-11-14 01:05:33,864 [IPC Server handler 16 on default port 43615] INFO  net.NetworkTopologyImpl (NetworkTopologyImpl.java:add(112)) - Added a new node: /default-rack/52da76b7-c1ad-453e-bf88-2b0b77429b8d
2022-11-14 01:05:33,864 [IPC Server handler 16 on default port 43615] INFO  node.SCMNodeManager (SCMNodeManager.java:register(397)) - Registered Data node : 52da76b7-c1ad-453e-bf88-2b0b77429b8d{ip: 10.1.0.33, host: fv-az334-552.zg0gw54pbdoexfhqlmz30d51na.gx.internal.cloudapp.net, ports: [REPLICATION=36681, RATIS=45707, RATIS_ADMIN=45707, RATIS_SERVER=45707, STANDALONE=39579], networkLocation: /default-rack, certSerialId: null, persistedOpState: null, persistedOpStateExpiryEpochSec: 0}
2022-11-14 01:05:33,865 [EventQueue-NodeRegistrationContainerReportForDataNodeSafeModeRule] INFO  safemode.SCMSafeModeManager (DataNodeSafeModeRule.java:process(71)) - SCM in safe mode. 2 DataNodes registered, 3 required.
2022-11-14 01:05:33,866 [EventQueue-NewNodeForNewNodeHandler] INFO  pipeline.BackgroundPipelineCreator (BackgroundPipelineCreator.java:notifyEventTriggered(276)) - trigger a one-shot run on RatisPipelineUtilsThread.
2022-11-14 01:05:34,074 [Listener at 127.0.0.1/43083] INFO  ozone.MiniOzoneClusterImpl (MiniOzoneClusterImpl.java:lambda$waitForClusterToBeReady$0(216)) - Waiting for nodes to be ready. Got 2 of 6 DN Heartbeats.
2022-11-14 01:05:34,074 [Listener at 127.0.0.1/43083] INFO  ozone.MiniOzoneClusterImpl (MiniOzoneClusterImpl.java:lambda$waitForClusterToBeReady$0(219)) - Waiting for cluster to exit safe mode
2022-11-14 01:05:34,074 [Listener at 127.0.0.1/43083] INFO  ozone.MiniOzoneClusterImpl (MiniOzoneClusterImpl.java:lambda$waitForClusterToBeReady$0(221)) - SCM became leader
2022-11-14 01:05:34,148 [IPC Server handler 0 on default port 43615] INFO  net.NetworkTopologyImpl (NetworkTopologyImpl.java:add(112)) - Added a new node: /default-rack/036f6f39-f91a-40c8-a1f5-620aa24a6690
2022-11-14 01:05:34,148 [IPC Server handler 0 on default port 43615] INFO  node.SCMNodeManager (SCMNodeManager.java:register(397)) - Registered Data node : 036f6f39-f91a-40c8-a1f5-620aa24a6690{ip: 10.1.0.33, host: fv-az334-552.zg0gw54pbdoexfhqlmz30d51na.gx.internal.cloudapp.net, ports: [REPLICATION=36557, RATIS=37265, RATIS_ADMIN=37265, RATIS_SERVER=37265, STANDALONE=38797], networkLocation: /default-rack, certSerialId: null, persistedOpState: null, persistedOpStateExpiryEpochSec: 0}
2022-11-14 01:05:34,149 [EventQueue-NodeRegistrationContainerReportForDataNodeSafeModeRule] INFO  safemode.SCMSafeModeManager (DataNodeSafeModeRule.java:process(71)) - SCM in safe mode. 3 DataNodes registered, 3 required.
2022-11-14 01:05:34,149 [EventQueue-NodeRegistrationContainerReportForDataNodeSafeModeRule] INFO  safemode.SCMSafeModeManager (SCMSafeModeManager.java:validateSafeModeExitRules(204)) - DataNodeSafeModeRule rule is successfully validated
2022-11-14 01:05:34,149 [EventQueue-NodeRegistrationContainerReportForDataNodeSafeModeRule] INFO  safemode.SCMSafeModeManager (SCMSafeModeManager.java:completePreCheck(233)) - All SCM safe mode pre check rules have passed
2022-11-14 01:05:34,149 [EventQueue-NodeRegistrationContainerReportForDataNodeSafeModeRule] WARN  events.EventQueue (EventQueue.java:fireEvent(216)) - No event handler registered for event TypedEvent{payloadType=SafeModeStatus, name='Safe mode status'}
2022-11-14 01:05:34,149 [EventQueue-NodeRegistrationContainerReportForDataNodeSafeModeRule] INFO  ha.SCMContext (SCMContext.java:updateSafeModeStatus(228)) - Update SafeModeStatus from SafeModeStatus{safeModeStatus=true, preCheckPassed=false} to SafeModeStatus{safeModeStatus=true, preCheckPassed=true}.
2022-11-14 01:05:34,149 [EventQueue-NodeRegistrationContainerReportForDataNodeSafeModeRule] INFO  pipeline.BackgroundPipelineCreator (BackgroundPipelineCreator.java:notifyEventTriggered(276)) - trigger a one-shot run on RatisPipelineUtilsThread.
2022-11-14 01:05:34,149 [EventQueue-NewNodeForNewNodeHandler] INFO  pipeline.BackgroundPipelineCreator (BackgroundPipelineCreator.java:notifyEventTriggered(276)) - trigger a one-shot run on RatisPipelineUtilsThread.
2022-11-14 01:05:34,149 [RatisPipelineUtilsThread - 0] INFO  pipeline.RatisPipelineProvider (RatisPipelineProvider.java:lambda$create$0(195)) - Sending CreatePipelineCommand for pipeline:PipelineID=de039221-47f7-4f22-9f5b-76841156c9c1 to datanode:0fc4731f-baaf-4631-bdc3-d8623c212dbb
2022-11-14 01:05:34,150 [RatisPipelineUtilsThread - 0] INFO  pipeline.RatisPipelineProvider (RatisPipelineProvider.java:lambda$create$0(195)) - Sending CreatePipelineCommand for pipeline:PipelineID=de039221-47f7-4f22-9f5b-76841156c9c1 to datanode:52da76b7-c1ad-453e-bf88-2b0b77429b8d
2022-11-14 01:05:34,150 [RatisPipelineUtilsThread - 0] INFO  pipeline.RatisPipelineProvider (RatisPipelineProvider.java:lambda$create$0(195)) - Sending CreatePipelineCommand for pipeline:PipelineID=de039221-47f7-4f22-9f5b-76841156c9c1 to datanode:036f6f39-f91a-40c8-a1f5-620aa24a6690
2022-11-14 01:05:34,151 [RatisPipelineUtilsThread - 0] INFO  pipeline.PipelineStateManagerImpl (PipelineStateManagerImpl.java:addPipeline(103)) - Created pipeline Pipeline[ Id: de039221-47f7-4f22-9f5b-76841156c9c1, Nodes: 0fc4731f-baaf-4631-bdc3-d8623c212dbb{ip: 10.1.0.33, host: fv-az334-552.zg0gw54pbdoexfhqlmz30d51na.gx.internal.cloudapp.net, ports: [REPLICATION=41983, RATIS=44873, RATIS_ADMIN=44873, RATIS_SERVER=44873, STANDALONE=39705], networkLocation: /default-rack, certSerialId: null, persistedOpState: IN_SERVICE, persistedOpStateExpiryEpochSec: 0}52da76b7-c1ad-453e-bf88-2b0b77429b8d{ip: 10.1.0.33, host: fv-az334-552.zg0gw54pbdoexfhqlmz30d51na.gx.internal.cloudapp.net, ports: [REPLICATION=36681, RATIS=45707, RATIS_ADMIN=45707, RATIS_SERVER=45707, STANDALONE=39579], networkLocation: /default-rack, certSerialId: null, persistedOpState: IN_SERVICE, persistedOpStateExpiryEpochSec: 0}036f6f39-f91a-40c8-a1f5-620aa24a6690{ip: 10.1.0.33, host: fv-az334-552.zg0gw54pbdoexfhqlmz30d51na.gx.internal.cloudapp.net, ports: [REPLICATION=36557, RATIS=37265, RATIS_ADMIN=37265, RATIS_SERVER=37265, STANDALONE=38797], networkLocation: /default-rack, certSerialId: null, persistedOpState: IN_SERVICE, persistedOpStateExpiryEpochSec: 0}, ReplicationConfig: RATIS/THREE, State:ALLOCATED, leaderId:, CreationTimestamp2022-11-14T01:05:34.149Z[Etc/UTC]].
2022-11-14 01:05:34,151 [RatisPipelineUtilsThread - 0] INFO  pipeline.RatisPipelineProvider (RatisPipelineProvider.java:lambda$create$0(195)) - Sending CreatePipelineCommand for pipeline:PipelineID=3345ad03-93cf-403e-a863-1579ab3ea12e to datanode:0fc4731f-baaf-4631-bdc3-d8623c212dbb
2022-11-14 01:05:34,151 [RatisPipelineUtilsThread - 0] INFO  pipeline.RatisPipelineProvider (RatisPipelineProvider.java:lambda$create$0(195)) - Sending CreatePipelineCommand for pipeline:PipelineID=3345ad03-93cf-403e-a863-1579ab3ea12e to datanode:52da76b7-c1ad-453e-bf88-2b0b77429b8d
2022-11-14 01:05:34,151 [RatisPipelineUtilsThread - 0] INFO  pipeline.RatisPipelineProvider (RatisPipelineProvider.java:lambda$create$0(195)) - Sending CreatePipelineCommand for pipeline:PipelineID=3345ad03-93cf-403e-a863-1579ab3ea12e to datanode:036f6f39-f91a-40c8-a1f5-620aa24a6690
2022-11-14 01:05:34,152 [RatisPipelineUtilsThread - 0] INFO  pipeline.PipelineStateManagerImpl (PipelineStateManagerImpl.java:addPipeline(103)) - Created pipeline Pipeline[ Id: 3345ad03-93cf-403e-a863-1579ab3ea12e, Nodes: 0fc4731f-baaf-4631-bdc3-d8623c212dbb{ip: 10.1.0.33, host: fv-az334-552.zg0gw54pbdoexfhqlmz30d51na.gx.internal.cloudapp.net, ports: [REPLICATION=41983, RATIS=44873, RATIS_ADMIN=44873, RATIS_SERVER=44873, STANDALONE=39705], networkLocation: /default-rack, certSerialId: null, persistedOpState: IN_SERVICE, persistedOpStateExpiryEpochSec: 0}52da76b7-c1ad-453e-bf88-2b0b77429b8d{ip: 10.1.0.33, host: fv-az334-552.zg0gw54pbdoexfhqlmz30d51na.gx.internal.cloudapp.net, ports: [REPLICATION=36681, RATIS=45707, RATIS_ADMIN=45707, RATIS_SERVER=45707, STANDALONE=39579], networkLocation: /default-rack, certSerialId: null, persistedOpState: IN_SERVICE, persistedOpStateExpiryEpochSec: 0}036f6f39-f91a-40c8-a1f5-620aa24a6690{ip: 10.1.0.33, host: fv-az334-552.zg0gw54pbdoexfhqlmz30d51na.gx.internal.cloudapp.net, ports: [REPLICATION=36557, RATIS=37265, RATIS_ADMIN=37265, RATIS_SERVER=37265, STANDALONE=38797], networkLocation: /default-rack, certSerialId: null, persistedOpState: IN_SERVICE, persistedOpStateExpiryEpochSec: 0}, ReplicationConfig: RATIS/THREE, State:ALLOCATED, leaderId:, CreationTimestamp2022-11-14T01:05:34.151Z[Etc/UTC]].
2022-11-14 01:05:34,152 [RatisPipelineUtilsThread - 0] INFO  pipeline.PipelineManagerImpl (PipelineManagerImpl.java:recordMetricsForPipeline(826)) - Pipeline: PipelineID=3345ad03-93cf-403e-a863-1579ab3ea12e contains same datanodes as previous pipelines: PipelineID=de039221-47f7-4f22-9f5b-76841156c9c1 nodeIds: 0fc4731f-baaf-4631-bdc3-d8623c212dbb, 52da76b7-c1ad-453e-bf88-2b0b77429b8d, 036f6f39-f91a-40c8-a1f5-620aa24a6690
2022-11-14 01:05:34,491 [IPC Server handler 1 on default port 43615] INFO  net.NetworkTopologyImpl (NetworkTopologyImpl.java:add(112)) - Added a new node: /default-rack/5580caa2-355e-4705-b703-b3b115bf5f47
2022-11-14 01:05:34,491 [IPC Server handler 1 on default port 43615] INFO  node.SCMNodeManager (SCMNodeManager.java:register(397)) - Registered Data node : 5580caa2-355e-4705-b703-b3b115bf5f47{ip: 10.1.0.33, host: fv-az334-552.zg0gw54pbdoexfhqlmz30d51na.gx.internal.cloudapp.net, ports: [REPLICATION=38899, RATIS=42291, RATIS_ADMIN=42291, RATIS_SERVER=42291, STANDALONE=41959], networkLocation: /default-rack, certSerialId: null, persistedOpState: null, persistedOpStateExpiryEpochSec: 0}
2022-11-14 01:05:34,492 [EventQueue-NewNodeForNewNodeHandler] INFO  pipeline.BackgroundPipelineCreator (BackgroundPipelineCreator.java:notifyEventTriggered(276)) - trigger a one-shot run on RatisPipelineUtilsThread.
2022-11-14 01:05:34,776 [IPC Server handler 16 on default port 43615] INFO  net.NetworkTopologyImpl (NetworkTopologyImpl.java:add(112)) - Added a new node: /default-rack/0803b3f8-d7a7-4034-819c-d574a53cd8d2
2022-11-14 01:05:34,777 [IPC Server handler 16 on default port 43615] INFO  node.SCMNodeManager (SCMNodeManager.java:register(397)) - Registered Data node : 0803b3f8-d7a7-4034-819c-d574a53cd8d2{ip: 10.1.0.33, host: fv-az334-552.zg0gw54pbdoexfhqlmz30d51na.gx.internal.cloudapp.net, ports: [REPLICATION=46733, RATIS=46295, RATIS_ADMIN=46295, RATIS_SERVER=46295, STANDALONE=46387], networkLocation: /default-rack, certSerialId: null, persistedOpState: null, persistedOpStateExpiryEpochSec: 0}
2022-11-14 01:05:34,778 [EventQueue-NewNodeForNewNodeHandler] INFO  pipeline.BackgroundPipelineCreator (BackgroundPipelineCreator.java:notifyEventTriggered(276)) - trigger a one-shot run on RatisPipelineUtilsThread.
2022-11-14 01:05:35,075 [Listener at 127.0.0.1/43083] INFO  ozone.MiniOzoneClusterImpl (MiniOzoneClusterImpl.java:lambda$waitForClusterToBeReady$0(216)) - Waiting for nodes to be ready. Got 5 of 6 DN Heartbeats.
2022-11-14 01:05:35,075 [Listener at 127.0.0.1/43083] INFO  ozone.MiniOzoneClusterImpl (MiniOzoneClusterImpl.java:lambda$waitForClusterToBeReady$0(219)) - Waiting for cluster to exit safe mode
2022-11-14 01:05:35,075 [Listener at 127.0.0.1/43083] INFO  ozone.MiniOzoneClusterImpl (MiniOzoneClusterImpl.java:lambda$waitForClusterToBeReady$0(221)) - SCM became leader
2022-11-14 01:05:35,083 [IPC Server handler 0 on default port 43615] INFO  net.NetworkTopologyImpl (NetworkTopologyImpl.java:add(112)) - Added a new node: /default-rack/e47c0d7c-1c57-43cf-a038-4c1ee28029c6
2022-11-14 01:05:35,083 [IPC Server handler 0 on default port 43615] INFO  node.SCMNodeManager (SCMNodeManager.java:register(397)) - Registered Data node : e47c0d7c-1c57-43cf-a038-4c1ee28029c6{ip: 10.1.0.33, host: fv-az334-552.zg0gw54pbdoexfhqlmz30d51na.gx.internal.cloudapp.net, ports: [REPLICATION=39295, RATIS=39237, RATIS_ADMIN=39237, RATIS_SERVER=39237, STANDALONE=37461], networkLocation: /default-rack, certSerialId: null, persistedOpState: null, persistedOpStateExpiryEpochSec: 0}
2022-11-14 01:05:35,083 [EventQueue-NewNodeForNewNodeHandler] INFO  pipeline.BackgroundPipelineCreator (BackgroundPipelineCreator.java:notifyEventTriggered(276)) - trigger a one-shot run on RatisPipelineUtilsThread.
2022-11-14 01:05:35,084 [RatisPipelineUtilsThread - 0] INFO  pipeline.RatisPipelineProvider (RatisPipelineProvider.java:lambda$create$0(195)) - Sending CreatePipelineCommand for pipeline:PipelineID=3c4ef238-3691-492e-9e84-5e32bc8487e9 to datanode:0803b3f8-d7a7-4034-819c-d574a53cd8d2
2022-11-14 01:05:35,084 [RatisPipelineUtilsThread - 0] INFO  pipeline.RatisPipelineProvider (RatisPipelineProvider.java:lambda$create$0(195)) - Sending CreatePipelineCommand for pipeline:PipelineID=3c4ef238-3691-492e-9e84-5e32bc8487e9 to datanode:5580caa2-355e-4705-b703-b3b115bf5f47
2022-11-14 01:05:35,084 [RatisPipelineUtilsThread - 0] INFO  pipeline.RatisPipelineProvider (RatisPipelineProvider.java:lambda$create$0(195)) - Sending CreatePipelineCommand for pipeline:PipelineID=3c4ef238-3691-492e-9e84-5e32bc8487e9 to datanode:e47c0d7c-1c57-43cf-a038-4c1ee28029c6
2022-11-14 01:05:35,084 [RatisPipelineUtilsThread - 0] INFO  pipeline.PipelineStateManagerImpl (PipelineStateManagerImpl.java:addPipeline(103)) - Created pipeline Pipeline[ Id: 3c4ef238-3691-492e-9e84-5e32bc8487e9, Nodes: 0803b3f8-d7a7-4034-819c-d574a53cd8d2{ip: 10.1.0.33, host: fv-az334-552.zg0gw54pbdoexfhqlmz30d51na.gx.internal.cloudapp.net, ports: [REPLICATION=46733, RATIS=46295, RATIS_ADMIN=46295, RATIS_SERVER=46295, STANDALONE=46387], networkLocation: /default-rack, certSerialId: null, persistedOpState: IN_SERVICE, persistedOpStateExpiryEpochSec: 0}5580caa2-355e-4705-b703-b3b115bf5f47{ip: 10.1.0.33, host: fv-az334-552.zg0gw54pbdoexfhqlmz30d51na.gx.internal.cloudapp.net, ports: [REPLICATION=38899, RATIS=42291, RATIS_ADMIN=42291, RATIS_SERVER=42291, STANDALONE=41959], networkLocation: /default-rack, certSerialId: null, persistedOpState: IN_SERVICE, persistedOpStateExpiryEpochSec: 0}e47c0d7c-1c57-43cf-a038-4c1ee28029c6{ip: 10.1.0.33, host: fv-az334-552.zg0gw54pbdoexfhqlmz30d51na.gx.internal.cloudapp.net, ports: [REPLICATION=39295, RATIS=39237, RATIS_ADMIN=39237, RATIS_SERVER=39237, STANDALONE=37461], networkLocation: /default-rack, certSerialId: null, persistedOpState: IN_SERVICE, persistedOpStateExpiryEpochSec: 0}, ReplicationConfig: RATIS/THREE, State:ALLOCATED, leaderId:, CreationTimestamp2022-11-14T01:05:35.084Z[Etc/UTC]].
2022-11-14 01:05:35,085 [RatisPipelineUtilsThread - 0] INFO  pipeline.RatisPipelineProvider (RatisPipelineProvider.java:lambda$create$0(195)) - Sending CreatePipelineCommand for pipeline:PipelineID=79432587-0e7b-4106-a466-e7106e4c0f9a to datanode:0803b3f8-d7a7-4034-819c-d574a53cd8d2
2022-11-14 01:05:35,085 [RatisPipelineUtilsThread - 0] INFO  pipeline.RatisPipelineProvider (RatisPipelineProvider.java:lambda$create$0(195)) - Sending CreatePipelineCommand for pipeline:PipelineID=79432587-0e7b-4106-a466-e7106e4c0f9a to datanode:e47c0d7c-1c57-43cf-a038-4c1ee28029c6
2022-11-14 01:05:35,085 [RatisPipelineUtilsThread - 0] INFO  pipeline.RatisPipelineProvider (RatisPipelineProvider.java:lambda$create$0(195)) - Sending CreatePipelineCommand for pipeline:PipelineID=79432587-0e7b-4106-a466-e7106e4c0f9a to datanode:5580caa2-355e-4705-b703-b3b115bf5f47
2022-11-14 01:05:35,085 [RatisPipelineUtilsThread - 0] INFO  pipeline.PipelineStateManagerImpl (PipelineStateManagerImpl.java:addPipeline(103)) - Created pipeline Pipeline[ Id: 79432587-0e7b-4106-a466-e7106e4c0f9a, Nodes: 0803b3f8-d7a7-4034-819c-d574a53cd8d2{ip: 10.1.0.33, host: fv-az334-552.zg0gw54pbdoexfhqlmz30d51na.gx.internal.cloudapp.net, ports: [REPLICATION=46733, RATIS=46295, RATIS_ADMIN=46295, RATIS_SERVER=46295, STANDALONE=46387], networkLocation: /default-rack, certSerialId: null, persistedOpState: IN_SERVICE, persistedOpStateExpiryEpochSec: 0}e47c0d7c-1c57-43cf-a038-4c1ee28029c6{ip: 10.1.0.33, host: fv-az334-552.zg0gw54pbdoexfhqlmz30d51na.gx.internal.cloudapp.net, ports: [REPLICATION=39295, RATIS=39237, RATIS_ADMIN=39237, RATIS_SERVER=39237, STANDALONE=37461], networkLocation: /default-rack, certSerialId: null, persistedOpState: IN_SERVICE, persistedOpStateExpiryEpochSec: 0}5580caa2-355e-4705-b703-b3b115bf5f47{ip: 10.1.0.33, host: fv-az334-552.zg0gw54pbdoexfhqlmz30d51na.gx.internal.cloudapp.net, ports: [REPLICATION=38899, RATIS=42291, RATIS_ADMIN=42291, RATIS_SERVER=42291, STANDALONE=41959], networkLocation: /default-rack, certSerialId: null, persistedOpState: IN_SERVICE, persistedOpStateExpiryEpochSec: 0}, ReplicationConfig: RATIS/THREE, State:ALLOCATED, leaderId:, CreationTimestamp2022-11-14T01:05:35.085Z[Etc/UTC]].
2022-11-14 01:05:35,086 [RatisPipelineUtilsThread - 0] INFO  pipeline.PipelineManagerImpl (PipelineManagerImpl.java:recordMetricsForPipeline(826)) - Pipeline: PipelineID=79432587-0e7b-4106-a466-e7106e4c0f9a contains same datanodes as previous pipelines: PipelineID=3c4ef238-3691-492e-9e84-5e32bc8487e9 nodeIds: 0803b3f8-d7a7-4034-819c-d574a53cd8d2, e47c0d7c-1c57-43cf-a038-4c1ee28029c6, 5580caa2-355e-4705-b703-b3b115bf5f47
2022-11-14 01:05:36,075 [Listener at 127.0.0.1/43083] INFO  ozone.MiniOzoneClusterImpl (MiniOzoneClusterImpl.java:lambda$waitForClusterToBeReady$0(216)) - Nodes are ready. Got 6 of 6 DN Heartbeats.
2022-11-14 01:05:36,076 [Listener at 127.0.0.1/43083] INFO  ozone.MiniOzoneClusterImpl (MiniOzoneClusterImpl.java:lambda$waitForClusterToBeReady$0(219)) - Waiting for cluster to exit safe mode
2022-11-14 01:05:36,076 [Listener at 127.0.0.1/43083] INFO  ozone.MiniOzoneClusterImpl (MiniOzoneClusterImpl.java:lambda$waitForClusterToBeReady$0(221)) - SCM became leader
2022-11-14 01:05:36,552 [Command processor thread] INFO  server.RaftServer (RaftServerProxy.java:addNew(96)) - 0fc4731f-baaf-4631-bdc3-d8623c212dbb: addNew group-76841156C9C1:[52da76b7-c1ad-453e-bf88-2b0b77429b8d|rpc:10.1.0.33:45707|priority:0|startupRole:FOLLOWER, 036f6f39-f91a-40c8-a1f5-620aa24a6690|rpc:10.1.0.33:37265|priority:1|startupRole:FOLLOWER, 0fc4731f-baaf-4631-bdc3-d8623c212dbb|rpc:10.1.0.33:44873|priority:0|startupRole:FOLLOWER] returns group-76841156C9C1:java.util.concurrent.CompletableFuture@361be5c3[Not completed]
2022-11-14 01:05:36,553 [pool-544-thread-1] INFO  server.RaftServer$Division (RaftServerImpl.java:<init>(195)) - 0fc4731f-baaf-4631-bdc3-d8623c212dbb: new RaftServerImpl for group-76841156C9C1:[52da76b7-c1ad-453e-bf88-2b0b77429b8d|rpc:10.1.0.33:45707|priority:0|startupRole:FOLLOWER, 036f6f39-f91a-40c8-a1f5-620aa24a6690|rpc:10.1.0.33:37265|priority:1|startupRole:FOLLOWER, 0fc4731f-baaf-4631-bdc3-d8623c212dbb|rpc:10.1.0.33:44873|priority:0|startupRole:FOLLOWER] with ContainerStateMachine:uninitialized
2022-11-14 01:05:36,554 [pool-544-thread-1] INFO  server.RaftServerConfigKeys (ConfUtils.java:logGet(46)) - raft.server.rpc.timeout.min = 5s (custom)
2022-11-14 01:05:36,554 [pool-544-thread-1] INFO  server.RaftServerConfigKeys (ConfUtils.java:logGet(46)) - raft.server.rpc.timeout.max = 5200ms (custom)
2022-11-14 01:05:36,554 [pool-544-thread-1] INFO  server.RaftServerConfigKeys (ConfUtils.java:logGet(46)) - raft.server.rpc.sleep.time = 25ms (default)
2022-11-14 01:05:36,554 [pool-544-thread-1] INFO  server.RaftServerConfigKeys (ConfUtils.java:logGet(46)) - raft.server.rpc.slowness.timeout = 300s (custom)
2022-11-14 01:05:36,554 [pool-544-thread-1] INFO  server.RaftServerConfigKeys (ConfUtils.java:logGet(46)) - raft.server.leaderelection.leader.step-down.wait-time = 10s (default)
2022-11-14 01:05:36,554 [pool-544-thread-1] INFO  server.RaftServerConfigKeys (ConfUtils.java:logGet(46)) - raft.server.sleep.deviation.threshold = 300ms (default)
2022-11-14 01:05:36,554 [pool-544-thread-1] INFO  server.RaftServer$Division (ServerState.java:<init>(118)) - 0fc4731f-baaf-4631-bdc3-d8623c212dbb@group-76841156C9C1: ConfigurationManager, init=-1: peers:[52da76b7-c1ad-453e-bf88-2b0b77429b8d|rpc:10.1.0.33:45707|priority:0|startupRole:FOLLOWER, 036f6f39-f91a-40c8-a1f5-620aa24a6690|rpc:10.1.0.33:37265|priority:1|startupRole:FOLLOWER, 0fc4731f-baaf-4631-bdc3-d8623c212dbb|rpc:10.1.0.33:44873|priority:0|startupRole:FOLLOWER]|listeners:[], old=null, confs=<EMPTY_MAP>
2022-11-14 01:05:36,554 [pool-544-thread-1] INFO  server.RaftServerConfigKeys (ConfUtils.java:logGet(46)) - raft.server.storage.dir = [/home/runner/work/ozone/ozone/hadoop-ozone/integration-test/target/test-dir/MiniOzoneClusterImpl-533bbe47-9fe4-4f83-8a40-bf54ddc9168f/datanode-0/data/ratis] (custom)
2022-11-14 01:05:36,554 [pool-544-thread-1] INFO  server.RaftServerConfigKeys (ConfUtils.java:logGet(46)) - raft.server.log.corruption.policy = EXCEPTION (default)
2022-11-14 01:05:36,554 [pool-544-thread-1] INFO  server.RaftServerConfigKeys (ConfUtils.java:logGet(46)) - raft.server.storage.free-space.min = 0MB (=0) (default)
2022-11-14 01:05:36,554 [pool-544-thread-1] INFO  server.RaftServerConfigKeys (ConfUtils.java:logGet(46)) - raft.server.notification.no-leader.timeout = 300s (custom)
2022-11-14 01:05:36,554 [pool-544-thread-1] INFO  server.RaftServerConfigKeys (ConfUtils.java:logGet(46)) - raft.server.retrycache.expirytime = 600000ms (custom)
2022-11-14 01:05:36,554 [pool-544-thread-1] INFO  server.RaftServerConfigKeys (ConfUtils.java:logGet(46)) - raft.server.retrycache.statistics.expirytime = 100μs (default)
2022-11-14 01:05:36,556 [pool-544-thread-1] INFO  server.RaftServerConfigKeys (ConfUtils.java:logGet(46)) - raft.server.log.appender.install.snapshot.enabled = false (custom)
2022-11-14 01:05:36,556 [pool-544-thread-1] INFO  server.RaftServerConfigKeys (ConfUtils.java:logGet(46)) - raft.server.threadpool.server.cached = true (default)
2022-11-14 01:05:36,556 [pool-544-thread-1] INFO  server.RaftServerConfigKeys (ConfUtils.java:logGet(46)) - raft.server.threadpool.server.size = 0 (default)
2022-11-14 01:05:36,556 [pool-544-thread-1] INFO  server.RaftServerConfigKeys (ConfUtils.java:logGet(46)) - raft.server.threadpool.client.cached = true (default)
2022-11-14 01:05:36,556 [pool-544-thread-1] INFO  server.RaftServerConfigKeys (ConfUtils.java:logGet(46)) - raft.server.threadpool.client.size = 0 (default)
2022-11-14 01:05:36,556 [pool-544-thread-1] INFO  storage.RaftStorageDirectory (RaftStorageDirectoryImpl.java:analyzeStorage(137)) - The storage directory /home/runner/work/ozone/ozone/hadoop-ozone/integration-test/target/test-dir/MiniOzoneClusterImpl-533bbe47-9fe4-4f83-8a40-bf54ddc9168f/datanode-0/data/ratis/de039221-47f7-4f22-9f5b-76841156c9c1 does not exist. Creating ...
2022-11-14 01:05:36,557 [pool-544-thread-1] INFO  storage.RaftStorageDirectory (RaftStorageDirectoryImpl.java:tryLock(231)) - Lock on /home/runner/work/ozone/ozone/hadoop-ozone/integration-test/target/test-dir/MiniOzoneClusterImpl-533bbe47-9fe4-4f83-8a40-bf54ddc9168f/datanode-0/data/ratis/de039221-47f7-4f22-9f5b-76841156c9c1/in_use.lock acquired by nodename 11961@fv-az334-552
2022-11-14 01:05:36,558 [pool-544-thread-1] INFO  storage.RaftStorage (RaftStorageImpl.java:format(96)) - Storage directory /home/runner/work/ozone/ozone/hadoop-ozone/integration-test/target/test-dir/MiniOzoneClusterImpl-533bbe47-9fe4-4f83-8a40-bf54ddc9168f/datanode-0/data/ratis/de039221-47f7-4f22-9f5b-76841156c9c1 has been successfully formatted.
2022-11-14 01:05:36,559 [pool-544-thread-1] INFO  ratis.ContainerStateMachine (ContainerStateMachine.java:loadSnapshot(236)) - group-76841156C9C1: The snapshot info is null. Setting the last applied indexto:(t:0, i:~)
2022-11-14 01:05:36,560 [pool-544-thread-1] INFO  server.RaftServerConfigKeys (ConfUtils.java:logGet(46)) - raft.server.log.use.memory = false (default)
2022-11-14 01:05:36,560 [pool-544-thread-1] INFO  server.RaftServerConfigKeys (ConfUtils.java:logGet(46)) - raft.server.log.purge.gap = 1000000 (custom)
2022-11-14 01:05:36,560 [pool-544-thread-1] INFO  server.RaftServerConfigKeys (ConfUtils.java:logGet(46)) - raft.server.log.appender.buffer.byte-limit = 33554432 (custom)
2022-11-14 01:05:36,560 [pool-544-thread-1] INFO  server.RaftServerConfigKeys (ConfUtils.java:logGet(46)) - raft.server.log.statemachine.data.read.timeout = 1000ms (default)
2022-11-14 01:05:36,560 [pool-544-thread-1] INFO  server.RaftServerConfigKeys (ConfUtils.java:logGet(46)) - raft.server.log.purge.preservation.log.num = 0 (default)
2022-11-14 01:05:36,560 [pool-544-thread-1] INFO  server.RaftServerConfigKeys (ConfUtils.java:logGet(46)) - raft.server.log.segment.size.max = 1048576 (custom)
2022-11-14 01:05:36,561 [pool-544-thread-1] INFO  server.RaftServerConfigKeys (ConfUtils.java:logGet(46)) - raft.server.log.segment.cache.num.max = 2 (custom)
2022-11-14 01:05:36,561 [pool-544-thread-1] INFO  server.RaftServerConfigKeys (ConfUtils.java:logGet(46)) - raft.server.log.segment.cache.size.max = 200MB (=209715200) (default)
2022-11-14 01:05:36,561 [pool-544-thread-1] INFO  segmented.SegmentedRaftLogWorker (SegmentedRaftLogWorker.java:<init>(191)) - new 0fc4731f-baaf-4631-bdc3-d8623c212dbb@group-76841156C9C1-SegmentedRaftLogWorker for RaftStorageImpl:Storage Directory /home/runner/work/ozone/ozone/hadoop-ozone/integration-test/target/test-dir/MiniOzoneClusterImpl-533bbe47-9fe4-4f83-8a40-bf54ddc9168f/datanode-0/data/ratis/de039221-47f7-4f22-9f5b-76841156c9c1
2022-11-14 01:05:36,562 [pool-544-thread-1] INFO  server.RaftServerConfigKeys (ConfUtils.java:logGet(46)) - raft.server.log.queue.byte-limit = 4294967296 (custom)
2022-11-14 01:05:36,562 [pool-544-thread-1] INFO  server.RaftServerConfigKeys (ConfUtils.java:logGet(46)) - raft.server.log.queue.element-limit = 1024 (custom)
2022-11-14 01:05:36,562 [pool-544-thread-1] INFO  server.RaftServerConfigKeys (ConfUtils.java:logGet(46)) - raft.server.log.segment.size.max = 1048576 (custom)
2022-11-14 01:05:36,562 [pool-544-thread-1] INFO  server.RaftServerConfigKeys (ConfUtils.java:logGet(46)) - raft.server.log.preallocated.size = 16384 (custom)
2022-11-14 01:05:36,562 [pool-544-thread-1] INFO  server.RaftServerConfigKeys (ConfUtils.java:logGet(46)) - raft.server.log.force.sync.num = 128 (default)
2022-11-14 01:05:36,562 [pool-544-thread-1] INFO  server.RaftServerConfigKeys (ConfUtils.java:logGet(46)) - raft.server.log.statemachine.data.sync = true (default)
2022-11-14 01:05:36,562 [pool-544-thread-1] INFO  server.RaftServerConfigKeys (ConfUtils.java:logGet(46)) - raft.server.log.statemachine.data.sync.timeout = 10s (default)
2022-11-14 01:05:36,562 [pool-544-thread-1] INFO  server.RaftServerConfigKeys (ConfUtils.java:logGet(46)) - raft.server.log.statemachine.data.sync.timeout.retry = -1 (default)
2022-11-14 01:05:36,563 [pool-544-thread-1] INFO  server.RaftServerConfigKeys (ConfUtils.java:logGet(46)) - raft.server.log.write.buffer.size = 1048576 (custom)
2022-11-14 01:05:36,563 [pool-544-thread-1] INFO  server.RaftServerConfigKeys (ConfUtils.java:logGet(46)) - raft.server.log.unsafe-flush.enabled = false (default)
2022-11-14 01:05:36,563 [pool-544-thread-1] INFO  server.RaftServerConfigKeys (ConfUtils.java:logGet(46)) - raft.server.log.async-flush.enabled = false (default)
2022-11-14 01:05:36,563 [pool-544-thread-1] INFO  server.RaftServerConfigKeys (ConfUtils.java:logGet(46)) - raft.server.log.statemachine.data.caching.enabled = true (custom)
2022-11-14 01:05:36,563 [pool-544-thread-1] INFO  segmented.SegmentedRaftLogWorker (SegmentedRaftLogWorker.java:lambda$new$0(136)) - 0fc4731f-baaf-4631-bdc3-d8623c212dbb@group-76841156C9C1-SegmentedRaftLogWorker: flushIndex: setUnconditionally 0 -> -1
2022-11-14 01:05:36,563 [pool-544-thread-1] INFO  segmented.SegmentedRaftLogWorker (SegmentedRaftLogWorker.java:lambda$new$0(136)) - 0fc4731f-baaf-4631-bdc3-d8623c212dbb@group-76841156C9C1-SegmentedRaftLogWorker: safeCacheEvictIndex: setUnconditionally 0 -> -1
2022-11-14 01:05:36,563 [pool-544-thread-1] INFO  server.RaftServer$Division (RaftServerImpl.java:start(334)) - 0fc4731f-baaf-4631-bdc3-d8623c212dbb@group-76841156C9C1: start as a follower, conf=-1: peers:[52da76b7-c1ad-453e-bf88-2b0b77429b8d|rpc:10.1.0.33:45707|priority:0|startupRole:FOLLOWER, 036f6f39-f91a-40c8-a1f5-620aa24a6690|rpc:10.1.0.33:37265|priority:1|startupRole:FOLLOWER, 0fc4731f-baaf-4631-bdc3-d8623c212dbb|rpc:10.1.0.33:44873|priority:0|startupRole:FOLLOWER]|listeners:[], old=null
2022-11-14 01:05:36,564 [pool-544-thread-1] INFO  server.RaftServer$Division (RaftServerImpl.java:setRole(321)) - 0fc4731f-baaf-4631-bdc3-d8623c212dbb@group-76841156C9C1: changes role from      null to FOLLOWER at term 0 for startAsFollower
2022-11-14 01:05:36,564 [pool-544-thread-1] INFO  impl.RoleInfo (RoleInfo.java:updateAndGet(139)) - 0fc4731f-baaf-4631-bdc3-d8623c212dbb: start 0fc4731f-baaf-4631-bdc3-d8623c212dbb@group-76841156C9C1-FollowerState
2022-11-14 01:05:36,564 [pool-544-thread-1] INFO  util.JmxRegister (JmxRegister.java:tryRegister(44)) - Successfully registered JMX Bean with object name Ratis:service=RaftServer,group=group-76841156C9C1,id=0fc4731f-baaf-4631-bdc3-d8623c212dbb
2022-11-14 01:05:36,564 [pool-544-thread-1] INFO  server.RaftServerConfigKeys (ConfUtils.java:logGet(46)) - raft.server.snapshot.auto.trigger.enabled = true (custom)
2022-11-14 01:05:36,564 [pool-544-thread-1] INFO  server.RaftServerConfigKeys (ConfUtils.java:logGet(46)) - raft.server.snapshot.auto.trigger.threshold = 10000 (custom)
2022-11-14 01:05:36,564 [pool-544-thread-1] INFO  server.RaftServerConfigKeys (ConfUtils.java:logGet(46)) - raft.server.snapshot.retention.file.num = 5 (custom)
2022-11-14 01:05:36,564 [pool-544-thread-1] INFO  server.RaftServerConfigKeys (ConfUtils.java:logGet(46)) - raft.server.log.purge.upto.snapshot.index = false (default)
2022-11-14 01:05:36,565 [0fc4731f-baaf-4631-bdc3-d8623c212dbb@group-76841156C9C1-FollowerState] INFO  server.RaftServerConfigKeys (ConfUtils.java:logFallback(53)) - raft.server.rpc.first-election.timeout.min = 5s (fallback to raft.server.rpc.timeout.min)
2022-11-14 01:05:36,565 [0fc4731f-baaf-4631-bdc3-d8623c212dbb@group-76841156C9C1-FollowerState] INFO  server.RaftServerConfigKeys (ConfUtils.java:logFallback(53)) - raft.server.rpc.first-election.timeout.max = 5200ms (fallback to raft.server.rpc.timeout.max)
2022-11-14 01:05:36,567 [Command processor thread] INFO  ratis.XceiverServerRatis (XceiverServerRatis.java:addGroup(765)) - Created group PipelineID=de039221-47f7-4f22-9f5b-76841156c9c1
2022-11-14 01:05:36,575 [grpc-default-executor-0] INFO  server.RaftServer (RaftServerProxy.java:addNew(96)) - 52da76b7-c1ad-453e-bf88-2b0b77429b8d: addNew group-76841156C9C1:[52da76b7-c1ad-453e-bf88-2b0b77429b8d|rpc:10.1.0.33:45707|dataStream:|priority:0|startupRole:FOLLOWER, 036f6f39-f91a-40c8-a1f5-620aa24a6690|rpc:10.1.0.33:37265|dataStream:|priority:1|startupRole:FOLLOWER, 0fc4731f-baaf-4631-bdc3-d8623c212dbb|rpc:10.1.0.33:44873|dataStream:|priority:0|startupRole:FOLLOWER] returns group-76841156C9C1:java.util.concurrent.CompletableFuture@ca195b4[Not completed]
2022-11-14 01:05:36,576 [pool-567-thread-1] INFO  server.RaftServer$Division (RaftServerImpl.java:<init>(195)) - 52da76b7-c1ad-453e-bf88-2b0b77429b8d: new RaftServerImpl for group-76841156C9C1:[52da76b7-c1ad-453e-bf88-2b0b77429b8d|rpc:10.1.0.33:45707|dataStream:|priority:0|startupRole:FOLLOWER, 036f6f39-f91a-40c8-a1f5-620aa24a6690|rpc:10.1.0.33:37265|dataStream:|priority:1|startupRole:FOLLOWER, 0fc4731f-baaf-4631-bdc3-d8623c212dbb|rpc:10.1.0.33:44873|dataStream:|priority:0|startupRole:FOLLOWER] with ContainerStateMachine:uninitialized
2022-11-14 01:05:36,576 [pool-567-thread-1] INFO  server.RaftServerConfigKeys (ConfUtils.java:logGet(46)) - raft.server.rpc.timeout.min = 5s (custom)
2022-11-14 01:05:36,576 [pool-567-thread-1] INFO  server.RaftServerConfigKeys (ConfUtils.java:logGet(46)) - raft.server.rpc.timeout.max = 5200ms (custom)
2022-11-14 01:05:36,576 [pool-567-thread-1] INFO  server.RaftServerConfigKeys (ConfUtils.java:logGet(46)) - raft.server.rpc.sleep.time = 25ms (default)
2022-11-14 01:05:36,576 [pool-567-thread-1] INFO  server.RaftServerConfigKeys (ConfUtils.java:logGet(46)) - raft.server.rpc.slowness.timeout = 300s (custom)
2022-11-14 01:05:36,576 [pool-567-thread-1] INFO  server.RaftServerConfigKeys (ConfUtils.java:logGet(46)) - raft.server.leaderelection.leader.step-down.wait-time = 10s (default)
2022-11-14 01:05:36,576 [pool-567-thread-1] INFO  server.RaftServerConfigKeys (ConfUtils.java:logGet(46)) - raft.server.sleep.deviation.threshold = 300ms (default)
2022-11-14 01:05:36,576 [pool-567-thread-1] INFO  server.RaftServer$Division (ServerState.java:<init>(118)) - 52da76b7-c1ad-453e-bf88-2b0b77429b8d@group-76841156C9C1: ConfigurationManager, init=-1: peers:[52da76b7-c1ad-453e-bf88-2b0b77429b8d|rpc:10.1.0.33:45707|dataStream:|priority:0|startupRole:FOLLOWER, 036f6f39-f91a-40c8-a1f5-620aa24a6690|rpc:10.1.0.33:37265|dataStream:|priority:1|startupRole:FOLLOWER, 0fc4731f-baaf-4631-bdc3-d8623c212dbb|rpc:10.1.0.33:44873|dataStream:|priority:0|startupRole:FOLLOWER]|listeners:[], old=null, confs=<EMPTY_MAP>
2022-11-14 01:05:36,576 [pool-567-thread-1] INFO  server.RaftServerConfigKeys (ConfUtils.java:logGet(46)) - raft.server.storage.dir = [/home/runner/work/ozone/ozone/hadoop-ozone/integration-test/target/test-dir/MiniOzoneClusterImpl-533bbe47-9fe4-4f83-8a40-bf54ddc9168f/datanode-1/data/ratis] (custom)
2022-11-14 01:05:36,576 [pool-567-thread-1] INFO  server.RaftServerConfigKeys (ConfUtils.java:logGet(46)) - raft.server.log.corruption.policy = EXCEPTION (default)
2022-11-14 01:05:36,576 [pool-567-thread-1] INFO  server.RaftServerConfigKeys (ConfUtils.java:logGet(46)) - raft.server.storage.free-space.min = 0MB (=0) (default)
2022-11-14 01:05:36,576 [pool-567-thread-1] INFO  server.RaftServerConfigKeys (ConfUtils.java:logGet(46)) - raft.server.notification.no-leader.timeout = 300s (custom)
2022-11-14 01:05:36,576 [pool-567-thread-1] INFO  server.RaftServerConfigKeys (ConfUtils.java:logGet(46)) - raft.server.retrycache.expirytime = 600000ms (custom)
2022-11-14 01:05:36,576 [pool-567-thread-1] INFO  server.RaftServerConfigKeys (ConfUtils.java:logGet(46)) - raft.server.retrycache.statistics.expirytime = 100μs (default)
2022-11-14 01:05:36,578 [pool-567-thread-1] INFO  server.RaftServerConfigKeys (ConfUtils.java:logGet(46)) - raft.server.log.appender.install.snapshot.enabled = false (custom)
2022-11-14 01:05:36,578 [pool-567-thread-1] INFO  server.RaftServerConfigKeys (ConfUtils.java:logGet(46)) - raft.server.threadpool.server.cached = true (default)
2022-11-14 01:05:36,578 [pool-567-thread-1] INFO  server.RaftServerConfigKeys (ConfUtils.java:logGet(46)) - raft.server.threadpool.server.size = 0 (default)
2022-11-14 01:05:36,578 [pool-567-thread-1] INFO  server.RaftServerConfigKeys (ConfUtils.java:logGet(46)) - raft.server.threadpool.client.cached = true (default)
2022-11-14 01:05:36,578 [pool-567-thread-1] INFO  server.RaftServerConfigKeys (ConfUtils.java:logGet(46)) - raft.server.threadpool.client.size = 0 (default)
2022-11-14 01:05:36,578 [pool-567-thread-1] INFO  storage.RaftStorageDirectory (RaftStorageDirectoryImpl.java:analyzeStorage(137)) - The storage directory /home/runner/work/ozone/ozone/hadoop-ozone/integration-test/target/test-dir/MiniOzoneClusterImpl-533bbe47-9fe4-4f83-8a40-bf54ddc9168f/datanode-1/data/ratis/de039221-47f7-4f22-9f5b-76841156c9c1 does not exist. Creating ...
2022-11-14 01:05:36,579 [pool-567-thread-1] INFO  storage.RaftStorageDirectory (RaftStorageDirectoryImpl.java:tryLock(231)) - Lock on /home/runner/work/ozone/ozone/hadoop-ozone/integration-test/target/test-dir/MiniOzoneClusterImpl-533bbe47-9fe4-4f83-8a40-bf54ddc9168f/datanode-1/data/ratis/de039221-47f7-4f22-9f5b-76841156c9c1/in_use.lock acquired by nodename 11961@fv-az334-552
2022-11-14 01:05:36,580 [pool-567-thread-1] INFO  storage.RaftStorage (RaftStorageImpl.java:format(96)) - Storage directory /home/runner/work/ozone/ozone/hadoop-ozone/integration-test/target/test-dir/MiniOzoneClusterImpl-533bbe47-9fe4-4f83-8a40-bf54ddc9168f/datanode-1/data/ratis/de039221-47f7-4f22-9f5b-76841156c9c1 has been successfully formatted.
2022-11-14 01:05:36,581 [pool-567-thread-1] INFO  ratis.ContainerStateMachine (ContainerStateMachine.java:loadSnapshot(236)) - group-76841156C9C1: The snapshot info is null. Setting the last applied indexto:(t:0, i:~)
2022-11-14 01:05:36,581 [pool-567-thread-1] INFO  server.RaftServerConfigKeys (ConfUtils.java:logGet(46)) - raft.server.log.use.memory = false (default)
2022-11-14 01:05:36,581 [pool-567-thread-1] INFO  server.RaftServerConfigKeys (ConfUtils.java:logGet(46)) - raft.server.log.purge.gap = 1000000 (custom)
2022-11-14 01:05:36,581 [pool-567-thread-1] INFO  server.RaftServerConfigKeys (ConfUtils.java:logGet(46)) - raft.server.log.appender.buffer.byte-limit = 33554432 (custom)
2022-11-14 01:05:36,581 [pool-567-thread-1] INFO  server.RaftServerConfigKeys (ConfUtils.java:logGet(46)) - raft.server.log.statemachine.data.read.timeout = 1000ms (default)
2022-11-14 01:05:36,581 [pool-567-thread-1] INFO  server.RaftServerConfigKeys (ConfUtils.java:logGet(46)) - raft.server.log.purge.preservation.log.num = 0 (default)
2022-11-14 01:05:36,582 [pool-567-thread-1] INFO  server.RaftServerConfigKeys (ConfUtils.java:logGet(46)) - raft.server.log.segment.size.max = 1048576 (custom)
2022-11-14 01:05:36,583 [pool-567-thread-1] INFO  server.RaftServerConfigKeys (ConfUtils.java:logGet(46)) - raft.server.log.segment.cache.num.max = 2 (custom)
2022-11-14 01:05:36,583 [pool-567-thread-1] INFO  server.RaftServerConfigKeys (ConfUtils.java:logGet(46)) - raft.server.log.segment.cache.size.max = 200MB (=209715200) (default)
2022-11-14 01:05:36,583 [pool-567-thread-1] INFO  segmented.SegmentedRaftLogWorker (SegmentedRaftLogWorker.java:<init>(191)) - new 52da76b7-c1ad-453e-bf88-2b0b77429b8d@group-76841156C9C1-SegmentedRaftLogWorker for RaftStorageImpl:Storage Directory /home/runner/work/ozone/ozone/hadoop-ozone/integration-test/target/test-dir/MiniOzoneClusterImpl-533bbe47-9fe4-4f83-8a40-bf54ddc9168f/datanode-1/data/ratis/de039221-47f7-4f22-9f5b-76841156c9c1
2022-11-14 01:05:36,583 [pool-567-thread-1] INFO  server.RaftServerConfigKeys (ConfUtils.java:logGet(46)) - raft.server.log.queue.byte-limit = 4294967296 (custom)
2022-11-14 01:05:36,583 [pool-567-thread-1] INFO  server.RaftServerConfigKeys (ConfUtils.java:logGet(46)) - raft.server.log.queue.element-limit = 1024 (custom)
2022-11-14 01:05:36,583 [pool-567-thread-1] INFO  server.RaftServerConfigKeys (ConfUtils.java:logGet(46)) - raft.server.log.segment.size.max = 1048576 (custom)
2022-11-14 01:05:36,583 [pool-567-thread-1] INFO  server.RaftServerConfigKeys (ConfUtils.java:logGet(46)) - raft.server.log.preallocated.size = 16384 (custom)
2022-11-14 01:05:36,583 [pool-567-thread-1] INFO  server.RaftServerConfigKeys (ConfUtils.java:logGet(46)) - raft.server.log.force.sync.num = 128 (default)
2022-11-14 01:05:36,583 [pool-567-thread-1] INFO  server.RaftServerConfigKeys (ConfUtils.java:logGet(46)) - raft.server.log.statemachine.data.sync = true (default)
2022-11-14 01:05:36,583 [pool-567-thread-1] INFO  server.RaftServerConfigKeys (ConfUtils.java:logGet(46)) - raft.server.log.statemachine.data.sync.timeout = 10s (default)
2022-11-14 01:05:36,583 [pool-567-thread-1] INFO  server.RaftServerConfigKeys (ConfUtils.java:logGet(46)) - raft.server.log.statemachine.data.sync.timeout.retry = -1 (default)
2022-11-14 01:05:36,585 [pool-567-thread-1] INFO  server.RaftServerConfigKeys (ConfUtils.java:logGet(46)) - raft.server.log.write.buffer.size = 1048576 (custom)
2022-11-14 01:05:36,585 [pool-567-thread-1] INFO  server.RaftServerConfigKeys (ConfUtils.java:logGet(46)) - raft.server.log.unsafe-flush.enabled = false (default)
2022-11-14 01:05:36,585 [pool-567-thread-1] INFO  server.RaftServerConfigKeys (ConfUtils.java:logGet(46)) - raft.server.log.async-flush.enabled = false (default)
2022-11-14 01:05:36,585 [pool-567-thread-1] INFO  server.RaftServerConfigKeys (ConfUtils.java:logGet(46)) - raft.server.log.statemachine.data.caching.enabled = true (custom)
2022-11-14 01:05:36,585 [pool-567-thread-1] INFO  segmented.SegmentedRaftLogWorker (SegmentedRaftLogWorker.java:lambda$new$0(136)) - 52da76b7-c1ad-453e-bf88-2b0b77429b8d@group-76841156C9C1-SegmentedRaftLogWorker: flushIndex: setUnconditionally 0 -> -1
2022-11-14 01:05:36,585 [pool-567-thread-1] INFO  segmented.SegmentedRaftLogWorker (SegmentedRaftLogWorker.java:lambda$new$0(136)) - 52da76b7-c1ad-453e-bf88-2b0b77429b8d@group-76841156C9C1-SegmentedRaftLogWorker: safeCacheEvictIndex: setUnconditionally 0 -> -1
2022-11-14 01:05:36,587 [pool-567-thread-1] INFO  server.RaftServer$Division (RaftServerImpl.java:start(334)) - 52da76b7-c1ad-453e-bf88-2b0b77429b8d@group-76841156C9C1: start as a follower, conf=-1: peers:[52da76b7-c1ad-453e-bf88-2b0b77429b8d|rpc:10.1.0.33:45707|dataStream:|priority:0|startupRole:FOLLOWER, 036f6f39-f91a-40c8-a1f5-620aa24a6690|rpc:10.1.0.33:37265|dataStream:|priority:1|startupRole:FOLLOWER, 0fc4731f-baaf-4631-bdc3-d8623c212dbb|rpc:10.1.0.33:44873|dataStream:|priority:0|startupRole:FOLLOWER]|listeners:[], old=null
2022-11-14 01:05:36,587 [pool-567-thread-1] INFO  server.RaftServer$Division (RaftServerImpl.java:setRole(321)) - 52da76b7-c1ad-453e-bf88-2b0b77429b8d@group-76841156C9C1: changes role from      null to FOLLOWER at term 0 for startAsFollower
2022-11-14 01:05:36,587 [pool-567-thread-1] INFO  impl.RoleInfo (RoleInfo.java:updateAndGet(139)) - 52da76b7-c1ad-453e-bf88-2b0b77429b8d: start 52da76b7-c1ad-453e-bf88-2b0b77429b8d@group-76841156C9C1-FollowerState
2022-11-14 01:05:36,595 [pool-567-thread-1] INFO  util.JmxRegister (JmxRegister.java:tryRegister(44)) - Successfully registered JMX Bean with object name Ratis:service=RaftServer,group=group-76841156C9C1,id=52da76b7-c1ad-453e-bf88-2b0b77429b8d
2022-11-14 01:05:36,595 [pool-567-thread-1] INFO  server.RaftServerConfigKeys (ConfUtils.java:logGet(46)) - raft.server.snapshot.auto.trigger.enabled = true (custom)
2022-11-14 01:05:36,595 [pool-567-thread-1] INFO  server.RaftServerConfigKeys (ConfUtils.java:logGet(46)) - raft.server.snapshot.auto.trigger.threshold = 10000 (custom)
2022-11-14 01:05:36,595 [pool-567-thread-1] INFO  server.RaftServerConfigKeys (ConfUtils.java:logGet(46)) - raft.server.snapshot.retention.file.num = 5 (custom)
2022-11-14 01:05:36,595 [pool-567-thread-1] INFO  server.RaftServerConfigKeys (ConfUtils.java:logGet(46)) - raft.server.log.purge.upto.snapshot.index = false (default)
2022-11-14 01:05:36,596 [52da76b7-c1ad-453e-bf88-2b0b77429b8d@group-76841156C9C1-FollowerState] INFO  server.RaftServerConfigKeys (ConfUtils.java:logFallback(53)) - raft.server.rpc.first-election.timeout.min = 5s (fallback to raft.server.rpc.timeout.min)
2022-11-14 01:05:36,596 [52da76b7-c1ad-453e-bf88-2b0b77429b8d@group-76841156C9C1-FollowerState] INFO  server.RaftServerConfigKeys (ConfUtils.java:logFallback(53)) - raft.server.rpc.first-election.timeout.max = 5200ms (fallback to raft.server.rpc.timeout.max)
2022-11-14 01:05:36,615 [grpc-default-executor-0] INFO  server.RaftServer (RaftServerProxy.java:addNew(96)) - 036f6f39-f91a-40c8-a1f5-620aa24a6690: addNew group-76841156C9C1:[52da76b7-c1ad-453e-bf88-2b0b77429b8d|rpc:10.1.0.33:45707|dataStream:|priority:0|startupRole:FOLLOWER, 036f6f39-f91a-40c8-a1f5-620aa24a6690|rpc:10.1.0.33:37265|dataStream:|priority:1|startupRole:FOLLOWER, 0fc4731f-baaf-4631-bdc3-d8623c212dbb|rpc:10.1.0.33:44873|dataStream:|priority:0|startupRole:FOLLOWER] returns group-76841156C9C1:java.util.concurrent.CompletableFuture@a2144dc[Not completed]
2022-11-14 01:05:36,616 [pool-590-thread-1] INFO  server.RaftServer$Division (RaftServerImpl.java:<init>(195)) - 036f6f39-f91a-40c8-a1f5-620aa24a6690: new RaftServerImpl for group-76841156C9C1:[52da76b7-c1ad-453e-bf88-2b0b77429b8d|rpc:10.1.0.33:45707|dataStream:|priority:0|startupRole:FOLLOWER, 036f6f39-f91a-40c8-a1f5-620aa24a6690|rpc:10.1.0.33:37265|dataStream:|priority:1|startupRole:FOLLOWER, 0fc4731f-baaf-4631-bdc3-d8623c212dbb|rpc:10.1.0.33:44873|dataStream:|priority:0|startupRole:FOLLOWER] with ContainerStateMachine:uninitialized
2022-11-14 01:05:36,616 [pool-590-thread-1] INFO  server.RaftServerConfigKeys (ConfUtils.java:logGet(46)) - raft.server.rpc.timeout.min = 5s (custom)
2022-11-14 01:05:36,617 [pool-590-thread-1] INFO  server.RaftServerConfigKeys (ConfUtils.java:logGet(46)) - raft.server.rpc.timeout.max = 5200ms (custom)
2022-11-14 01:05:36,617 [pool-590-thread-1] INFO  server.RaftServerConfigKeys (ConfUtils.java:logGet(46)) - raft.server.rpc.sleep.time = 25ms (default)
2022-11-14 01:05:36,617 [pool-590-thread-1] INFO  server.RaftServerConfigKeys (ConfUtils.java:logGet(46)) - raft.server.rpc.slowness.timeout = 300s (custom)
2022-11-14 01:05:36,617 [pool-590-thread-1] INFO  server.RaftServerConfigKeys (ConfUtils.java:logGet(46)) - raft.server.leaderelection.leader.step-down.wait-time = 10s (default)
2022-11-14 01:05:36,617 [pool-590-thread-1] INFO  server.RaftServerConfigKeys (ConfUtils.java:logGet(46)) - raft.server.sleep.deviation.threshold = 300ms (default)
2022-11-14 01:05:36,617 [pool-590-thread-1] INFO  server.RaftServer$Division (ServerState.java:<init>(118)) - 036f6f39-f91a-40c8-a1f5-620aa24a6690@group-76841156C9C1: ConfigurationManager, init=-1: peers:[52da76b7-c1ad-453e-bf88-2b0b77429b8d|rpc:10.1.0.33:45707|dataStream:|priority:0|startupRole:FOLLOWER, 036f6f39-f91a-40c8-a1f5-620aa24a6690|rpc:10.1.0.33:37265|dataStream:|priority:1|startupRole:FOLLOWER, 0fc4731f-baaf-4631-bdc3-d8623c212dbb|rpc:10.1.0.33:44873|dataStream:|priority:0|startupRole:FOLLOWER]|listeners:[], old=null, confs=<EMPTY_MAP>
2022-11-14 01:05:36,617 [pool-590-thread-1] INFO  server.RaftServerConfigKeys (ConfUtils.java:logGet(46)) - raft.server.storage.dir = [/home/runner/work/ozone/ozone/hadoop-ozone/integration-test/target/test-dir/MiniOzoneClusterImpl-533bbe47-9fe4-4f83-8a40-bf54ddc9168f/datanode-2/data/ratis] (custom)
2022-11-14 01:05:36,617 [pool-590-thread-1] INFO  server.RaftServerConfigKeys (ConfUtils.java:logGet(46)) - raft.server.log.corruption.policy = EXCEPTION (default)
2022-11-14 01:05:36,617 [pool-590-thread-1] INFO  server.RaftServerConfigKeys (ConfUtils.java:logGet(46)) - raft.server.storage.free-space.min = 0MB (=0) (default)
2022-11-14 01:05:36,617 [pool-590-thread-1] INFO  server.RaftServerConfigKeys (ConfUtils.java:logGet(46)) - raft.server.notification.no-leader.timeout = 300s (custom)
2022-11-14 01:05:36,617 [pool-590-thread-1] INFO  server.RaftServerConfigKeys (ConfUtils.java:logGet(46)) - raft.server.retrycache.expirytime = 600000ms (custom)
2022-11-14 01:05:36,617 [pool-590-thread-1] INFO  server.RaftServerConfigKeys (ConfUtils.java:logGet(46)) - raft.server.retrycache.statistics.expirytime = 100μs (default)
2022-11-14 01:05:36,618 [pool-590-thread-1] INFO  server.RaftServerConfigKeys (ConfUtils.java:logGet(46)) - raft.server.log.appender.install.snapshot.enabled = false (custom)
2022-11-14 01:05:36,618 [pool-590-thread-1] INFO  server.RaftServerConfigKeys (ConfUtils.java:logGet(46)) - raft.server.threadpool.server.cached = true (default)
2022-11-14 01:05:36,618 [pool-590-thread-1] INFO  server.RaftServerConfigKeys (ConfUtils.java:logGet(46)) - raft.server.threadpool.server.size = 0 (default)
2022-11-14 01:05:36,619 [pool-590-thread-1] INFO  server.RaftServerConfigKeys (ConfUtils.java:logGet(46)) - raft.server.threadpool.client.cached = true (default)
2022-11-14 01:05:36,619 [pool-590-thread-1] INFO  server.RaftServerConfigKeys (ConfUtils.java:logGet(46)) - raft.server.threadpool.client.size = 0 (default)
2022-11-14 01:05:36,619 [pool-590-thread-1] INFO  storage.RaftStorageDirectory (RaftStorageDirectoryImpl.java:analyzeStorage(137)) - The storage directory /home/runner/work/ozone/ozone/hadoop-ozone/integration-test/target/test-dir/MiniOzoneClusterImpl-533bbe47-9fe4-4f83-8a40-bf54ddc9168f/datanode-2/data/ratis/de039221-47f7-4f22-9f5b-76841156c9c1 does not exist. Creating ...
2022-11-14 01:05:36,620 [pool-590-thread-1] INFO  storage.RaftStorageDirectory (RaftStorageDirectoryImpl.java:tryLock(231)) - Lock on /home/runner/work/ozone/ozone/hadoop-ozone/integration-test/target/test-dir/MiniOzoneClusterImpl-533bbe47-9fe4-4f83-8a40-bf54ddc9168f/datanode-2/data/ratis/de039221-47f7-4f22-9f5b-76841156c9c1/in_use.lock acquired by nodename 11961@fv-az334-552
2022-11-14 01:05:36,622 [pool-590-thread-1] INFO  storage.RaftStorage (RaftStorageImpl.java:format(96)) - Storage directory /home/runner/work/ozone/ozone/hadoop-ozone/integration-test/target/test-dir/MiniOzoneClusterImpl-533bbe47-9fe4-4f83-8a40-bf54ddc9168f/datanode-2/data/ratis/de039221-47f7-4f22-9f5b-76841156c9c1 has been successfully formatted.
2022-11-14 01:05:36,622 [pool-590-thread-1] INFO  ratis.ContainerStateMachine (ContainerStateMachine.java:loadSnapshot(236)) - group-76841156C9C1: The snapshot info is null. Setting the last applied indexto:(t:0, i:~)
2022-11-14 01:05:36,623 [pool-590-thread-1] INFO  server.RaftServerConfigKeys (ConfUtils.java:logGet(46)) - raft.server.log.use.memory = false (default)
2022-11-14 01:05:36,623 [pool-590-thread-1] INFO  server.RaftServerConfigKeys (ConfUtils.java:logGet(46)) - raft.server.log.purge.gap = 1000000 (custom)
2022-11-14 01:05:36,623 [pool-590-thread-1] INFO  server.RaftServerConfigKeys (ConfUtils.java:logGet(46)) - raft.server.log.appender.buffer.byte-limit = 33554432 (custom)
2022-11-14 01:05:36,623 [pool-590-thread-1] INFO  server.RaftServerConfigKeys (ConfUtils.java:logGet(46)) - raft.server.log.statemachine.data.read.timeout = 1000ms (default)
2022-11-14 01:05:36,623 [pool-590-thread-1] INFO  server.RaftServerConfigKeys (ConfUtils.java:logGet(46)) - raft.server.log.purge.preservation.log.num = 0 (default)
2022-11-14 01:05:36,624 [pool-590-thread-1] INFO  server.RaftServerConfigKeys (ConfUtils.java:logGet(46)) - raft.server.log.segment.size.max = 1048576 (custom)
2022-11-14 01:05:36,624 [pool-590-thread-1] INFO  server.RaftServerConfigKeys (ConfUtils.java:logGet(46)) - raft.server.log.segment.cache.num.max = 2 (custom)
2022-11-14 01:05:36,624 [pool-590-thread-1] INFO  server.RaftServerConfigKeys (ConfUtils.java:logGet(46)) - raft.server.log.segment.cache.size.max = 200MB (=209715200) (default)
2022-11-14 01:05:36,624 [pool-590-thread-1] INFO  segmented.SegmentedRaftLogWorker (SegmentedRaftLogWorker.java:<init>(191)) - new 036f6f39-f91a-40c8-a1f5-620aa24a6690@group-76841156C9C1-SegmentedRaftLogWorker for RaftStorageImpl:Storage Directory /home/runner/work/ozone/ozone/hadoop-ozone/integration-test/target/test-dir/MiniOzoneClusterImpl-533bbe47-9fe4-4f83-8a40-bf54ddc9168f/datanode-2/data/ratis/de039221-47f7-4f22-9f5b-76841156c9c1
2022-11-14 01:05:36,624 [pool-590-thread-1] INFO  server.RaftServerConfigKeys (ConfUtils.java:logGet(46)) - raft.server.log.queue.byte-limit = 4294967296 (custom)
2022-11-14 01:05:36,624 [pool-590-thread-1] INFO  server.RaftServerConfigKeys (ConfUtils.java:logGet(46)) - raft.server.log.queue.element-limit = 1024 (custom)
2022-11-14 01:05:36,625 [pool-590-thread-1] INFO  server.RaftServerConfigKeys (ConfUtils.java:logGet(46)) - raft.server.log.segment.size.max = 1048576 (custom)
2022-11-14 01:05:36,625 [pool-590-thread-1] INFO  server.RaftServerConfigKeys (ConfUtils.java:logGet(46)) - raft.server.log.preallocated.size = 16384 (custom)
2022-11-14 01:05:36,625 [pool-590-thread-1] INFO  server.RaftServerConfigKeys (ConfUtils.java:logGet(46)) - raft.server.log.force.sync.num = 128 (default)
2022-11-14 01:05:36,625 [pool-590-thread-1] INFO  server.RaftServerConfigKeys (ConfUtils.java:logGet(46)) - raft.server.log.statemachine.data.sync = true (default)
2022-11-14 01:05:36,625 [pool-590-thread-1] INFO  server.RaftServerConfigKeys (ConfUtils.java:logGet(46)) - raft.server.log.statemachine.data.sync.timeout = 10s (default)
2022-11-14 01:05:36,625 [pool-590-thread-1] INFO  server.RaftServerConfigKeys (ConfUtils.java:logGet(46)) - raft.server.log.statemachine.data.sync.timeout.retry = -1 (default)
2022-11-14 01:05:36,626 [pool-590-thread-1] INFO  server.RaftServerConfigKeys (ConfUtils.java:logGet(46)) - raft.server.log.write.buffer.size = 1048576 (custom)
2022-11-14 01:05:36,626 [pool-590-thread-1] INFO  server.RaftServerConfigKeys (ConfUtils.java:logGet(46)) - raft.server.log.unsafe-flush.enabled = false (default)
2022-11-14 01:05:36,626 [pool-590-thread-1] INFO  server.RaftServerConfigKeys (ConfUtils.java:logGet(46)) - raft.server.log.async-flush.enabled = false (default)
2022-11-14 01:05:36,626 [pool-590-thread-1] INFO  server.RaftServerConfigKeys (ConfUtils.java:logGet(46)) - raft.server.log.statemachine.data.caching.enabled = true (custom)
2022-11-14 01:05:36,627 [pool-590-thread-1] INFO  segmented.SegmentedRaftLogWorker (SegmentedRaftLogWorker.java:lambda$new$0(136)) - 036f6f39-f91a-40c8-a1f5-620aa24a6690@group-76841156C9C1-SegmentedRaftLogWorker: flushIndex: setUnconditionally 0 -> -1
2022-11-14 01:05:36,627 [pool-590-thread-1] INFO  segmented.SegmentedRaftLogWorker (SegmentedRaftLogWorker.java:lambda$new$0(136)) - 036f6f39-f91a-40c8-a1f5-620aa24a6690@group-76841156C9C1-SegmentedRaftLogWorker: safeCacheEvictIndex: setUnconditionally 0 -> -1
2022-11-14 01:05:36,627 [pool-590-thread-1] INFO  server.RaftServer$Division (RaftServerImpl.java:start(334)) - 036f6f39-f91a-40c8-a1f5-620aa24a6690@group-76841156C9C1: start as a follower, conf=-1: peers:[52da76b7-c1ad-453e-bf88-2b0b77429b8d|rpc:10.1.0.33:45707|dataStream:|priority:0|startupRole:FOLLOWER, 036f6f39-f91a-40c8-a1f5-620aa24a6690|rpc:10.1.0.33:37265|dataStream:|priority:1|startupRole:FOLLOWER, 0fc4731f-baaf-4631-bdc3-d8623c212dbb|rpc:10.1.0.33:44873|dataStream:|priority:0|startupRole:FOLLOWER]|listeners:[], old=null
2022-11-14 01:05:36,627 [pool-590-thread-1] INFO  server.RaftServer$Division (RaftServerImpl.java:setRole(321)) - 036f6f39-f91a-40c8-a1f5-620aa24a6690@group-76841156C9C1: changes role from      null to FOLLOWER at term 0 for startAsFollower
2022-11-14 01:05:36,627 [pool-590-thread-1] INFO  impl.RoleInfo (RoleInfo.java:updateAndGet(139)) - 036f6f39-f91a-40c8-a1f5-620aa24a6690: start 036f6f39-f91a-40c8-a1f5-620aa24a6690@group-76841156C9C1-FollowerState
2022-11-14 01:05:36,627 [pool-590-thread-1] INFO  util.JmxRegister (JmxRegister.java:tryRegister(44)) - Successfully registered JMX Bean with object name Ratis:service=RaftServer,group=group-76841156C9C1,id=036f6f39-f91a-40c8-a1f5-620aa24a6690
2022-11-14 01:05:36,627 [036f6f39-f91a-40c8-a1f5-620aa24a6690@group-76841156C9C1-FollowerState] INFO  server.RaftServerConfigKeys (ConfUtils.java:logFallback(53)) - raft.server.rpc.first-election.timeout.min = 5s (fallback to raft.server.rpc.timeout.min)
2022-11-14 01:05:36,627 [pool-590-thread-1] INFO  server.RaftServerConfigKeys (ConfUtils.java:logGet(46)) - raft.server.snapshot.auto.trigger.enabled = true (custom)
2022-11-14 01:05:36,627 [036f6f39-f91a-40c8-a1f5-620aa24a6690@group-76841156C9C1-FollowerState] INFO  server.RaftServerConfigKeys (ConfUtils.java:logFallback(53)) - raft.server.rpc.first-election.timeout.max = 5200ms (fallback to raft.server.rpc.timeout.max)
2022-11-14 01:05:36,627 [pool-590-thread-1] INFO  server.RaftServerConfigKeys (ConfUtils.java:logGet(46)) - raft.server.snapshot.auto.trigger.threshold = 10000 (custom)
2022-11-14 01:05:36,629 [pool-590-thread-1] INFO  server.RaftServerConfigKeys (ConfUtils.java:logGet(46)) - raft.server.snapshot.retention.file.num = 5 (custom)
2022-11-14 01:05:36,629 [pool-590-thread-1] INFO  server.RaftServerConfigKeys (ConfUtils.java:logGet(46)) - raft.server.log.purge.upto.snapshot.index = false (default)
2022-11-14 01:05:36,634 [Command processor thread] INFO  commandhandler.CreatePipelineCommandHandler (CreatePipelineCommandHandler.java:handle(113)) - Created Pipeline RATIS THREE PipelineID=de039221-47f7-4f22-9f5b-76841156c9c1.
2022-11-14 01:05:36,634 [Command processor thread] INFO  server.RaftServer (RaftServerProxy.java:addNew(96)) - 0fc4731f-baaf-4631-bdc3-d8623c212dbb: addNew group-1579AB3EA12E:[52da76b7-c1ad-453e-bf88-2b0b77429b8d|rpc:10.1.0.33:45707|priority:1|startupRole:FOLLOWER, 036f6f39-f91a-40c8-a1f5-620aa24a6690|rpc:10.1.0.33:37265|priority:0|startupRole:FOLLOWER, 0fc4731f-baaf-4631-bdc3-d8623c212dbb|rpc:10.1.0.33:44873|priority:0|startupRole:FOLLOWER] returns group-1579AB3EA12E:java.util.concurrent.CompletableFuture@2c6d063c[Not completed]
2022-11-14 01:05:36,635 [pool-544-thread-1] INFO  server.RaftServer$Division (RaftServerImpl.java:<init>(195)) - 0fc4731f-baaf-4631-bdc3-d8623c212dbb: new RaftServerImpl for group-1579AB3EA12E:[52da76b7-c1ad-453e-bf88-2b0b77429b8d|rpc:10.1.0.33:45707|priority:1|startupRole:FOLLOWER, 036f6f39-f91a-40c8-a1f5-620aa24a6690|rpc:10.1.0.33:37265|priority:0|startupRole:FOLLOWER, 0fc4731f-baaf-4631-bdc3-d8623c212dbb|rpc:10.1.0.33:44873|priority:0|startupRole:FOLLOWER] with ContainerStateMachine:uninitialized
2022-11-14 01:05:36,635 [pool-544-thread-1] INFO  server.RaftServerConfigKeys (ConfUtils.java:logGet(46)) - raft.server.rpc.timeout.min = 5s (custom)
2022-11-14 01:05:36,635 [pool-544-thread-1] INFO  server.RaftServerConfigKeys (ConfUtils.java:logGet(46)) - raft.server.rpc.timeout.max = 5200ms (custom)
2022-11-14 01:05:36,635 [pool-544-thread-1] INFO  server.RaftServerConfigKeys (ConfUtils.java:logGet(46)) - raft.server.rpc.sleep.time = 25ms (default)
2022-11-14 01:05:36,635 [pool-544-thread-1] INFO  server.RaftServerConfigKeys (ConfUtils.java:logGet(46)) - raft.server.rpc.slowness.timeout = 300s (custom)
2022-11-14 01:05:36,635 [pool-544-thread-1] INFO  server.RaftServerConfigKeys (ConfUtils.java:logGet(46)) - raft.server.leaderelection.leader.step-down.wait-time = 10s (default)
2022-11-14 01:05:36,635 [pool-544-thread-1] INFO  server.RaftServerConfigKeys (ConfUtils.java:logGet(46)) - raft.server.sleep.deviation.threshold = 300ms (default)
2022-11-14 01:05:36,635 [pool-544-thread-1] INFO  server.RaftServer$Division (ServerState.java:<init>(118)) - 0fc4731f-baaf-4631-bdc3-d8623c212dbb@group-1579AB3EA12E: ConfigurationManager, init=-1: peers:[52da76b7-c1ad-453e-bf88-2b0b77429b8d|rpc:10.1.0.33:45707|priority:1|startupRole:FOLLOWER, 036f6f39-f91a-40c8-a1f5-620aa24a6690|rpc:10.1.0.33:37265|priority:0|startupRole:FOLLOWER, 0fc4731f-baaf-4631-bdc3-d8623c212dbb|rpc:10.1.0.33:44873|priority:0|startupRole:FOLLOWER]|listeners:[], old=null, confs=<EMPTY_MAP>
2022-11-14 01:05:36,635 [pool-544-thread-1] INFO  server.RaftServerConfigKeys (ConfUtils.java:logGet(46)) - raft.server.storage.dir = [/home/runner/work/ozone/ozone/hadoop-ozone/integration-test/target/test-dir/MiniOzoneClusterImpl-533bbe47-9fe4-4f83-8a40-bf54ddc9168f/datanode-0/data/ratis] (custom)
2022-11-14 01:05:36,635 [pool-544-thread-1] INFO  server.RaftServerConfigKeys (ConfUtils.java:logGet(46)) - raft.server.log.corruption.policy = EXCEPTION (default)
2022-11-14 01:05:36,635 [pool-544-thread-1] INFO  server.RaftServerConfigKeys (ConfUtils.java:logGet(46)) - raft.server.storage.free-space.min = 0MB (=0) (default)
2022-11-14 01:05:36,635 [pool-544-thread-1] INFO  server.RaftServerConfigKeys (ConfUtils.java:logGet(46)) - raft.server.notification.no-leader.timeout = 300s (custom)
2022-11-14 01:05:36,635 [pool-544-thread-1] INFO  server.RaftServerConfigKeys (ConfUtils.java:logGet(46)) - raft.server.retrycache.expirytime = 600000ms (custom)
2022-11-14 01:05:36,636 [pool-544-thread-1] INFO  server.RaftServerConfigKeys (ConfUtils.java:logGet(46)) - raft.server.retrycache.statistics.expirytime = 100μs (default)
2022-11-14 01:05:36,637 [pool-544-thread-1] INFO  server.RaftServerConfigKeys (ConfUtils.java:logGet(46)) - raft.server.log.appender.install.snapshot.enabled = false (custom)
2022-11-14 01:05:36,637 [pool-544-thread-1] INFO  server.RaftServerConfigKeys (ConfUtils.java:logGet(46)) - raft.server.threadpool.server.cached = true (default)
2022-11-14 01:05:36,637 [pool-544-thread-1] INFO  server.RaftServerConfigKeys (ConfUtils.java:logGet(46)) - raft.server.threadpool.server.size = 0 (default)
2022-11-14 01:05:36,637 [pool-544-thread-1] INFO  server.RaftServerConfigKeys (ConfUtils.java:logGet(46)) - raft.server.threadpool.client.cached = true (default)
2022-11-14 01:05:36,637 [pool-544-thread-1] INFO  server.RaftServerConfigKeys (ConfUtils.java:logGet(46)) - raft.server.threadpool.client.size = 0 (default)
2022-11-14 01:05:36,637 [pool-544-thread-1] INFO  storage.RaftStorageDirectory (RaftStorageDirectoryImpl.java:analyzeStorage(137)) - The storage directory /home/runner/work/ozone/ozone/hadoop-ozone/integration-test/target/test-dir/MiniOzoneClusterImpl-533bbe47-9fe4-4f83-8a40-bf54ddc9168f/datanode-0/data/ratis/3345ad03-93cf-403e-a863-1579ab3ea12e does not exist. Creating ...
2022-11-14 01:05:36,638 [pool-544-thread-1] INFO  storage.RaftStorageDirectory (RaftStorageDirectoryImpl.java:tryLock(231)) - Lock on /home/runner/work/ozone/ozone/hadoop-ozone/integration-test/target/test-dir/MiniOzoneClusterImpl-533bbe47-9fe4-4f83-8a40-bf54ddc9168f/datanode-0/data/ratis/3345ad03-93cf-403e-a863-1579ab3ea12e/in_use.lock acquired by nodename 11961@fv-az334-552
2022-11-14 01:05:36,639 [pool-544-thread-1] INFO  storage.RaftStorage (RaftStorageImpl.java:format(96)) - Storage directory /home/runner/work/ozone/ozone/hadoop-ozone/integration-test/target/test-dir/MiniOzoneClusterImpl-533bbe47-9fe4-4f83-8a40-bf54ddc9168f/datanode-0/data/ratis/3345ad03-93cf-403e-a863-1579ab3ea12e has been successfully formatted.
2022-11-14 01:05:36,642 [pool-544-thread-1] INFO  ratis.ContainerStateMachine (ContainerStateMachine.java:loadSnapshot(236)) - group-1579AB3EA12E: The snapshot info is null. Setting the last applied indexto:(t:0, i:~)
2022-11-14 01:05:36,642 [pool-544-thread-1] INFO  server.RaftServerConfigKeys (ConfUtils.java:logGet(46)) - raft.server.log.use.memory = false (default)
2022-11-14 01:05:36,642 [pool-544-thread-1] INFO  server.RaftServerConfigKeys (ConfUtils.java:logGet(46)) - raft.server.log.purge.gap = 1000000 (custom)
2022-11-14 01:05:36,642 [pool-544-thread-1] INFO  server.RaftServerConfigKeys (ConfUtils.java:logGet(46)) - raft.server.log.appender.buffer.byte-limit = 33554432 (custom)
2022-11-14 01:05:36,642 [pool-544-thread-1] INFO  server.RaftServerConfigKeys (ConfUtils.java:logGet(46)) - raft.server.log.statemachine.data.read.timeout = 1000ms (default)
2022-11-14 01:05:36,642 [pool-544-thread-1] INFO  server.RaftServerConfigKeys (ConfUtils.java:logGet(46)) - raft.server.log.purge.preservation.log.num = 0 (default)
2022-11-14 01:05:36,642 [pool-544-thread-1] INFO  server.RaftServerConfigKeys (ConfUtils.java:logGet(46)) - raft.server.log.segment.size.max = 1048576 (custom)
2022-11-14 01:05:36,643 [pool-544-thread-1] INFO  server.RaftServerConfigKeys (ConfUtils.java:logGet(46)) - raft.server.log.segment.cache.num.max = 2 (custom)
2022-11-14 01:05:36,643 [pool-544-thread-1] INFO  server.RaftServerConfigKeys (ConfUtils.java:logGet(46)) - raft.server.log.segment.cache.size.max = 200MB (=209715200) (default)
2022-11-14 01:05:36,643 [pool-544-thread-1] INFO  segmented.SegmentedRaftLogWorker (SegmentedRaftLogWorker.java:<init>(191)) - new 0fc4731f-baaf-4631-bdc3-d8623c212dbb@group-1579AB3EA12E-SegmentedRaftLogWorker for RaftStorageImpl:Storage Directory /home/runner/work/ozone/ozone/hadoop-ozone/integration-test/target/test-dir/MiniOzoneClusterImpl-533bbe47-9fe4-4f83-8a40-bf54ddc9168f/datanode-0/data/ratis/3345ad03-93cf-403e-a863-1579ab3ea12e
2022-11-14 01:05:36,643 [pool-544-thread-1] INFO  server.RaftServerConfigKeys (ConfUtils.java:logGet(46)) - raft.server.log.queue.byte-limit = 4294967296 (custom)
2022-11-14 01:05:36,643 [pool-544-thread-1] INFO  server.RaftServerConfigKeys (ConfUtils.java:logGet(46)) - raft.server.log.queue.element-limit = 1024 (custom)
2022-11-14 01:05:36,643 [pool-544-thread-1] INFO  server.RaftServerConfigKeys (ConfUtils.java:logGet(46)) - raft.server.log.segment.size.max = 1048576 (custom)
2022-11-14 01:05:36,643 [pool-544-thread-1] INFO  server.RaftServerConfigKeys (ConfUtils.java:logGet(46)) - raft.server.log.preallocated.size = 16384 (custom)
2022-11-14 01:05:36,643 [pool-544-thread-1] INFO  server.RaftServerConfigKeys (ConfUtils.java:logGet(46)) - raft.server.log.force.sync.num = 128 (default)
2022-11-14 01:05:36,643 [pool-544-thread-1] INFO  server.RaftServerConfigKeys (ConfUtils.java:logGet(46)) - raft.server.log.statemachine.data.sync = true (default)
2022-11-14 01:05:36,643 [pool-544-thread-1] INFO  server.RaftServerConfigKeys (ConfUtils.java:logGet(46)) - raft.server.log.statemachine.data.sync.timeout = 10s (default)
2022-11-14 01:05:36,643 [pool-544-thread-1] INFO  server.RaftServerConfigKeys (ConfUtils.java:logGet(46)) - raft.server.log.statemachine.data.sync.timeout.retry = -1 (default)
2022-11-14 01:05:36,644 [pool-544-thread-1] INFO  server.RaftServerConfigKeys (ConfUtils.java:logGet(46)) - raft.server.log.write.buffer.size = 1048576 (custom)
2022-11-14 01:05:36,644 [pool-544-thread-1] INFO  server.RaftServerConfigKeys (ConfUtils.java:logGet(46)) - raft.server.log.unsafe-flush.enabled = false (default)
2022-11-14 01:05:36,645 [pool-544-thread-1] INFO  server.RaftServerConfigKeys (ConfUtils.java:logGet(46)) - raft.server.log.async-flush.enabled = false (default)
2022-11-14 01:05:36,645 [pool-544-thread-1] INFO  server.RaftServerConfigKeys (ConfUtils.java:logGet(46)) - raft.server.log.statemachine.data.caching.enabled = true (custom)
2022-11-14 01:05:36,645 [pool-544-thread-1] INFO  segmented.SegmentedRaftLogWorker (SegmentedRaftLogWorker.java:lambda$new$0(136)) - 0fc4731f-baaf-4631-bdc3-d8623c212dbb@group-1579AB3EA12E-SegmentedRaftLogWorker: flushIndex: setUnconditionally 0 -> -1
2022-11-14 01:05:36,645 [pool-544-thread-1] INFO  segmented.SegmentedRaftLogWorker (SegmentedRaftLogWorker.java:lambda$new$0(136)) - 0fc4731f-baaf-4631-bdc3-d8623c212dbb@group-1579AB3EA12E-SegmentedRaftLogWorker: safeCacheEvictIndex: setUnconditionally 0 -> -1
2022-11-14 01:05:36,645 [pool-544-thread-1] INFO  server.RaftServer$Division (RaftServerImpl.java:start(334)) - 0fc4731f-baaf-4631-bdc3-d8623c212dbb@group-1579AB3EA12E: start as a follower, conf=-1: peers:[52da76b7-c1ad-453e-bf88-2b0b77429b8d|rpc:10.1.0.33:45707|priority:1|startupRole:FOLLOWER, 036f6f39-f91a-40c8-a1f5-620aa24a6690|rpc:10.1.0.33:37265|priority:0|startupRole:FOLLOWER, 0fc4731f-baaf-4631-bdc3-d8623c212dbb|rpc:10.1.0.33:44873|priority:0|startupRole:FOLLOWER]|listeners:[], old=null
2022-11-14 01:05:36,645 [pool-544-thread-1] INFO  server.RaftServer$Division (RaftServerImpl.java:setRole(321)) - 0fc4731f-baaf-4631-bdc3-d8623c212dbb@group-1579AB3EA12E: changes role from      null to FOLLOWER at term 0 for startAsFollower
2022-11-14 01:05:36,645 [pool-544-thread-1] INFO  impl.RoleInfo (RoleInfo.java:updateAndGet(139)) - 0fc4731f-baaf-4631-bdc3-d8623c212dbb: start 0fc4731f-baaf-4631-bdc3-d8623c212dbb@group-1579AB3EA12E-FollowerState
2022-11-14 01:05:36,647 [pool-544-thread-1] INFO  util.JmxRegister (JmxRegister.java:tryRegister(44)) - Successfully registered JMX Bean with object name Ratis:service=RaftServer,group=group-1579AB3EA12E,id=0fc4731f-baaf-4631-bdc3-d8623c212dbb
2022-11-14 01:05:36,647 [pool-544-thread-1] INFO  server.RaftServerConfigKeys (ConfUtils.java:logGet(46)) - raft.server.snapshot.auto.trigger.enabled = true (custom)
2022-11-14 01:05:36,647 [0fc4731f-baaf-4631-bdc3-d8623c212dbb@group-1579AB3EA12E-FollowerState] INFO  server.RaftServerConfigKeys (ConfUtils.java:logFallback(53)) - raft.server.rpc.first-election.timeout.min = 5s (fallback to raft.server.rpc.timeout.min)
2022-11-14 01:05:36,647 [pool-544-thread-1] INFO  server.RaftServerConfigKeys (ConfUtils.java:logGet(46)) - raft.server.snapshot.auto.trigger.threshold = 10000 (custom)
2022-11-14 01:05:36,647 [pool-544-thread-1] INFO  server.RaftServerConfigKeys (ConfUtils.java:logGet(46)) - raft.server.snapshot.retention.file.num = 5 (custom)
2022-11-14 01:05:36,647 [pool-544-thread-1] INFO  server.RaftServerConfigKeys (ConfUtils.java:logGet(46)) - raft.server.log.purge.upto.snapshot.index = false (default)
2022-11-14 01:05:36,648 [Command processor thread] INFO  ratis.XceiverServerRatis (XceiverServerRatis.java:addGroup(765)) - Created group PipelineID=3345ad03-93cf-403e-a863-1579ab3ea12e
2022-11-14 01:05:36,647 [0fc4731f-baaf-4631-bdc3-d8623c212dbb@group-1579AB3EA12E-FollowerState] INFO  server.RaftServerConfigKeys (ConfUtils.java:logFallback(53)) - raft.server.rpc.first-election.timeout.max = 5200ms (fallback to raft.server.rpc.timeout.max)
2022-11-14 01:05:36,664 [grpc-default-executor-0] INFO  server.RaftServer (RaftServerProxy.java:addNew(96)) - 52da76b7-c1ad-453e-bf88-2b0b77429b8d: addNew group-1579AB3EA12E:[52da76b7-c1ad-453e-bf88-2b0b77429b8d|rpc:10.1.0.33:45707|dataStream:|priority:1|startupRole:FOLLOWER, 036f6f39-f91a-40c8-a1f5-620aa24a6690|rpc:10.1.0.33:37265|dataStream:|priority:0|startupRole:FOLLOWER, 0fc4731f-baaf-4631-bdc3-d8623c212dbb|rpc:10.1.0.33:44873|dataStream:|priority:0|startupRole:FOLLOWER] returns group-1579AB3EA12E:java.util.concurrent.CompletableFuture@b472093[Not completed]
2022-11-14 01:05:36,665 [pool-567-thread-1] INFO  server.RaftServer$Division (RaftServerImpl.java:<init>(195)) - 52da76b7-c1ad-453e-bf88-2b0b77429b8d: new RaftServerImpl for group-1579AB3EA12E:[52da76b7-c1ad-453e-bf88-2b0b77429b8d|rpc:10.1.0.33:45707|dataStream:|priority:1|startupRole:FOLLOWER, 036f6f39-f91a-40c8-a1f5-620aa24a6690|rpc:10.1.0.33:37265|dataStream:|priority:0|startupRole:FOLLOWER, 0fc4731f-baaf-4631-bdc3-d8623c212dbb|rpc:10.1.0.33:44873|dataStream:|priority:0|startupRole:FOLLOWER] with ContainerStateMachine:uninitialized
2022-11-14 01:05:36,665 [pool-567-thread-1] INFO  server.RaftServerConfigKeys (ConfUtils.java:logGet(46)) - raft.server.rpc.timeout.min = 5s (custom)
2022-11-14 01:05:36,665 [pool-567-thread-1] INFO  server.RaftServerConfigKeys (ConfUtils.java:logGet(46)) - raft.server.rpc.timeout.max = 5200ms (custom)
2022-11-14 01:05:36,665 [pool-567-thread-1] INFO  server.RaftServerConfigKeys (ConfUtils.java:logGet(46)) - raft.server.rpc.sleep.time = 25ms (default)
2022-11-14 01:05:36,665 [pool-567-thread-1] INFO  server.RaftServerConfigKeys (ConfUtils.java:logGet(46)) - raft.server.rpc.slowness.timeout = 300s (custom)
2022-11-14 01:05:36,665 [pool-567-thread-1] INFO  server.RaftServerConfigKeys (ConfUtils.java:logGet(46)) - raft.server.leaderelection.leader.step-down.wait-time = 10s (default)
2022-11-14 01:05:36,665 [pool-567-thread-1] INFO  server.RaftServerConfigKeys (ConfUtils.java:logGet(46)) - raft.server.sleep.deviation.threshold = 300ms (default)
2022-11-14 01:05:36,665 [pool-567-thread-1] INFO  server.RaftServer$Division (ServerState.java:<init>(118)) - 52da76b7-c1ad-453e-bf88-2b0b77429b8d@group-1579AB3EA12E: ConfigurationManager, init=-1: peers:[52da76b7-c1ad-453e-bf88-2b0b77429b8d|rpc:10.1.0.33:45707|dataStream:|priority:1|startupRole:FOLLOWER, 036f6f39-f91a-40c8-a1f5-620aa24a6690|rpc:10.1.0.33:37265|dataStream:|priority:0|startupRole:FOLLOWER, 0fc4731f-baaf-4631-bdc3-d8623c212dbb|rpc:10.1.0.33:44873|dataStream:|priority:0|startupRole:FOLLOWER]|listeners:[], old=null, confs=<EMPTY_MAP>
2022-11-14 01:05:36,665 [pool-567-thread-1] INFO  server.RaftServerConfigKeys (ConfUtils.java:logGet(46)) - raft.server.storage.dir = [/home/runner/work/ozone/ozone/hadoop-ozone/integration-test/target/test-dir/MiniOzoneClusterImpl-533bbe47-9fe4-4f83-8a40-bf54ddc9168f/datanode-1/data/ratis] (custom)
2022-11-14 01:05:36,665 [pool-567-thread-1] INFO  server.RaftServerConfigKeys (ConfUtils.java:logGet(46)) - raft.server.log.corruption.policy = EXCEPTION (default)
2022-11-14 01:05:36,665 [pool-567-thread-1] INFO  server.RaftServerConfigKeys (ConfUtils.java:logGet(46)) - raft.server.storage.free-space.min = 0MB (=0) (default)
2022-11-14 01:05:36,666 [pool-567-thread-1] INFO  server.RaftServerConfigKeys (ConfUtils.java:logGet(46)) - raft.server.notification.no-leader.timeout = 300s (custom)
2022-11-14 01:05:36,666 [pool-567-thread-1] INFO  server.RaftServerConfigKeys (ConfUtils.java:logGet(46)) - raft.server.retrycache.expirytime = 600000ms (custom)
2022-11-14 01:05:36,666 [pool-567-thread-1] INFO  server.RaftServerConfigKeys (ConfUtils.java:logGet(46)) - raft.server.retrycache.statistics.expirytime = 100μs (default)
2022-11-14 01:05:36,667 [pool-567-thread-1] INFO  server.RaftServerConfigKeys (ConfUtils.java:logGet(46)) - raft.server.log.appender.install.snapshot.enabled = false (custom)
2022-11-14 01:05:36,667 [pool-567-thread-1] INFO  server.RaftServerConfigKeys (ConfUtils.java:logGet(46)) - raft.server.threadpool.server.cached = true (default)
2022-11-14 01:05:36,667 [pool-567-thread-1] INFO  server.RaftServerConfigKeys (ConfUtils.java:logGet(46)) - raft.server.threadpool.server.size = 0 (default)
2022-11-14 01:05:36,667 [pool-567-thread-1] INFO  server.RaftServerConfigKeys (ConfUtils.java:logGet(46)) - raft.server.threadpool.client.cached = true (default)
2022-11-14 01:05:36,667 [pool-567-thread-1] INFO  server.RaftServerConfigKeys (ConfUtils.java:logGet(46)) - raft.server.threadpool.client.size = 0 (default)
2022-11-14 01:05:36,668 [pool-567-thread-1] INFO  storage.RaftStorageDirectory (RaftStorageDirectoryImpl.java:analyzeStorage(137)) - The storage directory /home/runner/work/ozone/ozone/hadoop-ozone/integration-test/target/test-dir/MiniOzoneClusterImpl-533bbe47-9fe4-4f83-8a40-bf54ddc9168f/datanode-1/data/ratis/3345ad03-93cf-403e-a863-1579ab3ea12e does not exist. Creating ...
2022-11-14 01:05:36,669 [pool-567-thread-1] INFO  storage.RaftStorageDirectory (RaftStorageDirectoryImpl.java:tryLock(231)) - Lock on /home/runner/work/ozone/ozone/hadoop-ozone/integration-test/target/test-dir/MiniOzoneClusterImpl-533bbe47-9fe4-4f83-8a40-bf54ddc9168f/datanode-1/data/ratis/3345ad03-93cf-403e-a863-1579ab3ea12e/in_use.lock acquired by nodename 11961@fv-az334-552
2022-11-14 01:05:36,670 [pool-567-thread-1] INFO  storage.RaftStorage (RaftStorageImpl.java:format(96)) - Storage directory /home/runner/work/ozone/ozone/hadoop-ozone/integration-test/target/test-dir/MiniOzoneClusterImpl-533bbe47-9fe4-4f83-8a40-bf54ddc9168f/datanode-1/data/ratis/3345ad03-93cf-403e-a863-1579ab3ea12e has been successfully formatted.
2022-11-14 01:05:36,671 [pool-567-thread-1] INFO  ratis.ContainerStateMachine (ContainerStateMachine.java:loadSnapshot(236)) - group-1579AB3EA12E: The snapshot info is null. Setting the last applied indexto:(t:0, i:~)
2022-11-14 01:05:36,671 [pool-567-thread-1] INFO  server.RaftServerConfigKeys (ConfUtils.java:logGet(46)) - raft.server.log.use.memory = false (default)
2022-11-14 01:05:36,671 [pool-567-thread-1] INFO  server.RaftServerConfigKeys (ConfUtils.java:logGet(46)) - raft.server.log.purge.gap = 1000000 (custom)
2022-11-14 01:05:36,671 [pool-567-thread-1] INFO  server.RaftServerConfigKeys (ConfUtils.java:logGet(46)) - raft.server.log.appender.buffer.byte-limit = 33554432 (custom)
2022-11-14 01:05:36,671 [pool-567-thread-1] INFO  server.RaftServerConfigKeys (ConfUtils.java:logGet(46)) - raft.server.log.statemachine.data.read.timeout = 1000ms (default)
2022-11-14 01:05:36,671 [pool-567-thread-1] INFO  server.RaftServerConfigKeys (ConfUtils.java:logGet(46)) - raft.server.log.purge.preservation.log.num = 0 (default)
2022-11-14 01:05:36,671 [pool-567-thread-1] INFO  server.RaftServerConfigKeys (ConfUtils.java:logGet(46)) - raft.server.log.segment.size.max = 1048576 (custom)
2022-11-14 01:05:36,671 [pool-567-thread-1] INFO  server.RaftServerConfigKeys (ConfUtils.java:logGet(46)) - raft.server.log.segment.cache.num.max = 2 (custom)
2022-11-14 01:05:36,671 [pool-567-thread-1] INFO  server.RaftServerConfigKeys (ConfUtils.java:logGet(46)) - raft.server.log.segment.cache.size.max = 200MB (=209715200) (default)
2022-11-14 01:05:36,671 [pool-567-thread-1] INFO  segmented.SegmentedRaftLogWorker (SegmentedRaftLogWorker.java:<init>(191)) - new 52da76b7-c1ad-453e-bf88-2b0b77429b8d@group-1579AB3EA12E-SegmentedRaftLogWorker for RaftStorageImpl:Storage Directory /home/runner/work/ozone/ozone/hadoop-ozone/integration-test/target/test-dir/MiniOzoneClusterImpl-533bbe47-9fe4-4f83-8a40-bf54ddc9168f/datanode-1/data/ratis/3345ad03-93cf-403e-a863-1579ab3ea12e
2022-11-14 01:05:36,671 [pool-567-thread-1] INFO  server.RaftServerConfigKeys (ConfUtils.java:logGet(46)) - raft.server.log.queue.byte-limit = 4294967296 (custom)
2022-11-14 01:05:36,672 [pool-567-thread-1] INFO  server.RaftServerConfigKeys (ConfUtils.java:logGet(46)) - raft.server.log.queue.element-limit = 1024 (custom)
2022-11-14 01:05:36,672 [pool-567-thread-1] INFO  server.RaftServerConfigKeys (ConfUtils.java:logGet(46)) - raft.server.log.segment.size.max = 1048576 (custom)
2022-11-14 01:05:36,672 [pool-567-thread-1] INFO  server.RaftServerConfigKeys (ConfUtils.java:logGet(46)) - raft.server.log.preallocated.size = 16384 (custom)
2022-11-14 01:05:36,672 [pool-567-thread-1] INFO  server.RaftServerConfigKeys (ConfUtils.java:logGet(46)) - raft.server.log.force.sync.num = 128 (default)
2022-11-14 01:05:36,672 [pool-567-thread-1] INFO  server.RaftServerConfigKeys (ConfUtils.java:logGet(46)) - raft.server.log.statemachine.data.sync = true (default)
2022-11-14 01:05:36,672 [pool-567-thread-1] INFO  server.RaftServerConfigKeys (ConfUtils.java:logGet(46)) - raft.server.log.statemachine.data.sync.timeout = 10s (default)
2022-11-14 01:05:36,672 [pool-567-thread-1] INFO  server.RaftServerConfigKeys (ConfUtils.java:logGet(46)) - raft.server.log.statemachine.data.sync.timeout.retry = -1 (default)
2022-11-14 01:05:36,673 [pool-567-thread-1] INFO  server.RaftServerConfigKeys (ConfUtils.java:logGet(46)) - raft.server.log.write.buffer.size = 1048576 (custom)
2022-11-14 01:05:36,673 [pool-567-thread-1] INFO  server.RaftServerConfigKeys (ConfUtils.java:logGet(46)) - raft.server.log.unsafe-flush.enabled = false (default)
2022-11-14 01:05:36,673 [pool-567-thread-1] INFO  server.RaftServerConfigKeys (ConfUtils.java:logGet(46)) - raft.server.log.async-flush.enabled = false (default)
2022-11-14 01:05:36,674 [pool-567-thread-1] INFO  server.RaftServerConfigKeys (ConfUtils.java:logGet(46)) - raft.server.log.statemachine.data.caching.enabled = true (custom)
2022-11-14 01:05:36,674 [pool-567-thread-1] INFO  segmented.SegmentedRaftLogWorker (SegmentedRaftLogWorker.java:lambda$new$0(136)) - 52da76b7-c1ad-453e-bf88-2b0b77429b8d@group-1579AB3EA12E-SegmentedRaftLogWorker: flushIndex: setUnconditionally 0 -> -1
2022-11-14 01:05:36,674 [pool-567-thread-1] INFO  segmented.SegmentedRaftLogWorker (SegmentedRaftLogWorker.java:lambda$new$0(136)) - 52da76b7-c1ad-453e-bf88-2b0b77429b8d@group-1579AB3EA12E-SegmentedRaftLogWorker: safeCacheEvictIndex: setUnconditionally 0 -> -1
2022-11-14 01:05:36,674 [pool-567-thread-1] INFO  server.RaftServer$Division (RaftServerImpl.java:start(334)) - 52da76b7-c1ad-453e-bf88-2b0b77429b8d@group-1579AB3EA12E: start as a follower, conf=-1: peers:[52da76b7-c1ad-453e-bf88-2b0b77429b8d|rpc:10.1.0.33:45707|dataStream:|priority:1|startupRole:FOLLOWER, 036f6f39-f91a-40c8-a1f5-620aa24a6690|rpc:10.1.0.33:37265|dataStream:|priority:0|startupRole:FOLLOWER, 0fc4731f-baaf-4631-bdc3-d8623c212dbb|rpc:10.1.0.33:44873|dataStream:|priority:0|startupRole:FOLLOWER]|listeners:[], old=null
2022-11-14 01:05:36,674 [pool-567-thread-1] INFO  server.RaftServer$Division (RaftServerImpl.java:setRole(321)) - 52da76b7-c1ad-453e-bf88-2b0b77429b8d@group-1579AB3EA12E: changes role from      null to FOLLOWER at term 0 for startAsFollower
2022-11-14 01:05:36,674 [pool-567-thread-1] INFO  impl.RoleInfo (RoleInfo.java:updateAndGet(139)) - 52da76b7-c1ad-453e-bf88-2b0b77429b8d: start 52da76b7-c1ad-453e-bf88-2b0b77429b8d@group-1579AB3EA12E-FollowerState
2022-11-14 01:05:36,675 [52da76b7-c1ad-453e-bf88-2b0b77429b8d@group-1579AB3EA12E-FollowerState] INFO  server.RaftServerConfigKeys (ConfUtils.java:logFallback(53)) - raft.server.rpc.first-election.timeout.min = 5s (fallback to raft.server.rpc.timeout.min)
2022-11-14 01:05:36,675 [pool-567-thread-1] INFO  util.JmxRegister (JmxRegister.java:tryRegister(44)) - Successfully registered JMX Bean with object name Ratis:service=RaftServer,group=group-1579AB3EA12E,id=52da76b7-c1ad-453e-bf88-2b0b77429b8d
2022-11-14 01:05:36,675 [52da76b7-c1ad-453e-bf88-2b0b77429b8d@group-1579AB3EA12E-FollowerState] INFO  server.RaftServerConfigKeys (ConfUtils.java:logFallback(53)) - raft.server.rpc.first-election.timeout.max = 5200ms (fallback to raft.server.rpc.timeout.max)
2022-11-14 01:05:36,676 [pool-567-thread-1] INFO  server.RaftServerConfigKeys (ConfUtils.java:logGet(46)) - raft.server.snapshot.auto.trigger.enabled = true (custom)
2022-11-14 01:05:36,676 [pool-567-thread-1] INFO  server.RaftServerConfigKeys (ConfUtils.java:logGet(46)) - raft.server.snapshot.auto.trigger.threshold = 10000 (custom)
2022-11-14 01:05:36,676 [pool-567-thread-1] INFO  server.RaftServerConfigKeys (ConfUtils.java:logGet(46)) - raft.server.snapshot.retention.file.num = 5 (custom)
2022-11-14 01:05:36,676 [pool-567-thread-1] INFO  server.RaftServerConfigKeys (ConfUtils.java:logGet(46)) - raft.server.log.purge.upto.snapshot.index = false (default)
2022-11-14 01:05:36,688 [grpc-default-executor-0] INFO  server.RaftServer (RaftServerProxy.java:addNew(96)) - 036f6f39-f91a-40c8-a1f5-620aa24a6690: addNew group-1579AB3EA12E:[52da76b7-c1ad-453e-bf88-2b0b77429b8d|rpc:10.1.0.33:45707|dataStream:|priority:1|startupRole:FOLLOWER, 036f6f39-f91a-40c8-a1f5-620aa24a6690|rpc:10.1.0.33:37265|dataStream:|priority:0|startupRole:FOLLOWER, 0fc4731f-baaf-4631-bdc3-d8623c212dbb|rpc:10.1.0.33:44873|dataStream:|priority:0|startupRole:FOLLOWER] returns group-1579AB3EA12E:java.util.concurrent.CompletableFuture@5fdc7fdd[Not completed]
2022-11-14 01:05:36,689 [pool-590-thread-1] INFO  server.RaftServer$Division (RaftServerImpl.java:<init>(195)) - 036f6f39-f91a-40c8-a1f5-620aa24a6690: new RaftServerImpl for group-1579AB3EA12E:[52da76b7-c1ad-453e-bf88-2b0b77429b8d|rpc:10.1.0.33:45707|dataStream:|priority:1|startupRole:FOLLOWER, 036f6f39-f91a-40c8-a1f5-620aa24a6690|rpc:10.1.0.33:37265|dataStream:|priority:0|startupRole:FOLLOWER, 0fc4731f-baaf-4631-bdc3-d8623c212dbb|rpc:10.1.0.33:44873|dataStream:|priority:0|startupRole:FOLLOWER] with ContainerStateMachine:uninitialized
2022-11-14 01:05:36,689 [pool-590-thread-1] INFO  server.RaftServerConfigKeys (ConfUtils.java:logGet(46)) - raft.server.rpc.timeout.min = 5s (custom)
2022-11-14 01:05:36,689 [pool-590-thread-1] INFO  server.RaftServerConfigKeys (ConfUtils.java:logGet(46)) - raft.server.rpc.timeout.max = 5200ms (custom)
2022-11-14 01:05:36,689 [pool-590-thread-1] INFO  server.RaftServerConfigKeys (ConfUtils.java:logGet(46)) - raft.server.rpc.sleep.time = 25ms (default)
2022-11-14 01:05:36,689 [pool-590-thread-1] INFO  server.RaftServerConfigKeys (ConfUtils.java:logGet(46)) - raft.server.rpc.slowness.timeout = 300s (custom)
2022-11-14 01:05:36,689 [pool-590-thread-1] INFO  server.RaftServerConfigKeys (ConfUtils.java:logGet(46)) - raft.server.leaderelection.leader.step-down.wait-time = 10s (default)
2022-11-14 01:05:36,689 [pool-590-thread-1] INFO  server.RaftServerConfigKeys (ConfUtils.java:logGet(46)) - raft.server.sleep.deviation.threshold = 300ms (default)
2022-11-14 01:05:36,689 [pool-590-thread-1] INFO  server.RaftServer$Division (ServerState.java:<init>(118)) - 036f6f39-f91a-40c8-a1f5-620aa24a6690@group-1579AB3EA12E: ConfigurationManager, init=-1: peers:[52da76b7-c1ad-453e-bf88-2b0b77429b8d|rpc:10.1.0.33:45707|dataStream:|priority:1|startupRole:FOLLOWER, 036f6f39-f91a-40c8-a1f5-620aa24a6690|rpc:10.1.0.33:37265|dataStream:|priority:0|startupRole:FOLLOWER, 0fc4731f-baaf-4631-bdc3-d8623c212dbb|rpc:10.1.0.33:44873|dataStream:|priority:0|startupRole:FOLLOWER]|listeners:[], old=null, confs=<EMPTY_MAP>
2022-11-14 01:05:36,689 [pool-590-thread-1] INFO  server.RaftServerConfigKeys (ConfUtils.java:logGet(46)) - raft.server.storage.dir = [/home/runner/work/ozone/ozone/hadoop-ozone/integration-test/target/test-dir/MiniOzoneClusterImpl-533bbe47-9fe4-4f83-8a40-bf54ddc9168f/datanode-2/data/ratis] (custom)
2022-11-14 01:05:36,690 [pool-590-thread-1] INFO  server.RaftServerConfigKeys (ConfUtils.java:logGet(46)) - raft.server.log.corruption.policy = EXCEPTION (default)
2022-11-14 01:05:36,690 [pool-590-thread-1] INFO  server.RaftServerConfigKeys (ConfUtils.java:logGet(46)) - raft.server.storage.free-space.min = 0MB (=0) (default)
2022-11-14 01:05:36,690 [pool-590-thread-1] INFO  server.RaftServerConfigKeys (ConfUtils.java:logGet(46)) - raft.server.notification.no-leader.timeout = 300s (custom)
2022-11-14 01:05:36,690 [pool-590-thread-1] INFO  server.RaftServerConfigKeys (ConfUtils.java:logGet(46)) - raft.server.retrycache.expirytime = 600000ms (custom)
2022-11-14 01:05:36,690 [pool-590-thread-1] INFO  server.RaftServerConfigKeys (ConfUtils.java:logGet(46)) - raft.server.retrycache.statistics.expirytime = 100μs (default)
2022-11-14 01:05:36,691 [pool-590-thread-1] INFO  server.RaftServerConfigKeys (ConfUtils.java:logGet(46)) - raft.server.log.appender.install.snapshot.enabled = false (custom)
2022-11-14 01:05:36,691 [pool-590-thread-1] INFO  server.RaftServerConfigKeys (ConfUtils.java:logGet(46)) - raft.server.threadpool.server.cached = true (default)
2022-11-14 01:05:36,691 [pool-590-thread-1] INFO  server.RaftServerConfigKeys (ConfUtils.java:logGet(46)) - raft.server.threadpool.server.size = 0 (default)
2022-11-14 01:05:36,691 [pool-590-thread-1] INFO  server.RaftServerConfigKeys (ConfUtils.java:logGet(46)) - raft.server.threadpool.client.cached = true (default)
2022-11-14 01:05:36,691 [pool-590-thread-1] INFO  server.RaftServerConfigKeys (ConfUtils.java:logGet(46)) - raft.server.threadpool.client.size = 0 (default)
2022-11-14 01:05:36,691 [pool-590-thread-1] INFO  storage.RaftStorageDirectory (RaftStorageDirectoryImpl.java:analyzeStorage(137)) - The storage directory /home/runner/work/ozone/ozone/hadoop-ozone/integration-test/target/test-dir/MiniOzoneClusterImpl-533bbe47-9fe4-4f83-8a40-bf54ddc9168f/datanode-2/data/ratis/3345ad03-93cf-403e-a863-1579ab3ea12e does not exist. Creating ...
2022-11-14 01:05:36,692 [pool-590-thread-1] INFO  storage.RaftStorageDirectory (RaftStorageDirectoryImpl.java:tryLock(231)) - Lock on /home/runner/work/ozone/ozone/hadoop-ozone/integration-test/target/test-dir/MiniOzoneClusterImpl-533bbe47-9fe4-4f83-8a40-bf54ddc9168f/datanode-2/data/ratis/3345ad03-93cf-403e-a863-1579ab3ea12e/in_use.lock acquired by nodename 11961@fv-az334-552
2022-11-14 01:05:36,694 [pool-590-thread-1] INFO  storage.RaftStorage (RaftStorageImpl.java:format(96)) - Storage directory /home/runner/work/ozone/ozone/hadoop-ozone/integration-test/target/test-dir/MiniOzoneClusterImpl-533bbe47-9fe4-4f83-8a40-bf54ddc9168f/datanode-2/data/ratis/3345ad03-93cf-403e-a863-1579ab3ea12e has been successfully formatted.
2022-11-14 01:05:36,694 [pool-590-thread-1] INFO  ratis.ContainerStateMachine (ContainerStateMachine.java:loadSnapshot(236)) - group-1579AB3EA12E: The snapshot info is null. Setting the last applied indexto:(t:0, i:~)
2022-11-14 01:05:36,694 [pool-590-thread-1] INFO  server.RaftServerConfigKeys (ConfUtils.java:logGet(46)) - raft.server.log.use.memory = false (default)
2022-11-14 01:05:36,694 [pool-590-thread-1] INFO  server.RaftServerConfigKeys (ConfUtils.java:logGet(46)) - raft.server.log.purge.gap = 1000000 (custom)
2022-11-14 01:05:36,694 [pool-590-thread-1] INFO  server.RaftServerConfigKeys (ConfUtils.java:logGet(46)) - raft.server.log.appender.buffer.byte-limit = 33554432 (custom)
2022-11-14 01:05:36,694 [pool-590-thread-1] INFO  server.RaftServerConfigKeys (ConfUtils.java:logGet(46)) - raft.server.log.statemachine.data.read.timeout = 1000ms (default)
2022-11-14 01:05:36,695 [pool-590-thread-1] INFO  server.RaftServerConfigKeys (ConfUtils.java:logGet(46)) - raft.server.log.purge.preservation.log.num = 0 (default)
2022-11-14 01:05:36,695 [pool-590-thread-1] INFO  server.RaftServerConfigKeys (ConfUtils.java:logGet(46)) - raft.server.log.segment.size.max = 1048576 (custom)
2022-11-14 01:05:36,696 [pool-590-thread-1] INFO  server.RaftServerConfigKeys (ConfUtils.java:logGet(46)) - raft.server.log.segment.cache.num.max = 2 (custom)
2022-11-14 01:05:36,696 [pool-590-thread-1] INFO  server.RaftServerConfigKeys (ConfUtils.java:logGet(46)) - raft.server.log.segment.cache.size.max = 200MB (=209715200) (default)
2022-11-14 01:05:36,696 [pool-590-thread-1] INFO  segmented.SegmentedRaftLogWorker (SegmentedRaftLogWorker.java:<init>(191)) - new 036f6f39-f91a-40c8-a1f5-620aa24a6690@group-1579AB3EA12E-SegmentedRaftLogWorker for RaftStorageImpl:Storage Directory /home/runner/work/ozone/ozone/hadoop-ozone/integration-test/target/test-dir/MiniOzoneClusterImpl-533bbe47-9fe4-4f83-8a40-bf54ddc9168f/datanode-2/data/ratis/3345ad03-93cf-403e-a863-1579ab3ea12e
2022-11-14 01:05:36,696 [pool-590-thread-1] INFO  server.RaftServerConfigKeys (ConfUtils.java:logGet(46)) - raft.server.log.queue.byte-limit = 4294967296 (custom)
2022-11-14 01:05:36,696 [pool-590-thread-1] INFO  server.RaftServerConfigKeys (ConfUtils.java:logGet(46)) - raft.server.log.queue.element-limit = 1024 (custom)
2022-11-14 01:05:36,696 [pool-590-thread-1] INFO  server.RaftServerConfigKeys (ConfUtils.java:logGet(46)) - raft.server.log.segment.size.max = 1048576 (custom)
2022-11-14 01:05:36,696 [pool-590-thread-1] INFO  server.RaftServerConfigKeys (ConfUtils.java:logGet(46)) - raft.server.log.preallocated.size = 16384 (custom)
2022-11-14 01:05:36,696 [pool-590-thread-1] INFO  server.RaftServerConfigKeys (ConfUtils.java:logGet(46)) - raft.server.log.force.sync.num = 128 (default)
2022-11-14 01:05:36,696 [pool-590-thread-1] INFO  server.RaftServerConfigKeys (ConfUtils.java:logGet(46)) - raft.server.log.statemachine.data.sync = true (default)
2022-11-14 01:05:36,696 [pool-590-thread-1] INFO  server.RaftServerConfigKeys (ConfUtils.java:logGet(46)) - raft.server.log.statemachine.data.sync.timeout = 10s (default)
2022-11-14 01:05:36,697 [pool-590-thread-1] INFO  server.RaftServerConfigKeys (ConfUtils.java:logGet(46)) - raft.server.log.statemachine.data.sync.timeout.retry = -1 (default)
2022-11-14 01:05:36,697 [pool-590-thread-1] INFO  server.RaftServerConfigKeys (ConfUtils.java:logGet(46)) - raft.server.log.write.buffer.size = 1048576 (custom)
2022-11-14 01:05:36,698 [pool-590-thread-1] INFO  server.RaftServerConfigKeys (ConfUtils.java:logGet(46)) - raft.server.log.unsafe-flush.enabled = false (default)
2022-11-14 01:05:36,698 [pool-590-thread-1] INFO  server.RaftServerConfigKeys (ConfUtils.java:logGet(46)) - raft.server.log.async-flush.enabled = false (default)
2022-11-14 01:05:36,698 [pool-590-thread-1] INFO  server.RaftServerConfigKeys (ConfUtils.java:logGet(46)) - raft.server.log.statemachine.data.caching.enabled = true (custom)
2022-11-14 01:05:36,698 [pool-590-thread-1] INFO  segmented.SegmentedRaftLogWorker (SegmentedRaftLogWorker.java:lambda$new$0(136)) - 036f6f39-f91a-40c8-a1f5-620aa24a6690@group-1579AB3EA12E-SegmentedRaftLogWorker: flushIndex: setUnconditionally 0 -> -1
2022-11-14 01:05:36,698 [pool-590-thread-1] INFO  segmented.SegmentedRaftLogWorker (SegmentedRaftLogWorker.java:lambda$new$0(136)) - 036f6f39-f91a-40c8-a1f5-620aa24a6690@group-1579AB3EA12E-SegmentedRaftLogWorker: safeCacheEvictIndex: setUnconditionally 0 -> -1
2022-11-14 01:05:36,703 [pool-590-thread-1] INFO  server.RaftServer$Division (RaftServerImpl.java:start(334)) - 036f6f39-f91a-40c8-a1f5-620aa24a6690@group-1579AB3EA12E: start as a follower, conf=-1: peers:[52da76b7-c1ad-453e-bf88-2b0b77429b8d|rpc:10.1.0.33:45707|dataStream:|priority:1|startupRole:FOLLOWER, 036f6f39-f91a-40c8-a1f5-620aa24a6690|rpc:10.1.0.33:37265|dataStream:|priority:0|startupRole:FOLLOWER, 0fc4731f-baaf-4631-bdc3-d8623c212dbb|rpc:10.1.0.33:44873|dataStream:|priority:0|startupRole:FOLLOWER]|listeners:[], old=null
2022-11-14 01:05:36,703 [pool-590-thread-1] INFO  server.RaftServer$Division (RaftServerImpl.java:setRole(321)) - 036f6f39-f91a-40c8-a1f5-620aa24a6690@group-1579AB3EA12E: changes role from      null to FOLLOWER at term 0 for startAsFollower
2022-11-14 01:05:36,703 [pool-590-thread-1] INFO  impl.RoleInfo (RoleInfo.java:updateAndGet(139)) - 036f6f39-f91a-40c8-a1f5-620aa24a6690: start 036f6f39-f91a-40c8-a1f5-620aa24a6690@group-1579AB3EA12E-FollowerState
2022-11-14 01:05:36,704 [pool-590-thread-1] INFO  util.JmxRegister (JmxRegister.java:tryRegister(44)) - Successfully registered JMX Bean with object name Ratis:service=RaftServer,group=group-1579AB3EA12E,id=036f6f39-f91a-40c8-a1f5-620aa24a6690
2022-11-14 01:05:36,704 [036f6f39-f91a-40c8-a1f5-620aa24a6690@group-1579AB3EA12E-FollowerState] INFO  server.RaftServerConfigKeys (ConfUtils.java:logFallback(53)) - raft.server.rpc.first-election.timeout.min = 5s (fallback to raft.server.rpc.timeout.min)
2022-11-14 01:05:36,704 [pool-590-thread-1] INFO  server.RaftServerConfigKeys (ConfUtils.java:logGet(46)) - raft.server.snapshot.auto.trigger.enabled = true (custom)
2022-11-14 01:05:36,704 [036f6f39-f91a-40c8-a1f5-620aa24a6690@group-1579AB3EA12E-FollowerState] INFO  server.RaftServerConfigKeys (ConfUtils.java:logFallback(53)) - raft.server.rpc.first-election.timeout.max = 5200ms (fallback to raft.server.rpc.timeout.max)
2022-11-14 01:05:36,704 [pool-590-thread-1] INFO  server.RaftServerConfigKeys (ConfUtils.java:logGet(46)) - raft.server.snapshot.auto.trigger.threshold = 10000 (custom)
2022-11-14 01:05:36,705 [pool-590-thread-1] INFO  server.RaftServerConfigKeys (ConfUtils.java:logGet(46)) - raft.server.snapshot.retention.file.num = 5 (custom)
2022-11-14 01:05:36,705 [pool-590-thread-1] INFO  server.RaftServerConfigKeys (ConfUtils.java:logGet(46)) - raft.server.log.purge.upto.snapshot.index = false (default)
2022-11-14 01:05:36,712 [Command processor thread] INFO  commandhandler.CreatePipelineCommandHandler (CreatePipelineCommandHandler.java:handle(113)) - Created Pipeline RATIS THREE PipelineID=3345ad03-93cf-403e-a863-1579ab3ea12e.
2022-11-14 01:05:37,076 [Listener at 127.0.0.1/43083] INFO  ozone.MiniOzoneClusterImpl (MiniOzoneClusterImpl.java:lambda$waitForClusterToBeReady$0(216)) - Nodes are ready. Got 6 of 6 DN Heartbeats.
2022-11-14 01:05:37,076 [Listener at 127.0.0.1/43083] INFO  ozone.MiniOzoneClusterImpl (MiniOzoneClusterImpl.java:lambda$waitForClusterToBeReady$0(219)) - Waiting for cluster to exit safe mode
2022-11-14 01:05:37,076 [Listener at 127.0.0.1/43083] INFO  ozone.MiniOzoneClusterImpl (MiniOzoneClusterImpl.java:lambda$waitForClusterToBeReady$0(221)) - SCM became leader
2022-11-14 01:05:37,492 [Command processor thread] INFO  server.RaftServer (RaftServerProxy.java:addNew(96)) - 5580caa2-355e-4705-b703-b3b115bf5f47: addNew group-5E32BC8487E9:[e47c0d7c-1c57-43cf-a038-4c1ee28029c6|rpc:10.1.0.33:39237|priority:0|startupRole:FOLLOWER, 5580caa2-355e-4705-b703-b3b115bf5f47|rpc:10.1.0.33:42291|priority:1|startupRole:FOLLOWER, 0803b3f8-d7a7-4034-819c-d574a53cd8d2|rpc:10.1.0.33:46295|priority:0|startupRole:FOLLOWER] returns group-5E32BC8487E9:java.util.concurrent.CompletableFuture@5160580f[Not completed]
2022-11-14 01:05:37,494 [pool-613-thread-1] INFO  server.RaftServer$Division (RaftServerImpl.java:<init>(195)) - 5580caa2-355e-4705-b703-b3b115bf5f47: new RaftServerImpl for group-5E32BC8487E9:[e47c0d7c-1c57-43cf-a038-4c1ee28029c6|rpc:10.1.0.33:39237|priority:0|startupRole:FOLLOWER, 5580caa2-355e-4705-b703-b3b115bf5f47|rpc:10.1.0.33:42291|priority:1|startupRole:FOLLOWER, 0803b3f8-d7a7-4034-819c-d574a53cd8d2|rpc:10.1.0.33:46295|priority:0|startupRole:FOLLOWER] with ContainerStateMachine:uninitialized
2022-11-14 01:05:37,494 [pool-613-thread-1] INFO  server.RaftServerConfigKeys (ConfUtils.java:logGet(46)) - raft.server.rpc.timeout.min = 5s (custom)
2022-11-14 01:05:37,494 [pool-613-thread-1] INFO  server.RaftServerConfigKeys (ConfUtils.java:logGet(46)) - raft.server.rpc.timeout.max = 5200ms (custom)
2022-11-14 01:05:37,494 [pool-613-thread-1] INFO  server.RaftServerConfigKeys (ConfUtils.java:logGet(46)) - raft.server.rpc.sleep.time = 25ms (default)
2022-11-14 01:05:37,494 [pool-613-thread-1] INFO  server.RaftServerConfigKeys (ConfUtils.java:logGet(46)) - raft.server.rpc.slowness.timeout = 300s (custom)
2022-11-14 01:05:37,494 [pool-613-thread-1] INFO  server.RaftServerConfigKeys (ConfUtils.java:logGet(46)) - raft.server.leaderelection.leader.step-down.wait-time = 10s (default)
2022-11-14 01:05:37,494 [pool-613-thread-1] INFO  server.RaftServerConfigKeys (ConfUtils.java:logGet(46)) - raft.server.sleep.deviation.threshold = 300ms (default)
2022-11-14 01:05:37,494 [pool-613-thread-1] INFO  server.RaftServer$Division (ServerState.java:<init>(118)) - 5580caa2-355e-4705-b703-b3b115bf5f47@group-5E32BC8487E9: ConfigurationManager, init=-1: peers:[e47c0d7c-1c57-43cf-a038-4c1ee28029c6|rpc:10.1.0.33:39237|priority:0|startupRole:FOLLOWER, 5580caa2-355e-4705-b703-b3b115bf5f47|rpc:10.1.0.33:42291|priority:1|startupRole:FOLLOWER, 0803b3f8-d7a7-4034-819c-d574a53cd8d2|rpc:10.1.0.33:46295|priority:0|startupRole:FOLLOWER]|listeners:[], old=null, confs=<EMPTY_MAP>
2022-11-14 01:05:37,494 [pool-613-thread-1] INFO  server.RaftServerConfigKeys (ConfUtils.java:logGet(46)) - raft.server.storage.dir = [/home/runner/work/ozone/ozone/hadoop-ozone/integration-test/target/test-dir/MiniOzoneClusterImpl-533bbe47-9fe4-4f83-8a40-bf54ddc9168f/datanode-3/data/ratis] (custom)
2022-11-14 01:05:37,494 [pool-613-thread-1] INFO  server.RaftServerConfigKeys (ConfUtils.java:logGet(46)) - raft.server.log.corruption.policy = EXCEPTION (default)
2022-11-14 01:05:37,494 [pool-613-thread-1] INFO  server.RaftServerConfigKeys (ConfUtils.java:logGet(46)) - raft.server.storage.free-space.min = 0MB (=0) (default)
2022-11-14 01:05:37,494 [pool-613-thread-1] INFO  server.RaftServerConfigKeys (ConfUtils.java:logGet(46)) - raft.server.notification.no-leader.timeout = 300s (custom)
2022-11-14 01:05:37,494 [pool-613-thread-1] INFO  server.RaftServerConfigKeys (ConfUtils.java:logGet(46)) - raft.server.retrycache.expirytime = 600000ms (custom)
2022-11-14 01:05:37,494 [pool-613-thread-1] INFO  server.RaftServerConfigKeys (ConfUtils.java:logGet(46)) - raft.server.retrycache.statistics.expirytime = 100μs (default)
2022-11-14 01:05:37,496 [pool-613-thread-1] INFO  server.RaftServerConfigKeys (ConfUtils.java:logGet(46)) - raft.server.log.appender.install.snapshot.enabled = false (custom)
2022-11-14 01:05:37,496 [pool-613-thread-1] INFO  server.RaftServerConfigKeys (ConfUtils.java:logGet(46)) - raft.server.threadpool.server.cached = true (default)
2022-11-14 01:05:37,496 [pool-613-thread-1] INFO  server.RaftServerConfigKeys (ConfUtils.java:logGet(46)) - raft.server.threadpool.server.size = 0 (default)
2022-11-14 01:05:37,496 [pool-613-thread-1] INFO  server.RaftServerConfigKeys (ConfUtils.java:logGet(46)) - raft.server.threadpool.client.cached = true (default)
2022-11-14 01:05:37,496 [pool-613-thread-1] INFO  server.RaftServerConfigKeys (ConfUtils.java:logGet(46)) - raft.server.threadpool.client.size = 0 (default)
2022-11-14 01:05:37,496 [pool-613-thread-1] INFO  storage.RaftStorageDirectory (RaftStorageDirectoryImpl.java:analyzeStorage(137)) - The storage directory /home/runner/work/ozone/ozone/hadoop-ozone/integration-test/target/test-dir/MiniOzoneClusterImpl-533bbe47-9fe4-4f83-8a40-bf54ddc9168f/datanode-3/data/ratis/3c4ef238-3691-492e-9e84-5e32bc8487e9 does not exist. Creating ...
2022-11-14 01:05:37,497 [pool-613-thread-1] INFO  storage.RaftStorageDirectory (RaftStorageDirectoryImpl.java:tryLock(231)) - Lock on /home/runner/work/ozone/ozone/hadoop-ozone/integration-test/target/test-dir/MiniOzoneClusterImpl-533bbe47-9fe4-4f83-8a40-bf54ddc9168f/datanode-3/data/ratis/3c4ef238-3691-492e-9e84-5e32bc8487e9/in_use.lock acquired by nodename 11961@fv-az334-552
2022-11-14 01:05:37,498 [pool-613-thread-1] INFO  storage.RaftStorage (RaftStorageImpl.java:format(96)) - Storage directory /home/runner/work/ozone/ozone/hadoop-ozone/integration-test/target/test-dir/MiniOzoneClusterImpl-533bbe47-9fe4-4f83-8a40-bf54ddc9168f/datanode-3/data/ratis/3c4ef238-3691-492e-9e84-5e32bc8487e9 has been successfully formatted.
2022-11-14 01:05:37,499 [pool-613-thread-1] INFO  ratis.ContainerStateMachine (ContainerStateMachine.java:loadSnapshot(236)) - group-5E32BC8487E9: The snapshot info is null. Setting the last applied indexto:(t:0, i:~)
2022-11-14 01:05:37,499 [pool-613-thread-1] INFO  server.RaftServerConfigKeys (ConfUtils.java:logGet(46)) - raft.server.log.use.memory = false (default)
2022-11-14 01:05:37,499 [pool-613-thread-1] INFO  server.RaftServerConfigKeys (ConfUtils.java:logGet(46)) - raft.server.log.purge.gap = 1000000 (custom)
2022-11-14 01:05:37,499 [pool-613-thread-1] INFO  server.RaftServerConfigKeys (ConfUtils.java:logGet(46)) - raft.server.log.appender.buffer.byte-limit = 33554432 (custom)
2022-11-14 01:05:37,499 [pool-613-thread-1] INFO  server.RaftServerConfigKeys (ConfUtils.java:logGet(46)) - raft.server.log.statemachine.data.read.timeout = 1000ms (default)
2022-11-14 01:05:37,500 [pool-613-thread-1] INFO  server.RaftServerConfigKeys (ConfUtils.java:logGet(46)) - raft.server.log.purge.preservation.log.num = 0 (default)
2022-11-14 01:05:37,500 [pool-613-thread-1] INFO  server.RaftServerConfigKeys (ConfUtils.java:logGet(46)) - raft.server.log.segment.size.max = 1048576 (custom)
2022-11-14 01:05:37,500 [pool-613-thread-1] INFO  server.RaftServerConfigKeys (ConfUtils.java:logGet(46)) - raft.server.log.segment.cache.num.max = 2 (custom)
2022-11-14 01:05:37,500 [pool-613-thread-1] INFO  server.RaftServerConfigKeys (ConfUtils.java:logGet(46)) - raft.server.log.segment.cache.size.max = 200MB (=209715200) (default)
2022-11-14 01:05:37,500 [pool-613-thread-1] INFO  segmented.SegmentedRaftLogWorker (SegmentedRaftLogWorker.java:<init>(191)) - new 5580caa2-355e-4705-b703-b3b115bf5f47@group-5E32BC8487E9-SegmentedRaftLogWorker for RaftStorageImpl:Storage Directory /home/runner/work/ozone/ozone/hadoop-ozone/integration-test/target/test-dir/MiniOzoneClusterImpl-533bbe47-9fe4-4f83-8a40-bf54ddc9168f/datanode-3/data/ratis/3c4ef238-3691-492e-9e84-5e32bc8487e9
2022-11-14 01:05:37,501 [pool-613-thread-1] INFO  server.RaftServerConfigKeys (ConfUtils.java:logGet(46)) - raft.server.log.queue.byte-limit = 4294967296 (custom)
2022-11-14 01:05:37,501 [pool-613-thread-1] INFO  server.RaftServerConfigKeys (ConfUtils.java:logGet(46)) - raft.server.log.queue.element-limit = 1024 (custom)
2022-11-14 01:05:37,501 [pool-613-thread-1] INFO  server.RaftServerConfigKeys (ConfUtils.java:logGet(46)) - raft.server.log.segment.size.max = 1048576 (custom)
2022-11-14 01:05:37,501 [pool-613-thread-1] INFO  server.RaftServerConfigKeys (ConfUtils.java:logGet(46)) - raft.server.log.preallocated.size = 16384 (custom)
2022-11-14 01:05:37,501 [pool-613-thread-1] INFO  server.RaftServerConfigKeys (ConfUtils.java:logGet(46)) - raft.server.log.force.sync.num = 128 (default)
2022-11-14 01:05:37,501 [pool-613-thread-1] INFO  server.RaftServerConfigKeys (ConfUtils.java:logGet(46)) - raft.server.log.statemachine.data.sync = true (default)
2022-11-14 01:05:37,501 [pool-613-thread-1] INFO  server.RaftServerConfigKeys (ConfUtils.java:logGet(46)) - raft.server.log.statemachine.data.sync.timeout = 10s (default)
2022-11-14 01:05:37,501 [pool-613-thread-1] INFO  server.RaftServerConfigKeys (ConfUtils.java:logGet(46)) - raft.server.log.statemachine.data.sync.timeout.retry = -1 (default)
2022-11-14 01:05:37,502 [pool-613-thread-1] INFO  server.RaftServerConfigKeys (ConfUtils.java:logGet(46)) - raft.server.log.write.buffer.size = 1048576 (custom)
2022-11-14 01:05:37,503 [pool-613-thread-1] INFO  server.RaftServerConfigKeys (ConfUtils.java:logGet(46)) - raft.server.log.unsafe-flush.enabled = false (default)
2022-11-14 01:05:37,503 [pool-613-thread-1] INFO  server.RaftServerConfigKeys (ConfUtils.java:logGet(46)) - raft.server.log.async-flush.enabled = false (default)
2022-11-14 01:05:37,503 [pool-613-thread-1] INFO  server.RaftServerConfigKeys (ConfUtils.java:logGet(46)) - raft.server.log.statemachine.data.caching.enabled = true (custom)
2022-11-14 01:05:37,503 [pool-613-thread-1] INFO  segmented.SegmentedRaftLogWorker (SegmentedRaftLogWorker.java:lambda$new$0(136)) - 5580caa2-355e-4705-b703-b3b115bf5f47@group-5E32BC8487E9-SegmentedRaftLogWorker: flushIndex: setUnconditionally 0 -> -1
2022-11-14 01:05:37,503 [pool-613-thread-1] INFO  segmented.SegmentedRaftLogWorker (SegmentedRaftLogWorker.java:lambda$new$0(136)) - 5580caa2-355e-4705-b703-b3b115bf5f47@group-5E32BC8487E9-SegmentedRaftLogWorker: safeCacheEvictIndex: setUnconditionally 0 -> -1
2022-11-14 01:05:37,503 [pool-613-thread-1] INFO  server.RaftServer$Division (RaftServerImpl.java:start(334)) - 5580caa2-355e-4705-b703-b3b115bf5f47@group-5E32BC8487E9: start as a follower, conf=-1: peers:[e47c0d7c-1c57-43cf-a038-4c1ee28029c6|rpc:10.1.0.33:39237|priority:0|startupRole:FOLLOWER, 5580caa2-355e-4705-b703-b3b115bf5f47|rpc:10.1.0.33:42291|priority:1|startupRole:FOLLOWER, 0803b3f8-d7a7-4034-819c-d574a53cd8d2|rpc:10.1.0.33:46295|priority:0|startupRole:FOLLOWER]|listeners:[], old=null
2022-11-14 01:05:37,503 [pool-613-thread-1] INFO  server.RaftServer$Division (RaftServerImpl.java:setRole(321)) - 5580caa2-355e-4705-b703-b3b115bf5f47@group-5E32BC8487E9: changes role from      null to FOLLOWER at term 0 for startAsFollower
2022-11-14 01:05:37,503 [pool-613-thread-1] INFO  impl.RoleInfo (RoleInfo.java:updateAndGet(139)) - 5580caa2-355e-4705-b703-b3b115bf5f47: start 5580caa2-355e-4705-b703-b3b115bf5f47@group-5E32BC8487E9-FollowerState
2022-11-14 01:05:37,503 [pool-613-thread-1] INFO  util.JmxRegister (JmxRegister.java:tryRegister(44)) - Successfully registered JMX Bean with object name Ratis:service=RaftServer,group=group-5E32BC8487E9,id=5580caa2-355e-4705-b703-b3b115bf5f47
2022-11-14 01:05:37,503 [5580caa2-355e-4705-b703-b3b115bf5f47@group-5E32BC8487E9-FollowerState] INFO  server.RaftServerConfigKeys (ConfUtils.java:logFallback(53)) - raft.server.rpc.first-election.timeout.min = 5s (fallback to raft.server.rpc.timeout.min)
2022-11-14 01:05:37,503 [pool-613-thread-1] INFO  server.RaftServerConfigKeys (ConfUtils.java:logGet(46)) - raft.server.snapshot.auto.trigger.enabled = true (custom)
2022-11-14 01:05:37,504 [5580caa2-355e-4705-b703-b3b115bf5f47@group-5E32BC8487E9-FollowerState] INFO  server.RaftServerConfigKeys (ConfUtils.java:logFallback(53)) - raft.server.rpc.first-election.timeout.max = 5200ms (fallback to raft.server.rpc.timeout.max)
2022-11-14 01:05:37,504 [pool-613-thread-1] INFO  server.RaftServerConfigKeys (ConfUtils.java:logGet(46)) - raft.server.snapshot.auto.trigger.threshold = 10000 (custom)
2022-11-14 01:05:37,504 [pool-613-thread-1] INFO  server.RaftServerConfigKeys (ConfUtils.java:logGet(46)) - raft.server.snapshot.retention.file.num = 5 (custom)
2022-11-14 01:05:37,504 [pool-613-thread-1] INFO  server.RaftServerConfigKeys (ConfUtils.java:logGet(46)) - raft.server.log.purge.upto.snapshot.index = false (default)
2022-11-14 01:05:37,504 [Command processor thread] INFO  ratis.XceiverServerRatis (XceiverServerRatis.java:addGroup(765)) - Created group PipelineID=3c4ef238-3691-492e-9e84-5e32bc8487e9
2022-11-14 01:05:37,515 [grpc-default-executor-0] INFO  server.RaftServer (RaftServerProxy.java:addNew(96)) - 0803b3f8-d7a7-4034-819c-d574a53cd8d2: addNew group-5E32BC8487E9:[e47c0d7c-1c57-43cf-a038-4c1ee28029c6|rpc:10.1.0.33:39237|dataStream:|priority:0|startupRole:FOLLOWER, 5580caa2-355e-4705-b703-b3b115bf5f47|rpc:10.1.0.33:42291|dataStream:|priority:1|startupRole:FOLLOWER, 0803b3f8-d7a7-4034-819c-d574a53cd8d2|rpc:10.1.0.33:46295|dataStream:|priority:0|startupRole:FOLLOWER] returns group-5E32BC8487E9:java.util.concurrent.CompletableFuture@6364d40b[Not completed]
2022-11-14 01:05:37,516 [pool-636-thread-1] INFO  server.RaftServer$Division (RaftServerImpl.java:<init>(195)) - 0803b3f8-d7a7-4034-819c-d574a53cd8d2: new RaftServerImpl for group-5E32BC8487E9:[e47c0d7c-1c57-43cf-a038-4c1ee28029c6|rpc:10.1.0.33:39237|dataStream:|priority:0|startupRole:FOLLOWER, 5580caa2-355e-4705-b703-b3b115bf5f47|rpc:10.1.0.33:42291|dataStream:|priority:1|startupRole:FOLLOWER, 0803b3f8-d7a7-4034-819c-d574a53cd8d2|rpc:10.1.0.33:46295|dataStream:|priority:0|startupRole:FOLLOWER] with ContainerStateMachine:uninitialized
2022-11-14 01:05:37,517 [pool-636-thread-1] INFO  server.RaftServerConfigKeys (ConfUtils.java:logGet(46)) - raft.server.rpc.timeout.min = 5s (custom)
2022-11-14 01:05:37,517 [pool-636-thread-1] INFO  server.RaftServerConfigKeys (ConfUtils.java:logGet(46)) - raft.server.rpc.timeout.max = 5200ms (custom)
2022-11-14 01:05:37,517 [pool-636-thread-1] INFO  server.RaftServerConfigKeys (ConfUtils.java:logGet(46)) - raft.server.rpc.sleep.time = 25ms (default)
2022-11-14 01:05:37,517 [pool-636-thread-1] INFO  server.RaftServerConfigKeys (ConfUtils.java:logGet(46)) - raft.server.rpc.slowness.timeout = 300s (custom)
2022-11-14 01:05:37,517 [pool-636-thread-1] INFO  server.RaftServerConfigKeys (ConfUtils.java:logGet(46)) - raft.server.leaderelection.leader.step-down.wait-time = 10s (default)
2022-11-14 01:05:37,517 [pool-636-thread-1] INFO  server.RaftServerConfigKeys (ConfUtils.java:logGet(46)) - raft.server.sleep.deviation.threshold = 300ms (default)
2022-11-14 01:05:37,517 [pool-636-thread-1] INFO  server.RaftServer$Division (ServerState.java:<init>(118)) - 0803b3f8-d7a7-4034-819c-d574a53cd8d2@group-5E32BC8487E9: ConfigurationManager, init=-1: peers:[e47c0d7c-1c57-43cf-a038-4c1ee28029c6|rpc:10.1.0.33:39237|dataStream:|priority:0|startupRole:FOLLOWER, 5580caa2-355e-4705-b703-b3b115bf5f47|rpc:10.1.0.33:42291|dataStream:|priority:1|startupRole:FOLLOWER, 0803b3f8-d7a7-4034-819c-d574a53cd8d2|rpc:10.1.0.33:46295|dataStream:|priority:0|startupRole:FOLLOWER]|listeners:[], old=null, confs=<EMPTY_MAP>
2022-11-14 01:05:37,517 [pool-636-thread-1] INFO  server.RaftServerConfigKeys (ConfUtils.java:logGet(46)) - raft.server.storage.dir = [/home/runner/work/ozone/ozone/hadoop-ozone/integration-test/target/test-dir/MiniOzoneClusterImpl-533bbe47-9fe4-4f83-8a40-bf54ddc9168f/datanode-4/data/ratis] (custom)
2022-11-14 01:05:37,517 [pool-636-thread-1] INFO  server.RaftServerConfigKeys (ConfUtils.java:logGet(46)) - raft.server.log.corruption.policy = EXCEPTION (default)
2022-11-14 01:05:37,517 [pool-636-thread-1] INFO  server.RaftServerConfigKeys (ConfUtils.java:logGet(46)) - raft.server.storage.free-space.min = 0MB (=0) (default)
2022-11-14 01:05:37,517 [pool-636-thread-1] INFO  server.RaftServerConfigKeys (ConfUtils.java:logGet(46)) - raft.server.notification.no-leader.timeout = 300s (custom)
2022-11-14 01:05:37,517 [pool-636-thread-1] INFO  server.RaftServerConfigKeys (ConfUtils.java:logGet(46)) - raft.server.retrycache.expirytime = 600000ms (custom)
2022-11-14 01:05:37,517 [pool-636-thread-1] INFO  server.RaftServerConfigKeys (ConfUtils.java:logGet(46)) - raft.server.retrycache.statistics.expirytime = 100μs (default)
2022-11-14 01:05:37,518 [pool-636-thread-1] INFO  server.RaftServerConfigKeys (ConfUtils.java:logGet(46)) - raft.server.log.appender.install.snapshot.enabled = false (custom)
2022-11-14 01:05:37,518 [pool-636-thread-1] INFO  server.RaftServerConfigKeys (ConfUtils.java:logGet(46)) - raft.server.threadpool.server.cached = true (default)
2022-11-14 01:05:37,518 [pool-636-thread-1] INFO  server.RaftServerConfigKeys (ConfUtils.java:logGet(46)) - raft.server.threadpool.server.size = 0 (default)
2022-11-14 01:05:37,518 [pool-636-thread-1] INFO  server.RaftServerConfigKeys (ConfUtils.java:logGet(46)) - raft.server.threadpool.client.cached = true (default)
2022-11-14 01:05:37,519 [pool-636-thread-1] INFO  server.RaftServerConfigKeys (ConfUtils.java:logGet(46)) - raft.server.threadpool.client.size = 0 (default)
2022-11-14 01:05:37,519 [pool-636-thread-1] INFO  storage.RaftStorageDirectory (RaftStorageDirectoryImpl.java:analyzeStorage(137)) - The storage directory /home/runner/work/ozone/ozone/hadoop-ozone/integration-test/target/test-dir/MiniOzoneClusterImpl-533bbe47-9fe4-4f83-8a40-bf54ddc9168f/datanode-4/data/ratis/3c4ef238-3691-492e-9e84-5e32bc8487e9 does not exist. Creating ...
2022-11-14 01:05:37,520 [pool-636-thread-1] INFO  storage.RaftStorageDirectory (RaftStorageDirectoryImpl.java:tryLock(231)) - Lock on /home/runner/work/ozone/ozone/hadoop-ozone/integration-test/target/test-dir/MiniOzoneClusterImpl-533bbe47-9fe4-4f83-8a40-bf54ddc9168f/datanode-4/data/ratis/3c4ef238-3691-492e-9e84-5e32bc8487e9/in_use.lock acquired by nodename 11961@fv-az334-552
2022-11-14 01:05:37,521 [pool-636-thread-1] INFO  storage.RaftStorage (RaftStorageImpl.java:format(96)) - Storage directory /home/runner/work/ozone/ozone/hadoop-ozone/integration-test/target/test-dir/MiniOzoneClusterImpl-533bbe47-9fe4-4f83-8a40-bf54ddc9168f/datanode-4/data/ratis/3c4ef238-3691-492e-9e84-5e32bc8487e9 has been successfully formatted.
2022-11-14 01:05:37,522 [pool-636-thread-1] INFO  ratis.ContainerStateMachine (ContainerStateMachine.java:loadSnapshot(236)) - group-5E32BC8487E9: The snapshot info is null. Setting the last applied indexto:(t:0, i:~)
2022-11-14 01:05:37,522 [pool-636-thread-1] INFO  server.RaftServerConfigKeys (ConfUtils.java:logGet(46)) - raft.server.log.use.memory = false (default)
2022-11-14 01:05:37,522 [pool-636-thread-1] INFO  server.RaftServerConfigKeys (ConfUtils.java:logGet(46)) - raft.server.log.purge.gap = 1000000 (custom)
2022-11-14 01:05:37,523 [pool-636-thread-1] INFO  server.RaftServerConfigKeys (ConfUtils.java:logGet(46)) - raft.server.log.appender.buffer.byte-limit = 33554432 (custom)
2022-11-14 01:05:37,523 [pool-636-thread-1] INFO  server.RaftServerConfigKeys (ConfUtils.java:logGet(46)) - raft.server.log.statemachine.data.read.timeout = 1000ms (default)
2022-11-14 01:05:37,523 [pool-636-thread-1] INFO  server.RaftServerConfigKeys (ConfUtils.java:logGet(46)) - raft.server.log.purge.preservation.log.num = 0 (default)
2022-11-14 01:05:37,524 [pool-636-thread-1] INFO  server.RaftServerConfigKeys (ConfUtils.java:logGet(46)) - raft.server.log.segment.size.max = 1048576 (custom)
2022-11-14 01:05:37,524 [pool-636-thread-1] INFO  server.RaftServerConfigKeys (ConfUtils.java:logGet(46)) - raft.server.log.segment.cache.num.max = 2 (custom)
2022-11-14 01:05:37,524 [pool-636-thread-1] INFO  server.RaftServerConfigKeys (ConfUtils.java:logGet(46)) - raft.server.log.segment.cache.size.max = 200MB (=209715200) (default)
2022-11-14 01:05:37,524 [pool-636-thread-1] INFO  segmented.SegmentedRaftLogWorker (SegmentedRaftLogWorker.java:<init>(191)) - new 0803b3f8-d7a7-4034-819c-d574a53cd8d2@group-5E32BC8487E9-SegmentedRaftLogWorker for RaftStorageImpl:Storage Directory /home/runner/work/ozone/ozone/hadoop-ozone/integration-test/target/test-dir/MiniOzoneClusterImpl-533bbe47-9fe4-4f83-8a40-bf54ddc9168f/datanode-4/data/ratis/3c4ef238-3691-492e-9e84-5e32bc8487e9
2022-11-14 01:05:37,524 [pool-636-thread-1] INFO  server.RaftServerConfigKeys (ConfUtils.java:logGet(46)) - raft.server.log.queue.byte-limit = 4294967296 (custom)
2022-11-14 01:05:37,524 [pool-636-thread-1] INFO  server.RaftServerConfigKeys (ConfUtils.java:logGet(46)) - raft.server.log.queue.element-limit = 1024 (custom)
2022-11-14 01:05:37,524 [pool-636-thread-1] INFO  server.RaftServerConfigKeys (ConfUtils.java:logGet(46)) - raft.server.log.segment.size.max = 1048576 (custom)
2022-11-14 01:05:37,524 [pool-636-thread-1] INFO  server.RaftServerConfigKeys (ConfUtils.java:logGet(46)) - raft.server.log.preallocated.size = 16384 (custom)
2022-11-14 01:05:37,524 [pool-636-thread-1] INFO  server.RaftServerConfigKeys (ConfUtils.java:logGet(46)) - raft.server.log.force.sync.num = 128 (default)
2022-11-14 01:05:37,524 [pool-636-thread-1] INFO  server.RaftServerConfigKeys (ConfUtils.java:logGet(46)) - raft.server.log.statemachine.data.sync = true (default)
2022-11-14 01:05:37,524 [pool-636-thread-1] INFO  server.RaftServerConfigKeys (ConfUtils.java:logGet(46)) - raft.server.log.statemachine.data.sync.timeout = 10s (default)
2022-11-14 01:05:37,524 [pool-636-thread-1] INFO  server.RaftServerConfigKeys (ConfUtils.java:logGet(46)) - raft.server.log.statemachine.data.sync.timeout.retry = -1 (default)
2022-11-14 01:05:37,526 [pool-636-thread-1] INFO  server.RaftServerConfigKeys (ConfUtils.java:logGet(46)) - raft.server.log.write.buffer.size = 1048576 (custom)
2022-11-14 01:05:37,526 [pool-636-thread-1] INFO  server.RaftServerConfigKeys (ConfUtils.java:logGet(46)) - raft.server.log.unsafe-flush.enabled = false (default)
2022-11-14 01:05:37,526 [pool-636-thread-1] INFO  server.RaftServerConfigKeys (ConfUtils.java:logGet(46)) - raft.server.log.async-flush.enabled = false (default)
2022-11-14 01:05:37,526 [pool-636-thread-1] INFO  server.RaftServerConfigKeys (ConfUtils.java:logGet(46)) - raft.server.log.statemachine.data.caching.enabled = true (custom)
2022-11-14 01:05:37,526 [pool-636-thread-1] INFO  segmented.SegmentedRaftLogWorker (SegmentedRaftLogWorker.java:lambda$new$0(136)) - 0803b3f8-d7a7-4034-819c-d574a53cd8d2@group-5E32BC8487E9-SegmentedRaftLogWorker: flushIndex: setUnconditionally 0 -> -1
2022-11-14 01:05:37,527 [pool-636-thread-1] INFO  segmented.SegmentedRaftLogWorker (SegmentedRaftLogWorker.java:lambda$new$0(136)) - 0803b3f8-d7a7-4034-819c-d574a53cd8d2@group-5E32BC8487E9-SegmentedRaftLogWorker: safeCacheEvictIndex: setUnconditionally 0 -> -1
2022-11-14 01:05:37,527 [pool-636-thread-1] INFO  server.RaftServer$Division (RaftServerImpl.java:start(334)) - 0803b3f8-d7a7-4034-819c-d574a53cd8d2@group-5E32BC8487E9: start as a follower, conf=-1: peers:[e47c0d7c-1c57-43cf-a038-4c1ee28029c6|rpc:10.1.0.33:39237|dataStream:|priority:0|startupRole:FOLLOWER, 5580caa2-355e-4705-b703-b3b115bf5f47|rpc:10.1.0.33:42291|dataStream:|priority:1|startupRole:FOLLOWER, 0803b3f8-d7a7-4034-819c-d574a53cd8d2|rpc:10.1.0.33:46295|dataStream:|priority:0|startupRole:FOLLOWER]|listeners:[], old=null
2022-11-14 01:05:37,527 [pool-636-thread-1] INFO  server.RaftServer$Division (RaftServerImpl.java:setRole(321)) - 0803b3f8-d7a7-4034-819c-d574a53cd8d2@group-5E32BC8487E9: changes role from      null to FOLLOWER at term 0 for startAsFollower
2022-11-14 01:05:37,527 [pool-636-thread-1] INFO  impl.RoleInfo (RoleInfo.java:updateAndGet(139)) - 0803b3f8-d7a7-4034-819c-d574a53cd8d2: start 0803b3f8-d7a7-4034-819c-d574a53cd8d2@group-5E32BC8487E9-FollowerState
2022-11-14 01:05:37,531 [pool-636-thread-1] INFO  util.JmxRegister (JmxRegister.java:tryRegister(44)) - Successfully registered JMX Bean with object name Ratis:service=RaftServer,group=group-5E32BC8487E9,id=0803b3f8-d7a7-4034-819c-d574a53cd8d2
2022-11-14 01:05:37,531 [pool-636-thread-1] INFO  server.RaftServerConfigKeys (ConfUtils.java:logGet(46)) - raft.server.snapshot.auto.trigger.enabled = true (custom)
2022-11-14 01:05:37,531 [pool-636-thread-1] INFO  server.RaftServerConfigKeys (ConfUtils.java:logGet(46)) - raft.server.snapshot.auto.trigger.threshold = 10000 (custom)
2022-11-14 01:05:37,531 [pool-636-thread-1] INFO  server.RaftServerConfigKeys (ConfUtils.java:logGet(46)) - raft.server.snapshot.retention.file.num = 5 (custom)
2022-11-14 01:05:37,531 [pool-636-thread-1] INFO  server.RaftServerConfigKeys (ConfUtils.java:logGet(46)) - raft.server.log.purge.upto.snapshot.index = false (default)
2022-11-14 01:05:37,532 [0803b3f8-d7a7-4034-819c-d574a53cd8d2@group-5E32BC8487E9-FollowerState] INFO  server.RaftServerConfigKeys (ConfUtils.java:logFallback(53)) - raft.server.rpc.first-election.timeout.min = 5s (fallback to raft.server.rpc.timeout.min)
2022-11-14 01:05:37,532 [0803b3f8-d7a7-4034-819c-d574a53cd8d2@group-5E32BC8487E9-FollowerState] INFO  server.RaftServerConfigKeys (ConfUtils.java:logFallback(53)) - raft.server.rpc.first-election.timeout.max = 5200ms (fallback to raft.server.rpc.timeout.max)
2022-11-14 01:05:37,555 [grpc-default-executor-0] INFO  server.RaftServer (RaftServerProxy.java:addNew(96)) - e47c0d7c-1c57-43cf-a038-4c1ee28029c6: addNew group-5E32BC8487E9:[e47c0d7c-1c57-43cf-a038-4c1ee28029c6|rpc:10.1.0.33:39237|dataStream:|priority:0|startupRole:FOLLOWER, 5580caa2-355e-4705-b703-b3b115bf5f47|rpc:10.1.0.33:42291|dataStream:|priority:1|startupRole:FOLLOWER, 0803b3f8-d7a7-4034-819c-d574a53cd8d2|rpc:10.1.0.33:46295|dataStream:|priority:0|startupRole:FOLLOWER] returns group-5E32BC8487E9:java.util.concurrent.CompletableFuture@6a522c4b[Not completed]
2022-11-14 01:05:37,556 [pool-659-thread-1] INFO  server.RaftServer$Division (RaftServerImpl.java:<init>(195)) - e47c0d7c-1c57-43cf-a038-4c1ee28029c6: new RaftServerImpl for group-5E32BC8487E9:[e47c0d7c-1c57-43cf-a038-4c1ee28029c6|rpc:10.1.0.33:39237|dataStream:|priority:0|startupRole:FOLLOWER, 5580caa2-355e-4705-b703-b3b115bf5f47|rpc:10.1.0.33:42291|dataStream:|priority:1|startupRole:FOLLOWER, 0803b3f8-d7a7-4034-819c-d574a53cd8d2|rpc:10.1.0.33:46295|dataStream:|priority:0|startupRole:FOLLOWER] with ContainerStateMachine:uninitialized
2022-11-14 01:05:37,556 [pool-659-thread-1] INFO  server.RaftServerConfigKeys (ConfUtils.java:logGet(46)) - raft.server.rpc.timeout.min = 5s (custom)
2022-11-14 01:05:37,556 [pool-659-thread-1] INFO  server.RaftServerConfigKeys (ConfUtils.java:logGet(46)) - raft.server.rpc.timeout.max = 5200ms (custom)
2022-11-14 01:05:37,556 [pool-659-thread-1] INFO  server.RaftServerConfigKeys (ConfUtils.java:logGet(46)) - raft.server.rpc.sleep.time = 25ms (default)
2022-11-14 01:05:37,556 [pool-659-thread-1] INFO  server.RaftServerConfigKeys (ConfUtils.java:logGet(46)) - raft.server.rpc.slowness.timeout = 300s (custom)
2022-11-14 01:05:37,556 [pool-659-thread-1] INFO  server.RaftServerConfigKeys (ConfUtils.java:logGet(46)) - raft.server.leaderelection.leader.step-down.wait-time = 10s (default)
2022-11-14 01:05:37,556 [pool-659-thread-1] INFO  server.RaftServerConfigKeys (ConfUtils.java:logGet(46)) - raft.server.sleep.deviation.threshold = 300ms (default)
2022-11-14 01:05:37,556 [pool-659-thread-1] INFO  server.RaftServer$Division (ServerState.java:<init>(118)) - e47c0d7c-1c57-43cf-a038-4c1ee28029c6@group-5E32BC8487E9: ConfigurationManager, init=-1: peers:[e47c0d7c-1c57-43cf-a038-4c1ee28029c6|rpc:10.1.0.33:39237|dataStream:|priority:0|startupRole:FOLLOWER, 5580caa2-355e-4705-b703-b3b115bf5f47|rpc:10.1.0.33:42291|dataStream:|priority:1|startupRole:FOLLOWER, 0803b3f8-d7a7-4034-819c-d574a53cd8d2|rpc:10.1.0.33:46295|dataStream:|priority:0|startupRole:FOLLOWER]|listeners:[], old=null, confs=<EMPTY_MAP>
2022-11-14 01:05:37,556 [pool-659-thread-1] INFO  server.RaftServerConfigKeys (ConfUtils.java:logGet(46)) - raft.server.storage.dir = [/home/runner/work/ozone/ozone/hadoop-ozone/integration-test/target/test-dir/MiniOzoneClusterImpl-533bbe47-9fe4-4f83-8a40-bf54ddc9168f/datanode-5/data/ratis] (custom)
2022-11-14 01:05:37,557 [pool-659-thread-1] INFO  server.RaftServerConfigKeys (ConfUtils.java:logGet(46)) - raft.server.log.corruption.policy = EXCEPTION (default)
2022-11-14 01:05:37,557 [pool-659-thread-1] INFO  server.RaftServerConfigKeys (ConfUtils.java:logGet(46)) - raft.server.storage.free-space.min = 0MB (=0) (default)
2022-11-14 01:05:37,557 [pool-659-thread-1] INFO  server.RaftServerConfigKeys (ConfUtils.java:logGet(46)) - raft.server.notification.no-leader.timeout = 300s (custom)
2022-11-14 01:05:37,557 [pool-659-thread-1] INFO  server.RaftServerConfigKeys (ConfUtils.java:logGet(46)) - raft.server.retrycache.expirytime = 600000ms (custom)
2022-11-14 01:05:37,557 [pool-659-thread-1] INFO  server.RaftServerConfigKeys (ConfUtils.java:logGet(46)) - raft.server.retrycache.statistics.expirytime = 100μs (default)
2022-11-14 01:05:37,558 [pool-659-thread-1] INFO  server.RaftServerConfigKeys (ConfUtils.java:logGet(46)) - raft.server.log.appender.install.snapshot.enabled = false (custom)
2022-11-14 01:05:37,558 [pool-659-thread-1] INFO  server.RaftServerConfigKeys (ConfUtils.java:logGet(46)) - raft.server.threadpool.server.cached = true (default)
2022-11-14 01:05:37,558 [pool-659-thread-1] INFO  server.RaftServerConfigKeys (ConfUtils.java:logGet(46)) - raft.server.threadpool.server.size = 0 (default)
2022-11-14 01:05:37,558 [pool-659-thread-1] INFO  server.RaftServerConfigKeys (ConfUtils.java:logGet(46)) - raft.server.threadpool.client.cached = true (default)
2022-11-14 01:05:37,558 [pool-659-thread-1] INFO  server.RaftServerConfigKeys (ConfUtils.java:logGet(46)) - raft.server.threadpool.client.size = 0 (default)
2022-11-14 01:05:37,558 [pool-659-thread-1] INFO  storage.RaftStorageDirectory (RaftStorageDirectoryImpl.java:analyzeStorage(137)) - The storage directory /home/runner/work/ozone/ozone/hadoop-ozone/integration-test/target/test-dir/MiniOzoneClusterImpl-533bbe47-9fe4-4f83-8a40-bf54ddc9168f/datanode-5/data/ratis/3c4ef238-3691-492e-9e84-5e32bc8487e9 does not exist. Creating ...
2022-11-14 01:05:37,560 [pool-659-thread-1] INFO  storage.RaftStorageDirectory (RaftStorageDirectoryImpl.java:tryLock(231)) - Lock on /home/runner/work/ozone/ozone/hadoop-ozone/integration-test/target/test-dir/MiniOzoneClusterImpl-533bbe47-9fe4-4f83-8a40-bf54ddc9168f/datanode-5/data/ratis/3c4ef238-3691-492e-9e84-5e32bc8487e9/in_use.lock acquired by nodename 11961@fv-az334-552
2022-11-14 01:05:37,560 [pool-659-thread-1] INFO  storage.RaftStorage (RaftStorageImpl.java:format(96)) - Storage directory /home/runner/work/ozone/ozone/hadoop-ozone/integration-test/target/test-dir/MiniOzoneClusterImpl-533bbe47-9fe4-4f83-8a40-bf54ddc9168f/datanode-5/data/ratis/3c4ef238-3691-492e-9e84-5e32bc8487e9 has been successfully formatted.
2022-11-14 01:05:37,562 [pool-659-thread-1] INFO  ratis.ContainerStateMachine (ContainerStateMachine.java:loadSnapshot(236)) - group-5E32BC8487E9: The snapshot info is null. Setting the last applied indexto:(t:0, i:~)
2022-11-14 01:05:37,562 [pool-659-thread-1] INFO  server.RaftServerConfigKeys (ConfUtils.java:logGet(46)) - raft.server.log.use.memory = false (default)
2022-11-14 01:05:37,562 [pool-659-thread-1] INFO  server.RaftServerConfigKeys (ConfUtils.java:logGet(46)) - raft.server.log.purge.gap = 1000000 (custom)
2022-11-14 01:05:37,562 [pool-659-thread-1] INFO  server.RaftServerConfigKeys (ConfUtils.java:logGet(46)) - raft.server.log.appender.buffer.byte-limit = 33554432 (custom)
2022-11-14 01:05:37,562 [pool-659-thread-1] INFO  server.RaftServerConfigKeys (ConfUtils.java:logGet(46)) - raft.server.log.statemachine.data.read.timeout = 1000ms (default)
2022-11-14 01:05:37,562 [pool-659-thread-1] INFO  server.RaftServerConfigKeys (ConfUtils.java:logGet(46)) - raft.server.log.purge.preservation.log.num = 0 (default)
2022-11-14 01:05:37,563 [pool-659-thread-1] INFO  server.RaftServerConfigKeys (ConfUtils.java:logGet(46)) - raft.server.log.segment.size.max = 1048576 (custom)
2022-11-14 01:05:37,563 [pool-659-thread-1] INFO  server.RaftServerConfigKeys (ConfUtils.java:logGet(46)) - raft.server.log.segment.cache.num.max = 2 (custom)
2022-11-14 01:05:37,563 [pool-659-thread-1] INFO  server.RaftServerConfigKeys (ConfUtils.java:logGet(46)) - raft.server.log.segment.cache.size.max = 200MB (=209715200) (default)
2022-11-14 01:05:37,563 [pool-659-thread-1] INFO  segmented.SegmentedRaftLogWorker (SegmentedRaftLogWorker.java:<init>(191)) - new e47c0d7c-1c57-43cf-a038-4c1ee28029c6@group-5E32BC8487E9-SegmentedRaftLogWorker for RaftStorageImpl:Storage Directory /home/runner/work/ozone/ozone/hadoop-ozone/integration-test/target/test-dir/MiniOzoneClusterImpl-533bbe47-9fe4-4f83-8a40-bf54ddc9168f/datanode-5/data/ratis/3c4ef238-3691-492e-9e84-5e32bc8487e9
2022-11-14 01:05:37,564 [pool-659-thread-1] INFO  server.RaftServerConfigKeys (ConfUtils.java:logGet(46)) - raft.server.log.queue.byte-limit = 4294967296 (custom)
2022-11-14 01:05:37,564 [pool-659-thread-1] INFO  server.RaftServerConfigKeys (ConfUtils.java:logGet(46)) - raft.server.log.queue.element-limit = 1024 (custom)
2022-11-14 01:05:37,564 [pool-659-thread-1] INFO  server.RaftServerConfigKeys (ConfUtils.java:logGet(46)) - raft.server.log.segment.size.max = 1048576 (custom)
2022-11-14 01:05:37,564 [pool-659-thread-1] INFO  server.RaftServerConfigKeys (ConfUtils.java:logGet(46)) - raft.server.log.preallocated.size = 16384 (custom)
2022-11-14 01:05:37,564 [pool-659-thread-1] INFO  server.RaftServerConfigKeys (ConfUtils.java:logGet(46)) - raft.server.log.force.sync.num = 128 (default)
2022-11-14 01:05:37,564 [pool-659-thread-1] INFO  server.RaftServerConfigKeys (ConfUtils.java:logGet(46)) - raft.server.log.statemachine.data.sync = true (default)
2022-11-14 01:05:37,564 [pool-659-thread-1] INFO  server.RaftServerConfigKeys (ConfUtils.java:logGet(46)) - raft.server.log.statemachine.data.sync.timeout = 10s (default)
2022-11-14 01:05:37,564 [pool-659-thread-1] INFO  server.RaftServerConfigKeys (ConfUtils.java:logGet(46)) - raft.server.log.statemachine.data.sync.timeout.retry = -1 (default)
2022-11-14 01:05:37,565 [pool-659-thread-1] INFO  server.RaftServerConfigKeys (ConfUtils.java:logGet(46)) - raft.server.log.write.buffer.size = 1048576 (custom)
2022-11-14 01:05:37,565 [pool-659-thread-1] INFO  server.RaftServerConfigKeys (ConfUtils.java:logGet(46)) - raft.server.log.unsafe-flush.enabled = false (default)
2022-11-14 01:05:37,565 [pool-659-thread-1] INFO  server.RaftServerConfigKeys (ConfUtils.java:logGet(46)) - raft.server.log.async-flush.enabled = false (default)
2022-11-14 01:05:37,565 [pool-659-thread-1] INFO  server.RaftServerConfigKeys (ConfUtils.java:logGet(46)) - raft.server.log.statemachine.data.caching.enabled = true (custom)
2022-11-14 01:05:37,565 [pool-659-thread-1] INFO  segmented.SegmentedRaftLogWorker (SegmentedRaftLogWorker.java:lambda$new$0(136)) - e47c0d7c-1c57-43cf-a038-4c1ee28029c6@group-5E32BC8487E9-SegmentedRaftLogWorker: flushIndex: setUnconditionally 0 -> -1
2022-11-14 01:05:37,566 [pool-659-thread-1] INFO  segmented.SegmentedRaftLogWorker (SegmentedRaftLogWorker.java:lambda$new$0(136)) - e47c0d7c-1c57-43cf-a038-4c1ee28029c6@group-5E32BC8487E9-SegmentedRaftLogWorker: safeCacheEvictIndex: setUnconditionally 0 -> -1
2022-11-14 01:05:37,567 [pool-659-thread-1] INFO  server.RaftServer$Division (RaftServerImpl.java:start(334)) - e47c0d7c-1c57-43cf-a038-4c1ee28029c6@group-5E32BC8487E9: start as a follower, conf=-1: peers:[e47c0d7c-1c57-43cf-a038-4c1ee28029c6|rpc:10.1.0.33:39237|dataStream:|priority:0|startupRole:FOLLOWER, 5580caa2-355e-4705-b703-b3b115bf5f47|rpc:10.1.0.33:42291|dataStream:|priority:1|startupRole:FOLLOWER, 0803b3f8-d7a7-4034-819c-d574a53cd8d2|rpc:10.1.0.33:46295|dataStream:|priority:0|startupRole:FOLLOWER]|listeners:[], old=null
2022-11-14 01:05:37,567 [pool-659-thread-1] INFO  server.RaftServer$Division (RaftServerImpl.java:setRole(321)) - e47c0d7c-1c57-43cf-a038-4c1ee28029c6@group-5E32BC8487E9: changes role from      null to FOLLOWER at term 0 for startAsFollower
2022-11-14 01:05:37,567 [pool-659-thread-1] INFO  impl.RoleInfo (RoleInfo.java:updateAndGet(139)) - e47c0d7c-1c57-43cf-a038-4c1ee28029c6: start e47c0d7c-1c57-43cf-a038-4c1ee28029c6@group-5E32BC8487E9-FollowerState
2022-11-14 01:05:37,570 [pool-659-thread-1] INFO  util.JmxRegister (JmxRegister.java:tryRegister(44)) - Successfully registered JMX Bean with object name Ratis:service=RaftServer,group=group-5E32BC8487E9,id=e47c0d7c-1c57-43cf-a038-4c1ee28029c6
2022-11-14 01:05:37,570 [e47c0d7c-1c57-43cf-a038-4c1ee28029c6@group-5E32BC8487E9-FollowerState] INFO  server.RaftServerConfigKeys (ConfUtils.java:logFallback(53)) - raft.server.rpc.first-election.timeout.min = 5s (fallback to raft.server.rpc.timeout.min)
2022-11-14 01:05:37,570 [pool-659-thread-1] INFO  server.RaftServerConfigKeys (ConfUtils.java:logGet(46)) - raft.server.snapshot.auto.trigger.enabled = true (custom)
2022-11-14 01:05:37,570 [e47c0d7c-1c57-43cf-a038-4c1ee28029c6@group-5E32BC8487E9-FollowerState] INFO  server.RaftServerConfigKeys (ConfUtils.java:logFallback(53)) - raft.server.rpc.first-election.timeout.max = 5200ms (fallback to raft.server.rpc.timeout.max)
2022-11-14 01:05:37,570 [pool-659-thread-1] INFO  server.RaftServerConfigKeys (ConfUtils.java:logGet(46)) - raft.server.snapshot.auto.trigger.threshold = 10000 (custom)
2022-11-14 01:05:37,570 [pool-659-thread-1] INFO  server.RaftServerConfigKeys (ConfUtils.java:logGet(46)) - raft.server.snapshot.retention.file.num = 5 (custom)
2022-11-14 01:05:37,570 [pool-659-thread-1] INFO  server.RaftServerConfigKeys (ConfUtils.java:logGet(46)) - raft.server.log.purge.upto.snapshot.index = false (default)
2022-11-14 01:05:37,575 [Command processor thread] INFO  commandhandler.CreatePipelineCommandHandler (CreatePipelineCommandHandler.java:handle(113)) - Created Pipeline RATIS THREE PipelineID=3c4ef238-3691-492e-9e84-5e32bc8487e9.
2022-11-14 01:05:37,575 [Command processor thread] INFO  server.RaftServer (RaftServerProxy.java:addNew(96)) - 5580caa2-355e-4705-b703-b3b115bf5f47: addNew group-E7106E4C0F9A:[e47c0d7c-1c57-43cf-a038-4c1ee28029c6|rpc:10.1.0.33:39237|priority:1|startupRole:FOLLOWER, 5580caa2-355e-4705-b703-b3b115bf5f47|rpc:10.1.0.33:42291|priority:0|startupRole:FOLLOWER, 0803b3f8-d7a7-4034-819c-d574a53cd8d2|rpc:10.1.0.33:46295|priority:0|startupRole:FOLLOWER] returns group-E7106E4C0F9A:java.util.concurrent.CompletableFuture@327c9623[Not completed]
2022-11-14 01:05:37,576 [pool-613-thread-1] INFO  server.RaftServer$Division (RaftServerImpl.java:<init>(195)) - 5580caa2-355e-4705-b703-b3b115bf5f47: new RaftServerImpl for group-E7106E4C0F9A:[e47c0d7c-1c57-43cf-a038-4c1ee28029c6|rpc:10.1.0.33:39237|priority:1|startupRole:FOLLOWER, 5580caa2-355e-4705-b703-b3b115bf5f47|rpc:10.1.0.33:42291|priority:0|startupRole:FOLLOWER, 0803b3f8-d7a7-4034-819c-d574a53cd8d2|rpc:10.1.0.33:46295|priority:0|startupRole:FOLLOWER] with ContainerStateMachine:uninitialized
2022-11-14 01:05:37,576 [pool-613-thread-1] INFO  server.RaftServerConfigKeys (ConfUtils.java:logGet(46)) - raft.server.rpc.timeout.min = 5s (custom)
2022-11-14 01:05:37,576 [pool-613-thread-1] INFO  server.RaftServerConfigKeys (ConfUtils.java:logGet(46)) - raft.server.rpc.timeout.max = 5200ms (custom)
2022-11-14 01:05:37,576 [pool-613-thread-1] INFO  server.RaftServerConfigKeys (ConfUtils.java:logGet(46)) - raft.server.rpc.sleep.time = 25ms (default)
2022-11-14 01:05:37,576 [pool-613-thread-1] INFO  server.RaftServerConfigKeys (ConfUtils.java:logGet(46)) - raft.server.rpc.slowness.timeout = 300s (custom)
2022-11-14 01:05:37,576 [pool-613-thread-1] INFO  server.RaftServerConfigKeys (ConfUtils.java:logGet(46)) - raft.server.leaderelection.leader.step-down.wait-time = 10s (default)
2022-11-14 01:05:37,576 [pool-613-thread-1] INFO  server.RaftServerConfigKeys (ConfUtils.java:logGet(46)) - raft.server.sleep.deviation.threshold = 300ms (default)
2022-11-14 01:05:37,576 [pool-613-thread-1] INFO  server.RaftServer$Division (ServerState.java:<init>(118)) - 5580caa2-355e-4705-b703-b3b115bf5f47@group-E7106E4C0F9A: ConfigurationManager, init=-1: peers:[e47c0d7c-1c57-43cf-a038-4c1ee28029c6|rpc:10.1.0.33:39237|priority:1|startupRole:FOLLOWER, 5580caa2-355e-4705-b703-b3b115bf5f47|rpc:10.1.0.33:42291|priority:0|startupRole:FOLLOWER, 0803b3f8-d7a7-4034-819c-d574a53cd8d2|rpc:10.1.0.33:46295|priority:0|startupRole:FOLLOWER]|listeners:[], old=null, confs=<EMPTY_MAP>
2022-11-14 01:05:37,576 [pool-613-thread-1] INFO  server.RaftServerConfigKeys (ConfUtils.java:logGet(46)) - raft.server.storage.dir = [/home/runner/work/ozone/ozone/hadoop-ozone/integration-test/target/test-dir/MiniOzoneClusterImpl-533bbe47-9fe4-4f83-8a40-bf54ddc9168f/datanode-3/data/ratis] (custom)
2022-11-14 01:05:37,577 [pool-613-thread-1] INFO  server.RaftServerConfigKeys (ConfUtils.java:logGet(46)) - raft.server.log.corruption.policy = EXCEPTION (default)
2022-11-14 01:05:37,577 [pool-613-thread-1] INFO  server.RaftServerConfigKeys (ConfUtils.java:logGet(46)) - raft.server.storage.free-space.min = 0MB (=0) (default)
2022-11-14 01:05:37,577 [pool-613-thread-1] INFO  server.RaftServerConfigKeys (ConfUtils.java:logGet(46)) - raft.server.notification.no-leader.timeout = 300s (custom)
2022-11-14 01:05:37,577 [pool-613-thread-1] INFO  server.RaftServerConfigKeys (ConfUtils.java:logGet(46)) - raft.server.retrycache.expirytime = 600000ms (custom)
2022-11-14 01:05:37,577 [pool-613-thread-1] INFO  server.RaftServerConfigKeys (ConfUtils.java:logGet(46)) - raft.server.retrycache.statistics.expirytime = 100μs (default)
2022-11-14 01:05:37,578 [pool-613-thread-1] INFO  server.RaftServerConfigKeys (ConfUtils.java:logGet(46)) - raft.server.log.appender.install.snapshot.enabled = false (custom)
2022-11-14 01:05:37,578 [pool-613-thread-1] INFO  server.RaftServerConfigKeys (ConfUtils.java:logGet(46)) - raft.server.threadpool.server.cached = true (default)
2022-11-14 01:05:37,578 [pool-613-thread-1] INFO  server.RaftServerConfigKeys (ConfUtils.java:logGet(46)) - raft.server.threadpool.server.size = 0 (default)
2022-11-14 01:05:37,578 [pool-613-thread-1] INFO  server.RaftServerConfigKeys (ConfUtils.java:logGet(46)) - raft.server.threadpool.client.cached = true (default)
2022-11-14 01:05:37,578 [pool-613-thread-1] INFO  server.RaftServerConfigKeys (ConfUtils.java:logGet(46)) - raft.server.threadpool.client.size = 0 (default)
2022-11-14 01:05:37,578 [pool-613-thread-1] INFO  storage.RaftStorageDirectory (RaftStorageDirectoryImpl.java:analyzeStorage(137)) - The storage directory /home/runner/work/ozone/ozone/hadoop-ozone/integration-test/target/test-dir/MiniOzoneClusterImpl-533bbe47-9fe4-4f83-8a40-bf54ddc9168f/datanode-3/data/ratis/79432587-0e7b-4106-a466-e7106e4c0f9a does not exist. Creating ...
2022-11-14 01:05:37,579 [pool-613-thread-1] INFO  storage.RaftStorageDirectory (RaftStorageDirectoryImpl.java:tryLock(231)) - Lock on /home/runner/work/ozone/ozone/hadoop-ozone/integration-test/target/test-dir/MiniOzoneClusterImpl-533bbe47-9fe4-4f83-8a40-bf54ddc9168f/datanode-3/data/ratis/79432587-0e7b-4106-a466-e7106e4c0f9a/in_use.lock acquired by nodename 11961@fv-az334-552
2022-11-14 01:05:37,580 [pool-613-thread-1] INFO  storage.RaftStorage (RaftStorageImpl.java:format(96)) - Storage directory /home/runner/work/ozone/ozone/hadoop-ozone/integration-test/target/test-dir/MiniOzoneClusterImpl-533bbe47-9fe4-4f83-8a40-bf54ddc9168f/datanode-3/data/ratis/79432587-0e7b-4106-a466-e7106e4c0f9a has been successfully formatted.
2022-11-14 01:05:37,581 [pool-613-thread-1] INFO  ratis.ContainerStateMachine (ContainerStateMachine.java:loadSnapshot(236)) - group-E7106E4C0F9A: The snapshot info is null. Setting the last applied indexto:(t:0, i:~)
2022-11-14 01:05:37,581 [pool-613-thread-1] INFO  server.RaftServerConfigKeys (ConfUtils.java:logGet(46)) - raft.server.log.use.memory = false (default)
2022-11-14 01:05:37,581 [pool-613-thread-1] INFO  server.RaftServerConfigKeys (ConfUtils.java:logGet(46)) - raft.server.log.purge.gap = 1000000 (custom)
2022-11-14 01:05:37,582 [pool-613-thread-1] INFO  server.RaftServerConfigKeys (ConfUtils.java:logGet(46)) - raft.server.log.appender.buffer.byte-limit = 33554432 (custom)
2022-11-14 01:05:37,582 [pool-613-thread-1] INFO  server.RaftServerConfigKeys (ConfUtils.java:logGet(46)) - raft.server.log.statemachine.data.read.timeout = 1000ms (default)
2022-11-14 01:05:37,582 [pool-613-thread-1] INFO  server.RaftServerConfigKeys (ConfUtils.java:logGet(46)) - raft.server.log.purge.preservation.log.num = 0 (default)
2022-11-14 01:05:37,582 [pool-613-thread-1] INFO  server.RaftServerConfigKeys (ConfUtils.java:logGet(46)) - raft.server.log.segment.size.max = 1048576 (custom)
2022-11-14 01:05:37,583 [pool-613-thread-1] INFO  server.RaftServerConfigKeys (ConfUtils.java:logGet(46)) - raft.server.log.segment.cache.num.max = 2 (custom)
2022-11-14 01:05:37,583 [pool-613-thread-1] INFO  server.RaftServerConfigKeys (ConfUtils.java:logGet(46)) - raft.server.log.segment.cache.size.max = 200MB (=209715200) (default)
2022-11-14 01:05:37,583 [pool-613-thread-1] INFO  segmented.SegmentedRaftLogWorker (SegmentedRaftLogWorker.java:<init>(191)) - new 5580caa2-355e-4705-b703-b3b115bf5f47@group-E7106E4C0F9A-SegmentedRaftLogWorker for RaftStorageImpl:Storage Directory /home/runner/work/ozone/ozone/hadoop-ozone/integration-test/target/test-dir/MiniOzoneClusterImpl-533bbe47-9fe4-4f83-8a40-bf54ddc9168f/datanode-3/data/ratis/79432587-0e7b-4106-a466-e7106e4c0f9a
2022-11-14 01:05:37,583 [pool-613-thread-1] INFO  server.RaftServerConfigKeys (ConfUtils.java:logGet(46)) - raft.server.log.queue.byte-limit = 4294967296 (custom)
2022-11-14 01:05:37,583 [pool-613-thread-1] INFO  server.RaftServerConfigKeys (ConfUtils.java:logGet(46)) - raft.server.log.queue.element-limit = 1024 (custom)
2022-11-14 01:05:37,583 [pool-613-thread-1] INFO  server.RaftServerConfigKeys (ConfUtils.java:logGet(46)) - raft.server.log.segment.size.max = 1048576 (custom)
2022-11-14 01:05:37,583 [pool-613-thread-1] INFO  server.RaftServerConfigKeys (ConfUtils.java:logGet(46)) - raft.server.log.preallocated.size = 16384 (custom)
2022-11-14 01:05:37,583 [pool-613-thread-1] INFO  server.RaftServerConfigKeys (ConfUtils.java:logGet(46)) - raft.server.log.force.sync.num = 128 (default)
2022-11-14 01:05:37,583 [pool-613-thread-1] INFO  server.RaftServerConfigKeys (ConfUtils.java:logGet(46)) - raft.server.log.statemachine.data.sync = true (default)
2022-11-14 01:05:37,583 [pool-613-thread-1] INFO  server.RaftServerConfigKeys (ConfUtils.java:logGet(46)) - raft.server.log.statemachine.data.sync.timeout = 10s (default)
2022-11-14 01:05:37,583 [pool-613-thread-1] INFO  server.RaftServerConfigKeys (ConfUtils.java:logGet(46)) - raft.server.log.statemachine.data.sync.timeout.retry = -1 (default)
2022-11-14 01:05:37,584 [pool-613-thread-1] INFO  server.RaftServerConfigKeys (ConfUtils.java:logGet(46)) - raft.server.log.write.buffer.size = 1048576 (custom)
2022-11-14 01:05:37,585 [pool-613-thread-1] INFO  server.RaftServerConfigKeys (ConfUtils.java:logGet(46)) - raft.server.log.unsafe-flush.enabled = false (default)
2022-11-14 01:05:37,585 [pool-613-thread-1] INFO  server.RaftServerConfigKeys (ConfUtils.java:logGet(46)) - raft.server.log.async-flush.enabled = false (default)
2022-11-14 01:05:37,585 [pool-613-thread-1] INFO  server.RaftServerConfigKeys (ConfUtils.java:logGet(46)) - raft.server.log.statemachine.data.caching.enabled = true (custom)
2022-11-14 01:05:37,585 [pool-613-thread-1] INFO  segmented.SegmentedRaftLogWorker (SegmentedRaftLogWorker.java:lambda$new$0(136)) - 5580caa2-355e-4705-b703-b3b115bf5f47@group-E7106E4C0F9A-SegmentedRaftLogWorker: flushIndex: setUnconditionally 0 -> -1
2022-11-14 01:05:37,585 [pool-613-thread-1] INFO  segmented.SegmentedRaftLogWorker (SegmentedRaftLogWorker.java:lambda$new$0(136)) - 5580caa2-355e-4705-b703-b3b115bf5f47@group-E7106E4C0F9A-SegmentedRaftLogWorker: safeCacheEvictIndex: setUnconditionally 0 -> -1
2022-11-14 01:05:37,585 [pool-613-thread-1] INFO  server.RaftServer$Division (RaftServerImpl.java:start(334)) - 5580caa2-355e-4705-b703-b3b115bf5f47@group-E7106E4C0F9A: start as a follower, conf=-1: peers:[e47c0d7c-1c57-43cf-a038-4c1ee28029c6|rpc:10.1.0.33:39237|priority:1|startupRole:FOLLOWER, 5580caa2-355e-4705-b703-b3b115bf5f47|rpc:10.1.0.33:42291|priority:0|startupRole:FOLLOWER, 0803b3f8-d7a7-4034-819c-d574a53cd8d2|rpc:10.1.0.33:46295|priority:0|startupRole:FOLLOWER]|listeners:[], old=null
2022-11-14 01:05:37,585 [pool-613-thread-1] INFO  server.RaftServer$Division (RaftServerImpl.java:setRole(321)) - 5580caa2-355e-4705-b703-b3b115bf5f47@group-E7106E4C0F9A: changes role from      null to FOLLOWER at term 0 for startAsFollower
2022-11-14 01:05:37,585 [pool-613-thread-1] INFO  impl.RoleInfo (RoleInfo.java:updateAndGet(139)) - 5580caa2-355e-4705-b703-b3b115bf5f47: start 5580caa2-355e-4705-b703-b3b115bf5f47@group-E7106E4C0F9A-FollowerState
2022-11-14 01:05:37,586 [pool-613-thread-1] INFO  util.JmxRegister (JmxRegister.java:tryRegister(44)) - Successfully registered JMX Bean with object name Ratis:service=RaftServer,group=group-E7106E4C0F9A,id=5580caa2-355e-4705-b703-b3b115bf5f47
2022-11-14 01:05:37,586 [5580caa2-355e-4705-b703-b3b115bf5f47@group-E7106E4C0F9A-FollowerState] INFO  server.RaftServerConfigKeys (ConfUtils.java:logFallback(53)) - raft.server.rpc.first-election.timeout.min = 5s (fallback to raft.server.rpc.timeout.min)
2022-11-14 01:05:37,586 [pool-613-thread-1] INFO  server.RaftServerConfigKeys (ConfUtils.java:logGet(46)) - raft.server.snapshot.auto.trigger.enabled = true (custom)
2022-11-14 01:05:37,586 [5580caa2-355e-4705-b703-b3b115bf5f47@group-E7106E4C0F9A-FollowerState] INFO  server.RaftServerConfigKeys (ConfUtils.java:logFallback(53)) - raft.server.rpc.first-election.timeout.max = 5200ms (fallback to raft.server.rpc.timeout.max)
2022-11-14 01:05:37,586 [pool-613-thread-1] INFO  server.RaftServerConfigKeys (ConfUtils.java:logGet(46)) - raft.server.snapshot.auto.trigger.threshold = 10000 (custom)
2022-11-14 01:05:37,586 [pool-613-thread-1] INFO  server.RaftServerConfigKeys (ConfUtils.java:logGet(46)) - raft.server.snapshot.retention.file.num = 5 (custom)
2022-11-14 01:05:37,586 [pool-613-thread-1] INFO  server.RaftServerConfigKeys (ConfUtils.java:logGet(46)) - raft.server.log.purge.upto.snapshot.index = false (default)
2022-11-14 01:05:37,587 [Command processor thread] INFO  ratis.XceiverServerRatis (XceiverServerRatis.java:addGroup(765)) - Created group PipelineID=79432587-0e7b-4106-a466-e7106e4c0f9a
2022-11-14 01:05:37,593 [grpc-default-executor-0] INFO  server.RaftServer (RaftServerProxy.java:addNew(96)) - 0803b3f8-d7a7-4034-819c-d574a53cd8d2: addNew group-E7106E4C0F9A:[e47c0d7c-1c57-43cf-a038-4c1ee28029c6|rpc:10.1.0.33:39237|dataStream:|priority:1|startupRole:FOLLOWER, 5580caa2-355e-4705-b703-b3b115bf5f47|rpc:10.1.0.33:42291|dataStream:|priority:0|startupRole:FOLLOWER, 0803b3f8-d7a7-4034-819c-d574a53cd8d2|rpc:10.1.0.33:46295|dataStream:|priority:0|startupRole:FOLLOWER] returns group-E7106E4C0F9A:java.util.concurrent.CompletableFuture@b3716df[Not completed]
2022-11-14 01:05:37,593 [pool-636-thread-1] INFO  server.RaftServer$Division (RaftServerImpl.java:<init>(195)) - 0803b3f8-d7a7-4034-819c-d574a53cd8d2: new RaftServerImpl for group-E7106E4C0F9A:[e47c0d7c-1c57-43cf-a038-4c1ee28029c6|rpc:10.1.0.33:39237|dataStream:|priority:1|startupRole:FOLLOWER, 5580caa2-355e-4705-b703-b3b115bf5f47|rpc:10.1.0.33:42291|dataStream:|priority:0|startupRole:FOLLOWER, 0803b3f8-d7a7-4034-819c-d574a53cd8d2|rpc:10.1.0.33:46295|dataStream:|priority:0|startupRole:FOLLOWER] with ContainerStateMachine:uninitialized
2022-11-14 01:05:37,594 [pool-636-thread-1] INFO  server.RaftServerConfigKeys (ConfUtils.java:logGet(46)) - raft.server.rpc.timeout.min = 5s (custom)
2022-11-14 01:05:37,594 [pool-636-thread-1] INFO  server.RaftServerConfigKeys (ConfUtils.java:logGet(46)) - raft.server.rpc.timeout.max = 5200ms (custom)
2022-11-14 01:05:37,594 [pool-636-thread-1] INFO  server.RaftServerConfigKeys (ConfUtils.java:logGet(46)) - raft.server.rpc.sleep.time = 25ms (default)
2022-11-14 01:05:37,594 [pool-636-thread-1] INFO  server.RaftServerConfigKeys (ConfUtils.java:logGet(46)) - raft.server.rpc.slowness.timeout = 300s (custom)
2022-11-14 01:05:37,594 [pool-636-thread-1] INFO  server.RaftServerConfigKeys (ConfUtils.java:logGet(46)) - raft.server.leaderelection.leader.step-down.wait-time = 10s (default)
2022-11-14 01:05:37,594 [pool-636-thread-1] INFO  server.RaftServerConfigKeys (ConfUtils.java:logGet(46)) - raft.server.sleep.deviation.threshold = 300ms (default)
2022-11-14 01:05:37,594 [pool-636-thread-1] INFO  server.RaftServer$Division (ServerState.java:<init>(118)) - 0803b3f8-d7a7-4034-819c-d574a53cd8d2@group-E7106E4C0F9A: ConfigurationManager, init=-1: peers:[e47c0d7c-1c57-43cf-a038-4c1ee28029c6|rpc:10.1.0.33:39237|dataStream:|priority:1|startupRole:FOLLOWER, 5580caa2-355e-4705-b703-b3b115bf5f47|rpc:10.1.0.33:42291|dataStream:|priority:0|startupRole:FOLLOWER, 0803b3f8-d7a7-4034-819c-d574a53cd8d2|rpc:10.1.0.33:46295|dataStream:|priority:0|startupRole:FOLLOWER]|listeners:[], old=null, confs=<EMPTY_MAP>
2022-11-14 01:05:37,594 [pool-636-thread-1] INFO  server.RaftServerConfigKeys (ConfUtils.java:logGet(46)) - raft.server.storage.dir = [/home/runner/work/ozone/ozone/hadoop-ozone/integration-test/target/test-dir/MiniOzoneClusterImpl-533bbe47-9fe4-4f83-8a40-bf54ddc9168f/datanode-4/data/ratis] (custom)
2022-11-14 01:05:37,594 [pool-636-thread-1] INFO  server.RaftServerConfigKeys (ConfUtils.java:logGet(46)) - raft.server.log.corruption.policy = EXCEPTION (default)
2022-11-14 01:05:37,594 [pool-636-thread-1] INFO  server.RaftServerConfigKeys (ConfUtils.java:logGet(46)) - raft.server.storage.free-space.min = 0MB (=0) (default)
2022-11-14 01:05:37,594 [pool-636-thread-1] INFO  server.RaftServerConfigKeys (ConfUtils.java:logGet(46)) - raft.server.notification.no-leader.timeout = 300s (custom)
2022-11-14 01:05:37,594 [pool-636-thread-1] INFO  server.RaftServerConfigKeys (ConfUtils.java:logGet(46)) - raft.server.retrycache.expirytime = 600000ms (custom)
2022-11-14 01:05:37,594 [pool-636-thread-1] INFO  server.RaftServerConfigKeys (ConfUtils.java:logGet(46)) - raft.server.retrycache.statistics.expirytime = 100μs (default)
2022-11-14 01:05:37,595 [pool-636-thread-1] INFO  server.RaftServerConfigKeys (ConfUtils.java:logGet(46)) - raft.server.log.appender.install.snapshot.enabled = false (custom)
2022-11-14 01:05:37,595 [pool-636-thread-1] INFO  server.RaftServerConfigKeys (ConfUtils.java:logGet(46)) - raft.server.threadpool.server.cached = true (default)
2022-11-14 01:05:37,595 [pool-636-thread-1] INFO  server.RaftServerConfigKeys (ConfUtils.java:logGet(46)) - raft.server.threadpool.server.size = 0 (default)
2022-11-14 01:05:37,595 [pool-636-thread-1] INFO  server.RaftServerConfigKeys (ConfUtils.java:logGet(46)) - raft.server.threadpool.client.cached = true (default)
2022-11-14 01:05:37,595 [pool-636-thread-1] INFO  server.RaftServerConfigKeys (ConfUtils.java:logGet(46)) - raft.server.threadpool.client.size = 0 (default)
2022-11-14 01:05:37,596 [pool-636-thread-1] INFO  storage.RaftStorageDirectory (RaftStorageDirectoryImpl.java:analyzeStorage(137)) - The storage directory /home/runner/work/ozone/ozone/hadoop-ozone/integration-test/target/test-dir/MiniOzoneClusterImpl-533bbe47-9fe4-4f83-8a40-bf54ddc9168f/datanode-4/data/ratis/79432587-0e7b-4106-a466-e7106e4c0f9a does not exist. Creating ...
2022-11-14 01:05:37,596 [pool-636-thread-1] INFO  storage.RaftStorageDirectory (RaftStorageDirectoryImpl.java:tryLock(231)) - Lock on /home/runner/work/ozone/ozone/hadoop-ozone/integration-test/target/test-dir/MiniOzoneClusterImpl-533bbe47-9fe4-4f83-8a40-bf54ddc9168f/datanode-4/data/ratis/79432587-0e7b-4106-a466-e7106e4c0f9a/in_use.lock acquired by nodename 11961@fv-az334-552
2022-11-14 01:05:37,598 [pool-636-thread-1] INFO  storage.RaftStorage (RaftStorageImpl.java:format(96)) - Storage directory /home/runner/work/ozone/ozone/hadoop-ozone/integration-test/target/test-dir/MiniOzoneClusterImpl-533bbe47-9fe4-4f83-8a40-bf54ddc9168f/datanode-4/data/ratis/79432587-0e7b-4106-a466-e7106e4c0f9a has been successfully formatted.
2022-11-14 01:05:37,598 [pool-636-thread-1] INFO  ratis.ContainerStateMachine (ContainerStateMachine.java:loadSnapshot(236)) - group-E7106E4C0F9A: The snapshot info is null. Setting the last applied indexto:(t:0, i:~)
2022-11-14 01:05:37,598 [pool-636-thread-1] INFO  server.RaftServerConfigKeys (ConfUtils.java:logGet(46)) - raft.server.log.use.memory = false (default)
2022-11-14 01:05:37,599 [pool-636-thread-1] INFO  server.RaftServerConfigKeys (ConfUtils.java:logGet(46)) - raft.server.log.purge.gap = 1000000 (custom)
2022-11-14 01:05:37,599 [pool-636-thread-1] INFO  server.RaftServerConfigKeys (ConfUtils.java:logGet(46)) - raft.server.log.appender.buffer.byte-limit = 33554432 (custom)
2022-11-14 01:05:37,599 [pool-636-thread-1] INFO  server.RaftServerConfigKeys (ConfUtils.java:logGet(46)) - raft.server.log.statemachine.data.read.timeout = 1000ms (default)
2022-11-14 01:05:37,599 [pool-636-thread-1] INFO  server.RaftServerConfigKeys (ConfUtils.java:logGet(46)) - raft.server.log.purge.preservation.log.num = 0 (default)
2022-11-14 01:05:37,599 [pool-636-thread-1] INFO  server.RaftServerConfigKeys (ConfUtils.java:logGet(46)) - raft.server.log.segment.size.max = 1048576 (custom)
2022-11-14 01:05:37,600 [pool-636-thread-1] INFO  server.RaftServerConfigKeys (ConfUtils.java:logGet(46)) - raft.server.log.segment.cache.num.max = 2 (custom)
2022-11-14 01:05:37,600 [pool-636-thread-1] INFO  server.RaftServerConfigKeys (ConfUtils.java:logGet(46)) - raft.server.log.segment.cache.size.max = 200MB (=209715200) (default)
2022-11-14 01:05:37,600 [pool-636-thread-1] INFO  segmented.SegmentedRaftLogWorker (SegmentedRaftLogWorker.java:<init>(191)) - new 0803b3f8-d7a7-4034-819c-d574a53cd8d2@group-E7106E4C0F9A-SegmentedRaftLogWorker for RaftStorageImpl:Storage Directory /home/runner/work/ozone/ozone/hadoop-ozone/integration-test/target/test-dir/MiniOzoneClusterImpl-533bbe47-9fe4-4f83-8a40-bf54ddc9168f/datanode-4/data/ratis/79432587-0e7b-4106-a466-e7106e4c0f9a
2022-11-14 01:05:37,600 [pool-636-thread-1] INFO  server.RaftServerConfigKeys (ConfUtils.java:logGet(46)) - raft.server.log.queue.byte-limit = 4294967296 (custom)
2022-11-14 01:05:37,600 [pool-636-thread-1] INFO  server.RaftServerConfigKeys (ConfUtils.java:logGet(46)) - raft.server.log.queue.element-limit = 1024 (custom)
2022-11-14 01:05:37,600 [pool-636-thread-1] INFO  server.RaftServerConfigKeys (ConfUtils.java:logGet(46)) - raft.server.log.segment.size.max = 1048576 (custom)
2022-11-14 01:05:37,600 [pool-636-thread-1] INFO  server.RaftServerConfigKeys (ConfUtils.java:logGet(46)) - raft.server.log.preallocated.size = 16384 (custom)
2022-11-14 01:05:37,600 [pool-636-thread-1] INFO  server.RaftServerConfigKeys (ConfUtils.java:logGet(46)) - raft.server.log.force.sync.num = 128 (default)
2022-11-14 01:05:37,600 [pool-636-thread-1] INFO  server.RaftServerConfigKeys (ConfUtils.java:logGet(46)) - raft.server.log.statemachine.data.sync = true (default)
2022-11-14 01:05:37,600 [pool-636-thread-1] INFO  server.RaftServerConfigKeys (ConfUtils.java:logGet(46)) - raft.server.log.statemachine.data.sync.timeout = 10s (default)
2022-11-14 01:05:37,600 [pool-636-thread-1] INFO  server.RaftServerConfigKeys (ConfUtils.java:logGet(46)) - raft.server.log.statemachine.data.sync.timeout.retry = -1 (default)
2022-11-14 01:05:37,601 [pool-636-thread-1] INFO  server.RaftServerConfigKeys (ConfUtils.java:logGet(46)) - raft.server.log.write.buffer.size = 1048576 (custom)
2022-11-14 01:05:37,602 [pool-636-thread-1] INFO  server.RaftServerConfigKeys (ConfUtils.java:logGet(46)) - raft.server.log.unsafe-flush.enabled = false (default)
2022-11-14 01:05:37,602 [pool-636-thread-1] INFO  server.RaftServerConfigKeys (ConfUtils.java:logGet(46)) - raft.server.log.async-flush.enabled = false (default)
2022-11-14 01:05:37,602 [pool-636-thread-1] INFO  server.RaftServerConfigKeys (ConfUtils.java:logGet(46)) - raft.server.log.statemachine.data.caching.enabled = true (custom)
2022-11-14 01:05:37,602 [pool-636-thread-1] INFO  segmented.SegmentedRaftLogWorker (SegmentedRaftLogWorker.java:lambda$new$0(136)) - 0803b3f8-d7a7-4034-819c-d574a53cd8d2@group-E7106E4C0F9A-SegmentedRaftLogWorker: flushIndex: setUnconditionally 0 -> -1
2022-11-14 01:05:37,602 [pool-636-thread-1] INFO  segmented.SegmentedRaftLogWorker (SegmentedRaftLogWorker.java:lambda$new$0(136)) - 0803b3f8-d7a7-4034-819c-d574a53cd8d2@group-E7106E4C0F9A-SegmentedRaftLogWorker: safeCacheEvictIndex: setUnconditionally 0 -> -1
2022-11-14 01:05:37,602 [pool-636-thread-1] INFO  server.RaftServer$Division (RaftServerImpl.java:start(334)) - 0803b3f8-d7a7-4034-819c-d574a53cd8d2@group-E7106E4C0F9A: start as a follower, conf=-1: peers:[e47c0d7c-1c57-43cf-a038-4c1ee28029c6|rpc:10.1.0.33:39237|dataStream:|priority:1|startupRole:FOLLOWER, 5580caa2-355e-4705-b703-b3b115bf5f47|rpc:10.1.0.33:42291|dataStream:|priority:0|startupRole:FOLLOWER, 0803b3f8-d7a7-4034-819c-d574a53cd8d2|rpc:10.1.0.33:46295|dataStream:|priority:0|startupRole:FOLLOWER]|listeners:[], old=null
2022-11-14 01:05:37,602 [pool-636-thread-1] INFO  server.RaftServer$Division (RaftServerImpl.java:setRole(321)) - 0803b3f8-d7a7-4034-819c-d574a53cd8d2@group-E7106E4C0F9A: changes role from      null to FOLLOWER at term 0 for startAsFollower
2022-11-14 01:05:37,602 [pool-636-thread-1] INFO  impl.RoleInfo (RoleInfo.java:updateAndGet(139)) - 0803b3f8-d7a7-4034-819c-d574a53cd8d2: start 0803b3f8-d7a7-4034-819c-d574a53cd8d2@group-E7106E4C0F9A-FollowerState
2022-11-14 01:05:37,603 [pool-636-thread-1] INFO  util.JmxRegister (JmxRegister.java:tryRegister(44)) - Successfully registered JMX Bean with object name Ratis:service=RaftServer,group=group-E7106E4C0F9A,id=0803b3f8-d7a7-4034-819c-d574a53cd8d2
2022-11-14 01:05:37,603 [pool-636-thread-1] INFO  server.RaftServerConfigKeys (ConfUtils.java:logGet(46)) - raft.server.snapshot.auto.trigger.enabled = true (custom)
2022-11-14 01:05:37,603 [pool-636-thread-1] INFO  server.RaftServerConfigKeys (ConfUtils.java:logGet(46)) - raft.server.snapshot.auto.trigger.threshold = 10000 (custom)
2022-11-14 01:05:37,603 [pool-636-thread-1] INFO  server.RaftServerConfigKeys (ConfUtils.java:logGet(46)) - raft.server.snapshot.retention.file.num = 5 (custom)
2022-11-14 01:05:37,603 [pool-636-thread-1] INFO  server.RaftServerConfigKeys (ConfUtils.java:logGet(46)) - raft.server.log.purge.upto.snapshot.index = false (default)
2022-11-14 01:05:37,604 [0803b3f8-d7a7-4034-819c-d574a53cd8d2@group-E7106E4C0F9A-FollowerState] INFO  server.RaftServerConfigKeys (ConfUtils.java:logFallback(53)) - raft.server.rpc.first-election.timeout.min = 5s (fallback to raft.server.rpc.timeout.min)
2022-11-14 01:05:37,604 [0803b3f8-d7a7-4034-819c-d574a53cd8d2@group-E7106E4C0F9A-FollowerState] INFO  server.RaftServerConfigKeys (ConfUtils.java:logFallback(53)) - raft.server.rpc.first-election.timeout.max = 5200ms (fallback to raft.server.rpc.timeout.max)
2022-11-14 01:05:37,629 [grpc-default-executor-0] INFO  server.RaftServer (RaftServerProxy.java:addNew(96)) - e47c0d7c-1c57-43cf-a038-4c1ee28029c6: addNew group-E7106E4C0F9A:[e47c0d7c-1c57-43cf-a038-4c1ee28029c6|rpc:10.1.0.33:39237|dataStream:|priority:1|startupRole:FOLLOWER, 5580caa2-355e-4705-b703-b3b115bf5f47|rpc:10.1.0.33:42291|dataStream:|priority:0|startupRole:FOLLOWER, 0803b3f8-d7a7-4034-819c-d574a53cd8d2|rpc:10.1.0.33:46295|dataStream:|priority:0|startupRole:FOLLOWER] returns group-E7106E4C0F9A:java.util.concurrent.CompletableFuture@2346449c[Not completed]
2022-11-14 01:05:37,629 [pool-659-thread-1] INFO  server.RaftServer$Division (RaftServerImpl.java:<init>(195)) - e47c0d7c-1c57-43cf-a038-4c1ee28029c6: new RaftServerImpl for group-E7106E4C0F9A:[e47c0d7c-1c57-43cf-a038-4c1ee28029c6|rpc:10.1.0.33:39237|dataStream:|priority:1|startupRole:FOLLOWER, 5580caa2-355e-4705-b703-b3b115bf5f47|rpc:10.1.0.33:42291|dataStream:|priority:0|startupRole:FOLLOWER, 0803b3f8-d7a7-4034-819c-d574a53cd8d2|rpc:10.1.0.33:46295|dataStream:|priority:0|startupRole:FOLLOWER] with ContainerStateMachine:uninitialized
2022-11-14 01:05:37,630 [pool-659-thread-1] INFO  server.RaftServerConfigKeys (ConfUtils.java:logGet(46)) - raft.server.rpc.timeout.min = 5s (custom)
2022-11-14 01:05:37,630 [pool-659-thread-1] INFO  server.RaftServerConfigKeys (ConfUtils.java:logGet(46)) - raft.server.rpc.timeout.max = 5200ms (custom)
2022-11-14 01:05:37,630 [pool-659-thread-1] INFO  server.RaftServerConfigKeys (ConfUtils.java:logGet(46)) - raft.server.rpc.sleep.time = 25ms (default)
2022-11-14 01:05:37,630 [pool-659-thread-1] INFO  server.RaftServerConfigKeys (ConfUtils.java:logGet(46)) - raft.server.rpc.slowness.timeout = 300s (custom)
2022-11-14 01:05:37,630 [pool-659-thread-1] INFO  server.RaftServerConfigKeys (ConfUtils.java:logGet(46)) - raft.server.leaderelection.leader.step-down.wait-time = 10s (default)
2022-11-14 01:05:37,630 [pool-659-thread-1] INFO  server.RaftServerConfigKeys (ConfUtils.java:logGet(46)) - raft.server.sleep.deviation.threshold = 300ms (default)
2022-11-14 01:05:37,630 [pool-659-thread-1] INFO  server.RaftServer$Division (ServerState.java:<init>(118)) - e47c0d7c-1c57-43cf-a038-4c1ee28029c6@group-E7106E4C0F9A: ConfigurationManager, init=-1: peers:[e47c0d7c-1c57-43cf-a038-4c1ee28029c6|rpc:10.1.0.33:39237|dataStream:|priority:1|startupRole:FOLLOWER, 5580caa2-355e-4705-b703-b3b115bf5f47|rpc:10.1.0.33:42291|dataStream:|priority:0|startupRole:FOLLOWER, 0803b3f8-d7a7-4034-819c-d574a53cd8d2|rpc:10.1.0.33:46295|dataStream:|priority:0|startupRole:FOLLOWER]|listeners:[], old=null, confs=<EMPTY_MAP>
2022-11-14 01:05:37,630 [pool-659-thread-1] INFO  server.RaftServerConfigKeys (ConfUtils.java:logGet(46)) - raft.server.storage.dir = [/home/runner/work/ozone/ozone/hadoop-ozone/integration-test/target/test-dir/MiniOzoneClusterImpl-533bbe47-9fe4-4f83-8a40-bf54ddc9168f/datanode-5/data/ratis] (custom)
2022-11-14 01:05:37,630 [pool-659-thread-1] INFO  server.RaftServerConfigKeys (ConfUtils.java:logGet(46)) - raft.server.log.corruption.policy = EXCEPTION (default)
2022-11-14 01:05:37,630 [pool-659-thread-1] INFO  server.RaftServerConfigKeys (ConfUtils.java:logGet(46)) - raft.server.storage.free-space.min = 0MB (=0) (default)
2022-11-14 01:05:37,630 [pool-659-thread-1] INFO  server.RaftServerConfigKeys (ConfUtils.java:logGet(46)) - raft.server.notification.no-leader.timeout = 300s (custom)
2022-11-14 01:05:37,630 [pool-659-thread-1] INFO  server.RaftServerConfigKeys (ConfUtils.java:logGet(46)) - raft.server.retrycache.expirytime = 600000ms (custom)
2022-11-14 01:05:37,630 [pool-659-thread-1] INFO  server.RaftServerConfigKeys (ConfUtils.java:logGet(46)) - raft.server.retrycache.statistics.expirytime = 100μs (default)
2022-11-14 01:05:37,631 [pool-659-thread-1] INFO  server.RaftServerConfigKeys (ConfUtils.java:logGet(46)) - raft.server.log.appender.install.snapshot.enabled = false (custom)
2022-11-14 01:05:37,631 [pool-659-thread-1] INFO  server.RaftServerConfigKeys (ConfUtils.java:logGet(46)) - raft.server.threadpool.server.cached = true (default)
2022-11-14 01:05:37,631 [pool-659-thread-1] INFO  server.RaftServerConfigKeys (ConfUtils.java:logGet(46)) - raft.server.threadpool.server.size = 0 (default)
2022-11-14 01:05:37,632 [pool-659-thread-1] INFO  server.RaftServerConfigKeys (ConfUtils.java:logGet(46)) - raft.server.threadpool.client.cached = true (default)
2022-11-14 01:05:37,632 [pool-659-thread-1] INFO  server.RaftServerConfigKeys (ConfUtils.java:logGet(46)) - raft.server.threadpool.client.size = 0 (default)
2022-11-14 01:05:37,632 [pool-659-thread-1] INFO  storage.RaftStorageDirectory (RaftStorageDirectoryImpl.java:analyzeStorage(137)) - The storage directory /home/runner/work/ozone/ozone/hadoop-ozone/integration-test/target/test-dir/MiniOzoneClusterImpl-533bbe47-9fe4-4f83-8a40-bf54ddc9168f/datanode-5/data/ratis/79432587-0e7b-4106-a466-e7106e4c0f9a does not exist. Creating ...
2022-11-14 01:05:37,633 [pool-659-thread-1] INFO  storage.RaftStorageDirectory (RaftStorageDirectoryImpl.java:tryLock(231)) - Lock on /home/runner/work/ozone/ozone/hadoop-ozone/integration-test/target/test-dir/MiniOzoneClusterImpl-533bbe47-9fe4-4f83-8a40-bf54ddc9168f/datanode-5/data/ratis/79432587-0e7b-4106-a466-e7106e4c0f9a/in_use.lock acquired by nodename 11961@fv-az334-552
2022-11-14 01:05:37,635 [pool-659-thread-1] INFO  storage.RaftStorage (RaftStorageImpl.java:format(96)) - Storage directory /home/runner/work/ozone/ozone/hadoop-ozone/integration-test/target/test-dir/MiniOzoneClusterImpl-533bbe47-9fe4-4f83-8a40-bf54ddc9168f/datanode-5/data/ratis/79432587-0e7b-4106-a466-e7106e4c0f9a has been successfully formatted.
2022-11-14 01:05:37,636 [pool-659-thread-1] INFO  ratis.ContainerStateMachine (ContainerStateMachine.java:loadSnapshot(236)) - group-E7106E4C0F9A: The snapshot info is null. Setting the last applied indexto:(t:0, i:~)
2022-11-14 01:05:37,636 [pool-659-thread-1] INFO  server.RaftServerConfigKeys (ConfUtils.java:logGet(46)) - raft.server.log.use.memory = false (default)
2022-11-14 01:05:37,636 [pool-659-thread-1] INFO  server.RaftServerConfigKeys (ConfUtils.java:logGet(46)) - raft.server.log.purge.gap = 1000000 (custom)
2022-11-14 01:05:37,636 [pool-659-thread-1] INFO  server.RaftServerConfigKeys (ConfUtils.java:logGet(46)) - raft.server.log.appender.buffer.byte-limit = 33554432 (custom)
2022-11-14 01:05:37,636 [pool-659-thread-1] INFO  server.RaftServerConfigKeys (ConfUtils.java:logGet(46)) - raft.server.log.statemachine.data.read.timeout = 1000ms (default)
2022-11-14 01:05:37,636 [pool-659-thread-1] INFO  server.RaftServerConfigKeys (ConfUtils.java:logGet(46)) - raft.server.log.purge.preservation.log.num = 0 (default)
2022-11-14 01:05:37,636 [pool-659-thread-1] INFO  server.RaftServerConfigKeys (ConfUtils.java:logGet(46)) - raft.server.log.segment.size.max = 1048576 (custom)
2022-11-14 01:05:37,637 [pool-659-thread-1] INFO  server.RaftServerConfigKeys (ConfUtils.java:logGet(46)) - raft.server.log.segment.cache.num.max = 2 (custom)
2022-11-14 01:05:37,637 [pool-659-thread-1] INFO  server.RaftServerConfigKeys (ConfUtils.java:logGet(46)) - raft.server.log.segment.cache.size.max = 200MB (=209715200) (default)
2022-11-14 01:05:37,637 [pool-659-thread-1] INFO  segmented.SegmentedRaftLogWorker (SegmentedRaftLogWorker.java:<init>(191)) - new e47c0d7c-1c57-43cf-a038-4c1ee28029c6@group-E7106E4C0F9A-SegmentedRaftLogWorker for RaftStorageImpl:Storage Directory /home/runner/work/ozone/ozone/hadoop-ozone/integration-test/target/test-dir/MiniOzoneClusterImpl-533bbe47-9fe4-4f83-8a40-bf54ddc9168f/datanode-5/data/ratis/79432587-0e7b-4106-a466-e7106e4c0f9a
2022-11-14 01:05:37,637 [pool-659-thread-1] INFO  server.RaftServerConfigKeys (ConfUtils.java:logGet(46)) - raft.server.log.queue.byte-limit = 4294967296 (custom)
2022-11-14 01:05:37,637 [pool-659-thread-1] INFO  server.RaftServerConfigKeys (ConfUtils.java:logGet(46)) - raft.server.log.queue.element-limit = 1024 (custom)
2022-11-14 01:05:37,637 [pool-659-thread-1] INFO  server.RaftServerConfigKeys (ConfUtils.java:logGet(46)) - raft.server.log.segment.size.max = 1048576 (custom)
2022-11-14 01:05:37,637 [pool-659-thread-1] INFO  server.RaftServerConfigKeys (ConfUtils.java:logGet(46)) - raft.server.log.preallocated.size = 16384 (custom)
2022-11-14 01:05:37,637 [pool-659-thread-1] INFO  server.RaftServerConfigKeys (ConfUtils.java:logGet(46)) - raft.server.log.force.sync.num = 128 (default)
2022-11-14 01:05:37,637 [pool-659-thread-1] INFO  server.RaftServerConfigKeys (ConfUtils.java:logGet(46)) - raft.server.log.statemachine.data.sync = true (default)
2022-11-14 01:05:37,637 [pool-659-thread-1] INFO  server.RaftServerConfigKeys (ConfUtils.java:logGet(46)) - raft.server.log.statemachine.data.sync.timeout = 10s (default)
2022-11-14 01:05:37,637 [pool-659-thread-1] INFO  server.RaftServerConfigKeys (ConfUtils.java:logGet(46)) - raft.server.log.statemachine.data.sync.timeout.retry = -1 (default)
2022-11-14 01:05:37,638 [pool-659-thread-1] INFO  server.RaftServerConfigKeys (ConfUtils.java:logGet(46)) - raft.server.log.write.buffer.size = 1048576 (custom)
2022-11-14 01:05:37,639 [pool-659-thread-1] INFO  server.RaftServerConfigKeys (ConfUtils.java:logGet(46)) - raft.server.log.unsafe-flush.enabled = false (default)
2022-11-14 01:05:37,639 [pool-659-thread-1] INFO  server.RaftServerConfigKeys (ConfUtils.java:logGet(46)) - raft.server.log.async-flush.enabled = false (default)
2022-11-14 01:05:37,639 [pool-659-thread-1] INFO  server.RaftServerConfigKeys (ConfUtils.java:logGet(46)) - raft.server.log.statemachine.data.caching.enabled = true (custom)
2022-11-14 01:05:37,639 [pool-659-thread-1] INFO  segmented.SegmentedRaftLogWorker (SegmentedRaftLogWorker.java:lambda$new$0(136)) - e47c0d7c-1c57-43cf-a038-4c1ee28029c6@group-E7106E4C0F9A-SegmentedRaftLogWorker: flushIndex: setUnconditionally 0 -> -1
2022-11-14 01:05:37,639 [pool-659-thread-1] INFO  segmented.SegmentedRaftLogWorker (SegmentedRaftLogWorker.java:lambda$new$0(136)) - e47c0d7c-1c57-43cf-a038-4c1ee28029c6@group-E7106E4C0F9A-SegmentedRaftLogWorker: safeCacheEvictIndex: setUnconditionally 0 -> -1
2022-11-14 01:05:37,643 [pool-659-thread-1] INFO  server.RaftServer$Division (RaftServerImpl.java:start(334)) - e47c0d7c-1c57-43cf-a038-4c1ee28029c6@group-E7106E4C0F9A: start as a follower, conf=-1: peers:[e47c0d7c-1c57-43cf-a038-4c1ee28029c6|rpc:10.1.0.33:39237|dataStream:|priority:1|startupRole:FOLLOWER, 5580caa2-355e-4705-b703-b3b115bf5f47|rpc:10.1.0.33:42291|dataStream:|priority:0|startupRole:FOLLOWER, 0803b3f8-d7a7-4034-819c-d574a53cd8d2|rpc:10.1.0.33:46295|dataStream:|priority:0|startupRole:FOLLOWER]|listeners:[], old=null
2022-11-14 01:05:37,643 [pool-659-thread-1] INFO  server.RaftServer$Division (RaftServerImpl.java:setRole(321)) - e47c0d7c-1c57-43cf-a038-4c1ee28029c6@group-E7106E4C0F9A: changes role from      null to FOLLOWER at term 0 for startAsFollower
2022-11-14 01:05:37,643 [pool-659-thread-1] INFO  impl.RoleInfo (RoleInfo.java:updateAndGet(139)) - e47c0d7c-1c57-43cf-a038-4c1ee28029c6: start e47c0d7c-1c57-43cf-a038-4c1ee28029c6@group-E7106E4C0F9A-FollowerState
2022-11-14 01:05:37,643 [pool-659-thread-1] INFO  util.JmxRegister (JmxRegister.java:tryRegister(44)) - Successfully registered JMX Bean with object name Ratis:service=RaftServer,group=group-E7106E4C0F9A,id=e47c0d7c-1c57-43cf-a038-4c1ee28029c6
2022-11-14 01:05:37,643 [pool-659-thread-1] INFO  server.RaftServerConfigKeys (ConfUtils.java:logGet(46)) - raft.server.snapshot.auto.trigger.enabled = true (custom)
2022-11-14 01:05:37,643 [pool-659-thread-1] INFO  server.RaftServerConfigKeys (ConfUtils.java:logGet(46)) - raft.server.snapshot.auto.trigger.threshold = 10000 (custom)
2022-11-14 01:05:37,643 [pool-659-thread-1] INFO  server.RaftServerConfigKeys (ConfUtils.java:logGet(46)) - raft.server.snapshot.retention.file.num = 5 (custom)
2022-11-14 01:05:37,643 [pool-659-thread-1] INFO  server.RaftServerConfigKeys (ConfUtils.java:logGet(46)) - raft.server.log.purge.upto.snapshot.index = false (default)
2022-11-14 01:05:37,644 [e47c0d7c-1c57-43cf-a038-4c1ee28029c6@group-E7106E4C0F9A-FollowerState] INFO  server.RaftServerConfigKeys (ConfUtils.java:logFallback(53)) - raft.server.rpc.first-election.timeout.min = 5s (fallback to raft.server.rpc.timeout.min)
2022-11-14 01:05:37,644 [e47c0d7c-1c57-43cf-a038-4c1ee28029c6@group-E7106E4C0F9A-FollowerState] INFO  server.RaftServerConfigKeys (ConfUtils.java:logFallback(53)) - raft.server.rpc.first-election.timeout.max = 5200ms (fallback to raft.server.rpc.timeout.max)
2022-11-14 01:05:37,647 [Command processor thread] INFO  commandhandler.CreatePipelineCommandHandler (CreatePipelineCommandHandler.java:handle(113)) - Created Pipeline RATIS THREE PipelineID=79432587-0e7b-4106-a466-e7106e4c0f9a.
2022-11-14 01:05:38,077 [Listener at 127.0.0.1/43083] INFO  ozone.MiniOzoneClusterImpl (MiniOzoneClusterImpl.java:lambda$waitForClusterToBeReady$0(216)) - Nodes are ready. Got 6 of 6 DN Heartbeats.
2022-11-14 01:05:38,077 [Listener at 127.0.0.1/43083] INFO  ozone.MiniOzoneClusterImpl (MiniOzoneClusterImpl.java:lambda$waitForClusterToBeReady$0(219)) - Waiting for cluster to exit safe mode
2022-11-14 01:05:38,077 [Listener at 127.0.0.1/43083] INFO  ozone.MiniOzoneClusterImpl (MiniOzoneClusterImpl.java:lambda$waitForClusterToBeReady$0(221)) - SCM became leader
2022-11-14 01:05:39,077 [Listener at 127.0.0.1/43083] INFO  ozone.MiniOzoneClusterImpl (MiniOzoneClusterImpl.java:lambda$waitForClusterToBeReady$0(216)) - Nodes are ready. Got 6 of 6 DN Heartbeats.
2022-11-14 01:05:39,078 [Listener at 127.0.0.1/43083] INFO  ozone.MiniOzoneClusterImpl (MiniOzoneClusterImpl.java:lambda$waitForClusterToBeReady$0(219)) - Waiting for cluster to exit safe mode
2022-11-14 01:05:39,078 [Listener at 127.0.0.1/43083] INFO  ozone.MiniOzoneClusterImpl (MiniOzoneClusterImpl.java:lambda$waitForClusterToBeReady$0(221)) - SCM became leader
2022-11-14 01:05:40,078 [Listener at 127.0.0.1/43083] INFO  ozone.MiniOzoneClusterImpl (MiniOzoneClusterImpl.java:lambda$waitForClusterToBeReady$0(216)) - Nodes are ready. Got 6 of 6 DN Heartbeats.
2022-11-14 01:05:40,078 [Listener at 127.0.0.1/43083] INFO  ozone.MiniOzoneClusterImpl (MiniOzoneClusterImpl.java:lambda$waitForClusterToBeReady$0(219)) - Waiting for cluster to exit safe mode
2022-11-14 01:05:40,078 [Listener at 127.0.0.1/43083] INFO  ozone.MiniOzoneClusterImpl (MiniOzoneClusterImpl.java:lambda$waitForClusterToBeReady$0(221)) - SCM became leader
2022-11-14 01:05:41,079 [Listener at 127.0.0.1/43083] INFO  ozone.MiniOzoneClusterImpl (MiniOzoneClusterImpl.java:lambda$waitForClusterToBeReady$0(216)) - Nodes are ready. Got 6 of 6 DN Heartbeats.
2022-11-14 01:05:41,079 [Listener at 127.0.0.1/43083] INFO  ozone.MiniOzoneClusterImpl (MiniOzoneClusterImpl.java:lambda$waitForClusterToBeReady$0(219)) - Waiting for cluster to exit safe mode
2022-11-14 01:05:41,079 [Listener at 127.0.0.1/43083] INFO  ozone.MiniOzoneClusterImpl (MiniOzoneClusterImpl.java:lambda$waitForClusterToBeReady$0(221)) - SCM became leader
2022-11-14 01:05:41,628 [0fc4731f-baaf-4631-bdc3-d8623c212dbb@group-76841156C9C1-FollowerState] INFO  impl.FollowerState (FollowerState.java:run(143)) - 0fc4731f-baaf-4631-bdc3-d8623c212dbb@group-76841156C9C1-FollowerState: change to CANDIDATE, lastRpcElapsedTime:5064190876ns, electionTimeout:5063ms
2022-11-14 01:05:41,628 [0fc4731f-baaf-4631-bdc3-d8623c212dbb@group-76841156C9C1-FollowerState] INFO  impl.RoleInfo (RoleInfo.java:shutdownFollowerState(110)) - 0fc4731f-baaf-4631-bdc3-d8623c212dbb: shutdown 0fc4731f-baaf-4631-bdc3-d8623c212dbb@group-76841156C9C1-FollowerState
2022-11-14 01:05:41,628 [0fc4731f-baaf-4631-bdc3-d8623c212dbb@group-76841156C9C1-FollowerState] INFO  server.RaftServer$Division (RaftServerImpl.java:setRole(321)) - 0fc4731f-baaf-4631-bdc3-d8623c212dbb@group-76841156C9C1: changes role from  FOLLOWER to CANDIDATE at term 0 for changeToCandidate
2022-11-14 01:05:41,628 [0fc4731f-baaf-4631-bdc3-d8623c212dbb@group-76841156C9C1-FollowerState] INFO  server.RaftServerConfigKeys (ConfUtils.java:logGet(46)) - raft.server.leaderelection.pre-vote = false (custom)
2022-11-14 01:05:41,628 [0fc4731f-baaf-4631-bdc3-d8623c212dbb@group-76841156C9C1-FollowerState] INFO  impl.RoleInfo (RoleInfo.java:updateAndGet(139)) - 0fc4731f-baaf-4631-bdc3-d8623c212dbb: start 0fc4731f-baaf-4631-bdc3-d8623c212dbb@group-76841156C9C1-LeaderElection30
2022-11-14 01:05:41,632 [0fc4731f-baaf-4631-bdc3-d8623c212dbb@group-76841156C9C1-LeaderElection30] INFO  impl.LeaderElection (LeaderElection.java:askForVotes(312)) - 0fc4731f-baaf-4631-bdc3-d8623c212dbb@group-76841156C9C1-LeaderElection30 ELECTION round 0: submit vote requests at term 1 for -1: peers:[52da76b7-c1ad-453e-bf88-2b0b77429b8d|rpc:10.1.0.33:45707|priority:0|startupRole:FOLLOWER, 036f6f39-f91a-40c8-a1f5-620aa24a6690|rpc:10.1.0.33:37265|priority:1|startupRole:FOLLOWER, 0fc4731f-baaf-4631-bdc3-d8623c212dbb|rpc:10.1.0.33:44873|priority:0|startupRole:FOLLOWER]|listeners:[], old=null
2022-11-14 01:05:41,632 [0fc4731f-baaf-4631-bdc3-d8623c212dbb@group-76841156C9C1-LeaderElection30-1] INFO  server.GrpcServerProtocolClient (GrpcServerProtocolClient.java:<init>(63)) - Build channel for 52da76b7-c1ad-453e-bf88-2b0b77429b8d
2022-11-14 01:05:41,632 [0fc4731f-baaf-4631-bdc3-d8623c212dbb@group-76841156C9C1-LeaderElection30] INFO  server.RaftServerConfigKeys (ConfUtils.java:logFallback(53)) - raft.server.rpc.first-election.timeout.min = 5s (fallback to raft.server.rpc.timeout.min)
2022-11-14 01:05:41,633 [0fc4731f-baaf-4631-bdc3-d8623c212dbb@group-76841156C9C1-LeaderElection30] INFO  server.RaftServerConfigKeys (ConfUtils.java:logFallback(53)) - raft.server.rpc.first-election.timeout.max = 5200ms (fallback to raft.server.rpc.timeout.max)
2022-11-14 01:05:41,633 [0fc4731f-baaf-4631-bdc3-d8623c212dbb@group-76841156C9C1-LeaderElection30-2] INFO  server.GrpcServerProtocolClient (GrpcServerProtocolClient.java:<init>(63)) - Build channel for 036f6f39-f91a-40c8-a1f5-620aa24a6690
2022-11-14 01:05:41,641 [grpc-default-executor-0] INFO  server.RaftServer$Division (RaftServerImpl.java:requestVote(1218)) - 52da76b7-c1ad-453e-bf88-2b0b77429b8d@group-76841156C9C1: receive requestVote(ELECTION, 0fc4731f-baaf-4631-bdc3-d8623c212dbb, group-76841156C9C1, 1, (t:0, i:0))
2022-11-14 01:05:41,642 [grpc-default-executor-0] INFO  impl.VoteContext (VoteContext.java:log(48)) - 52da76b7-c1ad-453e-bf88-2b0b77429b8d@group-76841156C9C1-FOLLOWER: accept ELECTION from 0fc4731f-baaf-4631-bdc3-d8623c212dbb: our priority 0 <= candidate's priority 0
2022-11-14 01:05:41,642 [grpc-default-executor-0] INFO  server.RaftServer$Division (RaftServerImpl.java:setRole(321)) - 52da76b7-c1ad-453e-bf88-2b0b77429b8d@group-76841156C9C1: changes role from  FOLLOWER to FOLLOWER at term 1 for candidate:0fc4731f-baaf-4631-bdc3-d8623c212dbb
2022-11-14 01:05:41,642 [grpc-default-executor-0] INFO  impl.RoleInfo (RoleInfo.java:shutdownFollowerState(110)) - 52da76b7-c1ad-453e-bf88-2b0b77429b8d: shutdown 52da76b7-c1ad-453e-bf88-2b0b77429b8d@group-76841156C9C1-FollowerState
2022-11-14 01:05:41,642 [grpc-default-executor-0] INFO  impl.RoleInfo (RoleInfo.java:updateAndGet(139)) - 52da76b7-c1ad-453e-bf88-2b0b77429b8d: start 52da76b7-c1ad-453e-bf88-2b0b77429b8d@group-76841156C9C1-FollowerState
2022-11-14 01:05:41,642 [52da76b7-c1ad-453e-bf88-2b0b77429b8d@group-76841156C9C1-FollowerState] INFO  impl.FollowerState (FollowerState.java:run(152)) - 52da76b7-c1ad-453e-bf88-2b0b77429b8d@group-76841156C9C1-FollowerState was interrupted
2022-11-14 01:05:41,643 [52da76b7-c1ad-453e-bf88-2b0b77429b8d@group-76841156C9C1-FollowerState] INFO  server.RaftServerConfigKeys (ConfUtils.java:logFallback(53)) - raft.server.rpc.first-election.timeout.min = 5s (fallback to raft.server.rpc.timeout.min)
2022-11-14 01:05:41,643 [52da76b7-c1ad-453e-bf88-2b0b77429b8d@group-76841156C9C1-FollowerState] INFO  server.RaftServerConfigKeys (ConfUtils.java:logFallback(53)) - raft.server.rpc.first-election.timeout.max = 5200ms (fallback to raft.server.rpc.timeout.max)
2022-11-14 01:05:41,649 [grpc-default-executor-0] INFO  server.RaftServer$Division (RaftServerImpl.java:requestVote(1251)) - 52da76b7-c1ad-453e-bf88-2b0b77429b8d@group-76841156C9C1 replies to ELECTION vote request: 0fc4731f-baaf-4631-bdc3-d8623c212dbb<-52da76b7-c1ad-453e-bf88-2b0b77429b8d#0:OK-t1. Peer's state: 52da76b7-c1ad-453e-bf88-2b0b77429b8d@group-76841156C9C1:t1, leader=null, voted=0fc4731f-baaf-4631-bdc3-d8623c212dbb, raftlog=Memoized:52da76b7-c1ad-453e-bf88-2b0b77429b8d@group-76841156C9C1-SegmentedRaftLog:OPENED:c-1, conf=-1: peers:[52da76b7-c1ad-453e-bf88-2b0b77429b8d|rpc:10.1.0.33:45707|dataStream:|priority:0|startupRole:FOLLOWER, 036f6f39-f91a-40c8-a1f5-620aa24a6690|rpc:10.1.0.33:37265|dataStream:|priority:1|startupRole:FOLLOWER, 0fc4731f-baaf-4631-bdc3-d8623c212dbb|rpc:10.1.0.33:44873|dataStream:|priority:0|startupRole:FOLLOWER]|listeners:[], old=null
2022-11-14 01:05:41,654 [grpc-default-executor-0] INFO  server.RaftServer$Division (RaftServerImpl.java:requestVote(1218)) - 036f6f39-f91a-40c8-a1f5-620aa24a6690@group-76841156C9C1: receive requestVote(ELECTION, 0fc4731f-baaf-4631-bdc3-d8623c212dbb, group-76841156C9C1, 1, (t:0, i:0))
2022-11-14 01:05:41,654 [grpc-default-executor-0] INFO  impl.VoteContext (VoteContext.java:log(48)) - 036f6f39-f91a-40c8-a1f5-620aa24a6690@group-76841156C9C1-FOLLOWER: reject ELECTION from 0fc4731f-baaf-4631-bdc3-d8623c212dbb: our priority 1 > candidate's priority 0
2022-11-14 01:05:41,654 [grpc-default-executor-0] INFO  server.RaftServer$Division (RaftServerImpl.java:setRole(321)) - 036f6f39-f91a-40c8-a1f5-620aa24a6690@group-76841156C9C1: changes role from  FOLLOWER to FOLLOWER at term 1 for candidate:0fc4731f-baaf-4631-bdc3-d8623c212dbb
2022-11-14 01:05:41,654 [grpc-default-executor-0] INFO  impl.RoleInfo (RoleInfo.java:shutdownFollowerState(110)) - 036f6f39-f91a-40c8-a1f5-620aa24a6690: shutdown 036f6f39-f91a-40c8-a1f5-620aa24a6690@group-76841156C9C1-FollowerState
2022-11-14 01:05:41,654 [grpc-default-executor-0] INFO  impl.RoleInfo (RoleInfo.java:updateAndGet(139)) - 036f6f39-f91a-40c8-a1f5-620aa24a6690: start 036f6f39-f91a-40c8-a1f5-620aa24a6690@group-76841156C9C1-FollowerState
2022-11-14 01:05:41,654 [036f6f39-f91a-40c8-a1f5-620aa24a6690@group-76841156C9C1-FollowerState] INFO  impl.FollowerState (FollowerState.java:run(152)) - 036f6f39-f91a-40c8-a1f5-620aa24a6690@group-76841156C9C1-FollowerState was interrupted
2022-11-14 01:05:41,656 [036f6f39-f91a-40c8-a1f5-620aa24a6690@group-76841156C9C1-FollowerState] INFO  server.RaftServerConfigKeys (ConfUtils.java:logFallback(53)) - raft.server.rpc.first-election.timeout.min = 5s (fallback to raft.server.rpc.timeout.min)
2022-11-14 01:05:41,656 [036f6f39-f91a-40c8-a1f5-620aa24a6690@group-76841156C9C1-FollowerState] INFO  server.RaftServerConfigKeys (ConfUtils.java:logFallback(53)) - raft.server.rpc.first-election.timeout.max = 5200ms (fallback to raft.server.rpc.timeout.max)
2022-11-14 01:05:41,657 [grpc-default-executor-0] INFO  server.RaftServer$Division (RaftServerImpl.java:requestVote(1251)) - 036f6f39-f91a-40c8-a1f5-620aa24a6690@group-76841156C9C1 replies to ELECTION vote request: 0fc4731f-baaf-4631-bdc3-d8623c212dbb<-036f6f39-f91a-40c8-a1f5-620aa24a6690#0:FAIL-t1. Peer's state: 036f6f39-f91a-40c8-a1f5-620aa24a6690@group-76841156C9C1:t1, leader=null, voted=null, raftlog=Memoized:036f6f39-f91a-40c8-a1f5-620aa24a6690@group-76841156C9C1-SegmentedRaftLog:OPENED:c-1, conf=-1: peers:[52da76b7-c1ad-453e-bf88-2b0b77429b8d|rpc:10.1.0.33:45707|dataStream:|priority:0|startupRole:FOLLOWER, 036f6f39-f91a-40c8-a1f5-620aa24a6690|rpc:10.1.0.33:37265|dataStream:|priority:1|startupRole:FOLLOWER, 0fc4731f-baaf-4631-bdc3-d8623c212dbb|rpc:10.1.0.33:44873|dataStream:|priority:0|startupRole:FOLLOWER]|listeners:[], old=null
2022-11-14 01:05:41,658 [0fc4731f-baaf-4631-bdc3-d8623c212dbb@group-76841156C9C1-LeaderElection30] INFO  impl.LeaderElection (LeaderElection.java:logAndReturn(90)) - 0fc4731f-baaf-4631-bdc3-d8623c212dbb@group-76841156C9C1-LeaderElection30: ELECTION REJECTED received 2 response(s) and 0 exception(s):
2022-11-14 01:05:41,658 [0fc4731f-baaf-4631-bdc3-d8623c212dbb@group-76841156C9C1-LeaderElection30] INFO  impl.LeaderElection (LeaderElection.java:logAndReturn(94)) -   Response 0: 0fc4731f-baaf-4631-bdc3-d8623c212dbb<-52da76b7-c1ad-453e-bf88-2b0b77429b8d#0:OK-t1
2022-11-14 01:05:41,658 [0fc4731f-baaf-4631-bdc3-d8623c212dbb@group-76841156C9C1-LeaderElection30] INFO  impl.LeaderElection (LeaderElection.java:logAndReturn(94)) -   Response 1: 0fc4731f-baaf-4631-bdc3-d8623c212dbb<-036f6f39-f91a-40c8-a1f5-620aa24a6690#0:FAIL-t1
2022-11-14 01:05:41,658 [0fc4731f-baaf-4631-bdc3-d8623c212dbb@group-76841156C9C1-LeaderElection30] INFO  impl.LeaderElection (LeaderElection.java:askForVotes(314)) - 0fc4731f-baaf-4631-bdc3-d8623c212dbb@group-76841156C9C1-LeaderElection30 ELECTION round 0: result REJECTED
2022-11-14 01:05:41,658 [0fc4731f-baaf-4631-bdc3-d8623c212dbb@group-76841156C9C1-LeaderElection30] INFO  server.RaftServer$Division (RaftServerImpl.java:setRole(321)) - 0fc4731f-baaf-4631-bdc3-d8623c212dbb@group-76841156C9C1: changes role from CANDIDATE to FOLLOWER at term 1 for REJECTED
2022-11-14 01:05:41,658 [0fc4731f-baaf-4631-bdc3-d8623c212dbb@group-76841156C9C1-LeaderElection30] INFO  impl.RoleInfo (RoleInfo.java:shutdownLeaderElection(130)) - 0fc4731f-baaf-4631-bdc3-d8623c212dbb: shutdown 0fc4731f-baaf-4631-bdc3-d8623c212dbb@group-76841156C9C1-LeaderElection30
2022-11-14 01:05:41,658 [0fc4731f-baaf-4631-bdc3-d8623c212dbb@group-76841156C9C1-LeaderElection30] INFO  impl.RoleInfo (RoleInfo.java:updateAndGet(139)) - 0fc4731f-baaf-4631-bdc3-d8623c212dbb: start 0fc4731f-baaf-4631-bdc3-d8623c212dbb@group-76841156C9C1-FollowerState
2022-11-14 01:05:41,659 [0fc4731f-baaf-4631-bdc3-d8623c212dbb@group-76841156C9C1-FollowerState] INFO  server.RaftServerConfigKeys (ConfUtils.java:logFallback(53)) - raft.server.rpc.first-election.timeout.min = 5s (fallback to raft.server.rpc.timeout.min)
2022-11-14 01:05:41,659 [0fc4731f-baaf-4631-bdc3-d8623c212dbb@group-76841156C9C1-FollowerState] INFO  server.RaftServerConfigKeys (ConfUtils.java:logFallback(53)) - raft.server.rpc.first-election.timeout.max = 5200ms (fallback to raft.server.rpc.timeout.max)
2022-11-14 01:05:41,689 [0fc4731f-baaf-4631-bdc3-d8623c212dbb@group-1579AB3EA12E-FollowerState] INFO  impl.FollowerState (FollowerState.java:run(143)) - 0fc4731f-baaf-4631-bdc3-d8623c212dbb@group-1579AB3EA12E-FollowerState: change to CANDIDATE, lastRpcElapsedTime:5044066481ns, electionTimeout:5041ms
2022-11-14 01:05:41,689 [0fc4731f-baaf-4631-bdc3-d8623c212dbb@group-1579AB3EA12E-FollowerState] INFO  impl.RoleInfo (RoleInfo.java:shutdownFollowerState(110)) - 0fc4731f-baaf-4631-bdc3-d8623c212dbb: shutdown 0fc4731f-baaf-4631-bdc3-d8623c212dbb@group-1579AB3EA12E-FollowerState
2022-11-14 01:05:41,689 [0fc4731f-baaf-4631-bdc3-d8623c212dbb@group-1579AB3EA12E-FollowerState] INFO  server.RaftServer$Division (RaftServerImpl.java:setRole(321)) - 0fc4731f-baaf-4631-bdc3-d8623c212dbb@group-1579AB3EA12E: changes role from  FOLLOWER to CANDIDATE at term 0 for changeToCandidate
2022-11-14 01:05:41,689 [0fc4731f-baaf-4631-bdc3-d8623c212dbb@group-1579AB3EA12E-FollowerState] INFO  server.RaftServerConfigKeys (ConfUtils.java:logGet(46)) - raft.server.leaderelection.pre-vote = false (custom)
2022-11-14 01:05:41,689 [0fc4731f-baaf-4631-bdc3-d8623c212dbb@group-1579AB3EA12E-FollowerState] INFO  impl.RoleInfo (RoleInfo.java:updateAndGet(139)) - 0fc4731f-baaf-4631-bdc3-d8623c212dbb: start 0fc4731f-baaf-4631-bdc3-d8623c212dbb@group-1579AB3EA12E-LeaderElection31
2022-11-14 01:05:41,693 [0fc4731f-baaf-4631-bdc3-d8623c212dbb@group-1579AB3EA12E-LeaderElection31] INFO  impl.LeaderElection (LeaderElection.java:askForVotes(312)) - 0fc4731f-baaf-4631-bdc3-d8623c212dbb@group-1579AB3EA12E-LeaderElection31 ELECTION round 0: submit vote requests at term 1 for -1: peers:[52da76b7-c1ad-453e-bf88-2b0b77429b8d|rpc:10.1.0.33:45707|priority:1|startupRole:FOLLOWER, 036f6f39-f91a-40c8-a1f5-620aa24a6690|rpc:10.1.0.33:37265|priority:0|startupRole:FOLLOWER, 0fc4731f-baaf-4631-bdc3-d8623c212dbb|rpc:10.1.0.33:44873|priority:0|startupRole:FOLLOWER]|listeners:[], old=null
2022-11-14 01:05:41,695 [grpc-default-executor-0] INFO  server.RaftServer$Division (RaftServerImpl.java:requestVote(1218)) - 52da76b7-c1ad-453e-bf88-2b0b77429b8d@group-1579AB3EA12E: receive requestVote(ELECTION, 0fc4731f-baaf-4631-bdc3-d8623c212dbb, group-1579AB3EA12E, 1, (t:0, i:0))
2022-11-14 01:05:41,695 [grpc-default-executor-0] INFO  impl.VoteContext (VoteContext.java:log(48)) - 52da76b7-c1ad-453e-bf88-2b0b77429b8d@group-1579AB3EA12E-FOLLOWER: reject ELECTION from 0fc4731f-baaf-4631-bdc3-d8623c212dbb: our priority 1 > candidate's priority 0
2022-11-14 01:05:41,696 [grpc-default-executor-0] INFO  server.RaftServer$Division (RaftServerImpl.java:setRole(321)) - 52da76b7-c1ad-453e-bf88-2b0b77429b8d@group-1579AB3EA12E: changes role from  FOLLOWER to FOLLOWER at term 1 for candidate:0fc4731f-baaf-4631-bdc3-d8623c212dbb
2022-11-14 01:05:41,696 [grpc-default-executor-0] INFO  impl.RoleInfo (RoleInfo.java:shutdownFollowerState(110)) - 52da76b7-c1ad-453e-bf88-2b0b77429b8d: shutdown 52da76b7-c1ad-453e-bf88-2b0b77429b8d@group-1579AB3EA12E-FollowerState
2022-11-14 01:05:41,698 [0fc4731f-baaf-4631-bdc3-d8623c212dbb@group-1579AB3EA12E-LeaderElection31] INFO  server.RaftServerConfigKeys (ConfUtils.java:logFallback(53)) - raft.server.rpc.first-election.timeout.min = 5s (fallback to raft.server.rpc.timeout.min)
2022-11-14 01:05:41,698 [0fc4731f-baaf-4631-bdc3-d8623c212dbb@group-1579AB3EA12E-LeaderElection31] INFO  server.RaftServerConfigKeys (ConfUtils.java:logFallback(53)) - raft.server.rpc.first-election.timeout.max = 5200ms (fallback to raft.server.rpc.timeout.max)
2022-11-14 01:05:41,698 [grpc-default-executor-0] INFO  impl.RoleInfo (RoleInfo.java:updateAndGet(139)) - 52da76b7-c1ad-453e-bf88-2b0b77429b8d: start 52da76b7-c1ad-453e-bf88-2b0b77429b8d@group-1579AB3EA12E-FollowerState
2022-11-14 01:05:41,699 [52da76b7-c1ad-453e-bf88-2b0b77429b8d@group-1579AB3EA12E-FollowerState] INFO  impl.FollowerState (FollowerState.java:run(152)) - 52da76b7-c1ad-453e-bf88-2b0b77429b8d@group-1579AB3EA12E-FollowerState was interrupted
2022-11-14 01:05:41,700 [grpc-default-executor-1] INFO  server.RaftServer$Division (RaftServerImpl.java:requestVote(1218)) - 036f6f39-f91a-40c8-a1f5-620aa24a6690@group-1579AB3EA12E: receive requestVote(ELECTION, 0fc4731f-baaf-4631-bdc3-d8623c212dbb, group-1579AB3EA12E, 1, (t:0, i:0))
2022-11-14 01:05:41,701 [grpc-default-executor-1] INFO  impl.VoteContext (VoteContext.java:log(48)) - 036f6f39-f91a-40c8-a1f5-620aa24a6690@group-1579AB3EA12E-FOLLOWER: accept ELECTION from 0fc4731f-baaf-4631-bdc3-d8623c212dbb: our priority 0 <= candidate's priority 0
2022-11-14 01:05:41,701 [grpc-default-executor-1] INFO  server.RaftServer$Division (RaftServerImpl.java:setRole(321)) - 036f6f39-f91a-40c8-a1f5-620aa24a6690@group-1579AB3EA12E: changes role from  FOLLOWER to FOLLOWER at term 1 for candidate:0fc4731f-baaf-4631-bdc3-d8623c212dbb
2022-11-14 01:05:41,701 [grpc-default-executor-1] INFO  impl.RoleInfo (RoleInfo.java:shutdownFollowerState(110)) - 036f6f39-f91a-40c8-a1f5-620aa24a6690: shutdown 036f6f39-f91a-40c8-a1f5-620aa24a6690@group-1579AB3EA12E-FollowerState
2022-11-14 01:05:41,701 [grpc-default-executor-1] INFO  impl.RoleInfo (RoleInfo.java:updateAndGet(139)) - 036f6f39-f91a-40c8-a1f5-620aa24a6690: start 036f6f39-f91a-40c8-a1f5-620aa24a6690@group-1579AB3EA12E-FollowerState
2022-11-14 01:05:41,701 [036f6f39-f91a-40c8-a1f5-620aa24a6690@group-1579AB3EA12E-FollowerState] INFO  impl.FollowerState (FollowerState.java:run(152)) - 036f6f39-f91a-40c8-a1f5-620aa24a6690@group-1579AB3EA12E-FollowerState was interrupted
2022-11-14 01:05:41,701 [52da76b7-c1ad-453e-bf88-2b0b77429b8d@group-1579AB3EA12E-FollowerState] INFO  server.RaftServerConfigKeys (ConfUtils.java:logFallback(53)) - raft.server.rpc.first-election.timeout.min = 5s (fallback to raft.server.rpc.timeout.min)
2022-11-14 01:05:41,701 [52da76b7-c1ad-453e-bf88-2b0b77429b8d@group-1579AB3EA12E-FollowerState] INFO  server.RaftServerConfigKeys (ConfUtils.java:logFallback(53)) - raft.server.rpc.first-election.timeout.max = 5200ms (fallback to raft.server.rpc.timeout.max)
2022-11-14 01:05:41,703 [036f6f39-f91a-40c8-a1f5-620aa24a6690@group-1579AB3EA12E-FollowerState] INFO  server.RaftServerConfigKeys (ConfUtils.java:logFallback(53)) - raft.server.rpc.first-election.timeout.min = 5s (fallback to raft.server.rpc.timeout.min)
2022-11-14 01:05:41,703 [036f6f39-f91a-40c8-a1f5-620aa24a6690@group-1579AB3EA12E-FollowerState] INFO  server.RaftServerConfigKeys (ConfUtils.java:logFallback(53)) - raft.server.rpc.first-election.timeout.max = 5200ms (fallback to raft.server.rpc.timeout.max)
2022-11-14 01:05:41,703 [grpc-default-executor-0] INFO  server.RaftServer$Division (RaftServerImpl.java:requestVote(1251)) - 52da76b7-c1ad-453e-bf88-2b0b77429b8d@group-1579AB3EA12E replies to ELECTION vote request: 0fc4731f-baaf-4631-bdc3-d8623c212dbb<-52da76b7-c1ad-453e-bf88-2b0b77429b8d#0:FAIL-t1. Peer's state: 52da76b7-c1ad-453e-bf88-2b0b77429b8d@group-1579AB3EA12E:t1, leader=null, voted=null, raftlog=Memoized:52da76b7-c1ad-453e-bf88-2b0b77429b8d@group-1579AB3EA12E-SegmentedRaftLog:OPENED:c-1, conf=-1: peers:[52da76b7-c1ad-453e-bf88-2b0b77429b8d|rpc:10.1.0.33:45707|dataStream:|priority:1|startupRole:FOLLOWER, 036f6f39-f91a-40c8-a1f5-620aa24a6690|rpc:10.1.0.33:37265|dataStream:|priority:0|startupRole:FOLLOWER, 0fc4731f-baaf-4631-bdc3-d8623c212dbb|rpc:10.1.0.33:44873|dataStream:|priority:0|startupRole:FOLLOWER]|listeners:[], old=null
2022-11-14 01:05:41,704 [0fc4731f-baaf-4631-bdc3-d8623c212dbb@group-1579AB3EA12E-LeaderElection31] INFO  impl.LeaderElection (LeaderElection.java:logAndReturn(90)) - 0fc4731f-baaf-4631-bdc3-d8623c212dbb@group-1579AB3EA12E-LeaderElection31: ELECTION REJECTED received 1 response(s) and 0 exception(s):
2022-11-14 01:05:41,704 [0fc4731f-baaf-4631-bdc3-d8623c212dbb@group-1579AB3EA12E-LeaderElection31] INFO  impl.LeaderElection (LeaderElection.java:logAndReturn(94)) -   Response 0: 0fc4731f-baaf-4631-bdc3-d8623c212dbb<-52da76b7-c1ad-453e-bf88-2b0b77429b8d#0:FAIL-t1
2022-11-14 01:05:41,704 [0fc4731f-baaf-4631-bdc3-d8623c212dbb@group-1579AB3EA12E-LeaderElection31] INFO  impl.LeaderElection (LeaderElection.java:askForVotes(314)) - 0fc4731f-baaf-4631-bdc3-d8623c212dbb@group-1579AB3EA12E-LeaderElection31 ELECTION round 0: result REJECTED
2022-11-14 01:05:41,704 [0fc4731f-baaf-4631-bdc3-d8623c212dbb@group-1579AB3EA12E-LeaderElection31] INFO  server.RaftServer$Division (RaftServerImpl.java:setRole(321)) - 0fc4731f-baaf-4631-bdc3-d8623c212dbb@group-1579AB3EA12E: changes role from CANDIDATE to FOLLOWER at term 1 for REJECTED
2022-11-14 01:05:41,704 [0fc4731f-baaf-4631-bdc3-d8623c212dbb@group-1579AB3EA12E-LeaderElection31] INFO  impl.RoleInfo (RoleInfo.java:shutdownLeaderElection(130)) - 0fc4731f-baaf-4631-bdc3-d8623c212dbb: shutdown 0fc4731f-baaf-4631-bdc3-d8623c212dbb@group-1579AB3EA12E-LeaderElection31
2022-11-14 01:05:41,704 [0fc4731f-baaf-4631-bdc3-d8623c212dbb@group-1579AB3EA12E-LeaderElection31] INFO  impl.RoleInfo (RoleInfo.java:updateAndGet(139)) - 0fc4731f-baaf-4631-bdc3-d8623c212dbb: start 0fc4731f-baaf-4631-bdc3-d8623c212dbb@group-1579AB3EA12E-FollowerState
2022-11-14 01:05:41,706 [grpc-default-executor-1] INFO  server.RaftServer$Division (RaftServerImpl.java:requestVote(1251)) - 036f6f39-f91a-40c8-a1f5-620aa24a6690@group-1579AB3EA12E replies to ELECTION vote request: 0fc4731f-baaf-4631-bdc3-d8623c212dbb<-036f6f39-f91a-40c8-a1f5-620aa24a6690#0:OK-t1. Peer's state: 036f6f39-f91a-40c8-a1f5-620aa24a6690@group-1579AB3EA12E:t1, leader=null, voted=0fc4731f-baaf-4631-bdc3-d8623c212dbb, raftlog=Memoized:036f6f39-f91a-40c8-a1f5-620aa24a6690@group-1579AB3EA12E-SegmentedRaftLog:OPENED:c-1, conf=-1: peers:[52da76b7-c1ad-453e-bf88-2b0b77429b8d|rpc:10.1.0.33:45707|dataStream:|priority:1|startupRole:FOLLOWER, 036f6f39-f91a-40c8-a1f5-620aa24a6690|rpc:10.1.0.33:37265|dataStream:|priority:0|startupRole:FOLLOWER, 0fc4731f-baaf-4631-bdc3-d8623c212dbb|rpc:10.1.0.33:44873|dataStream:|priority:0|startupRole:FOLLOWER]|listeners:[], old=null
2022-11-14 01:05:41,709 [0fc4731f-baaf-4631-bdc3-d8623c212dbb@group-1579AB3EA12E-FollowerState] INFO  server.RaftServerConfigKeys (ConfUtils.java:logFallback(53)) - raft.server.rpc.first-election.timeout.min = 5s (fallback to raft.server.rpc.timeout.min)
2022-11-14 01:05:41,709 [0fc4731f-baaf-4631-bdc3-d8623c212dbb@group-1579AB3EA12E-FollowerState] INFO  server.RaftServerConfigKeys (ConfUtils.java:logFallback(53)) - raft.server.rpc.first-election.timeout.max = 5200ms (fallback to raft.server.rpc.timeout.max)
2022-11-14 01:05:42,079 [Listener at 127.0.0.1/43083] INFO  ozone.MiniOzoneClusterImpl (MiniOzoneClusterImpl.java:lambda$waitForClusterToBeReady$0(216)) - Nodes are ready. Got 6 of 6 DN Heartbeats.
2022-11-14 01:05:42,080 [Listener at 127.0.0.1/43083] INFO  ozone.MiniOzoneClusterImpl (MiniOzoneClusterImpl.java:lambda$waitForClusterToBeReady$0(219)) - Waiting for cluster to exit safe mode
2022-11-14 01:05:42,080 [Listener at 127.0.0.1/43083] INFO  ozone.MiniOzoneClusterImpl (MiniOzoneClusterImpl.java:lambda$waitForClusterToBeReady$0(221)) - SCM became leader
2022-11-14 01:05:42,551 [5580caa2-355e-4705-b703-b3b115bf5f47@group-5E32BC8487E9-FollowerState] INFO  impl.FollowerState (FollowerState.java:run(143)) - 5580caa2-355e-4705-b703-b3b115bf5f47@group-5E32BC8487E9-FollowerState: change to CANDIDATE, lastRpcElapsedTime:5047557117ns, electionTimeout:5047ms
2022-11-14 01:05:42,551 [5580caa2-355e-4705-b703-b3b115bf5f47@group-5E32BC8487E9-FollowerState] INFO  impl.RoleInfo (RoleInfo.java:shutdownFollowerState(110)) - 5580caa2-355e-4705-b703-b3b115bf5f47: shutdown 5580caa2-355e-4705-b703-b3b115bf5f47@group-5E32BC8487E9-FollowerState
2022-11-14 01:05:42,551 [5580caa2-355e-4705-b703-b3b115bf5f47@group-5E32BC8487E9-FollowerState] INFO  server.RaftServer$Division (RaftServerImpl.java:setRole(321)) - 5580caa2-355e-4705-b703-b3b115bf5f47@group-5E32BC8487E9: changes role from  FOLLOWER to CANDIDATE at term 0 for changeToCandidate
2022-11-14 01:05:42,551 [5580caa2-355e-4705-b703-b3b115bf5f47@group-5E32BC8487E9-FollowerState] INFO  server.RaftServerConfigKeys (ConfUtils.java:logGet(46)) - raft.server.leaderelection.pre-vote = false (custom)
2022-11-14 01:05:42,551 [5580caa2-355e-4705-b703-b3b115bf5f47@group-5E32BC8487E9-FollowerState] INFO  impl.RoleInfo (RoleInfo.java:updateAndGet(139)) - 5580caa2-355e-4705-b703-b3b115bf5f47: start 5580caa2-355e-4705-b703-b3b115bf5f47@group-5E32BC8487E9-LeaderElection32
2022-11-14 01:05:42,556 [5580caa2-355e-4705-b703-b3b115bf5f47@group-5E32BC8487E9-LeaderElection32] INFO  impl.LeaderElection (LeaderElection.java:askForVotes(312)) - 5580caa2-355e-4705-b703-b3b115bf5f47@group-5E32BC8487E9-LeaderElection32 ELECTION round 0: submit vote requests at term 1 for -1: peers:[e47c0d7c-1c57-43cf-a038-4c1ee28029c6|rpc:10.1.0.33:39237|priority:0|startupRole:FOLLOWER, 5580caa2-355e-4705-b703-b3b115bf5f47|rpc:10.1.0.33:42291|priority:1|startupRole:FOLLOWER, 0803b3f8-d7a7-4034-819c-d574a53cd8d2|rpc:10.1.0.33:46295|priority:0|startupRole:FOLLOWER]|listeners:[], old=null
2022-11-14 01:05:42,556 [5580caa2-355e-4705-b703-b3b115bf5f47@group-5E32BC8487E9-LeaderElection32] INFO  server.RaftServerConfigKeys (ConfUtils.java:logFallback(53)) - raft.server.rpc.first-election.timeout.min = 5s (fallback to raft.server.rpc.timeout.min)
2022-11-14 01:05:42,556 [5580caa2-355e-4705-b703-b3b115bf5f47@group-5E32BC8487E9-LeaderElection32-1] INFO  server.GrpcServerProtocolClient (GrpcServerProtocolClient.java:<init>(63)) - Build channel for e47c0d7c-1c57-43cf-a038-4c1ee28029c6
2022-11-14 01:05:42,556 [5580caa2-355e-4705-b703-b3b115bf5f47@group-5E32BC8487E9-LeaderElection32] INFO  server.RaftServerConfigKeys (ConfUtils.java:logFallback(53)) - raft.server.rpc.first-election.timeout.max = 5200ms (fallback to raft.server.rpc.timeout.max)
2022-11-14 01:05:42,557 [5580caa2-355e-4705-b703-b3b115bf5f47@group-5E32BC8487E9-LeaderElection32-2] INFO  server.GrpcServerProtocolClient (GrpcServerProtocolClient.java:<init>(63)) - Build channel for 0803b3f8-d7a7-4034-819c-d574a53cd8d2
2022-11-14 01:05:42,567 [grpc-default-executor-1] INFO  server.RaftServer$Division (RaftServerImpl.java:requestVote(1218)) - 0803b3f8-d7a7-4034-819c-d574a53cd8d2@group-5E32BC8487E9: receive requestVote(ELECTION, 5580caa2-355e-4705-b703-b3b115bf5f47, group-5E32BC8487E9, 1, (t:0, i:0))
2022-11-14 01:05:42,567 [grpc-default-executor-1] INFO  impl.VoteContext (VoteContext.java:log(48)) - 0803b3f8-d7a7-4034-819c-d574a53cd8d2@group-5E32BC8487E9-FOLLOWER: accept ELECTION from 5580caa2-355e-4705-b703-b3b115bf5f47: our priority 0 <= candidate's priority 1
2022-11-14 01:05:42,567 [grpc-default-executor-1] INFO  server.RaftServer$Division (RaftServerImpl.java:setRole(321)) - 0803b3f8-d7a7-4034-819c-d574a53cd8d2@group-5E32BC8487E9: changes role from  FOLLOWER to FOLLOWER at term 1 for candidate:5580caa2-355e-4705-b703-b3b115bf5f47
2022-11-14 01:05:42,567 [grpc-default-executor-1] INFO  impl.RoleInfo (RoleInfo.java:shutdownFollowerState(110)) - 0803b3f8-d7a7-4034-819c-d574a53cd8d2: shutdown 0803b3f8-d7a7-4034-819c-d574a53cd8d2@group-5E32BC8487E9-FollowerState
2022-11-14 01:05:42,567 [grpc-default-executor-1] INFO  impl.RoleInfo (RoleInfo.java:updateAndGet(139)) - 0803b3f8-d7a7-4034-819c-d574a53cd8d2: start 0803b3f8-d7a7-4034-819c-d574a53cd8d2@group-5E32BC8487E9-FollowerState
2022-11-14 01:05:42,567 [0803b3f8-d7a7-4034-819c-d574a53cd8d2@group-5E32BC8487E9-FollowerState] INFO  impl.FollowerState (FollowerState.java:run(152)) - 0803b3f8-d7a7-4034-819c-d574a53cd8d2@group-5E32BC8487E9-FollowerState was interrupted
2022-11-14 01:05:42,576 [0803b3f8-d7a7-4034-819c-d574a53cd8d2@group-5E32BC8487E9-FollowerState] INFO  server.RaftServerConfigKeys (ConfUtils.java:logFallback(53)) - raft.server.rpc.first-election.timeout.min = 5s (fallback to raft.server.rpc.timeout.min)
2022-11-14 01:05:42,576 [0803b3f8-d7a7-4034-819c-d574a53cd8d2@group-5E32BC8487E9-FollowerState] INFO  server.RaftServerConfigKeys (ConfUtils.java:logFallback(53)) - raft.server.rpc.first-election.timeout.max = 5200ms (fallback to raft.server.rpc.timeout.max)
2022-11-14 01:05:42,576 [grpc-default-executor-1] INFO  server.RaftServer$Division (RaftServerImpl.java:requestVote(1251)) - 0803b3f8-d7a7-4034-819c-d574a53cd8d2@group-5E32BC8487E9 replies to ELECTION vote request: 5580caa2-355e-4705-b703-b3b115bf5f47<-0803b3f8-d7a7-4034-819c-d574a53cd8d2#0:OK-t1. Peer's state: 0803b3f8-d7a7-4034-819c-d574a53cd8d2@group-5E32BC8487E9:t1, leader=null, voted=5580caa2-355e-4705-b703-b3b115bf5f47, raftlog=Memoized:0803b3f8-d7a7-4034-819c-d574a53cd8d2@group-5E32BC8487E9-SegmentedRaftLog:OPENED:c-1, conf=-1: peers:[e47c0d7c-1c57-43cf-a038-4c1ee28029c6|rpc:10.1.0.33:39237|dataStream:|priority:0|startupRole:FOLLOWER, 5580caa2-355e-4705-b703-b3b115bf5f47|rpc:10.1.0.33:42291|dataStream:|priority:1|startupRole:FOLLOWER, 0803b3f8-d7a7-4034-819c-d574a53cd8d2|rpc:10.1.0.33:46295|dataStream:|priority:0|startupRole:FOLLOWER]|listeners:[], old=null
2022-11-14 01:05:42,577 [5580caa2-355e-4705-b703-b3b115bf5f47@group-5E32BC8487E9-LeaderElection32] INFO  impl.LeaderElection (LeaderElection.java:logAndReturn(90)) - 5580caa2-355e-4705-b703-b3b115bf5f47@group-5E32BC8487E9-LeaderElection32: ELECTION PASSED received 1 response(s) and 0 exception(s):
2022-11-14 01:05:42,578 [5580caa2-355e-4705-b703-b3b115bf5f47@group-5E32BC8487E9-LeaderElection32] INFO  impl.LeaderElection (LeaderElection.java:logAndReturn(94)) -   Response 0: 5580caa2-355e-4705-b703-b3b115bf5f47<-0803b3f8-d7a7-4034-819c-d574a53cd8d2#0:OK-t1
2022-11-14 01:05:42,578 [5580caa2-355e-4705-b703-b3b115bf5f47@group-5E32BC8487E9-LeaderElection32] INFO  impl.LeaderElection (LeaderElection.java:askForVotes(314)) - 5580caa2-355e-4705-b703-b3b115bf5f47@group-5E32BC8487E9-LeaderElection32 ELECTION round 0: result PASSED
2022-11-14 01:05:42,578 [5580caa2-355e-4705-b703-b3b115bf5f47@group-5E32BC8487E9-LeaderElection32] INFO  impl.RoleInfo (RoleInfo.java:shutdownLeaderElection(130)) - 5580caa2-355e-4705-b703-b3b115bf5f47: shutdown 5580caa2-355e-4705-b703-b3b115bf5f47@group-5E32BC8487E9-LeaderElection32
2022-11-14 01:05:42,578 [5580caa2-355e-4705-b703-b3b115bf5f47@group-5E32BC8487E9-LeaderElection32] INFO  server.RaftServer$Division (RaftServerImpl.java:setRole(321)) - 5580caa2-355e-4705-b703-b3b115bf5f47@group-5E32BC8487E9: changes role from CANDIDATE to LEADER at term 1 for changeToLeader
2022-11-14 01:05:42,578 [5580caa2-355e-4705-b703-b3b115bf5f47@group-5E32BC8487E9-LeaderElection32] INFO  ratis.XceiverServerRatis (XceiverServerRatis.java:handleLeaderChangedNotification(863)) - Leader change notification received for group: group-5E32BC8487E9 with new leaderId: 5580caa2-355e-4705-b703-b3b115bf5f47
2022-11-14 01:05:42,578 [5580caa2-355e-4705-b703-b3b115bf5f47@group-5E32BC8487E9-LeaderElection32] INFO  server.RaftServer$Division (ServerState.java:setLeader(313)) - 5580caa2-355e-4705-b703-b3b115bf5f47@group-5E32BC8487E9: change Leader from null to 5580caa2-355e-4705-b703-b3b115bf5f47 at term 1 for becomeLeader, leader elected after 5083ms
2022-11-14 01:05:42,578 [5580caa2-355e-4705-b703-b3b115bf5f47@group-5E32BC8487E9-LeaderElection32] INFO  server.RaftServerConfigKeys (ConfUtils.java:logGet(46)) - raft.server.staging.catchup.gap = 1000 (default)
2022-11-14 01:05:42,578 [grpc-default-executor-1] INFO  server.RaftServer$Division (RaftServerImpl.java:requestVote(1218)) - e47c0d7c-1c57-43cf-a038-4c1ee28029c6@group-5E32BC8487E9: receive requestVote(ELECTION, 5580caa2-355e-4705-b703-b3b115bf5f47, group-5E32BC8487E9, 1, (t:0, i:0))
2022-11-14 01:05:42,578 [grpc-default-executor-1] INFO  impl.VoteContext (VoteContext.java:log(48)) - e47c0d7c-1c57-43cf-a038-4c1ee28029c6@group-5E32BC8487E9-FOLLOWER: accept ELECTION from 5580caa2-355e-4705-b703-b3b115bf5f47: our priority 0 <= candidate's priority 1
2022-11-14 01:05:42,578 [grpc-default-executor-1] INFO  server.RaftServer$Division (RaftServerImpl.java:setRole(321)) - e47c0d7c-1c57-43cf-a038-4c1ee28029c6@group-5E32BC8487E9: changes role from  FOLLOWER to FOLLOWER at term 1 for candidate:5580caa2-355e-4705-b703-b3b115bf5f47
2022-11-14 01:05:42,578 [grpc-default-executor-1] INFO  impl.RoleInfo (RoleInfo.java:shutdownFollowerState(110)) - e47c0d7c-1c57-43cf-a038-4c1ee28029c6: shutdown e47c0d7c-1c57-43cf-a038-4c1ee28029c6@group-5E32BC8487E9-FollowerState
2022-11-14 01:05:42,578 [grpc-default-executor-1] INFO  impl.RoleInfo (RoleInfo.java:updateAndGet(139)) - e47c0d7c-1c57-43cf-a038-4c1ee28029c6: start e47c0d7c-1c57-43cf-a038-4c1ee28029c6@group-5E32BC8487E9-FollowerState
2022-11-14 01:05:42,578 [e47c0d7c-1c57-43cf-a038-4c1ee28029c6@group-5E32BC8487E9-FollowerState] INFO  impl.FollowerState (FollowerState.java:run(152)) - e47c0d7c-1c57-43cf-a038-4c1ee28029c6@group-5E32BC8487E9-FollowerState was interrupted
2022-11-14 01:05:42,578 [5580caa2-355e-4705-b703-b3b115bf5f47@group-5E32BC8487E9-LeaderElection32] INFO  server.RaftServerConfigKeys (ConfUtils.java:logGet(46)) - raft.server.write.element-limit = 1024 (custom)
2022-11-14 01:05:42,579 [5580caa2-355e-4705-b703-b3b115bf5f47@group-5E32BC8487E9-LeaderElection32] INFO  server.RaftServerConfigKeys (ConfUtils.java:logGet(46)) - raft.server.write.byte-limit = 1024 M (=1073741824) (custom)
2022-11-14 01:05:42,579 [5580caa2-355e-4705-b703-b3b115bf5f47@group-5E32BC8487E9-LeaderElection32] INFO  server.RaftServerConfigKeys (ConfUtils.java:logGet(46)) - raft.server.watch.timeout = 180s (custom)
2022-11-14 01:05:42,579 [5580caa2-355e-4705-b703-b3b115bf5f47@group-5E32BC8487E9-LeaderElection32] INFO  server.RaftServerConfigKeys (ConfUtils.java:logGet(46)) - raft.server.watch.timeout.denomination = 1s (default)
2022-11-14 01:05:42,579 [5580caa2-355e-4705-b703-b3b115bf5f47@group-5E32BC8487E9-LeaderElection32] INFO  server.RaftServerConfigKeys (ConfUtils.java:logGet(46)) - raft.server.watch.element-limit = 65536 (default)
2022-11-14 01:05:42,579 [5580caa2-355e-4705-b703-b3b115bf5f47@group-5E32BC8487E9-LeaderElection32] INFO  server.RaftServerConfigKeys (ConfUtils.java:logGet(46)) - raft.server.write.element-limit = 1024 (custom)
2022-11-14 01:05:42,580 [EventQueue-PipelineReportForPipelineReportHandler] INFO  pipeline.PipelineManagerImpl (PipelineManagerImpl.java:openPipeline(367)) - Pipeline Pipeline[ Id: 3c4ef238-3691-492e-9e84-5e32bc8487e9, Nodes: 0803b3f8-d7a7-4034-819c-d574a53cd8d2{ip: 10.1.0.33, host: fv-az334-552.zg0gw54pbdoexfhqlmz30d51na.gx.internal.cloudapp.net, ports: [REPLICATION=46733, RATIS=46295, RATIS_ADMIN=46295, RATIS_SERVER=46295, STANDALONE=46387], networkLocation: /default-rack, certSerialId: null, persistedOpState: IN_SERVICE, persistedOpStateExpiryEpochSec: 0}5580caa2-355e-4705-b703-b3b115bf5f47{ip: 10.1.0.33, host: fv-az334-552.zg0gw54pbdoexfhqlmz30d51na.gx.internal.cloudapp.net, ports: [REPLICATION=38899, RATIS=42291, RATIS_ADMIN=42291, RATIS_SERVER=42291, STANDALONE=41959], networkLocation: /default-rack, certSerialId: null, persistedOpState: IN_SERVICE, persistedOpStateExpiryEpochSec: 0}e47c0d7c-1c57-43cf-a038-4c1ee28029c6{ip: 10.1.0.33, host: fv-az334-552.zg0gw54pbdoexfhqlmz30d51na.gx.internal.cloudapp.net, ports: [REPLICATION=39295, RATIS=39237, RATIS_ADMIN=39237, RATIS_SERVER=39237, STANDALONE=37461], networkLocation: /default-rack, certSerialId: null, persistedOpState: IN_SERVICE, persistedOpStateExpiryEpochSec: 0}, ReplicationConfig: RATIS/THREE, State:ALLOCATED, leaderId:5580caa2-355e-4705-b703-b3b115bf5f47, CreationTimestamp2022-11-14T01:05:35.084Z[Etc/UTC]] moved to OPEN state
2022-11-14 01:05:42,581 [e47c0d7c-1c57-43cf-a038-4c1ee28029c6@group-5E32BC8487E9-FollowerState] INFO  server.RaftServerConfigKeys (ConfUtils.java:logFallback(53)) - raft.server.rpc.first-election.timeout.min = 5s (fallback to raft.server.rpc.timeout.min)
2022-11-14 01:05:42,581 [e47c0d7c-1c57-43cf-a038-4c1ee28029c6@group-5E32BC8487E9-FollowerState] INFO  server.RaftServerConfigKeys (ConfUtils.java:logFallback(53)) - raft.server.rpc.first-election.timeout.max = 5200ms (fallback to raft.server.rpc.timeout.max)
2022-11-14 01:05:42,581 [5580caa2-355e-4705-b703-b3b115bf5f47@group-5E32BC8487E9-LeaderElection32] INFO  server.RaftServerConfigKeys (ConfUtils.java:logGet(46)) - raft.server.write.follower.gap.ratio.max = -1.0 (default)
2022-11-14 01:05:42,582 [5580caa2-355e-4705-b703-b3b115bf5f47@group-5E32BC8487E9-LeaderElection32] INFO  server.RaftServerConfigKeys (ConfUtils.java:logGet(46)) - raft.server.log.appender.snapshot.chunk.size.max = 16MB (=16777216) (default)
2022-11-14 01:05:42,582 [5580caa2-355e-4705-b703-b3b115bf5f47@group-5E32BC8487E9-LeaderElection32] INFO  server.RaftServerConfigKeys (ConfUtils.java:logGet(46)) - raft.server.log.appender.buffer.byte-limit = 33554432 (custom)
2022-11-14 01:05:42,582 [5580caa2-355e-4705-b703-b3b115bf5f47@group-5E32BC8487E9-LeaderElection32] INFO  server.RaftServerConfigKeys (ConfUtils.java:logGet(46)) - raft.server.log.appender.buffer.element-limit = 1 (custom)
2022-11-14 01:05:42,582 [5580caa2-355e-4705-b703-b3b115bf5f47@group-5E32BC8487E9-LeaderElection32] INFO  grpc.GrpcConfigKeys (ConfUtils.java:logGet(46)) - raft.grpc.server.leader.outstanding.appends.max = 128 (default)
2022-11-14 01:05:42,582 [5580caa2-355e-4705-b703-b3b115bf5f47@group-5E32BC8487E9-LeaderElection32] INFO  server.RaftServerConfigKeys (ConfUtils.java:logGet(46)) - raft.server.rpc.request.timeout = 60s (custom)
2022-11-14 01:05:42,582 [5580caa2-355e-4705-b703-b3b115bf5f47@group-5E32BC8487E9-LeaderElection32] INFO  server.RaftServerConfigKeys (ConfUtils.java:logGet(46)) - raft.server.log.appender.install.snapshot.enabled = false (custom)
2022-11-14 01:05:42,582 [5580caa2-355e-4705-b703-b3b115bf5f47@group-5E32BC8487E9-LeaderElection32] INFO  grpc.GrpcConfigKeys (ConfUtils.java:logGet(46)) - raft.grpc.server.heartbeat.channel = true (default)
2022-11-14 01:05:42,582 [5580caa2-355e-4705-b703-b3b115bf5f47@group-5E32BC8487E9-LeaderElection32] INFO  server.RaftServerConfigKeys (ConfUtils.java:logGet(46)) - raft.server.log.appender.wait-time.min = 10ms (default)
2022-11-14 01:05:42,583 [grpc-default-executor-1] INFO  server.RaftServer$Division (RaftServerImpl.java:requestVote(1251)) - e47c0d7c-1c57-43cf-a038-4c1ee28029c6@group-5E32BC8487E9 replies to ELECTION vote request: 5580caa2-355e-4705-b703-b3b115bf5f47<-e47c0d7c-1c57-43cf-a038-4c1ee28029c6#0:OK-t1. Peer's state: e47c0d7c-1c57-43cf-a038-4c1ee28029c6@group-5E32BC8487E9:t1, leader=null, voted=5580caa2-355e-4705-b703-b3b115bf5f47, raftlog=Memoized:e47c0d7c-1c57-43cf-a038-4c1ee28029c6@group-5E32BC8487E9-SegmentedRaftLog:OPENED:c-1, conf=-1: peers:[e47c0d7c-1c57-43cf-a038-4c1ee28029c6|rpc:10.1.0.33:39237|dataStream:|priority:0|startupRole:FOLLOWER, 5580caa2-355e-4705-b703-b3b115bf5f47|rpc:10.1.0.33:42291|dataStream:|priority:1|startupRole:FOLLOWER, 0803b3f8-d7a7-4034-819c-d574a53cd8d2|rpc:10.1.0.33:46295|dataStream:|priority:0|startupRole:FOLLOWER]|listeners:[], old=null
2022-11-14 01:05:42,586 [5580caa2-355e-4705-b703-b3b115bf5f47@group-5E32BC8487E9-LeaderElection32] INFO  server.RaftServerConfigKeys (ConfUtils.java:logGet(46)) - raft.server.log.appender.snapshot.chunk.size.max = 16MB (=16777216) (default)
2022-11-14 01:05:42,586 [5580caa2-355e-4705-b703-b3b115bf5f47@group-5E32BC8487E9-LeaderElection32] INFO  server.RaftServerConfigKeys (ConfUtils.java:logGet(46)) - raft.server.log.appender.buffer.byte-limit = 33554432 (custom)
2022-11-14 01:05:42,586 [5580caa2-355e-4705-b703-b3b115bf5f47@group-5E32BC8487E9-LeaderElection32] INFO  server.RaftServerConfigKeys (ConfUtils.java:logGet(46)) - raft.server.log.appender.buffer.element-limit = 1 (custom)
2022-11-14 01:05:42,587 [5580caa2-355e-4705-b703-b3b115bf5f47@group-5E32BC8487E9-LeaderElection32] INFO  grpc.GrpcConfigKeys (ConfUtils.java:logGet(46)) - raft.grpc.server.leader.outstanding.appends.max = 128 (default)
2022-11-14 01:05:42,587 [5580caa2-355e-4705-b703-b3b115bf5f47@group-5E32BC8487E9-LeaderElection32] INFO  server.RaftServerConfigKeys (ConfUtils.java:logGet(46)) - raft.server.rpc.request.timeout = 60s (custom)
2022-11-14 01:05:42,587 [5580caa2-355e-4705-b703-b3b115bf5f47@group-5E32BC8487E9-LeaderElection32] INFO  server.RaftServerConfigKeys (ConfUtils.java:logGet(46)) - raft.server.log.appender.install.snapshot.enabled = false (custom)
2022-11-14 01:05:42,587 [5580caa2-355e-4705-b703-b3b115bf5f47@group-5E32BC8487E9-LeaderElection32] INFO  grpc.GrpcConfigKeys (ConfUtils.java:logGet(46)) - raft.grpc.server.heartbeat.channel = true (default)
2022-11-14 01:05:42,588 [5580caa2-355e-4705-b703-b3b115bf5f47@group-5E32BC8487E9-LeaderElection32] INFO  server.RaftServerConfigKeys (ConfUtils.java:logGet(46)) - raft.server.log.appender.wait-time.min = 10ms (default)
2022-11-14 01:05:42,588 [5580caa2-355e-4705-b703-b3b115bf5f47@group-5E32BC8487E9-LeaderElection32] INFO  impl.RoleInfo (RoleInfo.java:updateAndGet(139)) - 5580caa2-355e-4705-b703-b3b115bf5f47: start 5580caa2-355e-4705-b703-b3b115bf5f47@group-5E32BC8487E9-LeaderStateImpl
2022-11-14 01:05:42,588 [5580caa2-355e-4705-b703-b3b115bf5f47@group-5E32BC8487E9-LeaderElection32] INFO  segmented.SegmentedRaftLogWorker (SegmentedRaftLogWorker.java:startLogSegment(452)) - 5580caa2-355e-4705-b703-b3b115bf5f47@group-5E32BC8487E9-SegmentedRaftLogWorker: Starting segment from index:0
2022-11-14 01:05:42,589 [5580caa2-355e-4705-b703-b3b115bf5f47@group-5E32BC8487E9-SegmentedRaftLogWorker] INFO  segmented.SegmentedRaftLogWorker (SegmentedRaftLogWorker.java:execute(656)) - 5580caa2-355e-4705-b703-b3b115bf5f47@group-5E32BC8487E9-SegmentedRaftLogWorker: created new log segment /home/runner/work/ozone/ozone/hadoop-ozone/integration-test/target/test-dir/MiniOzoneClusterImpl-533bbe47-9fe4-4f83-8a40-bf54ddc9168f/datanode-3/data/ratis/3c4ef238-3691-492e-9e84-5e32bc8487e9/current/log_inprogress_0
2022-11-14 01:05:42,592 [EventQueue-OpenPipelineForHealthyPipelineSafeModeRule] INFO  safemode.SCMSafeModeManager (HealthyPipelineSafeModeRule.java:process(137)) - SCM in safe mode. Healthy pipelines reported count is 1, required healthy pipeline reported count is 1
2022-11-14 01:05:42,592 [EventQueue-OpenPipelineForHealthyPipelineSafeModeRule] INFO  safemode.SCMSafeModeManager (SCMSafeModeManager.java:validateSafeModeExitRules(204)) - HealthyPipelineSafeModeRule rule is successfully validated
2022-11-14 01:05:42,592 [EventQueue-OpenPipelineForHealthyPipelineSafeModeRule] INFO  safemode.SCMSafeModeManager (SCMSafeModeManager.java:validateSafeModeExitRules(219)) - ScmSafeModeManager, all rules are successfully validated
2022-11-14 01:05:42,592 [EventQueue-OpenPipelineForHealthyPipelineSafeModeRule] INFO  safemode.SCMSafeModeManager (SCMSafeModeManager.java:exitSafeMode(248)) - SCM exiting safe mode.
2022-11-14 01:05:42,592 [EventQueue-OpenPipelineForHealthyPipelineSafeModeRule] WARN  events.EventQueue (EventQueue.java:fireEvent(216)) - No event handler registered for event TypedEvent{payloadType=SafeModeStatus, name='Safe mode status'}
2022-11-14 01:05:42,592 [EventQueue-OpenPipelineForHealthyPipelineSafeModeRule] INFO  ha.SCMContext (SCMContext.java:updateSafeModeStatus(228)) - Update SafeModeStatus from SafeModeStatus{safeModeStatus=true, preCheckPassed=true} to SafeModeStatus{safeModeStatus=false, preCheckPassed=true}.
2022-11-14 01:05:42,592 [EventQueue-OpenPipelineForHealthyPipelineSafeModeRule] INFO  pipeline.BackgroundPipelineCreator (BackgroundPipelineCreator.java:notifyStatusChanged(254)) - Service BackgroundPipelineCreator transitions to RUNNING.
2022-11-14 01:05:42,592 [EventQueue-OpenPipelineForHealthyPipelineSafeModeRule] INFO  BackgroundPipelineScrubber (BackgroundSCMService.java:notifyStatusChanged(82)) - Service BackgroundPipelineScrubber transitions to RUNNING.
2022-11-14 01:05:42,592 [EventQueue-OpenPipelineForHealthyPipelineSafeModeRule] INFO  ExpiredContainerReplicaOpScrubber (BackgroundSCMService.java:notifyStatusChanged(82)) - Service ExpiredContainerReplicaOpScrubber transitions to RUNNING.
2022-11-14 01:05:42,592 [EventQueue-OpenPipelineForHealthyPipelineSafeModeRule] INFO  replication.ReplicationManager (ReplicationManager.java:notifyStatusChanged(814)) - Service ReplicationManager transitions to RUNNING.
2022-11-14 01:05:42,592 [EventQueue-OpenPipelineForHealthyPipelineSafeModeRule] WARN  balancer.ContainerBalancer (ContainerBalancer.java:shouldRun(131)) - Could not find persisted configuration for ContainerBalancer when checking if ContainerBalancer should run. ContainerBalancer should not run now.
2022-11-14 01:05:42,598 [5580caa2-355e-4705-b703-b3b115bf5f47@group-5E32BC8487E9-LeaderElection32] INFO  server.RaftServer$Division (ServerState.java:setRaftConf(430)) - 5580caa2-355e-4705-b703-b3b115bf5f47@group-5E32BC8487E9: set configuration 0: peers:[e47c0d7c-1c57-43cf-a038-4c1ee28029c6|rpc:10.1.0.33:39237|dataStream:|priority:0|startupRole:FOLLOWER, 5580caa2-355e-4705-b703-b3b115bf5f47|rpc:10.1.0.33:42291|dataStream:|priority:1|startupRole:FOLLOWER, 0803b3f8-d7a7-4034-819c-d574a53cd8d2|rpc:10.1.0.33:46295|dataStream:|priority:0|startupRole:FOLLOWER]|listeners:[], old=null
2022-11-14 01:05:42,612 [e47c0d7c-1c57-43cf-a038-4c1ee28029c6-server-thread1] INFO  ratis.XceiverServerRatis (XceiverServerRatis.java:handleLeaderChangedNotification(863)) - Leader change notification received for group: group-5E32BC8487E9 with new leaderId: 5580caa2-355e-4705-b703-b3b115bf5f47
2022-11-14 01:05:42,612 [e47c0d7c-1c57-43cf-a038-4c1ee28029c6-server-thread1] INFO  server.RaftServer$Division (ServerState.java:setLeader(313)) - e47c0d7c-1c57-43cf-a038-4c1ee28029c6@group-5E32BC8487E9: change Leader from null to 5580caa2-355e-4705-b703-b3b115bf5f47 at term 1 for appendEntries, leader elected after 5055ms
2022-11-14 01:05:42,612 [0803b3f8-d7a7-4034-819c-d574a53cd8d2-server-thread1] INFO  ratis.XceiverServerRatis (XceiverServerRatis.java:handleLeaderChangedNotification(863)) - Leader change notification received for group: group-5E32BC8487E9 with new leaderId: 5580caa2-355e-4705-b703-b3b115bf5f47
2022-11-14 01:05:42,612 [0803b3f8-d7a7-4034-819c-d574a53cd8d2-server-thread1] INFO  server.RaftServer$Division (ServerState.java:setLeader(313)) - 0803b3f8-d7a7-4034-819c-d574a53cd8d2@group-5E32BC8487E9: change Leader from null to 5580caa2-355e-4705-b703-b3b115bf5f47 at term 1 for appendEntries, leader elected after 5095ms
2022-11-14 01:05:42,616 [e47c0d7c-1c57-43cf-a038-4c1ee28029c6-server-thread2] INFO  server.RaftServer$Division (ServerState.java:setRaftConf(430)) - e47c0d7c-1c57-43cf-a038-4c1ee28029c6@group-5E32BC8487E9: set configuration 0: peers:[e47c0d7c-1c57-43cf-a038-4c1ee28029c6|rpc:10.1.0.33:39237|dataStream:|priority:0|startupRole:FOLLOWER, 5580caa2-355e-4705-b703-b3b115bf5f47|rpc:10.1.0.33:42291|dataStream:|priority:1|startupRole:FOLLOWER, 0803b3f8-d7a7-4034-819c-d574a53cd8d2|rpc:10.1.0.33:46295|dataStream:|priority:0|startupRole:FOLLOWER]|listeners:[], old=null
2022-11-14 01:05:42,618 [0803b3f8-d7a7-4034-819c-d574a53cd8d2-server-thread2] INFO  server.RaftServer$Division (ServerState.java:setRaftConf(430)) - 0803b3f8-d7a7-4034-819c-d574a53cd8d2@group-5E32BC8487E9: set configuration 0: peers:[e47c0d7c-1c57-43cf-a038-4c1ee28029c6|rpc:10.1.0.33:39237|dataStream:|priority:0|startupRole:FOLLOWER, 5580caa2-355e-4705-b703-b3b115bf5f47|rpc:10.1.0.33:42291|dataStream:|priority:1|startupRole:FOLLOWER, 0803b3f8-d7a7-4034-819c-d574a53cd8d2|rpc:10.1.0.33:46295|dataStream:|priority:0|startupRole:FOLLOWER]|listeners:[], old=null
2022-11-14 01:05:42,618 [e47c0d7c-1c57-43cf-a038-4c1ee28029c6-server-thread2] INFO  segmented.SegmentedRaftLogWorker (SegmentedRaftLogWorker.java:startLogSegment(452)) - e47c0d7c-1c57-43cf-a038-4c1ee28029c6@group-5E32BC8487E9-SegmentedRaftLogWorker: Starting segment from index:0
2022-11-14 01:05:42,618 [0803b3f8-d7a7-4034-819c-d574a53cd8d2-server-thread2] INFO  segmented.SegmentedRaftLogWorker (SegmentedRaftLogWorker.java:startLogSegment(452)) - 0803b3f8-d7a7-4034-819c-d574a53cd8d2@group-5E32BC8487E9-SegmentedRaftLogWorker: Starting segment from index:0
2022-11-14 01:05:42,619 [e47c0d7c-1c57-43cf-a038-4c1ee28029c6@group-5E32BC8487E9-SegmentedRaftLogWorker] INFO  segmented.SegmentedRaftLogWorker (SegmentedRaftLogWorker.java:execute(656)) - e47c0d7c-1c57-43cf-a038-4c1ee28029c6@group-5E32BC8487E9-SegmentedRaftLogWorker: created new log segment /home/runner/work/ozone/ozone/hadoop-ozone/integration-test/target/test-dir/MiniOzoneClusterImpl-533bbe47-9fe4-4f83-8a40-bf54ddc9168f/datanode-5/data/ratis/3c4ef238-3691-492e-9e84-5e32bc8487e9/current/log_inprogress_0
2022-11-14 01:05:42,619 [0803b3f8-d7a7-4034-819c-d574a53cd8d2@group-5E32BC8487E9-SegmentedRaftLogWorker] INFO  segmented.SegmentedRaftLogWorker (SegmentedRaftLogWorker.java:execute(656)) - 0803b3f8-d7a7-4034-819c-d574a53cd8d2@group-5E32BC8487E9-SegmentedRaftLogWorker: created new log segment /home/runner/work/ozone/ozone/hadoop-ozone/integration-test/target/test-dir/MiniOzoneClusterImpl-533bbe47-9fe4-4f83-8a40-bf54ddc9168f/datanode-4/data/ratis/3c4ef238-3691-492e-9e84-5e32bc8487e9/current/log_inprogress_0
2022-11-14 01:05:42,664 [5580caa2-355e-4705-b703-b3b115bf5f47@group-E7106E4C0F9A-FollowerState] INFO  impl.FollowerState (FollowerState.java:run(143)) - 5580caa2-355e-4705-b703-b3b115bf5f47@group-E7106E4C0F9A-FollowerState: change to CANDIDATE, lastRpcElapsedTime:5078507733ns, electionTimeout:5078ms
2022-11-14 01:05:42,664 [5580caa2-355e-4705-b703-b3b115bf5f47@group-E7106E4C0F9A-FollowerState] INFO  impl.RoleInfo (RoleInfo.java:shutdownFollowerState(110)) - 5580caa2-355e-4705-b703-b3b115bf5f47: shutdown 5580caa2-355e-4705-b703-b3b115bf5f47@group-E7106E4C0F9A-FollowerState
2022-11-14 01:05:42,664 [5580caa2-355e-4705-b703-b3b115bf5f47@group-E7106E4C0F9A-FollowerState] INFO  server.RaftServer$Division (RaftServerImpl.java:setRole(321)) - 5580caa2-355e-4705-b703-b3b115bf5f47@group-E7106E4C0F9A: changes role from  FOLLOWER to CANDIDATE at term 0 for changeToCandidate
2022-11-14 01:05:42,664 [5580caa2-355e-4705-b703-b3b115bf5f47@group-E7106E4C0F9A-FollowerState] INFO  server.RaftServerConfigKeys (ConfUtils.java:logGet(46)) - raft.server.leaderelection.pre-vote = false (custom)
2022-11-14 01:05:42,664 [5580caa2-355e-4705-b703-b3b115bf5f47@group-E7106E4C0F9A-FollowerState] INFO  impl.RoleInfo (RoleInfo.java:updateAndGet(139)) - 5580caa2-355e-4705-b703-b3b115bf5f47: start 5580caa2-355e-4705-b703-b3b115bf5f47@group-E7106E4C0F9A-LeaderElection33
2022-11-14 01:05:42,669 [5580caa2-355e-4705-b703-b3b115bf5f47@group-E7106E4C0F9A-LeaderElection33] INFO  impl.LeaderElection (LeaderElection.java:askForVotes(312)) - 5580caa2-355e-4705-b703-b3b115bf5f47@group-E7106E4C0F9A-LeaderElection33 ELECTION round 0: submit vote requests at term 1 for -1: peers:[e47c0d7c-1c57-43cf-a038-4c1ee28029c6|rpc:10.1.0.33:39237|priority:1|startupRole:FOLLOWER, 5580caa2-355e-4705-b703-b3b115bf5f47|rpc:10.1.0.33:42291|priority:0|startupRole:FOLLOWER, 0803b3f8-d7a7-4034-819c-d574a53cd8d2|rpc:10.1.0.33:46295|priority:0|startupRole:FOLLOWER]|listeners:[], old=null
2022-11-14 01:05:42,669 [5580caa2-355e-4705-b703-b3b115bf5f47@group-E7106E4C0F9A-LeaderElection33] INFO  server.RaftServerConfigKeys (ConfUtils.java:logFallback(53)) - raft.server.rpc.first-election.timeout.min = 5s (fallback to raft.server.rpc.timeout.min)
2022-11-14 01:05:42,669 [5580caa2-355e-4705-b703-b3b115bf5f47@group-E7106E4C0F9A-LeaderElection33] INFO  server.RaftServerConfigKeys (ConfUtils.java:logFallback(53)) - raft.server.rpc.first-election.timeout.max = 5200ms (fallback to raft.server.rpc.timeout.max)
2022-11-14 01:05:42,671 [grpc-default-executor-4] INFO  server.RaftServer$Division (RaftServerImpl.java:requestVote(1218)) - 0803b3f8-d7a7-4034-819c-d574a53cd8d2@group-E7106E4C0F9A: receive requestVote(ELECTION, 5580caa2-355e-4705-b703-b3b115bf5f47, group-E7106E4C0F9A, 1, (t:0, i:0))
2022-11-14 01:05:42,671 [grpc-default-executor-4] INFO  impl.VoteContext (VoteContext.java:log(48)) - 0803b3f8-d7a7-4034-819c-d574a53cd8d2@group-E7106E4C0F9A-FOLLOWER: accept ELECTION from 5580caa2-355e-4705-b703-b3b115bf5f47: our priority 0 <= candidate's priority 0
2022-11-14 01:05:42,672 [grpc-default-executor-4] INFO  server.RaftServer$Division (RaftServerImpl.java:setRole(321)) - 0803b3f8-d7a7-4034-819c-d574a53cd8d2@group-E7106E4C0F9A: changes role from  FOLLOWER to FOLLOWER at term 1 for candidate:5580caa2-355e-4705-b703-b3b115bf5f47
2022-11-14 01:05:42,672 [grpc-default-executor-4] INFO  impl.RoleInfo (RoleInfo.java:shutdownFollowerState(110)) - 0803b3f8-d7a7-4034-819c-d574a53cd8d2: shutdown 0803b3f8-d7a7-4034-819c-d574a53cd8d2@group-E7106E4C0F9A-FollowerState
2022-11-14 01:05:42,672 [grpc-default-executor-4] INFO  impl.RoleInfo (RoleInfo.java:updateAndGet(139)) - 0803b3f8-d7a7-4034-819c-d574a53cd8d2: start 0803b3f8-d7a7-4034-819c-d574a53cd8d2@group-E7106E4C0F9A-FollowerState
2022-11-14 01:05:42,672 [grpc-default-executor-0] INFO  server.RaftServer$Division (RaftServerImpl.java:requestVote(1218)) - e47c0d7c-1c57-43cf-a038-4c1ee28029c6@group-E7106E4C0F9A: receive requestVote(ELECTION, 5580caa2-355e-4705-b703-b3b115bf5f47, group-E7106E4C0F9A, 1, (t:0, i:0))
2022-11-14 01:05:42,672 [grpc-default-executor-0] INFO  impl.VoteContext (VoteContext.java:log(48)) - e47c0d7c-1c57-43cf-a038-4c1ee28029c6@group-E7106E4C0F9A-FOLLOWER: reject ELECTION from 5580caa2-355e-4705-b703-b3b115bf5f47: our priority 1 > candidate's priority 0
2022-11-14 01:05:42,672 [grpc-default-executor-0] INFO  server.RaftServer$Division (RaftServerImpl.java:setRole(321)) - e47c0d7c-1c57-43cf-a038-4c1ee28029c6@group-E7106E4C0F9A: changes role from  FOLLOWER to FOLLOWER at term 1 for candidate:5580caa2-355e-4705-b703-b3b115bf5f47
2022-11-14 01:05:42,672 [grpc-default-executor-0] INFO  impl.RoleInfo (RoleInfo.java:shutdownFollowerState(110)) - e47c0d7c-1c57-43cf-a038-4c1ee28029c6: shutdown e47c0d7c-1c57-43cf-a038-4c1ee28029c6@group-E7106E4C0F9A-FollowerState
2022-11-14 01:05:42,672 [0803b3f8-d7a7-4034-819c-d574a53cd8d2@group-E7106E4C0F9A-FollowerState] INFO  impl.FollowerState (FollowerState.java:run(152)) - 0803b3f8-d7a7-4034-819c-d574a53cd8d2@group-E7106E4C0F9A-FollowerState was interrupted
2022-11-14 01:05:42,675 [0803b3f8-d7a7-4034-819c-d574a53cd8d2@group-E7106E4C0F9A-FollowerState] INFO  server.RaftServerConfigKeys (ConfUtils.java:logFallback(53)) - raft.server.rpc.first-election.timeout.min = 5s (fallback to raft.server.rpc.timeout.min)
2022-11-14 01:05:42,675 [0803b3f8-d7a7-4034-819c-d574a53cd8d2@group-E7106E4C0F9A-FollowerState] INFO  server.RaftServerConfigKeys (ConfUtils.java:logFallback(53)) - raft.server.rpc.first-election.timeout.max = 5200ms (fallback to raft.server.rpc.timeout.max)
2022-11-14 01:05:42,676 [grpc-default-executor-4] INFO  server.RaftServer$Division (RaftServerImpl.java:requestVote(1251)) - 0803b3f8-d7a7-4034-819c-d574a53cd8d2@group-E7106E4C0F9A replies to ELECTION vote request: 5580caa2-355e-4705-b703-b3b115bf5f47<-0803b3f8-d7a7-4034-819c-d574a53cd8d2#0:OK-t1. Peer's state: 0803b3f8-d7a7-4034-819c-d574a53cd8d2@group-E7106E4C0F9A:t1, leader=null, voted=5580caa2-355e-4705-b703-b3b115bf5f47, raftlog=Memoized:0803b3f8-d7a7-4034-819c-d574a53cd8d2@group-E7106E4C0F9A-SegmentedRaftLog:OPENED:c-1, conf=-1: peers:[e47c0d7c-1c57-43cf-a038-4c1ee28029c6|rpc:10.1.0.33:39237|dataStream:|priority:1|startupRole:FOLLOWER, 5580caa2-355e-4705-b703-b3b115bf5f47|rpc:10.1.0.33:42291|dataStream:|priority:0|startupRole:FOLLOWER, 0803b3f8-d7a7-4034-819c-d574a53cd8d2|rpc:10.1.0.33:46295|dataStream:|priority:0|startupRole:FOLLOWER]|listeners:[], old=null
2022-11-14 01:05:42,676 [e47c0d7c-1c57-43cf-a038-4c1ee28029c6@group-E7106E4C0F9A-FollowerState] INFO  impl.FollowerState (FollowerState.java:run(152)) - e47c0d7c-1c57-43cf-a038-4c1ee28029c6@group-E7106E4C0F9A-FollowerState was interrupted
2022-11-14 01:05:42,676 [grpc-default-executor-0] INFO  impl.RoleInfo (RoleInfo.java:updateAndGet(139)) - e47c0d7c-1c57-43cf-a038-4c1ee28029c6: start e47c0d7c-1c57-43cf-a038-4c1ee28029c6@group-E7106E4C0F9A-FollowerState
2022-11-14 01:05:42,681 [grpc-default-executor-0] INFO  server.RaftServer$Division (RaftServerImpl.java:requestVote(1251)) - e47c0d7c-1c57-43cf-a038-4c1ee28029c6@group-E7106E4C0F9A replies to ELECTION vote request: 5580caa2-355e-4705-b703-b3b115bf5f47<-e47c0d7c-1c57-43cf-a038-4c1ee28029c6#0:FAIL-t1. Peer's state: e47c0d7c-1c57-43cf-a038-4c1ee28029c6@group-E7106E4C0F9A:t1, leader=null, voted=null, raftlog=Memoized:e47c0d7c-1c57-43cf-a038-4c1ee28029c6@group-E7106E4C0F9A-SegmentedRaftLog:OPENED:c-1, conf=-1: peers:[e47c0d7c-1c57-43cf-a038-4c1ee28029c6|rpc:10.1.0.33:39237|dataStream:|priority:1|startupRole:FOLLOWER, 5580caa2-355e-4705-b703-b3b115bf5f47|rpc:10.1.0.33:42291|dataStream:|priority:0|startupRole:FOLLOWER, 0803b3f8-d7a7-4034-819c-d574a53cd8d2|rpc:10.1.0.33:46295|dataStream:|priority:0|startupRole:FOLLOWER]|listeners:[], old=null
2022-11-14 01:05:42,683 [e47c0d7c-1c57-43cf-a038-4c1ee28029c6@group-E7106E4C0F9A-FollowerState] INFO  server.RaftServerConfigKeys (ConfUtils.java:logFallback(53)) - raft.server.rpc.first-election.timeout.min = 5s (fallback to raft.server.rpc.timeout.min)
2022-11-14 01:05:42,683 [e47c0d7c-1c57-43cf-a038-4c1ee28029c6@group-E7106E4C0F9A-FollowerState] INFO  server.RaftServerConfigKeys (ConfUtils.java:logFallback(53)) - raft.server.rpc.first-election.timeout.max = 5200ms (fallback to raft.server.rpc.timeout.max)
2022-11-14 01:05:42,684 [5580caa2-355e-4705-b703-b3b115bf5f47@group-E7106E4C0F9A-LeaderElection33] INFO  impl.LeaderElection (LeaderElection.java:logAndReturn(90)) - 5580caa2-355e-4705-b703-b3b115bf5f47@group-E7106E4C0F9A-LeaderElection33: ELECTION REJECTED received 2 response(s) and 0 exception(s):
2022-11-14 01:05:42,685 [5580caa2-355e-4705-b703-b3b115bf5f47@group-E7106E4C0F9A-LeaderElection33] INFO  impl.LeaderElection (LeaderElection.java:logAndReturn(94)) -   Response 0: 5580caa2-355e-4705-b703-b3b115bf5f47<-e47c0d7c-1c57-43cf-a038-4c1ee28029c6#0:FAIL-t1
2022-11-14 01:05:42,685 [5580caa2-355e-4705-b703-b3b115bf5f47@group-E7106E4C0F9A-LeaderElection33] INFO  impl.LeaderElection (LeaderElection.java:logAndReturn(94)) -   Response 1: 5580caa2-355e-4705-b703-b3b115bf5f47<-0803b3f8-d7a7-4034-819c-d574a53cd8d2#0:OK-t1
2022-11-14 01:05:42,685 [5580caa2-355e-4705-b703-b3b115bf5f47@group-E7106E4C0F9A-LeaderElection33] INFO  impl.LeaderElection (LeaderElection.java:askForVotes(314)) - 5580caa2-355e-4705-b703-b3b115bf5f47@group-E7106E4C0F9A-LeaderElection33 ELECTION round 0: result REJECTED
2022-11-14 01:05:42,685 [5580caa2-355e-4705-b703-b3b115bf5f47@group-E7106E4C0F9A-LeaderElection33] INFO  server.RaftServer$Division (RaftServerImpl.java:setRole(321)) - 5580caa2-355e-4705-b703-b3b115bf5f47@group-E7106E4C0F9A: changes role from CANDIDATE to FOLLOWER at term 1 for REJECTED
2022-11-14 01:05:42,685 [5580caa2-355e-4705-b703-b3b115bf5f47@group-E7106E4C0F9A-LeaderElection33] INFO  impl.RoleInfo (RoleInfo.java:shutdownLeaderElection(130)) - 5580caa2-355e-4705-b703-b3b115bf5f47: shutdown 5580caa2-355e-4705-b703-b3b115bf5f47@group-E7106E4C0F9A-LeaderElection33
2022-11-14 01:05:42,685 [5580caa2-355e-4705-b703-b3b115bf5f47@group-E7106E4C0F9A-LeaderElection33] INFO  impl.RoleInfo (RoleInfo.java:updateAndGet(139)) - 5580caa2-355e-4705-b703-b3b115bf5f47: start 5580caa2-355e-4705-b703-b3b115bf5f47@group-E7106E4C0F9A-FollowerState
2022-11-14 01:05:42,685 [5580caa2-355e-4705-b703-b3b115bf5f47@group-E7106E4C0F9A-FollowerState] INFO  server.RaftServerConfigKeys (ConfUtils.java:logFallback(53)) - raft.server.rpc.first-election.timeout.min = 5s (fallback to raft.server.rpc.timeout.min)
2022-11-14 01:05:42,685 [5580caa2-355e-4705-b703-b3b115bf5f47@group-E7106E4C0F9A-FollowerState] INFO  server.RaftServerConfigKeys (ConfUtils.java:logFallback(53)) - raft.server.rpc.first-election.timeout.max = 5200ms (fallback to raft.server.rpc.timeout.max)
2022-11-14 01:05:43,080 [Listener at 127.0.0.1/43083] INFO  ozone.MiniOzoneClusterImpl (MiniOzoneClusterImpl.java:lambda$waitForClusterToBeReady$0(216)) - Nodes are ready. Got 6 of 6 DN Heartbeats.
2022-11-14 01:05:43,080 [Listener at 127.0.0.1/43083] INFO  ozone.MiniOzoneClusterImpl (MiniOzoneClusterImpl.java:lambda$waitForClusterToBeReady$0(219)) - Cluster exits safe mode
2022-11-14 01:05:43,080 [Listener at 127.0.0.1/43083] INFO  ozone.MiniOzoneClusterImpl (MiniOzoneClusterImpl.java:lambda$waitForClusterToBeReady$0(221)) - SCM became leader
2022-11-14 01:05:46,687 [036f6f39-f91a-40c8-a1f5-620aa24a6690@group-76841156C9C1-FollowerState] INFO  impl.FollowerState (FollowerState.java:run(143)) - 036f6f39-f91a-40c8-a1f5-620aa24a6690@group-76841156C9C1-FollowerState: change to CANDIDATE, lastRpcElapsedTime:5032575057ns, electionTimeout:5030ms
2022-11-14 01:05:46,687 [036f6f39-f91a-40c8-a1f5-620aa24a6690@group-76841156C9C1-FollowerState] INFO  impl.RoleInfo (RoleInfo.java:shutdownFollowerState(110)) - 036f6f39-f91a-40c8-a1f5-620aa24a6690: shutdown 036f6f39-f91a-40c8-a1f5-620aa24a6690@group-76841156C9C1-FollowerState
2022-11-14 01:05:46,687 [036f6f39-f91a-40c8-a1f5-620aa24a6690@group-76841156C9C1-FollowerState] INFO  server.RaftServer$Division (RaftServerImpl.java:setRole(321)) - 036f6f39-f91a-40c8-a1f5-620aa24a6690@group-76841156C9C1: changes role from  FOLLOWER to CANDIDATE at term 1 for changeToCandidate
2022-11-14 01:05:46,687 [036f6f39-f91a-40c8-a1f5-620aa24a6690@group-76841156C9C1-FollowerState] INFO  server.RaftServerConfigKeys (ConfUtils.java:logGet(46)) - raft.server.leaderelection.pre-vote = false (custom)
2022-11-14 01:05:46,687 [036f6f39-f91a-40c8-a1f5-620aa24a6690@group-76841156C9C1-FollowerState] INFO  impl.RoleInfo (RoleInfo.java:updateAndGet(139)) - 036f6f39-f91a-40c8-a1f5-620aa24a6690: start 036f6f39-f91a-40c8-a1f5-620aa24a6690@group-76841156C9C1-LeaderElection34
2022-11-14 01:05:46,700 [036f6f39-f91a-40c8-a1f5-620aa24a6690@group-76841156C9C1-LeaderElection34] INFO  impl.LeaderElection (LeaderElection.java:askForVotes(312)) - 036f6f39-f91a-40c8-a1f5-620aa24a6690@group-76841156C9C1-LeaderElection34 ELECTION round 0: submit vote requests at term 2 for -1: peers:[52da76b7-c1ad-453e-bf88-2b0b77429b8d|rpc:10.1.0.33:45707|dataStream:|priority:0|startupRole:FOLLOWER, 036f6f39-f91a-40c8-a1f5-620aa24a6690|rpc:10.1.0.33:37265|dataStream:|priority:1|startupRole:FOLLOWER, 0fc4731f-baaf-4631-bdc3-d8623c212dbb|rpc:10.1.0.33:44873|dataStream:|priority:0|startupRole:FOLLOWER]|listeners:[], old=null
2022-11-14 01:05:46,700 [036f6f39-f91a-40c8-a1f5-620aa24a6690@group-76841156C9C1-LeaderElection34] INFO  server.RaftServerConfigKeys (ConfUtils.java:logFallback(53)) - raft.server.rpc.first-election.timeout.min = 5s (fallback to raft.server.rpc.timeout.min)
2022-11-14 01:05:46,700 [036f6f39-f91a-40c8-a1f5-620aa24a6690@group-76841156C9C1-LeaderElection34-1] INFO  server.GrpcServerProtocolClient (GrpcServerProtocolClient.java:<init>(63)) - Build channel for 52da76b7-c1ad-453e-bf88-2b0b77429b8d
2022-11-14 01:05:46,701 [036f6f39-f91a-40c8-a1f5-620aa24a6690@group-76841156C9C1-LeaderElection34] INFO  server.RaftServerConfigKeys (ConfUtils.java:logFallback(53)) - raft.server.rpc.first-election.timeout.max = 5200ms (fallback to raft.server.rpc.timeout.max)
2022-11-14 01:05:46,701 [036f6f39-f91a-40c8-a1f5-620aa24a6690@group-76841156C9C1-LeaderElection34-2] INFO  server.GrpcServerProtocolClient (GrpcServerProtocolClient.java:<init>(63)) - Build channel for 0fc4731f-baaf-4631-bdc3-d8623c212dbb
2022-11-14 01:05:46,706 [grpc-default-executor-4] INFO  server.RaftServer$Division (RaftServerImpl.java:requestVote(1218)) - 52da76b7-c1ad-453e-bf88-2b0b77429b8d@group-76841156C9C1: receive requestVote(ELECTION, 036f6f39-f91a-40c8-a1f5-620aa24a6690, group-76841156C9C1, 2, (t:0, i:0))
2022-11-14 01:05:46,707 [grpc-default-executor-4] INFO  impl.VoteContext (VoteContext.java:log(48)) - 52da76b7-c1ad-453e-bf88-2b0b77429b8d@group-76841156C9C1-FOLLOWER: accept ELECTION from 036f6f39-f91a-40c8-a1f5-620aa24a6690: our priority 0 <= candidate's priority 1
2022-11-14 01:05:46,707 [grpc-default-executor-4] INFO  server.RaftServer$Division (RaftServerImpl.java:setRole(321)) - 52da76b7-c1ad-453e-bf88-2b0b77429b8d@group-76841156C9C1: changes role from  FOLLOWER to FOLLOWER at term 2 for candidate:036f6f39-f91a-40c8-a1f5-620aa24a6690
2022-11-14 01:05:46,707 [grpc-default-executor-4] INFO  impl.RoleInfo (RoleInfo.java:shutdownFollowerState(110)) - 52da76b7-c1ad-453e-bf88-2b0b77429b8d: shutdown 52da76b7-c1ad-453e-bf88-2b0b77429b8d@group-76841156C9C1-FollowerState
2022-11-14 01:05:46,708 [grpc-default-executor-4] INFO  impl.RoleInfo (RoleInfo.java:updateAndGet(139)) - 52da76b7-c1ad-453e-bf88-2b0b77429b8d: start 52da76b7-c1ad-453e-bf88-2b0b77429b8d@group-76841156C9C1-FollowerState
2022-11-14 01:05:46,708 [52da76b7-c1ad-453e-bf88-2b0b77429b8d@group-76841156C9C1-FollowerState] INFO  server.RaftServerConfigKeys (ConfUtils.java:logFallback(53)) - raft.server.rpc.first-election.timeout.min = 5s (fallback to raft.server.rpc.timeout.min)
2022-11-14 01:05:46,708 [52da76b7-c1ad-453e-bf88-2b0b77429b8d@group-76841156C9C1-FollowerState] INFO  server.RaftServerConfigKeys (ConfUtils.java:logFallback(53)) - raft.server.rpc.first-election.timeout.max = 5200ms (fallback to raft.server.rpc.timeout.max)
2022-11-14 01:05:46,709 [grpc-default-executor-4] INFO  server.RaftServer$Division (RaftServerImpl.java:requestVote(1251)) - 52da76b7-c1ad-453e-bf88-2b0b77429b8d@group-76841156C9C1 replies to ELECTION vote request: 036f6f39-f91a-40c8-a1f5-620aa24a6690<-52da76b7-c1ad-453e-bf88-2b0b77429b8d#0:OK-t2. Peer's state: 52da76b7-c1ad-453e-bf88-2b0b77429b8d@group-76841156C9C1:t2, leader=null, voted=036f6f39-f91a-40c8-a1f5-620aa24a6690, raftlog=Memoized:52da76b7-c1ad-453e-bf88-2b0b77429b8d@group-76841156C9C1-SegmentedRaftLog:OPENED:c-1, conf=-1: peers:[52da76b7-c1ad-453e-bf88-2b0b77429b8d|rpc:10.1.0.33:45707|dataStream:|priority:0|startupRole:FOLLOWER, 036f6f39-f91a-40c8-a1f5-620aa24a6690|rpc:10.1.0.33:37265|dataStream:|priority:1|startupRole:FOLLOWER, 0fc4731f-baaf-4631-bdc3-d8623c212dbb|rpc:10.1.0.33:44873|dataStream:|priority:0|startupRole:FOLLOWER]|listeners:[], old=null
2022-11-14 01:05:46,709 [52da76b7-c1ad-453e-bf88-2b0b77429b8d@group-76841156C9C1-FollowerState] INFO  impl.FollowerState (FollowerState.java:run(152)) - 52da76b7-c1ad-453e-bf88-2b0b77429b8d@group-76841156C9C1-FollowerState was interrupted
2022-11-14 01:05:46,713 [036f6f39-f91a-40c8-a1f5-620aa24a6690@group-76841156C9C1-LeaderElection34] INFO  impl.LeaderElection (LeaderElection.java:logAndReturn(90)) - 036f6f39-f91a-40c8-a1f5-620aa24a6690@group-76841156C9C1-LeaderElection34: ELECTION PASSED received 1 response(s) and 0 exception(s):
2022-11-14 01:05:46,713 [036f6f39-f91a-40c8-a1f5-620aa24a6690@group-76841156C9C1-LeaderElection34] INFO  impl.LeaderElection (LeaderElection.java:logAndReturn(94)) -   Response 0: 036f6f39-f91a-40c8-a1f5-620aa24a6690<-52da76b7-c1ad-453e-bf88-2b0b77429b8d#0:OK-t2
2022-11-14 01:05:46,713 [036f6f39-f91a-40c8-a1f5-620aa24a6690@group-76841156C9C1-LeaderElection34] INFO  impl.LeaderElection (LeaderElection.java:askForVotes(314)) - 036f6f39-f91a-40c8-a1f5-620aa24a6690@group-76841156C9C1-LeaderElection34 ELECTION round 0: result PASSED
2022-11-14 01:05:46,713 [036f6f39-f91a-40c8-a1f5-620aa24a6690@group-76841156C9C1-LeaderElection34] INFO  impl.RoleInfo (RoleInfo.java:shutdownLeaderElection(130)) - 036f6f39-f91a-40c8-a1f5-620aa24a6690: shutdown 036f6f39-f91a-40c8-a1f5-620aa24a6690@group-76841156C9C1-LeaderElection34
2022-11-14 01:05:46,713 [036f6f39-f91a-40c8-a1f5-620aa24a6690@group-76841156C9C1-LeaderElection34] INFO  server.RaftServer$Division (RaftServerImpl.java:setRole(321)) - 036f6f39-f91a-40c8-a1f5-620aa24a6690@group-76841156C9C1: changes role from CANDIDATE to LEADER at term 2 for changeToLeader
2022-11-14 01:05:46,714 [036f6f39-f91a-40c8-a1f5-620aa24a6690@group-76841156C9C1-LeaderElection34] INFO  ratis.XceiverServerRatis (XceiverServerRatis.java:handleLeaderChangedNotification(863)) - Leader change notification received for group: group-76841156C9C1 with new leaderId: 036f6f39-f91a-40c8-a1f5-620aa24a6690
2022-11-14 01:05:46,714 [036f6f39-f91a-40c8-a1f5-620aa24a6690@group-76841156C9C1-LeaderElection34] INFO  server.RaftServer$Division (ServerState.java:setLeader(313)) - 036f6f39-f91a-40c8-a1f5-620aa24a6690@group-76841156C9C1: change Leader from null to 036f6f39-f91a-40c8-a1f5-620aa24a6690 at term 2 for becomeLeader, leader elected after 10096ms
2022-11-14 01:05:46,714 [036f6f39-f91a-40c8-a1f5-620aa24a6690@group-76841156C9C1-LeaderElection34] INFO  server.RaftServerConfigKeys (ConfUtils.java:logGet(46)) - raft.server.staging.catchup.gap = 1000 (default)
2022-11-14 01:05:46,714 [036f6f39-f91a-40c8-a1f5-620aa24a6690@group-76841156C9C1-LeaderElection34] INFO  server.RaftServerConfigKeys (ConfUtils.java:logGet(46)) - raft.server.write.element-limit = 1024 (custom)
2022-11-14 01:05:46,714 [036f6f39-f91a-40c8-a1f5-620aa24a6690@group-76841156C9C1-LeaderElection34] INFO  server.RaftServerConfigKeys (ConfUtils.java:logGet(46)) - raft.server.write.byte-limit = 1024 M (=1073741824) (custom)
2022-11-14 01:05:46,714 [036f6f39-f91a-40c8-a1f5-620aa24a6690@group-76841156C9C1-LeaderElection34] INFO  server.RaftServerConfigKeys (ConfUtils.java:logGet(46)) - raft.server.watch.timeout = 180s (custom)
2022-11-14 01:05:46,714 [036f6f39-f91a-40c8-a1f5-620aa24a6690@group-76841156C9C1-LeaderElection34] INFO  server.RaftServerConfigKeys (ConfUtils.java:logGet(46)) - raft.server.watch.timeout.denomination = 1s (default)
2022-11-14 01:05:46,714 [036f6f39-f91a-40c8-a1f5-620aa24a6690@group-76841156C9C1-LeaderElection34] INFO  server.RaftServerConfigKeys (ConfUtils.java:logGet(46)) - raft.server.watch.element-limit = 65536 (default)
2022-11-14 01:05:46,714 [036f6f39-f91a-40c8-a1f5-620aa24a6690@group-76841156C9C1-LeaderElection34] INFO  server.RaftServerConfigKeys (ConfUtils.java:logGet(46)) - raft.server.write.element-limit = 1024 (custom)
2022-11-14 01:05:46,714 [036f6f39-f91a-40c8-a1f5-620aa24a6690@group-76841156C9C1-LeaderElection34] INFO  server.RaftServerConfigKeys (ConfUtils.java:logGet(46)) - raft.server.write.follower.gap.ratio.max = -1.0 (default)
2022-11-14 01:05:46,715 [036f6f39-f91a-40c8-a1f5-620aa24a6690@group-76841156C9C1-LeaderElection34] INFO  server.RaftServerConfigKeys (ConfUtils.java:logGet(46)) - raft.server.log.appender.snapshot.chunk.size.max = 16MB (=16777216) (default)
2022-11-14 01:05:46,715 [036f6f39-f91a-40c8-a1f5-620aa24a6690@group-76841156C9C1-LeaderElection34] INFO  server.RaftServerConfigKeys (ConfUtils.java:logGet(46)) - raft.server.log.appender.buffer.byte-limit = 33554432 (custom)
2022-11-14 01:05:46,715 [036f6f39-f91a-40c8-a1f5-620aa24a6690@group-76841156C9C1-LeaderElection34] INFO  server.RaftServerConfigKeys (ConfUtils.java:logGet(46)) - raft.server.log.appender.buffer.element-limit = 1 (custom)
2022-11-14 01:05:46,715 [036f6f39-f91a-40c8-a1f5-620aa24a6690@group-76841156C9C1-LeaderElection34] INFO  grpc.GrpcConfigKeys (ConfUtils.java:logGet(46)) - raft.grpc.server.leader.outstanding.appends.max = 128 (default)
2022-11-14 01:05:46,715 [036f6f39-f91a-40c8-a1f5-620aa24a6690@group-76841156C9C1-LeaderElection34] INFO  server.RaftServerConfigKeys (ConfUtils.java:logGet(46)) - raft.server.rpc.request.timeout = 60s (custom)
2022-11-14 01:05:46,716 [EventQueue-PipelineReportForPipelineReportHandler] INFO  pipeline.PipelineManagerImpl (PipelineManagerImpl.java:openPipeline(367)) - Pipeline Pipeline[ Id: de039221-47f7-4f22-9f5b-76841156c9c1, Nodes: 0fc4731f-baaf-4631-bdc3-d8623c212dbb{ip: 10.1.0.33, host: fv-az334-552.zg0gw54pbdoexfhqlmz30d51na.gx.internal.cloudapp.net, ports: [REPLICATION=41983, RATIS=44873, RATIS_ADMIN=44873, RATIS_SERVER=44873, STANDALONE=39705], networkLocation: /default-rack, certSerialId: null, persistedOpState: IN_SERVICE, persistedOpStateExpiryEpochSec: 0}52da76b7-c1ad-453e-bf88-2b0b77429b8d{ip: 10.1.0.33, host: fv-az334-552.zg0gw54pbdoexfhqlmz30d51na.gx.internal.cloudapp.net, ports: [REPLICATION=36681, RATIS=45707, RATIS_ADMIN=45707, RATIS_SERVER=45707, STANDALONE=39579], networkLocation: /default-rack, certSerialId: null, persistedOpState: IN_SERVICE, persistedOpStateExpiryEpochSec: 0}036f6f39-f91a-40c8-a1f5-620aa24a6690{ip: 10.1.0.33, host: fv-az334-552.zg0gw54pbdoexfhqlmz30d51na.gx.internal.cloudapp.net, ports: [REPLICATION=36557, RATIS=37265, RATIS_ADMIN=37265, RATIS_SERVER=37265, STANDALONE=38797], networkLocation: /default-rack, certSerialId: null, persistedOpState: IN_SERVICE, persistedOpStateExpiryEpochSec: 0}, ReplicationConfig: RATIS/THREE, State:ALLOCATED, leaderId:036f6f39-f91a-40c8-a1f5-620aa24a6690, CreationTimestamp2022-11-14T01:05:34.149Z[Etc/UTC]] moved to OPEN state
2022-11-14 01:05:46,717 [036f6f39-f91a-40c8-a1f5-620aa24a6690@group-76841156C9C1-LeaderElection34] INFO  server.RaftServerConfigKeys (ConfUtils.java:logGet(46)) - raft.server.log.appender.install.snapshot.enabled = false (custom)
2022-11-14 01:05:46,717 [036f6f39-f91a-40c8-a1f5-620aa24a6690@group-76841156C9C1-LeaderElection34] INFO  grpc.GrpcConfigKeys (ConfUtils.java:logGet(46)) - raft.grpc.server.heartbeat.channel = true (default)
2022-11-14 01:05:46,717 [036f6f39-f91a-40c8-a1f5-620aa24a6690@group-76841156C9C1-LeaderElection34] INFO  server.RaftServerConfigKeys (ConfUtils.java:logGet(46)) - raft.server.log.appender.wait-time.min = 10ms (default)
2022-11-14 01:05:46,718 [036f6f39-f91a-40c8-a1f5-620aa24a6690@group-76841156C9C1-LeaderElection34] INFO  server.RaftServerConfigKeys (ConfUtils.java:logGet(46)) - raft.server.log.appender.snapshot.chunk.size.max = 16MB (=16777216) (default)
2022-11-14 01:05:46,718 [036f6f39-f91a-40c8-a1f5-620aa24a6690@group-76841156C9C1-LeaderElection34] INFO  server.RaftServerConfigKeys (ConfUtils.java:logGet(46)) - raft.server.log.appender.buffer.byte-limit = 33554432 (custom)
2022-11-14 01:05:46,718 [036f6f39-f91a-40c8-a1f5-620aa24a6690@group-76841156C9C1-LeaderElection34] INFO  server.RaftServerConfigKeys (ConfUtils.java:logGet(46)) - raft.server.log.appender.buffer.element-limit = 1 (custom)
2022-11-14 01:05:46,718 [036f6f39-f91a-40c8-a1f5-620aa24a6690@group-76841156C9C1-LeaderElection34] INFO  grpc.GrpcConfigKeys (ConfUtils.java:logGet(46)) - raft.grpc.server.leader.outstanding.appends.max = 128 (default)
2022-11-14 01:05:46,718 [036f6f39-f91a-40c8-a1f5-620aa24a6690@group-76841156C9C1-LeaderElection34] INFO  server.RaftServerConfigKeys (ConfUtils.java:logGet(46)) - raft.server.rpc.request.timeout = 60s (custom)
2022-11-14 01:05:46,718 [036f6f39-f91a-40c8-a1f5-620aa24a6690@group-76841156C9C1-LeaderElection34] INFO  server.RaftServerConfigKeys (ConfUtils.java:logGet(46)) - raft.server.log.appender.install.snapshot.enabled = false (custom)
2022-11-14 01:05:46,718 [036f6f39-f91a-40c8-a1f5-620aa24a6690@group-76841156C9C1-LeaderElection34] INFO  grpc.GrpcConfigKeys (ConfUtils.java:logGet(46)) - raft.grpc.server.heartbeat.channel = true (default)
2022-11-14 01:05:46,718 [036f6f39-f91a-40c8-a1f5-620aa24a6690@group-76841156C9C1-LeaderElection34] INFO  server.RaftServerConfigKeys (ConfUtils.java:logGet(46)) - raft.server.log.appender.wait-time.min = 10ms (default)
2022-11-14 01:05:46,719 [036f6f39-f91a-40c8-a1f5-620aa24a6690@group-76841156C9C1-LeaderElection34] INFO  impl.RoleInfo (RoleInfo.java:updateAndGet(139)) - 036f6f39-f91a-40c8-a1f5-620aa24a6690: start 036f6f39-f91a-40c8-a1f5-620aa24a6690@group-76841156C9C1-LeaderStateImpl
2022-11-14 01:05:46,719 [036f6f39-f91a-40c8-a1f5-620aa24a6690@group-76841156C9C1-LeaderElection34] INFO  segmented.SegmentedRaftLogWorker (SegmentedRaftLogWorker.java:startLogSegment(452)) - 036f6f39-f91a-40c8-a1f5-620aa24a6690@group-76841156C9C1-SegmentedRaftLogWorker: Starting segment from index:0
2022-11-14 01:05:46,721 [036f6f39-f91a-40c8-a1f5-620aa24a6690@group-76841156C9C1-SegmentedRaftLogWorker] INFO  segmented.SegmentedRaftLogWorker (SegmentedRaftLogWorker.java:execute(656)) - 036f6f39-f91a-40c8-a1f5-620aa24a6690@group-76841156C9C1-SegmentedRaftLogWorker: created new log segment /home/runner/work/ozone/ozone/hadoop-ozone/integration-test/target/test-dir/MiniOzoneClusterImpl-533bbe47-9fe4-4f83-8a40-bf54ddc9168f/datanode-2/data/ratis/de039221-47f7-4f22-9f5b-76841156c9c1/current/log_inprogress_0
2022-11-14 01:05:46,723 [036f6f39-f91a-40c8-a1f5-620aa24a6690@group-76841156C9C1-LeaderElection34] INFO  server.RaftServer$Division (ServerState.java:setRaftConf(430)) - 036f6f39-f91a-40c8-a1f5-620aa24a6690@group-76841156C9C1: set configuration 0: peers:[52da76b7-c1ad-453e-bf88-2b0b77429b8d|rpc:10.1.0.33:45707|dataStream:|priority:0|startupRole:FOLLOWER, 036f6f39-f91a-40c8-a1f5-620aa24a6690|rpc:10.1.0.33:37265|dataStream:|priority:1|startupRole:FOLLOWER, 0fc4731f-baaf-4631-bdc3-d8623c212dbb|rpc:10.1.0.33:44873|dataStream:|priority:0|startupRole:FOLLOWER]|listeners:[], old=null
2022-11-14 01:05:46,725 [52da76b7-c1ad-453e-bf88-2b0b77429b8d@group-1579AB3EA12E-FollowerState] INFO  impl.FollowerState (FollowerState.java:run(143)) - 52da76b7-c1ad-453e-bf88-2b0b77429b8d@group-1579AB3EA12E-FollowerState: change to CANDIDATE, lastRpcElapsedTime:5026776869ns, electionTimeout:5020ms
2022-11-14 01:05:46,733 [52da76b7-c1ad-453e-bf88-2b0b77429b8d@group-1579AB3EA12E-FollowerState] INFO  impl.RoleInfo (RoleInfo.java:shutdownFollowerState(110)) - 52da76b7-c1ad-453e-bf88-2b0b77429b8d: shutdown 52da76b7-c1ad-453e-bf88-2b0b77429b8d@group-1579AB3EA12E-FollowerState
2022-11-14 01:05:46,733 [52da76b7-c1ad-453e-bf88-2b0b77429b8d@group-1579AB3EA12E-FollowerState] INFO  server.RaftServer$Division (RaftServerImpl.java:setRole(321)) - 52da76b7-c1ad-453e-bf88-2b0b77429b8d@group-1579AB3EA12E: changes role from  FOLLOWER to CANDIDATE at term 1 for changeToCandidate
2022-11-14 01:05:46,733 [52da76b7-c1ad-453e-bf88-2b0b77429b8d@group-1579AB3EA12E-FollowerState] INFO  server.RaftServerConfigKeys (ConfUtils.java:logGet(46)) - raft.server.leaderelection.pre-vote = false (custom)
2022-11-14 01:05:46,733 [52da76b7-c1ad-453e-bf88-2b0b77429b8d@group-1579AB3EA12E-FollowerState] INFO  impl.RoleInfo (RoleInfo.java:updateAndGet(139)) - 52da76b7-c1ad-453e-bf88-2b0b77429b8d: start 52da76b7-c1ad-453e-bf88-2b0b77429b8d@group-1579AB3EA12E-LeaderElection35
2022-11-14 01:05:46,734 [grpc-default-executor-4] INFO  server.RaftServer$Division (RaftServerImpl.java:requestVote(1218)) - 0fc4731f-baaf-4631-bdc3-d8623c212dbb@group-76841156C9C1: receive requestVote(ELECTION, 036f6f39-f91a-40c8-a1f5-620aa24a6690, group-76841156C9C1, 2, (t:0, i:0))
2022-11-14 01:05:46,734 [grpc-default-executor-4] INFO  impl.VoteContext (VoteContext.java:log(48)) - 0fc4731f-baaf-4631-bdc3-d8623c212dbb@group-76841156C9C1-FOLLOWER: accept ELECTION from 036f6f39-f91a-40c8-a1f5-620aa24a6690: our priority 0 <= candidate's priority 1
2022-11-14 01:05:46,734 [grpc-default-executor-4] INFO  server.RaftServer$Division (RaftServerImpl.java:setRole(321)) - 0fc4731f-baaf-4631-bdc3-d8623c212dbb@group-76841156C9C1: changes role from  FOLLOWER to FOLLOWER at term 2 for candidate:036f6f39-f91a-40c8-a1f5-620aa24a6690
2022-11-14 01:05:46,734 [grpc-default-executor-4] INFO  impl.RoleInfo (RoleInfo.java:shutdownFollowerState(110)) - 0fc4731f-baaf-4631-bdc3-d8623c212dbb: shutdown 0fc4731f-baaf-4631-bdc3-d8623c212dbb@group-76841156C9C1-FollowerState
2022-11-14 01:05:46,734 [grpc-default-executor-4] INFO  impl.RoleInfo (RoleInfo.java:updateAndGet(139)) - 0fc4731f-baaf-4631-bdc3-d8623c212dbb: start 0fc4731f-baaf-4631-bdc3-d8623c212dbb@group-76841156C9C1-FollowerState
2022-11-14 01:05:46,734 [0fc4731f-baaf-4631-bdc3-d8623c212dbb@group-76841156C9C1-FollowerState] INFO  impl.FollowerState (FollowerState.java:run(152)) - 0fc4731f-baaf-4631-bdc3-d8623c212dbb@group-76841156C9C1-FollowerState was interrupted
2022-11-14 01:05:46,735 [52da76b7-c1ad-453e-bf88-2b0b77429b8d-server-thread1] INFO  ratis.XceiverServerRatis (XceiverServerRatis.java:handleLeaderChangedNotification(863)) - Leader change notification received for group: group-76841156C9C1 with new leaderId: 036f6f39-f91a-40c8-a1f5-620aa24a6690
2022-11-14 01:05:46,736 [52da76b7-c1ad-453e-bf88-2b0b77429b8d-server-thread1] INFO  server.RaftServer$Division (ServerState.java:setLeader(313)) - 52da76b7-c1ad-453e-bf88-2b0b77429b8d@group-76841156C9C1: change Leader from null to 036f6f39-f91a-40c8-a1f5-620aa24a6690 at term 2 for appendEntries, leader elected after 10159ms
2022-11-14 01:05:46,738 [0fc4731f-baaf-4631-bdc3-d8623c212dbb@group-76841156C9C1-FollowerState] INFO  server.RaftServerConfigKeys (ConfUtils.java:logFallback(53)) - raft.server.rpc.first-election.timeout.min = 5s (fallback to raft.server.rpc.timeout.min)
2022-11-14 01:05:46,745 [0fc4731f-baaf-4631-bdc3-d8623c212dbb@group-76841156C9C1-FollowerState] INFO  server.RaftServerConfigKeys (ConfUtils.java:logFallback(53)) - raft.server.rpc.first-election.timeout.max = 5200ms (fallback to raft.server.rpc.timeout.max)
2022-11-14 01:05:46,746 [52da76b7-c1ad-453e-bf88-2b0b77429b8d@group-1579AB3EA12E-LeaderElection35] INFO  impl.LeaderElection (LeaderElection.java:askForVotes(312)) - 52da76b7-c1ad-453e-bf88-2b0b77429b8d@group-1579AB3EA12E-LeaderElection35 ELECTION round 0: submit vote requests at term 2 for -1: peers:[52da76b7-c1ad-453e-bf88-2b0b77429b8d|rpc:10.1.0.33:45707|dataStream:|priority:1|startupRole:FOLLOWER, 036f6f39-f91a-40c8-a1f5-620aa24a6690|rpc:10.1.0.33:37265|dataStream:|priority:0|startupRole:FOLLOWER, 0fc4731f-baaf-4631-bdc3-d8623c212dbb|rpc:10.1.0.33:44873|dataStream:|priority:0|startupRole:FOLLOWER]|listeners:[], old=null
2022-11-14 01:05:46,751 [grpc-default-executor-4] INFO  server.RaftServer$Division (RaftServerImpl.java:requestVote(1251)) - 0fc4731f-baaf-4631-bdc3-d8623c212dbb@group-76841156C9C1 replies to ELECTION vote request: 036f6f39-f91a-40c8-a1f5-620aa24a6690<-0fc4731f-baaf-4631-bdc3-d8623c212dbb#0:OK-t2. Peer's state: 0fc4731f-baaf-4631-bdc3-d8623c212dbb@group-76841156C9C1:t2, leader=null, voted=036f6f39-f91a-40c8-a1f5-620aa24a6690, raftlog=Memoized:0fc4731f-baaf-4631-bdc3-d8623c212dbb@group-76841156C9C1-SegmentedRaftLog:OPENED:c-1, conf=-1: peers:[52da76b7-c1ad-453e-bf88-2b0b77429b8d|rpc:10.1.0.33:45707|priority:0|startupRole:FOLLOWER, 036f6f39-f91a-40c8-a1f5-620aa24a6690|rpc:10.1.0.33:37265|priority:1|startupRole:FOLLOWER, 0fc4731f-baaf-4631-bdc3-d8623c212dbb|rpc:10.1.0.33:44873|priority:0|startupRole:FOLLOWER]|listeners:[], old=null
2022-11-14 01:05:46,752 [0fc4731f-baaf-4631-bdc3-d8623c212dbb-server-thread1] INFO  ratis.XceiverServerRatis (XceiverServerRatis.java:handleLeaderChangedNotification(863)) - Leader change notification received for group: group-76841156C9C1 with new leaderId: 036f6f39-f91a-40c8-a1f5-620aa24a6690
2022-11-14 01:05:46,752 [0fc4731f-baaf-4631-bdc3-d8623c212dbb-server-thread1] INFO  server.RaftServer$Division (ServerState.java:setLeader(313)) - 0fc4731f-baaf-4631-bdc3-d8623c212dbb@group-76841156C9C1: change Leader from null to 036f6f39-f91a-40c8-a1f5-620aa24a6690 at term 2 for appendEntries, leader elected after 10197ms
2022-11-14 01:05:46,753 [52da76b7-c1ad-453e-bf88-2b0b77429b8d-server-thread3] INFO  server.RaftServer$Division (ServerState.java:setRaftConf(430)) - 52da76b7-c1ad-453e-bf88-2b0b77429b8d@group-76841156C9C1: set configuration 0: peers:[52da76b7-c1ad-453e-bf88-2b0b77429b8d|rpc:10.1.0.33:45707|dataStream:|priority:0|startupRole:FOLLOWER, 036f6f39-f91a-40c8-a1f5-620aa24a6690|rpc:10.1.0.33:37265|dataStream:|priority:1|startupRole:FOLLOWER, 0fc4731f-baaf-4631-bdc3-d8623c212dbb|rpc:10.1.0.33:44873|dataStream:|priority:0|startupRole:FOLLOWER]|listeners:[], old=null
2022-11-14 01:05:46,753 [52da76b7-c1ad-453e-bf88-2b0b77429b8d-server-thread3] INFO  segmented.SegmentedRaftLogWorker (SegmentedRaftLogWorker.java:startLogSegment(452)) - 52da76b7-c1ad-453e-bf88-2b0b77429b8d@group-76841156C9C1-SegmentedRaftLogWorker: Starting segment from index:0
2022-11-14 01:05:46,754 [0fc4731f-baaf-4631-bdc3-d8623c212dbb-server-thread1] INFO  server.RaftServer$Division (ServerState.java:setRaftConf(430)) - 0fc4731f-baaf-4631-bdc3-d8623c212dbb@group-76841156C9C1: set configuration 0: peers:[52da76b7-c1ad-453e-bf88-2b0b77429b8d|rpc:10.1.0.33:45707|dataStream:|priority:0|startupRole:FOLLOWER, 036f6f39-f91a-40c8-a1f5-620aa24a6690|rpc:10.1.0.33:37265|dataStream:|priority:1|startupRole:FOLLOWER, 0fc4731f-baaf-4631-bdc3-d8623c212dbb|rpc:10.1.0.33:44873|dataStream:|priority:0|startupRole:FOLLOWER]|listeners:[], old=null
2022-11-14 01:05:46,754 [0fc4731f-baaf-4631-bdc3-d8623c212dbb-server-thread1] INFO  segmented.SegmentedRaftLogWorker (SegmentedRaftLogWorker.java:startLogSegment(452)) - 0fc4731f-baaf-4631-bdc3-d8623c212dbb@group-76841156C9C1-SegmentedRaftLogWorker: Starting segment from index:0
2022-11-14 01:05:46,754 [52da76b7-c1ad-453e-bf88-2b0b77429b8d@group-1579AB3EA12E-LeaderElection35-1] INFO  server.GrpcServerProtocolClient (GrpcServerProtocolClient.java:<init>(63)) - Build channel for 036f6f39-f91a-40c8-a1f5-620aa24a6690
2022-11-14 01:05:46,755 [52da76b7-c1ad-453e-bf88-2b0b77429b8d@group-76841156C9C1-SegmentedRaftLogWorker] INFO  segmented.SegmentedRaftLogWorker (SegmentedRaftLogWorker.java:execute(656)) - 52da76b7-c1ad-453e-bf88-2b0b77429b8d@group-76841156C9C1-SegmentedRaftLogWorker: created new log segment /home/runner/work/ozone/ozone/hadoop-ozone/integration-test/target/test-dir/MiniOzoneClusterImpl-533bbe47-9fe4-4f83-8a40-bf54ddc9168f/datanode-1/data/ratis/de039221-47f7-4f22-9f5b-76841156c9c1/current/log_inprogress_0
2022-11-14 01:05:46,759 [52da76b7-c1ad-453e-bf88-2b0b77429b8d@group-1579AB3EA12E-LeaderElection35] INFO  server.RaftServerConfigKeys (ConfUtils.java:logFallback(53)) - raft.server.rpc.first-election.timeout.min = 5s (fallback to raft.server.rpc.timeout.min)
2022-11-14 01:05:46,759 [52da76b7-c1ad-453e-bf88-2b0b77429b8d@group-1579AB3EA12E-LeaderElection35] INFO  server.RaftServerConfigKeys (ConfUtils.java:logFallback(53)) - raft.server.rpc.first-election.timeout.max = 5200ms (fallback to raft.server.rpc.timeout.max)
2022-11-14 01:05:46,759 [52da76b7-c1ad-453e-bf88-2b0b77429b8d@group-1579AB3EA12E-LeaderElection35-2] INFO  server.GrpcServerProtocolClient (GrpcServerProtocolClient.java:<init>(63)) - Build channel for 0fc4731f-baaf-4631-bdc3-d8623c212dbb
2022-11-14 01:05:46,764 [0fc4731f-baaf-4631-bdc3-d8623c212dbb@group-76841156C9C1-SegmentedRaftLogWorker] INFO  segmented.SegmentedRaftLogWorker (SegmentedRaftLogWorker.java:execute(656)) - 0fc4731f-baaf-4631-bdc3-d8623c212dbb@group-76841156C9C1-SegmentedRaftLogWorker: created new log segment /home/runner/work/ozone/ozone/hadoop-ozone/integration-test/target/test-dir/MiniOzoneClusterImpl-533bbe47-9fe4-4f83-8a40-bf54ddc9168f/datanode-0/data/ratis/de039221-47f7-4f22-9f5b-76841156c9c1/current/log_inprogress_0
2022-11-14 01:05:46,769 [grpc-default-executor-1] INFO  server.RaftServer$Division (RaftServerImpl.java:requestVote(1218)) - 036f6f39-f91a-40c8-a1f5-620aa24a6690@group-1579AB3EA12E: receive requestVote(ELECTION, 52da76b7-c1ad-453e-bf88-2b0b77429b8d, group-1579AB3EA12E, 2, (t:0, i:0))
2022-11-14 01:05:46,769 [grpc-default-executor-5] INFO  server.RaftServer$Division (RaftServerImpl.java:requestVote(1218)) - 0fc4731f-baaf-4631-bdc3-d8623c212dbb@group-1579AB3EA12E: receive requestVote(ELECTION, 52da76b7-c1ad-453e-bf88-2b0b77429b8d, group-1579AB3EA12E, 2, (t:0, i:0))
2022-11-14 01:05:46,769 [grpc-default-executor-5] INFO  impl.VoteContext (VoteContext.java:log(48)) - 0fc4731f-baaf-4631-bdc3-d8623c212dbb@group-1579AB3EA12E-FOLLOWER: accept ELECTION from 52da76b7-c1ad-453e-bf88-2b0b77429b8d: our priority 0 <= candidate's priority 1
2022-11-14 01:05:46,769 [grpc-default-executor-5] INFO  server.RaftServer$Division (RaftServerImpl.java:setRole(321)) - 0fc4731f-baaf-4631-bdc3-d8623c212dbb@group-1579AB3EA12E: changes role from  FOLLOWER to FOLLOWER at term 2 for candidate:52da76b7-c1ad-453e-bf88-2b0b77429b8d
2022-11-14 01:05:46,769 [grpc-default-executor-5] INFO  impl.RoleInfo (RoleInfo.java:shutdownFollowerState(110)) - 0fc4731f-baaf-4631-bdc3-d8623c212dbb: shutdown 0fc4731f-baaf-4631-bdc3-d8623c212dbb@group-1579AB3EA12E-FollowerState
2022-11-14 01:05:46,770 [grpc-default-executor-5] INFO  impl.RoleInfo (RoleInfo.java:updateAndGet(139)) - 0fc4731f-baaf-4631-bdc3-d8623c212dbb: start 0fc4731f-baaf-4631-bdc3-d8623c212dbb@group-1579AB3EA12E-FollowerState
2022-11-14 01:05:46,770 [0fc4731f-baaf-4631-bdc3-d8623c212dbb@group-1579AB3EA12E-FollowerState] INFO  impl.FollowerState (FollowerState.java:run(152)) - 0fc4731f-baaf-4631-bdc3-d8623c212dbb@group-1579AB3EA12E-FollowerState was interrupted
2022-11-14 01:05:46,770 [grpc-default-executor-1] INFO  impl.VoteContext (VoteContext.java:log(48)) - 036f6f39-f91a-40c8-a1f5-620aa24a6690@group-1579AB3EA12E-FOLLOWER: accept ELECTION from 52da76b7-c1ad-453e-bf88-2b0b77429b8d: our priority 0 <= candidate's priority 1
2022-11-14 01:05:46,770 [grpc-default-executor-1] INFO  server.RaftServer$Division (RaftServerImpl.java:setRole(321)) - 036f6f39-f91a-40c8-a1f5-620aa24a6690@group-1579AB3EA12E: changes role from  FOLLOWER to FOLLOWER at term 2 for candidate:52da76b7-c1ad-453e-bf88-2b0b77429b8d
2022-11-14 01:05:46,770 [grpc-default-executor-1] INFO  impl.RoleInfo (RoleInfo.java:shutdownFollowerState(110)) - 036f6f39-f91a-40c8-a1f5-620aa24a6690: shutdown 036f6f39-f91a-40c8-a1f5-620aa24a6690@group-1579AB3EA12E-FollowerState
2022-11-14 01:05:46,775 [grpc-default-executor-1] INFO  impl.RoleInfo (RoleInfo.java:updateAndGet(139)) - 036f6f39-f91a-40c8-a1f5-620aa24a6690: start 036f6f39-f91a-40c8-a1f5-620aa24a6690@group-1579AB3EA12E-FollowerState
2022-11-14 01:05:46,775 [036f6f39-f91a-40c8-a1f5-620aa24a6690@group-1579AB3EA12E-FollowerState] INFO  impl.FollowerState (FollowerState.java:run(152)) - 036f6f39-f91a-40c8-a1f5-620aa24a6690@group-1579AB3EA12E-FollowerState was interrupted
2022-11-14 01:05:46,776 [grpc-default-executor-5] INFO  server.RaftServer$Division (RaftServerImpl.java:requestVote(1251)) - 0fc4731f-baaf-4631-bdc3-d8623c212dbb@group-1579AB3EA12E replies to ELECTION vote request: 52da76b7-c1ad-453e-bf88-2b0b77429b8d<-0fc4731f-baaf-4631-bdc3-d8623c212dbb#0:OK-t2. Peer's state: 0fc4731f-baaf-4631-bdc3-d8623c212dbb@group-1579AB3EA12E:t2, leader=null, voted=52da76b7-c1ad-453e-bf88-2b0b77429b8d, raftlog=Memoized:0fc4731f-baaf-4631-bdc3-d8623c212dbb@group-1579AB3EA12E-SegmentedRaftLog:OPENED:c-1, conf=-1: peers:[52da76b7-c1ad-453e-bf88-2b0b77429b8d|rpc:10.1.0.33:45707|priority:1|startupRole:FOLLOWER, 036f6f39-f91a-40c8-a1f5-620aa24a6690|rpc:10.1.0.33:37265|priority:0|startupRole:FOLLOWER, 0fc4731f-baaf-4631-bdc3-d8623c212dbb|rpc:10.1.0.33:44873|priority:0|startupRole:FOLLOWER]|listeners:[], old=null
2022-11-14 01:05:46,777 [52da76b7-c1ad-453e-bf88-2b0b77429b8d@group-1579AB3EA12E-LeaderElection35] INFO  impl.LeaderElection (LeaderElection.java:logAndReturn(90)) - 52da76b7-c1ad-453e-bf88-2b0b77429b8d@group-1579AB3EA12E-LeaderElection35: ELECTION PASSED received 1 response(s) and 0 exception(s):
2022-11-14 01:05:46,777 [52da76b7-c1ad-453e-bf88-2b0b77429b8d@group-1579AB3EA12E-LeaderElection35] INFO  impl.LeaderElection (LeaderElection.java:logAndReturn(94)) -   Response 0: 52da76b7-c1ad-453e-bf88-2b0b77429b8d<-0fc4731f-baaf-4631-bdc3-d8623c212dbb#0:OK-t2
2022-11-14 01:05:46,778 [52da76b7-c1ad-453e-bf88-2b0b77429b8d@group-1579AB3EA12E-LeaderElection35] INFO  impl.LeaderElection (LeaderElection.java:askForVotes(314)) - 52da76b7-c1ad-453e-bf88-2b0b77429b8d@group-1579AB3EA12E-LeaderElection35 ELECTION round 0: result PASSED
2022-11-14 01:05:46,778 [52da76b7-c1ad-453e-bf88-2b0b77429b8d@group-1579AB3EA12E-LeaderElection35] INFO  impl.RoleInfo (RoleInfo.java:shutdownLeaderElection(130)) - 52da76b7-c1ad-453e-bf88-2b0b77429b8d: shutdown 52da76b7-c1ad-453e-bf88-2b0b77429b8d@group-1579AB3EA12E-LeaderElection35
2022-11-14 01:05:46,778 [52da76b7-c1ad-453e-bf88-2b0b77429b8d@group-1579AB3EA12E-LeaderElection35] INFO  server.RaftServer$Division (RaftServerImpl.java:setRole(321)) - 52da76b7-c1ad-453e-bf88-2b0b77429b8d@group-1579AB3EA12E: changes role from CANDIDATE to LEADER at term 2 for changeToLeader
2022-11-14 01:05:46,778 [52da76b7-c1ad-453e-bf88-2b0b77429b8d@group-1579AB3EA12E-LeaderElection35] INFO  ratis.XceiverServerRatis (XceiverServerRatis.java:handleLeaderChangedNotification(863)) - Leader change notification received for group: group-1579AB3EA12E with new leaderId: 52da76b7-c1ad-453e-bf88-2b0b77429b8d
2022-11-14 01:05:46,778 [52da76b7-c1ad-453e-bf88-2b0b77429b8d@group-1579AB3EA12E-LeaderElection35] INFO  server.RaftServer$Division (ServerState.java:setLeader(313)) - 52da76b7-c1ad-453e-bf88-2b0b77429b8d@group-1579AB3EA12E: change Leader from null to 52da76b7-c1ad-453e-bf88-2b0b77429b8d at term 2 for becomeLeader, leader elected after 10112ms
2022-11-14 01:05:46,778 [52da76b7-c1ad-453e-bf88-2b0b77429b8d@group-1579AB3EA12E-LeaderElection35] INFO  server.RaftServerConfigKeys (ConfUtils.java:logGet(46)) - raft.server.staging.catchup.gap = 1000 (default)
2022-11-14 01:05:46,778 [52da76b7-c1ad-453e-bf88-2b0b77429b8d@group-1579AB3EA12E-LeaderElection35] INFO  server.RaftServerConfigKeys (ConfUtils.java:logGet(46)) - raft.server.write.element-limit = 1024 (custom)
2022-11-14 01:05:46,778 [52da76b7-c1ad-453e-bf88-2b0b77429b8d@group-1579AB3EA12E-LeaderElection35] INFO  server.RaftServerConfigKeys (ConfUtils.java:logGet(46)) - raft.server.write.byte-limit = 1024 M (=1073741824) (custom)
2022-11-14 01:05:46,778 [52da76b7-c1ad-453e-bf88-2b0b77429b8d@group-1579AB3EA12E-LeaderElection35] INFO  server.RaftServerConfigKeys (ConfUtils.java:logGet(46)) - raft.server.watch.timeout = 180s (custom)
2022-11-14 01:05:46,778 [52da76b7-c1ad-453e-bf88-2b0b77429b8d@group-1579AB3EA12E-LeaderElection35] INFO  server.RaftServerConfigKeys (ConfUtils.java:logGet(46)) - raft.server.watch.timeout.denomination = 1s (default)
2022-11-14 01:05:46,779 [52da76b7-c1ad-453e-bf88-2b0b77429b8d@group-1579AB3EA12E-LeaderElection35] INFO  server.RaftServerConfigKeys (ConfUtils.java:logGet(46)) - raft.server.watch.element-limit = 65536 (default)
2022-11-14 01:05:46,779 [52da76b7-c1ad-453e-bf88-2b0b77429b8d@group-1579AB3EA12E-LeaderElection35] INFO  server.RaftServerConfigKeys (ConfUtils.java:logGet(46)) - raft.server.write.element-limit = 1024 (custom)
2022-11-14 01:05:46,779 [52da76b7-c1ad-453e-bf88-2b0b77429b8d@group-1579AB3EA12E-LeaderElection35] INFO  server.RaftServerConfigKeys (ConfUtils.java:logGet(46)) - raft.server.write.follower.gap.ratio.max = -1.0 (default)
2022-11-14 01:05:46,782 [EventQueue-PipelineReportForPipelineReportHandler] INFO  pipeline.PipelineManagerImpl (PipelineManagerImpl.java:openPipeline(367)) - Pipeline Pipeline[ Id: 3345ad03-93cf-403e-a863-1579ab3ea12e, Nodes: 0fc4731f-baaf-4631-bdc3-d8623c212dbb{ip: 10.1.0.33, host: fv-az334-552.zg0gw54pbdoexfhqlmz30d51na.gx.internal.cloudapp.net, ports: [REPLICATION=41983, RATIS=44873, RATIS_ADMIN=44873, RATIS_SERVER=44873, STANDALONE=39705], networkLocation: /default-rack, certSerialId: null, persistedOpState: IN_SERVICE, persistedOpStateExpiryEpochSec: 0}52da76b7-c1ad-453e-bf88-2b0b77429b8d{ip: 10.1.0.33, host: fv-az334-552.zg0gw54pbdoexfhqlmz30d51na.gx.internal.cloudapp.net, ports: [REPLICATION=36681, RATIS=45707, RATIS_ADMIN=45707, RATIS_SERVER=45707, STANDALONE=39579], networkLocation: /default-rack, certSerialId: null, persistedOpState: IN_SERVICE, persistedOpStateExpiryEpochSec: 0}036f6f39-f91a-40c8-a1f5-620aa24a6690{ip: 10.1.0.33, host: fv-az334-552.zg0gw54pbdoexfhqlmz30d51na.gx.internal.cloudapp.net, ports: [REPLICATION=36557, RATIS=37265, RATIS_ADMIN=37265, RATIS_SERVER=37265, STANDALONE=38797], networkLocation: /default-rack, certSerialId: null, persistedOpState: IN_SERVICE, persistedOpStateExpiryEpochSec: 0}, ReplicationConfig: RATIS/THREE, State:ALLOCATED, leaderId:52da76b7-c1ad-453e-bf88-2b0b77429b8d, CreationTimestamp2022-11-14T01:05:34.151Z[Etc/UTC]] moved to OPEN state
2022-11-14 01:05:46,778 [0fc4731f-baaf-4631-bdc3-d8623c212dbb@group-1579AB3EA12E-FollowerState] INFO  server.RaftServerConfigKeys (ConfUtils.java:logFallback(53)) - raft.server.rpc.first-election.timeout.min = 5s (fallback to raft.server.rpc.timeout.min)
2022-11-14 01:05:46,783 [0fc4731f-baaf-4631-bdc3-d8623c212dbb@group-1579AB3EA12E-FollowerState] INFO  server.RaftServerConfigKeys (ConfUtils.java:logFallback(53)) - raft.server.rpc.first-election.timeout.max = 5200ms (fallback to raft.server.rpc.timeout.max)
2022-11-14 01:05:46,783 [grpc-default-executor-1] INFO  server.RaftServer$Division (RaftServerImpl.java:requestVote(1251)) - 036f6f39-f91a-40c8-a1f5-620aa24a6690@group-1579AB3EA12E replies to ELECTION vote request: 52da76b7-c1ad-453e-bf88-2b0b77429b8d<-036f6f39-f91a-40c8-a1f5-620aa24a6690#0:OK-t2. Peer's state: 036f6f39-f91a-40c8-a1f5-620aa24a6690@group-1579AB3EA12E:t2, leader=null, voted=52da76b7-c1ad-453e-bf88-2b0b77429b8d, raftlog=Memoized:036f6f39-f91a-40c8-a1f5-620aa24a6690@group-1579AB3EA12E-SegmentedRaftLog:OPENED:c-1, conf=-1: peers:[52da76b7-c1ad-453e-bf88-2b0b77429b8d|rpc:10.1.0.33:45707|dataStream:|priority:1|startupRole:FOLLOWER, 036f6f39-f91a-40c8-a1f5-620aa24a6690|rpc:10.1.0.33:37265|dataStream:|priority:0|startupRole:FOLLOWER, 0fc4731f-baaf-4631-bdc3-d8623c212dbb|rpc:10.1.0.33:44873|dataStream:|priority:0|startupRole:FOLLOWER]|listeners:[], old=null
2022-11-14 01:05:46,785 [Listener at 127.0.0.1/43083] INFO  pipeline.PipelineManagerImpl (PipelineManagerImpl.java:closePipeline(442)) - Pipeline Pipeline[ Id: 3c4ef238-3691-492e-9e84-5e32bc8487e9, Nodes: 0803b3f8-d7a7-4034-819c-d574a53cd8d2{ip: 10.1.0.33, host: fv-az334-552.zg0gw54pbdoexfhqlmz30d51na.gx.internal.cloudapp.net, ports: [REPLICATION=46733, RATIS=46295, RATIS_ADMIN=46295, RATIS_SERVER=46295, STANDALONE=46387], networkLocation: /default-rack, certSerialId: null, persistedOpState: IN_SERVICE, persistedOpStateExpiryEpochSec: 0}5580caa2-355e-4705-b703-b3b115bf5f47{ip: 10.1.0.33, host: fv-az334-552.zg0gw54pbdoexfhqlmz30d51na.gx.internal.cloudapp.net, ports: [REPLICATION=38899, RATIS=42291, RATIS_ADMIN=42291, RATIS_SERVER=42291, STANDALONE=41959], networkLocation: /default-rack, certSerialId: null, persistedOpState: IN_SERVICE, persistedOpStateExpiryEpochSec: 0}e47c0d7c-1c57-43cf-a038-4c1ee28029c6{ip: 10.1.0.33, host: fv-az334-552.zg0gw54pbdoexfhqlmz30d51na.gx.internal.cloudapp.net, ports: [REPLICATION=39295, RATIS=39237, RATIS_ADMIN=39237, RATIS_SERVER=39237, STANDALONE=37461], networkLocation: /default-rack, certSerialId: null, persistedOpState: IN_SERVICE, persistedOpStateExpiryEpochSec: 0}, ReplicationConfig: RATIS/THREE, State:OPEN, leaderId:5580caa2-355e-4705-b703-b3b115bf5f47, CreationTimestamp2022-11-14T01:05:35.084Z[Etc/UTC]] moved to CLOSED state
2022-11-14 01:05:46,785 [Listener at 127.0.0.1/43083] INFO  pipeline.RatisPipelineProvider (RatisPipelineProvider.java:lambda$close$1(244)) - Send pipeline:PipelineID=3c4ef238-3691-492e-9e84-5e32bc8487e9 close command to datanode 0803b3f8-d7a7-4034-819c-d574a53cd8d2
2022-11-14 01:05:46,785 [Listener at 127.0.0.1/43083] INFO  pipeline.RatisPipelineProvider (RatisPipelineProvider.java:lambda$close$1(244)) - Send pipeline:PipelineID=3c4ef238-3691-492e-9e84-5e32bc8487e9 close command to datanode 5580caa2-355e-4705-b703-b3b115bf5f47
2022-11-14 01:05:46,785 [Listener at 127.0.0.1/43083] INFO  pipeline.RatisPipelineProvider (RatisPipelineProvider.java:lambda$close$1(244)) - Send pipeline:PipelineID=3c4ef238-3691-492e-9e84-5e32bc8487e9 close command to datanode e47c0d7c-1c57-43cf-a038-4c1ee28029c6
2022-11-14 01:05:46,786 [036f6f39-f91a-40c8-a1f5-620aa24a6690@group-1579AB3EA12E-FollowerState] INFO  server.RaftServerConfigKeys (ConfUtils.java:logFallback(53)) - raft.server.rpc.first-election.timeout.min = 5s (fallback to raft.server.rpc.timeout.min)
2022-11-14 01:05:46,786 [52da76b7-c1ad-453e-bf88-2b0b77429b8d@group-1579AB3EA12E-LeaderElection35] INFO  server.RaftServerConfigKeys (ConfUtils.java:logGet(46)) - raft.server.log.appender.snapshot.chunk.size.max = 16MB (=16777216) (default)
2022-11-14 01:05:46,787 [52da76b7-c1ad-453e-bf88-2b0b77429b8d@group-1579AB3EA12E-LeaderElection35] INFO  server.RaftServerConfigKeys (ConfUtils.java:logGet(46)) - raft.server.log.appender.buffer.byte-limit = 33554432 (custom)
2022-11-14 01:05:46,787 [52da76b7-c1ad-453e-bf88-2b0b77429b8d@group-1579AB3EA12E-LeaderElection35] INFO  server.RaftServerConfigKeys (ConfUtils.java:logGet(46)) - raft.server.log.appender.buffer.element-limit = 1 (custom)
2022-11-14 01:05:46,787 [52da76b7-c1ad-453e-bf88-2b0b77429b8d@group-1579AB3EA12E-LeaderElection35] INFO  grpc.GrpcConfigKeys (ConfUtils.java:logGet(46)) - raft.grpc.server.leader.outstanding.appends.max = 128 (default)
2022-11-14 01:05:46,787 [52da76b7-c1ad-453e-bf88-2b0b77429b8d@group-1579AB3EA12E-LeaderElection35] INFO  server.RaftServerConfigKeys (ConfUtils.java:logGet(46)) - raft.server.rpc.request.timeout = 60s (custom)
2022-11-14 01:05:46,787 [52da76b7-c1ad-453e-bf88-2b0b77429b8d@group-1579AB3EA12E-LeaderElection35] INFO  server.RaftServerConfigKeys (ConfUtils.java:logGet(46)) - raft.server.log.appender.install.snapshot.enabled = false (custom)
2022-11-14 01:05:46,787 [52da76b7-c1ad-453e-bf88-2b0b77429b8d@group-1579AB3EA12E-LeaderElection35] INFO  grpc.GrpcConfigKeys (ConfUtils.java:logGet(46)) - raft.grpc.server.heartbeat.channel = true (default)
2022-11-14 01:05:46,787 [52da76b7-c1ad-453e-bf88-2b0b77429b8d@group-1579AB3EA12E-LeaderElection35] INFO  server.RaftServerConfigKeys (ConfUtils.java:logGet(46)) - raft.server.log.appender.wait-time.min = 10ms (default)
2022-11-14 01:05:46,786 [Listener at 127.0.0.1/43083] INFO  pipeline.PipelineStateManagerImpl (PipelineStateManagerImpl.java:removePipeline(245)) - Pipeline Pipeline[ Id: 3c4ef238-3691-492e-9e84-5e32bc8487e9, Nodes: 0803b3f8-d7a7-4034-819c-d574a53cd8d2{ip: 10.1.0.33, host: fv-az334-552.zg0gw54pbdoexfhqlmz30d51na.gx.internal.cloudapp.net, ports: [REPLICATION=46733, RATIS=46295, RATIS_ADMIN=46295, RATIS_SERVER=46295, STANDALONE=46387], networkLocation: /default-rack, certSerialId: null, persistedOpState: IN_SERVICE, persistedOpStateExpiryEpochSec: 0}5580caa2-355e-4705-b703-b3b115bf5f47{ip: 10.1.0.33, host: fv-az334-552.zg0gw54pbdoexfhqlmz30d51na.gx.internal.cloudapp.net, ports: [REPLICATION=38899, RATIS=42291, RATIS_ADMIN=42291, RATIS_SERVER=42291, STANDALONE=41959], networkLocation: /default-rack, certSerialId: null, persistedOpState: IN_SERVICE, persistedOpStateExpiryEpochSec: 0}e47c0d7c-1c57-43cf-a038-4c1ee28029c6{ip: 10.1.0.33, host: fv-az334-552.zg0gw54pbdoexfhqlmz30d51na.gx.internal.cloudapp.net, ports: [REPLICATION=39295, RATIS=39237, RATIS_ADMIN=39237, RATIS_SERVER=39237, STANDALONE=37461], networkLocation: /default-rack, certSerialId: null, persistedOpState: IN_SERVICE, persistedOpStateExpiryEpochSec: 0}, ReplicationConfig: RATIS/THREE, State:CLOSED, leaderId:5580caa2-355e-4705-b703-b3b115bf5f47, CreationTimestamp2022-11-14T01:05:35.084Z[Etc/UTC]] removed.
2022-11-14 01:05:46,789 [Listener at 127.0.0.1/43083] INFO  pipeline.PipelineManagerImpl (PipelineManagerImpl.java:closePipeline(442)) - Pipeline Pipeline[ Id: de039221-47f7-4f22-9f5b-76841156c9c1, Nodes: 0fc4731f-baaf-4631-bdc3-d8623c212dbb{ip: 10.1.0.33, host: fv-az334-552.zg0gw54pbdoexfhqlmz30d51na.gx.internal.cloudapp.net, ports: [REPLICATION=41983, RATIS=44873, RATIS_ADMIN=44873, RATIS_SERVER=44873, STANDALONE=39705], networkLocation: /default-rack, certSerialId: null, persistedOpState: IN_SERVICE, persistedOpStateExpiryEpochSec: 0}52da76b7-c1ad-453e-bf88-2b0b77429b8d{ip: 10.1.0.33, host: fv-az334-552.zg0gw54pbdoexfhqlmz30d51na.gx.internal.cloudapp.net, ports: [REPLICATION=36681, RATIS=45707, RATIS_ADMIN=45707, RATIS_SERVER=45707, STANDALONE=39579], networkLocation: /default-rack, certSerialId: null, persistedOpState: IN_SERVICE, persistedOpStateExpiryEpochSec: 0}036f6f39-f91a-40c8-a1f5-620aa24a6690{ip: 10.1.0.33, host: fv-az334-552.zg0gw54pbdoexfhqlmz30d51na.gx.internal.cloudapp.net, ports: [REPLICATION=36557, RATIS=37265, RATIS_ADMIN=37265, RATIS_SERVER=37265, STANDALONE=38797], networkLocation: /default-rack, certSerialId: null, persistedOpState: IN_SERVICE, persistedOpStateExpiryEpochSec: 0}, ReplicationConfig: RATIS/THREE, State:OPEN, leaderId:036f6f39-f91a-40c8-a1f5-620aa24a6690, CreationTimestamp2022-11-14T01:05:34.149Z[Etc/UTC]] moved to CLOSED state
2022-11-14 01:05:46,789 [Listener at 127.0.0.1/43083] INFO  pipeline.RatisPipelineProvider (RatisPipelineProvider.java:lambda$close$1(244)) - Send pipeline:PipelineID=de039221-47f7-4f22-9f5b-76841156c9c1 close command to datanode 0fc4731f-baaf-4631-bdc3-d8623c212dbb
2022-11-14 01:05:46,789 [Listener at 127.0.0.1/43083] INFO  pipeline.RatisPipelineProvider (RatisPipelineProvider.java:lambda$close$1(244)) - Send pipeline:PipelineID=de039221-47f7-4f22-9f5b-76841156c9c1 close command to datanode 52da76b7-c1ad-453e-bf88-2b0b77429b8d
2022-11-14 01:05:46,789 [Listener at 127.0.0.1/43083] INFO  pipeline.RatisPipelineProvider (RatisPipelineProvider.java:lambda$close$1(244)) - Send pipeline:PipelineID=de039221-47f7-4f22-9f5b-76841156c9c1 close command to datanode 036f6f39-f91a-40c8-a1f5-620aa24a6690
2022-11-14 01:05:46,789 [Listener at 127.0.0.1/43083] INFO  pipeline.PipelineStateManagerImpl (PipelineStateManagerImpl.java:removePipeline(245)) - Pipeline Pipeline[ Id: de039221-47f7-4f22-9f5b-76841156c9c1, Nodes: 0fc4731f-baaf-4631-bdc3-d8623c212dbb{ip: 10.1.0.33, host: fv-az334-552.zg0gw54pbdoexfhqlmz30d51na.gx.internal.cloudapp.net, ports: [REPLICATION=41983, RATIS=44873, RATIS_ADMIN=44873, RATIS_SERVER=44873, STANDALONE=39705], networkLocation: /default-rack, certSerialId: null, persistedOpState: IN_SERVICE, persistedOpStateExpiryEpochSec: 0}52da76b7-c1ad-453e-bf88-2b0b77429b8d{ip: 10.1.0.33, host: fv-az334-552.zg0gw54pbdoexfhqlmz30d51na.gx.internal.cloudapp.net, ports: [REPLICATION=36681, RATIS=45707, RATIS_ADMIN=45707, RATIS_SERVER=45707, STANDALONE=39579], networkLocation: /default-rack, certSerialId: null, persistedOpState: IN_SERVICE, persistedOpStateExpiryEpochSec: 0}036f6f39-f91a-40c8-a1f5-620aa24a6690{ip: 10.1.0.33, host: fv-az334-552.zg0gw54pbdoexfhqlmz30d51na.gx.internal.cloudapp.net, ports: [REPLICATION=36557, RATIS=37265, RATIS_ADMIN=37265, RATIS_SERVER=37265, STANDALONE=38797], networkLocation: /default-rack, certSerialId: null, persistedOpState: IN_SERVICE, persistedOpStateExpiryEpochSec: 0}, ReplicationConfig: RATIS/THREE, State:CLOSED, leaderId:036f6f39-f91a-40c8-a1f5-620aa24a6690, CreationTimestamp2022-11-14T01:05:34.149Z[Etc/UTC]] removed.
2022-11-14 01:05:46,790 [Listener at 127.0.0.1/43083] INFO  pipeline.PipelineManagerImpl (PipelineManagerImpl.java:closePipeline(442)) - Pipeline Pipeline[ Id: 3345ad03-93cf-403e-a863-1579ab3ea12e, Nodes: 0fc4731f-baaf-4631-bdc3-d8623c212dbb{ip: 10.1.0.33, host: fv-az334-552.zg0gw54pbdoexfhqlmz30d51na.gx.internal.cloudapp.net, ports: [REPLICATION=41983, RATIS=44873, RATIS_ADMIN=44873, RATIS_SERVER=44873, STANDALONE=39705], networkLocation: /default-rack, certSerialId: null, persistedOpState: IN_SERVICE, persistedOpStateExpiryEpochSec: 0}52da76b7-c1ad-453e-bf88-2b0b77429b8d{ip: 10.1.0.33, host: fv-az334-552.zg0gw54pbdoexfhqlmz30d51na.gx.internal.cloudapp.net, ports: [REPLICATION=36681, RATIS=45707, RATIS_ADMIN=45707, RATIS_SERVER=45707, STANDALONE=39579], networkLocation: /default-rack, certSerialId: null, persistedOpState: IN_SERVICE, persistedOpStateExpiryEpochSec: 0}036f6f39-f91a-40c8-a1f5-620aa24a6690{ip: 10.1.0.33, host: fv-az334-552.zg0gw54pbdoexfhqlmz30d51na.gx.internal.cloudapp.net, ports: [REPLICATION=36557, RATIS=37265, RATIS_ADMIN=37265, RATIS_SERVER=37265, STANDALONE=38797], networkLocation: /default-rack, certSerialId: null, persistedOpState: IN_SERVICE, persistedOpStateExpiryEpochSec: 0}, ReplicationConfig: RATIS/THREE, State:OPEN, leaderId:52da76b7-c1ad-453e-bf88-2b0b77429b8d, CreationTimestamp2022-11-14T01:05:34.151Z[Etc/UTC]] moved to CLOSED state
2022-11-14 01:05:46,790 [Listener at 127.0.0.1/43083] INFO  pipeline.RatisPipelineProvider (RatisPipelineProvider.java:lambda$close$1(244)) - Send pipeline:PipelineID=3345ad03-93cf-403e-a863-1579ab3ea12e close command to datanode 0fc4731f-baaf-4631-bdc3-d8623c212dbb
2022-11-14 01:05:46,790 [Listener at 127.0.0.1/43083] INFO  pipeline.RatisPipelineProvider (RatisPipelineProvider.java:lambda$close$1(244)) - Send pipeline:PipelineID=3345ad03-93cf-403e-a863-1579ab3ea12e close command to datanode 52da76b7-c1ad-453e-bf88-2b0b77429b8d
2022-11-14 01:05:46,790 [Listener at 127.0.0.1/43083] INFO  pipeline.RatisPipelineProvider (RatisPipelineProvider.java:lambda$close$1(244)) - Send pipeline:PipelineID=3345ad03-93cf-403e-a863-1579ab3ea12e close command to datanode 036f6f39-f91a-40c8-a1f5-620aa24a6690
2022-11-14 01:05:46,791 [Listener at 127.0.0.1/43083] INFO  pipeline.PipelineStateManagerImpl (PipelineStateManagerImpl.java:removePipeline(245)) - Pipeline Pipeline[ Id: 3345ad03-93cf-403e-a863-1579ab3ea12e, Nodes: 0fc4731f-baaf-4631-bdc3-d8623c212dbb{ip: 10.1.0.33, host: fv-az334-552.zg0gw54pbdoexfhqlmz30d51na.gx.internal.cloudapp.net, ports: [REPLICATION=41983, RATIS=44873, RATIS_ADMIN=44873, RATIS_SERVER=44873, STANDALONE=39705], networkLocation: /default-rack, certSerialId: null, persistedOpState: IN_SERVICE, persistedOpStateExpiryEpochSec: 0}52da76b7-c1ad-453e-bf88-2b0b77429b8d{ip: 10.1.0.33, host: fv-az334-552.zg0gw54pbdoexfhqlmz30d51na.gx.internal.cloudapp.net, ports: [REPLICATION=36681, RATIS=45707, RATIS_ADMIN=45707, RATIS_SERVER=45707, STANDALONE=39579], networkLocation: /default-rack, certSerialId: null, persistedOpState: IN_SERVICE, persistedOpStateExpiryEpochSec: 0}036f6f39-f91a-40c8-a1f5-620aa24a6690{ip: 10.1.0.33, host: fv-az334-552.zg0gw54pbdoexfhqlmz30d51na.gx.internal.cloudapp.net, ports: [REPLICATION=36557, RATIS=37265, RATIS_ADMIN=37265, RATIS_SERVER=37265, STANDALONE=38797], networkLocation: /default-rack, certSerialId: null, persistedOpState: IN_SERVICE, persistedOpStateExpiryEpochSec: 0}, ReplicationConfig: RATIS/THREE, State:CLOSED, leaderId:52da76b7-c1ad-453e-bf88-2b0b77429b8d, CreationTimestamp2022-11-14T01:05:34.151Z[Etc/UTC]] removed.
2022-11-14 01:05:46,791 [52da76b7-c1ad-453e-bf88-2b0b77429b8d@group-1579AB3EA12E-LeaderElection35] INFO  server.RaftServerConfigKeys (ConfUtils.java:logGet(46)) - raft.server.log.appender.snapshot.chunk.size.max = 16MB (=16777216) (default)
2022-11-14 01:05:46,791 [036f6f39-f91a-40c8-a1f5-620aa24a6690@group-1579AB3EA12E-FollowerState] INFO  server.RaftServerConfigKeys (ConfUtils.java:logFallback(53)) - raft.server.rpc.first-election.timeout.max = 5200ms (fallback to raft.server.rpc.timeout.max)
2022-11-14 01:05:46,791 [52da76b7-c1ad-453e-bf88-2b0b77429b8d@group-1579AB3EA12E-LeaderElection35] INFO  server.RaftServerConfigKeys (ConfUtils.java:logGet(46)) - raft.server.log.appender.buffer.byte-limit = 33554432 (custom)
2022-11-14 01:05:46,791 [52da76b7-c1ad-453e-bf88-2b0b77429b8d@group-1579AB3EA12E-LeaderElection35] INFO  server.RaftServerConfigKeys (ConfUtils.java:logGet(46)) - raft.server.log.appender.buffer.element-limit = 1 (custom)
2022-11-14 01:05:46,791 [52da76b7-c1ad-453e-bf88-2b0b77429b8d@group-1579AB3EA12E-LeaderElection35] INFO  grpc.GrpcConfigKeys (ConfUtils.java:logGet(46)) - raft.grpc.server.leader.outstanding.appends.max = 128 (default)
2022-11-14 01:05:46,791 [52da76b7-c1ad-453e-bf88-2b0b77429b8d@group-1579AB3EA12E-LeaderElection35] INFO  server.RaftServerConfigKeys (ConfUtils.java:logGet(46)) - raft.server.rpc.request.timeout = 60s (custom)
2022-11-14 01:05:46,791 [52da76b7-c1ad-453e-bf88-2b0b77429b8d@group-1579AB3EA12E-LeaderElection35] INFO  server.RaftServerConfigKeys (ConfUtils.java:logGet(46)) - raft.server.log.appender.install.snapshot.enabled = false (custom)
2022-11-14 01:05:46,791 [52da76b7-c1ad-453e-bf88-2b0b77429b8d@group-1579AB3EA12E-LeaderElection35] INFO  grpc.GrpcConfigKeys (ConfUtils.java:logGet(46)) - raft.grpc.server.heartbeat.channel = true (default)
2022-11-14 01:05:46,791 [52da76b7-c1ad-453e-bf88-2b0b77429b8d@group-1579AB3EA12E-LeaderElection35] INFO  server.RaftServerConfigKeys (ConfUtils.java:logGet(46)) - raft.server.log.appender.wait-time.min = 10ms (default)
2022-11-14 01:05:46,792 [52da76b7-c1ad-453e-bf88-2b0b77429b8d@group-1579AB3EA12E-LeaderElection35] INFO  impl.RoleInfo (RoleInfo.java:updateAndGet(139)) - 52da76b7-c1ad-453e-bf88-2b0b77429b8d: start 52da76b7-c1ad-453e-bf88-2b0b77429b8d@group-1579AB3EA12E-LeaderStateImpl
2022-11-14 01:05:46,792 [52da76b7-c1ad-453e-bf88-2b0b77429b8d@group-1579AB3EA12E-LeaderElection35] INFO  segmented.SegmentedRaftLogWorker (SegmentedRaftLogWorker.java:startLogSegment(452)) - 52da76b7-c1ad-453e-bf88-2b0b77429b8d@group-1579AB3EA12E-SegmentedRaftLogWorker: Starting segment from index:0
2022-11-14 01:05:46,795 [52da76b7-c1ad-453e-bf88-2b0b77429b8d@group-1579AB3EA12E-LeaderElection35] INFO  server.RaftServer$Division (ServerState.java:setRaftConf(430)) - 52da76b7-c1ad-453e-bf88-2b0b77429b8d@group-1579AB3EA12E: set configuration 0: peers:[52da76b7-c1ad-453e-bf88-2b0b77429b8d|rpc:10.1.0.33:45707|dataStream:|priority:1|startupRole:FOLLOWER, 036f6f39-f91a-40c8-a1f5-620aa24a6690|rpc:10.1.0.33:37265|dataStream:|priority:0|startupRole:FOLLOWER, 0fc4731f-baaf-4631-bdc3-d8623c212dbb|rpc:10.1.0.33:44873|dataStream:|priority:0|startupRole:FOLLOWER]|listeners:[], old=null
2022-11-14 01:05:46,797 [52da76b7-c1ad-453e-bf88-2b0b77429b8d@group-1579AB3EA12E-SegmentedRaftLogWorker] INFO  segmented.SegmentedRaftLogWorker (SegmentedRaftLogWorker.java:execute(656)) - 52da76b7-c1ad-453e-bf88-2b0b77429b8d@group-1579AB3EA12E-SegmentedRaftLogWorker: created new log segment /home/runner/work/ozone/ozone/hadoop-ozone/integration-test/target/test-dir/MiniOzoneClusterImpl-533bbe47-9fe4-4f83-8a40-bf54ddc9168f/datanode-1/data/ratis/3345ad03-93cf-403e-a863-1579ab3ea12e/current/log_inprogress_0
2022-11-14 01:05:46,817 [0fc4731f-baaf-4631-bdc3-d8623c212dbb-server-thread1] INFO  ratis.XceiverServerRatis (XceiverServerRatis.java:handleLeaderChangedNotification(863)) - Leader change notification received for group: group-1579AB3EA12E with new leaderId: 52da76b7-c1ad-453e-bf88-2b0b77429b8d
2022-11-14 01:05:46,817 [0fc4731f-baaf-4631-bdc3-d8623c212dbb-server-thread1] INFO  server.RaftServer$Division (ServerState.java:setLeader(313)) - 0fc4731f-baaf-4631-bdc3-d8623c212dbb@group-1579AB3EA12E: change Leader from null to 52da76b7-c1ad-453e-bf88-2b0b77429b8d at term 2 for appendEntries, leader elected after 10181ms
2022-11-14 01:05:46,820 [036f6f39-f91a-40c8-a1f5-620aa24a6690-server-thread1] INFO  ratis.XceiverServerRatis (XceiverServerRatis.java:handleLeaderChangedNotification(863)) - Leader change notification received for group: group-1579AB3EA12E with new leaderId: 52da76b7-c1ad-453e-bf88-2b0b77429b8d
2022-11-14 01:05:46,820 [036f6f39-f91a-40c8-a1f5-620aa24a6690-server-thread1] INFO  server.RaftServer$Division (ServerState.java:setLeader(313)) - 036f6f39-f91a-40c8-a1f5-620aa24a6690@group-1579AB3EA12E: change Leader from null to 52da76b7-c1ad-453e-bf88-2b0b77429b8d at term 2 for appendEntries, leader elected after 10130ms
2022-11-14 01:05:46,821 [036f6f39-f91a-40c8-a1f5-620aa24a6690-server-thread2] INFO  server.RaftServer$Division (ServerState.java:setRaftConf(430)) - 036f6f39-f91a-40c8-a1f5-620aa24a6690@group-1579AB3EA12E: set configuration 0: peers:[52da76b7-c1ad-453e-bf88-2b0b77429b8d|rpc:10.1.0.33:45707|dataStream:|priority:1|startupRole:FOLLOWER, 036f6f39-f91a-40c8-a1f5-620aa24a6690|rpc:10.1.0.33:37265|dataStream:|priority:0|startupRole:FOLLOWER, 0fc4731f-baaf-4631-bdc3-d8623c212dbb|rpc:10.1.0.33:44873|dataStream:|priority:0|startupRole:FOLLOWER]|listeners:[], old=null
2022-11-14 01:05:46,821 [036f6f39-f91a-40c8-a1f5-620aa24a6690-server-thread2] INFO  segmented.SegmentedRaftLogWorker (SegmentedRaftLogWorker.java:startLogSegment(452)) - 036f6f39-f91a-40c8-a1f5-620aa24a6690@group-1579AB3EA12E-SegmentedRaftLogWorker: Starting segment from index:0
2022-11-14 01:05:46,822 [0fc4731f-baaf-4631-bdc3-d8623c212dbb-server-thread2] INFO  server.RaftServer$Division (ServerState.java:setRaftConf(430)) - 0fc4731f-baaf-4631-bdc3-d8623c212dbb@group-1579AB3EA12E: set configuration 0: peers:[52da76b7-c1ad-453e-bf88-2b0b77429b8d|rpc:10.1.0.33:45707|dataStream:|priority:1|startupRole:FOLLOWER, 036f6f39-f91a-40c8-a1f5-620aa24a6690|rpc:10.1.0.33:37265|dataStream:|priority:0|startupRole:FOLLOWER, 0fc4731f-baaf-4631-bdc3-d8623c212dbb|rpc:10.1.0.33:44873|dataStream:|priority:0|startupRole:FOLLOWER]|listeners:[], old=null
2022-11-14 01:05:46,823 [0fc4731f-baaf-4631-bdc3-d8623c212dbb-server-thread2] INFO  segmented.SegmentedRaftLogWorker (SegmentedRaftLogWorker.java:startLogSegment(452)) - 0fc4731f-baaf-4631-bdc3-d8623c212dbb@group-1579AB3EA12E-SegmentedRaftLogWorker: Starting segment from index:0
2022-11-14 01:05:46,824 [0fc4731f-baaf-4631-bdc3-d8623c212dbb@group-1579AB3EA12E-SegmentedRaftLogWorker] INFO  segmented.SegmentedRaftLogWorker (SegmentedRaftLogWorker.java:execute(656)) - 0fc4731f-baaf-4631-bdc3-d8623c212dbb@group-1579AB3EA12E-SegmentedRaftLogWorker: created new log segment /home/runner/work/ozone/ozone/hadoop-ozone/integration-test/target/test-dir/MiniOzoneClusterImpl-533bbe47-9fe4-4f83-8a40-bf54ddc9168f/datanode-0/data/ratis/3345ad03-93cf-403e-a863-1579ab3ea12e/current/log_inprogress_0
2022-11-14 01:05:46,829 [036f6f39-f91a-40c8-a1f5-620aa24a6690@group-1579AB3EA12E-SegmentedRaftLogWorker] INFO  segmented.SegmentedRaftLogWorker (SegmentedRaftLogWorker.java:execute(656)) - 036f6f39-f91a-40c8-a1f5-620aa24a6690@group-1579AB3EA12E-SegmentedRaftLogWorker: created new log segment /home/runner/work/ozone/ozone/hadoop-ozone/integration-test/target/test-dir/MiniOzoneClusterImpl-533bbe47-9fe4-4f83-8a40-bf54ddc9168f/datanode-2/data/ratis/3345ad03-93cf-403e-a863-1579ab3ea12e/current/log_inprogress_0
2022-11-14 01:05:47,709 [e47c0d7c-1c57-43cf-a038-4c1ee28029c6@group-E7106E4C0F9A-FollowerState] INFO  impl.FollowerState (FollowerState.java:run(143)) - e47c0d7c-1c57-43cf-a038-4c1ee28029c6@group-E7106E4C0F9A-FollowerState: change to CANDIDATE, lastRpcElapsedTime:5033683384ns, electionTimeout:5025ms
2022-11-14 01:05:47,710 [e47c0d7c-1c57-43cf-a038-4c1ee28029c6@group-E7106E4C0F9A-FollowerState] INFO  impl.RoleInfo (RoleInfo.java:shutdownFollowerState(110)) - e47c0d7c-1c57-43cf-a038-4c1ee28029c6: shutdown e47c0d7c-1c57-43cf-a038-4c1ee28029c6@group-E7106E4C0F9A-FollowerState
2022-11-14 01:05:47,710 [e47c0d7c-1c57-43cf-a038-4c1ee28029c6@group-E7106E4C0F9A-FollowerState] INFO  server.RaftServer$Division (RaftServerImpl.java:setRole(321)) - e47c0d7c-1c57-43cf-a038-4c1ee28029c6@group-E7106E4C0F9A: changes role from  FOLLOWER to CANDIDATE at term 1 for changeToCandidate
2022-11-14 01:05:47,710 [e47c0d7c-1c57-43cf-a038-4c1ee28029c6@group-E7106E4C0F9A-FollowerState] INFO  server.RaftServerConfigKeys (ConfUtils.java:logGet(46)) - raft.server.leaderelection.pre-vote = false (custom)
2022-11-14 01:05:47,710 [e47c0d7c-1c57-43cf-a038-4c1ee28029c6@group-E7106E4C0F9A-FollowerState] INFO  impl.RoleInfo (RoleInfo.java:updateAndGet(139)) - e47c0d7c-1c57-43cf-a038-4c1ee28029c6: start e47c0d7c-1c57-43cf-a038-4c1ee28029c6@group-E7106E4C0F9A-LeaderElection36
2022-11-14 01:05:47,713 [e47c0d7c-1c57-43cf-a038-4c1ee28029c6@group-E7106E4C0F9A-LeaderElection36] INFO  impl.LeaderElection (LeaderElection.java:askForVotes(312)) - e47c0d7c-1c57-43cf-a038-4c1ee28029c6@group-E7106E4C0F9A-LeaderElection36 ELECTION round 0: submit vote requests at term 2 for -1: peers:[e47c0d7c-1c57-43cf-a038-4c1ee28029c6|rpc:10.1.0.33:39237|dataStream:|priority:1|startupRole:FOLLOWER, 5580caa2-355e-4705-b703-b3b115bf5f47|rpc:10.1.0.33:42291|dataStream:|priority:0|startupRole:FOLLOWER, 0803b3f8-d7a7-4034-819c-d574a53cd8d2|rpc:10.1.0.33:46295|dataStream:|priority:0|startupRole:FOLLOWER]|listeners:[], old=null
2022-11-14 01:05:47,713 [e47c0d7c-1c57-43cf-a038-4c1ee28029c6@group-E7106E4C0F9A-LeaderElection36-1] INFO  server.GrpcServerProtocolClient (GrpcServerProtocolClient.java:<init>(63)) - Build channel for 5580caa2-355e-4705-b703-b3b115bf5f47
2022-11-14 01:05:47,715 [e47c0d7c-1c57-43cf-a038-4c1ee28029c6@group-E7106E4C0F9A-LeaderElection36] INFO  server.RaftServerConfigKeys (ConfUtils.java:logFallback(53)) - raft.server.rpc.first-election.timeout.min = 5s (fallback to raft.server.rpc.timeout.min)
2022-11-14 01:05:47,715 [e47c0d7c-1c57-43cf-a038-4c1ee28029c6@group-E7106E4C0F9A-LeaderElection36] INFO  server.RaftServerConfigKeys (ConfUtils.java:logFallback(53)) - raft.server.rpc.first-election.timeout.max = 5200ms (fallback to raft.server.rpc.timeout.max)
2022-11-14 01:05:47,715 [e47c0d7c-1c57-43cf-a038-4c1ee28029c6@group-E7106E4C0F9A-LeaderElection36-2] INFO  server.GrpcServerProtocolClient (GrpcServerProtocolClient.java:<init>(63)) - Build channel for 0803b3f8-d7a7-4034-819c-d574a53cd8d2
2022-11-14 01:05:47,720 [grpc-default-executor-4] INFO  server.RaftServer$Division (RaftServerImpl.java:requestVote(1218)) - 5580caa2-355e-4705-b703-b3b115bf5f47@group-E7106E4C0F9A: receive requestVote(ELECTION, e47c0d7c-1c57-43cf-a038-4c1ee28029c6, group-E7106E4C0F9A, 2, (t:0, i:0))
2022-11-14 01:05:47,720 [grpc-default-executor-4] INFO  impl.VoteContext (VoteContext.java:log(48)) - 5580caa2-355e-4705-b703-b3b115bf5f47@group-E7106E4C0F9A-FOLLOWER: accept ELECTION from e47c0d7c-1c57-43cf-a038-4c1ee28029c6: our priority 0 <= candidate's priority 1
2022-11-14 01:05:47,720 [grpc-default-executor-4] INFO  server.RaftServer$Division (RaftServerImpl.java:setRole(321)) - 5580caa2-355e-4705-b703-b3b115bf5f47@group-E7106E4C0F9A: changes role from  FOLLOWER to FOLLOWER at term 2 for candidate:e47c0d7c-1c57-43cf-a038-4c1ee28029c6
2022-11-14 01:05:47,720 [grpc-default-executor-4] INFO  impl.RoleInfo (RoleInfo.java:shutdownFollowerState(110)) - 5580caa2-355e-4705-b703-b3b115bf5f47: shutdown 5580caa2-355e-4705-b703-b3b115bf5f47@group-E7106E4C0F9A-FollowerState
2022-11-14 01:05:47,720 [grpc-default-executor-4] INFO  impl.RoleInfo (RoleInfo.java:updateAndGet(139)) - 5580caa2-355e-4705-b703-b3b115bf5f47: start 5580caa2-355e-4705-b703-b3b115bf5f47@group-E7106E4C0F9A-FollowerState
2022-11-14 01:05:47,720 [5580caa2-355e-4705-b703-b3b115bf5f47@group-E7106E4C0F9A-FollowerState] INFO  impl.FollowerState (FollowerState.java:run(152)) - 5580caa2-355e-4705-b703-b3b115bf5f47@group-E7106E4C0F9A-FollowerState was interrupted
2022-11-14 01:05:47,724 [grpc-default-executor-4] INFO  server.RaftServer$Division (RaftServerImpl.java:requestVote(1251)) - 5580caa2-355e-4705-b703-b3b115bf5f47@group-E7106E4C0F9A replies to ELECTION vote request: e47c0d7c-1c57-43cf-a038-4c1ee28029c6<-5580caa2-355e-4705-b703-b3b115bf5f47#0:OK-t2. Peer's state: 5580caa2-355e-4705-b703-b3b115bf5f47@group-E7106E4C0F9A:t2, leader=null, voted=e47c0d7c-1c57-43cf-a038-4c1ee28029c6, raftlog=Memoized:5580caa2-355e-4705-b703-b3b115bf5f47@group-E7106E4C0F9A-SegmentedRaftLog:OPENED:c-1, conf=-1: peers:[e47c0d7c-1c57-43cf-a038-4c1ee28029c6|rpc:10.1.0.33:39237|priority:1|startupRole:FOLLOWER, 5580caa2-355e-4705-b703-b3b115bf5f47|rpc:10.1.0.33:42291|priority:0|startupRole:FOLLOWER, 0803b3f8-d7a7-4034-819c-d574a53cd8d2|rpc:10.1.0.33:46295|priority:0|startupRole:FOLLOWER]|listeners:[], old=null
2022-11-14 01:05:47,724 [5580caa2-355e-4705-b703-b3b115bf5f47@group-E7106E4C0F9A-FollowerState] INFO  server.RaftServerConfigKeys (ConfUtils.java:logFallback(53)) - raft.server.rpc.first-election.timeout.min = 5s (fallback to raft.server.rpc.timeout.min)
2022-11-14 01:05:47,725 [e47c0d7c-1c57-43cf-a038-4c1ee28029c6@group-E7106E4C0F9A-LeaderElection36] INFO  impl.LeaderElection (LeaderElection.java:logAndReturn(90)) - e47c0d7c-1c57-43cf-a038-4c1ee28029c6@group-E7106E4C0F9A-LeaderElection36: ELECTION PASSED received 1 response(s) and 0 exception(s):
2022-11-14 01:05:47,725 [e47c0d7c-1c57-43cf-a038-4c1ee28029c6@group-E7106E4C0F9A-LeaderElection36] INFO  impl.LeaderElection (LeaderElection.java:logAndReturn(94)) -   Response 0: e47c0d7c-1c57-43cf-a038-4c1ee28029c6<-5580caa2-355e-4705-b703-b3b115bf5f47#0:OK-t2
2022-11-14 01:05:47,726 [e47c0d7c-1c57-43cf-a038-4c1ee28029c6@group-E7106E4C0F9A-LeaderElection36] INFO  impl.LeaderElection (LeaderElection.java:askForVotes(314)) - e47c0d7c-1c57-43cf-a038-4c1ee28029c6@group-E7106E4C0F9A-LeaderElection36 ELECTION round 0: result PASSED
2022-11-14 01:05:47,726 [e47c0d7c-1c57-43cf-a038-4c1ee28029c6@group-E7106E4C0F9A-LeaderElection36] INFO  impl.RoleInfo (RoleInfo.java:shutdownLeaderElection(130)) - e47c0d7c-1c57-43cf-a038-4c1ee28029c6: shutdown e47c0d7c-1c57-43cf-a038-4c1ee28029c6@group-E7106E4C0F9A-LeaderElection36
2022-11-14 01:05:47,726 [e47c0d7c-1c57-43cf-a038-4c1ee28029c6@group-E7106E4C0F9A-LeaderElection36] INFO  server.RaftServer$Division (RaftServerImpl.java:setRole(321)) - e47c0d7c-1c57-43cf-a038-4c1ee28029c6@group-E7106E4C0F9A: changes role from CANDIDATE to LEADER at term 2 for changeToLeader
2022-11-14 01:05:47,726 [e47c0d7c-1c57-43cf-a038-4c1ee28029c6@group-E7106E4C0F9A-LeaderElection36] INFO  ratis.XceiverServerRatis (XceiverServerRatis.java:handleLeaderChangedNotification(863)) - Leader change notification received for group: group-E7106E4C0F9A with new leaderId: e47c0d7c-1c57-43cf-a038-4c1ee28029c6
2022-11-14 01:05:47,726 [e47c0d7c-1c57-43cf-a038-4c1ee28029c6@group-E7106E4C0F9A-LeaderElection36] INFO  server.RaftServer$Division (ServerState.java:setLeader(313)) - e47c0d7c-1c57-43cf-a038-4c1ee28029c6@group-E7106E4C0F9A: change Leader from null to e47c0d7c-1c57-43cf-a038-4c1ee28029c6 at term 2 for becomeLeader, leader elected after 10095ms
2022-11-14 01:05:47,726 [e47c0d7c-1c57-43cf-a038-4c1ee28029c6@group-E7106E4C0F9A-LeaderElection36] INFO  server.RaftServerConfigKeys (ConfUtils.java:logGet(46)) - raft.server.staging.catchup.gap = 1000 (default)
2022-11-14 01:05:47,726 [e47c0d7c-1c57-43cf-a038-4c1ee28029c6@group-E7106E4C0F9A-LeaderElection36] INFO  server.RaftServerConfigKeys (ConfUtils.java:logGet(46)) - raft.server.write.element-limit = 1024 (custom)
2022-11-14 01:05:47,726 [e47c0d7c-1c57-43cf-a038-4c1ee28029c6@group-E7106E4C0F9A-LeaderElection36] INFO  server.RaftServerConfigKeys (ConfUtils.java:logGet(46)) - raft.server.write.byte-limit = 1024 M (=1073741824) (custom)
2022-11-14 01:05:47,726 [e47c0d7c-1c57-43cf-a038-4c1ee28029c6@group-E7106E4C0F9A-LeaderElection36] INFO  server.RaftServerConfigKeys (ConfUtils.java:logGet(46)) - raft.server.watch.timeout = 180s (custom)
2022-11-14 01:05:47,726 [e47c0d7c-1c57-43cf-a038-4c1ee28029c6@group-E7106E4C0F9A-LeaderElection36] INFO  server.RaftServerConfigKeys (ConfUtils.java:logGet(46)) - raft.server.watch.timeout.denomination = 1s (default)
2022-11-14 01:05:47,726 [e47c0d7c-1c57-43cf-a038-4c1ee28029c6@group-E7106E4C0F9A-LeaderElection36] INFO  server.RaftServerConfigKeys (ConfUtils.java:logGet(46)) - raft.server.watch.element-limit = 65536 (default)
2022-11-14 01:05:47,726 [e47c0d7c-1c57-43cf-a038-4c1ee28029c6@group-E7106E4C0F9A-LeaderElection36] INFO  server.RaftServerConfigKeys (ConfUtils.java:logGet(46)) - raft.server.write.element-limit = 1024 (custom)
2022-11-14 01:05:47,727 [e47c0d7c-1c57-43cf-a038-4c1ee28029c6@group-E7106E4C0F9A-LeaderElection36] INFO  server.RaftServerConfigKeys (ConfUtils.java:logGet(46)) - raft.server.write.follower.gap.ratio.max = -1.0 (default)
2022-11-14 01:05:47,728 [e47c0d7c-1c57-43cf-a038-4c1ee28029c6@group-E7106E4C0F9A-LeaderElection36] INFO  server.RaftServerConfigKeys (ConfUtils.java:logGet(46)) - raft.server.log.appender.snapshot.chunk.size.max = 16MB (=16777216) (default)
2022-11-14 01:05:47,728 [e47c0d7c-1c57-43cf-a038-4c1ee28029c6@group-E7106E4C0F9A-LeaderElection36] INFO  server.RaftServerConfigKeys (ConfUtils.java:logGet(46)) - raft.server.log.appender.buffer.byte-limit = 33554432 (custom)
2022-11-14 01:05:47,728 [e47c0d7c-1c57-43cf-a038-4c1ee28029c6@group-E7106E4C0F9A-LeaderElection36] INFO  server.RaftServerConfigKeys (ConfUtils.java:logGet(46)) - raft.server.log.appender.buffer.element-limit = 1 (custom)
2022-11-14 01:05:47,729 [e47c0d7c-1c57-43cf-a038-4c1ee28029c6@group-E7106E4C0F9A-LeaderElection36] INFO  grpc.GrpcConfigKeys (ConfUtils.java:logGet(46)) - raft.grpc.server.leader.outstanding.appends.max = 128 (default)
2022-11-14 01:05:47,729 [e47c0d7c-1c57-43cf-a038-4c1ee28029c6@group-E7106E4C0F9A-LeaderElection36] INFO  server.RaftServerConfigKeys (ConfUtils.java:logGet(46)) - raft.server.rpc.request.timeout = 60s (custom)
2022-11-14 01:05:47,729 [e47c0d7c-1c57-43cf-a038-4c1ee28029c6@group-E7106E4C0F9A-LeaderElection36] INFO  server.RaftServerConfigKeys (ConfUtils.java:logGet(46)) - raft.server.log.appender.install.snapshot.enabled = false (custom)
2022-11-14 01:05:47,729 [e47c0d7c-1c57-43cf-a038-4c1ee28029c6@group-E7106E4C0F9A-LeaderElection36] INFO  grpc.GrpcConfigKeys (ConfUtils.java:logGet(46)) - raft.grpc.server.heartbeat.channel = true (default)
2022-11-14 01:05:47,729 [e47c0d7c-1c57-43cf-a038-4c1ee28029c6@group-E7106E4C0F9A-LeaderElection36] INFO  server.RaftServerConfigKeys (ConfUtils.java:logGet(46)) - raft.server.log.appender.wait-time.min = 10ms (default)
2022-11-14 01:05:47,731 [EventQueue-PipelineReportForPipelineReportHandler] INFO  pipeline.PipelineReportHandler (PipelineReportHandler.java:processPipelineReport(115)) - Reported pipeline PipelineID=3c4ef238-3691-492e-9e84-5e32bc8487e9 is not found
2022-11-14 01:05:47,731 [EventQueue-PipelineReportForPipelineReportHandler] INFO  pipeline.PipelineManagerImpl (PipelineManagerImpl.java:openPipeline(367)) - Pipeline Pipeline[ Id: 79432587-0e7b-4106-a466-e7106e4c0f9a, Nodes: 0803b3f8-d7a7-4034-819c-d574a53cd8d2{ip: 10.1.0.33, host: fv-az334-552.zg0gw54pbdoexfhqlmz30d51na.gx.internal.cloudapp.net, ports: [REPLICATION=46733, RATIS=46295, RATIS_ADMIN=46295, RATIS_SERVER=46295, STANDALONE=46387], networkLocation: /default-rack, certSerialId: null, persistedOpState: IN_SERVICE, persistedOpStateExpiryEpochSec: 0}e47c0d7c-1c57-43cf-a038-4c1ee28029c6{ip: 10.1.0.33, host: fv-az334-552.zg0gw54pbdoexfhqlmz30d51na.gx.internal.cloudapp.net, ports: [REPLICATION=39295, RATIS=39237, RATIS_ADMIN=39237, RATIS_SERVER=39237, STANDALONE=37461], networkLocation: /default-rack, certSerialId: null, persistedOpState: IN_SERVICE, persistedOpStateExpiryEpochSec: 0}5580caa2-355e-4705-b703-b3b115bf5f47{ip: 10.1.0.33, host: fv-az334-552.zg0gw54pbdoexfhqlmz30d51na.gx.internal.cloudapp.net, ports: [REPLICATION=38899, RATIS=42291, RATIS_ADMIN=42291, RATIS_SERVER=42291, STANDALONE=41959], networkLocation: /default-rack, certSerialId: null, persistedOpState: IN_SERVICE, persistedOpStateExpiryEpochSec: 0}, ReplicationConfig: RATIS/THREE, State:ALLOCATED, leaderId:e47c0d7c-1c57-43cf-a038-4c1ee28029c6, CreationTimestamp2022-11-14T01:05:35.085Z[Etc/UTC]] moved to OPEN state
2022-11-14 01:05:47,732 [e47c0d7c-1c57-43cf-a038-4c1ee28029c6@group-E7106E4C0F9A-LeaderElection36] INFO  server.RaftServerConfigKeys (ConfUtils.java:logGet(46)) - raft.server.log.appender.snapshot.chunk.size.max = 16MB (=16777216) (default)
2022-11-14 01:05:47,732 [e47c0d7c-1c57-43cf-a038-4c1ee28029c6@group-E7106E4C0F9A-LeaderElection36] INFO  server.RaftServerConfigKeys (ConfUtils.java:logGet(46)) - raft.server.log.appender.buffer.byte-limit = 33554432 (custom)
2022-11-14 01:05:47,732 [e47c0d7c-1c57-43cf-a038-4c1ee28029c6@group-E7106E4C0F9A-LeaderElection36] INFO  server.RaftServerConfigKeys (ConfUtils.java:logGet(46)) - raft.server.log.appender.buffer.element-limit = 1 (custom)
2022-11-14 01:05:47,732 [e47c0d7c-1c57-43cf-a038-4c1ee28029c6@group-E7106E4C0F9A-LeaderElection36] INFO  grpc.GrpcConfigKeys (ConfUtils.java:logGet(46)) - raft.grpc.server.leader.outstanding.appends.max = 128 (default)
2022-11-14 01:05:47,732 [e47c0d7c-1c57-43cf-a038-4c1ee28029c6@group-E7106E4C0F9A-LeaderElection36] INFO  server.RaftServerConfigKeys (ConfUtils.java:logGet(46)) - raft.server.rpc.request.timeout = 60s (custom)
2022-11-14 01:05:47,732 [e47c0d7c-1c57-43cf-a038-4c1ee28029c6@group-E7106E4C0F9A-LeaderElection36] INFO  server.RaftServerConfigKeys (ConfUtils.java:logGet(46)) - raft.server.log.appender.install.snapshot.enabled = false (custom)
2022-11-14 01:05:47,732 [e47c0d7c-1c57-43cf-a038-4c1ee28029c6@group-E7106E4C0F9A-LeaderElection36] INFO  grpc.GrpcConfigKeys (ConfUtils.java:logGet(46)) - raft.grpc.server.heartbeat.channel = true (default)
2022-11-14 01:05:47,732 [e47c0d7c-1c57-43cf-a038-4c1ee28029c6@group-E7106E4C0F9A-LeaderElection36] INFO  server.RaftServerConfigKeys (ConfUtils.java:logGet(46)) - raft.server.log.appender.wait-time.min = 10ms (default)
2022-11-14 01:05:47,733 [e47c0d7c-1c57-43cf-a038-4c1ee28029c6@group-E7106E4C0F9A-LeaderElection36] INFO  impl.RoleInfo (RoleInfo.java:updateAndGet(139)) - e47c0d7c-1c57-43cf-a038-4c1ee28029c6: start e47c0d7c-1c57-43cf-a038-4c1ee28029c6@group-E7106E4C0F9A-LeaderStateImpl
2022-11-14 01:05:47,733 [e47c0d7c-1c57-43cf-a038-4c1ee28029c6@group-E7106E4C0F9A-LeaderElection36] INFO  segmented.SegmentedRaftLogWorker (SegmentedRaftLogWorker.java:startLogSegment(452)) - e47c0d7c-1c57-43cf-a038-4c1ee28029c6@group-E7106E4C0F9A-SegmentedRaftLogWorker: Starting segment from index:0
2022-11-14 01:05:47,734 [e47c0d7c-1c57-43cf-a038-4c1ee28029c6@group-E7106E4C0F9A-SegmentedRaftLogWorker] INFO  segmented.SegmentedRaftLogWorker (SegmentedRaftLogWorker.java:execute(656)) - e47c0d7c-1c57-43cf-a038-4c1ee28029c6@group-E7106E4C0F9A-SegmentedRaftLogWorker: created new log segment /home/runner/work/ozone/ozone/hadoop-ozone/integration-test/target/test-dir/MiniOzoneClusterImpl-533bbe47-9fe4-4f83-8a40-bf54ddc9168f/datanode-5/data/ratis/79432587-0e7b-4106-a466-e7106e4c0f9a/current/log_inprogress_0
2022-11-14 01:05:47,736 [grpc-default-executor-4] INFO  server.RaftServer$Division (RaftServerImpl.java:requestVote(1218)) - 0803b3f8-d7a7-4034-819c-d574a53cd8d2@group-E7106E4C0F9A: receive requestVote(ELECTION, e47c0d7c-1c57-43cf-a038-4c1ee28029c6, group-E7106E4C0F9A, 2, (t:0, i:0))
2022-11-14 01:05:47,736 [grpc-default-executor-4] INFO  impl.VoteContext (VoteContext.java:log(48)) - 0803b3f8-d7a7-4034-819c-d574a53cd8d2@group-E7106E4C0F9A-FOLLOWER: accept ELECTION from e47c0d7c-1c57-43cf-a038-4c1ee28029c6: our priority 0 <= candidate's priority 1
2022-11-14 01:05:47,736 [grpc-default-executor-4] INFO  server.RaftServer$Division (RaftServerImpl.java:setRole(321)) - 0803b3f8-d7a7-4034-819c-d574a53cd8d2@group-E7106E4C0F9A: changes role from  FOLLOWER to FOLLOWER at term 2 for candidate:e47c0d7c-1c57-43cf-a038-4c1ee28029c6
2022-11-14 01:05:47,736 [grpc-default-executor-4] INFO  impl.RoleInfo (RoleInfo.java:shutdownFollowerState(110)) - 0803b3f8-d7a7-4034-819c-d574a53cd8d2: shutdown 0803b3f8-d7a7-4034-819c-d574a53cd8d2@group-E7106E4C0F9A-FollowerState
2022-11-14 01:05:47,736 [5580caa2-355e-4705-b703-b3b115bf5f47@group-E7106E4C0F9A-FollowerState] INFO  server.RaftServerConfigKeys (ConfUtils.java:logFallback(53)) - raft.server.rpc.first-election.timeout.max = 5200ms (fallback to raft.server.rpc.timeout.max)
2022-11-14 01:05:47,740 [grpc-default-executor-4] INFO  impl.RoleInfo (RoleInfo.java:updateAndGet(139)) - 0803b3f8-d7a7-4034-819c-d574a53cd8d2: start 0803b3f8-d7a7-4034-819c-d574a53cd8d2@group-E7106E4C0F9A-FollowerState
2022-11-14 01:05:47,740 [e47c0d7c-1c57-43cf-a038-4c1ee28029c6@group-E7106E4C0F9A-LeaderElection36] INFO  server.RaftServer$Division (ServerState.java:setRaftConf(430)) - e47c0d7c-1c57-43cf-a038-4c1ee28029c6@group-E7106E4C0F9A: set configuration 0: peers:[e47c0d7c-1c57-43cf-a038-4c1ee28029c6|rpc:10.1.0.33:39237|dataStream:|priority:1|startupRole:FOLLOWER, 5580caa2-355e-4705-b703-b3b115bf5f47|rpc:10.1.0.33:42291|dataStream:|priority:0|startupRole:FOLLOWER, 0803b3f8-d7a7-4034-819c-d574a53cd8d2|rpc:10.1.0.33:46295|dataStream:|priority:0|startupRole:FOLLOWER]|listeners:[], old=null
2022-11-14 01:05:47,740 [0803b3f8-d7a7-4034-819c-d574a53cd8d2@group-E7106E4C0F9A-FollowerState] INFO  impl.FollowerState (FollowerState.java:run(152)) - 0803b3f8-d7a7-4034-819c-d574a53cd8d2@group-E7106E4C0F9A-FollowerState was interrupted
2022-11-14 01:05:47,741 [grpc-default-executor-4] INFO  server.RaftServer$Division (RaftServerImpl.java:requestVote(1251)) - 0803b3f8-d7a7-4034-819c-d574a53cd8d2@group-E7106E4C0F9A replies to ELECTION vote request: e47c0d7c-1c57-43cf-a038-4c1ee28029c6<-0803b3f8-d7a7-4034-819c-d574a53cd8d2#0:OK-t2. Peer's state: 0803b3f8-d7a7-4034-819c-d574a53cd8d2@group-E7106E4C0F9A:t2, leader=null, voted=e47c0d7c-1c57-43cf-a038-4c1ee28029c6, raftlog=Memoized:0803b3f8-d7a7-4034-819c-d574a53cd8d2@group-E7106E4C0F9A-SegmentedRaftLog:OPENED:c-1, conf=-1: peers:[e47c0d7c-1c57-43cf-a038-4c1ee28029c6|rpc:10.1.0.33:39237|dataStream:|priority:1|startupRole:FOLLOWER, 5580caa2-355e-4705-b703-b3b115bf5f47|rpc:10.1.0.33:42291|dataStream:|priority:0|startupRole:FOLLOWER, 0803b3f8-d7a7-4034-819c-d574a53cd8d2|rpc:10.1.0.33:46295|dataStream:|priority:0|startupRole:FOLLOWER]|listeners:[], old=null
2022-11-14 01:05:47,743 [0803b3f8-d7a7-4034-819c-d574a53cd8d2@group-E7106E4C0F9A-FollowerState] INFO  server.RaftServerConfigKeys (ConfUtils.java:logFallback(53)) - raft.server.rpc.first-election.timeout.min = 5s (fallback to raft.server.rpc.timeout.min)
2022-11-14 01:05:47,743 [0803b3f8-d7a7-4034-819c-d574a53cd8d2@group-E7106E4C0F9A-FollowerState] INFO  server.RaftServerConfigKeys (ConfUtils.java:logFallback(53)) - raft.server.rpc.first-election.timeout.max = 5200ms (fallback to raft.server.rpc.timeout.max)
2022-11-14 01:05:47,750 [0803b3f8-d7a7-4034-819c-d574a53cd8d2-server-thread1] INFO  ratis.XceiverServerRatis (XceiverServerRatis.java:handleLeaderChangedNotification(863)) - Leader change notification received for group: group-E7106E4C0F9A with new leaderId: e47c0d7c-1c57-43cf-a038-4c1ee28029c6
2022-11-14 01:05:47,750 [0803b3f8-d7a7-4034-819c-d574a53cd8d2-server-thread1] INFO  server.RaftServer$Division (ServerState.java:setLeader(313)) - 0803b3f8-d7a7-4034-819c-d574a53cd8d2@group-E7106E4C0F9A: change Leader from null to e47c0d7c-1c57-43cf-a038-4c1ee28029c6 at term 2 for appendEntries, leader elected after 10156ms
2022-11-14 01:05:47,750 [5580caa2-355e-4705-b703-b3b115bf5f47-server-thread1] INFO  ratis.XceiverServerRatis (XceiverServerRatis.java:handleLeaderChangedNotification(863)) - Leader change notification received for group: group-E7106E4C0F9A with new leaderId: e47c0d7c-1c57-43cf-a038-4c1ee28029c6
2022-11-14 01:05:47,750 [5580caa2-355e-4705-b703-b3b115bf5f47-server-thread1] INFO  server.RaftServer$Division (ServerState.java:setLeader(313)) - 5580caa2-355e-4705-b703-b3b115bf5f47@group-E7106E4C0F9A: change Leader from null to e47c0d7c-1c57-43cf-a038-4c1ee28029c6 at term 2 for appendEntries, leader elected after 10173ms
2022-11-14 01:05:47,759 [0803b3f8-d7a7-4034-819c-d574a53cd8d2-server-thread1] INFO  server.RaftServer$Division (ServerState.java:setRaftConf(430)) - 0803b3f8-d7a7-4034-819c-d574a53cd8d2@group-E7106E4C0F9A: set configuration 0: peers:[e47c0d7c-1c57-43cf-a038-4c1ee28029c6|rpc:10.1.0.33:39237|dataStream:|priority:1|startupRole:FOLLOWER, 5580caa2-355e-4705-b703-b3b115bf5f47|rpc:10.1.0.33:42291|dataStream:|priority:0|startupRole:FOLLOWER, 0803b3f8-d7a7-4034-819c-d574a53cd8d2|rpc:10.1.0.33:46295|dataStream:|priority:0|startupRole:FOLLOWER]|listeners:[], old=null
2022-11-14 01:05:47,759 [0803b3f8-d7a7-4034-819c-d574a53cd8d2-server-thread1] INFO  segmented.SegmentedRaftLogWorker (SegmentedRaftLogWorker.java:startLogSegment(452)) - 0803b3f8-d7a7-4034-819c-d574a53cd8d2@group-E7106E4C0F9A-SegmentedRaftLogWorker: Starting segment from index:0
2022-11-14 01:05:47,759 [5580caa2-355e-4705-b703-b3b115bf5f47-server-thread1] INFO  server.RaftServer$Division (ServerState.java:setRaftConf(430)) - 5580caa2-355e-4705-b703-b3b115bf5f47@group-E7106E4C0F9A: set configuration 0: peers:[e47c0d7c-1c57-43cf-a038-4c1ee28029c6|rpc:10.1.0.33:39237|dataStream:|priority:1|startupRole:FOLLOWER, 5580caa2-355e-4705-b703-b3b115bf5f47|rpc:10.1.0.33:42291|dataStream:|priority:0|startupRole:FOLLOWER, 0803b3f8-d7a7-4034-819c-d574a53cd8d2|rpc:10.1.0.33:46295|dataStream:|priority:0|startupRole:FOLLOWER]|listeners:[], old=null
2022-11-14 01:05:47,760 [5580caa2-355e-4705-b703-b3b115bf5f47-server-thread1] INFO  segmented.SegmentedRaftLogWorker (SegmentedRaftLogWorker.java:startLogSegment(452)) - 5580caa2-355e-4705-b703-b3b115bf5f47@group-E7106E4C0F9A-SegmentedRaftLogWorker: Starting segment from index:0
2022-11-14 01:05:47,761 [0803b3f8-d7a7-4034-819c-d574a53cd8d2@group-E7106E4C0F9A-SegmentedRaftLogWorker] INFO  segmented.SegmentedRaftLogWorker (SegmentedRaftLogWorker.java:execute(656)) - 0803b3f8-d7a7-4034-819c-d574a53cd8d2@group-E7106E4C0F9A-SegmentedRaftLogWorker: created new log segment /home/runner/work/ozone/ozone/hadoop-ozone/integration-test/target/test-dir/MiniOzoneClusterImpl-533bbe47-9fe4-4f83-8a40-bf54ddc9168f/datanode-4/data/ratis/79432587-0e7b-4106-a466-e7106e4c0f9a/current/log_inprogress_0
2022-11-14 01:05:47,761 [5580caa2-355e-4705-b703-b3b115bf5f47@group-E7106E4C0F9A-SegmentedRaftLogWorker] INFO  segmented.SegmentedRaftLogWorker (SegmentedRaftLogWorker.java:execute(656)) - 5580caa2-355e-4705-b703-b3b115bf5f47@group-E7106E4C0F9A-SegmentedRaftLogWorker: created new log segment /home/runner/work/ozone/ozone/hadoop-ozone/integration-test/target/test-dir/MiniOzoneClusterImpl-533bbe47-9fe4-4f83-8a40-bf54ddc9168f/datanode-3/data/ratis/79432587-0e7b-4106-a466-e7106e4c0f9a/current/log_inprogress_0
2022-11-14 01:05:48,598 [Command processor thread] INFO  server.RaftServer (RaftServerProxy.java:remove(107)) - 0803b3f8-d7a7-4034-819c-d574a53cd8d2: remove  FOLLOWER 0803b3f8-d7a7-4034-819c-d574a53cd8d2@group-5E32BC8487E9:t1, leader=5580caa2-355e-4705-b703-b3b115bf5f47, voted=5580caa2-355e-4705-b703-b3b115bf5f47, raftlog=Memoized:0803b3f8-d7a7-4034-819c-d574a53cd8d2@group-5E32BC8487E9-SegmentedRaftLog:OPENED:c0, conf=0: peers:[e47c0d7c-1c57-43cf-a038-4c1ee28029c6|rpc:10.1.0.33:39237|dataStream:|priority:0|startupRole:FOLLOWER, 5580caa2-355e-4705-b703-b3b115bf5f47|rpc:10.1.0.33:42291|dataStream:|priority:1|startupRole:FOLLOWER, 0803b3f8-d7a7-4034-819c-d574a53cd8d2|rpc:10.1.0.33:46295|dataStream:|priority:0|startupRole:FOLLOWER]|listeners:[], old=null RUNNING
2022-11-14 01:05:48,598 [Command processor thread] INFO  server.RaftServer$Division (RaftServerImpl.java:lambda$close$4(458)) - 0803b3f8-d7a7-4034-819c-d574a53cd8d2@group-5E32BC8487E9: shutdown
2022-11-14 01:05:48,598 [Command processor thread] INFO  util.JmxRegister (JmxRegister.java:unregister(73)) - Successfully un-registered JMX Bean with object name Ratis:service=RaftServer,group=group-5E32BC8487E9,id=0803b3f8-d7a7-4034-819c-d574a53cd8d2
2022-11-14 01:05:48,598 [Command processor thread] INFO  impl.RoleInfo (RoleInfo.java:shutdownFollowerState(110)) - 0803b3f8-d7a7-4034-819c-d574a53cd8d2: shutdown 0803b3f8-d7a7-4034-819c-d574a53cd8d2@group-5E32BC8487E9-FollowerState
2022-11-14 01:05:48,599 [Command processor thread] INFO  impl.StateMachineUpdater (StateMachineUpdater.java:stopAndJoin(153)) - 0803b3f8-d7a7-4034-819c-d574a53cd8d2@group-5E32BC8487E9-StateMachineUpdater: set stopIndex = 0
2022-11-14 01:05:48,599 [0803b3f8-d7a7-4034-819c-d574a53cd8d2@group-5E32BC8487E9-FollowerState] INFO  impl.FollowerState (FollowerState.java:run(152)) - 0803b3f8-d7a7-4034-819c-d574a53cd8d2@group-5E32BC8487E9-FollowerState was interrupted
2022-11-14 01:05:48,599 [0803b3f8-d7a7-4034-819c-d574a53cd8d2@group-5E32BC8487E9-StateMachineUpdater] INFO  ratis.ContainerStateMachine (ContainerStateMachine.java:takeSnapshot(304)) - group-5E32BC8487E9: Taking a snapshot at:(t:1, i:0) file /home/runner/work/ozone/ozone/hadoop-ozone/integration-test/target/test-dir/MiniOzoneClusterImpl-533bbe47-9fe4-4f83-8a40-bf54ddc9168f/datanode-4/data/ratis/3c4ef238-3691-492e-9e84-5e32bc8487e9/sm/snapshot.1_0
2022-11-14 01:05:48,600 [0803b3f8-d7a7-4034-819c-d574a53cd8d2@group-5E32BC8487E9-StateMachineUpdater] INFO  ratis.ContainerStateMachine (ContainerStateMachine.java:takeSnapshot(315)) - group-5E32BC8487E9: Finished taking a snapshot at:(t:1, i:0) file:/home/runner/work/ozone/ozone/hadoop-ozone/integration-test/target/test-dir/MiniOzoneClusterImpl-533bbe47-9fe4-4f83-8a40-bf54ddc9168f/datanode-4/data/ratis/3c4ef238-3691-492e-9e84-5e32bc8487e9/sm/snapshot.1_0 took: 1 ms
2022-11-14 01:05:48,601 [0803b3f8-d7a7-4034-819c-d574a53cd8d2@group-5E32BC8487E9-StateMachineUpdater] INFO  impl.StateMachineUpdater (StateMachineUpdater.java:takeSnapshot(287)) - 0803b3f8-d7a7-4034-819c-d574a53cd8d2@group-5E32BC8487E9-StateMachineUpdater: Took a snapshot at index 0
2022-11-14 01:05:48,601 [0803b3f8-d7a7-4034-819c-d574a53cd8d2@group-5E32BC8487E9-StateMachineUpdater] INFO  impl.StateMachineUpdater (StateMachineUpdater.java:lambda$new$0(92)) - 0803b3f8-d7a7-4034-819c-d574a53cd8d2@group-5E32BC8487E9-StateMachineUpdater: snapshotIndex: updateIncreasingly -1 -> 0
2022-11-14 01:05:48,601 [Command processor thread] INFO  server.RaftServer$Division (ServerState.java:close(466)) - 0803b3f8-d7a7-4034-819c-d574a53cd8d2@group-5E32BC8487E9: closes. applyIndex: 0
2022-11-14 01:05:48,601 [0803b3f8-d7a7-4034-819c-d574a53cd8d2@group-5E32BC8487E9-SegmentedRaftLogWorker] INFO  segmented.SegmentedRaftLogWorker (SegmentedRaftLogWorker.java:run(345)) - 0803b3f8-d7a7-4034-819c-d574a53cd8d2@group-5E32BC8487E9-SegmentedRaftLogWorker was interrupted, exiting. There are 0 tasks remaining in the queue.
2022-11-14 01:05:48,605 [Command processor thread] INFO  segmented.SegmentedRaftLogWorker (SegmentedRaftLogWorker.java:close(255)) - 0803b3f8-d7a7-4034-819c-d574a53cd8d2@group-5E32BC8487E9-SegmentedRaftLogWorker close()
2022-11-14 01:05:48,606 [Command processor thread] INFO  server.RaftServer$Division (RaftServerImpl.java:groupRemove(428)) - 0803b3f8-d7a7-4034-819c-d574a53cd8d2@group-5E32BC8487E9: Succeed to remove RaftStorageDirectory Storage Directory /home/runner/work/ozone/ozone/hadoop-ozone/integration-test/target/test-dir/MiniOzoneClusterImpl-533bbe47-9fe4-4f83-8a40-bf54ddc9168f/datanode-4/data/ratis/3c4ef238-3691-492e-9e84-5e32bc8487e9
2022-11-14 01:05:48,606 [Command processor thread] INFO  commandhandler.ClosePipelineCommandHandler (ClosePipelineCommandHandler.java:handle(78)) - Close Pipeline PipelineID=3c4ef238-3691-492e-9e84-5e32bc8487e9 command on datanode 0803b3f8-d7a7-4034-819c-d574a53cd8d2.
2022-11-14 01:05:48,636 [Command processor thread] INFO  server.RaftServer (RaftServerProxy.java:remove(107)) - e47c0d7c-1c57-43cf-a038-4c1ee28029c6: remove  FOLLOWER e47c0d7c-1c57-43cf-a038-4c1ee28029c6@group-5E32BC8487E9:t1, leader=5580caa2-355e-4705-b703-b3b115bf5f47, voted=5580caa2-355e-4705-b703-b3b115bf5f47, raftlog=Memoized:e47c0d7c-1c57-43cf-a038-4c1ee28029c6@group-5E32BC8487E9-SegmentedRaftLog:OPENED:c0, conf=0: peers:[e47c0d7c-1c57-43cf-a038-4c1ee28029c6|rpc:10.1.0.33:39237|dataStream:|priority:0|startupRole:FOLLOWER, 5580caa2-355e-4705-b703-b3b115bf5f47|rpc:10.1.0.33:42291|dataStream:|priority:1|startupRole:FOLLOWER, 0803b3f8-d7a7-4034-819c-d574a53cd8d2|rpc:10.1.0.33:46295|dataStream:|priority:0|startupRole:FOLLOWER]|listeners:[], old=null RUNNING
2022-11-14 01:05:48,636 [Command processor thread] INFO  server.RaftServer$Division (RaftServerImpl.java:lambda$close$4(458)) - e47c0d7c-1c57-43cf-a038-4c1ee28029c6@group-5E32BC8487E9: shutdown
2022-11-14 01:05:48,636 [Command processor thread] INFO  util.JmxRegister (JmxRegister.java:unregister(73)) - Successfully un-registered JMX Bean with object name Ratis:service=RaftServer,group=group-5E32BC8487E9,id=e47c0d7c-1c57-43cf-a038-4c1ee28029c6
2022-11-14 01:05:48,636 [Command processor thread] INFO  impl.RoleInfo (RoleInfo.java:shutdownFollowerState(110)) - e47c0d7c-1c57-43cf-a038-4c1ee28029c6: shutdown e47c0d7c-1c57-43cf-a038-4c1ee28029c6@group-5E32BC8487E9-FollowerState
2022-11-14 01:05:48,636 [Command processor thread] INFO  impl.StateMachineUpdater (StateMachineUpdater.java:stopAndJoin(153)) - e47c0d7c-1c57-43cf-a038-4c1ee28029c6@group-5E32BC8487E9-StateMachineUpdater: set stopIndex = 0
2022-11-14 01:05:48,636 [e47c0d7c-1c57-43cf-a038-4c1ee28029c6@group-5E32BC8487E9-FollowerState] INFO  impl.FollowerState (FollowerState.java:run(152)) - e47c0d7c-1c57-43cf-a038-4c1ee28029c6@group-5E32BC8487E9-FollowerState was interrupted
2022-11-14 01:05:48,636 [e47c0d7c-1c57-43cf-a038-4c1ee28029c6@group-5E32BC8487E9-StateMachineUpdater] INFO  ratis.ContainerStateMachine (ContainerStateMachine.java:takeSnapshot(304)) - group-5E32BC8487E9: Taking a snapshot at:(t:1, i:0) file /home/runner/work/ozone/ozone/hadoop-ozone/integration-test/target/test-dir/MiniOzoneClusterImpl-533bbe47-9fe4-4f83-8a40-bf54ddc9168f/datanode-5/data/ratis/3c4ef238-3691-492e-9e84-5e32bc8487e9/sm/snapshot.1_0
2022-11-14 01:05:48,638 [e47c0d7c-1c57-43cf-a038-4c1ee28029c6@group-5E32BC8487E9-StateMachineUpdater] INFO  ratis.ContainerStateMachine (ContainerStateMachine.java:takeSnapshot(315)) - group-5E32BC8487E9: Finished taking a snapshot at:(t:1, i:0) file:/home/runner/work/ozone/ozone/hadoop-ozone/integration-test/target/test-dir/MiniOzoneClusterImpl-533bbe47-9fe4-4f83-8a40-bf54ddc9168f/datanode-5/data/ratis/3c4ef238-3691-492e-9e84-5e32bc8487e9/sm/snapshot.1_0 took: 1 ms
2022-11-14 01:05:48,638 [e47c0d7c-1c57-43cf-a038-4c1ee28029c6@group-5E32BC8487E9-StateMachineUpdater] INFO  impl.StateMachineUpdater (StateMachineUpdater.java:takeSnapshot(287)) - e47c0d7c-1c57-43cf-a038-4c1ee28029c6@group-5E32BC8487E9-StateMachineUpdater: Took a snapshot at index 0
2022-11-14 01:05:48,638 [e47c0d7c-1c57-43cf-a038-4c1ee28029c6@group-5E32BC8487E9-StateMachineUpdater] INFO  impl.StateMachineUpdater (StateMachineUpdater.java:lambda$new$0(92)) - e47c0d7c-1c57-43cf-a038-4c1ee28029c6@group-5E32BC8487E9-StateMachineUpdater: snapshotIndex: updateIncreasingly -1 -> 0
2022-11-14 01:05:48,638 [Command processor thread] INFO  server.RaftServer$Division (ServerState.java:close(466)) - e47c0d7c-1c57-43cf-a038-4c1ee28029c6@group-5E32BC8487E9: closes. applyIndex: 0
2022-11-14 01:05:48,638 [e47c0d7c-1c57-43cf-a038-4c1ee28029c6@group-5E32BC8487E9-SegmentedRaftLogWorker] INFO  segmented.SegmentedRaftLogWorker (SegmentedRaftLogWorker.java:run(345)) - e47c0d7c-1c57-43cf-a038-4c1ee28029c6@group-5E32BC8487E9-SegmentedRaftLogWorker was interrupted, exiting. There are 0 tasks remaining in the queue.
2022-11-14 01:05:48,639 [Command processor thread] INFO  segmented.SegmentedRaftLogWorker (SegmentedRaftLogWorker.java:close(255)) - e47c0d7c-1c57-43cf-a038-4c1ee28029c6@group-5E32BC8487E9-SegmentedRaftLogWorker close()
2022-11-14 01:05:48,642 [Command processor thread] INFO  server.RaftServer$Division (RaftServerImpl.java:groupRemove(428)) - e47c0d7c-1c57-43cf-a038-4c1ee28029c6@group-5E32BC8487E9: Succeed to remove RaftStorageDirectory Storage Directory /home/runner/work/ozone/ozone/hadoop-ozone/integration-test/target/test-dir/MiniOzoneClusterImpl-533bbe47-9fe4-4f83-8a40-bf54ddc9168f/datanode-5/data/ratis/3c4ef238-3691-492e-9e84-5e32bc8487e9
2022-11-14 01:05:48,642 [Command processor thread] INFO  commandhandler.ClosePipelineCommandHandler (ClosePipelineCommandHandler.java:handle(78)) - Close Pipeline PipelineID=3c4ef238-3691-492e-9e84-5e32bc8487e9 command on datanode e47c0d7c-1c57-43cf-a038-4c1ee28029c6.
2022-11-14 01:05:49,580 [Command processor thread] INFO  server.RaftServer (RaftServerProxy.java:remove(107)) - 5580caa2-355e-4705-b703-b3b115bf5f47: remove    LEADER 5580caa2-355e-4705-b703-b3b115bf5f47@group-5E32BC8487E9:t1, leader=5580caa2-355e-4705-b703-b3b115bf5f47, voted=5580caa2-355e-4705-b703-b3b115bf5f47, raftlog=Memoized:5580caa2-355e-4705-b703-b3b115bf5f47@group-5E32BC8487E9-SegmentedRaftLog:OPENED:c0, conf=0: peers:[e47c0d7c-1c57-43cf-a038-4c1ee28029c6|rpc:10.1.0.33:39237|dataStream:|priority:0|startupRole:FOLLOWER, 5580caa2-355e-4705-b703-b3b115bf5f47|rpc:10.1.0.33:42291|dataStream:|priority:1|startupRole:FOLLOWER, 0803b3f8-d7a7-4034-819c-d574a53cd8d2|rpc:10.1.0.33:46295|dataStream:|priority:0|startupRole:FOLLOWER]|listeners:[], old=null RUNNING
2022-11-14 01:05:49,580 [Command processor thread] INFO  server.RaftServer$Division (RaftServerImpl.java:lambda$close$4(458)) - 5580caa2-355e-4705-b703-b3b115bf5f47@group-5E32BC8487E9: shutdown
2022-11-14 01:05:49,580 [Command processor thread] INFO  util.JmxRegister (JmxRegister.java:unregister(73)) - Successfully un-registered JMX Bean with object name Ratis:service=RaftServer,group=group-5E32BC8487E9,id=5580caa2-355e-4705-b703-b3b115bf5f47
2022-11-14 01:05:49,580 [Command processor thread] INFO  impl.RoleInfo (RoleInfo.java:shutdownLeaderState(93)) - 5580caa2-355e-4705-b703-b3b115bf5f47: shutdown 5580caa2-355e-4705-b703-b3b115bf5f47@group-5E32BC8487E9-LeaderStateImpl
2022-11-14 01:05:49,581 [5580caa2-355e-4705-b703-b3b115bf5f47@group-5E32BC8487E9->e47c0d7c-1c57-43cf-a038-4c1ee28029c6-GrpcLogAppender-LogAppenderDaemon] WARN  server.GrpcLogAppender (GrpcLogAppender.java:mayWait(200)) - 5580caa2-355e-4705-b703-b3b115bf5f47@group-5E32BC8487E9->e47c0d7c-1c57-43cf-a038-4c1ee28029c6-GrpcLogAppender: Wait interrupted by java.lang.InterruptedException
2022-11-14 01:05:49,581 [5580caa2-355e-4705-b703-b3b115bf5f47@group-5E32BC8487E9->0803b3f8-d7a7-4034-819c-d574a53cd8d2-GrpcLogAppender-LogAppenderDaemon] WARN  server.GrpcLogAppender (GrpcLogAppender.java:mayWait(200)) - 5580caa2-355e-4705-b703-b3b115bf5f47@group-5E32BC8487E9->0803b3f8-d7a7-4034-819c-d574a53cd8d2-GrpcLogAppender: Wait interrupted by java.lang.InterruptedException
2022-11-14 01:05:49,581 [Command processor thread] INFO  impl.PendingRequests (PendingRequests.java:sendNotLeaderResponses(282)) - 5580caa2-355e-4705-b703-b3b115bf5f47@group-5E32BC8487E9-PendingRequests: sendNotLeaderResponses
2022-11-14 01:05:49,581 [Command processor thread] INFO  impl.StateMachineUpdater (StateMachineUpdater.java:stopAndJoin(153)) - 5580caa2-355e-4705-b703-b3b115bf5f47@group-5E32BC8487E9-StateMachineUpdater: set stopIndex = 0
2022-11-14 01:05:49,582 [5580caa2-355e-4705-b703-b3b115bf5f47@group-5E32BC8487E9-StateMachineUpdater] INFO  ratis.ContainerStateMachine (ContainerStateMachine.java:takeSnapshot(304)) - group-5E32BC8487E9: Taking a snapshot at:(t:1, i:0) file /home/runner/work/ozone/ozone/hadoop-ozone/integration-test/target/test-dir/MiniOzoneClusterImpl-533bbe47-9fe4-4f83-8a40-bf54ddc9168f/datanode-3/data/ratis/3c4ef238-3691-492e-9e84-5e32bc8487e9/sm/snapshot.1_0
2022-11-14 01:05:49,582 [grpc-default-executor-7] INFO  server.GrpcServerProtocolService (GrpcServerProtocolService.java:onCompleted(145)) - 0803b3f8-d7a7-4034-819c-d574a53cd8d2: Completed APPEND_ENTRIES, lastRequest: null
2022-11-14 01:05:49,583 [grpc-default-executor-4] INFO  server.GrpcServerProtocolService (GrpcServerProtocolService.java:onCompleted(145)) - 0803b3f8-d7a7-4034-819c-d574a53cd8d2: Completed APPEND_ENTRIES, lastRequest: 5580caa2-355e-4705-b703-b3b115bf5f47->0803b3f8-d7a7-4034-819c-d574a53cd8d2#1-t1,previous=(t:0, i:0),leaderCommit=0,initializing? true,entries: size=1, first=(t:1, i:0), CONFIGURATIONENTRY(current:id: "e47c0d7c-1c57-43cf-a038-4c1ee28029c6"
address: "10.1.0.33:39237"
clientAddress: "10.1.0.33:39237"
adminAddress: "10.1.0.33:39237"
startupRole: FOLLOWER
,id: "5580caa2-355e-4705-b703-b3b115bf5f47"
address: "10.1.0.33:42291"
priority: 1
clientAddress: "10.1.0.33:42291"
adminAddress: "10.1.0.33:42291"
startupRole: FOLLOWER
,id: "0803b3f8-d7a7-4034-819c-d574a53cd8d2"
address: "10.1.0.33:46295"
clientAddress: "10.1.0.33:46295"
adminAddress: "10.1.0.33:46295"
startupRole: FOLLOWER
, old:)
2022-11-14 01:05:49,583 [grpc-default-executor-0] INFO  server.GrpcServerProtocolService (GrpcServerProtocolService.java:onCompleted(145)) - e47c0d7c-1c57-43cf-a038-4c1ee28029c6: Completed APPEND_ENTRIES, lastRequest: null
2022-11-14 01:05:49,583 [grpc-default-executor-3] INFO  server.GrpcLogAppender (GrpcLogAppender.java:onCompleted(415)) - 5580caa2-355e-4705-b703-b3b115bf5f47@group-5E32BC8487E9->0803b3f8-d7a7-4034-819c-d574a53cd8d2-AppendLogResponseHandler: follower responses appendEntries COMPLETED
2022-11-14 01:05:49,583 [grpc-default-executor-3] INFO  leader.FollowerInfo (FollowerInfoImpl.java:lambda$new$0(48)) - 5580caa2-355e-4705-b703-b3b115bf5f47@group-5E32BC8487E9->0803b3f8-d7a7-4034-819c-d574a53cd8d2: nextIndex: updateUnconditionally 1 -> 0
2022-11-14 01:05:49,583 [5580caa2-355e-4705-b703-b3b115bf5f47@group-5E32BC8487E9-StateMachineUpdater] INFO  ratis.ContainerStateMachine (ContainerStateMachine.java:takeSnapshot(315)) - group-5E32BC8487E9: Finished taking a snapshot at:(t:1, i:0) file:/home/runner/work/ozone/ozone/hadoop-ozone/integration-test/target/test-dir/MiniOzoneClusterImpl-533bbe47-9fe4-4f83-8a40-bf54ddc9168f/datanode-3/data/ratis/3c4ef238-3691-492e-9e84-5e32bc8487e9/sm/snapshot.1_0 took: 2 ms
2022-11-14 01:05:49,584 [5580caa2-355e-4705-b703-b3b115bf5f47@group-5E32BC8487E9-StateMachineUpdater] INFO  impl.StateMachineUpdater (StateMachineUpdater.java:takeSnapshot(287)) - 5580caa2-355e-4705-b703-b3b115bf5f47@group-5E32BC8487E9-StateMachineUpdater: Took a snapshot at index 0
2022-11-14 01:05:49,584 [5580caa2-355e-4705-b703-b3b115bf5f47@group-5E32BC8487E9-StateMachineUpdater] INFO  impl.StateMachineUpdater (StateMachineUpdater.java:lambda$new$0(92)) - 5580caa2-355e-4705-b703-b3b115bf5f47@group-5E32BC8487E9-StateMachineUpdater: snapshotIndex: updateIncreasingly -1 -> 0
2022-11-14 01:05:49,588 [grpc-default-executor-3] INFO  server.GrpcLogAppender (GrpcLogAppender.java:onCompleted(415)) - 5580caa2-355e-4705-b703-b3b115bf5f47@group-5E32BC8487E9->0803b3f8-d7a7-4034-819c-d574a53cd8d2-AppendLogResponseHandler: follower responses appendEntries COMPLETED
2022-11-14 01:05:49,588 [Command processor thread] INFO  server.RaftServer$Division (ServerState.java:close(466)) - 5580caa2-355e-4705-b703-b3b115bf5f47@group-5E32BC8487E9: closes. applyIndex: 0
2022-11-14 01:05:49,588 [5580caa2-355e-4705-b703-b3b115bf5f47@group-5E32BC8487E9-SegmentedRaftLogWorker] INFO  segmented.SegmentedRaftLogWorker (SegmentedRaftLogWorker.java:run(345)) - 5580caa2-355e-4705-b703-b3b115bf5f47@group-5E32BC8487E9-SegmentedRaftLogWorker was interrupted, exiting. There are 0 tasks remaining in the queue.
2022-11-14 01:05:49,588 [grpc-default-executor-1] INFO  server.GrpcServerProtocolService (GrpcServerProtocolService.java:onCompleted(145)) - e47c0d7c-1c57-43cf-a038-4c1ee28029c6: Completed APPEND_ENTRIES, lastRequest: 5580caa2-355e-4705-b703-b3b115bf5f47->e47c0d7c-1c57-43cf-a038-4c1ee28029c6#1-t1,previous=(t:0, i:0),leaderCommit=0,initializing? true,entries: size=1, first=(t:1, i:0), CONFIGURATIONENTRY(current:id: "e47c0d7c-1c57-43cf-a038-4c1ee28029c6"
address: "10.1.0.33:39237"
clientAddress: "10.1.0.33:39237"
adminAddress: "10.1.0.33:39237"
startupRole: FOLLOWER
,id: "5580caa2-355e-4705-b703-b3b115bf5f47"
address: "10.1.0.33:42291"
priority: 1
clientAddress: "10.1.0.33:42291"
adminAddress: "10.1.0.33:42291"
startupRole: FOLLOWER
,id: "0803b3f8-d7a7-4034-819c-d574a53cd8d2"
address: "10.1.0.33:46295"
clientAddress: "10.1.0.33:46295"
adminAddress: "10.1.0.33:46295"
startupRole: FOLLOWER
, old:)
2022-11-14 01:05:49,589 [Command processor thread] INFO  segmented.SegmentedRaftLogWorker (SegmentedRaftLogWorker.java:close(255)) - 5580caa2-355e-4705-b703-b3b115bf5f47@group-5E32BC8487E9-SegmentedRaftLogWorker close()
2022-11-14 01:05:49,589 [grpc-default-executor-3] INFO  leader.FollowerInfo (FollowerInfoImpl.java:lambda$new$0(48)) - 5580caa2-355e-4705-b703-b3b115bf5f47@group-5E32BC8487E9->0803b3f8-d7a7-4034-819c-d574a53cd8d2: nextIndex: updateUnconditionally 0 -> 0
2022-11-14 01:05:49,591 [Command processor thread] INFO  server.RaftServer$Division (RaftServerImpl.java:groupRemove(428)) - 5580caa2-355e-4705-b703-b3b115bf5f47@group-5E32BC8487E9: Succeed to remove RaftStorageDirectory Storage Directory /home/runner/work/ozone/ozone/hadoop-ozone/integration-test/target/test-dir/MiniOzoneClusterImpl-533bbe47-9fe4-4f83-8a40-bf54ddc9168f/datanode-3/data/ratis/3c4ef238-3691-492e-9e84-5e32bc8487e9
2022-11-14 01:05:49,594 [grpc-default-executor-0] INFO  server.GrpcLogAppender (GrpcLogAppender.java:onCompleted(415)) - 5580caa2-355e-4705-b703-b3b115bf5f47@group-5E32BC8487E9->e47c0d7c-1c57-43cf-a038-4c1ee28029c6-AppendLogResponseHandler: follower responses appendEntries COMPLETED
2022-11-14 01:05:49,594 [grpc-default-executor-0] INFO  leader.FollowerInfo (FollowerInfoImpl.java:lambda$new$0(48)) - 5580caa2-355e-4705-b703-b3b115bf5f47@group-5E32BC8487E9->e47c0d7c-1c57-43cf-a038-4c1ee28029c6: nextIndex: updateUnconditionally 1 -> 0
2022-11-14 01:05:49,594 [grpc-default-executor-7] INFO  server.GrpcLogAppender (GrpcLogAppender.java:onCompleted(415)) - 5580caa2-355e-4705-b703-b3b115bf5f47@group-5E32BC8487E9->e47c0d7c-1c57-43cf-a038-4c1ee28029c6-AppendLogResponseHandler: follower responses appendEntries COMPLETED
2022-11-14 01:05:49,594 [Command processor thread] INFO  commandhandler.ClosePipelineCommandHandler (ClosePipelineCommandHandler.java:handle(78)) - Close Pipeline PipelineID=3c4ef238-3691-492e-9e84-5e32bc8487e9 command on datanode 5580caa2-355e-4705-b703-b3b115bf5f47.
2022-11-14 01:05:49,594 [grpc-default-executor-7] INFO  leader.FollowerInfo (FollowerInfoImpl.java:lambda$new$0(48)) - 5580caa2-355e-4705-b703-b3b115bf5f47@group-5E32BC8487E9->e47c0d7c-1c57-43cf-a038-4c1ee28029c6: nextIndex: updateUnconditionally 0 -> 0
2022-11-14 01:05:49,640 [Command processor thread] INFO  server.RaftServer (RaftServerProxy.java:remove(107)) - 0fc4731f-baaf-4631-bdc3-d8623c212dbb: remove  FOLLOWER 0fc4731f-baaf-4631-bdc3-d8623c212dbb@group-76841156C9C1:t2, leader=036f6f39-f91a-40c8-a1f5-620aa24a6690, voted=036f6f39-f91a-40c8-a1f5-620aa24a6690, raftlog=Memoized:0fc4731f-baaf-4631-bdc3-d8623c212dbb@group-76841156C9C1-SegmentedRaftLog:OPENED:c0, conf=0: peers:[52da76b7-c1ad-453e-bf88-2b0b77429b8d|rpc:10.1.0.33:45707|dataStream:|priority:0|startupRole:FOLLOWER, 036f6f39-f91a-40c8-a1f5-620aa24a6690|rpc:10.1.0.33:37265|dataStream:|priority:1|startupRole:FOLLOWER, 0fc4731f-baaf-4631-bdc3-d8623c212dbb|rpc:10.1.0.33:44873|dataStream:|priority:0|startupRole:FOLLOWER]|listeners:[], old=null RUNNING
2022-11-14 01:05:49,640 [Command processor thread] INFO  server.RaftServer$Division (RaftServerImpl.java:lambda$close$4(458)) - 0fc4731f-baaf-4631-bdc3-d8623c212dbb@group-76841156C9C1: shutdown
2022-11-14 01:05:49,640 [Command processor thread] INFO  util.JmxRegister (JmxRegister.java:unregister(73)) - Successfully un-registered JMX Bean with object name Ratis:service=RaftServer,group=group-76841156C9C1,id=0fc4731f-baaf-4631-bdc3-d8623c212dbb
2022-11-14 01:05:49,640 [Command processor thread] INFO  impl.RoleInfo (RoleInfo.java:shutdownFollowerState(110)) - 0fc4731f-baaf-4631-bdc3-d8623c212dbb: shutdown 0fc4731f-baaf-4631-bdc3-d8623c212dbb@group-76841156C9C1-FollowerState
2022-11-14 01:05:49,640 [Command processor thread] INFO  impl.StateMachineUpdater (StateMachineUpdater.java:stopAndJoin(153)) - 0fc4731f-baaf-4631-bdc3-d8623c212dbb@group-76841156C9C1-StateMachineUpdater: set stopIndex = 0
2022-11-14 01:05:49,640 [0fc4731f-baaf-4631-bdc3-d8623c212dbb@group-76841156C9C1-FollowerState] INFO  impl.FollowerState (FollowerState.java:run(152)) - 0fc4731f-baaf-4631-bdc3-d8623c212dbb@group-76841156C9C1-FollowerState was interrupted
2022-11-14 01:05:49,640 [0fc4731f-baaf-4631-bdc3-d8623c212dbb@group-76841156C9C1-StateMachineUpdater] INFO  ratis.ContainerStateMachine (ContainerStateMachine.java:takeSnapshot(304)) - group-76841156C9C1: Taking a snapshot at:(t:2, i:0) file /home/runner/work/ozone/ozone/hadoop-ozone/integration-test/target/test-dir/MiniOzoneClusterImpl-533bbe47-9fe4-4f83-8a40-bf54ddc9168f/datanode-0/data/ratis/de039221-47f7-4f22-9f5b-76841156c9c1/sm/snapshot.2_0
2022-11-14 01:05:49,641 [0fc4731f-baaf-4631-bdc3-d8623c212dbb@group-76841156C9C1-StateMachineUpdater] INFO  ratis.ContainerStateMachine (ContainerStateMachine.java:takeSnapshot(315)) - group-76841156C9C1: Finished taking a snapshot at:(t:2, i:0) file:/home/runner/work/ozone/ozone/hadoop-ozone/integration-test/target/test-dir/MiniOzoneClusterImpl-533bbe47-9fe4-4f83-8a40-bf54ddc9168f/datanode-0/data/ratis/de039221-47f7-4f22-9f5b-76841156c9c1/sm/snapshot.2_0 took: 1 ms
2022-11-14 01:05:49,641 [0fc4731f-baaf-4631-bdc3-d8623c212dbb@group-76841156C9C1-StateMachineUpdater] INFO  impl.StateMachineUpdater (StateMachineUpdater.java:takeSnapshot(287)) - 0fc4731f-baaf-4631-bdc3-d8623c212dbb@group-76841156C9C1-StateMachineUpdater: Took a snapshot at index 0
2022-11-14 01:05:49,641 [0fc4731f-baaf-4631-bdc3-d8623c212dbb@group-76841156C9C1-StateMachineUpdater] INFO  impl.StateMachineUpdater (StateMachineUpdater.java:lambda$new$0(92)) - 0fc4731f-baaf-4631-bdc3-d8623c212dbb@group-76841156C9C1-StateMachineUpdater: snapshotIndex: updateIncreasingly -1 -> 0
2022-11-14 01:05:49,641 [Command processor thread] INFO  server.RaftServer$Division (ServerState.java:close(466)) - 0fc4731f-baaf-4631-bdc3-d8623c212dbb@group-76841156C9C1: closes. applyIndex: 0
2022-11-14 01:05:49,642 [0fc4731f-baaf-4631-bdc3-d8623c212dbb@group-76841156C9C1-SegmentedRaftLogWorker] INFO  segmented.SegmentedRaftLogWorker (SegmentedRaftLogWorker.java:run(345)) - 0fc4731f-baaf-4631-bdc3-d8623c212dbb@group-76841156C9C1-SegmentedRaftLogWorker was interrupted, exiting. There are 0 tasks remaining in the queue.
2022-11-14 01:05:49,645 [Command processor thread] INFO  segmented.SegmentedRaftLogWorker (SegmentedRaftLogWorker.java:close(255)) - 0fc4731f-baaf-4631-bdc3-d8623c212dbb@group-76841156C9C1-SegmentedRaftLogWorker close()
2022-11-14 01:05:49,646 [Command processor thread] INFO  server.RaftServer$Division (RaftServerImpl.java:groupRemove(428)) - 0fc4731f-baaf-4631-bdc3-d8623c212dbb@group-76841156C9C1: Succeed to remove RaftStorageDirectory Storage Directory /home/runner/work/ozone/ozone/hadoop-ozone/integration-test/target/test-dir/MiniOzoneClusterImpl-533bbe47-9fe4-4f83-8a40-bf54ddc9168f/datanode-0/data/ratis/de039221-47f7-4f22-9f5b-76841156c9c1
2022-11-14 01:05:49,646 [Command processor thread] INFO  commandhandler.ClosePipelineCommandHandler (ClosePipelineCommandHandler.java:handle(78)) - Close Pipeline PipelineID=de039221-47f7-4f22-9f5b-76841156c9c1 command on datanode 0fc4731f-baaf-4631-bdc3-d8623c212dbb.
2022-11-14 01:05:49,647 [Command processor thread] INFO  server.RaftServer (RaftServerProxy.java:remove(107)) - 0fc4731f-baaf-4631-bdc3-d8623c212dbb: remove  FOLLOWER 0fc4731f-baaf-4631-bdc3-d8623c212dbb@group-1579AB3EA12E:t2, leader=52da76b7-c1ad-453e-bf88-2b0b77429b8d, voted=52da76b7-c1ad-453e-bf88-2b0b77429b8d, raftlog=Memoized:0fc4731f-baaf-4631-bdc3-d8623c212dbb@group-1579AB3EA12E-SegmentedRaftLog:OPENED:c0, conf=0: peers:[52da76b7-c1ad-453e-bf88-2b0b77429b8d|rpc:10.1.0.33:45707|dataStream:|priority:1|startupRole:FOLLOWER, 036f6f39-f91a-40c8-a1f5-620aa24a6690|rpc:10.1.0.33:37265|dataStream:|priority:0|startupRole:FOLLOWER, 0fc4731f-baaf-4631-bdc3-d8623c212dbb|rpc:10.1.0.33:44873|dataStream:|priority:0|startupRole:FOLLOWER]|listeners:[], old=null RUNNING
2022-11-14 01:05:49,647 [Command processor thread] INFO  server.RaftServer$Division (RaftServerImpl.java:lambda$close$4(458)) - 0fc4731f-baaf-4631-bdc3-d8623c212dbb@group-1579AB3EA12E: shutdown
2022-11-14 01:05:49,647 [Command processor thread] INFO  util.JmxRegister (JmxRegister.java:unregister(73)) - Successfully un-registered JMX Bean with object name Ratis:service=RaftServer,group=group-1579AB3EA12E,id=0fc4731f-baaf-4631-bdc3-d8623c212dbb
2022-11-14 01:05:49,647 [Command processor thread] INFO  impl.RoleInfo (RoleInfo.java:shutdownFollowerState(110)) - 0fc4731f-baaf-4631-bdc3-d8623c212dbb: shutdown 0fc4731f-baaf-4631-bdc3-d8623c212dbb@group-1579AB3EA12E-FollowerState
2022-11-14 01:05:49,647 [Command processor thread] INFO  impl.StateMachineUpdater (StateMachineUpdater.java:stopAndJoin(153)) - 0fc4731f-baaf-4631-bdc3-d8623c212dbb@group-1579AB3EA12E-StateMachineUpdater: set stopIndex = 0
2022-11-14 01:05:49,647 [0fc4731f-baaf-4631-bdc3-d8623c212dbb@group-1579AB3EA12E-FollowerState] INFO  impl.FollowerState (FollowerState.java:run(152)) - 0fc4731f-baaf-4631-bdc3-d8623c212dbb@group-1579AB3EA12E-FollowerState was interrupted
2022-11-14 01:05:49,647 [0fc4731f-baaf-4631-bdc3-d8623c212dbb@group-1579AB3EA12E-StateMachineUpdater] INFO  ratis.ContainerStateMachine (ContainerStateMachine.java:takeSnapshot(304)) - group-1579AB3EA12E: Taking a snapshot at:(t:2, i:0) file /home/runner/work/ozone/ozone/hadoop-ozone/integration-test/target/test-dir/MiniOzoneClusterImpl-533bbe47-9fe4-4f83-8a40-bf54ddc9168f/datanode-0/data/ratis/3345ad03-93cf-403e-a863-1579ab3ea12e/sm/snapshot.2_0
2022-11-14 01:05:49,648 [0fc4731f-baaf-4631-bdc3-d8623c212dbb@group-1579AB3EA12E-StateMachineUpdater] INFO  ratis.ContainerStateMachine (ContainerStateMachine.java:takeSnapshot(315)) - group-1579AB3EA12E: Finished taking a snapshot at:(t:2, i:0) file:/home/runner/work/ozone/ozone/hadoop-ozone/integration-test/target/test-dir/MiniOzoneClusterImpl-533bbe47-9fe4-4f83-8a40-bf54ddc9168f/datanode-0/data/ratis/3345ad03-93cf-403e-a863-1579ab3ea12e/sm/snapshot.2_0 took: 0 ms
2022-11-14 01:05:49,648 [0fc4731f-baaf-4631-bdc3-d8623c212dbb@group-1579AB3EA12E-StateMachineUpdater] INFO  impl.StateMachineUpdater (StateMachineUpdater.java:takeSnapshot(287)) - 0fc4731f-baaf-4631-bdc3-d8623c212dbb@group-1579AB3EA12E-StateMachineUpdater: Took a snapshot at index 0
2022-11-14 01:05:49,648 [0fc4731f-baaf-4631-bdc3-d8623c212dbb@group-1579AB3EA12E-StateMachineUpdater] INFO  impl.StateMachineUpdater (StateMachineUpdater.java:lambda$new$0(92)) - 0fc4731f-baaf-4631-bdc3-d8623c212dbb@group-1579AB3EA12E-StateMachineUpdater: snapshotIndex: updateIncreasingly -1 -> 0
2022-11-14 01:05:49,648 [Command processor thread] INFO  server.RaftServer$Division (ServerState.java:close(466)) - 0fc4731f-baaf-4631-bdc3-d8623c212dbb@group-1579AB3EA12E: closes. applyIndex: 0
2022-11-14 01:05:49,649 [0fc4731f-baaf-4631-bdc3-d8623c212dbb@group-1579AB3EA12E-SegmentedRaftLogWorker] INFO  segmented.SegmentedRaftLogWorker (SegmentedRaftLogWorker.java:run(345)) - 0fc4731f-baaf-4631-bdc3-d8623c212dbb@group-1579AB3EA12E-SegmentedRaftLogWorker was interrupted, exiting. There are 0 tasks remaining in the queue.
2022-11-14 01:05:49,649 [Command processor thread] INFO  segmented.SegmentedRaftLogWorker (SegmentedRaftLogWorker.java:close(255)) - 0fc4731f-baaf-4631-bdc3-d8623c212dbb@group-1579AB3EA12E-SegmentedRaftLogWorker close()
2022-11-14 01:05:49,650 [Command processor thread] INFO  server.RaftServer$Division (RaftServerImpl.java:groupRemove(428)) - 0fc4731f-baaf-4631-bdc3-d8623c212dbb@group-1579AB3EA12E: Succeed to remove RaftStorageDirectory Storage Directory /home/runner/work/ozone/ozone/hadoop-ozone/integration-test/target/test-dir/MiniOzoneClusterImpl-533bbe47-9fe4-4f83-8a40-bf54ddc9168f/datanode-0/data/ratis/3345ad03-93cf-403e-a863-1579ab3ea12e
2022-11-14 01:05:49,650 [Command processor thread] INFO  commandhandler.ClosePipelineCommandHandler (ClosePipelineCommandHandler.java:handle(78)) - Close Pipeline PipelineID=3345ad03-93cf-403e-a863-1579ab3ea12e command on datanode 0fc4731f-baaf-4631-bdc3-d8623c212dbb.
2022-11-14 01:05:49,714 [Command processor thread] INFO  server.RaftServer (RaftServerProxy.java:remove(107)) - 036f6f39-f91a-40c8-a1f5-620aa24a6690: remove    LEADER 036f6f39-f91a-40c8-a1f5-620aa24a6690@group-76841156C9C1:t2, leader=036f6f39-f91a-40c8-a1f5-620aa24a6690, voted=036f6f39-f91a-40c8-a1f5-620aa24a6690, raftlog=Memoized:036f6f39-f91a-40c8-a1f5-620aa24a6690@group-76841156C9C1-SegmentedRaftLog:OPENED:c0, conf=0: peers:[52da76b7-c1ad-453e-bf88-2b0b77429b8d|rpc:10.1.0.33:45707|dataStream:|priority:0|startupRole:FOLLOWER, 036f6f39-f91a-40c8-a1f5-620aa24a6690|rpc:10.1.0.33:37265|dataStream:|priority:1|startupRole:FOLLOWER, 0fc4731f-baaf-4631-bdc3-d8623c212dbb|rpc:10.1.0.33:44873|dataStream:|priority:0|startupRole:FOLLOWER]|listeners:[], old=null RUNNING
2022-11-14 01:05:49,714 [Command processor thread] INFO  server.RaftServer$Division (RaftServerImpl.java:lambda$close$4(458)) - 036f6f39-f91a-40c8-a1f5-620aa24a6690@group-76841156C9C1: shutdown
2022-11-14 01:05:49,714 [Command processor thread] INFO  util.JmxRegister (JmxRegister.java:unregister(73)) - Successfully un-registered JMX Bean with object name Ratis:service=RaftServer,group=group-76841156C9C1,id=036f6f39-f91a-40c8-a1f5-620aa24a6690
2022-11-14 01:05:49,714 [Command processor thread] INFO  impl.RoleInfo (RoleInfo.java:shutdownLeaderState(93)) - 036f6f39-f91a-40c8-a1f5-620aa24a6690: shutdown 036f6f39-f91a-40c8-a1f5-620aa24a6690@group-76841156C9C1-LeaderStateImpl
2022-11-14 01:05:49,715 [036f6f39-f91a-40c8-a1f5-620aa24a6690@group-76841156C9C1->52da76b7-c1ad-453e-bf88-2b0b77429b8d-GrpcLogAppender-LogAppenderDaemon] WARN  server.GrpcLogAppender (GrpcLogAppender.java:mayWait(200)) - 036f6f39-f91a-40c8-a1f5-620aa24a6690@group-76841156C9C1->52da76b7-c1ad-453e-bf88-2b0b77429b8d-GrpcLogAppender: Wait interrupted by java.lang.InterruptedException
2022-11-14 01:05:49,715 [036f6f39-f91a-40c8-a1f5-620aa24a6690@group-76841156C9C1->0fc4731f-baaf-4631-bdc3-d8623c212dbb-GrpcLogAppender-LogAppenderDaemon] WARN  server.GrpcLogAppender (GrpcLogAppender.java:mayWait(200)) - 036f6f39-f91a-40c8-a1f5-620aa24a6690@group-76841156C9C1->0fc4731f-baaf-4631-bdc3-d8623c212dbb-GrpcLogAppender: Wait interrupted by java.lang.InterruptedException
2022-11-14 01:05:49,715 [grpc-default-executor-0] INFO  server.GrpcServerProtocolService (GrpcServerProtocolService.java:onCompleted(145)) - 0fc4731f-baaf-4631-bdc3-d8623c212dbb: Completed APPEND_ENTRIES, lastRequest: null
2022-11-14 01:05:49,716 [grpc-default-executor-7] INFO  server.GrpcServerProtocolService (GrpcServerProtocolService.java:onCompleted(145)) - 52da76b7-c1ad-453e-bf88-2b0b77429b8d: Completed APPEND_ENTRIES, lastRequest: 036f6f39-f91a-40c8-a1f5-620aa24a6690->52da76b7-c1ad-453e-bf88-2b0b77429b8d#1-t2,previous=(t:0, i:0),leaderCommit=0,initializing? true,entries: size=1, first=(t:2, i:0), CONFIGURATIONENTRY(current:id: "52da76b7-c1ad-453e-bf88-2b0b77429b8d"
address: "10.1.0.33:45707"
clientAddress: "10.1.0.33:45707"
adminAddress: "10.1.0.33:45707"
startupRole: FOLLOWER
,id: "036f6f39-f91a-40c8-a1f5-620aa24a6690"
address: "10.1.0.33:37265"
priority: 1
clientAddress: "10.1.0.33:37265"
adminAddress: "10.1.0.33:37265"
startupRole: FOLLOWER
,id: "0fc4731f-baaf-4631-bdc3-d8623c212dbb"
address: "10.1.0.33:44873"
clientAddress: "10.1.0.33:44873"
adminAddress: "10.1.0.33:44873"
startupRole: FOLLOWER
, old:)
2022-11-14 01:05:49,716 [grpc-default-executor-3] INFO  server.GrpcServerProtocolService (GrpcServerProtocolService.java:onCompleted(145)) - 0fc4731f-baaf-4631-bdc3-d8623c212dbb: Completed APPEND_ENTRIES, lastRequest: 036f6f39-f91a-40c8-a1f5-620aa24a6690->0fc4731f-baaf-4631-bdc3-d8623c212dbb#1-t2,previous=(t:0, i:0),leaderCommit=0,initializing? true,entries: size=1, first=(t:2, i:0), CONFIGURATIONENTRY(current:id: "52da76b7-c1ad-453e-bf88-2b0b77429b8d"
address: "10.1.0.33:45707"
clientAddress: "10.1.0.33:45707"
adminAddress: "10.1.0.33:45707"
startupRole: FOLLOWER
,id: "036f6f39-f91a-40c8-a1f5-620aa24a6690"
address: "10.1.0.33:37265"
priority: 1
clientAddress: "10.1.0.33:37265"
adminAddress: "10.1.0.33:37265"
startupRole: FOLLOWER
,id: "0fc4731f-baaf-4631-bdc3-d8623c212dbb"
address: "10.1.0.33:44873"
clientAddress: "10.1.0.33:44873"
adminAddress: "10.1.0.33:44873"
startupRole: FOLLOWER
, old:)
2022-11-14 01:05:49,716 [grpc-default-executor-1] INFO  server.GrpcServerProtocolService (GrpcServerProtocolService.java:onCompleted(145)) - 52da76b7-c1ad-453e-bf88-2b0b77429b8d: Completed APPEND_ENTRIES, lastRequest: null
2022-11-14 01:05:49,717 [grpc-default-executor-0] INFO  server.GrpcLogAppender (GrpcLogAppender.java:onCompleted(415)) - 036f6f39-f91a-40c8-a1f5-620aa24a6690@group-76841156C9C1->52da76b7-c1ad-453e-bf88-2b0b77429b8d-AppendLogResponseHandler: follower responses appendEntries COMPLETED
2022-11-14 01:05:49,717 [grpc-default-executor-7] INFO  server.GrpcLogAppender (GrpcLogAppender.java:onCompleted(415)) - 036f6f39-f91a-40c8-a1f5-620aa24a6690@group-76841156C9C1->52da76b7-c1ad-453e-bf88-2b0b77429b8d-AppendLogResponseHandler: follower responses appendEntries COMPLETED
2022-11-14 01:05:49,717 [grpc-default-executor-0] INFO  leader.FollowerInfo (FollowerInfoImpl.java:lambda$new$0(48)) - 036f6f39-f91a-40c8-a1f5-620aa24a6690@group-76841156C9C1->52da76b7-c1ad-453e-bf88-2b0b77429b8d: nextIndex: updateUnconditionally 1 -> 0
2022-11-14 01:05:49,717 [grpc-default-executor-7] INFO  leader.FollowerInfo (FollowerInfoImpl.java:lambda$new$0(48)) - 036f6f39-f91a-40c8-a1f5-620aa24a6690@group-76841156C9C1->52da76b7-c1ad-453e-bf88-2b0b77429b8d: nextIndex: updateUnconditionally 0 -> 0
2022-11-14 01:05:49,717 [grpc-default-executor-0] INFO  server.GrpcLogAppender (GrpcLogAppender.java:onCompleted(415)) - 036f6f39-f91a-40c8-a1f5-620aa24a6690@group-76841156C9C1->0fc4731f-baaf-4631-bdc3-d8623c212dbb-AppendLogResponseHandler: follower responses appendEntries COMPLETED
2022-11-14 01:05:49,715 [Command processor thread] INFO  impl.PendingRequests (PendingRequests.java:sendNotLeaderResponses(282)) - 036f6f39-f91a-40c8-a1f5-620aa24a6690@group-76841156C9C1-PendingRequests: sendNotLeaderResponses
2022-11-14 01:05:49,719 [grpc-default-executor-0] INFO  leader.FollowerInfo (FollowerInfoImpl.java:lambda$new$0(48)) - 036f6f39-f91a-40c8-a1f5-620aa24a6690@group-76841156C9C1->0fc4731f-baaf-4631-bdc3-d8623c212dbb: nextIndex: updateUnconditionally 1 -> 0
2022-11-14 01:05:49,718 [grpc-default-executor-3] INFO  server.GrpcLogAppender (GrpcLogAppender.java:onCompleted(415)) - 036f6f39-f91a-40c8-a1f5-620aa24a6690@group-76841156C9C1->0fc4731f-baaf-4631-bdc3-d8623c212dbb-AppendLogResponseHandler: follower responses appendEntries COMPLETED
2022-11-14 01:05:49,719 [grpc-default-executor-3] INFO  leader.FollowerInfo (FollowerInfoImpl.java:lambda$new$0(48)) - 036f6f39-f91a-40c8-a1f5-620aa24a6690@group-76841156C9C1->0fc4731f-baaf-4631-bdc3-d8623c212dbb: nextIndex: updateUnconditionally 0 -> 0
2022-11-14 01:05:49,720 [Command processor thread] INFO  impl.StateMachineUpdater (StateMachineUpdater.java:stopAndJoin(153)) - 036f6f39-f91a-40c8-a1f5-620aa24a6690@group-76841156C9C1-StateMachineUpdater: set stopIndex = 0
2022-11-14 01:05:49,720 [036f6f39-f91a-40c8-a1f5-620aa24a6690@group-76841156C9C1-StateMachineUpdater] INFO  ratis.ContainerStateMachine (ContainerStateMachine.java:takeSnapshot(304)) - group-76841156C9C1: Taking a snapshot at:(t:2, i:0) file /home/runner/work/ozone/ozone/hadoop-ozone/integration-test/target/test-dir/MiniOzoneClusterImpl-533bbe47-9fe4-4f83-8a40-bf54ddc9168f/datanode-2/data/ratis/de039221-47f7-4f22-9f5b-76841156c9c1/sm/snapshot.2_0
2022-11-14 01:05:49,721 [036f6f39-f91a-40c8-a1f5-620aa24a6690@group-76841156C9C1-StateMachineUpdater] INFO  ratis.ContainerStateMachine (ContainerStateMachine.java:takeSnapshot(315)) - group-76841156C9C1: Finished taking a snapshot at:(t:2, i:0) file:/home/runner/work/ozone/ozone/hadoop-ozone/integration-test/target/test-dir/MiniOzoneClusterImpl-533bbe47-9fe4-4f83-8a40-bf54ddc9168f/datanode-2/data/ratis/de039221-47f7-4f22-9f5b-76841156c9c1/sm/snapshot.2_0 took: 1 ms
2022-11-14 01:05:49,721 [036f6f39-f91a-40c8-a1f5-620aa24a6690@group-76841156C9C1-StateMachineUpdater] INFO  impl.StateMachineUpdater (StateMachineUpdater.java:takeSnapshot(287)) - 036f6f39-f91a-40c8-a1f5-620aa24a6690@group-76841156C9C1-StateMachineUpdater: Took a snapshot at index 0
2022-11-14 01:05:49,721 [036f6f39-f91a-40c8-a1f5-620aa24a6690@group-76841156C9C1-StateMachineUpdater] INFO  impl.StateMachineUpdater (StateMachineUpdater.java:lambda$new$0(92)) - 036f6f39-f91a-40c8-a1f5-620aa24a6690@group-76841156C9C1-StateMachineUpdater: snapshotIndex: updateIncreasingly -1 -> 0
2022-11-14 01:05:49,721 [Command processor thread] INFO  server.RaftServer$Division (ServerState.java:close(466)) - 036f6f39-f91a-40c8-a1f5-620aa24a6690@group-76841156C9C1: closes. applyIndex: 0
2022-11-14 01:05:49,721 [036f6f39-f91a-40c8-a1f5-620aa24a6690@group-76841156C9C1-SegmentedRaftLogWorker] INFO  segmented.SegmentedRaftLogWorker (SegmentedRaftLogWorker.java:run(345)) - 036f6f39-f91a-40c8-a1f5-620aa24a6690@group-76841156C9C1-SegmentedRaftLogWorker was interrupted, exiting. There are 0 tasks remaining in the queue.
2022-11-14 01:05:49,723 [Command processor thread] INFO  segmented.SegmentedRaftLogWorker (SegmentedRaftLogWorker.java:close(255)) - 036f6f39-f91a-40c8-a1f5-620aa24a6690@group-76841156C9C1-SegmentedRaftLogWorker close()
2022-11-14 01:05:49,725 [Command processor thread] INFO  server.RaftServer$Division (RaftServerImpl.java:groupRemove(428)) - 036f6f39-f91a-40c8-a1f5-620aa24a6690@group-76841156C9C1: Succeed to remove RaftStorageDirectory Storage Directory /home/runner/work/ozone/ozone/hadoop-ozone/integration-test/target/test-dir/MiniOzoneClusterImpl-533bbe47-9fe4-4f83-8a40-bf54ddc9168f/datanode-2/data/ratis/de039221-47f7-4f22-9f5b-76841156c9c1
2022-11-14 01:05:49,725 [Command processor thread] INFO  commandhandler.ClosePipelineCommandHandler (ClosePipelineCommandHandler.java:handle(78)) - Close Pipeline PipelineID=de039221-47f7-4f22-9f5b-76841156c9c1 command on datanode 036f6f39-f91a-40c8-a1f5-620aa24a6690.
2022-11-14 01:05:49,725 [Command processor thread] INFO  server.RaftServer (RaftServerProxy.java:remove(107)) - 036f6f39-f91a-40c8-a1f5-620aa24a6690: remove  FOLLOWER 036f6f39-f91a-40c8-a1f5-620aa24a6690@group-1579AB3EA12E:t2, leader=52da76b7-c1ad-453e-bf88-2b0b77429b8d, voted=52da76b7-c1ad-453e-bf88-2b0b77429b8d, raftlog=Memoized:036f6f39-f91a-40c8-a1f5-620aa24a6690@group-1579AB3EA12E-SegmentedRaftLog:OPENED:c0, conf=0: peers:[52da76b7-c1ad-453e-bf88-2b0b77429b8d|rpc:10.1.0.33:45707|dataStream:|priority:1|startupRole:FOLLOWER, 036f6f39-f91a-40c8-a1f5-620aa24a6690|rpc:10.1.0.33:37265|dataStream:|priority:0|startupRole:FOLLOWER, 0fc4731f-baaf-4631-bdc3-d8623c212dbb|rpc:10.1.0.33:44873|dataStream:|priority:0|startupRole:FOLLOWER]|listeners:[], old=null RUNNING
2022-11-14 01:05:49,725 [Command processor thread] INFO  server.RaftServer$Division (RaftServerImpl.java:lambda$close$4(458)) - 036f6f39-f91a-40c8-a1f5-620aa24a6690@group-1579AB3EA12E: shutdown
2022-11-14 01:05:49,725 [Command processor thread] INFO  util.JmxRegister (JmxRegister.java:unregister(73)) - Successfully un-registered JMX Bean with object name Ratis:service=RaftServer,group=group-1579AB3EA12E,id=036f6f39-f91a-40c8-a1f5-620aa24a6690
2022-11-14 01:05:49,725 [Command processor thread] INFO  impl.RoleInfo (RoleInfo.java:shutdownFollowerState(110)) - 036f6f39-f91a-40c8-a1f5-620aa24a6690: shutdown 036f6f39-f91a-40c8-a1f5-620aa24a6690@group-1579AB3EA12E-FollowerState
2022-11-14 01:05:49,725 [Command processor thread] INFO  impl.StateMachineUpdater (StateMachineUpdater.java:stopAndJoin(153)) - 036f6f39-f91a-40c8-a1f5-620aa24a6690@group-1579AB3EA12E-StateMachineUpdater: set stopIndex = 0
2022-11-14 01:05:49,725 [036f6f39-f91a-40c8-a1f5-620aa24a6690@group-1579AB3EA12E-FollowerState] INFO  impl.FollowerState (FollowerState.java:run(152)) - 036f6f39-f91a-40c8-a1f5-620aa24a6690@group-1579AB3EA12E-FollowerState was interrupted
2022-11-14 01:05:49,726 [036f6f39-f91a-40c8-a1f5-620aa24a6690@group-1579AB3EA12E-StateMachineUpdater] INFO  ratis.ContainerStateMachine (ContainerStateMachine.java:takeSnapshot(304)) - group-1579AB3EA12E: Taking a snapshot at:(t:2, i:0) file /home/runner/work/ozone/ozone/hadoop-ozone/integration-test/target/test-dir/MiniOzoneClusterImpl-533bbe47-9fe4-4f83-8a40-bf54ddc9168f/datanode-2/data/ratis/3345ad03-93cf-403e-a863-1579ab3ea12e/sm/snapshot.2_0
2022-11-14 01:05:49,726 [036f6f39-f91a-40c8-a1f5-620aa24a6690@group-1579AB3EA12E-StateMachineUpdater] INFO  ratis.ContainerStateMachine (ContainerStateMachine.java:takeSnapshot(315)) - group-1579AB3EA12E: Finished taking a snapshot at:(t:2, i:0) file:/home/runner/work/ozone/ozone/hadoop-ozone/integration-test/target/test-dir/MiniOzoneClusterImpl-533bbe47-9fe4-4f83-8a40-bf54ddc9168f/datanode-2/data/ratis/3345ad03-93cf-403e-a863-1579ab3ea12e/sm/snapshot.2_0 took: 1 ms
2022-11-14 01:05:49,726 [036f6f39-f91a-40c8-a1f5-620aa24a6690@group-1579AB3EA12E-StateMachineUpdater] INFO  impl.StateMachineUpdater (StateMachineUpdater.java:takeSnapshot(287)) - 036f6f39-f91a-40c8-a1f5-620aa24a6690@group-1579AB3EA12E-StateMachineUpdater: Took a snapshot at index 0
2022-11-14 01:05:49,726 [036f6f39-f91a-40c8-a1f5-620aa24a6690@group-1579AB3EA12E-StateMachineUpdater] INFO  impl.StateMachineUpdater (StateMachineUpdater.java:lambda$new$0(92)) - 036f6f39-f91a-40c8-a1f5-620aa24a6690@group-1579AB3EA12E-StateMachineUpdater: snapshotIndex: updateIncreasingly -1 -> 0
2022-11-14 01:05:49,727 [Command processor thread] INFO  server.RaftServer$Division (ServerState.java:close(466)) - 036f6f39-f91a-40c8-a1f5-620aa24a6690@group-1579AB3EA12E: closes. applyIndex: 0
2022-11-14 01:05:49,727 [036f6f39-f91a-40c8-a1f5-620aa24a6690@group-1579AB3EA12E-SegmentedRaftLogWorker] INFO  segmented.SegmentedRaftLogWorker (SegmentedRaftLogWorker.java:run(345)) - 036f6f39-f91a-40c8-a1f5-620aa24a6690@group-1579AB3EA12E-SegmentedRaftLogWorker was interrupted, exiting. There are 0 tasks remaining in the queue.
2022-11-14 01:05:49,727 [Command processor thread] INFO  segmented.SegmentedRaftLogWorker (SegmentedRaftLogWorker.java:close(255)) - 036f6f39-f91a-40c8-a1f5-620aa24a6690@group-1579AB3EA12E-SegmentedRaftLogWorker close()
2022-11-14 01:05:49,729 [Command processor thread] INFO  server.RaftServer$Division (RaftServerImpl.java:groupRemove(428)) - 036f6f39-f91a-40c8-a1f5-620aa24a6690@group-1579AB3EA12E: Succeed to remove RaftStorageDirectory Storage Directory /home/runner/work/ozone/ozone/hadoop-ozone/integration-test/target/test-dir/MiniOzoneClusterImpl-533bbe47-9fe4-4f83-8a40-bf54ddc9168f/datanode-2/data/ratis/3345ad03-93cf-403e-a863-1579ab3ea12e
2022-11-14 01:05:49,729 [Command processor thread] INFO  commandhandler.ClosePipelineCommandHandler (ClosePipelineCommandHandler.java:handle(78)) - Close Pipeline PipelineID=3345ad03-93cf-403e-a863-1579ab3ea12e command on datanode 036f6f39-f91a-40c8-a1f5-620aa24a6690.
2022-11-14 01:05:49,779 [Command processor thread] INFO  server.RaftServer (RaftServerProxy.java:remove(107)) - 52da76b7-c1ad-453e-bf88-2b0b77429b8d: remove  FOLLOWER 52da76b7-c1ad-453e-bf88-2b0b77429b8d@group-76841156C9C1:t2, leader=036f6f39-f91a-40c8-a1f5-620aa24a6690, voted=036f6f39-f91a-40c8-a1f5-620aa24a6690, raftlog=Memoized:52da76b7-c1ad-453e-bf88-2b0b77429b8d@group-76841156C9C1-SegmentedRaftLog:OPENED:c0, conf=0: peers:[52da76b7-c1ad-453e-bf88-2b0b77429b8d|rpc:10.1.0.33:45707|dataStream:|priority:0|startupRole:FOLLOWER, 036f6f39-f91a-40c8-a1f5-620aa24a6690|rpc:10.1.0.33:37265|dataStream:|priority:1|startupRole:FOLLOWER, 0fc4731f-baaf-4631-bdc3-d8623c212dbb|rpc:10.1.0.33:44873|dataStream:|priority:0|startupRole:FOLLOWER]|listeners:[], old=null RUNNING
2022-11-14 01:05:49,779 [Command processor thread] INFO  server.RaftServer$Division (RaftServerImpl.java:lambda$close$4(458)) - 52da76b7-c1ad-453e-bf88-2b0b77429b8d@group-76841156C9C1: shutdown
2022-11-14 01:05:49,779 [Command processor thread] INFO  util.JmxRegister (JmxRegister.java:unregister(73)) - Successfully un-registered JMX Bean with object name Ratis:service=RaftServer,group=group-76841156C9C1,id=52da76b7-c1ad-453e-bf88-2b0b77429b8d
2022-11-14 01:05:49,779 [Command processor thread] INFO  impl.RoleInfo (RoleInfo.java:shutdownFollowerState(110)) - 52da76b7-c1ad-453e-bf88-2b0b77429b8d: shutdown 52da76b7-c1ad-453e-bf88-2b0b77429b8d@group-76841156C9C1-FollowerState
2022-11-14 01:05:49,779 [Command processor thread] INFO  impl.StateMachineUpdater (StateMachineUpdater.java:stopAndJoin(153)) - 52da76b7-c1ad-453e-bf88-2b0b77429b8d@group-76841156C9C1-StateMachineUpdater: set stopIndex = 0
2022-11-14 01:05:49,779 [52da76b7-c1ad-453e-bf88-2b0b77429b8d@group-76841156C9C1-FollowerState] INFO  impl.FollowerState (FollowerState.java:run(152)) - 52da76b7-c1ad-453e-bf88-2b0b77429b8d@group-76841156C9C1-FollowerState was interrupted
2022-11-14 01:05:49,780 [52da76b7-c1ad-453e-bf88-2b0b77429b8d@group-76841156C9C1-StateMachineUpdater] INFO  ratis.ContainerStateMachine (ContainerStateMachine.java:takeSnapshot(304)) - group-76841156C9C1: Taking a snapshot at:(t:2, i:0) file /home/runner/work/ozone/ozone/hadoop-ozone/integration-test/target/test-dir/MiniOzoneClusterImpl-533bbe47-9fe4-4f83-8a40-bf54ddc9168f/datanode-1/data/ratis/de039221-47f7-4f22-9f5b-76841156c9c1/sm/snapshot.2_0
2022-11-14 01:05:49,780 [52da76b7-c1ad-453e-bf88-2b0b77429b8d@group-76841156C9C1-StateMachineUpdater] INFO  ratis.ContainerStateMachine (ContainerStateMachine.java:takeSnapshot(315)) - group-76841156C9C1: Finished taking a snapshot at:(t:2, i:0) file:/home/runner/work/ozone/ozone/hadoop-ozone/integration-test/target/test-dir/MiniOzoneClusterImpl-533bbe47-9fe4-4f83-8a40-bf54ddc9168f/datanode-1/data/ratis/de039221-47f7-4f22-9f5b-76841156c9c1/sm/snapshot.2_0 took: 1 ms
2022-11-14 01:05:49,781 [52da76b7-c1ad-453e-bf88-2b0b77429b8d@group-76841156C9C1-StateMachineUpdater] INFO  impl.StateMachineUpdater (StateMachineUpdater.java:takeSnapshot(287)) - 52da76b7-c1ad-453e-bf88-2b0b77429b8d@group-76841156C9C1-StateMachineUpdater: Took a snapshot at index 0
2022-11-14 01:05:49,781 [52da76b7-c1ad-453e-bf88-2b0b77429b8d@group-76841156C9C1-StateMachineUpdater] INFO  impl.StateMachineUpdater (StateMachineUpdater.java:lambda$new$0(92)) - 52da76b7-c1ad-453e-bf88-2b0b77429b8d@group-76841156C9C1-StateMachineUpdater: snapshotIndex: updateIncreasingly -1 -> 0
2022-11-14 01:05:49,781 [Command processor thread] INFO  server.RaftServer$Division (ServerState.java:close(466)) - 52da76b7-c1ad-453e-bf88-2b0b77429b8d@group-76841156C9C1: closes. applyIndex: 0
2022-11-14 01:05:49,781 [52da76b7-c1ad-453e-bf88-2b0b77429b8d@group-76841156C9C1-SegmentedRaftLogWorker] INFO  segmented.SegmentedRaftLogWorker (SegmentedRaftLogWorker.java:run(345)) - 52da76b7-c1ad-453e-bf88-2b0b77429b8d@group-76841156C9C1-SegmentedRaftLogWorker was interrupted, exiting. There are 0 tasks remaining in the queue.
2022-11-14 01:05:49,781 [Command processor thread] INFO  segmented.SegmentedRaftLogWorker (SegmentedRaftLogWorker.java:close(255)) - 52da76b7-c1ad-453e-bf88-2b0b77429b8d@group-76841156C9C1-SegmentedRaftLogWorker close()
2022-11-14 01:05:49,783 [Command processor thread] INFO  server.RaftServer$Division (RaftServerImpl.java:groupRemove(428)) - 52da76b7-c1ad-453e-bf88-2b0b77429b8d@group-76841156C9C1: Succeed to remove RaftStorageDirectory Storage Directory /home/runner/work/ozone/ozone/hadoop-ozone/integration-test/target/test-dir/MiniOzoneClusterImpl-533bbe47-9fe4-4f83-8a40-bf54ddc9168f/datanode-1/data/ratis/de039221-47f7-4f22-9f5b-76841156c9c1
2022-11-14 01:05:49,783 [Command processor thread] INFO  commandhandler.ClosePipelineCommandHandler (ClosePipelineCommandHandler.java:handle(78)) - Close Pipeline PipelineID=de039221-47f7-4f22-9f5b-76841156c9c1 command on datanode 52da76b7-c1ad-453e-bf88-2b0b77429b8d.
2022-11-14 01:05:49,783 [Command processor thread] INFO  server.RaftServer (RaftServerProxy.java:remove(107)) - 52da76b7-c1ad-453e-bf88-2b0b77429b8d: remove    LEADER 52da76b7-c1ad-453e-bf88-2b0b77429b8d@group-1579AB3EA12E:t2, leader=52da76b7-c1ad-453e-bf88-2b0b77429b8d, voted=52da76b7-c1ad-453e-bf88-2b0b77429b8d, raftlog=Memoized:52da76b7-c1ad-453e-bf88-2b0b77429b8d@group-1579AB3EA12E-SegmentedRaftLog:OPENED:c0, conf=0: peers:[52da76b7-c1ad-453e-bf88-2b0b77429b8d|rpc:10.1.0.33:45707|dataStream:|priority:1|startupRole:FOLLOWER, 036f6f39-f91a-40c8-a1f5-620aa24a6690|rpc:10.1.0.33:37265|dataStream:|priority:0|startupRole:FOLLOWER, 0fc4731f-baaf-4631-bdc3-d8623c212dbb|rpc:10.1.0.33:44873|dataStream:|priority:0|startupRole:FOLLOWER]|listeners:[], old=null RUNNING
2022-11-14 01:05:49,783 [Command processor thread] INFO  server.RaftServer$Division (RaftServerImpl.java:lambda$close$4(458)) - 52da76b7-c1ad-453e-bf88-2b0b77429b8d@group-1579AB3EA12E: shutdown
2022-11-14 01:05:49,783 [Command processor thread] INFO  util.JmxRegister (JmxRegister.java:unregister(73)) - Successfully un-registered JMX Bean with object name Ratis:service=RaftServer,group=group-1579AB3EA12E,id=52da76b7-c1ad-453e-bf88-2b0b77429b8d
2022-11-14 01:05:49,783 [Command processor thread] INFO  impl.RoleInfo (RoleInfo.java:shutdownLeaderState(93)) - 52da76b7-c1ad-453e-bf88-2b0b77429b8d: shutdown 52da76b7-c1ad-453e-bf88-2b0b77429b8d@group-1579AB3EA12E-LeaderStateImpl
2022-11-14 01:05:49,783 [Command processor thread] INFO  impl.PendingRequests (PendingRequests.java:sendNotLeaderResponses(282)) - 52da76b7-c1ad-453e-bf88-2b0b77429b8d@group-1579AB3EA12E-PendingRequests: sendNotLeaderResponses
2022-11-14 01:05:49,784 [Command processor thread] INFO  impl.StateMachineUpdater (StateMachineUpdater.java:stopAndJoin(153)) - 52da76b7-c1ad-453e-bf88-2b0b77429b8d@group-1579AB3EA12E-StateMachineUpdater: set stopIndex = 0
2022-11-14 01:05:49,784 [52da76b7-c1ad-453e-bf88-2b0b77429b8d@group-1579AB3EA12E->0fc4731f-baaf-4631-bdc3-d8623c212dbb-GrpcLogAppender-LogAppenderDaemon] WARN  server.GrpcLogAppender (GrpcLogAppender.java:mayWait(200)) - 52da76b7-c1ad-453e-bf88-2b0b77429b8d@group-1579AB3EA12E->0fc4731f-baaf-4631-bdc3-d8623c212dbb-GrpcLogAppender: Wait interrupted by java.lang.InterruptedException
2022-11-14 01:05:49,785 [52da76b7-c1ad-453e-bf88-2b0b77429b8d@group-1579AB3EA12E->036f6f39-f91a-40c8-a1f5-620aa24a6690-GrpcLogAppender-LogAppenderDaemon] WARN  server.GrpcLogAppender (GrpcLogAppender.java:mayWait(200)) - 52da76b7-c1ad-453e-bf88-2b0b77429b8d@group-1579AB3EA12E->036f6f39-f91a-40c8-a1f5-620aa24a6690-GrpcLogAppender: Wait interrupted by java.lang.InterruptedException
2022-11-14 01:05:49,785 [grpc-default-executor-0] INFO  server.GrpcServerProtocolService (GrpcServerProtocolService.java:onCompleted(145)) - 0fc4731f-baaf-4631-bdc3-d8623c212dbb: Completed APPEND_ENTRIES, lastRequest: 52da76b7-c1ad-453e-bf88-2b0b77429b8d->0fc4731f-baaf-4631-bdc3-d8623c212dbb#1-t2,previous=(t:0, i:0),leaderCommit=0,initializing? true,entries: size=1, first=(t:2, i:0), CONFIGURATIONENTRY(current:id: "52da76b7-c1ad-453e-bf88-2b0b77429b8d"
address: "10.1.0.33:45707"
priority: 1
clientAddress: "10.1.0.33:45707"
adminAddress: "10.1.0.33:45707"
startupRole: FOLLOWER
,id: "036f6f39-f91a-40c8-a1f5-620aa24a6690"
address: "10.1.0.33:37265"
clientAddress: "10.1.0.33:37265"
adminAddress: "10.1.0.33:37265"
startupRole: FOLLOWER
,id: "0fc4731f-baaf-4631-bdc3-d8623c212dbb"
address: "10.1.0.33:44873"
clientAddress: "10.1.0.33:44873"
adminAddress: "10.1.0.33:44873"
startupRole: FOLLOWER
, old:)
2022-11-14 01:05:49,785 [grpc-default-executor-3] INFO  server.GrpcServerProtocolService (GrpcServerProtocolService.java:onCompleted(145)) - 0fc4731f-baaf-4631-bdc3-d8623c212dbb: Completed APPEND_ENTRIES, lastRequest: null
2022-11-14 01:05:49,785 [52da76b7-c1ad-453e-bf88-2b0b77429b8d@group-1579AB3EA12E-StateMachineUpdater] INFO  ratis.ContainerStateMachine (ContainerStateMachine.java:takeSnapshot(304)) - group-1579AB3EA12E: Taking a snapshot at:(t:2, i:0) file /home/runner/work/ozone/ozone/hadoop-ozone/integration-test/target/test-dir/MiniOzoneClusterImpl-533bbe47-9fe4-4f83-8a40-bf54ddc9168f/datanode-1/data/ratis/3345ad03-93cf-403e-a863-1579ab3ea12e/sm/snapshot.2_0
2022-11-14 01:05:49,786 [grpc-default-executor-3] INFO  server.GrpcLogAppender (GrpcLogAppender.java:onCompleted(415)) - 52da76b7-c1ad-453e-bf88-2b0b77429b8d@group-1579AB3EA12E->0fc4731f-baaf-4631-bdc3-d8623c212dbb-AppendLogResponseHandler: follower responses appendEntries COMPLETED
2022-11-14 01:05:49,786 [52da76b7-c1ad-453e-bf88-2b0b77429b8d@group-1579AB3EA12E-StateMachineUpdater] INFO  ratis.ContainerStateMachine (ContainerStateMachine.java:takeSnapshot(315)) - group-1579AB3EA12E: Finished taking a snapshot at:(t:2, i:0) file:/home/runner/work/ozone/ozone/hadoop-ozone/integration-test/target/test-dir/MiniOzoneClusterImpl-533bbe47-9fe4-4f83-8a40-bf54ddc9168f/datanode-1/data/ratis/3345ad03-93cf-403e-a863-1579ab3ea12e/sm/snapshot.2_0 took: 1 ms
2022-11-14 01:05:49,786 [grpc-default-executor-3] INFO  leader.FollowerInfo (FollowerInfoImpl.java:lambda$new$0(48)) - 52da76b7-c1ad-453e-bf88-2b0b77429b8d@group-1579AB3EA12E->0fc4731f-baaf-4631-bdc3-d8623c212dbb: nextIndex: updateUnconditionally 1 -> 0
2022-11-14 01:05:49,786 [grpc-default-executor-0] INFO  server.GrpcServerProtocolService (GrpcServerProtocolService.java:onCompleted(145)) - 036f6f39-f91a-40c8-a1f5-620aa24a6690: Completed APPEND_ENTRIES, lastRequest: null
2022-11-14 01:05:49,786 [grpc-default-executor-3] INFO  server.GrpcLogAppender (GrpcLogAppender.java:onCompleted(415)) - 52da76b7-c1ad-453e-bf88-2b0b77429b8d@group-1579AB3EA12E->0fc4731f-baaf-4631-bdc3-d8623c212dbb-AppendLogResponseHandler: follower responses appendEntries COMPLETED
2022-11-14 01:05:49,786 [52da76b7-c1ad-453e-bf88-2b0b77429b8d@group-1579AB3EA12E-StateMachineUpdater] INFO  impl.StateMachineUpdater (StateMachineUpdater.java:takeSnapshot(287)) - 52da76b7-c1ad-453e-bf88-2b0b77429b8d@group-1579AB3EA12E-StateMachineUpdater: Took a snapshot at index 0
2022-11-14 01:05:49,787 [52da76b7-c1ad-453e-bf88-2b0b77429b8d@group-1579AB3EA12E-StateMachineUpdater] INFO  impl.StateMachineUpdater (StateMachineUpdater.java:lambda$new$0(92)) - 52da76b7-c1ad-453e-bf88-2b0b77429b8d@group-1579AB3EA12E-StateMachineUpdater: snapshotIndex: updateIncreasingly -1 -> 0
2022-11-14 01:05:49,787 [grpc-default-executor-3] INFO  leader.FollowerInfo (FollowerInfoImpl.java:lambda$new$0(48)) - 52da76b7-c1ad-453e-bf88-2b0b77429b8d@group-1579AB3EA12E->0fc4731f-baaf-4631-bdc3-d8623c212dbb: nextIndex: updateUnconditionally 0 -> 0
2022-11-14 01:05:49,787 [grpc-default-executor-0] INFO  server.GrpcServerProtocolService (GrpcServerProtocolService.java:onCompleted(145)) - 036f6f39-f91a-40c8-a1f5-620aa24a6690: Completed APPEND_ENTRIES, lastRequest: 52da76b7-c1ad-453e-bf88-2b0b77429b8d->036f6f39-f91a-40c8-a1f5-620aa24a6690#1-t2,previous=(t:0, i:0),leaderCommit=0,initializing? true,entries: size=1, first=(t:2, i:0), CONFIGURATIONENTRY(current:id: "52da76b7-c1ad-453e-bf88-2b0b77429b8d"
address: "10.1.0.33:45707"
priority: 1
clientAddress: "10.1.0.33:45707"
adminAddress: "10.1.0.33:45707"
startupRole: FOLLOWER
,id: "036f6f39-f91a-40c8-a1f5-620aa24a6690"
address: "10.1.0.33:37265"
clientAddress: "10.1.0.33:37265"
adminAddress: "10.1.0.33:37265"
startupRole: FOLLOWER
,id: "0fc4731f-baaf-4631-bdc3-d8623c212dbb"
address: "10.1.0.33:44873"
clientAddress: "10.1.0.33:44873"
adminAddress: "10.1.0.33:44873"
startupRole: FOLLOWER
, old:)
2022-11-14 01:05:49,788 [grpc-default-executor-7] INFO  server.GrpcLogAppender (GrpcLogAppender.java:onCompleted(415)) - 52da76b7-c1ad-453e-bf88-2b0b77429b8d@group-1579AB3EA12E->036f6f39-f91a-40c8-a1f5-620aa24a6690-AppendLogResponseHandler: follower responses appendEntries COMPLETED
2022-11-14 01:05:49,788 [grpc-default-executor-7] INFO  leader.FollowerInfo (FollowerInfoImpl.java:lambda$new$0(48)) - 52da76b7-c1ad-453e-bf88-2b0b77429b8d@group-1579AB3EA12E->036f6f39-f91a-40c8-a1f5-620aa24a6690: nextIndex: updateUnconditionally 1 -> 0
2022-11-14 01:05:49,788 [Command processor thread] INFO  server.RaftServer$Division (ServerState.java:close(466)) - 52da76b7-c1ad-453e-bf88-2b0b77429b8d@group-1579AB3EA12E: closes. applyIndex: 0
2022-11-14 01:05:49,788 [52da76b7-c1ad-453e-bf88-2b0b77429b8d@group-1579AB3EA12E-SegmentedRaftLogWorker] INFO  segmented.SegmentedRaftLogWorker (SegmentedRaftLogWorker.java:run(345)) - 52da76b7-c1ad-453e-bf88-2b0b77429b8d@group-1579AB3EA12E-SegmentedRaftLogWorker was interrupted, exiting. There are 0 tasks remaining in the queue.
2022-11-14 01:05:49,788 [Command processor thread] INFO  segmented.SegmentedRaftLogWorker (SegmentedRaftLogWorker.java:close(255)) - 52da76b7-c1ad-453e-bf88-2b0b77429b8d@group-1579AB3EA12E-SegmentedRaftLogWorker close()
2022-11-14 01:05:49,792 [grpc-default-executor-3] INFO  server.GrpcLogAppender (GrpcLogAppender.java:onCompleted(415)) - 52da76b7-c1ad-453e-bf88-2b0b77429b8d@group-1579AB3EA12E->036f6f39-f91a-40c8-a1f5-620aa24a6690-AppendLogResponseHandler: follower responses appendEntries COMPLETED
2022-11-14 01:05:49,792 [grpc-default-executor-3] INFO  leader.FollowerInfo (FollowerInfoImpl.java:lambda$new$0(48)) - 52da76b7-c1ad-453e-bf88-2b0b77429b8d@group-1579AB3EA12E->036f6f39-f91a-40c8-a1f5-620aa24a6690: nextIndex: updateUnconditionally 0 -> 0
2022-11-14 01:05:49,792 [Command processor thread] INFO  server.RaftServer$Division (RaftServerImpl.java:groupRemove(428)) - 52da76b7-c1ad-453e-bf88-2b0b77429b8d@group-1579AB3EA12E: Succeed to remove RaftStorageDirectory Storage Directory /home/runner/work/ozone/ozone/hadoop-ozone/integration-test/target/test-dir/MiniOzoneClusterImpl-533bbe47-9fe4-4f83-8a40-bf54ddc9168f/datanode-1/data/ratis/3345ad03-93cf-403e-a863-1579ab3ea12e
2022-11-14 01:05:49,792 [Command processor thread] INFO  commandhandler.ClosePipelineCommandHandler (ClosePipelineCommandHandler.java:handle(78)) - Close Pipeline PipelineID=3345ad03-93cf-403e-a863-1579ab3ea12e command on datanode 52da76b7-c1ad-453e-bf88-2b0b77429b8d.
2022-11-14 01:05:58,449 [Over Replicated Processor] INFO  replication.OverReplicatedProcessor (OverReplicatedProcessor.java:processAll(90)) - Processed 0 over replicated containers, failed processing 0
2022-11-14 01:05:58,459 [Under Replicated Processor] INFO  replication.UnderReplicatedProcessor (UnderReplicatedProcessor.java:processAll(92)) - Processed 0 under replicated containers, failed processing 0
2022-11-14 01:06:28,449 [Over Replicated Processor] INFO  replication.OverReplicatedProcessor (OverReplicatedProcessor.java:processAll(90)) - Processed 0 over replicated containers, failed processing 0
2022-11-14 01:06:28,460 [Under Replicated Processor] INFO  replication.UnderReplicatedProcessor (UnderReplicatedProcessor.java:processAll(92)) - Processed 0 under replicated containers, failed processing 0
2022-11-14 01:06:46,881 [Listener at 127.0.0.1/43083] INFO  ozone.MiniOzoneClusterImpl (MiniOzoneClusterImpl.java:shutdown(448)) - Shutting down the Mini Ozone Cluster
2022-11-14 01:06:46,882 [Listener at 127.0.0.1/43083] INFO  ozone.MiniOzoneClusterImpl (MiniOzoneClusterImpl.java:stop(463)) - Stopping the Mini Ozone Cluster
2022-11-14 01:06:46,882 [Listener at 127.0.0.1/43083] INFO  ozone.MiniOzoneClusterImpl (MiniOzoneClusterImpl.java:stopOM(545)) - Stopping the OzoneManager
2022-11-14 01:06:46,882 [Listener at 127.0.0.1/43083] INFO  om.OzoneManager (OzoneManager.java:stop(2036)) - om1[localhost:0]: Stopping Ozone Manager
2022-11-14 01:06:46,882 [Listener at 127.0.0.1/43083] INFO  ipc.Server (Server.java:stop(3428)) - Stopping server on 43083
2022-11-14 01:06:46,884 [IPC Server listener on 0] INFO  ipc.Server (Server.java:run(1384)) - Stopping IPC Server listener on 0
2022-11-14 01:06:46,885 [IPC Server Responder] INFO  ipc.Server (Server.java:run(1517)) - Stopping IPC Server Responder
2022-11-14 01:06:46,885 [Listener at 127.0.0.1/43083] INFO  server.RaftServer (RaftServerProxy.java:lambda$close$6(409)) - om1: close
2022-11-14 01:06:46,885 [Listener at 127.0.0.1/43083] INFO  server.GrpcService (GrpcService.java:closeImpl(279)) - om1: shutdown server GrpcServerProtocolService now
2022-11-14 01:06:46,886 [Listener at 127.0.0.1/43083] INFO  server.GrpcService (GrpcService.java:closeImpl(288)) - om1: shutdown server GrpcServerProtocolService successfully
2022-11-14 01:06:46,886 [om1-impl-thread2] INFO  server.RaftServer$Division (RaftServerImpl.java:lambda$close$4(458)) - om1@group-C5BA1605619E: shutdown
2022-11-14 01:06:46,886 [om1-impl-thread2] INFO  util.JmxRegister (JmxRegister.java:unregister(73)) - Successfully un-registered JMX Bean with object name Ratis:service=RaftServer,group=group-C5BA1605619E,id=om1
2022-11-14 01:06:46,886 [om1-impl-thread2] INFO  impl.RoleInfo (RoleInfo.java:shutdownLeaderState(93)) - om1: shutdown om1@group-C5BA1605619E-LeaderStateImpl
2022-11-14 01:06:46,886 [om1-impl-thread2] INFO  impl.PendingRequests (PendingRequests.java:sendNotLeaderResponses(282)) - om1@group-C5BA1605619E-PendingRequests: sendNotLeaderResponses
2022-11-14 01:06:46,889 [om1@group-C5BA1605619E-StateMachineUpdater] INFO  ratis.OzoneManagerStateMachine (OzoneManagerStateMachine.java:takeSnapshot(445)) - Current Snapshot Index (t:1, i:2)
2022-11-14 01:06:46,889 [om1@group-C5BA1605619E-StateMachineUpdater] INFO  impl.StateMachineUpdater (StateMachineUpdater.java:takeSnapshot(287)) - om1@group-C5BA1605619E-StateMachineUpdater: Took a snapshot at index 2
2022-11-14 01:06:46,889 [om1@group-C5BA1605619E-StateMachineUpdater] INFO  impl.StateMachineUpdater (StateMachineUpdater.java:lambda$new$0(92)) - om1@group-C5BA1605619E-StateMachineUpdater: snapshotIndex: updateIncreasingly -1 -> 2
2022-11-14 01:06:46,889 [om1@group-C5BA1605619E-StateMachineUpdater] INFO  ratis.OzoneManagerStateMachine (OzoneManagerStateMachine.java:close(499)) - StateMachine has shutdown. Shutdown OzoneManager if not already shutdown.
2022-11-14 01:06:46,889 [om1@group-C5BA1605619E-StateMachineUpdater] INFO  ratis.OzoneManagerDoubleBuffer (OzoneManagerDoubleBuffer.java:stop(466)) - Stopping OMDoubleBuffer flush thread
2022-11-14 01:06:46,889 [OMDoubleBufferFlushThread] INFO  ratis.OzoneManagerDoubleBuffer (OzoneManagerDoubleBuffer.java:flushTransactions(385)) - OMDoubleBuffer flush thread OMDoubleBufferFlushThread is interrupted and will exit.
2022-11-14 01:06:46,890 [om1-impl-thread2] INFO  impl.StateMachineUpdater (StateMachineUpdater.java:stopAndJoin(153)) - om1@group-C5BA1605619E-StateMachineUpdater: set stopIndex = 2
2022-11-14 01:06:46,890 [om1-impl-thread2] INFO  server.RaftServer$Division (ServerState.java:close(466)) - om1@group-C5BA1605619E: closes. applyIndex: 2
2022-11-14 01:06:46,890 [om1@group-C5BA1605619E-SegmentedRaftLogWorker] INFO  segmented.SegmentedRaftLogWorker (SegmentedRaftLogWorker.java:run(345)) - om1@group-C5BA1605619E-SegmentedRaftLogWorker was interrupted, exiting. There are 0 tasks remaining in the queue.
2022-11-14 01:06:46,891 [om1-impl-thread2] INFO  segmented.SegmentedRaftLogWorker (SegmentedRaftLogWorker.java:close(255)) - om1@group-C5BA1605619E-SegmentedRaftLogWorker close()
2022-11-14 01:06:46,892 [JvmPauseMonitor11] INFO  util.JvmPauseMonitor (JvmPauseMonitor.java:run(111)) - JvmPauseMonitor-om1: Stopped
2022-11-14 01:06:46,892 [Listener at 127.0.0.1/43083] INFO  ratis.OzoneManagerStateMachine (OzoneManagerStateMachine.java:close(499)) - StateMachine has shutdown. Shutdown OzoneManager if not already shutdown.
2022-11-14 01:06:46,892 [Listener at 127.0.0.1/43083] INFO  ratis.OzoneManagerDoubleBuffer (OzoneManagerDoubleBuffer.java:stop(478)) - OMDoubleBuffer flush thread is not running.
2022-11-14 01:06:46,892 [Listener at 127.0.0.1/43083] INFO  utils.BackgroundService (BackgroundService.java:shutdown(141)) - Shutting down service KeyDeletingService
2022-11-14 01:06:46,894 [Listener at 127.0.0.1/43083] INFO  utils.BackgroundService (BackgroundService.java:shutdown(141)) - Shutting down service DirectoryDeletingService
2022-11-14 01:06:46,894 [Listener at 127.0.0.1/43083] INFO  utils.BackgroundService (BackgroundService.java:shutdown(141)) - Shutting down service OpenKeyCleanupService
2022-11-14 01:06:46,895 [Listener at 127.0.0.1/43083] INFO  handler.ContextHandler (ContextHandler.java:doStop(1159)) - Stopped o.e.j.w.WebAppContext@2bfdb3ec{ozoneManager,/,null,STOPPED}{file:/home/runner/work/ozone/ozone/hadoop-ozone/integration-test/target/test-classes/webapps/ozoneManager}
2022-11-14 01:06:46,896 [Listener at 127.0.0.1/43083] INFO  server.AbstractConnector (AbstractConnector.java:doStop(383)) - Stopped ServerConnector@21aab942{HTTP/1.1, (http/1.1)}{0.0.0.0:0}
2022-11-14 01:06:46,896 [Listener at 127.0.0.1/43083] INFO  server.session (HouseKeeper.java:stopScavenging(149)) - node0 Stopped scavenging
2022-11-14 01:06:46,896 [Listener at 127.0.0.1/43083] INFO  handler.ContextHandler (ContextHandler.java:doStop(1159)) - Stopped o.e.j.s.ServletContextHandler@2d363251{static,/static,file:///home/runner/work/ozone/ozone/hadoop-ozone/integration-test/target/test-classes/webapps/static,STOPPED}
2022-11-14 01:06:46,896 [Listener at 127.0.0.1/43083] INFO  handler.ContextHandler (ContextHandler.java:doStop(1159)) - Stopped o.e.j.s.ServletContextHandler@20bb982c{logs,/logs,file:///home/runner/work/ozone/ozone/hadoop-ozone/integration-test/target/log,STOPPED}
2022-11-14 01:06:46,899 [Listener at 127.0.0.1/43083] INFO  ozone.MiniOzoneClusterImpl (MiniOzoneClusterImpl.java:stopDatanodes(522)) - Stopping the HddsDatanodes
2022-11-14 01:06:46,903 [ForkJoinPool.commonPool-worker-0] INFO  ozoneimpl.OzoneContainer (OzoneContainer.java:stop(400)) - Attempting to stop container services.
2022-11-14 01:06:46,904 [Listener at 127.0.0.1/43083] INFO  ozoneimpl.OzoneContainer (OzoneContainer.java:stop(400)) - Attempting to stop container services.
2022-11-14 01:06:46,905 [Listener at 127.0.0.1/43083] INFO  server.RaftServer (RaftServerProxy.java:lambda$close$6(409)) - 5580caa2-355e-4705-b703-b3b115bf5f47: close
2022-11-14 01:06:46,905 [ForkJoinPool.commonPool-worker-0] INFO  server.RaftServer (RaftServerProxy.java:lambda$close$6(409)) - 52da76b7-c1ad-453e-bf88-2b0b77429b8d: close
2022-11-14 01:06:46,905 [ForkJoinPool.commonPool-worker-0] INFO  server.GrpcService (GrpcService.java:closeImpl(279)) - 52da76b7-c1ad-453e-bf88-2b0b77429b8d: shutdown server GrpcServerProtocolService now
2022-11-14 01:06:46,906 [Listener at 127.0.0.1/43083] INFO  server.GrpcService (GrpcService.java:closeImpl(279)) - 5580caa2-355e-4705-b703-b3b115bf5f47: shutdown server GrpcServerProtocolService now
2022-11-14 01:06:46,915 [Listener at 127.0.0.1/43083] INFO  server.GrpcServerProtocolClient (GrpcServerProtocolClient.java:close(111)) - e47c0d7c-1c57-43cf-a038-4c1ee28029c6 Close channels
2022-11-14 01:06:46,916 [5580caa2-355e-4705-b703-b3b115bf5f47-impl-thread2] INFO  server.RaftServer$Division (RaftServerImpl.java:lambda$close$4(458)) - 5580caa2-355e-4705-b703-b3b115bf5f47@group-E7106E4C0F9A: shutdown
2022-11-14 01:06:46,916 [5580caa2-355e-4705-b703-b3b115bf5f47-impl-thread2] INFO  util.JmxRegister (JmxRegister.java:unregister(73)) - Successfully un-registered JMX Bean with object name Ratis:service=RaftServer,group=group-E7106E4C0F9A,id=5580caa2-355e-4705-b703-b3b115bf5f47
2022-11-14 01:06:46,916 [5580caa2-355e-4705-b703-b3b115bf5f47-impl-thread2] INFO  impl.RoleInfo (RoleInfo.java:shutdownFollowerState(110)) - 5580caa2-355e-4705-b703-b3b115bf5f47: shutdown 5580caa2-355e-4705-b703-b3b115bf5f47@group-E7106E4C0F9A-FollowerState
2022-11-14 01:06:46,916 [5580caa2-355e-4705-b703-b3b115bf5f47@group-E7106E4C0F9A-StateMachineUpdater] INFO  ratis.ContainerStateMachine (ContainerStateMachine.java:takeSnapshot(304)) - group-E7106E4C0F9A: Taking a snapshot at:(t:2, i:0) file /home/runner/work/ozone/ozone/hadoop-ozone/integration-test/target/test-dir/MiniOzoneClusterImpl-533bbe47-9fe4-4f83-8a40-bf54ddc9168f/datanode-3/data/ratis/79432587-0e7b-4106-a466-e7106e4c0f9a/sm/snapshot.2_0
2022-11-14 01:06:46,916 [5580caa2-355e-4705-b703-b3b115bf5f47-impl-thread2] INFO  impl.StateMachineUpdater (StateMachineUpdater.java:stopAndJoin(153)) - 5580caa2-355e-4705-b703-b3b115bf5f47@group-E7106E4C0F9A-StateMachineUpdater: set stopIndex = 0
2022-11-14 01:06:46,917 [5580caa2-355e-4705-b703-b3b115bf5f47@group-E7106E4C0F9A-StateMachineUpdater] INFO  ratis.ContainerStateMachine (ContainerStateMachine.java:takeSnapshot(315)) - group-E7106E4C0F9A: Finished taking a snapshot at:(t:2, i:0) file:/home/runner/work/ozone/ozone/hadoop-ozone/integration-test/target/test-dir/MiniOzoneClusterImpl-533bbe47-9fe4-4f83-8a40-bf54ddc9168f/datanode-3/data/ratis/79432587-0e7b-4106-a466-e7106e4c0f9a/sm/snapshot.2_0 took: 0 ms
2022-11-14 01:06:46,917 [5580caa2-355e-4705-b703-b3b115bf5f47@group-E7106E4C0F9A-StateMachineUpdater] INFO  impl.StateMachineUpdater (StateMachineUpdater.java:takeSnapshot(287)) - 5580caa2-355e-4705-b703-b3b115bf5f47@group-E7106E4C0F9A-StateMachineUpdater: Took a snapshot at index 0
2022-11-14 01:06:46,917 [5580caa2-355e-4705-b703-b3b115bf5f47@group-E7106E4C0F9A-StateMachineUpdater] INFO  impl.StateMachineUpdater (StateMachineUpdater.java:lambda$new$0(92)) - 5580caa2-355e-4705-b703-b3b115bf5f47@group-E7106E4C0F9A-StateMachineUpdater: snapshotIndex: updateIncreasingly -1 -> 0
2022-11-14 01:06:46,917 [5580caa2-355e-4705-b703-b3b115bf5f47-impl-thread2] INFO  server.RaftServer$Division (ServerState.java:close(466)) - 5580caa2-355e-4705-b703-b3b115bf5f47@group-E7106E4C0F9A: closes. applyIndex: 0
2022-11-14 01:06:46,918 [5580caa2-355e-4705-b703-b3b115bf5f47@group-E7106E4C0F9A-SegmentedRaftLogWorker] INFO  segmented.SegmentedRaftLogWorker (SegmentedRaftLogWorker.java:run(345)) - 5580caa2-355e-4705-b703-b3b115bf5f47@group-E7106E4C0F9A-SegmentedRaftLogWorker was interrupted, exiting. There are 0 tasks remaining in the queue.
2022-11-14 01:06:46,918 [grpc-default-executor-3] WARN  server.GrpcServerProtocolService (LogUtils.java:warn(122)) - 5580caa2-355e-4705-b703-b3b115bf5f47: installSnapshot onError, lastRequest: e47c0d7c-1c57-43cf-a038-4c1ee28029c6->5580caa2-355e-4705-b703-b3b115bf5f47#1-t2,previous=(t:0, i:0),leaderCommit=0,initializing? true,entries: size=1, first=(t:2, i:0), CONFIGURATIONENTRY(current:id: "e47c0d7c-1c57-43cf-a038-4c1ee28029c6"
address: "10.1.0.33:39237"
priority: 1
clientAddress: "10.1.0.33:39237"
adminAddress: "10.1.0.33:39237"
startupRole: FOLLOWER
,id: "5580caa2-355e-4705-b703-b3b115bf5f47"
address: "10.1.0.33:42291"
clientAddress: "10.1.0.33:42291"
adminAddress: "10.1.0.33:42291"
startupRole: FOLLOWER
,id: "0803b3f8-d7a7-4034-819c-d574a53cd8d2"
address: "10.1.0.33:46295"
clientAddress: "10.1.0.33:46295"
adminAddress: "10.1.0.33:46295"
startupRole: FOLLOWER
, old:): org.apache.ratis.thirdparty.io.grpc.StatusRuntimeException: CANCELLED: client cancelled
2022-11-14 01:06:46,918 [5580caa2-355e-4705-b703-b3b115bf5f47-impl-thread2] INFO  segmented.SegmentedRaftLogWorker (SegmentedRaftLogWorker.java:close(255)) - 5580caa2-355e-4705-b703-b3b115bf5f47@group-E7106E4C0F9A-SegmentedRaftLogWorker close()
2022-11-14 01:06:46,918 [5580caa2-355e-4705-b703-b3b115bf5f47@group-E7106E4C0F9A-FollowerState] INFO  impl.FollowerState (FollowerState.java:run(152)) - 5580caa2-355e-4705-b703-b3b115bf5f47@group-E7106E4C0F9A-FollowerState was interrupted
2022-11-14 01:06:46,918 [ForkJoinPool.commonPool-worker-0] INFO  server.GrpcServerProtocolClient (GrpcServerProtocolClient.java:close(111)) - 036f6f39-f91a-40c8-a1f5-620aa24a6690 Close channels
2022-11-14 01:06:46,921 [grpc-default-executor-7] WARN  server.GrpcLogAppender (LogUtils.java:warn(122)) - e47c0d7c-1c57-43cf-a038-4c1ee28029c6@group-E7106E4C0F9A->5580caa2-355e-4705-b703-b3b115bf5f47-AppendLogResponseHandler: Failed appendEntries: org.apache.ratis.thirdparty.io.grpc.StatusRuntimeException: CANCELLED: RST_STREAM closed stream. HTTP/2 error code: CANCEL
2022-11-14 01:06:46,921 [grpc-default-executor-7] WARN  server.GrpcLogAppender (GrpcLogAppender.java:resetClient(131)) - e47c0d7c-1c57-43cf-a038-4c1ee28029c6@group-E7106E4C0F9A->5580caa2-355e-4705-b703-b3b115bf5f47-GrpcLogAppender: Leader has not got in touch with Follower e47c0d7c-1c57-43cf-a038-4c1ee28029c6@group-E7106E4C0F9A->5580caa2-355e-4705-b703-b3b115bf5f47(c0,m0,n1, attendVote=true, lastRpcSendTime=1599, lastRpcResponseTime=1597) yet, just keep nextIndex unchanged and retry.
2022-11-14 01:06:46,922 [grpc-default-executor-0] WARN  server.GrpcServerProtocolService (LogUtils.java:warn(122)) - 5580caa2-355e-4705-b703-b3b115bf5f47: installSnapshot onError, lastRequest: null: org.apache.ratis.thirdparty.io.grpc.StatusRuntimeException: CANCELLED: client cancelled
2022-11-14 01:06:46,923 [grpc-default-executor-4] WARN  server.GrpcLogAppender (LogUtils.java:warn(122)) - e47c0d7c-1c57-43cf-a038-4c1ee28029c6@group-E7106E4C0F9A->5580caa2-355e-4705-b703-b3b115bf5f47-AppendLogResponseHandler: Failed appendEntries: org.apache.ratis.thirdparty.io.grpc.StatusRuntimeException: CANCELLED: RST_STREAM closed stream. HTTP/2 error code: CANCEL
2022-11-14 01:06:46,923 [grpc-default-executor-4] WARN  server.GrpcLogAppender (GrpcLogAppender.java:resetClient(131)) - e47c0d7c-1c57-43cf-a038-4c1ee28029c6@group-E7106E4C0F9A->5580caa2-355e-4705-b703-b3b115bf5f47-GrpcLogAppender: Leader has not got in touch with Follower e47c0d7c-1c57-43cf-a038-4c1ee28029c6@group-E7106E4C0F9A->5580caa2-355e-4705-b703-b3b115bf5f47(c0,m0,n1, attendVote=true, lastRpcSendTime=1601, lastRpcResponseTime=1599) yet, just keep nextIndex unchanged and retry.
2022-11-14 01:06:46,924 [Listener at 127.0.0.1/43083] INFO  server.GrpcServerProtocolClient (GrpcServerProtocolClient.java:close(111)) - 0803b3f8-d7a7-4034-819c-d574a53cd8d2 Close channels
2022-11-14 01:06:46,925 [Listener at 127.0.0.1/43083] INFO  server.GrpcService (GrpcService.java:closeImpl(288)) - 5580caa2-355e-4705-b703-b3b115bf5f47: shutdown server GrpcServerProtocolService successfully
2022-11-14 01:06:46,925 [JvmPauseMonitor15] INFO  util.JvmPauseMonitor (JvmPauseMonitor.java:run(111)) - JvmPauseMonitor-5580caa2-355e-4705-b703-b3b115bf5f47: Stopped
2022-11-14 01:06:46,927 [ForkJoinPool.commonPool-worker-0] INFO  server.GrpcServerProtocolClient (GrpcServerProtocolClient.java:close(111)) - 0fc4731f-baaf-4631-bdc3-d8623c212dbb Close channels
2022-11-14 01:06:46,928 [ForkJoinPool.commonPool-worker-0] INFO  server.GrpcService (GrpcService.java:closeImpl(288)) - 52da76b7-c1ad-453e-bf88-2b0b77429b8d: shutdown server GrpcServerProtocolService successfully
2022-11-14 01:06:46,928 [JvmPauseMonitor13] INFO  util.JvmPauseMonitor (JvmPauseMonitor.java:run(111)) - JvmPauseMonitor-52da76b7-c1ad-453e-bf88-2b0b77429b8d: Stopped
2022-11-14 01:06:47,828 [grpc-default-executor-4] WARN  server.GrpcLogAppender (LogUtils.java:warn(122)) - e47c0d7c-1c57-43cf-a038-4c1ee28029c6@group-E7106E4C0F9A->5580caa2-355e-4705-b703-b3b115bf5f47-AppendLogResponseHandler: Failed appendEntries: org.apache.ratis.thirdparty.io.grpc.StatusRuntimeException: UNAVAILABLE: io exception
2022-11-14 01:06:47,830 [grpc-default-executor-3] WARN  server.GrpcLogAppender (LogUtils.java:warn(122)) - e47c0d7c-1c57-43cf-a038-4c1ee28029c6@group-E7106E4C0F9A->5580caa2-355e-4705-b703-b3b115bf5f47-AppendLogResponseHandler: Failed appendEntries: org.apache.ratis.thirdparty.io.grpc.StatusRuntimeException: UNAVAILABLE: io exception
2022-11-14 01:06:47,831 [grpc-default-executor-4] WARN  server.GrpcLogAppender (GrpcLogAppender.java:resetClient(131)) - e47c0d7c-1c57-43cf-a038-4c1ee28029c6@group-E7106E4C0F9A->5580caa2-355e-4705-b703-b3b115bf5f47-GrpcLogAppender: Leader has not got in touch with Follower e47c0d7c-1c57-43cf-a038-4c1ee28029c6@group-E7106E4C0F9A->5580caa2-355e-4705-b703-b3b115bf5f47(c0,m0,n1, attendVote=true, lastRpcSendTime=2508, lastRpcResponseTime=2506) yet, just keep nextIndex unchanged and retry.
2022-11-14 01:06:47,831 [grpc-default-executor-3] WARN  server.GrpcLogAppender (GrpcLogAppender.java:resetClient(131)) - e47c0d7c-1c57-43cf-a038-4c1ee28029c6@group-E7106E4C0F9A->5580caa2-355e-4705-b703-b3b115bf5f47-GrpcLogAppender: Leader has not got in touch with Follower e47c0d7c-1c57-43cf-a038-4c1ee28029c6@group-E7106E4C0F9A->5580caa2-355e-4705-b703-b3b115bf5f47(c0,m0,n1, attendVote=true, lastRpcSendTime=2508, lastRpcResponseTime=2506) yet, just keep nextIndex unchanged and retry.
2022-11-14 01:06:47,832 [grpc-default-executor-3] WARN  server.GrpcLogAppender (LogUtils.java:warn(122)) - e47c0d7c-1c57-43cf-a038-4c1ee28029c6@group-E7106E4C0F9A->5580caa2-355e-4705-b703-b3b115bf5f47-AppendLogResponseHandler: Failed appendEntries: org.apache.ratis.thirdparty.io.grpc.StatusRuntimeException: UNAVAILABLE: io exception
2022-11-14 01:06:47,832 [grpc-default-executor-4] WARN  server.GrpcLogAppender (LogUtils.java:warn(122)) - e47c0d7c-1c57-43cf-a038-4c1ee28029c6@group-E7106E4C0F9A->5580caa2-355e-4705-b703-b3b115bf5f47-AppendLogResponseHandler: Failed appendEntries: org.apache.ratis.thirdparty.io.grpc.StatusRuntimeException: UNAVAILABLE: io exception
2022-11-14 01:06:47,832 [grpc-default-executor-3] WARN  server.GrpcLogAppender (GrpcLogAppender.java:resetClient(131)) - e47c0d7c-1c57-43cf-a038-4c1ee28029c6@group-E7106E4C0F9A->5580caa2-355e-4705-b703-b3b115bf5f47-GrpcLogAppender: Leader has not got in touch with Follower e47c0d7c-1c57-43cf-a038-4c1ee28029c6@group-E7106E4C0F9A->5580caa2-355e-4705-b703-b3b115bf5f47(c0,m0,n1, attendVote=true, lastRpcSendTime=0, lastRpcResponseTime=2508) yet, just keep nextIndex unchanged and retry.
2022-11-14 01:06:47,833 [grpc-default-executor-4] WARN  server.GrpcLogAppender (GrpcLogAppender.java:resetClient(131)) - e47c0d7c-1c57-43cf-a038-4c1ee28029c6@group-E7106E4C0F9A->5580caa2-355e-4705-b703-b3b115bf5f47-GrpcLogAppender: Leader has not got in touch with Follower e47c0d7c-1c57-43cf-a038-4c1ee28029c6@group-E7106E4C0F9A->5580caa2-355e-4705-b703-b3b115bf5f47(c0,m0,n1, attendVote=true, lastRpcSendTime=1, lastRpcResponseTime=2508) yet, just keep nextIndex unchanged and retry.
2022-11-14 01:06:48,935 [Listener at 127.0.0.1/43083] INFO  volume.HddsVolume (HddsVolume.java:closeDbStore(338)) - SchemaV3 db is stopped at /home/runner/work/ozone/ozone/hadoop-ozone/integration-test/target/test-dir/MiniOzoneClusterImpl-533bbe47-9fe4-4f83-8a40-bf54ddc9168f/datanode-3/data-0/containers/hdds/533bbe47-9fe4-4f83-8a40-bf54ddc9168f/DS-dfa45d2d-187b-44ea-a48a-c59f4271c22d/container.db for volume DS-dfa45d2d-187b-44ea-a48a-c59f4271c22d
2022-11-14 01:06:48,936 [Listener at 127.0.0.1/43083] INFO  utils.BackgroundService (BackgroundService.java:shutdown(141)) - Shutting down service BlockDeletingService
2022-11-14 01:06:48,937 [Listener at 127.0.0.1/43083] INFO  utils.BackgroundService (BackgroundService.java:shutdown(141)) - Shutting down service StaleRecoveringContainerScrubbingService
2022-11-14 01:06:48,946 [ForkJoinPool.commonPool-worker-0] INFO  volume.HddsVolume (HddsVolume.java:closeDbStore(338)) - SchemaV3 db is stopped at /home/runner/work/ozone/ozone/hadoop-ozone/integration-test/target/test-dir/MiniOzoneClusterImpl-533bbe47-9fe4-4f83-8a40-bf54ddc9168f/datanode-1/data-0/containers/hdds/533bbe47-9fe4-4f83-8a40-bf54ddc9168f/DS-ec931902-ceb2-47b1-b582-333ec2436fe4/container.db for volume DS-ec931902-ceb2-47b1-b582-333ec2436fe4
2022-11-14 01:06:48,946 [Listener at 127.0.0.1/43083] INFO  statemachine.DatanodeStateMachine (DatanodeStateMachine.java:stopDaemon(593)) - Ozone container server stopped.
2022-11-14 01:06:48,952 [ForkJoinPool.commonPool-worker-0] INFO  utils.BackgroundService (BackgroundService.java:shutdown(141)) - Shutting down service BlockDeletingService
2022-11-14 01:06:48,952 [ForkJoinPool.commonPool-worker-0] INFO  utils.BackgroundService (BackgroundService.java:shutdown(141)) - Shutting down service StaleRecoveringContainerScrubbingService
2022-11-14 01:06:48,954 [ForkJoinPool.commonPool-worker-0] INFO  statemachine.DatanodeStateMachine (DatanodeStateMachine.java:stopDaemon(593)) - Ozone container server stopped.
2022-11-14 01:06:48,972 [Listener at 127.0.0.1/43083] INFO  handler.ContextHandler (ContextHandler.java:doStop(1159)) - Stopped o.e.j.w.WebAppContext@cb1a1cf{hddsDatanode,/,null,STOPPED}{jar:file:/home/runner/.m2/repository/org/apache/ozone/hdds-container-service/1.3.0-SNAPSHOT/hdds-container-service-1.3.0-SNAPSHOT.jar!/webapps/hddsDatanode}
2022-11-14 01:06:48,979 [ForkJoinPool.commonPool-worker-0] INFO  handler.ContextHandler (ContextHandler.java:doStop(1159)) - Stopped o.e.j.w.WebAppContext@3e03283e{hddsDatanode,/,null,STOPPED}{jar:file:/home/runner/.m2/repository/org/apache/ozone/hdds-container-service/1.3.0-SNAPSHOT/hdds-container-service-1.3.0-SNAPSHOT.jar!/webapps/hddsDatanode}
2022-11-14 01:06:48,983 [ForkJoinPool.commonPool-worker-0] INFO  server.AbstractConnector (AbstractConnector.java:doStop(383)) - Stopped ServerConnector@190faba4{HTTP/1.1, (http/1.1)}{0.0.0.0:0}
2022-11-14 01:06:48,984 [ForkJoinPool.commonPool-worker-0] INFO  server.session (HouseKeeper.java:stopScavenging(149)) - node0 Stopped scavenging
2022-11-14 01:06:48,984 [ForkJoinPool.commonPool-worker-0] INFO  handler.ContextHandler (ContextHandler.java:doStop(1159)) - Stopped o.e.j.s.ServletContextHandler@1fc2da2b{static,/static,jar:file:/home/runner/.m2/repository/org/apache/ozone/hdds-container-service/1.3.0-SNAPSHOT/hdds-container-service-1.3.0-SNAPSHOT.jar!/webapps/static,STOPPED}
2022-11-14 01:06:48,985 [ForkJoinPool.commonPool-worker-0] INFO  handler.ContextHandler (ContextHandler.java:doStop(1159)) - Stopped o.e.j.s.ServletContextHandler@7ab8c934{logs,/logs,file:///home/runner/work/ozone/ozone/hadoop-ozone/integration-test/target/log,STOPPED}
2022-11-14 01:06:48,987 [Listener at 127.0.0.1/43083] INFO  server.AbstractConnector (AbstractConnector.java:doStop(383)) - Stopped ServerConnector@4069f369{HTTP/1.1, (http/1.1)}{0.0.0.0:0}
2022-11-14 01:06:48,987 [Listener at 127.0.0.1/43083] INFO  server.session (HouseKeeper.java:stopScavenging(149)) - node0 Stopped scavenging
2022-11-14 01:06:48,987 [Listener at 127.0.0.1/43083] INFO  handler.ContextHandler (ContextHandler.java:doStop(1159)) - Stopped o.e.j.s.ServletContextHandler@65b81cbf{static,/static,jar:file:/home/runner/.m2/repository/org/apache/ozone/hdds-container-service/1.3.0-SNAPSHOT/hdds-container-service-1.3.0-SNAPSHOT.jar!/webapps/static,STOPPED}
2022-11-14 01:06:48,988 [Listener at 127.0.0.1/43083] INFO  handler.ContextHandler (ContextHandler.java:doStop(1159)) - Stopped o.e.j.s.ServletContextHandler@12ef80b3{logs,/logs,file:///home/runner/work/ozone/ozone/hadoop-ozone/integration-test/target/log,STOPPED}
2022-11-14 01:06:48,988 [ForkJoinPool.commonPool-worker-0] INFO  ozoneimpl.OzoneContainer (OzoneContainer.java:stop(400)) - Attempting to stop container services.
2022-11-14 01:06:48,989 [ForkJoinPool.commonPool-worker-0] INFO  server.RaftServer (RaftServerProxy.java:lambda$close$6(409)) - 036f6f39-f91a-40c8-a1f5-620aa24a6690: close
2022-11-14 01:06:48,989 [ForkJoinPool.commonPool-worker-0] INFO  server.GrpcService (GrpcService.java:closeImpl(279)) - 036f6f39-f91a-40c8-a1f5-620aa24a6690: shutdown server GrpcServerProtocolService now
2022-11-14 01:06:48,993 [ForkJoinPool.commonPool-worker-0] INFO  server.GrpcServerProtocolClient (GrpcServerProtocolClient.java:close(111)) - 52da76b7-c1ad-453e-bf88-2b0b77429b8d Close channels
2022-11-14 01:06:48,994 [ForkJoinPool.commonPool-worker-0] INFO  server.GrpcServerProtocolClient (GrpcServerProtocolClient.java:close(111)) - 0fc4731f-baaf-4631-bdc3-d8623c212dbb Close channels
2022-11-14 01:06:48,995 [Listener at 127.0.0.1/43083] INFO  ozoneimpl.OzoneContainer (OzoneContainer.java:stop(400)) - Attempting to stop container services.
2022-11-14 01:06:48,995 [ForkJoinPool.commonPool-worker-0] INFO  server.GrpcService (GrpcService.java:closeImpl(288)) - 036f6f39-f91a-40c8-a1f5-620aa24a6690: shutdown server GrpcServerProtocolService successfully
2022-11-14 01:06:48,996 [JvmPauseMonitor14] INFO  util.JvmPauseMonitor (JvmPauseMonitor.java:run(111)) - JvmPauseMonitor-036f6f39-f91a-40c8-a1f5-620aa24a6690: Stopped
2022-11-14 01:06:48,999 [Listener at 127.0.0.1/43083] INFO  server.RaftServer (RaftServerProxy.java:lambda$close$6(409)) - e47c0d7c-1c57-43cf-a038-4c1ee28029c6: close
2022-11-14 01:06:48,999 [Listener at 127.0.0.1/43083] INFO  server.GrpcService (GrpcService.java:closeImpl(279)) - e47c0d7c-1c57-43cf-a038-4c1ee28029c6: shutdown server GrpcServerProtocolService now
2022-11-14 01:06:48,999 [e47c0d7c-1c57-43cf-a038-4c1ee28029c6-impl-thread2] INFO  server.RaftServer$Division (RaftServerImpl.java:lambda$close$4(458)) - e47c0d7c-1c57-43cf-a038-4c1ee28029c6@group-E7106E4C0F9A: shutdown
2022-11-14 01:06:49,000 [e47c0d7c-1c57-43cf-a038-4c1ee28029c6-impl-thread2] INFO  util.JmxRegister (JmxRegister.java:unregister(73)) - Successfully un-registered JMX Bean with object name Ratis:service=RaftServer,group=group-E7106E4C0F9A,id=e47c0d7c-1c57-43cf-a038-4c1ee28029c6
2022-11-14 01:06:49,000 [e47c0d7c-1c57-43cf-a038-4c1ee28029c6-impl-thread2] INFO  impl.RoleInfo (RoleInfo.java:shutdownLeaderState(93)) - e47c0d7c-1c57-43cf-a038-4c1ee28029c6: shutdown e47c0d7c-1c57-43cf-a038-4c1ee28029c6@group-E7106E4C0F9A-LeaderStateImpl
2022-11-14 01:06:49,000 [Listener at 127.0.0.1/43083] INFO  server.GrpcServerProtocolClient (GrpcServerProtocolClient.java:close(111)) - 5580caa2-355e-4705-b703-b3b115bf5f47 Close channels
2022-11-14 01:06:49,000 [e47c0d7c-1c57-43cf-a038-4c1ee28029c6-impl-thread2] INFO  impl.PendingRequests (PendingRequests.java:sendNotLeaderResponses(282)) - e47c0d7c-1c57-43cf-a038-4c1ee28029c6@group-E7106E4C0F9A-PendingRequests: sendNotLeaderResponses
2022-11-14 01:06:49,000 [e47c0d7c-1c57-43cf-a038-4c1ee28029c6@group-E7106E4C0F9A->0803b3f8-d7a7-4034-819c-d574a53cd8d2-GrpcLogAppender-LogAppenderDaemon] WARN  server.GrpcLogAppender (GrpcLogAppender.java:mayWait(200)) - e47c0d7c-1c57-43cf-a038-4c1ee28029c6@group-E7106E4C0F9A->0803b3f8-d7a7-4034-819c-d574a53cd8d2-GrpcLogAppender: Wait interrupted by java.lang.InterruptedException
2022-11-14 01:06:49,001 [Listener at 127.0.0.1/43083] INFO  server.GrpcServerProtocolClient (GrpcServerProtocolClient.java:close(111)) - 0803b3f8-d7a7-4034-819c-d574a53cd8d2 Close channels
2022-11-14 01:06:49,002 [grpc-default-executor-4] INFO  server.GrpcServerProtocolService (GrpcServerProtocolService.java:onCompleted(145)) - 0803b3f8-d7a7-4034-819c-d574a53cd8d2: Completed APPEND_ENTRIES, lastRequest: e47c0d7c-1c57-43cf-a038-4c1ee28029c6->0803b3f8-d7a7-4034-819c-d574a53cd8d2#1-t2,previous=(t:0, i:0),leaderCommit=0,initializing? true,entries: size=1, first=(t:2, i:0), CONFIGURATIONENTRY(current:id: "e47c0d7c-1c57-43cf-a038-4c1ee28029c6"
address: "10.1.0.33:39237"
priority: 1
clientAddress: "10.1.0.33:39237"
adminAddress: "10.1.0.33:39237"
startupRole: FOLLOWER
,id: "5580caa2-355e-4705-b703-b3b115bf5f47"
address: "10.1.0.33:42291"
clientAddress: "10.1.0.33:42291"
adminAddress: "10.1.0.33:42291"
startupRole: FOLLOWER
,id: "0803b3f8-d7a7-4034-819c-d574a53cd8d2"
address: "10.1.0.33:46295"
clientAddress: "10.1.0.33:46295"
adminAddress: "10.1.0.33:46295"
startupRole: FOLLOWER
, old:)
2022-11-14 01:06:49,002 [grpc-default-executor-3] INFO  server.GrpcServerProtocolService (GrpcServerProtocolService.java:onCompleted(145)) - 0803b3f8-d7a7-4034-819c-d574a53cd8d2: Completed APPEND_ENTRIES, lastRequest: null
2022-11-14 01:06:49,003 [grpc-default-executor-0] INFO  server.GrpcLogAppender (GrpcLogAppender.java:onCompleted(415)) - e47c0d7c-1c57-43cf-a038-4c1ee28029c6@group-E7106E4C0F9A->0803b3f8-d7a7-4034-819c-d574a53cd8d2-AppendLogResponseHandler: follower responses appendEntries COMPLETED
2022-11-14 01:06:49,004 [grpc-default-executor-1] INFO  server.GrpcLogAppender (GrpcLogAppender.java:onCompleted(415)) - e47c0d7c-1c57-43cf-a038-4c1ee28029c6@group-E7106E4C0F9A->0803b3f8-d7a7-4034-819c-d574a53cd8d2-AppendLogResponseHandler: follower responses appendEntries COMPLETED
2022-11-14 01:06:49,004 [grpc-default-executor-0] WARN  server.GrpcLogAppender (GrpcLogAppender.java:resetClient(137)) - e47c0d7c-1c57-43cf-a038-4c1ee28029c6@group-E7106E4C0F9A->0803b3f8-d7a7-4034-819c-d574a53cd8d2-GrpcLogAppender: Failed to getClient for 0803b3f8-d7a7-4034-819c-d574a53cd8d2
org.apache.ratis.protocol.exceptions.AlreadyClosedException: e47c0d7c-1c57-43cf-a038-4c1ee28029c6 is already CLOSED
	at org.apache.ratis.util.PeerProxyMap$PeerAndProxy.getProxy(PeerProxyMap.java:61)
	at org.apache.ratis.util.PeerProxyMap.getProxy(PeerProxyMap.java:115)
	at org.apache.ratis.grpc.server.GrpcLogAppender.getClient(GrpcLogAppender.java:116)
	at org.apache.ratis.grpc.server.GrpcLogAppender.resetClient(GrpcLogAppender.java:121)
	at org.apache.ratis.grpc.server.GrpcLogAppender.access$500(GrpcLogAppender.java:58)
	at org.apache.ratis.grpc.server.GrpcLogAppender$AppendLogResponseHandler.onCompleted(GrpcLogAppender.java:416)
	at org.apache.ratis.thirdparty.io.grpc.stub.ClientCalls$StreamObserverToCallListenerAdapter.onClose(ClientCalls.java:485)
	at org.apache.ratis.thirdparty.io.grpc.internal.ClientCallImpl.closeObserver(ClientCallImpl.java:562)
	at org.apache.ratis.thirdparty.io.grpc.internal.ClientCallImpl.access$300(ClientCallImpl.java:70)
	at org.apache.ratis.thirdparty.io.grpc.internal.ClientCallImpl$ClientStreamListenerImpl$1StreamClosed.runInternal(ClientCallImpl.java:743)
	at org.apache.ratis.thirdparty.io.grpc.internal.ClientCallImpl$ClientStreamListenerImpl$1StreamClosed.runInContext(ClientCallImpl.java:722)
	at org.apache.ratis.thirdparty.io.grpc.internal.ContextRunnable.run(ContextRunnable.java:37)
	at org.apache.ratis.thirdparty.io.grpc.internal.SerializingExecutor.run(SerializingExecutor.java:133)
	at java.util.concurrent.ThreadPoolExecutor.runWorker(ThreadPoolExecutor.java:1149)
	at java.util.concurrent.ThreadPoolExecutor$Worker.run(ThreadPoolExecutor.java:624)
	at java.lang.Thread.run(Thread.java:750)
2022-11-14 01:06:49,004 [grpc-default-executor-1] WARN  server.GrpcLogAppender (GrpcLogAppender.java:resetClient(137)) - e47c0d7c-1c57-43cf-a038-4c1ee28029c6@group-E7106E4C0F9A->0803b3f8-d7a7-4034-819c-d574a53cd8d2-GrpcLogAppender: Failed to getClient for 0803b3f8-d7a7-4034-819c-d574a53cd8d2
org.apache.ratis.protocol.exceptions.AlreadyClosedException: e47c0d7c-1c57-43cf-a038-4c1ee28029c6 is already CLOSED
	at org.apache.ratis.util.PeerProxyMap$PeerAndProxy.getProxy(PeerProxyMap.java:61)
	at org.apache.ratis.util.PeerProxyMap.getProxy(PeerProxyMap.java:115)
	at org.apache.ratis.grpc.server.GrpcLogAppender.getClient(GrpcLogAppender.java:116)
	at org.apache.ratis.grpc.server.GrpcLogAppender.resetClient(GrpcLogAppender.java:121)
	at org.apache.ratis.grpc.server.GrpcLogAppender.access$500(GrpcLogAppender.java:58)
	at org.apache.ratis.grpc.server.GrpcLogAppender$AppendLogResponseHandler.onCompleted(GrpcLogAppender.java:416)
	at org.apache.ratis.thirdparty.io.grpc.stub.ClientCalls$StreamObserverToCallListenerAdapter.onClose(ClientCalls.java:485)
	at org.apache.ratis.thirdparty.io.grpc.internal.DelayedClientCall$DelayedListener$3.run(DelayedClientCall.java:468)
	at org.apache.ratis.thirdparty.io.grpc.internal.DelayedClientCall$DelayedListener.delayOrExecute(DelayedClientCall.java:432)
	at org.apache.ratis.thirdparty.io.grpc.internal.DelayedClientCall$DelayedListener.onClose(DelayedClientCall.java:465)
	at org.apache.ratis.thirdparty.io.grpc.internal.ClientCallImpl.closeObserver(ClientCallImpl.java:562)
	at org.apache.ratis.thirdparty.io.grpc.internal.ClientCallImpl.access$300(ClientCallImpl.java:70)
	at org.apache.ratis.thirdparty.io.grpc.internal.ClientCallImpl$ClientStreamListenerImpl$1StreamClosed.runInternal(ClientCallImpl.java:743)
	at org.apache.ratis.thirdparty.io.grpc.internal.ClientCallImpl$ClientStreamListenerImpl$1StreamClosed.runInContext(ClientCallImpl.java:722)
	at org.apache.ratis.thirdparty.io.grpc.internal.ContextRunnable.run(ContextRunnable.java:37)
	at org.apache.ratis.thirdparty.io.grpc.internal.SerializingExecutor.run(SerializingExecutor.java:133)
	at java.util.concurrent.ThreadPoolExecutor.runWorker(ThreadPoolExecutor.java:1149)
	at java.util.concurrent.ThreadPoolExecutor$Worker.run(ThreadPoolExecutor.java:624)
	at java.lang.Thread.run(Thread.java:750)
2022-11-14 01:06:49,005 [Listener at 127.0.0.1/43083] INFO  server.GrpcService (GrpcService.java:closeImpl(288)) - e47c0d7c-1c57-43cf-a038-4c1ee28029c6: shutdown server GrpcServerProtocolService successfully
2022-11-14 01:06:49,007 [e47c0d7c-1c57-43cf-a038-4c1ee28029c6-impl-thread2] INFO  impl.StateMachineUpdater (StateMachineUpdater.java:stopAndJoin(153)) - e47c0d7c-1c57-43cf-a038-4c1ee28029c6@group-E7106E4C0F9A-StateMachineUpdater: set stopIndex = 0
2022-11-14 01:06:49,007 [e47c0d7c-1c57-43cf-a038-4c1ee28029c6@group-E7106E4C0F9A-StateMachineUpdater] INFO  ratis.ContainerStateMachine (ContainerStateMachine.java:takeSnapshot(304)) - group-E7106E4C0F9A: Taking a snapshot at:(t:2, i:0) file /home/runner/work/ozone/ozone/hadoop-ozone/integration-test/target/test-dir/MiniOzoneClusterImpl-533bbe47-9fe4-4f83-8a40-bf54ddc9168f/datanode-5/data/ratis/79432587-0e7b-4106-a466-e7106e4c0f9a/sm/snapshot.2_0
2022-11-14 01:06:49,010 [e47c0d7c-1c57-43cf-a038-4c1ee28029c6@group-E7106E4C0F9A-StateMachineUpdater] INFO  ratis.ContainerStateMachine (ContainerStateMachine.java:takeSnapshot(315)) - group-E7106E4C0F9A: Finished taking a snapshot at:(t:2, i:0) file:/home/runner/work/ozone/ozone/hadoop-ozone/integration-test/target/test-dir/MiniOzoneClusterImpl-533bbe47-9fe4-4f83-8a40-bf54ddc9168f/datanode-5/data/ratis/79432587-0e7b-4106-a466-e7106e4c0f9a/sm/snapshot.2_0 took: 3 ms
2022-11-14 01:06:49,010 [e47c0d7c-1c57-43cf-a038-4c1ee28029c6@group-E7106E4C0F9A-StateMachineUpdater] INFO  impl.StateMachineUpdater (StateMachineUpdater.java:takeSnapshot(287)) - e47c0d7c-1c57-43cf-a038-4c1ee28029c6@group-E7106E4C0F9A-StateMachineUpdater: Took a snapshot at index 0
2022-11-14 01:06:49,010 [e47c0d7c-1c57-43cf-a038-4c1ee28029c6@group-E7106E4C0F9A-StateMachineUpdater] INFO  impl.StateMachineUpdater (StateMachineUpdater.java:lambda$new$0(92)) - e47c0d7c-1c57-43cf-a038-4c1ee28029c6@group-E7106E4C0F9A-StateMachineUpdater: snapshotIndex: updateIncreasingly -1 -> 0
2022-11-14 01:06:49,011 [e47c0d7c-1c57-43cf-a038-4c1ee28029c6-impl-thread2] INFO  server.RaftServer$Division (ServerState.java:close(466)) - e47c0d7c-1c57-43cf-a038-4c1ee28029c6@group-E7106E4C0F9A: closes. applyIndex: 0
2022-11-14 01:06:49,011 [e47c0d7c-1c57-43cf-a038-4c1ee28029c6@group-E7106E4C0F9A-SegmentedRaftLogWorker] INFO  segmented.SegmentedRaftLogWorker (SegmentedRaftLogWorker.java:run(345)) - e47c0d7c-1c57-43cf-a038-4c1ee28029c6@group-E7106E4C0F9A-SegmentedRaftLogWorker was interrupted, exiting. There are 0 tasks remaining in the queue.
2022-11-14 01:06:49,011 [e47c0d7c-1c57-43cf-a038-4c1ee28029c6-impl-thread2] INFO  segmented.SegmentedRaftLogWorker (SegmentedRaftLogWorker.java:close(255)) - e47c0d7c-1c57-43cf-a038-4c1ee28029c6@group-E7106E4C0F9A-SegmentedRaftLogWorker close()
2022-11-14 01:06:49,012 [JvmPauseMonitor17] INFO  util.JvmPauseMonitor (JvmPauseMonitor.java:run(111)) - JvmPauseMonitor-e47c0d7c-1c57-43cf-a038-4c1ee28029c6: Stopped
2022-11-14 01:06:51,004 [ForkJoinPool.commonPool-worker-0] INFO  volume.HddsVolume (HddsVolume.java:closeDbStore(338)) - SchemaV3 db is stopped at /home/runner/work/ozone/ozone/hadoop-ozone/integration-test/target/test-dir/MiniOzoneClusterImpl-533bbe47-9fe4-4f83-8a40-bf54ddc9168f/datanode-2/data-0/containers/hdds/533bbe47-9fe4-4f83-8a40-bf54ddc9168f/DS-e9fbaed7-584a-4b58-9185-da84df1912ad/container.db for volume DS-e9fbaed7-584a-4b58-9185-da84df1912ad
2022-11-14 01:06:51,005 [ForkJoinPool.commonPool-worker-0] INFO  utils.BackgroundService (BackgroundService.java:shutdown(141)) - Shutting down service BlockDeletingService
2022-11-14 01:06:51,005 [ForkJoinPool.commonPool-worker-0] INFO  utils.BackgroundService (BackgroundService.java:shutdown(141)) - Shutting down service StaleRecoveringContainerScrubbingService
2022-11-14 01:06:51,008 [ForkJoinPool.commonPool-worker-0] INFO  statemachine.DatanodeStateMachine (DatanodeStateMachine.java:stopDaemon(593)) - Ozone container server stopped.
2022-11-14 01:06:51,015 [Listener at 127.0.0.1/43083] INFO  volume.HddsVolume (HddsVolume.java:closeDbStore(338)) - SchemaV3 db is stopped at /home/runner/work/ozone/ozone/hadoop-ozone/integration-test/target/test-dir/MiniOzoneClusterImpl-533bbe47-9fe4-4f83-8a40-bf54ddc9168f/datanode-5/data-0/containers/hdds/533bbe47-9fe4-4f83-8a40-bf54ddc9168f/DS-a72a9cd3-3fd7-447b-9206-cf7d7613fdb9/container.db for volume DS-a72a9cd3-3fd7-447b-9206-cf7d7613fdb9
2022-11-14 01:06:51,016 [Listener at 127.0.0.1/43083] INFO  utils.BackgroundService (BackgroundService.java:shutdown(141)) - Shutting down service BlockDeletingService
2022-11-14 01:06:51,016 [Listener at 127.0.0.1/43083] INFO  utils.BackgroundService (BackgroundService.java:shutdown(141)) - Shutting down service StaleRecoveringContainerScrubbingService
2022-11-14 01:06:51,019 [Listener at 127.0.0.1/43083] INFO  statemachine.DatanodeStateMachine (DatanodeStateMachine.java:stopDaemon(593)) - Ozone container server stopped.
2022-11-14 01:06:51,020 [ForkJoinPool.commonPool-worker-0] INFO  handler.ContextHandler (ContextHandler.java:doStop(1159)) - Stopped o.e.j.w.WebAppContext@643ec183{hddsDatanode,/,null,STOPPED}{jar:file:/home/runner/.m2/repository/org/apache/ozone/hdds-container-service/1.3.0-SNAPSHOT/hdds-container-service-1.3.0-SNAPSHOT.jar!/webapps/hddsDatanode}
2022-11-14 01:06:51,021 [ForkJoinPool.commonPool-worker-0] INFO  server.AbstractConnector (AbstractConnector.java:doStop(383)) - Stopped ServerConnector@5ab2d78{HTTP/1.1, (http/1.1)}{0.0.0.0:0}
2022-11-14 01:06:51,021 [ForkJoinPool.commonPool-worker-0] INFO  server.session (HouseKeeper.java:stopScavenging(149)) - node0 Stopped scavenging
2022-11-14 01:06:51,024 [ForkJoinPool.commonPool-worker-0] INFO  handler.ContextHandler (ContextHandler.java:doStop(1159)) - Stopped o.e.j.s.ServletContextHandler@2de6cd55{static,/static,jar:file:/home/runner/.m2/repository/org/apache/ozone/hdds-container-service/1.3.0-SNAPSHOT/hdds-container-service-1.3.0-SNAPSHOT.jar!/webapps/static,STOPPED}
2022-11-14 01:06:51,025 [ForkJoinPool.commonPool-worker-0] INFO  handler.ContextHandler (ContextHandler.java:doStop(1159)) - Stopped o.e.j.s.ServletContextHandler@60ac370c{logs,/logs,file:///home/runner/work/ozone/ozone/hadoop-ozone/integration-test/target/log,STOPPED}
2022-11-14 01:06:51,028 [ForkJoinPool.commonPool-worker-0] INFO  ozoneimpl.OzoneContainer (OzoneContainer.java:stop(400)) - Attempting to stop container services.
2022-11-14 01:06:51,028 [ForkJoinPool.commonPool-worker-0] INFO  server.RaftServer (RaftServerProxy.java:lambda$close$6(409)) - 0fc4731f-baaf-4631-bdc3-d8623c212dbb: close
2022-11-14 01:06:51,028 [ForkJoinPool.commonPool-worker-0] INFO  server.GrpcService (GrpcService.java:closeImpl(279)) - 0fc4731f-baaf-4631-bdc3-d8623c212dbb: shutdown server GrpcServerProtocolService now
2022-11-14 01:06:51,029 [ForkJoinPool.commonPool-worker-0] INFO  server.GrpcServerProtocolClient (GrpcServerProtocolClient.java:close(111)) - 52da76b7-c1ad-453e-bf88-2b0b77429b8d Close channels
2022-11-14 01:06:51,030 [ForkJoinPool.commonPool-worker-0] INFO  server.GrpcServerProtocolClient (GrpcServerProtocolClient.java:close(111)) - 036f6f39-f91a-40c8-a1f5-620aa24a6690 Close channels
2022-11-14 01:06:51,030 [ForkJoinPool.commonPool-worker-0] INFO  server.GrpcService (GrpcService.java:closeImpl(288)) - 0fc4731f-baaf-4631-bdc3-d8623c212dbb: shutdown server GrpcServerProtocolService successfully
2022-11-14 01:06:51,030 [JvmPauseMonitor12] INFO  util.JvmPauseMonitor (JvmPauseMonitor.java:run(111)) - JvmPauseMonitor-0fc4731f-baaf-4631-bdc3-d8623c212dbb: Stopped
2022-11-14 01:06:51,033 [Listener at 127.0.0.1/43083] INFO  handler.ContextHandler (ContextHandler.java:doStop(1159)) - Stopped o.e.j.w.WebAppContext@326b9b05{hddsDatanode,/,null,STOPPED}{jar:file:/home/runner/.m2/repository/org/apache/ozone/hdds-container-service/1.3.0-SNAPSHOT/hdds-container-service-1.3.0-SNAPSHOT.jar!/webapps/hddsDatanode}
2022-11-14 01:06:51,033 [Listener at 127.0.0.1/43083] INFO  server.AbstractConnector (AbstractConnector.java:doStop(383)) - Stopped ServerConnector@6f886e9b{HTTP/1.1, (http/1.1)}{0.0.0.0:0}
2022-11-14 01:06:51,033 [Listener at 127.0.0.1/43083] INFO  server.session (HouseKeeper.java:stopScavenging(149)) - node0 Stopped scavenging
2022-11-14 01:06:51,034 [Listener at 127.0.0.1/43083] INFO  handler.ContextHandler (ContextHandler.java:doStop(1159)) - Stopped o.e.j.s.ServletContextHandler@14f96a7c{static,/static,jar:file:/home/runner/.m2/repository/org/apache/ozone/hdds-container-service/1.3.0-SNAPSHOT/hdds-container-service-1.3.0-SNAPSHOT.jar!/webapps/static,STOPPED}
2022-11-14 01:06:51,034 [Listener at 127.0.0.1/43083] INFO  handler.ContextHandler (ContextHandler.java:doStop(1159)) - Stopped o.e.j.s.ServletContextHandler@3ed2983b{logs,/logs,file:///home/runner/work/ozone/ozone/hadoop-ozone/integration-test/target/log,STOPPED}
2022-11-14 01:06:51,036 [Listener at 127.0.0.1/43083] INFO  ozoneimpl.OzoneContainer (OzoneContainer.java:stop(400)) - Attempting to stop container services.
2022-11-14 01:06:51,036 [Listener at 127.0.0.1/43083] INFO  server.RaftServer (RaftServerProxy.java:lambda$close$6(409)) - 0803b3f8-d7a7-4034-819c-d574a53cd8d2: close
2022-11-14 01:06:51,037 [Listener at 127.0.0.1/43083] INFO  server.GrpcService (GrpcService.java:closeImpl(279)) - 0803b3f8-d7a7-4034-819c-d574a53cd8d2: shutdown server GrpcServerProtocolService now
2022-11-14 01:06:51,037 [Listener at 127.0.0.1/43083] INFO  server.GrpcService (GrpcService.java:closeImpl(288)) - 0803b3f8-d7a7-4034-819c-d574a53cd8d2: shutdown server GrpcServerProtocolService successfully
2022-11-14 01:06:51,037 [0803b3f8-d7a7-4034-819c-d574a53cd8d2-impl-thread2] INFO  server.RaftServer$Division (RaftServerImpl.java:lambda$close$4(458)) - 0803b3f8-d7a7-4034-819c-d574a53cd8d2@group-E7106E4C0F9A: shutdown
2022-11-14 01:06:51,037 [0803b3f8-d7a7-4034-819c-d574a53cd8d2-impl-thread2] INFO  util.JmxRegister (JmxRegister.java:unregister(73)) - Successfully un-registered JMX Bean with object name Ratis:service=RaftServer,group=group-E7106E4C0F9A,id=0803b3f8-d7a7-4034-819c-d574a53cd8d2
2022-11-14 01:06:51,037 [0803b3f8-d7a7-4034-819c-d574a53cd8d2-impl-thread2] INFO  impl.RoleInfo (RoleInfo.java:shutdownFollowerState(110)) - 0803b3f8-d7a7-4034-819c-d574a53cd8d2: shutdown 0803b3f8-d7a7-4034-819c-d574a53cd8d2@group-E7106E4C0F9A-FollowerState
2022-11-14 01:06:51,038 [0803b3f8-d7a7-4034-819c-d574a53cd8d2-impl-thread2] INFO  impl.StateMachineUpdater (StateMachineUpdater.java:stopAndJoin(153)) - 0803b3f8-d7a7-4034-819c-d574a53cd8d2@group-E7106E4C0F9A-StateMachineUpdater: set stopIndex = 0
2022-11-14 01:06:51,038 [0803b3f8-d7a7-4034-819c-d574a53cd8d2@group-E7106E4C0F9A-FollowerState] INFO  impl.FollowerState (FollowerState.java:run(152)) - 0803b3f8-d7a7-4034-819c-d574a53cd8d2@group-E7106E4C0F9A-FollowerState was interrupted
2022-11-14 01:06:51,038 [0803b3f8-d7a7-4034-819c-d574a53cd8d2@group-E7106E4C0F9A-StateMachineUpdater] INFO  ratis.ContainerStateMachine (ContainerStateMachine.java:takeSnapshot(304)) - group-E7106E4C0F9A: Taking a snapshot at:(t:2, i:0) file /home/runner/work/ozone/ozone/hadoop-ozone/integration-test/target/test-dir/MiniOzoneClusterImpl-533bbe47-9fe4-4f83-8a40-bf54ddc9168f/datanode-4/data/ratis/79432587-0e7b-4106-a466-e7106e4c0f9a/sm/snapshot.2_0
2022-11-14 01:06:51,041 [0803b3f8-d7a7-4034-819c-d574a53cd8d2@group-E7106E4C0F9A-StateMachineUpdater] INFO  ratis.ContainerStateMachine (ContainerStateMachine.java:takeSnapshot(315)) - group-E7106E4C0F9A: Finished taking a snapshot at:(t:2, i:0) file:/home/runner/work/ozone/ozone/hadoop-ozone/integration-test/target/test-dir/MiniOzoneClusterImpl-533bbe47-9fe4-4f83-8a40-bf54ddc9168f/datanode-4/data/ratis/79432587-0e7b-4106-a466-e7106e4c0f9a/sm/snapshot.2_0 took: 3 ms
2022-11-14 01:06:51,041 [0803b3f8-d7a7-4034-819c-d574a53cd8d2@group-E7106E4C0F9A-StateMachineUpdater] INFO  impl.StateMachineUpdater (StateMachineUpdater.java:takeSnapshot(287)) - 0803b3f8-d7a7-4034-819c-d574a53cd8d2@group-E7106E4C0F9A-StateMachineUpdater: Took a snapshot at index 0
2022-11-14 01:06:51,041 [0803b3f8-d7a7-4034-819c-d574a53cd8d2@group-E7106E4C0F9A-StateMachineUpdater] INFO  impl.StateMachineUpdater (StateMachineUpdater.java:lambda$new$0(92)) - 0803b3f8-d7a7-4034-819c-d574a53cd8d2@group-E7106E4C0F9A-StateMachineUpdater: snapshotIndex: updateIncreasingly -1 -> 0
2022-11-14 01:06:51,041 [0803b3f8-d7a7-4034-819c-d574a53cd8d2-impl-thread2] INFO  server.RaftServer$Division (ServerState.java:close(466)) - 0803b3f8-d7a7-4034-819c-d574a53cd8d2@group-E7106E4C0F9A: closes. applyIndex: 0
2022-11-14 01:06:51,041 [0803b3f8-d7a7-4034-819c-d574a53cd8d2@group-E7106E4C0F9A-SegmentedRaftLogWorker] INFO  segmented.SegmentedRaftLogWorker (SegmentedRaftLogWorker.java:run(345)) - 0803b3f8-d7a7-4034-819c-d574a53cd8d2@group-E7106E4C0F9A-SegmentedRaftLogWorker was interrupted, exiting. There are 0 tasks remaining in the queue.
2022-11-14 01:06:51,041 [0803b3f8-d7a7-4034-819c-d574a53cd8d2-impl-thread2] INFO  segmented.SegmentedRaftLogWorker (SegmentedRaftLogWorker.java:close(255)) - 0803b3f8-d7a7-4034-819c-d574a53cd8d2@group-E7106E4C0F9A-SegmentedRaftLogWorker close()
2022-11-14 01:06:51,042 [JvmPauseMonitor16] INFO  util.JvmPauseMonitor (JvmPauseMonitor.java:run(111)) - JvmPauseMonitor-0803b3f8-d7a7-4034-819c-d574a53cd8d2: Stopped
2022-11-14 01:06:53,037 [ForkJoinPool.commonPool-worker-0] INFO  volume.HddsVolume (HddsVolume.java:closeDbStore(338)) - SchemaV3 db is stopped at /home/runner/work/ozone/ozone/hadoop-ozone/integration-test/target/test-dir/MiniOzoneClusterImpl-533bbe47-9fe4-4f83-8a40-bf54ddc9168f/datanode-0/data-0/containers/hdds/533bbe47-9fe4-4f83-8a40-bf54ddc9168f/DS-d329312a-b5d5-4c5c-a2d6-b55d40936615/container.db for volume DS-d329312a-b5d5-4c5c-a2d6-b55d40936615
2022-11-14 01:06:53,037 [ForkJoinPool.commonPool-worker-0] INFO  utils.BackgroundService (BackgroundService.java:shutdown(141)) - Shutting down service BlockDeletingService
2022-11-14 01:06:53,037 [ForkJoinPool.commonPool-worker-0] INFO  utils.BackgroundService (BackgroundService.java:shutdown(141)) - Shutting down service StaleRecoveringContainerScrubbingService
2022-11-14 01:06:53,038 [ForkJoinPool.commonPool-worker-0] INFO  statemachine.DatanodeStateMachine (DatanodeStateMachine.java:stopDaemon(593)) - Ozone container server stopped.
2022-11-14 01:06:53,046 [Listener at 127.0.0.1/43083] INFO  volume.HddsVolume (HddsVolume.java:closeDbStore(338)) - SchemaV3 db is stopped at /home/runner/work/ozone/ozone/hadoop-ozone/integration-test/target/test-dir/MiniOzoneClusterImpl-533bbe47-9fe4-4f83-8a40-bf54ddc9168f/datanode-4/data-0/containers/hdds/533bbe47-9fe4-4f83-8a40-bf54ddc9168f/DS-2c2928f2-cfc1-40c8-8c5a-617abeecc26b/container.db for volume DS-2c2928f2-cfc1-40c8-8c5a-617abeecc26b
2022-11-14 01:06:53,046 [Listener at 127.0.0.1/43083] INFO  utils.BackgroundService (BackgroundService.java:shutdown(141)) - Shutting down service BlockDeletingService
2022-11-14 01:06:53,047 [Listener at 127.0.0.1/43083] INFO  utils.BackgroundService (BackgroundService.java:shutdown(141)) - Shutting down service StaleRecoveringContainerScrubbingService
2022-11-14 01:06:53,048 [Listener at 127.0.0.1/43083] INFO  statemachine.DatanodeStateMachine (DatanodeStateMachine.java:stopDaemon(593)) - Ozone container server stopped.
2022-11-14 01:06:53,051 [ForkJoinPool.commonPool-worker-0] INFO  handler.ContextHandler (ContextHandler.java:doStop(1159)) - Stopped o.e.j.w.WebAppContext@492f9cb4{hddsDatanode,/,null,STOPPED}{jar:file:/home/runner/.m2/repository/org/apache/ozone/hdds-container-service/1.3.0-SNAPSHOT/hdds-container-service-1.3.0-SNAPSHOT.jar!/webapps/hddsDatanode}
2022-11-14 01:06:53,052 [ForkJoinPool.commonPool-worker-0] INFO  server.AbstractConnector (AbstractConnector.java:doStop(383)) - Stopped ServerConnector@d2d0bde{HTTP/1.1, (http/1.1)}{0.0.0.0:0}
2022-11-14 01:06:53,052 [ForkJoinPool.commonPool-worker-0] INFO  server.session (HouseKeeper.java:stopScavenging(149)) - node0 Stopped scavenging
2022-11-14 01:06:53,052 [ForkJoinPool.commonPool-worker-0] INFO  handler.ContextHandler (ContextHandler.java:doStop(1159)) - Stopped o.e.j.s.ServletContextHandler@6c0bc123{static,/static,jar:file:/home/runner/.m2/repository/org/apache/ozone/hdds-container-service/1.3.0-SNAPSHOT/hdds-container-service-1.3.0-SNAPSHOT.jar!/webapps/static,STOPPED}
2022-11-14 01:06:53,052 [ForkJoinPool.commonPool-worker-0] INFO  handler.ContextHandler (ContextHandler.java:doStop(1159)) - Stopped o.e.j.s.ServletContextHandler@5a8309ec{logs,/logs,file:///home/runner/work/ozone/ozone/hadoop-ozone/integration-test/target/log,STOPPED}
2022-11-14 01:06:53,058 [Listener at 127.0.0.1/43083] INFO  handler.ContextHandler (ContextHandler.java:doStop(1159)) - Stopped o.e.j.w.WebAppContext@4428db34{hddsDatanode,/,null,STOPPED}{jar:file:/home/runner/.m2/repository/org/apache/ozone/hdds-container-service/1.3.0-SNAPSHOT/hdds-container-service-1.3.0-SNAPSHOT.jar!/webapps/hddsDatanode}
2022-11-14 01:06:53,058 [Listener at 127.0.0.1/43083] INFO  server.AbstractConnector (AbstractConnector.java:doStop(383)) - Stopped ServerConnector@2fa483c1{HTTP/1.1, (http/1.1)}{0.0.0.0:0}
2022-11-14 01:06:53,058 [Listener at 127.0.0.1/43083] INFO  server.session (HouseKeeper.java:stopScavenging(149)) - node0 Stopped scavenging
2022-11-14 01:06:53,058 [Listener at 127.0.0.1/43083] INFO  handler.ContextHandler (ContextHandler.java:doStop(1159)) - Stopped o.e.j.s.ServletContextHandler@470602f8{static,/static,jar:file:/home/runner/.m2/repository/org/apache/ozone/hdds-container-service/1.3.0-SNAPSHOT/hdds-container-service-1.3.0-SNAPSHOT.jar!/webapps/static,STOPPED}
2022-11-14 01:06:53,059 [Listener at 127.0.0.1/43083] INFO  handler.ContextHandler (ContextHandler.java:doStop(1159)) - Stopped o.e.j.s.ServletContextHandler@29c76aad{logs,/logs,file:///home/runner/work/ozone/ozone/hadoop-ozone/integration-test/target/log,STOPPED}
2022-11-14 01:06:53,060 [Listener at 127.0.0.1/43083] INFO  ozone.MiniOzoneClusterImpl (MiniOzoneClusterImpl.java:stopSCM(537)) - Stopping the StorageContainerManager
2022-11-14 01:06:53,060 [Listener at 127.0.0.1/43083] INFO  server.StorageContainerManager (StorageContainerManager.java:stop(1550)) - Container Balancer is not running.
2022-11-14 01:06:53,060 [Listener at 127.0.0.1/43083] INFO  server.StorageContainerManager (StorageContainerManager.java:stop(1557)) - Stopping Replication Manager Service.
2022-11-14 01:06:53,060 [Listener at 127.0.0.1/43083] INFO  replication.ReplicationManager (ReplicationManager.java:stop(274)) - Stopping Replication Monitor Thread.
2022-11-14 01:06:53,060 [Over Replicated Processor] WARN  replication.OverReplicatedProcessor (OverReplicatedProcessor.java:run(142)) - Over Replicated Processor interrupted. Exiting...
2022-11-14 01:06:53,060 [Listener at 127.0.0.1/43083] INFO  server.StorageContainerManager (StorageContainerManager.java:stop(1564)) - Stopping the Datanode Admin Monitor.
2022-11-14 01:06:53,060 [Listener at 127.0.0.1/43083] INFO  server.StorageContainerManager (StorageContainerManager.java:stop(1571)) - Stopping Lease Manager of the command watchers
2022-11-14 01:06:53,060 [Listener at 127.0.0.1/43083] INFO  server.StorageContainerManager (StorageContainerManager.java:stop(1578)) - Stopping datanode service RPC server
2022-11-14 01:06:53,061 [Listener at 127.0.0.1/43083] INFO  server.SCMDatanodeProtocolServer (SCMDatanodeProtocolServer.java:stop(414)) - Stopping the RPC server for DataNodes
2022-11-14 01:06:53,061 [Listener at 127.0.0.1/43083] INFO  ipc.Server (Server.java:stop(3428)) - Stopping server on 43615
2022-11-14 01:06:53,062 [Under Replicated Processor] WARN  replication.UnderReplicatedProcessor (UnderReplicatedProcessor.java:run(154)) - Under Replicated Processor interrupted. Exiting...
2022-11-14 01:06:53,062 [ReplicationMonitor] INFO  replication.ReplicationManager (ReplicationManager.java:run(595)) - Replication Monitor Thread is stopped
2022-11-14 01:06:53,063 [IPC Server listener on 0] INFO  ipc.Server (Server.java:run(1384)) - Stopping IPC Server listener on 0
2022-11-14 01:06:53,063 [IPC Server Responder] INFO  ipc.Server (Server.java:run(1517)) - Stopping IPC Server Responder
2022-11-14 01:06:53,456 [SCM Heartbeat Processing Thread - 0] WARN  node.NodeStateManager (NodeStateManager.java:scheduleNextHealthCheck(870)) - Current Thread is interrupted, shutting down HB processing thread for Node Manager.
2022-11-14 01:06:53,456 [Listener at 127.0.0.1/43083] INFO  server.StorageContainerManager (StorageContainerManager.java:stop(1586)) - Stopping block service RPC server
2022-11-14 01:06:53,457 [Listener at 127.0.0.1/43083] INFO  server.SCMBlockProtocolServer (SCMBlockProtocolServer.java:stop(161)) - Stopping the RPC server for Block Protocol
2022-11-14 01:06:53,457 [Listener at 127.0.0.1/43083] INFO  ipc.Server (Server.java:stop(3428)) - Stopping server on 38387
2022-11-14 01:06:53,459 [IPC Server listener on 0] INFO  ipc.Server (Server.java:run(1384)) - Stopping IPC Server listener on 0
2022-11-14 01:06:53,459 [Listener at 127.0.0.1/43083] INFO  server.StorageContainerManager (StorageContainerManager.java:stop(1593)) - Stopping the StorageContainerLocationProtocol RPC server
2022-11-14 01:06:53,459 [IPC Server Responder] INFO  ipc.Server (Server.java:run(1517)) - Stopping IPC Server Responder
2022-11-14 01:06:53,459 [Listener at 127.0.0.1/43083] INFO  server.SCMClientProtocolServer (SCMClientProtocolServer.java:stop(179)) - Stopping the RPC server for Client Protocol
2022-11-14 01:06:53,459 [Listener at 127.0.0.1/43083] INFO  ipc.Server (Server.java:stop(3428)) - Stopping server on 36375
2022-11-14 01:06:53,461 [IPC Server listener on 0] INFO  ipc.Server (Server.java:run(1384)) - Stopping IPC Server listener on 0
2022-11-14 01:06:53,461 [IPC Server Responder] INFO  ipc.Server (Server.java:run(1517)) - Stopping IPC Server Responder
2022-11-14 01:06:53,461 [Listener at 127.0.0.1/43083] INFO  server.StorageContainerManager (StorageContainerManager.java:stop(1600)) - Stopping Storage Container Manager HTTP server.
2022-11-14 01:06:53,462 [Listener at 127.0.0.1/43083] INFO  handler.ContextHandler (ContextHandler.java:doStop(1159)) - Stopped o.e.j.w.WebAppContext@504dda01{scm,/,null,STOPPED}{file:/home/runner/work/ozone/ozone/hadoop-ozone/integration-test/target/test-classes/webapps/scm}
2022-11-14 01:06:53,462 [Listener at 127.0.0.1/43083] INFO  server.AbstractConnector (AbstractConnector.java:doStop(383)) - Stopped ServerConnector@6b6f3e45{HTTP/1.1, (http/1.1)}{0.0.0.0:0}
2022-11-14 01:06:53,463 [Listener at 127.0.0.1/43083] INFO  server.session (HouseKeeper.java:stopScavenging(149)) - node0 Stopped scavenging
2022-11-14 01:06:53,463 [Listener at 127.0.0.1/43083] INFO  handler.ContextHandler (ContextHandler.java:doStop(1159)) - Stopped o.e.j.s.ServletContextHandler@76200ec9{static,/static,file:///home/runner/work/ozone/ozone/hadoop-ozone/integration-test/target/test-classes/webapps/static,STOPPED}
2022-11-14 01:06:53,463 [Listener at 127.0.0.1/43083] INFO  handler.ContextHandler (ContextHandler.java:doStop(1159)) - Stopped o.e.j.s.ServletContextHandler@26dacb9a{logs,/logs,file:///home/runner/work/ozone/ozone/hadoop-ozone/integration-test/target/log,STOPPED}
2022-11-14 01:06:53,464 [Listener at 127.0.0.1/43083] INFO  server.StorageContainerManager (StorageContainerManager.java:stop(1606)) - Stopping SCM LayoutVersionManager Service.
2022-11-14 01:06:53,464 [Listener at 127.0.0.1/43083] INFO  server.StorageContainerManager (StorageContainerManager.java:stop(1614)) - Stopping Block Manager Service.
2022-11-14 01:06:53,464 [Listener at 127.0.0.1/43083] INFO  utils.BackgroundService (BackgroundService.java:shutdown(141)) - Shutting down service SCMBlockDeletingService
2022-11-14 01:06:53,464 [Listener at 127.0.0.1/43083] INFO  utils.BackgroundService (BackgroundService.java:shutdown(141)) - Shutting down service SCMBlockDeletingService
2022-11-14 01:06:53,464 [Listener at 127.0.0.1/43083] INFO  server.StorageContainerManager (StorageContainerManager.java:stop(1641)) - Stopping SCM Event Queue.
2022-11-14 01:06:53,466 [Listener at 127.0.0.1/43083] INFO  server.StorageContainerManager (StorageContainerManager.java:stop(1652)) - Stopping SCM HA services.
2022-11-14 01:06:53,466 [Listener at 127.0.0.1/43083] INFO  pipeline.BackgroundPipelineCreator (BackgroundPipelineCreator.java:stop(149)) - Stopping RatisPipelineUtilsThread.
2022-11-14 01:06:53,466 [RatisPipelineUtilsThread - 0] WARN  pipeline.BackgroundPipelineCreator (BackgroundPipelineCreator.java:run(180)) - RatisPipelineUtilsThread is interrupted.
2022-11-14 01:06:53,466 [Listener at 127.0.0.1/43083] INFO  BackgroundPipelineScrubber (BackgroundSCMService.java:stop(131)) - Stopping BackgroundPipelineScrubber Service.
2022-11-14 01:06:53,466 [BackgroundPipelineScrubberThread] WARN  BackgroundPipelineScrubber (BackgroundSCMService.java:run(115)) - BackgroundPipelineScrubber is interrupted, exit
2022-11-14 01:06:53,467 [Listener at 127.0.0.1/43083] INFO  impl.MetricsSystemImpl (MetricsSystemImpl.java:stop(210)) - Stopping HddsDatanode metrics system...
2022-11-14 01:06:53,469 [prometheus] INFO  impl.MetricsSinkAdapter (MetricsSinkAdapter.java:publishMetricsFromQueue(141)) - prometheus thread interrupted.
2022-11-14 01:06:53,470 [Listener at 127.0.0.1/43083] INFO  impl.MetricsSystemImpl (MetricsSystemImpl.java:stop(216)) - HddsDatanode metrics system stopped.
2022-11-14 01:06:53,470 [Listener at 127.0.0.1/43083] WARN  pipeline.BackgroundPipelineCreator (BackgroundPipelineCreator.java:stop(145)) - RatisPipelineUtilsThread is not running, just ignore.
2022-11-14 01:06:53,470 [Listener at 127.0.0.1/43083] INFO  BackgroundPipelineScrubber (BackgroundSCMService.java:stop(126)) - BackgroundPipelineScrubber Service is not running, skip stop.
2022-11-14 01:06:53,470 [Listener at 127.0.0.1/43083] INFO  ExpiredContainerReplicaOpScrubber (BackgroundSCMService.java:stop(131)) - Stopping ExpiredContainerReplicaOpScrubber Service.
2022-11-14 01:06:53,470 [ExpiredContainerReplicaOpScrubberThread] WARN  ExpiredContainerReplicaOpScrubber (BackgroundSCMService.java:run(115)) - ExpiredContainerReplicaOpScrubber is interrupted, exit
2022-11-14 01:06:53,470 [Listener at 127.0.0.1/43083] INFO  utils.BackgroundService (BackgroundService.java:shutdown(141)) - Shutting down service SCMBlockDeletingService
2022-11-14 01:06:53,470 [Listener at 127.0.0.1/43083] INFO  replication.ReplicationManager (ReplicationManager.java:stop(282)) - Replication Monitor Thread is not running.
2022-11-14 01:06:53,470 [Listener at 127.0.0.1/43083] WARN  balancer.ContainerBalancer (ContainerBalancer.java:stop(322)) - Cannot stop Container Balancer because it's not running or stopping
2022-11-14 01:06:53,471 [Listener at 127.0.0.1/43083] INFO  server.StorageContainerManager (StorageContainerManager.java:stop(1670)) - Stopping SCM MetadataStore.
]]></system-out>
  </testcase>
</testsuite>