<?xml version="1.0" encoding="UTF-8"?>
<testsuite xmlns:xsi="http://www.w3.org/2001/XMLSchema-instance" xsi:noNamespaceSchemaLocation="https://maven.apache.org/surefire/maven-surefire-plugin/xsd/surefire-test-report-3.0.xsd" version="3.0" name="org.apache.hadoop.hdds.scm.container.balancer.TestContainerBalancerDatanodeNodeLimit" time="29.707" tests="128" errors="0" skipped="0" failures="1">
  <properties>
    <property name="java.specification.version" value="17"/>
    <property name="sun.jnu.encoding" value="UTF-8"/>
    <property name="java.class.path" value="/home/runner/work/ozone/ozone/hadoop-hdds/server-scm/target/test-classes:/home/runner/work/ozone/ozone/hadoop-hdds/server-scm/target/classes:/home/runner/.m2/repository/com/google/protobuf/protobuf-java/2.5.0/protobuf-java-2.5.0.jar:/home/runner/work/ozone/ozone/hadoop-hdds/common/target/hdds-common-1.5.0-SNAPSHOT.jar:/home/runner/work/ozone/ozone/hadoop-hdds/hadoop-dependency-client/target/hdds-hadoop-dependency-client-1.5.0-SNAPSHOT.jar:/home/runner/.m2/repository/info/picocli/picocli/4.7.6/picocli-4.7.6.jar:/home/runner/.m2/repository/com/github/stephenc/jcip/jcip-annotations/1.0-1/jcip-annotations-1.0-1.jar:/home/runner/.m2/repository/com/google/guava/guava/32.1.3-jre/guava-32.1.3-jre.jar:/home/runner/.m2/repository/com/google/guava/failureaccess/1.0.1/failureaccess-1.0.1.jar:/home/runner/.m2/repository/com/google/guava/listenablefuture/9999.0-empty-to-avoid-conflict-with-guava/listenablefuture-9999.0-empty-to-avoid-conflict-with-guava.jar:/home/runner/.m2/repository/org/checkerframework/checker-qual/3.37.0/checker-qual-3.37.0.jar:/home/runner/.m2/repository/com/google/errorprone/error_prone_annotations/2.2.0/error_prone_annotations-2.2.0.jar:/home/runner/.m2/repository/com/google/j2objc/j2objc-annotations/2.8/j2objc-annotations-2.8.jar:/home/runner/.m2/repository/org/apache/commons/commons-lang3/3.14.0/commons-lang3-3.14.0.jar:/home/runner/.m2/repository/commons-io/commons-io/2.16.1/commons-io-2.16.1.jar:/home/runner/.m2/repository/com/fasterxml/jackson/core/jackson-annotations/2.16.2/jackson-annotations-2.16.2.jar:/home/runner/.m2/repository/com/fasterxml/jackson/datatype/jackson-datatype-jsr310/2.16.2/jackson-datatype-jsr310-2.16.2.jar:/home/runner/.m2/repository/com/fasterxml/jackson/core/jackson-core/2.16.2/jackson-core-2.16.2.jar:/home/runner/work/ozone/ozone/hadoop-hdds/annotations/target/hdds-annotation-processing-1.5.0-SNAPSHOT.jar:/home/runner/work/ozone/ozone/hadoop-hdds/config/target/hdds-config-1.5.0-SNAPSHOT.jar:/home/runner/.m2/repository/javax/annotation/javax.annotation-api/1.3.2/javax.annotation-api-1.3.2.jar:/home/runner/.m2/repository/jakarta/annotation/jakarta.annotation-api/2.1.1/jakarta.annotation-api-2.1.1.jar:/home/runner/.m2/repository/org/apache/ratis/ratis-server-api/3.1.0/ratis-server-api-3.1.0.jar:/home/runner/.m2/repository/org/apache/ratis/ratis-thirdparty-misc/1.0.6/ratis-thirdparty-misc-1.0.6.jar:/home/runner/.m2/repository/org/apache/ratis/ratis-proto/3.1.0/ratis-proto-3.1.0.jar:/home/runner/.m2/repository/org/apache/ratis/ratis-common/3.1.0/ratis-common-3.1.0.jar:/home/runner/.m2/repository/org/apache/ratis/ratis-client/3.1.0/ratis-client-3.1.0.jar:/home/runner/.m2/repository/org/apache/ratis/ratis-metrics-dropwizard3/3.1.0/ratis-metrics-dropwizard3-3.1.0.jar:/home/runner/.m2/repository/org/apache/ratis/ratis-metrics-api/3.1.0/ratis-metrics-api-3.1.0.jar:/home/runner/.m2/repository/org/apache/ratis/ratis-netty/3.1.0/ratis-netty-3.1.0.jar:/home/runner/.m2/repository/org/apache/ratis/ratis-grpc/3.1.0/ratis-grpc-3.1.0.jar:/home/runner/.m2/repository/org/bouncycastle/bcpkix-jdk18on/1.78.1/bcpkix-jdk18on-1.78.1.jar:/home/runner/.m2/repository/org/bouncycastle/bcutil-jdk18on/1.78.1/bcutil-jdk18on-1.78.1.jar:/home/runner/.m2/repository/commons-validator/commons-validator/1.6/commons-validator-1.6.jar:/home/runner/.m2/repository/commons-beanutils/commons-beanutils/1.9.4/commons-beanutils-1.9.4.jar:/home/runner/.m2/repository/commons-digester/commons-digester/1.8.1/commons-digester-1.8.1.jar:/home/runner/.m2/repository/commons-collections/commons-collections/3.2.2/commons-collections-3.2.2.jar:/home/runner/.m2/repository/io/jaegertracing/jaeger-client/1.8.1/jaeger-client-1.8.1.jar:/home/runner/.m2/repository/io/jaegertracing/jaeger-thrift/1.8.1/jaeger-thrift-1.8.1.jar:/home/runner/.m2/repository/org/apache/thrift/libthrift/0.15.0/libthrift-0.15.0.jar:/home/runner/.m2/repository/io/jaegertracing/jaeger-core/1.8.1/jaeger-core-1.8.1.jar:/home/runner/.m2/repository/io/jaegertracing/jaeger-tracerresolver/1.8.1/jaeger-tracerresolver-1.8.1.jar:/home/runner/.m2/repository/io/opentracing/contrib/opentracing-tracerresolver/0.1.8/opentracing-tracerresolver-0.1.8.jar:/home/runner/.m2/repository/org/jetbrains/kotlin/kotlin-stdlib/1.9.24/kotlin-stdlib-1.9.24.jar:/home/runner/.m2/repository/org/jetbrains/annotations/13.0/annotations-13.0.jar:/home/runner/.m2/repository/io/opentracing/opentracing-util/0.33.0/opentracing-util-0.33.0.jar:/home/runner/.m2/repository/io/opentracing/opentracing-api/0.33.0/opentracing-api-0.33.0.jar:/home/runner/.m2/repository/io/opentracing/opentracing-noop/0.33.0/opentracing-noop-0.33.0.jar:/home/runner/.m2/repository/org/yaml/snakeyaml/2.0/snakeyaml-2.0.jar:/home/runner/.m2/repository/org/reflections/reflections/0.10.2/reflections-0.10.2.jar:/home/runner/.m2/repository/org/javassist/javassist/3.30.2-GA/javassist-3.30.2-GA.jar:/home/runner/work/ozone/ozone/hadoop-hdds/interface-client/target/hdds-interface-client-1.5.0-SNAPSHOT.jar:/home/runner/.m2/repository/org/apache/hadoop/thirdparty/hadoop-shaded-protobuf_3_7/1.1.1/hadoop-shaded-protobuf_3_7-1.1.1.jar:/home/runner/work/ozone/ozone/hadoop-hdds/interface-admin/target/hdds-interface-admin-1.5.0-SNAPSHOT.jar:/home/runner/.m2/repository/io/grpc/grpc-api/1.58.0/grpc-api-1.58.0.jar:/home/runner/work/ozone/ozone/hadoop-hdds/container-service/target/hdds-container-service-1.5.0-SNAPSHOT.jar:/home/runner/.m2/repository/org/apache/commons/commons-compress/1.26.0/commons-compress-1.26.0.jar:/home/runner/.m2/repository/com/github/luben/zstd-jni/1.5.6-3/zstd-jni-1.5.6-3.jar:/home/runner/.m2/repository/commons-codec/commons-codec/1.17.0/commons-codec-1.17.0.jar:/home/runner/.m2/repository/jakarta/xml/bind/jakarta.xml.bind-api/2.3.3/jakarta.xml.bind-api-2.3.3.jar:/home/runner/.m2/repository/jakarta/activation/jakarta.activation-api/1.2.2/jakarta.activation-api-1.2.2.jar:/home/runner/.m2/repository/org/glassfish/jaxb/jaxb-runtime/2.3.9/jaxb-runtime-2.3.9.jar:/home/runner/.m2/repository/org/glassfish/jaxb/txw2/2.3.9/txw2-2.3.9.jar:/home/runner/.m2/repository/com/sun/istack/istack-commons-runtime/3.0.12/istack-commons-runtime-3.0.12.jar:/home/runner/.m2/repository/com/sun/activation/jakarta.activation/1.2.2/jakarta.activation-1.2.2.jar:/home/runner/.m2/repository/io/netty/netty-transport/4.1.109.Final/netty-transport-4.1.109.Final.jar:/home/runner/.m2/repository/io/netty/netty-common/4.1.109.Final/netty-common-4.1.109.Final.jar:/home/runner/.m2/repository/io/netty/netty-buffer/4.1.109.Final/netty-buffer-4.1.109.Final.jar:/home/runner/.m2/repository/io/netty/netty-resolver/4.1.109.Final/netty-resolver-4.1.109.Final.jar:/home/runner/.m2/repository/io/netty/netty-codec/4.1.109.Final/netty-codec-4.1.109.Final.jar:/home/runner/.m2/repository/io/netty/netty-handler/4.1.109.Final/netty-handler-4.1.109.Final.jar:/home/runner/.m2/repository/io/netty/netty-transport-native-unix-common/4.1.109.Final/netty-transport-native-unix-common-4.1.109.Final.jar:/home/runner/work/ozone/ozone/hadoop-hdds/client/target/hdds-client-1.5.0-SNAPSHOT.jar:/home/runner/work/ozone/ozone/hadoop-hdds/erasurecode/target/hdds-erasurecode-1.5.0-SNAPSHOT.jar:/home/runner/work/ozone/ozone/hadoop-hdds/hadoop-dependency-server/target/hdds-hadoop-dependency-server-1.5.0-SNAPSHOT.jar:/home/runner/.m2/repository/org/apache/hadoop/hadoop-annotations/3.3.6/hadoop-annotations-3.3.6.jar:/home/runner/.m2/repository/org/apache/hadoop/hadoop-common/3.3.6/hadoop-common-3.3.6.jar:/home/runner/.m2/repository/org/apache/httpcomponents/httpclient/4.5.14/httpclient-4.5.14.jar:/home/runner/.m2/repository/org/apache/httpcomponents/httpcore/4.4.16/httpcore-4.4.16.jar:/home/runner/.m2/repository/commons-net/commons-net/3.10.0/commons-net-3.10.0.jar:/home/runner/.m2/repository/javax/servlet/javax.servlet-api/3.1.0/javax.servlet-api-3.1.0.jar:/home/runner/.m2/repository/javax/servlet/jsp/jsp-api/2.1/jsp-api-2.1.jar:/home/runner/.m2/repository/com/sun/jersey/jersey-core/1.19.4/jersey-core-1.19.4.jar:/home/runner/.m2/repository/javax/ws/rs/jsr311-api/1.1.1/jsr311-api-1.1.1.jar:/home/runner/.m2/repository/com/sun/jersey/jersey-servlet/1.19.4/jersey-servlet-1.19.4.jar:/home/runner/.m2/repository/com/sun/jersey/jersey-server/1.19.4/jersey-server-1.19.4.jar:/home/runner/.m2/repository/com/google/re2j/re2j/1.7/re2j-1.7.jar:/home/runner/.m2/repository/com/google/code/gson/gson/2.10.1/gson-2.10.1.jar:/home/runner/.m2/repository/com/jcraft/jsch/0.1.55/jsch-0.1.55.jar:/home/runner/.m2/repository/org/codehaus/woodstox/stax2-api/4.2.2/stax2-api-4.2.2.jar:/home/runner/.m2/repository/com/fasterxml/woodstox/woodstox-core/5.4.0/woodstox-core-5.4.0.jar:/home/runner/.m2/repository/dnsjava/dnsjava/2.1.9/dnsjava-2.1.9.jar:/home/runner/.m2/repository/org/apache/hadoop/hadoop-auth/3.3.6/hadoop-auth-3.3.6.jar:/home/runner/.m2/repository/org/apache/hadoop/thirdparty/hadoop-shaded-guava/1.2.0/hadoop-shaded-guava-1.2.0.jar:/home/runner/.m2/repository/com/nimbusds/nimbus-jose-jwt/9.40/nimbus-jose-jwt-9.40.jar:/home/runner/.m2/repository/commons-cli/commons-cli/1.8.0/commons-cli-1.8.0.jar:/home/runner/.m2/repository/org/apache/hadoop/hadoop-hdfs/3.3.6/hadoop-hdfs-3.3.6.jar:/home/runner/.m2/repository/org/eclipse/jetty/jetty-util-ajax/9.4.55.v20240627/jetty-util-ajax-9.4.55.v20240627.jar:/home/runner/.m2/repository/commons-daemon/commons-daemon/1.3.4/commons-daemon-1.3.4.jar:/home/runner/.m2/repository/org/apache/kerby/kerb-core/1.0.1/kerb-core-1.0.1.jar:/home/runner/.m2/repository/org/apache/kerby/kerby-pkix/1.0.1/kerby-pkix-1.0.1.jar:/home/runner/.m2/repository/org/apache/kerby/kerby-asn1/1.0.1/kerby-asn1-1.0.1.jar:/home/runner/.m2/repository/org/apache/kerby/kerby-util/1.0.1/kerby-util-1.0.1.jar:/home/runner/.m2/repository/org/apache/kerby/kerb-util/1.0.1/kerb-util-1.0.1.jar:/home/runner/.m2/repository/org/apache/kerby/kerby-config/1.0.1/kerby-config-1.0.1.jar:/home/runner/.m2/repository/org/apache/kerby/kerb-crypto/1.0.1/kerb-crypto-1.0.1.jar:/home/runner/.m2/repository/org/xerial/snappy/snappy-java/1.1.10.5/snappy-java-1.1.10.5.jar:/home/runner/work/ozone/ozone/hadoop-hdds/framework/target/hdds-server-framework-1.5.0-SNAPSHOT.jar:/home/runner/work/ozone/ozone/hadoop-hdds/interface-server/target/hdds-interface-server-1.5.0-SNAPSHOT.jar:/home/runner/work/ozone/ozone/hadoop-hdds/managed-rocksdb/target/hdds-managed-rocksdb-1.5.0-SNAPSHOT.jar:/home/runner/.m2/repository/org/rocksdb/rocksdbjni/7.7.3/rocksdbjni-7.7.3.jar:/home/runner/.m2/repository/ch/qos/reload4j/reload4j/1.2.25/reload4j-1.2.25.jar:/home/runner/.m2/repository/org/slf4j/slf4j-reload4j/2.0.13/slf4j-reload4j-2.0.13.jar:/home/runner/.m2/repository/org/apache/commons/commons-configuration2/2.10.1/commons-configuration2-2.10.1.jar:/home/runner/.m2/repository/commons-fileupload/commons-fileupload/1.5/commons-fileupload-1.5.jar:/home/runner/.m2/repository/org/apache/logging/log4j/log4j-api/2.17.1/log4j-api-2.17.1.jar:/home/runner/.m2/repository/org/apache/logging/log4j/log4j-core/2.17.1/log4j-core-2.17.1.jar:/home/runner/.m2/repository/com/lmax/disruptor/3.4.4/disruptor-3.4.4.jar:/home/runner/.m2/repository/org/eclipse/jetty/jetty-util/9.4.55.v20240627/jetty-util-9.4.55.v20240627.jar:/home/runner/.m2/repository/org/eclipse/jetty/jetty-server/9.4.55.v20240627/jetty-server-9.4.55.v20240627.jar:/home/runner/.m2/repository/org/eclipse/jetty/jetty-http/9.4.55.v20240627/jetty-http-9.4.55.v20240627.jar:/home/runner/.m2/repository/org/eclipse/jetty/jetty-io/9.4.55.v20240627/jetty-io-9.4.55.v20240627.jar:/home/runner/.m2/repository/org/eclipse/jetty/jetty-servlet/9.4.55.v20240627/jetty-servlet-9.4.55.v20240627.jar:/home/runner/.m2/repository/org/eclipse/jetty/jetty-security/9.4.55.v20240627/jetty-security-9.4.55.v20240627.jar:/home/runner/.m2/repository/org/eclipse/jetty/jetty-webapp/9.4.55.v20240627/jetty-webapp-9.4.55.v20240627.jar:/home/runner/.m2/repository/org/eclipse/jetty/jetty-xml/9.4.55.v20240627/jetty-xml-9.4.55.v20240627.jar:/home/runner/.m2/repository/org/apache/ratis/ratis-server/3.1.0/ratis-server-3.1.0.jar:/home/runner/.m2/repository/io/prometheus/simpleclient_dropwizard/0.16.0/simpleclient_dropwizard-0.16.0.jar:/home/runner/.m2/repository/io/prometheus/simpleclient/0.16.0/simpleclient-0.16.0.jar:/home/runner/.m2/repository/io/prometheus/simpleclient_common/0.16.0/simpleclient_common-0.16.0.jar:/home/runner/.m2/repository/com/github/jnr/jnr-posix/3.1.19/jnr-posix-3.1.19.jar:/home/runner/.m2/repository/com/github/jnr/jnr-ffi/2.2.16/jnr-ffi-2.2.16.jar:/home/runner/.m2/repository/com/github/jnr/jffi/1.3.13/jffi-1.3.13.jar:/home/runner/.m2/repository/com/github/jnr/jffi/1.3.13/jffi-1.3.13-native.jar:/home/runner/.m2/repository/org/ow2/asm/asm/9.2/asm-9.2.jar:/home/runner/.m2/repository/org/ow2/asm/asm-commons/9.2/asm-commons-9.2.jar:/home/runner/.m2/repository/org/ow2/asm/asm-analysis/9.2/asm-analysis-9.2.jar:/home/runner/.m2/repository/org/ow2/asm/asm-tree/9.2/asm-tree-9.2.jar:/home/runner/.m2/repository/org/ow2/asm/asm-util/9.2/asm-util-9.2.jar:/home/runner/.m2/repository/com/github/jnr/jnr-a64asm/1.0.0/jnr-a64asm-1.0.0.jar:/home/runner/.m2/repository/com/github/jnr/jnr-x86asm/1.0.2/jnr-x86asm-1.0.2.jar:/home/runner/.m2/repository/com/github/jnr/jnr-constants/0.10.4/jnr-constants-0.10.4.jar:/home/runner/work/ozone/ozone/hadoop-hdds/rocksdb-checkpoint-differ/target/rocksdb-checkpoint-differ-1.5.0-SNAPSHOT.jar:/home/runner/work/ozone/ozone/hadoop-hdds/rocks-native/target/hdds-rocks-native-1.5.0-SNAPSHOT.jar:/home/runner/.m2/repository/org/jgrapht/jgrapht-core/1.4.0/jgrapht-core-1.4.0.jar:/home/runner/.m2/repository/org/jheaps/jheaps/0.11/jheaps-0.11.jar:/home/runner/.m2/repository/org/jgrapht/jgrapht-ext/1.4.0/jgrapht-ext-1.4.0.jar:/home/runner/.m2/repository/com/github/vlsi/mxgraph/jgraphx/3.9.8.1/jgraphx-3.9.8.1.jar:/home/runner/work/ozone/ozone/hadoop-hdds/docs/target/hdds-docs-1.5.0-SNAPSHOT.jar:/home/runner/.m2/repository/org/bouncycastle/bcprov-jdk18on/1.78.1/bcprov-jdk18on-1.78.1.jar:/home/runner/.m2/repository/io/dropwizard/metrics/metrics-core/3.2.6/metrics-core-3.2.6.jar:/home/runner/.m2/repository/org/slf4j/slf4j-api/2.0.13/slf4j-api-2.0.13.jar:/home/runner/.m2/repository/org/apache/commons/commons-text/1.12.0/commons-text-1.12.0.jar:/home/runner/.m2/repository/org/apache/hadoop/hadoop-hdfs-client/3.3.6/hadoop-hdfs-client-3.3.6.jar:/home/runner/.m2/repository/com/squareup/okhttp3/okhttp/4.12.0/okhttp-4.12.0.jar:/home/runner/.m2/repository/com/squareup/okio/okio/3.6.0/okio-3.6.0.jar:/home/runner/.m2/repository/com/squareup/okio/okio-jvm/3.6.0/okio-jvm-3.6.0.jar:/home/runner/.m2/repository/org/jetbrains/kotlin/kotlin-stdlib-jdk8/1.9.24/kotlin-stdlib-jdk8-1.9.24.jar:/home/runner/.m2/repository/org/jetbrains/kotlin/kotlin-stdlib-jdk7/1.9.24/kotlin-stdlib-jdk7-1.9.24.jar:/home/runner/.m2/repository/org/jetbrains/kotlin/kotlin-stdlib-common/1.9.24/kotlin-stdlib-common-1.9.24.jar:/home/runner/.m2/repository/com/fasterxml/jackson/core/jackson-databind/2.16.2/jackson-databind-2.16.2.jar:/home/runner/.m2/repository/org/apache/commons/commons-math3/3.6.1/commons-math3-3.6.1.jar:/home/runner/work/ozone/ozone/hadoop-hdds/common/target/hdds-common-1.5.0-SNAPSHOT-tests.jar:/home/runner/work/ozone/ozone/hadoop-hdds/hadoop-dependency-test/target/hdds-hadoop-dependency-test-1.5.0-SNAPSHOT.jar:/home/runner/.m2/repository/org/apache/hadoop/hadoop-common/3.3.6/hadoop-common-3.3.6-tests.jar:/home/runner/.m2/repository/org/apache/hadoop/hadoop-hdfs/3.3.6/hadoop-hdfs-3.3.6-tests.jar:/home/runner/.m2/repository/org/assertj/assertj-core/3.26.0/assertj-core-3.26.0.jar:/home/runner/.m2/repository/net/bytebuddy/byte-buddy/1.14.16/byte-buddy-1.14.16.jar:/home/runner/.m2/repository/org/junit/jupiter/junit-jupiter-api/5.10.3/junit-jupiter-api-5.10.3.jar:/home/runner/.m2/repository/org/opentest4j/opentest4j/1.3.0/opentest4j-1.3.0.jar:/home/runner/.m2/repository/org/junit/platform/junit-platform-commons/1.10.3/junit-platform-commons-1.10.3.jar:/home/runner/.m2/repository/org/apiguardian/apiguardian-api/1.1.2/apiguardian-api-1.1.2.jar:/home/runner/.m2/repository/org/junit/jupiter/junit-jupiter-engine/5.10.3/junit-jupiter-engine-5.10.3.jar:/home/runner/.m2/repository/org/junit/platform/junit-platform-engine/1.10.3/junit-platform-engine-1.10.3.jar:/home/runner/.m2/repository/org/junit/jupiter/junit-jupiter-params/5.10.3/junit-jupiter-params-5.10.3.jar:/home/runner/.m2/repository/org/mockito/mockito-core/4.11.0/mockito-core-4.11.0.jar:/home/runner/.m2/repository/net/bytebuddy/byte-buddy-agent/1.12.19/byte-buddy-agent-1.12.19.jar:/home/runner/.m2/repository/org/objenesis/objenesis/3.3/objenesis-3.3.jar:/home/runner/.m2/repository/org/mockito/mockito-inline/4.11.0/mockito-inline-4.11.0.jar:/home/runner/.m2/repository/org/mockito/mockito-junit-jupiter/4.11.0/mockito-junit-jupiter-4.11.0.jar:/home/runner/work/ozone/ozone/hadoop-hdds/container-service/target/hdds-container-service-1.5.0-SNAPSHOT-tests.jar:/home/runner/work/ozone/ozone/hadoop-hdds/test-utils/target/hdds-test-utils-1.5.0-SNAPSHOT.jar:/home/runner/.m2/repository/commons-logging/commons-logging/1.2/commons-logging-1.2.jar:/home/runner/work/ozone/ozone/hadoop-hdds/server-scm/target/gradle-enterprise/test-listeners.jar:"/>
    <property name="java.vm.vendor" value="Eclipse Adoptium"/>
    <property name="sun.arch.data.model" value="64"/>
    <property name="test.build.dir" value="/home/runner/work/ozone/ozone/hadoop-hdds/server-scm/target/test-dir"/>
    <property name="test.cache.data" value=""/>
    <property name="java.vendor.url" value="https://adoptium.net/"/>
    <property name="user.timezone" value="Etc/UTC"/>
    <property name="maven-surefire-plugin.argLineAccessArgs" value=" --add-opens java.management/com.sun.jmx.mbeanserver=ALL-UNNAMED --add-exports java.management/com.sun.jmx.mbeanserver=ALL-UNNAMED --add-opens java.base/java.nio=ALL-UNNAMED --add-opens java.base/java.lang=ALL-UNNAMED --add-opens java.base/java.lang.reflect=ALL-UNNAMED"/>
    <property name="os.name" value="Linux"/>
    <property name="java.vm.specification.version" value="17"/>
    <property name="test.build.data" value="/home/runner/work/ozone/ozone/hadoop-hdds/server-scm/target/test-dir"/>
    <property name="sun.java.launcher" value="SUN_STANDARD"/>
    <property name="sun.boot.library.path" value="/usr/lib/jvm/temurin-17-jdk-amd64/lib"/>
    <property name="sun.java.command" value="/home/runner/work/ozone/ozone/hadoop-hdds/server-scm/target/surefire/surefirebooter13351738688050666472.jar /home/runner/work/ozone/ozone/hadoop-hdds/server-scm/target/surefire 2024-07-10T08-57-29_462-jvmRun1 surefire3245876416331448453tmp surefire_13313620935026974401335tmp"/>
    <property name="jdk.debug" value="release"/>
    <property name="native.lib.tmp.dir" value="/tmp"/>
    <property name="surefire.test.class.path" value="/home/runner/work/ozone/ozone/hadoop-hdds/server-scm/target/test-classes:/home/runner/work/ozone/ozone/hadoop-hdds/server-scm/target/classes:/home/runner/.m2/repository/com/google/protobuf/protobuf-java/2.5.0/protobuf-java-2.5.0.jar:/home/runner/work/ozone/ozone/hadoop-hdds/common/target/hdds-common-1.5.0-SNAPSHOT.jar:/home/runner/work/ozone/ozone/hadoop-hdds/hadoop-dependency-client/target/hdds-hadoop-dependency-client-1.5.0-SNAPSHOT.jar:/home/runner/.m2/repository/info/picocli/picocli/4.7.6/picocli-4.7.6.jar:/home/runner/.m2/repository/com/github/stephenc/jcip/jcip-annotations/1.0-1/jcip-annotations-1.0-1.jar:/home/runner/.m2/repository/com/google/guava/guava/32.1.3-jre/guava-32.1.3-jre.jar:/home/runner/.m2/repository/com/google/guava/failureaccess/1.0.1/failureaccess-1.0.1.jar:/home/runner/.m2/repository/com/google/guava/listenablefuture/9999.0-empty-to-avoid-conflict-with-guava/listenablefuture-9999.0-empty-to-avoid-conflict-with-guava.jar:/home/runner/.m2/repository/org/checkerframework/checker-qual/3.37.0/checker-qual-3.37.0.jar:/home/runner/.m2/repository/com/google/errorprone/error_prone_annotations/2.2.0/error_prone_annotations-2.2.0.jar:/home/runner/.m2/repository/com/google/j2objc/j2objc-annotations/2.8/j2objc-annotations-2.8.jar:/home/runner/.m2/repository/org/apache/commons/commons-lang3/3.14.0/commons-lang3-3.14.0.jar:/home/runner/.m2/repository/commons-io/commons-io/2.16.1/commons-io-2.16.1.jar:/home/runner/.m2/repository/com/fasterxml/jackson/core/jackson-annotations/2.16.2/jackson-annotations-2.16.2.jar:/home/runner/.m2/repository/com/fasterxml/jackson/datatype/jackson-datatype-jsr310/2.16.2/jackson-datatype-jsr310-2.16.2.jar:/home/runner/.m2/repository/com/fasterxml/jackson/core/jackson-core/2.16.2/jackson-core-2.16.2.jar:/home/runner/work/ozone/ozone/hadoop-hdds/annotations/target/hdds-annotation-processing-1.5.0-SNAPSHOT.jar:/home/runner/work/ozone/ozone/hadoop-hdds/config/target/hdds-config-1.5.0-SNAPSHOT.jar:/home/runner/.m2/repository/javax/annotation/javax.annotation-api/1.3.2/javax.annotation-api-1.3.2.jar:/home/runner/.m2/repository/jakarta/annotation/jakarta.annotation-api/2.1.1/jakarta.annotation-api-2.1.1.jar:/home/runner/.m2/repository/org/apache/ratis/ratis-server-api/3.1.0/ratis-server-api-3.1.0.jar:/home/runner/.m2/repository/org/apache/ratis/ratis-thirdparty-misc/1.0.6/ratis-thirdparty-misc-1.0.6.jar:/home/runner/.m2/repository/org/apache/ratis/ratis-proto/3.1.0/ratis-proto-3.1.0.jar:/home/runner/.m2/repository/org/apache/ratis/ratis-common/3.1.0/ratis-common-3.1.0.jar:/home/runner/.m2/repository/org/apache/ratis/ratis-client/3.1.0/ratis-client-3.1.0.jar:/home/runner/.m2/repository/org/apache/ratis/ratis-metrics-dropwizard3/3.1.0/ratis-metrics-dropwizard3-3.1.0.jar:/home/runner/.m2/repository/org/apache/ratis/ratis-metrics-api/3.1.0/ratis-metrics-api-3.1.0.jar:/home/runner/.m2/repository/org/apache/ratis/ratis-netty/3.1.0/ratis-netty-3.1.0.jar:/home/runner/.m2/repository/org/apache/ratis/ratis-grpc/3.1.0/ratis-grpc-3.1.0.jar:/home/runner/.m2/repository/org/bouncycastle/bcpkix-jdk18on/1.78.1/bcpkix-jdk18on-1.78.1.jar:/home/runner/.m2/repository/org/bouncycastle/bcutil-jdk18on/1.78.1/bcutil-jdk18on-1.78.1.jar:/home/runner/.m2/repository/commons-validator/commons-validator/1.6/commons-validator-1.6.jar:/home/runner/.m2/repository/commons-beanutils/commons-beanutils/1.9.4/commons-beanutils-1.9.4.jar:/home/runner/.m2/repository/commons-digester/commons-digester/1.8.1/commons-digester-1.8.1.jar:/home/runner/.m2/repository/commons-collections/commons-collections/3.2.2/commons-collections-3.2.2.jar:/home/runner/.m2/repository/io/jaegertracing/jaeger-client/1.8.1/jaeger-client-1.8.1.jar:/home/runner/.m2/repository/io/jaegertracing/jaeger-thrift/1.8.1/jaeger-thrift-1.8.1.jar:/home/runner/.m2/repository/org/apache/thrift/libthrift/0.15.0/libthrift-0.15.0.jar:/home/runner/.m2/repository/io/jaegertracing/jaeger-core/1.8.1/jaeger-core-1.8.1.jar:/home/runner/.m2/repository/io/jaegertracing/jaeger-tracerresolver/1.8.1/jaeger-tracerresolver-1.8.1.jar:/home/runner/.m2/repository/io/opentracing/contrib/opentracing-tracerresolver/0.1.8/opentracing-tracerresolver-0.1.8.jar:/home/runner/.m2/repository/org/jetbrains/kotlin/kotlin-stdlib/1.9.24/kotlin-stdlib-1.9.24.jar:/home/runner/.m2/repository/org/jetbrains/annotations/13.0/annotations-13.0.jar:/home/runner/.m2/repository/io/opentracing/opentracing-util/0.33.0/opentracing-util-0.33.0.jar:/home/runner/.m2/repository/io/opentracing/opentracing-api/0.33.0/opentracing-api-0.33.0.jar:/home/runner/.m2/repository/io/opentracing/opentracing-noop/0.33.0/opentracing-noop-0.33.0.jar:/home/runner/.m2/repository/org/yaml/snakeyaml/2.0/snakeyaml-2.0.jar:/home/runner/.m2/repository/org/reflections/reflections/0.10.2/reflections-0.10.2.jar:/home/runner/.m2/repository/org/javassist/javassist/3.30.2-GA/javassist-3.30.2-GA.jar:/home/runner/work/ozone/ozone/hadoop-hdds/interface-client/target/hdds-interface-client-1.5.0-SNAPSHOT.jar:/home/runner/.m2/repository/org/apache/hadoop/thirdparty/hadoop-shaded-protobuf_3_7/1.1.1/hadoop-shaded-protobuf_3_7-1.1.1.jar:/home/runner/work/ozone/ozone/hadoop-hdds/interface-admin/target/hdds-interface-admin-1.5.0-SNAPSHOT.jar:/home/runner/.m2/repository/io/grpc/grpc-api/1.58.0/grpc-api-1.58.0.jar:/home/runner/work/ozone/ozone/hadoop-hdds/container-service/target/hdds-container-service-1.5.0-SNAPSHOT.jar:/home/runner/.m2/repository/org/apache/commons/commons-compress/1.26.0/commons-compress-1.26.0.jar:/home/runner/.m2/repository/com/github/luben/zstd-jni/1.5.6-3/zstd-jni-1.5.6-3.jar:/home/runner/.m2/repository/commons-codec/commons-codec/1.17.0/commons-codec-1.17.0.jar:/home/runner/.m2/repository/jakarta/xml/bind/jakarta.xml.bind-api/2.3.3/jakarta.xml.bind-api-2.3.3.jar:/home/runner/.m2/repository/jakarta/activation/jakarta.activation-api/1.2.2/jakarta.activation-api-1.2.2.jar:/home/runner/.m2/repository/org/glassfish/jaxb/jaxb-runtime/2.3.9/jaxb-runtime-2.3.9.jar:/home/runner/.m2/repository/org/glassfish/jaxb/txw2/2.3.9/txw2-2.3.9.jar:/home/runner/.m2/repository/com/sun/istack/istack-commons-runtime/3.0.12/istack-commons-runtime-3.0.12.jar:/home/runner/.m2/repository/com/sun/activation/jakarta.activation/1.2.2/jakarta.activation-1.2.2.jar:/home/runner/.m2/repository/io/netty/netty-transport/4.1.109.Final/netty-transport-4.1.109.Final.jar:/home/runner/.m2/repository/io/netty/netty-common/4.1.109.Final/netty-common-4.1.109.Final.jar:/home/runner/.m2/repository/io/netty/netty-buffer/4.1.109.Final/netty-buffer-4.1.109.Final.jar:/home/runner/.m2/repository/io/netty/netty-resolver/4.1.109.Final/netty-resolver-4.1.109.Final.jar:/home/runner/.m2/repository/io/netty/netty-codec/4.1.109.Final/netty-codec-4.1.109.Final.jar:/home/runner/.m2/repository/io/netty/netty-handler/4.1.109.Final/netty-handler-4.1.109.Final.jar:/home/runner/.m2/repository/io/netty/netty-transport-native-unix-common/4.1.109.Final/netty-transport-native-unix-common-4.1.109.Final.jar:/home/runner/work/ozone/ozone/hadoop-hdds/client/target/hdds-client-1.5.0-SNAPSHOT.jar:/home/runner/work/ozone/ozone/hadoop-hdds/erasurecode/target/hdds-erasurecode-1.5.0-SNAPSHOT.jar:/home/runner/work/ozone/ozone/hadoop-hdds/hadoop-dependency-server/target/hdds-hadoop-dependency-server-1.5.0-SNAPSHOT.jar:/home/runner/.m2/repository/org/apache/hadoop/hadoop-annotations/3.3.6/hadoop-annotations-3.3.6.jar:/home/runner/.m2/repository/org/apache/hadoop/hadoop-common/3.3.6/hadoop-common-3.3.6.jar:/home/runner/.m2/repository/org/apache/httpcomponents/httpclient/4.5.14/httpclient-4.5.14.jar:/home/runner/.m2/repository/org/apache/httpcomponents/httpcore/4.4.16/httpcore-4.4.16.jar:/home/runner/.m2/repository/commons-net/commons-net/3.10.0/commons-net-3.10.0.jar:/home/runner/.m2/repository/javax/servlet/javax.servlet-api/3.1.0/javax.servlet-api-3.1.0.jar:/home/runner/.m2/repository/javax/servlet/jsp/jsp-api/2.1/jsp-api-2.1.jar:/home/runner/.m2/repository/com/sun/jersey/jersey-core/1.19.4/jersey-core-1.19.4.jar:/home/runner/.m2/repository/javax/ws/rs/jsr311-api/1.1.1/jsr311-api-1.1.1.jar:/home/runner/.m2/repository/com/sun/jersey/jersey-servlet/1.19.4/jersey-servlet-1.19.4.jar:/home/runner/.m2/repository/com/sun/jersey/jersey-server/1.19.4/jersey-server-1.19.4.jar:/home/runner/.m2/repository/com/google/re2j/re2j/1.7/re2j-1.7.jar:/home/runner/.m2/repository/com/google/code/gson/gson/2.10.1/gson-2.10.1.jar:/home/runner/.m2/repository/com/jcraft/jsch/0.1.55/jsch-0.1.55.jar:/home/runner/.m2/repository/org/codehaus/woodstox/stax2-api/4.2.2/stax2-api-4.2.2.jar:/home/runner/.m2/repository/com/fasterxml/woodstox/woodstox-core/5.4.0/woodstox-core-5.4.0.jar:/home/runner/.m2/repository/dnsjava/dnsjava/2.1.9/dnsjava-2.1.9.jar:/home/runner/.m2/repository/org/apache/hadoop/hadoop-auth/3.3.6/hadoop-auth-3.3.6.jar:/home/runner/.m2/repository/org/apache/hadoop/thirdparty/hadoop-shaded-guava/1.2.0/hadoop-shaded-guava-1.2.0.jar:/home/runner/.m2/repository/com/nimbusds/nimbus-jose-jwt/9.40/nimbus-jose-jwt-9.40.jar:/home/runner/.m2/repository/commons-cli/commons-cli/1.8.0/commons-cli-1.8.0.jar:/home/runner/.m2/repository/org/apache/hadoop/hadoop-hdfs/3.3.6/hadoop-hdfs-3.3.6.jar:/home/runner/.m2/repository/org/eclipse/jetty/jetty-util-ajax/9.4.55.v20240627/jetty-util-ajax-9.4.55.v20240627.jar:/home/runner/.m2/repository/commons-daemon/commons-daemon/1.3.4/commons-daemon-1.3.4.jar:/home/runner/.m2/repository/org/apache/kerby/kerb-core/1.0.1/kerb-core-1.0.1.jar:/home/runner/.m2/repository/org/apache/kerby/kerby-pkix/1.0.1/kerby-pkix-1.0.1.jar:/home/runner/.m2/repository/org/apache/kerby/kerby-asn1/1.0.1/kerby-asn1-1.0.1.jar:/home/runner/.m2/repository/org/apache/kerby/kerby-util/1.0.1/kerby-util-1.0.1.jar:/home/runner/.m2/repository/org/apache/kerby/kerb-util/1.0.1/kerb-util-1.0.1.jar:/home/runner/.m2/repository/org/apache/kerby/kerby-config/1.0.1/kerby-config-1.0.1.jar:/home/runner/.m2/repository/org/apache/kerby/kerb-crypto/1.0.1/kerb-crypto-1.0.1.jar:/home/runner/.m2/repository/org/xerial/snappy/snappy-java/1.1.10.5/snappy-java-1.1.10.5.jar:/home/runner/work/ozone/ozone/hadoop-hdds/framework/target/hdds-server-framework-1.5.0-SNAPSHOT.jar:/home/runner/work/ozone/ozone/hadoop-hdds/interface-server/target/hdds-interface-server-1.5.0-SNAPSHOT.jar:/home/runner/work/ozone/ozone/hadoop-hdds/managed-rocksdb/target/hdds-managed-rocksdb-1.5.0-SNAPSHOT.jar:/home/runner/.m2/repository/org/rocksdb/rocksdbjni/7.7.3/rocksdbjni-7.7.3.jar:/home/runner/.m2/repository/ch/qos/reload4j/reload4j/1.2.25/reload4j-1.2.25.jar:/home/runner/.m2/repository/org/slf4j/slf4j-reload4j/2.0.13/slf4j-reload4j-2.0.13.jar:/home/runner/.m2/repository/org/apache/commons/commons-configuration2/2.10.1/commons-configuration2-2.10.1.jar:/home/runner/.m2/repository/commons-fileupload/commons-fileupload/1.5/commons-fileupload-1.5.jar:/home/runner/.m2/repository/org/apache/logging/log4j/log4j-api/2.17.1/log4j-api-2.17.1.jar:/home/runner/.m2/repository/org/apache/logging/log4j/log4j-core/2.17.1/log4j-core-2.17.1.jar:/home/runner/.m2/repository/com/lmax/disruptor/3.4.4/disruptor-3.4.4.jar:/home/runner/.m2/repository/org/eclipse/jetty/jetty-util/9.4.55.v20240627/jetty-util-9.4.55.v20240627.jar:/home/runner/.m2/repository/org/eclipse/jetty/jetty-server/9.4.55.v20240627/jetty-server-9.4.55.v20240627.jar:/home/runner/.m2/repository/org/eclipse/jetty/jetty-http/9.4.55.v20240627/jetty-http-9.4.55.v20240627.jar:/home/runner/.m2/repository/org/eclipse/jetty/jetty-io/9.4.55.v20240627/jetty-io-9.4.55.v20240627.jar:/home/runner/.m2/repository/org/eclipse/jetty/jetty-servlet/9.4.55.v20240627/jetty-servlet-9.4.55.v20240627.jar:/home/runner/.m2/repository/org/eclipse/jetty/jetty-security/9.4.55.v20240627/jetty-security-9.4.55.v20240627.jar:/home/runner/.m2/repository/org/eclipse/jetty/jetty-webapp/9.4.55.v20240627/jetty-webapp-9.4.55.v20240627.jar:/home/runner/.m2/repository/org/eclipse/jetty/jetty-xml/9.4.55.v20240627/jetty-xml-9.4.55.v20240627.jar:/home/runner/.m2/repository/org/apache/ratis/ratis-server/3.1.0/ratis-server-3.1.0.jar:/home/runner/.m2/repository/io/prometheus/simpleclient_dropwizard/0.16.0/simpleclient_dropwizard-0.16.0.jar:/home/runner/.m2/repository/io/prometheus/simpleclient/0.16.0/simpleclient-0.16.0.jar:/home/runner/.m2/repository/io/prometheus/simpleclient_common/0.16.0/simpleclient_common-0.16.0.jar:/home/runner/.m2/repository/com/github/jnr/jnr-posix/3.1.19/jnr-posix-3.1.19.jar:/home/runner/.m2/repository/com/github/jnr/jnr-ffi/2.2.16/jnr-ffi-2.2.16.jar:/home/runner/.m2/repository/com/github/jnr/jffi/1.3.13/jffi-1.3.13.jar:/home/runner/.m2/repository/com/github/jnr/jffi/1.3.13/jffi-1.3.13-native.jar:/home/runner/.m2/repository/org/ow2/asm/asm/9.2/asm-9.2.jar:/home/runner/.m2/repository/org/ow2/asm/asm-commons/9.2/asm-commons-9.2.jar:/home/runner/.m2/repository/org/ow2/asm/asm-analysis/9.2/asm-analysis-9.2.jar:/home/runner/.m2/repository/org/ow2/asm/asm-tree/9.2/asm-tree-9.2.jar:/home/runner/.m2/repository/org/ow2/asm/asm-util/9.2/asm-util-9.2.jar:/home/runner/.m2/repository/com/github/jnr/jnr-a64asm/1.0.0/jnr-a64asm-1.0.0.jar:/home/runner/.m2/repository/com/github/jnr/jnr-x86asm/1.0.2/jnr-x86asm-1.0.2.jar:/home/runner/.m2/repository/com/github/jnr/jnr-constants/0.10.4/jnr-constants-0.10.4.jar:/home/runner/work/ozone/ozone/hadoop-hdds/rocksdb-checkpoint-differ/target/rocksdb-checkpoint-differ-1.5.0-SNAPSHOT.jar:/home/runner/work/ozone/ozone/hadoop-hdds/rocks-native/target/hdds-rocks-native-1.5.0-SNAPSHOT.jar:/home/runner/.m2/repository/org/jgrapht/jgrapht-core/1.4.0/jgrapht-core-1.4.0.jar:/home/runner/.m2/repository/org/jheaps/jheaps/0.11/jheaps-0.11.jar:/home/runner/.m2/repository/org/jgrapht/jgrapht-ext/1.4.0/jgrapht-ext-1.4.0.jar:/home/runner/.m2/repository/com/github/vlsi/mxgraph/jgraphx/3.9.8.1/jgraphx-3.9.8.1.jar:/home/runner/work/ozone/ozone/hadoop-hdds/docs/target/hdds-docs-1.5.0-SNAPSHOT.jar:/home/runner/.m2/repository/org/bouncycastle/bcprov-jdk18on/1.78.1/bcprov-jdk18on-1.78.1.jar:/home/runner/.m2/repository/io/dropwizard/metrics/metrics-core/3.2.6/metrics-core-3.2.6.jar:/home/runner/.m2/repository/org/slf4j/slf4j-api/2.0.13/slf4j-api-2.0.13.jar:/home/runner/.m2/repository/org/apache/commons/commons-text/1.12.0/commons-text-1.12.0.jar:/home/runner/.m2/repository/org/apache/hadoop/hadoop-hdfs-client/3.3.6/hadoop-hdfs-client-3.3.6.jar:/home/runner/.m2/repository/com/squareup/okhttp3/okhttp/4.12.0/okhttp-4.12.0.jar:/home/runner/.m2/repository/com/squareup/okio/okio/3.6.0/okio-3.6.0.jar:/home/runner/.m2/repository/com/squareup/okio/okio-jvm/3.6.0/okio-jvm-3.6.0.jar:/home/runner/.m2/repository/org/jetbrains/kotlin/kotlin-stdlib-jdk8/1.9.24/kotlin-stdlib-jdk8-1.9.24.jar:/home/runner/.m2/repository/org/jetbrains/kotlin/kotlin-stdlib-jdk7/1.9.24/kotlin-stdlib-jdk7-1.9.24.jar:/home/runner/.m2/repository/org/jetbrains/kotlin/kotlin-stdlib-common/1.9.24/kotlin-stdlib-common-1.9.24.jar:/home/runner/.m2/repository/com/fasterxml/jackson/core/jackson-databind/2.16.2/jackson-databind-2.16.2.jar:/home/runner/.m2/repository/org/apache/commons/commons-math3/3.6.1/commons-math3-3.6.1.jar:/home/runner/work/ozone/ozone/hadoop-hdds/common/target/hdds-common-1.5.0-SNAPSHOT-tests.jar:/home/runner/work/ozone/ozone/hadoop-hdds/hadoop-dependency-test/target/hdds-hadoop-dependency-test-1.5.0-SNAPSHOT.jar:/home/runner/.m2/repository/org/apache/hadoop/hadoop-common/3.3.6/hadoop-common-3.3.6-tests.jar:/home/runner/.m2/repository/org/apache/hadoop/hadoop-hdfs/3.3.6/hadoop-hdfs-3.3.6-tests.jar:/home/runner/.m2/repository/org/assertj/assertj-core/3.26.0/assertj-core-3.26.0.jar:/home/runner/.m2/repository/net/bytebuddy/byte-buddy/1.14.16/byte-buddy-1.14.16.jar:/home/runner/.m2/repository/org/junit/jupiter/junit-jupiter-api/5.10.3/junit-jupiter-api-5.10.3.jar:/home/runner/.m2/repository/org/opentest4j/opentest4j/1.3.0/opentest4j-1.3.0.jar:/home/runner/.m2/repository/org/junit/platform/junit-platform-commons/1.10.3/junit-platform-commons-1.10.3.jar:/home/runner/.m2/repository/org/apiguardian/apiguardian-api/1.1.2/apiguardian-api-1.1.2.jar:/home/runner/.m2/repository/org/junit/jupiter/junit-jupiter-engine/5.10.3/junit-jupiter-engine-5.10.3.jar:/home/runner/.m2/repository/org/junit/platform/junit-platform-engine/1.10.3/junit-platform-engine-1.10.3.jar:/home/runner/.m2/repository/org/junit/jupiter/junit-jupiter-params/5.10.3/junit-jupiter-params-5.10.3.jar:/home/runner/.m2/repository/org/mockito/mockito-core/4.11.0/mockito-core-4.11.0.jar:/home/runner/.m2/repository/net/bytebuddy/byte-buddy-agent/1.12.19/byte-buddy-agent-1.12.19.jar:/home/runner/.m2/repository/org/objenesis/objenesis/3.3/objenesis-3.3.jar:/home/runner/.m2/repository/org/mockito/mockito-inline/4.11.0/mockito-inline-4.11.0.jar:/home/runner/.m2/repository/org/mockito/mockito-junit-jupiter/4.11.0/mockito-junit-jupiter-4.11.0.jar:/home/runner/work/ozone/ozone/hadoop-hdds/container-service/target/hdds-container-service-1.5.0-SNAPSHOT-tests.jar:/home/runner/work/ozone/ozone/hadoop-hdds/test-utils/target/hdds-test-utils-1.5.0-SNAPSHOT.jar:/home/runner/.m2/repository/commons-logging/commons-logging/1.2/commons-logging-1.2.jar:/home/runner/work/ozone/ozone/hadoop-hdds/server-scm/target/gradle-enterprise/test-listeners.jar:"/>
    <property name="sun.cpu.endian" value="little"/>
    <property name="user.home" value="/home/runner"/>
    <property name="user.language" value="en"/>
    <property name="java.specification.vendor" value="Oracle Corporation"/>
    <property name="java.version.date" value="2024-04-16"/>
    <property name="java.home" value="/usr/lib/jvm/temurin-17-jdk-amd64"/>
    <property name="java.security.krb5.conf" value="/home/runner/work/ozone/ozone/hadoop-hdds/server-scm/target/test-classes/krb5.conf"/>
    <property name="file.separator" value="/"/>
    <property name="basedir" value="/home/runner/work/ozone/ozone/hadoop-hdds/server-scm"/>
    <property name="java.vm.compressedOopsMode" value="Zero based"/>
    <property name="line.separator" value="&#10;"/>
    <property name="java.vm.specification.vendor" value="Oracle Corporation"/>
    <property name="java.specification.name" value="Java Platform API Specification"/>
    <property name="skip.installnpx" value="true"/>
    <property name="surefire.real.class.path" value="/home/runner/work/ozone/ozone/hadoop-hdds/server-scm/target/surefire/surefirebooter13351738688050666472.jar"/>
    <property name="hadoop.log.dir" value="/home/runner/work/ozone/ozone/hadoop-hdds/server-scm/target/log"/>
    <property name="sun.management.compiler" value="HotSpot 64-Bit Tiered Compilers"/>
    <property name="java.runtime.version" value="17.0.11+9"/>
    <property name="skip.npx" value="true"/>
    <property name="user.name" value="runner"/>
    <property name="java.net.preferIPv4Stack" value="true"/>
    <property name="path.separator" value=":"/>
    <property name="java.security.egd" value="file:///dev/urandom"/>
    <property name="os.version" value="5.15.0-1064-azure"/>
    <property name="java.runtime.name" value="OpenJDK Runtime Environment"/>
    <property name="com.gradle.maven.scan.extension.test.listener.junitplatform.NestedExecutionSafeDelegatingTestExecutionListener" value="1190200a"/>
    <property name="file.encoding" value="UTF-8"/>
    <property name="java.vm.name" value="OpenJDK 64-Bit Server VM"/>
    <property name="java.vendor.version" value="Temurin-17.0.11+9"/>
    <property name="test.build.webapps" value=""/>
    <property name="develocity.listener.surefire.forkId" value="1"/>
    <property name="localRepository" value="/home/runner/.m2/repository"/>
    <property name="java.vendor.url.bug" value="https://github.com/adoptium/adoptium-support/issues"/>
    <property name="java.io.tmpdir" value="/tmp"/>
    <property name="require.test.libhadoop" value=""/>
    <property name="java.version" value="17.0.11"/>
    <property name="user.dir" value="/home/runner/work/ozone/ozone/hadoop-hdds/server-scm"/>
    <property name="os.arch" value="amd64"/>
    <property name="java.vm.specification.name" value="Java Virtual Machine Specification"/>
    <property name="test.build.classes" value="/home/runner/work/ozone/ozone/hadoop-hdds/server-scm/target/test-classes"/>
    <property name="native.encoding" value="UTF-8"/>
    <property name="hadoop.tmp.dir" value="/home/runner/work/ozone/ozone/hadoop-hdds/server-scm/target/tmp"/>
    <property name="java.library.path" value="/usr/java/packages/lib:/usr/lib64:/lib64:/lib:/usr/lib"/>
    <property name="java.vm.info" value="mixed mode, sharing"/>
    <property name="java.vendor" value="Eclipse Adoptium"/>
    <property name="java.vm.version" value="17.0.11+9"/>
    <property name="sun.io.unicode.encoding" value="UnicodeLittle"/>
    <property name="develocity.listener.port" value="46245"/>
    <property name="java.class.version" value="61.0"/>
  </properties>
  <testcase name="unBalancedNodesListShouldBeEmptyWhenClusterIsBalanced(MockedSCM)[1]" classname="org.apache.hadoop.hdds.scm.container.balancer.TestContainerBalancerDatanodeNodeLimit" time="0.251"/>
  <testcase name="unBalancedNodesListShouldBeEmptyWhenClusterIsBalanced(MockedSCM)[2]" classname="org.apache.hadoop.hdds.scm.container.balancer.TestContainerBalancerDatanodeNodeLimit" time="0.049"/>
  <testcase name="unBalancedNodesListShouldBeEmptyWhenClusterIsBalanced(MockedSCM)[3]" classname="org.apache.hadoop.hdds.scm.container.balancer.TestContainerBalancerDatanodeNodeLimit" time="0.046"/>
  <testcase name="unBalancedNodesListShouldBeEmptyWhenClusterIsBalanced(MockedSCM)[4]" classname="org.apache.hadoop.hdds.scm.container.balancer.TestContainerBalancerDatanodeNodeLimit" time="0.046"/>
  <testcase name="unBalancedNodesListShouldBeEmptyWhenClusterIsBalanced(MockedSCM)[5]" classname="org.apache.hadoop.hdds.scm.container.balancer.TestContainerBalancerDatanodeNodeLimit" time="0.045"/>
  <testcase name="unBalancedNodesListShouldBeEmptyWhenClusterIsBalanced(MockedSCM)[6]" classname="org.apache.hadoop.hdds.scm.container.balancer.TestContainerBalancerDatanodeNodeLimit" time="0.041"/>
  <testcase name="unBalancedNodesListShouldBeEmptyWhenClusterIsBalanced(MockedSCM)[7]" classname="org.apache.hadoop.hdds.scm.container.balancer.TestContainerBalancerDatanodeNodeLimit" time="0.042"/>
  <testcase name="unBalancedNodesListShouldBeEmptyWhenClusterIsBalanced(MockedSCM)[8]" classname="org.apache.hadoop.hdds.scm.container.balancer.TestContainerBalancerDatanodeNodeLimit" time="0.044"/>
  <testcase name="unBalancedNodesListShouldBeEmptyWhenClusterIsBalanced(MockedSCM)[9]" classname="org.apache.hadoop.hdds.scm.container.balancer.TestContainerBalancerDatanodeNodeLimit" time="0.044"/>
  <testcase name="unBalancedNodesListShouldBeEmptyWhenClusterIsBalanced(MockedSCM)[10]" classname="org.apache.hadoop.hdds.scm.container.balancer.TestContainerBalancerDatanodeNodeLimit" time="0.04"/>
  <testcase name="unBalancedNodesListShouldBeEmptyWhenClusterIsBalanced(MockedSCM)[11]" classname="org.apache.hadoop.hdds.scm.container.balancer.TestContainerBalancerDatanodeNodeLimit" time="0.05"/>
  <testcase name="unBalancedNodesListShouldBeEmptyWhenClusterIsBalanced(MockedSCM)[12]" classname="org.apache.hadoop.hdds.scm.container.balancer.TestContainerBalancerDatanodeNodeLimit" time="0.042"/>
  <testcase name="unBalancedNodesListShouldBeEmptyWhenClusterIsBalanced(MockedSCM)[13]" classname="org.apache.hadoop.hdds.scm.container.balancer.TestContainerBalancerDatanodeNodeLimit" time="0.041"/>
  <testcase name="unBalancedNodesListShouldBeEmptyWhenClusterIsBalanced(MockedSCM)[14]" classname="org.apache.hadoop.hdds.scm.container.balancer.TestContainerBalancerDatanodeNodeLimit" time="0.042"/>
  <testcase name="unBalancedNodesListShouldBeEmptyWhenClusterIsBalanced(MockedSCM)[15]" classname="org.apache.hadoop.hdds.scm.container.balancer.TestContainerBalancerDatanodeNodeLimit" time="0.038"/>
  <testcase name="unBalancedNodesListShouldBeEmptyWhenClusterIsBalanced(MockedSCM)[16]" classname="org.apache.hadoop.hdds.scm.container.balancer.TestContainerBalancerDatanodeNodeLimit" time="0.049"/>
  <testcase name="balancerShouldObeyMaxSizeLeavingSourceLimit(MockedSCM)[1]" classname="org.apache.hadoop.hdds.scm.container.balancer.TestContainerBalancerDatanodeNodeLimit" time="0.105"/>
  <testcase name="balancerShouldObeyMaxSizeLeavingSourceLimit(MockedSCM)[2]" classname="org.apache.hadoop.hdds.scm.container.balancer.TestContainerBalancerDatanodeNodeLimit" time="0.089"/>
  <testcase name="balancerShouldObeyMaxSizeLeavingSourceLimit(MockedSCM)[3]" classname="org.apache.hadoop.hdds.scm.container.balancer.TestContainerBalancerDatanodeNodeLimit" time="0.106"/>
  <testcase name="balancerShouldObeyMaxSizeLeavingSourceLimit(MockedSCM)[4]" classname="org.apache.hadoop.hdds.scm.container.balancer.TestContainerBalancerDatanodeNodeLimit" time="0.121"/>
  <testcase name="balancerShouldObeyMaxSizeLeavingSourceLimit(MockedSCM)[5]" classname="org.apache.hadoop.hdds.scm.container.balancer.TestContainerBalancerDatanodeNodeLimit" time="0.127"/>
  <testcase name="balancerShouldObeyMaxSizeLeavingSourceLimit(MockedSCM)[6]" classname="org.apache.hadoop.hdds.scm.container.balancer.TestContainerBalancerDatanodeNodeLimit" time="0.161"/>
  <testcase name="balancerShouldObeyMaxSizeLeavingSourceLimit(MockedSCM)[7]" classname="org.apache.hadoop.hdds.scm.container.balancer.TestContainerBalancerDatanodeNodeLimit" time="0.177"/>
  <testcase name="balancerShouldObeyMaxSizeLeavingSourceLimit(MockedSCM)[8]" classname="org.apache.hadoop.hdds.scm.container.balancer.TestContainerBalancerDatanodeNodeLimit" time="0.17"/>
  <testcase name="balancerShouldObeyMaxSizeLeavingSourceLimit(MockedSCM)[9]" classname="org.apache.hadoop.hdds.scm.container.balancer.TestContainerBalancerDatanodeNodeLimit" time="0.168"/>
  <testcase name="balancerShouldObeyMaxSizeLeavingSourceLimit(MockedSCM)[10]" classname="org.apache.hadoop.hdds.scm.container.balancer.TestContainerBalancerDatanodeNodeLimit" time="0.158"/>
  <testcase name="balancerShouldObeyMaxSizeLeavingSourceLimit(MockedSCM)[11]" classname="org.apache.hadoop.hdds.scm.container.balancer.TestContainerBalancerDatanodeNodeLimit" time="0.159"/>
  <testcase name="balancerShouldObeyMaxSizeLeavingSourceLimit(MockedSCM)[12]" classname="org.apache.hadoop.hdds.scm.container.balancer.TestContainerBalancerDatanodeNodeLimit" time="0.112"/>
  <testcase name="balancerShouldObeyMaxSizeLeavingSourceLimit(MockedSCM)[13]" classname="org.apache.hadoop.hdds.scm.container.balancer.TestContainerBalancerDatanodeNodeLimit" time="0.204"/>
  <testcase name="balancerShouldObeyMaxSizeLeavingSourceLimit(MockedSCM)[14]" classname="org.apache.hadoop.hdds.scm.container.balancer.TestContainerBalancerDatanodeNodeLimit" time="0.242"/>
  <testcase name="balancerShouldObeyMaxSizeLeavingSourceLimit(MockedSCM)[15]" classname="org.apache.hadoop.hdds.scm.container.balancer.TestContainerBalancerDatanodeNodeLimit" time="0.138"/>
  <testcase name="balancerShouldObeyMaxSizeLeavingSourceLimit(MockedSCM)[16]" classname="org.apache.hadoop.hdds.scm.container.balancer.TestContainerBalancerDatanodeNodeLimit" time="0.295"/>
  <testcase name="containerBalancerShouldObeyMaxDatanodesToInvolveLimit(MockedSCM)[1]" classname="org.apache.hadoop.hdds.scm.container.balancer.TestContainerBalancerDatanodeNodeLimit" time="0.078"/>
  <testcase name="containerBalancerShouldObeyMaxDatanodesToInvolveLimit(MockedSCM)[2]" classname="org.apache.hadoop.hdds.scm.container.balancer.TestContainerBalancerDatanodeNodeLimit" time="0.026"/>
  <testcase name="containerBalancerShouldObeyMaxDatanodesToInvolveLimit(MockedSCM)[3]" classname="org.apache.hadoop.hdds.scm.container.balancer.TestContainerBalancerDatanodeNodeLimit" time="0.043"/>
  <testcase name="containerBalancerShouldObeyMaxDatanodesToInvolveLimit(MockedSCM)[4]" classname="org.apache.hadoop.hdds.scm.container.balancer.TestContainerBalancerDatanodeNodeLimit" time="0.035"/>
  <testcase name="containerBalancerShouldObeyMaxDatanodesToInvolveLimit(MockedSCM)[5]" classname="org.apache.hadoop.hdds.scm.container.balancer.TestContainerBalancerDatanodeNodeLimit" time="0.033"/>
  <testcase name="containerBalancerShouldObeyMaxDatanodesToInvolveLimit(MockedSCM)[6]" classname="org.apache.hadoop.hdds.scm.container.balancer.TestContainerBalancerDatanodeNodeLimit" time="0.035"/>
  <testcase name="containerBalancerShouldObeyMaxDatanodesToInvolveLimit(MockedSCM)[7]" classname="org.apache.hadoop.hdds.scm.container.balancer.TestContainerBalancerDatanodeNodeLimit" time="0.034"/>
  <testcase name="containerBalancerShouldObeyMaxDatanodesToInvolveLimit(MockedSCM)[8]" classname="org.apache.hadoop.hdds.scm.container.balancer.TestContainerBalancerDatanodeNodeLimit" time="0.04"/>
  <testcase name="containerBalancerShouldObeyMaxDatanodesToInvolveLimit(MockedSCM)[9]" classname="org.apache.hadoop.hdds.scm.container.balancer.TestContainerBalancerDatanodeNodeLimit" time="0.044"/>
  <testcase name="containerBalancerShouldObeyMaxDatanodesToInvolveLimit(MockedSCM)[10]" classname="org.apache.hadoop.hdds.scm.container.balancer.TestContainerBalancerDatanodeNodeLimit" time="0.043"/>
  <testcase name="containerBalancerShouldObeyMaxDatanodesToInvolveLimit(MockedSCM)[11]" classname="org.apache.hadoop.hdds.scm.container.balancer.TestContainerBalancerDatanodeNodeLimit" time="0.04"/>
  <testcase name="containerBalancerShouldObeyMaxDatanodesToInvolveLimit(MockedSCM)[12]" classname="org.apache.hadoop.hdds.scm.container.balancer.TestContainerBalancerDatanodeNodeLimit" time="0.042"/>
  <testcase name="containerBalancerShouldObeyMaxDatanodesToInvolveLimit(MockedSCM)[13]" classname="org.apache.hadoop.hdds.scm.container.balancer.TestContainerBalancerDatanodeNodeLimit" time="0.101"/>
  <testcase name="containerBalancerShouldObeyMaxDatanodesToInvolveLimit(MockedSCM)[14]" classname="org.apache.hadoop.hdds.scm.container.balancer.TestContainerBalancerDatanodeNodeLimit" time="0.049"/>
  <testcase name="containerBalancerShouldObeyMaxDatanodesToInvolveLimit(MockedSCM)[15]" classname="org.apache.hadoop.hdds.scm.container.balancer.TestContainerBalancerDatanodeNodeLimit" time="0.053"/>
  <testcase name="containerBalancerShouldObeyMaxDatanodesToInvolveLimit(MockedSCM)[16]" classname="org.apache.hadoop.hdds.scm.container.balancer.TestContainerBalancerDatanodeNodeLimit" time="0.298"/>
  <testcase name="testBalancerWithMoveManager(MockedSCM)[1]" classname="org.apache.hadoop.hdds.scm.container.balancer.TestContainerBalancerDatanodeNodeLimit" time="0.043"/>
  <testcase name="testBalancerWithMoveManager(MockedSCM)[2]" classname="org.apache.hadoop.hdds.scm.container.balancer.TestContainerBalancerDatanodeNodeLimit" time="0.028"/>
  <testcase name="testBalancerWithMoveManager(MockedSCM)[3]" classname="org.apache.hadoop.hdds.scm.container.balancer.TestContainerBalancerDatanodeNodeLimit" time="0.034"/>
  <testcase name="testBalancerWithMoveManager(MockedSCM)[4]" classname="org.apache.hadoop.hdds.scm.container.balancer.TestContainerBalancerDatanodeNodeLimit" time="0.038"/>
  <testcase name="testBalancerWithMoveManager(MockedSCM)[5]" classname="org.apache.hadoop.hdds.scm.container.balancer.TestContainerBalancerDatanodeNodeLimit" time="0.036"/>
  <testcase name="testBalancerWithMoveManager(MockedSCM)[6]" classname="org.apache.hadoop.hdds.scm.container.balancer.TestContainerBalancerDatanodeNodeLimit" time="0.033"/>
  <testcase name="testBalancerWithMoveManager(MockedSCM)[7]" classname="org.apache.hadoop.hdds.scm.container.balancer.TestContainerBalancerDatanodeNodeLimit" time="0.035"/>
  <testcase name="testBalancerWithMoveManager(MockedSCM)[8]" classname="org.apache.hadoop.hdds.scm.container.balancer.TestContainerBalancerDatanodeNodeLimit" time="0.031"/>
  <testcase name="testBalancerWithMoveManager(MockedSCM)[9]" classname="org.apache.hadoop.hdds.scm.container.balancer.TestContainerBalancerDatanodeNodeLimit" time="0.033"/>
  <testcase name="testBalancerWithMoveManager(MockedSCM)[10]" classname="org.apache.hadoop.hdds.scm.container.balancer.TestContainerBalancerDatanodeNodeLimit" time="0.033"/>
  <testcase name="testBalancerWithMoveManager(MockedSCM)[11]" classname="org.apache.hadoop.hdds.scm.container.balancer.TestContainerBalancerDatanodeNodeLimit" time="0.045"/>
  <testcase name="testBalancerWithMoveManager(MockedSCM)[12]" classname="org.apache.hadoop.hdds.scm.container.balancer.TestContainerBalancerDatanodeNodeLimit" time="0.083"/>
  <testcase name="testBalancerWithMoveManager(MockedSCM)[13]" classname="org.apache.hadoop.hdds.scm.container.balancer.TestContainerBalancerDatanodeNodeLimit" time="0.058"/>
  <testcase name="testBalancerWithMoveManager(MockedSCM)[14]" classname="org.apache.hadoop.hdds.scm.container.balancer.TestContainerBalancerDatanodeNodeLimit" time="0.049"/>
  <testcase name="testBalancerWithMoveManager(MockedSCM)[15]" classname="org.apache.hadoop.hdds.scm.container.balancer.TestContainerBalancerDatanodeNodeLimit" time="0.046"/>
  <testcase name="testBalancerWithMoveManager(MockedSCM)[16]" classname="org.apache.hadoop.hdds.scm.container.balancer.TestContainerBalancerDatanodeNodeLimit" time="0.054"/>
  <testcase name="testMetrics(MockedSCM)[1]" classname="org.apache.hadoop.hdds.scm.container.balancer.TestContainerBalancerDatanodeNodeLimit" time="0.032">
    <failure type="java.lang.AssertionError"><![CDATA[java.lang.AssertionError: 

Expecting actual:
  0L
to be greater than:
  0L

	at org.apache.hadoop.hdds.scm.container.balancer.TestContainerBalancerDatanodeNodeLimit.testMetrics(TestContainerBalancerDatanodeNodeLimit.java:314)
	at java.base/java.lang.reflect.Method.invoke(Method.java:568)
	at java.base/java.util.stream.ForEachOps$ForEachOp$OfRef.accept(ForEachOps.java:183)
	at java.base/java.util.stream.ReferencePipeline$3$1.accept(ReferencePipeline.java:197)
	at java.base/java.util.stream.ReferencePipeline$2$1.accept(ReferencePipeline.java:179)
	at java.base/java.util.stream.ReferencePipeline$3$1.accept(ReferencePipeline.java:197)
	at java.base/java.util.stream.ForEachOps$ForEachOp$OfRef.accept(ForEachOps.java:183)
	at java.base/java.util.stream.ReferencePipeline$3$1.accept(ReferencePipeline.java:197)
	at java.base/java.util.stream.ReferencePipeline$3$1.accept(ReferencePipeline.java:197)
	at java.base/java.util.stream.ReferencePipeline$3$1.accept(ReferencePipeline.java:197)
	at java.base/java.util.stream.ForEachOps$ForEachOp$OfRef.accept(ForEachOps.java:183)
	at java.base/java.util.stream.ReferencePipeline$3$1.accept(ReferencePipeline.java:197)
	at java.base/java.util.Spliterators$ArraySpliterator.forEachRemaining(Spliterators.java:992)
	at java.base/java.util.stream.ReferencePipeline$Head.forEach(ReferencePipeline.java:762)
	at java.base/java.util.stream.ReferencePipeline$7$1.accept(ReferencePipeline.java:276)
	at java.base/java.util.stream.ReferencePipeline$3$1.accept(ReferencePipeline.java:197)
	at java.base/java.util.stream.ReferencePipeline$3$1.accept(ReferencePipeline.java:197)
	at java.base/java.util.stream.ReferencePipeline$3$1.accept(ReferencePipeline.java:197)
	at java.base/java.util.Spliterators$ArraySpliterator.forEachRemaining(Spliterators.java:992)
	at java.base/java.util.stream.AbstractPipeline.copyInto(AbstractPipeline.java:509)
	at java.base/java.util.stream.AbstractPipeline.wrapAndCopyInto(AbstractPipeline.java:499)
	at java.base/java.util.stream.ForEachOps$ForEachOp.evaluateSequential(ForEachOps.java:150)
	at java.base/java.util.stream.ForEachOps$ForEachOp$OfRef.evaluateSequential(ForEachOps.java:173)
	at java.base/java.util.stream.AbstractPipeline.evaluate(AbstractPipeline.java:234)
	at java.base/java.util.stream.ReferencePipeline.forEach(ReferencePipeline.java:596)
	at java.base/java.util.stream.ReferencePipeline$7$1.accept(ReferencePipeline.java:276)
	at java.base/java.util.stream.ReferencePipeline$3$1.accept(ReferencePipeline.java:197)
	at java.base/java.util.stream.ReferencePipeline$3$1.accept(ReferencePipeline.java:197)
	at java.base/java.util.stream.ReferencePipeline$3$1.accept(ReferencePipeline.java:197)
	at java.base/java.util.ArrayList$ArrayListSpliterator.forEachRemaining(ArrayList.java:1625)
	at java.base/java.util.stream.AbstractPipeline.copyInto(AbstractPipeline.java:509)
	at java.base/java.util.stream.AbstractPipeline.wrapAndCopyInto(AbstractPipeline.java:499)
	at java.base/java.util.stream.ForEachOps$ForEachOp.evaluateSequential(ForEachOps.java:150)
	at java.base/java.util.stream.ForEachOps$ForEachOp$OfRef.evaluateSequential(ForEachOps.java:173)
	at java.base/java.util.stream.AbstractPipeline.evaluate(AbstractPipeline.java:234)
	at java.base/java.util.stream.ReferencePipeline.forEach(ReferencePipeline.java:596)
	at java.base/java.util.stream.ReferencePipeline$7$1.accept(ReferencePipeline.java:276)
	at java.base/java.util.ArrayList$ArrayListSpliterator.forEachRemaining(ArrayList.java:1625)
	at java.base/java.util.stream.AbstractPipeline.copyInto(AbstractPipeline.java:509)
	at java.base/java.util.stream.AbstractPipeline.wrapAndCopyInto(AbstractPipeline.java:499)
	at java.base/java.util.stream.ForEachOps$ForEachOp.evaluateSequential(ForEachOps.java:150)
	at java.base/java.util.stream.ForEachOps$ForEachOp$OfRef.evaluateSequential(ForEachOps.java:173)
	at java.base/java.util.stream.AbstractPipeline.evaluate(AbstractPipeline.java:234)
	at java.base/java.util.stream.ReferencePipeline.forEach(ReferencePipeline.java:596)
	at java.base/java.util.ArrayList.forEach(ArrayList.java:1511)
	at java.base/java.util.ArrayList.forEach(ArrayList.java:1511)
]]></failure>
    <system-out><![CDATA[2024-07-10 09:09:48,162 [main] INFO  net.NodeSchemaLoader (NodeSchemaLoader.java:loadSchemaFromFile(129)) - Loading schema from [jar:file:/home/runner/work/ozone/ozone/hadoop-hdds/common/target/hdds-common-1.5.0-SNAPSHOT.jar!/network-topology-default.xml]
2024-07-10 09:09:48,162 [main] INFO  net.NodeSchemaLoader (NodeSchemaLoader.java:loadSchema(176)) - Loading network topology layer schema file
2024-07-10 09:09:48,164 [main] INFO  net.NetworkTopologyImpl (NetworkTopologyImpl.java:add(134)) - Added a new node: /default-rack/234e9b71-9ff6-4e3b-a0a1-369c437627a9
2024-07-10 09:09:48,164 [main] INFO  net.NetworkTopologyImpl (NetworkTopologyImpl.java:add(134)) - Added a new node: /default-rack/dfca6dd6-c5e9-40c5-828c-5a54ae825edb
2024-07-10 09:09:48,164 [main] INFO  net.NetworkTopologyImpl (NetworkTopologyImpl.java:add(134)) - Added a new node: /default-rack/3d194667-cfd9-427c-bd4b-52f1ed661851
2024-07-10 09:09:48,164 [main] INFO  net.NetworkTopologyImpl (NetworkTopologyImpl.java:add(134)) - Added a new node: /default-rack/509326b3-e14b-484b-b69e-4342bbb42856
2024-07-10 09:09:48,176 [main] INFO  net.NodeSchemaLoader (NodeSchemaLoader.java:loadSchemaFromFile(129)) - Loading schema from [jar:file:/home/runner/work/ozone/ozone/hadoop-hdds/common/target/hdds-common-1.5.0-SNAPSHOT.jar!/network-topology-default.xml]
2024-07-10 09:09:48,177 [main] INFO  net.NodeSchemaLoader (NodeSchemaLoader.java:loadSchema(176)) - Loading network topology layer schema file
2024-07-10 09:09:48,178 [main] INFO  net.NetworkTopologyImpl (NetworkTopologyImpl.java:add(134)) - Added a new node: /default-rack/add8a476-7bfb-4be7-a406-743ab0051c3b
2024-07-10 09:09:48,178 [main] INFO  net.NetworkTopologyImpl (NetworkTopologyImpl.java:add(134)) - Added a new node: /default-rack/9a90a326-e511-4039-ac85-08dc644ea40c
2024-07-10 09:09:48,178 [main] INFO  net.NetworkTopologyImpl (NetworkTopologyImpl.java:add(134)) - Added a new node: /default-rack/e645c94e-cc4f-4b36-9c5c-9dd0f24f7904
2024-07-10 09:09:48,178 [main] INFO  net.NetworkTopologyImpl (NetworkTopologyImpl.java:add(134)) - Added a new node: /default-rack/b8d73004-53e1-44ce-aab5-9ff2ee6c642e
2024-07-10 09:09:48,178 [main] INFO  net.NetworkTopologyImpl (NetworkTopologyImpl.java:add(134)) - Added a new node: /default-rack/3c713aa7-5664-4fea-9832-d08f72b24f68
2024-07-10 09:09:48,191 [main] INFO  net.NodeSchemaLoader (NodeSchemaLoader.java:loadSchemaFromFile(129)) - Loading schema from [jar:file:/home/runner/work/ozone/ozone/hadoop-hdds/common/target/hdds-common-1.5.0-SNAPSHOT.jar!/network-topology-default.xml]
2024-07-10 09:09:48,191 [main] INFO  net.NodeSchemaLoader (NodeSchemaLoader.java:loadSchema(176)) - Loading network topology layer schema file
2024-07-10 09:09:48,192 [main] INFO  net.NetworkTopologyImpl (NetworkTopologyImpl.java:add(134)) - Added a new node: /default-rack/7c4b9f2e-408f-43e0-a0e1-2b26812f6336
2024-07-10 09:09:48,192 [main] INFO  net.NetworkTopologyImpl (NetworkTopologyImpl.java:add(134)) - Added a new node: /default-rack/8674f11e-9bc8-4eac-a6eb-56f9bca300ea
2024-07-10 09:09:48,192 [main] INFO  net.NetworkTopologyImpl (NetworkTopologyImpl.java:add(134)) - Added a new node: /default-rack/792faf37-ea5d-4cc8-b9ab-9c3550df79b6
2024-07-10 09:09:48,193 [main] INFO  net.NetworkTopologyImpl (NetworkTopologyImpl.java:add(134)) - Added a new node: /default-rack/5ae3f8a0-a88f-47ae-9ab0-b902c6036439
2024-07-10 09:09:48,193 [main] INFO  net.NetworkTopologyImpl (NetworkTopologyImpl.java:add(134)) - Added a new node: /default-rack/417388c5-f395-44b6-bb61-ee46c836b9bf
2024-07-10 09:09:48,193 [main] INFO  net.NetworkTopologyImpl (NetworkTopologyImpl.java:add(134)) - Added a new node: /default-rack/9137c363-c4d4-4e93-9757-d73facacd668
2024-07-10 09:09:48,205 [main] INFO  net.NodeSchemaLoader (NodeSchemaLoader.java:loadSchemaFromFile(129)) - Loading schema from [jar:file:/home/runner/work/ozone/ozone/hadoop-hdds/common/target/hdds-common-1.5.0-SNAPSHOT.jar!/network-topology-default.xml]
2024-07-10 09:09:48,205 [main] INFO  net.NodeSchemaLoader (NodeSchemaLoader.java:loadSchema(176)) - Loading network topology layer schema file
2024-07-10 09:09:48,206 [main] INFO  net.NetworkTopologyImpl (NetworkTopologyImpl.java:add(134)) - Added a new node: /default-rack/a0a81b23-9b1f-46d7-9b6e-8d514d0f1a73
2024-07-10 09:09:48,207 [main] INFO  net.NetworkTopologyImpl (NetworkTopologyImpl.java:add(134)) - Added a new node: /default-rack/6ac326aa-bce5-4793-9af6-cc1066f77cca
2024-07-10 09:09:48,207 [main] INFO  net.NetworkTopologyImpl (NetworkTopologyImpl.java:add(134)) - Added a new node: /default-rack/cc110c70-5478-45d8-90ff-04ebb6d7b136
2024-07-10 09:09:48,207 [main] INFO  net.NetworkTopologyImpl (NetworkTopologyImpl.java:add(134)) - Added a new node: /default-rack/4d8d37b4-88ea-47ab-9f79-0b030cb9700d
2024-07-10 09:09:48,207 [main] INFO  net.NetworkTopologyImpl (NetworkTopologyImpl.java:add(134)) - Added a new node: /default-rack/19e85d24-321f-469d-b418-e6ea0d89e712
2024-07-10 09:09:48,207 [main] INFO  net.NetworkTopologyImpl (NetworkTopologyImpl.java:add(134)) - Added a new node: /default-rack/8b7ff737-3c4d-44d0-9554-ac2729725f79
2024-07-10 09:09:48,207 [main] INFO  net.NetworkTopologyImpl (NetworkTopologyImpl.java:add(134)) - Added a new node: /default-rack/86db304b-9b57-4cc5-93e9-182cc5caca73
2024-07-10 09:09:48,220 [main] INFO  net.NodeSchemaLoader (NodeSchemaLoader.java:loadSchemaFromFile(129)) - Loading schema from [jar:file:/home/runner/work/ozone/ozone/hadoop-hdds/common/target/hdds-common-1.5.0-SNAPSHOT.jar!/network-topology-default.xml]
2024-07-10 09:09:48,220 [main] INFO  net.NodeSchemaLoader (NodeSchemaLoader.java:loadSchema(176)) - Loading network topology layer schema file
2024-07-10 09:09:48,222 [main] INFO  net.NetworkTopologyImpl (NetworkTopologyImpl.java:add(134)) - Added a new node: /default-rack/76f93210-3362-46b7-9962-3cb453b17fcb
2024-07-10 09:09:48,222 [main] INFO  net.NetworkTopologyImpl (NetworkTopologyImpl.java:add(134)) - Added a new node: /default-rack/53acaeaa-7604-4c0f-876f-2897d957a363
2024-07-10 09:09:48,222 [main] INFO  net.NetworkTopologyImpl (NetworkTopologyImpl.java:add(134)) - Added a new node: /default-rack/4cbea78a-f8e3-4ee9-9dff-8f723b3fd4de
2024-07-10 09:09:48,222 [main] INFO  net.NetworkTopologyImpl (NetworkTopologyImpl.java:add(134)) - Added a new node: /default-rack/ad976d4c-977b-4288-930d-7276179631c1
2024-07-10 09:09:48,222 [main] INFO  net.NetworkTopologyImpl (NetworkTopologyImpl.java:add(134)) - Added a new node: /default-rack/d7f254ca-6d21-4200-95a6-ddc43d4eb4e1
2024-07-10 09:09:48,222 [main] INFO  net.NetworkTopologyImpl (NetworkTopologyImpl.java:add(134)) - Added a new node: /default-rack/15264324-67b7-4bb7-86a8-6e6cddb0f9c2
2024-07-10 09:09:48,222 [main] INFO  net.NetworkTopologyImpl (NetworkTopologyImpl.java:add(134)) - Added a new node: /default-rack/6a947638-2f91-4daf-a94d-c7d8f03f42e2
2024-07-10 09:09:48,222 [main] INFO  net.NetworkTopologyImpl (NetworkTopologyImpl.java:add(134)) - Added a new node: /default-rack/e7ffbc92-9724-4b52-ac51-ad186e04fea9
2024-07-10 09:09:48,231 [main] INFO  net.NodeSchemaLoader (NodeSchemaLoader.java:loadSchemaFromFile(129)) - Loading schema from [jar:file:/home/runner/work/ozone/ozone/hadoop-hdds/common/target/hdds-common-1.5.0-SNAPSHOT.jar!/network-topology-default.xml]
2024-07-10 09:09:48,232 [main] INFO  net.NodeSchemaLoader (NodeSchemaLoader.java:loadSchema(176)) - Loading network topology layer schema file
2024-07-10 09:09:48,233 [main] INFO  net.NetworkTopologyImpl (NetworkTopologyImpl.java:add(134)) - Added a new node: /default-rack/4f1ea969-fd3a-431c-b4a1-fad1af0f462f
2024-07-10 09:09:48,233 [main] INFO  net.NetworkTopologyImpl (NetworkTopologyImpl.java:add(134)) - Added a new node: /default-rack/bf62efbc-9432-40bb-b001-d99f93e35458
2024-07-10 09:09:48,233 [main] INFO  net.NetworkTopologyImpl (NetworkTopologyImpl.java:add(134)) - Added a new node: /default-rack/dded23d5-88f5-41df-ac67-3fd256415492
2024-07-10 09:09:48,233 [main] INFO  net.NetworkTopologyImpl (NetworkTopologyImpl.java:add(134)) - Added a new node: /default-rack/440c5098-885e-4b54-afde-fdce6c9f80d5
2024-07-10 09:09:48,233 [main] INFO  net.NetworkTopologyImpl (NetworkTopologyImpl.java:add(134)) - Added a new node: /default-rack/03b7c539-6165-4403-b361-24c8c423bdfb
2024-07-10 09:09:48,233 [main] INFO  net.NetworkTopologyImpl (NetworkTopologyImpl.java:add(134)) - Added a new node: /default-rack/29c59744-1f7c-4de8-839e-98e339aeda2c
2024-07-10 09:09:48,233 [main] INFO  net.NetworkTopologyImpl (NetworkTopologyImpl.java:add(134)) - Added a new node: /default-rack/2b502dc6-a0e2-4f9b-a3af-9e6e66b65c72
2024-07-10 09:09:48,234 [main] INFO  net.NetworkTopologyImpl (NetworkTopologyImpl.java:add(134)) - Added a new node: /default-rack/cfda7333-e88d-4493-8702-41eb3d9db7e9
2024-07-10 09:09:48,234 [main] INFO  net.NetworkTopologyImpl (NetworkTopologyImpl.java:add(134)) - Added a new node: /default-rack/d30594a8-a0da-4b7d-b44e-ed3edc4353b5
2024-07-10 09:09:48,242 [main] INFO  net.NodeSchemaLoader (NodeSchemaLoader.java:loadSchemaFromFile(129)) - Loading schema from [jar:file:/home/runner/work/ozone/ozone/hadoop-hdds/common/target/hdds-common-1.5.0-SNAPSHOT.jar!/network-topology-default.xml]
2024-07-10 09:09:48,243 [main] INFO  net.NodeSchemaLoader (NodeSchemaLoader.java:loadSchema(176)) - Loading network topology layer schema file
2024-07-10 09:09:48,244 [main] INFO  net.NetworkTopologyImpl (NetworkTopologyImpl.java:add(134)) - Added a new node: /default-rack/50f057aa-f7fc-4746-abaf-5f6837f69221
2024-07-10 09:09:48,244 [main] INFO  net.NetworkTopologyImpl (NetworkTopologyImpl.java:add(134)) - Added a new node: /default-rack/7ec29cab-e47a-48c8-b49f-84f96b09f387
2024-07-10 09:09:48,244 [main] INFO  net.NetworkTopologyImpl (NetworkTopologyImpl.java:add(134)) - Added a new node: /default-rack/c0778a53-641d-424f-b048-ffca40ad230d
2024-07-10 09:09:48,244 [main] INFO  net.NetworkTopologyImpl (NetworkTopologyImpl.java:add(134)) - Added a new node: /default-rack/3569c87d-2a5a-4026-89e4-f3ecc229d28c
2024-07-10 09:09:48,244 [main] INFO  net.NetworkTopologyImpl (NetworkTopologyImpl.java:add(134)) - Added a new node: /default-rack/c91f71f1-f1c9-4617-ba29-0d59f420aa66
2024-07-10 09:09:48,244 [main] INFO  net.NetworkTopologyImpl (NetworkTopologyImpl.java:add(134)) - Added a new node: /default-rack/b5eec10b-ba09-48e3-8fc5-5ad73adbe630
2024-07-10 09:09:48,244 [main] INFO  net.NetworkTopologyImpl (NetworkTopologyImpl.java:add(134)) - Added a new node: /default-rack/2dc958ee-0a56-44ed-bb04-b6051549b84c
2024-07-10 09:09:48,244 [main] INFO  net.NetworkTopologyImpl (NetworkTopologyImpl.java:add(134)) - Added a new node: /default-rack/c215231f-fb4f-4a80-91d8-3f77dca431d6
2024-07-10 09:09:48,244 [main] INFO  net.NetworkTopologyImpl (NetworkTopologyImpl.java:add(134)) - Added a new node: /default-rack/a261cdf6-6be1-4eb3-9038-94ac8621a2bb
2024-07-10 09:09:48,244 [main] INFO  net.NetworkTopologyImpl (NetworkTopologyImpl.java:add(134)) - Added a new node: /default-rack/0a90d07b-33d1-400f-aad4-52443bce1cc4
2024-07-10 09:09:48,253 [main] INFO  net.NodeSchemaLoader (NodeSchemaLoader.java:loadSchemaFromFile(129)) - Loading schema from [jar:file:/home/runner/work/ozone/ozone/hadoop-hdds/common/target/hdds-common-1.5.0-SNAPSHOT.jar!/network-topology-default.xml]
2024-07-10 09:09:48,253 [main] INFO  net.NodeSchemaLoader (NodeSchemaLoader.java:loadSchema(176)) - Loading network topology layer schema file
2024-07-10 09:09:48,254 [main] INFO  net.NetworkTopologyImpl (NetworkTopologyImpl.java:add(134)) - Added a new node: /default-rack/de2eacdb-dd94-4492-8f51-a2227c62b4a1
2024-07-10 09:09:48,254 [main] INFO  net.NetworkTopologyImpl (NetworkTopologyImpl.java:add(134)) - Added a new node: /default-rack/aa501610-32cb-40cc-932f-c240b707d40c
2024-07-10 09:09:48,254 [main] INFO  net.NetworkTopologyImpl (NetworkTopologyImpl.java:add(134)) - Added a new node: /default-rack/5c267287-ae2b-4fbe-a5cc-b2348493072a
2024-07-10 09:09:48,254 [main] INFO  net.NetworkTopologyImpl (NetworkTopologyImpl.java:add(134)) - Added a new node: /default-rack/c4f73507-d6c3-48c6-af2a-ace8151a64ea
2024-07-10 09:09:48,254 [main] INFO  net.NetworkTopologyImpl (NetworkTopologyImpl.java:add(134)) - Added a new node: /default-rack/43671828-87d7-4589-9b7c-0a042c24f0d4
2024-07-10 09:09:48,255 [main] INFO  net.NetworkTopologyImpl (NetworkTopologyImpl.java:add(134)) - Added a new node: /default-rack/eb3a37ca-7977-4ca8-8acc-486894ee7b4e
2024-07-10 09:09:48,255 [main] INFO  net.NetworkTopologyImpl (NetworkTopologyImpl.java:add(134)) - Added a new node: /default-rack/3909e1cb-b0bd-4000-9055-b2522f5d0d4e
2024-07-10 09:09:48,255 [main] INFO  net.NetworkTopologyImpl (NetworkTopologyImpl.java:add(134)) - Added a new node: /default-rack/ebec3071-d706-4885-bc56-59e9a2690b43
2024-07-10 09:09:48,255 [main] INFO  net.NetworkTopologyImpl (NetworkTopologyImpl.java:add(134)) - Added a new node: /default-rack/ef6de137-6e31-400d-bd26-0ba9c30fa74b
2024-07-10 09:09:48,255 [main] INFO  net.NetworkTopologyImpl (NetworkTopologyImpl.java:add(134)) - Added a new node: /default-rack/31e19b47-1440-4f0e-a6e6-d76a9c1da3c4
2024-07-10 09:09:48,255 [main] INFO  net.NetworkTopologyImpl (NetworkTopologyImpl.java:add(134)) - Added a new node: /default-rack/d79402bc-d718-4aed-888c-7056b925383c
2024-07-10 09:09:48,265 [main] INFO  net.NodeSchemaLoader (NodeSchemaLoader.java:loadSchemaFromFile(129)) - Loading schema from [jar:file:/home/runner/work/ozone/ozone/hadoop-hdds/common/target/hdds-common-1.5.0-SNAPSHOT.jar!/network-topology-default.xml]
2024-07-10 09:09:48,265 [main] INFO  net.NodeSchemaLoader (NodeSchemaLoader.java:loadSchema(176)) - Loading network topology layer schema file
2024-07-10 09:09:48,266 [main] INFO  net.NetworkTopologyImpl (NetworkTopologyImpl.java:add(134)) - Added a new node: /default-rack/8288e8ca-9794-41c3-acf3-2f97da9cd77f
2024-07-10 09:09:48,266 [main] INFO  net.NetworkTopologyImpl (NetworkTopologyImpl.java:add(134)) - Added a new node: /default-rack/b2cfaf51-4fb5-47a1-9c3c-21fb4a1888e6
2024-07-10 09:09:48,266 [main] INFO  net.NetworkTopologyImpl (NetworkTopologyImpl.java:add(134)) - Added a new node: /default-rack/8da63bf4-7946-430d-b0ae-84916c2eeb2c
2024-07-10 09:09:48,266 [main] INFO  net.NetworkTopologyImpl (NetworkTopologyImpl.java:add(134)) - Added a new node: /default-rack/97b1b2a9-aae5-48ed-a1a8-0801398201ef
2024-07-10 09:09:48,266 [main] INFO  net.NetworkTopologyImpl (NetworkTopologyImpl.java:add(134)) - Added a new node: /default-rack/6f57566b-a40f-4755-a1c6-1595a9da5aea
2024-07-10 09:09:48,266 [main] INFO  net.NetworkTopologyImpl (NetworkTopologyImpl.java:add(134)) - Added a new node: /default-rack/285e012c-3685-41b1-9ac0-cbcdd21a4197
2024-07-10 09:09:48,266 [main] INFO  net.NetworkTopologyImpl (NetworkTopologyImpl.java:add(134)) - Added a new node: /default-rack/b11e8e5a-c39d-4a80-a60a-22bb3c65939a
2024-07-10 09:09:48,267 [main] INFO  net.NetworkTopologyImpl (NetworkTopologyImpl.java:add(134)) - Added a new node: /default-rack/3fa41aec-8e26-467d-bda7-8011699aeb48
2024-07-10 09:09:48,267 [main] INFO  net.NetworkTopologyImpl (NetworkTopologyImpl.java:add(134)) - Added a new node: /default-rack/99c3a960-2d36-410c-8667-133065067350
2024-07-10 09:09:48,267 [main] INFO  net.NetworkTopologyImpl (NetworkTopologyImpl.java:add(134)) - Added a new node: /default-rack/8b4b27db-0756-4c10-a675-40605c415e58
2024-07-10 09:09:48,267 [main] INFO  net.NetworkTopologyImpl (NetworkTopologyImpl.java:add(134)) - Added a new node: /default-rack/627deace-fa69-4d20-a83b-b1d65cf200df
2024-07-10 09:09:48,267 [main] INFO  net.NetworkTopologyImpl (NetworkTopologyImpl.java:add(134)) - Added a new node: /default-rack/faa258eb-f796-4bac-97b4-cc84dd28eef5
2024-07-10 09:09:48,275 [main] INFO  net.NodeSchemaLoader (NodeSchemaLoader.java:loadSchemaFromFile(129)) - Loading schema from [jar:file:/home/runner/work/ozone/ozone/hadoop-hdds/common/target/hdds-common-1.5.0-SNAPSHOT.jar!/network-topology-default.xml]
2024-07-10 09:09:48,276 [main] INFO  net.NodeSchemaLoader (NodeSchemaLoader.java:loadSchema(176)) - Loading network topology layer schema file
2024-07-10 09:09:48,277 [main] INFO  net.NetworkTopologyImpl (NetworkTopologyImpl.java:add(134)) - Added a new node: /default-rack/26b93e1f-ce50-4a0b-acfd-24536d28673b
2024-07-10 09:09:48,277 [main] INFO  net.NetworkTopologyImpl (NetworkTopologyImpl.java:add(134)) - Added a new node: /default-rack/0655b968-acdc-4848-bcd9-6eda978fc926
2024-07-10 09:09:48,277 [main] INFO  net.NetworkTopologyImpl (NetworkTopologyImpl.java:add(134)) - Added a new node: /default-rack/5076b5ff-6e1d-4472-b122-52b87c008a59
2024-07-10 09:09:48,277 [main] INFO  net.NetworkTopologyImpl (NetworkTopologyImpl.java:add(134)) - Added a new node: /default-rack/71f78231-7ad1-43ee-926e-7cc2dbde5323
2024-07-10 09:09:48,277 [main] INFO  net.NetworkTopologyImpl (NetworkTopologyImpl.java:add(134)) - Added a new node: /default-rack/7503d6b2-06ec-47ee-b6be-fc1dd5aeb955
2024-07-10 09:09:48,277 [main] INFO  net.NetworkTopologyImpl (NetworkTopologyImpl.java:add(134)) - Added a new node: /default-rack/6fc9e0bc-141f-49ad-a0e2-c8feefdbb930
2024-07-10 09:09:48,277 [main] INFO  net.NetworkTopologyImpl (NetworkTopologyImpl.java:add(134)) - Added a new node: /default-rack/4ab050a8-acad-4ff9-b8e0-570dac8e017c
2024-07-10 09:09:48,277 [main] INFO  net.NetworkTopologyImpl (NetworkTopologyImpl.java:add(134)) - Added a new node: /default-rack/ddf4a5cb-f926-4002-93f6-d8e883cc805d
2024-07-10 09:09:48,277 [main] INFO  net.NetworkTopologyImpl (NetworkTopologyImpl.java:add(134)) - Added a new node: /default-rack/ffa07de5-81e1-4689-92d7-c6e03c2be444
2024-07-10 09:09:48,278 [main] INFO  net.NetworkTopologyImpl (NetworkTopologyImpl.java:add(134)) - Added a new node: /default-rack/e481cdf9-c14e-425a-a97c-40dc6abad700
2024-07-10 09:09:48,278 [main] INFO  net.NetworkTopologyImpl (NetworkTopologyImpl.java:add(134)) - Added a new node: /default-rack/ccc48296-383d-46dd-b066-a00817a316a6
2024-07-10 09:09:48,278 [main] INFO  net.NetworkTopologyImpl (NetworkTopologyImpl.java:add(134)) - Added a new node: /default-rack/87943101-5091-4945-8308-b352b4ccfa0a
2024-07-10 09:09:48,278 [main] INFO  net.NetworkTopologyImpl (NetworkTopologyImpl.java:add(134)) - Added a new node: /default-rack/9c754806-8861-4833-8455-7582fdc35d88
2024-07-10 09:09:48,287 [main] INFO  net.NodeSchemaLoader (NodeSchemaLoader.java:loadSchemaFromFile(129)) - Loading schema from [jar:file:/home/runner/work/ozone/ozone/hadoop-hdds/common/target/hdds-common-1.5.0-SNAPSHOT.jar!/network-topology-default.xml]
2024-07-10 09:09:48,287 [main] INFO  net.NodeSchemaLoader (NodeSchemaLoader.java:loadSchema(176)) - Loading network topology layer schema file
2024-07-10 09:09:48,288 [main] INFO  net.NetworkTopologyImpl (NetworkTopologyImpl.java:add(134)) - Added a new node: /default-rack/9a371f08-b84e-4623-959c-1dc433fbdbb4
2024-07-10 09:09:48,288 [main] INFO  net.NetworkTopologyImpl (NetworkTopologyImpl.java:add(134)) - Added a new node: /default-rack/c9ccd1e2-9689-42e4-82cc-818195d77af0
2024-07-10 09:09:48,288 [main] INFO  net.NetworkTopologyImpl (NetworkTopologyImpl.java:add(134)) - Added a new node: /default-rack/af59385a-428e-44a4-837d-382f338ef6de
2024-07-10 09:09:48,288 [main] INFO  net.NetworkTopologyImpl (NetworkTopologyImpl.java:add(134)) - Added a new node: /default-rack/6463a89e-3039-471a-9f01-b568216e9014
2024-07-10 09:09:48,288 [main] INFO  net.NetworkTopologyImpl (NetworkTopologyImpl.java:add(134)) - Added a new node: /default-rack/302a6115-f3ce-4570-99fd-57def1699546
2024-07-10 09:09:48,288 [main] INFO  net.NetworkTopologyImpl (NetworkTopologyImpl.java:add(134)) - Added a new node: /default-rack/95194346-e12c-45fc-a520-b8c59c9b441c
2024-07-10 09:09:48,289 [main] INFO  net.NetworkTopologyImpl (NetworkTopologyImpl.java:add(134)) - Added a new node: /default-rack/bf3bfaea-68a5-4b26-b25c-2fc9a1a5fe32
2024-07-10 09:09:48,289 [main] INFO  net.NetworkTopologyImpl (NetworkTopologyImpl.java:add(134)) - Added a new node: /default-rack/77b50bb5-ac6d-44c8-be20-43c3eba822fe
2024-07-10 09:09:48,289 [main] INFO  net.NetworkTopologyImpl (NetworkTopologyImpl.java:add(134)) - Added a new node: /default-rack/c94d79c8-3310-4412-b9c9-991d37fb9a39
2024-07-10 09:09:48,289 [main] INFO  net.NetworkTopologyImpl (NetworkTopologyImpl.java:add(134)) - Added a new node: /default-rack/dfa036b8-87ac-49e8-ba75-27f6ac0fbfa2
2024-07-10 09:09:48,289 [main] INFO  net.NetworkTopologyImpl (NetworkTopologyImpl.java:add(134)) - Added a new node: /default-rack/4e644e40-c58c-4907-b476-0391174223fe
2024-07-10 09:09:48,289 [main] INFO  net.NetworkTopologyImpl (NetworkTopologyImpl.java:add(134)) - Added a new node: /default-rack/90b40895-6e22-4f76-8556-abdc016192ea
2024-07-10 09:09:48,289 [main] INFO  net.NetworkTopologyImpl (NetworkTopologyImpl.java:add(134)) - Added a new node: /default-rack/db9367df-ca05-4875-8727-9b292126a861
2024-07-10 09:09:48,289 [main] INFO  net.NetworkTopologyImpl (NetworkTopologyImpl.java:add(134)) - Added a new node: /default-rack/e7ae8d7c-aa16-443b-8273-61c7e808921e
2024-07-10 09:09:48,302 [main] INFO  net.NodeSchemaLoader (NodeSchemaLoader.java:loadSchemaFromFile(129)) - Loading schema from [jar:file:/home/runner/work/ozone/ozone/hadoop-hdds/common/target/hdds-common-1.5.0-SNAPSHOT.jar!/network-topology-default.xml]
2024-07-10 09:09:48,302 [main] INFO  net.NodeSchemaLoader (NodeSchemaLoader.java:loadSchema(176)) - Loading network topology layer schema file
2024-07-10 09:09:48,303 [main] INFO  net.NetworkTopologyImpl (NetworkTopologyImpl.java:add(134)) - Added a new node: /default-rack/a3906e3b-75c1-4e36-8033-32b7348bc731
2024-07-10 09:09:48,304 [main] INFO  net.NetworkTopologyImpl (NetworkTopologyImpl.java:add(134)) - Added a new node: /default-rack/0da38ae9-405e-47db-8f48-daa4f8552af0
2024-07-10 09:09:48,304 [main] INFO  net.NetworkTopologyImpl (NetworkTopologyImpl.java:add(134)) - Added a new node: /default-rack/cb63bb0b-4ebd-42f9-83c0-8aa427999077
2024-07-10 09:09:48,304 [main] INFO  net.NetworkTopologyImpl (NetworkTopologyImpl.java:add(134)) - Added a new node: /default-rack/761733f0-3e3a-4ba7-8e06-b9f1066ba38e
2024-07-10 09:09:48,304 [main] INFO  net.NetworkTopologyImpl (NetworkTopologyImpl.java:add(134)) - Added a new node: /default-rack/df60693b-10b5-46dc-8b06-40898ca3f755
2024-07-10 09:09:48,304 [main] INFO  net.NetworkTopologyImpl (NetworkTopologyImpl.java:add(134)) - Added a new node: /default-rack/be599b28-5982-4ac8-9368-e09901c81a69
2024-07-10 09:09:48,304 [main] INFO  net.NetworkTopologyImpl (NetworkTopologyImpl.java:add(134)) - Added a new node: /default-rack/a67d1ed1-d18c-4e59-9cc9-18d5d61f0a31
2024-07-10 09:09:48,304 [main] INFO  net.NetworkTopologyImpl (NetworkTopologyImpl.java:add(134)) - Added a new node: /default-rack/00dde7bd-cfbf-4d43-ae1c-5c77dc0c0655
2024-07-10 09:09:48,304 [main] INFO  net.NetworkTopologyImpl (NetworkTopologyImpl.java:add(134)) - Added a new node: /default-rack/ac706c66-5bdc-412f-a514-7b0bb4a83fa7
2024-07-10 09:09:48,304 [main] INFO  net.NetworkTopologyImpl (NetworkTopologyImpl.java:add(134)) - Added a new node: /default-rack/f5cc3282-3e52-4401-82c9-9efbb106d85f
2024-07-10 09:09:48,304 [main] INFO  net.NetworkTopologyImpl (NetworkTopologyImpl.java:add(134)) - Added a new node: /default-rack/b368a75c-19c3-452c-85ca-7c5c3a290f33
2024-07-10 09:09:48,304 [main] INFO  net.NetworkTopologyImpl (NetworkTopologyImpl.java:add(134)) - Added a new node: /default-rack/0014be80-7c69-4381-8c34-85e3f52fcadc
2024-07-10 09:09:48,304 [main] INFO  net.NetworkTopologyImpl (NetworkTopologyImpl.java:add(134)) - Added a new node: /default-rack/95ea9b7a-7a01-4709-ae2a-cc6911b78c35
2024-07-10 09:09:48,304 [main] INFO  net.NetworkTopologyImpl (NetworkTopologyImpl.java:add(134)) - Added a new node: /default-rack/b25debcb-0ac4-4809-9ca0-6770fdfd24ed
2024-07-10 09:09:48,305 [main] INFO  net.NetworkTopologyImpl (NetworkTopologyImpl.java:add(134)) - Added a new node: /default-rack/298b8810-281b-4593-bb05-a9217ff4677d
2024-07-10 09:09:48,315 [main] INFO  net.NodeSchemaLoader (NodeSchemaLoader.java:loadSchemaFromFile(129)) - Loading schema from [jar:file:/home/runner/work/ozone/ozone/hadoop-hdds/common/target/hdds-common-1.5.0-SNAPSHOT.jar!/network-topology-default.xml]
2024-07-10 09:09:48,315 [main] INFO  net.NodeSchemaLoader (NodeSchemaLoader.java:loadSchema(176)) - Loading network topology layer schema file
2024-07-10 09:09:48,316 [main] INFO  net.NetworkTopologyImpl (NetworkTopologyImpl.java:add(134)) - Added a new node: /default-rack/0d2475ce-fd3f-47b3-ae74-a04e27e118dd
2024-07-10 09:09:48,316 [main] INFO  net.NetworkTopologyImpl (NetworkTopologyImpl.java:add(134)) - Added a new node: /default-rack/da7c20c3-8dfc-4457-bdf9-ea69ce062320
2024-07-10 09:09:48,316 [main] INFO  net.NetworkTopologyImpl (NetworkTopologyImpl.java:add(134)) - Added a new node: /default-rack/e34594fa-a57b-4af2-9cad-aa976340a98f
2024-07-10 09:09:48,316 [main] INFO  net.NetworkTopologyImpl (NetworkTopologyImpl.java:add(134)) - Added a new node: /default-rack/0ad640f1-4e01-4aca-83e6-f6cf01882fe9
2024-07-10 09:09:48,317 [main] INFO  net.NetworkTopologyImpl (NetworkTopologyImpl.java:add(134)) - Added a new node: /default-rack/92927f49-abc9-4b06-a88a-8c57bf3b9936
2024-07-10 09:09:48,317 [main] INFO  net.NetworkTopologyImpl (NetworkTopologyImpl.java:add(134)) - Added a new node: /default-rack/6d787331-e800-47c4-9bab-7dc976fabf50
2024-07-10 09:09:48,317 [main] INFO  net.NetworkTopologyImpl (NetworkTopologyImpl.java:add(134)) - Added a new node: /default-rack/63b0d962-cd7e-4d78-9cf2-b9e01f5ec17e
2024-07-10 09:09:48,317 [main] INFO  net.NetworkTopologyImpl (NetworkTopologyImpl.java:add(134)) - Added a new node: /default-rack/c1799922-d54d-482c-848c-6e834da7b97b
2024-07-10 09:09:48,317 [main] INFO  net.NetworkTopologyImpl (NetworkTopologyImpl.java:add(134)) - Added a new node: /default-rack/6bbf86b7-e742-4e0f-acaf-0bbb644fc4b4
2024-07-10 09:09:48,317 [main] INFO  net.NetworkTopologyImpl (NetworkTopologyImpl.java:add(134)) - Added a new node: /default-rack/d6cdd86e-2e82-4bb0-9d44-da89fe0ac4fa
2024-07-10 09:09:48,317 [main] INFO  net.NetworkTopologyImpl (NetworkTopologyImpl.java:add(134)) - Added a new node: /default-rack/06640970-e0ba-46b4-a6a9-18d8c1faefbc
2024-07-10 09:09:48,317 [main] INFO  net.NetworkTopologyImpl (NetworkTopologyImpl.java:add(134)) - Added a new node: /default-rack/22e7694a-2499-43a5-b217-1a6103381dce
2024-07-10 09:09:48,317 [main] INFO  net.NetworkTopologyImpl (NetworkTopologyImpl.java:add(134)) - Added a new node: /default-rack/648d4fda-fe56-47a4-9c46-77b422c2a886
2024-07-10 09:09:48,317 [main] INFO  net.NetworkTopologyImpl (NetworkTopologyImpl.java:add(134)) - Added a new node: /default-rack/997e544d-350f-47e7-8ed0-5696de289aa0
2024-07-10 09:09:48,318 [main] INFO  net.NetworkTopologyImpl (NetworkTopologyImpl.java:add(134)) - Added a new node: /default-rack/16a0b9c9-5b12-420f-9cdb-73bd97d0e695
2024-07-10 09:09:48,318 [main] INFO  net.NetworkTopologyImpl (NetworkTopologyImpl.java:add(134)) - Added a new node: /default-rack/213f6173-a740-4f1c-970c-fefeb8e04779
2024-07-10 09:09:48,318 [main] INFO  net.NetworkTopologyImpl (NetworkTopologyImpl.java:add(134)) - Added a new node: /default-rack/489f7be4-af95-496a-bc55-69a3abc7aa09
2024-07-10 09:09:48,329 [main] INFO  net.NodeSchemaLoader (NodeSchemaLoader.java:loadSchemaFromFile(129)) - Loading schema from [jar:file:/home/runner/work/ozone/ozone/hadoop-hdds/common/target/hdds-common-1.5.0-SNAPSHOT.jar!/network-topology-default.xml]
2024-07-10 09:09:48,329 [main] INFO  net.NodeSchemaLoader (NodeSchemaLoader.java:loadSchema(176)) - Loading network topology layer schema file
2024-07-10 09:09:48,330 [main] INFO  net.NetworkTopologyImpl (NetworkTopologyImpl.java:add(134)) - Added a new node: /default-rack/7b4a83b5-beb7-4297-947b-00bbe895722a
2024-07-10 09:09:48,330 [main] INFO  net.NetworkTopologyImpl (NetworkTopologyImpl.java:add(134)) - Added a new node: /default-rack/0e4fda68-f679-49b4-a813-583cce9b5e7f
2024-07-10 09:09:48,330 [main] INFO  net.NetworkTopologyImpl (NetworkTopologyImpl.java:add(134)) - Added a new node: /default-rack/a232ab81-97ac-481e-98a7-4b63bcadff0b
2024-07-10 09:09:48,331 [main] INFO  net.NetworkTopologyImpl (NetworkTopologyImpl.java:add(134)) - Added a new node: /default-rack/0b42feee-a998-4a94-a919-4aa69a392e61
2024-07-10 09:09:48,331 [main] INFO  net.NetworkTopologyImpl (NetworkTopologyImpl.java:add(134)) - Added a new node: /default-rack/e4ffbb80-868d-4622-ba33-647bf3ce2cbf
2024-07-10 09:09:48,331 [main] INFO  net.NetworkTopologyImpl (NetworkTopologyImpl.java:add(134)) - Added a new node: /default-rack/ff113a0e-e89b-4c1d-ba63-18a53e1b324e
2024-07-10 09:09:48,331 [main] INFO  net.NetworkTopologyImpl (NetworkTopologyImpl.java:add(134)) - Added a new node: /default-rack/fe4d800c-8a62-493e-b63e-b6482c68092f
2024-07-10 09:09:48,331 [main] INFO  net.NetworkTopologyImpl (NetworkTopologyImpl.java:add(134)) - Added a new node: /default-rack/2240c1c7-aecd-4c2e-b0a4-9df79730270a
2024-07-10 09:09:48,331 [main] INFO  net.NetworkTopologyImpl (NetworkTopologyImpl.java:add(134)) - Added a new node: /default-rack/e578a01e-e87f-4a5c-b188-639c37f85986
2024-07-10 09:09:48,331 [main] INFO  net.NetworkTopologyImpl (NetworkTopologyImpl.java:add(134)) - Added a new node: /default-rack/818ef2c1-7cca-4826-9974-0f9065ef2d5a
2024-07-10 09:09:48,331 [main] INFO  net.NetworkTopologyImpl (NetworkTopologyImpl.java:add(134)) - Added a new node: /default-rack/cb6dfa20-bf6b-4c19-b77e-387782bb703e
2024-07-10 09:09:48,331 [main] INFO  net.NetworkTopologyImpl (NetworkTopologyImpl.java:add(134)) - Added a new node: /default-rack/e541800a-c8c9-4a7d-90bb-2a748d430187
2024-07-10 09:09:48,332 [main] INFO  net.NetworkTopologyImpl (NetworkTopologyImpl.java:add(134)) - Added a new node: /default-rack/651e3125-830d-4b7f-bcab-8aabfac69697
2024-07-10 09:09:48,332 [main] INFO  net.NetworkTopologyImpl (NetworkTopologyImpl.java:add(134)) - Added a new node: /default-rack/23035b23-806e-4e4f-8038-d577897ffee8
2024-07-10 09:09:48,332 [main] INFO  net.NetworkTopologyImpl (NetworkTopologyImpl.java:add(134)) - Added a new node: /default-rack/26c334aa-53c5-4b95-9582-76bd57d5242a
2024-07-10 09:09:48,332 [main] INFO  net.NetworkTopologyImpl (NetworkTopologyImpl.java:add(134)) - Added a new node: /default-rack/70a31409-b615-4550-8feb-b28f6da63cb0
2024-07-10 09:09:48,332 [main] INFO  net.NetworkTopologyImpl (NetworkTopologyImpl.java:add(134)) - Added a new node: /default-rack/d79e4a43-6646-48a9-ab4c-715a57af7c96
2024-07-10 09:09:48,332 [main] INFO  net.NetworkTopologyImpl (NetworkTopologyImpl.java:add(134)) - Added a new node: /default-rack/a8346aa3-605a-4cc1-8d70-88e6dbb96a9d
2024-07-10 09:09:48,332 [main] INFO  net.NetworkTopologyImpl (NetworkTopologyImpl.java:add(134)) - Added a new node: /default-rack/78149d68-3c90-4be8-88bf-93dbbc6843f7
2024-07-10 09:09:48,342 [main] INFO  net.NodeSchemaLoader (NodeSchemaLoader.java:loadSchemaFromFile(129)) - Loading schema from [jar:file:/home/runner/work/ozone/ozone/hadoop-hdds/common/target/hdds-common-1.5.0-SNAPSHOT.jar!/network-topology-default.xml]
2024-07-10 09:09:48,342 [main] INFO  net.NodeSchemaLoader (NodeSchemaLoader.java:loadSchema(176)) - Loading network topology layer schema file
2024-07-10 09:09:48,343 [main] INFO  net.NetworkTopologyImpl (NetworkTopologyImpl.java:add(134)) - Added a new node: /default-rack/95cbae60-c30f-4def-bd0b-5ab79cfebc09
2024-07-10 09:09:48,343 [main] INFO  net.NetworkTopologyImpl (NetworkTopologyImpl.java:add(134)) - Added a new node: /default-rack/5bfdae2a-433e-4042-a7a3-603441a9fb75
2024-07-10 09:09:48,343 [main] INFO  net.NetworkTopologyImpl (NetworkTopologyImpl.java:add(134)) - Added a new node: /default-rack/5bda20cf-e056-4aa2-a339-d778f97db73e
2024-07-10 09:09:48,344 [main] INFO  net.NetworkTopologyImpl (NetworkTopologyImpl.java:add(134)) - Added a new node: /default-rack/62d1d078-d599-4f48-b71b-79d613b1b4a0
2024-07-10 09:09:48,344 [main] INFO  net.NetworkTopologyImpl (NetworkTopologyImpl.java:add(134)) - Added a new node: /default-rack/8652b913-b6e5-43cc-9a00-ee6eb3d9db9a
2024-07-10 09:09:48,344 [main] INFO  net.NetworkTopologyImpl (NetworkTopologyImpl.java:add(134)) - Added a new node: /default-rack/79759d33-9483-4559-b1e8-f24d4beb8597
2024-07-10 09:09:48,344 [main] INFO  net.NetworkTopologyImpl (NetworkTopologyImpl.java:add(134)) - Added a new node: /default-rack/4ba4ffbc-2dc7-4bc6-b474-1b0d40b08516
2024-07-10 09:09:48,344 [main] INFO  net.NetworkTopologyImpl (NetworkTopologyImpl.java:add(134)) - Added a new node: /default-rack/894cf8b9-b58b-4c4b-8139-b5abb3b6d477
2024-07-10 09:09:48,344 [main] INFO  net.NetworkTopologyImpl (NetworkTopologyImpl.java:add(134)) - Added a new node: /default-rack/21296867-4cd1-4225-92ae-45ae5e3ce74e
2024-07-10 09:09:48,344 [main] INFO  net.NetworkTopologyImpl (NetworkTopologyImpl.java:add(134)) - Added a new node: /default-rack/a4d59876-be2e-428a-a5f6-118338aec450
2024-07-10 09:09:48,344 [main] INFO  net.NetworkTopologyImpl (NetworkTopologyImpl.java:add(134)) - Added a new node: /default-rack/ed9bae5d-03e0-498b-96a2-84a3f03920b8
2024-07-10 09:09:48,344 [main] INFO  net.NetworkTopologyImpl (NetworkTopologyImpl.java:add(134)) - Added a new node: /default-rack/b0ae5656-75a0-480b-98ff-5c9a57756e0d
2024-07-10 09:09:48,344 [main] INFO  net.NetworkTopologyImpl (NetworkTopologyImpl.java:add(134)) - Added a new node: /default-rack/0a31fb68-2de5-460d-8e64-f4728b24908c
2024-07-10 09:09:48,345 [main] INFO  net.NetworkTopologyImpl (NetworkTopologyImpl.java:add(134)) - Added a new node: /default-rack/e3c5c439-7d08-49d5-86b4-ba70251b3f0d
2024-07-10 09:09:48,345 [main] INFO  net.NetworkTopologyImpl (NetworkTopologyImpl.java:add(134)) - Added a new node: /default-rack/04034403-6266-415b-8d57-d583e3ee6e5e
2024-07-10 09:09:48,345 [main] INFO  net.NetworkTopologyImpl (NetworkTopologyImpl.java:add(134)) - Added a new node: /default-rack/1488f8f1-d5f2-4949-ae1b-7d26f84a64ac
2024-07-10 09:09:48,345 [main] INFO  net.NetworkTopologyImpl (NetworkTopologyImpl.java:add(134)) - Added a new node: /default-rack/e259c32b-5424-4068-b4de-950cf146c2b4
2024-07-10 09:09:48,345 [main] INFO  net.NetworkTopologyImpl (NetworkTopologyImpl.java:add(134)) - Added a new node: /default-rack/61c253a3-b15b-424b-bead-8774a5831c35
2024-07-10 09:09:48,345 [main] INFO  net.NetworkTopologyImpl (NetworkTopologyImpl.java:add(134)) - Added a new node: /default-rack/d02d2a64-7015-4a87-a246-248944102fba
2024-07-10 09:09:48,345 [main] INFO  net.NetworkTopologyImpl (NetworkTopologyImpl.java:add(134)) - Added a new node: /default-rack/a90702b6-1a21-42ab-aabb-c7db19268ca2
2024-07-10 09:09:48,357 [main] INFO  net.NodeSchemaLoader (NodeSchemaLoader.java:loadSchemaFromFile(129)) - Loading schema from [jar:file:/home/runner/work/ozone/ozone/hadoop-hdds/common/target/hdds-common-1.5.0-SNAPSHOT.jar!/network-topology-default.xml]
2024-07-10 09:09:48,357 [main] INFO  net.NodeSchemaLoader (NodeSchemaLoader.java:loadSchema(176)) - Loading network topology layer schema file
2024-07-10 09:09:48,358 [main] INFO  net.NetworkTopologyImpl (NetworkTopologyImpl.java:add(134)) - Added a new node: /default-rack/667ceee1-054f-4685-ad77-9b89a94dce26
2024-07-10 09:09:48,358 [main] INFO  net.NetworkTopologyImpl (NetworkTopologyImpl.java:add(134)) - Added a new node: /default-rack/a0fbab5d-df2e-4346-ab88-d885a088c60f
2024-07-10 09:09:48,358 [main] INFO  net.NetworkTopologyImpl (NetworkTopologyImpl.java:add(134)) - Added a new node: /default-rack/f25e25e2-9b19-46ad-82db-dbdbfa558dd5
2024-07-10 09:09:48,358 [main] INFO  net.NetworkTopologyImpl (NetworkTopologyImpl.java:add(134)) - Added a new node: /default-rack/81944454-1b7f-497e-a14d-5090100d4e5b
2024-07-10 09:09:48,358 [main] INFO  net.NetworkTopologyImpl (NetworkTopologyImpl.java:add(134)) - Added a new node: /default-rack/b06b8d3b-ab31-473a-98f9-bd4ecccbc3eb
2024-07-10 09:09:48,358 [main] INFO  net.NetworkTopologyImpl (NetworkTopologyImpl.java:add(134)) - Added a new node: /default-rack/69ea8a89-b8dc-47ee-9425-1cbf45552312
2024-07-10 09:09:48,359 [main] INFO  net.NetworkTopologyImpl (NetworkTopologyImpl.java:add(134)) - Added a new node: /default-rack/e8a45f74-906c-4bf2-b908-ece397a4d6ce
2024-07-10 09:09:48,359 [main] INFO  net.NetworkTopologyImpl (NetworkTopologyImpl.java:add(134)) - Added a new node: /default-rack/bdcd9033-3b69-489f-8ce1-a3ab44401acd
2024-07-10 09:09:48,359 [main] INFO  net.NetworkTopologyImpl (NetworkTopologyImpl.java:add(134)) - Added a new node: /default-rack/dcbfbc0c-b27a-469e-bcd7-e59af8bfb3b4
2024-07-10 09:09:48,359 [main] INFO  net.NetworkTopologyImpl (NetworkTopologyImpl.java:add(134)) - Added a new node: /default-rack/c1657c18-25a2-41c3-8ee3-a8b098010559
2024-07-10 09:09:48,359 [main] INFO  net.NetworkTopologyImpl (NetworkTopologyImpl.java:add(134)) - Added a new node: /default-rack/f26f868c-c695-4218-8eb0-19ba3f57d164
2024-07-10 09:09:48,359 [main] INFO  net.NetworkTopologyImpl (NetworkTopologyImpl.java:add(134)) - Added a new node: /default-rack/9d584af8-56e3-41d4-9ced-b6c97dc70fad
2024-07-10 09:09:48,359 [main] INFO  net.NetworkTopologyImpl (NetworkTopologyImpl.java:add(134)) - Added a new node: /default-rack/c5633c3c-49c1-4ff5-8fb1-c4b8499d4325
2024-07-10 09:09:48,359 [main] INFO  net.NetworkTopologyImpl (NetworkTopologyImpl.java:add(134)) - Added a new node: /default-rack/7f717098-589c-4d2b-b76d-8a35a8f1cdab
2024-07-10 09:09:48,359 [main] INFO  net.NetworkTopologyImpl (NetworkTopologyImpl.java:add(134)) - Added a new node: /default-rack/0b594534-3732-4f46-aa9f-a85891561b57
2024-07-10 09:09:48,359 [main] INFO  net.NetworkTopologyImpl (NetworkTopologyImpl.java:add(134)) - Added a new node: /default-rack/4963ecce-448a-4fc4-9962-2383108aac68
2024-07-10 09:09:48,360 [main] INFO  net.NetworkTopologyImpl (NetworkTopologyImpl.java:add(134)) - Added a new node: /default-rack/9cfb82b6-ef6c-474d-9168-c83490515304
2024-07-10 09:09:48,360 [main] INFO  net.NetworkTopologyImpl (NetworkTopologyImpl.java:add(134)) - Added a new node: /default-rack/076cf0c3-2298-4177-a32d-87b71b95b5aa
2024-07-10 09:09:48,360 [main] INFO  net.NetworkTopologyImpl (NetworkTopologyImpl.java:add(134)) - Added a new node: /default-rack/7f12feac-7381-4352-ad7f-cdb4b4468206
2024-07-10 09:09:48,360 [main] INFO  net.NetworkTopologyImpl (NetworkTopologyImpl.java:add(134)) - Added a new node: /default-rack/a44ba3fd-b612-4626-b634-624cbd8c809f
2024-07-10 09:09:48,360 [main] INFO  net.NetworkTopologyImpl (NetworkTopologyImpl.java:add(134)) - Added a new node: /default-rack/56922bac-1910-4693-8301-8664eae3cc11
2024-07-10 09:09:48,360 [main] INFO  net.NetworkTopologyImpl (NetworkTopologyImpl.java:add(134)) - Added a new node: /default-rack/65d5ef54-d5e5-43fe-af3a-3b5f20579a45
2024-07-10 09:09:48,360 [main] INFO  net.NetworkTopologyImpl (NetworkTopologyImpl.java:add(134)) - Added a new node: /default-rack/b93a3363-a7e2-490c-a652-538cf69e939a
2024-07-10 09:09:48,360 [main] INFO  net.NetworkTopologyImpl (NetworkTopologyImpl.java:add(134)) - Added a new node: /default-rack/4490104f-8c21-41cf-9acd-975227458f45
2024-07-10 09:09:48,360 [main] INFO  net.NetworkTopologyImpl (NetworkTopologyImpl.java:add(134)) - Added a new node: /default-rack/7aa5ea86-9397-4c42-8401-4da41e971b6b
2024-07-10 09:09:48,360 [main] INFO  net.NetworkTopologyImpl (NetworkTopologyImpl.java:add(134)) - Added a new node: /default-rack/7ac26ab3-ee2d-478e-b561-058c9f36d9f9
2024-07-10 09:09:48,360 [main] INFO  net.NetworkTopologyImpl (NetworkTopologyImpl.java:add(134)) - Added a new node: /default-rack/952b50ca-0830-4b2e-86a9-5375c34c625e
2024-07-10 09:09:48,361 [main] INFO  net.NetworkTopologyImpl (NetworkTopologyImpl.java:add(134)) - Added a new node: /default-rack/75f9d20d-e485-44dc-8f2e-085864afa801
2024-07-10 09:09:48,361 [main] INFO  net.NetworkTopologyImpl (NetworkTopologyImpl.java:add(134)) - Added a new node: /default-rack/5c09e7e7-634c-4dd7-829c-99960f85c202
2024-07-10 09:09:48,361 [main] INFO  net.NetworkTopologyImpl (NetworkTopologyImpl.java:add(134)) - Added a new node: /default-rack/b2e9c8a3-b8e9-43cb-8a68-ab7db3aee42f
2024-07-10 09:09:48,383 [main] INFO  algorithms.ContainerPlacementPolicyFactory (ContainerPlacementPolicyFactory.java:getPolicyInternal(86)) - Create container placement policy of type org.apache.hadoop.hdds.scm.container.placement.algorithms.SCMContainerPlacementRackAware
2024-07-10 09:09:48,384 [main] INFO  algorithms.ContainerPlacementPolicyFactory (ContainerPlacementPolicyFactory.java:getPolicyInternal(86)) - Create container placement policy of type org.apache.hadoop.hdds.scm.container.placement.algorithms.SCMContainerPlacementRackScatter
2024-07-10 09:09:48,385 [main] DEBUG balancer.ContainerBalancerTask (ContainerBalancerTask.java:initializeIteration(368)) - Average utilization of the cluster is 0.42038216560758923
2024-07-10 09:09:48,385 [main] DEBUG balancer.ContainerBalancerTask (ContainerBalancerTask.java:initializeIteration(378)) - Lower limit for utilization is 0.32038216560758925 and Upper limit for utilization is 0.5203821656075892
2024-07-10 09:09:48,385 [main] DEBUG balancer.ContainerBalancerTask (ContainerBalancerTask.java:initializeIteration(389)) - Utilization for node dfca6dd6-c5e9-40c5-828c-5a54ae825edb with capacity 14316557653B, used 10737418240B, and remaining 3579139413B is 0.7500000000174623
2024-07-10 09:09:48,386 [main] DEBUG balancer.ContainerBalancerTask (ContainerBalancerTask.java:initializeIteration(389)) - Utilization for node 509326b3-e14b-484b-b69e-4342bbb42856 with capacity 21474836480B, used 10737418240B, and remaining 10737418240B is 0.5
2024-07-10 09:09:48,386 [main] DEBUG balancer.ContainerBalancerTask (ContainerBalancerTask.java:initializeIteration(389)) - Utilization for node 3d194667-cfd9-427c-bd4b-52f1ed661851 with capacity 8589934592B, used 2147483648B, and remaining 6442450944B is 0.25
2024-07-10 09:09:48,386 [main] DEBUG balancer.ContainerBalancerTask (ContainerBalancerTask.java:initializeIteration(389)) - Utilization for node 234e9b71-9ff6-4e3b-a0a1-369c437627a9 with capacity 11811160064B, used 0B, and remaining 11811160064B is 0.0
2024-07-10 09:09:48,386 [main] INFO  balancer.ContainerBalancerTask (ContainerBalancerTask.java:initializeIteration(433)) - Container Balancer has identified 1 Over-Utilized and 2 Under-Utilized Datanodes that need to be balanced.
2024-07-10 09:09:48,386 [main] DEBUG balancer.ContainerBalancerTask (ContainerBalancerTask.java:lambda$initializeIteration$1(439)) - Datanode localhost-118.141.202.116 dfca6dd6-c5e9-40c5-828c-5a54ae825edb is Over-Utilized.
2024-07-10 09:09:48,386 [main] DEBUG balancer.ContainerBalancerTask (ContainerBalancerTask.java:lambda$initializeIteration$2(445)) - Datanode localhost-199.241.121.241 234e9b71-9ff6-4e3b-a0a1-369c437627a9 is Under-Utilized.
2024-07-10 09:09:48,386 [main] DEBUG balancer.ContainerBalancerTask (ContainerBalancerTask.java:lambda$initializeIteration$2(445)) - Datanode localhost-143.60.101.19 3d194667-cfd9-427c-bd4b-52f1ed661851 is Under-Utilized.
2024-07-10 09:09:48,386 [main] DEBUG balancer.ContainerBalancerTask (ContainerBalancerTask.java:matchSourceWithTarget(706)) - ContainerBalancer is finding suitable target for source datanode dfca6dd6-c5e9-40c5-828c-5a54ae825edb
2024-07-10 09:09:48,387 [main] INFO  balancer.ContainerBalancerTask (ContainerBalancerTask.java:matchSourceWithTarget(734)) - ContainerBalancer matched source datanode dfca6dd6-c5e9-40c5-828c-5a54ae825edb with target datanode 234e9b71-9ff6-4e3b-a0a1-369c437627a9 for container move.
2024-07-10 09:09:48,387 [main] INFO  balancer.ContainerBalancerTask (ContainerBalancerTask.java:processMoveSelection(564)) - ContainerBalancer is trying to move container #11 with size 3221225472B from source datanode dfca6dd6-c5e9-40c5-828c-5a54ae825edb to target datanode 234e9b71-9ff6-4e3b-a0a1-369c437627a9
2024-07-10 09:09:48,387 [main] WARN  balancer.ContainerBalancerTask (ContainerBalancerTask.java:lambda$moveContainer$3(855)) - Container move for container #11 from source dfca6dd6-c5e9-40c5-828c-5a54ae825edb to target 234e9b71-9ff6-4e3b-a0a1-369c437627a9 failed: REPLICATION_FAIL_NODE_UNHEALTHY
2024-07-10 09:09:48,387 [main] INFO  balancer.FindSourceGreedy (FindSourceGreedy.java:getNextCandidateSourceDataNode(126)) - no more candidate source data node
2024-07-10 09:09:48,387 [main] INFO  balancer.ContainerBalancerTask (ContainerBalancerTask.java:checkIterationMoveResults(641)) - Iteration Summary. Number of Datanodes involved: 0. Size moved: 0 B (0 Bytes). Number of Container moves completed: 0.
2024-07-10 09:09:48,387 [main] INFO  balancer.ContainerBalancerTask (ContainerBalancerTask.java:balance(254)) - Result of this iteration of Container Balancer: ITERATION_COMPLETED
2024-07-10 09:09:48,388 [main] INFO  balancer.ContainerBalancerTask (ContainerBalancerTask.java:tryStopWithSaveConfiguration(303)) - Save Configuration for stopping. Reason: Completed all iterations.
]]></system-out>
  </testcase>
  <testcase name="testMetrics(MockedSCM)[2]" classname="org.apache.hadoop.hdds.scm.container.balancer.TestContainerBalancerDatanodeNodeLimit" time="0.034"/>
  <testcase name="testMetrics(MockedSCM)[3]" classname="org.apache.hadoop.hdds.scm.container.balancer.TestContainerBalancerDatanodeNodeLimit" time="0.033"/>
  <testcase name="testMetrics(MockedSCM)[4]" classname="org.apache.hadoop.hdds.scm.container.balancer.TestContainerBalancerDatanodeNodeLimit" time="0.033"/>
  <testcase name="testMetrics(MockedSCM)[5]" classname="org.apache.hadoop.hdds.scm.container.balancer.TestContainerBalancerDatanodeNodeLimit" time="0.034"/>
  <testcase name="testMetrics(MockedSCM)[6]" classname="org.apache.hadoop.hdds.scm.container.balancer.TestContainerBalancerDatanodeNodeLimit" time="0.033"/>
  <testcase name="testMetrics(MockedSCM)[7]" classname="org.apache.hadoop.hdds.scm.container.balancer.TestContainerBalancerDatanodeNodeLimit" time="0.033"/>
  <testcase name="testMetrics(MockedSCM)[8]" classname="org.apache.hadoop.hdds.scm.container.balancer.TestContainerBalancerDatanodeNodeLimit" time="0.034"/>
  <testcase name="testMetrics(MockedSCM)[9]" classname="org.apache.hadoop.hdds.scm.container.balancer.TestContainerBalancerDatanodeNodeLimit" time="0.032"/>
  <testcase name="testMetrics(MockedSCM)[10]" classname="org.apache.hadoop.hdds.scm.container.balancer.TestContainerBalancerDatanodeNodeLimit" time="0.03"/>
  <testcase name="testMetrics(MockedSCM)[11]" classname="org.apache.hadoop.hdds.scm.container.balancer.TestContainerBalancerDatanodeNodeLimit" time="0.037"/>
  <testcase name="testMetrics(MockedSCM)[12]" classname="org.apache.hadoop.hdds.scm.container.balancer.TestContainerBalancerDatanodeNodeLimit" time="0.038"/>
  <testcase name="testMetrics(MockedSCM)[13]" classname="org.apache.hadoop.hdds.scm.container.balancer.TestContainerBalancerDatanodeNodeLimit" time="0.033"/>
  <testcase name="testMetrics(MockedSCM)[14]" classname="org.apache.hadoop.hdds.scm.container.balancer.TestContainerBalancerDatanodeNodeLimit" time="0.04"/>
  <testcase name="testMetrics(MockedSCM)[15]" classname="org.apache.hadoop.hdds.scm.container.balancer.TestContainerBalancerDatanodeNodeLimit" time="0.038"/>
  <testcase name="testMetrics(MockedSCM)[16]" classname="org.apache.hadoop.hdds.scm.container.balancer.TestContainerBalancerDatanodeNodeLimit" time="0.052"/>
  <testcase name="testCalculationOfUtilization(MockedSCM)[1]" classname="org.apache.hadoop.hdds.scm.container.balancer.TestContainerBalancerDatanodeNodeLimit" time="0.002"/>
  <testcase name="testCalculationOfUtilization(MockedSCM)[2]" classname="org.apache.hadoop.hdds.scm.container.balancer.TestContainerBalancerDatanodeNodeLimit" time="0"/>
  <testcase name="testCalculationOfUtilization(MockedSCM)[3]" classname="org.apache.hadoop.hdds.scm.container.balancer.TestContainerBalancerDatanodeNodeLimit" time="0"/>
  <testcase name="testCalculationOfUtilization(MockedSCM)[4]" classname="org.apache.hadoop.hdds.scm.container.balancer.TestContainerBalancerDatanodeNodeLimit" time="0"/>
  <testcase name="testCalculationOfUtilization(MockedSCM)[5]" classname="org.apache.hadoop.hdds.scm.container.balancer.TestContainerBalancerDatanodeNodeLimit" time="0"/>
  <testcase name="testCalculationOfUtilization(MockedSCM)[6]" classname="org.apache.hadoop.hdds.scm.container.balancer.TestContainerBalancerDatanodeNodeLimit" time="0.001"/>
  <testcase name="testCalculationOfUtilization(MockedSCM)[7]" classname="org.apache.hadoop.hdds.scm.container.balancer.TestContainerBalancerDatanodeNodeLimit" time="0.001"/>
  <testcase name="testCalculationOfUtilization(MockedSCM)[8]" classname="org.apache.hadoop.hdds.scm.container.balancer.TestContainerBalancerDatanodeNodeLimit" time="0"/>
  <testcase name="testCalculationOfUtilization(MockedSCM)[9]" classname="org.apache.hadoop.hdds.scm.container.balancer.TestContainerBalancerDatanodeNodeLimit" time="0.001"/>
  <testcase name="testCalculationOfUtilization(MockedSCM)[10]" classname="org.apache.hadoop.hdds.scm.container.balancer.TestContainerBalancerDatanodeNodeLimit" time="0.001"/>
  <testcase name="testCalculationOfUtilization(MockedSCM)[11]" classname="org.apache.hadoop.hdds.scm.container.balancer.TestContainerBalancerDatanodeNodeLimit" time="0.001"/>
  <testcase name="testCalculationOfUtilization(MockedSCM)[12]" classname="org.apache.hadoop.hdds.scm.container.balancer.TestContainerBalancerDatanodeNodeLimit" time="0.001"/>
  <testcase name="testCalculationOfUtilization(MockedSCM)[13]" classname="org.apache.hadoop.hdds.scm.container.balancer.TestContainerBalancerDatanodeNodeLimit" time="0.001"/>
  <testcase name="testCalculationOfUtilization(MockedSCM)[14]" classname="org.apache.hadoop.hdds.scm.container.balancer.TestContainerBalancerDatanodeNodeLimit" time="0.001"/>
  <testcase name="testCalculationOfUtilization(MockedSCM)[15]" classname="org.apache.hadoop.hdds.scm.container.balancer.TestContainerBalancerDatanodeNodeLimit" time="0.001"/>
  <testcase name="testCalculationOfUtilization(MockedSCM)[16]" classname="org.apache.hadoop.hdds.scm.container.balancer.TestContainerBalancerDatanodeNodeLimit" time="0.001"/>
  <testcase name="initializeIterationShouldUpdateUnBalancedNodesWhenThresholdChanges(MockedSCM)[1]" classname="org.apache.hadoop.hdds.scm.container.balancer.TestContainerBalancerDatanodeNodeLimit" time="0.656"/>
  <testcase name="initializeIterationShouldUpdateUnBalancedNodesWhenThresholdChanges(MockedSCM)[2]" classname="org.apache.hadoop.hdds.scm.container.balancer.TestContainerBalancerDatanodeNodeLimit" time="0.629"/>
  <testcase name="initializeIterationShouldUpdateUnBalancedNodesWhenThresholdChanges(MockedSCM)[3]" classname="org.apache.hadoop.hdds.scm.container.balancer.TestContainerBalancerDatanodeNodeLimit" time="0.607"/>
  <testcase name="initializeIterationShouldUpdateUnBalancedNodesWhenThresholdChanges(MockedSCM)[4]" classname="org.apache.hadoop.hdds.scm.container.balancer.TestContainerBalancerDatanodeNodeLimit" time="0.842"/>
  <testcase name="initializeIterationShouldUpdateUnBalancedNodesWhenThresholdChanges(MockedSCM)[5]" classname="org.apache.hadoop.hdds.scm.container.balancer.TestContainerBalancerDatanodeNodeLimit" time="1.034"/>
  <testcase name="initializeIterationShouldUpdateUnBalancedNodesWhenThresholdChanges(MockedSCM)[6]" classname="org.apache.hadoop.hdds.scm.container.balancer.TestContainerBalancerDatanodeNodeLimit" time="0.752"/>
  <testcase name="initializeIterationShouldUpdateUnBalancedNodesWhenThresholdChanges(MockedSCM)[7]" classname="org.apache.hadoop.hdds.scm.container.balancer.TestContainerBalancerDatanodeNodeLimit" time="0.796"/>
  <testcase name="initializeIterationShouldUpdateUnBalancedNodesWhenThresholdChanges(MockedSCM)[8]" classname="org.apache.hadoop.hdds.scm.container.balancer.TestContainerBalancerDatanodeNodeLimit" time="0.885"/>
  <testcase name="initializeIterationShouldUpdateUnBalancedNodesWhenThresholdChanges(MockedSCM)[9]" classname="org.apache.hadoop.hdds.scm.container.balancer.TestContainerBalancerDatanodeNodeLimit" time="0.98"/>
  <testcase name="initializeIterationShouldUpdateUnBalancedNodesWhenThresholdChanges(MockedSCM)[10]" classname="org.apache.hadoop.hdds.scm.container.balancer.TestContainerBalancerDatanodeNodeLimit" time="0.942"/>
  <testcase name="initializeIterationShouldUpdateUnBalancedNodesWhenThresholdChanges(MockedSCM)[11]" classname="org.apache.hadoop.hdds.scm.container.balancer.TestContainerBalancerDatanodeNodeLimit" time="0.978"/>
  <testcase name="initializeIterationShouldUpdateUnBalancedNodesWhenThresholdChanges(MockedSCM)[12]" classname="org.apache.hadoop.hdds.scm.container.balancer.TestContainerBalancerDatanodeNodeLimit" time="0.96"/>
  <testcase name="initializeIterationShouldUpdateUnBalancedNodesWhenThresholdChanges(MockedSCM)[13]" classname="org.apache.hadoop.hdds.scm.container.balancer.TestContainerBalancerDatanodeNodeLimit" time="1.056"/>
  <testcase name="initializeIterationShouldUpdateUnBalancedNodesWhenThresholdChanges(MockedSCM)[14]" classname="org.apache.hadoop.hdds.scm.container.balancer.TestContainerBalancerDatanodeNodeLimit" time="1.565"/>
  <testcase name="initializeIterationShouldUpdateUnBalancedNodesWhenThresholdChanges(MockedSCM)[15]" classname="org.apache.hadoop.hdds.scm.container.balancer.TestContainerBalancerDatanodeNodeLimit" time="1.55"/>
  <testcase name="initializeIterationShouldUpdateUnBalancedNodesWhenThresholdChanges(MockedSCM)[16]" classname="org.apache.hadoop.hdds.scm.container.balancer.TestContainerBalancerDatanodeNodeLimit" time="2.99"/>
  <testcase name="balancerShouldObeyMaxSizeEnteringTargetLimit(MockedSCM)[1]" classname="org.apache.hadoop.hdds.scm.container.balancer.TestContainerBalancerDatanodeNodeLimit" time="0.04"/>
  <testcase name="balancerShouldObeyMaxSizeEnteringTargetLimit(MockedSCM)[2]" classname="org.apache.hadoop.hdds.scm.container.balancer.TestContainerBalancerDatanodeNodeLimit" time="0.041"/>
  <testcase name="balancerShouldObeyMaxSizeEnteringTargetLimit(MockedSCM)[3]" classname="org.apache.hadoop.hdds.scm.container.balancer.TestContainerBalancerDatanodeNodeLimit" time="0.05"/>
  <testcase name="balancerShouldObeyMaxSizeEnteringTargetLimit(MockedSCM)[4]" classname="org.apache.hadoop.hdds.scm.container.balancer.TestContainerBalancerDatanodeNodeLimit" time="0.054"/>
  <testcase name="balancerShouldObeyMaxSizeEnteringTargetLimit(MockedSCM)[5]" classname="org.apache.hadoop.hdds.scm.container.balancer.TestContainerBalancerDatanodeNodeLimit" time="0.061"/>
  <testcase name="balancerShouldObeyMaxSizeEnteringTargetLimit(MockedSCM)[6]" classname="org.apache.hadoop.hdds.scm.container.balancer.TestContainerBalancerDatanodeNodeLimit" time="0.067"/>
  <testcase name="balancerShouldObeyMaxSizeEnteringTargetLimit(MockedSCM)[7]" classname="org.apache.hadoop.hdds.scm.container.balancer.TestContainerBalancerDatanodeNodeLimit" time="0.068"/>
  <testcase name="balancerShouldObeyMaxSizeEnteringTargetLimit(MockedSCM)[8]" classname="org.apache.hadoop.hdds.scm.container.balancer.TestContainerBalancerDatanodeNodeLimit" time="0.096"/>
  <testcase name="balancerShouldObeyMaxSizeEnteringTargetLimit(MockedSCM)[9]" classname="org.apache.hadoop.hdds.scm.container.balancer.TestContainerBalancerDatanodeNodeLimit" time="0.114"/>
  <testcase name="balancerShouldObeyMaxSizeEnteringTargetLimit(MockedSCM)[10]" classname="org.apache.hadoop.hdds.scm.container.balancer.TestContainerBalancerDatanodeNodeLimit" time="0.11"/>
  <testcase name="balancerShouldObeyMaxSizeEnteringTargetLimit(MockedSCM)[11]" classname="org.apache.hadoop.hdds.scm.container.balancer.TestContainerBalancerDatanodeNodeLimit" time="0.125"/>
  <testcase name="balancerShouldObeyMaxSizeEnteringTargetLimit(MockedSCM)[12]" classname="org.apache.hadoop.hdds.scm.container.balancer.TestContainerBalancerDatanodeNodeLimit" time="0.106"/>
  <testcase name="balancerShouldObeyMaxSizeEnteringTargetLimit(MockedSCM)[13]" classname="org.apache.hadoop.hdds.scm.container.balancer.TestContainerBalancerDatanodeNodeLimit" time="0.174"/>
  <testcase name="balancerShouldObeyMaxSizeEnteringTargetLimit(MockedSCM)[14]" classname="org.apache.hadoop.hdds.scm.container.balancer.TestContainerBalancerDatanodeNodeLimit" time="0.226"/>
  <testcase name="balancerShouldObeyMaxSizeEnteringTargetLimit(MockedSCM)[15]" classname="org.apache.hadoop.hdds.scm.container.balancer.TestContainerBalancerDatanodeNodeLimit" time="0.173"/>
  <testcase name="balancerShouldObeyMaxSizeEnteringTargetLimit(MockedSCM)[16]" classname="org.apache.hadoop.hdds.scm.container.balancer.TestContainerBalancerDatanodeNodeLimit" time="0.527"/>
</testsuite>