<?xml version="1.0" encoding="UTF-8"?>
<testsuite xmlns:xsi="http://www.w3.org/2001/XMLSchema-instance" xsi:noNamespaceSchemaLocation="https://maven.apache.org/surefire/maven-surefire-plugin/xsd/surefire-test-report-3.0.xsd" version="3.0" name="org.apache.hadoop.ozone.client.rpc.TestBlockOutputStreamFlushDelay" time="30.546" tests="6" errors="0" skipped="0" failures="3">
  <properties>
    <property name="awt.toolkit" value="sun.awt.X11.XToolkit"/>
    <property name="file.encoding.pkg" value="sun.io"/>
    <property name="java.specification.version" value="1.8"/>
    <property name="sun.cpu.isalist" value=""/>
    <property name="sun.jnu.encoding" value="UTF-8"/>
    <property name="java.class.path" value="/home/runner/work/ozone/ozone/hadoop-ozone/integration-test/target/test-classes:/home/runner/work/ozone/ozone/hadoop-ozone/integration-test/target/classes:/home/runner/.m2/repository/org/apache/ozone/ozone-common/1.3.0-SNAPSHOT/ozone-common-1.3.0-SNAPSHOT.jar:/home/runner/.m2/repository/io/grpc/grpc-netty/1.48.1/grpc-netty-1.48.1.jar:/home/runner/.m2/repository/io/grpc/grpc-core/1.48.1/grpc-core-1.48.1.jar:/home/runner/.m2/repository/com/google/android/annotations/4.1.1.4/annotations-4.1.1.4.jar:/home/runner/.m2/repository/org/codehaus/mojo/animal-sniffer-annotations/1.21/animal-sniffer-annotations-1.21.jar:/home/runner/.m2/repository/com/google/errorprone/error_prone_annotations/2.2.0/error_prone_annotations-2.2.0.jar:/home/runner/.m2/repository/io/perfmark/perfmark-api/0.25.0/perfmark-api-0.25.0.jar:/home/runner/.m2/repository/io/netty/netty-codec-http2/4.1.77.Final/netty-codec-http2-4.1.77.Final.jar:/home/runner/.m2/repository/io/netty/netty-common/4.1.77.Final/netty-common-4.1.77.Final.jar:/home/runner/.m2/repository/io/netty/netty-buffer/4.1.77.Final/netty-buffer-4.1.77.Final.jar:/home/runner/.m2/repository/io/netty/netty-codec-http/4.1.77.Final/netty-codec-http-4.1.77.Final.jar:/home/runner/.m2/repository/io/netty/netty-handler-proxy/4.1.77.Final/netty-handler-proxy-4.1.77.Final.jar:/home/runner/.m2/repository/io/netty/netty-codec-socks/4.1.77.Final/netty-codec-socks-4.1.77.Final.jar:/home/runner/.m2/repository/io/netty/netty-tcnative-boringssl-static/2.0.52.Final/netty-tcnative-boringssl-static-2.0.52.Final.jar:/home/runner/.m2/repository/io/netty/netty-tcnative-classes/2.0.52.Final/netty-tcnative-classes-2.0.52.Final.jar:/home/runner/.m2/repository/io/netty/netty-tcnative-boringssl-static/2.0.52.Final/netty-tcnative-boringssl-static-2.0.52.Final-linux-x86_64.jar:/home/runner/.m2/repository/io/netty/netty-tcnative-boringssl-static/2.0.52.Final/netty-tcnative-boringssl-static-2.0.52.Final-linux-aarch_64.jar:/home/runner/.m2/repository/io/netty/netty-tcnative-boringssl-static/2.0.52.Final/netty-tcnative-boringssl-static-2.0.52.Final-osx-x86_64.jar:/home/runner/.m2/repository/io/netty/netty-tcnative-boringssl-static/2.0.52.Final/netty-tcnative-boringssl-static-2.0.52.Final-osx-aarch_64.jar:/home/runner/.m2/repository/io/netty/netty-tcnative-boringssl-static/2.0.52.Final/netty-tcnative-boringssl-static-2.0.52.Final-windows-x86_64.jar:/home/runner/.m2/repository/org/apache/commons/commons-compress/1.21/commons-compress-1.21.jar:/home/runner/.m2/repository/org/apache/ozone/hdds-common/1.3.0-SNAPSHOT/hdds-common-1.3.0-SNAPSHOT.jar:/home/runner/.m2/repository/org/apache/ozone/hdds-client/1.3.0-SNAPSHOT/hdds-client-1.3.0-SNAPSHOT.jar:/home/runner/.m2/repository/org/apache/ozone/ozone-interface-client/1.3.0-SNAPSHOT/ozone-interface-client-1.3.0-SNAPSHOT.jar:/home/runner/.m2/repository/org/apache/ozone/hdds-test-utils/1.3.0-SNAPSHOT/hdds-test-utils-1.3.0-SNAPSHOT.jar:/home/runner/.m2/repository/com/google/guava/guava/31.1-jre/guava-31.1-jre.jar:/home/runner/.m2/repository/com/google/guava/failureaccess/1.0.1/failureaccess-1.0.1.jar:/home/runner/.m2/repository/com/google/guava/listenablefuture/9999.0-empty-to-avoid-conflict-with-guava/listenablefuture-9999.0-empty-to-avoid-conflict-with-guava.jar:/home/runner/.m2/repository/com/google/code/findbugs/jsr305/3.0.0/jsr305-3.0.0.jar:/home/runner/.m2/repository/org/checkerframework/checker-qual/3.12.0/checker-qual-3.12.0.jar:/home/runner/.m2/repository/com/google/j2objc/j2objc-annotations/1.3/j2objc-annotations-1.3.jar:/home/runner/.m2/repository/commons-io/commons-io/2.11.0/commons-io-2.11.0.jar:/home/runner/.m2/repository/commons-logging/commons-logging/1.2/commons-logging-1.2.jar:/home/runner/.m2/repository/ch/qos/reload4j/reload4j/1.2.22/reload4j-1.2.22.jar:/home/runner/.m2/repository/org/slf4j/slf4j-api/1.7.36/slf4j-api-1.7.36.jar:/home/runner/.m2/repository/org/apache/ozone/hdds-server-scm/1.3.0-SNAPSHOT/hdds-server-scm-1.3.0-SNAPSHOT.jar:/home/runner/.m2/repository/org/apache/ozone/hdds-container-service/1.3.0-SNAPSHOT/hdds-container-service-1.3.0-SNAPSHOT.jar:/home/runner/.m2/repository/org/apache/ozone/hdds-hadoop-dependency-server/1.3.0-SNAPSHOT/hdds-hadoop-dependency-server-1.3.0-SNAPSHOT.jar:/home/runner/.m2/repository/org/apache/hadoop/hadoop-hdfs/3.3.4/hadoop-hdfs-3.3.4.jar:/home/runner/.m2/repository/org/eclipse/jetty/jetty-util-ajax/9.4.49.v20220914/jetty-util-ajax-9.4.49.v20220914.jar:/home/runner/.m2/repository/commons-daemon/commons-daemon/1.0.13/commons-daemon-1.0.13.jar:/home/runner/.m2/repository/org/apache/ozone/hdds-server-framework/1.3.0-SNAPSHOT/hdds-server-framework-1.3.0-SNAPSHOT.jar:/home/runner/.m2/repository/org/apache/ozone/hdds-interface-server/1.3.0-SNAPSHOT/hdds-interface-server-1.3.0-SNAPSHOT.jar:/home/runner/.m2/repository/org/apache/commons/commons-configuration2/2.1.1/commons-configuration2-2.1.1.jar:/home/runner/.m2/repository/org/apache/logging/log4j/log4j-core/2.17.1/log4j-core-2.17.1.jar:/home/runner/.m2/repository/com/lmax/disruptor/3.4.2/disruptor-3.4.2.jar:/home/runner/.m2/repository/org/eclipse/jetty/jetty-servlet/9.4.49.v20220914/jetty-servlet-9.4.49.v20220914.jar:/home/runner/.m2/repository/org/eclipse/jetty/jetty-security/9.4.49.v20220914/jetty-security-9.4.49.v20220914.jar:/home/runner/.m2/repository/org/rocksdb/rocksdbjni/7.7.3/rocksdbjni-7.7.3.jar:/home/runner/.m2/repository/io/prometheus/simpleclient_dropwizard/0.7.0/simpleclient_dropwizard-0.7.0.jar:/home/runner/.m2/repository/io/prometheus/simpleclient/0.7.0/simpleclient-0.7.0.jar:/home/runner/.m2/repository/io/prometheus/simpleclient_common/0.7.0/simpleclient_common-0.7.0.jar:/home/runner/.m2/repository/com/github/spotbugs/spotbugs-annotations/3.1.12/spotbugs-annotations-3.1.12.jar:/home/runner/.m2/repository/io/dropwizard/metrics/metrics-core/3.2.4/metrics-core-3.2.4.jar:/home/runner/.m2/repository/org/apache/commons/commons-text/1.4/commons-text-1.4.jar:/home/runner/.m2/repository/org/apache/hadoop/hadoop-hdfs-client/3.3.4/hadoop-hdfs-client-3.3.4.jar:/home/runner/.m2/repository/com/squareup/okhttp3/okhttp/4.9.3/okhttp-4.9.3.jar:/home/runner/.m2/repository/com/squareup/okio/okio/2.8.0/okio-2.8.0.jar:/home/runner/.m2/repository/org/jetbrains/kotlin/kotlin-stdlib-common/1.4.10/kotlin-stdlib-common-1.4.10.jar:/home/runner/.m2/repository/org/bouncycastle/bcprov-jdk15on/1.67/bcprov-jdk15on-1.67.jar:/home/runner/.m2/repository/com/google/protobuf/protobuf-java/2.5.0/protobuf-java-2.5.0.jar:/home/runner/.m2/repository/org/apache/ozone/ozone-manager/1.3.0-SNAPSHOT/ozone-manager-1.3.0-SNAPSHOT.jar:/home/runner/.m2/repository/org/aspectj/aspectjrt/1.9.7/aspectjrt-1.9.7.jar:/home/runner/.m2/repository/org/aspectj/aspectjweaver/1.9.7/aspectjweaver-1.9.7.jar:/home/runner/.m2/repository/org/apache/ozone/hdds-interface-client/1.3.0-SNAPSHOT/hdds-interface-client-1.3.0-SNAPSHOT.jar:/home/runner/.m2/repository/org/apache/hadoop/thirdparty/hadoop-shaded-protobuf_3_7/1.1.1/hadoop-shaded-protobuf_3_7-1.1.1.jar:/home/runner/.m2/repository/org/apache/ozone/ozone-interface-storage/1.3.0-SNAPSHOT/ozone-interface-storage-1.3.0-SNAPSHOT.jar:/home/runner/.m2/repository/org/reflections/reflections/0.9.11/reflections-0.9.11.jar:/home/runner/.m2/repository/com/sun/jersey/jersey-client/1.19/jersey-client-1.19.jar:/home/runner/.m2/repository/org/apache/ranger/ranger-intg/2.3.0/ranger-intg-2.3.0.jar:/home/runner/.m2/repository/org/apache/ranger/ranger-plugins-common/2.3.0/ranger-plugins-common-2.3.0.jar:/home/runner/.m2/repository/commons-lang/commons-lang/2.6/commons-lang-2.6.jar:/home/runner/.m2/repository/org/codehaus/jackson/jackson-jaxrs/1.9.13/jackson-jaxrs-1.9.13.jar:/home/runner/.m2/repository/org/apache/ranger/ranger-plugins-cred/2.3.0/ranger-plugins-cred-2.3.0.jar:/home/runner/.m2/repository/org/apache/ranger/ranger-plugins-audit/2.3.0/ranger-plugins-audit-2.3.0.jar:/home/runner/.m2/repository/org/eclipse/jetty/jetty-client/9.4.31.v20200723/jetty-client-9.4.31.v20200723.jar:/home/runner/.m2/repository/org/apache/httpcomponents/httpmime/4.5.6/httpmime-4.5.6.jar:/home/runner/.m2/repository/org/apache/httpcomponents/httpcore-nio/4.4.6/httpcore-nio-4.4.6.jar:/home/runner/.m2/repository/org/apache/httpcomponents/httpasyncclient/4.1.3/httpasyncclient-4.1.3.jar:/home/runner/.m2/repository/com/carrotsearch/hppc/0.8.0/hppc-0.8.0.jar:/home/runner/.m2/repository/org/apache/orc/orc-core/1.5.8/orc-core-1.5.8.jar:/home/runner/.m2/repository/net/java/dev/jna/jna/5.2.0/jna-5.2.0.jar:/home/runner/.m2/repository/net/java/dev/jna/jna-platform/5.2.0/jna-platform-5.2.0.jar:/home/runner/.m2/repository/com/kstruct/gethostname4j/0.0.2/gethostname4j-0.0.2.jar:/home/runner/.m2/repository/org/apache/ranger/ranger-plugin-classloader/2.3.0/ranger-plugin-classloader-2.3.0.jar:/home/runner/.m2/repository/org/apache/hadoop/hadoop-minikdc/3.3.4/hadoop-minikdc-3.3.4.jar:/home/runner/.m2/repository/org/apache/kerby/kerb-simplekdc/1.0.1/kerb-simplekdc-1.0.1.jar:/home/runner/.m2/repository/org/apache/kerby/kerb-client/1.0.1/kerb-client-1.0.1.jar:/home/runner/.m2/repository/org/apache/kerby/kerby-config/1.0.1/kerby-config-1.0.1.jar:/home/runner/.m2/repository/org/apache/kerby/kerb-common/1.0.1/kerb-common-1.0.1.jar:/home/runner/.m2/repository/org/apache/kerby/kerb-crypto/1.0.1/kerb-crypto-1.0.1.jar:/home/runner/.m2/repository/org/apache/kerby/kerb-util/1.0.1/kerb-util-1.0.1.jar:/home/runner/.m2/repository/org/apache/kerby/token-provider/1.0.1/token-provider-1.0.1.jar:/home/runner/.m2/repository/org/apache/kerby/kerb-admin/1.0.1/kerb-admin-1.0.1.jar:/home/runner/.m2/repository/org/apache/kerby/kerb-server/1.0.1/kerb-server-1.0.1.jar:/home/runner/.m2/repository/org/apache/kerby/kerb-identity/1.0.1/kerb-identity-1.0.1.jar:/home/runner/.m2/repository/org/apache/kerby/kerby-xdr/1.0.1/kerby-xdr-1.0.1.jar:/home/runner/.m2/repository/org/apache/ozone/ozone-s3gateway/1.3.0-SNAPSHOT/ozone-s3gateway-1.3.0-SNAPSHOT.jar:/home/runner/.m2/repository/org/javassist/javassist/3.21.0-GA/javassist-3.21.0-GA.jar:/home/runner/.m2/repository/org/jboss/weld/servlet/weld-servlet/2.4.7.Final/weld-servlet-2.4.7.Final.jar:/home/runner/.m2/repository/org/glassfish/jersey/containers/jersey-container-servlet-core/2.34/jersey-container-servlet-core-2.34.jar:/home/runner/.m2/repository/org/glassfish/hk2/external/jakarta.inject/2.6.1/jakarta.inject-2.6.1.jar:/home/runner/.m2/repository/org/glassfish/jersey/core/jersey-common/2.34/jersey-common-2.34.jar:/home/runner/.m2/repository/jakarta/ws/rs/jakarta.ws.rs-api/2.1.6/jakarta.ws.rs-api-2.1.6.jar:/home/runner/.m2/repository/org/glassfish/jersey/ext/cdi/jersey-cdi1x/2.34/jersey-cdi1x-2.34.jar:/home/runner/.m2/repository/org/glassfish/jersey/inject/jersey-hk2/2.34/jersey-hk2-2.34.jar:/home/runner/.m2/repository/org/glassfish/hk2/hk2-locator/2.6.1/hk2-locator-2.6.1.jar:/home/runner/.m2/repository/org/glassfish/jersey/media/jersey-media-jaxb/2.34/jersey-media-jaxb-2.34.jar:/home/runner/.m2/repository/org/glassfish/hk2/osgi-resource-locator/1.0.3/osgi-resource-locator-1.0.3.jar:/home/runner/.m2/repository/org/glassfish/hk2/hk2-api/2.5.0/hk2-api-2.5.0.jar:/home/runner/.m2/repository/org/glassfish/hk2/hk2-utils/2.5.0/hk2-utils-2.5.0.jar:/home/runner/.m2/repository/org/glassfish/hk2/external/aopalliance-repackaged/2.5.0/aopalliance-repackaged-2.5.0.jar:/home/runner/.m2/repository/com/fasterxml/jackson/dataformat/jackson-dataformat-xml/2.13.4/jackson-dataformat-xml-2.13.4.jar:/home/runner/.m2/repository/com/fasterxml/jackson/core/jackson-core/2.13.4/jackson-core-2.13.4.jar:/home/runner/.m2/repository/org/codehaus/woodstox/stax2-api/4.2.1/stax2-api-4.2.1.jar:/home/runner/.m2/repository/com/fasterxml/woodstox/woodstox-core/5.4.0/woodstox-core-5.4.0.jar:/home/runner/.m2/repository/com/fasterxml/jackson/module/jackson-module-jaxb-annotations/2.13.4/jackson-module-jaxb-annotations-2.13.4.jar:/home/runner/.m2/repository/jakarta/xml/bind/jakarta.xml.bind-api/2.3.3/jakarta.xml.bind-api-2.3.3.jar:/home/runner/.m2/repository/jakarta/activation/jakarta.activation-api/1.2.1/jakarta.activation-api-1.2.1.jar:/home/runner/.m2/repository/javax/enterprise/cdi-api/1.2/cdi-api-1.2.jar:/home/runner/.m2/repository/javax/el/javax.el-api/3.0.0/javax.el-api-3.0.0.jar:/home/runner/.m2/repository/javax/interceptor/javax.interceptor-api/1.2/javax.interceptor-api-1.2.jar:/home/runner/.m2/repository/javax/inject/javax.inject/1/javax.inject-1.jar:/home/runner/.m2/repository/javax/xml/bind/jaxb-api/2.3.0/jaxb-api-2.3.0.jar:/home/runner/.m2/repository/org/glassfish/jaxb/jaxb-runtime/2.3.0.1/jaxb-runtime-2.3.0.1.jar:/home/runner/.m2/repository/org/glassfish/jaxb/jaxb-core/2.3.0.1/jaxb-core-2.3.0.1.jar:/home/runner/.m2/repository/org/glassfish/jaxb/txw2/2.3.0.1/txw2-2.3.0.1.jar:/home/runner/.m2/repository/com/sun/istack/istack-commons-runtime/3.0.5/istack-commons-runtime-3.0.5.jar:/home/runner/.m2/repository/org/jvnet/staxex/stax-ex/1.7.8/stax-ex-1.7.8.jar:/home/runner/.m2/repository/com/sun/xml/fastinfoset/FastInfoset/1.2.13/FastInfoset-1.2.13.jar:/home/runner/.m2/repository/javax/activation/activation/1.1.1/activation-1.1.1.jar:/home/runner/.m2/repository/io/grpc/grpc-protobuf/1.48.1/grpc-protobuf-1.48.1.jar:/home/runner/.m2/repository/io/grpc/grpc-api/1.48.1/grpc-api-1.48.1.jar:/home/runner/.m2/repository/io/grpc/grpc-context/1.48.1/grpc-context-1.48.1.jar:/home/runner/.m2/repository/com/google/api/grpc/proto-google-common-protos/2.9.0/proto-google-common-protos-2.9.0.jar:/home/runner/.m2/repository/io/grpc/grpc-protobuf-lite/1.48.1/grpc-protobuf-lite-1.48.1.jar:/home/runner/.m2/repository/io/grpc/grpc-stub/1.48.1/grpc-stub-1.48.1.jar:/home/runner/.m2/repository/io/netty/netty-transport/4.1.77.Final/netty-transport-4.1.77.Final.jar:/home/runner/.m2/repository/io/netty/netty-resolver/4.1.77.Final/netty-resolver-4.1.77.Final.jar:/home/runner/.m2/repository/org/apache/ozone/ozone-csi/1.3.0-SNAPSHOT/ozone-csi-1.3.0-SNAPSHOT.jar:/home/runner/.m2/repository/com/google/protobuf/protobuf-java-util/3.19.6/protobuf-java-util-3.19.6.jar:/home/runner/.m2/repository/com/google/code/gson/gson/2.9.0/gson-2.9.0.jar:/home/runner/.m2/repository/org/apache/ozone/hdds-config/1.3.0-SNAPSHOT/hdds-config-1.3.0-SNAPSHOT.jar:/home/runner/.m2/repository/io/netty/netty-transport-native-epoll/4.1.77.Final/netty-transport-native-epoll-4.1.77.Final-linux-x86_64.jar:/home/runner/.m2/repository/io/netty/netty-transport-classes-epoll/4.1.77.Final/netty-transport-classes-epoll-4.1.77.Final.jar:/home/runner/.m2/repository/io/netty/netty-transport-native-unix-common/4.1.77.Final/netty-transport-native-unix-common-4.1.77.Final.jar:/home/runner/.m2/repository/org/slf4j/slf4j-reload4j/1.7.36/slf4j-reload4j-1.7.36.jar:/home/runner/.m2/repository/org/apache/ozone/ozone-recon/1.3.0-SNAPSHOT/ozone-recon-1.3.0-SNAPSHOT.jar:/home/runner/.m2/repository/org/apache/ozone/ozone-reconcodegen/1.3.0-SNAPSHOT/ozone-reconcodegen-1.3.0-SNAPSHOT.jar:/home/runner/.m2/repository/com/google/inject/extensions/guice-multibindings/4.0/guice-multibindings-4.0.jar:/home/runner/.m2/repository/com/google/inject/guice/4.0/guice-4.0.jar:/home/runner/.m2/repository/aopalliance/aopalliance/1.0/aopalliance-1.0.jar:/home/runner/.m2/repository/com/google/inject/extensions/guice-assistedinject/4.0/guice-assistedinject-4.0.jar:/home/runner/.m2/repository/com/google/inject/extensions/guice-servlet/4.0/guice-servlet-4.0.jar:/home/runner/.m2/repository/org/glassfish/jersey/containers/jersey-container-servlet/2.34/jersey-container-servlet-2.34.jar:/home/runner/.m2/repository/org/glassfish/hk2/guice-bridge/2.5.0/guice-bridge-2.5.0.jar:/home/runner/.m2/repository/org/glassfish/jersey/core/jersey-server/2.34/jersey-server-2.34.jar:/home/runner/.m2/repository/org/glassfish/jersey/core/jersey-client/2.34/jersey-client-2.34.jar:/home/runner/.m2/repository/jakarta/annotation/jakarta.annotation-api/1.3.5/jakarta.annotation-api-1.3.5.jar:/home/runner/.m2/repository/jakarta/validation/jakarta.validation-api/2.0.2/jakarta.validation-api-2.0.2.jar:/home/runner/.m2/repository/org/glassfish/jersey/media/jersey-media-json-jackson/2.34/jersey-media-json-jackson-2.34.jar:/home/runner/.m2/repository/org/glassfish/jersey/ext/jersey-entity-filtering/2.34/jersey-entity-filtering-2.34.jar:/home/runner/.m2/repository/org/jooq/jooq/3.11.10/jooq-3.11.10.jar:/home/runner/.m2/repository/org/jooq/jooq-meta/3.11.10/jooq-meta-3.11.10.jar:/home/runner/.m2/repository/org/jooq/jooq-codegen/3.11.10/jooq-codegen-3.11.10.jar:/home/runner/.m2/repository/com/jolbox/bonecp/0.8.0.RELEASE/bonecp-0.8.0.RELEASE.jar:/home/runner/.m2/repository/org/apache/derby/derby/10.14.2.0/derby-10.14.2.0.jar:/home/runner/.m2/repository/org/xerial/sqlite-jdbc/3.25.2/sqlite-jdbc-3.25.2.jar:/home/runner/.m2/repository/org/springframework/spring-jdbc/5.3.23/spring-jdbc-5.3.23.jar:/home/runner/.m2/repository/org/springframework/spring-beans/5.3.23/spring-beans-5.3.23.jar:/home/runner/.m2/repository/org/springframework/spring-core/5.3.23/spring-core-5.3.23.jar:/home/runner/.m2/repository/org/springframework/spring-jcl/5.3.23/spring-jcl-5.3.23.jar:/home/runner/.m2/repository/org/springframework/spring-tx/5.3.23/spring-tx-5.3.23.jar:/home/runner/.m2/repository/org/apache/ozone/ozone-client/1.3.0-SNAPSHOT/ozone-client-1.3.0-SNAPSHOT.jar:/home/runner/.m2/repository/org/apache/ozone/hdds-erasurecode/1.3.0-SNAPSHOT/hdds-erasurecode-1.3.0-SNAPSHOT.jar:/home/runner/.m2/repository/org/apache/ozone/ozone-filesystem/1.3.0-SNAPSHOT/ozone-filesystem-1.3.0-SNAPSHOT.jar:/home/runner/.m2/repository/org/apache/ozone/ozone-filesystem-common/1.3.0-SNAPSHOT/ozone-filesystem-common-1.3.0-SNAPSHOT.jar:/home/runner/.m2/repository/org/apache/ozone/ozone-tools/1.3.0-SNAPSHOT/ozone-tools-1.3.0-SNAPSHOT.jar:/home/runner/.m2/repository/org/apache/ratis/ratis-tools/2.4.2-8b8bdda-SNAPSHOT/ratis-tools-2.4.2-8b8bdda-SNAPSHOT.jar:/home/runner/.m2/repository/com/amazonaws/aws-java-sdk-core/1.12.261/aws-java-sdk-core-1.12.261.jar:/home/runner/.m2/repository/org/apache/httpcomponents/httpclient/4.5.13/httpclient-4.5.13.jar:/home/runner/.m2/repository/org/apache/httpcomponents/httpcore/4.4.13/httpcore-4.4.13.jar:/home/runner/.m2/repository/software/amazon/ion/ion-java/1.0.2/ion-java-1.0.2.jar:/home/runner/.m2/repository/com/fasterxml/jackson/dataformat/jackson-dataformat-cbor/2.13.4/jackson-dataformat-cbor-2.13.4.jar:/home/runner/.m2/repository/joda-time/joda-time/2.8.1/joda-time-2.8.1.jar:/home/runner/.m2/repository/com/amazonaws/aws-java-sdk-s3/1.12.261/aws-java-sdk-s3-1.12.261.jar:/home/runner/.m2/repository/com/amazonaws/aws-java-sdk-kms/1.12.261/aws-java-sdk-kms-1.12.261.jar:/home/runner/.m2/repository/com/amazonaws/jmespath-java/1.12.261/jmespath-java-1.12.261.jar:/home/runner/.m2/repository/org/kohsuke/metainf-services/metainf-services/1.8/metainf-services-1.8.jar:/home/runner/.m2/repository/org/apache/ozone/hdds-tools/1.3.0-SNAPSHOT/hdds-tools-1.3.0-SNAPSHOT.jar:/home/runner/.m2/repository/commons-cli/commons-cli/1.2/commons-cli-1.2.jar:/home/runner/.m2/repository/org/apache/commons/commons-lang3/3.7/commons-lang3-3.7.jar:/home/runner/.m2/repository/org/apache/ozone/ozone-manager/1.3.0-SNAPSHOT/ozone-manager-1.3.0-SNAPSHOT-tests.jar:/home/runner/.m2/repository/org/apache/ozone/hdds-common/1.3.0-SNAPSHOT/hdds-common-1.3.0-SNAPSHOT-tests.jar:/home/runner/.m2/repository/org/apache/ozone/hdds-hadoop-dependency-client/1.3.0-SNAPSHOT/hdds-hadoop-dependency-client-1.3.0-SNAPSHOT.jar:/home/runner/.m2/repository/info/picocli/picocli/4.6.1/picocli-4.6.1.jar:/home/runner/.m2/repository/com/fasterxml/jackson/core/jackson-annotations/2.13.4/jackson-annotations-2.13.4.jar:/home/runner/.m2/repository/com/fasterxml/jackson/datatype/jackson-datatype-jsr310/2.13.4/jackson-datatype-jsr310-2.13.4.jar:/home/runner/.m2/repository/org/apache/ozone/hdds-annotation-processing/1.3.0-SNAPSHOT/hdds-annotation-processing-1.3.0-SNAPSHOT.jar:/home/runner/.m2/repository/javax/annotation/javax.annotation-api/1.2/javax.annotation-api-1.2.jar:/home/runner/.m2/repository/org/apache/ratis/ratis-server/2.4.2-8b8bdda-SNAPSHOT/ratis-server-2.4.2-8b8bdda-SNAPSHOT.jar:/home/runner/.m2/repository/org/apache/ratis/ratis-client/2.4.2-8b8bdda-SNAPSHOT/ratis-client-2.4.2-8b8bdda-SNAPSHOT.jar:/home/runner/.m2/repository/org/apache/ratis/ratis-server-api/2.4.2-8b8bdda-SNAPSHOT/ratis-server-api-2.4.2-8b8bdda-SNAPSHOT.jar:/home/runner/.m2/repository/org/apache/ratis/ratis-metrics/2.4.2-8b8bdda-SNAPSHOT/ratis-metrics-2.4.2-8b8bdda-SNAPSHOT.jar:/home/runner/.m2/repository/org/apache/ratis/ratis-netty/2.4.2-8b8bdda-SNAPSHOT/ratis-netty-2.4.2-8b8bdda-SNAPSHOT.jar:/home/runner/.m2/repository/org/apache/ratis/ratis-grpc/2.4.2-8b8bdda-SNAPSHOT/ratis-grpc-2.4.2-8b8bdda-SNAPSHOT.jar:/home/runner/.m2/repository/org/apache/logging/log4j/log4j-api/2.17.1/log4j-api-2.17.1.jar:/home/runner/.m2/repository/org/apache/commons/commons-pool2/2.6.0/commons-pool2-2.6.0.jar:/home/runner/.m2/repository/org/bouncycastle/bcpkix-jdk15on/1.67/bcpkix-jdk15on-1.67.jar:/home/runner/.m2/repository/commons-validator/commons-validator/1.6/commons-validator-1.6.jar:/home/runner/.m2/repository/commons-beanutils/commons-beanutils/1.9.4/commons-beanutils-1.9.4.jar:/home/runner/.m2/repository/commons-digester/commons-digester/1.8.1/commons-digester-1.8.1.jar:/home/runner/.m2/repository/commons-collections/commons-collections/3.2.2/commons-collections-3.2.2.jar:/home/runner/.m2/repository/io/jaegertracing/jaeger-client/1.6.0/jaeger-client-1.6.0.jar:/home/runner/.m2/repository/io/jaegertracing/jaeger-thrift/1.6.0/jaeger-thrift-1.6.0.jar:/home/runner/.m2/repository/org/apache/thrift/libthrift/0.14.1/libthrift-0.14.1.jar:/home/runner/.m2/repository/io/jaegertracing/jaeger-core/1.6.0/jaeger-core-1.6.0.jar:/home/runner/.m2/repository/io/jaegertracing/jaeger-tracerresolver/1.6.0/jaeger-tracerresolver-1.6.0.jar:/home/runner/.m2/repository/io/opentracing/contrib/opentracing-tracerresolver/0.1.8/opentracing-tracerresolver-0.1.8.jar:/home/runner/.m2/repository/org/jetbrains/kotlin/kotlin-stdlib/1.6.21/kotlin-stdlib-1.6.21.jar:/home/runner/.m2/repository/org/jetbrains/annotations/13.0/annotations-13.0.jar:/home/runner/.m2/repository/io/opentracing/opentracing-util/0.33.0/opentracing-util-0.33.0.jar:/home/runner/.m2/repository/io/opentracing/opentracing-api/0.33.0/opentracing-api-0.33.0.jar:/home/runner/.m2/repository/io/opentracing/opentracing-noop/0.33.0/opentracing-noop-0.33.0.jar:/home/runner/.m2/repository/org/yaml/snakeyaml/1.33/snakeyaml-1.33.jar:/home/runner/.m2/repository/org/apache/ozone/hdds-interface-admin/1.3.0-SNAPSHOT/hdds-interface-admin-1.3.0-SNAPSHOT.jar:/home/runner/.m2/repository/junit/junit/4.13.1/junit-4.13.1.jar:/home/runner/.m2/repository/org/hamcrest/hamcrest-core/1.3/hamcrest-core-1.3.jar:/home/runner/.m2/repository/org/junit/jupiter/junit-jupiter-api/5.8.2/junit-jupiter-api-5.8.2.jar:/home/runner/.m2/repository/org/opentest4j/opentest4j/1.2.0/opentest4j-1.2.0.jar:/home/runner/.m2/repository/org/junit/platform/junit-platform-commons/1.8.2/junit-platform-commons-1.8.2.jar:/home/runner/.m2/repository/org/apiguardian/apiguardian-api/1.1.2/apiguardian-api-1.1.2.jar:/home/runner/.m2/repository/org/junit/jupiter/junit-jupiter-params/5.8.2/junit-jupiter-params-5.8.2.jar:/home/runner/.m2/repository/org/junit/jupiter/junit-jupiter-migrationsupport/5.8.2/junit-jupiter-migrationsupport-5.8.2.jar:/home/runner/.m2/repository/org/junit/jupiter/junit-jupiter-engine/5.8.2/junit-jupiter-engine-5.8.2.jar:/home/runner/.m2/repository/org/junit/platform/junit-platform-engine/1.8.2/junit-platform-engine-1.8.2.jar:/home/runner/.m2/repository/org/junit/vintage/junit-vintage-engine/5.8.2/junit-vintage-engine-5.8.2.jar:/home/runner/.m2/repository/org/junit/platform/junit-platform-launcher/1.8.2/junit-platform-launcher-1.8.2.jar:/home/runner/.m2/repository/org/mockito/mockito-core/2.28.2/mockito-core-2.28.2.jar:/home/runner/.m2/repository/net/bytebuddy/byte-buddy/1.9.10/byte-buddy-1.9.10.jar:/home/runner/.m2/repository/net/bytebuddy/byte-buddy-agent/1.9.10/byte-buddy-agent-1.9.10.jar:/home/runner/.m2/repository/org/objenesis/objenesis/1.0/objenesis-1.0.jar:/home/runner/.m2/repository/org/apache/hadoop/hadoop-kms/3.3.4/hadoop-kms-3.3.4.jar:/home/runner/.m2/repository/org/apache/hadoop/hadoop-auth/3.3.4/hadoop-auth-3.3.4.jar:/home/runner/.m2/repository/com/nimbusds/nimbus-jose-jwt/9.8.1/nimbus-jose-jwt-9.8.1.jar:/home/runner/.m2/repository/com/github/stephenc/jcip/jcip-annotations/1.0-1/jcip-annotations-1.0-1.jar:/home/runner/.m2/repository/net/minidev/json-smart/2.4.7/json-smart-2.4.7.jar:/home/runner/.m2/repository/net/minidev/accessors-smart/2.4.7/accessors-smart-2.4.7.jar:/home/runner/.m2/repository/org/ow2/asm/asm/5.0.4/asm-5.0.4.jar:/home/runner/.m2/repository/org/apache/zookeeper/zookeeper/3.5.6/zookeeper-3.5.6.jar:/home/runner/.m2/repository/org/apache/zookeeper/zookeeper-jute/3.5.6/zookeeper-jute-3.5.6.jar:/home/runner/.m2/repository/org/apache/yetus/audience-annotations/0.5.0/audience-annotations-0.5.0.jar:/home/runner/.m2/repository/org/apache/curator/curator-framework/4.2.0/curator-framework-4.2.0.jar:/home/runner/.m2/repository/org/apache/hadoop/thirdparty/hadoop-shaded-guava/1.1.1/hadoop-shaded-guava-1.1.1.jar:/home/runner/.m2/repository/com/sun/jersey/jersey-core/1.19/jersey-core-1.19.jar:/home/runner/.m2/repository/javax/ws/rs/jsr311-api/1.1.1/jsr311-api-1.1.1.jar:/home/runner/.m2/repository/com/sun/jersey/jersey-server/1.19/jersey-server-1.19.jar:/home/runner/.m2/repository/javax/servlet/javax.servlet-api/3.1.0/javax.servlet-api-3.1.0.jar:/home/runner/.m2/repository/org/eclipse/jetty/jetty-server/9.4.49.v20220914/jetty-server-9.4.49.v20220914.jar:/home/runner/.m2/repository/org/eclipse/jetty/jetty-http/9.4.49.v20220914/jetty-http-9.4.49.v20220914.jar:/home/runner/.m2/repository/org/eclipse/jetty/jetty-io/9.4.49.v20220914/jetty-io-9.4.49.v20220914.jar:/home/runner/.m2/repository/org/eclipse/jetty/jetty-webapp/9.4.49.v20220914/jetty-webapp-9.4.49.v20220914.jar:/home/runner/.m2/repository/org/eclipse/jetty/jetty-xml/9.4.49.v20220914/jetty-xml-9.4.49.v20220914.jar:/home/runner/.m2/repository/org/apache/hadoop/hadoop-common/3.3.4/hadoop-common-3.3.4.jar:/home/runner/.m2/repository/org/apache/commons/commons-math3/3.1.1/commons-math3-3.1.1.jar:/home/runner/.m2/repository/commons-net/commons-net/3.9.0/commons-net-3.9.0.jar:/home/runner/.m2/repository/com/sun/jersey/jersey-servlet/1.19/jersey-servlet-1.19.jar:/home/runner/.m2/repository/com/sun/jersey/jersey-json/1.19/jersey-json-1.19.jar:/home/runner/.m2/repository/org/codehaus/jettison/jettison/1.1/jettison-1.1.jar:/home/runner/.m2/repository/com/sun/xml/bind/jaxb-impl/2.2.3-1/jaxb-impl-2.2.3-1.jar:/home/runner/.m2/repository/org/codehaus/jackson/jackson-xc/1.9.2/jackson-xc-1.9.2.jar:/home/runner/.m2/repository/com/google/re2j/re2j/1.1/re2j-1.1.jar:/home/runner/.m2/repository/com/jcraft/jsch/0.1.54/jsch-0.1.54.jar:/home/runner/.m2/repository/org/apache/curator/curator-client/4.2.0/curator-client-4.2.0.jar:/home/runner/.m2/repository/org/apache/curator/curator-recipes/4.2.0/curator-recipes-4.2.0.jar:/home/runner/.m2/repository/org/apache/kerby/kerb-core/1.0.1/kerb-core-1.0.1.jar:/home/runner/.m2/repository/org/apache/kerby/kerby-pkix/1.0.1/kerby-pkix-1.0.1.jar:/home/runner/.m2/repository/org/apache/kerby/kerby-asn1/1.0.1/kerby-asn1-1.0.1.jar:/home/runner/.m2/repository/org/apache/kerby/kerby-util/1.0.1/kerby-util-1.0.1.jar:/home/runner/.m2/repository/dnsjava/dnsjava/2.1.7/dnsjava-2.1.7.jar:/home/runner/.m2/repository/org/xerial/snappy/snappy-java/1.1.8.2/snappy-java-1.1.8.2.jar:/home/runner/.m2/repository/org/eclipse/jetty/jetty-util/9.4.49.v20220914/jetty-util-9.4.49.v20220914.jar:/home/runner/.m2/repository/com/fasterxml/jackson/core/jackson-databind/2.13.4.2/jackson-databind-2.13.4.2.jar:/home/runner/.m2/repository/org/apache/hadoop/hadoop-kms/3.3.4/hadoop-kms-3.3.4-tests.jar:/home/runner/.m2/repository/org/apache/ozone/hdds-server-scm/1.3.0-SNAPSHOT/hdds-server-scm-1.3.0-SNAPSHOT-tests.jar:/home/runner/.m2/repository/org/apache/ozone/hdds-container-service/1.3.0-SNAPSHOT/hdds-container-service-1.3.0-SNAPSHOT-tests.jar:/home/runner/.m2/repository/commons-codec/commons-codec/1.15/commons-codec-1.15.jar:/home/runner/.m2/repository/io/netty/netty-codec/4.1.77.Final/netty-codec-4.1.77.Final.jar:/home/runner/.m2/repository/io/netty/netty-handler/4.1.77.Final/netty-handler-4.1.77.Final.jar:/home/runner/.m2/repository/org/apache/ozone/hdds-hadoop-dependency-test/1.3.0-SNAPSHOT/hdds-hadoop-dependency-test-1.3.0-SNAPSHOT.jar:/home/runner/.m2/repository/org/apache/hadoop/hadoop-common/3.3.4/hadoop-common-3.3.4-tests.jar:/home/runner/.m2/repository/org/apache/hadoop/hadoop-hdfs/3.3.4/hadoop-hdfs-3.3.4-tests.jar:/home/runner/.m2/repository/org/assertj/assertj-core/3.12.2/assertj-core-3.12.2.jar:/home/runner/.m2/repository/org/apache/hadoop/hadoop-distcp/3.3.4/hadoop-distcp-3.3.4.jar:/home/runner/.m2/repository/org/apache/hadoop/hadoop-mapreduce-client-jobclient/3.3.4/hadoop-mapreduce-client-jobclient-3.3.4.jar:/home/runner/.m2/repository/org/apache/hadoop/hadoop-mapreduce-client-common/3.3.4/hadoop-mapreduce-client-common-3.3.4.jar:/home/runner/.m2/repository/org/apache/hadoop/hadoop-yarn-common/3.3.4/hadoop-yarn-common-3.3.4.jar:/home/runner/.m2/repository/org/apache/hadoop/hadoop-yarn-api/3.3.4/hadoop-yarn-api-3.3.4.jar:/home/runner/.m2/repository/com/sun/jersey/contribs/jersey-guice/1.19/jersey-guice-1.19.jar:/home/runner/.m2/repository/com/fasterxml/jackson/jaxrs/jackson-jaxrs-json-provider/2.13.4/jackson-jaxrs-json-provider-2.13.4.jar:/home/runner/.m2/repository/com/fasterxml/jackson/jaxrs/jackson-jaxrs-base/2.13.4/jackson-jaxrs-base-2.13.4.jar:/home/runner/.m2/repository/org/apache/hadoop/hadoop-yarn-client/3.3.4/hadoop-yarn-client-3.3.4.jar:/home/runner/.m2/repository/org/eclipse/jetty/websocket/websocket-client/9.4.43.v20210629/websocket-client-9.4.43.v20210629.jar:/home/runner/.m2/repository/org/eclipse/jetty/websocket/websocket-common/9.4.43.v20210629/websocket-common-9.4.43.v20210629.jar:/home/runner/.m2/repository/org/eclipse/jetty/websocket/websocket-api/9.4.43.v20210629/websocket-api-9.4.43.v20210629.jar:/home/runner/.m2/repository/org/jline/jline/3.9.0/jline-3.9.0.jar:/home/runner/.m2/repository/org/apache/hadoop/hadoop-mapreduce-client-core/3.3.4/hadoop-mapreduce-client-core-3.3.4.jar:/home/runner/.m2/repository/org/apache/avro/avro/1.7.7/avro-1.7.7.jar:/home/runner/.m2/repository/org/codehaus/jackson/jackson-core-asl/1.9.13/jackson-core-asl-1.9.13.jar:/home/runner/.m2/repository/org/codehaus/jackson/jackson-mapper-asl/1.9.13/jackson-mapper-asl-1.9.13.jar:/home/runner/.m2/repository/com/thoughtworks/paranamer/paranamer/2.3/paranamer-2.3.jar:/home/runner/.m2/repository/org/apache/hadoop/hadoop-annotations/3.3.4/hadoop-annotations-3.3.4.jar:/usr/lib/jvm/temurin-8-jdk-amd64/jre/../lib/tools.jar:/home/runner/.m2/repository/io/netty/netty/3.10.6.Final/netty-3.10.6.Final.jar:/home/runner/.m2/repository/org/apache/hadoop/hadoop-distcp/3.3.4/hadoop-distcp-3.3.4-tests.jar:/home/runner/.m2/repository/org/slf4j/jul-to-slf4j/1.7.36/jul-to-slf4j-1.7.36.jar:/home/runner/.m2/repository/org/apache/ratis/ratis-common/2.4.2-8b8bdda-SNAPSHOT/ratis-common-2.4.2-8b8bdda-SNAPSHOT.jar:/home/runner/.m2/repository/org/apache/ratis/ratis-thirdparty-misc/1.0.3/ratis-thirdparty-misc-1.0.3.jar:/home/runner/.m2/repository/org/apache/ratis/ratis-proto/2.4.2-8b8bdda-SNAPSHOT/ratis-proto-2.4.2-8b8bdda-SNAPSHOT.jar:"/>
    <property name="java.vm.vendor" value="Temurin"/>
    <property name="sun.arch.data.model" value="64"/>
    <property name="test.build.dir" value="/home/runner/work/ozone/ozone/hadoop-ozone/integration-test/target/test-dir"/>
    <property name="test.cache.data" value=""/>
    <property name="java.vendor.url" value="https://adoptium.net/"/>
    <property name="user.timezone" value="Etc/UTC"/>
    <property name="java.vm.specification.version" value="1.8"/>
    <property name="os.name" value="Linux"/>
    <property name="test.build.data" value="/home/runner/work/ozone/ozone/hadoop-ozone/integration-test/target/test-dir"/>
    <property name="sun.java.launcher" value="SUN_STANDARD"/>
    <property name="sun.boot.library.path" value="/usr/lib/jvm/temurin-8-jdk-amd64/jre/lib/amd64"/>
    <property name="sun.java.command" value="/home/runner/work/ozone/ozone/hadoop-ozone/integration-test/target/surefire/surefirebooter2519917259932261285.jar /home/runner/work/ozone/ozone/hadoop-ozone/integration-test/target/surefire 2022-12-08T06-36-04_548-jvmRun1 surefire2544089785433708229tmp surefire_88172312642473984626tmp"/>
    <property name="surefire.test.class.path" value="/home/runner/work/ozone/ozone/hadoop-ozone/integration-test/target/test-classes:/home/runner/work/ozone/ozone/hadoop-ozone/integration-test/target/classes:/home/runner/.m2/repository/org/apache/ozone/ozone-common/1.3.0-SNAPSHOT/ozone-common-1.3.0-SNAPSHOT.jar:/home/runner/.m2/repository/io/grpc/grpc-netty/1.48.1/grpc-netty-1.48.1.jar:/home/runner/.m2/repository/io/grpc/grpc-core/1.48.1/grpc-core-1.48.1.jar:/home/runner/.m2/repository/com/google/android/annotations/4.1.1.4/annotations-4.1.1.4.jar:/home/runner/.m2/repository/org/codehaus/mojo/animal-sniffer-annotations/1.21/animal-sniffer-annotations-1.21.jar:/home/runner/.m2/repository/com/google/errorprone/error_prone_annotations/2.2.0/error_prone_annotations-2.2.0.jar:/home/runner/.m2/repository/io/perfmark/perfmark-api/0.25.0/perfmark-api-0.25.0.jar:/home/runner/.m2/repository/io/netty/netty-codec-http2/4.1.77.Final/netty-codec-http2-4.1.77.Final.jar:/home/runner/.m2/repository/io/netty/netty-common/4.1.77.Final/netty-common-4.1.77.Final.jar:/home/runner/.m2/repository/io/netty/netty-buffer/4.1.77.Final/netty-buffer-4.1.77.Final.jar:/home/runner/.m2/repository/io/netty/netty-codec-http/4.1.77.Final/netty-codec-http-4.1.77.Final.jar:/home/runner/.m2/repository/io/netty/netty-handler-proxy/4.1.77.Final/netty-handler-proxy-4.1.77.Final.jar:/home/runner/.m2/repository/io/netty/netty-codec-socks/4.1.77.Final/netty-codec-socks-4.1.77.Final.jar:/home/runner/.m2/repository/io/netty/netty-tcnative-boringssl-static/2.0.52.Final/netty-tcnative-boringssl-static-2.0.52.Final.jar:/home/runner/.m2/repository/io/netty/netty-tcnative-classes/2.0.52.Final/netty-tcnative-classes-2.0.52.Final.jar:/home/runner/.m2/repository/io/netty/netty-tcnative-boringssl-static/2.0.52.Final/netty-tcnative-boringssl-static-2.0.52.Final-linux-x86_64.jar:/home/runner/.m2/repository/io/netty/netty-tcnative-boringssl-static/2.0.52.Final/netty-tcnative-boringssl-static-2.0.52.Final-linux-aarch_64.jar:/home/runner/.m2/repository/io/netty/netty-tcnative-boringssl-static/2.0.52.Final/netty-tcnative-boringssl-static-2.0.52.Final-osx-x86_64.jar:/home/runner/.m2/repository/io/netty/netty-tcnative-boringssl-static/2.0.52.Final/netty-tcnative-boringssl-static-2.0.52.Final-osx-aarch_64.jar:/home/runner/.m2/repository/io/netty/netty-tcnative-boringssl-static/2.0.52.Final/netty-tcnative-boringssl-static-2.0.52.Final-windows-x86_64.jar:/home/runner/.m2/repository/org/apache/commons/commons-compress/1.21/commons-compress-1.21.jar:/home/runner/.m2/repository/org/apache/ozone/hdds-common/1.3.0-SNAPSHOT/hdds-common-1.3.0-SNAPSHOT.jar:/home/runner/.m2/repository/org/apache/ozone/hdds-client/1.3.0-SNAPSHOT/hdds-client-1.3.0-SNAPSHOT.jar:/home/runner/.m2/repository/org/apache/ozone/ozone-interface-client/1.3.0-SNAPSHOT/ozone-interface-client-1.3.0-SNAPSHOT.jar:/home/runner/.m2/repository/org/apache/ozone/hdds-test-utils/1.3.0-SNAPSHOT/hdds-test-utils-1.3.0-SNAPSHOT.jar:/home/runner/.m2/repository/com/google/guava/guava/31.1-jre/guava-31.1-jre.jar:/home/runner/.m2/repository/com/google/guava/failureaccess/1.0.1/failureaccess-1.0.1.jar:/home/runner/.m2/repository/com/google/guava/listenablefuture/9999.0-empty-to-avoid-conflict-with-guava/listenablefuture-9999.0-empty-to-avoid-conflict-with-guava.jar:/home/runner/.m2/repository/com/google/code/findbugs/jsr305/3.0.0/jsr305-3.0.0.jar:/home/runner/.m2/repository/org/checkerframework/checker-qual/3.12.0/checker-qual-3.12.0.jar:/home/runner/.m2/repository/com/google/j2objc/j2objc-annotations/1.3/j2objc-annotations-1.3.jar:/home/runner/.m2/repository/commons-io/commons-io/2.11.0/commons-io-2.11.0.jar:/home/runner/.m2/repository/commons-logging/commons-logging/1.2/commons-logging-1.2.jar:/home/runner/.m2/repository/ch/qos/reload4j/reload4j/1.2.22/reload4j-1.2.22.jar:/home/runner/.m2/repository/org/slf4j/slf4j-api/1.7.36/slf4j-api-1.7.36.jar:/home/runner/.m2/repository/org/apache/ozone/hdds-server-scm/1.3.0-SNAPSHOT/hdds-server-scm-1.3.0-SNAPSHOT.jar:/home/runner/.m2/repository/org/apache/ozone/hdds-container-service/1.3.0-SNAPSHOT/hdds-container-service-1.3.0-SNAPSHOT.jar:/home/runner/.m2/repository/org/apache/ozone/hdds-hadoop-dependency-server/1.3.0-SNAPSHOT/hdds-hadoop-dependency-server-1.3.0-SNAPSHOT.jar:/home/runner/.m2/repository/org/apache/hadoop/hadoop-hdfs/3.3.4/hadoop-hdfs-3.3.4.jar:/home/runner/.m2/repository/org/eclipse/jetty/jetty-util-ajax/9.4.49.v20220914/jetty-util-ajax-9.4.49.v20220914.jar:/home/runner/.m2/repository/commons-daemon/commons-daemon/1.0.13/commons-daemon-1.0.13.jar:/home/runner/.m2/repository/org/apache/ozone/hdds-server-framework/1.3.0-SNAPSHOT/hdds-server-framework-1.3.0-SNAPSHOT.jar:/home/runner/.m2/repository/org/apache/ozone/hdds-interface-server/1.3.0-SNAPSHOT/hdds-interface-server-1.3.0-SNAPSHOT.jar:/home/runner/.m2/repository/org/apache/commons/commons-configuration2/2.1.1/commons-configuration2-2.1.1.jar:/home/runner/.m2/repository/org/apache/logging/log4j/log4j-core/2.17.1/log4j-core-2.17.1.jar:/home/runner/.m2/repository/com/lmax/disruptor/3.4.2/disruptor-3.4.2.jar:/home/runner/.m2/repository/org/eclipse/jetty/jetty-servlet/9.4.49.v20220914/jetty-servlet-9.4.49.v20220914.jar:/home/runner/.m2/repository/org/eclipse/jetty/jetty-security/9.4.49.v20220914/jetty-security-9.4.49.v20220914.jar:/home/runner/.m2/repository/org/rocksdb/rocksdbjni/7.7.3/rocksdbjni-7.7.3.jar:/home/runner/.m2/repository/io/prometheus/simpleclient_dropwizard/0.7.0/simpleclient_dropwizard-0.7.0.jar:/home/runner/.m2/repository/io/prometheus/simpleclient/0.7.0/simpleclient-0.7.0.jar:/home/runner/.m2/repository/io/prometheus/simpleclient_common/0.7.0/simpleclient_common-0.7.0.jar:/home/runner/.m2/repository/com/github/spotbugs/spotbugs-annotations/3.1.12/spotbugs-annotations-3.1.12.jar:/home/runner/.m2/repository/io/dropwizard/metrics/metrics-core/3.2.4/metrics-core-3.2.4.jar:/home/runner/.m2/repository/org/apache/commons/commons-text/1.4/commons-text-1.4.jar:/home/runner/.m2/repository/org/apache/hadoop/hadoop-hdfs-client/3.3.4/hadoop-hdfs-client-3.3.4.jar:/home/runner/.m2/repository/com/squareup/okhttp3/okhttp/4.9.3/okhttp-4.9.3.jar:/home/runner/.m2/repository/com/squareup/okio/okio/2.8.0/okio-2.8.0.jar:/home/runner/.m2/repository/org/jetbrains/kotlin/kotlin-stdlib-common/1.4.10/kotlin-stdlib-common-1.4.10.jar:/home/runner/.m2/repository/org/bouncycastle/bcprov-jdk15on/1.67/bcprov-jdk15on-1.67.jar:/home/runner/.m2/repository/com/google/protobuf/protobuf-java/2.5.0/protobuf-java-2.5.0.jar:/home/runner/.m2/repository/org/apache/ozone/ozone-manager/1.3.0-SNAPSHOT/ozone-manager-1.3.0-SNAPSHOT.jar:/home/runner/.m2/repository/org/aspectj/aspectjrt/1.9.7/aspectjrt-1.9.7.jar:/home/runner/.m2/repository/org/aspectj/aspectjweaver/1.9.7/aspectjweaver-1.9.7.jar:/home/runner/.m2/repository/org/apache/ozone/hdds-interface-client/1.3.0-SNAPSHOT/hdds-interface-client-1.3.0-SNAPSHOT.jar:/home/runner/.m2/repository/org/apache/hadoop/thirdparty/hadoop-shaded-protobuf_3_7/1.1.1/hadoop-shaded-protobuf_3_7-1.1.1.jar:/home/runner/.m2/repository/org/apache/ozone/ozone-interface-storage/1.3.0-SNAPSHOT/ozone-interface-storage-1.3.0-SNAPSHOT.jar:/home/runner/.m2/repository/org/reflections/reflections/0.9.11/reflections-0.9.11.jar:/home/runner/.m2/repository/com/sun/jersey/jersey-client/1.19/jersey-client-1.19.jar:/home/runner/.m2/repository/org/apache/ranger/ranger-intg/2.3.0/ranger-intg-2.3.0.jar:/home/runner/.m2/repository/org/apache/ranger/ranger-plugins-common/2.3.0/ranger-plugins-common-2.3.0.jar:/home/runner/.m2/repository/commons-lang/commons-lang/2.6/commons-lang-2.6.jar:/home/runner/.m2/repository/org/codehaus/jackson/jackson-jaxrs/1.9.13/jackson-jaxrs-1.9.13.jar:/home/runner/.m2/repository/org/apache/ranger/ranger-plugins-cred/2.3.0/ranger-plugins-cred-2.3.0.jar:/home/runner/.m2/repository/org/apache/ranger/ranger-plugins-audit/2.3.0/ranger-plugins-audit-2.3.0.jar:/home/runner/.m2/repository/org/eclipse/jetty/jetty-client/9.4.31.v20200723/jetty-client-9.4.31.v20200723.jar:/home/runner/.m2/repository/org/apache/httpcomponents/httpmime/4.5.6/httpmime-4.5.6.jar:/home/runner/.m2/repository/org/apache/httpcomponents/httpcore-nio/4.4.6/httpcore-nio-4.4.6.jar:/home/runner/.m2/repository/org/apache/httpcomponents/httpasyncclient/4.1.3/httpasyncclient-4.1.3.jar:/home/runner/.m2/repository/com/carrotsearch/hppc/0.8.0/hppc-0.8.0.jar:/home/runner/.m2/repository/org/apache/orc/orc-core/1.5.8/orc-core-1.5.8.jar:/home/runner/.m2/repository/net/java/dev/jna/jna/5.2.0/jna-5.2.0.jar:/home/runner/.m2/repository/net/java/dev/jna/jna-platform/5.2.0/jna-platform-5.2.0.jar:/home/runner/.m2/repository/com/kstruct/gethostname4j/0.0.2/gethostname4j-0.0.2.jar:/home/runner/.m2/repository/org/apache/ranger/ranger-plugin-classloader/2.3.0/ranger-plugin-classloader-2.3.0.jar:/home/runner/.m2/repository/org/apache/hadoop/hadoop-minikdc/3.3.4/hadoop-minikdc-3.3.4.jar:/home/runner/.m2/repository/org/apache/kerby/kerb-simplekdc/1.0.1/kerb-simplekdc-1.0.1.jar:/home/runner/.m2/repository/org/apache/kerby/kerb-client/1.0.1/kerb-client-1.0.1.jar:/home/runner/.m2/repository/org/apache/kerby/kerby-config/1.0.1/kerby-config-1.0.1.jar:/home/runner/.m2/repository/org/apache/kerby/kerb-common/1.0.1/kerb-common-1.0.1.jar:/home/runner/.m2/repository/org/apache/kerby/kerb-crypto/1.0.1/kerb-crypto-1.0.1.jar:/home/runner/.m2/repository/org/apache/kerby/kerb-util/1.0.1/kerb-util-1.0.1.jar:/home/runner/.m2/repository/org/apache/kerby/token-provider/1.0.1/token-provider-1.0.1.jar:/home/runner/.m2/repository/org/apache/kerby/kerb-admin/1.0.1/kerb-admin-1.0.1.jar:/home/runner/.m2/repository/org/apache/kerby/kerb-server/1.0.1/kerb-server-1.0.1.jar:/home/runner/.m2/repository/org/apache/kerby/kerb-identity/1.0.1/kerb-identity-1.0.1.jar:/home/runner/.m2/repository/org/apache/kerby/kerby-xdr/1.0.1/kerby-xdr-1.0.1.jar:/home/runner/.m2/repository/org/apache/ozone/ozone-s3gateway/1.3.0-SNAPSHOT/ozone-s3gateway-1.3.0-SNAPSHOT.jar:/home/runner/.m2/repository/org/javassist/javassist/3.21.0-GA/javassist-3.21.0-GA.jar:/home/runner/.m2/repository/org/jboss/weld/servlet/weld-servlet/2.4.7.Final/weld-servlet-2.4.7.Final.jar:/home/runner/.m2/repository/org/glassfish/jersey/containers/jersey-container-servlet-core/2.34/jersey-container-servlet-core-2.34.jar:/home/runner/.m2/repository/org/glassfish/hk2/external/jakarta.inject/2.6.1/jakarta.inject-2.6.1.jar:/home/runner/.m2/repository/org/glassfish/jersey/core/jersey-common/2.34/jersey-common-2.34.jar:/home/runner/.m2/repository/jakarta/ws/rs/jakarta.ws.rs-api/2.1.6/jakarta.ws.rs-api-2.1.6.jar:/home/runner/.m2/repository/org/glassfish/jersey/ext/cdi/jersey-cdi1x/2.34/jersey-cdi1x-2.34.jar:/home/runner/.m2/repository/org/glassfish/jersey/inject/jersey-hk2/2.34/jersey-hk2-2.34.jar:/home/runner/.m2/repository/org/glassfish/hk2/hk2-locator/2.6.1/hk2-locator-2.6.1.jar:/home/runner/.m2/repository/org/glassfish/jersey/media/jersey-media-jaxb/2.34/jersey-media-jaxb-2.34.jar:/home/runner/.m2/repository/org/glassfish/hk2/osgi-resource-locator/1.0.3/osgi-resource-locator-1.0.3.jar:/home/runner/.m2/repository/org/glassfish/hk2/hk2-api/2.5.0/hk2-api-2.5.0.jar:/home/runner/.m2/repository/org/glassfish/hk2/hk2-utils/2.5.0/hk2-utils-2.5.0.jar:/home/runner/.m2/repository/org/glassfish/hk2/external/aopalliance-repackaged/2.5.0/aopalliance-repackaged-2.5.0.jar:/home/runner/.m2/repository/com/fasterxml/jackson/dataformat/jackson-dataformat-xml/2.13.4/jackson-dataformat-xml-2.13.4.jar:/home/runner/.m2/repository/com/fasterxml/jackson/core/jackson-core/2.13.4/jackson-core-2.13.4.jar:/home/runner/.m2/repository/org/codehaus/woodstox/stax2-api/4.2.1/stax2-api-4.2.1.jar:/home/runner/.m2/repository/com/fasterxml/woodstox/woodstox-core/5.4.0/woodstox-core-5.4.0.jar:/home/runner/.m2/repository/com/fasterxml/jackson/module/jackson-module-jaxb-annotations/2.13.4/jackson-module-jaxb-annotations-2.13.4.jar:/home/runner/.m2/repository/jakarta/xml/bind/jakarta.xml.bind-api/2.3.3/jakarta.xml.bind-api-2.3.3.jar:/home/runner/.m2/repository/jakarta/activation/jakarta.activation-api/1.2.1/jakarta.activation-api-1.2.1.jar:/home/runner/.m2/repository/javax/enterprise/cdi-api/1.2/cdi-api-1.2.jar:/home/runner/.m2/repository/javax/el/javax.el-api/3.0.0/javax.el-api-3.0.0.jar:/home/runner/.m2/repository/javax/interceptor/javax.interceptor-api/1.2/javax.interceptor-api-1.2.jar:/home/runner/.m2/repository/javax/inject/javax.inject/1/javax.inject-1.jar:/home/runner/.m2/repository/javax/xml/bind/jaxb-api/2.3.0/jaxb-api-2.3.0.jar:/home/runner/.m2/repository/org/glassfish/jaxb/jaxb-runtime/2.3.0.1/jaxb-runtime-2.3.0.1.jar:/home/runner/.m2/repository/org/glassfish/jaxb/jaxb-core/2.3.0.1/jaxb-core-2.3.0.1.jar:/home/runner/.m2/repository/org/glassfish/jaxb/txw2/2.3.0.1/txw2-2.3.0.1.jar:/home/runner/.m2/repository/com/sun/istack/istack-commons-runtime/3.0.5/istack-commons-runtime-3.0.5.jar:/home/runner/.m2/repository/org/jvnet/staxex/stax-ex/1.7.8/stax-ex-1.7.8.jar:/home/runner/.m2/repository/com/sun/xml/fastinfoset/FastInfoset/1.2.13/FastInfoset-1.2.13.jar:/home/runner/.m2/repository/javax/activation/activation/1.1.1/activation-1.1.1.jar:/home/runner/.m2/repository/io/grpc/grpc-protobuf/1.48.1/grpc-protobuf-1.48.1.jar:/home/runner/.m2/repository/io/grpc/grpc-api/1.48.1/grpc-api-1.48.1.jar:/home/runner/.m2/repository/io/grpc/grpc-context/1.48.1/grpc-context-1.48.1.jar:/home/runner/.m2/repository/com/google/api/grpc/proto-google-common-protos/2.9.0/proto-google-common-protos-2.9.0.jar:/home/runner/.m2/repository/io/grpc/grpc-protobuf-lite/1.48.1/grpc-protobuf-lite-1.48.1.jar:/home/runner/.m2/repository/io/grpc/grpc-stub/1.48.1/grpc-stub-1.48.1.jar:/home/runner/.m2/repository/io/netty/netty-transport/4.1.77.Final/netty-transport-4.1.77.Final.jar:/home/runner/.m2/repository/io/netty/netty-resolver/4.1.77.Final/netty-resolver-4.1.77.Final.jar:/home/runner/.m2/repository/org/apache/ozone/ozone-csi/1.3.0-SNAPSHOT/ozone-csi-1.3.0-SNAPSHOT.jar:/home/runner/.m2/repository/com/google/protobuf/protobuf-java-util/3.19.6/protobuf-java-util-3.19.6.jar:/home/runner/.m2/repository/com/google/code/gson/gson/2.9.0/gson-2.9.0.jar:/home/runner/.m2/repository/org/apache/ozone/hdds-config/1.3.0-SNAPSHOT/hdds-config-1.3.0-SNAPSHOT.jar:/home/runner/.m2/repository/io/netty/netty-transport-native-epoll/4.1.77.Final/netty-transport-native-epoll-4.1.77.Final-linux-x86_64.jar:/home/runner/.m2/repository/io/netty/netty-transport-classes-epoll/4.1.77.Final/netty-transport-classes-epoll-4.1.77.Final.jar:/home/runner/.m2/repository/io/netty/netty-transport-native-unix-common/4.1.77.Final/netty-transport-native-unix-common-4.1.77.Final.jar:/home/runner/.m2/repository/org/slf4j/slf4j-reload4j/1.7.36/slf4j-reload4j-1.7.36.jar:/home/runner/.m2/repository/org/apache/ozone/ozone-recon/1.3.0-SNAPSHOT/ozone-recon-1.3.0-SNAPSHOT.jar:/home/runner/.m2/repository/org/apache/ozone/ozone-reconcodegen/1.3.0-SNAPSHOT/ozone-reconcodegen-1.3.0-SNAPSHOT.jar:/home/runner/.m2/repository/com/google/inject/extensions/guice-multibindings/4.0/guice-multibindings-4.0.jar:/home/runner/.m2/repository/com/google/inject/guice/4.0/guice-4.0.jar:/home/runner/.m2/repository/aopalliance/aopalliance/1.0/aopalliance-1.0.jar:/home/runner/.m2/repository/com/google/inject/extensions/guice-assistedinject/4.0/guice-assistedinject-4.0.jar:/home/runner/.m2/repository/com/google/inject/extensions/guice-servlet/4.0/guice-servlet-4.0.jar:/home/runner/.m2/repository/org/glassfish/jersey/containers/jersey-container-servlet/2.34/jersey-container-servlet-2.34.jar:/home/runner/.m2/repository/org/glassfish/hk2/guice-bridge/2.5.0/guice-bridge-2.5.0.jar:/home/runner/.m2/repository/org/glassfish/jersey/core/jersey-server/2.34/jersey-server-2.34.jar:/home/runner/.m2/repository/org/glassfish/jersey/core/jersey-client/2.34/jersey-client-2.34.jar:/home/runner/.m2/repository/jakarta/annotation/jakarta.annotation-api/1.3.5/jakarta.annotation-api-1.3.5.jar:/home/runner/.m2/repository/jakarta/validation/jakarta.validation-api/2.0.2/jakarta.validation-api-2.0.2.jar:/home/runner/.m2/repository/org/glassfish/jersey/media/jersey-media-json-jackson/2.34/jersey-media-json-jackson-2.34.jar:/home/runner/.m2/repository/org/glassfish/jersey/ext/jersey-entity-filtering/2.34/jersey-entity-filtering-2.34.jar:/home/runner/.m2/repository/org/jooq/jooq/3.11.10/jooq-3.11.10.jar:/home/runner/.m2/repository/org/jooq/jooq-meta/3.11.10/jooq-meta-3.11.10.jar:/home/runner/.m2/repository/org/jooq/jooq-codegen/3.11.10/jooq-codegen-3.11.10.jar:/home/runner/.m2/repository/com/jolbox/bonecp/0.8.0.RELEASE/bonecp-0.8.0.RELEASE.jar:/home/runner/.m2/repository/org/apache/derby/derby/10.14.2.0/derby-10.14.2.0.jar:/home/runner/.m2/repository/org/xerial/sqlite-jdbc/3.25.2/sqlite-jdbc-3.25.2.jar:/home/runner/.m2/repository/org/springframework/spring-jdbc/5.3.23/spring-jdbc-5.3.23.jar:/home/runner/.m2/repository/org/springframework/spring-beans/5.3.23/spring-beans-5.3.23.jar:/home/runner/.m2/repository/org/springframework/spring-core/5.3.23/spring-core-5.3.23.jar:/home/runner/.m2/repository/org/springframework/spring-jcl/5.3.23/spring-jcl-5.3.23.jar:/home/runner/.m2/repository/org/springframework/spring-tx/5.3.23/spring-tx-5.3.23.jar:/home/runner/.m2/repository/org/apache/ozone/ozone-client/1.3.0-SNAPSHOT/ozone-client-1.3.0-SNAPSHOT.jar:/home/runner/.m2/repository/org/apache/ozone/hdds-erasurecode/1.3.0-SNAPSHOT/hdds-erasurecode-1.3.0-SNAPSHOT.jar:/home/runner/.m2/repository/org/apache/ozone/ozone-filesystem/1.3.0-SNAPSHOT/ozone-filesystem-1.3.0-SNAPSHOT.jar:/home/runner/.m2/repository/org/apache/ozone/ozone-filesystem-common/1.3.0-SNAPSHOT/ozone-filesystem-common-1.3.0-SNAPSHOT.jar:/home/runner/.m2/repository/org/apache/ozone/ozone-tools/1.3.0-SNAPSHOT/ozone-tools-1.3.0-SNAPSHOT.jar:/home/runner/.m2/repository/org/apache/ratis/ratis-tools/2.4.2-8b8bdda-SNAPSHOT/ratis-tools-2.4.2-8b8bdda-SNAPSHOT.jar:/home/runner/.m2/repository/com/amazonaws/aws-java-sdk-core/1.12.261/aws-java-sdk-core-1.12.261.jar:/home/runner/.m2/repository/org/apache/httpcomponents/httpclient/4.5.13/httpclient-4.5.13.jar:/home/runner/.m2/repository/org/apache/httpcomponents/httpcore/4.4.13/httpcore-4.4.13.jar:/home/runner/.m2/repository/software/amazon/ion/ion-java/1.0.2/ion-java-1.0.2.jar:/home/runner/.m2/repository/com/fasterxml/jackson/dataformat/jackson-dataformat-cbor/2.13.4/jackson-dataformat-cbor-2.13.4.jar:/home/runner/.m2/repository/joda-time/joda-time/2.8.1/joda-time-2.8.1.jar:/home/runner/.m2/repository/com/amazonaws/aws-java-sdk-s3/1.12.261/aws-java-sdk-s3-1.12.261.jar:/home/runner/.m2/repository/com/amazonaws/aws-java-sdk-kms/1.12.261/aws-java-sdk-kms-1.12.261.jar:/home/runner/.m2/repository/com/amazonaws/jmespath-java/1.12.261/jmespath-java-1.12.261.jar:/home/runner/.m2/repository/org/kohsuke/metainf-services/metainf-services/1.8/metainf-services-1.8.jar:/home/runner/.m2/repository/org/apache/ozone/hdds-tools/1.3.0-SNAPSHOT/hdds-tools-1.3.0-SNAPSHOT.jar:/home/runner/.m2/repository/commons-cli/commons-cli/1.2/commons-cli-1.2.jar:/home/runner/.m2/repository/org/apache/commons/commons-lang3/3.7/commons-lang3-3.7.jar:/home/runner/.m2/repository/org/apache/ozone/ozone-manager/1.3.0-SNAPSHOT/ozone-manager-1.3.0-SNAPSHOT-tests.jar:/home/runner/.m2/repository/org/apache/ozone/hdds-common/1.3.0-SNAPSHOT/hdds-common-1.3.0-SNAPSHOT-tests.jar:/home/runner/.m2/repository/org/apache/ozone/hdds-hadoop-dependency-client/1.3.0-SNAPSHOT/hdds-hadoop-dependency-client-1.3.0-SNAPSHOT.jar:/home/runner/.m2/repository/info/picocli/picocli/4.6.1/picocli-4.6.1.jar:/home/runner/.m2/repository/com/fasterxml/jackson/core/jackson-annotations/2.13.4/jackson-annotations-2.13.4.jar:/home/runner/.m2/repository/com/fasterxml/jackson/datatype/jackson-datatype-jsr310/2.13.4/jackson-datatype-jsr310-2.13.4.jar:/home/runner/.m2/repository/org/apache/ozone/hdds-annotation-processing/1.3.0-SNAPSHOT/hdds-annotation-processing-1.3.0-SNAPSHOT.jar:/home/runner/.m2/repository/javax/annotation/javax.annotation-api/1.2/javax.annotation-api-1.2.jar:/home/runner/.m2/repository/org/apache/ratis/ratis-server/2.4.2-8b8bdda-SNAPSHOT/ratis-server-2.4.2-8b8bdda-SNAPSHOT.jar:/home/runner/.m2/repository/org/apache/ratis/ratis-client/2.4.2-8b8bdda-SNAPSHOT/ratis-client-2.4.2-8b8bdda-SNAPSHOT.jar:/home/runner/.m2/repository/org/apache/ratis/ratis-server-api/2.4.2-8b8bdda-SNAPSHOT/ratis-server-api-2.4.2-8b8bdda-SNAPSHOT.jar:/home/runner/.m2/repository/org/apache/ratis/ratis-metrics/2.4.2-8b8bdda-SNAPSHOT/ratis-metrics-2.4.2-8b8bdda-SNAPSHOT.jar:/home/runner/.m2/repository/org/apache/ratis/ratis-netty/2.4.2-8b8bdda-SNAPSHOT/ratis-netty-2.4.2-8b8bdda-SNAPSHOT.jar:/home/runner/.m2/repository/org/apache/ratis/ratis-grpc/2.4.2-8b8bdda-SNAPSHOT/ratis-grpc-2.4.2-8b8bdda-SNAPSHOT.jar:/home/runner/.m2/repository/org/apache/logging/log4j/log4j-api/2.17.1/log4j-api-2.17.1.jar:/home/runner/.m2/repository/org/apache/commons/commons-pool2/2.6.0/commons-pool2-2.6.0.jar:/home/runner/.m2/repository/org/bouncycastle/bcpkix-jdk15on/1.67/bcpkix-jdk15on-1.67.jar:/home/runner/.m2/repository/commons-validator/commons-validator/1.6/commons-validator-1.6.jar:/home/runner/.m2/repository/commons-beanutils/commons-beanutils/1.9.4/commons-beanutils-1.9.4.jar:/home/runner/.m2/repository/commons-digester/commons-digester/1.8.1/commons-digester-1.8.1.jar:/home/runner/.m2/repository/commons-collections/commons-collections/3.2.2/commons-collections-3.2.2.jar:/home/runner/.m2/repository/io/jaegertracing/jaeger-client/1.6.0/jaeger-client-1.6.0.jar:/home/runner/.m2/repository/io/jaegertracing/jaeger-thrift/1.6.0/jaeger-thrift-1.6.0.jar:/home/runner/.m2/repository/org/apache/thrift/libthrift/0.14.1/libthrift-0.14.1.jar:/home/runner/.m2/repository/io/jaegertracing/jaeger-core/1.6.0/jaeger-core-1.6.0.jar:/home/runner/.m2/repository/io/jaegertracing/jaeger-tracerresolver/1.6.0/jaeger-tracerresolver-1.6.0.jar:/home/runner/.m2/repository/io/opentracing/contrib/opentracing-tracerresolver/0.1.8/opentracing-tracerresolver-0.1.8.jar:/home/runner/.m2/repository/org/jetbrains/kotlin/kotlin-stdlib/1.6.21/kotlin-stdlib-1.6.21.jar:/home/runner/.m2/repository/org/jetbrains/annotations/13.0/annotations-13.0.jar:/home/runner/.m2/repository/io/opentracing/opentracing-util/0.33.0/opentracing-util-0.33.0.jar:/home/runner/.m2/repository/io/opentracing/opentracing-api/0.33.0/opentracing-api-0.33.0.jar:/home/runner/.m2/repository/io/opentracing/opentracing-noop/0.33.0/opentracing-noop-0.33.0.jar:/home/runner/.m2/repository/org/yaml/snakeyaml/1.33/snakeyaml-1.33.jar:/home/runner/.m2/repository/org/apache/ozone/hdds-interface-admin/1.3.0-SNAPSHOT/hdds-interface-admin-1.3.0-SNAPSHOT.jar:/home/runner/.m2/repository/junit/junit/4.13.1/junit-4.13.1.jar:/home/runner/.m2/repository/org/hamcrest/hamcrest-core/1.3/hamcrest-core-1.3.jar:/home/runner/.m2/repository/org/junit/jupiter/junit-jupiter-api/5.8.2/junit-jupiter-api-5.8.2.jar:/home/runner/.m2/repository/org/opentest4j/opentest4j/1.2.0/opentest4j-1.2.0.jar:/home/runner/.m2/repository/org/junit/platform/junit-platform-commons/1.8.2/junit-platform-commons-1.8.2.jar:/home/runner/.m2/repository/org/apiguardian/apiguardian-api/1.1.2/apiguardian-api-1.1.2.jar:/home/runner/.m2/repository/org/junit/jupiter/junit-jupiter-params/5.8.2/junit-jupiter-params-5.8.2.jar:/home/runner/.m2/repository/org/junit/jupiter/junit-jupiter-migrationsupport/5.8.2/junit-jupiter-migrationsupport-5.8.2.jar:/home/runner/.m2/repository/org/junit/jupiter/junit-jupiter-engine/5.8.2/junit-jupiter-engine-5.8.2.jar:/home/runner/.m2/repository/org/junit/platform/junit-platform-engine/1.8.2/junit-platform-engine-1.8.2.jar:/home/runner/.m2/repository/org/junit/vintage/junit-vintage-engine/5.8.2/junit-vintage-engine-5.8.2.jar:/home/runner/.m2/repository/org/junit/platform/junit-platform-launcher/1.8.2/junit-platform-launcher-1.8.2.jar:/home/runner/.m2/repository/org/mockito/mockito-core/2.28.2/mockito-core-2.28.2.jar:/home/runner/.m2/repository/net/bytebuddy/byte-buddy/1.9.10/byte-buddy-1.9.10.jar:/home/runner/.m2/repository/net/bytebuddy/byte-buddy-agent/1.9.10/byte-buddy-agent-1.9.10.jar:/home/runner/.m2/repository/org/objenesis/objenesis/1.0/objenesis-1.0.jar:/home/runner/.m2/repository/org/apache/hadoop/hadoop-kms/3.3.4/hadoop-kms-3.3.4.jar:/home/runner/.m2/repository/org/apache/hadoop/hadoop-auth/3.3.4/hadoop-auth-3.3.4.jar:/home/runner/.m2/repository/com/nimbusds/nimbus-jose-jwt/9.8.1/nimbus-jose-jwt-9.8.1.jar:/home/runner/.m2/repository/com/github/stephenc/jcip/jcip-annotations/1.0-1/jcip-annotations-1.0-1.jar:/home/runner/.m2/repository/net/minidev/json-smart/2.4.7/json-smart-2.4.7.jar:/home/runner/.m2/repository/net/minidev/accessors-smart/2.4.7/accessors-smart-2.4.7.jar:/home/runner/.m2/repository/org/ow2/asm/asm/5.0.4/asm-5.0.4.jar:/home/runner/.m2/repository/org/apache/zookeeper/zookeeper/3.5.6/zookeeper-3.5.6.jar:/home/runner/.m2/repository/org/apache/zookeeper/zookeeper-jute/3.5.6/zookeeper-jute-3.5.6.jar:/home/runner/.m2/repository/org/apache/yetus/audience-annotations/0.5.0/audience-annotations-0.5.0.jar:/home/runner/.m2/repository/org/apache/curator/curator-framework/4.2.0/curator-framework-4.2.0.jar:/home/runner/.m2/repository/org/apache/hadoop/thirdparty/hadoop-shaded-guava/1.1.1/hadoop-shaded-guava-1.1.1.jar:/home/runner/.m2/repository/com/sun/jersey/jersey-core/1.19/jersey-core-1.19.jar:/home/runner/.m2/repository/javax/ws/rs/jsr311-api/1.1.1/jsr311-api-1.1.1.jar:/home/runner/.m2/repository/com/sun/jersey/jersey-server/1.19/jersey-server-1.19.jar:/home/runner/.m2/repository/javax/servlet/javax.servlet-api/3.1.0/javax.servlet-api-3.1.0.jar:/home/runner/.m2/repository/org/eclipse/jetty/jetty-server/9.4.49.v20220914/jetty-server-9.4.49.v20220914.jar:/home/runner/.m2/repository/org/eclipse/jetty/jetty-http/9.4.49.v20220914/jetty-http-9.4.49.v20220914.jar:/home/runner/.m2/repository/org/eclipse/jetty/jetty-io/9.4.49.v20220914/jetty-io-9.4.49.v20220914.jar:/home/runner/.m2/repository/org/eclipse/jetty/jetty-webapp/9.4.49.v20220914/jetty-webapp-9.4.49.v20220914.jar:/home/runner/.m2/repository/org/eclipse/jetty/jetty-xml/9.4.49.v20220914/jetty-xml-9.4.49.v20220914.jar:/home/runner/.m2/repository/org/apache/hadoop/hadoop-common/3.3.4/hadoop-common-3.3.4.jar:/home/runner/.m2/repository/org/apache/commons/commons-math3/3.1.1/commons-math3-3.1.1.jar:/home/runner/.m2/repository/commons-net/commons-net/3.9.0/commons-net-3.9.0.jar:/home/runner/.m2/repository/com/sun/jersey/jersey-servlet/1.19/jersey-servlet-1.19.jar:/home/runner/.m2/repository/com/sun/jersey/jersey-json/1.19/jersey-json-1.19.jar:/home/runner/.m2/repository/org/codehaus/jettison/jettison/1.1/jettison-1.1.jar:/home/runner/.m2/repository/com/sun/xml/bind/jaxb-impl/2.2.3-1/jaxb-impl-2.2.3-1.jar:/home/runner/.m2/repository/org/codehaus/jackson/jackson-xc/1.9.2/jackson-xc-1.9.2.jar:/home/runner/.m2/repository/com/google/re2j/re2j/1.1/re2j-1.1.jar:/home/runner/.m2/repository/com/jcraft/jsch/0.1.54/jsch-0.1.54.jar:/home/runner/.m2/repository/org/apache/curator/curator-client/4.2.0/curator-client-4.2.0.jar:/home/runner/.m2/repository/org/apache/curator/curator-recipes/4.2.0/curator-recipes-4.2.0.jar:/home/runner/.m2/repository/org/apache/kerby/kerb-core/1.0.1/kerb-core-1.0.1.jar:/home/runner/.m2/repository/org/apache/kerby/kerby-pkix/1.0.1/kerby-pkix-1.0.1.jar:/home/runner/.m2/repository/org/apache/kerby/kerby-asn1/1.0.1/kerby-asn1-1.0.1.jar:/home/runner/.m2/repository/org/apache/kerby/kerby-util/1.0.1/kerby-util-1.0.1.jar:/home/runner/.m2/repository/dnsjava/dnsjava/2.1.7/dnsjava-2.1.7.jar:/home/runner/.m2/repository/org/xerial/snappy/snappy-java/1.1.8.2/snappy-java-1.1.8.2.jar:/home/runner/.m2/repository/org/eclipse/jetty/jetty-util/9.4.49.v20220914/jetty-util-9.4.49.v20220914.jar:/home/runner/.m2/repository/com/fasterxml/jackson/core/jackson-databind/2.13.4.2/jackson-databind-2.13.4.2.jar:/home/runner/.m2/repository/org/apache/hadoop/hadoop-kms/3.3.4/hadoop-kms-3.3.4-tests.jar:/home/runner/.m2/repository/org/apache/ozone/hdds-server-scm/1.3.0-SNAPSHOT/hdds-server-scm-1.3.0-SNAPSHOT-tests.jar:/home/runner/.m2/repository/org/apache/ozone/hdds-container-service/1.3.0-SNAPSHOT/hdds-container-service-1.3.0-SNAPSHOT-tests.jar:/home/runner/.m2/repository/commons-codec/commons-codec/1.15/commons-codec-1.15.jar:/home/runner/.m2/repository/io/netty/netty-codec/4.1.77.Final/netty-codec-4.1.77.Final.jar:/home/runner/.m2/repository/io/netty/netty-handler/4.1.77.Final/netty-handler-4.1.77.Final.jar:/home/runner/.m2/repository/org/apache/ozone/hdds-hadoop-dependency-test/1.3.0-SNAPSHOT/hdds-hadoop-dependency-test-1.3.0-SNAPSHOT.jar:/home/runner/.m2/repository/org/apache/hadoop/hadoop-common/3.3.4/hadoop-common-3.3.4-tests.jar:/home/runner/.m2/repository/org/apache/hadoop/hadoop-hdfs/3.3.4/hadoop-hdfs-3.3.4-tests.jar:/home/runner/.m2/repository/org/assertj/assertj-core/3.12.2/assertj-core-3.12.2.jar:/home/runner/.m2/repository/org/apache/hadoop/hadoop-distcp/3.3.4/hadoop-distcp-3.3.4.jar:/home/runner/.m2/repository/org/apache/hadoop/hadoop-mapreduce-client-jobclient/3.3.4/hadoop-mapreduce-client-jobclient-3.3.4.jar:/home/runner/.m2/repository/org/apache/hadoop/hadoop-mapreduce-client-common/3.3.4/hadoop-mapreduce-client-common-3.3.4.jar:/home/runner/.m2/repository/org/apache/hadoop/hadoop-yarn-common/3.3.4/hadoop-yarn-common-3.3.4.jar:/home/runner/.m2/repository/org/apache/hadoop/hadoop-yarn-api/3.3.4/hadoop-yarn-api-3.3.4.jar:/home/runner/.m2/repository/com/sun/jersey/contribs/jersey-guice/1.19/jersey-guice-1.19.jar:/home/runner/.m2/repository/com/fasterxml/jackson/jaxrs/jackson-jaxrs-json-provider/2.13.4/jackson-jaxrs-json-provider-2.13.4.jar:/home/runner/.m2/repository/com/fasterxml/jackson/jaxrs/jackson-jaxrs-base/2.13.4/jackson-jaxrs-base-2.13.4.jar:/home/runner/.m2/repository/org/apache/hadoop/hadoop-yarn-client/3.3.4/hadoop-yarn-client-3.3.4.jar:/home/runner/.m2/repository/org/eclipse/jetty/websocket/websocket-client/9.4.43.v20210629/websocket-client-9.4.43.v20210629.jar:/home/runner/.m2/repository/org/eclipse/jetty/websocket/websocket-common/9.4.43.v20210629/websocket-common-9.4.43.v20210629.jar:/home/runner/.m2/repository/org/eclipse/jetty/websocket/websocket-api/9.4.43.v20210629/websocket-api-9.4.43.v20210629.jar:/home/runner/.m2/repository/org/jline/jline/3.9.0/jline-3.9.0.jar:/home/runner/.m2/repository/org/apache/hadoop/hadoop-mapreduce-client-core/3.3.4/hadoop-mapreduce-client-core-3.3.4.jar:/home/runner/.m2/repository/org/apache/avro/avro/1.7.7/avro-1.7.7.jar:/home/runner/.m2/repository/org/codehaus/jackson/jackson-core-asl/1.9.13/jackson-core-asl-1.9.13.jar:/home/runner/.m2/repository/org/codehaus/jackson/jackson-mapper-asl/1.9.13/jackson-mapper-asl-1.9.13.jar:/home/runner/.m2/repository/com/thoughtworks/paranamer/paranamer/2.3/paranamer-2.3.jar:/home/runner/.m2/repository/org/apache/hadoop/hadoop-annotations/3.3.4/hadoop-annotations-3.3.4.jar:/usr/lib/jvm/temurin-8-jdk-amd64/jre/../lib/tools.jar:/home/runner/.m2/repository/io/netty/netty/3.10.6.Final/netty-3.10.6.Final.jar:/home/runner/.m2/repository/org/apache/hadoop/hadoop-distcp/3.3.4/hadoop-distcp-3.3.4-tests.jar:/home/runner/.m2/repository/org/slf4j/jul-to-slf4j/1.7.36/jul-to-slf4j-1.7.36.jar:/home/runner/.m2/repository/org/apache/ratis/ratis-common/2.4.2-8b8bdda-SNAPSHOT/ratis-common-2.4.2-8b8bdda-SNAPSHOT.jar:/home/runner/.m2/repository/org/apache/ratis/ratis-thirdparty-misc/1.0.3/ratis-thirdparty-misc-1.0.3.jar:/home/runner/.m2/repository/org/apache/ratis/ratis-proto/2.4.2-8b8bdda-SNAPSHOT/ratis-proto-2.4.2-8b8bdda-SNAPSHOT.jar:"/>
    <property name="sun.cpu.endian" value="little"/>
    <property name="user.home" value="/home/runner"/>
    <property name="user.language" value="en"/>
    <property name="java.specification.vendor" value="Oracle Corporation"/>
    <property name="java.home" value="/usr/lib/jvm/temurin-8-jdk-amd64/jre"/>
    <property name="java.security.krb5.conf" value="/home/runner/work/ozone/ozone/hadoop-ozone/integration-test/target/test-classes/krb5.conf"/>
    <property name="basedir" value="/home/runner/work/ozone/ozone/hadoop-ozone/integration-test"/>
    <property name="file.separator" value="/"/>
    <property name="line.separator" value="&#10;"/>
    <property name="java.vm.specification.vendor" value="Oracle Corporation"/>
    <property name="java.specification.name" value="Java Platform API Specification"/>
    <property name="java.awt.graphicsenv" value="sun.awt.X11GraphicsEnvironment"/>
    <property name="skip.installnpx" value="true"/>
    <property name="surefire.real.class.path" value="/home/runner/work/ozone/ozone/hadoop-ozone/integration-test/target/surefire/surefirebooter2519917259932261285.jar:/home/runner/.m2/repository/org/jacoco/org.jacoco.agent/0.8.5/org.jacoco.agent-0.8.5-runtime.jar"/>
    <property name="hadoop.log.dir" value="/home/runner/work/ozone/ozone/hadoop-ozone/integration-test/target/log"/>
    <property name="sun.boot.class.path" value="/usr/lib/jvm/temurin-8-jdk-amd64/jre/lib/resources.jar:/usr/lib/jvm/temurin-8-jdk-amd64/jre/lib/rt.jar:/usr/lib/jvm/temurin-8-jdk-amd64/jre/lib/sunrsasign.jar:/usr/lib/jvm/temurin-8-jdk-amd64/jre/lib/jsse.jar:/usr/lib/jvm/temurin-8-jdk-amd64/jre/lib/jce.jar:/usr/lib/jvm/temurin-8-jdk-amd64/jre/lib/charsets.jar:/usr/lib/jvm/temurin-8-jdk-amd64/jre/lib/jfr.jar:/usr/lib/jvm/temurin-8-jdk-amd64/jre/classes"/>
    <property name="sun.management.compiler" value="HotSpot 64-Bit Tiered Compilers"/>
    <property name="skip.npx" value="true"/>
    <property name="java.runtime.version" value="1.8.0_352-b08"/>
    <property name="java.net.preferIPv4Stack" value="true"/>
    <property name="user.name" value="runner"/>
    <property name="path.separator" value=":"/>
    <property name="java.security.egd" value="file:///dev/urandom"/>
    <property name="os.version" value="5.15.0-1023-azure"/>
    <property name="java.endorsed.dirs" value="/usr/lib/jvm/temurin-8-jdk-amd64/jre/lib/endorsed"/>
    <property name="java.runtime.name" value="OpenJDK Runtime Environment"/>
    <property name="file.encoding" value="UTF-8"/>
    <property name="java.vm.name" value="OpenJDK 64-Bit Server VM"/>
    <property name="test.build.webapps" value=""/>
    <property name="localRepository" value="/home/runner/.m2/repository"/>
    <property name="jetty.git.hash" value="4231a3b2e4cb8548a412a789936d640a97b1aa0a"/>
    <property name="java.vendor.url.bug" value="https://github.com/adoptium/adoptium-support/issues"/>
    <property name="java.io.tmpdir" value="/tmp"/>
    <property name="require.test.libhadoop" value=""/>
    <property name="java.version" value="1.8.0_352"/>
    <property name="user.dir" value="/home/runner/work/ozone/ozone/hadoop-ozone/integration-test"/>
    <property name="os.arch" value="amd64"/>
    <property name="java.vm.specification.name" value="Java Virtual Machine Specification"/>
    <property name="test.build.classes" value="/home/runner/work/ozone/ozone/hadoop-ozone/integration-test/target/test-classes"/>
    <property name="java.awt.printerjob" value="sun.print.PSPrinterJob"/>
    <property name="sun.os.patch.level" value="unknown"/>
    <property name="org.apache.ratis.thirdparty.io.netty.allocator.useCacheForAllThreads" value="false"/>
    <property name="hadoop.tmp.dir" value="/home/runner/work/ozone/ozone/hadoop-ozone/integration-test/target/tmp"/>
    <property name="java.library.path" value="/usr/java/packages/lib/amd64:/usr/lib64:/lib64:/lib:/usr/lib"/>
    <property name="java.vm.info" value="mixed mode"/>
    <property name="java.vendor" value="Temurin"/>
    <property name="java.vm.version" value="25.352-b08"/>
    <property name="java.specification.maintenance.version" value="4"/>
    <property name="java.ext.dirs" value="/usr/lib/jvm/temurin-8-jdk-amd64/jre/lib/ext:/usr/java/packages/lib/ext"/>
    <property name="sun.io.unicode.encoding" value="UnicodeLittle"/>
    <property name="java.class.version" value="52.0"/>
  </properties>
  <testcase name="testFlushChunk" classname="org.apache.hadoop.ozone.client.rpc.TestBlockOutputStreamFlushDelay" time="0.971">
    <system-out><![CDATA[2022-12-08 06:43:47,431 [main] WARN  server.ServerUtils (ServerUtils.java:getScmDbDir(148)) - ozone.scm.db.dirs is not configured. We recommend adding this setting. Falling back to ozone.metadata.dirs instead.
2022-12-08 06:43:47,518 [main] WARN  server.ServerUtils (ServerUtils.java:getScmDbDir(148)) - ozone.scm.db.dirs is not configured. We recommend adding this setting. Falling back to ozone.metadata.dirs instead.
2022-12-08 06:43:47,526 [main] INFO  ha.SCMHANodeDetails (SCMHANodeDetails.java:loadSCMHAConfig(209)) - ServiceID for StorageContainerManager is null
2022-12-08 06:43:47,540 [main] WARN  ha.SCMHANodeDetails (SCMHANodeDetails.java:validateSCMHAConfig(182)) - Invalid config ozone.scm.ratis.enable. The config was not specified, but the default value true conflicts with the expected config value false. Falling back to the expected value. Current State of SCM: SCM is running in Non-HA without Ratis Ratis SCM -> Non Ratis SCM or Non HA SCM -> HA SCM is not supported
2022-12-08 06:43:47,540 [main] INFO  ha.SCMHANodeDetails (SCMHANodeDetails.java:loadSCMHAConfig(214)) - ozone.scm.default.service.id is not defined, falling back to ozone.scm.service.ids to find serviceID for StorageContainerManager if it is HA enabled cluster
2022-12-08 06:43:47,962 [main] WARN  utils.HAUtils (HAUtils.java:getMetaDir(342)) - ozone.scm.db.dirs is not configured. We recommend adding this setting. Falling back to ozone.metadata.dirs instead.
2022-12-08 06:43:48,101 [main] WARN  db.DBStoreBuilder (DBStoreBuilder.java:applyDBDefinition(144)) - ozone.scm.db.dirs is not configured. We recommend adding this setting. Falling back to ozone.metadata.dirs instead.
2022-12-08 06:43:48,335 [main] INFO  net.NodeSchemaLoader (NodeSchemaLoader.java:loadSchemaFromFile(129)) - Loading schema from [jar:file:/home/runner/.m2/repository/org/apache/ozone/hdds-common/1.3.0-SNAPSHOT/hdds-common-1.3.0-SNAPSHOT.jar!/network-topology-default.xml]
2022-12-08 06:43:48,337 [main] INFO  net.NodeSchemaLoader (NodeSchemaLoader.java:loadSchema(176)) - Loading network topology layer schema file
2022-12-08 06:43:48,374 [main] INFO  metrics.MetricRegistries (MetricRegistriesLoader.java:load(64)) - Loaded MetricRegistries class org.apache.ratis.metrics.impl.MetricRegistriesImpl
2022-12-08 06:43:48,380 [main] INFO  upgrade.AbstractLayoutVersionManager (AbstractLayoutVersionManager.java:init(83)) - Initializing Layout version manager with metadata layout = DATANODE_SCHEMA_V3 (version = 4), software layout = DATANODE_SCHEMA_V3 (version = 4)
2022-12-08 06:43:48,629 [main] INFO  reflections.Reflections (Reflections.java:scan(232)) - Reflections took 153 ms to scan 7 urls, producing 140 keys and 342 values 
2022-12-08 06:43:48,741 [main] INFO  ha.SequenceIdGenerator (SequenceIdGenerator.java:upgradeToSequenceId(349)) - upgrade localId to 109611004723200000
2022-12-08 06:43:48,741 [main] INFO  ha.SequenceIdGenerator (SequenceIdGenerator.java:upgradeToSequenceId(359)) - upgrade delTxnId to 0
2022-12-08 06:43:48,745 [main] INFO  ha.SequenceIdGenerator (SequenceIdGenerator.java:upgradeToSequenceId(376)) - upgrade containerId to 0
2022-12-08 06:43:48,747 [main] INFO  ha.SequenceIdGenerator (SequenceIdGenerator.java:<init>(220)) - Init the HA SequenceIdGenerator.
2022-12-08 06:43:48,806 [main] INFO  node.SCMNodeManager (SCMNodeManager.java:<init>(149)) - Entering startup safe mode.
2022-12-08 06:43:48,882 [main] INFO  algorithms.ContainerPlacementPolicyFactory (ContainerPlacementPolicyFactory.java:getPolicyInternal(86)) - Create container placement policy of type org.apache.hadoop.hdds.scm.container.placement.algorithms.SCMContainerPlacementRandom
2022-12-08 06:43:48,885 [main] INFO  algorithms.ContainerPlacementPolicyFactory (ContainerPlacementPolicyFactory.java:getPolicyInternal(86)) - Create container placement policy of type org.apache.hadoop.hdds.scm.container.placement.algorithms.SCMContainerPlacementRackScatter
2022-12-08 06:43:48,896 [main] INFO  pipeline.PipelineStateManagerImpl (PipelineStateManagerImpl.java:initialize(78)) - No pipeline exists in current db
2022-12-08 06:43:48,942 [main] INFO  algorithms.LeaderChoosePolicyFactory (LeaderChoosePolicyFactory.java:getPolicy(57)) - Create leader choose policy of type org.apache.hadoop.hdds.scm.pipeline.leader.choose.algorithms.MinLeaderCountChoosePolicy
2022-12-08 06:43:48,942 [main] INFO  algorithms.ContainerPlacementPolicyFactory (ContainerPlacementPolicyFactory.java:getPolicyInternal(86)) - Create container placement policy of type org.apache.hadoop.hdds.scm.container.placement.algorithms.SCMContainerPlacementRackScatter
2022-12-08 06:43:48,949 [main] INFO  ha.SCMServiceManager (SCMServiceManager.java:register(42)) - Registering service BackgroundPipelineCreator.
2022-12-08 06:43:48,950 [main] INFO  pipeline.BackgroundPipelineCreator (BackgroundPipelineCreator.java:start(124)) - Starting RatisPipelineUtilsThread.
2022-12-08 06:43:48,954 [main] INFO  BackgroundPipelineScrubber (BackgroundSCMService.java:start(68)) - Starting BackgroundPipelineScrubber Service.
2022-12-08 06:43:48,956 [main] INFO  ha.SCMServiceManager (SCMServiceManager.java:register(42)) - Registering service BackgroundPipelineScrubber.
2022-12-08 06:43:48,962 [main] INFO  ExpiredContainerReplicaOpScrubber (BackgroundSCMService.java:start(68)) - Starting ExpiredContainerReplicaOpScrubber Service.
2022-12-08 06:43:48,964 [main] INFO  ha.SCMServiceManager (SCMServiceManager.java:register(42)) - Registering service ExpiredContainerReplicaOpScrubber.
2022-12-08 06:43:49,008 [main] INFO  algorithms.PipelineChoosePolicyFactory (PipelineChoosePolicyFactory.java:createPipelineChoosePolicyFromClass(73)) - Create pipeline choose policy of type org.apache.hadoop.hdds.scm.pipeline.choose.algorithms.RandomPipelineChoosePolicy
2022-12-08 06:43:49,031 [main] INFO  ha.SCMServiceManager (SCMServiceManager.java:register(42)) - Registering service SCMBlockDeletingService.
2022-12-08 06:43:49,074 [main] INFO  replication.ReplicationManager (ReplicationManager.java:start(254)) - Starting Replication Monitor Thread.
2022-12-08 06:43:49,081 [main] INFO  ha.SCMServiceManager (SCMServiceManager.java:register(42)) - Registering service ReplicationManager.
2022-12-08 06:43:49,087 [ReplicationMonitor] INFO  replication.ReplicationManager (ReplicationManager.java:processAll(323)) - Replication Manager is not ready to run until 3000ms after safemode exit
2022-12-08 06:43:49,090 [main] INFO  safemode.ContainerSafeModeRule (ContainerSafeModeRule.java:<init>(89)) - containers with one replica threshold count 0
2022-12-08 06:43:49,093 [main] INFO  safemode.HealthyPipelineSafeModeRule (HealthyPipelineSafeModeRule.java:initializeRule(169)) - Total pipeline count is 0, healthy pipeline threshold count is 1
2022-12-08 06:43:49,095 [main] INFO  safemode.OneReplicaPipelineSafeModeRule (OneReplicaPipelineSafeModeRule.java:initializeRule(180)) - Total pipeline count is 0, pipeline's with at least one datanode reported threshold count is 0
2022-12-08 06:43:49,381 [main] INFO  audit.AuditLogger (AuditLogger.java:refreshDebugCmdSet(126)) - Refresh DebugCmdSet for SCMAudit to [].
2022-12-08 06:43:49,409 [main] INFO  ipc.CallQueueManager (CallQueueManager.java:<init>(90)) - Using callQueue: class java.util.concurrent.LinkedBlockingQueue, queueCapacity: 2000, scheduler: class org.apache.hadoop.ipc.DefaultRpcScheduler, ipcBackoff: false.
2022-12-08 06:43:49,444 [Socket Reader #1 for port 0] INFO  ipc.Server (Server.java:run(1273)) - Starting Socket Reader #1 for port 0
2022-12-08 06:43:49,494 [Listener at 0.0.0.0/44965] INFO  audit.AuditLogger (AuditLogger.java:refreshDebugCmdSet(126)) - Refresh DebugCmdSet for SCMAudit to [].
2022-12-08 06:43:49,500 [Listener at 0.0.0.0/44965] INFO  ipc.CallQueueManager (CallQueueManager.java:<init>(90)) - Using callQueue: class java.util.concurrent.LinkedBlockingQueue, queueCapacity: 2000, scheduler: class org.apache.hadoop.ipc.DefaultRpcScheduler, ipcBackoff: false.
2022-12-08 06:43:49,501 [Socket Reader #1 for port 0] INFO  ipc.Server (Server.java:run(1273)) - Starting Socket Reader #1 for port 0
2022-12-08 06:43:49,529 [Listener at 0.0.0.0/38665] INFO  audit.AuditLogger (AuditLogger.java:refreshDebugCmdSet(126)) - Refresh DebugCmdSet for SCMAudit to [].
2022-12-08 06:43:49,540 [Listener at 0.0.0.0/38665] INFO  ipc.CallQueueManager (CallQueueManager.java:<init>(90)) - Using callQueue: class java.util.concurrent.LinkedBlockingQueue, queueCapacity: 2000, scheduler: class org.apache.hadoop.ipc.DefaultRpcScheduler, ipcBackoff: false.
2022-12-08 06:43:49,541 [Socket Reader #1 for port 0] INFO  ipc.Server (Server.java:run(1273)) - Starting Socket Reader #1 for port 0
2022-12-08 06:43:49,576 [Listener at 0.0.0.0/45747] INFO  ha.SCMServiceManager (SCMServiceManager.java:register(42)) - Registering service ContainerBalancer.
2022-12-08 06:43:49,577 [Listener at 0.0.0.0/45747] INFO  server.StorageContainerManager (StorageContainerManager.java:<init>(397)) - 
Container Balancer status:
Key                            Value
Running                        true
Container Balancer Configuration values:
Key                                                Value
Threshold                                          10
Max Datanodes to Involve per Iteration(percent)    20
Max Size to Move per Iteration                     500GB
Max Size Entering Target per Iteration             26GB
Max Size Leaving Source per Iteration              26GB

2022-12-08 06:43:49,577 [Listener at 0.0.0.0/45747] INFO  ha.SCMContext (SCMContext.java:updateSafeModeStatus(228)) - Update SafeModeStatus from SafeModeStatus{safeModeStatus=true, preCheckPassed=false} to SafeModeStatus{safeModeStatus=true, preCheckPassed=false}.
2022-12-08 06:43:49,580 [Listener at 0.0.0.0/45747] INFO  server.StorageContainerManager (StorageContainerManager.java:start(1419)) - StorageContainerLocationProtocol RPC server is listening at /0.0.0.0:45747
2022-12-08 06:43:49,653 [Listener at 0.0.0.0/45747] WARN  impl.MetricsConfig (MetricsConfig.java:loadFirst(136)) - Cannot locate configuration: tried hadoop-metrics2-storagecontainermanager.properties,hadoop-metrics2.properties
2022-12-08 06:43:49,663 [Listener at 0.0.0.0/45747] INFO  impl.MetricsSystemImpl (MetricsSystemImpl.java:startTimer(378)) - Scheduled Metric snapshot period at 10 second(s).
2022-12-08 06:43:49,664 [Listener at 0.0.0.0/45747] INFO  impl.MetricsSystemImpl (MetricsSystemImpl.java:start(191)) - StorageContainerManager metrics system started
2022-12-08 06:43:49,944 [Listener at 0.0.0.0/45747] INFO  server.SCMClientProtocolServer (SCMClientProtocolServer.java:start(170)) - RPC server for Client  is listening at /0.0.0.0:45747
2022-12-08 06:43:49,945 [IPC Server Responder] INFO  ipc.Server (Server.java:run(1512)) - IPC Server Responder: starting
2022-12-08 06:43:49,946 [IPC Server listener on 0] INFO  ipc.Server (Server.java:run(1352)) - IPC Server listener on 0: starting
2022-12-08 06:43:49,949 [Listener at 0.0.0.0/45747] INFO  server.StorageContainerManager (StorageContainerManager.java:start(1433)) - ScmBlockLocationProtocol RPC server is listening at /0.0.0.0:38665
2022-12-08 06:43:49,949 [Listener at 0.0.0.0/45747] INFO  server.SCMBlockProtocolServer (SCMBlockProtocolServer.java:start(152)) - RPC server for Block Protocol is listening at /0.0.0.0:38665
2022-12-08 06:43:49,950 [IPC Server Responder] INFO  ipc.Server (Server.java:run(1512)) - IPC Server Responder: starting
2022-12-08 06:43:49,950 [IPC Server listener on 0] INFO  ipc.Server (Server.java:run(1352)) - IPC Server listener on 0: starting
2022-12-08 06:43:49,953 [Listener at 0.0.0.0/45747] INFO  server.SCMDatanodeProtocolServer (SCMDatanodeProtocolServer.java:start(186)) - ScmDatanodeProtocol RPC server for DataNodes is listening at /0.0.0.0:44965
2022-12-08 06:43:49,954 [IPC Server Responder] INFO  ipc.Server (Server.java:run(1512)) - IPC Server Responder: starting
2022-12-08 06:43:49,954 [IPC Server listener on 0] INFO  ipc.Server (Server.java:run(1352)) - IPC Server listener on 0: starting
2022-12-08 06:43:49,968 [org.apache.hadoop.util.JvmPauseMonitor$Monitor@63e648a0] INFO  util.JvmPauseMonitor (JvmPauseMonitor.java:run(188)) - Starting JVM pause monitor
2022-12-08 06:43:49,990 [Listener at 0.0.0.0/45747] INFO  http.BaseHttpServer (BaseHttpServer.java:newHttpServer2BuilderForOzone(213)) - Starting Web-server for scm at: http://0.0.0.0:0
2022-12-08 06:43:49,990 [Listener at 0.0.0.0/45747] INFO  http.BaseHttpServer (BaseHttpServer.java:<init>(108)) - Hadoop Security Enabled: false Ozone Security Enabled: false Ozone HTTP Security Enabled: false 
2022-12-08 06:43:50,017 [Listener at 0.0.0.0/45747] INFO  util.log (Log.java:initialized(170)) - Logging initialized @3921ms to org.eclipse.jetty.util.log.Slf4jLog
2022-12-08 06:43:50,128 [Listener at 0.0.0.0/45747] WARN  server.AuthenticationFilter (AuthenticationFilter.java:constructSecretProvider(240)) - Unable to initialize FileSignerSecretProvider, falling back to use random secrets. Reason: Could not read signature secret file: /home/runner/hadoop-http-auth-signature-secret
2022-12-08 06:43:50,137 [Listener at 0.0.0.0/45747] WARN  http.HttpRequestLog (HttpRequestLog.java:getRequestLog(103)) - Jetty request log can only be enabled using Log4j
2022-12-08 06:43:50,144 [Listener at 0.0.0.0/45747] INFO  http.HttpServer2 (HttpServer2.java:addGlobalFilter(1031)) - Added global filter 'safety' (class=org.apache.hadoop.hdds.server.http.HttpServer2$QuotingInputFilter)
2022-12-08 06:43:50,148 [Listener at 0.0.0.0/45747] INFO  http.HttpServer2 (HttpServer2.java:addFilter(1007)) - Added filter static_user_filter (class=org.apache.hadoop.http.lib.StaticUserWebFilter$StaticUserFilter) to context scm
2022-12-08 06:43:50,148 [Listener at 0.0.0.0/45747] INFO  http.HttpServer2 (HttpServer2.java:addFilter(1015)) - Added filter static_user_filter (class=org.apache.hadoop.http.lib.StaticUserWebFilter$StaticUserFilter) to context static
2022-12-08 06:43:50,148 [Listener at 0.0.0.0/45747] INFO  http.HttpServer2 (HttpServer2.java:addFilter(1015)) - Added filter static_user_filter (class=org.apache.hadoop.http.lib.StaticUserWebFilter$StaticUserFilter) to context logs
2022-12-08 06:43:50,190 [Listener at 0.0.0.0/45747] INFO  http.HttpServer2 (HttpServer2.java:bindListener(1250)) - Jetty bound to port 46847
2022-12-08 06:43:50,192 [Listener at 0.0.0.0/45747] INFO  server.Server (Server.java:doStart(375)) - jetty-9.4.49.v20220914; built: 2022-09-14T01:07:36.601Z; git: 4231a3b2e4cb8548a412a789936d640a97b1aa0a; jvm 1.8.0_352-b08
2022-12-08 06:43:50,227 [Listener at 0.0.0.0/45747] INFO  server.session (DefaultSessionIdManager.java:doStart(334)) - DefaultSessionIdManager workerName=node0
2022-12-08 06:43:50,227 [Listener at 0.0.0.0/45747] INFO  server.session (DefaultSessionIdManager.java:doStart(339)) - No SessionScavenger set, using defaults
2022-12-08 06:43:50,229 [Listener at 0.0.0.0/45747] INFO  server.session (HouseKeeper.java:startScavenging(132)) - node0 Scavenging every 660000ms
2022-12-08 06:43:50,246 [Listener at 0.0.0.0/45747] INFO  handler.ContextHandler (ContextHandler.java:doStart(921)) - Started o.e.j.s.ServletContextHandler@74901d7{logs,/logs,file:///home/runner/work/ozone/ozone/hadoop-ozone/integration-test/target/log,AVAILABLE}
2022-12-08 06:43:50,247 [Listener at 0.0.0.0/45747] INFO  handler.ContextHandler (ContextHandler.java:doStart(921)) - Started o.e.j.s.ServletContextHandler@2fbd47b7{static,/static,file:///home/runner/work/ozone/ozone/hadoop-ozone/integration-test/target/test-classes/webapps/static,AVAILABLE}
2022-12-08 06:43:50,289 [Listener at 0.0.0.0/45747] INFO  handler.ContextHandler (ContextHandler.java:doStart(921)) - Started o.e.j.w.WebAppContext@5b4880b3{scm,/,file:///home/runner/work/ozone/ozone/hadoop-ozone/integration-test/target/test-classes/webapps/scm/,AVAILABLE}{file:/home/runner/work/ozone/ozone/hadoop-ozone/integration-test/target/test-classes/webapps/scm}
2022-12-08 06:43:50,298 [Listener at 0.0.0.0/45747] INFO  server.AbstractConnector (AbstractConnector.java:doStart(333)) - Started ServerConnector@1f5f4d48{HTTP/1.1, (http/1.1)}{0.0.0.0:46847}
2022-12-08 06:43:50,299 [Listener at 0.0.0.0/45747] INFO  server.Server (Server.java:doStart(415)) - Started @4202ms
2022-12-08 06:43:50,300 [Listener at 0.0.0.0/45747] INFO  impl.MetricsSinkAdapter (MetricsSinkAdapter.java:start(204)) - Sink prometheus started
2022-12-08 06:43:50,301 [Listener at 0.0.0.0/45747] INFO  impl.MetricsSystemImpl (MetricsSystemImpl.java:registerSink(305)) - Registered sink prometheus
2022-12-08 06:43:50,302 [Listener at 0.0.0.0/45747] INFO  http.BaseHttpServer (BaseHttpServer.java:updateConnectorAddress(333)) - HTTP server of scm listening at http://0.0.0.0:46847
2022-12-08 06:43:50,304 [Listener at 0.0.0.0/45747] WARN  server.ServerUtils (ServerUtils.java:getDBPath(225)) - ozone.om.db.dirs is not configured. We recommend adding this setting. Falling back to ozone.metadata.dirs instead.
2022-12-08 06:43:50,358 [Listener at 0.0.0.0/45747] INFO  audit.AuditLogger (AuditLogger.java:refreshDebugCmdSet(126)) - Refresh DebugCmdSet for OMAudit to [].
2022-12-08 06:43:50,442 [Listener at 0.0.0.0/45747] INFO  ha.OMHANodeDetails (OMHANodeDetails.java:loadOMHAConfig(115)) - ozone.om.internal.service.id is not defined, falling back to ozone.om.service.ids to find serviceID for OzoneManager if it is HA enabled cluster
2022-12-08 06:43:50,445 [Listener at 0.0.0.0/45747] INFO  ha.OMHANodeDetails (OMHANodeDetails.java:loadOMHAConfig(226)) - Configuration does not have ozone.om.address set. Falling back to the default OM address /127.0.0.1:0
2022-12-08 06:43:50,445 [Listener at 0.0.0.0/45747] INFO  ha.OMHANodeDetails (OMHANodeDetails.java:getOMNodeDetailsForNonHA(254)) - OM Service ID is not set. Setting it to the default ID: omServiceIdDefault
2022-12-08 06:43:50,445 [Listener at 0.0.0.0/45747] INFO  ha.OMHANodeDetails (OMHANodeDetails.java:getOMNodeDetailsForNonHA(261)) - OM Node ID is not set. Setting it to the default ID: om1
2022-12-08 06:43:50,449 [Listener at 0.0.0.0/45747] WARN  server.ServerUtils (ServerUtils.java:getDBPath(225)) - ozone.om.db.dirs is not configured. We recommend adding this setting. Falling back to ozone.metadata.dirs instead.
2022-12-08 06:43:50,451 [Listener at 0.0.0.0/45747] INFO  upgrade.AbstractLayoutVersionManager (AbstractLayoutVersionManager.java:init(83)) - Initializing Layout version manager with metadata layout = MULTITENANCY_SCHEMA (version = 3), software layout = MULTITENANCY_SCHEMA (version = 3)
2022-12-08 06:43:50,540 [Listener at 0.0.0.0/45747] INFO  reflections.Reflections (Reflections.java:scan(232)) - Reflections took 84 ms to scan 2 urls, producing 154 keys and 429 values [using 2 cores]
2022-12-08 06:43:50,546 [Listener at 0.0.0.0/45747] INFO  upgrade.OMLayoutVersionManager (OMLayoutVersionManager.java:lambda$0(115)) - Skipping Upgrade Action MockOmUpgradeAction since it has been finalized.
2022-12-08 06:43:50,547 [Listener at 0.0.0.0/45747] WARN  server.ServerUtils (ServerUtils.java:getDBPath(225)) - ozone.om.db.dirs is not configured. We recommend adding this setting. Falling back to ozone.metadata.dirs instead.
2022-12-08 06:43:50,719 [Listener at 0.0.0.0/45747] INFO  proxy.SCMBlockLocationFailoverProxyProvider (SCMBlockLocationFailoverProxyProvider.java:<init>(114)) - Created block location fail-over proxy with 1 nodes: [nodeId=scmNodeId,nodeAddress=/0.0.0.0:38665]
2022-12-08 06:43:50,752 [Listener at 0.0.0.0/45747] INFO  proxy.SCMBlockLocationFailoverProxyProvider (SCMBlockLocationFailoverProxyProvider.java:<init>(114)) - Created block location fail-over proxy with 1 nodes: [nodeId=scmNodeId,nodeAddress=/0.0.0.0:38665]
2022-12-08 06:43:50,955 [Listener at 0.0.0.0/45747] WARN  server.ServerUtils (ServerUtils.java:getDBPath(225)) - ozone.om.db.dirs is not configured. We recommend adding this setting. Falling back to ozone.metadata.dirs instead.
2022-12-08 06:43:50,963 [Listener at 0.0.0.0/45747] INFO  codec.OmKeyInfoCodec (OmKeyInfoCodec.java:<init>(49)) - OmKeyInfoCodec ignorePipeline = true
2022-12-08 06:43:50,964 [Listener at 0.0.0.0/45747] INFO  codec.RepeatedOmKeyInfoCodec (RepeatedOmKeyInfoCodec.java:<init>(41)) - RepeatedOmKeyInfoCodec ignorePipeline = true
2022-12-08 06:43:51,138 [Listener at 0.0.0.0/45747] INFO  om.OzoneManager (OzoneManager.java:instantiateServices(715)) - S3 Multi-Tenancy is disabled
2022-12-08 06:43:51,235 [Listener at 0.0.0.0/45747] INFO  om.OzoneManager (OzoneManager.java:addS3GVolumeToDB(4400)) - Created Volume s3v With Owner runner required for S3Gateway operations.
2022-12-08 06:43:51,297 [Listener at 0.0.0.0/45747] WARN  server.ServerUtils (ServerUtils.java:getDefaultRatisDirectory(237)) - Storage directory for Ratis is not configured. It is a good idea to map this to an SSD disk. Falling back to ozone.metadata.dirs
2022-12-08 06:43:51,299 [Listener at 0.0.0.0/45747] WARN  utils.OzoneManagerRatisUtils (OzoneManagerRatisUtils.java:getOMRatisSnapshotDirectory(434)) - ozone.om.ratis.snapshot.dir is not configured. Falling back to ozone.metadata.dirs config
2022-12-08 06:43:51,321 [Listener at 0.0.0.0/45747] WARN  server.ServerUtils (ServerUtils.java:getDefaultRatisDirectory(237)) - Storage directory for Ratis is not configured. It is a good idea to map this to an SSD disk. Falling back to ozone.metadata.dirs
2022-12-08 06:43:51,357 [Listener at 0.0.0.0/45747] INFO  ratis.OzoneManagerRatisServer (OzoneManagerRatisServer.java:<init>(160)) - Instantiating OM Ratis server with groupID: omServiceIdDefault and peers: localhost:9872
2022-12-08 06:43:51,367 [Listener at 0.0.0.0/45747] INFO  ratis.OzoneManagerStateMachine (OzoneManagerStateMachine.java:loadSnapshotInfoFromDB(636)) - LastAppliedIndex is set from TransactionInfo from OM DB as (t:0, i:~)
2022-12-08 06:43:51,419 [Listener at 0.0.0.0/45747] INFO  server.RaftServer (ConfUtils.java:logGet(46)) - raft.rpc.type = GRPC (default)
2022-12-08 06:43:51,508 [Listener at 0.0.0.0/45747] INFO  grpc.GrpcConfigKeys (ConfUtils.java:logFallback(53)) - raft.grpc.admin.host = null (fallback to raft.grpc.server.host)
2022-12-08 06:43:51,510 [Listener at 0.0.0.0/45747] INFO  grpc.GrpcConfigKeys (ConfUtils.java:logFallback(53)) - raft.grpc.admin.port = 9872 (fallback to raft.grpc.server.port)
2022-12-08 06:43:51,510 [Listener at 0.0.0.0/45747] INFO  grpc.GrpcConfigKeys (ConfUtils.java:logFallback(53)) - raft.grpc.client.host = null (fallback to raft.grpc.server.host)
2022-12-08 06:43:51,511 [Listener at 0.0.0.0/45747] INFO  grpc.GrpcConfigKeys (ConfUtils.java:logFallback(53)) - raft.grpc.client.port = 9872 (fallback to raft.grpc.server.port)
2022-12-08 06:43:51,511 [Listener at 0.0.0.0/45747] INFO  grpc.GrpcConfigKeys (ConfUtils.java:logGet(46)) - raft.grpc.server.host = null (default)
2022-12-08 06:43:51,511 [Listener at 0.0.0.0/45747] INFO  grpc.GrpcConfigKeys (ConfUtils.java:logGet(46)) - raft.grpc.server.port = 9872 (custom)
2022-12-08 06:43:51,512 [Listener at 0.0.0.0/45747] INFO  server.GrpcService (ConfUtils.java:logGet(46)) - raft.grpc.message.size.max = 33554432 (custom)
2022-12-08 06:43:51,513 [Listener at 0.0.0.0/45747] INFO  server.RaftServerConfigKeys (ConfUtils.java:logGet(46)) - raft.server.log.appender.buffer.byte-limit = 33554432 (custom)
2022-12-08 06:43:51,513 [Listener at 0.0.0.0/45747] INFO  server.GrpcService (ConfUtils.java:logGet(46)) - raft.grpc.flow.control.window = 1MB (=1048576) (default)
2022-12-08 06:43:51,514 [Listener at 0.0.0.0/45747] INFO  server.RaftServerConfigKeys (ConfUtils.java:logGet(46)) - raft.server.rpc.request.timeout = 3000ms (default)
2022-12-08 06:43:51,530 [Listener at 0.0.0.0/45747] INFO  grpc.GrpcConfigKeys (ConfUtils.java:logGet(46)) - raft.grpc.server.heartbeat.channel = true (default)
2022-12-08 06:43:51,533 [Listener at 0.0.0.0/45747] INFO  grpc.GrpcConfigKeys (ConfUtils.java:logGet(46)) - raft.grpc.server.async.request.thread.pool.cached = true (default)
2022-12-08 06:43:51,534 [Listener at 0.0.0.0/45747] INFO  grpc.GrpcConfigKeys (ConfUtils.java:logGet(46)) - raft.grpc.server.async.request.thread.pool.size = 32 (default)
2022-12-08 06:43:51,826 [Listener at 0.0.0.0/45747] INFO  impl.DataStreamServerImpl (ConfUtils.java:logGet(46)) - raft.datastream.type = DISABLED (default)
2022-12-08 06:43:51,829 [Listener at 0.0.0.0/45747] INFO  server.RaftServerConfigKeys (ConfUtils.java:logGet(46)) - raft.server.threadpool.proxy.cached = true (default)
2022-12-08 06:43:51,829 [Listener at 0.0.0.0/45747] INFO  server.RaftServerConfigKeys (ConfUtils.java:logGet(46)) - raft.server.threadpool.proxy.size = 0 (default)
2022-12-08 06:43:51,829 [Listener at 0.0.0.0/45747] INFO  server.RaftServerConfigKeys (ConfUtils.java:logGet(46)) - raft.server.rpc.slowness.timeout = 120s (custom)
2022-12-08 06:43:51,830 [Listener at 0.0.0.0/45747] INFO  server.RaftServerConfigKeys (ConfUtils.java:logGet(46)) - raft.server.leaderelection.leader.step-down.wait-time = 10s (default)
2022-12-08 06:43:51,833 [Listener at 0.0.0.0/45747] INFO  server.RaftServerConfigKeys (ConfUtils.java:logGet(46)) - raft.server.storage.dir = [/home/runner/work/ozone/ozone/hadoop-ozone/integration-test/target/test-dir/MiniOzoneClusterImpl-ddb91292-9bed-4e17-ad85-89bc7eecbd5e/ozone-meta/ratis] (custom)
2022-12-08 06:43:51,844 [Listener at 0.0.0.0/45747] INFO  server.RaftServer (RaftServerProxy.java:addNew(96)) - om1: addNew group-C5BA1605619E:[om1|rpc:localhost:9872|priority:0|startupRole:FOLLOWER] returns group-C5BA1605619E:java.util.concurrent.CompletableFuture@6cf782b6[Not completed]
2022-12-08 06:43:51,844 [Listener at 0.0.0.0/45747] INFO  om.OzoneManager (OzoneManager.java:initializeRatisServer(1977)) - OzoneManager Ratis server initialized at port 9872
2022-12-08 06:43:51,870 [Listener at 0.0.0.0/45747] INFO  om.OzoneManager (OzoneManager.java:getRpcServer(1104)) - Creating RPC Server
2022-12-08 06:43:51,881 [pool-54-thread-1] INFO  server.RaftServer$Division (RaftServerImpl.java:<init>(195)) - om1: new RaftServerImpl for group-C5BA1605619E:[om1|rpc:localhost:9872|priority:0|startupRole:FOLLOWER] with OzoneManagerStateMachine:uninitialized
2022-12-08 06:43:51,887 [pool-54-thread-1] INFO  server.RaftServerConfigKeys (ConfUtils.java:logGet(46)) - raft.server.rpc.timeout.min = 1s (custom)
2022-12-08 06:43:51,888 [pool-54-thread-1] INFO  server.RaftServerConfigKeys (ConfUtils.java:logGet(46)) - raft.server.rpc.timeout.max = 1200ms (custom)
2022-12-08 06:43:51,889 [pool-54-thread-1] INFO  server.RaftServerConfigKeys (ConfUtils.java:logGet(46)) - raft.server.rpc.sleep.time = 25ms (default)
2022-12-08 06:43:51,889 [pool-54-thread-1] INFO  server.RaftServerConfigKeys (ConfUtils.java:logGet(46)) - raft.server.rpc.slowness.timeout = 120s (custom)
2022-12-08 06:43:51,889 [pool-54-thread-1] INFO  server.RaftServerConfigKeys (ConfUtils.java:logGet(46)) - raft.server.leaderelection.leader.step-down.wait-time = 10s (default)
2022-12-08 06:43:51,889 [pool-54-thread-1] INFO  server.RaftServerConfigKeys (ConfUtils.java:logGet(46)) - raft.server.sleep.deviation.threshold = 300ms (default)
2022-12-08 06:43:51,910 [pool-54-thread-1] INFO  server.RaftServer$Division (ServerState.java:<init>(118)) - om1@group-C5BA1605619E: ConfigurationManager, init=-1: peers:[om1|rpc:localhost:9872|priority:0|startupRole:FOLLOWER]|listeners:[], old=null, confs=<EMPTY_MAP>
2022-12-08 06:43:51,910 [pool-54-thread-1] INFO  server.RaftServerConfigKeys (ConfUtils.java:logGet(46)) - raft.server.storage.dir = [/home/runner/work/ozone/ozone/hadoop-ozone/integration-test/target/test-dir/MiniOzoneClusterImpl-ddb91292-9bed-4e17-ad85-89bc7eecbd5e/ozone-meta/ratis] (custom)
2022-12-08 06:43:51,936 [pool-54-thread-1] INFO  server.RaftServerConfigKeys (ConfUtils.java:logGet(46)) - raft.server.log.corruption.policy = EXCEPTION (default)
2022-12-08 06:43:51,936 [pool-54-thread-1] INFO  server.RaftServerConfigKeys (ConfUtils.java:logGet(46)) - raft.server.storage.free-space.min = 0MB (=0) (default)
2022-12-08 06:43:51,967 [pool-54-thread-1] INFO  server.RaftServerConfigKeys (ConfUtils.java:logGet(46)) - raft.server.notification.no-leader.timeout = 120s (custom)
2022-12-08 06:43:51,973 [pool-54-thread-1] INFO  server.RaftServerConfigKeys (ConfUtils.java:logGet(46)) - raft.server.retrycache.expirytime = 300s (custom)
2022-12-08 06:43:51,973 [pool-54-thread-1] INFO  server.RaftServerConfigKeys (ConfUtils.java:logGet(46)) - raft.server.retrycache.statistics.expirytime = 100μs (default)
2022-12-08 06:43:52,155 [pool-54-thread-1] INFO  server.RaftServerConfigKeys (ConfUtils.java:logGet(46)) - raft.server.log.appender.install.snapshot.enabled = false (custom)
2022-12-08 06:43:52,156 [pool-54-thread-1] INFO  server.RaftServerConfigKeys (ConfUtils.java:logGet(46)) - raft.server.threadpool.server.cached = true (default)
2022-12-08 06:43:52,157 [pool-54-thread-1] INFO  server.RaftServerConfigKeys (ConfUtils.java:logGet(46)) - raft.server.threadpool.server.size = 0 (default)
2022-12-08 06:43:52,157 [pool-54-thread-1] INFO  server.RaftServerConfigKeys (ConfUtils.java:logGet(46)) - raft.server.threadpool.client.cached = true (default)
2022-12-08 06:43:52,159 [pool-54-thread-1] INFO  server.RaftServerConfigKeys (ConfUtils.java:logGet(46)) - raft.server.threadpool.client.size = 0 (default)
2022-12-08 06:43:52,800 [Listener at 0.0.0.0/45747] INFO  reflections.Reflections (Reflections.java:scan(232)) - Reflections took 822 ms to scan 19 urls, producing 67 keys and 4402 values [using 2 cores]
2022-12-08 06:43:52,974 [Listener at 0.0.0.0/45747] INFO  ipc.CallQueueManager (CallQueueManager.java:<init>(90)) - Using callQueue: class java.util.concurrent.LinkedBlockingQueue, queueCapacity: 2000, scheduler: class org.apache.hadoop.ipc.DefaultRpcScheduler, ipcBackoff: false.
2022-12-08 06:43:52,975 [Socket Reader #1 for port 0] INFO  ipc.Server (Server.java:run(1273)) - Starting Socket Reader #1 for port 0
2022-12-08 06:43:53,013 [Listener at 127.0.0.1/38363] INFO  impl.MetricsSystemImpl (MetricsSystemImpl.java:init(158)) - OzoneManager metrics system started (again)
2022-12-08 06:43:53,026 [Listener at 127.0.0.1/38363] INFO  om.OzoneManager (OzoneManager.java:start(1484)) - OzoneManager RPC server is listening at localhost/127.0.0.1:38363
2022-12-08 06:43:53,028 [Listener at 127.0.0.1/38363] INFO  ratis.OzoneManagerRatisServer (OzoneManagerRatisServer.java:start(555)) - Starting OzoneManagerRatisServer om1 at port 9872
2022-12-08 06:43:53,031 [om1-impl-thread1] INFO  storage.RaftStorageDirectory (RaftStorageDirectoryImpl.java:analyzeStorage(137)) - The storage directory /home/runner/work/ozone/ozone/hadoop-ozone/integration-test/target/test-dir/MiniOzoneClusterImpl-ddb91292-9bed-4e17-ad85-89bc7eecbd5e/ozone-meta/ratis/bf265839-605b-3f16-9796-c5ba1605619e does not exist. Creating ...
2022-12-08 06:43:53,035 [om1-impl-thread1] INFO  storage.RaftStorageDirectory (RaftStorageDirectoryImpl.java:tryLock(231)) - Lock on /home/runner/work/ozone/ozone/hadoop-ozone/integration-test/target/test-dir/MiniOzoneClusterImpl-ddb91292-9bed-4e17-ad85-89bc7eecbd5e/ozone-meta/ratis/bf265839-605b-3f16-9796-c5ba1605619e/in_use.lock acquired by nodename 13321@fv-az205-634
2022-12-08 06:43:53,041 [om1-impl-thread1] INFO  storage.RaftStorage (RaftStorageImpl.java:format(96)) - Storage directory /home/runner/work/ozone/ozone/hadoop-ozone/integration-test/target/test-dir/MiniOzoneClusterImpl-ddb91292-9bed-4e17-ad85-89bc7eecbd5e/ozone-meta/ratis/bf265839-605b-3f16-9796-c5ba1605619e has been successfully formatted.
2022-12-08 06:43:53,043 [om1-impl-thread1] INFO  server.RaftServerConfigKeys (ConfUtils.java:logGet(46)) - raft.server.log.use.memory = false (default)
2022-12-08 06:43:53,053 [om1-impl-thread1] INFO  server.RaftServerConfigKeys (ConfUtils.java:logGet(46)) - raft.server.log.purge.gap = 1000000 (custom)
2022-12-08 06:43:53,053 [om1-impl-thread1] INFO  server.RaftServerConfigKeys (ConfUtils.java:logGet(46)) - raft.server.log.appender.buffer.byte-limit = 33554432 (custom)
2022-12-08 06:43:53,056 [om1-impl-thread1] INFO  server.RaftServerConfigKeys (ConfUtils.java:logGet(46)) - raft.server.log.statemachine.data.read.timeout = 1000ms (default)
2022-12-08 06:43:53,058 [om1-impl-thread1] INFO  server.RaftServerConfigKeys (ConfUtils.java:logGet(46)) - raft.server.log.purge.preservation.log.num = 0 (default)
2022-12-08 06:43:53,061 [om1-impl-thread1] INFO  server.RaftServerConfigKeys (ConfUtils.java:logGet(46)) - raft.server.log.segment.size.max = 4194304 (custom)
2022-12-08 06:43:53,067 [om1-impl-thread1] INFO  server.RaftServerConfigKeys (ConfUtils.java:logGet(46)) - raft.server.log.segment.cache.num.max = 2 (custom)
2022-12-08 06:43:53,067 [om1-impl-thread1] INFO  server.RaftServerConfigKeys (ConfUtils.java:logGet(46)) - raft.server.log.segment.cache.size.max = 200MB (=209715200) (default)
2022-12-08 06:43:53,075 [om1-impl-thread1] INFO  segmented.SegmentedRaftLogWorker (SegmentedRaftLogWorker.java:<init>(189)) - new om1@group-C5BA1605619E-SegmentedRaftLogWorker for RaftStorageImpl:Storage Directory /home/runner/work/ozone/ozone/hadoop-ozone/integration-test/target/test-dir/MiniOzoneClusterImpl-ddb91292-9bed-4e17-ad85-89bc7eecbd5e/ozone-meta/ratis/bf265839-605b-3f16-9796-c5ba1605619e
2022-12-08 06:43:53,075 [om1-impl-thread1] INFO  server.RaftServerConfigKeys (ConfUtils.java:logGet(46)) - raft.server.log.queue.byte-limit = 64MB (=67108864) (default)
2022-12-08 06:43:53,076 [om1-impl-thread1] INFO  server.RaftServerConfigKeys (ConfUtils.java:logGet(46)) - raft.server.log.queue.element-limit = 4096 (default)
2022-12-08 06:43:53,077 [om1-impl-thread1] INFO  server.RaftServerConfigKeys (ConfUtils.java:logGet(46)) - raft.server.log.segment.size.max = 4194304 (custom)
2022-12-08 06:43:53,077 [om1-impl-thread1] INFO  server.RaftServerConfigKeys (ConfUtils.java:logGet(46)) - raft.server.log.preallocated.size = 4194304 (custom)
2022-12-08 06:43:53,078 [om1-impl-thread1] INFO  server.RaftServerConfigKeys (ConfUtils.java:logGet(46)) - raft.server.log.force.sync.num = 128 (default)
2022-12-08 06:43:53,078 [om1-impl-thread1] INFO  server.RaftServerConfigKeys (ConfUtils.java:logGet(46)) - raft.server.log.statemachine.data.sync = true (default)
2022-12-08 06:43:53,079 [om1-impl-thread1] INFO  server.RaftServerConfigKeys (ConfUtils.java:logGet(46)) - raft.server.log.statemachine.data.sync.timeout = 10s (default)
2022-12-08 06:43:53,080 [om1-impl-thread1] INFO  server.RaftServerConfigKeys (ConfUtils.java:logGet(46)) - raft.server.log.statemachine.data.sync.timeout.retry = -1 (default)
2022-12-08 06:43:53,088 [om1-impl-thread1] INFO  server.RaftServerConfigKeys (ConfUtils.java:logGet(46)) - raft.server.log.write.buffer.size = 64KB (=65536) (default)
2022-12-08 06:43:53,088 [om1-impl-thread1] INFO  server.RaftServerConfigKeys (ConfUtils.java:logGet(46)) - raft.server.log.appender.buffer.byte-limit = 33554432 (custom)
2022-12-08 06:43:53,092 [om1-impl-thread1] INFO  server.RaftServerConfigKeys (ConfUtils.java:logGet(46)) - raft.server.log.unsafe-flush.enabled = false (default)
2022-12-08 06:43:53,092 [om1-impl-thread1] INFO  server.RaftServerConfigKeys (ConfUtils.java:logGet(46)) - raft.server.log.async-flush.enabled = false (default)
2022-12-08 06:43:53,092 [om1-impl-thread1] INFO  server.RaftServerConfigKeys (ConfUtils.java:logGet(46)) - raft.server.log.statemachine.data.caching.enabled = false (default)
2022-12-08 06:43:53,099 [om1-impl-thread1] INFO  segmented.SegmentedRaftLogWorker (SegmentedRaftLogWorker.java:lambda$new$0(135)) - om1@group-C5BA1605619E-SegmentedRaftLogWorker: flushIndex: setUnconditionally 0 -> -1
2022-12-08 06:43:53,099 [om1-impl-thread1] INFO  segmented.SegmentedRaftLogWorker (SegmentedRaftLogWorker.java:lambda$new$0(135)) - om1@group-C5BA1605619E-SegmentedRaftLogWorker: safeCacheEvictIndex: setUnconditionally 0 -> -1
2022-12-08 06:43:53,104 [om1-impl-thread1] INFO  server.RaftServer$Division (RaftServerImpl.java:start(334)) - om1@group-C5BA1605619E: start as a follower, conf=-1: peers:[om1|rpc:localhost:9872|priority:0|startupRole:FOLLOWER]|listeners:[], old=null
2022-12-08 06:43:53,105 [om1-impl-thread1] INFO  server.RaftServer$Division (RaftServerImpl.java:setRole(321)) - om1@group-C5BA1605619E: changes role from      null to FOLLOWER at term 0 for startAsFollower
2022-12-08 06:43:53,108 [om1-impl-thread1] INFO  impl.RoleInfo (RoleInfo.java:updateAndGet(139)) - om1: start om1@group-C5BA1605619E-FollowerState
2022-12-08 06:43:53,112 [om1-impl-thread1] INFO  util.JmxRegister (JmxRegister.java:tryRegister(44)) - Successfully registered JMX Bean with object name Ratis:service=RaftServer,group=group-C5BA1605619E,id=om1
2022-12-08 06:43:53,114 [om1-impl-thread1] INFO  server.RaftServerConfigKeys (ConfUtils.java:logGet(46)) - raft.server.snapshot.auto.trigger.enabled = true (custom)
2022-12-08 06:43:53,115 [om1-impl-thread1] INFO  server.RaftServerConfigKeys (ConfUtils.java:logGet(46)) - raft.server.snapshot.auto.trigger.threshold = 400000 (default)
2022-12-08 06:43:53,115 [om1-impl-thread1] INFO  server.RaftServerConfigKeys (ConfUtils.java:logGet(46)) - raft.server.snapshot.retention.file.num = -1 (default)
2022-12-08 06:43:53,116 [om1-impl-thread1] INFO  server.RaftServerConfigKeys (ConfUtils.java:logGet(46)) - raft.server.log.purge.upto.snapshot.index = true (custom)
2022-12-08 06:43:53,116 [om1@group-C5BA1605619E-FollowerState] INFO  server.RaftServerConfigKeys (ConfUtils.java:logFallback(53)) - raft.server.rpc.first-election.timeout.min = 1s (fallback to raft.server.rpc.timeout.min)
2022-12-08 06:43:53,117 [om1@group-C5BA1605619E-FollowerState] INFO  server.RaftServerConfigKeys (ConfUtils.java:logFallback(53)) - raft.server.rpc.first-election.timeout.max = 1200ms (fallback to raft.server.rpc.timeout.max)
2022-12-08 06:43:53,121 [Listener at 127.0.0.1/38363] INFO  server.RaftServer (RaftServerProxy.java:startImpl(393)) - om1: start RPC server
2022-12-08 06:43:53,184 [Listener at 127.0.0.1/38363] INFO  server.GrpcService (GrpcService.java:startImpl(262)) - om1: GrpcService started, listening on 9872
2022-12-08 06:43:53,188 [Listener at 127.0.0.1/38363] INFO  om.OzoneManager (OzoneManager.java:start(1500)) - Version File has different layout version (3) than OM DB (null). That is expected if this OM has never been finalized to a newer layout version.
2022-12-08 06:43:53,190 [JvmPauseMonitor0] INFO  util.JvmPauseMonitor (JvmPauseMonitor.java:run(105)) - JvmPauseMonitor-om1: Started
2022-12-08 06:43:53,213 [Listener at 127.0.0.1/38363] INFO  http.BaseHttpServer (BaseHttpServer.java:newHttpServer2BuilderForOzone(213)) - Starting Web-server for ozoneManager at: http://0.0.0.0:0
2022-12-08 06:43:53,213 [Listener at 127.0.0.1/38363] INFO  http.BaseHttpServer (BaseHttpServer.java:<init>(108)) - Hadoop Security Enabled: false Ozone Security Enabled: false Ozone HTTP Security Enabled: false 
2022-12-08 06:43:53,215 [Listener at 127.0.0.1/38363] WARN  server.AuthenticationFilter (AuthenticationFilter.java:constructSecretProvider(240)) - Unable to initialize FileSignerSecretProvider, falling back to use random secrets. Reason: Could not read signature secret file: /home/runner/hadoop-http-auth-signature-secret
2022-12-08 06:43:53,217 [Listener at 127.0.0.1/38363] WARN  http.HttpRequestLog (HttpRequestLog.java:getRequestLog(103)) - Jetty request log can only be enabled using Log4j
2022-12-08 06:43:53,219 [Listener at 127.0.0.1/38363] INFO  http.HttpServer2 (HttpServer2.java:addGlobalFilter(1031)) - Added global filter 'safety' (class=org.apache.hadoop.hdds.server.http.HttpServer2$QuotingInputFilter)
2022-12-08 06:43:53,220 [Listener at 127.0.0.1/38363] INFO  http.HttpServer2 (HttpServer2.java:addFilter(1007)) - Added filter static_user_filter (class=org.apache.hadoop.http.lib.StaticUserWebFilter$StaticUserFilter) to context ozoneManager
2022-12-08 06:43:53,221 [Listener at 127.0.0.1/38363] INFO  http.HttpServer2 (HttpServer2.java:addFilter(1015)) - Added filter static_user_filter (class=org.apache.hadoop.http.lib.StaticUserWebFilter$StaticUserFilter) to context static
2022-12-08 06:43:53,221 [Listener at 127.0.0.1/38363] INFO  http.HttpServer2 (HttpServer2.java:addFilter(1015)) - Added filter static_user_filter (class=org.apache.hadoop.http.lib.StaticUserWebFilter$StaticUserFilter) to context logs
2022-12-08 06:43:53,223 [Listener at 127.0.0.1/38363] INFO  http.HttpServer2 (HttpServer2.java:bindListener(1250)) - Jetty bound to port 44299
2022-12-08 06:43:53,223 [Listener at 127.0.0.1/38363] INFO  server.Server (Server.java:doStart(375)) - jetty-9.4.49.v20220914; built: 2022-09-14T01:07:36.601Z; git: 4231a3b2e4cb8548a412a789936d640a97b1aa0a; jvm 1.8.0_352-b08
2022-12-08 06:43:53,226 [Listener at 127.0.0.1/38363] INFO  server.session (DefaultSessionIdManager.java:doStart(334)) - DefaultSessionIdManager workerName=node0
2022-12-08 06:43:53,226 [Listener at 127.0.0.1/38363] INFO  server.session (DefaultSessionIdManager.java:doStart(339)) - No SessionScavenger set, using defaults
2022-12-08 06:43:53,226 [Listener at 127.0.0.1/38363] INFO  server.session (HouseKeeper.java:startScavenging(132)) - node0 Scavenging every 660000ms
2022-12-08 06:43:53,227 [Listener at 127.0.0.1/38363] INFO  handler.ContextHandler (ContextHandler.java:doStart(921)) - Started o.e.j.s.ServletContextHandler@1ec30f25{logs,/logs,file:///home/runner/work/ozone/ozone/hadoop-ozone/integration-test/target/log,AVAILABLE}
2022-12-08 06:43:53,228 [Listener at 127.0.0.1/38363] INFO  handler.ContextHandler (ContextHandler.java:doStart(921)) - Started o.e.j.s.ServletContextHandler@6ed256b2{static,/static,file:///home/runner/work/ozone/ozone/hadoop-ozone/integration-test/target/test-classes/webapps/static,AVAILABLE}
2022-12-08 06:43:53,231 [Listener at 127.0.0.1/38363] INFO  handler.ContextHandler (ContextHandler.java:doStart(921)) - Started o.e.j.w.WebAppContext@4b1f7fa4{ozoneManager,/,file:///home/runner/work/ozone/ozone/hadoop-ozone/integration-test/target/test-classes/webapps/ozoneManager/,AVAILABLE}{file:/home/runner/work/ozone/ozone/hadoop-ozone/integration-test/target/test-classes/webapps/ozoneManager}
2022-12-08 06:43:53,234 [Listener at 127.0.0.1/38363] INFO  server.AbstractConnector (AbstractConnector.java:doStart(333)) - Started ServerConnector@2af4717c{HTTP/1.1, (http/1.1)}{0.0.0.0:44299}
2022-12-08 06:43:53,234 [Listener at 127.0.0.1/38363] INFO  server.Server (Server.java:doStart(415)) - Started @7137ms
2022-12-08 06:43:53,234 [Listener at 127.0.0.1/38363] WARN  impl.MetricsSystemImpl (MetricsSystemImpl.java:register(279)) - Sink prometheus already exists!
2022-12-08 06:43:53,234 [Listener at 127.0.0.1/38363] INFO  http.BaseHttpServer (BaseHttpServer.java:updateConnectorAddress(333)) - HTTP server of ozoneManager listening at http://0.0.0.0:44299
2022-12-08 06:43:53,235 [IPC Server Responder] INFO  ipc.Server (Server.java:run(1512)) - IPC Server Responder: starting
2022-12-08 06:43:53,236 [IPC Server listener on 0] INFO  ipc.Server (Server.java:run(1352)) - IPC Server listener on 0: starting
2022-12-08 06:43:53,240 [Listener at 127.0.0.1/38363] INFO  om.OzoneManager (OzoneManager.java:startTrashEmptier(1921)) - Trash Interval set to 0. Files deleted won't move to trash
2022-12-08 06:43:53,248 [org.apache.hadoop.util.JvmPauseMonitor$Monitor@5a64f52b] INFO  util.JvmPauseMonitor (JvmPauseMonitor.java:run(188)) - Starting JVM pause monitor
2022-12-08 06:43:53,438 [Listener at 127.0.0.1/38363] WARN  impl.MetricRegistriesImpl (MetricRegistriesImpl.java:addReporterRegistration(111)) - New reporters are added after registries were created. Some metrics will be missing from the reporter. Please add reporter before adding any new registry.
2022-12-08 06:43:53,439 [Listener at 127.0.0.1/38363] WARN  impl.MetricRegistriesImpl (MetricRegistriesImpl.java:addReporterRegistration(111)) - New reporters are added after registries were created. Some metrics will be missing from the reporter. Please add reporter before adding any new registry.
2022-12-08 06:43:53,439 [Listener at 127.0.0.1/38363] INFO  impl.MetricsSystemImpl (MetricsSystemImpl.java:init(158)) - HddsDatanode metrics system started (again)
2022-12-08 06:43:53,458 [Listener at 127.0.0.1/38363] INFO  ozone.HddsDatanodeService (HddsDatanodeService.java:start(236)) - HddsDatanodeService host:fv-az205-634.k2gd1z4tyxsu3cbgyjsjq30zwf.jx.internal.cloudapp.net ip:10.1.0.31
2022-12-08 06:43:53,489 [Listener at 127.0.0.1/38363] INFO  upgrade.AbstractLayoutVersionManager (AbstractLayoutVersionManager.java:init(83)) - Initializing Layout version manager with metadata layout = DATANODE_SCHEMA_V3 (version = 4), software layout = DATANODE_SCHEMA_V3 (version = 4)
2022-12-08 06:43:53,543 [Listener at 127.0.0.1/38363] INFO  reflections.Reflections (Reflections.java:scan(232)) - Reflections took 50 ms to scan 7 urls, producing 140 keys and 342 values 
2022-12-08 06:43:53,550 [Listener at 127.0.0.1/38363] INFO  statemachine.DatanodeStateMachine (DatanodeStateMachine.java:getEndPointTaskThreadPoolSize(245)) - Datanode State Machine Task Thread Pool size 2
2022-12-08 06:43:53,617 [Listener at 127.0.0.1/38363] INFO  volume.HddsVolume (HddsVolume.java:<init>(117)) - Creating HddsVolume: /home/runner/work/ozone/ozone/hadoop-ozone/integration-test/target/test-dir/MiniOzoneClusterImpl-ddb91292-9bed-4e17-ad85-89bc7eecbd5e/datanode-0/data-0/containers/hdds of storage type : DISK capacity : 9223372036854775807
2022-12-08 06:43:53,620 [Listener at 127.0.0.1/38363] INFO  volume.MutableVolumeSet (MutableVolumeSet.java:initializeVolumeSet(174)) - Added Volume : /home/runner/work/ozone/ozone/hadoop-ozone/integration-test/target/test-dir/MiniOzoneClusterImpl-ddb91292-9bed-4e17-ad85-89bc7eecbd5e/datanode-0/data-0/containers/hdds to VolumeSet
2022-12-08 06:43:53,621 [Listener at 127.0.0.1/38363] INFO  volume.ThrottledAsyncChecker (ThrottledAsyncChecker.java:schedule(141)) - Scheduling a check for /home/runner/work/ozone/ozone/hadoop-ozone/integration-test/target/test-dir/MiniOzoneClusterImpl-ddb91292-9bed-4e17-ad85-89bc7eecbd5e/datanode-0/data-0/containers/hdds
2022-12-08 06:43:53,652 [Listener at 127.0.0.1/38363] INFO  volume.StorageVolumeChecker (StorageVolumeChecker.java:checkAllVolumes(202)) - Scheduled health check for volume /home/runner/work/ozone/ozone/hadoop-ozone/integration-test/target/test-dir/MiniOzoneClusterImpl-ddb91292-9bed-4e17-ad85-89bc7eecbd5e/datanode-0/data-0/containers/hdds
2022-12-08 06:43:53,674 [Listener at 127.0.0.1/38363] INFO  volume.MutableVolumeSet (MutableVolumeSet.java:initializeVolumeSet(174)) - Added Volume : /home/runner/work/ozone/ozone/hadoop-ozone/integration-test/target/test-dir/MiniOzoneClusterImpl-ddb91292-9bed-4e17-ad85-89bc7eecbd5e/datanode-0/data/ratis to VolumeSet
2022-12-08 06:43:53,674 [Listener at 127.0.0.1/38363] INFO  volume.ThrottledAsyncChecker (ThrottledAsyncChecker.java:schedule(141)) - Scheduling a check for /home/runner/work/ozone/ozone/hadoop-ozone/integration-test/target/test-dir/MiniOzoneClusterImpl-ddb91292-9bed-4e17-ad85-89bc7eecbd5e/datanode-0/data/ratis
2022-12-08 06:43:53,675 [Listener at 127.0.0.1/38363] INFO  volume.StorageVolumeChecker (StorageVolumeChecker.java:checkAllVolumes(202)) - Scheduled health check for volume /home/runner/work/ozone/ozone/hadoop-ozone/integration-test/target/test-dir/MiniOzoneClusterImpl-ddb91292-9bed-4e17-ad85-89bc7eecbd5e/datanode-0/data/ratis
2022-12-08 06:43:53,703 [Thread-135] INFO  ozoneimpl.ContainerReader (ContainerReader.java:readVolume(175)) - Finish verifying containers on volume /home/runner/work/ozone/ozone/hadoop-ozone/integration-test/target/test-dir/MiniOzoneClusterImpl-ddb91292-9bed-4e17-ad85-89bc7eecbd5e/datanode-0/data-0/containers/hdds
2022-12-08 06:43:53,703 [Listener at 127.0.0.1/38363] INFO  ozoneimpl.OzoneContainer (OzoneContainer.java:buildContainerSet(301)) - Build ContainerSet costs 0s
2022-12-08 06:43:53,784 [Listener at 127.0.0.1/38363] INFO  audit.AuditLogger (AuditLogger.java:refreshDebugCmdSet(126)) - Refresh DebugCmdSet for DNAudit to [].
2022-12-08 06:43:53,816 [Listener at 127.0.0.1/38363] INFO  server.RaftServer (ConfUtils.java:logGet(46)) - raft.rpc.type = GRPC (default)
2022-12-08 06:43:53,817 [Listener at 127.0.0.1/38363] INFO  grpc.GrpcConfigKeys (ConfUtils.java:logFallback(53)) - raft.grpc.admin.host = null (fallback to raft.grpc.server.host)
2022-12-08 06:43:53,817 [Listener at 127.0.0.1/38363] INFO  grpc.GrpcConfigKeys (ConfUtils.java:logGet(46)) - raft.grpc.admin.port = 0 (custom)
2022-12-08 06:43:53,817 [Listener at 127.0.0.1/38363] INFO  grpc.GrpcConfigKeys (ConfUtils.java:logFallback(53)) - raft.grpc.client.host = null (fallback to raft.grpc.server.host)
2022-12-08 06:43:53,818 [Listener at 127.0.0.1/38363] INFO  grpc.GrpcConfigKeys (ConfUtils.java:logGet(46)) - raft.grpc.client.port = 0 (custom)
2022-12-08 06:43:53,819 [Listener at 127.0.0.1/38363] INFO  grpc.GrpcConfigKeys (ConfUtils.java:logGet(46)) - raft.grpc.server.host = null (default)
2022-12-08 06:43:53,819 [Listener at 127.0.0.1/38363] INFO  grpc.GrpcConfigKeys (ConfUtils.java:logGet(46)) - raft.grpc.server.port = 0 (default)
2022-12-08 06:43:53,819 [Listener at 127.0.0.1/38363] INFO  server.GrpcService (ConfUtils.java:logGet(46)) - raft.grpc.message.size.max = 32MB (=33554432) (custom)
2022-12-08 06:43:53,820 [Listener at 127.0.0.1/38363] INFO  server.RaftServerConfigKeys (ConfUtils.java:logGet(46)) - raft.server.log.appender.buffer.byte-limit = 33554432 (custom)
2022-12-08 06:43:53,820 [Listener at 127.0.0.1/38363] INFO  server.GrpcService (ConfUtils.java:logGet(46)) - raft.grpc.flow.control.window = 5MB (=5242880) (custom)
2022-12-08 06:43:53,820 [Listener at 127.0.0.1/38363] INFO  server.RaftServerConfigKeys (ConfUtils.java:logGet(46)) - raft.server.rpc.request.timeout = 60s (custom)
2022-12-08 06:43:53,821 [Listener at 127.0.0.1/38363] INFO  grpc.GrpcConfigKeys (ConfUtils.java:logGet(46)) - raft.grpc.server.heartbeat.channel = true (default)
2022-12-08 06:43:53,821 [Listener at 127.0.0.1/38363] INFO  grpc.GrpcConfigKeys (ConfUtils.java:logGet(46)) - raft.grpc.server.async.request.thread.pool.cached = true (default)
2022-12-08 06:43:53,822 [Listener at 127.0.0.1/38363] INFO  grpc.GrpcConfigKeys (ConfUtils.java:logGet(46)) - raft.grpc.server.async.request.thread.pool.size = 32 (default)
2022-12-08 06:43:53,824 [Listener at 127.0.0.1/38363] INFO  impl.DataStreamServerImpl (ConfUtils.java:logGet(46)) - raft.datastream.type = DISABLED (default)
2022-12-08 06:43:53,825 [Listener at 127.0.0.1/38363] INFO  server.RaftServerConfigKeys (ConfUtils.java:logGet(46)) - raft.server.threadpool.proxy.cached = true (default)
2022-12-08 06:43:53,825 [Listener at 127.0.0.1/38363] INFO  server.RaftServerConfigKeys (ConfUtils.java:logGet(46)) - raft.server.threadpool.proxy.size = 0 (default)
2022-12-08 06:43:53,828 [Listener at 127.0.0.1/38363] INFO  server.RaftServerConfigKeys (ConfUtils.java:logGet(46)) - raft.server.rpc.slowness.timeout = 300s (custom)
2022-12-08 06:43:53,832 [Listener at 127.0.0.1/38363] INFO  server.RaftServerConfigKeys (ConfUtils.java:logGet(46)) - raft.server.leaderelection.leader.step-down.wait-time = 10s (default)
2022-12-08 06:43:53,832 [Listener at 127.0.0.1/38363] INFO  server.RaftServerConfigKeys (ConfUtils.java:logGet(46)) - raft.server.storage.dir = [/home/runner/work/ozone/ozone/hadoop-ozone/integration-test/target/test-dir/MiniOzoneClusterImpl-ddb91292-9bed-4e17-ad85-89bc7eecbd5e/datanode-0/data/ratis] (custom)
2022-12-08 06:43:53,853 [Listener at 127.0.0.1/38363] INFO  server.XceiverServerGrpc (XceiverServerGrpc.java:<init>(132)) - GrpcServer channel type EpollServerSocketChannel
2022-12-08 06:43:53,920 [Listener at 127.0.0.1/38363] INFO  http.BaseHttpServer (BaseHttpServer.java:newHttpServer2BuilderForOzone(213)) - Starting Web-server for hddsDatanode at: http://0.0.0.0:0
2022-12-08 06:43:53,920 [Listener at 127.0.0.1/38363] INFO  http.BaseHttpServer (BaseHttpServer.java:<init>(108)) - Hadoop Security Enabled: false Ozone Security Enabled: false Ozone HTTP Security Enabled: false 
2022-12-08 06:43:53,923 [Listener at 127.0.0.1/38363] WARN  server.AuthenticationFilter (AuthenticationFilter.java:constructSecretProvider(240)) - Unable to initialize FileSignerSecretProvider, falling back to use random secrets. Reason: Could not read signature secret file: /home/runner/hadoop-http-auth-signature-secret
2022-12-08 06:43:53,923 [Listener at 127.0.0.1/38363] WARN  http.HttpRequestLog (HttpRequestLog.java:getRequestLog(103)) - Jetty request log can only be enabled using Log4j
2022-12-08 06:43:53,925 [Listener at 127.0.0.1/38363] INFO  http.HttpServer2 (HttpServer2.java:addGlobalFilter(1031)) - Added global filter 'safety' (class=org.apache.hadoop.hdds.server.http.HttpServer2$QuotingInputFilter)
2022-12-08 06:43:53,926 [Listener at 127.0.0.1/38363] INFO  http.HttpServer2 (HttpServer2.java:addFilter(1007)) - Added filter static_user_filter (class=org.apache.hadoop.http.lib.StaticUserWebFilter$StaticUserFilter) to context hddsDatanode
2022-12-08 06:43:53,926 [Listener at 127.0.0.1/38363] INFO  http.HttpServer2 (HttpServer2.java:addFilter(1015)) - Added filter static_user_filter (class=org.apache.hadoop.http.lib.StaticUserWebFilter$StaticUserFilter) to context static
2022-12-08 06:43:53,926 [Listener at 127.0.0.1/38363] INFO  http.HttpServer2 (HttpServer2.java:addFilter(1015)) - Added filter static_user_filter (class=org.apache.hadoop.http.lib.StaticUserWebFilter$StaticUserFilter) to context logs
2022-12-08 06:43:53,928 [Listener at 127.0.0.1/38363] INFO  http.HttpServer2 (HttpServer2.java:bindListener(1250)) - Jetty bound to port 40743
2022-12-08 06:43:53,928 [Listener at 127.0.0.1/38363] INFO  server.Server (Server.java:doStart(375)) - jetty-9.4.49.v20220914; built: 2022-09-14T01:07:36.601Z; git: 4231a3b2e4cb8548a412a789936d640a97b1aa0a; jvm 1.8.0_352-b08
2022-12-08 06:43:53,935 [Listener at 127.0.0.1/38363] INFO  server.session (DefaultSessionIdManager.java:doStart(334)) - DefaultSessionIdManager workerName=node0
2022-12-08 06:43:53,935 [Listener at 127.0.0.1/38363] INFO  server.session (DefaultSessionIdManager.java:doStart(339)) - No SessionScavenger set, using defaults
2022-12-08 06:43:53,935 [Listener at 127.0.0.1/38363] INFO  server.session (HouseKeeper.java:startScavenging(132)) - node0 Scavenging every 600000ms
2022-12-08 06:43:53,936 [Listener at 127.0.0.1/38363] INFO  handler.ContextHandler (ContextHandler.java:doStart(921)) - Started o.e.j.s.ServletContextHandler@5517e36b{logs,/logs,file:///home/runner/work/ozone/ozone/hadoop-ozone/integration-test/target/log,AVAILABLE}
2022-12-08 06:43:53,937 [Listener at 127.0.0.1/38363] INFO  handler.ContextHandler (ContextHandler.java:doStart(921)) - Started o.e.j.s.ServletContextHandler@1c0db15{static,/static,jar:file:/home/runner/.m2/repository/org/apache/ozone/hdds-container-service/1.3.0-SNAPSHOT/hdds-container-service-1.3.0-SNAPSHOT.jar!/webapps/static,AVAILABLE}
2022-12-08 06:43:54,159 [Listener at 127.0.0.1/38363] INFO  handler.ContextHandler (ContextHandler.java:doStart(921)) - Started o.e.j.w.WebAppContext@1cba61da{hddsDatanode,/,file:///tmp/jetty-0_0_0_0-40743-hdds-container-service-1_3_0-SNAPSHOT_jar-_-any-1786460710555463381/webapp/,AVAILABLE}{jar:file:/home/runner/.m2/repository/org/apache/ozone/hdds-container-service/1.3.0-SNAPSHOT/hdds-container-service-1.3.0-SNAPSHOT.jar!/webapps/hddsDatanode}
2022-12-08 06:43:54,161 [Listener at 127.0.0.1/38363] INFO  server.AbstractConnector (AbstractConnector.java:doStart(333)) - Started ServerConnector@16d229bf{HTTP/1.1, (http/1.1)}{0.0.0.0:40743}
2022-12-08 06:43:54,161 [Listener at 127.0.0.1/38363] INFO  server.Server (Server.java:doStart(415)) - Started @8064ms
2022-12-08 06:43:54,161 [Listener at 127.0.0.1/38363] WARN  impl.MetricsSystemImpl (MetricsSystemImpl.java:register(279)) - Sink prometheus already exists!
2022-12-08 06:43:54,161 [Listener at 127.0.0.1/38363] INFO  http.BaseHttpServer (BaseHttpServer.java:updateConnectorAddress(333)) - HTTP server of hddsDatanode listening at http://0.0.0.0:40743
2022-12-08 06:43:54,163 [Listener at 127.0.0.1/38363] WARN  impl.MetricRegistriesImpl (MetricRegistriesImpl.java:addReporterRegistration(111)) - New reporters are added after registries were created. Some metrics will be missing from the reporter. Please add reporter before adding any new registry.
2022-12-08 06:43:54,163 [Listener at 127.0.0.1/38363] WARN  impl.MetricRegistriesImpl (MetricRegistriesImpl.java:addReporterRegistration(111)) - New reporters are added after registries were created. Some metrics will be missing from the reporter. Please add reporter before adding any new registry.
2022-12-08 06:43:54,163 [Listener at 127.0.0.1/38363] INFO  impl.MetricsSystemImpl (MetricsSystemImpl.java:init(158)) - HddsDatanode metrics system started (again)
2022-12-08 06:43:54,169 [Datanode State Machine Daemon Thread] INFO  statemachine.DatanodeStateMachine (DatanodeStateMachine.java:lambda$startDaemon$0(505)) - Ozone container server started.
2022-12-08 06:43:54,180 [om1@group-C5BA1605619E-FollowerState] INFO  impl.FollowerState (FollowerState.java:run(143)) - om1@group-C5BA1605619E-FollowerState: change to CANDIDATE, lastRpcElapsedTime:1073013759ns, electionTimeout:1052ms
2022-12-08 06:43:54,186 [Listener at 127.0.0.1/38363] INFO  ozone.HddsDatanodeService (HddsDatanodeService.java:start(236)) - HddsDatanodeService host:fv-az205-634.k2gd1z4tyxsu3cbgyjsjq30zwf.jx.internal.cloudapp.net ip:10.1.0.31
2022-12-08 06:43:54,181 [om1@group-C5BA1605619E-FollowerState] INFO  impl.RoleInfo (RoleInfo.java:shutdownFollowerState(110)) - om1: shutdown om1@group-C5BA1605619E-FollowerState
2022-12-08 06:43:54,193 [om1@group-C5BA1605619E-FollowerState] INFO  server.RaftServer$Division (RaftServerImpl.java:setRole(321)) - om1@group-C5BA1605619E: changes role from  FOLLOWER to CANDIDATE at term 0 for changeToCandidate
2022-12-08 06:43:54,202 [org.apache.hadoop.util.JvmPauseMonitor$Monitor@2c76a3f3] INFO  util.JvmPauseMonitor (JvmPauseMonitor.java:run(188)) - Starting JVM pause monitor
2022-12-08 06:43:54,203 [om1@group-C5BA1605619E-FollowerState] INFO  server.RaftServerConfigKeys (ConfUtils.java:logGet(46)) - raft.server.leaderelection.pre-vote = false (custom)
2022-12-08 06:43:54,203 [om1@group-C5BA1605619E-FollowerState] INFO  impl.RoleInfo (RoleInfo.java:updateAndGet(139)) - om1: start om1@group-C5BA1605619E-LeaderElection1
2022-12-08 06:43:54,218 [om1@group-C5BA1605619E-LeaderElection1] INFO  impl.LeaderElection (LeaderElection.java:askForVotes(312)) - om1@group-C5BA1605619E-LeaderElection1 ELECTION round 0: submit vote requests at term 1 for -1: peers:[om1|rpc:localhost:9872|priority:0|startupRole:FOLLOWER]|listeners:[], old=null
2022-12-08 06:43:54,219 [om1@group-C5BA1605619E-LeaderElection1] INFO  impl.LeaderElection (LeaderElection.java:askForVotes(314)) - om1@group-C5BA1605619E-LeaderElection1 ELECTION round 0: result PASSED (term=1)
2022-12-08 06:43:54,221 [om1@group-C5BA1605619E-LeaderElection1] INFO  impl.RoleInfo (RoleInfo.java:shutdownLeaderElection(130)) - om1: shutdown om1@group-C5BA1605619E-LeaderElection1
2022-12-08 06:43:54,222 [om1@group-C5BA1605619E-LeaderElection1] INFO  server.RaftServer$Division (RaftServerImpl.java:setRole(321)) - om1@group-C5BA1605619E: changes role from CANDIDATE to LEADER at term 1 for changeToLeader
2022-12-08 06:43:54,223 [om1@group-C5BA1605619E-LeaderElection1] INFO  server.RaftServer$Division (ServerState.java:setLeader(313)) - om1@group-C5BA1605619E: change Leader from null to om1 at term 1 for becomeLeader, leader elected after 2256ms
2022-12-08 06:43:54,235 [Listener at 127.0.0.1/38363] INFO  upgrade.AbstractLayoutVersionManager (AbstractLayoutVersionManager.java:init(83)) - Initializing Layout version manager with metadata layout = DATANODE_SCHEMA_V3 (version = 4), software layout = DATANODE_SCHEMA_V3 (version = 4)
2022-12-08 06:43:54,238 [om1@group-C5BA1605619E-LeaderElection1] INFO  server.RaftServerConfigKeys (ConfUtils.java:logGet(46)) - raft.server.staging.catchup.gap = 1000 (default)
2022-12-08 06:43:54,255 [om1@group-C5BA1605619E-LeaderElection1] INFO  server.RaftServerConfigKeys (ConfUtils.java:logGet(46)) - raft.server.write.element-limit = 4096 (default)
2022-12-08 06:43:54,256 [om1@group-C5BA1605619E-LeaderElection1] INFO  server.RaftServerConfigKeys (ConfUtils.java:logGet(46)) - raft.server.write.byte-limit = 64MB (=67108864) (default)
2022-12-08 06:43:54,279 [om1@group-C5BA1605619E-LeaderElection1] INFO  server.RaftServerConfigKeys (ConfUtils.java:logGet(46)) - raft.server.watch.timeout = 10s (default)
2022-12-08 06:43:54,279 [om1@group-C5BA1605619E-LeaderElection1] INFO  server.RaftServerConfigKeys (ConfUtils.java:logGet(46)) - raft.server.watch.timeout.denomination = 1s (default)
2022-12-08 06:43:54,279 [om1@group-C5BA1605619E-LeaderElection1] INFO  server.RaftServerConfigKeys (ConfUtils.java:logGet(46)) - raft.server.watch.element-limit = 65536 (default)
2022-12-08 06:43:54,293 [om1@group-C5BA1605619E-LeaderElection1] INFO  server.RaftServerConfigKeys (ConfUtils.java:logGet(46)) - raft.server.write.element-limit = 4096 (default)
2022-12-08 06:43:54,298 [om1@group-C5BA1605619E-LeaderElection1] INFO  server.RaftServerConfigKeys (ConfUtils.java:logGet(46)) - raft.server.write.follower.gap.ratio.max = -1.0 (default)
2022-12-08 06:43:54,303 [om1@group-C5BA1605619E-LeaderElection1] INFO  impl.RoleInfo (RoleInfo.java:updateAndGet(139)) - om1: start om1@group-C5BA1605619E-LeaderStateImpl
2022-12-08 06:43:54,342 [Listener at 127.0.0.1/38363] INFO  reflections.Reflections (Reflections.java:scan(232)) - Reflections took 98 ms to scan 7 urls, producing 140 keys and 342 values 
2022-12-08 06:43:54,344 [Listener at 127.0.0.1/38363] INFO  statemachine.DatanodeStateMachine (DatanodeStateMachine.java:getEndPointTaskThreadPoolSize(245)) - Datanode State Machine Task Thread Pool size 2
2022-12-08 06:43:54,352 [Listener at 127.0.0.1/38363] INFO  volume.HddsVolume (HddsVolume.java:<init>(117)) - Creating HddsVolume: /home/runner/work/ozone/ozone/hadoop-ozone/integration-test/target/test-dir/MiniOzoneClusterImpl-ddb91292-9bed-4e17-ad85-89bc7eecbd5e/datanode-1/data-0/containers/hdds of storage type : DISK capacity : 9223372036854775807
2022-12-08 06:43:54,353 [Listener at 127.0.0.1/38363] INFO  volume.MutableVolumeSet (MutableVolumeSet.java:initializeVolumeSet(174)) - Added Volume : /home/runner/work/ozone/ozone/hadoop-ozone/integration-test/target/test-dir/MiniOzoneClusterImpl-ddb91292-9bed-4e17-ad85-89bc7eecbd5e/datanode-1/data-0/containers/hdds to VolumeSet
2022-12-08 06:43:54,353 [Listener at 127.0.0.1/38363] INFO  volume.ThrottledAsyncChecker (ThrottledAsyncChecker.java:schedule(141)) - Scheduling a check for /home/runner/work/ozone/ozone/hadoop-ozone/integration-test/target/test-dir/MiniOzoneClusterImpl-ddb91292-9bed-4e17-ad85-89bc7eecbd5e/datanode-1/data-0/containers/hdds
2022-12-08 06:43:54,360 [Listener at 127.0.0.1/38363] INFO  volume.StorageVolumeChecker (StorageVolumeChecker.java:checkAllVolumes(202)) - Scheduled health check for volume /home/runner/work/ozone/ozone/hadoop-ozone/integration-test/target/test-dir/MiniOzoneClusterImpl-ddb91292-9bed-4e17-ad85-89bc7eecbd5e/datanode-1/data-0/containers/hdds
2022-12-08 06:43:54,367 [Datanode State Machine Task Thread - 0] INFO  datanode.InitDatanodeState (InitDatanodeState.java:persistContainerDatanodeDetails(138)) - DatanodeDetails is persisted to /home/runner/work/ozone/ozone/hadoop-ozone/integration-test/target/test-dir/MiniOzoneClusterImpl-ddb91292-9bed-4e17-ad85-89bc7eecbd5e/datanode-0/meta/datanode.id
2022-12-08 06:43:54,372 [om1@group-C5BA1605619E-LeaderElection1] INFO  segmented.SegmentedRaftLogWorker (SegmentedRaftLogWorker.java:startLogSegment(452)) - om1@group-C5BA1605619E-SegmentedRaftLogWorker: Starting segment from index:0
2022-12-08 06:43:54,385 [Listener at 127.0.0.1/38363] INFO  volume.MutableVolumeSet (MutableVolumeSet.java:initializeVolumeSet(174)) - Added Volume : /home/runner/work/ozone/ozone/hadoop-ozone/integration-test/target/test-dir/MiniOzoneClusterImpl-ddb91292-9bed-4e17-ad85-89bc7eecbd5e/datanode-1/data/ratis to VolumeSet
2022-12-08 06:43:54,385 [Listener at 127.0.0.1/38363] INFO  volume.ThrottledAsyncChecker (ThrottledAsyncChecker.java:schedule(141)) - Scheduling a check for /home/runner/work/ozone/ozone/hadoop-ozone/integration-test/target/test-dir/MiniOzoneClusterImpl-ddb91292-9bed-4e17-ad85-89bc7eecbd5e/datanode-1/data/ratis
2022-12-08 06:43:54,403 [Listener at 127.0.0.1/38363] INFO  volume.StorageVolumeChecker (StorageVolumeChecker.java:checkAllVolumes(202)) - Scheduled health check for volume /home/runner/work/ozone/ozone/hadoop-ozone/integration-test/target/test-dir/MiniOzoneClusterImpl-ddb91292-9bed-4e17-ad85-89bc7eecbd5e/datanode-1/data/ratis
2022-12-08 06:43:54,438 [Thread-150] INFO  ozoneimpl.ContainerReader (ContainerReader.java:readVolume(175)) - Finish verifying containers on volume /home/runner/work/ozone/ozone/hadoop-ozone/integration-test/target/test-dir/MiniOzoneClusterImpl-ddb91292-9bed-4e17-ad85-89bc7eecbd5e/datanode-1/data-0/containers/hdds
2022-12-08 06:43:54,438 [Listener at 127.0.0.1/38363] INFO  ozoneimpl.OzoneContainer (OzoneContainer.java:buildContainerSet(301)) - Build ContainerSet costs 0s
2022-12-08 06:43:54,442 [Listener at 127.0.0.1/38363] INFO  server.RaftServer (ConfUtils.java:logGet(46)) - raft.rpc.type = GRPC (default)
2022-12-08 06:43:54,443 [Listener at 127.0.0.1/38363] INFO  grpc.GrpcConfigKeys (ConfUtils.java:logFallback(53)) - raft.grpc.admin.host = null (fallback to raft.grpc.server.host)
2022-12-08 06:43:54,443 [Listener at 127.0.0.1/38363] INFO  grpc.GrpcConfigKeys (ConfUtils.java:logGet(46)) - raft.grpc.admin.port = 0 (custom)
2022-12-08 06:43:54,443 [Listener at 127.0.0.1/38363] INFO  grpc.GrpcConfigKeys (ConfUtils.java:logFallback(53)) - raft.grpc.client.host = null (fallback to raft.grpc.server.host)
2022-12-08 06:43:54,443 [Listener at 127.0.0.1/38363] INFO  grpc.GrpcConfigKeys (ConfUtils.java:logGet(46)) - raft.grpc.client.port = 0 (custom)
2022-12-08 06:43:54,444 [Listener at 127.0.0.1/38363] INFO  grpc.GrpcConfigKeys (ConfUtils.java:logGet(46)) - raft.grpc.server.host = null (default)
2022-12-08 06:43:54,444 [Listener at 127.0.0.1/38363] INFO  grpc.GrpcConfigKeys (ConfUtils.java:logGet(46)) - raft.grpc.server.port = 0 (default)
2022-12-08 06:43:54,444 [Listener at 127.0.0.1/38363] INFO  server.GrpcService (ConfUtils.java:logGet(46)) - raft.grpc.message.size.max = 32MB (=33554432) (custom)
2022-12-08 06:43:54,444 [Listener at 127.0.0.1/38363] INFO  server.RaftServerConfigKeys (ConfUtils.java:logGet(46)) - raft.server.log.appender.buffer.byte-limit = 33554432 (custom)
2022-12-08 06:43:54,444 [Listener at 127.0.0.1/38363] INFO  server.GrpcService (ConfUtils.java:logGet(46)) - raft.grpc.flow.control.window = 5MB (=5242880) (custom)
2022-12-08 06:43:54,444 [Listener at 127.0.0.1/38363] INFO  server.RaftServerConfigKeys (ConfUtils.java:logGet(46)) - raft.server.rpc.request.timeout = 60s (custom)
2022-12-08 06:43:54,444 [Listener at 127.0.0.1/38363] INFO  grpc.GrpcConfigKeys (ConfUtils.java:logGet(46)) - raft.grpc.server.heartbeat.channel = true (default)
2022-12-08 06:43:54,444 [Listener at 127.0.0.1/38363] INFO  grpc.GrpcConfigKeys (ConfUtils.java:logGet(46)) - raft.grpc.server.async.request.thread.pool.cached = true (default)
2022-12-08 06:43:54,444 [Listener at 127.0.0.1/38363] INFO  grpc.GrpcConfigKeys (ConfUtils.java:logGet(46)) - raft.grpc.server.async.request.thread.pool.size = 32 (default)
2022-12-08 06:43:54,445 [Listener at 127.0.0.1/38363] INFO  impl.DataStreamServerImpl (ConfUtils.java:logGet(46)) - raft.datastream.type = DISABLED (default)
2022-12-08 06:43:54,446 [Listener at 127.0.0.1/38363] INFO  server.RaftServerConfigKeys (ConfUtils.java:logGet(46)) - raft.server.threadpool.proxy.cached = true (default)
2022-12-08 06:43:54,446 [Listener at 127.0.0.1/38363] INFO  server.RaftServerConfigKeys (ConfUtils.java:logGet(46)) - raft.server.threadpool.proxy.size = 0 (default)
2022-12-08 06:43:54,446 [Listener at 127.0.0.1/38363] INFO  server.RaftServerConfigKeys (ConfUtils.java:logGet(46)) - raft.server.rpc.slowness.timeout = 300s (custom)
2022-12-08 06:43:54,446 [Listener at 127.0.0.1/38363] INFO  server.RaftServerConfigKeys (ConfUtils.java:logGet(46)) - raft.server.leaderelection.leader.step-down.wait-time = 10s (default)
2022-12-08 06:43:54,446 [Listener at 127.0.0.1/38363] INFO  server.RaftServerConfigKeys (ConfUtils.java:logGet(46)) - raft.server.storage.dir = [/home/runner/work/ozone/ozone/hadoop-ozone/integration-test/target/test-dir/MiniOzoneClusterImpl-ddb91292-9bed-4e17-ad85-89bc7eecbd5e/datanode-1/data/ratis] (custom)
2022-12-08 06:43:54,452 [om1@group-C5BA1605619E-LeaderElection1] INFO  server.RaftServer$Division (ServerState.java:setRaftConf(430)) - om1@group-C5BA1605619E: set configuration 0: peers:[om1|rpc:localhost:9872|admin:|client:|dataStream:|priority:0|startupRole:FOLLOWER]|listeners:[], old=null
2022-12-08 06:43:54,462 [Listener at 127.0.0.1/38363] INFO  server.XceiverServerGrpc (XceiverServerGrpc.java:<init>(132)) - GrpcServer channel type EpollServerSocketChannel
2022-12-08 06:43:54,476 [Listener at 127.0.0.1/38363] INFO  http.BaseHttpServer (BaseHttpServer.java:newHttpServer2BuilderForOzone(213)) - Starting Web-server for hddsDatanode at: http://0.0.0.0:0
2022-12-08 06:43:54,476 [Listener at 127.0.0.1/38363] INFO  http.BaseHttpServer (BaseHttpServer.java:<init>(108)) - Hadoop Security Enabled: false Ozone Security Enabled: false Ozone HTTP Security Enabled: false 
2022-12-08 06:43:54,478 [Listener at 127.0.0.1/38363] WARN  server.AuthenticationFilter (AuthenticationFilter.java:constructSecretProvider(240)) - Unable to initialize FileSignerSecretProvider, falling back to use random secrets. Reason: Could not read signature secret file: /home/runner/hadoop-http-auth-signature-secret
2022-12-08 06:43:54,483 [Listener at 127.0.0.1/38363] WARN  http.HttpRequestLog (HttpRequestLog.java:getRequestLog(103)) - Jetty request log can only be enabled using Log4j
2022-12-08 06:43:54,484 [Listener at 127.0.0.1/38363] INFO  http.HttpServer2 (HttpServer2.java:addGlobalFilter(1031)) - Added global filter 'safety' (class=org.apache.hadoop.hdds.server.http.HttpServer2$QuotingInputFilter)
2022-12-08 06:43:54,485 [Listener at 127.0.0.1/38363] INFO  http.HttpServer2 (HttpServer2.java:addFilter(1007)) - Added filter static_user_filter (class=org.apache.hadoop.http.lib.StaticUserWebFilter$StaticUserFilter) to context hddsDatanode
2022-12-08 06:43:54,485 [Listener at 127.0.0.1/38363] INFO  http.HttpServer2 (HttpServer2.java:addFilter(1015)) - Added filter static_user_filter (class=org.apache.hadoop.http.lib.StaticUserWebFilter$StaticUserFilter) to context static
2022-12-08 06:43:54,485 [Listener at 127.0.0.1/38363] INFO  http.HttpServer2 (HttpServer2.java:addFilter(1015)) - Added filter static_user_filter (class=org.apache.hadoop.http.lib.StaticUserWebFilter$StaticUserFilter) to context logs
2022-12-08 06:43:54,486 [Listener at 127.0.0.1/38363] INFO  http.HttpServer2 (HttpServer2.java:bindListener(1250)) - Jetty bound to port 40033
2022-12-08 06:43:54,486 [Listener at 127.0.0.1/38363] INFO  server.Server (Server.java:doStart(375)) - jetty-9.4.49.v20220914; built: 2022-09-14T01:07:36.601Z; git: 4231a3b2e4cb8548a412a789936d640a97b1aa0a; jvm 1.8.0_352-b08
2022-12-08 06:43:54,499 [Listener at 127.0.0.1/38363] INFO  server.session (DefaultSessionIdManager.java:doStart(334)) - DefaultSessionIdManager workerName=node0
2022-12-08 06:43:54,499 [Listener at 127.0.0.1/38363] INFO  server.session (DefaultSessionIdManager.java:doStart(339)) - No SessionScavenger set, using defaults
2022-12-08 06:43:54,499 [Listener at 127.0.0.1/38363] INFO  server.session (HouseKeeper.java:startScavenging(132)) - node0 Scavenging every 600000ms
2022-12-08 06:43:54,500 [Listener at 127.0.0.1/38363] INFO  handler.ContextHandler (ContextHandler.java:doStart(921)) - Started o.e.j.s.ServletContextHandler@451dfee3{logs,/logs,file:///home/runner/work/ozone/ozone/hadoop-ozone/integration-test/target/log,AVAILABLE}
2022-12-08 06:43:54,501 [Listener at 127.0.0.1/38363] INFO  handler.ContextHandler (ContextHandler.java:doStart(921)) - Started o.e.j.s.ServletContextHandler@6eb668b7{static,/static,jar:file:/home/runner/.m2/repository/org/apache/ozone/hdds-container-service/1.3.0-SNAPSHOT/hdds-container-service-1.3.0-SNAPSHOT.jar!/webapps/static,AVAILABLE}
2022-12-08 06:43:54,503 [om1@group-C5BA1605619E-SegmentedRaftLogWorker] INFO  segmented.SegmentedRaftLogWorker (SegmentedRaftLogWorker.java:execute(656)) - om1@group-C5BA1605619E-SegmentedRaftLogWorker: created new log segment /home/runner/work/ozone/ozone/hadoop-ozone/integration-test/target/test-dir/MiniOzoneClusterImpl-ddb91292-9bed-4e17-ad85-89bc7eecbd5e/ozone-meta/ratis/bf265839-605b-3f16-9796-c5ba1605619e/current/log_inprogress_0
2022-12-08 06:43:54,634 [om1@group-C5BA1605619E-StateMachineUpdater] INFO  ratis.OzoneManagerStateMachine (OzoneManagerStateMachine.java:notifyConfigurationChanged(192)) - Received Configuration change notification from Ratis. New Peer list:
[id: "om1"
address: "localhost:9872"
startupRole: FOLLOWER
]
2022-12-08 06:43:54,751 [Listener at 127.0.0.1/38363] INFO  handler.ContextHandler (ContextHandler.java:doStart(921)) - Started o.e.j.w.WebAppContext@5efdf532{hddsDatanode,/,file:///tmp/jetty-0_0_0_0-40033-hdds-container-service-1_3_0-SNAPSHOT_jar-_-any-276024128370684200/webapp/,AVAILABLE}{jar:file:/home/runner/.m2/repository/org/apache/ozone/hdds-container-service/1.3.0-SNAPSHOT/hdds-container-service-1.3.0-SNAPSHOT.jar!/webapps/hddsDatanode}
2022-12-08 06:43:54,753 [Listener at 127.0.0.1/38363] INFO  server.AbstractConnector (AbstractConnector.java:doStart(333)) - Started ServerConnector@2b4dcf0d{HTTP/1.1, (http/1.1)}{0.0.0.0:40033}
2022-12-08 06:43:54,753 [Listener at 127.0.0.1/38363] INFO  server.Server (Server.java:doStart(415)) - Started @8657ms
2022-12-08 06:43:54,753 [Listener at 127.0.0.1/38363] WARN  impl.MetricsSystemImpl (MetricsSystemImpl.java:register(279)) - Sink prometheus already exists!
2022-12-08 06:43:54,754 [Listener at 127.0.0.1/38363] INFO  http.BaseHttpServer (BaseHttpServer.java:updateConnectorAddress(333)) - HTTP server of hddsDatanode listening at http://0.0.0.0:40033
2022-12-08 06:43:54,755 [Listener at 127.0.0.1/38363] WARN  impl.MetricRegistriesImpl (MetricRegistriesImpl.java:addReporterRegistration(111)) - New reporters are added after registries were created. Some metrics will be missing from the reporter. Please add reporter before adding any new registry.
2022-12-08 06:43:54,755 [Listener at 127.0.0.1/38363] WARN  impl.MetricRegistriesImpl (MetricRegistriesImpl.java:addReporterRegistration(111)) - New reporters are added after registries were created. Some metrics will be missing from the reporter. Please add reporter before adding any new registry.
2022-12-08 06:43:54,755 [Listener at 127.0.0.1/38363] INFO  impl.MetricsSystemImpl (MetricsSystemImpl.java:init(158)) - HddsDatanode metrics system started (again)
2022-12-08 06:43:54,763 [Datanode State Machine Daemon Thread] INFO  statemachine.DatanodeStateMachine (DatanodeStateMachine.java:lambda$startDaemon$0(505)) - Ozone container server started.
2022-12-08 06:43:54,775 [org.apache.hadoop.util.JvmPauseMonitor$Monitor@6d54eab8] INFO  util.JvmPauseMonitor (JvmPauseMonitor.java:run(188)) - Starting JVM pause monitor
2022-12-08 06:43:54,790 [Listener at 127.0.0.1/38363] INFO  ozone.HddsDatanodeService (HddsDatanodeService.java:start(236)) - HddsDatanodeService host:fv-az205-634.k2gd1z4tyxsu3cbgyjsjq30zwf.jx.internal.cloudapp.net ip:10.1.0.31
2022-12-08 06:43:54,803 [Datanode State Machine Task Thread - 0] INFO  datanode.InitDatanodeState (InitDatanodeState.java:persistContainerDatanodeDetails(138)) - DatanodeDetails is persisted to /home/runner/work/ozone/ozone/hadoop-ozone/integration-test/target/test-dir/MiniOzoneClusterImpl-ddb91292-9bed-4e17-ad85-89bc7eecbd5e/datanode-1/meta/datanode.id
2022-12-08 06:43:54,822 [Listener at 127.0.0.1/38363] INFO  upgrade.AbstractLayoutVersionManager (AbstractLayoutVersionManager.java:init(83)) - Initializing Layout version manager with metadata layout = DATANODE_SCHEMA_V3 (version = 4), software layout = DATANODE_SCHEMA_V3 (version = 4)
2022-12-08 06:43:54,893 [Listener at 127.0.0.1/38363] INFO  reflections.Reflections (Reflections.java:scan(232)) - Reflections took 68 ms to scan 7 urls, producing 140 keys and 342 values 
2022-12-08 06:43:54,896 [Listener at 127.0.0.1/38363] INFO  statemachine.DatanodeStateMachine (DatanodeStateMachine.java:getEndPointTaskThreadPoolSize(245)) - Datanode State Machine Task Thread Pool size 2
2022-12-08 06:43:54,898 [Listener at 127.0.0.1/38363] INFO  volume.HddsVolume (HddsVolume.java:<init>(117)) - Creating HddsVolume: /home/runner/work/ozone/ozone/hadoop-ozone/integration-test/target/test-dir/MiniOzoneClusterImpl-ddb91292-9bed-4e17-ad85-89bc7eecbd5e/datanode-2/data-0/containers/hdds of storage type : DISK capacity : 9223372036854775807
2022-12-08 06:43:54,898 [Listener at 127.0.0.1/38363] INFO  volume.MutableVolumeSet (MutableVolumeSet.java:initializeVolumeSet(174)) - Added Volume : /home/runner/work/ozone/ozone/hadoop-ozone/integration-test/target/test-dir/MiniOzoneClusterImpl-ddb91292-9bed-4e17-ad85-89bc7eecbd5e/datanode-2/data-0/containers/hdds to VolumeSet
2022-12-08 06:43:54,899 [Listener at 127.0.0.1/38363] INFO  volume.ThrottledAsyncChecker (ThrottledAsyncChecker.java:schedule(141)) - Scheduling a check for /home/runner/work/ozone/ozone/hadoop-ozone/integration-test/target/test-dir/MiniOzoneClusterImpl-ddb91292-9bed-4e17-ad85-89bc7eecbd5e/datanode-2/data-0/containers/hdds
2022-12-08 06:43:54,901 [Listener at 127.0.0.1/38363] INFO  volume.StorageVolumeChecker (StorageVolumeChecker.java:checkAllVolumes(202)) - Scheduled health check for volume /home/runner/work/ozone/ozone/hadoop-ozone/integration-test/target/test-dir/MiniOzoneClusterImpl-ddb91292-9bed-4e17-ad85-89bc7eecbd5e/datanode-2/data-0/containers/hdds
2022-12-08 06:43:54,915 [Listener at 127.0.0.1/38363] INFO  volume.MutableVolumeSet (MutableVolumeSet.java:initializeVolumeSet(174)) - Added Volume : /home/runner/work/ozone/ozone/hadoop-ozone/integration-test/target/test-dir/MiniOzoneClusterImpl-ddb91292-9bed-4e17-ad85-89bc7eecbd5e/datanode-2/data/ratis to VolumeSet
2022-12-08 06:43:54,915 [Listener at 127.0.0.1/38363] INFO  volume.ThrottledAsyncChecker (ThrottledAsyncChecker.java:schedule(141)) - Scheduling a check for /home/runner/work/ozone/ozone/hadoop-ozone/integration-test/target/test-dir/MiniOzoneClusterImpl-ddb91292-9bed-4e17-ad85-89bc7eecbd5e/datanode-2/data/ratis
2022-12-08 06:43:54,915 [Listener at 127.0.0.1/38363] INFO  volume.StorageVolumeChecker (StorageVolumeChecker.java:checkAllVolumes(202)) - Scheduled health check for volume /home/runner/work/ozone/ozone/hadoop-ozone/integration-test/target/test-dir/MiniOzoneClusterImpl-ddb91292-9bed-4e17-ad85-89bc7eecbd5e/datanode-2/data/ratis
2022-12-08 06:43:54,930 [Thread-163] INFO  ozoneimpl.ContainerReader (ContainerReader.java:readVolume(175)) - Finish verifying containers on volume /home/runner/work/ozone/ozone/hadoop-ozone/integration-test/target/test-dir/MiniOzoneClusterImpl-ddb91292-9bed-4e17-ad85-89bc7eecbd5e/datanode-2/data-0/containers/hdds
2022-12-08 06:43:54,930 [Listener at 127.0.0.1/38363] INFO  ozoneimpl.OzoneContainer (OzoneContainer.java:buildContainerSet(301)) - Build ContainerSet costs 0s
2022-12-08 06:43:54,933 [Listener at 127.0.0.1/38363] INFO  server.RaftServer (ConfUtils.java:logGet(46)) - raft.rpc.type = GRPC (default)
2022-12-08 06:43:54,933 [Listener at 127.0.0.1/38363] INFO  grpc.GrpcConfigKeys (ConfUtils.java:logFallback(53)) - raft.grpc.admin.host = null (fallback to raft.grpc.server.host)
2022-12-08 06:43:54,934 [Listener at 127.0.0.1/38363] INFO  grpc.GrpcConfigKeys (ConfUtils.java:logGet(46)) - raft.grpc.admin.port = 0 (custom)
2022-12-08 06:43:54,934 [Listener at 127.0.0.1/38363] INFO  grpc.GrpcConfigKeys (ConfUtils.java:logFallback(53)) - raft.grpc.client.host = null (fallback to raft.grpc.server.host)
2022-12-08 06:43:54,934 [Listener at 127.0.0.1/38363] INFO  grpc.GrpcConfigKeys (ConfUtils.java:logGet(46)) - raft.grpc.client.port = 0 (custom)
2022-12-08 06:43:54,934 [Listener at 127.0.0.1/38363] INFO  grpc.GrpcConfigKeys (ConfUtils.java:logGet(46)) - raft.grpc.server.host = null (default)
2022-12-08 06:43:54,934 [Listener at 127.0.0.1/38363] INFO  grpc.GrpcConfigKeys (ConfUtils.java:logGet(46)) - raft.grpc.server.port = 0 (default)
2022-12-08 06:43:54,934 [Listener at 127.0.0.1/38363] INFO  server.GrpcService (ConfUtils.java:logGet(46)) - raft.grpc.message.size.max = 32MB (=33554432) (custom)
2022-12-08 06:43:54,934 [Listener at 127.0.0.1/38363] INFO  server.RaftServerConfigKeys (ConfUtils.java:logGet(46)) - raft.server.log.appender.buffer.byte-limit = 33554432 (custom)
2022-12-08 06:43:54,934 [Listener at 127.0.0.1/38363] INFO  server.GrpcService (ConfUtils.java:logGet(46)) - raft.grpc.flow.control.window = 5MB (=5242880) (custom)
2022-12-08 06:43:54,934 [Listener at 127.0.0.1/38363] INFO  server.RaftServerConfigKeys (ConfUtils.java:logGet(46)) - raft.server.rpc.request.timeout = 60s (custom)
2022-12-08 06:43:54,934 [Listener at 127.0.0.1/38363] INFO  grpc.GrpcConfigKeys (ConfUtils.java:logGet(46)) - raft.grpc.server.heartbeat.channel = true (default)
2022-12-08 06:43:54,935 [Listener at 127.0.0.1/38363] INFO  grpc.GrpcConfigKeys (ConfUtils.java:logGet(46)) - raft.grpc.server.async.request.thread.pool.cached = true (default)
2022-12-08 06:43:54,935 [Listener at 127.0.0.1/38363] INFO  grpc.GrpcConfigKeys (ConfUtils.java:logGet(46)) - raft.grpc.server.async.request.thread.pool.size = 32 (default)
2022-12-08 06:43:54,938 [Listener at 127.0.0.1/38363] INFO  impl.DataStreamServerImpl (ConfUtils.java:logGet(46)) - raft.datastream.type = DISABLED (default)
2022-12-08 06:43:54,938 [Listener at 127.0.0.1/38363] INFO  server.RaftServerConfigKeys (ConfUtils.java:logGet(46)) - raft.server.threadpool.proxy.cached = true (default)
2022-12-08 06:43:54,938 [Listener at 127.0.0.1/38363] INFO  server.RaftServerConfigKeys (ConfUtils.java:logGet(46)) - raft.server.threadpool.proxy.size = 0 (default)
2022-12-08 06:43:54,938 [Listener at 127.0.0.1/38363] INFO  server.RaftServerConfigKeys (ConfUtils.java:logGet(46)) - raft.server.rpc.slowness.timeout = 300s (custom)
2022-12-08 06:43:54,938 [Listener at 127.0.0.1/38363] INFO  server.RaftServerConfigKeys (ConfUtils.java:logGet(46)) - raft.server.leaderelection.leader.step-down.wait-time = 10s (default)
2022-12-08 06:43:54,939 [Listener at 127.0.0.1/38363] INFO  server.RaftServerConfigKeys (ConfUtils.java:logGet(46)) - raft.server.storage.dir = [/home/runner/work/ozone/ozone/hadoop-ozone/integration-test/target/test-dir/MiniOzoneClusterImpl-ddb91292-9bed-4e17-ad85-89bc7eecbd5e/datanode-2/data/ratis] (custom)
2022-12-08 06:43:54,941 [Listener at 127.0.0.1/38363] INFO  server.XceiverServerGrpc (XceiverServerGrpc.java:<init>(132)) - GrpcServer channel type EpollServerSocketChannel
2022-12-08 06:43:54,947 [Listener at 127.0.0.1/38363] INFO  http.BaseHttpServer (BaseHttpServer.java:newHttpServer2BuilderForOzone(213)) - Starting Web-server for hddsDatanode at: http://0.0.0.0:0
2022-12-08 06:43:54,947 [Listener at 127.0.0.1/38363] INFO  http.BaseHttpServer (BaseHttpServer.java:<init>(108)) - Hadoop Security Enabled: false Ozone Security Enabled: false Ozone HTTP Security Enabled: false 
2022-12-08 06:43:54,948 [Listener at 127.0.0.1/38363] WARN  server.AuthenticationFilter (AuthenticationFilter.java:constructSecretProvider(240)) - Unable to initialize FileSignerSecretProvider, falling back to use random secrets. Reason: Could not read signature secret file: /home/runner/hadoop-http-auth-signature-secret
2022-12-08 06:43:54,949 [Listener at 127.0.0.1/38363] WARN  http.HttpRequestLog (HttpRequestLog.java:getRequestLog(103)) - Jetty request log can only be enabled using Log4j
2022-12-08 06:43:54,951 [Listener at 127.0.0.1/38363] INFO  http.HttpServer2 (HttpServer2.java:addGlobalFilter(1031)) - Added global filter 'safety' (class=org.apache.hadoop.hdds.server.http.HttpServer2$QuotingInputFilter)
2022-12-08 06:43:54,952 [Listener at 127.0.0.1/38363] INFO  http.HttpServer2 (HttpServer2.java:addFilter(1007)) - Added filter static_user_filter (class=org.apache.hadoop.http.lib.StaticUserWebFilter$StaticUserFilter) to context hddsDatanode
2022-12-08 06:43:54,952 [Listener at 127.0.0.1/38363] INFO  http.HttpServer2 (HttpServer2.java:addFilter(1015)) - Added filter static_user_filter (class=org.apache.hadoop.http.lib.StaticUserWebFilter$StaticUserFilter) to context static
2022-12-08 06:43:54,953 [Listener at 127.0.0.1/38363] INFO  http.HttpServer2 (HttpServer2.java:addFilter(1015)) - Added filter static_user_filter (class=org.apache.hadoop.http.lib.StaticUserWebFilter$StaticUserFilter) to context logs
2022-12-08 06:43:54,953 [Listener at 127.0.0.1/38363] INFO  http.HttpServer2 (HttpServer2.java:bindListener(1250)) - Jetty bound to port 42709
2022-12-08 06:43:54,954 [Listener at 127.0.0.1/38363] INFO  server.Server (Server.java:doStart(375)) - jetty-9.4.49.v20220914; built: 2022-09-14T01:07:36.601Z; git: 4231a3b2e4cb8548a412a789936d640a97b1aa0a; jvm 1.8.0_352-b08
2022-12-08 06:43:54,957 [Listener at 127.0.0.1/38363] INFO  server.session (DefaultSessionIdManager.java:doStart(334)) - DefaultSessionIdManager workerName=node0
2022-12-08 06:43:54,958 [Listener at 127.0.0.1/38363] INFO  server.session (DefaultSessionIdManager.java:doStart(339)) - No SessionScavenger set, using defaults
2022-12-08 06:43:54,958 [Listener at 127.0.0.1/38363] INFO  server.session (HouseKeeper.java:startScavenging(132)) - node0 Scavenging every 660000ms
2022-12-08 06:43:54,958 [Listener at 127.0.0.1/38363] INFO  handler.ContextHandler (ContextHandler.java:doStart(921)) - Started o.e.j.s.ServletContextHandler@1100a8f6{logs,/logs,file:///home/runner/work/ozone/ozone/hadoop-ozone/integration-test/target/log,AVAILABLE}
2022-12-08 06:43:54,959 [Listener at 127.0.0.1/38363] INFO  handler.ContextHandler (ContextHandler.java:doStart(921)) - Started o.e.j.s.ServletContextHandler@695d66ce{static,/static,jar:file:/home/runner/.m2/repository/org/apache/ozone/hdds-container-service/1.3.0-SNAPSHOT/hdds-container-service-1.3.0-SNAPSHOT.jar!/webapps/static,AVAILABLE}
2022-12-08 06:43:55,146 [Listener at 127.0.0.1/38363] INFO  handler.ContextHandler (ContextHandler.java:doStart(921)) - Started o.e.j.w.WebAppContext@773e5a18{hddsDatanode,/,file:///tmp/jetty-0_0_0_0-42709-hdds-container-service-1_3_0-SNAPSHOT_jar-_-any-2828483744676969959/webapp/,AVAILABLE}{jar:file:/home/runner/.m2/repository/org/apache/ozone/hdds-container-service/1.3.0-SNAPSHOT/hdds-container-service-1.3.0-SNAPSHOT.jar!/webapps/hddsDatanode}
2022-12-08 06:43:55,148 [Listener at 127.0.0.1/38363] INFO  server.AbstractConnector (AbstractConnector.java:doStart(333)) - Started ServerConnector@2256f141{HTTP/1.1, (http/1.1)}{0.0.0.0:42709}
2022-12-08 06:43:55,148 [Listener at 127.0.0.1/38363] INFO  server.Server (Server.java:doStart(415)) - Started @9052ms
2022-12-08 06:43:55,148 [Listener at 127.0.0.1/38363] WARN  impl.MetricsSystemImpl (MetricsSystemImpl.java:register(279)) - Sink prometheus already exists!
2022-12-08 06:43:55,149 [Listener at 127.0.0.1/38363] INFO  http.BaseHttpServer (BaseHttpServer.java:updateConnectorAddress(333)) - HTTP server of hddsDatanode listening at http://0.0.0.0:42709
2022-12-08 06:43:55,149 [Listener at 127.0.0.1/38363] WARN  impl.MetricRegistriesImpl (MetricRegistriesImpl.java:addReporterRegistration(111)) - New reporters are added after registries were created. Some metrics will be missing from the reporter. Please add reporter before adding any new registry.
2022-12-08 06:43:55,150 [Listener at 127.0.0.1/38363] WARN  impl.MetricRegistriesImpl (MetricRegistriesImpl.java:addReporterRegistration(111)) - New reporters are added after registries were created. Some metrics will be missing from the reporter. Please add reporter before adding any new registry.
2022-12-08 06:43:55,150 [Listener at 127.0.0.1/38363] INFO  impl.MetricsSystemImpl (MetricsSystemImpl.java:init(158)) - HddsDatanode metrics system started (again)
2022-12-08 06:43:55,153 [Datanode State Machine Daemon Thread] INFO  statemachine.DatanodeStateMachine (DatanodeStateMachine.java:lambda$startDaemon$0(505)) - Ozone container server started.
2022-12-08 06:43:55,165 [org.apache.hadoop.util.JvmPauseMonitor$Monitor@e40504d] INFO  util.JvmPauseMonitor (JvmPauseMonitor.java:run(188)) - Starting JVM pause monitor
2022-12-08 06:43:55,168 [Listener at 127.0.0.1/38363] INFO  ozone.HddsDatanodeService (HddsDatanodeService.java:start(236)) - HddsDatanodeService host:fv-az205-634.k2gd1z4tyxsu3cbgyjsjq30zwf.jx.internal.cloudapp.net ip:10.1.0.31
2022-12-08 06:43:55,174 [Datanode State Machine Task Thread - 0] INFO  datanode.InitDatanodeState (InitDatanodeState.java:persistContainerDatanodeDetails(138)) - DatanodeDetails is persisted to /home/runner/work/ozone/ozone/hadoop-ozone/integration-test/target/test-dir/MiniOzoneClusterImpl-ddb91292-9bed-4e17-ad85-89bc7eecbd5e/datanode-2/meta/datanode.id
2022-12-08 06:43:55,205 [Listener at 127.0.0.1/38363] INFO  upgrade.AbstractLayoutVersionManager (AbstractLayoutVersionManager.java:init(83)) - Initializing Layout version manager with metadata layout = DATANODE_SCHEMA_V3 (version = 4), software layout = DATANODE_SCHEMA_V3 (version = 4)
2022-12-08 06:43:55,253 [Listener at 127.0.0.1/38363] INFO  reflections.Reflections (Reflections.java:scan(232)) - Reflections took 47 ms to scan 7 urls, producing 140 keys and 342 values 
2022-12-08 06:43:55,254 [Listener at 127.0.0.1/38363] INFO  statemachine.DatanodeStateMachine (DatanodeStateMachine.java:getEndPointTaskThreadPoolSize(245)) - Datanode State Machine Task Thread Pool size 2
2022-12-08 06:43:55,260 [Listener at 127.0.0.1/38363] INFO  volume.HddsVolume (HddsVolume.java:<init>(117)) - Creating HddsVolume: /home/runner/work/ozone/ozone/hadoop-ozone/integration-test/target/test-dir/MiniOzoneClusterImpl-ddb91292-9bed-4e17-ad85-89bc7eecbd5e/datanode-3/data-0/containers/hdds of storage type : DISK capacity : 9223372036854775807
2022-12-08 06:43:55,261 [Listener at 127.0.0.1/38363] INFO  volume.MutableVolumeSet (MutableVolumeSet.java:initializeVolumeSet(174)) - Added Volume : /home/runner/work/ozone/ozone/hadoop-ozone/integration-test/target/test-dir/MiniOzoneClusterImpl-ddb91292-9bed-4e17-ad85-89bc7eecbd5e/datanode-3/data-0/containers/hdds to VolumeSet
2022-12-08 06:43:55,261 [Listener at 127.0.0.1/38363] INFO  volume.ThrottledAsyncChecker (ThrottledAsyncChecker.java:schedule(141)) - Scheduling a check for /home/runner/work/ozone/ozone/hadoop-ozone/integration-test/target/test-dir/MiniOzoneClusterImpl-ddb91292-9bed-4e17-ad85-89bc7eecbd5e/datanode-3/data-0/containers/hdds
2022-12-08 06:43:55,271 [Listener at 127.0.0.1/38363] INFO  volume.StorageVolumeChecker (StorageVolumeChecker.java:checkAllVolumes(202)) - Scheduled health check for volume /home/runner/work/ozone/ozone/hadoop-ozone/integration-test/target/test-dir/MiniOzoneClusterImpl-ddb91292-9bed-4e17-ad85-89bc7eecbd5e/datanode-3/data-0/containers/hdds
2022-12-08 06:43:55,283 [Listener at 127.0.0.1/38363] INFO  volume.MutableVolumeSet (MutableVolumeSet.java:initializeVolumeSet(174)) - Added Volume : /home/runner/work/ozone/ozone/hadoop-ozone/integration-test/target/test-dir/MiniOzoneClusterImpl-ddb91292-9bed-4e17-ad85-89bc7eecbd5e/datanode-3/data/ratis to VolumeSet
2022-12-08 06:43:55,284 [Listener at 127.0.0.1/38363] INFO  volume.ThrottledAsyncChecker (ThrottledAsyncChecker.java:schedule(141)) - Scheduling a check for /home/runner/work/ozone/ozone/hadoop-ozone/integration-test/target/test-dir/MiniOzoneClusterImpl-ddb91292-9bed-4e17-ad85-89bc7eecbd5e/datanode-3/data/ratis
2022-12-08 06:43:55,284 [Listener at 127.0.0.1/38363] INFO  volume.StorageVolumeChecker (StorageVolumeChecker.java:checkAllVolumes(202)) - Scheduled health check for volume /home/runner/work/ozone/ozone/hadoop-ozone/integration-test/target/test-dir/MiniOzoneClusterImpl-ddb91292-9bed-4e17-ad85-89bc7eecbd5e/datanode-3/data/ratis
2022-12-08 06:43:55,297 [Thread-176] INFO  ozoneimpl.ContainerReader (ContainerReader.java:readVolume(175)) - Finish verifying containers on volume /home/runner/work/ozone/ozone/hadoop-ozone/integration-test/target/test-dir/MiniOzoneClusterImpl-ddb91292-9bed-4e17-ad85-89bc7eecbd5e/datanode-3/data-0/containers/hdds
2022-12-08 06:43:55,297 [Listener at 127.0.0.1/38363] INFO  ozoneimpl.OzoneContainer (OzoneContainer.java:buildContainerSet(301)) - Build ContainerSet costs 0s
2022-12-08 06:43:55,300 [Listener at 127.0.0.1/38363] INFO  server.RaftServer (ConfUtils.java:logGet(46)) - raft.rpc.type = GRPC (default)
2022-12-08 06:43:55,301 [Listener at 127.0.0.1/38363] INFO  grpc.GrpcConfigKeys (ConfUtils.java:logFallback(53)) - raft.grpc.admin.host = null (fallback to raft.grpc.server.host)
2022-12-08 06:43:55,301 [Listener at 127.0.0.1/38363] INFO  grpc.GrpcConfigKeys (ConfUtils.java:logGet(46)) - raft.grpc.admin.port = 0 (custom)
2022-12-08 06:43:55,301 [Listener at 127.0.0.1/38363] INFO  grpc.GrpcConfigKeys (ConfUtils.java:logFallback(53)) - raft.grpc.client.host = null (fallback to raft.grpc.server.host)
2022-12-08 06:43:55,301 [Listener at 127.0.0.1/38363] INFO  grpc.GrpcConfigKeys (ConfUtils.java:logGet(46)) - raft.grpc.client.port = 0 (custom)
2022-12-08 06:43:55,301 [Listener at 127.0.0.1/38363] INFO  grpc.GrpcConfigKeys (ConfUtils.java:logGet(46)) - raft.grpc.server.host = null (default)
2022-12-08 06:43:55,301 [Listener at 127.0.0.1/38363] INFO  grpc.GrpcConfigKeys (ConfUtils.java:logGet(46)) - raft.grpc.server.port = 0 (default)
2022-12-08 06:43:55,301 [Listener at 127.0.0.1/38363] INFO  server.GrpcService (ConfUtils.java:logGet(46)) - raft.grpc.message.size.max = 32MB (=33554432) (custom)
2022-12-08 06:43:55,302 [Listener at 127.0.0.1/38363] INFO  server.RaftServerConfigKeys (ConfUtils.java:logGet(46)) - raft.server.log.appender.buffer.byte-limit = 33554432 (custom)
2022-12-08 06:43:55,302 [Listener at 127.0.0.1/38363] INFO  server.GrpcService (ConfUtils.java:logGet(46)) - raft.grpc.flow.control.window = 5MB (=5242880) (custom)
2022-12-08 06:43:55,302 [Listener at 127.0.0.1/38363] INFO  server.RaftServerConfigKeys (ConfUtils.java:logGet(46)) - raft.server.rpc.request.timeout = 60s (custom)
2022-12-08 06:43:55,302 [Listener at 127.0.0.1/38363] INFO  grpc.GrpcConfigKeys (ConfUtils.java:logGet(46)) - raft.grpc.server.heartbeat.channel = true (default)
2022-12-08 06:43:55,302 [Listener at 127.0.0.1/38363] INFO  grpc.GrpcConfigKeys (ConfUtils.java:logGet(46)) - raft.grpc.server.async.request.thread.pool.cached = true (default)
2022-12-08 06:43:55,302 [Listener at 127.0.0.1/38363] INFO  grpc.GrpcConfigKeys (ConfUtils.java:logGet(46)) - raft.grpc.server.async.request.thread.pool.size = 32 (default)
2022-12-08 06:43:55,303 [Listener at 127.0.0.1/38363] INFO  impl.DataStreamServerImpl (ConfUtils.java:logGet(46)) - raft.datastream.type = DISABLED (default)
2022-12-08 06:43:55,304 [Listener at 127.0.0.1/38363] INFO  server.RaftServerConfigKeys (ConfUtils.java:logGet(46)) - raft.server.threadpool.proxy.cached = true (default)
2022-12-08 06:43:55,304 [Listener at 127.0.0.1/38363] INFO  server.RaftServerConfigKeys (ConfUtils.java:logGet(46)) - raft.server.threadpool.proxy.size = 0 (default)
2022-12-08 06:43:55,304 [Listener at 127.0.0.1/38363] INFO  server.RaftServerConfigKeys (ConfUtils.java:logGet(46)) - raft.server.rpc.slowness.timeout = 300s (custom)
2022-12-08 06:43:55,304 [Listener at 127.0.0.1/38363] INFO  server.RaftServerConfigKeys (ConfUtils.java:logGet(46)) - raft.server.leaderelection.leader.step-down.wait-time = 10s (default)
2022-12-08 06:43:55,304 [Listener at 127.0.0.1/38363] INFO  server.RaftServerConfigKeys (ConfUtils.java:logGet(46)) - raft.server.storage.dir = [/home/runner/work/ozone/ozone/hadoop-ozone/integration-test/target/test-dir/MiniOzoneClusterImpl-ddb91292-9bed-4e17-ad85-89bc7eecbd5e/datanode-3/data/ratis] (custom)
2022-12-08 06:43:55,306 [Listener at 127.0.0.1/38363] INFO  server.XceiverServerGrpc (XceiverServerGrpc.java:<init>(132)) - GrpcServer channel type EpollServerSocketChannel
2022-12-08 06:43:55,310 [Listener at 127.0.0.1/38363] INFO  http.BaseHttpServer (BaseHttpServer.java:newHttpServer2BuilderForOzone(213)) - Starting Web-server for hddsDatanode at: http://0.0.0.0:0
2022-12-08 06:43:55,310 [Listener at 127.0.0.1/38363] INFO  http.BaseHttpServer (BaseHttpServer.java:<init>(108)) - Hadoop Security Enabled: false Ozone Security Enabled: false Ozone HTTP Security Enabled: false 
2022-12-08 06:43:55,311 [Listener at 127.0.0.1/38363] WARN  server.AuthenticationFilter (AuthenticationFilter.java:constructSecretProvider(240)) - Unable to initialize FileSignerSecretProvider, falling back to use random secrets. Reason: Could not read signature secret file: /home/runner/hadoop-http-auth-signature-secret
2022-12-08 06:43:55,313 [Listener at 127.0.0.1/38363] WARN  http.HttpRequestLog (HttpRequestLog.java:getRequestLog(103)) - Jetty request log can only be enabled using Log4j
2022-12-08 06:43:55,314 [Listener at 127.0.0.1/38363] INFO  http.HttpServer2 (HttpServer2.java:addGlobalFilter(1031)) - Added global filter 'safety' (class=org.apache.hadoop.hdds.server.http.HttpServer2$QuotingInputFilter)
2022-12-08 06:43:55,316 [Listener at 127.0.0.1/38363] INFO  http.HttpServer2 (HttpServer2.java:addFilter(1007)) - Added filter static_user_filter (class=org.apache.hadoop.http.lib.StaticUserWebFilter$StaticUserFilter) to context hddsDatanode
2022-12-08 06:43:55,316 [Listener at 127.0.0.1/38363] INFO  http.HttpServer2 (HttpServer2.java:addFilter(1015)) - Added filter static_user_filter (class=org.apache.hadoop.http.lib.StaticUserWebFilter$StaticUserFilter) to context static
2022-12-08 06:43:55,316 [Listener at 127.0.0.1/38363] INFO  http.HttpServer2 (HttpServer2.java:addFilter(1015)) - Added filter static_user_filter (class=org.apache.hadoop.http.lib.StaticUserWebFilter$StaticUserFilter) to context logs
2022-12-08 06:43:55,317 [Listener at 127.0.0.1/38363] INFO  http.HttpServer2 (HttpServer2.java:bindListener(1250)) - Jetty bound to port 46215
2022-12-08 06:43:55,317 [Listener at 127.0.0.1/38363] INFO  server.Server (Server.java:doStart(375)) - jetty-9.4.49.v20220914; built: 2022-09-14T01:07:36.601Z; git: 4231a3b2e4cb8548a412a789936d640a97b1aa0a; jvm 1.8.0_352-b08
2022-12-08 06:43:55,320 [Listener at 127.0.0.1/38363] INFO  server.session (DefaultSessionIdManager.java:doStart(334)) - DefaultSessionIdManager workerName=node0
2022-12-08 06:43:55,320 [Listener at 127.0.0.1/38363] INFO  server.session (DefaultSessionIdManager.java:doStart(339)) - No SessionScavenger set, using defaults
2022-12-08 06:43:55,320 [Listener at 127.0.0.1/38363] INFO  server.session (HouseKeeper.java:startScavenging(132)) - node0 Scavenging every 660000ms
2022-12-08 06:43:55,321 [Listener at 127.0.0.1/38363] INFO  handler.ContextHandler (ContextHandler.java:doStart(921)) - Started o.e.j.s.ServletContextHandler@7c91fe1c{logs,/logs,file:///home/runner/work/ozone/ozone/hadoop-ozone/integration-test/target/log,AVAILABLE}
2022-12-08 06:43:55,322 [Listener at 127.0.0.1/38363] INFO  handler.ContextHandler (ContextHandler.java:doStart(921)) - Started o.e.j.s.ServletContextHandler@45456cd1{static,/static,jar:file:/home/runner/.m2/repository/org/apache/ozone/hdds-container-service/1.3.0-SNAPSHOT/hdds-container-service-1.3.0-SNAPSHOT.jar!/webapps/static,AVAILABLE}
2022-12-08 06:43:55,499 [Listener at 127.0.0.1/38363] INFO  handler.ContextHandler (ContextHandler.java:doStart(921)) - Started o.e.j.w.WebAppContext@63540ec4{hddsDatanode,/,file:///tmp/jetty-0_0_0_0-46215-hdds-container-service-1_3_0-SNAPSHOT_jar-_-any-28186575497645516/webapp/,AVAILABLE}{jar:file:/home/runner/.m2/repository/org/apache/ozone/hdds-container-service/1.3.0-SNAPSHOT/hdds-container-service-1.3.0-SNAPSHOT.jar!/webapps/hddsDatanode}
2022-12-08 06:43:55,501 [Listener at 127.0.0.1/38363] INFO  server.AbstractConnector (AbstractConnector.java:doStart(333)) - Started ServerConnector@2a835bde{HTTP/1.1, (http/1.1)}{0.0.0.0:46215}
2022-12-08 06:43:55,501 [Listener at 127.0.0.1/38363] INFO  server.Server (Server.java:doStart(415)) - Started @9404ms
2022-12-08 06:43:55,501 [Listener at 127.0.0.1/38363] WARN  impl.MetricsSystemImpl (MetricsSystemImpl.java:register(279)) - Sink prometheus already exists!
2022-12-08 06:43:55,501 [Listener at 127.0.0.1/38363] INFO  http.BaseHttpServer (BaseHttpServer.java:updateConnectorAddress(333)) - HTTP server of hddsDatanode listening at http://0.0.0.0:46215
2022-12-08 06:43:55,502 [Listener at 127.0.0.1/38363] WARN  impl.MetricRegistriesImpl (MetricRegistriesImpl.java:addReporterRegistration(111)) - New reporters are added after registries were created. Some metrics will be missing from the reporter. Please add reporter before adding any new registry.
2022-12-08 06:43:55,502 [Listener at 127.0.0.1/38363] WARN  impl.MetricRegistriesImpl (MetricRegistriesImpl.java:addReporterRegistration(111)) - New reporters are added after registries were created. Some metrics will be missing from the reporter. Please add reporter before adding any new registry.
2022-12-08 06:43:55,502 [Listener at 127.0.0.1/38363] INFO  impl.MetricsSystemImpl (MetricsSystemImpl.java:init(158)) - HddsDatanode metrics system started (again)
2022-12-08 06:43:55,511 [Datanode State Machine Daemon Thread] INFO  statemachine.DatanodeStateMachine (DatanodeStateMachine.java:lambda$startDaemon$0(505)) - Ozone container server started.
2022-12-08 06:43:55,519 [org.apache.hadoop.util.JvmPauseMonitor$Monitor@5735e9e7] INFO  util.JvmPauseMonitor (JvmPauseMonitor.java:run(188)) - Starting JVM pause monitor
2022-12-08 06:43:55,521 [Listener at 127.0.0.1/38363] INFO  ozone.HddsDatanodeService (HddsDatanodeService.java:start(236)) - HddsDatanodeService host:fv-az205-634.k2gd1z4tyxsu3cbgyjsjq30zwf.jx.internal.cloudapp.net ip:10.1.0.31
2022-12-08 06:43:55,532 [Datanode State Machine Task Thread - 0] INFO  datanode.InitDatanodeState (InitDatanodeState.java:persistContainerDatanodeDetails(138)) - DatanodeDetails is persisted to /home/runner/work/ozone/ozone/hadoop-ozone/integration-test/target/test-dir/MiniOzoneClusterImpl-ddb91292-9bed-4e17-ad85-89bc7eecbd5e/datanode-3/meta/datanode.id
2022-12-08 06:43:55,546 [Listener at 127.0.0.1/38363] INFO  upgrade.AbstractLayoutVersionManager (AbstractLayoutVersionManager.java:init(83)) - Initializing Layout version manager with metadata layout = DATANODE_SCHEMA_V3 (version = 4), software layout = DATANODE_SCHEMA_V3 (version = 4)
2022-12-08 06:43:55,628 [Listener at 127.0.0.1/38363] INFO  reflections.Reflections (Reflections.java:scan(232)) - Reflections took 79 ms to scan 7 urls, producing 140 keys and 342 values 
2022-12-08 06:43:55,630 [Listener at 127.0.0.1/38363] INFO  statemachine.DatanodeStateMachine (DatanodeStateMachine.java:getEndPointTaskThreadPoolSize(245)) - Datanode State Machine Task Thread Pool size 2
2022-12-08 06:43:55,634 [Listener at 127.0.0.1/38363] INFO  volume.HddsVolume (HddsVolume.java:<init>(117)) - Creating HddsVolume: /home/runner/work/ozone/ozone/hadoop-ozone/integration-test/target/test-dir/MiniOzoneClusterImpl-ddb91292-9bed-4e17-ad85-89bc7eecbd5e/datanode-4/data-0/containers/hdds of storage type : DISK capacity : 9223372036854775807
2022-12-08 06:43:55,635 [Listener at 127.0.0.1/38363] INFO  volume.MutableVolumeSet (MutableVolumeSet.java:initializeVolumeSet(174)) - Added Volume : /home/runner/work/ozone/ozone/hadoop-ozone/integration-test/target/test-dir/MiniOzoneClusterImpl-ddb91292-9bed-4e17-ad85-89bc7eecbd5e/datanode-4/data-0/containers/hdds to VolumeSet
2022-12-08 06:43:55,635 [Listener at 127.0.0.1/38363] INFO  volume.ThrottledAsyncChecker (ThrottledAsyncChecker.java:schedule(141)) - Scheduling a check for /home/runner/work/ozone/ozone/hadoop-ozone/integration-test/target/test-dir/MiniOzoneClusterImpl-ddb91292-9bed-4e17-ad85-89bc7eecbd5e/datanode-4/data-0/containers/hdds
2022-12-08 06:43:55,636 [Listener at 127.0.0.1/38363] INFO  volume.StorageVolumeChecker (StorageVolumeChecker.java:checkAllVolumes(202)) - Scheduled health check for volume /home/runner/work/ozone/ozone/hadoop-ozone/integration-test/target/test-dir/MiniOzoneClusterImpl-ddb91292-9bed-4e17-ad85-89bc7eecbd5e/datanode-4/data-0/containers/hdds
2022-12-08 06:43:55,648 [Listener at 127.0.0.1/38363] INFO  volume.MutableVolumeSet (MutableVolumeSet.java:initializeVolumeSet(174)) - Added Volume : /home/runner/work/ozone/ozone/hadoop-ozone/integration-test/target/test-dir/MiniOzoneClusterImpl-ddb91292-9bed-4e17-ad85-89bc7eecbd5e/datanode-4/data/ratis to VolumeSet
2022-12-08 06:43:55,648 [Listener at 127.0.0.1/38363] INFO  volume.ThrottledAsyncChecker (ThrottledAsyncChecker.java:schedule(141)) - Scheduling a check for /home/runner/work/ozone/ozone/hadoop-ozone/integration-test/target/test-dir/MiniOzoneClusterImpl-ddb91292-9bed-4e17-ad85-89bc7eecbd5e/datanode-4/data/ratis
2022-12-08 06:43:55,649 [Listener at 127.0.0.1/38363] INFO  volume.StorageVolumeChecker (StorageVolumeChecker.java:checkAllVolumes(202)) - Scheduled health check for volume /home/runner/work/ozone/ozone/hadoop-ozone/integration-test/target/test-dir/MiniOzoneClusterImpl-ddb91292-9bed-4e17-ad85-89bc7eecbd5e/datanode-4/data/ratis
2022-12-08 06:43:55,662 [Thread-189] INFO  ozoneimpl.ContainerReader (ContainerReader.java:readVolume(175)) - Finish verifying containers on volume /home/runner/work/ozone/ozone/hadoop-ozone/integration-test/target/test-dir/MiniOzoneClusterImpl-ddb91292-9bed-4e17-ad85-89bc7eecbd5e/datanode-4/data-0/containers/hdds
2022-12-08 06:43:55,662 [Listener at 127.0.0.1/38363] INFO  ozoneimpl.OzoneContainer (OzoneContainer.java:buildContainerSet(301)) - Build ContainerSet costs 0s
2022-12-08 06:43:55,669 [Listener at 127.0.0.1/38363] INFO  server.RaftServer (ConfUtils.java:logGet(46)) - raft.rpc.type = GRPC (default)
2022-12-08 06:43:55,670 [Listener at 127.0.0.1/38363] INFO  grpc.GrpcConfigKeys (ConfUtils.java:logFallback(53)) - raft.grpc.admin.host = null (fallback to raft.grpc.server.host)
2022-12-08 06:43:55,670 [Listener at 127.0.0.1/38363] INFO  grpc.GrpcConfigKeys (ConfUtils.java:logGet(46)) - raft.grpc.admin.port = 0 (custom)
2022-12-08 06:43:55,670 [Listener at 127.0.0.1/38363] INFO  grpc.GrpcConfigKeys (ConfUtils.java:logFallback(53)) - raft.grpc.client.host = null (fallback to raft.grpc.server.host)
2022-12-08 06:43:55,670 [Listener at 127.0.0.1/38363] INFO  grpc.GrpcConfigKeys (ConfUtils.java:logGet(46)) - raft.grpc.client.port = 0 (custom)
2022-12-08 06:43:55,670 [Listener at 127.0.0.1/38363] INFO  grpc.GrpcConfigKeys (ConfUtils.java:logGet(46)) - raft.grpc.server.host = null (default)
2022-12-08 06:43:55,670 [Listener at 127.0.0.1/38363] INFO  grpc.GrpcConfigKeys (ConfUtils.java:logGet(46)) - raft.grpc.server.port = 0 (default)
2022-12-08 06:43:55,671 [Listener at 127.0.0.1/38363] INFO  server.GrpcService (ConfUtils.java:logGet(46)) - raft.grpc.message.size.max = 32MB (=33554432) (custom)
2022-12-08 06:43:55,671 [Listener at 127.0.0.1/38363] INFO  server.RaftServerConfigKeys (ConfUtils.java:logGet(46)) - raft.server.log.appender.buffer.byte-limit = 33554432 (custom)
2022-12-08 06:43:55,671 [Listener at 127.0.0.1/38363] INFO  server.GrpcService (ConfUtils.java:logGet(46)) - raft.grpc.flow.control.window = 5MB (=5242880) (custom)
2022-12-08 06:43:55,674 [Listener at 127.0.0.1/38363] INFO  server.RaftServerConfigKeys (ConfUtils.java:logGet(46)) - raft.server.rpc.request.timeout = 60s (custom)
2022-12-08 06:43:55,676 [Listener at 127.0.0.1/38363] INFO  grpc.GrpcConfigKeys (ConfUtils.java:logGet(46)) - raft.grpc.server.heartbeat.channel = true (default)
2022-12-08 06:43:55,676 [Listener at 127.0.0.1/38363] INFO  grpc.GrpcConfigKeys (ConfUtils.java:logGet(46)) - raft.grpc.server.async.request.thread.pool.cached = true (default)
2022-12-08 06:43:55,676 [Listener at 127.0.0.1/38363] INFO  grpc.GrpcConfigKeys (ConfUtils.java:logGet(46)) - raft.grpc.server.async.request.thread.pool.size = 32 (default)
2022-12-08 06:43:55,677 [Listener at 127.0.0.1/38363] INFO  impl.DataStreamServerImpl (ConfUtils.java:logGet(46)) - raft.datastream.type = DISABLED (default)
2022-12-08 06:43:55,677 [Listener at 127.0.0.1/38363] INFO  server.RaftServerConfigKeys (ConfUtils.java:logGet(46)) - raft.server.threadpool.proxy.cached = true (default)
2022-12-08 06:43:55,677 [Listener at 127.0.0.1/38363] INFO  server.RaftServerConfigKeys (ConfUtils.java:logGet(46)) - raft.server.threadpool.proxy.size = 0 (default)
2022-12-08 06:43:55,678 [Listener at 127.0.0.1/38363] INFO  server.RaftServerConfigKeys (ConfUtils.java:logGet(46)) - raft.server.rpc.slowness.timeout = 300s (custom)
2022-12-08 06:43:55,678 [Listener at 127.0.0.1/38363] INFO  server.RaftServerConfigKeys (ConfUtils.java:logGet(46)) - raft.server.leaderelection.leader.step-down.wait-time = 10s (default)
2022-12-08 06:43:55,678 [Listener at 127.0.0.1/38363] INFO  server.RaftServerConfigKeys (ConfUtils.java:logGet(46)) - raft.server.storage.dir = [/home/runner/work/ozone/ozone/hadoop-ozone/integration-test/target/test-dir/MiniOzoneClusterImpl-ddb91292-9bed-4e17-ad85-89bc7eecbd5e/datanode-4/data/ratis] (custom)
2022-12-08 06:43:55,683 [Listener at 127.0.0.1/38363] INFO  server.XceiverServerGrpc (XceiverServerGrpc.java:<init>(132)) - GrpcServer channel type EpollServerSocketChannel
2022-12-08 06:43:55,694 [Listener at 127.0.0.1/38363] INFO  http.BaseHttpServer (BaseHttpServer.java:newHttpServer2BuilderForOzone(213)) - Starting Web-server for hddsDatanode at: http://0.0.0.0:0
2022-12-08 06:43:55,694 [Listener at 127.0.0.1/38363] INFO  http.BaseHttpServer (BaseHttpServer.java:<init>(108)) - Hadoop Security Enabled: false Ozone Security Enabled: false Ozone HTTP Security Enabled: false 
2022-12-08 06:43:55,697 [Listener at 127.0.0.1/38363] WARN  server.AuthenticationFilter (AuthenticationFilter.java:constructSecretProvider(240)) - Unable to initialize FileSignerSecretProvider, falling back to use random secrets. Reason: Could not read signature secret file: /home/runner/hadoop-http-auth-signature-secret
2022-12-08 06:43:55,698 [Listener at 127.0.0.1/38363] WARN  http.HttpRequestLog (HttpRequestLog.java:getRequestLog(103)) - Jetty request log can only be enabled using Log4j
2022-12-08 06:43:55,701 [Listener at 127.0.0.1/38363] INFO  http.HttpServer2 (HttpServer2.java:addGlobalFilter(1031)) - Added global filter 'safety' (class=org.apache.hadoop.hdds.server.http.HttpServer2$QuotingInputFilter)
2022-12-08 06:43:55,702 [Listener at 127.0.0.1/38363] INFO  http.HttpServer2 (HttpServer2.java:addFilter(1007)) - Added filter static_user_filter (class=org.apache.hadoop.http.lib.StaticUserWebFilter$StaticUserFilter) to context hddsDatanode
2022-12-08 06:43:55,702 [Listener at 127.0.0.1/38363] INFO  http.HttpServer2 (HttpServer2.java:addFilter(1015)) - Added filter static_user_filter (class=org.apache.hadoop.http.lib.StaticUserWebFilter$StaticUserFilter) to context logs
2022-12-08 06:43:55,702 [Listener at 127.0.0.1/38363] INFO  http.HttpServer2 (HttpServer2.java:addFilter(1015)) - Added filter static_user_filter (class=org.apache.hadoop.http.lib.StaticUserWebFilter$StaticUserFilter) to context static
2022-12-08 06:43:55,702 [Listener at 127.0.0.1/38363] INFO  http.HttpServer2 (HttpServer2.java:bindListener(1250)) - Jetty bound to port 35135
2022-12-08 06:43:55,703 [Listener at 127.0.0.1/38363] INFO  server.Server (Server.java:doStart(375)) - jetty-9.4.49.v20220914; built: 2022-09-14T01:07:36.601Z; git: 4231a3b2e4cb8548a412a789936d640a97b1aa0a; jvm 1.8.0_352-b08
2022-12-08 06:43:55,704 [Listener at 127.0.0.1/38363] INFO  server.session (DefaultSessionIdManager.java:doStart(334)) - DefaultSessionIdManager workerName=node0
2022-12-08 06:43:55,704 [Listener at 127.0.0.1/38363] INFO  server.session (DefaultSessionIdManager.java:doStart(339)) - No SessionScavenger set, using defaults
2022-12-08 06:43:55,704 [Listener at 127.0.0.1/38363] INFO  server.session (HouseKeeper.java:startScavenging(132)) - node0 Scavenging every 660000ms
2022-12-08 06:43:55,705 [Listener at 127.0.0.1/38363] INFO  handler.ContextHandler (ContextHandler.java:doStart(921)) - Started o.e.j.s.ServletContextHandler@48bdb5fb{logs,/logs,file:///home/runner/work/ozone/ozone/hadoop-ozone/integration-test/target/log,AVAILABLE}
2022-12-08 06:43:55,705 [Listener at 127.0.0.1/38363] INFO  handler.ContextHandler (ContextHandler.java:doStart(921)) - Started o.e.j.s.ServletContextHandler@628082cd{static,/static,jar:file:/home/runner/.m2/repository/org/apache/ozone/hdds-container-service/1.3.0-SNAPSHOT/hdds-container-service-1.3.0-SNAPSHOT.jar!/webapps/static,AVAILABLE}
2022-12-08 06:43:55,884 [Listener at 127.0.0.1/38363] INFO  handler.ContextHandler (ContextHandler.java:doStart(921)) - Started o.e.j.w.WebAppContext@3203d5{hddsDatanode,/,file:///tmp/jetty-0_0_0_0-35135-hdds-container-service-1_3_0-SNAPSHOT_jar-_-any-9064799969968642337/webapp/,AVAILABLE}{jar:file:/home/runner/.m2/repository/org/apache/ozone/hdds-container-service/1.3.0-SNAPSHOT/hdds-container-service-1.3.0-SNAPSHOT.jar!/webapps/hddsDatanode}
2022-12-08 06:43:55,885 [Listener at 127.0.0.1/38363] INFO  server.AbstractConnector (AbstractConnector.java:doStart(333)) - Started ServerConnector@52ac965f{HTTP/1.1, (http/1.1)}{0.0.0.0:35135}
2022-12-08 06:43:55,886 [Listener at 127.0.0.1/38363] INFO  server.Server (Server.java:doStart(415)) - Started @9789ms
2022-12-08 06:43:55,886 [Listener at 127.0.0.1/38363] WARN  impl.MetricsSystemImpl (MetricsSystemImpl.java:register(279)) - Sink prometheus already exists!
2022-12-08 06:43:55,886 [Listener at 127.0.0.1/38363] INFO  http.BaseHttpServer (BaseHttpServer.java:updateConnectorAddress(333)) - HTTP server of hddsDatanode listening at http://0.0.0.0:35135
2022-12-08 06:43:55,887 [Listener at 127.0.0.1/38363] WARN  impl.MetricRegistriesImpl (MetricRegistriesImpl.java:addReporterRegistration(111)) - New reporters are added after registries were created. Some metrics will be missing from the reporter. Please add reporter before adding any new registry.
2022-12-08 06:43:55,887 [Listener at 127.0.0.1/38363] WARN  impl.MetricRegistriesImpl (MetricRegistriesImpl.java:addReporterRegistration(111)) - New reporters are added after registries were created. Some metrics will be missing from the reporter. Please add reporter before adding any new registry.
2022-12-08 06:43:55,887 [Listener at 127.0.0.1/38363] INFO  impl.MetricsSystemImpl (MetricsSystemImpl.java:init(158)) - HddsDatanode metrics system started (again)
2022-12-08 06:43:55,893 [Datanode State Machine Daemon Thread] INFO  statemachine.DatanodeStateMachine (DatanodeStateMachine.java:lambda$startDaemon$0(505)) - Ozone container server started.
2022-12-08 06:43:55,897 [org.apache.hadoop.util.JvmPauseMonitor$Monitor@58a35f4f] INFO  util.JvmPauseMonitor (JvmPauseMonitor.java:run(188)) - Starting JVM pause monitor
2022-12-08 06:43:55,900 [Listener at 127.0.0.1/38363] INFO  ozone.HddsDatanodeService (HddsDatanodeService.java:start(236)) - HddsDatanodeService host:fv-az205-634.k2gd1z4tyxsu3cbgyjsjq30zwf.jx.internal.cloudapp.net ip:10.1.0.31
2022-12-08 06:43:55,906 [Datanode State Machine Task Thread - 0] INFO  datanode.InitDatanodeState (InitDatanodeState.java:persistContainerDatanodeDetails(138)) - DatanodeDetails is persisted to /home/runner/work/ozone/ozone/hadoop-ozone/integration-test/target/test-dir/MiniOzoneClusterImpl-ddb91292-9bed-4e17-ad85-89bc7eecbd5e/datanode-4/meta/datanode.id
2022-12-08 06:43:55,921 [Listener at 127.0.0.1/38363] INFO  upgrade.AbstractLayoutVersionManager (AbstractLayoutVersionManager.java:init(83)) - Initializing Layout version manager with metadata layout = DATANODE_SCHEMA_V3 (version = 4), software layout = DATANODE_SCHEMA_V3 (version = 4)
2022-12-08 06:43:55,976 [Listener at 127.0.0.1/38363] INFO  reflections.Reflections (Reflections.java:scan(232)) - Reflections took 51 ms to scan 7 urls, producing 140 keys and 342 values 
2022-12-08 06:43:55,978 [Listener at 127.0.0.1/38363] INFO  statemachine.DatanodeStateMachine (DatanodeStateMachine.java:getEndPointTaskThreadPoolSize(245)) - Datanode State Machine Task Thread Pool size 2
2022-12-08 06:43:55,983 [Listener at 127.0.0.1/38363] INFO  volume.HddsVolume (HddsVolume.java:<init>(117)) - Creating HddsVolume: /home/runner/work/ozone/ozone/hadoop-ozone/integration-test/target/test-dir/MiniOzoneClusterImpl-ddb91292-9bed-4e17-ad85-89bc7eecbd5e/datanode-5/data-0/containers/hdds of storage type : DISK capacity : 9223372036854775807
2022-12-08 06:43:55,983 [Listener at 127.0.0.1/38363] INFO  volume.MutableVolumeSet (MutableVolumeSet.java:initializeVolumeSet(174)) - Added Volume : /home/runner/work/ozone/ozone/hadoop-ozone/integration-test/target/test-dir/MiniOzoneClusterImpl-ddb91292-9bed-4e17-ad85-89bc7eecbd5e/datanode-5/data-0/containers/hdds to VolumeSet
2022-12-08 06:43:55,984 [Listener at 127.0.0.1/38363] INFO  volume.ThrottledAsyncChecker (ThrottledAsyncChecker.java:schedule(141)) - Scheduling a check for /home/runner/work/ozone/ozone/hadoop-ozone/integration-test/target/test-dir/MiniOzoneClusterImpl-ddb91292-9bed-4e17-ad85-89bc7eecbd5e/datanode-5/data-0/containers/hdds
2022-12-08 06:43:55,984 [Listener at 127.0.0.1/38363] INFO  volume.StorageVolumeChecker (StorageVolumeChecker.java:checkAllVolumes(202)) - Scheduled health check for volume /home/runner/work/ozone/ozone/hadoop-ozone/integration-test/target/test-dir/MiniOzoneClusterImpl-ddb91292-9bed-4e17-ad85-89bc7eecbd5e/datanode-5/data-0/containers/hdds
2022-12-08 06:43:55,995 [Listener at 127.0.0.1/38363] INFO  volume.MutableVolumeSet (MutableVolumeSet.java:initializeVolumeSet(174)) - Added Volume : /home/runner/work/ozone/ozone/hadoop-ozone/integration-test/target/test-dir/MiniOzoneClusterImpl-ddb91292-9bed-4e17-ad85-89bc7eecbd5e/datanode-5/data/ratis to VolumeSet
2022-12-08 06:43:55,995 [Listener at 127.0.0.1/38363] INFO  volume.ThrottledAsyncChecker (ThrottledAsyncChecker.java:schedule(141)) - Scheduling a check for /home/runner/work/ozone/ozone/hadoop-ozone/integration-test/target/test-dir/MiniOzoneClusterImpl-ddb91292-9bed-4e17-ad85-89bc7eecbd5e/datanode-5/data/ratis
2022-12-08 06:43:55,996 [Listener at 127.0.0.1/38363] INFO  volume.StorageVolumeChecker (StorageVolumeChecker.java:checkAllVolumes(202)) - Scheduled health check for volume /home/runner/work/ozone/ozone/hadoop-ozone/integration-test/target/test-dir/MiniOzoneClusterImpl-ddb91292-9bed-4e17-ad85-89bc7eecbd5e/datanode-5/data/ratis
2022-12-08 06:43:56,006 [Thread-202] INFO  ozoneimpl.ContainerReader (ContainerReader.java:readVolume(175)) - Finish verifying containers on volume /home/runner/work/ozone/ozone/hadoop-ozone/integration-test/target/test-dir/MiniOzoneClusterImpl-ddb91292-9bed-4e17-ad85-89bc7eecbd5e/datanode-5/data-0/containers/hdds
2022-12-08 06:43:56,007 [Listener at 127.0.0.1/38363] INFO  ozoneimpl.OzoneContainer (OzoneContainer.java:buildContainerSet(301)) - Build ContainerSet costs 0s
2022-12-08 06:43:56,010 [Listener at 127.0.0.1/38363] INFO  server.RaftServer (ConfUtils.java:logGet(46)) - raft.rpc.type = GRPC (default)
2022-12-08 06:43:56,010 [Listener at 127.0.0.1/38363] INFO  grpc.GrpcConfigKeys (ConfUtils.java:logFallback(53)) - raft.grpc.admin.host = null (fallback to raft.grpc.server.host)
2022-12-08 06:43:56,010 [Listener at 127.0.0.1/38363] INFO  grpc.GrpcConfigKeys (ConfUtils.java:logGet(46)) - raft.grpc.admin.port = 0 (custom)
2022-12-08 06:43:56,010 [Listener at 127.0.0.1/38363] INFO  grpc.GrpcConfigKeys (ConfUtils.java:logFallback(53)) - raft.grpc.client.host = null (fallback to raft.grpc.server.host)
2022-12-08 06:43:56,010 [Listener at 127.0.0.1/38363] INFO  grpc.GrpcConfigKeys (ConfUtils.java:logGet(46)) - raft.grpc.client.port = 0 (custom)
2022-12-08 06:43:56,010 [Listener at 127.0.0.1/38363] INFO  grpc.GrpcConfigKeys (ConfUtils.java:logGet(46)) - raft.grpc.server.host = null (default)
2022-12-08 06:43:56,010 [Listener at 127.0.0.1/38363] INFO  grpc.GrpcConfigKeys (ConfUtils.java:logGet(46)) - raft.grpc.server.port = 0 (default)
2022-12-08 06:43:56,010 [Listener at 127.0.0.1/38363] INFO  server.GrpcService (ConfUtils.java:logGet(46)) - raft.grpc.message.size.max = 32MB (=33554432) (custom)
2022-12-08 06:43:56,011 [Listener at 127.0.0.1/38363] INFO  server.RaftServerConfigKeys (ConfUtils.java:logGet(46)) - raft.server.log.appender.buffer.byte-limit = 33554432 (custom)
2022-12-08 06:43:56,011 [Listener at 127.0.0.1/38363] INFO  server.GrpcService (ConfUtils.java:logGet(46)) - raft.grpc.flow.control.window = 5MB (=5242880) (custom)
2022-12-08 06:43:56,011 [Listener at 127.0.0.1/38363] INFO  server.RaftServerConfigKeys (ConfUtils.java:logGet(46)) - raft.server.rpc.request.timeout = 60s (custom)
2022-12-08 06:43:56,011 [Listener at 127.0.0.1/38363] INFO  grpc.GrpcConfigKeys (ConfUtils.java:logGet(46)) - raft.grpc.server.heartbeat.channel = true (default)
2022-12-08 06:43:56,011 [Listener at 127.0.0.1/38363] INFO  grpc.GrpcConfigKeys (ConfUtils.java:logGet(46)) - raft.grpc.server.async.request.thread.pool.cached = true (default)
2022-12-08 06:43:56,011 [Listener at 127.0.0.1/38363] INFO  grpc.GrpcConfigKeys (ConfUtils.java:logGet(46)) - raft.grpc.server.async.request.thread.pool.size = 32 (default)
2022-12-08 06:43:56,012 [Listener at 127.0.0.1/38363] INFO  impl.DataStreamServerImpl (ConfUtils.java:logGet(46)) - raft.datastream.type = DISABLED (default)
2022-12-08 06:43:56,012 [Listener at 127.0.0.1/38363] INFO  server.RaftServerConfigKeys (ConfUtils.java:logGet(46)) - raft.server.threadpool.proxy.cached = true (default)
2022-12-08 06:43:56,012 [Listener at 127.0.0.1/38363] INFO  server.RaftServerConfigKeys (ConfUtils.java:logGet(46)) - raft.server.threadpool.proxy.size = 0 (default)
2022-12-08 06:43:56,012 [Listener at 127.0.0.1/38363] INFO  server.RaftServerConfigKeys (ConfUtils.java:logGet(46)) - raft.server.rpc.slowness.timeout = 300s (custom)
2022-12-08 06:43:56,012 [Listener at 127.0.0.1/38363] INFO  server.RaftServerConfigKeys (ConfUtils.java:logGet(46)) - raft.server.leaderelection.leader.step-down.wait-time = 10s (default)
2022-12-08 06:43:56,013 [Listener at 127.0.0.1/38363] INFO  server.RaftServerConfigKeys (ConfUtils.java:logGet(46)) - raft.server.storage.dir = [/home/runner/work/ozone/ozone/hadoop-ozone/integration-test/target/test-dir/MiniOzoneClusterImpl-ddb91292-9bed-4e17-ad85-89bc7eecbd5e/datanode-5/data/ratis] (custom)
2022-12-08 06:43:56,014 [Listener at 127.0.0.1/38363] INFO  server.XceiverServerGrpc (XceiverServerGrpc.java:<init>(132)) - GrpcServer channel type EpollServerSocketChannel
2022-12-08 06:43:56,017 [Listener at 127.0.0.1/38363] INFO  http.BaseHttpServer (BaseHttpServer.java:newHttpServer2BuilderForOzone(213)) - Starting Web-server for hddsDatanode at: http://0.0.0.0:0
2022-12-08 06:43:56,017 [Listener at 127.0.0.1/38363] INFO  http.BaseHttpServer (BaseHttpServer.java:<init>(108)) - Hadoop Security Enabled: false Ozone Security Enabled: false Ozone HTTP Security Enabled: false 
2022-12-08 06:43:56,019 [Listener at 127.0.0.1/38363] WARN  server.AuthenticationFilter (AuthenticationFilter.java:constructSecretProvider(240)) - Unable to initialize FileSignerSecretProvider, falling back to use random secrets. Reason: Could not read signature secret file: /home/runner/hadoop-http-auth-signature-secret
2022-12-08 06:43:56,020 [Listener at 127.0.0.1/38363] WARN  http.HttpRequestLog (HttpRequestLog.java:getRequestLog(103)) - Jetty request log can only be enabled using Log4j
2022-12-08 06:43:56,021 [Listener at 127.0.0.1/38363] INFO  http.HttpServer2 (HttpServer2.java:addGlobalFilter(1031)) - Added global filter 'safety' (class=org.apache.hadoop.hdds.server.http.HttpServer2$QuotingInputFilter)
2022-12-08 06:43:56,022 [Listener at 127.0.0.1/38363] INFO  http.HttpServer2 (HttpServer2.java:addFilter(1007)) - Added filter static_user_filter (class=org.apache.hadoop.http.lib.StaticUserWebFilter$StaticUserFilter) to context hddsDatanode
2022-12-08 06:43:56,022 [Listener at 127.0.0.1/38363] INFO  http.HttpServer2 (HttpServer2.java:addFilter(1015)) - Added filter static_user_filter (class=org.apache.hadoop.http.lib.StaticUserWebFilter$StaticUserFilter) to context static
2022-12-08 06:43:56,022 [Listener at 127.0.0.1/38363] INFO  http.HttpServer2 (HttpServer2.java:addFilter(1015)) - Added filter static_user_filter (class=org.apache.hadoop.http.lib.StaticUserWebFilter$StaticUserFilter) to context logs
2022-12-08 06:43:56,023 [Listener at 127.0.0.1/38363] INFO  http.HttpServer2 (HttpServer2.java:bindListener(1250)) - Jetty bound to port 40443
2022-12-08 06:43:56,023 [Listener at 127.0.0.1/38363] INFO  server.Server (Server.java:doStart(375)) - jetty-9.4.49.v20220914; built: 2022-09-14T01:07:36.601Z; git: 4231a3b2e4cb8548a412a789936d640a97b1aa0a; jvm 1.8.0_352-b08
2022-12-08 06:43:56,025 [Listener at 127.0.0.1/38363] INFO  server.session (DefaultSessionIdManager.java:doStart(334)) - DefaultSessionIdManager workerName=node0
2022-12-08 06:43:56,025 [Listener at 127.0.0.1/38363] INFO  server.session (DefaultSessionIdManager.java:doStart(339)) - No SessionScavenger set, using defaults
2022-12-08 06:43:56,025 [Listener at 127.0.0.1/38363] INFO  server.session (HouseKeeper.java:startScavenging(132)) - node0 Scavenging every 600000ms
2022-12-08 06:43:56,025 [Listener at 127.0.0.1/38363] INFO  handler.ContextHandler (ContextHandler.java:doStart(921)) - Started o.e.j.s.ServletContextHandler@79c19a59{logs,/logs,file:///home/runner/work/ozone/ozone/hadoop-ozone/integration-test/target/log,AVAILABLE}
2022-12-08 06:43:56,027 [Listener at 127.0.0.1/38363] INFO  handler.ContextHandler (ContextHandler.java:doStart(921)) - Started o.e.j.s.ServletContextHandler@70abce79{static,/static,jar:file:/home/runner/.m2/repository/org/apache/ozone/hdds-container-service/1.3.0-SNAPSHOT/hdds-container-service-1.3.0-SNAPSHOT.jar!/webapps/static,AVAILABLE}
2022-12-08 06:43:56,221 [Listener at 127.0.0.1/38363] INFO  handler.ContextHandler (ContextHandler.java:doStart(921)) - Started o.e.j.w.WebAppContext@72cbd260{hddsDatanode,/,file:///tmp/jetty-0_0_0_0-40443-hdds-container-service-1_3_0-SNAPSHOT_jar-_-any-3186872993014160728/webapp/,AVAILABLE}{jar:file:/home/runner/.m2/repository/org/apache/ozone/hdds-container-service/1.3.0-SNAPSHOT/hdds-container-service-1.3.0-SNAPSHOT.jar!/webapps/hddsDatanode}
2022-12-08 06:43:56,228 [Listener at 127.0.0.1/38363] INFO  server.AbstractConnector (AbstractConnector.java:doStart(333)) - Started ServerConnector@31695a9{HTTP/1.1, (http/1.1)}{0.0.0.0:40443}
2022-12-08 06:43:56,228 [Listener at 127.0.0.1/38363] INFO  server.Server (Server.java:doStart(415)) - Started @10132ms
2022-12-08 06:43:56,229 [Listener at 127.0.0.1/38363] WARN  impl.MetricsSystemImpl (MetricsSystemImpl.java:register(279)) - Sink prometheus already exists!
2022-12-08 06:43:56,231 [Listener at 127.0.0.1/38363] INFO  http.BaseHttpServer (BaseHttpServer.java:updateConnectorAddress(333)) - HTTP server of hddsDatanode listening at http://0.0.0.0:40443
2022-12-08 06:43:56,236 [Listener at 127.0.0.1/38363] WARN  impl.MetricRegistriesImpl (MetricRegistriesImpl.java:addReporterRegistration(111)) - New reporters are added after registries were created. Some metrics will be missing from the reporter. Please add reporter before adding any new registry.
2022-12-08 06:43:56,236 [Listener at 127.0.0.1/38363] WARN  impl.MetricRegistriesImpl (MetricRegistriesImpl.java:addReporterRegistration(111)) - New reporters are added after registries were created. Some metrics will be missing from the reporter. Please add reporter before adding any new registry.
2022-12-08 06:43:56,236 [Listener at 127.0.0.1/38363] INFO  impl.MetricsSystemImpl (MetricsSystemImpl.java:init(158)) - HddsDatanode metrics system started (again)
2022-12-08 06:43:56,237 [Datanode State Machine Daemon Thread] INFO  statemachine.DatanodeStateMachine (DatanodeStateMachine.java:lambda$startDaemon$0(505)) - Ozone container server started.
2022-12-08 06:43:56,246 [org.apache.hadoop.util.JvmPauseMonitor$Monitor@75553b33] INFO  util.JvmPauseMonitor (JvmPauseMonitor.java:run(188)) - Starting JVM pause monitor
2022-12-08 06:43:56,251 [Datanode State Machine Task Thread - 0] INFO  datanode.InitDatanodeState (InitDatanodeState.java:persistContainerDatanodeDetails(138)) - DatanodeDetails is persisted to /home/runner/work/ozone/ozone/hadoop-ozone/integration-test/target/test-dir/MiniOzoneClusterImpl-ddb91292-9bed-4e17-ad85-89bc7eecbd5e/datanode-5/meta/datanode.id
2022-12-08 06:43:56,270 [Listener at 127.0.0.1/38363] INFO  ozone.HddsDatanodeService (HddsDatanodeService.java:start(236)) - HddsDatanodeService host:fv-az205-634.k2gd1z4tyxsu3cbgyjsjq30zwf.jx.internal.cloudapp.net ip:10.1.0.31
2022-12-08 06:43:56,302 [Listener at 127.0.0.1/38363] INFO  upgrade.AbstractLayoutVersionManager (AbstractLayoutVersionManager.java:init(83)) - Initializing Layout version manager with metadata layout = DATANODE_SCHEMA_V3 (version = 4), software layout = DATANODE_SCHEMA_V3 (version = 4)
2022-12-08 06:43:56,350 [EndpointStateMachine task thread for /0.0.0.0:44965 - 0 ] INFO  utils.DatanodeStoreCache (DatanodeStoreCache.java:addDB(58)) - Added db /home/runner/work/ozone/ozone/hadoop-ozone/integration-test/target/test-dir/MiniOzoneClusterImpl-ddb91292-9bed-4e17-ad85-89bc7eecbd5e/datanode-0/data-0/containers/hdds/ddb91292-9bed-4e17-ad85-89bc7eecbd5e/DS-ff8bc2c3-da38-4a1f-92a9-91c73d60deca/container.db to cache
2022-12-08 06:43:56,350 [EndpointStateMachine task thread for /0.0.0.0:44965 - 0 ] INFO  volume.HddsVolume (HddsVolume.java:createDbStore(307)) - SchemaV3 db is created and loaded at /home/runner/work/ozone/ozone/hadoop-ozone/integration-test/target/test-dir/MiniOzoneClusterImpl-ddb91292-9bed-4e17-ad85-89bc7eecbd5e/datanode-0/data-0/containers/hdds/ddb91292-9bed-4e17-ad85-89bc7eecbd5e/DS-ff8bc2c3-da38-4a1f-92a9-91c73d60deca/container.db for volume DS-ff8bc2c3-da38-4a1f-92a9-91c73d60deca
2022-12-08 06:43:56,357 [EndpointStateMachine task thread for /0.0.0.0:44965 - 0 ] INFO  ozoneimpl.OzoneContainer (OzoneContainer.java:start(395)) - Attempting to start container services.
2022-12-08 06:43:56,359 [EndpointStateMachine task thread for /0.0.0.0:44965 - 0 ] INFO  ozoneimpl.OzoneContainer (OzoneContainer.java:startContainerScrub(312)) - Scheduled background container scanners and the on-demand container scanner have been disabled.
2022-12-08 06:43:56,362 [EndpointStateMachine task thread for /0.0.0.0:44965 - 0 ] INFO  replication.ReplicationServer (ReplicationServer.java:start(111)) - ReplicationServer is started using port 43877
2022-12-08 06:43:56,368 [EndpointStateMachine task thread for /0.0.0.0:44965 - 0 ] INFO  ratis.XceiverServerRatis (XceiverServerRatis.java:start(481)) - Starting XceiverServerRatis 16b83421-d067-43ff-a35e-8d85285fddd5
2022-12-08 06:43:56,373 [EndpointStateMachine task thread for /0.0.0.0:44965 - 0 ] INFO  server.RaftServer (RaftServerProxy.java:startImpl(393)) - 16b83421-d067-43ff-a35e-8d85285fddd5: start RPC server
2022-12-08 06:43:56,391 [EndpointStateMachine task thread for /0.0.0.0:44965 - 0 ] INFO  server.GrpcService (GrpcService.java:startImpl(262)) - 16b83421-d067-43ff-a35e-8d85285fddd5: GrpcService started, listening on 41675
2022-12-08 06:43:56,397 [Listener at 127.0.0.1/38363] INFO  reflections.Reflections (Reflections.java:scan(232)) - Reflections took 94 ms to scan 7 urls, producing 140 keys and 342 values 
2022-12-08 06:43:56,398 [Listener at 127.0.0.1/38363] INFO  statemachine.DatanodeStateMachine (DatanodeStateMachine.java:getEndPointTaskThreadPoolSize(245)) - Datanode State Machine Task Thread Pool size 2
2022-12-08 06:43:56,401 [EndpointStateMachine task thread for /0.0.0.0:44965 - 0 ] INFO  ratis.XceiverServerRatis (XceiverServerRatis.java:getRealPort(502)) - XceiverServerRatis 16b83421-d067-43ff-a35e-8d85285fddd5 is started using port 41675 for RATIS
2022-12-08 06:43:56,401 [EndpointStateMachine task thread for /0.0.0.0:44965 - 0 ] INFO  ratis.XceiverServerRatis (XceiverServerRatis.java:getRealPort(502)) - XceiverServerRatis 16b83421-d067-43ff-a35e-8d85285fddd5 is started using port 41675 for RATIS_ADMIN
2022-12-08 06:43:56,401 [EndpointStateMachine task thread for /0.0.0.0:44965 - 0 ] INFO  ratis.XceiverServerRatis (XceiverServerRatis.java:getRealPort(502)) - XceiverServerRatis 16b83421-d067-43ff-a35e-8d85285fddd5 is started using port 41675 for RATIS_SERVER
2022-12-08 06:43:56,402 [JvmPauseMonitor1] INFO  util.JvmPauseMonitor (JvmPauseMonitor.java:run(105)) - JvmPauseMonitor-16b83421-d067-43ff-a35e-8d85285fddd5: Started
2022-12-08 06:43:56,416 [Listener at 127.0.0.1/38363] INFO  volume.HddsVolume (HddsVolume.java:<init>(117)) - Creating HddsVolume: /home/runner/work/ozone/ozone/hadoop-ozone/integration-test/target/test-dir/MiniOzoneClusterImpl-ddb91292-9bed-4e17-ad85-89bc7eecbd5e/datanode-6/data-0/containers/hdds of storage type : DISK capacity : 9223372036854775807
2022-12-08 06:43:56,416 [Listener at 127.0.0.1/38363] INFO  volume.MutableVolumeSet (MutableVolumeSet.java:initializeVolumeSet(174)) - Added Volume : /home/runner/work/ozone/ozone/hadoop-ozone/integration-test/target/test-dir/MiniOzoneClusterImpl-ddb91292-9bed-4e17-ad85-89bc7eecbd5e/datanode-6/data-0/containers/hdds to VolumeSet
2022-12-08 06:43:56,416 [Listener at 127.0.0.1/38363] INFO  volume.ThrottledAsyncChecker (ThrottledAsyncChecker.java:schedule(141)) - Scheduling a check for /home/runner/work/ozone/ozone/hadoop-ozone/integration-test/target/test-dir/MiniOzoneClusterImpl-ddb91292-9bed-4e17-ad85-89bc7eecbd5e/datanode-6/data-0/containers/hdds
2022-12-08 06:43:56,432 [Listener at 127.0.0.1/38363] INFO  volume.StorageVolumeChecker (StorageVolumeChecker.java:checkAllVolumes(202)) - Scheduled health check for volume /home/runner/work/ozone/ozone/hadoop-ozone/integration-test/target/test-dir/MiniOzoneClusterImpl-ddb91292-9bed-4e17-ad85-89bc7eecbd5e/datanode-6/data-0/containers/hdds
2022-12-08 06:43:56,456 [Listener at 127.0.0.1/38363] INFO  volume.MutableVolumeSet (MutableVolumeSet.java:initializeVolumeSet(174)) - Added Volume : /home/runner/work/ozone/ozone/hadoop-ozone/integration-test/target/test-dir/MiniOzoneClusterImpl-ddb91292-9bed-4e17-ad85-89bc7eecbd5e/datanode-6/data/ratis to VolumeSet
2022-12-08 06:43:56,457 [Listener at 127.0.0.1/38363] INFO  volume.ThrottledAsyncChecker (ThrottledAsyncChecker.java:schedule(141)) - Scheduling a check for /home/runner/work/ozone/ozone/hadoop-ozone/integration-test/target/test-dir/MiniOzoneClusterImpl-ddb91292-9bed-4e17-ad85-89bc7eecbd5e/datanode-6/data/ratis
2022-12-08 06:43:56,457 [Listener at 127.0.0.1/38363] INFO  volume.StorageVolumeChecker (StorageVolumeChecker.java:checkAllVolumes(202)) - Scheduled health check for volume /home/runner/work/ozone/ozone/hadoop-ozone/integration-test/target/test-dir/MiniOzoneClusterImpl-ddb91292-9bed-4e17-ad85-89bc7eecbd5e/datanode-6/data/ratis
2022-12-08 06:43:56,447 [EndpointStateMachine task thread for /0.0.0.0:44965 - 0 ] INFO  server.XceiverServerGrpc (XceiverServerGrpc.java:start(180)) - XceiverServerGrpc 16b83421-d067-43ff-a35e-8d85285fddd5 is started using port 39579
2022-12-08 06:43:56,484 [Thread-220] INFO  ozoneimpl.ContainerReader (ContainerReader.java:readVolume(175)) - Finish verifying containers on volume /home/runner/work/ozone/ozone/hadoop-ozone/integration-test/target/test-dir/MiniOzoneClusterImpl-ddb91292-9bed-4e17-ad85-89bc7eecbd5e/datanode-6/data-0/containers/hdds
2022-12-08 06:43:56,484 [Listener at 127.0.0.1/38363] INFO  ozoneimpl.OzoneContainer (OzoneContainer.java:buildContainerSet(301)) - Build ContainerSet costs 0s
2022-12-08 06:43:56,487 [Listener at 127.0.0.1/38363] INFO  server.RaftServer (ConfUtils.java:logGet(46)) - raft.rpc.type = GRPC (default)
2022-12-08 06:43:56,487 [Listener at 127.0.0.1/38363] INFO  grpc.GrpcConfigKeys (ConfUtils.java:logFallback(53)) - raft.grpc.admin.host = null (fallback to raft.grpc.server.host)
2022-12-08 06:43:56,487 [Listener at 127.0.0.1/38363] INFO  grpc.GrpcConfigKeys (ConfUtils.java:logGet(46)) - raft.grpc.admin.port = 0 (custom)
2022-12-08 06:43:56,487 [Listener at 127.0.0.1/38363] INFO  grpc.GrpcConfigKeys (ConfUtils.java:logFallback(53)) - raft.grpc.client.host = null (fallback to raft.grpc.server.host)
2022-12-08 06:43:56,487 [Listener at 127.0.0.1/38363] INFO  grpc.GrpcConfigKeys (ConfUtils.java:logGet(46)) - raft.grpc.client.port = 0 (custom)
2022-12-08 06:43:56,487 [Listener at 127.0.0.1/38363] INFO  grpc.GrpcConfigKeys (ConfUtils.java:logGet(46)) - raft.grpc.server.host = null (default)
2022-12-08 06:43:56,487 [Listener at 127.0.0.1/38363] INFO  grpc.GrpcConfigKeys (ConfUtils.java:logGet(46)) - raft.grpc.server.port = 0 (default)
2022-12-08 06:43:56,488 [Listener at 127.0.0.1/38363] INFO  server.GrpcService (ConfUtils.java:logGet(46)) - raft.grpc.message.size.max = 32MB (=33554432) (custom)
2022-12-08 06:43:56,488 [Listener at 127.0.0.1/38363] INFO  server.RaftServerConfigKeys (ConfUtils.java:logGet(46)) - raft.server.log.appender.buffer.byte-limit = 33554432 (custom)
2022-12-08 06:43:56,488 [Listener at 127.0.0.1/38363] INFO  server.GrpcService (ConfUtils.java:logGet(46)) - raft.grpc.flow.control.window = 5MB (=5242880) (custom)
2022-12-08 06:43:56,488 [Listener at 127.0.0.1/38363] INFO  server.RaftServerConfigKeys (ConfUtils.java:logGet(46)) - raft.server.rpc.request.timeout = 60s (custom)
2022-12-08 06:43:56,488 [Listener at 127.0.0.1/38363] INFO  grpc.GrpcConfigKeys (ConfUtils.java:logGet(46)) - raft.grpc.server.heartbeat.channel = true (default)
2022-12-08 06:43:56,488 [Listener at 127.0.0.1/38363] INFO  grpc.GrpcConfigKeys (ConfUtils.java:logGet(46)) - raft.grpc.server.async.request.thread.pool.cached = true (default)
2022-12-08 06:43:56,488 [Listener at 127.0.0.1/38363] INFO  grpc.GrpcConfigKeys (ConfUtils.java:logGet(46)) - raft.grpc.server.async.request.thread.pool.size = 32 (default)
2022-12-08 06:43:56,489 [Listener at 127.0.0.1/38363] INFO  impl.DataStreamServerImpl (ConfUtils.java:logGet(46)) - raft.datastream.type = DISABLED (default)
2022-12-08 06:43:56,489 [Listener at 127.0.0.1/38363] INFO  server.RaftServerConfigKeys (ConfUtils.java:logGet(46)) - raft.server.threadpool.proxy.cached = true (default)
2022-12-08 06:43:56,489 [Listener at 127.0.0.1/38363] INFO  server.RaftServerConfigKeys (ConfUtils.java:logGet(46)) - raft.server.threadpool.proxy.size = 0 (default)
2022-12-08 06:43:56,489 [Listener at 127.0.0.1/38363] INFO  server.RaftServerConfigKeys (ConfUtils.java:logGet(46)) - raft.server.rpc.slowness.timeout = 300s (custom)
2022-12-08 06:43:56,490 [Listener at 127.0.0.1/38363] INFO  server.RaftServerConfigKeys (ConfUtils.java:logGet(46)) - raft.server.leaderelection.leader.step-down.wait-time = 10s (default)
2022-12-08 06:43:56,490 [Listener at 127.0.0.1/38363] INFO  server.RaftServerConfigKeys (ConfUtils.java:logGet(46)) - raft.server.storage.dir = [/home/runner/work/ozone/ozone/hadoop-ozone/integration-test/target/test-dir/MiniOzoneClusterImpl-ddb91292-9bed-4e17-ad85-89bc7eecbd5e/datanode-6/data/ratis] (custom)
2022-12-08 06:43:56,491 [Listener at 127.0.0.1/38363] INFO  server.XceiverServerGrpc (XceiverServerGrpc.java:<init>(132)) - GrpcServer channel type EpollServerSocketChannel
2022-12-08 06:43:56,494 [Listener at 127.0.0.1/38363] INFO  http.BaseHttpServer (BaseHttpServer.java:newHttpServer2BuilderForOzone(213)) - Starting Web-server for hddsDatanode at: http://0.0.0.0:0
2022-12-08 06:43:56,494 [Listener at 127.0.0.1/38363] INFO  http.BaseHttpServer (BaseHttpServer.java:<init>(108)) - Hadoop Security Enabled: false Ozone Security Enabled: false Ozone HTTP Security Enabled: false 
2022-12-08 06:43:56,495 [Listener at 127.0.0.1/38363] WARN  server.AuthenticationFilter (AuthenticationFilter.java:constructSecretProvider(240)) - Unable to initialize FileSignerSecretProvider, falling back to use random secrets. Reason: Could not read signature secret file: /home/runner/hadoop-http-auth-signature-secret
2022-12-08 06:43:56,496 [Listener at 127.0.0.1/38363] WARN  http.HttpRequestLog (HttpRequestLog.java:getRequestLog(103)) - Jetty request log can only be enabled using Log4j
2022-12-08 06:43:56,497 [Listener at 127.0.0.1/38363] INFO  http.HttpServer2 (HttpServer2.java:addGlobalFilter(1031)) - Added global filter 'safety' (class=org.apache.hadoop.hdds.server.http.HttpServer2$QuotingInputFilter)
2022-12-08 06:43:56,498 [Listener at 127.0.0.1/38363] INFO  http.HttpServer2 (HttpServer2.java:addFilter(1007)) - Added filter static_user_filter (class=org.apache.hadoop.http.lib.StaticUserWebFilter$StaticUserFilter) to context hddsDatanode
2022-12-08 06:43:56,498 [Listener at 127.0.0.1/38363] INFO  http.HttpServer2 (HttpServer2.java:addFilter(1015)) - Added filter static_user_filter (class=org.apache.hadoop.http.lib.StaticUserWebFilter$StaticUserFilter) to context logs
2022-12-08 06:43:56,498 [Listener at 127.0.0.1/38363] INFO  http.HttpServer2 (HttpServer2.java:addFilter(1015)) - Added filter static_user_filter (class=org.apache.hadoop.http.lib.StaticUserWebFilter$StaticUserFilter) to context static
2022-12-08 06:43:56,499 [Listener at 127.0.0.1/38363] INFO  http.HttpServer2 (HttpServer2.java:bindListener(1250)) - Jetty bound to port 40757
2022-12-08 06:43:56,499 [Listener at 127.0.0.1/38363] INFO  server.Server (Server.java:doStart(375)) - jetty-9.4.49.v20220914; built: 2022-09-14T01:07:36.601Z; git: 4231a3b2e4cb8548a412a789936d640a97b1aa0a; jvm 1.8.0_352-b08
2022-12-08 06:43:56,500 [Listener at 127.0.0.1/38363] INFO  server.session (DefaultSessionIdManager.java:doStart(334)) - DefaultSessionIdManager workerName=node0
2022-12-08 06:43:56,500 [Listener at 127.0.0.1/38363] INFO  server.session (DefaultSessionIdManager.java:doStart(339)) - No SessionScavenger set, using defaults
2022-12-08 06:43:56,501 [Listener at 127.0.0.1/38363] INFO  server.session (HouseKeeper.java:startScavenging(132)) - node0 Scavenging every 660000ms
2022-12-08 06:43:56,501 [Listener at 127.0.0.1/38363] INFO  handler.ContextHandler (ContextHandler.java:doStart(921)) - Started o.e.j.s.ServletContextHandler@35a917e0{logs,/logs,file:///home/runner/work/ozone/ozone/hadoop-ozone/integration-test/target/log,AVAILABLE}
2022-12-08 06:43:56,502 [Listener at 127.0.0.1/38363] INFO  handler.ContextHandler (ContextHandler.java:doStart(921)) - Started o.e.j.s.ServletContextHandler@64b42529{static,/static,jar:file:/home/runner/.m2/repository/org/apache/ozone/hdds-container-service/1.3.0-SNAPSHOT/hdds-container-service-1.3.0-SNAPSHOT.jar!/webapps/static,AVAILABLE}
2022-12-08 06:43:56,683 [Listener at 127.0.0.1/38363] INFO  handler.ContextHandler (ContextHandler.java:doStart(921)) - Started o.e.j.w.WebAppContext@4efad188{hddsDatanode,/,file:///tmp/jetty-0_0_0_0-40757-hdds-container-service-1_3_0-SNAPSHOT_jar-_-any-4290615089756926846/webapp/,AVAILABLE}{jar:file:/home/runner/.m2/repository/org/apache/ozone/hdds-container-service/1.3.0-SNAPSHOT/hdds-container-service-1.3.0-SNAPSHOT.jar!/webapps/hddsDatanode}
2022-12-08 06:43:56,685 [Listener at 127.0.0.1/38363] INFO  server.AbstractConnector (AbstractConnector.java:doStart(333)) - Started ServerConnector@291953c5{HTTP/1.1, (http/1.1)}{0.0.0.0:40757}
2022-12-08 06:43:56,686 [Listener at 127.0.0.1/38363] INFO  server.Server (Server.java:doStart(415)) - Started @10589ms
2022-12-08 06:43:56,686 [Listener at 127.0.0.1/38363] WARN  impl.MetricsSystemImpl (MetricsSystemImpl.java:register(279)) - Sink prometheus already exists!
2022-12-08 06:43:56,686 [Listener at 127.0.0.1/38363] INFO  http.BaseHttpServer (BaseHttpServer.java:updateConnectorAddress(333)) - HTTP server of hddsDatanode listening at http://0.0.0.0:40757
2022-12-08 06:43:56,688 [Listener at 127.0.0.1/38363] INFO  ozone.MiniOzoneClusterImpl (MiniOzoneClusterImpl.java:lambda$waitForClusterToBeReady$0(216)) - Waiting for nodes to be ready. Got 0 of 7 DN Heartbeats.
2022-12-08 06:43:56,688 [Listener at 127.0.0.1/38363] INFO  ozone.MiniOzoneClusterImpl (MiniOzoneClusterImpl.java:lambda$waitForClusterToBeReady$0(219)) - Waiting for cluster to exit safe mode
2022-12-08 06:43:56,688 [Listener at 127.0.0.1/38363] INFO  ozone.MiniOzoneClusterImpl (MiniOzoneClusterImpl.java:lambda$waitForClusterToBeReady$0(221)) - SCM became leader
2022-12-08 06:43:56,688 [Datanode State Machine Daemon Thread] INFO  statemachine.DatanodeStateMachine (DatanodeStateMachine.java:lambda$startDaemon$0(505)) - Ozone container server started.
2022-12-08 06:43:56,697 [org.apache.hadoop.util.JvmPauseMonitor$Monitor@25d7ec37] INFO  util.JvmPauseMonitor (JvmPauseMonitor.java:run(188)) - Starting JVM pause monitor
2022-12-08 06:43:56,700 [Datanode State Machine Task Thread - 0] INFO  datanode.InitDatanodeState (InitDatanodeState.java:persistContainerDatanodeDetails(138)) - DatanodeDetails is persisted to /home/runner/work/ozone/ozone/hadoop-ozone/integration-test/target/test-dir/MiniOzoneClusterImpl-ddb91292-9bed-4e17-ad85-89bc7eecbd5e/datanode-6/meta/datanode.id
2022-12-08 06:43:56,812 [EndpointStateMachine task thread for /0.0.0.0:44965 - 0 ] INFO  utils.DatanodeStoreCache (DatanodeStoreCache.java:addDB(58)) - Added db /home/runner/work/ozone/ozone/hadoop-ozone/integration-test/target/test-dir/MiniOzoneClusterImpl-ddb91292-9bed-4e17-ad85-89bc7eecbd5e/datanode-1/data-0/containers/hdds/ddb91292-9bed-4e17-ad85-89bc7eecbd5e/DS-6f506e94-6fcc-4295-be64-5195bd4cd0c4/container.db to cache
2022-12-08 06:43:56,812 [EndpointStateMachine task thread for /0.0.0.0:44965 - 0 ] INFO  volume.HddsVolume (HddsVolume.java:createDbStore(307)) - SchemaV3 db is created and loaded at /home/runner/work/ozone/ozone/hadoop-ozone/integration-test/target/test-dir/MiniOzoneClusterImpl-ddb91292-9bed-4e17-ad85-89bc7eecbd5e/datanode-1/data-0/containers/hdds/ddb91292-9bed-4e17-ad85-89bc7eecbd5e/DS-6f506e94-6fcc-4295-be64-5195bd4cd0c4/container.db for volume DS-6f506e94-6fcc-4295-be64-5195bd4cd0c4
2022-12-08 06:43:56,812 [EndpointStateMachine task thread for /0.0.0.0:44965 - 0 ] INFO  ozoneimpl.OzoneContainer (OzoneContainer.java:start(395)) - Attempting to start container services.
2022-12-08 06:43:56,812 [EndpointStateMachine task thread for /0.0.0.0:44965 - 0 ] INFO  ozoneimpl.OzoneContainer (OzoneContainer.java:startContainerScrub(312)) - Scheduled background container scanners and the on-demand container scanner have been disabled.
2022-12-08 06:43:56,814 [EndpointStateMachine task thread for /0.0.0.0:44965 - 0 ] INFO  replication.ReplicationServer (ReplicationServer.java:start(111)) - ReplicationServer is started using port 35385
2022-12-08 06:43:56,814 [EndpointStateMachine task thread for /0.0.0.0:44965 - 0 ] INFO  ratis.XceiverServerRatis (XceiverServerRatis.java:start(481)) - Starting XceiverServerRatis f4510996-e6f0-4857-a292-ff170ae2c782
2022-12-08 06:43:56,815 [EndpointStateMachine task thread for /0.0.0.0:44965 - 0 ] INFO  server.RaftServer (RaftServerProxy.java:startImpl(393)) - f4510996-e6f0-4857-a292-ff170ae2c782: start RPC server
2022-12-08 06:43:56,820 [EndpointStateMachine task thread for /0.0.0.0:44965 - 0 ] INFO  server.GrpcService (GrpcService.java:startImpl(262)) - f4510996-e6f0-4857-a292-ff170ae2c782: GrpcService started, listening on 33975
2022-12-08 06:43:56,821 [EndpointStateMachine task thread for /0.0.0.0:44965 - 0 ] INFO  ratis.XceiverServerRatis (XceiverServerRatis.java:getRealPort(502)) - XceiverServerRatis f4510996-e6f0-4857-a292-ff170ae2c782 is started using port 33975 for RATIS
2022-12-08 06:43:56,821 [EndpointStateMachine task thread for /0.0.0.0:44965 - 0 ] INFO  ratis.XceiverServerRatis (XceiverServerRatis.java:getRealPort(502)) - XceiverServerRatis f4510996-e6f0-4857-a292-ff170ae2c782 is started using port 33975 for RATIS_ADMIN
2022-12-08 06:43:56,821 [EndpointStateMachine task thread for /0.0.0.0:44965 - 0 ] INFO  ratis.XceiverServerRatis (XceiverServerRatis.java:getRealPort(502)) - XceiverServerRatis f4510996-e6f0-4857-a292-ff170ae2c782 is started using port 33975 for RATIS_SERVER
2022-12-08 06:43:56,821 [JvmPauseMonitor2] INFO  util.JvmPauseMonitor (JvmPauseMonitor.java:run(105)) - JvmPauseMonitor-f4510996-e6f0-4857-a292-ff170ae2c782: Started
2022-12-08 06:43:56,822 [EndpointStateMachine task thread for /0.0.0.0:44965 - 0 ] INFO  server.XceiverServerGrpc (XceiverServerGrpc.java:start(180)) - XceiverServerGrpc f4510996-e6f0-4857-a292-ff170ae2c782 is started using port 44877
2022-12-08 06:43:57,193 [EndpointStateMachine task thread for /0.0.0.0:44965 - 0 ] INFO  utils.DatanodeStoreCache (DatanodeStoreCache.java:addDB(58)) - Added db /home/runner/work/ozone/ozone/hadoop-ozone/integration-test/target/test-dir/MiniOzoneClusterImpl-ddb91292-9bed-4e17-ad85-89bc7eecbd5e/datanode-2/data-0/containers/hdds/ddb91292-9bed-4e17-ad85-89bc7eecbd5e/DS-e3412327-0f52-410d-94d5-6e7002521a7d/container.db to cache
2022-12-08 06:43:57,193 [EndpointStateMachine task thread for /0.0.0.0:44965 - 0 ] INFO  volume.HddsVolume (HddsVolume.java:createDbStore(307)) - SchemaV3 db is created and loaded at /home/runner/work/ozone/ozone/hadoop-ozone/integration-test/target/test-dir/MiniOzoneClusterImpl-ddb91292-9bed-4e17-ad85-89bc7eecbd5e/datanode-2/data-0/containers/hdds/ddb91292-9bed-4e17-ad85-89bc7eecbd5e/DS-e3412327-0f52-410d-94d5-6e7002521a7d/container.db for volume DS-e3412327-0f52-410d-94d5-6e7002521a7d
2022-12-08 06:43:57,194 [EndpointStateMachine task thread for /0.0.0.0:44965 - 0 ] INFO  ozoneimpl.OzoneContainer (OzoneContainer.java:start(395)) - Attempting to start container services.
2022-12-08 06:43:57,194 [EndpointStateMachine task thread for /0.0.0.0:44965 - 0 ] INFO  ozoneimpl.OzoneContainer (OzoneContainer.java:startContainerScrub(312)) - Scheduled background container scanners and the on-demand container scanner have been disabled.
2022-12-08 06:43:57,195 [EndpointStateMachine task thread for /0.0.0.0:44965 - 0 ] INFO  replication.ReplicationServer (ReplicationServer.java:start(111)) - ReplicationServer is started using port 33327
2022-12-08 06:43:57,196 [EndpointStateMachine task thread for /0.0.0.0:44965 - 0 ] INFO  ratis.XceiverServerRatis (XceiverServerRatis.java:start(481)) - Starting XceiverServerRatis 94cb98dd-f956-4629-97e9-c7eafa6bfa57
2022-12-08 06:43:57,197 [EndpointStateMachine task thread for /0.0.0.0:44965 - 0 ] INFO  server.RaftServer (RaftServerProxy.java:startImpl(393)) - 94cb98dd-f956-4629-97e9-c7eafa6bfa57: start RPC server
2022-12-08 06:43:57,199 [EndpointStateMachine task thread for /0.0.0.0:44965 - 0 ] INFO  server.GrpcService (GrpcService.java:startImpl(262)) - 94cb98dd-f956-4629-97e9-c7eafa6bfa57: GrpcService started, listening on 38663
2022-12-08 06:43:57,200 [EndpointStateMachine task thread for /0.0.0.0:44965 - 0 ] INFO  ratis.XceiverServerRatis (XceiverServerRatis.java:getRealPort(502)) - XceiverServerRatis 94cb98dd-f956-4629-97e9-c7eafa6bfa57 is started using port 38663 for RATIS
2022-12-08 06:43:57,200 [EndpointStateMachine task thread for /0.0.0.0:44965 - 0 ] INFO  ratis.XceiverServerRatis (XceiverServerRatis.java:getRealPort(502)) - XceiverServerRatis 94cb98dd-f956-4629-97e9-c7eafa6bfa57 is started using port 38663 for RATIS_ADMIN
2022-12-08 06:43:57,200 [EndpointStateMachine task thread for /0.0.0.0:44965 - 0 ] INFO  ratis.XceiverServerRatis (XceiverServerRatis.java:getRealPort(502)) - XceiverServerRatis 94cb98dd-f956-4629-97e9-c7eafa6bfa57 is started using port 38663 for RATIS_SERVER
2022-12-08 06:43:57,200 [JvmPauseMonitor3] INFO  util.JvmPauseMonitor (JvmPauseMonitor.java:run(105)) - JvmPauseMonitor-94cb98dd-f956-4629-97e9-c7eafa6bfa57: Started
2022-12-08 06:43:57,203 [EndpointStateMachine task thread for /0.0.0.0:44965 - 0 ] INFO  server.XceiverServerGrpc (XceiverServerGrpc.java:start(180)) - XceiverServerGrpc 94cb98dd-f956-4629-97e9-c7eafa6bfa57 is started using port 34085
2022-12-08 06:43:57,546 [EndpointStateMachine task thread for /0.0.0.0:44965 - 0 ] INFO  utils.DatanodeStoreCache (DatanodeStoreCache.java:addDB(58)) - Added db /home/runner/work/ozone/ozone/hadoop-ozone/integration-test/target/test-dir/MiniOzoneClusterImpl-ddb91292-9bed-4e17-ad85-89bc7eecbd5e/datanode-3/data-0/containers/hdds/ddb91292-9bed-4e17-ad85-89bc7eecbd5e/DS-4a96a9e3-e933-4a94-8949-6a47759ca37e/container.db to cache
2022-12-08 06:43:57,546 [EndpointStateMachine task thread for /0.0.0.0:44965 - 0 ] INFO  volume.HddsVolume (HddsVolume.java:createDbStore(307)) - SchemaV3 db is created and loaded at /home/runner/work/ozone/ozone/hadoop-ozone/integration-test/target/test-dir/MiniOzoneClusterImpl-ddb91292-9bed-4e17-ad85-89bc7eecbd5e/datanode-3/data-0/containers/hdds/ddb91292-9bed-4e17-ad85-89bc7eecbd5e/DS-4a96a9e3-e933-4a94-8949-6a47759ca37e/container.db for volume DS-4a96a9e3-e933-4a94-8949-6a47759ca37e
2022-12-08 06:43:57,547 [EndpointStateMachine task thread for /0.0.0.0:44965 - 0 ] INFO  ozoneimpl.OzoneContainer (OzoneContainer.java:start(395)) - Attempting to start container services.
2022-12-08 06:43:57,547 [EndpointStateMachine task thread for /0.0.0.0:44965 - 0 ] INFO  ozoneimpl.OzoneContainer (OzoneContainer.java:startContainerScrub(312)) - Scheduled background container scanners and the on-demand container scanner have been disabled.
2022-12-08 06:43:57,549 [EndpointStateMachine task thread for /0.0.0.0:44965 - 0 ] INFO  replication.ReplicationServer (ReplicationServer.java:start(111)) - ReplicationServer is started using port 38507
2022-12-08 06:43:57,549 [EndpointStateMachine task thread for /0.0.0.0:44965 - 0 ] INFO  ratis.XceiverServerRatis (XceiverServerRatis.java:start(481)) - Starting XceiverServerRatis 1c8923d8-6a71-498a-a002-ede96d851d5f
2022-12-08 06:43:57,552 [EndpointStateMachine task thread for /0.0.0.0:44965 - 0 ] INFO  server.RaftServer (RaftServerProxy.java:startImpl(393)) - 1c8923d8-6a71-498a-a002-ede96d851d5f: start RPC server
2022-12-08 06:43:57,553 [EndpointStateMachine task thread for /0.0.0.0:44965 - 0 ] INFO  server.GrpcService (GrpcService.java:startImpl(262)) - 1c8923d8-6a71-498a-a002-ede96d851d5f: GrpcService started, listening on 46793
2022-12-08 06:43:57,554 [EndpointStateMachine task thread for /0.0.0.0:44965 - 0 ] INFO  ratis.XceiverServerRatis (XceiverServerRatis.java:getRealPort(502)) - XceiverServerRatis 1c8923d8-6a71-498a-a002-ede96d851d5f is started using port 46793 for RATIS
2022-12-08 06:43:57,554 [JvmPauseMonitor4] INFO  util.JvmPauseMonitor (JvmPauseMonitor.java:run(105)) - JvmPauseMonitor-1c8923d8-6a71-498a-a002-ede96d851d5f: Started
2022-12-08 06:43:57,554 [EndpointStateMachine task thread for /0.0.0.0:44965 - 0 ] INFO  ratis.XceiverServerRatis (XceiverServerRatis.java:getRealPort(502)) - XceiverServerRatis 1c8923d8-6a71-498a-a002-ede96d851d5f is started using port 46793 for RATIS_ADMIN
2022-12-08 06:43:57,554 [EndpointStateMachine task thread for /0.0.0.0:44965 - 0 ] INFO  ratis.XceiverServerRatis (XceiverServerRatis.java:getRealPort(502)) - XceiverServerRatis 1c8923d8-6a71-498a-a002-ede96d851d5f is started using port 46793 for RATIS_SERVER
2022-12-08 06:43:57,557 [EndpointStateMachine task thread for /0.0.0.0:44965 - 0 ] INFO  server.XceiverServerGrpc (XceiverServerGrpc.java:start(180)) - XceiverServerGrpc 1c8923d8-6a71-498a-a002-ede96d851d5f is started using port 46579
2022-12-08 06:43:57,688 [Listener at 127.0.0.1/38363] INFO  ozone.MiniOzoneClusterImpl (MiniOzoneClusterImpl.java:lambda$waitForClusterToBeReady$0(216)) - Waiting for nodes to be ready. Got 0 of 7 DN Heartbeats.
2022-12-08 06:43:57,689 [Listener at 127.0.0.1/38363] INFO  ozone.MiniOzoneClusterImpl (MiniOzoneClusterImpl.java:lambda$waitForClusterToBeReady$0(219)) - Waiting for cluster to exit safe mode
2022-12-08 06:43:57,689 [Listener at 127.0.0.1/38363] INFO  ozone.MiniOzoneClusterImpl (MiniOzoneClusterImpl.java:lambda$waitForClusterToBeReady$0(221)) - SCM became leader
2022-12-08 06:43:57,925 [EndpointStateMachine task thread for /0.0.0.0:44965 - 0 ] INFO  utils.DatanodeStoreCache (DatanodeStoreCache.java:addDB(58)) - Added db /home/runner/work/ozone/ozone/hadoop-ozone/integration-test/target/test-dir/MiniOzoneClusterImpl-ddb91292-9bed-4e17-ad85-89bc7eecbd5e/datanode-4/data-0/containers/hdds/ddb91292-9bed-4e17-ad85-89bc7eecbd5e/DS-48f3b139-c3d5-4300-8c7a-c7c87994bd7d/container.db to cache
2022-12-08 06:43:57,925 [EndpointStateMachine task thread for /0.0.0.0:44965 - 0 ] INFO  volume.HddsVolume (HddsVolume.java:createDbStore(307)) - SchemaV3 db is created and loaded at /home/runner/work/ozone/ozone/hadoop-ozone/integration-test/target/test-dir/MiniOzoneClusterImpl-ddb91292-9bed-4e17-ad85-89bc7eecbd5e/datanode-4/data-0/containers/hdds/ddb91292-9bed-4e17-ad85-89bc7eecbd5e/DS-48f3b139-c3d5-4300-8c7a-c7c87994bd7d/container.db for volume DS-48f3b139-c3d5-4300-8c7a-c7c87994bd7d
2022-12-08 06:43:57,925 [EndpointStateMachine task thread for /0.0.0.0:44965 - 0 ] INFO  ozoneimpl.OzoneContainer (OzoneContainer.java:start(395)) - Attempting to start container services.
2022-12-08 06:43:57,925 [EndpointStateMachine task thread for /0.0.0.0:44965 - 0 ] INFO  ozoneimpl.OzoneContainer (OzoneContainer.java:startContainerScrub(312)) - Scheduled background container scanners and the on-demand container scanner have been disabled.
2022-12-08 06:43:57,928 [EndpointStateMachine task thread for /0.0.0.0:44965 - 0 ] INFO  replication.ReplicationServer (ReplicationServer.java:start(111)) - ReplicationServer is started using port 44603
2022-12-08 06:43:57,928 [EndpointStateMachine task thread for /0.0.0.0:44965 - 0 ] INFO  ratis.XceiverServerRatis (XceiverServerRatis.java:start(481)) - Starting XceiverServerRatis c444494d-3849-481c-b3bb-cf4c6642ac3d
2022-12-08 06:43:57,929 [EndpointStateMachine task thread for /0.0.0.0:44965 - 0 ] INFO  server.RaftServer (RaftServerProxy.java:startImpl(393)) - c444494d-3849-481c-b3bb-cf4c6642ac3d: start RPC server
2022-12-08 06:43:57,932 [EndpointStateMachine task thread for /0.0.0.0:44965 - 0 ] INFO  server.GrpcService (GrpcService.java:startImpl(262)) - c444494d-3849-481c-b3bb-cf4c6642ac3d: GrpcService started, listening on 35699
2022-12-08 06:43:57,933 [EndpointStateMachine task thread for /0.0.0.0:44965 - 0 ] INFO  ratis.XceiverServerRatis (XceiverServerRatis.java:getRealPort(502)) - XceiverServerRatis c444494d-3849-481c-b3bb-cf4c6642ac3d is started using port 35699 for RATIS
2022-12-08 06:43:57,933 [EndpointStateMachine task thread for /0.0.0.0:44965 - 0 ] INFO  ratis.XceiverServerRatis (XceiverServerRatis.java:getRealPort(502)) - XceiverServerRatis c444494d-3849-481c-b3bb-cf4c6642ac3d is started using port 35699 for RATIS_ADMIN
2022-12-08 06:43:57,933 [JvmPauseMonitor5] INFO  util.JvmPauseMonitor (JvmPauseMonitor.java:run(105)) - JvmPauseMonitor-c444494d-3849-481c-b3bb-cf4c6642ac3d: Started
2022-12-08 06:43:57,933 [EndpointStateMachine task thread for /0.0.0.0:44965 - 0 ] INFO  ratis.XceiverServerRatis (XceiverServerRatis.java:getRealPort(502)) - XceiverServerRatis c444494d-3849-481c-b3bb-cf4c6642ac3d is started using port 35699 for RATIS_SERVER
2022-12-08 06:43:57,938 [EndpointStateMachine task thread for /0.0.0.0:44965 - 0 ] INFO  server.XceiverServerGrpc (XceiverServerGrpc.java:start(180)) - XceiverServerGrpc c444494d-3849-481c-b3bb-cf4c6642ac3d is started using port 37703
2022-12-08 06:43:58,231 [IPC Server handler 16 on default port 44965] INFO  net.NetworkTopologyImpl (NetworkTopologyImpl.java:add(112)) - Added a new node: /default-rack/16b83421-d067-43ff-a35e-8d85285fddd5
2022-12-08 06:43:58,233 [IPC Server handler 16 on default port 44965] INFO  node.SCMNodeManager (SCMNodeManager.java:register(397)) - Registered Data node : 16b83421-d067-43ff-a35e-8d85285fddd5{ip: 10.1.0.31, host: fv-az205-634.k2gd1z4tyxsu3cbgyjsjq30zwf.jx.internal.cloudapp.net, ports: [REPLICATION=43877, RATIS=41675, RATIS_ADMIN=41675, RATIS_SERVER=41675, STANDALONE=39579], networkLocation: /default-rack, certSerialId: null, persistedOpState: null, persistedOpStateExpiryEpochSec: 0}
2022-12-08 06:43:58,239 [EventQueue-NewNodeForNewNodeHandler] INFO  pipeline.BackgroundPipelineCreator (BackgroundPipelineCreator.java:notifyEventTriggered(276)) - trigger a one-shot run on RatisPipelineUtilsThread.
2022-12-08 06:43:58,240 [EventQueue-NodeRegistrationContainerReportForDataNodeSafeModeRule] INFO  safemode.SCMSafeModeManager (DataNodeSafeModeRule.java:process(71)) - SCM in safe mode. 1 DataNodes registered, 3 required.
2022-12-08 06:43:58,243 [EventQueue-NodeRegistrationContainerReportForContainerSafeModeRule] INFO  safemode.SCMSafeModeManager (SCMSafeModeManager.java:validateSafeModeExitRules(200)) - ContainerSafeModeRule rule is successfully validated
2022-12-08 06:43:58,248 [RatisPipelineUtilsThread - 0] INFO  pipeline.RatisPipelineProvider (RatisPipelineProvider.java:lambda$create$0(195)) - Sending CreatePipelineCommand for pipeline:PipelineID=4b4e5c23-68c9-41cb-be8b-fd140218f0ce to datanode:16b83421-d067-43ff-a35e-8d85285fddd5
2022-12-08 06:43:58,249 [EventQueue-PipelineReportForOneReplicaPipelineSafeModeRule] INFO  safemode.SCMSafeModeManager (SCMSafeModeManager.java:validateSafeModeExitRules(200)) - AtleastOneDatanodeReportedRule rule is successfully validated
2022-12-08 06:43:58,262 [RatisPipelineUtilsThread - 0] INFO  pipeline.PipelineStateManagerImpl (PipelineStateManagerImpl.java:addPipeline(103)) - Created pipeline Pipeline[ Id: 4b4e5c23-68c9-41cb-be8b-fd140218f0ce, Nodes: 16b83421-d067-43ff-a35e-8d85285fddd5{ip: 10.1.0.31, host: fv-az205-634.k2gd1z4tyxsu3cbgyjsjq30zwf.jx.internal.cloudapp.net, ports: [REPLICATION=43877, RATIS=41675, RATIS_ADMIN=41675, RATIS_SERVER=41675, STANDALONE=39579], networkLocation: /default-rack, certSerialId: null, persistedOpState: IN_SERVICE, persistedOpStateExpiryEpochSec: 0}, ReplicationConfig: RATIS/ONE, State:ALLOCATED, leaderId:, CreationTimestamp2022-12-08T06:43:58.247Z[Etc/UTC]].
2022-12-08 06:43:58,302 [EndpointStateMachine task thread for /0.0.0.0:44965 - 0 ] INFO  utils.DatanodeStoreCache (DatanodeStoreCache.java:addDB(58)) - Added db /home/runner/work/ozone/ozone/hadoop-ozone/integration-test/target/test-dir/MiniOzoneClusterImpl-ddb91292-9bed-4e17-ad85-89bc7eecbd5e/datanode-5/data-0/containers/hdds/ddb91292-9bed-4e17-ad85-89bc7eecbd5e/DS-c6fb18dc-5b86-4731-91e2-29895a234276/container.db to cache
2022-12-08 06:43:58,302 [EndpointStateMachine task thread for /0.0.0.0:44965 - 0 ] INFO  volume.HddsVolume (HddsVolume.java:createDbStore(307)) - SchemaV3 db is created and loaded at /home/runner/work/ozone/ozone/hadoop-ozone/integration-test/target/test-dir/MiniOzoneClusterImpl-ddb91292-9bed-4e17-ad85-89bc7eecbd5e/datanode-5/data-0/containers/hdds/ddb91292-9bed-4e17-ad85-89bc7eecbd5e/DS-c6fb18dc-5b86-4731-91e2-29895a234276/container.db for volume DS-c6fb18dc-5b86-4731-91e2-29895a234276
2022-12-08 06:43:58,303 [EndpointStateMachine task thread for /0.0.0.0:44965 - 0 ] INFO  ozoneimpl.OzoneContainer (OzoneContainer.java:start(395)) - Attempting to start container services.
2022-12-08 06:43:58,303 [EndpointStateMachine task thread for /0.0.0.0:44965 - 0 ] INFO  ozoneimpl.OzoneContainer (OzoneContainer.java:startContainerScrub(312)) - Scheduled background container scanners and the on-demand container scanner have been disabled.
2022-12-08 06:43:58,306 [EndpointStateMachine task thread for /0.0.0.0:44965 - 0 ] INFO  replication.ReplicationServer (ReplicationServer.java:start(111)) - ReplicationServer is started using port 33137
2022-12-08 06:43:58,307 [EndpointStateMachine task thread for /0.0.0.0:44965 - 0 ] INFO  ratis.XceiverServerRatis (XceiverServerRatis.java:start(481)) - Starting XceiverServerRatis 1fff60e7-d385-4380-9228-9acb2b7ac677
2022-12-08 06:43:58,308 [EndpointStateMachine task thread for /0.0.0.0:44965 - 0 ] INFO  server.RaftServer (RaftServerProxy.java:startImpl(393)) - 1fff60e7-d385-4380-9228-9acb2b7ac677: start RPC server
2022-12-08 06:43:58,309 [EndpointStateMachine task thread for /0.0.0.0:44965 - 0 ] INFO  server.GrpcService (GrpcService.java:startImpl(262)) - 1fff60e7-d385-4380-9228-9acb2b7ac677: GrpcService started, listening on 44127
2022-12-08 06:43:58,310 [EndpointStateMachine task thread for /0.0.0.0:44965 - 0 ] INFO  ratis.XceiverServerRatis (XceiverServerRatis.java:getRealPort(502)) - XceiverServerRatis 1fff60e7-d385-4380-9228-9acb2b7ac677 is started using port 44127 for RATIS
2022-12-08 06:43:58,310 [EndpointStateMachine task thread for /0.0.0.0:44965 - 0 ] INFO  ratis.XceiverServerRatis (XceiverServerRatis.java:getRealPort(502)) - XceiverServerRatis 1fff60e7-d385-4380-9228-9acb2b7ac677 is started using port 44127 for RATIS_ADMIN
2022-12-08 06:43:58,310 [EndpointStateMachine task thread for /0.0.0.0:44965 - 0 ] INFO  ratis.XceiverServerRatis (XceiverServerRatis.java:getRealPort(502)) - XceiverServerRatis 1fff60e7-d385-4380-9228-9acb2b7ac677 is started using port 44127 for RATIS_SERVER
2022-12-08 06:43:58,310 [JvmPauseMonitor6] INFO  util.JvmPauseMonitor (JvmPauseMonitor.java:run(105)) - JvmPauseMonitor-1fff60e7-d385-4380-9228-9acb2b7ac677: Started
2022-12-08 06:43:58,313 [EndpointStateMachine task thread for /0.0.0.0:44965 - 0 ] INFO  server.XceiverServerGrpc (XceiverServerGrpc.java:start(180)) - XceiverServerGrpc 1fff60e7-d385-4380-9228-9acb2b7ac677 is started using port 38839
2022-12-08 06:43:58,689 [Listener at 127.0.0.1/38363] INFO  ozone.MiniOzoneClusterImpl (MiniOzoneClusterImpl.java:lambda$waitForClusterToBeReady$0(216)) - Waiting for nodes to be ready. Got 1 of 7 DN Heartbeats.
2022-12-08 06:43:58,689 [Listener at 127.0.0.1/38363] INFO  ozone.MiniOzoneClusterImpl (MiniOzoneClusterImpl.java:lambda$waitForClusterToBeReady$0(219)) - Waiting for cluster to exit safe mode
2022-12-08 06:43:58,689 [Listener at 127.0.0.1/38363] INFO  ozone.MiniOzoneClusterImpl (MiniOzoneClusterImpl.java:lambda$waitForClusterToBeReady$0(221)) - SCM became leader
2022-12-08 06:43:58,724 [EndpointStateMachine task thread for /0.0.0.0:44965 - 0 ] INFO  utils.DatanodeStoreCache (DatanodeStoreCache.java:addDB(58)) - Added db /home/runner/work/ozone/ozone/hadoop-ozone/integration-test/target/test-dir/MiniOzoneClusterImpl-ddb91292-9bed-4e17-ad85-89bc7eecbd5e/datanode-6/data-0/containers/hdds/ddb91292-9bed-4e17-ad85-89bc7eecbd5e/DS-53e76c6b-59e5-4845-923a-30a62f01e6d0/container.db to cache
2022-12-08 06:43:58,724 [EndpointStateMachine task thread for /0.0.0.0:44965 - 0 ] INFO  volume.HddsVolume (HddsVolume.java:createDbStore(307)) - SchemaV3 db is created and loaded at /home/runner/work/ozone/ozone/hadoop-ozone/integration-test/target/test-dir/MiniOzoneClusterImpl-ddb91292-9bed-4e17-ad85-89bc7eecbd5e/datanode-6/data-0/containers/hdds/ddb91292-9bed-4e17-ad85-89bc7eecbd5e/DS-53e76c6b-59e5-4845-923a-30a62f01e6d0/container.db for volume DS-53e76c6b-59e5-4845-923a-30a62f01e6d0
2022-12-08 06:43:58,725 [EndpointStateMachine task thread for /0.0.0.0:44965 - 0 ] INFO  ozoneimpl.OzoneContainer (OzoneContainer.java:start(395)) - Attempting to start container services.
2022-12-08 06:43:58,726 [EndpointStateMachine task thread for /0.0.0.0:44965 - 0 ] INFO  ozoneimpl.OzoneContainer (OzoneContainer.java:startContainerScrub(312)) - Scheduled background container scanners and the on-demand container scanner have been disabled.
2022-12-08 06:43:58,729 [EndpointStateMachine task thread for /0.0.0.0:44965 - 0 ] INFO  replication.ReplicationServer (ReplicationServer.java:start(111)) - ReplicationServer is started using port 40547
2022-12-08 06:43:58,730 [EndpointStateMachine task thread for /0.0.0.0:44965 - 0 ] INFO  ratis.XceiverServerRatis (XceiverServerRatis.java:start(481)) - Starting XceiverServerRatis 815e52a5-3631-46fd-bf48-55d0032c8f04
2022-12-08 06:43:58,730 [EndpointStateMachine task thread for /0.0.0.0:44965 - 0 ] INFO  server.RaftServer (RaftServerProxy.java:startImpl(393)) - 815e52a5-3631-46fd-bf48-55d0032c8f04: start RPC server
2022-12-08 06:43:58,733 [EndpointStateMachine task thread for /0.0.0.0:44965 - 0 ] INFO  server.GrpcService (GrpcService.java:startImpl(262)) - 815e52a5-3631-46fd-bf48-55d0032c8f04: GrpcService started, listening on 38123
2022-12-08 06:43:58,733 [EndpointStateMachine task thread for /0.0.0.0:44965 - 0 ] INFO  ratis.XceiverServerRatis (XceiverServerRatis.java:getRealPort(502)) - XceiverServerRatis 815e52a5-3631-46fd-bf48-55d0032c8f04 is started using port 38123 for RATIS
2022-12-08 06:43:58,733 [JvmPauseMonitor7] INFO  util.JvmPauseMonitor (JvmPauseMonitor.java:run(105)) - JvmPauseMonitor-815e52a5-3631-46fd-bf48-55d0032c8f04: Started
2022-12-08 06:43:58,733 [EndpointStateMachine task thread for /0.0.0.0:44965 - 0 ] INFO  ratis.XceiverServerRatis (XceiverServerRatis.java:getRealPort(502)) - XceiverServerRatis 815e52a5-3631-46fd-bf48-55d0032c8f04 is started using port 38123 for RATIS_ADMIN
2022-12-08 06:43:58,733 [EndpointStateMachine task thread for /0.0.0.0:44965 - 0 ] INFO  ratis.XceiverServerRatis (XceiverServerRatis.java:getRealPort(502)) - XceiverServerRatis 815e52a5-3631-46fd-bf48-55d0032c8f04 is started using port 38123 for RATIS_SERVER
2022-12-08 06:43:58,734 [EndpointStateMachine task thread for /0.0.0.0:44965 - 0 ] INFO  server.XceiverServerGrpc (XceiverServerGrpc.java:start(180)) - XceiverServerGrpc 815e52a5-3631-46fd-bf48-55d0032c8f04 is started using port 35903
2022-12-08 06:43:58,779 [IPC Server handler 3 on default port 44965] INFO  net.NetworkTopologyImpl (NetworkTopologyImpl.java:add(112)) - Added a new node: /default-rack/f4510996-e6f0-4857-a292-ff170ae2c782
2022-12-08 06:43:58,780 [IPC Server handler 3 on default port 44965] INFO  node.SCMNodeManager (SCMNodeManager.java:register(397)) - Registered Data node : f4510996-e6f0-4857-a292-ff170ae2c782{ip: 10.1.0.31, host: fv-az205-634.k2gd1z4tyxsu3cbgyjsjq30zwf.jx.internal.cloudapp.net, ports: [REPLICATION=35385, RATIS=33975, RATIS_ADMIN=33975, RATIS_SERVER=33975, STANDALONE=44877], networkLocation: /default-rack, certSerialId: null, persistedOpState: null, persistedOpStateExpiryEpochSec: 0}
2022-12-08 06:43:58,780 [EventQueue-NodeRegistrationContainerReportForDataNodeSafeModeRule] INFO  safemode.SCMSafeModeManager (DataNodeSafeModeRule.java:process(71)) - SCM in safe mode. 2 DataNodes registered, 3 required.
2022-12-08 06:43:58,781 [EventQueue-NewNodeForNewNodeHandler] INFO  pipeline.BackgroundPipelineCreator (BackgroundPipelineCreator.java:notifyEventTriggered(276)) - trigger a one-shot run on RatisPipelineUtilsThread.
2022-12-08 06:43:58,782 [RatisPipelineUtilsThread - 0] INFO  pipeline.RatisPipelineProvider (RatisPipelineProvider.java:lambda$create$0(195)) - Sending CreatePipelineCommand for pipeline:PipelineID=b28726a4-0c85-423d-aa83-698671003972 to datanode:f4510996-e6f0-4857-a292-ff170ae2c782
2022-12-08 06:43:58,782 [RatisPipelineUtilsThread - 0] INFO  pipeline.PipelineStateManagerImpl (PipelineStateManagerImpl.java:addPipeline(103)) - Created pipeline Pipeline[ Id: b28726a4-0c85-423d-aa83-698671003972, Nodes: f4510996-e6f0-4857-a292-ff170ae2c782{ip: 10.1.0.31, host: fv-az205-634.k2gd1z4tyxsu3cbgyjsjq30zwf.jx.internal.cloudapp.net, ports: [REPLICATION=35385, RATIS=33975, RATIS_ADMIN=33975, RATIS_SERVER=33975, STANDALONE=44877], networkLocation: /default-rack, certSerialId: null, persistedOpState: IN_SERVICE, persistedOpStateExpiryEpochSec: 0}, ReplicationConfig: RATIS/ONE, State:ALLOCATED, leaderId:, CreationTimestamp2022-12-08T06:43:58.781Z[Etc/UTC]].
2022-12-08 06:43:59,166 [IPC Server handler 17 on default port 44965] INFO  net.NetworkTopologyImpl (NetworkTopologyImpl.java:add(112)) - Added a new node: /default-rack/94cb98dd-f956-4629-97e9-c7eafa6bfa57
2022-12-08 06:43:59,167 [IPC Server handler 17 on default port 44965] INFO  node.SCMNodeManager (SCMNodeManager.java:register(397)) - Registered Data node : 94cb98dd-f956-4629-97e9-c7eafa6bfa57{ip: 10.1.0.31, host: fv-az205-634.k2gd1z4tyxsu3cbgyjsjq30zwf.jx.internal.cloudapp.net, ports: [REPLICATION=33327, RATIS=38663, RATIS_ADMIN=38663, RATIS_SERVER=38663, STANDALONE=34085], networkLocation: /default-rack, certSerialId: null, persistedOpState: null, persistedOpStateExpiryEpochSec: 0}
2022-12-08 06:43:59,167 [EventQueue-NewNodeForNewNodeHandler] INFO  pipeline.BackgroundPipelineCreator (BackgroundPipelineCreator.java:notifyEventTriggered(276)) - trigger a one-shot run on RatisPipelineUtilsThread.
2022-12-08 06:43:59,167 [EventQueue-NodeRegistrationContainerReportForDataNodeSafeModeRule] INFO  safemode.SCMSafeModeManager (DataNodeSafeModeRule.java:process(71)) - SCM in safe mode. 3 DataNodes registered, 3 required.
2022-12-08 06:43:59,168 [EventQueue-NodeRegistrationContainerReportForDataNodeSafeModeRule] INFO  safemode.SCMSafeModeManager (SCMSafeModeManager.java:validateSafeModeExitRules(200)) - DataNodeSafeModeRule rule is successfully validated
2022-12-08 06:43:59,168 [EventQueue-NodeRegistrationContainerReportForDataNodeSafeModeRule] INFO  safemode.SCMSafeModeManager (SCMSafeModeManager.java:completePreCheck(229)) - All SCM safe mode pre check rules have passed
2022-12-08 06:43:59,168 [EventQueue-NodeRegistrationContainerReportForDataNodeSafeModeRule] INFO  ha.SCMContext (SCMContext.java:updateSafeModeStatus(228)) - Update SafeModeStatus from SafeModeStatus{safeModeStatus=true, preCheckPassed=false} to SafeModeStatus{safeModeStatus=true, preCheckPassed=true}.
2022-12-08 06:43:59,168 [EventQueue-NodeRegistrationContainerReportForDataNodeSafeModeRule] INFO  pipeline.BackgroundPipelineCreator (BackgroundPipelineCreator.java:notifyEventTriggered(276)) - trigger a one-shot run on RatisPipelineUtilsThread.
2022-12-08 06:43:59,168 [RatisPipelineUtilsThread - 0] INFO  pipeline.RatisPipelineProvider (RatisPipelineProvider.java:lambda$create$0(195)) - Sending CreatePipelineCommand for pipeline:PipelineID=6007232d-3cdf-45aa-9481-1e9787b7d52e to datanode:94cb98dd-f956-4629-97e9-c7eafa6bfa57
2022-12-08 06:43:59,169 [RatisPipelineUtilsThread - 0] INFO  pipeline.PipelineStateManagerImpl (PipelineStateManagerImpl.java:addPipeline(103)) - Created pipeline Pipeline[ Id: 6007232d-3cdf-45aa-9481-1e9787b7d52e, Nodes: 94cb98dd-f956-4629-97e9-c7eafa6bfa57{ip: 10.1.0.31, host: fv-az205-634.k2gd1z4tyxsu3cbgyjsjq30zwf.jx.internal.cloudapp.net, ports: [REPLICATION=33327, RATIS=38663, RATIS_ADMIN=38663, RATIS_SERVER=38663, STANDALONE=34085], networkLocation: /default-rack, certSerialId: null, persistedOpState: IN_SERVICE, persistedOpStateExpiryEpochSec: 0}, ReplicationConfig: RATIS/ONE, State:ALLOCATED, leaderId:, CreationTimestamp2022-12-08T06:43:59.168Z[Etc/UTC]].
2022-12-08 06:43:59,172 [RatisPipelineUtilsThread - 0] INFO  pipeline.RatisPipelineProvider (RatisPipelineProvider.java:lambda$create$0(195)) - Sending CreatePipelineCommand for pipeline:PipelineID=9722cdd7-9896-46dd-9a82-ccb9eb8c7e3d to datanode:16b83421-d067-43ff-a35e-8d85285fddd5
2022-12-08 06:43:59,172 [RatisPipelineUtilsThread - 0] INFO  pipeline.RatisPipelineProvider (RatisPipelineProvider.java:lambda$create$0(195)) - Sending CreatePipelineCommand for pipeline:PipelineID=9722cdd7-9896-46dd-9a82-ccb9eb8c7e3d to datanode:94cb98dd-f956-4629-97e9-c7eafa6bfa57
2022-12-08 06:43:59,172 [RatisPipelineUtilsThread - 0] INFO  pipeline.RatisPipelineProvider (RatisPipelineProvider.java:lambda$create$0(195)) - Sending CreatePipelineCommand for pipeline:PipelineID=9722cdd7-9896-46dd-9a82-ccb9eb8c7e3d to datanode:f4510996-e6f0-4857-a292-ff170ae2c782
2022-12-08 06:43:59,173 [RatisPipelineUtilsThread - 0] INFO  pipeline.PipelineStateManagerImpl (PipelineStateManagerImpl.java:addPipeline(103)) - Created pipeline Pipeline[ Id: 9722cdd7-9896-46dd-9a82-ccb9eb8c7e3d, Nodes: 16b83421-d067-43ff-a35e-8d85285fddd5{ip: 10.1.0.31, host: fv-az205-634.k2gd1z4tyxsu3cbgyjsjq30zwf.jx.internal.cloudapp.net, ports: [REPLICATION=43877, RATIS=41675, RATIS_ADMIN=41675, RATIS_SERVER=41675, STANDALONE=39579], networkLocation: /default-rack, certSerialId: null, persistedOpState: IN_SERVICE, persistedOpStateExpiryEpochSec: 0}94cb98dd-f956-4629-97e9-c7eafa6bfa57{ip: 10.1.0.31, host: fv-az205-634.k2gd1z4tyxsu3cbgyjsjq30zwf.jx.internal.cloudapp.net, ports: [REPLICATION=33327, RATIS=38663, RATIS_ADMIN=38663, RATIS_SERVER=38663, STANDALONE=34085], networkLocation: /default-rack, certSerialId: null, persistedOpState: IN_SERVICE, persistedOpStateExpiryEpochSec: 0}f4510996-e6f0-4857-a292-ff170ae2c782{ip: 10.1.0.31, host: fv-az205-634.k2gd1z4tyxsu3cbgyjsjq30zwf.jx.internal.cloudapp.net, ports: [REPLICATION=35385, RATIS=33975, RATIS_ADMIN=33975, RATIS_SERVER=33975, STANDALONE=44877], networkLocation: /default-rack, certSerialId: null, persistedOpState: IN_SERVICE, persistedOpStateExpiryEpochSec: 0}, ReplicationConfig: RATIS/THREE, State:ALLOCATED, leaderId:, CreationTimestamp2022-12-08T06:43:59.172Z[Etc/UTC]].
2022-12-08 06:43:59,174 [RatisPipelineUtilsThread - 0] INFO  pipeline.RatisPipelineProvider (RatisPipelineProvider.java:lambda$create$0(195)) - Sending CreatePipelineCommand for pipeline:PipelineID=fda957eb-4a9a-4296-9a06-0d65db5cdad5 to datanode:94cb98dd-f956-4629-97e9-c7eafa6bfa57
2022-12-08 06:43:59,174 [RatisPipelineUtilsThread - 0] INFO  pipeline.RatisPipelineProvider (RatisPipelineProvider.java:lambda$create$0(195)) - Sending CreatePipelineCommand for pipeline:PipelineID=fda957eb-4a9a-4296-9a06-0d65db5cdad5 to datanode:16b83421-d067-43ff-a35e-8d85285fddd5
2022-12-08 06:43:59,174 [RatisPipelineUtilsThread - 0] INFO  pipeline.RatisPipelineProvider (RatisPipelineProvider.java:lambda$create$0(195)) - Sending CreatePipelineCommand for pipeline:PipelineID=fda957eb-4a9a-4296-9a06-0d65db5cdad5 to datanode:f4510996-e6f0-4857-a292-ff170ae2c782
2022-12-08 06:43:59,175 [RatisPipelineUtilsThread - 0] INFO  pipeline.PipelineStateManagerImpl (PipelineStateManagerImpl.java:addPipeline(103)) - Created pipeline Pipeline[ Id: fda957eb-4a9a-4296-9a06-0d65db5cdad5, Nodes: 94cb98dd-f956-4629-97e9-c7eafa6bfa57{ip: 10.1.0.31, host: fv-az205-634.k2gd1z4tyxsu3cbgyjsjq30zwf.jx.internal.cloudapp.net, ports: [REPLICATION=33327, RATIS=38663, RATIS_ADMIN=38663, RATIS_SERVER=38663, STANDALONE=34085], networkLocation: /default-rack, certSerialId: null, persistedOpState: IN_SERVICE, persistedOpStateExpiryEpochSec: 0}16b83421-d067-43ff-a35e-8d85285fddd5{ip: 10.1.0.31, host: fv-az205-634.k2gd1z4tyxsu3cbgyjsjq30zwf.jx.internal.cloudapp.net, ports: [REPLICATION=43877, RATIS=41675, RATIS_ADMIN=41675, RATIS_SERVER=41675, STANDALONE=39579], networkLocation: /default-rack, certSerialId: null, persistedOpState: IN_SERVICE, persistedOpStateExpiryEpochSec: 0}f4510996-e6f0-4857-a292-ff170ae2c782{ip: 10.1.0.31, host: fv-az205-634.k2gd1z4tyxsu3cbgyjsjq30zwf.jx.internal.cloudapp.net, ports: [REPLICATION=35385, RATIS=33975, RATIS_ADMIN=33975, RATIS_SERVER=33975, STANDALONE=44877], networkLocation: /default-rack, certSerialId: null, persistedOpState: IN_SERVICE, persistedOpStateExpiryEpochSec: 0}, ReplicationConfig: RATIS/THREE, State:ALLOCATED, leaderId:, CreationTimestamp2022-12-08T06:43:59.174Z[Etc/UTC]].
2022-12-08 06:43:59,175 [RatisPipelineUtilsThread - 0] INFO  pipeline.PipelineManagerImpl (PipelineManagerImpl.java:recordMetricsForPipeline(826)) - Pipeline: PipelineID=fda957eb-4a9a-4296-9a06-0d65db5cdad5 contains same datanodes as previous pipelines: PipelineID=9722cdd7-9896-46dd-9a82-ccb9eb8c7e3d nodeIds: 94cb98dd-f956-4629-97e9-c7eafa6bfa57, 16b83421-d067-43ff-a35e-8d85285fddd5, f4510996-e6f0-4857-a292-ff170ae2c782
2022-12-08 06:43:59,521 [IPC Server handler 4 on default port 44965] INFO  net.NetworkTopologyImpl (NetworkTopologyImpl.java:add(112)) - Added a new node: /default-rack/1c8923d8-6a71-498a-a002-ede96d851d5f
2022-12-08 06:43:59,521 [IPC Server handler 4 on default port 44965] INFO  node.SCMNodeManager (SCMNodeManager.java:register(397)) - Registered Data node : 1c8923d8-6a71-498a-a002-ede96d851d5f{ip: 10.1.0.31, host: fv-az205-634.k2gd1z4tyxsu3cbgyjsjq30zwf.jx.internal.cloudapp.net, ports: [REPLICATION=38507, RATIS=46793, RATIS_ADMIN=46793, RATIS_SERVER=46793, STANDALONE=46579], networkLocation: /default-rack, certSerialId: null, persistedOpState: null, persistedOpStateExpiryEpochSec: 0}
2022-12-08 06:43:59,522 [EventQueue-NewNodeForNewNodeHandler] INFO  pipeline.BackgroundPipelineCreator (BackgroundPipelineCreator.java:notifyEventTriggered(276)) - trigger a one-shot run on RatisPipelineUtilsThread.
2022-12-08 06:43:59,523 [RatisPipelineUtilsThread - 0] INFO  pipeline.RatisPipelineProvider (RatisPipelineProvider.java:lambda$create$0(195)) - Sending CreatePipelineCommand for pipeline:PipelineID=375ee620-9ae1-4279-abff-6a4795801aa4 to datanode:1c8923d8-6a71-498a-a002-ede96d851d5f
2022-12-08 06:43:59,525 [RatisPipelineUtilsThread - 0] INFO  pipeline.PipelineStateManagerImpl (PipelineStateManagerImpl.java:addPipeline(103)) - Created pipeline Pipeline[ Id: 375ee620-9ae1-4279-abff-6a4795801aa4, Nodes: 1c8923d8-6a71-498a-a002-ede96d851d5f{ip: 10.1.0.31, host: fv-az205-634.k2gd1z4tyxsu3cbgyjsjq30zwf.jx.internal.cloudapp.net, ports: [REPLICATION=38507, RATIS=46793, RATIS_ADMIN=46793, RATIS_SERVER=46793, STANDALONE=46579], networkLocation: /default-rack, certSerialId: null, persistedOpState: IN_SERVICE, persistedOpStateExpiryEpochSec: 0}, ReplicationConfig: RATIS/ONE, State:ALLOCATED, leaderId:, CreationTimestamp2022-12-08T06:43:59.523Z[Etc/UTC]].
2022-12-08 06:43:59,691 [Listener at 127.0.0.1/38363] INFO  ozone.MiniOzoneClusterImpl (MiniOzoneClusterImpl.java:lambda$waitForClusterToBeReady$0(216)) - Waiting for nodes to be ready. Got 4 of 7 DN Heartbeats.
2022-12-08 06:43:59,692 [Listener at 127.0.0.1/38363] INFO  ozone.MiniOzoneClusterImpl (MiniOzoneClusterImpl.java:lambda$waitForClusterToBeReady$0(219)) - Waiting for cluster to exit safe mode
2022-12-08 06:43:59,692 [Listener at 127.0.0.1/38363] INFO  ozone.MiniOzoneClusterImpl (MiniOzoneClusterImpl.java:lambda$waitForClusterToBeReady$0(221)) - SCM became leader
2022-12-08 06:43:59,900 [IPC Server handler 2 on default port 44965] INFO  net.NetworkTopologyImpl (NetworkTopologyImpl.java:add(112)) - Added a new node: /default-rack/c444494d-3849-481c-b3bb-cf4c6642ac3d
2022-12-08 06:43:59,901 [IPC Server handler 2 on default port 44965] INFO  node.SCMNodeManager (SCMNodeManager.java:register(397)) - Registered Data node : c444494d-3849-481c-b3bb-cf4c6642ac3d{ip: 10.1.0.31, host: fv-az205-634.k2gd1z4tyxsu3cbgyjsjq30zwf.jx.internal.cloudapp.net, ports: [REPLICATION=44603, RATIS=35699, RATIS_ADMIN=35699, RATIS_SERVER=35699, STANDALONE=37703], networkLocation: /default-rack, certSerialId: null, persistedOpState: null, persistedOpStateExpiryEpochSec: 0}
2022-12-08 06:43:59,901 [EventQueue-NewNodeForNewNodeHandler] INFO  pipeline.BackgroundPipelineCreator (BackgroundPipelineCreator.java:notifyEventTriggered(276)) - trigger a one-shot run on RatisPipelineUtilsThread.
2022-12-08 06:43:59,902 [RatisPipelineUtilsThread - 0] INFO  pipeline.RatisPipelineProvider (RatisPipelineProvider.java:lambda$create$0(195)) - Sending CreatePipelineCommand for pipeline:PipelineID=c56dc73c-9b5a-4b8e-9b69-8644a4719f23 to datanode:c444494d-3849-481c-b3bb-cf4c6642ac3d
2022-12-08 06:43:59,903 [RatisPipelineUtilsThread - 0] INFO  pipeline.PipelineStateManagerImpl (PipelineStateManagerImpl.java:addPipeline(103)) - Created pipeline Pipeline[ Id: c56dc73c-9b5a-4b8e-9b69-8644a4719f23, Nodes: c444494d-3849-481c-b3bb-cf4c6642ac3d{ip: 10.1.0.31, host: fv-az205-634.k2gd1z4tyxsu3cbgyjsjq30zwf.jx.internal.cloudapp.net, ports: [REPLICATION=44603, RATIS=35699, RATIS_ADMIN=35699, RATIS_SERVER=35699, STANDALONE=37703], networkLocation: /default-rack, certSerialId: null, persistedOpState: IN_SERVICE, persistedOpStateExpiryEpochSec: 0}, ReplicationConfig: RATIS/ONE, State:ALLOCATED, leaderId:, CreationTimestamp2022-12-08T06:43:59.902Z[Etc/UTC]].
2022-12-08 06:44:00,204 [EventQueue-CommandQueueReportForCommandQueueReportHandler] WARN  events.EventQueue (EventQueue.java:fireEvent(216)) - No event handler registered for event TypedEvent{payloadType=DatanodeDetails, name='Datanode_Command_Queue_Updated'}
2022-12-08 06:44:00,261 [IPC Server handler 5 on default port 44965] INFO  net.NetworkTopologyImpl (NetworkTopologyImpl.java:add(112)) - Added a new node: /default-rack/1fff60e7-d385-4380-9228-9acb2b7ac677
2022-12-08 06:44:00,265 [IPC Server handler 5 on default port 44965] INFO  node.SCMNodeManager (SCMNodeManager.java:register(397)) - Registered Data node : 1fff60e7-d385-4380-9228-9acb2b7ac677{ip: 10.1.0.31, host: fv-az205-634.k2gd1z4tyxsu3cbgyjsjq30zwf.jx.internal.cloudapp.net, ports: [REPLICATION=33137, RATIS=44127, RATIS_ADMIN=44127, RATIS_SERVER=44127, STANDALONE=38839], networkLocation: /default-rack, certSerialId: null, persistedOpState: null, persistedOpStateExpiryEpochSec: 0}
2022-12-08 06:44:00,266 [EventQueue-NewNodeForNewNodeHandler] INFO  pipeline.BackgroundPipelineCreator (BackgroundPipelineCreator.java:notifyEventTriggered(276)) - trigger a one-shot run on RatisPipelineUtilsThread.
2022-12-08 06:44:00,266 [RatisPipelineUtilsThread - 0] INFO  pipeline.RatisPipelineProvider (RatisPipelineProvider.java:lambda$create$0(195)) - Sending CreatePipelineCommand for pipeline:PipelineID=82ae20a5-65be-4cee-b607-e2573223a2ae to datanode:1fff60e7-d385-4380-9228-9acb2b7ac677
2022-12-08 06:44:00,267 [RatisPipelineUtilsThread - 0] INFO  pipeline.PipelineStateManagerImpl (PipelineStateManagerImpl.java:addPipeline(103)) - Created pipeline Pipeline[ Id: 82ae20a5-65be-4cee-b607-e2573223a2ae, Nodes: 1fff60e7-d385-4380-9228-9acb2b7ac677{ip: 10.1.0.31, host: fv-az205-634.k2gd1z4tyxsu3cbgyjsjq30zwf.jx.internal.cloudapp.net, ports: [REPLICATION=33137, RATIS=44127, RATIS_ADMIN=44127, RATIS_SERVER=44127, STANDALONE=38839], networkLocation: /default-rack, certSerialId: null, persistedOpState: IN_SERVICE, persistedOpStateExpiryEpochSec: 0}, ReplicationConfig: RATIS/ONE, State:ALLOCATED, leaderId:, CreationTimestamp2022-12-08T06:44:00.266Z[Etc/UTC]].
2022-12-08 06:44:00,267 [RatisPipelineUtilsThread - 0] INFO  pipeline.RatisPipelineProvider (RatisPipelineProvider.java:lambda$create$0(195)) - Sending CreatePipelineCommand for pipeline:PipelineID=bcbed481-32d9-442b-be80-c00d2eda4d5c to datanode:1fff60e7-d385-4380-9228-9acb2b7ac677
2022-12-08 06:44:00,267 [RatisPipelineUtilsThread - 0] INFO  pipeline.RatisPipelineProvider (RatisPipelineProvider.java:lambda$create$0(195)) - Sending CreatePipelineCommand for pipeline:PipelineID=bcbed481-32d9-442b-be80-c00d2eda4d5c to datanode:c444494d-3849-481c-b3bb-cf4c6642ac3d
2022-12-08 06:44:00,267 [RatisPipelineUtilsThread - 0] INFO  pipeline.RatisPipelineProvider (RatisPipelineProvider.java:lambda$create$0(195)) - Sending CreatePipelineCommand for pipeline:PipelineID=bcbed481-32d9-442b-be80-c00d2eda4d5c to datanode:1c8923d8-6a71-498a-a002-ede96d851d5f
2022-12-08 06:44:00,268 [RatisPipelineUtilsThread - 0] INFO  pipeline.PipelineStateManagerImpl (PipelineStateManagerImpl.java:addPipeline(103)) - Created pipeline Pipeline[ Id: bcbed481-32d9-442b-be80-c00d2eda4d5c, Nodes: 1fff60e7-d385-4380-9228-9acb2b7ac677{ip: 10.1.0.31, host: fv-az205-634.k2gd1z4tyxsu3cbgyjsjq30zwf.jx.internal.cloudapp.net, ports: [REPLICATION=33137, RATIS=44127, RATIS_ADMIN=44127, RATIS_SERVER=44127, STANDALONE=38839], networkLocation: /default-rack, certSerialId: null, persistedOpState: IN_SERVICE, persistedOpStateExpiryEpochSec: 0}c444494d-3849-481c-b3bb-cf4c6642ac3d{ip: 10.1.0.31, host: fv-az205-634.k2gd1z4tyxsu3cbgyjsjq30zwf.jx.internal.cloudapp.net, ports: [REPLICATION=44603, RATIS=35699, RATIS_ADMIN=35699, RATIS_SERVER=35699, STANDALONE=37703], networkLocation: /default-rack, certSerialId: null, persistedOpState: IN_SERVICE, persistedOpStateExpiryEpochSec: 0}1c8923d8-6a71-498a-a002-ede96d851d5f{ip: 10.1.0.31, host: fv-az205-634.k2gd1z4tyxsu3cbgyjsjq30zwf.jx.internal.cloudapp.net, ports: [REPLICATION=38507, RATIS=46793, RATIS_ADMIN=46793, RATIS_SERVER=46793, STANDALONE=46579], networkLocation: /default-rack, certSerialId: null, persistedOpState: IN_SERVICE, persistedOpStateExpiryEpochSec: 0}, ReplicationConfig: RATIS/THREE, State:ALLOCATED, leaderId:, CreationTimestamp2022-12-08T06:44:00.267Z[Etc/UTC]].
2022-12-08 06:44:00,269 [RatisPipelineUtilsThread - 0] INFO  pipeline.RatisPipelineProvider (RatisPipelineProvider.java:lambda$create$0(195)) - Sending CreatePipelineCommand for pipeline:PipelineID=a823be0c-8ba7-4989-8fd2-7f2f2309da0d to datanode:1fff60e7-d385-4380-9228-9acb2b7ac677
2022-12-08 06:44:00,269 [RatisPipelineUtilsThread - 0] INFO  pipeline.RatisPipelineProvider (RatisPipelineProvider.java:lambda$create$0(195)) - Sending CreatePipelineCommand for pipeline:PipelineID=a823be0c-8ba7-4989-8fd2-7f2f2309da0d to datanode:c444494d-3849-481c-b3bb-cf4c6642ac3d
2022-12-08 06:44:00,269 [RatisPipelineUtilsThread - 0] INFO  pipeline.RatisPipelineProvider (RatisPipelineProvider.java:lambda$create$0(195)) - Sending CreatePipelineCommand for pipeline:PipelineID=a823be0c-8ba7-4989-8fd2-7f2f2309da0d to datanode:1c8923d8-6a71-498a-a002-ede96d851d5f
2022-12-08 06:44:00,270 [RatisPipelineUtilsThread - 0] INFO  pipeline.PipelineStateManagerImpl (PipelineStateManagerImpl.java:addPipeline(103)) - Created pipeline Pipeline[ Id: a823be0c-8ba7-4989-8fd2-7f2f2309da0d, Nodes: 1fff60e7-d385-4380-9228-9acb2b7ac677{ip: 10.1.0.31, host: fv-az205-634.k2gd1z4tyxsu3cbgyjsjq30zwf.jx.internal.cloudapp.net, ports: [REPLICATION=33137, RATIS=44127, RATIS_ADMIN=44127, RATIS_SERVER=44127, STANDALONE=38839], networkLocation: /default-rack, certSerialId: null, persistedOpState: IN_SERVICE, persistedOpStateExpiryEpochSec: 0}c444494d-3849-481c-b3bb-cf4c6642ac3d{ip: 10.1.0.31, host: fv-az205-634.k2gd1z4tyxsu3cbgyjsjq30zwf.jx.internal.cloudapp.net, ports: [REPLICATION=44603, RATIS=35699, RATIS_ADMIN=35699, RATIS_SERVER=35699, STANDALONE=37703], networkLocation: /default-rack, certSerialId: null, persistedOpState: IN_SERVICE, persistedOpStateExpiryEpochSec: 0}1c8923d8-6a71-498a-a002-ede96d851d5f{ip: 10.1.0.31, host: fv-az205-634.k2gd1z4tyxsu3cbgyjsjq30zwf.jx.internal.cloudapp.net, ports: [REPLICATION=38507, RATIS=46793, RATIS_ADMIN=46793, RATIS_SERVER=46793, STANDALONE=46579], networkLocation: /default-rack, certSerialId: null, persistedOpState: IN_SERVICE, persistedOpStateExpiryEpochSec: 0}, ReplicationConfig: RATIS/THREE, State:ALLOCATED, leaderId:, CreationTimestamp2022-12-08T06:44:00.269Z[Etc/UTC]].
2022-12-08 06:44:00,270 [RatisPipelineUtilsThread - 0] INFO  pipeline.PipelineManagerImpl (PipelineManagerImpl.java:recordMetricsForPipeline(826)) - Pipeline: PipelineID=a823be0c-8ba7-4989-8fd2-7f2f2309da0d contains same datanodes as previous pipelines: PipelineID=bcbed481-32d9-442b-be80-c00d2eda4d5c nodeIds: 1fff60e7-d385-4380-9228-9acb2b7ac677, c444494d-3849-481c-b3bb-cf4c6642ac3d, 1c8923d8-6a71-498a-a002-ede96d851d5f
2022-12-08 06:44:00,692 [Listener at 127.0.0.1/38363] INFO  ozone.MiniOzoneClusterImpl (MiniOzoneClusterImpl.java:lambda$waitForClusterToBeReady$0(216)) - Waiting for nodes to be ready. Got 6 of 7 DN Heartbeats.
2022-12-08 06:44:00,693 [Listener at 127.0.0.1/38363] INFO  ozone.MiniOzoneClusterImpl (MiniOzoneClusterImpl.java:lambda$waitForClusterToBeReady$0(219)) - Waiting for cluster to exit safe mode
2022-12-08 06:44:00,693 [Listener at 127.0.0.1/38363] INFO  ozone.MiniOzoneClusterImpl (MiniOzoneClusterImpl.java:lambda$waitForClusterToBeReady$0(221)) - SCM became leader
2022-12-08 06:44:00,699 [IPC Server handler 3 on default port 44965] INFO  net.NetworkTopologyImpl (NetworkTopologyImpl.java:add(112)) - Added a new node: /default-rack/815e52a5-3631-46fd-bf48-55d0032c8f04
2022-12-08 06:44:00,700 [IPC Server handler 3 on default port 44965] INFO  node.SCMNodeManager (SCMNodeManager.java:register(397)) - Registered Data node : 815e52a5-3631-46fd-bf48-55d0032c8f04{ip: 10.1.0.31, host: fv-az205-634.k2gd1z4tyxsu3cbgyjsjq30zwf.jx.internal.cloudapp.net, ports: [REPLICATION=40547, RATIS=38123, RATIS_ADMIN=38123, RATIS_SERVER=38123, STANDALONE=35903], networkLocation: /default-rack, certSerialId: null, persistedOpState: null, persistedOpStateExpiryEpochSec: 0}
2022-12-08 06:44:00,700 [EventQueue-NewNodeForNewNodeHandler] INFO  pipeline.BackgroundPipelineCreator (BackgroundPipelineCreator.java:notifyEventTriggered(276)) - trigger a one-shot run on RatisPipelineUtilsThread.
2022-12-08 06:44:00,701 [RatisPipelineUtilsThread - 0] INFO  pipeline.RatisPipelineProvider (RatisPipelineProvider.java:lambda$create$0(195)) - Sending CreatePipelineCommand for pipeline:PipelineID=30b8ddd3-dafe-4741-9d34-3645aeef627c to datanode:815e52a5-3631-46fd-bf48-55d0032c8f04
2022-12-08 06:44:00,701 [RatisPipelineUtilsThread - 0] INFO  pipeline.PipelineStateManagerImpl (PipelineStateManagerImpl.java:addPipeline(103)) - Created pipeline Pipeline[ Id: 30b8ddd3-dafe-4741-9d34-3645aeef627c, Nodes: 815e52a5-3631-46fd-bf48-55d0032c8f04{ip: 10.1.0.31, host: fv-az205-634.k2gd1z4tyxsu3cbgyjsjq30zwf.jx.internal.cloudapp.net, ports: [REPLICATION=40547, RATIS=38123, RATIS_ADMIN=38123, RATIS_SERVER=38123, STANDALONE=35903], networkLocation: /default-rack, certSerialId: null, persistedOpState: IN_SERVICE, persistedOpStateExpiryEpochSec: 0}, ReplicationConfig: RATIS/ONE, State:ALLOCATED, leaderId:, CreationTimestamp2022-12-08T06:44:00.701Z[Etc/UTC]].
2022-12-08 06:44:00,782 [EventQueue-CommandQueueReportForCommandQueueReportHandler] WARN  events.EventQueue (EventQueue.java:fireEvent(216)) - No event handler registered for event TypedEvent{payloadType=DatanodeDetails, name='Datanode_Command_Queue_Updated'}
2022-12-08 06:44:01,166 [EventQueue-CommandQueueReportForCommandQueueReportHandler] WARN  events.EventQueue (EventQueue.java:fireEvent(216)) - No event handler registered for event TypedEvent{payloadType=DatanodeDetails, name='Datanode_Command_Queue_Updated'}
2022-12-08 06:44:01,197 [EventQueue-CommandQueueReportForCommandQueueReportHandler] WARN  events.EventQueue (EventQueue.java:fireEvent(216)) - No event handler registered for event TypedEvent{payloadType=DatanodeDetails, name='Datanode_Command_Queue_Updated'}
2022-12-08 06:44:01,225 [Command processor thread] INFO  server.RaftServer (RaftServerProxy.java:addNew(96)) - 16b83421-d067-43ff-a35e-8d85285fddd5: addNew group-FD140218F0CE:[16b83421-d067-43ff-a35e-8d85285fddd5|rpc:10.1.0.31:41675|priority:1|startupRole:FOLLOWER] returns group-FD140218F0CE:java.util.concurrent.CompletableFuture@62e51403[Not completed]
2022-12-08 06:44:01,236 [pool-71-thread-1] INFO  server.RaftServer$Division (RaftServerImpl.java:<init>(195)) - 16b83421-d067-43ff-a35e-8d85285fddd5: new RaftServerImpl for group-FD140218F0CE:[16b83421-d067-43ff-a35e-8d85285fddd5|rpc:10.1.0.31:41675|priority:1|startupRole:FOLLOWER] with ContainerStateMachine:uninitialized
2022-12-08 06:44:01,236 [pool-71-thread-1] INFO  server.RaftServerConfigKeys (ConfUtils.java:logGet(46)) - raft.server.rpc.timeout.min = 5s (custom)
2022-12-08 06:44:01,236 [pool-71-thread-1] INFO  server.RaftServerConfigKeys (ConfUtils.java:logGet(46)) - raft.server.rpc.timeout.max = 5200ms (custom)
2022-12-08 06:44:01,236 [pool-71-thread-1] INFO  server.RaftServerConfigKeys (ConfUtils.java:logGet(46)) - raft.server.rpc.sleep.time = 25ms (default)
2022-12-08 06:44:01,236 [pool-71-thread-1] INFO  server.RaftServerConfigKeys (ConfUtils.java:logGet(46)) - raft.server.rpc.slowness.timeout = 300s (custom)
2022-12-08 06:44:01,236 [pool-71-thread-1] INFO  server.RaftServerConfigKeys (ConfUtils.java:logGet(46)) - raft.server.leaderelection.leader.step-down.wait-time = 10s (default)
2022-12-08 06:44:01,236 [pool-71-thread-1] INFO  server.RaftServerConfigKeys (ConfUtils.java:logGet(46)) - raft.server.sleep.deviation.threshold = 300ms (default)
2022-12-08 06:44:01,236 [pool-71-thread-1] INFO  server.RaftServer$Division (ServerState.java:<init>(118)) - 16b83421-d067-43ff-a35e-8d85285fddd5@group-FD140218F0CE: ConfigurationManager, init=-1: peers:[16b83421-d067-43ff-a35e-8d85285fddd5|rpc:10.1.0.31:41675|priority:1|startupRole:FOLLOWER]|listeners:[], old=null, confs=<EMPTY_MAP>
2022-12-08 06:44:01,236 [pool-71-thread-1] INFO  server.RaftServerConfigKeys (ConfUtils.java:logGet(46)) - raft.server.storage.dir = [/home/runner/work/ozone/ozone/hadoop-ozone/integration-test/target/test-dir/MiniOzoneClusterImpl-ddb91292-9bed-4e17-ad85-89bc7eecbd5e/datanode-0/data/ratis] (custom)
2022-12-08 06:44:01,236 [pool-71-thread-1] INFO  server.RaftServerConfigKeys (ConfUtils.java:logGet(46)) - raft.server.log.corruption.policy = EXCEPTION (default)
2022-12-08 06:44:01,236 [pool-71-thread-1] INFO  server.RaftServerConfigKeys (ConfUtils.java:logGet(46)) - raft.server.storage.free-space.min = 0MB (=0) (default)
2022-12-08 06:44:01,236 [pool-71-thread-1] INFO  server.RaftServerConfigKeys (ConfUtils.java:logGet(46)) - raft.server.notification.no-leader.timeout = 300s (custom)
2022-12-08 06:44:01,237 [pool-71-thread-1] INFO  server.RaftServerConfigKeys (ConfUtils.java:logGet(46)) - raft.server.retrycache.expirytime = 600000ms (custom)
2022-12-08 06:44:01,237 [pool-71-thread-1] INFO  server.RaftServerConfigKeys (ConfUtils.java:logGet(46)) - raft.server.retrycache.statistics.expirytime = 100μs (default)
2022-12-08 06:44:01,240 [pool-71-thread-1] INFO  server.RaftServerConfigKeys (ConfUtils.java:logGet(46)) - raft.server.log.appender.install.snapshot.enabled = false (custom)
2022-12-08 06:44:01,240 [pool-71-thread-1] INFO  server.RaftServerConfigKeys (ConfUtils.java:logGet(46)) - raft.server.threadpool.server.cached = true (default)
2022-12-08 06:44:01,240 [pool-71-thread-1] INFO  server.RaftServerConfigKeys (ConfUtils.java:logGet(46)) - raft.server.threadpool.server.size = 0 (default)
2022-12-08 06:44:01,241 [pool-71-thread-1] INFO  server.RaftServerConfigKeys (ConfUtils.java:logGet(46)) - raft.server.threadpool.client.cached = true (default)
2022-12-08 06:44:01,241 [pool-71-thread-1] INFO  server.RaftServerConfigKeys (ConfUtils.java:logGet(46)) - raft.server.threadpool.client.size = 0 (default)
2022-12-08 06:44:01,241 [pool-71-thread-1] INFO  storage.RaftStorageDirectory (RaftStorageDirectoryImpl.java:analyzeStorage(137)) - The storage directory /home/runner/work/ozone/ozone/hadoop-ozone/integration-test/target/test-dir/MiniOzoneClusterImpl-ddb91292-9bed-4e17-ad85-89bc7eecbd5e/datanode-0/data/ratis/4b4e5c23-68c9-41cb-be8b-fd140218f0ce does not exist. Creating ...
2022-12-08 06:44:01,244 [pool-71-thread-1] INFO  storage.RaftStorageDirectory (RaftStorageDirectoryImpl.java:tryLock(231)) - Lock on /home/runner/work/ozone/ozone/hadoop-ozone/integration-test/target/test-dir/MiniOzoneClusterImpl-ddb91292-9bed-4e17-ad85-89bc7eecbd5e/datanode-0/data/ratis/4b4e5c23-68c9-41cb-be8b-fd140218f0ce/in_use.lock acquired by nodename 13321@fv-az205-634
2022-12-08 06:44:01,246 [pool-71-thread-1] INFO  storage.RaftStorage (RaftStorageImpl.java:format(96)) - Storage directory /home/runner/work/ozone/ozone/hadoop-ozone/integration-test/target/test-dir/MiniOzoneClusterImpl-ddb91292-9bed-4e17-ad85-89bc7eecbd5e/datanode-0/data/ratis/4b4e5c23-68c9-41cb-be8b-fd140218f0ce has been successfully formatted.
2022-12-08 06:44:01,252 [pool-71-thread-1] INFO  ratis.ContainerStateMachine (ContainerStateMachine.java:loadSnapshot(236)) - group-FD140218F0CE: The snapshot info is null. Setting the last applied indexto:(t:0, i:~)
2022-12-08 06:44:01,252 [pool-71-thread-1] INFO  server.RaftServerConfigKeys (ConfUtils.java:logGet(46)) - raft.server.log.use.memory = false (default)
2022-12-08 06:44:01,252 [pool-71-thread-1] INFO  server.RaftServerConfigKeys (ConfUtils.java:logGet(46)) - raft.server.log.purge.gap = 1000000 (custom)
2022-12-08 06:44:01,252 [pool-71-thread-1] INFO  server.RaftServerConfigKeys (ConfUtils.java:logGet(46)) - raft.server.log.appender.buffer.byte-limit = 33554432 (custom)
2022-12-08 06:44:01,253 [pool-71-thread-1] INFO  server.RaftServerConfigKeys (ConfUtils.java:logGet(46)) - raft.server.log.statemachine.data.read.timeout = 1000ms (default)
2022-12-08 06:44:01,253 [pool-71-thread-1] INFO  server.RaftServerConfigKeys (ConfUtils.java:logGet(46)) - raft.server.log.purge.preservation.log.num = 0 (default)
2022-12-08 06:44:01,253 [pool-71-thread-1] INFO  server.RaftServerConfigKeys (ConfUtils.java:logGet(46)) - raft.server.log.segment.size.max = 1048576 (custom)
2022-12-08 06:44:01,254 [pool-71-thread-1] INFO  server.RaftServerConfigKeys (ConfUtils.java:logGet(46)) - raft.server.log.segment.cache.num.max = 2 (custom)
2022-12-08 06:44:01,254 [pool-71-thread-1] INFO  server.RaftServerConfigKeys (ConfUtils.java:logGet(46)) - raft.server.log.segment.cache.size.max = 200MB (=209715200) (default)
2022-12-08 06:44:01,254 [pool-71-thread-1] INFO  segmented.SegmentedRaftLogWorker (SegmentedRaftLogWorker.java:<init>(189)) - new 16b83421-d067-43ff-a35e-8d85285fddd5@group-FD140218F0CE-SegmentedRaftLogWorker for RaftStorageImpl:Storage Directory /home/runner/work/ozone/ozone/hadoop-ozone/integration-test/target/test-dir/MiniOzoneClusterImpl-ddb91292-9bed-4e17-ad85-89bc7eecbd5e/datanode-0/data/ratis/4b4e5c23-68c9-41cb-be8b-fd140218f0ce
2022-12-08 06:44:01,255 [pool-71-thread-1] INFO  server.RaftServerConfigKeys (ConfUtils.java:logGet(46)) - raft.server.log.queue.byte-limit = 4294967296 (custom)
2022-12-08 06:44:01,255 [pool-71-thread-1] INFO  server.RaftServerConfigKeys (ConfUtils.java:logGet(46)) - raft.server.log.queue.element-limit = 1024 (custom)
2022-12-08 06:44:01,255 [pool-71-thread-1] INFO  server.RaftServerConfigKeys (ConfUtils.java:logGet(46)) - raft.server.log.segment.size.max = 1048576 (custom)
2022-12-08 06:44:01,255 [pool-71-thread-1] INFO  server.RaftServerConfigKeys (ConfUtils.java:logGet(46)) - raft.server.log.preallocated.size = 16384 (custom)
2022-12-08 06:44:01,255 [pool-71-thread-1] INFO  server.RaftServerConfigKeys (ConfUtils.java:logGet(46)) - raft.server.log.force.sync.num = 128 (default)
2022-12-08 06:44:01,255 [pool-71-thread-1] INFO  server.RaftServerConfigKeys (ConfUtils.java:logGet(46)) - raft.server.log.statemachine.data.sync = true (default)
2022-12-08 06:44:01,255 [pool-71-thread-1] INFO  server.RaftServerConfigKeys (ConfUtils.java:logGet(46)) - raft.server.log.statemachine.data.sync.timeout = 10s (default)
2022-12-08 06:44:01,255 [pool-71-thread-1] INFO  server.RaftServerConfigKeys (ConfUtils.java:logGet(46)) - raft.server.log.statemachine.data.sync.timeout.retry = -1 (default)
2022-12-08 06:44:01,257 [pool-71-thread-1] INFO  server.RaftServerConfigKeys (ConfUtils.java:logGet(46)) - raft.server.log.write.buffer.size = 1048576 (custom)
2022-12-08 06:44:01,257 [pool-71-thread-1] INFO  server.RaftServerConfigKeys (ConfUtils.java:logGet(46)) - raft.server.log.appender.buffer.byte-limit = 33554432 (custom)
2022-12-08 06:44:01,260 [pool-71-thread-1] INFO  server.RaftServerConfigKeys (ConfUtils.java:logGet(46)) - raft.server.log.unsafe-flush.enabled = false (default)
2022-12-08 06:44:01,260 [pool-71-thread-1] INFO  server.RaftServerConfigKeys (ConfUtils.java:logGet(46)) - raft.server.log.async-flush.enabled = false (default)
2022-12-08 06:44:01,260 [pool-71-thread-1] INFO  server.RaftServerConfigKeys (ConfUtils.java:logGet(46)) - raft.server.log.statemachine.data.caching.enabled = true (custom)
2022-12-08 06:44:01,261 [pool-71-thread-1] INFO  segmented.SegmentedRaftLogWorker (SegmentedRaftLogWorker.java:lambda$new$0(135)) - 16b83421-d067-43ff-a35e-8d85285fddd5@group-FD140218F0CE-SegmentedRaftLogWorker: flushIndex: setUnconditionally 0 -> -1
2022-12-08 06:44:01,261 [pool-71-thread-1] INFO  segmented.SegmentedRaftLogWorker (SegmentedRaftLogWorker.java:lambda$new$0(135)) - 16b83421-d067-43ff-a35e-8d85285fddd5@group-FD140218F0CE-SegmentedRaftLogWorker: safeCacheEvictIndex: setUnconditionally 0 -> -1
2022-12-08 06:44:01,261 [pool-71-thread-1] INFO  server.RaftServer$Division (RaftServerImpl.java:start(334)) - 16b83421-d067-43ff-a35e-8d85285fddd5@group-FD140218F0CE: start as a follower, conf=-1: peers:[16b83421-d067-43ff-a35e-8d85285fddd5|rpc:10.1.0.31:41675|priority:1|startupRole:FOLLOWER]|listeners:[], old=null
2022-12-08 06:44:01,261 [pool-71-thread-1] INFO  server.RaftServer$Division (RaftServerImpl.java:setRole(321)) - 16b83421-d067-43ff-a35e-8d85285fddd5@group-FD140218F0CE: changes role from      null to FOLLOWER at term 0 for startAsFollower
2022-12-08 06:44:01,261 [pool-71-thread-1] INFO  impl.RoleInfo (RoleInfo.java:updateAndGet(139)) - 16b83421-d067-43ff-a35e-8d85285fddd5: start 16b83421-d067-43ff-a35e-8d85285fddd5@group-FD140218F0CE-FollowerState
2022-12-08 06:44:01,261 [pool-71-thread-1] INFO  util.JmxRegister (JmxRegister.java:tryRegister(44)) - Successfully registered JMX Bean with object name Ratis:service=RaftServer,group=group-FD140218F0CE,id=16b83421-d067-43ff-a35e-8d85285fddd5
2022-12-08 06:44:01,263 [pool-71-thread-1] INFO  server.RaftServerConfigKeys (ConfUtils.java:logGet(46)) - raft.server.snapshot.auto.trigger.enabled = true (custom)
2022-12-08 06:44:01,263 [pool-71-thread-1] INFO  server.RaftServerConfigKeys (ConfUtils.java:logGet(46)) - raft.server.snapshot.auto.trigger.threshold = 10000 (custom)
2022-12-08 06:44:01,263 [pool-71-thread-1] INFO  server.RaftServerConfigKeys (ConfUtils.java:logGet(46)) - raft.server.snapshot.retention.file.num = 5 (custom)
2022-12-08 06:44:01,263 [pool-71-thread-1] INFO  server.RaftServerConfigKeys (ConfUtils.java:logGet(46)) - raft.server.log.purge.upto.snapshot.index = false (default)
2022-12-08 06:44:01,264 [16b83421-d067-43ff-a35e-8d85285fddd5@group-FD140218F0CE-FollowerState] INFO  server.RaftServerConfigKeys (ConfUtils.java:logFallback(53)) - raft.server.rpc.first-election.timeout.min = 5s (fallback to raft.server.rpc.timeout.min)
2022-12-08 06:44:01,264 [16b83421-d067-43ff-a35e-8d85285fddd5@group-FD140218F0CE-FollowerState] INFO  server.RaftServerConfigKeys (ConfUtils.java:logFallback(53)) - raft.server.rpc.first-election.timeout.max = 5200ms (fallback to raft.server.rpc.timeout.max)
2022-12-08 06:44:01,271 [Command processor thread] INFO  ratis.XceiverServerRatis (XceiverServerRatis.java:addGroup(765)) - Created group PipelineID=4b4e5c23-68c9-41cb-be8b-fd140218f0ce
2022-12-08 06:44:01,272 [Command processor thread] INFO  commandhandler.CreatePipelineCommandHandler (CreatePipelineCommandHandler.java:handle(113)) - Created Pipeline RATIS ONE PipelineID=4b4e5c23-68c9-41cb-be8b-fd140218f0ce.
2022-12-08 06:44:01,272 [Command processor thread] INFO  server.RaftServer (RaftServerProxy.java:addNew(96)) - 16b83421-d067-43ff-a35e-8d85285fddd5: addNew group-CCB9EB8C7E3D:[94cb98dd-f956-4629-97e9-c7eafa6bfa57|rpc:10.1.0.31:38663|priority:0|startupRole:FOLLOWER, f4510996-e6f0-4857-a292-ff170ae2c782|rpc:10.1.0.31:33975|priority:0|startupRole:FOLLOWER, 16b83421-d067-43ff-a35e-8d85285fddd5|rpc:10.1.0.31:41675|priority:1|startupRole:FOLLOWER] returns group-CCB9EB8C7E3D:java.util.concurrent.CompletableFuture@75bda144[Not completed]
2022-12-08 06:44:01,273 [pool-71-thread-1] INFO  server.RaftServer$Division (RaftServerImpl.java:<init>(195)) - 16b83421-d067-43ff-a35e-8d85285fddd5: new RaftServerImpl for group-CCB9EB8C7E3D:[94cb98dd-f956-4629-97e9-c7eafa6bfa57|rpc:10.1.0.31:38663|priority:0|startupRole:FOLLOWER, f4510996-e6f0-4857-a292-ff170ae2c782|rpc:10.1.0.31:33975|priority:0|startupRole:FOLLOWER, 16b83421-d067-43ff-a35e-8d85285fddd5|rpc:10.1.0.31:41675|priority:1|startupRole:FOLLOWER] with ContainerStateMachine:uninitialized
2022-12-08 06:44:01,273 [pool-71-thread-1] INFO  server.RaftServerConfigKeys (ConfUtils.java:logGet(46)) - raft.server.rpc.timeout.min = 5s (custom)
2022-12-08 06:44:01,273 [pool-71-thread-1] INFO  server.RaftServerConfigKeys (ConfUtils.java:logGet(46)) - raft.server.rpc.timeout.max = 5200ms (custom)
2022-12-08 06:44:01,274 [pool-71-thread-1] INFO  server.RaftServerConfigKeys (ConfUtils.java:logGet(46)) - raft.server.rpc.sleep.time = 25ms (default)
2022-12-08 06:44:01,274 [pool-71-thread-1] INFO  server.RaftServerConfigKeys (ConfUtils.java:logGet(46)) - raft.server.rpc.slowness.timeout = 300s (custom)
2022-12-08 06:44:01,274 [pool-71-thread-1] INFO  server.RaftServerConfigKeys (ConfUtils.java:logGet(46)) - raft.server.leaderelection.leader.step-down.wait-time = 10s (default)
2022-12-08 06:44:01,274 [pool-71-thread-1] INFO  server.RaftServerConfigKeys (ConfUtils.java:logGet(46)) - raft.server.sleep.deviation.threshold = 300ms (default)
2022-12-08 06:44:01,274 [pool-71-thread-1] INFO  server.RaftServer$Division (ServerState.java:<init>(118)) - 16b83421-d067-43ff-a35e-8d85285fddd5@group-CCB9EB8C7E3D: ConfigurationManager, init=-1: peers:[94cb98dd-f956-4629-97e9-c7eafa6bfa57|rpc:10.1.0.31:38663|priority:0|startupRole:FOLLOWER, f4510996-e6f0-4857-a292-ff170ae2c782|rpc:10.1.0.31:33975|priority:0|startupRole:FOLLOWER, 16b83421-d067-43ff-a35e-8d85285fddd5|rpc:10.1.0.31:41675|priority:1|startupRole:FOLLOWER]|listeners:[], old=null, confs=<EMPTY_MAP>
2022-12-08 06:44:01,274 [pool-71-thread-1] INFO  server.RaftServerConfigKeys (ConfUtils.java:logGet(46)) - raft.server.storage.dir = [/home/runner/work/ozone/ozone/hadoop-ozone/integration-test/target/test-dir/MiniOzoneClusterImpl-ddb91292-9bed-4e17-ad85-89bc7eecbd5e/datanode-0/data/ratis] (custom)
2022-12-08 06:44:01,274 [pool-71-thread-1] INFO  server.RaftServerConfigKeys (ConfUtils.java:logGet(46)) - raft.server.log.corruption.policy = EXCEPTION (default)
2022-12-08 06:44:01,274 [pool-71-thread-1] INFO  server.RaftServerConfigKeys (ConfUtils.java:logGet(46)) - raft.server.storage.free-space.min = 0MB (=0) (default)
2022-12-08 06:44:01,274 [pool-71-thread-1] INFO  server.RaftServerConfigKeys (ConfUtils.java:logGet(46)) - raft.server.notification.no-leader.timeout = 300s (custom)
2022-12-08 06:44:01,274 [pool-71-thread-1] INFO  server.RaftServerConfigKeys (ConfUtils.java:logGet(46)) - raft.server.retrycache.expirytime = 600000ms (custom)
2022-12-08 06:44:01,274 [pool-71-thread-1] INFO  server.RaftServerConfigKeys (ConfUtils.java:logGet(46)) - raft.server.retrycache.statistics.expirytime = 100μs (default)
2022-12-08 06:44:01,277 [pool-71-thread-1] INFO  server.RaftServerConfigKeys (ConfUtils.java:logGet(46)) - raft.server.log.appender.install.snapshot.enabled = false (custom)
2022-12-08 06:44:01,277 [pool-71-thread-1] INFO  server.RaftServerConfigKeys (ConfUtils.java:logGet(46)) - raft.server.threadpool.server.cached = true (default)
2022-12-08 06:44:01,277 [pool-71-thread-1] INFO  server.RaftServerConfigKeys (ConfUtils.java:logGet(46)) - raft.server.threadpool.server.size = 0 (default)
2022-12-08 06:44:01,277 [pool-71-thread-1] INFO  server.RaftServerConfigKeys (ConfUtils.java:logGet(46)) - raft.server.threadpool.client.cached = true (default)
2022-12-08 06:44:01,277 [pool-71-thread-1] INFO  server.RaftServerConfigKeys (ConfUtils.java:logGet(46)) - raft.server.threadpool.client.size = 0 (default)
2022-12-08 06:44:01,277 [pool-71-thread-1] INFO  storage.RaftStorageDirectory (RaftStorageDirectoryImpl.java:analyzeStorage(137)) - The storage directory /home/runner/work/ozone/ozone/hadoop-ozone/integration-test/target/test-dir/MiniOzoneClusterImpl-ddb91292-9bed-4e17-ad85-89bc7eecbd5e/datanode-0/data/ratis/9722cdd7-9896-46dd-9a82-ccb9eb8c7e3d does not exist. Creating ...
2022-12-08 06:44:01,278 [pool-71-thread-1] INFO  storage.RaftStorageDirectory (RaftStorageDirectoryImpl.java:tryLock(231)) - Lock on /home/runner/work/ozone/ozone/hadoop-ozone/integration-test/target/test-dir/MiniOzoneClusterImpl-ddb91292-9bed-4e17-ad85-89bc7eecbd5e/datanode-0/data/ratis/9722cdd7-9896-46dd-9a82-ccb9eb8c7e3d/in_use.lock acquired by nodename 13321@fv-az205-634
2022-12-08 06:44:01,279 [pool-71-thread-1] INFO  storage.RaftStorage (RaftStorageImpl.java:format(96)) - Storage directory /home/runner/work/ozone/ozone/hadoop-ozone/integration-test/target/test-dir/MiniOzoneClusterImpl-ddb91292-9bed-4e17-ad85-89bc7eecbd5e/datanode-0/data/ratis/9722cdd7-9896-46dd-9a82-ccb9eb8c7e3d has been successfully formatted.
2022-12-08 06:44:01,279 [pool-71-thread-1] INFO  ratis.ContainerStateMachine (ContainerStateMachine.java:loadSnapshot(236)) - group-CCB9EB8C7E3D: The snapshot info is null. Setting the last applied indexto:(t:0, i:~)
2022-12-08 06:44:01,280 [pool-71-thread-1] INFO  server.RaftServerConfigKeys (ConfUtils.java:logGet(46)) - raft.server.log.use.memory = false (default)
2022-12-08 06:44:01,280 [pool-71-thread-1] INFO  server.RaftServerConfigKeys (ConfUtils.java:logGet(46)) - raft.server.log.purge.gap = 1000000 (custom)
2022-12-08 06:44:01,280 [pool-71-thread-1] INFO  server.RaftServerConfigKeys (ConfUtils.java:logGet(46)) - raft.server.log.appender.buffer.byte-limit = 33554432 (custom)
2022-12-08 06:44:01,280 [pool-71-thread-1] INFO  server.RaftServerConfigKeys (ConfUtils.java:logGet(46)) - raft.server.log.statemachine.data.read.timeout = 1000ms (default)
2022-12-08 06:44:01,280 [pool-71-thread-1] INFO  server.RaftServerConfigKeys (ConfUtils.java:logGet(46)) - raft.server.log.purge.preservation.log.num = 0 (default)
2022-12-08 06:44:01,280 [pool-71-thread-1] INFO  server.RaftServerConfigKeys (ConfUtils.java:logGet(46)) - raft.server.log.segment.size.max = 1048576 (custom)
2022-12-08 06:44:01,281 [pool-71-thread-1] INFO  server.RaftServerConfigKeys (ConfUtils.java:logGet(46)) - raft.server.log.segment.cache.num.max = 2 (custom)
2022-12-08 06:44:01,281 [pool-71-thread-1] INFO  server.RaftServerConfigKeys (ConfUtils.java:logGet(46)) - raft.server.log.segment.cache.size.max = 200MB (=209715200) (default)
2022-12-08 06:44:01,281 [pool-71-thread-1] INFO  segmented.SegmentedRaftLogWorker (SegmentedRaftLogWorker.java:<init>(189)) - new 16b83421-d067-43ff-a35e-8d85285fddd5@group-CCB9EB8C7E3D-SegmentedRaftLogWorker for RaftStorageImpl:Storage Directory /home/runner/work/ozone/ozone/hadoop-ozone/integration-test/target/test-dir/MiniOzoneClusterImpl-ddb91292-9bed-4e17-ad85-89bc7eecbd5e/datanode-0/data/ratis/9722cdd7-9896-46dd-9a82-ccb9eb8c7e3d
2022-12-08 06:44:01,281 [pool-71-thread-1] INFO  server.RaftServerConfigKeys (ConfUtils.java:logGet(46)) - raft.server.log.queue.byte-limit = 4294967296 (custom)
2022-12-08 06:44:01,281 [pool-71-thread-1] INFO  server.RaftServerConfigKeys (ConfUtils.java:logGet(46)) - raft.server.log.queue.element-limit = 1024 (custom)
2022-12-08 06:44:01,281 [pool-71-thread-1] INFO  server.RaftServerConfigKeys (ConfUtils.java:logGet(46)) - raft.server.log.segment.size.max = 1048576 (custom)
2022-12-08 06:44:01,281 [pool-71-thread-1] INFO  server.RaftServerConfigKeys (ConfUtils.java:logGet(46)) - raft.server.log.preallocated.size = 16384 (custom)
2022-12-08 06:44:01,281 [pool-71-thread-1] INFO  server.RaftServerConfigKeys (ConfUtils.java:logGet(46)) - raft.server.log.force.sync.num = 128 (default)
2022-12-08 06:44:01,281 [pool-71-thread-1] INFO  server.RaftServerConfigKeys (ConfUtils.java:logGet(46)) - raft.server.log.statemachine.data.sync = true (default)
2022-12-08 06:44:01,281 [pool-71-thread-1] INFO  server.RaftServerConfigKeys (ConfUtils.java:logGet(46)) - raft.server.log.statemachine.data.sync.timeout = 10s (default)
2022-12-08 06:44:01,281 [pool-71-thread-1] INFO  server.RaftServerConfigKeys (ConfUtils.java:logGet(46)) - raft.server.log.statemachine.data.sync.timeout.retry = -1 (default)
2022-12-08 06:44:01,283 [pool-71-thread-1] INFO  server.RaftServerConfigKeys (ConfUtils.java:logGet(46)) - raft.server.log.write.buffer.size = 1048576 (custom)
2022-12-08 06:44:01,283 [pool-71-thread-1] INFO  server.RaftServerConfigKeys (ConfUtils.java:logGet(46)) - raft.server.log.appender.buffer.byte-limit = 33554432 (custom)
2022-12-08 06:44:01,290 [pool-71-thread-1] INFO  server.RaftServerConfigKeys (ConfUtils.java:logGet(46)) - raft.server.log.unsafe-flush.enabled = false (default)
2022-12-08 06:44:01,290 [pool-71-thread-1] INFO  server.RaftServerConfigKeys (ConfUtils.java:logGet(46)) - raft.server.log.async-flush.enabled = false (default)
2022-12-08 06:44:01,290 [pool-71-thread-1] INFO  server.RaftServerConfigKeys (ConfUtils.java:logGet(46)) - raft.server.log.statemachine.data.caching.enabled = true (custom)
2022-12-08 06:44:01,290 [pool-71-thread-1] INFO  segmented.SegmentedRaftLogWorker (SegmentedRaftLogWorker.java:lambda$new$0(135)) - 16b83421-d067-43ff-a35e-8d85285fddd5@group-CCB9EB8C7E3D-SegmentedRaftLogWorker: flushIndex: setUnconditionally 0 -> -1
2022-12-08 06:44:01,290 [pool-71-thread-1] INFO  segmented.SegmentedRaftLogWorker (SegmentedRaftLogWorker.java:lambda$new$0(135)) - 16b83421-d067-43ff-a35e-8d85285fddd5@group-CCB9EB8C7E3D-SegmentedRaftLogWorker: safeCacheEvictIndex: setUnconditionally 0 -> -1
2022-12-08 06:44:01,290 [pool-71-thread-1] INFO  server.RaftServer$Division (RaftServerImpl.java:start(334)) - 16b83421-d067-43ff-a35e-8d85285fddd5@group-CCB9EB8C7E3D: start as a follower, conf=-1: peers:[94cb98dd-f956-4629-97e9-c7eafa6bfa57|rpc:10.1.0.31:38663|priority:0|startupRole:FOLLOWER, f4510996-e6f0-4857-a292-ff170ae2c782|rpc:10.1.0.31:33975|priority:0|startupRole:FOLLOWER, 16b83421-d067-43ff-a35e-8d85285fddd5|rpc:10.1.0.31:41675|priority:1|startupRole:FOLLOWER]|listeners:[], old=null
2022-12-08 06:44:01,291 [pool-71-thread-1] INFO  server.RaftServer$Division (RaftServerImpl.java:setRole(321)) - 16b83421-d067-43ff-a35e-8d85285fddd5@group-CCB9EB8C7E3D: changes role from      null to FOLLOWER at term 0 for startAsFollower
2022-12-08 06:44:01,291 [pool-71-thread-1] INFO  impl.RoleInfo (RoleInfo.java:updateAndGet(139)) - 16b83421-d067-43ff-a35e-8d85285fddd5: start 16b83421-d067-43ff-a35e-8d85285fddd5@group-CCB9EB8C7E3D-FollowerState
2022-12-08 06:44:01,291 [EventQueue-CommandQueueReportForCommandQueueReportHandler] WARN  events.EventQueue (EventQueue.java:fireEvent(216)) - No event handler registered for event TypedEvent{payloadType=DatanodeDetails, name='Datanode_Command_Queue_Updated'}
2022-12-08 06:44:01,299 [EventQueue-CommandQueueReportForCommandQueueReportHandler] WARN  events.EventQueue (EventQueue.java:fireEvent(216)) - No event handler registered for event TypedEvent{payloadType=DatanodeDetails, name='Datanode_Command_Queue_Updated'}
2022-12-08 06:44:01,292 [16b83421-d067-43ff-a35e-8d85285fddd5@group-CCB9EB8C7E3D-FollowerState] INFO  server.RaftServerConfigKeys (ConfUtils.java:logFallback(53)) - raft.server.rpc.first-election.timeout.min = 5s (fallback to raft.server.rpc.timeout.min)
2022-12-08 06:44:01,291 [pool-71-thread-1] INFO  util.JmxRegister (JmxRegister.java:tryRegister(44)) - Successfully registered JMX Bean with object name Ratis:service=RaftServer,group=group-CCB9EB8C7E3D,id=16b83421-d067-43ff-a35e-8d85285fddd5
2022-12-08 06:44:01,299 [pool-71-thread-1] INFO  server.RaftServerConfigKeys (ConfUtils.java:logGet(46)) - raft.server.snapshot.auto.trigger.enabled = true (custom)
2022-12-08 06:44:01,300 [pool-71-thread-1] INFO  server.RaftServerConfigKeys (ConfUtils.java:logGet(46)) - raft.server.snapshot.auto.trigger.threshold = 10000 (custom)
2022-12-08 06:44:01,300 [pool-71-thread-1] INFO  server.RaftServerConfigKeys (ConfUtils.java:logGet(46)) - raft.server.snapshot.retention.file.num = 5 (custom)
2022-12-08 06:44:01,300 [pool-71-thread-1] INFO  server.RaftServerConfigKeys (ConfUtils.java:logGet(46)) - raft.server.log.purge.upto.snapshot.index = false (default)
2022-12-08 06:44:01,291 [EventQueue-PipelineReportForPipelineReportHandler] INFO  pipeline.PipelineManagerImpl (PipelineManagerImpl.java:openPipeline(367)) - Pipeline Pipeline[ Id: 4b4e5c23-68c9-41cb-be8b-fd140218f0ce, Nodes: 16b83421-d067-43ff-a35e-8d85285fddd5{ip: 10.1.0.31, host: fv-az205-634.k2gd1z4tyxsu3cbgyjsjq30zwf.jx.internal.cloudapp.net, ports: [REPLICATION=43877, RATIS=41675, RATIS_ADMIN=41675, RATIS_SERVER=41675, STANDALONE=39579], networkLocation: /default-rack, certSerialId: null, persistedOpState: IN_SERVICE, persistedOpStateExpiryEpochSec: 0}, ReplicationConfig: RATIS/ONE, State:ALLOCATED, leaderId:16b83421-d067-43ff-a35e-8d85285fddd5, CreationTimestamp2022-12-08T06:43:58.247Z[Etc/UTC]] moved to OPEN state
2022-12-08 06:44:01,308 [16b83421-d067-43ff-a35e-8d85285fddd5@group-CCB9EB8C7E3D-FollowerState] INFO  server.RaftServerConfigKeys (ConfUtils.java:logFallback(53)) - raft.server.rpc.first-election.timeout.max = 5200ms (fallback to raft.server.rpc.timeout.max)
2022-12-08 06:44:01,308 [Command processor thread] INFO  ratis.XceiverServerRatis (XceiverServerRatis.java:addGroup(765)) - Created group PipelineID=9722cdd7-9896-46dd-9a82-ccb9eb8c7e3d
2022-12-08 06:44:01,316 [EventQueue-OpenPipelineForHealthyPipelineSafeModeRule] INFO  safemode.SCMSafeModeManager (HealthyPipelineSafeModeRule.java:process(137)) - SCM in safe mode. Healthy pipelines reported count is 0, required healthy pipeline reported count is 1
2022-12-08 06:44:01,316 [EventQueue-OpenPipelineForHealthyPipelineSafeModeRule] INFO  safemode.SCMSafeModeManager (HealthyPipelineSafeModeRule.java:process(137)) - SCM in safe mode. Healthy pipelines reported count is 0, required healthy pipeline reported count is 1
2022-12-08 06:44:01,586 [EventQueue-CommandQueueReportForCommandQueueReportHandler] WARN  events.EventQueue (EventQueue.java:fireEvent(216)) - No event handler registered for event TypedEvent{payloadType=DatanodeDetails, name='Datanode_Command_Queue_Updated'}
2022-12-08 06:44:01,693 [Listener at 127.0.0.1/38363] INFO  ozone.MiniOzoneClusterImpl (MiniOzoneClusterImpl.java:lambda$waitForClusterToBeReady$0(216)) - Nodes are ready. Got 7 of 7 DN Heartbeats.
2022-12-08 06:44:01,693 [Listener at 127.0.0.1/38363] INFO  ozone.MiniOzoneClusterImpl (MiniOzoneClusterImpl.java:lambda$waitForClusterToBeReady$0(219)) - Waiting for cluster to exit safe mode
2022-12-08 06:44:01,693 [Listener at 127.0.0.1/38363] INFO  ozone.MiniOzoneClusterImpl (MiniOzoneClusterImpl.java:lambda$waitForClusterToBeReady$0(221)) - SCM became leader
2022-12-08 06:44:01,779 [EventQueue-CommandQueueReportForCommandQueueReportHandler] WARN  events.EventQueue (EventQueue.java:fireEvent(216)) - No event handler registered for event TypedEvent{payloadType=DatanodeDetails, name='Datanode_Command_Queue_Updated'}
2022-12-08 06:44:01,784 [Command processor thread] INFO  server.RaftServer (RaftServerProxy.java:addNew(96)) - f4510996-e6f0-4857-a292-ff170ae2c782: addNew group-698671003972:[f4510996-e6f0-4857-a292-ff170ae2c782|rpc:10.1.0.31:33975|priority:1|startupRole:FOLLOWER] returns group-698671003972:java.util.concurrent.CompletableFuture@20fe57a8[Not completed]
2022-12-08 06:44:01,790 [pool-94-thread-1] INFO  server.RaftServer$Division (RaftServerImpl.java:<init>(195)) - f4510996-e6f0-4857-a292-ff170ae2c782: new RaftServerImpl for group-698671003972:[f4510996-e6f0-4857-a292-ff170ae2c782|rpc:10.1.0.31:33975|priority:1|startupRole:FOLLOWER] with ContainerStateMachine:uninitialized
2022-12-08 06:44:01,790 [pool-94-thread-1] INFO  server.RaftServerConfigKeys (ConfUtils.java:logGet(46)) - raft.server.rpc.timeout.min = 5s (custom)
2022-12-08 06:44:01,790 [pool-94-thread-1] INFO  server.RaftServerConfigKeys (ConfUtils.java:logGet(46)) - raft.server.rpc.timeout.max = 5200ms (custom)
2022-12-08 06:44:01,791 [pool-94-thread-1] INFO  server.RaftServerConfigKeys (ConfUtils.java:logGet(46)) - raft.server.rpc.sleep.time = 25ms (default)
2022-12-08 06:44:01,791 [pool-94-thread-1] INFO  server.RaftServerConfigKeys (ConfUtils.java:logGet(46)) - raft.server.rpc.slowness.timeout = 300s (custom)
2022-12-08 06:44:01,791 [pool-94-thread-1] INFO  server.RaftServerConfigKeys (ConfUtils.java:logGet(46)) - raft.server.leaderelection.leader.step-down.wait-time = 10s (default)
2022-12-08 06:44:01,791 [pool-94-thread-1] INFO  server.RaftServerConfigKeys (ConfUtils.java:logGet(46)) - raft.server.sleep.deviation.threshold = 300ms (default)
2022-12-08 06:44:01,792 [pool-94-thread-1] INFO  server.RaftServer$Division (ServerState.java:<init>(118)) - f4510996-e6f0-4857-a292-ff170ae2c782@group-698671003972: ConfigurationManager, init=-1: peers:[f4510996-e6f0-4857-a292-ff170ae2c782|rpc:10.1.0.31:33975|priority:1|startupRole:FOLLOWER]|listeners:[], old=null, confs=<EMPTY_MAP>
2022-12-08 06:44:01,792 [pool-94-thread-1] INFO  server.RaftServerConfigKeys (ConfUtils.java:logGet(46)) - raft.server.storage.dir = [/home/runner/work/ozone/ozone/hadoop-ozone/integration-test/target/test-dir/MiniOzoneClusterImpl-ddb91292-9bed-4e17-ad85-89bc7eecbd5e/datanode-1/data/ratis] (custom)
2022-12-08 06:44:01,792 [pool-94-thread-1] INFO  server.RaftServerConfigKeys (ConfUtils.java:logGet(46)) - raft.server.log.corruption.policy = EXCEPTION (default)
2022-12-08 06:44:01,792 [pool-94-thread-1] INFO  server.RaftServerConfigKeys (ConfUtils.java:logGet(46)) - raft.server.storage.free-space.min = 0MB (=0) (default)
2022-12-08 06:44:01,792 [pool-94-thread-1] INFO  server.RaftServerConfigKeys (ConfUtils.java:logGet(46)) - raft.server.notification.no-leader.timeout = 300s (custom)
2022-12-08 06:44:01,792 [pool-94-thread-1] INFO  server.RaftServerConfigKeys (ConfUtils.java:logGet(46)) - raft.server.retrycache.expirytime = 600000ms (custom)
2022-12-08 06:44:01,792 [pool-94-thread-1] INFO  server.RaftServerConfigKeys (ConfUtils.java:logGet(46)) - raft.server.retrycache.statistics.expirytime = 100μs (default)
2022-12-08 06:44:01,805 [pool-94-thread-1] INFO  server.RaftServerConfigKeys (ConfUtils.java:logGet(46)) - raft.server.log.appender.install.snapshot.enabled = false (custom)
2022-12-08 06:44:01,806 [pool-94-thread-1] INFO  server.RaftServerConfigKeys (ConfUtils.java:logGet(46)) - raft.server.threadpool.server.cached = true (default)
2022-12-08 06:44:01,806 [pool-94-thread-1] INFO  server.RaftServerConfigKeys (ConfUtils.java:logGet(46)) - raft.server.threadpool.server.size = 0 (default)
2022-12-08 06:44:01,806 [pool-94-thread-1] INFO  server.RaftServerConfigKeys (ConfUtils.java:logGet(46)) - raft.server.threadpool.client.cached = true (default)
2022-12-08 06:44:01,806 [pool-94-thread-1] INFO  server.RaftServerConfigKeys (ConfUtils.java:logGet(46)) - raft.server.threadpool.client.size = 0 (default)
2022-12-08 06:44:01,806 [pool-94-thread-1] INFO  storage.RaftStorageDirectory (RaftStorageDirectoryImpl.java:analyzeStorage(137)) - The storage directory /home/runner/work/ozone/ozone/hadoop-ozone/integration-test/target/test-dir/MiniOzoneClusterImpl-ddb91292-9bed-4e17-ad85-89bc7eecbd5e/datanode-1/data/ratis/b28726a4-0c85-423d-aa83-698671003972 does not exist. Creating ...
2022-12-08 06:44:01,807 [pool-94-thread-1] INFO  storage.RaftStorageDirectory (RaftStorageDirectoryImpl.java:tryLock(231)) - Lock on /home/runner/work/ozone/ozone/hadoop-ozone/integration-test/target/test-dir/MiniOzoneClusterImpl-ddb91292-9bed-4e17-ad85-89bc7eecbd5e/datanode-1/data/ratis/b28726a4-0c85-423d-aa83-698671003972/in_use.lock acquired by nodename 13321@fv-az205-634
2022-12-08 06:44:01,808 [pool-94-thread-1] INFO  storage.RaftStorage (RaftStorageImpl.java:format(96)) - Storage directory /home/runner/work/ozone/ozone/hadoop-ozone/integration-test/target/test-dir/MiniOzoneClusterImpl-ddb91292-9bed-4e17-ad85-89bc7eecbd5e/datanode-1/data/ratis/b28726a4-0c85-423d-aa83-698671003972 has been successfully formatted.
2022-12-08 06:44:01,809 [pool-94-thread-1] INFO  ratis.ContainerStateMachine (ContainerStateMachine.java:loadSnapshot(236)) - group-698671003972: The snapshot info is null. Setting the last applied indexto:(t:0, i:~)
2022-12-08 06:44:01,812 [EventQueue-PipelineReportForPipelineReportHandler] INFO  pipeline.PipelineManagerImpl (PipelineManagerImpl.java:openPipeline(367)) - Pipeline Pipeline[ Id: b28726a4-0c85-423d-aa83-698671003972, Nodes: f4510996-e6f0-4857-a292-ff170ae2c782{ip: 10.1.0.31, host: fv-az205-634.k2gd1z4tyxsu3cbgyjsjq30zwf.jx.internal.cloudapp.net, ports: [REPLICATION=35385, RATIS=33975, RATIS_ADMIN=33975, RATIS_SERVER=33975, STANDALONE=44877], networkLocation: /default-rack, certSerialId: null, persistedOpState: IN_SERVICE, persistedOpStateExpiryEpochSec: 0}, ReplicationConfig: RATIS/ONE, State:ALLOCATED, leaderId:f4510996-e6f0-4857-a292-ff170ae2c782, CreationTimestamp2022-12-08T06:43:58.781Z[Etc/UTC]] moved to OPEN state
2022-12-08 06:44:01,812 [EventQueue-CommandQueueReportForCommandQueueReportHandler] WARN  events.EventQueue (EventQueue.java:fireEvent(216)) - No event handler registered for event TypedEvent{payloadType=DatanodeDetails, name='Datanode_Command_Queue_Updated'}
2022-12-08 06:44:01,813 [EventQueue-OpenPipelineForHealthyPipelineSafeModeRule] INFO  safemode.SCMSafeModeManager (HealthyPipelineSafeModeRule.java:process(137)) - SCM in safe mode. Healthy pipelines reported count is 0, required healthy pipeline reported count is 1
2022-12-08 06:44:01,814 [pool-94-thread-1] INFO  server.RaftServerConfigKeys (ConfUtils.java:logGet(46)) - raft.server.log.use.memory = false (default)
2022-12-08 06:44:01,814 [pool-94-thread-1] INFO  server.RaftServerConfigKeys (ConfUtils.java:logGet(46)) - raft.server.log.purge.gap = 1000000 (custom)
2022-12-08 06:44:01,814 [pool-94-thread-1] INFO  server.RaftServerConfigKeys (ConfUtils.java:logGet(46)) - raft.server.log.appender.buffer.byte-limit = 33554432 (custom)
2022-12-08 06:44:01,814 [pool-94-thread-1] INFO  server.RaftServerConfigKeys (ConfUtils.java:logGet(46)) - raft.server.log.statemachine.data.read.timeout = 1000ms (default)
2022-12-08 06:44:01,814 [pool-94-thread-1] INFO  server.RaftServerConfigKeys (ConfUtils.java:logGet(46)) - raft.server.log.purge.preservation.log.num = 0 (default)
2022-12-08 06:44:01,814 [pool-94-thread-1] INFO  server.RaftServerConfigKeys (ConfUtils.java:logGet(46)) - raft.server.log.segment.size.max = 1048576 (custom)
2022-12-08 06:44:01,819 [pool-94-thread-1] INFO  server.RaftServerConfigKeys (ConfUtils.java:logGet(46)) - raft.server.log.segment.cache.num.max = 2 (custom)
2022-12-08 06:44:01,819 [pool-94-thread-1] INFO  server.RaftServerConfigKeys (ConfUtils.java:logGet(46)) - raft.server.log.segment.cache.size.max = 200MB (=209715200) (default)
2022-12-08 06:44:01,819 [pool-94-thread-1] INFO  segmented.SegmentedRaftLogWorker (SegmentedRaftLogWorker.java:<init>(189)) - new f4510996-e6f0-4857-a292-ff170ae2c782@group-698671003972-SegmentedRaftLogWorker for RaftStorageImpl:Storage Directory /home/runner/work/ozone/ozone/hadoop-ozone/integration-test/target/test-dir/MiniOzoneClusterImpl-ddb91292-9bed-4e17-ad85-89bc7eecbd5e/datanode-1/data/ratis/b28726a4-0c85-423d-aa83-698671003972
2022-12-08 06:44:01,819 [pool-94-thread-1] INFO  server.RaftServerConfigKeys (ConfUtils.java:logGet(46)) - raft.server.log.queue.byte-limit = 4294967296 (custom)
2022-12-08 06:44:01,819 [pool-94-thread-1] INFO  server.RaftServerConfigKeys (ConfUtils.java:logGet(46)) - raft.server.log.queue.element-limit = 1024 (custom)
2022-12-08 06:44:01,819 [pool-94-thread-1] INFO  server.RaftServerConfigKeys (ConfUtils.java:logGet(46)) - raft.server.log.segment.size.max = 1048576 (custom)
2022-12-08 06:44:01,819 [pool-94-thread-1] INFO  server.RaftServerConfigKeys (ConfUtils.java:logGet(46)) - raft.server.log.preallocated.size = 16384 (custom)
2022-12-08 06:44:01,819 [pool-94-thread-1] INFO  server.RaftServerConfigKeys (ConfUtils.java:logGet(46)) - raft.server.log.force.sync.num = 128 (default)
2022-12-08 06:44:01,821 [pool-94-thread-1] INFO  server.RaftServerConfigKeys (ConfUtils.java:logGet(46)) - raft.server.log.statemachine.data.sync = true (default)
2022-12-08 06:44:01,821 [pool-94-thread-1] INFO  server.RaftServerConfigKeys (ConfUtils.java:logGet(46)) - raft.server.log.statemachine.data.sync.timeout = 10s (default)
2022-12-08 06:44:01,821 [pool-94-thread-1] INFO  server.RaftServerConfigKeys (ConfUtils.java:logGet(46)) - raft.server.log.statemachine.data.sync.timeout.retry = -1 (default)
2022-12-08 06:44:01,825 [pool-94-thread-1] INFO  server.RaftServerConfigKeys (ConfUtils.java:logGet(46)) - raft.server.log.write.buffer.size = 1048576 (custom)
2022-12-08 06:44:01,825 [pool-94-thread-1] INFO  server.RaftServerConfigKeys (ConfUtils.java:logGet(46)) - raft.server.log.appender.buffer.byte-limit = 33554432 (custom)
2022-12-08 06:44:01,829 [pool-94-thread-1] INFO  server.RaftServerConfigKeys (ConfUtils.java:logGet(46)) - raft.server.log.unsafe-flush.enabled = false (default)
2022-12-08 06:44:01,829 [pool-94-thread-1] INFO  server.RaftServerConfigKeys (ConfUtils.java:logGet(46)) - raft.server.log.async-flush.enabled = false (default)
2022-12-08 06:44:01,829 [pool-94-thread-1] INFO  server.RaftServerConfigKeys (ConfUtils.java:logGet(46)) - raft.server.log.statemachine.data.caching.enabled = true (custom)
2022-12-08 06:44:01,830 [pool-94-thread-1] INFO  segmented.SegmentedRaftLogWorker (SegmentedRaftLogWorker.java:lambda$new$0(135)) - f4510996-e6f0-4857-a292-ff170ae2c782@group-698671003972-SegmentedRaftLogWorker: flushIndex: setUnconditionally 0 -> -1
2022-12-08 06:44:01,830 [pool-94-thread-1] INFO  segmented.SegmentedRaftLogWorker (SegmentedRaftLogWorker.java:lambda$new$0(135)) - f4510996-e6f0-4857-a292-ff170ae2c782@group-698671003972-SegmentedRaftLogWorker: safeCacheEvictIndex: setUnconditionally 0 -> -1
2022-12-08 06:44:01,830 [pool-94-thread-1] INFO  server.RaftServer$Division (RaftServerImpl.java:start(334)) - f4510996-e6f0-4857-a292-ff170ae2c782@group-698671003972: start as a follower, conf=-1: peers:[f4510996-e6f0-4857-a292-ff170ae2c782|rpc:10.1.0.31:33975|priority:1|startupRole:FOLLOWER]|listeners:[], old=null
2022-12-08 06:44:01,830 [pool-94-thread-1] INFO  server.RaftServer$Division (RaftServerImpl.java:setRole(321)) - f4510996-e6f0-4857-a292-ff170ae2c782@group-698671003972: changes role from      null to FOLLOWER at term 0 for startAsFollower
2022-12-08 06:44:01,830 [pool-94-thread-1] INFO  impl.RoleInfo (RoleInfo.java:updateAndGet(139)) - f4510996-e6f0-4857-a292-ff170ae2c782: start f4510996-e6f0-4857-a292-ff170ae2c782@group-698671003972-FollowerState
2022-12-08 06:44:01,830 [pool-94-thread-1] INFO  util.JmxRegister (JmxRegister.java:tryRegister(44)) - Successfully registered JMX Bean with object name Ratis:service=RaftServer,group=group-698671003972,id=f4510996-e6f0-4857-a292-ff170ae2c782
2022-12-08 06:44:01,832 [pool-94-thread-1] INFO  server.RaftServerConfigKeys (ConfUtils.java:logGet(46)) - raft.server.snapshot.auto.trigger.enabled = true (custom)
2022-12-08 06:44:01,832 [f4510996-e6f0-4857-a292-ff170ae2c782@group-698671003972-FollowerState] INFO  server.RaftServerConfigKeys (ConfUtils.java:logFallback(53)) - raft.server.rpc.first-election.timeout.min = 5s (fallback to raft.server.rpc.timeout.min)
2022-12-08 06:44:01,832 [f4510996-e6f0-4857-a292-ff170ae2c782@group-698671003972-FollowerState] INFO  server.RaftServerConfigKeys (ConfUtils.java:logFallback(53)) - raft.server.rpc.first-election.timeout.max = 5200ms (fallback to raft.server.rpc.timeout.max)
2022-12-08 06:44:01,832 [pool-94-thread-1] INFO  server.RaftServerConfigKeys (ConfUtils.java:logGet(46)) - raft.server.snapshot.auto.trigger.threshold = 10000 (custom)
2022-12-08 06:44:01,835 [pool-94-thread-1] INFO  server.RaftServerConfigKeys (ConfUtils.java:logGet(46)) - raft.server.snapshot.retention.file.num = 5 (custom)
2022-12-08 06:44:01,835 [pool-94-thread-1] INFO  server.RaftServerConfigKeys (ConfUtils.java:logGet(46)) - raft.server.log.purge.upto.snapshot.index = false (default)
2022-12-08 06:44:01,836 [Command processor thread] INFO  ratis.XceiverServerRatis (XceiverServerRatis.java:addGroup(765)) - Created group PipelineID=b28726a4-0c85-423d-aa83-698671003972
2022-12-08 06:44:01,836 [Command processor thread] INFO  commandhandler.CreatePipelineCommandHandler (CreatePipelineCommandHandler.java:handle(113)) - Created Pipeline RATIS ONE PipelineID=b28726a4-0c85-423d-aa83-698671003972.
2022-12-08 06:44:01,837 [Command processor thread] INFO  server.RaftServer (RaftServerProxy.java:addNew(96)) - f4510996-e6f0-4857-a292-ff170ae2c782: addNew group-CCB9EB8C7E3D:[94cb98dd-f956-4629-97e9-c7eafa6bfa57|rpc:10.1.0.31:38663|priority:0|startupRole:FOLLOWER, f4510996-e6f0-4857-a292-ff170ae2c782|rpc:10.1.0.31:33975|priority:0|startupRole:FOLLOWER, 16b83421-d067-43ff-a35e-8d85285fddd5|rpc:10.1.0.31:41675|priority:1|startupRole:FOLLOWER] returns group-CCB9EB8C7E3D:java.util.concurrent.CompletableFuture@24c1d76f[Not completed]
2022-12-08 06:44:01,838 [pool-94-thread-1] INFO  server.RaftServer$Division (RaftServerImpl.java:<init>(195)) - f4510996-e6f0-4857-a292-ff170ae2c782: new RaftServerImpl for group-CCB9EB8C7E3D:[94cb98dd-f956-4629-97e9-c7eafa6bfa57|rpc:10.1.0.31:38663|priority:0|startupRole:FOLLOWER, f4510996-e6f0-4857-a292-ff170ae2c782|rpc:10.1.0.31:33975|priority:0|startupRole:FOLLOWER, 16b83421-d067-43ff-a35e-8d85285fddd5|rpc:10.1.0.31:41675|priority:1|startupRole:FOLLOWER] with ContainerStateMachine:uninitialized
2022-12-08 06:44:01,839 [pool-94-thread-1] INFO  server.RaftServerConfigKeys (ConfUtils.java:logGet(46)) - raft.server.rpc.timeout.min = 5s (custom)
2022-12-08 06:44:01,839 [pool-94-thread-1] INFO  server.RaftServerConfigKeys (ConfUtils.java:logGet(46)) - raft.server.rpc.timeout.max = 5200ms (custom)
2022-12-08 06:44:01,839 [pool-94-thread-1] INFO  server.RaftServerConfigKeys (ConfUtils.java:logGet(46)) - raft.server.rpc.sleep.time = 25ms (default)
2022-12-08 06:44:01,839 [pool-94-thread-1] INFO  server.RaftServerConfigKeys (ConfUtils.java:logGet(46)) - raft.server.rpc.slowness.timeout = 300s (custom)
2022-12-08 06:44:01,839 [pool-94-thread-1] INFO  server.RaftServerConfigKeys (ConfUtils.java:logGet(46)) - raft.server.leaderelection.leader.step-down.wait-time = 10s (default)
2022-12-08 06:44:01,839 [pool-94-thread-1] INFO  server.RaftServerConfigKeys (ConfUtils.java:logGet(46)) - raft.server.sleep.deviation.threshold = 300ms (default)
2022-12-08 06:44:01,839 [pool-94-thread-1] INFO  server.RaftServer$Division (ServerState.java:<init>(118)) - f4510996-e6f0-4857-a292-ff170ae2c782@group-CCB9EB8C7E3D: ConfigurationManager, init=-1: peers:[94cb98dd-f956-4629-97e9-c7eafa6bfa57|rpc:10.1.0.31:38663|priority:0|startupRole:FOLLOWER, f4510996-e6f0-4857-a292-ff170ae2c782|rpc:10.1.0.31:33975|priority:0|startupRole:FOLLOWER, 16b83421-d067-43ff-a35e-8d85285fddd5|rpc:10.1.0.31:41675|priority:1|startupRole:FOLLOWER]|listeners:[], old=null, confs=<EMPTY_MAP>
2022-12-08 06:44:01,839 [pool-94-thread-1] INFO  server.RaftServerConfigKeys (ConfUtils.java:logGet(46)) - raft.server.storage.dir = [/home/runner/work/ozone/ozone/hadoop-ozone/integration-test/target/test-dir/MiniOzoneClusterImpl-ddb91292-9bed-4e17-ad85-89bc7eecbd5e/datanode-1/data/ratis] (custom)
2022-12-08 06:44:01,839 [pool-94-thread-1] INFO  server.RaftServerConfigKeys (ConfUtils.java:logGet(46)) - raft.server.log.corruption.policy = EXCEPTION (default)
2022-12-08 06:44:01,839 [pool-94-thread-1] INFO  server.RaftServerConfigKeys (ConfUtils.java:logGet(46)) - raft.server.storage.free-space.min = 0MB (=0) (default)
2022-12-08 06:44:01,839 [pool-94-thread-1] INFO  server.RaftServerConfigKeys (ConfUtils.java:logGet(46)) - raft.server.notification.no-leader.timeout = 300s (custom)
2022-12-08 06:44:01,839 [pool-94-thread-1] INFO  server.RaftServerConfigKeys (ConfUtils.java:logGet(46)) - raft.server.retrycache.expirytime = 600000ms (custom)
2022-12-08 06:44:01,839 [pool-94-thread-1] INFO  server.RaftServerConfigKeys (ConfUtils.java:logGet(46)) - raft.server.retrycache.statistics.expirytime = 100μs (default)
2022-12-08 06:44:01,841 [pool-94-thread-1] INFO  server.RaftServerConfigKeys (ConfUtils.java:logGet(46)) - raft.server.log.appender.install.snapshot.enabled = false (custom)
2022-12-08 06:44:01,841 [pool-94-thread-1] INFO  server.RaftServerConfigKeys (ConfUtils.java:logGet(46)) - raft.server.threadpool.server.cached = true (default)
2022-12-08 06:44:01,841 [pool-94-thread-1] INFO  server.RaftServerConfigKeys (ConfUtils.java:logGet(46)) - raft.server.threadpool.server.size = 0 (default)
2022-12-08 06:44:01,841 [pool-94-thread-1] INFO  server.RaftServerConfigKeys (ConfUtils.java:logGet(46)) - raft.server.threadpool.client.cached = true (default)
2022-12-08 06:44:01,841 [pool-94-thread-1] INFO  server.RaftServerConfigKeys (ConfUtils.java:logGet(46)) - raft.server.threadpool.client.size = 0 (default)
2022-12-08 06:44:01,841 [pool-94-thread-1] INFO  storage.RaftStorageDirectory (RaftStorageDirectoryImpl.java:analyzeStorage(137)) - The storage directory /home/runner/work/ozone/ozone/hadoop-ozone/integration-test/target/test-dir/MiniOzoneClusterImpl-ddb91292-9bed-4e17-ad85-89bc7eecbd5e/datanode-1/data/ratis/9722cdd7-9896-46dd-9a82-ccb9eb8c7e3d does not exist. Creating ...
2022-12-08 06:44:01,849 [pool-94-thread-1] INFO  storage.RaftStorageDirectory (RaftStorageDirectoryImpl.java:tryLock(231)) - Lock on /home/runner/work/ozone/ozone/hadoop-ozone/integration-test/target/test-dir/MiniOzoneClusterImpl-ddb91292-9bed-4e17-ad85-89bc7eecbd5e/datanode-1/data/ratis/9722cdd7-9896-46dd-9a82-ccb9eb8c7e3d/in_use.lock acquired by nodename 13321@fv-az205-634
2022-12-08 06:44:01,851 [pool-94-thread-1] INFO  storage.RaftStorage (RaftStorageImpl.java:format(96)) - Storage directory /home/runner/work/ozone/ozone/hadoop-ozone/integration-test/target/test-dir/MiniOzoneClusterImpl-ddb91292-9bed-4e17-ad85-89bc7eecbd5e/datanode-1/data/ratis/9722cdd7-9896-46dd-9a82-ccb9eb8c7e3d has been successfully formatted.
2022-12-08 06:44:01,851 [pool-94-thread-1] INFO  ratis.ContainerStateMachine (ContainerStateMachine.java:loadSnapshot(236)) - group-CCB9EB8C7E3D: The snapshot info is null. Setting the last applied indexto:(t:0, i:~)
2022-12-08 06:44:01,851 [pool-94-thread-1] INFO  server.RaftServerConfigKeys (ConfUtils.java:logGet(46)) - raft.server.log.use.memory = false (default)
2022-12-08 06:44:01,851 [pool-94-thread-1] INFO  server.RaftServerConfigKeys (ConfUtils.java:logGet(46)) - raft.server.log.purge.gap = 1000000 (custom)
2022-12-08 06:44:01,851 [pool-94-thread-1] INFO  server.RaftServerConfigKeys (ConfUtils.java:logGet(46)) - raft.server.log.appender.buffer.byte-limit = 33554432 (custom)
2022-12-08 06:44:01,851 [pool-94-thread-1] INFO  server.RaftServerConfigKeys (ConfUtils.java:logGet(46)) - raft.server.log.statemachine.data.read.timeout = 1000ms (default)
2022-12-08 06:44:01,851 [pool-94-thread-1] INFO  server.RaftServerConfigKeys (ConfUtils.java:logGet(46)) - raft.server.log.purge.preservation.log.num = 0 (default)
2022-12-08 06:44:01,859 [pool-94-thread-1] INFO  server.RaftServerConfigKeys (ConfUtils.java:logGet(46)) - raft.server.log.segment.size.max = 1048576 (custom)
2022-12-08 06:44:01,860 [pool-94-thread-1] INFO  server.RaftServerConfigKeys (ConfUtils.java:logGet(46)) - raft.server.log.segment.cache.num.max = 2 (custom)
2022-12-08 06:44:01,860 [pool-94-thread-1] INFO  server.RaftServerConfigKeys (ConfUtils.java:logGet(46)) - raft.server.log.segment.cache.size.max = 200MB (=209715200) (default)
2022-12-08 06:44:01,860 [pool-94-thread-1] INFO  segmented.SegmentedRaftLogWorker (SegmentedRaftLogWorker.java:<init>(189)) - new f4510996-e6f0-4857-a292-ff170ae2c782@group-CCB9EB8C7E3D-SegmentedRaftLogWorker for RaftStorageImpl:Storage Directory /home/runner/work/ozone/ozone/hadoop-ozone/integration-test/target/test-dir/MiniOzoneClusterImpl-ddb91292-9bed-4e17-ad85-89bc7eecbd5e/datanode-1/data/ratis/9722cdd7-9896-46dd-9a82-ccb9eb8c7e3d
2022-12-08 06:44:01,860 [pool-94-thread-1] INFO  server.RaftServerConfigKeys (ConfUtils.java:logGet(46)) - raft.server.log.queue.byte-limit = 4294967296 (custom)
2022-12-08 06:44:01,860 [pool-94-thread-1] INFO  server.RaftServerConfigKeys (ConfUtils.java:logGet(46)) - raft.server.log.queue.element-limit = 1024 (custom)
2022-12-08 06:44:01,860 [pool-94-thread-1] INFO  server.RaftServerConfigKeys (ConfUtils.java:logGet(46)) - raft.server.log.segment.size.max = 1048576 (custom)
2022-12-08 06:44:01,860 [pool-94-thread-1] INFO  server.RaftServerConfigKeys (ConfUtils.java:logGet(46)) - raft.server.log.preallocated.size = 16384 (custom)
2022-12-08 06:44:01,860 [pool-94-thread-1] INFO  server.RaftServerConfigKeys (ConfUtils.java:logGet(46)) - raft.server.log.force.sync.num = 128 (default)
2022-12-08 06:44:01,860 [pool-94-thread-1] INFO  server.RaftServerConfigKeys (ConfUtils.java:logGet(46)) - raft.server.log.statemachine.data.sync = true (default)
2022-12-08 06:44:01,861 [pool-94-thread-1] INFO  server.RaftServerConfigKeys (ConfUtils.java:logGet(46)) - raft.server.log.statemachine.data.sync.timeout = 10s (default)
2022-12-08 06:44:01,861 [pool-94-thread-1] INFO  server.RaftServerConfigKeys (ConfUtils.java:logGet(46)) - raft.server.log.statemachine.data.sync.timeout.retry = -1 (default)
2022-12-08 06:44:01,863 [pool-94-thread-1] INFO  server.RaftServerConfigKeys (ConfUtils.java:logGet(46)) - raft.server.log.write.buffer.size = 1048576 (custom)
2022-12-08 06:44:01,864 [EventQueue-CommandQueueReportForCommandQueueReportHandler] WARN  events.EventQueue (EventQueue.java:fireEvent(216)) - No event handler registered for event TypedEvent{payloadType=DatanodeDetails, name='Datanode_Command_Queue_Updated'}
2022-12-08 06:44:01,867 [pool-94-thread-1] INFO  server.RaftServerConfigKeys (ConfUtils.java:logGet(46)) - raft.server.log.appender.buffer.byte-limit = 33554432 (custom)
2022-12-08 06:44:01,867 [EventQueue-OpenPipelineForHealthyPipelineSafeModeRule] INFO  safemode.SCMSafeModeManager (HealthyPipelineSafeModeRule.java:process(137)) - SCM in safe mode. Healthy pipelines reported count is 0, required healthy pipeline reported count is 1
2022-12-08 06:44:01,870 [pool-94-thread-1] INFO  server.RaftServerConfigKeys (ConfUtils.java:logGet(46)) - raft.server.log.unsafe-flush.enabled = false (default)
2022-12-08 06:44:01,870 [pool-94-thread-1] INFO  server.RaftServerConfigKeys (ConfUtils.java:logGet(46)) - raft.server.log.async-flush.enabled = false (default)
2022-12-08 06:44:01,870 [pool-94-thread-1] INFO  server.RaftServerConfigKeys (ConfUtils.java:logGet(46)) - raft.server.log.statemachine.data.caching.enabled = true (custom)
2022-12-08 06:44:01,872 [pool-94-thread-1] INFO  segmented.SegmentedRaftLogWorker (SegmentedRaftLogWorker.java:lambda$new$0(135)) - f4510996-e6f0-4857-a292-ff170ae2c782@group-CCB9EB8C7E3D-SegmentedRaftLogWorker: flushIndex: setUnconditionally 0 -> -1
2022-12-08 06:44:01,872 [pool-94-thread-1] INFO  segmented.SegmentedRaftLogWorker (SegmentedRaftLogWorker.java:lambda$new$0(135)) - f4510996-e6f0-4857-a292-ff170ae2c782@group-CCB9EB8C7E3D-SegmentedRaftLogWorker: safeCacheEvictIndex: setUnconditionally 0 -> -1
2022-12-08 06:44:01,873 [pool-94-thread-1] INFO  server.RaftServer$Division (RaftServerImpl.java:start(334)) - f4510996-e6f0-4857-a292-ff170ae2c782@group-CCB9EB8C7E3D: start as a follower, conf=-1: peers:[94cb98dd-f956-4629-97e9-c7eafa6bfa57|rpc:10.1.0.31:38663|priority:0|startupRole:FOLLOWER, f4510996-e6f0-4857-a292-ff170ae2c782|rpc:10.1.0.31:33975|priority:0|startupRole:FOLLOWER, 16b83421-d067-43ff-a35e-8d85285fddd5|rpc:10.1.0.31:41675|priority:1|startupRole:FOLLOWER]|listeners:[], old=null
2022-12-08 06:44:01,873 [pool-94-thread-1] INFO  server.RaftServer$Division (RaftServerImpl.java:setRole(321)) - f4510996-e6f0-4857-a292-ff170ae2c782@group-CCB9EB8C7E3D: changes role from      null to FOLLOWER at term 0 for startAsFollower
2022-12-08 06:44:01,873 [pool-94-thread-1] INFO  impl.RoleInfo (RoleInfo.java:updateAndGet(139)) - f4510996-e6f0-4857-a292-ff170ae2c782: start f4510996-e6f0-4857-a292-ff170ae2c782@group-CCB9EB8C7E3D-FollowerState
2022-12-08 06:44:01,873 [pool-94-thread-1] INFO  util.JmxRegister (JmxRegister.java:tryRegister(44)) - Successfully registered JMX Bean with object name Ratis:service=RaftServer,group=group-CCB9EB8C7E3D,id=f4510996-e6f0-4857-a292-ff170ae2c782
2022-12-08 06:44:01,873 [pool-94-thread-1] INFO  server.RaftServerConfigKeys (ConfUtils.java:logGet(46)) - raft.server.snapshot.auto.trigger.enabled = true (custom)
2022-12-08 06:44:01,873 [pool-94-thread-1] INFO  server.RaftServerConfigKeys (ConfUtils.java:logGet(46)) - raft.server.snapshot.auto.trigger.threshold = 10000 (custom)
2022-12-08 06:44:01,873 [pool-94-thread-1] INFO  server.RaftServerConfigKeys (ConfUtils.java:logGet(46)) - raft.server.snapshot.retention.file.num = 5 (custom)
2022-12-08 06:44:01,873 [pool-94-thread-1] INFO  server.RaftServerConfigKeys (ConfUtils.java:logGet(46)) - raft.server.log.purge.upto.snapshot.index = false (default)
2022-12-08 06:44:01,877 [Command processor thread] INFO  ratis.XceiverServerRatis (XceiverServerRatis.java:addGroup(765)) - Created group PipelineID=9722cdd7-9896-46dd-9a82-ccb9eb8c7e3d
2022-12-08 06:44:01,887 [f4510996-e6f0-4857-a292-ff170ae2c782@group-CCB9EB8C7E3D-FollowerState] INFO  server.RaftServerConfigKeys (ConfUtils.java:logFallback(53)) - raft.server.rpc.first-election.timeout.min = 5s (fallback to raft.server.rpc.timeout.min)
2022-12-08 06:44:01,890 [f4510996-e6f0-4857-a292-ff170ae2c782@group-CCB9EB8C7E3D-FollowerState] INFO  server.RaftServerConfigKeys (ConfUtils.java:logFallback(53)) - raft.server.rpc.first-election.timeout.max = 5200ms (fallback to raft.server.rpc.timeout.max)
2022-12-08 06:44:01,901 [EventQueue-CommandQueueReportForCommandQueueReportHandler] WARN  events.EventQueue (EventQueue.java:fireEvent(216)) - No event handler registered for event TypedEvent{payloadType=DatanodeDetails, name='Datanode_Command_Queue_Updated'}
2022-12-08 06:44:02,035 [grpc-default-executor-0] INFO  server.RaftServer (RaftServerProxy.java:addNew(96)) - 94cb98dd-f956-4629-97e9-c7eafa6bfa57: addNew group-CCB9EB8C7E3D:[94cb98dd-f956-4629-97e9-c7eafa6bfa57|rpc:10.1.0.31:38663|dataStream:|priority:0|startupRole:FOLLOWER, f4510996-e6f0-4857-a292-ff170ae2c782|rpc:10.1.0.31:33975|dataStream:|priority:0|startupRole:FOLLOWER, 16b83421-d067-43ff-a35e-8d85285fddd5|rpc:10.1.0.31:41675|dataStream:|priority:1|startupRole:FOLLOWER] returns group-CCB9EB8C7E3D:java.util.concurrent.CompletableFuture@51a1a7e1[Not completed]
2022-12-08 06:44:02,041 [pool-117-thread-1] INFO  server.RaftServer$Division (RaftServerImpl.java:<init>(195)) - 94cb98dd-f956-4629-97e9-c7eafa6bfa57: new RaftServerImpl for group-CCB9EB8C7E3D:[94cb98dd-f956-4629-97e9-c7eafa6bfa57|rpc:10.1.0.31:38663|dataStream:|priority:0|startupRole:FOLLOWER, f4510996-e6f0-4857-a292-ff170ae2c782|rpc:10.1.0.31:33975|dataStream:|priority:0|startupRole:FOLLOWER, 16b83421-d067-43ff-a35e-8d85285fddd5|rpc:10.1.0.31:41675|dataStream:|priority:1|startupRole:FOLLOWER] with ContainerStateMachine:uninitialized
2022-12-08 06:44:02,041 [pool-117-thread-1] INFO  server.RaftServerConfigKeys (ConfUtils.java:logGet(46)) - raft.server.rpc.timeout.min = 5s (custom)
2022-12-08 06:44:02,041 [pool-117-thread-1] INFO  server.RaftServerConfigKeys (ConfUtils.java:logGet(46)) - raft.server.rpc.timeout.max = 5200ms (custom)
2022-12-08 06:44:02,041 [pool-117-thread-1] INFO  server.RaftServerConfigKeys (ConfUtils.java:logGet(46)) - raft.server.rpc.sleep.time = 25ms (default)
2022-12-08 06:44:02,041 [pool-117-thread-1] INFO  server.RaftServerConfigKeys (ConfUtils.java:logGet(46)) - raft.server.rpc.slowness.timeout = 300s (custom)
2022-12-08 06:44:02,041 [pool-117-thread-1] INFO  server.RaftServerConfigKeys (ConfUtils.java:logGet(46)) - raft.server.leaderelection.leader.step-down.wait-time = 10s (default)
2022-12-08 06:44:02,041 [pool-117-thread-1] INFO  server.RaftServerConfigKeys (ConfUtils.java:logGet(46)) - raft.server.sleep.deviation.threshold = 300ms (default)
2022-12-08 06:44:02,041 [pool-117-thread-1] INFO  server.RaftServer$Division (ServerState.java:<init>(118)) - 94cb98dd-f956-4629-97e9-c7eafa6bfa57@group-CCB9EB8C7E3D: ConfigurationManager, init=-1: peers:[94cb98dd-f956-4629-97e9-c7eafa6bfa57|rpc:10.1.0.31:38663|dataStream:|priority:0|startupRole:FOLLOWER, f4510996-e6f0-4857-a292-ff170ae2c782|rpc:10.1.0.31:33975|dataStream:|priority:0|startupRole:FOLLOWER, 16b83421-d067-43ff-a35e-8d85285fddd5|rpc:10.1.0.31:41675|dataStream:|priority:1|startupRole:FOLLOWER]|listeners:[], old=null, confs=<EMPTY_MAP>
2022-12-08 06:44:02,041 [pool-117-thread-1] INFO  server.RaftServerConfigKeys (ConfUtils.java:logGet(46)) - raft.server.storage.dir = [/home/runner/work/ozone/ozone/hadoop-ozone/integration-test/target/test-dir/MiniOzoneClusterImpl-ddb91292-9bed-4e17-ad85-89bc7eecbd5e/datanode-2/data/ratis] (custom)
2022-12-08 06:44:02,041 [pool-117-thread-1] INFO  server.RaftServerConfigKeys (ConfUtils.java:logGet(46)) - raft.server.log.corruption.policy = EXCEPTION (default)
2022-12-08 06:44:02,042 [pool-117-thread-1] INFO  server.RaftServerConfigKeys (ConfUtils.java:logGet(46)) - raft.server.storage.free-space.min = 0MB (=0) (default)
2022-12-08 06:44:02,042 [pool-117-thread-1] INFO  server.RaftServerConfigKeys (ConfUtils.java:logGet(46)) - raft.server.notification.no-leader.timeout = 300s (custom)
2022-12-08 06:44:02,042 [pool-117-thread-1] INFO  server.RaftServerConfigKeys (ConfUtils.java:logGet(46)) - raft.server.retrycache.expirytime = 600000ms (custom)
2022-12-08 06:44:02,042 [pool-117-thread-1] INFO  server.RaftServerConfigKeys (ConfUtils.java:logGet(46)) - raft.server.retrycache.statistics.expirytime = 100μs (default)
2022-12-08 06:44:02,055 [pool-117-thread-1] INFO  server.RaftServerConfigKeys (ConfUtils.java:logGet(46)) - raft.server.log.appender.install.snapshot.enabled = false (custom)
2022-12-08 06:44:02,055 [pool-117-thread-1] INFO  server.RaftServerConfigKeys (ConfUtils.java:logGet(46)) - raft.server.threadpool.server.cached = true (default)
2022-12-08 06:44:02,056 [pool-117-thread-1] INFO  server.RaftServerConfigKeys (ConfUtils.java:logGet(46)) - raft.server.threadpool.server.size = 0 (default)
2022-12-08 06:44:02,056 [pool-117-thread-1] INFO  server.RaftServerConfigKeys (ConfUtils.java:logGet(46)) - raft.server.threadpool.client.cached = true (default)
2022-12-08 06:44:02,056 [pool-117-thread-1] INFO  server.RaftServerConfigKeys (ConfUtils.java:logGet(46)) - raft.server.threadpool.client.size = 0 (default)
2022-12-08 06:44:02,056 [pool-117-thread-1] INFO  storage.RaftStorageDirectory (RaftStorageDirectoryImpl.java:analyzeStorage(137)) - The storage directory /home/runner/work/ozone/ozone/hadoop-ozone/integration-test/target/test-dir/MiniOzoneClusterImpl-ddb91292-9bed-4e17-ad85-89bc7eecbd5e/datanode-2/data/ratis/9722cdd7-9896-46dd-9a82-ccb9eb8c7e3d does not exist. Creating ...
2022-12-08 06:44:02,058 [pool-117-thread-1] INFO  storage.RaftStorageDirectory (RaftStorageDirectoryImpl.java:tryLock(231)) - Lock on /home/runner/work/ozone/ozone/hadoop-ozone/integration-test/target/test-dir/MiniOzoneClusterImpl-ddb91292-9bed-4e17-ad85-89bc7eecbd5e/datanode-2/data/ratis/9722cdd7-9896-46dd-9a82-ccb9eb8c7e3d/in_use.lock acquired by nodename 13321@fv-az205-634
2022-12-08 06:44:02,064 [pool-117-thread-1] INFO  storage.RaftStorage (RaftStorageImpl.java:format(96)) - Storage directory /home/runner/work/ozone/ozone/hadoop-ozone/integration-test/target/test-dir/MiniOzoneClusterImpl-ddb91292-9bed-4e17-ad85-89bc7eecbd5e/datanode-2/data/ratis/9722cdd7-9896-46dd-9a82-ccb9eb8c7e3d has been successfully formatted.
2022-12-08 06:44:02,065 [pool-117-thread-1] INFO  ratis.ContainerStateMachine (ContainerStateMachine.java:loadSnapshot(236)) - group-CCB9EB8C7E3D: The snapshot info is null. Setting the last applied indexto:(t:0, i:~)
2022-12-08 06:44:02,065 [pool-117-thread-1] INFO  server.RaftServerConfigKeys (ConfUtils.java:logGet(46)) - raft.server.log.use.memory = false (default)
2022-12-08 06:44:02,065 [pool-117-thread-1] INFO  server.RaftServerConfigKeys (ConfUtils.java:logGet(46)) - raft.server.log.purge.gap = 1000000 (custom)
2022-12-08 06:44:02,065 [pool-117-thread-1] INFO  server.RaftServerConfigKeys (ConfUtils.java:logGet(46)) - raft.server.log.appender.buffer.byte-limit = 33554432 (custom)
2022-12-08 06:44:02,065 [pool-117-thread-1] INFO  server.RaftServerConfigKeys (ConfUtils.java:logGet(46)) - raft.server.log.statemachine.data.read.timeout = 1000ms (default)
2022-12-08 06:44:02,065 [pool-117-thread-1] INFO  server.RaftServerConfigKeys (ConfUtils.java:logGet(46)) - raft.server.log.purge.preservation.log.num = 0 (default)
2022-12-08 06:44:02,065 [pool-117-thread-1] INFO  server.RaftServerConfigKeys (ConfUtils.java:logGet(46)) - raft.server.log.segment.size.max = 1048576 (custom)
2022-12-08 06:44:02,066 [pool-117-thread-1] INFO  server.RaftServerConfigKeys (ConfUtils.java:logGet(46)) - raft.server.log.segment.cache.num.max = 2 (custom)
2022-12-08 06:44:02,066 [pool-117-thread-1] INFO  server.RaftServerConfigKeys (ConfUtils.java:logGet(46)) - raft.server.log.segment.cache.size.max = 200MB (=209715200) (default)
2022-12-08 06:44:02,066 [pool-117-thread-1] INFO  segmented.SegmentedRaftLogWorker (SegmentedRaftLogWorker.java:<init>(189)) - new 94cb98dd-f956-4629-97e9-c7eafa6bfa57@group-CCB9EB8C7E3D-SegmentedRaftLogWorker for RaftStorageImpl:Storage Directory /home/runner/work/ozone/ozone/hadoop-ozone/integration-test/target/test-dir/MiniOzoneClusterImpl-ddb91292-9bed-4e17-ad85-89bc7eecbd5e/datanode-2/data/ratis/9722cdd7-9896-46dd-9a82-ccb9eb8c7e3d
2022-12-08 06:44:02,066 [pool-117-thread-1] INFO  server.RaftServerConfigKeys (ConfUtils.java:logGet(46)) - raft.server.log.queue.byte-limit = 4294967296 (custom)
2022-12-08 06:44:02,066 [pool-117-thread-1] INFO  server.RaftServerConfigKeys (ConfUtils.java:logGet(46)) - raft.server.log.queue.element-limit = 1024 (custom)
2022-12-08 06:44:02,066 [pool-117-thread-1] INFO  server.RaftServerConfigKeys (ConfUtils.java:logGet(46)) - raft.server.log.segment.size.max = 1048576 (custom)
2022-12-08 06:44:02,066 [pool-117-thread-1] INFO  server.RaftServerConfigKeys (ConfUtils.java:logGet(46)) - raft.server.log.preallocated.size = 16384 (custom)
2022-12-08 06:44:02,066 [pool-117-thread-1] INFO  server.RaftServerConfigKeys (ConfUtils.java:logGet(46)) - raft.server.log.force.sync.num = 128 (default)
2022-12-08 06:44:02,066 [pool-117-thread-1] INFO  server.RaftServerConfigKeys (ConfUtils.java:logGet(46)) - raft.server.log.statemachine.data.sync = true (default)
2022-12-08 06:44:02,066 [pool-117-thread-1] INFO  server.RaftServerConfigKeys (ConfUtils.java:logGet(46)) - raft.server.log.statemachine.data.sync.timeout = 10s (default)
2022-12-08 06:44:02,066 [pool-117-thread-1] INFO  server.RaftServerConfigKeys (ConfUtils.java:logGet(46)) - raft.server.log.statemachine.data.sync.timeout.retry = -1 (default)
2022-12-08 06:44:02,073 [EventQueue-CommandQueueReportForCommandQueueReportHandler] WARN  events.EventQueue (EventQueue.java:fireEvent(216)) - No event handler registered for event TypedEvent{payloadType=DatanodeDetails, name='Datanode_Command_Queue_Updated'}
2022-12-08 06:44:02,074 [pool-117-thread-1] INFO  server.RaftServerConfigKeys (ConfUtils.java:logGet(46)) - raft.server.log.write.buffer.size = 1048576 (custom)
2022-12-08 06:44:02,075 [pool-117-thread-1] INFO  server.RaftServerConfigKeys (ConfUtils.java:logGet(46)) - raft.server.log.appender.buffer.byte-limit = 33554432 (custom)
2022-12-08 06:44:02,078 [pool-117-thread-1] INFO  server.RaftServerConfigKeys (ConfUtils.java:logGet(46)) - raft.server.log.unsafe-flush.enabled = false (default)
2022-12-08 06:44:02,078 [pool-117-thread-1] INFO  server.RaftServerConfigKeys (ConfUtils.java:logGet(46)) - raft.server.log.async-flush.enabled = false (default)
2022-12-08 06:44:02,078 [pool-117-thread-1] INFO  server.RaftServerConfigKeys (ConfUtils.java:logGet(46)) - raft.server.log.statemachine.data.caching.enabled = true (custom)
2022-12-08 06:44:02,078 [pool-117-thread-1] INFO  segmented.SegmentedRaftLogWorker (SegmentedRaftLogWorker.java:lambda$new$0(135)) - 94cb98dd-f956-4629-97e9-c7eafa6bfa57@group-CCB9EB8C7E3D-SegmentedRaftLogWorker: flushIndex: setUnconditionally 0 -> -1
2022-12-08 06:44:02,079 [pool-117-thread-1] INFO  segmented.SegmentedRaftLogWorker (SegmentedRaftLogWorker.java:lambda$new$0(135)) - 94cb98dd-f956-4629-97e9-c7eafa6bfa57@group-CCB9EB8C7E3D-SegmentedRaftLogWorker: safeCacheEvictIndex: setUnconditionally 0 -> -1
2022-12-08 06:44:02,088 [pool-117-thread-1] INFO  server.RaftServer$Division (RaftServerImpl.java:start(334)) - 94cb98dd-f956-4629-97e9-c7eafa6bfa57@group-CCB9EB8C7E3D: start as a follower, conf=-1: peers:[94cb98dd-f956-4629-97e9-c7eafa6bfa57|rpc:10.1.0.31:38663|dataStream:|priority:0|startupRole:FOLLOWER, f4510996-e6f0-4857-a292-ff170ae2c782|rpc:10.1.0.31:33975|dataStream:|priority:0|startupRole:FOLLOWER, 16b83421-d067-43ff-a35e-8d85285fddd5|rpc:10.1.0.31:41675|dataStream:|priority:1|startupRole:FOLLOWER]|listeners:[], old=null
2022-12-08 06:44:02,088 [pool-117-thread-1] INFO  server.RaftServer$Division (RaftServerImpl.java:setRole(321)) - 94cb98dd-f956-4629-97e9-c7eafa6bfa57@group-CCB9EB8C7E3D: changes role from      null to FOLLOWER at term 0 for startAsFollower
2022-12-08 06:44:02,088 [pool-117-thread-1] INFO  impl.RoleInfo (RoleInfo.java:updateAndGet(139)) - 94cb98dd-f956-4629-97e9-c7eafa6bfa57: start 94cb98dd-f956-4629-97e9-c7eafa6bfa57@group-CCB9EB8C7E3D-FollowerState
2022-12-08 06:44:02,091 [pool-117-thread-1] INFO  util.JmxRegister (JmxRegister.java:tryRegister(44)) - Successfully registered JMX Bean with object name Ratis:service=RaftServer,group=group-CCB9EB8C7E3D,id=94cb98dd-f956-4629-97e9-c7eafa6bfa57
2022-12-08 06:44:02,091 [pool-117-thread-1] INFO  server.RaftServerConfigKeys (ConfUtils.java:logGet(46)) - raft.server.snapshot.auto.trigger.enabled = true (custom)
2022-12-08 06:44:02,091 [pool-117-thread-1] INFO  server.RaftServerConfigKeys (ConfUtils.java:logGet(46)) - raft.server.snapshot.auto.trigger.threshold = 10000 (custom)
2022-12-08 06:44:02,091 [pool-117-thread-1] INFO  server.RaftServerConfigKeys (ConfUtils.java:logGet(46)) - raft.server.snapshot.retention.file.num = 5 (custom)
2022-12-08 06:44:02,091 [pool-117-thread-1] INFO  server.RaftServerConfigKeys (ConfUtils.java:logGet(46)) - raft.server.log.purge.upto.snapshot.index = false (default)
2022-12-08 06:44:02,092 [94cb98dd-f956-4629-97e9-c7eafa6bfa57@group-CCB9EB8C7E3D-FollowerState] INFO  server.RaftServerConfigKeys (ConfUtils.java:logFallback(53)) - raft.server.rpc.first-election.timeout.min = 5s (fallback to raft.server.rpc.timeout.min)
2022-12-08 06:44:02,104 [94cb98dd-f956-4629-97e9-c7eafa6bfa57@group-CCB9EB8C7E3D-FollowerState] INFO  server.RaftServerConfigKeys (ConfUtils.java:logFallback(53)) - raft.server.rpc.first-election.timeout.max = 5200ms (fallback to raft.server.rpc.timeout.max)
2022-12-08 06:44:02,165 [Command processor thread] INFO  server.RaftServer (RaftServerProxy.java:addNew(96)) - 94cb98dd-f956-4629-97e9-c7eafa6bfa57: addNew group-1E9787B7D52E:[94cb98dd-f956-4629-97e9-c7eafa6bfa57|rpc:10.1.0.31:38663|priority:1|startupRole:FOLLOWER] returns group-1E9787B7D52E:java.util.concurrent.CompletableFuture@a04ffa7[Not completed]
2022-12-08 06:44:02,165 [pool-117-thread-1] INFO  server.RaftServer$Division (RaftServerImpl.java:<init>(195)) - 94cb98dd-f956-4629-97e9-c7eafa6bfa57: new RaftServerImpl for group-1E9787B7D52E:[94cb98dd-f956-4629-97e9-c7eafa6bfa57|rpc:10.1.0.31:38663|priority:1|startupRole:FOLLOWER] with ContainerStateMachine:uninitialized
2022-12-08 06:44:02,166 [pool-117-thread-1] INFO  server.RaftServerConfigKeys (ConfUtils.java:logGet(46)) - raft.server.rpc.timeout.min = 5s (custom)
2022-12-08 06:44:02,166 [pool-117-thread-1] INFO  server.RaftServerConfigKeys (ConfUtils.java:logGet(46)) - raft.server.rpc.timeout.max = 5200ms (custom)
2022-12-08 06:44:02,166 [pool-117-thread-1] INFO  server.RaftServerConfigKeys (ConfUtils.java:logGet(46)) - raft.server.rpc.sleep.time = 25ms (default)
2022-12-08 06:44:02,166 [pool-117-thread-1] INFO  server.RaftServerConfigKeys (ConfUtils.java:logGet(46)) - raft.server.rpc.slowness.timeout = 300s (custom)
2022-12-08 06:44:02,166 [pool-117-thread-1] INFO  server.RaftServerConfigKeys (ConfUtils.java:logGet(46)) - raft.server.leaderelection.leader.step-down.wait-time = 10s (default)
2022-12-08 06:44:02,166 [pool-117-thread-1] INFO  server.RaftServerConfigKeys (ConfUtils.java:logGet(46)) - raft.server.sleep.deviation.threshold = 300ms (default)
2022-12-08 06:44:02,166 [pool-117-thread-1] INFO  server.RaftServer$Division (ServerState.java:<init>(118)) - 94cb98dd-f956-4629-97e9-c7eafa6bfa57@group-1E9787B7D52E: ConfigurationManager, init=-1: peers:[94cb98dd-f956-4629-97e9-c7eafa6bfa57|rpc:10.1.0.31:38663|priority:1|startupRole:FOLLOWER]|listeners:[], old=null, confs=<EMPTY_MAP>
2022-12-08 06:44:02,166 [pool-117-thread-1] INFO  server.RaftServerConfigKeys (ConfUtils.java:logGet(46)) - raft.server.storage.dir = [/home/runner/work/ozone/ozone/hadoop-ozone/integration-test/target/test-dir/MiniOzoneClusterImpl-ddb91292-9bed-4e17-ad85-89bc7eecbd5e/datanode-2/data/ratis] (custom)
2022-12-08 06:44:02,166 [pool-117-thread-1] INFO  server.RaftServerConfigKeys (ConfUtils.java:logGet(46)) - raft.server.log.corruption.policy = EXCEPTION (default)
2022-12-08 06:44:02,166 [pool-117-thread-1] INFO  server.RaftServerConfigKeys (ConfUtils.java:logGet(46)) - raft.server.storage.free-space.min = 0MB (=0) (default)
2022-12-08 06:44:02,166 [pool-117-thread-1] INFO  server.RaftServerConfigKeys (ConfUtils.java:logGet(46)) - raft.server.notification.no-leader.timeout = 300s (custom)
2022-12-08 06:44:02,166 [pool-117-thread-1] INFO  server.RaftServerConfigKeys (ConfUtils.java:logGet(46)) - raft.server.retrycache.expirytime = 600000ms (custom)
2022-12-08 06:44:02,166 [pool-117-thread-1] INFO  server.RaftServerConfigKeys (ConfUtils.java:logGet(46)) - raft.server.retrycache.statistics.expirytime = 100μs (default)
2022-12-08 06:44:02,168 [pool-117-thread-1] INFO  server.RaftServerConfigKeys (ConfUtils.java:logGet(46)) - raft.server.log.appender.install.snapshot.enabled = false (custom)
2022-12-08 06:44:02,168 [pool-117-thread-1] INFO  server.RaftServerConfigKeys (ConfUtils.java:logGet(46)) - raft.server.threadpool.server.cached = true (default)
2022-12-08 06:44:02,169 [pool-117-thread-1] INFO  server.RaftServerConfigKeys (ConfUtils.java:logGet(46)) - raft.server.threadpool.server.size = 0 (default)
2022-12-08 06:44:02,169 [pool-117-thread-1] INFO  server.RaftServerConfigKeys (ConfUtils.java:logGet(46)) - raft.server.threadpool.client.cached = true (default)
2022-12-08 06:44:02,169 [pool-117-thread-1] INFO  server.RaftServerConfigKeys (ConfUtils.java:logGet(46)) - raft.server.threadpool.client.size = 0 (default)
2022-12-08 06:44:02,170 [pool-117-thread-1] INFO  storage.RaftStorageDirectory (RaftStorageDirectoryImpl.java:analyzeStorage(137)) - The storage directory /home/runner/work/ozone/ozone/hadoop-ozone/integration-test/target/test-dir/MiniOzoneClusterImpl-ddb91292-9bed-4e17-ad85-89bc7eecbd5e/datanode-2/data/ratis/6007232d-3cdf-45aa-9481-1e9787b7d52e does not exist. Creating ...
2022-12-08 06:44:02,172 [pool-117-thread-1] INFO  storage.RaftStorageDirectory (RaftStorageDirectoryImpl.java:tryLock(231)) - Lock on /home/runner/work/ozone/ozone/hadoop-ozone/integration-test/target/test-dir/MiniOzoneClusterImpl-ddb91292-9bed-4e17-ad85-89bc7eecbd5e/datanode-2/data/ratis/6007232d-3cdf-45aa-9481-1e9787b7d52e/in_use.lock acquired by nodename 13321@fv-az205-634
2022-12-08 06:44:02,174 [pool-117-thread-1] INFO  storage.RaftStorage (RaftStorageImpl.java:format(96)) - Storage directory /home/runner/work/ozone/ozone/hadoop-ozone/integration-test/target/test-dir/MiniOzoneClusterImpl-ddb91292-9bed-4e17-ad85-89bc7eecbd5e/datanode-2/data/ratis/6007232d-3cdf-45aa-9481-1e9787b7d52e has been successfully formatted.
2022-12-08 06:44:02,174 [pool-117-thread-1] INFO  ratis.ContainerStateMachine (ContainerStateMachine.java:loadSnapshot(236)) - group-1E9787B7D52E: The snapshot info is null. Setting the last applied indexto:(t:0, i:~)
2022-12-08 06:44:02,174 [pool-117-thread-1] INFO  server.RaftServerConfigKeys (ConfUtils.java:logGet(46)) - raft.server.log.use.memory = false (default)
2022-12-08 06:44:02,174 [pool-117-thread-1] INFO  server.RaftServerConfigKeys (ConfUtils.java:logGet(46)) - raft.server.log.purge.gap = 1000000 (custom)
2022-12-08 06:44:02,181 [EventQueue-CommandQueueReportForCommandQueueReportHandler] WARN  events.EventQueue (EventQueue.java:fireEvent(216)) - No event handler registered for event TypedEvent{payloadType=DatanodeDetails, name='Datanode_Command_Queue_Updated'}
2022-12-08 06:44:02,181 [EventQueue-PipelineReportForPipelineReportHandler] INFO  pipeline.PipelineManagerImpl (PipelineManagerImpl.java:openPipeline(367)) - Pipeline Pipeline[ Id: 6007232d-3cdf-45aa-9481-1e9787b7d52e, Nodes: 94cb98dd-f956-4629-97e9-c7eafa6bfa57{ip: 10.1.0.31, host: fv-az205-634.k2gd1z4tyxsu3cbgyjsjq30zwf.jx.internal.cloudapp.net, ports: [REPLICATION=33327, RATIS=38663, RATIS_ADMIN=38663, RATIS_SERVER=38663, STANDALONE=34085], networkLocation: /default-rack, certSerialId: null, persistedOpState: IN_SERVICE, persistedOpStateExpiryEpochSec: 0}, ReplicationConfig: RATIS/ONE, State:ALLOCATED, leaderId:94cb98dd-f956-4629-97e9-c7eafa6bfa57, CreationTimestamp2022-12-08T06:43:59.168Z[Etc/UTC]] moved to OPEN state
2022-12-08 06:44:02,181 [EventQueue-OpenPipelineForHealthyPipelineSafeModeRule] INFO  safemode.SCMSafeModeManager (HealthyPipelineSafeModeRule.java:process(137)) - SCM in safe mode. Healthy pipelines reported count is 0, required healthy pipeline reported count is 1
2022-12-08 06:44:02,185 [pool-117-thread-1] INFO  server.RaftServerConfigKeys (ConfUtils.java:logGet(46)) - raft.server.log.appender.buffer.byte-limit = 33554432 (custom)
2022-12-08 06:44:02,190 [pool-117-thread-1] INFO  server.RaftServerConfigKeys (ConfUtils.java:logGet(46)) - raft.server.log.statemachine.data.read.timeout = 1000ms (default)
2022-12-08 06:44:02,190 [pool-117-thread-1] INFO  server.RaftServerConfigKeys (ConfUtils.java:logGet(46)) - raft.server.log.purge.preservation.log.num = 0 (default)
2022-12-08 06:44:02,190 [pool-117-thread-1] INFO  server.RaftServerConfigKeys (ConfUtils.java:logGet(46)) - raft.server.log.segment.size.max = 1048576 (custom)
2022-12-08 06:44:02,190 [pool-117-thread-1] INFO  server.RaftServerConfigKeys (ConfUtils.java:logGet(46)) - raft.server.log.segment.cache.num.max = 2 (custom)
2022-12-08 06:44:02,190 [pool-117-thread-1] INFO  server.RaftServerConfigKeys (ConfUtils.java:logGet(46)) - raft.server.log.segment.cache.size.max = 200MB (=209715200) (default)
2022-12-08 06:44:02,190 [pool-117-thread-1] INFO  segmented.SegmentedRaftLogWorker (SegmentedRaftLogWorker.java:<init>(189)) - new 94cb98dd-f956-4629-97e9-c7eafa6bfa57@group-1E9787B7D52E-SegmentedRaftLogWorker for RaftStorageImpl:Storage Directory /home/runner/work/ozone/ozone/hadoop-ozone/integration-test/target/test-dir/MiniOzoneClusterImpl-ddb91292-9bed-4e17-ad85-89bc7eecbd5e/datanode-2/data/ratis/6007232d-3cdf-45aa-9481-1e9787b7d52e
2022-12-08 06:44:02,191 [pool-117-thread-1] INFO  server.RaftServerConfigKeys (ConfUtils.java:logGet(46)) - raft.server.log.queue.byte-limit = 4294967296 (custom)
2022-12-08 06:44:02,191 [pool-117-thread-1] INFO  server.RaftServerConfigKeys (ConfUtils.java:logGet(46)) - raft.server.log.queue.element-limit = 1024 (custom)
2022-12-08 06:44:02,191 [pool-117-thread-1] INFO  server.RaftServerConfigKeys (ConfUtils.java:logGet(46)) - raft.server.log.segment.size.max = 1048576 (custom)
2022-12-08 06:44:02,191 [pool-117-thread-1] INFO  server.RaftServerConfigKeys (ConfUtils.java:logGet(46)) - raft.server.log.preallocated.size = 16384 (custom)
2022-12-08 06:44:02,191 [pool-117-thread-1] INFO  server.RaftServerConfigKeys (ConfUtils.java:logGet(46)) - raft.server.log.force.sync.num = 128 (default)
2022-12-08 06:44:02,191 [pool-117-thread-1] INFO  server.RaftServerConfigKeys (ConfUtils.java:logGet(46)) - raft.server.log.statemachine.data.sync = true (default)
2022-12-08 06:44:02,191 [pool-117-thread-1] INFO  server.RaftServerConfigKeys (ConfUtils.java:logGet(46)) - raft.server.log.statemachine.data.sync.timeout = 10s (default)
2022-12-08 06:44:02,191 [pool-117-thread-1] INFO  server.RaftServerConfigKeys (ConfUtils.java:logGet(46)) - raft.server.log.statemachine.data.sync.timeout.retry = -1 (default)
2022-12-08 06:44:02,193 [pool-117-thread-1] INFO  server.RaftServerConfigKeys (ConfUtils.java:logGet(46)) - raft.server.log.write.buffer.size = 1048576 (custom)
2022-12-08 06:44:02,193 [pool-117-thread-1] INFO  server.RaftServerConfigKeys (ConfUtils.java:logGet(46)) - raft.server.log.appender.buffer.byte-limit = 33554432 (custom)
2022-12-08 06:44:02,204 [pool-117-thread-1] INFO  server.RaftServerConfigKeys (ConfUtils.java:logGet(46)) - raft.server.log.unsafe-flush.enabled = false (default)
2022-12-08 06:44:02,205 [pool-117-thread-1] INFO  server.RaftServerConfigKeys (ConfUtils.java:logGet(46)) - raft.server.log.async-flush.enabled = false (default)
2022-12-08 06:44:02,205 [pool-117-thread-1] INFO  server.RaftServerConfigKeys (ConfUtils.java:logGet(46)) - raft.server.log.statemachine.data.caching.enabled = true (custom)
2022-12-08 06:44:02,205 [pool-117-thread-1] INFO  segmented.SegmentedRaftLogWorker (SegmentedRaftLogWorker.java:lambda$new$0(135)) - 94cb98dd-f956-4629-97e9-c7eafa6bfa57@group-1E9787B7D52E-SegmentedRaftLogWorker: flushIndex: setUnconditionally 0 -> -1
2022-12-08 06:44:02,205 [pool-117-thread-1] INFO  segmented.SegmentedRaftLogWorker (SegmentedRaftLogWorker.java:lambda$new$0(135)) - 94cb98dd-f956-4629-97e9-c7eafa6bfa57@group-1E9787B7D52E-SegmentedRaftLogWorker: safeCacheEvictIndex: setUnconditionally 0 -> -1
2022-12-08 06:44:02,208 [Command processor thread] INFO  commandhandler.CreatePipelineCommandHandler (CreatePipelineCommandHandler.java:handle(113)) - Created Pipeline RATIS THREE PipelineID=9722cdd7-9896-46dd-9a82-ccb9eb8c7e3d.
2022-12-08 06:44:02,209 [Command processor thread] INFO  server.RaftServer (RaftServerProxy.java:addNew(96)) - f4510996-e6f0-4857-a292-ff170ae2c782: addNew group-0D65DB5CDAD5:[94cb98dd-f956-4629-97e9-c7eafa6bfa57|rpc:10.1.0.31:38663|priority:0|startupRole:FOLLOWER, f4510996-e6f0-4857-a292-ff170ae2c782|rpc:10.1.0.31:33975|priority:1|startupRole:FOLLOWER, 16b83421-d067-43ff-a35e-8d85285fddd5|rpc:10.1.0.31:41675|priority:0|startupRole:FOLLOWER] returns group-0D65DB5CDAD5:java.util.concurrent.CompletableFuture@773b407f[Not completed]
2022-12-08 06:44:02,209 [pool-117-thread-1] INFO  server.RaftServer$Division (RaftServerImpl.java:start(334)) - 94cb98dd-f956-4629-97e9-c7eafa6bfa57@group-1E9787B7D52E: start as a follower, conf=-1: peers:[94cb98dd-f956-4629-97e9-c7eafa6bfa57|rpc:10.1.0.31:38663|priority:1|startupRole:FOLLOWER]|listeners:[], old=null
2022-12-08 06:44:02,209 [pool-117-thread-1] INFO  server.RaftServer$Division (RaftServerImpl.java:setRole(321)) - 94cb98dd-f956-4629-97e9-c7eafa6bfa57@group-1E9787B7D52E: changes role from      null to FOLLOWER at term 0 for startAsFollower
2022-12-08 06:44:02,209 [pool-117-thread-1] INFO  impl.RoleInfo (RoleInfo.java:updateAndGet(139)) - 94cb98dd-f956-4629-97e9-c7eafa6bfa57: start 94cb98dd-f956-4629-97e9-c7eafa6bfa57@group-1E9787B7D52E-FollowerState
2022-12-08 06:44:02,210 [pool-94-thread-1] INFO  server.RaftServer$Division (RaftServerImpl.java:<init>(195)) - f4510996-e6f0-4857-a292-ff170ae2c782: new RaftServerImpl for group-0D65DB5CDAD5:[94cb98dd-f956-4629-97e9-c7eafa6bfa57|rpc:10.1.0.31:38663|priority:0|startupRole:FOLLOWER, f4510996-e6f0-4857-a292-ff170ae2c782|rpc:10.1.0.31:33975|priority:1|startupRole:FOLLOWER, 16b83421-d067-43ff-a35e-8d85285fddd5|rpc:10.1.0.31:41675|priority:0|startupRole:FOLLOWER] with ContainerStateMachine:uninitialized
2022-12-08 06:44:02,214 [94cb98dd-f956-4629-97e9-c7eafa6bfa57@group-1E9787B7D52E-FollowerState] INFO  server.RaftServerConfigKeys (ConfUtils.java:logFallback(53)) - raft.server.rpc.first-election.timeout.min = 5s (fallback to raft.server.rpc.timeout.min)
2022-12-08 06:44:02,218 [pool-94-thread-1] INFO  server.RaftServerConfigKeys (ConfUtils.java:logGet(46)) - raft.server.rpc.timeout.min = 5s (custom)
2022-12-08 06:44:02,210 [pool-117-thread-1] INFO  util.JmxRegister (JmxRegister.java:tryRegister(44)) - Successfully registered JMX Bean with object name Ratis:service=RaftServer,group=group-1E9787B7D52E,id=94cb98dd-f956-4629-97e9-c7eafa6bfa57
2022-12-08 06:44:02,218 [pool-94-thread-1] INFO  server.RaftServerConfigKeys (ConfUtils.java:logGet(46)) - raft.server.rpc.timeout.max = 5200ms (custom)
2022-12-08 06:44:02,218 [pool-117-thread-1] INFO  server.RaftServerConfigKeys (ConfUtils.java:logGet(46)) - raft.server.snapshot.auto.trigger.enabled = true (custom)
2022-12-08 06:44:02,218 [pool-94-thread-1] INFO  server.RaftServerConfigKeys (ConfUtils.java:logGet(46)) - raft.server.rpc.sleep.time = 25ms (default)
2022-12-08 06:44:02,218 [pool-117-thread-1] INFO  server.RaftServerConfigKeys (ConfUtils.java:logGet(46)) - raft.server.snapshot.auto.trigger.threshold = 10000 (custom)
2022-12-08 06:44:02,218 [pool-94-thread-1] INFO  server.RaftServerConfigKeys (ConfUtils.java:logGet(46)) - raft.server.rpc.slowness.timeout = 300s (custom)
2022-12-08 06:44:02,218 [pool-117-thread-1] INFO  server.RaftServerConfigKeys (ConfUtils.java:logGet(46)) - raft.server.snapshot.retention.file.num = 5 (custom)
2022-12-08 06:44:02,218 [pool-94-thread-1] INFO  server.RaftServerConfigKeys (ConfUtils.java:logGet(46)) - raft.server.leaderelection.leader.step-down.wait-time = 10s (default)
2022-12-08 06:44:02,218 [pool-117-thread-1] INFO  server.RaftServerConfigKeys (ConfUtils.java:logGet(46)) - raft.server.log.purge.upto.snapshot.index = false (default)
2022-12-08 06:44:02,218 [pool-94-thread-1] INFO  server.RaftServerConfigKeys (ConfUtils.java:logGet(46)) - raft.server.sleep.deviation.threshold = 300ms (default)
2022-12-08 06:44:02,218 [pool-94-thread-1] INFO  server.RaftServer$Division (ServerState.java:<init>(118)) - f4510996-e6f0-4857-a292-ff170ae2c782@group-0D65DB5CDAD5: ConfigurationManager, init=-1: peers:[94cb98dd-f956-4629-97e9-c7eafa6bfa57|rpc:10.1.0.31:38663|priority:0|startupRole:FOLLOWER, f4510996-e6f0-4857-a292-ff170ae2c782|rpc:10.1.0.31:33975|priority:1|startupRole:FOLLOWER, 16b83421-d067-43ff-a35e-8d85285fddd5|rpc:10.1.0.31:41675|priority:0|startupRole:FOLLOWER]|listeners:[], old=null, confs=<EMPTY_MAP>
2022-12-08 06:44:02,218 [pool-94-thread-1] INFO  server.RaftServerConfigKeys (ConfUtils.java:logGet(46)) - raft.server.storage.dir = [/home/runner/work/ozone/ozone/hadoop-ozone/integration-test/target/test-dir/MiniOzoneClusterImpl-ddb91292-9bed-4e17-ad85-89bc7eecbd5e/datanode-1/data/ratis] (custom)
2022-12-08 06:44:02,219 [pool-94-thread-1] INFO  server.RaftServerConfigKeys (ConfUtils.java:logGet(46)) - raft.server.log.corruption.policy = EXCEPTION (default)
2022-12-08 06:44:02,219 [pool-94-thread-1] INFO  server.RaftServerConfigKeys (ConfUtils.java:logGet(46)) - raft.server.storage.free-space.min = 0MB (=0) (default)
2022-12-08 06:44:02,219 [94cb98dd-f956-4629-97e9-c7eafa6bfa57@group-1E9787B7D52E-FollowerState] INFO  server.RaftServerConfigKeys (ConfUtils.java:logFallback(53)) - raft.server.rpc.first-election.timeout.max = 5200ms (fallback to raft.server.rpc.timeout.max)
2022-12-08 06:44:02,219 [pool-94-thread-1] INFO  server.RaftServerConfigKeys (ConfUtils.java:logGet(46)) - raft.server.notification.no-leader.timeout = 300s (custom)
2022-12-08 06:44:02,226 [Command processor thread] INFO  ratis.XceiverServerRatis (XceiverServerRatis.java:addGroup(765)) - Created group PipelineID=6007232d-3cdf-45aa-9481-1e9787b7d52e
2022-12-08 06:44:02,226 [pool-94-thread-1] INFO  server.RaftServerConfigKeys (ConfUtils.java:logGet(46)) - raft.server.retrycache.expirytime = 600000ms (custom)
2022-12-08 06:44:02,226 [pool-94-thread-1] INFO  server.RaftServerConfigKeys (ConfUtils.java:logGet(46)) - raft.server.retrycache.statistics.expirytime = 100μs (default)
2022-12-08 06:44:02,227 [pool-94-thread-1] INFO  server.RaftServerConfigKeys (ConfUtils.java:logGet(46)) - raft.server.log.appender.install.snapshot.enabled = false (custom)
2022-12-08 06:44:02,227 [pool-94-thread-1] INFO  server.RaftServerConfigKeys (ConfUtils.java:logGet(46)) - raft.server.threadpool.server.cached = true (default)
2022-12-08 06:44:02,227 [pool-94-thread-1] INFO  server.RaftServerConfigKeys (ConfUtils.java:logGet(46)) - raft.server.threadpool.server.size = 0 (default)
2022-12-08 06:44:02,227 [pool-94-thread-1] INFO  server.RaftServerConfigKeys (ConfUtils.java:logGet(46)) - raft.server.threadpool.client.cached = true (default)
2022-12-08 06:44:02,227 [pool-94-thread-1] INFO  server.RaftServerConfigKeys (ConfUtils.java:logGet(46)) - raft.server.threadpool.client.size = 0 (default)
2022-12-08 06:44:02,227 [pool-94-thread-1] INFO  storage.RaftStorageDirectory (RaftStorageDirectoryImpl.java:analyzeStorage(137)) - The storage directory /home/runner/work/ozone/ozone/hadoop-ozone/integration-test/target/test-dir/MiniOzoneClusterImpl-ddb91292-9bed-4e17-ad85-89bc7eecbd5e/datanode-1/data/ratis/fda957eb-4a9a-4296-9a06-0d65db5cdad5 does not exist. Creating ...
2022-12-08 06:44:02,226 [Command processor thread] INFO  commandhandler.CreatePipelineCommandHandler (CreatePipelineCommandHandler.java:handle(113)) - Created Pipeline RATIS ONE PipelineID=6007232d-3cdf-45aa-9481-1e9787b7d52e.
2022-12-08 06:44:02,229 [Command processor thread] INFO  server.RaftServer (RaftServerProxy.java:addNew(96)) - 94cb98dd-f956-4629-97e9-c7eafa6bfa57: addNew group-0D65DB5CDAD5:[94cb98dd-f956-4629-97e9-c7eafa6bfa57|rpc:10.1.0.31:38663|priority:0|startupRole:FOLLOWER, f4510996-e6f0-4857-a292-ff170ae2c782|rpc:10.1.0.31:33975|priority:1|startupRole:FOLLOWER, 16b83421-d067-43ff-a35e-8d85285fddd5|rpc:10.1.0.31:41675|priority:0|startupRole:FOLLOWER] returns group-0D65DB5CDAD5:java.util.concurrent.CompletableFuture@4c31097[Not completed]
2022-12-08 06:44:02,230 [pool-117-thread-1] INFO  server.RaftServer$Division (RaftServerImpl.java:<init>(195)) - 94cb98dd-f956-4629-97e9-c7eafa6bfa57: new RaftServerImpl for group-0D65DB5CDAD5:[94cb98dd-f956-4629-97e9-c7eafa6bfa57|rpc:10.1.0.31:38663|priority:0|startupRole:FOLLOWER, f4510996-e6f0-4857-a292-ff170ae2c782|rpc:10.1.0.31:33975|priority:1|startupRole:FOLLOWER, 16b83421-d067-43ff-a35e-8d85285fddd5|rpc:10.1.0.31:41675|priority:0|startupRole:FOLLOWER] with ContainerStateMachine:uninitialized
2022-12-08 06:44:02,230 [pool-117-thread-1] INFO  server.RaftServerConfigKeys (ConfUtils.java:logGet(46)) - raft.server.rpc.timeout.min = 5s (custom)
2022-12-08 06:44:02,230 [pool-117-thread-1] INFO  server.RaftServerConfigKeys (ConfUtils.java:logGet(46)) - raft.server.rpc.timeout.max = 5200ms (custom)
2022-12-08 06:44:02,230 [pool-117-thread-1] INFO  server.RaftServerConfigKeys (ConfUtils.java:logGet(46)) - raft.server.rpc.sleep.time = 25ms (default)
2022-12-08 06:44:02,230 [pool-117-thread-1] INFO  server.RaftServerConfigKeys (ConfUtils.java:logGet(46)) - raft.server.rpc.slowness.timeout = 300s (custom)
2022-12-08 06:44:02,230 [pool-117-thread-1] INFO  server.RaftServerConfigKeys (ConfUtils.java:logGet(46)) - raft.server.leaderelection.leader.step-down.wait-time = 10s (default)
2022-12-08 06:44:02,230 [pool-117-thread-1] INFO  server.RaftServerConfigKeys (ConfUtils.java:logGet(46)) - raft.server.sleep.deviation.threshold = 300ms (default)
2022-12-08 06:44:02,230 [pool-117-thread-1] INFO  server.RaftServer$Division (ServerState.java:<init>(118)) - 94cb98dd-f956-4629-97e9-c7eafa6bfa57@group-0D65DB5CDAD5: ConfigurationManager, init=-1: peers:[94cb98dd-f956-4629-97e9-c7eafa6bfa57|rpc:10.1.0.31:38663|priority:0|startupRole:FOLLOWER, f4510996-e6f0-4857-a292-ff170ae2c782|rpc:10.1.0.31:33975|priority:1|startupRole:FOLLOWER, 16b83421-d067-43ff-a35e-8d85285fddd5|rpc:10.1.0.31:41675|priority:0|startupRole:FOLLOWER]|listeners:[], old=null, confs=<EMPTY_MAP>
2022-12-08 06:44:02,230 [pool-117-thread-1] INFO  server.RaftServerConfigKeys (ConfUtils.java:logGet(46)) - raft.server.storage.dir = [/home/runner/work/ozone/ozone/hadoop-ozone/integration-test/target/test-dir/MiniOzoneClusterImpl-ddb91292-9bed-4e17-ad85-89bc7eecbd5e/datanode-2/data/ratis] (custom)
2022-12-08 06:44:02,230 [pool-117-thread-1] INFO  server.RaftServerConfigKeys (ConfUtils.java:logGet(46)) - raft.server.log.corruption.policy = EXCEPTION (default)
2022-12-08 06:44:02,230 [pool-117-thread-1] INFO  server.RaftServerConfigKeys (ConfUtils.java:logGet(46)) - raft.server.storage.free-space.min = 0MB (=0) (default)
2022-12-08 06:44:02,230 [pool-117-thread-1] INFO  server.RaftServerConfigKeys (ConfUtils.java:logGet(46)) - raft.server.notification.no-leader.timeout = 300s (custom)
2022-12-08 06:44:02,230 [pool-117-thread-1] INFO  server.RaftServerConfigKeys (ConfUtils.java:logGet(46)) - raft.server.retrycache.expirytime = 600000ms (custom)
2022-12-08 06:44:02,231 [pool-117-thread-1] INFO  server.RaftServerConfigKeys (ConfUtils.java:logGet(46)) - raft.server.retrycache.statistics.expirytime = 100μs (default)
2022-12-08 06:44:02,232 [pool-117-thread-1] INFO  server.RaftServerConfigKeys (ConfUtils.java:logGet(46)) - raft.server.log.appender.install.snapshot.enabled = false (custom)
2022-12-08 06:44:02,232 [pool-117-thread-1] INFO  server.RaftServerConfigKeys (ConfUtils.java:logGet(46)) - raft.server.threadpool.server.cached = true (default)
2022-12-08 06:44:02,232 [pool-117-thread-1] INFO  server.RaftServerConfigKeys (ConfUtils.java:logGet(46)) - raft.server.threadpool.server.size = 0 (default)
2022-12-08 06:44:02,232 [pool-117-thread-1] INFO  server.RaftServerConfigKeys (ConfUtils.java:logGet(46)) - raft.server.threadpool.client.cached = true (default)
2022-12-08 06:44:02,232 [pool-117-thread-1] INFO  server.RaftServerConfigKeys (ConfUtils.java:logGet(46)) - raft.server.threadpool.client.size = 0 (default)
2022-12-08 06:44:02,232 [pool-94-thread-1] INFO  storage.RaftStorageDirectory (RaftStorageDirectoryImpl.java:tryLock(231)) - Lock on /home/runner/work/ozone/ozone/hadoop-ozone/integration-test/target/test-dir/MiniOzoneClusterImpl-ddb91292-9bed-4e17-ad85-89bc7eecbd5e/datanode-1/data/ratis/fda957eb-4a9a-4296-9a06-0d65db5cdad5/in_use.lock acquired by nodename 13321@fv-az205-634
2022-12-08 06:44:02,237 [Command processor thread] INFO  commandhandler.CreatePipelineCommandHandler (CreatePipelineCommandHandler.java:handle(113)) - Created Pipeline RATIS THREE PipelineID=9722cdd7-9896-46dd-9a82-ccb9eb8c7e3d.
2022-12-08 06:44:02,237 [Command processor thread] INFO  server.RaftServer (RaftServerProxy.java:addNew(96)) - 16b83421-d067-43ff-a35e-8d85285fddd5: addNew group-0D65DB5CDAD5:[94cb98dd-f956-4629-97e9-c7eafa6bfa57|rpc:10.1.0.31:38663|priority:0|startupRole:FOLLOWER, f4510996-e6f0-4857-a292-ff170ae2c782|rpc:10.1.0.31:33975|priority:1|startupRole:FOLLOWER, 16b83421-d067-43ff-a35e-8d85285fddd5|rpc:10.1.0.31:41675|priority:0|startupRole:FOLLOWER] returns group-0D65DB5CDAD5:java.util.concurrent.CompletableFuture@44f7298d[Not completed]
2022-12-08 06:44:02,238 [pool-94-thread-1] INFO  storage.RaftStorage (RaftStorageImpl.java:format(96)) - Storage directory /home/runner/work/ozone/ozone/hadoop-ozone/integration-test/target/test-dir/MiniOzoneClusterImpl-ddb91292-9bed-4e17-ad85-89bc7eecbd5e/datanode-1/data/ratis/fda957eb-4a9a-4296-9a06-0d65db5cdad5 has been successfully formatted.
2022-12-08 06:44:02,238 [pool-71-thread-1] INFO  server.RaftServer$Division (RaftServerImpl.java:<init>(195)) - 16b83421-d067-43ff-a35e-8d85285fddd5: new RaftServerImpl for group-0D65DB5CDAD5:[94cb98dd-f956-4629-97e9-c7eafa6bfa57|rpc:10.1.0.31:38663|priority:0|startupRole:FOLLOWER, f4510996-e6f0-4857-a292-ff170ae2c782|rpc:10.1.0.31:33975|priority:1|startupRole:FOLLOWER, 16b83421-d067-43ff-a35e-8d85285fddd5|rpc:10.1.0.31:41675|priority:0|startupRole:FOLLOWER] with ContainerStateMachine:uninitialized
2022-12-08 06:44:02,240 [pool-71-thread-1] INFO  server.RaftServerConfigKeys (ConfUtils.java:logGet(46)) - raft.server.rpc.timeout.min = 5s (custom)
2022-12-08 06:44:02,240 [pool-71-thread-1] INFO  server.RaftServerConfigKeys (ConfUtils.java:logGet(46)) - raft.server.rpc.timeout.max = 5200ms (custom)
2022-12-08 06:44:02,240 [pool-71-thread-1] INFO  server.RaftServerConfigKeys (ConfUtils.java:logGet(46)) - raft.server.rpc.sleep.time = 25ms (default)
2022-12-08 06:44:02,240 [pool-71-thread-1] INFO  server.RaftServerConfigKeys (ConfUtils.java:logGet(46)) - raft.server.rpc.slowness.timeout = 300s (custom)
2022-12-08 06:44:02,240 [pool-71-thread-1] INFO  server.RaftServerConfigKeys (ConfUtils.java:logGet(46)) - raft.server.leaderelection.leader.step-down.wait-time = 10s (default)
2022-12-08 06:44:02,240 [pool-71-thread-1] INFO  server.RaftServerConfigKeys (ConfUtils.java:logGet(46)) - raft.server.sleep.deviation.threshold = 300ms (default)
2022-12-08 06:44:02,240 [pool-71-thread-1] INFO  server.RaftServer$Division (ServerState.java:<init>(118)) - 16b83421-d067-43ff-a35e-8d85285fddd5@group-0D65DB5CDAD5: ConfigurationManager, init=-1: peers:[94cb98dd-f956-4629-97e9-c7eafa6bfa57|rpc:10.1.0.31:38663|priority:0|startupRole:FOLLOWER, f4510996-e6f0-4857-a292-ff170ae2c782|rpc:10.1.0.31:33975|priority:1|startupRole:FOLLOWER, 16b83421-d067-43ff-a35e-8d85285fddd5|rpc:10.1.0.31:41675|priority:0|startupRole:FOLLOWER]|listeners:[], old=null, confs=<EMPTY_MAP>
2022-12-08 06:44:02,240 [pool-71-thread-1] INFO  server.RaftServerConfigKeys (ConfUtils.java:logGet(46)) - raft.server.storage.dir = [/home/runner/work/ozone/ozone/hadoop-ozone/integration-test/target/test-dir/MiniOzoneClusterImpl-ddb91292-9bed-4e17-ad85-89bc7eecbd5e/datanode-0/data/ratis] (custom)
2022-12-08 06:44:02,240 [pool-71-thread-1] INFO  server.RaftServerConfigKeys (ConfUtils.java:logGet(46)) - raft.server.log.corruption.policy = EXCEPTION (default)
2022-12-08 06:44:02,240 [pool-71-thread-1] INFO  server.RaftServerConfigKeys (ConfUtils.java:logGet(46)) - raft.server.storage.free-space.min = 0MB (=0) (default)
2022-12-08 06:44:02,241 [pool-71-thread-1] INFO  server.RaftServerConfigKeys (ConfUtils.java:logGet(46)) - raft.server.notification.no-leader.timeout = 300s (custom)
2022-12-08 06:44:02,241 [pool-71-thread-1] INFO  server.RaftServerConfigKeys (ConfUtils.java:logGet(46)) - raft.server.retrycache.expirytime = 600000ms (custom)
2022-12-08 06:44:02,241 [pool-71-thread-1] INFO  server.RaftServerConfigKeys (ConfUtils.java:logGet(46)) - raft.server.retrycache.statistics.expirytime = 100μs (default)
2022-12-08 06:44:02,232 [pool-117-thread-1] INFO  storage.RaftStorageDirectory (RaftStorageDirectoryImpl.java:analyzeStorage(137)) - The storage directory /home/runner/work/ozone/ozone/hadoop-ozone/integration-test/target/test-dir/MiniOzoneClusterImpl-ddb91292-9bed-4e17-ad85-89bc7eecbd5e/datanode-2/data/ratis/fda957eb-4a9a-4296-9a06-0d65db5cdad5 does not exist. Creating ...
2022-12-08 06:44:02,245 [EventQueue-OpenPipelineForHealthyPipelineSafeModeRule] INFO  safemode.SCMSafeModeManager (HealthyPipelineSafeModeRule.java:process(137)) - SCM in safe mode. Healthy pipelines reported count is 0, required healthy pipeline reported count is 1
2022-12-08 06:44:02,247 [pool-117-thread-1] INFO  storage.RaftStorageDirectory (RaftStorageDirectoryImpl.java:tryLock(231)) - Lock on /home/runner/work/ozone/ozone/hadoop-ozone/integration-test/target/test-dir/MiniOzoneClusterImpl-ddb91292-9bed-4e17-ad85-89bc7eecbd5e/datanode-2/data/ratis/fda957eb-4a9a-4296-9a06-0d65db5cdad5/in_use.lock acquired by nodename 13321@fv-az205-634
2022-12-08 06:44:02,244 [EventQueue-CommandQueueReportForCommandQueueReportHandler] WARN  events.EventQueue (EventQueue.java:fireEvent(216)) - No event handler registered for event TypedEvent{payloadType=DatanodeDetails, name='Datanode_Command_Queue_Updated'}
2022-12-08 06:44:02,242 [pool-71-thread-1] INFO  server.RaftServerConfigKeys (ConfUtils.java:logGet(46)) - raft.server.log.appender.install.snapshot.enabled = false (custom)
2022-12-08 06:44:02,248 [pool-71-thread-1] INFO  server.RaftServerConfigKeys (ConfUtils.java:logGet(46)) - raft.server.threadpool.server.cached = true (default)
2022-12-08 06:44:02,248 [pool-71-thread-1] INFO  server.RaftServerConfigKeys (ConfUtils.java:logGet(46)) - raft.server.threadpool.server.size = 0 (default)
2022-12-08 06:44:02,248 [pool-71-thread-1] INFO  server.RaftServerConfigKeys (ConfUtils.java:logGet(46)) - raft.server.threadpool.client.cached = true (default)
2022-12-08 06:44:02,248 [pool-71-thread-1] INFO  server.RaftServerConfigKeys (ConfUtils.java:logGet(46)) - raft.server.threadpool.client.size = 0 (default)
2022-12-08 06:44:02,248 [pool-71-thread-1] INFO  storage.RaftStorageDirectory (RaftStorageDirectoryImpl.java:analyzeStorage(137)) - The storage directory /home/runner/work/ozone/ozone/hadoop-ozone/integration-test/target/test-dir/MiniOzoneClusterImpl-ddb91292-9bed-4e17-ad85-89bc7eecbd5e/datanode-0/data/ratis/fda957eb-4a9a-4296-9a06-0d65db5cdad5 does not exist. Creating ...
2022-12-08 06:44:02,238 [pool-94-thread-1] INFO  ratis.ContainerStateMachine (ContainerStateMachine.java:loadSnapshot(236)) - group-0D65DB5CDAD5: The snapshot info is null. Setting the last applied indexto:(t:0, i:~)
2022-12-08 06:44:02,248 [pool-94-thread-1] INFO  server.RaftServerConfigKeys (ConfUtils.java:logGet(46)) - raft.server.log.use.memory = false (default)
2022-12-08 06:44:02,248 [pool-94-thread-1] INFO  server.RaftServerConfigKeys (ConfUtils.java:logGet(46)) - raft.server.log.purge.gap = 1000000 (custom)
2022-12-08 06:44:02,248 [pool-94-thread-1] INFO  server.RaftServerConfigKeys (ConfUtils.java:logGet(46)) - raft.server.log.appender.buffer.byte-limit = 33554432 (custom)
2022-12-08 06:44:02,248 [pool-94-thread-1] INFO  server.RaftServerConfigKeys (ConfUtils.java:logGet(46)) - raft.server.log.statemachine.data.read.timeout = 1000ms (default)
2022-12-08 06:44:02,249 [pool-94-thread-1] INFO  server.RaftServerConfigKeys (ConfUtils.java:logGet(46)) - raft.server.log.purge.preservation.log.num = 0 (default)
2022-12-08 06:44:02,249 [pool-94-thread-1] INFO  server.RaftServerConfigKeys (ConfUtils.java:logGet(46)) - raft.server.log.segment.size.max = 1048576 (custom)
2022-12-08 06:44:02,249 [pool-117-thread-1] INFO  storage.RaftStorage (RaftStorageImpl.java:format(96)) - Storage directory /home/runner/work/ozone/ozone/hadoop-ozone/integration-test/target/test-dir/MiniOzoneClusterImpl-ddb91292-9bed-4e17-ad85-89bc7eecbd5e/datanode-2/data/ratis/fda957eb-4a9a-4296-9a06-0d65db5cdad5 has been successfully formatted.
2022-12-08 06:44:02,249 [pool-94-thread-1] INFO  server.RaftServerConfigKeys (ConfUtils.java:logGet(46)) - raft.server.log.segment.cache.num.max = 2 (custom)
2022-12-08 06:44:02,249 [pool-94-thread-1] INFO  server.RaftServerConfigKeys (ConfUtils.java:logGet(46)) - raft.server.log.segment.cache.size.max = 200MB (=209715200) (default)
2022-12-08 06:44:02,249 [pool-94-thread-1] INFO  segmented.SegmentedRaftLogWorker (SegmentedRaftLogWorker.java:<init>(189)) - new f4510996-e6f0-4857-a292-ff170ae2c782@group-0D65DB5CDAD5-SegmentedRaftLogWorker for RaftStorageImpl:Storage Directory /home/runner/work/ozone/ozone/hadoop-ozone/integration-test/target/test-dir/MiniOzoneClusterImpl-ddb91292-9bed-4e17-ad85-89bc7eecbd5e/datanode-1/data/ratis/fda957eb-4a9a-4296-9a06-0d65db5cdad5
2022-12-08 06:44:02,249 [pool-94-thread-1] INFO  server.RaftServerConfigKeys (ConfUtils.java:logGet(46)) - raft.server.log.queue.byte-limit = 4294967296 (custom)
2022-12-08 06:44:02,249 [pool-94-thread-1] INFO  server.RaftServerConfigKeys (ConfUtils.java:logGet(46)) - raft.server.log.queue.element-limit = 1024 (custom)
2022-12-08 06:44:02,249 [pool-94-thread-1] INFO  server.RaftServerConfigKeys (ConfUtils.java:logGet(46)) - raft.server.log.segment.size.max = 1048576 (custom)
2022-12-08 06:44:02,249 [pool-94-thread-1] INFO  server.RaftServerConfigKeys (ConfUtils.java:logGet(46)) - raft.server.log.preallocated.size = 16384 (custom)
2022-12-08 06:44:02,249 [pool-117-thread-1] INFO  ratis.ContainerStateMachine (ContainerStateMachine.java:loadSnapshot(236)) - group-0D65DB5CDAD5: The snapshot info is null. Setting the last applied indexto:(t:0, i:~)
2022-12-08 06:44:02,249 [pool-94-thread-1] INFO  server.RaftServerConfigKeys (ConfUtils.java:logGet(46)) - raft.server.log.force.sync.num = 128 (default)
2022-12-08 06:44:02,249 [pool-117-thread-1] INFO  server.RaftServerConfigKeys (ConfUtils.java:logGet(46)) - raft.server.log.use.memory = false (default)
2022-12-08 06:44:02,250 [pool-94-thread-1] INFO  server.RaftServerConfigKeys (ConfUtils.java:logGet(46)) - raft.server.log.statemachine.data.sync = true (default)
2022-12-08 06:44:02,250 [pool-117-thread-1] INFO  server.RaftServerConfigKeys (ConfUtils.java:logGet(46)) - raft.server.log.purge.gap = 1000000 (custom)
2022-12-08 06:44:02,250 [pool-94-thread-1] INFO  server.RaftServerConfigKeys (ConfUtils.java:logGet(46)) - raft.server.log.statemachine.data.sync.timeout = 10s (default)
2022-12-08 06:44:02,250 [pool-117-thread-1] INFO  server.RaftServerConfigKeys (ConfUtils.java:logGet(46)) - raft.server.log.appender.buffer.byte-limit = 33554432 (custom)
2022-12-08 06:44:02,250 [pool-94-thread-1] INFO  server.RaftServerConfigKeys (ConfUtils.java:logGet(46)) - raft.server.log.statemachine.data.sync.timeout.retry = -1 (default)
2022-12-08 06:44:02,250 [pool-117-thread-1] INFO  server.RaftServerConfigKeys (ConfUtils.java:logGet(46)) - raft.server.log.statemachine.data.read.timeout = 1000ms (default)
2022-12-08 06:44:02,250 [pool-117-thread-1] INFO  server.RaftServerConfigKeys (ConfUtils.java:logGet(46)) - raft.server.log.purge.preservation.log.num = 0 (default)
2022-12-08 06:44:02,250 [pool-117-thread-1] INFO  server.RaftServerConfigKeys (ConfUtils.java:logGet(46)) - raft.server.log.segment.size.max = 1048576 (custom)
2022-12-08 06:44:02,250 [pool-117-thread-1] INFO  server.RaftServerConfigKeys (ConfUtils.java:logGet(46)) - raft.server.log.segment.cache.num.max = 2 (custom)
2022-12-08 06:44:02,250 [pool-117-thread-1] INFO  server.RaftServerConfigKeys (ConfUtils.java:logGet(46)) - raft.server.log.segment.cache.size.max = 200MB (=209715200) (default)
2022-12-08 06:44:02,251 [pool-117-thread-1] INFO  segmented.SegmentedRaftLogWorker (SegmentedRaftLogWorker.java:<init>(189)) - new 94cb98dd-f956-4629-97e9-c7eafa6bfa57@group-0D65DB5CDAD5-SegmentedRaftLogWorker for RaftStorageImpl:Storage Directory /home/runner/work/ozone/ozone/hadoop-ozone/integration-test/target/test-dir/MiniOzoneClusterImpl-ddb91292-9bed-4e17-ad85-89bc7eecbd5e/datanode-2/data/ratis/fda957eb-4a9a-4296-9a06-0d65db5cdad5
2022-12-08 06:44:02,251 [pool-94-thread-1] INFO  server.RaftServerConfigKeys (ConfUtils.java:logGet(46)) - raft.server.log.write.buffer.size = 1048576 (custom)
2022-12-08 06:44:02,251 [pool-117-thread-1] INFO  server.RaftServerConfigKeys (ConfUtils.java:logGet(46)) - raft.server.log.queue.byte-limit = 4294967296 (custom)
2022-12-08 06:44:02,251 [pool-117-thread-1] INFO  server.RaftServerConfigKeys (ConfUtils.java:logGet(46)) - raft.server.log.queue.element-limit = 1024 (custom)
2022-12-08 06:44:02,251 [pool-117-thread-1] INFO  server.RaftServerConfigKeys (ConfUtils.java:logGet(46)) - raft.server.log.segment.size.max = 1048576 (custom)
2022-12-08 06:44:02,251 [pool-117-thread-1] INFO  server.RaftServerConfigKeys (ConfUtils.java:logGet(46)) - raft.server.log.preallocated.size = 16384 (custom)
2022-12-08 06:44:02,251 [pool-117-thread-1] INFO  server.RaftServerConfigKeys (ConfUtils.java:logGet(46)) - raft.server.log.force.sync.num = 128 (default)
2022-12-08 06:44:02,251 [pool-117-thread-1] INFO  server.RaftServerConfigKeys (ConfUtils.java:logGet(46)) - raft.server.log.statemachine.data.sync = true (default)
2022-12-08 06:44:02,251 [pool-117-thread-1] INFO  server.RaftServerConfigKeys (ConfUtils.java:logGet(46)) - raft.server.log.statemachine.data.sync.timeout = 10s (default)
2022-12-08 06:44:02,251 [pool-117-thread-1] INFO  server.RaftServerConfigKeys (ConfUtils.java:logGet(46)) - raft.server.log.statemachine.data.sync.timeout.retry = -1 (default)
2022-12-08 06:44:02,252 [pool-117-thread-1] INFO  server.RaftServerConfigKeys (ConfUtils.java:logGet(46)) - raft.server.log.write.buffer.size = 1048576 (custom)
2022-12-08 06:44:02,253 [pool-94-thread-1] INFO  server.RaftServerConfigKeys (ConfUtils.java:logGet(46)) - raft.server.log.appender.buffer.byte-limit = 33554432 (custom)
2022-12-08 06:44:02,253 [pool-117-thread-1] INFO  server.RaftServerConfigKeys (ConfUtils.java:logGet(46)) - raft.server.log.appender.buffer.byte-limit = 33554432 (custom)
2022-12-08 06:44:02,254 [pool-71-thread-1] INFO  storage.RaftStorageDirectory (RaftStorageDirectoryImpl.java:tryLock(231)) - Lock on /home/runner/work/ozone/ozone/hadoop-ozone/integration-test/target/test-dir/MiniOzoneClusterImpl-ddb91292-9bed-4e17-ad85-89bc7eecbd5e/datanode-0/data/ratis/fda957eb-4a9a-4296-9a06-0d65db5cdad5/in_use.lock acquired by nodename 13321@fv-az205-634
2022-12-08 06:44:02,255 [pool-71-thread-1] INFO  storage.RaftStorage (RaftStorageImpl.java:format(96)) - Storage directory /home/runner/work/ozone/ozone/hadoop-ozone/integration-test/target/test-dir/MiniOzoneClusterImpl-ddb91292-9bed-4e17-ad85-89bc7eecbd5e/datanode-0/data/ratis/fda957eb-4a9a-4296-9a06-0d65db5cdad5 has been successfully formatted.
2022-12-08 06:44:02,256 [pool-71-thread-1] INFO  ratis.ContainerStateMachine (ContainerStateMachine.java:loadSnapshot(236)) - group-0D65DB5CDAD5: The snapshot info is null. Setting the last applied indexto:(t:0, i:~)
2022-12-08 06:44:02,256 [pool-71-thread-1] INFO  server.RaftServerConfigKeys (ConfUtils.java:logGet(46)) - raft.server.log.use.memory = false (default)
2022-12-08 06:44:02,256 [pool-71-thread-1] INFO  server.RaftServerConfigKeys (ConfUtils.java:logGet(46)) - raft.server.log.purge.gap = 1000000 (custom)
2022-12-08 06:44:02,256 [pool-71-thread-1] INFO  server.RaftServerConfigKeys (ConfUtils.java:logGet(46)) - raft.server.log.appender.buffer.byte-limit = 33554432 (custom)
2022-12-08 06:44:02,257 [pool-71-thread-1] INFO  server.RaftServerConfigKeys (ConfUtils.java:logGet(46)) - raft.server.log.statemachine.data.read.timeout = 1000ms (default)
2022-12-08 06:44:02,257 [pool-71-thread-1] INFO  server.RaftServerConfigKeys (ConfUtils.java:logGet(46)) - raft.server.log.purge.preservation.log.num = 0 (default)
2022-12-08 06:44:02,257 [pool-71-thread-1] INFO  server.RaftServerConfigKeys (ConfUtils.java:logGet(46)) - raft.server.log.segment.size.max = 1048576 (custom)
2022-12-08 06:44:02,257 [pool-117-thread-1] INFO  server.RaftServerConfigKeys (ConfUtils.java:logGet(46)) - raft.server.log.unsafe-flush.enabled = false (default)
2022-12-08 06:44:02,257 [pool-117-thread-1] INFO  server.RaftServerConfigKeys (ConfUtils.java:logGet(46)) - raft.server.log.async-flush.enabled = false (default)
2022-12-08 06:44:02,257 [pool-117-thread-1] INFO  server.RaftServerConfigKeys (ConfUtils.java:logGet(46)) - raft.server.log.statemachine.data.caching.enabled = true (custom)
2022-12-08 06:44:02,257 [pool-117-thread-1] INFO  segmented.SegmentedRaftLogWorker (SegmentedRaftLogWorker.java:lambda$new$0(135)) - 94cb98dd-f956-4629-97e9-c7eafa6bfa57@group-0D65DB5CDAD5-SegmentedRaftLogWorker: flushIndex: setUnconditionally 0 -> -1
2022-12-08 06:44:02,257 [pool-117-thread-1] INFO  segmented.SegmentedRaftLogWorker (SegmentedRaftLogWorker.java:lambda$new$0(135)) - 94cb98dd-f956-4629-97e9-c7eafa6bfa57@group-0D65DB5CDAD5-SegmentedRaftLogWorker: safeCacheEvictIndex: setUnconditionally 0 -> -1
2022-12-08 06:44:02,259 [pool-71-thread-1] INFO  server.RaftServerConfigKeys (ConfUtils.java:logGet(46)) - raft.server.log.segment.cache.num.max = 2 (custom)
2022-12-08 06:44:02,259 [pool-71-thread-1] INFO  server.RaftServerConfigKeys (ConfUtils.java:logGet(46)) - raft.server.log.segment.cache.size.max = 200MB (=209715200) (default)
2022-12-08 06:44:02,259 [pool-71-thread-1] INFO  segmented.SegmentedRaftLogWorker (SegmentedRaftLogWorker.java:<init>(189)) - new 16b83421-d067-43ff-a35e-8d85285fddd5@group-0D65DB5CDAD5-SegmentedRaftLogWorker for RaftStorageImpl:Storage Directory /home/runner/work/ozone/ozone/hadoop-ozone/integration-test/target/test-dir/MiniOzoneClusterImpl-ddb91292-9bed-4e17-ad85-89bc7eecbd5e/datanode-0/data/ratis/fda957eb-4a9a-4296-9a06-0d65db5cdad5
2022-12-08 06:44:02,259 [pool-71-thread-1] INFO  server.RaftServerConfigKeys (ConfUtils.java:logGet(46)) - raft.server.log.queue.byte-limit = 4294967296 (custom)
2022-12-08 06:44:02,259 [pool-71-thread-1] INFO  server.RaftServerConfigKeys (ConfUtils.java:logGet(46)) - raft.server.log.queue.element-limit = 1024 (custom)
2022-12-08 06:44:02,259 [pool-71-thread-1] INFO  server.RaftServerConfigKeys (ConfUtils.java:logGet(46)) - raft.server.log.segment.size.max = 1048576 (custom)
2022-12-08 06:44:02,259 [pool-71-thread-1] INFO  server.RaftServerConfigKeys (ConfUtils.java:logGet(46)) - raft.server.log.preallocated.size = 16384 (custom)
2022-12-08 06:44:02,259 [pool-71-thread-1] INFO  server.RaftServerConfigKeys (ConfUtils.java:logGet(46)) - raft.server.log.force.sync.num = 128 (default)
2022-12-08 06:44:02,259 [pool-71-thread-1] INFO  server.RaftServerConfigKeys (ConfUtils.java:logGet(46)) - raft.server.log.statemachine.data.sync = true (default)
2022-12-08 06:44:02,259 [pool-71-thread-1] INFO  server.RaftServerConfigKeys (ConfUtils.java:logGet(46)) - raft.server.log.statemachine.data.sync.timeout = 10s (default)
2022-12-08 06:44:02,259 [pool-71-thread-1] INFO  server.RaftServerConfigKeys (ConfUtils.java:logGet(46)) - raft.server.log.statemachine.data.sync.timeout.retry = -1 (default)
2022-12-08 06:44:02,260 [pool-117-thread-1] INFO  server.RaftServer$Division (RaftServerImpl.java:start(334)) - 94cb98dd-f956-4629-97e9-c7eafa6bfa57@group-0D65DB5CDAD5: start as a follower, conf=-1: peers:[94cb98dd-f956-4629-97e9-c7eafa6bfa57|rpc:10.1.0.31:38663|priority:0|startupRole:FOLLOWER, f4510996-e6f0-4857-a292-ff170ae2c782|rpc:10.1.0.31:33975|priority:1|startupRole:FOLLOWER, 16b83421-d067-43ff-a35e-8d85285fddd5|rpc:10.1.0.31:41675|priority:0|startupRole:FOLLOWER]|listeners:[], old=null
2022-12-08 06:44:02,261 [EventQueue-CommandQueueReportForCommandQueueReportHandler] WARN  events.EventQueue (EventQueue.java:fireEvent(216)) - No event handler registered for event TypedEvent{payloadType=DatanodeDetails, name='Datanode_Command_Queue_Updated'}
2022-12-08 06:44:02,262 [pool-71-thread-1] INFO  server.RaftServerConfigKeys (ConfUtils.java:logGet(46)) - raft.server.log.write.buffer.size = 1048576 (custom)
2022-12-08 06:44:02,264 [EventQueue-CommandQueueReportForCommandQueueReportHandler] WARN  events.EventQueue (EventQueue.java:fireEvent(216)) - No event handler registered for event TypedEvent{payloadType=DatanodeDetails, name='Datanode_Command_Queue_Updated'}
2022-12-08 06:44:02,264 [EventQueue-CommandQueueReportForCommandQueueReportHandler] WARN  events.EventQueue (EventQueue.java:fireEvent(216)) - No event handler registered for event TypedEvent{payloadType=DatanodeDetails, name='Datanode_Command_Queue_Updated'}
2022-12-08 06:44:02,264 [EventQueue-OpenPipelineForHealthyPipelineSafeModeRule] INFO  safemode.SCMSafeModeManager (HealthyPipelineSafeModeRule.java:process(137)) - SCM in safe mode. Healthy pipelines reported count is 0, required healthy pipeline reported count is 1
2022-12-08 06:44:02,265 [EventQueue-OpenPipelineForHealthyPipelineSafeModeRule] INFO  safemode.SCMSafeModeManager (HealthyPipelineSafeModeRule.java:process(137)) - SCM in safe mode. Healthy pipelines reported count is 0, required healthy pipeline reported count is 1
2022-12-08 06:44:02,265 [pool-71-thread-1] INFO  server.RaftServerConfigKeys (ConfUtils.java:logGet(46)) - raft.server.log.appender.buffer.byte-limit = 33554432 (custom)
2022-12-08 06:44:02,262 [pool-117-thread-1] INFO  server.RaftServer$Division (RaftServerImpl.java:setRole(321)) - 94cb98dd-f956-4629-97e9-c7eafa6bfa57@group-0D65DB5CDAD5: changes role from      null to FOLLOWER at term 0 for startAsFollower
2022-12-08 06:44:02,266 [pool-117-thread-1] INFO  impl.RoleInfo (RoleInfo.java:updateAndGet(139)) - 94cb98dd-f956-4629-97e9-c7eafa6bfa57: start 94cb98dd-f956-4629-97e9-c7eafa6bfa57@group-0D65DB5CDAD5-FollowerState
2022-12-08 06:44:02,269 [pool-117-thread-1] INFO  util.JmxRegister (JmxRegister.java:tryRegister(44)) - Successfully registered JMX Bean with object name Ratis:service=RaftServer,group=group-0D65DB5CDAD5,id=94cb98dd-f956-4629-97e9-c7eafa6bfa57
2022-12-08 06:44:02,269 [pool-117-thread-1] INFO  server.RaftServerConfigKeys (ConfUtils.java:logGet(46)) - raft.server.snapshot.auto.trigger.enabled = true (custom)
2022-12-08 06:44:02,269 [pool-117-thread-1] INFO  server.RaftServerConfigKeys (ConfUtils.java:logGet(46)) - raft.server.snapshot.auto.trigger.threshold = 10000 (custom)
2022-12-08 06:44:02,269 [pool-117-thread-1] INFO  server.RaftServerConfigKeys (ConfUtils.java:logGet(46)) - raft.server.snapshot.retention.file.num = 5 (custom)
2022-12-08 06:44:02,269 [pool-117-thread-1] INFO  server.RaftServerConfigKeys (ConfUtils.java:logGet(46)) - raft.server.log.purge.upto.snapshot.index = false (default)
2022-12-08 06:44:02,270 [94cb98dd-f956-4629-97e9-c7eafa6bfa57@group-0D65DB5CDAD5-FollowerState] INFO  server.RaftServerConfigKeys (ConfUtils.java:logFallback(53)) - raft.server.rpc.first-election.timeout.min = 5s (fallback to raft.server.rpc.timeout.min)
2022-12-08 06:44:02,270 [94cb98dd-f956-4629-97e9-c7eafa6bfa57@group-0D65DB5CDAD5-FollowerState] INFO  server.RaftServerConfigKeys (ConfUtils.java:logFallback(53)) - raft.server.rpc.first-election.timeout.max = 5200ms (fallback to raft.server.rpc.timeout.max)
2022-12-08 06:44:02,262 [pool-94-thread-1] INFO  server.RaftServerConfigKeys (ConfUtils.java:logGet(46)) - raft.server.log.unsafe-flush.enabled = false (default)
2022-12-08 06:44:02,271 [pool-94-thread-1] INFO  server.RaftServerConfigKeys (ConfUtils.java:logGet(46)) - raft.server.log.async-flush.enabled = false (default)
2022-12-08 06:44:02,271 [pool-94-thread-1] INFO  server.RaftServerConfigKeys (ConfUtils.java:logGet(46)) - raft.server.log.statemachine.data.caching.enabled = true (custom)
2022-12-08 06:44:02,273 [pool-94-thread-1] INFO  segmented.SegmentedRaftLogWorker (SegmentedRaftLogWorker.java:lambda$new$0(135)) - f4510996-e6f0-4857-a292-ff170ae2c782@group-0D65DB5CDAD5-SegmentedRaftLogWorker: flushIndex: setUnconditionally 0 -> -1
2022-12-08 06:44:02,273 [pool-94-thread-1] INFO  segmented.SegmentedRaftLogWorker (SegmentedRaftLogWorker.java:lambda$new$0(135)) - f4510996-e6f0-4857-a292-ff170ae2c782@group-0D65DB5CDAD5-SegmentedRaftLogWorker: safeCacheEvictIndex: setUnconditionally 0 -> -1
2022-12-08 06:44:02,535 [pool-94-thread-1] INFO  server.RaftServer$Division (RaftServerImpl.java:start(334)) - f4510996-e6f0-4857-a292-ff170ae2c782@group-0D65DB5CDAD5: start as a follower, conf=-1: peers:[94cb98dd-f956-4629-97e9-c7eafa6bfa57|rpc:10.1.0.31:38663|priority:0|startupRole:FOLLOWER, f4510996-e6f0-4857-a292-ff170ae2c782|rpc:10.1.0.31:33975|priority:1|startupRole:FOLLOWER, 16b83421-d067-43ff-a35e-8d85285fddd5|rpc:10.1.0.31:41675|priority:0|startupRole:FOLLOWER]|listeners:[], old=null
2022-12-08 06:44:02,535 [pool-94-thread-1] INFO  server.RaftServer$Division (RaftServerImpl.java:setRole(321)) - f4510996-e6f0-4857-a292-ff170ae2c782@group-0D65DB5CDAD5: changes role from      null to FOLLOWER at term 0 for startAsFollower
2022-12-08 06:44:02,536 [pool-94-thread-1] INFO  impl.RoleInfo (RoleInfo.java:updateAndGet(139)) - f4510996-e6f0-4857-a292-ff170ae2c782: start f4510996-e6f0-4857-a292-ff170ae2c782@group-0D65DB5CDAD5-FollowerState
2022-12-08 06:44:02,536 [pool-94-thread-1] INFO  util.JmxRegister (JmxRegister.java:tryRegister(44)) - Successfully registered JMX Bean with object name Ratis:service=RaftServer,group=group-0D65DB5CDAD5,id=f4510996-e6f0-4857-a292-ff170ae2c782
2022-12-08 06:44:02,536 [pool-94-thread-1] INFO  server.RaftServerConfigKeys (ConfUtils.java:logGet(46)) - raft.server.snapshot.auto.trigger.enabled = true (custom)
2022-12-08 06:44:02,536 [pool-94-thread-1] INFO  server.RaftServerConfigKeys (ConfUtils.java:logGet(46)) - raft.server.snapshot.auto.trigger.threshold = 10000 (custom)
2022-12-08 06:44:02,536 [pool-94-thread-1] INFO  server.RaftServerConfigKeys (ConfUtils.java:logGet(46)) - raft.server.snapshot.retention.file.num = 5 (custom)
2022-12-08 06:44:02,536 [pool-94-thread-1] INFO  server.RaftServerConfigKeys (ConfUtils.java:logGet(46)) - raft.server.log.purge.upto.snapshot.index = false (default)
2022-12-08 06:44:02,537 [f4510996-e6f0-4857-a292-ff170ae2c782@group-0D65DB5CDAD5-FollowerState] INFO  server.RaftServerConfigKeys (ConfUtils.java:logFallback(53)) - raft.server.rpc.first-election.timeout.min = 5s (fallback to raft.server.rpc.timeout.min)
2022-12-08 06:44:02,537 [f4510996-e6f0-4857-a292-ff170ae2c782@group-0D65DB5CDAD5-FollowerState] INFO  server.RaftServerConfigKeys (ConfUtils.java:logFallback(53)) - raft.server.rpc.first-election.timeout.max = 5200ms (fallback to raft.server.rpc.timeout.max)
2022-12-08 06:44:02,537 [pool-71-thread-1] INFO  server.RaftServerConfigKeys (ConfUtils.java:logGet(46)) - raft.server.log.unsafe-flush.enabled = false (default)
2022-12-08 06:44:02,537 [pool-71-thread-1] INFO  server.RaftServerConfigKeys (ConfUtils.java:logGet(46)) - raft.server.log.async-flush.enabled = false (default)
2022-12-08 06:44:02,555 [pool-71-thread-1] INFO  server.RaftServerConfigKeys (ConfUtils.java:logGet(46)) - raft.server.log.statemachine.data.caching.enabled = true (custom)
2022-12-08 06:44:02,555 [pool-71-thread-1] INFO  segmented.SegmentedRaftLogWorker (SegmentedRaftLogWorker.java:lambda$new$0(135)) - 16b83421-d067-43ff-a35e-8d85285fddd5@group-0D65DB5CDAD5-SegmentedRaftLogWorker: flushIndex: setUnconditionally 0 -> -1
2022-12-08 06:44:02,555 [pool-71-thread-1] INFO  segmented.SegmentedRaftLogWorker (SegmentedRaftLogWorker.java:lambda$new$0(135)) - 16b83421-d067-43ff-a35e-8d85285fddd5@group-0D65DB5CDAD5-SegmentedRaftLogWorker: safeCacheEvictIndex: setUnconditionally 0 -> -1
2022-12-08 06:44:02,554 [Command processor thread] INFO  ratis.XceiverServerRatis (XceiverServerRatis.java:addGroup(765)) - Created group PipelineID=fda957eb-4a9a-4296-9a06-0d65db5cdad5
2022-12-08 06:44:02,554 [JvmPauseMonitor5] WARN  util.JvmPauseMonitor (JvmPauseMonitor.java:detectPause(126)) - JvmPauseMonitor-c444494d-3849-481c-b3bb-cf4c6642ac3d: Detected pause in JVM or host machine (eg GC): pause of approximately 111834528ns.
GC pool 'PS MarkSweep' had collection(s): count=1 time=208ms
GC pool 'PS Scavenge' had collection(s): count=1 time=42ms
2022-12-08 06:44:02,549 [JvmPauseMonitor1] WARN  util.JvmPauseMonitor (JvmPauseMonitor.java:detectPause(126)) - JvmPauseMonitor-16b83421-d067-43ff-a35e-8d85285fddd5: Detected pause in JVM or host machine (eg GC): pause of approximately 137904115ns.
GC pool 'PS MarkSweep' had collection(s): count=1 time=208ms
GC pool 'PS Scavenge' had collection(s): count=1 time=42ms
2022-12-08 06:44:02,553 [pool-140-thread-1] INFO  server.RaftServer$Division (RaftServerImpl.java:<init>(195)) - 1c8923d8-6a71-498a-a002-ede96d851d5f: new RaftServerImpl for group-6A4795801AA4:[1c8923d8-6a71-498a-a002-ede96d851d5f|rpc:10.1.0.31:46793|priority:1|startupRole:FOLLOWER] with ContainerStateMachine:uninitialized
2022-12-08 06:44:02,551 [Command processor thread] INFO  ratis.XceiverServerRatis (XceiverServerRatis.java:addGroup(765)) - Created group PipelineID=fda957eb-4a9a-4296-9a06-0d65db5cdad5
2022-12-08 06:44:02,549 [JvmPauseMonitor6] WARN  util.JvmPauseMonitor (JvmPauseMonitor.java:detectPause(126)) - JvmPauseMonitor-1fff60e7-d385-4380-9228-9acb2b7ac677: Detected pause in JVM or host machine (eg GC): pause of approximately 227970121ns.
GC pool 'PS MarkSweep' had collection(s): count=1 time=208ms
GC pool 'PS Scavenge' had collection(s): count=1 time=42ms
2022-12-08 06:44:02,549 [JvmPauseMonitor2] WARN  util.JvmPauseMonitor (JvmPauseMonitor.java:detectPause(126)) - JvmPauseMonitor-f4510996-e6f0-4857-a292-ff170ae2c782: Detected pause in JVM or host machine (eg GC): pause of approximately 225666532ns.
GC pool 'PS MarkSweep' had collection(s): count=1 time=208ms
GC pool 'PS Scavenge' had collection(s): count=1 time=42ms
2022-12-08 06:44:02,549 [Command processor thread] INFO  server.RaftServer (RaftServerProxy.java:addNew(96)) - 1c8923d8-6a71-498a-a002-ede96d851d5f: addNew group-6A4795801AA4:[1c8923d8-6a71-498a-a002-ede96d851d5f|rpc:10.1.0.31:46793|priority:1|startupRole:FOLLOWER] returns group-6A4795801AA4:java.util.concurrent.CompletableFuture@16ce22b1[Not completed]
2022-12-08 06:44:02,564 [pool-140-thread-1] INFO  server.RaftServerConfigKeys (ConfUtils.java:logGet(46)) - raft.server.rpc.timeout.min = 5s (custom)
2022-12-08 06:44:02,564 [pool-140-thread-1] INFO  server.RaftServerConfigKeys (ConfUtils.java:logGet(46)) - raft.server.rpc.timeout.max = 5200ms (custom)
2022-12-08 06:44:02,564 [pool-140-thread-1] INFO  server.RaftServerConfigKeys (ConfUtils.java:logGet(46)) - raft.server.rpc.sleep.time = 25ms (default)
2022-12-08 06:44:02,564 [pool-140-thread-1] INFO  server.RaftServerConfigKeys (ConfUtils.java:logGet(46)) - raft.server.rpc.slowness.timeout = 300s (custom)
2022-12-08 06:44:02,564 [pool-140-thread-1] INFO  server.RaftServerConfigKeys (ConfUtils.java:logGet(46)) - raft.server.leaderelection.leader.step-down.wait-time = 10s (default)
2022-12-08 06:44:02,565 [pool-140-thread-1] INFO  server.RaftServerConfigKeys (ConfUtils.java:logGet(46)) - raft.server.sleep.deviation.threshold = 300ms (default)
2022-12-08 06:44:02,565 [pool-140-thread-1] INFO  server.RaftServer$Division (ServerState.java:<init>(118)) - 1c8923d8-6a71-498a-a002-ede96d851d5f@group-6A4795801AA4: ConfigurationManager, init=-1: peers:[1c8923d8-6a71-498a-a002-ede96d851d5f|rpc:10.1.0.31:46793|priority:1|startupRole:FOLLOWER]|listeners:[], old=null, confs=<EMPTY_MAP>
2022-12-08 06:44:02,565 [pool-140-thread-1] INFO  server.RaftServerConfigKeys (ConfUtils.java:logGet(46)) - raft.server.storage.dir = [/home/runner/work/ozone/ozone/hadoop-ozone/integration-test/target/test-dir/MiniOzoneClusterImpl-ddb91292-9bed-4e17-ad85-89bc7eecbd5e/datanode-3/data/ratis] (custom)
2022-12-08 06:44:02,565 [pool-140-thread-1] INFO  server.RaftServerConfigKeys (ConfUtils.java:logGet(46)) - raft.server.log.corruption.policy = EXCEPTION (default)
2022-12-08 06:44:02,565 [pool-140-thread-1] INFO  server.RaftServerConfigKeys (ConfUtils.java:logGet(46)) - raft.server.storage.free-space.min = 0MB (=0) (default)
2022-12-08 06:44:02,565 [pool-140-thread-1] INFO  server.RaftServerConfigKeys (ConfUtils.java:logGet(46)) - raft.server.notification.no-leader.timeout = 300s (custom)
2022-12-08 06:44:02,565 [pool-140-thread-1] INFO  server.RaftServerConfigKeys (ConfUtils.java:logGet(46)) - raft.server.retrycache.expirytime = 600000ms (custom)
2022-12-08 06:44:02,567 [pool-140-thread-1] INFO  server.RaftServerConfigKeys (ConfUtils.java:logGet(46)) - raft.server.retrycache.statistics.expirytime = 100μs (default)
2022-12-08 06:44:02,568 [pool-71-thread-1] INFO  server.RaftServer$Division (RaftServerImpl.java:start(334)) - 16b83421-d067-43ff-a35e-8d85285fddd5@group-0D65DB5CDAD5: start as a follower, conf=-1: peers:[94cb98dd-f956-4629-97e9-c7eafa6bfa57|rpc:10.1.0.31:38663|priority:0|startupRole:FOLLOWER, f4510996-e6f0-4857-a292-ff170ae2c782|rpc:10.1.0.31:33975|priority:1|startupRole:FOLLOWER, 16b83421-d067-43ff-a35e-8d85285fddd5|rpc:10.1.0.31:41675|priority:0|startupRole:FOLLOWER]|listeners:[], old=null
2022-12-08 06:44:02,568 [pool-71-thread-1] INFO  server.RaftServer$Division (RaftServerImpl.java:setRole(321)) - 16b83421-d067-43ff-a35e-8d85285fddd5@group-0D65DB5CDAD5: changes role from      null to FOLLOWER at term 0 for startAsFollower
2022-12-08 06:44:02,568 [pool-71-thread-1] INFO  impl.RoleInfo (RoleInfo.java:updateAndGet(139)) - 16b83421-d067-43ff-a35e-8d85285fddd5: start 16b83421-d067-43ff-a35e-8d85285fddd5@group-0D65DB5CDAD5-FollowerState
2022-12-08 06:44:02,568 [pool-71-thread-1] INFO  util.JmxRegister (JmxRegister.java:tryRegister(44)) - Successfully registered JMX Bean with object name Ratis:service=RaftServer,group=group-0D65DB5CDAD5,id=16b83421-d067-43ff-a35e-8d85285fddd5
2022-12-08 06:44:02,569 [pool-71-thread-1] INFO  server.RaftServerConfigKeys (ConfUtils.java:logGet(46)) - raft.server.snapshot.auto.trigger.enabled = true (custom)
2022-12-08 06:44:02,569 [pool-71-thread-1] INFO  server.RaftServerConfigKeys (ConfUtils.java:logGet(46)) - raft.server.snapshot.auto.trigger.threshold = 10000 (custom)
2022-12-08 06:44:02,569 [pool-71-thread-1] INFO  server.RaftServerConfigKeys (ConfUtils.java:logGet(46)) - raft.server.snapshot.retention.file.num = 5 (custom)
2022-12-08 06:44:02,569 [pool-71-thread-1] INFO  server.RaftServerConfigKeys (ConfUtils.java:logGet(46)) - raft.server.log.purge.upto.snapshot.index = false (default)
2022-12-08 06:44:02,569 [16b83421-d067-43ff-a35e-8d85285fddd5@group-0D65DB5CDAD5-FollowerState] INFO  server.RaftServerConfigKeys (ConfUtils.java:logFallback(53)) - raft.server.rpc.first-election.timeout.min = 5s (fallback to raft.server.rpc.timeout.min)
2022-12-08 06:44:02,570 [16b83421-d067-43ff-a35e-8d85285fddd5@group-0D65DB5CDAD5-FollowerState] INFO  server.RaftServerConfigKeys (ConfUtils.java:logFallback(53)) - raft.server.rpc.first-election.timeout.max = 5200ms (fallback to raft.server.rpc.timeout.max)
2022-12-08 06:44:02,570 [Command processor thread] INFO  ratis.XceiverServerRatis (XceiverServerRatis.java:addGroup(765)) - Created group PipelineID=fda957eb-4a9a-4296-9a06-0d65db5cdad5
2022-12-08 06:44:02,575 [pool-140-thread-1] INFO  server.RaftServerConfigKeys (ConfUtils.java:logGet(46)) - raft.server.log.appender.install.snapshot.enabled = false (custom)
2022-12-08 06:44:02,575 [pool-140-thread-1] INFO  server.RaftServerConfigKeys (ConfUtils.java:logGet(46)) - raft.server.threadpool.server.cached = true (default)
2022-12-08 06:44:02,575 [pool-140-thread-1] INFO  server.RaftServerConfigKeys (ConfUtils.java:logGet(46)) - raft.server.threadpool.server.size = 0 (default)
2022-12-08 06:44:02,575 [pool-140-thread-1] INFO  server.RaftServerConfigKeys (ConfUtils.java:logGet(46)) - raft.server.threadpool.client.cached = true (default)
2022-12-08 06:44:02,575 [pool-140-thread-1] INFO  server.RaftServerConfigKeys (ConfUtils.java:logGet(46)) - raft.server.threadpool.client.size = 0 (default)
2022-12-08 06:44:02,575 [pool-140-thread-1] INFO  storage.RaftStorageDirectory (RaftStorageDirectoryImpl.java:analyzeStorage(137)) - The storage directory /home/runner/work/ozone/ozone/hadoop-ozone/integration-test/target/test-dir/MiniOzoneClusterImpl-ddb91292-9bed-4e17-ad85-89bc7eecbd5e/datanode-3/data/ratis/375ee620-9ae1-4279-abff-6a4795801aa4 does not exist. Creating ...
2022-12-08 06:44:02,576 [pool-140-thread-1] INFO  storage.RaftStorageDirectory (RaftStorageDirectoryImpl.java:tryLock(231)) - Lock on /home/runner/work/ozone/ozone/hadoop-ozone/integration-test/target/test-dir/MiniOzoneClusterImpl-ddb91292-9bed-4e17-ad85-89bc7eecbd5e/datanode-3/data/ratis/375ee620-9ae1-4279-abff-6a4795801aa4/in_use.lock acquired by nodename 13321@fv-az205-634
2022-12-08 06:44:02,577 [pool-140-thread-1] INFO  storage.RaftStorage (RaftStorageImpl.java:format(96)) - Storage directory /home/runner/work/ozone/ozone/hadoop-ozone/integration-test/target/test-dir/MiniOzoneClusterImpl-ddb91292-9bed-4e17-ad85-89bc7eecbd5e/datanode-3/data/ratis/375ee620-9ae1-4279-abff-6a4795801aa4 has been successfully formatted.
2022-12-08 06:44:02,580 [pool-140-thread-1] INFO  ratis.ContainerStateMachine (ContainerStateMachine.java:loadSnapshot(236)) - group-6A4795801AA4: The snapshot info is null. Setting the last applied indexto:(t:0, i:~)
2022-12-08 06:44:02,580 [pool-140-thread-1] INFO  server.RaftServerConfigKeys (ConfUtils.java:logGet(46)) - raft.server.log.use.memory = false (default)
2022-12-08 06:44:02,580 [pool-140-thread-1] INFO  server.RaftServerConfigKeys (ConfUtils.java:logGet(46)) - raft.server.log.purge.gap = 1000000 (custom)
2022-12-08 06:44:02,580 [pool-140-thread-1] INFO  server.RaftServerConfigKeys (ConfUtils.java:logGet(46)) - raft.server.log.appender.buffer.byte-limit = 33554432 (custom)
2022-12-08 06:44:02,580 [pool-140-thread-1] INFO  server.RaftServerConfigKeys (ConfUtils.java:logGet(46)) - raft.server.log.statemachine.data.read.timeout = 1000ms (default)
2022-12-08 06:44:02,580 [pool-140-thread-1] INFO  server.RaftServerConfigKeys (ConfUtils.java:logGet(46)) - raft.server.log.purge.preservation.log.num = 0 (default)
2022-12-08 06:44:02,580 [pool-140-thread-1] INFO  server.RaftServerConfigKeys (ConfUtils.java:logGet(46)) - raft.server.log.segment.size.max = 1048576 (custom)
2022-12-08 06:44:02,582 [pool-140-thread-1] INFO  server.RaftServerConfigKeys (ConfUtils.java:logGet(46)) - raft.server.log.segment.cache.num.max = 2 (custom)
2022-12-08 06:44:02,582 [pool-140-thread-1] INFO  server.RaftServerConfigKeys (ConfUtils.java:logGet(46)) - raft.server.log.segment.cache.size.max = 200MB (=209715200) (default)
2022-12-08 06:44:02,582 [pool-140-thread-1] INFO  segmented.SegmentedRaftLogWorker (SegmentedRaftLogWorker.java:<init>(189)) - new 1c8923d8-6a71-498a-a002-ede96d851d5f@group-6A4795801AA4-SegmentedRaftLogWorker for RaftStorageImpl:Storage Directory /home/runner/work/ozone/ozone/hadoop-ozone/integration-test/target/test-dir/MiniOzoneClusterImpl-ddb91292-9bed-4e17-ad85-89bc7eecbd5e/datanode-3/data/ratis/375ee620-9ae1-4279-abff-6a4795801aa4
2022-12-08 06:44:02,582 [pool-140-thread-1] INFO  server.RaftServerConfigKeys (ConfUtils.java:logGet(46)) - raft.server.log.queue.byte-limit = 4294967296 (custom)
2022-12-08 06:44:02,582 [pool-140-thread-1] INFO  server.RaftServerConfigKeys (ConfUtils.java:logGet(46)) - raft.server.log.queue.element-limit = 1024 (custom)
2022-12-08 06:44:02,582 [pool-140-thread-1] INFO  server.RaftServerConfigKeys (ConfUtils.java:logGet(46)) - raft.server.log.segment.size.max = 1048576 (custom)
2022-12-08 06:44:02,582 [pool-140-thread-1] INFO  server.RaftServerConfigKeys (ConfUtils.java:logGet(46)) - raft.server.log.preallocated.size = 16384 (custom)
2022-12-08 06:44:02,582 [pool-140-thread-1] INFO  server.RaftServerConfigKeys (ConfUtils.java:logGet(46)) - raft.server.log.force.sync.num = 128 (default)
2022-12-08 06:44:02,585 [pool-140-thread-1] INFO  server.RaftServerConfigKeys (ConfUtils.java:logGet(46)) - raft.server.log.statemachine.data.sync = true (default)
2022-12-08 06:44:02,585 [pool-140-thread-1] INFO  server.RaftServerConfigKeys (ConfUtils.java:logGet(46)) - raft.server.log.statemachine.data.sync.timeout = 10s (default)
2022-12-08 06:44:02,585 [pool-140-thread-1] INFO  server.RaftServerConfigKeys (ConfUtils.java:logGet(46)) - raft.server.log.statemachine.data.sync.timeout.retry = -1 (default)
2022-12-08 06:44:02,586 [EventQueue-CommandQueueReportForCommandQueueReportHandler] WARN  events.EventQueue (EventQueue.java:fireEvent(216)) - No event handler registered for event TypedEvent{payloadType=DatanodeDetails, name='Datanode_Command_Queue_Updated'}
2022-12-08 06:44:02,586 [pool-140-thread-1] INFO  server.RaftServerConfigKeys (ConfUtils.java:logGet(46)) - raft.server.log.write.buffer.size = 1048576 (custom)
2022-12-08 06:44:02,587 [pool-140-thread-1] INFO  server.RaftServerConfigKeys (ConfUtils.java:logGet(46)) - raft.server.log.appender.buffer.byte-limit = 33554432 (custom)
2022-12-08 06:44:02,590 [pool-140-thread-1] INFO  server.RaftServerConfigKeys (ConfUtils.java:logGet(46)) - raft.server.log.unsafe-flush.enabled = false (default)
2022-12-08 06:44:02,591 [pool-140-thread-1] INFO  server.RaftServerConfigKeys (ConfUtils.java:logGet(46)) - raft.server.log.async-flush.enabled = false (default)
2022-12-08 06:44:02,591 [pool-140-thread-1] INFO  server.RaftServerConfigKeys (ConfUtils.java:logGet(46)) - raft.server.log.statemachine.data.caching.enabled = true (custom)
2022-12-08 06:44:02,591 [pool-140-thread-1] INFO  segmented.SegmentedRaftLogWorker (SegmentedRaftLogWorker.java:lambda$new$0(135)) - 1c8923d8-6a71-498a-a002-ede96d851d5f@group-6A4795801AA4-SegmentedRaftLogWorker: flushIndex: setUnconditionally 0 -> -1
2022-12-08 06:44:02,591 [pool-140-thread-1] INFO  segmented.SegmentedRaftLogWorker (SegmentedRaftLogWorker.java:lambda$new$0(135)) - 1c8923d8-6a71-498a-a002-ede96d851d5f@group-6A4795801AA4-SegmentedRaftLogWorker: safeCacheEvictIndex: setUnconditionally 0 -> -1
2022-12-08 06:44:02,591 [pool-140-thread-1] INFO  server.RaftServer$Division (RaftServerImpl.java:start(334)) - 1c8923d8-6a71-498a-a002-ede96d851d5f@group-6A4795801AA4: start as a follower, conf=-1: peers:[1c8923d8-6a71-498a-a002-ede96d851d5f|rpc:10.1.0.31:46793|priority:1|startupRole:FOLLOWER]|listeners:[], old=null
2022-12-08 06:44:02,591 [pool-140-thread-1] INFO  server.RaftServer$Division (RaftServerImpl.java:setRole(321)) - 1c8923d8-6a71-498a-a002-ede96d851d5f@group-6A4795801AA4: changes role from      null to FOLLOWER at term 0 for startAsFollower
2022-12-08 06:44:02,591 [pool-140-thread-1] INFO  impl.RoleInfo (RoleInfo.java:updateAndGet(139)) - 1c8923d8-6a71-498a-a002-ede96d851d5f: start 1c8923d8-6a71-498a-a002-ede96d851d5f@group-6A4795801AA4-FollowerState
2022-12-08 06:44:02,592 [pool-140-thread-1] INFO  util.JmxRegister (JmxRegister.java:tryRegister(44)) - Successfully registered JMX Bean with object name Ratis:service=RaftServer,group=group-6A4795801AA4,id=1c8923d8-6a71-498a-a002-ede96d851d5f
2022-12-08 06:44:02,592 [pool-140-thread-1] INFO  server.RaftServerConfigKeys (ConfUtils.java:logGet(46)) - raft.server.snapshot.auto.trigger.enabled = true (custom)
2022-12-08 06:44:02,592 [pool-140-thread-1] INFO  server.RaftServerConfigKeys (ConfUtils.java:logGet(46)) - raft.server.snapshot.auto.trigger.threshold = 10000 (custom)
2022-12-08 06:44:02,592 [pool-140-thread-1] INFO  server.RaftServerConfigKeys (ConfUtils.java:logGet(46)) - raft.server.snapshot.retention.file.num = 5 (custom)
2022-12-08 06:44:02,593 [pool-140-thread-1] INFO  server.RaftServerConfigKeys (ConfUtils.java:logGet(46)) - raft.server.log.purge.upto.snapshot.index = false (default)
2022-12-08 06:44:02,599 [1c8923d8-6a71-498a-a002-ede96d851d5f@group-6A4795801AA4-FollowerState] INFO  server.RaftServerConfigKeys (ConfUtils.java:logFallback(53)) - raft.server.rpc.first-election.timeout.min = 5s (fallback to raft.server.rpc.timeout.min)
2022-12-08 06:44:02,599 [1c8923d8-6a71-498a-a002-ede96d851d5f@group-6A4795801AA4-FollowerState] INFO  server.RaftServerConfigKeys (ConfUtils.java:logFallback(53)) - raft.server.rpc.first-election.timeout.max = 5200ms (fallback to raft.server.rpc.timeout.max)
2022-12-08 06:44:02,601 [Command processor thread] INFO  ratis.XceiverServerRatis (XceiverServerRatis.java:addGroup(765)) - Created group PipelineID=375ee620-9ae1-4279-abff-6a4795801aa4
2022-12-08 06:44:02,601 [Command processor thread] INFO  commandhandler.CreatePipelineCommandHandler (CreatePipelineCommandHandler.java:handle(113)) - Created Pipeline RATIS ONE PipelineID=375ee620-9ae1-4279-abff-6a4795801aa4.
2022-12-08 06:44:02,601 [Command processor thread] INFO  server.RaftServer (RaftServerProxy.java:addNew(96)) - 1c8923d8-6a71-498a-a002-ede96d851d5f: addNew group-C00D2EDA4D5C:[1c8923d8-6a71-498a-a002-ede96d851d5f|rpc:10.1.0.31:46793|priority:0|startupRole:FOLLOWER, 1fff60e7-d385-4380-9228-9acb2b7ac677|rpc:10.1.0.31:44127|priority:1|startupRole:FOLLOWER, c444494d-3849-481c-b3bb-cf4c6642ac3d|rpc:10.1.0.31:35699|priority:0|startupRole:FOLLOWER] returns group-C00D2EDA4D5C:java.util.concurrent.CompletableFuture@12f1a4b0[Not completed]
2022-12-08 06:44:02,602 [EventQueue-CommandQueueReportForCommandQueueReportHandler] WARN  events.EventQueue (EventQueue.java:fireEvent(216)) - No event handler registered for event TypedEvent{payloadType=DatanodeDetails, name='Datanode_Command_Queue_Updated'}
2022-12-08 06:44:02,603 [EventQueue-PipelineReportForPipelineReportHandler] INFO  pipeline.PipelineManagerImpl (PipelineManagerImpl.java:openPipeline(367)) - Pipeline Pipeline[ Id: 375ee620-9ae1-4279-abff-6a4795801aa4, Nodes: 1c8923d8-6a71-498a-a002-ede96d851d5f{ip: 10.1.0.31, host: fv-az205-634.k2gd1z4tyxsu3cbgyjsjq30zwf.jx.internal.cloudapp.net, ports: [REPLICATION=38507, RATIS=46793, RATIS_ADMIN=46793, RATIS_SERVER=46793, STANDALONE=46579], networkLocation: /default-rack, certSerialId: null, persistedOpState: IN_SERVICE, persistedOpStateExpiryEpochSec: 0}, ReplicationConfig: RATIS/ONE, State:ALLOCATED, leaderId:1c8923d8-6a71-498a-a002-ede96d851d5f, CreationTimestamp2022-12-08T06:43:59.523Z[Etc/UTC]] moved to OPEN state
2022-12-08 06:44:02,610 [EventQueue-OpenPipelineForHealthyPipelineSafeModeRule] INFO  safemode.SCMSafeModeManager (HealthyPipelineSafeModeRule.java:process(137)) - SCM in safe mode. Healthy pipelines reported count is 0, required healthy pipeline reported count is 1
2022-12-08 06:44:02,603 [pool-140-thread-1] INFO  server.RaftServer$Division (RaftServerImpl.java:<init>(195)) - 1c8923d8-6a71-498a-a002-ede96d851d5f: new RaftServerImpl for group-C00D2EDA4D5C:[1c8923d8-6a71-498a-a002-ede96d851d5f|rpc:10.1.0.31:46793|priority:0|startupRole:FOLLOWER, 1fff60e7-d385-4380-9228-9acb2b7ac677|rpc:10.1.0.31:44127|priority:1|startupRole:FOLLOWER, c444494d-3849-481c-b3bb-cf4c6642ac3d|rpc:10.1.0.31:35699|priority:0|startupRole:FOLLOWER] with ContainerStateMachine:uninitialized
2022-12-08 06:44:02,612 [pool-140-thread-1] INFO  server.RaftServerConfigKeys (ConfUtils.java:logGet(46)) - raft.server.rpc.timeout.min = 5s (custom)
2022-12-08 06:44:02,612 [pool-140-thread-1] INFO  server.RaftServerConfigKeys (ConfUtils.java:logGet(46)) - raft.server.rpc.timeout.max = 5200ms (custom)
2022-12-08 06:44:02,612 [pool-140-thread-1] INFO  server.RaftServerConfigKeys (ConfUtils.java:logGet(46)) - raft.server.rpc.sleep.time = 25ms (default)
2022-12-08 06:44:02,612 [pool-140-thread-1] INFO  server.RaftServerConfigKeys (ConfUtils.java:logGet(46)) - raft.server.rpc.slowness.timeout = 300s (custom)
2022-12-08 06:44:02,612 [pool-140-thread-1] INFO  server.RaftServerConfigKeys (ConfUtils.java:logGet(46)) - raft.server.leaderelection.leader.step-down.wait-time = 10s (default)
2022-12-08 06:44:02,612 [pool-140-thread-1] INFO  server.RaftServerConfigKeys (ConfUtils.java:logGet(46)) - raft.server.sleep.deviation.threshold = 300ms (default)
2022-12-08 06:44:02,612 [pool-140-thread-1] INFO  server.RaftServer$Division (ServerState.java:<init>(118)) - 1c8923d8-6a71-498a-a002-ede96d851d5f@group-C00D2EDA4D5C: ConfigurationManager, init=-1: peers:[1c8923d8-6a71-498a-a002-ede96d851d5f|rpc:10.1.0.31:46793|priority:0|startupRole:FOLLOWER, 1fff60e7-d385-4380-9228-9acb2b7ac677|rpc:10.1.0.31:44127|priority:1|startupRole:FOLLOWER, c444494d-3849-481c-b3bb-cf4c6642ac3d|rpc:10.1.0.31:35699|priority:0|startupRole:FOLLOWER]|listeners:[], old=null, confs=<EMPTY_MAP>
2022-12-08 06:44:02,612 [pool-140-thread-1] INFO  server.RaftServerConfigKeys (ConfUtils.java:logGet(46)) - raft.server.storage.dir = [/home/runner/work/ozone/ozone/hadoop-ozone/integration-test/target/test-dir/MiniOzoneClusterImpl-ddb91292-9bed-4e17-ad85-89bc7eecbd5e/datanode-3/data/ratis] (custom)
2022-12-08 06:44:02,613 [pool-140-thread-1] INFO  server.RaftServerConfigKeys (ConfUtils.java:logGet(46)) - raft.server.log.corruption.policy = EXCEPTION (default)
2022-12-08 06:44:02,613 [pool-140-thread-1] INFO  server.RaftServerConfigKeys (ConfUtils.java:logGet(46)) - raft.server.storage.free-space.min = 0MB (=0) (default)
2022-12-08 06:44:02,613 [pool-140-thread-1] INFO  server.RaftServerConfigKeys (ConfUtils.java:logGet(46)) - raft.server.notification.no-leader.timeout = 300s (custom)
2022-12-08 06:44:02,613 [pool-140-thread-1] INFO  server.RaftServerConfigKeys (ConfUtils.java:logGet(46)) - raft.server.retrycache.expirytime = 600000ms (custom)
2022-12-08 06:44:02,613 [pool-140-thread-1] INFO  server.RaftServerConfigKeys (ConfUtils.java:logGet(46)) - raft.server.retrycache.statistics.expirytime = 100μs (default)
2022-12-08 06:44:02,614 [pool-140-thread-1] INFO  server.RaftServerConfigKeys (ConfUtils.java:logGet(46)) - raft.server.log.appender.install.snapshot.enabled = false (custom)
2022-12-08 06:44:02,614 [pool-140-thread-1] INFO  server.RaftServerConfigKeys (ConfUtils.java:logGet(46)) - raft.server.threadpool.server.cached = true (default)
2022-12-08 06:44:02,614 [pool-140-thread-1] INFO  server.RaftServerConfigKeys (ConfUtils.java:logGet(46)) - raft.server.threadpool.server.size = 0 (default)
2022-12-08 06:44:02,614 [pool-140-thread-1] INFO  server.RaftServerConfigKeys (ConfUtils.java:logGet(46)) - raft.server.threadpool.client.cached = true (default)
2022-12-08 06:44:02,614 [pool-140-thread-1] INFO  server.RaftServerConfigKeys (ConfUtils.java:logGet(46)) - raft.server.threadpool.client.size = 0 (default)
2022-12-08 06:44:02,614 [pool-140-thread-1] INFO  storage.RaftStorageDirectory (RaftStorageDirectoryImpl.java:analyzeStorage(137)) - The storage directory /home/runner/work/ozone/ozone/hadoop-ozone/integration-test/target/test-dir/MiniOzoneClusterImpl-ddb91292-9bed-4e17-ad85-89bc7eecbd5e/datanode-3/data/ratis/bcbed481-32d9-442b-be80-c00d2eda4d5c does not exist. Creating ...
2022-12-08 06:44:02,615 [pool-140-thread-1] INFO  storage.RaftStorageDirectory (RaftStorageDirectoryImpl.java:tryLock(231)) - Lock on /home/runner/work/ozone/ozone/hadoop-ozone/integration-test/target/test-dir/MiniOzoneClusterImpl-ddb91292-9bed-4e17-ad85-89bc7eecbd5e/datanode-3/data/ratis/bcbed481-32d9-442b-be80-c00d2eda4d5c/in_use.lock acquired by nodename 13321@fv-az205-634
2022-12-08 06:44:02,616 [pool-140-thread-1] INFO  storage.RaftStorage (RaftStorageImpl.java:format(96)) - Storage directory /home/runner/work/ozone/ozone/hadoop-ozone/integration-test/target/test-dir/MiniOzoneClusterImpl-ddb91292-9bed-4e17-ad85-89bc7eecbd5e/datanode-3/data/ratis/bcbed481-32d9-442b-be80-c00d2eda4d5c has been successfully formatted.
2022-12-08 06:44:02,617 [pool-140-thread-1] INFO  ratis.ContainerStateMachine (ContainerStateMachine.java:loadSnapshot(236)) - group-C00D2EDA4D5C: The snapshot info is null. Setting the last applied indexto:(t:0, i:~)
2022-12-08 06:44:02,617 [pool-140-thread-1] INFO  server.RaftServerConfigKeys (ConfUtils.java:logGet(46)) - raft.server.log.use.memory = false (default)
2022-12-08 06:44:02,617 [pool-140-thread-1] INFO  server.RaftServerConfigKeys (ConfUtils.java:logGet(46)) - raft.server.log.purge.gap = 1000000 (custom)
2022-12-08 06:44:02,617 [pool-140-thread-1] INFO  server.RaftServerConfigKeys (ConfUtils.java:logGet(46)) - raft.server.log.appender.buffer.byte-limit = 33554432 (custom)
2022-12-08 06:44:02,617 [pool-140-thread-1] INFO  server.RaftServerConfigKeys (ConfUtils.java:logGet(46)) - raft.server.log.statemachine.data.read.timeout = 1000ms (default)
2022-12-08 06:44:02,617 [pool-140-thread-1] INFO  server.RaftServerConfigKeys (ConfUtils.java:logGet(46)) - raft.server.log.purge.preservation.log.num = 0 (default)
2022-12-08 06:44:02,618 [pool-140-thread-1] INFO  server.RaftServerConfigKeys (ConfUtils.java:logGet(46)) - raft.server.log.segment.size.max = 1048576 (custom)
2022-12-08 06:44:02,618 [pool-140-thread-1] INFO  server.RaftServerConfigKeys (ConfUtils.java:logGet(46)) - raft.server.log.segment.cache.num.max = 2 (custom)
2022-12-08 06:44:02,618 [pool-140-thread-1] INFO  server.RaftServerConfigKeys (ConfUtils.java:logGet(46)) - raft.server.log.segment.cache.size.max = 200MB (=209715200) (default)
2022-12-08 06:44:02,618 [pool-140-thread-1] INFO  segmented.SegmentedRaftLogWorker (SegmentedRaftLogWorker.java:<init>(189)) - new 1c8923d8-6a71-498a-a002-ede96d851d5f@group-C00D2EDA4D5C-SegmentedRaftLogWorker for RaftStorageImpl:Storage Directory /home/runner/work/ozone/ozone/hadoop-ozone/integration-test/target/test-dir/MiniOzoneClusterImpl-ddb91292-9bed-4e17-ad85-89bc7eecbd5e/datanode-3/data/ratis/bcbed481-32d9-442b-be80-c00d2eda4d5c
2022-12-08 06:44:02,618 [pool-140-thread-1] INFO  server.RaftServerConfigKeys (ConfUtils.java:logGet(46)) - raft.server.log.queue.byte-limit = 4294967296 (custom)
2022-12-08 06:44:02,618 [pool-140-thread-1] INFO  server.RaftServerConfigKeys (ConfUtils.java:logGet(46)) - raft.server.log.queue.element-limit = 1024 (custom)
2022-12-08 06:44:02,618 [pool-140-thread-1] INFO  server.RaftServerConfigKeys (ConfUtils.java:logGet(46)) - raft.server.log.segment.size.max = 1048576 (custom)
2022-12-08 06:44:02,618 [pool-140-thread-1] INFO  server.RaftServerConfigKeys (ConfUtils.java:logGet(46)) - raft.server.log.preallocated.size = 16384 (custom)
2022-12-08 06:44:02,618 [pool-140-thread-1] INFO  server.RaftServerConfigKeys (ConfUtils.java:logGet(46)) - raft.server.log.force.sync.num = 128 (default)
2022-12-08 06:44:02,618 [pool-140-thread-1] INFO  server.RaftServerConfigKeys (ConfUtils.java:logGet(46)) - raft.server.log.statemachine.data.sync = true (default)
2022-12-08 06:44:02,618 [pool-140-thread-1] INFO  server.RaftServerConfigKeys (ConfUtils.java:logGet(46)) - raft.server.log.statemachine.data.sync.timeout = 10s (default)
2022-12-08 06:44:02,618 [pool-140-thread-1] INFO  server.RaftServerConfigKeys (ConfUtils.java:logGet(46)) - raft.server.log.statemachine.data.sync.timeout.retry = -1 (default)
2022-12-08 06:44:02,621 [EventQueue-CommandQueueReportForCommandQueueReportHandler] WARN  events.EventQueue (EventQueue.java:fireEvent(216)) - No event handler registered for event TypedEvent{payloadType=DatanodeDetails, name='Datanode_Command_Queue_Updated'}
2022-12-08 06:44:02,623 [EventQueue-OpenPipelineForHealthyPipelineSafeModeRule] INFO  safemode.SCMSafeModeManager (HealthyPipelineSafeModeRule.java:process(137)) - SCM in safe mode. Healthy pipelines reported count is 0, required healthy pipeline reported count is 1
2022-12-08 06:44:02,624 [pool-140-thread-1] INFO  server.RaftServerConfigKeys (ConfUtils.java:logGet(46)) - raft.server.log.write.buffer.size = 1048576 (custom)
2022-12-08 06:44:02,624 [pool-140-thread-1] INFO  server.RaftServerConfigKeys (ConfUtils.java:logGet(46)) - raft.server.log.appender.buffer.byte-limit = 33554432 (custom)
2022-12-08 06:44:02,627 [pool-140-thread-1] INFO  server.RaftServerConfigKeys (ConfUtils.java:logGet(46)) - raft.server.log.unsafe-flush.enabled = false (default)
2022-12-08 06:44:02,632 [pool-140-thread-1] INFO  server.RaftServerConfigKeys (ConfUtils.java:logGet(46)) - raft.server.log.async-flush.enabled = false (default)
2022-12-08 06:44:02,632 [pool-140-thread-1] INFO  server.RaftServerConfigKeys (ConfUtils.java:logGet(46)) - raft.server.log.statemachine.data.caching.enabled = true (custom)
2022-12-08 06:44:02,632 [pool-140-thread-1] INFO  segmented.SegmentedRaftLogWorker (SegmentedRaftLogWorker.java:lambda$new$0(135)) - 1c8923d8-6a71-498a-a002-ede96d851d5f@group-C00D2EDA4D5C-SegmentedRaftLogWorker: flushIndex: setUnconditionally 0 -> -1
2022-12-08 06:44:02,632 [pool-140-thread-1] INFO  segmented.SegmentedRaftLogWorker (SegmentedRaftLogWorker.java:lambda$new$0(135)) - 1c8923d8-6a71-498a-a002-ede96d851d5f@group-C00D2EDA4D5C-SegmentedRaftLogWorker: safeCacheEvictIndex: setUnconditionally 0 -> -1
2022-12-08 06:44:02,633 [pool-140-thread-1] INFO  server.RaftServer$Division (RaftServerImpl.java:start(334)) - 1c8923d8-6a71-498a-a002-ede96d851d5f@group-C00D2EDA4D5C: start as a follower, conf=-1: peers:[1c8923d8-6a71-498a-a002-ede96d851d5f|rpc:10.1.0.31:46793|priority:0|startupRole:FOLLOWER, 1fff60e7-d385-4380-9228-9acb2b7ac677|rpc:10.1.0.31:44127|priority:1|startupRole:FOLLOWER, c444494d-3849-481c-b3bb-cf4c6642ac3d|rpc:10.1.0.31:35699|priority:0|startupRole:FOLLOWER]|listeners:[], old=null
2022-12-08 06:44:02,633 [pool-140-thread-1] INFO  server.RaftServer$Division (RaftServerImpl.java:setRole(321)) - 1c8923d8-6a71-498a-a002-ede96d851d5f@group-C00D2EDA4D5C: changes role from      null to FOLLOWER at term 0 for startAsFollower
2022-12-08 06:44:02,633 [pool-140-thread-1] INFO  impl.RoleInfo (RoleInfo.java:updateAndGet(139)) - 1c8923d8-6a71-498a-a002-ede96d851d5f: start 1c8923d8-6a71-498a-a002-ede96d851d5f@group-C00D2EDA4D5C-FollowerState
2022-12-08 06:44:02,633 [1c8923d8-6a71-498a-a002-ede96d851d5f@group-C00D2EDA4D5C-FollowerState] INFO  server.RaftServerConfigKeys (ConfUtils.java:logFallback(53)) - raft.server.rpc.first-election.timeout.min = 5s (fallback to raft.server.rpc.timeout.min)
2022-12-08 06:44:02,633 [1c8923d8-6a71-498a-a002-ede96d851d5f@group-C00D2EDA4D5C-FollowerState] INFO  server.RaftServerConfigKeys (ConfUtils.java:logFallback(53)) - raft.server.rpc.first-election.timeout.max = 5200ms (fallback to raft.server.rpc.timeout.max)
2022-12-08 06:44:02,633 [pool-140-thread-1] INFO  util.JmxRegister (JmxRegister.java:tryRegister(44)) - Successfully registered JMX Bean with object name Ratis:service=RaftServer,group=group-C00D2EDA4D5C,id=1c8923d8-6a71-498a-a002-ede96d851d5f
2022-12-08 06:44:02,651 [pool-140-thread-1] INFO  server.RaftServerConfigKeys (ConfUtils.java:logGet(46)) - raft.server.snapshot.auto.trigger.enabled = true (custom)
2022-12-08 06:44:02,651 [pool-140-thread-1] INFO  server.RaftServerConfigKeys (ConfUtils.java:logGet(46)) - raft.server.snapshot.auto.trigger.threshold = 10000 (custom)
2022-12-08 06:44:02,651 [pool-140-thread-1] INFO  server.RaftServerConfigKeys (ConfUtils.java:logGet(46)) - raft.server.snapshot.retention.file.num = 5 (custom)
2022-12-08 06:44:02,651 [pool-140-thread-1] INFO  server.RaftServerConfigKeys (ConfUtils.java:logGet(46)) - raft.server.log.purge.upto.snapshot.index = false (default)
2022-12-08 06:44:02,652 [Command processor thread] INFO  ratis.XceiverServerRatis (XceiverServerRatis.java:addGroup(765)) - Created group PipelineID=bcbed481-32d9-442b-be80-c00d2eda4d5c
2022-12-08 06:44:02,693 [Listener at 127.0.0.1/38363] INFO  ozone.MiniOzoneClusterImpl (MiniOzoneClusterImpl.java:lambda$waitForClusterToBeReady$0(216)) - Nodes are ready. Got 7 of 7 DN Heartbeats.
2022-12-08 06:44:02,694 [Listener at 127.0.0.1/38363] INFO  ozone.MiniOzoneClusterImpl (MiniOzoneClusterImpl.java:lambda$waitForClusterToBeReady$0(219)) - Waiting for cluster to exit safe mode
2022-12-08 06:44:02,694 [Listener at 127.0.0.1/38363] INFO  ozone.MiniOzoneClusterImpl (MiniOzoneClusterImpl.java:lambda$waitForClusterToBeReady$0(221)) - SCM became leader
2022-12-08 06:44:02,716 [Command processor thread] INFO  commandhandler.CreatePipelineCommandHandler (CreatePipelineCommandHandler.java:handle(113)) - Created Pipeline RATIS THREE PipelineID=fda957eb-4a9a-4296-9a06-0d65db5cdad5.
2022-12-08 06:44:02,718 [EventQueue-CommandQueueReportForCommandQueueReportHandler] WARN  events.EventQueue (EventQueue.java:fireEvent(216)) - No event handler registered for event TypedEvent{payloadType=DatanodeDetails, name='Datanode_Command_Queue_Updated'}
2022-12-08 06:44:02,729 [grpc-default-executor-1] INFO  server.RaftServer (RaftServerProxy.java:addNew(96)) - 1fff60e7-d385-4380-9228-9acb2b7ac677: addNew group-C00D2EDA4D5C:[1c8923d8-6a71-498a-a002-ede96d851d5f|rpc:10.1.0.31:46793|dataStream:|priority:0|startupRole:FOLLOWER, 1fff60e7-d385-4380-9228-9acb2b7ac677|rpc:10.1.0.31:44127|dataStream:|priority:1|startupRole:FOLLOWER, c444494d-3849-481c-b3bb-cf4c6642ac3d|rpc:10.1.0.31:35699|dataStream:|priority:0|startupRole:FOLLOWER] returns group-C00D2EDA4D5C:java.util.concurrent.CompletableFuture@66a121e9[Not completed]
2022-12-08 06:44:02,735 [Command processor thread] INFO  commandhandler.CreatePipelineCommandHandler (CreatePipelineCommandHandler.java:handle(113)) - Created Pipeline RATIS THREE PipelineID=fda957eb-4a9a-4296-9a06-0d65db5cdad5.
2022-12-08 06:44:02,736 [pool-186-thread-1] INFO  server.RaftServer$Division (RaftServerImpl.java:<init>(195)) - 1fff60e7-d385-4380-9228-9acb2b7ac677: new RaftServerImpl for group-C00D2EDA4D5C:[1c8923d8-6a71-498a-a002-ede96d851d5f|rpc:10.1.0.31:46793|dataStream:|priority:0|startupRole:FOLLOWER, 1fff60e7-d385-4380-9228-9acb2b7ac677|rpc:10.1.0.31:44127|dataStream:|priority:1|startupRole:FOLLOWER, c444494d-3849-481c-b3bb-cf4c6642ac3d|rpc:10.1.0.31:35699|dataStream:|priority:0|startupRole:FOLLOWER] with ContainerStateMachine:uninitialized
2022-12-08 06:44:02,738 [pool-186-thread-1] INFO  server.RaftServerConfigKeys (ConfUtils.java:logGet(46)) - raft.server.rpc.timeout.min = 5s (custom)
2022-12-08 06:44:02,738 [pool-186-thread-1] INFO  server.RaftServerConfigKeys (ConfUtils.java:logGet(46)) - raft.server.rpc.timeout.max = 5200ms (custom)
2022-12-08 06:44:02,738 [pool-186-thread-1] INFO  server.RaftServerConfigKeys (ConfUtils.java:logGet(46)) - raft.server.rpc.sleep.time = 25ms (default)
2022-12-08 06:44:02,738 [pool-186-thread-1] INFO  server.RaftServerConfigKeys (ConfUtils.java:logGet(46)) - raft.server.rpc.slowness.timeout = 300s (custom)
2022-12-08 06:44:02,739 [pool-186-thread-1] INFO  server.RaftServerConfigKeys (ConfUtils.java:logGet(46)) - raft.server.leaderelection.leader.step-down.wait-time = 10s (default)
2022-12-08 06:44:02,739 [pool-186-thread-1] INFO  server.RaftServerConfigKeys (ConfUtils.java:logGet(46)) - raft.server.sleep.deviation.threshold = 300ms (default)
2022-12-08 06:44:02,739 [pool-186-thread-1] INFO  server.RaftServer$Division (ServerState.java:<init>(118)) - 1fff60e7-d385-4380-9228-9acb2b7ac677@group-C00D2EDA4D5C: ConfigurationManager, init=-1: peers:[1c8923d8-6a71-498a-a002-ede96d851d5f|rpc:10.1.0.31:46793|dataStream:|priority:0|startupRole:FOLLOWER, 1fff60e7-d385-4380-9228-9acb2b7ac677|rpc:10.1.0.31:44127|dataStream:|priority:1|startupRole:FOLLOWER, c444494d-3849-481c-b3bb-cf4c6642ac3d|rpc:10.1.0.31:35699|dataStream:|priority:0|startupRole:FOLLOWER]|listeners:[], old=null, confs=<EMPTY_MAP>
2022-12-08 06:44:02,739 [pool-186-thread-1] INFO  server.RaftServerConfigKeys (ConfUtils.java:logGet(46)) - raft.server.storage.dir = [/home/runner/work/ozone/ozone/hadoop-ozone/integration-test/target/test-dir/MiniOzoneClusterImpl-ddb91292-9bed-4e17-ad85-89bc7eecbd5e/datanode-5/data/ratis] (custom)
2022-12-08 06:44:02,739 [pool-186-thread-1] INFO  server.RaftServerConfigKeys (ConfUtils.java:logGet(46)) - raft.server.log.corruption.policy = EXCEPTION (default)
2022-12-08 06:44:02,739 [pool-186-thread-1] INFO  server.RaftServerConfigKeys (ConfUtils.java:logGet(46)) - raft.server.storage.free-space.min = 0MB (=0) (default)
2022-12-08 06:44:02,744 [pool-186-thread-1] INFO  server.RaftServerConfigKeys (ConfUtils.java:logGet(46)) - raft.server.notification.no-leader.timeout = 300s (custom)
2022-12-08 06:44:02,744 [pool-186-thread-1] INFO  server.RaftServerConfigKeys (ConfUtils.java:logGet(46)) - raft.server.retrycache.expirytime = 600000ms (custom)
2022-12-08 06:44:02,744 [pool-186-thread-1] INFO  server.RaftServerConfigKeys (ConfUtils.java:logGet(46)) - raft.server.retrycache.statistics.expirytime = 100μs (default)
2022-12-08 06:44:02,752 [pool-186-thread-1] INFO  server.RaftServerConfigKeys (ConfUtils.java:logGet(46)) - raft.server.log.appender.install.snapshot.enabled = false (custom)
2022-12-08 06:44:02,752 [pool-186-thread-1] INFO  server.RaftServerConfigKeys (ConfUtils.java:logGet(46)) - raft.server.threadpool.server.cached = true (default)
2022-12-08 06:44:02,752 [pool-186-thread-1] INFO  server.RaftServerConfigKeys (ConfUtils.java:logGet(46)) - raft.server.threadpool.server.size = 0 (default)
2022-12-08 06:44:02,752 [pool-186-thread-1] INFO  server.RaftServerConfigKeys (ConfUtils.java:logGet(46)) - raft.server.threadpool.client.cached = true (default)
2022-12-08 06:44:02,752 [pool-186-thread-1] INFO  server.RaftServerConfigKeys (ConfUtils.java:logGet(46)) - raft.server.threadpool.client.size = 0 (default)
2022-12-08 06:44:02,752 [pool-186-thread-1] INFO  storage.RaftStorageDirectory (RaftStorageDirectoryImpl.java:analyzeStorage(137)) - The storage directory /home/runner/work/ozone/ozone/hadoop-ozone/integration-test/target/test-dir/MiniOzoneClusterImpl-ddb91292-9bed-4e17-ad85-89bc7eecbd5e/datanode-5/data/ratis/bcbed481-32d9-442b-be80-c00d2eda4d5c does not exist. Creating ...
2022-12-08 06:44:02,753 [pool-186-thread-1] INFO  storage.RaftStorageDirectory (RaftStorageDirectoryImpl.java:tryLock(231)) - Lock on /home/runner/work/ozone/ozone/hadoop-ozone/integration-test/target/test-dir/MiniOzoneClusterImpl-ddb91292-9bed-4e17-ad85-89bc7eecbd5e/datanode-5/data/ratis/bcbed481-32d9-442b-be80-c00d2eda4d5c/in_use.lock acquired by nodename 13321@fv-az205-634
2022-12-08 06:44:02,753 [Command processor thread] INFO  commandhandler.CreatePipelineCommandHandler (CreatePipelineCommandHandler.java:handle(113)) - Created Pipeline RATIS THREE PipelineID=fda957eb-4a9a-4296-9a06-0d65db5cdad5.
2022-12-08 06:44:02,755 [pool-186-thread-1] INFO  storage.RaftStorage (RaftStorageImpl.java:format(96)) - Storage directory /home/runner/work/ozone/ozone/hadoop-ozone/integration-test/target/test-dir/MiniOzoneClusterImpl-ddb91292-9bed-4e17-ad85-89bc7eecbd5e/datanode-5/data/ratis/bcbed481-32d9-442b-be80-c00d2eda4d5c has been successfully formatted.
2022-12-08 06:44:02,762 [pool-186-thread-1] INFO  ratis.ContainerStateMachine (ContainerStateMachine.java:loadSnapshot(236)) - group-C00D2EDA4D5C: The snapshot info is null. Setting the last applied indexto:(t:0, i:~)
2022-12-08 06:44:02,762 [pool-186-thread-1] INFO  server.RaftServerConfigKeys (ConfUtils.java:logGet(46)) - raft.server.log.use.memory = false (default)
2022-12-08 06:44:02,762 [pool-186-thread-1] INFO  server.RaftServerConfigKeys (ConfUtils.java:logGet(46)) - raft.server.log.purge.gap = 1000000 (custom)
2022-12-08 06:44:02,762 [pool-186-thread-1] INFO  server.RaftServerConfigKeys (ConfUtils.java:logGet(46)) - raft.server.log.appender.buffer.byte-limit = 33554432 (custom)
2022-12-08 06:44:02,762 [pool-186-thread-1] INFO  server.RaftServerConfigKeys (ConfUtils.java:logGet(46)) - raft.server.log.statemachine.data.read.timeout = 1000ms (default)
2022-12-08 06:44:02,762 [pool-186-thread-1] INFO  server.RaftServerConfigKeys (ConfUtils.java:logGet(46)) - raft.server.log.purge.preservation.log.num = 0 (default)
2022-12-08 06:44:02,762 [pool-186-thread-1] INFO  server.RaftServerConfigKeys (ConfUtils.java:logGet(46)) - raft.server.log.segment.size.max = 1048576 (custom)
2022-12-08 06:44:02,763 [pool-186-thread-1] INFO  server.RaftServerConfigKeys (ConfUtils.java:logGet(46)) - raft.server.log.segment.cache.num.max = 2 (custom)
2022-12-08 06:44:02,763 [pool-186-thread-1] INFO  server.RaftServerConfigKeys (ConfUtils.java:logGet(46)) - raft.server.log.segment.cache.size.max = 200MB (=209715200) (default)
2022-12-08 06:44:02,763 [pool-186-thread-1] INFO  segmented.SegmentedRaftLogWorker (SegmentedRaftLogWorker.java:<init>(189)) - new 1fff60e7-d385-4380-9228-9acb2b7ac677@group-C00D2EDA4D5C-SegmentedRaftLogWorker for RaftStorageImpl:Storage Directory /home/runner/work/ozone/ozone/hadoop-ozone/integration-test/target/test-dir/MiniOzoneClusterImpl-ddb91292-9bed-4e17-ad85-89bc7eecbd5e/datanode-5/data/ratis/bcbed481-32d9-442b-be80-c00d2eda4d5c
2022-12-08 06:44:02,763 [pool-186-thread-1] INFO  server.RaftServerConfigKeys (ConfUtils.java:logGet(46)) - raft.server.log.queue.byte-limit = 4294967296 (custom)
2022-12-08 06:44:02,763 [pool-186-thread-1] INFO  server.RaftServerConfigKeys (ConfUtils.java:logGet(46)) - raft.server.log.queue.element-limit = 1024 (custom)
2022-12-08 06:44:02,763 [pool-186-thread-1] INFO  server.RaftServerConfigKeys (ConfUtils.java:logGet(46)) - raft.server.log.segment.size.max = 1048576 (custom)
2022-12-08 06:44:02,763 [pool-186-thread-1] INFO  server.RaftServerConfigKeys (ConfUtils.java:logGet(46)) - raft.server.log.preallocated.size = 16384 (custom)
2022-12-08 06:44:02,763 [pool-186-thread-1] INFO  server.RaftServerConfigKeys (ConfUtils.java:logGet(46)) - raft.server.log.force.sync.num = 128 (default)
2022-12-08 06:44:02,763 [pool-186-thread-1] INFO  server.RaftServerConfigKeys (ConfUtils.java:logGet(46)) - raft.server.log.statemachine.data.sync = true (default)
2022-12-08 06:44:02,763 [pool-186-thread-1] INFO  server.RaftServerConfigKeys (ConfUtils.java:logGet(46)) - raft.server.log.statemachine.data.sync.timeout = 10s (default)
2022-12-08 06:44:02,763 [pool-186-thread-1] INFO  server.RaftServerConfigKeys (ConfUtils.java:logGet(46)) - raft.server.log.statemachine.data.sync.timeout.retry = -1 (default)
2022-12-08 06:44:02,764 [pool-186-thread-1] INFO  server.RaftServerConfigKeys (ConfUtils.java:logGet(46)) - raft.server.log.write.buffer.size = 1048576 (custom)
2022-12-08 06:44:02,764 [pool-186-thread-1] INFO  server.RaftServerConfigKeys (ConfUtils.java:logGet(46)) - raft.server.log.appender.buffer.byte-limit = 33554432 (custom)
2022-12-08 06:44:02,768 [pool-186-thread-1] INFO  server.RaftServerConfigKeys (ConfUtils.java:logGet(46)) - raft.server.log.unsafe-flush.enabled = false (default)
2022-12-08 06:44:02,770 [pool-186-thread-1] INFO  server.RaftServerConfigKeys (ConfUtils.java:logGet(46)) - raft.server.log.async-flush.enabled = false (default)
2022-12-08 06:44:02,770 [pool-186-thread-1] INFO  server.RaftServerConfigKeys (ConfUtils.java:logGet(46)) - raft.server.log.statemachine.data.caching.enabled = true (custom)
2022-12-08 06:44:02,771 [pool-186-thread-1] INFO  segmented.SegmentedRaftLogWorker (SegmentedRaftLogWorker.java:lambda$new$0(135)) - 1fff60e7-d385-4380-9228-9acb2b7ac677@group-C00D2EDA4D5C-SegmentedRaftLogWorker: flushIndex: setUnconditionally 0 -> -1
2022-12-08 06:44:02,771 [pool-186-thread-1] INFO  segmented.SegmentedRaftLogWorker (SegmentedRaftLogWorker.java:lambda$new$0(135)) - 1fff60e7-d385-4380-9228-9acb2b7ac677@group-C00D2EDA4D5C-SegmentedRaftLogWorker: safeCacheEvictIndex: setUnconditionally 0 -> -1
2022-12-08 06:44:02,771 [pool-186-thread-1] INFO  server.RaftServer$Division (RaftServerImpl.java:start(334)) - 1fff60e7-d385-4380-9228-9acb2b7ac677@group-C00D2EDA4D5C: start as a follower, conf=-1: peers:[1c8923d8-6a71-498a-a002-ede96d851d5f|rpc:10.1.0.31:46793|dataStream:|priority:0|startupRole:FOLLOWER, 1fff60e7-d385-4380-9228-9acb2b7ac677|rpc:10.1.0.31:44127|dataStream:|priority:1|startupRole:FOLLOWER, c444494d-3849-481c-b3bb-cf4c6642ac3d|rpc:10.1.0.31:35699|dataStream:|priority:0|startupRole:FOLLOWER]|listeners:[], old=null
2022-12-08 06:44:02,771 [pool-186-thread-1] INFO  server.RaftServer$Division (RaftServerImpl.java:setRole(321)) - 1fff60e7-d385-4380-9228-9acb2b7ac677@group-C00D2EDA4D5C: changes role from      null to FOLLOWER at term 0 for startAsFollower
2022-12-08 06:44:02,771 [pool-186-thread-1] INFO  impl.RoleInfo (RoleInfo.java:updateAndGet(139)) - 1fff60e7-d385-4380-9228-9acb2b7ac677: start 1fff60e7-d385-4380-9228-9acb2b7ac677@group-C00D2EDA4D5C-FollowerState
2022-12-08 06:44:02,771 [pool-186-thread-1] INFO  util.JmxRegister (JmxRegister.java:tryRegister(44)) - Successfully registered JMX Bean with object name Ratis:service=RaftServer,group=group-C00D2EDA4D5C,id=1fff60e7-d385-4380-9228-9acb2b7ac677
2022-12-08 06:44:02,771 [pool-186-thread-1] INFO  server.RaftServerConfigKeys (ConfUtils.java:logGet(46)) - raft.server.snapshot.auto.trigger.enabled = true (custom)
2022-12-08 06:44:02,771 [pool-186-thread-1] INFO  server.RaftServerConfigKeys (ConfUtils.java:logGet(46)) - raft.server.snapshot.auto.trigger.threshold = 10000 (custom)
2022-12-08 06:44:02,771 [pool-186-thread-1] INFO  server.RaftServerConfigKeys (ConfUtils.java:logGet(46)) - raft.server.snapshot.retention.file.num = 5 (custom)
2022-12-08 06:44:02,771 [pool-186-thread-1] INFO  server.RaftServerConfigKeys (ConfUtils.java:logGet(46)) - raft.server.log.purge.upto.snapshot.index = false (default)
2022-12-08 06:44:02,772 [1fff60e7-d385-4380-9228-9acb2b7ac677@group-C00D2EDA4D5C-FollowerState] INFO  server.RaftServerConfigKeys (ConfUtils.java:logFallback(53)) - raft.server.rpc.first-election.timeout.min = 5s (fallback to raft.server.rpc.timeout.min)
2022-12-08 06:44:02,772 [EventQueue-CommandQueueReportForCommandQueueReportHandler] WARN  events.EventQueue (EventQueue.java:fireEvent(216)) - No event handler registered for event TypedEvent{payloadType=DatanodeDetails, name='Datanode_Command_Queue_Updated'}
2022-12-08 06:44:02,776 [1fff60e7-d385-4380-9228-9acb2b7ac677@group-C00D2EDA4D5C-FollowerState] INFO  server.RaftServerConfigKeys (ConfUtils.java:logFallback(53)) - raft.server.rpc.first-election.timeout.max = 5200ms (fallback to raft.server.rpc.timeout.max)
2022-12-08 06:44:02,795 [grpc-default-executor-1] INFO  server.RaftServer (RaftServerProxy.java:addNew(96)) - c444494d-3849-481c-b3bb-cf4c6642ac3d: addNew group-C00D2EDA4D5C:[1c8923d8-6a71-498a-a002-ede96d851d5f|rpc:10.1.0.31:46793|dataStream:|priority:0|startupRole:FOLLOWER, 1fff60e7-d385-4380-9228-9acb2b7ac677|rpc:10.1.0.31:44127|dataStream:|priority:1|startupRole:FOLLOWER, c444494d-3849-481c-b3bb-cf4c6642ac3d|rpc:10.1.0.31:35699|dataStream:|priority:0|startupRole:FOLLOWER] returns group-C00D2EDA4D5C:java.util.concurrent.CompletableFuture@32517718[Not completed]
2022-12-08 06:44:02,798 [pool-163-thread-1] INFO  server.RaftServer$Division (RaftServerImpl.java:<init>(195)) - c444494d-3849-481c-b3bb-cf4c6642ac3d: new RaftServerImpl for group-C00D2EDA4D5C:[1c8923d8-6a71-498a-a002-ede96d851d5f|rpc:10.1.0.31:46793|dataStream:|priority:0|startupRole:FOLLOWER, 1fff60e7-d385-4380-9228-9acb2b7ac677|rpc:10.1.0.31:44127|dataStream:|priority:1|startupRole:FOLLOWER, c444494d-3849-481c-b3bb-cf4c6642ac3d|rpc:10.1.0.31:35699|dataStream:|priority:0|startupRole:FOLLOWER] with ContainerStateMachine:uninitialized
2022-12-08 06:44:02,798 [pool-163-thread-1] INFO  server.RaftServerConfigKeys (ConfUtils.java:logGet(46)) - raft.server.rpc.timeout.min = 5s (custom)
2022-12-08 06:44:02,798 [pool-163-thread-1] INFO  server.RaftServerConfigKeys (ConfUtils.java:logGet(46)) - raft.server.rpc.timeout.max = 5200ms (custom)
2022-12-08 06:44:02,798 [pool-163-thread-1] INFO  server.RaftServerConfigKeys (ConfUtils.java:logGet(46)) - raft.server.rpc.sleep.time = 25ms (default)
2022-12-08 06:44:02,798 [pool-163-thread-1] INFO  server.RaftServerConfigKeys (ConfUtils.java:logGet(46)) - raft.server.rpc.slowness.timeout = 300s (custom)
2022-12-08 06:44:02,798 [pool-163-thread-1] INFO  server.RaftServerConfigKeys (ConfUtils.java:logGet(46)) - raft.server.leaderelection.leader.step-down.wait-time = 10s (default)
2022-12-08 06:44:02,798 [pool-163-thread-1] INFO  server.RaftServerConfigKeys (ConfUtils.java:logGet(46)) - raft.server.sleep.deviation.threshold = 300ms (default)
2022-12-08 06:44:02,800 [pool-163-thread-1] INFO  server.RaftServer$Division (ServerState.java:<init>(118)) - c444494d-3849-481c-b3bb-cf4c6642ac3d@group-C00D2EDA4D5C: ConfigurationManager, init=-1: peers:[1c8923d8-6a71-498a-a002-ede96d851d5f|rpc:10.1.0.31:46793|dataStream:|priority:0|startupRole:FOLLOWER, 1fff60e7-d385-4380-9228-9acb2b7ac677|rpc:10.1.0.31:44127|dataStream:|priority:1|startupRole:FOLLOWER, c444494d-3849-481c-b3bb-cf4c6642ac3d|rpc:10.1.0.31:35699|dataStream:|priority:0|startupRole:FOLLOWER]|listeners:[], old=null, confs=<EMPTY_MAP>
2022-12-08 06:44:02,800 [pool-163-thread-1] INFO  server.RaftServerConfigKeys (ConfUtils.java:logGet(46)) - raft.server.storage.dir = [/home/runner/work/ozone/ozone/hadoop-ozone/integration-test/target/test-dir/MiniOzoneClusterImpl-ddb91292-9bed-4e17-ad85-89bc7eecbd5e/datanode-4/data/ratis] (custom)
2022-12-08 06:44:02,800 [pool-163-thread-1] INFO  server.RaftServerConfigKeys (ConfUtils.java:logGet(46)) - raft.server.log.corruption.policy = EXCEPTION (default)
2022-12-08 06:44:02,800 [pool-163-thread-1] INFO  server.RaftServerConfigKeys (ConfUtils.java:logGet(46)) - raft.server.storage.free-space.min = 0MB (=0) (default)
2022-12-08 06:44:02,800 [pool-163-thread-1] INFO  server.RaftServerConfigKeys (ConfUtils.java:logGet(46)) - raft.server.notification.no-leader.timeout = 300s (custom)
2022-12-08 06:44:02,800 [pool-163-thread-1] INFO  server.RaftServerConfigKeys (ConfUtils.java:logGet(46)) - raft.server.retrycache.expirytime = 600000ms (custom)
2022-12-08 06:44:02,800 [pool-163-thread-1] INFO  server.RaftServerConfigKeys (ConfUtils.java:logGet(46)) - raft.server.retrycache.statistics.expirytime = 100μs (default)
2022-12-08 06:44:02,803 [pool-163-thread-1] INFO  server.RaftServerConfigKeys (ConfUtils.java:logGet(46)) - raft.server.log.appender.install.snapshot.enabled = false (custom)
2022-12-08 06:44:02,803 [pool-163-thread-1] INFO  server.RaftServerConfigKeys (ConfUtils.java:logGet(46)) - raft.server.threadpool.server.cached = true (default)
2022-12-08 06:44:02,803 [pool-163-thread-1] INFO  server.RaftServerConfigKeys (ConfUtils.java:logGet(46)) - raft.server.threadpool.server.size = 0 (default)
2022-12-08 06:44:02,803 [pool-163-thread-1] INFO  server.RaftServerConfigKeys (ConfUtils.java:logGet(46)) - raft.server.threadpool.client.cached = true (default)
2022-12-08 06:44:02,803 [pool-163-thread-1] INFO  server.RaftServerConfigKeys (ConfUtils.java:logGet(46)) - raft.server.threadpool.client.size = 0 (default)
2022-12-08 06:44:02,803 [pool-163-thread-1] INFO  storage.RaftStorageDirectory (RaftStorageDirectoryImpl.java:analyzeStorage(137)) - The storage directory /home/runner/work/ozone/ozone/hadoop-ozone/integration-test/target/test-dir/MiniOzoneClusterImpl-ddb91292-9bed-4e17-ad85-89bc7eecbd5e/datanode-4/data/ratis/bcbed481-32d9-442b-be80-c00d2eda4d5c does not exist. Creating ...
2022-12-08 06:44:02,804 [pool-163-thread-1] INFO  storage.RaftStorageDirectory (RaftStorageDirectoryImpl.java:tryLock(231)) - Lock on /home/runner/work/ozone/ozone/hadoop-ozone/integration-test/target/test-dir/MiniOzoneClusterImpl-ddb91292-9bed-4e17-ad85-89bc7eecbd5e/datanode-4/data/ratis/bcbed481-32d9-442b-be80-c00d2eda4d5c/in_use.lock acquired by nodename 13321@fv-az205-634
2022-12-08 06:44:02,806 [pool-163-thread-1] INFO  storage.RaftStorage (RaftStorageImpl.java:format(96)) - Storage directory /home/runner/work/ozone/ozone/hadoop-ozone/integration-test/target/test-dir/MiniOzoneClusterImpl-ddb91292-9bed-4e17-ad85-89bc7eecbd5e/datanode-4/data/ratis/bcbed481-32d9-442b-be80-c00d2eda4d5c has been successfully formatted.
2022-12-08 06:44:02,807 [pool-163-thread-1] INFO  ratis.ContainerStateMachine (ContainerStateMachine.java:loadSnapshot(236)) - group-C00D2EDA4D5C: The snapshot info is null. Setting the last applied indexto:(t:0, i:~)
2022-12-08 06:44:02,807 [pool-163-thread-1] INFO  server.RaftServerConfigKeys (ConfUtils.java:logGet(46)) - raft.server.log.use.memory = false (default)
2022-12-08 06:44:02,807 [pool-163-thread-1] INFO  server.RaftServerConfigKeys (ConfUtils.java:logGet(46)) - raft.server.log.purge.gap = 1000000 (custom)
2022-12-08 06:44:02,807 [pool-163-thread-1] INFO  server.RaftServerConfigKeys (ConfUtils.java:logGet(46)) - raft.server.log.appender.buffer.byte-limit = 33554432 (custom)
2022-12-08 06:44:02,807 [pool-163-thread-1] INFO  server.RaftServerConfigKeys (ConfUtils.java:logGet(46)) - raft.server.log.statemachine.data.read.timeout = 1000ms (default)
2022-12-08 06:44:02,807 [pool-163-thread-1] INFO  server.RaftServerConfigKeys (ConfUtils.java:logGet(46)) - raft.server.log.purge.preservation.log.num = 0 (default)
2022-12-08 06:44:02,807 [pool-163-thread-1] INFO  server.RaftServerConfigKeys (ConfUtils.java:logGet(46)) - raft.server.log.segment.size.max = 1048576 (custom)
2022-12-08 06:44:02,809 [pool-163-thread-1] INFO  server.RaftServerConfigKeys (ConfUtils.java:logGet(46)) - raft.server.log.segment.cache.num.max = 2 (custom)
2022-12-08 06:44:02,809 [pool-163-thread-1] INFO  server.RaftServerConfigKeys (ConfUtils.java:logGet(46)) - raft.server.log.segment.cache.size.max = 200MB (=209715200) (default)
2022-12-08 06:44:02,809 [pool-163-thread-1] INFO  segmented.SegmentedRaftLogWorker (SegmentedRaftLogWorker.java:<init>(189)) - new c444494d-3849-481c-b3bb-cf4c6642ac3d@group-C00D2EDA4D5C-SegmentedRaftLogWorker for RaftStorageImpl:Storage Directory /home/runner/work/ozone/ozone/hadoop-ozone/integration-test/target/test-dir/MiniOzoneClusterImpl-ddb91292-9bed-4e17-ad85-89bc7eecbd5e/datanode-4/data/ratis/bcbed481-32d9-442b-be80-c00d2eda4d5c
2022-12-08 06:44:02,809 [pool-163-thread-1] INFO  server.RaftServerConfigKeys (ConfUtils.java:logGet(46)) - raft.server.log.queue.byte-limit = 4294967296 (custom)
2022-12-08 06:44:02,809 [pool-163-thread-1] INFO  server.RaftServerConfigKeys (ConfUtils.java:logGet(46)) - raft.server.log.queue.element-limit = 1024 (custom)
2022-12-08 06:44:02,809 [pool-163-thread-1] INFO  server.RaftServerConfigKeys (ConfUtils.java:logGet(46)) - raft.server.log.segment.size.max = 1048576 (custom)
2022-12-08 06:44:02,809 [pool-163-thread-1] INFO  server.RaftServerConfigKeys (ConfUtils.java:logGet(46)) - raft.server.log.preallocated.size = 16384 (custom)
2022-12-08 06:44:02,809 [pool-163-thread-1] INFO  server.RaftServerConfigKeys (ConfUtils.java:logGet(46)) - raft.server.log.force.sync.num = 128 (default)
2022-12-08 06:44:02,809 [pool-163-thread-1] INFO  server.RaftServerConfigKeys (ConfUtils.java:logGet(46)) - raft.server.log.statemachine.data.sync = true (default)
2022-12-08 06:44:02,810 [pool-163-thread-1] INFO  server.RaftServerConfigKeys (ConfUtils.java:logGet(46)) - raft.server.log.statemachine.data.sync.timeout = 10s (default)
2022-12-08 06:44:02,810 [pool-163-thread-1] INFO  server.RaftServerConfigKeys (ConfUtils.java:logGet(46)) - raft.server.log.statemachine.data.sync.timeout.retry = -1 (default)
2022-12-08 06:44:02,810 [EventQueue-CommandQueueReportForCommandQueueReportHandler] WARN  events.EventQueue (EventQueue.java:fireEvent(216)) - No event handler registered for event TypedEvent{payloadType=DatanodeDetails, name='Datanode_Command_Queue_Updated'}
2022-12-08 06:44:02,816 [pool-163-thread-1] INFO  server.RaftServerConfigKeys (ConfUtils.java:logGet(46)) - raft.server.log.write.buffer.size = 1048576 (custom)
2022-12-08 06:44:02,817 [pool-163-thread-1] INFO  server.RaftServerConfigKeys (ConfUtils.java:logGet(46)) - raft.server.log.appender.buffer.byte-limit = 33554432 (custom)
2022-12-08 06:44:02,821 [pool-163-thread-1] INFO  server.RaftServerConfigKeys (ConfUtils.java:logGet(46)) - raft.server.log.unsafe-flush.enabled = false (default)
2022-12-08 06:44:02,821 [pool-163-thread-1] INFO  server.RaftServerConfigKeys (ConfUtils.java:logGet(46)) - raft.server.log.async-flush.enabled = false (default)
2022-12-08 06:44:02,821 [pool-163-thread-1] INFO  server.RaftServerConfigKeys (ConfUtils.java:logGet(46)) - raft.server.log.statemachine.data.caching.enabled = true (custom)
2022-12-08 06:44:02,821 [pool-163-thread-1] INFO  segmented.SegmentedRaftLogWorker (SegmentedRaftLogWorker.java:lambda$new$0(135)) - c444494d-3849-481c-b3bb-cf4c6642ac3d@group-C00D2EDA4D5C-SegmentedRaftLogWorker: flushIndex: setUnconditionally 0 -> -1
2022-12-08 06:44:02,821 [pool-163-thread-1] INFO  segmented.SegmentedRaftLogWorker (SegmentedRaftLogWorker.java:lambda$new$0(135)) - c444494d-3849-481c-b3bb-cf4c6642ac3d@group-C00D2EDA4D5C-SegmentedRaftLogWorker: safeCacheEvictIndex: setUnconditionally 0 -> -1
2022-12-08 06:44:02,822 [pool-163-thread-1] INFO  server.RaftServer$Division (RaftServerImpl.java:start(334)) - c444494d-3849-481c-b3bb-cf4c6642ac3d@group-C00D2EDA4D5C: start as a follower, conf=-1: peers:[1c8923d8-6a71-498a-a002-ede96d851d5f|rpc:10.1.0.31:46793|dataStream:|priority:0|startupRole:FOLLOWER, 1fff60e7-d385-4380-9228-9acb2b7ac677|rpc:10.1.0.31:44127|dataStream:|priority:1|startupRole:FOLLOWER, c444494d-3849-481c-b3bb-cf4c6642ac3d|rpc:10.1.0.31:35699|dataStream:|priority:0|startupRole:FOLLOWER]|listeners:[], old=null
2022-12-08 06:44:02,822 [pool-163-thread-1] INFO  server.RaftServer$Division (RaftServerImpl.java:setRole(321)) - c444494d-3849-481c-b3bb-cf4c6642ac3d@group-C00D2EDA4D5C: changes role from      null to FOLLOWER at term 0 for startAsFollower
2022-12-08 06:44:02,822 [pool-163-thread-1] INFO  impl.RoleInfo (RoleInfo.java:updateAndGet(139)) - c444494d-3849-481c-b3bb-cf4c6642ac3d: start c444494d-3849-481c-b3bb-cf4c6642ac3d@group-C00D2EDA4D5C-FollowerState
2022-12-08 06:44:02,823 [pool-163-thread-1] INFO  util.JmxRegister (JmxRegister.java:tryRegister(44)) - Successfully registered JMX Bean with object name Ratis:service=RaftServer,group=group-C00D2EDA4D5C,id=c444494d-3849-481c-b3bb-cf4c6642ac3d
2022-12-08 06:44:02,823 [pool-163-thread-1] INFO  server.RaftServerConfigKeys (ConfUtils.java:logGet(46)) - raft.server.snapshot.auto.trigger.enabled = true (custom)
2022-12-08 06:44:02,823 [pool-163-thread-1] INFO  server.RaftServerConfigKeys (ConfUtils.java:logGet(46)) - raft.server.snapshot.auto.trigger.threshold = 10000 (custom)
2022-12-08 06:44:02,823 [pool-163-thread-1] INFO  server.RaftServerConfigKeys (ConfUtils.java:logGet(46)) - raft.server.snapshot.retention.file.num = 5 (custom)
2022-12-08 06:44:02,823 [pool-163-thread-1] INFO  server.RaftServerConfigKeys (ConfUtils.java:logGet(46)) - raft.server.log.purge.upto.snapshot.index = false (default)
2022-12-08 06:44:02,824 [c444494d-3849-481c-b3bb-cf4c6642ac3d@group-C00D2EDA4D5C-FollowerState] INFO  server.RaftServerConfigKeys (ConfUtils.java:logFallback(53)) - raft.server.rpc.first-election.timeout.min = 5s (fallback to raft.server.rpc.timeout.min)
2022-12-08 06:44:02,833 [c444494d-3849-481c-b3bb-cf4c6642ac3d@group-C00D2EDA4D5C-FollowerState] INFO  server.RaftServerConfigKeys (ConfUtils.java:logFallback(53)) - raft.server.rpc.first-election.timeout.max = 5200ms (fallback to raft.server.rpc.timeout.max)
2022-12-08 06:44:02,842 [Command processor thread] INFO  commandhandler.CreatePipelineCommandHandler (CreatePipelineCommandHandler.java:handle(113)) - Created Pipeline RATIS THREE PipelineID=bcbed481-32d9-442b-be80-c00d2eda4d5c.
2022-12-08 06:44:02,843 [Command processor thread] INFO  server.RaftServer (RaftServerProxy.java:addNew(96)) - 1c8923d8-6a71-498a-a002-ede96d851d5f: addNew group-7F2F2309DA0D:[1c8923d8-6a71-498a-a002-ede96d851d5f|rpc:10.1.0.31:46793|priority:0|startupRole:FOLLOWER, 1fff60e7-d385-4380-9228-9acb2b7ac677|rpc:10.1.0.31:44127|priority:0|startupRole:FOLLOWER, c444494d-3849-481c-b3bb-cf4c6642ac3d|rpc:10.1.0.31:35699|priority:1|startupRole:FOLLOWER] returns group-7F2F2309DA0D:java.util.concurrent.CompletableFuture@1cfc817c[Not completed]
2022-12-08 06:44:02,844 [pool-140-thread-1] INFO  server.RaftServer$Division (RaftServerImpl.java:<init>(195)) - 1c8923d8-6a71-498a-a002-ede96d851d5f: new RaftServerImpl for group-7F2F2309DA0D:[1c8923d8-6a71-498a-a002-ede96d851d5f|rpc:10.1.0.31:46793|priority:0|startupRole:FOLLOWER, 1fff60e7-d385-4380-9228-9acb2b7ac677|rpc:10.1.0.31:44127|priority:0|startupRole:FOLLOWER, c444494d-3849-481c-b3bb-cf4c6642ac3d|rpc:10.1.0.31:35699|priority:1|startupRole:FOLLOWER] with ContainerStateMachine:uninitialized
2022-12-08 06:44:02,844 [pool-140-thread-1] INFO  server.RaftServerConfigKeys (ConfUtils.java:logGet(46)) - raft.server.rpc.timeout.min = 5s (custom)
2022-12-08 06:44:02,844 [pool-140-thread-1] INFO  server.RaftServerConfigKeys (ConfUtils.java:logGet(46)) - raft.server.rpc.timeout.max = 5200ms (custom)
2022-12-08 06:44:02,844 [pool-140-thread-1] INFO  server.RaftServerConfigKeys (ConfUtils.java:logGet(46)) - raft.server.rpc.sleep.time = 25ms (default)
2022-12-08 06:44:02,844 [pool-140-thread-1] INFO  server.RaftServerConfigKeys (ConfUtils.java:logGet(46)) - raft.server.rpc.slowness.timeout = 300s (custom)
2022-12-08 06:44:02,844 [pool-140-thread-1] INFO  server.RaftServerConfigKeys (ConfUtils.java:logGet(46)) - raft.server.leaderelection.leader.step-down.wait-time = 10s (default)
2022-12-08 06:44:02,844 [pool-140-thread-1] INFO  server.RaftServerConfigKeys (ConfUtils.java:logGet(46)) - raft.server.sleep.deviation.threshold = 300ms (default)
2022-12-08 06:44:02,844 [pool-140-thread-1] INFO  server.RaftServer$Division (ServerState.java:<init>(118)) - 1c8923d8-6a71-498a-a002-ede96d851d5f@group-7F2F2309DA0D: ConfigurationManager, init=-1: peers:[1c8923d8-6a71-498a-a002-ede96d851d5f|rpc:10.1.0.31:46793|priority:0|startupRole:FOLLOWER, 1fff60e7-d385-4380-9228-9acb2b7ac677|rpc:10.1.0.31:44127|priority:0|startupRole:FOLLOWER, c444494d-3849-481c-b3bb-cf4c6642ac3d|rpc:10.1.0.31:35699|priority:1|startupRole:FOLLOWER]|listeners:[], old=null, confs=<EMPTY_MAP>
2022-12-08 06:44:02,844 [pool-140-thread-1] INFO  server.RaftServerConfigKeys (ConfUtils.java:logGet(46)) - raft.server.storage.dir = [/home/runner/work/ozone/ozone/hadoop-ozone/integration-test/target/test-dir/MiniOzoneClusterImpl-ddb91292-9bed-4e17-ad85-89bc7eecbd5e/datanode-3/data/ratis] (custom)
2022-12-08 06:44:02,844 [pool-140-thread-1] INFO  server.RaftServerConfigKeys (ConfUtils.java:logGet(46)) - raft.server.log.corruption.policy = EXCEPTION (default)
2022-12-08 06:44:02,844 [pool-140-thread-1] INFO  server.RaftServerConfigKeys (ConfUtils.java:logGet(46)) - raft.server.storage.free-space.min = 0MB (=0) (default)
2022-12-08 06:44:02,844 [pool-140-thread-1] INFO  server.RaftServerConfigKeys (ConfUtils.java:logGet(46)) - raft.server.notification.no-leader.timeout = 300s (custom)
2022-12-08 06:44:02,845 [pool-140-thread-1] INFO  server.RaftServerConfigKeys (ConfUtils.java:logGet(46)) - raft.server.retrycache.expirytime = 600000ms (custom)
2022-12-08 06:44:02,845 [pool-140-thread-1] INFO  server.RaftServerConfigKeys (ConfUtils.java:logGet(46)) - raft.server.retrycache.statistics.expirytime = 100μs (default)
2022-12-08 06:44:02,846 [pool-140-thread-1] INFO  server.RaftServerConfigKeys (ConfUtils.java:logGet(46)) - raft.server.log.appender.install.snapshot.enabled = false (custom)
2022-12-08 06:44:02,846 [pool-140-thread-1] INFO  server.RaftServerConfigKeys (ConfUtils.java:logGet(46)) - raft.server.threadpool.server.cached = true (default)
2022-12-08 06:44:02,846 [pool-140-thread-1] INFO  server.RaftServerConfigKeys (ConfUtils.java:logGet(46)) - raft.server.threadpool.server.size = 0 (default)
2022-12-08 06:44:02,846 [pool-140-thread-1] INFO  server.RaftServerConfigKeys (ConfUtils.java:logGet(46)) - raft.server.threadpool.client.cached = true (default)
2022-12-08 06:44:02,846 [pool-140-thread-1] INFO  server.RaftServerConfigKeys (ConfUtils.java:logGet(46)) - raft.server.threadpool.client.size = 0 (default)
2022-12-08 06:44:02,846 [pool-140-thread-1] INFO  storage.RaftStorageDirectory (RaftStorageDirectoryImpl.java:analyzeStorage(137)) - The storage directory /home/runner/work/ozone/ozone/hadoop-ozone/integration-test/target/test-dir/MiniOzoneClusterImpl-ddb91292-9bed-4e17-ad85-89bc7eecbd5e/datanode-3/data/ratis/a823be0c-8ba7-4989-8fd2-7f2f2309da0d does not exist. Creating ...
2022-12-08 06:44:02,849 [pool-140-thread-1] INFO  storage.RaftStorageDirectory (RaftStorageDirectoryImpl.java:tryLock(231)) - Lock on /home/runner/work/ozone/ozone/hadoop-ozone/integration-test/target/test-dir/MiniOzoneClusterImpl-ddb91292-9bed-4e17-ad85-89bc7eecbd5e/datanode-3/data/ratis/a823be0c-8ba7-4989-8fd2-7f2f2309da0d/in_use.lock acquired by nodename 13321@fv-az205-634
2022-12-08 06:44:02,850 [pool-140-thread-1] INFO  storage.RaftStorage (RaftStorageImpl.java:format(96)) - Storage directory /home/runner/work/ozone/ozone/hadoop-ozone/integration-test/target/test-dir/MiniOzoneClusterImpl-ddb91292-9bed-4e17-ad85-89bc7eecbd5e/datanode-3/data/ratis/a823be0c-8ba7-4989-8fd2-7f2f2309da0d has been successfully formatted.
2022-12-08 06:44:02,854 [EventQueue-CommandQueueReportForCommandQueueReportHandler] WARN  events.EventQueue (EventQueue.java:fireEvent(216)) - No event handler registered for event TypedEvent{payloadType=DatanodeDetails, name='Datanode_Command_Queue_Updated'}
2022-12-08 06:44:02,855 [EventQueue-OpenPipelineForHealthyPipelineSafeModeRule] INFO  safemode.SCMSafeModeManager (HealthyPipelineSafeModeRule.java:process(137)) - SCM in safe mode. Healthy pipelines reported count is 0, required healthy pipeline reported count is 1
2022-12-08 06:44:02,856 [pool-140-thread-1] INFO  ratis.ContainerStateMachine (ContainerStateMachine.java:loadSnapshot(236)) - group-7F2F2309DA0D: The snapshot info is null. Setting the last applied indexto:(t:0, i:~)
2022-12-08 06:44:02,856 [pool-140-thread-1] INFO  server.RaftServerConfigKeys (ConfUtils.java:logGet(46)) - raft.server.log.use.memory = false (default)
2022-12-08 06:44:02,856 [pool-140-thread-1] INFO  server.RaftServerConfigKeys (ConfUtils.java:logGet(46)) - raft.server.log.purge.gap = 1000000 (custom)
2022-12-08 06:44:02,856 [pool-140-thread-1] INFO  server.RaftServerConfigKeys (ConfUtils.java:logGet(46)) - raft.server.log.appender.buffer.byte-limit = 33554432 (custom)
2022-12-08 06:44:02,856 [pool-140-thread-1] INFO  server.RaftServerConfigKeys (ConfUtils.java:logGet(46)) - raft.server.log.statemachine.data.read.timeout = 1000ms (default)
2022-12-08 06:44:02,856 [pool-140-thread-1] INFO  server.RaftServerConfigKeys (ConfUtils.java:logGet(46)) - raft.server.log.purge.preservation.log.num = 0 (default)
2022-12-08 06:44:02,857 [pool-140-thread-1] INFO  server.RaftServerConfigKeys (ConfUtils.java:logGet(46)) - raft.server.log.segment.size.max = 1048576 (custom)
2022-12-08 06:44:02,857 [pool-140-thread-1] INFO  server.RaftServerConfigKeys (ConfUtils.java:logGet(46)) - raft.server.log.segment.cache.num.max = 2 (custom)
2022-12-08 06:44:02,857 [pool-140-thread-1] INFO  server.RaftServerConfigKeys (ConfUtils.java:logGet(46)) - raft.server.log.segment.cache.size.max = 200MB (=209715200) (default)
2022-12-08 06:44:02,857 [pool-140-thread-1] INFO  segmented.SegmentedRaftLogWorker (SegmentedRaftLogWorker.java:<init>(189)) - new 1c8923d8-6a71-498a-a002-ede96d851d5f@group-7F2F2309DA0D-SegmentedRaftLogWorker for RaftStorageImpl:Storage Directory /home/runner/work/ozone/ozone/hadoop-ozone/integration-test/target/test-dir/MiniOzoneClusterImpl-ddb91292-9bed-4e17-ad85-89bc7eecbd5e/datanode-3/data/ratis/a823be0c-8ba7-4989-8fd2-7f2f2309da0d
2022-12-08 06:44:02,857 [pool-140-thread-1] INFO  server.RaftServerConfigKeys (ConfUtils.java:logGet(46)) - raft.server.log.queue.byte-limit = 4294967296 (custom)
2022-12-08 06:44:02,857 [pool-140-thread-1] INFO  server.RaftServerConfigKeys (ConfUtils.java:logGet(46)) - raft.server.log.queue.element-limit = 1024 (custom)
2022-12-08 06:44:02,857 [pool-140-thread-1] INFO  server.RaftServerConfigKeys (ConfUtils.java:logGet(46)) - raft.server.log.segment.size.max = 1048576 (custom)
2022-12-08 06:44:02,857 [pool-140-thread-1] INFO  server.RaftServerConfigKeys (ConfUtils.java:logGet(46)) - raft.server.log.preallocated.size = 16384 (custom)
2022-12-08 06:44:02,857 [pool-140-thread-1] INFO  server.RaftServerConfigKeys (ConfUtils.java:logGet(46)) - raft.server.log.force.sync.num = 128 (default)
2022-12-08 06:44:02,857 [pool-140-thread-1] INFO  server.RaftServerConfigKeys (ConfUtils.java:logGet(46)) - raft.server.log.statemachine.data.sync = true (default)
2022-12-08 06:44:02,857 [pool-140-thread-1] INFO  server.RaftServerConfigKeys (ConfUtils.java:logGet(46)) - raft.server.log.statemachine.data.sync.timeout = 10s (default)
2022-12-08 06:44:02,857 [pool-140-thread-1] INFO  server.RaftServerConfigKeys (ConfUtils.java:logGet(46)) - raft.server.log.statemachine.data.sync.timeout.retry = -1 (default)
2022-12-08 06:44:02,859 [pool-140-thread-1] INFO  server.RaftServerConfigKeys (ConfUtils.java:logGet(46)) - raft.server.log.write.buffer.size = 1048576 (custom)
2022-12-08 06:44:02,859 [pool-140-thread-1] INFO  server.RaftServerConfigKeys (ConfUtils.java:logGet(46)) - raft.server.log.appender.buffer.byte-limit = 33554432 (custom)
2022-12-08 06:44:02,862 [pool-140-thread-1] INFO  server.RaftServerConfigKeys (ConfUtils.java:logGet(46)) - raft.server.log.unsafe-flush.enabled = false (default)
2022-12-08 06:44:02,862 [pool-140-thread-1] INFO  server.RaftServerConfigKeys (ConfUtils.java:logGet(46)) - raft.server.log.async-flush.enabled = false (default)
2022-12-08 06:44:02,862 [pool-140-thread-1] INFO  server.RaftServerConfigKeys (ConfUtils.java:logGet(46)) - raft.server.log.statemachine.data.caching.enabled = true (custom)
2022-12-08 06:44:02,863 [pool-140-thread-1] INFO  segmented.SegmentedRaftLogWorker (SegmentedRaftLogWorker.java:lambda$new$0(135)) - 1c8923d8-6a71-498a-a002-ede96d851d5f@group-7F2F2309DA0D-SegmentedRaftLogWorker: flushIndex: setUnconditionally 0 -> -1
2022-12-08 06:44:02,863 [pool-140-thread-1] INFO  segmented.SegmentedRaftLogWorker (SegmentedRaftLogWorker.java:lambda$new$0(135)) - 1c8923d8-6a71-498a-a002-ede96d851d5f@group-7F2F2309DA0D-SegmentedRaftLogWorker: safeCacheEvictIndex: setUnconditionally 0 -> -1
2022-12-08 06:44:02,863 [pool-140-thread-1] INFO  server.RaftServer$Division (RaftServerImpl.java:start(334)) - 1c8923d8-6a71-498a-a002-ede96d851d5f@group-7F2F2309DA0D: start as a follower, conf=-1: peers:[1c8923d8-6a71-498a-a002-ede96d851d5f|rpc:10.1.0.31:46793|priority:0|startupRole:FOLLOWER, 1fff60e7-d385-4380-9228-9acb2b7ac677|rpc:10.1.0.31:44127|priority:0|startupRole:FOLLOWER, c444494d-3849-481c-b3bb-cf4c6642ac3d|rpc:10.1.0.31:35699|priority:1|startupRole:FOLLOWER]|listeners:[], old=null
2022-12-08 06:44:02,863 [pool-140-thread-1] INFO  server.RaftServer$Division (RaftServerImpl.java:setRole(321)) - 1c8923d8-6a71-498a-a002-ede96d851d5f@group-7F2F2309DA0D: changes role from      null to FOLLOWER at term 0 for startAsFollower
2022-12-08 06:44:02,863 [pool-140-thread-1] INFO  impl.RoleInfo (RoleInfo.java:updateAndGet(139)) - 1c8923d8-6a71-498a-a002-ede96d851d5f: start 1c8923d8-6a71-498a-a002-ede96d851d5f@group-7F2F2309DA0D-FollowerState
2022-12-08 06:44:02,864 [pool-140-thread-1] INFO  util.JmxRegister (JmxRegister.java:tryRegister(44)) - Successfully registered JMX Bean with object name Ratis:service=RaftServer,group=group-7F2F2309DA0D,id=1c8923d8-6a71-498a-a002-ede96d851d5f
2022-12-08 06:44:02,864 [1c8923d8-6a71-498a-a002-ede96d851d5f@group-7F2F2309DA0D-FollowerState] INFO  server.RaftServerConfigKeys (ConfUtils.java:logFallback(53)) - raft.server.rpc.first-election.timeout.min = 5s (fallback to raft.server.rpc.timeout.min)
2022-12-08 06:44:02,865 [pool-140-thread-1] INFO  server.RaftServerConfigKeys (ConfUtils.java:logGet(46)) - raft.server.snapshot.auto.trigger.enabled = true (custom)
2022-12-08 06:44:02,865 [1c8923d8-6a71-498a-a002-ede96d851d5f@group-7F2F2309DA0D-FollowerState] INFO  server.RaftServerConfigKeys (ConfUtils.java:logFallback(53)) - raft.server.rpc.first-election.timeout.max = 5200ms (fallback to raft.server.rpc.timeout.max)
2022-12-08 06:44:02,865 [pool-140-thread-1] INFO  server.RaftServerConfigKeys (ConfUtils.java:logGet(46)) - raft.server.snapshot.auto.trigger.threshold = 10000 (custom)
2022-12-08 06:44:02,865 [pool-140-thread-1] INFO  server.RaftServerConfigKeys (ConfUtils.java:logGet(46)) - raft.server.snapshot.retention.file.num = 5 (custom)
2022-12-08 06:44:02,865 [pool-140-thread-1] INFO  server.RaftServerConfigKeys (ConfUtils.java:logGet(46)) - raft.server.log.purge.upto.snapshot.index = false (default)
2022-12-08 06:44:02,867 [Command processor thread] INFO  ratis.XceiverServerRatis (XceiverServerRatis.java:addGroup(765)) - Created group PipelineID=a823be0c-8ba7-4989-8fd2-7f2f2309da0d
2022-12-08 06:44:02,886 [grpc-default-executor-1] INFO  server.RaftServer (RaftServerProxy.java:addNew(96)) - 1fff60e7-d385-4380-9228-9acb2b7ac677: addNew group-7F2F2309DA0D:[1c8923d8-6a71-498a-a002-ede96d851d5f|rpc:10.1.0.31:46793|dataStream:|priority:0|startupRole:FOLLOWER, 1fff60e7-d385-4380-9228-9acb2b7ac677|rpc:10.1.0.31:44127|dataStream:|priority:0|startupRole:FOLLOWER, c444494d-3849-481c-b3bb-cf4c6642ac3d|rpc:10.1.0.31:35699|dataStream:|priority:1|startupRole:FOLLOWER] returns group-7F2F2309DA0D:java.util.concurrent.CompletableFuture@385da1e9[Not completed]
2022-12-08 06:44:02,888 [pool-186-thread-1] INFO  server.RaftServer$Division (RaftServerImpl.java:<init>(195)) - 1fff60e7-d385-4380-9228-9acb2b7ac677: new RaftServerImpl for group-7F2F2309DA0D:[1c8923d8-6a71-498a-a002-ede96d851d5f|rpc:10.1.0.31:46793|dataStream:|priority:0|startupRole:FOLLOWER, 1fff60e7-d385-4380-9228-9acb2b7ac677|rpc:10.1.0.31:44127|dataStream:|priority:0|startupRole:FOLLOWER, c444494d-3849-481c-b3bb-cf4c6642ac3d|rpc:10.1.0.31:35699|dataStream:|priority:1|startupRole:FOLLOWER] with ContainerStateMachine:uninitialized
2022-12-08 06:44:02,888 [pool-186-thread-1] INFO  server.RaftServerConfigKeys (ConfUtils.java:logGet(46)) - raft.server.rpc.timeout.min = 5s (custom)
2022-12-08 06:44:02,888 [pool-186-thread-1] INFO  server.RaftServerConfigKeys (ConfUtils.java:logGet(46)) - raft.server.rpc.timeout.max = 5200ms (custom)
2022-12-08 06:44:02,888 [pool-186-thread-1] INFO  server.RaftServerConfigKeys (ConfUtils.java:logGet(46)) - raft.server.rpc.sleep.time = 25ms (default)
2022-12-08 06:44:02,888 [pool-186-thread-1] INFO  server.RaftServerConfigKeys (ConfUtils.java:logGet(46)) - raft.server.rpc.slowness.timeout = 300s (custom)
2022-12-08 06:44:02,888 [pool-186-thread-1] INFO  server.RaftServerConfigKeys (ConfUtils.java:logGet(46)) - raft.server.leaderelection.leader.step-down.wait-time = 10s (default)
2022-12-08 06:44:02,888 [pool-186-thread-1] INFO  server.RaftServerConfigKeys (ConfUtils.java:logGet(46)) - raft.server.sleep.deviation.threshold = 300ms (default)
2022-12-08 06:44:02,888 [pool-186-thread-1] INFO  server.RaftServer$Division (ServerState.java:<init>(118)) - 1fff60e7-d385-4380-9228-9acb2b7ac677@group-7F2F2309DA0D: ConfigurationManager, init=-1: peers:[1c8923d8-6a71-498a-a002-ede96d851d5f|rpc:10.1.0.31:46793|dataStream:|priority:0|startupRole:FOLLOWER, 1fff60e7-d385-4380-9228-9acb2b7ac677|rpc:10.1.0.31:44127|dataStream:|priority:0|startupRole:FOLLOWER, c444494d-3849-481c-b3bb-cf4c6642ac3d|rpc:10.1.0.31:35699|dataStream:|priority:1|startupRole:FOLLOWER]|listeners:[], old=null, confs=<EMPTY_MAP>
2022-12-08 06:44:02,888 [pool-186-thread-1] INFO  server.RaftServerConfigKeys (ConfUtils.java:logGet(46)) - raft.server.storage.dir = [/home/runner/work/ozone/ozone/hadoop-ozone/integration-test/target/test-dir/MiniOzoneClusterImpl-ddb91292-9bed-4e17-ad85-89bc7eecbd5e/datanode-5/data/ratis] (custom)
2022-12-08 06:44:02,888 [pool-186-thread-1] INFO  server.RaftServerConfigKeys (ConfUtils.java:logGet(46)) - raft.server.log.corruption.policy = EXCEPTION (default)
2022-12-08 06:44:02,888 [pool-186-thread-1] INFO  server.RaftServerConfigKeys (ConfUtils.java:logGet(46)) - raft.server.storage.free-space.min = 0MB (=0) (default)
2022-12-08 06:44:02,889 [pool-186-thread-1] INFO  server.RaftServerConfigKeys (ConfUtils.java:logGet(46)) - raft.server.notification.no-leader.timeout = 300s (custom)
2022-12-08 06:44:02,889 [pool-186-thread-1] INFO  server.RaftServerConfigKeys (ConfUtils.java:logGet(46)) - raft.server.retrycache.expirytime = 600000ms (custom)
2022-12-08 06:44:02,889 [pool-186-thread-1] INFO  server.RaftServerConfigKeys (ConfUtils.java:logGet(46)) - raft.server.retrycache.statistics.expirytime = 100μs (default)
2022-12-08 06:44:02,890 [pool-186-thread-1] INFO  server.RaftServerConfigKeys (ConfUtils.java:logGet(46)) - raft.server.log.appender.install.snapshot.enabled = false (custom)
2022-12-08 06:44:02,890 [pool-186-thread-1] INFO  server.RaftServerConfigKeys (ConfUtils.java:logGet(46)) - raft.server.threadpool.server.cached = true (default)
2022-12-08 06:44:02,890 [pool-186-thread-1] INFO  server.RaftServerConfigKeys (ConfUtils.java:logGet(46)) - raft.server.threadpool.server.size = 0 (default)
2022-12-08 06:44:02,890 [pool-186-thread-1] INFO  server.RaftServerConfigKeys (ConfUtils.java:logGet(46)) - raft.server.threadpool.client.cached = true (default)
2022-12-08 06:44:02,890 [pool-186-thread-1] INFO  server.RaftServerConfigKeys (ConfUtils.java:logGet(46)) - raft.server.threadpool.client.size = 0 (default)
2022-12-08 06:44:02,890 [pool-186-thread-1] INFO  storage.RaftStorageDirectory (RaftStorageDirectoryImpl.java:analyzeStorage(137)) - The storage directory /home/runner/work/ozone/ozone/hadoop-ozone/integration-test/target/test-dir/MiniOzoneClusterImpl-ddb91292-9bed-4e17-ad85-89bc7eecbd5e/datanode-5/data/ratis/a823be0c-8ba7-4989-8fd2-7f2f2309da0d does not exist. Creating ...
2022-12-08 06:44:02,891 [pool-186-thread-1] INFO  storage.RaftStorageDirectory (RaftStorageDirectoryImpl.java:tryLock(231)) - Lock on /home/runner/work/ozone/ozone/hadoop-ozone/integration-test/target/test-dir/MiniOzoneClusterImpl-ddb91292-9bed-4e17-ad85-89bc7eecbd5e/datanode-5/data/ratis/a823be0c-8ba7-4989-8fd2-7f2f2309da0d/in_use.lock acquired by nodename 13321@fv-az205-634
2022-12-08 06:44:02,893 [pool-186-thread-1] INFO  storage.RaftStorage (RaftStorageImpl.java:format(96)) - Storage directory /home/runner/work/ozone/ozone/hadoop-ozone/integration-test/target/test-dir/MiniOzoneClusterImpl-ddb91292-9bed-4e17-ad85-89bc7eecbd5e/datanode-5/data/ratis/a823be0c-8ba7-4989-8fd2-7f2f2309da0d has been successfully formatted.
2022-12-08 06:44:02,893 [pool-186-thread-1] INFO  ratis.ContainerStateMachine (ContainerStateMachine.java:loadSnapshot(236)) - group-7F2F2309DA0D: The snapshot info is null. Setting the last applied indexto:(t:0, i:~)
2022-12-08 06:44:02,893 [pool-186-thread-1] INFO  server.RaftServerConfigKeys (ConfUtils.java:logGet(46)) - raft.server.log.use.memory = false (default)
2022-12-08 06:44:02,897 [pool-186-thread-1] INFO  server.RaftServerConfigKeys (ConfUtils.java:logGet(46)) - raft.server.log.purge.gap = 1000000 (custom)
2022-12-08 06:44:02,897 [pool-186-thread-1] INFO  server.RaftServerConfigKeys (ConfUtils.java:logGet(46)) - raft.server.log.appender.buffer.byte-limit = 33554432 (custom)
2022-12-08 06:44:02,897 [pool-186-thread-1] INFO  server.RaftServerConfigKeys (ConfUtils.java:logGet(46)) - raft.server.log.statemachine.data.read.timeout = 1000ms (default)
2022-12-08 06:44:02,897 [pool-186-thread-1] INFO  server.RaftServerConfigKeys (ConfUtils.java:logGet(46)) - raft.server.log.purge.preservation.log.num = 0 (default)
2022-12-08 06:44:02,898 [pool-186-thread-1] INFO  server.RaftServerConfigKeys (ConfUtils.java:logGet(46)) - raft.server.log.segment.size.max = 1048576 (custom)
2022-12-08 06:44:02,898 [EventQueue-CommandQueueReportForCommandQueueReportHandler] WARN  events.EventQueue (EventQueue.java:fireEvent(216)) - No event handler registered for event TypedEvent{payloadType=DatanodeDetails, name='Datanode_Command_Queue_Updated'}
2022-12-08 06:44:02,899 [Command processor thread] INFO  server.RaftServer (RaftServerProxy.java:addNew(96)) - c444494d-3849-481c-b3bb-cf4c6642ac3d: addNew group-8644A4719F23:[c444494d-3849-481c-b3bb-cf4c6642ac3d|rpc:10.1.0.31:35699|priority:1|startupRole:FOLLOWER] returns group-8644A4719F23:java.util.concurrent.CompletableFuture@111c7d90[Not completed]
2022-12-08 06:44:02,898 [pool-186-thread-1] INFO  server.RaftServerConfigKeys (ConfUtils.java:logGet(46)) - raft.server.log.segment.cache.num.max = 2 (custom)
2022-12-08 06:44:02,899 [pool-186-thread-1] INFO  server.RaftServerConfigKeys (ConfUtils.java:logGet(46)) - raft.server.log.segment.cache.size.max = 200MB (=209715200) (default)
2022-12-08 06:44:02,899 [pool-186-thread-1] INFO  segmented.SegmentedRaftLogWorker (SegmentedRaftLogWorker.java:<init>(189)) - new 1fff60e7-d385-4380-9228-9acb2b7ac677@group-7F2F2309DA0D-SegmentedRaftLogWorker for RaftStorageImpl:Storage Directory /home/runner/work/ozone/ozone/hadoop-ozone/integration-test/target/test-dir/MiniOzoneClusterImpl-ddb91292-9bed-4e17-ad85-89bc7eecbd5e/datanode-5/data/ratis/a823be0c-8ba7-4989-8fd2-7f2f2309da0d
2022-12-08 06:44:02,900 [pool-186-thread-1] INFO  server.RaftServerConfigKeys (ConfUtils.java:logGet(46)) - raft.server.log.queue.byte-limit = 4294967296 (custom)
2022-12-08 06:44:02,900 [pool-186-thread-1] INFO  server.RaftServerConfigKeys (ConfUtils.java:logGet(46)) - raft.server.log.queue.element-limit = 1024 (custom)
2022-12-08 06:44:02,900 [pool-186-thread-1] INFO  server.RaftServerConfigKeys (ConfUtils.java:logGet(46)) - raft.server.log.segment.size.max = 1048576 (custom)
2022-12-08 06:44:02,900 [pool-186-thread-1] INFO  server.RaftServerConfigKeys (ConfUtils.java:logGet(46)) - raft.server.log.preallocated.size = 16384 (custom)
2022-12-08 06:44:02,900 [pool-186-thread-1] INFO  server.RaftServerConfigKeys (ConfUtils.java:logGet(46)) - raft.server.log.force.sync.num = 128 (default)
2022-12-08 06:44:02,900 [pool-186-thread-1] INFO  server.RaftServerConfigKeys (ConfUtils.java:logGet(46)) - raft.server.log.statemachine.data.sync = true (default)
2022-12-08 06:44:02,900 [pool-186-thread-1] INFO  server.RaftServerConfigKeys (ConfUtils.java:logGet(46)) - raft.server.log.statemachine.data.sync.timeout = 10s (default)
2022-12-08 06:44:02,900 [pool-186-thread-1] INFO  server.RaftServerConfigKeys (ConfUtils.java:logGet(46)) - raft.server.log.statemachine.data.sync.timeout.retry = -1 (default)
2022-12-08 06:44:02,900 [pool-163-thread-1] INFO  server.RaftServer$Division (RaftServerImpl.java:<init>(195)) - c444494d-3849-481c-b3bb-cf4c6642ac3d: new RaftServerImpl for group-8644A4719F23:[c444494d-3849-481c-b3bb-cf4c6642ac3d|rpc:10.1.0.31:35699|priority:1|startupRole:FOLLOWER] with ContainerStateMachine:uninitialized
2022-12-08 06:44:02,900 [pool-163-thread-1] INFO  server.RaftServerConfigKeys (ConfUtils.java:logGet(46)) - raft.server.rpc.timeout.min = 5s (custom)
2022-12-08 06:44:02,900 [pool-163-thread-1] INFO  server.RaftServerConfigKeys (ConfUtils.java:logGet(46)) - raft.server.rpc.timeout.max = 5200ms (custom)
2022-12-08 06:44:02,900 [pool-163-thread-1] INFO  server.RaftServerConfigKeys (ConfUtils.java:logGet(46)) - raft.server.rpc.sleep.time = 25ms (default)
2022-12-08 06:44:02,900 [pool-163-thread-1] INFO  server.RaftServerConfigKeys (ConfUtils.java:logGet(46)) - raft.server.rpc.slowness.timeout = 300s (custom)
2022-12-08 06:44:02,900 [pool-163-thread-1] INFO  server.RaftServerConfigKeys (ConfUtils.java:logGet(46)) - raft.server.leaderelection.leader.step-down.wait-time = 10s (default)
2022-12-08 06:44:02,900 [pool-163-thread-1] INFO  server.RaftServerConfigKeys (ConfUtils.java:logGet(46)) - raft.server.sleep.deviation.threshold = 300ms (default)
2022-12-08 06:44:02,900 [pool-163-thread-1] INFO  server.RaftServer$Division (ServerState.java:<init>(118)) - c444494d-3849-481c-b3bb-cf4c6642ac3d@group-8644A4719F23: ConfigurationManager, init=-1: peers:[c444494d-3849-481c-b3bb-cf4c6642ac3d|rpc:10.1.0.31:35699|priority:1|startupRole:FOLLOWER]|listeners:[], old=null, confs=<EMPTY_MAP>
2022-12-08 06:44:02,900 [pool-163-thread-1] INFO  server.RaftServerConfigKeys (ConfUtils.java:logGet(46)) - raft.server.storage.dir = [/home/runner/work/ozone/ozone/hadoop-ozone/integration-test/target/test-dir/MiniOzoneClusterImpl-ddb91292-9bed-4e17-ad85-89bc7eecbd5e/datanode-4/data/ratis] (custom)
2022-12-08 06:44:02,901 [pool-186-thread-1] INFO  server.RaftServerConfigKeys (ConfUtils.java:logGet(46)) - raft.server.log.write.buffer.size = 1048576 (custom)
2022-12-08 06:44:02,901 [pool-163-thread-1] INFO  server.RaftServerConfigKeys (ConfUtils.java:logGet(46)) - raft.server.log.corruption.policy = EXCEPTION (default)
2022-12-08 06:44:02,901 [pool-163-thread-1] INFO  server.RaftServerConfigKeys (ConfUtils.java:logGet(46)) - raft.server.storage.free-space.min = 0MB (=0) (default)
2022-12-08 06:44:02,901 [pool-186-thread-1] INFO  server.RaftServerConfigKeys (ConfUtils.java:logGet(46)) - raft.server.log.appender.buffer.byte-limit = 33554432 (custom)
2022-12-08 06:44:02,901 [pool-163-thread-1] INFO  server.RaftServerConfigKeys (ConfUtils.java:logGet(46)) - raft.server.notification.no-leader.timeout = 300s (custom)
2022-12-08 06:44:02,901 [pool-163-thread-1] INFO  server.RaftServerConfigKeys (ConfUtils.java:logGet(46)) - raft.server.retrycache.expirytime = 600000ms (custom)
2022-12-08 06:44:02,901 [pool-163-thread-1] INFO  server.RaftServerConfigKeys (ConfUtils.java:logGet(46)) - raft.server.retrycache.statistics.expirytime = 100μs (default)
2022-12-08 06:44:02,902 [pool-163-thread-1] INFO  server.RaftServerConfigKeys (ConfUtils.java:logGet(46)) - raft.server.log.appender.install.snapshot.enabled = false (custom)
2022-12-08 06:44:02,902 [pool-163-thread-1] INFO  server.RaftServerConfigKeys (ConfUtils.java:logGet(46)) - raft.server.threadpool.server.cached = true (default)
2022-12-08 06:44:02,902 [pool-163-thread-1] INFO  server.RaftServerConfigKeys (ConfUtils.java:logGet(46)) - raft.server.threadpool.server.size = 0 (default)
2022-12-08 06:44:02,902 [pool-163-thread-1] INFO  server.RaftServerConfigKeys (ConfUtils.java:logGet(46)) - raft.server.threadpool.client.cached = true (default)
2022-12-08 06:44:02,902 [pool-163-thread-1] INFO  server.RaftServerConfigKeys (ConfUtils.java:logGet(46)) - raft.server.threadpool.client.size = 0 (default)
2022-12-08 06:44:02,902 [pool-163-thread-1] INFO  storage.RaftStorageDirectory (RaftStorageDirectoryImpl.java:analyzeStorage(137)) - The storage directory /home/runner/work/ozone/ozone/hadoop-ozone/integration-test/target/test-dir/MiniOzoneClusterImpl-ddb91292-9bed-4e17-ad85-89bc7eecbd5e/datanode-4/data/ratis/c56dc73c-9b5a-4b8e-9b69-8644a4719f23 does not exist. Creating ...
2022-12-08 06:44:02,903 [pool-163-thread-1] INFO  storage.RaftStorageDirectory (RaftStorageDirectoryImpl.java:tryLock(231)) - Lock on /home/runner/work/ozone/ozone/hadoop-ozone/integration-test/target/test-dir/MiniOzoneClusterImpl-ddb91292-9bed-4e17-ad85-89bc7eecbd5e/datanode-4/data/ratis/c56dc73c-9b5a-4b8e-9b69-8644a4719f23/in_use.lock acquired by nodename 13321@fv-az205-634
2022-12-08 06:44:02,905 [pool-163-thread-1] INFO  storage.RaftStorage (RaftStorageImpl.java:format(96)) - Storage directory /home/runner/work/ozone/ozone/hadoop-ozone/integration-test/target/test-dir/MiniOzoneClusterImpl-ddb91292-9bed-4e17-ad85-89bc7eecbd5e/datanode-4/data/ratis/c56dc73c-9b5a-4b8e-9b69-8644a4719f23 has been successfully formatted.
2022-12-08 06:44:02,905 [pool-163-thread-1] INFO  ratis.ContainerStateMachine (ContainerStateMachine.java:loadSnapshot(236)) - group-8644A4719F23: The snapshot info is null. Setting the last applied indexto:(t:0, i:~)
2022-12-08 06:44:02,905 [pool-163-thread-1] INFO  server.RaftServerConfigKeys (ConfUtils.java:logGet(46)) - raft.server.log.use.memory = false (default)
2022-12-08 06:44:02,905 [pool-163-thread-1] INFO  server.RaftServerConfigKeys (ConfUtils.java:logGet(46)) - raft.server.log.purge.gap = 1000000 (custom)
2022-12-08 06:44:02,905 [pool-163-thread-1] INFO  server.RaftServerConfigKeys (ConfUtils.java:logGet(46)) - raft.server.log.appender.buffer.byte-limit = 33554432 (custom)
2022-12-08 06:44:02,905 [pool-163-thread-1] INFO  server.RaftServerConfigKeys (ConfUtils.java:logGet(46)) - raft.server.log.statemachine.data.read.timeout = 1000ms (default)
2022-12-08 06:44:02,905 [pool-163-thread-1] INFO  server.RaftServerConfigKeys (ConfUtils.java:logGet(46)) - raft.server.log.purge.preservation.log.num = 0 (default)
2022-12-08 06:44:02,905 [pool-163-thread-1] INFO  server.RaftServerConfigKeys (ConfUtils.java:logGet(46)) - raft.server.log.segment.size.max = 1048576 (custom)
2022-12-08 06:44:02,906 [pool-163-thread-1] INFO  server.RaftServerConfigKeys (ConfUtils.java:logGet(46)) - raft.server.log.segment.cache.num.max = 2 (custom)
2022-12-08 06:44:02,906 [pool-163-thread-1] INFO  server.RaftServerConfigKeys (ConfUtils.java:logGet(46)) - raft.server.log.segment.cache.size.max = 200MB (=209715200) (default)
2022-12-08 06:44:02,906 [pool-163-thread-1] INFO  segmented.SegmentedRaftLogWorker (SegmentedRaftLogWorker.java:<init>(189)) - new c444494d-3849-481c-b3bb-cf4c6642ac3d@group-8644A4719F23-SegmentedRaftLogWorker for RaftStorageImpl:Storage Directory /home/runner/work/ozone/ozone/hadoop-ozone/integration-test/target/test-dir/MiniOzoneClusterImpl-ddb91292-9bed-4e17-ad85-89bc7eecbd5e/datanode-4/data/ratis/c56dc73c-9b5a-4b8e-9b69-8644a4719f23
2022-12-08 06:44:02,906 [pool-163-thread-1] INFO  server.RaftServerConfigKeys (ConfUtils.java:logGet(46)) - raft.server.log.queue.byte-limit = 4294967296 (custom)
2022-12-08 06:44:02,907 [EventQueue-CommandQueueReportForCommandQueueReportHandler] WARN  events.EventQueue (EventQueue.java:fireEvent(216)) - No event handler registered for event TypedEvent{payloadType=DatanodeDetails, name='Datanode_Command_Queue_Updated'}
2022-12-08 06:44:02,907 [EventQueue-PipelineReportForPipelineReportHandler] INFO  pipeline.PipelineManagerImpl (PipelineManagerImpl.java:openPipeline(367)) - Pipeline Pipeline[ Id: c56dc73c-9b5a-4b8e-9b69-8644a4719f23, Nodes: c444494d-3849-481c-b3bb-cf4c6642ac3d{ip: 10.1.0.31, host: fv-az205-634.k2gd1z4tyxsu3cbgyjsjq30zwf.jx.internal.cloudapp.net, ports: [REPLICATION=44603, RATIS=35699, RATIS_ADMIN=35699, RATIS_SERVER=35699, STANDALONE=37703], networkLocation: /default-rack, certSerialId: null, persistedOpState: IN_SERVICE, persistedOpStateExpiryEpochSec: 0}, ReplicationConfig: RATIS/ONE, State:ALLOCATED, leaderId:c444494d-3849-481c-b3bb-cf4c6642ac3d, CreationTimestamp2022-12-08T06:43:59.902Z[Etc/UTC]] moved to OPEN state
2022-12-08 06:44:02,908 [EventQueue-OpenPipelineForHealthyPipelineSafeModeRule] INFO  safemode.SCMSafeModeManager (HealthyPipelineSafeModeRule.java:process(137)) - SCM in safe mode. Healthy pipelines reported count is 0, required healthy pipeline reported count is 1
2022-12-08 06:44:02,908 [pool-163-thread-1] INFO  server.RaftServerConfigKeys (ConfUtils.java:logGet(46)) - raft.server.log.queue.element-limit = 1024 (custom)
2022-12-08 06:44:02,911 [pool-163-thread-1] INFO  server.RaftServerConfigKeys (ConfUtils.java:logGet(46)) - raft.server.log.segment.size.max = 1048576 (custom)
2022-12-08 06:44:02,911 [pool-163-thread-1] INFO  server.RaftServerConfigKeys (ConfUtils.java:logGet(46)) - raft.server.log.preallocated.size = 16384 (custom)
2022-12-08 06:44:02,911 [pool-163-thread-1] INFO  server.RaftServerConfigKeys (ConfUtils.java:logGet(46)) - raft.server.log.force.sync.num = 128 (default)
2022-12-08 06:44:02,911 [pool-163-thread-1] INFO  server.RaftServerConfigKeys (ConfUtils.java:logGet(46)) - raft.server.log.statemachine.data.sync = true (default)
2022-12-08 06:44:02,911 [pool-163-thread-1] INFO  server.RaftServerConfigKeys (ConfUtils.java:logGet(46)) - raft.server.log.statemachine.data.sync.timeout = 10s (default)
2022-12-08 06:44:02,911 [pool-163-thread-1] INFO  server.RaftServerConfigKeys (ConfUtils.java:logGet(46)) - raft.server.log.statemachine.data.sync.timeout.retry = -1 (default)
2022-12-08 06:44:02,912 [pool-163-thread-1] INFO  server.RaftServerConfigKeys (ConfUtils.java:logGet(46)) - raft.server.log.write.buffer.size = 1048576 (custom)
2022-12-08 06:44:02,913 [pool-163-thread-1] INFO  server.RaftServerConfigKeys (ConfUtils.java:logGet(46)) - raft.server.log.appender.buffer.byte-limit = 33554432 (custom)
2022-12-08 06:44:02,911 [pool-186-thread-1] INFO  server.RaftServerConfigKeys (ConfUtils.java:logGet(46)) - raft.server.log.unsafe-flush.enabled = false (default)
2022-12-08 06:44:02,915 [pool-186-thread-1] INFO  server.RaftServerConfigKeys (ConfUtils.java:logGet(46)) - raft.server.log.async-flush.enabled = false (default)
2022-12-08 06:44:02,915 [pool-186-thread-1] INFO  server.RaftServerConfigKeys (ConfUtils.java:logGet(46)) - raft.server.log.statemachine.data.caching.enabled = true (custom)
2022-12-08 06:44:02,915 [pool-186-thread-1] INFO  segmented.SegmentedRaftLogWorker (SegmentedRaftLogWorker.java:lambda$new$0(135)) - 1fff60e7-d385-4380-9228-9acb2b7ac677@group-7F2F2309DA0D-SegmentedRaftLogWorker: flushIndex: setUnconditionally 0 -> -1
2022-12-08 06:44:02,915 [pool-186-thread-1] INFO  segmented.SegmentedRaftLogWorker (SegmentedRaftLogWorker.java:lambda$new$0(135)) - 1fff60e7-d385-4380-9228-9acb2b7ac677@group-7F2F2309DA0D-SegmentedRaftLogWorker: safeCacheEvictIndex: setUnconditionally 0 -> -1
2022-12-08 06:44:02,916 [pool-163-thread-1] INFO  server.RaftServerConfigKeys (ConfUtils.java:logGet(46)) - raft.server.log.unsafe-flush.enabled = false (default)
2022-12-08 06:44:02,916 [pool-163-thread-1] INFO  server.RaftServerConfigKeys (ConfUtils.java:logGet(46)) - raft.server.log.async-flush.enabled = false (default)
2022-12-08 06:44:02,916 [pool-163-thread-1] INFO  server.RaftServerConfigKeys (ConfUtils.java:logGet(46)) - raft.server.log.statemachine.data.caching.enabled = true (custom)
2022-12-08 06:44:02,917 [pool-163-thread-1] INFO  segmented.SegmentedRaftLogWorker (SegmentedRaftLogWorker.java:lambda$new$0(135)) - c444494d-3849-481c-b3bb-cf4c6642ac3d@group-8644A4719F23-SegmentedRaftLogWorker: flushIndex: setUnconditionally 0 -> -1
2022-12-08 06:44:02,917 [pool-163-thread-1] INFO  segmented.SegmentedRaftLogWorker (SegmentedRaftLogWorker.java:lambda$new$0(135)) - c444494d-3849-481c-b3bb-cf4c6642ac3d@group-8644A4719F23-SegmentedRaftLogWorker: safeCacheEvictIndex: setUnconditionally 0 -> -1
2022-12-08 06:44:02,919 [pool-186-thread-1] INFO  server.RaftServer$Division (RaftServerImpl.java:start(334)) - 1fff60e7-d385-4380-9228-9acb2b7ac677@group-7F2F2309DA0D: start as a follower, conf=-1: peers:[1c8923d8-6a71-498a-a002-ede96d851d5f|rpc:10.1.0.31:46793|dataStream:|priority:0|startupRole:FOLLOWER, 1fff60e7-d385-4380-9228-9acb2b7ac677|rpc:10.1.0.31:44127|dataStream:|priority:0|startupRole:FOLLOWER, c444494d-3849-481c-b3bb-cf4c6642ac3d|rpc:10.1.0.31:35699|dataStream:|priority:1|startupRole:FOLLOWER]|listeners:[], old=null
2022-12-08 06:44:02,919 [pool-186-thread-1] INFO  server.RaftServer$Division (RaftServerImpl.java:setRole(321)) - 1fff60e7-d385-4380-9228-9acb2b7ac677@group-7F2F2309DA0D: changes role from      null to FOLLOWER at term 0 for startAsFollower
2022-12-08 06:44:02,919 [pool-186-thread-1] INFO  impl.RoleInfo (RoleInfo.java:updateAndGet(139)) - 1fff60e7-d385-4380-9228-9acb2b7ac677: start 1fff60e7-d385-4380-9228-9acb2b7ac677@group-7F2F2309DA0D-FollowerState
2022-12-08 06:44:02,923 [pool-186-thread-1] INFO  util.JmxRegister (JmxRegister.java:tryRegister(44)) - Successfully registered JMX Bean with object name Ratis:service=RaftServer,group=group-7F2F2309DA0D,id=1fff60e7-d385-4380-9228-9acb2b7ac677
2022-12-08 06:44:02,923 [pool-186-thread-1] INFO  server.RaftServerConfigKeys (ConfUtils.java:logGet(46)) - raft.server.snapshot.auto.trigger.enabled = true (custom)
2022-12-08 06:44:02,923 [pool-186-thread-1] INFO  server.RaftServerConfigKeys (ConfUtils.java:logGet(46)) - raft.server.snapshot.auto.trigger.threshold = 10000 (custom)
2022-12-08 06:44:02,923 [pool-186-thread-1] INFO  server.RaftServerConfigKeys (ConfUtils.java:logGet(46)) - raft.server.snapshot.retention.file.num = 5 (custom)
2022-12-08 06:44:02,923 [pool-186-thread-1] INFO  server.RaftServerConfigKeys (ConfUtils.java:logGet(46)) - raft.server.log.purge.upto.snapshot.index = false (default)
2022-12-08 06:44:02,923 [1fff60e7-d385-4380-9228-9acb2b7ac677@group-7F2F2309DA0D-FollowerState] INFO  server.RaftServerConfigKeys (ConfUtils.java:logFallback(53)) - raft.server.rpc.first-election.timeout.min = 5s (fallback to raft.server.rpc.timeout.min)
2022-12-08 06:44:02,928 [1fff60e7-d385-4380-9228-9acb2b7ac677@group-7F2F2309DA0D-FollowerState] INFO  server.RaftServerConfigKeys (ConfUtils.java:logFallback(53)) - raft.server.rpc.first-election.timeout.max = 5200ms (fallback to raft.server.rpc.timeout.max)
2022-12-08 06:44:02,924 [pool-163-thread-1] INFO  server.RaftServer$Division (RaftServerImpl.java:start(334)) - c444494d-3849-481c-b3bb-cf4c6642ac3d@group-8644A4719F23: start as a follower, conf=-1: peers:[c444494d-3849-481c-b3bb-cf4c6642ac3d|rpc:10.1.0.31:35699|priority:1|startupRole:FOLLOWER]|listeners:[], old=null
2022-12-08 06:44:02,928 [pool-163-thread-1] INFO  server.RaftServer$Division (RaftServerImpl.java:setRole(321)) - c444494d-3849-481c-b3bb-cf4c6642ac3d@group-8644A4719F23: changes role from      null to FOLLOWER at term 0 for startAsFollower
2022-12-08 06:44:02,928 [pool-163-thread-1] INFO  impl.RoleInfo (RoleInfo.java:updateAndGet(139)) - c444494d-3849-481c-b3bb-cf4c6642ac3d: start c444494d-3849-481c-b3bb-cf4c6642ac3d@group-8644A4719F23-FollowerState
2022-12-08 06:44:02,928 [pool-163-thread-1] INFO  util.JmxRegister (JmxRegister.java:tryRegister(44)) - Successfully registered JMX Bean with object name Ratis:service=RaftServer,group=group-8644A4719F23,id=c444494d-3849-481c-b3bb-cf4c6642ac3d
2022-12-08 06:44:02,928 [pool-163-thread-1] INFO  server.RaftServerConfigKeys (ConfUtils.java:logGet(46)) - raft.server.snapshot.auto.trigger.enabled = true (custom)
2022-12-08 06:44:02,928 [pool-163-thread-1] INFO  server.RaftServerConfigKeys (ConfUtils.java:logGet(46)) - raft.server.snapshot.auto.trigger.threshold = 10000 (custom)
2022-12-08 06:44:02,928 [pool-163-thread-1] INFO  server.RaftServerConfigKeys (ConfUtils.java:logGet(46)) - raft.server.snapshot.retention.file.num = 5 (custom)
2022-12-08 06:44:02,928 [pool-163-thread-1] INFO  server.RaftServerConfigKeys (ConfUtils.java:logGet(46)) - raft.server.log.purge.upto.snapshot.index = false (default)
2022-12-08 06:44:02,929 [Command processor thread] INFO  ratis.XceiverServerRatis (XceiverServerRatis.java:addGroup(765)) - Created group PipelineID=c56dc73c-9b5a-4b8e-9b69-8644a4719f23
2022-12-08 06:44:02,929 [Command processor thread] INFO  commandhandler.CreatePipelineCommandHandler (CreatePipelineCommandHandler.java:handle(113)) - Created Pipeline RATIS ONE PipelineID=c56dc73c-9b5a-4b8e-9b69-8644a4719f23.
2022-12-08 06:44:02,930 [Command processor thread] INFO  server.RaftServer (RaftServerProxy.java:addNew(96)) - c444494d-3849-481c-b3bb-cf4c6642ac3d: addNew group-7F2F2309DA0D:[1c8923d8-6a71-498a-a002-ede96d851d5f|rpc:10.1.0.31:46793|priority:0|startupRole:FOLLOWER, 1fff60e7-d385-4380-9228-9acb2b7ac677|rpc:10.1.0.31:44127|priority:0|startupRole:FOLLOWER, c444494d-3849-481c-b3bb-cf4c6642ac3d|rpc:10.1.0.31:35699|priority:1|startupRole:FOLLOWER] returns group-7F2F2309DA0D:java.util.concurrent.CompletableFuture@1fdb91c3[Not completed]
2022-12-08 06:44:02,931 [pool-163-thread-1] INFO  server.RaftServer$Division (RaftServerImpl.java:<init>(195)) - c444494d-3849-481c-b3bb-cf4c6642ac3d: new RaftServerImpl for group-7F2F2309DA0D:[1c8923d8-6a71-498a-a002-ede96d851d5f|rpc:10.1.0.31:46793|priority:0|startupRole:FOLLOWER, 1fff60e7-d385-4380-9228-9acb2b7ac677|rpc:10.1.0.31:44127|priority:0|startupRole:FOLLOWER, c444494d-3849-481c-b3bb-cf4c6642ac3d|rpc:10.1.0.31:35699|priority:1|startupRole:FOLLOWER] with ContainerStateMachine:uninitialized
2022-12-08 06:44:02,931 [pool-163-thread-1] INFO  server.RaftServerConfigKeys (ConfUtils.java:logGet(46)) - raft.server.rpc.timeout.min = 5s (custom)
2022-12-08 06:44:02,931 [pool-163-thread-1] INFO  server.RaftServerConfigKeys (ConfUtils.java:logGet(46)) - raft.server.rpc.timeout.max = 5200ms (custom)
2022-12-08 06:44:02,931 [pool-163-thread-1] INFO  server.RaftServerConfigKeys (ConfUtils.java:logGet(46)) - raft.server.rpc.sleep.time = 25ms (default)
2022-12-08 06:44:02,931 [pool-163-thread-1] INFO  server.RaftServerConfigKeys (ConfUtils.java:logGet(46)) - raft.server.rpc.slowness.timeout = 300s (custom)
2022-12-08 06:44:02,931 [pool-163-thread-1] INFO  server.RaftServerConfigKeys (ConfUtils.java:logGet(46)) - raft.server.leaderelection.leader.step-down.wait-time = 10s (default)
2022-12-08 06:44:02,931 [pool-163-thread-1] INFO  server.RaftServerConfigKeys (ConfUtils.java:logGet(46)) - raft.server.sleep.deviation.threshold = 300ms (default)
2022-12-08 06:44:02,931 [pool-163-thread-1] INFO  server.RaftServer$Division (ServerState.java:<init>(118)) - c444494d-3849-481c-b3bb-cf4c6642ac3d@group-7F2F2309DA0D: ConfigurationManager, init=-1: peers:[1c8923d8-6a71-498a-a002-ede96d851d5f|rpc:10.1.0.31:46793|priority:0|startupRole:FOLLOWER, 1fff60e7-d385-4380-9228-9acb2b7ac677|rpc:10.1.0.31:44127|priority:0|startupRole:FOLLOWER, c444494d-3849-481c-b3bb-cf4c6642ac3d|rpc:10.1.0.31:35699|priority:1|startupRole:FOLLOWER]|listeners:[], old=null, confs=<EMPTY_MAP>
2022-12-08 06:44:02,931 [pool-163-thread-1] INFO  server.RaftServerConfigKeys (ConfUtils.java:logGet(46)) - raft.server.storage.dir = [/home/runner/work/ozone/ozone/hadoop-ozone/integration-test/target/test-dir/MiniOzoneClusterImpl-ddb91292-9bed-4e17-ad85-89bc7eecbd5e/datanode-4/data/ratis] (custom)
2022-12-08 06:44:02,931 [pool-163-thread-1] INFO  server.RaftServerConfigKeys (ConfUtils.java:logGet(46)) - raft.server.log.corruption.policy = EXCEPTION (default)
2022-12-08 06:44:02,931 [pool-163-thread-1] INFO  server.RaftServerConfigKeys (ConfUtils.java:logGet(46)) - raft.server.storage.free-space.min = 0MB (=0) (default)
2022-12-08 06:44:02,931 [pool-163-thread-1] INFO  server.RaftServerConfigKeys (ConfUtils.java:logGet(46)) - raft.server.notification.no-leader.timeout = 300s (custom)
2022-12-08 06:44:02,931 [pool-163-thread-1] INFO  server.RaftServerConfigKeys (ConfUtils.java:logGet(46)) - raft.server.retrycache.expirytime = 600000ms (custom)
2022-12-08 06:44:02,932 [pool-163-thread-1] INFO  server.RaftServerConfigKeys (ConfUtils.java:logGet(46)) - raft.server.retrycache.statistics.expirytime = 100μs (default)
2022-12-08 06:44:02,933 [pool-163-thread-1] INFO  server.RaftServerConfigKeys (ConfUtils.java:logGet(46)) - raft.server.log.appender.install.snapshot.enabled = false (custom)
2022-12-08 06:44:02,933 [pool-163-thread-1] INFO  server.RaftServerConfigKeys (ConfUtils.java:logGet(46)) - raft.server.threadpool.server.cached = true (default)
2022-12-08 06:44:02,933 [pool-163-thread-1] INFO  server.RaftServerConfigKeys (ConfUtils.java:logGet(46)) - raft.server.threadpool.server.size = 0 (default)
2022-12-08 06:44:02,933 [pool-163-thread-1] INFO  server.RaftServerConfigKeys (ConfUtils.java:logGet(46)) - raft.server.threadpool.client.cached = true (default)
2022-12-08 06:44:02,933 [pool-163-thread-1] INFO  server.RaftServerConfigKeys (ConfUtils.java:logGet(46)) - raft.server.threadpool.client.size = 0 (default)
2022-12-08 06:44:02,933 [pool-163-thread-1] INFO  storage.RaftStorageDirectory (RaftStorageDirectoryImpl.java:analyzeStorage(137)) - The storage directory /home/runner/work/ozone/ozone/hadoop-ozone/integration-test/target/test-dir/MiniOzoneClusterImpl-ddb91292-9bed-4e17-ad85-89bc7eecbd5e/datanode-4/data/ratis/a823be0c-8ba7-4989-8fd2-7f2f2309da0d does not exist. Creating ...
2022-12-08 06:44:02,934 [pool-163-thread-1] INFO  storage.RaftStorageDirectory (RaftStorageDirectoryImpl.java:tryLock(231)) - Lock on /home/runner/work/ozone/ozone/hadoop-ozone/integration-test/target/test-dir/MiniOzoneClusterImpl-ddb91292-9bed-4e17-ad85-89bc7eecbd5e/datanode-4/data/ratis/a823be0c-8ba7-4989-8fd2-7f2f2309da0d/in_use.lock acquired by nodename 13321@fv-az205-634
2022-12-08 06:44:02,935 [pool-163-thread-1] INFO  storage.RaftStorage (RaftStorageImpl.java:format(96)) - Storage directory /home/runner/work/ozone/ozone/hadoop-ozone/integration-test/target/test-dir/MiniOzoneClusterImpl-ddb91292-9bed-4e17-ad85-89bc7eecbd5e/datanode-4/data/ratis/a823be0c-8ba7-4989-8fd2-7f2f2309da0d has been successfully formatted.
2022-12-08 06:44:02,935 [pool-163-thread-1] INFO  ratis.ContainerStateMachine (ContainerStateMachine.java:loadSnapshot(236)) - group-7F2F2309DA0D: The snapshot info is null. Setting the last applied indexto:(t:0, i:~)
2022-12-08 06:44:02,935 [pool-163-thread-1] INFO  server.RaftServerConfigKeys (ConfUtils.java:logGet(46)) - raft.server.log.use.memory = false (default)
2022-12-08 06:44:02,935 [pool-163-thread-1] INFO  server.RaftServerConfigKeys (ConfUtils.java:logGet(46)) - raft.server.log.purge.gap = 1000000 (custom)
2022-12-08 06:44:02,935 [pool-163-thread-1] INFO  server.RaftServerConfigKeys (ConfUtils.java:logGet(46)) - raft.server.log.appender.buffer.byte-limit = 33554432 (custom)
2022-12-08 06:44:02,936 [pool-163-thread-1] INFO  server.RaftServerConfigKeys (ConfUtils.java:logGet(46)) - raft.server.log.statemachine.data.read.timeout = 1000ms (default)
2022-12-08 06:44:02,936 [pool-163-thread-1] INFO  server.RaftServerConfigKeys (ConfUtils.java:logGet(46)) - raft.server.log.purge.preservation.log.num = 0 (default)
2022-12-08 06:44:02,936 [pool-163-thread-1] INFO  server.RaftServerConfigKeys (ConfUtils.java:logGet(46)) - raft.server.log.segment.size.max = 1048576 (custom)
2022-12-08 06:44:02,937 [EventQueue-CommandQueueReportForCommandQueueReportHandler] WARN  events.EventQueue (EventQueue.java:fireEvent(216)) - No event handler registered for event TypedEvent{payloadType=DatanodeDetails, name='Datanode_Command_Queue_Updated'}
2022-12-08 06:44:02,929 [c444494d-3849-481c-b3bb-cf4c6642ac3d@group-8644A4719F23-FollowerState] INFO  server.RaftServerConfigKeys (ConfUtils.java:logFallback(53)) - raft.server.rpc.first-election.timeout.min = 5s (fallback to raft.server.rpc.timeout.min)
2022-12-08 06:44:02,937 [EventQueue-OpenPipelineForHealthyPipelineSafeModeRule] INFO  safemode.SCMSafeModeManager (HealthyPipelineSafeModeRule.java:process(137)) - SCM in safe mode. Healthy pipelines reported count is 0, required healthy pipeline reported count is 1
2022-12-08 06:44:02,954 [c444494d-3849-481c-b3bb-cf4c6642ac3d@group-8644A4719F23-FollowerState] INFO  server.RaftServerConfigKeys (ConfUtils.java:logFallback(53)) - raft.server.rpc.first-election.timeout.max = 5200ms (fallback to raft.server.rpc.timeout.max)
2022-12-08 06:44:02,957 [pool-163-thread-1] INFO  server.RaftServerConfigKeys (ConfUtils.java:logGet(46)) - raft.server.log.segment.cache.num.max = 2 (custom)
2022-12-08 06:44:02,958 [pool-163-thread-1] INFO  server.RaftServerConfigKeys (ConfUtils.java:logGet(46)) - raft.server.log.segment.cache.size.max = 200MB (=209715200) (default)
2022-12-08 06:44:02,959 [pool-163-thread-1] INFO  segmented.SegmentedRaftLogWorker (SegmentedRaftLogWorker.java:<init>(189)) - new c444494d-3849-481c-b3bb-cf4c6642ac3d@group-7F2F2309DA0D-SegmentedRaftLogWorker for RaftStorageImpl:Storage Directory /home/runner/work/ozone/ozone/hadoop-ozone/integration-test/target/test-dir/MiniOzoneClusterImpl-ddb91292-9bed-4e17-ad85-89bc7eecbd5e/datanode-4/data/ratis/a823be0c-8ba7-4989-8fd2-7f2f2309da0d
2022-12-08 06:44:02,959 [pool-163-thread-1] INFO  server.RaftServerConfigKeys (ConfUtils.java:logGet(46)) - raft.server.log.queue.byte-limit = 4294967296 (custom)
2022-12-08 06:44:02,959 [pool-163-thread-1] INFO  server.RaftServerConfigKeys (ConfUtils.java:logGet(46)) - raft.server.log.queue.element-limit = 1024 (custom)
2022-12-08 06:44:02,959 [pool-163-thread-1] INFO  server.RaftServerConfigKeys (ConfUtils.java:logGet(46)) - raft.server.log.segment.size.max = 1048576 (custom)
2022-12-08 06:44:02,959 [pool-163-thread-1] INFO  server.RaftServerConfigKeys (ConfUtils.java:logGet(46)) - raft.server.log.preallocated.size = 16384 (custom)
2022-12-08 06:44:02,959 [pool-163-thread-1] INFO  server.RaftServerConfigKeys (ConfUtils.java:logGet(46)) - raft.server.log.force.sync.num = 128 (default)
2022-12-08 06:44:02,959 [pool-163-thread-1] INFO  server.RaftServerConfigKeys (ConfUtils.java:logGet(46)) - raft.server.log.statemachine.data.sync = true (default)
2022-12-08 06:44:02,959 [pool-163-thread-1] INFO  server.RaftServerConfigKeys (ConfUtils.java:logGet(46)) - raft.server.log.statemachine.data.sync.timeout = 10s (default)
2022-12-08 06:44:02,959 [pool-163-thread-1] INFO  server.RaftServerConfigKeys (ConfUtils.java:logGet(46)) - raft.server.log.statemachine.data.sync.timeout.retry = -1 (default)
2022-12-08 06:44:02,965 [pool-163-thread-1] INFO  server.RaftServerConfigKeys (ConfUtils.java:logGet(46)) - raft.server.log.write.buffer.size = 1048576 (custom)
2022-12-08 06:44:02,968 [Command processor thread] INFO  commandhandler.CreatePipelineCommandHandler (CreatePipelineCommandHandler.java:handle(113)) - Created Pipeline RATIS THREE PipelineID=a823be0c-8ba7-4989-8fd2-7f2f2309da0d.
2022-12-08 06:44:02,968 [pool-163-thread-1] INFO  server.RaftServerConfigKeys (ConfUtils.java:logGet(46)) - raft.server.log.appender.buffer.byte-limit = 33554432 (custom)
2022-12-08 06:44:02,971 [pool-163-thread-1] INFO  server.RaftServerConfigKeys (ConfUtils.java:logGet(46)) - raft.server.log.unsafe-flush.enabled = false (default)
2022-12-08 06:44:02,971 [pool-163-thread-1] INFO  server.RaftServerConfigKeys (ConfUtils.java:logGet(46)) - raft.server.log.async-flush.enabled = false (default)
2022-12-08 06:44:02,971 [pool-163-thread-1] INFO  server.RaftServerConfigKeys (ConfUtils.java:logGet(46)) - raft.server.log.statemachine.data.caching.enabled = true (custom)
2022-12-08 06:44:02,971 [pool-163-thread-1] INFO  segmented.SegmentedRaftLogWorker (SegmentedRaftLogWorker.java:lambda$new$0(135)) - c444494d-3849-481c-b3bb-cf4c6642ac3d@group-7F2F2309DA0D-SegmentedRaftLogWorker: flushIndex: setUnconditionally 0 -> -1
2022-12-08 06:44:02,972 [pool-163-thread-1] INFO  segmented.SegmentedRaftLogWorker (SegmentedRaftLogWorker.java:lambda$new$0(135)) - c444494d-3849-481c-b3bb-cf4c6642ac3d@group-7F2F2309DA0D-SegmentedRaftLogWorker: safeCacheEvictIndex: setUnconditionally 0 -> -1
2022-12-08 06:44:02,972 [pool-163-thread-1] INFO  server.RaftServer$Division (RaftServerImpl.java:start(334)) - c444494d-3849-481c-b3bb-cf4c6642ac3d@group-7F2F2309DA0D: start as a follower, conf=-1: peers:[1c8923d8-6a71-498a-a002-ede96d851d5f|rpc:10.1.0.31:46793|priority:0|startupRole:FOLLOWER, 1fff60e7-d385-4380-9228-9acb2b7ac677|rpc:10.1.0.31:44127|priority:0|startupRole:FOLLOWER, c444494d-3849-481c-b3bb-cf4c6642ac3d|rpc:10.1.0.31:35699|priority:1|startupRole:FOLLOWER]|listeners:[], old=null
2022-12-08 06:44:02,972 [pool-163-thread-1] INFO  server.RaftServer$Division (RaftServerImpl.java:setRole(321)) - c444494d-3849-481c-b3bb-cf4c6642ac3d@group-7F2F2309DA0D: changes role from      null to FOLLOWER at term 0 for startAsFollower
2022-12-08 06:44:02,972 [pool-163-thread-1] INFO  impl.RoleInfo (RoleInfo.java:updateAndGet(139)) - c444494d-3849-481c-b3bb-cf4c6642ac3d: start c444494d-3849-481c-b3bb-cf4c6642ac3d@group-7F2F2309DA0D-FollowerState
2022-12-08 06:44:02,975 [pool-163-thread-1] INFO  util.JmxRegister (JmxRegister.java:tryRegister(44)) - Successfully registered JMX Bean with object name Ratis:service=RaftServer,group=group-7F2F2309DA0D,id=c444494d-3849-481c-b3bb-cf4c6642ac3d
2022-12-08 06:44:02,975 [pool-163-thread-1] INFO  server.RaftServerConfigKeys (ConfUtils.java:logGet(46)) - raft.server.snapshot.auto.trigger.enabled = true (custom)
2022-12-08 06:44:02,975 [pool-163-thread-1] INFO  server.RaftServerConfigKeys (ConfUtils.java:logGet(46)) - raft.server.snapshot.auto.trigger.threshold = 10000 (custom)
2022-12-08 06:44:02,975 [pool-163-thread-1] INFO  server.RaftServerConfigKeys (ConfUtils.java:logGet(46)) - raft.server.snapshot.retention.file.num = 5 (custom)
2022-12-08 06:44:02,975 [pool-163-thread-1] INFO  server.RaftServerConfigKeys (ConfUtils.java:logGet(46)) - raft.server.log.purge.upto.snapshot.index = false (default)
2022-12-08 06:44:02,976 [c444494d-3849-481c-b3bb-cf4c6642ac3d@group-7F2F2309DA0D-FollowerState] INFO  server.RaftServerConfigKeys (ConfUtils.java:logFallback(53)) - raft.server.rpc.first-election.timeout.min = 5s (fallback to raft.server.rpc.timeout.min)
2022-12-08 06:44:02,976 [c444494d-3849-481c-b3bb-cf4c6642ac3d@group-7F2F2309DA0D-FollowerState] INFO  server.RaftServerConfigKeys (ConfUtils.java:logFallback(53)) - raft.server.rpc.first-election.timeout.max = 5200ms (fallback to raft.server.rpc.timeout.max)
2022-12-08 06:44:02,979 [Command processor thread] INFO  ratis.XceiverServerRatis (XceiverServerRatis.java:addGroup(765)) - Created group PipelineID=a823be0c-8ba7-4989-8fd2-7f2f2309da0d
2022-12-08 06:44:03,024 [Command processor thread] INFO  commandhandler.CreatePipelineCommandHandler (CreatePipelineCommandHandler.java:handle(113)) - Created Pipeline RATIS THREE PipelineID=a823be0c-8ba7-4989-8fd2-7f2f2309da0d.
2022-12-08 06:44:03,240 [EventQueue-CommandQueueReportForCommandQueueReportHandler] WARN  events.EventQueue (EventQueue.java:fireEvent(216)) - No event handler registered for event TypedEvent{payloadType=DatanodeDetails, name='Datanode_Command_Queue_Updated'}
2022-12-08 06:44:03,246 [Command processor thread] INFO  server.RaftServer (RaftServerProxy.java:addNew(96)) - 1fff60e7-d385-4380-9228-9acb2b7ac677: addNew group-E2573223A2AE:[1fff60e7-d385-4380-9228-9acb2b7ac677|rpc:10.1.0.31:44127|priority:1|startupRole:FOLLOWER] returns group-E2573223A2AE:java.util.concurrent.CompletableFuture@6c81997e[Not completed]
2022-12-08 06:44:03,247 [pool-186-thread-1] INFO  server.RaftServer$Division (RaftServerImpl.java:<init>(195)) - 1fff60e7-d385-4380-9228-9acb2b7ac677: new RaftServerImpl for group-E2573223A2AE:[1fff60e7-d385-4380-9228-9acb2b7ac677|rpc:10.1.0.31:44127|priority:1|startupRole:FOLLOWER] with ContainerStateMachine:uninitialized
2022-12-08 06:44:03,247 [pool-186-thread-1] INFO  server.RaftServerConfigKeys (ConfUtils.java:logGet(46)) - raft.server.rpc.timeout.min = 5s (custom)
2022-12-08 06:44:03,247 [pool-186-thread-1] INFO  server.RaftServerConfigKeys (ConfUtils.java:logGet(46)) - raft.server.rpc.timeout.max = 5200ms (custom)
2022-12-08 06:44:03,247 [pool-186-thread-1] INFO  server.RaftServerConfigKeys (ConfUtils.java:logGet(46)) - raft.server.rpc.sleep.time = 25ms (default)
2022-12-08 06:44:03,247 [pool-186-thread-1] INFO  server.RaftServerConfigKeys (ConfUtils.java:logGet(46)) - raft.server.rpc.slowness.timeout = 300s (custom)
2022-12-08 06:44:03,247 [pool-186-thread-1] INFO  server.RaftServerConfigKeys (ConfUtils.java:logGet(46)) - raft.server.leaderelection.leader.step-down.wait-time = 10s (default)
2022-12-08 06:44:03,247 [pool-186-thread-1] INFO  server.RaftServerConfigKeys (ConfUtils.java:logGet(46)) - raft.server.sleep.deviation.threshold = 300ms (default)
2022-12-08 06:44:03,247 [pool-186-thread-1] INFO  server.RaftServer$Division (ServerState.java:<init>(118)) - 1fff60e7-d385-4380-9228-9acb2b7ac677@group-E2573223A2AE: ConfigurationManager, init=-1: peers:[1fff60e7-d385-4380-9228-9acb2b7ac677|rpc:10.1.0.31:44127|priority:1|startupRole:FOLLOWER]|listeners:[], old=null, confs=<EMPTY_MAP>
2022-12-08 06:44:03,247 [pool-186-thread-1] INFO  server.RaftServerConfigKeys (ConfUtils.java:logGet(46)) - raft.server.storage.dir = [/home/runner/work/ozone/ozone/hadoop-ozone/integration-test/target/test-dir/MiniOzoneClusterImpl-ddb91292-9bed-4e17-ad85-89bc7eecbd5e/datanode-5/data/ratis] (custom)
2022-12-08 06:44:03,247 [pool-186-thread-1] INFO  server.RaftServerConfigKeys (ConfUtils.java:logGet(46)) - raft.server.log.corruption.policy = EXCEPTION (default)
2022-12-08 06:44:03,248 [pool-186-thread-1] INFO  server.RaftServerConfigKeys (ConfUtils.java:logGet(46)) - raft.server.storage.free-space.min = 0MB (=0) (default)
2022-12-08 06:44:03,248 [pool-186-thread-1] INFO  server.RaftServerConfigKeys (ConfUtils.java:logGet(46)) - raft.server.notification.no-leader.timeout = 300s (custom)
2022-12-08 06:44:03,248 [pool-186-thread-1] INFO  server.RaftServerConfigKeys (ConfUtils.java:logGet(46)) - raft.server.retrycache.expirytime = 600000ms (custom)
2022-12-08 06:44:03,248 [pool-186-thread-1] INFO  server.RaftServerConfigKeys (ConfUtils.java:logGet(46)) - raft.server.retrycache.statistics.expirytime = 100μs (default)
2022-12-08 06:44:03,249 [pool-186-thread-1] INFO  server.RaftServerConfigKeys (ConfUtils.java:logGet(46)) - raft.server.log.appender.install.snapshot.enabled = false (custom)
2022-12-08 06:44:03,249 [pool-186-thread-1] INFO  server.RaftServerConfigKeys (ConfUtils.java:logGet(46)) - raft.server.threadpool.server.cached = true (default)
2022-12-08 06:44:03,249 [pool-186-thread-1] INFO  server.RaftServerConfigKeys (ConfUtils.java:logGet(46)) - raft.server.threadpool.server.size = 0 (default)
2022-12-08 06:44:03,249 [pool-186-thread-1] INFO  server.RaftServerConfigKeys (ConfUtils.java:logGet(46)) - raft.server.threadpool.client.cached = true (default)
2022-12-08 06:44:03,249 [pool-186-thread-1] INFO  server.RaftServerConfigKeys (ConfUtils.java:logGet(46)) - raft.server.threadpool.client.size = 0 (default)
2022-12-08 06:44:03,249 [pool-186-thread-1] INFO  storage.RaftStorageDirectory (RaftStorageDirectoryImpl.java:analyzeStorage(137)) - The storage directory /home/runner/work/ozone/ozone/hadoop-ozone/integration-test/target/test-dir/MiniOzoneClusterImpl-ddb91292-9bed-4e17-ad85-89bc7eecbd5e/datanode-5/data/ratis/82ae20a5-65be-4cee-b607-e2573223a2ae does not exist. Creating ...
2022-12-08 06:44:03,251 [pool-186-thread-1] INFO  storage.RaftStorageDirectory (RaftStorageDirectoryImpl.java:tryLock(231)) - Lock on /home/runner/work/ozone/ozone/hadoop-ozone/integration-test/target/test-dir/MiniOzoneClusterImpl-ddb91292-9bed-4e17-ad85-89bc7eecbd5e/datanode-5/data/ratis/82ae20a5-65be-4cee-b607-e2573223a2ae/in_use.lock acquired by nodename 13321@fv-az205-634
2022-12-08 06:44:03,252 [EventQueue-CommandQueueReportForCommandQueueReportHandler] WARN  events.EventQueue (EventQueue.java:fireEvent(216)) - No event handler registered for event TypedEvent{payloadType=DatanodeDetails, name='Datanode_Command_Queue_Updated'}
2022-12-08 06:44:03,253 [pool-186-thread-1] INFO  storage.RaftStorage (RaftStorageImpl.java:format(96)) - Storage directory /home/runner/work/ozone/ozone/hadoop-ozone/integration-test/target/test-dir/MiniOzoneClusterImpl-ddb91292-9bed-4e17-ad85-89bc7eecbd5e/datanode-5/data/ratis/82ae20a5-65be-4cee-b607-e2573223a2ae has been successfully formatted.
2022-12-08 06:44:03,254 [pool-186-thread-1] INFO  ratis.ContainerStateMachine (ContainerStateMachine.java:loadSnapshot(236)) - group-E2573223A2AE: The snapshot info is null. Setting the last applied indexto:(t:0, i:~)
2022-12-08 06:44:03,254 [pool-186-thread-1] INFO  server.RaftServerConfigKeys (ConfUtils.java:logGet(46)) - raft.server.log.use.memory = false (default)
2022-12-08 06:44:03,254 [pool-186-thread-1] INFO  server.RaftServerConfigKeys (ConfUtils.java:logGet(46)) - raft.server.log.purge.gap = 1000000 (custom)
2022-12-08 06:44:03,254 [pool-186-thread-1] INFO  server.RaftServerConfigKeys (ConfUtils.java:logGet(46)) - raft.server.log.appender.buffer.byte-limit = 33554432 (custom)
2022-12-08 06:44:03,254 [pool-186-thread-1] INFO  server.RaftServerConfigKeys (ConfUtils.java:logGet(46)) - raft.server.log.statemachine.data.read.timeout = 1000ms (default)
2022-12-08 06:44:03,255 [pool-186-thread-1] INFO  server.RaftServerConfigKeys (ConfUtils.java:logGet(46)) - raft.server.log.purge.preservation.log.num = 0 (default)
2022-12-08 06:44:03,255 [EventQueue-PipelineReportForPipelineReportHandler] INFO  pipeline.PipelineManagerImpl (PipelineManagerImpl.java:openPipeline(367)) - Pipeline Pipeline[ Id: 82ae20a5-65be-4cee-b607-e2573223a2ae, Nodes: 1fff60e7-d385-4380-9228-9acb2b7ac677{ip: 10.1.0.31, host: fv-az205-634.k2gd1z4tyxsu3cbgyjsjq30zwf.jx.internal.cloudapp.net, ports: [REPLICATION=33137, RATIS=44127, RATIS_ADMIN=44127, RATIS_SERVER=44127, STANDALONE=38839], networkLocation: /default-rack, certSerialId: null, persistedOpState: IN_SERVICE, persistedOpStateExpiryEpochSec: 0}, ReplicationConfig: RATIS/ONE, State:ALLOCATED, leaderId:1fff60e7-d385-4380-9228-9acb2b7ac677, CreationTimestamp2022-12-08T06:44:00.266Z[Etc/UTC]] moved to OPEN state
2022-12-08 06:44:03,256 [EventQueue-OpenPipelineForHealthyPipelineSafeModeRule] INFO  safemode.SCMSafeModeManager (HealthyPipelineSafeModeRule.java:process(137)) - SCM in safe mode. Healthy pipelines reported count is 0, required healthy pipeline reported count is 1
2022-12-08 06:44:03,256 [EventQueue-CommandQueueReportForCommandQueueReportHandler] WARN  events.EventQueue (EventQueue.java:fireEvent(216)) - No event handler registered for event TypedEvent{payloadType=DatanodeDetails, name='Datanode_Command_Queue_Updated'}
2022-12-08 06:44:03,262 [EventQueue-CommandQueueReportForCommandQueueReportHandler] WARN  events.EventQueue (EventQueue.java:fireEvent(216)) - No event handler registered for event TypedEvent{payloadType=DatanodeDetails, name='Datanode_Command_Queue_Updated'}
2022-12-08 06:44:03,262 [pool-186-thread-1] INFO  server.RaftServerConfigKeys (ConfUtils.java:logGet(46)) - raft.server.log.segment.size.max = 1048576 (custom)
2022-12-08 06:44:03,262 [pool-186-thread-1] INFO  server.RaftServerConfigKeys (ConfUtils.java:logGet(46)) - raft.server.log.segment.cache.num.max = 2 (custom)
2022-12-08 06:44:03,263 [pool-186-thread-1] INFO  server.RaftServerConfigKeys (ConfUtils.java:logGet(46)) - raft.server.log.segment.cache.size.max = 200MB (=209715200) (default)
2022-12-08 06:44:03,263 [pool-186-thread-1] INFO  segmented.SegmentedRaftLogWorker (SegmentedRaftLogWorker.java:<init>(189)) - new 1fff60e7-d385-4380-9228-9acb2b7ac677@group-E2573223A2AE-SegmentedRaftLogWorker for RaftStorageImpl:Storage Directory /home/runner/work/ozone/ozone/hadoop-ozone/integration-test/target/test-dir/MiniOzoneClusterImpl-ddb91292-9bed-4e17-ad85-89bc7eecbd5e/datanode-5/data/ratis/82ae20a5-65be-4cee-b607-e2573223a2ae
2022-12-08 06:44:03,263 [pool-186-thread-1] INFO  server.RaftServerConfigKeys (ConfUtils.java:logGet(46)) - raft.server.log.queue.byte-limit = 4294967296 (custom)
2022-12-08 06:44:03,263 [pool-186-thread-1] INFO  server.RaftServerConfigKeys (ConfUtils.java:logGet(46)) - raft.server.log.queue.element-limit = 1024 (custom)
2022-12-08 06:44:03,263 [pool-186-thread-1] INFO  server.RaftServerConfigKeys (ConfUtils.java:logGet(46)) - raft.server.log.segment.size.max = 1048576 (custom)
2022-12-08 06:44:03,263 [pool-186-thread-1] INFO  server.RaftServerConfigKeys (ConfUtils.java:logGet(46)) - raft.server.log.preallocated.size = 16384 (custom)
2022-12-08 06:44:03,263 [pool-186-thread-1] INFO  server.RaftServerConfigKeys (ConfUtils.java:logGet(46)) - raft.server.log.force.sync.num = 128 (default)
2022-12-08 06:44:03,263 [pool-186-thread-1] INFO  server.RaftServerConfigKeys (ConfUtils.java:logGet(46)) - raft.server.log.statemachine.data.sync = true (default)
2022-12-08 06:44:03,263 [pool-186-thread-1] INFO  server.RaftServerConfigKeys (ConfUtils.java:logGet(46)) - raft.server.log.statemachine.data.sync.timeout = 10s (default)
2022-12-08 06:44:03,263 [pool-186-thread-1] INFO  server.RaftServerConfigKeys (ConfUtils.java:logGet(46)) - raft.server.log.statemachine.data.sync.timeout.retry = -1 (default)
2022-12-08 06:44:03,264 [pool-186-thread-1] INFO  server.RaftServerConfigKeys (ConfUtils.java:logGet(46)) - raft.server.log.write.buffer.size = 1048576 (custom)
2022-12-08 06:44:03,264 [pool-186-thread-1] INFO  server.RaftServerConfigKeys (ConfUtils.java:logGet(46)) - raft.server.log.appender.buffer.byte-limit = 33554432 (custom)
2022-12-08 06:44:03,267 [pool-186-thread-1] INFO  server.RaftServerConfigKeys (ConfUtils.java:logGet(46)) - raft.server.log.unsafe-flush.enabled = false (default)
2022-12-08 06:44:03,267 [pool-186-thread-1] INFO  server.RaftServerConfigKeys (ConfUtils.java:logGet(46)) - raft.server.log.async-flush.enabled = false (default)
2022-12-08 06:44:03,267 [pool-186-thread-1] INFO  server.RaftServerConfigKeys (ConfUtils.java:logGet(46)) - raft.server.log.statemachine.data.caching.enabled = true (custom)
2022-12-08 06:44:03,267 [pool-186-thread-1] INFO  segmented.SegmentedRaftLogWorker (SegmentedRaftLogWorker.java:lambda$new$0(135)) - 1fff60e7-d385-4380-9228-9acb2b7ac677@group-E2573223A2AE-SegmentedRaftLogWorker: flushIndex: setUnconditionally 0 -> -1
2022-12-08 06:44:03,267 [pool-186-thread-1] INFO  segmented.SegmentedRaftLogWorker (SegmentedRaftLogWorker.java:lambda$new$0(135)) - 1fff60e7-d385-4380-9228-9acb2b7ac677@group-E2573223A2AE-SegmentedRaftLogWorker: safeCacheEvictIndex: setUnconditionally 0 -> -1
2022-12-08 06:44:03,268 [pool-186-thread-1] INFO  server.RaftServer$Division (RaftServerImpl.java:start(334)) - 1fff60e7-d385-4380-9228-9acb2b7ac677@group-E2573223A2AE: start as a follower, conf=-1: peers:[1fff60e7-d385-4380-9228-9acb2b7ac677|rpc:10.1.0.31:44127|priority:1|startupRole:FOLLOWER]|listeners:[], old=null
2022-12-08 06:44:03,268 [pool-186-thread-1] INFO  server.RaftServer$Division (RaftServerImpl.java:setRole(321)) - 1fff60e7-d385-4380-9228-9acb2b7ac677@group-E2573223A2AE: changes role from      null to FOLLOWER at term 0 for startAsFollower
2022-12-08 06:44:03,268 [pool-186-thread-1] INFO  impl.RoleInfo (RoleInfo.java:updateAndGet(139)) - 1fff60e7-d385-4380-9228-9acb2b7ac677: start 1fff60e7-d385-4380-9228-9acb2b7ac677@group-E2573223A2AE-FollowerState
2022-12-08 06:44:03,268 [pool-186-thread-1] INFO  util.JmxRegister (JmxRegister.java:tryRegister(44)) - Successfully registered JMX Bean with object name Ratis:service=RaftServer,group=group-E2573223A2AE,id=1fff60e7-d385-4380-9228-9acb2b7ac677
2022-12-08 06:44:03,268 [pool-186-thread-1] INFO  server.RaftServerConfigKeys (ConfUtils.java:logGet(46)) - raft.server.snapshot.auto.trigger.enabled = true (custom)
2022-12-08 06:44:03,268 [pool-186-thread-1] INFO  server.RaftServerConfigKeys (ConfUtils.java:logGet(46)) - raft.server.snapshot.auto.trigger.threshold = 10000 (custom)
2022-12-08 06:44:03,268 [pool-186-thread-1] INFO  server.RaftServerConfigKeys (ConfUtils.java:logGet(46)) - raft.server.snapshot.retention.file.num = 5 (custom)
2022-12-08 06:44:03,268 [pool-186-thread-1] INFO  server.RaftServerConfigKeys (ConfUtils.java:logGet(46)) - raft.server.log.purge.upto.snapshot.index = false (default)
2022-12-08 06:44:03,269 [1fff60e7-d385-4380-9228-9acb2b7ac677@group-E2573223A2AE-FollowerState] INFO  server.RaftServerConfigKeys (ConfUtils.java:logFallback(53)) - raft.server.rpc.first-election.timeout.min = 5s (fallback to raft.server.rpc.timeout.min)
2022-12-08 06:44:03,269 [1fff60e7-d385-4380-9228-9acb2b7ac677@group-E2573223A2AE-FollowerState] INFO  server.RaftServerConfigKeys (ConfUtils.java:logFallback(53)) - raft.server.rpc.first-election.timeout.max = 5200ms (fallback to raft.server.rpc.timeout.max)
2022-12-08 06:44:03,269 [Command processor thread] INFO  ratis.XceiverServerRatis (XceiverServerRatis.java:addGroup(765)) - Created group PipelineID=82ae20a5-65be-4cee-b607-e2573223a2ae
2022-12-08 06:44:03,269 [Command processor thread] INFO  commandhandler.CreatePipelineCommandHandler (CreatePipelineCommandHandler.java:handle(113)) - Created Pipeline RATIS ONE PipelineID=82ae20a5-65be-4cee-b607-e2573223a2ae.
2022-12-08 06:44:03,694 [Listener at 127.0.0.1/38363] INFO  ozone.MiniOzoneClusterImpl (MiniOzoneClusterImpl.java:lambda$waitForClusterToBeReady$0(216)) - Nodes are ready. Got 7 of 7 DN Heartbeats.
2022-12-08 06:44:03,694 [Listener at 127.0.0.1/38363] INFO  ozone.MiniOzoneClusterImpl (MiniOzoneClusterImpl.java:lambda$waitForClusterToBeReady$0(219)) - Waiting for cluster to exit safe mode
2022-12-08 06:44:03,694 [Listener at 127.0.0.1/38363] INFO  ozone.MiniOzoneClusterImpl (MiniOzoneClusterImpl.java:lambda$waitForClusterToBeReady$0(221)) - SCM became leader
2022-12-08 06:44:03,698 [Command processor thread] INFO  server.RaftServer (RaftServerProxy.java:addNew(96)) - 815e52a5-3631-46fd-bf48-55d0032c8f04: addNew group-3645AEEF627C:[815e52a5-3631-46fd-bf48-55d0032c8f04|rpc:10.1.0.31:38123|priority:1|startupRole:FOLLOWER] returns group-3645AEEF627C:java.util.concurrent.CompletableFuture@77851cfe[Not completed]
2022-12-08 06:44:03,699 [pool-213-thread-1] INFO  server.RaftServer$Division (RaftServerImpl.java:<init>(195)) - 815e52a5-3631-46fd-bf48-55d0032c8f04: new RaftServerImpl for group-3645AEEF627C:[815e52a5-3631-46fd-bf48-55d0032c8f04|rpc:10.1.0.31:38123|priority:1|startupRole:FOLLOWER] with ContainerStateMachine:uninitialized
2022-12-08 06:44:03,699 [pool-213-thread-1] INFO  server.RaftServerConfigKeys (ConfUtils.java:logGet(46)) - raft.server.rpc.timeout.min = 5s (custom)
2022-12-08 06:44:03,699 [pool-213-thread-1] INFO  server.RaftServerConfigKeys (ConfUtils.java:logGet(46)) - raft.server.rpc.timeout.max = 5200ms (custom)
2022-12-08 06:44:03,699 [pool-213-thread-1] INFO  server.RaftServerConfigKeys (ConfUtils.java:logGet(46)) - raft.server.rpc.sleep.time = 25ms (default)
2022-12-08 06:44:03,699 [pool-213-thread-1] INFO  server.RaftServerConfigKeys (ConfUtils.java:logGet(46)) - raft.server.rpc.slowness.timeout = 300s (custom)
2022-12-08 06:44:03,699 [pool-213-thread-1] INFO  server.RaftServerConfigKeys (ConfUtils.java:logGet(46)) - raft.server.leaderelection.leader.step-down.wait-time = 10s (default)
2022-12-08 06:44:03,699 [pool-213-thread-1] INFO  server.RaftServerConfigKeys (ConfUtils.java:logGet(46)) - raft.server.sleep.deviation.threshold = 300ms (default)
2022-12-08 06:44:03,699 [pool-213-thread-1] INFO  server.RaftServer$Division (ServerState.java:<init>(118)) - 815e52a5-3631-46fd-bf48-55d0032c8f04@group-3645AEEF627C: ConfigurationManager, init=-1: peers:[815e52a5-3631-46fd-bf48-55d0032c8f04|rpc:10.1.0.31:38123|priority:1|startupRole:FOLLOWER]|listeners:[], old=null, confs=<EMPTY_MAP>
2022-12-08 06:44:03,699 [pool-213-thread-1] INFO  server.RaftServerConfigKeys (ConfUtils.java:logGet(46)) - raft.server.storage.dir = [/home/runner/work/ozone/ozone/hadoop-ozone/integration-test/target/test-dir/MiniOzoneClusterImpl-ddb91292-9bed-4e17-ad85-89bc7eecbd5e/datanode-6/data/ratis] (custom)
2022-12-08 06:44:03,700 [pool-213-thread-1] INFO  server.RaftServerConfigKeys (ConfUtils.java:logGet(46)) - raft.server.log.corruption.policy = EXCEPTION (default)
2022-12-08 06:44:03,700 [pool-213-thread-1] INFO  server.RaftServerConfigKeys (ConfUtils.java:logGet(46)) - raft.server.storage.free-space.min = 0MB (=0) (default)
2022-12-08 06:44:03,700 [pool-213-thread-1] INFO  server.RaftServerConfigKeys (ConfUtils.java:logGet(46)) - raft.server.notification.no-leader.timeout = 300s (custom)
2022-12-08 06:44:03,700 [pool-213-thread-1] INFO  server.RaftServerConfigKeys (ConfUtils.java:logGet(46)) - raft.server.retrycache.expirytime = 600000ms (custom)
2022-12-08 06:44:03,700 [pool-213-thread-1] INFO  server.RaftServerConfigKeys (ConfUtils.java:logGet(46)) - raft.server.retrycache.statistics.expirytime = 100μs (default)
2022-12-08 06:44:03,700 [EventQueue-CommandQueueReportForCommandQueueReportHandler] WARN  events.EventQueue (EventQueue.java:fireEvent(216)) - No event handler registered for event TypedEvent{payloadType=DatanodeDetails, name='Datanode_Command_Queue_Updated'}
2022-12-08 06:44:03,703 [pool-213-thread-1] INFO  server.RaftServerConfigKeys (ConfUtils.java:logGet(46)) - raft.server.log.appender.install.snapshot.enabled = false (custom)
2022-12-08 06:44:03,703 [pool-213-thread-1] INFO  server.RaftServerConfigKeys (ConfUtils.java:logGet(46)) - raft.server.threadpool.server.cached = true (default)
2022-12-08 06:44:03,704 [pool-213-thread-1] INFO  server.RaftServerConfigKeys (ConfUtils.java:logGet(46)) - raft.server.threadpool.server.size = 0 (default)
2022-12-08 06:44:03,704 [pool-213-thread-1] INFO  server.RaftServerConfigKeys (ConfUtils.java:logGet(46)) - raft.server.threadpool.client.cached = true (default)
2022-12-08 06:44:03,704 [pool-213-thread-1] INFO  server.RaftServerConfigKeys (ConfUtils.java:logGet(46)) - raft.server.threadpool.client.size = 0 (default)
2022-12-08 06:44:03,704 [pool-213-thread-1] INFO  storage.RaftStorageDirectory (RaftStorageDirectoryImpl.java:analyzeStorage(137)) - The storage directory /home/runner/work/ozone/ozone/hadoop-ozone/integration-test/target/test-dir/MiniOzoneClusterImpl-ddb91292-9bed-4e17-ad85-89bc7eecbd5e/datanode-6/data/ratis/30b8ddd3-dafe-4741-9d34-3645aeef627c does not exist. Creating ...
2022-12-08 06:44:03,705 [pool-213-thread-1] INFO  storage.RaftStorageDirectory (RaftStorageDirectoryImpl.java:tryLock(231)) - Lock on /home/runner/work/ozone/ozone/hadoop-ozone/integration-test/target/test-dir/MiniOzoneClusterImpl-ddb91292-9bed-4e17-ad85-89bc7eecbd5e/datanode-6/data/ratis/30b8ddd3-dafe-4741-9d34-3645aeef627c/in_use.lock acquired by nodename 13321@fv-az205-634
2022-12-08 06:44:03,706 [pool-213-thread-1] INFO  storage.RaftStorage (RaftStorageImpl.java:format(96)) - Storage directory /home/runner/work/ozone/ozone/hadoop-ozone/integration-test/target/test-dir/MiniOzoneClusterImpl-ddb91292-9bed-4e17-ad85-89bc7eecbd5e/datanode-6/data/ratis/30b8ddd3-dafe-4741-9d34-3645aeef627c has been successfully formatted.
2022-12-08 06:44:03,707 [pool-213-thread-1] INFO  ratis.ContainerStateMachine (ContainerStateMachine.java:loadSnapshot(236)) - group-3645AEEF627C: The snapshot info is null. Setting the last applied indexto:(t:0, i:~)
2022-12-08 06:44:03,707 [pool-213-thread-1] INFO  server.RaftServerConfigKeys (ConfUtils.java:logGet(46)) - raft.server.log.use.memory = false (default)
2022-12-08 06:44:03,707 [pool-213-thread-1] INFO  server.RaftServerConfigKeys (ConfUtils.java:logGet(46)) - raft.server.log.purge.gap = 1000000 (custom)
2022-12-08 06:44:03,707 [pool-213-thread-1] INFO  server.RaftServerConfigKeys (ConfUtils.java:logGet(46)) - raft.server.log.appender.buffer.byte-limit = 33554432 (custom)
2022-12-08 06:44:03,707 [pool-213-thread-1] INFO  server.RaftServerConfigKeys (ConfUtils.java:logGet(46)) - raft.server.log.statemachine.data.read.timeout = 1000ms (default)
2022-12-08 06:44:03,707 [pool-213-thread-1] INFO  server.RaftServerConfigKeys (ConfUtils.java:logGet(46)) - raft.server.log.purge.preservation.log.num = 0 (default)
2022-12-08 06:44:03,708 [EventQueue-CommandQueueReportForCommandQueueReportHandler] WARN  events.EventQueue (EventQueue.java:fireEvent(216)) - No event handler registered for event TypedEvent{payloadType=DatanodeDetails, name='Datanode_Command_Queue_Updated'}
2022-12-08 06:44:03,709 [EventQueue-PipelineReportForPipelineReportHandler] INFO  pipeline.PipelineManagerImpl (PipelineManagerImpl.java:openPipeline(367)) - Pipeline Pipeline[ Id: 30b8ddd3-dafe-4741-9d34-3645aeef627c, Nodes: 815e52a5-3631-46fd-bf48-55d0032c8f04{ip: 10.1.0.31, host: fv-az205-634.k2gd1z4tyxsu3cbgyjsjq30zwf.jx.internal.cloudapp.net, ports: [REPLICATION=40547, RATIS=38123, RATIS_ADMIN=38123, RATIS_SERVER=38123, STANDALONE=35903], networkLocation: /default-rack, certSerialId: null, persistedOpState: IN_SERVICE, persistedOpStateExpiryEpochSec: 0}, ReplicationConfig: RATIS/ONE, State:ALLOCATED, leaderId:815e52a5-3631-46fd-bf48-55d0032c8f04, CreationTimestamp2022-12-08T06:44:00.701Z[Etc/UTC]] moved to OPEN state
2022-12-08 06:44:03,709 [pool-213-thread-1] INFO  server.RaftServerConfigKeys (ConfUtils.java:logGet(46)) - raft.server.log.segment.size.max = 1048576 (custom)
2022-12-08 06:44:03,709 [EventQueue-OpenPipelineForHealthyPipelineSafeModeRule] INFO  safemode.SCMSafeModeManager (HealthyPipelineSafeModeRule.java:process(137)) - SCM in safe mode. Healthy pipelines reported count is 0, required healthy pipeline reported count is 1
2022-12-08 06:44:03,709 [pool-213-thread-1] INFO  server.RaftServerConfigKeys (ConfUtils.java:logGet(46)) - raft.server.log.segment.cache.num.max = 2 (custom)
2022-12-08 06:44:03,710 [pool-213-thread-1] INFO  server.RaftServerConfigKeys (ConfUtils.java:logGet(46)) - raft.server.log.segment.cache.size.max = 200MB (=209715200) (default)
2022-12-08 06:44:03,710 [pool-213-thread-1] INFO  segmented.SegmentedRaftLogWorker (SegmentedRaftLogWorker.java:<init>(189)) - new 815e52a5-3631-46fd-bf48-55d0032c8f04@group-3645AEEF627C-SegmentedRaftLogWorker for RaftStorageImpl:Storage Directory /home/runner/work/ozone/ozone/hadoop-ozone/integration-test/target/test-dir/MiniOzoneClusterImpl-ddb91292-9bed-4e17-ad85-89bc7eecbd5e/datanode-6/data/ratis/30b8ddd3-dafe-4741-9d34-3645aeef627c
2022-12-08 06:44:03,710 [pool-213-thread-1] INFO  server.RaftServerConfigKeys (ConfUtils.java:logGet(46)) - raft.server.log.queue.byte-limit = 4294967296 (custom)
2022-12-08 06:44:03,710 [pool-213-thread-1] INFO  server.RaftServerConfigKeys (ConfUtils.java:logGet(46)) - raft.server.log.queue.element-limit = 1024 (custom)
2022-12-08 06:44:03,710 [pool-213-thread-1] INFO  server.RaftServerConfigKeys (ConfUtils.java:logGet(46)) - raft.server.log.segment.size.max = 1048576 (custom)
2022-12-08 06:44:03,710 [pool-213-thread-1] INFO  server.RaftServerConfigKeys (ConfUtils.java:logGet(46)) - raft.server.log.preallocated.size = 16384 (custom)
2022-12-08 06:44:03,710 [pool-213-thread-1] INFO  server.RaftServerConfigKeys (ConfUtils.java:logGet(46)) - raft.server.log.force.sync.num = 128 (default)
2022-12-08 06:44:03,710 [pool-213-thread-1] INFO  server.RaftServerConfigKeys (ConfUtils.java:logGet(46)) - raft.server.log.statemachine.data.sync = true (default)
2022-12-08 06:44:03,711 [pool-213-thread-1] INFO  server.RaftServerConfigKeys (ConfUtils.java:logGet(46)) - raft.server.log.statemachine.data.sync.timeout = 10s (default)
2022-12-08 06:44:03,711 [pool-213-thread-1] INFO  server.RaftServerConfigKeys (ConfUtils.java:logGet(46)) - raft.server.log.statemachine.data.sync.timeout.retry = -1 (default)
2022-12-08 06:44:03,712 [pool-213-thread-1] INFO  server.RaftServerConfigKeys (ConfUtils.java:logGet(46)) - raft.server.log.write.buffer.size = 1048576 (custom)
2022-12-08 06:44:03,713 [pool-213-thread-1] INFO  server.RaftServerConfigKeys (ConfUtils.java:logGet(46)) - raft.server.log.appender.buffer.byte-limit = 33554432 (custom)
2022-12-08 06:44:03,716 [pool-213-thread-1] INFO  server.RaftServerConfigKeys (ConfUtils.java:logGet(46)) - raft.server.log.unsafe-flush.enabled = false (default)
2022-12-08 06:44:03,716 [pool-213-thread-1] INFO  server.RaftServerConfigKeys (ConfUtils.java:logGet(46)) - raft.server.log.async-flush.enabled = false (default)
2022-12-08 06:44:03,716 [pool-213-thread-1] INFO  server.RaftServerConfigKeys (ConfUtils.java:logGet(46)) - raft.server.log.statemachine.data.caching.enabled = true (custom)
2022-12-08 06:44:03,716 [pool-213-thread-1] INFO  segmented.SegmentedRaftLogWorker (SegmentedRaftLogWorker.java:lambda$new$0(135)) - 815e52a5-3631-46fd-bf48-55d0032c8f04@group-3645AEEF627C-SegmentedRaftLogWorker: flushIndex: setUnconditionally 0 -> -1
2022-12-08 06:44:03,716 [pool-213-thread-1] INFO  segmented.SegmentedRaftLogWorker (SegmentedRaftLogWorker.java:lambda$new$0(135)) - 815e52a5-3631-46fd-bf48-55d0032c8f04@group-3645AEEF627C-SegmentedRaftLogWorker: safeCacheEvictIndex: setUnconditionally 0 -> -1
2022-12-08 06:44:03,717 [pool-213-thread-1] INFO  server.RaftServer$Division (RaftServerImpl.java:start(334)) - 815e52a5-3631-46fd-bf48-55d0032c8f04@group-3645AEEF627C: start as a follower, conf=-1: peers:[815e52a5-3631-46fd-bf48-55d0032c8f04|rpc:10.1.0.31:38123|priority:1|startupRole:FOLLOWER]|listeners:[], old=null
2022-12-08 06:44:03,717 [pool-213-thread-1] INFO  server.RaftServer$Division (RaftServerImpl.java:setRole(321)) - 815e52a5-3631-46fd-bf48-55d0032c8f04@group-3645AEEF627C: changes role from      null to FOLLOWER at term 0 for startAsFollower
2022-12-08 06:44:03,717 [pool-213-thread-1] INFO  impl.RoleInfo (RoleInfo.java:updateAndGet(139)) - 815e52a5-3631-46fd-bf48-55d0032c8f04: start 815e52a5-3631-46fd-bf48-55d0032c8f04@group-3645AEEF627C-FollowerState
2022-12-08 06:44:03,717 [815e52a5-3631-46fd-bf48-55d0032c8f04@group-3645AEEF627C-FollowerState] INFO  server.RaftServerConfigKeys (ConfUtils.java:logFallback(53)) - raft.server.rpc.first-election.timeout.min = 5s (fallback to raft.server.rpc.timeout.min)
2022-12-08 06:44:03,719 [815e52a5-3631-46fd-bf48-55d0032c8f04@group-3645AEEF627C-FollowerState] INFO  server.RaftServerConfigKeys (ConfUtils.java:logFallback(53)) - raft.server.rpc.first-election.timeout.max = 5200ms (fallback to raft.server.rpc.timeout.max)
2022-12-08 06:44:03,719 [pool-213-thread-1] INFO  util.JmxRegister (JmxRegister.java:tryRegister(44)) - Successfully registered JMX Bean with object name Ratis:service=RaftServer,group=group-3645AEEF627C,id=815e52a5-3631-46fd-bf48-55d0032c8f04
2022-12-08 06:44:03,719 [pool-213-thread-1] INFO  server.RaftServerConfigKeys (ConfUtils.java:logGet(46)) - raft.server.snapshot.auto.trigger.enabled = true (custom)
2022-12-08 06:44:03,719 [pool-213-thread-1] INFO  server.RaftServerConfigKeys (ConfUtils.java:logGet(46)) - raft.server.snapshot.auto.trigger.threshold = 10000 (custom)
2022-12-08 06:44:03,721 [pool-213-thread-1] INFO  server.RaftServerConfigKeys (ConfUtils.java:logGet(46)) - raft.server.snapshot.retention.file.num = 5 (custom)
2022-12-08 06:44:03,721 [pool-213-thread-1] INFO  server.RaftServerConfigKeys (ConfUtils.java:logGet(46)) - raft.server.log.purge.upto.snapshot.index = false (default)
2022-12-08 06:44:03,722 [Command processor thread] INFO  ratis.XceiverServerRatis (XceiverServerRatis.java:addGroup(765)) - Created group PipelineID=30b8ddd3-dafe-4741-9d34-3645aeef627c
2022-12-08 06:44:03,722 [Command processor thread] INFO  commandhandler.CreatePipelineCommandHandler (CreatePipelineCommandHandler.java:handle(113)) - Created Pipeline RATIS ONE PipelineID=30b8ddd3-dafe-4741-9d34-3645aeef627c.
2022-12-08 06:44:03,853 [EventQueue-CommandQueueReportForCommandQueueReportHandler] WARN  events.EventQueue (EventQueue.java:fireEvent(216)) - No event handler registered for event TypedEvent{payloadType=DatanodeDetails, name='Datanode_Command_Queue_Updated'}
2022-12-08 06:44:03,937 [EventQueue-CommandQueueReportForCommandQueueReportHandler] WARN  events.EventQueue (EventQueue.java:fireEvent(216)) - No event handler registered for event TypedEvent{payloadType=DatanodeDetails, name='Datanode_Command_Queue_Updated'}
2022-12-08 06:44:04,242 [EventQueue-CommandQueueReportForCommandQueueReportHandler] WARN  events.EventQueue (EventQueue.java:fireEvent(216)) - No event handler registered for event TypedEvent{payloadType=DatanodeDetails, name='Datanode_Command_Queue_Updated'}
2022-12-08 06:44:04,253 [EventQueue-CommandQueueReportForCommandQueueReportHandler] WARN  events.EventQueue (EventQueue.java:fireEvent(216)) - No event handler registered for event TypedEvent{payloadType=DatanodeDetails, name='Datanode_Command_Queue_Updated'}
2022-12-08 06:44:04,255 [EventQueue-CommandQueueReportForCommandQueueReportHandler] WARN  events.EventQueue (EventQueue.java:fireEvent(216)) - No event handler registered for event TypedEvent{payloadType=DatanodeDetails, name='Datanode_Command_Queue_Updated'}
2022-12-08 06:44:04,260 [EventQueue-CommandQueueReportForCommandQueueReportHandler] WARN  events.EventQueue (EventQueue.java:fireEvent(216)) - No event handler registered for event TypedEvent{payloadType=DatanodeDetails, name='Datanode_Command_Queue_Updated'}
2022-12-08 06:44:04,694 [Listener at 127.0.0.1/38363] INFO  ozone.MiniOzoneClusterImpl (MiniOzoneClusterImpl.java:lambda$waitForClusterToBeReady$0(216)) - Nodes are ready. Got 7 of 7 DN Heartbeats.
2022-12-08 06:44:04,695 [Listener at 127.0.0.1/38363] INFO  ozone.MiniOzoneClusterImpl (MiniOzoneClusterImpl.java:lambda$waitForClusterToBeReady$0(219)) - Waiting for cluster to exit safe mode
2022-12-08 06:44:04,695 [Listener at 127.0.0.1/38363] INFO  ozone.MiniOzoneClusterImpl (MiniOzoneClusterImpl.java:lambda$waitForClusterToBeReady$0(221)) - SCM became leader
2022-12-08 06:44:04,709 [EventQueue-CommandQueueReportForCommandQueueReportHandler] WARN  events.EventQueue (EventQueue.java:fireEvent(216)) - No event handler registered for event TypedEvent{payloadType=DatanodeDetails, name='Datanode_Command_Queue_Updated'}
2022-12-08 06:44:04,855 [EventQueue-CommandQueueReportForCommandQueueReportHandler] WARN  events.EventQueue (EventQueue.java:fireEvent(216)) - No event handler registered for event TypedEvent{payloadType=DatanodeDetails, name='Datanode_Command_Queue_Updated'}
2022-12-08 06:44:04,937 [EventQueue-CommandQueueReportForCommandQueueReportHandler] WARN  events.EventQueue (EventQueue.java:fireEvent(216)) - No event handler registered for event TypedEvent{payloadType=DatanodeDetails, name='Datanode_Command_Queue_Updated'}
2022-12-08 06:44:05,241 [EventQueue-CommandQueueReportForCommandQueueReportHandler] WARN  events.EventQueue (EventQueue.java:fireEvent(216)) - No event handler registered for event TypedEvent{payloadType=DatanodeDetails, name='Datanode_Command_Queue_Updated'}
2022-12-08 06:44:05,253 [EventQueue-CommandQueueReportForCommandQueueReportHandler] WARN  events.EventQueue (EventQueue.java:fireEvent(216)) - No event handler registered for event TypedEvent{payloadType=DatanodeDetails, name='Datanode_Command_Queue_Updated'}
2022-12-08 06:44:05,256 [EventQueue-CommandQueueReportForCommandQueueReportHandler] WARN  events.EventQueue (EventQueue.java:fireEvent(216)) - No event handler registered for event TypedEvent{payloadType=DatanodeDetails, name='Datanode_Command_Queue_Updated'}
2022-12-08 06:44:05,260 [EventQueue-CommandQueueReportForCommandQueueReportHandler] WARN  events.EventQueue (EventQueue.java:fireEvent(216)) - No event handler registered for event TypedEvent{payloadType=DatanodeDetails, name='Datanode_Command_Queue_Updated'}
2022-12-08 06:44:05,695 [Listener at 127.0.0.1/38363] INFO  ozone.MiniOzoneClusterImpl (MiniOzoneClusterImpl.java:lambda$waitForClusterToBeReady$0(216)) - Nodes are ready. Got 7 of 7 DN Heartbeats.
2022-12-08 06:44:05,695 [Listener at 127.0.0.1/38363] INFO  ozone.MiniOzoneClusterImpl (MiniOzoneClusterImpl.java:lambda$waitForClusterToBeReady$0(219)) - Waiting for cluster to exit safe mode
2022-12-08 06:44:05,695 [Listener at 127.0.0.1/38363] INFO  ozone.MiniOzoneClusterImpl (MiniOzoneClusterImpl.java:lambda$waitForClusterToBeReady$0(221)) - SCM became leader
2022-12-08 06:44:05,709 [EventQueue-CommandQueueReportForCommandQueueReportHandler] WARN  events.EventQueue (EventQueue.java:fireEvent(216)) - No event handler registered for event TypedEvent{payloadType=DatanodeDetails, name='Datanode_Command_Queue_Updated'}
2022-12-08 06:44:05,854 [EventQueue-CommandQueueReportForCommandQueueReportHandler] WARN  events.EventQueue (EventQueue.java:fireEvent(216)) - No event handler registered for event TypedEvent{payloadType=DatanodeDetails, name='Datanode_Command_Queue_Updated'}
2022-12-08 06:44:05,936 [EventQueue-CommandQueueReportForCommandQueueReportHandler] WARN  events.EventQueue (EventQueue.java:fireEvent(216)) - No event handler registered for event TypedEvent{payloadType=DatanodeDetails, name='Datanode_Command_Queue_Updated'}
2022-12-08 06:44:06,242 [EventQueue-CommandQueueReportForCommandQueueReportHandler] WARN  events.EventQueue (EventQueue.java:fireEvent(216)) - No event handler registered for event TypedEvent{payloadType=DatanodeDetails, name='Datanode_Command_Queue_Updated'}
2022-12-08 06:44:06,254 [EventQueue-CommandQueueReportForCommandQueueReportHandler] WARN  events.EventQueue (EventQueue.java:fireEvent(216)) - No event handler registered for event TypedEvent{payloadType=DatanodeDetails, name='Datanode_Command_Queue_Updated'}
2022-12-08 06:44:06,256 [EventQueue-CommandQueueReportForCommandQueueReportHandler] WARN  events.EventQueue (EventQueue.java:fireEvent(216)) - No event handler registered for event TypedEvent{payloadType=DatanodeDetails, name='Datanode_Command_Queue_Updated'}
2022-12-08 06:44:06,260 [EventQueue-CommandQueueReportForCommandQueueReportHandler] WARN  events.EventQueue (EventQueue.java:fireEvent(216)) - No event handler registered for event TypedEvent{payloadType=DatanodeDetails, name='Datanode_Command_Queue_Updated'}
2022-12-08 06:44:06,328 [16b83421-d067-43ff-a35e-8d85285fddd5@group-CCB9EB8C7E3D-FollowerState] INFO  impl.FollowerState (FollowerState.java:run(143)) - 16b83421-d067-43ff-a35e-8d85285fddd5@group-CCB9EB8C7E3D-FollowerState: change to CANDIDATE, lastRpcElapsedTime:5037379205ns, electionTimeout:5020ms
2022-12-08 06:44:06,328 [16b83421-d067-43ff-a35e-8d85285fddd5@group-CCB9EB8C7E3D-FollowerState] INFO  impl.RoleInfo (RoleInfo.java:shutdownFollowerState(110)) - 16b83421-d067-43ff-a35e-8d85285fddd5: shutdown 16b83421-d067-43ff-a35e-8d85285fddd5@group-CCB9EB8C7E3D-FollowerState
2022-12-08 06:44:06,328 [16b83421-d067-43ff-a35e-8d85285fddd5@group-CCB9EB8C7E3D-FollowerState] INFO  server.RaftServer$Division (RaftServerImpl.java:setRole(321)) - 16b83421-d067-43ff-a35e-8d85285fddd5@group-CCB9EB8C7E3D: changes role from  FOLLOWER to CANDIDATE at term 0 for changeToCandidate
2022-12-08 06:44:06,329 [16b83421-d067-43ff-a35e-8d85285fddd5@group-CCB9EB8C7E3D-FollowerState] INFO  server.RaftServerConfigKeys (ConfUtils.java:logGet(46)) - raft.server.leaderelection.pre-vote = false (custom)
2022-12-08 06:44:06,329 [16b83421-d067-43ff-a35e-8d85285fddd5@group-CCB9EB8C7E3D-FollowerState] INFO  impl.RoleInfo (RoleInfo.java:updateAndGet(139)) - 16b83421-d067-43ff-a35e-8d85285fddd5: start 16b83421-d067-43ff-a35e-8d85285fddd5@group-CCB9EB8C7E3D-LeaderElection2
2022-12-08 06:44:06,332 [16b83421-d067-43ff-a35e-8d85285fddd5@group-CCB9EB8C7E3D-LeaderElection2] INFO  impl.LeaderElection (LeaderElection.java:askForVotes(312)) - 16b83421-d067-43ff-a35e-8d85285fddd5@group-CCB9EB8C7E3D-LeaderElection2 ELECTION round 0: submit vote requests at term 1 for -1: peers:[94cb98dd-f956-4629-97e9-c7eafa6bfa57|rpc:10.1.0.31:38663|priority:0|startupRole:FOLLOWER, f4510996-e6f0-4857-a292-ff170ae2c782|rpc:10.1.0.31:33975|priority:0|startupRole:FOLLOWER, 16b83421-d067-43ff-a35e-8d85285fddd5|rpc:10.1.0.31:41675|priority:1|startupRole:FOLLOWER]|listeners:[], old=null
2022-12-08 06:44:06,337 [16b83421-d067-43ff-a35e-8d85285fddd5@group-CCB9EB8C7E3D-LeaderElection2] INFO  server.RaftServerConfigKeys (ConfUtils.java:logFallback(53)) - raft.server.rpc.first-election.timeout.min = 5s (fallback to raft.server.rpc.timeout.min)
2022-12-08 06:44:06,338 [16b83421-d067-43ff-a35e-8d85285fddd5@group-CCB9EB8C7E3D-LeaderElection2] INFO  server.RaftServerConfigKeys (ConfUtils.java:logFallback(53)) - raft.server.rpc.first-election.timeout.max = 5200ms (fallback to raft.server.rpc.timeout.max)
2022-12-08 06:44:06,338 [16b83421-d067-43ff-a35e-8d85285fddd5@group-CCB9EB8C7E3D-LeaderElection2-1] INFO  server.GrpcServerProtocolClient (GrpcServerProtocolClient.java:<init>(63)) - Build channel for 94cb98dd-f956-4629-97e9-c7eafa6bfa57
2022-12-08 06:44:06,344 [16b83421-d067-43ff-a35e-8d85285fddd5@group-CCB9EB8C7E3D-LeaderElection2-2] INFO  server.GrpcServerProtocolClient (GrpcServerProtocolClient.java:<init>(63)) - Build channel for f4510996-e6f0-4857-a292-ff170ae2c782
2022-12-08 06:44:06,361 [grpc-default-executor-1] INFO  server.RaftServer$Division (RaftServerImpl.java:requestVote(1218)) - 94cb98dd-f956-4629-97e9-c7eafa6bfa57@group-CCB9EB8C7E3D: receive requestVote(ELECTION, 16b83421-d067-43ff-a35e-8d85285fddd5, group-CCB9EB8C7E3D, 1, (t:0, i:0))
2022-12-08 06:44:06,362 [grpc-default-executor-1] INFO  impl.VoteContext (VoteContext.java:log(49)) - 94cb98dd-f956-4629-97e9-c7eafa6bfa57@group-CCB9EB8C7E3D-FOLLOWER: accept ELECTION from 16b83421-d067-43ff-a35e-8d85285fddd5: our priority 0 <= candidate's priority 1
2022-12-08 06:44:06,363 [grpc-default-executor-1] INFO  server.RaftServer$Division (RaftServerImpl.java:setRole(321)) - 94cb98dd-f956-4629-97e9-c7eafa6bfa57@group-CCB9EB8C7E3D: changes role from  FOLLOWER to FOLLOWER at term 1 for candidate:16b83421-d067-43ff-a35e-8d85285fddd5
2022-12-08 06:44:06,363 [grpc-default-executor-1] INFO  impl.RoleInfo (RoleInfo.java:shutdownFollowerState(110)) - 94cb98dd-f956-4629-97e9-c7eafa6bfa57: shutdown 94cb98dd-f956-4629-97e9-c7eafa6bfa57@group-CCB9EB8C7E3D-FollowerState
2022-12-08 06:44:06,364 [94cb98dd-f956-4629-97e9-c7eafa6bfa57@group-CCB9EB8C7E3D-FollowerState] INFO  impl.FollowerState (FollowerState.java:run(152)) - 94cb98dd-f956-4629-97e9-c7eafa6bfa57@group-CCB9EB8C7E3D-FollowerState was interrupted
2022-12-08 06:44:06,373 [grpc-default-executor-1] INFO  impl.RoleInfo (RoleInfo.java:updateAndGet(139)) - 94cb98dd-f956-4629-97e9-c7eafa6bfa57: start 94cb98dd-f956-4629-97e9-c7eafa6bfa57@group-CCB9EB8C7E3D-FollowerState
2022-12-08 06:44:06,379 [grpc-default-executor-2] INFO  server.RaftServer$Division (RaftServerImpl.java:requestVote(1218)) - f4510996-e6f0-4857-a292-ff170ae2c782@group-CCB9EB8C7E3D: receive requestVote(ELECTION, 16b83421-d067-43ff-a35e-8d85285fddd5, group-CCB9EB8C7E3D, 1, (t:0, i:0))
2022-12-08 06:44:06,379 [grpc-default-executor-2] INFO  impl.VoteContext (VoteContext.java:log(49)) - f4510996-e6f0-4857-a292-ff170ae2c782@group-CCB9EB8C7E3D-FOLLOWER: accept ELECTION from 16b83421-d067-43ff-a35e-8d85285fddd5: our priority 0 <= candidate's priority 1
2022-12-08 06:44:06,380 [grpc-default-executor-2] INFO  server.RaftServer$Division (RaftServerImpl.java:setRole(321)) - f4510996-e6f0-4857-a292-ff170ae2c782@group-CCB9EB8C7E3D: changes role from  FOLLOWER to FOLLOWER at term 1 for candidate:16b83421-d067-43ff-a35e-8d85285fddd5
2022-12-08 06:44:06,380 [grpc-default-executor-2] INFO  impl.RoleInfo (RoleInfo.java:shutdownFollowerState(110)) - f4510996-e6f0-4857-a292-ff170ae2c782: shutdown f4510996-e6f0-4857-a292-ff170ae2c782@group-CCB9EB8C7E3D-FollowerState
2022-12-08 06:44:06,380 [f4510996-e6f0-4857-a292-ff170ae2c782@group-CCB9EB8C7E3D-FollowerState] INFO  impl.FollowerState (FollowerState.java:run(152)) - f4510996-e6f0-4857-a292-ff170ae2c782@group-CCB9EB8C7E3D-FollowerState was interrupted
2022-12-08 06:44:06,381 [grpc-default-executor-2] INFO  impl.RoleInfo (RoleInfo.java:updateAndGet(139)) - f4510996-e6f0-4857-a292-ff170ae2c782: start f4510996-e6f0-4857-a292-ff170ae2c782@group-CCB9EB8C7E3D-FollowerState
2022-12-08 06:44:06,381 [f4510996-e6f0-4857-a292-ff170ae2c782@group-CCB9EB8C7E3D-FollowerState] INFO  server.RaftServerConfigKeys (ConfUtils.java:logFallback(53)) - raft.server.rpc.first-election.timeout.min = 5s (fallback to raft.server.rpc.timeout.min)
2022-12-08 06:44:06,382 [f4510996-e6f0-4857-a292-ff170ae2c782@group-CCB9EB8C7E3D-FollowerState] INFO  server.RaftServerConfigKeys (ConfUtils.java:logFallback(53)) - raft.server.rpc.first-election.timeout.max = 5200ms (fallback to raft.server.rpc.timeout.max)
2022-12-08 06:44:06,383 [grpc-default-executor-1] INFO  server.RaftServer$Division (RaftServerImpl.java:requestVote(1251)) - 94cb98dd-f956-4629-97e9-c7eafa6bfa57@group-CCB9EB8C7E3D replies to ELECTION vote request: 16b83421-d067-43ff-a35e-8d85285fddd5<-94cb98dd-f956-4629-97e9-c7eafa6bfa57#0:OK-t1. Peer's state: 94cb98dd-f956-4629-97e9-c7eafa6bfa57@group-CCB9EB8C7E3D:t1, leader=null, voted=16b83421-d067-43ff-a35e-8d85285fddd5, raftlog=Memoized:94cb98dd-f956-4629-97e9-c7eafa6bfa57@group-CCB9EB8C7E3D-SegmentedRaftLog:OPENED:c-1, conf=-1: peers:[94cb98dd-f956-4629-97e9-c7eafa6bfa57|rpc:10.1.0.31:38663|dataStream:|priority:0|startupRole:FOLLOWER, f4510996-e6f0-4857-a292-ff170ae2c782|rpc:10.1.0.31:33975|dataStream:|priority:0|startupRole:FOLLOWER, 16b83421-d067-43ff-a35e-8d85285fddd5|rpc:10.1.0.31:41675|dataStream:|priority:1|startupRole:FOLLOWER]|listeners:[], old=null
2022-12-08 06:44:06,383 [grpc-default-executor-2] INFO  server.RaftServer$Division (RaftServerImpl.java:requestVote(1251)) - f4510996-e6f0-4857-a292-ff170ae2c782@group-CCB9EB8C7E3D replies to ELECTION vote request: 16b83421-d067-43ff-a35e-8d85285fddd5<-f4510996-e6f0-4857-a292-ff170ae2c782#0:OK-t1. Peer's state: f4510996-e6f0-4857-a292-ff170ae2c782@group-CCB9EB8C7E3D:t1, leader=null, voted=16b83421-d067-43ff-a35e-8d85285fddd5, raftlog=Memoized:f4510996-e6f0-4857-a292-ff170ae2c782@group-CCB9EB8C7E3D-SegmentedRaftLog:OPENED:c-1, conf=-1: peers:[94cb98dd-f956-4629-97e9-c7eafa6bfa57|rpc:10.1.0.31:38663|priority:0|startupRole:FOLLOWER, f4510996-e6f0-4857-a292-ff170ae2c782|rpc:10.1.0.31:33975|priority:0|startupRole:FOLLOWER, 16b83421-d067-43ff-a35e-8d85285fddd5|rpc:10.1.0.31:41675|priority:1|startupRole:FOLLOWER]|listeners:[], old=null
2022-12-08 06:44:06,388 [94cb98dd-f956-4629-97e9-c7eafa6bfa57@group-CCB9EB8C7E3D-FollowerState] INFO  server.RaftServerConfigKeys (ConfUtils.java:logFallback(53)) - raft.server.rpc.first-election.timeout.min = 5s (fallback to raft.server.rpc.timeout.min)
2022-12-08 06:44:06,389 [16b83421-d067-43ff-a35e-8d85285fddd5@group-CCB9EB8C7E3D-LeaderElection2] INFO  impl.LeaderElection (LeaderElection.java:logAndReturn(90)) - 16b83421-d067-43ff-a35e-8d85285fddd5@group-CCB9EB8C7E3D-LeaderElection2: ELECTION PASSED received 1 response(s) and 0 exception(s):
2022-12-08 06:44:06,391 [16b83421-d067-43ff-a35e-8d85285fddd5@group-CCB9EB8C7E3D-LeaderElection2] INFO  impl.LeaderElection (LeaderElection.java:logAndReturn(94)) -   Response 0: 16b83421-d067-43ff-a35e-8d85285fddd5<-f4510996-e6f0-4857-a292-ff170ae2c782#0:OK-t1
2022-12-08 06:44:06,391 [16b83421-d067-43ff-a35e-8d85285fddd5@group-CCB9EB8C7E3D-LeaderElection2] INFO  impl.LeaderElection (LeaderElection.java:askForVotes(314)) - 16b83421-d067-43ff-a35e-8d85285fddd5@group-CCB9EB8C7E3D-LeaderElection2 ELECTION round 0: result PASSED
2022-12-08 06:44:06,389 [94cb98dd-f956-4629-97e9-c7eafa6bfa57@group-CCB9EB8C7E3D-FollowerState] INFO  server.RaftServerConfigKeys (ConfUtils.java:logFallback(53)) - raft.server.rpc.first-election.timeout.max = 5200ms (fallback to raft.server.rpc.timeout.max)
2022-12-08 06:44:06,392 [16b83421-d067-43ff-a35e-8d85285fddd5@group-CCB9EB8C7E3D-LeaderElection2] INFO  impl.RoleInfo (RoleInfo.java:shutdownLeaderElection(130)) - 16b83421-d067-43ff-a35e-8d85285fddd5: shutdown 16b83421-d067-43ff-a35e-8d85285fddd5@group-CCB9EB8C7E3D-LeaderElection2
2022-12-08 06:44:06,392 [16b83421-d067-43ff-a35e-8d85285fddd5@group-CCB9EB8C7E3D-LeaderElection2] INFO  server.RaftServer$Division (RaftServerImpl.java:setRole(321)) - 16b83421-d067-43ff-a35e-8d85285fddd5@group-CCB9EB8C7E3D: changes role from CANDIDATE to LEADER at term 1 for changeToLeader
2022-12-08 06:44:06,392 [16b83421-d067-43ff-a35e-8d85285fddd5@group-CCB9EB8C7E3D-LeaderElection2] INFO  ratis.XceiverServerRatis (XceiverServerRatis.java:handleLeaderChangedNotification(863)) - Leader change notification received for group: group-CCB9EB8C7E3D with new leaderId: 16b83421-d067-43ff-a35e-8d85285fddd5
2022-12-08 06:44:06,392 [16b83421-d067-43ff-a35e-8d85285fddd5@group-CCB9EB8C7E3D-LeaderElection2] INFO  server.RaftServer$Division (ServerState.java:setLeader(313)) - 16b83421-d067-43ff-a35e-8d85285fddd5@group-CCB9EB8C7E3D: change Leader from null to 16b83421-d067-43ff-a35e-8d85285fddd5 at term 1 for becomeLeader, leader elected after 5117ms
2022-12-08 06:44:06,392 [16b83421-d067-43ff-a35e-8d85285fddd5@group-CCB9EB8C7E3D-LeaderElection2] INFO  server.RaftServerConfigKeys (ConfUtils.java:logGet(46)) - raft.server.staging.catchup.gap = 1000 (default)
2022-12-08 06:44:06,392 [16b83421-d067-43ff-a35e-8d85285fddd5@group-CCB9EB8C7E3D-LeaderElection2] INFO  server.RaftServerConfigKeys (ConfUtils.java:logGet(46)) - raft.server.write.element-limit = 1024 (custom)
2022-12-08 06:44:06,392 [16b83421-d067-43ff-a35e-8d85285fddd5@group-CCB9EB8C7E3D-LeaderElection2] INFO  server.RaftServerConfigKeys (ConfUtils.java:logGet(46)) - raft.server.write.byte-limit = 1024 M (=1073741824) (custom)
2022-12-08 06:44:06,393 [16b83421-d067-43ff-a35e-8d85285fddd5@group-CCB9EB8C7E3D-LeaderElection2] INFO  server.RaftServerConfigKeys (ConfUtils.java:logGet(46)) - raft.server.watch.timeout = 180s (custom)
2022-12-08 06:44:06,393 [16b83421-d067-43ff-a35e-8d85285fddd5@group-CCB9EB8C7E3D-LeaderElection2] INFO  server.RaftServerConfigKeys (ConfUtils.java:logGet(46)) - raft.server.watch.timeout.denomination = 1s (default)
2022-12-08 06:44:06,393 [16b83421-d067-43ff-a35e-8d85285fddd5@group-CCB9EB8C7E3D-LeaderElection2] INFO  server.RaftServerConfigKeys (ConfUtils.java:logGet(46)) - raft.server.watch.element-limit = 65536 (default)
2022-12-08 06:44:06,393 [16b83421-d067-43ff-a35e-8d85285fddd5@group-CCB9EB8C7E3D-LeaderElection2] INFO  server.RaftServerConfigKeys (ConfUtils.java:logGet(46)) - raft.server.write.element-limit = 1024 (custom)
2022-12-08 06:44:06,393 [16b83421-d067-43ff-a35e-8d85285fddd5@group-CCB9EB8C7E3D-LeaderElection2] INFO  server.RaftServerConfigKeys (ConfUtils.java:logGet(46)) - raft.server.write.follower.gap.ratio.max = -1.0 (default)
2022-12-08 06:44:06,396 [EventQueue-CommandQueueReportForCommandQueueReportHandler] WARN  events.EventQueue (EventQueue.java:fireEvent(216)) - No event handler registered for event TypedEvent{payloadType=DatanodeDetails, name='Datanode_Command_Queue_Updated'}
2022-12-08 06:44:06,396 [EventQueue-PipelineReportForPipelineReportHandler] INFO  pipeline.PipelineManagerImpl (PipelineManagerImpl.java:openPipeline(367)) - Pipeline Pipeline[ Id: 9722cdd7-9896-46dd-9a82-ccb9eb8c7e3d, Nodes: 16b83421-d067-43ff-a35e-8d85285fddd5{ip: 10.1.0.31, host: fv-az205-634.k2gd1z4tyxsu3cbgyjsjq30zwf.jx.internal.cloudapp.net, ports: [REPLICATION=43877, RATIS=41675, RATIS_ADMIN=41675, RATIS_SERVER=41675, STANDALONE=39579], networkLocation: /default-rack, certSerialId: null, persistedOpState: IN_SERVICE, persistedOpStateExpiryEpochSec: 0}94cb98dd-f956-4629-97e9-c7eafa6bfa57{ip: 10.1.0.31, host: fv-az205-634.k2gd1z4tyxsu3cbgyjsjq30zwf.jx.internal.cloudapp.net, ports: [REPLICATION=33327, RATIS=38663, RATIS_ADMIN=38663, RATIS_SERVER=38663, STANDALONE=34085], networkLocation: /default-rack, certSerialId: null, persistedOpState: IN_SERVICE, persistedOpStateExpiryEpochSec: 0}f4510996-e6f0-4857-a292-ff170ae2c782{ip: 10.1.0.31, host: fv-az205-634.k2gd1z4tyxsu3cbgyjsjq30zwf.jx.internal.cloudapp.net, ports: [REPLICATION=35385, RATIS=33975, RATIS_ADMIN=33975, RATIS_SERVER=33975, STANDALONE=44877], networkLocation: /default-rack, certSerialId: null, persistedOpState: IN_SERVICE, persistedOpStateExpiryEpochSec: 0}, ReplicationConfig: RATIS/THREE, State:ALLOCATED, leaderId:16b83421-d067-43ff-a35e-8d85285fddd5, CreationTimestamp2022-12-08T06:43:59.172Z[Etc/UTC]] moved to OPEN state
2022-12-08 06:44:06,397 [EventQueue-OpenPipelineForHealthyPipelineSafeModeRule] INFO  safemode.SCMSafeModeManager (HealthyPipelineSafeModeRule.java:process(137)) - SCM in safe mode. Healthy pipelines reported count is 1, required healthy pipeline reported count is 1
2022-12-08 06:44:06,397 [EventQueue-OpenPipelineForHealthyPipelineSafeModeRule] INFO  safemode.SCMSafeModeManager (SCMSafeModeManager.java:validateSafeModeExitRules(200)) - HealthyPipelineSafeModeRule rule is successfully validated
2022-12-08 06:44:06,397 [EventQueue-OpenPipelineForHealthyPipelineSafeModeRule] INFO  safemode.SCMSafeModeManager (SCMSafeModeManager.java:validateSafeModeExitRules(215)) - ScmSafeModeManager, all rules are successfully validated
2022-12-08 06:44:06,397 [EventQueue-OpenPipelineForHealthyPipelineSafeModeRule] INFO  safemode.SCMSafeModeManager (SCMSafeModeManager.java:exitSafeMode(244)) - SCM exiting safe mode.
2022-12-08 06:44:06,397 [EventQueue-OpenPipelineForHealthyPipelineSafeModeRule] INFO  ha.SCMContext (SCMContext.java:updateSafeModeStatus(228)) - Update SafeModeStatus from SafeModeStatus{safeModeStatus=true, preCheckPassed=true} to SafeModeStatus{safeModeStatus=false, preCheckPassed=true}.
2022-12-08 06:44:06,397 [EventQueue-OpenPipelineForHealthyPipelineSafeModeRule] INFO  pipeline.BackgroundPipelineCreator (BackgroundPipelineCreator.java:notifyStatusChanged(254)) - Service BackgroundPipelineCreator transitions to RUNNING.
2022-12-08 06:44:06,397 [EventQueue-OpenPipelineForHealthyPipelineSafeModeRule] INFO  BackgroundPipelineScrubber (BackgroundSCMService.java:notifyStatusChanged(82)) - Service BackgroundPipelineScrubber transitions to RUNNING.
2022-12-08 06:44:06,397 [EventQueue-OpenPipelineForHealthyPipelineSafeModeRule] INFO  ExpiredContainerReplicaOpScrubber (BackgroundSCMService.java:notifyStatusChanged(82)) - Service ExpiredContainerReplicaOpScrubber transitions to RUNNING.
2022-12-08 06:44:06,397 [EventQueue-OpenPipelineForHealthyPipelineSafeModeRule] INFO  replication.ReplicationManager (ReplicationManager.java:notifyStatusChanged(860)) - Service ReplicationManager transitions to RUNNING.
2022-12-08 06:44:06,402 [EventQueue-OpenPipelineForHealthyPipelineSafeModeRule] WARN  balancer.ContainerBalancer (ContainerBalancer.java:shouldRun(131)) - Could not find persisted configuration for ContainerBalancer when checking if ContainerBalancer should run. ContainerBalancer should not run now.
2022-12-08 06:44:06,410 [16b83421-d067-43ff-a35e-8d85285fddd5@group-FD140218F0CE-FollowerState] INFO  impl.FollowerState (FollowerState.java:run(143)) - 16b83421-d067-43ff-a35e-8d85285fddd5@group-FD140218F0CE-FollowerState: change to CANDIDATE, lastRpcElapsedTime:5148634719ns, electionTimeout:5145ms
2022-12-08 06:44:06,410 [16b83421-d067-43ff-a35e-8d85285fddd5@group-FD140218F0CE-FollowerState] INFO  impl.RoleInfo (RoleInfo.java:shutdownFollowerState(110)) - 16b83421-d067-43ff-a35e-8d85285fddd5: shutdown 16b83421-d067-43ff-a35e-8d85285fddd5@group-FD140218F0CE-FollowerState
2022-12-08 06:44:06,410 [16b83421-d067-43ff-a35e-8d85285fddd5@group-FD140218F0CE-FollowerState] INFO  server.RaftServer$Division (RaftServerImpl.java:setRole(321)) - 16b83421-d067-43ff-a35e-8d85285fddd5@group-FD140218F0CE: changes role from  FOLLOWER to CANDIDATE at term 0 for changeToCandidate
2022-12-08 06:44:06,410 [16b83421-d067-43ff-a35e-8d85285fddd5@group-CCB9EB8C7E3D-LeaderElection2] INFO  server.RaftServerConfigKeys (ConfUtils.java:logGet(46)) - raft.server.log.appender.snapshot.chunk.size.max = 16MB (=16777216) (default)
2022-12-08 06:44:06,411 [16b83421-d067-43ff-a35e-8d85285fddd5@group-FD140218F0CE-FollowerState] INFO  server.RaftServerConfigKeys (ConfUtils.java:logGet(46)) - raft.server.leaderelection.pre-vote = false (custom)
2022-12-08 06:44:06,411 [16b83421-d067-43ff-a35e-8d85285fddd5@group-CCB9EB8C7E3D-LeaderElection2] INFO  server.RaftServerConfigKeys (ConfUtils.java:logGet(46)) - raft.server.log.appender.buffer.byte-limit = 33554432 (custom)
2022-12-08 06:44:06,411 [16b83421-d067-43ff-a35e-8d85285fddd5@group-FD140218F0CE-FollowerState] INFO  impl.RoleInfo (RoleInfo.java:updateAndGet(139)) - 16b83421-d067-43ff-a35e-8d85285fddd5: start 16b83421-d067-43ff-a35e-8d85285fddd5@group-FD140218F0CE-LeaderElection3
2022-12-08 06:44:06,411 [16b83421-d067-43ff-a35e-8d85285fddd5@group-CCB9EB8C7E3D-LeaderElection2] INFO  server.RaftServerConfigKeys (ConfUtils.java:logGet(46)) - raft.server.log.appender.buffer.element-limit = 1 (custom)
2022-12-08 06:44:06,415 [16b83421-d067-43ff-a35e-8d85285fddd5@group-CCB9EB8C7E3D-LeaderElection2] INFO  grpc.GrpcConfigKeys (ConfUtils.java:logGet(46)) - raft.grpc.server.leader.outstanding.appends.max = 128 (default)
2022-12-08 06:44:06,415 [16b83421-d067-43ff-a35e-8d85285fddd5@group-CCB9EB8C7E3D-LeaderElection2] INFO  server.RaftServerConfigKeys (ConfUtils.java:logGet(46)) - raft.server.rpc.request.timeout = 60s (custom)
2022-12-08 06:44:06,415 [16b83421-d067-43ff-a35e-8d85285fddd5@group-CCB9EB8C7E3D-LeaderElection2] INFO  server.RaftServerConfigKeys (ConfUtils.java:logGet(46)) - raft.server.log.appender.install.snapshot.enabled = false (custom)
2022-12-08 06:44:06,415 [16b83421-d067-43ff-a35e-8d85285fddd5@group-CCB9EB8C7E3D-LeaderElection2] INFO  grpc.GrpcConfigKeys (ConfUtils.java:logGet(46)) - raft.grpc.server.heartbeat.channel = true (default)
2022-12-08 06:44:06,415 [16b83421-d067-43ff-a35e-8d85285fddd5@group-CCB9EB8C7E3D-LeaderElection2] INFO  server.RaftServerConfigKeys (ConfUtils.java:logGet(46)) - raft.server.log.appender.wait-time.min = 10ms (default)
2022-12-08 06:44:06,418 [16b83421-d067-43ff-a35e-8d85285fddd5@group-FD140218F0CE-LeaderElection3] INFO  impl.LeaderElection (LeaderElection.java:askForVotes(312)) - 16b83421-d067-43ff-a35e-8d85285fddd5@group-FD140218F0CE-LeaderElection3 ELECTION round 0: submit vote requests at term 1 for -1: peers:[16b83421-d067-43ff-a35e-8d85285fddd5|rpc:10.1.0.31:41675|priority:1|startupRole:FOLLOWER]|listeners:[], old=null
2022-12-08 06:44:06,419 [16b83421-d067-43ff-a35e-8d85285fddd5@group-FD140218F0CE-LeaderElection3] INFO  impl.LeaderElection (LeaderElection.java:askForVotes(314)) - 16b83421-d067-43ff-a35e-8d85285fddd5@group-FD140218F0CE-LeaderElection3 ELECTION round 0: result PASSED (term=1)
2022-12-08 06:44:06,419 [16b83421-d067-43ff-a35e-8d85285fddd5@group-FD140218F0CE-LeaderElection3] INFO  impl.RoleInfo (RoleInfo.java:shutdownLeaderElection(130)) - 16b83421-d067-43ff-a35e-8d85285fddd5: shutdown 16b83421-d067-43ff-a35e-8d85285fddd5@group-FD140218F0CE-LeaderElection3
2022-12-08 06:44:06,419 [16b83421-d067-43ff-a35e-8d85285fddd5@group-FD140218F0CE-LeaderElection3] INFO  server.RaftServer$Division (RaftServerImpl.java:setRole(321)) - 16b83421-d067-43ff-a35e-8d85285fddd5@group-FD140218F0CE: changes role from CANDIDATE to LEADER at term 1 for changeToLeader
2022-12-08 06:44:06,419 [16b83421-d067-43ff-a35e-8d85285fddd5@group-FD140218F0CE-LeaderElection3] INFO  ratis.XceiverServerRatis (XceiverServerRatis.java:handleLeaderChangedNotification(863)) - Leader change notification received for group: group-FD140218F0CE with new leaderId: 16b83421-d067-43ff-a35e-8d85285fddd5
2022-12-08 06:44:06,420 [16b83421-d067-43ff-a35e-8d85285fddd5@group-FD140218F0CE-LeaderElection3] INFO  server.RaftServer$Division (ServerState.java:setLeader(313)) - 16b83421-d067-43ff-a35e-8d85285fddd5@group-FD140218F0CE: change Leader from null to 16b83421-d067-43ff-a35e-8d85285fddd5 at term 1 for becomeLeader, leader elected after 5182ms
2022-12-08 06:44:06,420 [16b83421-d067-43ff-a35e-8d85285fddd5@group-FD140218F0CE-LeaderElection3] INFO  server.RaftServerConfigKeys (ConfUtils.java:logGet(46)) - raft.server.staging.catchup.gap = 1000 (default)
2022-12-08 06:44:06,420 [16b83421-d067-43ff-a35e-8d85285fddd5@group-FD140218F0CE-LeaderElection3] INFO  server.RaftServerConfigKeys (ConfUtils.java:logGet(46)) - raft.server.write.element-limit = 1024 (custom)
2022-12-08 06:44:06,420 [16b83421-d067-43ff-a35e-8d85285fddd5@group-FD140218F0CE-LeaderElection3] INFO  server.RaftServerConfigKeys (ConfUtils.java:logGet(46)) - raft.server.write.byte-limit = 1024 M (=1073741824) (custom)
2022-12-08 06:44:06,421 [16b83421-d067-43ff-a35e-8d85285fddd5@group-FD140218F0CE-LeaderElection3] INFO  server.RaftServerConfigKeys (ConfUtils.java:logGet(46)) - raft.server.watch.timeout = 180s (custom)
2022-12-08 06:44:06,421 [16b83421-d067-43ff-a35e-8d85285fddd5@group-FD140218F0CE-LeaderElection3] INFO  server.RaftServerConfigKeys (ConfUtils.java:logGet(46)) - raft.server.watch.timeout.denomination = 1s (default)
2022-12-08 06:44:06,421 [16b83421-d067-43ff-a35e-8d85285fddd5@group-FD140218F0CE-LeaderElection3] INFO  server.RaftServerConfigKeys (ConfUtils.java:logGet(46)) - raft.server.watch.element-limit = 65536 (default)
2022-12-08 06:44:06,421 [16b83421-d067-43ff-a35e-8d85285fddd5@group-FD140218F0CE-LeaderElection3] INFO  server.RaftServerConfigKeys (ConfUtils.java:logGet(46)) - raft.server.write.element-limit = 1024 (custom)
2022-12-08 06:44:06,421 [16b83421-d067-43ff-a35e-8d85285fddd5@group-FD140218F0CE-LeaderElection3] INFO  server.RaftServerConfigKeys (ConfUtils.java:logGet(46)) - raft.server.write.follower.gap.ratio.max = -1.0 (default)
2022-12-08 06:44:06,421 [16b83421-d067-43ff-a35e-8d85285fddd5@group-CCB9EB8C7E3D-LeaderElection2] INFO  server.RaftServerConfigKeys (ConfUtils.java:logGet(46)) - raft.server.log.appender.snapshot.chunk.size.max = 16MB (=16777216) (default)
2022-12-08 06:44:06,421 [EventQueue-CommandQueueReportForCommandQueueReportHandler] WARN  events.EventQueue (EventQueue.java:fireEvent(216)) - No event handler registered for event TypedEvent{payloadType=DatanodeDetails, name='Datanode_Command_Queue_Updated'}
2022-12-08 06:44:06,422 [16b83421-d067-43ff-a35e-8d85285fddd5@group-CCB9EB8C7E3D-LeaderElection2] INFO  server.RaftServerConfigKeys (ConfUtils.java:logGet(46)) - raft.server.log.appender.buffer.byte-limit = 33554432 (custom)
2022-12-08 06:44:06,422 [16b83421-d067-43ff-a35e-8d85285fddd5@group-CCB9EB8C7E3D-LeaderElection2] INFO  server.RaftServerConfigKeys (ConfUtils.java:logGet(46)) - raft.server.log.appender.buffer.element-limit = 1 (custom)
2022-12-08 06:44:06,422 [16b83421-d067-43ff-a35e-8d85285fddd5@group-CCB9EB8C7E3D-LeaderElection2] INFO  grpc.GrpcConfigKeys (ConfUtils.java:logGet(46)) - raft.grpc.server.leader.outstanding.appends.max = 128 (default)
2022-12-08 06:44:06,422 [16b83421-d067-43ff-a35e-8d85285fddd5@group-CCB9EB8C7E3D-LeaderElection2] INFO  server.RaftServerConfigKeys (ConfUtils.java:logGet(46)) - raft.server.rpc.request.timeout = 60s (custom)
2022-12-08 06:44:06,422 [16b83421-d067-43ff-a35e-8d85285fddd5@group-CCB9EB8C7E3D-LeaderElection2] INFO  server.RaftServerConfigKeys (ConfUtils.java:logGet(46)) - raft.server.log.appender.install.snapshot.enabled = false (custom)
2022-12-08 06:44:06,422 [16b83421-d067-43ff-a35e-8d85285fddd5@group-CCB9EB8C7E3D-LeaderElection2] INFO  grpc.GrpcConfigKeys (ConfUtils.java:logGet(46)) - raft.grpc.server.heartbeat.channel = true (default)
2022-12-08 06:44:06,422 [16b83421-d067-43ff-a35e-8d85285fddd5@group-CCB9EB8C7E3D-LeaderElection2] INFO  server.RaftServerConfigKeys (ConfUtils.java:logGet(46)) - raft.server.log.appender.wait-time.min = 10ms (default)
2022-12-08 06:44:06,422 [16b83421-d067-43ff-a35e-8d85285fddd5@group-FD140218F0CE-LeaderElection3] INFO  impl.RoleInfo (RoleInfo.java:updateAndGet(139)) - 16b83421-d067-43ff-a35e-8d85285fddd5: start 16b83421-d067-43ff-a35e-8d85285fddd5@group-FD140218F0CE-LeaderStateImpl
2022-12-08 06:44:06,423 [16b83421-d067-43ff-a35e-8d85285fddd5@group-FD140218F0CE-LeaderElection3] INFO  segmented.SegmentedRaftLogWorker (SegmentedRaftLogWorker.java:startLogSegment(452)) - 16b83421-d067-43ff-a35e-8d85285fddd5@group-FD140218F0CE-SegmentedRaftLogWorker: Starting segment from index:0
2022-12-08 06:44:06,424 [16b83421-d067-43ff-a35e-8d85285fddd5@group-FD140218F0CE-SegmentedRaftLogWorker] INFO  segmented.SegmentedRaftLogWorker (SegmentedRaftLogWorker.java:execute(656)) - 16b83421-d067-43ff-a35e-8d85285fddd5@group-FD140218F0CE-SegmentedRaftLogWorker: created new log segment /home/runner/work/ozone/ozone/hadoop-ozone/integration-test/target/test-dir/MiniOzoneClusterImpl-ddb91292-9bed-4e17-ad85-89bc7eecbd5e/datanode-0/data/ratis/4b4e5c23-68c9-41cb-be8b-fd140218f0ce/current/log_inprogress_0
2022-12-08 06:44:06,425 [16b83421-d067-43ff-a35e-8d85285fddd5@group-CCB9EB8C7E3D-LeaderElection2] INFO  impl.RoleInfo (RoleInfo.java:updateAndGet(139)) - 16b83421-d067-43ff-a35e-8d85285fddd5: start 16b83421-d067-43ff-a35e-8d85285fddd5@group-CCB9EB8C7E3D-LeaderStateImpl
2022-12-08 06:44:06,425 [16b83421-d067-43ff-a35e-8d85285fddd5@group-CCB9EB8C7E3D-LeaderElection2] INFO  segmented.SegmentedRaftLogWorker (SegmentedRaftLogWorker.java:startLogSegment(452)) - 16b83421-d067-43ff-a35e-8d85285fddd5@group-CCB9EB8C7E3D-SegmentedRaftLogWorker: Starting segment from index:0
2022-12-08 06:44:06,428 [16b83421-d067-43ff-a35e-8d85285fddd5@group-CCB9EB8C7E3D-SegmentedRaftLogWorker] INFO  segmented.SegmentedRaftLogWorker (SegmentedRaftLogWorker.java:execute(656)) - 16b83421-d067-43ff-a35e-8d85285fddd5@group-CCB9EB8C7E3D-SegmentedRaftLogWorker: created new log segment /home/runner/work/ozone/ozone/hadoop-ozone/integration-test/target/test-dir/MiniOzoneClusterImpl-ddb91292-9bed-4e17-ad85-89bc7eecbd5e/datanode-0/data/ratis/9722cdd7-9896-46dd-9a82-ccb9eb8c7e3d/current/log_inprogress_0
2022-12-08 06:44:06,429 [16b83421-d067-43ff-a35e-8d85285fddd5@group-FD140218F0CE-LeaderElection3] INFO  server.RaftServer$Division (ServerState.java:setRaftConf(430)) - 16b83421-d067-43ff-a35e-8d85285fddd5@group-FD140218F0CE: set configuration 0: peers:[16b83421-d067-43ff-a35e-8d85285fddd5|rpc:10.1.0.31:41675|dataStream:|priority:1|startupRole:FOLLOWER]|listeners:[], old=null
2022-12-08 06:44:06,436 [16b83421-d067-43ff-a35e-8d85285fddd5@group-CCB9EB8C7E3D-LeaderElection2] INFO  server.RaftServer$Division (ServerState.java:setRaftConf(430)) - 16b83421-d067-43ff-a35e-8d85285fddd5@group-CCB9EB8C7E3D: set configuration 0: peers:[94cb98dd-f956-4629-97e9-c7eafa6bfa57|rpc:10.1.0.31:38663|dataStream:|priority:0|startupRole:FOLLOWER, f4510996-e6f0-4857-a292-ff170ae2c782|rpc:10.1.0.31:33975|dataStream:|priority:0|startupRole:FOLLOWER, 16b83421-d067-43ff-a35e-8d85285fddd5|rpc:10.1.0.31:41675|dataStream:|priority:1|startupRole:FOLLOWER]|listeners:[], old=null
2022-12-08 06:44:06,500 [94cb98dd-f956-4629-97e9-c7eafa6bfa57-server-thread2] INFO  ratis.XceiverServerRatis (XceiverServerRatis.java:handleLeaderChangedNotification(863)) - Leader change notification received for group: group-CCB9EB8C7E3D with new leaderId: 16b83421-d067-43ff-a35e-8d85285fddd5
2022-12-08 06:44:06,500 [94cb98dd-f956-4629-97e9-c7eafa6bfa57-server-thread2] INFO  server.RaftServer$Division (ServerState.java:setLeader(313)) - 94cb98dd-f956-4629-97e9-c7eafa6bfa57@group-CCB9EB8C7E3D: change Leader from null to 16b83421-d067-43ff-a35e-8d85285fddd5 at term 1 for appendEntries, leader elected after 4458ms
2022-12-08 06:44:06,500 [f4510996-e6f0-4857-a292-ff170ae2c782-server-thread1] INFO  ratis.XceiverServerRatis (XceiverServerRatis.java:handleLeaderChangedNotification(863)) - Leader change notification received for group: group-CCB9EB8C7E3D with new leaderId: 16b83421-d067-43ff-a35e-8d85285fddd5
2022-12-08 06:44:06,504 [f4510996-e6f0-4857-a292-ff170ae2c782-server-thread1] INFO  server.RaftServer$Division (ServerState.java:setLeader(313)) - f4510996-e6f0-4857-a292-ff170ae2c782@group-CCB9EB8C7E3D: change Leader from null to 16b83421-d067-43ff-a35e-8d85285fddd5 at term 1 for appendEntries, leader elected after 4660ms
2022-12-08 06:44:06,515 [f4510996-e6f0-4857-a292-ff170ae2c782-server-thread2] INFO  server.RaftServer$Division (ServerState.java:setRaftConf(430)) - f4510996-e6f0-4857-a292-ff170ae2c782@group-CCB9EB8C7E3D: set configuration 0: peers:[94cb98dd-f956-4629-97e9-c7eafa6bfa57|rpc:10.1.0.31:38663|dataStream:|priority:0|startupRole:FOLLOWER, f4510996-e6f0-4857-a292-ff170ae2c782|rpc:10.1.0.31:33975|dataStream:|priority:0|startupRole:FOLLOWER, 16b83421-d067-43ff-a35e-8d85285fddd5|rpc:10.1.0.31:41675|dataStream:|priority:1|startupRole:FOLLOWER]|listeners:[], old=null
2022-12-08 06:44:06,515 [f4510996-e6f0-4857-a292-ff170ae2c782-server-thread2] INFO  segmented.SegmentedRaftLogWorker (SegmentedRaftLogWorker.java:startLogSegment(452)) - f4510996-e6f0-4857-a292-ff170ae2c782@group-CCB9EB8C7E3D-SegmentedRaftLogWorker: Starting segment from index:0
2022-12-08 06:44:06,516 [94cb98dd-f956-4629-97e9-c7eafa6bfa57-server-thread1] INFO  server.RaftServer$Division (ServerState.java:setRaftConf(430)) - 94cb98dd-f956-4629-97e9-c7eafa6bfa57@group-CCB9EB8C7E3D: set configuration 0: peers:[94cb98dd-f956-4629-97e9-c7eafa6bfa57|rpc:10.1.0.31:38663|dataStream:|priority:0|startupRole:FOLLOWER, f4510996-e6f0-4857-a292-ff170ae2c782|rpc:10.1.0.31:33975|dataStream:|priority:0|startupRole:FOLLOWER, 16b83421-d067-43ff-a35e-8d85285fddd5|rpc:10.1.0.31:41675|dataStream:|priority:1|startupRole:FOLLOWER]|listeners:[], old=null
2022-12-08 06:44:06,516 [94cb98dd-f956-4629-97e9-c7eafa6bfa57-server-thread1] INFO  segmented.SegmentedRaftLogWorker (SegmentedRaftLogWorker.java:startLogSegment(452)) - 94cb98dd-f956-4629-97e9-c7eafa6bfa57@group-CCB9EB8C7E3D-SegmentedRaftLogWorker: Starting segment from index:0
2022-12-08 06:44:06,517 [f4510996-e6f0-4857-a292-ff170ae2c782@group-CCB9EB8C7E3D-SegmentedRaftLogWorker] INFO  segmented.SegmentedRaftLogWorker (SegmentedRaftLogWorker.java:execute(656)) - f4510996-e6f0-4857-a292-ff170ae2c782@group-CCB9EB8C7E3D-SegmentedRaftLogWorker: created new log segment /home/runner/work/ozone/ozone/hadoop-ozone/integration-test/target/test-dir/MiniOzoneClusterImpl-ddb91292-9bed-4e17-ad85-89bc7eecbd5e/datanode-1/data/ratis/9722cdd7-9896-46dd-9a82-ccb9eb8c7e3d/current/log_inprogress_0
2022-12-08 06:44:06,517 [94cb98dd-f956-4629-97e9-c7eafa6bfa57@group-CCB9EB8C7E3D-SegmentedRaftLogWorker] INFO  segmented.SegmentedRaftLogWorker (SegmentedRaftLogWorker.java:execute(656)) - 94cb98dd-f956-4629-97e9-c7eafa6bfa57@group-CCB9EB8C7E3D-SegmentedRaftLogWorker: created new log segment /home/runner/work/ozone/ozone/hadoop-ozone/integration-test/target/test-dir/MiniOzoneClusterImpl-ddb91292-9bed-4e17-ad85-89bc7eecbd5e/datanode-2/data/ratis/9722cdd7-9896-46dd-9a82-ccb9eb8c7e3d/current/log_inprogress_0
2022-12-08 06:44:06,695 [Listener at 127.0.0.1/38363] INFO  ozone.MiniOzoneClusterImpl (MiniOzoneClusterImpl.java:lambda$waitForClusterToBeReady$0(216)) - Nodes are ready. Got 7 of 7 DN Heartbeats.
2022-12-08 06:44:06,696 [Listener at 127.0.0.1/38363] INFO  ozone.MiniOzoneClusterImpl (MiniOzoneClusterImpl.java:lambda$waitForClusterToBeReady$0(219)) - Cluster exits safe mode
2022-12-08 06:44:06,696 [Listener at 127.0.0.1/38363] INFO  ozone.MiniOzoneClusterImpl (MiniOzoneClusterImpl.java:lambda$waitForClusterToBeReady$0(221)) - SCM became leader
2022-12-08 06:44:06,708 [EventQueue-CommandQueueReportForCommandQueueReportHandler] WARN  events.EventQueue (EventQueue.java:fireEvent(216)) - No event handler registered for event TypedEvent{payloadType=DatanodeDetails, name='Datanode_Command_Queue_Updated'}
2022-12-08 06:44:07,159 [f4510996-e6f0-4857-a292-ff170ae2c782@group-698671003972-FollowerState] INFO  impl.FollowerState (FollowerState.java:run(143)) - f4510996-e6f0-4857-a292-ff170ae2c782@group-698671003972-FollowerState: change to CANDIDATE, lastRpcElapsedTime:5329024631ns, electionTimeout:5179ms
2022-12-08 06:44:07,160 [f4510996-e6f0-4857-a292-ff170ae2c782@group-698671003972-FollowerState] INFO  impl.RoleInfo (RoleInfo.java:shutdownFollowerState(110)) - f4510996-e6f0-4857-a292-ff170ae2c782: shutdown f4510996-e6f0-4857-a292-ff170ae2c782@group-698671003972-FollowerState
2022-12-08 06:44:07,160 [f4510996-e6f0-4857-a292-ff170ae2c782@group-698671003972-FollowerState] INFO  server.RaftServer$Division (RaftServerImpl.java:setRole(321)) - f4510996-e6f0-4857-a292-ff170ae2c782@group-698671003972: changes role from  FOLLOWER to CANDIDATE at term 0 for changeToCandidate
2022-12-08 06:44:07,162 [EventQueue-CommandQueueReportForCommandQueueReportHandler] WARN  events.EventQueue (EventQueue.java:fireEvent(216)) - No event handler registered for event TypedEvent{payloadType=DatanodeDetails, name='Datanode_Command_Queue_Updated'}
2022-12-08 06:44:07,163 [EventQueue-CommandQueueReportForCommandQueueReportHandler] WARN  events.EventQueue (EventQueue.java:fireEvent(216)) - No event handler registered for event TypedEvent{payloadType=DatanodeDetails, name='Datanode_Command_Queue_Updated'}
2022-12-08 06:44:07,164 [f4510996-e6f0-4857-a292-ff170ae2c782@group-698671003972-FollowerState] INFO  server.RaftServerConfigKeys (ConfUtils.java:logGet(46)) - raft.server.leaderelection.pre-vote = false (custom)
2022-12-08 06:44:07,164 [f4510996-e6f0-4857-a292-ff170ae2c782@group-698671003972-FollowerState] INFO  impl.RoleInfo (RoleInfo.java:updateAndGet(139)) - f4510996-e6f0-4857-a292-ff170ae2c782: start f4510996-e6f0-4857-a292-ff170ae2c782@group-698671003972-LeaderElection4
2022-12-08 06:44:07,186 [f4510996-e6f0-4857-a292-ff170ae2c782@group-698671003972-LeaderElection4] INFO  impl.LeaderElection (LeaderElection.java:askForVotes(312)) - f4510996-e6f0-4857-a292-ff170ae2c782@group-698671003972-LeaderElection4 ELECTION round 0: submit vote requests at term 1 for -1: peers:[f4510996-e6f0-4857-a292-ff170ae2c782|rpc:10.1.0.31:33975|priority:1|startupRole:FOLLOWER]|listeners:[], old=null
2022-12-08 06:44:07,188 [f4510996-e6f0-4857-a292-ff170ae2c782@group-698671003972-LeaderElection4] INFO  impl.LeaderElection (LeaderElection.java:askForVotes(314)) - f4510996-e6f0-4857-a292-ff170ae2c782@group-698671003972-LeaderElection4 ELECTION round 0: result PASSED (term=1)
2022-12-08 06:44:07,189 [f4510996-e6f0-4857-a292-ff170ae2c782@group-698671003972-LeaderElection4] INFO  impl.RoleInfo (RoleInfo.java:shutdownLeaderElection(130)) - f4510996-e6f0-4857-a292-ff170ae2c782: shutdown f4510996-e6f0-4857-a292-ff170ae2c782@group-698671003972-LeaderElection4
2022-12-08 06:44:07,189 [f4510996-e6f0-4857-a292-ff170ae2c782@group-698671003972-LeaderElection4] INFO  server.RaftServer$Division (RaftServerImpl.java:setRole(321)) - f4510996-e6f0-4857-a292-ff170ae2c782@group-698671003972: changes role from CANDIDATE to LEADER at term 1 for changeToLeader
2022-12-08 06:44:07,189 [f4510996-e6f0-4857-a292-ff170ae2c782@group-698671003972-LeaderElection4] INFO  ratis.XceiverServerRatis (XceiverServerRatis.java:handleLeaderChangedNotification(863)) - Leader change notification received for group: group-698671003972 with new leaderId: f4510996-e6f0-4857-a292-ff170ae2c782
2022-12-08 06:44:07,190 [f4510996-e6f0-4857-a292-ff170ae2c782@group-698671003972-LeaderElection4] INFO  server.RaftServer$Division (ServerState.java:setLeader(313)) - f4510996-e6f0-4857-a292-ff170ae2c782@group-698671003972: change Leader from null to f4510996-e6f0-4857-a292-ff170ae2c782 at term 1 for becomeLeader, leader elected after 5396ms
2022-12-08 06:44:07,191 [EventQueue-CommandQueueReportForCommandQueueReportHandler] WARN  events.EventQueue (EventQueue.java:fireEvent(216)) - No event handler registered for event TypedEvent{payloadType=DatanodeDetails, name='Datanode_Command_Queue_Updated'}
2022-12-08 06:44:07,191 [f4510996-e6f0-4857-a292-ff170ae2c782@group-698671003972-LeaderElection4] INFO  server.RaftServerConfigKeys (ConfUtils.java:logGet(46)) - raft.server.staging.catchup.gap = 1000 (default)
2022-12-08 06:44:07,192 [f4510996-e6f0-4857-a292-ff170ae2c782@group-698671003972-LeaderElection4] INFO  server.RaftServerConfigKeys (ConfUtils.java:logGet(46)) - raft.server.write.element-limit = 1024 (custom)
2022-12-08 06:44:07,192 [f4510996-e6f0-4857-a292-ff170ae2c782@group-698671003972-LeaderElection4] INFO  server.RaftServerConfigKeys (ConfUtils.java:logGet(46)) - raft.server.write.byte-limit = 1024 M (=1073741824) (custom)
2022-12-08 06:44:07,192 [f4510996-e6f0-4857-a292-ff170ae2c782@group-698671003972-LeaderElection4] INFO  server.RaftServerConfigKeys (ConfUtils.java:logGet(46)) - raft.server.watch.timeout = 180s (custom)
2022-12-08 06:44:07,192 [f4510996-e6f0-4857-a292-ff170ae2c782@group-698671003972-LeaderElection4] INFO  server.RaftServerConfigKeys (ConfUtils.java:logGet(46)) - raft.server.watch.timeout.denomination = 1s (default)
2022-12-08 06:44:07,192 [f4510996-e6f0-4857-a292-ff170ae2c782@group-698671003972-LeaderElection4] INFO  server.RaftServerConfigKeys (ConfUtils.java:logGet(46)) - raft.server.watch.element-limit = 65536 (default)
2022-12-08 06:44:07,192 [f4510996-e6f0-4857-a292-ff170ae2c782@group-698671003972-LeaderElection4] INFO  server.RaftServerConfigKeys (ConfUtils.java:logGet(46)) - raft.server.write.element-limit = 1024 (custom)
2022-12-08 06:44:07,192 [f4510996-e6f0-4857-a292-ff170ae2c782@group-698671003972-LeaderElection4] INFO  server.RaftServerConfigKeys (ConfUtils.java:logGet(46)) - raft.server.write.follower.gap.ratio.max = -1.0 (default)
2022-12-08 06:44:07,192 [f4510996-e6f0-4857-a292-ff170ae2c782@group-698671003972-LeaderElection4] INFO  impl.RoleInfo (RoleInfo.java:updateAndGet(139)) - f4510996-e6f0-4857-a292-ff170ae2c782: start f4510996-e6f0-4857-a292-ff170ae2c782@group-698671003972-LeaderStateImpl
2022-12-08 06:44:07,194 [f4510996-e6f0-4857-a292-ff170ae2c782@group-698671003972-LeaderElection4] INFO  segmented.SegmentedRaftLogWorker (SegmentedRaftLogWorker.java:startLogSegment(452)) - f4510996-e6f0-4857-a292-ff170ae2c782@group-698671003972-SegmentedRaftLogWorker: Starting segment from index:0
2022-12-08 06:44:07,200 [f4510996-e6f0-4857-a292-ff170ae2c782@group-698671003972-LeaderElection4] INFO  server.RaftServer$Division (ServerState.java:setRaftConf(430)) - f4510996-e6f0-4857-a292-ff170ae2c782@group-698671003972: set configuration 0: peers:[f4510996-e6f0-4857-a292-ff170ae2c782|rpc:10.1.0.31:33975|dataStream:|priority:1|startupRole:FOLLOWER]|listeners:[], old=null
2022-12-08 06:44:07,201 [f4510996-e6f0-4857-a292-ff170ae2c782@group-698671003972-SegmentedRaftLogWorker] INFO  segmented.SegmentedRaftLogWorker (SegmentedRaftLogWorker.java:execute(656)) - f4510996-e6f0-4857-a292-ff170ae2c782@group-698671003972-SegmentedRaftLogWorker: created new log segment /home/runner/work/ozone/ozone/hadoop-ozone/integration-test/target/test-dir/MiniOzoneClusterImpl-ddb91292-9bed-4e17-ad85-89bc7eecbd5e/datanode-1/data/ratis/b28726a4-0c85-423d-aa83-698671003972/current/log_inprogress_0
2022-12-08 06:44:07,253 [EventQueue-CommandQueueReportForCommandQueueReportHandler] WARN  events.EventQueue (EventQueue.java:fireEvent(216)) - No event handler registered for event TypedEvent{payloadType=DatanodeDetails, name='Datanode_Command_Queue_Updated'}
2022-12-08 06:44:07,258 [EventQueue-CommandQueueReportForCommandQueueReportHandler] WARN  events.EventQueue (EventQueue.java:fireEvent(216)) - No event handler registered for event TypedEvent{payloadType=DatanodeDetails, name='Datanode_Command_Queue_Updated'}
2022-12-08 06:44:07,348 [94cb98dd-f956-4629-97e9-c7eafa6bfa57@group-0D65DB5CDAD5-FollowerState] INFO  impl.FollowerState (FollowerState.java:run(143)) - 94cb98dd-f956-4629-97e9-c7eafa6bfa57@group-0D65DB5CDAD5-FollowerState: change to CANDIDATE, lastRpcElapsedTime:5081779911ns, electionTimeout:5078ms
2022-12-08 06:44:07,348 [94cb98dd-f956-4629-97e9-c7eafa6bfa57@group-0D65DB5CDAD5-FollowerState] INFO  impl.RoleInfo (RoleInfo.java:shutdownFollowerState(110)) - 94cb98dd-f956-4629-97e9-c7eafa6bfa57: shutdown 94cb98dd-f956-4629-97e9-c7eafa6bfa57@group-0D65DB5CDAD5-FollowerState
2022-12-08 06:44:07,348 [94cb98dd-f956-4629-97e9-c7eafa6bfa57@group-0D65DB5CDAD5-FollowerState] INFO  server.RaftServer$Division (RaftServerImpl.java:setRole(321)) - 94cb98dd-f956-4629-97e9-c7eafa6bfa57@group-0D65DB5CDAD5: changes role from  FOLLOWER to CANDIDATE at term 0 for changeToCandidate
2022-12-08 06:44:07,349 [94cb98dd-f956-4629-97e9-c7eafa6bfa57@group-0D65DB5CDAD5-FollowerState] INFO  server.RaftServerConfigKeys (ConfUtils.java:logGet(46)) - raft.server.leaderelection.pre-vote = false (custom)
2022-12-08 06:44:07,350 [94cb98dd-f956-4629-97e9-c7eafa6bfa57@group-0D65DB5CDAD5-FollowerState] INFO  impl.RoleInfo (RoleInfo.java:updateAndGet(139)) - 94cb98dd-f956-4629-97e9-c7eafa6bfa57: start 94cb98dd-f956-4629-97e9-c7eafa6bfa57@group-0D65DB5CDAD5-LeaderElection5
2022-12-08 06:44:07,357 [94cb98dd-f956-4629-97e9-c7eafa6bfa57@group-0D65DB5CDAD5-LeaderElection5] INFO  impl.LeaderElection (LeaderElection.java:askForVotes(312)) - 94cb98dd-f956-4629-97e9-c7eafa6bfa57@group-0D65DB5CDAD5-LeaderElection5 ELECTION round 0: submit vote requests at term 1 for -1: peers:[94cb98dd-f956-4629-97e9-c7eafa6bfa57|rpc:10.1.0.31:38663|priority:0|startupRole:FOLLOWER, f4510996-e6f0-4857-a292-ff170ae2c782|rpc:10.1.0.31:33975|priority:1|startupRole:FOLLOWER, 16b83421-d067-43ff-a35e-8d85285fddd5|rpc:10.1.0.31:41675|priority:0|startupRole:FOLLOWER]|listeners:[], old=null
2022-12-08 06:44:07,362 [94cb98dd-f956-4629-97e9-c7eafa6bfa57@group-0D65DB5CDAD5-LeaderElection5-1] INFO  server.GrpcServerProtocolClient (GrpcServerProtocolClient.java:<init>(63)) - Build channel for f4510996-e6f0-4857-a292-ff170ae2c782
2022-12-08 06:44:07,366 [94cb98dd-f956-4629-97e9-c7eafa6bfa57@group-0D65DB5CDAD5-LeaderElection5] INFO  server.RaftServerConfigKeys (ConfUtils.java:logFallback(53)) - raft.server.rpc.first-election.timeout.min = 5s (fallback to raft.server.rpc.timeout.min)
2022-12-08 06:44:07,367 [94cb98dd-f956-4629-97e9-c7eafa6bfa57@group-0D65DB5CDAD5-LeaderElection5] INFO  server.RaftServerConfigKeys (ConfUtils.java:logFallback(53)) - raft.server.rpc.first-election.timeout.max = 5200ms (fallback to raft.server.rpc.timeout.max)
2022-12-08 06:44:07,369 [94cb98dd-f956-4629-97e9-c7eafa6bfa57@group-0D65DB5CDAD5-LeaderElection5-2] INFO  server.GrpcServerProtocolClient (GrpcServerProtocolClient.java:<init>(63)) - Build channel for 16b83421-d067-43ff-a35e-8d85285fddd5
2022-12-08 06:44:07,378 [grpc-default-executor-5] INFO  server.RaftServer$Division (RaftServerImpl.java:requestVote(1218)) - 16b83421-d067-43ff-a35e-8d85285fddd5@group-0D65DB5CDAD5: receive requestVote(ELECTION, 94cb98dd-f956-4629-97e9-c7eafa6bfa57, group-0D65DB5CDAD5, 1, (t:0, i:0))
2022-12-08 06:44:07,378 [grpc-default-executor-5] INFO  impl.VoteContext (VoteContext.java:log(49)) - 16b83421-d067-43ff-a35e-8d85285fddd5@group-0D65DB5CDAD5-FOLLOWER: accept ELECTION from 94cb98dd-f956-4629-97e9-c7eafa6bfa57: our priority 0 <= candidate's priority 0
2022-12-08 06:44:07,378 [grpc-default-executor-5] INFO  server.RaftServer$Division (RaftServerImpl.java:setRole(321)) - 16b83421-d067-43ff-a35e-8d85285fddd5@group-0D65DB5CDAD5: changes role from  FOLLOWER to FOLLOWER at term 1 for candidate:94cb98dd-f956-4629-97e9-c7eafa6bfa57
2022-12-08 06:44:07,378 [grpc-default-executor-5] INFO  impl.RoleInfo (RoleInfo.java:shutdownFollowerState(110)) - 16b83421-d067-43ff-a35e-8d85285fddd5: shutdown 16b83421-d067-43ff-a35e-8d85285fddd5@group-0D65DB5CDAD5-FollowerState
2022-12-08 06:44:07,378 [16b83421-d067-43ff-a35e-8d85285fddd5@group-0D65DB5CDAD5-FollowerState] INFO  impl.FollowerState (FollowerState.java:run(152)) - 16b83421-d067-43ff-a35e-8d85285fddd5@group-0D65DB5CDAD5-FollowerState was interrupted
2022-12-08 06:44:07,379 [grpc-default-executor-5] INFO  impl.RoleInfo (RoleInfo.java:updateAndGet(139)) - 16b83421-d067-43ff-a35e-8d85285fddd5: start 16b83421-d067-43ff-a35e-8d85285fddd5@group-0D65DB5CDAD5-FollowerState
2022-12-08 06:44:07,380 [16b83421-d067-43ff-a35e-8d85285fddd5@group-0D65DB5CDAD5-FollowerState] INFO  server.RaftServerConfigKeys (ConfUtils.java:logFallback(53)) - raft.server.rpc.first-election.timeout.min = 5s (fallback to raft.server.rpc.timeout.min)
2022-12-08 06:44:07,380 [16b83421-d067-43ff-a35e-8d85285fddd5@group-0D65DB5CDAD5-FollowerState] INFO  server.RaftServerConfigKeys (ConfUtils.java:logFallback(53)) - raft.server.rpc.first-election.timeout.max = 5200ms (fallback to raft.server.rpc.timeout.max)
2022-12-08 06:44:07,381 [grpc-default-executor-5] INFO  server.RaftServer$Division (RaftServerImpl.java:requestVote(1251)) - 16b83421-d067-43ff-a35e-8d85285fddd5@group-0D65DB5CDAD5 replies to ELECTION vote request: 94cb98dd-f956-4629-97e9-c7eafa6bfa57<-16b83421-d067-43ff-a35e-8d85285fddd5#0:OK-t1. Peer's state: 16b83421-d067-43ff-a35e-8d85285fddd5@group-0D65DB5CDAD5:t1, leader=null, voted=94cb98dd-f956-4629-97e9-c7eafa6bfa57, raftlog=Memoized:16b83421-d067-43ff-a35e-8d85285fddd5@group-0D65DB5CDAD5-SegmentedRaftLog:OPENED:c-1, conf=-1: peers:[94cb98dd-f956-4629-97e9-c7eafa6bfa57|rpc:10.1.0.31:38663|priority:0|startupRole:FOLLOWER, f4510996-e6f0-4857-a292-ff170ae2c782|rpc:10.1.0.31:33975|priority:1|startupRole:FOLLOWER, 16b83421-d067-43ff-a35e-8d85285fddd5|rpc:10.1.0.31:41675|priority:0|startupRole:FOLLOWER]|listeners:[], old=null
2022-12-08 06:44:07,397 [grpc-default-executor-5] INFO  server.RaftServer$Division (RaftServerImpl.java:requestVote(1218)) - f4510996-e6f0-4857-a292-ff170ae2c782@group-0D65DB5CDAD5: receive requestVote(ELECTION, 94cb98dd-f956-4629-97e9-c7eafa6bfa57, group-0D65DB5CDAD5, 1, (t:0, i:0))
2022-12-08 06:44:07,398 [grpc-default-executor-5] INFO  impl.VoteContext (VoteContext.java:log(49)) - f4510996-e6f0-4857-a292-ff170ae2c782@group-0D65DB5CDAD5-FOLLOWER: reject ELECTION from 94cb98dd-f956-4629-97e9-c7eafa6bfa57: our priority 1 > candidate's priority 0
2022-12-08 06:44:07,398 [grpc-default-executor-5] INFO  server.RaftServer$Division (RaftServerImpl.java:setRole(321)) - f4510996-e6f0-4857-a292-ff170ae2c782@group-0D65DB5CDAD5: changes role from  FOLLOWER to FOLLOWER at term 1 for candidate:94cb98dd-f956-4629-97e9-c7eafa6bfa57
2022-12-08 06:44:07,398 [grpc-default-executor-5] INFO  impl.RoleInfo (RoleInfo.java:shutdownFollowerState(110)) - f4510996-e6f0-4857-a292-ff170ae2c782: shutdown f4510996-e6f0-4857-a292-ff170ae2c782@group-0D65DB5CDAD5-FollowerState
2022-12-08 06:44:07,398 [f4510996-e6f0-4857-a292-ff170ae2c782@group-0D65DB5CDAD5-FollowerState] INFO  impl.FollowerState (FollowerState.java:run(152)) - f4510996-e6f0-4857-a292-ff170ae2c782@group-0D65DB5CDAD5-FollowerState was interrupted
2022-12-08 06:44:07,398 [grpc-default-executor-5] INFO  impl.RoleInfo (RoleInfo.java:updateAndGet(139)) - f4510996-e6f0-4857-a292-ff170ae2c782: start f4510996-e6f0-4857-a292-ff170ae2c782@group-0D65DB5CDAD5-FollowerState
2022-12-08 06:44:07,400 [grpc-default-executor-5] INFO  server.RaftServer$Division (RaftServerImpl.java:requestVote(1251)) - f4510996-e6f0-4857-a292-ff170ae2c782@group-0D65DB5CDAD5 replies to ELECTION vote request: 94cb98dd-f956-4629-97e9-c7eafa6bfa57<-f4510996-e6f0-4857-a292-ff170ae2c782#0:FAIL-t1. Peer's state: f4510996-e6f0-4857-a292-ff170ae2c782@group-0D65DB5CDAD5:t1, leader=null, voted=null, raftlog=Memoized:f4510996-e6f0-4857-a292-ff170ae2c782@group-0D65DB5CDAD5-SegmentedRaftLog:OPENED:c-1, conf=-1: peers:[94cb98dd-f956-4629-97e9-c7eafa6bfa57|rpc:10.1.0.31:38663|priority:0|startupRole:FOLLOWER, f4510996-e6f0-4857-a292-ff170ae2c782|rpc:10.1.0.31:33975|priority:1|startupRole:FOLLOWER, 16b83421-d067-43ff-a35e-8d85285fddd5|rpc:10.1.0.31:41675|priority:0|startupRole:FOLLOWER]|listeners:[], old=null
2022-12-08 06:44:07,402 [94cb98dd-f956-4629-97e9-c7eafa6bfa57@group-0D65DB5CDAD5-LeaderElection5] INFO  impl.LeaderElection (LeaderElection.java:logAndReturn(90)) - 94cb98dd-f956-4629-97e9-c7eafa6bfa57@group-0D65DB5CDAD5-LeaderElection5: ELECTION REJECTED received 2 response(s) and 0 exception(s):
2022-12-08 06:44:07,402 [94cb98dd-f956-4629-97e9-c7eafa6bfa57@group-0D65DB5CDAD5-LeaderElection5] INFO  impl.LeaderElection (LeaderElection.java:logAndReturn(94)) -   Response 0: 94cb98dd-f956-4629-97e9-c7eafa6bfa57<-f4510996-e6f0-4857-a292-ff170ae2c782#0:FAIL-t1
2022-12-08 06:44:07,402 [94cb98dd-f956-4629-97e9-c7eafa6bfa57@group-0D65DB5CDAD5-LeaderElection5] INFO  impl.LeaderElection (LeaderElection.java:logAndReturn(94)) -   Response 1: 94cb98dd-f956-4629-97e9-c7eafa6bfa57<-16b83421-d067-43ff-a35e-8d85285fddd5#0:OK-t1
2022-12-08 06:44:07,402 [94cb98dd-f956-4629-97e9-c7eafa6bfa57@group-0D65DB5CDAD5-LeaderElection5] INFO  impl.LeaderElection (LeaderElection.java:askForVotes(314)) - 94cb98dd-f956-4629-97e9-c7eafa6bfa57@group-0D65DB5CDAD5-LeaderElection5 ELECTION round 0: result REJECTED
2022-12-08 06:44:07,402 [94cb98dd-f956-4629-97e9-c7eafa6bfa57@group-0D65DB5CDAD5-LeaderElection5] INFO  server.RaftServer$Division (RaftServerImpl.java:setRole(321)) - 94cb98dd-f956-4629-97e9-c7eafa6bfa57@group-0D65DB5CDAD5: changes role from CANDIDATE to FOLLOWER at term 1 for REJECTED
2022-12-08 06:44:07,402 [94cb98dd-f956-4629-97e9-c7eafa6bfa57@group-0D65DB5CDAD5-LeaderElection5] INFO  impl.RoleInfo (RoleInfo.java:shutdownLeaderElection(130)) - 94cb98dd-f956-4629-97e9-c7eafa6bfa57: shutdown 94cb98dd-f956-4629-97e9-c7eafa6bfa57@group-0D65DB5CDAD5-LeaderElection5
2022-12-08 06:44:07,402 [94cb98dd-f956-4629-97e9-c7eafa6bfa57@group-0D65DB5CDAD5-LeaderElection5] INFO  impl.RoleInfo (RoleInfo.java:updateAndGet(139)) - 94cb98dd-f956-4629-97e9-c7eafa6bfa57: start 94cb98dd-f956-4629-97e9-c7eafa6bfa57@group-0D65DB5CDAD5-FollowerState
2022-12-08 06:44:07,403 [f4510996-e6f0-4857-a292-ff170ae2c782@group-0D65DB5CDAD5-FollowerState] INFO  server.RaftServerConfigKeys (ConfUtils.java:logFallback(53)) - raft.server.rpc.first-election.timeout.min = 5s (fallback to raft.server.rpc.timeout.min)
2022-12-08 06:44:07,403 [f4510996-e6f0-4857-a292-ff170ae2c782@group-0D65DB5CDAD5-FollowerState] INFO  server.RaftServerConfigKeys (ConfUtils.java:logFallback(53)) - raft.server.rpc.first-election.timeout.max = 5200ms (fallback to raft.server.rpc.timeout.max)
2022-12-08 06:44:07,404 [94cb98dd-f956-4629-97e9-c7eafa6bfa57@group-1E9787B7D52E-FollowerState] INFO  impl.FollowerState (FollowerState.java:run(143)) - 94cb98dd-f956-4629-97e9-c7eafa6bfa57@group-1E9787B7D52E-FollowerState: change to CANDIDATE, lastRpcElapsedTime:5194619818ns, electionTimeout:5178ms
2022-12-08 06:44:07,404 [94cb98dd-f956-4629-97e9-c7eafa6bfa57@group-1E9787B7D52E-FollowerState] INFO  impl.RoleInfo (RoleInfo.java:shutdownFollowerState(110)) - 94cb98dd-f956-4629-97e9-c7eafa6bfa57: shutdown 94cb98dd-f956-4629-97e9-c7eafa6bfa57@group-1E9787B7D52E-FollowerState
2022-12-08 06:44:07,404 [94cb98dd-f956-4629-97e9-c7eafa6bfa57@group-1E9787B7D52E-FollowerState] INFO  server.RaftServer$Division (RaftServerImpl.java:setRole(321)) - 94cb98dd-f956-4629-97e9-c7eafa6bfa57@group-1E9787B7D52E: changes role from  FOLLOWER to CANDIDATE at term 0 for changeToCandidate
2022-12-08 06:44:07,406 [94cb98dd-f956-4629-97e9-c7eafa6bfa57@group-1E9787B7D52E-FollowerState] INFO  server.RaftServerConfigKeys (ConfUtils.java:logGet(46)) - raft.server.leaderelection.pre-vote = false (custom)
2022-12-08 06:44:07,406 [94cb98dd-f956-4629-97e9-c7eafa6bfa57@group-1E9787B7D52E-FollowerState] INFO  impl.RoleInfo (RoleInfo.java:updateAndGet(139)) - 94cb98dd-f956-4629-97e9-c7eafa6bfa57: start 94cb98dd-f956-4629-97e9-c7eafa6bfa57@group-1E9787B7D52E-LeaderElection6
2022-12-08 06:44:07,408 [94cb98dd-f956-4629-97e9-c7eafa6bfa57@group-0D65DB5CDAD5-FollowerState] INFO  server.RaftServerConfigKeys (ConfUtils.java:logFallback(53)) - raft.server.rpc.first-election.timeout.min = 5s (fallback to raft.server.rpc.timeout.min)
2022-12-08 06:44:07,408 [94cb98dd-f956-4629-97e9-c7eafa6bfa57@group-0D65DB5CDAD5-FollowerState] INFO  server.RaftServerConfigKeys (ConfUtils.java:logFallback(53)) - raft.server.rpc.first-election.timeout.max = 5200ms (fallback to raft.server.rpc.timeout.max)
2022-12-08 06:44:07,415 [94cb98dd-f956-4629-97e9-c7eafa6bfa57@group-1E9787B7D52E-LeaderElection6] INFO  impl.LeaderElection (LeaderElection.java:askForVotes(312)) - 94cb98dd-f956-4629-97e9-c7eafa6bfa57@group-1E9787B7D52E-LeaderElection6 ELECTION round 0: submit vote requests at term 1 for -1: peers:[94cb98dd-f956-4629-97e9-c7eafa6bfa57|rpc:10.1.0.31:38663|priority:1|startupRole:FOLLOWER]|listeners:[], old=null
2022-12-08 06:44:07,415 [94cb98dd-f956-4629-97e9-c7eafa6bfa57@group-1E9787B7D52E-LeaderElection6] INFO  impl.LeaderElection (LeaderElection.java:askForVotes(314)) - 94cb98dd-f956-4629-97e9-c7eafa6bfa57@group-1E9787B7D52E-LeaderElection6 ELECTION round 0: result PASSED (term=1)
2022-12-08 06:44:07,415 [94cb98dd-f956-4629-97e9-c7eafa6bfa57@group-1E9787B7D52E-LeaderElection6] INFO  impl.RoleInfo (RoleInfo.java:shutdownLeaderElection(130)) - 94cb98dd-f956-4629-97e9-c7eafa6bfa57: shutdown 94cb98dd-f956-4629-97e9-c7eafa6bfa57@group-1E9787B7D52E-LeaderElection6
2022-12-08 06:44:07,417 [94cb98dd-f956-4629-97e9-c7eafa6bfa57@group-1E9787B7D52E-LeaderElection6] INFO  server.RaftServer$Division (RaftServerImpl.java:setRole(321)) - 94cb98dd-f956-4629-97e9-c7eafa6bfa57@group-1E9787B7D52E: changes role from CANDIDATE to LEADER at term 1 for changeToLeader
2022-12-08 06:44:07,417 [94cb98dd-f956-4629-97e9-c7eafa6bfa57@group-1E9787B7D52E-LeaderElection6] INFO  ratis.XceiverServerRatis (XceiverServerRatis.java:handleLeaderChangedNotification(863)) - Leader change notification received for group: group-1E9787B7D52E with new leaderId: 94cb98dd-f956-4629-97e9-c7eafa6bfa57
2022-12-08 06:44:07,417 [94cb98dd-f956-4629-97e9-c7eafa6bfa57@group-1E9787B7D52E-LeaderElection6] INFO  server.RaftServer$Division (ServerState.java:setLeader(313)) - 94cb98dd-f956-4629-97e9-c7eafa6bfa57@group-1E9787B7D52E: change Leader from null to 94cb98dd-f956-4629-97e9-c7eafa6bfa57 at term 1 for becomeLeader, leader elected after 5250ms
2022-12-08 06:44:07,417 [94cb98dd-f956-4629-97e9-c7eafa6bfa57@group-1E9787B7D52E-LeaderElection6] INFO  server.RaftServerConfigKeys (ConfUtils.java:logGet(46)) - raft.server.staging.catchup.gap = 1000 (default)
2022-12-08 06:44:07,417 [94cb98dd-f956-4629-97e9-c7eafa6bfa57@group-1E9787B7D52E-LeaderElection6] INFO  server.RaftServerConfigKeys (ConfUtils.java:logGet(46)) - raft.server.write.element-limit = 1024 (custom)
2022-12-08 06:44:07,417 [94cb98dd-f956-4629-97e9-c7eafa6bfa57@group-1E9787B7D52E-LeaderElection6] INFO  server.RaftServerConfigKeys (ConfUtils.java:logGet(46)) - raft.server.write.byte-limit = 1024 M (=1073741824) (custom)
2022-12-08 06:44:07,418 [94cb98dd-f956-4629-97e9-c7eafa6bfa57@group-1E9787B7D52E-LeaderElection6] INFO  server.RaftServerConfigKeys (ConfUtils.java:logGet(46)) - raft.server.watch.timeout = 180s (custom)
2022-12-08 06:44:07,418 [94cb98dd-f956-4629-97e9-c7eafa6bfa57@group-1E9787B7D52E-LeaderElection6] INFO  server.RaftServerConfigKeys (ConfUtils.java:logGet(46)) - raft.server.watch.timeout.denomination = 1s (default)
2022-12-08 06:44:07,418 [94cb98dd-f956-4629-97e9-c7eafa6bfa57@group-1E9787B7D52E-LeaderElection6] INFO  server.RaftServerConfigKeys (ConfUtils.java:logGet(46)) - raft.server.watch.element-limit = 65536 (default)
2022-12-08 06:44:07,418 [94cb98dd-f956-4629-97e9-c7eafa6bfa57@group-1E9787B7D52E-LeaderElection6] INFO  server.RaftServerConfigKeys (ConfUtils.java:logGet(46)) - raft.server.write.element-limit = 1024 (custom)
2022-12-08 06:44:07,418 [94cb98dd-f956-4629-97e9-c7eafa6bfa57@group-1E9787B7D52E-LeaderElection6] INFO  server.RaftServerConfigKeys (ConfUtils.java:logGet(46)) - raft.server.write.follower.gap.ratio.max = -1.0 (default)
2022-12-08 06:44:07,418 [94cb98dd-f956-4629-97e9-c7eafa6bfa57@group-1E9787B7D52E-LeaderElection6] INFO  impl.RoleInfo (RoleInfo.java:updateAndGet(139)) - 94cb98dd-f956-4629-97e9-c7eafa6bfa57: start 94cb98dd-f956-4629-97e9-c7eafa6bfa57@group-1E9787B7D52E-LeaderStateImpl
2022-12-08 06:44:07,418 [94cb98dd-f956-4629-97e9-c7eafa6bfa57@group-1E9787B7D52E-LeaderElection6] INFO  segmented.SegmentedRaftLogWorker (SegmentedRaftLogWorker.java:startLogSegment(452)) - 94cb98dd-f956-4629-97e9-c7eafa6bfa57@group-1E9787B7D52E-SegmentedRaftLogWorker: Starting segment from index:0
2022-12-08 06:44:07,418 [EventQueue-CommandQueueReportForCommandQueueReportHandler] WARN  events.EventQueue (EventQueue.java:fireEvent(216)) - No event handler registered for event TypedEvent{payloadType=DatanodeDetails, name='Datanode_Command_Queue_Updated'}
2022-12-08 06:44:07,419 [94cb98dd-f956-4629-97e9-c7eafa6bfa57@group-1E9787B7D52E-SegmentedRaftLogWorker] INFO  segmented.SegmentedRaftLogWorker (SegmentedRaftLogWorker.java:execute(656)) - 94cb98dd-f956-4629-97e9-c7eafa6bfa57@group-1E9787B7D52E-SegmentedRaftLogWorker: created new log segment /home/runner/work/ozone/ozone/hadoop-ozone/integration-test/target/test-dir/MiniOzoneClusterImpl-ddb91292-9bed-4e17-ad85-89bc7eecbd5e/datanode-2/data/ratis/6007232d-3cdf-45aa-9481-1e9787b7d52e/current/log_inprogress_0
2022-12-08 06:44:07,421 [EventQueue-CommandQueueReportForCommandQueueReportHandler] WARN  events.EventQueue (EventQueue.java:fireEvent(216)) - No event handler registered for event TypedEvent{payloadType=DatanodeDetails, name='Datanode_Command_Queue_Updated'}
2022-12-08 06:44:07,426 [94cb98dd-f956-4629-97e9-c7eafa6bfa57@group-1E9787B7D52E-LeaderElection6] INFO  server.RaftServer$Division (ServerState.java:setRaftConf(430)) - 94cb98dd-f956-4629-97e9-c7eafa6bfa57@group-1E9787B7D52E: set configuration 0: peers:[94cb98dd-f956-4629-97e9-c7eafa6bfa57|rpc:10.1.0.31:38663|dataStream:|priority:1|startupRole:FOLLOWER]|listeners:[], old=null
2022-12-08 06:44:07,574 [Listener at 127.0.0.1/38363] INFO  rpc.RpcClient (RpcClient.java:createVolume(472)) - Creating Volume: testblockoutputstream, with runner as owner and space quota set to -1 bytes, counts quota set to -1
2022-12-08 06:44:07,636 [OM StateMachine ApplyTransaction Thread - 0] INFO  volume.OMVolumeCreateRequest (OMVolumeCreateRequest.java:validateAndUpdateCache(195)) - created volume:testblockoutputstream for user:runner
2022-12-08 06:44:07,655 [Listener at 127.0.0.1/38363] INFO  rpc.RpcClient (RpcClient.java:createBucket(691)) - Creating Bucket: testblockoutputstream/testblockoutputstream, with server-side default bucket layout, runner as owner, Versioning false, Storage Type set to DISK and Encryption set to false 
2022-12-08 06:44:07,673 [OM StateMachine ApplyTransaction Thread - 0] INFO  bucket.OMBucketCreateRequest (OMBucketCreateRequest.java:validateAndUpdateCache(260)) - created bucket: testblockoutputstream of layout LEGACY in volume: testblockoutputstream
2022-12-08 06:44:07,696 [Time-limited test] INFO  impl.MetricsSystemImpl (MetricsSystemImpl.java:init(158)) - XceiverClientMetrics metrics system started (again)
2022-12-08 06:44:07,708 [EventQueue-CommandQueueReportForCommandQueueReportHandler] WARN  events.EventQueue (EventQueue.java:fireEvent(216)) - No event handler registered for event TypedEvent{payloadType=DatanodeDetails, name='Datanode_Command_Queue_Updated'}
2022-12-08 06:44:07,739 [1c8923d8-6a71-498a-a002-ede96d851d5f@group-6A4795801AA4-FollowerState] INFO  impl.FollowerState (FollowerState.java:run(143)) - 1c8923d8-6a71-498a-a002-ede96d851d5f@group-6A4795801AA4-FollowerState: change to CANDIDATE, lastRpcElapsedTime:5147325525ns, electionTimeout:5139ms
2022-12-08 06:44:07,739 [1c8923d8-6a71-498a-a002-ede96d851d5f@group-6A4795801AA4-FollowerState] INFO  impl.RoleInfo (RoleInfo.java:shutdownFollowerState(110)) - 1c8923d8-6a71-498a-a002-ede96d851d5f: shutdown 1c8923d8-6a71-498a-a002-ede96d851d5f@group-6A4795801AA4-FollowerState
2022-12-08 06:44:07,739 [1c8923d8-6a71-498a-a002-ede96d851d5f@group-6A4795801AA4-FollowerState] INFO  server.RaftServer$Division (RaftServerImpl.java:setRole(321)) - 1c8923d8-6a71-498a-a002-ede96d851d5f@group-6A4795801AA4: changes role from  FOLLOWER to CANDIDATE at term 0 for changeToCandidate
2022-12-08 06:44:07,741 [1c8923d8-6a71-498a-a002-ede96d851d5f@group-6A4795801AA4-FollowerState] INFO  server.RaftServerConfigKeys (ConfUtils.java:logGet(46)) - raft.server.leaderelection.pre-vote = false (custom)
2022-12-08 06:44:07,741 [1c8923d8-6a71-498a-a002-ede96d851d5f@group-6A4795801AA4-FollowerState] INFO  impl.RoleInfo (RoleInfo.java:updateAndGet(139)) - 1c8923d8-6a71-498a-a002-ede96d851d5f: start 1c8923d8-6a71-498a-a002-ede96d851d5f@group-6A4795801AA4-LeaderElection7
2022-12-08 06:44:07,753 [1c8923d8-6a71-498a-a002-ede96d851d5f@group-6A4795801AA4-LeaderElection7] INFO  impl.LeaderElection (LeaderElection.java:askForVotes(312)) - 1c8923d8-6a71-498a-a002-ede96d851d5f@group-6A4795801AA4-LeaderElection7 ELECTION round 0: submit vote requests at term 1 for -1: peers:[1c8923d8-6a71-498a-a002-ede96d851d5f|rpc:10.1.0.31:46793|priority:1|startupRole:FOLLOWER]|listeners:[], old=null
2022-12-08 06:44:07,753 [1c8923d8-6a71-498a-a002-ede96d851d5f@group-6A4795801AA4-LeaderElection7] INFO  impl.LeaderElection (LeaderElection.java:askForVotes(314)) - 1c8923d8-6a71-498a-a002-ede96d851d5f@group-6A4795801AA4-LeaderElection7 ELECTION round 0: result PASSED (term=1)
2022-12-08 06:44:07,754 [1c8923d8-6a71-498a-a002-ede96d851d5f@group-6A4795801AA4-LeaderElection7] INFO  impl.RoleInfo (RoleInfo.java:shutdownLeaderElection(130)) - 1c8923d8-6a71-498a-a002-ede96d851d5f: shutdown 1c8923d8-6a71-498a-a002-ede96d851d5f@group-6A4795801AA4-LeaderElection7
2022-12-08 06:44:07,754 [1c8923d8-6a71-498a-a002-ede96d851d5f@group-6A4795801AA4-LeaderElection7] INFO  server.RaftServer$Division (RaftServerImpl.java:setRole(321)) - 1c8923d8-6a71-498a-a002-ede96d851d5f@group-6A4795801AA4: changes role from CANDIDATE to LEADER at term 1 for changeToLeader
2022-12-08 06:44:07,754 [1c8923d8-6a71-498a-a002-ede96d851d5f@group-6A4795801AA4-LeaderElection7] INFO  ratis.XceiverServerRatis (XceiverServerRatis.java:handleLeaderChangedNotification(863)) - Leader change notification received for group: group-6A4795801AA4 with new leaderId: 1c8923d8-6a71-498a-a002-ede96d851d5f
2022-12-08 06:44:07,754 [1c8923d8-6a71-498a-a002-ede96d851d5f@group-6A4795801AA4-LeaderElection7] INFO  server.RaftServer$Division (ServerState.java:setLeader(313)) - 1c8923d8-6a71-498a-a002-ede96d851d5f@group-6A4795801AA4: change Leader from null to 1c8923d8-6a71-498a-a002-ede96d851d5f at term 1 for becomeLeader, leader elected after 5188ms
2022-12-08 06:44:07,754 [1c8923d8-6a71-498a-a002-ede96d851d5f@group-6A4795801AA4-LeaderElection7] INFO  server.RaftServerConfigKeys (ConfUtils.java:logGet(46)) - raft.server.staging.catchup.gap = 1000 (default)
2022-12-08 06:44:07,754 [1c8923d8-6a71-498a-a002-ede96d851d5f@group-6A4795801AA4-LeaderElection7] INFO  server.RaftServerConfigKeys (ConfUtils.java:logGet(46)) - raft.server.write.element-limit = 1024 (custom)
2022-12-08 06:44:07,754 [1c8923d8-6a71-498a-a002-ede96d851d5f@group-6A4795801AA4-LeaderElection7] INFO  server.RaftServerConfigKeys (ConfUtils.java:logGet(46)) - raft.server.write.byte-limit = 1024 M (=1073741824) (custom)
2022-12-08 06:44:07,755 [1c8923d8-6a71-498a-a002-ede96d851d5f@group-6A4795801AA4-LeaderElection7] INFO  server.RaftServerConfigKeys (ConfUtils.java:logGet(46)) - raft.server.watch.timeout = 180s (custom)
2022-12-08 06:44:07,755 [1c8923d8-6a71-498a-a002-ede96d851d5f@group-6A4795801AA4-LeaderElection7] INFO  server.RaftServerConfigKeys (ConfUtils.java:logGet(46)) - raft.server.watch.timeout.denomination = 1s (default)
2022-12-08 06:44:07,755 [1c8923d8-6a71-498a-a002-ede96d851d5f@group-6A4795801AA4-LeaderElection7] INFO  server.RaftServerConfigKeys (ConfUtils.java:logGet(46)) - raft.server.watch.element-limit = 65536 (default)
2022-12-08 06:44:07,755 [1c8923d8-6a71-498a-a002-ede96d851d5f@group-6A4795801AA4-LeaderElection7] INFO  server.RaftServerConfigKeys (ConfUtils.java:logGet(46)) - raft.server.write.element-limit = 1024 (custom)
2022-12-08 06:44:07,755 [EventQueue-CommandQueueReportForCommandQueueReportHandler] WARN  events.EventQueue (EventQueue.java:fireEvent(216)) - No event handler registered for event TypedEvent{payloadType=DatanodeDetails, name='Datanode_Command_Queue_Updated'}
2022-12-08 06:44:07,756 [1c8923d8-6a71-498a-a002-ede96d851d5f@group-6A4795801AA4-LeaderElection7] INFO  server.RaftServerConfigKeys (ConfUtils.java:logGet(46)) - raft.server.write.follower.gap.ratio.max = -1.0 (default)
2022-12-08 06:44:07,756 [1c8923d8-6a71-498a-a002-ede96d851d5f@group-6A4795801AA4-LeaderElection7] INFO  impl.RoleInfo (RoleInfo.java:updateAndGet(139)) - 1c8923d8-6a71-498a-a002-ede96d851d5f: start 1c8923d8-6a71-498a-a002-ede96d851d5f@group-6A4795801AA4-LeaderStateImpl
2022-12-08 06:44:07,757 [1c8923d8-6a71-498a-a002-ede96d851d5f@group-6A4795801AA4-LeaderElection7] INFO  segmented.SegmentedRaftLogWorker (SegmentedRaftLogWorker.java:startLogSegment(452)) - 1c8923d8-6a71-498a-a002-ede96d851d5f@group-6A4795801AA4-SegmentedRaftLogWorker: Starting segment from index:0
2022-12-08 06:44:07,758 [1c8923d8-6a71-498a-a002-ede96d851d5f@group-6A4795801AA4-SegmentedRaftLogWorker] INFO  segmented.SegmentedRaftLogWorker (SegmentedRaftLogWorker.java:execute(656)) - 1c8923d8-6a71-498a-a002-ede96d851d5f@group-6A4795801AA4-SegmentedRaftLogWorker: created new log segment /home/runner/work/ozone/ozone/hadoop-ozone/integration-test/target/test-dir/MiniOzoneClusterImpl-ddb91292-9bed-4e17-ad85-89bc7eecbd5e/datanode-3/data/ratis/375ee620-9ae1-4279-abff-6a4795801aa4/current/log_inprogress_0
2022-12-08 06:44:07,769 [1c8923d8-6a71-498a-a002-ede96d851d5f@group-6A4795801AA4-LeaderElection7] INFO  server.RaftServer$Division (ServerState.java:setRaftConf(430)) - 1c8923d8-6a71-498a-a002-ede96d851d5f@group-6A4795801AA4: set configuration 0: peers:[1c8923d8-6a71-498a-a002-ede96d851d5f|rpc:10.1.0.31:46793|dataStream:|priority:1|startupRole:FOLLOWER]|listeners:[], old=null
2022-12-08 06:44:07,784 [1c8923d8-6a71-498a-a002-ede96d851d5f@group-C00D2EDA4D5C-FollowerState] INFO  impl.FollowerState (FollowerState.java:run(143)) - 1c8923d8-6a71-498a-a002-ede96d851d5f@group-C00D2EDA4D5C-FollowerState: change to CANDIDATE, lastRpcElapsedTime:5151396907ns, electionTimeout:5148ms
2022-12-08 06:44:07,784 [1c8923d8-6a71-498a-a002-ede96d851d5f@group-C00D2EDA4D5C-FollowerState] INFO  impl.RoleInfo (RoleInfo.java:shutdownFollowerState(110)) - 1c8923d8-6a71-498a-a002-ede96d851d5f: shutdown 1c8923d8-6a71-498a-a002-ede96d851d5f@group-C00D2EDA4D5C-FollowerState
2022-12-08 06:44:07,784 [1c8923d8-6a71-498a-a002-ede96d851d5f@group-C00D2EDA4D5C-FollowerState] INFO  server.RaftServer$Division (RaftServerImpl.java:setRole(321)) - 1c8923d8-6a71-498a-a002-ede96d851d5f@group-C00D2EDA4D5C: changes role from  FOLLOWER to CANDIDATE at term 0 for changeToCandidate
2022-12-08 06:44:07,785 [1c8923d8-6a71-498a-a002-ede96d851d5f@group-C00D2EDA4D5C-FollowerState] INFO  server.RaftServerConfigKeys (ConfUtils.java:logGet(46)) - raft.server.leaderelection.pre-vote = false (custom)
2022-12-08 06:44:07,785 [1c8923d8-6a71-498a-a002-ede96d851d5f@group-C00D2EDA4D5C-FollowerState] INFO  impl.RoleInfo (RoleInfo.java:updateAndGet(139)) - 1c8923d8-6a71-498a-a002-ede96d851d5f: start 1c8923d8-6a71-498a-a002-ede96d851d5f@group-C00D2EDA4D5C-LeaderElection8
2022-12-08 06:44:07,791 [IPC Server handler 19 on default port 38665] INFO  ha.SequenceIdGenerator (SequenceIdGenerator.java:getNextId(128)) - Allocate a batch for containerId, change lastId from 0 to 1000.
2022-12-08 06:44:07,800 [1c8923d8-6a71-498a-a002-ede96d851d5f@group-C00D2EDA4D5C-LeaderElection8] INFO  impl.LeaderElection (LeaderElection.java:askForVotes(312)) - 1c8923d8-6a71-498a-a002-ede96d851d5f@group-C00D2EDA4D5C-LeaderElection8 ELECTION round 0: submit vote requests at term 1 for -1: peers:[1c8923d8-6a71-498a-a002-ede96d851d5f|rpc:10.1.0.31:46793|priority:0|startupRole:FOLLOWER, 1fff60e7-d385-4380-9228-9acb2b7ac677|rpc:10.1.0.31:44127|priority:1|startupRole:FOLLOWER, c444494d-3849-481c-b3bb-cf4c6642ac3d|rpc:10.1.0.31:35699|priority:0|startupRole:FOLLOWER]|listeners:[], old=null
2022-12-08 06:44:07,805 [1c8923d8-6a71-498a-a002-ede96d851d5f@group-C00D2EDA4D5C-LeaderElection8-1] INFO  server.GrpcServerProtocolClient (GrpcServerProtocolClient.java:<init>(63)) - Build channel for 1fff60e7-d385-4380-9228-9acb2b7ac677
2022-12-08 06:44:07,806 [1c8923d8-6a71-498a-a002-ede96d851d5f@group-C00D2EDA4D5C-LeaderElection8] INFO  server.RaftServerConfigKeys (ConfUtils.java:logFallback(53)) - raft.server.rpc.first-election.timeout.min = 5s (fallback to raft.server.rpc.timeout.min)
2022-12-08 06:44:07,806 [1c8923d8-6a71-498a-a002-ede96d851d5f@group-C00D2EDA4D5C-LeaderElection8] INFO  server.RaftServerConfigKeys (ConfUtils.java:logFallback(53)) - raft.server.rpc.first-election.timeout.max = 5200ms (fallback to raft.server.rpc.timeout.max)
2022-12-08 06:44:07,811 [1c8923d8-6a71-498a-a002-ede96d851d5f@group-C00D2EDA4D5C-LeaderElection8-2] INFO  server.GrpcServerProtocolClient (GrpcServerProtocolClient.java:<init>(63)) - Build channel for c444494d-3849-481c-b3bb-cf4c6642ac3d
2022-12-08 06:44:07,816 [grpc-default-executor-5] INFO  server.RaftServer$Division (RaftServerImpl.java:requestVote(1218)) - 1fff60e7-d385-4380-9228-9acb2b7ac677@group-C00D2EDA4D5C: receive requestVote(ELECTION, 1c8923d8-6a71-498a-a002-ede96d851d5f, group-C00D2EDA4D5C, 1, (t:0, i:0))
2022-12-08 06:44:07,817 [grpc-default-executor-5] INFO  impl.VoteContext (VoteContext.java:log(49)) - 1fff60e7-d385-4380-9228-9acb2b7ac677@group-C00D2EDA4D5C-FOLLOWER: reject ELECTION from 1c8923d8-6a71-498a-a002-ede96d851d5f: our priority 1 > candidate's priority 0
2022-12-08 06:44:07,817 [grpc-default-executor-5] INFO  server.RaftServer$Division (RaftServerImpl.java:setRole(321)) - 1fff60e7-d385-4380-9228-9acb2b7ac677@group-C00D2EDA4D5C: changes role from  FOLLOWER to FOLLOWER at term 1 for candidate:1c8923d8-6a71-498a-a002-ede96d851d5f
2022-12-08 06:44:07,817 [grpc-default-executor-5] INFO  impl.RoleInfo (RoleInfo.java:shutdownFollowerState(110)) - 1fff60e7-d385-4380-9228-9acb2b7ac677: shutdown 1fff60e7-d385-4380-9228-9acb2b7ac677@group-C00D2EDA4D5C-FollowerState
2022-12-08 06:44:07,817 [grpc-default-executor-5] INFO  impl.RoleInfo (RoleInfo.java:updateAndGet(139)) - 1fff60e7-d385-4380-9228-9acb2b7ac677: start 1fff60e7-d385-4380-9228-9acb2b7ac677@group-C00D2EDA4D5C-FollowerState
2022-12-08 06:44:07,817 [1fff60e7-d385-4380-9228-9acb2b7ac677@group-C00D2EDA4D5C-FollowerState] INFO  impl.FollowerState (FollowerState.java:run(152)) - 1fff60e7-d385-4380-9228-9acb2b7ac677@group-C00D2EDA4D5C-FollowerState was interrupted
2022-12-08 06:44:07,819 [IPC Server handler 19 on default port 38665] WARN  ha.SequenceIdGenerator (SequenceIdGenerator.java:allocateBatch(237)) - Failed to allocate a batch for localId, expected lastId is 0, actual lastId is 109611004723200000.
2022-12-08 06:44:07,819 [IPC Server handler 19 on default port 38665] INFO  ha.SequenceIdGenerator (SequenceIdGenerator.java:getNextId(128)) - Allocate a batch for localId, change lastId from 109611004723200000 to 109611004723201000.
2022-12-08 06:44:07,820 [grpc-default-executor-5] INFO  server.RaftServer$Division (RaftServerImpl.java:requestVote(1251)) - 1fff60e7-d385-4380-9228-9acb2b7ac677@group-C00D2EDA4D5C replies to ELECTION vote request: 1c8923d8-6a71-498a-a002-ede96d851d5f<-1fff60e7-d385-4380-9228-9acb2b7ac677#0:FAIL-t1. Peer's state: 1fff60e7-d385-4380-9228-9acb2b7ac677@group-C00D2EDA4D5C:t1, leader=null, voted=null, raftlog=Memoized:1fff60e7-d385-4380-9228-9acb2b7ac677@group-C00D2EDA4D5C-SegmentedRaftLog:OPENED:c-1, conf=-1: peers:[1c8923d8-6a71-498a-a002-ede96d851d5f|rpc:10.1.0.31:46793|dataStream:|priority:0|startupRole:FOLLOWER, 1fff60e7-d385-4380-9228-9acb2b7ac677|rpc:10.1.0.31:44127|dataStream:|priority:1|startupRole:FOLLOWER, c444494d-3849-481c-b3bb-cf4c6642ac3d|rpc:10.1.0.31:35699|dataStream:|priority:0|startupRole:FOLLOWER]|listeners:[], old=null
2022-12-08 06:44:07,824 [1fff60e7-d385-4380-9228-9acb2b7ac677@group-C00D2EDA4D5C-FollowerState] INFO  server.RaftServerConfigKeys (ConfUtils.java:logFallback(53)) - raft.server.rpc.first-election.timeout.min = 5s (fallback to raft.server.rpc.timeout.min)
2022-12-08 06:44:07,824 [1fff60e7-d385-4380-9228-9acb2b7ac677@group-C00D2EDA4D5C-FollowerState] INFO  server.RaftServerConfigKeys (ConfUtils.java:logFallback(53)) - raft.server.rpc.first-election.timeout.max = 5200ms (fallback to raft.server.rpc.timeout.max)
2022-12-08 06:44:07,826 [1c8923d8-6a71-498a-a002-ede96d851d5f@group-C00D2EDA4D5C-LeaderElection8] INFO  impl.LeaderElection (LeaderElection.java:logAndReturn(90)) - 1c8923d8-6a71-498a-a002-ede96d851d5f@group-C00D2EDA4D5C-LeaderElection8: ELECTION REJECTED received 1 response(s) and 0 exception(s):
2022-12-08 06:44:07,826 [1c8923d8-6a71-498a-a002-ede96d851d5f@group-C00D2EDA4D5C-LeaderElection8] INFO  impl.LeaderElection (LeaderElection.java:logAndReturn(94)) -   Response 0: 1c8923d8-6a71-498a-a002-ede96d851d5f<-1fff60e7-d385-4380-9228-9acb2b7ac677#0:FAIL-t1
2022-12-08 06:44:07,826 [1c8923d8-6a71-498a-a002-ede96d851d5f@group-C00D2EDA4D5C-LeaderElection8] INFO  impl.LeaderElection (LeaderElection.java:askForVotes(314)) - 1c8923d8-6a71-498a-a002-ede96d851d5f@group-C00D2EDA4D5C-LeaderElection8 ELECTION round 0: result REJECTED
2022-12-08 06:44:07,826 [1c8923d8-6a71-498a-a002-ede96d851d5f@group-C00D2EDA4D5C-LeaderElection8] INFO  server.RaftServer$Division (RaftServerImpl.java:setRole(321)) - 1c8923d8-6a71-498a-a002-ede96d851d5f@group-C00D2EDA4D5C: changes role from CANDIDATE to FOLLOWER at term 1 for REJECTED
2022-12-08 06:44:07,826 [1c8923d8-6a71-498a-a002-ede96d851d5f@group-C00D2EDA4D5C-LeaderElection8] INFO  impl.RoleInfo (RoleInfo.java:shutdownLeaderElection(130)) - 1c8923d8-6a71-498a-a002-ede96d851d5f: shutdown 1c8923d8-6a71-498a-a002-ede96d851d5f@group-C00D2EDA4D5C-LeaderElection8
2022-12-08 06:44:07,826 [1c8923d8-6a71-498a-a002-ede96d851d5f@group-C00D2EDA4D5C-LeaderElection8] INFO  impl.RoleInfo (RoleInfo.java:updateAndGet(139)) - 1c8923d8-6a71-498a-a002-ede96d851d5f: start 1c8923d8-6a71-498a-a002-ede96d851d5f@group-C00D2EDA4D5C-FollowerState
2022-12-08 06:44:07,839 [grpc-default-executor-5] INFO  server.RaftServer$Division (RaftServerImpl.java:requestVote(1218)) - c444494d-3849-481c-b3bb-cf4c6642ac3d@group-C00D2EDA4D5C: receive requestVote(ELECTION, 1c8923d8-6a71-498a-a002-ede96d851d5f, group-C00D2EDA4D5C, 1, (t:0, i:0))
2022-12-08 06:44:07,840 [grpc-default-executor-5] INFO  impl.VoteContext (VoteContext.java:log(49)) - c444494d-3849-481c-b3bb-cf4c6642ac3d@group-C00D2EDA4D5C-FOLLOWER: accept ELECTION from 1c8923d8-6a71-498a-a002-ede96d851d5f: our priority 0 <= candidate's priority 0
2022-12-08 06:44:07,840 [grpc-default-executor-5] INFO  server.RaftServer$Division (RaftServerImpl.java:setRole(321)) - c444494d-3849-481c-b3bb-cf4c6642ac3d@group-C00D2EDA4D5C: changes role from  FOLLOWER to FOLLOWER at term 1 for candidate:1c8923d8-6a71-498a-a002-ede96d851d5f
2022-12-08 06:44:07,840 [grpc-default-executor-5] INFO  impl.RoleInfo (RoleInfo.java:shutdownFollowerState(110)) - c444494d-3849-481c-b3bb-cf4c6642ac3d: shutdown c444494d-3849-481c-b3bb-cf4c6642ac3d@group-C00D2EDA4D5C-FollowerState
2022-12-08 06:44:07,840 [grpc-default-executor-5] INFO  impl.RoleInfo (RoleInfo.java:updateAndGet(139)) - c444494d-3849-481c-b3bb-cf4c6642ac3d: start c444494d-3849-481c-b3bb-cf4c6642ac3d@group-C00D2EDA4D5C-FollowerState
2022-12-08 06:44:07,840 [c444494d-3849-481c-b3bb-cf4c6642ac3d@group-C00D2EDA4D5C-FollowerState] INFO  impl.FollowerState (FollowerState.java:run(152)) - c444494d-3849-481c-b3bb-cf4c6642ac3d@group-C00D2EDA4D5C-FollowerState was interrupted
2022-12-08 06:44:07,844 [c444494d-3849-481c-b3bb-cf4c6642ac3d@group-C00D2EDA4D5C-FollowerState] INFO  server.RaftServerConfigKeys (ConfUtils.java:logFallback(53)) - raft.server.rpc.first-election.timeout.min = 5s (fallback to raft.server.rpc.timeout.min)
2022-12-08 06:44:07,844 [c444494d-3849-481c-b3bb-cf4c6642ac3d@group-C00D2EDA4D5C-FollowerState] INFO  server.RaftServerConfigKeys (ConfUtils.java:logFallback(53)) - raft.server.rpc.first-election.timeout.max = 5200ms (fallback to raft.server.rpc.timeout.max)
2022-12-08 06:44:07,845 [grpc-default-executor-5] INFO  server.RaftServer$Division (RaftServerImpl.java:requestVote(1251)) - c444494d-3849-481c-b3bb-cf4c6642ac3d@group-C00D2EDA4D5C replies to ELECTION vote request: 1c8923d8-6a71-498a-a002-ede96d851d5f<-c444494d-3849-481c-b3bb-cf4c6642ac3d#0:OK-t1. Peer's state: c444494d-3849-481c-b3bb-cf4c6642ac3d@group-C00D2EDA4D5C:t1, leader=null, voted=1c8923d8-6a71-498a-a002-ede96d851d5f, raftlog=Memoized:c444494d-3849-481c-b3bb-cf4c6642ac3d@group-C00D2EDA4D5C-SegmentedRaftLog:OPENED:c-1, conf=-1: peers:[1c8923d8-6a71-498a-a002-ede96d851d5f|rpc:10.1.0.31:46793|dataStream:|priority:0|startupRole:FOLLOWER, 1fff60e7-d385-4380-9228-9acb2b7ac677|rpc:10.1.0.31:44127|dataStream:|priority:1|startupRole:FOLLOWER, c444494d-3849-481c-b3bb-cf4c6642ac3d|rpc:10.1.0.31:35699|dataStream:|priority:0|startupRole:FOLLOWER]|listeners:[], old=null
2022-12-08 06:44:07,851 [1c8923d8-6a71-498a-a002-ede96d851d5f@group-C00D2EDA4D5C-FollowerState] INFO  server.RaftServerConfigKeys (ConfUtils.java:logFallback(53)) - raft.server.rpc.first-election.timeout.min = 5s (fallback to raft.server.rpc.timeout.min)
2022-12-08 06:44:07,852 [1c8923d8-6a71-498a-a002-ede96d851d5f@group-C00D2EDA4D5C-FollowerState] INFO  server.RaftServerConfigKeys (ConfUtils.java:logFallback(53)) - raft.server.rpc.first-election.timeout.max = 5200ms (fallback to raft.server.rpc.timeout.max)
2022-12-08 06:44:07,877 [1c8923d8-6a71-498a-a002-ede96d851d5f@group-7F2F2309DA0D-FollowerState] INFO  impl.FollowerState (FollowerState.java:run(143)) - 1c8923d8-6a71-498a-a002-ede96d851d5f@group-7F2F2309DA0D-FollowerState: change to CANDIDATE, lastRpcElapsedTime:5013881707ns, electionTimeout:5012ms
2022-12-08 06:44:07,877 [1c8923d8-6a71-498a-a002-ede96d851d5f@group-7F2F2309DA0D-FollowerState] INFO  impl.RoleInfo (RoleInfo.java:shutdownFollowerState(110)) - 1c8923d8-6a71-498a-a002-ede96d851d5f: shutdown 1c8923d8-6a71-498a-a002-ede96d851d5f@group-7F2F2309DA0D-FollowerState
2022-12-08 06:44:07,877 [1c8923d8-6a71-498a-a002-ede96d851d5f@group-7F2F2309DA0D-FollowerState] INFO  server.RaftServer$Division (RaftServerImpl.java:setRole(321)) - 1c8923d8-6a71-498a-a002-ede96d851d5f@group-7F2F2309DA0D: changes role from  FOLLOWER to CANDIDATE at term 0 for changeToCandidate
2022-12-08 06:44:07,877 [1c8923d8-6a71-498a-a002-ede96d851d5f@group-7F2F2309DA0D-FollowerState] INFO  server.RaftServerConfigKeys (ConfUtils.java:logGet(46)) - raft.server.leaderelection.pre-vote = false (custom)
2022-12-08 06:44:07,877 [1c8923d8-6a71-498a-a002-ede96d851d5f@group-7F2F2309DA0D-FollowerState] INFO  impl.RoleInfo (RoleInfo.java:updateAndGet(139)) - 1c8923d8-6a71-498a-a002-ede96d851d5f: start 1c8923d8-6a71-498a-a002-ede96d851d5f@group-7F2F2309DA0D-LeaderElection9
2022-12-08 06:44:07,895 [1c8923d8-6a71-498a-a002-ede96d851d5f@group-7F2F2309DA0D-LeaderElection9] INFO  impl.LeaderElection (LeaderElection.java:askForVotes(312)) - 1c8923d8-6a71-498a-a002-ede96d851d5f@group-7F2F2309DA0D-LeaderElection9 ELECTION round 0: submit vote requests at term 1 for -1: peers:[1c8923d8-6a71-498a-a002-ede96d851d5f|rpc:10.1.0.31:46793|priority:0|startupRole:FOLLOWER, 1fff60e7-d385-4380-9228-9acb2b7ac677|rpc:10.1.0.31:44127|priority:0|startupRole:FOLLOWER, c444494d-3849-481c-b3bb-cf4c6642ac3d|rpc:10.1.0.31:35699|priority:1|startupRole:FOLLOWER]|listeners:[], old=null
2022-12-08 06:44:07,900 [1c8923d8-6a71-498a-a002-ede96d851d5f@group-7F2F2309DA0D-LeaderElection9] INFO  server.RaftServerConfigKeys (ConfUtils.java:logFallback(53)) - raft.server.rpc.first-election.timeout.min = 5s (fallback to raft.server.rpc.timeout.min)
2022-12-08 06:44:07,900 [1c8923d8-6a71-498a-a002-ede96d851d5f@group-7F2F2309DA0D-LeaderElection9] INFO  server.RaftServerConfigKeys (ConfUtils.java:logFallback(53)) - raft.server.rpc.first-election.timeout.max = 5200ms (fallback to raft.server.rpc.timeout.max)
2022-12-08 06:44:07,920 [grpc-default-executor-5] INFO  server.RaftServer$Division (RaftServerImpl.java:requestVote(1218)) - c444494d-3849-481c-b3bb-cf4c6642ac3d@group-7F2F2309DA0D: receive requestVote(ELECTION, 1c8923d8-6a71-498a-a002-ede96d851d5f, group-7F2F2309DA0D, 1, (t:0, i:0))
2022-12-08 06:44:07,920 [grpc-default-executor-5] INFO  impl.VoteContext (VoteContext.java:log(49)) - c444494d-3849-481c-b3bb-cf4c6642ac3d@group-7F2F2309DA0D-FOLLOWER: reject ELECTION from 1c8923d8-6a71-498a-a002-ede96d851d5f: our priority 1 > candidate's priority 0
2022-12-08 06:44:07,921 [grpc-default-executor-5] INFO  server.RaftServer$Division (RaftServerImpl.java:setRole(321)) - c444494d-3849-481c-b3bb-cf4c6642ac3d@group-7F2F2309DA0D: changes role from  FOLLOWER to FOLLOWER at term 1 for candidate:1c8923d8-6a71-498a-a002-ede96d851d5f
2022-12-08 06:44:07,921 [grpc-default-executor-5] INFO  impl.RoleInfo (RoleInfo.java:shutdownFollowerState(110)) - c444494d-3849-481c-b3bb-cf4c6642ac3d: shutdown c444494d-3849-481c-b3bb-cf4c6642ac3d@group-7F2F2309DA0D-FollowerState
2022-12-08 06:44:07,921 [grpc-default-executor-5] INFO  impl.RoleInfo (RoleInfo.java:updateAndGet(139)) - c444494d-3849-481c-b3bb-cf4c6642ac3d: start c444494d-3849-481c-b3bb-cf4c6642ac3d@group-7F2F2309DA0D-FollowerState
2022-12-08 06:44:07,921 [grpc-default-executor-2] INFO  server.RaftServer$Division (RaftServerImpl.java:requestVote(1218)) - 1fff60e7-d385-4380-9228-9acb2b7ac677@group-7F2F2309DA0D: receive requestVote(ELECTION, 1c8923d8-6a71-498a-a002-ede96d851d5f, group-7F2F2309DA0D, 1, (t:0, i:0))
2022-12-08 06:44:07,921 [grpc-default-executor-2] INFO  impl.VoteContext (VoteContext.java:log(49)) - 1fff60e7-d385-4380-9228-9acb2b7ac677@group-7F2F2309DA0D-FOLLOWER: accept ELECTION from 1c8923d8-6a71-498a-a002-ede96d851d5f: our priority 0 <= candidate's priority 0
2022-12-08 06:44:07,921 [grpc-default-executor-2] INFO  server.RaftServer$Division (RaftServerImpl.java:setRole(321)) - 1fff60e7-d385-4380-9228-9acb2b7ac677@group-7F2F2309DA0D: changes role from  FOLLOWER to FOLLOWER at term 1 for candidate:1c8923d8-6a71-498a-a002-ede96d851d5f
2022-12-08 06:44:07,921 [grpc-default-executor-2] INFO  impl.RoleInfo (RoleInfo.java:shutdownFollowerState(110)) - 1fff60e7-d385-4380-9228-9acb2b7ac677: shutdown 1fff60e7-d385-4380-9228-9acb2b7ac677@group-7F2F2309DA0D-FollowerState
2022-12-08 06:44:07,921 [c444494d-3849-481c-b3bb-cf4c6642ac3d@group-7F2F2309DA0D-FollowerState] INFO  impl.FollowerState (FollowerState.java:run(152)) - c444494d-3849-481c-b3bb-cf4c6642ac3d@group-7F2F2309DA0D-FollowerState was interrupted
2022-12-08 06:44:07,924 [grpc-default-executor-2] INFO  impl.RoleInfo (RoleInfo.java:updateAndGet(139)) - 1fff60e7-d385-4380-9228-9acb2b7ac677: start 1fff60e7-d385-4380-9228-9acb2b7ac677@group-7F2F2309DA0D-FollowerState
2022-12-08 06:44:07,924 [1fff60e7-d385-4380-9228-9acb2b7ac677@group-7F2F2309DA0D-FollowerState] INFO  impl.FollowerState (FollowerState.java:run(152)) - 1fff60e7-d385-4380-9228-9acb2b7ac677@group-7F2F2309DA0D-FollowerState was interrupted
2022-12-08 06:44:07,924 [grpc-default-executor-5] INFO  server.RaftServer$Division (RaftServerImpl.java:requestVote(1251)) - c444494d-3849-481c-b3bb-cf4c6642ac3d@group-7F2F2309DA0D replies to ELECTION vote request: 1c8923d8-6a71-498a-a002-ede96d851d5f<-c444494d-3849-481c-b3bb-cf4c6642ac3d#0:FAIL-t1. Peer's state: c444494d-3849-481c-b3bb-cf4c6642ac3d@group-7F2F2309DA0D:t1, leader=null, voted=null, raftlog=Memoized:c444494d-3849-481c-b3bb-cf4c6642ac3d@group-7F2F2309DA0D-SegmentedRaftLog:OPENED:c-1, conf=-1: peers:[1c8923d8-6a71-498a-a002-ede96d851d5f|rpc:10.1.0.31:46793|priority:0|startupRole:FOLLOWER, 1fff60e7-d385-4380-9228-9acb2b7ac677|rpc:10.1.0.31:44127|priority:0|startupRole:FOLLOWER, c444494d-3849-481c-b3bb-cf4c6642ac3d|rpc:10.1.0.31:35699|priority:1|startupRole:FOLLOWER]|listeners:[], old=null
2022-12-08 06:44:07,925 [c444494d-3849-481c-b3bb-cf4c6642ac3d@group-7F2F2309DA0D-FollowerState] INFO  server.RaftServerConfigKeys (ConfUtils.java:logFallback(53)) - raft.server.rpc.first-election.timeout.min = 5s (fallback to raft.server.rpc.timeout.min)
2022-12-08 06:44:07,926 [c444494d-3849-481c-b3bb-cf4c6642ac3d@group-7F2F2309DA0D-FollowerState] INFO  server.RaftServerConfigKeys (ConfUtils.java:logFallback(53)) - raft.server.rpc.first-election.timeout.max = 5200ms (fallback to raft.server.rpc.timeout.max)
2022-12-08 06:44:07,926 [1c8923d8-6a71-498a-a002-ede96d851d5f@group-7F2F2309DA0D-LeaderElection9] INFO  impl.LeaderElection (LeaderElection.java:logAndReturn(90)) - 1c8923d8-6a71-498a-a002-ede96d851d5f@group-7F2F2309DA0D-LeaderElection9: ELECTION REJECTED received 1 response(s) and 0 exception(s):
2022-12-08 06:44:07,926 [1c8923d8-6a71-498a-a002-ede96d851d5f@group-7F2F2309DA0D-LeaderElection9] INFO  impl.LeaderElection (LeaderElection.java:logAndReturn(94)) -   Response 0: 1c8923d8-6a71-498a-a002-ede96d851d5f<-c444494d-3849-481c-b3bb-cf4c6642ac3d#0:FAIL-t1
2022-12-08 06:44:07,926 [1c8923d8-6a71-498a-a002-ede96d851d5f@group-7F2F2309DA0D-LeaderElection9] INFO  impl.LeaderElection (LeaderElection.java:askForVotes(314)) - 1c8923d8-6a71-498a-a002-ede96d851d5f@group-7F2F2309DA0D-LeaderElection9 ELECTION round 0: result REJECTED
2022-12-08 06:44:07,926 [1c8923d8-6a71-498a-a002-ede96d851d5f@group-7F2F2309DA0D-LeaderElection9] INFO  server.RaftServer$Division (RaftServerImpl.java:setRole(321)) - 1c8923d8-6a71-498a-a002-ede96d851d5f@group-7F2F2309DA0D: changes role from CANDIDATE to FOLLOWER at term 1 for REJECTED
2022-12-08 06:44:07,926 [1c8923d8-6a71-498a-a002-ede96d851d5f@group-7F2F2309DA0D-LeaderElection9] INFO  impl.RoleInfo (RoleInfo.java:shutdownLeaderElection(130)) - 1c8923d8-6a71-498a-a002-ede96d851d5f: shutdown 1c8923d8-6a71-498a-a002-ede96d851d5f@group-7F2F2309DA0D-LeaderElection9
2022-12-08 06:44:07,926 [1c8923d8-6a71-498a-a002-ede96d851d5f@group-7F2F2309DA0D-LeaderElection9] INFO  impl.RoleInfo (RoleInfo.java:updateAndGet(139)) - 1c8923d8-6a71-498a-a002-ede96d851d5f: start 1c8923d8-6a71-498a-a002-ede96d851d5f@group-7F2F2309DA0D-FollowerState
2022-12-08 06:44:07,927 [grpc-default-executor-2] INFO  server.RaftServer$Division (RaftServerImpl.java:requestVote(1251)) - 1fff60e7-d385-4380-9228-9acb2b7ac677@group-7F2F2309DA0D replies to ELECTION vote request: 1c8923d8-6a71-498a-a002-ede96d851d5f<-1fff60e7-d385-4380-9228-9acb2b7ac677#0:OK-t1. Peer's state: 1fff60e7-d385-4380-9228-9acb2b7ac677@group-7F2F2309DA0D:t1, leader=null, voted=1c8923d8-6a71-498a-a002-ede96d851d5f, raftlog=Memoized:1fff60e7-d385-4380-9228-9acb2b7ac677@group-7F2F2309DA0D-SegmentedRaftLog:OPENED:c-1, conf=-1: peers:[1c8923d8-6a71-498a-a002-ede96d851d5f|rpc:10.1.0.31:46793|dataStream:|priority:0|startupRole:FOLLOWER, 1fff60e7-d385-4380-9228-9acb2b7ac677|rpc:10.1.0.31:44127|dataStream:|priority:0|startupRole:FOLLOWER, c444494d-3849-481c-b3bb-cf4c6642ac3d|rpc:10.1.0.31:35699|dataStream:|priority:1|startupRole:FOLLOWER]|listeners:[], old=null
2022-12-08 06:44:07,932 [1fff60e7-d385-4380-9228-9acb2b7ac677@group-7F2F2309DA0D-FollowerState] INFO  server.RaftServerConfigKeys (ConfUtils.java:logFallback(53)) - raft.server.rpc.first-election.timeout.min = 5s (fallback to raft.server.rpc.timeout.min)
2022-12-08 06:44:07,932 [1fff60e7-d385-4380-9228-9acb2b7ac677@group-7F2F2309DA0D-FollowerState] INFO  server.RaftServerConfigKeys (ConfUtils.java:logFallback(53)) - raft.server.rpc.first-election.timeout.max = 5200ms (fallback to raft.server.rpc.timeout.max)
2022-12-08 06:44:07,941 [1c8923d8-6a71-498a-a002-ede96d851d5f@group-7F2F2309DA0D-FollowerState] INFO  server.RaftServerConfigKeys (ConfUtils.java:logFallback(53)) - raft.server.rpc.first-election.timeout.min = 5s (fallback to raft.server.rpc.timeout.min)
2022-12-08 06:44:07,941 [1c8923d8-6a71-498a-a002-ede96d851d5f@group-7F2F2309DA0D-FollowerState] INFO  server.RaftServerConfigKeys (ConfUtils.java:logFallback(53)) - raft.server.rpc.first-election.timeout.max = 5200ms (fallback to raft.server.rpc.timeout.max)
2022-12-08 06:44:08,111 [c444494d-3849-481c-b3bb-cf4c6642ac3d@group-8644A4719F23-FollowerState] INFO  impl.FollowerState (FollowerState.java:run(143)) - c444494d-3849-481c-b3bb-cf4c6642ac3d@group-8644A4719F23-FollowerState: change to CANDIDATE, lastRpcElapsedTime:5182608371ns, electionTimeout:5156ms
2022-12-08 06:44:08,111 [c444494d-3849-481c-b3bb-cf4c6642ac3d@group-8644A4719F23-FollowerState] INFO  impl.RoleInfo (RoleInfo.java:shutdownFollowerState(110)) - c444494d-3849-481c-b3bb-cf4c6642ac3d: shutdown c444494d-3849-481c-b3bb-cf4c6642ac3d@group-8644A4719F23-FollowerState
2022-12-08 06:44:08,111 [c444494d-3849-481c-b3bb-cf4c6642ac3d@group-8644A4719F23-FollowerState] INFO  server.RaftServer$Division (RaftServerImpl.java:setRole(321)) - c444494d-3849-481c-b3bb-cf4c6642ac3d@group-8644A4719F23: changes role from  FOLLOWER to CANDIDATE at term 0 for changeToCandidate
2022-12-08 06:44:08,111 [c444494d-3849-481c-b3bb-cf4c6642ac3d@group-8644A4719F23-FollowerState] INFO  server.RaftServerConfigKeys (ConfUtils.java:logGet(46)) - raft.server.leaderelection.pre-vote = false (custom)
2022-12-08 06:44:08,111 [c444494d-3849-481c-b3bb-cf4c6642ac3d@group-8644A4719F23-FollowerState] INFO  impl.RoleInfo (RoleInfo.java:updateAndGet(139)) - c444494d-3849-481c-b3bb-cf4c6642ac3d: start c444494d-3849-481c-b3bb-cf4c6642ac3d@group-8644A4719F23-LeaderElection10
2022-12-08 06:44:08,146 [c444494d-3849-481c-b3bb-cf4c6642ac3d@group-8644A4719F23-LeaderElection10] INFO  impl.LeaderElection (LeaderElection.java:askForVotes(312)) - c444494d-3849-481c-b3bb-cf4c6642ac3d@group-8644A4719F23-LeaderElection10 ELECTION round 0: submit vote requests at term 1 for -1: peers:[c444494d-3849-481c-b3bb-cf4c6642ac3d|rpc:10.1.0.31:35699|priority:1|startupRole:FOLLOWER]|listeners:[], old=null
2022-12-08 06:44:08,146 [c444494d-3849-481c-b3bb-cf4c6642ac3d@group-8644A4719F23-LeaderElection10] INFO  impl.LeaderElection (LeaderElection.java:askForVotes(314)) - c444494d-3849-481c-b3bb-cf4c6642ac3d@group-8644A4719F23-LeaderElection10 ELECTION round 0: result PASSED (term=1)
2022-12-08 06:44:08,146 [c444494d-3849-481c-b3bb-cf4c6642ac3d@group-8644A4719F23-LeaderElection10] INFO  impl.RoleInfo (RoleInfo.java:shutdownLeaderElection(130)) - c444494d-3849-481c-b3bb-cf4c6642ac3d: shutdown c444494d-3849-481c-b3bb-cf4c6642ac3d@group-8644A4719F23-LeaderElection10
2022-12-08 06:44:08,146 [c444494d-3849-481c-b3bb-cf4c6642ac3d@group-8644A4719F23-LeaderElection10] INFO  server.RaftServer$Division (RaftServerImpl.java:setRole(321)) - c444494d-3849-481c-b3bb-cf4c6642ac3d@group-8644A4719F23: changes role from CANDIDATE to LEADER at term 1 for changeToLeader
2022-12-08 06:44:08,146 [c444494d-3849-481c-b3bb-cf4c6642ac3d@group-8644A4719F23-LeaderElection10] INFO  ratis.XceiverServerRatis (XceiverServerRatis.java:handleLeaderChangedNotification(863)) - Leader change notification received for group: group-8644A4719F23 with new leaderId: c444494d-3849-481c-b3bb-cf4c6642ac3d
2022-12-08 06:44:08,146 [c444494d-3849-481c-b3bb-cf4c6642ac3d@group-8644A4719F23-LeaderElection10] INFO  server.RaftServer$Division (ServerState.java:setLeader(313)) - c444494d-3849-481c-b3bb-cf4c6642ac3d@group-8644A4719F23: change Leader from null to c444494d-3849-481c-b3bb-cf4c6642ac3d at term 1 for becomeLeader, leader elected after 5245ms
2022-12-08 06:44:08,146 [c444494d-3849-481c-b3bb-cf4c6642ac3d@group-8644A4719F23-LeaderElection10] INFO  server.RaftServerConfigKeys (ConfUtils.java:logGet(46)) - raft.server.staging.catchup.gap = 1000 (default)
2022-12-08 06:44:08,146 [c444494d-3849-481c-b3bb-cf4c6642ac3d@group-8644A4719F23-LeaderElection10] INFO  server.RaftServerConfigKeys (ConfUtils.java:logGet(46)) - raft.server.write.element-limit = 1024 (custom)
2022-12-08 06:44:08,146 [c444494d-3849-481c-b3bb-cf4c6642ac3d@group-8644A4719F23-LeaderElection10] INFO  server.RaftServerConfigKeys (ConfUtils.java:logGet(46)) - raft.server.write.byte-limit = 1024 M (=1073741824) (custom)
2022-12-08 06:44:08,147 [c444494d-3849-481c-b3bb-cf4c6642ac3d@group-8644A4719F23-LeaderElection10] INFO  server.RaftServerConfigKeys (ConfUtils.java:logGet(46)) - raft.server.watch.timeout = 180s (custom)
2022-12-08 06:44:08,147 [c444494d-3849-481c-b3bb-cf4c6642ac3d@group-8644A4719F23-LeaderElection10] INFO  server.RaftServerConfigKeys (ConfUtils.java:logGet(46)) - raft.server.watch.timeout.denomination = 1s (default)
2022-12-08 06:44:08,147 [c444494d-3849-481c-b3bb-cf4c6642ac3d@group-8644A4719F23-LeaderElection10] INFO  server.RaftServerConfigKeys (ConfUtils.java:logGet(46)) - raft.server.watch.element-limit = 65536 (default)
2022-12-08 06:44:08,147 [c444494d-3849-481c-b3bb-cf4c6642ac3d@group-8644A4719F23-LeaderElection10] INFO  server.RaftServerConfigKeys (ConfUtils.java:logGet(46)) - raft.server.write.element-limit = 1024 (custom)
2022-12-08 06:44:08,147 [c444494d-3849-481c-b3bb-cf4c6642ac3d@group-8644A4719F23-LeaderElection10] INFO  server.RaftServerConfigKeys (ConfUtils.java:logGet(46)) - raft.server.write.follower.gap.ratio.max = -1.0 (default)
2022-12-08 06:44:08,147 [c444494d-3849-481c-b3bb-cf4c6642ac3d@group-8644A4719F23-LeaderElection10] INFO  impl.RoleInfo (RoleInfo.java:updateAndGet(139)) - c444494d-3849-481c-b3bb-cf4c6642ac3d: start c444494d-3849-481c-b3bb-cf4c6642ac3d@group-8644A4719F23-LeaderStateImpl
2022-12-08 06:44:08,147 [c444494d-3849-481c-b3bb-cf4c6642ac3d@group-8644A4719F23-LeaderElection10] INFO  segmented.SegmentedRaftLogWorker (SegmentedRaftLogWorker.java:startLogSegment(452)) - c444494d-3849-481c-b3bb-cf4c6642ac3d@group-8644A4719F23-SegmentedRaftLogWorker: Starting segment from index:0
2022-12-08 06:44:08,148 [EventQueue-CommandQueueReportForCommandQueueReportHandler] WARN  events.EventQueue (EventQueue.java:fireEvent(216)) - No event handler registered for event TypedEvent{payloadType=DatanodeDetails, name='Datanode_Command_Queue_Updated'}
2022-12-08 06:44:08,152 [c444494d-3849-481c-b3bb-cf4c6642ac3d@group-8644A4719F23-LeaderElection10] INFO  server.RaftServer$Division (ServerState.java:setRaftConf(430)) - c444494d-3849-481c-b3bb-cf4c6642ac3d@group-8644A4719F23: set configuration 0: peers:[c444494d-3849-481c-b3bb-cf4c6642ac3d|rpc:10.1.0.31:35699|dataStream:|priority:1|startupRole:FOLLOWER]|listeners:[], old=null
2022-12-08 06:44:08,154 [c444494d-3849-481c-b3bb-cf4c6642ac3d@group-8644A4719F23-SegmentedRaftLogWorker] INFO  segmented.SegmentedRaftLogWorker (SegmentedRaftLogWorker.java:execute(656)) - c444494d-3849-481c-b3bb-cf4c6642ac3d@group-8644A4719F23-SegmentedRaftLogWorker: created new log segment /home/runner/work/ozone/ozone/hadoop-ozone/integration-test/target/test-dir/MiniOzoneClusterImpl-ddb91292-9bed-4e17-ad85-89bc7eecbd5e/datanode-4/data/ratis/c56dc73c-9b5a-4b8e-9b69-8644a4719f23/current/log_inprogress_0
2022-12-08 06:44:08,181 [EventQueue-CommandQueueReportForCommandQueueReportHandler] WARN  events.EventQueue (EventQueue.java:fireEvent(216)) - No event handler registered for event TypedEvent{payloadType=DatanodeDetails, name='Datanode_Command_Queue_Updated'}
2022-12-08 06:44:08,181 [EventQueue-CommandQueueReportForCommandQueueReportHandler] WARN  events.EventQueue (EventQueue.java:fireEvent(216)) - No event handler registered for event TypedEvent{payloadType=DatanodeDetails, name='Datanode_Command_Queue_Updated'}
2022-12-08 06:44:08,181 [EventQueue-CommandQueueReportForCommandQueueReportHandler] WARN  events.EventQueue (EventQueue.java:fireEvent(216)) - No event handler registered for event TypedEvent{payloadType=DatanodeDetails, name='Datanode_Command_Queue_Updated'}
2022-12-08 06:44:08,257 [EventQueue-CommandQueueReportForCommandQueueReportHandler] WARN  events.EventQueue (EventQueue.java:fireEvent(216)) - No event handler registered for event TypedEvent{payloadType=DatanodeDetails, name='Datanode_Command_Queue_Updated'}
2022-12-08 06:44:08,412 [1fff60e7-d385-4380-9228-9acb2b7ac677@group-E2573223A2AE-FollowerState] INFO  impl.FollowerState (FollowerState.java:run(143)) - 1fff60e7-d385-4380-9228-9acb2b7ac677@group-E2573223A2AE-FollowerState: change to CANDIDATE, lastRpcElapsedTime:5144222539ns, electionTimeout:5143ms
2022-12-08 06:44:08,412 [1fff60e7-d385-4380-9228-9acb2b7ac677@group-E2573223A2AE-FollowerState] INFO  impl.RoleInfo (RoleInfo.java:shutdownFollowerState(110)) - 1fff60e7-d385-4380-9228-9acb2b7ac677: shutdown 1fff60e7-d385-4380-9228-9acb2b7ac677@group-E2573223A2AE-FollowerState
2022-12-08 06:44:08,412 [1fff60e7-d385-4380-9228-9acb2b7ac677@group-E2573223A2AE-FollowerState] INFO  server.RaftServer$Division (RaftServerImpl.java:setRole(321)) - 1fff60e7-d385-4380-9228-9acb2b7ac677@group-E2573223A2AE: changes role from  FOLLOWER to CANDIDATE at term 0 for changeToCandidate
2022-12-08 06:44:08,412 [1fff60e7-d385-4380-9228-9acb2b7ac677@group-E2573223A2AE-FollowerState] INFO  server.RaftServerConfigKeys (ConfUtils.java:logGet(46)) - raft.server.leaderelection.pre-vote = false (custom)
2022-12-08 06:44:08,412 [1fff60e7-d385-4380-9228-9acb2b7ac677@group-E2573223A2AE-FollowerState] INFO  impl.RoleInfo (RoleInfo.java:updateAndGet(139)) - 1fff60e7-d385-4380-9228-9acb2b7ac677: start 1fff60e7-d385-4380-9228-9acb2b7ac677@group-E2573223A2AE-LeaderElection11
2022-12-08 06:44:08,429 [1fff60e7-d385-4380-9228-9acb2b7ac677@group-E2573223A2AE-LeaderElection11] INFO  impl.LeaderElection (LeaderElection.java:askForVotes(312)) - 1fff60e7-d385-4380-9228-9acb2b7ac677@group-E2573223A2AE-LeaderElection11 ELECTION round 0: submit vote requests at term 1 for -1: peers:[1fff60e7-d385-4380-9228-9acb2b7ac677|rpc:10.1.0.31:44127|priority:1|startupRole:FOLLOWER]|listeners:[], old=null
2022-12-08 06:44:08,429 [1fff60e7-d385-4380-9228-9acb2b7ac677@group-E2573223A2AE-LeaderElection11] INFO  impl.LeaderElection (LeaderElection.java:askForVotes(314)) - 1fff60e7-d385-4380-9228-9acb2b7ac677@group-E2573223A2AE-LeaderElection11 ELECTION round 0: result PASSED (term=1)
2022-12-08 06:44:08,429 [1fff60e7-d385-4380-9228-9acb2b7ac677@group-E2573223A2AE-LeaderElection11] INFO  impl.RoleInfo (RoleInfo.java:shutdownLeaderElection(130)) - 1fff60e7-d385-4380-9228-9acb2b7ac677: shutdown 1fff60e7-d385-4380-9228-9acb2b7ac677@group-E2573223A2AE-LeaderElection11
2022-12-08 06:44:08,429 [1fff60e7-d385-4380-9228-9acb2b7ac677@group-E2573223A2AE-LeaderElection11] INFO  server.RaftServer$Division (RaftServerImpl.java:setRole(321)) - 1fff60e7-d385-4380-9228-9acb2b7ac677@group-E2573223A2AE: changes role from CANDIDATE to LEADER at term 1 for changeToLeader
2022-12-08 06:44:08,429 [1fff60e7-d385-4380-9228-9acb2b7ac677@group-E2573223A2AE-LeaderElection11] INFO  ratis.XceiverServerRatis (XceiverServerRatis.java:handleLeaderChangedNotification(863)) - Leader change notification received for group: group-E2573223A2AE with new leaderId: 1fff60e7-d385-4380-9228-9acb2b7ac677
2022-12-08 06:44:08,430 [1fff60e7-d385-4380-9228-9acb2b7ac677@group-E2573223A2AE-LeaderElection11] INFO  server.RaftServer$Division (ServerState.java:setLeader(313)) - 1fff60e7-d385-4380-9228-9acb2b7ac677@group-E2573223A2AE: change Leader from null to 1fff60e7-d385-4380-9228-9acb2b7ac677 at term 1 for becomeLeader, leader elected after 5181ms
2022-12-08 06:44:08,430 [1fff60e7-d385-4380-9228-9acb2b7ac677@group-E2573223A2AE-LeaderElection11] INFO  server.RaftServerConfigKeys (ConfUtils.java:logGet(46)) - raft.server.staging.catchup.gap = 1000 (default)
2022-12-08 06:44:08,432 [EventQueue-CommandQueueReportForCommandQueueReportHandler] WARN  events.EventQueue (EventQueue.java:fireEvent(216)) - No event handler registered for event TypedEvent{payloadType=DatanodeDetails, name='Datanode_Command_Queue_Updated'}
2022-12-08 06:44:08,436 [1fff60e7-d385-4380-9228-9acb2b7ac677@group-E2573223A2AE-LeaderElection11] INFO  server.RaftServerConfigKeys (ConfUtils.java:logGet(46)) - raft.server.write.element-limit = 1024 (custom)
2022-12-08 06:44:08,436 [1fff60e7-d385-4380-9228-9acb2b7ac677@group-E2573223A2AE-LeaderElection11] INFO  server.RaftServerConfigKeys (ConfUtils.java:logGet(46)) - raft.server.write.byte-limit = 1024 M (=1073741824) (custom)
2022-12-08 06:44:08,436 [1fff60e7-d385-4380-9228-9acb2b7ac677@group-E2573223A2AE-LeaderElection11] INFO  server.RaftServerConfigKeys (ConfUtils.java:logGet(46)) - raft.server.watch.timeout = 180s (custom)
2022-12-08 06:44:08,436 [1fff60e7-d385-4380-9228-9acb2b7ac677@group-E2573223A2AE-LeaderElection11] INFO  server.RaftServerConfigKeys (ConfUtils.java:logGet(46)) - raft.server.watch.timeout.denomination = 1s (default)
2022-12-08 06:44:08,436 [1fff60e7-d385-4380-9228-9acb2b7ac677@group-E2573223A2AE-LeaderElection11] INFO  server.RaftServerConfigKeys (ConfUtils.java:logGet(46)) - raft.server.watch.element-limit = 65536 (default)
2022-12-08 06:44:08,436 [1fff60e7-d385-4380-9228-9acb2b7ac677@group-E2573223A2AE-LeaderElection11] INFO  server.RaftServerConfigKeys (ConfUtils.java:logGet(46)) - raft.server.write.element-limit = 1024 (custom)
2022-12-08 06:44:08,437 [1fff60e7-d385-4380-9228-9acb2b7ac677@group-E2573223A2AE-LeaderElection11] INFO  server.RaftServerConfigKeys (ConfUtils.java:logGet(46)) - raft.server.write.follower.gap.ratio.max = -1.0 (default)
2022-12-08 06:44:08,437 [1fff60e7-d385-4380-9228-9acb2b7ac677@group-E2573223A2AE-LeaderElection11] INFO  impl.RoleInfo (RoleInfo.java:updateAndGet(139)) - 1fff60e7-d385-4380-9228-9acb2b7ac677: start 1fff60e7-d385-4380-9228-9acb2b7ac677@group-E2573223A2AE-LeaderStateImpl
2022-12-08 06:44:08,437 [1fff60e7-d385-4380-9228-9acb2b7ac677@group-E2573223A2AE-LeaderElection11] INFO  segmented.SegmentedRaftLogWorker (SegmentedRaftLogWorker.java:startLogSegment(452)) - 1fff60e7-d385-4380-9228-9acb2b7ac677@group-E2573223A2AE-SegmentedRaftLogWorker: Starting segment from index:0
2022-12-08 06:44:08,440 [1fff60e7-d385-4380-9228-9acb2b7ac677@group-E2573223A2AE-SegmentedRaftLogWorker] INFO  segmented.SegmentedRaftLogWorker (SegmentedRaftLogWorker.java:execute(656)) - 1fff60e7-d385-4380-9228-9acb2b7ac677@group-E2573223A2AE-SegmentedRaftLogWorker: created new log segment /home/runner/work/ozone/ozone/hadoop-ozone/integration-test/target/test-dir/MiniOzoneClusterImpl-ddb91292-9bed-4e17-ad85-89bc7eecbd5e/datanode-5/data/ratis/82ae20a5-65be-4cee-b607-e2573223a2ae/current/log_inprogress_0
2022-12-08 06:44:08,451 [1fff60e7-d385-4380-9228-9acb2b7ac677@group-E2573223A2AE-LeaderElection11] INFO  server.RaftServer$Division (ServerState.java:setRaftConf(430)) - 1fff60e7-d385-4380-9228-9acb2b7ac677@group-E2573223A2AE: set configuration 0: peers:[1fff60e7-d385-4380-9228-9acb2b7ac677|rpc:10.1.0.31:44127|dataStream:|priority:1|startupRole:FOLLOWER]|listeners:[], old=null
]]></system-out>
  </testcase>
  <testcase name="testMultiChunkWrite2" classname="org.apache.hadoop.ozone.client.rpc.TestBlockOutputStreamFlushDelay" time="0.063">
    <failure type="java.lang.AssertionError"><![CDATA[java.lang.AssertionError: expected:<2> but was:<1>
	at org.junit.Assert.fail(Assert.java:89)
	at org.junit.Assert.failNotEquals(Assert.java:835)
	at org.junit.Assert.assertEquals(Assert.java:647)
	at org.junit.Assert.assertEquals(Assert.java:633)
	at org.apache.hadoop.ozone.client.rpc.TestBlockOutputStreamFlushDelay.testMultiChunkWrite2(TestBlockOutputStreamFlushDelay.java:442)
	at sun.reflect.NativeMethodAccessorImpl.invoke0(Native Method)
	at sun.reflect.NativeMethodAccessorImpl.invoke(NativeMethodAccessorImpl.java:62)
	at sun.reflect.DelegatingMethodAccessorImpl.invoke(DelegatingMethodAccessorImpl.java:43)
	at java.lang.reflect.Method.invoke(Method.java:498)
	at org.junit.runners.model.FrameworkMethod$1.runReflectiveCall(FrameworkMethod.java:59)
	at org.junit.internal.runners.model.ReflectiveCallable.run(ReflectiveCallable.java:12)
	at org.junit.runners.model.FrameworkMethod.invokeExplosively(FrameworkMethod.java:56)
	at org.junit.internal.runners.statements.InvokeMethod.evaluate(InvokeMethod.java:17)
	at org.junit.internal.runners.statements.FailOnTimeout$CallableStatement.call(FailOnTimeout.java:288)
	at org.junit.internal.runners.statements.FailOnTimeout$CallableStatement.call(FailOnTimeout.java:282)
	at java.util.concurrent.FutureTask.run(FutureTask.java:266)
	at java.lang.Thread.run(Thread.java:750)
]]></failure>
    <system-out><![CDATA[2022-12-08 06:44:08,676 [EventQueue-CommandQueueReportForCommandQueueReportHandler] WARN  events.EventQueue (EventQueue.java:fireEvent(216)) - No event handler registered for event TypedEvent{payloadType=DatanodeDetails, name='Datanode_Command_Queue_Updated'}
2022-12-08 06:44:08,679 [EventQueue-CommandQueueReportForCommandQueueReportHandler] WARN  events.EventQueue (EventQueue.java:fireEvent(216)) - No event handler registered for event TypedEvent{payloadType=DatanodeDetails, name='Datanode_Command_Queue_Updated'}
2022-12-08 06:44:08,682 [EventQueue-CommandQueueReportForCommandQueueReportHandler] WARN  events.EventQueue (EventQueue.java:fireEvent(216)) - No event handler registered for event TypedEvent{payloadType=DatanodeDetails, name='Datanode_Command_Queue_Updated'}
2022-12-08 06:44:08,710 [EventQueue-CommandQueueReportForCommandQueueReportHandler] WARN  events.EventQueue (EventQueue.java:fireEvent(216)) - No event handler registered for event TypedEvent{payloadType=DatanodeDetails, name='Datanode_Command_Queue_Updated'}
]]></system-out>
  </testcase>
  <testcase name="testMultiChunkWrite" classname="org.apache.hadoop.ozone.client.rpc.TestBlockOutputStreamFlushDelay" time="0.043">
    <failure type="java.lang.AssertionError"><![CDATA[java.lang.AssertionError: expected:<1> but was:<0>
	at org.junit.Assert.fail(Assert.java:89)
	at org.junit.Assert.failNotEquals(Assert.java:835)
	at org.junit.Assert.assertEquals(Assert.java:647)
	at org.junit.Assert.assertEquals(Assert.java:633)
	at org.apache.hadoop.ozone.client.rpc.TestBlockOutputStreamFlushDelay.testMultiChunkWrite(TestBlockOutputStreamFlushDelay.java:349)
	at sun.reflect.NativeMethodAccessorImpl.invoke0(Native Method)
	at sun.reflect.NativeMethodAccessorImpl.invoke(NativeMethodAccessorImpl.java:62)
	at sun.reflect.DelegatingMethodAccessorImpl.invoke(DelegatingMethodAccessorImpl.java:43)
	at java.lang.reflect.Method.invoke(Method.java:498)
	at org.junit.runners.model.FrameworkMethod$1.runReflectiveCall(FrameworkMethod.java:59)
	at org.junit.internal.runners.model.ReflectiveCallable.run(ReflectiveCallable.java:12)
	at org.junit.runners.model.FrameworkMethod.invokeExplosively(FrameworkMethod.java:56)
	at org.junit.internal.runners.statements.InvokeMethod.evaluate(InvokeMethod.java:17)
	at org.junit.internal.runners.statements.FailOnTimeout$CallableStatement.call(FailOnTimeout.java:288)
	at org.junit.internal.runners.statements.FailOnTimeout$CallableStatement.call(FailOnTimeout.java:282)
	at java.util.concurrent.FutureTask.run(FutureTask.java:266)
	at java.lang.Thread.run(Thread.java:750)
]]></failure>
    <system-out><![CDATA[2022-12-08 06:44:08,757 [EventQueue-CommandQueueReportForCommandQueueReportHandler] WARN  events.EventQueue (EventQueue.java:fireEvent(216)) - No event handler registered for event TypedEvent{payloadType=DatanodeDetails, name='Datanode_Command_Queue_Updated'}
]]></system-out>
  </testcase>
  <testcase name="testFullBufferCondition" classname="org.apache.hadoop.ozone.client.rpc.TestBlockOutputStreamFlushDelay" time="0.092">
    <failure type="java.lang.AssertionError"><![CDATA[java.lang.AssertionError: expected:<1> but was:<0>
	at org.junit.Assert.fail(Assert.java:89)
	at org.junit.Assert.failNotEquals(Assert.java:835)
	at org.junit.Assert.assertEquals(Assert.java:647)
	at org.junit.Assert.assertEquals(Assert.java:633)
	at org.apache.hadoop.ozone.client.rpc.TestBlockOutputStreamFlushDelay.testFullBufferCondition(TestBlockOutputStreamFlushDelay.java:559)
	at sun.reflect.NativeMethodAccessorImpl.invoke0(Native Method)
	at sun.reflect.NativeMethodAccessorImpl.invoke(NativeMethodAccessorImpl.java:62)
	at sun.reflect.DelegatingMethodAccessorImpl.invoke(DelegatingMethodAccessorImpl.java:43)
	at java.lang.reflect.Method.invoke(Method.java:498)
	at org.junit.runners.model.FrameworkMethod$1.runReflectiveCall(FrameworkMethod.java:59)
	at org.junit.internal.runners.model.ReflectiveCallable.run(ReflectiveCallable.java:12)
	at org.junit.runners.model.FrameworkMethod.invokeExplosively(FrameworkMethod.java:56)
	at org.junit.internal.runners.statements.InvokeMethod.evaluate(InvokeMethod.java:17)
	at org.junit.internal.runners.statements.FailOnTimeout$CallableStatement.call(FailOnTimeout.java:288)
	at org.junit.internal.runners.statements.FailOnTimeout$CallableStatement.call(FailOnTimeout.java:282)
	at java.util.concurrent.FutureTask.run(FutureTask.java:266)
	at java.lang.Thread.run(Thread.java:750)
]]></failure>
  </testcase>
  <testcase name="testBufferCaching" classname="org.apache.hadoop.ozone.client.rpc.TestBlockOutputStreamFlushDelay" time="0.132">
    <system-out><![CDATA[2022-12-08 06:44:08,900 [815e52a5-3631-46fd-bf48-55d0032c8f04@group-3645AEEF627C-FollowerState] INFO  impl.FollowerState (FollowerState.java:run(143)) - 815e52a5-3631-46fd-bf48-55d0032c8f04@group-3645AEEF627C-FollowerState: change to CANDIDATE, lastRpcElapsedTime:5183778968ns, electionTimeout:5181ms
2022-12-08 06:44:08,901 [815e52a5-3631-46fd-bf48-55d0032c8f04@group-3645AEEF627C-FollowerState] INFO  impl.RoleInfo (RoleInfo.java:shutdownFollowerState(110)) - 815e52a5-3631-46fd-bf48-55d0032c8f04: shutdown 815e52a5-3631-46fd-bf48-55d0032c8f04@group-3645AEEF627C-FollowerState
2022-12-08 06:44:08,901 [815e52a5-3631-46fd-bf48-55d0032c8f04@group-3645AEEF627C-FollowerState] INFO  server.RaftServer$Division (RaftServerImpl.java:setRole(321)) - 815e52a5-3631-46fd-bf48-55d0032c8f04@group-3645AEEF627C: changes role from  FOLLOWER to CANDIDATE at term 0 for changeToCandidate
2022-12-08 06:44:08,901 [815e52a5-3631-46fd-bf48-55d0032c8f04@group-3645AEEF627C-FollowerState] INFO  server.RaftServerConfigKeys (ConfUtils.java:logGet(46)) - raft.server.leaderelection.pre-vote = false (custom)
2022-12-08 06:44:08,901 [815e52a5-3631-46fd-bf48-55d0032c8f04@group-3645AEEF627C-FollowerState] INFO  impl.RoleInfo (RoleInfo.java:updateAndGet(139)) - 815e52a5-3631-46fd-bf48-55d0032c8f04: start 815e52a5-3631-46fd-bf48-55d0032c8f04@group-3645AEEF627C-LeaderElection12
2022-12-08 06:44:08,911 [815e52a5-3631-46fd-bf48-55d0032c8f04@group-3645AEEF627C-LeaderElection12] INFO  impl.LeaderElection (LeaderElection.java:askForVotes(312)) - 815e52a5-3631-46fd-bf48-55d0032c8f04@group-3645AEEF627C-LeaderElection12 ELECTION round 0: submit vote requests at term 1 for -1: peers:[815e52a5-3631-46fd-bf48-55d0032c8f04|rpc:10.1.0.31:38123|priority:1|startupRole:FOLLOWER]|listeners:[], old=null
2022-12-08 06:44:08,911 [815e52a5-3631-46fd-bf48-55d0032c8f04@group-3645AEEF627C-LeaderElection12] INFO  impl.LeaderElection (LeaderElection.java:askForVotes(314)) - 815e52a5-3631-46fd-bf48-55d0032c8f04@group-3645AEEF627C-LeaderElection12 ELECTION round 0: result PASSED (term=1)
2022-12-08 06:44:08,911 [815e52a5-3631-46fd-bf48-55d0032c8f04@group-3645AEEF627C-LeaderElection12] INFO  impl.RoleInfo (RoleInfo.java:shutdownLeaderElection(130)) - 815e52a5-3631-46fd-bf48-55d0032c8f04: shutdown 815e52a5-3631-46fd-bf48-55d0032c8f04@group-3645AEEF627C-LeaderElection12
2022-12-08 06:44:08,911 [815e52a5-3631-46fd-bf48-55d0032c8f04@group-3645AEEF627C-LeaderElection12] INFO  server.RaftServer$Division (RaftServerImpl.java:setRole(321)) - 815e52a5-3631-46fd-bf48-55d0032c8f04@group-3645AEEF627C: changes role from CANDIDATE to LEADER at term 1 for changeToLeader
2022-12-08 06:44:08,911 [815e52a5-3631-46fd-bf48-55d0032c8f04@group-3645AEEF627C-LeaderElection12] INFO  ratis.XceiverServerRatis (XceiverServerRatis.java:handleLeaderChangedNotification(863)) - Leader change notification received for group: group-3645AEEF627C with new leaderId: 815e52a5-3631-46fd-bf48-55d0032c8f04
2022-12-08 06:44:08,912 [815e52a5-3631-46fd-bf48-55d0032c8f04@group-3645AEEF627C-LeaderElection12] INFO  server.RaftServer$Division (ServerState.java:setLeader(313)) - 815e52a5-3631-46fd-bf48-55d0032c8f04@group-3645AEEF627C: change Leader from null to 815e52a5-3631-46fd-bf48-55d0032c8f04 at term 1 for becomeLeader, leader elected after 5211ms
2022-12-08 06:44:08,912 [815e52a5-3631-46fd-bf48-55d0032c8f04@group-3645AEEF627C-LeaderElection12] INFO  server.RaftServerConfigKeys (ConfUtils.java:logGet(46)) - raft.server.staging.catchup.gap = 1000 (default)
2022-12-08 06:44:08,912 [815e52a5-3631-46fd-bf48-55d0032c8f04@group-3645AEEF627C-LeaderElection12] INFO  server.RaftServerConfigKeys (ConfUtils.java:logGet(46)) - raft.server.write.element-limit = 1024 (custom)
2022-12-08 06:44:08,912 [815e52a5-3631-46fd-bf48-55d0032c8f04@group-3645AEEF627C-LeaderElection12] INFO  server.RaftServerConfigKeys (ConfUtils.java:logGet(46)) - raft.server.write.byte-limit = 1024 M (=1073741824) (custom)
2022-12-08 06:44:08,912 [815e52a5-3631-46fd-bf48-55d0032c8f04@group-3645AEEF627C-LeaderElection12] INFO  server.RaftServerConfigKeys (ConfUtils.java:logGet(46)) - raft.server.watch.timeout = 180s (custom)
2022-12-08 06:44:08,912 [815e52a5-3631-46fd-bf48-55d0032c8f04@group-3645AEEF627C-LeaderElection12] INFO  server.RaftServerConfigKeys (ConfUtils.java:logGet(46)) - raft.server.watch.timeout.denomination = 1s (default)
2022-12-08 06:44:08,912 [815e52a5-3631-46fd-bf48-55d0032c8f04@group-3645AEEF627C-LeaderElection12] INFO  server.RaftServerConfigKeys (ConfUtils.java:logGet(46)) - raft.server.watch.element-limit = 65536 (default)
2022-12-08 06:44:08,912 [815e52a5-3631-46fd-bf48-55d0032c8f04@group-3645AEEF627C-LeaderElection12] INFO  server.RaftServerConfigKeys (ConfUtils.java:logGet(46)) - raft.server.write.element-limit = 1024 (custom)
2022-12-08 06:44:08,912 [815e52a5-3631-46fd-bf48-55d0032c8f04@group-3645AEEF627C-LeaderElection12] INFO  server.RaftServerConfigKeys (ConfUtils.java:logGet(46)) - raft.server.write.follower.gap.ratio.max = -1.0 (default)
2022-12-08 06:44:08,912 [815e52a5-3631-46fd-bf48-55d0032c8f04@group-3645AEEF627C-LeaderElection12] INFO  impl.RoleInfo (RoleInfo.java:updateAndGet(139)) - 815e52a5-3631-46fd-bf48-55d0032c8f04: start 815e52a5-3631-46fd-bf48-55d0032c8f04@group-3645AEEF627C-LeaderStateImpl
2022-12-08 06:44:08,913 [815e52a5-3631-46fd-bf48-55d0032c8f04@group-3645AEEF627C-LeaderElection12] INFO  segmented.SegmentedRaftLogWorker (SegmentedRaftLogWorker.java:startLogSegment(452)) - 815e52a5-3631-46fd-bf48-55d0032c8f04@group-3645AEEF627C-SegmentedRaftLogWorker: Starting segment from index:0
2022-12-08 06:44:08,915 [EventQueue-CommandQueueReportForCommandQueueReportHandler] WARN  events.EventQueue (EventQueue.java:fireEvent(216)) - No event handler registered for event TypedEvent{payloadType=DatanodeDetails, name='Datanode_Command_Queue_Updated'}
2022-12-08 06:44:08,916 [815e52a5-3631-46fd-bf48-55d0032c8f04@group-3645AEEF627C-SegmentedRaftLogWorker] INFO  segmented.SegmentedRaftLogWorker (SegmentedRaftLogWorker.java:execute(656)) - 815e52a5-3631-46fd-bf48-55d0032c8f04@group-3645AEEF627C-SegmentedRaftLogWorker: created new log segment /home/runner/work/ozone/ozone/hadoop-ozone/integration-test/target/test-dir/MiniOzoneClusterImpl-ddb91292-9bed-4e17-ad85-89bc7eecbd5e/datanode-6/data/ratis/30b8ddd3-dafe-4741-9d34-3645aeef627c/current/log_inprogress_0
2022-12-08 06:44:08,927 [815e52a5-3631-46fd-bf48-55d0032c8f04@group-3645AEEF627C-LeaderElection12] INFO  server.RaftServer$Division (ServerState.java:setRaftConf(430)) - 815e52a5-3631-46fd-bf48-55d0032c8f04@group-3645AEEF627C: set configuration 0: peers:[815e52a5-3631-46fd-bf48-55d0032c8f04|rpc:10.1.0.31:38123|dataStream:|priority:1|startupRole:FOLLOWER]|listeners:[], old=null
]]></system-out>
  </testcase>
  <testcase name="testWriteWithExceedingMaxBufferLimit" classname="org.apache.hadoop.ozone.client.rpc.TestBlockOutputStreamFlushDelay" time="0.183">
    <system-out><![CDATA[2022-12-08 06:44:09,147 [EventQueue-CommandQueueReportForCommandQueueReportHandler] WARN  events.EventQueue (EventQueue.java:fireEvent(216)) - No event handler registered for event TypedEvent{payloadType=DatanodeDetails, name='Datanode_Command_Queue_Updated'}
]]></system-out>
  </testcase>
</testsuite>